<?xml version="1.0" encoding="UTF-8"?>
<testsuite xmlns:xsi="http://www.w3.org/2001/XMLSchema-instance" xsi:noNamespaceSchemaLocation="https://maven.apache.org/surefire/maven-surefire-plugin/xsd/surefire-test-report.xsd" name="org.apache.hadoop.ozone.TestMiniOzoneCluster" time="255.079" tests="5" errors="1" skipped="0" failures="0">
  <properties>
    <property name="awt.toolkit" value="sun.awt.X11.XToolkit"/>
    <property name="file.encoding.pkg" value="sun.io"/>
    <property name="java.specification.version" value="1.8"/>
    <property name="sun.cpu.isalist" value=""/>
    <property name="sun.jnu.encoding" value="UTF-8"/>
    <property name="java.class.path" value="/home/runner/work/ozone/ozone/hadoop-ozone/integration-test/target/test-classes:/home/runner/work/ozone/ozone/hadoop-ozone/integration-test/target/classes:/home/runner/.m2/repository/org/apache/ozone/ozone-common/1.3.0-SNAPSHOT/ozone-common-1.3.0-SNAPSHOT.jar:/home/runner/.m2/repository/org/apache/commons/commons-compress/1.21/commons-compress-1.21.jar:/home/runner/.m2/repository/org/apache/ozone/hdds-common/1.3.0-SNAPSHOT/hdds-common-1.3.0-SNAPSHOT.jar:/home/runner/.m2/repository/org/apache/ozone/hdds-client/1.3.0-SNAPSHOT/hdds-client-1.3.0-SNAPSHOT.jar:/home/runner/.m2/repository/org/apache/ozone/ozone-interface-client/1.3.0-SNAPSHOT/ozone-interface-client-1.3.0-SNAPSHOT.jar:/home/runner/.m2/repository/org/apache/ozone/hdds-test-utils/1.3.0-SNAPSHOT/hdds-test-utils-1.3.0-SNAPSHOT.jar:/home/runner/.m2/repository/com/google/guava/guava/30.1.1-jre/guava-30.1.1-jre.jar:/home/runner/.m2/repository/com/google/guava/failureaccess/1.0.1/failureaccess-1.0.1.jar:/home/runner/.m2/repository/com/google/guava/listenablefuture/9999.0-empty-to-avoid-conflict-with-guava/listenablefuture-9999.0-empty-to-avoid-conflict-with-guava.jar:/home/runner/.m2/repository/com/google/code/findbugs/jsr305/3.0.0/jsr305-3.0.0.jar:/home/runner/.m2/repository/org/checkerframework/checker-qual/3.8.0/checker-qual-3.8.0.jar:/home/runner/.m2/repository/com/google/errorprone/error_prone_annotations/2.2.0/error_prone_annotations-2.2.0.jar:/home/runner/.m2/repository/com/google/j2objc/j2objc-annotations/1.3/j2objc-annotations-1.3.jar:/home/runner/.m2/repository/commons-io/commons-io/2.11.0/commons-io-2.11.0.jar:/home/runner/.m2/repository/commons-logging/commons-logging/1.2/commons-logging-1.2.jar:/home/runner/.m2/repository/log4j/log4j/1.2.17/log4j-1.2.17.jar:/home/runner/.m2/repository/org/slf4j/slf4j-api/1.7.30/slf4j-api-1.7.30.jar:/home/runner/.m2/repository/org/apache/ozone/hdds-server-scm/1.3.0-SNAPSHOT/hdds-server-scm-1.3.0-SNAPSHOT.jar:/home/runner/.m2/repository/org/apache/ozone/hdds-container-service/1.3.0-SNAPSHOT/hdds-container-service-1.3.0-SNAPSHOT.jar:/home/runner/.m2/repository/org/apache/ozone/hdds-hadoop-dependency-server/1.3.0-SNAPSHOT/hdds-hadoop-dependency-server-1.3.0-SNAPSHOT.jar:/home/runner/.m2/repository/org/apache/hadoop/hadoop-hdfs/3.3.1/hadoop-hdfs-3.3.1.jar:/home/runner/.m2/repository/org/apache/ozone/hdds-server-framework/1.3.0-SNAPSHOT/hdds-server-framework-1.3.0-SNAPSHOT.jar:/home/runner/.m2/repository/org/apache/ozone/hdds-interface-server/1.3.0-SNAPSHOT/hdds-interface-server-1.3.0-SNAPSHOT.jar:/home/runner/.m2/repository/org/eclipse/jetty/jetty-servlet/9.4.43.v20210629/jetty-servlet-9.4.43.v20210629.jar:/home/runner/.m2/repository/org/eclipse/jetty/jetty-security/9.4.43.v20210629/jetty-security-9.4.43.v20210629.jar:/home/runner/.m2/repository/org/rocksdb/rocksdbjni/6.25.3/rocksdbjni-6.25.3.jar:/home/runner/.m2/repository/io/prometheus/simpleclient_dropwizard/0.7.0/simpleclient_dropwizard-0.7.0.jar:/home/runner/.m2/repository/io/prometheus/simpleclient/0.7.0/simpleclient-0.7.0.jar:/home/runner/.m2/repository/io/prometheus/simpleclient_common/0.7.0/simpleclient_common-0.7.0.jar:/home/runner/.m2/repository/com/fasterxml/jackson/datatype/jackson-datatype-jsr310/2.12.1/jackson-datatype-jsr310-2.12.1.jar:/home/runner/.m2/repository/io/dropwizard/metrics/metrics-core/3.2.4/metrics-core-3.2.4.jar:/home/runner/.m2/repository/org/apache/hadoop/hadoop-hdfs-client/3.3.1/hadoop-hdfs-client-3.3.1.jar:/home/runner/.m2/repository/org/bouncycastle/bcprov-jdk15on/1.67/bcprov-jdk15on-1.67.jar:/home/runner/.m2/repository/com/google/protobuf/protobuf-java/2.5.0/protobuf-java-2.5.0.jar:/home/runner/.m2/repository/org/apache/ozone/ozone-manager/1.3.0-SNAPSHOT/ozone-manager-1.3.0-SNAPSHOT.jar:/home/runner/.m2/repository/org/aspectj/aspectjrt/1.9.7/aspectjrt-1.9.7.jar:/home/runner/.m2/repository/org/aspectj/aspectjweaver/1.9.7/aspectjweaver-1.9.7.jar:/home/runner/.m2/repository/org/apache/ozone/hdds-interface-client/1.3.0-SNAPSHOT/hdds-interface-client-1.3.0-SNAPSHOT.jar:/home/runner/.m2/repository/org/apache/hadoop/thirdparty/hadoop-shaded-protobuf_3_7/1.1.1/hadoop-shaded-protobuf_3_7-1.1.1.jar:/home/runner/.m2/repository/org/apache/ozone/ozone-interface-storage/1.3.0-SNAPSHOT/ozone-interface-storage-1.3.0-SNAPSHOT.jar:/home/runner/.m2/repository/org/reflections/reflections/0.9.11/reflections-0.9.11.jar:/home/runner/.m2/repository/org/apache/hadoop/hadoop-minikdc/3.3.1/hadoop-minikdc-3.3.1.jar:/home/runner/.m2/repository/org/apache/kerby/kerb-simplekdc/1.0.1/kerb-simplekdc-1.0.1.jar:/home/runner/.m2/repository/org/apache/kerby/kerb-client/1.0.1/kerb-client-1.0.1.jar:/home/runner/.m2/repository/org/apache/kerby/kerby-config/1.0.1/kerby-config-1.0.1.jar:/home/runner/.m2/repository/org/apache/kerby/kerb-common/1.0.1/kerb-common-1.0.1.jar:/home/runner/.m2/repository/org/apache/kerby/kerb-crypto/1.0.1/kerb-crypto-1.0.1.jar:/home/runner/.m2/repository/org/apache/kerby/kerb-util/1.0.1/kerb-util-1.0.1.jar:/home/runner/.m2/repository/org/apache/kerby/token-provider/1.0.1/token-provider-1.0.1.jar:/home/runner/.m2/repository/org/apache/kerby/kerb-admin/1.0.1/kerb-admin-1.0.1.jar:/home/runner/.m2/repository/org/apache/kerby/kerb-server/1.0.1/kerb-server-1.0.1.jar:/home/runner/.m2/repository/org/apache/kerby/kerb-identity/1.0.1/kerb-identity-1.0.1.jar:/home/runner/.m2/repository/org/apache/kerby/kerby-xdr/1.0.1/kerby-xdr-1.0.1.jar:/home/runner/.m2/repository/org/slf4j/slf4j-log4j12/1.7.30/slf4j-log4j12-1.7.30.jar:/home/runner/.m2/repository/org/apache/ozone/ozone-s3gateway/1.3.0-SNAPSHOT/ozone-s3gateway-1.3.0-SNAPSHOT.jar:/home/runner/.m2/repository/org/javassist/javassist/3.21.0-GA/javassist-3.21.0-GA.jar:/home/runner/.m2/repository/org/jboss/weld/servlet/weld-servlet/2.4.7.Final/weld-servlet-2.4.7.Final.jar:/home/runner/.m2/repository/org/glassfish/jersey/containers/jersey-container-servlet-core/2.33/jersey-container-servlet-core-2.33.jar:/home/runner/.m2/repository/org/glassfish/hk2/external/jakarta.inject/2.6.1/jakarta.inject-2.6.1.jar:/home/runner/.m2/repository/org/glassfish/jersey/core/jersey-common/2.33/jersey-common-2.33.jar:/home/runner/.m2/repository/jakarta/ws/rs/jakarta.ws.rs-api/2.1.6/jakarta.ws.rs-api-2.1.6.jar:/home/runner/.m2/repository/org/glassfish/jersey/ext/cdi/jersey-cdi1x/2.33/jersey-cdi1x-2.33.jar:/home/runner/.m2/repository/org/glassfish/jersey/inject/jersey-hk2/2.33/jersey-hk2-2.33.jar:/home/runner/.m2/repository/org/glassfish/hk2/hk2-locator/2.6.1/hk2-locator-2.6.1.jar:/home/runner/.m2/repository/org/glassfish/jersey/media/jersey-media-jaxb/2.33/jersey-media-jaxb-2.33.jar:/home/runner/.m2/repository/org/glassfish/hk2/osgi-resource-locator/1.0.3/osgi-resource-locator-1.0.3.jar:/home/runner/.m2/repository/org/glassfish/hk2/hk2-api/2.5.0/hk2-api-2.5.0.jar:/home/runner/.m2/repository/org/glassfish/hk2/hk2-utils/2.5.0/hk2-utils-2.5.0.jar:/home/runner/.m2/repository/org/glassfish/hk2/external/aopalliance-repackaged/2.5.0/aopalliance-repackaged-2.5.0.jar:/home/runner/.m2/repository/com/fasterxml/jackson/dataformat/jackson-dataformat-xml/2.12.1/jackson-dataformat-xml-2.12.1.jar:/home/runner/.m2/repository/com/fasterxml/jackson/core/jackson-core/2.12.1/jackson-core-2.12.1.jar:/home/runner/.m2/repository/com/fasterxml/jackson/module/jackson-module-jaxb-annotations/2.12.1/jackson-module-jaxb-annotations-2.12.1.jar:/home/runner/.m2/repository/jakarta/xml/bind/jakarta.xml.bind-api/2.3.2/jakarta.xml.bind-api-2.3.2.jar:/home/runner/.m2/repository/org/codehaus/woodstox/stax2-api/3.1.4/stax2-api-3.1.4.jar:/home/runner/.m2/repository/com/fasterxml/woodstox/woodstox-core/5.0.3/woodstox-core-5.0.3.jar:/home/runner/.m2/repository/javax/enterprise/cdi-api/1.2/cdi-api-1.2.jar:/home/runner/.m2/repository/javax/el/javax.el-api/3.0.0/javax.el-api-3.0.0.jar:/home/runner/.m2/repository/javax/interceptor/javax.interceptor-api/1.2/javax.interceptor-api-1.2.jar:/home/runner/.m2/repository/javax/inject/javax.inject/1/javax.inject-1.jar:/home/runner/.m2/repository/javax/xml/bind/jaxb-api/2.3.0/jaxb-api-2.3.0.jar:/home/runner/.m2/repository/org/glassfish/jaxb/jaxb-runtime/2.3.0.1/jaxb-runtime-2.3.0.1.jar:/home/runner/.m2/repository/org/glassfish/jaxb/jaxb-core/2.3.0.1/jaxb-core-2.3.0.1.jar:/home/runner/.m2/repository/org/glassfish/jaxb/txw2/2.3.0.1/txw2-2.3.0.1.jar:/home/runner/.m2/repository/com/sun/istack/istack-commons-runtime/3.0.5/istack-commons-runtime-3.0.5.jar:/home/runner/.m2/repository/org/jvnet/staxex/stax-ex/1.7.8/stax-ex-1.7.8.jar:/home/runner/.m2/repository/com/sun/xml/fastinfoset/FastInfoset/1.2.13/FastInfoset-1.2.13.jar:/home/runner/.m2/repository/javax/activation/activation/1.1.1/activation-1.1.1.jar:/home/runner/.m2/repository/org/apache/ozone/ozone-csi/1.3.0-SNAPSHOT/ozone-csi-1.3.0-SNAPSHOT.jar:/home/runner/.m2/repository/com/google/protobuf/protobuf-java-util/3.12.0/protobuf-java-util-3.12.0.jar:/home/runner/.m2/repository/com/google/code/gson/gson/2.2.4/gson-2.2.4.jar:/home/runner/.m2/repository/org/apache/ozone/hdds-config/1.3.0-SNAPSHOT/hdds-config-1.3.0-SNAPSHOT.jar:/home/runner/.m2/repository/io/grpc/grpc-netty/1.33.0/grpc-netty-1.33.0.jar:/home/runner/.m2/repository/io/grpc/grpc-core/1.33.0/grpc-core-1.33.0.jar:/home/runner/.m2/repository/com/google/android/annotations/4.1.1.4/annotations-4.1.1.4.jar:/home/runner/.m2/repository/io/netty/netty-codec-http2/4.1.63.Final/netty-codec-http2-4.1.63.Final.jar:/home/runner/.m2/repository/io/netty/netty-codec-http/4.1.63.Final/netty-codec-http-4.1.63.Final.jar:/home/runner/.m2/repository/io/netty/netty-handler-proxy/4.1.63.Final/netty-handler-proxy-4.1.63.Final.jar:/home/runner/.m2/repository/io/netty/netty-codec-socks/4.1.63.Final/netty-codec-socks-4.1.63.Final.jar:/home/runner/.m2/repository/io/perfmark/perfmark-api/0.19.0/perfmark-api-0.19.0.jar:/home/runner/.m2/repository/org/codehaus/mojo/animal-sniffer-annotations/1.18/animal-sniffer-annotations-1.18.jar:/home/runner/.m2/repository/io/netty/netty-transport-native-epoll/4.1.63.Final/netty-transport-native-epoll-4.1.63.Final.jar:/home/runner/.m2/repository/io/netty/netty-common/4.1.63.Final/netty-common-4.1.63.Final.jar:/home/runner/.m2/repository/io/netty/netty-buffer/4.1.63.Final/netty-buffer-4.1.63.Final.jar:/home/runner/.m2/repository/io/netty/netty-transport-native-unix-common/4.1.63.Final/netty-transport-native-unix-common-4.1.63.Final.jar:/home/runner/.m2/repository/io/grpc/grpc-protobuf/1.33.0/grpc-protobuf-1.33.0.jar:/home/runner/.m2/repository/io/grpc/grpc-api/1.33.0/grpc-api-1.33.0.jar:/home/runner/.m2/repository/io/grpc/grpc-context/1.33.0/grpc-context-1.33.0.jar:/home/runner/.m2/repository/com/google/api/grpc/proto-google-common-protos/1.17.0/proto-google-common-protos-1.17.0.jar:/home/runner/.m2/repository/io/grpc/grpc-protobuf-lite/1.33.0/grpc-protobuf-lite-1.33.0.jar:/home/runner/.m2/repository/io/grpc/grpc-stub/1.33.0/grpc-stub-1.33.0.jar:/home/runner/.m2/repository/org/apache/ozone/ozone-recon/1.3.0-SNAPSHOT/ozone-recon-1.3.0-SNAPSHOT.jar:/home/runner/.m2/repository/org/apache/ozone/ozone-reconcodegen/1.3.0-SNAPSHOT/ozone-reconcodegen-1.3.0-SNAPSHOT.jar:/home/runner/.m2/repository/com/google/inject/extensions/guice-multibindings/4.0/guice-multibindings-4.0.jar:/home/runner/.m2/repository/com/google/inject/guice/4.0/guice-4.0.jar:/home/runner/.m2/repository/aopalliance/aopalliance/1.0/aopalliance-1.0.jar:/home/runner/.m2/repository/com/google/inject/extensions/guice-assistedinject/4.0/guice-assistedinject-4.0.jar:/home/runner/.m2/repository/com/google/inject/extensions/guice-servlet/4.0/guice-servlet-4.0.jar:/home/runner/.m2/repository/org/glassfish/jersey/containers/jersey-container-servlet/2.33/jersey-container-servlet-2.33.jar:/home/runner/.m2/repository/org/glassfish/hk2/guice-bridge/2.5.0/guice-bridge-2.5.0.jar:/home/runner/.m2/repository/org/glassfish/jersey/core/jersey-server/2.33/jersey-server-2.33.jar:/home/runner/.m2/repository/org/glassfish/jersey/core/jersey-client/2.33/jersey-client-2.33.jar:/home/runner/.m2/repository/jakarta/annotation/jakarta.annotation-api/1.3.5/jakarta.annotation-api-1.3.5.jar:/home/runner/.m2/repository/jakarta/validation/jakarta.validation-api/2.0.2/jakarta.validation-api-2.0.2.jar:/home/runner/.m2/repository/org/glassfish/jersey/media/jersey-media-json-jackson/2.33/jersey-media-json-jackson-2.33.jar:/home/runner/.m2/repository/org/glassfish/jersey/ext/jersey-entity-filtering/2.33/jersey-entity-filtering-2.33.jar:/home/runner/.m2/repository/org/jooq/jooq/3.11.10/jooq-3.11.10.jar:/home/runner/.m2/repository/org/jooq/jooq-meta/3.11.10/jooq-meta-3.11.10.jar:/home/runner/.m2/repository/org/jooq/jooq-codegen/3.11.10/jooq-codegen-3.11.10.jar:/home/runner/.m2/repository/com/jolbox/bonecp/0.8.0.RELEASE/bonecp-0.8.0.RELEASE.jar:/home/runner/.m2/repository/org/apache/derby/derby/10.14.2.0/derby-10.14.2.0.jar:/home/runner/.m2/repository/org/xerial/sqlite-jdbc/3.25.2/sqlite-jdbc-3.25.2.jar:/home/runner/.m2/repository/org/springframework/spring-jdbc/5.2.18.RELEASE/spring-jdbc-5.2.18.RELEASE.jar:/home/runner/.m2/repository/org/springframework/spring-beans/5.2.18.RELEASE/spring-beans-5.2.18.RELEASE.jar:/home/runner/.m2/repository/org/springframework/spring-core/5.2.18.RELEASE/spring-core-5.2.18.RELEASE.jar:/home/runner/.m2/repository/org/springframework/spring-jcl/5.2.18.RELEASE/spring-jcl-5.2.18.RELEASE.jar:/home/runner/.m2/repository/org/springframework/spring-tx/5.2.18.RELEASE/spring-tx-5.2.18.RELEASE.jar:/home/runner/.m2/repository/org/apache/ozone/ozone-client/1.3.0-SNAPSHOT/ozone-client-1.3.0-SNAPSHOT.jar:/home/runner/.m2/repository/org/apache/ozone/ozone-filesystem/1.3.0-SNAPSHOT/ozone-filesystem-1.3.0-SNAPSHOT.jar:/home/runner/.m2/repository/org/apache/ozone/ozone-filesystem-common/1.3.0-SNAPSHOT/ozone-filesystem-common-1.3.0-SNAPSHOT.jar:/home/runner/.m2/repository/org/apache/ozone/ozone-tools/1.3.0-SNAPSHOT/ozone-tools-1.3.0-SNAPSHOT.jar:/home/runner/.m2/repository/org/apache/ratis/ratis-tools/2.2.0/ratis-tools-2.2.0.jar:/home/runner/.m2/repository/com/amazonaws/aws-java-sdk-core/1.12.124/aws-java-sdk-core-1.12.124.jar:/home/runner/.m2/repository/org/apache/httpcomponents/httpclient/4.5.13/httpclient-4.5.13.jar:/home/runner/.m2/repository/org/apache/httpcomponents/httpcore/4.4.13/httpcore-4.4.13.jar:/home/runner/.m2/repository/software/amazon/ion/ion-java/1.0.2/ion-java-1.0.2.jar:/home/runner/.m2/repository/com/fasterxml/jackson/dataformat/jackson-dataformat-cbor/2.12.1/jackson-dataformat-cbor-2.12.1.jar:/home/runner/.m2/repository/joda-time/joda-time/2.8.1/joda-time-2.8.1.jar:/home/runner/.m2/repository/com/amazonaws/aws-java-sdk-s3/1.12.124/aws-java-sdk-s3-1.12.124.jar:/home/runner/.m2/repository/com/amazonaws/aws-java-sdk-kms/1.12.124/aws-java-sdk-kms-1.12.124.jar:/home/runner/.m2/repository/com/amazonaws/jmespath-java/1.12.124/jmespath-java-1.12.124.jar:/home/runner/.m2/repository/org/kohsuke/metainf-services/metainf-services/1.8/metainf-services-1.8.jar:/home/runner/.m2/repository/org/apache/ozone/hdds-tools/1.3.0-SNAPSHOT/hdds-tools-1.3.0-SNAPSHOT.jar:/home/runner/.m2/repository/commons-cli/commons-cli/1.2/commons-cli-1.2.jar:/home/runner/.m2/repository/org/apache/commons/commons-lang3/3.7/commons-lang3-3.7.jar:/home/runner/.m2/repository/org/apache/ozone/ozone-manager/1.3.0-SNAPSHOT/ozone-manager-1.3.0-SNAPSHOT-tests.jar:/home/runner/.m2/repository/org/apache/ozone/hdds-common/1.3.0-SNAPSHOT/hdds-common-1.3.0-SNAPSHOT-tests.jar:/home/runner/.m2/repository/org/apache/ozone/hdds-hadoop-dependency-client/1.3.0-SNAPSHOT/hdds-hadoop-dependency-client-1.3.0-SNAPSHOT.jar:/home/runner/.m2/repository/info/picocli/picocli/4.6.1/picocli-4.6.1.jar:/home/runner/.m2/repository/com/fasterxml/jackson/core/jackson-annotations/2.12.1/jackson-annotations-2.12.1.jar:/home/runner/.m2/repository/javax/annotation/javax.annotation-api/1.2/javax.annotation-api-1.2.jar:/home/runner/.m2/repository/org/apache/ratis/ratis-server/2.2.0/ratis-server-2.2.0.jar:/home/runner/.m2/repository/org/apache/ratis/ratis-client/2.2.0/ratis-client-2.2.0.jar:/home/runner/.m2/repository/org/apache/ratis/ratis-server-api/2.2.0/ratis-server-api-2.2.0.jar:/home/runner/.m2/repository/org/apache/ratis/ratis-metrics/2.2.0/ratis-metrics-2.2.0.jar:/home/runner/.m2/repository/org/apache/ratis/ratis-netty/2.2.0/ratis-netty-2.2.0.jar:/home/runner/.m2/repository/org/apache/ratis/ratis-grpc/2.2.0/ratis-grpc-2.2.0.jar:/home/runner/.m2/repository/org/apache/logging/log4j/log4j-api/2.13.3/log4j-api-2.13.3.jar:/home/runner/.m2/repository/org/apache/logging/log4j/log4j-core/2.13.3/log4j-core-2.13.3.jar:/home/runner/.m2/repository/com/lmax/disruptor/3.4.2/disruptor-3.4.2.jar:/home/runner/.m2/repository/org/apache/commons/commons-pool2/2.6.0/commons-pool2-2.6.0.jar:/home/runner/.m2/repository/org/bouncycastle/bcpkix-jdk15on/1.67/bcpkix-jdk15on-1.67.jar:/home/runner/.m2/repository/commons-validator/commons-validator/1.6/commons-validator-1.6.jar:/home/runner/.m2/repository/commons-beanutils/commons-beanutils/1.9.4/commons-beanutils-1.9.4.jar:/home/runner/.m2/repository/commons-digester/commons-digester/1.8.1/commons-digester-1.8.1.jar:/home/runner/.m2/repository/commons-collections/commons-collections/3.2.2/commons-collections-3.2.2.jar:/home/runner/.m2/repository/io/jaegertracing/jaeger-client/1.6.0/jaeger-client-1.6.0.jar:/home/runner/.m2/repository/io/jaegertracing/jaeger-thrift/1.6.0/jaeger-thrift-1.6.0.jar:/home/runner/.m2/repository/org/apache/thrift/libthrift/0.14.1/libthrift-0.14.1.jar:/home/runner/.m2/repository/com/squareup/okhttp3/okhttp/4.9.0/okhttp-4.9.0.jar:/home/runner/.m2/repository/com/squareup/okio/okio/2.8.0/okio-2.8.0.jar:/home/runner/.m2/repository/io/jaegertracing/jaeger-core/1.6.0/jaeger-core-1.6.0.jar:/home/runner/.m2/repository/io/jaegertracing/jaeger-tracerresolver/1.6.0/jaeger-tracerresolver-1.6.0.jar:/home/runner/.m2/repository/io/opentracing/contrib/opentracing-tracerresolver/0.1.8/opentracing-tracerresolver-0.1.8.jar:/home/runner/.m2/repository/org/jetbrains/kotlin/kotlin-stdlib/1.4.31/kotlin-stdlib-1.4.31.jar:/home/runner/.m2/repository/org/jetbrains/kotlin/kotlin-stdlib-common/1.4.31/kotlin-stdlib-common-1.4.31.jar:/home/runner/.m2/repository/org/jetbrains/annotations/13.0/annotations-13.0.jar:/home/runner/.m2/repository/io/opentracing/opentracing-util/0.33.0/opentracing-util-0.33.0.jar:/home/runner/.m2/repository/io/opentracing/opentracing-api/0.33.0/opentracing-api-0.33.0.jar:/home/runner/.m2/repository/io/opentracing/opentracing-noop/0.33.0/opentracing-noop-0.33.0.jar:/home/runner/.m2/repository/org/yaml/snakeyaml/1.26/snakeyaml-1.26.jar:/home/runner/.m2/repository/org/apache/ozone/hdds-interface-admin/1.3.0-SNAPSHOT/hdds-interface-admin-1.3.0-SNAPSHOT.jar:/home/runner/.m2/repository/junit/junit/4.13.1/junit-4.13.1.jar:/home/runner/.m2/repository/org/hamcrest/hamcrest-core/1.3/hamcrest-core-1.3.jar:/home/runner/.m2/repository/org/junit/jupiter/junit-jupiter-api/5.7.0/junit-jupiter-api-5.7.0.jar:/home/runner/.m2/repository/org/apiguardian/apiguardian-api/1.1.0/apiguardian-api-1.1.0.jar:/home/runner/.m2/repository/org/opentest4j/opentest4j/1.2.0/opentest4j-1.2.0.jar:/home/runner/.m2/repository/org/junit/platform/junit-platform-commons/1.7.0/junit-platform-commons-1.7.0.jar:/home/runner/.m2/repository/org/junit/jupiter/junit-jupiter-engine/5.7.0/junit-jupiter-engine-5.7.0.jar:/home/runner/.m2/repository/org/junit/platform/junit-platform-engine/1.7.0/junit-platform-engine-1.7.0.jar:/home/runner/.m2/repository/org/junit/vintage/junit-vintage-engine/5.7.0/junit-vintage-engine-5.7.0.jar:/home/runner/.m2/repository/org/junit/platform/junit-platform-launcher/1.7.0/junit-platform-launcher-1.7.0.jar:/home/runner/.m2/repository/org/openjdk/jmh/jmh-core/1.19/jmh-core-1.19.jar:/home/runner/.m2/repository/net/sf/jopt-simple/jopt-simple/4.6/jopt-simple-4.6.jar:/home/runner/.m2/repository/org/apache/commons/commons-math3/3.1.1/commons-math3-3.1.1.jar:/home/runner/.m2/repository/org/openjdk/jmh/jmh-generator-annprocess/1.19/jmh-generator-annprocess-1.19.jar:/home/runner/.m2/repository/org/mockito/mockito-core/2.28.2/mockito-core-2.28.2.jar:/home/runner/.m2/repository/net/bytebuddy/byte-buddy/1.9.10/byte-buddy-1.9.10.jar:/home/runner/.m2/repository/net/bytebuddy/byte-buddy-agent/1.9.10/byte-buddy-agent-1.9.10.jar:/home/runner/.m2/repository/org/objenesis/objenesis/1.0/objenesis-1.0.jar:/home/runner/.m2/repository/org/apache/hadoop/hadoop-kms/3.3.1/hadoop-kms-3.3.1.jar:/home/runner/.m2/repository/org/apache/hadoop/hadoop-auth/3.3.1/hadoop-auth-3.3.1.jar:/home/runner/.m2/repository/com/nimbusds/nimbus-jose-jwt/7.9/nimbus-jose-jwt-7.9.jar:/home/runner/.m2/repository/com/github/stephenc/jcip/jcip-annotations/1.0-1/jcip-annotations-1.0-1.jar:/home/runner/.m2/repository/net/minidev/json-smart/2.3.1/json-smart-2.3.1.jar:/home/runner/.m2/repository/net/minidev/accessors-smart/2.3.1/accessors-smart-2.3.1.jar:/home/runner/.m2/repository/org/ow2/asm/asm/5.0.4/asm-5.0.4.jar:/home/runner/.m2/repository/org/apache/zookeeper/zookeeper/3.5.6/zookeeper-3.5.6.jar:/home/runner/.m2/repository/org/apache/zookeeper/zookeeper-jute/3.5.6/zookeeper-jute-3.5.6.jar:/home/runner/.m2/repository/org/apache/yetus/audience-annotations/0.5.0/audience-annotations-0.5.0.jar:/home/runner/.m2/repository/org/apache/curator/curator-framework/4.2.0/curator-framework-4.2.0.jar:/home/runner/.m2/repository/org/apache/hadoop/thirdparty/hadoop-shaded-guava/1.1.1/hadoop-shaded-guava-1.1.1.jar:/home/runner/.m2/repository/com/sun/jersey/jersey-core/1.19/jersey-core-1.19.jar:/home/runner/.m2/repository/javax/ws/rs/jsr311-api/1.1.1/jsr311-api-1.1.1.jar:/home/runner/.m2/repository/com/sun/jersey/jersey-server/1.19/jersey-server-1.19.jar:/home/runner/.m2/repository/javax/servlet/javax.servlet-api/3.1.0/javax.servlet-api-3.1.0.jar:/home/runner/.m2/repository/org/eclipse/jetty/jetty-server/9.4.43.v20210629/jetty-server-9.4.43.v20210629.jar:/home/runner/.m2/repository/org/eclipse/jetty/jetty-http/9.4.43.v20210629/jetty-http-9.4.43.v20210629.jar:/home/runner/.m2/repository/org/eclipse/jetty/jetty-io/9.4.43.v20210629/jetty-io-9.4.43.v20210629.jar:/home/runner/.m2/repository/org/eclipse/jetty/jetty-webapp/9.4.43.v20210629/jetty-webapp-9.4.43.v20210629.jar:/home/runner/.m2/repository/org/eclipse/jetty/jetty-xml/9.4.43.v20210629/jetty-xml-9.4.43.v20210629.jar:/home/runner/.m2/repository/org/apache/hadoop/hadoop-common/3.3.1/hadoop-common-3.3.1.jar:/home/runner/.m2/repository/commons-net/commons-net/3.6/commons-net-3.6.jar:/home/runner/.m2/repository/jakarta/activation/jakarta.activation-api/1.2.1/jakarta.activation-api-1.2.1.jar:/home/runner/.m2/repository/com/sun/jersey/jersey-servlet/1.19/jersey-servlet-1.19.jar:/home/runner/.m2/repository/com/sun/jersey/jersey-json/1.19/jersey-json-1.19.jar:/home/runner/.m2/repository/org/codehaus/jettison/jettison/1.1/jettison-1.1.jar:/home/runner/.m2/repository/com/sun/xml/bind/jaxb-impl/2.2.3-1/jaxb-impl-2.2.3-1.jar:/home/runner/.m2/repository/org/codehaus/jackson/jackson-jaxrs/1.9.2/jackson-jaxrs-1.9.2.jar:/home/runner/.m2/repository/org/codehaus/jackson/jackson-xc/1.9.2/jackson-xc-1.9.2.jar:/home/runner/.m2/repository/org/apache/commons/commons-configuration2/2.1.1/commons-configuration2-2.1.1.jar:/home/runner/.m2/repository/org/apache/commons/commons-text/1.4/commons-text-1.4.jar:/home/runner/.m2/repository/com/google/re2j/re2j/1.1/re2j-1.1.jar:/home/runner/.m2/repository/com/jcraft/jsch/0.1.54/jsch-0.1.54.jar:/home/runner/.m2/repository/org/apache/curator/curator-client/4.2.0/curator-client-4.2.0.jar:/home/runner/.m2/repository/org/apache/curator/curator-recipes/4.2.0/curator-recipes-4.2.0.jar:/home/runner/.m2/repository/org/apache/kerby/kerb-core/1.0.1/kerb-core-1.0.1.jar:/home/runner/.m2/repository/org/apache/kerby/kerby-pkix/1.0.1/kerby-pkix-1.0.1.jar:/home/runner/.m2/repository/org/apache/kerby/kerby-asn1/1.0.1/kerby-asn1-1.0.1.jar:/home/runner/.m2/repository/org/apache/kerby/kerby-util/1.0.1/kerby-util-1.0.1.jar:/home/runner/.m2/repository/dnsjava/dnsjava/2.1.7/dnsjava-2.1.7.jar:/home/runner/.m2/repository/org/xerial/snappy/snappy-java/1.1.8.2/snappy-java-1.1.8.2.jar:/home/runner/.m2/repository/org/slf4j/jul-to-slf4j/1.7.30/jul-to-slf4j-1.7.30.jar:/home/runner/.m2/repository/org/eclipse/jetty/jetty-util/9.4.43.v20210629/jetty-util-9.4.43.v20210629.jar:/home/runner/.m2/repository/com/fasterxml/jackson/core/jackson-databind/2.12.1/jackson-databind-2.12.1.jar:/home/runner/.m2/repository/org/apache/hadoop/hadoop-kms/3.3.1/hadoop-kms-3.3.1-tests.jar:/home/runner/.m2/repository/org/apache/ozone/hdds-server-scm/1.3.0-SNAPSHOT/hdds-server-scm-1.3.0-SNAPSHOT-tests.jar:/home/runner/.m2/repository/org/apache/ozone/hdds-container-service/1.3.0-SNAPSHOT/hdds-container-service-1.3.0-SNAPSHOT-tests.jar:/home/runner/.m2/repository/commons-codec/commons-codec/1.11/commons-codec-1.11.jar:/home/runner/.m2/repository/io/netty/netty-transport/4.1.63.Final/netty-transport-4.1.63.Final.jar:/home/runner/.m2/repository/io/netty/netty-resolver/4.1.63.Final/netty-resolver-4.1.63.Final.jar:/home/runner/.m2/repository/io/netty/netty-codec/4.1.63.Final/netty-codec-4.1.63.Final.jar:/home/runner/.m2/repository/io/netty/netty-handler/4.1.63.Final/netty-handler-4.1.63.Final.jar:/home/runner/.m2/repository/org/apache/ozone/hdds-hadoop-dependency-test/1.3.0-SNAPSHOT/hdds-hadoop-dependency-test-1.3.0-SNAPSHOT.jar:/home/runner/.m2/repository/org/apache/hadoop/hadoop-common/3.3.1/hadoop-common-3.3.1-tests.jar:/home/runner/.m2/repository/org/assertj/assertj-core/3.12.2/assertj-core-3.12.2.jar:/home/runner/.m2/repository/org/apache/hadoop/hadoop-hdfs/3.3.1/hadoop-hdfs-3.3.1-tests.jar:/home/runner/.m2/repository/org/eclipse/jetty/jetty-util-ajax/9.4.43.v20210629/jetty-util-ajax-9.4.43.v20210629.jar:/home/runner/.m2/repository/commons-daemon/commons-daemon/1.0.13/commons-daemon-1.0.13.jar:/home/runner/.m2/repository/io/netty/netty/3.10.6.Final/netty-3.10.6.Final.jar:/home/runner/.m2/repository/io/netty/netty-all/4.1.63.Final/netty-all-4.1.63.Final.jar:/home/runner/.m2/repository/org/apache/htrace/htrace-core4/4.1.0-incubating/htrace-core4-4.1.0-incubating.jar:/home/runner/.m2/repository/org/fusesource/leveldbjni/leveldbjni-all/1.8/leveldbjni-all-1.8.jar:/home/runner/.m2/repository/org/apache/hadoop/hadoop-distcp/3.3.1/hadoop-distcp-3.3.1.jar:/home/runner/.m2/repository/org/apache/hadoop/hadoop-mapreduce-client-jobclient/3.3.1/hadoop-mapreduce-client-jobclient-3.3.1.jar:/home/runner/.m2/repository/org/apache/hadoop/hadoop-mapreduce-client-common/3.3.1/hadoop-mapreduce-client-common-3.3.1.jar:/home/runner/.m2/repository/org/apache/hadoop/hadoop-yarn-common/3.3.1/hadoop-yarn-common-3.3.1.jar:/home/runner/.m2/repository/org/apache/hadoop/hadoop-yarn-api/3.3.1/hadoop-yarn-api-3.3.1.jar:/home/runner/.m2/repository/com/sun/jersey/jersey-client/1.19/jersey-client-1.19.jar:/home/runner/.m2/repository/com/sun/jersey/contribs/jersey-guice/1.19/jersey-guice-1.19.jar:/home/runner/.m2/repository/com/fasterxml/jackson/jaxrs/jackson-jaxrs-json-provider/2.12.1/jackson-jaxrs-json-provider-2.12.1.jar:/home/runner/.m2/repository/com/fasterxml/jackson/jaxrs/jackson-jaxrs-base/2.12.1/jackson-jaxrs-base-2.12.1.jar:/home/runner/.m2/repository/org/apache/hadoop/hadoop-yarn-client/3.3.1/hadoop-yarn-client-3.3.1.jar:/home/runner/.m2/repository/org/eclipse/jetty/websocket/websocket-client/9.4.40.v20210413/websocket-client-9.4.40.v20210413.jar:/home/runner/.m2/repository/org/eclipse/jetty/jetty-client/9.4.40.v20210413/jetty-client-9.4.40.v20210413.jar:/home/runner/.m2/repository/org/eclipse/jetty/websocket/websocket-common/9.4.40.v20210413/websocket-common-9.4.40.v20210413.jar:/home/runner/.m2/repository/org/eclipse/jetty/websocket/websocket-api/9.4.40.v20210413/websocket-api-9.4.40.v20210413.jar:/home/runner/.m2/repository/org/jline/jline/3.9.0/jline-3.9.0.jar:/home/runner/.m2/repository/org/apache/hadoop/hadoop-mapreduce-client-core/3.3.1/hadoop-mapreduce-client-core-3.3.1.jar:/home/runner/.m2/repository/org/apache/avro/avro/1.7.7/avro-1.7.7.jar:/home/runner/.m2/repository/org/codehaus/jackson/jackson-core-asl/1.9.13/jackson-core-asl-1.9.13.jar:/home/runner/.m2/repository/org/codehaus/jackson/jackson-mapper-asl/1.9.13/jackson-mapper-asl-1.9.13.jar:/home/runner/.m2/repository/com/thoughtworks/paranamer/paranamer/2.3/paranamer-2.3.jar:/home/runner/.m2/repository/org/apache/hadoop/hadoop-annotations/3.3.1/hadoop-annotations-3.3.1.jar:/usr/lib/jvm/adoptopenjdk-8-hotspot-amd64/jre/../lib/tools.jar:/home/runner/.m2/repository/org/apache/hadoop/hadoop-distcp/3.3.1/hadoop-distcp-3.3.1-tests.jar:/home/runner/.m2/repository/org/apache/ratis/ratis-common/2.2.0/ratis-common-2.2.0.jar:/home/runner/.m2/repository/org/apache/ratis/ratis-thirdparty-misc/0.7.0/ratis-thirdparty-misc-0.7.0.jar:/home/runner/.m2/repository/org/apache/ratis/ratis-proto/2.2.0/ratis-proto-2.2.0.jar:"/>
    <property name="java.vm.vendor" value="AdoptOpenJDK"/>
    <property name="sun.arch.data.model" value="64"/>
    <property name="test.build.dir" value="/home/runner/work/ozone/ozone/hadoop-ozone/integration-test/target/test-dir"/>
    <property name="test.cache.data" value=""/>
    <property name="java.vendor.url" value="https://adoptopenjdk.net/"/>
    <property name="user.timezone" value=""/>
    <property name="java.vm.specification.version" value="1.8"/>
    <property name="os.name" value="Linux"/>
    <property name="test.build.data" value="/home/runner/work/ozone/ozone/hadoop-ozone/integration-test/target/test-dir"/>
    <property name="sun.java.launcher" value="SUN_STANDARD"/>
    <property name="sun.boot.library.path" value="/usr/lib/jvm/adoptopenjdk-8-hotspot-amd64/jre/lib/amd64"/>
    <property name="sun.java.command" value="/home/runner/work/ozone/ozone/hadoop-ozone/integration-test/target/surefire/surefirebooter6004615064381817317.jar /home/runner/work/ozone/ozone/hadoop-ozone/integration-test/target/surefire 2021-12-07T06-57-16_317-jvmRun1 surefire7947735588543518158tmp surefire_653290234247500261593tmp"/>
    <property name="surefire.test.class.path" value="/home/runner/work/ozone/ozone/hadoop-ozone/integration-test/target/test-classes:/home/runner/work/ozone/ozone/hadoop-ozone/integration-test/target/classes:/home/runner/.m2/repository/org/apache/ozone/ozone-common/1.3.0-SNAPSHOT/ozone-common-1.3.0-SNAPSHOT.jar:/home/runner/.m2/repository/org/apache/commons/commons-compress/1.21/commons-compress-1.21.jar:/home/runner/.m2/repository/org/apache/ozone/hdds-common/1.3.0-SNAPSHOT/hdds-common-1.3.0-SNAPSHOT.jar:/home/runner/.m2/repository/org/apache/ozone/hdds-client/1.3.0-SNAPSHOT/hdds-client-1.3.0-SNAPSHOT.jar:/home/runner/.m2/repository/org/apache/ozone/ozone-interface-client/1.3.0-SNAPSHOT/ozone-interface-client-1.3.0-SNAPSHOT.jar:/home/runner/.m2/repository/org/apache/ozone/hdds-test-utils/1.3.0-SNAPSHOT/hdds-test-utils-1.3.0-SNAPSHOT.jar:/home/runner/.m2/repository/com/google/guava/guava/30.1.1-jre/guava-30.1.1-jre.jar:/home/runner/.m2/repository/com/google/guava/failureaccess/1.0.1/failureaccess-1.0.1.jar:/home/runner/.m2/repository/com/google/guava/listenablefuture/9999.0-empty-to-avoid-conflict-with-guava/listenablefuture-9999.0-empty-to-avoid-conflict-with-guava.jar:/home/runner/.m2/repository/com/google/code/findbugs/jsr305/3.0.0/jsr305-3.0.0.jar:/home/runner/.m2/repository/org/checkerframework/checker-qual/3.8.0/checker-qual-3.8.0.jar:/home/runner/.m2/repository/com/google/errorprone/error_prone_annotations/2.2.0/error_prone_annotations-2.2.0.jar:/home/runner/.m2/repository/com/google/j2objc/j2objc-annotations/1.3/j2objc-annotations-1.3.jar:/home/runner/.m2/repository/commons-io/commons-io/2.11.0/commons-io-2.11.0.jar:/home/runner/.m2/repository/commons-logging/commons-logging/1.2/commons-logging-1.2.jar:/home/runner/.m2/repository/log4j/log4j/1.2.17/log4j-1.2.17.jar:/home/runner/.m2/repository/org/slf4j/slf4j-api/1.7.30/slf4j-api-1.7.30.jar:/home/runner/.m2/repository/org/apache/ozone/hdds-server-scm/1.3.0-SNAPSHOT/hdds-server-scm-1.3.0-SNAPSHOT.jar:/home/runner/.m2/repository/org/apache/ozone/hdds-container-service/1.3.0-SNAPSHOT/hdds-container-service-1.3.0-SNAPSHOT.jar:/home/runner/.m2/repository/org/apache/ozone/hdds-hadoop-dependency-server/1.3.0-SNAPSHOT/hdds-hadoop-dependency-server-1.3.0-SNAPSHOT.jar:/home/runner/.m2/repository/org/apache/hadoop/hadoop-hdfs/3.3.1/hadoop-hdfs-3.3.1.jar:/home/runner/.m2/repository/org/apache/ozone/hdds-server-framework/1.3.0-SNAPSHOT/hdds-server-framework-1.3.0-SNAPSHOT.jar:/home/runner/.m2/repository/org/apache/ozone/hdds-interface-server/1.3.0-SNAPSHOT/hdds-interface-server-1.3.0-SNAPSHOT.jar:/home/runner/.m2/repository/org/eclipse/jetty/jetty-servlet/9.4.43.v20210629/jetty-servlet-9.4.43.v20210629.jar:/home/runner/.m2/repository/org/eclipse/jetty/jetty-security/9.4.43.v20210629/jetty-security-9.4.43.v20210629.jar:/home/runner/.m2/repository/org/rocksdb/rocksdbjni/6.25.3/rocksdbjni-6.25.3.jar:/home/runner/.m2/repository/io/prometheus/simpleclient_dropwizard/0.7.0/simpleclient_dropwizard-0.7.0.jar:/home/runner/.m2/repository/io/prometheus/simpleclient/0.7.0/simpleclient-0.7.0.jar:/home/runner/.m2/repository/io/prometheus/simpleclient_common/0.7.0/simpleclient_common-0.7.0.jar:/home/runner/.m2/repository/com/fasterxml/jackson/datatype/jackson-datatype-jsr310/2.12.1/jackson-datatype-jsr310-2.12.1.jar:/home/runner/.m2/repository/io/dropwizard/metrics/metrics-core/3.2.4/metrics-core-3.2.4.jar:/home/runner/.m2/repository/org/apache/hadoop/hadoop-hdfs-client/3.3.1/hadoop-hdfs-client-3.3.1.jar:/home/runner/.m2/repository/org/bouncycastle/bcprov-jdk15on/1.67/bcprov-jdk15on-1.67.jar:/home/runner/.m2/repository/com/google/protobuf/protobuf-java/2.5.0/protobuf-java-2.5.0.jar:/home/runner/.m2/repository/org/apache/ozone/ozone-manager/1.3.0-SNAPSHOT/ozone-manager-1.3.0-SNAPSHOT.jar:/home/runner/.m2/repository/org/aspectj/aspectjrt/1.9.7/aspectjrt-1.9.7.jar:/home/runner/.m2/repository/org/aspectj/aspectjweaver/1.9.7/aspectjweaver-1.9.7.jar:/home/runner/.m2/repository/org/apache/ozone/hdds-interface-client/1.3.0-SNAPSHOT/hdds-interface-client-1.3.0-SNAPSHOT.jar:/home/runner/.m2/repository/org/apache/hadoop/thirdparty/hadoop-shaded-protobuf_3_7/1.1.1/hadoop-shaded-protobuf_3_7-1.1.1.jar:/home/runner/.m2/repository/org/apache/ozone/ozone-interface-storage/1.3.0-SNAPSHOT/ozone-interface-storage-1.3.0-SNAPSHOT.jar:/home/runner/.m2/repository/org/reflections/reflections/0.9.11/reflections-0.9.11.jar:/home/runner/.m2/repository/org/apache/hadoop/hadoop-minikdc/3.3.1/hadoop-minikdc-3.3.1.jar:/home/runner/.m2/repository/org/apache/kerby/kerb-simplekdc/1.0.1/kerb-simplekdc-1.0.1.jar:/home/runner/.m2/repository/org/apache/kerby/kerb-client/1.0.1/kerb-client-1.0.1.jar:/home/runner/.m2/repository/org/apache/kerby/kerby-config/1.0.1/kerby-config-1.0.1.jar:/home/runner/.m2/repository/org/apache/kerby/kerb-common/1.0.1/kerb-common-1.0.1.jar:/home/runner/.m2/repository/org/apache/kerby/kerb-crypto/1.0.1/kerb-crypto-1.0.1.jar:/home/runner/.m2/repository/org/apache/kerby/kerb-util/1.0.1/kerb-util-1.0.1.jar:/home/runner/.m2/repository/org/apache/kerby/token-provider/1.0.1/token-provider-1.0.1.jar:/home/runner/.m2/repository/org/apache/kerby/kerb-admin/1.0.1/kerb-admin-1.0.1.jar:/home/runner/.m2/repository/org/apache/kerby/kerb-server/1.0.1/kerb-server-1.0.1.jar:/home/runner/.m2/repository/org/apache/kerby/kerb-identity/1.0.1/kerb-identity-1.0.1.jar:/home/runner/.m2/repository/org/apache/kerby/kerby-xdr/1.0.1/kerby-xdr-1.0.1.jar:/home/runner/.m2/repository/org/slf4j/slf4j-log4j12/1.7.30/slf4j-log4j12-1.7.30.jar:/home/runner/.m2/repository/org/apache/ozone/ozone-s3gateway/1.3.0-SNAPSHOT/ozone-s3gateway-1.3.0-SNAPSHOT.jar:/home/runner/.m2/repository/org/javassist/javassist/3.21.0-GA/javassist-3.21.0-GA.jar:/home/runner/.m2/repository/org/jboss/weld/servlet/weld-servlet/2.4.7.Final/weld-servlet-2.4.7.Final.jar:/home/runner/.m2/repository/org/glassfish/jersey/containers/jersey-container-servlet-core/2.33/jersey-container-servlet-core-2.33.jar:/home/runner/.m2/repository/org/glassfish/hk2/external/jakarta.inject/2.6.1/jakarta.inject-2.6.1.jar:/home/runner/.m2/repository/org/glassfish/jersey/core/jersey-common/2.33/jersey-common-2.33.jar:/home/runner/.m2/repository/jakarta/ws/rs/jakarta.ws.rs-api/2.1.6/jakarta.ws.rs-api-2.1.6.jar:/home/runner/.m2/repository/org/glassfish/jersey/ext/cdi/jersey-cdi1x/2.33/jersey-cdi1x-2.33.jar:/home/runner/.m2/repository/org/glassfish/jersey/inject/jersey-hk2/2.33/jersey-hk2-2.33.jar:/home/runner/.m2/repository/org/glassfish/hk2/hk2-locator/2.6.1/hk2-locator-2.6.1.jar:/home/runner/.m2/repository/org/glassfish/jersey/media/jersey-media-jaxb/2.33/jersey-media-jaxb-2.33.jar:/home/runner/.m2/repository/org/glassfish/hk2/osgi-resource-locator/1.0.3/osgi-resource-locator-1.0.3.jar:/home/runner/.m2/repository/org/glassfish/hk2/hk2-api/2.5.0/hk2-api-2.5.0.jar:/home/runner/.m2/repository/org/glassfish/hk2/hk2-utils/2.5.0/hk2-utils-2.5.0.jar:/home/runner/.m2/repository/org/glassfish/hk2/external/aopalliance-repackaged/2.5.0/aopalliance-repackaged-2.5.0.jar:/home/runner/.m2/repository/com/fasterxml/jackson/dataformat/jackson-dataformat-xml/2.12.1/jackson-dataformat-xml-2.12.1.jar:/home/runner/.m2/repository/com/fasterxml/jackson/core/jackson-core/2.12.1/jackson-core-2.12.1.jar:/home/runner/.m2/repository/com/fasterxml/jackson/module/jackson-module-jaxb-annotations/2.12.1/jackson-module-jaxb-annotations-2.12.1.jar:/home/runner/.m2/repository/jakarta/xml/bind/jakarta.xml.bind-api/2.3.2/jakarta.xml.bind-api-2.3.2.jar:/home/runner/.m2/repository/org/codehaus/woodstox/stax2-api/3.1.4/stax2-api-3.1.4.jar:/home/runner/.m2/repository/com/fasterxml/woodstox/woodstox-core/5.0.3/woodstox-core-5.0.3.jar:/home/runner/.m2/repository/javax/enterprise/cdi-api/1.2/cdi-api-1.2.jar:/home/runner/.m2/repository/javax/el/javax.el-api/3.0.0/javax.el-api-3.0.0.jar:/home/runner/.m2/repository/javax/interceptor/javax.interceptor-api/1.2/javax.interceptor-api-1.2.jar:/home/runner/.m2/repository/javax/inject/javax.inject/1/javax.inject-1.jar:/home/runner/.m2/repository/javax/xml/bind/jaxb-api/2.3.0/jaxb-api-2.3.0.jar:/home/runner/.m2/repository/org/glassfish/jaxb/jaxb-runtime/2.3.0.1/jaxb-runtime-2.3.0.1.jar:/home/runner/.m2/repository/org/glassfish/jaxb/jaxb-core/2.3.0.1/jaxb-core-2.3.0.1.jar:/home/runner/.m2/repository/org/glassfish/jaxb/txw2/2.3.0.1/txw2-2.3.0.1.jar:/home/runner/.m2/repository/com/sun/istack/istack-commons-runtime/3.0.5/istack-commons-runtime-3.0.5.jar:/home/runner/.m2/repository/org/jvnet/staxex/stax-ex/1.7.8/stax-ex-1.7.8.jar:/home/runner/.m2/repository/com/sun/xml/fastinfoset/FastInfoset/1.2.13/FastInfoset-1.2.13.jar:/home/runner/.m2/repository/javax/activation/activation/1.1.1/activation-1.1.1.jar:/home/runner/.m2/repository/org/apache/ozone/ozone-csi/1.3.0-SNAPSHOT/ozone-csi-1.3.0-SNAPSHOT.jar:/home/runner/.m2/repository/com/google/protobuf/protobuf-java-util/3.12.0/protobuf-java-util-3.12.0.jar:/home/runner/.m2/repository/com/google/code/gson/gson/2.2.4/gson-2.2.4.jar:/home/runner/.m2/repository/org/apache/ozone/hdds-config/1.3.0-SNAPSHOT/hdds-config-1.3.0-SNAPSHOT.jar:/home/runner/.m2/repository/io/grpc/grpc-netty/1.33.0/grpc-netty-1.33.0.jar:/home/runner/.m2/repository/io/grpc/grpc-core/1.33.0/grpc-core-1.33.0.jar:/home/runner/.m2/repository/com/google/android/annotations/4.1.1.4/annotations-4.1.1.4.jar:/home/runner/.m2/repository/io/netty/netty-codec-http2/4.1.63.Final/netty-codec-http2-4.1.63.Final.jar:/home/runner/.m2/repository/io/netty/netty-codec-http/4.1.63.Final/netty-codec-http-4.1.63.Final.jar:/home/runner/.m2/repository/io/netty/netty-handler-proxy/4.1.63.Final/netty-handler-proxy-4.1.63.Final.jar:/home/runner/.m2/repository/io/netty/netty-codec-socks/4.1.63.Final/netty-codec-socks-4.1.63.Final.jar:/home/runner/.m2/repository/io/perfmark/perfmark-api/0.19.0/perfmark-api-0.19.0.jar:/home/runner/.m2/repository/org/codehaus/mojo/animal-sniffer-annotations/1.18/animal-sniffer-annotations-1.18.jar:/home/runner/.m2/repository/io/netty/netty-transport-native-epoll/4.1.63.Final/netty-transport-native-epoll-4.1.63.Final.jar:/home/runner/.m2/repository/io/netty/netty-common/4.1.63.Final/netty-common-4.1.63.Final.jar:/home/runner/.m2/repository/io/netty/netty-buffer/4.1.63.Final/netty-buffer-4.1.63.Final.jar:/home/runner/.m2/repository/io/netty/netty-transport-native-unix-common/4.1.63.Final/netty-transport-native-unix-common-4.1.63.Final.jar:/home/runner/.m2/repository/io/grpc/grpc-protobuf/1.33.0/grpc-protobuf-1.33.0.jar:/home/runner/.m2/repository/io/grpc/grpc-api/1.33.0/grpc-api-1.33.0.jar:/home/runner/.m2/repository/io/grpc/grpc-context/1.33.0/grpc-context-1.33.0.jar:/home/runner/.m2/repository/com/google/api/grpc/proto-google-common-protos/1.17.0/proto-google-common-protos-1.17.0.jar:/home/runner/.m2/repository/io/grpc/grpc-protobuf-lite/1.33.0/grpc-protobuf-lite-1.33.0.jar:/home/runner/.m2/repository/io/grpc/grpc-stub/1.33.0/grpc-stub-1.33.0.jar:/home/runner/.m2/repository/org/apache/ozone/ozone-recon/1.3.0-SNAPSHOT/ozone-recon-1.3.0-SNAPSHOT.jar:/home/runner/.m2/repository/org/apache/ozone/ozone-reconcodegen/1.3.0-SNAPSHOT/ozone-reconcodegen-1.3.0-SNAPSHOT.jar:/home/runner/.m2/repository/com/google/inject/extensions/guice-multibindings/4.0/guice-multibindings-4.0.jar:/home/runner/.m2/repository/com/google/inject/guice/4.0/guice-4.0.jar:/home/runner/.m2/repository/aopalliance/aopalliance/1.0/aopalliance-1.0.jar:/home/runner/.m2/repository/com/google/inject/extensions/guice-assistedinject/4.0/guice-assistedinject-4.0.jar:/home/runner/.m2/repository/com/google/inject/extensions/guice-servlet/4.0/guice-servlet-4.0.jar:/home/runner/.m2/repository/org/glassfish/jersey/containers/jersey-container-servlet/2.33/jersey-container-servlet-2.33.jar:/home/runner/.m2/repository/org/glassfish/hk2/guice-bridge/2.5.0/guice-bridge-2.5.0.jar:/home/runner/.m2/repository/org/glassfish/jersey/core/jersey-server/2.33/jersey-server-2.33.jar:/home/runner/.m2/repository/org/glassfish/jersey/core/jersey-client/2.33/jersey-client-2.33.jar:/home/runner/.m2/repository/jakarta/annotation/jakarta.annotation-api/1.3.5/jakarta.annotation-api-1.3.5.jar:/home/runner/.m2/repository/jakarta/validation/jakarta.validation-api/2.0.2/jakarta.validation-api-2.0.2.jar:/home/runner/.m2/repository/org/glassfish/jersey/media/jersey-media-json-jackson/2.33/jersey-media-json-jackson-2.33.jar:/home/runner/.m2/repository/org/glassfish/jersey/ext/jersey-entity-filtering/2.33/jersey-entity-filtering-2.33.jar:/home/runner/.m2/repository/org/jooq/jooq/3.11.10/jooq-3.11.10.jar:/home/runner/.m2/repository/org/jooq/jooq-meta/3.11.10/jooq-meta-3.11.10.jar:/home/runner/.m2/repository/org/jooq/jooq-codegen/3.11.10/jooq-codegen-3.11.10.jar:/home/runner/.m2/repository/com/jolbox/bonecp/0.8.0.RELEASE/bonecp-0.8.0.RELEASE.jar:/home/runner/.m2/repository/org/apache/derby/derby/10.14.2.0/derby-10.14.2.0.jar:/home/runner/.m2/repository/org/xerial/sqlite-jdbc/3.25.2/sqlite-jdbc-3.25.2.jar:/home/runner/.m2/repository/org/springframework/spring-jdbc/5.2.18.RELEASE/spring-jdbc-5.2.18.RELEASE.jar:/home/runner/.m2/repository/org/springframework/spring-beans/5.2.18.RELEASE/spring-beans-5.2.18.RELEASE.jar:/home/runner/.m2/repository/org/springframework/spring-core/5.2.18.RELEASE/spring-core-5.2.18.RELEASE.jar:/home/runner/.m2/repository/org/springframework/spring-jcl/5.2.18.RELEASE/spring-jcl-5.2.18.RELEASE.jar:/home/runner/.m2/repository/org/springframework/spring-tx/5.2.18.RELEASE/spring-tx-5.2.18.RELEASE.jar:/home/runner/.m2/repository/org/apache/ozone/ozone-client/1.3.0-SNAPSHOT/ozone-client-1.3.0-SNAPSHOT.jar:/home/runner/.m2/repository/org/apache/ozone/ozone-filesystem/1.3.0-SNAPSHOT/ozone-filesystem-1.3.0-SNAPSHOT.jar:/home/runner/.m2/repository/org/apache/ozone/ozone-filesystem-common/1.3.0-SNAPSHOT/ozone-filesystem-common-1.3.0-SNAPSHOT.jar:/home/runner/.m2/repository/org/apache/ozone/ozone-tools/1.3.0-SNAPSHOT/ozone-tools-1.3.0-SNAPSHOT.jar:/home/runner/.m2/repository/org/apache/ratis/ratis-tools/2.2.0/ratis-tools-2.2.0.jar:/home/runner/.m2/repository/com/amazonaws/aws-java-sdk-core/1.12.124/aws-java-sdk-core-1.12.124.jar:/home/runner/.m2/repository/org/apache/httpcomponents/httpclient/4.5.13/httpclient-4.5.13.jar:/home/runner/.m2/repository/org/apache/httpcomponents/httpcore/4.4.13/httpcore-4.4.13.jar:/home/runner/.m2/repository/software/amazon/ion/ion-java/1.0.2/ion-java-1.0.2.jar:/home/runner/.m2/repository/com/fasterxml/jackson/dataformat/jackson-dataformat-cbor/2.12.1/jackson-dataformat-cbor-2.12.1.jar:/home/runner/.m2/repository/joda-time/joda-time/2.8.1/joda-time-2.8.1.jar:/home/runner/.m2/repository/com/amazonaws/aws-java-sdk-s3/1.12.124/aws-java-sdk-s3-1.12.124.jar:/home/runner/.m2/repository/com/amazonaws/aws-java-sdk-kms/1.12.124/aws-java-sdk-kms-1.12.124.jar:/home/runner/.m2/repository/com/amazonaws/jmespath-java/1.12.124/jmespath-java-1.12.124.jar:/home/runner/.m2/repository/org/kohsuke/metainf-services/metainf-services/1.8/metainf-services-1.8.jar:/home/runner/.m2/repository/org/apache/ozone/hdds-tools/1.3.0-SNAPSHOT/hdds-tools-1.3.0-SNAPSHOT.jar:/home/runner/.m2/repository/commons-cli/commons-cli/1.2/commons-cli-1.2.jar:/home/runner/.m2/repository/org/apache/commons/commons-lang3/3.7/commons-lang3-3.7.jar:/home/runner/.m2/repository/org/apache/ozone/ozone-manager/1.3.0-SNAPSHOT/ozone-manager-1.3.0-SNAPSHOT-tests.jar:/home/runner/.m2/repository/org/apache/ozone/hdds-common/1.3.0-SNAPSHOT/hdds-common-1.3.0-SNAPSHOT-tests.jar:/home/runner/.m2/repository/org/apache/ozone/hdds-hadoop-dependency-client/1.3.0-SNAPSHOT/hdds-hadoop-dependency-client-1.3.0-SNAPSHOT.jar:/home/runner/.m2/repository/info/picocli/picocli/4.6.1/picocli-4.6.1.jar:/home/runner/.m2/repository/com/fasterxml/jackson/core/jackson-annotations/2.12.1/jackson-annotations-2.12.1.jar:/home/runner/.m2/repository/javax/annotation/javax.annotation-api/1.2/javax.annotation-api-1.2.jar:/home/runner/.m2/repository/org/apache/ratis/ratis-server/2.2.0/ratis-server-2.2.0.jar:/home/runner/.m2/repository/org/apache/ratis/ratis-client/2.2.0/ratis-client-2.2.0.jar:/home/runner/.m2/repository/org/apache/ratis/ratis-server-api/2.2.0/ratis-server-api-2.2.0.jar:/home/runner/.m2/repository/org/apache/ratis/ratis-metrics/2.2.0/ratis-metrics-2.2.0.jar:/home/runner/.m2/repository/org/apache/ratis/ratis-netty/2.2.0/ratis-netty-2.2.0.jar:/home/runner/.m2/repository/org/apache/ratis/ratis-grpc/2.2.0/ratis-grpc-2.2.0.jar:/home/runner/.m2/repository/org/apache/logging/log4j/log4j-api/2.13.3/log4j-api-2.13.3.jar:/home/runner/.m2/repository/org/apache/logging/log4j/log4j-core/2.13.3/log4j-core-2.13.3.jar:/home/runner/.m2/repository/com/lmax/disruptor/3.4.2/disruptor-3.4.2.jar:/home/runner/.m2/repository/org/apache/commons/commons-pool2/2.6.0/commons-pool2-2.6.0.jar:/home/runner/.m2/repository/org/bouncycastle/bcpkix-jdk15on/1.67/bcpkix-jdk15on-1.67.jar:/home/runner/.m2/repository/commons-validator/commons-validator/1.6/commons-validator-1.6.jar:/home/runner/.m2/repository/commons-beanutils/commons-beanutils/1.9.4/commons-beanutils-1.9.4.jar:/home/runner/.m2/repository/commons-digester/commons-digester/1.8.1/commons-digester-1.8.1.jar:/home/runner/.m2/repository/commons-collections/commons-collections/3.2.2/commons-collections-3.2.2.jar:/home/runner/.m2/repository/io/jaegertracing/jaeger-client/1.6.0/jaeger-client-1.6.0.jar:/home/runner/.m2/repository/io/jaegertracing/jaeger-thrift/1.6.0/jaeger-thrift-1.6.0.jar:/home/runner/.m2/repository/org/apache/thrift/libthrift/0.14.1/libthrift-0.14.1.jar:/home/runner/.m2/repository/com/squareup/okhttp3/okhttp/4.9.0/okhttp-4.9.0.jar:/home/runner/.m2/repository/com/squareup/okio/okio/2.8.0/okio-2.8.0.jar:/home/runner/.m2/repository/io/jaegertracing/jaeger-core/1.6.0/jaeger-core-1.6.0.jar:/home/runner/.m2/repository/io/jaegertracing/jaeger-tracerresolver/1.6.0/jaeger-tracerresolver-1.6.0.jar:/home/runner/.m2/repository/io/opentracing/contrib/opentracing-tracerresolver/0.1.8/opentracing-tracerresolver-0.1.8.jar:/home/runner/.m2/repository/org/jetbrains/kotlin/kotlin-stdlib/1.4.31/kotlin-stdlib-1.4.31.jar:/home/runner/.m2/repository/org/jetbrains/kotlin/kotlin-stdlib-common/1.4.31/kotlin-stdlib-common-1.4.31.jar:/home/runner/.m2/repository/org/jetbrains/annotations/13.0/annotations-13.0.jar:/home/runner/.m2/repository/io/opentracing/opentracing-util/0.33.0/opentracing-util-0.33.0.jar:/home/runner/.m2/repository/io/opentracing/opentracing-api/0.33.0/opentracing-api-0.33.0.jar:/home/runner/.m2/repository/io/opentracing/opentracing-noop/0.33.0/opentracing-noop-0.33.0.jar:/home/runner/.m2/repository/org/yaml/snakeyaml/1.26/snakeyaml-1.26.jar:/home/runner/.m2/repository/org/apache/ozone/hdds-interface-admin/1.3.0-SNAPSHOT/hdds-interface-admin-1.3.0-SNAPSHOT.jar:/home/runner/.m2/repository/junit/junit/4.13.1/junit-4.13.1.jar:/home/runner/.m2/repository/org/hamcrest/hamcrest-core/1.3/hamcrest-core-1.3.jar:/home/runner/.m2/repository/org/junit/jupiter/junit-jupiter-api/5.7.0/junit-jupiter-api-5.7.0.jar:/home/runner/.m2/repository/org/apiguardian/apiguardian-api/1.1.0/apiguardian-api-1.1.0.jar:/home/runner/.m2/repository/org/opentest4j/opentest4j/1.2.0/opentest4j-1.2.0.jar:/home/runner/.m2/repository/org/junit/platform/junit-platform-commons/1.7.0/junit-platform-commons-1.7.0.jar:/home/runner/.m2/repository/org/junit/jupiter/junit-jupiter-engine/5.7.0/junit-jupiter-engine-5.7.0.jar:/home/runner/.m2/repository/org/junit/platform/junit-platform-engine/1.7.0/junit-platform-engine-1.7.0.jar:/home/runner/.m2/repository/org/junit/vintage/junit-vintage-engine/5.7.0/junit-vintage-engine-5.7.0.jar:/home/runner/.m2/repository/org/junit/platform/junit-platform-launcher/1.7.0/junit-platform-launcher-1.7.0.jar:/home/runner/.m2/repository/org/openjdk/jmh/jmh-core/1.19/jmh-core-1.19.jar:/home/runner/.m2/repository/net/sf/jopt-simple/jopt-simple/4.6/jopt-simple-4.6.jar:/home/runner/.m2/repository/org/apache/commons/commons-math3/3.1.1/commons-math3-3.1.1.jar:/home/runner/.m2/repository/org/openjdk/jmh/jmh-generator-annprocess/1.19/jmh-generator-annprocess-1.19.jar:/home/runner/.m2/repository/org/mockito/mockito-core/2.28.2/mockito-core-2.28.2.jar:/home/runner/.m2/repository/net/bytebuddy/byte-buddy/1.9.10/byte-buddy-1.9.10.jar:/home/runner/.m2/repository/net/bytebuddy/byte-buddy-agent/1.9.10/byte-buddy-agent-1.9.10.jar:/home/runner/.m2/repository/org/objenesis/objenesis/1.0/objenesis-1.0.jar:/home/runner/.m2/repository/org/apache/hadoop/hadoop-kms/3.3.1/hadoop-kms-3.3.1.jar:/home/runner/.m2/repository/org/apache/hadoop/hadoop-auth/3.3.1/hadoop-auth-3.3.1.jar:/home/runner/.m2/repository/com/nimbusds/nimbus-jose-jwt/7.9/nimbus-jose-jwt-7.9.jar:/home/runner/.m2/repository/com/github/stephenc/jcip/jcip-annotations/1.0-1/jcip-annotations-1.0-1.jar:/home/runner/.m2/repository/net/minidev/json-smart/2.3.1/json-smart-2.3.1.jar:/home/runner/.m2/repository/net/minidev/accessors-smart/2.3.1/accessors-smart-2.3.1.jar:/home/runner/.m2/repository/org/ow2/asm/asm/5.0.4/asm-5.0.4.jar:/home/runner/.m2/repository/org/apache/zookeeper/zookeeper/3.5.6/zookeeper-3.5.6.jar:/home/runner/.m2/repository/org/apache/zookeeper/zookeeper-jute/3.5.6/zookeeper-jute-3.5.6.jar:/home/runner/.m2/repository/org/apache/yetus/audience-annotations/0.5.0/audience-annotations-0.5.0.jar:/home/runner/.m2/repository/org/apache/curator/curator-framework/4.2.0/curator-framework-4.2.0.jar:/home/runner/.m2/repository/org/apache/hadoop/thirdparty/hadoop-shaded-guava/1.1.1/hadoop-shaded-guava-1.1.1.jar:/home/runner/.m2/repository/com/sun/jersey/jersey-core/1.19/jersey-core-1.19.jar:/home/runner/.m2/repository/javax/ws/rs/jsr311-api/1.1.1/jsr311-api-1.1.1.jar:/home/runner/.m2/repository/com/sun/jersey/jersey-server/1.19/jersey-server-1.19.jar:/home/runner/.m2/repository/javax/servlet/javax.servlet-api/3.1.0/javax.servlet-api-3.1.0.jar:/home/runner/.m2/repository/org/eclipse/jetty/jetty-server/9.4.43.v20210629/jetty-server-9.4.43.v20210629.jar:/home/runner/.m2/repository/org/eclipse/jetty/jetty-http/9.4.43.v20210629/jetty-http-9.4.43.v20210629.jar:/home/runner/.m2/repository/org/eclipse/jetty/jetty-io/9.4.43.v20210629/jetty-io-9.4.43.v20210629.jar:/home/runner/.m2/repository/org/eclipse/jetty/jetty-webapp/9.4.43.v20210629/jetty-webapp-9.4.43.v20210629.jar:/home/runner/.m2/repository/org/eclipse/jetty/jetty-xml/9.4.43.v20210629/jetty-xml-9.4.43.v20210629.jar:/home/runner/.m2/repository/org/apache/hadoop/hadoop-common/3.3.1/hadoop-common-3.3.1.jar:/home/runner/.m2/repository/commons-net/commons-net/3.6/commons-net-3.6.jar:/home/runner/.m2/repository/jakarta/activation/jakarta.activation-api/1.2.1/jakarta.activation-api-1.2.1.jar:/home/runner/.m2/repository/com/sun/jersey/jersey-servlet/1.19/jersey-servlet-1.19.jar:/home/runner/.m2/repository/com/sun/jersey/jersey-json/1.19/jersey-json-1.19.jar:/home/runner/.m2/repository/org/codehaus/jettison/jettison/1.1/jettison-1.1.jar:/home/runner/.m2/repository/com/sun/xml/bind/jaxb-impl/2.2.3-1/jaxb-impl-2.2.3-1.jar:/home/runner/.m2/repository/org/codehaus/jackson/jackson-jaxrs/1.9.2/jackson-jaxrs-1.9.2.jar:/home/runner/.m2/repository/org/codehaus/jackson/jackson-xc/1.9.2/jackson-xc-1.9.2.jar:/home/runner/.m2/repository/org/apache/commons/commons-configuration2/2.1.1/commons-configuration2-2.1.1.jar:/home/runner/.m2/repository/org/apache/commons/commons-text/1.4/commons-text-1.4.jar:/home/runner/.m2/repository/com/google/re2j/re2j/1.1/re2j-1.1.jar:/home/runner/.m2/repository/com/jcraft/jsch/0.1.54/jsch-0.1.54.jar:/home/runner/.m2/repository/org/apache/curator/curator-client/4.2.0/curator-client-4.2.0.jar:/home/runner/.m2/repository/org/apache/curator/curator-recipes/4.2.0/curator-recipes-4.2.0.jar:/home/runner/.m2/repository/org/apache/kerby/kerb-core/1.0.1/kerb-core-1.0.1.jar:/home/runner/.m2/repository/org/apache/kerby/kerby-pkix/1.0.1/kerby-pkix-1.0.1.jar:/home/runner/.m2/repository/org/apache/kerby/kerby-asn1/1.0.1/kerby-asn1-1.0.1.jar:/home/runner/.m2/repository/org/apache/kerby/kerby-util/1.0.1/kerby-util-1.0.1.jar:/home/runner/.m2/repository/dnsjava/dnsjava/2.1.7/dnsjava-2.1.7.jar:/home/runner/.m2/repository/org/xerial/snappy/snappy-java/1.1.8.2/snappy-java-1.1.8.2.jar:/home/runner/.m2/repository/org/slf4j/jul-to-slf4j/1.7.30/jul-to-slf4j-1.7.30.jar:/home/runner/.m2/repository/org/eclipse/jetty/jetty-util/9.4.43.v20210629/jetty-util-9.4.43.v20210629.jar:/home/runner/.m2/repository/com/fasterxml/jackson/core/jackson-databind/2.12.1/jackson-databind-2.12.1.jar:/home/runner/.m2/repository/org/apache/hadoop/hadoop-kms/3.3.1/hadoop-kms-3.3.1-tests.jar:/home/runner/.m2/repository/org/apache/ozone/hdds-server-scm/1.3.0-SNAPSHOT/hdds-server-scm-1.3.0-SNAPSHOT-tests.jar:/home/runner/.m2/repository/org/apache/ozone/hdds-container-service/1.3.0-SNAPSHOT/hdds-container-service-1.3.0-SNAPSHOT-tests.jar:/home/runner/.m2/repository/commons-codec/commons-codec/1.11/commons-codec-1.11.jar:/home/runner/.m2/repository/io/netty/netty-transport/4.1.63.Final/netty-transport-4.1.63.Final.jar:/home/runner/.m2/repository/io/netty/netty-resolver/4.1.63.Final/netty-resolver-4.1.63.Final.jar:/home/runner/.m2/repository/io/netty/netty-codec/4.1.63.Final/netty-codec-4.1.63.Final.jar:/home/runner/.m2/repository/io/netty/netty-handler/4.1.63.Final/netty-handler-4.1.63.Final.jar:/home/runner/.m2/repository/org/apache/ozone/hdds-hadoop-dependency-test/1.3.0-SNAPSHOT/hdds-hadoop-dependency-test-1.3.0-SNAPSHOT.jar:/home/runner/.m2/repository/org/apache/hadoop/hadoop-common/3.3.1/hadoop-common-3.3.1-tests.jar:/home/runner/.m2/repository/org/assertj/assertj-core/3.12.2/assertj-core-3.12.2.jar:/home/runner/.m2/repository/org/apache/hadoop/hadoop-hdfs/3.3.1/hadoop-hdfs-3.3.1-tests.jar:/home/runner/.m2/repository/org/eclipse/jetty/jetty-util-ajax/9.4.43.v20210629/jetty-util-ajax-9.4.43.v20210629.jar:/home/runner/.m2/repository/commons-daemon/commons-daemon/1.0.13/commons-daemon-1.0.13.jar:/home/runner/.m2/repository/io/netty/netty/3.10.6.Final/netty-3.10.6.Final.jar:/home/runner/.m2/repository/io/netty/netty-all/4.1.63.Final/netty-all-4.1.63.Final.jar:/home/runner/.m2/repository/org/apache/htrace/htrace-core4/4.1.0-incubating/htrace-core4-4.1.0-incubating.jar:/home/runner/.m2/repository/org/fusesource/leveldbjni/leveldbjni-all/1.8/leveldbjni-all-1.8.jar:/home/runner/.m2/repository/org/apache/hadoop/hadoop-distcp/3.3.1/hadoop-distcp-3.3.1.jar:/home/runner/.m2/repository/org/apache/hadoop/hadoop-mapreduce-client-jobclient/3.3.1/hadoop-mapreduce-client-jobclient-3.3.1.jar:/home/runner/.m2/repository/org/apache/hadoop/hadoop-mapreduce-client-common/3.3.1/hadoop-mapreduce-client-common-3.3.1.jar:/home/runner/.m2/repository/org/apache/hadoop/hadoop-yarn-common/3.3.1/hadoop-yarn-common-3.3.1.jar:/home/runner/.m2/repository/org/apache/hadoop/hadoop-yarn-api/3.3.1/hadoop-yarn-api-3.3.1.jar:/home/runner/.m2/repository/com/sun/jersey/jersey-client/1.19/jersey-client-1.19.jar:/home/runner/.m2/repository/com/sun/jersey/contribs/jersey-guice/1.19/jersey-guice-1.19.jar:/home/runner/.m2/repository/com/fasterxml/jackson/jaxrs/jackson-jaxrs-json-provider/2.12.1/jackson-jaxrs-json-provider-2.12.1.jar:/home/runner/.m2/repository/com/fasterxml/jackson/jaxrs/jackson-jaxrs-base/2.12.1/jackson-jaxrs-base-2.12.1.jar:/home/runner/.m2/repository/org/apache/hadoop/hadoop-yarn-client/3.3.1/hadoop-yarn-client-3.3.1.jar:/home/runner/.m2/repository/org/eclipse/jetty/websocket/websocket-client/9.4.40.v20210413/websocket-client-9.4.40.v20210413.jar:/home/runner/.m2/repository/org/eclipse/jetty/jetty-client/9.4.40.v20210413/jetty-client-9.4.40.v20210413.jar:/home/runner/.m2/repository/org/eclipse/jetty/websocket/websocket-common/9.4.40.v20210413/websocket-common-9.4.40.v20210413.jar:/home/runner/.m2/repository/org/eclipse/jetty/websocket/websocket-api/9.4.40.v20210413/websocket-api-9.4.40.v20210413.jar:/home/runner/.m2/repository/org/jline/jline/3.9.0/jline-3.9.0.jar:/home/runner/.m2/repository/org/apache/hadoop/hadoop-mapreduce-client-core/3.3.1/hadoop-mapreduce-client-core-3.3.1.jar:/home/runner/.m2/repository/org/apache/avro/avro/1.7.7/avro-1.7.7.jar:/home/runner/.m2/repository/org/codehaus/jackson/jackson-core-asl/1.9.13/jackson-core-asl-1.9.13.jar:/home/runner/.m2/repository/org/codehaus/jackson/jackson-mapper-asl/1.9.13/jackson-mapper-asl-1.9.13.jar:/home/runner/.m2/repository/com/thoughtworks/paranamer/paranamer/2.3/paranamer-2.3.jar:/home/runner/.m2/repository/org/apache/hadoop/hadoop-annotations/3.3.1/hadoop-annotations-3.3.1.jar:/usr/lib/jvm/adoptopenjdk-8-hotspot-amd64/jre/../lib/tools.jar:/home/runner/.m2/repository/org/apache/hadoop/hadoop-distcp/3.3.1/hadoop-distcp-3.3.1-tests.jar:/home/runner/.m2/repository/org/apache/ratis/ratis-common/2.2.0/ratis-common-2.2.0.jar:/home/runner/.m2/repository/org/apache/ratis/ratis-thirdparty-misc/0.7.0/ratis-thirdparty-misc-0.7.0.jar:/home/runner/.m2/repository/org/apache/ratis/ratis-proto/2.2.0/ratis-proto-2.2.0.jar:"/>
    <property name="sun.cpu.endian" value="little"/>
    <property name="user.home" value="/home/runner"/>
    <property name="user.language" value="en"/>
    <property name="java.specification.vendor" value="Oracle Corporation"/>
    <property name="java.home" value="/usr/lib/jvm/adoptopenjdk-8-hotspot-amd64/jre"/>
    <property name="java.security.krb5.conf" value="/home/runner/work/ozone/ozone/hadoop-ozone/integration-test/target/test-classes/krb5.conf"/>
    <property name="basedir" value="/home/runner/work/ozone/ozone/hadoop-ozone/integration-test"/>
    <property name="file.separator" value="/"/>
    <property name="line.separator" value="&#10;"/>
    <property name="java.vm.specification.vendor" value="Oracle Corporation"/>
    <property name="java.specification.name" value="Java Platform API Specification"/>
    <property name="java.awt.graphicsenv" value="sun.awt.X11GraphicsEnvironment"/>
    <property name="skip.installnpx" value="true"/>
    <property name="surefire.real.class.path" value="/home/runner/work/ozone/ozone/hadoop-ozone/integration-test/target/surefire/surefirebooter6004615064381817317.jar:/home/runner/.m2/repository/org/jacoco/org.jacoco.agent/0.8.5/org.jacoco.agent-0.8.5-runtime.jar"/>
    <property name="hadoop.log.dir" value="/home/runner/work/ozone/ozone/hadoop-ozone/integration-test/target/log"/>
    <property name="sun.boot.class.path" value="/usr/lib/jvm/adoptopenjdk-8-hotspot-amd64/jre/lib/resources.jar:/usr/lib/jvm/adoptopenjdk-8-hotspot-amd64/jre/lib/rt.jar:/usr/lib/jvm/adoptopenjdk-8-hotspot-amd64/jre/lib/sunrsasign.jar:/usr/lib/jvm/adoptopenjdk-8-hotspot-amd64/jre/lib/jsse.jar:/usr/lib/jvm/adoptopenjdk-8-hotspot-amd64/jre/lib/jce.jar:/usr/lib/jvm/adoptopenjdk-8-hotspot-amd64/jre/lib/charsets.jar:/usr/lib/jvm/adoptopenjdk-8-hotspot-amd64/jre/lib/jfr.jar:/usr/lib/jvm/adoptopenjdk-8-hotspot-amd64/jre/classes"/>
    <property name="sun.management.compiler" value="HotSpot 64-Bit Tiered Compilers"/>
    <property name="skip.npx" value="true"/>
    <property name="java.runtime.version" value="1.8.0_292-b10"/>
    <property name="java.net.preferIPv4Stack" value="true"/>
    <property name="user.name" value="runner"/>
    <property name="path.separator" value=":"/>
    <property name="java.security.egd" value="file:///dev/urandom"/>
    <property name="os.version" value="5.4.0-1063-azure"/>
    <property name="java.endorsed.dirs" value="/usr/lib/jvm/adoptopenjdk-8-hotspot-amd64/jre/lib/endorsed"/>
    <property name="java.runtime.name" value="OpenJDK Runtime Environment"/>
    <property name="file.encoding" value="UTF-8"/>
    <property name="java.vm.name" value="OpenJDK 64-Bit Server VM"/>
    <property name="test.build.webapps" value=""/>
    <property name="localRepository" value="/home/runner/.m2/repository"/>
    <property name="java.vendor.url.bug" value="https://github.com/AdoptOpenJDK/openjdk-support/issues"/>
    <property name="java.io.tmpdir" value="/tmp"/>
    <property name="require.test.libhadoop" value=""/>
    <property name="java.version" value="1.8.0_292"/>
    <property name="user.dir" value="/home/runner/work/ozone/ozone/hadoop-ozone/integration-test"/>
    <property name="os.arch" value="amd64"/>
    <property name="java.vm.specification.name" value="Java Virtual Machine Specification"/>
    <property name="test.build.classes" value="/home/runner/work/ozone/ozone/hadoop-ozone/integration-test/target/test-classes"/>
    <property name="java.awt.printerjob" value="sun.print.PSPrinterJob"/>
    <property name="sun.os.patch.level" value="unknown"/>
    <property name="hadoop.tmp.dir" value="/home/runner/work/ozone/ozone/hadoop-ozone/integration-test/target/tmp"/>
    <property name="java.library.path" value="/usr/java/packages/lib/amd64:/usr/lib64:/lib64:/lib:/usr/lib"/>
    <property name="java.vm.info" value="mixed mode"/>
    <property name="java.vendor" value="AdoptOpenJDK"/>
    <property name="java.vm.version" value="25.292-b10"/>
    <property name="java.ext.dirs" value="/usr/lib/jvm/adoptopenjdk-8-hotspot-amd64/jre/lib/ext:/usr/java/packages/lib/ext"/>
    <property name="sun.io.unicode.encoding" value="UnicodeLittle"/>
    <property name="java.class.version" value="52.0"/>
  </properties>
  <testcase name="testMultipleDataDirs" classname="org.apache.hadoop.ozone.TestMiniOzoneCluster" time="28.927"/>
  <testcase name="testStartMultipleDatanodes" classname="org.apache.hadoop.ozone.TestMiniOzoneCluster" time="54.392"/>
  <testcase name="testDNstartAfterSCM" classname="org.apache.hadoop.ozone.TestMiniOzoneCluster" time="130.631">
    <error message="test timed out after 100000 milliseconds" type="org.junit.runners.model.TestTimedOutException">org.junit.runners.model.TestTimedOutException: test timed out after 100000 milliseconds
	at java.lang.Thread.sleep(Native Method)
	at org.apache.ozone.test.GenericTestUtils.waitFor(GenericTestUtils.java:218)
	at org.apache.hadoop.ozone.MiniOzoneClusterImpl.waitForClusterToBeReady(MiniOzoneClusterImpl.java:228)
	at org.apache.hadoop.ozone.MiniOzoneClusterImpl.restartStorageContainerManager(MiniOzoneClusterImpl.java:367)
	at org.apache.hadoop.ozone.TestMiniOzoneCluster.testDNstartAfterSCM(TestMiniOzoneCluster.java:339)
	at sun.reflect.NativeMethodAccessorImpl.invoke0(Native Method)
	at sun.reflect.NativeMethodAccessorImpl.invoke(NativeMethodAccessorImpl.java:62)
	at sun.reflect.DelegatingMethodAccessorImpl.invoke(DelegatingMethodAccessorImpl.java:43)
	at java.lang.reflect.Method.invoke(Method.java:498)
	at org.junit.runners.model.FrameworkMethod$1.runReflectiveCall(FrameworkMethod.java:59)
	at org.junit.internal.runners.model.ReflectiveCallable.run(ReflectiveCallable.java:12)
	at org.junit.runners.model.FrameworkMethod.invokeExplosively(FrameworkMethod.java:56)
	at org.junit.internal.runners.statements.InvokeMethod.evaluate(InvokeMethod.java:17)
	at org.junit.internal.runners.statements.FailOnTimeout$CallableStatement.call(FailOnTimeout.java:288)
	at org.junit.internal.runners.statements.FailOnTimeout$CallableStatement.call(FailOnTimeout.java:282)
	at java.util.concurrent.FutureTask.run(FutureTask.java:266)
	at java.lang.Thread.run(Thread.java:748)
</error>
    <system-out><![CDATA[2021-12-07 08:23:11,820 [Time-limited test] WARN  server.ServerUtils (ServerUtils.java:getScmDbDir(148)) - ozone.scm.db.dirs is not configured. We recommend adding this setting. Falling back to ozone.metadata.dirs instead.
2021-12-07 08:23:11,824 [Time-limited test] INFO  ha.SCMHANodeDetails (SCMHANodeDetails.java:loadSCMHAConfig(157)) - ServiceID for StorageContainerManager is null
2021-12-07 08:23:11,824 [Time-limited test] INFO  ha.SCMHANodeDetails (SCMHANodeDetails.java:loadSCMHAConfig(162)) - ozone.scm.default.service.id is not defined, falling back to ozone.scm.service.ids to find serviceID for StorageContainerManager if it is HA enabled cluster
2021-12-07 08:23:11,824 [Time-limited test] WARN  server.ServerUtils (ServerUtils.java:getScmDbDir(148)) - ozone.scm.db.dirs is not configured. We recommend adding this setting. Falling back to ozone.metadata.dirs instead.
2021-12-07 08:23:11,825 [Time-limited test] INFO  upgrade.AbstractLayoutVersionManager (AbstractLayoutVersionManager.java:init(79)) - Initializing Layout version manager with metadata layout = SCM_HA (version = 2), software layout = SCM_HA (version = 2)
2021-12-07 08:23:11,936 [Time-limited test] INFO  reflections.Reflections (Reflections.java:scan(232)) - Reflections took 109 ms to scan 7 urls, producing 119 keys and 279 values 
2021-12-07 08:23:11,937 [Time-limited test] WARN  utils.HAUtils (HAUtils.java:getMetaDir(342)) - ozone.scm.db.dirs is not configured. We recommend adding this setting. Falling back to ozone.metadata.dirs instead.
2021-12-07 08:23:11,940 [Time-limited test] WARN  db.DBStoreBuilder (DBStoreBuilder.java:applyDBDefinition(145)) - ozone.scm.db.dirs is not configured. We recommend adding this setting. Falling back to ozone.metadata.dirs instead.
2021-12-07 08:23:12,141 [Time-limited test] INFO  net.NodeSchemaLoader (NodeSchemaLoader.java:loadSchemaFromFile(129)) - Loading schema from [jar:file:/home/runner/.m2/repository/org/apache/ozone/hdds-common/1.3.0-SNAPSHOT/hdds-common-1.3.0-SNAPSHOT.jar!/network-topology-default.xml]
2021-12-07 08:23:12,141 [Time-limited test] INFO  net.NodeSchemaLoader (NodeSchemaLoader.java:loadSchema(176)) - Loading network topology layer schema file
2021-12-07 08:23:12,152 [Time-limited test] INFO  ha.SequenceIdGenerator (SequenceIdGenerator.java:upgradeToSequenceId(347)) - upgrade localId to 107544261427200000
2021-12-07 08:23:12,157 [Time-limited test] INFO  ha.SequenceIdGenerator (SequenceIdGenerator.java:upgradeToSequenceId(357)) - upgrade delTxnId to 0
2021-12-07 08:23:12,158 [Time-limited test] INFO  ha.SequenceIdGenerator (SequenceIdGenerator.java:upgradeToSequenceId(371)) - upgrade containerId to 0
2021-12-07 08:23:12,158 [Time-limited test] INFO  ha.SequenceIdGenerator (SequenceIdGenerator.java:<init>(218)) - Init the HA SequenceIdGenerator.
2021-12-07 08:23:12,158 [Time-limited test] WARN  server.ServerUtils (ServerUtils.java:sanitizeUserArgs(73)) - ozone.scm.stale.node.interval value = 300000 is larger than max = 100000 based on the key value of ozone.scm.heartbeat.thread.interval, reset to the max value 100000.
2021-12-07 08:23:12,163 [Time-limited test] WARN  server.ServerUtils (ServerUtils.java:sanitizeUserArgs(73)) - ozone.scm.stale.node.interval value = 300000 is larger than max = 100000 based on the key value of ozone.scm.heartbeat.thread.interval, reset to the max value 100000.
2021-12-07 08:23:12,187 [Time-limited test] INFO  node.SCMNodeManager (SCMNodeManager.java:<init>(144)) - Entering startup safe mode.
2021-12-07 08:23:12,188 [Time-limited test] INFO  algorithms.ContainerPlacementPolicyFactory (ContainerPlacementPolicyFactory.java:getPolicy(60)) - Create container placement policy of type org.apache.hadoop.hdds.scm.container.placement.algorithms.SCMContainerPlacementRandom
2021-12-07 08:23:12,188 [Time-limited test] INFO  pipeline.PipelineStateManagerImpl (PipelineStateManagerImpl.java:initialize(78)) - No pipeline exists in current db
2021-12-07 08:23:12,188 [Time-limited test] INFO  algorithms.LeaderChoosePolicyFactory (LeaderChoosePolicyFactory.java:getPolicy(57)) - Create leader choose policy of type org.apache.hadoop.hdds.scm.pipeline.leader.choose.algorithms.MinLeaderCountChoosePolicy
2021-12-07 08:23:12,188 [Time-limited test] INFO  ha.SCMServiceManager (SCMServiceManager.java:register(43)) - Registering service BackgroundPipelineCreator.
2021-12-07 08:23:12,189 [Time-limited test] INFO  pipeline.BackgroundPipelineCreator (BackgroundPipelineCreator.java:start(130)) - Starting RatisPipelineUtilsThread.
2021-12-07 08:23:12,197 [Time-limited test] INFO  algorithms.PipelineChoosePolicyFactory (PipelineChoosePolicyFactory.java:createPipelineChoosePolicyFromClass(73)) - Create pipeline choose policy of type org.apache.hadoop.hdds.scm.pipeline.choose.algorithms.RandomPipelineChoosePolicy
2021-12-07 08:23:12,198 [Time-limited test] INFO  ha.SCMServiceManager (SCMServiceManager.java:register(43)) - Registering service SCMBlockDeletingService.
2021-12-07 08:23:12,198 [Time-limited test] INFO  ha.SCMServiceManager (SCMServiceManager.java:register(43)) - Registering service ReplicationManager.
2021-12-07 08:23:12,199 [Time-limited test] INFO  container.ReplicationManager (ReplicationManager.java:start(319)) - Starting Replication Monitor Thread.
2021-12-07 08:23:12,207 [Time-limited test] INFO  safemode.ContainerSafeModeRule (ContainerSafeModeRule.java:<init>(89)) - containers with one replica threshold count 0
2021-12-07 08:23:12,208 [Time-limited test] INFO  safemode.HealthyPipelineSafeModeRule (HealthyPipelineSafeModeRule.java:initializeRule(156)) - Total pipeline count is 0, healthy pipeline threshold count is 1
2021-12-07 08:23:12,208 [Time-limited test] INFO  safemode.OneReplicaPipelineSafeModeRule (OneReplicaPipelineSafeModeRule.java:initializeRule(180)) - Total pipeline count is 0, pipeline's with at least one datanode reported threshold count is 0
2021-12-07 08:23:12,215 [Time-limited test] INFO  ipc.CallQueueManager (CallQueueManager.java:<init>(90)) - Using callQueue: class java.util.concurrent.LinkedBlockingQueue, queueCapacity: 2000, scheduler: class org.apache.hadoop.ipc.DefaultRpcScheduler, ipcBackoff: false.
2021-12-07 08:23:12,219 [Socket Reader #1 for port 0] INFO  ipc.Server (Server.java:run(1265)) - Starting Socket Reader #1 for port 0
2021-12-07 08:23:12,220 [Listener at 0.0.0.0/33331] INFO  ipc.CallQueueManager (CallQueueManager.java:<init>(90)) - Using callQueue: class java.util.concurrent.LinkedBlockingQueue, queueCapacity: 2000, scheduler: class org.apache.hadoop.ipc.DefaultRpcScheduler, ipcBackoff: false.
2021-12-07 08:23:12,231 [Socket Reader #1 for port 0] INFO  ipc.Server (Server.java:run(1265)) - Starting Socket Reader #1 for port 0
2021-12-07 08:23:12,236 [Listener at 0.0.0.0/39199] INFO  ipc.CallQueueManager (CallQueueManager.java:<init>(90)) - Using callQueue: class java.util.concurrent.LinkedBlockingQueue, queueCapacity: 2000, scheduler: class org.apache.hadoop.ipc.DefaultRpcScheduler, ipcBackoff: false.
2021-12-07 08:23:12,250 [ReplicationMonitor] INFO  container.ReplicationManager (ReplicationManager.java:processAll(371)) - Replication Monitor Thread took 0 milliseconds for processing 0 containers.
2021-12-07 08:23:12,254 [Socket Reader #1 for port 0] INFO  ipc.Server (Server.java:run(1265)) - Starting Socket Reader #1 for port 0
2021-12-07 08:23:12,327 [Listener at 0.0.0.0/34747] INFO  algorithms.ContainerPlacementPolicyFactory (ContainerPlacementPolicyFactory.java:getPolicy(60)) - Create container placement policy of type org.apache.hadoop.hdds.scm.container.placement.algorithms.SCMContainerPlacementRandom
2021-12-07 08:23:12,328 [Listener at 0.0.0.0/34747] INFO  server.StorageContainerManager (StorageContainerManager.java:<init>(388)) - 
Container Balancer status:
Key                            Value
Running                        false
Container Balancer Configuration values:
Key                                                Value
Threshold                                          0.1
Max Datanodes to Involve per Iteration(ratio)      0.2
Max Size to Move per Iteration                     30GB
Max Size Entering Target per Iteration             1GB
Max Size Leaving Source per Iteration              1GB

2021-12-07 08:23:12,328 [Listener at 0.0.0.0/34747] WARN  events.EventQueue (EventQueue.java:fireEvent(194)) - No event handler registered for event TypedEvent{payloadType=SafeModeStatus, name='Safe mode status'}
2021-12-07 08:23:12,328 [Listener at 0.0.0.0/34747] INFO  ha.SCMContext (SCMContext.java:updateSafeModeStatus(211)) - Update SafeModeStatus from SafeModeStatus{safeModeStatus=true, preCheckPassed=false} to SafeModeStatus{safeModeStatus=true, preCheckPassed=false}.
2021-12-07 08:23:12,329 [Listener at 0.0.0.0/34747] INFO  server.StorageContainerManager (StorageContainerManager.java:start(1303)) - StorageContainerLocationProtocol RPC server is listening at /0.0.0.0:34747
2021-12-07 08:23:12,330 [Listener at 0.0.0.0/34747] WARN  impl.MetricsConfig (MetricsConfig.java:loadFirst(136)) - Cannot locate configuration: tried hadoop-metrics2-storagecontainermanager.properties,hadoop-metrics2.properties
2021-12-07 08:23:12,339 [Listener at 0.0.0.0/34747] INFO  impl.MetricsSystemImpl (MetricsSystemImpl.java:startTimer(378)) - Scheduled Metric snapshot period at 10 second(s).
2021-12-07 08:23:12,339 [Listener at 0.0.0.0/34747] INFO  impl.MetricsSystemImpl (MetricsSystemImpl.java:start(191)) - StorageContainerManager metrics system started
2021-12-07 08:23:12,366 [Listener at 0.0.0.0/34747] INFO  impl.MetricsSinkAdapter (MetricsSinkAdapter.java:start(204)) - Sink prometheus started
2021-12-07 08:23:12,366 [Listener at 0.0.0.0/34747] INFO  impl.MetricsSystemImpl (MetricsSystemImpl.java:registerSink(305)) - Registered sink prometheus
2021-12-07 08:23:12,423 [Listener at 0.0.0.0/34747] INFO  server.SCMClientProtocolServer (SCMClientProtocolServer.java:start(164)) - RPC server for Client  is listening at /0.0.0.0:34747
2021-12-07 08:23:12,443 [IPC Server Responder] INFO  ipc.Server (Server.java:run(1507)) - IPC Server Responder: starting
2021-12-07 08:23:12,476 [Listener at 0.0.0.0/34747] INFO  server.StorageContainerManager (StorageContainerManager.java:start(1318)) - ScmBlockLocationProtocol RPC server is listening at /0.0.0.0:39199
2021-12-07 08:23:12,488 [Listener at 0.0.0.0/34747] INFO  server.SCMBlockProtocolServer (SCMBlockProtocolServer.java:start(151)) - RPC server for Block Protocol is listening at /0.0.0.0:39199
2021-12-07 08:23:12,478 [IPC Server listener on 0] INFO  ipc.Server (Server.java:run(1344)) - IPC Server listener on 0: starting
2021-12-07 08:23:12,499 [IPC Server Responder] INFO  ipc.Server (Server.java:run(1507)) - IPC Server Responder: starting
2021-12-07 08:23:12,507 [IPC Server listener on 0] INFO  ipc.Server (Server.java:run(1344)) - IPC Server listener on 0: starting
2021-12-07 08:23:12,545 [Listener at 0.0.0.0/34747] INFO  server.StorageContainerManager (StorageContainerManager.java:start(1324)) - ScmDatanodeProtocl RPC server is listening at /0.0.0.0:33331
2021-12-07 08:23:12,545 [Listener at 0.0.0.0/34747] INFO  server.SCMDatanodeProtocolServer (SCMDatanodeProtocolServer.java:start(181)) - RPC server for DataNodes is listening at /0.0.0.0:33331
2021-12-07 08:23:12,546 [IPC Server Responder] INFO  ipc.Server (Server.java:run(1507)) - IPC Server Responder: starting
2021-12-07 08:23:12,546 [IPC Server listener on 0] INFO  ipc.Server (Server.java:run(1344)) - IPC Server listener on 0: starting
2021-12-07 08:23:12,606 [Listener at 0.0.0.0/34747] INFO  http.BaseHttpServer (BaseHttpServer.java:newHttpServer2BuilderForOzone(209)) - Starting Web-server for scm at: http://0.0.0.0:0
2021-12-07 08:23:12,607 [Listener at 0.0.0.0/34747] INFO  http.BaseHttpServer (BaseHttpServer.java:<init>(107)) - Hadoop Security Enabled: false Ozone Security Enabled: false Ozone HTTP Security Enabled: false 
2021-12-07 08:23:12,608 [Listener at 0.0.0.0/34747] INFO  server.AuthenticationFilter (AuthenticationFilter.java:constructSecretProvider(240)) - Unable to initialize FileSignerSecretProvider, falling back to use random secrets.
2021-12-07 08:23:12,609 [org.apache.hadoop.util.JvmPauseMonitor$Monitor@1e66b0ec] INFO  util.JvmPauseMonitor (JvmPauseMonitor.java:run(188)) - Starting JVM pause monitor
2021-12-07 08:23:12,609 [Listener at 0.0.0.0/34747] WARN  http.HttpRequestLog (HttpRequestLog.java:getRequestLog(103)) - Jetty request log can only be enabled using Log4j
2021-12-07 08:23:12,610 [Listener at 0.0.0.0/34747] INFO  http.HttpServer2 (HttpServer2.java:addGlobalFilter(1030)) - Added global filter 'safety' (class=org.apache.hadoop.hdds.server.http.HttpServer2$QuotingInputFilter)
2021-12-07 08:23:12,611 [Listener at 0.0.0.0/34747] INFO  http.HttpServer2 (HttpServer2.java:addFilter(1006)) - Added filter static_user_filter (class=org.apache.hadoop.http.lib.StaticUserWebFilter$StaticUserFilter) to context scm
2021-12-07 08:23:12,611 [Listener at 0.0.0.0/34747] INFO  http.HttpServer2 (HttpServer2.java:addFilter(1014)) - Added filter static_user_filter (class=org.apache.hadoop.http.lib.StaticUserWebFilter$StaticUserFilter) to context logs
2021-12-07 08:23:12,611 [Listener at 0.0.0.0/34747] INFO  http.HttpServer2 (HttpServer2.java:addFilter(1014)) - Added filter static_user_filter (class=org.apache.hadoop.http.lib.StaticUserWebFilter$StaticUserFilter) to context static
2021-12-07 08:23:12,612 [Listener at 0.0.0.0/34747] INFO  http.HttpServer2 (HttpServer2.java:bindListener(1249)) - Jetty bound to port 34239
2021-12-07 08:23:12,612 [Listener at 0.0.0.0/34747] INFO  server.Server (Server.java:doStart(375)) - jetty-9.4.43.v20210629; built: 2021-06-30T11:07:22.254Z; git: 526006ecfa3af7f1a27ef3a288e2bef7ea9dd7e8; jvm 1.8.0_292-b10
2021-12-07 08:23:12,615 [Listener at 0.0.0.0/34747] INFO  server.session (DefaultSessionIdManager.java:doStart(334)) - DefaultSessionIdManager workerName=node0
2021-12-07 08:23:12,616 [Listener at 0.0.0.0/34747] INFO  server.session (DefaultSessionIdManager.java:doStart(339)) - No SessionScavenger set, using defaults
2021-12-07 08:23:12,616 [Listener at 0.0.0.0/34747] INFO  server.session (HouseKeeper.java:startScavenging(132)) - node0 Scavenging every 660000ms
2021-12-07 08:23:12,617 [Listener at 0.0.0.0/34747] INFO  handler.ContextHandler (ContextHandler.java:doStart(915)) - Started o.e.j.s.ServletContextHandler@69539171{logs,/logs,file:///home/runner/work/ozone/ozone/hadoop-ozone/integration-test/target/log,AVAILABLE}
2021-12-07 08:23:12,617 [Listener at 0.0.0.0/34747] INFO  handler.ContextHandler (ContextHandler.java:doStart(915)) - Started o.e.j.s.ServletContextHandler@57162a83{static,/static,file:///home/runner/work/ozone/ozone/hadoop-ozone/integration-test/target/test-classes/webapps/static,AVAILABLE}
2021-12-07 08:23:12,643 [Listener at 0.0.0.0/34747] INFO  handler.ContextHandler (ContextHandler.java:doStart(915)) - Started o.e.j.w.WebAppContext@20226d48{scm,/,file:///home/runner/work/ozone/ozone/hadoop-ozone/integration-test/target/test-classes/webapps/scm/,AVAILABLE}{file:/home/runner/work/ozone/ozone/hadoop-ozone/integration-test/target/test-classes/webapps/scm}
2021-12-07 08:23:12,648 [Listener at 0.0.0.0/34747] INFO  server.AbstractConnector (AbstractConnector.java:doStart(331)) - Started ServerConnector@44ac5cfd{HTTP/1.1, (http/1.1)}{0.0.0.0:34239}
2021-12-07 08:23:12,648 [Listener at 0.0.0.0/34747] INFO  server.Server (Server.java:doStart(415)) - Started @85451ms
2021-12-07 08:23:12,648 [Listener at 0.0.0.0/34747] WARN  impl.MetricsSystemImpl (MetricsSystemImpl.java:register(279)) - Sink prometheus already exists!
2021-12-07 08:23:12,649 [Listener at 0.0.0.0/34747] INFO  http.BaseHttpServer (BaseHttpServer.java:updateConnectorAddress(329)) - HTTP server of scm listening at http://0.0.0.0:34239
2021-12-07 08:23:12,649 [Listener at 0.0.0.0/34747] WARN  server.ServerUtils (ServerUtils.java:getDBPath(225)) - ozone.om.db.dirs is not configured. We recommend adding this setting. Falling back to ozone.metadata.dirs instead.
2021-12-07 08:23:12,651 [Listener at 0.0.0.0/34747] INFO  ha.OMHANodeDetails (OMHANodeDetails.java:loadOMHAConfig(112)) - ozone.om.internal.service.id is not defined, falling back to ozone.om.service.ids to find serviceID for OzoneManager if it is HA enabled cluster
2021-12-07 08:23:12,652 [Listener at 0.0.0.0/34747] INFO  ha.OMHANodeDetails (OMHANodeDetails.java:loadOMHAConfig(217)) - Configuration does not have ozone.om.address set. Falling back to the default OM address /127.0.0.1:0
2021-12-07 08:23:12,652 [Listener at 0.0.0.0/34747] INFO  ha.OMHANodeDetails (OMHANodeDetails.java:getOMNodeDetailsForNonHA(245)) - OM Service ID is not set. Setting it to the default ID: omServiceIdDefault
2021-12-07 08:23:12,652 [Listener at 0.0.0.0/34747] INFO  ha.OMHANodeDetails (OMHANodeDetails.java:getOMNodeDetailsForNonHA(252)) - OM Node ID is not set. Setting it to the default ID: om1
2021-12-07 08:23:12,653 [Listener at 0.0.0.0/34747] WARN  server.ServerUtils (ServerUtils.java:getDBPath(225)) - ozone.om.db.dirs is not configured. We recommend adding this setting. Falling back to ozone.metadata.dirs instead.
2021-12-07 08:23:12,653 [Listener at 0.0.0.0/34747] INFO  upgrade.AbstractLayoutVersionManager (AbstractLayoutVersionManager.java:init(79)) - Initializing Layout version manager with metadata layout = INITIAL_VERSION (version = 0), software layout = INITIAL_VERSION (version = 0)
2021-12-07 08:23:12,779 [Listener at 0.0.0.0/34747] INFO  reflections.Reflections (Reflections.java:scan(232)) - Reflections took 125 ms to scan 2 urls, producing 132 keys and 344 values [using 2 cores]
2021-12-07 08:23:12,780 [Listener at 0.0.0.0/34747] INFO  upgrade.OMLayoutVersionManager (OMLayoutVersionManager.java:lambda$0(115)) - Skipping Upgrade Action MockOmUpgradeAction since it has been finalized.
2021-12-07 08:23:12,780 [Listener at 0.0.0.0/34747] WARN  server.ServerUtils (ServerUtils.java:getDBPath(225)) - ozone.om.db.dirs is not configured. We recommend adding this setting. Falling back to ozone.metadata.dirs instead.
2021-12-07 08:23:12,803 [Listener at 0.0.0.0/34747] WARN  server.ServerUtils (ServerUtils.java:getDBPath(225)) - ozone.om.db.dirs is not configured. We recommend adding this setting. Falling back to ozone.metadata.dirs instead.
2021-12-07 08:23:12,804 [Listener at 0.0.0.0/34747] INFO  codec.OmKeyInfoCodec (OmKeyInfoCodec.java:<init>(50)) - OmKeyInfoCodec ignorePipeline = true
2021-12-07 08:23:12,804 [Listener at 0.0.0.0/34747] INFO  codec.RepeatedOmKeyInfoCodec (RepeatedOmKeyInfoCodec.java:<init>(42)) - RepeatedOmKeyInfoCodec ignorePipeline = true
2021-12-07 08:23:13,082 [Listener at 0.0.0.0/34747] INFO  om.OzoneManager (OzoneManager.java:addS3GVolumeToDB(3671)) - Created Volume s3v With Owner runner required for S3Gateway operations.
2021-12-07 08:23:13,082 [Listener at 0.0.0.0/34747] WARN  server.ServerUtils (ServerUtils.java:getDefaultRatisDirectory(237)) - Storage directory for Ratis is not configured. It is a good idea to map this to an SSD disk. Falling back to ozone.metadata.dirs
2021-12-07 08:23:13,082 [Listener at 0.0.0.0/34747] WARN  utils.OzoneManagerRatisUtils (OzoneManagerRatisUtils.java:getOMRatisSnapshotDirectory(323)) - ozone.om.ratis.snapshot.dir is not configured. Falling back to ozone.metadata.dirs config
2021-12-07 08:23:13,108 [Listener at 0.0.0.0/34747] WARN  server.ServerUtils (ServerUtils.java:getDefaultRatisDirectory(237)) - Storage directory for Ratis is not configured. It is a good idea to map this to an SSD disk. Falling back to ozone.metadata.dirs
2021-12-07 08:23:13,109 [Listener at 0.0.0.0/34747] INFO  ratis.OzoneManagerRatisServer (OzoneManagerRatisServer.java:<init>(159)) - Instantiating OM Ratis server with groupID: omServiceIdDefault and peers: localhost:9872
2021-12-07 08:23:13,119 [Listener at 0.0.0.0/34747] INFO  ratis.OzoneManagerStateMachine (OzoneManagerStateMachine.java:loadSnapshotInfoFromDB(605)) - LastAppliedIndex is set from TransactionInfo from OM DB as (t:0, i:~)
2021-12-07 08:23:13,127 [Listener at 0.0.0.0/34747] INFO  server.RaftServer (ConfUtils.java:logGet(44)) - raft.rpc.type = GRPC (default)
2021-12-07 08:23:13,128 [Listener at 0.0.0.0/34747] INFO  grpc.GrpcFactory (GrpcFactory.java:checkPooledByteBufAllocatorUseCacheForAllThreads(48)) - PERFORMANCE WARNING: useCacheForAllThreads is true that may cause Netty to create a lot garbage objects and, as a result, trigger GC.
	It is recommended to disable useCacheForAllThreads by setting -Dorg.apache.ratis.thirdparty.io.netty.allocator.useCacheForAllThreads=false in command line.
2021-12-07 08:23:13,129 [Listener at 0.0.0.0/34747] INFO  grpc.GrpcConfigKeys (ConfUtils.java:logGet(44)) - raft.grpc.admin.port = -1 (default)
2021-12-07 08:23:13,129 [Listener at 0.0.0.0/34747] INFO  grpc.GrpcConfigKeys (ConfUtils.java:logGet(44)) - raft.grpc.server.port = 9872 (custom)
2021-12-07 08:23:13,129 [Listener at 0.0.0.0/34747] INFO  grpc.GrpcConfigKeys (ConfUtils.java:logGet(44)) - raft.grpc.client.port = -1 (default)
2021-12-07 08:23:13,129 [Listener at 0.0.0.0/34747] INFO  grpc.GrpcConfigKeys (ConfUtils.java:logGet(44)) - raft.grpc.server.port = 9872 (custom)
2021-12-07 08:23:13,129 [Listener at 0.0.0.0/34747] INFO  grpc.GrpcConfigKeys (ConfUtils.java:logGet(44)) - raft.grpc.server.port = 9872 (custom)
2021-12-07 08:23:13,129 [Listener at 0.0.0.0/34747] INFO  server.GrpcService (ConfUtils.java:logGet(44)) - raft.grpc.message.size.max = 33554432 (custom)
2021-12-07 08:23:13,129 [Listener at 0.0.0.0/34747] INFO  server.RaftServerConfigKeys (ConfUtils.java:logGet(44)) - raft.server.log.appender.buffer.byte-limit = 33554432 (custom)
2021-12-07 08:23:13,129 [Listener at 0.0.0.0/34747] INFO  server.GrpcService (ConfUtils.java:logGet(44)) - raft.grpc.flow.control.window = 1MB (=1048576) (default)
2021-12-07 08:23:13,129 [Listener at 0.0.0.0/34747] INFO  server.RaftServerConfigKeys (ConfUtils.java:logGet(44)) - raft.server.rpc.request.timeout = 3000ms (default)
2021-12-07 08:23:13,131 [Listener at 0.0.0.0/34747] INFO  impl.DataStreamServerImpl (ConfUtils.java:logGet(44)) - raft.datastream.type = DISABLED (default)
2021-12-07 08:23:13,135 [Listener at 0.0.0.0/34747] INFO  server.RaftServerConfigKeys (ConfUtils.java:logGet(44)) - raft.server.rpc.slowness.timeout = 120s (custom)
2021-12-07 08:23:13,136 [Listener at 0.0.0.0/34747] INFO  server.RaftServerConfigKeys (ConfUtils.java:logGet(44)) - raft.server.leaderelection.leader.step-down.wait-time = 10s (default)
2021-12-07 08:23:13,136 [Listener at 0.0.0.0/34747] INFO  server.RaftServerConfigKeys (ConfUtils.java:logGet(44)) - raft.server.storage.dir = [/home/runner/work/ozone/ozone/hadoop-ozone/integration-test/target/test-dir/MiniOzoneClusterImpl-478fafeb-4ef0-48e3-bd35-2e3f0cf9f61b/ozone-meta/ratis] (custom)
2021-12-07 08:23:13,136 [Listener at 0.0.0.0/34747] INFO  server.RaftServer (RaftServerProxy.java:addNew(95)) - om1: addNew group-C5BA1605619E:[om1|rpc:localhost:9872|priority:0] returns group-C5BA1605619E:java.util.concurrent.CompletableFuture@399b110f[Not completed]
2021-12-07 08:23:13,136 [Listener at 0.0.0.0/34747] INFO  om.OzoneManager (OzoneManager.java:initializeRatisServer(1776)) - OzoneManager Ratis server initialized at port 9872
2021-12-07 08:23:13,138 [Listener at 0.0.0.0/34747] INFO  ipc.CallQueueManager (CallQueueManager.java:<init>(90)) - Using callQueue: class java.util.concurrent.LinkedBlockingQueue, queueCapacity: 2000, scheduler: class org.apache.hadoop.ipc.DefaultRpcScheduler, ipcBackoff: false.
2021-12-07 08:23:13,142 [pool-220-thread-1] INFO  server.RaftServer$Division (RaftServerImpl.java:<init>(184)) - om1: new RaftServerImpl for group-C5BA1605619E:[om1|rpc:localhost:9872|priority:0] with OzoneManagerStateMachine:uninitialized
2021-12-07 08:23:13,142 [Socket Reader #1 for port 0] INFO  ipc.Server (Server.java:run(1265)) - Starting Socket Reader #1 for port 0
2021-12-07 08:23:13,159 [pool-220-thread-1] INFO  server.RaftServerConfigKeys (ConfUtils.java:logGet(44)) - raft.server.rpc.timeout.min = 1s (custom)
2021-12-07 08:23:13,159 [pool-220-thread-1] INFO  server.RaftServerConfigKeys (ConfUtils.java:logGet(44)) - raft.server.rpc.timeout.max = 1200ms (custom)
2021-12-07 08:23:13,159 [pool-220-thread-1] INFO  server.RaftServerConfigKeys (ConfUtils.java:logGet(44)) - raft.server.rpc.sleep.time = 25ms (default)
2021-12-07 08:23:13,159 [pool-220-thread-1] INFO  server.RaftServerConfigKeys (ConfUtils.java:logGet(44)) - raft.server.rpc.slowness.timeout = 120s (custom)
2021-12-07 08:23:13,159 [pool-220-thread-1] INFO  server.RaftServerConfigKeys (ConfUtils.java:logGet(44)) - raft.server.leaderelection.leader.step-down.wait-time = 10s (default)
2021-12-07 08:23:13,163 [pool-220-thread-1] INFO  server.RaftServerConfigKeys (ConfUtils.java:logGet(44)) - raft.server.sleep.deviation.threshold = 300ms (default)
2021-12-07 08:23:13,163 [pool-220-thread-1] INFO  server.RaftServerConfigKeys (ConfUtils.java:logGet(44)) - raft.server.log.appender.install.snapshot.enabled = false (custom)
2021-12-07 08:23:13,163 [pool-220-thread-1] INFO  server.RaftServer$Division (ServerState.java:<init>(105)) - om1@group-C5BA1605619E: ConfigurationManager, init=-1: [om1|rpc:localhost:9872|priority:0], old=null, confs=<EMPTY_MAP>
2021-12-07 08:23:13,163 [pool-220-thread-1] INFO  server.RaftServerConfigKeys (ConfUtils.java:logGet(44)) - raft.server.storage.dir = [/home/runner/work/ozone/ozone/hadoop-ozone/integration-test/target/test-dir/MiniOzoneClusterImpl-478fafeb-4ef0-48e3-bd35-2e3f0cf9f61b/ozone-meta/ratis] (custom)
2021-12-07 08:23:13,164 [pool-220-thread-1] INFO  server.RaftServerConfigKeys (ConfUtils.java:logGet(44)) - raft.server.log.corruption.policy = EXCEPTION (default)
2021-12-07 08:23:13,164 [pool-220-thread-1] INFO  server.RaftServerConfigKeys (ConfUtils.java:logGet(44)) - raft.server.storage.free-space.min = 0MB (=0) (default)
2021-12-07 08:23:13,164 [pool-220-thread-1] INFO  storage.RaftStorageDirectory (RaftStorageDirectoryImpl.java:analyzeStorage(135)) - The storage directory /home/runner/work/ozone/ozone/hadoop-ozone/integration-test/target/test-dir/MiniOzoneClusterImpl-478fafeb-4ef0-48e3-bd35-2e3f0cf9f61b/ozone-meta/ratis/bf265839-605b-3f16-9796-c5ba1605619e does not exist. Creating ...
2021-12-07 08:23:13,166 [pool-220-thread-1] INFO  storage.RaftStorageDirectory (RaftStorageDirectoryImpl.java:tryLock(230)) - Lock on /home/runner/work/ozone/ozone/hadoop-ozone/integration-test/target/test-dir/MiniOzoneClusterImpl-478fafeb-4ef0-48e3-bd35-2e3f0cf9f61b/ozone-meta/ratis/bf265839-605b-3f16-9796-c5ba1605619e/in_use.lock acquired by nodename 19858@fv-az151-352
2021-12-07 08:23:13,183 [pool-220-thread-1] INFO  storage.RaftStorage (RaftStorageImpl.java:format(89)) - Storage directory /home/runner/work/ozone/ozone/hadoop-ozone/integration-test/target/test-dir/MiniOzoneClusterImpl-478fafeb-4ef0-48e3-bd35-2e3f0cf9f61b/ozone-meta/ratis/bf265839-605b-3f16-9796-c5ba1605619e has been successfully formatted.
2021-12-07 08:23:13,183 [pool-220-thread-1] INFO  server.RaftServerConfigKeys (ConfUtils.java:logGet(44)) - raft.server.notification.no-leader.timeout = 120s (custom)
2021-12-07 08:23:13,184 [pool-220-thread-1] INFO  server.RaftServerConfigKeys (ConfUtils.java:logGet(44)) - raft.server.log.use.memory = false (default)
2021-12-07 08:23:13,184 [pool-220-thread-1] INFO  server.RaftServerConfigKeys (ConfUtils.java:logGet(44)) - raft.server.log.purge.gap = 1000000 (custom)
2021-12-07 08:23:13,184 [pool-220-thread-1] INFO  server.RaftServerConfigKeys (ConfUtils.java:logGet(44)) - raft.server.log.appender.buffer.byte-limit = 33554432 (custom)
2021-12-07 08:23:13,184 [pool-220-thread-1] INFO  server.RaftServerConfigKeys (ConfUtils.java:logGet(44)) - raft.server.log.segment.size.max = 4194304 (custom)
2021-12-07 08:23:13,184 [pool-220-thread-1] INFO  server.RaftServerConfigKeys (ConfUtils.java:logGet(44)) - raft.server.log.segment.cache.num.max = 2 (custom)
2021-12-07 08:23:13,184 [pool-220-thread-1] INFO  server.RaftServerConfigKeys (ConfUtils.java:logGet(44)) - raft.server.log.segment.cache.size.max = 200MB (=209715200) (default)
2021-12-07 08:23:13,184 [pool-220-thread-1] INFO  segmented.SegmentedRaftLogWorker (SegmentedRaftLogWorker.java:<init>(182)) - new om1@group-C5BA1605619E-SegmentedRaftLogWorker for RaftStorageImpl:Storage Directory /home/runner/work/ozone/ozone/hadoop-ozone/integration-test/target/test-dir/MiniOzoneClusterImpl-478fafeb-4ef0-48e3-bd35-2e3f0cf9f61b/ozone-meta/ratis/bf265839-605b-3f16-9796-c5ba1605619e
2021-12-07 08:23:13,185 [pool-220-thread-1] INFO  server.RaftServerConfigKeys (ConfUtils.java:logGet(44)) - raft.server.log.queue.byte-limit = 64MB (=67108864) (default)
2021-12-07 08:23:13,185 [pool-220-thread-1] INFO  server.RaftServerConfigKeys (ConfUtils.java:logGet(44)) - raft.server.log.queue.element-limit = 4096 (default)
2021-12-07 08:23:13,185 [pool-220-thread-1] INFO  server.RaftServerConfigKeys (ConfUtils.java:logGet(44)) - raft.server.log.segment.size.max = 4194304 (custom)
2021-12-07 08:23:13,185 [pool-220-thread-1] INFO  server.RaftServerConfigKeys (ConfUtils.java:logGet(44)) - raft.server.log.preallocated.size = 4194304 (custom)
2021-12-07 08:23:13,185 [pool-220-thread-1] INFO  server.RaftServerConfigKeys (ConfUtils.java:logGet(44)) - raft.server.log.force.sync.num = 128 (default)
2021-12-07 08:23:13,185 [pool-220-thread-1] INFO  server.RaftServerConfigKeys (ConfUtils.java:logGet(44)) - raft.server.log.statemachine.data.sync = true (default)
2021-12-07 08:23:13,185 [pool-220-thread-1] INFO  server.RaftServerConfigKeys (ConfUtils.java:logGet(44)) - raft.server.log.statemachine.data.sync.timeout = 10s (default)
2021-12-07 08:23:13,185 [pool-220-thread-1] INFO  server.RaftServerConfigKeys (ConfUtils.java:logGet(44)) - raft.server.log.statemachine.data.sync.timeout.retry = -1 (default)
2021-12-07 08:23:13,186 [pool-220-thread-1] INFO  server.RaftServerConfigKeys (ConfUtils.java:logGet(44)) - raft.server.log.write.buffer.size = 64KB (=65536) (default)
2021-12-07 08:23:13,186 [pool-220-thread-1] INFO  server.RaftServerConfigKeys (ConfUtils.java:logGet(44)) - raft.server.log.statemachine.data.caching.enabled = false (default)
2021-12-07 08:23:13,186 [pool-220-thread-1] INFO  segmented.SegmentedRaftLogWorker (SegmentedRaftLogWorker.java:lambda$new$0(133)) - om1@group-C5BA1605619E-SegmentedRaftLogWorker: flushIndex: setUnconditionally 0 -> -1
2021-12-07 08:23:13,186 [pool-220-thread-1] INFO  segmented.SegmentedRaftLogWorker (SegmentedRaftLogWorker.java:lambda$new$0(133)) - om1@group-C5BA1605619E-SegmentedRaftLogWorker: safeCacheEvictIndex: setUnconditionally 0 -> -1
2021-12-07 08:23:13,203 [pool-220-thread-1] INFO  server.RaftServerConfigKeys (ConfUtils.java:logGet(44)) - raft.server.snapshot.auto.trigger.enabled = true (custom)
2021-12-07 08:23:13,203 [pool-220-thread-1] INFO  server.RaftServerConfigKeys (ConfUtils.java:logGet(44)) - raft.server.snapshot.auto.trigger.threshold = 400000 (default)
2021-12-07 08:23:13,203 [pool-220-thread-1] INFO  server.RaftServerConfigKeys (ConfUtils.java:logGet(44)) - raft.server.snapshot.retention.file.num = -1 (default)
2021-12-07 08:23:13,203 [pool-220-thread-1] INFO  server.RaftServerConfigKeys (ConfUtils.java:logGet(44)) - raft.server.log.purge.upto.snapshot.index = true (custom)
2021-12-07 08:23:13,203 [pool-220-thread-1] INFO  server.RaftServerConfigKeys (ConfUtils.java:logGet(44)) - raft.server.retrycache.expirytime = 300s (custom)
2021-12-07 08:23:13,203 [pool-220-thread-1] INFO  server.RaftServerConfigKeys (ConfUtils.java:logGet(44)) - raft.server.retrycache.statistics.expirytime = 100μs (default)
2021-12-07 08:23:13,210 [Listener at 127.0.0.1/40979] INFO  om.OzoneManager (OzoneManager.java:initFSOLayout(3848)) - Configured ozone.om.metadata.layout=SIMPLE and disabled optimized OM FS operations
2021-12-07 08:23:13,214 [Listener at 127.0.0.1/40979] INFO  impl.MetricsSystemImpl (MetricsSystemImpl.java:init(158)) - OzoneManager metrics system started (again)
2021-12-07 08:23:13,263 [Listener at 127.0.0.1/40979] INFO  om.OzoneManager (OzoneManager.java:start(1370)) - OzoneManager RPC server is listening at localhost/127.0.0.1:40979
2021-12-07 08:23:13,263 [Listener at 127.0.0.1/40979] INFO  ratis.OzoneManagerRatisServer (OzoneManagerRatisServer.java:start(516)) - Starting OzoneManagerRatisServer om1 at port 9872
2021-12-07 08:23:13,263 [Listener at 127.0.0.1/40979] INFO  server.RaftServer$Division (RaftServerImpl.java:start(301)) - om1@group-C5BA1605619E: start as a follower, conf=-1: [om1|rpc:localhost:9872|priority:0], old=null
2021-12-07 08:23:13,263 [Listener at 127.0.0.1/40979] INFO  server.RaftServer$Division (RaftServerImpl.java:setRole(290)) - om1@group-C5BA1605619E: changes role from      null to FOLLOWER at term 0 for startAsFollower
2021-12-07 08:23:13,264 [Listener at 127.0.0.1/40979] INFO  impl.RoleInfo (RoleInfo.java:updateAndGet(130)) - om1: start om1@group-C5BA1605619E-FollowerState
2021-12-07 08:23:13,271 [Listener at 127.0.0.1/40979] INFO  util.JmxRegister (JmxRegister.java:tryRegister(44)) - Successfully registered JMX Bean with object name Ratis:service=RaftServer,group=group-C5BA1605619E,id=om1
2021-12-07 08:23:13,295 [Listener at 127.0.0.1/40979] INFO  server.RaftServer (RaftServerProxy.java:lambda$start$5(374)) - om1: start RPC server
2021-12-07 08:23:13,307 [Listener at 127.0.0.1/40979] INFO  server.GrpcService (GrpcService.java:startImpl(253)) - om1: GrpcService started, listening on 9872
2021-12-07 08:23:13,319 [Listener at 127.0.0.1/40979] INFO  om.OzoneManager (OzoneManager.java:start(1386)) - Version File has different layout version (0) than OM DB (null). That is expected if this OM has never been finalized to a newer layout version.
2021-12-07 08:23:13,320 [org.apache.ratis.util.JvmPauseMonitor$$Lambda$533/1661870091@47af2de7] INFO  util.JvmPauseMonitor (JvmPauseMonitor.java:run(103)) - JvmPauseMonitor-om1: Started
2021-12-07 08:23:13,335 [Listener at 127.0.0.1/40979] INFO  http.BaseHttpServer (BaseHttpServer.java:newHttpServer2BuilderForOzone(209)) - Starting Web-server for ozoneManager at: http://0.0.0.0:0
2021-12-07 08:23:13,335 [Listener at 127.0.0.1/40979] INFO  http.BaseHttpServer (BaseHttpServer.java:<init>(107)) - Hadoop Security Enabled: false Ozone Security Enabled: false Ozone HTTP Security Enabled: false 
2021-12-07 08:23:13,337 [Listener at 127.0.0.1/40979] INFO  server.AuthenticationFilter (AuthenticationFilter.java:constructSecretProvider(240)) - Unable to initialize FileSignerSecretProvider, falling back to use random secrets.
2021-12-07 08:23:13,347 [Listener at 127.0.0.1/40979] WARN  http.HttpRequestLog (HttpRequestLog.java:getRequestLog(103)) - Jetty request log can only be enabled using Log4j
2021-12-07 08:23:13,348 [Listener at 127.0.0.1/40979] INFO  http.HttpServer2 (HttpServer2.java:addGlobalFilter(1030)) - Added global filter 'safety' (class=org.apache.hadoop.hdds.server.http.HttpServer2$QuotingInputFilter)
2021-12-07 08:23:13,349 [Listener at 127.0.0.1/40979] INFO  http.HttpServer2 (HttpServer2.java:addFilter(1006)) - Added filter static_user_filter (class=org.apache.hadoop.http.lib.StaticUserWebFilter$StaticUserFilter) to context ozoneManager
2021-12-07 08:23:13,349 [Listener at 127.0.0.1/40979] INFO  http.HttpServer2 (HttpServer2.java:addFilter(1014)) - Added filter static_user_filter (class=org.apache.hadoop.http.lib.StaticUserWebFilter$StaticUserFilter) to context static
2021-12-07 08:23:13,349 [Listener at 127.0.0.1/40979] INFO  http.HttpServer2 (HttpServer2.java:addFilter(1014)) - Added filter static_user_filter (class=org.apache.hadoop.http.lib.StaticUserWebFilter$StaticUserFilter) to context logs
2021-12-07 08:23:13,350 [Listener at 127.0.0.1/40979] INFO  http.HttpServer2 (HttpServer2.java:bindListener(1249)) - Jetty bound to port 45977
2021-12-07 08:23:13,350 [Listener at 127.0.0.1/40979] INFO  server.Server (Server.java:doStart(375)) - jetty-9.4.43.v20210629; built: 2021-06-30T11:07:22.254Z; git: 526006ecfa3af7f1a27ef3a288e2bef7ea9dd7e8; jvm 1.8.0_292-b10
2021-12-07 08:23:13,353 [Listener at 127.0.0.1/40979] INFO  server.session (DefaultSessionIdManager.java:doStart(334)) - DefaultSessionIdManager workerName=node0
2021-12-07 08:23:13,353 [Listener at 127.0.0.1/40979] INFO  server.session (DefaultSessionIdManager.java:doStart(339)) - No SessionScavenger set, using defaults
2021-12-07 08:23:13,354 [Listener at 127.0.0.1/40979] INFO  server.session (HouseKeeper.java:startScavenging(132)) - node0 Scavenging every 600000ms
2021-12-07 08:23:13,355 [Listener at 127.0.0.1/40979] INFO  handler.ContextHandler (ContextHandler.java:doStart(915)) - Started o.e.j.s.ServletContextHandler@798ee1a2{logs,/logs,file:///home/runner/work/ozone/ozone/hadoop-ozone/integration-test/target/log,AVAILABLE}
2021-12-07 08:23:13,356 [Listener at 127.0.0.1/40979] INFO  handler.ContextHandler (ContextHandler.java:doStart(915)) - Started o.e.j.s.ServletContextHandler@11b57331{static,/static,file:///home/runner/work/ozone/ozone/hadoop-ozone/integration-test/target/test-classes/webapps/static,AVAILABLE}
2021-12-07 08:23:13,367 [Listener at 127.0.0.1/40979] INFO  handler.ContextHandler (ContextHandler.java:doStart(915)) - Started o.e.j.w.WebAppContext@2c5c81a7{ozoneManager,/,file:///home/runner/work/ozone/ozone/hadoop-ozone/integration-test/target/test-classes/webapps/ozoneManager/,AVAILABLE}{file:/home/runner/work/ozone/ozone/hadoop-ozone/integration-test/target/test-classes/webapps/ozoneManager}
2021-12-07 08:23:13,379 [Listener at 127.0.0.1/40979] INFO  server.AbstractConnector (AbstractConnector.java:doStart(331)) - Started ServerConnector@6d859ad4{HTTP/1.1, (http/1.1)}{0.0.0.0:45977}
2021-12-07 08:23:13,379 [Listener at 127.0.0.1/40979] INFO  server.Server (Server.java:doStart(415)) - Started @86183ms
2021-12-07 08:23:13,379 [Listener at 127.0.0.1/40979] WARN  impl.MetricsSystemImpl (MetricsSystemImpl.java:register(279)) - Sink prometheus already exists!
2021-12-07 08:23:13,383 [Listener at 127.0.0.1/40979] INFO  http.BaseHttpServer (BaseHttpServer.java:updateConnectorAddress(329)) - HTTP server of ozoneManager listening at http://0.0.0.0:45977
2021-12-07 08:23:13,399 [IPC Server Responder] INFO  ipc.Server (Server.java:run(1507)) - IPC Server Responder: starting
2021-12-07 08:23:13,451 [Listener at 127.0.0.1/40979] INFO  om.OzoneManager (OzoneManager.java:startTrashEmptier(1734)) - Trash Interval set to 0. Files deleted will not move to trash
2021-12-07 08:23:13,455 [IPC Server listener on 0] INFO  ipc.Server (Server.java:run(1344)) - IPC Server listener on 0: starting
2021-12-07 08:23:13,483 [org.apache.hadoop.util.JvmPauseMonitor$Monitor@7eb08eeb] INFO  util.JvmPauseMonitor (JvmPauseMonitor.java:run(188)) - Starting JVM pause monitor
2021-12-07 08:23:13,484 [Listener at 127.0.0.1/40979] WARN  impl.MetricRegistriesImpl (MetricRegistriesImpl.java:addReporterRegistration(111)) - New reporters are added after registries were created. Some metrics will be missing from the reporter. Please add reporter before adding any new registry.
2021-12-07 08:23:13,499 [Listener at 127.0.0.1/40979] WARN  impl.MetricRegistriesImpl (MetricRegistriesImpl.java:addReporterRegistration(111)) - New reporters are added after registries were created. Some metrics will be missing from the reporter. Please add reporter before adding any new registry.
2021-12-07 08:23:13,499 [Listener at 127.0.0.1/40979] INFO  impl.MetricsSystemImpl (MetricsSystemImpl.java:init(158)) - HddsDatanode metrics system started (again)
2021-12-07 08:23:13,529 [Listener at 127.0.0.1/40979] INFO  ozone.HddsDatanodeService (HddsDatanodeService.java:start(234)) - HddsDatanodeService host:fv-az151-352.yf2hydr00wburbhx3j5hxtcipe.bx.internal.cloudapp.net ip:10.1.0.14
2021-12-07 08:23:13,591 [Listener at 127.0.0.1/40979] INFO  upgrade.AbstractLayoutVersionManager (AbstractLayoutVersionManager.java:init(79)) - Initializing Layout version manager with metadata layout = SCM_HA (version = 2), software layout = SCM_HA (version = 2)
2021-12-07 08:23:13,713 [Listener at 127.0.0.1/40979] INFO  reflections.Reflections (Reflections.java:scan(232)) - Reflections took 114 ms to scan 7 urls, producing 119 keys and 279 values 
2021-12-07 08:23:13,716 [Listener at 127.0.0.1/40979] INFO  statemachine.DatanodeStateMachine (DatanodeStateMachine.java:getEndPointTaskThreadPoolSize(219)) - Datanode State Machine Task Thread Pool size 2
2021-12-07 08:23:13,736 [Listener at 127.0.0.1/40979] INFO  volume.HddsVolume (HddsVolume.java:<init>(120)) - Creating HddsVolume: /home/runner/work/ozone/ozone/hadoop-ozone/integration-test/target/test-dir/MiniOzoneClusterImpl-478fafeb-4ef0-48e3-bd35-2e3f0cf9f61b/datanode-0/data-0/containers/hdds of storage type : DISK capacity : 9223372036854775807
2021-12-07 08:23:13,741 [Listener at 127.0.0.1/40979] INFO  volume.MutableVolumeSet (MutableVolumeSet.java:initializeVolumeSet(168)) - Added Volume : /home/runner/work/ozone/ozone/hadoop-ozone/integration-test/target/test-dir/MiniOzoneClusterImpl-478fafeb-4ef0-48e3-bd35-2e3f0cf9f61b/datanode-0/data-0/containers/hdds to VolumeSet
2021-12-07 08:23:13,748 [Listener at 127.0.0.1/40979] INFO  volume.ThrottledAsyncChecker (ThrottledAsyncChecker.java:schedule(141)) - Scheduling a check for /home/runner/work/ozone/ozone/hadoop-ozone/integration-test/target/test-dir/MiniOzoneClusterImpl-478fafeb-4ef0-48e3-bd35-2e3f0cf9f61b/datanode-0/data-0/containers/hdds
2021-12-07 08:23:13,755 [Listener at 127.0.0.1/40979] INFO  volume.StorageVolumeChecker (StorageVolumeChecker.java:checkAllVolumes(202)) - Scheduled health check for volume /home/runner/work/ozone/ozone/hadoop-ozone/integration-test/target/test-dir/MiniOzoneClusterImpl-478fafeb-4ef0-48e3-bd35-2e3f0cf9f61b/datanode-0/data-0/containers/hdds
2021-12-07 08:23:13,795 [Listener at 127.0.0.1/40979] INFO  volume.MutableVolumeSet (MutableVolumeSet.java:initializeVolumeSet(168)) - Added Volume : /home/runner/work/ozone/ozone/hadoop-ozone/integration-test/target/test-dir/MiniOzoneClusterImpl-478fafeb-4ef0-48e3-bd35-2e3f0cf9f61b/datanode-0/data/ratis to VolumeSet
2021-12-07 08:23:13,795 [Listener at 127.0.0.1/40979] INFO  volume.ThrottledAsyncChecker (ThrottledAsyncChecker.java:schedule(141)) - Scheduling a check for /home/runner/work/ozone/ozone/hadoop-ozone/integration-test/target/test-dir/MiniOzoneClusterImpl-478fafeb-4ef0-48e3-bd35-2e3f0cf9f61b/datanode-0/data/ratis
2021-12-07 08:23:13,819 [Listener at 127.0.0.1/40979] INFO  volume.StorageVolumeChecker (StorageVolumeChecker.java:checkAllVolumes(202)) - Scheduled health check for volume /home/runner/work/ozone/ozone/hadoop-ozone/integration-test/target/test-dir/MiniOzoneClusterImpl-478fafeb-4ef0-48e3-bd35-2e3f0cf9f61b/datanode-0/data/ratis
2021-12-07 08:23:13,851 [Thread-518] INFO  ozoneimpl.ContainerReader (ContainerReader.java:readVolume(172)) - Finish verifying containers on volume /home/runner/work/ozone/ozone/hadoop-ozone/integration-test/target/test-dir/MiniOzoneClusterImpl-478fafeb-4ef0-48e3-bd35-2e3f0cf9f61b/datanode-0/data-0/containers/hdds
2021-12-07 08:23:13,851 [Listener at 127.0.0.1/40979] INFO  ozoneimpl.OzoneContainer (OzoneContainer.java:buildContainerSet(236)) - Build ContainerSet costs 0s
2021-12-07 08:23:13,854 [Listener at 127.0.0.1/40979] INFO  server.RaftServer (ConfUtils.java:logGet(44)) - raft.rpc.type = GRPC (default)
2021-12-07 08:23:13,855 [Listener at 127.0.0.1/40979] INFO  grpc.GrpcFactory (GrpcFactory.java:checkPooledByteBufAllocatorUseCacheForAllThreads(48)) - PERFORMANCE WARNING: useCacheForAllThreads is true that may cause Netty to create a lot garbage objects and, as a result, trigger GC.
	It is recommended to disable useCacheForAllThreads by setting -Dorg.apache.ratis.thirdparty.io.netty.allocator.useCacheForAllThreads=false in command line.
2021-12-07 08:23:13,855 [Listener at 127.0.0.1/40979] INFO  grpc.GrpcConfigKeys (ConfUtils.java:logGet(44)) - raft.grpc.admin.port = 0 (custom)
2021-12-07 08:23:13,856 [Listener at 127.0.0.1/40979] INFO  grpc.GrpcConfigKeys (ConfUtils.java:logGet(44)) - raft.grpc.client.port = 0 (custom)
2021-12-07 08:23:13,859 [Listener at 127.0.0.1/40979] INFO  grpc.GrpcConfigKeys (ConfUtils.java:logGet(44)) - raft.grpc.server.port = 0 (default)
2021-12-07 08:23:13,859 [Listener at 127.0.0.1/40979] INFO  server.GrpcService (ConfUtils.java:logGet(44)) - raft.grpc.message.size.max = 32MB (=33554432) (custom)
2021-12-07 08:23:13,859 [Listener at 127.0.0.1/40979] INFO  server.RaftServerConfigKeys (ConfUtils.java:logGet(44)) - raft.server.log.appender.buffer.byte-limit = 33554432 (custom)
2021-12-07 08:23:13,859 [Listener at 127.0.0.1/40979] INFO  server.GrpcService (ConfUtils.java:logGet(44)) - raft.grpc.flow.control.window = 5MB (=5242880) (custom)
2021-12-07 08:23:13,859 [Listener at 127.0.0.1/40979] INFO  server.RaftServerConfigKeys (ConfUtils.java:logGet(44)) - raft.server.rpc.request.timeout = 60s (custom)
2021-12-07 08:23:13,860 [Listener at 127.0.0.1/40979] INFO  impl.DataStreamServerImpl (ConfUtils.java:logGet(44)) - raft.datastream.type = DISABLED (default)
2021-12-07 08:23:13,861 [Listener at 127.0.0.1/40979] INFO  server.RaftServerConfigKeys (ConfUtils.java:logGet(44)) - raft.server.rpc.slowness.timeout = 300s (custom)
2021-12-07 08:23:13,861 [Listener at 127.0.0.1/40979] INFO  server.RaftServerConfigKeys (ConfUtils.java:logGet(44)) - raft.server.leaderelection.leader.step-down.wait-time = 10s (default)
2021-12-07 08:23:13,861 [Listener at 127.0.0.1/40979] INFO  server.RaftServerConfigKeys (ConfUtils.java:logGet(44)) - raft.server.storage.dir = [/home/runner/work/ozone/ozone/hadoop-ozone/integration-test/target/test-dir/MiniOzoneClusterImpl-478fafeb-4ef0-48e3-bd35-2e3f0cf9f61b/datanode-0/data/ratis] (custom)
2021-12-07 08:23:13,862 [Listener at 127.0.0.1/40979] INFO  server.XceiverServerGrpc (XceiverServerGrpc.java:<init>(132)) - GrpcServer channel type EpollServerSocketChannel
2021-12-07 08:23:13,876 [Listener at 127.0.0.1/40979] INFO  http.BaseHttpServer (BaseHttpServer.java:newHttpServer2BuilderForOzone(209)) - Starting Web-server for hddsDatanode at: http://0.0.0.0:0
2021-12-07 08:23:13,876 [Listener at 127.0.0.1/40979] INFO  http.BaseHttpServer (BaseHttpServer.java:<init>(107)) - Hadoop Security Enabled: false Ozone Security Enabled: false Ozone HTTP Security Enabled: false 
2021-12-07 08:23:13,878 [Listener at 127.0.0.1/40979] INFO  server.AuthenticationFilter (AuthenticationFilter.java:constructSecretProvider(240)) - Unable to initialize FileSignerSecretProvider, falling back to use random secrets.
2021-12-07 08:23:13,878 [Listener at 127.0.0.1/40979] WARN  http.HttpRequestLog (HttpRequestLog.java:getRequestLog(103)) - Jetty request log can only be enabled using Log4j
2021-12-07 08:23:13,879 [Listener at 127.0.0.1/40979] INFO  http.HttpServer2 (HttpServer2.java:addGlobalFilter(1030)) - Added global filter 'safety' (class=org.apache.hadoop.hdds.server.http.HttpServer2$QuotingInputFilter)
2021-12-07 08:23:13,892 [Listener at 127.0.0.1/40979] INFO  http.HttpServer2 (HttpServer2.java:addFilter(1006)) - Added filter static_user_filter (class=org.apache.hadoop.http.lib.StaticUserWebFilter$StaticUserFilter) to context hddsDatanode
2021-12-07 08:23:13,892 [Listener at 127.0.0.1/40979] INFO  http.HttpServer2 (HttpServer2.java:addFilter(1014)) - Added filter static_user_filter (class=org.apache.hadoop.http.lib.StaticUserWebFilter$StaticUserFilter) to context static
2021-12-07 08:23:13,892 [Listener at 127.0.0.1/40979] INFO  http.HttpServer2 (HttpServer2.java:addFilter(1014)) - Added filter static_user_filter (class=org.apache.hadoop.http.lib.StaticUserWebFilter$StaticUserFilter) to context logs
2021-12-07 08:23:13,893 [Listener at 127.0.0.1/40979] INFO  http.HttpServer2 (HttpServer2.java:bindListener(1249)) - Jetty bound to port 35683
2021-12-07 08:23:13,893 [Listener at 127.0.0.1/40979] INFO  server.Server (Server.java:doStart(375)) - jetty-9.4.43.v20210629; built: 2021-06-30T11:07:22.254Z; git: 526006ecfa3af7f1a27ef3a288e2bef7ea9dd7e8; jvm 1.8.0_292-b10
2021-12-07 08:23:13,898 [Listener at 127.0.0.1/40979] INFO  server.session (DefaultSessionIdManager.java:doStart(334)) - DefaultSessionIdManager workerName=node0
2021-12-07 08:23:13,898 [Listener at 127.0.0.1/40979] INFO  server.session (DefaultSessionIdManager.java:doStart(339)) - No SessionScavenger set, using defaults
2021-12-07 08:23:13,898 [Listener at 127.0.0.1/40979] INFO  server.session (HouseKeeper.java:startScavenging(132)) - node0 Scavenging every 660000ms
2021-12-07 08:23:13,899 [Listener at 127.0.0.1/40979] INFO  handler.ContextHandler (ContextHandler.java:doStart(915)) - Started o.e.j.s.ServletContextHandler@3746349b{logs,/logs,file:///home/runner/work/ozone/ozone/hadoop-ozone/integration-test/target/log,AVAILABLE}
2021-12-07 08:23:13,900 [Listener at 127.0.0.1/40979] INFO  handler.ContextHandler (ContextHandler.java:doStart(915)) - Started o.e.j.s.ServletContextHandler@3eabe57e{static,/static,jar:file:/home/runner/.m2/repository/org/apache/ozone/hdds-container-service/1.3.0-SNAPSHOT/hdds-container-service-1.3.0-SNAPSHOT.jar!/webapps/static,AVAILABLE}
2021-12-07 08:23:14,064 [Listener at 127.0.0.1/40979] INFO  handler.ContextHandler (ContextHandler.java:doStart(915)) - Started o.e.j.w.WebAppContext@47589e8f{hddsDatanode,/,file:///tmp/jetty-0_0_0_0-35683-hdds-container-service-1_3_0-SNAPSHOT_jar-_-any-5207195403327810212/webapp/,AVAILABLE}{jar:file:/home/runner/.m2/repository/org/apache/ozone/hdds-container-service/1.3.0-SNAPSHOT/hdds-container-service-1.3.0-SNAPSHOT.jar!/webapps/hddsDatanode}
2021-12-07 08:23:14,069 [Listener at 127.0.0.1/40979] INFO  server.AbstractConnector (AbstractConnector.java:doStart(331)) - Started ServerConnector@78b6859c{HTTP/1.1, (http/1.1)}{0.0.0.0:35683}
2021-12-07 08:23:14,069 [Listener at 127.0.0.1/40979] INFO  server.Server (Server.java:doStart(415)) - Started @86873ms
2021-12-07 08:23:14,075 [Listener at 127.0.0.1/40979] WARN  impl.MetricsSystemImpl (MetricsSystemImpl.java:register(279)) - Sink prometheus already exists!
2021-12-07 08:23:14,076 [Listener at 127.0.0.1/40979] INFO  http.BaseHttpServer (BaseHttpServer.java:updateConnectorAddress(329)) - HTTP server of hddsDatanode listening at http://0.0.0.0:35683
2021-12-07 08:23:14,086 [Listener at 127.0.0.1/40979] WARN  impl.MetricRegistriesImpl (MetricRegistriesImpl.java:addReporterRegistration(111)) - New reporters are added after registries were created. Some metrics will be missing from the reporter. Please add reporter before adding any new registry.
2021-12-07 08:23:14,086 [Listener at 127.0.0.1/40979] WARN  impl.MetricRegistriesImpl (MetricRegistriesImpl.java:addReporterRegistration(111)) - New reporters are added after registries were created. Some metrics will be missing from the reporter. Please add reporter before adding any new registry.
2021-12-07 08:23:14,086 [Listener at 127.0.0.1/40979] INFO  impl.MetricsSystemImpl (MetricsSystemImpl.java:init(158)) - HddsDatanode metrics system started (again)
2021-12-07 08:23:14,087 [Datanode State Machine Daemon Thread] INFO  statemachine.DatanodeStateMachine (DatanodeStateMachine.java:lambda$startDaemon$0(467)) - Ozone container server started.
2021-12-07 08:23:14,136 [Listener at 127.0.0.1/40979] INFO  ozone.HddsDatanodeService (HddsDatanodeService.java:start(234)) - HddsDatanodeService host:fv-az151-352.yf2hydr00wburbhx3j5hxtcipe.bx.internal.cloudapp.net ip:10.1.0.14
2021-12-07 08:23:14,163 [org.apache.hadoop.util.JvmPauseMonitor$Monitor@2ccccdc6] INFO  util.JvmPauseMonitor (JvmPauseMonitor.java:run(188)) - Starting JVM pause monitor
2021-12-07 08:23:14,180 [Listener at 127.0.0.1/40979] INFO  upgrade.AbstractLayoutVersionManager (AbstractLayoutVersionManager.java:init(79)) - Initializing Layout version manager with metadata layout = SCM_HA (version = 2), software layout = SCM_HA (version = 2)
2021-12-07 08:23:14,192 [Datanode State Machine Task Thread - 0] INFO  datanode.InitDatanodeState (InitDatanodeState.java:persistContainerDatanodeDetails(145)) - DatanodeDetails is persisted to /home/runner/work/ozone/ozone/hadoop-ozone/integration-test/target/test-dir/MiniOzoneClusterImpl-478fafeb-4ef0-48e3-bd35-2e3f0cf9f61b/datanode-0/meta/datanode.id
2021-12-07 08:23:14,258 [Listener at 127.0.0.1/40979] INFO  reflections.Reflections (Reflections.java:scan(232)) - Reflections took 77 ms to scan 7 urls, producing 119 keys and 279 values 
2021-12-07 08:23:14,259 [Listener at 127.0.0.1/40979] INFO  statemachine.DatanodeStateMachine (DatanodeStateMachine.java:getEndPointTaskThreadPoolSize(219)) - Datanode State Machine Task Thread Pool size 2
2021-12-07 08:23:14,271 [Listener at 127.0.0.1/40979] INFO  volume.HddsVolume (HddsVolume.java:<init>(120)) - Creating HddsVolume: /home/runner/work/ozone/ozone/hadoop-ozone/integration-test/target/test-dir/MiniOzoneClusterImpl-478fafeb-4ef0-48e3-bd35-2e3f0cf9f61b/datanode-1/data-0/containers/hdds of storage type : DISK capacity : 9223372036854775807
2021-12-07 08:23:14,271 [Listener at 127.0.0.1/40979] INFO  volume.MutableVolumeSet (MutableVolumeSet.java:initializeVolumeSet(168)) - Added Volume : /home/runner/work/ozone/ozone/hadoop-ozone/integration-test/target/test-dir/MiniOzoneClusterImpl-478fafeb-4ef0-48e3-bd35-2e3f0cf9f61b/datanode-1/data-0/containers/hdds to VolumeSet
2021-12-07 08:23:14,271 [Listener at 127.0.0.1/40979] INFO  volume.ThrottledAsyncChecker (ThrottledAsyncChecker.java:schedule(141)) - Scheduling a check for /home/runner/work/ozone/ozone/hadoop-ozone/integration-test/target/test-dir/MiniOzoneClusterImpl-478fafeb-4ef0-48e3-bd35-2e3f0cf9f61b/datanode-1/data-0/containers/hdds
2021-12-07 08:23:14,274 [Listener at 127.0.0.1/40979] INFO  volume.StorageVolumeChecker (StorageVolumeChecker.java:checkAllVolumes(202)) - Scheduled health check for volume /home/runner/work/ozone/ozone/hadoop-ozone/integration-test/target/test-dir/MiniOzoneClusterImpl-478fafeb-4ef0-48e3-bd35-2e3f0cf9f61b/datanode-1/data-0/containers/hdds
2021-12-07 08:23:14,302 [Listener at 127.0.0.1/40979] INFO  volume.MutableVolumeSet (MutableVolumeSet.java:initializeVolumeSet(168)) - Added Volume : /home/runner/work/ozone/ozone/hadoop-ozone/integration-test/target/test-dir/MiniOzoneClusterImpl-478fafeb-4ef0-48e3-bd35-2e3f0cf9f61b/datanode-1/data/ratis to VolumeSet
2021-12-07 08:23:14,307 [Listener at 127.0.0.1/40979] INFO  volume.ThrottledAsyncChecker (ThrottledAsyncChecker.java:schedule(141)) - Scheduling a check for /home/runner/work/ozone/ozone/hadoop-ozone/integration-test/target/test-dir/MiniOzoneClusterImpl-478fafeb-4ef0-48e3-bd35-2e3f0cf9f61b/datanode-1/data/ratis
2021-12-07 08:23:14,307 [Listener at 127.0.0.1/40979] INFO  volume.StorageVolumeChecker (StorageVolumeChecker.java:checkAllVolumes(202)) - Scheduled health check for volume /home/runner/work/ozone/ozone/hadoop-ozone/integration-test/target/test-dir/MiniOzoneClusterImpl-478fafeb-4ef0-48e3-bd35-2e3f0cf9f61b/datanode-1/data/ratis
2021-12-07 08:23:14,330 [om1@group-C5BA1605619E-FollowerState] INFO  impl.FollowerState (FollowerState.java:run(134)) - om1@group-C5BA1605619E-FollowerState: change to CANDIDATE, lastRpcElapsedTime:1066658148ns, electionTimeout:1051ms
2021-12-07 08:23:14,330 [om1@group-C5BA1605619E-FollowerState] INFO  impl.RoleInfo (RoleInfo.java:shutdownFollowerState(108)) - om1: shutdown om1@group-C5BA1605619E-FollowerState
2021-12-07 08:23:14,331 [om1@group-C5BA1605619E-FollowerState] INFO  server.RaftServer$Division (RaftServerImpl.java:setRole(290)) - om1@group-C5BA1605619E: changes role from  FOLLOWER to CANDIDATE at term 0 for changeToCandidate
2021-12-07 08:23:14,331 [om1@group-C5BA1605619E-FollowerState] INFO  server.RaftServerConfigKeys (ConfUtils.java:logGet(44)) - raft.server.leaderelection.pre-vote = false (custom)
2021-12-07 08:23:14,331 [om1@group-C5BA1605619E-FollowerState] INFO  impl.RoleInfo (RoleInfo.java:updateAndGet(130)) - om1: start om1@group-C5BA1605619E-LeaderElection11
2021-12-07 08:23:14,351 [Thread-531] INFO  ozoneimpl.ContainerReader (ContainerReader.java:readVolume(172)) - Finish verifying containers on volume /home/runner/work/ozone/ozone/hadoop-ozone/integration-test/target/test-dir/MiniOzoneClusterImpl-478fafeb-4ef0-48e3-bd35-2e3f0cf9f61b/datanode-1/data-0/containers/hdds
2021-12-07 08:23:14,359 [Listener at 127.0.0.1/40979] INFO  ozoneimpl.OzoneContainer (OzoneContainer.java:buildContainerSet(236)) - Build ContainerSet costs 0s
2021-12-07 08:23:14,362 [Listener at 127.0.0.1/40979] INFO  server.RaftServer (ConfUtils.java:logGet(44)) - raft.rpc.type = GRPC (default)
2021-12-07 08:23:14,362 [Listener at 127.0.0.1/40979] INFO  grpc.GrpcFactory (GrpcFactory.java:checkPooledByteBufAllocatorUseCacheForAllThreads(48)) - PERFORMANCE WARNING: useCacheForAllThreads is true that may cause Netty to create a lot garbage objects and, as a result, trigger GC.
	It is recommended to disable useCacheForAllThreads by setting -Dorg.apache.ratis.thirdparty.io.netty.allocator.useCacheForAllThreads=false in command line.
2021-12-07 08:23:14,363 [Listener at 127.0.0.1/40979] INFO  grpc.GrpcConfigKeys (ConfUtils.java:logGet(44)) - raft.grpc.admin.port = 0 (custom)
2021-12-07 08:23:14,363 [Listener at 127.0.0.1/40979] INFO  grpc.GrpcConfigKeys (ConfUtils.java:logGet(44)) - raft.grpc.client.port = 0 (custom)
2021-12-07 08:23:14,363 [Listener at 127.0.0.1/40979] INFO  grpc.GrpcConfigKeys (ConfUtils.java:logGet(44)) - raft.grpc.server.port = 0 (default)
2021-12-07 08:23:14,364 [om1@group-C5BA1605619E-LeaderElection11] INFO  impl.LeaderElection (LeaderElection.java:askForVotes(306)) - om1@group-C5BA1605619E-LeaderElection11 ELECTION round 0: submit vote requests at term 1 for -1: [om1|rpc:localhost:9872|priority:0], old=null
2021-12-07 08:23:14,364 [om1@group-C5BA1605619E-LeaderElection11] INFO  impl.LeaderElection (LeaderElection.java:askForVotes(308)) - om1@group-C5BA1605619E-LeaderElection11 ELECTION round 0: result PASSED (term=1)
2021-12-07 08:23:14,364 [om1@group-C5BA1605619E-LeaderElection11] INFO  impl.RoleInfo (RoleInfo.java:shutdownLeaderElection(121)) - om1: shutdown om1@group-C5BA1605619E-LeaderElection11
2021-12-07 08:23:14,364 [om1@group-C5BA1605619E-LeaderElection11] INFO  server.RaftServer$Division (RaftServerImpl.java:setRole(290)) - om1@group-C5BA1605619E: changes role from CANDIDATE to LEADER at term 1 for changeToLeader
2021-12-07 08:23:14,364 [om1@group-C5BA1605619E-LeaderElection11] INFO  server.RaftServer$Division (ServerState.java:setLeader(285)) - om1@group-C5BA1605619E: change Leader from null to om1 at term 1 for becomeLeader, leader elected after 1180ms
2021-12-07 08:23:14,364 [om1@group-C5BA1605619E-LeaderElection11] INFO  server.RaftServerConfigKeys (ConfUtils.java:logGet(44)) - raft.server.staging.catchup.gap = 1000 (default)
2021-12-07 08:23:14,364 [om1@group-C5BA1605619E-LeaderElection11] INFO  server.RaftServerConfigKeys (ConfUtils.java:logGet(44)) - raft.server.write.element-limit = 4096 (default)
2021-12-07 08:23:14,364 [om1@group-C5BA1605619E-LeaderElection11] INFO  server.RaftServerConfigKeys (ConfUtils.java:logGet(44)) - raft.server.write.byte-limit = 64MB (=67108864) (default)
2021-12-07 08:23:14,365 [om1@group-C5BA1605619E-LeaderElection11] INFO  server.RaftServerConfigKeys (ConfUtils.java:logGet(44)) - raft.server.watch.timeout = 10s (default)
2021-12-07 08:23:14,365 [om1@group-C5BA1605619E-LeaderElection11] INFO  server.RaftServerConfigKeys (ConfUtils.java:logGet(44)) - raft.server.watch.timeout.denomination = 1s (default)
2021-12-07 08:23:14,365 [om1@group-C5BA1605619E-LeaderElection11] INFO  server.RaftServerConfigKeys (ConfUtils.java:logGet(44)) - raft.server.watch.element-limit = 65536 (default)
2021-12-07 08:23:14,365 [om1@group-C5BA1605619E-LeaderElection11] INFO  server.RaftServerConfigKeys (ConfUtils.java:logGet(44)) - raft.server.write.element-limit = 4096 (default)
2021-12-07 08:23:14,365 [om1@group-C5BA1605619E-LeaderElection11] INFO  server.RaftServerConfigKeys (ConfUtils.java:logGet(44)) - raft.server.write.follower.gap.ratio.max = -1.0 (default)
2021-12-07 08:23:14,365 [om1@group-C5BA1605619E-LeaderElection11] INFO  impl.RoleInfo (RoleInfo.java:updateAndGet(130)) - om1: start om1@group-C5BA1605619E-LeaderStateImpl
2021-12-07 08:23:14,365 [om1@group-C5BA1605619E-LeaderElection11] INFO  segmented.SegmentedRaftLogWorker (SegmentedRaftLogWorker.java:startLogSegment(394)) - om1@group-C5BA1605619E-SegmentedRaftLogWorker: Starting segment from index:0
2021-12-07 08:23:14,366 [Listener at 127.0.0.1/40979] INFO  server.GrpcService (ConfUtils.java:logGet(44)) - raft.grpc.message.size.max = 32MB (=33554432) (custom)
2021-12-07 08:23:14,366 [Listener at 127.0.0.1/40979] INFO  server.RaftServerConfigKeys (ConfUtils.java:logGet(44)) - raft.server.log.appender.buffer.byte-limit = 33554432 (custom)
2021-12-07 08:23:14,367 [Listener at 127.0.0.1/40979] INFO  server.GrpcService (ConfUtils.java:logGet(44)) - raft.grpc.flow.control.window = 5MB (=5242880) (custom)
2021-12-07 08:23:14,367 [Listener at 127.0.0.1/40979] INFO  server.RaftServerConfigKeys (ConfUtils.java:logGet(44)) - raft.server.rpc.request.timeout = 60s (custom)
2021-12-07 08:23:14,368 [Listener at 127.0.0.1/40979] INFO  impl.DataStreamServerImpl (ConfUtils.java:logGet(44)) - raft.datastream.type = DISABLED (default)
2021-12-07 08:23:14,370 [Listener at 127.0.0.1/40979] INFO  server.RaftServerConfigKeys (ConfUtils.java:logGet(44)) - raft.server.rpc.slowness.timeout = 300s (custom)
2021-12-07 08:23:14,370 [Listener at 127.0.0.1/40979] INFO  server.RaftServerConfigKeys (ConfUtils.java:logGet(44)) - raft.server.leaderelection.leader.step-down.wait-time = 10s (default)
2021-12-07 08:23:14,371 [Listener at 127.0.0.1/40979] INFO  server.RaftServerConfigKeys (ConfUtils.java:logGet(44)) - raft.server.storage.dir = [/home/runner/work/ozone/ozone/hadoop-ozone/integration-test/target/test-dir/MiniOzoneClusterImpl-478fafeb-4ef0-48e3-bd35-2e3f0cf9f61b/datanode-1/data/ratis] (custom)
2021-12-07 08:23:14,373 [Listener at 127.0.0.1/40979] INFO  server.XceiverServerGrpc (XceiverServerGrpc.java:<init>(132)) - GrpcServer channel type EpollServerSocketChannel
2021-12-07 08:23:14,380 [om1@group-C5BA1605619E-SegmentedRaftLogWorker] INFO  segmented.SegmentedRaftLogWorker (SegmentedRaftLogWorker.java:execute(601)) - om1@group-C5BA1605619E-SegmentedRaftLogWorker: created new log segment /home/runner/work/ozone/ozone/hadoop-ozone/integration-test/target/test-dir/MiniOzoneClusterImpl-478fafeb-4ef0-48e3-bd35-2e3f0cf9f61b/ozone-meta/ratis/bf265839-605b-3f16-9796-c5ba1605619e/current/log_inprogress_0
2021-12-07 08:23:14,408 [om1@group-C5BA1605619E-LeaderElection11] INFO  server.RaftServer$Division (ServerState.java:setRaftConf(387)) - om1@group-C5BA1605619E: set configuration 0: [om1|rpc:localhost:9872|admin:|client:|dataStream:|priority:0], old=null
2021-12-07 08:23:14,419 [Listener at 127.0.0.1/40979] INFO  http.BaseHttpServer (BaseHttpServer.java:newHttpServer2BuilderForOzone(209)) - Starting Web-server for hddsDatanode at: http://0.0.0.0:0
2021-12-07 08:23:14,419 [Listener at 127.0.0.1/40979] INFO  http.BaseHttpServer (BaseHttpServer.java:<init>(107)) - Hadoop Security Enabled: false Ozone Security Enabled: false Ozone HTTP Security Enabled: false 
2021-12-07 08:23:14,421 [Listener at 127.0.0.1/40979] INFO  server.AuthenticationFilter (AuthenticationFilter.java:constructSecretProvider(240)) - Unable to initialize FileSignerSecretProvider, falling back to use random secrets.
2021-12-07 08:23:14,421 [om1@group-C5BA1605619E-StateMachineUpdater] INFO  ratis.OzoneManagerStateMachine (OzoneManagerStateMachine.java:notifyConfigurationChanged(188)) - Received Configuration change notification from Ratis. New Peer list:
[id: "om1"
address: "localhost:9872"
]
2021-12-07 08:23:14,435 [Listener at 127.0.0.1/40979] WARN  http.HttpRequestLog (HttpRequestLog.java:getRequestLog(103)) - Jetty request log can only be enabled using Log4j
2021-12-07 08:23:14,436 [Listener at 127.0.0.1/40979] INFO  http.HttpServer2 (HttpServer2.java:addGlobalFilter(1030)) - Added global filter 'safety' (class=org.apache.hadoop.hdds.server.http.HttpServer2$QuotingInputFilter)
2021-12-07 08:23:14,437 [Listener at 127.0.0.1/40979] INFO  http.HttpServer2 (HttpServer2.java:addFilter(1006)) - Added filter static_user_filter (class=org.apache.hadoop.http.lib.StaticUserWebFilter$StaticUserFilter) to context hddsDatanode
2021-12-07 08:23:14,437 [Listener at 127.0.0.1/40979] INFO  http.HttpServer2 (HttpServer2.java:addFilter(1014)) - Added filter static_user_filter (class=org.apache.hadoop.http.lib.StaticUserWebFilter$StaticUserFilter) to context logs
2021-12-07 08:23:14,437 [Listener at 127.0.0.1/40979] INFO  http.HttpServer2 (HttpServer2.java:addFilter(1014)) - Added filter static_user_filter (class=org.apache.hadoop.http.lib.StaticUserWebFilter$StaticUserFilter) to context static
2021-12-07 08:23:14,438 [Listener at 127.0.0.1/40979] INFO  http.HttpServer2 (HttpServer2.java:bindListener(1249)) - Jetty bound to port 33625
2021-12-07 08:23:14,438 [Listener at 127.0.0.1/40979] INFO  server.Server (Server.java:doStart(375)) - jetty-9.4.43.v20210629; built: 2021-06-30T11:07:22.254Z; git: 526006ecfa3af7f1a27ef3a288e2bef7ea9dd7e8; jvm 1.8.0_292-b10
2021-12-07 08:23:14,473 [Listener at 127.0.0.1/40979] INFO  server.session (DefaultSessionIdManager.java:doStart(334)) - DefaultSessionIdManager workerName=node0
2021-12-07 08:23:14,474 [Listener at 127.0.0.1/40979] INFO  server.session (DefaultSessionIdManager.java:doStart(339)) - No SessionScavenger set, using defaults
2021-12-07 08:23:14,474 [Listener at 127.0.0.1/40979] INFO  server.session (HouseKeeper.java:startScavenging(132)) - node0 Scavenging every 660000ms
2021-12-07 08:23:14,475 [Listener at 127.0.0.1/40979] INFO  handler.ContextHandler (ContextHandler.java:doStart(915)) - Started o.e.j.s.ServletContextHandler@651c673e{logs,/logs,file:///home/runner/work/ozone/ozone/hadoop-ozone/integration-test/target/log,AVAILABLE}
2021-12-07 08:23:14,475 [Listener at 127.0.0.1/40979] INFO  handler.ContextHandler (ContextHandler.java:doStart(915)) - Started o.e.j.s.ServletContextHandler@21ed4372{static,/static,jar:file:/home/runner/.m2/repository/org/apache/ozone/hdds-container-service/1.3.0-SNAPSHOT/hdds-container-service-1.3.0-SNAPSHOT.jar!/webapps/static,AVAILABLE}
2021-12-07 08:23:14,596 [Listener at 127.0.0.1/40979] INFO  handler.ContextHandler (ContextHandler.java:doStart(915)) - Started o.e.j.w.WebAppContext@3ec9471f{hddsDatanode,/,file:///tmp/jetty-0_0_0_0-33625-hdds-container-service-1_3_0-SNAPSHOT_jar-_-any-7263353382489071170/webapp/,AVAILABLE}{jar:file:/home/runner/.m2/repository/org/apache/ozone/hdds-container-service/1.3.0-SNAPSHOT/hdds-container-service-1.3.0-SNAPSHOT.jar!/webapps/hddsDatanode}
2021-12-07 08:23:14,612 [Listener at 127.0.0.1/40979] INFO  server.AbstractConnector (AbstractConnector.java:doStart(331)) - Started ServerConnector@1e4a4b45{HTTP/1.1, (http/1.1)}{0.0.0.0:33625}
2021-12-07 08:23:14,612 [Listener at 127.0.0.1/40979] INFO  server.Server (Server.java:doStart(415)) - Started @87416ms
2021-12-07 08:23:14,612 [Listener at 127.0.0.1/40979] WARN  impl.MetricsSystemImpl (MetricsSystemImpl.java:register(279)) - Sink prometheus already exists!
2021-12-07 08:23:14,613 [Listener at 127.0.0.1/40979] INFO  http.BaseHttpServer (BaseHttpServer.java:updateConnectorAddress(329)) - HTTP server of hddsDatanode listening at http://0.0.0.0:33625
2021-12-07 08:23:14,623 [Listener at 127.0.0.1/40979] WARN  impl.MetricRegistriesImpl (MetricRegistriesImpl.java:addReporterRegistration(111)) - New reporters are added after registries were created. Some metrics will be missing from the reporter. Please add reporter before adding any new registry.
2021-12-07 08:23:14,623 [Listener at 127.0.0.1/40979] WARN  impl.MetricRegistriesImpl (MetricRegistriesImpl.java:addReporterRegistration(111)) - New reporters are added after registries were created. Some metrics will be missing from the reporter. Please add reporter before adding any new registry.
2021-12-07 08:23:14,623 [Listener at 127.0.0.1/40979] INFO  impl.MetricsSystemImpl (MetricsSystemImpl.java:init(158)) - HddsDatanode metrics system started (again)
2021-12-07 08:23:14,631 [Datanode State Machine Daemon Thread] INFO  statemachine.DatanodeStateMachine (DatanodeStateMachine.java:lambda$startDaemon$0(467)) - Ozone container server started.
2021-12-07 08:23:14,650 [org.apache.hadoop.util.JvmPauseMonitor$Monitor@4b79243b] INFO  util.JvmPauseMonitor (JvmPauseMonitor.java:run(188)) - Starting JVM pause monitor
2021-12-07 08:23:14,696 [Listener at 127.0.0.1/40979] INFO  ozone.HddsDatanodeService (HddsDatanodeService.java:start(234)) - HddsDatanodeService host:fv-az151-352.yf2hydr00wburbhx3j5hxtcipe.bx.internal.cloudapp.net ip:10.1.0.14
2021-12-07 08:23:14,717 [Datanode State Machine Task Thread - 0] INFO  datanode.InitDatanodeState (InitDatanodeState.java:persistContainerDatanodeDetails(145)) - DatanodeDetails is persisted to /home/runner/work/ozone/ozone/hadoop-ozone/integration-test/target/test-dir/MiniOzoneClusterImpl-478fafeb-4ef0-48e3-bd35-2e3f0cf9f61b/datanode-1/meta/datanode.id
2021-12-07 08:23:14,735 [Listener at 127.0.0.1/40979] INFO  upgrade.AbstractLayoutVersionManager (AbstractLayoutVersionManager.java:init(79)) - Initializing Layout version manager with metadata layout = SCM_HA (version = 2), software layout = SCM_HA (version = 2)
2021-12-07 08:23:14,832 [Listener at 127.0.0.1/40979] INFO  reflections.Reflections (Reflections.java:scan(232)) - Reflections took 88 ms to scan 7 urls, producing 119 keys and 279 values 
2021-12-07 08:23:14,841 [Listener at 127.0.0.1/40979] INFO  statemachine.DatanodeStateMachine (DatanodeStateMachine.java:getEndPointTaskThreadPoolSize(219)) - Datanode State Machine Task Thread Pool size 2
2021-12-07 08:23:14,844 [Listener at 127.0.0.1/40979] INFO  volume.HddsVolume (HddsVolume.java:<init>(120)) - Creating HddsVolume: /home/runner/work/ozone/ozone/hadoop-ozone/integration-test/target/test-dir/MiniOzoneClusterImpl-478fafeb-4ef0-48e3-bd35-2e3f0cf9f61b/datanode-2/data-0/containers/hdds of storage type : DISK capacity : 9223372036854775807
2021-12-07 08:23:14,846 [Listener at 127.0.0.1/40979] INFO  volume.MutableVolumeSet (MutableVolumeSet.java:initializeVolumeSet(168)) - Added Volume : /home/runner/work/ozone/ozone/hadoop-ozone/integration-test/target/test-dir/MiniOzoneClusterImpl-478fafeb-4ef0-48e3-bd35-2e3f0cf9f61b/datanode-2/data-0/containers/hdds to VolumeSet
2021-12-07 08:23:14,846 [Listener at 127.0.0.1/40979] INFO  volume.ThrottledAsyncChecker (ThrottledAsyncChecker.java:schedule(141)) - Scheduling a check for /home/runner/work/ozone/ozone/hadoop-ozone/integration-test/target/test-dir/MiniOzoneClusterImpl-478fafeb-4ef0-48e3-bd35-2e3f0cf9f61b/datanode-2/data-0/containers/hdds
2021-12-07 08:23:14,868 [Listener at 127.0.0.1/40979] INFO  volume.StorageVolumeChecker (StorageVolumeChecker.java:checkAllVolumes(202)) - Scheduled health check for volume /home/runner/work/ozone/ozone/hadoop-ozone/integration-test/target/test-dir/MiniOzoneClusterImpl-478fafeb-4ef0-48e3-bd35-2e3f0cf9f61b/datanode-2/data-0/containers/hdds
2021-12-07 08:23:14,908 [Listener at 127.0.0.1/40979] INFO  volume.MutableVolumeSet (MutableVolumeSet.java:initializeVolumeSet(168)) - Added Volume : /home/runner/work/ozone/ozone/hadoop-ozone/integration-test/target/test-dir/MiniOzoneClusterImpl-478fafeb-4ef0-48e3-bd35-2e3f0cf9f61b/datanode-2/data/ratis to VolumeSet
2021-12-07 08:23:14,908 [Listener at 127.0.0.1/40979] INFO  volume.ThrottledAsyncChecker (ThrottledAsyncChecker.java:schedule(141)) - Scheduling a check for /home/runner/work/ozone/ozone/hadoop-ozone/integration-test/target/test-dir/MiniOzoneClusterImpl-478fafeb-4ef0-48e3-bd35-2e3f0cf9f61b/datanode-2/data/ratis
2021-12-07 08:23:14,908 [Listener at 127.0.0.1/40979] INFO  volume.StorageVolumeChecker (StorageVolumeChecker.java:checkAllVolumes(202)) - Scheduled health check for volume /home/runner/work/ozone/ozone/hadoop-ozone/integration-test/target/test-dir/MiniOzoneClusterImpl-478fafeb-4ef0-48e3-bd35-2e3f0cf9f61b/datanode-2/data/ratis
2021-12-07 08:23:14,959 [Thread-544] INFO  ozoneimpl.ContainerReader (ContainerReader.java:readVolume(172)) - Finish verifying containers on volume /home/runner/work/ozone/ozone/hadoop-ozone/integration-test/target/test-dir/MiniOzoneClusterImpl-478fafeb-4ef0-48e3-bd35-2e3f0cf9f61b/datanode-2/data-0/containers/hdds
2021-12-07 08:23:14,959 [Listener at 127.0.0.1/40979] INFO  ozoneimpl.OzoneContainer (OzoneContainer.java:buildContainerSet(236)) - Build ContainerSet costs 0s
2021-12-07 08:23:14,965 [Listener at 127.0.0.1/40979] INFO  server.RaftServer (ConfUtils.java:logGet(44)) - raft.rpc.type = GRPC (default)
2021-12-07 08:23:14,966 [Listener at 127.0.0.1/40979] INFO  grpc.GrpcFactory (GrpcFactory.java:checkPooledByteBufAllocatorUseCacheForAllThreads(48)) - PERFORMANCE WARNING: useCacheForAllThreads is true that may cause Netty to create a lot garbage objects and, as a result, trigger GC.
	It is recommended to disable useCacheForAllThreads by setting -Dorg.apache.ratis.thirdparty.io.netty.allocator.useCacheForAllThreads=false in command line.
2021-12-07 08:23:14,967 [Listener at 127.0.0.1/40979] INFO  grpc.GrpcConfigKeys (ConfUtils.java:logGet(44)) - raft.grpc.admin.port = 0 (custom)
2021-12-07 08:23:14,967 [Listener at 127.0.0.1/40979] INFO  grpc.GrpcConfigKeys (ConfUtils.java:logGet(44)) - raft.grpc.client.port = 0 (custom)
2021-12-07 08:23:14,967 [Listener at 127.0.0.1/40979] INFO  grpc.GrpcConfigKeys (ConfUtils.java:logGet(44)) - raft.grpc.server.port = 0 (default)
2021-12-07 08:23:14,967 [Listener at 127.0.0.1/40979] INFO  server.GrpcService (ConfUtils.java:logGet(44)) - raft.grpc.message.size.max = 32MB (=33554432) (custom)
2021-12-07 08:23:14,967 [Listener at 127.0.0.1/40979] INFO  server.RaftServerConfigKeys (ConfUtils.java:logGet(44)) - raft.server.log.appender.buffer.byte-limit = 33554432 (custom)
2021-12-07 08:23:14,970 [Listener at 127.0.0.1/40979] INFO  server.GrpcService (ConfUtils.java:logGet(44)) - raft.grpc.flow.control.window = 5MB (=5242880) (custom)
2021-12-07 08:23:14,970 [Listener at 127.0.0.1/40979] INFO  server.RaftServerConfigKeys (ConfUtils.java:logGet(44)) - raft.server.rpc.request.timeout = 60s (custom)
2021-12-07 08:23:14,971 [Listener at 127.0.0.1/40979] INFO  impl.DataStreamServerImpl (ConfUtils.java:logGet(44)) - raft.datastream.type = DISABLED (default)
2021-12-07 08:23:14,972 [Listener at 127.0.0.1/40979] INFO  server.RaftServerConfigKeys (ConfUtils.java:logGet(44)) - raft.server.rpc.slowness.timeout = 300s (custom)
2021-12-07 08:23:14,972 [Listener at 127.0.0.1/40979] INFO  server.RaftServerConfigKeys (ConfUtils.java:logGet(44)) - raft.server.leaderelection.leader.step-down.wait-time = 10s (default)
2021-12-07 08:23:14,972 [Listener at 127.0.0.1/40979] INFO  server.RaftServerConfigKeys (ConfUtils.java:logGet(44)) - raft.server.storage.dir = [/home/runner/work/ozone/ozone/hadoop-ozone/integration-test/target/test-dir/MiniOzoneClusterImpl-478fafeb-4ef0-48e3-bd35-2e3f0cf9f61b/datanode-2/data/ratis] (custom)
2021-12-07 08:23:14,973 [Listener at 127.0.0.1/40979] INFO  server.XceiverServerGrpc (XceiverServerGrpc.java:<init>(132)) - GrpcServer channel type EpollServerSocketChannel
2021-12-07 08:23:14,984 [Listener at 127.0.0.1/40979] INFO  http.BaseHttpServer (BaseHttpServer.java:newHttpServer2BuilderForOzone(209)) - Starting Web-server for hddsDatanode at: http://0.0.0.0:0
2021-12-07 08:23:14,984 [Listener at 127.0.0.1/40979] INFO  http.BaseHttpServer (BaseHttpServer.java:<init>(107)) - Hadoop Security Enabled: false Ozone Security Enabled: false Ozone HTTP Security Enabled: false 
2021-12-07 08:23:14,985 [Listener at 127.0.0.1/40979] INFO  server.AuthenticationFilter (AuthenticationFilter.java:constructSecretProvider(240)) - Unable to initialize FileSignerSecretProvider, falling back to use random secrets.
2021-12-07 08:23:14,986 [Listener at 127.0.0.1/40979] WARN  http.HttpRequestLog (HttpRequestLog.java:getRequestLog(103)) - Jetty request log can only be enabled using Log4j
2021-12-07 08:23:14,987 [Listener at 127.0.0.1/40979] INFO  http.HttpServer2 (HttpServer2.java:addGlobalFilter(1030)) - Added global filter 'safety' (class=org.apache.hadoop.hdds.server.http.HttpServer2$QuotingInputFilter)
2021-12-07 08:23:14,988 [Listener at 127.0.0.1/40979] INFO  http.HttpServer2 (HttpServer2.java:addFilter(1006)) - Added filter static_user_filter (class=org.apache.hadoop.http.lib.StaticUserWebFilter$StaticUserFilter) to context hddsDatanode
2021-12-07 08:23:14,988 [Listener at 127.0.0.1/40979] INFO  http.HttpServer2 (HttpServer2.java:addFilter(1014)) - Added filter static_user_filter (class=org.apache.hadoop.http.lib.StaticUserWebFilter$StaticUserFilter) to context logs
2021-12-07 08:23:14,988 [Listener at 127.0.0.1/40979] INFO  http.HttpServer2 (HttpServer2.java:addFilter(1014)) - Added filter static_user_filter (class=org.apache.hadoop.http.lib.StaticUserWebFilter$StaticUserFilter) to context static
2021-12-07 08:23:14,988 [Listener at 127.0.0.1/40979] INFO  http.HttpServer2 (HttpServer2.java:bindListener(1249)) - Jetty bound to port 40603
2021-12-07 08:23:14,988 [Listener at 127.0.0.1/40979] INFO  server.Server (Server.java:doStart(375)) - jetty-9.4.43.v20210629; built: 2021-06-30T11:07:22.254Z; git: 526006ecfa3af7f1a27ef3a288e2bef7ea9dd7e8; jvm 1.8.0_292-b10
2021-12-07 08:23:15,003 [Listener at 127.0.0.1/40979] INFO  server.session (DefaultSessionIdManager.java:doStart(334)) - DefaultSessionIdManager workerName=node0
2021-12-07 08:23:15,004 [Listener at 127.0.0.1/40979] INFO  server.session (DefaultSessionIdManager.java:doStart(339)) - No SessionScavenger set, using defaults
2021-12-07 08:23:15,004 [Listener at 127.0.0.1/40979] INFO  server.session (HouseKeeper.java:startScavenging(132)) - node0 Scavenging every 660000ms
2021-12-07 08:23:15,005 [Listener at 127.0.0.1/40979] INFO  handler.ContextHandler (ContextHandler.java:doStart(915)) - Started o.e.j.s.ServletContextHandler@7886cb63{logs,/logs,file:///home/runner/work/ozone/ozone/hadoop-ozone/integration-test/target/log,AVAILABLE}
2021-12-07 08:23:15,005 [Listener at 127.0.0.1/40979] INFO  handler.ContextHandler (ContextHandler.java:doStart(915)) - Started o.e.j.s.ServletContextHandler@6766d351{static,/static,jar:file:/home/runner/.m2/repository/org/apache/ozone/hdds-container-service/1.3.0-SNAPSHOT/hdds-container-service-1.3.0-SNAPSHOT.jar!/webapps/static,AVAILABLE}
2021-12-07 08:23:15,124 [Listener at 127.0.0.1/40979] INFO  handler.ContextHandler (ContextHandler.java:doStart(915)) - Started o.e.j.w.WebAppContext@be070f3{hddsDatanode,/,file:///tmp/jetty-0_0_0_0-40603-hdds-container-service-1_3_0-SNAPSHOT_jar-_-any-7570198420062018112/webapp/,AVAILABLE}{jar:file:/home/runner/.m2/repository/org/apache/ozone/hdds-container-service/1.3.0-SNAPSHOT/hdds-container-service-1.3.0-SNAPSHOT.jar!/webapps/hddsDatanode}
2021-12-07 08:23:15,131 [Listener at 127.0.0.1/40979] INFO  server.AbstractConnector (AbstractConnector.java:doStart(331)) - Started ServerConnector@4951cf43{HTTP/1.1, (http/1.1)}{0.0.0.0:40603}
2021-12-07 08:23:15,131 [Listener at 127.0.0.1/40979] INFO  server.Server (Server.java:doStart(415)) - Started @87935ms
2021-12-07 08:23:15,131 [Listener at 127.0.0.1/40979] WARN  impl.MetricsSystemImpl (MetricsSystemImpl.java:register(279)) - Sink prometheus already exists!
2021-12-07 08:23:15,133 [Listener at 127.0.0.1/40979] INFO  http.BaseHttpServer (BaseHttpServer.java:updateConnectorAddress(329)) - HTTP server of hddsDatanode listening at http://0.0.0.0:40603
2021-12-07 08:23:15,147 [Listener at 127.0.0.1/40979] INFO  ozone.MiniOzoneClusterImpl (MiniOzoneClusterImpl.java:lambda$waitForClusterToBeReady$0(235)) - Waiting for nodes to be ready. Got 0 of 3 DN Heartbeats.
2021-12-07 08:23:15,147 [Listener at 127.0.0.1/40979] INFO  ozone.MiniOzoneClusterImpl (MiniOzoneClusterImpl.java:lambda$waitForClusterToBeReady$0(238)) - Waiting for cluster to exit safe mode
2021-12-07 08:23:15,147 [Listener at 127.0.0.1/40979] INFO  ozone.MiniOzoneClusterImpl (MiniOzoneClusterImpl.java:lambda$waitForClusterToBeReady$0(240)) - SCM became leader
2021-12-07 08:23:15,148 [Datanode State Machine Daemon Thread] INFO  statemachine.DatanodeStateMachine (DatanodeStateMachine.java:lambda$startDaemon$0(467)) - Ozone container server started.
2021-12-07 08:23:15,169 [org.apache.hadoop.util.JvmPauseMonitor$Monitor@2d0a773d] INFO  util.JvmPauseMonitor (JvmPauseMonitor.java:run(188)) - Starting JVM pause monitor
2021-12-07 08:23:15,183 [Datanode State Machine Task Thread - 0] INFO  datanode.InitDatanodeState (InitDatanodeState.java:persistContainerDatanodeDetails(145)) - DatanodeDetails is persisted to /home/runner/work/ozone/ozone/hadoop-ozone/integration-test/target/test-dir/MiniOzoneClusterImpl-478fafeb-4ef0-48e3-bd35-2e3f0cf9f61b/datanode-2/meta/datanode.id
2021-12-07 08:23:16,148 [Listener at 127.0.0.1/40979] INFO  ozone.MiniOzoneClusterImpl (MiniOzoneClusterImpl.java:lambda$waitForClusterToBeReady$0(235)) - Waiting for nodes to be ready. Got 0 of 3 DN Heartbeats.
2021-12-07 08:23:16,148 [Listener at 127.0.0.1/40979] INFO  ozone.MiniOzoneClusterImpl (MiniOzoneClusterImpl.java:lambda$waitForClusterToBeReady$0(238)) - Waiting for cluster to exit safe mode
2021-12-07 08:23:16,148 [Listener at 127.0.0.1/40979] INFO  ozone.MiniOzoneClusterImpl (MiniOzoneClusterImpl.java:lambda$waitForClusterToBeReady$0(240)) - SCM became leader
2021-12-07 08:23:16,217 [EndpointStateMachine task thread for /0.0.0.0:33331 - 0 ] INFO  ozoneimpl.OzoneContainer (OzoneContainer.java:start(304)) - Attempting to start container services.
2021-12-07 08:23:16,217 [EndpointStateMachine task thread for /0.0.0.0:33331 - 0 ] INFO  ozoneimpl.OzoneContainer (OzoneContainer.java:startContainerScrub(249)) - Background container scanner has been disabled.
2021-12-07 08:23:16,219 [EndpointStateMachine task thread for /0.0.0.0:33331 - 0 ] INFO  replication.ReplicationServer (ReplicationServer.java:start(107)) - ReplicationServer is started using port 46117
2021-12-07 08:23:16,223 [EndpointStateMachine task thread for /0.0.0.0:33331 - 0 ] INFO  ratis.XceiverServerRatis (XceiverServerRatis.java:start(484)) - Starting XceiverServerRatis fa0dcf4e-df9f-4e34-8330-207691817642
2021-12-07 08:23:16,227 [EndpointStateMachine task thread for /0.0.0.0:33331 - 0 ] INFO  server.RaftServer (RaftServerProxy.java:lambda$start$5(374)) - fa0dcf4e-df9f-4e34-8330-207691817642: start RPC server
2021-12-07 08:23:16,232 [EndpointStateMachine task thread for /0.0.0.0:33331 - 0 ] INFO  server.GrpcService (GrpcService.java:startImpl(253)) - fa0dcf4e-df9f-4e34-8330-207691817642: GrpcService started, listening on 46745
2021-12-07 08:23:16,232 [EndpointStateMachine task thread for /0.0.0.0:33331 - 0 ] INFO  ratis.XceiverServerRatis (XceiverServerRatis.java:getRealPort(505)) - XceiverServerRatis fa0dcf4e-df9f-4e34-8330-207691817642 is started using port 46745 for RATIS
2021-12-07 08:23:16,232 [EndpointStateMachine task thread for /0.0.0.0:33331 - 0 ] INFO  ratis.XceiverServerRatis (XceiverServerRatis.java:getRealPort(505)) - XceiverServerRatis fa0dcf4e-df9f-4e34-8330-207691817642 is started using port 46745 for RATIS_ADMIN
2021-12-07 08:23:16,243 [EndpointStateMachine task thread for /0.0.0.0:33331 - 0 ] INFO  ratis.XceiverServerRatis (XceiverServerRatis.java:getRealPort(505)) - XceiverServerRatis fa0dcf4e-df9f-4e34-8330-207691817642 is started using port 46745 for RATIS_SERVER
2021-12-07 08:23:16,232 [org.apache.ratis.util.JvmPauseMonitor$$Lambda$533/1661870091@7bd4c5b1] INFO  util.JvmPauseMonitor (JvmPauseMonitor.java:run(103)) - JvmPauseMonitor-fa0dcf4e-df9f-4e34-8330-207691817642: Started
2021-12-07 08:23:16,255 [EndpointStateMachine task thread for /0.0.0.0:33331 - 0 ] INFO  server.XceiverServerGrpc (XceiverServerGrpc.java:start(180)) - XceiverServerGrpc fa0dcf4e-df9f-4e34-8330-207691817642 is started using port 39659
2021-12-07 08:23:16,672 [EndpointStateMachine task thread for /0.0.0.0:33331 - 0 ] INFO  ozoneimpl.OzoneContainer (OzoneContainer.java:start(304)) - Attempting to start container services.
2021-12-07 08:23:16,672 [EndpointStateMachine task thread for /0.0.0.0:33331 - 0 ] INFO  ozoneimpl.OzoneContainer (OzoneContainer.java:startContainerScrub(249)) - Background container scanner has been disabled.
2021-12-07 08:23:16,681 [EndpointStateMachine task thread for /0.0.0.0:33331 - 0 ] INFO  replication.ReplicationServer (ReplicationServer.java:start(107)) - ReplicationServer is started using port 39831
2021-12-07 08:23:16,681 [EndpointStateMachine task thread for /0.0.0.0:33331 - 0 ] INFO  ratis.XceiverServerRatis (XceiverServerRatis.java:start(484)) - Starting XceiverServerRatis ef998961-c73b-4226-87f3-43670785e9df
2021-12-07 08:23:16,683 [EndpointStateMachine task thread for /0.0.0.0:33331 - 0 ] INFO  server.RaftServer (RaftServerProxy.java:lambda$start$5(374)) - ef998961-c73b-4226-87f3-43670785e9df: start RPC server
2021-12-07 08:23:16,684 [EndpointStateMachine task thread for /0.0.0.0:33331 - 0 ] INFO  server.GrpcService (GrpcService.java:startImpl(253)) - ef998961-c73b-4226-87f3-43670785e9df: GrpcService started, listening on 41193
2021-12-07 08:23:16,691 [EndpointStateMachine task thread for /0.0.0.0:33331 - 0 ] INFO  ratis.XceiverServerRatis (XceiverServerRatis.java:getRealPort(505)) - XceiverServerRatis ef998961-c73b-4226-87f3-43670785e9df is started using port 41193 for RATIS
2021-12-07 08:23:16,691 [EndpointStateMachine task thread for /0.0.0.0:33331 - 0 ] INFO  ratis.XceiverServerRatis (XceiverServerRatis.java:getRealPort(505)) - XceiverServerRatis ef998961-c73b-4226-87f3-43670785e9df is started using port 41193 for RATIS_ADMIN
2021-12-07 08:23:16,691 [EndpointStateMachine task thread for /0.0.0.0:33331 - 0 ] INFO  ratis.XceiverServerRatis (XceiverServerRatis.java:getRealPort(505)) - XceiverServerRatis ef998961-c73b-4226-87f3-43670785e9df is started using port 41193 for RATIS_SERVER
2021-12-07 08:23:16,693 [org.apache.ratis.util.JvmPauseMonitor$$Lambda$533/1661870091@3ba464f2] INFO  util.JvmPauseMonitor (JvmPauseMonitor.java:run(103)) - JvmPauseMonitor-ef998961-c73b-4226-87f3-43670785e9df: Started
2021-12-07 08:23:16,715 [EndpointStateMachine task thread for /0.0.0.0:33331 - 0 ] INFO  server.XceiverServerGrpc (XceiverServerGrpc.java:start(180)) - XceiverServerGrpc ef998961-c73b-4226-87f3-43670785e9df is started using port 43293
2021-12-07 08:23:17,148 [Listener at 127.0.0.1/40979] INFO  ozone.MiniOzoneClusterImpl (MiniOzoneClusterImpl.java:lambda$waitForClusterToBeReady$0(235)) - Waiting for nodes to be ready. Got 0 of 3 DN Heartbeats.
2021-12-07 08:23:17,148 [Listener at 127.0.0.1/40979] INFO  ozone.MiniOzoneClusterImpl (MiniOzoneClusterImpl.java:lambda$waitForClusterToBeReady$0(238)) - Waiting for cluster to exit safe mode
2021-12-07 08:23:17,148 [Listener at 127.0.0.1/40979] INFO  ozone.MiniOzoneClusterImpl (MiniOzoneClusterImpl.java:lambda$waitForClusterToBeReady$0(240)) - SCM became leader
2021-12-07 08:23:17,186 [EndpointStateMachine task thread for /0.0.0.0:33331 - 0 ] INFO  ozoneimpl.OzoneContainer (OzoneContainer.java:start(304)) - Attempting to start container services.
2021-12-07 08:23:17,187 [EndpointStateMachine task thread for /0.0.0.0:33331 - 0 ] INFO  ozoneimpl.OzoneContainer (OzoneContainer.java:startContainerScrub(249)) - Background container scanner has been disabled.
2021-12-07 08:23:17,191 [EndpointStateMachine task thread for /0.0.0.0:33331 - 0 ] INFO  replication.ReplicationServer (ReplicationServer.java:start(107)) - ReplicationServer is started using port 45147
2021-12-07 08:23:17,195 [EndpointStateMachine task thread for /0.0.0.0:33331 - 0 ] INFO  ratis.XceiverServerRatis (XceiverServerRatis.java:start(484)) - Starting XceiverServerRatis f079c5a0-ef00-4d60-9ad2-3d1de424dd8b
2021-12-07 08:23:17,204 [EndpointStateMachine task thread for /0.0.0.0:33331 - 0 ] INFO  server.RaftServer (RaftServerProxy.java:lambda$start$5(374)) - f079c5a0-ef00-4d60-9ad2-3d1de424dd8b: start RPC server
2021-12-07 08:23:17,206 [EndpointStateMachine task thread for /0.0.0.0:33331 - 0 ] INFO  server.GrpcService (GrpcService.java:startImpl(253)) - f079c5a0-ef00-4d60-9ad2-3d1de424dd8b: GrpcService started, listening on 37525
2021-12-07 08:23:17,207 [EndpointStateMachine task thread for /0.0.0.0:33331 - 0 ] INFO  ratis.XceiverServerRatis (XceiverServerRatis.java:getRealPort(505)) - XceiverServerRatis f079c5a0-ef00-4d60-9ad2-3d1de424dd8b is started using port 37525 for RATIS
2021-12-07 08:23:17,207 [EndpointStateMachine task thread for /0.0.0.0:33331 - 0 ] INFO  ratis.XceiverServerRatis (XceiverServerRatis.java:getRealPort(505)) - XceiverServerRatis f079c5a0-ef00-4d60-9ad2-3d1de424dd8b is started using port 37525 for RATIS_ADMIN
2021-12-07 08:23:17,207 [EndpointStateMachine task thread for /0.0.0.0:33331 - 0 ] INFO  ratis.XceiverServerRatis (XceiverServerRatis.java:getRealPort(505)) - XceiverServerRatis f079c5a0-ef00-4d60-9ad2-3d1de424dd8b is started using port 37525 for RATIS_SERVER
2021-12-07 08:23:17,208 [org.apache.ratis.util.JvmPauseMonitor$$Lambda$533/1661870091@6565bc5a] INFO  util.JvmPauseMonitor (JvmPauseMonitor.java:run(103)) - JvmPauseMonitor-f079c5a0-ef00-4d60-9ad2-3d1de424dd8b: Started
2021-12-07 08:23:17,220 [EndpointStateMachine task thread for /0.0.0.0:33331 - 0 ] INFO  server.XceiverServerGrpc (XceiverServerGrpc.java:start(180)) - XceiverServerGrpc f079c5a0-ef00-4d60-9ad2-3d1de424dd8b is started using port 37599
2021-12-07 08:23:18,149 [Listener at 127.0.0.1/40979] INFO  ozone.MiniOzoneClusterImpl (MiniOzoneClusterImpl.java:lambda$waitForClusterToBeReady$0(235)) - Waiting for nodes to be ready. Got 0 of 3 DN Heartbeats.
2021-12-07 08:23:18,149 [Listener at 127.0.0.1/40979] INFO  ozone.MiniOzoneClusterImpl (MiniOzoneClusterImpl.java:lambda$waitForClusterToBeReady$0(238)) - Waiting for cluster to exit safe mode
2021-12-07 08:23:18,149 [Listener at 127.0.0.1/40979] INFO  ozone.MiniOzoneClusterImpl (MiniOzoneClusterImpl.java:lambda$waitForClusterToBeReady$0(240)) - SCM became leader
2021-12-07 08:23:18,166 [IPC Server handler 1 on default port 33331] INFO  net.NetworkTopologyImpl (NetworkTopologyImpl.java:add(112)) - Added a new node: /default-rack/fa0dcf4e-df9f-4e34-8330-207691817642
2021-12-07 08:23:18,166 [IPC Server handler 1 on default port 33331] INFO  node.SCMNodeManager (SCMNodeManager.java:register(389)) - Registered Data node : fa0dcf4e-df9f-4e34-8330-207691817642{ip: 10.1.0.14, host: fv-az151-352.yf2hydr00wburbhx3j5hxtcipe.bx.internal.cloudapp.net, ports: [REPLICATION=46117, RATIS=46745, RATIS_ADMIN=46745, RATIS_SERVER=46745, STANDALONE=39659], networkLocation: /default-rack, certSerialId: null, persistedOpState: null, persistedOpStateExpiryEpochSec: 0}
2021-12-07 08:23:18,168 [EventQueue-NodeRegistrationContainerReportForContainerSafeModeRule] INFO  safemode.SCMSafeModeManager (SCMSafeModeManager.java:validateSafeModeExitRules(204)) - ContainerSafeModeRule rule is successfully validated
2021-12-07 08:23:18,169 [EventQueue-NodeRegistrationContainerReportForDataNodeSafeModeRule] INFO  safemode.SCMSafeModeManager (DataNodeSafeModeRule.java:process(71)) - SCM in safe mode. 1 DataNodes registered, 3 required.
2021-12-07 08:23:18,174 [EventQueue-NewNodeForNewNodeHandler] INFO  pipeline.BackgroundPipelineCreator (BackgroundPipelineCreator.java:notifyEventTriggered(285)) - trigger a one-shot run on RatisPipelineUtilsThread.
2021-12-07 08:23:18,175 [EventQueue-PipelineReportForOneReplicaPipelineSafeModeRule] INFO  safemode.SCMSafeModeManager (SCMSafeModeManager.java:validateSafeModeExitRules(204)) - AtleastOneDatanodeReportedRule rule is successfully validated
2021-12-07 08:23:18,182 [RatisPipelineUtilsThread - 0] INFO  pipeline.RatisPipelineProvider (RatisPipelineProvider.java:lambda$create$0(183)) - Sending CreatePipelineCommand for pipeline:PipelineID=7be8df67-e0f8-4960-95f1-91b4ee80195c to datanode:fa0dcf4e-df9f-4e34-8330-207691817642
2021-12-07 08:23:18,188 [RatisPipelineUtilsThread - 0] INFO  pipeline.PipelineStateManagerImpl (PipelineStateManagerImpl.java:addPipeline(101)) - Created pipeline Pipeline[ Id: 7be8df67-e0f8-4960-95f1-91b4ee80195c, Nodes: fa0dcf4e-df9f-4e34-8330-207691817642{ip: 10.1.0.14, host: fv-az151-352.yf2hydr00wburbhx3j5hxtcipe.bx.internal.cloudapp.net, ports: [REPLICATION=46117, RATIS=46745, RATIS_ADMIN=46745, RATIS_SERVER=46745, STANDALONE=39659], networkLocation: /default-rack, certSerialId: null, persistedOpState: IN_SERVICE, persistedOpStateExpiryEpochSec: 0}, ReplicationConfig: RATIS/ONE, State:ALLOCATED, leaderId:, CreationTimestamp2021-12-07T08:23:18.182Z[Etc/UTC]].
2021-12-07 08:23:18,653 [IPC Server handler 0 on default port 33331] INFO  net.NetworkTopologyImpl (NetworkTopologyImpl.java:add(112)) - Added a new node: /default-rack/ef998961-c73b-4226-87f3-43670785e9df
2021-12-07 08:23:18,653 [IPC Server handler 0 on default port 33331] INFO  node.SCMNodeManager (SCMNodeManager.java:register(389)) - Registered Data node : ef998961-c73b-4226-87f3-43670785e9df{ip: 10.1.0.14, host: fv-az151-352.yf2hydr00wburbhx3j5hxtcipe.bx.internal.cloudapp.net, ports: [REPLICATION=39831, RATIS=41193, RATIS_ADMIN=41193, RATIS_SERVER=41193, STANDALONE=43293], networkLocation: /default-rack, certSerialId: null, persistedOpState: null, persistedOpStateExpiryEpochSec: 0}
2021-12-07 08:23:18,653 [EventQueue-NewNodeForNewNodeHandler] INFO  pipeline.BackgroundPipelineCreator (BackgroundPipelineCreator.java:notifyEventTriggered(285)) - trigger a one-shot run on RatisPipelineUtilsThread.
2021-12-07 08:23:18,676 [RatisPipelineUtilsThread - 0] INFO  pipeline.RatisPipelineProvider (RatisPipelineProvider.java:lambda$create$0(183)) - Sending CreatePipelineCommand for pipeline:PipelineID=6a36308d-6244-48e1-9ed9-3227bb7b9baa to datanode:ef998961-c73b-4226-87f3-43670785e9df
2021-12-07 08:23:18,677 [RatisPipelineUtilsThread - 0] INFO  pipeline.PipelineStateManagerImpl (PipelineStateManagerImpl.java:addPipeline(101)) - Created pipeline Pipeline[ Id: 6a36308d-6244-48e1-9ed9-3227bb7b9baa, Nodes: ef998961-c73b-4226-87f3-43670785e9df{ip: 10.1.0.14, host: fv-az151-352.yf2hydr00wburbhx3j5hxtcipe.bx.internal.cloudapp.net, ports: [REPLICATION=39831, RATIS=41193, RATIS_ADMIN=41193, RATIS_SERVER=41193, STANDALONE=43293], networkLocation: /default-rack, certSerialId: null, persistedOpState: IN_SERVICE, persistedOpStateExpiryEpochSec: 0}, ReplicationConfig: RATIS/ONE, State:ALLOCATED, leaderId:, CreationTimestamp2021-12-07T08:23:18.676Z[Etc/UTC]].
2021-12-07 08:23:18,679 [EventQueue-NodeRegistrationContainerReportForDataNodeSafeModeRule] INFO  safemode.SCMSafeModeManager (DataNodeSafeModeRule.java:process(71)) - SCM in safe mode. 2 DataNodes registered, 3 required.
2021-12-07 08:23:19,149 [Listener at 127.0.0.1/40979] INFO  ozone.MiniOzoneClusterImpl (MiniOzoneClusterImpl.java:lambda$waitForClusterToBeReady$0(235)) - Waiting for nodes to be ready. Got 2 of 3 DN Heartbeats.
2021-12-07 08:23:19,150 [Listener at 127.0.0.1/40979] INFO  ozone.MiniOzoneClusterImpl (MiniOzoneClusterImpl.java:lambda$waitForClusterToBeReady$0(238)) - Waiting for cluster to exit safe mode
2021-12-07 08:23:19,150 [Listener at 127.0.0.1/40979] INFO  ozone.MiniOzoneClusterImpl (MiniOzoneClusterImpl.java:lambda$waitForClusterToBeReady$0(240)) - SCM became leader
2021-12-07 08:23:19,171 [IPC Server handler 2 on default port 33331] INFO  net.NetworkTopologyImpl (NetworkTopologyImpl.java:add(112)) - Added a new node: /default-rack/f079c5a0-ef00-4d60-9ad2-3d1de424dd8b
2021-12-07 08:23:19,171 [IPC Server handler 2 on default port 33331] INFO  node.SCMNodeManager (SCMNodeManager.java:register(389)) - Registered Data node : f079c5a0-ef00-4d60-9ad2-3d1de424dd8b{ip: 10.1.0.14, host: fv-az151-352.yf2hydr00wburbhx3j5hxtcipe.bx.internal.cloudapp.net, ports: [REPLICATION=45147, RATIS=37525, RATIS_ADMIN=37525, RATIS_SERVER=37525, STANDALONE=37599], networkLocation: /default-rack, certSerialId: null, persistedOpState: null, persistedOpStateExpiryEpochSec: 0}
2021-12-07 08:23:19,172 [EventQueue-NewNodeForNewNodeHandler] INFO  pipeline.BackgroundPipelineCreator (BackgroundPipelineCreator.java:notifyEventTriggered(285)) - trigger a one-shot run on RatisPipelineUtilsThread.
2021-12-07 08:23:19,172 [RatisPipelineUtilsThread - 0] INFO  pipeline.RatisPipelineProvider (RatisPipelineProvider.java:lambda$create$0(183)) - Sending CreatePipelineCommand for pipeline:PipelineID=5d2a202c-77a8-4f5a-8d03-d38a71c52c28 to datanode:f079c5a0-ef00-4d60-9ad2-3d1de424dd8b
2021-12-07 08:23:19,173 [RatisPipelineUtilsThread - 0] INFO  pipeline.PipelineStateManagerImpl (PipelineStateManagerImpl.java:addPipeline(101)) - Created pipeline Pipeline[ Id: 5d2a202c-77a8-4f5a-8d03-d38a71c52c28, Nodes: f079c5a0-ef00-4d60-9ad2-3d1de424dd8b{ip: 10.1.0.14, host: fv-az151-352.yf2hydr00wburbhx3j5hxtcipe.bx.internal.cloudapp.net, ports: [REPLICATION=45147, RATIS=37525, RATIS_ADMIN=37525, RATIS_SERVER=37525, STANDALONE=37599], networkLocation: /default-rack, certSerialId: null, persistedOpState: IN_SERVICE, persistedOpStateExpiryEpochSec: 0}, ReplicationConfig: RATIS/ONE, State:ALLOCATED, leaderId:, CreationTimestamp2021-12-07T08:23:19.172Z[Etc/UTC]].
2021-12-07 08:23:19,184 [EventQueue-NodeRegistrationContainerReportForDataNodeSafeModeRule] INFO  safemode.SCMSafeModeManager (DataNodeSafeModeRule.java:process(71)) - SCM in safe mode. 3 DataNodes registered, 3 required.
2021-12-07 08:23:19,184 [EventQueue-NodeRegistrationContainerReportForDataNodeSafeModeRule] INFO  safemode.SCMSafeModeManager (SCMSafeModeManager.java:validateSafeModeExitRules(204)) - DataNodeSafeModeRule rule is successfully validated
2021-12-07 08:23:19,184 [EventQueue-NodeRegistrationContainerReportForDataNodeSafeModeRule] INFO  safemode.SCMSafeModeManager (SCMSafeModeManager.java:completePreCheck(233)) - All SCM safe mode pre check rules have passed
2021-12-07 08:23:19,184 [EventQueue-NodeRegistrationContainerReportForDataNodeSafeModeRule] WARN  events.EventQueue (EventQueue.java:fireEvent(194)) - No event handler registered for event TypedEvent{payloadType=SafeModeStatus, name='Safe mode status'}
2021-12-07 08:23:19,184 [EventQueue-NodeRegistrationContainerReportForDataNodeSafeModeRule] INFO  ha.SCMContext (SCMContext.java:updateSafeModeStatus(211)) - Update SafeModeStatus from SafeModeStatus{safeModeStatus=true, preCheckPassed=false} to SafeModeStatus{safeModeStatus=true, preCheckPassed=true}.
2021-12-07 08:23:19,184 [EventQueue-NodeRegistrationContainerReportForDataNodeSafeModeRule] INFO  pipeline.BackgroundPipelineCreator (BackgroundPipelineCreator.java:notifyEventTriggered(285)) - trigger a one-shot run on RatisPipelineUtilsThread.
2021-12-07 08:23:19,185 [RatisPipelineUtilsThread - 0] INFO  pipeline.RatisPipelineProvider (RatisPipelineProvider.java:lambda$create$0(183)) - Sending CreatePipelineCommand for pipeline:PipelineID=a65e756f-4287-423e-aea8-43dacba294d5 to datanode:ef998961-c73b-4226-87f3-43670785e9df
2021-12-07 08:23:19,195 [RatisPipelineUtilsThread - 0] INFO  pipeline.RatisPipelineProvider (RatisPipelineProvider.java:lambda$create$0(183)) - Sending CreatePipelineCommand for pipeline:PipelineID=a65e756f-4287-423e-aea8-43dacba294d5 to datanode:fa0dcf4e-df9f-4e34-8330-207691817642
2021-12-07 08:23:19,195 [RatisPipelineUtilsThread - 0] INFO  pipeline.RatisPipelineProvider (RatisPipelineProvider.java:lambda$create$0(183)) - Sending CreatePipelineCommand for pipeline:PipelineID=a65e756f-4287-423e-aea8-43dacba294d5 to datanode:f079c5a0-ef00-4d60-9ad2-3d1de424dd8b
2021-12-07 08:23:19,196 [RatisPipelineUtilsThread - 0] INFO  pipeline.PipelineStateManagerImpl (PipelineStateManagerImpl.java:addPipeline(101)) - Created pipeline Pipeline[ Id: a65e756f-4287-423e-aea8-43dacba294d5, Nodes: ef998961-c73b-4226-87f3-43670785e9df{ip: 10.1.0.14, host: fv-az151-352.yf2hydr00wburbhx3j5hxtcipe.bx.internal.cloudapp.net, ports: [REPLICATION=39831, RATIS=41193, RATIS_ADMIN=41193, RATIS_SERVER=41193, STANDALONE=43293], networkLocation: /default-rack, certSerialId: null, persistedOpState: IN_SERVICE, persistedOpStateExpiryEpochSec: 0}fa0dcf4e-df9f-4e34-8330-207691817642{ip: 10.1.0.14, host: fv-az151-352.yf2hydr00wburbhx3j5hxtcipe.bx.internal.cloudapp.net, ports: [REPLICATION=46117, RATIS=46745, RATIS_ADMIN=46745, RATIS_SERVER=46745, STANDALONE=39659], networkLocation: /default-rack, certSerialId: null, persistedOpState: IN_SERVICE, persistedOpStateExpiryEpochSec: 0}f079c5a0-ef00-4d60-9ad2-3d1de424dd8b{ip: 10.1.0.14, host: fv-az151-352.yf2hydr00wburbhx3j5hxtcipe.bx.internal.cloudapp.net, ports: [REPLICATION=45147, RATIS=37525, RATIS_ADMIN=37525, RATIS_SERVER=37525, STANDALONE=37599], networkLocation: /default-rack, certSerialId: null, persistedOpState: IN_SERVICE, persistedOpStateExpiryEpochSec: 0}, ReplicationConfig: RATIS/THREE, State:ALLOCATED, leaderId:, CreationTimestamp2021-12-07T08:23:19.185Z[Etc/UTC]].
2021-12-07 08:23:20,150 [Listener at 127.0.0.1/40979] INFO  ozone.MiniOzoneClusterImpl (MiniOzoneClusterImpl.java:lambda$waitForClusterToBeReady$0(235)) - Nodes are ready. Got 3 of 3 DN Heartbeats.
2021-12-07 08:23:20,150 [Listener at 127.0.0.1/40979] INFO  ozone.MiniOzoneClusterImpl (MiniOzoneClusterImpl.java:lambda$waitForClusterToBeReady$0(238)) - Waiting for cluster to exit safe mode
2021-12-07 08:23:20,150 [Listener at 127.0.0.1/40979] INFO  ozone.MiniOzoneClusterImpl (MiniOzoneClusterImpl.java:lambda$waitForClusterToBeReady$0(240)) - SCM became leader
2021-12-07 08:23:21,151 [Listener at 127.0.0.1/40979] INFO  ozone.MiniOzoneClusterImpl (MiniOzoneClusterImpl.java:lambda$waitForClusterToBeReady$0(235)) - Nodes are ready. Got 3 of 3 DN Heartbeats.
2021-12-07 08:23:21,151 [Listener at 127.0.0.1/40979] INFO  ozone.MiniOzoneClusterImpl (MiniOzoneClusterImpl.java:lambda$waitForClusterToBeReady$0(238)) - Waiting for cluster to exit safe mode
2021-12-07 08:23:21,151 [Listener at 127.0.0.1/40979] INFO  ozone.MiniOzoneClusterImpl (MiniOzoneClusterImpl.java:lambda$waitForClusterToBeReady$0(240)) - SCM became leader
2021-12-07 08:23:21,164 [Command processor thread] INFO  server.RaftServer (RaftServerProxy.java:addNew(95)) - fa0dcf4e-df9f-4e34-8330-207691817642: addNew group-91B4EE80195C:[fa0dcf4e-df9f-4e34-8330-207691817642|rpc:10.1.0.14:46745|priority:1] returns group-91B4EE80195C:java.util.concurrent.CompletableFuture@2255de10[Not completed]
2021-12-07 08:23:21,203 [pool-234-thread-1] INFO  server.RaftServer$Division (RaftServerImpl.java:<init>(184)) - fa0dcf4e-df9f-4e34-8330-207691817642: new RaftServerImpl for group-91B4EE80195C:[fa0dcf4e-df9f-4e34-8330-207691817642|rpc:10.1.0.14:46745|priority:1] with ContainerStateMachine:uninitialized
2021-12-07 08:23:21,204 [pool-234-thread-1] INFO  server.RaftServerConfigKeys (ConfUtils.java:logGet(44)) - raft.server.rpc.timeout.min = 5s (custom)
2021-12-07 08:23:21,204 [pool-234-thread-1] INFO  server.RaftServerConfigKeys (ConfUtils.java:logGet(44)) - raft.server.rpc.timeout.max = 5200ms (custom)
2021-12-07 08:23:21,204 [pool-234-thread-1] INFO  server.RaftServerConfigKeys (ConfUtils.java:logGet(44)) - raft.server.rpc.sleep.time = 25ms (default)
2021-12-07 08:23:21,204 [pool-234-thread-1] INFO  server.RaftServerConfigKeys (ConfUtils.java:logGet(44)) - raft.server.rpc.slowness.timeout = 300s (custom)
2021-12-07 08:23:21,204 [pool-234-thread-1] INFO  server.RaftServerConfigKeys (ConfUtils.java:logGet(44)) - raft.server.leaderelection.leader.step-down.wait-time = 10s (default)
2021-12-07 08:23:21,204 [pool-234-thread-1] INFO  server.RaftServerConfigKeys (ConfUtils.java:logGet(44)) - raft.server.sleep.deviation.threshold = 300ms (default)
2021-12-07 08:23:21,204 [pool-234-thread-1] INFO  server.RaftServerConfigKeys (ConfUtils.java:logGet(44)) - raft.server.log.appender.install.snapshot.enabled = false (custom)
2021-12-07 08:23:21,204 [pool-234-thread-1] INFO  server.RaftServer$Division (ServerState.java:<init>(105)) - fa0dcf4e-df9f-4e34-8330-207691817642@group-91B4EE80195C: ConfigurationManager, init=-1: [fa0dcf4e-df9f-4e34-8330-207691817642|rpc:10.1.0.14:46745|priority:1], old=null, confs=<EMPTY_MAP>
2021-12-07 08:23:21,204 [pool-234-thread-1] INFO  server.RaftServerConfigKeys (ConfUtils.java:logGet(44)) - raft.server.storage.dir = [/home/runner/work/ozone/ozone/hadoop-ozone/integration-test/target/test-dir/MiniOzoneClusterImpl-478fafeb-4ef0-48e3-bd35-2e3f0cf9f61b/datanode-0/data/ratis] (custom)
2021-12-07 08:23:21,204 [pool-234-thread-1] INFO  server.RaftServerConfigKeys (ConfUtils.java:logGet(44)) - raft.server.log.corruption.policy = EXCEPTION (default)
2021-12-07 08:23:21,204 [pool-234-thread-1] INFO  server.RaftServerConfigKeys (ConfUtils.java:logGet(44)) - raft.server.storage.free-space.min = 0MB (=0) (default)
2021-12-07 08:23:21,204 [pool-234-thread-1] INFO  storage.RaftStorageDirectory (RaftStorageDirectoryImpl.java:analyzeStorage(135)) - The storage directory /home/runner/work/ozone/ozone/hadoop-ozone/integration-test/target/test-dir/MiniOzoneClusterImpl-478fafeb-4ef0-48e3-bd35-2e3f0cf9f61b/datanode-0/data/ratis/7be8df67-e0f8-4960-95f1-91b4ee80195c does not exist. Creating ...
2021-12-07 08:23:21,206 [pool-234-thread-1] INFO  storage.RaftStorageDirectory (RaftStorageDirectoryImpl.java:tryLock(230)) - Lock on /home/runner/work/ozone/ozone/hadoop-ozone/integration-test/target/test-dir/MiniOzoneClusterImpl-478fafeb-4ef0-48e3-bd35-2e3f0cf9f61b/datanode-0/data/ratis/7be8df67-e0f8-4960-95f1-91b4ee80195c/in_use.lock acquired by nodename 19858@fv-az151-352
2021-12-07 08:23:21,214 [pool-234-thread-1] INFO  storage.RaftStorage (RaftStorageImpl.java:format(89)) - Storage directory /home/runner/work/ozone/ozone/hadoop-ozone/integration-test/target/test-dir/MiniOzoneClusterImpl-478fafeb-4ef0-48e3-bd35-2e3f0cf9f61b/datanode-0/data/ratis/7be8df67-e0f8-4960-95f1-91b4ee80195c has been successfully formatted.
2021-12-07 08:23:21,216 [pool-234-thread-1] INFO  ratis.ContainerStateMachine (ContainerStateMachine.java:loadSnapshot(231)) - group-91B4EE80195C: The snapshot info is null. Setting the last applied indexto:(t:0, i:~)
2021-12-07 08:23:21,216 [pool-234-thread-1] INFO  server.RaftServerConfigKeys (ConfUtils.java:logGet(44)) - raft.server.notification.no-leader.timeout = 300s (custom)
2021-12-07 08:23:21,216 [pool-234-thread-1] INFO  server.RaftServerConfigKeys (ConfUtils.java:logGet(44)) - raft.server.log.use.memory = false (default)
2021-12-07 08:23:21,216 [pool-234-thread-1] INFO  server.RaftServerConfigKeys (ConfUtils.java:logGet(44)) - raft.server.log.purge.gap = 1000000 (custom)
2021-12-07 08:23:21,216 [pool-234-thread-1] INFO  server.RaftServerConfigKeys (ConfUtils.java:logGet(44)) - raft.server.log.appender.buffer.byte-limit = 33554432 (custom)
2021-12-07 08:23:21,217 [pool-234-thread-1] INFO  server.RaftServerConfigKeys (ConfUtils.java:logGet(44)) - raft.server.log.segment.size.max = 1048576 (custom)
2021-12-07 08:23:21,217 [pool-234-thread-1] INFO  server.RaftServerConfigKeys (ConfUtils.java:logGet(44)) - raft.server.log.segment.cache.num.max = 2 (custom)
2021-12-07 08:23:21,218 [pool-234-thread-1] INFO  server.RaftServerConfigKeys (ConfUtils.java:logGet(44)) - raft.server.log.segment.cache.size.max = 200MB (=209715200) (default)
2021-12-07 08:23:21,218 [pool-234-thread-1] INFO  segmented.SegmentedRaftLogWorker (SegmentedRaftLogWorker.java:<init>(182)) - new fa0dcf4e-df9f-4e34-8330-207691817642@group-91B4EE80195C-SegmentedRaftLogWorker for RaftStorageImpl:Storage Directory /home/runner/work/ozone/ozone/hadoop-ozone/integration-test/target/test-dir/MiniOzoneClusterImpl-478fafeb-4ef0-48e3-bd35-2e3f0cf9f61b/datanode-0/data/ratis/7be8df67-e0f8-4960-95f1-91b4ee80195c
2021-12-07 08:23:21,218 [pool-234-thread-1] INFO  server.RaftServerConfigKeys (ConfUtils.java:logGet(44)) - raft.server.log.queue.byte-limit = 2147483647 (custom)
2021-12-07 08:23:21,218 [pool-234-thread-1] INFO  server.RaftServerConfigKeys (ConfUtils.java:logGet(44)) - raft.server.log.queue.element-limit = 1024 (custom)
2021-12-07 08:23:21,218 [pool-234-thread-1] INFO  server.RaftServerConfigKeys (ConfUtils.java:logGet(44)) - raft.server.log.segment.size.max = 1048576 (custom)
2021-12-07 08:23:21,219 [pool-234-thread-1] INFO  server.RaftServerConfigKeys (ConfUtils.java:logGet(44)) - raft.server.log.preallocated.size = 16384 (custom)
2021-12-07 08:23:21,219 [pool-234-thread-1] INFO  server.RaftServerConfigKeys (ConfUtils.java:logGet(44)) - raft.server.log.force.sync.num = 128 (default)
2021-12-07 08:23:21,219 [pool-234-thread-1] INFO  server.RaftServerConfigKeys (ConfUtils.java:logGet(44)) - raft.server.log.statemachine.data.sync = true (default)
2021-12-07 08:23:21,219 [pool-234-thread-1] INFO  server.RaftServerConfigKeys (ConfUtils.java:logGet(44)) - raft.server.log.statemachine.data.sync.timeout = 10s (default)
2021-12-07 08:23:21,219 [pool-234-thread-1] INFO  server.RaftServerConfigKeys (ConfUtils.java:logGet(44)) - raft.server.log.statemachine.data.sync.timeout.retry = -1 (default)
2021-12-07 08:23:21,220 [pool-234-thread-1] INFO  server.RaftServerConfigKeys (ConfUtils.java:logGet(44)) - raft.server.log.write.buffer.size = 1048576 (custom)
2021-12-07 08:23:21,221 [pool-234-thread-1] INFO  server.RaftServerConfigKeys (ConfUtils.java:logGet(44)) - raft.server.log.statemachine.data.caching.enabled = true (custom)
2021-12-07 08:23:21,221 [pool-234-thread-1] INFO  segmented.SegmentedRaftLogWorker (SegmentedRaftLogWorker.java:lambda$new$0(133)) - fa0dcf4e-df9f-4e34-8330-207691817642@group-91B4EE80195C-SegmentedRaftLogWorker: flushIndex: setUnconditionally 0 -> -1
2021-12-07 08:23:21,221 [pool-234-thread-1] INFO  segmented.SegmentedRaftLogWorker (SegmentedRaftLogWorker.java:lambda$new$0(133)) - fa0dcf4e-df9f-4e34-8330-207691817642@group-91B4EE80195C-SegmentedRaftLogWorker: safeCacheEvictIndex: setUnconditionally 0 -> -1
2021-12-07 08:23:21,221 [pool-234-thread-1] INFO  server.RaftServerConfigKeys (ConfUtils.java:logGet(44)) - raft.server.snapshot.auto.trigger.enabled = true (custom)
2021-12-07 08:23:21,221 [pool-234-thread-1] INFO  server.RaftServerConfigKeys (ConfUtils.java:logGet(44)) - raft.server.snapshot.auto.trigger.threshold = 10000 (custom)
2021-12-07 08:23:21,221 [pool-234-thread-1] INFO  server.RaftServerConfigKeys (ConfUtils.java:logGet(44)) - raft.server.snapshot.retention.file.num = 5 (custom)
2021-12-07 08:23:21,221 [pool-234-thread-1] INFO  server.RaftServerConfigKeys (ConfUtils.java:logGet(44)) - raft.server.log.purge.upto.snapshot.index = false (default)
2021-12-07 08:23:21,221 [pool-234-thread-1] INFO  server.RaftServerConfigKeys (ConfUtils.java:logGet(44)) - raft.server.retrycache.expirytime = 600000ms (custom)
2021-12-07 08:23:21,221 [pool-234-thread-1] INFO  server.RaftServerConfigKeys (ConfUtils.java:logGet(44)) - raft.server.retrycache.statistics.expirytime = 100μs (default)
2021-12-07 08:23:21,240 [EventQueue-PipelineReportForPipelineReportHandler] INFO  pipeline.PipelineManagerImpl (PipelineManagerImpl.java:openPipeline(291)) - Pipeline Pipeline[ Id: 7be8df67-e0f8-4960-95f1-91b4ee80195c, Nodes: fa0dcf4e-df9f-4e34-8330-207691817642{ip: 10.1.0.14, host: fv-az151-352.yf2hydr00wburbhx3j5hxtcipe.bx.internal.cloudapp.net, ports: [REPLICATION=46117, RATIS=46745, RATIS_ADMIN=46745, RATIS_SERVER=46745, STANDALONE=39659], networkLocation: /default-rack, certSerialId: null, persistedOpState: IN_SERVICE, persistedOpStateExpiryEpochSec: 0}, ReplicationConfig: RATIS/ONE, State:ALLOCATED, leaderId:fa0dcf4e-df9f-4e34-8330-207691817642, CreationTimestamp2021-12-07T08:23:18.182Z[Etc/UTC]] moved to OPEN state
2021-12-07 08:23:21,255 [pool-234-thread-1] INFO  server.RaftServer$Division (RaftServerImpl.java:start(301)) - fa0dcf4e-df9f-4e34-8330-207691817642@group-91B4EE80195C: start as a follower, conf=-1: [fa0dcf4e-df9f-4e34-8330-207691817642|rpc:10.1.0.14:46745|priority:1], old=null
2021-12-07 08:23:21,255 [pool-234-thread-1] INFO  server.RaftServer$Division (RaftServerImpl.java:setRole(290)) - fa0dcf4e-df9f-4e34-8330-207691817642@group-91B4EE80195C: changes role from      null to FOLLOWER at term 0 for startAsFollower
2021-12-07 08:23:21,255 [pool-234-thread-1] INFO  impl.RoleInfo (RoleInfo.java:updateAndGet(130)) - fa0dcf4e-df9f-4e34-8330-207691817642: start fa0dcf4e-df9f-4e34-8330-207691817642@group-91B4EE80195C-FollowerState
2021-12-07 08:23:21,275 [pool-234-thread-1] INFO  util.JmxRegister (JmxRegister.java:tryRegister(44)) - Successfully registered JMX Bean with object name Ratis:service=RaftServer,group=group-91B4EE80195C,id=fa0dcf4e-df9f-4e34-8330-207691817642
2021-12-07 08:23:21,283 [Command processor thread] INFO  ratis.XceiverServerRatis (XceiverServerRatis.java:addGroup(768)) - Created group PipelineID=7be8df67-e0f8-4960-95f1-91b4ee80195c
2021-12-07 08:23:21,285 [EventQueue-OpenPipelineForHealthyPipelineSafeModeRule] INFO  safemode.SCMSafeModeManager (HealthyPipelineSafeModeRule.java:process(124)) - SCM in safe mode. Healthy pipelines reported count is 0, required healthy pipeline reported count is 1
2021-12-07 08:23:21,285 [Command processor thread] INFO  commandhandler.CreatePipelineCommandHandler (CreatePipelineCommandHandler.java:handle(106)) - Created Pipeline RATIS ONE PipelineID=7be8df67-e0f8-4960-95f1-91b4ee80195c.
2021-12-07 08:23:21,289 [Command processor thread] INFO  server.RaftServer (RaftServerProxy.java:addNew(95)) - fa0dcf4e-df9f-4e34-8330-207691817642: addNew group-43DACBA294D5:[ef998961-c73b-4226-87f3-43670785e9df|rpc:10.1.0.14:41193|priority:0, fa0dcf4e-df9f-4e34-8330-207691817642|rpc:10.1.0.14:46745|priority:0, f079c5a0-ef00-4d60-9ad2-3d1de424dd8b|rpc:10.1.0.14:37525|priority:1] returns group-43DACBA294D5:java.util.concurrent.CompletableFuture@266a5e82[Not completed]
2021-12-07 08:23:21,290 [pool-234-thread-1] INFO  server.RaftServer$Division (RaftServerImpl.java:<init>(184)) - fa0dcf4e-df9f-4e34-8330-207691817642: new RaftServerImpl for group-43DACBA294D5:[ef998961-c73b-4226-87f3-43670785e9df|rpc:10.1.0.14:41193|priority:0, fa0dcf4e-df9f-4e34-8330-207691817642|rpc:10.1.0.14:46745|priority:0, f079c5a0-ef00-4d60-9ad2-3d1de424dd8b|rpc:10.1.0.14:37525|priority:1] with ContainerStateMachine:uninitialized
2021-12-07 08:23:21,290 [pool-234-thread-1] INFO  server.RaftServerConfigKeys (ConfUtils.java:logGet(44)) - raft.server.rpc.timeout.min = 5s (custom)
2021-12-07 08:23:21,290 [pool-234-thread-1] INFO  server.RaftServerConfigKeys (ConfUtils.java:logGet(44)) - raft.server.rpc.timeout.max = 5200ms (custom)
2021-12-07 08:23:21,290 [pool-234-thread-1] INFO  server.RaftServerConfigKeys (ConfUtils.java:logGet(44)) - raft.server.rpc.sleep.time = 25ms (default)
2021-12-07 08:23:21,290 [pool-234-thread-1] INFO  server.RaftServerConfigKeys (ConfUtils.java:logGet(44)) - raft.server.rpc.slowness.timeout = 300s (custom)
2021-12-07 08:23:21,290 [pool-234-thread-1] INFO  server.RaftServerConfigKeys (ConfUtils.java:logGet(44)) - raft.server.leaderelection.leader.step-down.wait-time = 10s (default)
2021-12-07 08:23:21,290 [pool-234-thread-1] INFO  server.RaftServerConfigKeys (ConfUtils.java:logGet(44)) - raft.server.sleep.deviation.threshold = 300ms (default)
2021-12-07 08:23:21,290 [pool-234-thread-1] INFO  server.RaftServerConfigKeys (ConfUtils.java:logGet(44)) - raft.server.log.appender.install.snapshot.enabled = false (custom)
2021-12-07 08:23:21,290 [pool-234-thread-1] INFO  server.RaftServer$Division (ServerState.java:<init>(105)) - fa0dcf4e-df9f-4e34-8330-207691817642@group-43DACBA294D5: ConfigurationManager, init=-1: [ef998961-c73b-4226-87f3-43670785e9df|rpc:10.1.0.14:41193|priority:0, fa0dcf4e-df9f-4e34-8330-207691817642|rpc:10.1.0.14:46745|priority:0, f079c5a0-ef00-4d60-9ad2-3d1de424dd8b|rpc:10.1.0.14:37525|priority:1], old=null, confs=<EMPTY_MAP>
2021-12-07 08:23:21,290 [pool-234-thread-1] INFO  server.RaftServerConfigKeys (ConfUtils.java:logGet(44)) - raft.server.storage.dir = [/home/runner/work/ozone/ozone/hadoop-ozone/integration-test/target/test-dir/MiniOzoneClusterImpl-478fafeb-4ef0-48e3-bd35-2e3f0cf9f61b/datanode-0/data/ratis] (custom)
2021-12-07 08:23:21,291 [pool-234-thread-1] INFO  server.RaftServerConfigKeys (ConfUtils.java:logGet(44)) - raft.server.log.corruption.policy = EXCEPTION (default)
2021-12-07 08:23:21,291 [pool-234-thread-1] INFO  server.RaftServerConfigKeys (ConfUtils.java:logGet(44)) - raft.server.storage.free-space.min = 0MB (=0) (default)
2021-12-07 08:23:21,291 [pool-234-thread-1] INFO  storage.RaftStorageDirectory (RaftStorageDirectoryImpl.java:analyzeStorage(135)) - The storage directory /home/runner/work/ozone/ozone/hadoop-ozone/integration-test/target/test-dir/MiniOzoneClusterImpl-478fafeb-4ef0-48e3-bd35-2e3f0cf9f61b/datanode-0/data/ratis/a65e756f-4287-423e-aea8-43dacba294d5 does not exist. Creating ...
2021-12-07 08:23:21,292 [pool-234-thread-1] INFO  storage.RaftStorageDirectory (RaftStorageDirectoryImpl.java:tryLock(230)) - Lock on /home/runner/work/ozone/ozone/hadoop-ozone/integration-test/target/test-dir/MiniOzoneClusterImpl-478fafeb-4ef0-48e3-bd35-2e3f0cf9f61b/datanode-0/data/ratis/a65e756f-4287-423e-aea8-43dacba294d5/in_use.lock acquired by nodename 19858@fv-az151-352
2021-12-07 08:23:21,294 [pool-234-thread-1] INFO  storage.RaftStorage (RaftStorageImpl.java:format(89)) - Storage directory /home/runner/work/ozone/ozone/hadoop-ozone/integration-test/target/test-dir/MiniOzoneClusterImpl-478fafeb-4ef0-48e3-bd35-2e3f0cf9f61b/datanode-0/data/ratis/a65e756f-4287-423e-aea8-43dacba294d5 has been successfully formatted.
2021-12-07 08:23:21,295 [pool-234-thread-1] INFO  ratis.ContainerStateMachine (ContainerStateMachine.java:loadSnapshot(231)) - group-43DACBA294D5: The snapshot info is null. Setting the last applied indexto:(t:0, i:~)
2021-12-07 08:23:21,295 [pool-234-thread-1] INFO  server.RaftServerConfigKeys (ConfUtils.java:logGet(44)) - raft.server.notification.no-leader.timeout = 300s (custom)
2021-12-07 08:23:21,295 [pool-234-thread-1] INFO  server.RaftServerConfigKeys (ConfUtils.java:logGet(44)) - raft.server.log.use.memory = false (default)
2021-12-07 08:23:21,295 [pool-234-thread-1] INFO  server.RaftServerConfigKeys (ConfUtils.java:logGet(44)) - raft.server.log.purge.gap = 1000000 (custom)
2021-12-07 08:23:21,295 [pool-234-thread-1] INFO  server.RaftServerConfigKeys (ConfUtils.java:logGet(44)) - raft.server.log.appender.buffer.byte-limit = 33554432 (custom)
2021-12-07 08:23:21,295 [pool-234-thread-1] INFO  server.RaftServerConfigKeys (ConfUtils.java:logGet(44)) - raft.server.log.segment.size.max = 1048576 (custom)
2021-12-07 08:23:21,296 [EventQueue-OpenPipelineForHealthyPipelineSafeModeRule] INFO  safemode.SCMSafeModeManager (HealthyPipelineSafeModeRule.java:process(124)) - SCM in safe mode. Healthy pipelines reported count is 0, required healthy pipeline reported count is 1
2021-12-07 08:23:21,296 [pool-234-thread-1] INFO  server.RaftServerConfigKeys (ConfUtils.java:logGet(44)) - raft.server.log.segment.cache.num.max = 2 (custom)
2021-12-07 08:23:21,296 [pool-234-thread-1] INFO  server.RaftServerConfigKeys (ConfUtils.java:logGet(44)) - raft.server.log.segment.cache.size.max = 200MB (=209715200) (default)
2021-12-07 08:23:21,297 [pool-234-thread-1] INFO  segmented.SegmentedRaftLogWorker (SegmentedRaftLogWorker.java:<init>(182)) - new fa0dcf4e-df9f-4e34-8330-207691817642@group-43DACBA294D5-SegmentedRaftLogWorker for RaftStorageImpl:Storage Directory /home/runner/work/ozone/ozone/hadoop-ozone/integration-test/target/test-dir/MiniOzoneClusterImpl-478fafeb-4ef0-48e3-bd35-2e3f0cf9f61b/datanode-0/data/ratis/a65e756f-4287-423e-aea8-43dacba294d5
2021-12-07 08:23:21,297 [pool-234-thread-1] INFO  server.RaftServerConfigKeys (ConfUtils.java:logGet(44)) - raft.server.log.queue.byte-limit = 2147483647 (custom)
2021-12-07 08:23:21,297 [pool-234-thread-1] INFO  server.RaftServerConfigKeys (ConfUtils.java:logGet(44)) - raft.server.log.queue.element-limit = 1024 (custom)
2021-12-07 08:23:21,298 [pool-234-thread-1] INFO  server.RaftServerConfigKeys (ConfUtils.java:logGet(44)) - raft.server.log.segment.size.max = 1048576 (custom)
2021-12-07 08:23:21,298 [pool-234-thread-1] INFO  server.RaftServerConfigKeys (ConfUtils.java:logGet(44)) - raft.server.log.preallocated.size = 16384 (custom)
2021-12-07 08:23:21,298 [pool-234-thread-1] INFO  server.RaftServerConfigKeys (ConfUtils.java:logGet(44)) - raft.server.log.force.sync.num = 128 (default)
2021-12-07 08:23:21,298 [pool-234-thread-1] INFO  server.RaftServerConfigKeys (ConfUtils.java:logGet(44)) - raft.server.log.statemachine.data.sync = true (default)
2021-12-07 08:23:21,298 [pool-234-thread-1] INFO  server.RaftServerConfigKeys (ConfUtils.java:logGet(44)) - raft.server.log.statemachine.data.sync.timeout = 10s (default)
2021-12-07 08:23:21,298 [pool-234-thread-1] INFO  server.RaftServerConfigKeys (ConfUtils.java:logGet(44)) - raft.server.log.statemachine.data.sync.timeout.retry = -1 (default)
2021-12-07 08:23:21,299 [pool-234-thread-1] INFO  server.RaftServerConfigKeys (ConfUtils.java:logGet(44)) - raft.server.log.write.buffer.size = 1048576 (custom)
2021-12-07 08:23:21,300 [pool-234-thread-1] INFO  server.RaftServerConfigKeys (ConfUtils.java:logGet(44)) - raft.server.log.statemachine.data.caching.enabled = true (custom)
2021-12-07 08:23:21,300 [pool-234-thread-1] INFO  segmented.SegmentedRaftLogWorker (SegmentedRaftLogWorker.java:lambda$new$0(133)) - fa0dcf4e-df9f-4e34-8330-207691817642@group-43DACBA294D5-SegmentedRaftLogWorker: flushIndex: setUnconditionally 0 -> -1
2021-12-07 08:23:21,307 [pool-234-thread-1] INFO  segmented.SegmentedRaftLogWorker (SegmentedRaftLogWorker.java:lambda$new$0(133)) - fa0dcf4e-df9f-4e34-8330-207691817642@group-43DACBA294D5-SegmentedRaftLogWorker: safeCacheEvictIndex: setUnconditionally 0 -> -1
2021-12-07 08:23:21,314 [pool-234-thread-1] INFO  server.RaftServerConfigKeys (ConfUtils.java:logGet(44)) - raft.server.snapshot.auto.trigger.enabled = true (custom)
2021-12-07 08:23:21,314 [pool-234-thread-1] INFO  server.RaftServerConfigKeys (ConfUtils.java:logGet(44)) - raft.server.snapshot.auto.trigger.threshold = 10000 (custom)
2021-12-07 08:23:21,314 [pool-234-thread-1] INFO  server.RaftServerConfigKeys (ConfUtils.java:logGet(44)) - raft.server.snapshot.retention.file.num = 5 (custom)
2021-12-07 08:23:21,314 [pool-234-thread-1] INFO  server.RaftServerConfigKeys (ConfUtils.java:logGet(44)) - raft.server.log.purge.upto.snapshot.index = false (default)
2021-12-07 08:23:21,314 [pool-234-thread-1] INFO  server.RaftServerConfigKeys (ConfUtils.java:logGet(44)) - raft.server.retrycache.expirytime = 600000ms (custom)
2021-12-07 08:23:21,314 [pool-234-thread-1] INFO  server.RaftServerConfigKeys (ConfUtils.java:logGet(44)) - raft.server.retrycache.statistics.expirytime = 100μs (default)
2021-12-07 08:23:21,316 [pool-234-thread-1] INFO  server.RaftServer$Division (RaftServerImpl.java:start(301)) - fa0dcf4e-df9f-4e34-8330-207691817642@group-43DACBA294D5: start as a follower, conf=-1: [ef998961-c73b-4226-87f3-43670785e9df|rpc:10.1.0.14:41193|priority:0, fa0dcf4e-df9f-4e34-8330-207691817642|rpc:10.1.0.14:46745|priority:0, f079c5a0-ef00-4d60-9ad2-3d1de424dd8b|rpc:10.1.0.14:37525|priority:1], old=null
2021-12-07 08:23:21,316 [pool-234-thread-1] INFO  server.RaftServer$Division (RaftServerImpl.java:setRole(290)) - fa0dcf4e-df9f-4e34-8330-207691817642@group-43DACBA294D5: changes role from      null to FOLLOWER at term 0 for startAsFollower
2021-12-07 08:23:21,316 [pool-234-thread-1] INFO  impl.RoleInfo (RoleInfo.java:updateAndGet(130)) - fa0dcf4e-df9f-4e34-8330-207691817642: start fa0dcf4e-df9f-4e34-8330-207691817642@group-43DACBA294D5-FollowerState
2021-12-07 08:23:21,319 [pool-234-thread-1] INFO  util.JmxRegister (JmxRegister.java:tryRegister(44)) - Successfully registered JMX Bean with object name Ratis:service=RaftServer,group=group-43DACBA294D5,id=fa0dcf4e-df9f-4e34-8330-207691817642
2021-12-07 08:23:21,320 [Command processor thread] INFO  ratis.XceiverServerRatis (XceiverServerRatis.java:addGroup(768)) - Created group PipelineID=a65e756f-4287-423e-aea8-43dacba294d5
2021-12-07 08:23:21,383 [grpc-default-executor-0] INFO  server.RaftServer (RaftServerProxy.java:addNew(95)) - ef998961-c73b-4226-87f3-43670785e9df: addNew group-43DACBA294D5:[ef998961-c73b-4226-87f3-43670785e9df|rpc:10.1.0.14:41193|dataStream:|priority:0, fa0dcf4e-df9f-4e34-8330-207691817642|rpc:10.1.0.14:46745|dataStream:|priority:0, f079c5a0-ef00-4d60-9ad2-3d1de424dd8b|rpc:10.1.0.14:37525|dataStream:|priority:1] returns group-43DACBA294D5:java.util.concurrent.CompletableFuture@2bbce876[Not completed]
2021-12-07 08:23:21,385 [pool-255-thread-1] INFO  server.RaftServer$Division (RaftServerImpl.java:<init>(184)) - ef998961-c73b-4226-87f3-43670785e9df: new RaftServerImpl for group-43DACBA294D5:[ef998961-c73b-4226-87f3-43670785e9df|rpc:10.1.0.14:41193|dataStream:|priority:0, fa0dcf4e-df9f-4e34-8330-207691817642|rpc:10.1.0.14:46745|dataStream:|priority:0, f079c5a0-ef00-4d60-9ad2-3d1de424dd8b|rpc:10.1.0.14:37525|dataStream:|priority:1] with ContainerStateMachine:uninitialized
2021-12-07 08:23:21,385 [pool-255-thread-1] INFO  server.RaftServerConfigKeys (ConfUtils.java:logGet(44)) - raft.server.rpc.timeout.min = 5s (custom)
2021-12-07 08:23:21,385 [pool-255-thread-1] INFO  server.RaftServerConfigKeys (ConfUtils.java:logGet(44)) - raft.server.rpc.timeout.max = 5200ms (custom)
2021-12-07 08:23:21,386 [pool-255-thread-1] INFO  server.RaftServerConfigKeys (ConfUtils.java:logGet(44)) - raft.server.rpc.sleep.time = 25ms (default)
2021-12-07 08:23:21,386 [pool-255-thread-1] INFO  server.RaftServerConfigKeys (ConfUtils.java:logGet(44)) - raft.server.rpc.slowness.timeout = 300s (custom)
2021-12-07 08:23:21,386 [pool-255-thread-1] INFO  server.RaftServerConfigKeys (ConfUtils.java:logGet(44)) - raft.server.leaderelection.leader.step-down.wait-time = 10s (default)
2021-12-07 08:23:21,386 [pool-255-thread-1] INFO  server.RaftServerConfigKeys (ConfUtils.java:logGet(44)) - raft.server.sleep.deviation.threshold = 300ms (default)
2021-12-07 08:23:21,386 [pool-255-thread-1] INFO  server.RaftServerConfigKeys (ConfUtils.java:logGet(44)) - raft.server.log.appender.install.snapshot.enabled = false (custom)
2021-12-07 08:23:21,386 [pool-255-thread-1] INFO  server.RaftServer$Division (ServerState.java:<init>(105)) - ef998961-c73b-4226-87f3-43670785e9df@group-43DACBA294D5: ConfigurationManager, init=-1: [ef998961-c73b-4226-87f3-43670785e9df|rpc:10.1.0.14:41193|dataStream:|priority:0, fa0dcf4e-df9f-4e34-8330-207691817642|rpc:10.1.0.14:46745|dataStream:|priority:0, f079c5a0-ef00-4d60-9ad2-3d1de424dd8b|rpc:10.1.0.14:37525|dataStream:|priority:1], old=null, confs=<EMPTY_MAP>
2021-12-07 08:23:21,386 [pool-255-thread-1] INFO  server.RaftServerConfigKeys (ConfUtils.java:logGet(44)) - raft.server.storage.dir = [/home/runner/work/ozone/ozone/hadoop-ozone/integration-test/target/test-dir/MiniOzoneClusterImpl-478fafeb-4ef0-48e3-bd35-2e3f0cf9f61b/datanode-1/data/ratis] (custom)
2021-12-07 08:23:21,386 [pool-255-thread-1] INFO  server.RaftServerConfigKeys (ConfUtils.java:logGet(44)) - raft.server.log.corruption.policy = EXCEPTION (default)
2021-12-07 08:23:21,386 [pool-255-thread-1] INFO  server.RaftServerConfigKeys (ConfUtils.java:logGet(44)) - raft.server.storage.free-space.min = 0MB (=0) (default)
2021-12-07 08:23:21,386 [pool-255-thread-1] INFO  storage.RaftStorageDirectory (RaftStorageDirectoryImpl.java:analyzeStorage(135)) - The storage directory /home/runner/work/ozone/ozone/hadoop-ozone/integration-test/target/test-dir/MiniOzoneClusterImpl-478fafeb-4ef0-48e3-bd35-2e3f0cf9f61b/datanode-1/data/ratis/a65e756f-4287-423e-aea8-43dacba294d5 does not exist. Creating ...
2021-12-07 08:23:21,399 [pool-255-thread-1] INFO  storage.RaftStorageDirectory (RaftStorageDirectoryImpl.java:tryLock(230)) - Lock on /home/runner/work/ozone/ozone/hadoop-ozone/integration-test/target/test-dir/MiniOzoneClusterImpl-478fafeb-4ef0-48e3-bd35-2e3f0cf9f61b/datanode-1/data/ratis/a65e756f-4287-423e-aea8-43dacba294d5/in_use.lock acquired by nodename 19858@fv-az151-352
2021-12-07 08:23:21,407 [pool-255-thread-1] INFO  storage.RaftStorage (RaftStorageImpl.java:format(89)) - Storage directory /home/runner/work/ozone/ozone/hadoop-ozone/integration-test/target/test-dir/MiniOzoneClusterImpl-478fafeb-4ef0-48e3-bd35-2e3f0cf9f61b/datanode-1/data/ratis/a65e756f-4287-423e-aea8-43dacba294d5 has been successfully formatted.
2021-12-07 08:23:21,408 [pool-255-thread-1] INFO  ratis.ContainerStateMachine (ContainerStateMachine.java:loadSnapshot(231)) - group-43DACBA294D5: The snapshot info is null. Setting the last applied indexto:(t:0, i:~)
2021-12-07 08:23:21,408 [pool-255-thread-1] INFO  server.RaftServerConfigKeys (ConfUtils.java:logGet(44)) - raft.server.notification.no-leader.timeout = 300s (custom)
2021-12-07 08:23:21,409 [pool-255-thread-1] INFO  server.RaftServerConfigKeys (ConfUtils.java:logGet(44)) - raft.server.log.use.memory = false (default)
2021-12-07 08:23:21,409 [pool-255-thread-1] INFO  server.RaftServerConfigKeys (ConfUtils.java:logGet(44)) - raft.server.log.purge.gap = 1000000 (custom)
2021-12-07 08:23:21,409 [pool-255-thread-1] INFO  server.RaftServerConfigKeys (ConfUtils.java:logGet(44)) - raft.server.log.appender.buffer.byte-limit = 33554432 (custom)
2021-12-07 08:23:21,409 [pool-255-thread-1] INFO  server.RaftServerConfigKeys (ConfUtils.java:logGet(44)) - raft.server.log.segment.size.max = 1048576 (custom)
2021-12-07 08:23:21,409 [pool-255-thread-1] INFO  server.RaftServerConfigKeys (ConfUtils.java:logGet(44)) - raft.server.log.segment.cache.num.max = 2 (custom)
2021-12-07 08:23:21,409 [pool-255-thread-1] INFO  server.RaftServerConfigKeys (ConfUtils.java:logGet(44)) - raft.server.log.segment.cache.size.max = 200MB (=209715200) (default)
2021-12-07 08:23:21,410 [pool-255-thread-1] INFO  segmented.SegmentedRaftLogWorker (SegmentedRaftLogWorker.java:<init>(182)) - new ef998961-c73b-4226-87f3-43670785e9df@group-43DACBA294D5-SegmentedRaftLogWorker for RaftStorageImpl:Storage Directory /home/runner/work/ozone/ozone/hadoop-ozone/integration-test/target/test-dir/MiniOzoneClusterImpl-478fafeb-4ef0-48e3-bd35-2e3f0cf9f61b/datanode-1/data/ratis/a65e756f-4287-423e-aea8-43dacba294d5
2021-12-07 08:23:21,410 [pool-255-thread-1] INFO  server.RaftServerConfigKeys (ConfUtils.java:logGet(44)) - raft.server.log.queue.byte-limit = 2147483647 (custom)
2021-12-07 08:23:21,410 [pool-255-thread-1] INFO  server.RaftServerConfigKeys (ConfUtils.java:logGet(44)) - raft.server.log.queue.element-limit = 1024 (custom)
2021-12-07 08:23:21,410 [pool-255-thread-1] INFO  server.RaftServerConfigKeys (ConfUtils.java:logGet(44)) - raft.server.log.segment.size.max = 1048576 (custom)
2021-12-07 08:23:21,410 [pool-255-thread-1] INFO  server.RaftServerConfigKeys (ConfUtils.java:logGet(44)) - raft.server.log.preallocated.size = 16384 (custom)
2021-12-07 08:23:21,410 [pool-255-thread-1] INFO  server.RaftServerConfigKeys (ConfUtils.java:logGet(44)) - raft.server.log.force.sync.num = 128 (default)
2021-12-07 08:23:21,410 [pool-255-thread-1] INFO  server.RaftServerConfigKeys (ConfUtils.java:logGet(44)) - raft.server.log.statemachine.data.sync = true (default)
2021-12-07 08:23:21,410 [pool-255-thread-1] INFO  server.RaftServerConfigKeys (ConfUtils.java:logGet(44)) - raft.server.log.statemachine.data.sync.timeout = 10s (default)
2021-12-07 08:23:21,410 [pool-255-thread-1] INFO  server.RaftServerConfigKeys (ConfUtils.java:logGet(44)) - raft.server.log.statemachine.data.sync.timeout.retry = -1 (default)
2021-12-07 08:23:21,411 [pool-255-thread-1] INFO  server.RaftServerConfigKeys (ConfUtils.java:logGet(44)) - raft.server.log.write.buffer.size = 1048576 (custom)
2021-12-07 08:23:21,412 [pool-255-thread-1] INFO  server.RaftServerConfigKeys (ConfUtils.java:logGet(44)) - raft.server.log.statemachine.data.caching.enabled = true (custom)
2021-12-07 08:23:21,412 [pool-255-thread-1] INFO  segmented.SegmentedRaftLogWorker (SegmentedRaftLogWorker.java:lambda$new$0(133)) - ef998961-c73b-4226-87f3-43670785e9df@group-43DACBA294D5-SegmentedRaftLogWorker: flushIndex: setUnconditionally 0 -> -1
2021-12-07 08:23:21,412 [pool-255-thread-1] INFO  segmented.SegmentedRaftLogWorker (SegmentedRaftLogWorker.java:lambda$new$0(133)) - ef998961-c73b-4226-87f3-43670785e9df@group-43DACBA294D5-SegmentedRaftLogWorker: safeCacheEvictIndex: setUnconditionally 0 -> -1
2021-12-07 08:23:21,422 [pool-255-thread-1] INFO  server.RaftServerConfigKeys (ConfUtils.java:logGet(44)) - raft.server.snapshot.auto.trigger.enabled = true (custom)
2021-12-07 08:23:21,422 [pool-255-thread-1] INFO  server.RaftServerConfigKeys (ConfUtils.java:logGet(44)) - raft.server.snapshot.auto.trigger.threshold = 10000 (custom)
2021-12-07 08:23:21,422 [pool-255-thread-1] INFO  server.RaftServerConfigKeys (ConfUtils.java:logGet(44)) - raft.server.snapshot.retention.file.num = 5 (custom)
2021-12-07 08:23:21,422 [pool-255-thread-1] INFO  server.RaftServerConfigKeys (ConfUtils.java:logGet(44)) - raft.server.log.purge.upto.snapshot.index = false (default)
2021-12-07 08:23:21,423 [pool-255-thread-1] INFO  server.RaftServerConfigKeys (ConfUtils.java:logGet(44)) - raft.server.retrycache.expirytime = 600000ms (custom)
2021-12-07 08:23:21,423 [pool-255-thread-1] INFO  server.RaftServerConfigKeys (ConfUtils.java:logGet(44)) - raft.server.retrycache.statistics.expirytime = 100μs (default)
2021-12-07 08:23:21,424 [pool-255-thread-1] INFO  server.RaftServer$Division (RaftServerImpl.java:start(301)) - ef998961-c73b-4226-87f3-43670785e9df@group-43DACBA294D5: start as a follower, conf=-1: [ef998961-c73b-4226-87f3-43670785e9df|rpc:10.1.0.14:41193|dataStream:|priority:0, fa0dcf4e-df9f-4e34-8330-207691817642|rpc:10.1.0.14:46745|dataStream:|priority:0, f079c5a0-ef00-4d60-9ad2-3d1de424dd8b|rpc:10.1.0.14:37525|dataStream:|priority:1], old=null
2021-12-07 08:23:21,424 [pool-255-thread-1] INFO  server.RaftServer$Division (RaftServerImpl.java:setRole(290)) - ef998961-c73b-4226-87f3-43670785e9df@group-43DACBA294D5: changes role from      null to FOLLOWER at term 0 for startAsFollower
2021-12-07 08:23:21,424 [pool-255-thread-1] INFO  impl.RoleInfo (RoleInfo.java:updateAndGet(130)) - ef998961-c73b-4226-87f3-43670785e9df: start ef998961-c73b-4226-87f3-43670785e9df@group-43DACBA294D5-FollowerState
2021-12-07 08:23:21,432 [pool-255-thread-1] INFO  util.JmxRegister (JmxRegister.java:tryRegister(44)) - Successfully registered JMX Bean with object name Ratis:service=RaftServer,group=group-43DACBA294D5,id=ef998961-c73b-4226-87f3-43670785e9df
2021-12-07 08:23:21,504 [grpc-default-executor-0] INFO  server.RaftServer (RaftServerProxy.java:addNew(95)) - f079c5a0-ef00-4d60-9ad2-3d1de424dd8b: addNew group-43DACBA294D5:[ef998961-c73b-4226-87f3-43670785e9df|rpc:10.1.0.14:41193|dataStream:|priority:0, fa0dcf4e-df9f-4e34-8330-207691817642|rpc:10.1.0.14:46745|dataStream:|priority:0, f079c5a0-ef00-4d60-9ad2-3d1de424dd8b|rpc:10.1.0.14:37525|dataStream:|priority:1] returns group-43DACBA294D5:java.util.concurrent.CompletableFuture@303d68bc[Not completed]
2021-12-07 08:23:21,521 [pool-276-thread-1] INFO  server.RaftServer$Division (RaftServerImpl.java:<init>(184)) - f079c5a0-ef00-4d60-9ad2-3d1de424dd8b: new RaftServerImpl for group-43DACBA294D5:[ef998961-c73b-4226-87f3-43670785e9df|rpc:10.1.0.14:41193|dataStream:|priority:0, fa0dcf4e-df9f-4e34-8330-207691817642|rpc:10.1.0.14:46745|dataStream:|priority:0, f079c5a0-ef00-4d60-9ad2-3d1de424dd8b|rpc:10.1.0.14:37525|dataStream:|priority:1] with ContainerStateMachine:uninitialized
2021-12-07 08:23:21,536 [pool-276-thread-1] INFO  server.RaftServerConfigKeys (ConfUtils.java:logGet(44)) - raft.server.rpc.timeout.min = 5s (custom)
2021-12-07 08:23:21,536 [pool-276-thread-1] INFO  server.RaftServerConfigKeys (ConfUtils.java:logGet(44)) - raft.server.rpc.timeout.max = 5200ms (custom)
2021-12-07 08:23:21,536 [pool-276-thread-1] INFO  server.RaftServerConfigKeys (ConfUtils.java:logGet(44)) - raft.server.rpc.sleep.time = 25ms (default)
2021-12-07 08:23:21,536 [pool-276-thread-1] INFO  server.RaftServerConfigKeys (ConfUtils.java:logGet(44)) - raft.server.rpc.slowness.timeout = 300s (custom)
2021-12-07 08:23:21,536 [pool-276-thread-1] INFO  server.RaftServerConfigKeys (ConfUtils.java:logGet(44)) - raft.server.leaderelection.leader.step-down.wait-time = 10s (default)
2021-12-07 08:23:21,536 [pool-276-thread-1] INFO  server.RaftServerConfigKeys (ConfUtils.java:logGet(44)) - raft.server.sleep.deviation.threshold = 300ms (default)
2021-12-07 08:23:21,536 [pool-276-thread-1] INFO  server.RaftServerConfigKeys (ConfUtils.java:logGet(44)) - raft.server.log.appender.install.snapshot.enabled = false (custom)
2021-12-07 08:23:21,536 [pool-276-thread-1] INFO  server.RaftServer$Division (ServerState.java:<init>(105)) - f079c5a0-ef00-4d60-9ad2-3d1de424dd8b@group-43DACBA294D5: ConfigurationManager, init=-1: [ef998961-c73b-4226-87f3-43670785e9df|rpc:10.1.0.14:41193|dataStream:|priority:0, fa0dcf4e-df9f-4e34-8330-207691817642|rpc:10.1.0.14:46745|dataStream:|priority:0, f079c5a0-ef00-4d60-9ad2-3d1de424dd8b|rpc:10.1.0.14:37525|dataStream:|priority:1], old=null, confs=<EMPTY_MAP>
2021-12-07 08:23:21,536 [pool-276-thread-1] INFO  server.RaftServerConfigKeys (ConfUtils.java:logGet(44)) - raft.server.storage.dir = [/home/runner/work/ozone/ozone/hadoop-ozone/integration-test/target/test-dir/MiniOzoneClusterImpl-478fafeb-4ef0-48e3-bd35-2e3f0cf9f61b/datanode-2/data/ratis] (custom)
2021-12-07 08:23:21,536 [pool-276-thread-1] INFO  server.RaftServerConfigKeys (ConfUtils.java:logGet(44)) - raft.server.log.corruption.policy = EXCEPTION (default)
2021-12-07 08:23:21,536 [pool-276-thread-1] INFO  server.RaftServerConfigKeys (ConfUtils.java:logGet(44)) - raft.server.storage.free-space.min = 0MB (=0) (default)
2021-12-07 08:23:21,536 [pool-276-thread-1] INFO  storage.RaftStorageDirectory (RaftStorageDirectoryImpl.java:analyzeStorage(135)) - The storage directory /home/runner/work/ozone/ozone/hadoop-ozone/integration-test/target/test-dir/MiniOzoneClusterImpl-478fafeb-4ef0-48e3-bd35-2e3f0cf9f61b/datanode-2/data/ratis/a65e756f-4287-423e-aea8-43dacba294d5 does not exist. Creating ...
2021-12-07 08:23:21,538 [pool-276-thread-1] INFO  storage.RaftStorageDirectory (RaftStorageDirectoryImpl.java:tryLock(230)) - Lock on /home/runner/work/ozone/ozone/hadoop-ozone/integration-test/target/test-dir/MiniOzoneClusterImpl-478fafeb-4ef0-48e3-bd35-2e3f0cf9f61b/datanode-2/data/ratis/a65e756f-4287-423e-aea8-43dacba294d5/in_use.lock acquired by nodename 19858@fv-az151-352
2021-12-07 08:23:21,540 [pool-276-thread-1] INFO  storage.RaftStorage (RaftStorageImpl.java:format(89)) - Storage directory /home/runner/work/ozone/ozone/hadoop-ozone/integration-test/target/test-dir/MiniOzoneClusterImpl-478fafeb-4ef0-48e3-bd35-2e3f0cf9f61b/datanode-2/data/ratis/a65e756f-4287-423e-aea8-43dacba294d5 has been successfully formatted.
2021-12-07 08:23:21,541 [pool-276-thread-1] INFO  ratis.ContainerStateMachine (ContainerStateMachine.java:loadSnapshot(231)) - group-43DACBA294D5: The snapshot info is null. Setting the last applied indexto:(t:0, i:~)
2021-12-07 08:23:21,541 [pool-276-thread-1] INFO  server.RaftServerConfigKeys (ConfUtils.java:logGet(44)) - raft.server.notification.no-leader.timeout = 300s (custom)
2021-12-07 08:23:21,541 [pool-276-thread-1] INFO  server.RaftServerConfigKeys (ConfUtils.java:logGet(44)) - raft.server.log.use.memory = false (default)
2021-12-07 08:23:21,541 [pool-276-thread-1] INFO  server.RaftServerConfigKeys (ConfUtils.java:logGet(44)) - raft.server.log.purge.gap = 1000000 (custom)
2021-12-07 08:23:21,541 [pool-276-thread-1] INFO  server.RaftServerConfigKeys (ConfUtils.java:logGet(44)) - raft.server.log.appender.buffer.byte-limit = 33554432 (custom)
2021-12-07 08:23:21,542 [pool-276-thread-1] INFO  server.RaftServerConfigKeys (ConfUtils.java:logGet(44)) - raft.server.log.segment.size.max = 1048576 (custom)
2021-12-07 08:23:21,542 [pool-276-thread-1] INFO  server.RaftServerConfigKeys (ConfUtils.java:logGet(44)) - raft.server.log.segment.cache.num.max = 2 (custom)
2021-12-07 08:23:21,542 [pool-276-thread-1] INFO  server.RaftServerConfigKeys (ConfUtils.java:logGet(44)) - raft.server.log.segment.cache.size.max = 200MB (=209715200) (default)
2021-12-07 08:23:21,542 [pool-276-thread-1] INFO  segmented.SegmentedRaftLogWorker (SegmentedRaftLogWorker.java:<init>(182)) - new f079c5a0-ef00-4d60-9ad2-3d1de424dd8b@group-43DACBA294D5-SegmentedRaftLogWorker for RaftStorageImpl:Storage Directory /home/runner/work/ozone/ozone/hadoop-ozone/integration-test/target/test-dir/MiniOzoneClusterImpl-478fafeb-4ef0-48e3-bd35-2e3f0cf9f61b/datanode-2/data/ratis/a65e756f-4287-423e-aea8-43dacba294d5
2021-12-07 08:23:21,542 [pool-276-thread-1] INFO  server.RaftServerConfigKeys (ConfUtils.java:logGet(44)) - raft.server.log.queue.byte-limit = 2147483647 (custom)
2021-12-07 08:23:21,542 [pool-276-thread-1] INFO  server.RaftServerConfigKeys (ConfUtils.java:logGet(44)) - raft.server.log.queue.element-limit = 1024 (custom)
2021-12-07 08:23:21,542 [pool-276-thread-1] INFO  server.RaftServerConfigKeys (ConfUtils.java:logGet(44)) - raft.server.log.segment.size.max = 1048576 (custom)
2021-12-07 08:23:21,542 [pool-276-thread-1] INFO  server.RaftServerConfigKeys (ConfUtils.java:logGet(44)) - raft.server.log.preallocated.size = 16384 (custom)
2021-12-07 08:23:21,542 [pool-276-thread-1] INFO  server.RaftServerConfigKeys (ConfUtils.java:logGet(44)) - raft.server.log.force.sync.num = 128 (default)
2021-12-07 08:23:21,542 [pool-276-thread-1] INFO  server.RaftServerConfigKeys (ConfUtils.java:logGet(44)) - raft.server.log.statemachine.data.sync = true (default)
2021-12-07 08:23:21,543 [pool-276-thread-1] INFO  server.RaftServerConfigKeys (ConfUtils.java:logGet(44)) - raft.server.log.statemachine.data.sync.timeout = 10s (default)
2021-12-07 08:23:21,543 [pool-276-thread-1] INFO  server.RaftServerConfigKeys (ConfUtils.java:logGet(44)) - raft.server.log.statemachine.data.sync.timeout.retry = -1 (default)
2021-12-07 08:23:21,543 [pool-276-thread-1] INFO  server.RaftServerConfigKeys (ConfUtils.java:logGet(44)) - raft.server.log.write.buffer.size = 1048576 (custom)
2021-12-07 08:23:21,544 [pool-276-thread-1] INFO  server.RaftServerConfigKeys (ConfUtils.java:logGet(44)) - raft.server.log.statemachine.data.caching.enabled = true (custom)
2021-12-07 08:23:21,544 [pool-276-thread-1] INFO  segmented.SegmentedRaftLogWorker (SegmentedRaftLogWorker.java:lambda$new$0(133)) - f079c5a0-ef00-4d60-9ad2-3d1de424dd8b@group-43DACBA294D5-SegmentedRaftLogWorker: flushIndex: setUnconditionally 0 -> -1
2021-12-07 08:23:21,544 [pool-276-thread-1] INFO  segmented.SegmentedRaftLogWorker (SegmentedRaftLogWorker.java:lambda$new$0(133)) - f079c5a0-ef00-4d60-9ad2-3d1de424dd8b@group-43DACBA294D5-SegmentedRaftLogWorker: safeCacheEvictIndex: setUnconditionally 0 -> -1
2021-12-07 08:23:21,545 [pool-276-thread-1] INFO  server.RaftServerConfigKeys (ConfUtils.java:logGet(44)) - raft.server.snapshot.auto.trigger.enabled = true (custom)
2021-12-07 08:23:21,546 [pool-276-thread-1] INFO  server.RaftServerConfigKeys (ConfUtils.java:logGet(44)) - raft.server.snapshot.auto.trigger.threshold = 10000 (custom)
2021-12-07 08:23:21,546 [pool-276-thread-1] INFO  server.RaftServerConfigKeys (ConfUtils.java:logGet(44)) - raft.server.snapshot.retention.file.num = 5 (custom)
2021-12-07 08:23:21,546 [pool-276-thread-1] INFO  server.RaftServerConfigKeys (ConfUtils.java:logGet(44)) - raft.server.log.purge.upto.snapshot.index = false (default)
2021-12-07 08:23:21,546 [pool-276-thread-1] INFO  server.RaftServerConfigKeys (ConfUtils.java:logGet(44)) - raft.server.retrycache.expirytime = 600000ms (custom)
2021-12-07 08:23:21,546 [pool-276-thread-1] INFO  server.RaftServerConfigKeys (ConfUtils.java:logGet(44)) - raft.server.retrycache.statistics.expirytime = 100μs (default)
2021-12-07 08:23:21,553 [pool-276-thread-1] INFO  server.RaftServer$Division (RaftServerImpl.java:start(301)) - f079c5a0-ef00-4d60-9ad2-3d1de424dd8b@group-43DACBA294D5: start as a follower, conf=-1: [ef998961-c73b-4226-87f3-43670785e9df|rpc:10.1.0.14:41193|dataStream:|priority:0, fa0dcf4e-df9f-4e34-8330-207691817642|rpc:10.1.0.14:46745|dataStream:|priority:0, f079c5a0-ef00-4d60-9ad2-3d1de424dd8b|rpc:10.1.0.14:37525|dataStream:|priority:1], old=null
2021-12-07 08:23:21,556 [pool-276-thread-1] INFO  server.RaftServer$Division (RaftServerImpl.java:setRole(290)) - f079c5a0-ef00-4d60-9ad2-3d1de424dd8b@group-43DACBA294D5: changes role from      null to FOLLOWER at term 0 for startAsFollower
2021-12-07 08:23:21,557 [pool-276-thread-1] INFO  impl.RoleInfo (RoleInfo.java:updateAndGet(130)) - f079c5a0-ef00-4d60-9ad2-3d1de424dd8b: start f079c5a0-ef00-4d60-9ad2-3d1de424dd8b@group-43DACBA294D5-FollowerState
2021-12-07 08:23:21,557 [pool-276-thread-1] INFO  util.JmxRegister (JmxRegister.java:tryRegister(44)) - Successfully registered JMX Bean with object name Ratis:service=RaftServer,group=group-43DACBA294D5,id=f079c5a0-ef00-4d60-9ad2-3d1de424dd8b
2021-12-07 08:23:21,598 [Command processor thread] INFO  commandhandler.CreatePipelineCommandHandler (CreatePipelineCommandHandler.java:handle(106)) - Created Pipeline RATIS THREE PipelineID=a65e756f-4287-423e-aea8-43dacba294d5.
2021-12-07 08:23:21,651 [Command processor thread] INFO  server.RaftServer (RaftServerProxy.java:addNew(95)) - ef998961-c73b-4226-87f3-43670785e9df: addNew group-3227BB7B9BAA:[ef998961-c73b-4226-87f3-43670785e9df|rpc:10.1.0.14:41193|priority:1] returns group-3227BB7B9BAA:java.util.concurrent.CompletableFuture@4a0002af[Not completed]
2021-12-07 08:23:21,652 [pool-255-thread-1] INFO  server.RaftServer$Division (RaftServerImpl.java:<init>(184)) - ef998961-c73b-4226-87f3-43670785e9df: new RaftServerImpl for group-3227BB7B9BAA:[ef998961-c73b-4226-87f3-43670785e9df|rpc:10.1.0.14:41193|priority:1] with ContainerStateMachine:uninitialized
2021-12-07 08:23:21,652 [pool-255-thread-1] INFO  server.RaftServerConfigKeys (ConfUtils.java:logGet(44)) - raft.server.rpc.timeout.min = 5s (custom)
2021-12-07 08:23:21,652 [pool-255-thread-1] INFO  server.RaftServerConfigKeys (ConfUtils.java:logGet(44)) - raft.server.rpc.timeout.max = 5200ms (custom)
2021-12-07 08:23:21,652 [pool-255-thread-1] INFO  server.RaftServerConfigKeys (ConfUtils.java:logGet(44)) - raft.server.rpc.sleep.time = 25ms (default)
2021-12-07 08:23:21,652 [pool-255-thread-1] INFO  server.RaftServerConfigKeys (ConfUtils.java:logGet(44)) - raft.server.rpc.slowness.timeout = 300s (custom)
2021-12-07 08:23:21,652 [pool-255-thread-1] INFO  server.RaftServerConfigKeys (ConfUtils.java:logGet(44)) - raft.server.leaderelection.leader.step-down.wait-time = 10s (default)
2021-12-07 08:23:21,652 [pool-255-thread-1] INFO  server.RaftServerConfigKeys (ConfUtils.java:logGet(44)) - raft.server.sleep.deviation.threshold = 300ms (default)
2021-12-07 08:23:21,652 [pool-255-thread-1] INFO  server.RaftServerConfigKeys (ConfUtils.java:logGet(44)) - raft.server.log.appender.install.snapshot.enabled = false (custom)
2021-12-07 08:23:21,652 [pool-255-thread-1] INFO  server.RaftServer$Division (ServerState.java:<init>(105)) - ef998961-c73b-4226-87f3-43670785e9df@group-3227BB7B9BAA: ConfigurationManager, init=-1: [ef998961-c73b-4226-87f3-43670785e9df|rpc:10.1.0.14:41193|priority:1], old=null, confs=<EMPTY_MAP>
2021-12-07 08:23:21,652 [pool-255-thread-1] INFO  server.RaftServerConfigKeys (ConfUtils.java:logGet(44)) - raft.server.storage.dir = [/home/runner/work/ozone/ozone/hadoop-ozone/integration-test/target/test-dir/MiniOzoneClusterImpl-478fafeb-4ef0-48e3-bd35-2e3f0cf9f61b/datanode-1/data/ratis] (custom)
2021-12-07 08:23:21,652 [pool-255-thread-1] INFO  server.RaftServerConfigKeys (ConfUtils.java:logGet(44)) - raft.server.log.corruption.policy = EXCEPTION (default)
2021-12-07 08:23:21,653 [pool-255-thread-1] INFO  server.RaftServerConfigKeys (ConfUtils.java:logGet(44)) - raft.server.storage.free-space.min = 0MB (=0) (default)
2021-12-07 08:23:21,653 [pool-255-thread-1] INFO  storage.RaftStorageDirectory (RaftStorageDirectoryImpl.java:analyzeStorage(135)) - The storage directory /home/runner/work/ozone/ozone/hadoop-ozone/integration-test/target/test-dir/MiniOzoneClusterImpl-478fafeb-4ef0-48e3-bd35-2e3f0cf9f61b/datanode-1/data/ratis/6a36308d-6244-48e1-9ed9-3227bb7b9baa does not exist. Creating ...
2021-12-07 08:23:21,657 [pool-255-thread-1] INFO  storage.RaftStorageDirectory (RaftStorageDirectoryImpl.java:tryLock(230)) - Lock on /home/runner/work/ozone/ozone/hadoop-ozone/integration-test/target/test-dir/MiniOzoneClusterImpl-478fafeb-4ef0-48e3-bd35-2e3f0cf9f61b/datanode-1/data/ratis/6a36308d-6244-48e1-9ed9-3227bb7b9baa/in_use.lock acquired by nodename 19858@fv-az151-352
2021-12-07 08:23:21,664 [pool-255-thread-1] INFO  storage.RaftStorage (RaftStorageImpl.java:format(89)) - Storage directory /home/runner/work/ozone/ozone/hadoop-ozone/integration-test/target/test-dir/MiniOzoneClusterImpl-478fafeb-4ef0-48e3-bd35-2e3f0cf9f61b/datanode-1/data/ratis/6a36308d-6244-48e1-9ed9-3227bb7b9baa has been successfully formatted.
2021-12-07 08:23:21,664 [pool-255-thread-1] INFO  ratis.ContainerStateMachine (ContainerStateMachine.java:loadSnapshot(231)) - group-3227BB7B9BAA: The snapshot info is null. Setting the last applied indexto:(t:0, i:~)
2021-12-07 08:23:21,664 [pool-255-thread-1] INFO  server.RaftServerConfigKeys (ConfUtils.java:logGet(44)) - raft.server.notification.no-leader.timeout = 300s (custom)
2021-12-07 08:23:21,664 [pool-255-thread-1] INFO  server.RaftServerConfigKeys (ConfUtils.java:logGet(44)) - raft.server.log.use.memory = false (default)
2021-12-07 08:23:21,664 [pool-255-thread-1] INFO  server.RaftServerConfigKeys (ConfUtils.java:logGet(44)) - raft.server.log.purge.gap = 1000000 (custom)
2021-12-07 08:23:21,665 [pool-255-thread-1] INFO  server.RaftServerConfigKeys (ConfUtils.java:logGet(44)) - raft.server.log.appender.buffer.byte-limit = 33554432 (custom)
2021-12-07 08:23:21,665 [pool-255-thread-1] INFO  server.RaftServerConfigKeys (ConfUtils.java:logGet(44)) - raft.server.log.segment.size.max = 1048576 (custom)
2021-12-07 08:23:21,665 [pool-255-thread-1] INFO  server.RaftServerConfigKeys (ConfUtils.java:logGet(44)) - raft.server.log.segment.cache.num.max = 2 (custom)
2021-12-07 08:23:21,665 [pool-255-thread-1] INFO  server.RaftServerConfigKeys (ConfUtils.java:logGet(44)) - raft.server.log.segment.cache.size.max = 200MB (=209715200) (default)
2021-12-07 08:23:21,665 [pool-255-thread-1] INFO  segmented.SegmentedRaftLogWorker (SegmentedRaftLogWorker.java:<init>(182)) - new ef998961-c73b-4226-87f3-43670785e9df@group-3227BB7B9BAA-SegmentedRaftLogWorker for RaftStorageImpl:Storage Directory /home/runner/work/ozone/ozone/hadoop-ozone/integration-test/target/test-dir/MiniOzoneClusterImpl-478fafeb-4ef0-48e3-bd35-2e3f0cf9f61b/datanode-1/data/ratis/6a36308d-6244-48e1-9ed9-3227bb7b9baa
2021-12-07 08:23:21,665 [pool-255-thread-1] INFO  server.RaftServerConfigKeys (ConfUtils.java:logGet(44)) - raft.server.log.queue.byte-limit = 2147483647 (custom)
2021-12-07 08:23:21,665 [pool-255-thread-1] INFO  server.RaftServerConfigKeys (ConfUtils.java:logGet(44)) - raft.server.log.queue.element-limit = 1024 (custom)
2021-12-07 08:23:21,665 [pool-255-thread-1] INFO  server.RaftServerConfigKeys (ConfUtils.java:logGet(44)) - raft.server.log.segment.size.max = 1048576 (custom)
2021-12-07 08:23:21,666 [pool-255-thread-1] INFO  server.RaftServerConfigKeys (ConfUtils.java:logGet(44)) - raft.server.log.preallocated.size = 16384 (custom)
2021-12-07 08:23:21,666 [pool-255-thread-1] INFO  server.RaftServerConfigKeys (ConfUtils.java:logGet(44)) - raft.server.log.force.sync.num = 128 (default)
2021-12-07 08:23:21,666 [pool-255-thread-1] INFO  server.RaftServerConfigKeys (ConfUtils.java:logGet(44)) - raft.server.log.statemachine.data.sync = true (default)
2021-12-07 08:23:21,666 [pool-255-thread-1] INFO  server.RaftServerConfigKeys (ConfUtils.java:logGet(44)) - raft.server.log.statemachine.data.sync.timeout = 10s (default)
2021-12-07 08:23:21,666 [pool-255-thread-1] INFO  server.RaftServerConfigKeys (ConfUtils.java:logGet(44)) - raft.server.log.statemachine.data.sync.timeout.retry = -1 (default)
2021-12-07 08:23:21,668 [EventQueue-PipelineReportForPipelineReportHandler] INFO  pipeline.PipelineManagerImpl (PipelineManagerImpl.java:openPipeline(291)) - Pipeline Pipeline[ Id: 6a36308d-6244-48e1-9ed9-3227bb7b9baa, Nodes: ef998961-c73b-4226-87f3-43670785e9df{ip: 10.1.0.14, host: fv-az151-352.yf2hydr00wburbhx3j5hxtcipe.bx.internal.cloudapp.net, ports: [REPLICATION=39831, RATIS=41193, RATIS_ADMIN=41193, RATIS_SERVER=41193, STANDALONE=43293], networkLocation: /default-rack, certSerialId: null, persistedOpState: IN_SERVICE, persistedOpStateExpiryEpochSec: 0}, ReplicationConfig: RATIS/ONE, State:ALLOCATED, leaderId:ef998961-c73b-4226-87f3-43670785e9df, CreationTimestamp2021-12-07T08:23:18.676Z[Etc/UTC]] moved to OPEN state
2021-12-07 08:23:21,669 [EventQueue-OpenPipelineForHealthyPipelineSafeModeRule] INFO  safemode.SCMSafeModeManager (HealthyPipelineSafeModeRule.java:process(124)) - SCM in safe mode. Healthy pipelines reported count is 0, required healthy pipeline reported count is 1
2021-12-07 08:23:21,670 [pool-255-thread-1] INFO  server.RaftServerConfigKeys (ConfUtils.java:logGet(44)) - raft.server.log.write.buffer.size = 1048576 (custom)
2021-12-07 08:23:21,676 [pool-255-thread-1] INFO  server.RaftServerConfigKeys (ConfUtils.java:logGet(44)) - raft.server.log.statemachine.data.caching.enabled = true (custom)
2021-12-07 08:23:21,676 [pool-255-thread-1] INFO  segmented.SegmentedRaftLogWorker (SegmentedRaftLogWorker.java:lambda$new$0(133)) - ef998961-c73b-4226-87f3-43670785e9df@group-3227BB7B9BAA-SegmentedRaftLogWorker: flushIndex: setUnconditionally 0 -> -1
2021-12-07 08:23:21,676 [pool-255-thread-1] INFO  segmented.SegmentedRaftLogWorker (SegmentedRaftLogWorker.java:lambda$new$0(133)) - ef998961-c73b-4226-87f3-43670785e9df@group-3227BB7B9BAA-SegmentedRaftLogWorker: safeCacheEvictIndex: setUnconditionally 0 -> -1
2021-12-07 08:23:21,685 [pool-255-thread-1] INFO  server.RaftServerConfigKeys (ConfUtils.java:logGet(44)) - raft.server.snapshot.auto.trigger.enabled = true (custom)
2021-12-07 08:23:21,685 [pool-255-thread-1] INFO  server.RaftServerConfigKeys (ConfUtils.java:logGet(44)) - raft.server.snapshot.auto.trigger.threshold = 10000 (custom)
2021-12-07 08:23:21,685 [pool-255-thread-1] INFO  server.RaftServerConfigKeys (ConfUtils.java:logGet(44)) - raft.server.snapshot.retention.file.num = 5 (custom)
2021-12-07 08:23:21,685 [pool-255-thread-1] INFO  server.RaftServerConfigKeys (ConfUtils.java:logGet(44)) - raft.server.log.purge.upto.snapshot.index = false (default)
2021-12-07 08:23:21,686 [pool-255-thread-1] INFO  server.RaftServerConfigKeys (ConfUtils.java:logGet(44)) - raft.server.retrycache.expirytime = 600000ms (custom)
2021-12-07 08:23:21,686 [pool-255-thread-1] INFO  server.RaftServerConfigKeys (ConfUtils.java:logGet(44)) - raft.server.retrycache.statistics.expirytime = 100μs (default)
2021-12-07 08:23:21,687 [pool-255-thread-1] INFO  server.RaftServer$Division (RaftServerImpl.java:start(301)) - ef998961-c73b-4226-87f3-43670785e9df@group-3227BB7B9BAA: start as a follower, conf=-1: [ef998961-c73b-4226-87f3-43670785e9df|rpc:10.1.0.14:41193|priority:1], old=null
2021-12-07 08:23:21,687 [pool-255-thread-1] INFO  server.RaftServer$Division (RaftServerImpl.java:setRole(290)) - ef998961-c73b-4226-87f3-43670785e9df@group-3227BB7B9BAA: changes role from      null to FOLLOWER at term 0 for startAsFollower
2021-12-07 08:23:21,687 [pool-255-thread-1] INFO  impl.RoleInfo (RoleInfo.java:updateAndGet(130)) - ef998961-c73b-4226-87f3-43670785e9df: start ef998961-c73b-4226-87f3-43670785e9df@group-3227BB7B9BAA-FollowerState
2021-12-07 08:23:21,691 [pool-255-thread-1] INFO  util.JmxRegister (JmxRegister.java:tryRegister(44)) - Successfully registered JMX Bean with object name Ratis:service=RaftServer,group=group-3227BB7B9BAA,id=ef998961-c73b-4226-87f3-43670785e9df
2021-12-07 08:23:21,695 [Command processor thread] INFO  ratis.XceiverServerRatis (XceiverServerRatis.java:addGroup(768)) - Created group PipelineID=6a36308d-6244-48e1-9ed9-3227bb7b9baa
2021-12-07 08:23:21,695 [Command processor thread] INFO  commandhandler.CreatePipelineCommandHandler (CreatePipelineCommandHandler.java:handle(106)) - Created Pipeline RATIS ONE PipelineID=6a36308d-6244-48e1-9ed9-3227bb7b9baa.
2021-12-07 08:23:22,151 [Listener at 127.0.0.1/40979] INFO  ozone.MiniOzoneClusterImpl (MiniOzoneClusterImpl.java:lambda$waitForClusterToBeReady$0(235)) - Nodes are ready. Got 3 of 3 DN Heartbeats.
2021-12-07 08:23:22,151 [Listener at 127.0.0.1/40979] INFO  ozone.MiniOzoneClusterImpl (MiniOzoneClusterImpl.java:lambda$waitForClusterToBeReady$0(238)) - Waiting for cluster to exit safe mode
2021-12-07 08:23:22,151 [Listener at 127.0.0.1/40979] INFO  ozone.MiniOzoneClusterImpl (MiniOzoneClusterImpl.java:lambda$waitForClusterToBeReady$0(240)) - SCM became leader
2021-12-07 08:23:22,169 [Command processor thread] INFO  server.RaftServer (RaftServerProxy.java:addNew(95)) - f079c5a0-ef00-4d60-9ad2-3d1de424dd8b: addNew group-D38A71C52C28:[f079c5a0-ef00-4d60-9ad2-3d1de424dd8b|rpc:10.1.0.14:37525|priority:1] returns group-D38A71C52C28:java.util.concurrent.CompletableFuture@536a9920[Not completed]
2021-12-07 08:23:22,170 [pool-276-thread-1] INFO  server.RaftServer$Division (RaftServerImpl.java:<init>(184)) - f079c5a0-ef00-4d60-9ad2-3d1de424dd8b: new RaftServerImpl for group-D38A71C52C28:[f079c5a0-ef00-4d60-9ad2-3d1de424dd8b|rpc:10.1.0.14:37525|priority:1] with ContainerStateMachine:uninitialized
2021-12-07 08:23:22,171 [pool-276-thread-1] INFO  server.RaftServerConfigKeys (ConfUtils.java:logGet(44)) - raft.server.rpc.timeout.min = 5s (custom)
2021-12-07 08:23:22,171 [pool-276-thread-1] INFO  server.RaftServerConfigKeys (ConfUtils.java:logGet(44)) - raft.server.rpc.timeout.max = 5200ms (custom)
2021-12-07 08:23:22,171 [pool-276-thread-1] INFO  server.RaftServerConfigKeys (ConfUtils.java:logGet(44)) - raft.server.rpc.sleep.time = 25ms (default)
2021-12-07 08:23:22,171 [pool-276-thread-1] INFO  server.RaftServerConfigKeys (ConfUtils.java:logGet(44)) - raft.server.rpc.slowness.timeout = 300s (custom)
2021-12-07 08:23:22,171 [pool-276-thread-1] INFO  server.RaftServerConfigKeys (ConfUtils.java:logGet(44)) - raft.server.leaderelection.leader.step-down.wait-time = 10s (default)
2021-12-07 08:23:22,171 [pool-276-thread-1] INFO  server.RaftServerConfigKeys (ConfUtils.java:logGet(44)) - raft.server.sleep.deviation.threshold = 300ms (default)
2021-12-07 08:23:22,171 [pool-276-thread-1] INFO  server.RaftServerConfigKeys (ConfUtils.java:logGet(44)) - raft.server.log.appender.install.snapshot.enabled = false (custom)
2021-12-07 08:23:22,171 [pool-276-thread-1] INFO  server.RaftServer$Division (ServerState.java:<init>(105)) - f079c5a0-ef00-4d60-9ad2-3d1de424dd8b@group-D38A71C52C28: ConfigurationManager, init=-1: [f079c5a0-ef00-4d60-9ad2-3d1de424dd8b|rpc:10.1.0.14:37525|priority:1], old=null, confs=<EMPTY_MAP>
2021-12-07 08:23:22,171 [pool-276-thread-1] INFO  server.RaftServerConfigKeys (ConfUtils.java:logGet(44)) - raft.server.storage.dir = [/home/runner/work/ozone/ozone/hadoop-ozone/integration-test/target/test-dir/MiniOzoneClusterImpl-478fafeb-4ef0-48e3-bd35-2e3f0cf9f61b/datanode-2/data/ratis] (custom)
2021-12-07 08:23:22,171 [pool-276-thread-1] INFO  server.RaftServerConfigKeys (ConfUtils.java:logGet(44)) - raft.server.log.corruption.policy = EXCEPTION (default)
2021-12-07 08:23:22,171 [pool-276-thread-1] INFO  server.RaftServerConfigKeys (ConfUtils.java:logGet(44)) - raft.server.storage.free-space.min = 0MB (=0) (default)
2021-12-07 08:23:22,171 [pool-276-thread-1] INFO  storage.RaftStorageDirectory (RaftStorageDirectoryImpl.java:analyzeStorage(135)) - The storage directory /home/runner/work/ozone/ozone/hadoop-ozone/integration-test/target/test-dir/MiniOzoneClusterImpl-478fafeb-4ef0-48e3-bd35-2e3f0cf9f61b/datanode-2/data/ratis/5d2a202c-77a8-4f5a-8d03-d38a71c52c28 does not exist. Creating ...
2021-12-07 08:23:22,172 [pool-276-thread-1] INFO  storage.RaftStorageDirectory (RaftStorageDirectoryImpl.java:tryLock(230)) - Lock on /home/runner/work/ozone/ozone/hadoop-ozone/integration-test/target/test-dir/MiniOzoneClusterImpl-478fafeb-4ef0-48e3-bd35-2e3f0cf9f61b/datanode-2/data/ratis/5d2a202c-77a8-4f5a-8d03-d38a71c52c28/in_use.lock acquired by nodename 19858@fv-az151-352
2021-12-07 08:23:22,178 [pool-276-thread-1] INFO  storage.RaftStorage (RaftStorageImpl.java:format(89)) - Storage directory /home/runner/work/ozone/ozone/hadoop-ozone/integration-test/target/test-dir/MiniOzoneClusterImpl-478fafeb-4ef0-48e3-bd35-2e3f0cf9f61b/datanode-2/data/ratis/5d2a202c-77a8-4f5a-8d03-d38a71c52c28 has been successfully formatted.
2021-12-07 08:23:22,178 [pool-276-thread-1] INFO  ratis.ContainerStateMachine (ContainerStateMachine.java:loadSnapshot(231)) - group-D38A71C52C28: The snapshot info is null. Setting the last applied indexto:(t:0, i:~)
2021-12-07 08:23:22,178 [pool-276-thread-1] INFO  server.RaftServerConfigKeys (ConfUtils.java:logGet(44)) - raft.server.notification.no-leader.timeout = 300s (custom)
2021-12-07 08:23:22,179 [pool-276-thread-1] INFO  server.RaftServerConfigKeys (ConfUtils.java:logGet(44)) - raft.server.log.use.memory = false (default)
2021-12-07 08:23:22,179 [pool-276-thread-1] INFO  server.RaftServerConfigKeys (ConfUtils.java:logGet(44)) - raft.server.log.purge.gap = 1000000 (custom)
2021-12-07 08:23:22,179 [pool-276-thread-1] INFO  server.RaftServerConfigKeys (ConfUtils.java:logGet(44)) - raft.server.log.appender.buffer.byte-limit = 33554432 (custom)
2021-12-07 08:23:22,179 [pool-276-thread-1] INFO  server.RaftServerConfigKeys (ConfUtils.java:logGet(44)) - raft.server.log.segment.size.max = 1048576 (custom)
2021-12-07 08:23:22,180 [pool-276-thread-1] INFO  server.RaftServerConfigKeys (ConfUtils.java:logGet(44)) - raft.server.log.segment.cache.num.max = 2 (custom)
2021-12-07 08:23:22,180 [pool-276-thread-1] INFO  server.RaftServerConfigKeys (ConfUtils.java:logGet(44)) - raft.server.log.segment.cache.size.max = 200MB (=209715200) (default)
2021-12-07 08:23:22,180 [pool-276-thread-1] INFO  segmented.SegmentedRaftLogWorker (SegmentedRaftLogWorker.java:<init>(182)) - new f079c5a0-ef00-4d60-9ad2-3d1de424dd8b@group-D38A71C52C28-SegmentedRaftLogWorker for RaftStorageImpl:Storage Directory /home/runner/work/ozone/ozone/hadoop-ozone/integration-test/target/test-dir/MiniOzoneClusterImpl-478fafeb-4ef0-48e3-bd35-2e3f0cf9f61b/datanode-2/data/ratis/5d2a202c-77a8-4f5a-8d03-d38a71c52c28
2021-12-07 08:23:22,180 [pool-276-thread-1] INFO  server.RaftServerConfigKeys (ConfUtils.java:logGet(44)) - raft.server.log.queue.byte-limit = 2147483647 (custom)
2021-12-07 08:23:22,180 [pool-276-thread-1] INFO  server.RaftServerConfigKeys (ConfUtils.java:logGet(44)) - raft.server.log.queue.element-limit = 1024 (custom)
2021-12-07 08:23:22,180 [pool-276-thread-1] INFO  server.RaftServerConfigKeys (ConfUtils.java:logGet(44)) - raft.server.log.segment.size.max = 1048576 (custom)
2021-12-07 08:23:22,180 [pool-276-thread-1] INFO  server.RaftServerConfigKeys (ConfUtils.java:logGet(44)) - raft.server.log.preallocated.size = 16384 (custom)
2021-12-07 08:23:22,180 [pool-276-thread-1] INFO  server.RaftServerConfigKeys (ConfUtils.java:logGet(44)) - raft.server.log.force.sync.num = 128 (default)
2021-12-07 08:23:22,180 [pool-276-thread-1] INFO  server.RaftServerConfigKeys (ConfUtils.java:logGet(44)) - raft.server.log.statemachine.data.sync = true (default)
2021-12-07 08:23:22,180 [pool-276-thread-1] INFO  server.RaftServerConfigKeys (ConfUtils.java:logGet(44)) - raft.server.log.statemachine.data.sync.timeout = 10s (default)
2021-12-07 08:23:22,180 [pool-276-thread-1] INFO  server.RaftServerConfigKeys (ConfUtils.java:logGet(44)) - raft.server.log.statemachine.data.sync.timeout.retry = -1 (default)
2021-12-07 08:23:22,181 [pool-276-thread-1] INFO  server.RaftServerConfigKeys (ConfUtils.java:logGet(44)) - raft.server.log.write.buffer.size = 1048576 (custom)
2021-12-07 08:23:22,181 [pool-276-thread-1] INFO  server.RaftServerConfigKeys (ConfUtils.java:logGet(44)) - raft.server.log.statemachine.data.caching.enabled = true (custom)
2021-12-07 08:23:22,181 [pool-276-thread-1] INFO  segmented.SegmentedRaftLogWorker (SegmentedRaftLogWorker.java:lambda$new$0(133)) - f079c5a0-ef00-4d60-9ad2-3d1de424dd8b@group-D38A71C52C28-SegmentedRaftLogWorker: flushIndex: setUnconditionally 0 -> -1
2021-12-07 08:23:22,182 [pool-276-thread-1] INFO  segmented.SegmentedRaftLogWorker (SegmentedRaftLogWorker.java:lambda$new$0(133)) - f079c5a0-ef00-4d60-9ad2-3d1de424dd8b@group-D38A71C52C28-SegmentedRaftLogWorker: safeCacheEvictIndex: setUnconditionally 0 -> -1
2021-12-07 08:23:22,184 [EventQueue-PipelineReportForPipelineReportHandler] INFO  pipeline.PipelineManagerImpl (PipelineManagerImpl.java:openPipeline(291)) - Pipeline Pipeline[ Id: 5d2a202c-77a8-4f5a-8d03-d38a71c52c28, Nodes: f079c5a0-ef00-4d60-9ad2-3d1de424dd8b{ip: 10.1.0.14, host: fv-az151-352.yf2hydr00wburbhx3j5hxtcipe.bx.internal.cloudapp.net, ports: [REPLICATION=45147, RATIS=37525, RATIS_ADMIN=37525, RATIS_SERVER=37525, STANDALONE=37599], networkLocation: /default-rack, certSerialId: null, persistedOpState: IN_SERVICE, persistedOpStateExpiryEpochSec: 0}, ReplicationConfig: RATIS/ONE, State:ALLOCATED, leaderId:f079c5a0-ef00-4d60-9ad2-3d1de424dd8b, CreationTimestamp2021-12-07T08:23:19.172Z[Etc/UTC]] moved to OPEN state
2021-12-07 08:23:22,184 [EventQueue-OpenPipelineForHealthyPipelineSafeModeRule] INFO  safemode.SCMSafeModeManager (HealthyPipelineSafeModeRule.java:process(124)) - SCM in safe mode. Healthy pipelines reported count is 0, required healthy pipeline reported count is 1
2021-12-07 08:23:22,191 [pool-276-thread-1] INFO  server.RaftServerConfigKeys (ConfUtils.java:logGet(44)) - raft.server.snapshot.auto.trigger.enabled = true (custom)
2021-12-07 08:23:22,192 [pool-276-thread-1] INFO  server.RaftServerConfigKeys (ConfUtils.java:logGet(44)) - raft.server.snapshot.auto.trigger.threshold = 10000 (custom)
2021-12-07 08:23:22,192 [pool-276-thread-1] INFO  server.RaftServerConfigKeys (ConfUtils.java:logGet(44)) - raft.server.snapshot.retention.file.num = 5 (custom)
2021-12-07 08:23:22,193 [pool-276-thread-1] INFO  server.RaftServerConfigKeys (ConfUtils.java:logGet(44)) - raft.server.log.purge.upto.snapshot.index = false (default)
2021-12-07 08:23:22,193 [pool-276-thread-1] INFO  server.RaftServerConfigKeys (ConfUtils.java:logGet(44)) - raft.server.retrycache.expirytime = 600000ms (custom)
2021-12-07 08:23:22,193 [pool-276-thread-1] INFO  server.RaftServerConfigKeys (ConfUtils.java:logGet(44)) - raft.server.retrycache.statistics.expirytime = 100μs (default)
2021-12-07 08:23:22,194 [pool-276-thread-1] INFO  server.RaftServer$Division (RaftServerImpl.java:start(301)) - f079c5a0-ef00-4d60-9ad2-3d1de424dd8b@group-D38A71C52C28: start as a follower, conf=-1: [f079c5a0-ef00-4d60-9ad2-3d1de424dd8b|rpc:10.1.0.14:37525|priority:1], old=null
2021-12-07 08:23:22,194 [pool-276-thread-1] INFO  server.RaftServer$Division (RaftServerImpl.java:setRole(290)) - f079c5a0-ef00-4d60-9ad2-3d1de424dd8b@group-D38A71C52C28: changes role from      null to FOLLOWER at term 0 for startAsFollower
2021-12-07 08:23:22,194 [pool-276-thread-1] INFO  impl.RoleInfo (RoleInfo.java:updateAndGet(130)) - f079c5a0-ef00-4d60-9ad2-3d1de424dd8b: start f079c5a0-ef00-4d60-9ad2-3d1de424dd8b@group-D38A71C52C28-FollowerState
2021-12-07 08:23:22,194 [pool-276-thread-1] INFO  util.JmxRegister (JmxRegister.java:tryRegister(44)) - Successfully registered JMX Bean with object name Ratis:service=RaftServer,group=group-D38A71C52C28,id=f079c5a0-ef00-4d60-9ad2-3d1de424dd8b
2021-12-07 08:23:22,198 [Command processor thread] INFO  ratis.XceiverServerRatis (XceiverServerRatis.java:addGroup(768)) - Created group PipelineID=5d2a202c-77a8-4f5a-8d03-d38a71c52c28
2021-12-07 08:23:22,198 [Command processor thread] INFO  commandhandler.CreatePipelineCommandHandler (CreatePipelineCommandHandler.java:handle(106)) - Created Pipeline RATIS ONE PipelineID=5d2a202c-77a8-4f5a-8d03-d38a71c52c28.
2021-12-07 08:23:23,152 [Listener at 127.0.0.1/40979] INFO  ozone.MiniOzoneClusterImpl (MiniOzoneClusterImpl.java:lambda$waitForClusterToBeReady$0(235)) - Nodes are ready. Got 3 of 3 DN Heartbeats.
2021-12-07 08:23:23,152 [Listener at 127.0.0.1/40979] INFO  ozone.MiniOzoneClusterImpl (MiniOzoneClusterImpl.java:lambda$waitForClusterToBeReady$0(238)) - Waiting for cluster to exit safe mode
2021-12-07 08:23:23,152 [Listener at 127.0.0.1/40979] INFO  ozone.MiniOzoneClusterImpl (MiniOzoneClusterImpl.java:lambda$waitForClusterToBeReady$0(240)) - SCM became leader
2021-12-07 08:23:24,153 [Listener at 127.0.0.1/40979] INFO  ozone.MiniOzoneClusterImpl (MiniOzoneClusterImpl.java:lambda$waitForClusterToBeReady$0(235)) - Nodes are ready. Got 3 of 3 DN Heartbeats.
2021-12-07 08:23:24,153 [Listener at 127.0.0.1/40979] INFO  ozone.MiniOzoneClusterImpl (MiniOzoneClusterImpl.java:lambda$waitForClusterToBeReady$0(238)) - Waiting for cluster to exit safe mode
2021-12-07 08:23:24,153 [Listener at 127.0.0.1/40979] INFO  ozone.MiniOzoneClusterImpl (MiniOzoneClusterImpl.java:lambda$waitForClusterToBeReady$0(240)) - SCM became leader
2021-12-07 08:23:25,153 [Listener at 127.0.0.1/40979] INFO  ozone.MiniOzoneClusterImpl (MiniOzoneClusterImpl.java:lambda$waitForClusterToBeReady$0(235)) - Nodes are ready. Got 3 of 3 DN Heartbeats.
2021-12-07 08:23:25,153 [Listener at 127.0.0.1/40979] INFO  ozone.MiniOzoneClusterImpl (MiniOzoneClusterImpl.java:lambda$waitForClusterToBeReady$0(238)) - Waiting for cluster to exit safe mode
2021-12-07 08:23:25,153 [Listener at 127.0.0.1/40979] INFO  ozone.MiniOzoneClusterImpl (MiniOzoneClusterImpl.java:lambda$waitForClusterToBeReady$0(240)) - SCM became leader
2021-12-07 08:23:26,154 [Listener at 127.0.0.1/40979] INFO  ozone.MiniOzoneClusterImpl (MiniOzoneClusterImpl.java:lambda$waitForClusterToBeReady$0(235)) - Nodes are ready. Got 3 of 3 DN Heartbeats.
2021-12-07 08:23:26,154 [Listener at 127.0.0.1/40979] INFO  ozone.MiniOzoneClusterImpl (MiniOzoneClusterImpl.java:lambda$waitForClusterToBeReady$0(238)) - Waiting for cluster to exit safe mode
2021-12-07 08:23:26,154 [Listener at 127.0.0.1/40979] INFO  ozone.MiniOzoneClusterImpl (MiniOzoneClusterImpl.java:lambda$waitForClusterToBeReady$0(240)) - SCM became leader
2021-12-07 08:23:26,405 [fa0dcf4e-df9f-4e34-8330-207691817642@group-91B4EE80195C-FollowerState] INFO  impl.FollowerState (FollowerState.java:run(134)) - fa0dcf4e-df9f-4e34-8330-207691817642@group-91B4EE80195C-FollowerState: change to CANDIDATE, lastRpcElapsedTime:5150307869ns, electionTimeout:5129ms
2021-12-07 08:23:26,406 [fa0dcf4e-df9f-4e34-8330-207691817642@group-91B4EE80195C-FollowerState] INFO  impl.RoleInfo (RoleInfo.java:shutdownFollowerState(108)) - fa0dcf4e-df9f-4e34-8330-207691817642: shutdown fa0dcf4e-df9f-4e34-8330-207691817642@group-91B4EE80195C-FollowerState
2021-12-07 08:23:26,406 [fa0dcf4e-df9f-4e34-8330-207691817642@group-91B4EE80195C-FollowerState] INFO  server.RaftServer$Division (RaftServerImpl.java:setRole(290)) - fa0dcf4e-df9f-4e34-8330-207691817642@group-91B4EE80195C: changes role from  FOLLOWER to CANDIDATE at term 0 for changeToCandidate
2021-12-07 08:23:26,407 [fa0dcf4e-df9f-4e34-8330-207691817642@group-91B4EE80195C-FollowerState] INFO  server.RaftServerConfigKeys (ConfUtils.java:logGet(44)) - raft.server.leaderelection.pre-vote = false (custom)
2021-12-07 08:23:26,407 [fa0dcf4e-df9f-4e34-8330-207691817642@group-91B4EE80195C-FollowerState] INFO  impl.RoleInfo (RoleInfo.java:updateAndGet(130)) - fa0dcf4e-df9f-4e34-8330-207691817642: start fa0dcf4e-df9f-4e34-8330-207691817642@group-91B4EE80195C-LeaderElection12
2021-12-07 08:23:26,435 [fa0dcf4e-df9f-4e34-8330-207691817642@group-91B4EE80195C-LeaderElection12] INFO  impl.LeaderElection (LeaderElection.java:askForVotes(306)) - fa0dcf4e-df9f-4e34-8330-207691817642@group-91B4EE80195C-LeaderElection12 ELECTION round 0: submit vote requests at term 1 for -1: [fa0dcf4e-df9f-4e34-8330-207691817642|rpc:10.1.0.14:46745|priority:1], old=null
2021-12-07 08:23:26,435 [fa0dcf4e-df9f-4e34-8330-207691817642@group-91B4EE80195C-LeaderElection12] INFO  impl.LeaderElection (LeaderElection.java:askForVotes(308)) - fa0dcf4e-df9f-4e34-8330-207691817642@group-91B4EE80195C-LeaderElection12 ELECTION round 0: result PASSED (term=1)
2021-12-07 08:23:26,435 [fa0dcf4e-df9f-4e34-8330-207691817642@group-91B4EE80195C-LeaderElection12] INFO  impl.RoleInfo (RoleInfo.java:shutdownLeaderElection(121)) - fa0dcf4e-df9f-4e34-8330-207691817642: shutdown fa0dcf4e-df9f-4e34-8330-207691817642@group-91B4EE80195C-LeaderElection12
2021-12-07 08:23:26,435 [fa0dcf4e-df9f-4e34-8330-207691817642@group-91B4EE80195C-LeaderElection12] INFO  server.RaftServer$Division (RaftServerImpl.java:setRole(290)) - fa0dcf4e-df9f-4e34-8330-207691817642@group-91B4EE80195C: changes role from CANDIDATE to LEADER at term 1 for changeToLeader
2021-12-07 08:23:26,435 [fa0dcf4e-df9f-4e34-8330-207691817642@group-91B4EE80195C-LeaderElection12] INFO  ratis.XceiverServerRatis (XceiverServerRatis.java:handleLeaderChangedNotification(866)) - Leader change notification received for group: group-91B4EE80195C with new leaderId: fa0dcf4e-df9f-4e34-8330-207691817642
2021-12-07 08:23:26,435 [fa0dcf4e-df9f-4e34-8330-207691817642@group-91B4EE80195C-LeaderElection12] INFO  server.RaftServer$Division (ServerState.java:setLeader(285)) - fa0dcf4e-df9f-4e34-8330-207691817642@group-91B4EE80195C: change Leader from null to fa0dcf4e-df9f-4e34-8330-207691817642 at term 1 for becomeLeader, leader elected after 5219ms
2021-12-07 08:23:26,435 [fa0dcf4e-df9f-4e34-8330-207691817642@group-91B4EE80195C-LeaderElection12] INFO  server.RaftServerConfigKeys (ConfUtils.java:logGet(44)) - raft.server.staging.catchup.gap = 1000 (default)
2021-12-07 08:23:26,436 [fa0dcf4e-df9f-4e34-8330-207691817642@group-91B4EE80195C-LeaderElection12] INFO  server.RaftServerConfigKeys (ConfUtils.java:logGet(44)) - raft.server.write.element-limit = 1024 (custom)
2021-12-07 08:23:26,436 [fa0dcf4e-df9f-4e34-8330-207691817642@group-91B4EE80195C-LeaderElection12] INFO  server.RaftServerConfigKeys (ConfUtils.java:logGet(44)) - raft.server.write.byte-limit = 1024 M (=1073741824) (custom)
2021-12-07 08:23:26,436 [fa0dcf4e-df9f-4e34-8330-207691817642@group-91B4EE80195C-LeaderElection12] INFO  server.RaftServerConfigKeys (ConfUtils.java:logGet(44)) - raft.server.watch.timeout = 180s (custom)
2021-12-07 08:23:26,436 [fa0dcf4e-df9f-4e34-8330-207691817642@group-91B4EE80195C-LeaderElection12] INFO  server.RaftServerConfigKeys (ConfUtils.java:logGet(44)) - raft.server.watch.timeout.denomination = 1s (default)
2021-12-07 08:23:26,436 [fa0dcf4e-df9f-4e34-8330-207691817642@group-91B4EE80195C-LeaderElection12] INFO  server.RaftServerConfigKeys (ConfUtils.java:logGet(44)) - raft.server.watch.element-limit = 65536 (default)
2021-12-07 08:23:26,436 [fa0dcf4e-df9f-4e34-8330-207691817642@group-91B4EE80195C-LeaderElection12] INFO  server.RaftServerConfigKeys (ConfUtils.java:logGet(44)) - raft.server.write.element-limit = 1024 (custom)
2021-12-07 08:23:26,436 [fa0dcf4e-df9f-4e34-8330-207691817642@group-91B4EE80195C-LeaderElection12] INFO  server.RaftServerConfigKeys (ConfUtils.java:logGet(44)) - raft.server.write.follower.gap.ratio.max = -1.0 (default)
2021-12-07 08:23:26,436 [fa0dcf4e-df9f-4e34-8330-207691817642@group-91B4EE80195C-LeaderElection12] INFO  impl.RoleInfo (RoleInfo.java:updateAndGet(130)) - fa0dcf4e-df9f-4e34-8330-207691817642: start fa0dcf4e-df9f-4e34-8330-207691817642@group-91B4EE80195C-LeaderStateImpl
2021-12-07 08:23:26,437 [fa0dcf4e-df9f-4e34-8330-207691817642@group-91B4EE80195C-LeaderElection12] INFO  segmented.SegmentedRaftLogWorker (SegmentedRaftLogWorker.java:startLogSegment(394)) - fa0dcf4e-df9f-4e34-8330-207691817642@group-91B4EE80195C-SegmentedRaftLogWorker: Starting segment from index:0
2021-12-07 08:23:26,444 [fa0dcf4e-df9f-4e34-8330-207691817642@group-91B4EE80195C-LeaderElection12] INFO  server.RaftServer$Division (ServerState.java:setRaftConf(387)) - fa0dcf4e-df9f-4e34-8330-207691817642@group-91B4EE80195C: set configuration 0: [fa0dcf4e-df9f-4e34-8330-207691817642|rpc:10.1.0.14:46745|dataStream:|priority:1], old=null
2021-12-07 08:23:26,446 [EventQueue-OpenPipelineForHealthyPipelineSafeModeRule] INFO  safemode.SCMSafeModeManager (HealthyPipelineSafeModeRule.java:process(124)) - SCM in safe mode. Healthy pipelines reported count is 0, required healthy pipeline reported count is 1
2021-12-07 08:23:26,452 [fa0dcf4e-df9f-4e34-8330-207691817642@group-91B4EE80195C-SegmentedRaftLogWorker] INFO  segmented.SegmentedRaftLogWorker (SegmentedRaftLogWorker.java:execute(601)) - fa0dcf4e-df9f-4e34-8330-207691817642@group-91B4EE80195C-SegmentedRaftLogWorker: created new log segment /home/runner/work/ozone/ozone/hadoop-ozone/integration-test/target/test-dir/MiniOzoneClusterImpl-478fafeb-4ef0-48e3-bd35-2e3f0cf9f61b/datanode-0/data/ratis/7be8df67-e0f8-4960-95f1-91b4ee80195c/current/log_inprogress_0
2021-12-07 08:23:26,495 [fa0dcf4e-df9f-4e34-8330-207691817642@group-43DACBA294D5-FollowerState] INFO  impl.FollowerState (FollowerState.java:run(134)) - fa0dcf4e-df9f-4e34-8330-207691817642@group-43DACBA294D5-FollowerState: change to CANDIDATE, lastRpcElapsedTime:5179241476ns, electionTimeout:5175ms
2021-12-07 08:23:26,496 [fa0dcf4e-df9f-4e34-8330-207691817642@group-43DACBA294D5-FollowerState] INFO  impl.RoleInfo (RoleInfo.java:shutdownFollowerState(108)) - fa0dcf4e-df9f-4e34-8330-207691817642: shutdown fa0dcf4e-df9f-4e34-8330-207691817642@group-43DACBA294D5-FollowerState
2021-12-07 08:23:26,496 [fa0dcf4e-df9f-4e34-8330-207691817642@group-43DACBA294D5-FollowerState] INFO  server.RaftServer$Division (RaftServerImpl.java:setRole(290)) - fa0dcf4e-df9f-4e34-8330-207691817642@group-43DACBA294D5: changes role from  FOLLOWER to CANDIDATE at term 0 for changeToCandidate
2021-12-07 08:23:26,496 [fa0dcf4e-df9f-4e34-8330-207691817642@group-43DACBA294D5-FollowerState] INFO  server.RaftServerConfigKeys (ConfUtils.java:logGet(44)) - raft.server.leaderelection.pre-vote = false (custom)
2021-12-07 08:23:26,496 [fa0dcf4e-df9f-4e34-8330-207691817642@group-43DACBA294D5-FollowerState] INFO  impl.RoleInfo (RoleInfo.java:updateAndGet(130)) - fa0dcf4e-df9f-4e34-8330-207691817642: start fa0dcf4e-df9f-4e34-8330-207691817642@group-43DACBA294D5-LeaderElection13
2021-12-07 08:23:26,504 [fa0dcf4e-df9f-4e34-8330-207691817642@group-43DACBA294D5-LeaderElection13] INFO  impl.LeaderElection (LeaderElection.java:askForVotes(306)) - fa0dcf4e-df9f-4e34-8330-207691817642@group-43DACBA294D5-LeaderElection13 ELECTION round 0: submit vote requests at term 1 for -1: [ef998961-c73b-4226-87f3-43670785e9df|rpc:10.1.0.14:41193|priority:0, fa0dcf4e-df9f-4e34-8330-207691817642|rpc:10.1.0.14:46745|priority:0, f079c5a0-ef00-4d60-9ad2-3d1de424dd8b|rpc:10.1.0.14:37525|priority:1], old=null
2021-12-07 08:23:26,529 [grpc-default-executor-0] INFO  server.RaftServer$Division (RaftServerImpl.java:requestVote(1046)) - ef998961-c73b-4226-87f3-43670785e9df@group-43DACBA294D5: receive requestVote(ELECTION, fa0dcf4e-df9f-4e34-8330-207691817642, group-43DACBA294D5, 1, (t:0, i:0))
2021-12-07 08:23:26,530 [grpc-default-executor-0] INFO  impl.VoteContext (VoteContext.java:log(48)) - ef998961-c73b-4226-87f3-43670785e9df@group-43DACBA294D5-FOLLOWER: accept ELECTION from fa0dcf4e-df9f-4e34-8330-207691817642: our priority 0 <= candidate's priority 0
2021-12-07 08:23:26,530 [grpc-default-executor-0] INFO  server.RaftServer$Division (RaftServerImpl.java:setRole(290)) - ef998961-c73b-4226-87f3-43670785e9df@group-43DACBA294D5: changes role from  FOLLOWER to FOLLOWER at term 1 for candidate:fa0dcf4e-df9f-4e34-8330-207691817642
2021-12-07 08:23:26,530 [grpc-default-executor-0] INFO  impl.RoleInfo (RoleInfo.java:shutdownFollowerState(108)) - ef998961-c73b-4226-87f3-43670785e9df: shutdown ef998961-c73b-4226-87f3-43670785e9df@group-43DACBA294D5-FollowerState
2021-12-07 08:23:26,530 [grpc-default-executor-0] INFO  impl.RoleInfo (RoleInfo.java:updateAndGet(130)) - ef998961-c73b-4226-87f3-43670785e9df: start ef998961-c73b-4226-87f3-43670785e9df@group-43DACBA294D5-FollowerState
2021-12-07 08:23:26,530 [ef998961-c73b-4226-87f3-43670785e9df@group-43DACBA294D5-FollowerState] INFO  impl.FollowerState (FollowerState.java:run(143)) - ef998961-c73b-4226-87f3-43670785e9df@group-43DACBA294D5-FollowerState was interrupted: {}
java.lang.InterruptedException: sleep interrupted
	at java.lang.Thread.sleep(Native Method)
	at java.lang.Thread.sleep(Thread.java:340)
	at java.util.concurrent.TimeUnit.sleep(TimeUnit.java:386)
	at org.apache.ratis.util.TimeDuration.sleep(TimeDuration.java:324)
	at org.apache.ratis.util.TimeDuration.sleep(TimeDuration.java:309)
	at org.apache.ratis.server.impl.FollowerState.run(FollowerState.java:118)
2021-12-07 08:23:26,534 [grpc-default-executor-0] INFO  server.RaftServer$Division (RaftServerImpl.java:requestVote(1078)) - ef998961-c73b-4226-87f3-43670785e9df@group-43DACBA294D5 replies to ELECTION vote request: fa0dcf4e-df9f-4e34-8330-207691817642<-ef998961-c73b-4226-87f3-43670785e9df#0:OK-t1. Peer's state: ef998961-c73b-4226-87f3-43670785e9df@group-43DACBA294D5:t1, leader=null, voted=fa0dcf4e-df9f-4e34-8330-207691817642, raftlog=ef998961-c73b-4226-87f3-43670785e9df@group-43DACBA294D5-SegmentedRaftLog:OPENED:c-1, conf=-1: [ef998961-c73b-4226-87f3-43670785e9df|rpc:10.1.0.14:41193|dataStream:|priority:0, fa0dcf4e-df9f-4e34-8330-207691817642|rpc:10.1.0.14:46745|dataStream:|priority:0, f079c5a0-ef00-4d60-9ad2-3d1de424dd8b|rpc:10.1.0.14:37525|dataStream:|priority:1], old=null
2021-12-07 08:23:26,573 [grpc-default-executor-1] INFO  server.RaftServer$Division (RaftServerImpl.java:requestVote(1046)) - f079c5a0-ef00-4d60-9ad2-3d1de424dd8b@group-43DACBA294D5: receive requestVote(ELECTION, fa0dcf4e-df9f-4e34-8330-207691817642, group-43DACBA294D5, 1, (t:0, i:0))
2021-12-07 08:23:26,573 [grpc-default-executor-1] INFO  impl.VoteContext (VoteContext.java:log(48)) - f079c5a0-ef00-4d60-9ad2-3d1de424dd8b@group-43DACBA294D5-FOLLOWER: reject ELECTION from fa0dcf4e-df9f-4e34-8330-207691817642: our priority 1 > candidate's priority 0
2021-12-07 08:23:26,573 [grpc-default-executor-1] INFO  server.RaftServer$Division (RaftServerImpl.java:setRole(290)) - f079c5a0-ef00-4d60-9ad2-3d1de424dd8b@group-43DACBA294D5: changes role from  FOLLOWER to FOLLOWER at term 1 for candidate:fa0dcf4e-df9f-4e34-8330-207691817642
2021-12-07 08:23:26,573 [grpc-default-executor-1] INFO  impl.RoleInfo (RoleInfo.java:shutdownFollowerState(108)) - f079c5a0-ef00-4d60-9ad2-3d1de424dd8b: shutdown f079c5a0-ef00-4d60-9ad2-3d1de424dd8b@group-43DACBA294D5-FollowerState
2021-12-07 08:23:26,573 [grpc-default-executor-1] INFO  impl.RoleInfo (RoleInfo.java:updateAndGet(130)) - f079c5a0-ef00-4d60-9ad2-3d1de424dd8b: start f079c5a0-ef00-4d60-9ad2-3d1de424dd8b@group-43DACBA294D5-FollowerState
2021-12-07 08:23:26,573 [f079c5a0-ef00-4d60-9ad2-3d1de424dd8b@group-43DACBA294D5-FollowerState] INFO  impl.FollowerState (FollowerState.java:run(143)) - f079c5a0-ef00-4d60-9ad2-3d1de424dd8b@group-43DACBA294D5-FollowerState was interrupted: {}
java.lang.InterruptedException: sleep interrupted
	at java.lang.Thread.sleep(Native Method)
	at java.lang.Thread.sleep(Thread.java:340)
	at java.util.concurrent.TimeUnit.sleep(TimeUnit.java:386)
	at org.apache.ratis.util.TimeDuration.sleep(TimeDuration.java:324)
	at org.apache.ratis.util.TimeDuration.sleep(TimeDuration.java:309)
	at org.apache.ratis.server.impl.FollowerState.run(FollowerState.java:118)
2021-12-07 08:23:26,591 [grpc-default-executor-1] INFO  server.RaftServer$Division (RaftServerImpl.java:requestVote(1078)) - f079c5a0-ef00-4d60-9ad2-3d1de424dd8b@group-43DACBA294D5 replies to ELECTION vote request: fa0dcf4e-df9f-4e34-8330-207691817642<-f079c5a0-ef00-4d60-9ad2-3d1de424dd8b#0:FAIL-t1. Peer's state: f079c5a0-ef00-4d60-9ad2-3d1de424dd8b@group-43DACBA294D5:t1, leader=null, voted=null, raftlog=f079c5a0-ef00-4d60-9ad2-3d1de424dd8b@group-43DACBA294D5-SegmentedRaftLog:OPENED:c-1, conf=-1: [ef998961-c73b-4226-87f3-43670785e9df|rpc:10.1.0.14:41193|dataStream:|priority:0, fa0dcf4e-df9f-4e34-8330-207691817642|rpc:10.1.0.14:46745|dataStream:|priority:0, f079c5a0-ef00-4d60-9ad2-3d1de424dd8b|rpc:10.1.0.14:37525|dataStream:|priority:1], old=null
2021-12-07 08:23:26,615 [fa0dcf4e-df9f-4e34-8330-207691817642@group-43DACBA294D5-LeaderElection13] INFO  impl.LeaderElection (LeaderElection.java:logAndReturn(89)) - fa0dcf4e-df9f-4e34-8330-207691817642@group-43DACBA294D5-LeaderElection13: ELECTION REJECTED received 2 response(s) and 0 exception(s):
2021-12-07 08:23:26,616 [fa0dcf4e-df9f-4e34-8330-207691817642@group-43DACBA294D5-LeaderElection13] INFO  impl.LeaderElection (LeaderElection.java:logAndReturn(93)) -   Response 0: fa0dcf4e-df9f-4e34-8330-207691817642<-ef998961-c73b-4226-87f3-43670785e9df#0:OK-t1
2021-12-07 08:23:26,616 [fa0dcf4e-df9f-4e34-8330-207691817642@group-43DACBA294D5-LeaderElection13] INFO  impl.LeaderElection (LeaderElection.java:logAndReturn(93)) -   Response 1: fa0dcf4e-df9f-4e34-8330-207691817642<-f079c5a0-ef00-4d60-9ad2-3d1de424dd8b#0:FAIL-t1
2021-12-07 08:23:26,616 [fa0dcf4e-df9f-4e34-8330-207691817642@group-43DACBA294D5-LeaderElection13] INFO  impl.LeaderElection (LeaderElection.java:askForVotes(308)) - fa0dcf4e-df9f-4e34-8330-207691817642@group-43DACBA294D5-LeaderElection13 ELECTION round 0: result REJECTED
2021-12-07 08:23:26,616 [fa0dcf4e-df9f-4e34-8330-207691817642@group-43DACBA294D5-LeaderElection13] INFO  server.RaftServer$Division (RaftServerImpl.java:setRole(290)) - fa0dcf4e-df9f-4e34-8330-207691817642@group-43DACBA294D5: changes role from CANDIDATE to FOLLOWER at term 1 for REJECTED
2021-12-07 08:23:26,616 [fa0dcf4e-df9f-4e34-8330-207691817642@group-43DACBA294D5-LeaderElection13] INFO  impl.RoleInfo (RoleInfo.java:shutdownLeaderElection(121)) - fa0dcf4e-df9f-4e34-8330-207691817642: shutdown fa0dcf4e-df9f-4e34-8330-207691817642@group-43DACBA294D5-LeaderElection13
2021-12-07 08:23:26,627 [fa0dcf4e-df9f-4e34-8330-207691817642@group-43DACBA294D5-LeaderElection13] INFO  impl.RoleInfo (RoleInfo.java:updateAndGet(130)) - fa0dcf4e-df9f-4e34-8330-207691817642: start fa0dcf4e-df9f-4e34-8330-207691817642@group-43DACBA294D5-FollowerState
2021-12-07 08:23:26,762 [ef998961-c73b-4226-87f3-43670785e9df@group-3227BB7B9BAA-FollowerState] INFO  impl.FollowerState (FollowerState.java:run(134)) - ef998961-c73b-4226-87f3-43670785e9df@group-3227BB7B9BAA-FollowerState: change to CANDIDATE, lastRpcElapsedTime:5074839502ns, electionTimeout:5070ms
2021-12-07 08:23:26,764 [ef998961-c73b-4226-87f3-43670785e9df@group-3227BB7B9BAA-FollowerState] INFO  impl.RoleInfo (RoleInfo.java:shutdownFollowerState(108)) - ef998961-c73b-4226-87f3-43670785e9df: shutdown ef998961-c73b-4226-87f3-43670785e9df@group-3227BB7B9BAA-FollowerState
2021-12-07 08:23:26,764 [ef998961-c73b-4226-87f3-43670785e9df@group-3227BB7B9BAA-FollowerState] INFO  server.RaftServer$Division (RaftServerImpl.java:setRole(290)) - ef998961-c73b-4226-87f3-43670785e9df@group-3227BB7B9BAA: changes role from  FOLLOWER to CANDIDATE at term 0 for changeToCandidate
2021-12-07 08:23:26,764 [ef998961-c73b-4226-87f3-43670785e9df@group-3227BB7B9BAA-FollowerState] INFO  server.RaftServerConfigKeys (ConfUtils.java:logGet(44)) - raft.server.leaderelection.pre-vote = false (custom)
2021-12-07 08:23:26,764 [ef998961-c73b-4226-87f3-43670785e9df@group-3227BB7B9BAA-FollowerState] INFO  impl.RoleInfo (RoleInfo.java:updateAndGet(130)) - ef998961-c73b-4226-87f3-43670785e9df: start ef998961-c73b-4226-87f3-43670785e9df@group-3227BB7B9BAA-LeaderElection14
2021-12-07 08:23:26,778 [ef998961-c73b-4226-87f3-43670785e9df@group-3227BB7B9BAA-LeaderElection14] INFO  impl.LeaderElection (LeaderElection.java:askForVotes(306)) - ef998961-c73b-4226-87f3-43670785e9df@group-3227BB7B9BAA-LeaderElection14 ELECTION round 0: submit vote requests at term 1 for -1: [ef998961-c73b-4226-87f3-43670785e9df|rpc:10.1.0.14:41193|priority:1], old=null
2021-12-07 08:23:26,778 [ef998961-c73b-4226-87f3-43670785e9df@group-3227BB7B9BAA-LeaderElection14] INFO  impl.LeaderElection (LeaderElection.java:askForVotes(308)) - ef998961-c73b-4226-87f3-43670785e9df@group-3227BB7B9BAA-LeaderElection14 ELECTION round 0: result PASSED (term=1)
2021-12-07 08:23:26,778 [ef998961-c73b-4226-87f3-43670785e9df@group-3227BB7B9BAA-LeaderElection14] INFO  impl.RoleInfo (RoleInfo.java:shutdownLeaderElection(121)) - ef998961-c73b-4226-87f3-43670785e9df: shutdown ef998961-c73b-4226-87f3-43670785e9df@group-3227BB7B9BAA-LeaderElection14
2021-12-07 08:23:26,778 [ef998961-c73b-4226-87f3-43670785e9df@group-3227BB7B9BAA-LeaderElection14] INFO  server.RaftServer$Division (RaftServerImpl.java:setRole(290)) - ef998961-c73b-4226-87f3-43670785e9df@group-3227BB7B9BAA: changes role from CANDIDATE to LEADER at term 1 for changeToLeader
2021-12-07 08:23:26,778 [ef998961-c73b-4226-87f3-43670785e9df@group-3227BB7B9BAA-LeaderElection14] INFO  ratis.XceiverServerRatis (XceiverServerRatis.java:handleLeaderChangedNotification(866)) - Leader change notification received for group: group-3227BB7B9BAA with new leaderId: ef998961-c73b-4226-87f3-43670785e9df
2021-12-07 08:23:26,778 [ef998961-c73b-4226-87f3-43670785e9df@group-3227BB7B9BAA-LeaderElection14] INFO  server.RaftServer$Division (ServerState.java:setLeader(285)) - ef998961-c73b-4226-87f3-43670785e9df@group-3227BB7B9BAA: change Leader from null to ef998961-c73b-4226-87f3-43670785e9df at term 1 for becomeLeader, leader elected after 5113ms
2021-12-07 08:23:26,778 [ef998961-c73b-4226-87f3-43670785e9df@group-3227BB7B9BAA-LeaderElection14] INFO  server.RaftServerConfigKeys (ConfUtils.java:logGet(44)) - raft.server.staging.catchup.gap = 1000 (default)
2021-12-07 08:23:26,779 [ef998961-c73b-4226-87f3-43670785e9df@group-3227BB7B9BAA-LeaderElection14] INFO  server.RaftServerConfigKeys (ConfUtils.java:logGet(44)) - raft.server.write.element-limit = 1024 (custom)
2021-12-07 08:23:26,779 [ef998961-c73b-4226-87f3-43670785e9df@group-3227BB7B9BAA-LeaderElection14] INFO  server.RaftServerConfigKeys (ConfUtils.java:logGet(44)) - raft.server.write.byte-limit = 1024 M (=1073741824) (custom)
2021-12-07 08:23:26,779 [ef998961-c73b-4226-87f3-43670785e9df@group-3227BB7B9BAA-LeaderElection14] INFO  server.RaftServerConfigKeys (ConfUtils.java:logGet(44)) - raft.server.watch.timeout = 180s (custom)
2021-12-07 08:23:26,779 [ef998961-c73b-4226-87f3-43670785e9df@group-3227BB7B9BAA-LeaderElection14] INFO  server.RaftServerConfigKeys (ConfUtils.java:logGet(44)) - raft.server.watch.timeout.denomination = 1s (default)
2021-12-07 08:23:26,779 [ef998961-c73b-4226-87f3-43670785e9df@group-3227BB7B9BAA-LeaderElection14] INFO  server.RaftServerConfigKeys (ConfUtils.java:logGet(44)) - raft.server.watch.element-limit = 65536 (default)
2021-12-07 08:23:26,779 [ef998961-c73b-4226-87f3-43670785e9df@group-3227BB7B9BAA-LeaderElection14] INFO  server.RaftServerConfigKeys (ConfUtils.java:logGet(44)) - raft.server.write.element-limit = 1024 (custom)
2021-12-07 08:23:26,779 [ef998961-c73b-4226-87f3-43670785e9df@group-3227BB7B9BAA-LeaderElection14] INFO  server.RaftServerConfigKeys (ConfUtils.java:logGet(44)) - raft.server.write.follower.gap.ratio.max = -1.0 (default)
2021-12-07 08:23:26,780 [ef998961-c73b-4226-87f3-43670785e9df@group-3227BB7B9BAA-LeaderElection14] INFO  impl.RoleInfo (RoleInfo.java:updateAndGet(130)) - ef998961-c73b-4226-87f3-43670785e9df: start ef998961-c73b-4226-87f3-43670785e9df@group-3227BB7B9BAA-LeaderStateImpl
2021-12-07 08:23:26,780 [ef998961-c73b-4226-87f3-43670785e9df@group-3227BB7B9BAA-LeaderElection14] INFO  segmented.SegmentedRaftLogWorker (SegmentedRaftLogWorker.java:startLogSegment(394)) - ef998961-c73b-4226-87f3-43670785e9df@group-3227BB7B9BAA-SegmentedRaftLogWorker: Starting segment from index:0
2021-12-07 08:23:26,781 [EventQueue-OpenPipelineForHealthyPipelineSafeModeRule] INFO  safemode.SCMSafeModeManager (HealthyPipelineSafeModeRule.java:process(124)) - SCM in safe mode. Healthy pipelines reported count is 0, required healthy pipeline reported count is 1
2021-12-07 08:23:26,782 [ef998961-c73b-4226-87f3-43670785e9df@group-3227BB7B9BAA-SegmentedRaftLogWorker] INFO  segmented.SegmentedRaftLogWorker (SegmentedRaftLogWorker.java:execute(601)) - ef998961-c73b-4226-87f3-43670785e9df@group-3227BB7B9BAA-SegmentedRaftLogWorker: created new log segment /home/runner/work/ozone/ozone/hadoop-ozone/integration-test/target/test-dir/MiniOzoneClusterImpl-478fafeb-4ef0-48e3-bd35-2e3f0cf9f61b/datanode-1/data/ratis/6a36308d-6244-48e1-9ed9-3227bb7b9baa/current/log_inprogress_0
2021-12-07 08:23:26,804 [ef998961-c73b-4226-87f3-43670785e9df@group-3227BB7B9BAA-LeaderElection14] INFO  server.RaftServer$Division (ServerState.java:setRaftConf(387)) - ef998961-c73b-4226-87f3-43670785e9df@group-3227BB7B9BAA: set configuration 0: [ef998961-c73b-4226-87f3-43670785e9df|rpc:10.1.0.14:41193|dataStream:|priority:1], old=null
2021-12-07 08:23:27,154 [Listener at 127.0.0.1/40979] INFO  ozone.MiniOzoneClusterImpl (MiniOzoneClusterImpl.java:lambda$waitForClusterToBeReady$0(235)) - Nodes are ready. Got 3 of 3 DN Heartbeats.
2021-12-07 08:23:27,154 [Listener at 127.0.0.1/40979] INFO  ozone.MiniOzoneClusterImpl (MiniOzoneClusterImpl.java:lambda$waitForClusterToBeReady$0(238)) - Waiting for cluster to exit safe mode
2021-12-07 08:23:27,154 [Listener at 127.0.0.1/40979] INFO  ozone.MiniOzoneClusterImpl (MiniOzoneClusterImpl.java:lambda$waitForClusterToBeReady$0(240)) - SCM became leader
2021-12-07 08:23:27,214 [f079c5a0-ef00-4d60-9ad2-3d1de424dd8b@group-D38A71C52C28-FollowerState] INFO  impl.FollowerState (FollowerState.java:run(134)) - f079c5a0-ef00-4d60-9ad2-3d1de424dd8b@group-D38A71C52C28-FollowerState: change to CANDIDATE, lastRpcElapsedTime:5020098757ns, electionTimeout:5019ms
2021-12-07 08:23:27,215 [f079c5a0-ef00-4d60-9ad2-3d1de424dd8b@group-D38A71C52C28-FollowerState] INFO  impl.RoleInfo (RoleInfo.java:shutdownFollowerState(108)) - f079c5a0-ef00-4d60-9ad2-3d1de424dd8b: shutdown f079c5a0-ef00-4d60-9ad2-3d1de424dd8b@group-D38A71C52C28-FollowerState
2021-12-07 08:23:27,215 [f079c5a0-ef00-4d60-9ad2-3d1de424dd8b@group-D38A71C52C28-FollowerState] INFO  server.RaftServer$Division (RaftServerImpl.java:setRole(290)) - f079c5a0-ef00-4d60-9ad2-3d1de424dd8b@group-D38A71C52C28: changes role from  FOLLOWER to CANDIDATE at term 0 for changeToCandidate
2021-12-07 08:23:27,215 [f079c5a0-ef00-4d60-9ad2-3d1de424dd8b@group-D38A71C52C28-FollowerState] INFO  server.RaftServerConfigKeys (ConfUtils.java:logGet(44)) - raft.server.leaderelection.pre-vote = false (custom)
2021-12-07 08:23:27,215 [f079c5a0-ef00-4d60-9ad2-3d1de424dd8b@group-D38A71C52C28-FollowerState] INFO  impl.RoleInfo (RoleInfo.java:updateAndGet(130)) - f079c5a0-ef00-4d60-9ad2-3d1de424dd8b: start f079c5a0-ef00-4d60-9ad2-3d1de424dd8b@group-D38A71C52C28-LeaderElection15
2021-12-07 08:23:27,223 [f079c5a0-ef00-4d60-9ad2-3d1de424dd8b@group-D38A71C52C28-LeaderElection15] INFO  impl.LeaderElection (LeaderElection.java:askForVotes(306)) - f079c5a0-ef00-4d60-9ad2-3d1de424dd8b@group-D38A71C52C28-LeaderElection15 ELECTION round 0: submit vote requests at term 1 for -1: [f079c5a0-ef00-4d60-9ad2-3d1de424dd8b|rpc:10.1.0.14:37525|priority:1], old=null
2021-12-07 08:23:27,223 [f079c5a0-ef00-4d60-9ad2-3d1de424dd8b@group-D38A71C52C28-LeaderElection15] INFO  impl.LeaderElection (LeaderElection.java:askForVotes(308)) - f079c5a0-ef00-4d60-9ad2-3d1de424dd8b@group-D38A71C52C28-LeaderElection15 ELECTION round 0: result PASSED (term=1)
2021-12-07 08:23:27,223 [f079c5a0-ef00-4d60-9ad2-3d1de424dd8b@group-D38A71C52C28-LeaderElection15] INFO  impl.RoleInfo (RoleInfo.java:shutdownLeaderElection(121)) - f079c5a0-ef00-4d60-9ad2-3d1de424dd8b: shutdown f079c5a0-ef00-4d60-9ad2-3d1de424dd8b@group-D38A71C52C28-LeaderElection15
2021-12-07 08:23:27,223 [f079c5a0-ef00-4d60-9ad2-3d1de424dd8b@group-D38A71C52C28-LeaderElection15] INFO  server.RaftServer$Division (RaftServerImpl.java:setRole(290)) - f079c5a0-ef00-4d60-9ad2-3d1de424dd8b@group-D38A71C52C28: changes role from CANDIDATE to LEADER at term 1 for changeToLeader
2021-12-07 08:23:27,223 [f079c5a0-ef00-4d60-9ad2-3d1de424dd8b@group-D38A71C52C28-LeaderElection15] INFO  ratis.XceiverServerRatis (XceiverServerRatis.java:handleLeaderChangedNotification(866)) - Leader change notification received for group: group-D38A71C52C28 with new leaderId: f079c5a0-ef00-4d60-9ad2-3d1de424dd8b
2021-12-07 08:23:27,224 [f079c5a0-ef00-4d60-9ad2-3d1de424dd8b@group-D38A71C52C28-LeaderElection15] INFO  server.RaftServer$Division (ServerState.java:setLeader(285)) - f079c5a0-ef00-4d60-9ad2-3d1de424dd8b@group-D38A71C52C28: change Leader from null to f079c5a0-ef00-4d60-9ad2-3d1de424dd8b at term 1 for becomeLeader, leader elected after 5044ms
2021-12-07 08:23:27,224 [f079c5a0-ef00-4d60-9ad2-3d1de424dd8b@group-D38A71C52C28-LeaderElection15] INFO  server.RaftServerConfigKeys (ConfUtils.java:logGet(44)) - raft.server.staging.catchup.gap = 1000 (default)
2021-12-07 08:23:27,225 [f079c5a0-ef00-4d60-9ad2-3d1de424dd8b@group-D38A71C52C28-LeaderElection15] INFO  server.RaftServerConfigKeys (ConfUtils.java:logGet(44)) - raft.server.write.element-limit = 1024 (custom)
2021-12-07 08:23:27,225 [f079c5a0-ef00-4d60-9ad2-3d1de424dd8b@group-D38A71C52C28-LeaderElection15] INFO  server.RaftServerConfigKeys (ConfUtils.java:logGet(44)) - raft.server.write.byte-limit = 1024 M (=1073741824) (custom)
2021-12-07 08:23:27,235 [EventQueue-OpenPipelineForHealthyPipelineSafeModeRule] INFO  safemode.SCMSafeModeManager (HealthyPipelineSafeModeRule.java:process(124)) - SCM in safe mode. Healthy pipelines reported count is 0, required healthy pipeline reported count is 1
2021-12-07 08:23:27,239 [f079c5a0-ef00-4d60-9ad2-3d1de424dd8b@group-D38A71C52C28-LeaderElection15] INFO  server.RaftServerConfigKeys (ConfUtils.java:logGet(44)) - raft.server.watch.timeout = 180s (custom)
2021-12-07 08:23:27,239 [f079c5a0-ef00-4d60-9ad2-3d1de424dd8b@group-D38A71C52C28-LeaderElection15] INFO  server.RaftServerConfigKeys (ConfUtils.java:logGet(44)) - raft.server.watch.timeout.denomination = 1s (default)
2021-12-07 08:23:27,239 [f079c5a0-ef00-4d60-9ad2-3d1de424dd8b@group-D38A71C52C28-LeaderElection15] INFO  server.RaftServerConfigKeys (ConfUtils.java:logGet(44)) - raft.server.watch.element-limit = 65536 (default)
2021-12-07 08:23:27,239 [f079c5a0-ef00-4d60-9ad2-3d1de424dd8b@group-D38A71C52C28-LeaderElection15] INFO  server.RaftServerConfigKeys (ConfUtils.java:logGet(44)) - raft.server.write.element-limit = 1024 (custom)
2021-12-07 08:23:27,239 [f079c5a0-ef00-4d60-9ad2-3d1de424dd8b@group-D38A71C52C28-LeaderElection15] INFO  server.RaftServerConfigKeys (ConfUtils.java:logGet(44)) - raft.server.write.follower.gap.ratio.max = -1.0 (default)
2021-12-07 08:23:27,240 [f079c5a0-ef00-4d60-9ad2-3d1de424dd8b@group-D38A71C52C28-LeaderElection15] INFO  impl.RoleInfo (RoleInfo.java:updateAndGet(130)) - f079c5a0-ef00-4d60-9ad2-3d1de424dd8b: start f079c5a0-ef00-4d60-9ad2-3d1de424dd8b@group-D38A71C52C28-LeaderStateImpl
2021-12-07 08:23:27,240 [f079c5a0-ef00-4d60-9ad2-3d1de424dd8b@group-D38A71C52C28-LeaderElection15] INFO  segmented.SegmentedRaftLogWorker (SegmentedRaftLogWorker.java:startLogSegment(394)) - f079c5a0-ef00-4d60-9ad2-3d1de424dd8b@group-D38A71C52C28-SegmentedRaftLogWorker: Starting segment from index:0
2021-12-07 08:23:27,246 [f079c5a0-ef00-4d60-9ad2-3d1de424dd8b@group-D38A71C52C28-LeaderElection15] INFO  server.RaftServer$Division (ServerState.java:setRaftConf(387)) - f079c5a0-ef00-4d60-9ad2-3d1de424dd8b@group-D38A71C52C28: set configuration 0: [f079c5a0-ef00-4d60-9ad2-3d1de424dd8b|rpc:10.1.0.14:37525|dataStream:|priority:1], old=null
2021-12-07 08:23:27,250 [f079c5a0-ef00-4d60-9ad2-3d1de424dd8b@group-D38A71C52C28-SegmentedRaftLogWorker] INFO  segmented.SegmentedRaftLogWorker (SegmentedRaftLogWorker.java:execute(601)) - f079c5a0-ef00-4d60-9ad2-3d1de424dd8b@group-D38A71C52C28-SegmentedRaftLogWorker: created new log segment /home/runner/work/ozone/ozone/hadoop-ozone/integration-test/target/test-dir/MiniOzoneClusterImpl-478fafeb-4ef0-48e3-bd35-2e3f0cf9f61b/datanode-2/data/ratis/5d2a202c-77a8-4f5a-8d03-d38a71c52c28/current/log_inprogress_0
2021-12-07 08:23:28,155 [Listener at 127.0.0.1/40979] INFO  ozone.MiniOzoneClusterImpl (MiniOzoneClusterImpl.java:lambda$waitForClusterToBeReady$0(235)) - Nodes are ready. Got 3 of 3 DN Heartbeats.
2021-12-07 08:23:28,155 [Listener at 127.0.0.1/40979] INFO  ozone.MiniOzoneClusterImpl (MiniOzoneClusterImpl.java:lambda$waitForClusterToBeReady$0(238)) - Waiting for cluster to exit safe mode
2021-12-07 08:23:28,155 [Listener at 127.0.0.1/40979] INFO  ozone.MiniOzoneClusterImpl (MiniOzoneClusterImpl.java:lambda$waitForClusterToBeReady$0(240)) - SCM became leader
2021-12-07 08:23:29,159 [Listener at 127.0.0.1/40979] INFO  ozone.MiniOzoneClusterImpl (MiniOzoneClusterImpl.java:lambda$waitForClusterToBeReady$0(235)) - Nodes are ready. Got 3 of 3 DN Heartbeats.
2021-12-07 08:23:29,159 [Listener at 127.0.0.1/40979] INFO  ozone.MiniOzoneClusterImpl (MiniOzoneClusterImpl.java:lambda$waitForClusterToBeReady$0(238)) - Waiting for cluster to exit safe mode
2021-12-07 08:23:29,159 [Listener at 127.0.0.1/40979] INFO  ozone.MiniOzoneClusterImpl (MiniOzoneClusterImpl.java:lambda$waitForClusterToBeReady$0(240)) - SCM became leader
2021-12-07 08:23:30,160 [Listener at 127.0.0.1/40979] INFO  ozone.MiniOzoneClusterImpl (MiniOzoneClusterImpl.java:lambda$waitForClusterToBeReady$0(235)) - Nodes are ready. Got 3 of 3 DN Heartbeats.
2021-12-07 08:23:30,160 [Listener at 127.0.0.1/40979] INFO  ozone.MiniOzoneClusterImpl (MiniOzoneClusterImpl.java:lambda$waitForClusterToBeReady$0(238)) - Waiting for cluster to exit safe mode
2021-12-07 08:23:30,160 [Listener at 127.0.0.1/40979] INFO  ozone.MiniOzoneClusterImpl (MiniOzoneClusterImpl.java:lambda$waitForClusterToBeReady$0(240)) - SCM became leader
2021-12-07 08:23:31,160 [Listener at 127.0.0.1/40979] INFO  ozone.MiniOzoneClusterImpl (MiniOzoneClusterImpl.java:lambda$waitForClusterToBeReady$0(235)) - Nodes are ready. Got 3 of 3 DN Heartbeats.
2021-12-07 08:23:31,160 [Listener at 127.0.0.1/40979] INFO  ozone.MiniOzoneClusterImpl (MiniOzoneClusterImpl.java:lambda$waitForClusterToBeReady$0(238)) - Waiting for cluster to exit safe mode
2021-12-07 08:23:31,160 [Listener at 127.0.0.1/40979] INFO  ozone.MiniOzoneClusterImpl (MiniOzoneClusterImpl.java:lambda$waitForClusterToBeReady$0(240)) - SCM became leader
2021-12-07 08:23:31,562 [ef998961-c73b-4226-87f3-43670785e9df@group-43DACBA294D5-FollowerState] INFO  impl.FollowerState (FollowerState.java:run(134)) - ef998961-c73b-4226-87f3-43670785e9df@group-43DACBA294D5-FollowerState: change to CANDIDATE, lastRpcElapsedTime:5028417242ns, electionTimeout:5010ms
2021-12-07 08:23:31,563 [ef998961-c73b-4226-87f3-43670785e9df@group-43DACBA294D5-FollowerState] INFO  impl.RoleInfo (RoleInfo.java:shutdownFollowerState(108)) - ef998961-c73b-4226-87f3-43670785e9df: shutdown ef998961-c73b-4226-87f3-43670785e9df@group-43DACBA294D5-FollowerState
2021-12-07 08:23:31,563 [ef998961-c73b-4226-87f3-43670785e9df@group-43DACBA294D5-FollowerState] INFO  server.RaftServer$Division (RaftServerImpl.java:setRole(290)) - ef998961-c73b-4226-87f3-43670785e9df@group-43DACBA294D5: changes role from  FOLLOWER to CANDIDATE at term 1 for changeToCandidate
2021-12-07 08:23:31,563 [ef998961-c73b-4226-87f3-43670785e9df@group-43DACBA294D5-FollowerState] INFO  server.RaftServerConfigKeys (ConfUtils.java:logGet(44)) - raft.server.leaderelection.pre-vote = false (custom)
2021-12-07 08:23:31,563 [ef998961-c73b-4226-87f3-43670785e9df@group-43DACBA294D5-FollowerState] INFO  impl.RoleInfo (RoleInfo.java:updateAndGet(130)) - ef998961-c73b-4226-87f3-43670785e9df: start ef998961-c73b-4226-87f3-43670785e9df@group-43DACBA294D5-LeaderElection16
2021-12-07 08:23:31,590 [ef998961-c73b-4226-87f3-43670785e9df@group-43DACBA294D5-LeaderElection16] INFO  impl.LeaderElection (LeaderElection.java:askForVotes(306)) - ef998961-c73b-4226-87f3-43670785e9df@group-43DACBA294D5-LeaderElection16 ELECTION round 0: submit vote requests at term 2 for -1: [ef998961-c73b-4226-87f3-43670785e9df|rpc:10.1.0.14:41193|dataStream:|priority:0, fa0dcf4e-df9f-4e34-8330-207691817642|rpc:10.1.0.14:46745|dataStream:|priority:0, f079c5a0-ef00-4d60-9ad2-3d1de424dd8b|rpc:10.1.0.14:37525|dataStream:|priority:1], old=null
2021-12-07 08:23:31,623 [grpc-default-executor-0] INFO  server.RaftServer$Division (RaftServerImpl.java:requestVote(1046)) - fa0dcf4e-df9f-4e34-8330-207691817642@group-43DACBA294D5: receive requestVote(ELECTION, ef998961-c73b-4226-87f3-43670785e9df, group-43DACBA294D5, 2, (t:0, i:0))
2021-12-07 08:23:31,623 [grpc-default-executor-0] INFO  impl.VoteContext (VoteContext.java:log(48)) - fa0dcf4e-df9f-4e34-8330-207691817642@group-43DACBA294D5-FOLLOWER: accept ELECTION from ef998961-c73b-4226-87f3-43670785e9df: our priority 0 <= candidate's priority 0
2021-12-07 08:23:31,623 [grpc-default-executor-0] INFO  server.RaftServer$Division (RaftServerImpl.java:setRole(290)) - fa0dcf4e-df9f-4e34-8330-207691817642@group-43DACBA294D5: changes role from  FOLLOWER to FOLLOWER at term 2 for candidate:ef998961-c73b-4226-87f3-43670785e9df
2021-12-07 08:23:31,623 [grpc-default-executor-0] INFO  impl.RoleInfo (RoleInfo.java:shutdownFollowerState(108)) - fa0dcf4e-df9f-4e34-8330-207691817642: shutdown fa0dcf4e-df9f-4e34-8330-207691817642@group-43DACBA294D5-FollowerState
2021-12-07 08:23:31,623 [grpc-default-executor-0] INFO  impl.RoleInfo (RoleInfo.java:updateAndGet(130)) - fa0dcf4e-df9f-4e34-8330-207691817642: start fa0dcf4e-df9f-4e34-8330-207691817642@group-43DACBA294D5-FollowerState
2021-12-07 08:23:31,623 [fa0dcf4e-df9f-4e34-8330-207691817642@group-43DACBA294D5-FollowerState] INFO  impl.FollowerState (FollowerState.java:run(143)) - fa0dcf4e-df9f-4e34-8330-207691817642@group-43DACBA294D5-FollowerState was interrupted: {}
java.lang.InterruptedException: sleep interrupted
	at java.lang.Thread.sleep(Native Method)
	at java.lang.Thread.sleep(Thread.java:340)
	at java.util.concurrent.TimeUnit.sleep(TimeUnit.java:386)
	at org.apache.ratis.util.TimeDuration.sleep(TimeDuration.java:324)
	at org.apache.ratis.util.TimeDuration.sleep(TimeDuration.java:309)
	at org.apache.ratis.server.impl.FollowerState.run(FollowerState.java:118)
2021-12-07 08:23:31,639 [grpc-default-executor-0] INFO  server.RaftServer$Division (RaftServerImpl.java:requestVote(1078)) - fa0dcf4e-df9f-4e34-8330-207691817642@group-43DACBA294D5 replies to ELECTION vote request: ef998961-c73b-4226-87f3-43670785e9df<-fa0dcf4e-df9f-4e34-8330-207691817642#0:OK-t2. Peer's state: fa0dcf4e-df9f-4e34-8330-207691817642@group-43DACBA294D5:t2, leader=null, voted=ef998961-c73b-4226-87f3-43670785e9df, raftlog=fa0dcf4e-df9f-4e34-8330-207691817642@group-43DACBA294D5-SegmentedRaftLog:OPENED:c-1, conf=-1: [ef998961-c73b-4226-87f3-43670785e9df|rpc:10.1.0.14:41193|priority:0, fa0dcf4e-df9f-4e34-8330-207691817642|rpc:10.1.0.14:46745|priority:0, f079c5a0-ef00-4d60-9ad2-3d1de424dd8b|rpc:10.1.0.14:37525|priority:1], old=null
2021-12-07 08:23:31,681 [grpc-default-executor-0] INFO  server.RaftServer$Division (RaftServerImpl.java:requestVote(1046)) - f079c5a0-ef00-4d60-9ad2-3d1de424dd8b@group-43DACBA294D5: receive requestVote(ELECTION, ef998961-c73b-4226-87f3-43670785e9df, group-43DACBA294D5, 2, (t:0, i:0))
2021-12-07 08:23:31,681 [grpc-default-executor-0] INFO  impl.VoteContext (VoteContext.java:log(48)) - f079c5a0-ef00-4d60-9ad2-3d1de424dd8b@group-43DACBA294D5-FOLLOWER: reject ELECTION from ef998961-c73b-4226-87f3-43670785e9df: our priority 1 > candidate's priority 0
2021-12-07 08:23:31,682 [grpc-default-executor-0] INFO  server.RaftServer$Division (RaftServerImpl.java:setRole(290)) - f079c5a0-ef00-4d60-9ad2-3d1de424dd8b@group-43DACBA294D5: changes role from  FOLLOWER to FOLLOWER at term 2 for candidate:ef998961-c73b-4226-87f3-43670785e9df
2021-12-07 08:23:31,682 [grpc-default-executor-0] INFO  impl.RoleInfo (RoleInfo.java:shutdownFollowerState(108)) - f079c5a0-ef00-4d60-9ad2-3d1de424dd8b: shutdown f079c5a0-ef00-4d60-9ad2-3d1de424dd8b@group-43DACBA294D5-FollowerState
2021-12-07 08:23:31,682 [grpc-default-executor-0] INFO  impl.RoleInfo (RoleInfo.java:updateAndGet(130)) - f079c5a0-ef00-4d60-9ad2-3d1de424dd8b: start f079c5a0-ef00-4d60-9ad2-3d1de424dd8b@group-43DACBA294D5-FollowerState
2021-12-07 08:23:31,682 [f079c5a0-ef00-4d60-9ad2-3d1de424dd8b@group-43DACBA294D5-FollowerState] INFO  impl.FollowerState (FollowerState.java:run(143)) - f079c5a0-ef00-4d60-9ad2-3d1de424dd8b@group-43DACBA294D5-FollowerState was interrupted: {}
java.lang.InterruptedException: sleep interrupted
	at java.lang.Thread.sleep(Native Method)
	at java.lang.Thread.sleep(Thread.java:340)
	at java.util.concurrent.TimeUnit.sleep(TimeUnit.java:386)
	at org.apache.ratis.util.TimeDuration.sleep(TimeDuration.java:324)
	at org.apache.ratis.util.TimeDuration.sleep(TimeDuration.java:309)
	at org.apache.ratis.server.impl.FollowerState.run(FollowerState.java:118)
2021-12-07 08:23:31,707 [grpc-default-executor-0] INFO  server.RaftServer$Division (RaftServerImpl.java:requestVote(1078)) - f079c5a0-ef00-4d60-9ad2-3d1de424dd8b@group-43DACBA294D5 replies to ELECTION vote request: ef998961-c73b-4226-87f3-43670785e9df<-f079c5a0-ef00-4d60-9ad2-3d1de424dd8b#0:FAIL-t2. Peer's state: f079c5a0-ef00-4d60-9ad2-3d1de424dd8b@group-43DACBA294D5:t2, leader=null, voted=null, raftlog=f079c5a0-ef00-4d60-9ad2-3d1de424dd8b@group-43DACBA294D5-SegmentedRaftLog:OPENED:c-1, conf=-1: [ef998961-c73b-4226-87f3-43670785e9df|rpc:10.1.0.14:41193|dataStream:|priority:0, fa0dcf4e-df9f-4e34-8330-207691817642|rpc:10.1.0.14:46745|dataStream:|priority:0, f079c5a0-ef00-4d60-9ad2-3d1de424dd8b|rpc:10.1.0.14:37525|dataStream:|priority:1], old=null
2021-12-07 08:23:31,719 [ef998961-c73b-4226-87f3-43670785e9df@group-43DACBA294D5-LeaderElection16] INFO  impl.LeaderElection (LeaderElection.java:logAndReturn(89)) - ef998961-c73b-4226-87f3-43670785e9df@group-43DACBA294D5-LeaderElection16: ELECTION REJECTED received 2 response(s) and 0 exception(s):
2021-12-07 08:23:31,719 [ef998961-c73b-4226-87f3-43670785e9df@group-43DACBA294D5-LeaderElection16] INFO  impl.LeaderElection (LeaderElection.java:logAndReturn(93)) -   Response 0: ef998961-c73b-4226-87f3-43670785e9df<-fa0dcf4e-df9f-4e34-8330-207691817642#0:OK-t2
2021-12-07 08:23:31,719 [ef998961-c73b-4226-87f3-43670785e9df@group-43DACBA294D5-LeaderElection16] INFO  impl.LeaderElection (LeaderElection.java:logAndReturn(93)) -   Response 1: ef998961-c73b-4226-87f3-43670785e9df<-f079c5a0-ef00-4d60-9ad2-3d1de424dd8b#0:FAIL-t2
2021-12-07 08:23:31,719 [ef998961-c73b-4226-87f3-43670785e9df@group-43DACBA294D5-LeaderElection16] INFO  impl.LeaderElection (LeaderElection.java:askForVotes(308)) - ef998961-c73b-4226-87f3-43670785e9df@group-43DACBA294D5-LeaderElection16 ELECTION round 0: result REJECTED
2021-12-07 08:23:31,719 [ef998961-c73b-4226-87f3-43670785e9df@group-43DACBA294D5-LeaderElection16] INFO  server.RaftServer$Division (RaftServerImpl.java:setRole(290)) - ef998961-c73b-4226-87f3-43670785e9df@group-43DACBA294D5: changes role from CANDIDATE to FOLLOWER at term 2 for REJECTED
2021-12-07 08:23:31,720 [ef998961-c73b-4226-87f3-43670785e9df@group-43DACBA294D5-LeaderElection16] INFO  impl.RoleInfo (RoleInfo.java:shutdownLeaderElection(121)) - ef998961-c73b-4226-87f3-43670785e9df: shutdown ef998961-c73b-4226-87f3-43670785e9df@group-43DACBA294D5-LeaderElection16
2021-12-07 08:23:31,720 [ef998961-c73b-4226-87f3-43670785e9df@group-43DACBA294D5-LeaderElection16] INFO  impl.RoleInfo (RoleInfo.java:updateAndGet(130)) - ef998961-c73b-4226-87f3-43670785e9df: start ef998961-c73b-4226-87f3-43670785e9df@group-43DACBA294D5-FollowerState
2021-12-07 08:23:32,160 [Listener at 127.0.0.1/40979] INFO  ozone.MiniOzoneClusterImpl (MiniOzoneClusterImpl.java:lambda$waitForClusterToBeReady$0(235)) - Nodes are ready. Got 3 of 3 DN Heartbeats.
2021-12-07 08:23:32,161 [Listener at 127.0.0.1/40979] INFO  ozone.MiniOzoneClusterImpl (MiniOzoneClusterImpl.java:lambda$waitForClusterToBeReady$0(238)) - Waiting for cluster to exit safe mode
2021-12-07 08:23:32,161 [Listener at 127.0.0.1/40979] INFO  ozone.MiniOzoneClusterImpl (MiniOzoneClusterImpl.java:lambda$waitForClusterToBeReady$0(240)) - SCM became leader
2021-12-07 08:23:33,162 [Listener at 127.0.0.1/40979] INFO  ozone.MiniOzoneClusterImpl (MiniOzoneClusterImpl.java:lambda$waitForClusterToBeReady$0(235)) - Nodes are ready. Got 3 of 3 DN Heartbeats.
2021-12-07 08:23:33,162 [Listener at 127.0.0.1/40979] INFO  ozone.MiniOzoneClusterImpl (MiniOzoneClusterImpl.java:lambda$waitForClusterToBeReady$0(238)) - Waiting for cluster to exit safe mode
2021-12-07 08:23:33,162 [Listener at 127.0.0.1/40979] INFO  ozone.MiniOzoneClusterImpl (MiniOzoneClusterImpl.java:lambda$waitForClusterToBeReady$0(240)) - SCM became leader
2021-12-07 08:23:34,162 [Listener at 127.0.0.1/40979] INFO  ozone.MiniOzoneClusterImpl (MiniOzoneClusterImpl.java:lambda$waitForClusterToBeReady$0(235)) - Nodes are ready. Got 3 of 3 DN Heartbeats.
2021-12-07 08:23:34,162 [Listener at 127.0.0.1/40979] INFO  ozone.MiniOzoneClusterImpl (MiniOzoneClusterImpl.java:lambda$waitForClusterToBeReady$0(238)) - Waiting for cluster to exit safe mode
2021-12-07 08:23:34,162 [Listener at 127.0.0.1/40979] INFO  ozone.MiniOzoneClusterImpl (MiniOzoneClusterImpl.java:lambda$waitForClusterToBeReady$0(240)) - SCM became leader
2021-12-07 08:23:35,163 [Listener at 127.0.0.1/40979] INFO  ozone.MiniOzoneClusterImpl (MiniOzoneClusterImpl.java:lambda$waitForClusterToBeReady$0(235)) - Nodes are ready. Got 3 of 3 DN Heartbeats.
2021-12-07 08:23:35,163 [Listener at 127.0.0.1/40979] INFO  ozone.MiniOzoneClusterImpl (MiniOzoneClusterImpl.java:lambda$waitForClusterToBeReady$0(238)) - Waiting for cluster to exit safe mode
2021-12-07 08:23:35,163 [Listener at 127.0.0.1/40979] INFO  ozone.MiniOzoneClusterImpl (MiniOzoneClusterImpl.java:lambda$waitForClusterToBeReady$0(240)) - SCM became leader
2021-12-07 08:23:36,163 [Listener at 127.0.0.1/40979] INFO  ozone.MiniOzoneClusterImpl (MiniOzoneClusterImpl.java:lambda$waitForClusterToBeReady$0(235)) - Nodes are ready. Got 3 of 3 DN Heartbeats.
2021-12-07 08:23:36,163 [Listener at 127.0.0.1/40979] INFO  ozone.MiniOzoneClusterImpl (MiniOzoneClusterImpl.java:lambda$waitForClusterToBeReady$0(238)) - Waiting for cluster to exit safe mode
2021-12-07 08:23:36,163 [Listener at 127.0.0.1/40979] INFO  ozone.MiniOzoneClusterImpl (MiniOzoneClusterImpl.java:lambda$waitForClusterToBeReady$0(240)) - SCM became leader
2021-12-07 08:23:36,668 [fa0dcf4e-df9f-4e34-8330-207691817642@group-43DACBA294D5-FollowerState] INFO  impl.FollowerState (FollowerState.java:run(134)) - fa0dcf4e-df9f-4e34-8330-207691817642@group-43DACBA294D5-FollowerState: change to CANDIDATE, lastRpcElapsedTime:5029075756ns, electionTimeout:5029ms
2021-12-07 08:23:36,668 [fa0dcf4e-df9f-4e34-8330-207691817642@group-43DACBA294D5-FollowerState] INFO  impl.RoleInfo (RoleInfo.java:shutdownFollowerState(108)) - fa0dcf4e-df9f-4e34-8330-207691817642: shutdown fa0dcf4e-df9f-4e34-8330-207691817642@group-43DACBA294D5-FollowerState
2021-12-07 08:23:36,668 [fa0dcf4e-df9f-4e34-8330-207691817642@group-43DACBA294D5-FollowerState] INFO  server.RaftServer$Division (RaftServerImpl.java:setRole(290)) - fa0dcf4e-df9f-4e34-8330-207691817642@group-43DACBA294D5: changes role from  FOLLOWER to CANDIDATE at term 2 for changeToCandidate
2021-12-07 08:23:36,669 [fa0dcf4e-df9f-4e34-8330-207691817642@group-43DACBA294D5-FollowerState] INFO  server.RaftServerConfigKeys (ConfUtils.java:logGet(44)) - raft.server.leaderelection.pre-vote = false (custom)
2021-12-07 08:23:36,669 [fa0dcf4e-df9f-4e34-8330-207691817642@group-43DACBA294D5-FollowerState] INFO  impl.RoleInfo (RoleInfo.java:updateAndGet(130)) - fa0dcf4e-df9f-4e34-8330-207691817642: start fa0dcf4e-df9f-4e34-8330-207691817642@group-43DACBA294D5-LeaderElection17
2021-12-07 08:23:36,688 [fa0dcf4e-df9f-4e34-8330-207691817642@group-43DACBA294D5-LeaderElection17] INFO  impl.LeaderElection (LeaderElection.java:askForVotes(306)) - fa0dcf4e-df9f-4e34-8330-207691817642@group-43DACBA294D5-LeaderElection17 ELECTION round 0: submit vote requests at term 3 for -1: [ef998961-c73b-4226-87f3-43670785e9df|rpc:10.1.0.14:41193|priority:0, fa0dcf4e-df9f-4e34-8330-207691817642|rpc:10.1.0.14:46745|priority:0, f079c5a0-ef00-4d60-9ad2-3d1de424dd8b|rpc:10.1.0.14:37525|priority:1], old=null
2021-12-07 08:23:36,720 [grpc-default-executor-0] INFO  server.RaftServer$Division (RaftServerImpl.java:requestVote(1046)) - ef998961-c73b-4226-87f3-43670785e9df@group-43DACBA294D5: receive requestVote(ELECTION, fa0dcf4e-df9f-4e34-8330-207691817642, group-43DACBA294D5, 3, (t:0, i:0))
2021-12-07 08:23:36,720 [grpc-default-executor-0] INFO  impl.VoteContext (VoteContext.java:log(48)) - ef998961-c73b-4226-87f3-43670785e9df@group-43DACBA294D5-FOLLOWER: accept ELECTION from fa0dcf4e-df9f-4e34-8330-207691817642: our priority 0 <= candidate's priority 0
2021-12-07 08:23:36,720 [grpc-default-executor-0] INFO  server.RaftServer$Division (RaftServerImpl.java:setRole(290)) - ef998961-c73b-4226-87f3-43670785e9df@group-43DACBA294D5: changes role from  FOLLOWER to FOLLOWER at term 3 for candidate:fa0dcf4e-df9f-4e34-8330-207691817642
2021-12-07 08:23:36,720 [grpc-default-executor-0] INFO  impl.RoleInfo (RoleInfo.java:shutdownFollowerState(108)) - ef998961-c73b-4226-87f3-43670785e9df: shutdown ef998961-c73b-4226-87f3-43670785e9df@group-43DACBA294D5-FollowerState
2021-12-07 08:23:36,720 [grpc-default-executor-0] INFO  impl.RoleInfo (RoleInfo.java:updateAndGet(130)) - ef998961-c73b-4226-87f3-43670785e9df: start ef998961-c73b-4226-87f3-43670785e9df@group-43DACBA294D5-FollowerState
2021-12-07 08:23:36,720 [ef998961-c73b-4226-87f3-43670785e9df@group-43DACBA294D5-FollowerState] INFO  impl.FollowerState (FollowerState.java:run(143)) - ef998961-c73b-4226-87f3-43670785e9df@group-43DACBA294D5-FollowerState was interrupted: {}
java.lang.InterruptedException: sleep interrupted
	at java.lang.Thread.sleep(Native Method)
	at java.lang.Thread.sleep(Thread.java:340)
	at java.util.concurrent.TimeUnit.sleep(TimeUnit.java:386)
	at org.apache.ratis.util.TimeDuration.sleep(TimeDuration.java:324)
	at org.apache.ratis.util.TimeDuration.sleep(TimeDuration.java:309)
	at org.apache.ratis.server.impl.FollowerState.run(FollowerState.java:118)
2021-12-07 08:23:36,729 [grpc-default-executor-1] INFO  server.RaftServer$Division (RaftServerImpl.java:requestVote(1046)) - f079c5a0-ef00-4d60-9ad2-3d1de424dd8b@group-43DACBA294D5: receive requestVote(ELECTION, fa0dcf4e-df9f-4e34-8330-207691817642, group-43DACBA294D5, 3, (t:0, i:0))
2021-12-07 08:23:36,729 [grpc-default-executor-1] INFO  impl.VoteContext (VoteContext.java:log(48)) - f079c5a0-ef00-4d60-9ad2-3d1de424dd8b@group-43DACBA294D5-FOLLOWER: reject ELECTION from fa0dcf4e-df9f-4e34-8330-207691817642: our priority 1 > candidate's priority 0
2021-12-07 08:23:36,729 [grpc-default-executor-1] INFO  server.RaftServer$Division (RaftServerImpl.java:setRole(290)) - f079c5a0-ef00-4d60-9ad2-3d1de424dd8b@group-43DACBA294D5: changes role from  FOLLOWER to FOLLOWER at term 3 for candidate:fa0dcf4e-df9f-4e34-8330-207691817642
2021-12-07 08:23:36,729 [grpc-default-executor-1] INFO  impl.RoleInfo (RoleInfo.java:shutdownFollowerState(108)) - f079c5a0-ef00-4d60-9ad2-3d1de424dd8b: shutdown f079c5a0-ef00-4d60-9ad2-3d1de424dd8b@group-43DACBA294D5-FollowerState
2021-12-07 08:23:36,729 [f079c5a0-ef00-4d60-9ad2-3d1de424dd8b@group-43DACBA294D5-FollowerState] INFO  impl.FollowerState (FollowerState.java:run(143)) - f079c5a0-ef00-4d60-9ad2-3d1de424dd8b@group-43DACBA294D5-FollowerState was interrupted: {}
java.lang.InterruptedException: sleep interrupted
	at java.lang.Thread.sleep(Native Method)
	at java.lang.Thread.sleep(Thread.java:340)
	at java.util.concurrent.TimeUnit.sleep(TimeUnit.java:386)
	at org.apache.ratis.util.TimeDuration.sleep(TimeDuration.java:324)
	at org.apache.ratis.util.TimeDuration.sleep(TimeDuration.java:309)
	at org.apache.ratis.server.impl.FollowerState.run(FollowerState.java:118)
2021-12-07 08:23:36,729 [grpc-default-executor-1] INFO  impl.RoleInfo (RoleInfo.java:updateAndGet(130)) - f079c5a0-ef00-4d60-9ad2-3d1de424dd8b: start f079c5a0-ef00-4d60-9ad2-3d1de424dd8b@group-43DACBA294D5-FollowerState
2021-12-07 08:23:36,730 [grpc-default-executor-0] INFO  server.RaftServer$Division (RaftServerImpl.java:requestVote(1078)) - ef998961-c73b-4226-87f3-43670785e9df@group-43DACBA294D5 replies to ELECTION vote request: fa0dcf4e-df9f-4e34-8330-207691817642<-ef998961-c73b-4226-87f3-43670785e9df#0:OK-t3. Peer's state: ef998961-c73b-4226-87f3-43670785e9df@group-43DACBA294D5:t3, leader=null, voted=fa0dcf4e-df9f-4e34-8330-207691817642, raftlog=ef998961-c73b-4226-87f3-43670785e9df@group-43DACBA294D5-SegmentedRaftLog:OPENED:c-1, conf=-1: [ef998961-c73b-4226-87f3-43670785e9df|rpc:10.1.0.14:41193|dataStream:|priority:0, fa0dcf4e-df9f-4e34-8330-207691817642|rpc:10.1.0.14:46745|dataStream:|priority:0, f079c5a0-ef00-4d60-9ad2-3d1de424dd8b|rpc:10.1.0.14:37525|dataStream:|priority:1], old=null
2021-12-07 08:23:36,733 [grpc-default-executor-1] INFO  server.RaftServer$Division (RaftServerImpl.java:requestVote(1078)) - f079c5a0-ef00-4d60-9ad2-3d1de424dd8b@group-43DACBA294D5 replies to ELECTION vote request: fa0dcf4e-df9f-4e34-8330-207691817642<-f079c5a0-ef00-4d60-9ad2-3d1de424dd8b#0:FAIL-t3. Peer's state: f079c5a0-ef00-4d60-9ad2-3d1de424dd8b@group-43DACBA294D5:t3, leader=null, voted=null, raftlog=f079c5a0-ef00-4d60-9ad2-3d1de424dd8b@group-43DACBA294D5-SegmentedRaftLog:OPENED:c-1, conf=-1: [ef998961-c73b-4226-87f3-43670785e9df|rpc:10.1.0.14:41193|dataStream:|priority:0, fa0dcf4e-df9f-4e34-8330-207691817642|rpc:10.1.0.14:46745|dataStream:|priority:0, f079c5a0-ef00-4d60-9ad2-3d1de424dd8b|rpc:10.1.0.14:37525|dataStream:|priority:1], old=null
2021-12-07 08:23:36,734 [fa0dcf4e-df9f-4e34-8330-207691817642@group-43DACBA294D5-LeaderElection17] INFO  impl.LeaderElection (LeaderElection.java:logAndReturn(89)) - fa0dcf4e-df9f-4e34-8330-207691817642@group-43DACBA294D5-LeaderElection17: ELECTION REJECTED received 2 response(s) and 0 exception(s):
2021-12-07 08:23:36,740 [fa0dcf4e-df9f-4e34-8330-207691817642@group-43DACBA294D5-LeaderElection17] INFO  impl.LeaderElection (LeaderElection.java:logAndReturn(93)) -   Response 0: fa0dcf4e-df9f-4e34-8330-207691817642<-ef998961-c73b-4226-87f3-43670785e9df#0:OK-t3
2021-12-07 08:23:36,740 [fa0dcf4e-df9f-4e34-8330-207691817642@group-43DACBA294D5-LeaderElection17] INFO  impl.LeaderElection (LeaderElection.java:logAndReturn(93)) -   Response 1: fa0dcf4e-df9f-4e34-8330-207691817642<-f079c5a0-ef00-4d60-9ad2-3d1de424dd8b#0:FAIL-t3
2021-12-07 08:23:36,740 [fa0dcf4e-df9f-4e34-8330-207691817642@group-43DACBA294D5-LeaderElection17] INFO  impl.LeaderElection (LeaderElection.java:askForVotes(308)) - fa0dcf4e-df9f-4e34-8330-207691817642@group-43DACBA294D5-LeaderElection17 ELECTION round 0: result REJECTED
2021-12-07 08:23:36,740 [fa0dcf4e-df9f-4e34-8330-207691817642@group-43DACBA294D5-LeaderElection17] INFO  server.RaftServer$Division (RaftServerImpl.java:setRole(290)) - fa0dcf4e-df9f-4e34-8330-207691817642@group-43DACBA294D5: changes role from CANDIDATE to FOLLOWER at term 3 for REJECTED
2021-12-07 08:23:36,740 [fa0dcf4e-df9f-4e34-8330-207691817642@group-43DACBA294D5-LeaderElection17] INFO  impl.RoleInfo (RoleInfo.java:shutdownLeaderElection(121)) - fa0dcf4e-df9f-4e34-8330-207691817642: shutdown fa0dcf4e-df9f-4e34-8330-207691817642@group-43DACBA294D5-LeaderElection17
2021-12-07 08:23:36,740 [fa0dcf4e-df9f-4e34-8330-207691817642@group-43DACBA294D5-LeaderElection17] INFO  impl.RoleInfo (RoleInfo.java:updateAndGet(130)) - fa0dcf4e-df9f-4e34-8330-207691817642: start fa0dcf4e-df9f-4e34-8330-207691817642@group-43DACBA294D5-FollowerState
2021-12-07 08:23:37,163 [Listener at 127.0.0.1/40979] INFO  ozone.MiniOzoneClusterImpl (MiniOzoneClusterImpl.java:lambda$waitForClusterToBeReady$0(235)) - Nodes are ready. Got 3 of 3 DN Heartbeats.
2021-12-07 08:23:37,165 [Listener at 127.0.0.1/40979] INFO  ozone.MiniOzoneClusterImpl (MiniOzoneClusterImpl.java:lambda$waitForClusterToBeReady$0(238)) - Waiting for cluster to exit safe mode
2021-12-07 08:23:37,165 [Listener at 127.0.0.1/40979] INFO  ozone.MiniOzoneClusterImpl (MiniOzoneClusterImpl.java:lambda$waitForClusterToBeReady$0(240)) - SCM became leader
2021-12-07 08:23:38,165 [Listener at 127.0.0.1/40979] INFO  ozone.MiniOzoneClusterImpl (MiniOzoneClusterImpl.java:lambda$waitForClusterToBeReady$0(235)) - Nodes are ready. Got 3 of 3 DN Heartbeats.
2021-12-07 08:23:38,165 [Listener at 127.0.0.1/40979] INFO  ozone.MiniOzoneClusterImpl (MiniOzoneClusterImpl.java:lambda$waitForClusterToBeReady$0(238)) - Waiting for cluster to exit safe mode
2021-12-07 08:23:38,165 [Listener at 127.0.0.1/40979] INFO  ozone.MiniOzoneClusterImpl (MiniOzoneClusterImpl.java:lambda$waitForClusterToBeReady$0(240)) - SCM became leader
2021-12-07 08:23:39,165 [Listener at 127.0.0.1/40979] INFO  ozone.MiniOzoneClusterImpl (MiniOzoneClusterImpl.java:lambda$waitForClusterToBeReady$0(235)) - Nodes are ready. Got 3 of 3 DN Heartbeats.
2021-12-07 08:23:39,165 [Listener at 127.0.0.1/40979] INFO  ozone.MiniOzoneClusterImpl (MiniOzoneClusterImpl.java:lambda$waitForClusterToBeReady$0(238)) - Waiting for cluster to exit safe mode
2021-12-07 08:23:39,165 [Listener at 127.0.0.1/40979] INFO  ozone.MiniOzoneClusterImpl (MiniOzoneClusterImpl.java:lambda$waitForClusterToBeReady$0(240)) - SCM became leader
2021-12-07 08:23:40,166 [Listener at 127.0.0.1/40979] INFO  ozone.MiniOzoneClusterImpl (MiniOzoneClusterImpl.java:lambda$waitForClusterToBeReady$0(235)) - Nodes are ready. Got 3 of 3 DN Heartbeats.
2021-12-07 08:23:40,166 [Listener at 127.0.0.1/40979] INFO  ozone.MiniOzoneClusterImpl (MiniOzoneClusterImpl.java:lambda$waitForClusterToBeReady$0(238)) - Waiting for cluster to exit safe mode
2021-12-07 08:23:40,166 [Listener at 127.0.0.1/40979] INFO  ozone.MiniOzoneClusterImpl (MiniOzoneClusterImpl.java:lambda$waitForClusterToBeReady$0(240)) - SCM became leader
2021-12-07 08:23:41,166 [Listener at 127.0.0.1/40979] INFO  ozone.MiniOzoneClusterImpl (MiniOzoneClusterImpl.java:lambda$waitForClusterToBeReady$0(235)) - Nodes are ready. Got 3 of 3 DN Heartbeats.
2021-12-07 08:23:41,166 [Listener at 127.0.0.1/40979] INFO  ozone.MiniOzoneClusterImpl (MiniOzoneClusterImpl.java:lambda$waitForClusterToBeReady$0(238)) - Waiting for cluster to exit safe mode
2021-12-07 08:23:41,166 [Listener at 127.0.0.1/40979] INFO  ozone.MiniOzoneClusterImpl (MiniOzoneClusterImpl.java:lambda$waitForClusterToBeReady$0(240)) - SCM became leader
2021-12-07 08:23:41,762 [ef998961-c73b-4226-87f3-43670785e9df@group-43DACBA294D5-FollowerState] INFO  impl.FollowerState (FollowerState.java:run(134)) - ef998961-c73b-4226-87f3-43670785e9df@group-43DACBA294D5-FollowerState: change to CANDIDATE, lastRpcElapsedTime:5031836397ns, electionTimeout:5026ms
2021-12-07 08:23:41,762 [ef998961-c73b-4226-87f3-43670785e9df@group-43DACBA294D5-FollowerState] INFO  impl.RoleInfo (RoleInfo.java:shutdownFollowerState(108)) - ef998961-c73b-4226-87f3-43670785e9df: shutdown ef998961-c73b-4226-87f3-43670785e9df@group-43DACBA294D5-FollowerState
2021-12-07 08:23:41,762 [ef998961-c73b-4226-87f3-43670785e9df@group-43DACBA294D5-FollowerState] INFO  server.RaftServer$Division (RaftServerImpl.java:setRole(290)) - ef998961-c73b-4226-87f3-43670785e9df@group-43DACBA294D5: changes role from  FOLLOWER to CANDIDATE at term 3 for changeToCandidate
2021-12-07 08:23:41,762 [ef998961-c73b-4226-87f3-43670785e9df@group-43DACBA294D5-FollowerState] INFO  server.RaftServerConfigKeys (ConfUtils.java:logGet(44)) - raft.server.leaderelection.pre-vote = false (custom)
2021-12-07 08:23:41,762 [ef998961-c73b-4226-87f3-43670785e9df@group-43DACBA294D5-FollowerState] INFO  impl.RoleInfo (RoleInfo.java:updateAndGet(130)) - ef998961-c73b-4226-87f3-43670785e9df: start ef998961-c73b-4226-87f3-43670785e9df@group-43DACBA294D5-LeaderElection18
2021-12-07 08:23:41,780 [ef998961-c73b-4226-87f3-43670785e9df@group-43DACBA294D5-LeaderElection18] INFO  impl.LeaderElection (LeaderElection.java:askForVotes(306)) - ef998961-c73b-4226-87f3-43670785e9df@group-43DACBA294D5-LeaderElection18 ELECTION round 0: submit vote requests at term 4 for -1: [ef998961-c73b-4226-87f3-43670785e9df|rpc:10.1.0.14:41193|dataStream:|priority:0, fa0dcf4e-df9f-4e34-8330-207691817642|rpc:10.1.0.14:46745|dataStream:|priority:0, f079c5a0-ef00-4d60-9ad2-3d1de424dd8b|rpc:10.1.0.14:37525|dataStream:|priority:1], old=null
2021-12-07 08:23:41,790 [f079c5a0-ef00-4d60-9ad2-3d1de424dd8b@group-43DACBA294D5-FollowerState] INFO  impl.FollowerState (FollowerState.java:run(134)) - f079c5a0-ef00-4d60-9ad2-3d1de424dd8b@group-43DACBA294D5-FollowerState: change to CANDIDATE, lastRpcElapsedTime:5061084622ns, electionTimeout:5060ms
2021-12-07 08:23:41,790 [f079c5a0-ef00-4d60-9ad2-3d1de424dd8b@group-43DACBA294D5-FollowerState] INFO  impl.RoleInfo (RoleInfo.java:shutdownFollowerState(108)) - f079c5a0-ef00-4d60-9ad2-3d1de424dd8b: shutdown f079c5a0-ef00-4d60-9ad2-3d1de424dd8b@group-43DACBA294D5-FollowerState
2021-12-07 08:23:41,790 [f079c5a0-ef00-4d60-9ad2-3d1de424dd8b@group-43DACBA294D5-FollowerState] INFO  server.RaftServer$Division (RaftServerImpl.java:setRole(290)) - f079c5a0-ef00-4d60-9ad2-3d1de424dd8b@group-43DACBA294D5: changes role from  FOLLOWER to CANDIDATE at term 3 for changeToCandidate
2021-12-07 08:23:41,790 [f079c5a0-ef00-4d60-9ad2-3d1de424dd8b@group-43DACBA294D5-FollowerState] INFO  server.RaftServerConfigKeys (ConfUtils.java:logGet(44)) - raft.server.leaderelection.pre-vote = false (custom)
2021-12-07 08:23:41,791 [f079c5a0-ef00-4d60-9ad2-3d1de424dd8b@group-43DACBA294D5-FollowerState] INFO  impl.RoleInfo (RoleInfo.java:updateAndGet(130)) - f079c5a0-ef00-4d60-9ad2-3d1de424dd8b: start f079c5a0-ef00-4d60-9ad2-3d1de424dd8b@group-43DACBA294D5-LeaderElection19
2021-12-07 08:23:41,802 [grpc-default-executor-1] INFO  server.RaftServer$Division (RaftServerImpl.java:requestVote(1046)) - fa0dcf4e-df9f-4e34-8330-207691817642@group-43DACBA294D5: receive requestVote(ELECTION, ef998961-c73b-4226-87f3-43670785e9df, group-43DACBA294D5, 4, (t:0, i:0))
2021-12-07 08:23:41,804 [grpc-default-executor-1] INFO  impl.VoteContext (VoteContext.java:log(48)) - fa0dcf4e-df9f-4e34-8330-207691817642@group-43DACBA294D5-FOLLOWER: accept ELECTION from ef998961-c73b-4226-87f3-43670785e9df: our priority 0 <= candidate's priority 0
2021-12-07 08:23:41,804 [grpc-default-executor-1] INFO  server.RaftServer$Division (RaftServerImpl.java:setRole(290)) - fa0dcf4e-df9f-4e34-8330-207691817642@group-43DACBA294D5: changes role from  FOLLOWER to FOLLOWER at term 4 for candidate:ef998961-c73b-4226-87f3-43670785e9df
2021-12-07 08:23:41,804 [grpc-default-executor-1] INFO  impl.RoleInfo (RoleInfo.java:shutdownFollowerState(108)) - fa0dcf4e-df9f-4e34-8330-207691817642: shutdown fa0dcf4e-df9f-4e34-8330-207691817642@group-43DACBA294D5-FollowerState
2021-12-07 08:23:41,804 [grpc-default-executor-1] INFO  impl.RoleInfo (RoleInfo.java:updateAndGet(130)) - fa0dcf4e-df9f-4e34-8330-207691817642: start fa0dcf4e-df9f-4e34-8330-207691817642@group-43DACBA294D5-FollowerState
2021-12-07 08:23:41,804 [fa0dcf4e-df9f-4e34-8330-207691817642@group-43DACBA294D5-FollowerState] INFO  impl.FollowerState (FollowerState.java:run(143)) - fa0dcf4e-df9f-4e34-8330-207691817642@group-43DACBA294D5-FollowerState was interrupted: {}
java.lang.InterruptedException: sleep interrupted
	at java.lang.Thread.sleep(Native Method)
	at java.lang.Thread.sleep(Thread.java:340)
	at java.util.concurrent.TimeUnit.sleep(TimeUnit.java:386)
	at org.apache.ratis.util.TimeDuration.sleep(TimeDuration.java:324)
	at org.apache.ratis.util.TimeDuration.sleep(TimeDuration.java:309)
	at org.apache.ratis.server.impl.FollowerState.run(FollowerState.java:118)
2021-12-07 08:23:41,806 [grpc-default-executor-1] INFO  server.RaftServer$Division (RaftServerImpl.java:requestVote(1078)) - fa0dcf4e-df9f-4e34-8330-207691817642@group-43DACBA294D5 replies to ELECTION vote request: ef998961-c73b-4226-87f3-43670785e9df<-fa0dcf4e-df9f-4e34-8330-207691817642#0:OK-t4. Peer's state: fa0dcf4e-df9f-4e34-8330-207691817642@group-43DACBA294D5:t4, leader=null, voted=ef998961-c73b-4226-87f3-43670785e9df, raftlog=fa0dcf4e-df9f-4e34-8330-207691817642@group-43DACBA294D5-SegmentedRaftLog:OPENED:c-1, conf=-1: [ef998961-c73b-4226-87f3-43670785e9df|rpc:10.1.0.14:41193|priority:0, fa0dcf4e-df9f-4e34-8330-207691817642|rpc:10.1.0.14:46745|priority:0, f079c5a0-ef00-4d60-9ad2-3d1de424dd8b|rpc:10.1.0.14:37525|priority:1], old=null
2021-12-07 08:23:41,823 [f079c5a0-ef00-4d60-9ad2-3d1de424dd8b@group-43DACBA294D5-LeaderElection19] INFO  impl.LeaderElection (LeaderElection.java:askForVotes(306)) - f079c5a0-ef00-4d60-9ad2-3d1de424dd8b@group-43DACBA294D5-LeaderElection19 ELECTION round 0: submit vote requests at term 4 for -1: [ef998961-c73b-4226-87f3-43670785e9df|rpc:10.1.0.14:41193|dataStream:|priority:0, fa0dcf4e-df9f-4e34-8330-207691817642|rpc:10.1.0.14:46745|dataStream:|priority:0, f079c5a0-ef00-4d60-9ad2-3d1de424dd8b|rpc:10.1.0.14:37525|dataStream:|priority:1], old=null
2021-12-07 08:23:41,856 [grpc-default-executor-1] INFO  server.RaftServer$Division (RaftServerImpl.java:requestVote(1046)) - f079c5a0-ef00-4d60-9ad2-3d1de424dd8b@group-43DACBA294D5: receive requestVote(ELECTION, ef998961-c73b-4226-87f3-43670785e9df, group-43DACBA294D5, 4, (t:0, i:0))
2021-12-07 08:23:41,857 [grpc-default-executor-1] INFO  impl.VoteContext (VoteContext.java:log(48)) - f079c5a0-ef00-4d60-9ad2-3d1de424dd8b@group-43DACBA294D5-CANDIDATE: reject ELECTION from ef998961-c73b-4226-87f3-43670785e9df: already has voted for f079c5a0-ef00-4d60-9ad2-3d1de424dd8b at current term 4
2021-12-07 08:23:41,857 [grpc-default-executor-1] INFO  server.RaftServer$Division (RaftServerImpl.java:requestVote(1078)) - f079c5a0-ef00-4d60-9ad2-3d1de424dd8b@group-43DACBA294D5 replies to ELECTION vote request: ef998961-c73b-4226-87f3-43670785e9df<-f079c5a0-ef00-4d60-9ad2-3d1de424dd8b#0:FAIL-t4. Peer's state: f079c5a0-ef00-4d60-9ad2-3d1de424dd8b@group-43DACBA294D5:t4, leader=null, voted=f079c5a0-ef00-4d60-9ad2-3d1de424dd8b, raftlog=f079c5a0-ef00-4d60-9ad2-3d1de424dd8b@group-43DACBA294D5-SegmentedRaftLog:OPENED:c-1, conf=-1: [ef998961-c73b-4226-87f3-43670785e9df|rpc:10.1.0.14:41193|dataStream:|priority:0, fa0dcf4e-df9f-4e34-8330-207691817642|rpc:10.1.0.14:46745|dataStream:|priority:0, f079c5a0-ef00-4d60-9ad2-3d1de424dd8b|rpc:10.1.0.14:37525|dataStream:|priority:1], old=null
2021-12-07 08:23:41,872 [ef998961-c73b-4226-87f3-43670785e9df@group-43DACBA294D5-LeaderElection18] INFO  impl.LeaderElection (LeaderElection.java:logAndReturn(89)) - ef998961-c73b-4226-87f3-43670785e9df@group-43DACBA294D5-LeaderElection18: ELECTION REJECTED received 2 response(s) and 0 exception(s):
2021-12-07 08:23:41,873 [ef998961-c73b-4226-87f3-43670785e9df@group-43DACBA294D5-LeaderElection18] INFO  impl.LeaderElection (LeaderElection.java:logAndReturn(93)) -   Response 0: ef998961-c73b-4226-87f3-43670785e9df<-fa0dcf4e-df9f-4e34-8330-207691817642#0:OK-t4
2021-12-07 08:23:41,873 [ef998961-c73b-4226-87f3-43670785e9df@group-43DACBA294D5-LeaderElection18] INFO  impl.LeaderElection (LeaderElection.java:logAndReturn(93)) -   Response 1: ef998961-c73b-4226-87f3-43670785e9df<-f079c5a0-ef00-4d60-9ad2-3d1de424dd8b#0:FAIL-t4
2021-12-07 08:23:41,873 [ef998961-c73b-4226-87f3-43670785e9df@group-43DACBA294D5-LeaderElection18] INFO  impl.LeaderElection (LeaderElection.java:askForVotes(308)) - ef998961-c73b-4226-87f3-43670785e9df@group-43DACBA294D5-LeaderElection18 ELECTION round 0: result REJECTED
2021-12-07 08:23:41,873 [ef998961-c73b-4226-87f3-43670785e9df@group-43DACBA294D5-LeaderElection18] INFO  server.RaftServer$Division (RaftServerImpl.java:setRole(290)) - ef998961-c73b-4226-87f3-43670785e9df@group-43DACBA294D5: changes role from CANDIDATE to FOLLOWER at term 4 for REJECTED
2021-12-07 08:23:41,873 [ef998961-c73b-4226-87f3-43670785e9df@group-43DACBA294D5-LeaderElection18] INFO  impl.RoleInfo (RoleInfo.java:shutdownLeaderElection(121)) - ef998961-c73b-4226-87f3-43670785e9df: shutdown ef998961-c73b-4226-87f3-43670785e9df@group-43DACBA294D5-LeaderElection18
2021-12-07 08:23:41,873 [ef998961-c73b-4226-87f3-43670785e9df@group-43DACBA294D5-LeaderElection18] INFO  impl.RoleInfo (RoleInfo.java:updateAndGet(130)) - ef998961-c73b-4226-87f3-43670785e9df: start ef998961-c73b-4226-87f3-43670785e9df@group-43DACBA294D5-FollowerState
2021-12-07 08:23:41,884 [grpc-default-executor-1] INFO  server.RaftServer$Division (RaftServerImpl.java:requestVote(1046)) - fa0dcf4e-df9f-4e34-8330-207691817642@group-43DACBA294D5: receive requestVote(ELECTION, f079c5a0-ef00-4d60-9ad2-3d1de424dd8b, group-43DACBA294D5, 4, (t:0, i:0))
2021-12-07 08:23:41,885 [grpc-default-executor-1] INFO  impl.VoteContext (VoteContext.java:log(48)) - fa0dcf4e-df9f-4e34-8330-207691817642@group-43DACBA294D5-FOLLOWER: reject ELECTION from f079c5a0-ef00-4d60-9ad2-3d1de424dd8b: already has voted for ef998961-c73b-4226-87f3-43670785e9df at current term 4
2021-12-07 08:23:41,885 [grpc-default-executor-1] INFO  server.RaftServer$Division (RaftServerImpl.java:requestVote(1078)) - fa0dcf4e-df9f-4e34-8330-207691817642@group-43DACBA294D5 replies to ELECTION vote request: f079c5a0-ef00-4d60-9ad2-3d1de424dd8b<-fa0dcf4e-df9f-4e34-8330-207691817642#0:FAIL-t4. Peer's state: fa0dcf4e-df9f-4e34-8330-207691817642@group-43DACBA294D5:t4, leader=null, voted=ef998961-c73b-4226-87f3-43670785e9df, raftlog=fa0dcf4e-df9f-4e34-8330-207691817642@group-43DACBA294D5-SegmentedRaftLog:OPENED:c-1, conf=-1: [ef998961-c73b-4226-87f3-43670785e9df|rpc:10.1.0.14:41193|priority:0, fa0dcf4e-df9f-4e34-8330-207691817642|rpc:10.1.0.14:46745|priority:0, f079c5a0-ef00-4d60-9ad2-3d1de424dd8b|rpc:10.1.0.14:37525|priority:1], old=null
2021-12-07 08:23:41,884 [grpc-default-executor-0] INFO  server.RaftServer$Division (RaftServerImpl.java:requestVote(1046)) - ef998961-c73b-4226-87f3-43670785e9df@group-43DACBA294D5: receive requestVote(ELECTION, f079c5a0-ef00-4d60-9ad2-3d1de424dd8b, group-43DACBA294D5, 4, (t:0, i:0))
2021-12-07 08:23:41,885 [grpc-default-executor-0] INFO  impl.VoteContext (VoteContext.java:log(48)) - ef998961-c73b-4226-87f3-43670785e9df@group-43DACBA294D5-FOLLOWER: reject ELECTION from f079c5a0-ef00-4d60-9ad2-3d1de424dd8b: already has voted for ef998961-c73b-4226-87f3-43670785e9df at current term 4
2021-12-07 08:23:41,885 [grpc-default-executor-0] INFO  server.RaftServer$Division (RaftServerImpl.java:requestVote(1078)) - ef998961-c73b-4226-87f3-43670785e9df@group-43DACBA294D5 replies to ELECTION vote request: f079c5a0-ef00-4d60-9ad2-3d1de424dd8b<-ef998961-c73b-4226-87f3-43670785e9df#0:FAIL-t4. Peer's state: ef998961-c73b-4226-87f3-43670785e9df@group-43DACBA294D5:t4, leader=null, voted=ef998961-c73b-4226-87f3-43670785e9df, raftlog=ef998961-c73b-4226-87f3-43670785e9df@group-43DACBA294D5-SegmentedRaftLog:OPENED:c-1, conf=-1: [ef998961-c73b-4226-87f3-43670785e9df|rpc:10.1.0.14:41193|dataStream:|priority:0, fa0dcf4e-df9f-4e34-8330-207691817642|rpc:10.1.0.14:46745|dataStream:|priority:0, f079c5a0-ef00-4d60-9ad2-3d1de424dd8b|rpc:10.1.0.14:37525|dataStream:|priority:1], old=null
2021-12-07 08:23:41,895 [f079c5a0-ef00-4d60-9ad2-3d1de424dd8b@group-43DACBA294D5-LeaderElection19] INFO  impl.LeaderElection (LeaderElection.java:logAndReturn(89)) - f079c5a0-ef00-4d60-9ad2-3d1de424dd8b@group-43DACBA294D5-LeaderElection19: ELECTION REJECTED received 2 response(s) and 0 exception(s):
2021-12-07 08:23:41,896 [f079c5a0-ef00-4d60-9ad2-3d1de424dd8b@group-43DACBA294D5-LeaderElection19] INFO  impl.LeaderElection (LeaderElection.java:logAndReturn(93)) -   Response 0: f079c5a0-ef00-4d60-9ad2-3d1de424dd8b<-ef998961-c73b-4226-87f3-43670785e9df#0:FAIL-t4
2021-12-07 08:23:41,896 [f079c5a0-ef00-4d60-9ad2-3d1de424dd8b@group-43DACBA294D5-LeaderElection19] INFO  impl.LeaderElection (LeaderElection.java:logAndReturn(93)) -   Response 1: f079c5a0-ef00-4d60-9ad2-3d1de424dd8b<-fa0dcf4e-df9f-4e34-8330-207691817642#0:FAIL-t4
2021-12-07 08:23:41,896 [f079c5a0-ef00-4d60-9ad2-3d1de424dd8b@group-43DACBA294D5-LeaderElection19] INFO  impl.LeaderElection (LeaderElection.java:askForVotes(308)) - f079c5a0-ef00-4d60-9ad2-3d1de424dd8b@group-43DACBA294D5-LeaderElection19 ELECTION round 0: result REJECTED
2021-12-07 08:23:41,896 [f079c5a0-ef00-4d60-9ad2-3d1de424dd8b@group-43DACBA294D5-LeaderElection19] INFO  server.RaftServer$Division (RaftServerImpl.java:setRole(290)) - f079c5a0-ef00-4d60-9ad2-3d1de424dd8b@group-43DACBA294D5: changes role from CANDIDATE to FOLLOWER at term 4 for REJECTED
2021-12-07 08:23:41,896 [f079c5a0-ef00-4d60-9ad2-3d1de424dd8b@group-43DACBA294D5-LeaderElection19] INFO  impl.RoleInfo (RoleInfo.java:shutdownLeaderElection(121)) - f079c5a0-ef00-4d60-9ad2-3d1de424dd8b: shutdown f079c5a0-ef00-4d60-9ad2-3d1de424dd8b@group-43DACBA294D5-LeaderElection19
2021-12-07 08:23:41,896 [f079c5a0-ef00-4d60-9ad2-3d1de424dd8b@group-43DACBA294D5-LeaderElection19] INFO  impl.RoleInfo (RoleInfo.java:updateAndGet(130)) - f079c5a0-ef00-4d60-9ad2-3d1de424dd8b: start f079c5a0-ef00-4d60-9ad2-3d1de424dd8b@group-43DACBA294D5-FollowerState
2021-12-07 08:23:42,167 [Listener at 127.0.0.1/40979] INFO  ozone.MiniOzoneClusterImpl (MiniOzoneClusterImpl.java:lambda$waitForClusterToBeReady$0(235)) - Nodes are ready. Got 3 of 3 DN Heartbeats.
2021-12-07 08:23:42,168 [Listener at 127.0.0.1/40979] INFO  ozone.MiniOzoneClusterImpl (MiniOzoneClusterImpl.java:lambda$waitForClusterToBeReady$0(238)) - Waiting for cluster to exit safe mode
2021-12-07 08:23:42,168 [Listener at 127.0.0.1/40979] INFO  ozone.MiniOzoneClusterImpl (MiniOzoneClusterImpl.java:lambda$waitForClusterToBeReady$0(240)) - SCM became leader
2021-12-07 08:23:43,168 [Listener at 127.0.0.1/40979] INFO  ozone.MiniOzoneClusterImpl (MiniOzoneClusterImpl.java:lambda$waitForClusterToBeReady$0(235)) - Nodes are ready. Got 3 of 3 DN Heartbeats.
2021-12-07 08:23:43,168 [Listener at 127.0.0.1/40979] INFO  ozone.MiniOzoneClusterImpl (MiniOzoneClusterImpl.java:lambda$waitForClusterToBeReady$0(238)) - Waiting for cluster to exit safe mode
2021-12-07 08:23:43,168 [Listener at 127.0.0.1/40979] INFO  ozone.MiniOzoneClusterImpl (MiniOzoneClusterImpl.java:lambda$waitForClusterToBeReady$0(240)) - SCM became leader
2021-12-07 08:23:44,168 [Listener at 127.0.0.1/40979] INFO  ozone.MiniOzoneClusterImpl (MiniOzoneClusterImpl.java:lambda$waitForClusterToBeReady$0(235)) - Nodes are ready. Got 3 of 3 DN Heartbeats.
2021-12-07 08:23:44,169 [Listener at 127.0.0.1/40979] INFO  ozone.MiniOzoneClusterImpl (MiniOzoneClusterImpl.java:lambda$waitForClusterToBeReady$0(238)) - Waiting for cluster to exit safe mode
2021-12-07 08:23:44,169 [Listener at 127.0.0.1/40979] INFO  ozone.MiniOzoneClusterImpl (MiniOzoneClusterImpl.java:lambda$waitForClusterToBeReady$0(240)) - SCM became leader
2021-12-07 08:23:45,169 [Listener at 127.0.0.1/40979] INFO  ozone.MiniOzoneClusterImpl (MiniOzoneClusterImpl.java:lambda$waitForClusterToBeReady$0(235)) - Nodes are ready. Got 3 of 3 DN Heartbeats.
2021-12-07 08:23:45,169 [Listener at 127.0.0.1/40979] INFO  ozone.MiniOzoneClusterImpl (MiniOzoneClusterImpl.java:lambda$waitForClusterToBeReady$0(238)) - Waiting for cluster to exit safe mode
2021-12-07 08:23:45,169 [Listener at 127.0.0.1/40979] INFO  ozone.MiniOzoneClusterImpl (MiniOzoneClusterImpl.java:lambda$waitForClusterToBeReady$0(240)) - SCM became leader
2021-12-07 08:23:46,169 [Listener at 127.0.0.1/40979] INFO  ozone.MiniOzoneClusterImpl (MiniOzoneClusterImpl.java:lambda$waitForClusterToBeReady$0(235)) - Nodes are ready. Got 3 of 3 DN Heartbeats.
2021-12-07 08:23:46,169 [Listener at 127.0.0.1/40979] INFO  ozone.MiniOzoneClusterImpl (MiniOzoneClusterImpl.java:lambda$waitForClusterToBeReady$0(238)) - Waiting for cluster to exit safe mode
2021-12-07 08:23:46,170 [Listener at 127.0.0.1/40979] INFO  ozone.MiniOzoneClusterImpl (MiniOzoneClusterImpl.java:lambda$waitForClusterToBeReady$0(240)) - SCM became leader
2021-12-07 08:23:46,914 [fa0dcf4e-df9f-4e34-8330-207691817642@group-43DACBA294D5-FollowerState] INFO  impl.FollowerState (FollowerState.java:run(134)) - fa0dcf4e-df9f-4e34-8330-207691817642@group-43DACBA294D5-FollowerState: change to CANDIDATE, lastRpcElapsedTime:5108040567ns, electionTimeout:5094ms
2021-12-07 08:23:46,914 [fa0dcf4e-df9f-4e34-8330-207691817642@group-43DACBA294D5-FollowerState] INFO  impl.RoleInfo (RoleInfo.java:shutdownFollowerState(108)) - fa0dcf4e-df9f-4e34-8330-207691817642: shutdown fa0dcf4e-df9f-4e34-8330-207691817642@group-43DACBA294D5-FollowerState
2021-12-07 08:23:46,915 [fa0dcf4e-df9f-4e34-8330-207691817642@group-43DACBA294D5-FollowerState] INFO  server.RaftServer$Division (RaftServerImpl.java:setRole(290)) - fa0dcf4e-df9f-4e34-8330-207691817642@group-43DACBA294D5: changes role from  FOLLOWER to CANDIDATE at term 4 for changeToCandidate
2021-12-07 08:23:46,915 [fa0dcf4e-df9f-4e34-8330-207691817642@group-43DACBA294D5-FollowerState] INFO  server.RaftServerConfigKeys (ConfUtils.java:logGet(44)) - raft.server.leaderelection.pre-vote = false (custom)
2021-12-07 08:23:46,915 [fa0dcf4e-df9f-4e34-8330-207691817642@group-43DACBA294D5-FollowerState] INFO  impl.RoleInfo (RoleInfo.java:updateAndGet(130)) - fa0dcf4e-df9f-4e34-8330-207691817642: start fa0dcf4e-df9f-4e34-8330-207691817642@group-43DACBA294D5-LeaderElection20
2021-12-07 08:23:46,946 [fa0dcf4e-df9f-4e34-8330-207691817642@group-43DACBA294D5-LeaderElection20] INFO  impl.LeaderElection (LeaderElection.java:askForVotes(306)) - fa0dcf4e-df9f-4e34-8330-207691817642@group-43DACBA294D5-LeaderElection20 ELECTION round 0: submit vote requests at term 5 for -1: [ef998961-c73b-4226-87f3-43670785e9df|rpc:10.1.0.14:41193|priority:0, fa0dcf4e-df9f-4e34-8330-207691817642|rpc:10.1.0.14:46745|priority:0, f079c5a0-ef00-4d60-9ad2-3d1de424dd8b|rpc:10.1.0.14:37525|priority:1], old=null
2021-12-07 08:23:46,984 [grpc-default-executor-0] INFO  server.RaftServer$Division (RaftServerImpl.java:requestVote(1046)) - ef998961-c73b-4226-87f3-43670785e9df@group-43DACBA294D5: receive requestVote(ELECTION, fa0dcf4e-df9f-4e34-8330-207691817642, group-43DACBA294D5, 5, (t:0, i:0))
2021-12-07 08:23:46,984 [grpc-default-executor-0] INFO  impl.VoteContext (VoteContext.java:log(48)) - ef998961-c73b-4226-87f3-43670785e9df@group-43DACBA294D5-FOLLOWER: accept ELECTION from fa0dcf4e-df9f-4e34-8330-207691817642: our priority 0 <= candidate's priority 0
2021-12-07 08:23:46,984 [grpc-default-executor-0] INFO  server.RaftServer$Division (RaftServerImpl.java:setRole(290)) - ef998961-c73b-4226-87f3-43670785e9df@group-43DACBA294D5: changes role from  FOLLOWER to FOLLOWER at term 5 for candidate:fa0dcf4e-df9f-4e34-8330-207691817642
2021-12-07 08:23:46,984 [grpc-default-executor-0] INFO  impl.RoleInfo (RoleInfo.java:shutdownFollowerState(108)) - ef998961-c73b-4226-87f3-43670785e9df: shutdown ef998961-c73b-4226-87f3-43670785e9df@group-43DACBA294D5-FollowerState
2021-12-07 08:23:46,984 [grpc-default-executor-0] INFO  impl.RoleInfo (RoleInfo.java:updateAndGet(130)) - ef998961-c73b-4226-87f3-43670785e9df: start ef998961-c73b-4226-87f3-43670785e9df@group-43DACBA294D5-FollowerState
2021-12-07 08:23:46,984 [ef998961-c73b-4226-87f3-43670785e9df@group-43DACBA294D5-FollowerState] INFO  impl.FollowerState (FollowerState.java:run(143)) - ef998961-c73b-4226-87f3-43670785e9df@group-43DACBA294D5-FollowerState was interrupted: {}
java.lang.InterruptedException: sleep interrupted
	at java.lang.Thread.sleep(Native Method)
	at java.lang.Thread.sleep(Thread.java:340)
	at java.util.concurrent.TimeUnit.sleep(TimeUnit.java:386)
	at org.apache.ratis.util.TimeDuration.sleep(TimeDuration.java:324)
	at org.apache.ratis.util.TimeDuration.sleep(TimeDuration.java:309)
	at org.apache.ratis.server.impl.FollowerState.run(FollowerState.java:118)
2021-12-07 08:23:46,994 [grpc-default-executor-1] INFO  server.RaftServer$Division (RaftServerImpl.java:requestVote(1046)) - f079c5a0-ef00-4d60-9ad2-3d1de424dd8b@group-43DACBA294D5: receive requestVote(ELECTION, fa0dcf4e-df9f-4e34-8330-207691817642, group-43DACBA294D5, 5, (t:0, i:0))
2021-12-07 08:23:46,994 [grpc-default-executor-1] INFO  impl.VoteContext (VoteContext.java:log(48)) - f079c5a0-ef00-4d60-9ad2-3d1de424dd8b@group-43DACBA294D5-FOLLOWER: reject ELECTION from fa0dcf4e-df9f-4e34-8330-207691817642: our priority 1 > candidate's priority 0
2021-12-07 08:23:46,994 [grpc-default-executor-1] INFO  server.RaftServer$Division (RaftServerImpl.java:setRole(290)) - f079c5a0-ef00-4d60-9ad2-3d1de424dd8b@group-43DACBA294D5: changes role from  FOLLOWER to FOLLOWER at term 5 for candidate:fa0dcf4e-df9f-4e34-8330-207691817642
2021-12-07 08:23:46,994 [grpc-default-executor-1] INFO  impl.RoleInfo (RoleInfo.java:shutdownFollowerState(108)) - f079c5a0-ef00-4d60-9ad2-3d1de424dd8b: shutdown f079c5a0-ef00-4d60-9ad2-3d1de424dd8b@group-43DACBA294D5-FollowerState
2021-12-07 08:23:46,994 [grpc-default-executor-1] INFO  impl.RoleInfo (RoleInfo.java:updateAndGet(130)) - f079c5a0-ef00-4d60-9ad2-3d1de424dd8b: start f079c5a0-ef00-4d60-9ad2-3d1de424dd8b@group-43DACBA294D5-FollowerState
2021-12-07 08:23:46,994 [f079c5a0-ef00-4d60-9ad2-3d1de424dd8b@group-43DACBA294D5-FollowerState] INFO  impl.FollowerState (FollowerState.java:run(143)) - f079c5a0-ef00-4d60-9ad2-3d1de424dd8b@group-43DACBA294D5-FollowerState was interrupted: {}
java.lang.InterruptedException: sleep interrupted
	at java.lang.Thread.sleep(Native Method)
	at java.lang.Thread.sleep(Thread.java:340)
	at java.util.concurrent.TimeUnit.sleep(TimeUnit.java:386)
	at org.apache.ratis.util.TimeDuration.sleep(TimeDuration.java:324)
	at org.apache.ratis.util.TimeDuration.sleep(TimeDuration.java:309)
	at org.apache.ratis.server.impl.FollowerState.run(FollowerState.java:118)
2021-12-07 08:23:46,995 [grpc-default-executor-0] INFO  server.RaftServer$Division (RaftServerImpl.java:requestVote(1078)) - ef998961-c73b-4226-87f3-43670785e9df@group-43DACBA294D5 replies to ELECTION vote request: fa0dcf4e-df9f-4e34-8330-207691817642<-ef998961-c73b-4226-87f3-43670785e9df#0:OK-t5. Peer's state: ef998961-c73b-4226-87f3-43670785e9df@group-43DACBA294D5:t5, leader=null, voted=fa0dcf4e-df9f-4e34-8330-207691817642, raftlog=ef998961-c73b-4226-87f3-43670785e9df@group-43DACBA294D5-SegmentedRaftLog:OPENED:c-1, conf=-1: [ef998961-c73b-4226-87f3-43670785e9df|rpc:10.1.0.14:41193|dataStream:|priority:0, fa0dcf4e-df9f-4e34-8330-207691817642|rpc:10.1.0.14:46745|dataStream:|priority:0, f079c5a0-ef00-4d60-9ad2-3d1de424dd8b|rpc:10.1.0.14:37525|dataStream:|priority:1], old=null
2021-12-07 08:23:46,999 [grpc-default-executor-1] INFO  server.RaftServer$Division (RaftServerImpl.java:requestVote(1078)) - f079c5a0-ef00-4d60-9ad2-3d1de424dd8b@group-43DACBA294D5 replies to ELECTION vote request: fa0dcf4e-df9f-4e34-8330-207691817642<-f079c5a0-ef00-4d60-9ad2-3d1de424dd8b#0:FAIL-t5. Peer's state: f079c5a0-ef00-4d60-9ad2-3d1de424dd8b@group-43DACBA294D5:t5, leader=null, voted=null, raftlog=f079c5a0-ef00-4d60-9ad2-3d1de424dd8b@group-43DACBA294D5-SegmentedRaftLog:OPENED:c-1, conf=-1: [ef998961-c73b-4226-87f3-43670785e9df|rpc:10.1.0.14:41193|dataStream:|priority:0, fa0dcf4e-df9f-4e34-8330-207691817642|rpc:10.1.0.14:46745|dataStream:|priority:0, f079c5a0-ef00-4d60-9ad2-3d1de424dd8b|rpc:10.1.0.14:37525|dataStream:|priority:1], old=null
2021-12-07 08:23:47,012 [fa0dcf4e-df9f-4e34-8330-207691817642@group-43DACBA294D5-LeaderElection20] INFO  impl.LeaderElection (LeaderElection.java:logAndReturn(89)) - fa0dcf4e-df9f-4e34-8330-207691817642@group-43DACBA294D5-LeaderElection20: ELECTION REJECTED received 2 response(s) and 0 exception(s):
2021-12-07 08:23:47,018 [fa0dcf4e-df9f-4e34-8330-207691817642@group-43DACBA294D5-LeaderElection20] INFO  impl.LeaderElection (LeaderElection.java:logAndReturn(93)) -   Response 0: fa0dcf4e-df9f-4e34-8330-207691817642<-ef998961-c73b-4226-87f3-43670785e9df#0:OK-t5
2021-12-07 08:23:47,018 [fa0dcf4e-df9f-4e34-8330-207691817642@group-43DACBA294D5-LeaderElection20] INFO  impl.LeaderElection (LeaderElection.java:logAndReturn(93)) -   Response 1: fa0dcf4e-df9f-4e34-8330-207691817642<-f079c5a0-ef00-4d60-9ad2-3d1de424dd8b#0:FAIL-t5
2021-12-07 08:23:47,018 [fa0dcf4e-df9f-4e34-8330-207691817642@group-43DACBA294D5-LeaderElection20] INFO  impl.LeaderElection (LeaderElection.java:askForVotes(308)) - fa0dcf4e-df9f-4e34-8330-207691817642@group-43DACBA294D5-LeaderElection20 ELECTION round 0: result REJECTED
2021-12-07 08:23:47,019 [fa0dcf4e-df9f-4e34-8330-207691817642@group-43DACBA294D5-LeaderElection20] INFO  server.RaftServer$Division (RaftServerImpl.java:setRole(290)) - fa0dcf4e-df9f-4e34-8330-207691817642@group-43DACBA294D5: changes role from CANDIDATE to FOLLOWER at term 5 for REJECTED
2021-12-07 08:23:47,019 [fa0dcf4e-df9f-4e34-8330-207691817642@group-43DACBA294D5-LeaderElection20] INFO  impl.RoleInfo (RoleInfo.java:shutdownLeaderElection(121)) - fa0dcf4e-df9f-4e34-8330-207691817642: shutdown fa0dcf4e-df9f-4e34-8330-207691817642@group-43DACBA294D5-LeaderElection20
2021-12-07 08:23:47,019 [fa0dcf4e-df9f-4e34-8330-207691817642@group-43DACBA294D5-LeaderElection20] INFO  impl.RoleInfo (RoleInfo.java:updateAndGet(130)) - fa0dcf4e-df9f-4e34-8330-207691817642: start fa0dcf4e-df9f-4e34-8330-207691817642@group-43DACBA294D5-FollowerState
2021-12-07 08:23:47,170 [Listener at 127.0.0.1/40979] INFO  ozone.MiniOzoneClusterImpl (MiniOzoneClusterImpl.java:lambda$waitForClusterToBeReady$0(235)) - Nodes are ready. Got 3 of 3 DN Heartbeats.
2021-12-07 08:23:47,171 [Listener at 127.0.0.1/40979] INFO  ozone.MiniOzoneClusterImpl (MiniOzoneClusterImpl.java:lambda$waitForClusterToBeReady$0(238)) - Waiting for cluster to exit safe mode
2021-12-07 08:23:47,171 [Listener at 127.0.0.1/40979] INFO  ozone.MiniOzoneClusterImpl (MiniOzoneClusterImpl.java:lambda$waitForClusterToBeReady$0(240)) - SCM became leader
2021-12-07 08:23:48,172 [Listener at 127.0.0.1/40979] INFO  ozone.MiniOzoneClusterImpl (MiniOzoneClusterImpl.java:lambda$waitForClusterToBeReady$0(235)) - Nodes are ready. Got 3 of 3 DN Heartbeats.
2021-12-07 08:23:48,172 [Listener at 127.0.0.1/40979] INFO  ozone.MiniOzoneClusterImpl (MiniOzoneClusterImpl.java:lambda$waitForClusterToBeReady$0(238)) - Waiting for cluster to exit safe mode
2021-12-07 08:23:48,172 [Listener at 127.0.0.1/40979] INFO  ozone.MiniOzoneClusterImpl (MiniOzoneClusterImpl.java:lambda$waitForClusterToBeReady$0(240)) - SCM became leader
2021-12-07 08:23:49,173 [Listener at 127.0.0.1/40979] INFO  ozone.MiniOzoneClusterImpl (MiniOzoneClusterImpl.java:lambda$waitForClusterToBeReady$0(235)) - Nodes are ready. Got 3 of 3 DN Heartbeats.
2021-12-07 08:23:49,173 [Listener at 127.0.0.1/40979] INFO  ozone.MiniOzoneClusterImpl (MiniOzoneClusterImpl.java:lambda$waitForClusterToBeReady$0(238)) - Waiting for cluster to exit safe mode
2021-12-07 08:23:49,173 [Listener at 127.0.0.1/40979] INFO  ozone.MiniOzoneClusterImpl (MiniOzoneClusterImpl.java:lambda$waitForClusterToBeReady$0(240)) - SCM became leader
2021-12-07 08:23:50,173 [Listener at 127.0.0.1/40979] INFO  ozone.MiniOzoneClusterImpl (MiniOzoneClusterImpl.java:lambda$waitForClusterToBeReady$0(235)) - Nodes are ready. Got 3 of 3 DN Heartbeats.
2021-12-07 08:23:50,173 [Listener at 127.0.0.1/40979] INFO  ozone.MiniOzoneClusterImpl (MiniOzoneClusterImpl.java:lambda$waitForClusterToBeReady$0(238)) - Waiting for cluster to exit safe mode
2021-12-07 08:23:50,173 [Listener at 127.0.0.1/40979] INFO  ozone.MiniOzoneClusterImpl (MiniOzoneClusterImpl.java:lambda$waitForClusterToBeReady$0(240)) - SCM became leader
2021-12-07 08:23:51,173 [Listener at 127.0.0.1/40979] INFO  ozone.MiniOzoneClusterImpl (MiniOzoneClusterImpl.java:lambda$waitForClusterToBeReady$0(235)) - Nodes are ready. Got 3 of 3 DN Heartbeats.
2021-12-07 08:23:51,174 [Listener at 127.0.0.1/40979] INFO  ozone.MiniOzoneClusterImpl (MiniOzoneClusterImpl.java:lambda$waitForClusterToBeReady$0(238)) - Waiting for cluster to exit safe mode
2021-12-07 08:23:51,174 [Listener at 127.0.0.1/40979] INFO  ozone.MiniOzoneClusterImpl (MiniOzoneClusterImpl.java:lambda$waitForClusterToBeReady$0(240)) - SCM became leader
2021-12-07 08:23:52,129 [f079c5a0-ef00-4d60-9ad2-3d1de424dd8b@group-43DACBA294D5-FollowerState] INFO  impl.FollowerState (FollowerState.java:run(134)) - f079c5a0-ef00-4d60-9ad2-3d1de424dd8b@group-43DACBA294D5-FollowerState: change to CANDIDATE, lastRpcElapsedTime:5134705214ns, electionTimeout:5131ms
2021-12-07 08:23:52,129 [f079c5a0-ef00-4d60-9ad2-3d1de424dd8b@group-43DACBA294D5-FollowerState] INFO  impl.RoleInfo (RoleInfo.java:shutdownFollowerState(108)) - f079c5a0-ef00-4d60-9ad2-3d1de424dd8b: shutdown f079c5a0-ef00-4d60-9ad2-3d1de424dd8b@group-43DACBA294D5-FollowerState
2021-12-07 08:23:52,129 [f079c5a0-ef00-4d60-9ad2-3d1de424dd8b@group-43DACBA294D5-FollowerState] INFO  server.RaftServer$Division (RaftServerImpl.java:setRole(290)) - f079c5a0-ef00-4d60-9ad2-3d1de424dd8b@group-43DACBA294D5: changes role from  FOLLOWER to CANDIDATE at term 5 for changeToCandidate
2021-12-07 08:23:52,129 [f079c5a0-ef00-4d60-9ad2-3d1de424dd8b@group-43DACBA294D5-FollowerState] INFO  server.RaftServerConfigKeys (ConfUtils.java:logGet(44)) - raft.server.leaderelection.pre-vote = false (custom)
2021-12-07 08:23:52,129 [f079c5a0-ef00-4d60-9ad2-3d1de424dd8b@group-43DACBA294D5-FollowerState] INFO  impl.RoleInfo (RoleInfo.java:updateAndGet(130)) - f079c5a0-ef00-4d60-9ad2-3d1de424dd8b: start f079c5a0-ef00-4d60-9ad2-3d1de424dd8b@group-43DACBA294D5-LeaderElection21
2021-12-07 08:23:52,147 [ef998961-c73b-4226-87f3-43670785e9df@group-43DACBA294D5-FollowerState] INFO  impl.FollowerState (FollowerState.java:run(134)) - ef998961-c73b-4226-87f3-43670785e9df@group-43DACBA294D5-FollowerState: change to CANDIDATE, lastRpcElapsedTime:5151926929ns, electionTimeout:5128ms
2021-12-07 08:23:52,147 [ef998961-c73b-4226-87f3-43670785e9df@group-43DACBA294D5-FollowerState] INFO  impl.RoleInfo (RoleInfo.java:shutdownFollowerState(108)) - ef998961-c73b-4226-87f3-43670785e9df: shutdown ef998961-c73b-4226-87f3-43670785e9df@group-43DACBA294D5-FollowerState
2021-12-07 08:23:52,147 [ef998961-c73b-4226-87f3-43670785e9df@group-43DACBA294D5-FollowerState] INFO  server.RaftServer$Division (RaftServerImpl.java:setRole(290)) - ef998961-c73b-4226-87f3-43670785e9df@group-43DACBA294D5: changes role from  FOLLOWER to CANDIDATE at term 5 for changeToCandidate
2021-12-07 08:23:52,147 [ef998961-c73b-4226-87f3-43670785e9df@group-43DACBA294D5-FollowerState] INFO  server.RaftServerConfigKeys (ConfUtils.java:logGet(44)) - raft.server.leaderelection.pre-vote = false (custom)
2021-12-07 08:23:52,147 [ef998961-c73b-4226-87f3-43670785e9df@group-43DACBA294D5-FollowerState] INFO  impl.RoleInfo (RoleInfo.java:updateAndGet(130)) - ef998961-c73b-4226-87f3-43670785e9df: start ef998961-c73b-4226-87f3-43670785e9df@group-43DACBA294D5-LeaderElection22
2021-12-07 08:23:52,159 [f079c5a0-ef00-4d60-9ad2-3d1de424dd8b@group-43DACBA294D5-LeaderElection21] INFO  impl.LeaderElection (LeaderElection.java:askForVotes(306)) - f079c5a0-ef00-4d60-9ad2-3d1de424dd8b@group-43DACBA294D5-LeaderElection21 ELECTION round 0: submit vote requests at term 6 for -1: [ef998961-c73b-4226-87f3-43670785e9df|rpc:10.1.0.14:41193|dataStream:|priority:0, fa0dcf4e-df9f-4e34-8330-207691817642|rpc:10.1.0.14:46745|dataStream:|priority:0, f079c5a0-ef00-4d60-9ad2-3d1de424dd8b|rpc:10.1.0.14:37525|dataStream:|priority:1], old=null
2021-12-07 08:23:52,161 [ef998961-c73b-4226-87f3-43670785e9df@group-43DACBA294D5-LeaderElection22] INFO  impl.LeaderElection (LeaderElection.java:askForVotes(306)) - ef998961-c73b-4226-87f3-43670785e9df@group-43DACBA294D5-LeaderElection22 ELECTION round 0: submit vote requests at term 6 for -1: [ef998961-c73b-4226-87f3-43670785e9df|rpc:10.1.0.14:41193|dataStream:|priority:0, fa0dcf4e-df9f-4e34-8330-207691817642|rpc:10.1.0.14:46745|dataStream:|priority:0, f079c5a0-ef00-4d60-9ad2-3d1de424dd8b|rpc:10.1.0.14:37525|dataStream:|priority:1], old=null
2021-12-07 08:23:52,174 [Listener at 127.0.0.1/40979] INFO  ozone.MiniOzoneClusterImpl (MiniOzoneClusterImpl.java:lambda$waitForClusterToBeReady$0(235)) - Nodes are ready. Got 3 of 3 DN Heartbeats.
2021-12-07 08:23:52,192 [Listener at 127.0.0.1/40979] INFO  ozone.MiniOzoneClusterImpl (MiniOzoneClusterImpl.java:lambda$waitForClusterToBeReady$0(238)) - Waiting for cluster to exit safe mode
2021-12-07 08:23:52,192 [Listener at 127.0.0.1/40979] INFO  ozone.MiniOzoneClusterImpl (MiniOzoneClusterImpl.java:lambda$waitForClusterToBeReady$0(240)) - SCM became leader
2021-12-07 08:23:52,193 [grpc-default-executor-0] INFO  server.RaftServer$Division (RaftServerImpl.java:requestVote(1046)) - fa0dcf4e-df9f-4e34-8330-207691817642@group-43DACBA294D5: receive requestVote(ELECTION, ef998961-c73b-4226-87f3-43670785e9df, group-43DACBA294D5, 6, (t:0, i:0))
2021-12-07 08:23:52,193 [grpc-default-executor-0] INFO  impl.VoteContext (VoteContext.java:log(48)) - fa0dcf4e-df9f-4e34-8330-207691817642@group-43DACBA294D5-FOLLOWER: accept ELECTION from ef998961-c73b-4226-87f3-43670785e9df: our priority 0 <= candidate's priority 0
2021-12-07 08:23:52,193 [grpc-default-executor-0] INFO  server.RaftServer$Division (RaftServerImpl.java:setRole(290)) - fa0dcf4e-df9f-4e34-8330-207691817642@group-43DACBA294D5: changes role from  FOLLOWER to FOLLOWER at term 6 for candidate:ef998961-c73b-4226-87f3-43670785e9df
2021-12-07 08:23:52,193 [grpc-default-executor-0] INFO  impl.RoleInfo (RoleInfo.java:shutdownFollowerState(108)) - fa0dcf4e-df9f-4e34-8330-207691817642: shutdown fa0dcf4e-df9f-4e34-8330-207691817642@group-43DACBA294D5-FollowerState
2021-12-07 08:23:52,194 [grpc-default-executor-0] INFO  impl.RoleInfo (RoleInfo.java:updateAndGet(130)) - fa0dcf4e-df9f-4e34-8330-207691817642: start fa0dcf4e-df9f-4e34-8330-207691817642@group-43DACBA294D5-FollowerState
2021-12-07 08:23:52,192 [grpc-default-executor-1] INFO  server.RaftServer$Division (RaftServerImpl.java:requestVote(1046)) - ef998961-c73b-4226-87f3-43670785e9df@group-43DACBA294D5: receive requestVote(ELECTION, f079c5a0-ef00-4d60-9ad2-3d1de424dd8b, group-43DACBA294D5, 6, (t:0, i:0))
2021-12-07 08:23:52,194 [fa0dcf4e-df9f-4e34-8330-207691817642@group-43DACBA294D5-FollowerState] INFO  impl.FollowerState (FollowerState.java:run(143)) - fa0dcf4e-df9f-4e34-8330-207691817642@group-43DACBA294D5-FollowerState was interrupted: {}
java.lang.InterruptedException: sleep interrupted
	at java.lang.Thread.sleep(Native Method)
	at java.lang.Thread.sleep(Thread.java:340)
	at java.util.concurrent.TimeUnit.sleep(TimeUnit.java:386)
	at org.apache.ratis.util.TimeDuration.sleep(TimeDuration.java:324)
	at org.apache.ratis.util.TimeDuration.sleep(TimeDuration.java:309)
	at org.apache.ratis.server.impl.FollowerState.run(FollowerState.java:118)
2021-12-07 08:23:52,195 [grpc-default-executor-1] INFO  impl.VoteContext (VoteContext.java:log(48)) - ef998961-c73b-4226-87f3-43670785e9df@group-43DACBA294D5-CANDIDATE: reject ELECTION from f079c5a0-ef00-4d60-9ad2-3d1de424dd8b: already has voted for ef998961-c73b-4226-87f3-43670785e9df at current term 6
2021-12-07 08:23:52,197 [grpc-default-executor-1] INFO  server.RaftServer$Division (RaftServerImpl.java:requestVote(1078)) - ef998961-c73b-4226-87f3-43670785e9df@group-43DACBA294D5 replies to ELECTION vote request: f079c5a0-ef00-4d60-9ad2-3d1de424dd8b<-ef998961-c73b-4226-87f3-43670785e9df#0:FAIL-t6. Peer's state: ef998961-c73b-4226-87f3-43670785e9df@group-43DACBA294D5:t6, leader=null, voted=ef998961-c73b-4226-87f3-43670785e9df, raftlog=ef998961-c73b-4226-87f3-43670785e9df@group-43DACBA294D5-SegmentedRaftLog:OPENED:c-1, conf=-1: [ef998961-c73b-4226-87f3-43670785e9df|rpc:10.1.0.14:41193|dataStream:|priority:0, fa0dcf4e-df9f-4e34-8330-207691817642|rpc:10.1.0.14:46745|dataStream:|priority:0, f079c5a0-ef00-4d60-9ad2-3d1de424dd8b|rpc:10.1.0.14:37525|dataStream:|priority:1], old=null
2021-12-07 08:23:52,214 [grpc-default-executor-1] INFO  server.RaftServer$Division (RaftServerImpl.java:requestVote(1046)) - fa0dcf4e-df9f-4e34-8330-207691817642@group-43DACBA294D5: receive requestVote(ELECTION, f079c5a0-ef00-4d60-9ad2-3d1de424dd8b, group-43DACBA294D5, 6, (t:0, i:0))
2021-12-07 08:23:52,214 [grpc-default-executor-0] INFO  server.RaftServer$Division (RaftServerImpl.java:requestVote(1078)) - fa0dcf4e-df9f-4e34-8330-207691817642@group-43DACBA294D5 replies to ELECTION vote request: ef998961-c73b-4226-87f3-43670785e9df<-fa0dcf4e-df9f-4e34-8330-207691817642#0:OK-t6. Peer's state: fa0dcf4e-df9f-4e34-8330-207691817642@group-43DACBA294D5:t6, leader=null, voted=ef998961-c73b-4226-87f3-43670785e9df, raftlog=fa0dcf4e-df9f-4e34-8330-207691817642@group-43DACBA294D5-SegmentedRaftLog:OPENED:c-1, conf=-1: [ef998961-c73b-4226-87f3-43670785e9df|rpc:10.1.0.14:41193|priority:0, fa0dcf4e-df9f-4e34-8330-207691817642|rpc:10.1.0.14:46745|priority:0, f079c5a0-ef00-4d60-9ad2-3d1de424dd8b|rpc:10.1.0.14:37525|priority:1], old=null
2021-12-07 08:23:52,218 [grpc-default-executor-1] INFO  impl.VoteContext (VoteContext.java:log(48)) - fa0dcf4e-df9f-4e34-8330-207691817642@group-43DACBA294D5-FOLLOWER: reject ELECTION from f079c5a0-ef00-4d60-9ad2-3d1de424dd8b: already has voted for ef998961-c73b-4226-87f3-43670785e9df at current term 6
2021-12-07 08:23:52,218 [grpc-default-executor-1] INFO  server.RaftServer$Division (RaftServerImpl.java:requestVote(1078)) - fa0dcf4e-df9f-4e34-8330-207691817642@group-43DACBA294D5 replies to ELECTION vote request: f079c5a0-ef00-4d60-9ad2-3d1de424dd8b<-fa0dcf4e-df9f-4e34-8330-207691817642#0:FAIL-t6. Peer's state: fa0dcf4e-df9f-4e34-8330-207691817642@group-43DACBA294D5:t6, leader=null, voted=ef998961-c73b-4226-87f3-43670785e9df, raftlog=fa0dcf4e-df9f-4e34-8330-207691817642@group-43DACBA294D5-SegmentedRaftLog:OPENED:c-1, conf=-1: [ef998961-c73b-4226-87f3-43670785e9df|rpc:10.1.0.14:41193|priority:0, fa0dcf4e-df9f-4e34-8330-207691817642|rpc:10.1.0.14:46745|priority:0, f079c5a0-ef00-4d60-9ad2-3d1de424dd8b|rpc:10.1.0.14:37525|priority:1], old=null
2021-12-07 08:23:52,220 [grpc-default-executor-2] INFO  server.RaftServer$Division (RaftServerImpl.java:requestVote(1046)) - f079c5a0-ef00-4d60-9ad2-3d1de424dd8b@group-43DACBA294D5: receive requestVote(ELECTION, ef998961-c73b-4226-87f3-43670785e9df, group-43DACBA294D5, 6, (t:0, i:0))
2021-12-07 08:23:52,231 [grpc-default-executor-2] INFO  impl.VoteContext (VoteContext.java:log(48)) - f079c5a0-ef00-4d60-9ad2-3d1de424dd8b@group-43DACBA294D5-CANDIDATE: reject ELECTION from ef998961-c73b-4226-87f3-43670785e9df: already has voted for f079c5a0-ef00-4d60-9ad2-3d1de424dd8b at current term 6
2021-12-07 08:23:52,222 [f079c5a0-ef00-4d60-9ad2-3d1de424dd8b@group-43DACBA294D5-LeaderElection21] INFO  impl.LeaderElection (LeaderElection.java:logAndReturn(89)) - f079c5a0-ef00-4d60-9ad2-3d1de424dd8b@group-43DACBA294D5-LeaderElection21: ELECTION REJECTED received 2 response(s) and 0 exception(s):
2021-12-07 08:23:52,232 [f079c5a0-ef00-4d60-9ad2-3d1de424dd8b@group-43DACBA294D5-LeaderElection21] INFO  impl.LeaderElection (LeaderElection.java:logAndReturn(93)) -   Response 0: f079c5a0-ef00-4d60-9ad2-3d1de424dd8b<-ef998961-c73b-4226-87f3-43670785e9df#0:FAIL-t6
2021-12-07 08:23:52,232 [f079c5a0-ef00-4d60-9ad2-3d1de424dd8b@group-43DACBA294D5-LeaderElection21] INFO  impl.LeaderElection (LeaderElection.java:logAndReturn(93)) -   Response 1: f079c5a0-ef00-4d60-9ad2-3d1de424dd8b<-fa0dcf4e-df9f-4e34-8330-207691817642#0:FAIL-t6
2021-12-07 08:23:52,232 [f079c5a0-ef00-4d60-9ad2-3d1de424dd8b@group-43DACBA294D5-LeaderElection21] INFO  impl.LeaderElection (LeaderElection.java:askForVotes(308)) - f079c5a0-ef00-4d60-9ad2-3d1de424dd8b@group-43DACBA294D5-LeaderElection21 ELECTION round 0: result REJECTED
2021-12-07 08:23:52,231 [grpc-default-executor-2] INFO  server.RaftServer$Division (RaftServerImpl.java:requestVote(1078)) - f079c5a0-ef00-4d60-9ad2-3d1de424dd8b@group-43DACBA294D5 replies to ELECTION vote request: ef998961-c73b-4226-87f3-43670785e9df<-f079c5a0-ef00-4d60-9ad2-3d1de424dd8b#0:FAIL-t6. Peer's state: f079c5a0-ef00-4d60-9ad2-3d1de424dd8b@group-43DACBA294D5:t6, leader=null, voted=f079c5a0-ef00-4d60-9ad2-3d1de424dd8b, raftlog=f079c5a0-ef00-4d60-9ad2-3d1de424dd8b@group-43DACBA294D5-SegmentedRaftLog:OPENED:c-1, conf=-1: [ef998961-c73b-4226-87f3-43670785e9df|rpc:10.1.0.14:41193|dataStream:|priority:0, fa0dcf4e-df9f-4e34-8330-207691817642|rpc:10.1.0.14:46745|dataStream:|priority:0, f079c5a0-ef00-4d60-9ad2-3d1de424dd8b|rpc:10.1.0.14:37525|dataStream:|priority:1], old=null
2021-12-07 08:23:52,232 [f079c5a0-ef00-4d60-9ad2-3d1de424dd8b@group-43DACBA294D5-LeaderElection21] INFO  server.RaftServer$Division (RaftServerImpl.java:setRole(290)) - f079c5a0-ef00-4d60-9ad2-3d1de424dd8b@group-43DACBA294D5: changes role from CANDIDATE to FOLLOWER at term 6 for REJECTED
2021-12-07 08:23:52,232 [f079c5a0-ef00-4d60-9ad2-3d1de424dd8b@group-43DACBA294D5-LeaderElection21] INFO  impl.RoleInfo (RoleInfo.java:shutdownLeaderElection(121)) - f079c5a0-ef00-4d60-9ad2-3d1de424dd8b: shutdown f079c5a0-ef00-4d60-9ad2-3d1de424dd8b@group-43DACBA294D5-LeaderElection21
2021-12-07 08:23:52,232 [f079c5a0-ef00-4d60-9ad2-3d1de424dd8b@group-43DACBA294D5-LeaderElection21] INFO  impl.RoleInfo (RoleInfo.java:updateAndGet(130)) - f079c5a0-ef00-4d60-9ad2-3d1de424dd8b: start f079c5a0-ef00-4d60-9ad2-3d1de424dd8b@group-43DACBA294D5-FollowerState
2021-12-07 08:23:52,245 [ef998961-c73b-4226-87f3-43670785e9df@group-43DACBA294D5-LeaderElection22] INFO  impl.LeaderElection (LeaderElection.java:logAndReturn(89)) - ef998961-c73b-4226-87f3-43670785e9df@group-43DACBA294D5-LeaderElection22: ELECTION REJECTED received 2 response(s) and 0 exception(s):
2021-12-07 08:23:52,246 [ef998961-c73b-4226-87f3-43670785e9df@group-43DACBA294D5-LeaderElection22] INFO  impl.LeaderElection (LeaderElection.java:logAndReturn(93)) -   Response 0: ef998961-c73b-4226-87f3-43670785e9df<-fa0dcf4e-df9f-4e34-8330-207691817642#0:OK-t6
2021-12-07 08:23:52,246 [ef998961-c73b-4226-87f3-43670785e9df@group-43DACBA294D5-LeaderElection22] INFO  impl.LeaderElection (LeaderElection.java:logAndReturn(93)) -   Response 1: ef998961-c73b-4226-87f3-43670785e9df<-f079c5a0-ef00-4d60-9ad2-3d1de424dd8b#0:FAIL-t6
2021-12-07 08:23:52,246 [ef998961-c73b-4226-87f3-43670785e9df@group-43DACBA294D5-LeaderElection22] INFO  impl.LeaderElection (LeaderElection.java:askForVotes(308)) - ef998961-c73b-4226-87f3-43670785e9df@group-43DACBA294D5-LeaderElection22 ELECTION round 0: result REJECTED
2021-12-07 08:23:52,246 [ef998961-c73b-4226-87f3-43670785e9df@group-43DACBA294D5-LeaderElection22] INFO  server.RaftServer$Division (RaftServerImpl.java:setRole(290)) - ef998961-c73b-4226-87f3-43670785e9df@group-43DACBA294D5: changes role from CANDIDATE to FOLLOWER at term 6 for REJECTED
2021-12-07 08:23:52,246 [ef998961-c73b-4226-87f3-43670785e9df@group-43DACBA294D5-LeaderElection22] INFO  impl.RoleInfo (RoleInfo.java:shutdownLeaderElection(121)) - ef998961-c73b-4226-87f3-43670785e9df: shutdown ef998961-c73b-4226-87f3-43670785e9df@group-43DACBA294D5-LeaderElection22
2021-12-07 08:23:52,246 [ef998961-c73b-4226-87f3-43670785e9df@group-43DACBA294D5-LeaderElection22] INFO  impl.RoleInfo (RoleInfo.java:updateAndGet(130)) - ef998961-c73b-4226-87f3-43670785e9df: start ef998961-c73b-4226-87f3-43670785e9df@group-43DACBA294D5-FollowerState
2021-12-07 08:23:53,193 [Listener at 127.0.0.1/40979] INFO  ozone.MiniOzoneClusterImpl (MiniOzoneClusterImpl.java:lambda$waitForClusterToBeReady$0(235)) - Nodes are ready. Got 3 of 3 DN Heartbeats.
2021-12-07 08:23:53,193 [Listener at 127.0.0.1/40979] INFO  ozone.MiniOzoneClusterImpl (MiniOzoneClusterImpl.java:lambda$waitForClusterToBeReady$0(238)) - Waiting for cluster to exit safe mode
2021-12-07 08:23:53,193 [Listener at 127.0.0.1/40979] INFO  ozone.MiniOzoneClusterImpl (MiniOzoneClusterImpl.java:lambda$waitForClusterToBeReady$0(240)) - SCM became leader
2021-12-07 08:23:54,193 [Listener at 127.0.0.1/40979] INFO  ozone.MiniOzoneClusterImpl (MiniOzoneClusterImpl.java:lambda$waitForClusterToBeReady$0(235)) - Nodes are ready. Got 3 of 3 DN Heartbeats.
2021-12-07 08:23:54,193 [Listener at 127.0.0.1/40979] INFO  ozone.MiniOzoneClusterImpl (MiniOzoneClusterImpl.java:lambda$waitForClusterToBeReady$0(238)) - Waiting for cluster to exit safe mode
2021-12-07 08:23:54,193 [Listener at 127.0.0.1/40979] INFO  ozone.MiniOzoneClusterImpl (MiniOzoneClusterImpl.java:lambda$waitForClusterToBeReady$0(240)) - SCM became leader
2021-12-07 08:23:55,194 [Listener at 127.0.0.1/40979] INFO  ozone.MiniOzoneClusterImpl (MiniOzoneClusterImpl.java:lambda$waitForClusterToBeReady$0(235)) - Nodes are ready. Got 3 of 3 DN Heartbeats.
2021-12-07 08:23:55,194 [Listener at 127.0.0.1/40979] INFO  ozone.MiniOzoneClusterImpl (MiniOzoneClusterImpl.java:lambda$waitForClusterToBeReady$0(238)) - Waiting for cluster to exit safe mode
2021-12-07 08:23:55,194 [Listener at 127.0.0.1/40979] INFO  ozone.MiniOzoneClusterImpl (MiniOzoneClusterImpl.java:lambda$waitForClusterToBeReady$0(240)) - SCM became leader
2021-12-07 08:23:56,194 [Listener at 127.0.0.1/40979] INFO  ozone.MiniOzoneClusterImpl (MiniOzoneClusterImpl.java:lambda$waitForClusterToBeReady$0(235)) - Nodes are ready. Got 3 of 3 DN Heartbeats.
2021-12-07 08:23:56,194 [Listener at 127.0.0.1/40979] INFO  ozone.MiniOzoneClusterImpl (MiniOzoneClusterImpl.java:lambda$waitForClusterToBeReady$0(238)) - Waiting for cluster to exit safe mode
2021-12-07 08:23:56,194 [Listener at 127.0.0.1/40979] INFO  ozone.MiniOzoneClusterImpl (MiniOzoneClusterImpl.java:lambda$waitForClusterToBeReady$0(240)) - SCM became leader
2021-12-07 08:23:57,195 [Listener at 127.0.0.1/40979] INFO  ozone.MiniOzoneClusterImpl (MiniOzoneClusterImpl.java:lambda$waitForClusterToBeReady$0(235)) - Nodes are ready. Got 3 of 3 DN Heartbeats.
2021-12-07 08:23:57,195 [Listener at 127.0.0.1/40979] INFO  ozone.MiniOzoneClusterImpl (MiniOzoneClusterImpl.java:lambda$waitForClusterToBeReady$0(238)) - Waiting for cluster to exit safe mode
2021-12-07 08:23:57,195 [Listener at 127.0.0.1/40979] INFO  ozone.MiniOzoneClusterImpl (MiniOzoneClusterImpl.java:lambda$waitForClusterToBeReady$0(240)) - SCM became leader
2021-12-07 08:23:57,256 [fa0dcf4e-df9f-4e34-8330-207691817642@group-43DACBA294D5-FollowerState] INFO  impl.FollowerState (FollowerState.java:run(134)) - fa0dcf4e-df9f-4e34-8330-207691817642@group-43DACBA294D5-FollowerState: change to CANDIDATE, lastRpcElapsedTime:5041236585ns, electionTimeout:5041ms
2021-12-07 08:23:57,256 [fa0dcf4e-df9f-4e34-8330-207691817642@group-43DACBA294D5-FollowerState] INFO  impl.RoleInfo (RoleInfo.java:shutdownFollowerState(108)) - fa0dcf4e-df9f-4e34-8330-207691817642: shutdown fa0dcf4e-df9f-4e34-8330-207691817642@group-43DACBA294D5-FollowerState
2021-12-07 08:23:57,256 [fa0dcf4e-df9f-4e34-8330-207691817642@group-43DACBA294D5-FollowerState] INFO  server.RaftServer$Division (RaftServerImpl.java:setRole(290)) - fa0dcf4e-df9f-4e34-8330-207691817642@group-43DACBA294D5: changes role from  FOLLOWER to CANDIDATE at term 6 for changeToCandidate
2021-12-07 08:23:57,256 [fa0dcf4e-df9f-4e34-8330-207691817642@group-43DACBA294D5-FollowerState] INFO  server.RaftServerConfigKeys (ConfUtils.java:logGet(44)) - raft.server.leaderelection.pre-vote = false (custom)
2021-12-07 08:23:57,256 [fa0dcf4e-df9f-4e34-8330-207691817642@group-43DACBA294D5-FollowerState] INFO  impl.RoleInfo (RoleInfo.java:updateAndGet(130)) - fa0dcf4e-df9f-4e34-8330-207691817642: start fa0dcf4e-df9f-4e34-8330-207691817642@group-43DACBA294D5-LeaderElection23
2021-12-07 08:23:57,271 [fa0dcf4e-df9f-4e34-8330-207691817642@group-43DACBA294D5-LeaderElection23] INFO  impl.LeaderElection (LeaderElection.java:askForVotes(306)) - fa0dcf4e-df9f-4e34-8330-207691817642@group-43DACBA294D5-LeaderElection23 ELECTION round 0: submit vote requests at term 7 for -1: [ef998961-c73b-4226-87f3-43670785e9df|rpc:10.1.0.14:41193|priority:0, fa0dcf4e-df9f-4e34-8330-207691817642|rpc:10.1.0.14:46745|priority:0, f079c5a0-ef00-4d60-9ad2-3d1de424dd8b|rpc:10.1.0.14:37525|priority:1], old=null
2021-12-07 08:23:57,299 [grpc-default-executor-2] INFO  server.RaftServer$Division (RaftServerImpl.java:requestVote(1046)) - ef998961-c73b-4226-87f3-43670785e9df@group-43DACBA294D5: receive requestVote(ELECTION, fa0dcf4e-df9f-4e34-8330-207691817642, group-43DACBA294D5, 7, (t:0, i:0))
2021-12-07 08:23:57,300 [grpc-default-executor-2] INFO  impl.VoteContext (VoteContext.java:log(48)) - ef998961-c73b-4226-87f3-43670785e9df@group-43DACBA294D5-FOLLOWER: accept ELECTION from fa0dcf4e-df9f-4e34-8330-207691817642: our priority 0 <= candidate's priority 0
2021-12-07 08:23:57,300 [grpc-default-executor-2] INFO  server.RaftServer$Division (RaftServerImpl.java:setRole(290)) - ef998961-c73b-4226-87f3-43670785e9df@group-43DACBA294D5: changes role from  FOLLOWER to FOLLOWER at term 7 for candidate:fa0dcf4e-df9f-4e34-8330-207691817642
2021-12-07 08:23:57,300 [grpc-default-executor-2] INFO  impl.RoleInfo (RoleInfo.java:shutdownFollowerState(108)) - ef998961-c73b-4226-87f3-43670785e9df: shutdown ef998961-c73b-4226-87f3-43670785e9df@group-43DACBA294D5-FollowerState
2021-12-07 08:23:57,300 [grpc-default-executor-2] INFO  impl.RoleInfo (RoleInfo.java:updateAndGet(130)) - ef998961-c73b-4226-87f3-43670785e9df: start ef998961-c73b-4226-87f3-43670785e9df@group-43DACBA294D5-FollowerState
2021-12-07 08:23:57,300 [ef998961-c73b-4226-87f3-43670785e9df@group-43DACBA294D5-FollowerState] INFO  impl.FollowerState (FollowerState.java:run(143)) - ef998961-c73b-4226-87f3-43670785e9df@group-43DACBA294D5-FollowerState was interrupted: {}
java.lang.InterruptedException: sleep interrupted
	at java.lang.Thread.sleep(Native Method)
	at java.lang.Thread.sleep(Thread.java:340)
	at java.util.concurrent.TimeUnit.sleep(TimeUnit.java:386)
	at org.apache.ratis.util.TimeDuration.sleep(TimeDuration.java:324)
	at org.apache.ratis.util.TimeDuration.sleep(TimeDuration.java:309)
	at org.apache.ratis.server.impl.FollowerState.run(FollowerState.java:118)
2021-12-07 08:23:57,316 [grpc-default-executor-2] INFO  server.RaftServer$Division (RaftServerImpl.java:requestVote(1078)) - ef998961-c73b-4226-87f3-43670785e9df@group-43DACBA294D5 replies to ELECTION vote request: fa0dcf4e-df9f-4e34-8330-207691817642<-ef998961-c73b-4226-87f3-43670785e9df#0:OK-t7. Peer's state: ef998961-c73b-4226-87f3-43670785e9df@group-43DACBA294D5:t7, leader=null, voted=fa0dcf4e-df9f-4e34-8330-207691817642, raftlog=ef998961-c73b-4226-87f3-43670785e9df@group-43DACBA294D5-SegmentedRaftLog:OPENED:c-1, conf=-1: [ef998961-c73b-4226-87f3-43670785e9df|rpc:10.1.0.14:41193|dataStream:|priority:0, fa0dcf4e-df9f-4e34-8330-207691817642|rpc:10.1.0.14:46745|dataStream:|priority:0, f079c5a0-ef00-4d60-9ad2-3d1de424dd8b|rpc:10.1.0.14:37525|dataStream:|priority:1], old=null
2021-12-07 08:23:57,316 [f079c5a0-ef00-4d60-9ad2-3d1de424dd8b@group-43DACBA294D5-FollowerState] INFO  impl.FollowerState (FollowerState.java:run(134)) - f079c5a0-ef00-4d60-9ad2-3d1de424dd8b@group-43DACBA294D5-FollowerState: change to CANDIDATE, lastRpcElapsedTime:5084016304ns, electionTimeout:5077ms
2021-12-07 08:23:57,316 [f079c5a0-ef00-4d60-9ad2-3d1de424dd8b@group-43DACBA294D5-FollowerState] INFO  impl.RoleInfo (RoleInfo.java:shutdownFollowerState(108)) - f079c5a0-ef00-4d60-9ad2-3d1de424dd8b: shutdown f079c5a0-ef00-4d60-9ad2-3d1de424dd8b@group-43DACBA294D5-FollowerState
2021-12-07 08:23:57,316 [f079c5a0-ef00-4d60-9ad2-3d1de424dd8b@group-43DACBA294D5-FollowerState] INFO  server.RaftServer$Division (RaftServerImpl.java:setRole(290)) - f079c5a0-ef00-4d60-9ad2-3d1de424dd8b@group-43DACBA294D5: changes role from  FOLLOWER to CANDIDATE at term 6 for changeToCandidate
2021-12-07 08:23:57,316 [f079c5a0-ef00-4d60-9ad2-3d1de424dd8b@group-43DACBA294D5-FollowerState] INFO  server.RaftServerConfigKeys (ConfUtils.java:logGet(44)) - raft.server.leaderelection.pre-vote = false (custom)
2021-12-07 08:23:57,317 [f079c5a0-ef00-4d60-9ad2-3d1de424dd8b@group-43DACBA294D5-FollowerState] INFO  impl.RoleInfo (RoleInfo.java:updateAndGet(130)) - f079c5a0-ef00-4d60-9ad2-3d1de424dd8b: start f079c5a0-ef00-4d60-9ad2-3d1de424dd8b@group-43DACBA294D5-LeaderElection24
2021-12-07 08:23:57,330 [grpc-default-executor-0] INFO  server.RaftServer$Division (RaftServerImpl.java:requestVote(1046)) - f079c5a0-ef00-4d60-9ad2-3d1de424dd8b@group-43DACBA294D5: receive requestVote(ELECTION, fa0dcf4e-df9f-4e34-8330-207691817642, group-43DACBA294D5, 7, (t:0, i:0))
2021-12-07 08:23:57,353 [f079c5a0-ef00-4d60-9ad2-3d1de424dd8b@group-43DACBA294D5-LeaderElection24] INFO  impl.LeaderElection (LeaderElection.java:askForVotes(306)) - f079c5a0-ef00-4d60-9ad2-3d1de424dd8b@group-43DACBA294D5-LeaderElection24 ELECTION round 0: submit vote requests at term 7 for -1: [ef998961-c73b-4226-87f3-43670785e9df|rpc:10.1.0.14:41193|dataStream:|priority:0, fa0dcf4e-df9f-4e34-8330-207691817642|rpc:10.1.0.14:46745|dataStream:|priority:0, f079c5a0-ef00-4d60-9ad2-3d1de424dd8b|rpc:10.1.0.14:37525|dataStream:|priority:1], old=null
2021-12-07 08:23:57,353 [grpc-default-executor-0] INFO  impl.VoteContext (VoteContext.java:log(48)) - f079c5a0-ef00-4d60-9ad2-3d1de424dd8b@group-43DACBA294D5-CANDIDATE: reject ELECTION from fa0dcf4e-df9f-4e34-8330-207691817642: already has voted for f079c5a0-ef00-4d60-9ad2-3d1de424dd8b at current term 7
2021-12-07 08:23:57,353 [grpc-default-executor-0] INFO  server.RaftServer$Division (RaftServerImpl.java:requestVote(1078)) - f079c5a0-ef00-4d60-9ad2-3d1de424dd8b@group-43DACBA294D5 replies to ELECTION vote request: fa0dcf4e-df9f-4e34-8330-207691817642<-f079c5a0-ef00-4d60-9ad2-3d1de424dd8b#0:FAIL-t7. Peer's state: f079c5a0-ef00-4d60-9ad2-3d1de424dd8b@group-43DACBA294D5:t7, leader=null, voted=f079c5a0-ef00-4d60-9ad2-3d1de424dd8b, raftlog=f079c5a0-ef00-4d60-9ad2-3d1de424dd8b@group-43DACBA294D5-SegmentedRaftLog:OPENED:c-1, conf=-1: [ef998961-c73b-4226-87f3-43670785e9df|rpc:10.1.0.14:41193|dataStream:|priority:0, fa0dcf4e-df9f-4e34-8330-207691817642|rpc:10.1.0.14:46745|dataStream:|priority:0, f079c5a0-ef00-4d60-9ad2-3d1de424dd8b|rpc:10.1.0.14:37525|dataStream:|priority:1], old=null
2021-12-07 08:23:57,355 [fa0dcf4e-df9f-4e34-8330-207691817642@group-43DACBA294D5-LeaderElection23] INFO  impl.LeaderElection (LeaderElection.java:logAndReturn(89)) - fa0dcf4e-df9f-4e34-8330-207691817642@group-43DACBA294D5-LeaderElection23: ELECTION REJECTED received 2 response(s) and 0 exception(s):
2021-12-07 08:23:57,367 [fa0dcf4e-df9f-4e34-8330-207691817642@group-43DACBA294D5-LeaderElection23] INFO  impl.LeaderElection (LeaderElection.java:logAndReturn(93)) -   Response 0: fa0dcf4e-df9f-4e34-8330-207691817642<-ef998961-c73b-4226-87f3-43670785e9df#0:OK-t7
2021-12-07 08:23:57,367 [grpc-default-executor-0] INFO  server.RaftServer$Division (RaftServerImpl.java:requestVote(1046)) - ef998961-c73b-4226-87f3-43670785e9df@group-43DACBA294D5: receive requestVote(ELECTION, f079c5a0-ef00-4d60-9ad2-3d1de424dd8b, group-43DACBA294D5, 7, (t:0, i:0))
2021-12-07 08:23:57,368 [grpc-default-executor-0] INFO  impl.VoteContext (VoteContext.java:log(48)) - ef998961-c73b-4226-87f3-43670785e9df@group-43DACBA294D5-FOLLOWER: reject ELECTION from f079c5a0-ef00-4d60-9ad2-3d1de424dd8b: already has voted for fa0dcf4e-df9f-4e34-8330-207691817642 at current term 7
2021-12-07 08:23:57,368 [grpc-default-executor-0] INFO  server.RaftServer$Division (RaftServerImpl.java:requestVote(1078)) - ef998961-c73b-4226-87f3-43670785e9df@group-43DACBA294D5 replies to ELECTION vote request: f079c5a0-ef00-4d60-9ad2-3d1de424dd8b<-ef998961-c73b-4226-87f3-43670785e9df#0:FAIL-t7. Peer's state: ef998961-c73b-4226-87f3-43670785e9df@group-43DACBA294D5:t7, leader=null, voted=fa0dcf4e-df9f-4e34-8330-207691817642, raftlog=ef998961-c73b-4226-87f3-43670785e9df@group-43DACBA294D5-SegmentedRaftLog:OPENED:c-1, conf=-1: [ef998961-c73b-4226-87f3-43670785e9df|rpc:10.1.0.14:41193|dataStream:|priority:0, fa0dcf4e-df9f-4e34-8330-207691817642|rpc:10.1.0.14:46745|dataStream:|priority:0, f079c5a0-ef00-4d60-9ad2-3d1de424dd8b|rpc:10.1.0.14:37525|dataStream:|priority:1], old=null
2021-12-07 08:23:57,367 [fa0dcf4e-df9f-4e34-8330-207691817642@group-43DACBA294D5-LeaderElection23] INFO  impl.LeaderElection (LeaderElection.java:logAndReturn(93)) -   Response 1: fa0dcf4e-df9f-4e34-8330-207691817642<-f079c5a0-ef00-4d60-9ad2-3d1de424dd8b#0:FAIL-t7
2021-12-07 08:23:57,372 [fa0dcf4e-df9f-4e34-8330-207691817642@group-43DACBA294D5-LeaderElection23] INFO  impl.LeaderElection (LeaderElection.java:askForVotes(308)) - fa0dcf4e-df9f-4e34-8330-207691817642@group-43DACBA294D5-LeaderElection23 ELECTION round 0: result REJECTED
2021-12-07 08:23:57,372 [fa0dcf4e-df9f-4e34-8330-207691817642@group-43DACBA294D5-LeaderElection23] INFO  server.RaftServer$Division (RaftServerImpl.java:setRole(290)) - fa0dcf4e-df9f-4e34-8330-207691817642@group-43DACBA294D5: changes role from CANDIDATE to FOLLOWER at term 7 for REJECTED
2021-12-07 08:23:57,372 [fa0dcf4e-df9f-4e34-8330-207691817642@group-43DACBA294D5-LeaderElection23] INFO  impl.RoleInfo (RoleInfo.java:shutdownLeaderElection(121)) - fa0dcf4e-df9f-4e34-8330-207691817642: shutdown fa0dcf4e-df9f-4e34-8330-207691817642@group-43DACBA294D5-LeaderElection23
2021-12-07 08:23:57,372 [fa0dcf4e-df9f-4e34-8330-207691817642@group-43DACBA294D5-LeaderElection23] INFO  impl.RoleInfo (RoleInfo.java:updateAndGet(130)) - fa0dcf4e-df9f-4e34-8330-207691817642: start fa0dcf4e-df9f-4e34-8330-207691817642@group-43DACBA294D5-FollowerState
2021-12-07 08:23:57,391 [grpc-default-executor-0] INFO  server.RaftServer$Division (RaftServerImpl.java:requestVote(1046)) - fa0dcf4e-df9f-4e34-8330-207691817642@group-43DACBA294D5: receive requestVote(ELECTION, f079c5a0-ef00-4d60-9ad2-3d1de424dd8b, group-43DACBA294D5, 7, (t:0, i:0))
2021-12-07 08:23:57,399 [grpc-default-executor-0] INFO  impl.VoteContext (VoteContext.java:log(48)) - fa0dcf4e-df9f-4e34-8330-207691817642@group-43DACBA294D5-FOLLOWER: reject ELECTION from f079c5a0-ef00-4d60-9ad2-3d1de424dd8b: already has voted for fa0dcf4e-df9f-4e34-8330-207691817642 at current term 7
2021-12-07 08:23:57,399 [grpc-default-executor-0] INFO  server.RaftServer$Division (RaftServerImpl.java:requestVote(1078)) - fa0dcf4e-df9f-4e34-8330-207691817642@group-43DACBA294D5 replies to ELECTION vote request: f079c5a0-ef00-4d60-9ad2-3d1de424dd8b<-fa0dcf4e-df9f-4e34-8330-207691817642#0:FAIL-t7. Peer's state: fa0dcf4e-df9f-4e34-8330-207691817642@group-43DACBA294D5:t7, leader=null, voted=fa0dcf4e-df9f-4e34-8330-207691817642, raftlog=fa0dcf4e-df9f-4e34-8330-207691817642@group-43DACBA294D5-SegmentedRaftLog:OPENED:c-1, conf=-1: [ef998961-c73b-4226-87f3-43670785e9df|rpc:10.1.0.14:41193|priority:0, fa0dcf4e-df9f-4e34-8330-207691817642|rpc:10.1.0.14:46745|priority:0, f079c5a0-ef00-4d60-9ad2-3d1de424dd8b|rpc:10.1.0.14:37525|priority:1], old=null
2021-12-07 08:23:57,402 [f079c5a0-ef00-4d60-9ad2-3d1de424dd8b@group-43DACBA294D5-LeaderElection24] INFO  impl.LeaderElection (LeaderElection.java:logAndReturn(89)) - f079c5a0-ef00-4d60-9ad2-3d1de424dd8b@group-43DACBA294D5-LeaderElection24: ELECTION REJECTED received 2 response(s) and 0 exception(s):
2021-12-07 08:23:57,402 [f079c5a0-ef00-4d60-9ad2-3d1de424dd8b@group-43DACBA294D5-LeaderElection24] INFO  impl.LeaderElection (LeaderElection.java:logAndReturn(93)) -   Response 0: f079c5a0-ef00-4d60-9ad2-3d1de424dd8b<-ef998961-c73b-4226-87f3-43670785e9df#0:FAIL-t7
2021-12-07 08:23:57,402 [f079c5a0-ef00-4d60-9ad2-3d1de424dd8b@group-43DACBA294D5-LeaderElection24] INFO  impl.LeaderElection (LeaderElection.java:logAndReturn(93)) -   Response 1: f079c5a0-ef00-4d60-9ad2-3d1de424dd8b<-fa0dcf4e-df9f-4e34-8330-207691817642#0:FAIL-t7
2021-12-07 08:23:57,403 [f079c5a0-ef00-4d60-9ad2-3d1de424dd8b@group-43DACBA294D5-LeaderElection24] INFO  impl.LeaderElection (LeaderElection.java:askForVotes(308)) - f079c5a0-ef00-4d60-9ad2-3d1de424dd8b@group-43DACBA294D5-LeaderElection24 ELECTION round 0: result REJECTED
2021-12-07 08:23:57,403 [f079c5a0-ef00-4d60-9ad2-3d1de424dd8b@group-43DACBA294D5-LeaderElection24] INFO  server.RaftServer$Division (RaftServerImpl.java:setRole(290)) - f079c5a0-ef00-4d60-9ad2-3d1de424dd8b@group-43DACBA294D5: changes role from CANDIDATE to FOLLOWER at term 7 for REJECTED
2021-12-07 08:23:57,403 [f079c5a0-ef00-4d60-9ad2-3d1de424dd8b@group-43DACBA294D5-LeaderElection24] INFO  impl.RoleInfo (RoleInfo.java:shutdownLeaderElection(121)) - f079c5a0-ef00-4d60-9ad2-3d1de424dd8b: shutdown f079c5a0-ef00-4d60-9ad2-3d1de424dd8b@group-43DACBA294D5-LeaderElection24
2021-12-07 08:23:57,403 [f079c5a0-ef00-4d60-9ad2-3d1de424dd8b@group-43DACBA294D5-LeaderElection24] INFO  impl.RoleInfo (RoleInfo.java:updateAndGet(130)) - f079c5a0-ef00-4d60-9ad2-3d1de424dd8b: start f079c5a0-ef00-4d60-9ad2-3d1de424dd8b@group-43DACBA294D5-FollowerState
2021-12-07 08:23:58,195 [Listener at 127.0.0.1/40979] INFO  ozone.MiniOzoneClusterImpl (MiniOzoneClusterImpl.java:lambda$waitForClusterToBeReady$0(235)) - Nodes are ready. Got 3 of 3 DN Heartbeats.
2021-12-07 08:23:58,196 [Listener at 127.0.0.1/40979] INFO  ozone.MiniOzoneClusterImpl (MiniOzoneClusterImpl.java:lambda$waitForClusterToBeReady$0(238)) - Waiting for cluster to exit safe mode
2021-12-07 08:23:58,196 [Listener at 127.0.0.1/40979] INFO  ozone.MiniOzoneClusterImpl (MiniOzoneClusterImpl.java:lambda$waitForClusterToBeReady$0(240)) - SCM became leader
2021-12-07 08:23:59,196 [Listener at 127.0.0.1/40979] INFO  ozone.MiniOzoneClusterImpl (MiniOzoneClusterImpl.java:lambda$waitForClusterToBeReady$0(235)) - Nodes are ready. Got 3 of 3 DN Heartbeats.
2021-12-07 08:23:59,196 [Listener at 127.0.0.1/40979] INFO  ozone.MiniOzoneClusterImpl (MiniOzoneClusterImpl.java:lambda$waitForClusterToBeReady$0(238)) - Waiting for cluster to exit safe mode
2021-12-07 08:23:59,196 [Listener at 127.0.0.1/40979] INFO  ozone.MiniOzoneClusterImpl (MiniOzoneClusterImpl.java:lambda$waitForClusterToBeReady$0(240)) - SCM became leader
2021-12-07 08:24:00,197 [Listener at 127.0.0.1/40979] INFO  ozone.MiniOzoneClusterImpl (MiniOzoneClusterImpl.java:lambda$waitForClusterToBeReady$0(235)) - Nodes are ready. Got 3 of 3 DN Heartbeats.
2021-12-07 08:24:00,197 [Listener at 127.0.0.1/40979] INFO  ozone.MiniOzoneClusterImpl (MiniOzoneClusterImpl.java:lambda$waitForClusterToBeReady$0(238)) - Waiting for cluster to exit safe mode
2021-12-07 08:24:00,197 [Listener at 127.0.0.1/40979] INFO  ozone.MiniOzoneClusterImpl (MiniOzoneClusterImpl.java:lambda$waitForClusterToBeReady$0(240)) - SCM became leader
2021-12-07 08:24:01,197 [Listener at 127.0.0.1/40979] INFO  ozone.MiniOzoneClusterImpl (MiniOzoneClusterImpl.java:lambda$waitForClusterToBeReady$0(235)) - Nodes are ready. Got 3 of 3 DN Heartbeats.
2021-12-07 08:24:01,197 [Listener at 127.0.0.1/40979] INFO  ozone.MiniOzoneClusterImpl (MiniOzoneClusterImpl.java:lambda$waitForClusterToBeReady$0(238)) - Waiting for cluster to exit safe mode
2021-12-07 08:24:01,197 [Listener at 127.0.0.1/40979] INFO  ozone.MiniOzoneClusterImpl (MiniOzoneClusterImpl.java:lambda$waitForClusterToBeReady$0(240)) - SCM became leader
2021-12-07 08:24:02,198 [Listener at 127.0.0.1/40979] INFO  ozone.MiniOzoneClusterImpl (MiniOzoneClusterImpl.java:lambda$waitForClusterToBeReady$0(235)) - Nodes are ready. Got 3 of 3 DN Heartbeats.
2021-12-07 08:24:02,198 [Listener at 127.0.0.1/40979] INFO  ozone.MiniOzoneClusterImpl (MiniOzoneClusterImpl.java:lambda$waitForClusterToBeReady$0(238)) - Waiting for cluster to exit safe mode
2021-12-07 08:24:02,198 [Listener at 127.0.0.1/40979] INFO  ozone.MiniOzoneClusterImpl (MiniOzoneClusterImpl.java:lambda$waitForClusterToBeReady$0(240)) - SCM became leader
2021-12-07 08:24:02,420 [ef998961-c73b-4226-87f3-43670785e9df@group-43DACBA294D5-FollowerState] INFO  impl.FollowerState (FollowerState.java:run(134)) - ef998961-c73b-4226-87f3-43670785e9df@group-43DACBA294D5-FollowerState: change to CANDIDATE, lastRpcElapsedTime:5104332081ns, electionTimeout:5093ms
2021-12-07 08:24:02,420 [ef998961-c73b-4226-87f3-43670785e9df@group-43DACBA294D5-FollowerState] INFO  impl.RoleInfo (RoleInfo.java:shutdownFollowerState(108)) - ef998961-c73b-4226-87f3-43670785e9df: shutdown ef998961-c73b-4226-87f3-43670785e9df@group-43DACBA294D5-FollowerState
2021-12-07 08:24:02,420 [ef998961-c73b-4226-87f3-43670785e9df@group-43DACBA294D5-FollowerState] INFO  server.RaftServer$Division (RaftServerImpl.java:setRole(290)) - ef998961-c73b-4226-87f3-43670785e9df@group-43DACBA294D5: changes role from  FOLLOWER to CANDIDATE at term 7 for changeToCandidate
2021-12-07 08:24:02,420 [ef998961-c73b-4226-87f3-43670785e9df@group-43DACBA294D5-FollowerState] INFO  server.RaftServerConfigKeys (ConfUtils.java:logGet(44)) - raft.server.leaderelection.pre-vote = false (custom)
2021-12-07 08:24:02,421 [ef998961-c73b-4226-87f3-43670785e9df@group-43DACBA294D5-FollowerState] INFO  impl.RoleInfo (RoleInfo.java:updateAndGet(130)) - ef998961-c73b-4226-87f3-43670785e9df: start ef998961-c73b-4226-87f3-43670785e9df@group-43DACBA294D5-LeaderElection25
2021-12-07 08:24:02,449 [ef998961-c73b-4226-87f3-43670785e9df@group-43DACBA294D5-LeaderElection25] INFO  impl.LeaderElection (LeaderElection.java:askForVotes(306)) - ef998961-c73b-4226-87f3-43670785e9df@group-43DACBA294D5-LeaderElection25 ELECTION round 0: submit vote requests at term 8 for -1: [ef998961-c73b-4226-87f3-43670785e9df|rpc:10.1.0.14:41193|dataStream:|priority:0, fa0dcf4e-df9f-4e34-8330-207691817642|rpc:10.1.0.14:46745|dataStream:|priority:0, f079c5a0-ef00-4d60-9ad2-3d1de424dd8b|rpc:10.1.0.14:37525|dataStream:|priority:1], old=null
2021-12-07 08:24:02,465 [grpc-default-executor-0] INFO  server.RaftServer$Division (RaftServerImpl.java:requestVote(1046)) - fa0dcf4e-df9f-4e34-8330-207691817642@group-43DACBA294D5: receive requestVote(ELECTION, ef998961-c73b-4226-87f3-43670785e9df, group-43DACBA294D5, 8, (t:0, i:0))
2021-12-07 08:24:02,465 [grpc-default-executor-0] INFO  impl.VoteContext (VoteContext.java:log(48)) - fa0dcf4e-df9f-4e34-8330-207691817642@group-43DACBA294D5-FOLLOWER: accept ELECTION from ef998961-c73b-4226-87f3-43670785e9df: our priority 0 <= candidate's priority 0
2021-12-07 08:24:02,465 [grpc-default-executor-0] INFO  server.RaftServer$Division (RaftServerImpl.java:setRole(290)) - fa0dcf4e-df9f-4e34-8330-207691817642@group-43DACBA294D5: changes role from  FOLLOWER to FOLLOWER at term 8 for candidate:ef998961-c73b-4226-87f3-43670785e9df
2021-12-07 08:24:02,465 [grpc-default-executor-0] INFO  impl.RoleInfo (RoleInfo.java:shutdownFollowerState(108)) - fa0dcf4e-df9f-4e34-8330-207691817642: shutdown fa0dcf4e-df9f-4e34-8330-207691817642@group-43DACBA294D5-FollowerState
2021-12-07 08:24:02,465 [grpc-default-executor-0] INFO  impl.RoleInfo (RoleInfo.java:updateAndGet(130)) - fa0dcf4e-df9f-4e34-8330-207691817642: start fa0dcf4e-df9f-4e34-8330-207691817642@group-43DACBA294D5-FollowerState
2021-12-07 08:24:02,465 [fa0dcf4e-df9f-4e34-8330-207691817642@group-43DACBA294D5-FollowerState] INFO  impl.FollowerState (FollowerState.java:run(143)) - fa0dcf4e-df9f-4e34-8330-207691817642@group-43DACBA294D5-FollowerState was interrupted: {}
java.lang.InterruptedException: sleep interrupted
	at java.lang.Thread.sleep(Native Method)
	at java.lang.Thread.sleep(Thread.java:340)
	at java.util.concurrent.TimeUnit.sleep(TimeUnit.java:386)
	at org.apache.ratis.util.TimeDuration.sleep(TimeDuration.java:324)
	at org.apache.ratis.util.TimeDuration.sleep(TimeDuration.java:309)
	at org.apache.ratis.server.impl.FollowerState.run(FollowerState.java:118)
2021-12-07 08:24:02,468 [grpc-default-executor-0] INFO  server.RaftServer$Division (RaftServerImpl.java:requestVote(1078)) - fa0dcf4e-df9f-4e34-8330-207691817642@group-43DACBA294D5 replies to ELECTION vote request: ef998961-c73b-4226-87f3-43670785e9df<-fa0dcf4e-df9f-4e34-8330-207691817642#0:OK-t8. Peer's state: fa0dcf4e-df9f-4e34-8330-207691817642@group-43DACBA294D5:t8, leader=null, voted=ef998961-c73b-4226-87f3-43670785e9df, raftlog=fa0dcf4e-df9f-4e34-8330-207691817642@group-43DACBA294D5-SegmentedRaftLog:OPENED:c-1, conf=-1: [ef998961-c73b-4226-87f3-43670785e9df|rpc:10.1.0.14:41193|priority:0, fa0dcf4e-df9f-4e34-8330-207691817642|rpc:10.1.0.14:46745|priority:0, f079c5a0-ef00-4d60-9ad2-3d1de424dd8b|rpc:10.1.0.14:37525|priority:1], old=null
2021-12-07 08:24:02,481 [grpc-default-executor-0] INFO  server.RaftServer$Division (RaftServerImpl.java:requestVote(1046)) - f079c5a0-ef00-4d60-9ad2-3d1de424dd8b@group-43DACBA294D5: receive requestVote(ELECTION, ef998961-c73b-4226-87f3-43670785e9df, group-43DACBA294D5, 8, (t:0, i:0))
2021-12-07 08:24:02,481 [grpc-default-executor-0] INFO  impl.VoteContext (VoteContext.java:log(48)) - f079c5a0-ef00-4d60-9ad2-3d1de424dd8b@group-43DACBA294D5-FOLLOWER: reject ELECTION from ef998961-c73b-4226-87f3-43670785e9df: our priority 1 > candidate's priority 0
2021-12-07 08:24:02,481 [grpc-default-executor-0] INFO  server.RaftServer$Division (RaftServerImpl.java:setRole(290)) - f079c5a0-ef00-4d60-9ad2-3d1de424dd8b@group-43DACBA294D5: changes role from  FOLLOWER to FOLLOWER at term 8 for candidate:ef998961-c73b-4226-87f3-43670785e9df
2021-12-07 08:24:02,481 [grpc-default-executor-0] INFO  impl.RoleInfo (RoleInfo.java:shutdownFollowerState(108)) - f079c5a0-ef00-4d60-9ad2-3d1de424dd8b: shutdown f079c5a0-ef00-4d60-9ad2-3d1de424dd8b@group-43DACBA294D5-FollowerState
2021-12-07 08:24:02,481 [f079c5a0-ef00-4d60-9ad2-3d1de424dd8b@group-43DACBA294D5-FollowerState] INFO  impl.FollowerState (FollowerState.java:run(143)) - f079c5a0-ef00-4d60-9ad2-3d1de424dd8b@group-43DACBA294D5-FollowerState was interrupted: {}
java.lang.InterruptedException: sleep interrupted
	at java.lang.Thread.sleep(Native Method)
	at java.lang.Thread.sleep(Thread.java:340)
	at java.util.concurrent.TimeUnit.sleep(TimeUnit.java:386)
	at org.apache.ratis.util.TimeDuration.sleep(TimeDuration.java:324)
	at org.apache.ratis.util.TimeDuration.sleep(TimeDuration.java:309)
	at org.apache.ratis.server.impl.FollowerState.run(FollowerState.java:118)
2021-12-07 08:24:02,481 [grpc-default-executor-0] INFO  impl.RoleInfo (RoleInfo.java:updateAndGet(130)) - f079c5a0-ef00-4d60-9ad2-3d1de424dd8b: start f079c5a0-ef00-4d60-9ad2-3d1de424dd8b@group-43DACBA294D5-FollowerState
2021-12-07 08:24:02,486 [grpc-default-executor-0] INFO  server.RaftServer$Division (RaftServerImpl.java:requestVote(1078)) - f079c5a0-ef00-4d60-9ad2-3d1de424dd8b@group-43DACBA294D5 replies to ELECTION vote request: ef998961-c73b-4226-87f3-43670785e9df<-f079c5a0-ef00-4d60-9ad2-3d1de424dd8b#0:FAIL-t8. Peer's state: f079c5a0-ef00-4d60-9ad2-3d1de424dd8b@group-43DACBA294D5:t8, leader=null, voted=null, raftlog=f079c5a0-ef00-4d60-9ad2-3d1de424dd8b@group-43DACBA294D5-SegmentedRaftLog:OPENED:c-1, conf=-1: [ef998961-c73b-4226-87f3-43670785e9df|rpc:10.1.0.14:41193|dataStream:|priority:0, fa0dcf4e-df9f-4e34-8330-207691817642|rpc:10.1.0.14:46745|dataStream:|priority:0, f079c5a0-ef00-4d60-9ad2-3d1de424dd8b|rpc:10.1.0.14:37525|dataStream:|priority:1], old=null
2021-12-07 08:24:02,487 [ef998961-c73b-4226-87f3-43670785e9df@group-43DACBA294D5-LeaderElection25] INFO  impl.LeaderElection (LeaderElection.java:logAndReturn(89)) - ef998961-c73b-4226-87f3-43670785e9df@group-43DACBA294D5-LeaderElection25: ELECTION REJECTED received 2 response(s) and 0 exception(s):
2021-12-07 08:24:02,487 [ef998961-c73b-4226-87f3-43670785e9df@group-43DACBA294D5-LeaderElection25] INFO  impl.LeaderElection (LeaderElection.java:logAndReturn(93)) -   Response 0: ef998961-c73b-4226-87f3-43670785e9df<-fa0dcf4e-df9f-4e34-8330-207691817642#0:OK-t8
2021-12-07 08:24:02,487 [ef998961-c73b-4226-87f3-43670785e9df@group-43DACBA294D5-LeaderElection25] INFO  impl.LeaderElection (LeaderElection.java:logAndReturn(93)) -   Response 1: ef998961-c73b-4226-87f3-43670785e9df<-f079c5a0-ef00-4d60-9ad2-3d1de424dd8b#0:FAIL-t8
2021-12-07 08:24:02,487 [ef998961-c73b-4226-87f3-43670785e9df@group-43DACBA294D5-LeaderElection25] INFO  impl.LeaderElection (LeaderElection.java:askForVotes(308)) - ef998961-c73b-4226-87f3-43670785e9df@group-43DACBA294D5-LeaderElection25 ELECTION round 0: result REJECTED
2021-12-07 08:24:02,487 [ef998961-c73b-4226-87f3-43670785e9df@group-43DACBA294D5-LeaderElection25] INFO  server.RaftServer$Division (RaftServerImpl.java:setRole(290)) - ef998961-c73b-4226-87f3-43670785e9df@group-43DACBA294D5: changes role from CANDIDATE to FOLLOWER at term 8 for REJECTED
2021-12-07 08:24:02,487 [ef998961-c73b-4226-87f3-43670785e9df@group-43DACBA294D5-LeaderElection25] INFO  impl.RoleInfo (RoleInfo.java:shutdownLeaderElection(121)) - ef998961-c73b-4226-87f3-43670785e9df: shutdown ef998961-c73b-4226-87f3-43670785e9df@group-43DACBA294D5-LeaderElection25
2021-12-07 08:24:02,487 [ef998961-c73b-4226-87f3-43670785e9df@group-43DACBA294D5-LeaderElection25] INFO  impl.RoleInfo (RoleInfo.java:updateAndGet(130)) - ef998961-c73b-4226-87f3-43670785e9df: start ef998961-c73b-4226-87f3-43670785e9df@group-43DACBA294D5-FollowerState
2021-12-07 08:24:03,198 [Listener at 127.0.0.1/40979] INFO  ozone.MiniOzoneClusterImpl (MiniOzoneClusterImpl.java:lambda$waitForClusterToBeReady$0(235)) - Nodes are ready. Got 3 of 3 DN Heartbeats.
2021-12-07 08:24:03,199 [Listener at 127.0.0.1/40979] INFO  ozone.MiniOzoneClusterImpl (MiniOzoneClusterImpl.java:lambda$waitForClusterToBeReady$0(238)) - Waiting for cluster to exit safe mode
2021-12-07 08:24:03,199 [Listener at 127.0.0.1/40979] INFO  ozone.MiniOzoneClusterImpl (MiniOzoneClusterImpl.java:lambda$waitForClusterToBeReady$0(240)) - SCM became leader
2021-12-07 08:24:04,200 [Listener at 127.0.0.1/40979] INFO  ozone.MiniOzoneClusterImpl (MiniOzoneClusterImpl.java:lambda$waitForClusterToBeReady$0(235)) - Nodes are ready. Got 3 of 3 DN Heartbeats.
2021-12-07 08:24:04,200 [Listener at 127.0.0.1/40979] INFO  ozone.MiniOzoneClusterImpl (MiniOzoneClusterImpl.java:lambda$waitForClusterToBeReady$0(238)) - Waiting for cluster to exit safe mode
2021-12-07 08:24:04,200 [Listener at 127.0.0.1/40979] INFO  ozone.MiniOzoneClusterImpl (MiniOzoneClusterImpl.java:lambda$waitForClusterToBeReady$0(240)) - SCM became leader
2021-12-07 08:24:05,200 [Listener at 127.0.0.1/40979] INFO  ozone.MiniOzoneClusterImpl (MiniOzoneClusterImpl.java:lambda$waitForClusterToBeReady$0(235)) - Nodes are ready. Got 3 of 3 DN Heartbeats.
2021-12-07 08:24:05,200 [Listener at 127.0.0.1/40979] INFO  ozone.MiniOzoneClusterImpl (MiniOzoneClusterImpl.java:lambda$waitForClusterToBeReady$0(238)) - Waiting for cluster to exit safe mode
2021-12-07 08:24:05,200 [Listener at 127.0.0.1/40979] INFO  ozone.MiniOzoneClusterImpl (MiniOzoneClusterImpl.java:lambda$waitForClusterToBeReady$0(240)) - SCM became leader
2021-12-07 08:24:06,205 [Listener at 127.0.0.1/40979] INFO  ozone.MiniOzoneClusterImpl (MiniOzoneClusterImpl.java:lambda$waitForClusterToBeReady$0(235)) - Nodes are ready. Got 3 of 3 DN Heartbeats.
2021-12-07 08:24:06,205 [Listener at 127.0.0.1/40979] INFO  ozone.MiniOzoneClusterImpl (MiniOzoneClusterImpl.java:lambda$waitForClusterToBeReady$0(238)) - Waiting for cluster to exit safe mode
2021-12-07 08:24:06,205 [Listener at 127.0.0.1/40979] INFO  ozone.MiniOzoneClusterImpl (MiniOzoneClusterImpl.java:lambda$waitForClusterToBeReady$0(240)) - SCM became leader
2021-12-07 08:24:07,205 [Listener at 127.0.0.1/40979] INFO  ozone.MiniOzoneClusterImpl (MiniOzoneClusterImpl.java:lambda$waitForClusterToBeReady$0(235)) - Nodes are ready. Got 3 of 3 DN Heartbeats.
2021-12-07 08:24:07,205 [Listener at 127.0.0.1/40979] INFO  ozone.MiniOzoneClusterImpl (MiniOzoneClusterImpl.java:lambda$waitForClusterToBeReady$0(238)) - Waiting for cluster to exit safe mode
2021-12-07 08:24:07,206 [Listener at 127.0.0.1/40979] INFO  ozone.MiniOzoneClusterImpl (MiniOzoneClusterImpl.java:lambda$waitForClusterToBeReady$0(240)) - SCM became leader
2021-12-07 08:24:07,570 [f079c5a0-ef00-4d60-9ad2-3d1de424dd8b@group-43DACBA294D5-FollowerState] INFO  impl.FollowerState (FollowerState.java:run(134)) - f079c5a0-ef00-4d60-9ad2-3d1de424dd8b@group-43DACBA294D5-FollowerState: change to CANDIDATE, lastRpcElapsedTime:5089062462ns, electionTimeout:5086ms
2021-12-07 08:24:07,570 [f079c5a0-ef00-4d60-9ad2-3d1de424dd8b@group-43DACBA294D5-FollowerState] INFO  impl.RoleInfo (RoleInfo.java:shutdownFollowerState(108)) - f079c5a0-ef00-4d60-9ad2-3d1de424dd8b: shutdown f079c5a0-ef00-4d60-9ad2-3d1de424dd8b@group-43DACBA294D5-FollowerState
2021-12-07 08:24:07,570 [f079c5a0-ef00-4d60-9ad2-3d1de424dd8b@group-43DACBA294D5-FollowerState] INFO  server.RaftServer$Division (RaftServerImpl.java:setRole(290)) - f079c5a0-ef00-4d60-9ad2-3d1de424dd8b@group-43DACBA294D5: changes role from  FOLLOWER to CANDIDATE at term 8 for changeToCandidate
2021-12-07 08:24:07,571 [f079c5a0-ef00-4d60-9ad2-3d1de424dd8b@group-43DACBA294D5-FollowerState] INFO  server.RaftServerConfigKeys (ConfUtils.java:logGet(44)) - raft.server.leaderelection.pre-vote = false (custom)
2021-12-07 08:24:07,571 [f079c5a0-ef00-4d60-9ad2-3d1de424dd8b@group-43DACBA294D5-FollowerState] INFO  impl.RoleInfo (RoleInfo.java:updateAndGet(130)) - f079c5a0-ef00-4d60-9ad2-3d1de424dd8b: start f079c5a0-ef00-4d60-9ad2-3d1de424dd8b@group-43DACBA294D5-LeaderElection26
2021-12-07 08:24:07,571 [ef998961-c73b-4226-87f3-43670785e9df@group-43DACBA294D5-FollowerState] INFO  impl.FollowerState (FollowerState.java:run(134)) - ef998961-c73b-4226-87f3-43670785e9df@group-43DACBA294D5-FollowerState: change to CANDIDATE, lastRpcElapsedTime:5083841754ns, electionTimeout:5078ms
2021-12-07 08:24:07,571 [ef998961-c73b-4226-87f3-43670785e9df@group-43DACBA294D5-FollowerState] INFO  impl.RoleInfo (RoleInfo.java:shutdownFollowerState(108)) - ef998961-c73b-4226-87f3-43670785e9df: shutdown ef998961-c73b-4226-87f3-43670785e9df@group-43DACBA294D5-FollowerState
2021-12-07 08:24:07,571 [ef998961-c73b-4226-87f3-43670785e9df@group-43DACBA294D5-FollowerState] INFO  server.RaftServer$Division (RaftServerImpl.java:setRole(290)) - ef998961-c73b-4226-87f3-43670785e9df@group-43DACBA294D5: changes role from  FOLLOWER to CANDIDATE at term 8 for changeToCandidate
2021-12-07 08:24:07,581 [ef998961-c73b-4226-87f3-43670785e9df@group-43DACBA294D5-FollowerState] INFO  server.RaftServerConfigKeys (ConfUtils.java:logGet(44)) - raft.server.leaderelection.pre-vote = false (custom)
2021-12-07 08:24:07,581 [ef998961-c73b-4226-87f3-43670785e9df@group-43DACBA294D5-FollowerState] INFO  impl.RoleInfo (RoleInfo.java:updateAndGet(130)) - ef998961-c73b-4226-87f3-43670785e9df: start ef998961-c73b-4226-87f3-43670785e9df@group-43DACBA294D5-LeaderElection27
2021-12-07 08:24:07,584 [f079c5a0-ef00-4d60-9ad2-3d1de424dd8b@group-43DACBA294D5-LeaderElection26] INFO  impl.LeaderElection (LeaderElection.java:askForVotes(306)) - f079c5a0-ef00-4d60-9ad2-3d1de424dd8b@group-43DACBA294D5-LeaderElection26 ELECTION round 0: submit vote requests at term 9 for -1: [ef998961-c73b-4226-87f3-43670785e9df|rpc:10.1.0.14:41193|dataStream:|priority:0, fa0dcf4e-df9f-4e34-8330-207691817642|rpc:10.1.0.14:46745|dataStream:|priority:0, f079c5a0-ef00-4d60-9ad2-3d1de424dd8b|rpc:10.1.0.14:37525|dataStream:|priority:1], old=null
2021-12-07 08:24:07,598 [ef998961-c73b-4226-87f3-43670785e9df@group-43DACBA294D5-LeaderElection27] INFO  impl.LeaderElection (LeaderElection.java:askForVotes(306)) - ef998961-c73b-4226-87f3-43670785e9df@group-43DACBA294D5-LeaderElection27 ELECTION round 0: submit vote requests at term 9 for -1: [ef998961-c73b-4226-87f3-43670785e9df|rpc:10.1.0.14:41193|dataStream:|priority:0, fa0dcf4e-df9f-4e34-8330-207691817642|rpc:10.1.0.14:46745|dataStream:|priority:0, f079c5a0-ef00-4d60-9ad2-3d1de424dd8b|rpc:10.1.0.14:37525|dataStream:|priority:1], old=null
2021-12-07 08:24:07,630 [grpc-default-executor-0] INFO  server.RaftServer$Division (RaftServerImpl.java:requestVote(1046)) - ef998961-c73b-4226-87f3-43670785e9df@group-43DACBA294D5: receive requestVote(ELECTION, f079c5a0-ef00-4d60-9ad2-3d1de424dd8b, group-43DACBA294D5, 9, (t:0, i:0))
2021-12-07 08:24:07,633 [grpc-default-executor-0] INFO  impl.VoteContext (VoteContext.java:log(48)) - ef998961-c73b-4226-87f3-43670785e9df@group-43DACBA294D5-CANDIDATE: reject ELECTION from f079c5a0-ef00-4d60-9ad2-3d1de424dd8b: already has voted for ef998961-c73b-4226-87f3-43670785e9df at current term 9
2021-12-07 08:24:07,633 [grpc-default-executor-0] INFO  server.RaftServer$Division (RaftServerImpl.java:requestVote(1078)) - ef998961-c73b-4226-87f3-43670785e9df@group-43DACBA294D5 replies to ELECTION vote request: f079c5a0-ef00-4d60-9ad2-3d1de424dd8b<-ef998961-c73b-4226-87f3-43670785e9df#0:FAIL-t9. Peer's state: ef998961-c73b-4226-87f3-43670785e9df@group-43DACBA294D5:t9, leader=null, voted=ef998961-c73b-4226-87f3-43670785e9df, raftlog=ef998961-c73b-4226-87f3-43670785e9df@group-43DACBA294D5-SegmentedRaftLog:OPENED:c-1, conf=-1: [ef998961-c73b-4226-87f3-43670785e9df|rpc:10.1.0.14:41193|dataStream:|priority:0, fa0dcf4e-df9f-4e34-8330-207691817642|rpc:10.1.0.14:46745|dataStream:|priority:0, f079c5a0-ef00-4d60-9ad2-3d1de424dd8b|rpc:10.1.0.14:37525|dataStream:|priority:1], old=null
2021-12-07 08:24:07,630 [grpc-default-executor-1] INFO  server.RaftServer$Division (RaftServerImpl.java:requestVote(1046)) - fa0dcf4e-df9f-4e34-8330-207691817642@group-43DACBA294D5: receive requestVote(ELECTION, ef998961-c73b-4226-87f3-43670785e9df, group-43DACBA294D5, 9, (t:0, i:0))
2021-12-07 08:24:07,634 [grpc-default-executor-1] INFO  impl.VoteContext (VoteContext.java:log(48)) - fa0dcf4e-df9f-4e34-8330-207691817642@group-43DACBA294D5-FOLLOWER: accept ELECTION from ef998961-c73b-4226-87f3-43670785e9df: our priority 0 <= candidate's priority 0
2021-12-07 08:24:07,634 [grpc-default-executor-1] INFO  server.RaftServer$Division (RaftServerImpl.java:setRole(290)) - fa0dcf4e-df9f-4e34-8330-207691817642@group-43DACBA294D5: changes role from  FOLLOWER to FOLLOWER at term 9 for candidate:ef998961-c73b-4226-87f3-43670785e9df
2021-12-07 08:24:07,634 [grpc-default-executor-1] INFO  impl.RoleInfo (RoleInfo.java:shutdownFollowerState(108)) - fa0dcf4e-df9f-4e34-8330-207691817642: shutdown fa0dcf4e-df9f-4e34-8330-207691817642@group-43DACBA294D5-FollowerState
2021-12-07 08:24:07,634 [grpc-default-executor-1] INFO  impl.RoleInfo (RoleInfo.java:updateAndGet(130)) - fa0dcf4e-df9f-4e34-8330-207691817642: start fa0dcf4e-df9f-4e34-8330-207691817642@group-43DACBA294D5-FollowerState
2021-12-07 08:24:07,635 [fa0dcf4e-df9f-4e34-8330-207691817642@group-43DACBA294D5-FollowerState] INFO  impl.FollowerState (FollowerState.java:run(143)) - fa0dcf4e-df9f-4e34-8330-207691817642@group-43DACBA294D5-FollowerState was interrupted: {}
java.lang.InterruptedException: sleep interrupted
	at java.lang.Thread.sleep(Native Method)
	at java.lang.Thread.sleep(Thread.java:340)
	at java.util.concurrent.TimeUnit.sleep(TimeUnit.java:386)
	at org.apache.ratis.util.TimeDuration.sleep(TimeDuration.java:324)
	at org.apache.ratis.util.TimeDuration.sleep(TimeDuration.java:309)
	at org.apache.ratis.server.impl.FollowerState.run(FollowerState.java:118)
2021-12-07 08:24:07,630 [grpc-default-executor-2] INFO  server.RaftServer$Division (RaftServerImpl.java:requestVote(1046)) - fa0dcf4e-df9f-4e34-8330-207691817642@group-43DACBA294D5: receive requestVote(ELECTION, f079c5a0-ef00-4d60-9ad2-3d1de424dd8b, group-43DACBA294D5, 9, (t:0, i:0))
2021-12-07 08:24:07,643 [grpc-default-executor-1] INFO  server.RaftServer$Division (RaftServerImpl.java:requestVote(1078)) - fa0dcf4e-df9f-4e34-8330-207691817642@group-43DACBA294D5 replies to ELECTION vote request: ef998961-c73b-4226-87f3-43670785e9df<-fa0dcf4e-df9f-4e34-8330-207691817642#0:OK-t9. Peer's state: fa0dcf4e-df9f-4e34-8330-207691817642@group-43DACBA294D5:t9, leader=null, voted=ef998961-c73b-4226-87f3-43670785e9df, raftlog=fa0dcf4e-df9f-4e34-8330-207691817642@group-43DACBA294D5-SegmentedRaftLog:OPENED:c-1, conf=-1: [ef998961-c73b-4226-87f3-43670785e9df|rpc:10.1.0.14:41193|priority:0, fa0dcf4e-df9f-4e34-8330-207691817642|rpc:10.1.0.14:46745|priority:0, f079c5a0-ef00-4d60-9ad2-3d1de424dd8b|rpc:10.1.0.14:37525|priority:1], old=null
2021-12-07 08:24:07,648 [grpc-default-executor-2] INFO  impl.VoteContext (VoteContext.java:log(48)) - fa0dcf4e-df9f-4e34-8330-207691817642@group-43DACBA294D5-FOLLOWER: reject ELECTION from f079c5a0-ef00-4d60-9ad2-3d1de424dd8b: already has voted for ef998961-c73b-4226-87f3-43670785e9df at current term 9
2021-12-07 08:24:07,648 [grpc-default-executor-2] INFO  server.RaftServer$Division (RaftServerImpl.java:requestVote(1078)) - fa0dcf4e-df9f-4e34-8330-207691817642@group-43DACBA294D5 replies to ELECTION vote request: f079c5a0-ef00-4d60-9ad2-3d1de424dd8b<-fa0dcf4e-df9f-4e34-8330-207691817642#0:FAIL-t9. Peer's state: fa0dcf4e-df9f-4e34-8330-207691817642@group-43DACBA294D5:t9, leader=null, voted=ef998961-c73b-4226-87f3-43670785e9df, raftlog=fa0dcf4e-df9f-4e34-8330-207691817642@group-43DACBA294D5-SegmentedRaftLog:OPENED:c-1, conf=-1: [ef998961-c73b-4226-87f3-43670785e9df|rpc:10.1.0.14:41193|priority:0, fa0dcf4e-df9f-4e34-8330-207691817642|rpc:10.1.0.14:46745|priority:0, f079c5a0-ef00-4d60-9ad2-3d1de424dd8b|rpc:10.1.0.14:37525|priority:1], old=null
2021-12-07 08:24:07,656 [f079c5a0-ef00-4d60-9ad2-3d1de424dd8b@group-43DACBA294D5-LeaderElection26] INFO  impl.LeaderElection (LeaderElection.java:logAndReturn(89)) - f079c5a0-ef00-4d60-9ad2-3d1de424dd8b@group-43DACBA294D5-LeaderElection26: ELECTION REJECTED received 2 response(s) and 0 exception(s):
2021-12-07 08:24:07,659 [f079c5a0-ef00-4d60-9ad2-3d1de424dd8b@group-43DACBA294D5-LeaderElection26] INFO  impl.LeaderElection (LeaderElection.java:logAndReturn(93)) -   Response 0: f079c5a0-ef00-4d60-9ad2-3d1de424dd8b<-ef998961-c73b-4226-87f3-43670785e9df#0:FAIL-t9
2021-12-07 08:24:07,659 [f079c5a0-ef00-4d60-9ad2-3d1de424dd8b@group-43DACBA294D5-LeaderElection26] INFO  impl.LeaderElection (LeaderElection.java:logAndReturn(93)) -   Response 1: f079c5a0-ef00-4d60-9ad2-3d1de424dd8b<-fa0dcf4e-df9f-4e34-8330-207691817642#0:FAIL-t9
2021-12-07 08:24:07,659 [f079c5a0-ef00-4d60-9ad2-3d1de424dd8b@group-43DACBA294D5-LeaderElection26] INFO  impl.LeaderElection (LeaderElection.java:askForVotes(308)) - f079c5a0-ef00-4d60-9ad2-3d1de424dd8b@group-43DACBA294D5-LeaderElection26 ELECTION round 0: result REJECTED
2021-12-07 08:24:07,659 [f079c5a0-ef00-4d60-9ad2-3d1de424dd8b@group-43DACBA294D5-LeaderElection26] INFO  server.RaftServer$Division (RaftServerImpl.java:setRole(290)) - f079c5a0-ef00-4d60-9ad2-3d1de424dd8b@group-43DACBA294D5: changes role from CANDIDATE to FOLLOWER at term 9 for REJECTED
2021-12-07 08:24:07,667 [f079c5a0-ef00-4d60-9ad2-3d1de424dd8b@group-43DACBA294D5-LeaderElection26] INFO  impl.RoleInfo (RoleInfo.java:shutdownLeaderElection(121)) - f079c5a0-ef00-4d60-9ad2-3d1de424dd8b: shutdown f079c5a0-ef00-4d60-9ad2-3d1de424dd8b@group-43DACBA294D5-LeaderElection26
2021-12-07 08:24:07,667 [f079c5a0-ef00-4d60-9ad2-3d1de424dd8b@group-43DACBA294D5-LeaderElection26] INFO  impl.RoleInfo (RoleInfo.java:updateAndGet(130)) - f079c5a0-ef00-4d60-9ad2-3d1de424dd8b: start f079c5a0-ef00-4d60-9ad2-3d1de424dd8b@group-43DACBA294D5-FollowerState
2021-12-07 08:24:07,681 [grpc-default-executor-2] INFO  server.RaftServer$Division (RaftServerImpl.java:requestVote(1046)) - f079c5a0-ef00-4d60-9ad2-3d1de424dd8b@group-43DACBA294D5: receive requestVote(ELECTION, ef998961-c73b-4226-87f3-43670785e9df, group-43DACBA294D5, 9, (t:0, i:0))
2021-12-07 08:24:07,681 [grpc-default-executor-2] INFO  impl.VoteContext (VoteContext.java:log(48)) - f079c5a0-ef00-4d60-9ad2-3d1de424dd8b@group-43DACBA294D5-FOLLOWER: reject ELECTION from ef998961-c73b-4226-87f3-43670785e9df: already has voted for f079c5a0-ef00-4d60-9ad2-3d1de424dd8b at current term 9
2021-12-07 08:24:07,682 [grpc-default-executor-2] INFO  server.RaftServer$Division (RaftServerImpl.java:requestVote(1078)) - f079c5a0-ef00-4d60-9ad2-3d1de424dd8b@group-43DACBA294D5 replies to ELECTION vote request: ef998961-c73b-4226-87f3-43670785e9df<-f079c5a0-ef00-4d60-9ad2-3d1de424dd8b#0:FAIL-t9. Peer's state: f079c5a0-ef00-4d60-9ad2-3d1de424dd8b@group-43DACBA294D5:t9, leader=null, voted=f079c5a0-ef00-4d60-9ad2-3d1de424dd8b, raftlog=f079c5a0-ef00-4d60-9ad2-3d1de424dd8b@group-43DACBA294D5-SegmentedRaftLog:OPENED:c-1, conf=-1: [ef998961-c73b-4226-87f3-43670785e9df|rpc:10.1.0.14:41193|dataStream:|priority:0, fa0dcf4e-df9f-4e34-8330-207691817642|rpc:10.1.0.14:46745|dataStream:|priority:0, f079c5a0-ef00-4d60-9ad2-3d1de424dd8b|rpc:10.1.0.14:37525|dataStream:|priority:1], old=null
2021-12-07 08:24:07,682 [ef998961-c73b-4226-87f3-43670785e9df@group-43DACBA294D5-LeaderElection27] INFO  impl.LeaderElection (LeaderElection.java:logAndReturn(89)) - ef998961-c73b-4226-87f3-43670785e9df@group-43DACBA294D5-LeaderElection27: ELECTION REJECTED received 2 response(s) and 0 exception(s):
2021-12-07 08:24:07,683 [ef998961-c73b-4226-87f3-43670785e9df@group-43DACBA294D5-LeaderElection27] INFO  impl.LeaderElection (LeaderElection.java:logAndReturn(93)) -   Response 0: ef998961-c73b-4226-87f3-43670785e9df<-fa0dcf4e-df9f-4e34-8330-207691817642#0:OK-t9
2021-12-07 08:24:07,683 [ef998961-c73b-4226-87f3-43670785e9df@group-43DACBA294D5-LeaderElection27] INFO  impl.LeaderElection (LeaderElection.java:logAndReturn(93)) -   Response 1: ef998961-c73b-4226-87f3-43670785e9df<-f079c5a0-ef00-4d60-9ad2-3d1de424dd8b#0:FAIL-t9
2021-12-07 08:24:07,683 [ef998961-c73b-4226-87f3-43670785e9df@group-43DACBA294D5-LeaderElection27] INFO  impl.LeaderElection (LeaderElection.java:askForVotes(308)) - ef998961-c73b-4226-87f3-43670785e9df@group-43DACBA294D5-LeaderElection27 ELECTION round 0: result REJECTED
2021-12-07 08:24:07,683 [ef998961-c73b-4226-87f3-43670785e9df@group-43DACBA294D5-LeaderElection27] INFO  server.RaftServer$Division (RaftServerImpl.java:setRole(290)) - ef998961-c73b-4226-87f3-43670785e9df@group-43DACBA294D5: changes role from CANDIDATE to FOLLOWER at term 9 for REJECTED
2021-12-07 08:24:07,683 [ef998961-c73b-4226-87f3-43670785e9df@group-43DACBA294D5-LeaderElection27] INFO  impl.RoleInfo (RoleInfo.java:shutdownLeaderElection(121)) - ef998961-c73b-4226-87f3-43670785e9df: shutdown ef998961-c73b-4226-87f3-43670785e9df@group-43DACBA294D5-LeaderElection27
2021-12-07 08:24:07,683 [ef998961-c73b-4226-87f3-43670785e9df@group-43DACBA294D5-LeaderElection27] INFO  impl.RoleInfo (RoleInfo.java:updateAndGet(130)) - ef998961-c73b-4226-87f3-43670785e9df: start ef998961-c73b-4226-87f3-43670785e9df@group-43DACBA294D5-FollowerState
2021-12-07 08:24:08,206 [Listener at 127.0.0.1/40979] INFO  ozone.MiniOzoneClusterImpl (MiniOzoneClusterImpl.java:lambda$waitForClusterToBeReady$0(235)) - Nodes are ready. Got 3 of 3 DN Heartbeats.
2021-12-07 08:24:08,207 [Listener at 127.0.0.1/40979] INFO  ozone.MiniOzoneClusterImpl (MiniOzoneClusterImpl.java:lambda$waitForClusterToBeReady$0(238)) - Waiting for cluster to exit safe mode
2021-12-07 08:24:08,207 [Listener at 127.0.0.1/40979] INFO  ozone.MiniOzoneClusterImpl (MiniOzoneClusterImpl.java:lambda$waitForClusterToBeReady$0(240)) - SCM became leader
2021-12-07 08:24:09,207 [Listener at 127.0.0.1/40979] INFO  ozone.MiniOzoneClusterImpl (MiniOzoneClusterImpl.java:lambda$waitForClusterToBeReady$0(235)) - Nodes are ready. Got 3 of 3 DN Heartbeats.
2021-12-07 08:24:09,208 [Listener at 127.0.0.1/40979] INFO  ozone.MiniOzoneClusterImpl (MiniOzoneClusterImpl.java:lambda$waitForClusterToBeReady$0(238)) - Waiting for cluster to exit safe mode
2021-12-07 08:24:09,208 [Listener at 127.0.0.1/40979] INFO  ozone.MiniOzoneClusterImpl (MiniOzoneClusterImpl.java:lambda$waitForClusterToBeReady$0(240)) - SCM became leader
2021-12-07 08:24:10,208 [Listener at 127.0.0.1/40979] INFO  ozone.MiniOzoneClusterImpl (MiniOzoneClusterImpl.java:lambda$waitForClusterToBeReady$0(235)) - Nodes are ready. Got 3 of 3 DN Heartbeats.
2021-12-07 08:24:10,208 [Listener at 127.0.0.1/40979] INFO  ozone.MiniOzoneClusterImpl (MiniOzoneClusterImpl.java:lambda$waitForClusterToBeReady$0(238)) - Waiting for cluster to exit safe mode
2021-12-07 08:24:10,208 [Listener at 127.0.0.1/40979] INFO  ozone.MiniOzoneClusterImpl (MiniOzoneClusterImpl.java:lambda$waitForClusterToBeReady$0(240)) - SCM became leader
2021-12-07 08:24:11,208 [Listener at 127.0.0.1/40979] INFO  ozone.MiniOzoneClusterImpl (MiniOzoneClusterImpl.java:lambda$waitForClusterToBeReady$0(235)) - Nodes are ready. Got 3 of 3 DN Heartbeats.
2021-12-07 08:24:11,209 [Listener at 127.0.0.1/40979] INFO  ozone.MiniOzoneClusterImpl (MiniOzoneClusterImpl.java:lambda$waitForClusterToBeReady$0(238)) - Waiting for cluster to exit safe mode
2021-12-07 08:24:11,209 [Listener at 127.0.0.1/40979] INFO  ozone.MiniOzoneClusterImpl (MiniOzoneClusterImpl.java:lambda$waitForClusterToBeReady$0(240)) - SCM became leader
2021-12-07 08:24:12,209 [Listener at 127.0.0.1/40979] INFO  ozone.MiniOzoneClusterImpl (MiniOzoneClusterImpl.java:lambda$waitForClusterToBeReady$0(235)) - Nodes are ready. Got 3 of 3 DN Heartbeats.
2021-12-07 08:24:12,209 [Listener at 127.0.0.1/40979] INFO  ozone.MiniOzoneClusterImpl (MiniOzoneClusterImpl.java:lambda$waitForClusterToBeReady$0(238)) - Waiting for cluster to exit safe mode
2021-12-07 08:24:12,209 [Listener at 127.0.0.1/40979] INFO  ozone.MiniOzoneClusterImpl (MiniOzoneClusterImpl.java:lambda$waitForClusterToBeReady$0(240)) - SCM became leader
2021-12-07 08:24:12,757 [f079c5a0-ef00-4d60-9ad2-3d1de424dd8b@group-43DACBA294D5-FollowerState] INFO  impl.FollowerState (FollowerState.java:run(134)) - f079c5a0-ef00-4d60-9ad2-3d1de424dd8b@group-43DACBA294D5-FollowerState: change to CANDIDATE, lastRpcElapsedTime:5090085403ns, electionTimeout:5077ms
2021-12-07 08:24:12,758 [f079c5a0-ef00-4d60-9ad2-3d1de424dd8b@group-43DACBA294D5-FollowerState] INFO  impl.RoleInfo (RoleInfo.java:shutdownFollowerState(108)) - f079c5a0-ef00-4d60-9ad2-3d1de424dd8b: shutdown f079c5a0-ef00-4d60-9ad2-3d1de424dd8b@group-43DACBA294D5-FollowerState
2021-12-07 08:24:12,758 [f079c5a0-ef00-4d60-9ad2-3d1de424dd8b@group-43DACBA294D5-FollowerState] INFO  server.RaftServer$Division (RaftServerImpl.java:setRole(290)) - f079c5a0-ef00-4d60-9ad2-3d1de424dd8b@group-43DACBA294D5: changes role from  FOLLOWER to CANDIDATE at term 9 for changeToCandidate
2021-12-07 08:24:12,758 [f079c5a0-ef00-4d60-9ad2-3d1de424dd8b@group-43DACBA294D5-FollowerState] INFO  server.RaftServerConfigKeys (ConfUtils.java:logGet(44)) - raft.server.leaderelection.pre-vote = false (custom)
2021-12-07 08:24:12,758 [f079c5a0-ef00-4d60-9ad2-3d1de424dd8b@group-43DACBA294D5-FollowerState] INFO  impl.RoleInfo (RoleInfo.java:updateAndGet(130)) - f079c5a0-ef00-4d60-9ad2-3d1de424dd8b: start f079c5a0-ef00-4d60-9ad2-3d1de424dd8b@group-43DACBA294D5-LeaderElection28
2021-12-07 08:24:12,782 [f079c5a0-ef00-4d60-9ad2-3d1de424dd8b@group-43DACBA294D5-LeaderElection28] INFO  impl.LeaderElection (LeaderElection.java:askForVotes(306)) - f079c5a0-ef00-4d60-9ad2-3d1de424dd8b@group-43DACBA294D5-LeaderElection28 ELECTION round 0: submit vote requests at term 10 for -1: [ef998961-c73b-4226-87f3-43670785e9df|rpc:10.1.0.14:41193|dataStream:|priority:0, fa0dcf4e-df9f-4e34-8330-207691817642|rpc:10.1.0.14:46745|dataStream:|priority:0, f079c5a0-ef00-4d60-9ad2-3d1de424dd8b|rpc:10.1.0.14:37525|dataStream:|priority:1], old=null
2021-12-07 08:24:12,804 [grpc-default-executor-2] INFO  server.RaftServer$Division (RaftServerImpl.java:requestVote(1046)) - ef998961-c73b-4226-87f3-43670785e9df@group-43DACBA294D5: receive requestVote(ELECTION, f079c5a0-ef00-4d60-9ad2-3d1de424dd8b, group-43DACBA294D5, 10, (t:0, i:0))
2021-12-07 08:24:12,804 [grpc-default-executor-2] INFO  impl.VoteContext (VoteContext.java:log(48)) - ef998961-c73b-4226-87f3-43670785e9df@group-43DACBA294D5-FOLLOWER: accept ELECTION from f079c5a0-ef00-4d60-9ad2-3d1de424dd8b: our priority 0 <= candidate's priority 1
2021-12-07 08:24:12,804 [grpc-default-executor-2] INFO  server.RaftServer$Division (RaftServerImpl.java:setRole(290)) - ef998961-c73b-4226-87f3-43670785e9df@group-43DACBA294D5: changes role from  FOLLOWER to FOLLOWER at term 10 for candidate:f079c5a0-ef00-4d60-9ad2-3d1de424dd8b
2021-12-07 08:24:12,804 [grpc-default-executor-2] INFO  impl.RoleInfo (RoleInfo.java:shutdownFollowerState(108)) - ef998961-c73b-4226-87f3-43670785e9df: shutdown ef998961-c73b-4226-87f3-43670785e9df@group-43DACBA294D5-FollowerState
2021-12-07 08:24:12,804 [grpc-default-executor-2] INFO  impl.RoleInfo (RoleInfo.java:updateAndGet(130)) - ef998961-c73b-4226-87f3-43670785e9df: start ef998961-c73b-4226-87f3-43670785e9df@group-43DACBA294D5-FollowerState
2021-12-07 08:24:12,804 [ef998961-c73b-4226-87f3-43670785e9df@group-43DACBA294D5-FollowerState] INFO  impl.FollowerState (FollowerState.java:run(143)) - ef998961-c73b-4226-87f3-43670785e9df@group-43DACBA294D5-FollowerState was interrupted: {}
java.lang.InterruptedException: sleep interrupted
	at java.lang.Thread.sleep(Native Method)
	at java.lang.Thread.sleep(Thread.java:340)
	at java.util.concurrent.TimeUnit.sleep(TimeUnit.java:386)
	at org.apache.ratis.util.TimeDuration.sleep(TimeDuration.java:324)
	at org.apache.ratis.util.TimeDuration.sleep(TimeDuration.java:309)
	at org.apache.ratis.server.impl.FollowerState.run(FollowerState.java:118)
2021-12-07 08:24:12,828 [grpc-default-executor-2] INFO  server.RaftServer$Division (RaftServerImpl.java:requestVote(1078)) - ef998961-c73b-4226-87f3-43670785e9df@group-43DACBA294D5 replies to ELECTION vote request: f079c5a0-ef00-4d60-9ad2-3d1de424dd8b<-ef998961-c73b-4226-87f3-43670785e9df#0:OK-t10. Peer's state: ef998961-c73b-4226-87f3-43670785e9df@group-43DACBA294D5:t10, leader=null, voted=f079c5a0-ef00-4d60-9ad2-3d1de424dd8b, raftlog=ef998961-c73b-4226-87f3-43670785e9df@group-43DACBA294D5-SegmentedRaftLog:OPENED:c-1, conf=-1: [ef998961-c73b-4226-87f3-43670785e9df|rpc:10.1.0.14:41193|dataStream:|priority:0, fa0dcf4e-df9f-4e34-8330-207691817642|rpc:10.1.0.14:46745|dataStream:|priority:0, f079c5a0-ef00-4d60-9ad2-3d1de424dd8b|rpc:10.1.0.14:37525|dataStream:|priority:1], old=null
2021-12-07 08:24:12,828 [fa0dcf4e-df9f-4e34-8330-207691817642@group-43DACBA294D5-FollowerState] INFO  impl.FollowerState (FollowerState.java:run(134)) - fa0dcf4e-df9f-4e34-8330-207691817642@group-43DACBA294D5-FollowerState: change to CANDIDATE, lastRpcElapsedTime:5185444614ns, electionTimeout:5150ms
2021-12-07 08:24:12,829 [fa0dcf4e-df9f-4e34-8330-207691817642@group-43DACBA294D5-FollowerState] INFO  impl.RoleInfo (RoleInfo.java:shutdownFollowerState(108)) - fa0dcf4e-df9f-4e34-8330-207691817642: shutdown fa0dcf4e-df9f-4e34-8330-207691817642@group-43DACBA294D5-FollowerState
2021-12-07 08:24:12,829 [fa0dcf4e-df9f-4e34-8330-207691817642@group-43DACBA294D5-FollowerState] INFO  server.RaftServer$Division (RaftServerImpl.java:setRole(290)) - fa0dcf4e-df9f-4e34-8330-207691817642@group-43DACBA294D5: changes role from  FOLLOWER to CANDIDATE at term 9 for changeToCandidate
2021-12-07 08:24:12,829 [fa0dcf4e-df9f-4e34-8330-207691817642@group-43DACBA294D5-FollowerState] INFO  server.RaftServerConfigKeys (ConfUtils.java:logGet(44)) - raft.server.leaderelection.pre-vote = false (custom)
2021-12-07 08:24:12,829 [fa0dcf4e-df9f-4e34-8330-207691817642@group-43DACBA294D5-FollowerState] INFO  impl.RoleInfo (RoleInfo.java:updateAndGet(130)) - fa0dcf4e-df9f-4e34-8330-207691817642: start fa0dcf4e-df9f-4e34-8330-207691817642@group-43DACBA294D5-LeaderElection29
2021-12-07 08:24:12,844 [grpc-default-executor-2] INFO  server.RaftServer$Division (RaftServerImpl.java:requestVote(1046)) - fa0dcf4e-df9f-4e34-8330-207691817642@group-43DACBA294D5: receive requestVote(ELECTION, f079c5a0-ef00-4d60-9ad2-3d1de424dd8b, group-43DACBA294D5, 10, (t:0, i:0))
2021-12-07 08:24:12,844 [f079c5a0-ef00-4d60-9ad2-3d1de424dd8b@group-43DACBA294D5-LeaderElection28] INFO  impl.LeaderElection (LeaderElection.java:logAndReturn(89)) - f079c5a0-ef00-4d60-9ad2-3d1de424dd8b@group-43DACBA294D5-LeaderElection28: ELECTION PASSED received 1 response(s) and 0 exception(s):
2021-12-07 08:24:12,845 [f079c5a0-ef00-4d60-9ad2-3d1de424dd8b@group-43DACBA294D5-LeaderElection28] INFO  impl.LeaderElection (LeaderElection.java:logAndReturn(93)) -   Response 0: f079c5a0-ef00-4d60-9ad2-3d1de424dd8b<-ef998961-c73b-4226-87f3-43670785e9df#0:OK-t10
2021-12-07 08:24:12,845 [grpc-default-executor-2] INFO  impl.VoteContext (VoteContext.java:log(48)) - fa0dcf4e-df9f-4e34-8330-207691817642@group-43DACBA294D5-CANDIDATE: accept ELECTION from f079c5a0-ef00-4d60-9ad2-3d1de424dd8b: our priority 0 <= candidate's priority 1
2021-12-07 08:24:12,845 [grpc-default-executor-2] INFO  server.RaftServer$Division (RaftServerImpl.java:setRole(290)) - fa0dcf4e-df9f-4e34-8330-207691817642@group-43DACBA294D5: changes role from CANDIDATE to FOLLOWER at term 10 for candidate:f079c5a0-ef00-4d60-9ad2-3d1de424dd8b
2021-12-07 08:24:12,845 [grpc-default-executor-2] INFO  impl.RoleInfo (RoleInfo.java:shutdownLeaderElection(121)) - fa0dcf4e-df9f-4e34-8330-207691817642: shutdown fa0dcf4e-df9f-4e34-8330-207691817642@group-43DACBA294D5-LeaderElection29
2021-12-07 08:24:12,845 [grpc-default-executor-2] INFO  impl.RoleInfo (RoleInfo.java:updateAndGet(130)) - fa0dcf4e-df9f-4e34-8330-207691817642: start fa0dcf4e-df9f-4e34-8330-207691817642@group-43DACBA294D5-FollowerState
2021-12-07 08:24:12,850 [fa0dcf4e-df9f-4e34-8330-207691817642@group-43DACBA294D5-LeaderElection29] INFO  impl.LeaderElection (LeaderElection.java:run(230)) - fa0dcf4e-df9f-4e34-8330-207691817642@group-43DACBA294D5-LeaderElection29: skip running since this is already CLOSING
2021-12-07 08:24:12,852 [f079c5a0-ef00-4d60-9ad2-3d1de424dd8b@group-43DACBA294D5-LeaderElection28] INFO  impl.LeaderElection (LeaderElection.java:askForVotes(308)) - f079c5a0-ef00-4d60-9ad2-3d1de424dd8b@group-43DACBA294D5-LeaderElection28 ELECTION round 0: result PASSED
2021-12-07 08:24:12,852 [f079c5a0-ef00-4d60-9ad2-3d1de424dd8b@group-43DACBA294D5-LeaderElection28] INFO  impl.RoleInfo (RoleInfo.java:shutdownLeaderElection(121)) - f079c5a0-ef00-4d60-9ad2-3d1de424dd8b: shutdown f079c5a0-ef00-4d60-9ad2-3d1de424dd8b@group-43DACBA294D5-LeaderElection28
2021-12-07 08:24:12,852 [grpc-default-executor-2] INFO  server.RaftServer$Division (RaftServerImpl.java:requestVote(1078)) - fa0dcf4e-df9f-4e34-8330-207691817642@group-43DACBA294D5 replies to ELECTION vote request: f079c5a0-ef00-4d60-9ad2-3d1de424dd8b<-fa0dcf4e-df9f-4e34-8330-207691817642#0:OK-t10. Peer's state: fa0dcf4e-df9f-4e34-8330-207691817642@group-43DACBA294D5:t10, leader=null, voted=f079c5a0-ef00-4d60-9ad2-3d1de424dd8b, raftlog=fa0dcf4e-df9f-4e34-8330-207691817642@group-43DACBA294D5-SegmentedRaftLog:OPENED:c-1, conf=-1: [ef998961-c73b-4226-87f3-43670785e9df|rpc:10.1.0.14:41193|priority:0, fa0dcf4e-df9f-4e34-8330-207691817642|rpc:10.1.0.14:46745|priority:0, f079c5a0-ef00-4d60-9ad2-3d1de424dd8b|rpc:10.1.0.14:37525|priority:1], old=null
2021-12-07 08:24:12,852 [f079c5a0-ef00-4d60-9ad2-3d1de424dd8b@group-43DACBA294D5-LeaderElection28] INFO  server.RaftServer$Division (RaftServerImpl.java:setRole(290)) - f079c5a0-ef00-4d60-9ad2-3d1de424dd8b@group-43DACBA294D5: changes role from CANDIDATE to LEADER at term 10 for changeToLeader
2021-12-07 08:24:12,863 [f079c5a0-ef00-4d60-9ad2-3d1de424dd8b@group-43DACBA294D5-LeaderElection28] INFO  ratis.XceiverServerRatis (XceiverServerRatis.java:handleLeaderChangedNotification(866)) - Leader change notification received for group: group-43DACBA294D5 with new leaderId: f079c5a0-ef00-4d60-9ad2-3d1de424dd8b
2021-12-07 08:24:12,863 [f079c5a0-ef00-4d60-9ad2-3d1de424dd8b@group-43DACBA294D5-LeaderElection28] INFO  server.RaftServer$Division (ServerState.java:setLeader(285)) - f079c5a0-ef00-4d60-9ad2-3d1de424dd8b@group-43DACBA294D5: change Leader from null to f079c5a0-ef00-4d60-9ad2-3d1de424dd8b at term 10 for becomeLeader, leader elected after 51321ms
2021-12-07 08:24:12,863 [f079c5a0-ef00-4d60-9ad2-3d1de424dd8b@group-43DACBA294D5-LeaderElection28] INFO  server.RaftServerConfigKeys (ConfUtils.java:logGet(44)) - raft.server.staging.catchup.gap = 1000 (default)
2021-12-07 08:24:12,864 [f079c5a0-ef00-4d60-9ad2-3d1de424dd8b@group-43DACBA294D5-LeaderElection28] INFO  server.RaftServerConfigKeys (ConfUtils.java:logGet(44)) - raft.server.write.element-limit = 1024 (custom)
2021-12-07 08:24:12,864 [f079c5a0-ef00-4d60-9ad2-3d1de424dd8b@group-43DACBA294D5-LeaderElection28] INFO  server.RaftServerConfigKeys (ConfUtils.java:logGet(44)) - raft.server.write.byte-limit = 1024 M (=1073741824) (custom)
2021-12-07 08:24:12,864 [f079c5a0-ef00-4d60-9ad2-3d1de424dd8b@group-43DACBA294D5-LeaderElection28] INFO  server.RaftServerConfigKeys (ConfUtils.java:logGet(44)) - raft.server.watch.timeout = 180s (custom)
2021-12-07 08:24:12,864 [f079c5a0-ef00-4d60-9ad2-3d1de424dd8b@group-43DACBA294D5-LeaderElection28] INFO  server.RaftServerConfigKeys (ConfUtils.java:logGet(44)) - raft.server.watch.timeout.denomination = 1s (default)
2021-12-07 08:24:12,864 [f079c5a0-ef00-4d60-9ad2-3d1de424dd8b@group-43DACBA294D5-LeaderElection28] INFO  server.RaftServerConfigKeys (ConfUtils.java:logGet(44)) - raft.server.watch.element-limit = 65536 (default)
2021-12-07 08:24:12,864 [f079c5a0-ef00-4d60-9ad2-3d1de424dd8b@group-43DACBA294D5-LeaderElection28] INFO  server.RaftServerConfigKeys (ConfUtils.java:logGet(44)) - raft.server.write.element-limit = 1024 (custom)
2021-12-07 08:24:12,864 [f079c5a0-ef00-4d60-9ad2-3d1de424dd8b@group-43DACBA294D5-LeaderElection28] INFO  server.RaftServerConfigKeys (ConfUtils.java:logGet(44)) - raft.server.write.follower.gap.ratio.max = -1.0 (default)
2021-12-07 08:24:12,864 [f079c5a0-ef00-4d60-9ad2-3d1de424dd8b@group-43DACBA294D5-LeaderElection28] INFO  server.RaftServerConfigKeys (ConfUtils.java:logGet(44)) - raft.server.log.appender.snapshot.chunk.size.max = 16MB (=16777216) (default)
2021-12-07 08:24:12,865 [f079c5a0-ef00-4d60-9ad2-3d1de424dd8b@group-43DACBA294D5-LeaderElection28] INFO  server.RaftServerConfigKeys (ConfUtils.java:logGet(44)) - raft.server.log.appender.buffer.byte-limit = 33554432 (custom)
2021-12-07 08:24:12,865 [f079c5a0-ef00-4d60-9ad2-3d1de424dd8b@group-43DACBA294D5-LeaderElection28] INFO  server.RaftServerConfigKeys (ConfUtils.java:logGet(44)) - raft.server.log.appender.buffer.element-limit = 1 (custom)
2021-12-07 08:24:12,865 [f079c5a0-ef00-4d60-9ad2-3d1de424dd8b@group-43DACBA294D5-LeaderElection28] INFO  grpc.GrpcConfigKeys (ConfUtils.java:logGet(44)) - raft.grpc.server.leader.outstanding.appends.max = 128 (default)
2021-12-07 08:24:12,865 [f079c5a0-ef00-4d60-9ad2-3d1de424dd8b@group-43DACBA294D5-LeaderElection28] INFO  server.RaftServerConfigKeys (ConfUtils.java:logGet(44)) - raft.server.rpc.request.timeout = 60s (custom)
2021-12-07 08:24:12,865 [f079c5a0-ef00-4d60-9ad2-3d1de424dd8b@group-43DACBA294D5-LeaderElection28] INFO  server.RaftServerConfigKeys (ConfUtils.java:logGet(44)) - raft.server.log.appender.install.snapshot.enabled = false (custom)
2021-12-07 08:24:12,866 [EventQueue-PipelineReportForPipelineReportHandler] INFO  pipeline.PipelineManagerImpl (PipelineManagerImpl.java:openPipeline(291)) - Pipeline Pipeline[ Id: a65e756f-4287-423e-aea8-43dacba294d5, Nodes: ef998961-c73b-4226-87f3-43670785e9df{ip: 10.1.0.14, host: fv-az151-352.yf2hydr00wburbhx3j5hxtcipe.bx.internal.cloudapp.net, ports: [REPLICATION=39831, RATIS=41193, RATIS_ADMIN=41193, RATIS_SERVER=41193, STANDALONE=43293], networkLocation: /default-rack, certSerialId: null, persistedOpState: IN_SERVICE, persistedOpStateExpiryEpochSec: 0}fa0dcf4e-df9f-4e34-8330-207691817642{ip: 10.1.0.14, host: fv-az151-352.yf2hydr00wburbhx3j5hxtcipe.bx.internal.cloudapp.net, ports: [REPLICATION=46117, RATIS=46745, RATIS_ADMIN=46745, RATIS_SERVER=46745, STANDALONE=39659], networkLocation: /default-rack, certSerialId: null, persistedOpState: IN_SERVICE, persistedOpStateExpiryEpochSec: 0}f079c5a0-ef00-4d60-9ad2-3d1de424dd8b{ip: 10.1.0.14, host: fv-az151-352.yf2hydr00wburbhx3j5hxtcipe.bx.internal.cloudapp.net, ports: [REPLICATION=45147, RATIS=37525, RATIS_ADMIN=37525, RATIS_SERVER=37525, STANDALONE=37599], networkLocation: /default-rack, certSerialId: null, persistedOpState: IN_SERVICE, persistedOpStateExpiryEpochSec: 0}, ReplicationConfig: RATIS/THREE, State:ALLOCATED, leaderId:f079c5a0-ef00-4d60-9ad2-3d1de424dd8b, CreationTimestamp2021-12-07T08:23:19.185Z[Etc/UTC]] moved to OPEN state
2021-12-07 08:24:12,866 [EventQueue-OpenPipelineForHealthyPipelineSafeModeRule] INFO  safemode.SCMSafeModeManager (HealthyPipelineSafeModeRule.java:process(124)) - SCM in safe mode. Healthy pipelines reported count is 0, required healthy pipeline reported count is 1
2021-12-07 08:24:12,868 [EventQueue-OpenPipelineForHealthyPipelineSafeModeRule] INFO  safemode.SCMSafeModeManager (HealthyPipelineSafeModeRule.java:process(124)) - SCM in safe mode. Healthy pipelines reported count is 1, required healthy pipeline reported count is 1
2021-12-07 08:24:12,868 [EventQueue-OpenPipelineForHealthyPipelineSafeModeRule] INFO  safemode.SCMSafeModeManager (SCMSafeModeManager.java:validateSafeModeExitRules(204)) - HealthyPipelineSafeModeRule rule is successfully validated
2021-12-07 08:24:12,868 [EventQueue-OpenPipelineForHealthyPipelineSafeModeRule] INFO  safemode.SCMSafeModeManager (SCMSafeModeManager.java:validateSafeModeExitRules(219)) - ScmSafeModeManager, all rules are successfully validated
2021-12-07 08:24:12,868 [EventQueue-OpenPipelineForHealthyPipelineSafeModeRule] INFO  safemode.SCMSafeModeManager (SCMSafeModeManager.java:exitSafeMode(248)) - SCM exiting safe mode.
2021-12-07 08:24:12,868 [EventQueue-OpenPipelineForHealthyPipelineSafeModeRule] WARN  events.EventQueue (EventQueue.java:fireEvent(194)) - No event handler registered for event TypedEvent{payloadType=SafeModeStatus, name='Safe mode status'}
2021-12-07 08:24:12,868 [EventQueue-OpenPipelineForHealthyPipelineSafeModeRule] INFO  ha.SCMContext (SCMContext.java:updateSafeModeStatus(211)) - Update SafeModeStatus from SafeModeStatus{safeModeStatus=true, preCheckPassed=true} to SafeModeStatus{safeModeStatus=false, preCheckPassed=true}.
2021-12-07 08:24:12,868 [EventQueue-OpenPipelineForHealthyPipelineSafeModeRule] INFO  pipeline.BackgroundPipelineCreator (BackgroundPipelineCreator.java:notifyStatusChanged(264)) - Service BackgroundPipelineCreator transitions to RUNNING.
2021-12-07 08:24:12,868 [EventQueue-OpenPipelineForHealthyPipelineSafeModeRule] INFO  container.ReplicationManager (ReplicationManager.java:notifyStatusChanged(1758)) - Service ReplicationManager transitions to RUNNING.
2021-12-07 08:24:12,876 [f079c5a0-ef00-4d60-9ad2-3d1de424dd8b@group-43DACBA294D5-LeaderElection28] INFO  server.RaftServerConfigKeys (ConfUtils.java:logGet(44)) - raft.server.log.appender.snapshot.chunk.size.max = 16MB (=16777216) (default)
2021-12-07 08:24:12,876 [f079c5a0-ef00-4d60-9ad2-3d1de424dd8b@group-43DACBA294D5-LeaderElection28] INFO  server.RaftServerConfigKeys (ConfUtils.java:logGet(44)) - raft.server.log.appender.buffer.byte-limit = 33554432 (custom)
2021-12-07 08:24:12,876 [f079c5a0-ef00-4d60-9ad2-3d1de424dd8b@group-43DACBA294D5-LeaderElection28] INFO  server.RaftServerConfigKeys (ConfUtils.java:logGet(44)) - raft.server.log.appender.buffer.element-limit = 1 (custom)
2021-12-07 08:24:12,877 [f079c5a0-ef00-4d60-9ad2-3d1de424dd8b@group-43DACBA294D5-LeaderElection28] INFO  grpc.GrpcConfigKeys (ConfUtils.java:logGet(44)) - raft.grpc.server.leader.outstanding.appends.max = 128 (default)
2021-12-07 08:24:12,877 [f079c5a0-ef00-4d60-9ad2-3d1de424dd8b@group-43DACBA294D5-LeaderElection28] INFO  server.RaftServerConfigKeys (ConfUtils.java:logGet(44)) - raft.server.rpc.request.timeout = 60s (custom)
2021-12-07 08:24:12,877 [f079c5a0-ef00-4d60-9ad2-3d1de424dd8b@group-43DACBA294D5-LeaderElection28] INFO  server.RaftServerConfigKeys (ConfUtils.java:logGet(44)) - raft.server.log.appender.install.snapshot.enabled = false (custom)
2021-12-07 08:24:12,877 [f079c5a0-ef00-4d60-9ad2-3d1de424dd8b@group-43DACBA294D5-LeaderElection28] INFO  impl.RoleInfo (RoleInfo.java:updateAndGet(130)) - f079c5a0-ef00-4d60-9ad2-3d1de424dd8b: start f079c5a0-ef00-4d60-9ad2-3d1de424dd8b@group-43DACBA294D5-LeaderStateImpl
2021-12-07 08:24:12,878 [f079c5a0-ef00-4d60-9ad2-3d1de424dd8b@group-43DACBA294D5-LeaderElection28] INFO  segmented.SegmentedRaftLogWorker (SegmentedRaftLogWorker.java:startLogSegment(394)) - f079c5a0-ef00-4d60-9ad2-3d1de424dd8b@group-43DACBA294D5-SegmentedRaftLogWorker: Starting segment from index:0
2021-12-07 08:24:12,880 [f079c5a0-ef00-4d60-9ad2-3d1de424dd8b@group-43DACBA294D5-SegmentedRaftLogWorker] INFO  segmented.SegmentedRaftLogWorker (SegmentedRaftLogWorker.java:execute(601)) - f079c5a0-ef00-4d60-9ad2-3d1de424dd8b@group-43DACBA294D5-SegmentedRaftLogWorker: created new log segment /home/runner/work/ozone/ozone/hadoop-ozone/integration-test/target/test-dir/MiniOzoneClusterImpl-478fafeb-4ef0-48e3-bd35-2e3f0cf9f61b/datanode-2/data/ratis/a65e756f-4287-423e-aea8-43dacba294d5/current/log_inprogress_0
2021-12-07 08:24:12,913 [f079c5a0-ef00-4d60-9ad2-3d1de424dd8b@group-43DACBA294D5-LeaderElection28] INFO  server.RaftServer$Division (ServerState.java:setRaftConf(387)) - f079c5a0-ef00-4d60-9ad2-3d1de424dd8b@group-43DACBA294D5: set configuration 0: [ef998961-c73b-4226-87f3-43670785e9df|rpc:10.1.0.14:41193|dataStream:|priority:0, fa0dcf4e-df9f-4e34-8330-207691817642|rpc:10.1.0.14:46745|dataStream:|priority:0, f079c5a0-ef00-4d60-9ad2-3d1de424dd8b|rpc:10.1.0.14:37525|dataStream:|priority:1], old=null
2021-12-07 08:24:12,924 [grpc-default-executor-2] INFO  ratis.XceiverServerRatis (XceiverServerRatis.java:handleLeaderChangedNotification(866)) - Leader change notification received for group: group-43DACBA294D5 with new leaderId: f079c5a0-ef00-4d60-9ad2-3d1de424dd8b
2021-12-07 08:24:12,925 [grpc-default-executor-2] INFO  server.RaftServer$Division (ServerState.java:setLeader(285)) - fa0dcf4e-df9f-4e34-8330-207691817642@group-43DACBA294D5: change Leader from null to f079c5a0-ef00-4d60-9ad2-3d1de424dd8b at term 10 for appendEntries, leader elected after 51629ms
2021-12-07 08:24:12,927 [grpc-default-executor-0] INFO  ratis.XceiverServerRatis (XceiverServerRatis.java:handleLeaderChangedNotification(866)) - Leader change notification received for group: group-43DACBA294D5 with new leaderId: f079c5a0-ef00-4d60-9ad2-3d1de424dd8b
2021-12-07 08:24:12,927 [grpc-default-executor-0] INFO  server.RaftServer$Division (ServerState.java:setLeader(285)) - ef998961-c73b-4226-87f3-43670785e9df@group-43DACBA294D5: change Leader from null to f079c5a0-ef00-4d60-9ad2-3d1de424dd8b at term 10 for appendEntries, leader elected after 51518ms
2021-12-07 08:24:12,946 [grpc-default-executor-2] INFO  server.RaftServer$Division (ServerState.java:setRaftConf(387)) - fa0dcf4e-df9f-4e34-8330-207691817642@group-43DACBA294D5: set configuration 0: [ef998961-c73b-4226-87f3-43670785e9df|rpc:10.1.0.14:41193|dataStream:|priority:0, fa0dcf4e-df9f-4e34-8330-207691817642|rpc:10.1.0.14:46745|dataStream:|priority:0, f079c5a0-ef00-4d60-9ad2-3d1de424dd8b|rpc:10.1.0.14:37525|dataStream:|priority:1], old=null
2021-12-07 08:24:12,946 [grpc-default-executor-2] INFO  segmented.SegmentedRaftLogWorker (SegmentedRaftLogWorker.java:startLogSegment(394)) - fa0dcf4e-df9f-4e34-8330-207691817642@group-43DACBA294D5-SegmentedRaftLogWorker: Starting segment from index:0
2021-12-07 08:24:12,950 [grpc-default-executor-2] INFO  server.RaftServer$Division (ServerState.java:setRaftConf(387)) - ef998961-c73b-4226-87f3-43670785e9df@group-43DACBA294D5: set configuration 0: [ef998961-c73b-4226-87f3-43670785e9df|rpc:10.1.0.14:41193|dataStream:|priority:0, fa0dcf4e-df9f-4e34-8330-207691817642|rpc:10.1.0.14:46745|dataStream:|priority:0, f079c5a0-ef00-4d60-9ad2-3d1de424dd8b|rpc:10.1.0.14:37525|dataStream:|priority:1], old=null
2021-12-07 08:24:12,950 [grpc-default-executor-2] INFO  segmented.SegmentedRaftLogWorker (SegmentedRaftLogWorker.java:startLogSegment(394)) - ef998961-c73b-4226-87f3-43670785e9df@group-43DACBA294D5-SegmentedRaftLogWorker: Starting segment from index:0
2021-12-07 08:24:12,950 [fa0dcf4e-df9f-4e34-8330-207691817642@group-43DACBA294D5-SegmentedRaftLogWorker] INFO  segmented.SegmentedRaftLogWorker (SegmentedRaftLogWorker.java:execute(601)) - fa0dcf4e-df9f-4e34-8330-207691817642@group-43DACBA294D5-SegmentedRaftLogWorker: created new log segment /home/runner/work/ozone/ozone/hadoop-ozone/integration-test/target/test-dir/MiniOzoneClusterImpl-478fafeb-4ef0-48e3-bd35-2e3f0cf9f61b/datanode-0/data/ratis/a65e756f-4287-423e-aea8-43dacba294d5/current/log_inprogress_0
2021-12-07 08:24:12,955 [ef998961-c73b-4226-87f3-43670785e9df@group-43DACBA294D5-SegmentedRaftLogWorker] INFO  segmented.SegmentedRaftLogWorker (SegmentedRaftLogWorker.java:execute(601)) - ef998961-c73b-4226-87f3-43670785e9df@group-43DACBA294D5-SegmentedRaftLogWorker: created new log segment /home/runner/work/ozone/ozone/hadoop-ozone/integration-test/target/test-dir/MiniOzoneClusterImpl-478fafeb-4ef0-48e3-bd35-2e3f0cf9f61b/datanode-1/data/ratis/a65e756f-4287-423e-aea8-43dacba294d5/current/log_inprogress_0
2021-12-07 08:24:13,209 [Listener at 127.0.0.1/40979] INFO  ozone.MiniOzoneClusterImpl (MiniOzoneClusterImpl.java:lambda$waitForClusterToBeReady$0(235)) - Nodes are ready. Got 3 of 3 DN Heartbeats.
2021-12-07 08:24:13,209 [Listener at 127.0.0.1/40979] INFO  ozone.MiniOzoneClusterImpl (MiniOzoneClusterImpl.java:lambda$waitForClusterToBeReady$0(238)) - Cluster exits safe mode
2021-12-07 08:24:13,210 [Listener at 127.0.0.1/40979] INFO  ozone.MiniOzoneClusterImpl (MiniOzoneClusterImpl.java:lambda$waitForClusterToBeReady$0(240)) - SCM became leader
2021-12-07 08:24:13,210 [Listener at 127.0.0.1/40979] INFO  server.StorageContainerManager (StorageContainerManager.java:stop(1395)) - Stopping Container Balancer service.
2021-12-07 08:24:13,210 [Listener at 127.0.0.1/40979] INFO  balancer.ContainerBalancer (ContainerBalancer.java:stop(734)) - Container Balancer is not running.
2021-12-07 08:24:13,210 [Listener at 127.0.0.1/40979] INFO  server.StorageContainerManager (StorageContainerManager.java:stop(1402)) - Stopping Replication Manager Service.
2021-12-07 08:24:13,210 [Listener at 127.0.0.1/40979] INFO  container.ReplicationManager (ReplicationManager.java:stop(350)) - Stopping Replication Monitor Thread.
2021-12-07 08:24:13,210 [Listener at 127.0.0.1/40979] INFO  server.StorageContainerManager (StorageContainerManager.java:stop(1409)) - Stopping the Datanode Admin Monitor.
2021-12-07 08:24:13,210 [Listener at 127.0.0.1/40979] INFO  server.StorageContainerManager (StorageContainerManager.java:stop(1416)) - Stopping Lease Manager of the command watchers
2021-12-07 08:24:13,210 [Listener at 127.0.0.1/40979] INFO  server.StorageContainerManager (StorageContainerManager.java:stop(1423)) - Stopping datanode service RPC server
2021-12-07 08:24:13,210 [Listener at 127.0.0.1/40979] INFO  server.SCMDatanodeProtocolServer (SCMDatanodeProtocolServer.java:stop(389)) - Stopping the RPC server for DataNodes
2021-12-07 08:24:13,210 [Listener at 127.0.0.1/40979] INFO  ipc.Server (Server.java:stop(3414)) - Stopping server on 33331
2021-12-07 08:24:13,225 [IPC Server Responder] INFO  ipc.Server (Server.java:run(1512)) - Stopping IPC Server Responder
2021-12-07 08:24:13,237 [IPC Server listener on 0] INFO  ipc.Server (Server.java:run(1376)) - Stopping IPC Server listener on 0
2021-12-07 08:24:13,303 [SCM Heartbeat Processing Thread - 0] WARN  node.NodeStateManager (NodeStateManager.java:scheduleNextHealthCheck(799)) - Current Thread is interrupted, shutting down HB processing thread for Node Manager.
2021-12-07 08:24:13,303 [Listener at 127.0.0.1/40979] INFO  server.StorageContainerManager (StorageContainerManager.java:stop(1431)) - Stopping block service RPC server
2021-12-07 08:24:13,303 [Listener at 127.0.0.1/40979] INFO  server.SCMBlockProtocolServer (SCMBlockProtocolServer.java:stop(160)) - Stopping the RPC server for Block Protocol
2021-12-07 08:24:13,304 [Listener at 127.0.0.1/40979] INFO  ipc.Server (Server.java:stop(3414)) - Stopping server on 39199
2021-12-07 08:24:13,305 [IPC Server Responder] INFO  ipc.Server (Server.java:run(1512)) - Stopping IPC Server Responder
2021-12-07 08:24:13,305 [Listener at 127.0.0.1/40979] INFO  server.StorageContainerManager (StorageContainerManager.java:stop(1438)) - Stopping the StorageContainerLocationProtocol RPC server
2021-12-07 08:24:13,305 [Listener at 127.0.0.1/40979] INFO  server.SCMClientProtocolServer (SCMClientProtocolServer.java:stop(173)) - Stopping the RPC server for Client Protocol
2021-12-07 08:24:13,305 [Listener at 127.0.0.1/40979] INFO  ipc.Server (Server.java:stop(3414)) - Stopping server on 34747
2021-12-07 08:24:13,314 [IPC Server listener on 0] INFO  ipc.Server (Server.java:run(1376)) - Stopping IPC Server listener on 0
2021-12-07 08:24:13,315 [Listener at 127.0.0.1/40979] INFO  server.StorageContainerManager (StorageContainerManager.java:stop(1445)) - Stopping Storage Container Manager HTTP server.
2021-12-07 08:24:13,316 [Listener at 127.0.0.1/40979] INFO  handler.ContextHandler (ContextHandler.java:doStop(1153)) - Stopped o.e.j.w.WebAppContext@20226d48{scm,/,null,STOPPED}{file:/home/runner/work/ozone/ozone/hadoop-ozone/integration-test/target/test-classes/webapps/scm}
2021-12-07 08:24:13,316 [IPC Server Responder] INFO  ipc.Server (Server.java:run(1512)) - Stopping IPC Server Responder
2021-12-07 08:24:13,320 [Listener at 127.0.0.1/40979] INFO  server.AbstractConnector (AbstractConnector.java:doStop(381)) - Stopped ServerConnector@44ac5cfd{HTTP/1.1, (http/1.1)}{0.0.0.0:0}
2021-12-07 08:24:13,320 [Listener at 127.0.0.1/40979] INFO  server.session (HouseKeeper.java:stopScavenging(149)) - node0 Stopped scavenging
2021-12-07 08:24:13,320 [Listener at 127.0.0.1/40979] INFO  handler.ContextHandler (ContextHandler.java:doStop(1153)) - Stopped o.e.j.s.ServletContextHandler@57162a83{static,/static,file:///home/runner/work/ozone/ozone/hadoop-ozone/integration-test/target/test-classes/webapps/static,STOPPED}
2021-12-07 08:24:13,320 [Listener at 127.0.0.1/40979] INFO  handler.ContextHandler (ContextHandler.java:doStop(1153)) - Stopped o.e.j.s.ServletContextHandler@69539171{logs,/logs,file:///home/runner/work/ozone/ozone/hadoop-ozone/integration-test/target/log,STOPPED}
2021-12-07 08:24:13,323 [Listener at 127.0.0.1/40979] INFO  server.StorageContainerManager (StorageContainerManager.java:stop(1456)) - Stopping Block Manager Service.
2021-12-07 08:24:13,323 [Listener at 127.0.0.1/40979] INFO  utils.BackgroundService (BackgroundService.java:shutdown(132)) - Shutting down service SCMBlockDeletingService
2021-12-07 08:24:13,323 [Listener at 127.0.0.1/40979] INFO  utils.BackgroundService (BackgroundService.java:shutdown(132)) - Shutting down service SCMBlockDeletingService
2021-12-07 08:24:13,324 [Listener at 127.0.0.1/40979] INFO  server.StorageContainerManager (StorageContainerManager.java:stop(1483)) - Stopping SCM Event Queue.
2021-12-07 08:24:13,325 [Listener at 127.0.0.1/40979] INFO  server.StorageContainerManager (StorageContainerManager.java:stop(1494)) - Stopping SCM HA services.
2021-12-07 08:24:13,325 [Listener at 127.0.0.1/40979] INFO  pipeline.BackgroundPipelineCreator (BackgroundPipelineCreator.java:stop(158)) - Stopping RatisPipelineUtilsThread.
2021-12-07 08:24:13,325 [Listener at 127.0.0.1/40979] INFO  server.StorageContainerManager (StorageContainerManager.java:stop(1504)) - Stopping SCM MetadataStore.
2021-12-07 08:24:13,326 [Listener at 127.0.0.1/40979] INFO  impl.MetricsSystemImpl (MetricsSystemImpl.java:stop(210)) - Stopping HddsDatanode metrics system...
2021-12-07 08:24:13,335 [IPC Server listener on 0] INFO  ipc.Server (Server.java:run(1376)) - Stopping IPC Server listener on 0
2021-12-07 08:24:13,391 [prometheus] INFO  impl.MetricsSinkAdapter (MetricsSinkAdapter.java:publishMetricsFromQueue(141)) - prometheus thread interrupted.
2021-12-07 08:24:13,391 [Listener at 127.0.0.1/40979] INFO  impl.MetricsSystemImpl (MetricsSystemImpl.java:stop(216)) - HddsDatanode metrics system stopped.
2021-12-07 08:24:13,806 [EndpointStateMachine task thread for /0.0.0.0:33331 - 0 ] WARN  statemachine.EndpointStateMachine (EndpointStateMachine.java:logIfNeeded(236)) - Unable to communicate to SCM server at 0.0.0.0:33331 for past 0 seconds.
java.io.EOFException: End of File Exception between local host is: "fv-az151-352/10.1.0.14"; destination host is: "0.0.0.0":33331; : java.io.EOFException; For more details see:  http://wiki.apache.org/hadoop/EOFException
	at sun.reflect.NativeConstructorAccessorImpl.newInstance0(Native Method)
	at sun.reflect.NativeConstructorAccessorImpl.newInstance(NativeConstructorAccessorImpl.java:62)
	at sun.reflect.DelegatingConstructorAccessorImpl.newInstance(DelegatingConstructorAccessorImpl.java:45)
	at java.lang.reflect.Constructor.newInstance(Constructor.java:423)
	at org.apache.hadoop.net.NetUtils.wrapWithMessage(NetUtils.java:913)
	at org.apache.hadoop.net.NetUtils.wrapException(NetUtils.java:862)
	at org.apache.hadoop.ipc.Client.getRpcResponse(Client.java:1577)
	at org.apache.hadoop.ipc.Client.call(Client.java:1519)
	at org.apache.hadoop.ipc.Client.call(Client.java:1416)
	at org.apache.hadoop.ipc.ProtobufRpcEngine$Invoker.invoke(ProtobufRpcEngine.java:236)
	at org.apache.hadoop.ipc.ProtobufRpcEngine$Invoker.invoke(ProtobufRpcEngine.java:123)
	at com.sun.proxy.$Proxy49.submitRequest(Unknown Source)
	at org.apache.hadoop.ozone.protocolPB.StorageContainerDatanodeProtocolClientSideTranslatorPB.submitRequest(StorageContainerDatanodeProtocolClientSideTranslatorPB.java:117)
	at org.apache.hadoop.ozone.protocolPB.StorageContainerDatanodeProtocolClientSideTranslatorPB.sendHeartbeat(StorageContainerDatanodeProtocolClientSideTranslatorPB.java:149)
	at org.apache.hadoop.ozone.container.common.states.endpoint.HeartbeatEndpointTask.call(HeartbeatEndpointTask.java:179)
	at org.apache.hadoop.ozone.container.common.states.endpoint.HeartbeatEndpointTask.call(HeartbeatEndpointTask.java:82)
	at java.util.concurrent.FutureTask.run(FutureTask.java:266)
	at java.util.concurrent.ThreadPoolExecutor.runWorker(ThreadPoolExecutor.java:1149)
	at java.util.concurrent.ThreadPoolExecutor$Worker.run(ThreadPoolExecutor.java:624)
	at java.lang.Thread.run(Thread.java:748)
Caused by: java.io.EOFException
	at java.io.DataInputStream.readInt(DataInputStream.java:392)
	at org.apache.hadoop.ipc.Client$IpcStreams.readResponse(Client.java:1892)
	at org.apache.hadoop.ipc.Client$Connection.receiveRpcResponse(Client.java:1202)
	at org.apache.hadoop.ipc.Client$Connection.run(Client.java:1098)
2021-12-07 08:24:14,868 [EndpointStateMachine task thread for /0.0.0.0:33331 - 0 ] INFO  ipc.Client (Client.java:handleConnectionFailure(977)) - Retrying connect to server: 0.0.0.0/0.0.0.0:33331. Already tried 0 time(s); retry policy is RetryUpToMaximumCountWithFixedSleep(maxRetries=15, sleepTime=1000 MILLISECONDS)
2021-12-07 08:24:15,869 [EndpointStateMachine task thread for /0.0.0.0:33331 - 0 ] INFO  ipc.Client (Client.java:handleConnectionFailure(977)) - Retrying connect to server: 0.0.0.0/0.0.0.0:33331. Already tried 1 time(s); retry policy is RetryUpToMaximumCountWithFixedSleep(maxRetries=15, sleepTime=1000 MILLISECONDS)
2021-12-07 08:24:16,869 [EndpointStateMachine task thread for /0.0.0.0:33331 - 0 ] INFO  ipc.Client (Client.java:handleConnectionFailure(977)) - Retrying connect to server: 0.0.0.0/0.0.0.0:33331. Already tried 2 time(s); retry policy is RetryUpToMaximumCountWithFixedSleep(maxRetries=15, sleepTime=1000 MILLISECONDS)
2021-12-07 08:24:17,870 [EndpointStateMachine task thread for /0.0.0.0:33331 - 0 ] INFO  ipc.Client (Client.java:handleConnectionFailure(977)) - Retrying connect to server: 0.0.0.0/0.0.0.0:33331. Already tried 3 time(s); retry policy is RetryUpToMaximumCountWithFixedSleep(maxRetries=15, sleepTime=1000 MILLISECONDS)
2021-12-07 08:24:18,391 [Listener at 127.0.0.1/40979] INFO  ozoneimpl.OzoneContainer (OzoneContainer.java:stop(325)) - Attempting to stop container services.
2021-12-07 08:24:18,392 [Listener at 127.0.0.1/40979] INFO  server.RaftServer (RaftServerProxy.java:lambda$close$6(391)) - fa0dcf4e-df9f-4e34-8330-207691817642: close
2021-12-07 08:24:18,398 [Listener at 127.0.0.1/40979] INFO  server.RaftServer$Division (RaftServerImpl.java:lambda$close$4(412)) - fa0dcf4e-df9f-4e34-8330-207691817642@group-43DACBA294D5: shutdown
2021-12-07 08:24:18,398 [Listener at 127.0.0.1/40979] INFO  util.JmxRegister (JmxRegister.java:unregister(73)) - Successfully un-registered JMX Bean with object name Ratis:service=RaftServer,group=group-43DACBA294D5,id=fa0dcf4e-df9f-4e34-8330-207691817642
2021-12-07 08:24:18,398 [Listener at 127.0.0.1/40979] INFO  impl.RoleInfo (RoleInfo.java:shutdownFollowerState(108)) - fa0dcf4e-df9f-4e34-8330-207691817642: shutdown fa0dcf4e-df9f-4e34-8330-207691817642@group-43DACBA294D5-FollowerState
2021-12-07 08:24:18,398 [Listener at 127.0.0.1/40979] INFO  impl.StateMachineUpdater (StateMachineUpdater.java:stopAndJoin(149)) - fa0dcf4e-df9f-4e34-8330-207691817642@group-43DACBA294D5-StateMachineUpdater: set stopIndex = 0
2021-12-07 08:24:18,398 [fa0dcf4e-df9f-4e34-8330-207691817642@group-43DACBA294D5-FollowerState] INFO  impl.FollowerState (FollowerState.java:run(143)) - fa0dcf4e-df9f-4e34-8330-207691817642@group-43DACBA294D5-FollowerState was interrupted: {}
java.lang.InterruptedException: sleep interrupted
	at java.lang.Thread.sleep(Native Method)
	at java.lang.Thread.sleep(Thread.java:340)
	at java.util.concurrent.TimeUnit.sleep(TimeUnit.java:386)
	at org.apache.ratis.util.TimeDuration.sleep(TimeDuration.java:324)
	at org.apache.ratis.util.TimeDuration.sleep(TimeDuration.java:309)
	at org.apache.ratis.server.impl.FollowerState.run(FollowerState.java:118)
2021-12-07 08:24:18,399 [fa0dcf4e-df9f-4e34-8330-207691817642@group-43DACBA294D5-StateMachineUpdater] INFO  ratis.ContainerStateMachine (ContainerStateMachine.java:takeSnapshot(299)) - group-43DACBA294D5: Taking a snapshot at:(t:10, i:0) file /home/runner/work/ozone/ozone/hadoop-ozone/integration-test/target/test-dir/MiniOzoneClusterImpl-478fafeb-4ef0-48e3-bd35-2e3f0cf9f61b/datanode-0/data/ratis/a65e756f-4287-423e-aea8-43dacba294d5/sm/snapshot.10_0
2021-12-07 08:24:18,401 [fa0dcf4e-df9f-4e34-8330-207691817642@group-43DACBA294D5-StateMachineUpdater] INFO  ratis.ContainerStateMachine (ContainerStateMachine.java:takeSnapshot(310)) - group-43DACBA294D5: Finished taking a snapshot at:(t:10, i:0) file:/home/runner/work/ozone/ozone/hadoop-ozone/integration-test/target/test-dir/MiniOzoneClusterImpl-478fafeb-4ef0-48e3-bd35-2e3f0cf9f61b/datanode-0/data/ratis/a65e756f-4287-423e-aea8-43dacba294d5/sm/snapshot.10_0 took: 2 ms
2021-12-07 08:24:18,401 [fa0dcf4e-df9f-4e34-8330-207691817642@group-43DACBA294D5-StateMachineUpdater] INFO  impl.StateMachineUpdater (StateMachineUpdater.java:takeSnapshot(281)) - fa0dcf4e-df9f-4e34-8330-207691817642@group-43DACBA294D5-StateMachineUpdater: Took a snapshot at index 0
2021-12-07 08:24:18,401 [fa0dcf4e-df9f-4e34-8330-207691817642@group-43DACBA294D5-StateMachineUpdater] INFO  impl.StateMachineUpdater (StateMachineUpdater.java:lambda$new$0(89)) - fa0dcf4e-df9f-4e34-8330-207691817642@group-43DACBA294D5-StateMachineUpdater: snapshotIndex: updateIncreasingly -1 -> 0
2021-12-07 08:24:18,407 [Listener at 127.0.0.1/40979] INFO  server.RaftServer$Division (ServerState.java:close(419)) - fa0dcf4e-df9f-4e34-8330-207691817642@group-43DACBA294D5: closes. applyIndex: 0
2021-12-07 08:24:18,407 [fa0dcf4e-df9f-4e34-8330-207691817642@group-43DACBA294D5-SegmentedRaftLogWorker] INFO  segmented.SegmentedRaftLogWorker (SegmentedRaftLogWorker.java:run(327)) - fa0dcf4e-df9f-4e34-8330-207691817642@group-43DACBA294D5-SegmentedRaftLogWorker was interrupted, exiting. There are 0 tasks remaining in the queue.
2021-12-07 08:24:18,408 [Listener at 127.0.0.1/40979] INFO  segmented.SegmentedRaftLogWorker (SegmentedRaftLogWorker.java:close(237)) - fa0dcf4e-df9f-4e34-8330-207691817642@group-43DACBA294D5-SegmentedRaftLogWorker close()
2021-12-07 08:24:18,409 [Listener at 127.0.0.1/40979] INFO  server.RaftServer$Division (RaftServerImpl.java:lambda$close$4(412)) - fa0dcf4e-df9f-4e34-8330-207691817642@group-91B4EE80195C: shutdown
2021-12-07 08:24:18,409 [Listener at 127.0.0.1/40979] INFO  util.JmxRegister (JmxRegister.java:unregister(73)) - Successfully un-registered JMX Bean with object name Ratis:service=RaftServer,group=group-91B4EE80195C,id=fa0dcf4e-df9f-4e34-8330-207691817642
2021-12-07 08:24:18,410 [Listener at 127.0.0.1/40979] INFO  impl.RoleInfo (RoleInfo.java:shutdownLeaderState(91)) - fa0dcf4e-df9f-4e34-8330-207691817642: shutdown fa0dcf4e-df9f-4e34-8330-207691817642@group-91B4EE80195C-LeaderStateImpl
2021-12-07 08:24:18,410 [Listener at 127.0.0.1/40979] INFO  impl.PendingRequests (PendingRequests.java:sendNotLeaderResponses(282)) - fa0dcf4e-df9f-4e34-8330-207691817642@group-91B4EE80195C-PendingRequests: sendNotLeaderResponses
2021-12-07 08:24:18,410 [fa0dcf4e-df9f-4e34-8330-207691817642@group-91B4EE80195C-StateMachineUpdater] INFO  ratis.ContainerStateMachine (ContainerStateMachine.java:takeSnapshot(299)) - group-91B4EE80195C: Taking a snapshot at:(t:1, i:0) file /home/runner/work/ozone/ozone/hadoop-ozone/integration-test/target/test-dir/MiniOzoneClusterImpl-478fafeb-4ef0-48e3-bd35-2e3f0cf9f61b/datanode-0/data/ratis/7be8df67-e0f8-4960-95f1-91b4ee80195c/sm/snapshot.1_0
2021-12-07 08:24:18,411 [Listener at 127.0.0.1/40979] INFO  impl.StateMachineUpdater (StateMachineUpdater.java:stopAndJoin(149)) - fa0dcf4e-df9f-4e34-8330-207691817642@group-91B4EE80195C-StateMachineUpdater: set stopIndex = 0
2021-12-07 08:24:18,412 [fa0dcf4e-df9f-4e34-8330-207691817642@group-91B4EE80195C-StateMachineUpdater] INFO  ratis.ContainerStateMachine (ContainerStateMachine.java:takeSnapshot(310)) - group-91B4EE80195C: Finished taking a snapshot at:(t:1, i:0) file:/home/runner/work/ozone/ozone/hadoop-ozone/integration-test/target/test-dir/MiniOzoneClusterImpl-478fafeb-4ef0-48e3-bd35-2e3f0cf9f61b/datanode-0/data/ratis/7be8df67-e0f8-4960-95f1-91b4ee80195c/sm/snapshot.1_0 took: 2 ms
2021-12-07 08:24:18,412 [fa0dcf4e-df9f-4e34-8330-207691817642@group-91B4EE80195C-StateMachineUpdater] INFO  impl.StateMachineUpdater (StateMachineUpdater.java:takeSnapshot(281)) - fa0dcf4e-df9f-4e34-8330-207691817642@group-91B4EE80195C-StateMachineUpdater: Took a snapshot at index 0
2021-12-07 08:24:18,412 [fa0dcf4e-df9f-4e34-8330-207691817642@group-91B4EE80195C-StateMachineUpdater] INFO  impl.StateMachineUpdater (StateMachineUpdater.java:lambda$new$0(89)) - fa0dcf4e-df9f-4e34-8330-207691817642@group-91B4EE80195C-StateMachineUpdater: snapshotIndex: updateIncreasingly -1 -> 0
2021-12-07 08:24:18,412 [Listener at 127.0.0.1/40979] INFO  server.RaftServer$Division (ServerState.java:close(419)) - fa0dcf4e-df9f-4e34-8330-207691817642@group-91B4EE80195C: closes. applyIndex: 0
2021-12-07 08:24:18,412 [fa0dcf4e-df9f-4e34-8330-207691817642@group-91B4EE80195C-SegmentedRaftLogWorker] INFO  segmented.SegmentedRaftLogWorker (SegmentedRaftLogWorker.java:run(327)) - fa0dcf4e-df9f-4e34-8330-207691817642@group-91B4EE80195C-SegmentedRaftLogWorker was interrupted, exiting. There are 0 tasks remaining in the queue.
2021-12-07 08:24:18,413 [Listener at 127.0.0.1/40979] INFO  segmented.SegmentedRaftLogWorker (SegmentedRaftLogWorker.java:close(237)) - fa0dcf4e-df9f-4e34-8330-207691817642@group-91B4EE80195C-SegmentedRaftLogWorker close()
2021-12-07 08:24:18,413 [Listener at 127.0.0.1/40979] INFO  server.GrpcService (GrpcService.java:closeImpl(262)) - fa0dcf4e-df9f-4e34-8330-207691817642: shutdown server with port 46745 now
2021-12-07 08:24:18,415 [grpc-default-executor-0] WARN  server.GrpcServerProtocolService (LogUtils.java:warn(122)) - fa0dcf4e-df9f-4e34-8330-207691817642: installSnapshot onError, lastRequest: f079c5a0-ef00-4d60-9ad2-3d1de424dd8b->fa0dcf4e-df9f-4e34-8330-207691817642#1-t10,previous=(t:0, i:0),leaderCommit=-1,initializing? true,entries: size=1, first=(t:10, i:0), CONFIGURATIONENTRY: org.apache.ratis.thirdparty.io.grpc.StatusRuntimeException: CANCELLED: client cancelled
2021-12-07 08:24:18,419 [grpc-default-executor-1] WARN  server.GrpcLogAppender (LogUtils.java:warn(122)) - f079c5a0-ef00-4d60-9ad2-3d1de424dd8b@group-43DACBA294D5->fa0dcf4e-df9f-4e34-8330-207691817642-AppendLogResponseHandler: Failed appendEntries: org.apache.ratis.thirdparty.io.grpc.StatusRuntimeException: CANCELLED: HTTP/2 error code: CANCEL
Received Rst Stream
2021-12-07 08:24:18,419 [grpc-default-executor-1] WARN  server.GrpcLogAppender (GrpcLogAppender.java:resetClient(110)) - f079c5a0-ef00-4d60-9ad2-3d1de424dd8b@group-43DACBA294D5->fa0dcf4e-df9f-4e34-8330-207691817642-GrpcLogAppender: Leader has not got in touch with Follower f079c5a0-ef00-4d60-9ad2-3d1de424dd8b@group-43DACBA294D5->fa0dcf4e-df9f-4e34-8330-207691817642(c0,m0,n1, attendVote=true, lastRpcSendTime=439, lastRpcResponseTime=427) yet, just keep nextIndex unchanged and retry.
2021-12-07 08:24:18,432 [Listener at 127.0.0.1/40979] INFO  server.GrpcService (GrpcService.java:closeImpl(271)) - fa0dcf4e-df9f-4e34-8330-207691817642: shutdown server with port 46745 successfully
2021-12-07 08:24:18,432 [org.apache.ratis.util.JvmPauseMonitor$$Lambda$533/1661870091@7bd4c5b1] INFO  util.JvmPauseMonitor (JvmPauseMonitor.java:run(109)) - JvmPauseMonitor-fa0dcf4e-df9f-4e34-8330-207691817642: Stopped
2021-12-07 08:24:18,871 [EndpointStateMachine task thread for /0.0.0.0:33331 - 0 ] INFO  ipc.Client (Client.java:handleConnectionFailure(977)) - Retrying connect to server: 0.0.0.0/0.0.0.0:33331. Already tried 4 time(s); retry policy is RetryUpToMaximumCountWithFixedSleep(maxRetries=15, sleepTime=1000 MILLISECONDS)
2021-12-07 08:24:19,875 [EndpointStateMachine task thread for /0.0.0.0:33331 - 0 ] INFO  ipc.Client (Client.java:handleConnectionFailure(977)) - Retrying connect to server: 0.0.0.0/0.0.0.0:33331. Already tried 5 time(s); retry policy is RetryUpToMaximumCountWithFixedSleep(maxRetries=15, sleepTime=1000 MILLISECONDS)
2021-12-07 08:24:20,500 [grpc-default-executor-0] WARN  server.GrpcLogAppender (LogUtils.java:warn(122)) - f079c5a0-ef00-4d60-9ad2-3d1de424dd8b@group-43DACBA294D5->fa0dcf4e-df9f-4e34-8330-207691817642-AppendLogResponseHandler: Failed appendEntries: org.apache.ratis.thirdparty.io.grpc.StatusRuntimeException: UNAVAILABLE: io exception
2021-12-07 08:24:20,502 [grpc-default-executor-0] WARN  server.GrpcLogAppender (GrpcLogAppender.java:resetClient(110)) - f079c5a0-ef00-4d60-9ad2-3d1de424dd8b@group-43DACBA294D5->fa0dcf4e-df9f-4e34-8330-207691817642-GrpcLogAppender: Leader has not got in touch with Follower f079c5a0-ef00-4d60-9ad2-3d1de424dd8b@group-43DACBA294D5->fa0dcf4e-df9f-4e34-8330-207691817642(c0,m0,n1, attendVote=true, lastRpcSendTime=5, lastRpcResponseTime=2510) yet, just keep nextIndex unchanged and retry.
2021-12-07 08:24:20,876 [EndpointStateMachine task thread for /0.0.0.0:33331 - 0 ] INFO  ipc.Client (Client.java:handleConnectionFailure(977)) - Retrying connect to server: 0.0.0.0/0.0.0.0:33331. Already tried 6 time(s); retry policy is RetryUpToMaximumCountWithFixedSleep(maxRetries=15, sleepTime=1000 MILLISECONDS)
2021-12-07 08:24:21,879 [EndpointStateMachine task thread for /0.0.0.0:33331 - 0 ] INFO  ipc.Client (Client.java:handleConnectionFailure(977)) - Retrying connect to server: 0.0.0.0/0.0.0.0:33331. Already tried 7 time(s); retry policy is RetryUpToMaximumCountWithFixedSleep(maxRetries=15, sleepTime=1000 MILLISECONDS)
2021-12-07 08:24:22,880 [EndpointStateMachine task thread for /0.0.0.0:33331 - 0 ] INFO  ipc.Client (Client.java:handleConnectionFailure(977)) - Retrying connect to server: 0.0.0.0/0.0.0.0:33331. Already tried 8 time(s); retry policy is RetryUpToMaximumCountWithFixedSleep(maxRetries=15, sleepTime=1000 MILLISECONDS)
2021-12-07 08:24:23,003 [grpc-default-executor-0] WARN  server.GrpcLogAppender (LogUtils.java:warn(122)) - f079c5a0-ef00-4d60-9ad2-3d1de424dd8b@group-43DACBA294D5->fa0dcf4e-df9f-4e34-8330-207691817642-AppendLogResponseHandler: Failed appendEntries: org.apache.ratis.thirdparty.io.grpc.StatusRuntimeException: UNAVAILABLE: io exception
2021-12-07 08:24:23,004 [grpc-default-executor-0] WARN  server.GrpcLogAppender (GrpcLogAppender.java:resetClient(110)) - f079c5a0-ef00-4d60-9ad2-3d1de424dd8b@group-43DACBA294D5->fa0dcf4e-df9f-4e34-8330-207691817642-GrpcLogAppender: Leader has not got in touch with Follower f079c5a0-ef00-4d60-9ad2-3d1de424dd8b@group-43DACBA294D5->fa0dcf4e-df9f-4e34-8330-207691817642(c0,m0,n1, attendVote=true, lastRpcSendTime=2507, lastRpcResponseTime=5013) yet, just keep nextIndex unchanged and retry.
2021-12-07 08:24:23,881 [EndpointStateMachine task thread for /0.0.0.0:33331 - 0 ] INFO  ipc.Client (Client.java:handleConnectionFailure(977)) - Retrying connect to server: 0.0.0.0/0.0.0.0:33331. Already tried 9 time(s); retry policy is RetryUpToMaximumCountWithFixedSleep(maxRetries=15, sleepTime=1000 MILLISECONDS)
2021-12-07 08:24:24,881 [EndpointStateMachine task thread for /0.0.0.0:33331 - 0 ] INFO  ipc.Client (Client.java:handleConnectionFailure(977)) - Retrying connect to server: 0.0.0.0/0.0.0.0:33331. Already tried 10 time(s); retry policy is RetryUpToMaximumCountWithFixedSleep(maxRetries=15, sleepTime=1000 MILLISECONDS)
2021-12-07 08:24:25,451 [Listener at 127.0.0.1/40979] INFO  utils.BackgroundService (BackgroundService.java:shutdown(132)) - Shutting down service BlockDeletingService
2021-12-07 08:24:25,518 [grpc-default-executor-0] WARN  server.GrpcLogAppender (LogUtils.java:warn(122)) - f079c5a0-ef00-4d60-9ad2-3d1de424dd8b@group-43DACBA294D5->fa0dcf4e-df9f-4e34-8330-207691817642-AppendLogResponseHandler: Failed appendEntries: org.apache.ratis.thirdparty.io.grpc.StatusRuntimeException: UNAVAILABLE: io exception
2021-12-07 08:24:25,519 [grpc-default-executor-0] WARN  server.GrpcLogAppender (GrpcLogAppender.java:resetClient(110)) - f079c5a0-ef00-4d60-9ad2-3d1de424dd8b@group-43DACBA294D5->fa0dcf4e-df9f-4e34-8330-207691817642-GrpcLogAppender: Leader has not got in touch with Follower f079c5a0-ef00-4d60-9ad2-3d1de424dd8b@group-43DACBA294D5->fa0dcf4e-df9f-4e34-8330-207691817642(c0,m0,n1, attendVote=true, lastRpcSendTime=2513, lastRpcResponseTime=7527) yet, just keep nextIndex unchanged and retry.
2021-12-07 08:24:25,882 [EndpointStateMachine task thread for /0.0.0.0:33331 - 0 ] INFO  ipc.Client (Client.java:handleConnectionFailure(977)) - Retrying connect to server: 0.0.0.0/0.0.0.0:33331. Already tried 11 time(s); retry policy is RetryUpToMaximumCountWithFixedSleep(maxRetries=15, sleepTime=1000 MILLISECONDS)
2021-12-07 08:24:26,883 [EndpointStateMachine task thread for /0.0.0.0:33331 - 0 ] INFO  ipc.Client (Client.java:handleConnectionFailure(977)) - Retrying connect to server: 0.0.0.0/0.0.0.0:33331. Already tried 12 time(s); retry policy is RetryUpToMaximumCountWithFixedSleep(maxRetries=15, sleepTime=1000 MILLISECONDS)
2021-12-07 08:24:27,883 [EndpointStateMachine task thread for /0.0.0.0:33331 - 0 ] INFO  ipc.Client (Client.java:handleConnectionFailure(977)) - Retrying connect to server: 0.0.0.0/0.0.0.0:33331. Already tried 13 time(s); retry policy is RetryUpToMaximumCountWithFixedSleep(maxRetries=15, sleepTime=1000 MILLISECONDS)
2021-12-07 08:24:28,032 [grpc-default-executor-0] WARN  server.GrpcLogAppender (LogUtils.java:warn(122)) - f079c5a0-ef00-4d60-9ad2-3d1de424dd8b@group-43DACBA294D5->fa0dcf4e-df9f-4e34-8330-207691817642-AppendLogResponseHandler: Failed appendEntries: org.apache.ratis.thirdparty.io.grpc.StatusRuntimeException: UNAVAILABLE: io exception
2021-12-07 08:24:28,033 [grpc-default-executor-0] WARN  server.GrpcLogAppender (GrpcLogAppender.java:resetClient(110)) - f079c5a0-ef00-4d60-9ad2-3d1de424dd8b@group-43DACBA294D5->fa0dcf4e-df9f-4e34-8330-207691817642-GrpcLogAppender: Leader has not got in touch with Follower f079c5a0-ef00-4d60-9ad2-3d1de424dd8b@group-43DACBA294D5->fa0dcf4e-df9f-4e34-8330-207691817642(c0,m0,n1, attendVote=true, lastRpcSendTime=0, lastRpcResponseTime=10042) yet, just keep nextIndex unchanged and retry.
2021-12-07 08:24:28,461 [Listener at 127.0.0.1/40979] INFO  statemachine.DatanodeStateMachine (DatanodeStateMachine.java:stopDaemon(526)) - Ozone container server stopped.
2021-12-07 08:24:28,462 [Listener at 127.0.0.1/40979] INFO  handler.ContextHandler (ContextHandler.java:doStop(1153)) - Stopped o.e.j.w.WebAppContext@47589e8f{hddsDatanode,/,null,STOPPED}{jar:file:/home/runner/.m2/repository/org/apache/ozone/hdds-container-service/1.3.0-SNAPSHOT/hdds-container-service-1.3.0-SNAPSHOT.jar!/webapps/hddsDatanode}
2021-12-07 08:24:28,463 [Listener at 127.0.0.1/40979] INFO  server.AbstractConnector (AbstractConnector.java:doStop(381)) - Stopped ServerConnector@78b6859c{HTTP/1.1, (http/1.1)}{0.0.0.0:0}
2021-12-07 08:24:28,463 [Listener at 127.0.0.1/40979] INFO  server.session (HouseKeeper.java:stopScavenging(149)) - node0 Stopped scavenging
2021-12-07 08:24:28,463 [Listener at 127.0.0.1/40979] INFO  handler.ContextHandler (ContextHandler.java:doStop(1153)) - Stopped o.e.j.s.ServletContextHandler@3eabe57e{static,/static,jar:file:/home/runner/.m2/repository/org/apache/ozone/hdds-container-service/1.3.0-SNAPSHOT/hdds-container-service-1.3.0-SNAPSHOT.jar!/webapps/static,STOPPED}
2021-12-07 08:24:28,463 [Listener at 127.0.0.1/40979] INFO  handler.ContextHandler (ContextHandler.java:doStop(1153)) - Stopped o.e.j.s.ServletContextHandler@3746349b{logs,/logs,file:///home/runner/work/ozone/ozone/hadoop-ozone/integration-test/target/log,STOPPED}
2021-12-07 08:24:28,467 [Listener at 127.0.0.1/40979] WARN  impl.MetricRegistriesImpl (MetricRegistriesImpl.java:addReporterRegistration(111)) - New reporters are added after registries were created. Some metrics will be missing from the reporter. Please add reporter before adding any new registry.
2021-12-07 08:24:28,471 [Listener at 127.0.0.1/40979] WARN  impl.MetricRegistriesImpl (MetricRegistriesImpl.java:addReporterRegistration(111)) - New reporters are added after registries were created. Some metrics will be missing from the reporter. Please add reporter before adding any new registry.
2021-12-07 08:24:28,473 [Listener at 127.0.0.1/40979] WARN  impl.MetricsConfig (MetricsConfig.java:loadFirst(136)) - Cannot locate configuration: tried hadoop-metrics2-hddsdatanode.properties,hadoop-metrics2.properties
2021-12-07 08:24:28,481 [Listener at 127.0.0.1/40979] INFO  impl.MetricsSystemImpl (MetricsSystemImpl.java:startTimer(378)) - Scheduled Metric snapshot period at 10 second(s).
2021-12-07 08:24:28,481 [Listener at 127.0.0.1/40979] INFO  impl.MetricsSystemImpl (MetricsSystemImpl.java:start(191)) - HddsDatanode metrics system started
2021-12-07 08:24:28,525 [Listener at 127.0.0.1/40979] INFO  impl.MetricsSinkAdapter (MetricsSinkAdapter.java:start(204)) - Sink prometheus started
2021-12-07 08:24:28,525 [Listener at 127.0.0.1/40979] INFO  impl.MetricsSystemImpl (MetricsSystemImpl.java:registerSink(305)) - Registered sink prometheus
2021-12-07 08:24:28,665 [Listener at 127.0.0.1/40979] INFO  ozone.HddsDatanodeService (HddsDatanodeService.java:start(234)) - HddsDatanodeService host:fv-az151-352.yf2hydr00wburbhx3j5hxtcipe.bx.internal.cloudapp.net ip:10.1.0.14
2021-12-07 08:24:28,731 [Listener at 127.0.0.1/40979] INFO  upgrade.AbstractLayoutVersionManager (AbstractLayoutVersionManager.java:init(79)) - Initializing Layout version manager with metadata layout = SCM_HA (version = 2), software layout = SCM_HA (version = 2)
2021-12-07 08:24:28,871 [Listener at 127.0.0.1/40979] INFO  reflections.Reflections (Reflections.java:scan(232)) - Reflections took 139 ms to scan 7 urls, producing 119 keys and 279 values 
2021-12-07 08:24:28,874 [Listener at 127.0.0.1/40979] INFO  statemachine.DatanodeStateMachine (DatanodeStateMachine.java:getEndPointTaskThreadPoolSize(219)) - Datanode State Machine Task Thread Pool size 2
2021-12-07 08:24:28,887 [EndpointStateMachine task thread for /0.0.0.0:33331 - 0 ] INFO  ipc.Client (Client.java:handleConnectionFailure(977)) - Retrying connect to server: 0.0.0.0/0.0.0.0:33331. Already tried 14 time(s); retry policy is RetryUpToMaximumCountWithFixedSleep(maxRetries=15, sleepTime=1000 MILLISECONDS)
2021-12-07 08:24:28,888 [EndpointStateMachine task thread for /0.0.0.0:33331 - 0 ] WARN  statemachine.EndpointStateMachine (EndpointStateMachine.java:logIfNeeded(236)) - Unable to communicate to SCM server at 0.0.0.0:33331 for past 0 seconds.
java.net.ConnectException: Your endpoint configuration is wrong; For more details see:  http://wiki.apache.org/hadoop/UnsetHostnameOrPort
	at sun.reflect.NativeConstructorAccessorImpl.newInstance0(Native Method)
	at sun.reflect.NativeConstructorAccessorImpl.newInstance(NativeConstructorAccessorImpl.java:62)
	at sun.reflect.DelegatingConstructorAccessorImpl.newInstance(DelegatingConstructorAccessorImpl.java:45)
	at java.lang.reflect.Constructor.newInstance(Constructor.java:423)
	at org.apache.hadoop.net.NetUtils.wrapWithMessage(NetUtils.java:913)
	at org.apache.hadoop.net.NetUtils.wrapException(NetUtils.java:824)
	at org.apache.hadoop.ipc.Client.getRpcResponse(Client.java:1577)
	at org.apache.hadoop.ipc.Client.call(Client.java:1519)
	at org.apache.hadoop.ipc.Client.call(Client.java:1416)
	at org.apache.hadoop.ipc.ProtobufRpcEngine$Invoker.invoke(ProtobufRpcEngine.java:236)
	at org.apache.hadoop.ipc.ProtobufRpcEngine$Invoker.invoke(ProtobufRpcEngine.java:123)
	at com.sun.proxy.$Proxy49.submitRequest(Unknown Source)
	at org.apache.hadoop.ozone.protocolPB.StorageContainerDatanodeProtocolClientSideTranslatorPB.submitRequest(StorageContainerDatanodeProtocolClientSideTranslatorPB.java:117)
	at org.apache.hadoop.ozone.protocolPB.StorageContainerDatanodeProtocolClientSideTranslatorPB.sendHeartbeat(StorageContainerDatanodeProtocolClientSideTranslatorPB.java:149)
	at org.apache.hadoop.ozone.container.common.states.endpoint.HeartbeatEndpointTask.call(HeartbeatEndpointTask.java:179)
	at org.apache.hadoop.ozone.container.common.states.endpoint.HeartbeatEndpointTask.call(HeartbeatEndpointTask.java:82)
	at java.util.concurrent.FutureTask.run(FutureTask.java:266)
	at java.util.concurrent.ThreadPoolExecutor.runWorker(ThreadPoolExecutor.java:1149)
	at java.util.concurrent.ThreadPoolExecutor$Worker.run(ThreadPoolExecutor.java:624)
	at java.lang.Thread.run(Thread.java:748)
Caused by: java.net.ConnectException: Connection refused
	at sun.nio.ch.SocketChannelImpl.checkConnect(Native Method)
	at sun.nio.ch.SocketChannelImpl.finishConnect(SocketChannelImpl.java:716)
	at org.apache.hadoop.net.SocketIOWithTimeout.connect(SocketIOWithTimeout.java:206)
	at org.apache.hadoop.net.NetUtils.connect(NetUtils.java:586)
	at org.apache.hadoop.ipc.Client$Connection.setupConnection(Client.java:701)
	at org.apache.hadoop.ipc.Client$Connection.setupIOstreams(Client.java:822)
	at org.apache.hadoop.ipc.Client$Connection.access$3800(Client.java:414)
	at org.apache.hadoop.ipc.Client.getConnection(Client.java:1647)
	at org.apache.hadoop.ipc.Client.call(Client.java:1463)
	... 12 more
2021-12-07 08:24:28,908 [Listener at 127.0.0.1/40979] INFO  volume.HddsVolume (HddsVolume.java:<init>(120)) - Creating HddsVolume: /home/runner/work/ozone/ozone/hadoop-ozone/integration-test/target/test-dir/MiniOzoneClusterImpl-478fafeb-4ef0-48e3-bd35-2e3f0cf9f61b/datanode-0/data-0/containers/hdds of storage type : DISK capacity : 9223372036854775807
2021-12-07 08:24:28,908 [Listener at 127.0.0.1/40979] INFO  volume.MutableVolumeSet (MutableVolumeSet.java:initializeVolumeSet(168)) - Added Volume : /home/runner/work/ozone/ozone/hadoop-ozone/integration-test/target/test-dir/MiniOzoneClusterImpl-478fafeb-4ef0-48e3-bd35-2e3f0cf9f61b/datanode-0/data-0/containers/hdds to VolumeSet
2021-12-07 08:24:28,908 [Listener at 127.0.0.1/40979] INFO  volume.ThrottledAsyncChecker (ThrottledAsyncChecker.java:schedule(141)) - Scheduling a check for /home/runner/work/ozone/ozone/hadoop-ozone/integration-test/target/test-dir/MiniOzoneClusterImpl-478fafeb-4ef0-48e3-bd35-2e3f0cf9f61b/datanode-0/data-0/containers/hdds
2021-12-07 08:24:28,927 [Listener at 127.0.0.1/40979] INFO  volume.StorageVolumeChecker (StorageVolumeChecker.java:checkAllVolumes(202)) - Scheduled health check for volume /home/runner/work/ozone/ozone/hadoop-ozone/integration-test/target/test-dir/MiniOzoneClusterImpl-478fafeb-4ef0-48e3-bd35-2e3f0cf9f61b/datanode-0/data-0/containers/hdds
2021-12-07 08:24:29,012 [Listener at 127.0.0.1/40979] INFO  volume.MutableVolumeSet (MutableVolumeSet.java:initializeVolumeSet(168)) - Added Volume : /home/runner/work/ozone/ozone/hadoop-ozone/integration-test/target/test-dir/MiniOzoneClusterImpl-478fafeb-4ef0-48e3-bd35-2e3f0cf9f61b/datanode-0/data/ratis to VolumeSet
2021-12-07 08:24:29,012 [Listener at 127.0.0.1/40979] INFO  volume.ThrottledAsyncChecker (ThrottledAsyncChecker.java:schedule(141)) - Scheduling a check for /home/runner/work/ozone/ozone/hadoop-ozone/integration-test/target/test-dir/MiniOzoneClusterImpl-478fafeb-4ef0-48e3-bd35-2e3f0cf9f61b/datanode-0/data/ratis
2021-12-07 08:24:29,012 [Listener at 127.0.0.1/40979] INFO  volume.StorageVolumeChecker (StorageVolumeChecker.java:checkAllVolumes(202)) - Scheduled health check for volume /home/runner/work/ozone/ozone/hadoop-ozone/integration-test/target/test-dir/MiniOzoneClusterImpl-478fafeb-4ef0-48e3-bd35-2e3f0cf9f61b/datanode-0/data/ratis
2021-12-07 08:24:29,127 [Thread-691] INFO  ozoneimpl.ContainerReader (ContainerReader.java:readVolume(142)) - Start to verify containers on volume /home/runner/work/ozone/ozone/hadoop-ozone/integration-test/target/test-dir/MiniOzoneClusterImpl-478fafeb-4ef0-48e3-bd35-2e3f0cf9f61b/datanode-0/data-0/containers/hdds
2021-12-07 08:24:29,127 [Thread-691] INFO  ozoneimpl.ContainerReader (ContainerReader.java:readVolume(172)) - Finish verifying containers on volume /home/runner/work/ozone/ozone/hadoop-ozone/integration-test/target/test-dir/MiniOzoneClusterImpl-478fafeb-4ef0-48e3-bd35-2e3f0cf9f61b/datanode-0/data-0/containers/hdds
2021-12-07 08:24:29,128 [Listener at 127.0.0.1/40979] INFO  ozoneimpl.OzoneContainer (OzoneContainer.java:buildContainerSet(236)) - Build ContainerSet costs 0s
2021-12-07 08:24:29,130 [Listener at 127.0.0.1/40979] INFO  server.RaftServer (ConfUtils.java:logGet(44)) - raft.rpc.type = GRPC (default)
2021-12-07 08:24:29,130 [Listener at 127.0.0.1/40979] INFO  grpc.GrpcFactory (GrpcFactory.java:checkPooledByteBufAllocatorUseCacheForAllThreads(48)) - PERFORMANCE WARNING: useCacheForAllThreads is true that may cause Netty to create a lot garbage objects and, as a result, trigger GC.
	It is recommended to disable useCacheForAllThreads by setting -Dorg.apache.ratis.thirdparty.io.netty.allocator.useCacheForAllThreads=false in command line.
2021-12-07 08:24:29,131 [Listener at 127.0.0.1/40979] INFO  grpc.GrpcConfigKeys (ConfUtils.java:logGet(44)) - raft.grpc.admin.port = 46745 (custom)
2021-12-07 08:24:29,131 [Listener at 127.0.0.1/40979] INFO  grpc.GrpcConfigKeys (ConfUtils.java:logGet(44)) - raft.grpc.client.port = 46745 (custom)
2021-12-07 08:24:29,131 [Listener at 127.0.0.1/40979] INFO  grpc.GrpcConfigKeys (ConfUtils.java:logGet(44)) - raft.grpc.server.port = 46745 (custom)
2021-12-07 08:24:29,131 [Listener at 127.0.0.1/40979] INFO  server.GrpcService (ConfUtils.java:logGet(44)) - raft.grpc.message.size.max = 32MB (=33554432) (custom)
2021-12-07 08:24:29,131 [Listener at 127.0.0.1/40979] INFO  server.RaftServerConfigKeys (ConfUtils.java:logGet(44)) - raft.server.log.appender.buffer.byte-limit = 33554432 (custom)
2021-12-07 08:24:29,131 [Listener at 127.0.0.1/40979] INFO  server.GrpcService (ConfUtils.java:logGet(44)) - raft.grpc.flow.control.window = 5MB (=5242880) (custom)
2021-12-07 08:24:29,131 [Listener at 127.0.0.1/40979] INFO  server.RaftServerConfigKeys (ConfUtils.java:logGet(44)) - raft.server.rpc.request.timeout = 60s (custom)
2021-12-07 08:24:29,133 [Listener at 127.0.0.1/40979] INFO  impl.DataStreamServerImpl (ConfUtils.java:logGet(44)) - raft.datastream.type = DISABLED (default)
2021-12-07 08:24:29,133 [Listener at 127.0.0.1/40979] INFO  server.RaftServerConfigKeys (ConfUtils.java:logGet(44)) - raft.server.rpc.slowness.timeout = 300s (custom)
2021-12-07 08:24:29,133 [Listener at 127.0.0.1/40979] INFO  server.RaftServerConfigKeys (ConfUtils.java:logGet(44)) - raft.server.leaderelection.leader.step-down.wait-time = 10s (default)
2021-12-07 08:24:29,133 [Listener at 127.0.0.1/40979] INFO  server.RaftServerConfigKeys (ConfUtils.java:logGet(44)) - raft.server.storage.dir = [/home/runner/work/ozone/ozone/hadoop-ozone/integration-test/target/test-dir/MiniOzoneClusterImpl-478fafeb-4ef0-48e3-bd35-2e3f0cf9f61b/datanode-0/data/ratis] (custom)
2021-12-07 08:24:29,133 [Listener at 127.0.0.1/40979] INFO  server.RaftServer (RaftServerProxy.java:lambda$null$1(235)) - fa0dcf4e-df9f-4e34-8330-207691817642: found a subdirectory /home/runner/work/ozone/ozone/hadoop-ozone/integration-test/target/test-dir/MiniOzoneClusterImpl-478fafeb-4ef0-48e3-bd35-2e3f0cf9f61b/datanode-0/data/ratis/a65e756f-4287-423e-aea8-43dacba294d5
2021-12-07 08:24:29,139 [Listener at 127.0.0.1/40979] INFO  server.RaftServer (RaftServerProxy.java:addNew(95)) - fa0dcf4e-df9f-4e34-8330-207691817642: addNew group-43DACBA294D5:[] returns group-43DACBA294D5:java.util.concurrent.CompletableFuture@ecd6eb6[Not completed]
2021-12-07 08:24:29,139 [Listener at 127.0.0.1/40979] INFO  server.RaftServer (RaftServerProxy.java:lambda$null$1(235)) - fa0dcf4e-df9f-4e34-8330-207691817642: found a subdirectory /home/runner/work/ozone/ozone/hadoop-ozone/integration-test/target/test-dir/MiniOzoneClusterImpl-478fafeb-4ef0-48e3-bd35-2e3f0cf9f61b/datanode-0/data/ratis/7be8df67-e0f8-4960-95f1-91b4ee80195c
2021-12-07 08:24:29,139 [Listener at 127.0.0.1/40979] INFO  server.RaftServer (RaftServerProxy.java:addNew(95)) - fa0dcf4e-df9f-4e34-8330-207691817642: addNew group-91B4EE80195C:[] returns group-91B4EE80195C:java.util.concurrent.CompletableFuture@7ecc1d87[Not completed]
2021-12-07 08:24:29,141 [Listener at 127.0.0.1/40979] INFO  server.XceiverServerGrpc (XceiverServerGrpc.java:<init>(132)) - GrpcServer channel type EpollServerSocketChannel
2021-12-07 08:24:29,143 [pool-303-thread-1] INFO  server.RaftServer$Division (RaftServerImpl.java:<init>(184)) - fa0dcf4e-df9f-4e34-8330-207691817642: new RaftServerImpl for group-43DACBA294D5:[] with ContainerStateMachine:uninitialized
2021-12-07 08:24:29,155 [pool-303-thread-1] INFO  server.RaftServerConfigKeys (ConfUtils.java:logGet(44)) - raft.server.rpc.timeout.min = 5s (custom)
2021-12-07 08:24:29,155 [pool-303-thread-1] INFO  server.RaftServerConfigKeys (ConfUtils.java:logGet(44)) - raft.server.rpc.timeout.max = 5200ms (custom)
2021-12-07 08:24:29,155 [pool-303-thread-1] INFO  server.RaftServerConfigKeys (ConfUtils.java:logGet(44)) - raft.server.rpc.sleep.time = 25ms (default)
2021-12-07 08:24:29,155 [pool-303-thread-1] INFO  server.RaftServerConfigKeys (ConfUtils.java:logGet(44)) - raft.server.rpc.slowness.timeout = 300s (custom)
2021-12-07 08:24:29,155 [pool-303-thread-1] INFO  server.RaftServerConfigKeys (ConfUtils.java:logGet(44)) - raft.server.leaderelection.leader.step-down.wait-time = 10s (default)
2021-12-07 08:24:29,155 [pool-303-thread-1] INFO  server.RaftServerConfigKeys (ConfUtils.java:logGet(44)) - raft.server.sleep.deviation.threshold = 300ms (default)
2021-12-07 08:24:29,155 [pool-303-thread-1] INFO  server.RaftServerConfigKeys (ConfUtils.java:logGet(44)) - raft.server.log.appender.install.snapshot.enabled = false (custom)
2021-12-07 08:24:29,155 [pool-303-thread-1] INFO  server.RaftServer$Division (ServerState.java:<init>(105)) - fa0dcf4e-df9f-4e34-8330-207691817642@group-43DACBA294D5: ConfigurationManager, init=-1: [], old=null, confs=<EMPTY_MAP>
2021-12-07 08:24:29,155 [pool-303-thread-1] INFO  server.RaftServerConfigKeys (ConfUtils.java:logGet(44)) - raft.server.storage.dir = [/home/runner/work/ozone/ozone/hadoop-ozone/integration-test/target/test-dir/MiniOzoneClusterImpl-478fafeb-4ef0-48e3-bd35-2e3f0cf9f61b/datanode-0/data/ratis] (custom)
2021-12-07 08:24:29,156 [pool-303-thread-1] INFO  server.RaftServerConfigKeys (ConfUtils.java:logGet(44)) - raft.server.log.corruption.policy = EXCEPTION (default)
2021-12-07 08:24:29,156 [pool-303-thread-1] INFO  server.RaftServerConfigKeys (ConfUtils.java:logGet(44)) - raft.server.storage.free-space.min = 0MB (=0) (default)
2021-12-07 08:24:29,158 [pool-303-thread-1] INFO  storage.RaftStorageDirectory (RaftStorageDirectoryImpl.java:tryLock(230)) - Lock on /home/runner/work/ozone/ozone/hadoop-ozone/integration-test/target/test-dir/MiniOzoneClusterImpl-478fafeb-4ef0-48e3-bd35-2e3f0cf9f61b/datanode-0/data/ratis/a65e756f-4287-423e-aea8-43dacba294d5/in_use.lock acquired by nodename 19858@fv-az151-352
2021-12-07 08:24:29,172 [pool-303-thread-1] INFO  storage.RaftStorage (RaftStorageImpl.java:analyzeAndRecoverStorage(110)) - Read RaftStorageMetadata{term=10, votedFor=f079c5a0-ef00-4d60-9ad2-3d1de424dd8b} from /home/runner/work/ozone/ozone/hadoop-ozone/integration-test/target/test-dir/MiniOzoneClusterImpl-478fafeb-4ef0-48e3-bd35-2e3f0cf9f61b/datanode-0/data/ratis/a65e756f-4287-423e-aea8-43dacba294d5/current/raft-meta
2021-12-07 08:24:29,179 [pool-303-thread-1] INFO  ratis.ContainerStateMachine (ContainerStateMachine.java:loadSnapshot(240)) - group-43DACBA294D5: Setting the last applied index to (t:10, i:0)
2021-12-07 08:24:29,184 [pool-303-thread-1] INFO  server.RaftServer$Division (ServerState.java:setRaftConf(387)) - fa0dcf4e-df9f-4e34-8330-207691817642@group-43DACBA294D5: set configuration 0: [ef998961-c73b-4226-87f3-43670785e9df|rpc:10.1.0.14:41193|dataStream:|priority:0, fa0dcf4e-df9f-4e34-8330-207691817642|rpc:10.1.0.14:46745|dataStream:|priority:0, f079c5a0-ef00-4d60-9ad2-3d1de424dd8b|rpc:10.1.0.14:37525|dataStream:|priority:1], old=null
2021-12-07 08:24:29,184 [pool-303-thread-1] INFO  server.RaftServerConfigKeys (ConfUtils.java:logGet(44)) - raft.server.notification.no-leader.timeout = 300s (custom)
2021-12-07 08:24:29,184 [pool-303-thread-1] INFO  server.RaftServerConfigKeys (ConfUtils.java:logGet(44)) - raft.server.log.use.memory = false (default)
2021-12-07 08:24:29,184 [pool-303-thread-1] INFO  server.RaftServerConfigKeys (ConfUtils.java:logGet(44)) - raft.server.log.purge.gap = 1000000 (custom)
2021-12-07 08:24:29,184 [pool-303-thread-1] INFO  server.RaftServerConfigKeys (ConfUtils.java:logGet(44)) - raft.server.log.appender.buffer.byte-limit = 33554432 (custom)
2021-12-07 08:24:29,184 [pool-303-thread-1] INFO  server.RaftServerConfigKeys (ConfUtils.java:logGet(44)) - raft.server.log.segment.size.max = 1048576 (custom)
2021-12-07 08:24:29,185 [pool-303-thread-1] INFO  server.RaftServerConfigKeys (ConfUtils.java:logGet(44)) - raft.server.log.segment.cache.num.max = 2 (custom)
2021-12-07 08:24:29,185 [pool-303-thread-1] INFO  server.RaftServerConfigKeys (ConfUtils.java:logGet(44)) - raft.server.log.segment.cache.size.max = 200MB (=209715200) (default)
2021-12-07 08:24:29,185 [pool-303-thread-1] INFO  segmented.SegmentedRaftLogWorker (SegmentedRaftLogWorker.java:<init>(182)) - new fa0dcf4e-df9f-4e34-8330-207691817642@group-43DACBA294D5-SegmentedRaftLogWorker for RaftStorageImpl:Storage Directory /home/runner/work/ozone/ozone/hadoop-ozone/integration-test/target/test-dir/MiniOzoneClusterImpl-478fafeb-4ef0-48e3-bd35-2e3f0cf9f61b/datanode-0/data/ratis/a65e756f-4287-423e-aea8-43dacba294d5
2021-12-07 08:24:29,185 [pool-303-thread-1] INFO  server.RaftServerConfigKeys (ConfUtils.java:logGet(44)) - raft.server.log.queue.byte-limit = 2147483647 (custom)
2021-12-07 08:24:29,185 [pool-303-thread-1] INFO  server.RaftServerConfigKeys (ConfUtils.java:logGet(44)) - raft.server.log.queue.element-limit = 1024 (custom)
2021-12-07 08:24:29,185 [pool-303-thread-1] INFO  server.RaftServerConfigKeys (ConfUtils.java:logGet(44)) - raft.server.log.segment.size.max = 1048576 (custom)
2021-12-07 08:24:29,185 [pool-303-thread-1] INFO  server.RaftServerConfigKeys (ConfUtils.java:logGet(44)) - raft.server.log.preallocated.size = 16384 (custom)
2021-12-07 08:24:29,185 [pool-303-thread-1] INFO  server.RaftServerConfigKeys (ConfUtils.java:logGet(44)) - raft.server.log.force.sync.num = 128 (default)
2021-12-07 08:24:29,191 [pool-303-thread-1] INFO  server.RaftServerConfigKeys (ConfUtils.java:logGet(44)) - raft.server.log.statemachine.data.sync = true (default)
2021-12-07 08:24:29,191 [pool-303-thread-1] INFO  server.RaftServerConfigKeys (ConfUtils.java:logGet(44)) - raft.server.log.statemachine.data.sync.timeout = 10s (default)
2021-12-07 08:24:29,191 [pool-303-thread-1] INFO  server.RaftServerConfigKeys (ConfUtils.java:logGet(44)) - raft.server.log.statemachine.data.sync.timeout.retry = -1 (default)
2021-12-07 08:24:29,191 [Listener at 127.0.0.1/40979] INFO  http.BaseHttpServer (BaseHttpServer.java:newHttpServer2BuilderForOzone(209)) - Starting Web-server for hddsDatanode at: http://0.0.0.0:35683
2021-12-07 08:24:29,208 [Listener at 127.0.0.1/40979] INFO  http.BaseHttpServer (BaseHttpServer.java:<init>(107)) - Hadoop Security Enabled: false Ozone Security Enabled: false Ozone HTTP Security Enabled: false 
2021-12-07 08:24:29,209 [Listener at 127.0.0.1/40979] INFO  server.AuthenticationFilter (AuthenticationFilter.java:constructSecretProvider(240)) - Unable to initialize FileSignerSecretProvider, falling back to use random secrets.
2021-12-07 08:24:29,223 [Listener at 127.0.0.1/40979] WARN  http.HttpRequestLog (HttpRequestLog.java:getRequestLog(103)) - Jetty request log can only be enabled using Log4j
2021-12-07 08:24:29,224 [Listener at 127.0.0.1/40979] INFO  http.HttpServer2 (HttpServer2.java:addGlobalFilter(1030)) - Added global filter 'safety' (class=org.apache.hadoop.hdds.server.http.HttpServer2$QuotingInputFilter)
2021-12-07 08:24:29,224 [Listener at 127.0.0.1/40979] INFO  http.HttpServer2 (HttpServer2.java:addFilter(1006)) - Added filter static_user_filter (class=org.apache.hadoop.http.lib.StaticUserWebFilter$StaticUserFilter) to context hddsDatanode
2021-12-07 08:24:29,225 [Listener at 127.0.0.1/40979] INFO  http.HttpServer2 (HttpServer2.java:addFilter(1014)) - Added filter static_user_filter (class=org.apache.hadoop.http.lib.StaticUserWebFilter$StaticUserFilter) to context static
2021-12-07 08:24:29,225 [Listener at 127.0.0.1/40979] INFO  http.HttpServer2 (HttpServer2.java:addFilter(1014)) - Added filter static_user_filter (class=org.apache.hadoop.http.lib.StaticUserWebFilter$StaticUserFilter) to context logs
2021-12-07 08:24:29,225 [Listener at 127.0.0.1/40979] INFO  http.HttpServer2 (HttpServer2.java:bindListener(1249)) - Jetty bound to port 35683
2021-12-07 08:24:29,225 [Listener at 127.0.0.1/40979] INFO  server.Server (Server.java:doStart(375)) - jetty-9.4.43.v20210629; built: 2021-06-30T11:07:22.254Z; git: 526006ecfa3af7f1a27ef3a288e2bef7ea9dd7e8; jvm 1.8.0_292-b10
2021-12-07 08:24:29,228 [pool-303-thread-1] INFO  server.RaftServerConfigKeys (ConfUtils.java:logGet(44)) - raft.server.log.write.buffer.size = 1048576 (custom)
2021-12-07 08:24:29,229 [pool-303-thread-1] INFO  server.RaftServerConfigKeys (ConfUtils.java:logGet(44)) - raft.server.log.statemachine.data.caching.enabled = true (custom)
2021-12-07 08:24:29,244 [pool-303-thread-1] INFO  server.RaftServer$Division (ServerState.java:setRaftConf(387)) - fa0dcf4e-df9f-4e34-8330-207691817642@group-43DACBA294D5: set configuration 0: [ef998961-c73b-4226-87f3-43670785e9df|rpc:10.1.0.14:41193|dataStream:|priority:0, fa0dcf4e-df9f-4e34-8330-207691817642|rpc:10.1.0.14:46745|dataStream:|priority:0, f079c5a0-ef00-4d60-9ad2-3d1de424dd8b|rpc:10.1.0.14:37525|dataStream:|priority:1], old=null
2021-12-07 08:24:29,251 [pool-303-thread-1] INFO  segmented.LogSegment (LogSegment.java:loadSegment(173)) - Successfully read 1 entries from segment file /home/runner/work/ozone/ozone/hadoop-ozone/integration-test/target/test-dir/MiniOzoneClusterImpl-478fafeb-4ef0-48e3-bd35-2e3f0cf9f61b/datanode-0/data/ratis/a65e756f-4287-423e-aea8-43dacba294d5/current/log_inprogress_0
2021-12-07 08:24:29,251 [pool-303-thread-1] INFO  segmented.SegmentedRaftLogWorker (SegmentedRaftLogWorker.java:lambda$new$0(133)) - fa0dcf4e-df9f-4e34-8330-207691817642@group-43DACBA294D5-SegmentedRaftLogWorker: flushIndex: setUnconditionally 0 -> 0
2021-12-07 08:24:29,251 [pool-303-thread-1] INFO  segmented.SegmentedRaftLogWorker (SegmentedRaftLogWorker.java:lambda$new$0(133)) - fa0dcf4e-df9f-4e34-8330-207691817642@group-43DACBA294D5-SegmentedRaftLogWorker: safeCacheEvictIndex: setUnconditionally 0 -> -1
2021-12-07 08:24:29,287 [pool-303-thread-1] INFO  server.RaftServerConfigKeys (ConfUtils.java:logGet(44)) - raft.server.snapshot.auto.trigger.enabled = true (custom)
2021-12-07 08:24:29,287 [pool-303-thread-1] INFO  server.RaftServerConfigKeys (ConfUtils.java:logGet(44)) - raft.server.snapshot.auto.trigger.threshold = 10000 (custom)
2021-12-07 08:24:29,287 [pool-303-thread-1] INFO  server.RaftServerConfigKeys (ConfUtils.java:logGet(44)) - raft.server.snapshot.retention.file.num = 5 (custom)
2021-12-07 08:24:29,287 [pool-303-thread-1] INFO  server.RaftServerConfigKeys (ConfUtils.java:logGet(44)) - raft.server.log.purge.upto.snapshot.index = false (default)
2021-12-07 08:24:29,287 [pool-303-thread-1] INFO  server.RaftServerConfigKeys (ConfUtils.java:logGet(44)) - raft.server.retrycache.expirytime = 600000ms (custom)
2021-12-07 08:24:29,287 [pool-303-thread-1] INFO  server.RaftServerConfigKeys (ConfUtils.java:logGet(44)) - raft.server.retrycache.statistics.expirytime = 100μs (default)
2021-12-07 08:24:29,289 [pool-303-thread-1] INFO  server.RaftServer$Division (RaftServerImpl.java:<init>(184)) - fa0dcf4e-df9f-4e34-8330-207691817642: new RaftServerImpl for group-91B4EE80195C:[] with ContainerStateMachine:uninitialized
2021-12-07 08:24:29,290 [pool-303-thread-1] INFO  server.RaftServerConfigKeys (ConfUtils.java:logGet(44)) - raft.server.rpc.timeout.min = 5s (custom)
2021-12-07 08:24:29,290 [pool-303-thread-1] INFO  server.RaftServerConfigKeys (ConfUtils.java:logGet(44)) - raft.server.rpc.timeout.max = 5200ms (custom)
2021-12-07 08:24:29,290 [pool-303-thread-1] INFO  server.RaftServerConfigKeys (ConfUtils.java:logGet(44)) - raft.server.rpc.sleep.time = 25ms (default)
2021-12-07 08:24:29,290 [pool-303-thread-1] INFO  server.RaftServerConfigKeys (ConfUtils.java:logGet(44)) - raft.server.rpc.slowness.timeout = 300s (custom)
2021-12-07 08:24:29,290 [pool-303-thread-1] INFO  server.RaftServerConfigKeys (ConfUtils.java:logGet(44)) - raft.server.leaderelection.leader.step-down.wait-time = 10s (default)
2021-12-07 08:24:29,290 [pool-303-thread-1] INFO  server.RaftServerConfigKeys (ConfUtils.java:logGet(44)) - raft.server.sleep.deviation.threshold = 300ms (default)
2021-12-07 08:24:29,290 [pool-303-thread-1] INFO  server.RaftServerConfigKeys (ConfUtils.java:logGet(44)) - raft.server.log.appender.install.snapshot.enabled = false (custom)
2021-12-07 08:24:29,290 [pool-303-thread-1] INFO  server.RaftServer$Division (ServerState.java:<init>(105)) - fa0dcf4e-df9f-4e34-8330-207691817642@group-91B4EE80195C: ConfigurationManager, init=-1: [], old=null, confs=<EMPTY_MAP>
2021-12-07 08:24:29,290 [pool-303-thread-1] INFO  server.RaftServerConfigKeys (ConfUtils.java:logGet(44)) - raft.server.storage.dir = [/home/runner/work/ozone/ozone/hadoop-ozone/integration-test/target/test-dir/MiniOzoneClusterImpl-478fafeb-4ef0-48e3-bd35-2e3f0cf9f61b/datanode-0/data/ratis] (custom)
2021-12-07 08:24:29,290 [pool-303-thread-1] INFO  server.RaftServerConfigKeys (ConfUtils.java:logGet(44)) - raft.server.log.corruption.policy = EXCEPTION (default)
2021-12-07 08:24:29,290 [pool-303-thread-1] INFO  server.RaftServerConfigKeys (ConfUtils.java:logGet(44)) - raft.server.storage.free-space.min = 0MB (=0) (default)
2021-12-07 08:24:29,291 [pool-303-thread-1] INFO  storage.RaftStorageDirectory (RaftStorageDirectoryImpl.java:tryLock(230)) - Lock on /home/runner/work/ozone/ozone/hadoop-ozone/integration-test/target/test-dir/MiniOzoneClusterImpl-478fafeb-4ef0-48e3-bd35-2e3f0cf9f61b/datanode-0/data/ratis/7be8df67-e0f8-4960-95f1-91b4ee80195c/in_use.lock acquired by nodename 19858@fv-az151-352
2021-12-07 08:24:29,291 [pool-303-thread-1] INFO  storage.RaftStorage (RaftStorageImpl.java:analyzeAndRecoverStorage(110)) - Read RaftStorageMetadata{term=1, votedFor=fa0dcf4e-df9f-4e34-8330-207691817642} from /home/runner/work/ozone/ozone/hadoop-ozone/integration-test/target/test-dir/MiniOzoneClusterImpl-478fafeb-4ef0-48e3-bd35-2e3f0cf9f61b/datanode-0/data/ratis/7be8df67-e0f8-4960-95f1-91b4ee80195c/current/raft-meta
2021-12-07 08:24:29,292 [pool-303-thread-1] INFO  ratis.ContainerStateMachine (ContainerStateMachine.java:loadSnapshot(240)) - group-91B4EE80195C: Setting the last applied index to (t:1, i:0)
2021-12-07 08:24:29,292 [pool-303-thread-1] INFO  server.RaftServer$Division (ServerState.java:setRaftConf(387)) - fa0dcf4e-df9f-4e34-8330-207691817642@group-91B4EE80195C: set configuration 0: [fa0dcf4e-df9f-4e34-8330-207691817642|rpc:10.1.0.14:46745|dataStream:|priority:1], old=null
2021-12-07 08:24:29,292 [pool-303-thread-1] INFO  server.RaftServerConfigKeys (ConfUtils.java:logGet(44)) - raft.server.notification.no-leader.timeout = 300s (custom)
2021-12-07 08:24:29,292 [pool-303-thread-1] INFO  server.RaftServerConfigKeys (ConfUtils.java:logGet(44)) - raft.server.log.use.memory = false (default)
2021-12-07 08:24:29,292 [pool-303-thread-1] INFO  server.RaftServerConfigKeys (ConfUtils.java:logGet(44)) - raft.server.log.purge.gap = 1000000 (custom)
2021-12-07 08:24:29,293 [pool-303-thread-1] INFO  server.RaftServerConfigKeys (ConfUtils.java:logGet(44)) - raft.server.log.appender.buffer.byte-limit = 33554432 (custom)
2021-12-07 08:24:29,293 [pool-303-thread-1] INFO  server.RaftServerConfigKeys (ConfUtils.java:logGet(44)) - raft.server.log.segment.size.max = 1048576 (custom)
2021-12-07 08:24:29,293 [pool-303-thread-1] INFO  server.RaftServerConfigKeys (ConfUtils.java:logGet(44)) - raft.server.log.segment.cache.num.max = 2 (custom)
2021-12-07 08:24:29,293 [pool-303-thread-1] INFO  server.RaftServerConfigKeys (ConfUtils.java:logGet(44)) - raft.server.log.segment.cache.size.max = 200MB (=209715200) (default)
2021-12-07 08:24:29,293 [pool-303-thread-1] INFO  segmented.SegmentedRaftLogWorker (SegmentedRaftLogWorker.java:<init>(182)) - new fa0dcf4e-df9f-4e34-8330-207691817642@group-91B4EE80195C-SegmentedRaftLogWorker for RaftStorageImpl:Storage Directory /home/runner/work/ozone/ozone/hadoop-ozone/integration-test/target/test-dir/MiniOzoneClusterImpl-478fafeb-4ef0-48e3-bd35-2e3f0cf9f61b/datanode-0/data/ratis/7be8df67-e0f8-4960-95f1-91b4ee80195c
2021-12-07 08:24:29,299 [pool-303-thread-1] INFO  server.RaftServerConfigKeys (ConfUtils.java:logGet(44)) - raft.server.log.queue.byte-limit = 2147483647 (custom)
2021-12-07 08:24:29,299 [pool-303-thread-1] INFO  server.RaftServerConfigKeys (ConfUtils.java:logGet(44)) - raft.server.log.queue.element-limit = 1024 (custom)
2021-12-07 08:24:29,299 [pool-303-thread-1] INFO  server.RaftServerConfigKeys (ConfUtils.java:logGet(44)) - raft.server.log.segment.size.max = 1048576 (custom)
2021-12-07 08:24:29,299 [pool-303-thread-1] INFO  server.RaftServerConfigKeys (ConfUtils.java:logGet(44)) - raft.server.log.preallocated.size = 16384 (custom)
2021-12-07 08:24:29,299 [pool-303-thread-1] INFO  server.RaftServerConfigKeys (ConfUtils.java:logGet(44)) - raft.server.log.force.sync.num = 128 (default)
2021-12-07 08:24:29,299 [pool-303-thread-1] INFO  server.RaftServerConfigKeys (ConfUtils.java:logGet(44)) - raft.server.log.statemachine.data.sync = true (default)
2021-12-07 08:24:29,299 [pool-303-thread-1] INFO  server.RaftServerConfigKeys (ConfUtils.java:logGet(44)) - raft.server.log.statemachine.data.sync.timeout = 10s (default)
2021-12-07 08:24:29,300 [pool-303-thread-1] INFO  server.RaftServerConfigKeys (ConfUtils.java:logGet(44)) - raft.server.log.statemachine.data.sync.timeout.retry = -1 (default)
2021-12-07 08:24:29,313 [Listener at 127.0.0.1/40979] INFO  server.session (DefaultSessionIdManager.java:doStart(334)) - DefaultSessionIdManager workerName=node0
2021-12-07 08:24:29,313 [Listener at 127.0.0.1/40979] INFO  server.session (DefaultSessionIdManager.java:doStart(339)) - No SessionScavenger set, using defaults
2021-12-07 08:24:29,314 [Listener at 127.0.0.1/40979] INFO  server.session (HouseKeeper.java:startScavenging(132)) - node0 Scavenging every 660000ms
2021-12-07 08:24:29,314 [pool-303-thread-1] INFO  server.RaftServerConfigKeys (ConfUtils.java:logGet(44)) - raft.server.log.write.buffer.size = 1048576 (custom)
2021-12-07 08:24:29,314 [pool-303-thread-1] INFO  server.RaftServerConfigKeys (ConfUtils.java:logGet(44)) - raft.server.log.statemachine.data.caching.enabled = true (custom)
2021-12-07 08:24:29,315 [pool-303-thread-1] INFO  server.RaftServer$Division (ServerState.java:setRaftConf(387)) - fa0dcf4e-df9f-4e34-8330-207691817642@group-91B4EE80195C: set configuration 0: [fa0dcf4e-df9f-4e34-8330-207691817642|rpc:10.1.0.14:46745|dataStream:|priority:1], old=null
2021-12-07 08:24:29,315 [pool-303-thread-1] INFO  segmented.LogSegment (LogSegment.java:loadSegment(173)) - Successfully read 1 entries from segment file /home/runner/work/ozone/ozone/hadoop-ozone/integration-test/target/test-dir/MiniOzoneClusterImpl-478fafeb-4ef0-48e3-bd35-2e3f0cf9f61b/datanode-0/data/ratis/7be8df67-e0f8-4960-95f1-91b4ee80195c/current/log_inprogress_0
2021-12-07 08:24:29,315 [pool-303-thread-1] INFO  segmented.SegmentedRaftLogWorker (SegmentedRaftLogWorker.java:lambda$new$0(133)) - fa0dcf4e-df9f-4e34-8330-207691817642@group-91B4EE80195C-SegmentedRaftLogWorker: flushIndex: setUnconditionally 0 -> 0
2021-12-07 08:24:29,315 [pool-303-thread-1] INFO  segmented.SegmentedRaftLogWorker (SegmentedRaftLogWorker.java:lambda$new$0(133)) - fa0dcf4e-df9f-4e34-8330-207691817642@group-91B4EE80195C-SegmentedRaftLogWorker: safeCacheEvictIndex: setUnconditionally 0 -> -1
2021-12-07 08:24:29,321 [Listener at 127.0.0.1/40979] INFO  handler.ContextHandler (ContextHandler.java:doStart(915)) - Started o.e.j.s.ServletContextHandler@10a05229{logs,/logs,file:///home/runner/work/ozone/ozone/hadoop-ozone/integration-test/target/log,AVAILABLE}
2021-12-07 08:24:29,322 [Listener at 127.0.0.1/40979] INFO  handler.ContextHandler (ContextHandler.java:doStart(915)) - Started o.e.j.s.ServletContextHandler@2e3a03ea{static,/static,jar:file:/home/runner/.m2/repository/org/apache/ozone/hdds-container-service/1.3.0-SNAPSHOT/hdds-container-service-1.3.0-SNAPSHOT.jar!/webapps/static,AVAILABLE}
2021-12-07 08:24:29,327 [pool-303-thread-1] INFO  server.RaftServerConfigKeys (ConfUtils.java:logGet(44)) - raft.server.snapshot.auto.trigger.enabled = true (custom)
2021-12-07 08:24:29,327 [pool-303-thread-1] INFO  server.RaftServerConfigKeys (ConfUtils.java:logGet(44)) - raft.server.snapshot.auto.trigger.threshold = 10000 (custom)
2021-12-07 08:24:29,327 [pool-303-thread-1] INFO  server.RaftServerConfigKeys (ConfUtils.java:logGet(44)) - raft.server.snapshot.retention.file.num = 5 (custom)
2021-12-07 08:24:29,327 [pool-303-thread-1] INFO  server.RaftServerConfigKeys (ConfUtils.java:logGet(44)) - raft.server.log.purge.upto.snapshot.index = false (default)
2021-12-07 08:24:29,327 [pool-303-thread-1] INFO  server.RaftServerConfigKeys (ConfUtils.java:logGet(44)) - raft.server.retrycache.expirytime = 600000ms (custom)
2021-12-07 08:24:29,327 [pool-303-thread-1] INFO  server.RaftServerConfigKeys (ConfUtils.java:logGet(44)) - raft.server.retrycache.statistics.expirytime = 100μs (default)
2021-12-07 08:24:29,478 [Listener at 127.0.0.1/40979] INFO  handler.ContextHandler (ContextHandler.java:doStart(915)) - Started o.e.j.w.WebAppContext@415a3f68{hddsDatanode,/,file:///tmp/jetty-0_0_0_0-35683-hdds-container-service-1_3_0-SNAPSHOT_jar-_-any-1792408554072134908/webapp/,AVAILABLE}{jar:file:/home/runner/.m2/repository/org/apache/ozone/hdds-container-service/1.3.0-SNAPSHOT/hdds-container-service-1.3.0-SNAPSHOT.jar!/webapps/hddsDatanode}
2021-12-07 08:24:29,507 [Listener at 127.0.0.1/40979] INFO  server.AbstractConnector (AbstractConnector.java:doStart(331)) - Started ServerConnector@113afdaf{HTTP/1.1, (http/1.1)}{0.0.0.0:35683}
2021-12-07 08:24:29,507 [Listener at 127.0.0.1/40979] INFO  server.Server (Server.java:doStart(415)) - Started @162310ms
2021-12-07 08:24:29,507 [Listener at 127.0.0.1/40979] WARN  impl.MetricsSystemImpl (MetricsSystemImpl.java:register(279)) - Sink prometheus already exists!
2021-12-07 08:24:29,508 [Listener at 127.0.0.1/40979] INFO  http.BaseHttpServer (BaseHttpServer.java:updateConnectorAddress(329)) - HTTP server of hddsDatanode listening at http://0.0.0.0:35683
2021-12-07 08:24:29,519 [Datanode State Machine Daemon Thread] INFO  statemachine.DatanodeStateMachine (DatanodeStateMachine.java:lambda$startDaemon$0(467)) - Ozone container server started.
2021-12-07 08:24:29,565 [org.apache.hadoop.util.JvmPauseMonitor$Monitor@7c53cc95] INFO  util.JvmPauseMonitor (JvmPauseMonitor.java:run(188)) - Starting JVM pause monitor
2021-12-07 08:24:29,908 [EndpointStateMachine task thread for /0.0.0.0:33331 - 0 ] INFO  ipc.Client (Client.java:handleConnectionFailure(977)) - Retrying connect to server: 0.0.0.0/0.0.0.0:33331. Already tried 0 time(s); retry policy is RetryUpToMaximumCountWithFixedSleep(maxRetries=15, sleepTime=1000 MILLISECONDS)
2021-12-07 08:24:30,540 [grpc-default-executor-0] WARN  server.GrpcLogAppender (LogUtils.java:warn(122)) - f079c5a0-ef00-4d60-9ad2-3d1de424dd8b@group-43DACBA294D5->fa0dcf4e-df9f-4e34-8330-207691817642-AppendLogResponseHandler: Failed appendEntries: org.apache.ratis.thirdparty.io.grpc.StatusRuntimeException: UNAVAILABLE: io exception
2021-12-07 08:24:30,557 [grpc-default-executor-0] WARN  server.GrpcLogAppender (GrpcLogAppender.java:resetClient(110)) - f079c5a0-ef00-4d60-9ad2-3d1de424dd8b@group-43DACBA294D5->fa0dcf4e-df9f-4e34-8330-207691817642-GrpcLogAppender: Leader has not got in touch with Follower f079c5a0-ef00-4d60-9ad2-3d1de424dd8b@group-43DACBA294D5->fa0dcf4e-df9f-4e34-8330-207691817642(c0,m0,n1, attendVote=true, lastRpcSendTime=17, lastRpcResponseTime=12566) yet, just keep nextIndex unchanged and retry.
2021-12-07 08:24:30,913 [EndpointStateMachine task thread for /0.0.0.0:33331 - 0 ] INFO  ipc.Client (Client.java:handleConnectionFailure(977)) - Retrying connect to server: 0.0.0.0/0.0.0.0:33331. Already tried 1 time(s); retry policy is RetryUpToMaximumCountWithFixedSleep(maxRetries=15, sleepTime=1000 MILLISECONDS)
2021-12-07 08:24:31,914 [EndpointStateMachine task thread for /0.0.0.0:33331 - 0 ] INFO  ipc.Client (Client.java:handleConnectionFailure(977)) - Retrying connect to server: 0.0.0.0/0.0.0.0:33331. Already tried 2 time(s); retry policy is RetryUpToMaximumCountWithFixedSleep(maxRetries=15, sleepTime=1000 MILLISECONDS)
2021-12-07 08:24:32,914 [EndpointStateMachine task thread for /0.0.0.0:33331 - 0 ] INFO  ipc.Client (Client.java:handleConnectionFailure(977)) - Retrying connect to server: 0.0.0.0/0.0.0.0:33331. Already tried 3 time(s); retry policy is RetryUpToMaximumCountWithFixedSleep(maxRetries=15, sleepTime=1000 MILLISECONDS)
2021-12-07 08:24:33,040 [grpc-default-executor-0] WARN  server.GrpcLogAppender (LogUtils.java:warn(122)) - f079c5a0-ef00-4d60-9ad2-3d1de424dd8b@group-43DACBA294D5->fa0dcf4e-df9f-4e34-8330-207691817642-AppendLogResponseHandler: Failed appendEntries: org.apache.ratis.thirdparty.io.grpc.StatusRuntimeException: UNAVAILABLE: io exception
2021-12-07 08:24:33,044 [grpc-default-executor-0] WARN  server.GrpcLogAppender (GrpcLogAppender.java:resetClient(110)) - f079c5a0-ef00-4d60-9ad2-3d1de424dd8b@group-43DACBA294D5->fa0dcf4e-df9f-4e34-8330-207691817642-GrpcLogAppender: Leader has not got in touch with Follower f079c5a0-ef00-4d60-9ad2-3d1de424dd8b@group-43DACBA294D5->fa0dcf4e-df9f-4e34-8330-207691817642(c0,m0,n1, attendVote=true, lastRpcSendTime=0, lastRpcResponseTime=15052) yet, just keep nextIndex unchanged and retry.
2021-12-07 08:24:33,915 [EndpointStateMachine task thread for /0.0.0.0:33331 - 0 ] INFO  ipc.Client (Client.java:handleConnectionFailure(977)) - Retrying connect to server: 0.0.0.0/0.0.0.0:33331. Already tried 4 time(s); retry policy is RetryUpToMaximumCountWithFixedSleep(maxRetries=15, sleepTime=1000 MILLISECONDS)
2021-12-07 08:24:34,916 [EndpointStateMachine task thread for /0.0.0.0:33331 - 0 ] INFO  ipc.Client (Client.java:handleConnectionFailure(977)) - Retrying connect to server: 0.0.0.0/0.0.0.0:33331. Already tried 5 time(s); retry policy is RetryUpToMaximumCountWithFixedSleep(maxRetries=15, sleepTime=1000 MILLISECONDS)
2021-12-07 08:24:35,556 [grpc-default-executor-0] WARN  server.GrpcLogAppender (LogUtils.java:warn(122)) - f079c5a0-ef00-4d60-9ad2-3d1de424dd8b@group-43DACBA294D5->fa0dcf4e-df9f-4e34-8330-207691817642-AppendLogResponseHandler: Failed appendEntries: org.apache.ratis.thirdparty.io.grpc.StatusRuntimeException: UNAVAILABLE: io exception
2021-12-07 08:24:35,557 [grpc-default-executor-0] WARN  server.GrpcLogAppender (GrpcLogAppender.java:resetClient(110)) - f079c5a0-ef00-4d60-9ad2-3d1de424dd8b@group-43DACBA294D5->fa0dcf4e-df9f-4e34-8330-207691817642-GrpcLogAppender: Leader has not got in touch with Follower f079c5a0-ef00-4d60-9ad2-3d1de424dd8b@group-43DACBA294D5->fa0dcf4e-df9f-4e34-8330-207691817642(c0,m0,n1, attendVote=true, lastRpcSendTime=2513, lastRpcResponseTime=17565) yet, just keep nextIndex unchanged and retry.
2021-12-07 08:24:35,916 [EndpointStateMachine task thread for /0.0.0.0:33331 - 0 ] INFO  ipc.Client (Client.java:handleConnectionFailure(977)) - Retrying connect to server: 0.0.0.0/0.0.0.0:33331. Already tried 6 time(s); retry policy is RetryUpToMaximumCountWithFixedSleep(maxRetries=15, sleepTime=1000 MILLISECONDS)
2021-12-07 08:24:36,917 [EndpointStateMachine task thread for /0.0.0.0:33331 - 0 ] INFO  ipc.Client (Client.java:handleConnectionFailure(977)) - Retrying connect to server: 0.0.0.0/0.0.0.0:33331. Already tried 7 time(s); retry policy is RetryUpToMaximumCountWithFixedSleep(maxRetries=15, sleepTime=1000 MILLISECONDS)
2021-12-07 08:24:37,918 [EndpointStateMachine task thread for /0.0.0.0:33331 - 0 ] INFO  ipc.Client (Client.java:handleConnectionFailure(977)) - Retrying connect to server: 0.0.0.0/0.0.0.0:33331. Already tried 8 time(s); retry policy is RetryUpToMaximumCountWithFixedSleep(maxRetries=15, sleepTime=1000 MILLISECONDS)
2021-12-07 08:24:38,059 [grpc-default-executor-0] WARN  server.GrpcLogAppender (LogUtils.java:warn(122)) - f079c5a0-ef00-4d60-9ad2-3d1de424dd8b@group-43DACBA294D5->fa0dcf4e-df9f-4e34-8330-207691817642-AppendLogResponseHandler: Failed appendEntries: org.apache.ratis.thirdparty.io.grpc.StatusRuntimeException: UNAVAILABLE: io exception
2021-12-07 08:24:38,060 [grpc-default-executor-0] WARN  server.GrpcLogAppender (GrpcLogAppender.java:resetClient(110)) - f079c5a0-ef00-4d60-9ad2-3d1de424dd8b@group-43DACBA294D5->fa0dcf4e-df9f-4e34-8330-207691817642-GrpcLogAppender: Leader has not got in touch with Follower f079c5a0-ef00-4d60-9ad2-3d1de424dd8b@group-43DACBA294D5->fa0dcf4e-df9f-4e34-8330-207691817642(c0,m0,n1, attendVote=true, lastRpcSendTime=0, lastRpcResponseTime=20068) yet, just keep nextIndex unchanged and retry.
2021-12-07 08:24:38,918 [EndpointStateMachine task thread for /0.0.0.0:33331 - 0 ] INFO  ipc.Client (Client.java:handleConnectionFailure(977)) - Retrying connect to server: 0.0.0.0/0.0.0.0:33331. Already tried 9 time(s); retry policy is RetryUpToMaximumCountWithFixedSleep(maxRetries=15, sleepTime=1000 MILLISECONDS)
2021-12-07 08:24:39,919 [EndpointStateMachine task thread for /0.0.0.0:33331 - 0 ] INFO  ipc.Client (Client.java:handleConnectionFailure(977)) - Retrying connect to server: 0.0.0.0/0.0.0.0:33331. Already tried 10 time(s); retry policy is RetryUpToMaximumCountWithFixedSleep(maxRetries=15, sleepTime=1000 MILLISECONDS)
2021-12-07 08:24:40,573 [grpc-default-executor-0] WARN  server.GrpcLogAppender (LogUtils.java:warn(122)) - f079c5a0-ef00-4d60-9ad2-3d1de424dd8b@group-43DACBA294D5->fa0dcf4e-df9f-4e34-8330-207691817642-AppendLogResponseHandler: Failed appendEntries: org.apache.ratis.thirdparty.io.grpc.StatusRuntimeException: UNAVAILABLE: io exception
2021-12-07 08:24:40,574 [grpc-default-executor-0] WARN  server.GrpcLogAppender (GrpcLogAppender.java:resetClient(110)) - f079c5a0-ef00-4d60-9ad2-3d1de424dd8b@group-43DACBA294D5->fa0dcf4e-df9f-4e34-8330-207691817642-GrpcLogAppender: Leader has not got in touch with Follower f079c5a0-ef00-4d60-9ad2-3d1de424dd8b@group-43DACBA294D5->fa0dcf4e-df9f-4e34-8330-207691817642(c0,m0,n1, attendVote=true, lastRpcSendTime=0, lastRpcResponseTime=22583) yet, just keep nextIndex unchanged and retry.
2021-12-07 08:24:40,920 [EndpointStateMachine task thread for /0.0.0.0:33331 - 0 ] INFO  ipc.Client (Client.java:handleConnectionFailure(977)) - Retrying connect to server: 0.0.0.0/0.0.0.0:33331. Already tried 11 time(s); retry policy is RetryUpToMaximumCountWithFixedSleep(maxRetries=15, sleepTime=1000 MILLISECONDS)
2021-12-07 08:24:41,920 [EndpointStateMachine task thread for /0.0.0.0:33331 - 0 ] INFO  ipc.Client (Client.java:handleConnectionFailure(977)) - Retrying connect to server: 0.0.0.0/0.0.0.0:33331. Already tried 12 time(s); retry policy is RetryUpToMaximumCountWithFixedSleep(maxRetries=15, sleepTime=1000 MILLISECONDS)
2021-12-07 08:24:42,921 [EndpointStateMachine task thread for /0.0.0.0:33331 - 0 ] INFO  ipc.Client (Client.java:handleConnectionFailure(977)) - Retrying connect to server: 0.0.0.0/0.0.0.0:33331. Already tried 13 time(s); retry policy is RetryUpToMaximumCountWithFixedSleep(maxRetries=15, sleepTime=1000 MILLISECONDS)
2021-12-07 08:24:43,074 [grpc-default-executor-0] WARN  server.GrpcLogAppender (LogUtils.java:warn(122)) - f079c5a0-ef00-4d60-9ad2-3d1de424dd8b@group-43DACBA294D5->fa0dcf4e-df9f-4e34-8330-207691817642-AppendLogResponseHandler: Failed appendEntries: org.apache.ratis.thirdparty.io.grpc.StatusRuntimeException: UNAVAILABLE: io exception
2021-12-07 08:24:43,075 [grpc-default-executor-0] WARN  server.GrpcLogAppender (GrpcLogAppender.java:resetClient(110)) - f079c5a0-ef00-4d60-9ad2-3d1de424dd8b@group-43DACBA294D5->fa0dcf4e-df9f-4e34-8330-207691817642-GrpcLogAppender: Leader has not got in touch with Follower f079c5a0-ef00-4d60-9ad2-3d1de424dd8b@group-43DACBA294D5->fa0dcf4e-df9f-4e34-8330-207691817642(c0,m0,n1, attendVote=true, lastRpcSendTime=2501, lastRpcResponseTime=25084) yet, just keep nextIndex unchanged and retry.
2021-12-07 08:24:43,922 [EndpointStateMachine task thread for /0.0.0.0:33331 - 0 ] INFO  ipc.Client (Client.java:handleConnectionFailure(977)) - Retrying connect to server: 0.0.0.0/0.0.0.0:33331. Already tried 14 time(s); retry policy is RetryUpToMaximumCountWithFixedSleep(maxRetries=15, sleepTime=1000 MILLISECONDS)
2021-12-07 08:24:44,923 [EndpointStateMachine task thread for /0.0.0.0:33331 - 0 ] INFO  ipc.Client (Client.java:handleConnectionFailure(977)) - Retrying connect to server: 0.0.0.0/0.0.0.0:33331. Already tried 0 time(s); retry policy is RetryUpToMaximumCountWithFixedSleep(maxRetries=15, sleepTime=1000 MILLISECONDS)
2021-12-07 08:24:45,589 [grpc-default-executor-0] WARN  server.GrpcLogAppender (LogUtils.java:warn(122)) - f079c5a0-ef00-4d60-9ad2-3d1de424dd8b@group-43DACBA294D5->fa0dcf4e-df9f-4e34-8330-207691817642-AppendLogResponseHandler: Failed appendEntries: org.apache.ratis.thirdparty.io.grpc.StatusRuntimeException: UNAVAILABLE: io exception
2021-12-07 08:24:45,589 [grpc-default-executor-0] WARN  server.GrpcLogAppender (GrpcLogAppender.java:resetClient(110)) - f079c5a0-ef00-4d60-9ad2-3d1de424dd8b@group-43DACBA294D5->fa0dcf4e-df9f-4e34-8330-207691817642-GrpcLogAppender: Leader has not got in touch with Follower f079c5a0-ef00-4d60-9ad2-3d1de424dd8b@group-43DACBA294D5->fa0dcf4e-df9f-4e34-8330-207691817642(c0,m0,n1, attendVote=true, lastRpcSendTime=2512, lastRpcResponseTime=27598) yet, just keep nextIndex unchanged and retry.
2021-12-07 08:24:45,927 [EndpointStateMachine task thread for /0.0.0.0:33331 - 0 ] INFO  ipc.Client (Client.java:handleConnectionFailure(977)) - Retrying connect to server: 0.0.0.0/0.0.0.0:33331. Already tried 1 time(s); retry policy is RetryUpToMaximumCountWithFixedSleep(maxRetries=15, sleepTime=1000 MILLISECONDS)
2021-12-07 08:24:46,935 [EndpointStateMachine task thread for /0.0.0.0:33331 - 0 ] INFO  ipc.Client (Client.java:handleConnectionFailure(977)) - Retrying connect to server: 0.0.0.0/0.0.0.0:33331. Already tried 2 time(s); retry policy is RetryUpToMaximumCountWithFixedSleep(maxRetries=15, sleepTime=1000 MILLISECONDS)
2021-12-07 08:24:47,938 [EndpointStateMachine task thread for /0.0.0.0:33331 - 0 ] INFO  ipc.Client (Client.java:handleConnectionFailure(977)) - Retrying connect to server: 0.0.0.0/0.0.0.0:33331. Already tried 3 time(s); retry policy is RetryUpToMaximumCountWithFixedSleep(maxRetries=15, sleepTime=1000 MILLISECONDS)
2021-12-07 08:24:48,091 [grpc-default-executor-0] WARN  server.GrpcLogAppender (LogUtils.java:warn(122)) - f079c5a0-ef00-4d60-9ad2-3d1de424dd8b@group-43DACBA294D5->fa0dcf4e-df9f-4e34-8330-207691817642-AppendLogResponseHandler: Failed appendEntries: org.apache.ratis.thirdparty.io.grpc.StatusRuntimeException: UNAVAILABLE: io exception
2021-12-07 08:24:48,092 [grpc-default-executor-0] WARN  server.GrpcLogAppender (GrpcLogAppender.java:resetClient(110)) - f079c5a0-ef00-4d60-9ad2-3d1de424dd8b@group-43DACBA294D5->fa0dcf4e-df9f-4e34-8330-207691817642-GrpcLogAppender: Leader has not got in touch with Follower f079c5a0-ef00-4d60-9ad2-3d1de424dd8b@group-43DACBA294D5->fa0dcf4e-df9f-4e34-8330-207691817642(c0,m0,n1, attendVote=true, lastRpcSendTime=2501, lastRpcResponseTime=30101) yet, just keep nextIndex unchanged and retry.
2021-12-07 08:24:48,939 [EndpointStateMachine task thread for /0.0.0.0:33331 - 0 ] INFO  ipc.Client (Client.java:handleConnectionFailure(977)) - Retrying connect to server: 0.0.0.0/0.0.0.0:33331. Already tried 4 time(s); retry policy is RetryUpToMaximumCountWithFixedSleep(maxRetries=15, sleepTime=1000 MILLISECONDS)
2021-12-07 08:24:49,540 [Listener at 127.0.0.1/40979] INFO  ozone.MiniOzoneClusterImpl (MiniOzoneClusterImpl.java:restartStorageContainerManager(361)) - Restarting SCM in cluster class org.apache.hadoop.ozone.MiniOzoneClusterImpl
2021-12-07 08:24:49,540 [Listener at 127.0.0.1/40979] INFO  server.StorageContainerManager (StorageContainerManager.java:stop(1395)) - Stopping Container Balancer service.
2021-12-07 08:24:49,540 [Listener at 127.0.0.1/40979] INFO  balancer.ContainerBalancer (ContainerBalancer.java:stop(734)) - Container Balancer is not running.
2021-12-07 08:24:49,540 [Listener at 127.0.0.1/40979] INFO  server.StorageContainerManager (StorageContainerManager.java:stop(1402)) - Stopping Replication Manager Service.
2021-12-07 08:24:49,540 [Listener at 127.0.0.1/40979] INFO  container.ReplicationManager (ReplicationManager.java:stop(357)) - Replication Monitor Thread is not running.
2021-12-07 08:24:49,540 [Listener at 127.0.0.1/40979] INFO  server.StorageContainerManager (StorageContainerManager.java:stop(1409)) - Stopping the Datanode Admin Monitor.
2021-12-07 08:24:49,540 [Listener at 127.0.0.1/40979] INFO  server.StorageContainerManager (StorageContainerManager.java:stop(1416)) - Stopping Lease Manager of the command watchers
2021-12-07 08:24:49,540 [Listener at 127.0.0.1/40979] ERROR server.StorageContainerManager (StorageContainerManager.java:stop(1419)) - Lease Manager of the command watchers stop failed
2021-12-07 08:24:49,540 [Listener at 127.0.0.1/40979] INFO  server.StorageContainerManager (StorageContainerManager.java:stop(1423)) - Stopping datanode service RPC server
2021-12-07 08:24:49,540 [Listener at 127.0.0.1/40979] INFO  server.SCMDatanodeProtocolServer (SCMDatanodeProtocolServer.java:stop(389)) - Stopping the RPC server for DataNodes
2021-12-07 08:24:49,540 [Listener at 127.0.0.1/40979] INFO  ipc.Server (Server.java:stop(3414)) - Stopping server on 33331
2021-12-07 08:24:49,541 [Listener at 127.0.0.1/40979] INFO  server.StorageContainerManager (StorageContainerManager.java:stop(1431)) - Stopping block service RPC server
2021-12-07 08:24:49,541 [Listener at 127.0.0.1/40979] INFO  server.SCMBlockProtocolServer (SCMBlockProtocolServer.java:stop(160)) - Stopping the RPC server for Block Protocol
2021-12-07 08:24:49,541 [Listener at 127.0.0.1/40979] INFO  ipc.Server (Server.java:stop(3414)) - Stopping server on 39199
2021-12-07 08:24:49,541 [Listener at 127.0.0.1/40979] INFO  server.StorageContainerManager (StorageContainerManager.java:stop(1438)) - Stopping the StorageContainerLocationProtocol RPC server
2021-12-07 08:24:49,541 [Listener at 127.0.0.1/40979] INFO  server.SCMClientProtocolServer (SCMClientProtocolServer.java:stop(173)) - Stopping the RPC server for Client Protocol
2021-12-07 08:24:49,541 [Listener at 127.0.0.1/40979] INFO  ipc.Server (Server.java:stop(3414)) - Stopping server on 34747
2021-12-07 08:24:49,541 [Listener at 127.0.0.1/40979] INFO  server.StorageContainerManager (StorageContainerManager.java:stop(1445)) - Stopping Storage Container Manager HTTP server.
2021-12-07 08:24:49,541 [Listener at 127.0.0.1/40979] INFO  server.StorageContainerManager (StorageContainerManager.java:stop(1456)) - Stopping Block Manager Service.
2021-12-07 08:24:49,541 [Listener at 127.0.0.1/40979] INFO  utils.BackgroundService (BackgroundService.java:shutdown(132)) - Shutting down service SCMBlockDeletingService
2021-12-07 08:24:49,541 [Listener at 127.0.0.1/40979] INFO  utils.BackgroundService (BackgroundService.java:shutdown(132)) - Shutting down service SCMBlockDeletingService
2021-12-07 08:24:49,541 [Listener at 127.0.0.1/40979] INFO  server.StorageContainerManager (StorageContainerManager.java:stop(1483)) - Stopping SCM Event Queue.
2021-12-07 08:24:49,541 [Listener at 127.0.0.1/40979] INFO  server.StorageContainerManager (StorageContainerManager.java:stop(1494)) - Stopping SCM HA services.
2021-12-07 08:24:49,541 [Listener at 127.0.0.1/40979] WARN  pipeline.BackgroundPipelineCreator (BackgroundPipelineCreator.java:stop(154)) - RatisPipelineUtilsThread is not running, just ignore.
2021-12-07 08:24:49,541 [Listener at 127.0.0.1/40979] INFO  server.StorageContainerManager (StorageContainerManager.java:stop(1504)) - Stopping SCM MetadataStore.
2021-12-07 08:24:49,543 [Listener at 127.0.0.1/40979] INFO  impl.MetricsSystemImpl (MetricsSystemImpl.java:stop(210)) - Stopping HddsDatanode metrics system...
2021-12-07 08:24:49,564 [prometheus] INFO  impl.MetricsSinkAdapter (MetricsSinkAdapter.java:publishMetricsFromQueue(141)) - prometheus thread interrupted.
2021-12-07 08:24:49,564 [Listener at 127.0.0.1/40979] INFO  impl.MetricsSystemImpl (MetricsSystemImpl.java:stop(216)) - HddsDatanode metrics system stopped.
2021-12-07 08:24:49,564 [Listener at 127.0.0.1/40979] INFO  ha.SCMHANodeDetails (SCMHANodeDetails.java:loadSCMHAConfig(157)) - ServiceID for StorageContainerManager is null
2021-12-07 08:24:49,564 [Listener at 127.0.0.1/40979] INFO  ha.SCMHANodeDetails (SCMHANodeDetails.java:loadSCMHAConfig(162)) - ozone.scm.default.service.id is not defined, falling back to ozone.scm.service.ids to find serviceID for StorageContainerManager if it is HA enabled cluster
2021-12-07 08:24:49,564 [Listener at 127.0.0.1/40979] WARN  server.ServerUtils (ServerUtils.java:getScmDbDir(148)) - ozone.scm.db.dirs is not configured. We recommend adding this setting. Falling back to ozone.metadata.dirs instead.
2021-12-07 08:24:49,565 [Listener at 127.0.0.1/40979] INFO  upgrade.AbstractLayoutVersionManager (AbstractLayoutVersionManager.java:init(79)) - Initializing Layout version manager with metadata layout = SCM_HA (version = 2), software layout = SCM_HA (version = 2)
2021-12-07 08:24:49,735 [Listener at 127.0.0.1/40979] INFO  reflections.Reflections (Reflections.java:scan(232)) - Reflections took 169 ms to scan 7 urls, producing 119 keys and 279 values 
2021-12-07 08:24:49,737 [Listener at 127.0.0.1/40979] WARN  utils.HAUtils (HAUtils.java:getMetaDir(342)) - ozone.scm.db.dirs is not configured. We recommend adding this setting. Falling back to ozone.metadata.dirs instead.
2021-12-07 08:24:49,737 [Listener at 127.0.0.1/40979] WARN  db.DBStoreBuilder (DBStoreBuilder.java:applyDBDefinition(145)) - ozone.scm.db.dirs is not configured. We recommend adding this setting. Falling back to ozone.metadata.dirs instead.
2021-12-07 08:24:49,892 [Listener at 127.0.0.1/40979] INFO  net.NodeSchemaLoader (NodeSchemaLoader.java:loadSchemaFromFile(129)) - Loading schema from [jar:file:/home/runner/.m2/repository/org/apache/ozone/hdds-common/1.3.0-SNAPSHOT/hdds-common-1.3.0-SNAPSHOT.jar!/network-topology-default.xml]
2021-12-07 08:24:49,893 [Listener at 127.0.0.1/40979] INFO  net.NodeSchemaLoader (NodeSchemaLoader.java:loadSchema(176)) - Loading network topology layer schema file
2021-12-07 08:24:49,916 [Listener at 127.0.0.1/40979] WARN  impl.MetricRegistriesImpl (MetricRegistriesImpl.java:addReporterRegistration(111)) - New reporters are added after registries were created. Some metrics will be missing from the reporter. Please add reporter before adding any new registry.
2021-12-07 08:24:49,916 [Listener at 127.0.0.1/40979] WARN  impl.MetricRegistriesImpl (MetricRegistriesImpl.java:addReporterRegistration(111)) - New reporters are added after registries were created. Some metrics will be missing from the reporter. Please add reporter before adding any new registry.
2021-12-07 08:24:49,916 [Listener at 127.0.0.1/40979] INFO  ha.SequenceIdGenerator (SequenceIdGenerator.java:<init>(218)) - Init the HA SequenceIdGenerator.
2021-12-07 08:24:49,917 [Listener at 127.0.0.1/40979] WARN  server.ServerUtils (ServerUtils.java:sanitizeUserArgs(73)) - ozone.scm.stale.node.interval value = 300000 is larger than max = 100000 based on the key value of ozone.scm.heartbeat.thread.interval, reset to the max value 100000.
2021-12-07 08:24:49,917 [Listener at 127.0.0.1/40979] WARN  server.ServerUtils (ServerUtils.java:sanitizeUserArgs(73)) - ozone.scm.stale.node.interval value = 300000 is larger than max = 100000 based on the key value of ozone.scm.heartbeat.thread.interval, reset to the max value 100000.
2021-12-07 08:24:49,930 [Listener at 127.0.0.1/40979] INFO  node.SCMNodeManager (SCMNodeManager.java:<init>(144)) - Entering startup safe mode.
2021-12-07 08:24:49,930 [Listener at 127.0.0.1/40979] INFO  algorithms.ContainerPlacementPolicyFactory (ContainerPlacementPolicyFactory.java:getPolicy(60)) - Create container placement policy of type org.apache.hadoop.hdds.scm.container.placement.algorithms.SCMContainerPlacementRandom
2021-12-07 08:24:49,933 [Listener at 127.0.0.1/40979] INFO  algorithms.LeaderChoosePolicyFactory (LeaderChoosePolicyFactory.java:getPolicy(57)) - Create leader choose policy of type org.apache.hadoop.hdds.scm.pipeline.leader.choose.algorithms.MinLeaderCountChoosePolicy
2021-12-07 08:24:49,933 [Listener at 127.0.0.1/40979] INFO  ha.SCMServiceManager (SCMServiceManager.java:register(43)) - Registering service BackgroundPipelineCreator.
2021-12-07 08:24:49,934 [Listener at 127.0.0.1/40979] INFO  pipeline.BackgroundPipelineCreator (BackgroundPipelineCreator.java:start(130)) - Starting RatisPipelineUtilsThread.
2021-12-07 08:24:49,940 [EndpointStateMachine task thread for /0.0.0.0:33331 - 0 ] INFO  ipc.Client (Client.java:handleConnectionFailure(977)) - Retrying connect to server: 0.0.0.0/0.0.0.0:33331. Already tried 5 time(s); retry policy is RetryUpToMaximumCountWithFixedSleep(maxRetries=15, sleepTime=1000 MILLISECONDS)
2021-12-07 08:24:49,944 [Listener at 127.0.0.1/40979] INFO  algorithms.PipelineChoosePolicyFactory (PipelineChoosePolicyFactory.java:createPipelineChoosePolicyFromClass(73)) - Create pipeline choose policy of type org.apache.hadoop.hdds.scm.pipeline.choose.algorithms.RandomPipelineChoosePolicy
2021-12-07 08:24:49,944 [Listener at 127.0.0.1/40979] INFO  ha.SCMServiceManager (SCMServiceManager.java:register(43)) - Registering service SCMBlockDeletingService.
2021-12-07 08:24:49,944 [Listener at 127.0.0.1/40979] INFO  ha.SCMServiceManager (SCMServiceManager.java:register(43)) - Registering service ReplicationManager.
2021-12-07 08:24:49,945 [Listener at 127.0.0.1/40979] INFO  container.ReplicationManager (ReplicationManager.java:start(319)) - Starting Replication Monitor Thread.
2021-12-07 08:24:49,948 [Listener at 127.0.0.1/40979] INFO  safemode.ContainerSafeModeRule (ContainerSafeModeRule.java:<init>(89)) - containers with one replica threshold count 0
2021-12-07 08:24:49,948 [Listener at 127.0.0.1/40979] INFO  safemode.HealthyPipelineSafeModeRule (HealthyPipelineSafeModeRule.java:initializeRule(156)) - Total pipeline count is 1, healthy pipeline threshold count is 1
2021-12-07 08:24:49,948 [Listener at 127.0.0.1/40979] INFO  safemode.OneReplicaPipelineSafeModeRule (OneReplicaPipelineSafeModeRule.java:initializeRule(180)) - Total pipeline count is 1, pipeline's with at least one datanode reported threshold count is 1
2021-12-07 08:24:49,951 [Listener at 127.0.0.1/40979] INFO  ipc.CallQueueManager (CallQueueManager.java:<init>(90)) - Using callQueue: class java.util.concurrent.LinkedBlockingQueue, queueCapacity: 2000, scheduler: class org.apache.hadoop.ipc.DefaultRpcScheduler, ipcBackoff: false.
2021-12-07 08:24:49,955 [Socket Reader #1 for port 33331] INFO  ipc.Server (Server.java:run(1265)) - Starting Socket Reader #1 for port 33331
2021-12-07 08:24:49,984 [ReplicationMonitor] INFO  container.ReplicationManager (ReplicationManager.java:processAll(371)) - Replication Monitor Thread took 0 milliseconds for processing 0 containers.
2021-12-07 08:24:49,989 [Listener at 0.0.0.0/33331] INFO  ipc.CallQueueManager (CallQueueManager.java:<init>(90)) - Using callQueue: class java.util.concurrent.LinkedBlockingQueue, queueCapacity: 2000, scheduler: class org.apache.hadoop.ipc.DefaultRpcScheduler, ipcBackoff: false.
2021-12-07 08:24:49,999 [Socket Reader #1 for port 39199] INFO  ipc.Server (Server.java:run(1265)) - Starting Socket Reader #1 for port 39199
2021-12-07 08:24:50,000 [Listener at 0.0.0.0/39199] INFO  ipc.CallQueueManager (CallQueueManager.java:<init>(90)) - Using callQueue: class java.util.concurrent.LinkedBlockingQueue, queueCapacity: 2000, scheduler: class org.apache.hadoop.ipc.DefaultRpcScheduler, ipcBackoff: false.
2021-12-07 08:24:50,001 [Socket Reader #1 for port 34747] INFO  ipc.Server (Server.java:run(1265)) - Starting Socket Reader #1 for port 34747
2021-12-07 08:24:50,081 [Listener at 0.0.0.0/34747] INFO  algorithms.ContainerPlacementPolicyFactory (ContainerPlacementPolicyFactory.java:getPolicy(60)) - Create container placement policy of type org.apache.hadoop.hdds.scm.container.placement.algorithms.SCMContainerPlacementRandom
2021-12-07 08:24:50,082 [Listener at 0.0.0.0/34747] INFO  server.StorageContainerManager (StorageContainerManager.java:<init>(388)) - 
Container Balancer status:
Key                            Value
Running                        false
Container Balancer Configuration values:
Key                                                Value
Threshold                                          0.1
Max Datanodes to Involve per Iteration(ratio)      0.2
Max Size to Move per Iteration                     30GB
Max Size Entering Target per Iteration             1GB
Max Size Leaving Source per Iteration              1GB

2021-12-07 08:24:50,082 [Listener at 0.0.0.0/34747] WARN  events.EventQueue (EventQueue.java:fireEvent(194)) - No event handler registered for event TypedEvent{payloadType=SafeModeStatus, name='Safe mode status'}
2021-12-07 08:24:50,082 [Listener at 0.0.0.0/34747] INFO  ha.SCMContext (SCMContext.java:updateSafeModeStatus(211)) - Update SafeModeStatus from SafeModeStatus{safeModeStatus=true, preCheckPassed=false} to SafeModeStatus{safeModeStatus=true, preCheckPassed=false}.
2021-12-07 08:24:50,083 [Listener at 0.0.0.0/34747] INFO  server.StorageContainerManager (StorageContainerManager.java:start(1303)) - StorageContainerLocationProtocol RPC server is listening at /0.0.0.0:34747
2021-12-07 08:24:50,084 [Listener at 0.0.0.0/34747] WARN  impl.MetricsConfig (MetricsConfig.java:loadFirst(136)) - Cannot locate configuration: tried hadoop-metrics2-storagecontainermanager.properties,hadoop-metrics2.properties
2021-12-07 08:24:50,101 [Listener at 0.0.0.0/34747] INFO  impl.MetricsSystemImpl (MetricsSystemImpl.java:startTimer(378)) - Scheduled Metric snapshot period at 10 second(s).
2021-12-07 08:24:50,101 [Listener at 0.0.0.0/34747] INFO  impl.MetricsSystemImpl (MetricsSystemImpl.java:start(191)) - StorageContainerManager metrics system started
2021-12-07 08:24:50,123 [Listener at 0.0.0.0/34747] INFO  impl.MetricsSinkAdapter (MetricsSinkAdapter.java:start(204)) - Sink prometheus started
2021-12-07 08:24:50,123 [Listener at 0.0.0.0/34747] INFO  impl.MetricsSystemImpl (MetricsSystemImpl.java:registerSink(305)) - Registered sink prometheus
2021-12-07 08:24:50,190 [Listener at 0.0.0.0/34747] INFO  server.SCMClientProtocolServer (SCMClientProtocolServer.java:start(164)) - RPC server for Client  is listening at /0.0.0.0:34747
2021-12-07 08:24:50,195 [IPC Server Responder] INFO  ipc.Server (Server.java:run(1507)) - IPC Server Responder: starting
2021-12-07 08:24:50,207 [IPC Server listener on 34747] INFO  ipc.Server (Server.java:run(1344)) - IPC Server listener on 34747: starting
2021-12-07 08:24:50,268 [Listener at 0.0.0.0/34747] INFO  server.StorageContainerManager (StorageContainerManager.java:start(1318)) - ScmBlockLocationProtocol RPC server is listening at /0.0.0.0:39199
2021-12-07 08:24:50,269 [Listener at 0.0.0.0/34747] INFO  server.SCMBlockProtocolServer (SCMBlockProtocolServer.java:start(151)) - RPC server for Block Protocol is listening at /0.0.0.0:39199
2021-12-07 08:24:50,269 [IPC Server Responder] INFO  ipc.Server (Server.java:run(1507)) - IPC Server Responder: starting
2021-12-07 08:24:50,269 [IPC Server listener on 39199] INFO  ipc.Server (Server.java:run(1344)) - IPC Server listener on 39199: starting
2021-12-07 08:24:50,271 [Listener at 0.0.0.0/34747] INFO  server.StorageContainerManager (StorageContainerManager.java:start(1324)) - ScmDatanodeProtocl RPC server is listening at /0.0.0.0:33331
2021-12-07 08:24:50,271 [Listener at 0.0.0.0/34747] INFO  server.SCMDatanodeProtocolServer (SCMDatanodeProtocolServer.java:start(181)) - RPC server for DataNodes is listening at /0.0.0.0:33331
2021-12-07 08:24:50,271 [IPC Server Responder] INFO  ipc.Server (Server.java:run(1507)) - IPC Server Responder: starting
2021-12-07 08:24:50,272 [IPC Server listener on 33331] INFO  ipc.Server (Server.java:run(1344)) - IPC Server listener on 33331: starting
2021-12-07 08:24:50,274 [Listener at 0.0.0.0/34747] INFO  http.BaseHttpServer (BaseHttpServer.java:newHttpServer2BuilderForOzone(209)) - Starting Web-server for scm at: http://0.0.0.0:34239
2021-12-07 08:24:50,274 [Listener at 0.0.0.0/34747] INFO  http.BaseHttpServer (BaseHttpServer.java:<init>(107)) - Hadoop Security Enabled: false Ozone Security Enabled: false Ozone HTTP Security Enabled: false 
2021-12-07 08:24:50,275 [Listener at 0.0.0.0/34747] INFO  server.AuthenticationFilter (AuthenticationFilter.java:constructSecretProvider(240)) - Unable to initialize FileSignerSecretProvider, falling back to use random secrets.
2021-12-07 08:24:50,276 [org.apache.hadoop.util.JvmPauseMonitor$Monitor@358bece0] INFO  util.JvmPauseMonitor (JvmPauseMonitor.java:run(188)) - Starting JVM pause monitor
2021-12-07 08:24:50,283 [Listener at 0.0.0.0/34747] WARN  http.HttpRequestLog (HttpRequestLog.java:getRequestLog(103)) - Jetty request log can only be enabled using Log4j
2021-12-07 08:24:50,284 [Listener at 0.0.0.0/34747] INFO  http.HttpServer2 (HttpServer2.java:addGlobalFilter(1030)) - Added global filter 'safety' (class=org.apache.hadoop.hdds.server.http.HttpServer2$QuotingInputFilter)
2021-12-07 08:24:50,285 [Listener at 0.0.0.0/34747] INFO  http.HttpServer2 (HttpServer2.java:addFilter(1006)) - Added filter static_user_filter (class=org.apache.hadoop.http.lib.StaticUserWebFilter$StaticUserFilter) to context scm
2021-12-07 08:24:50,285 [Listener at 0.0.0.0/34747] INFO  http.HttpServer2 (HttpServer2.java:addFilter(1014)) - Added filter static_user_filter (class=org.apache.hadoop.http.lib.StaticUserWebFilter$StaticUserFilter) to context static
2021-12-07 08:24:50,285 [Listener at 0.0.0.0/34747] INFO  http.HttpServer2 (HttpServer2.java:addFilter(1014)) - Added filter static_user_filter (class=org.apache.hadoop.http.lib.StaticUserWebFilter$StaticUserFilter) to context logs
2021-12-07 08:24:50,285 [Listener at 0.0.0.0/34747] INFO  http.HttpServer2 (HttpServer2.java:bindListener(1249)) - Jetty bound to port 34239
2021-12-07 08:24:50,285 [Listener at 0.0.0.0/34747] INFO  server.Server (Server.java:doStart(375)) - jetty-9.4.43.v20210629; built: 2021-06-30T11:07:22.254Z; git: 526006ecfa3af7f1a27ef3a288e2bef7ea9dd7e8; jvm 1.8.0_292-b10
2021-12-07 08:24:50,288 [Listener at 0.0.0.0/34747] INFO  server.session (DefaultSessionIdManager.java:doStart(334)) - DefaultSessionIdManager workerName=node0
2021-12-07 08:24:50,288 [Listener at 0.0.0.0/34747] INFO  server.session (DefaultSessionIdManager.java:doStart(339)) - No SessionScavenger set, using defaults
2021-12-07 08:24:50,288 [Listener at 0.0.0.0/34747] INFO  server.session (HouseKeeper.java:startScavenging(132)) - node0 Scavenging every 660000ms
2021-12-07 08:24:50,289 [Listener at 0.0.0.0/34747] INFO  handler.ContextHandler (ContextHandler.java:doStart(915)) - Started o.e.j.s.ServletContextHandler@712f9de0{logs,/logs,file:///home/runner/work/ozone/ozone/hadoop-ozone/integration-test/target/log,AVAILABLE}
2021-12-07 08:24:50,289 [Listener at 0.0.0.0/34747] INFO  handler.ContextHandler (ContextHandler.java:doStart(915)) - Started o.e.j.s.ServletContextHandler@4e9584ff{static,/static,file:///home/runner/work/ozone/ozone/hadoop-ozone/integration-test/target/test-classes/webapps/static,AVAILABLE}
2021-12-07 08:24:50,312 [Listener at 0.0.0.0/34747] INFO  handler.ContextHandler (ContextHandler.java:doStart(915)) - Started o.e.j.w.WebAppContext@5b8c1b7c{scm,/,file:///home/runner/work/ozone/ozone/hadoop-ozone/integration-test/target/test-classes/webapps/scm/,AVAILABLE}{file:/home/runner/work/ozone/ozone/hadoop-ozone/integration-test/target/test-classes/webapps/scm}
2021-12-07 08:24:50,343 [Listener at 0.0.0.0/34747] INFO  server.AbstractConnector (AbstractConnector.java:doStart(331)) - Started ServerConnector@26153c9e{HTTP/1.1, (http/1.1)}{0.0.0.0:34239}
2021-12-07 08:24:50,344 [Listener at 0.0.0.0/34747] INFO  server.Server (Server.java:doStart(415)) - Started @183147ms
2021-12-07 08:24:50,344 [Listener at 0.0.0.0/34747] WARN  impl.MetricsSystemImpl (MetricsSystemImpl.java:register(279)) - Sink prometheus already exists!
2021-12-07 08:24:50,345 [Listener at 0.0.0.0/34747] INFO  http.BaseHttpServer (BaseHttpServer.java:updateConnectorAddress(329)) - HTTP server of scm listening at http://0.0.0.0:34239
2021-12-07 08:24:50,345 [Listener at 0.0.0.0/34747] INFO  ozone.MiniOzoneClusterImpl (MiniOzoneClusterImpl.java:lambda$waitForClusterToBeReady$0(235)) - Waiting for nodes to be ready. Got 0 of 3 DN Heartbeats.
2021-12-07 08:24:50,345 [Listener at 0.0.0.0/34747] INFO  ozone.MiniOzoneClusterImpl (MiniOzoneClusterImpl.java:lambda$waitForClusterToBeReady$0(238)) - Waiting for cluster to exit safe mode
2021-12-07 08:24:50,345 [Listener at 0.0.0.0/34747] INFO  ozone.MiniOzoneClusterImpl (MiniOzoneClusterImpl.java:lambda$waitForClusterToBeReady$0(240)) - SCM became leader
2021-12-07 08:24:50,607 [grpc-default-executor-0] WARN  server.GrpcLogAppender (LogUtils.java:warn(122)) - f079c5a0-ef00-4d60-9ad2-3d1de424dd8b@group-43DACBA294D5->fa0dcf4e-df9f-4e34-8330-207691817642-AppendLogResponseHandler: Failed appendEntries: org.apache.ratis.thirdparty.io.grpc.StatusRuntimeException: UNAVAILABLE: io exception
2021-12-07 08:24:50,617 [grpc-default-executor-0] WARN  server.GrpcLogAppender (GrpcLogAppender.java:resetClient(110)) - f079c5a0-ef00-4d60-9ad2-3d1de424dd8b@group-43DACBA294D5->fa0dcf4e-df9f-4e34-8330-207691817642-GrpcLogAppender: Leader has not got in touch with Follower f079c5a0-ef00-4d60-9ad2-3d1de424dd8b@group-43DACBA294D5->fa0dcf4e-df9f-4e34-8330-207691817642(c0,m0,n1, attendVote=true, lastRpcSendTime=10, lastRpcResponseTime=32625) yet, just keep nextIndex unchanged and retry.
2021-12-07 08:24:50,946 [EndpointStateMachine task thread for /0.0.0.0:33331 - 0 ] INFO  ipc.Client (Client.java:handleConnectionFailure(977)) - Retrying connect to server: 0.0.0.0/0.0.0.0:33331. Already tried 6 time(s); retry policy is RetryUpToMaximumCountWithFixedSleep(maxRetries=15, sleepTime=1000 MILLISECONDS)
2021-12-07 08:24:50,952 [IPC Server handler 0 on default port 33331] INFO  server.SCMDatanodeHeartbeatDispatcher (SCMDatanodeHeartbeatDispatcher.java:dispatch(101)) - SCM received heartbeat from an unregistered datanode ef998961-c73b-4226-87f3-43670785e9df{ip: 10.1.0.14, host: fv-az151-352.yf2hydr00wburbhx3j5hxtcipe.bx.internal.cloudapp.net, ports: [REPLICATION=39831, RATIS=41193, RATIS_ADMIN=41193, RATIS_SERVER=41193, STANDALONE=43293], networkLocation: /default-rack, certSerialId: null, persistedOpState: null, persistedOpStateExpiryEpochSec: 0}. Asking datanode to re-register.
2021-12-07 08:24:50,956 [IPC Server handler 1 on default port 33331] INFO  server.SCMDatanodeHeartbeatDispatcher (SCMDatanodeHeartbeatDispatcher.java:dispatch(101)) - SCM received heartbeat from an unregistered datanode f079c5a0-ef00-4d60-9ad2-3d1de424dd8b{ip: 10.1.0.14, host: fv-az151-352.yf2hydr00wburbhx3j5hxtcipe.bx.internal.cloudapp.net, ports: [REPLICATION=45147, RATIS=37525, RATIS_ADMIN=37525, RATIS_SERVER=37525, STANDALONE=37599], networkLocation: /default-rack, certSerialId: null, persistedOpState: null, persistedOpStateExpiryEpochSec: 0}. Asking datanode to re-register.
2021-12-07 08:24:50,971 [IPC Server handler 3 on default port 33331] INFO  server.SCMDatanodeHeartbeatDispatcher (SCMDatanodeHeartbeatDispatcher.java:dispatch(101)) - SCM received heartbeat from an unregistered datanode ef998961-c73b-4226-87f3-43670785e9df{ip: 10.1.0.14, host: fv-az151-352.yf2hydr00wburbhx3j5hxtcipe.bx.internal.cloudapp.net, ports: [REPLICATION=39831, RATIS=41193, RATIS_ADMIN=41193, RATIS_SERVER=41193, STANDALONE=43293], networkLocation: /default-rack, certSerialId: null, persistedOpState: null, persistedOpStateExpiryEpochSec: 0}. Asking datanode to re-register.
2021-12-07 08:24:50,995 [EndpointStateMachine task thread for /0.0.0.0:33331 - 0 ] INFO  ozoneimpl.OzoneContainer (OzoneContainer.java:start(304)) - Attempting to start container services.
2021-12-07 08:24:51,016 [EndpointStateMachine task thread for /0.0.0.0:33331 - 0 ] INFO  ozoneimpl.OzoneContainer (OzoneContainer.java:startContainerScrub(249)) - Background container scanner has been disabled.
2021-12-07 08:24:50,972 [IPC Server handler 4 on default port 33331] INFO  server.SCMDatanodeHeartbeatDispatcher (SCMDatanodeHeartbeatDispatcher.java:dispatch(101)) - SCM received heartbeat from an unregistered datanode f079c5a0-ef00-4d60-9ad2-3d1de424dd8b{ip: 10.1.0.14, host: fv-az151-352.yf2hydr00wburbhx3j5hxtcipe.bx.internal.cloudapp.net, ports: [REPLICATION=45147, RATIS=37525, RATIS_ADMIN=37525, RATIS_SERVER=37525, STANDALONE=37599], networkLocation: /default-rack, certSerialId: null, persistedOpState: null, persistedOpStateExpiryEpochSec: 0}. Asking datanode to re-register.
2021-12-07 08:24:51,001 [IPC Server handler 5 on default port 33331] INFO  server.SCMDatanodeHeartbeatDispatcher (SCMDatanodeHeartbeatDispatcher.java:dispatch(101)) - SCM received heartbeat from an unregistered datanode ef998961-c73b-4226-87f3-43670785e9df{ip: 10.1.0.14, host: fv-az151-352.yf2hydr00wburbhx3j5hxtcipe.bx.internal.cloudapp.net, ports: [REPLICATION=39831, RATIS=41193, RATIS_ADMIN=41193, RATIS_SERVER=41193, STANDALONE=43293], networkLocation: /default-rack, certSerialId: null, persistedOpState: null, persistedOpStateExpiryEpochSec: 0}. Asking datanode to re-register.
2021-12-07 08:24:51,019 [IPC Server handler 6 on default port 33331] INFO  server.SCMDatanodeHeartbeatDispatcher (SCMDatanodeHeartbeatDispatcher.java:dispatch(101)) - SCM received heartbeat from an unregistered datanode f079c5a0-ef00-4d60-9ad2-3d1de424dd8b{ip: 10.1.0.14, host: fv-az151-352.yf2hydr00wburbhx3j5hxtcipe.bx.internal.cloudapp.net, ports: [REPLICATION=45147, RATIS=37525, RATIS_ADMIN=37525, RATIS_SERVER=37525, STANDALONE=37599], networkLocation: /default-rack, certSerialId: null, persistedOpState: null, persistedOpStateExpiryEpochSec: 0}. Asking datanode to re-register.
2021-12-07 08:24:51,019 [EndpointStateMachine task thread for /0.0.0.0:33331 - 0 ] INFO  replication.ReplicationServer (ReplicationServer.java:start(107)) - ReplicationServer is started using port 42283
2021-12-07 08:24:51,039 [IPC Server handler 7 on default port 33331] INFO  server.SCMDatanodeHeartbeatDispatcher (SCMDatanodeHeartbeatDispatcher.java:dispatch(101)) - SCM received heartbeat from an unregistered datanode ef998961-c73b-4226-87f3-43670785e9df{ip: 10.1.0.14, host: fv-az151-352.yf2hydr00wburbhx3j5hxtcipe.bx.internal.cloudapp.net, ports: [REPLICATION=39831, RATIS=41193, RATIS_ADMIN=41193, RATIS_SERVER=41193, STANDALONE=43293], networkLocation: /default-rack, certSerialId: null, persistedOpState: null, persistedOpStateExpiryEpochSec: 0}. Asking datanode to re-register.
2021-12-07 08:24:51,039 [EndpointStateMachine task thread for /0.0.0.0:33331 - 0 ] INFO  ratis.XceiverServerRatis (XceiverServerRatis.java:start(484)) - Starting XceiverServerRatis fa0dcf4e-df9f-4e34-8330-207691817642
2021-12-07 08:24:51,039 [IPC Server handler 8 on default port 33331] INFO  server.SCMDatanodeHeartbeatDispatcher (SCMDatanodeHeartbeatDispatcher.java:dispatch(101)) - SCM received heartbeat from an unregistered datanode f079c5a0-ef00-4d60-9ad2-3d1de424dd8b{ip: 10.1.0.14, host: fv-az151-352.yf2hydr00wburbhx3j5hxtcipe.bx.internal.cloudapp.net, ports: [REPLICATION=45147, RATIS=37525, RATIS_ADMIN=37525, RATIS_SERVER=37525, STANDALONE=37599], networkLocation: /default-rack, certSerialId: null, persistedOpState: null, persistedOpStateExpiryEpochSec: 0}. Asking datanode to re-register.
2021-12-07 08:24:51,097 [IPC Server handler 8 on default port 33331] INFO  server.SCMDatanodeHeartbeatDispatcher (SCMDatanodeHeartbeatDispatcher.java:dispatch(101)) - SCM received heartbeat from an unregistered datanode ef998961-c73b-4226-87f3-43670785e9df{ip: 10.1.0.14, host: fv-az151-352.yf2hydr00wburbhx3j5hxtcipe.bx.internal.cloudapp.net, ports: [REPLICATION=39831, RATIS=41193, RATIS_ADMIN=41193, RATIS_SERVER=41193, STANDALONE=43293], networkLocation: /default-rack, certSerialId: null, persistedOpState: null, persistedOpStateExpiryEpochSec: 0}. Asking datanode to re-register.
2021-12-07 08:24:51,092 [EndpointStateMachine task thread for /0.0.0.0:33331 - 0 ] INFO  server.RaftServer$Division (RaftServerImpl.java:start(301)) - fa0dcf4e-df9f-4e34-8330-207691817642@group-91B4EE80195C: start as a follower, conf=0: [fa0dcf4e-df9f-4e34-8330-207691817642|rpc:10.1.0.14:46745|dataStream:|priority:1], old=null
2021-12-07 08:24:51,108 [EndpointStateMachine task thread for /0.0.0.0:33331 - 0 ] INFO  server.RaftServer$Division (RaftServerImpl.java:setRole(290)) - fa0dcf4e-df9f-4e34-8330-207691817642@group-91B4EE80195C: changes role from      null to FOLLOWER at term 1 for startAsFollower
2021-12-07 08:24:51,108 [EndpointStateMachine task thread for /0.0.0.0:33331 - 0 ] INFO  impl.RoleInfo (RoleInfo.java:updateAndGet(130)) - fa0dcf4e-df9f-4e34-8330-207691817642: start fa0dcf4e-df9f-4e34-8330-207691817642@group-91B4EE80195C-FollowerState
2021-12-07 08:24:51,101 [IPC Server handler 11 on default port 33331] INFO  server.SCMDatanodeHeartbeatDispatcher (SCMDatanodeHeartbeatDispatcher.java:dispatch(101)) - SCM received heartbeat from an unregistered datanode ef998961-c73b-4226-87f3-43670785e9df{ip: 10.1.0.14, host: fv-az151-352.yf2hydr00wburbhx3j5hxtcipe.bx.internal.cloudapp.net, ports: [REPLICATION=39831, RATIS=41193, RATIS_ADMIN=41193, RATIS_SERVER=41193, STANDALONE=43293], networkLocation: /default-rack, certSerialId: null, persistedOpState: null, persistedOpStateExpiryEpochSec: 0}. Asking datanode to re-register.
2021-12-07 08:24:51,101 [IPC Server handler 10 on default port 33331] INFO  server.SCMDatanodeHeartbeatDispatcher (SCMDatanodeHeartbeatDispatcher.java:dispatch(101)) - SCM received heartbeat from an unregistered datanode f079c5a0-ef00-4d60-9ad2-3d1de424dd8b{ip: 10.1.0.14, host: fv-az151-352.yf2hydr00wburbhx3j5hxtcipe.bx.internal.cloudapp.net, ports: [REPLICATION=45147, RATIS=37525, RATIS_ADMIN=37525, RATIS_SERVER=37525, STANDALONE=37599], networkLocation: /default-rack, certSerialId: null, persistedOpState: null, persistedOpStateExpiryEpochSec: 0}. Asking datanode to re-register.
2021-12-07 08:24:51,110 [EndpointStateMachine task thread for /0.0.0.0:33331 - 0 ] INFO  util.JmxRegister (JmxRegister.java:tryRegister(44)) - Successfully registered JMX Bean with object name Ratis:service=RaftServer,group=group-91B4EE80195C,id=fa0dcf4e-df9f-4e34-8330-207691817642
2021-12-07 08:24:51,115 [EndpointStateMachine task thread for /0.0.0.0:33331 - 0 ] INFO  server.RaftServer$Division (RaftServerImpl.java:start(301)) - fa0dcf4e-df9f-4e34-8330-207691817642@group-43DACBA294D5: start as a follower, conf=0: [ef998961-c73b-4226-87f3-43670785e9df|rpc:10.1.0.14:41193|dataStream:|priority:0, fa0dcf4e-df9f-4e34-8330-207691817642|rpc:10.1.0.14:46745|dataStream:|priority:0, f079c5a0-ef00-4d60-9ad2-3d1de424dd8b|rpc:10.1.0.14:37525|dataStream:|priority:1], old=null
2021-12-07 08:24:51,115 [EndpointStateMachine task thread for /0.0.0.0:33331 - 0 ] INFO  server.RaftServer$Division (RaftServerImpl.java:setRole(290)) - fa0dcf4e-df9f-4e34-8330-207691817642@group-43DACBA294D5: changes role from      null to FOLLOWER at term 10 for startAsFollower
2021-12-07 08:24:51,115 [EndpointStateMachine task thread for /0.0.0.0:33331 - 0 ] INFO  impl.RoleInfo (RoleInfo.java:updateAndGet(130)) - fa0dcf4e-df9f-4e34-8330-207691817642: start fa0dcf4e-df9f-4e34-8330-207691817642@group-43DACBA294D5-FollowerState
2021-12-07 08:24:51,116 [EndpointStateMachine task thread for /0.0.0.0:33331 - 0 ] INFO  util.JmxRegister (JmxRegister.java:tryRegister(44)) - Successfully registered JMX Bean with object name Ratis:service=RaftServer,group=group-43DACBA294D5,id=fa0dcf4e-df9f-4e34-8330-207691817642
2021-12-07 08:24:51,139 [EndpointStateMachine task thread for /0.0.0.0:33331 - 0 ] INFO  server.RaftServer (RaftServerProxy.java:lambda$start$5(374)) - fa0dcf4e-df9f-4e34-8330-207691817642: start RPC server
2021-12-07 08:24:51,143 [EndpointStateMachine task thread for /0.0.0.0:33331 - 0 ] INFO  server.GrpcService (GrpcService.java:startImpl(253)) - fa0dcf4e-df9f-4e34-8330-207691817642: GrpcService started, listening on 46745
2021-12-07 08:24:51,146 [EndpointStateMachine task thread for /0.0.0.0:33331 - 0 ] INFO  ratis.XceiverServerRatis (XceiverServerRatis.java:getRealPort(505)) - XceiverServerRatis fa0dcf4e-df9f-4e34-8330-207691817642 is started using port 46745 for RATIS
2021-12-07 08:24:51,146 [EndpointStateMachine task thread for /0.0.0.0:33331 - 0 ] INFO  ratis.XceiverServerRatis (XceiverServerRatis.java:getRealPort(505)) - XceiverServerRatis fa0dcf4e-df9f-4e34-8330-207691817642 is started using port 46745 for RATIS_ADMIN
2021-12-07 08:24:51,146 [EndpointStateMachine task thread for /0.0.0.0:33331 - 0 ] INFO  ratis.XceiverServerRatis (XceiverServerRatis.java:getRealPort(505)) - XceiverServerRatis fa0dcf4e-df9f-4e34-8330-207691817642 is started using port 46745 for RATIS_SERVER
2021-12-07 08:24:51,146 [org.apache.ratis.util.JvmPauseMonitor$$Lambda$533/1661870091@3e8e1bb4] INFO  util.JvmPauseMonitor (JvmPauseMonitor.java:run(103)) - JvmPauseMonitor-fa0dcf4e-df9f-4e34-8330-207691817642: Started
2021-12-07 08:24:51,159 [IPC Server handler 13 on default port 33331] INFO  server.SCMDatanodeHeartbeatDispatcher (SCMDatanodeHeartbeatDispatcher.java:dispatch(101)) - SCM received heartbeat from an unregistered datanode f079c5a0-ef00-4d60-9ad2-3d1de424dd8b{ip: 10.1.0.14, host: fv-az151-352.yf2hydr00wburbhx3j5hxtcipe.bx.internal.cloudapp.net, ports: [REPLICATION=45147, RATIS=37525, RATIS_ADMIN=37525, RATIS_SERVER=37525, STANDALONE=37599], networkLocation: /default-rack, certSerialId: null, persistedOpState: null, persistedOpStateExpiryEpochSec: 0}. Asking datanode to re-register.
2021-12-07 08:24:51,156 [IPC Server handler 12 on default port 33331] INFO  server.SCMDatanodeHeartbeatDispatcher (SCMDatanodeHeartbeatDispatcher.java:dispatch(101)) - SCM received heartbeat from an unregistered datanode ef998961-c73b-4226-87f3-43670785e9df{ip: 10.1.0.14, host: fv-az151-352.yf2hydr00wburbhx3j5hxtcipe.bx.internal.cloudapp.net, ports: [REPLICATION=39831, RATIS=41193, RATIS_ADMIN=41193, RATIS_SERVER=41193, STANDALONE=43293], networkLocation: /default-rack, certSerialId: null, persistedOpState: null, persistedOpStateExpiryEpochSec: 0}. Asking datanode to re-register.
2021-12-07 08:24:51,172 [IPC Server handler 14 on default port 33331] INFO  server.SCMDatanodeHeartbeatDispatcher (SCMDatanodeHeartbeatDispatcher.java:dispatch(101)) - SCM received heartbeat from an unregistered datanode f079c5a0-ef00-4d60-9ad2-3d1de424dd8b{ip: 10.1.0.14, host: fv-az151-352.yf2hydr00wburbhx3j5hxtcipe.bx.internal.cloudapp.net, ports: [REPLICATION=45147, RATIS=37525, RATIS_ADMIN=37525, RATIS_SERVER=37525, STANDALONE=37599], networkLocation: /default-rack, certSerialId: null, persistedOpState: null, persistedOpStateExpiryEpochSec: 0}. Asking datanode to re-register.
2021-12-07 08:24:51,173 [IPC Server handler 15 on default port 33331] INFO  server.SCMDatanodeHeartbeatDispatcher (SCMDatanodeHeartbeatDispatcher.java:dispatch(101)) - SCM received heartbeat from an unregistered datanode ef998961-c73b-4226-87f3-43670785e9df{ip: 10.1.0.14, host: fv-az151-352.yf2hydr00wburbhx3j5hxtcipe.bx.internal.cloudapp.net, ports: [REPLICATION=39831, RATIS=41193, RATIS_ADMIN=41193, RATIS_SERVER=41193, STANDALONE=43293], networkLocation: /default-rack, certSerialId: null, persistedOpState: null, persistedOpStateExpiryEpochSec: 0}. Asking datanode to re-register.
2021-12-07 08:24:51,196 [IPC Server handler 15 on default port 33331] INFO  server.SCMDatanodeHeartbeatDispatcher (SCMDatanodeHeartbeatDispatcher.java:dispatch(101)) - SCM received heartbeat from an unregistered datanode f079c5a0-ef00-4d60-9ad2-3d1de424dd8b{ip: 10.1.0.14, host: fv-az151-352.yf2hydr00wburbhx3j5hxtcipe.bx.internal.cloudapp.net, ports: [REPLICATION=45147, RATIS=37525, RATIS_ADMIN=37525, RATIS_SERVER=37525, STANDALONE=37599], networkLocation: /default-rack, certSerialId: null, persistedOpState: null, persistedOpStateExpiryEpochSec: 0}. Asking datanode to re-register.
2021-12-07 08:24:51,199 [IPC Server handler 17 on default port 33331] INFO  server.SCMDatanodeHeartbeatDispatcher (SCMDatanodeHeartbeatDispatcher.java:dispatch(101)) - SCM received heartbeat from an unregistered datanode ef998961-c73b-4226-87f3-43670785e9df{ip: 10.1.0.14, host: fv-az151-352.yf2hydr00wburbhx3j5hxtcipe.bx.internal.cloudapp.net, ports: [REPLICATION=39831, RATIS=41193, RATIS_ADMIN=41193, RATIS_SERVER=41193, STANDALONE=43293], networkLocation: /default-rack, certSerialId: null, persistedOpState: null, persistedOpStateExpiryEpochSec: 0}. Asking datanode to re-register.
2021-12-07 08:24:51,199 [IPC Server handler 18 on default port 33331] INFO  server.SCMDatanodeHeartbeatDispatcher (SCMDatanodeHeartbeatDispatcher.java:dispatch(101)) - SCM received heartbeat from an unregistered datanode f079c5a0-ef00-4d60-9ad2-3d1de424dd8b{ip: 10.1.0.14, host: fv-az151-352.yf2hydr00wburbhx3j5hxtcipe.bx.internal.cloudapp.net, ports: [REPLICATION=45147, RATIS=37525, RATIS_ADMIN=37525, RATIS_SERVER=37525, STANDALONE=37599], networkLocation: /default-rack, certSerialId: null, persistedOpState: null, persistedOpStateExpiryEpochSec: 0}. Asking datanode to re-register.
2021-12-07 08:24:51,201 [IPC Server handler 19 on default port 33331] INFO  server.SCMDatanodeHeartbeatDispatcher (SCMDatanodeHeartbeatDispatcher.java:dispatch(101)) - SCM received heartbeat from an unregistered datanode ef998961-c73b-4226-87f3-43670785e9df{ip: 10.1.0.14, host: fv-az151-352.yf2hydr00wburbhx3j5hxtcipe.bx.internal.cloudapp.net, ports: [REPLICATION=39831, RATIS=41193, RATIS_ADMIN=41193, RATIS_SERVER=41193, STANDALONE=43293], networkLocation: /default-rack, certSerialId: null, persistedOpState: null, persistedOpStateExpiryEpochSec: 0}. Asking datanode to re-register.
2021-12-07 08:24:51,208 [IPC Server handler 0 on default port 33331] INFO  server.SCMDatanodeHeartbeatDispatcher (SCMDatanodeHeartbeatDispatcher.java:dispatch(101)) - SCM received heartbeat from an unregistered datanode f079c5a0-ef00-4d60-9ad2-3d1de424dd8b{ip: 10.1.0.14, host: fv-az151-352.yf2hydr00wburbhx3j5hxtcipe.bx.internal.cloudapp.net, ports: [REPLICATION=45147, RATIS=37525, RATIS_ADMIN=37525, RATIS_SERVER=37525, STANDALONE=37599], networkLocation: /default-rack, certSerialId: null, persistedOpState: null, persistedOpStateExpiryEpochSec: 0}. Asking datanode to re-register.
2021-12-07 08:24:51,216 [IPC Server handler 2 on default port 33331] INFO  server.SCMDatanodeHeartbeatDispatcher (SCMDatanodeHeartbeatDispatcher.java:dispatch(101)) - SCM received heartbeat from an unregistered datanode f079c5a0-ef00-4d60-9ad2-3d1de424dd8b{ip: 10.1.0.14, host: fv-az151-352.yf2hydr00wburbhx3j5hxtcipe.bx.internal.cloudapp.net, ports: [REPLICATION=45147, RATIS=37525, RATIS_ADMIN=37525, RATIS_SERVER=37525, STANDALONE=37599], networkLocation: /default-rack, certSerialId: null, persistedOpState: null, persistedOpStateExpiryEpochSec: 0}. Asking datanode to re-register.
2021-12-07 08:24:51,212 [IPC Server handler 1 on default port 33331] INFO  server.SCMDatanodeHeartbeatDispatcher (SCMDatanodeHeartbeatDispatcher.java:dispatch(101)) - SCM received heartbeat from an unregistered datanode ef998961-c73b-4226-87f3-43670785e9df{ip: 10.1.0.14, host: fv-az151-352.yf2hydr00wburbhx3j5hxtcipe.bx.internal.cloudapp.net, ports: [REPLICATION=39831, RATIS=41193, RATIS_ADMIN=41193, RATIS_SERVER=41193, STANDALONE=43293], networkLocation: /default-rack, certSerialId: null, persistedOpState: null, persistedOpStateExpiryEpochSec: 0}. Asking datanode to re-register.
2021-12-07 08:24:51,228 [IPC Server handler 3 on default port 33331] INFO  server.SCMDatanodeHeartbeatDispatcher (SCMDatanodeHeartbeatDispatcher.java:dispatch(101)) - SCM received heartbeat from an unregistered datanode f079c5a0-ef00-4d60-9ad2-3d1de424dd8b{ip: 10.1.0.14, host: fv-az151-352.yf2hydr00wburbhx3j5hxtcipe.bx.internal.cloudapp.net, ports: [REPLICATION=45147, RATIS=37525, RATIS_ADMIN=37525, RATIS_SERVER=37525, STANDALONE=37599], networkLocation: /default-rack, certSerialId: null, persistedOpState: null, persistedOpStateExpiryEpochSec: 0}. Asking datanode to re-register.
2021-12-07 08:24:51,240 [IPC Server handler 3 on default port 33331] INFO  server.SCMDatanodeHeartbeatDispatcher (SCMDatanodeHeartbeatDispatcher.java:dispatch(101)) - SCM received heartbeat from an unregistered datanode ef998961-c73b-4226-87f3-43670785e9df{ip: 10.1.0.14, host: fv-az151-352.yf2hydr00wburbhx3j5hxtcipe.bx.internal.cloudapp.net, ports: [REPLICATION=39831, RATIS=41193, RATIS_ADMIN=41193, RATIS_SERVER=41193, STANDALONE=43293], networkLocation: /default-rack, certSerialId: null, persistedOpState: null, persistedOpStateExpiryEpochSec: 0}. Asking datanode to re-register.
2021-12-07 08:24:51,243 [IPC Server handler 5 on default port 33331] INFO  server.SCMDatanodeHeartbeatDispatcher (SCMDatanodeHeartbeatDispatcher.java:dispatch(101)) - SCM received heartbeat from an unregistered datanode f079c5a0-ef00-4d60-9ad2-3d1de424dd8b{ip: 10.1.0.14, host: fv-az151-352.yf2hydr00wburbhx3j5hxtcipe.bx.internal.cloudapp.net, ports: [REPLICATION=45147, RATIS=37525, RATIS_ADMIN=37525, RATIS_SERVER=37525, STANDALONE=37599], networkLocation: /default-rack, certSerialId: null, persistedOpState: null, persistedOpStateExpiryEpochSec: 0}. Asking datanode to re-register.
2021-12-07 08:24:51,243 [IPC Server handler 6 on default port 33331] INFO  server.SCMDatanodeHeartbeatDispatcher (SCMDatanodeHeartbeatDispatcher.java:dispatch(101)) - SCM received heartbeat from an unregistered datanode ef998961-c73b-4226-87f3-43670785e9df{ip: 10.1.0.14, host: fv-az151-352.yf2hydr00wburbhx3j5hxtcipe.bx.internal.cloudapp.net, ports: [REPLICATION=39831, RATIS=41193, RATIS_ADMIN=41193, RATIS_SERVER=41193, STANDALONE=43293], networkLocation: /default-rack, certSerialId: null, persistedOpState: null, persistedOpStateExpiryEpochSec: 0}. Asking datanode to re-register.
2021-12-07 08:24:51,246 [IPC Server handler 7 on default port 33331] INFO  server.SCMDatanodeHeartbeatDispatcher (SCMDatanodeHeartbeatDispatcher.java:dispatch(101)) - SCM received heartbeat from an unregistered datanode f079c5a0-ef00-4d60-9ad2-3d1de424dd8b{ip: 10.1.0.14, host: fv-az151-352.yf2hydr00wburbhx3j5hxtcipe.bx.internal.cloudapp.net, ports: [REPLICATION=45147, RATIS=37525, RATIS_ADMIN=37525, RATIS_SERVER=37525, STANDALONE=37599], networkLocation: /default-rack, certSerialId: null, persistedOpState: null, persistedOpStateExpiryEpochSec: 0}. Asking datanode to re-register.
2021-12-07 08:24:51,248 [IPC Server handler 8 on default port 33331] INFO  server.SCMDatanodeHeartbeatDispatcher (SCMDatanodeHeartbeatDispatcher.java:dispatch(101)) - SCM received heartbeat from an unregistered datanode ef998961-c73b-4226-87f3-43670785e9df{ip: 10.1.0.14, host: fv-az151-352.yf2hydr00wburbhx3j5hxtcipe.bx.internal.cloudapp.net, ports: [REPLICATION=39831, RATIS=41193, RATIS_ADMIN=41193, RATIS_SERVER=41193, STANDALONE=43293], networkLocation: /default-rack, certSerialId: null, persistedOpState: null, persistedOpStateExpiryEpochSec: 0}. Asking datanode to re-register.
2021-12-07 08:24:51,280 [IPC Server handler 9 on default port 33331] INFO  server.SCMDatanodeHeartbeatDispatcher (SCMDatanodeHeartbeatDispatcher.java:dispatch(101)) - SCM received heartbeat from an unregistered datanode f079c5a0-ef00-4d60-9ad2-3d1de424dd8b{ip: 10.1.0.14, host: fv-az151-352.yf2hydr00wburbhx3j5hxtcipe.bx.internal.cloudapp.net, ports: [REPLICATION=45147, RATIS=37525, RATIS_ADMIN=37525, RATIS_SERVER=37525, STANDALONE=37599], networkLocation: /default-rack, certSerialId: null, persistedOpState: null, persistedOpStateExpiryEpochSec: 0}. Asking datanode to re-register.
2021-12-07 08:24:51,286 [IPC Server handler 11 on default port 33331] INFO  server.SCMDatanodeHeartbeatDispatcher (SCMDatanodeHeartbeatDispatcher.java:dispatch(101)) - SCM received heartbeat from an unregistered datanode ef998961-c73b-4226-87f3-43670785e9df{ip: 10.1.0.14, host: fv-az151-352.yf2hydr00wburbhx3j5hxtcipe.bx.internal.cloudapp.net, ports: [REPLICATION=39831, RATIS=41193, RATIS_ADMIN=41193, RATIS_SERVER=41193, STANDALONE=43293], networkLocation: /default-rack, certSerialId: null, persistedOpState: null, persistedOpStateExpiryEpochSec: 0}. Asking datanode to re-register.
2021-12-07 08:24:51,288 [IPC Server handler 10 on default port 33331] INFO  server.SCMDatanodeHeartbeatDispatcher (SCMDatanodeHeartbeatDispatcher.java:dispatch(101)) - SCM received heartbeat from an unregistered datanode f079c5a0-ef00-4d60-9ad2-3d1de424dd8b{ip: 10.1.0.14, host: fv-az151-352.yf2hydr00wburbhx3j5hxtcipe.bx.internal.cloudapp.net, ports: [REPLICATION=45147, RATIS=37525, RATIS_ADMIN=37525, RATIS_SERVER=37525, STANDALONE=37599], networkLocation: /default-rack, certSerialId: null, persistedOpState: null, persistedOpStateExpiryEpochSec: 0}. Asking datanode to re-register.
2021-12-07 08:24:51,302 [IPC Server handler 13 on default port 33331] INFO  server.SCMDatanodeHeartbeatDispatcher (SCMDatanodeHeartbeatDispatcher.java:dispatch(101)) - SCM received heartbeat from an unregistered datanode ef998961-c73b-4226-87f3-43670785e9df{ip: 10.1.0.14, host: fv-az151-352.yf2hydr00wburbhx3j5hxtcipe.bx.internal.cloudapp.net, ports: [REPLICATION=39831, RATIS=41193, RATIS_ADMIN=41193, RATIS_SERVER=41193, STANDALONE=43293], networkLocation: /default-rack, certSerialId: null, persistedOpState: null, persistedOpStateExpiryEpochSec: 0}. Asking datanode to re-register.
2021-12-07 08:24:51,306 [IPC Server handler 12 on default port 33331] INFO  server.SCMDatanodeHeartbeatDispatcher (SCMDatanodeHeartbeatDispatcher.java:dispatch(101)) - SCM received heartbeat from an unregistered datanode f079c5a0-ef00-4d60-9ad2-3d1de424dd8b{ip: 10.1.0.14, host: fv-az151-352.yf2hydr00wburbhx3j5hxtcipe.bx.internal.cloudapp.net, ports: [REPLICATION=45147, RATIS=37525, RATIS_ADMIN=37525, RATIS_SERVER=37525, STANDALONE=37599], networkLocation: /default-rack, certSerialId: null, persistedOpState: null, persistedOpStateExpiryEpochSec: 0}. Asking datanode to re-register.
2021-12-07 08:24:51,327 [IPC Server handler 14 on default port 33331] INFO  server.SCMDatanodeHeartbeatDispatcher (SCMDatanodeHeartbeatDispatcher.java:dispatch(101)) - SCM received heartbeat from an unregistered datanode ef998961-c73b-4226-87f3-43670785e9df{ip: 10.1.0.14, host: fv-az151-352.yf2hydr00wburbhx3j5hxtcipe.bx.internal.cloudapp.net, ports: [REPLICATION=39831, RATIS=41193, RATIS_ADMIN=41193, RATIS_SERVER=41193, STANDALONE=43293], networkLocation: /default-rack, certSerialId: null, persistedOpState: null, persistedOpStateExpiryEpochSec: 0}. Asking datanode to re-register.
2021-12-07 08:24:51,328 [IPC Server handler 15 on default port 33331] INFO  server.SCMDatanodeHeartbeatDispatcher (SCMDatanodeHeartbeatDispatcher.java:dispatch(101)) - SCM received heartbeat from an unregistered datanode f079c5a0-ef00-4d60-9ad2-3d1de424dd8b{ip: 10.1.0.14, host: fv-az151-352.yf2hydr00wburbhx3j5hxtcipe.bx.internal.cloudapp.net, ports: [REPLICATION=45147, RATIS=37525, RATIS_ADMIN=37525, RATIS_SERVER=37525, STANDALONE=37599], networkLocation: /default-rack, certSerialId: null, persistedOpState: null, persistedOpStateExpiryEpochSec: 0}. Asking datanode to re-register.
2021-12-07 08:24:51,345 [Listener at 0.0.0.0/34747] INFO  ozone.MiniOzoneClusterImpl (MiniOzoneClusterImpl.java:lambda$waitForClusterToBeReady$0(235)) - Waiting for nodes to be ready. Got 0 of 3 DN Heartbeats.
2021-12-07 08:24:51,348 [Listener at 0.0.0.0/34747] INFO  ozone.MiniOzoneClusterImpl (MiniOzoneClusterImpl.java:lambda$waitForClusterToBeReady$0(238)) - Waiting for cluster to exit safe mode
2021-12-07 08:24:51,348 [Listener at 0.0.0.0/34747] INFO  ozone.MiniOzoneClusterImpl (MiniOzoneClusterImpl.java:lambda$waitForClusterToBeReady$0(240)) - SCM became leader
2021-12-07 08:24:51,348 [IPC Server handler 17 on default port 33331] INFO  server.SCMDatanodeHeartbeatDispatcher (SCMDatanodeHeartbeatDispatcher.java:dispatch(101)) - SCM received heartbeat from an unregistered datanode ef998961-c73b-4226-87f3-43670785e9df{ip: 10.1.0.14, host: fv-az151-352.yf2hydr00wburbhx3j5hxtcipe.bx.internal.cloudapp.net, ports: [REPLICATION=39831, RATIS=41193, RATIS_ADMIN=41193, RATIS_SERVER=41193, STANDALONE=43293], networkLocation: /default-rack, certSerialId: null, persistedOpState: null, persistedOpStateExpiryEpochSec: 0}. Asking datanode to re-register.
2021-12-07 08:24:51,355 [IPC Server handler 18 on default port 33331] INFO  server.SCMDatanodeHeartbeatDispatcher (SCMDatanodeHeartbeatDispatcher.java:dispatch(101)) - SCM received heartbeat from an unregistered datanode f079c5a0-ef00-4d60-9ad2-3d1de424dd8b{ip: 10.1.0.14, host: fv-az151-352.yf2hydr00wburbhx3j5hxtcipe.bx.internal.cloudapp.net, ports: [REPLICATION=45147, RATIS=37525, RATIS_ADMIN=37525, RATIS_SERVER=37525, STANDALONE=37599], networkLocation: /default-rack, certSerialId: null, persistedOpState: null, persistedOpStateExpiryEpochSec: 0}. Asking datanode to re-register.
2021-12-07 08:24:51,356 [IPC Server handler 19 on default port 33331] INFO  server.SCMDatanodeHeartbeatDispatcher (SCMDatanodeHeartbeatDispatcher.java:dispatch(101)) - SCM received heartbeat from an unregistered datanode f079c5a0-ef00-4d60-9ad2-3d1de424dd8b{ip: 10.1.0.14, host: fv-az151-352.yf2hydr00wburbhx3j5hxtcipe.bx.internal.cloudapp.net, ports: [REPLICATION=45147, RATIS=37525, RATIS_ADMIN=37525, RATIS_SERVER=37525, STANDALONE=37599], networkLocation: /default-rack, certSerialId: null, persistedOpState: null, persistedOpStateExpiryEpochSec: 0}. Asking datanode to re-register.
2021-12-07 08:24:51,356 [IPC Server handler 0 on default port 33331] INFO  server.SCMDatanodeHeartbeatDispatcher (SCMDatanodeHeartbeatDispatcher.java:dispatch(101)) - SCM received heartbeat from an unregistered datanode ef998961-c73b-4226-87f3-43670785e9df{ip: 10.1.0.14, host: fv-az151-352.yf2hydr00wburbhx3j5hxtcipe.bx.internal.cloudapp.net, ports: [REPLICATION=39831, RATIS=41193, RATIS_ADMIN=41193, RATIS_SERVER=41193, STANDALONE=43293], networkLocation: /default-rack, certSerialId: null, persistedOpState: null, persistedOpStateExpiryEpochSec: 0}. Asking datanode to re-register.
2021-12-07 08:24:51,360 [IPC Server handler 2 on default port 33331] INFO  server.SCMDatanodeHeartbeatDispatcher (SCMDatanodeHeartbeatDispatcher.java:dispatch(101)) - SCM received heartbeat from an unregistered datanode f079c5a0-ef00-4d60-9ad2-3d1de424dd8b{ip: 10.1.0.14, host: fv-az151-352.yf2hydr00wburbhx3j5hxtcipe.bx.internal.cloudapp.net, ports: [REPLICATION=45147, RATIS=37525, RATIS_ADMIN=37525, RATIS_SERVER=37525, STANDALONE=37599], networkLocation: /default-rack, certSerialId: null, persistedOpState: null, persistedOpStateExpiryEpochSec: 0}. Asking datanode to re-register.
2021-12-07 08:24:51,362 [IPC Server handler 1 on default port 33331] INFO  server.SCMDatanodeHeartbeatDispatcher (SCMDatanodeHeartbeatDispatcher.java:dispatch(101)) - SCM received heartbeat from an unregistered datanode ef998961-c73b-4226-87f3-43670785e9df{ip: 10.1.0.14, host: fv-az151-352.yf2hydr00wburbhx3j5hxtcipe.bx.internal.cloudapp.net, ports: [REPLICATION=39831, RATIS=41193, RATIS_ADMIN=41193, RATIS_SERVER=41193, STANDALONE=43293], networkLocation: /default-rack, certSerialId: null, persistedOpState: null, persistedOpStateExpiryEpochSec: 0}. Asking datanode to re-register.
2021-12-07 08:24:51,364 [IPC Server handler 4 on default port 33331] INFO  server.SCMDatanodeHeartbeatDispatcher (SCMDatanodeHeartbeatDispatcher.java:dispatch(101)) - SCM received heartbeat from an unregistered datanode f079c5a0-ef00-4d60-9ad2-3d1de424dd8b{ip: 10.1.0.14, host: fv-az151-352.yf2hydr00wburbhx3j5hxtcipe.bx.internal.cloudapp.net, ports: [REPLICATION=45147, RATIS=37525, RATIS_ADMIN=37525, RATIS_SERVER=37525, STANDALONE=37599], networkLocation: /default-rack, certSerialId: null, persistedOpState: null, persistedOpStateExpiryEpochSec: 0}. Asking datanode to re-register.
2021-12-07 08:24:51,364 [IPC Server handler 3 on default port 33331] INFO  server.SCMDatanodeHeartbeatDispatcher (SCMDatanodeHeartbeatDispatcher.java:dispatch(101)) - SCM received heartbeat from an unregistered datanode ef998961-c73b-4226-87f3-43670785e9df{ip: 10.1.0.14, host: fv-az151-352.yf2hydr00wburbhx3j5hxtcipe.bx.internal.cloudapp.net, ports: [REPLICATION=39831, RATIS=41193, RATIS_ADMIN=41193, RATIS_SERVER=41193, STANDALONE=43293], networkLocation: /default-rack, certSerialId: null, persistedOpState: null, persistedOpStateExpiryEpochSec: 0}. Asking datanode to re-register.
2021-12-07 08:24:51,388 [IPC Server handler 5 on default port 33331] INFO  server.SCMDatanodeHeartbeatDispatcher (SCMDatanodeHeartbeatDispatcher.java:dispatch(101)) - SCM received heartbeat from an unregistered datanode ef998961-c73b-4226-87f3-43670785e9df{ip: 10.1.0.14, host: fv-az151-352.yf2hydr00wburbhx3j5hxtcipe.bx.internal.cloudapp.net, ports: [REPLICATION=39831, RATIS=41193, RATIS_ADMIN=41193, RATIS_SERVER=41193, STANDALONE=43293], networkLocation: /default-rack, certSerialId: null, persistedOpState: null, persistedOpStateExpiryEpochSec: 0}. Asking datanode to re-register.
2021-12-07 08:24:51,388 [IPC Server handler 6 on default port 33331] INFO  server.SCMDatanodeHeartbeatDispatcher (SCMDatanodeHeartbeatDispatcher.java:dispatch(101)) - SCM received heartbeat from an unregistered datanode f079c5a0-ef00-4d60-9ad2-3d1de424dd8b{ip: 10.1.0.14, host: fv-az151-352.yf2hydr00wburbhx3j5hxtcipe.bx.internal.cloudapp.net, ports: [REPLICATION=45147, RATIS=37525, RATIS_ADMIN=37525, RATIS_SERVER=37525, STANDALONE=37599], networkLocation: /default-rack, certSerialId: null, persistedOpState: null, persistedOpStateExpiryEpochSec: 0}. Asking datanode to re-register.
2021-12-07 08:24:51,390 [IPC Server handler 7 on default port 33331] INFO  server.SCMDatanodeHeartbeatDispatcher (SCMDatanodeHeartbeatDispatcher.java:dispatch(101)) - SCM received heartbeat from an unregistered datanode f079c5a0-ef00-4d60-9ad2-3d1de424dd8b{ip: 10.1.0.14, host: fv-az151-352.yf2hydr00wburbhx3j5hxtcipe.bx.internal.cloudapp.net, ports: [REPLICATION=45147, RATIS=37525, RATIS_ADMIN=37525, RATIS_SERVER=37525, STANDALONE=37599], networkLocation: /default-rack, certSerialId: null, persistedOpState: null, persistedOpStateExpiryEpochSec: 0}. Asking datanode to re-register.
2021-12-07 08:24:51,391 [IPC Server handler 8 on default port 33331] INFO  server.SCMDatanodeHeartbeatDispatcher (SCMDatanodeHeartbeatDispatcher.java:dispatch(101)) - SCM received heartbeat from an unregistered datanode ef998961-c73b-4226-87f3-43670785e9df{ip: 10.1.0.14, host: fv-az151-352.yf2hydr00wburbhx3j5hxtcipe.bx.internal.cloudapp.net, ports: [REPLICATION=39831, RATIS=41193, RATIS_ADMIN=41193, RATIS_SERVER=41193, STANDALONE=43293], networkLocation: /default-rack, certSerialId: null, persistedOpState: null, persistedOpStateExpiryEpochSec: 0}. Asking datanode to re-register.
2021-12-07 08:24:51,391 [IPC Server handler 16 on default port 33331] INFO  server.SCMDatanodeHeartbeatDispatcher (SCMDatanodeHeartbeatDispatcher.java:dispatch(101)) - SCM received heartbeat from an unregistered datanode f079c5a0-ef00-4d60-9ad2-3d1de424dd8b{ip: 10.1.0.14, host: fv-az151-352.yf2hydr00wburbhx3j5hxtcipe.bx.internal.cloudapp.net, ports: [REPLICATION=45147, RATIS=37525, RATIS_ADMIN=37525, RATIS_SERVER=37525, STANDALONE=37599], networkLocation: /default-rack, certSerialId: null, persistedOpState: null, persistedOpStateExpiryEpochSec: 0}. Asking datanode to re-register.
2021-12-07 08:24:51,392 [IPC Server handler 9 on default port 33331] INFO  server.SCMDatanodeHeartbeatDispatcher (SCMDatanodeHeartbeatDispatcher.java:dispatch(101)) - SCM received heartbeat from an unregistered datanode ef998961-c73b-4226-87f3-43670785e9df{ip: 10.1.0.14, host: fv-az151-352.yf2hydr00wburbhx3j5hxtcipe.bx.internal.cloudapp.net, ports: [REPLICATION=39831, RATIS=41193, RATIS_ADMIN=41193, RATIS_SERVER=41193, STANDALONE=43293], networkLocation: /default-rack, certSerialId: null, persistedOpState: null, persistedOpStateExpiryEpochSec: 0}. Asking datanode to re-register.
2021-12-07 08:24:51,392 [IPC Server handler 11 on default port 33331] INFO  server.SCMDatanodeHeartbeatDispatcher (SCMDatanodeHeartbeatDispatcher.java:dispatch(101)) - SCM received heartbeat from an unregistered datanode f079c5a0-ef00-4d60-9ad2-3d1de424dd8b{ip: 10.1.0.14, host: fv-az151-352.yf2hydr00wburbhx3j5hxtcipe.bx.internal.cloudapp.net, ports: [REPLICATION=45147, RATIS=37525, RATIS_ADMIN=37525, RATIS_SERVER=37525, STANDALONE=37599], networkLocation: /default-rack, certSerialId: null, persistedOpState: null, persistedOpStateExpiryEpochSec: 0}. Asking datanode to re-register.
2021-12-07 08:24:51,393 [IPC Server handler 10 on default port 33331] INFO  server.SCMDatanodeHeartbeatDispatcher (SCMDatanodeHeartbeatDispatcher.java:dispatch(101)) - SCM received heartbeat from an unregistered datanode ef998961-c73b-4226-87f3-43670785e9df{ip: 10.1.0.14, host: fv-az151-352.yf2hydr00wburbhx3j5hxtcipe.bx.internal.cloudapp.net, ports: [REPLICATION=39831, RATIS=41193, RATIS_ADMIN=41193, RATIS_SERVER=41193, STANDALONE=43293], networkLocation: /default-rack, certSerialId: null, persistedOpState: null, persistedOpStateExpiryEpochSec: 0}. Asking datanode to re-register.
2021-12-07 08:24:51,394 [IPC Server handler 13 on default port 33331] INFO  server.SCMDatanodeHeartbeatDispatcher (SCMDatanodeHeartbeatDispatcher.java:dispatch(101)) - SCM received heartbeat from an unregistered datanode f079c5a0-ef00-4d60-9ad2-3d1de424dd8b{ip: 10.1.0.14, host: fv-az151-352.yf2hydr00wburbhx3j5hxtcipe.bx.internal.cloudapp.net, ports: [REPLICATION=45147, RATIS=37525, RATIS_ADMIN=37525, RATIS_SERVER=37525, STANDALONE=37599], networkLocation: /default-rack, certSerialId: null, persistedOpState: null, persistedOpStateExpiryEpochSec: 0}. Asking datanode to re-register.
2021-12-07 08:24:51,394 [IPC Server handler 12 on default port 33331] INFO  server.SCMDatanodeHeartbeatDispatcher (SCMDatanodeHeartbeatDispatcher.java:dispatch(101)) - SCM received heartbeat from an unregistered datanode f079c5a0-ef00-4d60-9ad2-3d1de424dd8b{ip: 10.1.0.14, host: fv-az151-352.yf2hydr00wburbhx3j5hxtcipe.bx.internal.cloudapp.net, ports: [REPLICATION=45147, RATIS=37525, RATIS_ADMIN=37525, RATIS_SERVER=37525, STANDALONE=37599], networkLocation: /default-rack, certSerialId: null, persistedOpState: null, persistedOpStateExpiryEpochSec: 0}. Asking datanode to re-register.
2021-12-07 08:24:51,394 [IPC Server handler 14 on default port 33331] INFO  server.SCMDatanodeHeartbeatDispatcher (SCMDatanodeHeartbeatDispatcher.java:dispatch(101)) - SCM received heartbeat from an unregistered datanode ef998961-c73b-4226-87f3-43670785e9df{ip: 10.1.0.14, host: fv-az151-352.yf2hydr00wburbhx3j5hxtcipe.bx.internal.cloudapp.net, ports: [REPLICATION=39831, RATIS=41193, RATIS_ADMIN=41193, RATIS_SERVER=41193, STANDALONE=43293], networkLocation: /default-rack, certSerialId: null, persistedOpState: null, persistedOpStateExpiryEpochSec: 0}. Asking datanode to re-register.
2021-12-07 08:24:51,396 [IPC Server handler 15 on default port 33331] INFO  server.SCMDatanodeHeartbeatDispatcher (SCMDatanodeHeartbeatDispatcher.java:dispatch(101)) - SCM received heartbeat from an unregistered datanode ef998961-c73b-4226-87f3-43670785e9df{ip: 10.1.0.14, host: fv-az151-352.yf2hydr00wburbhx3j5hxtcipe.bx.internal.cloudapp.net, ports: [REPLICATION=39831, RATIS=41193, RATIS_ADMIN=41193, RATIS_SERVER=41193, STANDALONE=43293], networkLocation: /default-rack, certSerialId: null, persistedOpState: null, persistedOpStateExpiryEpochSec: 0}. Asking datanode to re-register.
2021-12-07 08:24:51,398 [IPC Server handler 17 on default port 33331] INFO  server.SCMDatanodeHeartbeatDispatcher (SCMDatanodeHeartbeatDispatcher.java:dispatch(101)) - SCM received heartbeat from an unregistered datanode ef998961-c73b-4226-87f3-43670785e9df{ip: 10.1.0.14, host: fv-az151-352.yf2hydr00wburbhx3j5hxtcipe.bx.internal.cloudapp.net, ports: [REPLICATION=39831, RATIS=41193, RATIS_ADMIN=41193, RATIS_SERVER=41193, STANDALONE=43293], networkLocation: /default-rack, certSerialId: null, persistedOpState: null, persistedOpStateExpiryEpochSec: 0}. Asking datanode to re-register.
2021-12-07 08:24:51,398 [IPC Server handler 18 on default port 33331] INFO  server.SCMDatanodeHeartbeatDispatcher (SCMDatanodeHeartbeatDispatcher.java:dispatch(101)) - SCM received heartbeat from an unregistered datanode f079c5a0-ef00-4d60-9ad2-3d1de424dd8b{ip: 10.1.0.14, host: fv-az151-352.yf2hydr00wburbhx3j5hxtcipe.bx.internal.cloudapp.net, ports: [REPLICATION=45147, RATIS=37525, RATIS_ADMIN=37525, RATIS_SERVER=37525, STANDALONE=37599], networkLocation: /default-rack, certSerialId: null, persistedOpState: null, persistedOpStateExpiryEpochSec: 0}. Asking datanode to re-register.
2021-12-07 08:24:51,399 [IPC Server handler 19 on default port 33331] INFO  server.SCMDatanodeHeartbeatDispatcher (SCMDatanodeHeartbeatDispatcher.java:dispatch(101)) - SCM received heartbeat from an unregistered datanode f079c5a0-ef00-4d60-9ad2-3d1de424dd8b{ip: 10.1.0.14, host: fv-az151-352.yf2hydr00wburbhx3j5hxtcipe.bx.internal.cloudapp.net, ports: [REPLICATION=45147, RATIS=37525, RATIS_ADMIN=37525, RATIS_SERVER=37525, STANDALONE=37599], networkLocation: /default-rack, certSerialId: null, persistedOpState: null, persistedOpStateExpiryEpochSec: 0}. Asking datanode to re-register.
2021-12-07 08:24:51,404 [IPC Server handler 0 on default port 33331] INFO  server.SCMDatanodeHeartbeatDispatcher (SCMDatanodeHeartbeatDispatcher.java:dispatch(101)) - SCM received heartbeat from an unregistered datanode f079c5a0-ef00-4d60-9ad2-3d1de424dd8b{ip: 10.1.0.14, host: fv-az151-352.yf2hydr00wburbhx3j5hxtcipe.bx.internal.cloudapp.net, ports: [REPLICATION=45147, RATIS=37525, RATIS_ADMIN=37525, RATIS_SERVER=37525, STANDALONE=37599], networkLocation: /default-rack, certSerialId: null, persistedOpState: null, persistedOpStateExpiryEpochSec: 0}. Asking datanode to re-register.
2021-12-07 08:24:51,404 [IPC Server handler 2 on default port 33331] INFO  server.SCMDatanodeHeartbeatDispatcher (SCMDatanodeHeartbeatDispatcher.java:dispatch(101)) - SCM received heartbeat from an unregistered datanode ef998961-c73b-4226-87f3-43670785e9df{ip: 10.1.0.14, host: fv-az151-352.yf2hydr00wburbhx3j5hxtcipe.bx.internal.cloudapp.net, ports: [REPLICATION=39831, RATIS=41193, RATIS_ADMIN=41193, RATIS_SERVER=41193, STANDALONE=43293], networkLocation: /default-rack, certSerialId: null, persistedOpState: null, persistedOpStateExpiryEpochSec: 0}. Asking datanode to re-register.
2021-12-07 08:24:51,405 [IPC Server handler 1 on default port 33331] INFO  server.SCMDatanodeHeartbeatDispatcher (SCMDatanodeHeartbeatDispatcher.java:dispatch(101)) - SCM received heartbeat from an unregistered datanode f079c5a0-ef00-4d60-9ad2-3d1de424dd8b{ip: 10.1.0.14, host: fv-az151-352.yf2hydr00wburbhx3j5hxtcipe.bx.internal.cloudapp.net, ports: [REPLICATION=45147, RATIS=37525, RATIS_ADMIN=37525, RATIS_SERVER=37525, STANDALONE=37599], networkLocation: /default-rack, certSerialId: null, persistedOpState: null, persistedOpStateExpiryEpochSec: 0}. Asking datanode to re-register.
2021-12-07 08:24:51,405 [IPC Server handler 4 on default port 33331] INFO  server.SCMDatanodeHeartbeatDispatcher (SCMDatanodeHeartbeatDispatcher.java:dispatch(101)) - SCM received heartbeat from an unregistered datanode ef998961-c73b-4226-87f3-43670785e9df{ip: 10.1.0.14, host: fv-az151-352.yf2hydr00wburbhx3j5hxtcipe.bx.internal.cloudapp.net, ports: [REPLICATION=39831, RATIS=41193, RATIS_ADMIN=41193, RATIS_SERVER=41193, STANDALONE=43293], networkLocation: /default-rack, certSerialId: null, persistedOpState: null, persistedOpStateExpiryEpochSec: 0}. Asking datanode to re-register.
2021-12-07 08:24:51,406 [IPC Server handler 3 on default port 33331] INFO  server.SCMDatanodeHeartbeatDispatcher (SCMDatanodeHeartbeatDispatcher.java:dispatch(101)) - SCM received heartbeat from an unregistered datanode f079c5a0-ef00-4d60-9ad2-3d1de424dd8b{ip: 10.1.0.14, host: fv-az151-352.yf2hydr00wburbhx3j5hxtcipe.bx.internal.cloudapp.net, ports: [REPLICATION=45147, RATIS=37525, RATIS_ADMIN=37525, RATIS_SERVER=37525, STANDALONE=37599], networkLocation: /default-rack, certSerialId: null, persistedOpState: null, persistedOpStateExpiryEpochSec: 0}. Asking datanode to re-register.
2021-12-07 08:24:51,407 [IPC Server handler 5 on default port 33331] INFO  server.SCMDatanodeHeartbeatDispatcher (SCMDatanodeHeartbeatDispatcher.java:dispatch(101)) - SCM received heartbeat from an unregistered datanode ef998961-c73b-4226-87f3-43670785e9df{ip: 10.1.0.14, host: fv-az151-352.yf2hydr00wburbhx3j5hxtcipe.bx.internal.cloudapp.net, ports: [REPLICATION=39831, RATIS=41193, RATIS_ADMIN=41193, RATIS_SERVER=41193, STANDALONE=43293], networkLocation: /default-rack, certSerialId: null, persistedOpState: null, persistedOpStateExpiryEpochSec: 0}. Asking datanode to re-register.
2021-12-07 08:24:51,407 [IPC Server handler 6 on default port 33331] INFO  server.SCMDatanodeHeartbeatDispatcher (SCMDatanodeHeartbeatDispatcher.java:dispatch(101)) - SCM received heartbeat from an unregistered datanode f079c5a0-ef00-4d60-9ad2-3d1de424dd8b{ip: 10.1.0.14, host: fv-az151-352.yf2hydr00wburbhx3j5hxtcipe.bx.internal.cloudapp.net, ports: [REPLICATION=45147, RATIS=37525, RATIS_ADMIN=37525, RATIS_SERVER=37525, STANDALONE=37599], networkLocation: /default-rack, certSerialId: null, persistedOpState: null, persistedOpStateExpiryEpochSec: 0}. Asking datanode to re-register.
2021-12-07 08:24:51,408 [IPC Server handler 7 on default port 33331] INFO  server.SCMDatanodeHeartbeatDispatcher (SCMDatanodeHeartbeatDispatcher.java:dispatch(101)) - SCM received heartbeat from an unregistered datanode ef998961-c73b-4226-87f3-43670785e9df{ip: 10.1.0.14, host: fv-az151-352.yf2hydr00wburbhx3j5hxtcipe.bx.internal.cloudapp.net, ports: [REPLICATION=39831, RATIS=41193, RATIS_ADMIN=41193, RATIS_SERVER=41193, STANDALONE=43293], networkLocation: /default-rack, certSerialId: null, persistedOpState: null, persistedOpStateExpiryEpochSec: 0}. Asking datanode to re-register.
2021-12-07 08:24:51,408 [IPC Server handler 8 on default port 33331] INFO  server.SCMDatanodeHeartbeatDispatcher (SCMDatanodeHeartbeatDispatcher.java:dispatch(101)) - SCM received heartbeat from an unregistered datanode f079c5a0-ef00-4d60-9ad2-3d1de424dd8b{ip: 10.1.0.14, host: fv-az151-352.yf2hydr00wburbhx3j5hxtcipe.bx.internal.cloudapp.net, ports: [REPLICATION=45147, RATIS=37525, RATIS_ADMIN=37525, RATIS_SERVER=37525, STANDALONE=37599], networkLocation: /default-rack, certSerialId: null, persistedOpState: null, persistedOpStateExpiryEpochSec: 0}. Asking datanode to re-register.
2021-12-07 08:24:51,409 [IPC Server handler 16 on default port 33331] INFO  server.SCMDatanodeHeartbeatDispatcher (SCMDatanodeHeartbeatDispatcher.java:dispatch(101)) - SCM received heartbeat from an unregistered datanode ef998961-c73b-4226-87f3-43670785e9df{ip: 10.1.0.14, host: fv-az151-352.yf2hydr00wburbhx3j5hxtcipe.bx.internal.cloudapp.net, ports: [REPLICATION=39831, RATIS=41193, RATIS_ADMIN=41193, RATIS_SERVER=41193, STANDALONE=43293], networkLocation: /default-rack, certSerialId: null, persistedOpState: null, persistedOpStateExpiryEpochSec: 0}. Asking datanode to re-register.
2021-12-07 08:24:51,409 [IPC Server handler 9 on default port 33331] INFO  server.SCMDatanodeHeartbeatDispatcher (SCMDatanodeHeartbeatDispatcher.java:dispatch(101)) - SCM received heartbeat from an unregistered datanode f079c5a0-ef00-4d60-9ad2-3d1de424dd8b{ip: 10.1.0.14, host: fv-az151-352.yf2hydr00wburbhx3j5hxtcipe.bx.internal.cloudapp.net, ports: [REPLICATION=45147, RATIS=37525, RATIS_ADMIN=37525, RATIS_SERVER=37525, STANDALONE=37599], networkLocation: /default-rack, certSerialId: null, persistedOpState: null, persistedOpStateExpiryEpochSec: 0}. Asking datanode to re-register.
2021-12-07 08:24:51,410 [IPC Server handler 11 on default port 33331] INFO  server.SCMDatanodeHeartbeatDispatcher (SCMDatanodeHeartbeatDispatcher.java:dispatch(101)) - SCM received heartbeat from an unregistered datanode ef998961-c73b-4226-87f3-43670785e9df{ip: 10.1.0.14, host: fv-az151-352.yf2hydr00wburbhx3j5hxtcipe.bx.internal.cloudapp.net, ports: [REPLICATION=39831, RATIS=41193, RATIS_ADMIN=41193, RATIS_SERVER=41193, STANDALONE=43293], networkLocation: /default-rack, certSerialId: null, persistedOpState: null, persistedOpStateExpiryEpochSec: 0}. Asking datanode to re-register.
2021-12-07 08:24:51,411 [IPC Server handler 10 on default port 33331] INFO  server.SCMDatanodeHeartbeatDispatcher (SCMDatanodeHeartbeatDispatcher.java:dispatch(101)) - SCM received heartbeat from an unregistered datanode f079c5a0-ef00-4d60-9ad2-3d1de424dd8b{ip: 10.1.0.14, host: fv-az151-352.yf2hydr00wburbhx3j5hxtcipe.bx.internal.cloudapp.net, ports: [REPLICATION=45147, RATIS=37525, RATIS_ADMIN=37525, RATIS_SERVER=37525, STANDALONE=37599], networkLocation: /default-rack, certSerialId: null, persistedOpState: null, persistedOpStateExpiryEpochSec: 0}. Asking datanode to re-register.
2021-12-07 08:24:51,411 [IPC Server handler 13 on default port 33331] INFO  server.SCMDatanodeHeartbeatDispatcher (SCMDatanodeHeartbeatDispatcher.java:dispatch(101)) - SCM received heartbeat from an unregistered datanode ef998961-c73b-4226-87f3-43670785e9df{ip: 10.1.0.14, host: fv-az151-352.yf2hydr00wburbhx3j5hxtcipe.bx.internal.cloudapp.net, ports: [REPLICATION=39831, RATIS=41193, RATIS_ADMIN=41193, RATIS_SERVER=41193, STANDALONE=43293], networkLocation: /default-rack, certSerialId: null, persistedOpState: null, persistedOpStateExpiryEpochSec: 0}. Asking datanode to re-register.
2021-12-07 08:24:51,412 [IPC Server handler 12 on default port 33331] INFO  server.SCMDatanodeHeartbeatDispatcher (SCMDatanodeHeartbeatDispatcher.java:dispatch(101)) - SCM received heartbeat from an unregistered datanode ef998961-c73b-4226-87f3-43670785e9df{ip: 10.1.0.14, host: fv-az151-352.yf2hydr00wburbhx3j5hxtcipe.bx.internal.cloudapp.net, ports: [REPLICATION=39831, RATIS=41193, RATIS_ADMIN=41193, RATIS_SERVER=41193, STANDALONE=43293], networkLocation: /default-rack, certSerialId: null, persistedOpState: null, persistedOpStateExpiryEpochSec: 0}. Asking datanode to re-register.
2021-12-07 08:24:51,585 [IPC Server handler 14 on default port 33331] INFO  net.NetworkTopologyImpl (NetworkTopologyImpl.java:add(112)) - Added a new node: /default-rack/fa0dcf4e-df9f-4e34-8330-207691817642
2021-12-07 08:24:51,585 [IPC Server handler 14 on default port 33331] INFO  node.SCMNodeManager (SCMNodeManager.java:register(389)) - Registered Data node : fa0dcf4e-df9f-4e34-8330-207691817642{ip: 10.1.0.14, host: fv-az151-352.yf2hydr00wburbhx3j5hxtcipe.bx.internal.cloudapp.net, ports: [REPLICATION=42283, RATIS=46745, RATIS_ADMIN=46745, RATIS_SERVER=46745, STANDALONE=39659], networkLocation: /default-rack, certSerialId: null, persistedOpState: IN_SERVICE, persistedOpStateExpiryEpochSec: 0}
2021-12-07 08:24:51,591 [EventQueue-NodeRegistrationContainerReportForContainerSafeModeRule] INFO  safemode.SCMSafeModeManager (SCMSafeModeManager.java:validateSafeModeExitRules(204)) - ContainerSafeModeRule rule is successfully validated
2021-12-07 08:24:51,595 [EventQueue-NodeRegistrationContainerReportForDataNodeSafeModeRule] INFO  safemode.SCMSafeModeManager (DataNodeSafeModeRule.java:process(71)) - SCM in safe mode. 1 DataNodes registered, 3 required.
2021-12-07 08:24:51,596 [EventQueue-PipelineReportForOneReplicaPipelineSafeModeRule] INFO  safemode.SCMSafeModeManager (OneReplicaPipelineSafeModeRule.java:process(120)) - SCM in safe mode. Pipelines with at least one datanode reported count is 1, required at least one datanode reported per pipeline count is 1
2021-12-07 08:24:51,612 [EventQueue-NewNodeForNewNodeHandler] INFO  pipeline.BackgroundPipelineCreator (BackgroundPipelineCreator.java:notifyEventTriggered(285)) - trigger a one-shot run on RatisPipelineUtilsThread.
2021-12-07 08:24:51,627 [EventQueue-PipelineReportForOneReplicaPipelineSafeModeRule] INFO  safemode.SCMSafeModeManager (SCMSafeModeManager.java:validateSafeModeExitRules(204)) - AtleastOneDatanodeReportedRule rule is successfully validated
2021-12-07 08:24:51,651 [EventQueue-OpenPipelineForHealthyPipelineSafeModeRule] INFO  safemode.SCMSafeModeManager (HealthyPipelineSafeModeRule.java:process(124)) - SCM in safe mode. Healthy pipelines reported count is 0, required healthy pipeline reported count is 1
2021-12-07 08:24:51,812 [Time-limited test] INFO  ozone.MiniOzoneClusterImpl (MiniOzoneClusterImpl.java:shutdown(453)) - Shutting down the Mini Ozone Cluster
2021-12-07 08:24:51,813 [Time-limited test] INFO  ozone.MiniOzoneClusterImpl (MiniOzoneClusterImpl.java:stop(468)) - Stopping the Mini Ozone Cluster
2021-12-07 08:24:51,813 [Time-limited test] INFO  ozone.MiniOzoneClusterImpl (MiniOzoneClusterImpl.java:stopOM(550)) - Stopping the OzoneManager
2021-12-07 08:24:51,813 [Time-limited test] INFO  om.OzoneManager (OzoneManager.java:stop(1835)) - om1[localhost:0]: Stopping Ozone Manager
2021-12-07 08:24:51,814 [Time-limited test] INFO  ipc.Server (Server.java:stop(3414)) - Stopping server on 40979
2021-12-07 08:24:51,836 [IPC Server listener on 0] INFO  ipc.Server (Server.java:run(1376)) - Stopping IPC Server listener on 0
2021-12-07 08:24:51,837 [Time-limited test] INFO  server.RaftServer (RaftServerProxy.java:lambda$close$6(391)) - om1: close
2021-12-07 08:24:51,848 [Time-limited test] INFO  server.RaftServer$Division (RaftServerImpl.java:lambda$close$4(412)) - om1@group-C5BA1605619E: shutdown
2021-12-07 08:24:51,848 [Time-limited test] INFO  util.JmxRegister (JmxRegister.java:unregister(73)) - Successfully un-registered JMX Bean with object name Ratis:service=RaftServer,group=group-C5BA1605619E,id=om1
2021-12-07 08:24:51,848 [Time-limited test] INFO  impl.RoleInfo (RoleInfo.java:shutdownLeaderState(91)) - om1: shutdown om1@group-C5BA1605619E-LeaderStateImpl
2021-12-07 08:24:51,848 [Time-limited test] INFO  impl.PendingRequests (PendingRequests.java:sendNotLeaderResponses(282)) - om1@group-C5BA1605619E-PendingRequests: sendNotLeaderResponses
2021-12-07 08:24:51,849 [Time-limited test] INFO  impl.StateMachineUpdater (StateMachineUpdater.java:stopAndJoin(149)) - om1@group-C5BA1605619E-StateMachineUpdater: set stopIndex = 0
2021-12-07 08:24:51,849 [om1@group-C5BA1605619E-StateMachineUpdater] INFO  ratis.OzoneManagerStateMachine (OzoneManagerStateMachine.java:takeSnapshot(417)) - Current Snapshot Index (t:1, i:0)
2021-12-07 08:24:51,849 [om1@group-C5BA1605619E-StateMachineUpdater] INFO  impl.StateMachineUpdater (StateMachineUpdater.java:takeSnapshot(281)) - om1@group-C5BA1605619E-StateMachineUpdater: Took a snapshot at index 0
2021-12-07 08:24:51,849 [om1@group-C5BA1605619E-StateMachineUpdater] INFO  impl.StateMachineUpdater (StateMachineUpdater.java:lambda$new$0(89)) - om1@group-C5BA1605619E-StateMachineUpdater: snapshotIndex: updateIncreasingly -1 -> 0
2021-12-07 08:24:51,849 [om1@group-C5BA1605619E-StateMachineUpdater] INFO  ratis.OzoneManagerStateMachine (OzoneManagerStateMachine.java:close(471)) - StateMachine has shutdown. Shutdown OzoneManager if not already shutdown.
2021-12-07 08:24:51,849 [Time-limited test] INFO  server.RaftServer$Division (ServerState.java:close(419)) - om1@group-C5BA1605619E: closes. applyIndex: 0
2021-12-07 08:24:51,849 [om1@group-C5BA1605619E-SegmentedRaftLogWorker] INFO  segmented.SegmentedRaftLogWorker (SegmentedRaftLogWorker.java:run(327)) - om1@group-C5BA1605619E-SegmentedRaftLogWorker was interrupted, exiting. There are 0 tasks remaining in the queue.
2021-12-07 08:24:51,850 [Time-limited test] INFO  segmented.SegmentedRaftLogWorker (SegmentedRaftLogWorker.java:close(237)) - om1@group-C5BA1605619E-SegmentedRaftLogWorker close()
2021-12-07 08:24:51,851 [Time-limited test] INFO  server.GrpcService (GrpcService.java:closeImpl(262)) - om1: shutdown server with port 9872 now
2021-12-07 08:24:51,851 [IPC Server Responder] INFO  ipc.Server (Server.java:run(1512)) - Stopping IPC Server Responder
2021-12-07 08:24:51,851 [Time-limited test] INFO  server.GrpcService (GrpcService.java:closeImpl(271)) - om1: shutdown server with port 9872 successfully
2021-12-07 08:24:51,852 [org.apache.ratis.util.JvmPauseMonitor$$Lambda$533/1661870091@47af2de7] INFO  util.JvmPauseMonitor (JvmPauseMonitor.java:run(109)) - JvmPauseMonitor-om1: Stopped
2021-12-07 08:24:51,852 [Time-limited test] INFO  ratis.OzoneManagerDoubleBuffer (OzoneManagerDoubleBuffer.java:stop(437)) - Stopping OMDoubleBuffer flush thread
2021-12-07 08:24:51,852 [OMDoubleBufferFlushThread] INFO  ratis.OzoneManagerDoubleBuffer (OzoneManagerDoubleBuffer.java:flushTransactions(356)) - OMDoubleBuffer flush thread OMDoubleBufferFlushThread is interrupted and will exit. OMDoubleBufferFlushThread
2021-12-07 08:24:51,859 [Time-limited test] INFO  utils.BackgroundService (BackgroundService.java:shutdown(132)) - Shutting down service KeyDeletingService
2021-12-07 08:24:51,861 [Time-limited test] INFO  utils.BackgroundService (BackgroundService.java:shutdown(132)) - Shutting down service DirectoryDeletingService
2021-12-07 08:24:51,862 [Time-limited test] INFO  handler.ContextHandler (ContextHandler.java:doStop(1153)) - Stopped o.e.j.w.WebAppContext@2c5c81a7{ozoneManager,/,null,STOPPED}{file:/home/runner/work/ozone/ozone/hadoop-ozone/integration-test/target/test-classes/webapps/ozoneManager}
2021-12-07 08:24:51,880 [Time-limited test] INFO  server.AbstractConnector (AbstractConnector.java:doStop(381)) - Stopped ServerConnector@6d859ad4{HTTP/1.1, (http/1.1)}{0.0.0.0:0}
2021-12-07 08:24:51,880 [Time-limited test] INFO  server.session (HouseKeeper.java:stopScavenging(149)) - node0 Stopped scavenging
2021-12-07 08:24:51,881 [Time-limited test] INFO  handler.ContextHandler (ContextHandler.java:doStop(1153)) - Stopped o.e.j.s.ServletContextHandler@11b57331{static,/static,file:///home/runner/work/ozone/ozone/hadoop-ozone/integration-test/target/test-classes/webapps/static,STOPPED}
2021-12-07 08:24:51,881 [Time-limited test] INFO  handler.ContextHandler (ContextHandler.java:doStop(1153)) - Stopped o.e.j.s.ServletContextHandler@798ee1a2{logs,/logs,file:///home/runner/work/ozone/ozone/hadoop-ozone/integration-test/target/log,STOPPED}
2021-12-07 08:24:51,900 [Time-limited test] INFO  ozone.MiniOzoneClusterImpl (MiniOzoneClusterImpl.java:stopDatanodes(527)) - Stopping the HddsDatanodes
2021-12-07 08:24:51,907 [IPC Server handler 15 on default port 33331] INFO  net.NetworkTopologyImpl (NetworkTopologyImpl.java:add(112)) - Added a new node: /default-rack/ef998961-c73b-4226-87f3-43670785e9df
2021-12-07 08:24:51,907 [IPC Server handler 15 on default port 33331] INFO  node.SCMNodeManager (SCMNodeManager.java:register(389)) - Registered Data node : ef998961-c73b-4226-87f3-43670785e9df{ip: 10.1.0.14, host: fv-az151-352.yf2hydr00wburbhx3j5hxtcipe.bx.internal.cloudapp.net, ports: [REPLICATION=39831, RATIS=41193, RATIS_ADMIN=41193, RATIS_SERVER=41193, STANDALONE=43293], networkLocation: /default-rack, certSerialId: null, persistedOpState: null, persistedOpStateExpiryEpochSec: 0}
2021-12-07 08:24:51,907 [EventQueue-NewNodeForNewNodeHandler] INFO  pipeline.BackgroundPipelineCreator (BackgroundPipelineCreator.java:notifyEventTriggered(285)) - trigger a one-shot run on RatisPipelineUtilsThread.
2021-12-07 08:24:51,916 [Datanode State Machine Daemon Thread] WARN  statemachine.StateContext (StateContext.java:setState(249)) - Ignore disallowed transition from SHUTDOWN to RUNNING
2021-12-07 08:24:51,922 [EventQueue-NodeRegistrationContainerReportForDataNodeSafeModeRule] INFO  safemode.SCMSafeModeManager (DataNodeSafeModeRule.java:process(71)) - SCM in safe mode. 2 DataNodes registered, 3 required.
2021-12-07 08:24:51,922 [EventQueue-OpenPipelineForHealthyPipelineSafeModeRule] INFO  safemode.SCMSafeModeManager (HealthyPipelineSafeModeRule.java:process(124)) - SCM in safe mode. Healthy pipelines reported count is 0, required healthy pipeline reported count is 1
2021-12-07 08:24:51,928 [IPC Server handler 17 on default port 33331] INFO  net.NetworkTopologyImpl (NetworkTopologyImpl.java:add(112)) - Added a new node: /default-rack/f079c5a0-ef00-4d60-9ad2-3d1de424dd8b
2021-12-07 08:24:51,928 [IPC Server handler 17 on default port 33331] INFO  node.SCMNodeManager (SCMNodeManager.java:register(389)) - Registered Data node : f079c5a0-ef00-4d60-9ad2-3d1de424dd8b{ip: 10.1.0.14, host: fv-az151-352.yf2hydr00wburbhx3j5hxtcipe.bx.internal.cloudapp.net, ports: [REPLICATION=45147, RATIS=37525, RATIS_ADMIN=37525, RATIS_SERVER=37525, STANDALONE=37599], networkLocation: /default-rack, certSerialId: null, persistedOpState: null, persistedOpStateExpiryEpochSec: 0}
2021-12-07 08:24:51,929 [EventQueue-NewNodeForNewNodeHandler] INFO  pipeline.BackgroundPipelineCreator (BackgroundPipelineCreator.java:notifyEventTriggered(285)) - trigger a one-shot run on RatisPipelineUtilsThread.
2021-12-07 08:24:51,932 [EventQueue-NodeRegistrationContainerReportForDataNodeSafeModeRule] INFO  safemode.SCMSafeModeManager (DataNodeSafeModeRule.java:process(71)) - SCM in safe mode. 3 DataNodes registered, 3 required.
2021-12-07 08:24:51,932 [EventQueue-NodeRegistrationContainerReportForDataNodeSafeModeRule] INFO  safemode.SCMSafeModeManager (SCMSafeModeManager.java:validateSafeModeExitRules(204)) - DataNodeSafeModeRule rule is successfully validated
2021-12-07 08:24:51,932 [EventQueue-NodeRegistrationContainerReportForDataNodeSafeModeRule] INFO  safemode.SCMSafeModeManager (SCMSafeModeManager.java:completePreCheck(233)) - All SCM safe mode pre check rules have passed
2021-12-07 08:24:51,932 [EventQueue-NodeRegistrationContainerReportForDataNodeSafeModeRule] WARN  events.EventQueue (EventQueue.java:fireEvent(194)) - No event handler registered for event TypedEvent{payloadType=SafeModeStatus, name='Safe mode status'}
2021-12-07 08:24:51,932 [EventQueue-NodeRegistrationContainerReportForDataNodeSafeModeRule] INFO  ha.SCMContext (SCMContext.java:updateSafeModeStatus(211)) - Update SafeModeStatus from SafeModeStatus{safeModeStatus=true, preCheckPassed=false} to SafeModeStatus{safeModeStatus=true, preCheckPassed=true}.
2021-12-07 08:24:51,932 [EventQueue-NodeRegistrationContainerReportForDataNodeSafeModeRule] INFO  pipeline.BackgroundPipelineCreator (BackgroundPipelineCreator.java:notifyEventTriggered(285)) - trigger a one-shot run on RatisPipelineUtilsThread.
2021-12-07 08:24:51,932 [EventQueue-OpenPipelineForHealthyPipelineSafeModeRule] INFO  safemode.SCMSafeModeManager (HealthyPipelineSafeModeRule.java:process(124)) - SCM in safe mode. Healthy pipelines reported count is 0, required healthy pipeline reported count is 1
2021-12-07 08:24:51,933 [EventQueue-OpenPipelineForHealthyPipelineSafeModeRule] INFO  safemode.SCMSafeModeManager (HealthyPipelineSafeModeRule.java:process(124)) - SCM in safe mode. Healthy pipelines reported count is 1, required healthy pipeline reported count is 1
2021-12-07 08:24:51,933 [EventQueue-OpenPipelineForHealthyPipelineSafeModeRule] INFO  safemode.SCMSafeModeManager (SCMSafeModeManager.java:validateSafeModeExitRules(204)) - HealthyPipelineSafeModeRule rule is successfully validated
2021-12-07 08:24:51,933 [EventQueue-OpenPipelineForHealthyPipelineSafeModeRule] INFO  safemode.SCMSafeModeManager (SCMSafeModeManager.java:validateSafeModeExitRules(219)) - ScmSafeModeManager, all rules are successfully validated
2021-12-07 08:24:51,933 [EventQueue-OpenPipelineForHealthyPipelineSafeModeRule] INFO  safemode.SCMSafeModeManager (SCMSafeModeManager.java:exitSafeMode(248)) - SCM exiting safe mode.
2021-12-07 08:24:51,933 [EventQueue-OpenPipelineForHealthyPipelineSafeModeRule] WARN  events.EventQueue (EventQueue.java:fireEvent(194)) - No event handler registered for event TypedEvent{payloadType=SafeModeStatus, name='Safe mode status'}
2021-12-07 08:24:51,933 [EventQueue-OpenPipelineForHealthyPipelineSafeModeRule] INFO  ha.SCMContext (SCMContext.java:updateSafeModeStatus(211)) - Update SafeModeStatus from SafeModeStatus{safeModeStatus=true, preCheckPassed=true} to SafeModeStatus{safeModeStatus=false, preCheckPassed=true}.
2021-12-07 08:24:51,933 [EventQueue-OpenPipelineForHealthyPipelineSafeModeRule] INFO  pipeline.BackgroundPipelineCreator (BackgroundPipelineCreator.java:notifyStatusChanged(264)) - Service BackgroundPipelineCreator transitions to RUNNING.
2021-12-07 08:24:51,933 [EventQueue-OpenPipelineForHealthyPipelineSafeModeRule] INFO  container.ReplicationManager (ReplicationManager.java:notifyStatusChanged(1758)) - Service ReplicationManager transitions to RUNNING.
2021-12-07 08:24:53,113 [grpc-default-executor-0] INFO  ratis.XceiverServerRatis (XceiverServerRatis.java:handleLeaderChangedNotification(866)) - Leader change notification received for group: group-43DACBA294D5 with new leaderId: f079c5a0-ef00-4d60-9ad2-3d1de424dd8b
2021-12-07 08:24:53,113 [grpc-default-executor-0] INFO  server.RaftServer$Division (ServerState.java:setLeader(285)) - fa0dcf4e-df9f-4e34-8330-207691817642@group-43DACBA294D5: change Leader from null to f079c5a0-ef00-4d60-9ad2-3d1de424dd8b at term 10 for appendEntries, leader elected after 23928ms
2021-12-07 08:24:56,205 [fa0dcf4e-df9f-4e34-8330-207691817642@group-91B4EE80195C-FollowerState] INFO  impl.FollowerState (FollowerState.java:run(134)) - fa0dcf4e-df9f-4e34-8330-207691817642@group-91B4EE80195C-FollowerState: change to CANDIDATE, lastRpcElapsedTime:5096674939ns, electionTimeout:5095ms
2021-12-07 08:24:56,205 [fa0dcf4e-df9f-4e34-8330-207691817642@group-91B4EE80195C-FollowerState] INFO  impl.RoleInfo (RoleInfo.java:shutdownFollowerState(108)) - fa0dcf4e-df9f-4e34-8330-207691817642: shutdown fa0dcf4e-df9f-4e34-8330-207691817642@group-91B4EE80195C-FollowerState
2021-12-07 08:24:56,205 [fa0dcf4e-df9f-4e34-8330-207691817642@group-91B4EE80195C-FollowerState] INFO  server.RaftServer$Division (RaftServerImpl.java:setRole(290)) - fa0dcf4e-df9f-4e34-8330-207691817642@group-91B4EE80195C: changes role from  FOLLOWER to CANDIDATE at term 1 for changeToCandidate
2021-12-07 08:24:56,205 [fa0dcf4e-df9f-4e34-8330-207691817642@group-91B4EE80195C-FollowerState] INFO  server.RaftServerConfigKeys (ConfUtils.java:logGet(44)) - raft.server.leaderelection.pre-vote = false (custom)
2021-12-07 08:24:56,205 [fa0dcf4e-df9f-4e34-8330-207691817642@group-91B4EE80195C-FollowerState] INFO  impl.RoleInfo (RoleInfo.java:updateAndGet(130)) - fa0dcf4e-df9f-4e34-8330-207691817642: start fa0dcf4e-df9f-4e34-8330-207691817642@group-91B4EE80195C-LeaderElection30
2021-12-07 08:24:56,223 [fa0dcf4e-df9f-4e34-8330-207691817642@group-91B4EE80195C-LeaderElection30] INFO  impl.LeaderElection (LeaderElection.java:askForVotes(306)) - fa0dcf4e-df9f-4e34-8330-207691817642@group-91B4EE80195C-LeaderElection30 ELECTION round 0: submit vote requests at term 2 for 0: [fa0dcf4e-df9f-4e34-8330-207691817642|rpc:10.1.0.14:46745|dataStream:|priority:1], old=null
2021-12-07 08:24:56,223 [fa0dcf4e-df9f-4e34-8330-207691817642@group-91B4EE80195C-LeaderElection30] INFO  impl.LeaderElection (LeaderElection.java:askForVotes(308)) - fa0dcf4e-df9f-4e34-8330-207691817642@group-91B4EE80195C-LeaderElection30 ELECTION round 0: result PASSED (term=2)
2021-12-07 08:24:56,223 [fa0dcf4e-df9f-4e34-8330-207691817642@group-91B4EE80195C-LeaderElection30] INFO  impl.RoleInfo (RoleInfo.java:shutdownLeaderElection(121)) - fa0dcf4e-df9f-4e34-8330-207691817642: shutdown fa0dcf4e-df9f-4e34-8330-207691817642@group-91B4EE80195C-LeaderElection30
2021-12-07 08:24:56,223 [fa0dcf4e-df9f-4e34-8330-207691817642@group-91B4EE80195C-LeaderElection30] INFO  server.RaftServer$Division (RaftServerImpl.java:setRole(290)) - fa0dcf4e-df9f-4e34-8330-207691817642@group-91B4EE80195C: changes role from CANDIDATE to LEADER at term 2 for changeToLeader
2021-12-07 08:24:56,224 [fa0dcf4e-df9f-4e34-8330-207691817642@group-91B4EE80195C-LeaderElection30] INFO  ratis.XceiverServerRatis (XceiverServerRatis.java:handleLeaderChangedNotification(866)) - Leader change notification received for group: group-91B4EE80195C with new leaderId: fa0dcf4e-df9f-4e34-8330-207691817642
2021-12-07 08:24:56,230 [fa0dcf4e-df9f-4e34-8330-207691817642@group-91B4EE80195C-LeaderElection30] INFO  server.RaftServer$Division (ServerState.java:setLeader(285)) - fa0dcf4e-df9f-4e34-8330-207691817642@group-91B4EE80195C: change Leader from null to fa0dcf4e-df9f-4e34-8330-207691817642 at term 2 for becomeLeader, leader elected after 26931ms
2021-12-07 08:24:56,230 [fa0dcf4e-df9f-4e34-8330-207691817642@group-91B4EE80195C-LeaderElection30] INFO  server.RaftServerConfigKeys (ConfUtils.java:logGet(44)) - raft.server.staging.catchup.gap = 1000 (default)
2021-12-07 08:24:56,237 [fa0dcf4e-df9f-4e34-8330-207691817642@group-91B4EE80195C-LeaderElection30] INFO  server.RaftServerConfigKeys (ConfUtils.java:logGet(44)) - raft.server.write.element-limit = 1024 (custom)
2021-12-07 08:24:56,237 [fa0dcf4e-df9f-4e34-8330-207691817642@group-91B4EE80195C-LeaderElection30] INFO  server.RaftServerConfigKeys (ConfUtils.java:logGet(44)) - raft.server.write.byte-limit = 1024 M (=1073741824) (custom)
2021-12-07 08:24:56,238 [fa0dcf4e-df9f-4e34-8330-207691817642@group-91B4EE80195C-LeaderElection30] INFO  server.RaftServerConfigKeys (ConfUtils.java:logGet(44)) - raft.server.watch.timeout = 180s (custom)
2021-12-07 08:24:56,238 [fa0dcf4e-df9f-4e34-8330-207691817642@group-91B4EE80195C-LeaderElection30] INFO  server.RaftServerConfigKeys (ConfUtils.java:logGet(44)) - raft.server.watch.timeout.denomination = 1s (default)
2021-12-07 08:24:56,238 [fa0dcf4e-df9f-4e34-8330-207691817642@group-91B4EE80195C-LeaderElection30] INFO  server.RaftServerConfigKeys (ConfUtils.java:logGet(44)) - raft.server.watch.element-limit = 65536 (default)
2021-12-07 08:24:56,238 [fa0dcf4e-df9f-4e34-8330-207691817642@group-91B4EE80195C-LeaderElection30] INFO  server.RaftServerConfigKeys (ConfUtils.java:logGet(44)) - raft.server.write.element-limit = 1024 (custom)
2021-12-07 08:24:56,238 [fa0dcf4e-df9f-4e34-8330-207691817642@group-91B4EE80195C-LeaderElection30] INFO  server.RaftServerConfigKeys (ConfUtils.java:logGet(44)) - raft.server.write.follower.gap.ratio.max = -1.0 (default)
2021-12-07 08:24:56,238 [fa0dcf4e-df9f-4e34-8330-207691817642@group-91B4EE80195C-LeaderElection30] INFO  impl.RoleInfo (RoleInfo.java:updateAndGet(130)) - fa0dcf4e-df9f-4e34-8330-207691817642: start fa0dcf4e-df9f-4e34-8330-207691817642@group-91B4EE80195C-LeaderStateImpl
2021-12-07 08:24:56,238 [fa0dcf4e-df9f-4e34-8330-207691817642@group-91B4EE80195C-LeaderElection30] INFO  segmented.SegmentedRaftLogWorker (SegmentedRaftLogWorker.java:rollLogSegment(399)) - fa0dcf4e-df9f-4e34-8330-207691817642@group-91B4EE80195C-SegmentedRaftLogWorker: Rolling segment log-0_0 to index:0
2021-12-07 08:24:56,253 [fa0dcf4e-df9f-4e34-8330-207691817642@group-91B4EE80195C-SegmentedRaftLogWorker] INFO  segmented.SegmentedRaftLogWorker (SegmentedRaftLogWorker.java:execute(558)) - fa0dcf4e-df9f-4e34-8330-207691817642@group-91B4EE80195C-SegmentedRaftLogWorker: Rolled log segment from /home/runner/work/ozone/ozone/hadoop-ozone/integration-test/target/test-dir/MiniOzoneClusterImpl-478fafeb-4ef0-48e3-bd35-2e3f0cf9f61b/datanode-0/data/ratis/7be8df67-e0f8-4960-95f1-91b4ee80195c/current/log_inprogress_0 to /home/runner/work/ozone/ozone/hadoop-ozone/integration-test/target/test-dir/MiniOzoneClusterImpl-478fafeb-4ef0-48e3-bd35-2e3f0cf9f61b/datanode-0/data/ratis/7be8df67-e0f8-4960-95f1-91b4ee80195c/current/log_0-0
2021-12-07 08:24:56,255 [fa0dcf4e-df9f-4e34-8330-207691817642@group-91B4EE80195C-LeaderElection30] INFO  server.RaftServer$Division (ServerState.java:setRaftConf(387)) - fa0dcf4e-df9f-4e34-8330-207691817642@group-91B4EE80195C: set configuration 1: [fa0dcf4e-df9f-4e34-8330-207691817642|rpc:10.1.0.14:46745|dataStream:|priority:1], old=null
2021-12-07 08:24:56,256 [fa0dcf4e-df9f-4e34-8330-207691817642@group-91B4EE80195C-SegmentedRaftLogWorker] INFO  segmented.SegmentedRaftLogWorker (SegmentedRaftLogWorker.java:execute(601)) - fa0dcf4e-df9f-4e34-8330-207691817642@group-91B4EE80195C-SegmentedRaftLogWorker: created new log segment /home/runner/work/ozone/ozone/hadoop-ozone/integration-test/target/test-dir/MiniOzoneClusterImpl-478fafeb-4ef0-48e3-bd35-2e3f0cf9f61b/datanode-0/data/ratis/7be8df67-e0f8-4960-95f1-91b4ee80195c/current/log_inprogress_1
2021-12-07 08:24:56,902 [Time-limited test] INFO  ozoneimpl.OzoneContainer (OzoneContainer.java:stop(325)) - Attempting to stop container services.
2021-12-07 08:24:56,903 [Time-limited test] INFO  server.RaftServer (RaftServerProxy.java:lambda$close$6(391)) - ef998961-c73b-4226-87f3-43670785e9df: close
2021-12-07 08:24:56,903 [Time-limited test] INFO  server.RaftServer$Division (RaftServerImpl.java:lambda$close$4(412)) - ef998961-c73b-4226-87f3-43670785e9df@group-3227BB7B9BAA: shutdown
2021-12-07 08:24:56,903 [Time-limited test] INFO  util.JmxRegister (JmxRegister.java:unregister(73)) - Successfully un-registered JMX Bean with object name Ratis:service=RaftServer,group=group-3227BB7B9BAA,id=ef998961-c73b-4226-87f3-43670785e9df
2021-12-07 08:24:56,903 [Time-limited test] INFO  impl.RoleInfo (RoleInfo.java:shutdownLeaderState(91)) - ef998961-c73b-4226-87f3-43670785e9df: shutdown ef998961-c73b-4226-87f3-43670785e9df@group-3227BB7B9BAA-LeaderStateImpl
2021-12-07 08:24:56,904 [Time-limited test] INFO  impl.PendingRequests (PendingRequests.java:sendNotLeaderResponses(282)) - ef998961-c73b-4226-87f3-43670785e9df@group-3227BB7B9BAA-PendingRequests: sendNotLeaderResponses
2021-12-07 08:24:56,904 [Time-limited test] INFO  impl.StateMachineUpdater (StateMachineUpdater.java:stopAndJoin(149)) - ef998961-c73b-4226-87f3-43670785e9df@group-3227BB7B9BAA-StateMachineUpdater: set stopIndex = 0
2021-12-07 08:24:56,905 [ef998961-c73b-4226-87f3-43670785e9df@group-3227BB7B9BAA-StateMachineUpdater] INFO  ratis.ContainerStateMachine (ContainerStateMachine.java:takeSnapshot(299)) - group-3227BB7B9BAA: Taking a snapshot at:(t:1, i:0) file /home/runner/work/ozone/ozone/hadoop-ozone/integration-test/target/test-dir/MiniOzoneClusterImpl-478fafeb-4ef0-48e3-bd35-2e3f0cf9f61b/datanode-1/data/ratis/6a36308d-6244-48e1-9ed9-3227bb7b9baa/sm/snapshot.1_0
2021-12-07 08:24:56,906 [ef998961-c73b-4226-87f3-43670785e9df@group-3227BB7B9BAA-StateMachineUpdater] INFO  ratis.ContainerStateMachine (ContainerStateMachine.java:takeSnapshot(310)) - group-3227BB7B9BAA: Finished taking a snapshot at:(t:1, i:0) file:/home/runner/work/ozone/ozone/hadoop-ozone/integration-test/target/test-dir/MiniOzoneClusterImpl-478fafeb-4ef0-48e3-bd35-2e3f0cf9f61b/datanode-1/data/ratis/6a36308d-6244-48e1-9ed9-3227bb7b9baa/sm/snapshot.1_0 took: 2 ms
2021-12-07 08:24:56,906 [ef998961-c73b-4226-87f3-43670785e9df@group-3227BB7B9BAA-StateMachineUpdater] INFO  impl.StateMachineUpdater (StateMachineUpdater.java:takeSnapshot(281)) - ef998961-c73b-4226-87f3-43670785e9df@group-3227BB7B9BAA-StateMachineUpdater: Took a snapshot at index 0
2021-12-07 08:24:56,906 [ef998961-c73b-4226-87f3-43670785e9df@group-3227BB7B9BAA-StateMachineUpdater] INFO  impl.StateMachineUpdater (StateMachineUpdater.java:lambda$new$0(89)) - ef998961-c73b-4226-87f3-43670785e9df@group-3227BB7B9BAA-StateMachineUpdater: snapshotIndex: updateIncreasingly -1 -> 0
2021-12-07 08:24:56,906 [Time-limited test] INFO  server.RaftServer$Division (ServerState.java:close(419)) - ef998961-c73b-4226-87f3-43670785e9df@group-3227BB7B9BAA: closes. applyIndex: 0
2021-12-07 08:24:56,907 [ForkJoinPool.commonPool-worker-0] INFO  ozoneimpl.OzoneContainer (OzoneContainer.java:stop(325)) - Attempting to stop container services.
2021-12-07 08:24:56,907 [ef998961-c73b-4226-87f3-43670785e9df@group-3227BB7B9BAA-SegmentedRaftLogWorker] INFO  segmented.SegmentedRaftLogWorker (SegmentedRaftLogWorker.java:run(327)) - ef998961-c73b-4226-87f3-43670785e9df@group-3227BB7B9BAA-SegmentedRaftLogWorker was interrupted, exiting. There are 0 tasks remaining in the queue.
2021-12-07 08:24:56,908 [ForkJoinPool.commonPool-worker-0] INFO  server.RaftServer (RaftServerProxy.java:lambda$close$6(391)) - fa0dcf4e-df9f-4e34-8330-207691817642: close
2021-12-07 08:24:56,908 [ForkJoinPool.commonPool-worker-0] INFO  server.RaftServer$Division (RaftServerImpl.java:lambda$close$4(412)) - fa0dcf4e-df9f-4e34-8330-207691817642@group-43DACBA294D5: shutdown
2021-12-07 08:24:56,908 [ForkJoinPool.commonPool-worker-0] INFO  util.JmxRegister (JmxRegister.java:unregister(73)) - Successfully un-registered JMX Bean with object name Ratis:service=RaftServer,group=group-43DACBA294D5,id=fa0dcf4e-df9f-4e34-8330-207691817642
2021-12-07 08:24:56,908 [ForkJoinPool.commonPool-worker-0] INFO  impl.RoleInfo (RoleInfo.java:shutdownFollowerState(108)) - fa0dcf4e-df9f-4e34-8330-207691817642: shutdown fa0dcf4e-df9f-4e34-8330-207691817642@group-43DACBA294D5-FollowerState
2021-12-07 08:24:56,908 [ForkJoinPool.commonPool-worker-0] INFO  impl.StateMachineUpdater (StateMachineUpdater.java:stopAndJoin(149)) - fa0dcf4e-df9f-4e34-8330-207691817642@group-43DACBA294D5-StateMachineUpdater: set stopIndex = 0
2021-12-07 08:24:56,908 [fa0dcf4e-df9f-4e34-8330-207691817642@group-43DACBA294D5-FollowerState] INFO  impl.FollowerState (FollowerState.java:run(143)) - fa0dcf4e-df9f-4e34-8330-207691817642@group-43DACBA294D5-FollowerState was interrupted: {}
java.lang.InterruptedException: sleep interrupted
	at java.lang.Thread.sleep(Native Method)
	at java.lang.Thread.sleep(Thread.java:340)
	at java.util.concurrent.TimeUnit.sleep(TimeUnit.java:386)
	at org.apache.ratis.util.TimeDuration.sleep(TimeDuration.java:324)
	at org.apache.ratis.util.TimeDuration.sleep(TimeDuration.java:309)
	at org.apache.ratis.server.impl.FollowerState.run(FollowerState.java:118)
2021-12-07 08:24:56,916 [Time-limited test] INFO  segmented.SegmentedRaftLogWorker (SegmentedRaftLogWorker.java:close(237)) - ef998961-c73b-4226-87f3-43670785e9df@group-3227BB7B9BAA-SegmentedRaftLogWorker close()
2021-12-07 08:24:56,916 [ForkJoinPool.commonPool-worker-0] INFO  server.RaftServer$Division (ServerState.java:close(419)) - fa0dcf4e-df9f-4e34-8330-207691817642@group-43DACBA294D5: closes. applyIndex: 0
2021-12-07 08:24:56,916 [fa0dcf4e-df9f-4e34-8330-207691817642@group-43DACBA294D5-SegmentedRaftLogWorker] INFO  segmented.SegmentedRaftLogWorker (SegmentedRaftLogWorker.java:run(327)) - fa0dcf4e-df9f-4e34-8330-207691817642@group-43DACBA294D5-SegmentedRaftLogWorker was interrupted, exiting. There are 0 tasks remaining in the queue.
2021-12-07 08:24:56,920 [Time-limited test] INFO  server.RaftServer$Division (RaftServerImpl.java:lambda$close$4(412)) - ef998961-c73b-4226-87f3-43670785e9df@group-43DACBA294D5: shutdown
2021-12-07 08:24:56,920 [Time-limited test] INFO  util.JmxRegister (JmxRegister.java:unregister(73)) - Successfully un-registered JMX Bean with object name Ratis:service=RaftServer,group=group-43DACBA294D5,id=ef998961-c73b-4226-87f3-43670785e9df
2021-12-07 08:24:56,920 [Time-limited test] INFO  impl.RoleInfo (RoleInfo.java:shutdownFollowerState(108)) - ef998961-c73b-4226-87f3-43670785e9df: shutdown ef998961-c73b-4226-87f3-43670785e9df@group-43DACBA294D5-FollowerState
2021-12-07 08:24:56,920 [ForkJoinPool.commonPool-worker-0] INFO  segmented.SegmentedRaftLogWorker (SegmentedRaftLogWorker.java:close(237)) - fa0dcf4e-df9f-4e34-8330-207691817642@group-43DACBA294D5-SegmentedRaftLogWorker close()
2021-12-07 08:24:56,920 [ef998961-c73b-4226-87f3-43670785e9df@group-43DACBA294D5-FollowerState] INFO  impl.FollowerState (FollowerState.java:run(143)) - ef998961-c73b-4226-87f3-43670785e9df@group-43DACBA294D5-FollowerState was interrupted: {}
java.lang.InterruptedException: sleep interrupted
	at java.lang.Thread.sleep(Native Method)
	at java.lang.Thread.sleep(Thread.java:340)
	at java.util.concurrent.TimeUnit.sleep(TimeUnit.java:386)
	at org.apache.ratis.util.TimeDuration.sleep(TimeDuration.java:324)
	at org.apache.ratis.util.TimeDuration.sleep(TimeDuration.java:309)
	at org.apache.ratis.server.impl.FollowerState.run(FollowerState.java:118)
2021-12-07 08:24:56,920 [Time-limited test] INFO  impl.StateMachineUpdater (StateMachineUpdater.java:stopAndJoin(149)) - ef998961-c73b-4226-87f3-43670785e9df@group-43DACBA294D5-StateMachineUpdater: set stopIndex = 0
2021-12-07 08:24:56,921 [ef998961-c73b-4226-87f3-43670785e9df@group-43DACBA294D5-StateMachineUpdater] INFO  ratis.ContainerStateMachine (ContainerStateMachine.java:takeSnapshot(299)) - group-43DACBA294D5: Taking a snapshot at:(t:10, i:0) file /home/runner/work/ozone/ozone/hadoop-ozone/integration-test/target/test-dir/MiniOzoneClusterImpl-478fafeb-4ef0-48e3-bd35-2e3f0cf9f61b/datanode-1/data/ratis/a65e756f-4287-423e-aea8-43dacba294d5/sm/snapshot.10_0
2021-12-07 08:24:56,927 [ef998961-c73b-4226-87f3-43670785e9df@group-43DACBA294D5-StateMachineUpdater] INFO  ratis.ContainerStateMachine (ContainerStateMachine.java:takeSnapshot(310)) - group-43DACBA294D5: Finished taking a snapshot at:(t:10, i:0) file:/home/runner/work/ozone/ozone/hadoop-ozone/integration-test/target/test-dir/MiniOzoneClusterImpl-478fafeb-4ef0-48e3-bd35-2e3f0cf9f61b/datanode-1/data/ratis/a65e756f-4287-423e-aea8-43dacba294d5/sm/snapshot.10_0 took: 6 ms
2021-12-07 08:24:56,927 [ef998961-c73b-4226-87f3-43670785e9df@group-43DACBA294D5-StateMachineUpdater] INFO  impl.StateMachineUpdater (StateMachineUpdater.java:takeSnapshot(281)) - ef998961-c73b-4226-87f3-43670785e9df@group-43DACBA294D5-StateMachineUpdater: Took a snapshot at index 0
2021-12-07 08:24:56,927 [ef998961-c73b-4226-87f3-43670785e9df@group-43DACBA294D5-StateMachineUpdater] INFO  impl.StateMachineUpdater (StateMachineUpdater.java:lambda$new$0(89)) - ef998961-c73b-4226-87f3-43670785e9df@group-43DACBA294D5-StateMachineUpdater: snapshotIndex: updateIncreasingly -1 -> 0
2021-12-07 08:24:56,928 [ForkJoinPool.commonPool-worker-0] INFO  server.RaftServer$Division (RaftServerImpl.java:lambda$close$4(412)) - fa0dcf4e-df9f-4e34-8330-207691817642@group-91B4EE80195C: shutdown
2021-12-07 08:24:56,928 [ForkJoinPool.commonPool-worker-0] INFO  util.JmxRegister (JmxRegister.java:unregister(73)) - Successfully un-registered JMX Bean with object name Ratis:service=RaftServer,group=group-91B4EE80195C,id=fa0dcf4e-df9f-4e34-8330-207691817642
2021-12-07 08:24:56,928 [ForkJoinPool.commonPool-worker-0] INFO  impl.RoleInfo (RoleInfo.java:shutdownLeaderState(91)) - fa0dcf4e-df9f-4e34-8330-207691817642: shutdown fa0dcf4e-df9f-4e34-8330-207691817642@group-91B4EE80195C-LeaderStateImpl
2021-12-07 08:24:56,928 [ForkJoinPool.commonPool-worker-0] INFO  impl.PendingRequests (PendingRequests.java:sendNotLeaderResponses(282)) - fa0dcf4e-df9f-4e34-8330-207691817642@group-91B4EE80195C-PendingRequests: sendNotLeaderResponses
2021-12-07 08:24:56,933 [Time-limited test] INFO  server.RaftServer$Division (ServerState.java:close(419)) - ef998961-c73b-4226-87f3-43670785e9df@group-43DACBA294D5: closes. applyIndex: 0
2021-12-07 08:24:56,934 [fa0dcf4e-df9f-4e34-8330-207691817642@group-91B4EE80195C-StateMachineUpdater] INFO  ratis.ContainerStateMachine (ContainerStateMachine.java:takeSnapshot(299)) - group-91B4EE80195C: Taking a snapshot at:(t:2, i:2) file /home/runner/work/ozone/ozone/hadoop-ozone/integration-test/target/test-dir/MiniOzoneClusterImpl-478fafeb-4ef0-48e3-bd35-2e3f0cf9f61b/datanode-0/data/ratis/7be8df67-e0f8-4960-95f1-91b4ee80195c/sm/snapshot.2_2
2021-12-07 08:24:56,934 [ForkJoinPool.commonPool-worker-0] INFO  impl.StateMachineUpdater (StateMachineUpdater.java:stopAndJoin(149)) - fa0dcf4e-df9f-4e34-8330-207691817642@group-91B4EE80195C-StateMachineUpdater: set stopIndex = 2
2021-12-07 08:24:56,939 [ef998961-c73b-4226-87f3-43670785e9df@group-43DACBA294D5-SegmentedRaftLogWorker] INFO  segmented.SegmentedRaftLogWorker (SegmentedRaftLogWorker.java:run(327)) - ef998961-c73b-4226-87f3-43670785e9df@group-43DACBA294D5-SegmentedRaftLogWorker was interrupted, exiting. There are 0 tasks remaining in the queue.
2021-12-07 08:24:56,940 [Time-limited test] INFO  segmented.SegmentedRaftLogWorker (SegmentedRaftLogWorker.java:close(237)) - ef998961-c73b-4226-87f3-43670785e9df@group-43DACBA294D5-SegmentedRaftLogWorker close()
2021-12-07 08:24:56,940 [Time-limited test] INFO  server.GrpcService (GrpcService.java:closeImpl(262)) - ef998961-c73b-4226-87f3-43670785e9df: shutdown server with port 41193 now
2021-12-07 08:24:56,940 [fa0dcf4e-df9f-4e34-8330-207691817642@group-91B4EE80195C-StateMachineUpdater] INFO  ratis.ContainerStateMachine (ContainerStateMachine.java:takeSnapshot(310)) - group-91B4EE80195C: Finished taking a snapshot at:(t:2, i:2) file:/home/runner/work/ozone/ozone/hadoop-ozone/integration-test/target/test-dir/MiniOzoneClusterImpl-478fafeb-4ef0-48e3-bd35-2e3f0cf9f61b/datanode-0/data/ratis/7be8df67-e0f8-4960-95f1-91b4ee80195c/sm/snapshot.2_2 took: 6 ms
2021-12-07 08:24:56,941 [fa0dcf4e-df9f-4e34-8330-207691817642@group-91B4EE80195C-StateMachineUpdater] INFO  impl.StateMachineUpdater (StateMachineUpdater.java:takeSnapshot(281)) - fa0dcf4e-df9f-4e34-8330-207691817642@group-91B4EE80195C-StateMachineUpdater: Took a snapshot at index 2
2021-12-07 08:24:56,941 [fa0dcf4e-df9f-4e34-8330-207691817642@group-91B4EE80195C-StateMachineUpdater] INFO  impl.StateMachineUpdater (StateMachineUpdater.java:lambda$new$0(89)) - fa0dcf4e-df9f-4e34-8330-207691817642@group-91B4EE80195C-StateMachineUpdater: snapshotIndex: updateIncreasingly 0 -> 2
2021-12-07 08:24:56,941 [ForkJoinPool.commonPool-worker-0] INFO  server.RaftServer$Division (ServerState.java:close(419)) - fa0dcf4e-df9f-4e34-8330-207691817642@group-91B4EE80195C: closes. applyIndex: 2
2021-12-07 08:24:56,941 [fa0dcf4e-df9f-4e34-8330-207691817642@group-91B4EE80195C-SegmentedRaftLogWorker] INFO  segmented.SegmentedRaftLogWorker (SegmentedRaftLogWorker.java:run(327)) - fa0dcf4e-df9f-4e34-8330-207691817642@group-91B4EE80195C-SegmentedRaftLogWorker was interrupted, exiting. There are 0 tasks remaining in the queue.
2021-12-07 08:24:56,942 [grpc-default-executor-2] WARN  server.GrpcServerProtocolService (LogUtils.java:warn(122)) - ef998961-c73b-4226-87f3-43670785e9df: installSnapshot onError, lastRequest: f079c5a0-ef00-4d60-9ad2-3d1de424dd8b->ef998961-c73b-4226-87f3-43670785e9df#1-t10,previous=(t:0, i:0),leaderCommit=0,initializing? true,entries: size=1, first=(t:10, i:0), CONFIGURATIONENTRY: org.apache.ratis.thirdparty.io.grpc.StatusRuntimeException: CANCELLED: client cancelled
2021-12-07 08:24:56,943 [ForkJoinPool.commonPool-worker-0] INFO  segmented.SegmentedRaftLogWorker (SegmentedRaftLogWorker.java:close(237)) - fa0dcf4e-df9f-4e34-8330-207691817642@group-91B4EE80195C-SegmentedRaftLogWorker close()
2021-12-07 08:24:56,959 [Time-limited test] INFO  server.GrpcService (GrpcService.java:closeImpl(271)) - ef998961-c73b-4226-87f3-43670785e9df: shutdown server with port 41193 successfully
2021-12-07 08:24:56,959 [org.apache.ratis.util.JvmPauseMonitor$$Lambda$533/1661870091@3ba464f2] INFO  util.JvmPauseMonitor (JvmPauseMonitor.java:run(109)) - JvmPauseMonitor-ef998961-c73b-4226-87f3-43670785e9df: Stopped
2021-12-07 08:24:56,966 [ForkJoinPool.commonPool-worker-0] INFO  server.GrpcService (GrpcService.java:closeImpl(262)) - fa0dcf4e-df9f-4e34-8330-207691817642: shutdown server with port 46745 now
2021-12-07 08:24:56,967 [grpc-default-executor-0] WARN  server.GrpcLogAppender (LogUtils.java:warn(122)) - f079c5a0-ef00-4d60-9ad2-3d1de424dd8b@group-43DACBA294D5->ef998961-c73b-4226-87f3-43670785e9df-AppendLogResponseHandler: Failed appendEntries: org.apache.ratis.thirdparty.io.grpc.StatusRuntimeException: CANCELLED: HTTP/2 error code: CANCEL
Received Rst Stream
2021-12-07 08:24:56,967 [grpc-default-executor-0] WARN  server.GrpcLogAppender (GrpcLogAppender.java:resetClient(110)) - f079c5a0-ef00-4d60-9ad2-3d1de424dd8b@group-43DACBA294D5->ef998961-c73b-4226-87f3-43670785e9df-GrpcLogAppender: Leader has not got in touch with Follower f079c5a0-ef00-4d60-9ad2-3d1de424dd8b@group-43DACBA294D5->ef998961-c73b-4226-87f3-43670785e9df(c0,m0,n1, attendVote=true, lastRpcSendTime=1221, lastRpcResponseTime=1212) yet, just keep nextIndex unchanged and retry.
2021-12-07 08:24:56,968 [grpc-default-executor-1] WARN  server.GrpcServerProtocolService (LogUtils.java:warn(122)) - fa0dcf4e-df9f-4e34-8330-207691817642: installSnapshot onError, lastRequest: null: org.apache.ratis.thirdparty.io.grpc.StatusRuntimeException: CANCELLED: client cancelled
2021-12-07 08:24:56,971 [ForkJoinPool.commonPool-worker-0] INFO  server.GrpcService (GrpcService.java:closeImpl(271)) - fa0dcf4e-df9f-4e34-8330-207691817642: shutdown server with port 46745 successfully
2021-12-07 08:24:56,976 [org.apache.ratis.util.JvmPauseMonitor$$Lambda$533/1661870091@3e8e1bb4] INFO  util.JvmPauseMonitor (JvmPauseMonitor.java:run(109)) - JvmPauseMonitor-fa0dcf4e-df9f-4e34-8330-207691817642: Stopped
2021-12-07 08:24:56,991 [grpc-default-executor-3] WARN  server.GrpcLogAppender (LogUtils.java:warn(122)) - f079c5a0-ef00-4d60-9ad2-3d1de424dd8b@group-43DACBA294D5->fa0dcf4e-df9f-4e34-8330-207691817642-AppendLogResponseHandler: Failed appendEntries: org.apache.ratis.thirdparty.io.grpc.StatusRuntimeException: CANCELLED: HTTP/2 error code: CANCEL
Received Rst Stream
2021-12-07 08:24:56,991 [grpc-default-executor-3] WARN  server.GrpcLogAppender (GrpcLogAppender.java:resetClient(110)) - f079c5a0-ef00-4d60-9ad2-3d1de424dd8b@group-43DACBA294D5->fa0dcf4e-df9f-4e34-8330-207691817642-GrpcLogAppender: Leader has not got in touch with Follower f079c5a0-ef00-4d60-9ad2-3d1de424dd8b@group-43DACBA294D5->fa0dcf4e-df9f-4e34-8330-207691817642(c0,m0,n1, attendVote=true, lastRpcSendTime=1369, lastRpcResponseTime=1347) yet, just keep nextIndex unchanged and retry.
2021-12-07 08:24:58,157 [grpc-default-executor-1] WARN  server.GrpcLogAppender (LogUtils.java:warn(122)) - f079c5a0-ef00-4d60-9ad2-3d1de424dd8b@group-43DACBA294D5->fa0dcf4e-df9f-4e34-8330-207691817642-AppendLogResponseHandler: Failed appendEntries: org.apache.ratis.thirdparty.io.grpc.StatusRuntimeException: UNAVAILABLE: io exception
2021-12-07 08:24:58,158 [grpc-default-executor-1] WARN  server.GrpcLogAppender (GrpcLogAppender.java:resetClient(110)) - f079c5a0-ef00-4d60-9ad2-3d1de424dd8b@group-43DACBA294D5->fa0dcf4e-df9f-4e34-8330-207691817642-GrpcLogAppender: Leader has not got in touch with Follower f079c5a0-ef00-4d60-9ad2-3d1de424dd8b@group-43DACBA294D5->fa0dcf4e-df9f-4e34-8330-207691817642(c0,m0,n1, attendVote=true, lastRpcSendTime=6, lastRpcResponseTime=2514) yet, just keep nextIndex unchanged and retry.
2021-12-07 08:24:58,267 [grpc-default-executor-1] WARN  server.GrpcLogAppender (LogUtils.java:warn(122)) - f079c5a0-ef00-4d60-9ad2-3d1de424dd8b@group-43DACBA294D5->ef998961-c73b-4226-87f3-43670785e9df-AppendLogResponseHandler: Failed appendEntries: org.apache.ratis.thirdparty.io.grpc.StatusRuntimeException: UNAVAILABLE: io exception
2021-12-07 08:24:58,268 [grpc-default-executor-1] WARN  server.GrpcLogAppender (GrpcLogAppender.java:resetClient(110)) - f079c5a0-ef00-4d60-9ad2-3d1de424dd8b@group-43DACBA294D5->ef998961-c73b-4226-87f3-43670785e9df-GrpcLogAppender: Leader has not got in touch with Follower f079c5a0-ef00-4d60-9ad2-3d1de424dd8b@group-43DACBA294D5->ef998961-c73b-4226-87f3-43670785e9df(c0,m0,n1, attendVote=true, lastRpcSendTime=2522, lastRpcResponseTime=2513) yet, just keep nextIndex unchanged and retry.
2021-12-07 08:25:00,683 [grpc-default-executor-1] WARN  server.GrpcLogAppender (LogUtils.java:warn(122)) - f079c5a0-ef00-4d60-9ad2-3d1de424dd8b@group-43DACBA294D5->fa0dcf4e-df9f-4e34-8330-207691817642-AppendLogResponseHandler: Failed appendEntries: org.apache.ratis.thirdparty.io.grpc.StatusRuntimeException: UNAVAILABLE: io exception
2021-12-07 08:25:00,684 [grpc-default-executor-1] WARN  server.GrpcLogAppender (GrpcLogAppender.java:resetClient(110)) - f079c5a0-ef00-4d60-9ad2-3d1de424dd8b@group-43DACBA294D5->fa0dcf4e-df9f-4e34-8330-207691817642-GrpcLogAppender: Leader has not got in touch with Follower f079c5a0-ef00-4d60-9ad2-3d1de424dd8b@group-43DACBA294D5->fa0dcf4e-df9f-4e34-8330-207691817642(c0,m0,n1, attendVote=true, lastRpcSendTime=2532, lastRpcResponseTime=5040) yet, just keep nextIndex unchanged and retry.
2021-12-07 08:25:00,780 [grpc-default-executor-1] WARN  server.GrpcLogAppender (LogUtils.java:warn(122)) - f079c5a0-ef00-4d60-9ad2-3d1de424dd8b@group-43DACBA294D5->ef998961-c73b-4226-87f3-43670785e9df-AppendLogResponseHandler: Failed appendEntries: org.apache.ratis.thirdparty.io.grpc.StatusRuntimeException: UNAVAILABLE: io exception
2021-12-07 08:25:00,780 [grpc-default-executor-1] WARN  server.GrpcLogAppender (GrpcLogAppender.java:resetClient(110)) - f079c5a0-ef00-4d60-9ad2-3d1de424dd8b@group-43DACBA294D5->ef998961-c73b-4226-87f3-43670785e9df-GrpcLogAppender: Leader has not got in touch with Follower f079c5a0-ef00-4d60-9ad2-3d1de424dd8b@group-43DACBA294D5->ef998961-c73b-4226-87f3-43670785e9df(c0,m0,n1, attendVote=true, lastRpcSendTime=1, lastRpcResponseTime=5025) yet, just keep nextIndex unchanged and retry.
2021-12-07 08:25:03,203 [grpc-default-executor-1] WARN  server.GrpcLogAppender (LogUtils.java:warn(122)) - f079c5a0-ef00-4d60-9ad2-3d1de424dd8b@group-43DACBA294D5->fa0dcf4e-df9f-4e34-8330-207691817642-AppendLogResponseHandler: Failed appendEntries: org.apache.ratis.thirdparty.io.grpc.StatusRuntimeException: UNAVAILABLE: io exception
2021-12-07 08:25:03,204 [grpc-default-executor-1] WARN  server.GrpcLogAppender (GrpcLogAppender.java:resetClient(110)) - f079c5a0-ef00-4d60-9ad2-3d1de424dd8b@group-43DACBA294D5->fa0dcf4e-df9f-4e34-8330-207691817642-GrpcLogAppender: Leader has not got in touch with Follower f079c5a0-ef00-4d60-9ad2-3d1de424dd8b@group-43DACBA294D5->fa0dcf4e-df9f-4e34-8330-207691817642(c0,m0,n1, attendVote=true, lastRpcSendTime=2509, lastRpcResponseTime=7560) yet, just keep nextIndex unchanged and retry.
2021-12-07 08:25:03,279 [grpc-default-executor-1] WARN  server.GrpcLogAppender (LogUtils.java:warn(122)) - f079c5a0-ef00-4d60-9ad2-3d1de424dd8b@group-43DACBA294D5->ef998961-c73b-4226-87f3-43670785e9df-AppendLogResponseHandler: Failed appendEntries: org.apache.ratis.thirdparty.io.grpc.StatusRuntimeException: UNAVAILABLE: io exception
2021-12-07 08:25:03,280 [grpc-default-executor-1] WARN  server.GrpcLogAppender (GrpcLogAppender.java:resetClient(110)) - f079c5a0-ef00-4d60-9ad2-3d1de424dd8b@group-43DACBA294D5->ef998961-c73b-4226-87f3-43670785e9df-GrpcLogAppender: Leader has not got in touch with Follower f079c5a0-ef00-4d60-9ad2-3d1de424dd8b@group-43DACBA294D5->ef998961-c73b-4226-87f3-43670785e9df(c0,m0,n1, attendVote=true, lastRpcSendTime=0, lastRpcResponseTime=7525) yet, just keep nextIndex unchanged and retry.
2021-12-07 08:25:04,033 [Time-limited test] INFO  utils.BackgroundService (BackgroundService.java:shutdown(132)) - Shutting down service BlockDeletingService
2021-12-07 08:25:04,056 [ForkJoinPool.commonPool-worker-0] INFO  utils.BackgroundService (BackgroundService.java:shutdown(132)) - Shutting down service BlockDeletingService
2021-12-07 08:25:04,915 [f079c5a0-ef00-4d60-9ad2-3d1de424dd8b@group-43DACBA294D5-LeaderStateImpl] WARN  server.RaftServer$Division (LeaderStateImpl.java:checkLeadership(974)) - f079c5a0-ef00-4d60-9ad2-3d1de424dd8b@group-43DACBA294D5-LeaderStateImpl: Lost leadership on term: 10. Election timeout: 5200ms. In charge for: 52052ms. Conf: 0: [ef998961-c73b-4226-87f3-43670785e9df|rpc:10.1.0.14:41193|dataStream:|priority:0, fa0dcf4e-df9f-4e34-8330-207691817642|rpc:10.1.0.14:46745|dataStream:|priority:0, f079c5a0-ef00-4d60-9ad2-3d1de424dd8b|rpc:10.1.0.14:37525|dataStream:|priority:1], old=null
2021-12-07 08:25:04,915 [f079c5a0-ef00-4d60-9ad2-3d1de424dd8b@group-43DACBA294D5-LeaderStateImpl] WARN  server.RaftServer$Division (LeaderStateImpl.java:lambda$checkLeadership$15(978)) - Follower f079c5a0-ef00-4d60-9ad2-3d1de424dd8b@group-43DACBA294D5->ef998961-c73b-4226-87f3-43670785e9df(c0,m0,n1, attendVote=true, lastRpcSendTime=1635, lastRpcResponseTime=9160)
2021-12-07 08:25:04,915 [f079c5a0-ef00-4d60-9ad2-3d1de424dd8b@group-43DACBA294D5-LeaderStateImpl] WARN  server.RaftServer$Division (LeaderStateImpl.java:lambda$checkLeadership$15(978)) - Follower f079c5a0-ef00-4d60-9ad2-3d1de424dd8b@group-43DACBA294D5->fa0dcf4e-df9f-4e34-8330-207691817642(c0,m0,n1, attendVote=true, lastRpcSendTime=1709, lastRpcResponseTime=9271)
2021-12-07 08:25:04,915 [f079c5a0-ef00-4d60-9ad2-3d1de424dd8b@group-43DACBA294D5-LeaderStateImpl] INFO  server.RaftServer$Division (RaftServerImpl.java:setRole(290)) - f079c5a0-ef00-4d60-9ad2-3d1de424dd8b@group-43DACBA294D5: changes role from    LEADER to FOLLOWER at term 10 for StepDownReason:LOST_MAJORITY_HEARTBEATS
2021-12-07 08:25:04,915 [f079c5a0-ef00-4d60-9ad2-3d1de424dd8b@group-43DACBA294D5-LeaderStateImpl] INFO  impl.RoleInfo (RoleInfo.java:shutdownLeaderState(91)) - f079c5a0-ef00-4d60-9ad2-3d1de424dd8b: shutdown f079c5a0-ef00-4d60-9ad2-3d1de424dd8b@group-43DACBA294D5-LeaderStateImpl
2021-12-07 08:25:04,916 [f079c5a0-ef00-4d60-9ad2-3d1de424dd8b@group-43DACBA294D5-LeaderStateImpl] INFO  impl.PendingRequests (PendingRequests.java:sendNotLeaderResponses(282)) - f079c5a0-ef00-4d60-9ad2-3d1de424dd8b@group-43DACBA294D5-PendingRequests: sendNotLeaderResponses
2021-12-07 08:25:04,916 [f079c5a0-ef00-4d60-9ad2-3d1de424dd8b@group-43DACBA294D5-LeaderStateImpl] INFO  impl.RoleInfo (RoleInfo.java:updateAndGet(130)) - f079c5a0-ef00-4d60-9ad2-3d1de424dd8b: start f079c5a0-ef00-4d60-9ad2-3d1de424dd8b@group-43DACBA294D5-FollowerState
2021-12-07 08:25:07,037 [Time-limited test] INFO  statemachine.DatanodeStateMachine (DatanodeStateMachine.java:stopDaemon(526)) - Ozone container server stopped.
2021-12-07 08:25:07,047 [Time-limited test] INFO  handler.ContextHandler (ContextHandler.java:doStop(1153)) - Stopped o.e.j.w.WebAppContext@3ec9471f{hddsDatanode,/,null,STOPPED}{jar:file:/home/runner/.m2/repository/org/apache/ozone/hdds-container-service/1.3.0-SNAPSHOT/hdds-container-service-1.3.0-SNAPSHOT.jar!/webapps/hddsDatanode}
2021-12-07 08:25:07,049 [Time-limited test] INFO  server.AbstractConnector (AbstractConnector.java:doStop(381)) - Stopped ServerConnector@1e4a4b45{HTTP/1.1, (http/1.1)}{0.0.0.0:0}
2021-12-07 08:25:07,049 [Time-limited test] INFO  server.session (HouseKeeper.java:stopScavenging(149)) - node0 Stopped scavenging
2021-12-07 08:25:07,059 [Time-limited test] INFO  handler.ContextHandler (ContextHandler.java:doStop(1153)) - Stopped o.e.j.s.ServletContextHandler@21ed4372{static,/static,jar:file:/home/runner/.m2/repository/org/apache/ozone/hdds-container-service/1.3.0-SNAPSHOT/hdds-container-service-1.3.0-SNAPSHOT.jar!/webapps/static,STOPPED}
2021-12-07 08:25:07,066 [ForkJoinPool.commonPool-worker-0] INFO  statemachine.DatanodeStateMachine (DatanodeStateMachine.java:stopDaemon(526)) - Ozone container server stopped.
2021-12-07 08:25:07,067 [Time-limited test] INFO  handler.ContextHandler (ContextHandler.java:doStop(1153)) - Stopped o.e.j.s.ServletContextHandler@651c673e{logs,/logs,file:///home/runner/work/ozone/ozone/hadoop-ozone/integration-test/target/log,STOPPED}
2021-12-07 08:25:07,069 [ForkJoinPool.commonPool-worker-0] INFO  handler.ContextHandler (ContextHandler.java:doStop(1153)) - Stopped o.e.j.w.WebAppContext@415a3f68{hddsDatanode,/,null,STOPPED}{jar:file:/home/runner/.m2/repository/org/apache/ozone/hdds-container-service/1.3.0-SNAPSHOT/hdds-container-service-1.3.0-SNAPSHOT.jar!/webapps/hddsDatanode}
2021-12-07 08:25:07,075 [ForkJoinPool.commonPool-worker-0] INFO  server.AbstractConnector (AbstractConnector.java:doStop(381)) - Stopped ServerConnector@113afdaf{HTTP/1.1, (http/1.1)}{0.0.0.0:35683}
2021-12-07 08:25:07,075 [ForkJoinPool.commonPool-worker-0] INFO  server.session (HouseKeeper.java:stopScavenging(149)) - node0 Stopped scavenging
2021-12-07 08:25:07,076 [ForkJoinPool.commonPool-worker-0] INFO  handler.ContextHandler (ContextHandler.java:doStop(1153)) - Stopped o.e.j.s.ServletContextHandler@2e3a03ea{static,/static,jar:file:/home/runner/.m2/repository/org/apache/ozone/hdds-container-service/1.3.0-SNAPSHOT/hdds-container-service-1.3.0-SNAPSHOT.jar!/webapps/static,STOPPED}
2021-12-07 08:25:07,079 [ForkJoinPool.commonPool-worker-0] INFO  handler.ContextHandler (ContextHandler.java:doStop(1153)) - Stopped o.e.j.s.ServletContextHandler@10a05229{logs,/logs,file:///home/runner/work/ozone/ozone/hadoop-ozone/integration-test/target/log,STOPPED}
2021-12-07 08:25:10,050 [f079c5a0-ef00-4d60-9ad2-3d1de424dd8b@group-43DACBA294D5-FollowerState] INFO  impl.FollowerState (FollowerState.java:lostMajorityHeartbeatsRecently(107)) - f079c5a0-ef00-4d60-9ad2-3d1de424dd8b@group-43DACBA294D5-FollowerState: Skipping leader election since it stepped down recently (elapsed = 5133ms < waitTime = 10s)
2021-12-07 08:25:12,081 [ForkJoinPool.commonPool-worker-0] INFO  ozoneimpl.OzoneContainer (OzoneContainer.java:stop(325)) - Attempting to stop container services.
2021-12-07 08:25:12,082 [ForkJoinPool.commonPool-worker-0] INFO  server.RaftServer (RaftServerProxy.java:lambda$close$6(391)) - f079c5a0-ef00-4d60-9ad2-3d1de424dd8b: close
2021-12-07 08:25:12,082 [ForkJoinPool.commonPool-worker-0] INFO  server.RaftServer$Division (RaftServerImpl.java:lambda$close$4(412)) - f079c5a0-ef00-4d60-9ad2-3d1de424dd8b@group-D38A71C52C28: shutdown
2021-12-07 08:25:12,082 [ForkJoinPool.commonPool-worker-0] INFO  util.JmxRegister (JmxRegister.java:unregister(73)) - Successfully un-registered JMX Bean with object name Ratis:service=RaftServer,group=group-D38A71C52C28,id=f079c5a0-ef00-4d60-9ad2-3d1de424dd8b
2021-12-07 08:25:12,082 [ForkJoinPool.commonPool-worker-0] INFO  impl.RoleInfo (RoleInfo.java:shutdownLeaderState(91)) - f079c5a0-ef00-4d60-9ad2-3d1de424dd8b: shutdown f079c5a0-ef00-4d60-9ad2-3d1de424dd8b@group-D38A71C52C28-LeaderStateImpl
2021-12-07 08:25:12,083 [ForkJoinPool.commonPool-worker-0] INFO  impl.PendingRequests (PendingRequests.java:sendNotLeaderResponses(282)) - f079c5a0-ef00-4d60-9ad2-3d1de424dd8b@group-D38A71C52C28-PendingRequests: sendNotLeaderResponses
2021-12-07 08:25:12,083 [ForkJoinPool.commonPool-worker-0] INFO  impl.StateMachineUpdater (StateMachineUpdater.java:stopAndJoin(149)) - f079c5a0-ef00-4d60-9ad2-3d1de424dd8b@group-D38A71C52C28-StateMachineUpdater: set stopIndex = 0
2021-12-07 08:25:12,084 [f079c5a0-ef00-4d60-9ad2-3d1de424dd8b@group-D38A71C52C28-StateMachineUpdater] INFO  ratis.ContainerStateMachine (ContainerStateMachine.java:takeSnapshot(299)) - group-D38A71C52C28: Taking a snapshot at:(t:1, i:0) file /home/runner/work/ozone/ozone/hadoop-ozone/integration-test/target/test-dir/MiniOzoneClusterImpl-478fafeb-4ef0-48e3-bd35-2e3f0cf9f61b/datanode-2/data/ratis/5d2a202c-77a8-4f5a-8d03-d38a71c52c28/sm/snapshot.1_0
2021-12-07 08:25:12,087 [f079c5a0-ef00-4d60-9ad2-3d1de424dd8b@group-D38A71C52C28-StateMachineUpdater] INFO  ratis.ContainerStateMachine (ContainerStateMachine.java:takeSnapshot(310)) - group-D38A71C52C28: Finished taking a snapshot at:(t:1, i:0) file:/home/runner/work/ozone/ozone/hadoop-ozone/integration-test/target/test-dir/MiniOzoneClusterImpl-478fafeb-4ef0-48e3-bd35-2e3f0cf9f61b/datanode-2/data/ratis/5d2a202c-77a8-4f5a-8d03-d38a71c52c28/sm/snapshot.1_0 took: 3 ms
2021-12-07 08:25:12,087 [f079c5a0-ef00-4d60-9ad2-3d1de424dd8b@group-D38A71C52C28-StateMachineUpdater] INFO  impl.StateMachineUpdater (StateMachineUpdater.java:takeSnapshot(281)) - f079c5a0-ef00-4d60-9ad2-3d1de424dd8b@group-D38A71C52C28-StateMachineUpdater: Took a snapshot at index 0
2021-12-07 08:25:12,087 [f079c5a0-ef00-4d60-9ad2-3d1de424dd8b@group-D38A71C52C28-StateMachineUpdater] INFO  impl.StateMachineUpdater (StateMachineUpdater.java:lambda$new$0(89)) - f079c5a0-ef00-4d60-9ad2-3d1de424dd8b@group-D38A71C52C28-StateMachineUpdater: snapshotIndex: updateIncreasingly -1 -> 0
2021-12-07 08:25:12,088 [ForkJoinPool.commonPool-worker-0] INFO  server.RaftServer$Division (ServerState.java:close(419)) - f079c5a0-ef00-4d60-9ad2-3d1de424dd8b@group-D38A71C52C28: closes. applyIndex: 0
2021-12-07 08:25:12,088 [f079c5a0-ef00-4d60-9ad2-3d1de424dd8b@group-D38A71C52C28-SegmentedRaftLogWorker] INFO  segmented.SegmentedRaftLogWorker (SegmentedRaftLogWorker.java:run(327)) - f079c5a0-ef00-4d60-9ad2-3d1de424dd8b@group-D38A71C52C28-SegmentedRaftLogWorker was interrupted, exiting. There are 0 tasks remaining in the queue.
2021-12-07 08:25:12,091 [ForkJoinPool.commonPool-worker-0] INFO  segmented.SegmentedRaftLogWorker (SegmentedRaftLogWorker.java:close(237)) - f079c5a0-ef00-4d60-9ad2-3d1de424dd8b@group-D38A71C52C28-SegmentedRaftLogWorker close()
2021-12-07 08:25:12,103 [ForkJoinPool.commonPool-worker-0] INFO  server.RaftServer$Division (RaftServerImpl.java:lambda$close$4(412)) - f079c5a0-ef00-4d60-9ad2-3d1de424dd8b@group-43DACBA294D5: shutdown
2021-12-07 08:25:12,103 [ForkJoinPool.commonPool-worker-0] INFO  util.JmxRegister (JmxRegister.java:unregister(73)) - Successfully un-registered JMX Bean with object name Ratis:service=RaftServer,group=group-43DACBA294D5,id=f079c5a0-ef00-4d60-9ad2-3d1de424dd8b
2021-12-07 08:25:12,103 [ForkJoinPool.commonPool-worker-0] INFO  impl.RoleInfo (RoleInfo.java:shutdownFollowerState(108)) - f079c5a0-ef00-4d60-9ad2-3d1de424dd8b: shutdown f079c5a0-ef00-4d60-9ad2-3d1de424dd8b@group-43DACBA294D5-FollowerState
2021-12-07 08:25:12,104 [ForkJoinPool.commonPool-worker-0] INFO  impl.StateMachineUpdater (StateMachineUpdater.java:stopAndJoin(149)) - f079c5a0-ef00-4d60-9ad2-3d1de424dd8b@group-43DACBA294D5-StateMachineUpdater: set stopIndex = 0
2021-12-07 08:25:12,106 [f079c5a0-ef00-4d60-9ad2-3d1de424dd8b@group-43DACBA294D5-FollowerState] INFO  impl.FollowerState (FollowerState.java:run(143)) - f079c5a0-ef00-4d60-9ad2-3d1de424dd8b@group-43DACBA294D5-FollowerState was interrupted: {}
java.lang.InterruptedException: sleep interrupted
	at java.lang.Thread.sleep(Native Method)
	at java.lang.Thread.sleep(Thread.java:340)
	at java.util.concurrent.TimeUnit.sleep(TimeUnit.java:386)
	at org.apache.ratis.util.TimeDuration.sleep(TimeDuration.java:324)
	at org.apache.ratis.util.TimeDuration.sleep(TimeDuration.java:309)
	at org.apache.ratis.server.impl.FollowerState.run(FollowerState.java:118)
2021-12-07 08:25:12,107 [f079c5a0-ef00-4d60-9ad2-3d1de424dd8b@group-43DACBA294D5-StateMachineUpdater] INFO  ratis.ContainerStateMachine (ContainerStateMachine.java:takeSnapshot(299)) - group-43DACBA294D5: Taking a snapshot at:(t:10, i:0) file /home/runner/work/ozone/ozone/hadoop-ozone/integration-test/target/test-dir/MiniOzoneClusterImpl-478fafeb-4ef0-48e3-bd35-2e3f0cf9f61b/datanode-2/data/ratis/a65e756f-4287-423e-aea8-43dacba294d5/sm/snapshot.10_0
2021-12-07 08:25:12,110 [f079c5a0-ef00-4d60-9ad2-3d1de424dd8b@group-43DACBA294D5-StateMachineUpdater] INFO  ratis.ContainerStateMachine (ContainerStateMachine.java:takeSnapshot(310)) - group-43DACBA294D5: Finished taking a snapshot at:(t:10, i:0) file:/home/runner/work/ozone/ozone/hadoop-ozone/integration-test/target/test-dir/MiniOzoneClusterImpl-478fafeb-4ef0-48e3-bd35-2e3f0cf9f61b/datanode-2/data/ratis/a65e756f-4287-423e-aea8-43dacba294d5/sm/snapshot.10_0 took: 3 ms
2021-12-07 08:25:12,110 [f079c5a0-ef00-4d60-9ad2-3d1de424dd8b@group-43DACBA294D5-StateMachineUpdater] INFO  impl.StateMachineUpdater (StateMachineUpdater.java:takeSnapshot(281)) - f079c5a0-ef00-4d60-9ad2-3d1de424dd8b@group-43DACBA294D5-StateMachineUpdater: Took a snapshot at index 0
2021-12-07 08:25:12,110 [f079c5a0-ef00-4d60-9ad2-3d1de424dd8b@group-43DACBA294D5-StateMachineUpdater] INFO  impl.StateMachineUpdater (StateMachineUpdater.java:lambda$new$0(89)) - f079c5a0-ef00-4d60-9ad2-3d1de424dd8b@group-43DACBA294D5-StateMachineUpdater: snapshotIndex: updateIncreasingly -1 -> 0
2021-12-07 08:25:12,110 [ForkJoinPool.commonPool-worker-0] INFO  server.RaftServer$Division (ServerState.java:close(419)) - f079c5a0-ef00-4d60-9ad2-3d1de424dd8b@group-43DACBA294D5: closes. applyIndex: 0
2021-12-07 08:25:12,110 [f079c5a0-ef00-4d60-9ad2-3d1de424dd8b@group-43DACBA294D5-SegmentedRaftLogWorker] INFO  segmented.SegmentedRaftLogWorker (SegmentedRaftLogWorker.java:run(327)) - f079c5a0-ef00-4d60-9ad2-3d1de424dd8b@group-43DACBA294D5-SegmentedRaftLogWorker was interrupted, exiting. There are 0 tasks remaining in the queue.
2021-12-07 08:25:12,111 [ForkJoinPool.commonPool-worker-0] INFO  segmented.SegmentedRaftLogWorker (SegmentedRaftLogWorker.java:close(237)) - f079c5a0-ef00-4d60-9ad2-3d1de424dd8b@group-43DACBA294D5-SegmentedRaftLogWorker close()
2021-12-07 08:25:12,111 [ForkJoinPool.commonPool-worker-0] INFO  server.GrpcService (GrpcService.java:closeImpl(262)) - f079c5a0-ef00-4d60-9ad2-3d1de424dd8b: shutdown server with port 37525 now
2021-12-07 08:25:12,143 [ForkJoinPool.commonPool-worker-0] INFO  server.GrpcService (GrpcService.java:closeImpl(271)) - f079c5a0-ef00-4d60-9ad2-3d1de424dd8b: shutdown server with port 37525 successfully
2021-12-07 08:25:12,143 [org.apache.ratis.util.JvmPauseMonitor$$Lambda$533/1661870091@6565bc5a] INFO  util.JvmPauseMonitor (JvmPauseMonitor.java:run(109)) - JvmPauseMonitor-f079c5a0-ef00-4d60-9ad2-3d1de424dd8b: Stopped
2021-12-07 08:25:19,160 [ForkJoinPool.commonPool-worker-0] INFO  utils.BackgroundService (BackgroundService.java:shutdown(132)) - Shutting down service BlockDeletingService
2021-12-07 08:25:22,163 [ForkJoinPool.commonPool-worker-0] INFO  statemachine.DatanodeStateMachine (DatanodeStateMachine.java:stopDaemon(526)) - Ozone container server stopped.
2021-12-07 08:25:22,167 [ForkJoinPool.commonPool-worker-0] INFO  handler.ContextHandler (ContextHandler.java:doStop(1153)) - Stopped o.e.j.w.WebAppContext@be070f3{hddsDatanode,/,null,STOPPED}{jar:file:/home/runner/.m2/repository/org/apache/ozone/hdds-container-service/1.3.0-SNAPSHOT/hdds-container-service-1.3.0-SNAPSHOT.jar!/webapps/hddsDatanode}
2021-12-07 08:25:22,173 [ForkJoinPool.commonPool-worker-0] INFO  server.AbstractConnector (AbstractConnector.java:doStop(381)) - Stopped ServerConnector@4951cf43{HTTP/1.1, (http/1.1)}{0.0.0.0:0}
2021-12-07 08:25:22,173 [ForkJoinPool.commonPool-worker-0] INFO  server.session (HouseKeeper.java:stopScavenging(149)) - node0 Stopped scavenging
2021-12-07 08:25:22,173 [ForkJoinPool.commonPool-worker-0] INFO  handler.ContextHandler (ContextHandler.java:doStop(1153)) - Stopped o.e.j.s.ServletContextHandler@6766d351{static,/static,jar:file:/home/runner/.m2/repository/org/apache/ozone/hdds-container-service/1.3.0-SNAPSHOT/hdds-container-service-1.3.0-SNAPSHOT.jar!/webapps/static,STOPPED}
2021-12-07 08:25:22,174 [ForkJoinPool.commonPool-worker-0] INFO  handler.ContextHandler (ContextHandler.java:doStop(1153)) - Stopped o.e.j.s.ServletContextHandler@7886cb63{logs,/logs,file:///home/runner/work/ozone/ozone/hadoop-ozone/integration-test/target/log,STOPPED}
2021-12-07 08:25:22,175 [Time-limited test] INFO  ozone.MiniOzoneClusterImpl (MiniOzoneClusterImpl.java:stopSCM(542)) - Stopping the StorageContainerManager
2021-12-07 08:25:22,175 [Time-limited test] INFO  server.StorageContainerManager (StorageContainerManager.java:stop(1395)) - Stopping Container Balancer service.
2021-12-07 08:25:22,175 [Time-limited test] INFO  balancer.ContainerBalancer (ContainerBalancer.java:stop(734)) - Container Balancer is not running.
2021-12-07 08:25:22,175 [Time-limited test] INFO  server.StorageContainerManager (StorageContainerManager.java:stop(1402)) - Stopping Replication Manager Service.
2021-12-07 08:25:22,175 [Time-limited test] INFO  container.ReplicationManager (ReplicationManager.java:stop(350)) - Stopping Replication Monitor Thread.
2021-12-07 08:25:22,176 [Time-limited test] INFO  server.StorageContainerManager (StorageContainerManager.java:stop(1409)) - Stopping the Datanode Admin Monitor.
2021-12-07 08:25:22,176 [Time-limited test] INFO  server.StorageContainerManager (StorageContainerManager.java:stop(1416)) - Stopping Lease Manager of the command watchers
2021-12-07 08:25:22,176 [Time-limited test] INFO  server.StorageContainerManager (StorageContainerManager.java:stop(1423)) - Stopping datanode service RPC server
2021-12-07 08:25:22,176 [Time-limited test] INFO  server.SCMDatanodeProtocolServer (SCMDatanodeProtocolServer.java:stop(389)) - Stopping the RPC server for DataNodes
2021-12-07 08:25:22,176 [Time-limited test] INFO  ipc.Server (Server.java:stop(3414)) - Stopping server on 33331
2021-12-07 08:25:22,188 [IPC Server Responder] INFO  ipc.Server (Server.java:run(1512)) - Stopping IPC Server Responder
2021-12-07 08:25:22,188 [IPC Server listener on 33331] INFO  ipc.Server (Server.java:run(1376)) - Stopping IPC Server listener on 33331
2021-12-07 08:25:22,274 [SCM Heartbeat Processing Thread - 0] WARN  node.NodeStateManager (NodeStateManager.java:scheduleNextHealthCheck(799)) - Current Thread is interrupted, shutting down HB processing thread for Node Manager.
2021-12-07 08:25:22,275 [Time-limited test] INFO  server.StorageContainerManager (StorageContainerManager.java:stop(1431)) - Stopping block service RPC server
2021-12-07 08:25:22,275 [Time-limited test] INFO  server.SCMBlockProtocolServer (SCMBlockProtocolServer.java:stop(160)) - Stopping the RPC server for Block Protocol
2021-12-07 08:25:22,276 [Time-limited test] INFO  ipc.Server (Server.java:stop(3414)) - Stopping server on 39199
2021-12-07 08:25:22,285 [IPC Server listener on 39199] INFO  ipc.Server (Server.java:run(1376)) - Stopping IPC Server listener on 39199
2021-12-07 08:25:22,285 [Time-limited test] INFO  server.StorageContainerManager (StorageContainerManager.java:stop(1438)) - Stopping the StorageContainerLocationProtocol RPC server
2021-12-07 08:25:22,286 [Time-limited test] INFO  server.SCMClientProtocolServer (SCMClientProtocolServer.java:stop(173)) - Stopping the RPC server for Client Protocol
2021-12-07 08:25:22,286 [IPC Server Responder] INFO  ipc.Server (Server.java:run(1512)) - Stopping IPC Server Responder
2021-12-07 08:25:22,286 [Time-limited test] INFO  ipc.Server (Server.java:stop(3414)) - Stopping server on 34747
2021-12-07 08:25:22,297 [Time-limited test] INFO  server.StorageContainerManager (StorageContainerManager.java:stop(1445)) - Stopping Storage Container Manager HTTP server.
2021-12-07 08:25:22,297 [IPC Server listener on 34747] INFO  ipc.Server (Server.java:run(1376)) - Stopping IPC Server listener on 34747
2021-12-07 08:25:22,304 [IPC Server Responder] INFO  ipc.Server (Server.java:run(1512)) - Stopping IPC Server Responder
2021-12-07 08:25:22,304 [Time-limited test] INFO  handler.ContextHandler (ContextHandler.java:doStop(1153)) - Stopped o.e.j.w.WebAppContext@5b8c1b7c{scm,/,null,STOPPED}{file:/home/runner/work/ozone/ozone/hadoop-ozone/integration-test/target/test-classes/webapps/scm}
2021-12-07 08:25:22,304 [Time-limited test] INFO  server.AbstractConnector (AbstractConnector.java:doStop(381)) - Stopped ServerConnector@26153c9e{HTTP/1.1, (http/1.1)}{0.0.0.0:34239}
2021-12-07 08:25:22,305 [Time-limited test] INFO  server.session (HouseKeeper.java:stopScavenging(149)) - node0 Stopped scavenging
2021-12-07 08:25:22,305 [Time-limited test] INFO  handler.ContextHandler (ContextHandler.java:doStop(1153)) - Stopped o.e.j.s.ServletContextHandler@4e9584ff{static,/static,file:///home/runner/work/ozone/ozone/hadoop-ozone/integration-test/target/test-classes/webapps/static,STOPPED}
2021-12-07 08:25:22,317 [Time-limited test] INFO  handler.ContextHandler (ContextHandler.java:doStop(1153)) - Stopped o.e.j.s.ServletContextHandler@712f9de0{logs,/logs,file:///home/runner/work/ozone/ozone/hadoop-ozone/integration-test/target/log,STOPPED}
2021-12-07 08:25:22,317 [Time-limited test] INFO  server.StorageContainerManager (StorageContainerManager.java:stop(1456)) - Stopping Block Manager Service.
2021-12-07 08:25:22,318 [Time-limited test] INFO  utils.BackgroundService (BackgroundService.java:shutdown(132)) - Shutting down service SCMBlockDeletingService
2021-12-07 08:25:22,318 [Time-limited test] INFO  utils.BackgroundService (BackgroundService.java:shutdown(132)) - Shutting down service SCMBlockDeletingService
2021-12-07 08:25:22,318 [Time-limited test] INFO  server.StorageContainerManager (StorageContainerManager.java:stop(1483)) - Stopping SCM Event Queue.
2021-12-07 08:25:22,319 [Time-limited test] INFO  server.StorageContainerManager (StorageContainerManager.java:stop(1494)) - Stopping SCM HA services.
2021-12-07 08:25:22,319 [Time-limited test] INFO  pipeline.BackgroundPipelineCreator (BackgroundPipelineCreator.java:stop(158)) - Stopping RatisPipelineUtilsThread.
2021-12-07 08:25:22,319 [Time-limited test] INFO  server.StorageContainerManager (StorageContainerManager.java:stop(1504)) - Stopping SCM MetadataStore.
2021-12-07 08:25:22,331 [Time-limited test] INFO  impl.MetricsSystemImpl (MetricsSystemImpl.java:stop(210)) - Stopping StorageContainerManager metrics system...
2021-12-07 08:25:22,359 [prometheus] INFO  impl.MetricsSinkAdapter (MetricsSinkAdapter.java:publishMetricsFromQueue(141)) - prometheus thread interrupted.
2021-12-07 08:25:22,360 [Time-limited test] INFO  impl.MetricsSystemImpl (MetricsSystemImpl.java:stop(216)) - StorageContainerManager metrics system stopped.
]]></system-out>
  </testcase>
  <testcase name="testDatanodeIDPersistent" classname="org.apache.hadoop.ozone.TestMiniOzoneCluster" time="0.058"/>
  <testcase name="testContainerRandomPort" classname="org.apache.hadoop.ozone.TestMiniOzoneCluster" time="40.82"/>
</testsuite>