<?xml version="1.0" encoding="UTF-8"?>
<testsuite xmlns:xsi="http://www.w3.org/2001/XMLSchema-instance" xsi:noNamespaceSchemaLocation="https://maven.apache.org/surefire/maven-surefire-plugin/xsd/surefire-test-report.xsd" name="org.apache.hadoop.ozone.om.TestAddRemoveOzoneManager" time="242.64" tests="4" errors="0" skipped="0" failures="1">
  <properties>
    <property name="awt.toolkit" value="sun.awt.X11.XToolkit"/>
    <property name="file.encoding.pkg" value="sun.io"/>
    <property name="java.specification.version" value="1.8"/>
    <property name="sun.cpu.isalist" value=""/>
    <property name="sun.jnu.encoding" value="UTF-8"/>
    <property name="java.class.path" value="/home/runner/work/ozone/ozone/hadoop-ozone/integration-test/target/test-classes:/home/runner/work/ozone/ozone/hadoop-ozone/integration-test/target/classes:/home/runner/.m2/repository/org/apache/ozone/ozone-common/1.3.0-SNAPSHOT/ozone-common-1.3.0-SNAPSHOT.jar:/home/runner/.m2/repository/org/apache/commons/commons-compress/1.21/commons-compress-1.21.jar:/home/runner/.m2/repository/org/apache/ozone/hdds-common/1.3.0-SNAPSHOT/hdds-common-1.3.0-SNAPSHOT.jar:/home/runner/.m2/repository/org/apache/ozone/hdds-client/1.3.0-SNAPSHOT/hdds-client-1.3.0-SNAPSHOT.jar:/home/runner/.m2/repository/org/apache/ozone/ozone-interface-client/1.3.0-SNAPSHOT/ozone-interface-client-1.3.0-SNAPSHOT.jar:/home/runner/.m2/repository/org/apache/ozone/hdds-test-utils/1.3.0-SNAPSHOT/hdds-test-utils-1.3.0-SNAPSHOT.jar:/home/runner/.m2/repository/com/google/guava/guava/30.1.1-jre/guava-30.1.1-jre.jar:/home/runner/.m2/repository/com/google/guava/failureaccess/1.0.1/failureaccess-1.0.1.jar:/home/runner/.m2/repository/com/google/guava/listenablefuture/9999.0-empty-to-avoid-conflict-with-guava/listenablefuture-9999.0-empty-to-avoid-conflict-with-guava.jar:/home/runner/.m2/repository/com/google/code/findbugs/jsr305/3.0.0/jsr305-3.0.0.jar:/home/runner/.m2/repository/org/checkerframework/checker-qual/3.8.0/checker-qual-3.8.0.jar:/home/runner/.m2/repository/com/google/errorprone/error_prone_annotations/2.2.0/error_prone_annotations-2.2.0.jar:/home/runner/.m2/repository/com/google/j2objc/j2objc-annotations/1.3/j2objc-annotations-1.3.jar:/home/runner/.m2/repository/commons-io/commons-io/2.11.0/commons-io-2.11.0.jar:/home/runner/.m2/repository/commons-logging/commons-logging/1.2/commons-logging-1.2.jar:/home/runner/.m2/repository/log4j/log4j/1.2.17/log4j-1.2.17.jar:/home/runner/.m2/repository/org/slf4j/slf4j-api/1.7.30/slf4j-api-1.7.30.jar:/home/runner/.m2/repository/org/apache/ozone/hdds-server-scm/1.3.0-SNAPSHOT/hdds-server-scm-1.3.0-SNAPSHOT.jar:/home/runner/.m2/repository/org/apache/ozone/hdds-container-service/1.3.0-SNAPSHOT/hdds-container-service-1.3.0-SNAPSHOT.jar:/home/runner/.m2/repository/org/apache/ozone/hdds-hadoop-dependency-server/1.3.0-SNAPSHOT/hdds-hadoop-dependency-server-1.3.0-SNAPSHOT.jar:/home/runner/.m2/repository/org/apache/hadoop/hadoop-hdfs/3.3.1/hadoop-hdfs-3.3.1.jar:/home/runner/.m2/repository/org/apache/ozone/hdds-server-framework/1.3.0-SNAPSHOT/hdds-server-framework-1.3.0-SNAPSHOT.jar:/home/runner/.m2/repository/org/apache/ozone/hdds-interface-server/1.3.0-SNAPSHOT/hdds-interface-server-1.3.0-SNAPSHOT.jar:/home/runner/.m2/repository/org/eclipse/jetty/jetty-servlet/9.4.43.v20210629/jetty-servlet-9.4.43.v20210629.jar:/home/runner/.m2/repository/org/eclipse/jetty/jetty-security/9.4.43.v20210629/jetty-security-9.4.43.v20210629.jar:/home/runner/.m2/repository/org/rocksdb/rocksdbjni/6.25.3/rocksdbjni-6.25.3.jar:/home/runner/.m2/repository/io/prometheus/simpleclient_dropwizard/0.7.0/simpleclient_dropwizard-0.7.0.jar:/home/runner/.m2/repository/io/prometheus/simpleclient/0.7.0/simpleclient-0.7.0.jar:/home/runner/.m2/repository/io/prometheus/simpleclient_common/0.7.0/simpleclient_common-0.7.0.jar:/home/runner/.m2/repository/com/fasterxml/jackson/datatype/jackson-datatype-jsr310/2.12.1/jackson-datatype-jsr310-2.12.1.jar:/home/runner/.m2/repository/io/dropwizard/metrics/metrics-core/3.2.4/metrics-core-3.2.4.jar:/home/runner/.m2/repository/org/apache/hadoop/hadoop-hdfs-client/3.3.1/hadoop-hdfs-client-3.3.1.jar:/home/runner/.m2/repository/org/bouncycastle/bcprov-jdk15on/1.67/bcprov-jdk15on-1.67.jar:/home/runner/.m2/repository/com/google/protobuf/protobuf-java/2.5.0/protobuf-java-2.5.0.jar:/home/runner/.m2/repository/org/apache/ozone/ozone-manager/1.3.0-SNAPSHOT/ozone-manager-1.3.0-SNAPSHOT.jar:/home/runner/.m2/repository/org/aspectj/aspectjrt/1.9.7/aspectjrt-1.9.7.jar:/home/runner/.m2/repository/org/aspectj/aspectjweaver/1.9.7/aspectjweaver-1.9.7.jar:/home/runner/.m2/repository/org/apache/ozone/hdds-interface-client/1.3.0-SNAPSHOT/hdds-interface-client-1.3.0-SNAPSHOT.jar:/home/runner/.m2/repository/org/apache/hadoop/thirdparty/hadoop-shaded-protobuf_3_7/1.1.1/hadoop-shaded-protobuf_3_7-1.1.1.jar:/home/runner/.m2/repository/org/apache/ozone/ozone-interface-storage/1.3.0-SNAPSHOT/ozone-interface-storage-1.3.0-SNAPSHOT.jar:/home/runner/.m2/repository/org/reflections/reflections/0.9.11/reflections-0.9.11.jar:/home/runner/.m2/repository/org/apache/hadoop/hadoop-minikdc/3.3.1/hadoop-minikdc-3.3.1.jar:/home/runner/.m2/repository/org/apache/kerby/kerb-simplekdc/1.0.1/kerb-simplekdc-1.0.1.jar:/home/runner/.m2/repository/org/apache/kerby/kerb-client/1.0.1/kerb-client-1.0.1.jar:/home/runner/.m2/repository/org/apache/kerby/kerby-config/1.0.1/kerby-config-1.0.1.jar:/home/runner/.m2/repository/org/apache/kerby/kerb-common/1.0.1/kerb-common-1.0.1.jar:/home/runner/.m2/repository/org/apache/kerby/kerb-crypto/1.0.1/kerb-crypto-1.0.1.jar:/home/runner/.m2/repository/org/apache/kerby/kerb-util/1.0.1/kerb-util-1.0.1.jar:/home/runner/.m2/repository/org/apache/kerby/token-provider/1.0.1/token-provider-1.0.1.jar:/home/runner/.m2/repository/org/apache/kerby/kerb-admin/1.0.1/kerb-admin-1.0.1.jar:/home/runner/.m2/repository/org/apache/kerby/kerb-server/1.0.1/kerb-server-1.0.1.jar:/home/runner/.m2/repository/org/apache/kerby/kerb-identity/1.0.1/kerb-identity-1.0.1.jar:/home/runner/.m2/repository/org/apache/kerby/kerby-xdr/1.0.1/kerby-xdr-1.0.1.jar:/home/runner/.m2/repository/org/slf4j/slf4j-log4j12/1.7.30/slf4j-log4j12-1.7.30.jar:/home/runner/.m2/repository/org/apache/ozone/ozone-s3gateway/1.3.0-SNAPSHOT/ozone-s3gateway-1.3.0-SNAPSHOT.jar:/home/runner/.m2/repository/org/javassist/javassist/3.21.0-GA/javassist-3.21.0-GA.jar:/home/runner/.m2/repository/org/jboss/weld/servlet/weld-servlet/2.4.7.Final/weld-servlet-2.4.7.Final.jar:/home/runner/.m2/repository/org/glassfish/jersey/containers/jersey-container-servlet-core/2.33/jersey-container-servlet-core-2.33.jar:/home/runner/.m2/repository/org/glassfish/hk2/external/jakarta.inject/2.6.1/jakarta.inject-2.6.1.jar:/home/runner/.m2/repository/org/glassfish/jersey/core/jersey-common/2.33/jersey-common-2.33.jar:/home/runner/.m2/repository/jakarta/ws/rs/jakarta.ws.rs-api/2.1.6/jakarta.ws.rs-api-2.1.6.jar:/home/runner/.m2/repository/org/glassfish/jersey/ext/cdi/jersey-cdi1x/2.33/jersey-cdi1x-2.33.jar:/home/runner/.m2/repository/org/glassfish/jersey/inject/jersey-hk2/2.33/jersey-hk2-2.33.jar:/home/runner/.m2/repository/org/glassfish/hk2/hk2-locator/2.6.1/hk2-locator-2.6.1.jar:/home/runner/.m2/repository/org/glassfish/jersey/media/jersey-media-jaxb/2.33/jersey-media-jaxb-2.33.jar:/home/runner/.m2/repository/org/glassfish/hk2/osgi-resource-locator/1.0.3/osgi-resource-locator-1.0.3.jar:/home/runner/.m2/repository/org/glassfish/hk2/hk2-api/2.5.0/hk2-api-2.5.0.jar:/home/runner/.m2/repository/org/glassfish/hk2/hk2-utils/2.5.0/hk2-utils-2.5.0.jar:/home/runner/.m2/repository/org/glassfish/hk2/external/aopalliance-repackaged/2.5.0/aopalliance-repackaged-2.5.0.jar:/home/runner/.m2/repository/com/fasterxml/jackson/dataformat/jackson-dataformat-xml/2.12.1/jackson-dataformat-xml-2.12.1.jar:/home/runner/.m2/repository/com/fasterxml/jackson/core/jackson-core/2.12.1/jackson-core-2.12.1.jar:/home/runner/.m2/repository/com/fasterxml/jackson/module/jackson-module-jaxb-annotations/2.12.1/jackson-module-jaxb-annotations-2.12.1.jar:/home/runner/.m2/repository/jakarta/xml/bind/jakarta.xml.bind-api/2.3.2/jakarta.xml.bind-api-2.3.2.jar:/home/runner/.m2/repository/org/codehaus/woodstox/stax2-api/3.1.4/stax2-api-3.1.4.jar:/home/runner/.m2/repository/com/fasterxml/woodstox/woodstox-core/5.0.3/woodstox-core-5.0.3.jar:/home/runner/.m2/repository/javax/enterprise/cdi-api/1.2/cdi-api-1.2.jar:/home/runner/.m2/repository/javax/el/javax.el-api/3.0.0/javax.el-api-3.0.0.jar:/home/runner/.m2/repository/javax/interceptor/javax.interceptor-api/1.2/javax.interceptor-api-1.2.jar:/home/runner/.m2/repository/javax/inject/javax.inject/1/javax.inject-1.jar:/home/runner/.m2/repository/javax/xml/bind/jaxb-api/2.3.0/jaxb-api-2.3.0.jar:/home/runner/.m2/repository/org/glassfish/jaxb/jaxb-runtime/2.3.0.1/jaxb-runtime-2.3.0.1.jar:/home/runner/.m2/repository/org/glassfish/jaxb/jaxb-core/2.3.0.1/jaxb-core-2.3.0.1.jar:/home/runner/.m2/repository/org/glassfish/jaxb/txw2/2.3.0.1/txw2-2.3.0.1.jar:/home/runner/.m2/repository/com/sun/istack/istack-commons-runtime/3.0.5/istack-commons-runtime-3.0.5.jar:/home/runner/.m2/repository/org/jvnet/staxex/stax-ex/1.7.8/stax-ex-1.7.8.jar:/home/runner/.m2/repository/com/sun/xml/fastinfoset/FastInfoset/1.2.13/FastInfoset-1.2.13.jar:/home/runner/.m2/repository/javax/activation/activation/1.1.1/activation-1.1.1.jar:/home/runner/.m2/repository/org/apache/ozone/ozone-csi/1.3.0-SNAPSHOT/ozone-csi-1.3.0-SNAPSHOT.jar:/home/runner/.m2/repository/com/google/protobuf/protobuf-java-util/3.12.0/protobuf-java-util-3.12.0.jar:/home/runner/.m2/repository/com/google/code/gson/gson/2.2.4/gson-2.2.4.jar:/home/runner/.m2/repository/org/apache/ozone/hdds-config/1.3.0-SNAPSHOT/hdds-config-1.3.0-SNAPSHOT.jar:/home/runner/.m2/repository/io/grpc/grpc-netty/1.33.0/grpc-netty-1.33.0.jar:/home/runner/.m2/repository/io/grpc/grpc-core/1.33.0/grpc-core-1.33.0.jar:/home/runner/.m2/repository/com/google/android/annotations/4.1.1.4/annotations-4.1.1.4.jar:/home/runner/.m2/repository/io/netty/netty-codec-http2/4.1.63.Final/netty-codec-http2-4.1.63.Final.jar:/home/runner/.m2/repository/io/netty/netty-codec-http/4.1.63.Final/netty-codec-http-4.1.63.Final.jar:/home/runner/.m2/repository/io/netty/netty-handler-proxy/4.1.63.Final/netty-handler-proxy-4.1.63.Final.jar:/home/runner/.m2/repository/io/netty/netty-codec-socks/4.1.63.Final/netty-codec-socks-4.1.63.Final.jar:/home/runner/.m2/repository/io/perfmark/perfmark-api/0.19.0/perfmark-api-0.19.0.jar:/home/runner/.m2/repository/org/codehaus/mojo/animal-sniffer-annotations/1.18/animal-sniffer-annotations-1.18.jar:/home/runner/.m2/repository/io/netty/netty-transport-native-epoll/4.1.63.Final/netty-transport-native-epoll-4.1.63.Final.jar:/home/runner/.m2/repository/io/netty/netty-common/4.1.63.Final/netty-common-4.1.63.Final.jar:/home/runner/.m2/repository/io/netty/netty-buffer/4.1.63.Final/netty-buffer-4.1.63.Final.jar:/home/runner/.m2/repository/io/netty/netty-transport-native-unix-common/4.1.63.Final/netty-transport-native-unix-common-4.1.63.Final.jar:/home/runner/.m2/repository/io/grpc/grpc-protobuf/1.33.0/grpc-protobuf-1.33.0.jar:/home/runner/.m2/repository/io/grpc/grpc-api/1.33.0/grpc-api-1.33.0.jar:/home/runner/.m2/repository/io/grpc/grpc-context/1.33.0/grpc-context-1.33.0.jar:/home/runner/.m2/repository/com/google/api/grpc/proto-google-common-protos/1.17.0/proto-google-common-protos-1.17.0.jar:/home/runner/.m2/repository/io/grpc/grpc-protobuf-lite/1.33.0/grpc-protobuf-lite-1.33.0.jar:/home/runner/.m2/repository/io/grpc/grpc-stub/1.33.0/grpc-stub-1.33.0.jar:/home/runner/.m2/repository/org/apache/ozone/ozone-recon/1.3.0-SNAPSHOT/ozone-recon-1.3.0-SNAPSHOT.jar:/home/runner/.m2/repository/org/apache/ozone/ozone-reconcodegen/1.3.0-SNAPSHOT/ozone-reconcodegen-1.3.0-SNAPSHOT.jar:/home/runner/.m2/repository/com/google/inject/extensions/guice-multibindings/4.0/guice-multibindings-4.0.jar:/home/runner/.m2/repository/com/google/inject/guice/4.0/guice-4.0.jar:/home/runner/.m2/repository/aopalliance/aopalliance/1.0/aopalliance-1.0.jar:/home/runner/.m2/repository/com/google/inject/extensions/guice-assistedinject/4.0/guice-assistedinject-4.0.jar:/home/runner/.m2/repository/com/google/inject/extensions/guice-servlet/4.0/guice-servlet-4.0.jar:/home/runner/.m2/repository/org/glassfish/jersey/containers/jersey-container-servlet/2.33/jersey-container-servlet-2.33.jar:/home/runner/.m2/repository/org/glassfish/hk2/guice-bridge/2.5.0/guice-bridge-2.5.0.jar:/home/runner/.m2/repository/org/glassfish/jersey/core/jersey-server/2.33/jersey-server-2.33.jar:/home/runner/.m2/repository/org/glassfish/jersey/core/jersey-client/2.33/jersey-client-2.33.jar:/home/runner/.m2/repository/jakarta/annotation/jakarta.annotation-api/1.3.5/jakarta.annotation-api-1.3.5.jar:/home/runner/.m2/repository/jakarta/validation/jakarta.validation-api/2.0.2/jakarta.validation-api-2.0.2.jar:/home/runner/.m2/repository/org/glassfish/jersey/media/jersey-media-json-jackson/2.33/jersey-media-json-jackson-2.33.jar:/home/runner/.m2/repository/org/glassfish/jersey/ext/jersey-entity-filtering/2.33/jersey-entity-filtering-2.33.jar:/home/runner/.m2/repository/org/jooq/jooq/3.11.10/jooq-3.11.10.jar:/home/runner/.m2/repository/org/jooq/jooq-meta/3.11.10/jooq-meta-3.11.10.jar:/home/runner/.m2/repository/org/jooq/jooq-codegen/3.11.10/jooq-codegen-3.11.10.jar:/home/runner/.m2/repository/com/jolbox/bonecp/0.8.0.RELEASE/bonecp-0.8.0.RELEASE.jar:/home/runner/.m2/repository/org/apache/derby/derby/10.14.2.0/derby-10.14.2.0.jar:/home/runner/.m2/repository/org/xerial/sqlite-jdbc/3.25.2/sqlite-jdbc-3.25.2.jar:/home/runner/.m2/repository/org/springframework/spring-jdbc/5.2.18.RELEASE/spring-jdbc-5.2.18.RELEASE.jar:/home/runner/.m2/repository/org/springframework/spring-beans/5.2.18.RELEASE/spring-beans-5.2.18.RELEASE.jar:/home/runner/.m2/repository/org/springframework/spring-core/5.2.18.RELEASE/spring-core-5.2.18.RELEASE.jar:/home/runner/.m2/repository/org/springframework/spring-jcl/5.2.18.RELEASE/spring-jcl-5.2.18.RELEASE.jar:/home/runner/.m2/repository/org/springframework/spring-tx/5.2.18.RELEASE/spring-tx-5.2.18.RELEASE.jar:/home/runner/.m2/repository/org/apache/ozone/ozone-client/1.3.0-SNAPSHOT/ozone-client-1.3.0-SNAPSHOT.jar:/home/runner/.m2/repository/org/apache/ozone/ozone-filesystem/1.3.0-SNAPSHOT/ozone-filesystem-1.3.0-SNAPSHOT.jar:/home/runner/.m2/repository/org/apache/ozone/ozone-filesystem-common/1.3.0-SNAPSHOT/ozone-filesystem-common-1.3.0-SNAPSHOT.jar:/home/runner/.m2/repository/org/apache/ozone/ozone-tools/1.3.0-SNAPSHOT/ozone-tools-1.3.0-SNAPSHOT.jar:/home/runner/.m2/repository/org/apache/ratis/ratis-tools/2.2.0/ratis-tools-2.2.0.jar:/home/runner/.m2/repository/com/amazonaws/aws-java-sdk-core/1.12.124/aws-java-sdk-core-1.12.124.jar:/home/runner/.m2/repository/org/apache/httpcomponents/httpclient/4.5.13/httpclient-4.5.13.jar:/home/runner/.m2/repository/org/apache/httpcomponents/httpcore/4.4.13/httpcore-4.4.13.jar:/home/runner/.m2/repository/software/amazon/ion/ion-java/1.0.2/ion-java-1.0.2.jar:/home/runner/.m2/repository/com/fasterxml/jackson/dataformat/jackson-dataformat-cbor/2.12.1/jackson-dataformat-cbor-2.12.1.jar:/home/runner/.m2/repository/joda-time/joda-time/2.8.1/joda-time-2.8.1.jar:/home/runner/.m2/repository/com/amazonaws/aws-java-sdk-s3/1.12.124/aws-java-sdk-s3-1.12.124.jar:/home/runner/.m2/repository/com/amazonaws/aws-java-sdk-kms/1.12.124/aws-java-sdk-kms-1.12.124.jar:/home/runner/.m2/repository/com/amazonaws/jmespath-java/1.12.124/jmespath-java-1.12.124.jar:/home/runner/.m2/repository/org/kohsuke/metainf-services/metainf-services/1.8/metainf-services-1.8.jar:/home/runner/.m2/repository/org/apache/ozone/hdds-tools/1.3.0-SNAPSHOT/hdds-tools-1.3.0-SNAPSHOT.jar:/home/runner/.m2/repository/commons-cli/commons-cli/1.2/commons-cli-1.2.jar:/home/runner/.m2/repository/org/apache/commons/commons-lang3/3.7/commons-lang3-3.7.jar:/home/runner/.m2/repository/org/apache/ozone/ozone-manager/1.3.0-SNAPSHOT/ozone-manager-1.3.0-SNAPSHOT-tests.jar:/home/runner/.m2/repository/org/apache/ozone/hdds-common/1.3.0-SNAPSHOT/hdds-common-1.3.0-SNAPSHOT-tests.jar:/home/runner/.m2/repository/org/apache/ozone/hdds-hadoop-dependency-client/1.3.0-SNAPSHOT/hdds-hadoop-dependency-client-1.3.0-SNAPSHOT.jar:/home/runner/.m2/repository/info/picocli/picocli/4.6.1/picocli-4.6.1.jar:/home/runner/.m2/repository/com/fasterxml/jackson/core/jackson-annotations/2.12.1/jackson-annotations-2.12.1.jar:/home/runner/.m2/repository/javax/annotation/javax.annotation-api/1.2/javax.annotation-api-1.2.jar:/home/runner/.m2/repository/org/apache/ratis/ratis-server/2.2.0/ratis-server-2.2.0.jar:/home/runner/.m2/repository/org/apache/ratis/ratis-client/2.2.0/ratis-client-2.2.0.jar:/home/runner/.m2/repository/org/apache/ratis/ratis-server-api/2.2.0/ratis-server-api-2.2.0.jar:/home/runner/.m2/repository/org/apache/ratis/ratis-metrics/2.2.0/ratis-metrics-2.2.0.jar:/home/runner/.m2/repository/org/apache/ratis/ratis-netty/2.2.0/ratis-netty-2.2.0.jar:/home/runner/.m2/repository/org/apache/ratis/ratis-grpc/2.2.0/ratis-grpc-2.2.0.jar:/home/runner/.m2/repository/org/apache/logging/log4j/log4j-api/2.17.1/log4j-api-2.17.1.jar:/home/runner/.m2/repository/org/apache/logging/log4j/log4j-core/2.17.1/log4j-core-2.17.1.jar:/home/runner/.m2/repository/com/lmax/disruptor/3.4.2/disruptor-3.4.2.jar:/home/runner/.m2/repository/org/apache/commons/commons-pool2/2.6.0/commons-pool2-2.6.0.jar:/home/runner/.m2/repository/org/bouncycastle/bcpkix-jdk15on/1.67/bcpkix-jdk15on-1.67.jar:/home/runner/.m2/repository/commons-validator/commons-validator/1.6/commons-validator-1.6.jar:/home/runner/.m2/repository/commons-beanutils/commons-beanutils/1.9.4/commons-beanutils-1.9.4.jar:/home/runner/.m2/repository/commons-digester/commons-digester/1.8.1/commons-digester-1.8.1.jar:/home/runner/.m2/repository/commons-collections/commons-collections/3.2.2/commons-collections-3.2.2.jar:/home/runner/.m2/repository/io/jaegertracing/jaeger-client/1.6.0/jaeger-client-1.6.0.jar:/home/runner/.m2/repository/io/jaegertracing/jaeger-thrift/1.6.0/jaeger-thrift-1.6.0.jar:/home/runner/.m2/repository/org/apache/thrift/libthrift/0.14.1/libthrift-0.14.1.jar:/home/runner/.m2/repository/com/squareup/okhttp3/okhttp/4.9.0/okhttp-4.9.0.jar:/home/runner/.m2/repository/com/squareup/okio/okio/2.8.0/okio-2.8.0.jar:/home/runner/.m2/repository/io/jaegertracing/jaeger-core/1.6.0/jaeger-core-1.6.0.jar:/home/runner/.m2/repository/io/jaegertracing/jaeger-tracerresolver/1.6.0/jaeger-tracerresolver-1.6.0.jar:/home/runner/.m2/repository/io/opentracing/contrib/opentracing-tracerresolver/0.1.8/opentracing-tracerresolver-0.1.8.jar:/home/runner/.m2/repository/org/jetbrains/kotlin/kotlin-stdlib/1.4.31/kotlin-stdlib-1.4.31.jar:/home/runner/.m2/repository/org/jetbrains/kotlin/kotlin-stdlib-common/1.4.31/kotlin-stdlib-common-1.4.31.jar:/home/runner/.m2/repository/org/jetbrains/annotations/13.0/annotations-13.0.jar:/home/runner/.m2/repository/io/opentracing/opentracing-util/0.33.0/opentracing-util-0.33.0.jar:/home/runner/.m2/repository/io/opentracing/opentracing-api/0.33.0/opentracing-api-0.33.0.jar:/home/runner/.m2/repository/io/opentracing/opentracing-noop/0.33.0/opentracing-noop-0.33.0.jar:/home/runner/.m2/repository/org/yaml/snakeyaml/1.26/snakeyaml-1.26.jar:/home/runner/.m2/repository/org/apache/ozone/hdds-interface-admin/1.3.0-SNAPSHOT/hdds-interface-admin-1.3.0-SNAPSHOT.jar:/home/runner/.m2/repository/junit/junit/4.13.1/junit-4.13.1.jar:/home/runner/.m2/repository/org/hamcrest/hamcrest-core/1.3/hamcrest-core-1.3.jar:/home/runner/.m2/repository/org/junit/jupiter/junit-jupiter-api/5.7.0/junit-jupiter-api-5.7.0.jar:/home/runner/.m2/repository/org/apiguardian/apiguardian-api/1.1.0/apiguardian-api-1.1.0.jar:/home/runner/.m2/repository/org/opentest4j/opentest4j/1.2.0/opentest4j-1.2.0.jar:/home/runner/.m2/repository/org/junit/platform/junit-platform-commons/1.7.0/junit-platform-commons-1.7.0.jar:/home/runner/.m2/repository/org/junit/jupiter/junit-jupiter-engine/5.7.0/junit-jupiter-engine-5.7.0.jar:/home/runner/.m2/repository/org/junit/platform/junit-platform-engine/1.7.0/junit-platform-engine-1.7.0.jar:/home/runner/.m2/repository/org/junit/vintage/junit-vintage-engine/5.7.0/junit-vintage-engine-5.7.0.jar:/home/runner/.m2/repository/org/junit/platform/junit-platform-launcher/1.7.0/junit-platform-launcher-1.7.0.jar:/home/runner/.m2/repository/org/mockito/mockito-core/2.28.2/mockito-core-2.28.2.jar:/home/runner/.m2/repository/net/bytebuddy/byte-buddy/1.9.10/byte-buddy-1.9.10.jar:/home/runner/.m2/repository/net/bytebuddy/byte-buddy-agent/1.9.10/byte-buddy-agent-1.9.10.jar:/home/runner/.m2/repository/org/objenesis/objenesis/1.0/objenesis-1.0.jar:/home/runner/.m2/repository/org/apache/hadoop/hadoop-kms/3.3.1/hadoop-kms-3.3.1.jar:/home/runner/.m2/repository/org/apache/hadoop/hadoop-auth/3.3.1/hadoop-auth-3.3.1.jar:/home/runner/.m2/repository/com/nimbusds/nimbus-jose-jwt/7.9/nimbus-jose-jwt-7.9.jar:/home/runner/.m2/repository/com/github/stephenc/jcip/jcip-annotations/1.0-1/jcip-annotations-1.0-1.jar:/home/runner/.m2/repository/net/minidev/json-smart/2.4.7/json-smart-2.4.7.jar:/home/runner/.m2/repository/net/minidev/accessors-smart/2.4.7/accessors-smart-2.4.7.jar:/home/runner/.m2/repository/org/ow2/asm/asm/5.0.4/asm-5.0.4.jar:/home/runner/.m2/repository/org/apache/zookeeper/zookeeper/3.5.6/zookeeper-3.5.6.jar:/home/runner/.m2/repository/org/apache/zookeeper/zookeeper-jute/3.5.6/zookeeper-jute-3.5.6.jar:/home/runner/.m2/repository/org/apache/yetus/audience-annotations/0.5.0/audience-annotations-0.5.0.jar:/home/runner/.m2/repository/org/apache/curator/curator-framework/4.2.0/curator-framework-4.2.0.jar:/home/runner/.m2/repository/org/apache/hadoop/thirdparty/hadoop-shaded-guava/1.1.1/hadoop-shaded-guava-1.1.1.jar:/home/runner/.m2/repository/com/sun/jersey/jersey-core/1.19/jersey-core-1.19.jar:/home/runner/.m2/repository/javax/ws/rs/jsr311-api/1.1.1/jsr311-api-1.1.1.jar:/home/runner/.m2/repository/com/sun/jersey/jersey-server/1.19/jersey-server-1.19.jar:/home/runner/.m2/repository/javax/servlet/javax.servlet-api/3.1.0/javax.servlet-api-3.1.0.jar:/home/runner/.m2/repository/org/eclipse/jetty/jetty-server/9.4.43.v20210629/jetty-server-9.4.43.v20210629.jar:/home/runner/.m2/repository/org/eclipse/jetty/jetty-http/9.4.43.v20210629/jetty-http-9.4.43.v20210629.jar:/home/runner/.m2/repository/org/eclipse/jetty/jetty-io/9.4.43.v20210629/jetty-io-9.4.43.v20210629.jar:/home/runner/.m2/repository/org/eclipse/jetty/jetty-webapp/9.4.43.v20210629/jetty-webapp-9.4.43.v20210629.jar:/home/runner/.m2/repository/org/eclipse/jetty/jetty-xml/9.4.43.v20210629/jetty-xml-9.4.43.v20210629.jar:/home/runner/.m2/repository/org/apache/hadoop/hadoop-common/3.3.1/hadoop-common-3.3.1.jar:/home/runner/.m2/repository/org/apache/commons/commons-math3/3.1.1/commons-math3-3.1.1.jar:/home/runner/.m2/repository/commons-net/commons-net/3.6/commons-net-3.6.jar:/home/runner/.m2/repository/jakarta/activation/jakarta.activation-api/1.2.1/jakarta.activation-api-1.2.1.jar:/home/runner/.m2/repository/com/sun/jersey/jersey-servlet/1.19/jersey-servlet-1.19.jar:/home/runner/.m2/repository/com/sun/jersey/jersey-json/1.19/jersey-json-1.19.jar:/home/runner/.m2/repository/org/codehaus/jettison/jettison/1.1/jettison-1.1.jar:/home/runner/.m2/repository/com/sun/xml/bind/jaxb-impl/2.2.3-1/jaxb-impl-2.2.3-1.jar:/home/runner/.m2/repository/org/codehaus/jackson/jackson-jaxrs/1.9.2/jackson-jaxrs-1.9.2.jar:/home/runner/.m2/repository/org/codehaus/jackson/jackson-xc/1.9.2/jackson-xc-1.9.2.jar:/home/runner/.m2/repository/org/apache/commons/commons-configuration2/2.1.1/commons-configuration2-2.1.1.jar:/home/runner/.m2/repository/org/apache/commons/commons-text/1.4/commons-text-1.4.jar:/home/runner/.m2/repository/com/google/re2j/re2j/1.1/re2j-1.1.jar:/home/runner/.m2/repository/com/jcraft/jsch/0.1.54/jsch-0.1.54.jar:/home/runner/.m2/repository/org/apache/curator/curator-client/4.2.0/curator-client-4.2.0.jar:/home/runner/.m2/repository/org/apache/curator/curator-recipes/4.2.0/curator-recipes-4.2.0.jar:/home/runner/.m2/repository/org/apache/kerby/kerb-core/1.0.1/kerb-core-1.0.1.jar:/home/runner/.m2/repository/org/apache/kerby/kerby-pkix/1.0.1/kerby-pkix-1.0.1.jar:/home/runner/.m2/repository/org/apache/kerby/kerby-asn1/1.0.1/kerby-asn1-1.0.1.jar:/home/runner/.m2/repository/org/apache/kerby/kerby-util/1.0.1/kerby-util-1.0.1.jar:/home/runner/.m2/repository/dnsjava/dnsjava/2.1.7/dnsjava-2.1.7.jar:/home/runner/.m2/repository/org/xerial/snappy/snappy-java/1.1.8.2/snappy-java-1.1.8.2.jar:/home/runner/.m2/repository/org/slf4j/jul-to-slf4j/1.7.30/jul-to-slf4j-1.7.30.jar:/home/runner/.m2/repository/org/eclipse/jetty/jetty-util/9.4.43.v20210629/jetty-util-9.4.43.v20210629.jar:/home/runner/.m2/repository/com/fasterxml/jackson/core/jackson-databind/2.12.1/jackson-databind-2.12.1.jar:/home/runner/.m2/repository/org/apache/hadoop/hadoop-kms/3.3.1/hadoop-kms-3.3.1-tests.jar:/home/runner/.m2/repository/org/apache/ozone/hdds-server-scm/1.3.0-SNAPSHOT/hdds-server-scm-1.3.0-SNAPSHOT-tests.jar:/home/runner/.m2/repository/org/apache/ozone/hdds-container-service/1.3.0-SNAPSHOT/hdds-container-service-1.3.0-SNAPSHOT-tests.jar:/home/runner/.m2/repository/commons-codec/commons-codec/1.11/commons-codec-1.11.jar:/home/runner/.m2/repository/io/netty/netty-transport/4.1.63.Final/netty-transport-4.1.63.Final.jar:/home/runner/.m2/repository/io/netty/netty-resolver/4.1.63.Final/netty-resolver-4.1.63.Final.jar:/home/runner/.m2/repository/io/netty/netty-codec/4.1.63.Final/netty-codec-4.1.63.Final.jar:/home/runner/.m2/repository/io/netty/netty-handler/4.1.63.Final/netty-handler-4.1.63.Final.jar:/home/runner/.m2/repository/org/apache/ozone/hdds-hadoop-dependency-test/1.3.0-SNAPSHOT/hdds-hadoop-dependency-test-1.3.0-SNAPSHOT.jar:/home/runner/.m2/repository/org/apache/hadoop/hadoop-common/3.3.1/hadoop-common-3.3.1-tests.jar:/home/runner/.m2/repository/org/assertj/assertj-core/3.12.2/assertj-core-3.12.2.jar:/home/runner/.m2/repository/org/apache/hadoop/hadoop-hdfs/3.3.1/hadoop-hdfs-3.3.1-tests.jar:/home/runner/.m2/repository/org/eclipse/jetty/jetty-util-ajax/9.4.43.v20210629/jetty-util-ajax-9.4.43.v20210629.jar:/home/runner/.m2/repository/commons-daemon/commons-daemon/1.0.13/commons-daemon-1.0.13.jar:/home/runner/.m2/repository/io/netty/netty/3.10.6.Final/netty-3.10.6.Final.jar:/home/runner/.m2/repository/io/netty/netty-all/4.1.63.Final/netty-all-4.1.63.Final.jar:/home/runner/.m2/repository/org/apache/htrace/htrace-core4/4.1.0-incubating/htrace-core4-4.1.0-incubating.jar:/home/runner/.m2/repository/org/fusesource/leveldbjni/leveldbjni-all/1.8/leveldbjni-all-1.8.jar:/home/runner/.m2/repository/org/apache/hadoop/hadoop-distcp/3.3.1/hadoop-distcp-3.3.1.jar:/home/runner/.m2/repository/org/apache/hadoop/hadoop-mapreduce-client-jobclient/3.3.1/hadoop-mapreduce-client-jobclient-3.3.1.jar:/home/runner/.m2/repository/org/apache/hadoop/hadoop-mapreduce-client-common/3.3.1/hadoop-mapreduce-client-common-3.3.1.jar:/home/runner/.m2/repository/org/apache/hadoop/hadoop-yarn-common/3.3.1/hadoop-yarn-common-3.3.1.jar:/home/runner/.m2/repository/org/apache/hadoop/hadoop-yarn-api/3.3.1/hadoop-yarn-api-3.3.1.jar:/home/runner/.m2/repository/com/sun/jersey/jersey-client/1.19/jersey-client-1.19.jar:/home/runner/.m2/repository/com/sun/jersey/contribs/jersey-guice/1.19/jersey-guice-1.19.jar:/home/runner/.m2/repository/com/fasterxml/jackson/jaxrs/jackson-jaxrs-json-provider/2.12.1/jackson-jaxrs-json-provider-2.12.1.jar:/home/runner/.m2/repository/com/fasterxml/jackson/jaxrs/jackson-jaxrs-base/2.12.1/jackson-jaxrs-base-2.12.1.jar:/home/runner/.m2/repository/org/apache/hadoop/hadoop-yarn-client/3.3.1/hadoop-yarn-client-3.3.1.jar:/home/runner/.m2/repository/org/eclipse/jetty/websocket/websocket-client/9.4.40.v20210413/websocket-client-9.4.40.v20210413.jar:/home/runner/.m2/repository/org/eclipse/jetty/jetty-client/9.4.40.v20210413/jetty-client-9.4.40.v20210413.jar:/home/runner/.m2/repository/org/eclipse/jetty/websocket/websocket-common/9.4.40.v20210413/websocket-common-9.4.40.v20210413.jar:/home/runner/.m2/repository/org/eclipse/jetty/websocket/websocket-api/9.4.40.v20210413/websocket-api-9.4.40.v20210413.jar:/home/runner/.m2/repository/org/jline/jline/3.9.0/jline-3.9.0.jar:/home/runner/.m2/repository/org/apache/hadoop/hadoop-mapreduce-client-core/3.3.1/hadoop-mapreduce-client-core-3.3.1.jar:/home/runner/.m2/repository/org/apache/avro/avro/1.7.7/avro-1.7.7.jar:/home/runner/.m2/repository/org/codehaus/jackson/jackson-core-asl/1.9.13/jackson-core-asl-1.9.13.jar:/home/runner/.m2/repository/org/codehaus/jackson/jackson-mapper-asl/1.9.13/jackson-mapper-asl-1.9.13.jar:/home/runner/.m2/repository/com/thoughtworks/paranamer/paranamer/2.3/paranamer-2.3.jar:/home/runner/.m2/repository/org/apache/hadoop/hadoop-annotations/3.3.1/hadoop-annotations-3.3.1.jar:/usr/lib/jvm/temurin-8-jdk-amd64/jre/../lib/tools.jar:/home/runner/.m2/repository/org/apache/hadoop/hadoop-distcp/3.3.1/hadoop-distcp-3.3.1-tests.jar:/home/runner/.m2/repository/org/apache/ratis/ratis-common/2.2.0/ratis-common-2.2.0.jar:/home/runner/.m2/repository/org/apache/ratis/ratis-thirdparty-misc/0.7.0/ratis-thirdparty-misc-0.7.0.jar:/home/runner/.m2/repository/org/apache/ratis/ratis-proto/2.2.0/ratis-proto-2.2.0.jar:"/>
    <property name="java.vm.vendor" value="Temurin"/>
    <property name="sun.arch.data.model" value="64"/>
    <property name="test.build.dir" value="/home/runner/work/ozone/ozone/hadoop-ozone/integration-test/target/test-dir"/>
    <property name="test.cache.data" value=""/>
    <property name="java.vendor.url" value="https://adoptium.net/"/>
    <property name="user.timezone" value=""/>
    <property name="java.vm.specification.version" value="1.8"/>
    <property name="os.name" value="Linux"/>
    <property name="test.build.data" value="/home/runner/work/ozone/ozone/hadoop-ozone/integration-test/target/test-dir"/>
    <property name="sun.java.launcher" value="SUN_STANDARD"/>
    <property name="sun.boot.library.path" value="/usr/lib/jvm/temurin-8-jdk-amd64/jre/lib/amd64"/>
    <property name="sun.java.command" value="/home/runner/work/ozone/ozone/hadoop-ozone/integration-test/target/surefire/surefirebooter7977576785625833967.jar /home/runner/work/ozone/ozone/hadoop-ozone/integration-test/target/surefire 2022-02-16T12-48-39_412-jvmRun1 surefire9217669797656140074tmp surefire_515063057158218652556tmp"/>
    <property name="surefire.test.class.path" value="/home/runner/work/ozone/ozone/hadoop-ozone/integration-test/target/test-classes:/home/runner/work/ozone/ozone/hadoop-ozone/integration-test/target/classes:/home/runner/.m2/repository/org/apache/ozone/ozone-common/1.3.0-SNAPSHOT/ozone-common-1.3.0-SNAPSHOT.jar:/home/runner/.m2/repository/org/apache/commons/commons-compress/1.21/commons-compress-1.21.jar:/home/runner/.m2/repository/org/apache/ozone/hdds-common/1.3.0-SNAPSHOT/hdds-common-1.3.0-SNAPSHOT.jar:/home/runner/.m2/repository/org/apache/ozone/hdds-client/1.3.0-SNAPSHOT/hdds-client-1.3.0-SNAPSHOT.jar:/home/runner/.m2/repository/org/apache/ozone/ozone-interface-client/1.3.0-SNAPSHOT/ozone-interface-client-1.3.0-SNAPSHOT.jar:/home/runner/.m2/repository/org/apache/ozone/hdds-test-utils/1.3.0-SNAPSHOT/hdds-test-utils-1.3.0-SNAPSHOT.jar:/home/runner/.m2/repository/com/google/guava/guava/30.1.1-jre/guava-30.1.1-jre.jar:/home/runner/.m2/repository/com/google/guava/failureaccess/1.0.1/failureaccess-1.0.1.jar:/home/runner/.m2/repository/com/google/guava/listenablefuture/9999.0-empty-to-avoid-conflict-with-guava/listenablefuture-9999.0-empty-to-avoid-conflict-with-guava.jar:/home/runner/.m2/repository/com/google/code/findbugs/jsr305/3.0.0/jsr305-3.0.0.jar:/home/runner/.m2/repository/org/checkerframework/checker-qual/3.8.0/checker-qual-3.8.0.jar:/home/runner/.m2/repository/com/google/errorprone/error_prone_annotations/2.2.0/error_prone_annotations-2.2.0.jar:/home/runner/.m2/repository/com/google/j2objc/j2objc-annotations/1.3/j2objc-annotations-1.3.jar:/home/runner/.m2/repository/commons-io/commons-io/2.11.0/commons-io-2.11.0.jar:/home/runner/.m2/repository/commons-logging/commons-logging/1.2/commons-logging-1.2.jar:/home/runner/.m2/repository/log4j/log4j/1.2.17/log4j-1.2.17.jar:/home/runner/.m2/repository/org/slf4j/slf4j-api/1.7.30/slf4j-api-1.7.30.jar:/home/runner/.m2/repository/org/apache/ozone/hdds-server-scm/1.3.0-SNAPSHOT/hdds-server-scm-1.3.0-SNAPSHOT.jar:/home/runner/.m2/repository/org/apache/ozone/hdds-container-service/1.3.0-SNAPSHOT/hdds-container-service-1.3.0-SNAPSHOT.jar:/home/runner/.m2/repository/org/apache/ozone/hdds-hadoop-dependency-server/1.3.0-SNAPSHOT/hdds-hadoop-dependency-server-1.3.0-SNAPSHOT.jar:/home/runner/.m2/repository/org/apache/hadoop/hadoop-hdfs/3.3.1/hadoop-hdfs-3.3.1.jar:/home/runner/.m2/repository/org/apache/ozone/hdds-server-framework/1.3.0-SNAPSHOT/hdds-server-framework-1.3.0-SNAPSHOT.jar:/home/runner/.m2/repository/org/apache/ozone/hdds-interface-server/1.3.0-SNAPSHOT/hdds-interface-server-1.3.0-SNAPSHOT.jar:/home/runner/.m2/repository/org/eclipse/jetty/jetty-servlet/9.4.43.v20210629/jetty-servlet-9.4.43.v20210629.jar:/home/runner/.m2/repository/org/eclipse/jetty/jetty-security/9.4.43.v20210629/jetty-security-9.4.43.v20210629.jar:/home/runner/.m2/repository/org/rocksdb/rocksdbjni/6.25.3/rocksdbjni-6.25.3.jar:/home/runner/.m2/repository/io/prometheus/simpleclient_dropwizard/0.7.0/simpleclient_dropwizard-0.7.0.jar:/home/runner/.m2/repository/io/prometheus/simpleclient/0.7.0/simpleclient-0.7.0.jar:/home/runner/.m2/repository/io/prometheus/simpleclient_common/0.7.0/simpleclient_common-0.7.0.jar:/home/runner/.m2/repository/com/fasterxml/jackson/datatype/jackson-datatype-jsr310/2.12.1/jackson-datatype-jsr310-2.12.1.jar:/home/runner/.m2/repository/io/dropwizard/metrics/metrics-core/3.2.4/metrics-core-3.2.4.jar:/home/runner/.m2/repository/org/apache/hadoop/hadoop-hdfs-client/3.3.1/hadoop-hdfs-client-3.3.1.jar:/home/runner/.m2/repository/org/bouncycastle/bcprov-jdk15on/1.67/bcprov-jdk15on-1.67.jar:/home/runner/.m2/repository/com/google/protobuf/protobuf-java/2.5.0/protobuf-java-2.5.0.jar:/home/runner/.m2/repository/org/apache/ozone/ozone-manager/1.3.0-SNAPSHOT/ozone-manager-1.3.0-SNAPSHOT.jar:/home/runner/.m2/repository/org/aspectj/aspectjrt/1.9.7/aspectjrt-1.9.7.jar:/home/runner/.m2/repository/org/aspectj/aspectjweaver/1.9.7/aspectjweaver-1.9.7.jar:/home/runner/.m2/repository/org/apache/ozone/hdds-interface-client/1.3.0-SNAPSHOT/hdds-interface-client-1.3.0-SNAPSHOT.jar:/home/runner/.m2/repository/org/apache/hadoop/thirdparty/hadoop-shaded-protobuf_3_7/1.1.1/hadoop-shaded-protobuf_3_7-1.1.1.jar:/home/runner/.m2/repository/org/apache/ozone/ozone-interface-storage/1.3.0-SNAPSHOT/ozone-interface-storage-1.3.0-SNAPSHOT.jar:/home/runner/.m2/repository/org/reflections/reflections/0.9.11/reflections-0.9.11.jar:/home/runner/.m2/repository/org/apache/hadoop/hadoop-minikdc/3.3.1/hadoop-minikdc-3.3.1.jar:/home/runner/.m2/repository/org/apache/kerby/kerb-simplekdc/1.0.1/kerb-simplekdc-1.0.1.jar:/home/runner/.m2/repository/org/apache/kerby/kerb-client/1.0.1/kerb-client-1.0.1.jar:/home/runner/.m2/repository/org/apache/kerby/kerby-config/1.0.1/kerby-config-1.0.1.jar:/home/runner/.m2/repository/org/apache/kerby/kerb-common/1.0.1/kerb-common-1.0.1.jar:/home/runner/.m2/repository/org/apache/kerby/kerb-crypto/1.0.1/kerb-crypto-1.0.1.jar:/home/runner/.m2/repository/org/apache/kerby/kerb-util/1.0.1/kerb-util-1.0.1.jar:/home/runner/.m2/repository/org/apache/kerby/token-provider/1.0.1/token-provider-1.0.1.jar:/home/runner/.m2/repository/org/apache/kerby/kerb-admin/1.0.1/kerb-admin-1.0.1.jar:/home/runner/.m2/repository/org/apache/kerby/kerb-server/1.0.1/kerb-server-1.0.1.jar:/home/runner/.m2/repository/org/apache/kerby/kerb-identity/1.0.1/kerb-identity-1.0.1.jar:/home/runner/.m2/repository/org/apache/kerby/kerby-xdr/1.0.1/kerby-xdr-1.0.1.jar:/home/runner/.m2/repository/org/slf4j/slf4j-log4j12/1.7.30/slf4j-log4j12-1.7.30.jar:/home/runner/.m2/repository/org/apache/ozone/ozone-s3gateway/1.3.0-SNAPSHOT/ozone-s3gateway-1.3.0-SNAPSHOT.jar:/home/runner/.m2/repository/org/javassist/javassist/3.21.0-GA/javassist-3.21.0-GA.jar:/home/runner/.m2/repository/org/jboss/weld/servlet/weld-servlet/2.4.7.Final/weld-servlet-2.4.7.Final.jar:/home/runner/.m2/repository/org/glassfish/jersey/containers/jersey-container-servlet-core/2.33/jersey-container-servlet-core-2.33.jar:/home/runner/.m2/repository/org/glassfish/hk2/external/jakarta.inject/2.6.1/jakarta.inject-2.6.1.jar:/home/runner/.m2/repository/org/glassfish/jersey/core/jersey-common/2.33/jersey-common-2.33.jar:/home/runner/.m2/repository/jakarta/ws/rs/jakarta.ws.rs-api/2.1.6/jakarta.ws.rs-api-2.1.6.jar:/home/runner/.m2/repository/org/glassfish/jersey/ext/cdi/jersey-cdi1x/2.33/jersey-cdi1x-2.33.jar:/home/runner/.m2/repository/org/glassfish/jersey/inject/jersey-hk2/2.33/jersey-hk2-2.33.jar:/home/runner/.m2/repository/org/glassfish/hk2/hk2-locator/2.6.1/hk2-locator-2.6.1.jar:/home/runner/.m2/repository/org/glassfish/jersey/media/jersey-media-jaxb/2.33/jersey-media-jaxb-2.33.jar:/home/runner/.m2/repository/org/glassfish/hk2/osgi-resource-locator/1.0.3/osgi-resource-locator-1.0.3.jar:/home/runner/.m2/repository/org/glassfish/hk2/hk2-api/2.5.0/hk2-api-2.5.0.jar:/home/runner/.m2/repository/org/glassfish/hk2/hk2-utils/2.5.0/hk2-utils-2.5.0.jar:/home/runner/.m2/repository/org/glassfish/hk2/external/aopalliance-repackaged/2.5.0/aopalliance-repackaged-2.5.0.jar:/home/runner/.m2/repository/com/fasterxml/jackson/dataformat/jackson-dataformat-xml/2.12.1/jackson-dataformat-xml-2.12.1.jar:/home/runner/.m2/repository/com/fasterxml/jackson/core/jackson-core/2.12.1/jackson-core-2.12.1.jar:/home/runner/.m2/repository/com/fasterxml/jackson/module/jackson-module-jaxb-annotations/2.12.1/jackson-module-jaxb-annotations-2.12.1.jar:/home/runner/.m2/repository/jakarta/xml/bind/jakarta.xml.bind-api/2.3.2/jakarta.xml.bind-api-2.3.2.jar:/home/runner/.m2/repository/org/codehaus/woodstox/stax2-api/3.1.4/stax2-api-3.1.4.jar:/home/runner/.m2/repository/com/fasterxml/woodstox/woodstox-core/5.0.3/woodstox-core-5.0.3.jar:/home/runner/.m2/repository/javax/enterprise/cdi-api/1.2/cdi-api-1.2.jar:/home/runner/.m2/repository/javax/el/javax.el-api/3.0.0/javax.el-api-3.0.0.jar:/home/runner/.m2/repository/javax/interceptor/javax.interceptor-api/1.2/javax.interceptor-api-1.2.jar:/home/runner/.m2/repository/javax/inject/javax.inject/1/javax.inject-1.jar:/home/runner/.m2/repository/javax/xml/bind/jaxb-api/2.3.0/jaxb-api-2.3.0.jar:/home/runner/.m2/repository/org/glassfish/jaxb/jaxb-runtime/2.3.0.1/jaxb-runtime-2.3.0.1.jar:/home/runner/.m2/repository/org/glassfish/jaxb/jaxb-core/2.3.0.1/jaxb-core-2.3.0.1.jar:/home/runner/.m2/repository/org/glassfish/jaxb/txw2/2.3.0.1/txw2-2.3.0.1.jar:/home/runner/.m2/repository/com/sun/istack/istack-commons-runtime/3.0.5/istack-commons-runtime-3.0.5.jar:/home/runner/.m2/repository/org/jvnet/staxex/stax-ex/1.7.8/stax-ex-1.7.8.jar:/home/runner/.m2/repository/com/sun/xml/fastinfoset/FastInfoset/1.2.13/FastInfoset-1.2.13.jar:/home/runner/.m2/repository/javax/activation/activation/1.1.1/activation-1.1.1.jar:/home/runner/.m2/repository/org/apache/ozone/ozone-csi/1.3.0-SNAPSHOT/ozone-csi-1.3.0-SNAPSHOT.jar:/home/runner/.m2/repository/com/google/protobuf/protobuf-java-util/3.12.0/protobuf-java-util-3.12.0.jar:/home/runner/.m2/repository/com/google/code/gson/gson/2.2.4/gson-2.2.4.jar:/home/runner/.m2/repository/org/apache/ozone/hdds-config/1.3.0-SNAPSHOT/hdds-config-1.3.0-SNAPSHOT.jar:/home/runner/.m2/repository/io/grpc/grpc-netty/1.33.0/grpc-netty-1.33.0.jar:/home/runner/.m2/repository/io/grpc/grpc-core/1.33.0/grpc-core-1.33.0.jar:/home/runner/.m2/repository/com/google/android/annotations/4.1.1.4/annotations-4.1.1.4.jar:/home/runner/.m2/repository/io/netty/netty-codec-http2/4.1.63.Final/netty-codec-http2-4.1.63.Final.jar:/home/runner/.m2/repository/io/netty/netty-codec-http/4.1.63.Final/netty-codec-http-4.1.63.Final.jar:/home/runner/.m2/repository/io/netty/netty-handler-proxy/4.1.63.Final/netty-handler-proxy-4.1.63.Final.jar:/home/runner/.m2/repository/io/netty/netty-codec-socks/4.1.63.Final/netty-codec-socks-4.1.63.Final.jar:/home/runner/.m2/repository/io/perfmark/perfmark-api/0.19.0/perfmark-api-0.19.0.jar:/home/runner/.m2/repository/org/codehaus/mojo/animal-sniffer-annotations/1.18/animal-sniffer-annotations-1.18.jar:/home/runner/.m2/repository/io/netty/netty-transport-native-epoll/4.1.63.Final/netty-transport-native-epoll-4.1.63.Final.jar:/home/runner/.m2/repository/io/netty/netty-common/4.1.63.Final/netty-common-4.1.63.Final.jar:/home/runner/.m2/repository/io/netty/netty-buffer/4.1.63.Final/netty-buffer-4.1.63.Final.jar:/home/runner/.m2/repository/io/netty/netty-transport-native-unix-common/4.1.63.Final/netty-transport-native-unix-common-4.1.63.Final.jar:/home/runner/.m2/repository/io/grpc/grpc-protobuf/1.33.0/grpc-protobuf-1.33.0.jar:/home/runner/.m2/repository/io/grpc/grpc-api/1.33.0/grpc-api-1.33.0.jar:/home/runner/.m2/repository/io/grpc/grpc-context/1.33.0/grpc-context-1.33.0.jar:/home/runner/.m2/repository/com/google/api/grpc/proto-google-common-protos/1.17.0/proto-google-common-protos-1.17.0.jar:/home/runner/.m2/repository/io/grpc/grpc-protobuf-lite/1.33.0/grpc-protobuf-lite-1.33.0.jar:/home/runner/.m2/repository/io/grpc/grpc-stub/1.33.0/grpc-stub-1.33.0.jar:/home/runner/.m2/repository/org/apache/ozone/ozone-recon/1.3.0-SNAPSHOT/ozone-recon-1.3.0-SNAPSHOT.jar:/home/runner/.m2/repository/org/apache/ozone/ozone-reconcodegen/1.3.0-SNAPSHOT/ozone-reconcodegen-1.3.0-SNAPSHOT.jar:/home/runner/.m2/repository/com/google/inject/extensions/guice-multibindings/4.0/guice-multibindings-4.0.jar:/home/runner/.m2/repository/com/google/inject/guice/4.0/guice-4.0.jar:/home/runner/.m2/repository/aopalliance/aopalliance/1.0/aopalliance-1.0.jar:/home/runner/.m2/repository/com/google/inject/extensions/guice-assistedinject/4.0/guice-assistedinject-4.0.jar:/home/runner/.m2/repository/com/google/inject/extensions/guice-servlet/4.0/guice-servlet-4.0.jar:/home/runner/.m2/repository/org/glassfish/jersey/containers/jersey-container-servlet/2.33/jersey-container-servlet-2.33.jar:/home/runner/.m2/repository/org/glassfish/hk2/guice-bridge/2.5.0/guice-bridge-2.5.0.jar:/home/runner/.m2/repository/org/glassfish/jersey/core/jersey-server/2.33/jersey-server-2.33.jar:/home/runner/.m2/repository/org/glassfish/jersey/core/jersey-client/2.33/jersey-client-2.33.jar:/home/runner/.m2/repository/jakarta/annotation/jakarta.annotation-api/1.3.5/jakarta.annotation-api-1.3.5.jar:/home/runner/.m2/repository/jakarta/validation/jakarta.validation-api/2.0.2/jakarta.validation-api-2.0.2.jar:/home/runner/.m2/repository/org/glassfish/jersey/media/jersey-media-json-jackson/2.33/jersey-media-json-jackson-2.33.jar:/home/runner/.m2/repository/org/glassfish/jersey/ext/jersey-entity-filtering/2.33/jersey-entity-filtering-2.33.jar:/home/runner/.m2/repository/org/jooq/jooq/3.11.10/jooq-3.11.10.jar:/home/runner/.m2/repository/org/jooq/jooq-meta/3.11.10/jooq-meta-3.11.10.jar:/home/runner/.m2/repository/org/jooq/jooq-codegen/3.11.10/jooq-codegen-3.11.10.jar:/home/runner/.m2/repository/com/jolbox/bonecp/0.8.0.RELEASE/bonecp-0.8.0.RELEASE.jar:/home/runner/.m2/repository/org/apache/derby/derby/10.14.2.0/derby-10.14.2.0.jar:/home/runner/.m2/repository/org/xerial/sqlite-jdbc/3.25.2/sqlite-jdbc-3.25.2.jar:/home/runner/.m2/repository/org/springframework/spring-jdbc/5.2.18.RELEASE/spring-jdbc-5.2.18.RELEASE.jar:/home/runner/.m2/repository/org/springframework/spring-beans/5.2.18.RELEASE/spring-beans-5.2.18.RELEASE.jar:/home/runner/.m2/repository/org/springframework/spring-core/5.2.18.RELEASE/spring-core-5.2.18.RELEASE.jar:/home/runner/.m2/repository/org/springframework/spring-jcl/5.2.18.RELEASE/spring-jcl-5.2.18.RELEASE.jar:/home/runner/.m2/repository/org/springframework/spring-tx/5.2.18.RELEASE/spring-tx-5.2.18.RELEASE.jar:/home/runner/.m2/repository/org/apache/ozone/ozone-client/1.3.0-SNAPSHOT/ozone-client-1.3.0-SNAPSHOT.jar:/home/runner/.m2/repository/org/apache/ozone/ozone-filesystem/1.3.0-SNAPSHOT/ozone-filesystem-1.3.0-SNAPSHOT.jar:/home/runner/.m2/repository/org/apache/ozone/ozone-filesystem-common/1.3.0-SNAPSHOT/ozone-filesystem-common-1.3.0-SNAPSHOT.jar:/home/runner/.m2/repository/org/apache/ozone/ozone-tools/1.3.0-SNAPSHOT/ozone-tools-1.3.0-SNAPSHOT.jar:/home/runner/.m2/repository/org/apache/ratis/ratis-tools/2.2.0/ratis-tools-2.2.0.jar:/home/runner/.m2/repository/com/amazonaws/aws-java-sdk-core/1.12.124/aws-java-sdk-core-1.12.124.jar:/home/runner/.m2/repository/org/apache/httpcomponents/httpclient/4.5.13/httpclient-4.5.13.jar:/home/runner/.m2/repository/org/apache/httpcomponents/httpcore/4.4.13/httpcore-4.4.13.jar:/home/runner/.m2/repository/software/amazon/ion/ion-java/1.0.2/ion-java-1.0.2.jar:/home/runner/.m2/repository/com/fasterxml/jackson/dataformat/jackson-dataformat-cbor/2.12.1/jackson-dataformat-cbor-2.12.1.jar:/home/runner/.m2/repository/joda-time/joda-time/2.8.1/joda-time-2.8.1.jar:/home/runner/.m2/repository/com/amazonaws/aws-java-sdk-s3/1.12.124/aws-java-sdk-s3-1.12.124.jar:/home/runner/.m2/repository/com/amazonaws/aws-java-sdk-kms/1.12.124/aws-java-sdk-kms-1.12.124.jar:/home/runner/.m2/repository/com/amazonaws/jmespath-java/1.12.124/jmespath-java-1.12.124.jar:/home/runner/.m2/repository/org/kohsuke/metainf-services/metainf-services/1.8/metainf-services-1.8.jar:/home/runner/.m2/repository/org/apache/ozone/hdds-tools/1.3.0-SNAPSHOT/hdds-tools-1.3.0-SNAPSHOT.jar:/home/runner/.m2/repository/commons-cli/commons-cli/1.2/commons-cli-1.2.jar:/home/runner/.m2/repository/org/apache/commons/commons-lang3/3.7/commons-lang3-3.7.jar:/home/runner/.m2/repository/org/apache/ozone/ozone-manager/1.3.0-SNAPSHOT/ozone-manager-1.3.0-SNAPSHOT-tests.jar:/home/runner/.m2/repository/org/apache/ozone/hdds-common/1.3.0-SNAPSHOT/hdds-common-1.3.0-SNAPSHOT-tests.jar:/home/runner/.m2/repository/org/apache/ozone/hdds-hadoop-dependency-client/1.3.0-SNAPSHOT/hdds-hadoop-dependency-client-1.3.0-SNAPSHOT.jar:/home/runner/.m2/repository/info/picocli/picocli/4.6.1/picocli-4.6.1.jar:/home/runner/.m2/repository/com/fasterxml/jackson/core/jackson-annotations/2.12.1/jackson-annotations-2.12.1.jar:/home/runner/.m2/repository/javax/annotation/javax.annotation-api/1.2/javax.annotation-api-1.2.jar:/home/runner/.m2/repository/org/apache/ratis/ratis-server/2.2.0/ratis-server-2.2.0.jar:/home/runner/.m2/repository/org/apache/ratis/ratis-client/2.2.0/ratis-client-2.2.0.jar:/home/runner/.m2/repository/org/apache/ratis/ratis-server-api/2.2.0/ratis-server-api-2.2.0.jar:/home/runner/.m2/repository/org/apache/ratis/ratis-metrics/2.2.0/ratis-metrics-2.2.0.jar:/home/runner/.m2/repository/org/apache/ratis/ratis-netty/2.2.0/ratis-netty-2.2.0.jar:/home/runner/.m2/repository/org/apache/ratis/ratis-grpc/2.2.0/ratis-grpc-2.2.0.jar:/home/runner/.m2/repository/org/apache/logging/log4j/log4j-api/2.17.1/log4j-api-2.17.1.jar:/home/runner/.m2/repository/org/apache/logging/log4j/log4j-core/2.17.1/log4j-core-2.17.1.jar:/home/runner/.m2/repository/com/lmax/disruptor/3.4.2/disruptor-3.4.2.jar:/home/runner/.m2/repository/org/apache/commons/commons-pool2/2.6.0/commons-pool2-2.6.0.jar:/home/runner/.m2/repository/org/bouncycastle/bcpkix-jdk15on/1.67/bcpkix-jdk15on-1.67.jar:/home/runner/.m2/repository/commons-validator/commons-validator/1.6/commons-validator-1.6.jar:/home/runner/.m2/repository/commons-beanutils/commons-beanutils/1.9.4/commons-beanutils-1.9.4.jar:/home/runner/.m2/repository/commons-digester/commons-digester/1.8.1/commons-digester-1.8.1.jar:/home/runner/.m2/repository/commons-collections/commons-collections/3.2.2/commons-collections-3.2.2.jar:/home/runner/.m2/repository/io/jaegertracing/jaeger-client/1.6.0/jaeger-client-1.6.0.jar:/home/runner/.m2/repository/io/jaegertracing/jaeger-thrift/1.6.0/jaeger-thrift-1.6.0.jar:/home/runner/.m2/repository/org/apache/thrift/libthrift/0.14.1/libthrift-0.14.1.jar:/home/runner/.m2/repository/com/squareup/okhttp3/okhttp/4.9.0/okhttp-4.9.0.jar:/home/runner/.m2/repository/com/squareup/okio/okio/2.8.0/okio-2.8.0.jar:/home/runner/.m2/repository/io/jaegertracing/jaeger-core/1.6.0/jaeger-core-1.6.0.jar:/home/runner/.m2/repository/io/jaegertracing/jaeger-tracerresolver/1.6.0/jaeger-tracerresolver-1.6.0.jar:/home/runner/.m2/repository/io/opentracing/contrib/opentracing-tracerresolver/0.1.8/opentracing-tracerresolver-0.1.8.jar:/home/runner/.m2/repository/org/jetbrains/kotlin/kotlin-stdlib/1.4.31/kotlin-stdlib-1.4.31.jar:/home/runner/.m2/repository/org/jetbrains/kotlin/kotlin-stdlib-common/1.4.31/kotlin-stdlib-common-1.4.31.jar:/home/runner/.m2/repository/org/jetbrains/annotations/13.0/annotations-13.0.jar:/home/runner/.m2/repository/io/opentracing/opentracing-util/0.33.0/opentracing-util-0.33.0.jar:/home/runner/.m2/repository/io/opentracing/opentracing-api/0.33.0/opentracing-api-0.33.0.jar:/home/runner/.m2/repository/io/opentracing/opentracing-noop/0.33.0/opentracing-noop-0.33.0.jar:/home/runner/.m2/repository/org/yaml/snakeyaml/1.26/snakeyaml-1.26.jar:/home/runner/.m2/repository/org/apache/ozone/hdds-interface-admin/1.3.0-SNAPSHOT/hdds-interface-admin-1.3.0-SNAPSHOT.jar:/home/runner/.m2/repository/junit/junit/4.13.1/junit-4.13.1.jar:/home/runner/.m2/repository/org/hamcrest/hamcrest-core/1.3/hamcrest-core-1.3.jar:/home/runner/.m2/repository/org/junit/jupiter/junit-jupiter-api/5.7.0/junit-jupiter-api-5.7.0.jar:/home/runner/.m2/repository/org/apiguardian/apiguardian-api/1.1.0/apiguardian-api-1.1.0.jar:/home/runner/.m2/repository/org/opentest4j/opentest4j/1.2.0/opentest4j-1.2.0.jar:/home/runner/.m2/repository/org/junit/platform/junit-platform-commons/1.7.0/junit-platform-commons-1.7.0.jar:/home/runner/.m2/repository/org/junit/jupiter/junit-jupiter-engine/5.7.0/junit-jupiter-engine-5.7.0.jar:/home/runner/.m2/repository/org/junit/platform/junit-platform-engine/1.7.0/junit-platform-engine-1.7.0.jar:/home/runner/.m2/repository/org/junit/vintage/junit-vintage-engine/5.7.0/junit-vintage-engine-5.7.0.jar:/home/runner/.m2/repository/org/junit/platform/junit-platform-launcher/1.7.0/junit-platform-launcher-1.7.0.jar:/home/runner/.m2/repository/org/mockito/mockito-core/2.28.2/mockito-core-2.28.2.jar:/home/runner/.m2/repository/net/bytebuddy/byte-buddy/1.9.10/byte-buddy-1.9.10.jar:/home/runner/.m2/repository/net/bytebuddy/byte-buddy-agent/1.9.10/byte-buddy-agent-1.9.10.jar:/home/runner/.m2/repository/org/objenesis/objenesis/1.0/objenesis-1.0.jar:/home/runner/.m2/repository/org/apache/hadoop/hadoop-kms/3.3.1/hadoop-kms-3.3.1.jar:/home/runner/.m2/repository/org/apache/hadoop/hadoop-auth/3.3.1/hadoop-auth-3.3.1.jar:/home/runner/.m2/repository/com/nimbusds/nimbus-jose-jwt/7.9/nimbus-jose-jwt-7.9.jar:/home/runner/.m2/repository/com/github/stephenc/jcip/jcip-annotations/1.0-1/jcip-annotations-1.0-1.jar:/home/runner/.m2/repository/net/minidev/json-smart/2.4.7/json-smart-2.4.7.jar:/home/runner/.m2/repository/net/minidev/accessors-smart/2.4.7/accessors-smart-2.4.7.jar:/home/runner/.m2/repository/org/ow2/asm/asm/5.0.4/asm-5.0.4.jar:/home/runner/.m2/repository/org/apache/zookeeper/zookeeper/3.5.6/zookeeper-3.5.6.jar:/home/runner/.m2/repository/org/apache/zookeeper/zookeeper-jute/3.5.6/zookeeper-jute-3.5.6.jar:/home/runner/.m2/repository/org/apache/yetus/audience-annotations/0.5.0/audience-annotations-0.5.0.jar:/home/runner/.m2/repository/org/apache/curator/curator-framework/4.2.0/curator-framework-4.2.0.jar:/home/runner/.m2/repository/org/apache/hadoop/thirdparty/hadoop-shaded-guava/1.1.1/hadoop-shaded-guava-1.1.1.jar:/home/runner/.m2/repository/com/sun/jersey/jersey-core/1.19/jersey-core-1.19.jar:/home/runner/.m2/repository/javax/ws/rs/jsr311-api/1.1.1/jsr311-api-1.1.1.jar:/home/runner/.m2/repository/com/sun/jersey/jersey-server/1.19/jersey-server-1.19.jar:/home/runner/.m2/repository/javax/servlet/javax.servlet-api/3.1.0/javax.servlet-api-3.1.0.jar:/home/runner/.m2/repository/org/eclipse/jetty/jetty-server/9.4.43.v20210629/jetty-server-9.4.43.v20210629.jar:/home/runner/.m2/repository/org/eclipse/jetty/jetty-http/9.4.43.v20210629/jetty-http-9.4.43.v20210629.jar:/home/runner/.m2/repository/org/eclipse/jetty/jetty-io/9.4.43.v20210629/jetty-io-9.4.43.v20210629.jar:/home/runner/.m2/repository/org/eclipse/jetty/jetty-webapp/9.4.43.v20210629/jetty-webapp-9.4.43.v20210629.jar:/home/runner/.m2/repository/org/eclipse/jetty/jetty-xml/9.4.43.v20210629/jetty-xml-9.4.43.v20210629.jar:/home/runner/.m2/repository/org/apache/hadoop/hadoop-common/3.3.1/hadoop-common-3.3.1.jar:/home/runner/.m2/repository/org/apache/commons/commons-math3/3.1.1/commons-math3-3.1.1.jar:/home/runner/.m2/repository/commons-net/commons-net/3.6/commons-net-3.6.jar:/home/runner/.m2/repository/jakarta/activation/jakarta.activation-api/1.2.1/jakarta.activation-api-1.2.1.jar:/home/runner/.m2/repository/com/sun/jersey/jersey-servlet/1.19/jersey-servlet-1.19.jar:/home/runner/.m2/repository/com/sun/jersey/jersey-json/1.19/jersey-json-1.19.jar:/home/runner/.m2/repository/org/codehaus/jettison/jettison/1.1/jettison-1.1.jar:/home/runner/.m2/repository/com/sun/xml/bind/jaxb-impl/2.2.3-1/jaxb-impl-2.2.3-1.jar:/home/runner/.m2/repository/org/codehaus/jackson/jackson-jaxrs/1.9.2/jackson-jaxrs-1.9.2.jar:/home/runner/.m2/repository/org/codehaus/jackson/jackson-xc/1.9.2/jackson-xc-1.9.2.jar:/home/runner/.m2/repository/org/apache/commons/commons-configuration2/2.1.1/commons-configuration2-2.1.1.jar:/home/runner/.m2/repository/org/apache/commons/commons-text/1.4/commons-text-1.4.jar:/home/runner/.m2/repository/com/google/re2j/re2j/1.1/re2j-1.1.jar:/home/runner/.m2/repository/com/jcraft/jsch/0.1.54/jsch-0.1.54.jar:/home/runner/.m2/repository/org/apache/curator/curator-client/4.2.0/curator-client-4.2.0.jar:/home/runner/.m2/repository/org/apache/curator/curator-recipes/4.2.0/curator-recipes-4.2.0.jar:/home/runner/.m2/repository/org/apache/kerby/kerb-core/1.0.1/kerb-core-1.0.1.jar:/home/runner/.m2/repository/org/apache/kerby/kerby-pkix/1.0.1/kerby-pkix-1.0.1.jar:/home/runner/.m2/repository/org/apache/kerby/kerby-asn1/1.0.1/kerby-asn1-1.0.1.jar:/home/runner/.m2/repository/org/apache/kerby/kerby-util/1.0.1/kerby-util-1.0.1.jar:/home/runner/.m2/repository/dnsjava/dnsjava/2.1.7/dnsjava-2.1.7.jar:/home/runner/.m2/repository/org/xerial/snappy/snappy-java/1.1.8.2/snappy-java-1.1.8.2.jar:/home/runner/.m2/repository/org/slf4j/jul-to-slf4j/1.7.30/jul-to-slf4j-1.7.30.jar:/home/runner/.m2/repository/org/eclipse/jetty/jetty-util/9.4.43.v20210629/jetty-util-9.4.43.v20210629.jar:/home/runner/.m2/repository/com/fasterxml/jackson/core/jackson-databind/2.12.1/jackson-databind-2.12.1.jar:/home/runner/.m2/repository/org/apache/hadoop/hadoop-kms/3.3.1/hadoop-kms-3.3.1-tests.jar:/home/runner/.m2/repository/org/apache/ozone/hdds-server-scm/1.3.0-SNAPSHOT/hdds-server-scm-1.3.0-SNAPSHOT-tests.jar:/home/runner/.m2/repository/org/apache/ozone/hdds-container-service/1.3.0-SNAPSHOT/hdds-container-service-1.3.0-SNAPSHOT-tests.jar:/home/runner/.m2/repository/commons-codec/commons-codec/1.11/commons-codec-1.11.jar:/home/runner/.m2/repository/io/netty/netty-transport/4.1.63.Final/netty-transport-4.1.63.Final.jar:/home/runner/.m2/repository/io/netty/netty-resolver/4.1.63.Final/netty-resolver-4.1.63.Final.jar:/home/runner/.m2/repository/io/netty/netty-codec/4.1.63.Final/netty-codec-4.1.63.Final.jar:/home/runner/.m2/repository/io/netty/netty-handler/4.1.63.Final/netty-handler-4.1.63.Final.jar:/home/runner/.m2/repository/org/apache/ozone/hdds-hadoop-dependency-test/1.3.0-SNAPSHOT/hdds-hadoop-dependency-test-1.3.0-SNAPSHOT.jar:/home/runner/.m2/repository/org/apache/hadoop/hadoop-common/3.3.1/hadoop-common-3.3.1-tests.jar:/home/runner/.m2/repository/org/assertj/assertj-core/3.12.2/assertj-core-3.12.2.jar:/home/runner/.m2/repository/org/apache/hadoop/hadoop-hdfs/3.3.1/hadoop-hdfs-3.3.1-tests.jar:/home/runner/.m2/repository/org/eclipse/jetty/jetty-util-ajax/9.4.43.v20210629/jetty-util-ajax-9.4.43.v20210629.jar:/home/runner/.m2/repository/commons-daemon/commons-daemon/1.0.13/commons-daemon-1.0.13.jar:/home/runner/.m2/repository/io/netty/netty/3.10.6.Final/netty-3.10.6.Final.jar:/home/runner/.m2/repository/io/netty/netty-all/4.1.63.Final/netty-all-4.1.63.Final.jar:/home/runner/.m2/repository/org/apache/htrace/htrace-core4/4.1.0-incubating/htrace-core4-4.1.0-incubating.jar:/home/runner/.m2/repository/org/fusesource/leveldbjni/leveldbjni-all/1.8/leveldbjni-all-1.8.jar:/home/runner/.m2/repository/org/apache/hadoop/hadoop-distcp/3.3.1/hadoop-distcp-3.3.1.jar:/home/runner/.m2/repository/org/apache/hadoop/hadoop-mapreduce-client-jobclient/3.3.1/hadoop-mapreduce-client-jobclient-3.3.1.jar:/home/runner/.m2/repository/org/apache/hadoop/hadoop-mapreduce-client-common/3.3.1/hadoop-mapreduce-client-common-3.3.1.jar:/home/runner/.m2/repository/org/apache/hadoop/hadoop-yarn-common/3.3.1/hadoop-yarn-common-3.3.1.jar:/home/runner/.m2/repository/org/apache/hadoop/hadoop-yarn-api/3.3.1/hadoop-yarn-api-3.3.1.jar:/home/runner/.m2/repository/com/sun/jersey/jersey-client/1.19/jersey-client-1.19.jar:/home/runner/.m2/repository/com/sun/jersey/contribs/jersey-guice/1.19/jersey-guice-1.19.jar:/home/runner/.m2/repository/com/fasterxml/jackson/jaxrs/jackson-jaxrs-json-provider/2.12.1/jackson-jaxrs-json-provider-2.12.1.jar:/home/runner/.m2/repository/com/fasterxml/jackson/jaxrs/jackson-jaxrs-base/2.12.1/jackson-jaxrs-base-2.12.1.jar:/home/runner/.m2/repository/org/apache/hadoop/hadoop-yarn-client/3.3.1/hadoop-yarn-client-3.3.1.jar:/home/runner/.m2/repository/org/eclipse/jetty/websocket/websocket-client/9.4.40.v20210413/websocket-client-9.4.40.v20210413.jar:/home/runner/.m2/repository/org/eclipse/jetty/jetty-client/9.4.40.v20210413/jetty-client-9.4.40.v20210413.jar:/home/runner/.m2/repository/org/eclipse/jetty/websocket/websocket-common/9.4.40.v20210413/websocket-common-9.4.40.v20210413.jar:/home/runner/.m2/repository/org/eclipse/jetty/websocket/websocket-api/9.4.40.v20210413/websocket-api-9.4.40.v20210413.jar:/home/runner/.m2/repository/org/jline/jline/3.9.0/jline-3.9.0.jar:/home/runner/.m2/repository/org/apache/hadoop/hadoop-mapreduce-client-core/3.3.1/hadoop-mapreduce-client-core-3.3.1.jar:/home/runner/.m2/repository/org/apache/avro/avro/1.7.7/avro-1.7.7.jar:/home/runner/.m2/repository/org/codehaus/jackson/jackson-core-asl/1.9.13/jackson-core-asl-1.9.13.jar:/home/runner/.m2/repository/org/codehaus/jackson/jackson-mapper-asl/1.9.13/jackson-mapper-asl-1.9.13.jar:/home/runner/.m2/repository/com/thoughtworks/paranamer/paranamer/2.3/paranamer-2.3.jar:/home/runner/.m2/repository/org/apache/hadoop/hadoop-annotations/3.3.1/hadoop-annotations-3.3.1.jar:/usr/lib/jvm/temurin-8-jdk-amd64/jre/../lib/tools.jar:/home/runner/.m2/repository/org/apache/hadoop/hadoop-distcp/3.3.1/hadoop-distcp-3.3.1-tests.jar:/home/runner/.m2/repository/org/apache/ratis/ratis-common/2.2.0/ratis-common-2.2.0.jar:/home/runner/.m2/repository/org/apache/ratis/ratis-thirdparty-misc/0.7.0/ratis-thirdparty-misc-0.7.0.jar:/home/runner/.m2/repository/org/apache/ratis/ratis-proto/2.2.0/ratis-proto-2.2.0.jar:"/>
    <property name="sun.cpu.endian" value="little"/>
    <property name="user.home" value="/home/runner"/>
    <property name="user.language" value="en"/>
    <property name="java.specification.vendor" value="Oracle Corporation"/>
    <property name="java.home" value="/usr/lib/jvm/temurin-8-jdk-amd64/jre"/>
    <property name="java.security.krb5.conf" value="/home/runner/work/ozone/ozone/hadoop-ozone/integration-test/target/test-classes/krb5.conf"/>
    <property name="basedir" value="/home/runner/work/ozone/ozone/hadoop-ozone/integration-test"/>
    <property name="file.separator" value="/"/>
    <property name="line.separator" value="&#10;"/>
    <property name="java.vm.specification.vendor" value="Oracle Corporation"/>
    <property name="java.specification.name" value="Java Platform API Specification"/>
    <property name="java.awt.graphicsenv" value="sun.awt.X11GraphicsEnvironment"/>
    <property name="skip.installnpx" value="true"/>
    <property name="surefire.real.class.path" value="/home/runner/work/ozone/ozone/hadoop-ozone/integration-test/target/surefire/surefirebooter7977576785625833967.jar:/home/runner/.m2/repository/org/jacoco/org.jacoco.agent/0.8.5/org.jacoco.agent-0.8.5-runtime.jar"/>
    <property name="hadoop.log.dir" value="/home/runner/work/ozone/ozone/hadoop-ozone/integration-test/target/log"/>
    <property name="sun.boot.class.path" value="/usr/lib/jvm/temurin-8-jdk-amd64/jre/lib/resources.jar:/usr/lib/jvm/temurin-8-jdk-amd64/jre/lib/rt.jar:/usr/lib/jvm/temurin-8-jdk-amd64/jre/lib/sunrsasign.jar:/usr/lib/jvm/temurin-8-jdk-amd64/jre/lib/jsse.jar:/usr/lib/jvm/temurin-8-jdk-amd64/jre/lib/jce.jar:/usr/lib/jvm/temurin-8-jdk-amd64/jre/lib/charsets.jar:/usr/lib/jvm/temurin-8-jdk-amd64/jre/lib/jfr.jar:/usr/lib/jvm/temurin-8-jdk-amd64/jre/classes"/>
    <property name="sun.management.compiler" value="HotSpot 64-Bit Tiered Compilers"/>
    <property name="skip.npx" value="true"/>
    <property name="java.runtime.version" value="1.8.0_312-b07"/>
    <property name="java.net.preferIPv4Stack" value="true"/>
    <property name="user.name" value="runner"/>
    <property name="path.separator" value=":"/>
    <property name="java.security.egd" value="file:///dev/urandom"/>
    <property name="os.version" value="5.4.0-1068-azure"/>
    <property name="java.endorsed.dirs" value="/usr/lib/jvm/temurin-8-jdk-amd64/jre/lib/endorsed"/>
    <property name="java.runtime.name" value="OpenJDK Runtime Environment"/>
    <property name="file.encoding" value="UTF-8"/>
    <property name="java.vm.name" value="OpenJDK 64-Bit Server VM"/>
    <property name="test.build.webapps" value=""/>
    <property name="localRepository" value="/home/runner/.m2/repository"/>
    <property name="java.vendor.url.bug" value="https://github.com/adoptium/adoptium-support/issues"/>
    <property name="java.io.tmpdir" value="/tmp"/>
    <property name="require.test.libhadoop" value=""/>
    <property name="java.version" value="1.8.0_312"/>
    <property name="user.dir" value="/home/runner/work/ozone/ozone/hadoop-ozone/integration-test"/>
    <property name="os.arch" value="amd64"/>
    <property name="java.vm.specification.name" value="Java Virtual Machine Specification"/>
    <property name="test.build.classes" value="/home/runner/work/ozone/ozone/hadoop-ozone/integration-test/target/test-classes"/>
    <property name="java.awt.printerjob" value="sun.print.PSPrinterJob"/>
    <property name="sun.os.patch.level" value="unknown"/>
    <property name="hadoop.tmp.dir" value="/home/runner/work/ozone/ozone/hadoop-ozone/integration-test/target/tmp"/>
    <property name="java.library.path" value="/usr/java/packages/lib/amd64:/usr/lib64:/lib64:/lib:/usr/lib"/>
    <property name="java.vm.info" value="mixed mode"/>
    <property name="java.vendor" value="Temurin"/>
    <property name="java.vm.version" value="25.312-b07"/>
    <property name="java.ext.dirs" value="/usr/lib/jvm/temurin-8-jdk-amd64/jre/lib/ext:/usr/java/packages/lib/ext"/>
    <property name="sun.io.unicode.encoding" value="UnicodeLittle"/>
    <property name="java.class.version" value="52.0"/>
  </properties>
  <testcase name="testForceBootstrap" classname="org.apache.hadoop.ozone.om.TestAddRemoveOzoneManager" time="68.171"/>
  <testcase name="testBootstrapWithoutConfigUpdate" classname="org.apache.hadoop.ozone.om.TestAddRemoveOzoneManager" time="50.91">
    <failure type="java.lang.AssertionError">java.lang.AssertionError
	at org.junit.Assert.fail(Assert.java:87)
	at org.junit.Assert.fail(Assert.java:96)
	at org.apache.hadoop.ozone.om.TestAddRemoveOzoneManager.testBootstrapWithoutConfigUpdate(TestAddRemoveOzoneManager.java:265)
	at sun.reflect.NativeMethodAccessorImpl.invoke0(Native Method)
	at sun.reflect.NativeMethodAccessorImpl.invoke(NativeMethodAccessorImpl.java:62)
	at sun.reflect.DelegatingMethodAccessorImpl.invoke(DelegatingMethodAccessorImpl.java:43)
	at java.lang.reflect.Method.invoke(Method.java:498)
	at org.junit.runners.model.FrameworkMethod$1.runReflectiveCall(FrameworkMethod.java:59)
	at org.junit.internal.runners.model.ReflectiveCallable.run(ReflectiveCallable.java:12)
	at org.junit.runners.model.FrameworkMethod.invokeExplosively(FrameworkMethod.java:56)
	at org.junit.internal.runners.statements.InvokeMethod.evaluate(InvokeMethod.java:17)
	at org.junit.internal.runners.statements.RunAfters.evaluate(RunAfters.java:27)
	at org.junit.rules.ExpectedException$ExpectedExceptionStatement.evaluate(ExpectedException.java:258)
	at org.junit.internal.runners.statements.FailOnTimeout$CallableStatement.call(FailOnTimeout.java:288)
	at org.junit.internal.runners.statements.FailOnTimeout$CallableStatement.call(FailOnTimeout.java:282)
	at java.util.concurrent.FutureTask.run(FutureTask.java:266)
	at java.lang.Thread.run(Thread.java:748)
</failure>
    <system-out><![CDATA[2022-02-16 13:53:40,226 [Time-limited test] WARN  server.ServerUtils (ServerUtils.java:getScmDbDir(148)) - ozone.scm.db.dirs is not configured. We recommend adding this setting. Falling back to ozone.metadata.dirs instead.
2022-02-16 13:53:40,226 [Time-limited test] INFO  ha.SCMHANodeDetails (SCMHANodeDetails.java:loadSCMHAConfig(157)) - ServiceID for StorageContainerManager is scmServiceId
2022-02-16 13:53:40,227 [Time-limited test] INFO  ha.SCMHANodeDetails (SCMHANodeDetails.java:loadSCMHAConfig(168)) - ServiceID for StorageContainerManager is scmServiceId
2022-02-16 13:53:40,227 [Time-limited test] INFO  ha.SCMHANodeDetails (SCMHANodeDetails.java:loadSCMHAConfig(250)) - Found matching SCM address with SCMServiceId: scmServiceId, SCMNodeId: scmNode-1, RPC Address: localhost:34179 and Ratis port: 34179
2022-02-16 13:53:40,227 [Time-limited test] INFO  ha.SCMHANodeDetails (ConfUtils.java:setNodeSpecificConfigs(108)) - Setting configuration key ozone.scm.datanode.address with value of key ozone.scm.datanode.address.scmServiceId.scmNode-1: 127.0.0.1:35853
2022-02-16 13:53:40,227 [Time-limited test] INFO  ha.SCMHANodeDetails (ConfUtils.java:setNodeSpecificConfigs(108)) - Setting configuration key ozone.scm.block.client.address with value of key ozone.scm.block.client.address.scmServiceId.scmNode-1: 127.0.0.1:32773
2022-02-16 13:53:40,227 [Time-limited test] INFO  ha.SCMHANodeDetails (ConfUtils.java:setNodeSpecificConfigs(108)) - Setting configuration key ozone.scm.client.address with value of key ozone.scm.client.address.scmServiceId.scmNode-1: 127.0.0.1:42775
2022-02-16 13:53:40,227 [Time-limited test] INFO  ha.SCMHANodeDetails (ConfUtils.java:setNodeSpecificConfigs(108)) - Setting configuration key ozone.scm.ratis.port with value of key ozone.scm.ratis.port.scmServiceId.scmNode-1: 34179
2022-02-16 13:53:40,227 [Time-limited test] INFO  ha.SCMHANodeDetails (ConfUtils.java:setNodeSpecificConfigs(108)) - Setting configuration key ozone.scm.grpc.port with value of key ozone.scm.grpc.port.scmServiceId.scmNode-1: 38097
2022-02-16 13:53:40,227 [Time-limited test] INFO  ha.SCMHANodeDetails (ConfUtils.java:setNodeSpecificConfigs(108)) - Setting configuration key ozone.scm.http-address with value of key ozone.scm.http-address.scmServiceId.scmNode-1: 127.0.0.1:45603
2022-02-16 13:53:40,227 [Time-limited test] INFO  ha.SCMHANodeDetails (ConfUtils.java:setNodeSpecificConfigs(108)) - Setting configuration key ozone.scm.https-address with value of key ozone.scm.https-address.scmServiceId.scmNode-1: 127.0.0.1:46045
2022-02-16 13:53:40,227 [Time-limited test] INFO  ha.SCMHANodeDetails (ConfUtils.java:setNodeSpecificConfigs(108)) - Setting configuration key ozone.scm.address with value of key ozone.scm.address.scmServiceId.scmNode-1: 127.0.0.1
2022-02-16 13:53:40,227 [Time-limited test] WARN  scm.ScmUtils (ScmUtils.java:logWarn(179)) - ConfigKey ozone.scm.block.client.address is deprecated, For configuring different ports for each SCM use PortConfigKey ozone.scm.block.client.port appended with serviceId and nodeId. If want to configure same port configure ozone.scm.block.client.port
2022-02-16 13:53:40,231 [Time-limited test] WARN  scm.ScmUtils (ScmUtils.java:logWarn(179)) - ConfigKey ozone.scm.client.address is deprecated, For configuring different ports for each SCM use PortConfigKey ozone.scm.client.port appended with serviceId and nodeId. If want to configure same port configure ozone.scm.client.port
2022-02-16 13:53:40,231 [Time-limited test] WARN  scm.ScmUtils (ScmUtils.java:logWarn(179)) - ConfigKey ozone.scm.datanode.address is deprecated, For configuring different ports for each SCM use PortConfigKey ozone.scm.datanode.port appended with serviceId and nodeId. If want to configure same port configure ozone.scm.datanode.port
2022-02-16 13:53:40,239 [Time-limited test] INFO  server.RaftServer (ConfUtils.java:logGet(44)) - raft.rpc.type = GRPC (default)
2022-02-16 13:53:40,239 [Time-limited test] INFO  grpc.GrpcFactory (GrpcFactory.java:checkPooledByteBufAllocatorUseCacheForAllThreads(48)) - PERFORMANCE WARNING: useCacheForAllThreads is true that may cause Netty to create a lot garbage objects and, as a result, trigger GC.
	It is recommended to disable useCacheForAllThreads by setting -Dorg.apache.ratis.thirdparty.io.netty.allocator.useCacheForAllThreads=false in command line.
2022-02-16 13:53:40,240 [Time-limited test] INFO  grpc.GrpcConfigKeys (ConfUtils.java:logGet(44)) - raft.grpc.admin.port = -1 (default)
2022-02-16 13:53:40,240 [Time-limited test] INFO  grpc.GrpcConfigKeys (ConfUtils.java:logGet(44)) - raft.grpc.server.port = 34179 (custom)
2022-02-16 13:53:40,240 [Time-limited test] INFO  grpc.GrpcConfigKeys (ConfUtils.java:logGet(44)) - raft.grpc.client.port = -1 (default)
2022-02-16 13:53:40,240 [Time-limited test] INFO  grpc.GrpcConfigKeys (ConfUtils.java:logGet(44)) - raft.grpc.server.port = 34179 (custom)
2022-02-16 13:53:40,240 [Time-limited test] INFO  grpc.GrpcConfigKeys (ConfUtils.java:logGet(44)) - raft.grpc.server.port = 34179 (custom)
2022-02-16 13:53:40,240 [Time-limited test] INFO  server.GrpcService (ConfUtils.java:logGet(44)) - raft.grpc.message.size.max = 32m (=33554432) (custom)
2022-02-16 13:53:40,240 [Time-limited test] INFO  server.RaftServerConfigKeys (ConfUtils.java:logGet(44)) - raft.server.log.appender.buffer.byte-limit = 33554432 (custom)
2022-02-16 13:53:40,240 [Time-limited test] INFO  server.GrpcService (ConfUtils.java:logGet(44)) - raft.grpc.flow.control.window = 1MB (=1048576) (default)
2022-02-16 13:53:40,240 [Time-limited test] INFO  server.RaftServerConfigKeys (ConfUtils.java:logGet(44)) - raft.server.rpc.request.timeout = 30000ms (custom)
2022-02-16 13:53:40,241 [Time-limited test] INFO  impl.DataStreamServerImpl (ConfUtils.java:logGet(44)) - raft.datastream.type = DISABLED (default)
2022-02-16 13:53:40,242 [Time-limited test] INFO  server.RaftServerConfigKeys (ConfUtils.java:logGet(44)) - raft.server.rpc.slowness.timeout = 120000ms (custom)
2022-02-16 13:53:40,242 [Time-limited test] INFO  server.RaftServerConfigKeys (ConfUtils.java:logGet(44)) - raft.server.leaderelection.leader.step-down.wait-time = 10s (default)
2022-02-16 13:53:40,242 [Time-limited test] INFO  server.RaftServerConfigKeys (ConfUtils.java:logGet(44)) - raft.server.storage.dir = [/home/runner/work/ozone/ozone/hadoop-ozone/integration-test/target/test-dir/MiniOzoneClusterImpl-86a05728-24a0-44bd-862c-635bb6b223ca/scmNode-1/scm-ha] (custom)
2022-02-16 13:53:40,271 [Time-limited test] INFO  server.RaftServer (RaftServerProxy.java:addNew(95)) - 95249411-7456-4ad4-a209-a7ba9f4cfc6c: addNew group-635BB6B223CA:[95249411-7456-4ad4-a209-a7ba9f4cfc6c|rpc:localhost:34179|priority:0] returns group-635BB6B223CA:java.util.concurrent.CompletableFuture@234465e5[Not completed]
2022-02-16 13:53:40,271 [pool-226-thread-1] INFO  server.RaftServer$Division (RaftServerImpl.java:<init>(184)) - 95249411-7456-4ad4-a209-a7ba9f4cfc6c: new RaftServerImpl for group-635BB6B223CA:[95249411-7456-4ad4-a209-a7ba9f4cfc6c|rpc:localhost:34179|priority:0] with SCMStateMachine:uninitialized
2022-02-16 13:53:40,276 [pool-226-thread-1] INFO  server.RaftServerConfigKeys (ConfUtils.java:logGet(44)) - raft.server.rpc.timeout.min = 5000ms (custom)
2022-02-16 13:53:40,277 [pool-226-thread-1] INFO  server.RaftServerConfigKeys (ConfUtils.java:logGet(44)) - raft.server.rpc.timeout.max = 5200ms (custom)
2022-02-16 13:53:40,277 [pool-226-thread-1] INFO  server.RaftServerConfigKeys (ConfUtils.java:logGet(44)) - raft.server.rpc.sleep.time = 25ms (default)
2022-02-16 13:53:40,277 [pool-226-thread-1] INFO  server.RaftServerConfigKeys (ConfUtils.java:logGet(44)) - raft.server.rpc.slowness.timeout = 120000ms (custom)
2022-02-16 13:53:40,277 [pool-226-thread-1] INFO  server.RaftServerConfigKeys (ConfUtils.java:logGet(44)) - raft.server.leaderelection.leader.step-down.wait-time = 10s (default)
2022-02-16 13:53:40,277 [pool-226-thread-1] INFO  server.RaftServerConfigKeys (ConfUtils.java:logGet(44)) - raft.server.sleep.deviation.threshold = 300ms (default)
2022-02-16 13:53:40,277 [pool-226-thread-1] INFO  server.RaftServerConfigKeys (ConfUtils.java:logGet(44)) - raft.server.log.appender.install.snapshot.enabled = false (custom)
2022-02-16 13:53:40,277 [pool-226-thread-1] INFO  server.RaftServer$Division (ServerState.java:<init>(105)) - 95249411-7456-4ad4-a209-a7ba9f4cfc6c@group-635BB6B223CA: ConfigurationManager, init=-1: [95249411-7456-4ad4-a209-a7ba9f4cfc6c|rpc:localhost:34179|priority:0], old=null, confs=<EMPTY_MAP>
2022-02-16 13:53:40,277 [pool-226-thread-1] INFO  server.RaftServerConfigKeys (ConfUtils.java:logGet(44)) - raft.server.storage.dir = [/home/runner/work/ozone/ozone/hadoop-ozone/integration-test/target/test-dir/MiniOzoneClusterImpl-86a05728-24a0-44bd-862c-635bb6b223ca/scmNode-1/scm-ha] (custom)
2022-02-16 13:53:40,277 [pool-226-thread-1] INFO  server.RaftServerConfigKeys (ConfUtils.java:logGet(44)) - raft.server.log.corruption.policy = EXCEPTION (default)
2022-02-16 13:53:40,277 [pool-226-thread-1] INFO  server.RaftServerConfigKeys (ConfUtils.java:logGet(44)) - raft.server.storage.free-space.min = 0MB (=0) (default)
2022-02-16 13:53:40,277 [pool-226-thread-1] INFO  storage.RaftStorageDirectory (RaftStorageDirectoryImpl.java:analyzeStorage(135)) - The storage directory /home/runner/work/ozone/ozone/hadoop-ozone/integration-test/target/test-dir/MiniOzoneClusterImpl-86a05728-24a0-44bd-862c-635bb6b223ca/scmNode-1/scm-ha/86a05728-24a0-44bd-862c-635bb6b223ca does not exist. Creating ...
2022-02-16 13:53:40,283 [pool-226-thread-1] INFO  storage.RaftStorageDirectory (RaftStorageDirectoryImpl.java:tryLock(230)) - Lock on /home/runner/work/ozone/ozone/hadoop-ozone/integration-test/target/test-dir/MiniOzoneClusterImpl-86a05728-24a0-44bd-862c-635bb6b223ca/scmNode-1/scm-ha/86a05728-24a0-44bd-862c-635bb6b223ca/in_use.lock acquired by nodename 22946@fv-az270-170
2022-02-16 13:53:40,284 [pool-226-thread-1] INFO  storage.RaftStorage (RaftStorageImpl.java:format(89)) - Storage directory /home/runner/work/ozone/ozone/hadoop-ozone/integration-test/target/test-dir/MiniOzoneClusterImpl-86a05728-24a0-44bd-862c-635bb6b223ca/scmNode-1/scm-ha/86a05728-24a0-44bd-862c-635bb6b223ca has been successfully formatted.
2022-02-16 13:53:40,285 [pool-226-thread-1] INFO  server.RaftServerConfigKeys (ConfUtils.java:logGet(44)) - raft.server.notification.no-leader.timeout = 60s (default)
2022-02-16 13:53:40,285 [pool-226-thread-1] INFO  server.RaftServerConfigKeys (ConfUtils.java:logGet(44)) - raft.server.log.use.memory = false (default)
2022-02-16 13:53:40,285 [pool-226-thread-1] INFO  server.RaftServerConfigKeys (ConfUtils.java:logGet(44)) - raft.server.log.purge.gap = 1000000 (custom)
2022-02-16 13:53:40,285 [pool-226-thread-1] INFO  server.RaftServerConfigKeys (ConfUtils.java:logGet(44)) - raft.server.log.appender.buffer.byte-limit = 33554432 (custom)
2022-02-16 13:53:40,288 [pool-226-thread-1] INFO  server.RaftServerConfigKeys (ConfUtils.java:logGet(44)) - raft.server.log.segment.size.max = 4194304 (custom)
2022-02-16 13:53:40,289 [pool-226-thread-1] INFO  server.RaftServerConfigKeys (ConfUtils.java:logGet(44)) - raft.server.log.segment.cache.num.max = 2 (custom)
2022-02-16 13:53:40,289 [pool-226-thread-1] INFO  server.RaftServerConfigKeys (ConfUtils.java:logGet(44)) - raft.server.log.segment.cache.size.max = 200MB (=209715200) (default)
2022-02-16 13:53:40,289 [pool-226-thread-1] INFO  segmented.SegmentedRaftLogWorker (SegmentedRaftLogWorker.java:<init>(182)) - new 95249411-7456-4ad4-a209-a7ba9f4cfc6c@group-635BB6B223CA-SegmentedRaftLogWorker for RaftStorageImpl:Storage Directory /home/runner/work/ozone/ozone/hadoop-ozone/integration-test/target/test-dir/MiniOzoneClusterImpl-86a05728-24a0-44bd-862c-635bb6b223ca/scmNode-1/scm-ha/86a05728-24a0-44bd-862c-635bb6b223ca
2022-02-16 13:53:40,289 [pool-226-thread-1] INFO  server.RaftServerConfigKeys (ConfUtils.java:logGet(44)) - raft.server.log.queue.byte-limit = 64MB (=67108864) (default)
2022-02-16 13:53:40,289 [pool-226-thread-1] INFO  server.RaftServerConfigKeys (ConfUtils.java:logGet(44)) - raft.server.log.queue.element-limit = 4096 (default)
2022-02-16 13:53:40,289 [pool-226-thread-1] INFO  server.RaftServerConfigKeys (ConfUtils.java:logGet(44)) - raft.server.log.segment.size.max = 4194304 (custom)
2022-02-16 13:53:40,289 [pool-226-thread-1] INFO  server.RaftServerConfigKeys (ConfUtils.java:logGet(44)) - raft.server.log.preallocated.size = 4194304 (custom)
2022-02-16 13:53:40,289 [pool-226-thread-1] INFO  server.RaftServerConfigKeys (ConfUtils.java:logGet(44)) - raft.server.log.force.sync.num = 128 (default)
2022-02-16 13:53:40,289 [pool-226-thread-1] INFO  server.RaftServerConfigKeys (ConfUtils.java:logGet(44)) - raft.server.log.statemachine.data.sync = true (default)
2022-02-16 13:53:40,289 [pool-226-thread-1] INFO  server.RaftServerConfigKeys (ConfUtils.java:logGet(44)) - raft.server.log.statemachine.data.sync.timeout = 10s (default)
2022-02-16 13:53:40,290 [pool-226-thread-1] INFO  server.RaftServerConfigKeys (ConfUtils.java:logGet(44)) - raft.server.log.statemachine.data.sync.timeout.retry = -1 (default)
2022-02-16 13:53:40,290 [pool-226-thread-1] INFO  server.RaftServerConfigKeys (ConfUtils.java:logGet(44)) - raft.server.log.write.buffer.size = 64KB (=65536) (default)
2022-02-16 13:53:40,290 [pool-226-thread-1] INFO  server.RaftServerConfigKeys (ConfUtils.java:logGet(44)) - raft.server.log.statemachine.data.caching.enabled = false (default)
2022-02-16 13:53:40,291 [pool-226-thread-1] INFO  segmented.SegmentedRaftLogWorker (SegmentedRaftLogWorker.java:lambda$new$0(133)) - 95249411-7456-4ad4-a209-a7ba9f4cfc6c@group-635BB6B223CA-SegmentedRaftLogWorker: flushIndex: setUnconditionally 0 -> -1
2022-02-16 13:53:40,291 [pool-226-thread-1] INFO  segmented.SegmentedRaftLogWorker (SegmentedRaftLogWorker.java:lambda$new$0(133)) - 95249411-7456-4ad4-a209-a7ba9f4cfc6c@group-635BB6B223CA-SegmentedRaftLogWorker: safeCacheEvictIndex: setUnconditionally 0 -> -1
2022-02-16 13:53:40,307 [pool-226-thread-1] INFO  server.RaftServerConfigKeys (ConfUtils.java:logGet(44)) - raft.server.snapshot.auto.trigger.enabled = true (custom)
2022-02-16 13:53:40,307 [pool-226-thread-1] INFO  server.RaftServerConfigKeys (ConfUtils.java:logGet(44)) - raft.server.snapshot.auto.trigger.threshold = 1000 (custom)
2022-02-16 13:53:40,307 [pool-226-thread-1] INFO  server.RaftServerConfigKeys (ConfUtils.java:logGet(44)) - raft.server.snapshot.retention.file.num = -1 (default)
2022-02-16 13:53:40,307 [pool-226-thread-1] INFO  server.RaftServerConfigKeys (ConfUtils.java:logGet(44)) - raft.server.log.purge.upto.snapshot.index = false (default)
2022-02-16 13:53:40,307 [pool-226-thread-1] INFO  server.RaftServerConfigKeys (ConfUtils.java:logGet(44)) - raft.server.retrycache.expirytime = 60000ms (default)
2022-02-16 13:53:40,307 [pool-226-thread-1] INFO  server.RaftServerConfigKeys (ConfUtils.java:logGet(44)) - raft.server.retrycache.statistics.expirytime = 100μs (default)
2022-02-16 13:53:40,308 [Time-limited test] INFO  server.RaftServer$Division (RaftServerImpl.java:start(301)) - 95249411-7456-4ad4-a209-a7ba9f4cfc6c@group-635BB6B223CA: start as a follower, conf=-1: [95249411-7456-4ad4-a209-a7ba9f4cfc6c|rpc:localhost:34179|priority:0], old=null
2022-02-16 13:53:40,308 [Time-limited test] INFO  server.RaftServer$Division (RaftServerImpl.java:setRole(290)) - 95249411-7456-4ad4-a209-a7ba9f4cfc6c@group-635BB6B223CA: changes role from      null to FOLLOWER at term 0 for startAsFollower
2022-02-16 13:53:40,308 [Time-limited test] INFO  impl.RoleInfo (RoleInfo.java:updateAndGet(130)) - 95249411-7456-4ad4-a209-a7ba9f4cfc6c: start 95249411-7456-4ad4-a209-a7ba9f4cfc6c@group-635BB6B223CA-FollowerState
2022-02-16 13:53:40,310 [Time-limited test] INFO  util.JmxRegister (JmxRegister.java:tryRegister(44)) - Successfully registered JMX Bean with object name Ratis:service=RaftServer,group=group-635BB6B223CA,id=95249411-7456-4ad4-a209-a7ba9f4cfc6c
2022-02-16 13:53:40,313 [Time-limited test] INFO  server.RaftServer (RaftServerProxy.java:lambda$start$5(374)) - 95249411-7456-4ad4-a209-a7ba9f4cfc6c: start RPC server
2022-02-16 13:53:40,314 [Time-limited test] INFO  server.GrpcService (GrpcService.java:startImpl(253)) - 95249411-7456-4ad4-a209-a7ba9f4cfc6c: GrpcService started, listening on 34179
2022-02-16 13:53:40,314 [org.apache.ratis.util.JvmPauseMonitor$$Lambda$435/1382067285@6b7d171f] INFO  util.JvmPauseMonitor (JvmPauseMonitor.java:run(103)) - JvmPauseMonitor-95249411-7456-4ad4-a209-a7ba9f4cfc6c: Started
2022-02-16 13:53:40,726 [EndpointStateMachine task thread for /127.0.0.1:40707 - 0 ] INFO  ipc.Client (Client.java:handleConnectionFailure(977)) - Retrying connect to server: localhost/127.0.0.1:40707. Already tried 7 time(s); retry policy is RetryUpToMaximumCountWithFixedSleep(maxRetries=15, sleepTime=1000 MILLISECONDS)
2022-02-16 13:53:41,727 [EndpointStateMachine task thread for /127.0.0.1:40707 - 0 ] INFO  ipc.Client (Client.java:handleConnectionFailure(977)) - Retrying connect to server: localhost/127.0.0.1:40707. Already tried 8 time(s); retry policy is RetryUpToMaximumCountWithFixedSleep(maxRetries=15, sleepTime=1000 MILLISECONDS)
2022-02-16 13:53:42,728 [EndpointStateMachine task thread for /127.0.0.1:40707 - 0 ] INFO  ipc.Client (Client.java:handleConnectionFailure(977)) - Retrying connect to server: localhost/127.0.0.1:40707. Already tried 9 time(s); retry policy is RetryUpToMaximumCountWithFixedSleep(maxRetries=15, sleepTime=1000 MILLISECONDS)
2022-02-16 13:53:43,728 [EndpointStateMachine task thread for /127.0.0.1:40707 - 0 ] INFO  ipc.Client (Client.java:handleConnectionFailure(977)) - Retrying connect to server: localhost/127.0.0.1:40707. Already tried 10 time(s); retry policy is RetryUpToMaximumCountWithFixedSleep(maxRetries=15, sleepTime=1000 MILLISECONDS)
2022-02-16 13:53:44,729 [EndpointStateMachine task thread for /127.0.0.1:40707 - 0 ] INFO  ipc.Client (Client.java:handleConnectionFailure(977)) - Retrying connect to server: localhost/127.0.0.1:40707. Already tried 11 time(s); retry policy is RetryUpToMaximumCountWithFixedSleep(maxRetries=15, sleepTime=1000 MILLISECONDS)
2022-02-16 13:53:45,465 [95249411-7456-4ad4-a209-a7ba9f4cfc6c@group-635BB6B223CA-FollowerState] INFO  impl.FollowerState (FollowerState.java:run(134)) - 95249411-7456-4ad4-a209-a7ba9f4cfc6c@group-635BB6B223CA-FollowerState: change to CANDIDATE, lastRpcElapsedTime:5156513103ns, electionTimeout:5154ms
2022-02-16 13:53:45,465 [95249411-7456-4ad4-a209-a7ba9f4cfc6c@group-635BB6B223CA-FollowerState] INFO  impl.RoleInfo (RoleInfo.java:shutdownFollowerState(108)) - 95249411-7456-4ad4-a209-a7ba9f4cfc6c: shutdown 95249411-7456-4ad4-a209-a7ba9f4cfc6c@group-635BB6B223CA-FollowerState
2022-02-16 13:53:45,465 [95249411-7456-4ad4-a209-a7ba9f4cfc6c@group-635BB6B223CA-FollowerState] INFO  server.RaftServer$Division (RaftServerImpl.java:setRole(290)) - 95249411-7456-4ad4-a209-a7ba9f4cfc6c@group-635BB6B223CA: changes role from  FOLLOWER to CANDIDATE at term 0 for changeToCandidate
2022-02-16 13:53:45,465 [95249411-7456-4ad4-a209-a7ba9f4cfc6c@group-635BB6B223CA-FollowerState] INFO  server.RaftServerConfigKeys (ConfUtils.java:logGet(44)) - raft.server.leaderelection.pre-vote = false (custom)
2022-02-16 13:53:45,466 [95249411-7456-4ad4-a209-a7ba9f4cfc6c@group-635BB6B223CA-FollowerState] INFO  impl.RoleInfo (RoleInfo.java:updateAndGet(130)) - 95249411-7456-4ad4-a209-a7ba9f4cfc6c: start 95249411-7456-4ad4-a209-a7ba9f4cfc6c@group-635BB6B223CA-LeaderElection19
2022-02-16 13:53:45,496 [95249411-7456-4ad4-a209-a7ba9f4cfc6c@group-635BB6B223CA-LeaderElection19] INFO  impl.LeaderElection (LeaderElection.java:askForVotes(306)) - 95249411-7456-4ad4-a209-a7ba9f4cfc6c@group-635BB6B223CA-LeaderElection19 ELECTION round 0: submit vote requests at term 1 for -1: [95249411-7456-4ad4-a209-a7ba9f4cfc6c|rpc:localhost:34179|priority:0], old=null
2022-02-16 13:53:45,497 [95249411-7456-4ad4-a209-a7ba9f4cfc6c@group-635BB6B223CA-LeaderElection19] INFO  impl.LeaderElection (LeaderElection.java:askForVotes(308)) - 95249411-7456-4ad4-a209-a7ba9f4cfc6c@group-635BB6B223CA-LeaderElection19 ELECTION round 0: result PASSED (term=1)
2022-02-16 13:53:45,497 [95249411-7456-4ad4-a209-a7ba9f4cfc6c@group-635BB6B223CA-LeaderElection19] INFO  impl.RoleInfo (RoleInfo.java:shutdownLeaderElection(121)) - 95249411-7456-4ad4-a209-a7ba9f4cfc6c: shutdown 95249411-7456-4ad4-a209-a7ba9f4cfc6c@group-635BB6B223CA-LeaderElection19
2022-02-16 13:53:45,497 [95249411-7456-4ad4-a209-a7ba9f4cfc6c@group-635BB6B223CA-LeaderElection19] INFO  server.RaftServer$Division (RaftServerImpl.java:setRole(290)) - 95249411-7456-4ad4-a209-a7ba9f4cfc6c@group-635BB6B223CA: changes role from CANDIDATE to LEADER at term 1 for changeToLeader
2022-02-16 13:53:45,497 [95249411-7456-4ad4-a209-a7ba9f4cfc6c@group-635BB6B223CA-LeaderElection19] INFO  server.RaftServer$Division (ServerState.java:setLeader(285)) - 95249411-7456-4ad4-a209-a7ba9f4cfc6c@group-635BB6B223CA: change Leader from null to 95249411-7456-4ad4-a209-a7ba9f4cfc6c at term 1 for becomeLeader, leader elected after 5212ms
2022-02-16 13:53:45,497 [95249411-7456-4ad4-a209-a7ba9f4cfc6c@group-635BB6B223CA-LeaderElection19] INFO  server.RaftServerConfigKeys (ConfUtils.java:logGet(44)) - raft.server.staging.catchup.gap = 1000 (default)
2022-02-16 13:53:45,497 [95249411-7456-4ad4-a209-a7ba9f4cfc6c@group-635BB6B223CA-LeaderElection19] INFO  server.RaftServerConfigKeys (ConfUtils.java:logGet(44)) - raft.server.write.element-limit = 4096 (default)
2022-02-16 13:53:45,497 [95249411-7456-4ad4-a209-a7ba9f4cfc6c@group-635BB6B223CA-LeaderElection19] INFO  server.RaftServerConfigKeys (ConfUtils.java:logGet(44)) - raft.server.write.byte-limit = 64MB (=67108864) (default)
2022-02-16 13:53:45,498 [95249411-7456-4ad4-a209-a7ba9f4cfc6c@group-635BB6B223CA-LeaderElection19] INFO  server.RaftServerConfigKeys (ConfUtils.java:logGet(44)) - raft.server.watch.timeout = 10s (default)
2022-02-16 13:53:45,498 [95249411-7456-4ad4-a209-a7ba9f4cfc6c@group-635BB6B223CA-LeaderElection19] INFO  server.RaftServerConfigKeys (ConfUtils.java:logGet(44)) - raft.server.watch.timeout.denomination = 1s (default)
2022-02-16 13:53:45,498 [95249411-7456-4ad4-a209-a7ba9f4cfc6c@group-635BB6B223CA-LeaderElection19] INFO  server.RaftServerConfigKeys (ConfUtils.java:logGet(44)) - raft.server.watch.element-limit = 65536 (default)
2022-02-16 13:53:45,498 [95249411-7456-4ad4-a209-a7ba9f4cfc6c@group-635BB6B223CA-LeaderElection19] INFO  server.RaftServerConfigKeys (ConfUtils.java:logGet(44)) - raft.server.write.element-limit = 4096 (default)
2022-02-16 13:53:45,498 [95249411-7456-4ad4-a209-a7ba9f4cfc6c@group-635BB6B223CA-LeaderElection19] INFO  server.RaftServerConfigKeys (ConfUtils.java:logGet(44)) - raft.server.write.follower.gap.ratio.max = -1.0 (default)
2022-02-16 13:53:45,498 [95249411-7456-4ad4-a209-a7ba9f4cfc6c@group-635BB6B223CA-LeaderElection19] INFO  impl.RoleInfo (RoleInfo.java:updateAndGet(130)) - 95249411-7456-4ad4-a209-a7ba9f4cfc6c: start 95249411-7456-4ad4-a209-a7ba9f4cfc6c@group-635BB6B223CA-LeaderStateImpl
2022-02-16 13:53:45,498 [95249411-7456-4ad4-a209-a7ba9f4cfc6c@group-635BB6B223CA-LeaderElection19] INFO  segmented.SegmentedRaftLogWorker (SegmentedRaftLogWorker.java:startLogSegment(394)) - 95249411-7456-4ad4-a209-a7ba9f4cfc6c@group-635BB6B223CA-SegmentedRaftLogWorker: Starting segment from index:0
2022-02-16 13:53:45,514 [95249411-7456-4ad4-a209-a7ba9f4cfc6c@group-635BB6B223CA-LeaderElection19] INFO  server.RaftServer$Division (ServerState.java:setRaftConf(387)) - 95249411-7456-4ad4-a209-a7ba9f4cfc6c@group-635BB6B223CA: set configuration 0: [95249411-7456-4ad4-a209-a7ba9f4cfc6c|rpc:localhost:34179|admin:|client:|dataStream:|priority:0], old=null
2022-02-16 13:53:45,514 [95249411-7456-4ad4-a209-a7ba9f4cfc6c@group-635BB6B223CA-SegmentedRaftLogWorker] INFO  segmented.SegmentedRaftLogWorker (SegmentedRaftLogWorker.java:execute(601)) - 95249411-7456-4ad4-a209-a7ba9f4cfc6c@group-635BB6B223CA-SegmentedRaftLogWorker: created new log segment /home/runner/work/ozone/ozone/hadoop-ozone/integration-test/target/test-dir/MiniOzoneClusterImpl-86a05728-24a0-44bd-862c-635bb6b223ca/scmNode-1/scm-ha/86a05728-24a0-44bd-862c-635bb6b223ca/current/log_inprogress_0
2022-02-16 13:53:45,730 [EndpointStateMachine task thread for /127.0.0.1:40707 - 0 ] INFO  ipc.Client (Client.java:handleConnectionFailure(977)) - Retrying connect to server: localhost/127.0.0.1:40707. Already tried 12 time(s); retry policy is RetryUpToMaximumCountWithFixedSleep(maxRetries=15, sleepTime=1000 MILLISECONDS)
2022-02-16 13:53:46,315 [Time-limited test] INFO  server.RaftServer (RaftServerProxy.java:lambda$close$6(391)) - 95249411-7456-4ad4-a209-a7ba9f4cfc6c: close
2022-02-16 13:53:46,315 [Time-limited test] INFO  server.RaftServer$Division (RaftServerImpl.java:lambda$close$4(412)) - 95249411-7456-4ad4-a209-a7ba9f4cfc6c@group-635BB6B223CA: shutdown
2022-02-16 13:53:46,315 [Time-limited test] INFO  util.JmxRegister (JmxRegister.java:unregister(73)) - Successfully un-registered JMX Bean with object name Ratis:service=RaftServer,group=group-635BB6B223CA,id=95249411-7456-4ad4-a209-a7ba9f4cfc6c
2022-02-16 13:53:46,316 [Time-limited test] INFO  impl.RoleInfo (RoleInfo.java:shutdownLeaderState(91)) - 95249411-7456-4ad4-a209-a7ba9f4cfc6c: shutdown 95249411-7456-4ad4-a209-a7ba9f4cfc6c@group-635BB6B223CA-LeaderStateImpl
2022-02-16 13:53:46,316 [Time-limited test] INFO  impl.PendingRequests (PendingRequests.java:sendNotLeaderResponses(282)) - 95249411-7456-4ad4-a209-a7ba9f4cfc6c@group-635BB6B223CA-PendingRequests: sendNotLeaderResponses
2022-02-16 13:53:46,316 [Time-limited test] INFO  impl.StateMachineUpdater (StateMachineUpdater.java:stopAndJoin(149)) - 95249411-7456-4ad4-a209-a7ba9f4cfc6c@group-635BB6B223CA-StateMachineUpdater: set stopIndex = 0
2022-02-16 13:53:46,318 [95249411-7456-4ad4-a209-a7ba9f4cfc6c@group-635BB6B223CA-StateMachineUpdater] INFO  impl.StateMachineUpdater (StateMachineUpdater.java:takeSnapshot(281)) - 95249411-7456-4ad4-a209-a7ba9f4cfc6c@group-635BB6B223CA-StateMachineUpdater: Took a snapshot at index 0
2022-02-16 13:53:46,318 [95249411-7456-4ad4-a209-a7ba9f4cfc6c@group-635BB6B223CA-StateMachineUpdater] INFO  impl.StateMachineUpdater (StateMachineUpdater.java:lambda$new$0(89)) - 95249411-7456-4ad4-a209-a7ba9f4cfc6c@group-635BB6B223CA-StateMachineUpdater: snapshotIndex: updateIncreasingly -1 -> 0
2022-02-16 13:53:46,318 [Time-limited test] INFO  server.RaftServer$Division (ServerState.java:close(419)) - 95249411-7456-4ad4-a209-a7ba9f4cfc6c@group-635BB6B223CA: closes. applyIndex: 0
2022-02-16 13:53:46,318 [95249411-7456-4ad4-a209-a7ba9f4cfc6c@group-635BB6B223CA-SegmentedRaftLogWorker] INFO  segmented.SegmentedRaftLogWorker (SegmentedRaftLogWorker.java:run(327)) - 95249411-7456-4ad4-a209-a7ba9f4cfc6c@group-635BB6B223CA-SegmentedRaftLogWorker was interrupted, exiting. There are 0 tasks remaining in the queue.
2022-02-16 13:53:46,320 [Time-limited test] INFO  segmented.SegmentedRaftLogWorker (SegmentedRaftLogWorker.java:close(237)) - 95249411-7456-4ad4-a209-a7ba9f4cfc6c@group-635BB6B223CA-SegmentedRaftLogWorker close()
2022-02-16 13:53:46,327 [Time-limited test] INFO  server.GrpcService (GrpcService.java:closeImpl(262)) - 95249411-7456-4ad4-a209-a7ba9f4cfc6c: shutdown server with port 34179 now
2022-02-16 13:53:46,328 [Time-limited test] INFO  server.GrpcService (GrpcService.java:closeImpl(271)) - 95249411-7456-4ad4-a209-a7ba9f4cfc6c: shutdown server with port 34179 successfully
2022-02-16 13:53:46,329 [org.apache.ratis.util.JvmPauseMonitor$$Lambda$435/1382067285@6b7d171f] INFO  util.JvmPauseMonitor (JvmPauseMonitor.java:run(109)) - JvmPauseMonitor-95249411-7456-4ad4-a209-a7ba9f4cfc6c: Stopped
2022-02-16 13:53:46,329 [Time-limited test] WARN  server.ServerUtils (ServerUtils.java:getScmDbDir(148)) - ozone.scm.db.dirs is not configured. We recommend adding this setting. Falling back to ozone.metadata.dirs instead.
2022-02-16 13:53:46,331 [Time-limited test] INFO  server.StorageContainerManager (StorageContainerManager.java:scmInit(1083)) - SCM initialization succeeded. Current cluster id for sd=/home/runner/work/ozone/ozone/hadoop-ozone/integration-test/target/test-dir/MiniOzoneClusterImpl-86a05728-24a0-44bd-862c-635bb6b223ca/scmNode-1/scm; cid=86a05728-24a0-44bd-862c-635bb6b223ca; layoutVersion=2; scmId=95249411-7456-4ad4-a209-a7ba9f4cfc6c
2022-02-16 13:53:46,331 [Time-limited test] INFO  ha.SCMHANodeDetails (SCMHANodeDetails.java:loadSCMHAConfig(157)) - ServiceID for StorageContainerManager is scmServiceId
2022-02-16 13:53:46,331 [Time-limited test] INFO  ha.SCMHANodeDetails (SCMHANodeDetails.java:loadSCMHAConfig(168)) - ServiceID for StorageContainerManager is scmServiceId
2022-02-16 13:53:46,331 [Time-limited test] INFO  ha.SCMHANodeDetails (SCMHANodeDetails.java:loadSCMHAConfig(250)) - Found matching SCM address with SCMServiceId: scmServiceId, SCMNodeId: scmNode-1, RPC Address: localhost:34179 and Ratis port: 34179
2022-02-16 13:53:46,331 [Time-limited test] INFO  ha.SCMHANodeDetails (ConfUtils.java:setNodeSpecificConfigs(108)) - Setting configuration key ozone.scm.datanode.address with value of key ozone.scm.datanode.address.scmServiceId.scmNode-1: 127.0.0.1:35853
2022-02-16 13:53:46,331 [Time-limited test] INFO  ha.SCMHANodeDetails (ConfUtils.java:setNodeSpecificConfigs(108)) - Setting configuration key ozone.scm.block.client.address with value of key ozone.scm.block.client.address.scmServiceId.scmNode-1: 127.0.0.1:32773
2022-02-16 13:53:46,331 [Time-limited test] INFO  ha.SCMHANodeDetails (ConfUtils.java:setNodeSpecificConfigs(108)) - Setting configuration key ozone.scm.client.address with value of key ozone.scm.client.address.scmServiceId.scmNode-1: 127.0.0.1:42775
2022-02-16 13:53:46,331 [Time-limited test] INFO  ha.SCMHANodeDetails (ConfUtils.java:setNodeSpecificConfigs(108)) - Setting configuration key ozone.scm.ratis.port with value of key ozone.scm.ratis.port.scmServiceId.scmNode-1: 34179
2022-02-16 13:53:46,331 [Time-limited test] INFO  ha.SCMHANodeDetails (ConfUtils.java:setNodeSpecificConfigs(108)) - Setting configuration key ozone.scm.grpc.port with value of key ozone.scm.grpc.port.scmServiceId.scmNode-1: 38097
2022-02-16 13:53:46,331 [Time-limited test] INFO  ha.SCMHANodeDetails (ConfUtils.java:setNodeSpecificConfigs(108)) - Setting configuration key ozone.scm.http-address with value of key ozone.scm.http-address.scmServiceId.scmNode-1: 127.0.0.1:45603
2022-02-16 13:53:46,331 [Time-limited test] INFO  ha.SCMHANodeDetails (ConfUtils.java:setNodeSpecificConfigs(108)) - Setting configuration key ozone.scm.https-address with value of key ozone.scm.https-address.scmServiceId.scmNode-1: 127.0.0.1:46045
2022-02-16 13:53:46,332 [Time-limited test] INFO  ha.SCMHANodeDetails (ConfUtils.java:setNodeSpecificConfigs(108)) - Setting configuration key ozone.scm.address with value of key ozone.scm.address.scmServiceId.scmNode-1: 127.0.0.1
2022-02-16 13:53:46,332 [Time-limited test] WARN  scm.ScmUtils (ScmUtils.java:logWarn(179)) - ConfigKey ozone.scm.block.client.address is deprecated, For configuring different ports for each SCM use PortConfigKey ozone.scm.block.client.port appended with serviceId and nodeId. If want to configure same port configure ozone.scm.block.client.port
2022-02-16 13:53:46,332 [Time-limited test] WARN  scm.ScmUtils (ScmUtils.java:logWarn(179)) - ConfigKey ozone.scm.client.address is deprecated, For configuring different ports for each SCM use PortConfigKey ozone.scm.client.port appended with serviceId and nodeId. If want to configure same port configure ozone.scm.client.port
2022-02-16 13:53:46,332 [Time-limited test] WARN  scm.ScmUtils (ScmUtils.java:logWarn(179)) - ConfigKey ozone.scm.datanode.address is deprecated, For configuring different ports for each SCM use PortConfigKey ozone.scm.datanode.port appended with serviceId and nodeId. If want to configure same port configure ozone.scm.datanode.port
2022-02-16 13:53:46,332 [Time-limited test] WARN  server.ServerUtils (ServerUtils.java:getScmDbDir(148)) - ozone.scm.db.dirs is not configured. We recommend adding this setting. Falling back to ozone.metadata.dirs instead.
2022-02-16 13:53:46,333 [Time-limited test] INFO  upgrade.AbstractLayoutVersionManager (AbstractLayoutVersionManager.java:init(79)) - Initializing Layout version manager with metadata layout = SCM_HA (version = 2), software layout = SCM_HA (version = 2)
2022-02-16 13:53:46,495 [Time-limited test] INFO  reflections.Reflections (Reflections.java:scan(232)) - Reflections took 161 ms to scan 7 urls, producing 119 keys and 279 values 
2022-02-16 13:53:46,514 [Time-limited test] WARN  utils.HAUtils (HAUtils.java:getMetaDir(342)) - ozone.scm.db.dirs is not configured. We recommend adding this setting. Falling back to ozone.metadata.dirs instead.
2022-02-16 13:53:46,517 [Time-limited test] WARN  db.DBStoreBuilder (DBStoreBuilder.java:applyDBDefinition(145)) - ozone.scm.db.dirs is not configured. We recommend adding this setting. Falling back to ozone.metadata.dirs instead.
2022-02-16 13:53:46,650 [Time-limited test] INFO  net.NodeSchemaLoader (NodeSchemaLoader.java:loadSchemaFromFile(129)) - Loading schema from [jar:file:/home/runner/.m2/repository/org/apache/ozone/hdds-common/1.3.0-SNAPSHOT/hdds-common-1.3.0-SNAPSHOT.jar!/network-topology-default.xml]
2022-02-16 13:53:46,658 [Time-limited test] INFO  net.NodeSchemaLoader (NodeSchemaLoader.java:loadSchema(176)) - Loading network topology layer schema file
2022-02-16 13:53:46,664 [Time-limited test] WARN  impl.MetricRegistriesImpl (MetricRegistriesImpl.java:addReporterRegistration(111)) - New reporters are added after registries were created. Some metrics will be missing from the reporter. Please add reporter before adding any new registry.
2022-02-16 13:53:46,664 [Time-limited test] WARN  impl.MetricRegistriesImpl (MetricRegistriesImpl.java:addReporterRegistration(111)) - New reporters are added after registries were created. Some metrics will be missing from the reporter. Please add reporter before adding any new registry.
2022-02-16 13:53:46,665 [Time-limited test] INFO  ha.SCMRatisServerImpl (SCMRatisServerImpl.java:<init>(87)) - starting Raft server for scm:95249411-7456-4ad4-a209-a7ba9f4cfc6c
2022-02-16 13:53:46,667 [Time-limited test] INFO  server.RaftServer (ConfUtils.java:logGet(44)) - raft.rpc.type = GRPC (default)
2022-02-16 13:53:46,667 [Time-limited test] INFO  grpc.GrpcFactory (GrpcFactory.java:checkPooledByteBufAllocatorUseCacheForAllThreads(48)) - PERFORMANCE WARNING: useCacheForAllThreads is true that may cause Netty to create a lot garbage objects and, as a result, trigger GC.
	It is recommended to disable useCacheForAllThreads by setting -Dorg.apache.ratis.thirdparty.io.netty.allocator.useCacheForAllThreads=false in command line.
2022-02-16 13:53:46,667 [Time-limited test] INFO  grpc.GrpcConfigKeys (ConfUtils.java:logGet(44)) - raft.grpc.admin.port = -1 (default)
2022-02-16 13:53:46,667 [Time-limited test] INFO  grpc.GrpcConfigKeys (ConfUtils.java:logGet(44)) - raft.grpc.server.port = 34179 (custom)
2022-02-16 13:53:46,668 [Time-limited test] INFO  grpc.GrpcConfigKeys (ConfUtils.java:logGet(44)) - raft.grpc.client.port = -1 (default)
2022-02-16 13:53:46,668 [Time-limited test] INFO  grpc.GrpcConfigKeys (ConfUtils.java:logGet(44)) - raft.grpc.server.port = 34179 (custom)
2022-02-16 13:53:46,668 [Time-limited test] INFO  grpc.GrpcConfigKeys (ConfUtils.java:logGet(44)) - raft.grpc.server.port = 34179 (custom)
2022-02-16 13:53:46,668 [Time-limited test] INFO  server.GrpcService (ConfUtils.java:logGet(44)) - raft.grpc.message.size.max = 32m (=33554432) (custom)
2022-02-16 13:53:46,668 [Time-limited test] INFO  server.RaftServerConfigKeys (ConfUtils.java:logGet(44)) - raft.server.log.appender.buffer.byte-limit = 33554432 (custom)
2022-02-16 13:53:46,668 [Time-limited test] INFO  server.GrpcService (ConfUtils.java:logGet(44)) - raft.grpc.flow.control.window = 1MB (=1048576) (default)
2022-02-16 13:53:46,668 [Time-limited test] INFO  server.RaftServerConfigKeys (ConfUtils.java:logGet(44)) - raft.server.rpc.request.timeout = 30000ms (custom)
2022-02-16 13:53:46,670 [Time-limited test] INFO  impl.DataStreamServerImpl (ConfUtils.java:logGet(44)) - raft.datastream.type = DISABLED (default)
2022-02-16 13:53:46,674 [Time-limited test] INFO  server.RaftServerConfigKeys (ConfUtils.java:logGet(44)) - raft.server.rpc.slowness.timeout = 120000ms (custom)
2022-02-16 13:53:46,674 [Time-limited test] INFO  server.RaftServerConfigKeys (ConfUtils.java:logGet(44)) - raft.server.leaderelection.leader.step-down.wait-time = 10s (default)
2022-02-16 13:53:46,674 [Time-limited test] INFO  server.RaftServerConfigKeys (ConfUtils.java:logGet(44)) - raft.server.storage.dir = [/home/runner/work/ozone/ozone/hadoop-ozone/integration-test/target/test-dir/MiniOzoneClusterImpl-86a05728-24a0-44bd-862c-635bb6b223ca/scmNode-1/scm-ha] (custom)
2022-02-16 13:53:46,675 [Time-limited test] INFO  server.RaftServer (RaftServerProxy.java:lambda$null$1(235)) - 95249411-7456-4ad4-a209-a7ba9f4cfc6c: found a subdirectory /home/runner/work/ozone/ozone/hadoop-ozone/integration-test/target/test-dir/MiniOzoneClusterImpl-86a05728-24a0-44bd-862c-635bb6b223ca/scmNode-1/scm-ha/86a05728-24a0-44bd-862c-635bb6b223ca
2022-02-16 13:53:46,678 [Time-limited test] INFO  server.RaftServer (RaftServerProxy.java:addNew(95)) - 95249411-7456-4ad4-a209-a7ba9f4cfc6c: addNew group-635BB6B223CA:[] returns group-635BB6B223CA:java.util.concurrent.CompletableFuture@3865eda3[Not completed]
2022-02-16 13:53:46,679 [pool-239-thread-1] INFO  server.RaftServer$Division (RaftServerImpl.java:<init>(184)) - 95249411-7456-4ad4-a209-a7ba9f4cfc6c: new RaftServerImpl for group-635BB6B223CA:[] with SCMStateMachine:uninitialized
2022-02-16 13:53:46,680 [pool-239-thread-1] INFO  server.RaftServerConfigKeys (ConfUtils.java:logGet(44)) - raft.server.rpc.timeout.min = 5000ms (custom)
2022-02-16 13:53:46,680 [pool-239-thread-1] INFO  server.RaftServerConfigKeys (ConfUtils.java:logGet(44)) - raft.server.rpc.timeout.max = 5200ms (custom)
2022-02-16 13:53:46,680 [pool-239-thread-1] INFO  server.RaftServerConfigKeys (ConfUtils.java:logGet(44)) - raft.server.rpc.sleep.time = 25ms (default)
2022-02-16 13:53:46,680 [pool-239-thread-1] INFO  server.RaftServerConfigKeys (ConfUtils.java:logGet(44)) - raft.server.rpc.slowness.timeout = 120000ms (custom)
2022-02-16 13:53:46,680 [pool-239-thread-1] INFO  server.RaftServerConfigKeys (ConfUtils.java:logGet(44)) - raft.server.leaderelection.leader.step-down.wait-time = 10s (default)
2022-02-16 13:53:46,680 [pool-239-thread-1] INFO  server.RaftServerConfigKeys (ConfUtils.java:logGet(44)) - raft.server.sleep.deviation.threshold = 300ms (default)
2022-02-16 13:53:46,680 [pool-239-thread-1] INFO  server.RaftServerConfigKeys (ConfUtils.java:logGet(44)) - raft.server.log.appender.install.snapshot.enabled = false (custom)
2022-02-16 13:53:46,680 [pool-239-thread-1] INFO  server.RaftServer$Division (ServerState.java:<init>(105)) - 95249411-7456-4ad4-a209-a7ba9f4cfc6c@group-635BB6B223CA: ConfigurationManager, init=-1: [], old=null, confs=<EMPTY_MAP>
2022-02-16 13:53:46,680 [pool-239-thread-1] INFO  server.RaftServerConfigKeys (ConfUtils.java:logGet(44)) - raft.server.storage.dir = [/home/runner/work/ozone/ozone/hadoop-ozone/integration-test/target/test-dir/MiniOzoneClusterImpl-86a05728-24a0-44bd-862c-635bb6b223ca/scmNode-1/scm-ha] (custom)
2022-02-16 13:53:46,681 [pool-239-thread-1] INFO  server.RaftServerConfigKeys (ConfUtils.java:logGet(44)) - raft.server.log.corruption.policy = EXCEPTION (default)
2022-02-16 13:53:46,681 [pool-239-thread-1] INFO  server.RaftServerConfigKeys (ConfUtils.java:logGet(44)) - raft.server.storage.free-space.min = 0MB (=0) (default)
2022-02-16 13:53:46,682 [pool-239-thread-1] INFO  storage.RaftStorageDirectory (RaftStorageDirectoryImpl.java:tryLock(230)) - Lock on /home/runner/work/ozone/ozone/hadoop-ozone/integration-test/target/test-dir/MiniOzoneClusterImpl-86a05728-24a0-44bd-862c-635bb6b223ca/scmNode-1/scm-ha/86a05728-24a0-44bd-862c-635bb6b223ca/in_use.lock acquired by nodename 22946@fv-az270-170
2022-02-16 13:53:46,685 [pool-239-thread-1] INFO  storage.RaftStorage (RaftStorageImpl.java:analyzeAndRecoverStorage(110)) - Read RaftStorageMetadata{term=1, votedFor=95249411-7456-4ad4-a209-a7ba9f4cfc6c} from /home/runner/work/ozone/ozone/hadoop-ozone/integration-test/target/test-dir/MiniOzoneClusterImpl-86a05728-24a0-44bd-862c-635bb6b223ca/scmNode-1/scm-ha/86a05728-24a0-44bd-862c-635bb6b223ca/current/raft-meta
2022-02-16 13:53:46,686 [pool-239-thread-1] INFO  server.RaftServer$Division (ServerState.java:setRaftConf(387)) - 95249411-7456-4ad4-a209-a7ba9f4cfc6c@group-635BB6B223CA: set configuration 0: [95249411-7456-4ad4-a209-a7ba9f4cfc6c|rpc:localhost:34179|admin:|client:|dataStream:|priority:0], old=null
2022-02-16 13:53:46,686 [pool-239-thread-1] INFO  server.RaftServerConfigKeys (ConfUtils.java:logGet(44)) - raft.server.notification.no-leader.timeout = 60s (default)
2022-02-16 13:53:46,686 [pool-239-thread-1] INFO  server.RaftServerConfigKeys (ConfUtils.java:logGet(44)) - raft.server.log.use.memory = false (default)
2022-02-16 13:53:46,686 [pool-239-thread-1] INFO  server.RaftServerConfigKeys (ConfUtils.java:logGet(44)) - raft.server.log.purge.gap = 1000000 (custom)
2022-02-16 13:53:46,686 [pool-239-thread-1] INFO  server.RaftServerConfigKeys (ConfUtils.java:logGet(44)) - raft.server.log.appender.buffer.byte-limit = 33554432 (custom)
2022-02-16 13:53:46,687 [pool-239-thread-1] INFO  server.RaftServerConfigKeys (ConfUtils.java:logGet(44)) - raft.server.log.segment.size.max = 4194304 (custom)
2022-02-16 13:53:46,695 [pool-239-thread-1] INFO  server.RaftServerConfigKeys (ConfUtils.java:logGet(44)) - raft.server.log.segment.cache.num.max = 2 (custom)
2022-02-16 13:53:46,695 [pool-239-thread-1] INFO  server.RaftServerConfigKeys (ConfUtils.java:logGet(44)) - raft.server.log.segment.cache.size.max = 200MB (=209715200) (default)
2022-02-16 13:53:46,695 [pool-239-thread-1] INFO  segmented.SegmentedRaftLogWorker (SegmentedRaftLogWorker.java:<init>(182)) - new 95249411-7456-4ad4-a209-a7ba9f4cfc6c@group-635BB6B223CA-SegmentedRaftLogWorker for RaftStorageImpl:Storage Directory /home/runner/work/ozone/ozone/hadoop-ozone/integration-test/target/test-dir/MiniOzoneClusterImpl-86a05728-24a0-44bd-862c-635bb6b223ca/scmNode-1/scm-ha/86a05728-24a0-44bd-862c-635bb6b223ca
2022-02-16 13:53:46,695 [pool-239-thread-1] INFO  server.RaftServerConfigKeys (ConfUtils.java:logGet(44)) - raft.server.log.queue.byte-limit = 64MB (=67108864) (default)
2022-02-16 13:53:46,695 [pool-239-thread-1] INFO  server.RaftServerConfigKeys (ConfUtils.java:logGet(44)) - raft.server.log.queue.element-limit = 4096 (default)
2022-02-16 13:53:46,695 [pool-239-thread-1] INFO  server.RaftServerConfigKeys (ConfUtils.java:logGet(44)) - raft.server.log.segment.size.max = 4194304 (custom)
2022-02-16 13:53:46,695 [pool-239-thread-1] INFO  server.RaftServerConfigKeys (ConfUtils.java:logGet(44)) - raft.server.log.preallocated.size = 4194304 (custom)
2022-02-16 13:53:46,695 [pool-239-thread-1] INFO  server.RaftServerConfigKeys (ConfUtils.java:logGet(44)) - raft.server.log.force.sync.num = 128 (default)
2022-02-16 13:53:46,695 [pool-239-thread-1] INFO  server.RaftServerConfigKeys (ConfUtils.java:logGet(44)) - raft.server.log.statemachine.data.sync = true (default)
2022-02-16 13:53:46,695 [pool-239-thread-1] INFO  server.RaftServerConfigKeys (ConfUtils.java:logGet(44)) - raft.server.log.statemachine.data.sync.timeout = 10s (default)
2022-02-16 13:53:46,695 [pool-239-thread-1] INFO  server.RaftServerConfigKeys (ConfUtils.java:logGet(44)) - raft.server.log.statemachine.data.sync.timeout.retry = -1 (default)
2022-02-16 13:53:46,698 [pool-239-thread-1] INFO  server.RaftServerConfigKeys (ConfUtils.java:logGet(44)) - raft.server.log.write.buffer.size = 64KB (=65536) (default)
2022-02-16 13:53:46,699 [pool-239-thread-1] INFO  server.RaftServerConfigKeys (ConfUtils.java:logGet(44)) - raft.server.log.statemachine.data.caching.enabled = false (default)
2022-02-16 13:53:46,699 [pool-239-thread-1] INFO  server.RaftServer$Division (ServerState.java:setRaftConf(387)) - 95249411-7456-4ad4-a209-a7ba9f4cfc6c@group-635BB6B223CA: set configuration 0: [95249411-7456-4ad4-a209-a7ba9f4cfc6c|rpc:localhost:34179|admin:|client:|dataStream:|priority:0], old=null
2022-02-16 13:53:46,700 [pool-239-thread-1] INFO  segmented.LogSegment (LogSegment.java:loadSegment(173)) - Successfully read 1 entries from segment file /home/runner/work/ozone/ozone/hadoop-ozone/integration-test/target/test-dir/MiniOzoneClusterImpl-86a05728-24a0-44bd-862c-635bb6b223ca/scmNode-1/scm-ha/86a05728-24a0-44bd-862c-635bb6b223ca/current/log_inprogress_0
2022-02-16 13:53:46,700 [pool-239-thread-1] INFO  segmented.SegmentedRaftLogWorker (SegmentedRaftLogWorker.java:lambda$new$0(133)) - 95249411-7456-4ad4-a209-a7ba9f4cfc6c@group-635BB6B223CA-SegmentedRaftLogWorker: flushIndex: setUnconditionally 0 -> 0
2022-02-16 13:53:46,700 [pool-239-thread-1] INFO  segmented.SegmentedRaftLogWorker (SegmentedRaftLogWorker.java:lambda$new$0(133)) - 95249411-7456-4ad4-a209-a7ba9f4cfc6c@group-635BB6B223CA-SegmentedRaftLogWorker: safeCacheEvictIndex: setUnconditionally 0 -> -1
2022-02-16 13:53:46,703 [pool-239-thread-1] INFO  server.RaftServerConfigKeys (ConfUtils.java:logGet(44)) - raft.server.snapshot.auto.trigger.enabled = true (custom)
2022-02-16 13:53:46,703 [pool-239-thread-1] INFO  server.RaftServerConfigKeys (ConfUtils.java:logGet(44)) - raft.server.snapshot.auto.trigger.threshold = 1000 (custom)
2022-02-16 13:53:46,703 [pool-239-thread-1] INFO  server.RaftServerConfigKeys (ConfUtils.java:logGet(44)) - raft.server.snapshot.retention.file.num = -1 (default)
2022-02-16 13:53:46,703 [pool-239-thread-1] INFO  server.RaftServerConfigKeys (ConfUtils.java:logGet(44)) - raft.server.log.purge.upto.snapshot.index = false (default)
2022-02-16 13:53:46,703 [pool-239-thread-1] INFO  server.RaftServerConfigKeys (ConfUtils.java:logGet(44)) - raft.server.retrycache.expirytime = 60000ms (default)
2022-02-16 13:53:46,703 [pool-239-thread-1] INFO  server.RaftServerConfigKeys (ConfUtils.java:logGet(44)) - raft.server.retrycache.statistics.expirytime = 100μs (default)
2022-02-16 13:53:46,705 [Time-limited test] INFO  ha.SCMSnapshotProvider (SCMSnapshotProvider.java:<init>(66)) - Initializing SCM Snapshot Provider
2022-02-16 13:53:46,705 [Time-limited test] WARN  server.ServerUtils (ServerUtils.java:getDefaultRatisDirectory(237)) - Storage directory for Ratis is not configured. It is a good idea to map this to an SSD disk. Falling back to ozone.metadata.dirs
2022-02-16 13:53:46,705 [Time-limited test] WARN  ha.SCMHAUtils (SCMHAUtils.java:getSCMRatisSnapshotDirectory(146)) - SCM snapshot dir is not configured. Falling back to ozone.metadata.dirs config
2022-02-16 13:53:46,706 [Time-limited test] INFO  ha.SequenceIdGenerator (SequenceIdGenerator.java:upgradeToSequenceId(347)) - upgrade localId to 109611004723200000
2022-02-16 13:53:46,707 [Time-limited test] INFO  ha.SequenceIdGenerator (SequenceIdGenerator.java:upgradeToSequenceId(357)) - upgrade delTxnId to 0
2022-02-16 13:53:46,707 [Time-limited test] INFO  ha.SequenceIdGenerator (SequenceIdGenerator.java:upgradeToSequenceId(371)) - upgrade containerId to 0
2022-02-16 13:53:46,707 [Time-limited test] INFO  ha.SequenceIdGenerator (SequenceIdGenerator.java:<init>(218)) - Init the HA SequenceIdGenerator.
2022-02-16 13:53:46,726 [Time-limited test] INFO  node.SCMNodeManager (SCMNodeManager.java:<init>(144)) - Entering startup safe mode.
2022-02-16 13:53:46,727 [Time-limited test] INFO  algorithms.ContainerPlacementPolicyFactory (ContainerPlacementPolicyFactory.java:getPolicy(60)) - Create container placement policy of type org.apache.hadoop.hdds.scm.container.placement.algorithms.SCMContainerPlacementRandom
2022-02-16 13:53:46,727 [Time-limited test] INFO  pipeline.PipelineStateManagerImpl (PipelineStateManagerImpl.java:initialize(78)) - No pipeline exists in current db
2022-02-16 13:53:46,735 [Time-limited test] INFO  algorithms.LeaderChoosePolicyFactory (LeaderChoosePolicyFactory.java:getPolicy(57)) - Create leader choose policy of type org.apache.hadoop.hdds.scm.pipeline.leader.choose.algorithms.MinLeaderCountChoosePolicy
2022-02-16 13:53:46,735 [Time-limited test] INFO  ha.SCMServiceManager (SCMServiceManager.java:register(43)) - Registering service BackgroundPipelineCreator.
2022-02-16 13:53:46,735 [Time-limited test] INFO  pipeline.BackgroundPipelineCreator (BackgroundPipelineCreator.java:start(130)) - Starting RatisPipelineUtilsThread.
2022-02-16 13:53:46,736 [Time-limited test] INFO  algorithms.PipelineChoosePolicyFactory (PipelineChoosePolicyFactory.java:createPipelineChoosePolicyFromClass(73)) - Create pipeline choose policy of type org.apache.hadoop.hdds.scm.pipeline.choose.algorithms.RandomPipelineChoosePolicy
2022-02-16 13:53:46,737 [Time-limited test] INFO  ha.SCMServiceManager (SCMServiceManager.java:register(43)) - Registering service SCMBlockDeletingService.
2022-02-16 13:53:46,737 [Time-limited test] INFO  ha.SCMServiceManager (SCMServiceManager.java:register(43)) - Registering service ReplicationManager.
2022-02-16 13:53:46,737 [Time-limited test] INFO  container.ReplicationManager (ReplicationManager.java:start(326)) - Starting Replication Monitor Thread.
2022-02-16 13:53:46,751 [EndpointStateMachine task thread for /127.0.0.1:40707 - 0 ] INFO  ipc.Client (Client.java:handleConnectionFailure(977)) - Retrying connect to server: localhost/127.0.0.1:40707. Already tried 13 time(s); retry policy is RetryUpToMaximumCountWithFixedSleep(maxRetries=15, sleepTime=1000 MILLISECONDS)
2022-02-16 13:53:46,751 [Time-limited test] INFO  safemode.ContainerSafeModeRule (ContainerSafeModeRule.java:<init>(89)) - containers with one replica threshold count 0
2022-02-16 13:53:46,751 [Time-limited test] INFO  safemode.HealthyPipelineSafeModeRule (HealthyPipelineSafeModeRule.java:initializeRule(156)) - Total pipeline count is 0, healthy pipeline threshold count is 1
2022-02-16 13:53:46,751 [Time-limited test] INFO  safemode.OneReplicaPipelineSafeModeRule (OneReplicaPipelineSafeModeRule.java:initializeRule(180)) - Total pipeline count is 0, pipeline's with at least one datanode reported threshold count is 0
2022-02-16 13:53:46,771 [ReplicationMonitor] INFO  container.ReplicationManager (ReplicationManager.java:processAll(374)) - Replication Manager is not ready to run until 300000ms after safemode exit
2022-02-16 13:53:46,771 [Time-limited test] INFO  ipc.CallQueueManager (CallQueueManager.java:<init>(90)) - Using callQueue: class java.util.concurrent.LinkedBlockingQueue, queueCapacity: 10000, scheduler: class org.apache.hadoop.ipc.DefaultRpcScheduler, ipcBackoff: false.
2022-02-16 13:53:46,795 [Socket Reader #1 for port 35853] INFO  ipc.Server (Server.java:run(1265)) - Starting Socket Reader #1 for port 35853
2022-02-16 13:53:46,795 [Listener at 0.0.0.0/35853] INFO  ipc.CallQueueManager (CallQueueManager.java:<init>(90)) - Using callQueue: class java.util.concurrent.LinkedBlockingQueue, queueCapacity: 10000, scheduler: class org.apache.hadoop.ipc.DefaultRpcScheduler, ipcBackoff: false.
2022-02-16 13:53:46,796 [Socket Reader #1 for port 32773] INFO  ipc.Server (Server.java:run(1265)) - Starting Socket Reader #1 for port 32773
2022-02-16 13:53:46,827 [Listener at 0.0.0.0/32773] INFO  ipc.CallQueueManager (CallQueueManager.java:<init>(90)) - Using callQueue: class java.util.concurrent.LinkedBlockingQueue, queueCapacity: 10000, scheduler: class org.apache.hadoop.ipc.DefaultRpcScheduler, ipcBackoff: false.
2022-02-16 13:53:46,831 [Socket Reader #1 for port 42775] INFO  ipc.Server (Server.java:run(1265)) - Starting Socket Reader #1 for port 42775
2022-02-16 13:53:46,902 [Listener at 0.0.0.0/42775] INFO  algorithms.ContainerPlacementPolicyFactory (ContainerPlacementPolicyFactory.java:getPolicy(60)) - Create container placement policy of type org.apache.hadoop.hdds.scm.container.placement.algorithms.SCMContainerPlacementRandom
2022-02-16 13:53:46,903 [Listener at 0.0.0.0/42775] INFO  server.StorageContainerManager (StorageContainerManager.java:<init>(388)) - 
Container Balancer status:
Key                            Value
Running                        false
Container Balancer Configuration values:
Key                                                Value
Threshold                                          10
Max Datanodes to Involve per Iteration(percent)    20
Max Size to Move per Iteration                     500GB
Max Size Entering Target per Iteration             26GB
Max Size Leaving Source per Iteration              26GB

2022-02-16 13:53:46,920 [Listener at 0.0.0.0/42775] WARN  events.EventQueue (EventQueue.java:fireEvent(194)) - No event handler registered for event TypedEvent{payloadType=SafeModeStatus, name='Safe mode status'}
2022-02-16 13:53:46,920 [Listener at 0.0.0.0/42775] INFO  ha.SCMContext (SCMContext.java:updateSafeModeStatus(211)) - Update SafeModeStatus from SafeModeStatus{safeModeStatus=true, preCheckPassed=false} to SafeModeStatus{safeModeStatus=true, preCheckPassed=false}.
2022-02-16 13:53:46,920 [Listener at 0.0.0.0/42775] INFO  server.StorageContainerManager (StorageContainerManager.java:start(1303)) - StorageContainerLocationProtocol RPC server is listening at /0.0.0.0:42775
2022-02-16 13:53:46,926 [Listener at 0.0.0.0/42775] INFO  ha.SCMRatisServerImpl (SCMRatisServerImpl.java:start(177)) - starting ratis server 0.0.0.0:34179
2022-02-16 13:53:46,931 [Listener at 0.0.0.0/42775] INFO  server.RaftServer$Division (RaftServerImpl.java:start(301)) - 95249411-7456-4ad4-a209-a7ba9f4cfc6c@group-635BB6B223CA: start as a follower, conf=0: [95249411-7456-4ad4-a209-a7ba9f4cfc6c|rpc:localhost:34179|admin:|client:|dataStream:|priority:0], old=null
2022-02-16 13:53:46,931 [Listener at 0.0.0.0/42775] INFO  server.RaftServer$Division (RaftServerImpl.java:setRole(290)) - 95249411-7456-4ad4-a209-a7ba9f4cfc6c@group-635BB6B223CA: changes role from      null to FOLLOWER at term 1 for startAsFollower
2022-02-16 13:53:46,931 [Listener at 0.0.0.0/42775] INFO  impl.RoleInfo (RoleInfo.java:updateAndGet(130)) - 95249411-7456-4ad4-a209-a7ba9f4cfc6c: start 95249411-7456-4ad4-a209-a7ba9f4cfc6c@group-635BB6B223CA-FollowerState
2022-02-16 13:53:46,931 [Listener at 0.0.0.0/42775] INFO  util.JmxRegister (JmxRegister.java:tryRegister(44)) - Successfully registered JMX Bean with object name Ratis:service=RaftServer,group=group-635BB6B223CA,id=95249411-7456-4ad4-a209-a7ba9f4cfc6c
2022-02-16 13:53:46,938 [Listener at 0.0.0.0/42775] INFO  server.RaftServer (RaftServerProxy.java:lambda$start$5(374)) - 95249411-7456-4ad4-a209-a7ba9f4cfc6c: start RPC server
2022-02-16 13:53:46,939 [Listener at 0.0.0.0/42775] INFO  server.GrpcService (GrpcService.java:startImpl(253)) - 95249411-7456-4ad4-a209-a7ba9f4cfc6c: GrpcService started, listening on 34179
2022-02-16 13:53:46,943 [Listener at 0.0.0.0/42775] INFO  ha.SCMHAManagerImpl (SCMHAManagerImpl.java:start(121)) -  scm role is FOLLOWER peers [95249411-7456-4ad4-a209-a7ba9f4cfc6c|rpc:localhost:34179|admin:|client:|dataStream:|priority:0]
2022-02-16 13:53:46,943 [Listener at 0.0.0.0/42775] INFO  ha.InterSCMGrpcService (InterSCMGrpcProtocolService.java:start(94)) - Starting SCM Grpc Service at port 38097
2022-02-16 13:53:46,943 [org.apache.ratis.util.JvmPauseMonitor$$Lambda$435/1382067285@585d6907] INFO  util.JvmPauseMonitor (JvmPauseMonitor.java:run(103)) - JvmPauseMonitor-95249411-7456-4ad4-a209-a7ba9f4cfc6c: Started
2022-02-16 13:53:46,952 [Listener at 0.0.0.0/42775] WARN  impl.MetricsConfig (MetricsConfig.java:loadFirst(136)) - Cannot locate configuration: tried hadoop-metrics2-storagecontainermanager.properties,hadoop-metrics2.properties
2022-02-16 13:53:46,959 [Listener at 0.0.0.0/42775] INFO  impl.MetricsSystemImpl (MetricsSystemImpl.java:startTimer(378)) - Scheduled Metric snapshot period at 10 second(s).
2022-02-16 13:53:46,959 [Listener at 0.0.0.0/42775] INFO  impl.MetricsSystemImpl (MetricsSystemImpl.java:start(191)) - StorageContainerManager metrics system started
2022-02-16 13:53:46,992 [Listener at 0.0.0.0/42775] INFO  impl.MetricsSinkAdapter (MetricsSinkAdapter.java:start(204)) - Sink prometheus started
2022-02-16 13:53:46,999 [Listener at 0.0.0.0/42775] INFO  impl.MetricsSystemImpl (MetricsSystemImpl.java:registerSink(305)) - Registered sink prometheus
2022-02-16 13:53:47,039 [Listener at 0.0.0.0/42775] INFO  server.SCMClientProtocolServer (SCMClientProtocolServer.java:start(165)) - RPC server for Client  is listening at /0.0.0.0:42775
2022-02-16 13:53:47,049 [IPC Server Responder] INFO  ipc.Server (Server.java:run(1507)) - IPC Server Responder: starting
2022-02-16 13:53:47,055 [IPC Server listener on 42775] INFO  ipc.Server (Server.java:run(1344)) - IPC Server listener on 42775: starting
2022-02-16 13:53:47,343 [Listener at 0.0.0.0/42775] INFO  server.StorageContainerManager (StorageContainerManager.java:start(1318)) - ScmBlockLocationProtocol RPC server is listening at /0.0.0.0:32773
2022-02-16 13:53:47,344 [Listener at 0.0.0.0/42775] INFO  server.SCMBlockProtocolServer (SCMBlockProtocolServer.java:start(151)) - RPC server for Block Protocol is listening at /0.0.0.0:32773
2022-02-16 13:53:47,345 [IPC Server Responder] INFO  ipc.Server (Server.java:run(1507)) - IPC Server Responder: starting
2022-02-16 13:53:47,345 [IPC Server listener on 32773] INFO  ipc.Server (Server.java:run(1344)) - IPC Server listener on 32773: starting
2022-02-16 13:53:47,367 [Listener at 0.0.0.0/42775] INFO  http.BaseHttpServer (BaseHttpServer.java:newHttpServer2BuilderForOzone(209)) - Starting Web-server for scm at: http://0.0.0.0:45603
2022-02-16 13:53:47,371 [Listener at 0.0.0.0/42775] INFO  http.BaseHttpServer (BaseHttpServer.java:<init>(107)) - Hadoop Security Enabled: false Ozone Security Enabled: false Ozone HTTP Security Enabled: false 
2022-02-16 13:53:47,371 [org.apache.hadoop.util.JvmPauseMonitor$Monitor@4b020f18] INFO  util.JvmPauseMonitor (JvmPauseMonitor.java:run(188)) - Starting JVM pause monitor
2022-02-16 13:53:47,373 [Listener at 0.0.0.0/42775] INFO  server.AuthenticationFilter (AuthenticationFilter.java:constructSecretProvider(240)) - Unable to initialize FileSignerSecretProvider, falling back to use random secrets.
2022-02-16 13:53:47,375 [Listener at 0.0.0.0/42775] WARN  http.HttpRequestLog (HttpRequestLog.java:getRequestLog(103)) - Jetty request log can only be enabled using Log4j
2022-02-16 13:53:47,376 [Listener at 0.0.0.0/42775] INFO  http.HttpServer2 (HttpServer2.java:addGlobalFilter(1030)) - Added global filter 'safety' (class=org.apache.hadoop.hdds.server.http.HttpServer2$QuotingInputFilter)
2022-02-16 13:53:47,378 [Listener at 0.0.0.0/42775] INFO  http.HttpServer2 (HttpServer2.java:addFilter(1006)) - Added filter static_user_filter (class=org.apache.hadoop.http.lib.StaticUserWebFilter$StaticUserFilter) to context scm
2022-02-16 13:53:47,378 [Listener at 0.0.0.0/42775] INFO  http.HttpServer2 (HttpServer2.java:addFilter(1014)) - Added filter static_user_filter (class=org.apache.hadoop.http.lib.StaticUserWebFilter$StaticUserFilter) to context static
2022-02-16 13:53:47,378 [Listener at 0.0.0.0/42775] INFO  http.HttpServer2 (HttpServer2.java:addFilter(1014)) - Added filter static_user_filter (class=org.apache.hadoop.http.lib.StaticUserWebFilter$StaticUserFilter) to context logs
2022-02-16 13:53:47,378 [Listener at 0.0.0.0/42775] INFO  http.HttpServer2 (HttpServer2.java:bindListener(1249)) - Jetty bound to port 45603
2022-02-16 13:53:47,379 [Listener at 0.0.0.0/42775] INFO  server.Server (Server.java:doStart(375)) - jetty-9.4.43.v20210629; built: 2021-06-30T11:07:22.254Z; git: 526006ecfa3af7f1a27ef3a288e2bef7ea9dd7e8; jvm 1.8.0_312-b07
2022-02-16 13:53:47,380 [Listener at 0.0.0.0/42775] INFO  server.session (DefaultSessionIdManager.java:doStart(334)) - DefaultSessionIdManager workerName=node0
2022-02-16 13:53:47,381 [Listener at 0.0.0.0/42775] INFO  server.session (DefaultSessionIdManager.java:doStart(339)) - No SessionScavenger set, using defaults
2022-02-16 13:53:47,381 [Listener at 0.0.0.0/42775] INFO  server.session (HouseKeeper.java:startScavenging(132)) - node0 Scavenging every 600000ms
2022-02-16 13:53:47,381 [Listener at 0.0.0.0/42775] INFO  handler.ContextHandler (ContextHandler.java:doStart(915)) - Started o.e.j.s.ServletContextHandler@1eaa00f0{logs,/logs,file:///home/runner/work/ozone/ozone/hadoop-ozone/integration-test/target/log,AVAILABLE}
2022-02-16 13:53:47,382 [Listener at 0.0.0.0/42775] INFO  handler.ContextHandler (ContextHandler.java:doStart(915)) - Started o.e.j.s.ServletContextHandler@43aced6c{static,/static,file:///home/runner/work/ozone/ozone/hadoop-ozone/integration-test/target/test-classes/webapps/static,AVAILABLE}
2022-02-16 13:53:47,393 [Listener at 0.0.0.0/42775] INFO  handler.ContextHandler (ContextHandler.java:doStart(915)) - Started o.e.j.w.WebAppContext@459539fb{scm,/,file:///home/runner/work/ozone/ozone/hadoop-ozone/integration-test/target/test-classes/webapps/scm/,AVAILABLE}{file:/home/runner/work/ozone/ozone/hadoop-ozone/integration-test/target/test-classes/webapps/scm}
2022-02-16 13:53:47,399 [Listener at 0.0.0.0/42775] INFO  server.AbstractConnector (AbstractConnector.java:doStart(331)) - Started ServerConnector@2a717d3d{HTTP/1.1, (http/1.1)}{0.0.0.0:45603}
2022-02-16 13:53:47,399 [Listener at 0.0.0.0/42775] INFO  server.Server (Server.java:doStart(415)) - Started @76583ms
2022-02-16 13:53:47,399 [Listener at 0.0.0.0/42775] WARN  impl.MetricsSystemImpl (MetricsSystemImpl.java:register(279)) - Sink prometheus already exists!
2022-02-16 13:53:47,400 [Listener at 0.0.0.0/42775] INFO  http.BaseHttpServer (BaseHttpServer.java:updateConnectorAddress(329)) - HTTP server of scm listening at http://0.0.0.0:45603
2022-02-16 13:53:47,400 [Listener at 0.0.0.0/42775] INFO  ozone.MiniOzoneHAClusterImpl (MiniOzoneHAClusterImpl.java:createSCMService(600)) - Started SCM RPC server at /0.0.0.0:42775
2022-02-16 13:53:47,415 [Listener at 0.0.0.0/42775] INFO  ha.OMHANodeDetails (OMHANodeDetails.java:loadOMHAConfig(118)) - ServiceID for OzoneManager is om-add-remove
2022-02-16 13:53:47,416 [Listener at 0.0.0.0/42775] INFO  ha.OMHANodeDetails (OMHANodeDetails.java:loadOMHAConfig(193)) - Found matching OM address with OMServiceId: om-add-remove, OMNodeId: omNode-1, RPC Address: localhost:42813 and Ratis port: 32873
2022-02-16 13:53:47,416 [Listener at 0.0.0.0/42775] INFO  ha.OMHANodeDetails (ConfUtils.java:setNodeSpecificConfigs(108)) - Setting configuration key ozone.om.http-address with value of key ozone.om.http-address.om-add-remove.omNode-1: 127.0.0.1:39107
2022-02-16 13:53:47,416 [Listener at 0.0.0.0/42775] INFO  ha.OMHANodeDetails (ConfUtils.java:setNodeSpecificConfigs(108)) - Setting configuration key ozone.om.https-address with value of key ozone.om.https-address.om-add-remove.omNode-1: 127.0.0.1:46871
2022-02-16 13:53:47,416 [Listener at 0.0.0.0/42775] INFO  ha.OMHANodeDetails (ConfUtils.java:setNodeSpecificConfigs(108)) - Setting configuration key ozone.om.address with value of key ozone.om.address.om-add-remove.omNode-1: 127.0.0.1:42813
2022-02-16 13:53:47,416 [Listener at 0.0.0.0/42775] WARN  server.ServerUtils (ServerUtils.java:getDBPath(225)) - ozone.om.db.dirs is not configured. We recommend adding this setting. Falling back to ozone.metadata.dirs instead.
2022-02-16 13:53:47,432 [Listener at 0.0.0.0/42775] INFO  ha.SCMNodeInfo (SCMNodeInfo.java:getPort(197)) - ConfigKey ozone.scm.client.address is deprecated, For configuring different ports for each SCM use PortConfigKey ozone.scm.client.port appended with serviceId and nodeId
2022-02-16 13:53:47,432 [Listener at 0.0.0.0/42775] INFO  ha.SCMNodeInfo (SCMNodeInfo.java:getPort(197)) - ConfigKey ozone.scm.block.client.address is deprecated, For configuring different ports for each SCM use PortConfigKey ozone.scm.block.client.port appended with serviceId and nodeId
2022-02-16 13:53:47,432 [Listener at 0.0.0.0/42775] INFO  ha.SCMNodeInfo (SCMNodeInfo.java:getPort(197)) - ConfigKey ozone.scm.datanode.address is deprecated, For configuring different ports for each SCM use PortConfigKey ozone.scm.datanode.port appended with serviceId and nodeId
2022-02-16 13:53:47,751 [EndpointStateMachine task thread for /127.0.0.1:40707 - 0 ] INFO  ipc.Client (Client.java:handleConnectionFailure(977)) - Retrying connect to server: localhost/127.0.0.1:40707. Already tried 14 time(s); retry policy is RetryUpToMaximumCountWithFixedSleep(maxRetries=15, sleepTime=1000 MILLISECONDS)
2022-02-16 13:53:48,752 [EndpointStateMachine task thread for /127.0.0.1:40707 - 0 ] INFO  ipc.Client (Client.java:handleConnectionFailure(977)) - Retrying connect to server: localhost/127.0.0.1:40707. Already tried 0 time(s); retry policy is RetryUpToMaximumCountWithFixedSleep(maxRetries=15, sleepTime=1000 MILLISECONDS)
2022-02-16 13:53:49,460 [Listener at 0.0.0.0/42775] INFO  retry.RetryInvocationHandler (RetryInvocationHandler.java:log(411)) - com.google.protobuf.ServiceException: org.apache.hadoop.ipc.RemoteException(org.apache.hadoop.hdds.ratis.ServerNotLeaderException): Server:95249411-7456-4ad4-a209-a7ba9f4cfc6c is not the leader. Could not determine the leader node.
	at org.apache.hadoop.hdds.ratis.ServerNotLeaderException.convertToNotLeaderException(ServerNotLeaderException.java:109)
	at org.apache.hadoop.hdds.scm.ha.RatisUtil.checkRatisException(RatisUtil.java:245)
	at org.apache.hadoop.hdds.scm.protocol.ScmBlockLocationProtocolServerSideTranslatorPB.send(ScmBlockLocationProtocolServerSideTranslatorPB.java:108)
	at org.apache.hadoop.hdds.protocol.proto.ScmBlockLocationProtocolProtos$ScmBlockLocationProtocolService$2.callBlockingMethod(ScmBlockLocationProtocolProtos.java:13937)
	at org.apache.hadoop.ipc.ProtobufRpcEngine$Server.processCall(ProtobufRpcEngine.java:466)
	at org.apache.hadoop.ipc.ProtobufRpcEngine2$Server$ProtoBufRpcInvoker.call(ProtobufRpcEngine2.java:574)
	at org.apache.hadoop.ipc.ProtobufRpcEngine2$Server$ProtoBufRpcInvoker.call(ProtobufRpcEngine2.java:552)
	at org.apache.hadoop.ipc.RPC$Server.call(RPC.java:1093)
	at org.apache.hadoop.ipc.Server$RpcCall.run(Server.java:1035)
	at org.apache.hadoop.ipc.Server$RpcCall.run(Server.java:963)
	at java.security.AccessController.doPrivileged(Native Method)
	at javax.security.auth.Subject.doAs(Subject.java:422)
	at org.apache.hadoop.security.UserGroupInformation.doAs(UserGroupInformation.java:1878)
	at org.apache.hadoop.ipc.Server$Handler.run(Server.java:2966)
, while invoking $Proxy40.send over nodeId=scmNode-1,nodeAddress=/127.0.0.1:32773 after 1 failover attempts. Trying to failover after sleeping for 2000ms.
2022-02-16 13:53:49,753 [EndpointStateMachine task thread for /127.0.0.1:40707 - 0 ] INFO  ipc.Client (Client.java:handleConnectionFailure(977)) - Retrying connect to server: localhost/127.0.0.1:40707. Already tried 1 time(s); retry policy is RetryUpToMaximumCountWithFixedSleep(maxRetries=15, sleepTime=1000 MILLISECONDS)
2022-02-16 13:53:50,754 [EndpointStateMachine task thread for /127.0.0.1:40707 - 0 ] INFO  ipc.Client (Client.java:handleConnectionFailure(977)) - Retrying connect to server: localhost/127.0.0.1:40707. Already tried 2 time(s); retry policy is RetryUpToMaximumCountWithFixedSleep(maxRetries=15, sleepTime=1000 MILLISECONDS)
2022-02-16 13:53:51,464 [Listener at 0.0.0.0/42775] INFO  retry.RetryInvocationHandler (RetryInvocationHandler.java:log(411)) - com.google.protobuf.ServiceException: org.apache.hadoop.ipc.RemoteException(org.apache.hadoop.hdds.ratis.ServerNotLeaderException): Server:95249411-7456-4ad4-a209-a7ba9f4cfc6c is not the leader. Could not determine the leader node.
	at org.apache.hadoop.hdds.ratis.ServerNotLeaderException.convertToNotLeaderException(ServerNotLeaderException.java:109)
	at org.apache.hadoop.hdds.scm.ha.RatisUtil.checkRatisException(RatisUtil.java:245)
	at org.apache.hadoop.hdds.scm.protocol.ScmBlockLocationProtocolServerSideTranslatorPB.send(ScmBlockLocationProtocolServerSideTranslatorPB.java:108)
	at org.apache.hadoop.hdds.protocol.proto.ScmBlockLocationProtocolProtos$ScmBlockLocationProtocolService$2.callBlockingMethod(ScmBlockLocationProtocolProtos.java:13937)
	at org.apache.hadoop.ipc.ProtobufRpcEngine$Server.processCall(ProtobufRpcEngine.java:466)
	at org.apache.hadoop.ipc.ProtobufRpcEngine2$Server$ProtoBufRpcInvoker.call(ProtobufRpcEngine2.java:574)
	at org.apache.hadoop.ipc.ProtobufRpcEngine2$Server$ProtoBufRpcInvoker.call(ProtobufRpcEngine2.java:552)
	at org.apache.hadoop.ipc.RPC$Server.call(RPC.java:1093)
	at org.apache.hadoop.ipc.Server$RpcCall.run(Server.java:1035)
	at org.apache.hadoop.ipc.Server$RpcCall.run(Server.java:963)
	at java.security.AccessController.doPrivileged(Native Method)
	at javax.security.auth.Subject.doAs(Subject.java:422)
	at org.apache.hadoop.security.UserGroupInformation.doAs(UserGroupInformation.java:1878)
	at org.apache.hadoop.ipc.Server$Handler.run(Server.java:2966)
, while invoking $Proxy40.send over nodeId=scmNode-1,nodeAddress=/127.0.0.1:32773 after 2 failover attempts. Trying to failover after sleeping for 2000ms.
2022-02-16 13:53:51,754 [EndpointStateMachine task thread for /127.0.0.1:40707 - 0 ] INFO  ipc.Client (Client.java:handleConnectionFailure(977)) - Retrying connect to server: localhost/127.0.0.1:40707. Already tried 3 time(s); retry policy is RetryUpToMaximumCountWithFixedSleep(maxRetries=15, sleepTime=1000 MILLISECONDS)
2022-02-16 13:53:52,007 [95249411-7456-4ad4-a209-a7ba9f4cfc6c@group-635BB6B223CA-FollowerState] INFO  impl.FollowerState (FollowerState.java:run(134)) - 95249411-7456-4ad4-a209-a7ba9f4cfc6c@group-635BB6B223CA-FollowerState: change to CANDIDATE, lastRpcElapsedTime:5076137779ns, electionTimeout:5075ms
2022-02-16 13:53:52,008 [95249411-7456-4ad4-a209-a7ba9f4cfc6c@group-635BB6B223CA-FollowerState] INFO  impl.RoleInfo (RoleInfo.java:shutdownFollowerState(108)) - 95249411-7456-4ad4-a209-a7ba9f4cfc6c: shutdown 95249411-7456-4ad4-a209-a7ba9f4cfc6c@group-635BB6B223CA-FollowerState
2022-02-16 13:53:52,008 [95249411-7456-4ad4-a209-a7ba9f4cfc6c@group-635BB6B223CA-FollowerState] INFO  server.RaftServer$Division (RaftServerImpl.java:setRole(290)) - 95249411-7456-4ad4-a209-a7ba9f4cfc6c@group-635BB6B223CA: changes role from  FOLLOWER to CANDIDATE at term 1 for changeToCandidate
2022-02-16 13:53:52,008 [95249411-7456-4ad4-a209-a7ba9f4cfc6c@group-635BB6B223CA-FollowerState] INFO  server.RaftServerConfigKeys (ConfUtils.java:logGet(44)) - raft.server.leaderelection.pre-vote = false (custom)
2022-02-16 13:53:52,008 [95249411-7456-4ad4-a209-a7ba9f4cfc6c@group-635BB6B223CA-FollowerState] INFO  impl.RoleInfo (RoleInfo.java:updateAndGet(130)) - 95249411-7456-4ad4-a209-a7ba9f4cfc6c: start 95249411-7456-4ad4-a209-a7ba9f4cfc6c@group-635BB6B223CA-LeaderElection20
2022-02-16 13:53:52,023 [95249411-7456-4ad4-a209-a7ba9f4cfc6c@group-635BB6B223CA-LeaderElection20] INFO  impl.LeaderElection (LeaderElection.java:askForVotes(306)) - 95249411-7456-4ad4-a209-a7ba9f4cfc6c@group-635BB6B223CA-LeaderElection20 ELECTION round 0: submit vote requests at term 2 for 0: [95249411-7456-4ad4-a209-a7ba9f4cfc6c|rpc:localhost:34179|admin:|client:|dataStream:|priority:0], old=null
2022-02-16 13:53:52,024 [95249411-7456-4ad4-a209-a7ba9f4cfc6c@group-635BB6B223CA-LeaderElection20] INFO  impl.LeaderElection (LeaderElection.java:askForVotes(308)) - 95249411-7456-4ad4-a209-a7ba9f4cfc6c@group-635BB6B223CA-LeaderElection20 ELECTION round 0: result PASSED (term=2)
2022-02-16 13:53:52,024 [95249411-7456-4ad4-a209-a7ba9f4cfc6c@group-635BB6B223CA-LeaderElection20] INFO  impl.RoleInfo (RoleInfo.java:shutdownLeaderElection(121)) - 95249411-7456-4ad4-a209-a7ba9f4cfc6c: shutdown 95249411-7456-4ad4-a209-a7ba9f4cfc6c@group-635BB6B223CA-LeaderElection20
2022-02-16 13:53:52,024 [95249411-7456-4ad4-a209-a7ba9f4cfc6c@group-635BB6B223CA-LeaderElection20] INFO  server.RaftServer$Division (RaftServerImpl.java:setRole(290)) - 95249411-7456-4ad4-a209-a7ba9f4cfc6c@group-635BB6B223CA: changes role from CANDIDATE to LEADER at term 2 for changeToLeader
2022-02-16 13:53:52,024 [95249411-7456-4ad4-a209-a7ba9f4cfc6c@group-635BB6B223CA-LeaderElection20] INFO  ha.SCMStateMachine (SCMStateMachine.java:notifyLeaderChanged(259)) - current SCM becomes leader of term 2.
2022-02-16 13:53:52,024 [95249411-7456-4ad4-a209-a7ba9f4cfc6c@group-635BB6B223CA-LeaderElection20] INFO  ha.SCMContext (SCMContext.java:updateLeaderAndTerm(90)) - update <isLeader,term> from <false,0> to <true,2>
2022-02-16 13:53:52,024 [95249411-7456-4ad4-a209-a7ba9f4cfc6c@group-635BB6B223CA-LeaderElection20] INFO  server.RaftServer$Division (ServerState.java:setLeader(285)) - 95249411-7456-4ad4-a209-a7ba9f4cfc6c@group-635BB6B223CA: change Leader from null to 95249411-7456-4ad4-a209-a7ba9f4cfc6c at term 2 for becomeLeader, leader elected after 5337ms
2022-02-16 13:53:52,024 [95249411-7456-4ad4-a209-a7ba9f4cfc6c@group-635BB6B223CA-LeaderElection20] INFO  server.RaftServerConfigKeys (ConfUtils.java:logGet(44)) - raft.server.staging.catchup.gap = 1000 (default)
2022-02-16 13:53:52,024 [95249411-7456-4ad4-a209-a7ba9f4cfc6c@group-635BB6B223CA-LeaderElection20] INFO  server.RaftServerConfigKeys (ConfUtils.java:logGet(44)) - raft.server.write.element-limit = 4096 (default)
2022-02-16 13:53:52,024 [95249411-7456-4ad4-a209-a7ba9f4cfc6c@group-635BB6B223CA-LeaderElection20] INFO  server.RaftServerConfigKeys (ConfUtils.java:logGet(44)) - raft.server.write.byte-limit = 64MB (=67108864) (default)
2022-02-16 13:53:52,025 [95249411-7456-4ad4-a209-a7ba9f4cfc6c@group-635BB6B223CA-LeaderElection20] INFO  server.RaftServerConfigKeys (ConfUtils.java:logGet(44)) - raft.server.watch.timeout = 10s (default)
2022-02-16 13:53:52,025 [95249411-7456-4ad4-a209-a7ba9f4cfc6c@group-635BB6B223CA-LeaderElection20] INFO  server.RaftServerConfigKeys (ConfUtils.java:logGet(44)) - raft.server.watch.timeout.denomination = 1s (default)
2022-02-16 13:53:52,025 [95249411-7456-4ad4-a209-a7ba9f4cfc6c@group-635BB6B223CA-LeaderElection20] INFO  server.RaftServerConfigKeys (ConfUtils.java:logGet(44)) - raft.server.watch.element-limit = 65536 (default)
2022-02-16 13:53:52,025 [95249411-7456-4ad4-a209-a7ba9f4cfc6c@group-635BB6B223CA-LeaderElection20] INFO  server.RaftServerConfigKeys (ConfUtils.java:logGet(44)) - raft.server.write.element-limit = 4096 (default)
2022-02-16 13:53:52,025 [95249411-7456-4ad4-a209-a7ba9f4cfc6c@group-635BB6B223CA-LeaderElection20] INFO  server.RaftServerConfigKeys (ConfUtils.java:logGet(44)) - raft.server.write.follower.gap.ratio.max = -1.0 (default)
2022-02-16 13:53:52,031 [95249411-7456-4ad4-a209-a7ba9f4cfc6c@group-635BB6B223CA-LeaderElection20] INFO  impl.RoleInfo (RoleInfo.java:updateAndGet(130)) - 95249411-7456-4ad4-a209-a7ba9f4cfc6c: start 95249411-7456-4ad4-a209-a7ba9f4cfc6c@group-635BB6B223CA-LeaderStateImpl
2022-02-16 13:53:52,031 [95249411-7456-4ad4-a209-a7ba9f4cfc6c@group-635BB6B223CA-LeaderElection20] INFO  segmented.SegmentedRaftLogWorker (SegmentedRaftLogWorker.java:rollLogSegment(399)) - 95249411-7456-4ad4-a209-a7ba9f4cfc6c@group-635BB6B223CA-SegmentedRaftLogWorker: Rolling segment log-0_0 to index:0
2022-02-16 13:53:52,051 [95249411-7456-4ad4-a209-a7ba9f4cfc6c@group-635BB6B223CA-SegmentedRaftLogWorker] INFO  segmented.SegmentedRaftLogWorker (SegmentedRaftLogWorker.java:execute(558)) - 95249411-7456-4ad4-a209-a7ba9f4cfc6c@group-635BB6B223CA-SegmentedRaftLogWorker: Rolled log segment from /home/runner/work/ozone/ozone/hadoop-ozone/integration-test/target/test-dir/MiniOzoneClusterImpl-86a05728-24a0-44bd-862c-635bb6b223ca/scmNode-1/scm-ha/86a05728-24a0-44bd-862c-635bb6b223ca/current/log_inprogress_0 to /home/runner/work/ozone/ozone/hadoop-ozone/integration-test/target/test-dir/MiniOzoneClusterImpl-86a05728-24a0-44bd-862c-635bb6b223ca/scmNode-1/scm-ha/86a05728-24a0-44bd-862c-635bb6b223ca/current/log_0-0
2022-02-16 13:53:52,055 [95249411-7456-4ad4-a209-a7ba9f4cfc6c@group-635BB6B223CA-LeaderElection20] INFO  server.RaftServer$Division (ServerState.java:setRaftConf(387)) - 95249411-7456-4ad4-a209-a7ba9f4cfc6c@group-635BB6B223CA: set configuration 1: [95249411-7456-4ad4-a209-a7ba9f4cfc6c|rpc:localhost:34179|admin:|client:|dataStream:|priority:0], old=null
2022-02-16 13:53:52,073 [95249411-7456-4ad4-a209-a7ba9f4cfc6c@group-635BB6B223CA-SegmentedRaftLogWorker] INFO  segmented.SegmentedRaftLogWorker (SegmentedRaftLogWorker.java:execute(601)) - 95249411-7456-4ad4-a209-a7ba9f4cfc6c@group-635BB6B223CA-SegmentedRaftLogWorker: created new log segment /home/runner/work/ozone/ozone/hadoop-ozone/integration-test/target/test-dir/MiniOzoneClusterImpl-86a05728-24a0-44bd-862c-635bb6b223ca/scmNode-1/scm-ha/86a05728-24a0-44bd-862c-635bb6b223ca/current/log_inprogress_1
2022-02-16 13:53:52,075 [95249411-7456-4ad4-a209-a7ba9f4cfc6c@group-635BB6B223CA-StateMachineUpdater] INFO  ha.SCMContext (SCMContext.java:setLeaderReady(117)) - update <isLeaderReady> from <false> to <true>
2022-02-16 13:53:52,080 [95249411-7456-4ad4-a209-a7ba9f4cfc6c@group-635BB6B223CA-StateMachineUpdater] INFO  pipeline.BackgroundPipelineCreator (BackgroundPipelineCreator.java:notifyStatusChanged(264)) - Service BackgroundPipelineCreator transitions to RUNNING.
2022-02-16 13:53:52,080 [95249411-7456-4ad4-a209-a7ba9f4cfc6c@group-635BB6B223CA-StateMachineUpdater] INFO  safemode.HealthyPipelineSafeModeRule (HealthyPipelineSafeModeRule.java:initializeRule(152)) - Refreshed total pipeline count is 0, healthy pipeline threshold count is 1
2022-02-16 13:53:52,081 [95249411-7456-4ad4-a209-a7ba9f4cfc6c@group-635BB6B223CA-StateMachineUpdater] INFO  safemode.ContainerSafeModeRule (ContainerSafeModeRule.java:reInitializeRule(177)) - Refreshed one replica container threshold 0, currentThreshold 0
2022-02-16 13:53:52,081 [95249411-7456-4ad4-a209-a7ba9f4cfc6c@group-635BB6B223CA-StateMachineUpdater] INFO  safemode.OneReplicaPipelineSafeModeRule (OneReplicaPipelineSafeModeRule.java:initializeRule(176)) - Refreshed Total pipeline count is 0, pipeline's with at least one datanode reported threshold count is 0
2022-02-16 13:53:52,081 [95249411-7456-4ad4-a209-a7ba9f4cfc6c@group-635BB6B223CA-StateMachineUpdater] INFO  server.SCMDatanodeProtocolServer (SCMDatanodeProtocolServer.java:start(181)) - ScmDatanodeProtocol RPC server for DataNodes is listening at /0.0.0.0:35853
2022-02-16 13:53:52,119 [IPC Server Responder] INFO  ipc.Server (Server.java:run(1507)) - IPC Server Responder: starting
2022-02-16 13:53:52,121 [IPC Server listener on 35853] INFO  ipc.Server (Server.java:run(1344)) - IPC Server listener on 35853: starting
2022-02-16 13:53:52,755 [EndpointStateMachine task thread for /127.0.0.1:40707 - 0 ] INFO  ipc.Client (Client.java:handleConnectionFailure(977)) - Retrying connect to server: localhost/127.0.0.1:40707. Already tried 4 time(s); retry policy is RetryUpToMaximumCountWithFixedSleep(maxRetries=15, sleepTime=1000 MILLISECONDS)
OM initialization succeeded.Current cluster id for sd=/home/runner/work/ozone/ozone/hadoop-ozone/integration-test/target/test-dir/MiniOzoneClusterImpl-86a05728-24a0-44bd-862c-635bb6b223ca/omNode-1/om;cid=86a05728-24a0-44bd-862c-635bb6b223ca;layoutVersion=0
2022-02-16 13:53:53,472 [Listener at 0.0.0.0/42775] INFO  ha.OMHANodeDetails (OMHANodeDetails.java:loadOMHAConfig(118)) - ServiceID for OzoneManager is om-add-remove
2022-02-16 13:53:53,473 [Listener at 0.0.0.0/42775] INFO  ha.OMHANodeDetails (OMHANodeDetails.java:loadOMHAConfig(193)) - Found matching OM address with OMServiceId: om-add-remove, OMNodeId: omNode-1, RPC Address: localhost:42813 and Ratis port: 32873
2022-02-16 13:53:53,473 [Listener at 0.0.0.0/42775] INFO  ha.OMHANodeDetails (ConfUtils.java:setNodeSpecificConfigs(108)) - Setting configuration key ozone.om.http-address with value of key ozone.om.http-address.om-add-remove.omNode-1: 127.0.0.1:39107
2022-02-16 13:53:53,473 [Listener at 0.0.0.0/42775] INFO  ha.OMHANodeDetails (ConfUtils.java:setNodeSpecificConfigs(108)) - Setting configuration key ozone.om.https-address with value of key ozone.om.https-address.om-add-remove.omNode-1: 127.0.0.1:46871
2022-02-16 13:53:53,473 [Listener at 0.0.0.0/42775] INFO  ha.OMHANodeDetails (ConfUtils.java:setNodeSpecificConfigs(108)) - Setting configuration key ozone.om.address with value of key ozone.om.address.om-add-remove.omNode-1: 127.0.0.1:42813
2022-02-16 13:53:53,473 [Listener at 0.0.0.0/42775] WARN  server.ServerUtils (ServerUtils.java:getDBPath(225)) - ozone.om.db.dirs is not configured. We recommend adding this setting. Falling back to ozone.metadata.dirs instead.
2022-02-16 13:53:53,474 [Listener at 0.0.0.0/42775] INFO  upgrade.AbstractLayoutVersionManager (AbstractLayoutVersionManager.java:init(79)) - Initializing Layout version manager with metadata layout = INITIAL_VERSION (version = 0), software layout = INITIAL_VERSION (version = 0)
2022-02-16 13:53:53,571 [Listener at 0.0.0.0/42775] INFO  reflections.Reflections (Reflections.java:scan(232)) - Reflections took 96 ms to scan 2 urls, producing 133 keys and 348 values [using 2 cores]
2022-02-16 13:53:53,572 [Listener at 0.0.0.0/42775] INFO  upgrade.OMLayoutVersionManager (OMLayoutVersionManager.java:lambda$0(115)) - Skipping Upgrade Action MockOmUpgradeAction since it has been finalized.
2022-02-16 13:53:53,572 [Listener at 0.0.0.0/42775] WARN  server.ServerUtils (ServerUtils.java:getDBPath(225)) - ozone.om.db.dirs is not configured. We recommend adding this setting. Falling back to ozone.metadata.dirs instead.
2022-02-16 13:53:53,572 [Listener at 0.0.0.0/42775] INFO  ha.SCMNodeInfo (SCMNodeInfo.java:getPort(197)) - ConfigKey ozone.scm.client.address is deprecated, For configuring different ports for each SCM use PortConfigKey ozone.scm.client.port appended with serviceId and nodeId
2022-02-16 13:53:53,572 [Listener at 0.0.0.0/42775] INFO  ha.SCMNodeInfo (SCMNodeInfo.java:getPort(197)) - ConfigKey ozone.scm.block.client.address is deprecated, For configuring different ports for each SCM use PortConfigKey ozone.scm.block.client.port appended with serviceId and nodeId
2022-02-16 13:53:53,572 [Listener at 0.0.0.0/42775] INFO  ha.SCMNodeInfo (SCMNodeInfo.java:getPort(197)) - ConfigKey ozone.scm.datanode.address is deprecated, For configuring different ports for each SCM use PortConfigKey ozone.scm.datanode.port appended with serviceId and nodeId
2022-02-16 13:53:53,577 [Listener at 0.0.0.0/42775] INFO  ha.SCMNodeInfo (SCMNodeInfo.java:getPort(197)) - ConfigKey ozone.scm.client.address is deprecated, For configuring different ports for each SCM use PortConfigKey ozone.scm.client.port appended with serviceId and nodeId
2022-02-16 13:53:53,578 [Listener at 0.0.0.0/42775] INFO  ha.SCMNodeInfo (SCMNodeInfo.java:getPort(197)) - ConfigKey ozone.scm.block.client.address is deprecated, For configuring different ports for each SCM use PortConfigKey ozone.scm.block.client.port appended with serviceId and nodeId
2022-02-16 13:53:53,578 [Listener at 0.0.0.0/42775] INFO  ha.SCMNodeInfo (SCMNodeInfo.java:getPort(197)) - ConfigKey ozone.scm.datanode.address is deprecated, For configuring different ports for each SCM use PortConfigKey ozone.scm.datanode.port appended with serviceId and nodeId
2022-02-16 13:53:53,583 [Listener at 0.0.0.0/42775] INFO  ha.SCMNodeInfo (SCMNodeInfo.java:getPort(197)) - ConfigKey ozone.scm.client.address is deprecated, For configuring different ports for each SCM use PortConfigKey ozone.scm.client.port appended with serviceId and nodeId
2022-02-16 13:53:53,583 [Listener at 0.0.0.0/42775] INFO  ha.SCMNodeInfo (SCMNodeInfo.java:getPort(197)) - ConfigKey ozone.scm.block.client.address is deprecated, For configuring different ports for each SCM use PortConfigKey ozone.scm.block.client.port appended with serviceId and nodeId
2022-02-16 13:53:53,583 [Listener at 0.0.0.0/42775] INFO  ha.SCMNodeInfo (SCMNodeInfo.java:getPort(197)) - ConfigKey ozone.scm.datanode.address is deprecated, For configuring different ports for each SCM use PortConfigKey ozone.scm.datanode.port appended with serviceId and nodeId
2022-02-16 13:53:53,625 [Listener at 0.0.0.0/42775] WARN  server.ServerUtils (ServerUtils.java:getDBPath(225)) - ozone.om.db.dirs is not configured. We recommend adding this setting. Falling back to ozone.metadata.dirs instead.
2022-02-16 13:53:53,626 [Listener at 0.0.0.0/42775] INFO  codec.OmKeyInfoCodec (OmKeyInfoCodec.java:<init>(50)) - OmKeyInfoCodec ignorePipeline = true
2022-02-16 13:53:53,626 [Listener at 0.0.0.0/42775] INFO  codec.RepeatedOmKeyInfoCodec (RepeatedOmKeyInfoCodec.java:<init>(42)) - RepeatedOmKeyInfoCodec ignorePipeline = true
2022-02-16 13:53:53,756 [EndpointStateMachine task thread for /127.0.0.1:40707 - 0 ] INFO  ipc.Client (Client.java:handleConnectionFailure(977)) - Retrying connect to server: localhost/127.0.0.1:40707. Already tried 5 time(s); retry policy is RetryUpToMaximumCountWithFixedSleep(maxRetries=15, sleepTime=1000 MILLISECONDS)
2022-02-16 13:53:53,871 [Listener at 0.0.0.0/42775] INFO  om.OzoneManager (OzoneManager.java:addS3GVolumeToDB(3732)) - Created Volume s3v With Owner runner required for S3Gateway operations.
2022-02-16 13:53:53,871 [Listener at 0.0.0.0/42775] WARN  server.ServerUtils (ServerUtils.java:getDefaultRatisDirectory(237)) - Storage directory for Ratis is not configured. It is a good idea to map this to an SSD disk. Falling back to ozone.metadata.dirs
2022-02-16 13:53:53,872 [Listener at 0.0.0.0/42775] WARN  utils.OzoneManagerRatisUtils (OzoneManagerRatisUtils.java:getOMRatisSnapshotDirectory(330)) - ozone.om.ratis.snapshot.dir is not configured. Falling back to ozone.metadata.dirs config
2022-02-16 13:53:53,872 [Listener at 0.0.0.0/42775] WARN  impl.MetricRegistriesImpl (MetricRegistriesImpl.java:addReporterRegistration(111)) - New reporters are added after registries were created. Some metrics will be missing from the reporter. Please add reporter before adding any new registry.
2022-02-16 13:53:53,872 [Listener at 0.0.0.0/42775] WARN  impl.MetricRegistriesImpl (MetricRegistriesImpl.java:addReporterRegistration(111)) - New reporters are added after registries were created. Some metrics will be missing from the reporter. Please add reporter before adding any new registry.
2022-02-16 13:53:53,872 [Listener at 0.0.0.0/42775] WARN  server.ServerUtils (ServerUtils.java:getDefaultRatisDirectory(237)) - Storage directory for Ratis is not configured. It is a good idea to map this to an SSD disk. Falling back to ozone.metadata.dirs
2022-02-16 13:53:53,883 [Listener at 0.0.0.0/42775] INFO  ratis.OzoneManagerRatisServer (OzoneManagerRatisServer.java:<init>(159)) - Instantiating OM Ratis server with groupID: om-add-remove and peers: localhost:32873
2022-02-16 13:53:53,884 [Listener at 0.0.0.0/42775] INFO  ratis.OzoneManagerStateMachine (OzoneManagerStateMachine.java:loadSnapshotInfoFromDB(605)) - LastAppliedIndex is set from TransactionInfo from OM DB as (t:0, i:~)
2022-02-16 13:53:53,891 [Listener at 0.0.0.0/42775] INFO  server.RaftServer (ConfUtils.java:logGet(44)) - raft.rpc.type = GRPC (default)
2022-02-16 13:53:53,891 [Listener at 0.0.0.0/42775] INFO  grpc.GrpcFactory (GrpcFactory.java:checkPooledByteBufAllocatorUseCacheForAllThreads(48)) - PERFORMANCE WARNING: useCacheForAllThreads is true that may cause Netty to create a lot garbage objects and, as a result, trigger GC.
	It is recommended to disable useCacheForAllThreads by setting -Dorg.apache.ratis.thirdparty.io.netty.allocator.useCacheForAllThreads=false in command line.
2022-02-16 13:53:53,891 [Listener at 0.0.0.0/42775] INFO  grpc.GrpcConfigKeys (ConfUtils.java:logGet(44)) - raft.grpc.admin.port = -1 (default)
2022-02-16 13:53:53,891 [Listener at 0.0.0.0/42775] INFO  grpc.GrpcConfigKeys (ConfUtils.java:logGet(44)) - raft.grpc.server.port = 32873 (custom)
2022-02-16 13:53:53,891 [Listener at 0.0.0.0/42775] INFO  grpc.GrpcConfigKeys (ConfUtils.java:logGet(44)) - raft.grpc.client.port = -1 (default)
2022-02-16 13:53:53,891 [Listener at 0.0.0.0/42775] INFO  grpc.GrpcConfigKeys (ConfUtils.java:logGet(44)) - raft.grpc.server.port = 32873 (custom)
2022-02-16 13:53:53,891 [Listener at 0.0.0.0/42775] INFO  grpc.GrpcConfigKeys (ConfUtils.java:logGet(44)) - raft.grpc.server.port = 32873 (custom)
2022-02-16 13:53:53,891 [Listener at 0.0.0.0/42775] INFO  server.GrpcService (ConfUtils.java:logGet(44)) - raft.grpc.message.size.max = 33554432 (custom)
2022-02-16 13:53:53,891 [Listener at 0.0.0.0/42775] INFO  server.RaftServerConfigKeys (ConfUtils.java:logGet(44)) - raft.server.log.appender.buffer.byte-limit = 33554432 (custom)
2022-02-16 13:53:53,892 [Listener at 0.0.0.0/42775] INFO  server.GrpcService (ConfUtils.java:logGet(44)) - raft.grpc.flow.control.window = 1MB (=1048576) (default)
2022-02-16 13:53:53,892 [Listener at 0.0.0.0/42775] INFO  server.RaftServerConfigKeys (ConfUtils.java:logGet(44)) - raft.server.rpc.request.timeout = 3000ms (default)
2022-02-16 13:53:53,893 [Listener at 0.0.0.0/42775] INFO  impl.DataStreamServerImpl (ConfUtils.java:logGet(44)) - raft.datastream.type = DISABLED (default)
2022-02-16 13:53:53,893 [Listener at 0.0.0.0/42775] INFO  server.RaftServerConfigKeys (ConfUtils.java:logGet(44)) - raft.server.rpc.slowness.timeout = 2s (custom)
2022-02-16 13:53:53,893 [Listener at 0.0.0.0/42775] INFO  server.RaftServerConfigKeys (ConfUtils.java:logGet(44)) - raft.server.leaderelection.leader.step-down.wait-time = 10s (default)
2022-02-16 13:53:53,893 [Listener at 0.0.0.0/42775] INFO  server.RaftServerConfigKeys (ConfUtils.java:logGet(44)) - raft.server.storage.dir = [/home/runner/work/ozone/ozone/hadoop-ozone/integration-test/target/test-dir/MiniOzoneClusterImpl-86a05728-24a0-44bd-862c-635bb6b223ca/omNode-1/ratis] (custom)
2022-02-16 13:53:53,903 [Listener at 0.0.0.0/42775] INFO  server.RaftServer (RaftServerProxy.java:addNew(95)) - omNode-1: addNew group-0AAC5367B30E:[omNode-1|rpc:localhost:32873|priority:0] returns group-0AAC5367B30E:java.util.concurrent.CompletableFuture@6017130c[Not completed]
2022-02-16 13:53:53,903 [pool-265-thread-1] INFO  server.RaftServer$Division (OzoneManager.java:initializeRatisServer(1834)) - OzoneManager Ratis server initialized at port 32873
RaftServerImpl.java:<init>(184)) - omNode-1: new RaftServerImpl for group-0AAC5367B30E:[omNode-1|rpc:localhost:32873|priority:0] with OzoneManagerStateMachine:uninitialized
2022-02-16 13:53:53,903 [Listener at 0.0.0.0/42775] INFO  om.OzoneManager (OzoneManager.java:initializeRatisServer(1834)) - OzoneManager Ratis server initialized at port 32873
2022-02-16 13:53:53,904 [Listener at 0.0.0.0/42775] INFO  ipc.CallQueueManager (CallQueueManager.java:<init>(90)) - Using callQueue: class java.util.concurrent.LinkedBlockingQueue, queueCapacity: 2000, scheduler: class org.apache.hadoop.ipc.DefaultRpcScheduler, ipcBackoff: false.
2022-02-16 13:53:53,912 [Socket Reader #1 for port 42813] INFO  ipc.Server (Server.java:run(1265)) - Starting Socket Reader #1 for port 42813
2022-02-16 13:53:53,919 [pool-265-thread-1] INFO  server.RaftServerConfigKeys (ConfUtils.java:logGet(44)) - raft.server.rpc.timeout.min = 1s (custom)
2022-02-16 13:53:53,920 [pool-265-thread-1] INFO  server.RaftServerConfigKeys (ConfUtils.java:logGet(44)) - raft.server.rpc.timeout.max = 1200ms (custom)
2022-02-16 13:53:53,920 [pool-265-thread-1] INFO  server.RaftServerConfigKeys (ConfUtils.java:logGet(44)) - raft.server.rpc.sleep.time = 25ms (default)
2022-02-16 13:53:53,920 [pool-265-thread-1] INFO  server.RaftServerConfigKeys (ConfUtils.java:logGet(44)) - raft.server.rpc.slowness.timeout = 2s (custom)
2022-02-16 13:53:53,920 [pool-265-thread-1] INFO  server.RaftServerConfigKeys (ConfUtils.java:logGet(44)) - raft.server.leaderelection.leader.step-down.wait-time = 10s (default)
2022-02-16 13:53:53,920 [pool-265-thread-1] INFO  server.RaftServerConfigKeys (ConfUtils.java:logGet(44)) - raft.server.sleep.deviation.threshold = 300ms (default)
2022-02-16 13:53:53,920 [pool-265-thread-1] INFO  server.RaftServerConfigKeys (ConfUtils.java:logGet(44)) - raft.server.log.appender.install.snapshot.enabled = false (custom)
2022-02-16 13:53:53,920 [pool-265-thread-1] INFO  server.RaftServer$Division (ServerState.java:<init>(105)) - omNode-1@group-0AAC5367B30E: ConfigurationManager, init=-1: [omNode-1|rpc:localhost:32873|priority:0], old=null, confs=<EMPTY_MAP>
2022-02-16 13:53:53,920 [pool-265-thread-1] INFO  server.RaftServerConfigKeys (ConfUtils.java:logGet(44)) - raft.server.storage.dir = [/home/runner/work/ozone/ozone/hadoop-ozone/integration-test/target/test-dir/MiniOzoneClusterImpl-86a05728-24a0-44bd-862c-635bb6b223ca/omNode-1/ratis] (custom)
2022-02-16 13:53:53,920 [pool-265-thread-1] INFO  server.RaftServerConfigKeys (ConfUtils.java:logGet(44)) - raft.server.log.corruption.policy = EXCEPTION (default)
2022-02-16 13:53:53,920 [pool-265-thread-1] INFO  server.RaftServerConfigKeys (ConfUtils.java:logGet(44)) - raft.server.storage.free-space.min = 0MB (=0) (default)
2022-02-16 13:53:53,920 [pool-265-thread-1] INFO  storage.RaftStorageDirectory (RaftStorageDirectoryImpl.java:analyzeStorage(135)) - The storage directory /home/runner/work/ozone/ozone/hadoop-ozone/integration-test/target/test-dir/MiniOzoneClusterImpl-86a05728-24a0-44bd-862c-635bb6b223ca/omNode-1/ratis/0718e334-ffa1-36bc-8e9a-0aac5367b30e does not exist. Creating ...
2022-02-16 13:53:53,924 [pool-265-thread-1] INFO  storage.RaftStorageDirectory (RaftStorageDirectoryImpl.java:tryLock(230)) - Lock on /home/runner/work/ozone/ozone/hadoop-ozone/integration-test/target/test-dir/MiniOzoneClusterImpl-86a05728-24a0-44bd-862c-635bb6b223ca/omNode-1/ratis/0718e334-ffa1-36bc-8e9a-0aac5367b30e/in_use.lock acquired by nodename 22946@fv-az270-170
2022-02-16 13:53:53,925 [pool-265-thread-1] INFO  storage.RaftStorage (RaftStorageImpl.java:format(89)) - Storage directory /home/runner/work/ozone/ozone/hadoop-ozone/integration-test/target/test-dir/MiniOzoneClusterImpl-86a05728-24a0-44bd-862c-635bb6b223ca/omNode-1/ratis/0718e334-ffa1-36bc-8e9a-0aac5367b30e has been successfully formatted.
2022-02-16 13:53:53,931 [pool-265-thread-1] INFO  server.RaftServerConfigKeys (ConfUtils.java:logGet(44)) - raft.server.notification.no-leader.timeout = 2s (custom)
2022-02-16 13:53:53,931 [pool-265-thread-1] INFO  server.RaftServerConfigKeys (ConfUtils.java:logGet(44)) - raft.server.log.use.memory = false (default)
2022-02-16 13:53:53,931 [pool-265-thread-1] INFO  server.RaftServerConfigKeys (ConfUtils.java:logGet(44)) - raft.server.log.purge.gap = 1000000 (custom)
2022-02-16 13:53:53,931 [pool-265-thread-1] INFO  server.RaftServerConfigKeys (ConfUtils.java:logGet(44)) - raft.server.log.appender.buffer.byte-limit = 33554432 (custom)
2022-02-16 13:53:53,931 [pool-265-thread-1] INFO  server.RaftServerConfigKeys (ConfUtils.java:logGet(44)) - raft.server.log.segment.size.max = 4194304 (custom)
2022-02-16 13:53:53,931 [pool-265-thread-1] INFO  server.RaftServerConfigKeys (ConfUtils.java:logGet(44)) - raft.server.log.segment.cache.num.max = 2 (custom)
2022-02-16 13:53:53,931 [pool-265-thread-1] INFO  server.RaftServerConfigKeys (ConfUtils.java:logGet(44)) - raft.server.log.segment.cache.size.max = 200MB (=209715200) (default)
2022-02-16 13:53:53,931 [pool-265-thread-1] INFO  segmented.SegmentedRaftLogWorker (SegmentedRaftLogWorker.java:<init>(182)) - new omNode-1@group-0AAC5367B30E-SegmentedRaftLogWorker for RaftStorageImpl:Storage Directory /home/runner/work/ozone/ozone/hadoop-ozone/integration-test/target/test-dir/MiniOzoneClusterImpl-86a05728-24a0-44bd-862c-635bb6b223ca/omNode-1/ratis/0718e334-ffa1-36bc-8e9a-0aac5367b30e
2022-02-16 13:53:53,931 [pool-265-thread-1] INFO  server.RaftServerConfigKeys (ConfUtils.java:logGet(44)) - raft.server.log.queue.byte-limit = 64MB (=67108864) (default)
2022-02-16 13:53:53,932 [pool-265-thread-1] INFO  server.RaftServerConfigKeys (ConfUtils.java:logGet(44)) - raft.server.log.queue.element-limit = 4096 (default)
2022-02-16 13:53:53,932 [pool-265-thread-1] INFO  server.RaftServerConfigKeys (ConfUtils.java:logGet(44)) - raft.server.log.segment.size.max = 4194304 (custom)
2022-02-16 13:53:53,932 [pool-265-thread-1] INFO  server.RaftServerConfigKeys (ConfUtils.java:logGet(44)) - raft.server.log.preallocated.size = 4194304 (custom)
2022-02-16 13:53:53,932 [pool-265-thread-1] INFO  server.RaftServerConfigKeys (ConfUtils.java:logGet(44)) - raft.server.log.force.sync.num = 128 (default)
2022-02-16 13:53:53,932 [pool-265-thread-1] INFO  server.RaftServerConfigKeys (ConfUtils.java:logGet(44)) - raft.server.log.statemachine.data.sync = true (default)
2022-02-16 13:53:53,932 [pool-265-thread-1] INFO  server.RaftServerConfigKeys (ConfUtils.java:logGet(44)) - raft.server.log.statemachine.data.sync.timeout = 10s (default)
2022-02-16 13:53:53,932 [pool-265-thread-1] INFO  server.RaftServerConfigKeys (ConfUtils.java:logGet(44)) - raft.server.log.statemachine.data.sync.timeout.retry = -1 (default)
2022-02-16 13:53:53,933 [pool-265-thread-1] INFO  server.RaftServerConfigKeys (ConfUtils.java:logGet(44)) - raft.server.log.write.buffer.size = 64KB (=65536) (default)
2022-02-16 13:53:53,933 [pool-265-thread-1] INFO  server.RaftServerConfigKeys (ConfUtils.java:logGet(44)) - raft.server.log.statemachine.data.caching.enabled = false (default)
2022-02-16 13:53:53,933 [pool-265-thread-1] INFO  segmented.SegmentedRaftLogWorker (SegmentedRaftLogWorker.java:lambda$new$0(133)) - omNode-1@group-0AAC5367B30E-SegmentedRaftLogWorker: flushIndex: setUnconditionally 0 -> -1
2022-02-16 13:53:53,933 [pool-265-thread-1] INFO  segmented.SegmentedRaftLogWorker (SegmentedRaftLogWorker.java:lambda$new$0(133)) - omNode-1@group-0AAC5367B30E-SegmentedRaftLogWorker: safeCacheEvictIndex: setUnconditionally 0 -> -1
2022-02-16 13:53:53,945 [pool-265-thread-1] INFO  server.RaftServerConfigKeys (ConfUtils.java:logGet(44)) - raft.server.snapshot.auto.trigger.enabled = true (custom)
2022-02-16 13:53:53,945 [pool-265-thread-1] INFO  server.RaftServerConfigKeys (ConfUtils.java:logGet(44)) - raft.server.snapshot.auto.trigger.threshold = 400000 (default)
2022-02-16 13:53:53,945 [pool-265-thread-1] INFO  server.RaftServerConfigKeys (ConfUtils.java:logGet(44)) - raft.server.snapshot.retention.file.num = -1 (default)
2022-02-16 13:53:53,945 [pool-265-thread-1] INFO  server.RaftServerConfigKeys (ConfUtils.java:logGet(44)) - raft.server.log.purge.upto.snapshot.index = true (custom)
2022-02-16 13:53:53,945 [pool-265-thread-1] INFO  server.RaftServerConfigKeys (ConfUtils.java:logGet(44)) - raft.server.retrycache.expirytime = 300s (custom)
2022-02-16 13:53:53,945 [pool-265-thread-1] INFO  server.RaftServerConfigKeys (ConfUtils.java:logGet(44)) - raft.server.retrycache.statistics.expirytime = 100μs (default)
2022-02-16 13:53:53,965 [Listener at 127.0.0.1/42813] INFO  impl.MetricsSystemImpl (MetricsSystemImpl.java:init(158)) - OzoneManager metrics system started (again)
2022-02-16 13:53:53,982 [Listener at 127.0.0.1/42813] INFO  om.OzoneManager (OzoneManager.java:start(1365)) - OzoneManager RPC server is listening at localhost/127.0.0.1:42813
2022-02-16 13:53:53,993 [Listener at 127.0.0.1/42813] INFO  ratis.OzoneManagerRatisServer (OzoneManagerRatisServer.java:start(554)) - Starting OzoneManagerRatisServer omNode-1 at port 32873
2022-02-16 13:53:53,993 [Listener at 127.0.0.1/42813] INFO  server.RaftServer$Division (RaftServerImpl.java:start(301)) - omNode-1@group-0AAC5367B30E: start as a follower, conf=-1: [omNode-1|rpc:localhost:32873|priority:0], old=null
2022-02-16 13:53:53,993 [Listener at 127.0.0.1/42813] INFO  server.RaftServer$Division (RaftServerImpl.java:setRole(290)) - omNode-1@group-0AAC5367B30E: changes role from      null to FOLLOWER at term 0 for startAsFollower
2022-02-16 13:53:53,994 [Listener at 127.0.0.1/42813] INFO  impl.RoleInfo (RoleInfo.java:updateAndGet(130)) - omNode-1: start omNode-1@group-0AAC5367B30E-FollowerState
2022-02-16 13:53:54,003 [Listener at 127.0.0.1/42813] INFO  util.JmxRegister (JmxRegister.java:tryRegister(44)) - Successfully registered JMX Bean with object name Ratis:service=RaftServer,group=group-0AAC5367B30E,id=omNode-1
2022-02-16 13:53:54,007 [Listener at 127.0.0.1/42813] INFO  server.RaftServer (RaftServerProxy.java:lambda$start$5(374)) - omNode-1: start RPC server
2022-02-16 13:53:54,007 [Listener at 127.0.0.1/42813] INFO  server.GrpcService (GrpcService.java:startImpl(253)) - omNode-1: GrpcService started, listening on 32873
2022-02-16 13:53:54,015 [Listener at 127.0.0.1/42813] INFO  om.OzoneManager (JvmPauseMonitor.java:run(103)) - JvmPauseMonitor-omNode-1: Started
2022-02-16 13:53:54,015 [Listener at 127.0.0.1/42813] INFO  om.OzoneManager (OzoneManager.java:start(1381)) - Version File has different layout version (0) than OM DB (null). That is expected if this OM has never been finalized to a newer layout version.
2022-02-16 13:53:54,018 [Listener at 127.0.0.1/42813] INFO  http.BaseHttpServer (BaseHttpServer.java:newHttpServer2BuilderForOzone(209)) - Starting Web-server for ozoneManager at: http://0.0.0.0:39107
2022-02-16 13:53:54,018 [Listener at 127.0.0.1/42813] INFO  http.BaseHttpServer (BaseHttpServer.java:<init>(107)) - Hadoop Security Enabled: false Ozone Security Enabled: false Ozone HTTP Security Enabled: false 
2022-02-16 13:53:54,019 [Listener at 127.0.0.1/42813] INFO  server.AuthenticationFilter (AuthenticationFilter.java:constructSecretProvider(240)) - Unable to initialize FileSignerSecretProvider, falling back to use random secrets.
2022-02-16 13:53:54,027 [Listener at 127.0.0.1/42813] WARN  http.HttpRequestLog (HttpRequestLog.java:getRequestLog(103)) - Jetty request log can only be enabled using Log4j
2022-02-16 13:53:54,029 [Listener at 127.0.0.1/42813] INFO  http.HttpServer2 (HttpServer2.java:addGlobalFilter(1030)) - Added global filter 'safety' (class=org.apache.hadoop.hdds.server.http.HttpServer2$QuotingInputFilter)
2022-02-16 13:53:54,035 [Listener at 127.0.0.1/42813] INFO  http.HttpServer2 (HttpServer2.java:addFilter(1006)) - Added filter static_user_filter (class=org.apache.hadoop.http.lib.StaticUserWebFilter$StaticUserFilter) to context ozoneManager
2022-02-16 13:53:54,035 [Listener at 127.0.0.1/42813] INFO  http.HttpServer2 (HttpServer2.java:addFilter(1014)) - Added filter static_user_filter (class=org.apache.hadoop.http.lib.StaticUserWebFilter$StaticUserFilter) to context static
2022-02-16 13:53:54,035 [Listener at 127.0.0.1/42813] INFO  http.HttpServer2 (HttpServer2.java:addFilter(1014)) - Added filter static_user_filter (class=org.apache.hadoop.http.lib.StaticUserWebFilter$StaticUserFilter) to context logs
2022-02-16 13:53:54,036 [Listener at 127.0.0.1/42813] INFO  http.HttpServer2 (HttpServer2.java:bindListener(1249)) - Jetty bound to port 39107
2022-02-16 13:53:54,036 [Listener at 127.0.0.1/42813] INFO  server.Server (Server.java:doStart(375)) - jetty-9.4.43.v20210629; built: 2021-06-30T11:07:22.254Z; git: 526006ecfa3af7f1a27ef3a288e2bef7ea9dd7e8; jvm 1.8.0_312-b07
2022-02-16 13:53:54,072 [Listener at 127.0.0.1/42813] INFO  server.session (DefaultSessionIdManager.java:doStart(334)) - DefaultSessionIdManager workerName=node0
2022-02-16 13:53:54,072 [Listener at 127.0.0.1/42813] INFO  server.session (DefaultSessionIdManager.java:doStart(339)) - No SessionScavenger set, using defaults
2022-02-16 13:53:54,073 [Listener at 127.0.0.1/42813] INFO  server.session (HouseKeeper.java:startScavenging(132)) - node0 Scavenging every 660000ms
2022-02-16 13:53:54,083 [Listener at 127.0.0.1/42813] INFO  handler.ContextHandler (ContextHandler.java:doStart(915)) - Started o.e.j.s.ServletContextHandler@5ab7907e{logs,/logs,file:///home/runner/work/ozone/ozone/hadoop-ozone/integration-test/target/log,AVAILABLE}
2022-02-16 13:53:54,084 [Listener at 127.0.0.1/42813] INFO  handler.ContextHandler (ContextHandler.java:doStart(915)) - Started o.e.j.s.ServletContextHandler@34fc97d8{static,/static,file:///home/runner/work/ozone/ozone/hadoop-ozone/integration-test/target/test-classes/webapps/static,AVAILABLE}
2022-02-16 13:53:54,087 [Listener at 127.0.0.1/42813] INFO  handler.ContextHandler (ContextHandler.java:doStart(915)) - Started o.e.j.w.WebAppContext@66ca8c50{ozoneManager,/,file:///home/runner/work/ozone/ozone/hadoop-ozone/integration-test/target/test-classes/webapps/ozoneManager/,AVAILABLE}{file:/home/runner/work/ozone/ozone/hadoop-ozone/integration-test/target/test-classes/webapps/ozoneManager}
2022-02-16 13:53:54,096 [Listener at 127.0.0.1/42813] INFO  server.AbstractConnector (AbstractConnector.java:doStart(331)) - Started ServerConnector@6020604b{HTTP/1.1, (http/1.1)}{0.0.0.0:39107}
2022-02-16 13:53:54,096 [Listener at 127.0.0.1/42813] INFO  server.Server (Server.java:doStart(415)) - Started @83279ms
2022-02-16 13:53:54,096 [Listener at 127.0.0.1/42813] WARN  impl.MetricsSystemImpl (MetricsSystemImpl.java:register(279)) - Sink prometheus already exists!
2022-02-16 13:53:54,099 [Listener at 127.0.0.1/42813] INFO  http.BaseHttpServer (BaseHttpServer.java:updateConnectorAddress(329)) - HTTP server of ozoneManager listening at http://0.0.0.0:39107
2022-02-16 13:53:54,099 [IPC Server Responder] INFO  ipc.Server (Server.java:run(1507)) - IPC Server Responder: starting
2022-02-16 13:53:54,111 [IPC Server listener on 42813] INFO  ipc.Server (Server.java:run(1344)) - IPC Server listener on 42813: starting
2022-02-16 13:53:54,171 [Listener at 127.0.0.1/42813] INFO  om.OzoneManager (OzoneManager.java:startTrashEmptier(1792)) - Trash Interval set to 0. Files deleted will not move to trash
2022-02-16 13:53:54,174 [Listener at 127.0.0.1/42813] INFO  ozone.MiniOzoneHAClusterImpl (MiniOzoneHAClusterImpl.java:createOMService(522)) - Started OzoneManager omNode-1 RPC server at localhost/127.0.0.1:42813
2022-02-16 13:53:54,195 [org.apache.hadoop.util.JvmPauseMonitor$Monitor@6f89aeeb] INFO  util.JvmPauseMonitor (JvmPauseMonitor.java:run(188)) - Starting JVM pause monitor
2022-02-16 13:53:54,196 [Listener at 127.0.0.1/42813] WARN  impl.MetricRegistriesImpl (MetricRegistriesImpl.java:addReporterRegistration(111)) - New reporters are added after registries were created. Some metrics will be missing from the reporter. Please add reporter before adding any new registry.
2022-02-16 13:53:54,196 [Listener at 127.0.0.1/42813] WARN  impl.MetricRegistriesImpl (MetricRegistriesImpl.java:addReporterRegistration(111)) - New reporters are added after registries were created. Some metrics will be missing from the reporter. Please add reporter before adding any new registry.
2022-02-16 13:53:54,196 [Listener at 127.0.0.1/42813] INFO  impl.MetricsSystemImpl (MetricsSystemImpl.java:init(158)) - HddsDatanode metrics system started (again)
2022-02-16 13:53:54,220 [Listener at 127.0.0.1/42813] INFO  ozone.HddsDatanodeService (HddsDatanodeService.java:start(233)) - HddsDatanodeService host:fv-az270-170.tacnzluakwdehk1hpragurqkma.bx.internal.cloudapp.net ip:10.1.0.5
2022-02-16 13:53:54,263 [Listener at 127.0.0.1/42813] INFO  upgrade.AbstractLayoutVersionManager (AbstractLayoutVersionManager.java:init(79)) - Initializing Layout version manager with metadata layout = SCM_HA (version = 2), software layout = SCM_HA (version = 2)
2022-02-16 13:53:54,358 [Listener at 127.0.0.1/42813] INFO  reflections.Reflections (Reflections.java:scan(232)) - Reflections took 91 ms to scan 7 urls, producing 119 keys and 279 values 
2022-02-16 13:53:54,360 [Listener at 127.0.0.1/42813] INFO  ha.SCMNodeInfo (SCMNodeInfo.java:getPort(197)) - ConfigKey ozone.scm.client.address is deprecated, For configuring different ports for each SCM use PortConfigKey ozone.scm.client.port appended with serviceId and nodeId
2022-02-16 13:53:54,363 [Listener at 127.0.0.1/42813] INFO  ha.SCMNodeInfo (SCMNodeInfo.java:getPort(197)) - ConfigKey ozone.scm.block.client.address is deprecated, For configuring different ports for each SCM use PortConfigKey ozone.scm.block.client.port appended with serviceId and nodeId
2022-02-16 13:53:54,363 [Listener at 127.0.0.1/42813] INFO  ha.SCMNodeInfo (SCMNodeInfo.java:getPort(197)) - ConfigKey ozone.scm.datanode.address is deprecated, For configuring different ports for each SCM use PortConfigKey ozone.scm.datanode.port appended with serviceId and nodeId
2022-02-16 13:53:54,363 [Listener at 127.0.0.1/42813] INFO  statemachine.DatanodeStateMachine (DatanodeStateMachine.java:getEndPointTaskThreadPoolSize(222)) - Datanode State Machine Task Thread Pool size 2
2022-02-16 13:53:54,368 [Listener at 127.0.0.1/42813] INFO  volume.HddsVolume (HddsVolume.java:<init>(120)) - Creating HddsVolume: /home/runner/work/ozone/ozone/hadoop-ozone/integration-test/target/test-dir/MiniOzoneClusterImpl-86a05728-24a0-44bd-862c-635bb6b223ca/datanode-0/data-0/containers/hdds of storage type : DISK capacity : 9223372036854775807
2022-02-16 13:53:54,368 [Listener at 127.0.0.1/42813] INFO  volume.MutableVolumeSet (MutableVolumeSet.java:initializeVolumeSet(168)) - Added Volume : /home/runner/work/ozone/ozone/hadoop-ozone/integration-test/target/test-dir/MiniOzoneClusterImpl-86a05728-24a0-44bd-862c-635bb6b223ca/datanode-0/data-0/containers/hdds to VolumeSet
2022-02-16 13:53:54,368 [Listener at 127.0.0.1/42813] INFO  volume.ThrottledAsyncChecker (ThrottledAsyncChecker.java:schedule(141)) - Scheduling a check for /home/runner/work/ozone/ozone/hadoop-ozone/integration-test/target/test-dir/MiniOzoneClusterImpl-86a05728-24a0-44bd-862c-635bb6b223ca/datanode-0/data-0/containers/hdds
2022-02-16 13:53:54,369 [Listener at 127.0.0.1/42813] INFO  volume.StorageVolumeChecker (StorageVolumeChecker.java:checkAllVolumes(202)) - Scheduled health check for volume /home/runner/work/ozone/ozone/hadoop-ozone/integration-test/target/test-dir/MiniOzoneClusterImpl-86a05728-24a0-44bd-862c-635bb6b223ca/datanode-0/data-0/containers/hdds
2022-02-16 13:53:54,407 [Listener at 127.0.0.1/42813] INFO  volume.MutableVolumeSet (MutableVolumeSet.java:initializeVolumeSet(168)) - Added Volume : /home/runner/work/ozone/ozone/hadoop-ozone/integration-test/target/test-dir/MiniOzoneClusterImpl-86a05728-24a0-44bd-862c-635bb6b223ca/datanode-0/data/ratis to VolumeSet
2022-02-16 13:53:54,407 [Listener at 127.0.0.1/42813] INFO  volume.ThrottledAsyncChecker (ThrottledAsyncChecker.java:schedule(141)) - Scheduling a check for /home/runner/work/ozone/ozone/hadoop-ozone/integration-test/target/test-dir/MiniOzoneClusterImpl-86a05728-24a0-44bd-862c-635bb6b223ca/datanode-0/data/ratis
2022-02-16 13:53:54,408 [Listener at 127.0.0.1/42813] INFO  volume.StorageVolumeChecker (StorageVolumeChecker.java:checkAllVolumes(202)) - Scheduled health check for volume /home/runner/work/ozone/ozone/hadoop-ozone/integration-test/target/test-dir/MiniOzoneClusterImpl-86a05728-24a0-44bd-862c-635bb6b223ca/datanode-0/data/ratis
2022-02-16 13:53:54,447 [Thread-1208] INFO  ozoneimpl.ContainerReader (ContainerReader.java:readVolume(172)) - Finish verifying containers on volume /home/runner/work/ozone/ozone/hadoop-ozone/integration-test/target/test-dir/MiniOzoneClusterImpl-86a05728-24a0-44bd-862c-635bb6b223ca/datanode-0/data-0/containers/hdds
2022-02-16 13:53:54,447 [Listener at 127.0.0.1/42813] INFO  ozoneimpl.OzoneContainer (OzoneContainer.java:buildContainerSet(237)) - Build ContainerSet costs 0s
2022-02-16 13:53:54,450 [Listener at 127.0.0.1/42813] INFO  server.RaftServer (ConfUtils.java:logGet(44)) - raft.rpc.type = GRPC (default)
2022-02-16 13:53:54,450 [Listener at 127.0.0.1/42813] INFO  grpc.GrpcFactory (GrpcFactory.java:checkPooledByteBufAllocatorUseCacheForAllThreads(48)) - PERFORMANCE WARNING: useCacheForAllThreads is true that may cause Netty to create a lot garbage objects and, as a result, trigger GC.
	It is recommended to disable useCacheForAllThreads by setting -Dorg.apache.ratis.thirdparty.io.netty.allocator.useCacheForAllThreads=false in command line.
2022-02-16 13:53:54,450 [Listener at 127.0.0.1/42813] INFO  grpc.GrpcConfigKeys (ConfUtils.java:logGet(44)) - raft.grpc.admin.port = 0 (custom)
2022-02-16 13:53:54,450 [Listener at 127.0.0.1/42813] INFO  grpc.GrpcConfigKeys (ConfUtils.java:logGet(44)) - raft.grpc.client.port = 0 (custom)
2022-02-16 13:53:54,450 [Listener at 127.0.0.1/42813] INFO  grpc.GrpcConfigKeys (ConfUtils.java:logGet(44)) - raft.grpc.server.port = 0 (default)
2022-02-16 13:53:54,450 [Listener at 127.0.0.1/42813] INFO  server.GrpcService (ConfUtils.java:logGet(44)) - raft.grpc.message.size.max = 32MB (=33554432) (custom)
2022-02-16 13:53:54,451 [Listener at 127.0.0.1/42813] INFO  server.RaftServerConfigKeys (ConfUtils.java:logGet(44)) - raft.server.log.appender.buffer.byte-limit = 33554432 (custom)
2022-02-16 13:53:54,451 [Listener at 127.0.0.1/42813] INFO  server.GrpcService (ConfUtils.java:logGet(44)) - raft.grpc.flow.control.window = 5MB (=5242880) (custom)
2022-02-16 13:53:54,451 [Listener at 127.0.0.1/42813] INFO  server.RaftServerConfigKeys (ConfUtils.java:logGet(44)) - raft.server.rpc.request.timeout = 60s (custom)
2022-02-16 13:53:54,452 [Listener at 127.0.0.1/42813] INFO  impl.DataStreamServerImpl (ConfUtils.java:logGet(44)) - raft.datastream.type = DISABLED (default)
2022-02-16 13:53:54,458 [Listener at 127.0.0.1/42813] INFO  server.RaftServerConfigKeys (ConfUtils.java:logGet(44)) - raft.server.rpc.slowness.timeout = 300s (custom)
2022-02-16 13:53:54,459 [Listener at 127.0.0.1/42813] INFO  server.RaftServerConfigKeys (ConfUtils.java:logGet(44)) - raft.server.leaderelection.leader.step-down.wait-time = 10s (default)
2022-02-16 13:53:54,459 [Listener at 127.0.0.1/42813] INFO  server.RaftServerConfigKeys (ConfUtils.java:logGet(44)) - raft.server.storage.dir = [/home/runner/work/ozone/ozone/hadoop-ozone/integration-test/target/test-dir/MiniOzoneClusterImpl-86a05728-24a0-44bd-862c-635bb6b223ca/datanode-0/data/ratis] (custom)
2022-02-16 13:53:54,460 [Listener at 127.0.0.1/42813] INFO  server.XceiverServerGrpc (XceiverServerGrpc.java:<init>(132)) - GrpcServer channel type EpollServerSocketChannel
2022-02-16 13:53:54,475 [Listener at 127.0.0.1/42813] INFO  http.BaseHttpServer (BaseHttpServer.java:newHttpServer2BuilderForOzone(209)) - Starting Web-server for hddsDatanode at: http://0.0.0.0:0
2022-02-16 13:53:54,482 [Listener at 127.0.0.1/42813] INFO  http.BaseHttpServer (BaseHttpServer.java:<init>(107)) - Hadoop Security Enabled: false Ozone Security Enabled: false Ozone HTTP Security Enabled: false 
2022-02-16 13:53:54,484 [Listener at 127.0.0.1/42813] INFO  server.AuthenticationFilter (AuthenticationFilter.java:constructSecretProvider(240)) - Unable to initialize FileSignerSecretProvider, falling back to use random secrets.
2022-02-16 13:53:54,503 [Listener at 127.0.0.1/42813] WARN  http.HttpRequestLog (HttpRequestLog.java:getRequestLog(103)) - Jetty request log can only be enabled using Log4j
2022-02-16 13:53:54,503 [Listener at 127.0.0.1/42813] INFO  http.HttpServer2 (HttpServer2.java:addGlobalFilter(1030)) - Added global filter 'safety' (class=org.apache.hadoop.hdds.server.http.HttpServer2$QuotingInputFilter)
2022-02-16 13:53:54,504 [Listener at 127.0.0.1/42813] INFO  http.HttpServer2 (HttpServer2.java:addFilter(1006)) - Added filter static_user_filter (class=org.apache.hadoop.http.lib.StaticUserWebFilter$StaticUserFilter) to context hddsDatanode
2022-02-16 13:53:54,504 [Listener at 127.0.0.1/42813] INFO  http.HttpServer2 (HttpServer2.java:addFilter(1014)) - Added filter static_user_filter (class=org.apache.hadoop.http.lib.StaticUserWebFilter$StaticUserFilter) to context logs
2022-02-16 13:53:54,504 [Listener at 127.0.0.1/42813] INFO  http.HttpServer2 (HttpServer2.java:addFilter(1014)) - Added filter static_user_filter (class=org.apache.hadoop.http.lib.StaticUserWebFilter$StaticUserFilter) to context static
2022-02-16 13:53:54,505 [Listener at 127.0.0.1/42813] INFO  http.HttpServer2 (HttpServer2.java:bindListener(1249)) - Jetty bound to port 34731
2022-02-16 13:53:54,505 [Listener at 127.0.0.1/42813] INFO  server.Server (Server.java:doStart(375)) - jetty-9.4.43.v20210629; built: 2021-06-30T11:07:22.254Z; git: 526006ecfa3af7f1a27ef3a288e2bef7ea9dd7e8; jvm 1.8.0_312-b07
2022-02-16 13:53:54,583 [Listener at 127.0.0.1/42813] INFO  server.session (DefaultSessionIdManager.java:doStart(334)) - DefaultSessionIdManager workerName=node0
2022-02-16 13:53:54,583 [Listener at 127.0.0.1/42813] INFO  server.session (DefaultSessionIdManager.java:doStart(339)) - No SessionScavenger set, using defaults
2022-02-16 13:53:54,583 [Listener at 127.0.0.1/42813] INFO  server.session (HouseKeeper.java:startScavenging(132)) - node0 Scavenging every 600000ms
2022-02-16 13:53:54,587 [Listener at 127.0.0.1/42813] INFO  handler.ContextHandler (ContextHandler.java:doStart(915)) - Started o.e.j.s.ServletContextHandler@691d1105{logs,/logs,file:///home/runner/work/ozone/ozone/hadoop-ozone/integration-test/target/log,AVAILABLE}
2022-02-16 13:53:54,587 [Listener at 127.0.0.1/42813] INFO  handler.ContextHandler (ContextHandler.java:doStart(915)) - Started o.e.j.s.ServletContextHandler@312ab725{static,/static,jar:file:/home/runner/.m2/repository/org/apache/ozone/hdds-container-service/1.3.0-SNAPSHOT/hdds-container-service-1.3.0-SNAPSHOT.jar!/webapps/static,AVAILABLE}
2022-02-16 13:53:54,704 [Listener at 127.0.0.1/42813] INFO  handler.ContextHandler (ContextHandler.java:doStart(915)) - Started o.e.j.w.WebAppContext@597f24b8{hddsDatanode,/,file:///tmp/jetty-0_0_0_0-34731-hdds-container-service-1_3_0-SNAPSHOT_jar-_-any-9130425791703622685/webapp/,AVAILABLE}{jar:file:/home/runner/.m2/repository/org/apache/ozone/hdds-container-service/1.3.0-SNAPSHOT/hdds-container-service-1.3.0-SNAPSHOT.jar!/webapps/hddsDatanode}
2022-02-16 13:53:54,707 [Listener at 127.0.0.1/42813] INFO  server.AbstractConnector (AbstractConnector.java:doStart(331)) - Started ServerConnector@7ad483a4{HTTP/1.1, (http/1.1)}{0.0.0.0:34731}
2022-02-16 13:53:54,708 [Listener at 127.0.0.1/42813] INFO  server.Server (Server.java:doStart(415)) - Started @83891ms
2022-02-16 13:53:54,708 [Listener at 127.0.0.1/42813] WARN  impl.MetricsSystemImpl (MetricsSystemImpl.java:register(279)) - Sink prometheus already exists!
2022-02-16 13:53:54,708 [Listener at 127.0.0.1/42813] INFO  http.BaseHttpServer (BaseHttpServer.java:updateConnectorAddress(329)) - HTTP server of hddsDatanode listening at http://0.0.0.0:34731
2022-02-16 13:53:54,709 [Listener at 127.0.0.1/42813] WARN  impl.MetricRegistriesImpl (MetricRegistriesImpl.java:addReporterRegistration(111)) - New reporters are added after registries were created. Some metrics will be missing from the reporter. Please add reporter before adding any new registry.
2022-02-16 13:53:54,709 [Listener at 127.0.0.1/42813] WARN  impl.MetricRegistriesImpl (MetricRegistriesImpl.java:addReporterRegistration(111)) - New reporters are added after registries were created. Some metrics will be missing from the reporter. Please add reporter before adding any new registry.
2022-02-16 13:53:54,709 [Listener at 127.0.0.1/42813] INFO  impl.MetricsSystemImpl (MetricsSystemImpl.java:init(158)) - HddsDatanode metrics system started (again)
2022-02-16 13:53:54,731 [Datanode State Machine Daemon Thread] INFO  statemachine.DatanodeStateMachine (DatanodeStateMachine.java:lambda$startDaemon$0(470)) - Ozone container server started.
2022-02-16 13:53:54,747 [Listener at 127.0.0.1/42813] INFO  ozone.HddsDatanodeService (HddsDatanodeService.java:start(233)) - HddsDatanodeService host:fv-az270-170.tacnzluakwdehk1hpragurqkma.bx.internal.cloudapp.net ip:10.1.0.5
2022-02-16 13:53:54,754 [org.apache.hadoop.util.JvmPauseMonitor$Monitor@2b713971] INFO  util.JvmPauseMonitor (JvmPauseMonitor.java:run(188)) - Starting JVM pause monitor
2022-02-16 13:53:54,757 [EndpointStateMachine task thread for /127.0.0.1:40707 - 0 ] INFO  ipc.Client (Client.java:handleConnectionFailure(977)) - Retrying connect to server: localhost/127.0.0.1:40707. Already tried 6 time(s); retry policy is RetryUpToMaximumCountWithFixedSleep(maxRetries=15, sleepTime=1000 MILLISECONDS)
2022-02-16 13:53:54,763 [Datanode State Machine Task Thread - 0] INFO  ha.SCMNodeInfo (SCMNodeInfo.java:getPort(197)) - ConfigKey ozone.scm.client.address is deprecated, For configuring different ports for each SCM use PortConfigKey ozone.scm.client.port appended with serviceId and nodeId
2022-02-16 13:53:54,763 [Datanode State Machine Task Thread - 0] INFO  ha.SCMNodeInfo (SCMNodeInfo.java:getPort(197)) - ConfigKey ozone.scm.block.client.address is deprecated, For configuring different ports for each SCM use PortConfigKey ozone.scm.block.client.port appended with serviceId and nodeId
2022-02-16 13:53:54,763 [Datanode State Machine Task Thread - 0] INFO  ha.SCMNodeInfo (SCMNodeInfo.java:getPort(197)) - ConfigKey ozone.scm.datanode.address is deprecated, For configuring different ports for each SCM use PortConfigKey ozone.scm.datanode.port appended with serviceId and nodeId
2022-02-16 13:53:54,773 [Datanode State Machine Task Thread - 0] INFO  datanode.InitDatanodeState (InitDatanodeState.java:persistContainerDatanodeDetails(138)) - DatanodeDetails is persisted to /home/runner/work/ozone/ozone/hadoop-ozone/integration-test/target/test-dir/MiniOzoneClusterImpl-86a05728-24a0-44bd-862c-635bb6b223ca/datanode-0/meta/datanode.id
2022-02-16 13:53:54,789 [Listener at 127.0.0.1/42813] INFO  upgrade.AbstractLayoutVersionManager (AbstractLayoutVersionManager.java:init(79)) - Initializing Layout version manager with metadata layout = SCM_HA (version = 2), software layout = SCM_HA (version = 2)
2022-02-16 13:53:54,887 [Listener at 127.0.0.1/42813] INFO  reflections.Reflections (Reflections.java:scan(232)) - Reflections took 96 ms to scan 7 urls, producing 119 keys and 279 values 
2022-02-16 13:53:54,896 [Listener at 127.0.0.1/42813] INFO  ha.SCMNodeInfo (SCMNodeInfo.java:getPort(197)) - ConfigKey ozone.scm.client.address is deprecated, For configuring different ports for each SCM use PortConfigKey ozone.scm.client.port appended with serviceId and nodeId
2022-02-16 13:53:54,896 [Listener at 127.0.0.1/42813] INFO  ha.SCMNodeInfo (SCMNodeInfo.java:getPort(197)) - ConfigKey ozone.scm.block.client.address is deprecated, For configuring different ports for each SCM use PortConfigKey ozone.scm.block.client.port appended with serviceId and nodeId
2022-02-16 13:53:54,896 [Listener at 127.0.0.1/42813] INFO  ha.SCMNodeInfo (SCMNodeInfo.java:getPort(197)) - ConfigKey ozone.scm.datanode.address is deprecated, For configuring different ports for each SCM use PortConfigKey ozone.scm.datanode.port appended with serviceId and nodeId
2022-02-16 13:53:54,896 [Listener at 127.0.0.1/42813] INFO  statemachine.DatanodeStateMachine (DatanodeStateMachine.java:getEndPointTaskThreadPoolSize(222)) - Datanode State Machine Task Thread Pool size 2
2022-02-16 13:53:54,905 [Listener at 127.0.0.1/42813] INFO  volume.HddsVolume (HddsVolume.java:<init>(120)) - Creating HddsVolume: /home/runner/work/ozone/ozone/hadoop-ozone/integration-test/target/test-dir/MiniOzoneClusterImpl-86a05728-24a0-44bd-862c-635bb6b223ca/datanode-1/data-0/containers/hdds of storage type : DISK capacity : 9223372036854775807
2022-02-16 13:53:54,905 [Listener at 127.0.0.1/42813] INFO  volume.MutableVolumeSet (MutableVolumeSet.java:initializeVolumeSet(168)) - Added Volume : /home/runner/work/ozone/ozone/hadoop-ozone/integration-test/target/test-dir/MiniOzoneClusterImpl-86a05728-24a0-44bd-862c-635bb6b223ca/datanode-1/data-0/containers/hdds to VolumeSet
2022-02-16 13:53:54,905 [Listener at 127.0.0.1/42813] INFO  volume.ThrottledAsyncChecker (ThrottledAsyncChecker.java:schedule(141)) - Scheduling a check for /home/runner/work/ozone/ozone/hadoop-ozone/integration-test/target/test-dir/MiniOzoneClusterImpl-86a05728-24a0-44bd-862c-635bb6b223ca/datanode-1/data-0/containers/hdds
2022-02-16 13:53:54,918 [Listener at 127.0.0.1/42813] INFO  volume.StorageVolumeChecker (StorageVolumeChecker.java:checkAllVolumes(202)) - Scheduled health check for volume /home/runner/work/ozone/ozone/hadoop-ozone/integration-test/target/test-dir/MiniOzoneClusterImpl-86a05728-24a0-44bd-862c-635bb6b223ca/datanode-1/data-0/containers/hdds
2022-02-16 13:53:54,947 [Listener at 127.0.0.1/42813] INFO  volume.MutableVolumeSet (MutableVolumeSet.java:initializeVolumeSet(168)) - Added Volume : /home/runner/work/ozone/ozone/hadoop-ozone/integration-test/target/test-dir/MiniOzoneClusterImpl-86a05728-24a0-44bd-862c-635bb6b223ca/datanode-1/data/ratis to VolumeSet
2022-02-16 13:53:54,947 [Listener at 127.0.0.1/42813] INFO  volume.ThrottledAsyncChecker (ThrottledAsyncChecker.java:schedule(141)) - Scheduling a check for /home/runner/work/ozone/ozone/hadoop-ozone/integration-test/target/test-dir/MiniOzoneClusterImpl-86a05728-24a0-44bd-862c-635bb6b223ca/datanode-1/data/ratis
2022-02-16 13:53:54,947 [Listener at 127.0.0.1/42813] INFO  volume.StorageVolumeChecker (StorageVolumeChecker.java:checkAllVolumes(202)) - Scheduled health check for volume /home/runner/work/ozone/ozone/hadoop-ozone/integration-test/target/test-dir/MiniOzoneClusterImpl-86a05728-24a0-44bd-862c-635bb6b223ca/datanode-1/data/ratis
2022-02-16 13:53:55,003 [Thread-1220] INFO  ozoneimpl.ContainerReader (ContainerReader.java:readVolume(172)) - Finish verifying containers on volume /home/runner/work/ozone/ozone/hadoop-ozone/integration-test/target/test-dir/MiniOzoneClusterImpl-86a05728-24a0-44bd-862c-635bb6b223ca/datanode-1/data-0/containers/hdds
2022-02-16 13:53:55,003 [Listener at 127.0.0.1/42813] INFO  ozoneimpl.OzoneContainer (OzoneContainer.java:buildContainerSet(237)) - Build ContainerSet costs 0s
2022-02-16 13:53:55,006 [Listener at 127.0.0.1/42813] INFO  server.RaftServer (ConfUtils.java:logGet(44)) - raft.rpc.type = GRPC (default)
2022-02-16 13:53:55,006 [Listener at 127.0.0.1/42813] INFO  grpc.GrpcFactory (GrpcFactory.java:checkPooledByteBufAllocatorUseCacheForAllThreads(48)) - PERFORMANCE WARNING: useCacheForAllThreads is true that may cause Netty to create a lot garbage objects and, as a result, trigger GC.
	It is recommended to disable useCacheForAllThreads by setting -Dorg.apache.ratis.thirdparty.io.netty.allocator.useCacheForAllThreads=false in command line.
2022-02-16 13:53:55,006 [Listener at 127.0.0.1/42813] INFO  grpc.GrpcConfigKeys (ConfUtils.java:logGet(44)) - raft.grpc.admin.port = 0 (custom)
2022-02-16 13:53:55,006 [Listener at 127.0.0.1/42813] INFO  grpc.GrpcConfigKeys (ConfUtils.java:logGet(44)) - raft.grpc.client.port = 0 (custom)
2022-02-16 13:53:55,006 [Listener at 127.0.0.1/42813] INFO  grpc.GrpcConfigKeys (ConfUtils.java:logGet(44)) - raft.grpc.server.port = 0 (default)
2022-02-16 13:53:55,006 [Listener at 127.0.0.1/42813] INFO  server.GrpcService (ConfUtils.java:logGet(44)) - raft.grpc.message.size.max = 32MB (=33554432) (custom)
2022-02-16 13:53:55,007 [Listener at 127.0.0.1/42813] INFO  server.RaftServerConfigKeys (ConfUtils.java:logGet(44)) - raft.server.log.appender.buffer.byte-limit = 33554432 (custom)
2022-02-16 13:53:55,007 [Listener at 127.0.0.1/42813] INFO  server.GrpcService (ConfUtils.java:logGet(44)) - raft.grpc.flow.control.window = 5MB (=5242880) (custom)
2022-02-16 13:53:55,007 [Listener at 127.0.0.1/42813] INFO  server.RaftServerConfigKeys (ConfUtils.java:logGet(44)) - raft.server.rpc.request.timeout = 60s (custom)
2022-02-16 13:53:55,008 [Listener at 127.0.0.1/42813] INFO  impl.DataStreamServerImpl (ConfUtils.java:logGet(44)) - raft.datastream.type = DISABLED (default)
2022-02-16 13:53:55,008 [Listener at 127.0.0.1/42813] INFO  server.RaftServerConfigKeys (ConfUtils.java:logGet(44)) - raft.server.rpc.slowness.timeout = 300s (custom)
2022-02-16 13:53:55,008 [Listener at 127.0.0.1/42813] INFO  server.RaftServerConfigKeys (ConfUtils.java:logGet(44)) - raft.server.leaderelection.leader.step-down.wait-time = 10s (default)
2022-02-16 13:53:55,009 [Listener at 127.0.0.1/42813] INFO  server.RaftServerConfigKeys (ConfUtils.java:logGet(44)) - raft.server.storage.dir = [/home/runner/work/ozone/ozone/hadoop-ozone/integration-test/target/test-dir/MiniOzoneClusterImpl-86a05728-24a0-44bd-862c-635bb6b223ca/datanode-1/data/ratis] (custom)
2022-02-16 13:53:55,010 [Listener at 127.0.0.1/42813] INFO  server.XceiverServerGrpc (XceiverServerGrpc.java:<init>(132)) - GrpcServer channel type EpollServerSocketChannel
2022-02-16 13:53:55,030 [Listener at 127.0.0.1/42813] INFO  http.BaseHttpServer (BaseHttpServer.java:newHttpServer2BuilderForOzone(209)) - Starting Web-server for hddsDatanode at: http://0.0.0.0:0
2022-02-16 13:53:55,031 [Listener at 127.0.0.1/42813] INFO  http.BaseHttpServer (BaseHttpServer.java:<init>(107)) - Hadoop Security Enabled: false Ozone Security Enabled: false Ozone HTTP Security Enabled: false 
2022-02-16 13:53:55,032 [Listener at 127.0.0.1/42813] INFO  server.AuthenticationFilter (AuthenticationFilter.java:constructSecretProvider(240)) - Unable to initialize FileSignerSecretProvider, falling back to use random secrets.
2022-02-16 13:53:55,043 [Listener at 127.0.0.1/42813] WARN  http.HttpRequestLog (HttpRequestLog.java:getRequestLog(103)) - Jetty request log can only be enabled using Log4j
2022-02-16 13:53:55,044 [Listener at 127.0.0.1/42813] INFO  http.HttpServer2 (HttpServer2.java:addGlobalFilter(1030)) - Added global filter 'safety' (class=org.apache.hadoop.hdds.server.http.HttpServer2$QuotingInputFilter)
2022-02-16 13:53:55,044 [Listener at 127.0.0.1/42813] INFO  http.HttpServer2 (HttpServer2.java:addFilter(1006)) - Added filter static_user_filter (class=org.apache.hadoop.http.lib.StaticUserWebFilter$StaticUserFilter) to context hddsDatanode
2022-02-16 13:53:55,044 [Listener at 127.0.0.1/42813] INFO  http.HttpServer2 (HttpServer2.java:addFilter(1014)) - Added filter static_user_filter (class=org.apache.hadoop.http.lib.StaticUserWebFilter$StaticUserFilter) to context static
2022-02-16 13:53:55,044 [Listener at 127.0.0.1/42813] INFO  http.HttpServer2 (HttpServer2.java:addFilter(1014)) - Added filter static_user_filter (class=org.apache.hadoop.http.lib.StaticUserWebFilter$StaticUserFilter) to context logs
2022-02-16 13:53:55,045 [Listener at 127.0.0.1/42813] INFO  http.HttpServer2 (HttpServer2.java:bindListener(1249)) - Jetty bound to port 37847
2022-02-16 13:53:55,045 [Listener at 127.0.0.1/42813] INFO  server.Server (Server.java:doStart(375)) - jetty-9.4.43.v20210629; built: 2021-06-30T11:07:22.254Z; git: 526006ecfa3af7f1a27ef3a288e2bef7ea9dd7e8; jvm 1.8.0_312-b07
2022-02-16 13:53:55,093 [omNode-1@group-0AAC5367B30E-FollowerState] INFO  impl.FollowerState (FollowerState.java:run(134)) - omNode-1@group-0AAC5367B30E-FollowerState: change to CANDIDATE, lastRpcElapsedTime:1099033477ns, electionTimeout:1086ms
2022-02-16 13:53:55,093 [omNode-1@group-0AAC5367B30E-FollowerState] INFO  impl.RoleInfo (RoleInfo.java:shutdownFollowerState(108)) - omNode-1: shutdown omNode-1@group-0AAC5367B30E-FollowerState
2022-02-16 13:53:55,093 [omNode-1@group-0AAC5367B30E-FollowerState] INFO  server.RaftServer$Division (RaftServerImpl.java:setRole(290)) - omNode-1@group-0AAC5367B30E: changes role from  FOLLOWER to CANDIDATE at term 0 for changeToCandidate
2022-02-16 13:53:55,099 [omNode-1@group-0AAC5367B30E-FollowerState] INFO  server.RaftServerConfigKeys (ConfUtils.java:logGet(44)) - raft.server.leaderelection.pre-vote = false (custom)
2022-02-16 13:53:55,099 [omNode-1@group-0AAC5367B30E-FollowerState] INFO  impl.RoleInfo (RoleInfo.java:updateAndGet(130)) - omNode-1: start omNode-1@group-0AAC5367B30E-LeaderElection21
2022-02-16 13:53:55,099 [Listener at 127.0.0.1/42813] INFO  server.session (DefaultSessionIdManager.java:doStart(334)) - DefaultSessionIdManager workerName=node0
2022-02-16 13:53:55,099 [Listener at 127.0.0.1/42813] INFO  server.session (DefaultSessionIdManager.java:doStart(339)) - No SessionScavenger set, using defaults
2022-02-16 13:53:55,099 [Listener at 127.0.0.1/42813] INFO  server.session (HouseKeeper.java:startScavenging(132)) - node0 Scavenging every 600000ms
2022-02-16 13:53:55,112 [Listener at 127.0.0.1/42813] INFO  handler.ContextHandler (ContextHandler.java:doStart(915)) - Started o.e.j.s.ServletContextHandler@79d50eee{logs,/logs,file:///home/runner/work/ozone/ozone/hadoop-ozone/integration-test/target/log,AVAILABLE}
2022-02-16 13:53:55,112 [Listener at 127.0.0.1/42813] INFO  handler.ContextHandler (ContextHandler.java:doStart(915)) - Started o.e.j.s.ServletContextHandler@160d2a7c{static,/static,jar:file:/home/runner/.m2/repository/org/apache/ozone/hdds-container-service/1.3.0-SNAPSHOT/hdds-container-service-1.3.0-SNAPSHOT.jar!/webapps/static,AVAILABLE}
2022-02-16 13:53:55,125 [omNode-1@group-0AAC5367B30E-LeaderElection21] INFO  impl.LeaderElection (LeaderElection.java:askForVotes(306)) - omNode-1@group-0AAC5367B30E-LeaderElection21 ELECTION round 0: submit vote requests at term 1 for -1: [omNode-1|rpc:localhost:32873|priority:0], old=null
2022-02-16 13:53:55,125 [omNode-1@group-0AAC5367B30E-LeaderElection21] INFO  impl.LeaderElection (LeaderElection.java:askForVotes(308)) - omNode-1@group-0AAC5367B30E-LeaderElection21 ELECTION round 0: result PASSED (term=1)
2022-02-16 13:53:55,126 [omNode-1@group-0AAC5367B30E-LeaderElection21] INFO  impl.RoleInfo (RoleInfo.java:shutdownLeaderElection(121)) - omNode-1: shutdown omNode-1@group-0AAC5367B30E-LeaderElection21
2022-02-16 13:53:55,126 [omNode-1@group-0AAC5367B30E-LeaderElection21] INFO  server.RaftServer$Division (RaftServerImpl.java:setRole(290)) - omNode-1@group-0AAC5367B30E: changes role from CANDIDATE to LEADER at term 1 for changeToLeader
2022-02-16 13:53:55,126 [omNode-1@group-0AAC5367B30E-LeaderElection21] INFO  server.RaftServer$Division (ServerState.java:setLeader(285)) - omNode-1@group-0AAC5367B30E: change Leader from null to omNode-1 at term 1 for becomeLeader, leader elected after 1195ms
2022-02-16 13:53:55,126 [omNode-1@group-0AAC5367B30E-LeaderElection21] INFO  server.RaftServerConfigKeys (ConfUtils.java:logGet(44)) - raft.server.staging.catchup.gap = 1000 (default)
2022-02-16 13:53:55,126 [omNode-1@group-0AAC5367B30E-LeaderElection21] INFO  server.RaftServerConfigKeys (ConfUtils.java:logGet(44)) - raft.server.write.element-limit = 4096 (default)
2022-02-16 13:53:55,126 [omNode-1@group-0AAC5367B30E-LeaderElection21] INFO  server.RaftServerConfigKeys (ConfUtils.java:logGet(44)) - raft.server.write.byte-limit = 64MB (=67108864) (default)
2022-02-16 13:53:55,126 [omNode-1@group-0AAC5367B30E-LeaderElection21] INFO  server.RaftServerConfigKeys (ConfUtils.java:logGet(44)) - raft.server.watch.timeout = 10s (default)
2022-02-16 13:53:55,126 [omNode-1@group-0AAC5367B30E-LeaderElection21] INFO  server.RaftServerConfigKeys (ConfUtils.java:logGet(44)) - raft.server.watch.timeout.denomination = 1s (default)
2022-02-16 13:53:55,127 [omNode-1@group-0AAC5367B30E-LeaderElection21] INFO  server.RaftServerConfigKeys (ConfUtils.java:logGet(44)) - raft.server.watch.element-limit = 65536 (default)
2022-02-16 13:53:55,127 [omNode-1@group-0AAC5367B30E-LeaderElection21] INFO  server.RaftServerConfigKeys (ConfUtils.java:logGet(44)) - raft.server.write.element-limit = 4096 (default)
2022-02-16 13:53:55,127 [omNode-1@group-0AAC5367B30E-LeaderElection21] INFO  server.RaftServerConfigKeys (ConfUtils.java:logGet(44)) - raft.server.write.follower.gap.ratio.max = -1.0 (default)
2022-02-16 13:53:55,127 [omNode-1@group-0AAC5367B30E-LeaderElection21] INFO  impl.RoleInfo (RoleInfo.java:updateAndGet(130)) - omNode-1: start omNode-1@group-0AAC5367B30E-LeaderStateImpl
2022-02-16 13:53:55,133 [omNode-1@group-0AAC5367B30E-LeaderElection21] INFO  segmented.SegmentedRaftLogWorker (SegmentedRaftLogWorker.java:startLogSegment(394)) - omNode-1@group-0AAC5367B30E-SegmentedRaftLogWorker: Starting segment from index:0
2022-02-16 13:53:55,146 [omNode-1@group-0AAC5367B30E-SegmentedRaftLogWorker] INFO  segmented.SegmentedRaftLogWorker (SegmentedRaftLogWorker.java:execute(601)) - omNode-1@group-0AAC5367B30E-SegmentedRaftLogWorker: created new log segment /home/runner/work/ozone/ozone/hadoop-ozone/integration-test/target/test-dir/MiniOzoneClusterImpl-86a05728-24a0-44bd-862c-635bb6b223ca/omNode-1/ratis/0718e334-ffa1-36bc-8e9a-0aac5367b30e/current/log_inprogress_0
2022-02-16 13:53:55,156 [omNode-1@group-0AAC5367B30E-LeaderElection21] INFO  server.RaftServer$Division (ServerState.java:setRaftConf(387)) - omNode-1@group-0AAC5367B30E: set configuration 0: [omNode-1|rpc:localhost:32873|admin:|client:|dataStream:|priority:0], old=null
2022-02-16 13:53:55,163 [omNode-1@group-0AAC5367B30E-StateMachineUpdater] INFO  ratis.OzoneManagerStateMachine (OzoneManagerStateMachine.java:notifyConfigurationChanged(188)) - Received Configuration change notification from Ratis. New Peer list:
[id: "omNode-1"
address: "localhost:32873"
]
2022-02-16 13:53:55,258 [Listener at 127.0.0.1/42813] INFO  handler.ContextHandler (ContextHandler.java:doStart(915)) - Started o.e.j.w.WebAppContext@5607f405{hddsDatanode,/,file:///tmp/jetty-0_0_0_0-37847-hdds-container-service-1_3_0-SNAPSHOT_jar-_-any-5446940626809639653/webapp/,AVAILABLE}{jar:file:/home/runner/.m2/repository/org/apache/ozone/hdds-container-service/1.3.0-SNAPSHOT/hdds-container-service-1.3.0-SNAPSHOT.jar!/webapps/hddsDatanode}
2022-02-16 13:53:55,268 [Listener at 127.0.0.1/42813] INFO  server.AbstractConnector (AbstractConnector.java:doStart(331)) - Started ServerConnector@10600e0d{HTTP/1.1, (http/1.1)}{0.0.0.0:37847}
2022-02-16 13:53:55,268 [Listener at 127.0.0.1/42813] INFO  server.Server (Server.java:doStart(415)) - Started @84452ms
2022-02-16 13:53:55,268 [Listener at 127.0.0.1/42813] WARN  impl.MetricsSystemImpl (MetricsSystemImpl.java:register(279)) - Sink prometheus already exists!
2022-02-16 13:53:55,269 [Listener at 127.0.0.1/42813] INFO  http.BaseHttpServer (BaseHttpServer.java:updateConnectorAddress(329)) - HTTP server of hddsDatanode listening at http://0.0.0.0:37847
2022-02-16 13:53:55,275 [Datanode State Machine Daemon Thread] INFO  statemachine.DatanodeStateMachine (DatanodeStateMachine.java:lambda$startDaemon$0(470)) - Ozone container server started.
2022-02-16 13:53:55,275 [Listener at 127.0.0.1/42813] WARN  impl.MetricRegistriesImpl (MetricRegistriesImpl.java:addReporterRegistration(111)) - New reporters are added after registries were created. Some metrics will be missing from the reporter. Please add reporter before adding any new registry.
2022-02-16 13:53:55,288 [Listener at 127.0.0.1/42813] WARN  impl.MetricRegistriesImpl (MetricRegistriesImpl.java:addReporterRegistration(111)) - New reporters are added after registries were created. Some metrics will be missing from the reporter. Please add reporter before adding any new registry.
2022-02-16 13:53:55,288 [Listener at 127.0.0.1/42813] INFO  impl.MetricsSystemImpl (MetricsSystemImpl.java:init(158)) - HddsDatanode metrics system started (again)
2022-02-16 13:53:55,319 [org.apache.hadoop.util.JvmPauseMonitor$Monitor@1abe7d90] INFO  util.JvmPauseMonitor (JvmPauseMonitor.java:run(188)) - Starting JVM pause monitor
2022-02-16 13:53:55,326 [Datanode State Machine Task Thread - 0] INFO  ha.SCMNodeInfo (SCMNodeInfo.java:getPort(197)) - ConfigKey ozone.scm.client.address is deprecated, For configuring different ports for each SCM use PortConfigKey ozone.scm.client.port appended with serviceId and nodeId
2022-02-16 13:53:55,327 [Datanode State Machine Task Thread - 0] INFO  ha.SCMNodeInfo (SCMNodeInfo.java:getPort(197)) - ConfigKey ozone.scm.block.client.address is deprecated, For configuring different ports for each SCM use PortConfigKey ozone.scm.block.client.port appended with serviceId and nodeId
2022-02-16 13:53:55,327 [Datanode State Machine Task Thread - 0] INFO  ha.SCMNodeInfo (SCMNodeInfo.java:getPort(197)) - ConfigKey ozone.scm.datanode.address is deprecated, For configuring different ports for each SCM use PortConfigKey ozone.scm.datanode.port appended with serviceId and nodeId
2022-02-16 13:53:55,344 [Listener at 127.0.0.1/42813] INFO  ozone.HddsDatanodeService (HddsDatanodeService.java:start(233)) - HddsDatanodeService host:fv-az270-170.tacnzluakwdehk1hpragurqkma.bx.internal.cloudapp.net ip:10.1.0.5
2022-02-16 13:53:55,395 [Datanode State Machine Task Thread - 0] INFO  datanode.InitDatanodeState (InitDatanodeState.java:persistContainerDatanodeDetails(138)) - DatanodeDetails is persisted to /home/runner/work/ozone/ozone/hadoop-ozone/integration-test/target/test-dir/MiniOzoneClusterImpl-86a05728-24a0-44bd-862c-635bb6b223ca/datanode-1/meta/datanode.id
2022-02-16 13:53:55,401 [Listener at 127.0.0.1/42813] INFO  upgrade.AbstractLayoutVersionManager (AbstractLayoutVersionManager.java:init(79)) - Initializing Layout version manager with metadata layout = SCM_HA (version = 2), software layout = SCM_HA (version = 2)
2022-02-16 13:53:55,485 [Listener at 127.0.0.1/42813] INFO  reflections.Reflections (Reflections.java:scan(232)) - Reflections took 82 ms to scan 7 urls, producing 119 keys and 279 values 
2022-02-16 13:53:55,487 [Listener at 127.0.0.1/42813] INFO  ha.SCMNodeInfo (SCMNodeInfo.java:getPort(197)) - ConfigKey ozone.scm.client.address is deprecated, For configuring different ports for each SCM use PortConfigKey ozone.scm.client.port appended with serviceId and nodeId
2022-02-16 13:53:55,487 [Listener at 127.0.0.1/42813] INFO  ha.SCMNodeInfo (SCMNodeInfo.java:getPort(197)) - ConfigKey ozone.scm.block.client.address is deprecated, For configuring different ports for each SCM use PortConfigKey ozone.scm.block.client.port appended with serviceId and nodeId
2022-02-16 13:53:55,487 [Listener at 127.0.0.1/42813] INFO  ha.SCMNodeInfo (SCMNodeInfo.java:getPort(197)) - ConfigKey ozone.scm.datanode.address is deprecated, For configuring different ports for each SCM use PortConfigKey ozone.scm.datanode.port appended with serviceId and nodeId
2022-02-16 13:53:55,487 [Listener at 127.0.0.1/42813] INFO  statemachine.DatanodeStateMachine (DatanodeStateMachine.java:getEndPointTaskThreadPoolSize(222)) - Datanode State Machine Task Thread Pool size 2
2022-02-16 13:53:55,496 [Listener at 127.0.0.1/42813] INFO  volume.HddsVolume (HddsVolume.java:<init>(120)) - Creating HddsVolume: /home/runner/work/ozone/ozone/hadoop-ozone/integration-test/target/test-dir/MiniOzoneClusterImpl-86a05728-24a0-44bd-862c-635bb6b223ca/datanode-2/data-0/containers/hdds of storage type : DISK capacity : 9223372036854775807
2022-02-16 13:53:55,496 [Listener at 127.0.0.1/42813] INFO  volume.MutableVolumeSet (MutableVolumeSet.java:initializeVolumeSet(168)) - Added Volume : /home/runner/work/ozone/ozone/hadoop-ozone/integration-test/target/test-dir/MiniOzoneClusterImpl-86a05728-24a0-44bd-862c-635bb6b223ca/datanode-2/data-0/containers/hdds to VolumeSet
2022-02-16 13:53:55,497 [Listener at 127.0.0.1/42813] INFO  volume.ThrottledAsyncChecker (ThrottledAsyncChecker.java:schedule(141)) - Scheduling a check for /home/runner/work/ozone/ozone/hadoop-ozone/integration-test/target/test-dir/MiniOzoneClusterImpl-86a05728-24a0-44bd-862c-635bb6b223ca/datanode-2/data-0/containers/hdds
2022-02-16 13:53:55,515 [Listener at 127.0.0.1/42813] INFO  volume.StorageVolumeChecker (StorageVolumeChecker.java:checkAllVolumes(202)) - Scheduled health check for volume /home/runner/work/ozone/ozone/hadoop-ozone/integration-test/target/test-dir/MiniOzoneClusterImpl-86a05728-24a0-44bd-862c-635bb6b223ca/datanode-2/data-0/containers/hdds
2022-02-16 13:53:55,544 [Listener at 127.0.0.1/42813] INFO  volume.MutableVolumeSet (MutableVolumeSet.java:initializeVolumeSet(168)) - Added Volume : /home/runner/work/ozone/ozone/hadoop-ozone/integration-test/target/test-dir/MiniOzoneClusterImpl-86a05728-24a0-44bd-862c-635bb6b223ca/datanode-2/data/ratis to VolumeSet
2022-02-16 13:53:55,544 [Listener at 127.0.0.1/42813] INFO  volume.ThrottledAsyncChecker (ThrottledAsyncChecker.java:schedule(141)) - Scheduling a check for /home/runner/work/ozone/ozone/hadoop-ozone/integration-test/target/test-dir/MiniOzoneClusterImpl-86a05728-24a0-44bd-862c-635bb6b223ca/datanode-2/data/ratis
2022-02-16 13:53:55,544 [Listener at 127.0.0.1/42813] INFO  volume.StorageVolumeChecker (StorageVolumeChecker.java:checkAllVolumes(202)) - Scheduled health check for volume /home/runner/work/ozone/ozone/hadoop-ozone/integration-test/target/test-dir/MiniOzoneClusterImpl-86a05728-24a0-44bd-862c-635bb6b223ca/datanode-2/data/ratis
2022-02-16 13:53:55,599 [Thread-1234] INFO  ozoneimpl.ContainerReader (ContainerReader.java:readVolume(172)) - Finish verifying containers on volume /home/runner/work/ozone/ozone/hadoop-ozone/integration-test/target/test-dir/MiniOzoneClusterImpl-86a05728-24a0-44bd-862c-635bb6b223ca/datanode-2/data-0/containers/hdds
2022-02-16 13:53:55,599 [Listener at 127.0.0.1/42813] INFO  ozoneimpl.OzoneContainer (OzoneContainer.java:buildContainerSet(237)) - Build ContainerSet costs 0s
2022-02-16 13:53:55,604 [Listener at 127.0.0.1/42813] INFO  server.RaftServer (ConfUtils.java:logGet(44)) - raft.rpc.type = GRPC (default)
2022-02-16 13:53:55,605 [Listener at 127.0.0.1/42813] INFO  grpc.GrpcFactory (GrpcFactory.java:checkPooledByteBufAllocatorUseCacheForAllThreads(48)) - PERFORMANCE WARNING: useCacheForAllThreads is true that may cause Netty to create a lot garbage objects and, as a result, trigger GC.
	It is recommended to disable useCacheForAllThreads by setting -Dorg.apache.ratis.thirdparty.io.netty.allocator.useCacheForAllThreads=false in command line.
2022-02-16 13:53:55,605 [Listener at 127.0.0.1/42813] INFO  grpc.GrpcConfigKeys (ConfUtils.java:logGet(44)) - raft.grpc.admin.port = 0 (custom)
2022-02-16 13:53:55,605 [Listener at 127.0.0.1/42813] INFO  grpc.GrpcConfigKeys (ConfUtils.java:logGet(44)) - raft.grpc.client.port = 0 (custom)
2022-02-16 13:53:55,605 [Listener at 127.0.0.1/42813] INFO  grpc.GrpcConfigKeys (ConfUtils.java:logGet(44)) - raft.grpc.server.port = 0 (default)
2022-02-16 13:53:55,605 [Listener at 127.0.0.1/42813] INFO  server.GrpcService (ConfUtils.java:logGet(44)) - raft.grpc.message.size.max = 32MB (=33554432) (custom)
2022-02-16 13:53:55,605 [Listener at 127.0.0.1/42813] INFO  server.RaftServerConfigKeys (ConfUtils.java:logGet(44)) - raft.server.log.appender.buffer.byte-limit = 33554432 (custom)
2022-02-16 13:53:55,605 [Listener at 127.0.0.1/42813] INFO  server.GrpcService (ConfUtils.java:logGet(44)) - raft.grpc.flow.control.window = 5MB (=5242880) (custom)
2022-02-16 13:53:55,605 [Listener at 127.0.0.1/42813] INFO  server.RaftServerConfigKeys (ConfUtils.java:logGet(44)) - raft.server.rpc.request.timeout = 60s (custom)
2022-02-16 13:53:55,606 [Listener at 127.0.0.1/42813] INFO  impl.DataStreamServerImpl (ConfUtils.java:logGet(44)) - raft.datastream.type = DISABLED (default)
2022-02-16 13:53:55,611 [Listener at 127.0.0.1/42813] INFO  server.RaftServerConfigKeys (ConfUtils.java:logGet(44)) - raft.server.rpc.slowness.timeout = 300s (custom)
2022-02-16 13:53:55,611 [Listener at 127.0.0.1/42813] INFO  server.RaftServerConfigKeys (ConfUtils.java:logGet(44)) - raft.server.leaderelection.leader.step-down.wait-time = 10s (default)
2022-02-16 13:53:55,611 [Listener at 127.0.0.1/42813] INFO  server.RaftServerConfigKeys (ConfUtils.java:logGet(44)) - raft.server.storage.dir = [/home/runner/work/ozone/ozone/hadoop-ozone/integration-test/target/test-dir/MiniOzoneClusterImpl-86a05728-24a0-44bd-862c-635bb6b223ca/datanode-2/data/ratis] (custom)
2022-02-16 13:53:55,619 [Listener at 127.0.0.1/42813] INFO  server.XceiverServerGrpc (XceiverServerGrpc.java:<init>(132)) - GrpcServer channel type EpollServerSocketChannel
2022-02-16 13:53:55,635 [Listener at 127.0.0.1/42813] INFO  http.BaseHttpServer (BaseHttpServer.java:newHttpServer2BuilderForOzone(209)) - Starting Web-server for hddsDatanode at: http://0.0.0.0:0
2022-02-16 13:53:55,635 [Listener at 127.0.0.1/42813] INFO  http.BaseHttpServer (BaseHttpServer.java:<init>(107)) - Hadoop Security Enabled: false Ozone Security Enabled: false Ozone HTTP Security Enabled: false 
2022-02-16 13:53:55,636 [Listener at 127.0.0.1/42813] INFO  server.AuthenticationFilter (AuthenticationFilter.java:constructSecretProvider(240)) - Unable to initialize FileSignerSecretProvider, falling back to use random secrets.
2022-02-16 13:53:55,647 [Listener at 127.0.0.1/42813] WARN  http.HttpRequestLog (HttpRequestLog.java:getRequestLog(103)) - Jetty request log can only be enabled using Log4j
2022-02-16 13:53:55,648 [Listener at 127.0.0.1/42813] INFO  http.HttpServer2 (HttpServer2.java:addGlobalFilter(1030)) - Added global filter 'safety' (class=org.apache.hadoop.hdds.server.http.HttpServer2$QuotingInputFilter)
2022-02-16 13:53:55,649 [Listener at 127.0.0.1/42813] INFO  http.HttpServer2 (HttpServer2.java:addFilter(1006)) - Added filter static_user_filter (class=org.apache.hadoop.http.lib.StaticUserWebFilter$StaticUserFilter) to context hddsDatanode
2022-02-16 13:53:55,649 [Listener at 127.0.0.1/42813] INFO  http.HttpServer2 (HttpServer2.java:addFilter(1014)) - Added filter static_user_filter (class=org.apache.hadoop.http.lib.StaticUserWebFilter$StaticUserFilter) to context static
2022-02-16 13:53:55,649 [Listener at 127.0.0.1/42813] INFO  http.HttpServer2 (HttpServer2.java:addFilter(1014)) - Added filter static_user_filter (class=org.apache.hadoop.http.lib.StaticUserWebFilter$StaticUserFilter) to context logs
2022-02-16 13:53:55,650 [Listener at 127.0.0.1/42813] INFO  http.HttpServer2 (HttpServer2.java:bindListener(1249)) - Jetty bound to port 43449
2022-02-16 13:53:55,651 [Listener at 127.0.0.1/42813] INFO  server.Server (Server.java:doStart(375)) - jetty-9.4.43.v20210629; built: 2021-06-30T11:07:22.254Z; git: 526006ecfa3af7f1a27ef3a288e2bef7ea9dd7e8; jvm 1.8.0_312-b07
2022-02-16 13:53:55,703 [Listener at 127.0.0.1/42813] INFO  server.session (DefaultSessionIdManager.java:doStart(334)) - DefaultSessionIdManager workerName=node0
2022-02-16 13:53:55,703 [Listener at 127.0.0.1/42813] INFO  server.session (DefaultSessionIdManager.java:doStart(339)) - No SessionScavenger set, using defaults
2022-02-16 13:53:55,703 [Listener at 127.0.0.1/42813] INFO  server.session (HouseKeeper.java:startScavenging(132)) - node0 Scavenging every 600000ms
2022-02-16 13:53:55,704 [Listener at 127.0.0.1/42813] INFO  handler.ContextHandler (ContextHandler.java:doStart(915)) - Started o.e.j.s.ServletContextHandler@10c0188b{logs,/logs,file:///home/runner/work/ozone/ozone/hadoop-ozone/integration-test/target/log,AVAILABLE}
2022-02-16 13:53:55,705 [Listener at 127.0.0.1/42813] INFO  handler.ContextHandler (ContextHandler.java:doStart(915)) - Started o.e.j.s.ServletContextHandler@38590f88{static,/static,jar:file:/home/runner/.m2/repository/org/apache/ozone/hdds-container-service/1.3.0-SNAPSHOT/hdds-container-service-1.3.0-SNAPSHOT.jar!/webapps/static,AVAILABLE}
2022-02-16 13:53:55,757 [EndpointStateMachine task thread for /127.0.0.1:40707 - 0 ] INFO  ipc.Client (Client.java:handleConnectionFailure(977)) - Retrying connect to server: localhost/127.0.0.1:40707. Already tried 7 time(s); retry policy is RetryUpToMaximumCountWithFixedSleep(maxRetries=15, sleepTime=1000 MILLISECONDS)
2022-02-16 13:53:55,778 [Listener at 127.0.0.1/42813] INFO  handler.ContextHandler (ContextHandler.java:doStart(915)) - Started o.e.j.w.WebAppContext@53a09c24{hddsDatanode,/,file:///tmp/jetty-0_0_0_0-43449-hdds-container-service-1_3_0-SNAPSHOT_jar-_-any-8143046794764379020/webapp/,AVAILABLE}{jar:file:/home/runner/.m2/repository/org/apache/ozone/hdds-container-service/1.3.0-SNAPSHOT/hdds-container-service-1.3.0-SNAPSHOT.jar!/webapps/hddsDatanode}
2022-02-16 13:53:55,783 [Listener at 127.0.0.1/42813] INFO  server.AbstractConnector (AbstractConnector.java:doStart(331)) - Started ServerConnector@2416c448{HTTP/1.1, (http/1.1)}{0.0.0.0:43449}
2022-02-16 13:53:55,783 [Listener at 127.0.0.1/42813] INFO  server.Server (Server.java:doStart(415)) - Started @84967ms
2022-02-16 13:53:55,783 [Listener at 127.0.0.1/42813] WARN  impl.MetricsSystemImpl (MetricsSystemImpl.java:register(279)) - Sink prometheus already exists!
2022-02-16 13:53:55,784 [Listener at 127.0.0.1/42813] INFO  http.BaseHttpServer (BaseHttpServer.java:updateConnectorAddress(329)) - HTTP server of hddsDatanode listening at http://0.0.0.0:43449
2022-02-16 13:53:55,790 [Listener at 127.0.0.1/42813] INFO  ozone.MiniOzoneClusterImpl (MiniOzoneClusterImpl.java:lambda$waitForClusterToBeReady$0(219)) - Waiting for nodes to be ready. Got 0 of 3 DN Heartbeats.
2022-02-16 13:53:55,790 [Listener at 127.0.0.1/42813] INFO  ozone.MiniOzoneClusterImpl (MiniOzoneClusterImpl.java:lambda$waitForClusterToBeReady$0(222)) - Waiting for cluster to exit safe mode
2022-02-16 13:53:55,790 [Listener at 127.0.0.1/42813] INFO  ozone.MiniOzoneClusterImpl (MiniOzoneClusterImpl.java:lambda$waitForClusterToBeReady$0(224)) - SCM became leader
2022-02-16 13:53:55,790 [Datanode State Machine Daemon Thread] INFO  statemachine.DatanodeStateMachine (DatanodeStateMachine.java:lambda$startDaemon$0(470)) - Ozone container server started.
2022-02-16 13:53:55,861 [org.apache.hadoop.util.JvmPauseMonitor$Monitor@fa15f84] INFO  util.JvmPauseMonitor (JvmPauseMonitor.java:run(188)) - Starting JVM pause monitor
2022-02-16 13:53:55,869 [Datanode State Machine Task Thread - 0] INFO  ha.SCMNodeInfo (SCMNodeInfo.java:getPort(197)) - ConfigKey ozone.scm.client.address is deprecated, For configuring different ports for each SCM use PortConfigKey ozone.scm.client.port appended with serviceId and nodeId
2022-02-16 13:53:55,869 [Datanode State Machine Task Thread - 0] INFO  ha.SCMNodeInfo (SCMNodeInfo.java:getPort(197)) - ConfigKey ozone.scm.block.client.address is deprecated, For configuring different ports for each SCM use PortConfigKey ozone.scm.block.client.port appended with serviceId and nodeId
2022-02-16 13:53:55,869 [Datanode State Machine Task Thread - 0] INFO  ha.SCMNodeInfo (SCMNodeInfo.java:getPort(197)) - ConfigKey ozone.scm.datanode.address is deprecated, For configuring different ports for each SCM use PortConfigKey ozone.scm.datanode.port appended with serviceId and nodeId
2022-02-16 13:53:55,889 [Datanode State Machine Task Thread - 0] INFO  datanode.InitDatanodeState (InitDatanodeState.java:persistContainerDatanodeDetails(138)) - DatanodeDetails is persisted to /home/runner/work/ozone/ozone/hadoop-ozone/integration-test/target/test-dir/MiniOzoneClusterImpl-86a05728-24a0-44bd-862c-635bb6b223ca/datanode-2/meta/datanode.id
2022-02-16 13:53:56,758 [EndpointStateMachine task thread for /127.0.0.1:40707 - 0 ] INFO  ipc.Client (Client.java:handleConnectionFailure(977)) - Retrying connect to server: localhost/127.0.0.1:40707. Already tried 8 time(s); retry policy is RetryUpToMaximumCountWithFixedSleep(maxRetries=15, sleepTime=1000 MILLISECONDS)
2022-02-16 13:53:56,779 [EndpointStateMachine task thread for /127.0.0.1:35853 - 0 ] INFO  ozoneimpl.OzoneContainer (OzoneContainer.java:start(315)) - Attempting to start container services.
2022-02-16 13:53:56,780 [EndpointStateMachine task thread for /127.0.0.1:35853 - 0 ] INFO  ozoneimpl.OzoneContainer (OzoneContainer.java:startContainerScrub(250)) - Background container scanner has been disabled.
2022-02-16 13:53:56,780 [EndpointStateMachine task thread for /127.0.0.1:35853 - 0 ] INFO  replication.ReplicationServer (ReplicationServer.java:start(111)) - ReplicationServer is started using port 36911
2022-02-16 13:53:56,781 [EndpointStateMachine task thread for /127.0.0.1:35853 - 0 ] INFO  ratis.XceiverServerRatis (XceiverServerRatis.java:start(485)) - Starting XceiverServerRatis 1da67b63-4649-4db0-a931-db15f446f8ab
2022-02-16 13:53:56,788 [EndpointStateMachine task thread for /127.0.0.1:35853 - 0 ] INFO  server.RaftServer (RaftServerProxy.java:lambda$start$5(374)) - 1da67b63-4649-4db0-a931-db15f446f8ab: start RPC server
2022-02-16 13:53:56,791 [EndpointStateMachine task thread for /127.0.0.1:35853 - 0 ] INFO  server.GrpcService (GrpcService.java:startImpl(253)) - 1da67b63-4649-4db0-a931-db15f446f8ab: GrpcService started, listening on 46601
2022-02-16 13:53:56,792 [EndpointStateMachine task thread for /127.0.0.1:35853 - 0 ] INFO  ratis.XceiverServerRatis (XceiverServerRatis.java:getRealPort(506)) - XceiverServerRatis 1da67b63-4649-4db0-a931-db15f446f8ab is started using port 46601 for RATIS
2022-02-16 13:53:56,792 [EndpointStateMachine task thread for /127.0.0.1:35853 - 0 ] INFO  ratis.XceiverServerRatis (XceiverServerRatis.java:getRealPort(506)) - XceiverServerRatis 1da67b63-4649-4db0-a931-db15f446f8ab is started using port 46601 for RATIS_ADMIN
2022-02-16 13:53:56,792 [EndpointStateMachine task thread for /127.0.0.1:35853 - 0 ] INFO  ratis.XceiverServerRatis (XceiverServerRatis.java:getRealPort(506)) - XceiverServerRatis 1da67b63-4649-4db0-a931-db15f446f8ab is started using port 46601 for RATIS_SERVER
2022-02-16 13:53:56,792 [org.apache.ratis.util.JvmPauseMonitor$$Lambda$435/1382067285@6d66d4eb] INFO  util.JvmPauseMonitor (JvmPauseMonitor.java:run(103)) - JvmPauseMonitor-1da67b63-4649-4db0-a931-db15f446f8ab: Started
2022-02-16 13:53:56,793 [EndpointStateMachine task thread for /127.0.0.1:35853 - 0 ] INFO  server.XceiverServerGrpc (XceiverServerGrpc.java:start(180)) - XceiverServerGrpc 1da67b63-4649-4db0-a931-db15f446f8ab is started using port 35705
2022-02-16 13:53:56,799 [Listener at 127.0.0.1/42813] INFO  ozone.MiniOzoneClusterImpl (MiniOzoneClusterImpl.java:lambda$waitForClusterToBeReady$0(219)) - Waiting for nodes to be ready. Got 0 of 3 DN Heartbeats.
2022-02-16 13:53:56,799 [Listener at 127.0.0.1/42813] INFO  ozone.MiniOzoneClusterImpl (MiniOzoneClusterImpl.java:lambda$waitForClusterToBeReady$0(222)) - Waiting for cluster to exit safe mode
2022-02-16 13:53:56,799 [Listener at 127.0.0.1/42813] INFO  ozone.MiniOzoneClusterImpl (MiniOzoneClusterImpl.java:lambda$waitForClusterToBeReady$0(224)) - SCM became leader
2022-02-16 13:53:57,340 [EndpointStateMachine task thread for /127.0.0.1:35853 - 0 ] INFO  ozoneimpl.OzoneContainer (OzoneContainer.java:start(315)) - Attempting to start container services.
2022-02-16 13:53:57,340 [EndpointStateMachine task thread for /127.0.0.1:35853 - 0 ] INFO  ozoneimpl.OzoneContainer (OzoneContainer.java:startContainerScrub(250)) - Background container scanner has been disabled.
2022-02-16 13:53:57,341 [EndpointStateMachine task thread for /127.0.0.1:35853 - 0 ] INFO  replication.ReplicationServer (ReplicationServer.java:start(111)) - ReplicationServer is started using port 43955
2022-02-16 13:53:57,344 [EndpointStateMachine task thread for /127.0.0.1:35853 - 0 ] INFO  ratis.XceiverServerRatis (XceiverServerRatis.java:start(485)) - Starting XceiverServerRatis f85876aa-b1dd-4474-bc29-05da8abc0eac
2022-02-16 13:53:57,355 [EndpointStateMachine task thread for /127.0.0.1:35853 - 0 ] INFO  server.RaftServer (RaftServerProxy.java:lambda$start$5(374)) - f85876aa-b1dd-4474-bc29-05da8abc0eac: start RPC server
2022-02-16 13:53:57,359 [EndpointStateMachine task thread for /127.0.0.1:35853 - 0 ] INFO  server.GrpcService (GrpcService.java:startImpl(253)) - f85876aa-b1dd-4474-bc29-05da8abc0eac: GrpcService started, listening on 39541
2022-02-16 13:53:57,370 [EndpointStateMachine task thread for /127.0.0.1:35853 - 0 ] INFO  ratis.XceiverServerRatis (XceiverServerRatis.java:getRealPort(506)) - XceiverServerRatis f85876aa-b1dd-4474-bc29-05da8abc0eac is started using port 39541 for RATIS
2022-02-16 13:53:57,371 [EndpointStateMachine task thread for /127.0.0.1:35853 - 0 ] INFO  ratis.XceiverServerRatis (XceiverServerRatis.java:getRealPort(506)) - XceiverServerRatis f85876aa-b1dd-4474-bc29-05da8abc0eac is started using port 39541 for RATIS_ADMIN
2022-02-16 13:53:57,371 [EndpointStateMachine task thread for /127.0.0.1:35853 - 0 ] INFO  ratis.XceiverServerRatis (XceiverServerRatis.java:getRealPort(506)) - XceiverServerRatis f85876aa-b1dd-4474-bc29-05da8abc0eac is started using port 39541 for RATIS_SERVER
2022-02-16 13:53:57,371 [org.apache.ratis.util.JvmPauseMonitor$$Lambda$435/1382067285@3a759148] INFO  util.JvmPauseMonitor (JvmPauseMonitor.java:run(103)) - JvmPauseMonitor-f85876aa-b1dd-4474-bc29-05da8abc0eac: Started
2022-02-16 13:53:57,383 [EndpointStateMachine task thread for /127.0.0.1:35853 - 0 ] INFO  server.XceiverServerGrpc (XceiverServerGrpc.java:start(180)) - XceiverServerGrpc f85876aa-b1dd-4474-bc29-05da8abc0eac is started using port 41679
2022-02-16 13:53:57,758 [EndpointStateMachine task thread for /127.0.0.1:40707 - 0 ] INFO  ipc.Client (Client.java:handleConnectionFailure(977)) - Retrying connect to server: localhost/127.0.0.1:40707. Already tried 9 time(s); retry policy is RetryUpToMaximumCountWithFixedSleep(maxRetries=15, sleepTime=1000 MILLISECONDS)
2022-02-16 13:53:57,799 [Listener at 127.0.0.1/42813] INFO  ozone.MiniOzoneClusterImpl (MiniOzoneClusterImpl.java:lambda$waitForClusterToBeReady$0(219)) - Waiting for nodes to be ready. Got 0 of 3 DN Heartbeats.
2022-02-16 13:53:57,799 [Listener at 127.0.0.1/42813] INFO  ozone.MiniOzoneClusterImpl (MiniOzoneClusterImpl.java:lambda$waitForClusterToBeReady$0(222)) - Waiting for cluster to exit safe mode
2022-02-16 13:53:57,799 [Listener at 127.0.0.1/42813] INFO  ozone.MiniOzoneClusterImpl (MiniOzoneClusterImpl.java:lambda$waitForClusterToBeReady$0(224)) - SCM became leader
2022-02-16 13:53:57,885 [EndpointStateMachine task thread for /127.0.0.1:35853 - 0 ] INFO  ozoneimpl.OzoneContainer (OzoneContainer.java:start(315)) - Attempting to start container services.
2022-02-16 13:53:57,885 [EndpointStateMachine task thread for /127.0.0.1:35853 - 0 ] INFO  ozoneimpl.OzoneContainer (OzoneContainer.java:startContainerScrub(250)) - Background container scanner has been disabled.
2022-02-16 13:53:57,886 [EndpointStateMachine task thread for /127.0.0.1:35853 - 0 ] INFO  replication.ReplicationServer (ReplicationServer.java:start(111)) - ReplicationServer is started using port 42379
2022-02-16 13:53:57,887 [EndpointStateMachine task thread for /127.0.0.1:35853 - 0 ] INFO  ratis.XceiverServerRatis (XceiverServerRatis.java:start(485)) - Starting XceiverServerRatis 639e78e2-4776-4f8b-889b-5f4caefdc1ac
2022-02-16 13:53:57,888 [EndpointStateMachine task thread for /127.0.0.1:35853 - 0 ] INFO  server.RaftServer (RaftServerProxy.java:lambda$start$5(374)) - 639e78e2-4776-4f8b-889b-5f4caefdc1ac: start RPC server
2022-02-16 13:53:57,888 [EndpointStateMachine task thread for /127.0.0.1:35853 - 0 ] INFO  server.GrpcService (GrpcService.java:startImpl(253)) - 639e78e2-4776-4f8b-889b-5f4caefdc1ac: GrpcService started, listening on 46119
2022-02-16 13:53:57,888 [EndpointStateMachine task thread for /127.0.0.1:35853 - 0 ] INFO  ratis.XceiverServerRatis (XceiverServerRatis.java:getRealPort(506)) - XceiverServerRatis 639e78e2-4776-4f8b-889b-5f4caefdc1ac is started using port 46119 for RATIS
2022-02-16 13:53:57,888 [EndpointStateMachine task thread for /127.0.0.1:35853 - 0 ] INFO  ratis.XceiverServerRatis (XceiverServerRatis.java:getRealPort(506)) - XceiverServerRatis 639e78e2-4776-4f8b-889b-5f4caefdc1ac is started using port 46119 for RATIS_ADMIN
2022-02-16 13:53:57,889 [EndpointStateMachine task thread for /127.0.0.1:35853 - 0 ] INFO  ratis.XceiverServerRatis (XceiverServerRatis.java:getRealPort(506)) - XceiverServerRatis 639e78e2-4776-4f8b-889b-5f4caefdc1ac is started using port 46119 for RATIS_SERVER
2022-02-16 13:53:57,889 [org.apache.ratis.util.JvmPauseMonitor$$Lambda$435/1382067285@70cd20e] INFO  util.JvmPauseMonitor (JvmPauseMonitor.java:run(103)) - JvmPauseMonitor-639e78e2-4776-4f8b-889b-5f4caefdc1ac: Started
2022-02-16 13:53:57,889 [EndpointStateMachine task thread for /127.0.0.1:35853 - 0 ] INFO  server.XceiverServerGrpc (XceiverServerGrpc.java:start(180)) - XceiverServerGrpc 639e78e2-4776-4f8b-889b-5f4caefdc1ac is started using port 38683
2022-02-16 13:53:58,756 [IPC Server handler 22 on default port 35853] INFO  net.NetworkTopologyImpl (NetworkTopologyImpl.java:add(112)) - Added a new node: /default-rack/1da67b63-4649-4db0-a931-db15f446f8ab
2022-02-16 13:53:58,756 [IPC Server handler 22 on default port 35853] INFO  node.SCMNodeManager (SCMNodeManager.java:register(389)) - Registered Data node : 1da67b63-4649-4db0-a931-db15f446f8ab{ip: 127.0.0.1, host: localhost, ports: [REPLICATION=36911, RATIS=46601, RATIS_ADMIN=46601, RATIS_SERVER=46601, STANDALONE=35705], networkLocation: /default-rack, certSerialId: null, persistedOpState: null, persistedOpStateExpiryEpochSec: 0}
2022-02-16 13:53:58,758 [EventQueue-NewNodeForNewNodeHandler] INFO  pipeline.BackgroundPipelineCreator (BackgroundPipelineCreator.java:notifyEventTriggered(285)) - trigger a one-shot run on RatisPipelineUtilsThread.
2022-02-16 13:53:58,759 [RatisPipelineUtilsThread - 0] INFO  pipeline.RatisPipelineProvider (RatisPipelineProvider.java:lambda$create$0(183)) - Sending CreatePipelineCommand for pipeline:PipelineID=5e1cfe0f-9684-41fc-9464-e6a00627fa95 to datanode:1da67b63-4649-4db0-a931-db15f446f8ab
2022-02-16 13:53:58,759 [EndpointStateMachine task thread for /127.0.0.1:40707 - 0 ] INFO  ipc.Client (Client.java:handleConnectionFailure(977)) - Retrying connect to server: localhost/127.0.0.1:40707. Already tried 10 time(s); retry policy is RetryUpToMaximumCountWithFixedSleep(maxRetries=15, sleepTime=1000 MILLISECONDS)
2022-02-16 13:53:58,760 [EventQueue-NodeRegistrationContainerReportForDataNodeSafeModeRule] INFO  safemode.SCMSafeModeManager (DataNodeSafeModeRule.java:process(71)) - SCM in safe mode. 1 DataNodes registered, 3 required.
2022-02-16 13:53:58,765 [EventQueue-NodeRegistrationContainerReportForContainerSafeModeRule] INFO  safemode.SCMSafeModeManager (SCMSafeModeManager.java:validateSafeModeExitRules(204)) - ContainerSafeModeRule rule is successfully validated
2022-02-16 13:53:58,770 [EventQueue-PipelineReportForOneReplicaPipelineSafeModeRule] INFO  safemode.SCMSafeModeManager (SCMSafeModeManager.java:validateSafeModeExitRules(204)) - AtleastOneDatanodeReportedRule rule is successfully validated
2022-02-16 13:53:58,799 [Listener at 127.0.0.1/42813] INFO  ozone.MiniOzoneClusterImpl (MiniOzoneClusterImpl.java:lambda$waitForClusterToBeReady$0(219)) - Waiting for nodes to be ready. Got 1 of 3 DN Heartbeats.
2022-02-16 13:53:58,800 [Listener at 127.0.0.1/42813] INFO  ozone.MiniOzoneClusterImpl (MiniOzoneClusterImpl.java:lambda$waitForClusterToBeReady$0(222)) - Waiting for cluster to exit safe mode
2022-02-16 13:53:58,800 [Listener at 127.0.0.1/42813] INFO  ozone.MiniOzoneClusterImpl (MiniOzoneClusterImpl.java:lambda$waitForClusterToBeReady$0(224)) - SCM became leader
2022-02-16 13:53:58,820 [95249411-7456-4ad4-a209-a7ba9f4cfc6c@group-635BB6B223CA-StateMachineUpdater] INFO  pipeline.PipelineStateManagerImpl (PipelineStateManagerImpl.java:addPipeline(101)) - Created pipeline Pipeline[ Id: 5e1cfe0f-9684-41fc-9464-e6a00627fa95, Nodes: 1da67b63-4649-4db0-a931-db15f446f8ab{ip: 127.0.0.1, host: localhost, ports: [REPLICATION=36911, RATIS=46601, RATIS_ADMIN=46601, RATIS_SERVER=46601, STANDALONE=35705], networkLocation: /default-rack, certSerialId: null, persistedOpState: IN_SERVICE, persistedOpStateExpiryEpochSec: 0}, ReplicationConfig: RATIS/ONE, State:ALLOCATED, leaderId:, CreationTimestamp2022-02-16T13:53:58.759Z[Etc/UTC]].
2022-02-16 13:53:58,821 [95249411-7456-4ad4-a209-a7ba9f4cfc6c@group-635BB6B223CA-StateMachineUpdater] INFO  safemode.HealthyPipelineSafeModeRule (HealthyPipelineSafeModeRule.java:initializeRule(152)) - Refreshed total pipeline count is 0, healthy pipeline threshold count is 1
2022-02-16 13:53:59,322 [IPC Server handler 23 on default port 35853] INFO  net.NetworkTopologyImpl (NetworkTopologyImpl.java:add(112)) - Added a new node: /default-rack/f85876aa-b1dd-4474-bc29-05da8abc0eac
2022-02-16 13:53:59,324 [IPC Server handler 23 on default port 35853] INFO  node.SCMNodeManager (SCMNodeManager.java:register(389)) - Registered Data node : f85876aa-b1dd-4474-bc29-05da8abc0eac{ip: 127.0.0.1, host: localhost, ports: [REPLICATION=43955, RATIS=39541, RATIS_ADMIN=39541, RATIS_SERVER=39541, STANDALONE=41679], networkLocation: /default-rack, certSerialId: null, persistedOpState: null, persistedOpStateExpiryEpochSec: 0}
2022-02-16 13:53:59,324 [EventQueue-NewNodeForNewNodeHandler] INFO  pipeline.BackgroundPipelineCreator (BackgroundPipelineCreator.java:notifyEventTriggered(285)) - trigger a one-shot run on RatisPipelineUtilsThread.
2022-02-16 13:53:59,324 [EventQueue-NodeRegistrationContainerReportForDataNodeSafeModeRule] INFO  safemode.SCMSafeModeManager (DataNodeSafeModeRule.java:process(71)) - SCM in safe mode. 2 DataNodes registered, 3 required.
2022-02-16 13:53:59,328 [RatisPipelineUtilsThread - 0] INFO  pipeline.RatisPipelineProvider (RatisPipelineProvider.java:lambda$create$0(183)) - Sending CreatePipelineCommand for pipeline:PipelineID=f535c9f0-6304-4020-a88a-1911e8f06f0c to datanode:f85876aa-b1dd-4474-bc29-05da8abc0eac
2022-02-16 13:53:59,330 [95249411-7456-4ad4-a209-a7ba9f4cfc6c@group-635BB6B223CA-StateMachineUpdater] INFO  pipeline.PipelineStateManagerImpl (PipelineStateManagerImpl.java:addPipeline(101)) - Created pipeline Pipeline[ Id: f535c9f0-6304-4020-a88a-1911e8f06f0c, Nodes: f85876aa-b1dd-4474-bc29-05da8abc0eac{ip: 127.0.0.1, host: localhost, ports: [REPLICATION=43955, RATIS=39541, RATIS_ADMIN=39541, RATIS_SERVER=39541, STANDALONE=41679], networkLocation: /default-rack, certSerialId: null, persistedOpState: IN_SERVICE, persistedOpStateExpiryEpochSec: 0}, ReplicationConfig: RATIS/ONE, State:ALLOCATED, leaderId:, CreationTimestamp2022-02-16T13:53:59.328Z[Etc/UTC]].
2022-02-16 13:53:59,331 [95249411-7456-4ad4-a209-a7ba9f4cfc6c@group-635BB6B223CA-StateMachineUpdater] INFO  safemode.HealthyPipelineSafeModeRule (HealthyPipelineSafeModeRule.java:initializeRule(152)) - Refreshed total pipeline count is 0, healthy pipeline threshold count is 1
2022-02-16 13:53:59,760 [EndpointStateMachine task thread for /127.0.0.1:40707 - 0 ] INFO  ipc.Client (Client.java:handleConnectionFailure(977)) - Retrying connect to server: localhost/127.0.0.1:40707. Already tried 11 time(s); retry policy is RetryUpToMaximumCountWithFixedSleep(maxRetries=15, sleepTime=1000 MILLISECONDS)
2022-02-16 13:53:59,800 [Listener at 127.0.0.1/42813] INFO  ozone.MiniOzoneClusterImpl (MiniOzoneClusterImpl.java:lambda$waitForClusterToBeReady$0(219)) - Waiting for nodes to be ready. Got 2 of 3 DN Heartbeats.
2022-02-16 13:53:59,800 [Listener at 127.0.0.1/42813] INFO  ozone.MiniOzoneClusterImpl (MiniOzoneClusterImpl.java:lambda$waitForClusterToBeReady$0(222)) - Waiting for cluster to exit safe mode
2022-02-16 13:53:59,800 [Listener at 127.0.0.1/42813] INFO  ozone.MiniOzoneClusterImpl (MiniOzoneClusterImpl.java:lambda$waitForClusterToBeReady$0(224)) - SCM became leader
2022-02-16 13:53:59,868 [IPC Server handler 21 on default port 35853] INFO  net.NetworkTopologyImpl (NetworkTopologyImpl.java:add(112)) - Added a new node: /default-rack/639e78e2-4776-4f8b-889b-5f4caefdc1ac
2022-02-16 13:53:59,868 [IPC Server handler 21 on default port 35853] INFO  node.SCMNodeManager (SCMNodeManager.java:register(389)) - Registered Data node : 639e78e2-4776-4f8b-889b-5f4caefdc1ac{ip: 127.0.0.1, host: localhost, ports: [REPLICATION=42379, RATIS=46119, RATIS_ADMIN=46119, RATIS_SERVER=46119, STANDALONE=38683], networkLocation: /default-rack, certSerialId: null, persistedOpState: null, persistedOpStateExpiryEpochSec: 0}
2022-02-16 13:53:59,869 [EventQueue-NewNodeForNewNodeHandler] INFO  pipeline.BackgroundPipelineCreator (BackgroundPipelineCreator.java:notifyEventTriggered(285)) - trigger a one-shot run on RatisPipelineUtilsThread.
2022-02-16 13:53:59,869 [RatisPipelineUtilsThread - 0] INFO  pipeline.RatisPipelineProvider (RatisPipelineProvider.java:lambda$create$0(183)) - Sending CreatePipelineCommand for pipeline:PipelineID=4f936a7f-e9d3-4b99-94e5-5d6e41825d4d to datanode:639e78e2-4776-4f8b-889b-5f4caefdc1ac
2022-02-16 13:53:59,872 [95249411-7456-4ad4-a209-a7ba9f4cfc6c@group-635BB6B223CA-StateMachineUpdater] INFO  pipeline.PipelineStateManagerImpl (PipelineStateManagerImpl.java:addPipeline(101)) - Created pipeline Pipeline[ Id: 4f936a7f-e9d3-4b99-94e5-5d6e41825d4d, Nodes: 639e78e2-4776-4f8b-889b-5f4caefdc1ac{ip: 127.0.0.1, host: localhost, ports: [REPLICATION=42379, RATIS=46119, RATIS_ADMIN=46119, RATIS_SERVER=46119, STANDALONE=38683], networkLocation: /default-rack, certSerialId: null, persistedOpState: IN_SERVICE, persistedOpStateExpiryEpochSec: 0}, ReplicationConfig: RATIS/ONE, State:ALLOCATED, leaderId:, CreationTimestamp2022-02-16T13:53:59.869Z[Etc/UTC]].
2022-02-16 13:53:59,872 [95249411-7456-4ad4-a209-a7ba9f4cfc6c@group-635BB6B223CA-StateMachineUpdater] INFO  safemode.HealthyPipelineSafeModeRule (HealthyPipelineSafeModeRule.java:initializeRule(152)) - Refreshed total pipeline count is 0, healthy pipeline threshold count is 1
2022-02-16 13:53:59,874 [EventQueue-NodeRegistrationContainerReportForDataNodeSafeModeRule] INFO  safemode.SCMSafeModeManager (DataNodeSafeModeRule.java:process(71)) - SCM in safe mode. 3 DataNodes registered, 3 required.
2022-02-16 13:53:59,875 [EventQueue-NodeRegistrationContainerReportForDataNodeSafeModeRule] INFO  safemode.SCMSafeModeManager (SCMSafeModeManager.java:validateSafeModeExitRules(204)) - DataNodeSafeModeRule rule is successfully validated
2022-02-16 13:53:59,876 [EventQueue-NodeRegistrationContainerReportForDataNodeSafeModeRule] INFO  safemode.SCMSafeModeManager (SCMSafeModeManager.java:completePreCheck(233)) - All SCM safe mode pre check rules have passed
2022-02-16 13:53:59,876 [EventQueue-NodeRegistrationContainerReportForDataNodeSafeModeRule] WARN  events.EventQueue (EventQueue.java:fireEvent(194)) - No event handler registered for event TypedEvent{payloadType=SafeModeStatus, name='Safe mode status'}
2022-02-16 13:53:59,876 [EventQueue-NodeRegistrationContainerReportForDataNodeSafeModeRule] INFO  ha.SCMContext (SCMContext.java:updateSafeModeStatus(211)) - Update SafeModeStatus from SafeModeStatus{safeModeStatus=true, preCheckPassed=false} to SafeModeStatus{safeModeStatus=true, preCheckPassed=true}.
2022-02-16 13:53:59,876 [EventQueue-NodeRegistrationContainerReportForDataNodeSafeModeRule] INFO  pipeline.BackgroundPipelineCreator (BackgroundPipelineCreator.java:notifyEventTriggered(285)) - trigger a one-shot run on RatisPipelineUtilsThread.
2022-02-16 13:53:59,876 [RatisPipelineUtilsThread - 0] INFO  pipeline.RatisPipelineProvider (RatisPipelineProvider.java:lambda$create$0(183)) - Sending CreatePipelineCommand for pipeline:PipelineID=99cf2237-6757-4cc6-8903-a8a4add531bb to datanode:639e78e2-4776-4f8b-889b-5f4caefdc1ac
2022-02-16 13:53:59,876 [RatisPipelineUtilsThread - 0] INFO  pipeline.RatisPipelineProvider (RatisPipelineProvider.java:lambda$create$0(183)) - Sending CreatePipelineCommand for pipeline:PipelineID=99cf2237-6757-4cc6-8903-a8a4add531bb to datanode:1da67b63-4649-4db0-a931-db15f446f8ab
2022-02-16 13:53:59,876 [RatisPipelineUtilsThread - 0] INFO  pipeline.RatisPipelineProvider (RatisPipelineProvider.java:lambda$create$0(183)) - Sending CreatePipelineCommand for pipeline:PipelineID=99cf2237-6757-4cc6-8903-a8a4add531bb to datanode:f85876aa-b1dd-4474-bc29-05da8abc0eac
2022-02-16 13:53:59,880 [95249411-7456-4ad4-a209-a7ba9f4cfc6c@group-635BB6B223CA-StateMachineUpdater] INFO  pipeline.PipelineStateManagerImpl (PipelineStateManagerImpl.java:addPipeline(101)) - Created pipeline Pipeline[ Id: 99cf2237-6757-4cc6-8903-a8a4add531bb, Nodes: 639e78e2-4776-4f8b-889b-5f4caefdc1ac{ip: 127.0.0.1, host: localhost, ports: [REPLICATION=42379, RATIS=46119, RATIS_ADMIN=46119, RATIS_SERVER=46119, STANDALONE=38683], networkLocation: /default-rack, certSerialId: null, persistedOpState: IN_SERVICE, persistedOpStateExpiryEpochSec: 0}1da67b63-4649-4db0-a931-db15f446f8ab{ip: 127.0.0.1, host: localhost, ports: [REPLICATION=36911, RATIS=46601, RATIS_ADMIN=46601, RATIS_SERVER=46601, STANDALONE=35705], networkLocation: /default-rack, certSerialId: null, persistedOpState: IN_SERVICE, persistedOpStateExpiryEpochSec: 0}f85876aa-b1dd-4474-bc29-05da8abc0eac{ip: 127.0.0.1, host: localhost, ports: [REPLICATION=43955, RATIS=39541, RATIS_ADMIN=39541, RATIS_SERVER=39541, STANDALONE=41679], networkLocation: /default-rack, certSerialId: null, persistedOpState: IN_SERVICE, persistedOpStateExpiryEpochSec: 0}, ReplicationConfig: RATIS/THREE, State:ALLOCATED, leaderId:, CreationTimestamp2022-02-16T13:53:59.876Z[Etc/UTC]].
2022-02-16 13:53:59,880 [95249411-7456-4ad4-a209-a7ba9f4cfc6c@group-635BB6B223CA-StateMachineUpdater] INFO  safemode.HealthyPipelineSafeModeRule (HealthyPipelineSafeModeRule.java:initializeRule(152)) - Refreshed total pipeline count is 0, healthy pipeline threshold count is 1
2022-02-16 13:53:59,881 [RatisPipelineUtilsThread - 0] INFO  pipeline.RatisPipelineProvider (RatisPipelineProvider.java:lambda$create$0(183)) - Sending CreatePipelineCommand for pipeline:PipelineID=66698711-a050-4ba1-96ed-14cf7fcc0f77 to datanode:639e78e2-4776-4f8b-889b-5f4caefdc1ac
2022-02-16 13:53:59,882 [RatisPipelineUtilsThread - 0] INFO  pipeline.RatisPipelineProvider (RatisPipelineProvider.java:lambda$create$0(183)) - Sending CreatePipelineCommand for pipeline:PipelineID=66698711-a050-4ba1-96ed-14cf7fcc0f77 to datanode:1da67b63-4649-4db0-a931-db15f446f8ab
2022-02-16 13:53:59,882 [RatisPipelineUtilsThread - 0] INFO  pipeline.RatisPipelineProvider (RatisPipelineProvider.java:lambda$create$0(183)) - Sending CreatePipelineCommand for pipeline:PipelineID=66698711-a050-4ba1-96ed-14cf7fcc0f77 to datanode:f85876aa-b1dd-4474-bc29-05da8abc0eac
2022-02-16 13:53:59,886 [95249411-7456-4ad4-a209-a7ba9f4cfc6c@group-635BB6B223CA-StateMachineUpdater] INFO  pipeline.PipelineStateManagerImpl (PipelineStateManagerImpl.java:addPipeline(101)) - Created pipeline Pipeline[ Id: 66698711-a050-4ba1-96ed-14cf7fcc0f77, Nodes: 639e78e2-4776-4f8b-889b-5f4caefdc1ac{ip: 127.0.0.1, host: localhost, ports: [REPLICATION=42379, RATIS=46119, RATIS_ADMIN=46119, RATIS_SERVER=46119, STANDALONE=38683], networkLocation: /default-rack, certSerialId: null, persistedOpState: IN_SERVICE, persistedOpStateExpiryEpochSec: 0}1da67b63-4649-4db0-a931-db15f446f8ab{ip: 127.0.0.1, host: localhost, ports: [REPLICATION=36911, RATIS=46601, RATIS_ADMIN=46601, RATIS_SERVER=46601, STANDALONE=35705], networkLocation: /default-rack, certSerialId: null, persistedOpState: IN_SERVICE, persistedOpStateExpiryEpochSec: 0}f85876aa-b1dd-4474-bc29-05da8abc0eac{ip: 127.0.0.1, host: localhost, ports: [REPLICATION=43955, RATIS=39541, RATIS_ADMIN=39541, RATIS_SERVER=39541, STANDALONE=41679], networkLocation: /default-rack, certSerialId: null, persistedOpState: IN_SERVICE, persistedOpStateExpiryEpochSec: 0}, ReplicationConfig: RATIS/THREE, State:ALLOCATED, leaderId:, CreationTimestamp2022-02-16T13:53:59.881Z[Etc/UTC]].
2022-02-16 13:53:59,886 [95249411-7456-4ad4-a209-a7ba9f4cfc6c@group-635BB6B223CA-StateMachineUpdater] INFO  safemode.HealthyPipelineSafeModeRule (HealthyPipelineSafeModeRule.java:initializeRule(152)) - Refreshed total pipeline count is 0, healthy pipeline threshold count is 1
2022-02-16 13:53:59,886 [RatisPipelineUtilsThread - 0] INFO  pipeline.PipelineManagerImpl (PipelineManagerImpl.java:recordMetricsForPipeline(639)) - Pipeline: PipelineID=66698711-a050-4ba1-96ed-14cf7fcc0f77 contains same datanodes as previous pipelines: PipelineID=99cf2237-6757-4cc6-8903-a8a4add531bb nodeIds: 639e78e2-4776-4f8b-889b-5f4caefdc1ac, 1da67b63-4649-4db0-a931-db15f446f8ab, f85876aa-b1dd-4474-bc29-05da8abc0eac
2022-02-16 13:54:00,762 [EndpointStateMachine task thread for /127.0.0.1:40707 - 0 ] INFO  ipc.Client (Client.java:handleConnectionFailure(977)) - Retrying connect to server: localhost/127.0.0.1:40707. Already tried 12 time(s); retry policy is RetryUpToMaximumCountWithFixedSleep(maxRetries=15, sleepTime=1000 MILLISECONDS)
2022-02-16 13:54:00,800 [Listener at 127.0.0.1/42813] INFO  ozone.MiniOzoneClusterImpl (MiniOzoneClusterImpl.java:lambda$waitForClusterToBeReady$0(219)) - Nodes are ready. Got 3 of 3 DN Heartbeats.
2022-02-16 13:54:00,801 [Listener at 127.0.0.1/42813] INFO  ozone.MiniOzoneClusterImpl (MiniOzoneClusterImpl.java:lambda$waitForClusterToBeReady$0(222)) - Waiting for cluster to exit safe mode
2022-02-16 13:54:00,801 [Listener at 127.0.0.1/42813] INFO  ozone.MiniOzoneClusterImpl (MiniOzoneClusterImpl.java:lambda$waitForClusterToBeReady$0(224)) - SCM became leader
2022-02-16 13:54:01,761 [Command processor thread] INFO  server.RaftServer (RaftServerProxy.java:addNew(95)) - 1da67b63-4649-4db0-a931-db15f446f8ab: addNew group-E6A00627FA95:[1da67b63-4649-4db0-a931-db15f446f8ab|rpc:127.0.0.1:46601|priority:1] returns group-E6A00627FA95:java.util.concurrent.CompletableFuture@603bad2e[Not completed]
2022-02-16 13:54:01,766 [EndpointStateMachine task thread for /127.0.0.1:40707 - 0 ] INFO  ipc.Client (Client.java:handleConnectionFailure(977)) - Retrying connect to server: localhost/127.0.0.1:40707. Already tried 13 time(s); retry policy is RetryUpToMaximumCountWithFixedSleep(maxRetries=15, sleepTime=1000 MILLISECONDS)
2022-02-16 13:54:01,771 [pool-278-thread-1] INFO  server.RaftServer$Division (RaftServerImpl.java:<init>(184)) - 1da67b63-4649-4db0-a931-db15f446f8ab: new RaftServerImpl for group-E6A00627FA95:[1da67b63-4649-4db0-a931-db15f446f8ab|rpc:127.0.0.1:46601|priority:1] with ContainerStateMachine:uninitialized
2022-02-16 13:54:01,791 [pool-278-thread-1] INFO  server.RaftServerConfigKeys (ConfUtils.java:logGet(44)) - raft.server.rpc.timeout.min = 5s (custom)
2022-02-16 13:54:01,791 [pool-278-thread-1] INFO  server.RaftServerConfigKeys (ConfUtils.java:logGet(44)) - raft.server.rpc.timeout.max = 5200ms (custom)
2022-02-16 13:54:01,791 [pool-278-thread-1] INFO  server.RaftServerConfigKeys (ConfUtils.java:logGet(44)) - raft.server.rpc.sleep.time = 25ms (default)
2022-02-16 13:54:01,791 [pool-278-thread-1] INFO  server.RaftServerConfigKeys (ConfUtils.java:logGet(44)) - raft.server.rpc.slowness.timeout = 300s (custom)
2022-02-16 13:54:01,791 [pool-278-thread-1] INFO  server.RaftServerConfigKeys (ConfUtils.java:logGet(44)) - raft.server.leaderelection.leader.step-down.wait-time = 10s (default)
2022-02-16 13:54:01,791 [pool-278-thread-1] INFO  server.RaftServerConfigKeys (ConfUtils.java:logGet(44)) - raft.server.sleep.deviation.threshold = 300ms (default)
2022-02-16 13:54:01,791 [pool-278-thread-1] INFO  server.RaftServerConfigKeys (ConfUtils.java:logGet(44)) - raft.server.log.appender.install.snapshot.enabled = false (custom)
2022-02-16 13:54:01,791 [pool-278-thread-1] INFO  server.RaftServer$Division (ServerState.java:<init>(105)) - 1da67b63-4649-4db0-a931-db15f446f8ab@group-E6A00627FA95: ConfigurationManager, init=-1: [1da67b63-4649-4db0-a931-db15f446f8ab|rpc:127.0.0.1:46601|priority:1], old=null, confs=<EMPTY_MAP>
2022-02-16 13:54:01,791 [pool-278-thread-1] INFO  server.RaftServerConfigKeys (ConfUtils.java:logGet(44)) - raft.server.storage.dir = [/home/runner/work/ozone/ozone/hadoop-ozone/integration-test/target/test-dir/MiniOzoneClusterImpl-86a05728-24a0-44bd-862c-635bb6b223ca/datanode-0/data/ratis] (custom)
2022-02-16 13:54:01,791 [pool-278-thread-1] INFO  server.RaftServerConfigKeys (ConfUtils.java:logGet(44)) - raft.server.log.corruption.policy = EXCEPTION (default)
2022-02-16 13:54:01,791 [pool-278-thread-1] INFO  server.RaftServerConfigKeys (ConfUtils.java:logGet(44)) - raft.server.storage.free-space.min = 0MB (=0) (default)
2022-02-16 13:54:01,792 [pool-278-thread-1] INFO  storage.RaftStorageDirectory (RaftStorageDirectoryImpl.java:analyzeStorage(135)) - The storage directory /home/runner/work/ozone/ozone/hadoop-ozone/integration-test/target/test-dir/MiniOzoneClusterImpl-86a05728-24a0-44bd-862c-635bb6b223ca/datanode-0/data/ratis/5e1cfe0f-9684-41fc-9464-e6a00627fa95 does not exist. Creating ...
2022-02-16 13:54:01,793 [pool-278-thread-1] INFO  storage.RaftStorageDirectory (RaftStorageDirectoryImpl.java:tryLock(230)) - Lock on /home/runner/work/ozone/ozone/hadoop-ozone/integration-test/target/test-dir/MiniOzoneClusterImpl-86a05728-24a0-44bd-862c-635bb6b223ca/datanode-0/data/ratis/5e1cfe0f-9684-41fc-9464-e6a00627fa95/in_use.lock acquired by nodename 22946@fv-az270-170
2022-02-16 13:54:01,794 [pool-278-thread-1] INFO  storage.RaftStorage (RaftStorageImpl.java:format(89)) - Storage directory /home/runner/work/ozone/ozone/hadoop-ozone/integration-test/target/test-dir/MiniOzoneClusterImpl-86a05728-24a0-44bd-862c-635bb6b223ca/datanode-0/data/ratis/5e1cfe0f-9684-41fc-9464-e6a00627fa95 has been successfully formatted.
2022-02-16 13:54:01,796 [pool-278-thread-1] INFO  ratis.ContainerStateMachine (ContainerStateMachine.java:loadSnapshot(231)) - group-E6A00627FA95: The snapshot info is null. Setting the last applied indexto:(t:0, i:~)
2022-02-16 13:54:01,796 [pool-278-thread-1] INFO  server.RaftServerConfigKeys (ConfUtils.java:logGet(44)) - raft.server.notification.no-leader.timeout = 300s (custom)
2022-02-16 13:54:01,796 [pool-278-thread-1] INFO  server.RaftServerConfigKeys (ConfUtils.java:logGet(44)) - raft.server.log.use.memory = false (default)
2022-02-16 13:54:01,796 [pool-278-thread-1] INFO  server.RaftServerConfigKeys (ConfUtils.java:logGet(44)) - raft.server.log.purge.gap = 1000000 (custom)
2022-02-16 13:54:01,796 [pool-278-thread-1] INFO  server.RaftServerConfigKeys (ConfUtils.java:logGet(44)) - raft.server.log.appender.buffer.byte-limit = 33554432 (custom)
2022-02-16 13:54:01,796 [pool-278-thread-1] INFO  server.RaftServerConfigKeys (ConfUtils.java:logGet(44)) - raft.server.log.segment.size.max = 1048576 (custom)
2022-02-16 13:54:01,797 [EventQueue-PipelineReportForPipelineReportHandler] INFO  pipeline.PipelineManagerImpl (PipelineManagerImpl.java:openPipeline(291)) - Pipeline Pipeline[ Id: 5e1cfe0f-9684-41fc-9464-e6a00627fa95, Nodes: 1da67b63-4649-4db0-a931-db15f446f8ab{ip: 127.0.0.1, host: localhost, ports: [REPLICATION=36911, RATIS=46601, RATIS_ADMIN=46601, RATIS_SERVER=46601, STANDALONE=35705], networkLocation: /default-rack, certSerialId: null, persistedOpState: IN_SERVICE, persistedOpStateExpiryEpochSec: 0}, ReplicationConfig: RATIS/ONE, State:ALLOCATED, leaderId:1da67b63-4649-4db0-a931-db15f446f8ab, CreationTimestamp2022-02-16T13:53:58.759Z[Etc/UTC]] moved to OPEN state
2022-02-16 13:54:01,798 [pool-278-thread-1] INFO  server.RaftServerConfigKeys (ConfUtils.java:logGet(44)) - raft.server.log.segment.cache.num.max = 2 (custom)
2022-02-16 13:54:01,798 [pool-278-thread-1] INFO  server.RaftServerConfigKeys (ConfUtils.java:logGet(44)) - raft.server.log.segment.cache.size.max = 200MB (=209715200) (default)
2022-02-16 13:54:01,798 [pool-278-thread-1] INFO  segmented.SegmentedRaftLogWorker (SegmentedRaftLogWorker.java:<init>(182)) - new 1da67b63-4649-4db0-a931-db15f446f8ab@group-E6A00627FA95-SegmentedRaftLogWorker for RaftStorageImpl:Storage Directory /home/runner/work/ozone/ozone/hadoop-ozone/integration-test/target/test-dir/MiniOzoneClusterImpl-86a05728-24a0-44bd-862c-635bb6b223ca/datanode-0/data/ratis/5e1cfe0f-9684-41fc-9464-e6a00627fa95
2022-02-16 13:54:01,798 [pool-278-thread-1] INFO  server.RaftServerConfigKeys (ConfUtils.java:logGet(44)) - raft.server.log.queue.byte-limit = 4294967296 (custom)
2022-02-16 13:54:01,798 [pool-278-thread-1] INFO  server.RaftServerConfigKeys (ConfUtils.java:logGet(44)) - raft.server.log.queue.element-limit = 1024 (custom)
2022-02-16 13:54:01,798 [pool-278-thread-1] INFO  server.RaftServerConfigKeys (ConfUtils.java:logGet(44)) - raft.server.log.segment.size.max = 1048576 (custom)
2022-02-16 13:54:01,805 [95249411-7456-4ad4-a209-a7ba9f4cfc6c@group-635BB6B223CA-StateMachineUpdater] INFO  safemode.HealthyPipelineSafeModeRule (HealthyPipelineSafeModeRule.java:initializeRule(152)) - Refreshed total pipeline count is 0, healthy pipeline threshold count is 1
2022-02-16 13:54:01,801 [Listener at 127.0.0.1/42813] INFO  ozone.MiniOzoneClusterImpl (MiniOzoneClusterImpl.java:lambda$waitForClusterToBeReady$0(219)) - Nodes are ready. Got 3 of 3 DN Heartbeats.
2022-02-16 13:54:01,811 [Listener at 127.0.0.1/42813] INFO  ozone.MiniOzoneClusterImpl (MiniOzoneClusterImpl.java:lambda$waitForClusterToBeReady$0(222)) - Waiting for cluster to exit safe mode
2022-02-16 13:54:01,812 [Listener at 127.0.0.1/42813] INFO  ozone.MiniOzoneClusterImpl (MiniOzoneClusterImpl.java:lambda$waitForClusterToBeReady$0(224)) - SCM became leader
2022-02-16 13:54:01,810 [pool-278-thread-1] INFO  server.RaftServerConfigKeys (ConfUtils.java:logGet(44)) - raft.server.log.preallocated.size = 16384 (custom)
2022-02-16 13:54:01,819 [EventQueue-OpenPipelineForHealthyPipelineSafeModeRule] INFO  safemode.SCMSafeModeManager (HealthyPipelineSafeModeRule.java:process(124)) - SCM in safe mode. Healthy pipelines reported count is 0, required healthy pipeline reported count is 1
2022-02-16 13:54:01,825 [pool-278-thread-1] INFO  server.RaftServerConfigKeys (ConfUtils.java:logGet(44)) - raft.server.log.force.sync.num = 128 (default)
2022-02-16 13:54:01,825 [pool-278-thread-1] INFO  server.RaftServerConfigKeys (ConfUtils.java:logGet(44)) - raft.server.log.statemachine.data.sync = true (default)
2022-02-16 13:54:01,825 [pool-278-thread-1] INFO  server.RaftServerConfigKeys (ConfUtils.java:logGet(44)) - raft.server.log.statemachine.data.sync.timeout = 10s (default)
2022-02-16 13:54:01,825 [pool-278-thread-1] INFO  server.RaftServerConfigKeys (ConfUtils.java:logGet(44)) - raft.server.log.statemachine.data.sync.timeout.retry = -1 (default)
2022-02-16 13:54:01,827 [pool-278-thread-1] INFO  server.RaftServerConfigKeys (ConfUtils.java:logGet(44)) - raft.server.log.write.buffer.size = 1048576 (custom)
2022-02-16 13:54:01,827 [pool-278-thread-1] INFO  server.RaftServerConfigKeys (ConfUtils.java:logGet(44)) - raft.server.log.statemachine.data.caching.enabled = true (custom)
2022-02-16 13:54:01,827 [pool-278-thread-1] INFO  segmented.SegmentedRaftLogWorker (SegmentedRaftLogWorker.java:lambda$new$0(133)) - 1da67b63-4649-4db0-a931-db15f446f8ab@group-E6A00627FA95-SegmentedRaftLogWorker: flushIndex: setUnconditionally 0 -> -1
2022-02-16 13:54:01,827 [pool-278-thread-1] INFO  segmented.SegmentedRaftLogWorker (SegmentedRaftLogWorker.java:lambda$new$0(133)) - 1da67b63-4649-4db0-a931-db15f446f8ab@group-E6A00627FA95-SegmentedRaftLogWorker: safeCacheEvictIndex: setUnconditionally 0 -> -1
2022-02-16 13:54:01,839 [pool-278-thread-1] INFO  server.RaftServerConfigKeys (ConfUtils.java:logGet(44)) - raft.server.snapshot.auto.trigger.enabled = true (custom)
2022-02-16 13:54:01,839 [pool-278-thread-1] INFO  server.RaftServerConfigKeys (ConfUtils.java:logGet(44)) - raft.server.snapshot.auto.trigger.threshold = 10000 (custom)
2022-02-16 13:54:01,839 [pool-278-thread-1] INFO  server.RaftServerConfigKeys (ConfUtils.java:logGet(44)) - raft.server.snapshot.retention.file.num = 5 (custom)
2022-02-16 13:54:01,839 [pool-278-thread-1] INFO  server.RaftServerConfigKeys (ConfUtils.java:logGet(44)) - raft.server.log.purge.upto.snapshot.index = false (default)
2022-02-16 13:54:01,839 [pool-278-thread-1] INFO  server.RaftServerConfigKeys (ConfUtils.java:logGet(44)) - raft.server.retrycache.expirytime = 600000ms (custom)
2022-02-16 13:54:01,839 [pool-278-thread-1] INFO  server.RaftServerConfigKeys (ConfUtils.java:logGet(44)) - raft.server.retrycache.statistics.expirytime = 100μs (default)
2022-02-16 13:54:01,840 [pool-278-thread-1] INFO  server.RaftServer$Division (RaftServerImpl.java:start(301)) - 1da67b63-4649-4db0-a931-db15f446f8ab@group-E6A00627FA95: start as a follower, conf=-1: [1da67b63-4649-4db0-a931-db15f446f8ab|rpc:127.0.0.1:46601|priority:1], old=null
2022-02-16 13:54:01,840 [pool-278-thread-1] INFO  server.RaftServer$Division (RaftServerImpl.java:setRole(290)) - 1da67b63-4649-4db0-a931-db15f446f8ab@group-E6A00627FA95: changes role from      null to FOLLOWER at term 0 for startAsFollower
2022-02-16 13:54:01,841 [pool-278-thread-1] INFO  impl.RoleInfo (RoleInfo.java:updateAndGet(130)) - 1da67b63-4649-4db0-a931-db15f446f8ab: start 1da67b63-4649-4db0-a931-db15f446f8ab@group-E6A00627FA95-FollowerState
2022-02-16 13:54:01,841 [pool-278-thread-1] INFO  util.JmxRegister (JmxRegister.java:tryRegister(44)) - Successfully registered JMX Bean with object name Ratis:service=RaftServer,group=group-E6A00627FA95,id=1da67b63-4649-4db0-a931-db15f446f8ab
2022-02-16 13:54:01,845 [Command processor thread] INFO  ratis.XceiverServerRatis (XceiverServerRatis.java:addGroup(769)) - Created group PipelineID=5e1cfe0f-9684-41fc-9464-e6a00627fa95
2022-02-16 13:54:01,845 [Command processor thread] INFO  commandhandler.CreatePipelineCommandHandler (CreatePipelineCommandHandler.java:handle(106)) - Created Pipeline RATIS ONE PipelineID=5e1cfe0f-9684-41fc-9464-e6a00627fa95.
2022-02-16 13:54:01,845 [Command processor thread] INFO  server.RaftServer (RaftServerProxy.java:addNew(95)) - 1da67b63-4649-4db0-a931-db15f446f8ab: addNew group-A8A4ADD531BB:[1da67b63-4649-4db0-a931-db15f446f8ab|rpc:127.0.0.1:46601|priority:1, f85876aa-b1dd-4474-bc29-05da8abc0eac|rpc:127.0.0.1:39541|priority:0, 639e78e2-4776-4f8b-889b-5f4caefdc1ac|rpc:127.0.0.1:46119|priority:0] returns group-A8A4ADD531BB:java.util.concurrent.CompletableFuture@640435f1[Not completed]
2022-02-16 13:54:01,850 [pool-278-thread-1] INFO  server.RaftServer$Division (RaftServerImpl.java:<init>(184)) - 1da67b63-4649-4db0-a931-db15f446f8ab: new RaftServerImpl for group-A8A4ADD531BB:[1da67b63-4649-4db0-a931-db15f446f8ab|rpc:127.0.0.1:46601|priority:1, f85876aa-b1dd-4474-bc29-05da8abc0eac|rpc:127.0.0.1:39541|priority:0, 639e78e2-4776-4f8b-889b-5f4caefdc1ac|rpc:127.0.0.1:46119|priority:0] with ContainerStateMachine:uninitialized
2022-02-16 13:54:01,850 [pool-278-thread-1] INFO  server.RaftServerConfigKeys (ConfUtils.java:logGet(44)) - raft.server.rpc.timeout.min = 5s (custom)
2022-02-16 13:54:01,850 [pool-278-thread-1] INFO  server.RaftServerConfigKeys (ConfUtils.java:logGet(44)) - raft.server.rpc.timeout.max = 5200ms (custom)
2022-02-16 13:54:01,850 [pool-278-thread-1] INFO  server.RaftServerConfigKeys (ConfUtils.java:logGet(44)) - raft.server.rpc.sleep.time = 25ms (default)
2022-02-16 13:54:01,850 [pool-278-thread-1] INFO  server.RaftServerConfigKeys (ConfUtils.java:logGet(44)) - raft.server.rpc.slowness.timeout = 300s (custom)
2022-02-16 13:54:01,850 [pool-278-thread-1] INFO  server.RaftServerConfigKeys (ConfUtils.java:logGet(44)) - raft.server.leaderelection.leader.step-down.wait-time = 10s (default)
2022-02-16 13:54:01,850 [pool-278-thread-1] INFO  server.RaftServerConfigKeys (ConfUtils.java:logGet(44)) - raft.server.sleep.deviation.threshold = 300ms (default)
2022-02-16 13:54:01,850 [pool-278-thread-1] INFO  server.RaftServerConfigKeys (ConfUtils.java:logGet(44)) - raft.server.log.appender.install.snapshot.enabled = false (custom)
2022-02-16 13:54:01,850 [pool-278-thread-1] INFO  server.RaftServer$Division (ServerState.java:<init>(105)) - 1da67b63-4649-4db0-a931-db15f446f8ab@group-A8A4ADD531BB: ConfigurationManager, init=-1: [1da67b63-4649-4db0-a931-db15f446f8ab|rpc:127.0.0.1:46601|priority:1, f85876aa-b1dd-4474-bc29-05da8abc0eac|rpc:127.0.0.1:39541|priority:0, 639e78e2-4776-4f8b-889b-5f4caefdc1ac|rpc:127.0.0.1:46119|priority:0], old=null, confs=<EMPTY_MAP>
2022-02-16 13:54:01,850 [pool-278-thread-1] INFO  server.RaftServerConfigKeys (ConfUtils.java:logGet(44)) - raft.server.storage.dir = [/home/runner/work/ozone/ozone/hadoop-ozone/integration-test/target/test-dir/MiniOzoneClusterImpl-86a05728-24a0-44bd-862c-635bb6b223ca/datanode-0/data/ratis] (custom)
2022-02-16 13:54:01,851 [pool-278-thread-1] INFO  server.RaftServerConfigKeys (ConfUtils.java:logGet(44)) - raft.server.log.corruption.policy = EXCEPTION (default)
2022-02-16 13:54:01,851 [pool-278-thread-1] INFO  server.RaftServerConfigKeys (ConfUtils.java:logGet(44)) - raft.server.storage.free-space.min = 0MB (=0) (default)
2022-02-16 13:54:01,851 [pool-278-thread-1] INFO  storage.RaftStorageDirectory (RaftStorageDirectoryImpl.java:analyzeStorage(135)) - The storage directory /home/runner/work/ozone/ozone/hadoop-ozone/integration-test/target/test-dir/MiniOzoneClusterImpl-86a05728-24a0-44bd-862c-635bb6b223ca/datanode-0/data/ratis/99cf2237-6757-4cc6-8903-a8a4add531bb does not exist. Creating ...
2022-02-16 13:54:01,852 [pool-278-thread-1] INFO  storage.RaftStorageDirectory (RaftStorageDirectoryImpl.java:tryLock(230)) - Lock on /home/runner/work/ozone/ozone/hadoop-ozone/integration-test/target/test-dir/MiniOzoneClusterImpl-86a05728-24a0-44bd-862c-635bb6b223ca/datanode-0/data/ratis/99cf2237-6757-4cc6-8903-a8a4add531bb/in_use.lock acquired by nodename 22946@fv-az270-170
2022-02-16 13:54:01,864 [pool-278-thread-1] INFO  storage.RaftStorage (RaftStorageImpl.java:format(89)) - Storage directory /home/runner/work/ozone/ozone/hadoop-ozone/integration-test/target/test-dir/MiniOzoneClusterImpl-86a05728-24a0-44bd-862c-635bb6b223ca/datanode-0/data/ratis/99cf2237-6757-4cc6-8903-a8a4add531bb has been successfully formatted.
2022-02-16 13:54:01,864 [pool-278-thread-1] INFO  ratis.ContainerStateMachine (ContainerStateMachine.java:loadSnapshot(231)) - group-A8A4ADD531BB: The snapshot info is null. Setting the last applied indexto:(t:0, i:~)
2022-02-16 13:54:01,864 [pool-278-thread-1] INFO  server.RaftServerConfigKeys (ConfUtils.java:logGet(44)) - raft.server.notification.no-leader.timeout = 300s (custom)
2022-02-16 13:54:01,865 [pool-278-thread-1] INFO  server.RaftServerConfigKeys (ConfUtils.java:logGet(44)) - raft.server.log.use.memory = false (default)
2022-02-16 13:54:01,865 [pool-278-thread-1] INFO  server.RaftServerConfigKeys (ConfUtils.java:logGet(44)) - raft.server.log.purge.gap = 1000000 (custom)
2022-02-16 13:54:01,865 [pool-278-thread-1] INFO  server.RaftServerConfigKeys (ConfUtils.java:logGet(44)) - raft.server.log.appender.buffer.byte-limit = 33554432 (custom)
2022-02-16 13:54:01,865 [pool-278-thread-1] INFO  server.RaftServerConfigKeys (ConfUtils.java:logGet(44)) - raft.server.log.segment.size.max = 1048576 (custom)
2022-02-16 13:54:01,865 [pool-278-thread-1] INFO  server.RaftServerConfigKeys (ConfUtils.java:logGet(44)) - raft.server.log.segment.cache.num.max = 2 (custom)
2022-02-16 13:54:01,865 [pool-278-thread-1] INFO  server.RaftServerConfigKeys (ConfUtils.java:logGet(44)) - raft.server.log.segment.cache.size.max = 200MB (=209715200) (default)
2022-02-16 13:54:01,865 [pool-278-thread-1] INFO  segmented.SegmentedRaftLogWorker (SegmentedRaftLogWorker.java:<init>(182)) - new 1da67b63-4649-4db0-a931-db15f446f8ab@group-A8A4ADD531BB-SegmentedRaftLogWorker for RaftStorageImpl:Storage Directory /home/runner/work/ozone/ozone/hadoop-ozone/integration-test/target/test-dir/MiniOzoneClusterImpl-86a05728-24a0-44bd-862c-635bb6b223ca/datanode-0/data/ratis/99cf2237-6757-4cc6-8903-a8a4add531bb
2022-02-16 13:54:01,866 [pool-278-thread-1] INFO  server.RaftServerConfigKeys (ConfUtils.java:logGet(44)) - raft.server.log.queue.byte-limit = 4294967296 (custom)
2022-02-16 13:54:01,866 [pool-278-thread-1] INFO  server.RaftServerConfigKeys (ConfUtils.java:logGet(44)) - raft.server.log.queue.element-limit = 1024 (custom)
2022-02-16 13:54:01,866 [pool-278-thread-1] INFO  server.RaftServerConfigKeys (ConfUtils.java:logGet(44)) - raft.server.log.segment.size.max = 1048576 (custom)
2022-02-16 13:54:01,866 [pool-278-thread-1] INFO  server.RaftServerConfigKeys (ConfUtils.java:logGet(44)) - raft.server.log.preallocated.size = 16384 (custom)
2022-02-16 13:54:01,866 [pool-278-thread-1] INFO  server.RaftServerConfigKeys (ConfUtils.java:logGet(44)) - raft.server.log.force.sync.num = 128 (default)
2022-02-16 13:54:01,866 [pool-278-thread-1] INFO  server.RaftServerConfigKeys (ConfUtils.java:logGet(44)) - raft.server.log.statemachine.data.sync = true (default)
2022-02-16 13:54:01,866 [pool-278-thread-1] INFO  server.RaftServerConfigKeys (ConfUtils.java:logGet(44)) - raft.server.log.statemachine.data.sync.timeout = 10s (default)
2022-02-16 13:54:01,866 [pool-278-thread-1] INFO  server.RaftServerConfigKeys (ConfUtils.java:logGet(44)) - raft.server.log.statemachine.data.sync.timeout.retry = -1 (default)
2022-02-16 13:54:01,867 [EventQueue-OpenPipelineForHealthyPipelineSafeModeRule] INFO  safemode.SCMSafeModeManager (HealthyPipelineSafeModeRule.java:process(124)) - SCM in safe mode. Healthy pipelines reported count is 0, required healthy pipeline reported count is 1
2022-02-16 13:54:01,874 [pool-278-thread-1] INFO  server.RaftServerConfigKeys (ConfUtils.java:logGet(44)) - raft.server.log.write.buffer.size = 1048576 (custom)
2022-02-16 13:54:01,875 [pool-278-thread-1] INFO  server.RaftServerConfigKeys (ConfUtils.java:logGet(44)) - raft.server.log.statemachine.data.caching.enabled = true (custom)
2022-02-16 13:54:01,875 [pool-278-thread-1] INFO  segmented.SegmentedRaftLogWorker (SegmentedRaftLogWorker.java:lambda$new$0(133)) - 1da67b63-4649-4db0-a931-db15f446f8ab@group-A8A4ADD531BB-SegmentedRaftLogWorker: flushIndex: setUnconditionally 0 -> -1
2022-02-16 13:54:01,875 [pool-278-thread-1] INFO  segmented.SegmentedRaftLogWorker (SegmentedRaftLogWorker.java:lambda$new$0(133)) - 1da67b63-4649-4db0-a931-db15f446f8ab@group-A8A4ADD531BB-SegmentedRaftLogWorker: safeCacheEvictIndex: setUnconditionally 0 -> -1
2022-02-16 13:54:01,899 [pool-278-thread-1] INFO  server.RaftServerConfigKeys (ConfUtils.java:logGet(44)) - raft.server.snapshot.auto.trigger.enabled = true (custom)
2022-02-16 13:54:01,899 [pool-278-thread-1] INFO  server.RaftServerConfigKeys (ConfUtils.java:logGet(44)) - raft.server.snapshot.auto.trigger.threshold = 10000 (custom)
2022-02-16 13:54:01,899 [pool-278-thread-1] INFO  server.RaftServerConfigKeys (ConfUtils.java:logGet(44)) - raft.server.snapshot.retention.file.num = 5 (custom)
2022-02-16 13:54:01,899 [pool-278-thread-1] INFO  server.RaftServerConfigKeys (ConfUtils.java:logGet(44)) - raft.server.log.purge.upto.snapshot.index = false (default)
2022-02-16 13:54:01,899 [pool-278-thread-1] INFO  server.RaftServerConfigKeys (ConfUtils.java:logGet(44)) - raft.server.retrycache.expirytime = 600000ms (custom)
2022-02-16 13:54:01,899 [pool-278-thread-1] INFO  server.RaftServerConfigKeys (ConfUtils.java:logGet(44)) - raft.server.retrycache.statistics.expirytime = 100μs (default)
2022-02-16 13:54:01,900 [pool-278-thread-1] INFO  server.RaftServer$Division (RaftServerImpl.java:start(301)) - 1da67b63-4649-4db0-a931-db15f446f8ab@group-A8A4ADD531BB: start as a follower, conf=-1: [1da67b63-4649-4db0-a931-db15f446f8ab|rpc:127.0.0.1:46601|priority:1, f85876aa-b1dd-4474-bc29-05da8abc0eac|rpc:127.0.0.1:39541|priority:0, 639e78e2-4776-4f8b-889b-5f4caefdc1ac|rpc:127.0.0.1:46119|priority:0], old=null
2022-02-16 13:54:01,901 [pool-278-thread-1] INFO  server.RaftServer$Division (RaftServerImpl.java:setRole(290)) - 1da67b63-4649-4db0-a931-db15f446f8ab@group-A8A4ADD531BB: changes role from      null to FOLLOWER at term 0 for startAsFollower
2022-02-16 13:54:01,901 [pool-278-thread-1] INFO  impl.RoleInfo (RoleInfo.java:updateAndGet(130)) - 1da67b63-4649-4db0-a931-db15f446f8ab: start 1da67b63-4649-4db0-a931-db15f446f8ab@group-A8A4ADD531BB-FollowerState
2022-02-16 13:54:01,907 [pool-278-thread-1] INFO  util.JmxRegister (JmxRegister.java:tryRegister(44)) - Successfully registered JMX Bean with object name Ratis:service=RaftServer,group=group-A8A4ADD531BB,id=1da67b63-4649-4db0-a931-db15f446f8ab
2022-02-16 13:54:01,916 [Command processor thread] INFO  ratis.XceiverServerRatis (XceiverServerRatis.java:addGroup(769)) - Created group PipelineID=99cf2237-6757-4cc6-8903-a8a4add531bb
2022-02-16 13:54:01,929 [grpc-default-executor-0] INFO  server.RaftServer (RaftServerProxy.java:addNew(95)) - 639e78e2-4776-4f8b-889b-5f4caefdc1ac: addNew group-A8A4ADD531BB:[1da67b63-4649-4db0-a931-db15f446f8ab|rpc:127.0.0.1:46601|dataStream:|priority:1, f85876aa-b1dd-4474-bc29-05da8abc0eac|rpc:127.0.0.1:39541|dataStream:|priority:0, 639e78e2-4776-4f8b-889b-5f4caefdc1ac|rpc:127.0.0.1:46119|dataStream:|priority:0] returns group-A8A4ADD531BB:java.util.concurrent.CompletableFuture@27e76d62[Not completed]
2022-02-16 13:54:01,934 [pool-320-thread-1] INFO  server.RaftServer$Division (RaftServerImpl.java:<init>(184)) - 639e78e2-4776-4f8b-889b-5f4caefdc1ac: new RaftServerImpl for group-A8A4ADD531BB:[1da67b63-4649-4db0-a931-db15f446f8ab|rpc:127.0.0.1:46601|dataStream:|priority:1, f85876aa-b1dd-4474-bc29-05da8abc0eac|rpc:127.0.0.1:39541|dataStream:|priority:0, 639e78e2-4776-4f8b-889b-5f4caefdc1ac|rpc:127.0.0.1:46119|dataStream:|priority:0] with ContainerStateMachine:uninitialized
2022-02-16 13:54:01,959 [pool-320-thread-1] INFO  server.RaftServerConfigKeys (ConfUtils.java:logGet(44)) - raft.server.rpc.timeout.min = 5s (custom)
2022-02-16 13:54:01,959 [pool-320-thread-1] INFO  server.RaftServerConfigKeys (ConfUtils.java:logGet(44)) - raft.server.rpc.timeout.max = 5200ms (custom)
2022-02-16 13:54:01,959 [pool-320-thread-1] INFO  server.RaftServerConfigKeys (ConfUtils.java:logGet(44)) - raft.server.rpc.sleep.time = 25ms (default)
2022-02-16 13:54:01,959 [pool-320-thread-1] INFO  server.RaftServerConfigKeys (ConfUtils.java:logGet(44)) - raft.server.rpc.slowness.timeout = 300s (custom)
2022-02-16 13:54:01,959 [pool-320-thread-1] INFO  server.RaftServerConfigKeys (ConfUtils.java:logGet(44)) - raft.server.leaderelection.leader.step-down.wait-time = 10s (default)
2022-02-16 13:54:01,959 [pool-320-thread-1] INFO  server.RaftServerConfigKeys (ConfUtils.java:logGet(44)) - raft.server.sleep.deviation.threshold = 300ms (default)
2022-02-16 13:54:01,959 [pool-320-thread-1] INFO  server.RaftServerConfigKeys (ConfUtils.java:logGet(44)) - raft.server.log.appender.install.snapshot.enabled = false (custom)
2022-02-16 13:54:01,959 [pool-320-thread-1] INFO  server.RaftServer$Division (ServerState.java:<init>(105)) - 639e78e2-4776-4f8b-889b-5f4caefdc1ac@group-A8A4ADD531BB: ConfigurationManager, init=-1: [1da67b63-4649-4db0-a931-db15f446f8ab|rpc:127.0.0.1:46601|dataStream:|priority:1, f85876aa-b1dd-4474-bc29-05da8abc0eac|rpc:127.0.0.1:39541|dataStream:|priority:0, 639e78e2-4776-4f8b-889b-5f4caefdc1ac|rpc:127.0.0.1:46119|dataStream:|priority:0], old=null, confs=<EMPTY_MAP>
2022-02-16 13:54:01,959 [pool-320-thread-1] INFO  server.RaftServerConfigKeys (ConfUtils.java:logGet(44)) - raft.server.storage.dir = [/home/runner/work/ozone/ozone/hadoop-ozone/integration-test/target/test-dir/MiniOzoneClusterImpl-86a05728-24a0-44bd-862c-635bb6b223ca/datanode-2/data/ratis] (custom)
2022-02-16 13:54:01,959 [pool-320-thread-1] INFO  server.RaftServerConfigKeys (ConfUtils.java:logGet(44)) - raft.server.log.corruption.policy = EXCEPTION (default)
2022-02-16 13:54:01,959 [pool-320-thread-1] INFO  server.RaftServerConfigKeys (ConfUtils.java:logGet(44)) - raft.server.storage.free-space.min = 0MB (=0) (default)
2022-02-16 13:54:01,960 [pool-320-thread-1] INFO  storage.RaftStorageDirectory (RaftStorageDirectoryImpl.java:analyzeStorage(135)) - The storage directory /home/runner/work/ozone/ozone/hadoop-ozone/integration-test/target/test-dir/MiniOzoneClusterImpl-86a05728-24a0-44bd-862c-635bb6b223ca/datanode-2/data/ratis/99cf2237-6757-4cc6-8903-a8a4add531bb does not exist. Creating ...
2022-02-16 13:54:01,961 [pool-320-thread-1] INFO  storage.RaftStorageDirectory (RaftStorageDirectoryImpl.java:tryLock(230)) - Lock on /home/runner/work/ozone/ozone/hadoop-ozone/integration-test/target/test-dir/MiniOzoneClusterImpl-86a05728-24a0-44bd-862c-635bb6b223ca/datanode-2/data/ratis/99cf2237-6757-4cc6-8903-a8a4add531bb/in_use.lock acquired by nodename 22946@fv-az270-170
2022-02-16 13:54:01,962 [pool-320-thread-1] INFO  storage.RaftStorage (RaftStorageImpl.java:format(89)) - Storage directory /home/runner/work/ozone/ozone/hadoop-ozone/integration-test/target/test-dir/MiniOzoneClusterImpl-86a05728-24a0-44bd-862c-635bb6b223ca/datanode-2/data/ratis/99cf2237-6757-4cc6-8903-a8a4add531bb has been successfully formatted.
2022-02-16 13:54:01,975 [pool-320-thread-1] INFO  ratis.ContainerStateMachine (ContainerStateMachine.java:loadSnapshot(231)) - group-A8A4ADD531BB: The snapshot info is null. Setting the last applied indexto:(t:0, i:~)
2022-02-16 13:54:01,975 [pool-320-thread-1] INFO  server.RaftServerConfigKeys (ConfUtils.java:logGet(44)) - raft.server.notification.no-leader.timeout = 300s (custom)
2022-02-16 13:54:01,975 [pool-320-thread-1] INFO  server.RaftServerConfigKeys (ConfUtils.java:logGet(44)) - raft.server.log.use.memory = false (default)
2022-02-16 13:54:01,975 [pool-320-thread-1] INFO  server.RaftServerConfigKeys (ConfUtils.java:logGet(44)) - raft.server.log.purge.gap = 1000000 (custom)
2022-02-16 13:54:01,975 [pool-320-thread-1] INFO  server.RaftServerConfigKeys (ConfUtils.java:logGet(44)) - raft.server.log.appender.buffer.byte-limit = 33554432 (custom)
2022-02-16 13:54:01,975 [pool-320-thread-1] INFO  server.RaftServerConfigKeys (ConfUtils.java:logGet(44)) - raft.server.log.segment.size.max = 1048576 (custom)
2022-02-16 13:54:01,976 [pool-320-thread-1] INFO  server.RaftServerConfigKeys (ConfUtils.java:logGet(44)) - raft.server.log.segment.cache.num.max = 2 (custom)
2022-02-16 13:54:01,976 [pool-320-thread-1] INFO  server.RaftServerConfigKeys (ConfUtils.java:logGet(44)) - raft.server.log.segment.cache.size.max = 200MB (=209715200) (default)
2022-02-16 13:54:01,976 [pool-320-thread-1] INFO  segmented.SegmentedRaftLogWorker (SegmentedRaftLogWorker.java:<init>(182)) - new 639e78e2-4776-4f8b-889b-5f4caefdc1ac@group-A8A4ADD531BB-SegmentedRaftLogWorker for RaftStorageImpl:Storage Directory /home/runner/work/ozone/ozone/hadoop-ozone/integration-test/target/test-dir/MiniOzoneClusterImpl-86a05728-24a0-44bd-862c-635bb6b223ca/datanode-2/data/ratis/99cf2237-6757-4cc6-8903-a8a4add531bb
2022-02-16 13:54:01,976 [pool-320-thread-1] INFO  server.RaftServerConfigKeys (ConfUtils.java:logGet(44)) - raft.server.log.queue.byte-limit = 4294967296 (custom)
2022-02-16 13:54:01,976 [pool-320-thread-1] INFO  server.RaftServerConfigKeys (ConfUtils.java:logGet(44)) - raft.server.log.queue.element-limit = 1024 (custom)
2022-02-16 13:54:01,976 [pool-320-thread-1] INFO  server.RaftServerConfigKeys (ConfUtils.java:logGet(44)) - raft.server.log.segment.size.max = 1048576 (custom)
2022-02-16 13:54:01,976 [pool-320-thread-1] INFO  server.RaftServerConfigKeys (ConfUtils.java:logGet(44)) - raft.server.log.preallocated.size = 16384 (custom)
2022-02-16 13:54:01,976 [pool-320-thread-1] INFO  server.RaftServerConfigKeys (ConfUtils.java:logGet(44)) - raft.server.log.force.sync.num = 128 (default)
2022-02-16 13:54:01,976 [pool-320-thread-1] INFO  server.RaftServerConfigKeys (ConfUtils.java:logGet(44)) - raft.server.log.statemachine.data.sync = true (default)
2022-02-16 13:54:01,976 [pool-320-thread-1] INFO  server.RaftServerConfigKeys (ConfUtils.java:logGet(44)) - raft.server.log.statemachine.data.sync.timeout = 10s (default)
2022-02-16 13:54:01,976 [pool-320-thread-1] INFO  server.RaftServerConfigKeys (ConfUtils.java:logGet(44)) - raft.server.log.statemachine.data.sync.timeout.retry = -1 (default)
2022-02-16 13:54:01,977 [pool-320-thread-1] INFO  server.RaftServerConfigKeys (ConfUtils.java:logGet(44)) - raft.server.log.write.buffer.size = 1048576 (custom)
2022-02-16 13:54:01,978 [pool-320-thread-1] INFO  server.RaftServerConfigKeys (ConfUtils.java:logGet(44)) - raft.server.log.statemachine.data.caching.enabled = true (custom)
2022-02-16 13:54:01,978 [pool-320-thread-1] INFO  segmented.SegmentedRaftLogWorker (SegmentedRaftLogWorker.java:lambda$new$0(133)) - 639e78e2-4776-4f8b-889b-5f4caefdc1ac@group-A8A4ADD531BB-SegmentedRaftLogWorker: flushIndex: setUnconditionally 0 -> -1
2022-02-16 13:54:01,978 [pool-320-thread-1] INFO  segmented.SegmentedRaftLogWorker (SegmentedRaftLogWorker.java:lambda$new$0(133)) - 639e78e2-4776-4f8b-889b-5f4caefdc1ac@group-A8A4ADD531BB-SegmentedRaftLogWorker: safeCacheEvictIndex: setUnconditionally 0 -> -1
2022-02-16 13:54:01,983 [pool-320-thread-1] INFO  server.RaftServerConfigKeys (ConfUtils.java:logGet(44)) - raft.server.snapshot.auto.trigger.enabled = true (custom)
2022-02-16 13:54:01,983 [pool-320-thread-1] INFO  server.RaftServerConfigKeys (ConfUtils.java:logGet(44)) - raft.server.snapshot.auto.trigger.threshold = 10000 (custom)
2022-02-16 13:54:01,983 [pool-320-thread-1] INFO  server.RaftServerConfigKeys (ConfUtils.java:logGet(44)) - raft.server.snapshot.retention.file.num = 5 (custom)
2022-02-16 13:54:01,983 [pool-320-thread-1] INFO  server.RaftServerConfigKeys (ConfUtils.java:logGet(44)) - raft.server.log.purge.upto.snapshot.index = false (default)
2022-02-16 13:54:01,983 [pool-320-thread-1] INFO  server.RaftServerConfigKeys (ConfUtils.java:logGet(44)) - raft.server.retrycache.expirytime = 600000ms (custom)
2022-02-16 13:54:01,983 [pool-320-thread-1] INFO  server.RaftServerConfigKeys (ConfUtils.java:logGet(44)) - raft.server.retrycache.statistics.expirytime = 100μs (default)
2022-02-16 13:54:01,984 [pool-320-thread-1] INFO  server.RaftServer$Division (RaftServerImpl.java:start(301)) - 639e78e2-4776-4f8b-889b-5f4caefdc1ac@group-A8A4ADD531BB: start as a follower, conf=-1: [1da67b63-4649-4db0-a931-db15f446f8ab|rpc:127.0.0.1:46601|dataStream:|priority:1, f85876aa-b1dd-4474-bc29-05da8abc0eac|rpc:127.0.0.1:39541|dataStream:|priority:0, 639e78e2-4776-4f8b-889b-5f4caefdc1ac|rpc:127.0.0.1:46119|dataStream:|priority:0], old=null
2022-02-16 13:54:01,984 [pool-320-thread-1] INFO  server.RaftServer$Division (RaftServerImpl.java:setRole(290)) - 639e78e2-4776-4f8b-889b-5f4caefdc1ac@group-A8A4ADD531BB: changes role from      null to FOLLOWER at term 0 for startAsFollower
2022-02-16 13:54:01,984 [pool-320-thread-1] INFO  impl.RoleInfo (RoleInfo.java:updateAndGet(130)) - 639e78e2-4776-4f8b-889b-5f4caefdc1ac: start 639e78e2-4776-4f8b-889b-5f4caefdc1ac@group-A8A4ADD531BB-FollowerState
2022-02-16 13:54:02,001 [pool-320-thread-1] INFO  util.JmxRegister (JmxRegister.java:tryRegister(44)) - Successfully registered JMX Bean with object name Ratis:service=RaftServer,group=group-A8A4ADD531BB,id=639e78e2-4776-4f8b-889b-5f4caefdc1ac
2022-02-16 13:54:02,078 [grpc-default-executor-0] INFO  server.RaftServer (RaftServerProxy.java:addNew(95)) - f85876aa-b1dd-4474-bc29-05da8abc0eac: addNew group-A8A4ADD531BB:[1da67b63-4649-4db0-a931-db15f446f8ab|rpc:127.0.0.1:46601|dataStream:|priority:1, f85876aa-b1dd-4474-bc29-05da8abc0eac|rpc:127.0.0.1:39541|dataStream:|priority:0, 639e78e2-4776-4f8b-889b-5f4caefdc1ac|rpc:127.0.0.1:46119|dataStream:|priority:0] returns group-A8A4ADD531BB:java.util.concurrent.CompletableFuture@28167bc[Not completed]
2022-02-16 13:54:02,080 [pool-299-thread-1] INFO  server.RaftServer$Division (RaftServerImpl.java:<init>(184)) - f85876aa-b1dd-4474-bc29-05da8abc0eac: new RaftServerImpl for group-A8A4ADD531BB:[1da67b63-4649-4db0-a931-db15f446f8ab|rpc:127.0.0.1:46601|dataStream:|priority:1, f85876aa-b1dd-4474-bc29-05da8abc0eac|rpc:127.0.0.1:39541|dataStream:|priority:0, 639e78e2-4776-4f8b-889b-5f4caefdc1ac|rpc:127.0.0.1:46119|dataStream:|priority:0] with ContainerStateMachine:uninitialized
2022-02-16 13:54:02,099 [pool-299-thread-1] INFO  server.RaftServerConfigKeys (ConfUtils.java:logGet(44)) - raft.server.rpc.timeout.min = 5s (custom)
2022-02-16 13:54:02,099 [pool-299-thread-1] INFO  server.RaftServerConfigKeys (ConfUtils.java:logGet(44)) - raft.server.rpc.timeout.max = 5200ms (custom)
2022-02-16 13:54:02,099 [pool-299-thread-1] INFO  server.RaftServerConfigKeys (ConfUtils.java:logGet(44)) - raft.server.rpc.sleep.time = 25ms (default)
2022-02-16 13:54:02,099 [pool-299-thread-1] INFO  server.RaftServerConfigKeys (ConfUtils.java:logGet(44)) - raft.server.rpc.slowness.timeout = 300s (custom)
2022-02-16 13:54:02,099 [pool-299-thread-1] INFO  server.RaftServerConfigKeys (ConfUtils.java:logGet(44)) - raft.server.leaderelection.leader.step-down.wait-time = 10s (default)
2022-02-16 13:54:02,099 [pool-299-thread-1] INFO  server.RaftServerConfigKeys (ConfUtils.java:logGet(44)) - raft.server.sleep.deviation.threshold = 300ms (default)
2022-02-16 13:54:02,099 [pool-299-thread-1] INFO  server.RaftServerConfigKeys (ConfUtils.java:logGet(44)) - raft.server.log.appender.install.snapshot.enabled = false (custom)
2022-02-16 13:54:02,099 [pool-299-thread-1] INFO  server.RaftServer$Division (ServerState.java:<init>(105)) - f85876aa-b1dd-4474-bc29-05da8abc0eac@group-A8A4ADD531BB: ConfigurationManager, init=-1: [1da67b63-4649-4db0-a931-db15f446f8ab|rpc:127.0.0.1:46601|dataStream:|priority:1, f85876aa-b1dd-4474-bc29-05da8abc0eac|rpc:127.0.0.1:39541|dataStream:|priority:0, 639e78e2-4776-4f8b-889b-5f4caefdc1ac|rpc:127.0.0.1:46119|dataStream:|priority:0], old=null, confs=<EMPTY_MAP>
2022-02-16 13:54:02,099 [pool-299-thread-1] INFO  server.RaftServerConfigKeys (ConfUtils.java:logGet(44)) - raft.server.storage.dir = [/home/runner/work/ozone/ozone/hadoop-ozone/integration-test/target/test-dir/MiniOzoneClusterImpl-86a05728-24a0-44bd-862c-635bb6b223ca/datanode-1/data/ratis] (custom)
2022-02-16 13:54:02,099 [pool-299-thread-1] INFO  server.RaftServerConfigKeys (ConfUtils.java:logGet(44)) - raft.server.log.corruption.policy = EXCEPTION (default)
2022-02-16 13:54:02,099 [pool-299-thread-1] INFO  server.RaftServerConfigKeys (ConfUtils.java:logGet(44)) - raft.server.storage.free-space.min = 0MB (=0) (default)
2022-02-16 13:54:02,100 [pool-299-thread-1] INFO  storage.RaftStorageDirectory (RaftStorageDirectoryImpl.java:analyzeStorage(135)) - The storage directory /home/runner/work/ozone/ozone/hadoop-ozone/integration-test/target/test-dir/MiniOzoneClusterImpl-86a05728-24a0-44bd-862c-635bb6b223ca/datanode-1/data/ratis/99cf2237-6757-4cc6-8903-a8a4add531bb does not exist. Creating ...
2022-02-16 13:54:02,101 [pool-299-thread-1] INFO  storage.RaftStorageDirectory (RaftStorageDirectoryImpl.java:tryLock(230)) - Lock on /home/runner/work/ozone/ozone/hadoop-ozone/integration-test/target/test-dir/MiniOzoneClusterImpl-86a05728-24a0-44bd-862c-635bb6b223ca/datanode-1/data/ratis/99cf2237-6757-4cc6-8903-a8a4add531bb/in_use.lock acquired by nodename 22946@fv-az270-170
2022-02-16 13:54:02,107 [pool-299-thread-1] INFO  storage.RaftStorage (RaftStorageImpl.java:format(89)) - Storage directory /home/runner/work/ozone/ozone/hadoop-ozone/integration-test/target/test-dir/MiniOzoneClusterImpl-86a05728-24a0-44bd-862c-635bb6b223ca/datanode-1/data/ratis/99cf2237-6757-4cc6-8903-a8a4add531bb has been successfully formatted.
2022-02-16 13:54:02,119 [pool-299-thread-1] INFO  ratis.ContainerStateMachine (ContainerStateMachine.java:loadSnapshot(231)) - group-A8A4ADD531BB: The snapshot info is null. Setting the last applied indexto:(t:0, i:~)
2022-02-16 13:54:02,119 [pool-299-thread-1] INFO  server.RaftServerConfigKeys (ConfUtils.java:logGet(44)) - raft.server.notification.no-leader.timeout = 300s (custom)
2022-02-16 13:54:02,119 [pool-299-thread-1] INFO  server.RaftServerConfigKeys (ConfUtils.java:logGet(44)) - raft.server.log.use.memory = false (default)
2022-02-16 13:54:02,119 [pool-299-thread-1] INFO  server.RaftServerConfigKeys (ConfUtils.java:logGet(44)) - raft.server.log.purge.gap = 1000000 (custom)
2022-02-16 13:54:02,119 [pool-299-thread-1] INFO  server.RaftServerConfigKeys (ConfUtils.java:logGet(44)) - raft.server.log.appender.buffer.byte-limit = 33554432 (custom)
2022-02-16 13:54:02,119 [pool-299-thread-1] INFO  server.RaftServerConfigKeys (ConfUtils.java:logGet(44)) - raft.server.log.segment.size.max = 1048576 (custom)
2022-02-16 13:54:02,120 [pool-299-thread-1] INFO  server.RaftServerConfigKeys (ConfUtils.java:logGet(44)) - raft.server.log.segment.cache.num.max = 2 (custom)
2022-02-16 13:54:02,120 [pool-299-thread-1] INFO  server.RaftServerConfigKeys (ConfUtils.java:logGet(44)) - raft.server.log.segment.cache.size.max = 200MB (=209715200) (default)
2022-02-16 13:54:02,120 [pool-299-thread-1] INFO  segmented.SegmentedRaftLogWorker (SegmentedRaftLogWorker.java:<init>(182)) - new f85876aa-b1dd-4474-bc29-05da8abc0eac@group-A8A4ADD531BB-SegmentedRaftLogWorker for RaftStorageImpl:Storage Directory /home/runner/work/ozone/ozone/hadoop-ozone/integration-test/target/test-dir/MiniOzoneClusterImpl-86a05728-24a0-44bd-862c-635bb6b223ca/datanode-1/data/ratis/99cf2237-6757-4cc6-8903-a8a4add531bb
2022-02-16 13:54:02,120 [pool-299-thread-1] INFO  server.RaftServerConfigKeys (ConfUtils.java:logGet(44)) - raft.server.log.queue.byte-limit = 4294967296 (custom)
2022-02-16 13:54:02,120 [pool-299-thread-1] INFO  server.RaftServerConfigKeys (ConfUtils.java:logGet(44)) - raft.server.log.queue.element-limit = 1024 (custom)
2022-02-16 13:54:02,120 [pool-299-thread-1] INFO  server.RaftServerConfigKeys (ConfUtils.java:logGet(44)) - raft.server.log.segment.size.max = 1048576 (custom)
2022-02-16 13:54:02,120 [pool-299-thread-1] INFO  server.RaftServerConfigKeys (ConfUtils.java:logGet(44)) - raft.server.log.preallocated.size = 16384 (custom)
2022-02-16 13:54:02,120 [pool-299-thread-1] INFO  server.RaftServerConfigKeys (ConfUtils.java:logGet(44)) - raft.server.log.force.sync.num = 128 (default)
2022-02-16 13:54:02,120 [pool-299-thread-1] INFO  server.RaftServerConfigKeys (ConfUtils.java:logGet(44)) - raft.server.log.statemachine.data.sync = true (default)
2022-02-16 13:54:02,120 [pool-299-thread-1] INFO  server.RaftServerConfigKeys (ConfUtils.java:logGet(44)) - raft.server.log.statemachine.data.sync.timeout = 10s (default)
2022-02-16 13:54:02,120 [pool-299-thread-1] INFO  server.RaftServerConfigKeys (ConfUtils.java:logGet(44)) - raft.server.log.statemachine.data.sync.timeout.retry = -1 (default)
2022-02-16 13:54:02,126 [pool-299-thread-1] INFO  server.RaftServerConfigKeys (ConfUtils.java:logGet(44)) - raft.server.log.write.buffer.size = 1048576 (custom)
2022-02-16 13:54:02,127 [pool-299-thread-1] INFO  server.RaftServerConfigKeys (ConfUtils.java:logGet(44)) - raft.server.log.statemachine.data.caching.enabled = true (custom)
2022-02-16 13:54:02,127 [pool-299-thread-1] INFO  segmented.SegmentedRaftLogWorker (SegmentedRaftLogWorker.java:lambda$new$0(133)) - f85876aa-b1dd-4474-bc29-05da8abc0eac@group-A8A4ADD531BB-SegmentedRaftLogWorker: flushIndex: setUnconditionally 0 -> -1
2022-02-16 13:54:02,127 [pool-299-thread-1] INFO  segmented.SegmentedRaftLogWorker (SegmentedRaftLogWorker.java:lambda$new$0(133)) - f85876aa-b1dd-4474-bc29-05da8abc0eac@group-A8A4ADD531BB-SegmentedRaftLogWorker: safeCacheEvictIndex: setUnconditionally 0 -> -1
2022-02-16 13:54:02,139 [pool-299-thread-1] INFO  server.RaftServerConfigKeys (ConfUtils.java:logGet(44)) - raft.server.snapshot.auto.trigger.enabled = true (custom)
2022-02-16 13:54:02,139 [pool-299-thread-1] INFO  server.RaftServerConfigKeys (ConfUtils.java:logGet(44)) - raft.server.snapshot.auto.trigger.threshold = 10000 (custom)
2022-02-16 13:54:02,139 [pool-299-thread-1] INFO  server.RaftServerConfigKeys (ConfUtils.java:logGet(44)) - raft.server.snapshot.retention.file.num = 5 (custom)
2022-02-16 13:54:02,139 [pool-299-thread-1] INFO  server.RaftServerConfigKeys (ConfUtils.java:logGet(44)) - raft.server.log.purge.upto.snapshot.index = false (default)
2022-02-16 13:54:02,139 [pool-299-thread-1] INFO  server.RaftServerConfigKeys (ConfUtils.java:logGet(44)) - raft.server.retrycache.expirytime = 600000ms (custom)
2022-02-16 13:54:02,139 [pool-299-thread-1] INFO  server.RaftServerConfigKeys (ConfUtils.java:logGet(44)) - raft.server.retrycache.statistics.expirytime = 100μs (default)
2022-02-16 13:54:02,140 [pool-299-thread-1] INFO  server.RaftServer$Division (RaftServerImpl.java:start(301)) - f85876aa-b1dd-4474-bc29-05da8abc0eac@group-A8A4ADD531BB: start as a follower, conf=-1: [1da67b63-4649-4db0-a931-db15f446f8ab|rpc:127.0.0.1:46601|dataStream:|priority:1, f85876aa-b1dd-4474-bc29-05da8abc0eac|rpc:127.0.0.1:39541|dataStream:|priority:0, 639e78e2-4776-4f8b-889b-5f4caefdc1ac|rpc:127.0.0.1:46119|dataStream:|priority:0], old=null
2022-02-16 13:54:02,141 [pool-299-thread-1] INFO  server.RaftServer$Division (RaftServerImpl.java:setRole(290)) - f85876aa-b1dd-4474-bc29-05da8abc0eac@group-A8A4ADD531BB: changes role from      null to FOLLOWER at term 0 for startAsFollower
2022-02-16 13:54:02,141 [pool-299-thread-1] INFO  impl.RoleInfo (RoleInfo.java:updateAndGet(130)) - f85876aa-b1dd-4474-bc29-05da8abc0eac: start f85876aa-b1dd-4474-bc29-05da8abc0eac@group-A8A4ADD531BB-FollowerState
2022-02-16 13:54:02,141 [pool-299-thread-1] INFO  util.JmxRegister (JmxRegister.java:tryRegister(44)) - Successfully registered JMX Bean with object name Ratis:service=RaftServer,group=group-A8A4ADD531BB,id=f85876aa-b1dd-4474-bc29-05da8abc0eac
2022-02-16 13:54:02,164 [Command processor thread] INFO  commandhandler.CreatePipelineCommandHandler (CreatePipelineCommandHandler.java:handle(106)) - Created Pipeline RATIS THREE PipelineID=99cf2237-6757-4cc6-8903-a8a4add531bb.
2022-02-16 13:54:02,164 [Command processor thread] INFO  server.RaftServer (RaftServerProxy.java:addNew(95)) - 1da67b63-4649-4db0-a931-db15f446f8ab: addNew group-14CF7FCC0F77:[1da67b63-4649-4db0-a931-db15f446f8ab|rpc:127.0.0.1:46601|priority:0, f85876aa-b1dd-4474-bc29-05da8abc0eac|rpc:127.0.0.1:39541|priority:0, 639e78e2-4776-4f8b-889b-5f4caefdc1ac|rpc:127.0.0.1:46119|priority:1] returns group-14CF7FCC0F77:java.util.concurrent.CompletableFuture@6033d2a5[Not completed]
2022-02-16 13:54:02,165 [pool-278-thread-1] INFO  server.RaftServer$Division (RaftServerImpl.java:<init>(184)) - 1da67b63-4649-4db0-a931-db15f446f8ab: new RaftServerImpl for group-14CF7FCC0F77:[1da67b63-4649-4db0-a931-db15f446f8ab|rpc:127.0.0.1:46601|priority:0, f85876aa-b1dd-4474-bc29-05da8abc0eac|rpc:127.0.0.1:39541|priority:0, 639e78e2-4776-4f8b-889b-5f4caefdc1ac|rpc:127.0.0.1:46119|priority:1] with ContainerStateMachine:uninitialized
2022-02-16 13:54:02,165 [pool-278-thread-1] INFO  server.RaftServerConfigKeys (ConfUtils.java:logGet(44)) - raft.server.rpc.timeout.min = 5s (custom)
2022-02-16 13:54:02,165 [pool-278-thread-1] INFO  server.RaftServerConfigKeys (ConfUtils.java:logGet(44)) - raft.server.rpc.timeout.max = 5200ms (custom)
2022-02-16 13:54:02,165 [pool-278-thread-1] INFO  server.RaftServerConfigKeys (ConfUtils.java:logGet(44)) - raft.server.rpc.sleep.time = 25ms (default)
2022-02-16 13:54:02,165 [pool-278-thread-1] INFO  server.RaftServerConfigKeys (ConfUtils.java:logGet(44)) - raft.server.rpc.slowness.timeout = 300s (custom)
2022-02-16 13:54:02,165 [pool-278-thread-1] INFO  server.RaftServerConfigKeys (ConfUtils.java:logGet(44)) - raft.server.leaderelection.leader.step-down.wait-time = 10s (default)
2022-02-16 13:54:02,165 [pool-278-thread-1] INFO  server.RaftServerConfigKeys (ConfUtils.java:logGet(44)) - raft.server.sleep.deviation.threshold = 300ms (default)
2022-02-16 13:54:02,165 [pool-278-thread-1] INFO  server.RaftServerConfigKeys (ConfUtils.java:logGet(44)) - raft.server.log.appender.install.snapshot.enabled = false (custom)
2022-02-16 13:54:02,165 [pool-278-thread-1] INFO  server.RaftServer$Division (ServerState.java:<init>(105)) - 1da67b63-4649-4db0-a931-db15f446f8ab@group-14CF7FCC0F77: ConfigurationManager, init=-1: [1da67b63-4649-4db0-a931-db15f446f8ab|rpc:127.0.0.1:46601|priority:0, f85876aa-b1dd-4474-bc29-05da8abc0eac|rpc:127.0.0.1:39541|priority:0, 639e78e2-4776-4f8b-889b-5f4caefdc1ac|rpc:127.0.0.1:46119|priority:1], old=null, confs=<EMPTY_MAP>
2022-02-16 13:54:02,165 [pool-278-thread-1] INFO  server.RaftServerConfigKeys (ConfUtils.java:logGet(44)) - raft.server.storage.dir = [/home/runner/work/ozone/ozone/hadoop-ozone/integration-test/target/test-dir/MiniOzoneClusterImpl-86a05728-24a0-44bd-862c-635bb6b223ca/datanode-0/data/ratis] (custom)
2022-02-16 13:54:02,166 [pool-278-thread-1] INFO  server.RaftServerConfigKeys (ConfUtils.java:logGet(44)) - raft.server.log.corruption.policy = EXCEPTION (default)
2022-02-16 13:54:02,166 [pool-278-thread-1] INFO  server.RaftServerConfigKeys (ConfUtils.java:logGet(44)) - raft.server.storage.free-space.min = 0MB (=0) (default)
2022-02-16 13:54:02,166 [pool-278-thread-1] INFO  storage.RaftStorageDirectory (RaftStorageDirectoryImpl.java:analyzeStorage(135)) - The storage directory /home/runner/work/ozone/ozone/hadoop-ozone/integration-test/target/test-dir/MiniOzoneClusterImpl-86a05728-24a0-44bd-862c-635bb6b223ca/datanode-0/data/ratis/66698711-a050-4ba1-96ed-14cf7fcc0f77 does not exist. Creating ...
2022-02-16 13:54:02,167 [pool-278-thread-1] INFO  storage.RaftStorageDirectory (RaftStorageDirectoryImpl.java:tryLock(230)) - Lock on /home/runner/work/ozone/ozone/hadoop-ozone/integration-test/target/test-dir/MiniOzoneClusterImpl-86a05728-24a0-44bd-862c-635bb6b223ca/datanode-0/data/ratis/66698711-a050-4ba1-96ed-14cf7fcc0f77/in_use.lock acquired by nodename 22946@fv-az270-170
2022-02-16 13:54:02,168 [pool-278-thread-1] INFO  storage.RaftStorage (RaftStorageImpl.java:format(89)) - Storage directory /home/runner/work/ozone/ozone/hadoop-ozone/integration-test/target/test-dir/MiniOzoneClusterImpl-86a05728-24a0-44bd-862c-635bb6b223ca/datanode-0/data/ratis/66698711-a050-4ba1-96ed-14cf7fcc0f77 has been successfully formatted.
2022-02-16 13:54:02,169 [pool-278-thread-1] INFO  ratis.ContainerStateMachine (ContainerStateMachine.java:loadSnapshot(231)) - group-14CF7FCC0F77: The snapshot info is null. Setting the last applied indexto:(t:0, i:~)
2022-02-16 13:54:02,169 [pool-278-thread-1] INFO  server.RaftServerConfigKeys (ConfUtils.java:logGet(44)) - raft.server.notification.no-leader.timeout = 300s (custom)
2022-02-16 13:54:02,169 [pool-278-thread-1] INFO  server.RaftServerConfigKeys (ConfUtils.java:logGet(44)) - raft.server.log.use.memory = false (default)
2022-02-16 13:54:02,169 [pool-278-thread-1] INFO  server.RaftServerConfigKeys (ConfUtils.java:logGet(44)) - raft.server.log.purge.gap = 1000000 (custom)
2022-02-16 13:54:02,169 [pool-278-thread-1] INFO  server.RaftServerConfigKeys (ConfUtils.java:logGet(44)) - raft.server.log.appender.buffer.byte-limit = 33554432 (custom)
2022-02-16 13:54:02,169 [pool-278-thread-1] INFO  server.RaftServerConfigKeys (ConfUtils.java:logGet(44)) - raft.server.log.segment.size.max = 1048576 (custom)
2022-02-16 13:54:02,170 [pool-278-thread-1] INFO  server.RaftServerConfigKeys (ConfUtils.java:logGet(44)) - raft.server.log.segment.cache.num.max = 2 (custom)
2022-02-16 13:54:02,170 [pool-278-thread-1] INFO  server.RaftServerConfigKeys (ConfUtils.java:logGet(44)) - raft.server.log.segment.cache.size.max = 200MB (=209715200) (default)
2022-02-16 13:54:02,170 [pool-278-thread-1] INFO  segmented.SegmentedRaftLogWorker (SegmentedRaftLogWorker.java:<init>(182)) - new 1da67b63-4649-4db0-a931-db15f446f8ab@group-14CF7FCC0F77-SegmentedRaftLogWorker for RaftStorageImpl:Storage Directory /home/runner/work/ozone/ozone/hadoop-ozone/integration-test/target/test-dir/MiniOzoneClusterImpl-86a05728-24a0-44bd-862c-635bb6b223ca/datanode-0/data/ratis/66698711-a050-4ba1-96ed-14cf7fcc0f77
2022-02-16 13:54:02,170 [pool-278-thread-1] INFO  server.RaftServerConfigKeys (ConfUtils.java:logGet(44)) - raft.server.log.queue.byte-limit = 4294967296 (custom)
2022-02-16 13:54:02,170 [pool-278-thread-1] INFO  server.RaftServerConfigKeys (ConfUtils.java:logGet(44)) - raft.server.log.queue.element-limit = 1024 (custom)
2022-02-16 13:54:02,170 [pool-278-thread-1] INFO  server.RaftServerConfigKeys (ConfUtils.java:logGet(44)) - raft.server.log.segment.size.max = 1048576 (custom)
2022-02-16 13:54:02,170 [pool-278-thread-1] INFO  server.RaftServerConfigKeys (ConfUtils.java:logGet(44)) - raft.server.log.preallocated.size = 16384 (custom)
2022-02-16 13:54:02,170 [pool-278-thread-1] INFO  server.RaftServerConfigKeys (ConfUtils.java:logGet(44)) - raft.server.log.force.sync.num = 128 (default)
2022-02-16 13:54:02,170 [pool-278-thread-1] INFO  server.RaftServerConfigKeys (ConfUtils.java:logGet(44)) - raft.server.log.statemachine.data.sync = true (default)
2022-02-16 13:54:02,170 [pool-278-thread-1] INFO  server.RaftServerConfigKeys (ConfUtils.java:logGet(44)) - raft.server.log.statemachine.data.sync.timeout = 10s (default)
2022-02-16 13:54:02,171 [pool-278-thread-1] INFO  server.RaftServerConfigKeys (ConfUtils.java:logGet(44)) - raft.server.log.statemachine.data.sync.timeout.retry = -1 (default)
2022-02-16 13:54:02,171 [EventQueue-OpenPipelineForHealthyPipelineSafeModeRule] INFO  safemode.SCMSafeModeManager (HealthyPipelineSafeModeRule.java:process(124)) - SCM in safe mode. Healthy pipelines reported count is 0, required healthy pipeline reported count is 1
2022-02-16 13:54:02,172 [pool-278-thread-1] INFO  server.RaftServerConfigKeys (ConfUtils.java:logGet(44)) - raft.server.log.write.buffer.size = 1048576 (custom)
2022-02-16 13:54:02,174 [pool-278-thread-1] INFO  server.RaftServerConfigKeys (ConfUtils.java:logGet(44)) - raft.server.log.statemachine.data.caching.enabled = true (custom)
2022-02-16 13:54:02,174 [pool-278-thread-1] INFO  segmented.SegmentedRaftLogWorker (SegmentedRaftLogWorker.java:lambda$new$0(133)) - 1da67b63-4649-4db0-a931-db15f446f8ab@group-14CF7FCC0F77-SegmentedRaftLogWorker: flushIndex: setUnconditionally 0 -> -1
2022-02-16 13:54:02,174 [pool-278-thread-1] INFO  segmented.SegmentedRaftLogWorker (SegmentedRaftLogWorker.java:lambda$new$0(133)) - 1da67b63-4649-4db0-a931-db15f446f8ab@group-14CF7FCC0F77-SegmentedRaftLogWorker: safeCacheEvictIndex: setUnconditionally 0 -> -1
2022-02-16 13:54:02,183 [pool-278-thread-1] INFO  server.RaftServerConfigKeys (ConfUtils.java:logGet(44)) - raft.server.snapshot.auto.trigger.enabled = true (custom)
2022-02-16 13:54:02,183 [pool-278-thread-1] INFO  server.RaftServerConfigKeys (ConfUtils.java:logGet(44)) - raft.server.snapshot.auto.trigger.threshold = 10000 (custom)
2022-02-16 13:54:02,183 [pool-278-thread-1] INFO  server.RaftServerConfigKeys (ConfUtils.java:logGet(44)) - raft.server.snapshot.retention.file.num = 5 (custom)
2022-02-16 13:54:02,183 [pool-278-thread-1] INFO  server.RaftServerConfigKeys (ConfUtils.java:logGet(44)) - raft.server.log.purge.upto.snapshot.index = false (default)
2022-02-16 13:54:02,183 [pool-278-thread-1] INFO  server.RaftServerConfigKeys (ConfUtils.java:logGet(44)) - raft.server.retrycache.expirytime = 600000ms (custom)
2022-02-16 13:54:02,183 [pool-278-thread-1] INFO  server.RaftServerConfigKeys (ConfUtils.java:logGet(44)) - raft.server.retrycache.statistics.expirytime = 100μs (default)
2022-02-16 13:54:02,185 [pool-278-thread-1] INFO  server.RaftServer$Division (RaftServerImpl.java:start(301)) - 1da67b63-4649-4db0-a931-db15f446f8ab@group-14CF7FCC0F77: start as a follower, conf=-1: [1da67b63-4649-4db0-a931-db15f446f8ab|rpc:127.0.0.1:46601|priority:0, f85876aa-b1dd-4474-bc29-05da8abc0eac|rpc:127.0.0.1:39541|priority:0, 639e78e2-4776-4f8b-889b-5f4caefdc1ac|rpc:127.0.0.1:46119|priority:1], old=null
2022-02-16 13:54:02,185 [pool-278-thread-1] INFO  server.RaftServer$Division (RaftServerImpl.java:setRole(290)) - 1da67b63-4649-4db0-a931-db15f446f8ab@group-14CF7FCC0F77: changes role from      null to FOLLOWER at term 0 for startAsFollower
2022-02-16 13:54:02,185 [pool-278-thread-1] INFO  impl.RoleInfo (RoleInfo.java:updateAndGet(130)) - 1da67b63-4649-4db0-a931-db15f446f8ab: start 1da67b63-4649-4db0-a931-db15f446f8ab@group-14CF7FCC0F77-FollowerState
2022-02-16 13:54:02,190 [pool-278-thread-1] INFO  util.JmxRegister (JmxRegister.java:tryRegister(44)) - Successfully registered JMX Bean with object name Ratis:service=RaftServer,group=group-14CF7FCC0F77,id=1da67b63-4649-4db0-a931-db15f446f8ab
2022-02-16 13:54:02,193 [Command processor thread] INFO  ratis.XceiverServerRatis (XceiverServerRatis.java:addGroup(769)) - Created group PipelineID=66698711-a050-4ba1-96ed-14cf7fcc0f77
2022-02-16 13:54:02,207 [grpc-default-executor-0] INFO  server.RaftServer (RaftServerProxy.java:addNew(95)) - 639e78e2-4776-4f8b-889b-5f4caefdc1ac: addNew group-14CF7FCC0F77:[1da67b63-4649-4db0-a931-db15f446f8ab|rpc:127.0.0.1:46601|dataStream:|priority:0, f85876aa-b1dd-4474-bc29-05da8abc0eac|rpc:127.0.0.1:39541|dataStream:|priority:0, 639e78e2-4776-4f8b-889b-5f4caefdc1ac|rpc:127.0.0.1:46119|dataStream:|priority:1] returns group-14CF7FCC0F77:java.util.concurrent.CompletableFuture@748890a5[Not completed]
2022-02-16 13:54:02,208 [pool-320-thread-1] INFO  server.RaftServer$Division (RaftServerImpl.java:<init>(184)) - 639e78e2-4776-4f8b-889b-5f4caefdc1ac: new RaftServerImpl for group-14CF7FCC0F77:[1da67b63-4649-4db0-a931-db15f446f8ab|rpc:127.0.0.1:46601|dataStream:|priority:0, f85876aa-b1dd-4474-bc29-05da8abc0eac|rpc:127.0.0.1:39541|dataStream:|priority:0, 639e78e2-4776-4f8b-889b-5f4caefdc1ac|rpc:127.0.0.1:46119|dataStream:|priority:1] with ContainerStateMachine:uninitialized
2022-02-16 13:54:02,208 [pool-320-thread-1] INFO  server.RaftServerConfigKeys (ConfUtils.java:logGet(44)) - raft.server.rpc.timeout.min = 5s (custom)
2022-02-16 13:54:02,208 [pool-320-thread-1] INFO  server.RaftServerConfigKeys (ConfUtils.java:logGet(44)) - raft.server.rpc.timeout.max = 5200ms (custom)
2022-02-16 13:54:02,209 [pool-320-thread-1] INFO  server.RaftServerConfigKeys (ConfUtils.java:logGet(44)) - raft.server.rpc.sleep.time = 25ms (default)
2022-02-16 13:54:02,209 [pool-320-thread-1] INFO  server.RaftServerConfigKeys (ConfUtils.java:logGet(44)) - raft.server.rpc.slowness.timeout = 300s (custom)
2022-02-16 13:54:02,209 [pool-320-thread-1] INFO  server.RaftServerConfigKeys (ConfUtils.java:logGet(44)) - raft.server.leaderelection.leader.step-down.wait-time = 10s (default)
2022-02-16 13:54:02,209 [pool-320-thread-1] INFO  server.RaftServerConfigKeys (ConfUtils.java:logGet(44)) - raft.server.sleep.deviation.threshold = 300ms (default)
2022-02-16 13:54:02,209 [pool-320-thread-1] INFO  server.RaftServerConfigKeys (ConfUtils.java:logGet(44)) - raft.server.log.appender.install.snapshot.enabled = false (custom)
2022-02-16 13:54:02,209 [pool-320-thread-1] INFO  server.RaftServer$Division (ServerState.java:<init>(105)) - 639e78e2-4776-4f8b-889b-5f4caefdc1ac@group-14CF7FCC0F77: ConfigurationManager, init=-1: [1da67b63-4649-4db0-a931-db15f446f8ab|rpc:127.0.0.1:46601|dataStream:|priority:0, f85876aa-b1dd-4474-bc29-05da8abc0eac|rpc:127.0.0.1:39541|dataStream:|priority:0, 639e78e2-4776-4f8b-889b-5f4caefdc1ac|rpc:127.0.0.1:46119|dataStream:|priority:1], old=null, confs=<EMPTY_MAP>
2022-02-16 13:54:02,209 [pool-320-thread-1] INFO  server.RaftServerConfigKeys (ConfUtils.java:logGet(44)) - raft.server.storage.dir = [/home/runner/work/ozone/ozone/hadoop-ozone/integration-test/target/test-dir/MiniOzoneClusterImpl-86a05728-24a0-44bd-862c-635bb6b223ca/datanode-2/data/ratis] (custom)
2022-02-16 13:54:02,209 [pool-320-thread-1] INFO  server.RaftServerConfigKeys (ConfUtils.java:logGet(44)) - raft.server.log.corruption.policy = EXCEPTION (default)
2022-02-16 13:54:02,209 [pool-320-thread-1] INFO  server.RaftServerConfigKeys (ConfUtils.java:logGet(44)) - raft.server.storage.free-space.min = 0MB (=0) (default)
2022-02-16 13:54:02,209 [pool-320-thread-1] INFO  storage.RaftStorageDirectory (RaftStorageDirectoryImpl.java:analyzeStorage(135)) - The storage directory /home/runner/work/ozone/ozone/hadoop-ozone/integration-test/target/test-dir/MiniOzoneClusterImpl-86a05728-24a0-44bd-862c-635bb6b223ca/datanode-2/data/ratis/66698711-a050-4ba1-96ed-14cf7fcc0f77 does not exist. Creating ...
2022-02-16 13:54:02,213 [pool-320-thread-1] INFO  storage.RaftStorageDirectory (RaftStorageDirectoryImpl.java:tryLock(230)) - Lock on /home/runner/work/ozone/ozone/hadoop-ozone/integration-test/target/test-dir/MiniOzoneClusterImpl-86a05728-24a0-44bd-862c-635bb6b223ca/datanode-2/data/ratis/66698711-a050-4ba1-96ed-14cf7fcc0f77/in_use.lock acquired by nodename 22946@fv-az270-170
2022-02-16 13:54:02,214 [pool-320-thread-1] INFO  storage.RaftStorage (RaftStorageImpl.java:format(89)) - Storage directory /home/runner/work/ozone/ozone/hadoop-ozone/integration-test/target/test-dir/MiniOzoneClusterImpl-86a05728-24a0-44bd-862c-635bb6b223ca/datanode-2/data/ratis/66698711-a050-4ba1-96ed-14cf7fcc0f77 has been successfully formatted.
2022-02-16 13:54:02,215 [pool-320-thread-1] INFO  ratis.ContainerStateMachine (ContainerStateMachine.java:loadSnapshot(231)) - group-14CF7FCC0F77: The snapshot info is null. Setting the last applied indexto:(t:0, i:~)
2022-02-16 13:54:02,215 [pool-320-thread-1] INFO  server.RaftServerConfigKeys (ConfUtils.java:logGet(44)) - raft.server.notification.no-leader.timeout = 300s (custom)
2022-02-16 13:54:02,215 [pool-320-thread-1] INFO  server.RaftServerConfigKeys (ConfUtils.java:logGet(44)) - raft.server.log.use.memory = false (default)
2022-02-16 13:54:02,215 [pool-320-thread-1] INFO  server.RaftServerConfigKeys (ConfUtils.java:logGet(44)) - raft.server.log.purge.gap = 1000000 (custom)
2022-02-16 13:54:02,216 [pool-320-thread-1] INFO  server.RaftServerConfigKeys (ConfUtils.java:logGet(44)) - raft.server.log.appender.buffer.byte-limit = 33554432 (custom)
2022-02-16 13:54:02,216 [pool-320-thread-1] INFO  server.RaftServerConfigKeys (ConfUtils.java:logGet(44)) - raft.server.log.segment.size.max = 1048576 (custom)
2022-02-16 13:54:02,217 [pool-320-thread-1] INFO  server.RaftServerConfigKeys (ConfUtils.java:logGet(44)) - raft.server.log.segment.cache.num.max = 2 (custom)
2022-02-16 13:54:02,217 [pool-320-thread-1] INFO  server.RaftServerConfigKeys (ConfUtils.java:logGet(44)) - raft.server.log.segment.cache.size.max = 200MB (=209715200) (default)
2022-02-16 13:54:02,217 [pool-320-thread-1] INFO  segmented.SegmentedRaftLogWorker (SegmentedRaftLogWorker.java:<init>(182)) - new 639e78e2-4776-4f8b-889b-5f4caefdc1ac@group-14CF7FCC0F77-SegmentedRaftLogWorker for RaftStorageImpl:Storage Directory /home/runner/work/ozone/ozone/hadoop-ozone/integration-test/target/test-dir/MiniOzoneClusterImpl-86a05728-24a0-44bd-862c-635bb6b223ca/datanode-2/data/ratis/66698711-a050-4ba1-96ed-14cf7fcc0f77
2022-02-16 13:54:02,217 [pool-320-thread-1] INFO  server.RaftServerConfigKeys (ConfUtils.java:logGet(44)) - raft.server.log.queue.byte-limit = 4294967296 (custom)
2022-02-16 13:54:02,217 [pool-320-thread-1] INFO  server.RaftServerConfigKeys (ConfUtils.java:logGet(44)) - raft.server.log.queue.element-limit = 1024 (custom)
2022-02-16 13:54:02,217 [pool-320-thread-1] INFO  server.RaftServerConfigKeys (ConfUtils.java:logGet(44)) - raft.server.log.segment.size.max = 1048576 (custom)
2022-02-16 13:54:02,219 [pool-320-thread-1] INFO  server.RaftServerConfigKeys (ConfUtils.java:logGet(44)) - raft.server.log.preallocated.size = 16384 (custom)
2022-02-16 13:54:02,219 [pool-320-thread-1] INFO  server.RaftServerConfigKeys (ConfUtils.java:logGet(44)) - raft.server.log.force.sync.num = 128 (default)
2022-02-16 13:54:02,219 [pool-320-thread-1] INFO  server.RaftServerConfigKeys (ConfUtils.java:logGet(44)) - raft.server.log.statemachine.data.sync = true (default)
2022-02-16 13:54:02,219 [pool-320-thread-1] INFO  server.RaftServerConfigKeys (ConfUtils.java:logGet(44)) - raft.server.log.statemachine.data.sync.timeout = 10s (default)
2022-02-16 13:54:02,219 [pool-320-thread-1] INFO  server.RaftServerConfigKeys (ConfUtils.java:logGet(44)) - raft.server.log.statemachine.data.sync.timeout.retry = -1 (default)
2022-02-16 13:54:02,220 [pool-320-thread-1] INFO  server.RaftServerConfigKeys (ConfUtils.java:logGet(44)) - raft.server.log.write.buffer.size = 1048576 (custom)
2022-02-16 13:54:02,221 [pool-320-thread-1] INFO  server.RaftServerConfigKeys (ConfUtils.java:logGet(44)) - raft.server.log.statemachine.data.caching.enabled = true (custom)
2022-02-16 13:54:02,224 [pool-320-thread-1] INFO  segmented.SegmentedRaftLogWorker (SegmentedRaftLogWorker.java:lambda$new$0(133)) - 639e78e2-4776-4f8b-889b-5f4caefdc1ac@group-14CF7FCC0F77-SegmentedRaftLogWorker: flushIndex: setUnconditionally 0 -> -1
2022-02-16 13:54:02,224 [pool-320-thread-1] INFO  segmented.SegmentedRaftLogWorker (SegmentedRaftLogWorker.java:lambda$new$0(133)) - 639e78e2-4776-4f8b-889b-5f4caefdc1ac@group-14CF7FCC0F77-SegmentedRaftLogWorker: safeCacheEvictIndex: setUnconditionally 0 -> -1
2022-02-16 13:54:02,231 [pool-320-thread-1] INFO  server.RaftServerConfigKeys (ConfUtils.java:logGet(44)) - raft.server.snapshot.auto.trigger.enabled = true (custom)
2022-02-16 13:54:02,231 [pool-320-thread-1] INFO  server.RaftServerConfigKeys (ConfUtils.java:logGet(44)) - raft.server.snapshot.auto.trigger.threshold = 10000 (custom)
2022-02-16 13:54:02,231 [pool-320-thread-1] INFO  server.RaftServerConfigKeys (ConfUtils.java:logGet(44)) - raft.server.snapshot.retention.file.num = 5 (custom)
2022-02-16 13:54:02,231 [pool-320-thread-1] INFO  server.RaftServerConfigKeys (ConfUtils.java:logGet(44)) - raft.server.log.purge.upto.snapshot.index = false (default)
2022-02-16 13:54:02,231 [pool-320-thread-1] INFO  server.RaftServerConfigKeys (ConfUtils.java:logGet(44)) - raft.server.retrycache.expirytime = 600000ms (custom)
2022-02-16 13:54:02,231 [pool-320-thread-1] INFO  server.RaftServerConfigKeys (ConfUtils.java:logGet(44)) - raft.server.retrycache.statistics.expirytime = 100μs (default)
2022-02-16 13:54:02,232 [pool-320-thread-1] INFO  server.RaftServer$Division (RaftServerImpl.java:start(301)) - 639e78e2-4776-4f8b-889b-5f4caefdc1ac@group-14CF7FCC0F77: start as a follower, conf=-1: [1da67b63-4649-4db0-a931-db15f446f8ab|rpc:127.0.0.1:46601|dataStream:|priority:0, f85876aa-b1dd-4474-bc29-05da8abc0eac|rpc:127.0.0.1:39541|dataStream:|priority:0, 639e78e2-4776-4f8b-889b-5f4caefdc1ac|rpc:127.0.0.1:46119|dataStream:|priority:1], old=null
2022-02-16 13:54:02,233 [pool-320-thread-1] INFO  server.RaftServer$Division (RaftServerImpl.java:setRole(290)) - 639e78e2-4776-4f8b-889b-5f4caefdc1ac@group-14CF7FCC0F77: changes role from      null to FOLLOWER at term 0 for startAsFollower
2022-02-16 13:54:02,233 [pool-320-thread-1] INFO  impl.RoleInfo (RoleInfo.java:updateAndGet(130)) - 639e78e2-4776-4f8b-889b-5f4caefdc1ac: start 639e78e2-4776-4f8b-889b-5f4caefdc1ac@group-14CF7FCC0F77-FollowerState
2022-02-16 13:54:02,245 [pool-320-thread-1] INFO  util.JmxRegister (JmxRegister.java:tryRegister(44)) - Successfully registered JMX Bean with object name Ratis:service=RaftServer,group=group-14CF7FCC0F77,id=639e78e2-4776-4f8b-889b-5f4caefdc1ac
2022-02-16 13:54:02,288 [grpc-default-executor-0] INFO  server.RaftServer (RaftServerProxy.java:addNew(95)) - f85876aa-b1dd-4474-bc29-05da8abc0eac: addNew group-14CF7FCC0F77:[1da67b63-4649-4db0-a931-db15f446f8ab|rpc:127.0.0.1:46601|dataStream:|priority:0, f85876aa-b1dd-4474-bc29-05da8abc0eac|rpc:127.0.0.1:39541|dataStream:|priority:0, 639e78e2-4776-4f8b-889b-5f4caefdc1ac|rpc:127.0.0.1:46119|dataStream:|priority:1] returns group-14CF7FCC0F77:java.util.concurrent.CompletableFuture@7dbdb50f[Not completed]
2022-02-16 13:54:02,289 [pool-299-thread-1] INFO  server.RaftServer$Division (RaftServerImpl.java:<init>(184)) - f85876aa-b1dd-4474-bc29-05da8abc0eac: new RaftServerImpl for group-14CF7FCC0F77:[1da67b63-4649-4db0-a931-db15f446f8ab|rpc:127.0.0.1:46601|dataStream:|priority:0, f85876aa-b1dd-4474-bc29-05da8abc0eac|rpc:127.0.0.1:39541|dataStream:|priority:0, 639e78e2-4776-4f8b-889b-5f4caefdc1ac|rpc:127.0.0.1:46119|dataStream:|priority:1] with ContainerStateMachine:uninitialized
2022-02-16 13:54:02,289 [pool-299-thread-1] INFO  server.RaftServerConfigKeys (ConfUtils.java:logGet(44)) - raft.server.rpc.timeout.min = 5s (custom)
2022-02-16 13:54:02,289 [pool-299-thread-1] INFO  server.RaftServerConfigKeys (ConfUtils.java:logGet(44)) - raft.server.rpc.timeout.max = 5200ms (custom)
2022-02-16 13:54:02,289 [pool-299-thread-1] INFO  server.RaftServerConfigKeys (ConfUtils.java:logGet(44)) - raft.server.rpc.sleep.time = 25ms (default)
2022-02-16 13:54:02,290 [pool-299-thread-1] INFO  server.RaftServerConfigKeys (ConfUtils.java:logGet(44)) - raft.server.rpc.slowness.timeout = 300s (custom)
2022-02-16 13:54:02,290 [pool-299-thread-1] INFO  server.RaftServerConfigKeys (ConfUtils.java:logGet(44)) - raft.server.leaderelection.leader.step-down.wait-time = 10s (default)
2022-02-16 13:54:02,290 [pool-299-thread-1] INFO  server.RaftServerConfigKeys (ConfUtils.java:logGet(44)) - raft.server.sleep.deviation.threshold = 300ms (default)
2022-02-16 13:54:02,290 [pool-299-thread-1] INFO  server.RaftServerConfigKeys (ConfUtils.java:logGet(44)) - raft.server.log.appender.install.snapshot.enabled = false (custom)
2022-02-16 13:54:02,290 [pool-299-thread-1] INFO  server.RaftServer$Division (ServerState.java:<init>(105)) - f85876aa-b1dd-4474-bc29-05da8abc0eac@group-14CF7FCC0F77: ConfigurationManager, init=-1: [1da67b63-4649-4db0-a931-db15f446f8ab|rpc:127.0.0.1:46601|dataStream:|priority:0, f85876aa-b1dd-4474-bc29-05da8abc0eac|rpc:127.0.0.1:39541|dataStream:|priority:0, 639e78e2-4776-4f8b-889b-5f4caefdc1ac|rpc:127.0.0.1:46119|dataStream:|priority:1], old=null, confs=<EMPTY_MAP>
2022-02-16 13:54:02,290 [pool-299-thread-1] INFO  server.RaftServerConfigKeys (ConfUtils.java:logGet(44)) - raft.server.storage.dir = [/home/runner/work/ozone/ozone/hadoop-ozone/integration-test/target/test-dir/MiniOzoneClusterImpl-86a05728-24a0-44bd-862c-635bb6b223ca/datanode-1/data/ratis] (custom)
2022-02-16 13:54:02,290 [pool-299-thread-1] INFO  server.RaftServerConfigKeys (ConfUtils.java:logGet(44)) - raft.server.log.corruption.policy = EXCEPTION (default)
2022-02-16 13:54:02,290 [pool-299-thread-1] INFO  server.RaftServerConfigKeys (ConfUtils.java:logGet(44)) - raft.server.storage.free-space.min = 0MB (=0) (default)
2022-02-16 13:54:02,290 [pool-299-thread-1] INFO  storage.RaftStorageDirectory (RaftStorageDirectoryImpl.java:analyzeStorage(135)) - The storage directory /home/runner/work/ozone/ozone/hadoop-ozone/integration-test/target/test-dir/MiniOzoneClusterImpl-86a05728-24a0-44bd-862c-635bb6b223ca/datanode-1/data/ratis/66698711-a050-4ba1-96ed-14cf7fcc0f77 does not exist. Creating ...
2022-02-16 13:54:02,291 [pool-299-thread-1] INFO  storage.RaftStorageDirectory (RaftStorageDirectoryImpl.java:tryLock(230)) - Lock on /home/runner/work/ozone/ozone/hadoop-ozone/integration-test/target/test-dir/MiniOzoneClusterImpl-86a05728-24a0-44bd-862c-635bb6b223ca/datanode-1/data/ratis/66698711-a050-4ba1-96ed-14cf7fcc0f77/in_use.lock acquired by nodename 22946@fv-az270-170
2022-02-16 13:54:02,292 [pool-299-thread-1] INFO  storage.RaftStorage (RaftStorageImpl.java:format(89)) - Storage directory /home/runner/work/ozone/ozone/hadoop-ozone/integration-test/target/test-dir/MiniOzoneClusterImpl-86a05728-24a0-44bd-862c-635bb6b223ca/datanode-1/data/ratis/66698711-a050-4ba1-96ed-14cf7fcc0f77 has been successfully formatted.
2022-02-16 13:54:02,293 [pool-299-thread-1] INFO  ratis.ContainerStateMachine (ContainerStateMachine.java:loadSnapshot(231)) - group-14CF7FCC0F77: The snapshot info is null. Setting the last applied indexto:(t:0, i:~)
2022-02-16 13:54:02,293 [pool-299-thread-1] INFO  server.RaftServerConfigKeys (ConfUtils.java:logGet(44)) - raft.server.notification.no-leader.timeout = 300s (custom)
2022-02-16 13:54:02,293 [pool-299-thread-1] INFO  server.RaftServerConfigKeys (ConfUtils.java:logGet(44)) - raft.server.log.use.memory = false (default)
2022-02-16 13:54:02,293 [pool-299-thread-1] INFO  server.RaftServerConfigKeys (ConfUtils.java:logGet(44)) - raft.server.log.purge.gap = 1000000 (custom)
2022-02-16 13:54:02,293 [pool-299-thread-1] INFO  server.RaftServerConfigKeys (ConfUtils.java:logGet(44)) - raft.server.log.appender.buffer.byte-limit = 33554432 (custom)
2022-02-16 13:54:02,296 [pool-299-thread-1] INFO  server.RaftServerConfigKeys (ConfUtils.java:logGet(44)) - raft.server.log.segment.size.max = 1048576 (custom)
2022-02-16 13:54:02,297 [pool-299-thread-1] INFO  server.RaftServerConfigKeys (ConfUtils.java:logGet(44)) - raft.server.log.segment.cache.num.max = 2 (custom)
2022-02-16 13:54:02,297 [pool-299-thread-1] INFO  server.RaftServerConfigKeys (ConfUtils.java:logGet(44)) - raft.server.log.segment.cache.size.max = 200MB (=209715200) (default)
2022-02-16 13:54:02,297 [pool-299-thread-1] INFO  segmented.SegmentedRaftLogWorker (SegmentedRaftLogWorker.java:<init>(182)) - new f85876aa-b1dd-4474-bc29-05da8abc0eac@group-14CF7FCC0F77-SegmentedRaftLogWorker for RaftStorageImpl:Storage Directory /home/runner/work/ozone/ozone/hadoop-ozone/integration-test/target/test-dir/MiniOzoneClusterImpl-86a05728-24a0-44bd-862c-635bb6b223ca/datanode-1/data/ratis/66698711-a050-4ba1-96ed-14cf7fcc0f77
2022-02-16 13:54:02,297 [pool-299-thread-1] INFO  server.RaftServerConfigKeys (ConfUtils.java:logGet(44)) - raft.server.log.queue.byte-limit = 4294967296 (custom)
2022-02-16 13:54:02,297 [pool-299-thread-1] INFO  server.RaftServerConfigKeys (ConfUtils.java:logGet(44)) - raft.server.log.queue.element-limit = 1024 (custom)
2022-02-16 13:54:02,297 [pool-299-thread-1] INFO  server.RaftServerConfigKeys (ConfUtils.java:logGet(44)) - raft.server.log.segment.size.max = 1048576 (custom)
2022-02-16 13:54:02,297 [pool-299-thread-1] INFO  server.RaftServerConfigKeys (ConfUtils.java:logGet(44)) - raft.server.log.preallocated.size = 16384 (custom)
2022-02-16 13:54:02,297 [pool-299-thread-1] INFO  server.RaftServerConfigKeys (ConfUtils.java:logGet(44)) - raft.server.log.force.sync.num = 128 (default)
2022-02-16 13:54:02,297 [pool-299-thread-1] INFO  server.RaftServerConfigKeys (ConfUtils.java:logGet(44)) - raft.server.log.statemachine.data.sync = true (default)
2022-02-16 13:54:02,297 [pool-299-thread-1] INFO  server.RaftServerConfigKeys (ConfUtils.java:logGet(44)) - raft.server.log.statemachine.data.sync.timeout = 10s (default)
2022-02-16 13:54:02,297 [pool-299-thread-1] INFO  server.RaftServerConfigKeys (ConfUtils.java:logGet(44)) - raft.server.log.statemachine.data.sync.timeout.retry = -1 (default)
2022-02-16 13:54:02,298 [pool-299-thread-1] INFO  server.RaftServerConfigKeys (ConfUtils.java:logGet(44)) - raft.server.log.write.buffer.size = 1048576 (custom)
2022-02-16 13:54:02,302 [pool-299-thread-1] INFO  server.RaftServerConfigKeys (ConfUtils.java:logGet(44)) - raft.server.log.statemachine.data.caching.enabled = true (custom)
2022-02-16 13:54:02,304 [pool-299-thread-1] INFO  segmented.SegmentedRaftLogWorker (SegmentedRaftLogWorker.java:lambda$new$0(133)) - f85876aa-b1dd-4474-bc29-05da8abc0eac@group-14CF7FCC0F77-SegmentedRaftLogWorker: flushIndex: setUnconditionally 0 -> -1
2022-02-16 13:54:02,304 [pool-299-thread-1] INFO  segmented.SegmentedRaftLogWorker (SegmentedRaftLogWorker.java:lambda$new$0(133)) - f85876aa-b1dd-4474-bc29-05da8abc0eac@group-14CF7FCC0F77-SegmentedRaftLogWorker: safeCacheEvictIndex: setUnconditionally 0 -> -1
2022-02-16 13:54:02,319 [pool-299-thread-1] INFO  server.RaftServerConfigKeys (ConfUtils.java:logGet(44)) - raft.server.snapshot.auto.trigger.enabled = true (custom)
2022-02-16 13:54:02,319 [pool-299-thread-1] INFO  server.RaftServerConfigKeys (ConfUtils.java:logGet(44)) - raft.server.snapshot.auto.trigger.threshold = 10000 (custom)
2022-02-16 13:54:02,319 [pool-299-thread-1] INFO  server.RaftServerConfigKeys (ConfUtils.java:logGet(44)) - raft.server.snapshot.retention.file.num = 5 (custom)
2022-02-16 13:54:02,319 [pool-299-thread-1] INFO  server.RaftServerConfigKeys (ConfUtils.java:logGet(44)) - raft.server.log.purge.upto.snapshot.index = false (default)
2022-02-16 13:54:02,319 [pool-299-thread-1] INFO  server.RaftServerConfigKeys (ConfUtils.java:logGet(44)) - raft.server.retrycache.expirytime = 600000ms (custom)
2022-02-16 13:54:02,319 [pool-299-thread-1] INFO  server.RaftServerConfigKeys (ConfUtils.java:logGet(44)) - raft.server.retrycache.statistics.expirytime = 100μs (default)
2022-02-16 13:54:02,320 [pool-299-thread-1] INFO  server.RaftServer$Division (RaftServerImpl.java:start(301)) - f85876aa-b1dd-4474-bc29-05da8abc0eac@group-14CF7FCC0F77: start as a follower, conf=-1: [1da67b63-4649-4db0-a931-db15f446f8ab|rpc:127.0.0.1:46601|dataStream:|priority:0, f85876aa-b1dd-4474-bc29-05da8abc0eac|rpc:127.0.0.1:39541|dataStream:|priority:0, 639e78e2-4776-4f8b-889b-5f4caefdc1ac|rpc:127.0.0.1:46119|dataStream:|priority:1], old=null
2022-02-16 13:54:02,320 [pool-299-thread-1] INFO  server.RaftServer$Division (RaftServerImpl.java:setRole(290)) - f85876aa-b1dd-4474-bc29-05da8abc0eac@group-14CF7FCC0F77: changes role from      null to FOLLOWER at term 0 for startAsFollower
2022-02-16 13:54:02,321 [pool-299-thread-1] INFO  impl.RoleInfo (RoleInfo.java:updateAndGet(130)) - f85876aa-b1dd-4474-bc29-05da8abc0eac: start f85876aa-b1dd-4474-bc29-05da8abc0eac@group-14CF7FCC0F77-FollowerState
2022-02-16 13:54:02,321 [Command processor thread] INFO  server.RaftServer (RaftServerProxy.java:addNew(95)) - f85876aa-b1dd-4474-bc29-05da8abc0eac: addNew group-1911E8F06F0C:[f85876aa-b1dd-4474-bc29-05da8abc0eac|rpc:127.0.0.1:39541|priority:1] returns group-1911E8F06F0C:java.util.concurrent.CompletableFuture@55a30e0d[Not completed]
2022-02-16 13:54:02,329 [pool-299-thread-1] INFO  util.JmxRegister (JmxRegister.java:tryRegister(44)) - Successfully registered JMX Bean with object name Ratis:service=RaftServer,group=group-14CF7FCC0F77,id=f85876aa-b1dd-4474-bc29-05da8abc0eac
2022-02-16 13:54:02,346 [pool-299-thread-1] INFO  server.RaftServer$Division (RaftServerImpl.java:<init>(184)) - f85876aa-b1dd-4474-bc29-05da8abc0eac: new RaftServerImpl for group-1911E8F06F0C:[f85876aa-b1dd-4474-bc29-05da8abc0eac|rpc:127.0.0.1:39541|priority:1] with ContainerStateMachine:uninitialized
2022-02-16 13:54:02,346 [pool-299-thread-1] INFO  server.RaftServerConfigKeys (ConfUtils.java:logGet(44)) - raft.server.rpc.timeout.min = 5s (custom)
2022-02-16 13:54:02,346 [pool-299-thread-1] INFO  server.RaftServerConfigKeys (ConfUtils.java:logGet(44)) - raft.server.rpc.timeout.max = 5200ms (custom)
2022-02-16 13:54:02,346 [pool-299-thread-1] INFO  server.RaftServerConfigKeys (ConfUtils.java:logGet(44)) - raft.server.rpc.sleep.time = 25ms (default)
2022-02-16 13:54:02,346 [pool-299-thread-1] INFO  server.RaftServerConfigKeys (ConfUtils.java:logGet(44)) - raft.server.rpc.slowness.timeout = 300s (custom)
2022-02-16 13:54:02,346 [pool-299-thread-1] INFO  server.RaftServerConfigKeys (ConfUtils.java:logGet(44)) - raft.server.leaderelection.leader.step-down.wait-time = 10s (default)
2022-02-16 13:54:02,346 [pool-299-thread-1] INFO  server.RaftServerConfigKeys (ConfUtils.java:logGet(44)) - raft.server.sleep.deviation.threshold = 300ms (default)
2022-02-16 13:54:02,347 [pool-299-thread-1] INFO  server.RaftServerConfigKeys (ConfUtils.java:logGet(44)) - raft.server.log.appender.install.snapshot.enabled = false (custom)
2022-02-16 13:54:02,347 [pool-299-thread-1] INFO  server.RaftServer$Division (ServerState.java:<init>(105)) - f85876aa-b1dd-4474-bc29-05da8abc0eac@group-1911E8F06F0C: ConfigurationManager, init=-1: [f85876aa-b1dd-4474-bc29-05da8abc0eac|rpc:127.0.0.1:39541|priority:1], old=null, confs=<EMPTY_MAP>
2022-02-16 13:54:02,347 [pool-299-thread-1] INFO  server.RaftServerConfigKeys (ConfUtils.java:logGet(44)) - raft.server.storage.dir = [/home/runner/work/ozone/ozone/hadoop-ozone/integration-test/target/test-dir/MiniOzoneClusterImpl-86a05728-24a0-44bd-862c-635bb6b223ca/datanode-1/data/ratis] (custom)
2022-02-16 13:54:02,347 [pool-299-thread-1] INFO  server.RaftServerConfigKeys (ConfUtils.java:logGet(44)) - raft.server.log.corruption.policy = EXCEPTION (default)
2022-02-16 13:54:02,347 [pool-299-thread-1] INFO  server.RaftServerConfigKeys (ConfUtils.java:logGet(44)) - raft.server.storage.free-space.min = 0MB (=0) (default)
2022-02-16 13:54:02,347 [pool-299-thread-1] INFO  storage.RaftStorageDirectory (RaftStorageDirectoryImpl.java:analyzeStorage(135)) - The storage directory /home/runner/work/ozone/ozone/hadoop-ozone/integration-test/target/test-dir/MiniOzoneClusterImpl-86a05728-24a0-44bd-862c-635bb6b223ca/datanode-1/data/ratis/f535c9f0-6304-4020-a88a-1911e8f06f0c does not exist. Creating ...
2022-02-16 13:54:02,359 [Command processor thread] INFO  commandhandler.CreatePipelineCommandHandler (CreatePipelineCommandHandler.java:handle(106)) - Created Pipeline RATIS THREE PipelineID=66698711-a050-4ba1-96ed-14cf7fcc0f77.
2022-02-16 13:54:02,360 [pool-299-thread-1] INFO  storage.RaftStorageDirectory (RaftStorageDirectoryImpl.java:tryLock(230)) - Lock on /home/runner/work/ozone/ozone/hadoop-ozone/integration-test/target/test-dir/MiniOzoneClusterImpl-86a05728-24a0-44bd-862c-635bb6b223ca/datanode-1/data/ratis/f535c9f0-6304-4020-a88a-1911e8f06f0c/in_use.lock acquired by nodename 22946@fv-az270-170
2022-02-16 13:54:02,362 [pool-299-thread-1] INFO  storage.RaftStorage (RaftStorageImpl.java:format(89)) - Storage directory /home/runner/work/ozone/ozone/hadoop-ozone/integration-test/target/test-dir/MiniOzoneClusterImpl-86a05728-24a0-44bd-862c-635bb6b223ca/datanode-1/data/ratis/f535c9f0-6304-4020-a88a-1911e8f06f0c has been successfully formatted.
2022-02-16 13:54:02,362 [pool-299-thread-1] INFO  ratis.ContainerStateMachine (ContainerStateMachine.java:loadSnapshot(231)) - group-1911E8F06F0C: The snapshot info is null. Setting the last applied indexto:(t:0, i:~)
2022-02-16 13:54:02,363 [pool-299-thread-1] INFO  server.RaftServerConfigKeys (ConfUtils.java:logGet(44)) - raft.server.notification.no-leader.timeout = 300s (custom)
2022-02-16 13:54:02,363 [pool-299-thread-1] INFO  server.RaftServerConfigKeys (ConfUtils.java:logGet(44)) - raft.server.log.use.memory = false (default)
2022-02-16 13:54:02,363 [pool-299-thread-1] INFO  server.RaftServerConfigKeys (ConfUtils.java:logGet(44)) - raft.server.log.purge.gap = 1000000 (custom)
2022-02-16 13:54:02,363 [pool-299-thread-1] INFO  server.RaftServerConfigKeys (ConfUtils.java:logGet(44)) - raft.server.log.appender.buffer.byte-limit = 33554432 (custom)
2022-02-16 13:54:02,363 [pool-299-thread-1] INFO  server.RaftServerConfigKeys (ConfUtils.java:logGet(44)) - raft.server.log.segment.size.max = 1048576 (custom)
2022-02-16 13:54:02,363 [pool-299-thread-1] INFO  server.RaftServerConfigKeys (ConfUtils.java:logGet(44)) - raft.server.log.segment.cache.num.max = 2 (custom)
2022-02-16 13:54:02,364 [pool-299-thread-1] INFO  server.RaftServerConfigKeys (ConfUtils.java:logGet(44)) - raft.server.log.segment.cache.size.max = 200MB (=209715200) (default)
2022-02-16 13:54:02,364 [pool-299-thread-1] INFO  segmented.SegmentedRaftLogWorker (SegmentedRaftLogWorker.java:<init>(182)) - new f85876aa-b1dd-4474-bc29-05da8abc0eac@group-1911E8F06F0C-SegmentedRaftLogWorker for RaftStorageImpl:Storage Directory /home/runner/work/ozone/ozone/hadoop-ozone/integration-test/target/test-dir/MiniOzoneClusterImpl-86a05728-24a0-44bd-862c-635bb6b223ca/datanode-1/data/ratis/f535c9f0-6304-4020-a88a-1911e8f06f0c
2022-02-16 13:54:02,364 [pool-299-thread-1] INFO  server.RaftServerConfigKeys (ConfUtils.java:logGet(44)) - raft.server.log.queue.byte-limit = 4294967296 (custom)
2022-02-16 13:54:02,364 [pool-299-thread-1] INFO  server.RaftServerConfigKeys (ConfUtils.java:logGet(44)) - raft.server.log.queue.element-limit = 1024 (custom)
2022-02-16 13:54:02,364 [pool-299-thread-1] INFO  server.RaftServerConfigKeys (ConfUtils.java:logGet(44)) - raft.server.log.segment.size.max = 1048576 (custom)
2022-02-16 13:54:02,364 [pool-299-thread-1] INFO  server.RaftServerConfigKeys (ConfUtils.java:logGet(44)) - raft.server.log.preallocated.size = 16384 (custom)
2022-02-16 13:54:02,364 [pool-299-thread-1] INFO  server.RaftServerConfigKeys (ConfUtils.java:logGet(44)) - raft.server.log.force.sync.num = 128 (default)
2022-02-16 13:54:02,364 [pool-299-thread-1] INFO  server.RaftServerConfigKeys (ConfUtils.java:logGet(44)) - raft.server.log.statemachine.data.sync = true (default)
2022-02-16 13:54:02,364 [pool-299-thread-1] INFO  server.RaftServerConfigKeys (ConfUtils.java:logGet(44)) - raft.server.log.statemachine.data.sync.timeout = 10s (default)
2022-02-16 13:54:02,364 [pool-299-thread-1] INFO  server.RaftServerConfigKeys (ConfUtils.java:logGet(44)) - raft.server.log.statemachine.data.sync.timeout.retry = -1 (default)
2022-02-16 13:54:02,364 [EventQueue-PipelineReportForPipelineReportHandler] INFO  pipeline.PipelineManagerImpl (PipelineManagerImpl.java:openPipeline(291)) - Pipeline Pipeline[ Id: f535c9f0-6304-4020-a88a-1911e8f06f0c, Nodes: f85876aa-b1dd-4474-bc29-05da8abc0eac{ip: 127.0.0.1, host: localhost, ports: [REPLICATION=43955, RATIS=39541, RATIS_ADMIN=39541, RATIS_SERVER=39541, STANDALONE=41679], networkLocation: /default-rack, certSerialId: null, persistedOpState: IN_SERVICE, persistedOpStateExpiryEpochSec: 0}, ReplicationConfig: RATIS/ONE, State:ALLOCATED, leaderId:f85876aa-b1dd-4474-bc29-05da8abc0eac, CreationTimestamp2022-02-16T13:53:59.328Z[Etc/UTC]] moved to OPEN state
2022-02-16 13:54:02,365 [pool-299-thread-1] INFO  server.RaftServerConfigKeys (ConfUtils.java:logGet(44)) - raft.server.log.write.buffer.size = 1048576 (custom)
2022-02-16 13:54:02,366 [pool-299-thread-1] INFO  server.RaftServerConfigKeys (ConfUtils.java:logGet(44)) - raft.server.log.statemachine.data.caching.enabled = true (custom)
2022-02-16 13:54:02,366 [pool-299-thread-1] INFO  segmented.SegmentedRaftLogWorker (SegmentedRaftLogWorker.java:lambda$new$0(133)) - f85876aa-b1dd-4474-bc29-05da8abc0eac@group-1911E8F06F0C-SegmentedRaftLogWorker: flushIndex: setUnconditionally 0 -> -1
2022-02-16 13:54:02,366 [pool-299-thread-1] INFO  segmented.SegmentedRaftLogWorker (SegmentedRaftLogWorker.java:lambda$new$0(133)) - f85876aa-b1dd-4474-bc29-05da8abc0eac@group-1911E8F06F0C-SegmentedRaftLogWorker: safeCacheEvictIndex: setUnconditionally 0 -> -1
2022-02-16 13:54:02,366 [95249411-7456-4ad4-a209-a7ba9f4cfc6c@group-635BB6B223CA-StateMachineUpdater] INFO  safemode.HealthyPipelineSafeModeRule (HealthyPipelineSafeModeRule.java:initializeRule(152)) - Refreshed total pipeline count is 0, healthy pipeline threshold count is 1
2022-02-16 13:54:02,380 [EventQueue-OpenPipelineForHealthyPipelineSafeModeRule] INFO  safemode.SCMSafeModeManager (HealthyPipelineSafeModeRule.java:process(124)) - SCM in safe mode. Healthy pipelines reported count is 0, required healthy pipeline reported count is 1
2022-02-16 13:54:02,373 [pool-299-thread-1] INFO  server.RaftServerConfigKeys (ConfUtils.java:logGet(44)) - raft.server.snapshot.auto.trigger.enabled = true (custom)
2022-02-16 13:54:02,381 [pool-299-thread-1] INFO  server.RaftServerConfigKeys (ConfUtils.java:logGet(44)) - raft.server.snapshot.auto.trigger.threshold = 10000 (custom)
2022-02-16 13:54:02,381 [pool-299-thread-1] INFO  server.RaftServerConfigKeys (ConfUtils.java:logGet(44)) - raft.server.snapshot.retention.file.num = 5 (custom)
2022-02-16 13:54:02,381 [pool-299-thread-1] INFO  server.RaftServerConfigKeys (ConfUtils.java:logGet(44)) - raft.server.log.purge.upto.snapshot.index = false (default)
2022-02-16 13:54:02,381 [pool-299-thread-1] INFO  server.RaftServerConfigKeys (ConfUtils.java:logGet(44)) - raft.server.retrycache.expirytime = 600000ms (custom)
2022-02-16 13:54:02,381 [pool-299-thread-1] INFO  server.RaftServerConfigKeys (ConfUtils.java:logGet(44)) - raft.server.retrycache.statistics.expirytime = 100μs (default)
2022-02-16 13:54:02,382 [pool-299-thread-1] INFO  server.RaftServer$Division (RaftServerImpl.java:start(301)) - f85876aa-b1dd-4474-bc29-05da8abc0eac@group-1911E8F06F0C: start as a follower, conf=-1: [f85876aa-b1dd-4474-bc29-05da8abc0eac|rpc:127.0.0.1:39541|priority:1], old=null
2022-02-16 13:54:02,382 [pool-299-thread-1] INFO  server.RaftServer$Division (RaftServerImpl.java:setRole(290)) - f85876aa-b1dd-4474-bc29-05da8abc0eac@group-1911E8F06F0C: changes role from      null to FOLLOWER at term 0 for startAsFollower
2022-02-16 13:54:02,382 [pool-299-thread-1] INFO  impl.RoleInfo (RoleInfo.java:updateAndGet(130)) - f85876aa-b1dd-4474-bc29-05da8abc0eac: start f85876aa-b1dd-4474-bc29-05da8abc0eac@group-1911E8F06F0C-FollowerState
2022-02-16 13:54:02,399 [pool-299-thread-1] INFO  util.JmxRegister (JmxRegister.java:tryRegister(44)) - Successfully registered JMX Bean with object name Ratis:service=RaftServer,group=group-1911E8F06F0C,id=f85876aa-b1dd-4474-bc29-05da8abc0eac
2022-02-16 13:54:02,415 [Command processor thread] INFO  ratis.XceiverServerRatis (XceiverServerRatis.java:addGroup(769)) - Created group PipelineID=f535c9f0-6304-4020-a88a-1911e8f06f0c
2022-02-16 13:54:02,415 [Command processor thread] INFO  commandhandler.CreatePipelineCommandHandler (CreatePipelineCommandHandler.java:handle(106)) - Created Pipeline RATIS ONE PipelineID=f535c9f0-6304-4020-a88a-1911e8f06f0c.
2022-02-16 13:54:02,766 [EndpointStateMachine task thread for /127.0.0.1:40707 - 0 ] INFO  ipc.Client (Client.java:handleConnectionFailure(977)) - Retrying connect to server: localhost/127.0.0.1:40707. Already tried 14 time(s); retry policy is RetryUpToMaximumCountWithFixedSleep(maxRetries=15, sleepTime=1000 MILLISECONDS)
2022-02-16 13:54:02,767 [EndpointStateMachine task thread for /127.0.0.1:40707 - 0 ] WARN  statemachine.EndpointStateMachine (EndpointStateMachine.java:logIfNeeded(236)) - Unable to communicate to SCM server at localhost:40707 for past 0 seconds.
java.net.ConnectException: Call From fv-az270-170/10.1.0.5 to localhost:40707 failed on connection exception: java.net.ConnectException: Connection refused; For more details see:  http://wiki.apache.org/hadoop/ConnectionRefused
	at sun.reflect.NativeConstructorAccessorImpl.newInstance0(Native Method)
	at sun.reflect.NativeConstructorAccessorImpl.newInstance(NativeConstructorAccessorImpl.java:62)
	at sun.reflect.DelegatingConstructorAccessorImpl.newInstance(DelegatingConstructorAccessorImpl.java:45)
	at java.lang.reflect.Constructor.newInstance(Constructor.java:423)
	at org.apache.hadoop.net.NetUtils.wrapWithMessage(NetUtils.java:913)
	at org.apache.hadoop.net.NetUtils.wrapException(NetUtils.java:828)
	at org.apache.hadoop.ipc.Client.getRpcResponse(Client.java:1577)
	at org.apache.hadoop.ipc.Client.call(Client.java:1519)
	at org.apache.hadoop.ipc.Client.call(Client.java:1416)
	at org.apache.hadoop.ipc.ProtobufRpcEngine$Invoker.invoke(ProtobufRpcEngine.java:236)
	at org.apache.hadoop.ipc.ProtobufRpcEngine$Invoker.invoke(ProtobufRpcEngine.java:123)
	at com.sun.proxy.$Proxy47.submitRequest(Unknown Source)
	at org.apache.hadoop.ozone.protocolPB.StorageContainerDatanodeProtocolClientSideTranslatorPB.submitRequest(StorageContainerDatanodeProtocolClientSideTranslatorPB.java:117)
	at org.apache.hadoop.ozone.protocolPB.StorageContainerDatanodeProtocolClientSideTranslatorPB.sendHeartbeat(StorageContainerDatanodeProtocolClientSideTranslatorPB.java:149)
	at org.apache.hadoop.ozone.container.common.states.endpoint.HeartbeatEndpointTask.call(HeartbeatEndpointTask.java:179)
	at org.apache.hadoop.ozone.container.common.states.endpoint.HeartbeatEndpointTask.call(HeartbeatEndpointTask.java:82)
	at java.util.concurrent.FutureTask.run(FutureTask.java:266)
	at java.util.concurrent.ThreadPoolExecutor.runWorker(ThreadPoolExecutor.java:1149)
	at java.util.concurrent.ThreadPoolExecutor$Worker.run(ThreadPoolExecutor.java:624)
	at java.lang.Thread.run(Thread.java:748)
Caused by: java.net.ConnectException: Connection refused
	at sun.nio.ch.SocketChannelImpl.checkConnect(Native Method)
	at sun.nio.ch.SocketChannelImpl.finishConnect(SocketChannelImpl.java:716)
	at org.apache.hadoop.net.SocketIOWithTimeout.connect(SocketIOWithTimeout.java:206)
	at org.apache.hadoop.net.NetUtils.connect(NetUtils.java:586)
	at org.apache.hadoop.ipc.Client$Connection.setupConnection(Client.java:701)
	at org.apache.hadoop.ipc.Client$Connection.setupIOstreams(Client.java:822)
	at org.apache.hadoop.ipc.Client$Connection.access$3800(Client.java:414)
	at org.apache.hadoop.ipc.Client.getConnection(Client.java:1647)
	at org.apache.hadoop.ipc.Client.call(Client.java:1463)
	... 12 more
2022-02-16 13:54:02,812 [Listener at 127.0.0.1/42813] INFO  ozone.MiniOzoneClusterImpl (MiniOzoneClusterImpl.java:lambda$waitForClusterToBeReady$0(219)) - Nodes are ready. Got 3 of 3 DN Heartbeats.
2022-02-16 13:54:02,812 [Listener at 127.0.0.1/42813] INFO  ozone.MiniOzoneClusterImpl (MiniOzoneClusterImpl.java:lambda$waitForClusterToBeReady$0(222)) - Waiting for cluster to exit safe mode
2022-02-16 13:54:02,812 [Listener at 127.0.0.1/42813] INFO  ozone.MiniOzoneClusterImpl (MiniOzoneClusterImpl.java:lambda$waitForClusterToBeReady$0(224)) - SCM became leader
2022-02-16 13:54:02,867 [Command processor thread] INFO  server.RaftServer (RaftServerProxy.java:addNew(95)) - 639e78e2-4776-4f8b-889b-5f4caefdc1ac: addNew group-5D6E41825D4D:[639e78e2-4776-4f8b-889b-5f4caefdc1ac|rpc:127.0.0.1:46119|priority:1] returns group-5D6E41825D4D:java.util.concurrent.CompletableFuture@4d7ce527[Not completed]
2022-02-16 13:54:02,868 [pool-320-thread-1] INFO  server.RaftServer$Division (RaftServerImpl.java:<init>(184)) - 639e78e2-4776-4f8b-889b-5f4caefdc1ac: new RaftServerImpl for group-5D6E41825D4D:[639e78e2-4776-4f8b-889b-5f4caefdc1ac|rpc:127.0.0.1:46119|priority:1] with ContainerStateMachine:uninitialized
2022-02-16 13:54:02,869 [pool-320-thread-1] INFO  server.RaftServerConfigKeys (ConfUtils.java:logGet(44)) - raft.server.rpc.timeout.min = 5s (custom)
2022-02-16 13:54:02,869 [pool-320-thread-1] INFO  server.RaftServerConfigKeys (ConfUtils.java:logGet(44)) - raft.server.rpc.timeout.max = 5200ms (custom)
2022-02-16 13:54:02,869 [pool-320-thread-1] INFO  server.RaftServerConfigKeys (ConfUtils.java:logGet(44)) - raft.server.rpc.sleep.time = 25ms (default)
2022-02-16 13:54:02,869 [pool-320-thread-1] INFO  server.RaftServerConfigKeys (ConfUtils.java:logGet(44)) - raft.server.rpc.slowness.timeout = 300s (custom)
2022-02-16 13:54:02,869 [pool-320-thread-1] INFO  server.RaftServerConfigKeys (ConfUtils.java:logGet(44)) - raft.server.leaderelection.leader.step-down.wait-time = 10s (default)
2022-02-16 13:54:02,869 [pool-320-thread-1] INFO  server.RaftServerConfigKeys (ConfUtils.java:logGet(44)) - raft.server.sleep.deviation.threshold = 300ms (default)
2022-02-16 13:54:02,869 [pool-320-thread-1] INFO  server.RaftServerConfigKeys (ConfUtils.java:logGet(44)) - raft.server.log.appender.install.snapshot.enabled = false (custom)
2022-02-16 13:54:02,869 [pool-320-thread-1] INFO  server.RaftServer$Division (ServerState.java:<init>(105)) - 639e78e2-4776-4f8b-889b-5f4caefdc1ac@group-5D6E41825D4D: ConfigurationManager, init=-1: [639e78e2-4776-4f8b-889b-5f4caefdc1ac|rpc:127.0.0.1:46119|priority:1], old=null, confs=<EMPTY_MAP>
2022-02-16 13:54:02,869 [pool-320-thread-1] INFO  server.RaftServerConfigKeys (ConfUtils.java:logGet(44)) - raft.server.storage.dir = [/home/runner/work/ozone/ozone/hadoop-ozone/integration-test/target/test-dir/MiniOzoneClusterImpl-86a05728-24a0-44bd-862c-635bb6b223ca/datanode-2/data/ratis] (custom)
2022-02-16 13:54:02,869 [pool-320-thread-1] INFO  server.RaftServerConfigKeys (ConfUtils.java:logGet(44)) - raft.server.log.corruption.policy = EXCEPTION (default)
2022-02-16 13:54:02,869 [pool-320-thread-1] INFO  server.RaftServerConfigKeys (ConfUtils.java:logGet(44)) - raft.server.storage.free-space.min = 0MB (=0) (default)
2022-02-16 13:54:02,869 [pool-320-thread-1] INFO  storage.RaftStorageDirectory (RaftStorageDirectoryImpl.java:analyzeStorage(135)) - The storage directory /home/runner/work/ozone/ozone/hadoop-ozone/integration-test/target/test-dir/MiniOzoneClusterImpl-86a05728-24a0-44bd-862c-635bb6b223ca/datanode-2/data/ratis/4f936a7f-e9d3-4b99-94e5-5d6e41825d4d does not exist. Creating ...
2022-02-16 13:54:02,871 [pool-320-thread-1] INFO  storage.RaftStorageDirectory (RaftStorageDirectoryImpl.java:tryLock(230)) - Lock on /home/runner/work/ozone/ozone/hadoop-ozone/integration-test/target/test-dir/MiniOzoneClusterImpl-86a05728-24a0-44bd-862c-635bb6b223ca/datanode-2/data/ratis/4f936a7f-e9d3-4b99-94e5-5d6e41825d4d/in_use.lock acquired by nodename 22946@fv-az270-170
2022-02-16 13:54:02,872 [pool-320-thread-1] INFO  storage.RaftStorage (RaftStorageImpl.java:format(89)) - Storage directory /home/runner/work/ozone/ozone/hadoop-ozone/integration-test/target/test-dir/MiniOzoneClusterImpl-86a05728-24a0-44bd-862c-635bb6b223ca/datanode-2/data/ratis/4f936a7f-e9d3-4b99-94e5-5d6e41825d4d has been successfully formatted.
2022-02-16 13:54:02,874 [pool-320-thread-1] INFO  ratis.ContainerStateMachine (ContainerStateMachine.java:loadSnapshot(231)) - group-5D6E41825D4D: The snapshot info is null. Setting the last applied indexto:(t:0, i:~)
2022-02-16 13:54:02,874 [pool-320-thread-1] INFO  server.RaftServerConfigKeys (ConfUtils.java:logGet(44)) - raft.server.notification.no-leader.timeout = 300s (custom)
2022-02-16 13:54:02,874 [pool-320-thread-1] INFO  server.RaftServerConfigKeys (ConfUtils.java:logGet(44)) - raft.server.log.use.memory = false (default)
2022-02-16 13:54:02,875 [pool-320-thread-1] INFO  server.RaftServerConfigKeys (ConfUtils.java:logGet(44)) - raft.server.log.purge.gap = 1000000 (custom)
2022-02-16 13:54:02,875 [pool-320-thread-1] INFO  server.RaftServerConfigKeys (ConfUtils.java:logGet(44)) - raft.server.log.appender.buffer.byte-limit = 33554432 (custom)
2022-02-16 13:54:02,875 [pool-320-thread-1] INFO  server.RaftServerConfigKeys (ConfUtils.java:logGet(44)) - raft.server.log.segment.size.max = 1048576 (custom)
2022-02-16 13:54:02,876 [pool-320-thread-1] INFO  server.RaftServerConfigKeys (ConfUtils.java:logGet(44)) - raft.server.log.segment.cache.num.max = 2 (custom)
2022-02-16 13:54:02,876 [pool-320-thread-1] INFO  server.RaftServerConfigKeys (ConfUtils.java:logGet(44)) - raft.server.log.segment.cache.size.max = 200MB (=209715200) (default)
2022-02-16 13:54:02,876 [pool-320-thread-1] INFO  segmented.SegmentedRaftLogWorker (SegmentedRaftLogWorker.java:<init>(182)) - new 639e78e2-4776-4f8b-889b-5f4caefdc1ac@group-5D6E41825D4D-SegmentedRaftLogWorker for RaftStorageImpl:Storage Directory /home/runner/work/ozone/ozone/hadoop-ozone/integration-test/target/test-dir/MiniOzoneClusterImpl-86a05728-24a0-44bd-862c-635bb6b223ca/datanode-2/data/ratis/4f936a7f-e9d3-4b99-94e5-5d6e41825d4d
2022-02-16 13:54:02,876 [pool-320-thread-1] INFO  server.RaftServerConfigKeys (ConfUtils.java:logGet(44)) - raft.server.log.queue.byte-limit = 4294967296 (custom)
2022-02-16 13:54:02,876 [pool-320-thread-1] INFO  server.RaftServerConfigKeys (ConfUtils.java:logGet(44)) - raft.server.log.queue.element-limit = 1024 (custom)
2022-02-16 13:54:02,876 [pool-320-thread-1] INFO  server.RaftServerConfigKeys (ConfUtils.java:logGet(44)) - raft.server.log.segment.size.max = 1048576 (custom)
2022-02-16 13:54:02,876 [pool-320-thread-1] INFO  server.RaftServerConfigKeys (ConfUtils.java:logGet(44)) - raft.server.log.preallocated.size = 16384 (custom)
2022-02-16 13:54:02,876 [pool-320-thread-1] INFO  server.RaftServerConfigKeys (ConfUtils.java:logGet(44)) - raft.server.log.force.sync.num = 128 (default)
2022-02-16 13:54:02,876 [pool-320-thread-1] INFO  server.RaftServerConfigKeys (ConfUtils.java:logGet(44)) - raft.server.log.statemachine.data.sync = true (default)
2022-02-16 13:54:02,876 [pool-320-thread-1] INFO  server.RaftServerConfigKeys (ConfUtils.java:logGet(44)) - raft.server.log.statemachine.data.sync.timeout = 10s (default)
2022-02-16 13:54:02,876 [pool-320-thread-1] INFO  server.RaftServerConfigKeys (ConfUtils.java:logGet(44)) - raft.server.log.statemachine.data.sync.timeout.retry = -1 (default)
2022-02-16 13:54:02,877 [pool-320-thread-1] INFO  server.RaftServerConfigKeys (ConfUtils.java:logGet(44)) - raft.server.log.write.buffer.size = 1048576 (custom)
2022-02-16 13:54:02,878 [pool-320-thread-1] INFO  server.RaftServerConfigKeys (ConfUtils.java:logGet(44)) - raft.server.log.statemachine.data.caching.enabled = true (custom)
2022-02-16 13:54:02,879 [EventQueue-PipelineReportForPipelineReportHandler] INFO  pipeline.PipelineManagerImpl (PipelineManagerImpl.java:openPipeline(291)) - Pipeline Pipeline[ Id: 4f936a7f-e9d3-4b99-94e5-5d6e41825d4d, Nodes: 639e78e2-4776-4f8b-889b-5f4caefdc1ac{ip: 127.0.0.1, host: localhost, ports: [REPLICATION=42379, RATIS=46119, RATIS_ADMIN=46119, RATIS_SERVER=46119, STANDALONE=38683], networkLocation: /default-rack, certSerialId: null, persistedOpState: IN_SERVICE, persistedOpStateExpiryEpochSec: 0}, ReplicationConfig: RATIS/ONE, State:ALLOCATED, leaderId:639e78e2-4776-4f8b-889b-5f4caefdc1ac, CreationTimestamp2022-02-16T13:53:59.869Z[Etc/UTC]] moved to OPEN state
2022-02-16 13:54:02,883 [pool-320-thread-1] INFO  segmented.SegmentedRaftLogWorker (SegmentedRaftLogWorker.java:lambda$new$0(133)) - 639e78e2-4776-4f8b-889b-5f4caefdc1ac@group-5D6E41825D4D-SegmentedRaftLogWorker: flushIndex: setUnconditionally 0 -> -1
2022-02-16 13:54:02,883 [pool-320-thread-1] INFO  segmented.SegmentedRaftLogWorker (SegmentedRaftLogWorker.java:lambda$new$0(133)) - 639e78e2-4776-4f8b-889b-5f4caefdc1ac@group-5D6E41825D4D-SegmentedRaftLogWorker: safeCacheEvictIndex: setUnconditionally 0 -> -1
2022-02-16 13:54:02,883 [pool-320-thread-1] INFO  server.RaftServerConfigKeys (ConfUtils.java:logGet(44)) - raft.server.snapshot.auto.trigger.enabled = true (custom)
2022-02-16 13:54:02,885 [95249411-7456-4ad4-a209-a7ba9f4cfc6c@group-635BB6B223CA-StateMachineUpdater] INFO  safemode.HealthyPipelineSafeModeRule (HealthyPipelineSafeModeRule.java:initializeRule(152)) - Refreshed total pipeline count is 0, healthy pipeline threshold count is 1
2022-02-16 13:54:02,887 [pool-320-thread-1] INFO  server.RaftServerConfigKeys (ConfUtils.java:logGet(44)) - raft.server.snapshot.auto.trigger.threshold = 10000 (custom)
2022-02-16 13:54:02,889 [pool-320-thread-1] INFO  server.RaftServerConfigKeys (ConfUtils.java:logGet(44)) - raft.server.snapshot.retention.file.num = 5 (custom)
2022-02-16 13:54:02,889 [pool-320-thread-1] INFO  server.RaftServerConfigKeys (ConfUtils.java:logGet(44)) - raft.server.log.purge.upto.snapshot.index = false (default)
2022-02-16 13:54:02,889 [pool-320-thread-1] INFO  server.RaftServerConfigKeys (ConfUtils.java:logGet(44)) - raft.server.retrycache.expirytime = 600000ms (custom)
2022-02-16 13:54:02,889 [pool-320-thread-1] INFO  server.RaftServerConfigKeys (ConfUtils.java:logGet(44)) - raft.server.retrycache.statistics.expirytime = 100μs (default)
2022-02-16 13:54:02,890 [EventQueue-OpenPipelineForHealthyPipelineSafeModeRule] INFO  safemode.SCMSafeModeManager (HealthyPipelineSafeModeRule.java:process(124)) - SCM in safe mode. Healthy pipelines reported count is 0, required healthy pipeline reported count is 1
2022-02-16 13:54:02,890 [pool-320-thread-1] INFO  server.RaftServer$Division (RaftServerImpl.java:start(301)) - 639e78e2-4776-4f8b-889b-5f4caefdc1ac@group-5D6E41825D4D: start as a follower, conf=-1: [639e78e2-4776-4f8b-889b-5f4caefdc1ac|rpc:127.0.0.1:46119|priority:1], old=null
2022-02-16 13:54:02,890 [pool-320-thread-1] INFO  server.RaftServer$Division (RaftServerImpl.java:setRole(290)) - 639e78e2-4776-4f8b-889b-5f4caefdc1ac@group-5D6E41825D4D: changes role from      null to FOLLOWER at term 0 for startAsFollower
2022-02-16 13:54:02,890 [pool-320-thread-1] INFO  impl.RoleInfo (RoleInfo.java:updateAndGet(130)) - 639e78e2-4776-4f8b-889b-5f4caefdc1ac: start 639e78e2-4776-4f8b-889b-5f4caefdc1ac@group-5D6E41825D4D-FollowerState
2022-02-16 13:54:02,891 [pool-320-thread-1] INFO  util.JmxRegister (JmxRegister.java:tryRegister(44)) - Successfully registered JMX Bean with object name Ratis:service=RaftServer,group=group-5D6E41825D4D,id=639e78e2-4776-4f8b-889b-5f4caefdc1ac
2022-02-16 13:54:02,895 [Command processor thread] INFO  ratis.XceiverServerRatis (XceiverServerRatis.java:addGroup(769)) - Created group PipelineID=4f936a7f-e9d3-4b99-94e5-5d6e41825d4d
2022-02-16 13:54:02,895 [Command processor thread] INFO  commandhandler.CreatePipelineCommandHandler (CreatePipelineCommandHandler.java:handle(106)) - Created Pipeline RATIS ONE PipelineID=4f936a7f-e9d3-4b99-94e5-5d6e41825d4d.
2022-02-16 13:54:03,768 [EndpointStateMachine task thread for /127.0.0.1:40707 - 0 ] INFO  ipc.Client (Client.java:handleConnectionFailure(977)) - Retrying connect to server: localhost/127.0.0.1:40707. Already tried 0 time(s); retry policy is RetryUpToMaximumCountWithFixedSleep(maxRetries=15, sleepTime=1000 MILLISECONDS)
2022-02-16 13:54:03,812 [Listener at 127.0.0.1/42813] INFO  ozone.MiniOzoneClusterImpl (MiniOzoneClusterImpl.java:lambda$waitForClusterToBeReady$0(219)) - Nodes are ready. Got 3 of 3 DN Heartbeats.
2022-02-16 13:54:03,812 [Listener at 127.0.0.1/42813] INFO  ozone.MiniOzoneClusterImpl (MiniOzoneClusterImpl.java:lambda$waitForClusterToBeReady$0(222)) - Waiting for cluster to exit safe mode
2022-02-16 13:54:03,812 [Listener at 127.0.0.1/42813] INFO  ozone.MiniOzoneClusterImpl (MiniOzoneClusterImpl.java:lambda$waitForClusterToBeReady$0(224)) - SCM became leader
2022-02-16 13:54:04,769 [EndpointStateMachine task thread for /127.0.0.1:40707 - 0 ] INFO  ipc.Client (Client.java:handleConnectionFailure(977)) - Retrying connect to server: localhost/127.0.0.1:40707. Already tried 1 time(s); retry policy is RetryUpToMaximumCountWithFixedSleep(maxRetries=15, sleepTime=1000 MILLISECONDS)
2022-02-16 13:54:04,813 [Listener at 127.0.0.1/42813] INFO  ozone.MiniOzoneClusterImpl (MiniOzoneClusterImpl.java:lambda$waitForClusterToBeReady$0(219)) - Nodes are ready. Got 3 of 3 DN Heartbeats.
2022-02-16 13:54:04,813 [Listener at 127.0.0.1/42813] INFO  ozone.MiniOzoneClusterImpl (MiniOzoneClusterImpl.java:lambda$waitForClusterToBeReady$0(222)) - Waiting for cluster to exit safe mode
2022-02-16 13:54:04,813 [Listener at 127.0.0.1/42813] INFO  ozone.MiniOzoneClusterImpl (MiniOzoneClusterImpl.java:lambda$waitForClusterToBeReady$0(224)) - SCM became leader
2022-02-16 13:54:05,769 [EndpointStateMachine task thread for /127.0.0.1:40707 - 0 ] INFO  ipc.Client (Client.java:handleConnectionFailure(977)) - Retrying connect to server: localhost/127.0.0.1:40707. Already tried 2 time(s); retry policy is RetryUpToMaximumCountWithFixedSleep(maxRetries=15, sleepTime=1000 MILLISECONDS)
2022-02-16 13:54:05,813 [Listener at 127.0.0.1/42813] INFO  ozone.MiniOzoneClusterImpl (MiniOzoneClusterImpl.java:lambda$waitForClusterToBeReady$0(219)) - Nodes are ready. Got 3 of 3 DN Heartbeats.
2022-02-16 13:54:05,813 [Listener at 127.0.0.1/42813] INFO  ozone.MiniOzoneClusterImpl (MiniOzoneClusterImpl.java:lambda$waitForClusterToBeReady$0(222)) - Waiting for cluster to exit safe mode
2022-02-16 13:54:05,813 [Listener at 127.0.0.1/42813] INFO  ozone.MiniOzoneClusterImpl (MiniOzoneClusterImpl.java:lambda$waitForClusterToBeReady$0(224)) - SCM became leader
2022-02-16 13:54:06,770 [EndpointStateMachine task thread for /127.0.0.1:40707 - 0 ] INFO  ipc.Client (Client.java:handleConnectionFailure(977)) - Retrying connect to server: localhost/127.0.0.1:40707. Already tried 3 time(s); retry policy is RetryUpToMaximumCountWithFixedSleep(maxRetries=15, sleepTime=1000 MILLISECONDS)
2022-02-16 13:54:06,814 [Listener at 127.0.0.1/42813] INFO  ozone.MiniOzoneClusterImpl (MiniOzoneClusterImpl.java:lambda$waitForClusterToBeReady$0(219)) - Nodes are ready. Got 3 of 3 DN Heartbeats.
2022-02-16 13:54:06,814 [Listener at 127.0.0.1/42813] INFO  ozone.MiniOzoneClusterImpl (MiniOzoneClusterImpl.java:lambda$waitForClusterToBeReady$0(222)) - Waiting for cluster to exit safe mode
2022-02-16 13:54:06,814 [Listener at 127.0.0.1/42813] INFO  ozone.MiniOzoneClusterImpl (MiniOzoneClusterImpl.java:lambda$waitForClusterToBeReady$0(224)) - SCM became leader
2022-02-16 13:54:06,997 [1da67b63-4649-4db0-a931-db15f446f8ab@group-E6A00627FA95-FollowerState] INFO  impl.FollowerState (FollowerState.java:run(134)) - 1da67b63-4649-4db0-a931-db15f446f8ab@group-E6A00627FA95-FollowerState: change to CANDIDATE, lastRpcElapsedTime:5156080345ns, electionTimeout:5155ms
2022-02-16 13:54:06,997 [1da67b63-4649-4db0-a931-db15f446f8ab@group-E6A00627FA95-FollowerState] INFO  impl.RoleInfo (RoleInfo.java:shutdownFollowerState(108)) - 1da67b63-4649-4db0-a931-db15f446f8ab: shutdown 1da67b63-4649-4db0-a931-db15f446f8ab@group-E6A00627FA95-FollowerState
2022-02-16 13:54:06,997 [1da67b63-4649-4db0-a931-db15f446f8ab@group-E6A00627FA95-FollowerState] INFO  server.RaftServer$Division (RaftServerImpl.java:setRole(290)) - 1da67b63-4649-4db0-a931-db15f446f8ab@group-E6A00627FA95: changes role from  FOLLOWER to CANDIDATE at term 0 for changeToCandidate
2022-02-16 13:54:06,997 [1da67b63-4649-4db0-a931-db15f446f8ab@group-E6A00627FA95-FollowerState] INFO  server.RaftServerConfigKeys (ConfUtils.java:logGet(44)) - raft.server.leaderelection.pre-vote = false (custom)
2022-02-16 13:54:06,997 [1da67b63-4649-4db0-a931-db15f446f8ab@group-E6A00627FA95-FollowerState] INFO  impl.RoleInfo (RoleInfo.java:updateAndGet(130)) - 1da67b63-4649-4db0-a931-db15f446f8ab: start 1da67b63-4649-4db0-a931-db15f446f8ab@group-E6A00627FA95-LeaderElection22
2022-02-16 13:54:07,019 [1da67b63-4649-4db0-a931-db15f446f8ab@group-E6A00627FA95-LeaderElection22] INFO  impl.LeaderElection (LeaderElection.java:askForVotes(306)) - 1da67b63-4649-4db0-a931-db15f446f8ab@group-E6A00627FA95-LeaderElection22 ELECTION round 0: submit vote requests at term 1 for -1: [1da67b63-4649-4db0-a931-db15f446f8ab|rpc:127.0.0.1:46601|priority:1], old=null
2022-02-16 13:54:07,019 [1da67b63-4649-4db0-a931-db15f446f8ab@group-E6A00627FA95-LeaderElection22] INFO  impl.LeaderElection (LeaderElection.java:askForVotes(308)) - 1da67b63-4649-4db0-a931-db15f446f8ab@group-E6A00627FA95-LeaderElection22 ELECTION round 0: result PASSED (term=1)
2022-02-16 13:54:07,019 [1da67b63-4649-4db0-a931-db15f446f8ab@group-E6A00627FA95-LeaderElection22] INFO  impl.RoleInfo (RoleInfo.java:shutdownLeaderElection(121)) - 1da67b63-4649-4db0-a931-db15f446f8ab: shutdown 1da67b63-4649-4db0-a931-db15f446f8ab@group-E6A00627FA95-LeaderElection22
2022-02-16 13:54:07,019 [1da67b63-4649-4db0-a931-db15f446f8ab@group-E6A00627FA95-LeaderElection22] INFO  server.RaftServer$Division (RaftServerImpl.java:setRole(290)) - 1da67b63-4649-4db0-a931-db15f446f8ab@group-E6A00627FA95: changes role from CANDIDATE to LEADER at term 1 for changeToLeader
2022-02-16 13:54:07,019 [1da67b63-4649-4db0-a931-db15f446f8ab@group-E6A00627FA95-LeaderElection22] INFO  ratis.XceiverServerRatis (XceiverServerRatis.java:handleLeaderChangedNotification(867)) - Leader change notification received for group: group-E6A00627FA95 with new leaderId: 1da67b63-4649-4db0-a931-db15f446f8ab
2022-02-16 13:54:07,020 [1da67b63-4649-4db0-a931-db15f446f8ab@group-E6A00627FA95-LeaderElection22] INFO  server.RaftServer$Division (ServerState.java:setLeader(285)) - 1da67b63-4649-4db0-a931-db15f446f8ab@group-E6A00627FA95: change Leader from null to 1da67b63-4649-4db0-a931-db15f446f8ab at term 1 for becomeLeader, leader elected after 5223ms
2022-02-16 13:54:07,020 [1da67b63-4649-4db0-a931-db15f446f8ab@group-E6A00627FA95-LeaderElection22] INFO  server.RaftServerConfigKeys (ConfUtils.java:logGet(44)) - raft.server.staging.catchup.gap = 1000 (default)
2022-02-16 13:54:07,020 [1da67b63-4649-4db0-a931-db15f446f8ab@group-E6A00627FA95-LeaderElection22] INFO  server.RaftServerConfigKeys (ConfUtils.java:logGet(44)) - raft.server.write.element-limit = 1024 (custom)
2022-02-16 13:54:07,020 [1da67b63-4649-4db0-a931-db15f446f8ab@group-E6A00627FA95-LeaderElection22] INFO  server.RaftServerConfigKeys (ConfUtils.java:logGet(44)) - raft.server.write.byte-limit = 1024 M (=1073741824) (custom)
2022-02-16 13:54:07,020 [1da67b63-4649-4db0-a931-db15f446f8ab@group-E6A00627FA95-LeaderElection22] INFO  server.RaftServerConfigKeys (ConfUtils.java:logGet(44)) - raft.server.watch.timeout = 180s (custom)
2022-02-16 13:54:07,020 [1da67b63-4649-4db0-a931-db15f446f8ab@group-E6A00627FA95-LeaderElection22] INFO  server.RaftServerConfigKeys (ConfUtils.java:logGet(44)) - raft.server.watch.timeout.denomination = 1s (default)
2022-02-16 13:54:07,020 [1da67b63-4649-4db0-a931-db15f446f8ab@group-E6A00627FA95-LeaderElection22] INFO  server.RaftServerConfigKeys (ConfUtils.java:logGet(44)) - raft.server.watch.element-limit = 65536 (default)
2022-02-16 13:54:07,021 [1da67b63-4649-4db0-a931-db15f446f8ab@group-E6A00627FA95-LeaderElection22] INFO  server.RaftServerConfigKeys (ConfUtils.java:logGet(44)) - raft.server.write.element-limit = 1024 (custom)
2022-02-16 13:54:07,021 [1da67b63-4649-4db0-a931-db15f446f8ab@group-E6A00627FA95-LeaderElection22] INFO  server.RaftServerConfigKeys (ConfUtils.java:logGet(44)) - raft.server.write.follower.gap.ratio.max = -1.0 (default)
2022-02-16 13:54:07,021 [1da67b63-4649-4db0-a931-db15f446f8ab@group-E6A00627FA95-LeaderElection22] INFO  impl.RoleInfo (RoleInfo.java:updateAndGet(130)) - 1da67b63-4649-4db0-a931-db15f446f8ab: start 1da67b63-4649-4db0-a931-db15f446f8ab@group-E6A00627FA95-LeaderStateImpl
2022-02-16 13:54:07,021 [1da67b63-4649-4db0-a931-db15f446f8ab@group-E6A00627FA95-LeaderElection22] INFO  segmented.SegmentedRaftLogWorker (SegmentedRaftLogWorker.java:startLogSegment(394)) - 1da67b63-4649-4db0-a931-db15f446f8ab@group-E6A00627FA95-SegmentedRaftLogWorker: Starting segment from index:0
2022-02-16 13:54:07,024 [EventQueue-OpenPipelineForHealthyPipelineSafeModeRule] INFO  safemode.SCMSafeModeManager (HealthyPipelineSafeModeRule.java:process(124)) - SCM in safe mode. Healthy pipelines reported count is 0, required healthy pipeline reported count is 1
2022-02-16 13:54:07,025 [1da67b63-4649-4db0-a931-db15f446f8ab@group-E6A00627FA95-SegmentedRaftLogWorker] INFO  segmented.SegmentedRaftLogWorker (SegmentedRaftLogWorker.java:execute(601)) - 1da67b63-4649-4db0-a931-db15f446f8ab@group-E6A00627FA95-SegmentedRaftLogWorker: created new log segment /home/runner/work/ozone/ozone/hadoop-ozone/integration-test/target/test-dir/MiniOzoneClusterImpl-86a05728-24a0-44bd-862c-635bb6b223ca/datanode-0/data/ratis/5e1cfe0f-9684-41fc-9464-e6a00627fa95/current/log_inprogress_0
2022-02-16 13:54:07,045 [1da67b63-4649-4db0-a931-db15f446f8ab@group-E6A00627FA95-LeaderElection22] INFO  server.RaftServer$Division (ServerState.java:setRaftConf(387)) - 1da67b63-4649-4db0-a931-db15f446f8ab@group-E6A00627FA95: set configuration 0: [1da67b63-4649-4db0-a931-db15f446f8ab|rpc:127.0.0.1:46601|dataStream:|priority:1], old=null
2022-02-16 13:54:07,076 [1da67b63-4649-4db0-a931-db15f446f8ab@group-A8A4ADD531BB-FollowerState] INFO  impl.FollowerState (FollowerState.java:run(134)) - 1da67b63-4649-4db0-a931-db15f446f8ab@group-A8A4ADD531BB-FollowerState: change to CANDIDATE, lastRpcElapsedTime:5175073022ns, electionTimeout:5169ms
2022-02-16 13:54:07,076 [1da67b63-4649-4db0-a931-db15f446f8ab@group-A8A4ADD531BB-FollowerState] INFO  impl.RoleInfo (RoleInfo.java:shutdownFollowerState(108)) - 1da67b63-4649-4db0-a931-db15f446f8ab: shutdown 1da67b63-4649-4db0-a931-db15f446f8ab@group-A8A4ADD531BB-FollowerState
2022-02-16 13:54:07,076 [1da67b63-4649-4db0-a931-db15f446f8ab@group-A8A4ADD531BB-FollowerState] INFO  server.RaftServer$Division (RaftServerImpl.java:setRole(290)) - 1da67b63-4649-4db0-a931-db15f446f8ab@group-A8A4ADD531BB: changes role from  FOLLOWER to CANDIDATE at term 0 for changeToCandidate
2022-02-16 13:54:07,076 [1da67b63-4649-4db0-a931-db15f446f8ab@group-A8A4ADD531BB-FollowerState] INFO  server.RaftServerConfigKeys (ConfUtils.java:logGet(44)) - raft.server.leaderelection.pre-vote = false (custom)
2022-02-16 13:54:07,076 [1da67b63-4649-4db0-a931-db15f446f8ab@group-A8A4ADD531BB-FollowerState] INFO  impl.RoleInfo (RoleInfo.java:updateAndGet(130)) - 1da67b63-4649-4db0-a931-db15f446f8ab: start 1da67b63-4649-4db0-a931-db15f446f8ab@group-A8A4ADD531BB-LeaderElection23
2022-02-16 13:54:07,121 [1da67b63-4649-4db0-a931-db15f446f8ab@group-A8A4ADD531BB-LeaderElection23] INFO  impl.LeaderElection (LeaderElection.java:askForVotes(306)) - 1da67b63-4649-4db0-a931-db15f446f8ab@group-A8A4ADD531BB-LeaderElection23 ELECTION round 0: submit vote requests at term 1 for -1: [1da67b63-4649-4db0-a931-db15f446f8ab|rpc:127.0.0.1:46601|priority:1, f85876aa-b1dd-4474-bc29-05da8abc0eac|rpc:127.0.0.1:39541|priority:0, 639e78e2-4776-4f8b-889b-5f4caefdc1ac|rpc:127.0.0.1:46119|priority:0], old=null
2022-02-16 13:54:07,144 [grpc-default-executor-0] INFO  server.RaftServer$Division (RaftServerImpl.java:requestVote(1046)) - f85876aa-b1dd-4474-bc29-05da8abc0eac@group-A8A4ADD531BB: receive requestVote(ELECTION, 1da67b63-4649-4db0-a931-db15f446f8ab, group-A8A4ADD531BB, 1, (t:0, i:0))
2022-02-16 13:54:07,144 [grpc-default-executor-0] INFO  impl.VoteContext (VoteContext.java:log(48)) - f85876aa-b1dd-4474-bc29-05da8abc0eac@group-A8A4ADD531BB-FOLLOWER: accept ELECTION from 1da67b63-4649-4db0-a931-db15f446f8ab: our priority 0 <= candidate's priority 1
2022-02-16 13:54:07,144 [grpc-default-executor-0] INFO  server.RaftServer$Division (RaftServerImpl.java:setRole(290)) - f85876aa-b1dd-4474-bc29-05da8abc0eac@group-A8A4ADD531BB: changes role from  FOLLOWER to FOLLOWER at term 1 for candidate:1da67b63-4649-4db0-a931-db15f446f8ab
2022-02-16 13:54:07,144 [grpc-default-executor-0] INFO  impl.RoleInfo (RoleInfo.java:shutdownFollowerState(108)) - f85876aa-b1dd-4474-bc29-05da8abc0eac: shutdown f85876aa-b1dd-4474-bc29-05da8abc0eac@group-A8A4ADD531BB-FollowerState
2022-02-16 13:54:07,144 [grpc-default-executor-0] INFO  impl.RoleInfo (RoleInfo.java:updateAndGet(130)) - f85876aa-b1dd-4474-bc29-05da8abc0eac: start f85876aa-b1dd-4474-bc29-05da8abc0eac@group-A8A4ADD531BB-FollowerState
2022-02-16 13:54:07,144 [f85876aa-b1dd-4474-bc29-05da8abc0eac@group-A8A4ADD531BB-FollowerState] INFO  impl.FollowerState (FollowerState.java:run(143)) - f85876aa-b1dd-4474-bc29-05da8abc0eac@group-A8A4ADD531BB-FollowerState was interrupted: {}
java.lang.InterruptedException: sleep interrupted
	at java.lang.Thread.sleep(Native Method)
	at java.lang.Thread.sleep(Thread.java:340)
	at java.util.concurrent.TimeUnit.sleep(TimeUnit.java:386)
	at org.apache.ratis.util.TimeDuration.sleep(TimeDuration.java:324)
	at org.apache.ratis.util.TimeDuration.sleep(TimeDuration.java:309)
	at org.apache.ratis.server.impl.FollowerState.run(FollowerState.java:118)
2022-02-16 13:54:07,146 [grpc-default-executor-0] INFO  server.RaftServer$Division (RaftServerImpl.java:requestVote(1078)) - f85876aa-b1dd-4474-bc29-05da8abc0eac@group-A8A4ADD531BB replies to ELECTION vote request: 1da67b63-4649-4db0-a931-db15f446f8ab<-f85876aa-b1dd-4474-bc29-05da8abc0eac#0:OK-t1. Peer's state: f85876aa-b1dd-4474-bc29-05da8abc0eac@group-A8A4ADD531BB:t1, leader=null, voted=1da67b63-4649-4db0-a931-db15f446f8ab, raftlog=f85876aa-b1dd-4474-bc29-05da8abc0eac@group-A8A4ADD531BB-SegmentedRaftLog:OPENED:c-1, conf=-1: [1da67b63-4649-4db0-a931-db15f446f8ab|rpc:127.0.0.1:46601|dataStream:|priority:1, f85876aa-b1dd-4474-bc29-05da8abc0eac|rpc:127.0.0.1:39541|dataStream:|priority:0, 639e78e2-4776-4f8b-889b-5f4caefdc1ac|rpc:127.0.0.1:46119|dataStream:|priority:0], old=null
2022-02-16 13:54:07,146 [639e78e2-4776-4f8b-889b-5f4caefdc1ac@group-A8A4ADD531BB-FollowerState] INFO  impl.FollowerState (FollowerState.java:run(134)) - 639e78e2-4776-4f8b-889b-5f4caefdc1ac@group-A8A4ADD531BB-FollowerState: change to CANDIDATE, lastRpcElapsedTime:5161690094ns, electionTimeout:5133ms
2022-02-16 13:54:07,146 [639e78e2-4776-4f8b-889b-5f4caefdc1ac@group-A8A4ADD531BB-FollowerState] INFO  impl.RoleInfo (RoleInfo.java:shutdownFollowerState(108)) - 639e78e2-4776-4f8b-889b-5f4caefdc1ac: shutdown 639e78e2-4776-4f8b-889b-5f4caefdc1ac@group-A8A4ADD531BB-FollowerState
2022-02-16 13:54:07,146 [639e78e2-4776-4f8b-889b-5f4caefdc1ac@group-A8A4ADD531BB-FollowerState] INFO  server.RaftServer$Division (RaftServerImpl.java:setRole(290)) - 639e78e2-4776-4f8b-889b-5f4caefdc1ac@group-A8A4ADD531BB: changes role from  FOLLOWER to CANDIDATE at term 0 for changeToCandidate
2022-02-16 13:54:07,147 [639e78e2-4776-4f8b-889b-5f4caefdc1ac@group-A8A4ADD531BB-FollowerState] INFO  server.RaftServerConfigKeys (ConfUtils.java:logGet(44)) - raft.server.leaderelection.pre-vote = false (custom)
2022-02-16 13:54:07,147 [639e78e2-4776-4f8b-889b-5f4caefdc1ac@group-A8A4ADD531BB-FollowerState] INFO  impl.RoleInfo (RoleInfo.java:updateAndGet(130)) - 639e78e2-4776-4f8b-889b-5f4caefdc1ac: start 639e78e2-4776-4f8b-889b-5f4caefdc1ac@group-A8A4ADD531BB-LeaderElection24
2022-02-16 13:54:07,159 [grpc-default-executor-5] INFO  server.RaftServer$Division (RaftServerImpl.java:requestVote(1046)) - 639e78e2-4776-4f8b-889b-5f4caefdc1ac@group-A8A4ADD531BB: receive requestVote(ELECTION, 1da67b63-4649-4db0-a931-db15f446f8ab, group-A8A4ADD531BB, 1, (t:0, i:0))
2022-02-16 13:54:07,167 [1da67b63-4649-4db0-a931-db15f446f8ab@group-A8A4ADD531BB-LeaderElection23] INFO  impl.LeaderElection (LeaderElection.java:logAndReturn(89)) - 1da67b63-4649-4db0-a931-db15f446f8ab@group-A8A4ADD531BB-LeaderElection23: ELECTION PASSED received 1 response(s) and 0 exception(s):
2022-02-16 13:54:07,176 [1da67b63-4649-4db0-a931-db15f446f8ab@group-A8A4ADD531BB-LeaderElection23] INFO  impl.LeaderElection (LeaderElection.java:logAndReturn(93)) -   Response 0: 1da67b63-4649-4db0-a931-db15f446f8ab<-f85876aa-b1dd-4474-bc29-05da8abc0eac#0:OK-t1
2022-02-16 13:54:07,176 [1da67b63-4649-4db0-a931-db15f446f8ab@group-A8A4ADD531BB-LeaderElection23] INFO  impl.LeaderElection (LeaderElection.java:askForVotes(308)) - 1da67b63-4649-4db0-a931-db15f446f8ab@group-A8A4ADD531BB-LeaderElection23 ELECTION round 0: result PASSED
2022-02-16 13:54:07,176 [1da67b63-4649-4db0-a931-db15f446f8ab@group-A8A4ADD531BB-LeaderElection23] INFO  impl.RoleInfo (RoleInfo.java:shutdownLeaderElection(121)) - 1da67b63-4649-4db0-a931-db15f446f8ab: shutdown 1da67b63-4649-4db0-a931-db15f446f8ab@group-A8A4ADD531BB-LeaderElection23
2022-02-16 13:54:07,176 [1da67b63-4649-4db0-a931-db15f446f8ab@group-A8A4ADD531BB-LeaderElection23] INFO  server.RaftServer$Division (RaftServerImpl.java:setRole(290)) - 1da67b63-4649-4db0-a931-db15f446f8ab@group-A8A4ADD531BB: changes role from CANDIDATE to LEADER at term 1 for changeToLeader
2022-02-16 13:54:07,176 [1da67b63-4649-4db0-a931-db15f446f8ab@group-A8A4ADD531BB-LeaderElection23] INFO  ratis.XceiverServerRatis (XceiverServerRatis.java:handleLeaderChangedNotification(867)) - Leader change notification received for group: group-A8A4ADD531BB with new leaderId: 1da67b63-4649-4db0-a931-db15f446f8ab
2022-02-16 13:54:07,176 [1da67b63-4649-4db0-a931-db15f446f8ab@group-A8A4ADD531BB-LeaderElection23] INFO  server.RaftServer$Division (ServerState.java:setLeader(285)) - 1da67b63-4649-4db0-a931-db15f446f8ab@group-A8A4ADD531BB: change Leader from null to 1da67b63-4649-4db0-a931-db15f446f8ab at term 1 for becomeLeader, leader elected after 5311ms
2022-02-16 13:54:07,176 [1da67b63-4649-4db0-a931-db15f446f8ab@group-A8A4ADD531BB-LeaderElection23] INFO  server.RaftServerConfigKeys (ConfUtils.java:logGet(44)) - raft.server.staging.catchup.gap = 1000 (default)
2022-02-16 13:54:07,176 [1da67b63-4649-4db0-a931-db15f446f8ab@group-A8A4ADD531BB-LeaderElection23] INFO  server.RaftServerConfigKeys (ConfUtils.java:logGet(44)) - raft.server.write.element-limit = 1024 (custom)
2022-02-16 13:54:07,177 [1da67b63-4649-4db0-a931-db15f446f8ab@group-A8A4ADD531BB-LeaderElection23] INFO  server.RaftServerConfigKeys (ConfUtils.java:logGet(44)) - raft.server.write.byte-limit = 1024 M (=1073741824) (custom)
2022-02-16 13:54:07,177 [1da67b63-4649-4db0-a931-db15f446f8ab@group-A8A4ADD531BB-LeaderElection23] INFO  server.RaftServerConfigKeys (ConfUtils.java:logGet(44)) - raft.server.watch.timeout = 180s (custom)
2022-02-16 13:54:07,177 [1da67b63-4649-4db0-a931-db15f446f8ab@group-A8A4ADD531BB-LeaderElection23] INFO  server.RaftServerConfigKeys (ConfUtils.java:logGet(44)) - raft.server.watch.timeout.denomination = 1s (default)
2022-02-16 13:54:07,177 [1da67b63-4649-4db0-a931-db15f446f8ab@group-A8A4ADD531BB-LeaderElection23] INFO  server.RaftServerConfigKeys (ConfUtils.java:logGet(44)) - raft.server.watch.element-limit = 65536 (default)
2022-02-16 13:54:07,177 [1da67b63-4649-4db0-a931-db15f446f8ab@group-A8A4ADD531BB-LeaderElection23] INFO  server.RaftServerConfigKeys (ConfUtils.java:logGet(44)) - raft.server.write.element-limit = 1024 (custom)
2022-02-16 13:54:07,177 [1da67b63-4649-4db0-a931-db15f446f8ab@group-A8A4ADD531BB-LeaderElection23] INFO  server.RaftServerConfigKeys (ConfUtils.java:logGet(44)) - raft.server.write.follower.gap.ratio.max = -1.0 (default)
2022-02-16 13:54:07,177 [639e78e2-4776-4f8b-889b-5f4caefdc1ac@group-A8A4ADD531BB-LeaderElection24] INFO  impl.LeaderElection (LeaderElection.java:askForVotes(306)) - 639e78e2-4776-4f8b-889b-5f4caefdc1ac@group-A8A4ADD531BB-LeaderElection24 ELECTION round 0: submit vote requests at term 1 for -1: [1da67b63-4649-4db0-a931-db15f446f8ab|rpc:127.0.0.1:46601|dataStream:|priority:1, f85876aa-b1dd-4474-bc29-05da8abc0eac|rpc:127.0.0.1:39541|dataStream:|priority:0, 639e78e2-4776-4f8b-889b-5f4caefdc1ac|rpc:127.0.0.1:46119|dataStream:|priority:0], old=null
2022-02-16 13:54:07,177 [1da67b63-4649-4db0-a931-db15f446f8ab@group-A8A4ADD531BB-LeaderElection23] INFO  server.RaftServerConfigKeys (ConfUtils.java:logGet(44)) - raft.server.log.appender.snapshot.chunk.size.max = 16MB (=16777216) (default)
2022-02-16 13:54:07,179 [1da67b63-4649-4db0-a931-db15f446f8ab@group-A8A4ADD531BB-LeaderElection23] INFO  server.RaftServerConfigKeys (ConfUtils.java:logGet(44)) - raft.server.log.appender.buffer.byte-limit = 33554432 (custom)
2022-02-16 13:54:07,179 [1da67b63-4649-4db0-a931-db15f446f8ab@group-A8A4ADD531BB-LeaderElection23] INFO  server.RaftServerConfigKeys (ConfUtils.java:logGet(44)) - raft.server.log.appender.buffer.element-limit = 1 (custom)
2022-02-16 13:54:07,181 [EventQueue-PipelineReportForPipelineReportHandler] INFO  pipeline.PipelineManagerImpl (PipelineManagerImpl.java:openPipeline(291)) - Pipeline Pipeline[ Id: 99cf2237-6757-4cc6-8903-a8a4add531bb, Nodes: 639e78e2-4776-4f8b-889b-5f4caefdc1ac{ip: 127.0.0.1, host: localhost, ports: [REPLICATION=42379, RATIS=46119, RATIS_ADMIN=46119, RATIS_SERVER=46119, STANDALONE=38683], networkLocation: /default-rack, certSerialId: null, persistedOpState: IN_SERVICE, persistedOpStateExpiryEpochSec: 0}1da67b63-4649-4db0-a931-db15f446f8ab{ip: 127.0.0.1, host: localhost, ports: [REPLICATION=36911, RATIS=46601, RATIS_ADMIN=46601, RATIS_SERVER=46601, STANDALONE=35705], networkLocation: /default-rack, certSerialId: null, persistedOpState: IN_SERVICE, persistedOpStateExpiryEpochSec: 0}f85876aa-b1dd-4474-bc29-05da8abc0eac{ip: 127.0.0.1, host: localhost, ports: [REPLICATION=43955, RATIS=39541, RATIS_ADMIN=39541, RATIS_SERVER=39541, STANDALONE=41679], networkLocation: /default-rack, certSerialId: null, persistedOpState: IN_SERVICE, persistedOpStateExpiryEpochSec: 0}, ReplicationConfig: RATIS/THREE, State:ALLOCATED, leaderId:1da67b63-4649-4db0-a931-db15f446f8ab, CreationTimestamp2022-02-16T13:53:59.876Z[Etc/UTC]] moved to OPEN state
2022-02-16 13:54:07,204 [grpc-default-executor-5] INFO  impl.VoteContext (VoteContext.java:log(48)) - 639e78e2-4776-4f8b-889b-5f4caefdc1ac@group-A8A4ADD531BB-CANDIDATE: reject ELECTION from 1da67b63-4649-4db0-a931-db15f446f8ab: already has voted for 639e78e2-4776-4f8b-889b-5f4caefdc1ac at current term 1
2022-02-16 13:54:07,205 [grpc-default-executor-5] INFO  server.RaftServer$Division (RaftServerImpl.java:requestVote(1078)) - 639e78e2-4776-4f8b-889b-5f4caefdc1ac@group-A8A4ADD531BB replies to ELECTION vote request: 1da67b63-4649-4db0-a931-db15f446f8ab<-639e78e2-4776-4f8b-889b-5f4caefdc1ac#0:FAIL-t1. Peer's state: 639e78e2-4776-4f8b-889b-5f4caefdc1ac@group-A8A4ADD531BB:t1, leader=null, voted=639e78e2-4776-4f8b-889b-5f4caefdc1ac, raftlog=639e78e2-4776-4f8b-889b-5f4caefdc1ac@group-A8A4ADD531BB-SegmentedRaftLog:OPENED:c-1, conf=-1: [1da67b63-4649-4db0-a931-db15f446f8ab|rpc:127.0.0.1:46601|dataStream:|priority:1, f85876aa-b1dd-4474-bc29-05da8abc0eac|rpc:127.0.0.1:39541|dataStream:|priority:0, 639e78e2-4776-4f8b-889b-5f4caefdc1ac|rpc:127.0.0.1:46119|dataStream:|priority:0], old=null
2022-02-16 13:54:07,204 [1da67b63-4649-4db0-a931-db15f446f8ab@group-A8A4ADD531BB-LeaderElection23] INFO  grpc.GrpcConfigKeys (ConfUtils.java:logGet(44)) - raft.grpc.server.leader.outstanding.appends.max = 128 (default)
2022-02-16 13:54:07,223 [1da67b63-4649-4db0-a931-db15f446f8ab@group-A8A4ADD531BB-LeaderElection23] INFO  server.RaftServerConfigKeys (ConfUtils.java:logGet(44)) - raft.server.rpc.request.timeout = 60s (custom)
2022-02-16 13:54:07,207 [95249411-7456-4ad4-a209-a7ba9f4cfc6c@group-635BB6B223CA-StateMachineUpdater] INFO  safemode.HealthyPipelineSafeModeRule (HealthyPipelineSafeModeRule.java:initializeRule(152)) - Refreshed total pipeline count is 1, healthy pipeline threshold count is 1
2022-02-16 13:54:07,227 [grpc-default-executor-0] INFO  server.RaftServer$Division (RaftServerImpl.java:requestVote(1046)) - f85876aa-b1dd-4474-bc29-05da8abc0eac@group-A8A4ADD531BB: receive requestVote(ELECTION, 639e78e2-4776-4f8b-889b-5f4caefdc1ac, group-A8A4ADD531BB, 1, (t:0, i:0))
2022-02-16 13:54:07,227 [grpc-default-executor-0] INFO  impl.VoteContext (VoteContext.java:log(48)) - f85876aa-b1dd-4474-bc29-05da8abc0eac@group-A8A4ADD531BB-FOLLOWER: reject ELECTION from 639e78e2-4776-4f8b-889b-5f4caefdc1ac: already has voted for 1da67b63-4649-4db0-a931-db15f446f8ab at current term 1
2022-02-16 13:54:07,227 [grpc-default-executor-0] INFO  server.RaftServer$Division (RaftServerImpl.java:requestVote(1078)) - f85876aa-b1dd-4474-bc29-05da8abc0eac@group-A8A4ADD531BB replies to ELECTION vote request: 639e78e2-4776-4f8b-889b-5f4caefdc1ac<-f85876aa-b1dd-4474-bc29-05da8abc0eac#0:FAIL-t1. Peer's state: f85876aa-b1dd-4474-bc29-05da8abc0eac@group-A8A4ADD531BB:t1, leader=null, voted=1da67b63-4649-4db0-a931-db15f446f8ab, raftlog=f85876aa-b1dd-4474-bc29-05da8abc0eac@group-A8A4ADD531BB-SegmentedRaftLog:OPENED:c-1, conf=-1: [1da67b63-4649-4db0-a931-db15f446f8ab|rpc:127.0.0.1:46601|dataStream:|priority:1, f85876aa-b1dd-4474-bc29-05da8abc0eac|rpc:127.0.0.1:39541|dataStream:|priority:0, 639e78e2-4776-4f8b-889b-5f4caefdc1ac|rpc:127.0.0.1:46119|dataStream:|priority:0], old=null
2022-02-16 13:54:07,223 [1da67b63-4649-4db0-a931-db15f446f8ab@group-A8A4ADD531BB-LeaderElection23] INFO  server.RaftServerConfigKeys (ConfUtils.java:logGet(44)) - raft.server.log.appender.install.snapshot.enabled = false (custom)
2022-02-16 13:54:07,227 [EventQueue-OpenPipelineForHealthyPipelineSafeModeRule] INFO  safemode.SCMSafeModeManager (HealthyPipelineSafeModeRule.java:process(124)) - SCM in safe mode. Healthy pipelines reported count is 1, required healthy pipeline reported count is 1
2022-02-16 13:54:07,228 [EventQueue-OpenPipelineForHealthyPipelineSafeModeRule] INFO  safemode.SCMSafeModeManager (SCMSafeModeManager.java:validateSafeModeExitRules(204)) - HealthyPipelineSafeModeRule rule is successfully validated
2022-02-16 13:54:07,228 [EventQueue-OpenPipelineForHealthyPipelineSafeModeRule] INFO  safemode.SCMSafeModeManager (SCMSafeModeManager.java:validateSafeModeExitRules(219)) - ScmSafeModeManager, all rules are successfully validated
2022-02-16 13:54:07,228 [EventQueue-OpenPipelineForHealthyPipelineSafeModeRule] INFO  safemode.SCMSafeModeManager (SCMSafeModeManager.java:exitSafeMode(248)) - SCM exiting safe mode.
2022-02-16 13:54:07,228 [EventQueue-OpenPipelineForHealthyPipelineSafeModeRule] WARN  events.EventQueue (EventQueue.java:fireEvent(194)) - No event handler registered for event TypedEvent{payloadType=SafeModeStatus, name='Safe mode status'}
2022-02-16 13:54:07,228 [EventQueue-OpenPipelineForHealthyPipelineSafeModeRule] INFO  ha.SCMContext (SCMContext.java:updateSafeModeStatus(211)) - Update SafeModeStatus from SafeModeStatus{safeModeStatus=true, preCheckPassed=true} to SafeModeStatus{safeModeStatus=false, preCheckPassed=true}.
2022-02-16 13:54:07,228 [EventQueue-OpenPipelineForHealthyPipelineSafeModeRule] INFO  container.ReplicationManager (ReplicationManager.java:notifyStatusChanged(1807)) - Service ReplicationManager transitions to RUNNING.
2022-02-16 13:54:07,230 [1da67b63-4649-4db0-a931-db15f446f8ab@group-A8A4ADD531BB-LeaderElection23] INFO  server.RaftServerConfigKeys (ConfUtils.java:logGet(44)) - raft.server.log.appender.snapshot.chunk.size.max = 16MB (=16777216) (default)
2022-02-16 13:54:07,230 [1da67b63-4649-4db0-a931-db15f446f8ab@group-A8A4ADD531BB-LeaderElection23] INFO  server.RaftServerConfigKeys (ConfUtils.java:logGet(44)) - raft.server.log.appender.buffer.byte-limit = 33554432 (custom)
2022-02-16 13:54:07,230 [1da67b63-4649-4db0-a931-db15f446f8ab@group-A8A4ADD531BB-LeaderElection23] INFO  server.RaftServerConfigKeys (ConfUtils.java:logGet(44)) - raft.server.log.appender.buffer.element-limit = 1 (custom)
2022-02-16 13:54:07,230 [1da67b63-4649-4db0-a931-db15f446f8ab@group-A8A4ADD531BB-LeaderElection23] INFO  grpc.GrpcConfigKeys (ConfUtils.java:logGet(44)) - raft.grpc.server.leader.outstanding.appends.max = 128 (default)
2022-02-16 13:54:07,230 [1da67b63-4649-4db0-a931-db15f446f8ab@group-A8A4ADD531BB-LeaderElection23] INFO  server.RaftServerConfigKeys (ConfUtils.java:logGet(44)) - raft.server.rpc.request.timeout = 60s (custom)
2022-02-16 13:54:07,230 [1da67b63-4649-4db0-a931-db15f446f8ab@group-A8A4ADD531BB-LeaderElection23] INFO  server.RaftServerConfigKeys (ConfUtils.java:logGet(44)) - raft.server.log.appender.install.snapshot.enabled = false (custom)
2022-02-16 13:54:07,231 [1da67b63-4649-4db0-a931-db15f446f8ab@group-A8A4ADD531BB-LeaderElection23] INFO  impl.RoleInfo (RoleInfo.java:updateAndGet(130)) - 1da67b63-4649-4db0-a931-db15f446f8ab: start 1da67b63-4649-4db0-a931-db15f446f8ab@group-A8A4ADD531BB-LeaderStateImpl
2022-02-16 13:54:07,231 [1da67b63-4649-4db0-a931-db15f446f8ab@group-A8A4ADD531BB-LeaderElection23] INFO  segmented.SegmentedRaftLogWorker (SegmentedRaftLogWorker.java:startLogSegment(394)) - 1da67b63-4649-4db0-a931-db15f446f8ab@group-A8A4ADD531BB-SegmentedRaftLogWorker: Starting segment from index:0
2022-02-16 13:54:07,231 [grpc-default-executor-5] INFO  server.RaftServer$Division (RaftServerImpl.java:requestVote(1046)) - 1da67b63-4649-4db0-a931-db15f446f8ab@group-A8A4ADD531BB: receive requestVote(ELECTION, 639e78e2-4776-4f8b-889b-5f4caefdc1ac, group-A8A4ADD531BB, 1, (t:0, i:0))
2022-02-16 13:54:07,233 [1da67b63-4649-4db0-a931-db15f446f8ab@group-A8A4ADD531BB-SegmentedRaftLogWorker] INFO  segmented.SegmentedRaftLogWorker (SegmentedRaftLogWorker.java:execute(601)) - 1da67b63-4649-4db0-a931-db15f446f8ab@group-A8A4ADD531BB-SegmentedRaftLogWorker: created new log segment /home/runner/work/ozone/ozone/hadoop-ozone/integration-test/target/test-dir/MiniOzoneClusterImpl-86a05728-24a0-44bd-862c-635bb6b223ca/datanode-0/data/ratis/99cf2237-6757-4cc6-8903-a8a4add531bb/current/log_inprogress_0
2022-02-16 13:54:07,243 [grpc-default-executor-3] INFO  server.RaftServer$Division (RaftServerImpl.java:setRole(290)) - 639e78e2-4776-4f8b-889b-5f4caefdc1ac@group-A8A4ADD531BB: changes role from CANDIDATE to FOLLOWER at term 1 for appendEntries
2022-02-16 13:54:07,244 [grpc-default-executor-3] INFO  impl.RoleInfo (RoleInfo.java:shutdownLeaderElection(121)) - 639e78e2-4776-4f8b-889b-5f4caefdc1ac: shutdown 639e78e2-4776-4f8b-889b-5f4caefdc1ac@group-A8A4ADD531BB-LeaderElection24
2022-02-16 13:54:07,244 [grpc-default-executor-3] INFO  impl.RoleInfo (RoleInfo.java:updateAndGet(130)) - 639e78e2-4776-4f8b-889b-5f4caefdc1ac: start 639e78e2-4776-4f8b-889b-5f4caefdc1ac@group-A8A4ADD531BB-FollowerState
2022-02-16 13:54:07,251 [grpc-default-executor-3] INFO  ratis.XceiverServerRatis (XceiverServerRatis.java:handleLeaderChangedNotification(867)) - Leader change notification received for group: group-A8A4ADD531BB with new leaderId: 1da67b63-4649-4db0-a931-db15f446f8ab
2022-02-16 13:54:07,251 [grpc-default-executor-3] INFO  server.RaftServer$Division (ServerState.java:setLeader(285)) - 639e78e2-4776-4f8b-889b-5f4caefdc1ac@group-A8A4ADD531BB: change Leader from null to 1da67b63-4649-4db0-a931-db15f446f8ab at term 1 for appendEntries, leader elected after 5276ms
2022-02-16 13:54:07,294 [grpc-default-executor-3] INFO  server.RaftServer$Division (ServerState.java:setRaftConf(387)) - 639e78e2-4776-4f8b-889b-5f4caefdc1ac@group-A8A4ADD531BB: set configuration 0: [1da67b63-4649-4db0-a931-db15f446f8ab|rpc:127.0.0.1:46601|dataStream:|priority:1, f85876aa-b1dd-4474-bc29-05da8abc0eac|rpc:127.0.0.1:39541|dataStream:|priority:0, 639e78e2-4776-4f8b-889b-5f4caefdc1ac|rpc:127.0.0.1:46119|dataStream:|priority:0], old=null
2022-02-16 13:54:07,294 [grpc-default-executor-3] INFO  segmented.SegmentedRaftLogWorker (SegmentedRaftLogWorker.java:startLogSegment(394)) - 639e78e2-4776-4f8b-889b-5f4caefdc1ac@group-A8A4ADD531BB-SegmentedRaftLogWorker: Starting segment from index:0
2022-02-16 13:54:07,295 [639e78e2-4776-4f8b-889b-5f4caefdc1ac@group-A8A4ADD531BB-LeaderElection24] INFO  impl.LeaderElection (LeaderElection.java:logAndReturn(89)) - 639e78e2-4776-4f8b-889b-5f4caefdc1ac@group-A8A4ADD531BB-LeaderElection24: ELECTION REJECTED received 1 response(s) and 0 exception(s):
2022-02-16 13:54:07,295 [639e78e2-4776-4f8b-889b-5f4caefdc1ac@group-A8A4ADD531BB-LeaderElection24] INFO  impl.LeaderElection (LeaderElection.java:logAndReturn(93)) -   Response 0: 639e78e2-4776-4f8b-889b-5f4caefdc1ac<-f85876aa-b1dd-4474-bc29-05da8abc0eac#0:FAIL-t1
2022-02-16 13:54:07,295 [639e78e2-4776-4f8b-889b-5f4caefdc1ac@group-A8A4ADD531BB-LeaderElection24] INFO  impl.LeaderElection (LeaderElection.java:askForVotes(308)) - 639e78e2-4776-4f8b-889b-5f4caefdc1ac@group-A8A4ADD531BB-LeaderElection24 ELECTION round 0: result REJECTED
2022-02-16 13:54:07,305 [1da67b63-4649-4db0-a931-db15f446f8ab@group-A8A4ADD531BB-LeaderElection23] INFO  server.RaftServer$Division (ServerState.java:setRaftConf(387)) - 1da67b63-4649-4db0-a931-db15f446f8ab@group-A8A4ADD531BB: set configuration 0: [1da67b63-4649-4db0-a931-db15f446f8ab|rpc:127.0.0.1:46601|dataStream:|priority:1, f85876aa-b1dd-4474-bc29-05da8abc0eac|rpc:127.0.0.1:39541|dataStream:|priority:0, 639e78e2-4776-4f8b-889b-5f4caefdc1ac|rpc:127.0.0.1:46119|dataStream:|priority:0], old=null
2022-02-16 13:54:07,305 [grpc-default-executor-5] INFO  impl.VoteContext (VoteContext.java:log(48)) - 1da67b63-4649-4db0-a931-db15f446f8ab@group-A8A4ADD531BB-LEADER: reject ELECTION from 639e78e2-4776-4f8b-889b-5f4caefdc1ac: already has voted for 1da67b63-4649-4db0-a931-db15f446f8ab at current term 1
2022-02-16 13:54:07,305 [grpc-default-executor-5] INFO  server.RaftServer$Division (RaftServerImpl.java:requestVote(1078)) - 1da67b63-4649-4db0-a931-db15f446f8ab@group-A8A4ADD531BB replies to ELECTION vote request: 639e78e2-4776-4f8b-889b-5f4caefdc1ac<-1da67b63-4649-4db0-a931-db15f446f8ab#0:FAIL-t1. Peer's state: 1da67b63-4649-4db0-a931-db15f446f8ab@group-A8A4ADD531BB:t1, leader=1da67b63-4649-4db0-a931-db15f446f8ab, voted=1da67b63-4649-4db0-a931-db15f446f8ab, raftlog=1da67b63-4649-4db0-a931-db15f446f8ab@group-A8A4ADD531BB-SegmentedRaftLog:OPENED:c-1, conf=0: [1da67b63-4649-4db0-a931-db15f446f8ab|rpc:127.0.0.1:46601|dataStream:|priority:1, f85876aa-b1dd-4474-bc29-05da8abc0eac|rpc:127.0.0.1:39541|dataStream:|priority:0, 639e78e2-4776-4f8b-889b-5f4caefdc1ac|rpc:127.0.0.1:46119|dataStream:|priority:0], old=null
2022-02-16 13:54:07,315 [639e78e2-4776-4f8b-889b-5f4caefdc1ac@group-A8A4ADD531BB-SegmentedRaftLogWorker] INFO  segmented.SegmentedRaftLogWorker (SegmentedRaftLogWorker.java:execute(601)) - 639e78e2-4776-4f8b-889b-5f4caefdc1ac@group-A8A4ADD531BB-SegmentedRaftLogWorker: created new log segment /home/runner/work/ozone/ozone/hadoop-ozone/integration-test/target/test-dir/MiniOzoneClusterImpl-86a05728-24a0-44bd-862c-635bb6b223ca/datanode-2/data/ratis/99cf2237-6757-4cc6-8903-a8a4add531bb/current/log_inprogress_0
2022-02-16 13:54:07,327 [grpc-default-executor-5] INFO  ratis.XceiverServerRatis (XceiverServerRatis.java:handleLeaderChangedNotification(867)) - Leader change notification received for group: group-A8A4ADD531BB with new leaderId: 1da67b63-4649-4db0-a931-db15f446f8ab
2022-02-16 13:54:07,330 [grpc-default-executor-5] INFO  server.RaftServer$Division (ServerState.java:setLeader(285)) - f85876aa-b1dd-4474-bc29-05da8abc0eac@group-A8A4ADD531BB: change Leader from null to 1da67b63-4649-4db0-a931-db15f446f8ab at term 1 for appendEntries, leader elected after 5208ms
2022-02-16 13:54:07,331 [grpc-default-executor-5] INFO  server.RaftServer$Division (ServerState.java:setRaftConf(387)) - f85876aa-b1dd-4474-bc29-05da8abc0eac@group-A8A4ADD531BB: set configuration 0: [1da67b63-4649-4db0-a931-db15f446f8ab|rpc:127.0.0.1:46601|dataStream:|priority:1, f85876aa-b1dd-4474-bc29-05da8abc0eac|rpc:127.0.0.1:39541|dataStream:|priority:0, 639e78e2-4776-4f8b-889b-5f4caefdc1ac|rpc:127.0.0.1:46119|dataStream:|priority:0], old=null
2022-02-16 13:54:07,331 [grpc-default-executor-5] INFO  segmented.SegmentedRaftLogWorker (SegmentedRaftLogWorker.java:startLogSegment(394)) - f85876aa-b1dd-4474-bc29-05da8abc0eac@group-A8A4ADD531BB-SegmentedRaftLogWorker: Starting segment from index:0
2022-02-16 13:54:07,333 [f85876aa-b1dd-4474-bc29-05da8abc0eac@group-A8A4ADD531BB-SegmentedRaftLogWorker] INFO  segmented.SegmentedRaftLogWorker (SegmentedRaftLogWorker.java:execute(601)) - f85876aa-b1dd-4474-bc29-05da8abc0eac@group-A8A4ADD531BB-SegmentedRaftLogWorker: created new log segment /home/runner/work/ozone/ozone/hadoop-ozone/integration-test/target/test-dir/MiniOzoneClusterImpl-86a05728-24a0-44bd-862c-635bb6b223ca/datanode-1/data/ratis/99cf2237-6757-4cc6-8903-a8a4add531bb/current/log_inprogress_0
2022-02-16 13:54:07,349 [639e78e2-4776-4f8b-889b-5f4caefdc1ac@group-14CF7FCC0F77-FollowerState] INFO  impl.FollowerState (FollowerState.java:run(134)) - 639e78e2-4776-4f8b-889b-5f4caefdc1ac@group-14CF7FCC0F77-FollowerState: change to CANDIDATE, lastRpcElapsedTime:5115898306ns, electionTimeout:5102ms
2022-02-16 13:54:07,349 [639e78e2-4776-4f8b-889b-5f4caefdc1ac@group-14CF7FCC0F77-FollowerState] INFO  impl.RoleInfo (RoleInfo.java:shutdownFollowerState(108)) - 639e78e2-4776-4f8b-889b-5f4caefdc1ac: shutdown 639e78e2-4776-4f8b-889b-5f4caefdc1ac@group-14CF7FCC0F77-FollowerState
2022-02-16 13:54:07,349 [639e78e2-4776-4f8b-889b-5f4caefdc1ac@group-14CF7FCC0F77-FollowerState] INFO  server.RaftServer$Division (RaftServerImpl.java:setRole(290)) - 639e78e2-4776-4f8b-889b-5f4caefdc1ac@group-14CF7FCC0F77: changes role from  FOLLOWER to CANDIDATE at term 0 for changeToCandidate
2022-02-16 13:54:07,349 [639e78e2-4776-4f8b-889b-5f4caefdc1ac@group-14CF7FCC0F77-FollowerState] INFO  server.RaftServerConfigKeys (ConfUtils.java:logGet(44)) - raft.server.leaderelection.pre-vote = false (custom)
2022-02-16 13:54:07,349 [639e78e2-4776-4f8b-889b-5f4caefdc1ac@group-14CF7FCC0F77-FollowerState] INFO  impl.RoleInfo (RoleInfo.java:updateAndGet(130)) - 639e78e2-4776-4f8b-889b-5f4caefdc1ac: start 639e78e2-4776-4f8b-889b-5f4caefdc1ac@group-14CF7FCC0F77-LeaderElection25
2022-02-16 13:54:07,366 [639e78e2-4776-4f8b-889b-5f4caefdc1ac@group-14CF7FCC0F77-LeaderElection25] INFO  impl.LeaderElection (LeaderElection.java:askForVotes(306)) - 639e78e2-4776-4f8b-889b-5f4caefdc1ac@group-14CF7FCC0F77-LeaderElection25 ELECTION round 0: submit vote requests at term 1 for -1: [1da67b63-4649-4db0-a931-db15f446f8ab|rpc:127.0.0.1:46601|dataStream:|priority:0, f85876aa-b1dd-4474-bc29-05da8abc0eac|rpc:127.0.0.1:39541|dataStream:|priority:0, 639e78e2-4776-4f8b-889b-5f4caefdc1ac|rpc:127.0.0.1:46119|dataStream:|priority:1], old=null
2022-02-16 13:54:07,388 [1da67b63-4649-4db0-a931-db15f446f8ab@group-14CF7FCC0F77-FollowerState] INFO  impl.FollowerState (FollowerState.java:run(134)) - 1da67b63-4649-4db0-a931-db15f446f8ab@group-14CF7FCC0F77-FollowerState: change to CANDIDATE, lastRpcElapsedTime:5202527440ns, electionTimeout:5196ms
2022-02-16 13:54:07,388 [1da67b63-4649-4db0-a931-db15f446f8ab@group-14CF7FCC0F77-FollowerState] INFO  impl.RoleInfo (RoleInfo.java:shutdownFollowerState(108)) - 1da67b63-4649-4db0-a931-db15f446f8ab: shutdown 1da67b63-4649-4db0-a931-db15f446f8ab@group-14CF7FCC0F77-FollowerState
2022-02-16 13:54:07,388 [1da67b63-4649-4db0-a931-db15f446f8ab@group-14CF7FCC0F77-FollowerState] INFO  server.RaftServer$Division (RaftServerImpl.java:setRole(290)) - 1da67b63-4649-4db0-a931-db15f446f8ab@group-14CF7FCC0F77: changes role from  FOLLOWER to CANDIDATE at term 0 for changeToCandidate
2022-02-16 13:54:07,388 [1da67b63-4649-4db0-a931-db15f446f8ab@group-14CF7FCC0F77-FollowerState] INFO  server.RaftServerConfigKeys (ConfUtils.java:logGet(44)) - raft.server.leaderelection.pre-vote = false (custom)
2022-02-16 13:54:07,388 [1da67b63-4649-4db0-a931-db15f446f8ab@group-14CF7FCC0F77-FollowerState] INFO  impl.RoleInfo (RoleInfo.java:updateAndGet(130)) - 1da67b63-4649-4db0-a931-db15f446f8ab: start 1da67b63-4649-4db0-a931-db15f446f8ab@group-14CF7FCC0F77-LeaderElection26
2022-02-16 13:54:07,388 [grpc-default-executor-3] INFO  server.RaftServer$Division (RaftServerImpl.java:requestVote(1046)) - f85876aa-b1dd-4474-bc29-05da8abc0eac@group-14CF7FCC0F77: receive requestVote(ELECTION, 639e78e2-4776-4f8b-889b-5f4caefdc1ac, group-14CF7FCC0F77, 1, (t:0, i:0))
2022-02-16 13:54:07,404 [grpc-default-executor-3] INFO  impl.VoteContext (VoteContext.java:log(48)) - f85876aa-b1dd-4474-bc29-05da8abc0eac@group-14CF7FCC0F77-FOLLOWER: accept ELECTION from 639e78e2-4776-4f8b-889b-5f4caefdc1ac: our priority 0 <= candidate's priority 1
2022-02-16 13:54:07,404 [grpc-default-executor-3] INFO  server.RaftServer$Division (RaftServerImpl.java:setRole(290)) - f85876aa-b1dd-4474-bc29-05da8abc0eac@group-14CF7FCC0F77: changes role from  FOLLOWER to FOLLOWER at term 1 for candidate:639e78e2-4776-4f8b-889b-5f4caefdc1ac
2022-02-16 13:54:07,404 [grpc-default-executor-3] INFO  impl.RoleInfo (RoleInfo.java:shutdownFollowerState(108)) - f85876aa-b1dd-4474-bc29-05da8abc0eac: shutdown f85876aa-b1dd-4474-bc29-05da8abc0eac@group-14CF7FCC0F77-FollowerState
2022-02-16 13:54:07,404 [grpc-default-executor-3] INFO  impl.RoleInfo (RoleInfo.java:updateAndGet(130)) - f85876aa-b1dd-4474-bc29-05da8abc0eac: start f85876aa-b1dd-4474-bc29-05da8abc0eac@group-14CF7FCC0F77-FollowerState
2022-02-16 13:54:07,388 [grpc-default-executor-5] INFO  server.RaftServer$Division (RaftServerImpl.java:requestVote(1046)) - 1da67b63-4649-4db0-a931-db15f446f8ab@group-14CF7FCC0F77: receive requestVote(ELECTION, 639e78e2-4776-4f8b-889b-5f4caefdc1ac, group-14CF7FCC0F77, 1, (t:0, i:0))
2022-02-16 13:54:07,404 [grpc-default-executor-5] INFO  impl.VoteContext (VoteContext.java:log(48)) - 1da67b63-4649-4db0-a931-db15f446f8ab@group-14CF7FCC0F77-CANDIDATE: accept ELECTION from 639e78e2-4776-4f8b-889b-5f4caefdc1ac: our priority 0 <= candidate's priority 1
2022-02-16 13:54:07,404 [grpc-default-executor-5] INFO  server.RaftServer$Division (RaftServerImpl.java:setRole(290)) - 1da67b63-4649-4db0-a931-db15f446f8ab@group-14CF7FCC0F77: changes role from CANDIDATE to FOLLOWER at term 1 for candidate:639e78e2-4776-4f8b-889b-5f4caefdc1ac
2022-02-16 13:54:07,404 [grpc-default-executor-5] INFO  impl.RoleInfo (RoleInfo.java:shutdownLeaderElection(121)) - 1da67b63-4649-4db0-a931-db15f446f8ab: shutdown 1da67b63-4649-4db0-a931-db15f446f8ab@group-14CF7FCC0F77-LeaderElection26
2022-02-16 13:54:07,404 [f85876aa-b1dd-4474-bc29-05da8abc0eac@group-14CF7FCC0F77-FollowerState] INFO  impl.FollowerState (FollowerState.java:run(143)) - f85876aa-b1dd-4474-bc29-05da8abc0eac@group-14CF7FCC0F77-FollowerState was interrupted: {}
java.lang.InterruptedException: sleep interrupted
	at java.lang.Thread.sleep(Native Method)
	at java.lang.Thread.sleep(Thread.java:340)
	at java.util.concurrent.TimeUnit.sleep(TimeUnit.java:386)
	at org.apache.ratis.util.TimeDuration.sleep(TimeDuration.java:324)
	at org.apache.ratis.util.TimeDuration.sleep(TimeDuration.java:309)
	at org.apache.ratis.server.impl.FollowerState.run(FollowerState.java:118)
2022-02-16 13:54:07,406 [grpc-default-executor-5] INFO  impl.RoleInfo (RoleInfo.java:updateAndGet(130)) - 1da67b63-4649-4db0-a931-db15f446f8ab: start 1da67b63-4649-4db0-a931-db15f446f8ab@group-14CF7FCC0F77-FollowerState
2022-02-16 13:54:07,407 [grpc-default-executor-3] INFO  server.RaftServer$Division (RaftServerImpl.java:requestVote(1078)) - f85876aa-b1dd-4474-bc29-05da8abc0eac@group-14CF7FCC0F77 replies to ELECTION vote request: 639e78e2-4776-4f8b-889b-5f4caefdc1ac<-f85876aa-b1dd-4474-bc29-05da8abc0eac#0:OK-t1. Peer's state: f85876aa-b1dd-4474-bc29-05da8abc0eac@group-14CF7FCC0F77:t1, leader=null, voted=639e78e2-4776-4f8b-889b-5f4caefdc1ac, raftlog=f85876aa-b1dd-4474-bc29-05da8abc0eac@group-14CF7FCC0F77-SegmentedRaftLog:OPENED:c-1, conf=-1: [1da67b63-4649-4db0-a931-db15f446f8ab|rpc:127.0.0.1:46601|dataStream:|priority:0, f85876aa-b1dd-4474-bc29-05da8abc0eac|rpc:127.0.0.1:39541|dataStream:|priority:0, 639e78e2-4776-4f8b-889b-5f4caefdc1ac|rpc:127.0.0.1:46119|dataStream:|priority:1], old=null
2022-02-16 13:54:07,415 [639e78e2-4776-4f8b-889b-5f4caefdc1ac@group-14CF7FCC0F77-LeaderElection25] INFO  impl.LeaderElection (LeaderElection.java:logAndReturn(89)) - 639e78e2-4776-4f8b-889b-5f4caefdc1ac@group-14CF7FCC0F77-LeaderElection25: ELECTION PASSED received 1 response(s) and 0 exception(s):
2022-02-16 13:54:07,415 [639e78e2-4776-4f8b-889b-5f4caefdc1ac@group-14CF7FCC0F77-LeaderElection25] INFO  impl.LeaderElection (LeaderElection.java:logAndReturn(93)) -   Response 0: 639e78e2-4776-4f8b-889b-5f4caefdc1ac<-f85876aa-b1dd-4474-bc29-05da8abc0eac#0:OK-t1
2022-02-16 13:54:07,415 [639e78e2-4776-4f8b-889b-5f4caefdc1ac@group-14CF7FCC0F77-LeaderElection25] INFO  impl.LeaderElection (LeaderElection.java:askForVotes(308)) - 639e78e2-4776-4f8b-889b-5f4caefdc1ac@group-14CF7FCC0F77-LeaderElection25 ELECTION round 0: result PASSED
2022-02-16 13:54:07,415 [639e78e2-4776-4f8b-889b-5f4caefdc1ac@group-14CF7FCC0F77-LeaderElection25] INFO  impl.RoleInfo (RoleInfo.java:shutdownLeaderElection(121)) - 639e78e2-4776-4f8b-889b-5f4caefdc1ac: shutdown 639e78e2-4776-4f8b-889b-5f4caefdc1ac@group-14CF7FCC0F77-LeaderElection25
2022-02-16 13:54:07,415 [639e78e2-4776-4f8b-889b-5f4caefdc1ac@group-14CF7FCC0F77-LeaderElection25] INFO  server.RaftServer$Division (RaftServerImpl.java:setRole(290)) - 639e78e2-4776-4f8b-889b-5f4caefdc1ac@group-14CF7FCC0F77: changes role from CANDIDATE to LEADER at term 1 for changeToLeader
2022-02-16 13:54:07,415 [639e78e2-4776-4f8b-889b-5f4caefdc1ac@group-14CF7FCC0F77-LeaderElection25] INFO  ratis.XceiverServerRatis (XceiverServerRatis.java:handleLeaderChangedNotification(867)) - Leader change notification received for group: group-14CF7FCC0F77 with new leaderId: 639e78e2-4776-4f8b-889b-5f4caefdc1ac
2022-02-16 13:54:07,415 [grpc-default-executor-5] INFO  server.RaftServer$Division (RaftServerImpl.java:requestVote(1078)) - 1da67b63-4649-4db0-a931-db15f446f8ab@group-14CF7FCC0F77 replies to ELECTION vote request: 639e78e2-4776-4f8b-889b-5f4caefdc1ac<-1da67b63-4649-4db0-a931-db15f446f8ab#0:OK-t1. Peer's state: 1da67b63-4649-4db0-a931-db15f446f8ab@group-14CF7FCC0F77:t1, leader=null, voted=639e78e2-4776-4f8b-889b-5f4caefdc1ac, raftlog=1da67b63-4649-4db0-a931-db15f446f8ab@group-14CF7FCC0F77-SegmentedRaftLog:OPENED:c-1, conf=-1: [1da67b63-4649-4db0-a931-db15f446f8ab|rpc:127.0.0.1:46601|priority:0, f85876aa-b1dd-4474-bc29-05da8abc0eac|rpc:127.0.0.1:39541|priority:0, 639e78e2-4776-4f8b-889b-5f4caefdc1ac|rpc:127.0.0.1:46119|priority:1], old=null
2022-02-16 13:54:07,416 [639e78e2-4776-4f8b-889b-5f4caefdc1ac@group-14CF7FCC0F77-LeaderElection25] INFO  server.RaftServer$Division (ServerState.java:setLeader(285)) - 639e78e2-4776-4f8b-889b-5f4caefdc1ac@group-14CF7FCC0F77: change Leader from null to 639e78e2-4776-4f8b-889b-5f4caefdc1ac at term 1 for becomeLeader, leader elected after 5200ms
2022-02-16 13:54:07,417 [639e78e2-4776-4f8b-889b-5f4caefdc1ac@group-14CF7FCC0F77-LeaderElection25] INFO  server.RaftServerConfigKeys (ConfUtils.java:logGet(44)) - raft.server.staging.catchup.gap = 1000 (default)
2022-02-16 13:54:07,417 [639e78e2-4776-4f8b-889b-5f4caefdc1ac@group-14CF7FCC0F77-LeaderElection25] INFO  server.RaftServerConfigKeys (ConfUtils.java:logGet(44)) - raft.server.write.element-limit = 1024 (custom)
2022-02-16 13:54:07,417 [639e78e2-4776-4f8b-889b-5f4caefdc1ac@group-14CF7FCC0F77-LeaderElection25] INFO  server.RaftServerConfigKeys (ConfUtils.java:logGet(44)) - raft.server.write.byte-limit = 1024 M (=1073741824) (custom)
2022-02-16 13:54:07,418 [639e78e2-4776-4f8b-889b-5f4caefdc1ac@group-14CF7FCC0F77-LeaderElection25] INFO  server.RaftServerConfigKeys (ConfUtils.java:logGet(44)) - raft.server.watch.timeout = 180s (custom)
2022-02-16 13:54:07,418 [639e78e2-4776-4f8b-889b-5f4caefdc1ac@group-14CF7FCC0F77-LeaderElection25] INFO  server.RaftServerConfigKeys (ConfUtils.java:logGet(44)) - raft.server.watch.timeout.denomination = 1s (default)
2022-02-16 13:54:07,418 [639e78e2-4776-4f8b-889b-5f4caefdc1ac@group-14CF7FCC0F77-LeaderElection25] INFO  server.RaftServerConfigKeys (ConfUtils.java:logGet(44)) - raft.server.watch.element-limit = 65536 (default)
2022-02-16 13:54:07,418 [639e78e2-4776-4f8b-889b-5f4caefdc1ac@group-14CF7FCC0F77-LeaderElection25] INFO  server.RaftServerConfigKeys (ConfUtils.java:logGet(44)) - raft.server.write.element-limit = 1024 (custom)
2022-02-16 13:54:07,418 [639e78e2-4776-4f8b-889b-5f4caefdc1ac@group-14CF7FCC0F77-LeaderElection25] INFO  server.RaftServerConfigKeys (ConfUtils.java:logGet(44)) - raft.server.write.follower.gap.ratio.max = -1.0 (default)
2022-02-16 13:54:07,418 [639e78e2-4776-4f8b-889b-5f4caefdc1ac@group-14CF7FCC0F77-LeaderElection25] INFO  server.RaftServerConfigKeys (ConfUtils.java:logGet(44)) - raft.server.log.appender.snapshot.chunk.size.max = 16MB (=16777216) (default)
2022-02-16 13:54:07,418 [639e78e2-4776-4f8b-889b-5f4caefdc1ac@group-14CF7FCC0F77-LeaderElection25] INFO  server.RaftServerConfigKeys (ConfUtils.java:logGet(44)) - raft.server.log.appender.buffer.byte-limit = 33554432 (custom)
2022-02-16 13:54:07,418 [639e78e2-4776-4f8b-889b-5f4caefdc1ac@group-14CF7FCC0F77-LeaderElection25] INFO  server.RaftServerConfigKeys (ConfUtils.java:logGet(44)) - raft.server.log.appender.buffer.element-limit = 1 (custom)
2022-02-16 13:54:07,418 [639e78e2-4776-4f8b-889b-5f4caefdc1ac@group-14CF7FCC0F77-LeaderElection25] INFO  grpc.GrpcConfigKeys (ConfUtils.java:logGet(44)) - raft.grpc.server.leader.outstanding.appends.max = 128 (default)
2022-02-16 13:54:07,418 [639e78e2-4776-4f8b-889b-5f4caefdc1ac@group-14CF7FCC0F77-LeaderElection25] INFO  server.RaftServerConfigKeys (ConfUtils.java:logGet(44)) - raft.server.rpc.request.timeout = 60s (custom)
2022-02-16 13:54:07,418 [639e78e2-4776-4f8b-889b-5f4caefdc1ac@group-14CF7FCC0F77-LeaderElection25] INFO  server.RaftServerConfigKeys (ConfUtils.java:logGet(44)) - raft.server.log.appender.install.snapshot.enabled = false (custom)
2022-02-16 13:54:07,419 [639e78e2-4776-4f8b-889b-5f4caefdc1ac@group-14CF7FCC0F77-LeaderElection25] INFO  server.RaftServerConfigKeys (ConfUtils.java:logGet(44)) - raft.server.log.appender.snapshot.chunk.size.max = 16MB (=16777216) (default)
2022-02-16 13:54:07,419 [639e78e2-4776-4f8b-889b-5f4caefdc1ac@group-14CF7FCC0F77-LeaderElection25] INFO  server.RaftServerConfigKeys (ConfUtils.java:logGet(44)) - raft.server.log.appender.buffer.byte-limit = 33554432 (custom)
2022-02-16 13:54:07,420 [639e78e2-4776-4f8b-889b-5f4caefdc1ac@group-14CF7FCC0F77-LeaderElection25] INFO  server.RaftServerConfigKeys (ConfUtils.java:logGet(44)) - raft.server.log.appender.buffer.element-limit = 1 (custom)
2022-02-16 13:54:07,420 [639e78e2-4776-4f8b-889b-5f4caefdc1ac@group-14CF7FCC0F77-LeaderElection25] INFO  grpc.GrpcConfigKeys (ConfUtils.java:logGet(44)) - raft.grpc.server.leader.outstanding.appends.max = 128 (default)
2022-02-16 13:54:07,420 [639e78e2-4776-4f8b-889b-5f4caefdc1ac@group-14CF7FCC0F77-LeaderElection25] INFO  server.RaftServerConfigKeys (ConfUtils.java:logGet(44)) - raft.server.rpc.request.timeout = 60s (custom)
2022-02-16 13:54:07,420 [639e78e2-4776-4f8b-889b-5f4caefdc1ac@group-14CF7FCC0F77-LeaderElection25] INFO  server.RaftServerConfigKeys (ConfUtils.java:logGet(44)) - raft.server.log.appender.install.snapshot.enabled = false (custom)
2022-02-16 13:54:07,421 [639e78e2-4776-4f8b-889b-5f4caefdc1ac@group-14CF7FCC0F77-LeaderElection25] INFO  impl.RoleInfo (RoleInfo.java:updateAndGet(130)) - 639e78e2-4776-4f8b-889b-5f4caefdc1ac: start 639e78e2-4776-4f8b-889b-5f4caefdc1ac@group-14CF7FCC0F77-LeaderStateImpl
2022-02-16 13:54:07,431 [639e78e2-4776-4f8b-889b-5f4caefdc1ac@group-14CF7FCC0F77-LeaderElection25] INFO  segmented.SegmentedRaftLogWorker (SegmentedRaftLogWorker.java:startLogSegment(394)) - 639e78e2-4776-4f8b-889b-5f4caefdc1ac@group-14CF7FCC0F77-SegmentedRaftLogWorker: Starting segment from index:0
2022-02-16 13:54:07,432 [EventQueue-PipelineReportForPipelineReportHandler] INFO  pipeline.PipelineManagerImpl (PipelineManagerImpl.java:openPipeline(291)) - Pipeline Pipeline[ Id: 66698711-a050-4ba1-96ed-14cf7fcc0f77, Nodes: 639e78e2-4776-4f8b-889b-5f4caefdc1ac{ip: 127.0.0.1, host: localhost, ports: [REPLICATION=42379, RATIS=46119, RATIS_ADMIN=46119, RATIS_SERVER=46119, STANDALONE=38683], networkLocation: /default-rack, certSerialId: null, persistedOpState: IN_SERVICE, persistedOpStateExpiryEpochSec: 0}1da67b63-4649-4db0-a931-db15f446f8ab{ip: 127.0.0.1, host: localhost, ports: [REPLICATION=36911, RATIS=46601, RATIS_ADMIN=46601, RATIS_SERVER=46601, STANDALONE=35705], networkLocation: /default-rack, certSerialId: null, persistedOpState: IN_SERVICE, persistedOpStateExpiryEpochSec: 0}f85876aa-b1dd-4474-bc29-05da8abc0eac{ip: 127.0.0.1, host: localhost, ports: [REPLICATION=43955, RATIS=39541, RATIS_ADMIN=39541, RATIS_SERVER=39541, STANDALONE=41679], networkLocation: /default-rack, certSerialId: null, persistedOpState: IN_SERVICE, persistedOpStateExpiryEpochSec: 0}, ReplicationConfig: RATIS/THREE, State:ALLOCATED, leaderId:639e78e2-4776-4f8b-889b-5f4caefdc1ac, CreationTimestamp2022-02-16T13:53:59.881Z[Etc/UTC]] moved to OPEN state
2022-02-16 13:54:07,433 [639e78e2-4776-4f8b-889b-5f4caefdc1ac@group-14CF7FCC0F77-SegmentedRaftLogWorker] INFO  segmented.SegmentedRaftLogWorker (SegmentedRaftLogWorker.java:execute(601)) - 639e78e2-4776-4f8b-889b-5f4caefdc1ac@group-14CF7FCC0F77-SegmentedRaftLogWorker: created new log segment /home/runner/work/ozone/ozone/hadoop-ozone/integration-test/target/test-dir/MiniOzoneClusterImpl-86a05728-24a0-44bd-862c-635bb6b223ca/datanode-2/data/ratis/66698711-a050-4ba1-96ed-14cf7fcc0f77/current/log_inprogress_0
2022-02-16 13:54:07,448 [639e78e2-4776-4f8b-889b-5f4caefdc1ac@group-14CF7FCC0F77-LeaderElection25] INFO  server.RaftServer$Division (ServerState.java:setRaftConf(387)) - 639e78e2-4776-4f8b-889b-5f4caefdc1ac@group-14CF7FCC0F77: set configuration 0: [1da67b63-4649-4db0-a931-db15f446f8ab|rpc:127.0.0.1:46601|dataStream:|priority:0, f85876aa-b1dd-4474-bc29-05da8abc0eac|rpc:127.0.0.1:39541|dataStream:|priority:0, 639e78e2-4776-4f8b-889b-5f4caefdc1ac|rpc:127.0.0.1:46119|dataStream:|priority:1], old=null
2022-02-16 13:54:07,448 [grpc-default-executor-3] INFO  ratis.XceiverServerRatis (XceiverServerRatis.java:handleLeaderChangedNotification(867)) - Leader change notification received for group: group-14CF7FCC0F77 with new leaderId: 639e78e2-4776-4f8b-889b-5f4caefdc1ac
2022-02-16 13:54:07,449 [grpc-default-executor-3] INFO  server.RaftServer$Division (ServerState.java:setLeader(285)) - 1da67b63-4649-4db0-a931-db15f446f8ab@group-14CF7FCC0F77: change Leader from null to 639e78e2-4776-4f8b-889b-5f4caefdc1ac at term 1 for appendEntries, leader elected after 5279ms
2022-02-16 13:54:07,463 [grpc-default-executor-3] INFO  server.RaftServer$Division (ServerState.java:setRaftConf(387)) - 1da67b63-4649-4db0-a931-db15f446f8ab@group-14CF7FCC0F77: set configuration 0: [1da67b63-4649-4db0-a931-db15f446f8ab|rpc:127.0.0.1:46601|dataStream:|priority:0, f85876aa-b1dd-4474-bc29-05da8abc0eac|rpc:127.0.0.1:39541|dataStream:|priority:0, 639e78e2-4776-4f8b-889b-5f4caefdc1ac|rpc:127.0.0.1:46119|dataStream:|priority:1], old=null
2022-02-16 13:54:07,464 [grpc-default-executor-3] INFO  segmented.SegmentedRaftLogWorker (SegmentedRaftLogWorker.java:startLogSegment(394)) - 1da67b63-4649-4db0-a931-db15f446f8ab@group-14CF7FCC0F77-SegmentedRaftLogWorker: Starting segment from index:0
2022-02-16 13:54:07,465 [grpc-default-executor-3] INFO  ratis.XceiverServerRatis (XceiverServerRatis.java:handleLeaderChangedNotification(867)) - Leader change notification received for group: group-14CF7FCC0F77 with new leaderId: 639e78e2-4776-4f8b-889b-5f4caefdc1ac
2022-02-16 13:54:07,465 [grpc-default-executor-3] INFO  server.RaftServer$Division (ServerState.java:setLeader(285)) - f85876aa-b1dd-4474-bc29-05da8abc0eac@group-14CF7FCC0F77: change Leader from null to 639e78e2-4776-4f8b-889b-5f4caefdc1ac at term 1 for appendEntries, leader elected after 5172ms
2022-02-16 13:54:07,466 [1da67b63-4649-4db0-a931-db15f446f8ab@group-14CF7FCC0F77-SegmentedRaftLogWorker] INFO  segmented.SegmentedRaftLogWorker (SegmentedRaftLogWorker.java:execute(601)) - 1da67b63-4649-4db0-a931-db15f446f8ab@group-14CF7FCC0F77-SegmentedRaftLogWorker: created new log segment /home/runner/work/ozone/ozone/hadoop-ozone/integration-test/target/test-dir/MiniOzoneClusterImpl-86a05728-24a0-44bd-862c-635bb6b223ca/datanode-0/data/ratis/66698711-a050-4ba1-96ed-14cf7fcc0f77/current/log_inprogress_0
2022-02-16 13:54:07,519 [grpc-default-executor-3] INFO  server.RaftServer$Division (ServerState.java:setRaftConf(387)) - f85876aa-b1dd-4474-bc29-05da8abc0eac@group-14CF7FCC0F77: set configuration 0: [1da67b63-4649-4db0-a931-db15f446f8ab|rpc:127.0.0.1:46601|dataStream:|priority:0, f85876aa-b1dd-4474-bc29-05da8abc0eac|rpc:127.0.0.1:39541|dataStream:|priority:0, 639e78e2-4776-4f8b-889b-5f4caefdc1ac|rpc:127.0.0.1:46119|dataStream:|priority:1], old=null
2022-02-16 13:54:07,520 [grpc-default-executor-3] INFO  segmented.SegmentedRaftLogWorker (SegmentedRaftLogWorker.java:startLogSegment(394)) - f85876aa-b1dd-4474-bc29-05da8abc0eac@group-14CF7FCC0F77-SegmentedRaftLogWorker: Starting segment from index:0
2022-02-16 13:54:07,521 [f85876aa-b1dd-4474-bc29-05da8abc0eac@group-14CF7FCC0F77-SegmentedRaftLogWorker] INFO  segmented.SegmentedRaftLogWorker (SegmentedRaftLogWorker.java:execute(601)) - f85876aa-b1dd-4474-bc29-05da8abc0eac@group-14CF7FCC0F77-SegmentedRaftLogWorker: created new log segment /home/runner/work/ozone/ozone/hadoop-ozone/integration-test/target/test-dir/MiniOzoneClusterImpl-86a05728-24a0-44bd-862c-635bb6b223ca/datanode-1/data/ratis/66698711-a050-4ba1-96ed-14cf7fcc0f77/current/log_inprogress_0
2022-02-16 13:54:07,563 [f85876aa-b1dd-4474-bc29-05da8abc0eac@group-1911E8F06F0C-FollowerState] INFO  impl.FollowerState (FollowerState.java:run(134)) - f85876aa-b1dd-4474-bc29-05da8abc0eac@group-1911E8F06F0C-FollowerState: change to CANDIDATE, lastRpcElapsedTime:5180526615ns, electionTimeout:5144ms
2022-02-16 13:54:07,563 [f85876aa-b1dd-4474-bc29-05da8abc0eac@group-1911E8F06F0C-FollowerState] INFO  impl.RoleInfo (RoleInfo.java:shutdownFollowerState(108)) - f85876aa-b1dd-4474-bc29-05da8abc0eac: shutdown f85876aa-b1dd-4474-bc29-05da8abc0eac@group-1911E8F06F0C-FollowerState
2022-02-16 13:54:07,563 [f85876aa-b1dd-4474-bc29-05da8abc0eac@group-1911E8F06F0C-FollowerState] INFO  server.RaftServer$Division (RaftServerImpl.java:setRole(290)) - f85876aa-b1dd-4474-bc29-05da8abc0eac@group-1911E8F06F0C: changes role from  FOLLOWER to CANDIDATE at term 0 for changeToCandidate
2022-02-16 13:54:07,563 [f85876aa-b1dd-4474-bc29-05da8abc0eac@group-1911E8F06F0C-FollowerState] INFO  server.RaftServerConfigKeys (ConfUtils.java:logGet(44)) - raft.server.leaderelection.pre-vote = false (custom)
2022-02-16 13:54:07,563 [f85876aa-b1dd-4474-bc29-05da8abc0eac@group-1911E8F06F0C-FollowerState] INFO  impl.RoleInfo (RoleInfo.java:updateAndGet(130)) - f85876aa-b1dd-4474-bc29-05da8abc0eac: start f85876aa-b1dd-4474-bc29-05da8abc0eac@group-1911E8F06F0C-LeaderElection27
2022-02-16 13:54:07,579 [f85876aa-b1dd-4474-bc29-05da8abc0eac@group-1911E8F06F0C-LeaderElection27] INFO  impl.LeaderElection (LeaderElection.java:askForVotes(306)) - f85876aa-b1dd-4474-bc29-05da8abc0eac@group-1911E8F06F0C-LeaderElection27 ELECTION round 0: submit vote requests at term 1 for -1: [f85876aa-b1dd-4474-bc29-05da8abc0eac|rpc:127.0.0.1:39541|priority:1], old=null
2022-02-16 13:54:07,580 [f85876aa-b1dd-4474-bc29-05da8abc0eac@group-1911E8F06F0C-LeaderElection27] INFO  impl.LeaderElection (LeaderElection.java:askForVotes(308)) - f85876aa-b1dd-4474-bc29-05da8abc0eac@group-1911E8F06F0C-LeaderElection27 ELECTION round 0: result PASSED (term=1)
2022-02-16 13:54:07,580 [f85876aa-b1dd-4474-bc29-05da8abc0eac@group-1911E8F06F0C-LeaderElection27] INFO  impl.RoleInfo (RoleInfo.java:shutdownLeaderElection(121)) - f85876aa-b1dd-4474-bc29-05da8abc0eac: shutdown f85876aa-b1dd-4474-bc29-05da8abc0eac@group-1911E8F06F0C-LeaderElection27
2022-02-16 13:54:07,580 [f85876aa-b1dd-4474-bc29-05da8abc0eac@group-1911E8F06F0C-LeaderElection27] INFO  server.RaftServer$Division (RaftServerImpl.java:setRole(290)) - f85876aa-b1dd-4474-bc29-05da8abc0eac@group-1911E8F06F0C: changes role from CANDIDATE to LEADER at term 1 for changeToLeader
2022-02-16 13:54:07,580 [f85876aa-b1dd-4474-bc29-05da8abc0eac@group-1911E8F06F0C-LeaderElection27] INFO  ratis.XceiverServerRatis (XceiverServerRatis.java:handleLeaderChangedNotification(867)) - Leader change notification received for group: group-1911E8F06F0C with new leaderId: f85876aa-b1dd-4474-bc29-05da8abc0eac
2022-02-16 13:54:07,580 [f85876aa-b1dd-4474-bc29-05da8abc0eac@group-1911E8F06F0C-LeaderElection27] INFO  server.RaftServer$Division (ServerState.java:setLeader(285)) - f85876aa-b1dd-4474-bc29-05da8abc0eac@group-1911E8F06F0C: change Leader from null to f85876aa-b1dd-4474-bc29-05da8abc0eac at term 1 for becomeLeader, leader elected after 5217ms
2022-02-16 13:54:07,580 [f85876aa-b1dd-4474-bc29-05da8abc0eac@group-1911E8F06F0C-LeaderElection27] INFO  server.RaftServerConfigKeys (ConfUtils.java:logGet(44)) - raft.server.staging.catchup.gap = 1000 (default)
2022-02-16 13:54:07,582 [f85876aa-b1dd-4474-bc29-05da8abc0eac@group-1911E8F06F0C-LeaderElection27] INFO  server.RaftServerConfigKeys (ConfUtils.java:logGet(44)) - raft.server.write.element-limit = 1024 (custom)
2022-02-16 13:54:07,583 [f85876aa-b1dd-4474-bc29-05da8abc0eac@group-1911E8F06F0C-LeaderElection27] INFO  server.RaftServerConfigKeys (ConfUtils.java:logGet(44)) - raft.server.write.byte-limit = 1024 M (=1073741824) (custom)
2022-02-16 13:54:07,583 [f85876aa-b1dd-4474-bc29-05da8abc0eac@group-1911E8F06F0C-LeaderElection27] INFO  server.RaftServerConfigKeys (ConfUtils.java:logGet(44)) - raft.server.watch.timeout = 180s (custom)
2022-02-16 13:54:07,583 [f85876aa-b1dd-4474-bc29-05da8abc0eac@group-1911E8F06F0C-LeaderElection27] INFO  server.RaftServerConfigKeys (ConfUtils.java:logGet(44)) - raft.server.watch.timeout.denomination = 1s (default)
2022-02-16 13:54:07,583 [f85876aa-b1dd-4474-bc29-05da8abc0eac@group-1911E8F06F0C-LeaderElection27] INFO  server.RaftServerConfigKeys (ConfUtils.java:logGet(44)) - raft.server.watch.element-limit = 65536 (default)
2022-02-16 13:54:07,583 [f85876aa-b1dd-4474-bc29-05da8abc0eac@group-1911E8F06F0C-LeaderElection27] INFO  server.RaftServerConfigKeys (ConfUtils.java:logGet(44)) - raft.server.write.element-limit = 1024 (custom)
2022-02-16 13:54:07,584 [f85876aa-b1dd-4474-bc29-05da8abc0eac@group-1911E8F06F0C-LeaderElection27] INFO  server.RaftServerConfigKeys (ConfUtils.java:logGet(44)) - raft.server.write.follower.gap.ratio.max = -1.0 (default)
2022-02-16 13:54:07,584 [f85876aa-b1dd-4474-bc29-05da8abc0eac@group-1911E8F06F0C-LeaderElection27] INFO  impl.RoleInfo (RoleInfo.java:updateAndGet(130)) - f85876aa-b1dd-4474-bc29-05da8abc0eac: start f85876aa-b1dd-4474-bc29-05da8abc0eac@group-1911E8F06F0C-LeaderStateImpl
2022-02-16 13:54:07,585 [f85876aa-b1dd-4474-bc29-05da8abc0eac@group-1911E8F06F0C-LeaderElection27] INFO  segmented.SegmentedRaftLogWorker (SegmentedRaftLogWorker.java:startLogSegment(394)) - f85876aa-b1dd-4474-bc29-05da8abc0eac@group-1911E8F06F0C-SegmentedRaftLogWorker: Starting segment from index:0
2022-02-16 13:54:07,594 [f85876aa-b1dd-4474-bc29-05da8abc0eac@group-1911E8F06F0C-SegmentedRaftLogWorker] INFO  segmented.SegmentedRaftLogWorker (SegmentedRaftLogWorker.java:execute(601)) - f85876aa-b1dd-4474-bc29-05da8abc0eac@group-1911E8F06F0C-SegmentedRaftLogWorker: created new log segment /home/runner/work/ozone/ozone/hadoop-ozone/integration-test/target/test-dir/MiniOzoneClusterImpl-86a05728-24a0-44bd-862c-635bb6b223ca/datanode-1/data/ratis/f535c9f0-6304-4020-a88a-1911e8f06f0c/current/log_inprogress_0
2022-02-16 13:54:07,599 [f85876aa-b1dd-4474-bc29-05da8abc0eac@group-1911E8F06F0C-LeaderElection27] INFO  server.RaftServer$Division (ServerState.java:setRaftConf(387)) - f85876aa-b1dd-4474-bc29-05da8abc0eac@group-1911E8F06F0C: set configuration 0: [f85876aa-b1dd-4474-bc29-05da8abc0eac|rpc:127.0.0.1:39541|dataStream:|priority:1], old=null
2022-02-16 13:54:07,771 [EndpointStateMachine task thread for /127.0.0.1:40707 - 0 ] INFO  ipc.Client (Client.java:handleConnectionFailure(977)) - Retrying connect to server: localhost/127.0.0.1:40707. Already tried 4 time(s); retry policy is RetryUpToMaximumCountWithFixedSleep(maxRetries=15, sleepTime=1000 MILLISECONDS)
2022-02-16 13:54:07,814 [Listener at 127.0.0.1/42813] INFO  ozone.MiniOzoneClusterImpl (MiniOzoneClusterImpl.java:lambda$waitForClusterToBeReady$0(219)) - Nodes are ready. Got 3 of 3 DN Heartbeats.
2022-02-16 13:54:07,814 [Listener at 127.0.0.1/42813] INFO  ozone.MiniOzoneClusterImpl (MiniOzoneClusterImpl.java:lambda$waitForClusterToBeReady$0(222)) - Cluster exits safe mode
2022-02-16 13:54:07,814 [Listener at 127.0.0.1/42813] INFO  ozone.MiniOzoneClusterImpl (MiniOzoneClusterImpl.java:lambda$waitForClusterToBeReady$0(224)) - SCM became leader
2022-02-16 13:54:07,816 [Listener at 127.0.0.1/42813] INFO  rpc.RpcClient (RpcClient.java:createVolume(399)) - Creating Volume: volume63332, with runner as owner and space quota set to -1 bytes, counts quota set to -1
2022-02-16 13:54:07,858 [OM StateMachine ApplyTransaction Thread - 0] INFO  volume.OMVolumeCreateRequest (OMVolumeCreateRequest.java:validateAndUpdateCache(195)) - created volume:volume63332 for user:runner
2022-02-16 13:54:07,883 [Listener at 127.0.0.1/42813] INFO  rpc.RpcClient (RpcClient.java:createBucket(562)) - Creating Bucket: volume63332/bucket78818, with runner as owner and Versioning false and Storage Type set to DISK and Encryption set to false 
2022-02-16 13:54:07,962 [IPC Server handler 6 on default port 32773] INFO  ha.SequenceIdGenerator (SequenceIdGenerator.java:getNextId(127)) - Allocate a batch for containerId, change lastId from 0 to 1000.
2022-02-16 13:54:07,965 [95249411-7456-4ad4-a209-a7ba9f4cfc6c@group-635BB6B223CA-StateMachineUpdater] WARN  ha.SequenceIdGenerator (SequenceIdGenerator.java:allocateBatch(235)) - Failed to allocate a batch for localId, expected lastId is 0, actual lastId is 109611004723200000.
2022-02-16 13:54:07,966 [IPC Server handler 6 on default port 32773] INFO  ha.SequenceIdGenerator (SequenceIdGenerator.java:getNextId(127)) - Allocate a batch for localId, change lastId from 109611004723200000 to 109611004723201000.
2022-02-16 13:54:08,066 [639e78e2-4776-4f8b-889b-5f4caefdc1ac@group-5D6E41825D4D-FollowerState] INFO  impl.FollowerState (FollowerState.java:run(134)) - 639e78e2-4776-4f8b-889b-5f4caefdc1ac@group-5D6E41825D4D-FollowerState: change to CANDIDATE, lastRpcElapsedTime:5176124206ns, electionTimeout:5175ms
2022-02-16 13:54:08,067 [639e78e2-4776-4f8b-889b-5f4caefdc1ac@group-5D6E41825D4D-FollowerState] INFO  impl.RoleInfo (RoleInfo.java:shutdownFollowerState(108)) - 639e78e2-4776-4f8b-889b-5f4caefdc1ac: shutdown 639e78e2-4776-4f8b-889b-5f4caefdc1ac@group-5D6E41825D4D-FollowerState
2022-02-16 13:54:08,067 [639e78e2-4776-4f8b-889b-5f4caefdc1ac@group-5D6E41825D4D-FollowerState] INFO  server.RaftServer$Division (RaftServerImpl.java:setRole(290)) - 639e78e2-4776-4f8b-889b-5f4caefdc1ac@group-5D6E41825D4D: changes role from  FOLLOWER to CANDIDATE at term 0 for changeToCandidate
2022-02-16 13:54:08,067 [639e78e2-4776-4f8b-889b-5f4caefdc1ac@group-5D6E41825D4D-FollowerState] INFO  server.RaftServerConfigKeys (ConfUtils.java:logGet(44)) - raft.server.leaderelection.pre-vote = false (custom)
2022-02-16 13:54:08,067 [639e78e2-4776-4f8b-889b-5f4caefdc1ac@group-5D6E41825D4D-FollowerState] INFO  impl.RoleInfo (RoleInfo.java:updateAndGet(130)) - 639e78e2-4776-4f8b-889b-5f4caefdc1ac: start 639e78e2-4776-4f8b-889b-5f4caefdc1ac@group-5D6E41825D4D-LeaderElection28
2022-02-16 13:54:08,091 [639e78e2-4776-4f8b-889b-5f4caefdc1ac@group-5D6E41825D4D-LeaderElection28] INFO  impl.LeaderElection (LeaderElection.java:askForVotes(306)) - 639e78e2-4776-4f8b-889b-5f4caefdc1ac@group-5D6E41825D4D-LeaderElection28 ELECTION round 0: submit vote requests at term 1 for -1: [639e78e2-4776-4f8b-889b-5f4caefdc1ac|rpc:127.0.0.1:46119|priority:1], old=null
2022-02-16 13:54:08,091 [639e78e2-4776-4f8b-889b-5f4caefdc1ac@group-5D6E41825D4D-LeaderElection28] INFO  impl.LeaderElection (LeaderElection.java:askForVotes(308)) - 639e78e2-4776-4f8b-889b-5f4caefdc1ac@group-5D6E41825D4D-LeaderElection28 ELECTION round 0: result PASSED (term=1)
2022-02-16 13:54:08,091 [639e78e2-4776-4f8b-889b-5f4caefdc1ac@group-5D6E41825D4D-LeaderElection28] INFO  impl.RoleInfo (RoleInfo.java:shutdownLeaderElection(121)) - 639e78e2-4776-4f8b-889b-5f4caefdc1ac: shutdown 639e78e2-4776-4f8b-889b-5f4caefdc1ac@group-5D6E41825D4D-LeaderElection28
2022-02-16 13:54:08,091 [639e78e2-4776-4f8b-889b-5f4caefdc1ac@group-5D6E41825D4D-LeaderElection28] INFO  server.RaftServer$Division (RaftServerImpl.java:setRole(290)) - 639e78e2-4776-4f8b-889b-5f4caefdc1ac@group-5D6E41825D4D: changes role from CANDIDATE to LEADER at term 1 for changeToLeader
2022-02-16 13:54:08,091 [639e78e2-4776-4f8b-889b-5f4caefdc1ac@group-5D6E41825D4D-LeaderElection28] INFO  ratis.XceiverServerRatis (XceiverServerRatis.java:handleLeaderChangedNotification(867)) - Leader change notification received for group: group-5D6E41825D4D with new leaderId: 639e78e2-4776-4f8b-889b-5f4caefdc1ac
2022-02-16 13:54:08,091 [639e78e2-4776-4f8b-889b-5f4caefdc1ac@group-5D6E41825D4D-LeaderElection28] INFO  server.RaftServer$Division (ServerState.java:setLeader(285)) - 639e78e2-4776-4f8b-889b-5f4caefdc1ac@group-5D6E41825D4D: change Leader from null to 639e78e2-4776-4f8b-889b-5f4caefdc1ac at term 1 for becomeLeader, leader elected after 5216ms
2022-02-16 13:54:08,091 [639e78e2-4776-4f8b-889b-5f4caefdc1ac@group-5D6E41825D4D-LeaderElection28] INFO  server.RaftServerConfigKeys (ConfUtils.java:logGet(44)) - raft.server.staging.catchup.gap = 1000 (default)
2022-02-16 13:54:08,092 [639e78e2-4776-4f8b-889b-5f4caefdc1ac@group-5D6E41825D4D-LeaderElection28] INFO  server.RaftServerConfigKeys (ConfUtils.java:logGet(44)) - raft.server.write.element-limit = 1024 (custom)
2022-02-16 13:54:08,092 [639e78e2-4776-4f8b-889b-5f4caefdc1ac@group-5D6E41825D4D-LeaderElection28] INFO  server.RaftServerConfigKeys (ConfUtils.java:logGet(44)) - raft.server.write.byte-limit = 1024 M (=1073741824) (custom)
2022-02-16 13:54:08,092 [639e78e2-4776-4f8b-889b-5f4caefdc1ac@group-5D6E41825D4D-LeaderElection28] INFO  server.RaftServerConfigKeys (ConfUtils.java:logGet(44)) - raft.server.watch.timeout = 180s (custom)
2022-02-16 13:54:08,092 [639e78e2-4776-4f8b-889b-5f4caefdc1ac@group-5D6E41825D4D-LeaderElection28] INFO  server.RaftServerConfigKeys (ConfUtils.java:logGet(44)) - raft.server.watch.timeout.denomination = 1s (default)
2022-02-16 13:54:08,092 [639e78e2-4776-4f8b-889b-5f4caefdc1ac@group-5D6E41825D4D-LeaderElection28] INFO  server.RaftServerConfigKeys (ConfUtils.java:logGet(44)) - raft.server.watch.element-limit = 65536 (default)
2022-02-16 13:54:08,092 [639e78e2-4776-4f8b-889b-5f4caefdc1ac@group-5D6E41825D4D-LeaderElection28] INFO  server.RaftServerConfigKeys (ConfUtils.java:logGet(44)) - raft.server.write.element-limit = 1024 (custom)
2022-02-16 13:54:08,092 [639e78e2-4776-4f8b-889b-5f4caefdc1ac@group-5D6E41825D4D-LeaderElection28] INFO  server.RaftServerConfigKeys (ConfUtils.java:logGet(44)) - raft.server.write.follower.gap.ratio.max = -1.0 (default)
2022-02-16 13:54:08,092 [639e78e2-4776-4f8b-889b-5f4caefdc1ac@group-5D6E41825D4D-LeaderElection28] INFO  impl.RoleInfo (RoleInfo.java:updateAndGet(130)) - 639e78e2-4776-4f8b-889b-5f4caefdc1ac: start 639e78e2-4776-4f8b-889b-5f4caefdc1ac@group-5D6E41825D4D-LeaderStateImpl
2022-02-16 13:54:08,093 [639e78e2-4776-4f8b-889b-5f4caefdc1ac@group-5D6E41825D4D-LeaderElection28] INFO  segmented.SegmentedRaftLogWorker (SegmentedRaftLogWorker.java:startLogSegment(394)) - 639e78e2-4776-4f8b-889b-5f4caefdc1ac@group-5D6E41825D4D-SegmentedRaftLogWorker: Starting segment from index:0
2022-02-16 13:54:08,094 [639e78e2-4776-4f8b-889b-5f4caefdc1ac@group-5D6E41825D4D-SegmentedRaftLogWorker] INFO  segmented.SegmentedRaftLogWorker (SegmentedRaftLogWorker.java:execute(601)) - 639e78e2-4776-4f8b-889b-5f4caefdc1ac@group-5D6E41825D4D-SegmentedRaftLogWorker: created new log segment /home/runner/work/ozone/ozone/hadoop-ozone/integration-test/target/test-dir/MiniOzoneClusterImpl-86a05728-24a0-44bd-862c-635bb6b223ca/datanode-2/data/ratis/4f936a7f-e9d3-4b99-94e5-5d6e41825d4d/current/log_inprogress_0
2022-02-16 13:54:08,116 [639e78e2-4776-4f8b-889b-5f4caefdc1ac@group-5D6E41825D4D-LeaderElection28] INFO  server.RaftServer$Division (ServerState.java:setRaftConf(387)) - 639e78e2-4776-4f8b-889b-5f4caefdc1ac@group-5D6E41825D4D: set configuration 0: [639e78e2-4776-4f8b-889b-5f4caefdc1ac|rpc:127.0.0.1:46119|dataStream:|priority:1], old=null
2022-02-16 13:54:08,186 [Listener at 127.0.0.1/42813] INFO  ha.OMHANodeDetails (OMHANodeDetails.java:loadOMHAConfig(118)) - ServiceID for OzoneManager is om-add-remove
2022-02-16 13:54:08,186 [Listener at 127.0.0.1/42813] INFO  ha.OMHANodeDetails (OMHANodeDetails.java:loadOMHAConfig(193)) - Found matching OM address with OMServiceId: om-add-remove, OMNodeId: omNode-bootstrap-1, RPC Address: localhost:35407 and Ratis port: 33097
2022-02-16 13:54:08,186 [Listener at 127.0.0.1/42813] INFO  ha.OMHANodeDetails (ConfUtils.java:setNodeSpecificConfigs(108)) - Setting configuration key ozone.om.http-address with value of key ozone.om.http-address.om-add-remove.omNode-bootstrap-1: 127.0.0.1:45963
2022-02-16 13:54:08,186 [Listener at 127.0.0.1/42813] INFO  ha.OMHANodeDetails (ConfUtils.java:setNodeSpecificConfigs(108)) - Setting configuration key ozone.om.https-address with value of key ozone.om.https-address.om-add-remove.omNode-bootstrap-1: 127.0.0.1:40127
2022-02-16 13:54:08,187 [Listener at 127.0.0.1/42813] INFO  ha.OMHANodeDetails (ConfUtils.java:setNodeSpecificConfigs(108)) - Setting configuration key ozone.om.address with value of key ozone.om.address.om-add-remove.omNode-bootstrap-1: 127.0.0.1:35407
2022-02-16 13:54:08,187 [Listener at 127.0.0.1/42813] WARN  server.ServerUtils (ServerUtils.java:getDBPath(225)) - ozone.om.db.dirs is not configured. We recommend adding this setting. Falling back to ozone.metadata.dirs instead.
2022-02-16 13:54:08,188 [Listener at 127.0.0.1/42813] INFO  ha.SCMNodeInfo (SCMNodeInfo.java:getPort(197)) - ConfigKey ozone.scm.client.address is deprecated, For configuring different ports for each SCM use PortConfigKey ozone.scm.client.port appended with serviceId and nodeId
2022-02-16 13:54:08,188 [Listener at 127.0.0.1/42813] INFO  ha.SCMNodeInfo (SCMNodeInfo.java:getPort(197)) - ConfigKey ozone.scm.block.client.address is deprecated, For configuring different ports for each SCM use PortConfigKey ozone.scm.block.client.port appended with serviceId and nodeId
2022-02-16 13:54:08,188 [Listener at 127.0.0.1/42813] INFO  ha.SCMNodeInfo (SCMNodeInfo.java:getPort(197)) - ConfigKey ozone.scm.datanode.address is deprecated, For configuring different ports for each SCM use PortConfigKey ozone.scm.datanode.port appended with serviceId and nodeId
OM initialization succeeded.Current cluster id for sd=/home/runner/work/ozone/ozone/hadoop-ozone/integration-test/target/test-dir/MiniOzoneClusterImpl-86a05728-24a0-44bd-862c-635bb6b223ca/omNode-bootstrap-1/om;cid=86a05728-24a0-44bd-862c-635bb6b223ca;layoutVersion=0
2022-02-16 13:54:08,209 [Listener at 127.0.0.1/42813] INFO  ha.OMHANodeDetails (OMHANodeDetails.java:loadOMHAConfig(118)) - ServiceID for OzoneManager is om-add-remove
2022-02-16 13:54:08,209 [Listener at 127.0.0.1/42813] INFO  ha.OMHANodeDetails (OMHANodeDetails.java:loadOMHAConfig(193)) - Found matching OM address with OMServiceId: om-add-remove, OMNodeId: omNode-bootstrap-1, RPC Address: localhost:35407 and Ratis port: 33097
2022-02-16 13:54:08,209 [Listener at 127.0.0.1/42813] INFO  ha.OMHANodeDetails (ConfUtils.java:setNodeSpecificConfigs(108)) - Setting configuration key ozone.om.http-address with value of key ozone.om.http-address.om-add-remove.omNode-bootstrap-1: 127.0.0.1:45963
2022-02-16 13:54:08,210 [Listener at 127.0.0.1/42813] INFO  ha.OMHANodeDetails (ConfUtils.java:setNodeSpecificConfigs(108)) - Setting configuration key ozone.om.https-address with value of key ozone.om.https-address.om-add-remove.omNode-bootstrap-1: 127.0.0.1:40127
2022-02-16 13:54:08,210 [Listener at 127.0.0.1/42813] INFO  ha.OMHANodeDetails (ConfUtils.java:setNodeSpecificConfigs(108)) - Setting configuration key ozone.om.address with value of key ozone.om.address.om-add-remove.omNode-bootstrap-1: 127.0.0.1:35407
2022-02-16 13:54:08,210 [Listener at 127.0.0.1/42813] WARN  server.ServerUtils (ServerUtils.java:getDBPath(225)) - ozone.om.db.dirs is not configured. We recommend adding this setting. Falling back to ozone.metadata.dirs instead.
2022-02-16 13:54:08,210 [Listener at 127.0.0.1/42813] INFO  upgrade.AbstractLayoutVersionManager (AbstractLayoutVersionManager.java:init(79)) - Initializing Layout version manager with metadata layout = INITIAL_VERSION (version = 0), software layout = INITIAL_VERSION (version = 0)
2022-02-16 13:54:08,319 [Listener at 127.0.0.1/42813] INFO  reflections.Reflections (Reflections.java:scan(232)) - Reflections took 108 ms to scan 2 urls, producing 133 keys and 348 values [using 2 cores]
2022-02-16 13:54:08,320 [Listener at 127.0.0.1/42813] INFO  upgrade.OMLayoutVersionManager (OMLayoutVersionManager.java:lambda$0(115)) - Skipping Upgrade Action MockOmUpgradeAction since it has been finalized.
2022-02-16 13:54:08,320 [Listener at 127.0.0.1/42813] WARN  server.ServerUtils (ServerUtils.java:getDBPath(225)) - ozone.om.db.dirs is not configured. We recommend adding this setting. Falling back to ozone.metadata.dirs instead.
2022-02-16 13:54:08,320 [Listener at 127.0.0.1/42813] INFO  ha.SCMNodeInfo (SCMNodeInfo.java:getPort(197)) - ConfigKey ozone.scm.client.address is deprecated, For configuring different ports for each SCM use PortConfigKey ozone.scm.client.port appended with serviceId and nodeId
2022-02-16 13:54:08,320 [Listener at 127.0.0.1/42813] INFO  ha.SCMNodeInfo (SCMNodeInfo.java:getPort(197)) - ConfigKey ozone.scm.block.client.address is deprecated, For configuring different ports for each SCM use PortConfigKey ozone.scm.block.client.port appended with serviceId and nodeId
2022-02-16 13:54:08,320 [Listener at 127.0.0.1/42813] INFO  ha.SCMNodeInfo (SCMNodeInfo.java:getPort(197)) - ConfigKey ozone.scm.datanode.address is deprecated, For configuring different ports for each SCM use PortConfigKey ozone.scm.datanode.port appended with serviceId and nodeId
2022-02-16 13:54:08,320 [Listener at 127.0.0.1/42813] INFO  ha.SCMNodeInfo (SCMNodeInfo.java:getPort(197)) - ConfigKey ozone.scm.client.address is deprecated, For configuring different ports for each SCM use PortConfigKey ozone.scm.client.port appended with serviceId and nodeId
2022-02-16 13:54:08,320 [Listener at 127.0.0.1/42813] INFO  ha.SCMNodeInfo (SCMNodeInfo.java:getPort(197)) - ConfigKey ozone.scm.block.client.address is deprecated, For configuring different ports for each SCM use PortConfigKey ozone.scm.block.client.port appended with serviceId and nodeId
2022-02-16 13:54:08,321 [Listener at 127.0.0.1/42813] INFO  ha.SCMNodeInfo (SCMNodeInfo.java:getPort(197)) - ConfigKey ozone.scm.datanode.address is deprecated, For configuring different ports for each SCM use PortConfigKey ozone.scm.datanode.port appended with serviceId and nodeId
2022-02-16 13:54:08,321 [Listener at 127.0.0.1/42813] INFO  ha.SCMNodeInfo (SCMNodeInfo.java:getPort(197)) - ConfigKey ozone.scm.client.address is deprecated, For configuring different ports for each SCM use PortConfigKey ozone.scm.client.port appended with serviceId and nodeId
2022-02-16 13:54:08,321 [Listener at 127.0.0.1/42813] INFO  ha.SCMNodeInfo (SCMNodeInfo.java:getPort(197)) - ConfigKey ozone.scm.block.client.address is deprecated, For configuring different ports for each SCM use PortConfigKey ozone.scm.block.client.port appended with serviceId and nodeId
2022-02-16 13:54:08,322 [Listener at 127.0.0.1/42813] INFO  ha.SCMNodeInfo (SCMNodeInfo.java:getPort(197)) - ConfigKey ozone.scm.datanode.address is deprecated, For configuring different ports for each SCM use PortConfigKey ozone.scm.datanode.port appended with serviceId and nodeId
2022-02-16 13:54:08,345 [Listener at 127.0.0.1/42813] WARN  server.ServerUtils (ServerUtils.java:getDBPath(225)) - ozone.om.db.dirs is not configured. We recommend adding this setting. Falling back to ozone.metadata.dirs instead.
2022-02-16 13:54:08,345 [Listener at 127.0.0.1/42813] INFO  codec.OmKeyInfoCodec (OmKeyInfoCodec.java:<init>(50)) - OmKeyInfoCodec ignorePipeline = true
2022-02-16 13:54:08,345 [Listener at 127.0.0.1/42813] INFO  codec.RepeatedOmKeyInfoCodec (RepeatedOmKeyInfoCodec.java:<init>(42)) - RepeatedOmKeyInfoCodec ignorePipeline = true
2022-02-16 13:54:08,574 [Listener at 127.0.0.1/42813] INFO  om.OzoneManager (OzoneManager.java:addS3GVolumeToDB(3732)) - Created Volume s3v With Owner runner required for S3Gateway operations.
2022-02-16 13:54:08,574 [Listener at 127.0.0.1/42813] WARN  server.ServerUtils (ServerUtils.java:getDefaultRatisDirectory(237)) - Storage directory for Ratis is not configured. It is a good idea to map this to an SSD disk. Falling back to ozone.metadata.dirs
2022-02-16 13:54:08,574 [Listener at 127.0.0.1/42813] WARN  utils.OzoneManagerRatisUtils (OzoneManagerRatisUtils.java:getOMRatisSnapshotDirectory(330)) - ozone.om.ratis.snapshot.dir is not configured. Falling back to ozone.metadata.dirs config
2022-02-16 13:54:08,575 [Listener at 127.0.0.1/42813] INFO  snapshot.OzoneManagerSnapshotProvider (OzoneManagerSnapshotProvider.java:<init>(76)) - Initializing OM Snapshot Provider
2022-02-16 13:54:08,595 [Listener at 127.0.0.1/42813] WARN  impl.MetricRegistriesImpl (MetricRegistriesImpl.java:addReporterRegistration(111)) - New reporters are added after registries were created. Some metrics will be missing from the reporter. Please add reporter before adding any new registry.
2022-02-16 13:54:08,595 [Listener at 127.0.0.1/42813] WARN  impl.MetricRegistriesImpl (MetricRegistriesImpl.java:addReporterRegistration(111)) - New reporters are added after registries were created. Some metrics will be missing from the reporter. Please add reporter before adding any new registry.
2022-02-16 13:54:08,595 [Listener at 127.0.0.1/42813] WARN  server.ServerUtils (ServerUtils.java:getDefaultRatisDirectory(237)) - Storage directory for Ratis is not configured. It is a good idea to map this to an SSD disk. Falling back to ozone.metadata.dirs
2022-02-16 13:54:08,597 [Listener at 127.0.0.1/42813] INFO  ratis.OzoneManagerRatisServer (OzoneManagerRatisServer.java:<init>(152)) - OM started in Bootstrap mode. Instantiating OM Ratis server with groupID: om-add-remove
2022-02-16 13:54:08,597 [Listener at 127.0.0.1/42813] INFO  ratis.OzoneManagerStateMachine (OzoneManagerStateMachine.java:loadSnapshotInfoFromDB(605)) - LastAppliedIndex is set from TransactionInfo from OM DB as (t:0, i:~)
2022-02-16 13:54:08,597 [Listener at 127.0.0.1/42813] INFO  server.RaftServer (ConfUtils.java:logGet(44)) - raft.rpc.type = GRPC (default)
2022-02-16 13:54:08,598 [Listener at 127.0.0.1/42813] INFO  grpc.GrpcFactory (GrpcFactory.java:checkPooledByteBufAllocatorUseCacheForAllThreads(48)) - PERFORMANCE WARNING: useCacheForAllThreads is true that may cause Netty to create a lot garbage objects and, as a result, trigger GC.
	It is recommended to disable useCacheForAllThreads by setting -Dorg.apache.ratis.thirdparty.io.netty.allocator.useCacheForAllThreads=false in command line.
2022-02-16 13:54:08,598 [Listener at 127.0.0.1/42813] INFO  grpc.GrpcConfigKeys (ConfUtils.java:logGet(44)) - raft.grpc.admin.port = -1 (default)
2022-02-16 13:54:08,598 [Listener at 127.0.0.1/42813] INFO  grpc.GrpcConfigKeys (ConfUtils.java:logGet(44)) - raft.grpc.server.port = 33097 (custom)
2022-02-16 13:54:08,598 [Listener at 127.0.0.1/42813] INFO  grpc.GrpcConfigKeys (ConfUtils.java:logGet(44)) - raft.grpc.client.port = -1 (default)
2022-02-16 13:54:08,598 [Listener at 127.0.0.1/42813] INFO  grpc.GrpcConfigKeys (ConfUtils.java:logGet(44)) - raft.grpc.server.port = 33097 (custom)
2022-02-16 13:54:08,598 [Listener at 127.0.0.1/42813] INFO  grpc.GrpcConfigKeys (ConfUtils.java:logGet(44)) - raft.grpc.server.port = 33097 (custom)
2022-02-16 13:54:08,598 [Listener at 127.0.0.1/42813] INFO  server.GrpcService (ConfUtils.java:logGet(44)) - raft.grpc.message.size.max = 33554432 (custom)
2022-02-16 13:54:08,598 [Listener at 127.0.0.1/42813] INFO  server.RaftServerConfigKeys (ConfUtils.java:logGet(44)) - raft.server.log.appender.buffer.byte-limit = 33554432 (custom)
2022-02-16 13:54:08,598 [Listener at 127.0.0.1/42813] INFO  server.GrpcService (ConfUtils.java:logGet(44)) - raft.grpc.flow.control.window = 1MB (=1048576) (default)
2022-02-16 13:54:08,598 [Listener at 127.0.0.1/42813] INFO  server.RaftServerConfigKeys (ConfUtils.java:logGet(44)) - raft.server.rpc.request.timeout = 3000ms (default)
2022-02-16 13:54:08,601 [Listener at 127.0.0.1/42813] INFO  impl.DataStreamServerImpl (ConfUtils.java:logGet(44)) - raft.datastream.type = DISABLED (default)
2022-02-16 13:54:08,602 [Listener at 127.0.0.1/42813] INFO  server.RaftServerConfigKeys (ConfUtils.java:logGet(44)) - raft.server.rpc.slowness.timeout = 2s (custom)
2022-02-16 13:54:08,602 [Listener at 127.0.0.1/42813] INFO  server.RaftServerConfigKeys (ConfUtils.java:logGet(44)) - raft.server.leaderelection.leader.step-down.wait-time = 10s (default)
2022-02-16 13:54:08,602 [Listener at 127.0.0.1/42813] INFO  server.RaftServerConfigKeys (ConfUtils.java:logGet(44)) - raft.server.storage.dir = [/home/runner/work/ozone/ozone/hadoop-ozone/integration-test/target/test-dir/MiniOzoneClusterImpl-86a05728-24a0-44bd-862c-635bb6b223ca/omNode-bootstrap-1/ratis] (custom)
2022-02-16 13:54:08,603 [Listener at 127.0.0.1/42813] INFO  server.RaftServer (RaftServerProxy.java:addNew(95)) - omNode-bootstrap-1: addNew group-0AAC5367B30E:[] returns group-0AAC5367B30E:java.util.concurrent.CompletableFuture@67a2995[Not completed]
2022-02-16 13:54:08,603 [Listener at 127.0.0.1/42813] INFO  om.OzoneManager (OzoneManager.java:initializeRatisServer(1834)) - OzoneManager Ratis server initialized at port 33097
2022-02-16 13:54:08,604 [Listener at 127.0.0.1/42813] INFO  ipc.CallQueueManager (CallQueueManager.java:<init>(90)) - Using callQueue: class java.util.concurrent.LinkedBlockingQueue, queueCapacity: 2000, scheduler: class org.apache.hadoop.ipc.DefaultRpcScheduler, ipcBackoff: false.
2022-02-16 13:54:08,607 [pool-363-thread-1] INFO  server.RaftServer$Division (RaftServerImpl.java:<init>(184)) - omNode-bootstrap-1: new RaftServerImpl for group-0AAC5367B30E:[] with OzoneManagerStateMachine:uninitialized
2022-02-16 13:54:08,607 [Socket Reader #1 for port 35407] INFO  ipc.Server (Server.java:run(1265)) - Starting Socket Reader #1 for port 35407
2022-02-16 13:54:08,618 [pool-363-thread-1] INFO  server.RaftServerConfigKeys (ConfUtils.java:logGet(44)) - raft.server.rpc.timeout.min = 1s (custom)
2022-02-16 13:54:08,618 [pool-363-thread-1] INFO  server.RaftServerConfigKeys (ConfUtils.java:logGet(44)) - raft.server.rpc.timeout.max = 1200ms (custom)
2022-02-16 13:54:08,618 [pool-363-thread-1] INFO  server.RaftServerConfigKeys (ConfUtils.java:logGet(44)) - raft.server.rpc.sleep.time = 25ms (default)
2022-02-16 13:54:08,618 [pool-363-thread-1] INFO  server.RaftServerConfigKeys (ConfUtils.java:logGet(44)) - raft.server.rpc.slowness.timeout = 2s (custom)
2022-02-16 13:54:08,618 [pool-363-thread-1] INFO  server.RaftServerConfigKeys (ConfUtils.java:logGet(44)) - raft.server.leaderelection.leader.step-down.wait-time = 10s (default)
2022-02-16 13:54:08,618 [pool-363-thread-1] INFO  server.RaftServerConfigKeys (ConfUtils.java:logGet(44)) - raft.server.sleep.deviation.threshold = 300ms (default)
2022-02-16 13:54:08,618 [pool-363-thread-1] INFO  server.RaftServerConfigKeys (ConfUtils.java:logGet(44)) - raft.server.log.appender.install.snapshot.enabled = false (custom)
2022-02-16 13:54:08,618 [pool-363-thread-1] INFO  server.RaftServer$Division (ServerState.java:<init>(105)) - omNode-bootstrap-1@group-0AAC5367B30E: ConfigurationManager, init=-1: [], old=null, confs=<EMPTY_MAP>
2022-02-16 13:54:08,618 [pool-363-thread-1] INFO  server.RaftServerConfigKeys (ConfUtils.java:logGet(44)) - raft.server.storage.dir = [/home/runner/work/ozone/ozone/hadoop-ozone/integration-test/target/test-dir/MiniOzoneClusterImpl-86a05728-24a0-44bd-862c-635bb6b223ca/omNode-bootstrap-1/ratis] (custom)
2022-02-16 13:54:08,618 [pool-363-thread-1] INFO  server.RaftServerConfigKeys (ConfUtils.java:logGet(44)) - raft.server.log.corruption.policy = EXCEPTION (default)
2022-02-16 13:54:08,618 [pool-363-thread-1] INFO  server.RaftServerConfigKeys (ConfUtils.java:logGet(44)) - raft.server.storage.free-space.min = 0MB (=0) (default)
2022-02-16 13:54:08,618 [pool-363-thread-1] INFO  storage.RaftStorageDirectory (RaftStorageDirectoryImpl.java:analyzeStorage(135)) - The storage directory /home/runner/work/ozone/ozone/hadoop-ozone/integration-test/target/test-dir/MiniOzoneClusterImpl-86a05728-24a0-44bd-862c-635bb6b223ca/omNode-bootstrap-1/ratis/0718e334-ffa1-36bc-8e9a-0aac5367b30e does not exist. Creating ...
2022-02-16 13:54:08,620 [pool-363-thread-1] INFO  storage.RaftStorageDirectory (RaftStorageDirectoryImpl.java:tryLock(230)) - Lock on /home/runner/work/ozone/ozone/hadoop-ozone/integration-test/target/test-dir/MiniOzoneClusterImpl-86a05728-24a0-44bd-862c-635bb6b223ca/omNode-bootstrap-1/ratis/0718e334-ffa1-36bc-8e9a-0aac5367b30e/in_use.lock acquired by nodename 22946@fv-az270-170
2022-02-16 13:54:08,621 [pool-363-thread-1] INFO  storage.RaftStorage (RaftStorageImpl.java:format(89)) - Storage directory /home/runner/work/ozone/ozone/hadoop-ozone/integration-test/target/test-dir/MiniOzoneClusterImpl-86a05728-24a0-44bd-862c-635bb6b223ca/omNode-bootstrap-1/ratis/0718e334-ffa1-36bc-8e9a-0aac5367b30e has been successfully formatted.
2022-02-16 13:54:08,621 [pool-363-thread-1] INFO  server.RaftServerConfigKeys (ConfUtils.java:logGet(44)) - raft.server.notification.no-leader.timeout = 2s (custom)
2022-02-16 13:54:08,621 [pool-363-thread-1] INFO  server.RaftServerConfigKeys (ConfUtils.java:logGet(44)) - raft.server.log.use.memory = false (default)
2022-02-16 13:54:08,622 [pool-363-thread-1] INFO  server.RaftServerConfigKeys (ConfUtils.java:logGet(44)) - raft.server.log.purge.gap = 1000000 (custom)
2022-02-16 13:54:08,622 [pool-363-thread-1] INFO  server.RaftServerConfigKeys (ConfUtils.java:logGet(44)) - raft.server.log.appender.buffer.byte-limit = 33554432 (custom)
2022-02-16 13:54:08,622 [pool-363-thread-1] INFO  server.RaftServerConfigKeys (ConfUtils.java:logGet(44)) - raft.server.log.segment.size.max = 4194304 (custom)
2022-02-16 13:54:08,622 [pool-363-thread-1] INFO  server.RaftServerConfigKeys (ConfUtils.java:logGet(44)) - raft.server.log.segment.cache.num.max = 2 (custom)
2022-02-16 13:54:08,622 [pool-363-thread-1] INFO  server.RaftServerConfigKeys (ConfUtils.java:logGet(44)) - raft.server.log.segment.cache.size.max = 200MB (=209715200) (default)
2022-02-16 13:54:08,622 [pool-363-thread-1] INFO  segmented.SegmentedRaftLogWorker (SegmentedRaftLogWorker.java:<init>(182)) - new omNode-bootstrap-1@group-0AAC5367B30E-SegmentedRaftLogWorker for RaftStorageImpl:Storage Directory /home/runner/work/ozone/ozone/hadoop-ozone/integration-test/target/test-dir/MiniOzoneClusterImpl-86a05728-24a0-44bd-862c-635bb6b223ca/omNode-bootstrap-1/ratis/0718e334-ffa1-36bc-8e9a-0aac5367b30e
2022-02-16 13:54:08,622 [pool-363-thread-1] INFO  server.RaftServerConfigKeys (ConfUtils.java:logGet(44)) - raft.server.log.queue.byte-limit = 64MB (=67108864) (default)
2022-02-16 13:54:08,622 [pool-363-thread-1] INFO  server.RaftServerConfigKeys (ConfUtils.java:logGet(44)) - raft.server.log.queue.element-limit = 4096 (default)
2022-02-16 13:54:08,622 [pool-363-thread-1] INFO  server.RaftServerConfigKeys (ConfUtils.java:logGet(44)) - raft.server.log.segment.size.max = 4194304 (custom)
2022-02-16 13:54:08,622 [pool-363-thread-1] INFO  server.RaftServerConfigKeys (ConfUtils.java:logGet(44)) - raft.server.log.preallocated.size = 4194304 (custom)
2022-02-16 13:54:08,622 [pool-363-thread-1] INFO  server.RaftServerConfigKeys (ConfUtils.java:logGet(44)) - raft.server.log.force.sync.num = 128 (default)
2022-02-16 13:54:08,622 [pool-363-thread-1] INFO  server.RaftServerConfigKeys (ConfUtils.java:logGet(44)) - raft.server.log.statemachine.data.sync = true (default)
2022-02-16 13:54:08,622 [pool-363-thread-1] INFO  server.RaftServerConfigKeys (ConfUtils.java:logGet(44)) - raft.server.log.statemachine.data.sync.timeout = 10s (default)
2022-02-16 13:54:08,622 [pool-363-thread-1] INFO  server.RaftServerConfigKeys (ConfUtils.java:logGet(44)) - raft.server.log.statemachine.data.sync.timeout.retry = -1 (default)
2022-02-16 13:54:08,622 [pool-363-thread-1] INFO  server.RaftServerConfigKeys (ConfUtils.java:logGet(44)) - raft.server.log.write.buffer.size = 64KB (=65536) (default)
2022-02-16 13:54:08,622 [pool-363-thread-1] INFO  server.RaftServerConfigKeys (ConfUtils.java:logGet(44)) - raft.server.log.statemachine.data.caching.enabled = false (default)
2022-02-16 13:54:08,623 [pool-363-thread-1] INFO  segmented.SegmentedRaftLogWorker (SegmentedRaftLogWorker.java:lambda$new$0(133)) - omNode-bootstrap-1@group-0AAC5367B30E-SegmentedRaftLogWorker: flushIndex: setUnconditionally 0 -> -1
2022-02-16 13:54:08,623 [pool-363-thread-1] INFO  segmented.SegmentedRaftLogWorker (SegmentedRaftLogWorker.java:lambda$new$0(133)) - omNode-bootstrap-1@group-0AAC5367B30E-SegmentedRaftLogWorker: safeCacheEvictIndex: setUnconditionally 0 -> -1
2022-02-16 13:54:08,635 [pool-363-thread-1] INFO  server.RaftServerConfigKeys (ConfUtils.java:logGet(44)) - raft.server.snapshot.auto.trigger.enabled = true (custom)
2022-02-16 13:54:08,635 [pool-363-thread-1] INFO  server.RaftServerConfigKeys (ConfUtils.java:logGet(44)) - raft.server.snapshot.auto.trigger.threshold = 400000 (default)
2022-02-16 13:54:08,635 [pool-363-thread-1] INFO  server.RaftServerConfigKeys (ConfUtils.java:logGet(44)) - raft.server.snapshot.retention.file.num = -1 (default)
2022-02-16 13:54:08,635 [pool-363-thread-1] INFO  server.RaftServerConfigKeys (ConfUtils.java:logGet(44)) - raft.server.log.purge.upto.snapshot.index = true (custom)
2022-02-16 13:54:08,635 [pool-363-thread-1] INFO  server.RaftServerConfigKeys (ConfUtils.java:logGet(44)) - raft.server.retrycache.expirytime = 300s (custom)
2022-02-16 13:54:08,635 [pool-363-thread-1] INFO  server.RaftServerConfigKeys (ConfUtils.java:logGet(44)) - raft.server.retrycache.statistics.expirytime = 100μs (default)
2022-02-16 13:54:08,657 [Listener at 127.0.0.1/35407] ERROR om.OzoneManager (OzoneManager.java:checkConfigBeforeBootstrap(1522)) - Remote OM config check failed on OM omNode-1
java.io.IOException: Remote OM omNode-1 does not have the bootstrapping OM(omNode-bootstrap-1) information on reloading configs or it could not resolve the address.
	at org.apache.hadoop.ozone.om.OzoneManager.checkRemoteOMConfig(OzoneManager.java:1554)
	at org.apache.hadoop.ozone.om.OzoneManager.checkConfigBeforeBootstrap(OzoneManager.java:1520)
	at org.apache.hadoop.ozone.om.OzoneManager.start(OzoneManager.java:1355)
	at org.apache.hadoop.ozone.MiniOzoneHAClusterImpl$MiniOzoneHAService.startInactiveService(MiniOzoneHAClusterImpl.java:1026)
	at org.apache.hadoop.ozone.MiniOzoneHAClusterImpl.startInactiveOM(MiniOzoneHAClusterImpl.java:212)
	at org.apache.hadoop.ozone.MiniOzoneHAClusterImpl.bootstrapNewOM(MiniOzoneHAClusterImpl.java:864)
	at org.apache.hadoop.ozone.MiniOzoneHAClusterImpl.bootstrapOzoneManager(MiniOzoneHAClusterImpl.java:774)
	at org.apache.hadoop.ozone.om.TestAddRemoveOzoneManager.testBootstrapWithoutConfigUpdate(TestAddRemoveOzoneManager.java:237)
	at sun.reflect.NativeMethodAccessorImpl.invoke0(Native Method)
	at sun.reflect.NativeMethodAccessorImpl.invoke(NativeMethodAccessorImpl.java:62)
	at sun.reflect.DelegatingMethodAccessorImpl.invoke(DelegatingMethodAccessorImpl.java:43)
	at java.lang.reflect.Method.invoke(Method.java:498)
	at org.junit.runners.model.FrameworkMethod$1.runReflectiveCall(FrameworkMethod.java:59)
	at org.junit.internal.runners.model.ReflectiveCallable.run(ReflectiveCallable.java:12)
	at org.junit.runners.model.FrameworkMethod.invokeExplosively(FrameworkMethod.java:56)
	at org.junit.internal.runners.statements.InvokeMethod.evaluate(InvokeMethod.java:17)
	at org.junit.internal.runners.statements.RunAfters.evaluate(RunAfters.java:27)
	at org.junit.rules.ExpectedException$ExpectedExceptionStatement.evaluate(ExpectedException.java:258)
	at org.junit.internal.runners.statements.FailOnTimeout$CallableStatement.call(FailOnTimeout.java:288)
	at org.junit.internal.runners.statements.FailOnTimeout$CallableStatement.call(FailOnTimeout.java:282)
	at java.util.concurrent.FutureTask.run(FutureTask.java:266)
	at java.lang.Thread.run(Thread.java:748)
2022-02-16 13:54:08,657 [Listener at 127.0.0.1/35407] ERROR ozone.MiniOzoneHAClusterImpl (MiniOzoneHAClusterImpl.java:exitSystem(1084)) - omNode-bootstrap-1 - System Exit: OM [omNode-1[localhost:42813]] do not have or have incorrect information of the bootstrapping OM. Update their ozone-site.xml before proceeding.
2022-02-16 13:54:08,657 [Listener at 127.0.0.1/35407] INFO  om.OzoneManager (OzoneManager.java:stop(1893)) - omNode-bootstrap-1[localhost:35407]: Stopping Ozone Manager
2022-02-16 13:54:08,657 [Listener at 127.0.0.1/35407] INFO  ipc.Server (Server.java:stop(3414)) - Stopping server on 35407
2022-02-16 13:54:08,659 [Listener at 127.0.0.1/35407] INFO  ratis.OzoneManagerDoubleBuffer (OzoneManagerDoubleBuffer.java:stop(437)) - Stopping OMDoubleBuffer flush thread
2022-02-16 13:54:08,659 [OMDoubleBufferFlushThread] INFO  ratis.OzoneManagerDoubleBuffer (OzoneManagerDoubleBuffer.java:flushTransactions(356)) - OMDoubleBuffer flush thread OMDoubleBufferFlushThread is interrupted and will exit. OMDoubleBufferFlushThread
2022-02-16 13:54:08,662 [Listener at 127.0.0.1/35407] INFO  ha.OMHANodeDetails (OMHANodeDetails.java:loadOMHAConfig(118)) - ServiceID for OzoneManager is om-add-remove
2022-02-16 13:54:08,665 [Listener at 127.0.0.1/35407] INFO  ha.OMHANodeDetails (OMHANodeDetails.java:loadOMHAConfig(193)) - Found matching OM address with OMServiceId: om-add-remove, OMNodeId: omNode-bootstrap-2, RPC Address: localhost:36649 and Ratis port: 41993
2022-02-16 13:54:08,665 [Listener at 127.0.0.1/35407] INFO  ha.OMHANodeDetails (ConfUtils.java:setNodeSpecificConfigs(108)) - Setting configuration key ozone.om.http-address with value of key ozone.om.http-address.om-add-remove.omNode-bootstrap-2: 127.0.0.1:41523
2022-02-16 13:54:08,665 [Listener at 127.0.0.1/35407] INFO  ha.OMHANodeDetails (ConfUtils.java:setNodeSpecificConfigs(108)) - Setting configuration key ozone.om.https-address with value of key ozone.om.https-address.om-add-remove.omNode-bootstrap-2: 127.0.0.1:45105
2022-02-16 13:54:08,665 [Listener at 127.0.0.1/35407] INFO  ha.OMHANodeDetails (ConfUtils.java:setNodeSpecificConfigs(108)) - Setting configuration key ozone.om.address with value of key ozone.om.address.om-add-remove.omNode-bootstrap-2: 127.0.0.1:36649
2022-02-16 13:54:08,665 [Listener at 127.0.0.1/35407] WARN  server.ServerUtils (ServerUtils.java:getDBPath(225)) - ozone.om.db.dirs is not configured. We recommend adding this setting. Falling back to ozone.metadata.dirs instead.
2022-02-16 13:54:08,679 [Listener at 127.0.0.1/35407] INFO  ha.SCMNodeInfo (SCMNodeInfo.java:getPort(197)) - ConfigKey ozone.scm.client.address is deprecated, For configuring different ports for each SCM use PortConfigKey ozone.scm.client.port appended with serviceId and nodeId
2022-02-16 13:54:08,679 [Listener at 127.0.0.1/35407] INFO  ha.SCMNodeInfo (SCMNodeInfo.java:getPort(197)) - ConfigKey ozone.scm.block.client.address is deprecated, For configuring different ports for each SCM use PortConfigKey ozone.scm.block.client.port appended with serviceId and nodeId
2022-02-16 13:54:08,679 [Listener at 127.0.0.1/35407] INFO  ha.SCMNodeInfo (SCMNodeInfo.java:getPort(197)) - ConfigKey ozone.scm.datanode.address is deprecated, For configuring different ports for each SCM use PortConfigKey ozone.scm.datanode.port appended with serviceId and nodeId
OM initialization succeeded.Current cluster id for sd=/home/runner/work/ozone/ozone/hadoop-ozone/integration-test/target/test-dir/MiniOzoneClusterImpl-86a05728-24a0-44bd-862c-635bb6b223ca/omNode-bootstrap-2/om;cid=86a05728-24a0-44bd-862c-635bb6b223ca;layoutVersion=0
2022-02-16 13:54:08,701 [Listener at 127.0.0.1/35407] INFO  ha.OMHANodeDetails (OMHANodeDetails.java:loadOMHAConfig(118)) - ServiceID for OzoneManager is om-add-remove
2022-02-16 13:54:08,701 [Listener at 127.0.0.1/35407] INFO  ha.OMHANodeDetails (OMHANodeDetails.java:loadOMHAConfig(193)) - Found matching OM address with OMServiceId: om-add-remove, OMNodeId: omNode-bootstrap-2, RPC Address: localhost:36649 and Ratis port: 41993
2022-02-16 13:54:08,702 [Listener at 127.0.0.1/35407] INFO  ha.OMHANodeDetails (ConfUtils.java:setNodeSpecificConfigs(108)) - Setting configuration key ozone.om.http-address with value of key ozone.om.http-address.om-add-remove.omNode-bootstrap-2: 127.0.0.1:41523
2022-02-16 13:54:08,702 [Listener at 127.0.0.1/35407] INFO  ha.OMHANodeDetails (ConfUtils.java:setNodeSpecificConfigs(108)) - Setting configuration key ozone.om.https-address with value of key ozone.om.https-address.om-add-remove.omNode-bootstrap-2: 127.0.0.1:45105
2022-02-16 13:54:08,702 [Listener at 127.0.0.1/35407] INFO  ha.OMHANodeDetails (ConfUtils.java:setNodeSpecificConfigs(108)) - Setting configuration key ozone.om.address with value of key ozone.om.address.om-add-remove.omNode-bootstrap-2: 127.0.0.1:36649
2022-02-16 13:54:08,702 [Listener at 127.0.0.1/35407] WARN  server.ServerUtils (ServerUtils.java:getDBPath(225)) - ozone.om.db.dirs is not configured. We recommend adding this setting. Falling back to ozone.metadata.dirs instead.
2022-02-16 13:54:08,702 [Listener at 127.0.0.1/35407] INFO  upgrade.AbstractLayoutVersionManager (AbstractLayoutVersionManager.java:init(79)) - Initializing Layout version manager with metadata layout = INITIAL_VERSION (version = 0), software layout = INITIAL_VERSION (version = 0)
2022-02-16 13:54:08,772 [EndpointStateMachine task thread for /127.0.0.1:40707 - 0 ] INFO  ipc.Client (Client.java:handleConnectionFailure(977)) - Retrying connect to server: localhost/127.0.0.1:40707. Already tried 5 time(s); retry policy is RetryUpToMaximumCountWithFixedSleep(maxRetries=15, sleepTime=1000 MILLISECONDS)
2022-02-16 13:54:08,815 [Listener at 127.0.0.1/35407] INFO  reflections.Reflections (Reflections.java:scan(232)) - Reflections took 110 ms to scan 2 urls, producing 133 keys and 348 values [using 2 cores]
2022-02-16 13:54:08,815 [Listener at 127.0.0.1/35407] INFO  upgrade.OMLayoutVersionManager (OMLayoutVersionManager.java:lambda$0(115)) - Skipping Upgrade Action MockOmUpgradeAction since it has been finalized.
2022-02-16 13:54:08,815 [Listener at 127.0.0.1/35407] WARN  server.ServerUtils (ServerUtils.java:getDBPath(225)) - ozone.om.db.dirs is not configured. We recommend adding this setting. Falling back to ozone.metadata.dirs instead.
2022-02-16 13:54:08,818 [Listener at 127.0.0.1/35407] INFO  ha.SCMNodeInfo (SCMNodeInfo.java:getPort(197)) - ConfigKey ozone.scm.client.address is deprecated, For configuring different ports for each SCM use PortConfigKey ozone.scm.client.port appended with serviceId and nodeId
2022-02-16 13:54:08,818 [Listener at 127.0.0.1/35407] INFO  ha.SCMNodeInfo (SCMNodeInfo.java:getPort(197)) - ConfigKey ozone.scm.block.client.address is deprecated, For configuring different ports for each SCM use PortConfigKey ozone.scm.block.client.port appended with serviceId and nodeId
2022-02-16 13:54:08,819 [Listener at 127.0.0.1/35407] INFO  ha.SCMNodeInfo (SCMNodeInfo.java:getPort(197)) - ConfigKey ozone.scm.datanode.address is deprecated, For configuring different ports for each SCM use PortConfigKey ozone.scm.datanode.port appended with serviceId and nodeId
2022-02-16 13:54:08,819 [Listener at 127.0.0.1/35407] INFO  ha.SCMNodeInfo (SCMNodeInfo.java:getPort(197)) - ConfigKey ozone.scm.client.address is deprecated, For configuring different ports for each SCM use PortConfigKey ozone.scm.client.port appended with serviceId and nodeId
2022-02-16 13:54:08,819 [Listener at 127.0.0.1/35407] INFO  ha.SCMNodeInfo (SCMNodeInfo.java:getPort(197)) - ConfigKey ozone.scm.block.client.address is deprecated, For configuring different ports for each SCM use PortConfigKey ozone.scm.block.client.port appended with serviceId and nodeId
2022-02-16 13:54:08,819 [Listener at 127.0.0.1/35407] INFO  ha.SCMNodeInfo (SCMNodeInfo.java:getPort(197)) - ConfigKey ozone.scm.datanode.address is deprecated, For configuring different ports for each SCM use PortConfigKey ozone.scm.datanode.port appended with serviceId and nodeId
2022-02-16 13:54:08,841 [Listener at 127.0.0.1/35407] INFO  ha.SCMNodeInfo (SCMNodeInfo.java:getPort(197)) - ConfigKey ozone.scm.client.address is deprecated, For configuring different ports for each SCM use PortConfigKey ozone.scm.client.port appended with serviceId and nodeId
2022-02-16 13:54:08,841 [Listener at 127.0.0.1/35407] INFO  ha.SCMNodeInfo (SCMNodeInfo.java:getPort(197)) - ConfigKey ozone.scm.block.client.address is deprecated, For configuring different ports for each SCM use PortConfigKey ozone.scm.block.client.port appended with serviceId and nodeId
2022-02-16 13:54:08,841 [Listener at 127.0.0.1/35407] INFO  ha.SCMNodeInfo (SCMNodeInfo.java:getPort(197)) - ConfigKey ozone.scm.datanode.address is deprecated, For configuring different ports for each SCM use PortConfigKey ozone.scm.datanode.port appended with serviceId and nodeId
2022-02-16 13:54:08,864 [Listener at 127.0.0.1/35407] WARN  server.ServerUtils (ServerUtils.java:getDBPath(225)) - ozone.om.db.dirs is not configured. We recommend adding this setting. Falling back to ozone.metadata.dirs instead.
2022-02-16 13:54:08,865 [Listener at 127.0.0.1/35407] INFO  codec.OmKeyInfoCodec (OmKeyInfoCodec.java:<init>(50)) - OmKeyInfoCodec ignorePipeline = true
2022-02-16 13:54:08,866 [Listener at 127.0.0.1/35407] INFO  codec.RepeatedOmKeyInfoCodec (RepeatedOmKeyInfoCodec.java:<init>(42)) - RepeatedOmKeyInfoCodec ignorePipeline = true
2022-02-16 13:54:09,081 [Listener at 127.0.0.1/35407] INFO  om.OzoneManager (OzoneManager.java:addS3GVolumeToDB(3732)) - Created Volume s3v With Owner runner required for S3Gateway operations.
2022-02-16 13:54:09,081 [Listener at 127.0.0.1/35407] WARN  server.ServerUtils (ServerUtils.java:getDefaultRatisDirectory(237)) - Storage directory for Ratis is not configured. It is a good idea to map this to an SSD disk. Falling back to ozone.metadata.dirs
2022-02-16 13:54:09,081 [Listener at 127.0.0.1/35407] WARN  utils.OzoneManagerRatisUtils (OzoneManagerRatisUtils.java:getOMRatisSnapshotDirectory(330)) - ozone.om.ratis.snapshot.dir is not configured. Falling back to ozone.metadata.dirs config
2022-02-16 13:54:09,082 [Listener at 127.0.0.1/35407] INFO  snapshot.OzoneManagerSnapshotProvider (OzoneManagerSnapshotProvider.java:<init>(76)) - Initializing OM Snapshot Provider
2022-02-16 13:54:09,088 [Listener at 127.0.0.1/35407] WARN  impl.MetricRegistriesImpl (MetricRegistriesImpl.java:addReporterRegistration(111)) - New reporters are added after registries were created. Some metrics will be missing from the reporter. Please add reporter before adding any new registry.
2022-02-16 13:54:09,088 [Listener at 127.0.0.1/35407] WARN  impl.MetricRegistriesImpl (MetricRegistriesImpl.java:addReporterRegistration(111)) - New reporters are added after registries were created. Some metrics will be missing from the reporter. Please add reporter before adding any new registry.
2022-02-16 13:54:09,088 [Listener at 127.0.0.1/35407] WARN  server.ServerUtils (ServerUtils.java:getDefaultRatisDirectory(237)) - Storage directory for Ratis is not configured. It is a good idea to map this to an SSD disk. Falling back to ozone.metadata.dirs
2022-02-16 13:54:09,089 [Listener at 127.0.0.1/35407] INFO  ratis.OzoneManagerRatisServer (OzoneManagerRatisServer.java:<init>(152)) - OM started in Bootstrap mode. Instantiating OM Ratis server with groupID: om-add-remove
2022-02-16 13:54:09,089 [Listener at 127.0.0.1/35407] INFO  ratis.OzoneManagerStateMachine (OzoneManagerStateMachine.java:loadSnapshotInfoFromDB(605)) - LastAppliedIndex is set from TransactionInfo from OM DB as (t:0, i:~)
2022-02-16 13:54:09,093 [Listener at 127.0.0.1/35407] INFO  server.RaftServer (ConfUtils.java:logGet(44)) - raft.rpc.type = GRPC (default)
2022-02-16 13:54:09,094 [Listener at 127.0.0.1/35407] INFO  grpc.GrpcFactory (GrpcFactory.java:checkPooledByteBufAllocatorUseCacheForAllThreads(48)) - PERFORMANCE WARNING: useCacheForAllThreads is true that may cause Netty to create a lot garbage objects and, as a result, trigger GC.
	It is recommended to disable useCacheForAllThreads by setting -Dorg.apache.ratis.thirdparty.io.netty.allocator.useCacheForAllThreads=false in command line.
2022-02-16 13:54:09,094 [Listener at 127.0.0.1/35407] INFO  grpc.GrpcConfigKeys (ConfUtils.java:logGet(44)) - raft.grpc.admin.port = -1 (default)
2022-02-16 13:54:09,094 [Listener at 127.0.0.1/35407] INFO  grpc.GrpcConfigKeys (ConfUtils.java:logGet(44)) - raft.grpc.server.port = 41993 (custom)
2022-02-16 13:54:09,094 [Listener at 127.0.0.1/35407] INFO  grpc.GrpcConfigKeys (ConfUtils.java:logGet(44)) - raft.grpc.client.port = -1 (default)
2022-02-16 13:54:09,094 [Listener at 127.0.0.1/35407] INFO  grpc.GrpcConfigKeys (ConfUtils.java:logGet(44)) - raft.grpc.server.port = 41993 (custom)
2022-02-16 13:54:09,095 [Listener at 127.0.0.1/35407] INFO  grpc.GrpcConfigKeys (ConfUtils.java:logGet(44)) - raft.grpc.server.port = 41993 (custom)
2022-02-16 13:54:09,095 [Listener at 127.0.0.1/35407] INFO  server.GrpcService (ConfUtils.java:logGet(44)) - raft.grpc.message.size.max = 33554432 (custom)
2022-02-16 13:54:09,095 [Listener at 127.0.0.1/35407] INFO  server.RaftServerConfigKeys (ConfUtils.java:logGet(44)) - raft.server.log.appender.buffer.byte-limit = 33554432 (custom)
2022-02-16 13:54:09,095 [Listener at 127.0.0.1/35407] INFO  server.GrpcService (ConfUtils.java:logGet(44)) - raft.grpc.flow.control.window = 1MB (=1048576) (default)
2022-02-16 13:54:09,095 [Listener at 127.0.0.1/35407] INFO  server.RaftServerConfigKeys (ConfUtils.java:logGet(44)) - raft.server.rpc.request.timeout = 3000ms (default)
2022-02-16 13:54:09,097 [Listener at 127.0.0.1/35407] INFO  impl.DataStreamServerImpl (ConfUtils.java:logGet(44)) - raft.datastream.type = DISABLED (default)
2022-02-16 13:54:09,097 [Listener at 127.0.0.1/35407] INFO  server.RaftServerConfigKeys (ConfUtils.java:logGet(44)) - raft.server.rpc.slowness.timeout = 2s (custom)
2022-02-16 13:54:09,097 [Listener at 127.0.0.1/35407] INFO  server.RaftServerConfigKeys (ConfUtils.java:logGet(44)) - raft.server.leaderelection.leader.step-down.wait-time = 10s (default)
2022-02-16 13:54:09,098 [Listener at 127.0.0.1/35407] INFO  server.RaftServerConfigKeys (ConfUtils.java:logGet(44)) - raft.server.storage.dir = [/home/runner/work/ozone/ozone/hadoop-ozone/integration-test/target/test-dir/MiniOzoneClusterImpl-86a05728-24a0-44bd-862c-635bb6b223ca/omNode-bootstrap-2/ratis] (custom)
2022-02-16 13:54:09,107 [Listener at 127.0.0.1/35407] INFO  server.RaftServer (RaftServerProxy.java:addNew(95)) - omNode-bootstrap-2: addNew group-0AAC5367B30E:[] returns group-0AAC5367B30E:java.util.concurrent.CompletableFuture@5f431acf[Not completed]
2022-02-16 13:54:09,107 [Listener at 127.0.0.1/35407] INFO  om.OzoneManager (OzoneManager.java:initializeRatisServer(1834)) - OzoneManager Ratis server initialized at port 41993
RaftServerImpl.java:<init>(184)) - omNode-bootstrap-2: new RaftServerImpl for group-0AAC5367B30E:[] with OzoneManagerStateMachine:uninitialized
2022-02-16 13:54:09,107 [Listener at 127.0.0.1/35407] INFO  om.OzoneManager (OzoneManager.java:initializeRatisServer(1834)) - OzoneManager Ratis server initialized at port 41993
2022-02-16 13:54:09,108 [pool-383-thread-1] INFO  server.RaftServerConfigKeys (ConfUtils.java:logGet(44)) - raft.server.rpc.timeout.min = 1s (custom)
2022-02-16 13:54:09,108 [pool-383-thread-1] INFO  server.RaftServerConfigKeys (ConfUtils.java:logGet(44)) - raft.server.rpc.timeout.max = 1200ms (custom)
2022-02-16 13:54:09,108 [pool-383-thread-1] INFO  server.RaftServerConfigKeys (ConfUtils.java:logGet(44)) - raft.server.rpc.sleep.time = 25ms (default)
2022-02-16 13:54:09,108 [pool-383-thread-1] INFO  server.RaftServerConfigKeys (ConfUtils.java:logGet(44)) - raft.server.rpc.slowness.timeout = 2s (custom)
2022-02-16 13:54:09,108 [pool-383-thread-1] INFO  server.RaftServerConfigKeys (ConfUtils.java:logGet(44)) - raft.server.leaderelection.leader.step-down.wait-time = 10s (default)
2022-02-16 13:54:09,109 [pool-383-thread-1] INFO  server.RaftServerConfigKeys (ConfUtils.java:logGet(44)) - raft.server.sleep.deviation.threshold = 300ms (default)
2022-02-16 13:54:09,109 [pool-383-thread-1] INFO  server.RaftServerConfigKeys (ConfUtils.java:logGet(44)) - raft.server.log.appender.install.snapshot.enabled = false (custom)
2022-02-16 13:54:09,109 [pool-383-thread-1] INFO  server.RaftServer$Division (ServerState.java:<init>(105)) - omNode-bootstrap-2@group-0AAC5367B30E: ConfigurationManager, init=-1: [], old=null, confs=<EMPTY_MAP>
2022-02-16 13:54:09,109 [pool-383-thread-1] INFO  server.RaftServerConfigKeys (ConfUtils.java:logGet(44)) - raft.server.storage.dir = [/home/runner/work/ozone/ozone/hadoop-ozone/integration-test/target/test-dir/MiniOzoneClusterImpl-86a05728-24a0-44bd-862c-635bb6b223ca/omNode-bootstrap-2/ratis] (custom)
2022-02-16 13:54:09,109 [pool-383-thread-1] INFO  server.RaftServerConfigKeys (ConfUtils.java:logGet(44)) - raft.server.log.corruption.policy = EXCEPTION (default)
2022-02-16 13:54:09,109 [pool-383-thread-1] INFO  server.RaftServerConfigKeys (ConfUtils.java:logGet(44)) - raft.server.storage.free-space.min = 0MB (=0) (default)
2022-02-16 13:54:09,109 [pool-383-thread-1] INFO  storage.RaftStorageDirectory (RaftStorageDirectoryImpl.java:analyzeStorage(135)) - The storage directory /home/runner/work/ozone/ozone/hadoop-ozone/integration-test/target/test-dir/MiniOzoneClusterImpl-86a05728-24a0-44bd-862c-635bb6b223ca/omNode-bootstrap-2/ratis/0718e334-ffa1-36bc-8e9a-0aac5367b30e does not exist. Creating ...
2022-02-16 13:54:09,110 [pool-383-thread-1] INFO  storage.RaftStorageDirectory (RaftStorageDirectoryImpl.java:tryLock(230)) - Lock on /home/runner/work/ozone/ozone/hadoop-ozone/integration-test/target/test-dir/MiniOzoneClusterImpl-86a05728-24a0-44bd-862c-635bb6b223ca/omNode-bootstrap-2/ratis/0718e334-ffa1-36bc-8e9a-0aac5367b30e/in_use.lock acquired by nodename 22946@fv-az270-170
2022-02-16 13:54:09,112 [pool-383-thread-1] INFO  storage.RaftStorage (RaftStorageImpl.java:format(89)) - Storage directory /home/runner/work/ozone/ozone/hadoop-ozone/integration-test/target/test-dir/MiniOzoneClusterImpl-86a05728-24a0-44bd-862c-635bb6b223ca/omNode-bootstrap-2/ratis/0718e334-ffa1-36bc-8e9a-0aac5367b30e has been successfully formatted.
2022-02-16 13:54:09,112 [pool-383-thread-1] INFO  server.RaftServerConfigKeys (ConfUtils.java:logGet(44)) - raft.server.notification.no-leader.timeout = 2s (custom)
2022-02-16 13:54:09,112 [pool-383-thread-1] INFO  server.RaftServerConfigKeys (ConfUtils.java:logGet(44)) - raft.server.log.use.memory = false (default)
2022-02-16 13:54:09,112 [pool-383-thread-1] INFO  server.RaftServerConfigKeys (ConfUtils.java:logGet(44)) - raft.server.log.purge.gap = 1000000 (custom)
2022-02-16 13:54:09,112 [pool-383-thread-1] INFO  server.RaftServerConfigKeys (ConfUtils.java:logGet(44)) - raft.server.log.appender.buffer.byte-limit = 33554432 (custom)
2022-02-16 13:54:09,112 [pool-383-thread-1] INFO  server.RaftServerConfigKeys (ConfUtils.java:logGet(44)) - raft.server.log.segment.size.max = 4194304 (custom)
2022-02-16 13:54:09,115 [pool-383-thread-1] INFO  server.RaftServerConfigKeys (ConfUtils.java:logGet(44)) - raft.server.log.segment.cache.num.max = 2 (custom)
2022-02-16 13:54:09,115 [pool-383-thread-1] INFO  server.RaftServerConfigKeys (ConfUtils.java:logGet(44)) - raft.server.log.segment.cache.size.max = 200MB (=209715200) (default)
2022-02-16 13:54:09,115 [pool-383-thread-1] INFO  segmented.SegmentedRaftLogWorker (SegmentedRaftLogWorker.java:<init>(182)) - new omNode-bootstrap-2@group-0AAC5367B30E-SegmentedRaftLogWorker for RaftStorageImpl:Storage Directory /home/runner/work/ozone/ozone/hadoop-ozone/integration-test/target/test-dir/MiniOzoneClusterImpl-86a05728-24a0-44bd-862c-635bb6b223ca/omNode-bootstrap-2/ratis/0718e334-ffa1-36bc-8e9a-0aac5367b30e
2022-02-16 13:54:09,115 [pool-383-thread-1] INFO  server.RaftServerConfigKeys (ConfUtils.java:logGet(44)) - raft.server.log.queue.byte-limit = 64MB (=67108864) (default)
2022-02-16 13:54:09,115 [pool-383-thread-1] INFO  server.RaftServerConfigKeys (ConfUtils.java:logGet(44)) - raft.server.log.queue.element-limit = 4096 (default)
2022-02-16 13:54:09,115 [pool-383-thread-1] INFO  server.RaftServerConfigKeys (ConfUtils.java:logGet(44)) - raft.server.log.segment.size.max = 4194304 (custom)
2022-02-16 13:54:09,115 [pool-383-thread-1] INFO  server.RaftServerConfigKeys (ConfUtils.java:logGet(44)) - raft.server.log.preallocated.size = 4194304 (custom)
2022-02-16 13:54:09,115 [pool-383-thread-1] INFO  server.RaftServerConfigKeys (ConfUtils.java:logGet(44)) - raft.server.log.force.sync.num = 128 (default)
2022-02-16 13:54:09,115 [pool-383-thread-1] INFO  server.RaftServerConfigKeys (ConfUtils.java:logGet(44)) - raft.server.log.statemachine.data.sync = true (default)
2022-02-16 13:54:09,116 [pool-383-thread-1] INFO  server.RaftServerConfigKeys (ConfUtils.java:logGet(44)) - raft.server.log.statemachine.data.sync.timeout = 10s (default)
2022-02-16 13:54:09,116 [pool-383-thread-1] INFO  server.RaftServerConfigKeys (ConfUtils.java:logGet(44)) - raft.server.log.statemachine.data.sync.timeout.retry = -1 (default)
2022-02-16 13:54:09,121 [pool-383-thread-1] INFO  server.RaftServerConfigKeys (ConfUtils.java:logGet(44)) - raft.server.log.write.buffer.size = 64KB (=65536) (default)
2022-02-16 13:54:09,126 [pool-383-thread-1] INFO  server.RaftServerConfigKeys (ConfUtils.java:logGet(44)) - raft.server.log.statemachine.data.caching.enabled = false (default)
2022-02-16 13:54:09,128 [Listener at 127.0.0.1/35407] INFO  ipc.CallQueueManager (CallQueueManager.java:<init>(90)) - Using callQueue: class java.util.concurrent.LinkedBlockingQueue, queueCapacity: 2000, scheduler: class org.apache.hadoop.ipc.DefaultRpcScheduler, ipcBackoff: false.
2022-02-16 13:54:09,128 [pool-383-thread-1] INFO  segmented.SegmentedRaftLogWorker (SegmentedRaftLogWorker.java:lambda$new$0(133)) - omNode-bootstrap-2@group-0AAC5367B30E-SegmentedRaftLogWorker: flushIndex: setUnconditionally 0 -> -1
2022-02-16 13:54:09,129 [pool-383-thread-1] INFO  segmented.SegmentedRaftLogWorker (SegmentedRaftLogWorker.java:lambda$new$0(133)) - omNode-bootstrap-2@group-0AAC5367B30E-SegmentedRaftLogWorker: safeCacheEvictIndex: setUnconditionally 0 -> -1
2022-02-16 13:54:09,131 [Socket Reader #1 for port 36649] INFO  ipc.Server (Server.java:run(1265)) - Starting Socket Reader #1 for port 36649
2022-02-16 13:54:09,149 [pool-383-thread-1] INFO  server.RaftServerConfigKeys (ConfUtils.java:logGet(44)) - raft.server.snapshot.auto.trigger.enabled = true (custom)
2022-02-16 13:54:09,150 [pool-383-thread-1] INFO  server.RaftServerConfigKeys (ConfUtils.java:logGet(44)) - raft.server.snapshot.auto.trigger.threshold = 400000 (default)
2022-02-16 13:54:09,150 [pool-383-thread-1] INFO  server.RaftServerConfigKeys (ConfUtils.java:logGet(44)) - raft.server.snapshot.retention.file.num = -1 (default)
2022-02-16 13:54:09,150 [pool-383-thread-1] INFO  server.RaftServerConfigKeys (ConfUtils.java:logGet(44)) - raft.server.log.purge.upto.snapshot.index = true (custom)
2022-02-16 13:54:09,150 [pool-383-thread-1] INFO  server.RaftServerConfigKeys (ConfUtils.java:logGet(44)) - raft.server.retrycache.expirytime = 300s (custom)
2022-02-16 13:54:09,150 [pool-383-thread-1] INFO  server.RaftServerConfigKeys (ConfUtils.java:logGet(44)) - raft.server.retrycache.statistics.expirytime = 100μs (default)
2022-02-16 13:54:09,195 [Listener at 127.0.0.1/36649] WARN  om.OzoneManager (OzoneManager.java:start(1357)) - Skipped checking whether existing OM configs have been updated with this OM information as force bootstrap is called.
2022-02-16 13:54:09,197 [Listener at 127.0.0.1/36649] INFO  impl.MetricsSystemImpl (MetricsSystemImpl.java:init(158)) - OzoneManager metrics system started (again)
2022-02-16 13:54:09,244 [Listener at 127.0.0.1/36649] INFO  om.OzoneManager (OzoneManager.java:start(1365)) - OzoneManager RPC server is listening at localhost/127.0.0.1:36649
2022-02-16 13:54:09,245 [Listener at 127.0.0.1/36649] INFO  ratis.OzoneManagerRatisServer (OzoneManagerRatisServer.java:start(554)) - Starting OzoneManagerRatisServer omNode-bootstrap-2 at port 41993
2022-02-16 13:54:09,245 [Listener at 127.0.0.1/36649] INFO  server.RaftServer$Division (RaftServerImpl.java:start(304)) - omNode-bootstrap-2@group-0AAC5367B30E: start with initializing state, conf=-1: [], old=null
2022-02-16 13:54:09,245 [Listener at 127.0.0.1/36649] INFO  server.RaftServer$Division (RaftServerImpl.java:setRole(290)) - omNode-bootstrap-2@group-0AAC5367B30E: changes role from      null to FOLLOWER at term 0 for startInitializing
2022-02-16 13:54:09,245 [Listener at 127.0.0.1/36649] INFO  util.JmxRegister (JmxRegister.java:tryRegister(44)) - Successfully registered JMX Bean with object name Ratis:service=RaftServer,group=group-0AAC5367B30E,id=omNode-bootstrap-2
2022-02-16 13:54:09,250 [Listener at 127.0.0.1/36649] INFO  server.RaftServer (RaftServerProxy.java:lambda$start$5(374)) - omNode-bootstrap-2: start RPC server
2022-02-16 13:54:09,255 [Listener at 127.0.0.1/36649] INFO  server.GrpcService (GrpcService.java:startImpl(253)) - omNode-bootstrap-2: GrpcService started, listening on 41993
2022-02-16 13:54:09,255 [Listener at 127.0.0.1/36649] INFO  om.OzoneManager (OzoneManager.java:start(1381)) - Version File has different layout version (0) than OM DB (null). That is expected if this OM has never been finalized to a newer layout version.
2022-02-16 13:54:09,256 [org.apache.ratis.util.JvmPauseMonitor$$Lambda$435/1382067285@6e6c7349] INFO  util.JvmPauseMonitor (JvmPauseMonitor.java:run(103)) - JvmPauseMonitor-omNode-bootstrap-2: Started
2022-02-16 13:54:09,274 [Listener at 127.0.0.1/36649] INFO  http.BaseHttpServer (BaseHttpServer.java:newHttpServer2BuilderForOzone(209)) - Starting Web-server for ozoneManager at: http://0.0.0.0:41523
2022-02-16 13:54:09,274 [Listener at 127.0.0.1/36649] INFO  http.BaseHttpServer (BaseHttpServer.java:<init>(107)) - Hadoop Security Enabled: false Ozone Security Enabled: false Ozone HTTP Security Enabled: false 
2022-02-16 13:54:09,275 [Listener at 127.0.0.1/36649] INFO  server.AuthenticationFilter (AuthenticationFilter.java:constructSecretProvider(240)) - Unable to initialize FileSignerSecretProvider, falling back to use random secrets.
2022-02-16 13:54:09,280 [Listener at 127.0.0.1/36649] WARN  http.HttpRequestLog (HttpRequestLog.java:getRequestLog(103)) - Jetty request log can only be enabled using Log4j
2022-02-16 13:54:09,281 [Listener at 127.0.0.1/36649] INFO  http.HttpServer2 (HttpServer2.java:addGlobalFilter(1030)) - Added global filter 'safety' (class=org.apache.hadoop.hdds.server.http.HttpServer2$QuotingInputFilter)
2022-02-16 13:54:09,281 [Listener at 127.0.0.1/36649] INFO  http.HttpServer2 (HttpServer2.java:addFilter(1006)) - Added filter static_user_filter (class=org.apache.hadoop.http.lib.StaticUserWebFilter$StaticUserFilter) to context ozoneManager
2022-02-16 13:54:09,281 [Listener at 127.0.0.1/36649] INFO  http.HttpServer2 (HttpServer2.java:addFilter(1014)) - Added filter static_user_filter (class=org.apache.hadoop.http.lib.StaticUserWebFilter$StaticUserFilter) to context static
2022-02-16 13:54:09,281 [Listener at 127.0.0.1/36649] INFO  http.HttpServer2 (HttpServer2.java:addFilter(1014)) - Added filter static_user_filter (class=org.apache.hadoop.http.lib.StaticUserWebFilter$StaticUserFilter) to context logs
2022-02-16 13:54:09,282 [Listener at 127.0.0.1/36649] INFO  http.HttpServer2 (HttpServer2.java:bindListener(1249)) - Jetty bound to port 41523
2022-02-16 13:54:09,282 [Listener at 127.0.0.1/36649] INFO  server.Server (Server.java:doStart(375)) - jetty-9.4.43.v20210629; built: 2021-06-30T11:07:22.254Z; git: 526006ecfa3af7f1a27ef3a288e2bef7ea9dd7e8; jvm 1.8.0_312-b07
2022-02-16 13:54:09,331 [Listener at 127.0.0.1/36649] INFO  server.session (DefaultSessionIdManager.java:doStart(334)) - DefaultSessionIdManager workerName=node0
2022-02-16 13:54:09,332 [Listener at 127.0.0.1/36649] INFO  server.session (DefaultSessionIdManager.java:doStart(339)) - No SessionScavenger set, using defaults
2022-02-16 13:54:09,332 [Listener at 127.0.0.1/36649] INFO  server.session (HouseKeeper.java:startScavenging(132)) - node0 Scavenging every 660000ms
2022-02-16 13:54:09,335 [Listener at 127.0.0.1/36649] INFO  handler.ContextHandler (ContextHandler.java:doStart(915)) - Started o.e.j.s.ServletContextHandler@37b0a41f{logs,/logs,file:///home/runner/work/ozone/ozone/hadoop-ozone/integration-test/target/log,AVAILABLE}
2022-02-16 13:54:09,336 [Listener at 127.0.0.1/36649] INFO  handler.ContextHandler (ContextHandler.java:doStart(915)) - Started o.e.j.s.ServletContextHandler@cf90654{static,/static,file:///home/runner/work/ozone/ozone/hadoop-ozone/integration-test/target/test-classes/webapps/static,AVAILABLE}
2022-02-16 13:54:09,340 [Listener at 127.0.0.1/36649] INFO  handler.ContextHandler (ContextHandler.java:doStart(915)) - Started o.e.j.w.WebAppContext@2c5928e9{ozoneManager,/,file:///home/runner/work/ozone/ozone/hadoop-ozone/integration-test/target/test-classes/webapps/ozoneManager/,AVAILABLE}{file:/home/runner/work/ozone/ozone/hadoop-ozone/integration-test/target/test-classes/webapps/ozoneManager}
2022-02-16 13:54:09,344 [Listener at 127.0.0.1/36649] INFO  server.AbstractConnector (AbstractConnector.java:doStart(331)) - Started ServerConnector@369a936d{HTTP/1.1, (http/1.1)}{0.0.0.0:41523}
2022-02-16 13:54:09,344 [Listener at 127.0.0.1/36649] INFO  server.Server (Server.java:doStart(415)) - Started @98527ms
2022-02-16 13:54:09,344 [Listener at 127.0.0.1/36649] WARN  impl.MetricsSystemImpl (MetricsSystemImpl.java:register(279)) - Sink prometheus already exists!
2022-02-16 13:54:09,344 [Listener at 127.0.0.1/36649] INFO  http.BaseHttpServer (BaseHttpServer.java:updateConnectorAddress(329)) - HTTP server of ozoneManager listening at http://0.0.0.0:41523
2022-02-16 13:54:09,348 [IPC Server Responder] INFO  ipc.Server (Server.java:run(1507)) - IPC Server Responder: starting
2022-02-16 13:54:09,363 [Listener at 127.0.0.1/36649] INFO  om.OzoneManager (OzoneManager.java:startTrashEmptier(1792)) - Trash Interval set to 0. Files deleted will not move to trash
2022-02-16 13:54:09,365 [org.apache.hadoop.util.JvmPauseMonitor$Monitor@5210301e] INFO  util.JvmPauseMonitor (JvmPauseMonitor.java:run(188)) - Starting JVM pause monitor
2022-02-16 13:54:09,369 [IPC Server listener on 36649] INFO  ipc.Server (Server.java:run(1344)) - IPC Server listener on 36649: starting
2022-02-16 13:54:09,372 [IPC Server handler 4 on default port 42813] INFO  ratis.OzoneManagerRatisServer (OzoneManagerRatisServer.java:addOMToRatisRing(309)) - omNode-1: Submitting SetConfiguration request to Ratis server to add new OM peer omNode-bootstrap-2|rpc:localhost:41993|priority:0 to the Ratis group group-0AAC5367B30E:[omNode-1|rpc:localhost:32873|priority:0]
2022-02-16 13:54:09,372 [IPC Server handler 4 on default port 42813] INFO  server.RaftServer$Division (RaftServerImpl.java:setConfigurationAsync(974)) - omNode-1@group-0AAC5367B30E: receive setConfiguration SetConfigurationRequest:client-1A2FD66B5789->omNode-1@group-0AAC5367B30E, cid=1, seq=0, RW, null, peers:[omNode-1|rpc:localhost:32873|priority:0, omNode-bootstrap-2|rpc:localhost:41993|priority:0]
2022-02-16 13:54:09,372 [IPC Server handler 4 on default port 42813] INFO  server.RaftServer$Division (LeaderStateImpl.java:startSetConfiguration(358)) - omNode-1@group-0AAC5367B30E-LeaderStateImpl: startSetConfiguration SetConfigurationRequest:client-1A2FD66B5789->omNode-1@group-0AAC5367B30E, cid=1, seq=0, RW, null, peers:[omNode-1|rpc:localhost:32873|priority:0, omNode-bootstrap-2|rpc:localhost:41993|priority:0]
2022-02-16 13:54:09,372 [IPC Server handler 4 on default port 42813] INFO  server.RaftServerConfigKeys (ConfUtils.java:logGet(44)) - raft.server.log.appender.snapshot.chunk.size.max = 16MB (=16777216) (default)
2022-02-16 13:54:09,373 [IPC Server handler 4 on default port 42813] INFO  server.RaftServerConfigKeys (ConfUtils.java:logGet(44)) - raft.server.log.appender.buffer.byte-limit = 33554432 (custom)
2022-02-16 13:54:09,374 [IPC Server handler 4 on default port 42813] INFO  server.RaftServerConfigKeys (ConfUtils.java:logGet(44)) - raft.server.log.appender.buffer.element-limit = 1024 (custom)
2022-02-16 13:54:09,375 [IPC Server handler 4 on default port 42813] INFO  grpc.GrpcConfigKeys (ConfUtils.java:logGet(44)) - raft.grpc.server.leader.outstanding.appends.max = 128 (default)
2022-02-16 13:54:09,375 [IPC Server handler 4 on default port 42813] INFO  server.RaftServerConfigKeys (ConfUtils.java:logGet(44)) - raft.server.rpc.request.timeout = 3000ms (default)
2022-02-16 13:54:09,375 [IPC Server handler 4 on default port 42813] INFO  server.RaftServerConfigKeys (ConfUtils.java:logGet(44)) - raft.server.log.appender.install.snapshot.enabled = false (custom)
2022-02-16 13:54:09,401 [grpc-default-executor-3] INFO  server.RaftServer$Division (RaftServerImpl.java:installSnapshot(1332)) - omNode-bootstrap-2@group-0AAC5367B30E: receive installSnapshot: omNode-1->omNode-bootstrap-2#0-t1,notify:(t:1, i:8)
2022-02-16 13:54:09,406 [grpc-default-executor-3] INFO  server.RaftServer$Division (ServerState.java:setLeader(285)) - omNode-bootstrap-2@group-0AAC5367B30E: change Leader from null to omNode-1 at term 1 for installSnapshot, leader elected after 294ms
2022-02-16 13:54:09,406 [grpc-default-executor-3] INFO  server.RaftServer$Division (RaftServerImpl.java:notifyStateMachineToInstallSnapshot(1551)) - omNode-bootstrap-2@group-0AAC5367B30E: Received notification to install snapshot at index 8
2022-02-16 13:54:09,406 [grpc-default-executor-3] INFO  server.RaftServer$Division (RaftServerImpl.java:notifyStateMachineToInstallSnapshot(1582)) - omNode-bootstrap-2@group-0AAC5367B30E: notifyInstallSnapshot: nextIndex is 0 but the leader's first available index is 8.
2022-02-16 13:54:09,407 [grpc-default-executor-3] INFO  ratis.OzoneManagerStateMachine (OzoneManagerStateMachine.java:notifyInstallSnapshotFromLeader(446)) - Received install snapshot notification from OM leader: omNode-1 with term index: (t:1, i:8)
2022-02-16 13:54:09,411 [pool-382-thread-1] INFO  om.OzoneManager (OzoneManager.java:getDBCheckpointFromLeader(3276)) - Downloading checkpoint from leader OM omNode-1 and reloading state from the checkpoint.
2022-02-16 13:54:09,419 [pool-382-thread-1] INFO  snapshot.OzoneManagerSnapshotProvider (OzoneManagerSnapshotProvider.java:getOzoneManagerDBSnapshot(122)) - Downloading latest checkpoint from Leader OM omNode-1. Checkpoint URL: http://127.0.0.1:39107/dbCheckpoint?flushBeforeCheckpoint=true
2022-02-16 13:54:09,440 [qtp1543892744-1380] INFO  utils.DBCheckpointServlet (DBCheckpointServlet.java:doGet(110)) - Received request to obtain DB checkpoint snapshot
2022-02-16 13:54:09,458 [qtp1543892744-1380] INFO  db.RDBCheckpointManager (RDBCheckpointManager.java:createCheckpoint(86)) - Created checkpoint at /home/runner/work/ozone/ozone/hadoop-ozone/integration-test/target/test-dir/MiniOzoneClusterImpl-86a05728-24a0-44bd-862c-635bb6b223ca/omNode-1/db.checkpoints/om.db_checkpoint_1645019649440 in 18 milliseconds
2022-02-16 13:54:09,464 [qtp1543892744-1380] INFO  utils.DBCheckpointServlet (DBCheckpointServlet.java:doGet(183)) - Time taken to write the checkpoint to response output stream: 6 milliseconds
2022-02-16 13:54:09,464 [qtp1543892744-1380] INFO  db.RocksDBCheckpoint (RocksDBCheckpoint.java:cleanupCheckpoint(78)) - Cleaning up RocksDB checkpoint at /home/runner/work/ozone/ozone/hadoop-ozone/integration-test/target/test-dir/MiniOzoneClusterImpl-86a05728-24a0-44bd-862c-635bb6b223ca/omNode-1/db.checkpoints/om.db_checkpoint_1645019649440
2022-02-16 13:54:09,511 [pool-382-thread-1] INFO  snapshot.OzoneManagerSnapshotProvider (OzoneManagerSnapshotProvider.java:getOzoneManagerDBSnapshot(147)) - Successfully downloaded latest checkpoint from leader OM: omNode-1
2022-02-16 13:54:09,511 [pool-382-thread-1] INFO  om.OzoneManager (OzoneManager.java:installSnapshotFromLeader(3151)) - Downloaded checkpoint from Leader omNode-1 to the location /home/runner/work/ozone/ozone/hadoop-ozone/integration-test/target/test-dir/MiniOzoneClusterImpl-86a05728-24a0-44bd-862c-635bb6b223ca/omNode-bootstrap-2/snapshot/om.db-omNode-1-1645019649419
2022-02-16 13:54:09,636 [pool-382-thread-1] INFO  om.OzoneManager (OzoneManager.java:installCheckpoint(3176)) - Installing checkpoint with OMTransactionInfo 1#7
2022-02-16 13:54:09,636 [pool-382-thread-1] INFO  utils.BackgroundService (BackgroundService.java:shutdown(132)) - Shutting down service KeyDeletingService
2022-02-16 13:54:09,643 [pool-382-thread-1] INFO  utils.BackgroundService (BackgroundService.java:shutdown(132)) - Shutting down service DirectoryDeletingService
2022-02-16 13:54:09,645 [pool-382-thread-1] INFO  ratis.OzoneManagerDoubleBuffer (OzoneManagerDoubleBuffer.java:stop(437)) - Stopping OMDoubleBuffer flush thread
2022-02-16 13:54:09,647 [OMDoubleBufferFlushThread] INFO  ratis.OzoneManagerDoubleBuffer (OzoneManagerDoubleBuffer.java:flushTransactions(356)) - OMDoubleBuffer flush thread OMDoubleBufferFlushThread is interrupted and will exit. OMDoubleBufferFlushThread
2022-02-16 13:54:09,648 [pool-382-thread-1] INFO  om.OzoneManager (OzoneManager.java:installCheckpoint(3222)) - Replaced DB with checkpoint from OM: omNode-1, term: 1, index: 7
2022-02-16 13:54:09,649 [pool-382-thread-1] WARN  server.ServerUtils (ServerUtils.java:getDBPath(225)) - ozone.om.db.dirs is not configured. We recommend adding this setting. Falling back to ozone.metadata.dirs instead.
2022-02-16 13:54:09,650 [pool-382-thread-1] INFO  codec.OmKeyInfoCodec (OmKeyInfoCodec.java:<init>(50)) - OmKeyInfoCodec ignorePipeline = true
2022-02-16 13:54:09,650 [pool-382-thread-1] INFO  codec.RepeatedOmKeyInfoCodec (RepeatedOmKeyInfoCodec.java:<init>(42)) - RepeatedOmKeyInfoCodec ignorePipeline = true
2022-02-16 13:54:09,734 [pool-382-thread-1] INFO  om.OzoneManager (OzoneManager.java:startTrashEmptier(1792)) - Trash Interval set to 0. Files deleted will not move to trash
2022-02-16 13:54:09,742 [pool-382-thread-1] INFO  om.OzoneManager (OzoneManager.java:installCheckpoint(3240)) - Reloaded OM state with Term: 1 and Index: 7
2022-02-16 13:54:09,743 [pool-382-thread-1] INFO  server.RaftServer$Division (RaftServerImpl.java:lambda$notifyStateMachineToInstallSnapshot$30(1595)) - omNode-bootstrap-2@group-0AAC5367B30E: StateMachine successfully installed snapshot index 7. Reloading the StateMachine.
2022-02-16 13:54:09,743 [pool-382-thread-1] INFO  ratis.OzoneManagerDoubleBuffer (OzoneManagerDoubleBuffer.java:stop(437)) - Stopping OMDoubleBuffer flush thread
2022-02-16 13:54:09,745 [OMDoubleBufferFlushThread] INFO  ratis.OzoneManagerDoubleBuffer (OzoneManagerDoubleBuffer.java:flushTransactions(356)) - OMDoubleBuffer flush thread OMDoubleBufferFlushThread is interrupted and will exit. OMDoubleBufferFlushThread
2022-02-16 13:54:09,745 [pool-382-thread-1] INFO  segmented.SegmentedRaftLogWorker (SegmentedRaftLogWorker.java:lambda$new$0(133)) - omNode-bootstrap-2@group-0AAC5367B30E-SegmentedRaftLogWorker: flushIndex: setUnconditionally -1 -> 7
2022-02-16 13:54:09,745 [pool-382-thread-1] INFO  segmented.SegmentedRaftLogWorker (SegmentedRaftLogWorker.java:lambda$new$0(133)) - omNode-bootstrap-2@group-0AAC5367B30E-SegmentedRaftLogWorker: safeCacheEvictIndex: setUnconditionally -1 -> 7
2022-02-16 13:54:09,745 [pool-382-thread-1] INFO  raftlog.RaftLog (RaftLogBase.java:lambda$new$0(53)) - omNode-bootstrap-2@group-0AAC5367B30E-SegmentedRaftLog: snapshotIndex: updateIncreasingly -1 -> 7
2022-02-16 13:54:09,745 [grpc-default-executor-3] INFO  server.RaftServer$Division (RaftServerImpl.java:notifyStateMachineToInstallSnapshot(1638)) - omNode-bootstrap-2@group-0AAC5367B30E: InstallSnapshot notification result: SNAPSHOT_INSTALLED, at index: 7
2022-02-16 13:54:09,746 [omNode-bootstrap-2@group-0AAC5367B30E-StateMachineUpdater] INFO  ratis.OzoneManagerStateMachine (OzoneManagerStateMachine.java:loadSnapshotInfoFromDB(605)) - LastAppliedIndex is set from TransactionInfo from OM DB as (t:1, i:7)
2022-02-16 13:54:09,746 [grpc-default-executor-3] INFO  server.RaftServer$Division (RaftServerImpl.java:installSnapshotImpl(1462)) - omNode-bootstrap-2@group-0AAC5367B30E: set new configuration configurationEntry {
  peers {
    id: "omNode-1"
    address: "localhost:32873"
  }
}
 from snapshot
2022-02-16 13:54:09,749 [omNode-bootstrap-2@group-0AAC5367B30E-StateMachineUpdater] INFO  impl.StateMachineUpdater (StateMachineUpdater.java:lambda$new$0(89)) - omNode-bootstrap-2@group-0AAC5367B30E-StateMachineUpdater: snapshotIndex: setUnconditionally -1 -> 7
2022-02-16 13:54:09,749 [omNode-bootstrap-2@group-0AAC5367B30E-StateMachineUpdater] INFO  impl.StateMachineUpdater (StateMachineUpdater.java:lambda$new$0(89)) - omNode-bootstrap-2@group-0AAC5367B30E-StateMachineUpdater: appliedIndex: setUnconditionally -1 -> 7
2022-02-16 13:54:09,752 [grpc-default-executor-3] INFO  server.RaftServer$Division (ServerState.java:setRaftConf(387)) - omNode-bootstrap-2@group-0AAC5367B30E: set configuration 0: [omNode-1|rpc:localhost:32873|admin:|client:|dataStream:|priority:0], old=null
2022-02-16 13:54:09,752 [grpc-default-executor-3] INFO  ratis.OzoneManagerStateMachine (OzoneManagerStateMachine.java:notifyConfigurationChanged(188)) - Received Configuration change notification from Ratis. New Peer list:
[id: "omNode-1"
address: "localhost:32873"
]
2022-02-16 13:54:09,752 [grpc-default-executor-3] INFO  ratis.OzoneManagerRatisServer (OzoneManagerRatisServer.java:addRaftPeer(400)) - Added OM omNode-1 to Ratis Peers list.
2022-02-16 13:54:09,752 [grpc-default-executor-3] INFO  om.OzoneManager (OzoneManager.java:addOMNodeToPeers(1712)) - Added OM omNode-1 to the Peer list.
2022-02-16 13:54:09,753 [grpc-default-executor-3] INFO  server.RaftServer$Division (RaftServerImpl.java:installSnapshot(1343)) - omNode-bootstrap-2@group-0AAC5367B30E: reply installSnapshot: omNode-1<-omNode-bootstrap-2#0:FAIL-t0,SNAPSHOT_INSTALLED,snapshotIndex=7
2022-02-16 13:54:09,753 [grpc-default-executor-3] INFO  server.GrpcServerProtocolService (GrpcServerProtocolService.java:onCompleted(140)) - omNode-bootstrap-2: Completed INSTALL_SNAPSHOT, lastRequest: omNode-1->omNode-bootstrap-2#0-t1,notify:(t:1, i:8)
2022-02-16 13:54:09,776 [grpc-default-executor-2] INFO  impl.RoleInfo (RoleInfo.java:updateAndGet(130)) - omNode-bootstrap-2: start omNode-bootstrap-2@group-0AAC5367B30E-FollowerState
2022-02-16 13:54:09,777 [grpc-default-executor-2] INFO  segmented.SegmentedRaftLogWorker (SegmentedRaftLogWorker.java:startLogSegment(394)) - omNode-bootstrap-2@group-0AAC5367B30E-SegmentedRaftLogWorker: Starting segment from index:8
2022-02-16 13:54:09,781 [EndpointStateMachine task thread for /127.0.0.1:40707 - 0 ] INFO  ipc.Client (Client.java:handleConnectionFailure(977)) - Retrying connect to server: localhost/127.0.0.1:40707. Already tried 6 time(s); retry policy is RetryUpToMaximumCountWithFixedSleep(maxRetries=15, sleepTime=1000 MILLISECONDS)
2022-02-16 13:54:09,789 [omNode-bootstrap-2@group-0AAC5367B30E-SegmentedRaftLogWorker] INFO  segmented.SegmentedRaftLogWorker (SegmentedRaftLogWorker.java:execute(601)) - omNode-bootstrap-2@group-0AAC5367B30E-SegmentedRaftLogWorker: created new log segment /home/runner/work/ozone/ozone/hadoop-ozone/integration-test/target/test-dir/MiniOzoneClusterImpl-86a05728-24a0-44bd-862c-635bb6b223ca/omNode-bootstrap-2/ratis/0718e334-ffa1-36bc-8e9a-0aac5367b30e/current/log_inprogress_8
2022-02-16 13:54:09,802 [omNode-1@group-0AAC5367B30E-LeaderStateImpl] INFO  server.RaftServer$Division (ServerState.java:setRaftConf(387)) - omNode-1@group-0AAC5367B30E: set configuration 9: [omNode-bootstrap-2|rpc:localhost:41993|priority:0, omNode-1|rpc:localhost:32873|priority:0], old=[omNode-1|rpc:localhost:32873|admin:|client:|dataStream:|priority:0]
2022-02-16 13:54:09,803 [grpc-default-executor-2] INFO  server.RaftServer$Division (ServerState.java:setRaftConf(387)) - omNode-bootstrap-2@group-0AAC5367B30E: set configuration 9: [omNode-bootstrap-2|rpc:localhost:41993|admin:|client:|dataStream:|priority:0, omNode-1|rpc:localhost:32873|admin:|client:|dataStream:|priority:0], old=[omNode-1|rpc:localhost:32873|admin:|client:|dataStream:|priority:0]
2022-02-16 13:54:09,826 [omNode-1@group-0AAC5367B30E-LeaderStateImpl] INFO  server.RaftServer$Division (ServerState.java:setRaftConf(387)) - omNode-1@group-0AAC5367B30E: set configuration 11: [omNode-bootstrap-2|rpc:localhost:41993|priority:0, omNode-1|rpc:localhost:32873|priority:0], old=null
2022-02-16 13:54:09,827 [grpc-default-executor-2] INFO  server.RaftServer$Division (ServerState.java:setRaftConf(387)) - omNode-bootstrap-2@group-0AAC5367B30E: set configuration 11: [omNode-bootstrap-2|rpc:localhost:41993|admin:|client:|dataStream:|priority:0, omNode-1|rpc:localhost:32873|admin:|client:|dataStream:|priority:0], old=null
2022-02-16 13:54:09,828 [omNode-1@group-0AAC5367B30E-StateMachineUpdater] INFO  ratis.OzoneManagerStateMachine (OzoneManagerStateMachine.java:notifyConfigurationChanged(188)) - Received Configuration change notification from Ratis. New Peer list:
[id: "omNode-bootstrap-2"
address: "localhost:41993"
, id: "omNode-1"
address: "localhost:32873"
]
2022-02-16 13:54:09,829 [omNode-1@group-0AAC5367B30E-StateMachineUpdater] ERROR om.OzoneManager (OzoneManager.java:addOMNodeToPeers(1699)) - omNode-1: Couldn't add OM omNode-bootstrap-2 to peer list.
2022-02-16 13:54:09,831 [omNode-bootstrap-2@group-0AAC5367B30E-StateMachineUpdater] INFO  ratis.OzoneManagerStateMachine (OzoneManagerStateMachine.java:notifyConfigurationChanged(188)) - Received Configuration change notification from Ratis. New Peer list:
[id: "omNode-bootstrap-2"
address: "localhost:41993"
, id: "omNode-1"
address: "localhost:32873"
]
2022-02-16 13:54:09,831 [omNode-bootstrap-2@group-0AAC5367B30E-StateMachineUpdater] INFO  ratis.OzoneManagerRatisServer (OzoneManagerRatisServer.java:addRaftPeer(400)) - Added OM omNode-bootstrap-2 to Ratis Peers list.
2022-02-16 13:54:09,831 [omNode-bootstrap-2@group-0AAC5367B30E-StateMachineUpdater] INFO  ratis.OzoneManagerRatisServer (OzoneManagerRatisServer.java:addRaftPeer(400)) - Added OM omNode-1 to Ratis Peers list.
2022-02-16 13:54:09,829 [omNode-1@group-0AAC5367B30E-StateMachineUpdater] ERROR ozone.MiniOzoneHAClusterImpl (MiniOzoneHAClusterImpl.java:exitSystem(1076)) - omNode-1 - System Exit: There is no OM configuration for node ID omNode-bootstrap-2 in ozone-site.xml.
java.io.IOException: There is no OM configuration for node ID omNode-bootstrap-2 in ozone-site.xml.
	at org.apache.hadoop.ozone.om.OzoneManager.addOMNodeToPeers(OzoneManager.java:1694)
	at org.apache.hadoop.ozone.om.OzoneManager.updatePeerList(OzoneManager.java:1635)
	at org.apache.hadoop.ozone.om.ratis.OzoneManagerStateMachine.notifyConfigurationChanged(OzoneManagerStateMachine.java:196)
	at org.apache.ratis.server.impl.RaftServerImpl.applyLogToStateMachine(RaftServerImpl.java:1708)
	at org.apache.ratis.server.impl.StateMachineUpdater.applyLog(StateMachineUpdater.java:234)
	at org.apache.ratis.server.impl.StateMachineUpdater.run(StateMachineUpdater.java:179)
	at java.lang.Thread.run(Thread.java:748)
2022-02-16 13:54:09,846 [omNode-1@group-0AAC5367B30E-StateMachineUpdater] INFO  om.OzoneManager (OzoneManager.java:stop(1893)) - omNode-1[localhost:42813]: Stopping Ozone Manager
2022-02-16 13:54:09,858 [omNode-1@group-0AAC5367B30E-StateMachineUpdater] INFO  ipc.Server (Server.java:stop(3414)) - Stopping server on 42813
2022-02-16 13:54:09,858 [IPC Server handler 4 on default port 42813] INFO  ratis.OzoneManagerRatisServer (OzoneManagerRatisServer.java:addOMToRatisRing(323)) - Added OM omNode-bootstrap-2 to Ratis group group-0AAC5367B30E.
2022-02-16 13:54:09,862 [Listener at 127.0.0.1/36649] INFO  om.OzoneManager (OzoneManager.java:bootstrap(1584)) - Successfully bootstrapped OM omNode-bootstrap-2 and joined the Ratis group group-0AAC5367B30E:[]
2022-02-16 13:54:09,862 [Listener at 127.0.0.1/36649] INFO  ozone.MiniOzoneHAClusterImpl (MiniOzoneHAClusterImpl.java:bootstrapOzoneManager(776)) - Bootstrapped OzoneManager omNode-bootstrap-2 RPC server at localhost/127.0.0.1:36649
2022-02-16 13:54:09,862 [Listener at 127.0.0.1/36649] INFO  ozone.MiniOzoneClusterImpl (MiniOzoneClusterImpl.java:shutdown(437)) - Shutting down the Mini Ozone Cluster
2022-02-16 13:54:09,862 [Listener at 127.0.0.1/36649] INFO  ozone.MiniOzoneHAClusterImpl (MiniOzoneHAClusterImpl.java:stop(308)) - Stopping the OzoneManager omNode-1
2022-02-16 13:54:09,862 [Listener at 127.0.0.1/36649] INFO  om.OzoneManager (OzoneManager.java:stop(1893)) - omNode-1[localhost:42813]: Stopping Ozone Manager
2022-02-16 13:54:09,890 [IPC Server listener on 42813] INFO  ipc.Server (Server.java:run(1376)) - Stopping IPC Server listener on 42813
2022-02-16 13:54:09,904 [IPC Server Responder] INFO  ipc.Server (Server.java:run(1512)) - Stopping IPC Server Responder
2022-02-16 13:54:09,907 [omNode-bootstrap-2@group-0AAC5367B30E-StateMachineUpdater] INFO  ratis.OzoneManagerStateMachine (OzoneManagerStateMachine.java:notifyConfigurationChanged(188)) - Received Configuration change notification from Ratis. New Peer list:
[id: "omNode-bootstrap-2"
address: "localhost:41993"
, id: "omNode-1"
address: "localhost:32873"
]
2022-02-16 13:54:09,913 [Listener at 127.0.0.1/36649] INFO  ipc.Server (Server.java:stop(3414)) - Stopping server on 42813
2022-02-16 13:54:09,914 [omNode-1@group-0AAC5367B30E-StateMachineUpdater] INFO  server.RaftServer (RaftServerProxy.java:lambda$close$6(391)) - omNode-1: close
2022-02-16 13:54:09,915 [omNode-1@group-0AAC5367B30E-StateMachineUpdater] INFO  server.RaftServer$Division (RaftServerImpl.java:lambda$close$4(412)) - omNode-1@group-0AAC5367B30E: shutdown
2022-02-16 13:54:09,915 [omNode-1@group-0AAC5367B30E-StateMachineUpdater] INFO  util.JmxRegister (JmxRegister.java:unregister(73)) - Successfully un-registered JMX Bean with object name Ratis:service=RaftServer,group=group-0AAC5367B30E,id=omNode-1
2022-02-16 13:54:09,915 [omNode-1@group-0AAC5367B30E-StateMachineUpdater] INFO  impl.RoleInfo (RoleInfo.java:shutdownLeaderState(91)) - omNode-1: shutdown omNode-1@group-0AAC5367B30E-LeaderStateImpl
2022-02-16 13:54:09,915 [omNode-1@group-0AAC5367B30E-StateMachineUpdater] INFO  impl.PendingRequests (PendingRequests.java:sendNotLeaderResponses(282)) - omNode-1@group-0AAC5367B30E-PendingRequests: sendNotLeaderResponses
2022-02-16 13:54:09,920 [omNode-1@group-0AAC5367B30E-StateMachineUpdater] INFO  impl.StateMachineUpdater (StateMachineUpdater.java:stopAndJoin(149)) - omNode-1@group-0AAC5367B30E-StateMachineUpdater: set stopIndex = 12
2022-02-16 13:54:09,920 [grpc-default-executor-3] INFO  server.GrpcServerProtocolService (GrpcServerProtocolService.java:onCompleted(140)) - omNode-bootstrap-2: Completed APPEND_ENTRIES, lastRequest: omNode-1->omNode-bootstrap-2#9-t1,previous=(t:1, i:11),leaderCommit=11,initializing? true,entries: size=1, first=(t:1, i:12), METADATAENTRY(c:11)
2022-02-16 13:54:09,921 [org.apache.ratis.util.JvmPauseMonitor$$Lambda$435/1382067285@64ab68c6] INFO  util.JvmPauseMonitor (JvmPauseMonitor.java:run(109)) - JvmPauseMonitor-omNode-1: Stopped
2022-02-16 13:54:09,921 [Listener at 127.0.0.1/36649] INFO  ratis.OzoneManagerDoubleBuffer (OzoneManagerDoubleBuffer.java:stop(437)) - Stopping OMDoubleBuffer flush thread
2022-02-16 13:54:09,922 [OMDoubleBufferFlushThread] INFO  ratis.OzoneManagerDoubleBuffer (OzoneManagerDoubleBuffer.java:flushTransactions(356)) - OMDoubleBuffer flush thread OMDoubleBufferFlushThread is interrupted and will exit. OMDoubleBufferFlushThread
2022-02-16 13:54:09,923 [Listener at 127.0.0.1/36649] INFO  utils.BackgroundService (BackgroundService.java:shutdown(132)) - Shutting down service KeyDeletingService
2022-02-16 13:54:09,925 [Listener at 127.0.0.1/36649] INFO  utils.BackgroundService (BackgroundService.java:shutdown(132)) - Shutting down service DirectoryDeletingService
2022-02-16 13:54:09,925 [Listener at 127.0.0.1/36649] INFO  handler.ContextHandler (ContextHandler.java:doStop(1153)) - Stopped o.e.j.w.WebAppContext@66ca8c50{ozoneManager,/,null,STOPPED}{file:/home/runner/work/ozone/ozone/hadoop-ozone/integration-test/target/test-classes/webapps/ozoneManager}
2022-02-16 13:54:09,926 [Listener at 127.0.0.1/36649] INFO  server.AbstractConnector (AbstractConnector.java:doStop(381)) - Stopped ServerConnector@6020604b{HTTP/1.1, (http/1.1)}{0.0.0.0:39107}
2022-02-16 13:54:09,926 [Listener at 127.0.0.1/36649] INFO  server.session (HouseKeeper.java:stopScavenging(149)) - node0 Stopped scavenging
2022-02-16 13:54:09,926 [Listener at 127.0.0.1/36649] INFO  handler.ContextHandler (ContextHandler.java:doStop(1153)) - Stopped o.e.j.s.ServletContextHandler@34fc97d8{static,/static,file:///home/runner/work/ozone/ozone/hadoop-ozone/integration-test/target/test-classes/webapps/static,STOPPED}
2022-02-16 13:54:09,926 [Listener at 127.0.0.1/36649] INFO  handler.ContextHandler (ContextHandler.java:doStop(1153)) - Stopped o.e.j.s.ServletContextHandler@5ab7907e{logs,/logs,file:///home/runner/work/ozone/ozone/hadoop-ozone/integration-test/target/log,STOPPED}
2022-02-16 13:54:09,940 [Listener at 127.0.0.1/36649] INFO  ozone.MiniOzoneHAClusterImpl (MiniOzoneHAClusterImpl.java:stop(308)) - Stopping the OzoneManager omNode-bootstrap-1
2022-02-16 13:54:09,940 [Listener at 127.0.0.1/36649] INFO  om.OzoneManager (OzoneManager.java:stop(1893)) - omNode-bootstrap-1[localhost:35407]: Stopping Ozone Manager
2022-02-16 13:54:09,941 [Listener at 127.0.0.1/36649] INFO  ipc.Server (Server.java:stop(3414)) - Stopping server on 35407
2022-02-16 13:54:09,941 [Listener at 127.0.0.1/36649] INFO  ozone.MiniOzoneHAClusterImpl (MiniOzoneHAClusterImpl.java:stop(308)) - Stopping the OzoneManager omNode-bootstrap-2
2022-02-16 13:54:09,941 [Listener at 127.0.0.1/36649] INFO  om.OzoneManager (OzoneManager.java:stop(1893)) - omNode-bootstrap-2[localhost:36649]: Stopping Ozone Manager
2022-02-16 13:54:09,941 [Listener at 127.0.0.1/36649] INFO  ipc.Server (Server.java:stop(3414)) - Stopping server on 36649
2022-02-16 13:54:09,954 [IPC Server listener on 36649] INFO  ipc.Server (Server.java:run(1376)) - Stopping IPC Server listener on 36649
2022-02-16 13:54:09,954 [IPC Server Responder] INFO  ipc.Server (Server.java:run(1512)) - Stopping IPC Server Responder
2022-02-16 13:54:09,955 [Listener at 127.0.0.1/36649] INFO  server.RaftServer (RaftServerProxy.java:lambda$close$6(391)) - omNode-bootstrap-2: close
2022-02-16 13:54:09,955 [Listener at 127.0.0.1/36649] INFO  server.RaftServer$Division (RaftServerImpl.java:lambda$close$4(412)) - omNode-bootstrap-2@group-0AAC5367B30E: shutdown
2022-02-16 13:54:09,955 [Listener at 127.0.0.1/36649] INFO  util.JmxRegister (JmxRegister.java:unregister(73)) - Successfully un-registered JMX Bean with object name Ratis:service=RaftServer,group=group-0AAC5367B30E,id=omNode-bootstrap-2
2022-02-16 13:54:09,955 [Listener at 127.0.0.1/36649] INFO  impl.RoleInfo (RoleInfo.java:shutdownFollowerState(108)) - omNode-bootstrap-2: shutdown omNode-bootstrap-2@group-0AAC5367B30E-FollowerState
2022-02-16 13:54:09,955 [Listener at 127.0.0.1/36649] INFO  impl.StateMachineUpdater (StateMachineUpdater.java:stopAndJoin(149)) - omNode-bootstrap-2@group-0AAC5367B30E-StateMachineUpdater: set stopIndex = 11
2022-02-16 13:54:09,955 [omNode-bootstrap-2@group-0AAC5367B30E-FollowerState] INFO  impl.FollowerState (FollowerState.java:run(143)) - omNode-bootstrap-2@group-0AAC5367B30E-FollowerState was interrupted: {}
java.lang.InterruptedException: sleep interrupted
	at java.lang.Thread.sleep(Native Method)
	at java.lang.Thread.sleep(Thread.java:340)
	at java.util.concurrent.TimeUnit.sleep(TimeUnit.java:386)
	at org.apache.ratis.util.TimeDuration.sleep(TimeDuration.java:324)
	at org.apache.ratis.util.TimeDuration.sleep(TimeDuration.java:309)
	at org.apache.ratis.server.impl.FollowerState.run(FollowerState.java:118)
2022-02-16 13:54:09,956 [omNode-bootstrap-2@group-0AAC5367B30E-StateMachineUpdater] INFO  ratis.OzoneManagerStateMachine (OzoneManagerStateMachine.java:takeSnapshot(417)) - Current Snapshot Index (t:1, i:11)
2022-02-16 13:54:09,963 [omNode-bootstrap-2@group-0AAC5367B30E-StateMachineUpdater] INFO  impl.StateMachineUpdater (StateMachineUpdater.java:takeSnapshot(281)) - omNode-bootstrap-2@group-0AAC5367B30E-StateMachineUpdater: Took a snapshot at index 11
2022-02-16 13:54:09,963 [omNode-bootstrap-2@group-0AAC5367B30E-StateMachineUpdater] INFO  impl.StateMachineUpdater (StateMachineUpdater.java:lambda$new$0(89)) - omNode-bootstrap-2@group-0AAC5367B30E-StateMachineUpdater: snapshotIndex: updateIncreasingly 7 -> 11
2022-02-16 13:54:09,963 [omNode-bootstrap-2@group-0AAC5367B30E-StateMachineUpdater] INFO  ratis.OzoneManagerStateMachine (OzoneManagerStateMachine.java:close(471)) - StateMachine has shutdown. Shutdown OzoneManager if not already shutdown.
2022-02-16 13:54:09,963 [Listener at 127.0.0.1/36649] INFO  server.RaftServer$Division (ServerState.java:close(419)) - omNode-bootstrap-2@group-0AAC5367B30E: closes. applyIndex: 11
2022-02-16 13:54:09,964 [omNode-bootstrap-2@group-0AAC5367B30E-SegmentedRaftLogWorker] INFO  segmented.SegmentedRaftLogWorker (SegmentedRaftLogWorker.java:run(327)) - omNode-bootstrap-2@group-0AAC5367B30E-SegmentedRaftLogWorker was interrupted, exiting. There are 0 tasks remaining in the queue.
2022-02-16 13:54:09,967 [Listener at 127.0.0.1/36649] INFO  segmented.SegmentedRaftLogWorker (SegmentedRaftLogWorker.java:close(237)) - omNode-bootstrap-2@group-0AAC5367B30E-SegmentedRaftLogWorker close()
2022-02-16 13:54:09,968 [Listener at 127.0.0.1/36649] INFO  server.GrpcService (GrpcService.java:closeImpl(262)) - omNode-bootstrap-2: shutdown server with port 41993 now
2022-02-16 13:54:09,974 [Listener at 127.0.0.1/36649] INFO  server.GrpcService (GrpcService.java:closeImpl(271)) - omNode-bootstrap-2: shutdown server with port 41993 successfully
2022-02-16 13:54:09,975 [org.apache.ratis.util.JvmPauseMonitor$$Lambda$435/1382067285@6e6c7349] INFO  util.JvmPauseMonitor (JvmPauseMonitor.java:run(109)) - JvmPauseMonitor-omNode-bootstrap-2: Stopped
2022-02-16 13:54:09,975 [Listener at 127.0.0.1/36649] INFO  ratis.OzoneManagerDoubleBuffer (OzoneManagerDoubleBuffer.java:stop(437)) - Stopping OMDoubleBuffer flush thread
2022-02-16 13:54:09,975 [OMDoubleBufferFlushThread] INFO  ratis.OzoneManagerDoubleBuffer (OzoneManagerDoubleBuffer.java:flushTransactions(356)) - OMDoubleBuffer flush thread OMDoubleBufferFlushThread is interrupted and will exit. OMDoubleBufferFlushThread
2022-02-16 13:54:09,980 [Listener at 127.0.0.1/36649] INFO  utils.BackgroundService (BackgroundService.java:shutdown(132)) - Shutting down service KeyDeletingService
2022-02-16 13:54:09,981 [Listener at 127.0.0.1/36649] INFO  utils.BackgroundService (BackgroundService.java:shutdown(132)) - Shutting down service DirectoryDeletingService
2022-02-16 13:54:09,985 [Listener at 127.0.0.1/36649] INFO  handler.ContextHandler (ContextHandler.java:doStop(1153)) - Stopped o.e.j.w.WebAppContext@2c5928e9{ozoneManager,/,null,STOPPED}{file:/home/runner/work/ozone/ozone/hadoop-ozone/integration-test/target/test-classes/webapps/ozoneManager}
2022-02-16 13:54:09,987 [Listener at 127.0.0.1/36649] INFO  server.AbstractConnector (AbstractConnector.java:doStop(381)) - Stopped ServerConnector@369a936d{HTTP/1.1, (http/1.1)}{0.0.0.0:41523}
2022-02-16 13:54:09,987 [Listener at 127.0.0.1/36649] INFO  server.session (HouseKeeper.java:stopScavenging(149)) - node0 Stopped scavenging
2022-02-16 13:54:09,987 [Listener at 127.0.0.1/36649] INFO  handler.ContextHandler (ContextHandler.java:doStop(1153)) - Stopped o.e.j.s.ServletContextHandler@cf90654{static,/static,file:///home/runner/work/ozone/ozone/hadoop-ozone/integration-test/target/test-classes/webapps/static,STOPPED}
2022-02-16 13:54:09,988 [Listener at 127.0.0.1/36649] INFO  handler.ContextHandler (ContextHandler.java:doStop(1153)) - Stopped o.e.j.s.ServletContextHandler@37b0a41f{logs,/logs,file:///home/runner/work/ozone/ozone/hadoop-ozone/integration-test/target/log,STOPPED}
2022-02-16 13:54:09,996 [Listener at 127.0.0.1/36649] INFO  ozone.MiniOzoneHAClusterImpl (MiniOzoneHAClusterImpl.java:stop(316)) - Stopping the StorageContainerManager 95249411-7456-4ad4-a209-a7ba9f4cfc6c
2022-02-16 13:54:09,997 [Listener at 127.0.0.1/36649] INFO  server.StorageContainerManager (StorageContainerManager.java:stop(1390)) - Stopping Container Balancer service.
2022-02-16 13:54:09,997 [Listener at 127.0.0.1/36649] INFO  balancer.ContainerBalancer (ContainerBalancer.java:stop(751)) - Container Balancer is not running.
2022-02-16 13:54:09,997 [Listener at 127.0.0.1/36649] INFO  server.StorageContainerManager (StorageContainerManager.java:stop(1397)) - Stopping Replication Manager Service.
2022-02-16 13:54:09,997 [Listener at 127.0.0.1/36649] INFO  container.ReplicationManager (ReplicationManager.java:stop(357)) - Stopping Replication Monitor Thread.
2022-02-16 13:54:09,997 [Listener at 127.0.0.1/36649] INFO  server.StorageContainerManager (StorageContainerManager.java:stop(1404)) - Stopping the Datanode Admin Monitor.
2022-02-16 13:54:09,997 [Listener at 127.0.0.1/36649] INFO  server.StorageContainerManager (StorageContainerManager.java:stop(1411)) - Stopping Lease Manager of the command watchers
2022-02-16 13:54:09,997 [Listener at 127.0.0.1/36649] INFO  server.StorageContainerManager (StorageContainerManager.java:stop(1418)) - Stopping datanode service RPC server
2022-02-16 13:54:09,997 [Listener at 127.0.0.1/36649] INFO  server.SCMDatanodeProtocolServer (SCMDatanodeProtocolServer.java:stop(390)) - Stopping the RPC server for DataNodes
2022-02-16 13:54:09,999 [Listener at 127.0.0.1/36649] INFO  ipc.Server (Server.java:stop(3414)) - Stopping server on 35853
2022-02-16 13:54:10,007 [IPC Server Responder] INFO  ipc.Server (Server.java:run(1512)) - Stopping IPC Server Responder
2022-02-16 13:54:10,008 [IPC Server listener on 35853] INFO  ipc.Server (Server.java:run(1376)) - Stopping IPC Server listener on 35853
2022-02-16 13:54:10,097 [EndpointStateMachine task thread for /127.0.0.1:35853 - 0 ] WARN  statemachine.EndpointStateMachine (EndpointStateMachine.java:logIfNeeded(236)) - Unable to communicate to SCM server at 127.0.0.1:35853 for past 0 seconds.
java.io.EOFException: End of File Exception between local host is: "fv-az270-170/10.1.0.5"; destination host is: "localhost":35853; : java.io.EOFException; For more details see:  http://wiki.apache.org/hadoop/EOFException
	at sun.reflect.NativeConstructorAccessorImpl.newInstance0(Native Method)
	at sun.reflect.NativeConstructorAccessorImpl.newInstance(NativeConstructorAccessorImpl.java:62)
	at sun.reflect.DelegatingConstructorAccessorImpl.newInstance(DelegatingConstructorAccessorImpl.java:45)
	at java.lang.reflect.Constructor.newInstance(Constructor.java:423)
	at org.apache.hadoop.net.NetUtils.wrapWithMessage(NetUtils.java:913)
	at org.apache.hadoop.net.NetUtils.wrapException(NetUtils.java:862)
	at org.apache.hadoop.ipc.Client.getRpcResponse(Client.java:1577)
	at org.apache.hadoop.ipc.Client.call(Client.java:1519)
	at org.apache.hadoop.ipc.Client.call(Client.java:1416)
	at org.apache.hadoop.ipc.ProtobufRpcEngine$Invoker.invoke(ProtobufRpcEngine.java:236)
	at org.apache.hadoop.ipc.ProtobufRpcEngine$Invoker.invoke(ProtobufRpcEngine.java:123)
	at com.sun.proxy.$Proxy47.submitRequest(Unknown Source)
	at org.apache.hadoop.ozone.protocolPB.StorageContainerDatanodeProtocolClientSideTranslatorPB.submitRequest(StorageContainerDatanodeProtocolClientSideTranslatorPB.java:117)
	at org.apache.hadoop.ozone.protocolPB.StorageContainerDatanodeProtocolClientSideTranslatorPB.sendHeartbeat(StorageContainerDatanodeProtocolClientSideTranslatorPB.java:149)
	at org.apache.hadoop.ozone.container.common.states.endpoint.HeartbeatEndpointTask.call(HeartbeatEndpointTask.java:179)
	at org.apache.hadoop.ozone.container.common.states.endpoint.HeartbeatEndpointTask.call(HeartbeatEndpointTask.java:82)
	at java.util.concurrent.FutureTask.run(FutureTask.java:266)
	at java.util.concurrent.ThreadPoolExecutor.runWorker(ThreadPoolExecutor.java:1149)
	at java.util.concurrent.ThreadPoolExecutor$Worker.run(ThreadPoolExecutor.java:624)
	at java.lang.Thread.run(Thread.java:748)
Caused by: java.io.EOFException
	at java.io.DataInputStream.readInt(DataInputStream.java:392)
	at org.apache.hadoop.ipc.Client$IpcStreams.readResponse(Client.java:1892)
	at org.apache.hadoop.ipc.Client$Connection.receiveRpcResponse(Client.java:1202)
	at org.apache.hadoop.ipc.Client$Connection.run(Client.java:1098)
2022-02-16 13:54:10,709 [SCM Heartbeat Processing Thread - 0] WARN  node.NodeStateManager (NodeStateManager.java:scheduleNextHealthCheck(799)) - Current Thread is interrupted, shutting down HB processing thread for Node Manager.
2022-02-16 13:54:10,709 [Listener at 127.0.0.1/36649] INFO  server.StorageContainerManager (StorageContainerManager.java:stop(1426)) - Stopping block service RPC server
2022-02-16 13:54:10,709 [Listener at 127.0.0.1/36649] INFO  server.SCMBlockProtocolServer (SCMBlockProtocolServer.java:stop(160)) - Stopping the RPC server for Block Protocol
2022-02-16 13:54:10,709 [Listener at 127.0.0.1/36649] INFO  ipc.Server (Server.java:stop(3414)) - Stopping server on 32773
2022-02-16 13:54:10,713 [IPC Server listener on 32773] INFO  ipc.Server (Server.java:run(1376)) - Stopping IPC Server listener on 32773
2022-02-16 13:54:10,714 [Listener at 127.0.0.1/36649] INFO  server.StorageContainerManager (StorageContainerManager.java:stop(1433)) - Stopping the StorageContainerLocationProtocol RPC server
2022-02-16 13:54:10,715 [IPC Server Responder] INFO  ipc.Server (Server.java:run(1512)) - Stopping IPC Server Responder
2022-02-16 13:54:10,715 [Listener at 127.0.0.1/36649] INFO  server.SCMClientProtocolServer (SCMClientProtocolServer.java:stop(174)) - Stopping the RPC server for Client Protocol
2022-02-16 13:54:10,715 [Listener at 127.0.0.1/36649] INFO  ipc.Server (Server.java:stop(3414)) - Stopping server on 42775
2022-02-16 13:54:10,722 [IPC Server listener on 42775] INFO  ipc.Server (Server.java:run(1376)) - Stopping IPC Server listener on 42775
2022-02-16 13:54:10,722 [Listener at 127.0.0.1/36649] INFO  server.StorageContainerManager (StorageContainerManager.java:stop(1440)) - Stopping Storage Container Manager HTTP server.
2022-02-16 13:54:10,723 [Listener at 127.0.0.1/36649] INFO  handler.ContextHandler (ContextHandler.java:doStop(1153)) - Stopped o.e.j.w.WebAppContext@459539fb{scm,/,null,STOPPED}{file:/home/runner/work/ozone/ozone/hadoop-ozone/integration-test/target/test-classes/webapps/scm}
2022-02-16 13:54:10,723 [IPC Server Responder] INFO  ipc.Server (Server.java:run(1512)) - Stopping IPC Server Responder
2022-02-16 13:54:10,731 [Listener at 127.0.0.1/36649] INFO  server.AbstractConnector (AbstractConnector.java:doStop(381)) - Stopped ServerConnector@2a717d3d{HTTP/1.1, (http/1.1)}{0.0.0.0:45603}
2022-02-16 13:54:10,742 [Listener at 127.0.0.1/36649] INFO  server.session (HouseKeeper.java:stopScavenging(149)) - node0 Stopped scavenging
2022-02-16 13:54:10,743 [Listener at 127.0.0.1/36649] INFO  handler.ContextHandler (ContextHandler.java:doStop(1153)) - Stopped o.e.j.s.ServletContextHandler@43aced6c{static,/static,file:///home/runner/work/ozone/ozone/hadoop-ozone/integration-test/target/test-classes/webapps/static,STOPPED}
2022-02-16 13:54:10,743 [Listener at 127.0.0.1/36649] INFO  handler.ContextHandler (ContextHandler.java:doStop(1153)) - Stopped o.e.j.s.ServletContextHandler@1eaa00f0{logs,/logs,file:///home/runner/work/ozone/ozone/hadoop-ozone/integration-test/target/log,STOPPED}
2022-02-16 13:54:10,744 [Listener at 127.0.0.1/36649] INFO  server.StorageContainerManager (StorageContainerManager.java:stop(1451)) - Stopping Block Manager Service.
2022-02-16 13:54:10,744 [Listener at 127.0.0.1/36649] INFO  utils.BackgroundService (BackgroundService.java:shutdown(132)) - Shutting down service SCMBlockDeletingService
2022-02-16 13:54:10,744 [Listener at 127.0.0.1/36649] INFO  utils.BackgroundService (BackgroundService.java:shutdown(132)) - Shutting down service SCMBlockDeletingService
2022-02-16 13:54:10,744 [Listener at 127.0.0.1/36649] INFO  server.StorageContainerManager (StorageContainerManager.java:stop(1478)) - Stopping SCM Event Queue.
2022-02-16 13:54:10,746 [Listener at 127.0.0.1/36649] INFO  server.StorageContainerManager (StorageContainerManager.java:stop(1489)) - Stopping SCM HA services.
2022-02-16 13:54:10,747 [Listener at 127.0.0.1/36649] INFO  ha.SCMRatisServerImpl (SCMRatisServerImpl.java:stop(236)) - stopping ratis server 0.0.0.0:34179
2022-02-16 13:54:10,747 [Listener at 127.0.0.1/36649] INFO  server.RaftServer (RaftServerProxy.java:lambda$close$6(391)) - 95249411-7456-4ad4-a209-a7ba9f4cfc6c: close
2022-02-16 13:54:10,747 [Listener at 127.0.0.1/36649] INFO  server.RaftServer$Division (RaftServerImpl.java:lambda$close$4(412)) - 95249411-7456-4ad4-a209-a7ba9f4cfc6c@group-635BB6B223CA: shutdown
2022-02-16 13:54:10,747 [Listener at 127.0.0.1/36649] INFO  util.JmxRegister (JmxRegister.java:unregister(73)) - Successfully un-registered JMX Bean with object name Ratis:service=RaftServer,group=group-635BB6B223CA,id=95249411-7456-4ad4-a209-a7ba9f4cfc6c
2022-02-16 13:54:10,747 [Listener at 127.0.0.1/36649] INFO  impl.RoleInfo (RoleInfo.java:shutdownLeaderState(91)) - 95249411-7456-4ad4-a209-a7ba9f4cfc6c: shutdown 95249411-7456-4ad4-a209-a7ba9f4cfc6c@group-635BB6B223CA-LeaderStateImpl
2022-02-16 13:54:10,747 [Listener at 127.0.0.1/36649] INFO  impl.PendingRequests (PendingRequests.java:sendNotLeaderResponses(282)) - 95249411-7456-4ad4-a209-a7ba9f4cfc6c@group-635BB6B223CA-PendingRequests: sendNotLeaderResponses
2022-02-16 13:54:10,747 [Listener at 127.0.0.1/36649] INFO  ha.SCMStateMachine (SCMStateMachine.java:notifyNotLeader(190)) - current leader SCM steps down.
2022-02-16 13:54:10,748 [Listener at 127.0.0.1/36649] INFO  ha.SCMContext (SCMContext.java:updateLeaderAndTerm(90)) - update <isLeader,term> from <true,2> to <false,0>
2022-02-16 13:54:10,748 [Listener at 127.0.0.1/36649] INFO  ha.SCMContext (SCMContext.java:updateLeaderAndTerm(97)) - update <isLeaderReady> from <false> to <false>
2022-02-16 13:54:10,760 [Listener at 127.0.0.1/36649] INFO  impl.StateMachineUpdater (StateMachineUpdater.java:stopAndJoin(149)) - 95249411-7456-4ad4-a209-a7ba9f4cfc6c@group-635BB6B223CA-StateMachineUpdater: set stopIndex = 30
2022-02-16 13:54:10,761 [95249411-7456-4ad4-a209-a7ba9f4cfc6c@group-635BB6B223CA-StateMachineUpdater] INFO  ha.SCMStateMachine (SCMStateMachine.java:takeSnapshot(297)) - Current Snapshot Index 30, takeSnapshot took 0 ms
2022-02-16 13:54:10,761 [95249411-7456-4ad4-a209-a7ba9f4cfc6c@group-635BB6B223CA-StateMachineUpdater] INFO  impl.StateMachineUpdater (StateMachineUpdater.java:takeSnapshot(281)) - 95249411-7456-4ad4-a209-a7ba9f4cfc6c@group-635BB6B223CA-StateMachineUpdater: Took a snapshot at index 30
2022-02-16 13:54:10,761 [95249411-7456-4ad4-a209-a7ba9f4cfc6c@group-635BB6B223CA-StateMachineUpdater] INFO  impl.StateMachineUpdater (StateMachineUpdater.java:lambda$new$0(89)) - 95249411-7456-4ad4-a209-a7ba9f4cfc6c@group-635BB6B223CA-StateMachineUpdater: snapshotIndex: updateIncreasingly -1 -> 30
2022-02-16 13:54:10,761 [Listener at 127.0.0.1/36649] INFO  server.RaftServer$Division (ServerState.java:close(419)) - 95249411-7456-4ad4-a209-a7ba9f4cfc6c@group-635BB6B223CA: closes. applyIndex: 30
2022-02-16 13:54:10,761 [95249411-7456-4ad4-a209-a7ba9f4cfc6c@group-635BB6B223CA-SegmentedRaftLogWorker] INFO  segmented.SegmentedRaftLogWorker (SegmentedRaftLogWorker.java:run(327)) - 95249411-7456-4ad4-a209-a7ba9f4cfc6c@group-635BB6B223CA-SegmentedRaftLogWorker was interrupted, exiting. There are 0 tasks remaining in the queue.
2022-02-16 13:54:10,763 [Listener at 127.0.0.1/36649] INFO  segmented.SegmentedRaftLogWorker (SegmentedRaftLogWorker.java:close(237)) - 95249411-7456-4ad4-a209-a7ba9f4cfc6c@group-635BB6B223CA-SegmentedRaftLogWorker close()
2022-02-16 13:54:10,764 [Listener at 127.0.0.1/36649] INFO  server.GrpcService (GrpcService.java:closeImpl(262)) - 95249411-7456-4ad4-a209-a7ba9f4cfc6c: shutdown server with port 34179 now
2022-02-16 13:54:10,764 [Listener at 127.0.0.1/36649] INFO  server.GrpcService (GrpcService.java:closeImpl(271)) - 95249411-7456-4ad4-a209-a7ba9f4cfc6c: shutdown server with port 34179 successfully
2022-02-16 13:54:10,764 [org.apache.ratis.util.JvmPauseMonitor$$Lambda$435/1382067285@585d6907] INFO  util.JvmPauseMonitor (JvmPauseMonitor.java:run(109)) - JvmPauseMonitor-95249411-7456-4ad4-a209-a7ba9f4cfc6c: Stopped
2022-02-16 13:54:10,764 [Listener at 127.0.0.1/36649] INFO  pipeline.BackgroundPipelineCreator (BackgroundPipelineCreator.java:stop(158)) - Stopping RatisPipelineUtilsThread.
2022-02-16 13:54:10,765 [Listener at 127.0.0.1/36649] INFO  server.StorageContainerManager (StorageContainerManager.java:stop(1499)) - Stopping SCM MetadataStore.
2022-02-16 13:54:10,765 [Listener at 127.0.0.1/36649] INFO  impl.MetricsSystemImpl (MetricsSystemImpl.java:stop(210)) - Stopping OzoneManager metrics system...
2022-02-16 13:54:10,778 [prometheus] INFO  impl.MetricsSinkAdapter (MetricsSinkAdapter.java:publishMetricsFromQueue(141)) - prometheus thread interrupted.
2022-02-16 13:54:10,779 [Listener at 127.0.0.1/36649] INFO  impl.MetricsSystemImpl (MetricsSystemImpl.java:stop(216)) - OzoneManager metrics system stopped.
2022-02-16 13:54:10,779 [Listener at 127.0.0.1/36649] INFO  ozone.MiniOzoneClusterImpl (MiniOzoneClusterImpl.java:stop(452)) - Stopping the Mini Ozone Cluster
2022-02-16 13:54:10,779 [Listener at 127.0.0.1/36649] INFO  ozone.MiniOzoneClusterImpl (MiniOzoneClusterImpl.java:stopDatanodes(511)) - Stopping the HddsDatanodes
2022-02-16 13:54:10,782 [EndpointStateMachine task thread for /127.0.0.1:40707 - 0 ] INFO  ipc.Client (Client.java:handleConnectionFailure(977)) - Retrying connect to server: localhost/127.0.0.1:40707. Already tried 7 time(s); retry policy is RetryUpToMaximumCountWithFixedSleep(maxRetries=15, sleepTime=1000 MILLISECONDS)
2022-02-16 13:54:11,123 [Datanode State Machine Daemon Thread] WARN  statemachine.StateContext (StateContext.java:setState(249)) - Ignore disallowed transition from SHUTDOWN to RUNNING
2022-02-16 13:54:11,124 [EndpointStateMachine task thread for /127.0.0.1:35853 - 0 ] INFO  ipc.Client (Client.java:handleConnectionFailure(977)) - Retrying connect to server: localhost/127.0.0.1:35853. Already tried 0 time(s); retry policy is RetryUpToMaximumCountWithFixedSleep(maxRetries=15, sleepTime=1000 MILLISECONDS)
2022-02-16 13:54:11,580 [Datanode State Machine Daemon Thread] WARN  statemachine.StateContext (StateContext.java:setState(249)) - Ignore disallowed transition from SHUTDOWN to RUNNING
2022-02-16 13:54:11,782 [EndpointStateMachine task thread for /127.0.0.1:40707 - 0 ] INFO  ipc.Client (Client.java:handleConnectionFailure(977)) - Retrying connect to server: localhost/127.0.0.1:40707. Already tried 8 time(s); retry policy is RetryUpToMaximumCountWithFixedSleep(maxRetries=15, sleepTime=1000 MILLISECONDS)
2022-02-16 13:54:12,124 [EndpointStateMachine task thread for /127.0.0.1:35853 - 0 ] INFO  ipc.Client (Client.java:handleConnectionFailure(977)) - Retrying connect to server: localhost/127.0.0.1:35853. Already tried 1 time(s); retry policy is RetryUpToMaximumCountWithFixedSleep(maxRetries=15, sleepTime=1000 MILLISECONDS)
2022-02-16 13:54:12,783 [EndpointStateMachine task thread for /127.0.0.1:40707 - 0 ] INFO  ipc.Client (Client.java:handleConnectionFailure(977)) - Retrying connect to server: localhost/127.0.0.1:40707. Already tried 9 time(s); retry policy is RetryUpToMaximumCountWithFixedSleep(maxRetries=15, sleepTime=1000 MILLISECONDS)
2022-02-16 13:54:13,125 [EndpointStateMachine task thread for /127.0.0.1:35853 - 0 ] INFO  ipc.Client (Client.java:handleConnectionFailure(977)) - Retrying connect to server: localhost/127.0.0.1:35853. Already tried 2 time(s); retry policy is RetryUpToMaximumCountWithFixedSleep(maxRetries=15, sleepTime=1000 MILLISECONDS)
2022-02-16 13:54:13,784 [EndpointStateMachine task thread for /127.0.0.1:40707 - 0 ] INFO  ipc.Client (Client.java:handleConnectionFailure(977)) - Retrying connect to server: localhost/127.0.0.1:40707. Already tried 10 time(s); retry policy is RetryUpToMaximumCountWithFixedSleep(maxRetries=15, sleepTime=1000 MILLISECONDS)
2022-02-16 13:54:14,126 [EndpointStateMachine task thread for /127.0.0.1:35853 - 0 ] INFO  ipc.Client (Client.java:handleConnectionFailure(977)) - Retrying connect to server: localhost/127.0.0.1:35853. Already tried 3 time(s); retry policy is RetryUpToMaximumCountWithFixedSleep(maxRetries=15, sleepTime=1000 MILLISECONDS)
2022-02-16 13:54:14,784 [EndpointStateMachine task thread for /127.0.0.1:40707 - 0 ] INFO  ipc.Client (Client.java:handleConnectionFailure(977)) - Retrying connect to server: localhost/127.0.0.1:40707. Already tried 11 time(s); retry policy is RetryUpToMaximumCountWithFixedSleep(maxRetries=15, sleepTime=1000 MILLISECONDS)
2022-02-16 13:54:15,126 [EndpointStateMachine task thread for /127.0.0.1:35853 - 0 ] INFO  ipc.Client (Client.java:handleConnectionFailure(977)) - Retrying connect to server: localhost/127.0.0.1:35853. Already tried 4 time(s); retry policy is RetryUpToMaximumCountWithFixedSleep(maxRetries=15, sleepTime=1000 MILLISECONDS)
2022-02-16 13:54:15,780 [Listener at 127.0.0.1/36649] INFO  ozoneimpl.OzoneContainer (OzoneContainer.java:stop(336)) - Attempting to stop container services.
2022-02-16 13:54:15,780 [ForkJoinPool.commonPool-worker-1] INFO  ozoneimpl.OzoneContainer (OzoneContainer.java:stop(336)) - Attempting to stop container services.
2022-02-16 13:54:15,783 [ForkJoinPool.commonPool-worker-1] INFO  server.RaftServer (RaftServerProxy.java:lambda$close$6(391)) - 1da67b63-4649-4db0-a931-db15f446f8ab: close
2022-02-16 13:54:15,783 [ForkJoinPool.commonPool-worker-1] INFO  server.RaftServer$Division (RaftServerImpl.java:lambda$close$4(412)) - 1da67b63-4649-4db0-a931-db15f446f8ab@group-A8A4ADD531BB: shutdown
2022-02-16 13:54:15,783 [Listener at 127.0.0.1/36649] INFO  server.RaftServer (RaftServerProxy.java:lambda$close$6(391)) - f85876aa-b1dd-4474-bc29-05da8abc0eac: close
2022-02-16 13:54:15,783 [ForkJoinPool.commonPool-worker-1] INFO  util.JmxRegister (JmxRegister.java:unregister(73)) - Successfully un-registered JMX Bean with object name Ratis:service=RaftServer,group=group-A8A4ADD531BB,id=1da67b63-4649-4db0-a931-db15f446f8ab
2022-02-16 13:54:15,783 [ForkJoinPool.commonPool-worker-1] INFO  impl.RoleInfo (RoleInfo.java:shutdownLeaderState(91)) - 1da67b63-4649-4db0-a931-db15f446f8ab: shutdown 1da67b63-4649-4db0-a931-db15f446f8ab@group-A8A4ADD531BB-LeaderStateImpl
2022-02-16 13:54:15,783 [Listener at 127.0.0.1/36649] INFO  server.RaftServer$Division (RaftServerImpl.java:lambda$close$4(412)) - f85876aa-b1dd-4474-bc29-05da8abc0eac@group-A8A4ADD531BB: shutdown
2022-02-16 13:54:15,784 [Listener at 127.0.0.1/36649] INFO  util.JmxRegister (JmxRegister.java:unregister(73)) - Successfully un-registered JMX Bean with object name Ratis:service=RaftServer,group=group-A8A4ADD531BB,id=f85876aa-b1dd-4474-bc29-05da8abc0eac
2022-02-16 13:54:15,784 [Listener at 127.0.0.1/36649] INFO  impl.RoleInfo (RoleInfo.java:shutdownFollowerState(108)) - f85876aa-b1dd-4474-bc29-05da8abc0eac: shutdown f85876aa-b1dd-4474-bc29-05da8abc0eac@group-A8A4ADD531BB-FollowerState
2022-02-16 13:54:15,784 [ForkJoinPool.commonPool-worker-1] INFO  impl.PendingRequests (PendingRequests.java:sendNotLeaderResponses(282)) - 1da67b63-4649-4db0-a931-db15f446f8ab@group-A8A4ADD531BB-PendingRequests: sendNotLeaderResponses
2022-02-16 13:54:15,785 [ForkJoinPool.commonPool-worker-1] INFO  impl.StateMachineUpdater (StateMachineUpdater.java:stopAndJoin(149)) - 1da67b63-4649-4db0-a931-db15f446f8ab@group-A8A4ADD531BB-StateMachineUpdater: set stopIndex = 0
2022-02-16 13:54:15,785 [f85876aa-b1dd-4474-bc29-05da8abc0eac@group-A8A4ADD531BB-StateMachineUpdater] INFO  ratis.ContainerStateMachine (ContainerStateMachine.java:takeSnapshot(299)) - group-A8A4ADD531BB: Taking a snapshot at:(t:1, i:0) file /home/runner/work/ozone/ozone/hadoop-ozone/integration-test/target/test-dir/MiniOzoneClusterImpl-86a05728-24a0-44bd-862c-635bb6b223ca/datanode-1/data/ratis/99cf2237-6757-4cc6-8903-a8a4add531bb/sm/snapshot.1_0
2022-02-16 13:54:15,785 [EndpointStateMachine task thread for /127.0.0.1:40707 - 0 ] INFO  ipc.Client (Client.java:handleConnectionFailure(977)) - Retrying connect to server: localhost/127.0.0.1:40707. Already tried 12 time(s); retry policy is RetryUpToMaximumCountWithFixedSleep(maxRetries=15, sleepTime=1000 MILLISECONDS)
2022-02-16 13:54:15,786 [grpc-default-executor-3] INFO  server.GrpcServerProtocolService (GrpcServerProtocolService.java:onCompleted(140)) - f85876aa-b1dd-4474-bc29-05da8abc0eac: Completed APPEND_ENTRIES, lastRequest: 1da67b63-4649-4db0-a931-db15f446f8ab->f85876aa-b1dd-4474-bc29-05da8abc0eac#1-t1,previous=(t:0, i:0),leaderCommit=0,initializing? true,entries: size=1, first=(t:1, i:0), CONFIGURATIONENTRY
2022-02-16 13:54:15,786 [grpc-default-executor-2] INFO  server.GrpcServerProtocolService (GrpcServerProtocolService.java:onCompleted(140)) - 639e78e2-4776-4f8b-889b-5f4caefdc1ac: Completed APPEND_ENTRIES, lastRequest: 1da67b63-4649-4db0-a931-db15f446f8ab->639e78e2-4776-4f8b-889b-5f4caefdc1ac#1-t1,previous=(t:0, i:0),leaderCommit=-1,initializing? true,entries: size=1, first=(t:1, i:0), CONFIGURATIONENTRY
2022-02-16 13:54:15,784 [Listener at 127.0.0.1/36649] INFO  impl.StateMachineUpdater (StateMachineUpdater.java:stopAndJoin(149)) - f85876aa-b1dd-4474-bc29-05da8abc0eac@group-A8A4ADD531BB-StateMachineUpdater: set stopIndex = 0
2022-02-16 13:54:15,792 [f85876aa-b1dd-4474-bc29-05da8abc0eac@group-A8A4ADD531BB-StateMachineUpdater] INFO  ratis.ContainerStateMachine (ContainerStateMachine.java:takeSnapshot(310)) - group-A8A4ADD531BB: Finished taking a snapshot at:(t:1, i:0) file:/home/runner/work/ozone/ozone/hadoop-ozone/integration-test/target/test-dir/MiniOzoneClusterImpl-86a05728-24a0-44bd-862c-635bb6b223ca/datanode-1/data/ratis/99cf2237-6757-4cc6-8903-a8a4add531bb/sm/snapshot.1_0 took: 7 ms
2022-02-16 13:54:15,786 [1da67b63-4649-4db0-a931-db15f446f8ab@group-A8A4ADD531BB-StateMachineUpdater] INFO  ratis.ContainerStateMachine (ContainerStateMachine.java:takeSnapshot(299)) - group-A8A4ADD531BB: Taking a snapshot at:(t:1, i:0) file /home/runner/work/ozone/ozone/hadoop-ozone/integration-test/target/test-dir/MiniOzoneClusterImpl-86a05728-24a0-44bd-862c-635bb6b223ca/datanode-0/data/ratis/99cf2237-6757-4cc6-8903-a8a4add531bb/sm/snapshot.1_0
2022-02-16 13:54:15,792 [f85876aa-b1dd-4474-bc29-05da8abc0eac@group-A8A4ADD531BB-StateMachineUpdater] INFO  impl.StateMachineUpdater (StateMachineUpdater.java:takeSnapshot(281)) - f85876aa-b1dd-4474-bc29-05da8abc0eac@group-A8A4ADD531BB-StateMachineUpdater: Took a snapshot at index 0
2022-02-16 13:54:15,792 [f85876aa-b1dd-4474-bc29-05da8abc0eac@group-A8A4ADD531BB-StateMachineUpdater] INFO  impl.StateMachineUpdater (StateMachineUpdater.java:lambda$new$0(89)) - f85876aa-b1dd-4474-bc29-05da8abc0eac@group-A8A4ADD531BB-StateMachineUpdater: snapshotIndex: updateIncreasingly -1 -> 0
2022-02-16 13:54:15,785 [f85876aa-b1dd-4474-bc29-05da8abc0eac@group-A8A4ADD531BB-FollowerState] INFO  impl.FollowerState (FollowerState.java:run(143)) - f85876aa-b1dd-4474-bc29-05da8abc0eac@group-A8A4ADD531BB-FollowerState was interrupted: {}
java.lang.InterruptedException: sleep interrupted
	at java.lang.Thread.sleep(Native Method)
	at java.lang.Thread.sleep(Thread.java:340)
	at java.util.concurrent.TimeUnit.sleep(TimeUnit.java:386)
	at org.apache.ratis.util.TimeDuration.sleep(TimeDuration.java:324)
	at org.apache.ratis.util.TimeDuration.sleep(TimeDuration.java:309)
	at org.apache.ratis.server.impl.FollowerState.run(FollowerState.java:118)
2022-02-16 13:54:15,793 [Listener at 127.0.0.1/36649] INFO  server.RaftServer$Division (ServerState.java:close(419)) - f85876aa-b1dd-4474-bc29-05da8abc0eac@group-A8A4ADD531BB: closes. applyIndex: 0
2022-02-16 13:54:15,793 [f85876aa-b1dd-4474-bc29-05da8abc0eac@group-A8A4ADD531BB-SegmentedRaftLogWorker] INFO  segmented.SegmentedRaftLogWorker (SegmentedRaftLogWorker.java:run(327)) - f85876aa-b1dd-4474-bc29-05da8abc0eac@group-A8A4ADD531BB-SegmentedRaftLogWorker was interrupted, exiting. There are 0 tasks remaining in the queue.
2022-02-16 13:54:15,793 [1da67b63-4649-4db0-a931-db15f446f8ab@group-A8A4ADD531BB-StateMachineUpdater] INFO  ratis.ContainerStateMachine (ContainerStateMachine.java:takeSnapshot(310)) - group-A8A4ADD531BB: Finished taking a snapshot at:(t:1, i:0) file:/home/runner/work/ozone/ozone/hadoop-ozone/integration-test/target/test-dir/MiniOzoneClusterImpl-86a05728-24a0-44bd-862c-635bb6b223ca/datanode-0/data/ratis/99cf2237-6757-4cc6-8903-a8a4add531bb/sm/snapshot.1_0 took: 7 ms
2022-02-16 13:54:15,793 [1da67b63-4649-4db0-a931-db15f446f8ab@group-A8A4ADD531BB-StateMachineUpdater] INFO  impl.StateMachineUpdater (StateMachineUpdater.java:takeSnapshot(281)) - 1da67b63-4649-4db0-a931-db15f446f8ab@group-A8A4ADD531BB-StateMachineUpdater: Took a snapshot at index 0
2022-02-16 13:54:15,793 [1da67b63-4649-4db0-a931-db15f446f8ab@group-A8A4ADD531BB-StateMachineUpdater] INFO  impl.StateMachineUpdater (StateMachineUpdater.java:lambda$new$0(89)) - 1da67b63-4649-4db0-a931-db15f446f8ab@group-A8A4ADD531BB-StateMachineUpdater: snapshotIndex: updateIncreasingly -1 -> 0
2022-02-16 13:54:15,794 [ForkJoinPool.commonPool-worker-1] INFO  server.RaftServer$Division (ServerState.java:close(419)) - 1da67b63-4649-4db0-a931-db15f446f8ab@group-A8A4ADD531BB: closes. applyIndex: 0
2022-02-16 13:54:15,794 [1da67b63-4649-4db0-a931-db15f446f8ab@group-A8A4ADD531BB-SegmentedRaftLogWorker] INFO  segmented.SegmentedRaftLogWorker (SegmentedRaftLogWorker.java:run(327)) - 1da67b63-4649-4db0-a931-db15f446f8ab@group-A8A4ADD531BB-SegmentedRaftLogWorker was interrupted, exiting. There are 0 tasks remaining in the queue.
2022-02-16 13:54:15,797 [Listener at 127.0.0.1/36649] INFO  segmented.SegmentedRaftLogWorker (SegmentedRaftLogWorker.java:close(237)) - f85876aa-b1dd-4474-bc29-05da8abc0eac@group-A8A4ADD531BB-SegmentedRaftLogWorker close()
2022-02-16 13:54:15,798 [Listener at 127.0.0.1/36649] INFO  server.RaftServer$Division (RaftServerImpl.java:lambda$close$4(412)) - f85876aa-b1dd-4474-bc29-05da8abc0eac@group-14CF7FCC0F77: shutdown
2022-02-16 13:54:15,798 [Listener at 127.0.0.1/36649] INFO  util.JmxRegister (JmxRegister.java:unregister(73)) - Successfully un-registered JMX Bean with object name Ratis:service=RaftServer,group=group-14CF7FCC0F77,id=f85876aa-b1dd-4474-bc29-05da8abc0eac
2022-02-16 13:54:15,798 [Listener at 127.0.0.1/36649] INFO  impl.RoleInfo (RoleInfo.java:shutdownFollowerState(108)) - f85876aa-b1dd-4474-bc29-05da8abc0eac: shutdown f85876aa-b1dd-4474-bc29-05da8abc0eac@group-14CF7FCC0F77-FollowerState
2022-02-16 13:54:15,799 [Listener at 127.0.0.1/36649] INFO  impl.StateMachineUpdater (StateMachineUpdater.java:stopAndJoin(149)) - f85876aa-b1dd-4474-bc29-05da8abc0eac@group-14CF7FCC0F77-StateMachineUpdater: set stopIndex = 0
2022-02-16 13:54:15,799 [f85876aa-b1dd-4474-bc29-05da8abc0eac@group-14CF7FCC0F77-StateMachineUpdater] INFO  ratis.ContainerStateMachine (ContainerStateMachine.java:takeSnapshot(299)) - group-14CF7FCC0F77: Taking a snapshot at:(t:1, i:0) file /home/runner/work/ozone/ozone/hadoop-ozone/integration-test/target/test-dir/MiniOzoneClusterImpl-86a05728-24a0-44bd-862c-635bb6b223ca/datanode-1/data/ratis/66698711-a050-4ba1-96ed-14cf7fcc0f77/sm/snapshot.1_0
2022-02-16 13:54:15,799 [ForkJoinPool.commonPool-worker-1] INFO  segmented.SegmentedRaftLogWorker (SegmentedRaftLogWorker.java:close(237)) - 1da67b63-4649-4db0-a931-db15f446f8ab@group-A8A4ADD531BB-SegmentedRaftLogWorker close()
2022-02-16 13:54:15,800 [f85876aa-b1dd-4474-bc29-05da8abc0eac@group-14CF7FCC0F77-StateMachineUpdater] INFO  ratis.ContainerStateMachine (ContainerStateMachine.java:takeSnapshot(310)) - group-14CF7FCC0F77: Finished taking a snapshot at:(t:1, i:0) file:/home/runner/work/ozone/ozone/hadoop-ozone/integration-test/target/test-dir/MiniOzoneClusterImpl-86a05728-24a0-44bd-862c-635bb6b223ca/datanode-1/data/ratis/66698711-a050-4ba1-96ed-14cf7fcc0f77/sm/snapshot.1_0 took: 1 ms
2022-02-16 13:54:15,800 [f85876aa-b1dd-4474-bc29-05da8abc0eac@group-14CF7FCC0F77-StateMachineUpdater] INFO  impl.StateMachineUpdater (StateMachineUpdater.java:takeSnapshot(281)) - f85876aa-b1dd-4474-bc29-05da8abc0eac@group-14CF7FCC0F77-StateMachineUpdater: Took a snapshot at index 0
2022-02-16 13:54:15,800 [f85876aa-b1dd-4474-bc29-05da8abc0eac@group-14CF7FCC0F77-StateMachineUpdater] INFO  impl.StateMachineUpdater (StateMachineUpdater.java:lambda$new$0(89)) - f85876aa-b1dd-4474-bc29-05da8abc0eac@group-14CF7FCC0F77-StateMachineUpdater: snapshotIndex: updateIncreasingly -1 -> 0
2022-02-16 13:54:15,800 [Listener at 127.0.0.1/36649] INFO  server.RaftServer$Division (ServerState.java:close(419)) - f85876aa-b1dd-4474-bc29-05da8abc0eac@group-14CF7FCC0F77: closes. applyIndex: 0
2022-02-16 13:54:15,800 [f85876aa-b1dd-4474-bc29-05da8abc0eac@group-14CF7FCC0F77-SegmentedRaftLogWorker] INFO  segmented.SegmentedRaftLogWorker (SegmentedRaftLogWorker.java:run(327)) - f85876aa-b1dd-4474-bc29-05da8abc0eac@group-14CF7FCC0F77-SegmentedRaftLogWorker was interrupted, exiting. There are 0 tasks remaining in the queue.
2022-02-16 13:54:15,801 [f85876aa-b1dd-4474-bc29-05da8abc0eac@group-14CF7FCC0F77-FollowerState] INFO  impl.FollowerState (FollowerState.java:run(143)) - f85876aa-b1dd-4474-bc29-05da8abc0eac@group-14CF7FCC0F77-FollowerState was interrupted: {}
java.lang.InterruptedException: sleep interrupted
	at java.lang.Thread.sleep(Native Method)
	at java.lang.Thread.sleep(Thread.java:340)
	at java.util.concurrent.TimeUnit.sleep(TimeUnit.java:386)
	at org.apache.ratis.util.TimeDuration.sleep(TimeDuration.java:324)
	at org.apache.ratis.util.TimeDuration.sleep(TimeDuration.java:309)
	at org.apache.ratis.server.impl.FollowerState.run(FollowerState.java:118)
2022-02-16 13:54:15,802 [Listener at 127.0.0.1/36649] INFO  segmented.SegmentedRaftLogWorker (SegmentedRaftLogWorker.java:close(237)) - f85876aa-b1dd-4474-bc29-05da8abc0eac@group-14CF7FCC0F77-SegmentedRaftLogWorker close()
2022-02-16 13:54:15,803 [ForkJoinPool.commonPool-worker-1] INFO  server.RaftServer$Division (RaftServerImpl.java:lambda$close$4(412)) - 1da67b63-4649-4db0-a931-db15f446f8ab@group-14CF7FCC0F77: shutdown
2022-02-16 13:54:15,811 [ForkJoinPool.commonPool-worker-1] INFO  util.JmxRegister (JmxRegister.java:unregister(73)) - Successfully un-registered JMX Bean with object name Ratis:service=RaftServer,group=group-14CF7FCC0F77,id=1da67b63-4649-4db0-a931-db15f446f8ab
2022-02-16 13:54:15,811 [ForkJoinPool.commonPool-worker-1] INFO  impl.RoleInfo (RoleInfo.java:shutdownFollowerState(108)) - 1da67b63-4649-4db0-a931-db15f446f8ab: shutdown 1da67b63-4649-4db0-a931-db15f446f8ab@group-14CF7FCC0F77-FollowerState
2022-02-16 13:54:15,811 [ForkJoinPool.commonPool-worker-1] INFO  impl.StateMachineUpdater (StateMachineUpdater.java:stopAndJoin(149)) - 1da67b63-4649-4db0-a931-db15f446f8ab@group-14CF7FCC0F77-StateMachineUpdater: set stopIndex = 0
2022-02-16 13:54:15,811 [1da67b63-4649-4db0-a931-db15f446f8ab@group-14CF7FCC0F77-FollowerState] INFO  impl.FollowerState (FollowerState.java:run(143)) - 1da67b63-4649-4db0-a931-db15f446f8ab@group-14CF7FCC0F77-FollowerState was interrupted: {}
java.lang.InterruptedException: sleep interrupted
	at java.lang.Thread.sleep(Native Method)
	at java.lang.Thread.sleep(Thread.java:340)
	at java.util.concurrent.TimeUnit.sleep(TimeUnit.java:386)
	at org.apache.ratis.util.TimeDuration.sleep(TimeDuration.java:324)
	at org.apache.ratis.util.TimeDuration.sleep(TimeDuration.java:309)
	at org.apache.ratis.server.impl.FollowerState.run(FollowerState.java:118)
2022-02-16 13:54:15,811 [1da67b63-4649-4db0-a931-db15f446f8ab@group-14CF7FCC0F77-StateMachineUpdater] INFO  ratis.ContainerStateMachine (ContainerStateMachine.java:takeSnapshot(299)) - group-14CF7FCC0F77: Taking a snapshot at:(t:1, i:0) file /home/runner/work/ozone/ozone/hadoop-ozone/integration-test/target/test-dir/MiniOzoneClusterImpl-86a05728-24a0-44bd-862c-635bb6b223ca/datanode-0/data/ratis/66698711-a050-4ba1-96ed-14cf7fcc0f77/sm/snapshot.1_0
2022-02-16 13:54:15,812 [1da67b63-4649-4db0-a931-db15f446f8ab@group-14CF7FCC0F77-StateMachineUpdater] INFO  ratis.ContainerStateMachine (ContainerStateMachine.java:takeSnapshot(310)) - group-14CF7FCC0F77: Finished taking a snapshot at:(t:1, i:0) file:/home/runner/work/ozone/ozone/hadoop-ozone/integration-test/target/test-dir/MiniOzoneClusterImpl-86a05728-24a0-44bd-862c-635bb6b223ca/datanode-0/data/ratis/66698711-a050-4ba1-96ed-14cf7fcc0f77/sm/snapshot.1_0 took: 1 ms
2022-02-16 13:54:15,812 [Listener at 127.0.0.1/36649] INFO  server.RaftServer$Division (RaftServerImpl.java:lambda$close$4(412)) - f85876aa-b1dd-4474-bc29-05da8abc0eac@group-1911E8F06F0C: shutdown
2022-02-16 13:54:15,812 [1da67b63-4649-4db0-a931-db15f446f8ab@group-14CF7FCC0F77-StateMachineUpdater] INFO  impl.StateMachineUpdater (StateMachineUpdater.java:takeSnapshot(281)) - 1da67b63-4649-4db0-a931-db15f446f8ab@group-14CF7FCC0F77-StateMachineUpdater: Took a snapshot at index 0
2022-02-16 13:54:15,812 [Listener at 127.0.0.1/36649] INFO  util.JmxRegister (JmxRegister.java:unregister(73)) - Successfully un-registered JMX Bean with object name Ratis:service=RaftServer,group=group-1911E8F06F0C,id=f85876aa-b1dd-4474-bc29-05da8abc0eac
2022-02-16 13:54:15,813 [Listener at 127.0.0.1/36649] INFO  impl.RoleInfo (RoleInfo.java:shutdownLeaderState(91)) - f85876aa-b1dd-4474-bc29-05da8abc0eac: shutdown f85876aa-b1dd-4474-bc29-05da8abc0eac@group-1911E8F06F0C-LeaderStateImpl
2022-02-16 13:54:15,813 [Listener at 127.0.0.1/36649] INFO  impl.PendingRequests (PendingRequests.java:sendNotLeaderResponses(282)) - f85876aa-b1dd-4474-bc29-05da8abc0eac@group-1911E8F06F0C-PendingRequests: sendNotLeaderResponses
2022-02-16 13:54:15,814 [f85876aa-b1dd-4474-bc29-05da8abc0eac@group-1911E8F06F0C-StateMachineUpdater] INFO  ratis.ContainerStateMachine (ContainerStateMachine.java:takeSnapshot(299)) - group-1911E8F06F0C: Taking a snapshot at:(t:1, i:0) file /home/runner/work/ozone/ozone/hadoop-ozone/integration-test/target/test-dir/MiniOzoneClusterImpl-86a05728-24a0-44bd-862c-635bb6b223ca/datanode-1/data/ratis/f535c9f0-6304-4020-a88a-1911e8f06f0c/sm/snapshot.1_0
2022-02-16 13:54:15,814 [Listener at 127.0.0.1/36649] INFO  impl.StateMachineUpdater (StateMachineUpdater.java:stopAndJoin(149)) - f85876aa-b1dd-4474-bc29-05da8abc0eac@group-1911E8F06F0C-StateMachineUpdater: set stopIndex = 0
2022-02-16 13:54:15,814 [f85876aa-b1dd-4474-bc29-05da8abc0eac@group-1911E8F06F0C-StateMachineUpdater] INFO  ratis.ContainerStateMachine (ContainerStateMachine.java:takeSnapshot(310)) - group-1911E8F06F0C: Finished taking a snapshot at:(t:1, i:0) file:/home/runner/work/ozone/ozone/hadoop-ozone/integration-test/target/test-dir/MiniOzoneClusterImpl-86a05728-24a0-44bd-862c-635bb6b223ca/datanode-1/data/ratis/f535c9f0-6304-4020-a88a-1911e8f06f0c/sm/snapshot.1_0 took: 0 ms
2022-02-16 13:54:15,814 [f85876aa-b1dd-4474-bc29-05da8abc0eac@group-1911E8F06F0C-StateMachineUpdater] INFO  impl.StateMachineUpdater (StateMachineUpdater.java:takeSnapshot(281)) - f85876aa-b1dd-4474-bc29-05da8abc0eac@group-1911E8F06F0C-StateMachineUpdater: Took a snapshot at index 0
2022-02-16 13:54:15,815 [f85876aa-b1dd-4474-bc29-05da8abc0eac@group-1911E8F06F0C-StateMachineUpdater] INFO  impl.StateMachineUpdater (StateMachineUpdater.java:lambda$new$0(89)) - f85876aa-b1dd-4474-bc29-05da8abc0eac@group-1911E8F06F0C-StateMachineUpdater: snapshotIndex: updateIncreasingly -1 -> 0
2022-02-16 13:54:15,815 [Listener at 127.0.0.1/36649] INFO  server.RaftServer$Division (ServerState.java:close(419)) - f85876aa-b1dd-4474-bc29-05da8abc0eac@group-1911E8F06F0C: closes. applyIndex: 0
2022-02-16 13:54:15,815 [f85876aa-b1dd-4474-bc29-05da8abc0eac@group-1911E8F06F0C-SegmentedRaftLogWorker] INFO  segmented.SegmentedRaftLogWorker (SegmentedRaftLogWorker.java:run(327)) - f85876aa-b1dd-4474-bc29-05da8abc0eac@group-1911E8F06F0C-SegmentedRaftLogWorker was interrupted, exiting. There are 0 tasks remaining in the queue.
2022-02-16 13:54:15,813 [1da67b63-4649-4db0-a931-db15f446f8ab@group-14CF7FCC0F77-StateMachineUpdater] INFO  impl.StateMachineUpdater (StateMachineUpdater.java:lambda$new$0(89)) - 1da67b63-4649-4db0-a931-db15f446f8ab@group-14CF7FCC0F77-StateMachineUpdater: snapshotIndex: updateIncreasingly -1 -> 0
2022-02-16 13:54:15,816 [ForkJoinPool.commonPool-worker-1] INFO  server.RaftServer$Division (ServerState.java:close(419)) - 1da67b63-4649-4db0-a931-db15f446f8ab@group-14CF7FCC0F77: closes. applyIndex: 0
2022-02-16 13:54:15,816 [1da67b63-4649-4db0-a931-db15f446f8ab@group-14CF7FCC0F77-SegmentedRaftLogWorker] INFO  segmented.SegmentedRaftLogWorker (SegmentedRaftLogWorker.java:run(327)) - 1da67b63-4649-4db0-a931-db15f446f8ab@group-14CF7FCC0F77-SegmentedRaftLogWorker was interrupted, exiting. There are 0 tasks remaining in the queue.
2022-02-16 13:54:15,816 [Listener at 127.0.0.1/36649] INFO  segmented.SegmentedRaftLogWorker (SegmentedRaftLogWorker.java:close(237)) - f85876aa-b1dd-4474-bc29-05da8abc0eac@group-1911E8F06F0C-SegmentedRaftLogWorker close()
2022-02-16 13:54:15,816 [ForkJoinPool.commonPool-worker-1] INFO  segmented.SegmentedRaftLogWorker (SegmentedRaftLogWorker.java:close(237)) - 1da67b63-4649-4db0-a931-db15f446f8ab@group-14CF7FCC0F77-SegmentedRaftLogWorker close()
2022-02-16 13:54:15,817 [Listener at 127.0.0.1/36649] INFO  server.GrpcService (GrpcService.java:closeImpl(262)) - f85876aa-b1dd-4474-bc29-05da8abc0eac: shutdown server with port 39541 now
2022-02-16 13:54:15,819 [ForkJoinPool.commonPool-worker-1] INFO  server.RaftServer$Division (RaftServerImpl.java:lambda$close$4(412)) - 1da67b63-4649-4db0-a931-db15f446f8ab@group-E6A00627FA95: shutdown
2022-02-16 13:54:15,819 [ForkJoinPool.commonPool-worker-1] INFO  util.JmxRegister (JmxRegister.java:unregister(73)) - Successfully un-registered JMX Bean with object name Ratis:service=RaftServer,group=group-E6A00627FA95,id=1da67b63-4649-4db0-a931-db15f446f8ab
2022-02-16 13:54:15,819 [ForkJoinPool.commonPool-worker-1] INFO  impl.RoleInfo (RoleInfo.java:shutdownLeaderState(91)) - 1da67b63-4649-4db0-a931-db15f446f8ab: shutdown 1da67b63-4649-4db0-a931-db15f446f8ab@group-E6A00627FA95-LeaderStateImpl
2022-02-16 13:54:15,819 [ForkJoinPool.commonPool-worker-1] INFO  impl.PendingRequests (PendingRequests.java:sendNotLeaderResponses(282)) - 1da67b63-4649-4db0-a931-db15f446f8ab@group-E6A00627FA95-PendingRequests: sendNotLeaderResponses
2022-02-16 13:54:15,821 [ForkJoinPool.commonPool-worker-1] INFO  impl.StateMachineUpdater (StateMachineUpdater.java:stopAndJoin(149)) - 1da67b63-4649-4db0-a931-db15f446f8ab@group-E6A00627FA95-StateMachineUpdater: set stopIndex = 3
2022-02-16 13:54:15,822 [grpc-default-executor-5] WARN  server.GrpcServerProtocolService (LogUtils.java:warn(122)) - f85876aa-b1dd-4474-bc29-05da8abc0eac: installSnapshot onError, lastRequest: 639e78e2-4776-4f8b-889b-5f4caefdc1ac->f85876aa-b1dd-4474-bc29-05da8abc0eac#1-t1,previous=(t:0, i:0),leaderCommit=0,initializing? true,entries: size=1, first=(t:1, i:0), CONFIGURATIONENTRY: org.apache.ratis.thirdparty.io.grpc.StatusRuntimeException: CANCELLED: client cancelled
2022-02-16 13:54:15,821 [1da67b63-4649-4db0-a931-db15f446f8ab@group-E6A00627FA95-StateMachineUpdater] INFO  ratis.ContainerStateMachine (ContainerStateMachine.java:takeSnapshot(299)) - group-E6A00627FA95: Taking a snapshot at:(t:1, i:3) file /home/runner/work/ozone/ozone/hadoop-ozone/integration-test/target/test-dir/MiniOzoneClusterImpl-86a05728-24a0-44bd-862c-635bb6b223ca/datanode-0/data/ratis/5e1cfe0f-9684-41fc-9464-e6a00627fa95/sm/snapshot.1_3
2022-02-16 13:54:15,831 [Listener at 127.0.0.1/36649] INFO  server.GrpcService (GrpcService.java:closeImpl(271)) - f85876aa-b1dd-4474-bc29-05da8abc0eac: shutdown server with port 39541 successfully
2022-02-16 13:54:15,831 [org.apache.ratis.util.JvmPauseMonitor$$Lambda$435/1382067285@3a759148] INFO  util.JvmPauseMonitor (JvmPauseMonitor.java:run(109)) - JvmPauseMonitor-f85876aa-b1dd-4474-bc29-05da8abc0eac: Stopped
2022-02-16 13:54:15,833 [1da67b63-4649-4db0-a931-db15f446f8ab@group-E6A00627FA95-StateMachineUpdater] INFO  ratis.ContainerStateMachine (ContainerStateMachine.java:takeSnapshot(310)) - group-E6A00627FA95: Finished taking a snapshot at:(t:1, i:3) file:/home/runner/work/ozone/ozone/hadoop-ozone/integration-test/target/test-dir/MiniOzoneClusterImpl-86a05728-24a0-44bd-862c-635bb6b223ca/datanode-0/data/ratis/5e1cfe0f-9684-41fc-9464-e6a00627fa95/sm/snapshot.1_3 took: 12 ms
2022-02-16 13:54:15,834 [1da67b63-4649-4db0-a931-db15f446f8ab@group-E6A00627FA95-StateMachineUpdater] INFO  impl.StateMachineUpdater (StateMachineUpdater.java:takeSnapshot(281)) - 1da67b63-4649-4db0-a931-db15f446f8ab@group-E6A00627FA95-StateMachineUpdater: Took a snapshot at index 3
2022-02-16 13:54:15,834 [1da67b63-4649-4db0-a931-db15f446f8ab@group-E6A00627FA95-StateMachineUpdater] INFO  impl.StateMachineUpdater (StateMachineUpdater.java:lambda$new$0(89)) - 1da67b63-4649-4db0-a931-db15f446f8ab@group-E6A00627FA95-StateMachineUpdater: snapshotIndex: updateIncreasingly -1 -> 3
2022-02-16 13:54:15,834 [ForkJoinPool.commonPool-worker-1] INFO  server.RaftServer$Division (ServerState.java:close(419)) - 1da67b63-4649-4db0-a931-db15f446f8ab@group-E6A00627FA95: closes. applyIndex: 3
2022-02-16 13:54:15,834 [1da67b63-4649-4db0-a931-db15f446f8ab@group-E6A00627FA95-SegmentedRaftLogWorker] INFO  segmented.SegmentedRaftLogWorker (SegmentedRaftLogWorker.java:run(327)) - 1da67b63-4649-4db0-a931-db15f446f8ab@group-E6A00627FA95-SegmentedRaftLogWorker was interrupted, exiting. There are 0 tasks remaining in the queue.
2022-02-16 13:54:15,835 [ForkJoinPool.commonPool-worker-1] INFO  segmented.SegmentedRaftLogWorker (SegmentedRaftLogWorker.java:close(237)) - 1da67b63-4649-4db0-a931-db15f446f8ab@group-E6A00627FA95-SegmentedRaftLogWorker close()
2022-02-16 13:54:15,836 [ForkJoinPool.commonPool-worker-1] INFO  server.GrpcService (GrpcService.java:closeImpl(262)) - 1da67b63-4649-4db0-a931-db15f446f8ab: shutdown server with port 46601 now
2022-02-16 13:54:15,839 [grpc-default-executor-0] WARN  server.GrpcServerProtocolService (LogUtils.java:warn(122)) - 1da67b63-4649-4db0-a931-db15f446f8ab: installSnapshot onError, lastRequest: 639e78e2-4776-4f8b-889b-5f4caefdc1ac->1da67b63-4649-4db0-a931-db15f446f8ab#1-t1,previous=(t:0, i:0),leaderCommit=-1,initializing? true,entries: size=1, first=(t:1, i:0), CONFIGURATIONENTRY: org.apache.ratis.thirdparty.io.grpc.StatusRuntimeException: CANCELLED: client cancelled
2022-02-16 13:54:15,840 [ForkJoinPool.commonPool-worker-1] INFO  server.GrpcService (GrpcService.java:closeImpl(271)) - 1da67b63-4649-4db0-a931-db15f446f8ab: shutdown server with port 46601 successfully
2022-02-16 13:54:15,841 [org.apache.ratis.util.JvmPauseMonitor$$Lambda$435/1382067285@6d66d4eb] INFO  util.JvmPauseMonitor (JvmPauseMonitor.java:run(109)) - JvmPauseMonitor-1da67b63-4649-4db0-a931-db15f446f8ab: Stopped
2022-02-16 13:54:16,127 [EndpointStateMachine task thread for /127.0.0.1:35853 - 0 ] INFO  ipc.Client (Client.java:handleConnectionFailure(977)) - Retrying connect to server: localhost/127.0.0.1:35853. Already tried 5 time(s); retry policy is RetryUpToMaximumCountWithFixedSleep(maxRetries=15, sleepTime=1000 MILLISECONDS)
2022-02-16 13:54:16,810 [EndpointStateMachine task thread for /127.0.0.1:40707 - 0 ] INFO  ipc.Client (Client.java:handleConnectionFailure(977)) - Retrying connect to server: localhost/127.0.0.1:40707. Already tried 13 time(s); retry policy is RetryUpToMaximumCountWithFixedSleep(maxRetries=15, sleepTime=1000 MILLISECONDS)
2022-02-16 13:54:17,142 [EndpointStateMachine task thread for /127.0.0.1:35853 - 0 ] INFO  ipc.Client (Client.java:handleConnectionFailure(977)) - Retrying connect to server: localhost/127.0.0.1:35853. Already tried 6 time(s); retry policy is RetryUpToMaximumCountWithFixedSleep(maxRetries=15, sleepTime=1000 MILLISECONDS)
2022-02-16 13:54:17,811 [EndpointStateMachine task thread for /127.0.0.1:40707 - 0 ] INFO  ipc.Client (Client.java:handleConnectionFailure(977)) - Retrying connect to server: localhost/127.0.0.1:40707. Already tried 14 time(s); retry policy is RetryUpToMaximumCountWithFixedSleep(maxRetries=15, sleepTime=1000 MILLISECONDS)
2022-02-16 13:54:17,871 [Listener at 127.0.0.1/36649] INFO  utils.BackgroundService (BackgroundService.java:shutdown(132)) - Shutting down service BlockDeletingService
2022-02-16 13:54:17,885 [ForkJoinPool.commonPool-worker-1] INFO  utils.BackgroundService (BackgroundService.java:shutdown(132)) - Shutting down service BlockDeletingService
2022-02-16 13:54:18,143 [EndpointStateMachine task thread for /127.0.0.1:35853 - 0 ] INFO  ipc.Client (Client.java:handleConnectionFailure(977)) - Retrying connect to server: localhost/127.0.0.1:35853. Already tried 7 time(s); retry policy is RetryUpToMaximumCountWithFixedSleep(maxRetries=15, sleepTime=1000 MILLISECONDS)
2022-02-16 13:54:18,819 [EndpointStateMachine task thread for /127.0.0.1:40707 - 0 ] INFO  ipc.Client (Client.java:handleConnectionFailure(977)) - Retrying connect to server: localhost/127.0.0.1:40707. Already tried 0 time(s); retry policy is RetryUpToMaximumCountWithFixedSleep(maxRetries=15, sleepTime=1000 MILLISECONDS)
2022-02-16 13:54:19,143 [EndpointStateMachine task thread for /127.0.0.1:35853 - 0 ] INFO  ipc.Client (Client.java:handleConnectionFailure(977)) - Retrying connect to server: localhost/127.0.0.1:35853. Already tried 8 time(s); retry policy is RetryUpToMaximumCountWithFixedSleep(maxRetries=15, sleepTime=1000 MILLISECONDS)
2022-02-16 13:54:19,820 [EndpointStateMachine task thread for /127.0.0.1:40707 - 0 ] INFO  ipc.Client (Client.java:handleConnectionFailure(977)) - Retrying connect to server: localhost/127.0.0.1:40707. Already tried 1 time(s); retry policy is RetryUpToMaximumCountWithFixedSleep(maxRetries=15, sleepTime=1000 MILLISECONDS)
2022-02-16 13:54:20,144 [EndpointStateMachine task thread for /127.0.0.1:35853 - 0 ] INFO  ipc.Client (Client.java:handleConnectionFailure(977)) - Retrying connect to server: localhost/127.0.0.1:35853. Already tried 9 time(s); retry policy is RetryUpToMaximumCountWithFixedSleep(maxRetries=15, sleepTime=1000 MILLISECONDS)
2022-02-16 13:54:20,821 [EndpointStateMachine task thread for /127.0.0.1:40707 - 0 ] INFO  ipc.Client (Client.java:handleConnectionFailure(977)) - Retrying connect to server: localhost/127.0.0.1:40707. Already tried 2 time(s); retry policy is RetryUpToMaximumCountWithFixedSleep(maxRetries=15, sleepTime=1000 MILLISECONDS)
2022-02-16 13:54:20,891 [Listener at 127.0.0.1/36649] INFO  statemachine.DatanodeStateMachine (DatanodeStateMachine.java:stopDaemon(529)) - Ozone container server stopped.
2022-02-16 13:54:20,892 [Listener at 127.0.0.1/36649] INFO  handler.ContextHandler (ContextHandler.java:doStop(1153)) - Stopped o.e.j.w.WebAppContext@5607f405{hddsDatanode,/,null,STOPPED}{jar:file:/home/runner/.m2/repository/org/apache/ozone/hdds-container-service/1.3.0-SNAPSHOT/hdds-container-service-1.3.0-SNAPSHOT.jar!/webapps/hddsDatanode}
2022-02-16 13:54:20,900 [Listener at 127.0.0.1/36649] INFO  server.AbstractConnector (AbstractConnector.java:doStop(381)) - Stopped ServerConnector@10600e0d{HTTP/1.1, (http/1.1)}{0.0.0.0:0}
2022-02-16 13:54:20,901 [Listener at 127.0.0.1/36649] INFO  server.session (HouseKeeper.java:stopScavenging(149)) - node0 Stopped scavenging
2022-02-16 13:54:20,901 [Listener at 127.0.0.1/36649] INFO  handler.ContextHandler (ContextHandler.java:doStop(1153)) - Stopped o.e.j.s.ServletContextHandler@160d2a7c{static,/static,jar:file:/home/runner/.m2/repository/org/apache/ozone/hdds-container-service/1.3.0-SNAPSHOT/hdds-container-service-1.3.0-SNAPSHOT.jar!/webapps/static,STOPPED}
2022-02-16 13:54:20,907 [Listener at 127.0.0.1/36649] INFO  handler.ContextHandler (ContextHandler.java:doStop(1153)) - Stopped o.e.j.s.ServletContextHandler@79d50eee{logs,/logs,file:///home/runner/work/ozone/ozone/hadoop-ozone/integration-test/target/log,STOPPED}
2022-02-16 13:54:20,942 [ForkJoinPool.commonPool-worker-1] INFO  statemachine.DatanodeStateMachine (DatanodeStateMachine.java:stopDaemon(529)) - Ozone container server stopped.
2022-02-16 13:54:20,969 [ForkJoinPool.commonPool-worker-1] INFO  handler.ContextHandler (ContextHandler.java:doStop(1153)) - Stopped o.e.j.w.WebAppContext@597f24b8{hddsDatanode,/,null,STOPPED}{jar:file:/home/runner/.m2/repository/org/apache/ozone/hdds-container-service/1.3.0-SNAPSHOT/hdds-container-service-1.3.0-SNAPSHOT.jar!/webapps/hddsDatanode}
2022-02-16 13:54:20,971 [ForkJoinPool.commonPool-worker-1] INFO  server.AbstractConnector (AbstractConnector.java:doStop(381)) - Stopped ServerConnector@7ad483a4{HTTP/1.1, (http/1.1)}{0.0.0.0:0}
2022-02-16 13:54:20,971 [ForkJoinPool.commonPool-worker-1] INFO  server.session (HouseKeeper.java:stopScavenging(149)) - node0 Stopped scavenging
2022-02-16 13:54:20,986 [ForkJoinPool.commonPool-worker-1] INFO  handler.ContextHandler (ContextHandler.java:doStop(1153)) - Stopped o.e.j.s.ServletContextHandler@312ab725{static,/static,jar:file:/home/runner/.m2/repository/org/apache/ozone/hdds-container-service/1.3.0-SNAPSHOT/hdds-container-service-1.3.0-SNAPSHOT.jar!/webapps/static,STOPPED}
2022-02-16 13:54:20,998 [ForkJoinPool.commonPool-worker-1] INFO  handler.ContextHandler (ContextHandler.java:doStop(1153)) - Stopped o.e.j.s.ServletContextHandler@691d1105{logs,/logs,file:///home/runner/work/ozone/ozone/hadoop-ozone/integration-test/target/log,STOPPED}
2022-02-16 13:54:21,107 [Datanode State Machine Daemon Thread] WARN  statemachine.StateContext (StateContext.java:setState(249)) - Ignore disallowed transition from SHUTDOWN to RUNNING
2022-02-16 13:54:21,145 [EndpointStateMachine task thread for /127.0.0.1:35853 - 0 ] INFO  ipc.Client (Client.java:handleConnectionFailure(977)) - Retrying connect to server: localhost/127.0.0.1:35853. Already tried 10 time(s); retry policy is RetryUpToMaximumCountWithFixedSleep(maxRetries=15, sleepTime=1000 MILLISECONDS)
2022-02-16 13:54:21,822 [EndpointStateMachine task thread for /127.0.0.1:40707 - 0 ] INFO  ipc.Client (Client.java:handleConnectionFailure(977)) - Retrying connect to server: localhost/127.0.0.1:40707. Already tried 3 time(s); retry policy is RetryUpToMaximumCountWithFixedSleep(maxRetries=15, sleepTime=1000 MILLISECONDS)
2022-02-16 13:54:22,146 [EndpointStateMachine task thread for /127.0.0.1:35853 - 0 ] INFO  ipc.Client (Client.java:handleConnectionFailure(977)) - Retrying connect to server: localhost/127.0.0.1:35853. Already tried 11 time(s); retry policy is RetryUpToMaximumCountWithFixedSleep(maxRetries=15, sleepTime=1000 MILLISECONDS)
2022-02-16 13:54:22,508 [639e78e2-4776-4f8b-889b-5f4caefdc1ac@group-A8A4ADD531BB-FollowerState] INFO  impl.FollowerState (FollowerState.java:run(134)) - 639e78e2-4776-4f8b-889b-5f4caefdc1ac@group-A8A4ADD531BB-FollowerState: change to CANDIDATE, lastRpcElapsedTime:7579203610ns, electionTimeout:5032ms
2022-02-16 13:54:22,508 [639e78e2-4776-4f8b-889b-5f4caefdc1ac@group-A8A4ADD531BB-FollowerState] INFO  impl.RoleInfo (RoleInfo.java:shutdownFollowerState(108)) - 639e78e2-4776-4f8b-889b-5f4caefdc1ac: shutdown 639e78e2-4776-4f8b-889b-5f4caefdc1ac@group-A8A4ADD531BB-FollowerState
2022-02-16 13:54:22,508 [639e78e2-4776-4f8b-889b-5f4caefdc1ac@group-A8A4ADD531BB-FollowerState] INFO  server.RaftServer$Division (RaftServerImpl.java:setRole(290)) - 639e78e2-4776-4f8b-889b-5f4caefdc1ac@group-A8A4ADD531BB: changes role from  FOLLOWER to CANDIDATE at term 1 for changeToCandidate
2022-02-16 13:54:22,508 [639e78e2-4776-4f8b-889b-5f4caefdc1ac@group-A8A4ADD531BB-FollowerState] INFO  server.RaftServerConfigKeys (ConfUtils.java:logGet(44)) - raft.server.leaderelection.pre-vote = false (custom)
2022-02-16 13:54:22,509 [639e78e2-4776-4f8b-889b-5f4caefdc1ac@group-A8A4ADD531BB-FollowerState] INFO  impl.RoleInfo (RoleInfo.java:updateAndGet(130)) - 639e78e2-4776-4f8b-889b-5f4caefdc1ac: start 639e78e2-4776-4f8b-889b-5f4caefdc1ac@group-A8A4ADD531BB-LeaderElection29
2022-02-16 13:54:22,531 [639e78e2-4776-4f8b-889b-5f4caefdc1ac@group-A8A4ADD531BB-LeaderElection29] INFO  server.RaftServer$Division (ServerState.java:setLeader(285)) - 639e78e2-4776-4f8b-889b-5f4caefdc1ac@group-A8A4ADD531BB: change Leader from 1da67b63-4649-4db0-a931-db15f446f8ab to null at term 1 for ELECTION
2022-02-16 13:54:22,533 [639e78e2-4776-4f8b-889b-5f4caefdc1ac@group-A8A4ADD531BB-LeaderElection29] INFO  impl.LeaderElection (LeaderElection.java:askForVotes(306)) - 639e78e2-4776-4f8b-889b-5f4caefdc1ac@group-A8A4ADD531BB-LeaderElection29 ELECTION round 0: submit vote requests at term 2 for 0: [1da67b63-4649-4db0-a931-db15f446f8ab|rpc:127.0.0.1:46601|dataStream:|priority:1, f85876aa-b1dd-4474-bc29-05da8abc0eac|rpc:127.0.0.1:39541|dataStream:|priority:0, 639e78e2-4776-4f8b-889b-5f4caefdc1ac|rpc:127.0.0.1:46119|dataStream:|priority:0], old=null
2022-02-16 13:54:22,534 [639e78e2-4776-4f8b-889b-5f4caefdc1ac@group-A8A4ADD531BB-LeaderElection29] INFO  impl.LeaderElection (LogUtils.java:infoOrTrace(137)) - 639e78e2-4776-4f8b-889b-5f4caefdc1ac@group-A8A4ADD531BB-LeaderElection29 got exception when requesting votes: java.util.concurrent.ExecutionException: org.apache.ratis.thirdparty.io.grpc.StatusRuntimeException: UNAVAILABLE: io exception
2022-02-16 13:54:22,534 [639e78e2-4776-4f8b-889b-5f4caefdc1ac@group-A8A4ADD531BB-LeaderElection29] INFO  impl.LeaderElection (LogUtils.java:infoOrTrace(137)) - 639e78e2-4776-4f8b-889b-5f4caefdc1ac@group-A8A4ADD531BB-LeaderElection29 got exception when requesting votes: java.util.concurrent.ExecutionException: org.apache.ratis.thirdparty.io.grpc.StatusRuntimeException: UNAVAILABLE: io exception
2022-02-16 13:54:22,535 [639e78e2-4776-4f8b-889b-5f4caefdc1ac@group-A8A4ADD531BB-LeaderElection29] INFO  impl.LeaderElection (LeaderElection.java:logAndReturn(89)) - 639e78e2-4776-4f8b-889b-5f4caefdc1ac@group-A8A4ADD531BB-LeaderElection29: ELECTION REJECTED received 0 response(s) and 2 exception(s):
2022-02-16 13:54:22,535 [639e78e2-4776-4f8b-889b-5f4caefdc1ac@group-A8A4ADD531BB-LeaderElection29] INFO  impl.LeaderElection (LogUtils.java:infoOrTrace(137)) -   Exception 0: java.util.concurrent.ExecutionException: org.apache.ratis.thirdparty.io.grpc.StatusRuntimeException: UNAVAILABLE: io exception
2022-02-16 13:54:22,535 [639e78e2-4776-4f8b-889b-5f4caefdc1ac@group-A8A4ADD531BB-LeaderElection29] INFO  impl.LeaderElection (LogUtils.java:infoOrTrace(137)) -   Exception 1: java.util.concurrent.ExecutionException: org.apache.ratis.thirdparty.io.grpc.StatusRuntimeException: UNAVAILABLE: io exception
2022-02-16 13:54:22,535 [639e78e2-4776-4f8b-889b-5f4caefdc1ac@group-A8A4ADD531BB-LeaderElection29] INFO  impl.LeaderElection (LeaderElection.java:askForVotes(308)) - 639e78e2-4776-4f8b-889b-5f4caefdc1ac@group-A8A4ADD531BB-LeaderElection29 ELECTION round 0: result REJECTED
2022-02-16 13:54:22,535 [639e78e2-4776-4f8b-889b-5f4caefdc1ac@group-A8A4ADD531BB-LeaderElection29] INFO  server.RaftServer$Division (RaftServerImpl.java:setRole(290)) - 639e78e2-4776-4f8b-889b-5f4caefdc1ac@group-A8A4ADD531BB: changes role from CANDIDATE to FOLLOWER at term 2 for REJECTED
2022-02-16 13:54:22,535 [639e78e2-4776-4f8b-889b-5f4caefdc1ac@group-A8A4ADD531BB-LeaderElection29] INFO  impl.RoleInfo (RoleInfo.java:shutdownLeaderElection(121)) - 639e78e2-4776-4f8b-889b-5f4caefdc1ac: shutdown 639e78e2-4776-4f8b-889b-5f4caefdc1ac@group-A8A4ADD531BB-LeaderElection29
2022-02-16 13:54:22,535 [639e78e2-4776-4f8b-889b-5f4caefdc1ac@group-A8A4ADD531BB-LeaderElection29] INFO  impl.RoleInfo (RoleInfo.java:updateAndGet(130)) - 639e78e2-4776-4f8b-889b-5f4caefdc1ac: start 639e78e2-4776-4f8b-889b-5f4caefdc1ac@group-A8A4ADD531BB-FollowerState
2022-02-16 13:54:22,822 [EndpointStateMachine task thread for /127.0.0.1:40707 - 0 ] INFO  ipc.Client (Client.java:handleConnectionFailure(977)) - Retrying connect to server: localhost/127.0.0.1:40707. Already tried 4 time(s); retry policy is RetryUpToMaximumCountWithFixedSleep(maxRetries=15, sleepTime=1000 MILLISECONDS)
2022-02-16 13:54:23,056 [639e78e2-4776-4f8b-889b-5f4caefdc1ac@group-14CF7FCC0F77-LeaderStateImpl] WARN  server.RaftServer$Division (LeaderStateImpl.java:checkLeadership(974)) - 639e78e2-4776-4f8b-889b-5f4caefdc1ac@group-14CF7FCC0F77-LeaderStateImpl: Lost leadership on term: 1. Election timeout: 5200ms. In charge for: 15640ms. Conf: 0: [1da67b63-4649-4db0-a931-db15f446f8ab|rpc:127.0.0.1:46601|dataStream:|priority:0, f85876aa-b1dd-4474-bc29-05da8abc0eac|rpc:127.0.0.1:39541|dataStream:|priority:0, 639e78e2-4776-4f8b-889b-5f4caefdc1ac|rpc:127.0.0.1:46119|dataStream:|priority:1], old=null
2022-02-16 13:54:23,056 [639e78e2-4776-4f8b-889b-5f4caefdc1ac@group-14CF7FCC0F77-LeaderStateImpl] WARN  server.RaftServer$Division (LeaderStateImpl.java:lambda$checkLeadership$15(978)) - Follower 639e78e2-4776-4f8b-889b-5f4caefdc1ac@group-14CF7FCC0F77->1da67b63-4649-4db0-a931-db15f446f8ab(c0,m0,n1, attendVote=true, lastRpcSendTime=496, lastRpcResponseTime=8024)
2022-02-16 13:54:23,056 [639e78e2-4776-4f8b-889b-5f4caefdc1ac@group-14CF7FCC0F77-LeaderStateImpl] WARN  server.RaftServer$Division (LeaderStateImpl.java:lambda$checkLeadership$15(978)) - Follower 639e78e2-4776-4f8b-889b-5f4caefdc1ac@group-14CF7FCC0F77->f85876aa-b1dd-4474-bc29-05da8abc0eac(c0,m0,n1, attendVote=true, lastRpcSendTime=443, lastRpcResponseTime=7981)
2022-02-16 13:54:23,056 [639e78e2-4776-4f8b-889b-5f4caefdc1ac@group-14CF7FCC0F77-LeaderStateImpl] INFO  server.RaftServer$Division (RaftServerImpl.java:setRole(290)) - 639e78e2-4776-4f8b-889b-5f4caefdc1ac@group-14CF7FCC0F77: changes role from    LEADER to FOLLOWER at term 1 for StepDownReason:LOST_MAJORITY_HEARTBEATS
2022-02-16 13:54:23,056 [639e78e2-4776-4f8b-889b-5f4caefdc1ac@group-14CF7FCC0F77-LeaderStateImpl] INFO  impl.RoleInfo (RoleInfo.java:shutdownLeaderState(91)) - 639e78e2-4776-4f8b-889b-5f4caefdc1ac: shutdown 639e78e2-4776-4f8b-889b-5f4caefdc1ac@group-14CF7FCC0F77-LeaderStateImpl
2022-02-16 13:54:23,056 [639e78e2-4776-4f8b-889b-5f4caefdc1ac@group-14CF7FCC0F77-LeaderStateImpl] INFO  impl.PendingRequests (PendingRequests.java:sendNotLeaderResponses(282)) - 639e78e2-4776-4f8b-889b-5f4caefdc1ac@group-14CF7FCC0F77-PendingRequests: sendNotLeaderResponses
2022-02-16 13:54:23,057 [639e78e2-4776-4f8b-889b-5f4caefdc1ac@group-14CF7FCC0F77-LeaderStateImpl] INFO  impl.RoleInfo (RoleInfo.java:updateAndGet(130)) - 639e78e2-4776-4f8b-889b-5f4caefdc1ac: start 639e78e2-4776-4f8b-889b-5f4caefdc1ac@group-14CF7FCC0F77-FollowerState
2022-02-16 13:54:23,146 [EndpointStateMachine task thread for /127.0.0.1:35853 - 0 ] INFO  ipc.Client (Client.java:handleConnectionFailure(977)) - Retrying connect to server: localhost/127.0.0.1:35853. Already tried 12 time(s); retry policy is RetryUpToMaximumCountWithFixedSleep(maxRetries=15, sleepTime=1000 MILLISECONDS)
2022-02-16 13:54:23,824 [EndpointStateMachine task thread for /127.0.0.1:40707 - 0 ] INFO  ipc.Client (Client.java:handleConnectionFailure(977)) - Retrying connect to server: localhost/127.0.0.1:40707. Already tried 5 time(s); retry policy is RetryUpToMaximumCountWithFixedSleep(maxRetries=15, sleepTime=1000 MILLISECONDS)
2022-02-16 13:54:24,147 [EndpointStateMachine task thread for /127.0.0.1:35853 - 0 ] INFO  ipc.Client (Client.java:handleConnectionFailure(977)) - Retrying connect to server: localhost/127.0.0.1:35853. Already tried 13 time(s); retry policy is RetryUpToMaximumCountWithFixedSleep(maxRetries=15, sleepTime=1000 MILLISECONDS)
2022-02-16 13:54:24,824 [EndpointStateMachine task thread for /127.0.0.1:40707 - 0 ] INFO  ipc.Client (Client.java:handleConnectionFailure(977)) - Retrying connect to server: localhost/127.0.0.1:40707. Already tried 6 time(s); retry policy is RetryUpToMaximumCountWithFixedSleep(maxRetries=15, sleepTime=1000 MILLISECONDS)
2022-02-16 13:54:25,148 [EndpointStateMachine task thread for /127.0.0.1:35853 - 0 ] INFO  ipc.Client (Client.java:handleConnectionFailure(977)) - Retrying connect to server: localhost/127.0.0.1:35853. Already tried 14 time(s); retry policy is RetryUpToMaximumCountWithFixedSleep(maxRetries=15, sleepTime=1000 MILLISECONDS)
2022-02-16 13:54:25,149 [EndpointStateMachine task thread for /127.0.0.1:35853 - 0 ] WARN  statemachine.EndpointStateMachine (EndpointStateMachine.java:logIfNeeded(236)) - Unable to communicate to SCM server at localhost:35853 for past 0 seconds.
java.net.ConnectException: Call From fv-az270-170/10.1.0.5 to localhost:35853 failed on connection exception: java.net.ConnectException: Connection refused; For more details see:  http://wiki.apache.org/hadoop/ConnectionRefused
	at sun.reflect.NativeConstructorAccessorImpl.newInstance0(Native Method)
	at sun.reflect.NativeConstructorAccessorImpl.newInstance(NativeConstructorAccessorImpl.java:62)
	at sun.reflect.DelegatingConstructorAccessorImpl.newInstance(DelegatingConstructorAccessorImpl.java:45)
	at java.lang.reflect.Constructor.newInstance(Constructor.java:423)
	at org.apache.hadoop.net.NetUtils.wrapWithMessage(NetUtils.java:913)
	at org.apache.hadoop.net.NetUtils.wrapException(NetUtils.java:828)
	at org.apache.hadoop.ipc.Client.getRpcResponse(Client.java:1577)
	at org.apache.hadoop.ipc.Client.call(Client.java:1519)
	at org.apache.hadoop.ipc.Client.call(Client.java:1416)
	at org.apache.hadoop.ipc.ProtobufRpcEngine$Invoker.invoke(ProtobufRpcEngine.java:236)
	at org.apache.hadoop.ipc.ProtobufRpcEngine$Invoker.invoke(ProtobufRpcEngine.java:123)
	at com.sun.proxy.$Proxy47.submitRequest(Unknown Source)
	at org.apache.hadoop.ozone.protocolPB.StorageContainerDatanodeProtocolClientSideTranslatorPB.submitRequest(StorageContainerDatanodeProtocolClientSideTranslatorPB.java:117)
	at org.apache.hadoop.ozone.protocolPB.StorageContainerDatanodeProtocolClientSideTranslatorPB.sendHeartbeat(StorageContainerDatanodeProtocolClientSideTranslatorPB.java:149)
	at org.apache.hadoop.ozone.container.common.states.endpoint.HeartbeatEndpointTask.call(HeartbeatEndpointTask.java:179)
	at org.apache.hadoop.ozone.container.common.states.endpoint.HeartbeatEndpointTask.call(HeartbeatEndpointTask.java:82)
	at java.util.concurrent.FutureTask.run(FutureTask.java:266)
	at java.util.concurrent.ThreadPoolExecutor.runWorker(ThreadPoolExecutor.java:1149)
	at java.util.concurrent.ThreadPoolExecutor$Worker.run(ThreadPoolExecutor.java:624)
	at java.lang.Thread.run(Thread.java:748)
Caused by: java.net.ConnectException: Connection refused
	at sun.nio.ch.SocketChannelImpl.checkConnect(Native Method)
	at sun.nio.ch.SocketChannelImpl.finishConnect(SocketChannelImpl.java:716)
	at org.apache.hadoop.net.SocketIOWithTimeout.connect(SocketIOWithTimeout.java:206)
	at org.apache.hadoop.net.NetUtils.connect(NetUtils.java:586)
	at org.apache.hadoop.ipc.Client$Connection.setupConnection(Client.java:701)
	at org.apache.hadoop.ipc.Client$Connection.setupIOstreams(Client.java:822)
	at org.apache.hadoop.ipc.Client$Connection.access$3800(Client.java:414)
	at org.apache.hadoop.ipc.Client.getConnection(Client.java:1647)
	at org.apache.hadoop.ipc.Client.call(Client.java:1463)
	... 12 more
2022-02-16 13:54:25,825 [EndpointStateMachine task thread for /127.0.0.1:40707 - 0 ] INFO  ipc.Client (Client.java:handleConnectionFailure(977)) - Retrying connect to server: localhost/127.0.0.1:40707. Already tried 7 time(s); retry policy is RetryUpToMaximumCountWithFixedSleep(maxRetries=15, sleepTime=1000 MILLISECONDS)
2022-02-16 13:54:25,911 [Listener at 127.0.0.1/36649] INFO  ozoneimpl.OzoneContainer (OzoneContainer.java:stop(336)) - Attempting to stop container services.
2022-02-16 13:54:25,912 [Listener at 127.0.0.1/36649] INFO  server.RaftServer (RaftServerProxy.java:lambda$close$6(391)) - 639e78e2-4776-4f8b-889b-5f4caefdc1ac: close
2022-02-16 13:54:25,930 [Listener at 127.0.0.1/36649] INFO  server.RaftServer$Division (RaftServerImpl.java:lambda$close$4(412)) - 639e78e2-4776-4f8b-889b-5f4caefdc1ac@group-A8A4ADD531BB: shutdown
2022-02-16 13:54:25,930 [Listener at 127.0.0.1/36649] INFO  util.JmxRegister (JmxRegister.java:unregister(73)) - Successfully un-registered JMX Bean with object name Ratis:service=RaftServer,group=group-A8A4ADD531BB,id=639e78e2-4776-4f8b-889b-5f4caefdc1ac
2022-02-16 13:54:25,930 [Listener at 127.0.0.1/36649] INFO  impl.RoleInfo (RoleInfo.java:shutdownFollowerState(108)) - 639e78e2-4776-4f8b-889b-5f4caefdc1ac: shutdown 639e78e2-4776-4f8b-889b-5f4caefdc1ac@group-A8A4ADD531BB-FollowerState
2022-02-16 13:54:25,931 [Listener at 127.0.0.1/36649] INFO  impl.StateMachineUpdater (StateMachineUpdater.java:stopAndJoin(149)) - 639e78e2-4776-4f8b-889b-5f4caefdc1ac@group-A8A4ADD531BB-StateMachineUpdater: set stopIndex = 0
2022-02-16 13:54:25,931 [639e78e2-4776-4f8b-889b-5f4caefdc1ac@group-A8A4ADD531BB-FollowerState] INFO  impl.FollowerState (FollowerState.java:run(143)) - 639e78e2-4776-4f8b-889b-5f4caefdc1ac@group-A8A4ADD531BB-FollowerState was interrupted: {}
java.lang.InterruptedException: sleep interrupted
	at java.lang.Thread.sleep(Native Method)
	at java.lang.Thread.sleep(Thread.java:340)
	at java.util.concurrent.TimeUnit.sleep(TimeUnit.java:386)
	at org.apache.ratis.util.TimeDuration.sleep(TimeDuration.java:324)
	at org.apache.ratis.util.TimeDuration.sleep(TimeDuration.java:309)
	at org.apache.ratis.server.impl.FollowerState.run(FollowerState.java:118)
2022-02-16 13:54:25,931 [639e78e2-4776-4f8b-889b-5f4caefdc1ac@group-A8A4ADD531BB-StateMachineUpdater] INFO  ratis.ContainerStateMachine (ContainerStateMachine.java:takeSnapshot(299)) - group-A8A4ADD531BB: Taking a snapshot at:(t:1, i:0) file /home/runner/work/ozone/ozone/hadoop-ozone/integration-test/target/test-dir/MiniOzoneClusterImpl-86a05728-24a0-44bd-862c-635bb6b223ca/datanode-2/data/ratis/99cf2237-6757-4cc6-8903-a8a4add531bb/sm/snapshot.1_0
2022-02-16 13:54:25,932 [639e78e2-4776-4f8b-889b-5f4caefdc1ac@group-A8A4ADD531BB-StateMachineUpdater] INFO  ratis.ContainerStateMachine (ContainerStateMachine.java:takeSnapshot(310)) - group-A8A4ADD531BB: Finished taking a snapshot at:(t:1, i:0) file:/home/runner/work/ozone/ozone/hadoop-ozone/integration-test/target/test-dir/MiniOzoneClusterImpl-86a05728-24a0-44bd-862c-635bb6b223ca/datanode-2/data/ratis/99cf2237-6757-4cc6-8903-a8a4add531bb/sm/snapshot.1_0 took: 1 ms
2022-02-16 13:54:25,933 [639e78e2-4776-4f8b-889b-5f4caefdc1ac@group-A8A4ADD531BB-StateMachineUpdater] INFO  impl.StateMachineUpdater (StateMachineUpdater.java:takeSnapshot(281)) - 639e78e2-4776-4f8b-889b-5f4caefdc1ac@group-A8A4ADD531BB-StateMachineUpdater: Took a snapshot at index 0
2022-02-16 13:54:25,933 [639e78e2-4776-4f8b-889b-5f4caefdc1ac@group-A8A4ADD531BB-StateMachineUpdater] INFO  impl.StateMachineUpdater (StateMachineUpdater.java:lambda$new$0(89)) - 639e78e2-4776-4f8b-889b-5f4caefdc1ac@group-A8A4ADD531BB-StateMachineUpdater: snapshotIndex: updateIncreasingly -1 -> 0
2022-02-16 13:54:25,935 [Listener at 127.0.0.1/36649] INFO  server.RaftServer$Division (ServerState.java:close(419)) - 639e78e2-4776-4f8b-889b-5f4caefdc1ac@group-A8A4ADD531BB: closes. applyIndex: 0
2022-02-16 13:54:25,936 [639e78e2-4776-4f8b-889b-5f4caefdc1ac@group-A8A4ADD531BB-SegmentedRaftLogWorker] INFO  segmented.SegmentedRaftLogWorker (SegmentedRaftLogWorker.java:run(327)) - 639e78e2-4776-4f8b-889b-5f4caefdc1ac@group-A8A4ADD531BB-SegmentedRaftLogWorker was interrupted, exiting. There are 0 tasks remaining in the queue.
2022-02-16 13:54:25,941 [Listener at 127.0.0.1/36649] INFO  segmented.SegmentedRaftLogWorker (SegmentedRaftLogWorker.java:close(237)) - 639e78e2-4776-4f8b-889b-5f4caefdc1ac@group-A8A4ADD531BB-SegmentedRaftLogWorker close()
2022-02-16 13:54:25,942 [Listener at 127.0.0.1/36649] INFO  server.RaftServer$Division (RaftServerImpl.java:lambda$close$4(412)) - 639e78e2-4776-4f8b-889b-5f4caefdc1ac@group-14CF7FCC0F77: shutdown
2022-02-16 13:54:25,942 [Listener at 127.0.0.1/36649] INFO  util.JmxRegister (JmxRegister.java:unregister(73)) - Successfully un-registered JMX Bean with object name Ratis:service=RaftServer,group=group-14CF7FCC0F77,id=639e78e2-4776-4f8b-889b-5f4caefdc1ac
2022-02-16 13:54:25,942 [Listener at 127.0.0.1/36649] INFO  impl.RoleInfo (RoleInfo.java:shutdownFollowerState(108)) - 639e78e2-4776-4f8b-889b-5f4caefdc1ac: shutdown 639e78e2-4776-4f8b-889b-5f4caefdc1ac@group-14CF7FCC0F77-FollowerState
2022-02-16 13:54:25,942 [Listener at 127.0.0.1/36649] INFO  impl.StateMachineUpdater (StateMachineUpdater.java:stopAndJoin(149)) - 639e78e2-4776-4f8b-889b-5f4caefdc1ac@group-14CF7FCC0F77-StateMachineUpdater: set stopIndex = 0
2022-02-16 13:54:25,942 [639e78e2-4776-4f8b-889b-5f4caefdc1ac@group-14CF7FCC0F77-FollowerState] INFO  impl.FollowerState (FollowerState.java:run(143)) - 639e78e2-4776-4f8b-889b-5f4caefdc1ac@group-14CF7FCC0F77-FollowerState was interrupted: {}
java.lang.InterruptedException: sleep interrupted
	at java.lang.Thread.sleep(Native Method)
	at java.lang.Thread.sleep(Thread.java:340)
	at java.util.concurrent.TimeUnit.sleep(TimeUnit.java:386)
	at org.apache.ratis.util.TimeDuration.sleep(TimeDuration.java:324)
	at org.apache.ratis.util.TimeDuration.sleep(TimeDuration.java:309)
	at org.apache.ratis.server.impl.FollowerState.run(FollowerState.java:118)
2022-02-16 13:54:25,943 [639e78e2-4776-4f8b-889b-5f4caefdc1ac@group-14CF7FCC0F77-StateMachineUpdater] INFO  ratis.ContainerStateMachine (ContainerStateMachine.java:takeSnapshot(299)) - group-14CF7FCC0F77: Taking a snapshot at:(t:1, i:0) file /home/runner/work/ozone/ozone/hadoop-ozone/integration-test/target/test-dir/MiniOzoneClusterImpl-86a05728-24a0-44bd-862c-635bb6b223ca/datanode-2/data/ratis/66698711-a050-4ba1-96ed-14cf7fcc0f77/sm/snapshot.1_0
2022-02-16 13:54:25,943 [639e78e2-4776-4f8b-889b-5f4caefdc1ac@group-14CF7FCC0F77-StateMachineUpdater] INFO  ratis.ContainerStateMachine (ContainerStateMachine.java:takeSnapshot(310)) - group-14CF7FCC0F77: Finished taking a snapshot at:(t:1, i:0) file:/home/runner/work/ozone/ozone/hadoop-ozone/integration-test/target/test-dir/MiniOzoneClusterImpl-86a05728-24a0-44bd-862c-635bb6b223ca/datanode-2/data/ratis/66698711-a050-4ba1-96ed-14cf7fcc0f77/sm/snapshot.1_0 took: 1 ms
2022-02-16 13:54:25,944 [639e78e2-4776-4f8b-889b-5f4caefdc1ac@group-14CF7FCC0F77-StateMachineUpdater] INFO  impl.StateMachineUpdater (StateMachineUpdater.java:takeSnapshot(281)) - 639e78e2-4776-4f8b-889b-5f4caefdc1ac@group-14CF7FCC0F77-StateMachineUpdater: Took a snapshot at index 0
2022-02-16 13:54:25,944 [639e78e2-4776-4f8b-889b-5f4caefdc1ac@group-14CF7FCC0F77-StateMachineUpdater] INFO  impl.StateMachineUpdater (StateMachineUpdater.java:lambda$new$0(89)) - 639e78e2-4776-4f8b-889b-5f4caefdc1ac@group-14CF7FCC0F77-StateMachineUpdater: snapshotIndex: updateIncreasingly -1 -> 0
2022-02-16 13:54:25,944 [Listener at 127.0.0.1/36649] INFO  server.RaftServer$Division (ServerState.java:close(419)) - 639e78e2-4776-4f8b-889b-5f4caefdc1ac@group-14CF7FCC0F77: closes. applyIndex: 0
2022-02-16 13:54:25,944 [639e78e2-4776-4f8b-889b-5f4caefdc1ac@group-14CF7FCC0F77-SegmentedRaftLogWorker] INFO  segmented.SegmentedRaftLogWorker (SegmentedRaftLogWorker.java:run(327)) - 639e78e2-4776-4f8b-889b-5f4caefdc1ac@group-14CF7FCC0F77-SegmentedRaftLogWorker was interrupted, exiting. There are 0 tasks remaining in the queue.
2022-02-16 13:54:25,951 [Listener at 127.0.0.1/36649] INFO  segmented.SegmentedRaftLogWorker (SegmentedRaftLogWorker.java:close(237)) - 639e78e2-4776-4f8b-889b-5f4caefdc1ac@group-14CF7FCC0F77-SegmentedRaftLogWorker close()
2022-02-16 13:54:25,951 [Listener at 127.0.0.1/36649] INFO  server.RaftServer$Division (RaftServerImpl.java:lambda$close$4(412)) - 639e78e2-4776-4f8b-889b-5f4caefdc1ac@group-5D6E41825D4D: shutdown
2022-02-16 13:54:25,951 [Listener at 127.0.0.1/36649] INFO  util.JmxRegister (JmxRegister.java:unregister(73)) - Successfully un-registered JMX Bean with object name Ratis:service=RaftServer,group=group-5D6E41825D4D,id=639e78e2-4776-4f8b-889b-5f4caefdc1ac
2022-02-16 13:54:25,951 [Listener at 127.0.0.1/36649] INFO  impl.RoleInfo (RoleInfo.java:shutdownLeaderState(91)) - 639e78e2-4776-4f8b-889b-5f4caefdc1ac: shutdown 639e78e2-4776-4f8b-889b-5f4caefdc1ac@group-5D6E41825D4D-LeaderStateImpl
2022-02-16 13:54:25,951 [Listener at 127.0.0.1/36649] INFO  impl.PendingRequests (PendingRequests.java:sendNotLeaderResponses(282)) - 639e78e2-4776-4f8b-889b-5f4caefdc1ac@group-5D6E41825D4D-PendingRequests: sendNotLeaderResponses
2022-02-16 13:54:25,955 [639e78e2-4776-4f8b-889b-5f4caefdc1ac@group-5D6E41825D4D-StateMachineUpdater] INFO  ratis.ContainerStateMachine (ContainerStateMachine.java:takeSnapshot(299)) - group-5D6E41825D4D: Taking a snapshot at:(t:1, i:0) file /home/runner/work/ozone/ozone/hadoop-ozone/integration-test/target/test-dir/MiniOzoneClusterImpl-86a05728-24a0-44bd-862c-635bb6b223ca/datanode-2/data/ratis/4f936a7f-e9d3-4b99-94e5-5d6e41825d4d/sm/snapshot.1_0
2022-02-16 13:54:25,955 [Listener at 127.0.0.1/36649] INFO  impl.StateMachineUpdater (StateMachineUpdater.java:stopAndJoin(149)) - 639e78e2-4776-4f8b-889b-5f4caefdc1ac@group-5D6E41825D4D-StateMachineUpdater: set stopIndex = 0
2022-02-16 13:54:25,955 [639e78e2-4776-4f8b-889b-5f4caefdc1ac@group-5D6E41825D4D-StateMachineUpdater] INFO  ratis.ContainerStateMachine (ContainerStateMachine.java:takeSnapshot(310)) - group-5D6E41825D4D: Finished taking a snapshot at:(t:1, i:0) file:/home/runner/work/ozone/ozone/hadoop-ozone/integration-test/target/test-dir/MiniOzoneClusterImpl-86a05728-24a0-44bd-862c-635bb6b223ca/datanode-2/data/ratis/4f936a7f-e9d3-4b99-94e5-5d6e41825d4d/sm/snapshot.1_0 took: 0 ms
2022-02-16 13:54:25,956 [639e78e2-4776-4f8b-889b-5f4caefdc1ac@group-5D6E41825D4D-StateMachineUpdater] INFO  impl.StateMachineUpdater (StateMachineUpdater.java:takeSnapshot(281)) - 639e78e2-4776-4f8b-889b-5f4caefdc1ac@group-5D6E41825D4D-StateMachineUpdater: Took a snapshot at index 0
2022-02-16 13:54:25,956 [639e78e2-4776-4f8b-889b-5f4caefdc1ac@group-5D6E41825D4D-StateMachineUpdater] INFO  impl.StateMachineUpdater (StateMachineUpdater.java:lambda$new$0(89)) - 639e78e2-4776-4f8b-889b-5f4caefdc1ac@group-5D6E41825D4D-StateMachineUpdater: snapshotIndex: updateIncreasingly -1 -> 0
2022-02-16 13:54:25,956 [Listener at 127.0.0.1/36649] INFO  server.RaftServer$Division (ServerState.java:close(419)) - 639e78e2-4776-4f8b-889b-5f4caefdc1ac@group-5D6E41825D4D: closes. applyIndex: 0
2022-02-16 13:54:25,956 [639e78e2-4776-4f8b-889b-5f4caefdc1ac@group-5D6E41825D4D-SegmentedRaftLogWorker] INFO  segmented.SegmentedRaftLogWorker (SegmentedRaftLogWorker.java:run(327)) - 639e78e2-4776-4f8b-889b-5f4caefdc1ac@group-5D6E41825D4D-SegmentedRaftLogWorker was interrupted, exiting. There are 0 tasks remaining in the queue.
2022-02-16 13:54:25,956 [Listener at 127.0.0.1/36649] INFO  segmented.SegmentedRaftLogWorker (SegmentedRaftLogWorker.java:close(237)) - 639e78e2-4776-4f8b-889b-5f4caefdc1ac@group-5D6E41825D4D-SegmentedRaftLogWorker close()
2022-02-16 13:54:25,957 [Listener at 127.0.0.1/36649] INFO  server.GrpcService (GrpcService.java:closeImpl(262)) - 639e78e2-4776-4f8b-889b-5f4caefdc1ac: shutdown server with port 46119 now
2022-02-16 13:54:25,978 [Listener at 127.0.0.1/36649] INFO  server.GrpcService (GrpcService.java:closeImpl(271)) - 639e78e2-4776-4f8b-889b-5f4caefdc1ac: shutdown server with port 46119 successfully
2022-02-16 13:54:25,979 [org.apache.ratis.util.JvmPauseMonitor$$Lambda$435/1382067285@70cd20e] INFO  util.JvmPauseMonitor (JvmPauseMonitor.java:run(109)) - JvmPauseMonitor-639e78e2-4776-4f8b-889b-5f4caefdc1ac: Stopped
2022-02-16 13:54:26,149 [EndpointStateMachine task thread for /127.0.0.1:35853 - 0 ] INFO  ipc.Client (Client.java:handleConnectionFailure(977)) - Retrying connect to server: localhost/127.0.0.1:35853. Already tried 0 time(s); retry policy is RetryUpToMaximumCountWithFixedSleep(maxRetries=15, sleepTime=1000 MILLISECONDS)
2022-02-16 13:54:26,826 [EndpointStateMachine task thread for /127.0.0.1:40707 - 0 ] INFO  ipc.Client (Client.java:handleConnectionFailure(977)) - Retrying connect to server: localhost/127.0.0.1:40707. Already tried 8 time(s); retry policy is RetryUpToMaximumCountWithFixedSleep(maxRetries=15, sleepTime=1000 MILLISECONDS)
2022-02-16 13:54:27,150 [EndpointStateMachine task thread for /127.0.0.1:35853 - 0 ] INFO  ipc.Client (Client.java:handleConnectionFailure(977)) - Retrying connect to server: localhost/127.0.0.1:35853. Already tried 1 time(s); retry policy is RetryUpToMaximumCountWithFixedSleep(maxRetries=15, sleepTime=1000 MILLISECONDS)
2022-02-16 13:54:27,826 [EndpointStateMachine task thread for /127.0.0.1:40707 - 0 ] INFO  ipc.Client (Client.java:handleConnectionFailure(977)) - Retrying connect to server: localhost/127.0.0.1:40707. Already tried 9 time(s); retry policy is RetryUpToMaximumCountWithFixedSleep(maxRetries=15, sleepTime=1000 MILLISECONDS)
2022-02-16 13:54:27,987 [Listener at 127.0.0.1/36649] INFO  utils.BackgroundService (BackgroundService.java:shutdown(132)) - Shutting down service BlockDeletingService
2022-02-16 13:54:28,151 [EndpointStateMachine task thread for /127.0.0.1:35853 - 0 ] INFO  ipc.Client (Client.java:handleConnectionFailure(977)) - Retrying connect to server: localhost/127.0.0.1:35853. Already tried 2 time(s); retry policy is RetryUpToMaximumCountWithFixedSleep(maxRetries=15, sleepTime=1000 MILLISECONDS)
2022-02-16 13:54:28,827 [EndpointStateMachine task thread for /127.0.0.1:40707 - 0 ] INFO  ipc.Client (Client.java:handleConnectionFailure(977)) - Retrying connect to server: localhost/127.0.0.1:40707. Already tried 10 time(s); retry policy is RetryUpToMaximumCountWithFixedSleep(maxRetries=15, sleepTime=1000 MILLISECONDS)
2022-02-16 13:54:29,151 [EndpointStateMachine task thread for /127.0.0.1:35853 - 0 ] INFO  ipc.Client (Client.java:handleConnectionFailure(977)) - Retrying connect to server: localhost/127.0.0.1:35853. Already tried 3 time(s); retry policy is RetryUpToMaximumCountWithFixedSleep(maxRetries=15, sleepTime=1000 MILLISECONDS)
2022-02-16 13:54:29,828 [EndpointStateMachine task thread for /127.0.0.1:40707 - 0 ] INFO  ipc.Client (Client.java:handleConnectionFailure(977)) - Retrying connect to server: localhost/127.0.0.1:40707. Already tried 11 time(s); retry policy is RetryUpToMaximumCountWithFixedSleep(maxRetries=15, sleepTime=1000 MILLISECONDS)
2022-02-16 13:54:30,152 [EndpointStateMachine task thread for /127.0.0.1:35853 - 0 ] INFO  ipc.Client (Client.java:handleConnectionFailure(977)) - Retrying connect to server: localhost/127.0.0.1:35853. Already tried 4 time(s); retry policy is RetryUpToMaximumCountWithFixedSleep(maxRetries=15, sleepTime=1000 MILLISECONDS)
2022-02-16 13:54:30,828 [EndpointStateMachine task thread for /127.0.0.1:40707 - 0 ] INFO  ipc.Client (Client.java:handleConnectionFailure(977)) - Retrying connect to server: localhost/127.0.0.1:40707. Already tried 12 time(s); retry policy is RetryUpToMaximumCountWithFixedSleep(maxRetries=15, sleepTime=1000 MILLISECONDS)
2022-02-16 13:54:31,010 [Listener at 127.0.0.1/36649] INFO  statemachine.DatanodeStateMachine (DatanodeStateMachine.java:stopDaemon(529)) - Ozone container server stopped.
2022-02-16 13:54:31,011 [Listener at 127.0.0.1/36649] INFO  handler.ContextHandler (ContextHandler.java:doStop(1153)) - Stopped o.e.j.w.WebAppContext@53a09c24{hddsDatanode,/,null,STOPPED}{jar:file:/home/runner/.m2/repository/org/apache/ozone/hdds-container-service/1.3.0-SNAPSHOT/hdds-container-service-1.3.0-SNAPSHOT.jar!/webapps/hddsDatanode}
2022-02-16 13:54:31,019 [Listener at 127.0.0.1/36649] INFO  server.AbstractConnector (AbstractConnector.java:doStop(381)) - Stopped ServerConnector@2416c448{HTTP/1.1, (http/1.1)}{0.0.0.0:0}
2022-02-16 13:54:31,019 [Listener at 127.0.0.1/36649] INFO  server.session (HouseKeeper.java:stopScavenging(149)) - node0 Stopped scavenging
2022-02-16 13:54:31,019 [Listener at 127.0.0.1/36649] INFO  handler.ContextHandler (ContextHandler.java:doStop(1153)) - Stopped o.e.j.s.ServletContextHandler@38590f88{static,/static,jar:file:/home/runner/.m2/repository/org/apache/ozone/hdds-container-service/1.3.0-SNAPSHOT/hdds-container-service-1.3.0-SNAPSHOT.jar!/webapps/static,STOPPED}
2022-02-16 13:54:31,019 [Listener at 127.0.0.1/36649] INFO  handler.ContextHandler (ContextHandler.java:doStop(1153)) - Stopped o.e.j.s.ServletContextHandler@10c0188b{logs,/logs,file:///home/runner/work/ozone/ozone/hadoop-ozone/integration-test/target/log,STOPPED}
]]></system-out>
  </testcase>
  <testcase name="testBootstrap" classname="org.apache.hadoop.ozone.om.TestAddRemoveOzoneManager" time="69.135"/>
  <testcase name="testDecommission" classname="org.apache.hadoop.ozone.om.TestAddRemoveOzoneManager" time="54.411"/>
</testsuite>