<?xml version="1.0" encoding="UTF-8"?>
<testsuite xmlns:xsi="http://www.w3.org/2001/XMLSchema-instance" xsi:noNamespaceSchemaLocation="https://maven.apache.org/surefire/maven-surefire-plugin/xsd/surefire-test-report.xsd" name="org.apache.hadoop.ozone.client.rpc.TestBlockOutputStreamWithFailures" time="428.558" tests="8" errors="0" skipped="0" failures="1">
  <properties>
    <property name="awt.toolkit" value="sun.awt.X11.XToolkit"/>
    <property name="file.encoding.pkg" value="sun.io"/>
    <property name="java.specification.version" value="1.8"/>
    <property name="sun.cpu.isalist" value=""/>
    <property name="sun.jnu.encoding" value="ANSI_X3.4-1968"/>
    <property name="java.class.path" value="/github/workspace/hadoop-ozone/integration-test/target/test-classes:/github/workspace/hadoop-ozone/integration-test/target/classes:/home/user/.m2/repository/org/apache/hadoop/hadoop-ozone-common/0.6.0-SNAPSHOT/hadoop-ozone-common-0.6.0-SNAPSHOT.jar:/home/user/.m2/repository/org/apache/commons/commons-compress/1.4.1/commons-compress-1.4.1.jar:/home/user/.m2/repository/org/tukaani/xz/1.0/xz-1.0.jar:/home/user/.m2/repository/org/apache/hadoop/hadoop-common/3.2.0/hadoop-common-3.2.0.jar:/home/user/.m2/repository/org/apache/hadoop/hadoop-hdfs/3.2.0/hadoop-hdfs-3.2.0.jar:/home/user/.m2/repository/org/apache/hadoop/hadoop-hdfs-client/3.2.0/hadoop-hdfs-client-3.2.0.jar:/home/user/.m2/repository/com/fasterxml/jackson/core/jackson-annotations/2.10.3/jackson-annotations-2.10.3.jar:/home/user/.m2/repository/org/apache/hadoop/hadoop-hdds-common/0.6.0-SNAPSHOT/hadoop-hdds-common-0.6.0-SNAPSHOT.jar:/home/user/.m2/repository/info/picocli/picocli/3.9.6/picocli-3.9.6.jar:/home/user/.m2/repository/javax/annotation/javax.annotation-api/1.2/javax.annotation-api-1.2.jar:/home/user/.m2/repository/org/apache/ratis/ratis-server/0.6.0-7c5b30d-SNAPSHOT/ratis-server-0.6.0-7c5b30d-SNAPSHOT.jar:/home/user/.m2/repository/org/apache/ratis/ratis-thirdparty-misc/0.3.0/ratis-thirdparty-misc-0.3.0.jar:/home/user/.m2/repository/org/apache/ratis/ratis-proto/0.6.0-7c5b30d-SNAPSHOT/ratis-proto-0.6.0-7c5b30d-SNAPSHOT.jar:/home/user/.m2/repository/org/apache/ratis/ratis-common/0.6.0-7c5b30d-SNAPSHOT/ratis-common-0.6.0-7c5b30d-SNAPSHOT.jar:/home/user/.m2/repository/org/apache/ratis/ratis-client/0.6.0-7c5b30d-SNAPSHOT/ratis-client-0.6.0-7c5b30d-SNAPSHOT.jar:/home/user/.m2/repository/org/apache/ratis/ratis-metrics/0.6.0-7c5b30d-SNAPSHOT/ratis-metrics-0.6.0-7c5b30d-SNAPSHOT.jar:/home/user/.m2/repository/org/apache/ratis/ratis-netty/0.6.0-7c5b30d-SNAPSHOT/ratis-netty-0.6.0-7c5b30d-SNAPSHOT.jar:/home/user/.m2/repository/org/apache/ratis/ratis-grpc/0.6.0-7c5b30d-SNAPSHOT/ratis-grpc-0.6.0-7c5b30d-SNAPSHOT.jar:/home/user/.m2/repository/org/rocksdb/rocksdbjni/6.6.4/rocksdbjni-6.6.4.jar:/home/user/.m2/repository/org/apache/logging/log4j/log4j-api/2.11.0/log4j-api-2.11.0.jar:/home/user/.m2/repository/org/apache/logging/log4j/log4j-core/2.11.0/log4j-core-2.11.0.jar:/home/user/.m2/repository/com/lmax/disruptor/3.4.2/disruptor-3.4.2.jar:/home/user/.m2/repository/org/apache/commons/commons-pool2/2.6.0/commons-pool2-2.6.0.jar:/home/user/.m2/repository/org/bouncycastle/bcpkix-jdk15on/1.60/bcpkix-jdk15on-1.60.jar:/home/user/.m2/repository/commons-validator/commons-validator/1.6/commons-validator-1.6.jar:/home/user/.m2/repository/commons-digester/commons-digester/1.8.1/commons-digester-1.8.1.jar:/home/user/.m2/repository/io/jaegertracing/jaeger-client/0.34.0/jaeger-client-0.34.0.jar:/home/user/.m2/repository/io/jaegertracing/jaeger-thrift/0.34.0/jaeger-thrift-0.34.0.jar:/home/user/.m2/repository/org/apache/thrift/libthrift/0.12.0/libthrift-0.12.0.jar:/home/user/.m2/repository/com/squareup/okhttp3/okhttp/3.9.0/okhttp-3.9.0.jar:/home/user/.m2/repository/com/squareup/okio/okio/1.13.0/okio-1.13.0.jar:/home/user/.m2/repository/io/jaegertracing/jaeger-core/0.34.0/jaeger-core-0.34.0.jar:/home/user/.m2/repository/io/jaegertracing/jaeger-tracerresolver/0.34.0/jaeger-tracerresolver-0.34.0.jar:/home/user/.m2/repository/io/opentracing/contrib/opentracing-tracerresolver/0.1.5/opentracing-tracerresolver-0.1.5.jar:/home/user/.m2/repository/io/opentracing/opentracing-util/0.31.0/opentracing-util-0.31.0.jar:/home/user/.m2/repository/io/opentracing/opentracing-api/0.31.0/opentracing-api-0.31.0.jar:/home/user/.m2/repository/io/opentracing/opentracing-noop/0.31.0/opentracing-noop-0.31.0.jar:/home/user/.m2/repository/com/fasterxml/jackson/datatype/jackson-datatype-jsr310/2.10.3/jackson-datatype-jsr310-2.10.3.jar:/home/user/.m2/repository/org/apache/hadoop/hadoop-hdds-client/0.6.0-SNAPSHOT/hadoop-hdds-client-0.6.0-SNAPSHOT.jar:/home/user/.m2/repository/org/apache/hadoop/hadoop-hdds-tools/0.6.0-SNAPSHOT/hadoop-hdds-tools-0.6.0-SNAPSHOT.jar:/home/user/.m2/repository/org/apache/ratis/ratis-tools/0.6.0-7c5b30d-SNAPSHOT/ratis-tools-0.6.0-7c5b30d-SNAPSHOT.jar:/home/user/.m2/repository/org/apache/hadoop/hadoop-hdds-server-scm/0.6.0-SNAPSHOT/hadoop-hdds-server-scm-0.6.0-SNAPSHOT.jar:/home/user/.m2/repository/org/apache/hadoop/hadoop-hdds-container-service/0.6.0-SNAPSHOT/hadoop-hdds-container-service-0.6.0-SNAPSHOT.jar:/home/user/.m2/repository/org/apache/hadoop/hadoop-hdds-server-framework/0.6.0-SNAPSHOT/hadoop-hdds-server-framework-0.6.0-SNAPSHOT.jar:/home/user/.m2/repository/io/prometheus/simpleclient_dropwizard/0.7.0/simpleclient_dropwizard-0.7.0.jar:/home/user/.m2/repository/io/prometheus/simpleclient/0.7.0/simpleclient-0.7.0.jar:/home/user/.m2/repository/io/prometheus/simpleclient_common/0.7.0/simpleclient_common-0.7.0.jar:/home/user/.m2/repository/org/apache/hadoop/hadoop-hdds-docs/0.6.0-SNAPSHOT/hadoop-hdds-docs-0.6.0-SNAPSHOT.jar:/home/user/.m2/repository/io/dropwizard/metrics/metrics-core/3.2.4/metrics-core-3.2.4.jar:/home/user/.m2/repository/org/bouncycastle/bcprov-jdk15on/1.60/bcprov-jdk15on-1.60.jar:/home/user/.m2/repository/org/apache/hadoop/hadoop-ozone-ozone-manager/0.6.0-SNAPSHOT/hadoop-ozone-ozone-manager-0.6.0-SNAPSHOT.jar:/home/user/.m2/repository/org/apache/hadoop/hadoop-minikdc/3.2.0/hadoop-minikdc-3.2.0.jar:/home/user/.m2/repository/commons-io/commons-io/2.5/commons-io-2.5.jar:/home/user/.m2/repository/org/apache/kerby/kerb-simplekdc/1.0.1/kerb-simplekdc-1.0.1.jar:/home/user/.m2/repository/org/apache/kerby/kerb-client/1.0.1/kerb-client-1.0.1.jar:/home/user/.m2/repository/org/apache/kerby/kerby-config/1.0.1/kerby-config-1.0.1.jar:/home/user/.m2/repository/org/apache/kerby/kerb-core/1.0.1/kerb-core-1.0.1.jar:/home/user/.m2/repository/org/apache/kerby/kerby-pkix/1.0.1/kerby-pkix-1.0.1.jar:/home/user/.m2/repository/org/apache/kerby/kerby-asn1/1.0.1/kerby-asn1-1.0.1.jar:/home/user/.m2/repository/org/apache/kerby/kerby-util/1.0.1/kerby-util-1.0.1.jar:/home/user/.m2/repository/org/apache/kerby/kerb-common/1.0.1/kerb-common-1.0.1.jar:/home/user/.m2/repository/org/apache/kerby/kerb-crypto/1.0.1/kerb-crypto-1.0.1.jar:/home/user/.m2/repository/org/apache/kerby/kerb-util/1.0.1/kerb-util-1.0.1.jar:/home/user/.m2/repository/org/apache/kerby/token-provider/1.0.1/token-provider-1.0.1.jar:/home/user/.m2/repository/org/apache/kerby/kerb-admin/1.0.1/kerb-admin-1.0.1.jar:/home/user/.m2/repository/org/apache/kerby/kerb-server/1.0.1/kerb-server-1.0.1.jar:/home/user/.m2/repository/org/apache/kerby/kerb-identity/1.0.1/kerb-identity-1.0.1.jar:/home/user/.m2/repository/org/apache/kerby/kerby-xdr/1.0.1/kerby-xdr-1.0.1.jar:/home/user/.m2/repository/org/slf4j/slf4j-log4j12/1.7.25/slf4j-log4j12-1.7.25.jar:/home/user/.m2/repository/org/apache/hadoop/hadoop-ozone-s3gateway/0.6.0-SNAPSHOT/hadoop-ozone-s3gateway-0.6.0-SNAPSHOT.jar:/home/user/.m2/repository/org/jboss/weld/servlet/weld-servlet/2.4.7.Final/weld-servlet-2.4.7.Final.jar:/home/user/.m2/repository/org/glassfish/jersey/containers/jersey-container-servlet-core/2.27/jersey-container-servlet-core-2.27.jar:/home/user/.m2/repository/org/glassfish/hk2/external/javax.inject/2.5.0-b42/javax.inject-2.5.0-b42.jar:/home/user/.m2/repository/org/glassfish/jersey/core/jersey-common/2.27/jersey-common-2.27.jar:/home/user/.m2/repository/org/glassfish/hk2/osgi-resource-locator/1.0.1/osgi-resource-locator-1.0.1.jar:/home/user/.m2/repository/javax/ws/rs/javax.ws.rs-api/2.1/javax.ws.rs-api-2.1.jar:/home/user/.m2/repository/org/glassfish/jersey/ext/cdi/jersey-cdi1x/2.27/jersey-cdi1x-2.27.jar:/home/user/.m2/repository/org/glassfish/jersey/inject/jersey-hk2/2.27/jersey-hk2-2.27.jar:/home/user/.m2/repository/org/glassfish/hk2/hk2-locator/2.5.0-b42/hk2-locator-2.5.0-b42.jar:/home/user/.m2/repository/org/javassist/javassist/3.22.0-CR2/javassist-3.22.0-CR2.jar:/home/user/.m2/repository/org/glassfish/hk2/hk2-api/2.5.0/hk2-api-2.5.0.jar:/home/user/.m2/repository/org/glassfish/hk2/external/jakarta.inject/2.5.0/jakarta.inject-2.5.0.jar:/home/user/.m2/repository/org/glassfish/hk2/hk2-utils/2.5.0/hk2-utils-2.5.0.jar:/home/user/.m2/repository/jakarta/annotation/jakarta.annotation-api/1.3.4/jakarta.annotation-api-1.3.4.jar:/home/user/.m2/repository/org/glassfish/hk2/external/aopalliance-repackaged/2.5.0/aopalliance-repackaged-2.5.0.jar:/home/user/.m2/repository/com/fasterxml/jackson/dataformat/jackson-dataformat-xml/2.9.0/jackson-dataformat-xml-2.9.0.jar:/home/user/.m2/repository/com/fasterxml/jackson/core/jackson-core/2.10.3/jackson-core-2.10.3.jar:/home/user/.m2/repository/com/fasterxml/jackson/module/jackson-module-jaxb-annotations/2.10.3/jackson-module-jaxb-annotations-2.10.3.jar:/home/user/.m2/repository/jakarta/xml/bind/jakarta.xml.bind-api/2.3.2/jakarta.xml.bind-api-2.3.2.jar:/home/user/.m2/repository/jakarta/activation/jakarta.activation-api/1.2.1/jakarta.activation-api-1.2.1.jar:/home/user/.m2/repository/javax/enterprise/cdi-api/1.2/cdi-api-1.2.jar:/home/user/.m2/repository/javax/el/javax.el-api/3.0.0/javax.el-api-3.0.0.jar:/home/user/.m2/repository/javax/interceptor/javax.interceptor-api/1.2/javax.interceptor-api-1.2.jar:/home/user/.m2/repository/javax/inject/javax.inject/1/javax.inject-1.jar:/home/user/.m2/repository/com/sun/xml/bind/jaxb-impl/2.3.0.1/jaxb-impl-2.3.0.1.jar:/home/user/.m2/repository/com/sun/xml/bind/jaxb-core/2.3.0.1/jaxb-core-2.3.0.1.jar:/home/user/.m2/repository/javax/xml/bind/jaxb-api/2.3.0/jaxb-api-2.3.0.jar:/home/user/.m2/repository/javax/activation/activation/1.1.1/activation-1.1.1.jar:/home/user/.m2/repository/org/apache/hadoop/hadoop-ozone-csi/0.6.0-SNAPSHOT/hadoop-ozone-csi-0.6.0-SNAPSHOT.jar:/home/user/.m2/repository/com/google/protobuf/protobuf-java-util/3.5.1/protobuf-java-util-3.5.1.jar:/home/user/.m2/repository/org/apache/hadoop/hadoop-hdds-config/0.6.0-SNAPSHOT/hadoop-hdds-config-0.6.0-SNAPSHOT.jar:/home/user/.m2/repository/com/google/guava/guava/28.2-jre/guava-28.2-jre.jar:/home/user/.m2/repository/com/google/guava/failureaccess/1.0.1/failureaccess-1.0.1.jar:/home/user/.m2/repository/com/google/guava/listenablefuture/9999.0-empty-to-avoid-conflict-with-guava/listenablefuture-9999.0-empty-to-avoid-conflict-with-guava.jar:/home/user/.m2/repository/org/checkerframework/checker-qual/2.10.0/checker-qual-2.10.0.jar:/home/user/.m2/repository/com/google/errorprone/error_prone_annotations/2.3.4/error_prone_annotations-2.3.4.jar:/home/user/.m2/repository/com/google/j2objc/j2objc-annotations/1.3/j2objc-annotations-1.3.jar:/home/user/.m2/repository/com/google/protobuf/protobuf-java/2.5.0/protobuf-java-2.5.0.jar:/home/user/.m2/repository/io/grpc/grpc-netty/1.17.1/grpc-netty-1.17.1.jar:/home/user/.m2/repository/io/grpc/grpc-core/1.17.1/grpc-core-1.17.1.jar:/home/user/.m2/repository/io/grpc/grpc-context/1.17.1/grpc-context-1.17.1.jar:/home/user/.m2/repository/org/codehaus/mojo/animal-sniffer-annotations/1.17/animal-sniffer-annotations-1.17.jar:/home/user/.m2/repository/io/opencensus/opencensus-api/0.17.0/opencensus-api-0.17.0.jar:/home/user/.m2/repository/io/opencensus/opencensus-contrib-grpc-metrics/0.17.0/opencensus-contrib-grpc-metrics-0.17.0.jar:/home/user/.m2/repository/io/netty/netty-codec-http2/4.1.30.Final/netty-codec-http2-4.1.30.Final.jar:/home/user/.m2/repository/io/netty/netty-codec-http/4.1.30.Final/netty-codec-http-4.1.30.Final.jar:/home/user/.m2/repository/io/netty/netty-codec/4.1.30.Final/netty-codec-4.1.30.Final.jar:/home/user/.m2/repository/io/netty/netty-handler/4.1.30.Final/netty-handler-4.1.30.Final.jar:/home/user/.m2/repository/io/netty/netty-handler-proxy/4.1.30.Final/netty-handler-proxy-4.1.30.Final.jar:/home/user/.m2/repository/io/netty/netty-codec-socks/4.1.30.Final/netty-codec-socks-4.1.30.Final.jar:/home/user/.m2/repository/io/netty/netty-transport-native-epoll/4.1.30.Final/netty-transport-native-epoll-4.1.30.Final.jar:/home/user/.m2/repository/io/netty/netty-common/4.1.30.Final/netty-common-4.1.30.Final.jar:/home/user/.m2/repository/io/netty/netty-buffer/4.1.30.Final/netty-buffer-4.1.30.Final.jar:/home/user/.m2/repository/io/netty/netty-transport/4.1.30.Final/netty-transport-4.1.30.Final.jar:/home/user/.m2/repository/io/netty/netty-resolver/4.1.30.Final/netty-resolver-4.1.30.Final.jar:/home/user/.m2/repository/io/netty/netty-transport-native-unix-common/4.1.30.Final/netty-transport-native-unix-common-4.1.30.Final.jar:/home/user/.m2/repository/io/grpc/grpc-protobuf/1.17.1/grpc-protobuf-1.17.1.jar:/home/user/.m2/repository/com/google/api/grpc/proto-google-common-protos/1.0.0/proto-google-common-protos-1.0.0.jar:/home/user/.m2/repository/io/grpc/grpc-protobuf-lite/1.17.1/grpc-protobuf-lite-1.17.1.jar:/home/user/.m2/repository/io/grpc/grpc-stub/1.17.1/grpc-stub-1.17.1.jar:/home/user/.m2/repository/org/apache/hadoop/hadoop-ozone-recon/0.6.0-SNAPSHOT/hadoop-ozone-recon-0.6.0-SNAPSHOT.jar:/home/user/.m2/repository/org/apache/hadoop/hadoop-ozone-reconcodegen/0.6.0-SNAPSHOT/hadoop-ozone-reconcodegen-0.6.0-SNAPSHOT.jar:/home/user/.m2/repository/com/google/inject/extensions/guice-multibindings/4.0/guice-multibindings-4.0.jar:/home/user/.m2/repository/com/google/inject/guice/4.0/guice-4.0.jar:/home/user/.m2/repository/aopalliance/aopalliance/1.0/aopalliance-1.0.jar:/home/user/.m2/repository/com/google/inject/extensions/guice-servlet/4.0/guice-servlet-4.0.jar:/home/user/.m2/repository/org/glassfish/jersey/containers/jersey-container-servlet/2.27/jersey-container-servlet-2.27.jar:/home/user/.m2/repository/org/glassfish/hk2/guice-bridge/2.5.0/guice-bridge-2.5.0.jar:/home/user/.m2/repository/org/glassfish/jersey/core/jersey-server/2.27/jersey-server-2.27.jar:/home/user/.m2/repository/org/glassfish/jersey/core/jersey-client/2.27/jersey-client-2.27.jar:/home/user/.m2/repository/org/glassfish/jersey/media/jersey-media-jaxb/2.27/jersey-media-jaxb-2.27.jar:/home/user/.m2/repository/javax/validation/validation-api/1.1.0.Final/validation-api-1.1.0.Final.jar:/home/user/.m2/repository/org/glassfish/jersey/media/jersey-media-json-jackson/2.27/jersey-media-json-jackson-2.27.jar:/home/user/.m2/repository/org/glassfish/jersey/ext/jersey-entity-filtering/2.27/jersey-entity-filtering-2.27.jar:/home/user/.m2/repository/com/google/inject/extensions/guice-assistedinject/4.0/guice-assistedinject-4.0.jar:/home/user/.m2/repository/org/jooq/jooq/3.11.10/jooq-3.11.10.jar:/home/user/.m2/repository/org/jooq/jooq-meta/3.11.10/jooq-meta-3.11.10.jar:/home/user/.m2/repository/org/jooq/jooq-codegen/3.11.10/jooq-codegen-3.11.10.jar:/home/user/.m2/repository/com/jolbox/bonecp/0.8.0.RELEASE/bonecp-0.8.0.RELEASE.jar:/home/user/.m2/repository/org/xerial/sqlite-jdbc/3.25.2/sqlite-jdbc-3.25.2.jar:/home/user/.m2/repository/org/springframework/spring-jdbc/5.1.3.RELEASE/spring-jdbc-5.1.3.RELEASE.jar:/home/user/.m2/repository/org/springframework/spring-beans/5.1.3.RELEASE/spring-beans-5.1.3.RELEASE.jar:/home/user/.m2/repository/org/springframework/spring-core/5.1.3.RELEASE/spring-core-5.1.3.RELEASE.jar:/home/user/.m2/repository/org/springframework/spring-jcl/5.1.3.RELEASE/spring-jcl-5.1.3.RELEASE.jar:/home/user/.m2/repository/org/springframework/spring-tx/5.1.3.RELEASE/spring-tx-5.1.3.RELEASE.jar:/home/user/.m2/repository/org/apache/hadoop/hadoop-ozone-client/0.6.0-SNAPSHOT/hadoop-ozone-client-0.6.0-SNAPSHOT.jar:/home/user/.m2/repository/org/apache/hadoop/hadoop-ozone-filesystem/0.6.0-SNAPSHOT/hadoop-ozone-filesystem-0.6.0-SNAPSHOT.jar:/home/user/.m2/repository/org/apache/httpcomponents/httpclient/4.5.2/httpclient-4.5.2.jar:/home/user/.m2/repository/org/apache/httpcomponents/httpcore/4.4.4/httpcore-4.4.4.jar:/home/user/.m2/repository/org/apache/hadoop/hadoop-ozone-tools/0.6.0-SNAPSHOT/hadoop-ozone-tools-0.6.0-SNAPSHOT.jar:/home/user/.m2/repository/com/amazonaws/aws-java-sdk-s3/1.11.615/aws-java-sdk-s3-1.11.615.jar:/home/user/.m2/repository/com/amazonaws/aws-java-sdk-kms/1.11.615/aws-java-sdk-kms-1.11.615.jar:/home/user/.m2/repository/com/amazonaws/aws-java-sdk-core/1.11.615/aws-java-sdk-core-1.11.615.jar:/home/user/.m2/repository/software/amazon/ion/ion-java/1.0.2/ion-java-1.0.2.jar:/home/user/.m2/repository/com/fasterxml/jackson/dataformat/jackson-dataformat-cbor/2.10.3/jackson-dataformat-cbor-2.10.3.jar:/home/user/.m2/repository/joda-time/joda-time/2.9.9/joda-time-2.9.9.jar:/home/user/.m2/repository/com/amazonaws/jmespath-java/1.11.615/jmespath-java-1.11.615.jar:/home/user/.m2/repository/commons-lang/commons-lang/2.6/commons-lang-2.6.jar:/home/user/.m2/repository/org/apache/hadoop/hadoop-ozone-ozone-manager/0.6.0-SNAPSHOT/hadoop-ozone-ozone-manager-0.6.0-SNAPSHOT-tests.jar:/home/user/.m2/repository/junit/junit/4.11/junit-4.11.jar:/home/user/.m2/repository/org/hamcrest/hamcrest-core/1.3/hamcrest-core-1.3.jar:/home/user/.m2/repository/org/openjdk/jmh/jmh-core/1.19/jmh-core-1.19.jar:/home/user/.m2/repository/net/sf/jopt-simple/jopt-simple/4.6/jopt-simple-4.6.jar:/home/user/.m2/repository/org/apache/commons/commons-math3/3.1.1/commons-math3-3.1.1.jar:/home/user/.m2/repository/org/openjdk/jmh/jmh-generator-annprocess/1.19/jmh-generator-annprocess-1.19.jar:/home/user/.m2/repository/org/mockito/mockito-all/1.8.5/mockito-all-1.8.5.jar:/home/user/.m2/repository/org/apache/hadoop/hadoop-kms/3.2.0/hadoop-kms-3.2.0.jar:/home/user/.m2/repository/org/apache/hadoop/hadoop-auth/3.2.0/hadoop-auth-3.2.0.jar:/home/user/.m2/repository/com/nimbusds/nimbus-jose-jwt/7.9/nimbus-jose-jwt-7.9.jar:/home/user/.m2/repository/com/github/stephenc/jcip/jcip-annotations/1.0-1/jcip-annotations-1.0-1.jar:/home/user/.m2/repository/net/minidev/json-smart/2.3/json-smart-2.3.jar:/home/user/.m2/repository/net/minidev/accessors-smart/1.2/accessors-smart-1.2.jar:/home/user/.m2/repository/org/ow2/asm/asm/5.0.4/asm-5.0.4.jar:/home/user/.m2/repository/org/apache/curator/curator-framework/2.12.0/curator-framework-2.12.0.jar:/home/user/.m2/repository/com/sun/jersey/jersey-core/1.19/jersey-core-1.19.jar:/home/user/.m2/repository/javax/ws/rs/jsr311-api/1.1.1/jsr311-api-1.1.1.jar:/home/user/.m2/repository/com/sun/jersey/jersey-server/1.19/jersey-server-1.19.jar:/home/user/.m2/repository/javax/servlet/javax.servlet-api/3.1.0/javax.servlet-api-3.1.0.jar:/home/user/.m2/repository/org/eclipse/jetty/jetty-server/9.4.26.v20200117/jetty-server-9.4.26.v20200117.jar:/home/user/.m2/repository/org/eclipse/jetty/jetty-http/9.4.26.v20200117/jetty-http-9.4.26.v20200117.jar:/home/user/.m2/repository/org/eclipse/jetty/jetty-io/9.4.26.v20200117/jetty-io-9.4.26.v20200117.jar:/home/user/.m2/repository/org/eclipse/jetty/jetty-webapp/9.4.26.v20200117/jetty-webapp-9.4.26.v20200117.jar:/home/user/.m2/repository/org/eclipse/jetty/jetty-xml/9.4.26.v20200117/jetty-xml-9.4.26.v20200117.jar:/home/user/.m2/repository/log4j/log4j/1.2.17/log4j-1.2.17.jar:/home/user/.m2/repository/org/slf4j/slf4j-api/1.7.25/slf4j-api-1.7.25.jar:/home/user/.m2/repository/org/slf4j/jul-to-slf4j/1.7.25/jul-to-slf4j-1.7.25.jar:/home/user/.m2/repository/org/eclipse/jetty/jetty-util/9.4.26.v20200117/jetty-util-9.4.26.v20200117.jar:/home/user/.m2/repository/com/fasterxml/jackson/core/jackson-databind/2.10.3/jackson-databind-2.10.3.jar:/home/user/.m2/repository/org/apache/hadoop/hadoop-kms/3.2.0/hadoop-kms-3.2.0-tests.jar:/home/user/.m2/repository/org/apache/hadoop/hadoop-hdds-server-scm/0.6.0-SNAPSHOT/hadoop-hdds-server-scm-0.6.0-SNAPSHOT-tests.jar:/home/user/.m2/repository/org/apache/hadoop/hadoop-hdds-container-service/0.6.0-SNAPSHOT/hadoop-hdds-container-service-0.6.0-SNAPSHOT-tests.jar:/home/user/.m2/repository/org/apache/hadoop/hadoop-hdds-common/0.6.0-SNAPSHOT/hadoop-hdds-common-0.6.0-SNAPSHOT-tests.jar:/home/user/.m2/repository/org/yaml/snakeyaml/1.16/snakeyaml-1.16.jar:/home/user/.m2/repository/org/apache/hadoop/hadoop-common/3.2.0/hadoop-common-3.2.0-tests.jar:/home/user/.m2/repository/org/apache/hadoop/hadoop-annotations/3.2.0/hadoop-annotations-3.2.0.jar:/usr/lib/jvm/java-1.8.0-openjdk-1.8.0.232.b09-0.el7_7.x86_64/jre/../lib/tools.jar:/home/user/.m2/repository/commons-cli/commons-cli/1.2/commons-cli-1.2.jar:/home/user/.m2/repository/commons-codec/commons-codec/1.11/commons-codec-1.11.jar:/home/user/.m2/repository/commons-net/commons-net/3.6/commons-net-3.6.jar:/home/user/.m2/repository/commons-collections/commons-collections/3.2.2/commons-collections-3.2.2.jar:/home/user/.m2/repository/org/eclipse/jetty/jetty-servlet/9.4.26.v20200117/jetty-servlet-9.4.26.v20200117.jar:/home/user/.m2/repository/org/eclipse/jetty/jetty-security/9.4.26.v20200117/jetty-security-9.4.26.v20200117.jar:/home/user/.m2/repository/javax/servlet/jsp/jsp-api/2.1/jsp-api-2.1.jar:/home/user/.m2/repository/com/sun/jersey/jersey-servlet/1.19/jersey-servlet-1.19.jar:/home/user/.m2/repository/com/sun/jersey/jersey-json/1.19/jersey-json-1.19.jar:/home/user/.m2/repository/org/codehaus/jettison/jettison/1.1/jettison-1.1.jar:/home/user/.m2/repository/org/codehaus/jackson/jackson-core-asl/1.9.13/jackson-core-asl-1.9.13.jar:/home/user/.m2/repository/org/codehaus/jackson/jackson-mapper-asl/1.9.13/jackson-mapper-asl-1.9.13.jar:/home/user/.m2/repository/org/codehaus/jackson/jackson-jaxrs/1.9.13/jackson-jaxrs-1.9.13.jar:/home/user/.m2/repository/org/codehaus/jackson/jackson-xc/1.9.13/jackson-xc-1.9.13.jar:/home/user/.m2/repository/commons-logging/commons-logging/1.1.3/commons-logging-1.1.3.jar:/home/user/.m2/repository/commons-beanutils/commons-beanutils/1.9.4/commons-beanutils-1.9.4.jar:/home/user/.m2/repository/org/apache/commons/commons-configuration2/2.1.1/commons-configuration2-2.1.1.jar:/home/user/.m2/repository/org/apache/commons/commons-lang3/3.7/commons-lang3-3.7.jar:/home/user/.m2/repository/org/apache/commons/commons-text/1.4/commons-text-1.4.jar:/home/user/.m2/repository/org/apache/avro/avro/1.7.7/avro-1.7.7.jar:/home/user/.m2/repository/com/thoughtworks/paranamer/paranamer/2.3/paranamer-2.3.jar:/home/user/.m2/repository/org/xerial/snappy/snappy-java/1.0.5/snappy-java-1.0.5.jar:/home/user/.m2/repository/com/google/re2j/re2j/1.1/re2j-1.1.jar:/home/user/.m2/repository/com/google/code/gson/gson/2.2.4/gson-2.2.4.jar:/home/user/.m2/repository/com/jcraft/jsch/0.1.54/jsch-0.1.54.jar:/home/user/.m2/repository/org/apache/curator/curator-client/2.12.0/curator-client-2.12.0.jar:/home/user/.m2/repository/org/apache/curator/curator-recipes/2.12.0/curator-recipes-2.12.0.jar:/home/user/.m2/repository/com/google/code/findbugs/jsr305/3.0.0/jsr305-3.0.0.jar:/home/user/.m2/repository/org/apache/htrace/htrace-core4/4.1.0-incubating/htrace-core4-4.1.0-incubating.jar:/home/user/.m2/repository/org/apache/zookeeper/zookeeper/3.4.13/zookeeper-3.4.13.jar:/home/user/.m2/repository/jline/jline/0.9.94/jline-0.9.94.jar:/home/user/.m2/repository/org/apache/yetus/audience-annotations/0.5.0/audience-annotations-0.5.0.jar:/home/user/.m2/repository/org/codehaus/woodstox/stax2-api/3.1.4/stax2-api-3.1.4.jar:/home/user/.m2/repository/com/fasterxml/woodstox/woodstox-core/5.0.3/woodstox-core-5.0.3.jar:/home/user/.m2/repository/dnsjava/dnsjava/2.1.7/dnsjava-2.1.7.jar:/home/user/.m2/repository/org/apache/hadoop/hadoop-hdfs/3.2.0/hadoop-hdfs-3.2.0-tests.jar:/home/user/.m2/repository/org/eclipse/jetty/jetty-util-ajax/9.4.26.v20200117/jetty-util-ajax-9.4.26.v20200117.jar:/home/user/.m2/repository/commons-daemon/commons-daemon/1.0.13/commons-daemon-1.0.13.jar:/home/user/.m2/repository/io/netty/netty/3.10.5.Final/netty-3.10.5.Final.jar:/home/user/.m2/repository/io/netty/netty-all/4.1.47.Final/netty-all-4.1.47.Final.jar:/home/user/.m2/repository/org/fusesource/leveldbjni/leveldbjni-all/1.8/leveldbjni-all-1.8.jar:/home/user/.m2/repository/org/apache/hadoop/hadoop-distcp/3.2.0/hadoop-distcp-3.2.0.jar:/home/user/.m2/repository/org/apache/hadoop/hadoop-mapreduce-client-jobclient/3.2.0/hadoop-mapreduce-client-jobclient-3.2.0.jar:/home/user/.m2/repository/org/apache/hadoop/hadoop-mapreduce-client-common/3.2.0/hadoop-mapreduce-client-common-3.2.0.jar:/home/user/.m2/repository/org/apache/hadoop/hadoop-yarn-common/3.2.0/hadoop-yarn-common-3.2.0.jar:/home/user/.m2/repository/org/apache/hadoop/hadoop-yarn-api/3.2.0/hadoop-yarn-api-3.2.0.jar:/home/user/.m2/repository/com/sun/jersey/jersey-client/1.19/jersey-client-1.19.jar:/home/user/.m2/repository/com/sun/jersey/contribs/jersey-guice/1.19/jersey-guice-1.19.jar:/home/user/.m2/repository/com/fasterxml/jackson/jaxrs/jackson-jaxrs-json-provider/2.10.3/jackson-jaxrs-json-provider-2.10.3.jar:/home/user/.m2/repository/com/fasterxml/jackson/jaxrs/jackson-jaxrs-base/2.10.3/jackson-jaxrs-base-2.10.3.jar:/home/user/.m2/repository/org/apache/hadoop/hadoop-yarn-client/3.2.0/hadoop-yarn-client-3.2.0.jar:/home/user/.m2/repository/org/apache/hadoop/hadoop-mapreduce-client-core/3.2.0/hadoop-mapreduce-client-core-3.2.0.jar:/home/user/.m2/repository/org/apache/hadoop/hadoop-distcp/3.2.0/hadoop-distcp-3.2.0-tests.jar:"/>
    <property name="java.vm.vendor" value="Oracle Corporation"/>
    <property name="sun.arch.data.model" value="64"/>
    <property name="test.build.dir" value="/github/workspace/hadoop-ozone/integration-test/target/test-dir"/>
    <property name="test.cache.data" value=""/>
    <property name="java.vendor.url" value="http://java.oracle.com/"/>
    <property name="user.timezone" value=""/>
    <property name="java.vm.specification.version" value="1.8"/>
    <property name="os.name" value="Linux"/>
    <property name="test.build.data" value="/github/workspace/hadoop-ozone/integration-test/target/test-dir"/>
    <property name="user.country" value="US"/>
    <property name="sun.java.launcher" value="SUN_STANDARD"/>
    <property name="sun.boot.library.path" value="/usr/lib/jvm/java-1.8.0-openjdk-1.8.0.232.b09-0.el7_7.x86_64/jre/lib/amd64"/>
    <property name="sun.java.command" value="/github/workspace/hadoop-ozone/integration-test/target/surefire/surefirebooter3894197427590687303.jar /github/workspace/hadoop-ozone/integration-test/target/surefire 2020-04-03T12-09-40_307-jvmRun1 surefire9174645703935453962tmp surefire_98971389598972488955tmp"/>
    <property name="surefire.test.class.path" value="/github/workspace/hadoop-ozone/integration-test/target/test-classes:/github/workspace/hadoop-ozone/integration-test/target/classes:/home/user/.m2/repository/org/apache/hadoop/hadoop-ozone-common/0.6.0-SNAPSHOT/hadoop-ozone-common-0.6.0-SNAPSHOT.jar:/home/user/.m2/repository/org/apache/commons/commons-compress/1.4.1/commons-compress-1.4.1.jar:/home/user/.m2/repository/org/tukaani/xz/1.0/xz-1.0.jar:/home/user/.m2/repository/org/apache/hadoop/hadoop-common/3.2.0/hadoop-common-3.2.0.jar:/home/user/.m2/repository/org/apache/hadoop/hadoop-hdfs/3.2.0/hadoop-hdfs-3.2.0.jar:/home/user/.m2/repository/org/apache/hadoop/hadoop-hdfs-client/3.2.0/hadoop-hdfs-client-3.2.0.jar:/home/user/.m2/repository/com/fasterxml/jackson/core/jackson-annotations/2.10.3/jackson-annotations-2.10.3.jar:/home/user/.m2/repository/org/apache/hadoop/hadoop-hdds-common/0.6.0-SNAPSHOT/hadoop-hdds-common-0.6.0-SNAPSHOT.jar:/home/user/.m2/repository/info/picocli/picocli/3.9.6/picocli-3.9.6.jar:/home/user/.m2/repository/javax/annotation/javax.annotation-api/1.2/javax.annotation-api-1.2.jar:/home/user/.m2/repository/org/apache/ratis/ratis-server/0.6.0-7c5b30d-SNAPSHOT/ratis-server-0.6.0-7c5b30d-SNAPSHOT.jar:/home/user/.m2/repository/org/apache/ratis/ratis-thirdparty-misc/0.3.0/ratis-thirdparty-misc-0.3.0.jar:/home/user/.m2/repository/org/apache/ratis/ratis-proto/0.6.0-7c5b30d-SNAPSHOT/ratis-proto-0.6.0-7c5b30d-SNAPSHOT.jar:/home/user/.m2/repository/org/apache/ratis/ratis-common/0.6.0-7c5b30d-SNAPSHOT/ratis-common-0.6.0-7c5b30d-SNAPSHOT.jar:/home/user/.m2/repository/org/apache/ratis/ratis-client/0.6.0-7c5b30d-SNAPSHOT/ratis-client-0.6.0-7c5b30d-SNAPSHOT.jar:/home/user/.m2/repository/org/apache/ratis/ratis-metrics/0.6.0-7c5b30d-SNAPSHOT/ratis-metrics-0.6.0-7c5b30d-SNAPSHOT.jar:/home/user/.m2/repository/org/apache/ratis/ratis-netty/0.6.0-7c5b30d-SNAPSHOT/ratis-netty-0.6.0-7c5b30d-SNAPSHOT.jar:/home/user/.m2/repository/org/apache/ratis/ratis-grpc/0.6.0-7c5b30d-SNAPSHOT/ratis-grpc-0.6.0-7c5b30d-SNAPSHOT.jar:/home/user/.m2/repository/org/rocksdb/rocksdbjni/6.6.4/rocksdbjni-6.6.4.jar:/home/user/.m2/repository/org/apache/logging/log4j/log4j-api/2.11.0/log4j-api-2.11.0.jar:/home/user/.m2/repository/org/apache/logging/log4j/log4j-core/2.11.0/log4j-core-2.11.0.jar:/home/user/.m2/repository/com/lmax/disruptor/3.4.2/disruptor-3.4.2.jar:/home/user/.m2/repository/org/apache/commons/commons-pool2/2.6.0/commons-pool2-2.6.0.jar:/home/user/.m2/repository/org/bouncycastle/bcpkix-jdk15on/1.60/bcpkix-jdk15on-1.60.jar:/home/user/.m2/repository/commons-validator/commons-validator/1.6/commons-validator-1.6.jar:/home/user/.m2/repository/commons-digester/commons-digester/1.8.1/commons-digester-1.8.1.jar:/home/user/.m2/repository/io/jaegertracing/jaeger-client/0.34.0/jaeger-client-0.34.0.jar:/home/user/.m2/repository/io/jaegertracing/jaeger-thrift/0.34.0/jaeger-thrift-0.34.0.jar:/home/user/.m2/repository/org/apache/thrift/libthrift/0.12.0/libthrift-0.12.0.jar:/home/user/.m2/repository/com/squareup/okhttp3/okhttp/3.9.0/okhttp-3.9.0.jar:/home/user/.m2/repository/com/squareup/okio/okio/1.13.0/okio-1.13.0.jar:/home/user/.m2/repository/io/jaegertracing/jaeger-core/0.34.0/jaeger-core-0.34.0.jar:/home/user/.m2/repository/io/jaegertracing/jaeger-tracerresolver/0.34.0/jaeger-tracerresolver-0.34.0.jar:/home/user/.m2/repository/io/opentracing/contrib/opentracing-tracerresolver/0.1.5/opentracing-tracerresolver-0.1.5.jar:/home/user/.m2/repository/io/opentracing/opentracing-util/0.31.0/opentracing-util-0.31.0.jar:/home/user/.m2/repository/io/opentracing/opentracing-api/0.31.0/opentracing-api-0.31.0.jar:/home/user/.m2/repository/io/opentracing/opentracing-noop/0.31.0/opentracing-noop-0.31.0.jar:/home/user/.m2/repository/com/fasterxml/jackson/datatype/jackson-datatype-jsr310/2.10.3/jackson-datatype-jsr310-2.10.3.jar:/home/user/.m2/repository/org/apache/hadoop/hadoop-hdds-client/0.6.0-SNAPSHOT/hadoop-hdds-client-0.6.0-SNAPSHOT.jar:/home/user/.m2/repository/org/apache/hadoop/hadoop-hdds-tools/0.6.0-SNAPSHOT/hadoop-hdds-tools-0.6.0-SNAPSHOT.jar:/home/user/.m2/repository/org/apache/ratis/ratis-tools/0.6.0-7c5b30d-SNAPSHOT/ratis-tools-0.6.0-7c5b30d-SNAPSHOT.jar:/home/user/.m2/repository/org/apache/hadoop/hadoop-hdds-server-scm/0.6.0-SNAPSHOT/hadoop-hdds-server-scm-0.6.0-SNAPSHOT.jar:/home/user/.m2/repository/org/apache/hadoop/hadoop-hdds-container-service/0.6.0-SNAPSHOT/hadoop-hdds-container-service-0.6.0-SNAPSHOT.jar:/home/user/.m2/repository/org/apache/hadoop/hadoop-hdds-server-framework/0.6.0-SNAPSHOT/hadoop-hdds-server-framework-0.6.0-SNAPSHOT.jar:/home/user/.m2/repository/io/prometheus/simpleclient_dropwizard/0.7.0/simpleclient_dropwizard-0.7.0.jar:/home/user/.m2/repository/io/prometheus/simpleclient/0.7.0/simpleclient-0.7.0.jar:/home/user/.m2/repository/io/prometheus/simpleclient_common/0.7.0/simpleclient_common-0.7.0.jar:/home/user/.m2/repository/org/apache/hadoop/hadoop-hdds-docs/0.6.0-SNAPSHOT/hadoop-hdds-docs-0.6.0-SNAPSHOT.jar:/home/user/.m2/repository/io/dropwizard/metrics/metrics-core/3.2.4/metrics-core-3.2.4.jar:/home/user/.m2/repository/org/bouncycastle/bcprov-jdk15on/1.60/bcprov-jdk15on-1.60.jar:/home/user/.m2/repository/org/apache/hadoop/hadoop-ozone-ozone-manager/0.6.0-SNAPSHOT/hadoop-ozone-ozone-manager-0.6.0-SNAPSHOT.jar:/home/user/.m2/repository/org/apache/hadoop/hadoop-minikdc/3.2.0/hadoop-minikdc-3.2.0.jar:/home/user/.m2/repository/commons-io/commons-io/2.5/commons-io-2.5.jar:/home/user/.m2/repository/org/apache/kerby/kerb-simplekdc/1.0.1/kerb-simplekdc-1.0.1.jar:/home/user/.m2/repository/org/apache/kerby/kerb-client/1.0.1/kerb-client-1.0.1.jar:/home/user/.m2/repository/org/apache/kerby/kerby-config/1.0.1/kerby-config-1.0.1.jar:/home/user/.m2/repository/org/apache/kerby/kerb-core/1.0.1/kerb-core-1.0.1.jar:/home/user/.m2/repository/org/apache/kerby/kerby-pkix/1.0.1/kerby-pkix-1.0.1.jar:/home/user/.m2/repository/org/apache/kerby/kerby-asn1/1.0.1/kerby-asn1-1.0.1.jar:/home/user/.m2/repository/org/apache/kerby/kerby-util/1.0.1/kerby-util-1.0.1.jar:/home/user/.m2/repository/org/apache/kerby/kerb-common/1.0.1/kerb-common-1.0.1.jar:/home/user/.m2/repository/org/apache/kerby/kerb-crypto/1.0.1/kerb-crypto-1.0.1.jar:/home/user/.m2/repository/org/apache/kerby/kerb-util/1.0.1/kerb-util-1.0.1.jar:/home/user/.m2/repository/org/apache/kerby/token-provider/1.0.1/token-provider-1.0.1.jar:/home/user/.m2/repository/org/apache/kerby/kerb-admin/1.0.1/kerb-admin-1.0.1.jar:/home/user/.m2/repository/org/apache/kerby/kerb-server/1.0.1/kerb-server-1.0.1.jar:/home/user/.m2/repository/org/apache/kerby/kerb-identity/1.0.1/kerb-identity-1.0.1.jar:/home/user/.m2/repository/org/apache/kerby/kerby-xdr/1.0.1/kerby-xdr-1.0.1.jar:/home/user/.m2/repository/org/slf4j/slf4j-log4j12/1.7.25/slf4j-log4j12-1.7.25.jar:/home/user/.m2/repository/org/apache/hadoop/hadoop-ozone-s3gateway/0.6.0-SNAPSHOT/hadoop-ozone-s3gateway-0.6.0-SNAPSHOT.jar:/home/user/.m2/repository/org/jboss/weld/servlet/weld-servlet/2.4.7.Final/weld-servlet-2.4.7.Final.jar:/home/user/.m2/repository/org/glassfish/jersey/containers/jersey-container-servlet-core/2.27/jersey-container-servlet-core-2.27.jar:/home/user/.m2/repository/org/glassfish/hk2/external/javax.inject/2.5.0-b42/javax.inject-2.5.0-b42.jar:/home/user/.m2/repository/org/glassfish/jersey/core/jersey-common/2.27/jersey-common-2.27.jar:/home/user/.m2/repository/org/glassfish/hk2/osgi-resource-locator/1.0.1/osgi-resource-locator-1.0.1.jar:/home/user/.m2/repository/javax/ws/rs/javax.ws.rs-api/2.1/javax.ws.rs-api-2.1.jar:/home/user/.m2/repository/org/glassfish/jersey/ext/cdi/jersey-cdi1x/2.27/jersey-cdi1x-2.27.jar:/home/user/.m2/repository/org/glassfish/jersey/inject/jersey-hk2/2.27/jersey-hk2-2.27.jar:/home/user/.m2/repository/org/glassfish/hk2/hk2-locator/2.5.0-b42/hk2-locator-2.5.0-b42.jar:/home/user/.m2/repository/org/javassist/javassist/3.22.0-CR2/javassist-3.22.0-CR2.jar:/home/user/.m2/repository/org/glassfish/hk2/hk2-api/2.5.0/hk2-api-2.5.0.jar:/home/user/.m2/repository/org/glassfish/hk2/external/jakarta.inject/2.5.0/jakarta.inject-2.5.0.jar:/home/user/.m2/repository/org/glassfish/hk2/hk2-utils/2.5.0/hk2-utils-2.5.0.jar:/home/user/.m2/repository/jakarta/annotation/jakarta.annotation-api/1.3.4/jakarta.annotation-api-1.3.4.jar:/home/user/.m2/repository/org/glassfish/hk2/external/aopalliance-repackaged/2.5.0/aopalliance-repackaged-2.5.0.jar:/home/user/.m2/repository/com/fasterxml/jackson/dataformat/jackson-dataformat-xml/2.9.0/jackson-dataformat-xml-2.9.0.jar:/home/user/.m2/repository/com/fasterxml/jackson/core/jackson-core/2.10.3/jackson-core-2.10.3.jar:/home/user/.m2/repository/com/fasterxml/jackson/module/jackson-module-jaxb-annotations/2.10.3/jackson-module-jaxb-annotations-2.10.3.jar:/home/user/.m2/repository/jakarta/xml/bind/jakarta.xml.bind-api/2.3.2/jakarta.xml.bind-api-2.3.2.jar:/home/user/.m2/repository/jakarta/activation/jakarta.activation-api/1.2.1/jakarta.activation-api-1.2.1.jar:/home/user/.m2/repository/javax/enterprise/cdi-api/1.2/cdi-api-1.2.jar:/home/user/.m2/repository/javax/el/javax.el-api/3.0.0/javax.el-api-3.0.0.jar:/home/user/.m2/repository/javax/interceptor/javax.interceptor-api/1.2/javax.interceptor-api-1.2.jar:/home/user/.m2/repository/javax/inject/javax.inject/1/javax.inject-1.jar:/home/user/.m2/repository/com/sun/xml/bind/jaxb-impl/2.3.0.1/jaxb-impl-2.3.0.1.jar:/home/user/.m2/repository/com/sun/xml/bind/jaxb-core/2.3.0.1/jaxb-core-2.3.0.1.jar:/home/user/.m2/repository/javax/xml/bind/jaxb-api/2.3.0/jaxb-api-2.3.0.jar:/home/user/.m2/repository/javax/activation/activation/1.1.1/activation-1.1.1.jar:/home/user/.m2/repository/org/apache/hadoop/hadoop-ozone-csi/0.6.0-SNAPSHOT/hadoop-ozone-csi-0.6.0-SNAPSHOT.jar:/home/user/.m2/repository/com/google/protobuf/protobuf-java-util/3.5.1/protobuf-java-util-3.5.1.jar:/home/user/.m2/repository/org/apache/hadoop/hadoop-hdds-config/0.6.0-SNAPSHOT/hadoop-hdds-config-0.6.0-SNAPSHOT.jar:/home/user/.m2/repository/com/google/guava/guava/28.2-jre/guava-28.2-jre.jar:/home/user/.m2/repository/com/google/guava/failureaccess/1.0.1/failureaccess-1.0.1.jar:/home/user/.m2/repository/com/google/guava/listenablefuture/9999.0-empty-to-avoid-conflict-with-guava/listenablefuture-9999.0-empty-to-avoid-conflict-with-guava.jar:/home/user/.m2/repository/org/checkerframework/checker-qual/2.10.0/checker-qual-2.10.0.jar:/home/user/.m2/repository/com/google/errorprone/error_prone_annotations/2.3.4/error_prone_annotations-2.3.4.jar:/home/user/.m2/repository/com/google/j2objc/j2objc-annotations/1.3/j2objc-annotations-1.3.jar:/home/user/.m2/repository/com/google/protobuf/protobuf-java/2.5.0/protobuf-java-2.5.0.jar:/home/user/.m2/repository/io/grpc/grpc-netty/1.17.1/grpc-netty-1.17.1.jar:/home/user/.m2/repository/io/grpc/grpc-core/1.17.1/grpc-core-1.17.1.jar:/home/user/.m2/repository/io/grpc/grpc-context/1.17.1/grpc-context-1.17.1.jar:/home/user/.m2/repository/org/codehaus/mojo/animal-sniffer-annotations/1.17/animal-sniffer-annotations-1.17.jar:/home/user/.m2/repository/io/opencensus/opencensus-api/0.17.0/opencensus-api-0.17.0.jar:/home/user/.m2/repository/io/opencensus/opencensus-contrib-grpc-metrics/0.17.0/opencensus-contrib-grpc-metrics-0.17.0.jar:/home/user/.m2/repository/io/netty/netty-codec-http2/4.1.30.Final/netty-codec-http2-4.1.30.Final.jar:/home/user/.m2/repository/io/netty/netty-codec-http/4.1.30.Final/netty-codec-http-4.1.30.Final.jar:/home/user/.m2/repository/io/netty/netty-codec/4.1.30.Final/netty-codec-4.1.30.Final.jar:/home/user/.m2/repository/io/netty/netty-handler/4.1.30.Final/netty-handler-4.1.30.Final.jar:/home/user/.m2/repository/io/netty/netty-handler-proxy/4.1.30.Final/netty-handler-proxy-4.1.30.Final.jar:/home/user/.m2/repository/io/netty/netty-codec-socks/4.1.30.Final/netty-codec-socks-4.1.30.Final.jar:/home/user/.m2/repository/io/netty/netty-transport-native-epoll/4.1.30.Final/netty-transport-native-epoll-4.1.30.Final.jar:/home/user/.m2/repository/io/netty/netty-common/4.1.30.Final/netty-common-4.1.30.Final.jar:/home/user/.m2/repository/io/netty/netty-buffer/4.1.30.Final/netty-buffer-4.1.30.Final.jar:/home/user/.m2/repository/io/netty/netty-transport/4.1.30.Final/netty-transport-4.1.30.Final.jar:/home/user/.m2/repository/io/netty/netty-resolver/4.1.30.Final/netty-resolver-4.1.30.Final.jar:/home/user/.m2/repository/io/netty/netty-transport-native-unix-common/4.1.30.Final/netty-transport-native-unix-common-4.1.30.Final.jar:/home/user/.m2/repository/io/grpc/grpc-protobuf/1.17.1/grpc-protobuf-1.17.1.jar:/home/user/.m2/repository/com/google/api/grpc/proto-google-common-protos/1.0.0/proto-google-common-protos-1.0.0.jar:/home/user/.m2/repository/io/grpc/grpc-protobuf-lite/1.17.1/grpc-protobuf-lite-1.17.1.jar:/home/user/.m2/repository/io/grpc/grpc-stub/1.17.1/grpc-stub-1.17.1.jar:/home/user/.m2/repository/org/apache/hadoop/hadoop-ozone-recon/0.6.0-SNAPSHOT/hadoop-ozone-recon-0.6.0-SNAPSHOT.jar:/home/user/.m2/repository/org/apache/hadoop/hadoop-ozone-reconcodegen/0.6.0-SNAPSHOT/hadoop-ozone-reconcodegen-0.6.0-SNAPSHOT.jar:/home/user/.m2/repository/com/google/inject/extensions/guice-multibindings/4.0/guice-multibindings-4.0.jar:/home/user/.m2/repository/com/google/inject/guice/4.0/guice-4.0.jar:/home/user/.m2/repository/aopalliance/aopalliance/1.0/aopalliance-1.0.jar:/home/user/.m2/repository/com/google/inject/extensions/guice-servlet/4.0/guice-servlet-4.0.jar:/home/user/.m2/repository/org/glassfish/jersey/containers/jersey-container-servlet/2.27/jersey-container-servlet-2.27.jar:/home/user/.m2/repository/org/glassfish/hk2/guice-bridge/2.5.0/guice-bridge-2.5.0.jar:/home/user/.m2/repository/org/glassfish/jersey/core/jersey-server/2.27/jersey-server-2.27.jar:/home/user/.m2/repository/org/glassfish/jersey/core/jersey-client/2.27/jersey-client-2.27.jar:/home/user/.m2/repository/org/glassfish/jersey/media/jersey-media-jaxb/2.27/jersey-media-jaxb-2.27.jar:/home/user/.m2/repository/javax/validation/validation-api/1.1.0.Final/validation-api-1.1.0.Final.jar:/home/user/.m2/repository/org/glassfish/jersey/media/jersey-media-json-jackson/2.27/jersey-media-json-jackson-2.27.jar:/home/user/.m2/repository/org/glassfish/jersey/ext/jersey-entity-filtering/2.27/jersey-entity-filtering-2.27.jar:/home/user/.m2/repository/com/google/inject/extensions/guice-assistedinject/4.0/guice-assistedinject-4.0.jar:/home/user/.m2/repository/org/jooq/jooq/3.11.10/jooq-3.11.10.jar:/home/user/.m2/repository/org/jooq/jooq-meta/3.11.10/jooq-meta-3.11.10.jar:/home/user/.m2/repository/org/jooq/jooq-codegen/3.11.10/jooq-codegen-3.11.10.jar:/home/user/.m2/repository/com/jolbox/bonecp/0.8.0.RELEASE/bonecp-0.8.0.RELEASE.jar:/home/user/.m2/repository/org/xerial/sqlite-jdbc/3.25.2/sqlite-jdbc-3.25.2.jar:/home/user/.m2/repository/org/springframework/spring-jdbc/5.1.3.RELEASE/spring-jdbc-5.1.3.RELEASE.jar:/home/user/.m2/repository/org/springframework/spring-beans/5.1.3.RELEASE/spring-beans-5.1.3.RELEASE.jar:/home/user/.m2/repository/org/springframework/spring-core/5.1.3.RELEASE/spring-core-5.1.3.RELEASE.jar:/home/user/.m2/repository/org/springframework/spring-jcl/5.1.3.RELEASE/spring-jcl-5.1.3.RELEASE.jar:/home/user/.m2/repository/org/springframework/spring-tx/5.1.3.RELEASE/spring-tx-5.1.3.RELEASE.jar:/home/user/.m2/repository/org/apache/hadoop/hadoop-ozone-client/0.6.0-SNAPSHOT/hadoop-ozone-client-0.6.0-SNAPSHOT.jar:/home/user/.m2/repository/org/apache/hadoop/hadoop-ozone-filesystem/0.6.0-SNAPSHOT/hadoop-ozone-filesystem-0.6.0-SNAPSHOT.jar:/home/user/.m2/repository/org/apache/httpcomponents/httpclient/4.5.2/httpclient-4.5.2.jar:/home/user/.m2/repository/org/apache/httpcomponents/httpcore/4.4.4/httpcore-4.4.4.jar:/home/user/.m2/repository/org/apache/hadoop/hadoop-ozone-tools/0.6.0-SNAPSHOT/hadoop-ozone-tools-0.6.0-SNAPSHOT.jar:/home/user/.m2/repository/com/amazonaws/aws-java-sdk-s3/1.11.615/aws-java-sdk-s3-1.11.615.jar:/home/user/.m2/repository/com/amazonaws/aws-java-sdk-kms/1.11.615/aws-java-sdk-kms-1.11.615.jar:/home/user/.m2/repository/com/amazonaws/aws-java-sdk-core/1.11.615/aws-java-sdk-core-1.11.615.jar:/home/user/.m2/repository/software/amazon/ion/ion-java/1.0.2/ion-java-1.0.2.jar:/home/user/.m2/repository/com/fasterxml/jackson/dataformat/jackson-dataformat-cbor/2.10.3/jackson-dataformat-cbor-2.10.3.jar:/home/user/.m2/repository/joda-time/joda-time/2.9.9/joda-time-2.9.9.jar:/home/user/.m2/repository/com/amazonaws/jmespath-java/1.11.615/jmespath-java-1.11.615.jar:/home/user/.m2/repository/commons-lang/commons-lang/2.6/commons-lang-2.6.jar:/home/user/.m2/repository/org/apache/hadoop/hadoop-ozone-ozone-manager/0.6.0-SNAPSHOT/hadoop-ozone-ozone-manager-0.6.0-SNAPSHOT-tests.jar:/home/user/.m2/repository/junit/junit/4.11/junit-4.11.jar:/home/user/.m2/repository/org/hamcrest/hamcrest-core/1.3/hamcrest-core-1.3.jar:/home/user/.m2/repository/org/openjdk/jmh/jmh-core/1.19/jmh-core-1.19.jar:/home/user/.m2/repository/net/sf/jopt-simple/jopt-simple/4.6/jopt-simple-4.6.jar:/home/user/.m2/repository/org/apache/commons/commons-math3/3.1.1/commons-math3-3.1.1.jar:/home/user/.m2/repository/org/openjdk/jmh/jmh-generator-annprocess/1.19/jmh-generator-annprocess-1.19.jar:/home/user/.m2/repository/org/mockito/mockito-all/1.8.5/mockito-all-1.8.5.jar:/home/user/.m2/repository/org/apache/hadoop/hadoop-kms/3.2.0/hadoop-kms-3.2.0.jar:/home/user/.m2/repository/org/apache/hadoop/hadoop-auth/3.2.0/hadoop-auth-3.2.0.jar:/home/user/.m2/repository/com/nimbusds/nimbus-jose-jwt/7.9/nimbus-jose-jwt-7.9.jar:/home/user/.m2/repository/com/github/stephenc/jcip/jcip-annotations/1.0-1/jcip-annotations-1.0-1.jar:/home/user/.m2/repository/net/minidev/json-smart/2.3/json-smart-2.3.jar:/home/user/.m2/repository/net/minidev/accessors-smart/1.2/accessors-smart-1.2.jar:/home/user/.m2/repository/org/ow2/asm/asm/5.0.4/asm-5.0.4.jar:/home/user/.m2/repository/org/apache/curator/curator-framework/2.12.0/curator-framework-2.12.0.jar:/home/user/.m2/repository/com/sun/jersey/jersey-core/1.19/jersey-core-1.19.jar:/home/user/.m2/repository/javax/ws/rs/jsr311-api/1.1.1/jsr311-api-1.1.1.jar:/home/user/.m2/repository/com/sun/jersey/jersey-server/1.19/jersey-server-1.19.jar:/home/user/.m2/repository/javax/servlet/javax.servlet-api/3.1.0/javax.servlet-api-3.1.0.jar:/home/user/.m2/repository/org/eclipse/jetty/jetty-server/9.4.26.v20200117/jetty-server-9.4.26.v20200117.jar:/home/user/.m2/repository/org/eclipse/jetty/jetty-http/9.4.26.v20200117/jetty-http-9.4.26.v20200117.jar:/home/user/.m2/repository/org/eclipse/jetty/jetty-io/9.4.26.v20200117/jetty-io-9.4.26.v20200117.jar:/home/user/.m2/repository/org/eclipse/jetty/jetty-webapp/9.4.26.v20200117/jetty-webapp-9.4.26.v20200117.jar:/home/user/.m2/repository/org/eclipse/jetty/jetty-xml/9.4.26.v20200117/jetty-xml-9.4.26.v20200117.jar:/home/user/.m2/repository/log4j/log4j/1.2.17/log4j-1.2.17.jar:/home/user/.m2/repository/org/slf4j/slf4j-api/1.7.25/slf4j-api-1.7.25.jar:/home/user/.m2/repository/org/slf4j/jul-to-slf4j/1.7.25/jul-to-slf4j-1.7.25.jar:/home/user/.m2/repository/org/eclipse/jetty/jetty-util/9.4.26.v20200117/jetty-util-9.4.26.v20200117.jar:/home/user/.m2/repository/com/fasterxml/jackson/core/jackson-databind/2.10.3/jackson-databind-2.10.3.jar:/home/user/.m2/repository/org/apache/hadoop/hadoop-kms/3.2.0/hadoop-kms-3.2.0-tests.jar:/home/user/.m2/repository/org/apache/hadoop/hadoop-hdds-server-scm/0.6.0-SNAPSHOT/hadoop-hdds-server-scm-0.6.0-SNAPSHOT-tests.jar:/home/user/.m2/repository/org/apache/hadoop/hadoop-hdds-container-service/0.6.0-SNAPSHOT/hadoop-hdds-container-service-0.6.0-SNAPSHOT-tests.jar:/home/user/.m2/repository/org/apache/hadoop/hadoop-hdds-common/0.6.0-SNAPSHOT/hadoop-hdds-common-0.6.0-SNAPSHOT-tests.jar:/home/user/.m2/repository/org/yaml/snakeyaml/1.16/snakeyaml-1.16.jar:/home/user/.m2/repository/org/apache/hadoop/hadoop-common/3.2.0/hadoop-common-3.2.0-tests.jar:/home/user/.m2/repository/org/apache/hadoop/hadoop-annotations/3.2.0/hadoop-annotations-3.2.0.jar:/usr/lib/jvm/java-1.8.0-openjdk-1.8.0.232.b09-0.el7_7.x86_64/jre/../lib/tools.jar:/home/user/.m2/repository/commons-cli/commons-cli/1.2/commons-cli-1.2.jar:/home/user/.m2/repository/commons-codec/commons-codec/1.11/commons-codec-1.11.jar:/home/user/.m2/repository/commons-net/commons-net/3.6/commons-net-3.6.jar:/home/user/.m2/repository/commons-collections/commons-collections/3.2.2/commons-collections-3.2.2.jar:/home/user/.m2/repository/org/eclipse/jetty/jetty-servlet/9.4.26.v20200117/jetty-servlet-9.4.26.v20200117.jar:/home/user/.m2/repository/org/eclipse/jetty/jetty-security/9.4.26.v20200117/jetty-security-9.4.26.v20200117.jar:/home/user/.m2/repository/javax/servlet/jsp/jsp-api/2.1/jsp-api-2.1.jar:/home/user/.m2/repository/com/sun/jersey/jersey-servlet/1.19/jersey-servlet-1.19.jar:/home/user/.m2/repository/com/sun/jersey/jersey-json/1.19/jersey-json-1.19.jar:/home/user/.m2/repository/org/codehaus/jettison/jettison/1.1/jettison-1.1.jar:/home/user/.m2/repository/org/codehaus/jackson/jackson-core-asl/1.9.13/jackson-core-asl-1.9.13.jar:/home/user/.m2/repository/org/codehaus/jackson/jackson-mapper-asl/1.9.13/jackson-mapper-asl-1.9.13.jar:/home/user/.m2/repository/org/codehaus/jackson/jackson-jaxrs/1.9.13/jackson-jaxrs-1.9.13.jar:/home/user/.m2/repository/org/codehaus/jackson/jackson-xc/1.9.13/jackson-xc-1.9.13.jar:/home/user/.m2/repository/commons-logging/commons-logging/1.1.3/commons-logging-1.1.3.jar:/home/user/.m2/repository/commons-beanutils/commons-beanutils/1.9.4/commons-beanutils-1.9.4.jar:/home/user/.m2/repository/org/apache/commons/commons-configuration2/2.1.1/commons-configuration2-2.1.1.jar:/home/user/.m2/repository/org/apache/commons/commons-lang3/3.7/commons-lang3-3.7.jar:/home/user/.m2/repository/org/apache/commons/commons-text/1.4/commons-text-1.4.jar:/home/user/.m2/repository/org/apache/avro/avro/1.7.7/avro-1.7.7.jar:/home/user/.m2/repository/com/thoughtworks/paranamer/paranamer/2.3/paranamer-2.3.jar:/home/user/.m2/repository/org/xerial/snappy/snappy-java/1.0.5/snappy-java-1.0.5.jar:/home/user/.m2/repository/com/google/re2j/re2j/1.1/re2j-1.1.jar:/home/user/.m2/repository/com/google/code/gson/gson/2.2.4/gson-2.2.4.jar:/home/user/.m2/repository/com/jcraft/jsch/0.1.54/jsch-0.1.54.jar:/home/user/.m2/repository/org/apache/curator/curator-client/2.12.0/curator-client-2.12.0.jar:/home/user/.m2/repository/org/apache/curator/curator-recipes/2.12.0/curator-recipes-2.12.0.jar:/home/user/.m2/repository/com/google/code/findbugs/jsr305/3.0.0/jsr305-3.0.0.jar:/home/user/.m2/repository/org/apache/htrace/htrace-core4/4.1.0-incubating/htrace-core4-4.1.0-incubating.jar:/home/user/.m2/repository/org/apache/zookeeper/zookeeper/3.4.13/zookeeper-3.4.13.jar:/home/user/.m2/repository/jline/jline/0.9.94/jline-0.9.94.jar:/home/user/.m2/repository/org/apache/yetus/audience-annotations/0.5.0/audience-annotations-0.5.0.jar:/home/user/.m2/repository/org/codehaus/woodstox/stax2-api/3.1.4/stax2-api-3.1.4.jar:/home/user/.m2/repository/com/fasterxml/woodstox/woodstox-core/5.0.3/woodstox-core-5.0.3.jar:/home/user/.m2/repository/dnsjava/dnsjava/2.1.7/dnsjava-2.1.7.jar:/home/user/.m2/repository/org/apache/hadoop/hadoop-hdfs/3.2.0/hadoop-hdfs-3.2.0-tests.jar:/home/user/.m2/repository/org/eclipse/jetty/jetty-util-ajax/9.4.26.v20200117/jetty-util-ajax-9.4.26.v20200117.jar:/home/user/.m2/repository/commons-daemon/commons-daemon/1.0.13/commons-daemon-1.0.13.jar:/home/user/.m2/repository/io/netty/netty/3.10.5.Final/netty-3.10.5.Final.jar:/home/user/.m2/repository/io/netty/netty-all/4.1.47.Final/netty-all-4.1.47.Final.jar:/home/user/.m2/repository/org/fusesource/leveldbjni/leveldbjni-all/1.8/leveldbjni-all-1.8.jar:/home/user/.m2/repository/org/apache/hadoop/hadoop-distcp/3.2.0/hadoop-distcp-3.2.0.jar:/home/user/.m2/repository/org/apache/hadoop/hadoop-mapreduce-client-jobclient/3.2.0/hadoop-mapreduce-client-jobclient-3.2.0.jar:/home/user/.m2/repository/org/apache/hadoop/hadoop-mapreduce-client-common/3.2.0/hadoop-mapreduce-client-common-3.2.0.jar:/home/user/.m2/repository/org/apache/hadoop/hadoop-yarn-common/3.2.0/hadoop-yarn-common-3.2.0.jar:/home/user/.m2/repository/org/apache/hadoop/hadoop-yarn-api/3.2.0/hadoop-yarn-api-3.2.0.jar:/home/user/.m2/repository/com/sun/jersey/jersey-client/1.19/jersey-client-1.19.jar:/home/user/.m2/repository/com/sun/jersey/contribs/jersey-guice/1.19/jersey-guice-1.19.jar:/home/user/.m2/repository/com/fasterxml/jackson/jaxrs/jackson-jaxrs-json-provider/2.10.3/jackson-jaxrs-json-provider-2.10.3.jar:/home/user/.m2/repository/com/fasterxml/jackson/jaxrs/jackson-jaxrs-base/2.10.3/jackson-jaxrs-base-2.10.3.jar:/home/user/.m2/repository/org/apache/hadoop/hadoop-yarn-client/3.2.0/hadoop-yarn-client-3.2.0.jar:/home/user/.m2/repository/org/apache/hadoop/hadoop-mapreduce-client-core/3.2.0/hadoop-mapreduce-client-core-3.2.0.jar:/home/user/.m2/repository/org/apache/hadoop/hadoop-distcp/3.2.0/hadoop-distcp-3.2.0-tests.jar:"/>
    <property name="sun.cpu.endian" value="little"/>
    <property name="user.home" value="/home/user"/>
    <property name="user.language" value="en"/>
    <property name="java.specification.vendor" value="Oracle Corporation"/>
    <property name="java.home" value="/usr/lib/jvm/java-1.8.0-openjdk-1.8.0.232.b09-0.el7_7.x86_64/jre"/>
    <property name="java.security.krb5.conf" value="/github/workspace/hadoop-ozone/integration-test/target/test-classes/krb5.conf"/>
    <property name="basedir" value="/github/workspace/hadoop-ozone/integration-test"/>
    <property name="file.separator" value="/"/>
    <property name="line.separator" value="&#10;"/>
    <property name="java.vm.specification.vendor" value="Oracle Corporation"/>
    <property name="java.specification.name" value="Java Platform API Specification"/>
    <property name="java.awt.graphicsenv" value="sun.awt.X11GraphicsEnvironment"/>
    <property name="surefire.real.class.path" value="/github/workspace/hadoop-ozone/integration-test/target/surefire/surefirebooter3894197427590687303.jar:/home/user/.m2/repository/org/jacoco/org.jacoco.agent/0.8.3/org.jacoco.agent-0.8.3-runtime.jar"/>
    <property name="hadoop.log.dir" value="/github/workspace/hadoop-ozone/integration-test/target/log"/>
    <property name="sun.boot.class.path" value="/usr/lib/jvm/java-1.8.0-openjdk-1.8.0.232.b09-0.el7_7.x86_64/jre/lib/resources.jar:/usr/lib/jvm/java-1.8.0-openjdk-1.8.0.232.b09-0.el7_7.x86_64/jre/lib/rt.jar:/usr/lib/jvm/java-1.8.0-openjdk-1.8.0.232.b09-0.el7_7.x86_64/jre/lib/sunrsasign.jar:/usr/lib/jvm/java-1.8.0-openjdk-1.8.0.232.b09-0.el7_7.x86_64/jre/lib/jsse.jar:/usr/lib/jvm/java-1.8.0-openjdk-1.8.0.232.b09-0.el7_7.x86_64/jre/lib/jce.jar:/usr/lib/jvm/java-1.8.0-openjdk-1.8.0.232.b09-0.el7_7.x86_64/jre/lib/charsets.jar:/usr/lib/jvm/java-1.8.0-openjdk-1.8.0.232.b09-0.el7_7.x86_64/jre/lib/jfr.jar:/usr/lib/jvm/java-1.8.0-openjdk-1.8.0.232.b09-0.el7_7.x86_64/jre/classes"/>
    <property name="sun.management.compiler" value="HotSpot 64-Bit Tiered Compilers"/>
    <property name="java.runtime.version" value="1.8.0_232-b09"/>
    <property name="java.net.preferIPv4Stack" value="true"/>
    <property name="user.name" value="jenkins1001"/>
    <property name="path.separator" value=":"/>
    <property name="java.security.egd" value="file:///dev/urandom"/>
    <property name="os.version" value="5.0.0-1035-azure"/>
    <property name="java.endorsed.dirs" value="/usr/lib/jvm/java-1.8.0-openjdk-1.8.0.232.b09-0.el7_7.x86_64/jre/lib/endorsed"/>
    <property name="java.runtime.name" value="OpenJDK Runtime Environment"/>
    <property name="file.encoding" value="ANSI_X3.4-1968"/>
    <property name="java.vm.name" value="OpenJDK 64-Bit Server VM"/>
    <property name="test.build.webapps" value=""/>
    <property name="localRepository" value="/home/user/.m2/repository"/>
    <property name="java.vendor.url.bug" value="http://bugreport.sun.com/bugreport/"/>
    <property name="java.io.tmpdir" value="/tmp"/>
    <property name="require.test.libhadoop" value=""/>
    <property name="java.version" value="1.8.0_232"/>
    <property name="user.dir" value="/github/workspace/hadoop-ozone/integration-test"/>
    <property name="os.arch" value="amd64"/>
    <property name="java.vm.specification.name" value="Java Virtual Machine Specification"/>
    <property name="test.build.classes" value="/github/workspace/hadoop-ozone/integration-test/target/test-classes"/>
    <property name="java.awt.printerjob" value="sun.print.PSPrinterJob"/>
    <property name="sun.os.patch.level" value="unknown"/>
    <property name="hadoop.tmp.dir" value="/github/workspace/hadoop-ozone/integration-test/target/tmp"/>
    <property name="java.library.path" value="/usr/lib:/usr/java/packages/lib/amd64:/usr/lib64:/lib64:/lib:/usr/lib"/>
    <property name="java.vm.info" value="mixed mode"/>
    <property name="java.vendor" value="Oracle Corporation"/>
    <property name="java.vm.version" value="25.232-b09"/>
    <property name="java.ext.dirs" value="/usr/lib/jvm/java-1.8.0-openjdk-1.8.0.232.b09-0.el7_7.x86_64/jre/lib/ext:/usr/java/packages/lib/ext"/>
    <property name="sun.io.unicode.encoding" value="UnicodeLittle"/>
    <property name="java.class.version" value="52.0"/>
  </properties>
  <testcase name="test2DatanodesFailure" classname="org.apache.hadoop.ozone.client.rpc.TestBlockOutputStreamWithFailures" time="58.483"/>
  <testcase name="testDatanodeFailureWithPreAllocation" classname="org.apache.hadoop.ozone.client.rpc.TestBlockOutputStreamWithFailures" time="60.146"/>
  <testcase name="testDatanodeFailureWithSingleNodeRatis" classname="org.apache.hadoop.ozone.client.rpc.TestBlockOutputStreamWithFailures" time="61.968"/>
  <testcase name="testWatchForCommitWithSingleNodeRatis" classname="org.apache.hadoop.ozone.client.rpc.TestBlockOutputStreamWithFailures" time="35.549"/>
  <testcase name="testWatchForCommitDatanodeFailure" classname="org.apache.hadoop.ozone.client.rpc.TestBlockOutputStreamWithFailures" time="104.651">
    <failure type="java.lang.AssertionError">java.lang.AssertionError
	at org.junit.Assert.fail(Assert.java:86)
	at org.junit.Assert.assertTrue(Assert.java:41)
	at org.junit.Assert.assertTrue(Assert.java:52)
	at org.apache.hadoop.ozone.client.rpc.TestBlockOutputStreamWithFailures.testWatchForCommitDatanodeFailure(TestBlockOutputStreamWithFailures.java:248)
	at sun.reflect.NativeMethodAccessorImpl.invoke0(Native Method)
	at sun.reflect.NativeMethodAccessorImpl.invoke(NativeMethodAccessorImpl.java:62)
	at sun.reflect.DelegatingMethodAccessorImpl.invoke(DelegatingMethodAccessorImpl.java:43)
	at java.lang.reflect.Method.invoke(Method.java:498)
	at org.junit.runners.model.FrameworkMethod$1.runReflectiveCall(FrameworkMethod.java:47)
	at org.junit.internal.runners.model.ReflectiveCallable.run(ReflectiveCallable.java:12)
	at org.junit.runners.model.FrameworkMethod.invokeExplosively(FrameworkMethod.java:44)
	at org.junit.internal.runners.statements.InvokeMethod.evaluate(InvokeMethod.java:17)
	at org.junit.internal.runners.statements.RunBefores.evaluate(RunBefores.java:26)
	at org.junit.internal.runners.statements.RunAfters.evaluate(RunAfters.java:27)
	at org.junit.runners.ParentRunner.runLeaf(ParentRunner.java:271)
	at org.junit.runners.BlockJUnit4ClassRunner.runChild(BlockJUnit4ClassRunner.java:70)
	at org.junit.runners.BlockJUnit4ClassRunner.runChild(BlockJUnit4ClassRunner.java:50)
	at org.junit.runners.ParentRunner$3.run(ParentRunner.java:238)
	at org.junit.runners.ParentRunner$1.schedule(ParentRunner.java:63)
	at org.junit.runners.ParentRunner.runChildren(ParentRunner.java:236)
	at org.junit.runners.ParentRunner.access$000(ParentRunner.java:53)
	at org.junit.runners.ParentRunner$2.evaluate(ParentRunner.java:229)
	at org.junit.runners.ParentRunner.run(ParentRunner.java:309)
	at org.apache.maven.surefire.junit4.JUnit4Provider.execute(JUnit4Provider.java:365)
	at org.apache.maven.surefire.junit4.JUnit4Provider.executeWithRerun(JUnit4Provider.java:273)
	at org.apache.maven.surefire.junit4.JUnit4Provider.executeTestSet(JUnit4Provider.java:238)
	at org.apache.maven.surefire.junit4.JUnit4Provider.invoke(JUnit4Provider.java:159)
	at org.apache.maven.surefire.booter.ForkedBooter.invokeProviderInSameClassLoader(ForkedBooter.java:384)
	at org.apache.maven.surefire.booter.ForkedBooter.runSuitesInProcess(ForkedBooter.java:345)
	at org.apache.maven.surefire.booter.ForkedBooter.execute(ForkedBooter.java:126)
	at org.apache.maven.surefire.booter.ForkedBooter.main(ForkedBooter.java:418)
</failure>
    <system-out><![CDATA[2020-04-03 12:22:35,585 [main] WARN  server.ServerUtils (ServerUtils.java:getScmDbDir(148)) - ozone.scm.db.dirs is not configured. We recommend adding this setting. Falling back to ozone.metadata.dirs instead.
2020-04-03 12:22:35,588 [main] WARN  server.ServerUtils (ServerUtils.java:getScmDbDir(148)) - ozone.scm.db.dirs is not configured. We recommend adding this setting. Falling back to ozone.metadata.dirs instead.
2020-04-03 12:22:35,589 [main] WARN  server.ServerUtils (ServerUtils.java:getScmDbDir(148)) - ozone.scm.db.dirs is not configured. We recommend adding this setting. Falling back to ozone.metadata.dirs instead.
2020-04-03 12:22:35,609 [main] INFO  net.NodeSchemaLoader (NodeSchemaLoader.java:loadSchemaFromFile(126)) - Loading file from sun.misc.CompoundEnumeration@1e6c6a51
2020-04-03 12:22:35,609 [main] INFO  net.NodeSchemaLoader (NodeSchemaLoader.java:loadSchema(172)) - Loading network topology layer schema file
2020-04-03 12:22:35,612 [main] WARN  server.ServerUtils (ServerUtils.java:sanitizeUserArgs(67)) - ozone.scm.dead.node.interval value = 10000 is smaller than min = 20000 based on the key value of ozone.scm.stale.node.interval, reset to the min value 20000.
2020-04-03 12:22:35,612 [main] INFO  node.SCMNodeManager (SCMNodeManager.java:<init>(116)) - Entering startup safe mode.
2020-04-03 12:22:35,613 [main] INFO  algorithms.ContainerPlacementPolicyFactory (ContainerPlacementPolicyFactory.java:getPolicy(59)) - Create container placement policy of type org.apache.hadoop.hdds.scm.container.placement.algorithms.SCMContainerPlacementRandom
2020-04-03 12:22:35,613 [main] WARN  server.ServerUtils (ServerUtils.java:getScmDbDir(148)) - ozone.scm.db.dirs is not configured. We recommend adding this setting. Falling back to ozone.metadata.dirs instead.
2020-04-03 12:22:35,623 [main] INFO  pipeline.SCMPipelineManager (SCMPipelineManager.java:initializePipelineState(151)) - No pipeline exists in current db
2020-04-03 12:22:35,623 [main] WARN  server.ServerUtils (ServerUtils.java:getScmDbDir(148)) - ozone.scm.db.dirs is not configured. We recommend adding this setting. Falling back to ozone.metadata.dirs instead.
2020-04-03 12:22:35,631 [main] INFO  safemode.HealthyPipelineSafeModeRule (HealthyPipelineSafeModeRule.java:<init>(88)) - Total pipeline count is 0, healthy pipeline threshold count is 0
2020-04-03 12:22:35,631 [main] INFO  safemode.OneReplicaPipelineSafeModeRule (OneReplicaPipelineSafeModeRule.java:<init>(79)) - Total pipeline count is 0, pipeline's with at least one datanode reported threshold count is 0
2020-04-03 12:22:35,632 [main] INFO  ipc.CallQueueManager (CallQueueManager.java:<init>(84)) - Using callQueue: class java.util.concurrent.LinkedBlockingQueue, queueCapacity: 2000, scheduler: class org.apache.hadoop.ipc.DefaultRpcScheduler, ipcBackoff: false.
2020-04-03 12:22:35,633 [RatisPipelineUtilsThread] WARN  pipeline.PipelinePlacementPolicy (PipelinePlacementPolicy.java:filterViableNodes(150)) - Pipeline creation failed due to no sufficient healthy datanodes. Required 3. Found 0.
2020-04-03 12:22:35,637 [Socket Reader #1 for port 45075] INFO  ipc.Server (Server.java:run(1074)) - Starting Socket Reader #1 for port 45075
2020-04-03 12:22:35,638 [main] INFO  ipc.CallQueueManager (CallQueueManager.java:<init>(84)) - Using callQueue: class java.util.concurrent.LinkedBlockingQueue, queueCapacity: 2000, scheduler: class org.apache.hadoop.ipc.DefaultRpcScheduler, ipcBackoff: false.
2020-04-03 12:22:35,639 [Socket Reader #1 for port 36759] INFO  ipc.Server (Server.java:run(1074)) - Starting Socket Reader #1 for port 36759
2020-04-03 12:22:35,639 [main] INFO  ipc.CallQueueManager (CallQueueManager.java:<init>(84)) - Using callQueue: class java.util.concurrent.LinkedBlockingQueue, queueCapacity: 2000, scheduler: class org.apache.hadoop.ipc.DefaultRpcScheduler, ipcBackoff: false.
2020-04-03 12:22:35,642 [Socket Reader #1 for port 41557] INFO  ipc.Server (Server.java:run(1074)) - Starting Socket Reader #1 for port 41557
2020-04-03 12:22:35,648 [main] INFO  http.BaseHttpServer (BaseHttpServer.java:newHttpServer2BuilderForOzone(170)) - Starting Web-server for scm at: http://0.0.0.0:0
2020-04-03 12:22:35,649 [main] INFO  server.AuthenticationFilter (AuthenticationFilter.java:constructSecretProvider(240)) - Unable to initialize FileSignerSecretProvider, falling back to use random secrets.
2020-04-03 12:22:35,649 [main] WARN  http.HttpRequestLog (HttpRequestLog.java:getRequestLog(103)) - Jetty request log can only be enabled using Log4j
2020-04-03 12:22:35,651 [main] INFO  http.HttpServer2 (HttpServer2.java:addGlobalFilter(970)) - Added global filter 'safety' (class=org.apache.hadoop.hdds.server.http.HttpServer2$QuotingInputFilter)
2020-04-03 12:22:35,651 [main] INFO  http.HttpServer2 (HttpServer2.java:addFilter(946)) - Added filter static_user_filter (class=org.apache.hadoop.hdds.server.http.StaticUserWebFilter$StaticUserFilter) to context scm
2020-04-03 12:22:35,651 [main] INFO  http.HttpServer2 (HttpServer2.java:addFilter(954)) - Added filter static_user_filter (class=org.apache.hadoop.hdds.server.http.StaticUserWebFilter$StaticUserFilter) to context logs
2020-04-03 12:22:35,651 [main] INFO  http.HttpServer2 (HttpServer2.java:addFilter(954)) - Added filter static_user_filter (class=org.apache.hadoop.hdds.server.http.StaticUserWebFilter$StaticUserFilter) to context static
2020-04-03 12:22:35,653 [main] INFO  server.StorageContainerManager (StorageContainerManager.java:start(773)) - StorageContainerLocationProtocol RPC server is listening at /0.0.0.0:41557
2020-04-03 12:22:35,655 [main] WARN  impl.MetricsConfig (MetricsConfig.java:loadFirst(134)) - Cannot locate configuration: tried hadoop-metrics2-storagecontainermanager.properties,hadoop-metrics2.properties
2020-04-03 12:22:35,655 [main] INFO  impl.MetricsSystemImpl (MetricsSystemImpl.java:startTimer(374)) - Scheduled Metric snapshot period at 10 second(s).
2020-04-03 12:22:35,656 [main] INFO  impl.MetricsSystemImpl (MetricsSystemImpl.java:start(191)) - StorageContainerManager metrics system started
2020-04-03 12:22:35,685 [main] WARN  impl.MetricsSystemImpl (MetricsSystemImpl.java:register(276)) - Sink prometheus already exists!
2020-04-03 12:22:35,725 [main] INFO  server.SCMClientProtocolServer (SCMClientProtocolServer.java:start(155)) - RPC server for Client  is listening at /0.0.0.0:41557
2020-04-03 12:22:35,729 [IPC Server Responder] INFO  ipc.Server (Server.java:run(1314)) - IPC Server Responder: starting
2020-04-03 12:22:35,729 [IPC Server listener on 41557] INFO  ipc.Server (Server.java:run(1153)) - IPC Server listener on 41557: starting
2020-04-03 12:22:35,738 [main] INFO  server.StorageContainerManager (StorageContainerManager.java:start(785)) - ScmBlockLocationProtocol RPC server is listening at /0.0.0.0:36759
2020-04-03 12:22:35,738 [main] INFO  server.SCMBlockProtocolServer (SCMBlockProtocolServer.java:start(149)) - RPC server for Block Protocol is listening at /0.0.0.0:36759
2020-04-03 12:22:35,739 [IPC Server Responder] INFO  ipc.Server (Server.java:run(1314)) - IPC Server Responder: starting
2020-04-03 12:22:35,739 [IPC Server listener on 36759] INFO  ipc.Server (Server.java:run(1153)) - IPC Server listener on 36759: starting
2020-04-03 12:22:35,746 [main] INFO  server.StorageContainerManager (StorageContainerManager.java:start(791)) - ScmDatanodeProtocl RPC server is listening at /0.0.0.0:45075
2020-04-03 12:22:35,746 [main] INFO  server.SCMDatanodeProtocolServer (SCMDatanodeProtocolServer.java:start(172)) - RPC server for DataNodes is listening at /0.0.0.0:45075
2020-04-03 12:22:35,746 [IPC Server Responder] INFO  ipc.Server (Server.java:run(1314)) - IPC Server Responder: starting
2020-04-03 12:22:35,747 [IPC Server listener on 45075] INFO  ipc.Server (Server.java:run(1153)) - IPC Server listener on 45075: starting
2020-04-03 12:22:35,749 [main] INFO  http.HttpServer2 (HttpServer2.java:bindListener(1188)) - Jetty bound to port 44829
2020-04-03 12:22:35,749 [main] INFO  server.Server (Server.java:doStart(359)) - jetty-9.4.26.v20200117; built: 2020-01-17T12:35:33.676Z; git: 7b38981d25d14afb4a12ff1f2596756144edf695; jvm 1.8.0_232-b09
2020-04-03 12:22:35,751 [main] INFO  server.session (DefaultSessionIdManager.java:doStart(333)) - DefaultSessionIdManager workerName=node0
2020-04-03 12:22:35,751 [main] INFO  server.session (DefaultSessionIdManager.java:doStart(338)) - No SessionScavenger set, using defaults
2020-04-03 12:22:35,752 [main] INFO  server.session (HouseKeeper.java:startScavenging(140)) - node0 Scavenging every 600000ms
2020-04-03 12:22:35,752 [main] INFO  handler.ContextHandler (ContextHandler.java:doStart(825)) - Started o.e.j.s.ServletContextHandler@10b9de89{logs,/logs,file:///github/workspace/hadoop-ozone/integration-test/target/log,AVAILABLE}
2020-04-03 12:22:35,753 [main] INFO  handler.ContextHandler (ContextHandler.java:doStart(825)) - Started o.e.j.s.ServletContextHandler@b5eab1b{static,/static,file:///github/workspace/hadoop-ozone/integration-test/target/test-classes/webapps/static,AVAILABLE}
2020-04-03 12:22:35,756 [main] INFO  handler.ContextHandler (ContextHandler.java:doStart(825)) - Started o.e.j.w.WebAppContext@4f686f1b{scm,/,file:///github/workspace/hadoop-ozone/integration-test/target/test-classes/webapps/scm/,AVAILABLE}{file:/github/workspace/hadoop-ozone/integration-test/target/test-classes/webapps/scm}
2020-04-03 12:22:35,765 [main] INFO  server.AbstractConnector (AbstractConnector.java:doStart(330)) - Started ServerConnector@7b5526d8{HTTP/1.1,[http/1.1]}{0.0.0.0:44829}
2020-04-03 12:22:35,766 [main] INFO  server.Server (Server.java:doStart(399)) - Started @217652ms
2020-04-03 12:22:35,766 [main] WARN  impl.MetricsSystemImpl (MetricsSystemImpl.java:register(276)) - Sink prometheus already exists!
2020-04-03 12:22:35,767 [main] INFO  http.BaseHttpServer (BaseHttpServer.java:updateConnectorAddress(284)) - HTTP server of scm listening at http://0.0.0.0:44829
2020-04-03 12:22:35,768 [main] WARN  server.ServerUtils (ServerUtils.java:getDBPath(225)) - ozone.om.db.dirs is not configured. We recommend adding this setting. Falling back to ozone.metadata.dirs instead.
2020-04-03 12:22:35,769 [org.apache.hadoop.util.JvmPauseMonitor$Monitor@4afdb09] INFO  util.JvmPauseMonitor (JvmPauseMonitor.java:run(188)) - Starting JVM pause monitor
2020-04-03 12:22:35,770 [main] INFO  ha.OMHANodeDetails (OMHANodeDetails.java:loadOMHAConfig(104)) - ozone.om.internal.service.id is not defined, falling back to ozone.om.service.ids to find serviceID for OzoneManager if it is HA enabled cluster
2020-04-03 12:22:35,770 [main] INFO  ha.OMHANodeDetails (OMHANodeDetails.java:loadOMHAConfig(207)) - Configuration either no ozone.om.address set. Falling back to the default OM address /127.0.0.1:0
2020-04-03 12:22:35,770 [main] INFO  ha.OMHANodeDetails (OMHANodeDetails.java:getOMNodeDetails(237)) - OM Service ID is not set. Setting it to the default ID: omServiceIdDefault
2020-04-03 12:22:35,771 [main] WARN  server.ServerUtils (ServerUtils.java:getDBPath(225)) - ozone.om.db.dirs is not configured. We recommend adding this setting. Falling back to ozone.metadata.dirs instead.
2020-04-03 12:22:35,771 [main] WARN  server.ServerUtils (ServerUtils.java:getDBPath(225)) - ozone.om.db.dirs is not configured. We recommend adding this setting. Falling back to ozone.metadata.dirs instead.
2020-04-03 12:22:35,775 [main] WARN  server.ServerUtils (ServerUtils.java:getDBPath(225)) - ozone.om.db.dirs is not configured. We recommend adding this setting. Falling back to ozone.metadata.dirs instead.
2020-04-03 12:22:35,832 [main] INFO  ipc.CallQueueManager (CallQueueManager.java:<init>(84)) - Using callQueue: class java.util.concurrent.LinkedBlockingQueue, queueCapacity: 2000, scheduler: class org.apache.hadoop.ipc.DefaultRpcScheduler, ipcBackoff: false.
2020-04-03 12:22:35,834 [Socket Reader #1 for port 46593] INFO  ipc.Server (Server.java:run(1074)) - Starting Socket Reader #1 for port 46593
2020-04-03 12:22:35,851 [main] INFO  impl.MetricsSystemImpl (MetricsSystemImpl.java:init(158)) - OzoneManager metrics system started (again)
2020-04-03 12:22:35,853 [main] INFO  om.OzoneManager (OzoneManager.java:start(1103)) - OzoneManager RPC server is listening at localhost/127.0.0.1:46593
2020-04-03 12:22:35,855 [IPC Server Responder] INFO  ipc.Server (Server.java:run(1314)) - IPC Server Responder: starting
2020-04-03 12:22:35,864 [IPC Server listener on 46593] INFO  ipc.Server (Server.java:run(1153)) - IPC Server listener on 46593: starting
2020-04-03 12:22:35,865 [main] INFO  http.BaseHttpServer (BaseHttpServer.java:newHttpServer2BuilderForOzone(170)) - Starting Web-server for ozoneManager at: http://0.0.0.0:0
2020-04-03 12:22:35,867 [main] INFO  server.AuthenticationFilter (AuthenticationFilter.java:constructSecretProvider(240)) - Unable to initialize FileSignerSecretProvider, falling back to use random secrets.
2020-04-03 12:22:35,867 [main] WARN  http.HttpRequestLog (HttpRequestLog.java:getRequestLog(103)) - Jetty request log can only be enabled using Log4j
2020-04-03 12:22:35,869 [main] INFO  http.HttpServer2 (HttpServer2.java:addGlobalFilter(970)) - Added global filter 'safety' (class=org.apache.hadoop.hdds.server.http.HttpServer2$QuotingInputFilter)
2020-04-03 12:22:35,869 [main] INFO  http.HttpServer2 (HttpServer2.java:addFilter(946)) - Added filter static_user_filter (class=org.apache.hadoop.hdds.server.http.StaticUserWebFilter$StaticUserFilter) to context ozoneManager
2020-04-03 12:22:35,869 [main] INFO  http.HttpServer2 (HttpServer2.java:addFilter(954)) - Added filter static_user_filter (class=org.apache.hadoop.hdds.server.http.StaticUserWebFilter$StaticUserFilter) to context static
2020-04-03 12:22:35,869 [main] INFO  http.HttpServer2 (HttpServer2.java:addFilter(954)) - Added filter static_user_filter (class=org.apache.hadoop.hdds.server.http.StaticUserWebFilter$StaticUserFilter) to context logs
2020-04-03 12:22:35,870 [main] INFO  http.HttpServer2 (HttpServer2.java:bindListener(1188)) - Jetty bound to port 44873
2020-04-03 12:22:35,870 [main] INFO  server.Server (Server.java:doStart(359)) - jetty-9.4.26.v20200117; built: 2020-01-17T12:35:33.676Z; git: 7b38981d25d14afb4a12ff1f2596756144edf695; jvm 1.8.0_232-b09
2020-04-03 12:22:35,872 [main] INFO  server.session (DefaultSessionIdManager.java:doStart(333)) - DefaultSessionIdManager workerName=node0
2020-04-03 12:22:35,872 [main] INFO  server.session (DefaultSessionIdManager.java:doStart(338)) - No SessionScavenger set, using defaults
2020-04-03 12:22:35,872 [main] INFO  server.session (HouseKeeper.java:startScavenging(140)) - node0 Scavenging every 660000ms
2020-04-03 12:22:35,873 [main] INFO  handler.ContextHandler (ContextHandler.java:doStart(825)) - Started o.e.j.s.ServletContextHandler@9740423{logs,/logs,file:///github/workspace/hadoop-ozone/integration-test/target/log,AVAILABLE}
2020-04-03 12:22:35,874 [main] INFO  handler.ContextHandler (ContextHandler.java:doStart(825)) - Started o.e.j.s.ServletContextHandler@41021f51{static,/static,file:///github/workspace/hadoop-ozone/integration-test/target/test-classes/webapps/static,AVAILABLE}
2020-04-03 12:22:35,877 [main] INFO  handler.ContextHandler (ContextHandler.java:doStart(825)) - Started o.e.j.w.WebAppContext@7dba5fdb{ozoneManager,/,file:///github/workspace/hadoop-ozone/integration-test/target/test-classes/webapps/ozoneManager/,AVAILABLE}{file:/github/workspace/hadoop-ozone/integration-test/target/test-classes/webapps/ozoneManager}
2020-04-03 12:22:35,887 [main] INFO  server.AbstractConnector (AbstractConnector.java:doStart(330)) - Started ServerConnector@262aec01{HTTP/1.1,[http/1.1]}{0.0.0.0:44873}
2020-04-03 12:22:35,887 [main] INFO  server.Server (Server.java:doStart(399)) - Started @217774ms
2020-04-03 12:22:35,887 [main] WARN  impl.MetricsSystemImpl (MetricsSystemImpl.java:register(276)) - Sink prometheus already exists!
2020-04-03 12:22:35,889 [main] INFO  http.BaseHttpServer (BaseHttpServer.java:updateConnectorAddress(284)) - HTTP server of ozoneManager listening at http://0.0.0.0:44873
2020-04-03 12:22:35,908 [main] INFO  impl.MetricsSystemImpl (MetricsSystemImpl.java:init(158)) - HddsDatanode metrics system started (again)
2020-04-03 12:22:35,910 [main] INFO  ozone.HddsDatanodeService (HddsDatanodeService.java:start(204)) - HddsDatanodeService host:bc31a1f7cf94 ip:172.17.0.2
2020-04-03 12:22:35,911 [main] INFO  volume.HddsVolume (HddsVolume.java:<init>(177)) - Creating Volume: /github/workspace/hadoop-ozone/integration-test/target/test-dir/MiniOzoneClusterImpl-54c97517-776f-4ce9-b1d6-5922e4042064/datanode-0/data/containers/hdds of storage type : DISK and capacity : 9223372036854775807
2020-04-03 12:22:35,911 [main] INFO  volume.MutableVolumeSet (MutableVolumeSet.java:initializeVolumeSet(188)) - Added Volume : /github/workspace/hadoop-ozone/integration-test/target/test-dir/MiniOzoneClusterImpl-54c97517-776f-4ce9-b1d6-5922e4042064/datanode-0/data/containers/hdds to VolumeSet
2020-04-03 12:22:35,911 [main] INFO  volume.ThrottledAsyncChecker (ThrottledAsyncChecker.java:schedule(141)) - Scheduling a check for /github/workspace/hadoop-ozone/integration-test/target/test-dir/MiniOzoneClusterImpl-54c97517-776f-4ce9-b1d6-5922e4042064/datanode-0/data/containers/hdds
2020-04-03 12:22:35,912 [main] INFO  volume.HddsVolumeChecker (HddsVolumeChecker.java:checkAllVolumes(200)) - Scheduled health check for volume /github/workspace/hadoop-ozone/integration-test/target/test-dir/MiniOzoneClusterImpl-54c97517-776f-4ce9-b1d6-5922e4042064/datanode-0/data/containers/hdds
2020-04-03 12:22:35,929 [main] INFO  impl.RaftServerProxy (ConfUtils.java:logGet(44)) - raft.rpc.type = GRPC (default)
2020-04-03 12:22:35,929 [main] INFO  grpc.GrpcFactory (GrpcFactory.java:checkPooledByteBufAllocatorUseCacheForAllThreads(45)) - PERFORMANCE WARNING: useCacheForAllThreads is true that may cause Netty to create a lot garbage objects and, as a result, trigger GC.
	It is recommended to disable useCacheForAllThreads by setting -Dorg.apache.ratis.thirdparty.io.netty.allocator.useCacheForAllThreads=false in command line.
2020-04-03 12:22:35,929 [main] INFO  grpc.GrpcConfigKeys (ConfUtils.java:logGet(44)) - raft.grpc.server.port = 0 (default)
2020-04-03 12:22:35,929 [main] INFO  server.GrpcService (ConfUtils.java:logGet(44)) - raft.grpc.message.size.max = 32MB (=33554432) (custom)
2020-04-03 12:22:35,929 [main] INFO  server.RaftServerConfigKeys (ConfUtils.java:logGet(44)) - raft.server.log.appender.buffer.byte-limit = 33554432 (custom)
2020-04-03 12:22:35,929 [main] INFO  server.GrpcService (ConfUtils.java:logGet(44)) - raft.grpc.flow.control.window = 5MB (=5242880) (custom)
2020-04-03 12:22:35,929 [main] INFO  server.RaftServerConfigKeys (ConfUtils.java:logGet(44)) - raft.server.rpc.request.timeout = 3s (default)
2020-04-03 12:22:35,930 [main] INFO  server.RaftServerConfigKeys (ConfUtils.java:logGet(44)) - raft.server.storage.dir = [/github/workspace/hadoop-ozone/integration-test/target/test-dir/MiniOzoneClusterImpl-54c97517-776f-4ce9-b1d6-5922e4042064/datanode-0/data/ratis] (custom)
2020-04-03 12:22:35,932 [main] INFO  http.BaseHttpServer (BaseHttpServer.java:newHttpServer2BuilderForOzone(170)) - Starting Web-server for hddsDatanode at: http://0.0.0.0:0
2020-04-03 12:22:35,933 [main] INFO  server.AuthenticationFilter (AuthenticationFilter.java:constructSecretProvider(240)) - Unable to initialize FileSignerSecretProvider, falling back to use random secrets.
2020-04-03 12:22:35,934 [main] WARN  http.HttpRequestLog (HttpRequestLog.java:getRequestLog(103)) - Jetty request log can only be enabled using Log4j
2020-04-03 12:22:35,935 [main] INFO  http.HttpServer2 (HttpServer2.java:addGlobalFilter(970)) - Added global filter 'safety' (class=org.apache.hadoop.hdds.server.http.HttpServer2$QuotingInputFilter)
2020-04-03 12:22:35,935 [main] INFO  http.HttpServer2 (HttpServer2.java:addFilter(946)) - Added filter static_user_filter (class=org.apache.hadoop.hdds.server.http.StaticUserWebFilter$StaticUserFilter) to context hddsDatanode
2020-04-03 12:22:35,935 [main] INFO  http.HttpServer2 (HttpServer2.java:addFilter(954)) - Added filter static_user_filter (class=org.apache.hadoop.hdds.server.http.StaticUserWebFilter$StaticUserFilter) to context logs
2020-04-03 12:22:35,936 [main] INFO  http.HttpServer2 (HttpServer2.java:addFilter(954)) - Added filter static_user_filter (class=org.apache.hadoop.hdds.server.http.StaticUserWebFilter$StaticUserFilter) to context static
2020-04-03 12:22:35,936 [main] INFO  http.HttpServer2 (HttpServer2.java:bindListener(1188)) - Jetty bound to port 34651
2020-04-03 12:22:35,936 [main] INFO  server.Server (Server.java:doStart(359)) - jetty-9.4.26.v20200117; built: 2020-01-17T12:35:33.676Z; git: 7b38981d25d14afb4a12ff1f2596756144edf695; jvm 1.8.0_232-b09
2020-04-03 12:22:35,938 [main] INFO  server.session (DefaultSessionIdManager.java:doStart(333)) - DefaultSessionIdManager workerName=node0
2020-04-03 12:22:35,938 [main] INFO  server.session (DefaultSessionIdManager.java:doStart(338)) - No SessionScavenger set, using defaults
2020-04-03 12:22:35,938 [main] INFO  server.session (HouseKeeper.java:startScavenging(140)) - node0 Scavenging every 660000ms
2020-04-03 12:22:35,939 [main] INFO  handler.ContextHandler (ContextHandler.java:doStart(825)) - Started o.e.j.s.ServletContextHandler@2bda9ad4{logs,/logs,file:///github/workspace/hadoop-ozone/integration-test/target/log,AVAILABLE}
2020-04-03 12:22:35,939 [main] INFO  handler.ContextHandler (ContextHandler.java:doStart(825)) - Started o.e.j.s.ServletContextHandler@36798d87{static,/static,jar:file:/home/user/.m2/repository/org/apache/hadoop/hadoop-hdds-container-service/0.6.0-SNAPSHOT/hadoop-hdds-container-service-0.6.0-SNAPSHOT.jar!/webapps/static,AVAILABLE}
2020-04-03 12:22:35,967 [main] INFO  handler.ContextHandler (ContextHandler.java:doStart(825)) - Started o.e.j.w.WebAppContext@b0a803c{hddsDatanode,/,file:///tmp/jetty-0_0_0_0-34651-hadoop-hdds-container-service-0_6_0-SNAPSHOT_jar-_-any-8160985636015002284.dir/webapp/,AVAILABLE}{jar:file:/home/user/.m2/repository/org/apache/hadoop/hadoop-hdds-container-service/0.6.0-SNAPSHOT/hadoop-hdds-container-service-0.6.0-SNAPSHOT.jar!/webapps/hddsDatanode}
2020-04-03 12:22:35,968 [main] INFO  server.AbstractConnector (AbstractConnector.java:doStart(330)) - Started ServerConnector@1d6c9c06{HTTP/1.1,[http/1.1]}{0.0.0.0:34651}
2020-04-03 12:22:35,969 [main] INFO  server.Server (Server.java:doStart(399)) - Started @217855ms
2020-04-03 12:22:35,969 [main] WARN  impl.MetricsSystemImpl (MetricsSystemImpl.java:register(276)) - Sink prometheus already exists!
2020-04-03 12:22:35,971 [main] INFO  http.BaseHttpServer (BaseHttpServer.java:updateConnectorAddress(284)) - HTTP server of hddsDatanode listening at http://0.0.0.0:34651
2020-04-03 12:22:35,972 [main] INFO  impl.MetricsSystemImpl (MetricsSystemImpl.java:init(158)) - HddsDatanode metrics system started (again)
2020-04-03 12:22:35,974 [main] INFO  ozone.HddsDatanodeService (HddsDatanodeService.java:start(204)) - HddsDatanodeService host:bc31a1f7cf94 ip:172.17.0.2
2020-04-03 12:22:35,975 [org.apache.hadoop.util.JvmPauseMonitor$Monitor@6fa0ec4b] INFO  util.JvmPauseMonitor (JvmPauseMonitor.java:run(188)) - Starting JVM pause monitor
2020-04-03 12:22:35,976 [Datanode State Machine Thread - 0] INFO  datanode.InitDatanodeState (InitDatanodeState.java:persistContainerDatanodeDetails(147)) - DatanodeDetails is persisted to /github/workspace/hadoop-ozone/integration-test/target/test-dir/MiniOzoneClusterImpl-54c97517-776f-4ce9-b1d6-5922e4042064/datanode-0/meta/datanode.id
2020-04-03 12:22:35,976 [main] INFO  volume.HddsVolume (HddsVolume.java:<init>(177)) - Creating Volume: /github/workspace/hadoop-ozone/integration-test/target/test-dir/MiniOzoneClusterImpl-54c97517-776f-4ce9-b1d6-5922e4042064/datanode-1/data/containers/hdds of storage type : DISK and capacity : 9223372036854775807
2020-04-03 12:22:35,977 [main] INFO  volume.MutableVolumeSet (MutableVolumeSet.java:initializeVolumeSet(188)) - Added Volume : /github/workspace/hadoop-ozone/integration-test/target/test-dir/MiniOzoneClusterImpl-54c97517-776f-4ce9-b1d6-5922e4042064/datanode-1/data/containers/hdds to VolumeSet
2020-04-03 12:22:35,977 [main] INFO  volume.ThrottledAsyncChecker (ThrottledAsyncChecker.java:schedule(141)) - Scheduling a check for /github/workspace/hadoop-ozone/integration-test/target/test-dir/MiniOzoneClusterImpl-54c97517-776f-4ce9-b1d6-5922e4042064/datanode-1/data/containers/hdds
2020-04-03 12:22:35,978 [main] INFO  volume.HddsVolumeChecker (HddsVolumeChecker.java:checkAllVolumes(200)) - Scheduled health check for volume /github/workspace/hadoop-ozone/integration-test/target/test-dir/MiniOzoneClusterImpl-54c97517-776f-4ce9-b1d6-5922e4042064/datanode-1/data/containers/hdds
2020-04-03 12:22:35,995 [main] INFO  impl.RaftServerProxy (ConfUtils.java:logGet(44)) - raft.rpc.type = GRPC (default)
2020-04-03 12:22:35,995 [main] INFO  grpc.GrpcFactory (GrpcFactory.java:checkPooledByteBufAllocatorUseCacheForAllThreads(45)) - PERFORMANCE WARNING: useCacheForAllThreads is true that may cause Netty to create a lot garbage objects and, as a result, trigger GC.
	It is recommended to disable useCacheForAllThreads by setting -Dorg.apache.ratis.thirdparty.io.netty.allocator.useCacheForAllThreads=false in command line.
2020-04-03 12:22:35,995 [main] INFO  grpc.GrpcConfigKeys (ConfUtils.java:logGet(44)) - raft.grpc.server.port = 0 (default)
2020-04-03 12:22:35,995 [main] INFO  server.GrpcService (ConfUtils.java:logGet(44)) - raft.grpc.message.size.max = 32MB (=33554432) (custom)
2020-04-03 12:22:35,995 [main] INFO  server.RaftServerConfigKeys (ConfUtils.java:logGet(44)) - raft.server.log.appender.buffer.byte-limit = 33554432 (custom)
2020-04-03 12:22:35,995 [main] INFO  server.GrpcService (ConfUtils.java:logGet(44)) - raft.grpc.flow.control.window = 5MB (=5242880) (custom)
2020-04-03 12:22:35,996 [main] INFO  server.RaftServerConfigKeys (ConfUtils.java:logGet(44)) - raft.server.rpc.request.timeout = 3s (default)
2020-04-03 12:22:35,996 [main] INFO  server.RaftServerConfigKeys (ConfUtils.java:logGet(44)) - raft.server.storage.dir = [/github/workspace/hadoop-ozone/integration-test/target/test-dir/MiniOzoneClusterImpl-54c97517-776f-4ce9-b1d6-5922e4042064/datanode-1/data/ratis] (custom)
2020-04-03 12:22:35,998 [main] INFO  http.BaseHttpServer (BaseHttpServer.java:newHttpServer2BuilderForOzone(170)) - Starting Web-server for hddsDatanode at: http://0.0.0.0:0
2020-04-03 12:22:36,000 [main] INFO  server.AuthenticationFilter (AuthenticationFilter.java:constructSecretProvider(240)) - Unable to initialize FileSignerSecretProvider, falling back to use random secrets.
2020-04-03 12:22:36,001 [main] WARN  http.HttpRequestLog (HttpRequestLog.java:getRequestLog(103)) - Jetty request log can only be enabled using Log4j
2020-04-03 12:22:36,002 [main] INFO  http.HttpServer2 (HttpServer2.java:addGlobalFilter(970)) - Added global filter 'safety' (class=org.apache.hadoop.hdds.server.http.HttpServer2$QuotingInputFilter)
2020-04-03 12:22:36,002 [main] INFO  http.HttpServer2 (HttpServer2.java:addFilter(946)) - Added filter static_user_filter (class=org.apache.hadoop.hdds.server.http.StaticUserWebFilter$StaticUserFilter) to context hddsDatanode
2020-04-03 12:22:36,002 [main] INFO  http.HttpServer2 (HttpServer2.java:addFilter(954)) - Added filter static_user_filter (class=org.apache.hadoop.hdds.server.http.StaticUserWebFilter$StaticUserFilter) to context logs
2020-04-03 12:22:36,003 [main] INFO  http.HttpServer2 (HttpServer2.java:addFilter(954)) - Added filter static_user_filter (class=org.apache.hadoop.hdds.server.http.StaticUserWebFilter$StaticUserFilter) to context static
2020-04-03 12:22:36,003 [main] INFO  http.HttpServer2 (HttpServer2.java:bindListener(1188)) - Jetty bound to port 37869
2020-04-03 12:22:36,003 [main] INFO  server.Server (Server.java:doStart(359)) - jetty-9.4.26.v20200117; built: 2020-01-17T12:35:33.676Z; git: 7b38981d25d14afb4a12ff1f2596756144edf695; jvm 1.8.0_232-b09
2020-04-03 12:22:36,005 [main] INFO  server.session (DefaultSessionIdManager.java:doStart(333)) - DefaultSessionIdManager workerName=node0
2020-04-03 12:22:36,005 [main] INFO  server.session (DefaultSessionIdManager.java:doStart(338)) - No SessionScavenger set, using defaults
2020-04-03 12:22:36,005 [main] INFO  server.session (HouseKeeper.java:startScavenging(140)) - node0 Scavenging every 600000ms
2020-04-03 12:22:36,006 [main] INFO  handler.ContextHandler (ContextHandler.java:doStart(825)) - Started o.e.j.s.ServletContextHandler@331e68a5{logs,/logs,file:///github/workspace/hadoop-ozone/integration-test/target/log,AVAILABLE}
2020-04-03 12:22:36,006 [main] INFO  handler.ContextHandler (ContextHandler.java:doStart(825)) - Started o.e.j.s.ServletContextHandler@dd5e17b{static,/static,jar:file:/home/user/.m2/repository/org/apache/hadoop/hadoop-hdds-container-service/0.6.0-SNAPSHOT/hadoop-hdds-container-service-0.6.0-SNAPSHOT.jar!/webapps/static,AVAILABLE}
2020-04-03 12:22:36,033 [main] INFO  handler.ContextHandler (ContextHandler.java:doStart(825)) - Started o.e.j.w.WebAppContext@12711d40{hddsDatanode,/,file:///tmp/jetty-0_0_0_0-37869-hadoop-hdds-container-service-0_6_0-SNAPSHOT_jar-_-any-3289640672662991746.dir/webapp/,AVAILABLE}{jar:file:/home/user/.m2/repository/org/apache/hadoop/hadoop-hdds-container-service/0.6.0-SNAPSHOT/hadoop-hdds-container-service-0.6.0-SNAPSHOT.jar!/webapps/hddsDatanode}
2020-04-03 12:22:36,034 [main] INFO  server.AbstractConnector (AbstractConnector.java:doStart(330)) - Started ServerConnector@5e3b83e8{HTTP/1.1,[http/1.1]}{0.0.0.0:37869}
2020-04-03 12:22:36,034 [main] INFO  server.Server (Server.java:doStart(399)) - Started @217921ms
2020-04-03 12:22:36,034 [main] WARN  impl.MetricsSystemImpl (MetricsSystemImpl.java:register(276)) - Sink prometheus already exists!
2020-04-03 12:22:36,036 [main] INFO  http.BaseHttpServer (BaseHttpServer.java:updateConnectorAddress(284)) - HTTP server of hddsDatanode listening at http://0.0.0.0:37869
2020-04-03 12:22:36,037 [main] INFO  impl.MetricsSystemImpl (MetricsSystemImpl.java:init(158)) - HddsDatanode metrics system started (again)
2020-04-03 12:22:36,039 [main] INFO  ozone.HddsDatanodeService (HddsDatanodeService.java:start(204)) - HddsDatanodeService host:bc31a1f7cf94 ip:172.17.0.2
2020-04-03 12:22:36,040 [org.apache.hadoop.util.JvmPauseMonitor$Monitor@106351f2] INFO  util.JvmPauseMonitor (JvmPauseMonitor.java:run(188)) - Starting JVM pause monitor
2020-04-03 12:22:36,041 [main] INFO  volume.HddsVolume (HddsVolume.java:<init>(177)) - Creating Volume: /github/workspace/hadoop-ozone/integration-test/target/test-dir/MiniOzoneClusterImpl-54c97517-776f-4ce9-b1d6-5922e4042064/datanode-2/data/containers/hdds of storage type : DISK and capacity : 9223372036854775807
2020-04-03 12:22:36,041 [main] INFO  volume.MutableVolumeSet (MutableVolumeSet.java:initializeVolumeSet(188)) - Added Volume : /github/workspace/hadoop-ozone/integration-test/target/test-dir/MiniOzoneClusterImpl-54c97517-776f-4ce9-b1d6-5922e4042064/datanode-2/data/containers/hdds to VolumeSet
2020-04-03 12:22:36,041 [main] INFO  volume.ThrottledAsyncChecker (ThrottledAsyncChecker.java:schedule(141)) - Scheduling a check for /github/workspace/hadoop-ozone/integration-test/target/test-dir/MiniOzoneClusterImpl-54c97517-776f-4ce9-b1d6-5922e4042064/datanode-2/data/containers/hdds
2020-04-03 12:22:36,042 [Datanode State Machine Thread - 0] INFO  datanode.InitDatanodeState (InitDatanodeState.java:persistContainerDatanodeDetails(147)) - DatanodeDetails is persisted to /github/workspace/hadoop-ozone/integration-test/target/test-dir/MiniOzoneClusterImpl-54c97517-776f-4ce9-b1d6-5922e4042064/datanode-1/meta/datanode.id
2020-04-03 12:22:36,042 [main] INFO  volume.HddsVolumeChecker (HddsVolumeChecker.java:checkAllVolumes(200)) - Scheduled health check for volume /github/workspace/hadoop-ozone/integration-test/target/test-dir/MiniOzoneClusterImpl-54c97517-776f-4ce9-b1d6-5922e4042064/datanode-2/data/containers/hdds
2020-04-03 12:22:36,058 [main] INFO  impl.RaftServerProxy (ConfUtils.java:logGet(44)) - raft.rpc.type = GRPC (default)
2020-04-03 12:22:36,058 [main] INFO  grpc.GrpcFactory (GrpcFactory.java:checkPooledByteBufAllocatorUseCacheForAllThreads(45)) - PERFORMANCE WARNING: useCacheForAllThreads is true that may cause Netty to create a lot garbage objects and, as a result, trigger GC.
	It is recommended to disable useCacheForAllThreads by setting -Dorg.apache.ratis.thirdparty.io.netty.allocator.useCacheForAllThreads=false in command line.
2020-04-03 12:22:36,058 [main] INFO  grpc.GrpcConfigKeys (ConfUtils.java:logGet(44)) - raft.grpc.server.port = 0 (default)
2020-04-03 12:22:36,059 [main] INFO  server.GrpcService (ConfUtils.java:logGet(44)) - raft.grpc.message.size.max = 32MB (=33554432) (custom)
2020-04-03 12:22:36,059 [main] INFO  server.RaftServerConfigKeys (ConfUtils.java:logGet(44)) - raft.server.log.appender.buffer.byte-limit = 33554432 (custom)
2020-04-03 12:22:36,059 [main] INFO  server.GrpcService (ConfUtils.java:logGet(44)) - raft.grpc.flow.control.window = 5MB (=5242880) (custom)
2020-04-03 12:22:36,059 [main] INFO  server.RaftServerConfigKeys (ConfUtils.java:logGet(44)) - raft.server.rpc.request.timeout = 3s (default)
2020-04-03 12:22:36,059 [main] INFO  server.RaftServerConfigKeys (ConfUtils.java:logGet(44)) - raft.server.storage.dir = [/github/workspace/hadoop-ozone/integration-test/target/test-dir/MiniOzoneClusterImpl-54c97517-776f-4ce9-b1d6-5922e4042064/datanode-2/data/ratis] (custom)
2020-04-03 12:22:36,062 [main] INFO  http.BaseHttpServer (BaseHttpServer.java:newHttpServer2BuilderForOzone(170)) - Starting Web-server for hddsDatanode at: http://0.0.0.0:0
2020-04-03 12:22:36,063 [main] INFO  server.AuthenticationFilter (AuthenticationFilter.java:constructSecretProvider(240)) - Unable to initialize FileSignerSecretProvider, falling back to use random secrets.
2020-04-03 12:22:36,063 [main] WARN  http.HttpRequestLog (HttpRequestLog.java:getRequestLog(103)) - Jetty request log can only be enabled using Log4j
2020-04-03 12:22:36,064 [main] INFO  http.HttpServer2 (HttpServer2.java:addGlobalFilter(970)) - Added global filter 'safety' (class=org.apache.hadoop.hdds.server.http.HttpServer2$QuotingInputFilter)
2020-04-03 12:22:36,065 [main] INFO  http.HttpServer2 (HttpServer2.java:addFilter(946)) - Added filter static_user_filter (class=org.apache.hadoop.hdds.server.http.StaticUserWebFilter$StaticUserFilter) to context hddsDatanode
2020-04-03 12:22:36,065 [main] INFO  http.HttpServer2 (HttpServer2.java:addFilter(954)) - Added filter static_user_filter (class=org.apache.hadoop.hdds.server.http.StaticUserWebFilter$StaticUserFilter) to context logs
2020-04-03 12:22:36,065 [main] INFO  http.HttpServer2 (HttpServer2.java:addFilter(954)) - Added filter static_user_filter (class=org.apache.hadoop.hdds.server.http.StaticUserWebFilter$StaticUserFilter) to context static
2020-04-03 12:22:36,065 [main] INFO  http.HttpServer2 (HttpServer2.java:bindListener(1188)) - Jetty bound to port 46869
2020-04-03 12:22:36,066 [main] INFO  server.Server (Server.java:doStart(359)) - jetty-9.4.26.v20200117; built: 2020-01-17T12:35:33.676Z; git: 7b38981d25d14afb4a12ff1f2596756144edf695; jvm 1.8.0_232-b09
2020-04-03 12:22:36,067 [main] INFO  server.session (DefaultSessionIdManager.java:doStart(333)) - DefaultSessionIdManager workerName=node0
2020-04-03 12:22:36,067 [main] INFO  server.session (DefaultSessionIdManager.java:doStart(338)) - No SessionScavenger set, using defaults
2020-04-03 12:22:36,068 [main] INFO  server.session (HouseKeeper.java:startScavenging(140)) - node0 Scavenging every 600000ms
2020-04-03 12:22:36,068 [main] INFO  handler.ContextHandler (ContextHandler.java:doStart(825)) - Started o.e.j.s.ServletContextHandler@66f57780{logs,/logs,file:///github/workspace/hadoop-ozone/integration-test/target/log,AVAILABLE}
2020-04-03 12:22:36,069 [main] INFO  handler.ContextHandler (ContextHandler.java:doStart(825)) - Started o.e.j.s.ServletContextHandler@42075a7c{static,/static,jar:file:/home/user/.m2/repository/org/apache/hadoop/hadoop-hdds-container-service/0.6.0-SNAPSHOT/hadoop-hdds-container-service-0.6.0-SNAPSHOT.jar!/webapps/static,AVAILABLE}
2020-04-03 12:22:36,095 [main] INFO  handler.ContextHandler (ContextHandler.java:doStart(825)) - Started o.e.j.w.WebAppContext@2aa606d5{hddsDatanode,/,file:///tmp/jetty-0_0_0_0-46869-hadoop-hdds-container-service-0_6_0-SNAPSHOT_jar-_-any-8647342848974767285.dir/webapp/,AVAILABLE}{jar:file:/home/user/.m2/repository/org/apache/hadoop/hadoop-hdds-container-service/0.6.0-SNAPSHOT/hadoop-hdds-container-service-0.6.0-SNAPSHOT.jar!/webapps/hddsDatanode}
2020-04-03 12:22:36,097 [main] INFO  server.AbstractConnector (AbstractConnector.java:doStart(330)) - Started ServerConnector@e1585fb{HTTP/1.1,[http/1.1]}{0.0.0.0:46869}
2020-04-03 12:22:36,097 [main] INFO  server.Server (Server.java:doStart(399)) - Started @217983ms
2020-04-03 12:22:36,097 [main] WARN  impl.MetricsSystemImpl (MetricsSystemImpl.java:register(276)) - Sink prometheus already exists!
2020-04-03 12:22:36,098 [main] INFO  http.BaseHttpServer (BaseHttpServer.java:updateConnectorAddress(284)) - HTTP server of hddsDatanode listening at http://0.0.0.0:46869
2020-04-03 12:22:36,099 [main] INFO  impl.MetricsSystemImpl (MetricsSystemImpl.java:init(158)) - HddsDatanode metrics system started (again)
2020-04-03 12:22:36,101 [main] INFO  ozone.HddsDatanodeService (HddsDatanodeService.java:start(204)) - HddsDatanodeService host:bc31a1f7cf94 ip:172.17.0.2
2020-04-03 12:22:36,105 [org.apache.hadoop.util.JvmPauseMonitor$Monitor@5fcef05c] INFO  util.JvmPauseMonitor (JvmPauseMonitor.java:run(188)) - Starting JVM pause monitor
2020-04-03 12:22:36,106 [main] INFO  volume.HddsVolume (HddsVolume.java:<init>(177)) - Creating Volume: /github/workspace/hadoop-ozone/integration-test/target/test-dir/MiniOzoneClusterImpl-54c97517-776f-4ce9-b1d6-5922e4042064/datanode-3/data/containers/hdds of storage type : DISK and capacity : 9223372036854775807
2020-04-03 12:22:36,106 [main] INFO  volume.MutableVolumeSet (MutableVolumeSet.java:initializeVolumeSet(188)) - Added Volume : /github/workspace/hadoop-ozone/integration-test/target/test-dir/MiniOzoneClusterImpl-54c97517-776f-4ce9-b1d6-5922e4042064/datanode-3/data/containers/hdds to VolumeSet
2020-04-03 12:22:36,106 [main] INFO  volume.ThrottledAsyncChecker (ThrottledAsyncChecker.java:schedule(141)) - Scheduling a check for /github/workspace/hadoop-ozone/integration-test/target/test-dir/MiniOzoneClusterImpl-54c97517-776f-4ce9-b1d6-5922e4042064/datanode-3/data/containers/hdds
2020-04-03 12:22:36,107 [Datanode State Machine Thread - 0] INFO  datanode.InitDatanodeState (InitDatanodeState.java:persistContainerDatanodeDetails(147)) - DatanodeDetails is persisted to /github/workspace/hadoop-ozone/integration-test/target/test-dir/MiniOzoneClusterImpl-54c97517-776f-4ce9-b1d6-5922e4042064/datanode-2/meta/datanode.id
2020-04-03 12:22:36,107 [main] INFO  volume.HddsVolumeChecker (HddsVolumeChecker.java:checkAllVolumes(200)) - Scheduled health check for volume /github/workspace/hadoop-ozone/integration-test/target/test-dir/MiniOzoneClusterImpl-54c97517-776f-4ce9-b1d6-5922e4042064/datanode-3/data/containers/hdds
2020-04-03 12:22:36,123 [main] INFO  impl.RaftServerProxy (ConfUtils.java:logGet(44)) - raft.rpc.type = GRPC (default)
2020-04-03 12:22:36,123 [main] INFO  grpc.GrpcFactory (GrpcFactory.java:checkPooledByteBufAllocatorUseCacheForAllThreads(45)) - PERFORMANCE WARNING: useCacheForAllThreads is true that may cause Netty to create a lot garbage objects and, as a result, trigger GC.
	It is recommended to disable useCacheForAllThreads by setting -Dorg.apache.ratis.thirdparty.io.netty.allocator.useCacheForAllThreads=false in command line.
2020-04-03 12:22:36,123 [main] INFO  grpc.GrpcConfigKeys (ConfUtils.java:logGet(44)) - raft.grpc.server.port = 0 (default)
2020-04-03 12:22:36,123 [main] INFO  server.GrpcService (ConfUtils.java:logGet(44)) - raft.grpc.message.size.max = 32MB (=33554432) (custom)
2020-04-03 12:22:36,124 [main] INFO  server.RaftServerConfigKeys (ConfUtils.java:logGet(44)) - raft.server.log.appender.buffer.byte-limit = 33554432 (custom)
2020-04-03 12:22:36,124 [main] INFO  server.GrpcService (ConfUtils.java:logGet(44)) - raft.grpc.flow.control.window = 5MB (=5242880) (custom)
2020-04-03 12:22:36,124 [main] INFO  server.RaftServerConfigKeys (ConfUtils.java:logGet(44)) - raft.server.rpc.request.timeout = 3s (default)
2020-04-03 12:22:36,124 [main] INFO  server.RaftServerConfigKeys (ConfUtils.java:logGet(44)) - raft.server.storage.dir = [/github/workspace/hadoop-ozone/integration-test/target/test-dir/MiniOzoneClusterImpl-54c97517-776f-4ce9-b1d6-5922e4042064/datanode-3/data/ratis] (custom)
2020-04-03 12:22:36,126 [main] INFO  http.BaseHttpServer (BaseHttpServer.java:newHttpServer2BuilderForOzone(170)) - Starting Web-server for hddsDatanode at: http://0.0.0.0:0
2020-04-03 12:22:36,127 [main] INFO  server.AuthenticationFilter (AuthenticationFilter.java:constructSecretProvider(240)) - Unable to initialize FileSignerSecretProvider, falling back to use random secrets.
2020-04-03 12:22:36,127 [main] WARN  http.HttpRequestLog (HttpRequestLog.java:getRequestLog(103)) - Jetty request log can only be enabled using Log4j
2020-04-03 12:22:36,129 [main] INFO  http.HttpServer2 (HttpServer2.java:addGlobalFilter(970)) - Added global filter 'safety' (class=org.apache.hadoop.hdds.server.http.HttpServer2$QuotingInputFilter)
2020-04-03 12:22:36,129 [main] INFO  http.HttpServer2 (HttpServer2.java:addFilter(946)) - Added filter static_user_filter (class=org.apache.hadoop.hdds.server.http.StaticUserWebFilter$StaticUserFilter) to context hddsDatanode
2020-04-03 12:22:36,129 [main] INFO  http.HttpServer2 (HttpServer2.java:addFilter(954)) - Added filter static_user_filter (class=org.apache.hadoop.hdds.server.http.StaticUserWebFilter$StaticUserFilter) to context static
2020-04-03 12:22:36,129 [main] INFO  http.HttpServer2 (HttpServer2.java:addFilter(954)) - Added filter static_user_filter (class=org.apache.hadoop.hdds.server.http.StaticUserWebFilter$StaticUserFilter) to context logs
2020-04-03 12:22:36,130 [main] INFO  http.HttpServer2 (HttpServer2.java:bindListener(1188)) - Jetty bound to port 46277
2020-04-03 12:22:36,130 [main] INFO  server.Server (Server.java:doStart(359)) - jetty-9.4.26.v20200117; built: 2020-01-17T12:35:33.676Z; git: 7b38981d25d14afb4a12ff1f2596756144edf695; jvm 1.8.0_232-b09
2020-04-03 12:22:36,132 [main] INFO  server.session (DefaultSessionIdManager.java:doStart(333)) - DefaultSessionIdManager workerName=node0
2020-04-03 12:22:36,132 [main] INFO  server.session (DefaultSessionIdManager.java:doStart(338)) - No SessionScavenger set, using defaults
2020-04-03 12:22:36,132 [main] INFO  server.session (HouseKeeper.java:startScavenging(140)) - node0 Scavenging every 660000ms
2020-04-03 12:22:36,133 [main] INFO  handler.ContextHandler (ContextHandler.java:doStart(825)) - Started o.e.j.s.ServletContextHandler@73fff432{logs,/logs,file:///github/workspace/hadoop-ozone/integration-test/target/log,AVAILABLE}
2020-04-03 12:22:36,133 [main] INFO  handler.ContextHandler (ContextHandler.java:doStart(825)) - Started o.e.j.s.ServletContextHandler@5579b21e{static,/static,jar:file:/home/user/.m2/repository/org/apache/hadoop/hadoop-hdds-container-service/0.6.0-SNAPSHOT/hadoop-hdds-container-service-0.6.0-SNAPSHOT.jar!/webapps/static,AVAILABLE}
2020-04-03 12:22:36,159 [main] INFO  handler.ContextHandler (ContextHandler.java:doStart(825)) - Started o.e.j.w.WebAppContext@66b3db35{hddsDatanode,/,file:///tmp/jetty-0_0_0_0-46277-hadoop-hdds-container-service-0_6_0-SNAPSHOT_jar-_-any-2605509530390649269.dir/webapp/,AVAILABLE}{jar:file:/home/user/.m2/repository/org/apache/hadoop/hadoop-hdds-container-service/0.6.0-SNAPSHOT/hadoop-hdds-container-service-0.6.0-SNAPSHOT.jar!/webapps/hddsDatanode}
2020-04-03 12:22:36,161 [main] INFO  server.AbstractConnector (AbstractConnector.java:doStart(330)) - Started ServerConnector@39ba1902{HTTP/1.1,[http/1.1]}{0.0.0.0:46277}
2020-04-03 12:22:36,161 [main] INFO  server.Server (Server.java:doStart(399)) - Started @218047ms
2020-04-03 12:22:36,161 [main] WARN  impl.MetricsSystemImpl (MetricsSystemImpl.java:register(276)) - Sink prometheus already exists!
2020-04-03 12:22:36,163 [main] INFO  http.BaseHttpServer (BaseHttpServer.java:updateConnectorAddress(284)) - HTTP server of hddsDatanode listening at http://0.0.0.0:46277
2020-04-03 12:22:36,163 [main] INFO  impl.MetricsSystemImpl (MetricsSystemImpl.java:init(158)) - HddsDatanode metrics system started (again)
2020-04-03 12:22:36,165 [main] INFO  ozone.HddsDatanodeService (HddsDatanodeService.java:start(204)) - HddsDatanodeService host:bc31a1f7cf94 ip:172.17.0.2
2020-04-03 12:22:36,166 [org.apache.hadoop.util.JvmPauseMonitor$Monitor@4afbd979] INFO  util.JvmPauseMonitor (JvmPauseMonitor.java:run(188)) - Starting JVM pause monitor
2020-04-03 12:22:36,166 [main] INFO  volume.HddsVolume (HddsVolume.java:<init>(177)) - Creating Volume: /github/workspace/hadoop-ozone/integration-test/target/test-dir/MiniOzoneClusterImpl-54c97517-776f-4ce9-b1d6-5922e4042064/datanode-4/data/containers/hdds of storage type : DISK and capacity : 9223372036854775807
2020-04-03 12:22:36,167 [main] INFO  volume.MutableVolumeSet (MutableVolumeSet.java:initializeVolumeSet(188)) - Added Volume : /github/workspace/hadoop-ozone/integration-test/target/test-dir/MiniOzoneClusterImpl-54c97517-776f-4ce9-b1d6-5922e4042064/datanode-4/data/containers/hdds to VolumeSet
2020-04-03 12:22:36,167 [main] INFO  volume.ThrottledAsyncChecker (ThrottledAsyncChecker.java:schedule(141)) - Scheduling a check for /github/workspace/hadoop-ozone/integration-test/target/test-dir/MiniOzoneClusterImpl-54c97517-776f-4ce9-b1d6-5922e4042064/datanode-4/data/containers/hdds
2020-04-03 12:22:36,167 [main] INFO  volume.HddsVolumeChecker (HddsVolumeChecker.java:checkAllVolumes(200)) - Scheduled health check for volume /github/workspace/hadoop-ozone/integration-test/target/test-dir/MiniOzoneClusterImpl-54c97517-776f-4ce9-b1d6-5922e4042064/datanode-4/data/containers/hdds
2020-04-03 12:22:36,175 [Datanode State Machine Thread - 0] INFO  datanode.InitDatanodeState (InitDatanodeState.java:persistContainerDatanodeDetails(147)) - DatanodeDetails is persisted to /github/workspace/hadoop-ozone/integration-test/target/test-dir/MiniOzoneClusterImpl-54c97517-776f-4ce9-b1d6-5922e4042064/datanode-3/meta/datanode.id
2020-04-03 12:22:36,183 [main] INFO  impl.RaftServerProxy (ConfUtils.java:logGet(44)) - raft.rpc.type = GRPC (default)
2020-04-03 12:22:36,183 [main] INFO  grpc.GrpcFactory (GrpcFactory.java:checkPooledByteBufAllocatorUseCacheForAllThreads(45)) - PERFORMANCE WARNING: useCacheForAllThreads is true that may cause Netty to create a lot garbage objects and, as a result, trigger GC.
	It is recommended to disable useCacheForAllThreads by setting -Dorg.apache.ratis.thirdparty.io.netty.allocator.useCacheForAllThreads=false in command line.
2020-04-03 12:22:36,183 [main] INFO  grpc.GrpcConfigKeys (ConfUtils.java:logGet(44)) - raft.grpc.server.port = 0 (default)
2020-04-03 12:22:36,184 [main] INFO  server.GrpcService (ConfUtils.java:logGet(44)) - raft.grpc.message.size.max = 32MB (=33554432) (custom)
2020-04-03 12:22:36,184 [main] INFO  server.RaftServerConfigKeys (ConfUtils.java:logGet(44)) - raft.server.log.appender.buffer.byte-limit = 33554432 (custom)
2020-04-03 12:22:36,184 [main] INFO  server.GrpcService (ConfUtils.java:logGet(44)) - raft.grpc.flow.control.window = 5MB (=5242880) (custom)
2020-04-03 12:22:36,184 [main] INFO  server.RaftServerConfigKeys (ConfUtils.java:logGet(44)) - raft.server.rpc.request.timeout = 3s (default)
2020-04-03 12:22:36,184 [main] INFO  server.RaftServerConfigKeys (ConfUtils.java:logGet(44)) - raft.server.storage.dir = [/github/workspace/hadoop-ozone/integration-test/target/test-dir/MiniOzoneClusterImpl-54c97517-776f-4ce9-b1d6-5922e4042064/datanode-4/data/ratis] (custom)
2020-04-03 12:22:36,187 [main] INFO  http.BaseHttpServer (BaseHttpServer.java:newHttpServer2BuilderForOzone(170)) - Starting Web-server for hddsDatanode at: http://0.0.0.0:0
2020-04-03 12:22:36,188 [main] INFO  server.AuthenticationFilter (AuthenticationFilter.java:constructSecretProvider(240)) - Unable to initialize FileSignerSecretProvider, falling back to use random secrets.
2020-04-03 12:22:36,188 [main] WARN  http.HttpRequestLog (HttpRequestLog.java:getRequestLog(103)) - Jetty request log can only be enabled using Log4j
2020-04-03 12:22:36,189 [main] INFO  http.HttpServer2 (HttpServer2.java:addGlobalFilter(970)) - Added global filter 'safety' (class=org.apache.hadoop.hdds.server.http.HttpServer2$QuotingInputFilter)
2020-04-03 12:22:36,189 [main] INFO  http.HttpServer2 (HttpServer2.java:addFilter(946)) - Added filter static_user_filter (class=org.apache.hadoop.hdds.server.http.StaticUserWebFilter$StaticUserFilter) to context hddsDatanode
2020-04-03 12:22:36,190 [main] INFO  http.HttpServer2 (HttpServer2.java:addFilter(954)) - Added filter static_user_filter (class=org.apache.hadoop.hdds.server.http.StaticUserWebFilter$StaticUserFilter) to context logs
2020-04-03 12:22:36,190 [main] INFO  http.HttpServer2 (HttpServer2.java:addFilter(954)) - Added filter static_user_filter (class=org.apache.hadoop.hdds.server.http.StaticUserWebFilter$StaticUserFilter) to context static
2020-04-03 12:22:36,190 [main] INFO  http.HttpServer2 (HttpServer2.java:bindListener(1188)) - Jetty bound to port 37115
2020-04-03 12:22:36,190 [main] INFO  server.Server (Server.java:doStart(359)) - jetty-9.4.26.v20200117; built: 2020-01-17T12:35:33.676Z; git: 7b38981d25d14afb4a12ff1f2596756144edf695; jvm 1.8.0_232-b09
2020-04-03 12:22:36,191 [main] INFO  server.session (DefaultSessionIdManager.java:doStart(333)) - DefaultSessionIdManager workerName=node0
2020-04-03 12:22:36,192 [main] INFO  server.session (DefaultSessionIdManager.java:doStart(338)) - No SessionScavenger set, using defaults
2020-04-03 12:22:36,192 [main] INFO  server.session (HouseKeeper.java:startScavenging(140)) - node0 Scavenging every 660000ms
2020-04-03 12:22:36,193 [main] INFO  handler.ContextHandler (ContextHandler.java:doStart(825)) - Started o.e.j.s.ServletContextHandler@64ac2054{logs,/logs,file:///github/workspace/hadoop-ozone/integration-test/target/log,AVAILABLE}
2020-04-03 12:22:36,193 [main] INFO  handler.ContextHandler (ContextHandler.java:doStart(825)) - Started o.e.j.s.ServletContextHandler@7f1702a9{static,/static,jar:file:/home/user/.m2/repository/org/apache/hadoop/hadoop-hdds-container-service/0.6.0-SNAPSHOT/hadoop-hdds-container-service-0.6.0-SNAPSHOT.jar!/webapps/static,AVAILABLE}
2020-04-03 12:22:36,219 [main] INFO  handler.ContextHandler (ContextHandler.java:doStart(825)) - Started o.e.j.w.WebAppContext@7bd3aa9b{hddsDatanode,/,file:///tmp/jetty-0_0_0_0-37115-hadoop-hdds-container-service-0_6_0-SNAPSHOT_jar-_-any-5315026748652086968.dir/webapp/,AVAILABLE}{jar:file:/home/user/.m2/repository/org/apache/hadoop/hadoop-hdds-container-service/0.6.0-SNAPSHOT/hadoop-hdds-container-service-0.6.0-SNAPSHOT.jar!/webapps/hddsDatanode}
2020-04-03 12:22:36,220 [main] INFO  server.AbstractConnector (AbstractConnector.java:doStart(330)) - Started ServerConnector@63c1bf33{HTTP/1.1,[http/1.1]}{0.0.0.0:37115}
2020-04-03 12:22:36,220 [main] INFO  server.Server (Server.java:doStart(399)) - Started @218107ms
2020-04-03 12:22:36,220 [main] WARN  impl.MetricsSystemImpl (MetricsSystemImpl.java:register(276)) - Sink prometheus already exists!
2020-04-03 12:22:36,222 [main] INFO  http.BaseHttpServer (BaseHttpServer.java:updateConnectorAddress(284)) - HTTP server of hddsDatanode listening at http://0.0.0.0:37115
2020-04-03 12:22:36,222 [main] INFO  impl.MetricsSystemImpl (MetricsSystemImpl.java:init(158)) - HddsDatanode metrics system started (again)
2020-04-03 12:22:36,224 [main] INFO  ozone.HddsDatanodeService (HddsDatanodeService.java:start(204)) - HddsDatanodeService host:bc31a1f7cf94 ip:172.17.0.2
2020-04-03 12:22:36,225 [org.apache.hadoop.util.JvmPauseMonitor$Monitor@7a61a389] INFO  util.JvmPauseMonitor (JvmPauseMonitor.java:run(188)) - Starting JVM pause monitor
2020-04-03 12:22:36,226 [Datanode State Machine Thread - 0] INFO  datanode.InitDatanodeState (InitDatanodeState.java:persistContainerDatanodeDetails(147)) - DatanodeDetails is persisted to /github/workspace/hadoop-ozone/integration-test/target/test-dir/MiniOzoneClusterImpl-54c97517-776f-4ce9-b1d6-5922e4042064/datanode-4/meta/datanode.id
2020-04-03 12:22:36,227 [main] INFO  volume.HddsVolume (HddsVolume.java:<init>(177)) - Creating Volume: /github/workspace/hadoop-ozone/integration-test/target/test-dir/MiniOzoneClusterImpl-54c97517-776f-4ce9-b1d6-5922e4042064/datanode-5/data/containers/hdds of storage type : DISK and capacity : 9223372036854775807
2020-04-03 12:22:36,227 [main] INFO  volume.MutableVolumeSet (MutableVolumeSet.java:initializeVolumeSet(188)) - Added Volume : /github/workspace/hadoop-ozone/integration-test/target/test-dir/MiniOzoneClusterImpl-54c97517-776f-4ce9-b1d6-5922e4042064/datanode-5/data/containers/hdds to VolumeSet
2020-04-03 12:22:36,227 [main] INFO  volume.ThrottledAsyncChecker (ThrottledAsyncChecker.java:schedule(141)) - Scheduling a check for /github/workspace/hadoop-ozone/integration-test/target/test-dir/MiniOzoneClusterImpl-54c97517-776f-4ce9-b1d6-5922e4042064/datanode-5/data/containers/hdds
2020-04-03 12:22:36,228 [main] INFO  volume.HddsVolumeChecker (HddsVolumeChecker.java:checkAllVolumes(200)) - Scheduled health check for volume /github/workspace/hadoop-ozone/integration-test/target/test-dir/MiniOzoneClusterImpl-54c97517-776f-4ce9-b1d6-5922e4042064/datanode-5/data/containers/hdds
2020-04-03 12:22:36,244 [main] INFO  impl.RaftServerProxy (ConfUtils.java:logGet(44)) - raft.rpc.type = GRPC (default)
2020-04-03 12:22:36,244 [main] INFO  grpc.GrpcFactory (GrpcFactory.java:checkPooledByteBufAllocatorUseCacheForAllThreads(45)) - PERFORMANCE WARNING: useCacheForAllThreads is true that may cause Netty to create a lot garbage objects and, as a result, trigger GC.
	It is recommended to disable useCacheForAllThreads by setting -Dorg.apache.ratis.thirdparty.io.netty.allocator.useCacheForAllThreads=false in command line.
2020-04-03 12:22:36,244 [main] INFO  grpc.GrpcConfigKeys (ConfUtils.java:logGet(44)) - raft.grpc.server.port = 0 (default)
2020-04-03 12:22:36,244 [main] INFO  server.GrpcService (ConfUtils.java:logGet(44)) - raft.grpc.message.size.max = 32MB (=33554432) (custom)
2020-04-03 12:22:36,245 [main] INFO  server.RaftServerConfigKeys (ConfUtils.java:logGet(44)) - raft.server.log.appender.buffer.byte-limit = 33554432 (custom)
2020-04-03 12:22:36,245 [main] INFO  server.GrpcService (ConfUtils.java:logGet(44)) - raft.grpc.flow.control.window = 5MB (=5242880) (custom)
2020-04-03 12:22:36,245 [main] INFO  server.RaftServerConfigKeys (ConfUtils.java:logGet(44)) - raft.server.rpc.request.timeout = 3s (default)
2020-04-03 12:22:36,245 [main] INFO  server.RaftServerConfigKeys (ConfUtils.java:logGet(44)) - raft.server.storage.dir = [/github/workspace/hadoop-ozone/integration-test/target/test-dir/MiniOzoneClusterImpl-54c97517-776f-4ce9-b1d6-5922e4042064/datanode-5/data/ratis] (custom)
2020-04-03 12:22:36,248 [main] INFO  http.BaseHttpServer (BaseHttpServer.java:newHttpServer2BuilderForOzone(170)) - Starting Web-server for hddsDatanode at: http://0.0.0.0:0
2020-04-03 12:22:36,248 [main] INFO  server.AuthenticationFilter (AuthenticationFilter.java:constructSecretProvider(240)) - Unable to initialize FileSignerSecretProvider, falling back to use random secrets.
2020-04-03 12:22:36,249 [main] WARN  http.HttpRequestLog (HttpRequestLog.java:getRequestLog(103)) - Jetty request log can only be enabled using Log4j
2020-04-03 12:22:36,250 [main] INFO  http.HttpServer2 (HttpServer2.java:addGlobalFilter(970)) - Added global filter 'safety' (class=org.apache.hadoop.hdds.server.http.HttpServer2$QuotingInputFilter)
2020-04-03 12:22:36,250 [main] INFO  http.HttpServer2 (HttpServer2.java:addFilter(946)) - Added filter static_user_filter (class=org.apache.hadoop.hdds.server.http.StaticUserWebFilter$StaticUserFilter) to context hddsDatanode
2020-04-03 12:22:36,250 [main] INFO  http.HttpServer2 (HttpServer2.java:addFilter(954)) - Added filter static_user_filter (class=org.apache.hadoop.hdds.server.http.StaticUserWebFilter$StaticUserFilter) to context static
2020-04-03 12:22:36,250 [main] INFO  http.HttpServer2 (HttpServer2.java:addFilter(954)) - Added filter static_user_filter (class=org.apache.hadoop.hdds.server.http.StaticUserWebFilter$StaticUserFilter) to context logs
2020-04-03 12:22:36,251 [main] INFO  http.HttpServer2 (HttpServer2.java:bindListener(1188)) - Jetty bound to port 43177
2020-04-03 12:22:36,251 [main] INFO  server.Server (Server.java:doStart(359)) - jetty-9.4.26.v20200117; built: 2020-01-17T12:35:33.676Z; git: 7b38981d25d14afb4a12ff1f2596756144edf695; jvm 1.8.0_232-b09
2020-04-03 12:22:36,252 [main] INFO  server.session (DefaultSessionIdManager.java:doStart(333)) - DefaultSessionIdManager workerName=node0
2020-04-03 12:22:36,253 [main] INFO  server.session (DefaultSessionIdManager.java:doStart(338)) - No SessionScavenger set, using defaults
2020-04-03 12:22:36,253 [main] INFO  server.session (HouseKeeper.java:startScavenging(140)) - node0 Scavenging every 600000ms
2020-04-03 12:22:36,253 [main] INFO  handler.ContextHandler (ContextHandler.java:doStart(825)) - Started o.e.j.s.ServletContextHandler@7bef0ec1{logs,/logs,file:///github/workspace/hadoop-ozone/integration-test/target/log,AVAILABLE}
2020-04-03 12:22:36,253 [main] INFO  handler.ContextHandler (ContextHandler.java:doStart(825)) - Started o.e.j.s.ServletContextHandler@320d231d{static,/static,jar:file:/home/user/.m2/repository/org/apache/hadoop/hadoop-hdds-container-service/0.6.0-SNAPSHOT/hadoop-hdds-container-service-0.6.0-SNAPSHOT.jar!/webapps/static,AVAILABLE}
2020-04-03 12:22:36,279 [main] INFO  handler.ContextHandler (ContextHandler.java:doStart(825)) - Started o.e.j.w.WebAppContext@7d401ad2{hddsDatanode,/,file:///tmp/jetty-0_0_0_0-43177-hadoop-hdds-container-service-0_6_0-SNAPSHOT_jar-_-any-6934065796908299950.dir/webapp/,AVAILABLE}{jar:file:/home/user/.m2/repository/org/apache/hadoop/hadoop-hdds-container-service/0.6.0-SNAPSHOT/hadoop-hdds-container-service-0.6.0-SNAPSHOT.jar!/webapps/hddsDatanode}
2020-04-03 12:22:36,280 [main] INFO  server.AbstractConnector (AbstractConnector.java:doStart(330)) - Started ServerConnector@4001b9a5{HTTP/1.1,[http/1.1]}{0.0.0.0:43177}
2020-04-03 12:22:36,281 [main] INFO  server.Server (Server.java:doStart(399)) - Started @218167ms
2020-04-03 12:22:36,281 [main] WARN  impl.MetricsSystemImpl (MetricsSystemImpl.java:register(276)) - Sink prometheus already exists!
2020-04-03 12:22:36,282 [main] INFO  http.BaseHttpServer (BaseHttpServer.java:updateConnectorAddress(284)) - HTTP server of hddsDatanode listening at http://0.0.0.0:43177
2020-04-03 12:22:36,283 [main] INFO  impl.MetricsSystemImpl (MetricsSystemImpl.java:init(158)) - HddsDatanode metrics system started (again)
2020-04-03 12:22:36,285 [main] INFO  ozone.HddsDatanodeService (HddsDatanodeService.java:start(204)) - HddsDatanodeService host:bc31a1f7cf94 ip:172.17.0.2
2020-04-03 12:22:36,286 [org.apache.hadoop.util.JvmPauseMonitor$Monitor@4e07767] INFO  util.JvmPauseMonitor (JvmPauseMonitor.java:run(188)) - Starting JVM pause monitor
2020-04-03 12:22:36,286 [main] INFO  volume.HddsVolume (HddsVolume.java:<init>(177)) - Creating Volume: /github/workspace/hadoop-ozone/integration-test/target/test-dir/MiniOzoneClusterImpl-54c97517-776f-4ce9-b1d6-5922e4042064/datanode-6/data/containers/hdds of storage type : DISK and capacity : 9223372036854775807
2020-04-03 12:22:36,287 [main] INFO  volume.MutableVolumeSet (MutableVolumeSet.java:initializeVolumeSet(188)) - Added Volume : /github/workspace/hadoop-ozone/integration-test/target/test-dir/MiniOzoneClusterImpl-54c97517-776f-4ce9-b1d6-5922e4042064/datanode-6/data/containers/hdds to VolumeSet
2020-04-03 12:22:36,287 [main] INFO  volume.ThrottledAsyncChecker (ThrottledAsyncChecker.java:schedule(141)) - Scheduling a check for /github/workspace/hadoop-ozone/integration-test/target/test-dir/MiniOzoneClusterImpl-54c97517-776f-4ce9-b1d6-5922e4042064/datanode-6/data/containers/hdds
2020-04-03 12:22:36,287 [main] INFO  volume.HddsVolumeChecker (HddsVolumeChecker.java:checkAllVolumes(200)) - Scheduled health check for volume /github/workspace/hadoop-ozone/integration-test/target/test-dir/MiniOzoneClusterImpl-54c97517-776f-4ce9-b1d6-5922e4042064/datanode-6/data/containers/hdds
2020-04-03 12:22:36,289 [Datanode State Machine Thread - 0] INFO  datanode.InitDatanodeState (InitDatanodeState.java:persistContainerDatanodeDetails(147)) - DatanodeDetails is persisted to /github/workspace/hadoop-ozone/integration-test/target/test-dir/MiniOzoneClusterImpl-54c97517-776f-4ce9-b1d6-5922e4042064/datanode-5/meta/datanode.id
2020-04-03 12:22:36,303 [main] INFO  impl.RaftServerProxy (ConfUtils.java:logGet(44)) - raft.rpc.type = GRPC (default)
2020-04-03 12:22:36,303 [main] INFO  grpc.GrpcFactory (GrpcFactory.java:checkPooledByteBufAllocatorUseCacheForAllThreads(45)) - PERFORMANCE WARNING: useCacheForAllThreads is true that may cause Netty to create a lot garbage objects and, as a result, trigger GC.
	It is recommended to disable useCacheForAllThreads by setting -Dorg.apache.ratis.thirdparty.io.netty.allocator.useCacheForAllThreads=false in command line.
2020-04-03 12:22:36,303 [main] INFO  grpc.GrpcConfigKeys (ConfUtils.java:logGet(44)) - raft.grpc.server.port = 0 (default)
2020-04-03 12:22:36,303 [main] INFO  server.GrpcService (ConfUtils.java:logGet(44)) - raft.grpc.message.size.max = 32MB (=33554432) (custom)
2020-04-03 12:22:36,304 [main] INFO  server.RaftServerConfigKeys (ConfUtils.java:logGet(44)) - raft.server.log.appender.buffer.byte-limit = 33554432 (custom)
2020-04-03 12:22:36,304 [main] INFO  server.GrpcService (ConfUtils.java:logGet(44)) - raft.grpc.flow.control.window = 5MB (=5242880) (custom)
2020-04-03 12:22:36,304 [main] INFO  server.RaftServerConfigKeys (ConfUtils.java:logGet(44)) - raft.server.rpc.request.timeout = 3s (default)
2020-04-03 12:22:36,304 [main] INFO  server.RaftServerConfigKeys (ConfUtils.java:logGet(44)) - raft.server.storage.dir = [/github/workspace/hadoop-ozone/integration-test/target/test-dir/MiniOzoneClusterImpl-54c97517-776f-4ce9-b1d6-5922e4042064/datanode-6/data/ratis] (custom)
2020-04-03 12:22:36,306 [main] INFO  http.BaseHttpServer (BaseHttpServer.java:newHttpServer2BuilderForOzone(170)) - Starting Web-server for hddsDatanode at: http://0.0.0.0:0
2020-04-03 12:22:36,307 [main] INFO  server.AuthenticationFilter (AuthenticationFilter.java:constructSecretProvider(240)) - Unable to initialize FileSignerSecretProvider, falling back to use random secrets.
2020-04-03 12:22:36,307 [main] WARN  http.HttpRequestLog (HttpRequestLog.java:getRequestLog(103)) - Jetty request log can only be enabled using Log4j
2020-04-03 12:22:36,308 [main] INFO  http.HttpServer2 (HttpServer2.java:addGlobalFilter(970)) - Added global filter 'safety' (class=org.apache.hadoop.hdds.server.http.HttpServer2$QuotingInputFilter)
2020-04-03 12:22:36,309 [main] INFO  http.HttpServer2 (HttpServer2.java:addFilter(946)) - Added filter static_user_filter (class=org.apache.hadoop.hdds.server.http.StaticUserWebFilter$StaticUserFilter) to context hddsDatanode
2020-04-03 12:22:36,309 [main] INFO  http.HttpServer2 (HttpServer2.java:addFilter(954)) - Added filter static_user_filter (class=org.apache.hadoop.hdds.server.http.StaticUserWebFilter$StaticUserFilter) to context static
2020-04-03 12:22:36,309 [main] INFO  http.HttpServer2 (HttpServer2.java:addFilter(954)) - Added filter static_user_filter (class=org.apache.hadoop.hdds.server.http.StaticUserWebFilter$StaticUserFilter) to context logs
2020-04-03 12:22:36,309 [main] INFO  http.HttpServer2 (HttpServer2.java:bindListener(1188)) - Jetty bound to port 34941
2020-04-03 12:22:36,310 [main] INFO  server.Server (Server.java:doStart(359)) - jetty-9.4.26.v20200117; built: 2020-01-17T12:35:33.676Z; git: 7b38981d25d14afb4a12ff1f2596756144edf695; jvm 1.8.0_232-b09
2020-04-03 12:22:36,311 [main] INFO  server.session (DefaultSessionIdManager.java:doStart(333)) - DefaultSessionIdManager workerName=node0
2020-04-03 12:22:36,311 [main] INFO  server.session (DefaultSessionIdManager.java:doStart(338)) - No SessionScavenger set, using defaults
2020-04-03 12:22:36,311 [main] INFO  server.session (HouseKeeper.java:startScavenging(140)) - node0 Scavenging every 600000ms
2020-04-03 12:22:36,312 [main] INFO  handler.ContextHandler (ContextHandler.java:doStart(825)) - Started o.e.j.s.ServletContextHandler@7c03c438{logs,/logs,file:///github/workspace/hadoop-ozone/integration-test/target/log,AVAILABLE}
2020-04-03 12:22:36,312 [main] INFO  handler.ContextHandler (ContextHandler.java:doStart(825)) - Started o.e.j.s.ServletContextHandler@14370602{static,/static,jar:file:/home/user/.m2/repository/org/apache/hadoop/hadoop-hdds-container-service/0.6.0-SNAPSHOT/hadoop-hdds-container-service-0.6.0-SNAPSHOT.jar!/webapps/static,AVAILABLE}
2020-04-03 12:22:36,338 [main] INFO  handler.ContextHandler (ContextHandler.java:doStart(825)) - Started o.e.j.w.WebAppContext@2c4397f1{hddsDatanode,/,file:///tmp/jetty-0_0_0_0-34941-hadoop-hdds-container-service-0_6_0-SNAPSHOT_jar-_-any-271794779375437463.dir/webapp/,AVAILABLE}{jar:file:/home/user/.m2/repository/org/apache/hadoop/hadoop-hdds-container-service/0.6.0-SNAPSHOT/hadoop-hdds-container-service-0.6.0-SNAPSHOT.jar!/webapps/hddsDatanode}
2020-04-03 12:22:36,341 [main] INFO  server.AbstractConnector (AbstractConnector.java:doStart(330)) - Started ServerConnector@2a2e4fad{HTTP/1.1,[http/1.1]}{0.0.0.0:34941}
2020-04-03 12:22:36,341 [main] INFO  server.Server (Server.java:doStart(399)) - Started @218228ms
2020-04-03 12:22:36,342 [main] WARN  impl.MetricsSystemImpl (MetricsSystemImpl.java:register(276)) - Sink prometheus already exists!
2020-04-03 12:22:36,343 [main] INFO  http.BaseHttpServer (BaseHttpServer.java:updateConnectorAddress(284)) - HTTP server of hddsDatanode listening at http://0.0.0.0:34941
2020-04-03 12:22:36,344 [main] INFO  ozone.MiniOzoneClusterImpl (MiniOzoneClusterImpl.java:lambda$waitForClusterToBeReady$0(177)) - Waiting for nodes to be ready. Got 0 of 7 DN Heartbeats.
2020-04-03 12:22:36,344 [main] INFO  ozone.MiniOzoneClusterImpl (MiniOzoneClusterImpl.java:lambda$waitForClusterToBeReady$0(180)) - Waiting for cluster to exit safe mode
2020-04-03 12:22:36,345 [org.apache.hadoop.util.JvmPauseMonitor$Monitor@673b450] INFO  util.JvmPauseMonitor (JvmPauseMonitor.java:run(188)) - Starting JVM pause monitor
2020-04-03 12:22:36,346 [Datanode State Machine Thread - 0] INFO  datanode.InitDatanodeState (InitDatanodeState.java:persistContainerDatanodeDetails(147)) - DatanodeDetails is persisted to /github/workspace/hadoop-ozone/integration-test/target/test-dir/MiniOzoneClusterImpl-54c97517-776f-4ce9-b1d6-5922e4042064/datanode-6/meta/datanode.id
2020-04-03 12:22:37,344 [main] INFO  ozone.MiniOzoneClusterImpl (MiniOzoneClusterImpl.java:lambda$waitForClusterToBeReady$0(177)) - Waiting for nodes to be ready. Got 0 of 7 DN Heartbeats.
2020-04-03 12:22:37,344 [main] INFO  ozone.MiniOzoneClusterImpl (MiniOzoneClusterImpl.java:lambda$waitForClusterToBeReady$0(180)) - Waiting for cluster to exit safe mode
2020-04-03 12:22:37,980 [Datanode State Machine Thread - 0] INFO  ozoneimpl.OzoneContainer (OzoneContainer.java:start(231)) - Attempting to start container services.
2020-04-03 12:22:37,980 [Datanode State Machine Thread - 0] INFO  ozoneimpl.OzoneContainer (OzoneContainer.java:startContainerScrub(195)) - Background container scanner has been disabled.
2020-04-03 12:22:37,980 [Datanode State Machine Thread - 0] INFO  ratis.XceiverServerRatis (XceiverServerRatis.java:start(406)) - Starting XceiverServerRatis 60104982-6318-49fc-a8c7-671d7edb1a00 at port 0
2020-04-03 12:22:37,981 [Datanode State Machine Thread - 0] INFO  impl.RaftServerProxy (RaftServerProxy.java:lambda$start$3(299)) - 60104982-6318-49fc-a8c7-671d7edb1a00: start RPC server
2020-04-03 12:22:37,982 [Datanode State Machine Thread - 0] INFO  server.GrpcService (GrpcService.java:startImpl(158)) - 60104982-6318-49fc-a8c7-671d7edb1a00: GrpcService started, listening on 0.0.0.0/0.0.0.0:37215
2020-04-03 12:22:37,982 [Datanode State Machine Thread - 0] INFO  ratis.XceiverServerRatis (XceiverServerRatis.java:start(418)) - XceiverServerRatis 60104982-6318-49fc-a8c7-671d7edb1a00 is started using port 37215
2020-04-03 12:22:37,982 [Datanode State Machine Thread - 0] INFO  server.XceiverServerGrpc (XceiverServerGrpc.java:start(145)) - XceiverServerGrpc 60104982-6318-49fc-a8c7-671d7edb1a00 is started using port 42801
2020-04-03 12:22:38,042 [Datanode State Machine Thread - 0] INFO  ozoneimpl.OzoneContainer (OzoneContainer.java:start(231)) - Attempting to start container services.
2020-04-03 12:22:38,043 [Datanode State Machine Thread - 0] INFO  ozoneimpl.OzoneContainer (OzoneContainer.java:startContainerScrub(195)) - Background container scanner has been disabled.
2020-04-03 12:22:38,043 [Datanode State Machine Thread - 0] INFO  ratis.XceiverServerRatis (XceiverServerRatis.java:start(406)) - Starting XceiverServerRatis 32bb5132-3190-4c64-bf84-ebbd3e705cf4 at port 0
2020-04-03 12:22:38,049 [Datanode State Machine Thread - 0] INFO  impl.RaftServerProxy (RaftServerProxy.java:lambda$start$3(299)) - 32bb5132-3190-4c64-bf84-ebbd3e705cf4: start RPC server
2020-04-03 12:22:38,050 [Datanode State Machine Thread - 0] INFO  server.GrpcService (GrpcService.java:startImpl(158)) - 32bb5132-3190-4c64-bf84-ebbd3e705cf4: GrpcService started, listening on 0.0.0.0/0.0.0.0:46159
2020-04-03 12:22:38,050 [Datanode State Machine Thread - 0] INFO  ratis.XceiverServerRatis (XceiverServerRatis.java:start(418)) - XceiverServerRatis 32bb5132-3190-4c64-bf84-ebbd3e705cf4 is started using port 46159
2020-04-03 12:22:38,050 [Datanode State Machine Thread - 0] INFO  server.XceiverServerGrpc (XceiverServerGrpc.java:start(145)) - XceiverServerGrpc 32bb5132-3190-4c64-bf84-ebbd3e705cf4 is started using port 42815
2020-04-03 12:22:38,107 [Datanode State Machine Thread - 0] INFO  ozoneimpl.OzoneContainer (OzoneContainer.java:start(231)) - Attempting to start container services.
2020-04-03 12:22:38,107 [Datanode State Machine Thread - 0] INFO  ozoneimpl.OzoneContainer (OzoneContainer.java:startContainerScrub(195)) - Background container scanner has been disabled.
2020-04-03 12:22:38,108 [Datanode State Machine Thread - 0] INFO  ratis.XceiverServerRatis (XceiverServerRatis.java:start(406)) - Starting XceiverServerRatis b4a43d29-118c-4b02-9b7b-443b0a36c06e at port 0
2020-04-03 12:22:38,108 [Datanode State Machine Thread - 0] INFO  impl.RaftServerProxy (RaftServerProxy.java:lambda$start$3(299)) - b4a43d29-118c-4b02-9b7b-443b0a36c06e: start RPC server
2020-04-03 12:22:38,109 [Datanode State Machine Thread - 0] INFO  server.GrpcService (GrpcService.java:startImpl(158)) - b4a43d29-118c-4b02-9b7b-443b0a36c06e: GrpcService started, listening on 0.0.0.0/0.0.0.0:40513
2020-04-03 12:22:38,109 [Datanode State Machine Thread - 0] INFO  ratis.XceiverServerRatis (XceiverServerRatis.java:start(418)) - XceiverServerRatis b4a43d29-118c-4b02-9b7b-443b0a36c06e is started using port 40513
2020-04-03 12:22:38,109 [Datanode State Machine Thread - 0] INFO  server.XceiverServerGrpc (XceiverServerGrpc.java:start(145)) - XceiverServerGrpc b4a43d29-118c-4b02-9b7b-443b0a36c06e is started using port 38123
2020-04-03 12:22:38,168 [Datanode State Machine Thread - 0] INFO  ozoneimpl.OzoneContainer (OzoneContainer.java:start(231)) - Attempting to start container services.
2020-04-03 12:22:38,168 [Datanode State Machine Thread - 0] INFO  ozoneimpl.OzoneContainer (OzoneContainer.java:startContainerScrub(195)) - Background container scanner has been disabled.
2020-04-03 12:22:38,168 [Datanode State Machine Thread - 0] INFO  ratis.XceiverServerRatis (XceiverServerRatis.java:start(406)) - Starting XceiverServerRatis 5ea4e034-58ac-4e1a-97e7-fb59da8c8203 at port 0
2020-04-03 12:22:38,169 [Datanode State Machine Thread - 0] INFO  impl.RaftServerProxy (RaftServerProxy.java:lambda$start$3(299)) - 5ea4e034-58ac-4e1a-97e7-fb59da8c8203: start RPC server
2020-04-03 12:22:38,170 [Datanode State Machine Thread - 0] INFO  server.GrpcService (GrpcService.java:startImpl(158)) - 5ea4e034-58ac-4e1a-97e7-fb59da8c8203: GrpcService started, listening on 0.0.0.0/0.0.0.0:39023
2020-04-03 12:22:38,170 [Datanode State Machine Thread - 0] INFO  ratis.XceiverServerRatis (XceiverServerRatis.java:start(418)) - XceiverServerRatis 5ea4e034-58ac-4e1a-97e7-fb59da8c8203 is started using port 39023
2020-04-03 12:22:38,172 [Datanode State Machine Thread - 0] INFO  server.XceiverServerGrpc (XceiverServerGrpc.java:start(145)) - XceiverServerGrpc 5ea4e034-58ac-4e1a-97e7-fb59da8c8203 is started using port 46235
2020-04-03 12:22:38,227 [Datanode State Machine Thread - 0] INFO  ozoneimpl.OzoneContainer (OzoneContainer.java:start(231)) - Attempting to start container services.
2020-04-03 12:22:38,227 [Datanode State Machine Thread - 0] INFO  ozoneimpl.OzoneContainer (OzoneContainer.java:startContainerScrub(195)) - Background container scanner has been disabled.
2020-04-03 12:22:38,227 [Datanode State Machine Thread - 0] INFO  ratis.XceiverServerRatis (XceiverServerRatis.java:start(406)) - Starting XceiverServerRatis 1ad7987d-30f8-499c-992f-34a29b261407 at port 0
2020-04-03 12:22:38,229 [Datanode State Machine Thread - 0] INFO  impl.RaftServerProxy (RaftServerProxy.java:lambda$start$3(299)) - 1ad7987d-30f8-499c-992f-34a29b261407: start RPC server
2020-04-03 12:22:38,230 [Datanode State Machine Thread - 0] INFO  server.GrpcService (GrpcService.java:startImpl(158)) - 1ad7987d-30f8-499c-992f-34a29b261407: GrpcService started, listening on 0.0.0.0/0.0.0.0:41615
2020-04-03 12:22:38,230 [Datanode State Machine Thread - 0] INFO  ratis.XceiverServerRatis (XceiverServerRatis.java:start(418)) - XceiverServerRatis 1ad7987d-30f8-499c-992f-34a29b261407 is started using port 41615
2020-04-03 12:22:38,231 [Datanode State Machine Thread - 0] INFO  server.XceiverServerGrpc (XceiverServerGrpc.java:start(145)) - XceiverServerGrpc 1ad7987d-30f8-499c-992f-34a29b261407 is started using port 34363
2020-04-03 12:22:38,289 [Datanode State Machine Thread - 0] INFO  ozoneimpl.OzoneContainer (OzoneContainer.java:start(231)) - Attempting to start container services.
2020-04-03 12:22:38,289 [Datanode State Machine Thread - 0] INFO  ozoneimpl.OzoneContainer (OzoneContainer.java:startContainerScrub(195)) - Background container scanner has been disabled.
2020-04-03 12:22:38,289 [Datanode State Machine Thread - 0] INFO  ratis.XceiverServerRatis (XceiverServerRatis.java:start(406)) - Starting XceiverServerRatis 51d79ad1-091b-476d-b3ea-570089388469 at port 0
2020-04-03 12:22:38,290 [Datanode State Machine Thread - 0] INFO  impl.RaftServerProxy (RaftServerProxy.java:lambda$start$3(299)) - 51d79ad1-091b-476d-b3ea-570089388469: start RPC server
2020-04-03 12:22:38,290 [Datanode State Machine Thread - 0] INFO  server.GrpcService (GrpcService.java:startImpl(158)) - 51d79ad1-091b-476d-b3ea-570089388469: GrpcService started, listening on 0.0.0.0/0.0.0.0:41413
2020-04-03 12:22:38,290 [Datanode State Machine Thread - 0] INFO  ratis.XceiverServerRatis (XceiverServerRatis.java:start(418)) - XceiverServerRatis 51d79ad1-091b-476d-b3ea-570089388469 is started using port 41413
2020-04-03 12:22:38,291 [Datanode State Machine Thread - 0] INFO  server.XceiverServerGrpc (XceiverServerGrpc.java:start(145)) - XceiverServerGrpc 51d79ad1-091b-476d-b3ea-570089388469 is started using port 36363
2020-04-03 12:22:38,344 [main] INFO  ozone.MiniOzoneClusterImpl (MiniOzoneClusterImpl.java:lambda$waitForClusterToBeReady$0(177)) - Waiting for nodes to be ready. Got 0 of 7 DN Heartbeats.
2020-04-03 12:22:38,344 [main] INFO  ozone.MiniOzoneClusterImpl (MiniOzoneClusterImpl.java:lambda$waitForClusterToBeReady$0(180)) - Waiting for cluster to exit safe mode
2020-04-03 12:22:38,348 [Datanode State Machine Thread - 0] INFO  ozoneimpl.OzoneContainer (OzoneContainer.java:start(231)) - Attempting to start container services.
2020-04-03 12:22:38,348 [Datanode State Machine Thread - 0] INFO  ozoneimpl.OzoneContainer (OzoneContainer.java:startContainerScrub(195)) - Background container scanner has been disabled.
2020-04-03 12:22:38,348 [Datanode State Machine Thread - 0] INFO  ratis.XceiverServerRatis (XceiverServerRatis.java:start(406)) - Starting XceiverServerRatis 9d9a213d-ce49-49a0-89d0-46e82b5f8d38 at port 0
2020-04-03 12:22:38,349 [Datanode State Machine Thread - 0] INFO  impl.RaftServerProxy (RaftServerProxy.java:lambda$start$3(299)) - 9d9a213d-ce49-49a0-89d0-46e82b5f8d38: start RPC server
2020-04-03 12:22:38,349 [Datanode State Machine Thread - 0] INFO  server.GrpcService (GrpcService.java:startImpl(158)) - 9d9a213d-ce49-49a0-89d0-46e82b5f8d38: GrpcService started, listening on 0.0.0.0/0.0.0.0:37055
2020-04-03 12:22:38,349 [Datanode State Machine Thread - 0] INFO  ratis.XceiverServerRatis (XceiverServerRatis.java:start(418)) - XceiverServerRatis 9d9a213d-ce49-49a0-89d0-46e82b5f8d38 is started using port 37055
2020-04-03 12:22:38,350 [Datanode State Machine Thread - 0] INFO  server.XceiverServerGrpc (XceiverServerGrpc.java:start(145)) - XceiverServerGrpc 9d9a213d-ce49-49a0-89d0-46e82b5f8d38 is started using port 39265
2020-04-03 12:22:39,345 [main] INFO  ozone.MiniOzoneClusterImpl (MiniOzoneClusterImpl.java:lambda$waitForClusterToBeReady$0(177)) - Waiting for nodes to be ready. Got 0 of 7 DN Heartbeats.
2020-04-03 12:22:39,345 [main] INFO  ozone.MiniOzoneClusterImpl (MiniOzoneClusterImpl.java:lambda$waitForClusterToBeReady$0(180)) - Waiting for cluster to exit safe mode
2020-04-03 12:22:39,977 [IPC Server handler 0 on 45075] INFO  net.NetworkTopology (NetworkTopologyImpl.java:add(111)) - Added a new node: /default-rack/60104982-6318-49fc-a8c7-671d7edb1a00
2020-04-03 12:22:39,977 [IPC Server handler 0 on 45075] INFO  node.SCMNodeManager (SCMNodeManager.java:register(268)) - Registered Data node : 60104982-6318-49fc-a8c7-671d7edb1a00{ip: 172.17.0.2, host: bc31a1f7cf94, networkLocation: /default-rack, certSerialId: null}
2020-04-03 12:22:39,977 [EventQueue-NodeRegistrationContainerReportForDataNodeSafeModeRule] INFO  safemode.SCMSafeModeManager (DataNodeSafeModeRule.java:process(71)) - SCM in safe mode. 1 DataNodes registered, 1 required.
2020-04-03 12:22:39,978 [EventQueue-NodeRegistrationContainerReportForDataNodeSafeModeRule] INFO  safemode.SCMSafeModeManager (SCMSafeModeManager.java:validateSafeModeExitRules(175)) - DataNodeSafeModeRule rule is successfully validated
2020-04-03 12:22:39,978 [RatisPipelineUtilsThread] INFO  pipeline.RatisPipelineProvider (RatisPipelineProvider.java:lambda$create$3(170)) - Sending CreatePipelineCommand for pipeline:PipelineID=469aba0c-b059-4dbd-9fe1-b9703e6787a0 to datanode:60104982-6318-49fc-a8c7-671d7edb1a00
2020-04-03 12:22:39,993 [RatisPipelineUtilsThread] INFO  pipeline.PipelineStateManager (PipelineStateManager.java:addPipeline(54)) - Created pipeline Pipeline[ Id: 469aba0c-b059-4dbd-9fe1-b9703e6787a0, Nodes: 60104982-6318-49fc-a8c7-671d7edb1a00{ip: 172.17.0.2, host: bc31a1f7cf94, networkLocation: /default-rack, certSerialId: null}, Type:RATIS, Factor:ONE, State:ALLOCATED, leaderId:null, CreationTimestamp2020-04-03T12:22:39.978Z]
2020-04-03 12:22:39,993 [RatisPipelineUtilsThread] WARN  pipeline.PipelinePlacementPolicy (PipelinePlacementPolicy.java:filterViableNodes(150)) - Pipeline creation failed due to no sufficient healthy datanodes. Required 3. Found 1.
2020-04-03 12:22:39,993 [EventQueue-NodeRegistrationContainerReportForContainerSafeModeRule] INFO  safemode.SCMSafeModeManager (SCMSafeModeManager.java:validateSafeModeExitRules(175)) - ContainerSafeModeRule rule is successfully validated
2020-04-03 12:22:40,041 [IPC Server handler 1 on 45075] INFO  net.NetworkTopology (NetworkTopologyImpl.java:add(111)) - Added a new node: /default-rack/32bb5132-3190-4c64-bf84-ebbd3e705cf4
2020-04-03 12:22:40,041 [IPC Server handler 1 on 45075] INFO  node.SCMNodeManager (SCMNodeManager.java:register(268)) - Registered Data node : 32bb5132-3190-4c64-bf84-ebbd3e705cf4{ip: 172.17.0.2, host: bc31a1f7cf94, networkLocation: /default-rack, certSerialId: null}
2020-04-03 12:22:40,041 [RatisPipelineUtilsThread] INFO  pipeline.RatisPipelineProvider (RatisPipelineProvider.java:lambda$create$3(170)) - Sending CreatePipelineCommand for pipeline:PipelineID=e8a5f3de-d803-4e95-a771-8509371c81b5 to datanode:32bb5132-3190-4c64-bf84-ebbd3e705cf4
2020-04-03 12:22:40,042 [RatisPipelineUtilsThread] INFO  pipeline.PipelineStateManager (PipelineStateManager.java:addPipeline(54)) - Created pipeline Pipeline[ Id: e8a5f3de-d803-4e95-a771-8509371c81b5, Nodes: 32bb5132-3190-4c64-bf84-ebbd3e705cf4{ip: 172.17.0.2, host: bc31a1f7cf94, networkLocation: /default-rack, certSerialId: null}, Type:RATIS, Factor:ONE, State:ALLOCATED, leaderId:null, CreationTimestamp2020-04-03T12:22:40.041Z]
2020-04-03 12:22:40,042 [EventQueue-NodeRegistrationContainerReportForDataNodeSafeModeRule] INFO  safemode.SCMSafeModeManager (SCMSafeModeManager.java:validateSafeModeExitRules(175)) - DataNodeSafeModeRule rule is successfully validated
2020-04-03 12:22:40,042 [RatisPipelineUtilsThread] WARN  pipeline.PipelinePlacementPolicy (PipelinePlacementPolicy.java:filterViableNodes(150)) - Pipeline creation failed due to no sufficient healthy datanodes. Required 3. Found 2.
2020-04-03 12:22:40,042 [EventQueue-NodeRegistrationContainerReportForContainerSafeModeRule] INFO  safemode.SCMSafeModeManager (SCMSafeModeManager.java:validateSafeModeExitRules(175)) - ContainerSafeModeRule rule is successfully validated
2020-04-03 12:22:40,106 [IPC Server handler 2 on 45075] INFO  net.NetworkTopology (NetworkTopologyImpl.java:add(111)) - Added a new node: /default-rack/b4a43d29-118c-4b02-9b7b-443b0a36c06e
2020-04-03 12:22:40,106 [IPC Server handler 2 on 45075] INFO  node.SCMNodeManager (SCMNodeManager.java:register(268)) - Registered Data node : b4a43d29-118c-4b02-9b7b-443b0a36c06e{ip: 172.17.0.2, host: bc31a1f7cf94, networkLocation: /default-rack, certSerialId: null}
2020-04-03 12:22:40,106 [RatisPipelineUtilsThread] INFO  pipeline.RatisPipelineProvider (RatisPipelineProvider.java:lambda$create$3(170)) - Sending CreatePipelineCommand for pipeline:PipelineID=920d2f76-6c14-4680-90f2-4dba51e2039e to datanode:b4a43d29-118c-4b02-9b7b-443b0a36c06e
2020-04-03 12:22:40,106 [RatisPipelineUtilsThread] INFO  pipeline.PipelineStateManager (PipelineStateManager.java:addPipeline(54)) - Created pipeline Pipeline[ Id: 920d2f76-6c14-4680-90f2-4dba51e2039e, Nodes: b4a43d29-118c-4b02-9b7b-443b0a36c06e{ip: 172.17.0.2, host: bc31a1f7cf94, networkLocation: /default-rack, certSerialId: null}, Type:RATIS, Factor:ONE, State:ALLOCATED, leaderId:null, CreationTimestamp2020-04-03T12:22:40.106Z]
2020-04-03 12:22:40,106 [EventQueue-NodeRegistrationContainerReportForDataNodeSafeModeRule] INFO  safemode.SCMSafeModeManager (SCMSafeModeManager.java:validateSafeModeExitRules(175)) - DataNodeSafeModeRule rule is successfully validated
2020-04-03 12:22:40,107 [EventQueue-NodeRegistrationContainerReportForContainerSafeModeRule] INFO  safemode.SCMSafeModeManager (SCMSafeModeManager.java:validateSafeModeExitRules(175)) - ContainerSafeModeRule rule is successfully validated
2020-04-03 12:22:40,108 [RatisPipelineUtilsThread] INFO  pipeline.RatisPipelineProvider (RatisPipelineProvider.java:lambda$create$3(170)) - Sending CreatePipelineCommand for pipeline:PipelineID=24efe3c7-eeac-4a70-9691-fa17f83450af to datanode:b4a43d29-118c-4b02-9b7b-443b0a36c06e
2020-04-03 12:22:40,108 [RatisPipelineUtilsThread] INFO  pipeline.RatisPipelineProvider (RatisPipelineProvider.java:lambda$create$3(170)) - Sending CreatePipelineCommand for pipeline:PipelineID=24efe3c7-eeac-4a70-9691-fa17f83450af to datanode:60104982-6318-49fc-a8c7-671d7edb1a00
2020-04-03 12:22:40,108 [RatisPipelineUtilsThread] INFO  pipeline.RatisPipelineProvider (RatisPipelineProvider.java:lambda$create$3(170)) - Sending CreatePipelineCommand for pipeline:PipelineID=24efe3c7-eeac-4a70-9691-fa17f83450af to datanode:32bb5132-3190-4c64-bf84-ebbd3e705cf4
2020-04-03 12:22:40,108 [RatisPipelineUtilsThread] INFO  pipeline.PipelineStateManager (PipelineStateManager.java:addPipeline(54)) - Created pipeline Pipeline[ Id: 24efe3c7-eeac-4a70-9691-fa17f83450af, Nodes: b4a43d29-118c-4b02-9b7b-443b0a36c06e{ip: 172.17.0.2, host: bc31a1f7cf94, networkLocation: /default-rack, certSerialId: null}60104982-6318-49fc-a8c7-671d7edb1a00{ip: 172.17.0.2, host: bc31a1f7cf94, networkLocation: /default-rack, certSerialId: null}32bb5132-3190-4c64-bf84-ebbd3e705cf4{ip: 172.17.0.2, host: bc31a1f7cf94, networkLocation: /default-rack, certSerialId: null}, Type:RATIS, Factor:THREE, State:ALLOCATED, leaderId:null, CreationTimestamp2020-04-03T12:22:40.108Z]
2020-04-03 12:22:40,108 [RatisPipelineUtilsThread] INFO  pipeline.RatisPipelineProvider (RatisPipelineProvider.java:lambda$create$3(170)) - Sending CreatePipelineCommand for pipeline:PipelineID=596afeba-ad50-4139-8e2d-9b462aafddcd to datanode:32bb5132-3190-4c64-bf84-ebbd3e705cf4
2020-04-03 12:22:40,108 [RatisPipelineUtilsThread] INFO  pipeline.RatisPipelineProvider (RatisPipelineProvider.java:lambda$create$3(170)) - Sending CreatePipelineCommand for pipeline:PipelineID=596afeba-ad50-4139-8e2d-9b462aafddcd to datanode:b4a43d29-118c-4b02-9b7b-443b0a36c06e
2020-04-03 12:22:40,108 [RatisPipelineUtilsThread] INFO  pipeline.RatisPipelineProvider (RatisPipelineProvider.java:lambda$create$3(170)) - Sending CreatePipelineCommand for pipeline:PipelineID=596afeba-ad50-4139-8e2d-9b462aafddcd to datanode:60104982-6318-49fc-a8c7-671d7edb1a00
2020-04-03 12:22:40,109 [RatisPipelineUtilsThread] INFO  pipeline.PipelineStateManager (PipelineStateManager.java:addPipeline(54)) - Created pipeline Pipeline[ Id: 596afeba-ad50-4139-8e2d-9b462aafddcd, Nodes: 32bb5132-3190-4c64-bf84-ebbd3e705cf4{ip: 172.17.0.2, host: bc31a1f7cf94, networkLocation: /default-rack, certSerialId: null}b4a43d29-118c-4b02-9b7b-443b0a36c06e{ip: 172.17.0.2, host: bc31a1f7cf94, networkLocation: /default-rack, certSerialId: null}60104982-6318-49fc-a8c7-671d7edb1a00{ip: 172.17.0.2, host: bc31a1f7cf94, networkLocation: /default-rack, certSerialId: null}, Type:RATIS, Factor:THREE, State:ALLOCATED, leaderId:null, CreationTimestamp2020-04-03T12:22:40.108Z]
2020-04-03 12:22:40,109 [RatisPipelineUtilsThread] INFO  pipeline.SCMPipelineManager (SCMPipelineManager.java:recordMetricsForPipeline(188)) - Pipeline: PipelineID=596afeba-ad50-4139-8e2d-9b462aafddcd contains same datanodes as previous pipelines: PipelineID=24efe3c7-eeac-4a70-9691-fa17f83450af nodeIds: 32bb5132-3190-4c64-bf84-ebbd3e705cf4, b4a43d29-118c-4b02-9b7b-443b0a36c06e, 60104982-6318-49fc-a8c7-671d7edb1a00
2020-04-03 12:22:40,236 [IPC Server handler 4 on 45075] INFO  net.NetworkTopology (NetworkTopologyImpl.java:add(111)) - Added a new node: /default-rack/5ea4e034-58ac-4e1a-97e7-fb59da8c8203
2020-04-03 12:22:40,239 [IPC Server handler 4 on 45075] INFO  node.SCMNodeManager (SCMNodeManager.java:register(268)) - Registered Data node : 5ea4e034-58ac-4e1a-97e7-fb59da8c8203{ip: 172.17.0.2, host: bc31a1f7cf94, networkLocation: /default-rack, certSerialId: null}
2020-04-03 12:22:40,240 [EventQueue-NodeRegistrationContainerReportForDataNodeSafeModeRule] INFO  safemode.SCMSafeModeManager (SCMSafeModeManager.java:validateSafeModeExitRules(175)) - DataNodeSafeModeRule rule is successfully validated
2020-04-03 12:22:40,240 [EventQueue-NodeRegistrationContainerReportForContainerSafeModeRule] INFO  safemode.SCMSafeModeManager (SCMSafeModeManager.java:validateSafeModeExitRules(175)) - ContainerSafeModeRule rule is successfully validated
2020-04-03 12:22:40,245 [IPC Server handler 5 on 45075] INFO  net.NetworkTopology (NetworkTopologyImpl.java:add(111)) - Added a new node: /default-rack/1ad7987d-30f8-499c-992f-34a29b261407
2020-04-03 12:22:40,246 [IPC Server handler 5 on 45075] INFO  node.SCMNodeManager (SCMNodeManager.java:register(268)) - Registered Data node : 1ad7987d-30f8-499c-992f-34a29b261407{ip: 172.17.0.2, host: bc31a1f7cf94, networkLocation: /default-rack, certSerialId: null}
2020-04-03 12:22:40,246 [EventQueue-NodeRegistrationContainerReportForDataNodeSafeModeRule] INFO  safemode.SCMSafeModeManager (SCMSafeModeManager.java:validateSafeModeExitRules(175)) - DataNodeSafeModeRule rule is successfully validated
2020-04-03 12:22:40,246 [EventQueue-NodeRegistrationContainerReportForContainerSafeModeRule] INFO  safemode.SCMSafeModeManager (SCMSafeModeManager.java:validateSafeModeExitRules(175)) - ContainerSafeModeRule rule is successfully validated
2020-04-03 12:22:40,248 [RatisPipelineUtilsThread] INFO  pipeline.RatisPipelineProvider (RatisPipelineProvider.java:lambda$create$3(170)) - Sending CreatePipelineCommand for pipeline:PipelineID=20312da7-76b4-450e-b4af-ffe3da64eeb3 to datanode:1ad7987d-30f8-499c-992f-34a29b261407
2020-04-03 12:22:40,248 [RatisPipelineUtilsThread] INFO  pipeline.PipelineStateManager (PipelineStateManager.java:addPipeline(54)) - Created pipeline Pipeline[ Id: 20312da7-76b4-450e-b4af-ffe3da64eeb3, Nodes: 1ad7987d-30f8-499c-992f-34a29b261407{ip: 172.17.0.2, host: bc31a1f7cf94, networkLocation: /default-rack, certSerialId: null}, Type:RATIS, Factor:ONE, State:ALLOCATED, leaderId:null, CreationTimestamp2020-04-03T12:22:40.248Z]
2020-04-03 12:22:40,248 [RatisPipelineUtilsThread] INFO  pipeline.RatisPipelineProvider (RatisPipelineProvider.java:lambda$create$3(170)) - Sending CreatePipelineCommand for pipeline:PipelineID=7bbd0ff0-2723-4c11-a971-82d4e3c7a127 to datanode:5ea4e034-58ac-4e1a-97e7-fb59da8c8203
2020-04-03 12:22:40,249 [RatisPipelineUtilsThread] INFO  pipeline.PipelineStateManager (PipelineStateManager.java:addPipeline(54)) - Created pipeline Pipeline[ Id: 7bbd0ff0-2723-4c11-a971-82d4e3c7a127, Nodes: 5ea4e034-58ac-4e1a-97e7-fb59da8c8203{ip: 172.17.0.2, host: bc31a1f7cf94, networkLocation: /default-rack, certSerialId: null}, Type:RATIS, Factor:ONE, State:ALLOCATED, leaderId:null, CreationTimestamp2020-04-03T12:22:40.248Z]
2020-04-03 12:22:40,286 [IPC Server handler 6 on 45075] INFO  net.NetworkTopology (NetworkTopologyImpl.java:add(111)) - Added a new node: /default-rack/51d79ad1-091b-476d-b3ea-570089388469
2020-04-03 12:22:40,286 [IPC Server handler 6 on 45075] INFO  node.SCMNodeManager (SCMNodeManager.java:register(268)) - Registered Data node : 51d79ad1-091b-476d-b3ea-570089388469{ip: 172.17.0.2, host: bc31a1f7cf94, networkLocation: /default-rack, certSerialId: null}
2020-04-03 12:22:40,287 [RatisPipelineUtilsThread] INFO  pipeline.RatisPipelineProvider (RatisPipelineProvider.java:lambda$create$3(170)) - Sending CreatePipelineCommand for pipeline:PipelineID=a6f3ee06-c84e-48b0-a0a5-7c7bfe04d162 to datanode:51d79ad1-091b-476d-b3ea-570089388469
2020-04-03 12:22:40,287 [EventQueue-NodeRegistrationContainerReportForContainerSafeModeRule] INFO  safemode.SCMSafeModeManager (SCMSafeModeManager.java:validateSafeModeExitRules(175)) - ContainerSafeModeRule rule is successfully validated
2020-04-03 12:22:40,287 [EventQueue-NodeRegistrationContainerReportForDataNodeSafeModeRule] INFO  safemode.SCMSafeModeManager (SCMSafeModeManager.java:validateSafeModeExitRules(175)) - DataNodeSafeModeRule rule is successfully validated
2020-04-03 12:22:40,287 [RatisPipelineUtilsThread] INFO  pipeline.PipelineStateManager (PipelineStateManager.java:addPipeline(54)) - Created pipeline Pipeline[ Id: a6f3ee06-c84e-48b0-a0a5-7c7bfe04d162, Nodes: 51d79ad1-091b-476d-b3ea-570089388469{ip: 172.17.0.2, host: bc31a1f7cf94, networkLocation: /default-rack, certSerialId: null}, Type:RATIS, Factor:ONE, State:ALLOCATED, leaderId:null, CreationTimestamp2020-04-03T12:22:40.287Z]
2020-04-03 12:22:40,287 [RatisPipelineUtilsThread] INFO  pipeline.RatisPipelineProvider (RatisPipelineProvider.java:lambda$create$3(170)) - Sending CreatePipelineCommand for pipeline:PipelineID=30ed9ebf-2c1f-4188-8c48-5fe9eaec25cc to datanode:51d79ad1-091b-476d-b3ea-570089388469
2020-04-03 12:22:40,288 [RatisPipelineUtilsThread] INFO  pipeline.RatisPipelineProvider (RatisPipelineProvider.java:lambda$create$3(170)) - Sending CreatePipelineCommand for pipeline:PipelineID=30ed9ebf-2c1f-4188-8c48-5fe9eaec25cc to datanode:1ad7987d-30f8-499c-992f-34a29b261407
2020-04-03 12:22:40,288 [RatisPipelineUtilsThread] INFO  pipeline.RatisPipelineProvider (RatisPipelineProvider.java:lambda$create$3(170)) - Sending CreatePipelineCommand for pipeline:PipelineID=30ed9ebf-2c1f-4188-8c48-5fe9eaec25cc to datanode:5ea4e034-58ac-4e1a-97e7-fb59da8c8203
2020-04-03 12:22:40,288 [RatisPipelineUtilsThread] INFO  pipeline.PipelineStateManager (PipelineStateManager.java:addPipeline(54)) - Created pipeline Pipeline[ Id: 30ed9ebf-2c1f-4188-8c48-5fe9eaec25cc, Nodes: 51d79ad1-091b-476d-b3ea-570089388469{ip: 172.17.0.2, host: bc31a1f7cf94, networkLocation: /default-rack, certSerialId: null}1ad7987d-30f8-499c-992f-34a29b261407{ip: 172.17.0.2, host: bc31a1f7cf94, networkLocation: /default-rack, certSerialId: null}5ea4e034-58ac-4e1a-97e7-fb59da8c8203{ip: 172.17.0.2, host: bc31a1f7cf94, networkLocation: /default-rack, certSerialId: null}, Type:RATIS, Factor:THREE, State:ALLOCATED, leaderId:null, CreationTimestamp2020-04-03T12:22:40.287Z]
2020-04-03 12:22:40,288 [RatisPipelineUtilsThread] INFO  pipeline.RatisPipelineProvider (RatisPipelineProvider.java:lambda$create$3(170)) - Sending CreatePipelineCommand for pipeline:PipelineID=e28a9491-70a6-410e-9598-ec46d86256b6 to datanode:1ad7987d-30f8-499c-992f-34a29b261407
2020-04-03 12:22:40,288 [RatisPipelineUtilsThread] INFO  pipeline.RatisPipelineProvider (RatisPipelineProvider.java:lambda$create$3(170)) - Sending CreatePipelineCommand for pipeline:PipelineID=e28a9491-70a6-410e-9598-ec46d86256b6 to datanode:51d79ad1-091b-476d-b3ea-570089388469
2020-04-03 12:22:40,288 [RatisPipelineUtilsThread] INFO  pipeline.RatisPipelineProvider (RatisPipelineProvider.java:lambda$create$3(170)) - Sending CreatePipelineCommand for pipeline:PipelineID=e28a9491-70a6-410e-9598-ec46d86256b6 to datanode:5ea4e034-58ac-4e1a-97e7-fb59da8c8203
2020-04-03 12:22:40,289 [RatisPipelineUtilsThread] INFO  pipeline.PipelineStateManager (PipelineStateManager.java:addPipeline(54)) - Created pipeline Pipeline[ Id: e28a9491-70a6-410e-9598-ec46d86256b6, Nodes: 1ad7987d-30f8-499c-992f-34a29b261407{ip: 172.17.0.2, host: bc31a1f7cf94, networkLocation: /default-rack, certSerialId: null}51d79ad1-091b-476d-b3ea-570089388469{ip: 172.17.0.2, host: bc31a1f7cf94, networkLocation: /default-rack, certSerialId: null}5ea4e034-58ac-4e1a-97e7-fb59da8c8203{ip: 172.17.0.2, host: bc31a1f7cf94, networkLocation: /default-rack, certSerialId: null}, Type:RATIS, Factor:THREE, State:ALLOCATED, leaderId:null, CreationTimestamp2020-04-03T12:22:40.288Z]
2020-04-03 12:22:40,289 [RatisPipelineUtilsThread] INFO  pipeline.SCMPipelineManager (SCMPipelineManager.java:recordMetricsForPipeline(188)) - Pipeline: PipelineID=e28a9491-70a6-410e-9598-ec46d86256b6 contains same datanodes as previous pipelines: PipelineID=30ed9ebf-2c1f-4188-8c48-5fe9eaec25cc nodeIds: 1ad7987d-30f8-499c-992f-34a29b261407, 51d79ad1-091b-476d-b3ea-570089388469, 5ea4e034-58ac-4e1a-97e7-fb59da8c8203
2020-04-03 12:22:40,345 [main] INFO  ozone.MiniOzoneClusterImpl (MiniOzoneClusterImpl.java:lambda$waitForClusterToBeReady$0(177)) - Waiting for nodes to be ready. Got 6 of 7 DN Heartbeats.
2020-04-03 12:22:40,345 [main] INFO  ozone.MiniOzoneClusterImpl (MiniOzoneClusterImpl.java:lambda$waitForClusterToBeReady$0(180)) - Waiting for cluster to exit safe mode
2020-04-03 12:22:40,345 [IPC Server handler 7 on 45075] INFO  net.NetworkTopology (NetworkTopologyImpl.java:add(111)) - Added a new node: /default-rack/9d9a213d-ce49-49a0-89d0-46e82b5f8d38
2020-04-03 12:22:40,346 [IPC Server handler 7 on 45075] INFO  node.SCMNodeManager (SCMNodeManager.java:register(268)) - Registered Data node : 9d9a213d-ce49-49a0-89d0-46e82b5f8d38{ip: 172.17.0.2, host: bc31a1f7cf94, networkLocation: /default-rack, certSerialId: null}
2020-04-03 12:22:40,346 [EventQueue-NodeRegistrationContainerReportForDataNodeSafeModeRule] INFO  safemode.SCMSafeModeManager (SCMSafeModeManager.java:validateSafeModeExitRules(175)) - DataNodeSafeModeRule rule is successfully validated
2020-04-03 12:22:40,346 [EventQueue-NodeRegistrationContainerReportForContainerSafeModeRule] INFO  safemode.SCMSafeModeManager (SCMSafeModeManager.java:validateSafeModeExitRules(175)) - ContainerSafeModeRule rule is successfully validated
2020-04-03 12:22:40,346 [RatisPipelineUtilsThread] INFO  pipeline.RatisPipelineProvider (RatisPipelineProvider.java:lambda$create$3(170)) - Sending CreatePipelineCommand for pipeline:PipelineID=7b49b74f-8e03-47ef-be1e-2572610135c0 to datanode:9d9a213d-ce49-49a0-89d0-46e82b5f8d38
2020-04-03 12:22:40,346 [RatisPipelineUtilsThread] INFO  pipeline.PipelineStateManager (PipelineStateManager.java:addPipeline(54)) - Created pipeline Pipeline[ Id: 7b49b74f-8e03-47ef-be1e-2572610135c0, Nodes: 9d9a213d-ce49-49a0-89d0-46e82b5f8d38{ip: 172.17.0.2, host: bc31a1f7cf94, networkLocation: /default-rack, certSerialId: null}, Type:RATIS, Factor:ONE, State:ALLOCATED, leaderId:null, CreationTimestamp2020-04-03T12:22:40.346Z]
2020-04-03 12:22:41,345 [main] INFO  ozone.MiniOzoneClusterImpl (MiniOzoneClusterImpl.java:lambda$waitForClusterToBeReady$0(177)) - Nodes are ready. Got 7 of 7 DN Heartbeats.
2020-04-03 12:22:41,346 [main] INFO  ozone.MiniOzoneClusterImpl (MiniOzoneClusterImpl.java:lambda$waitForClusterToBeReady$0(180)) - Waiting for cluster to exit safe mode
2020-04-03 12:22:42,346 [main] INFO  ozone.MiniOzoneClusterImpl (MiniOzoneClusterImpl.java:lambda$waitForClusterToBeReady$0(177)) - Nodes are ready. Got 7 of 7 DN Heartbeats.
2020-04-03 12:22:42,346 [main] INFO  ozone.MiniOzoneClusterImpl (MiniOzoneClusterImpl.java:lambda$waitForClusterToBeReady$0(180)) - Waiting for cluster to exit safe mode
2020-04-03 12:22:42,976 [Command processor thread] INFO  impl.RaftServerProxy (RaftServerProxy.java:addNew(89)) - 60104982-6318-49fc-a8c7-671d7edb1a00: addNew group-B9703E6787A0:[60104982-6318-49fc-a8c7-671d7edb1a00:172.17.0.2:37215] returns group-B9703E6787A0:java.util.concurrent.CompletableFuture@5b28a219[Not completed]
2020-04-03 12:22:42,977 [pool-563-thread-1] INFO  impl.RaftServerImpl (RaftServerImpl.java:<init>(97)) - 60104982-6318-49fc-a8c7-671d7edb1a00: new RaftServerImpl for group-B9703E6787A0:[60104982-6318-49fc-a8c7-671d7edb1a00:172.17.0.2:37215] with ContainerStateMachine:uninitialized
2020-04-03 12:22:42,977 [pool-563-thread-1] INFO  server.RaftServerConfigKeys (ConfUtils.java:logGet(44)) - raft.server.rpc.timeout.min = 5s (custom)
2020-04-03 12:22:42,977 [pool-563-thread-1] INFO  server.RaftServerConfigKeys (ConfUtils.java:logGet(44)) - raft.server.rpc.timeout.max = 5200ms (custom)
2020-04-03 12:22:42,977 [pool-563-thread-1] INFO  server.RaftServerConfigKeys (ConfUtils.java:logGet(44)) - raft.server.rpcslowness.timeout = 300s (custom)
2020-04-03 12:22:42,977 [pool-563-thread-1] INFO  server.RaftServerConfigKeys (ConfUtils.java:logGet(44)) - raft.server.sleep.deviation.threshold = 300 (default)
2020-04-03 12:22:42,977 [pool-563-thread-1] INFO  server.RaftServerConfigKeys (ConfUtils.java:logGet(44)) - raft.server.log.appender.install.snapshot.enabled = false (custom)
2020-04-03 12:22:42,977 [pool-563-thread-1] INFO  impl.RaftServerImpl (ServerState.java:<init>(103)) - 60104982-6318-49fc-a8c7-671d7edb1a00@group-B9703E6787A0: ConfigurationManager, init=-1: [60104982-6318-49fc-a8c7-671d7edb1a00:172.17.0.2:37215], old=null, confs=<EMPTY_MAP>
2020-04-03 12:22:42,977 [pool-563-thread-1] INFO  server.RaftServerConfigKeys (ConfUtils.java:logGet(44)) - raft.server.storage.dir = [/github/workspace/hadoop-ozone/integration-test/target/test-dir/MiniOzoneClusterImpl-54c97517-776f-4ce9-b1d6-5922e4042064/datanode-0/data/ratis] (custom)
2020-04-03 12:22:42,978 [pool-563-thread-1] INFO  server.RaftServerConfigKeys (ConfUtils.java:logGet(44)) - raft.server.log.corruption.policy = EXCEPTION (default)
2020-04-03 12:22:42,978 [pool-563-thread-1] INFO  storage.RaftStorageDirectory (RaftStorageDirectory.java:analyzeStorage(253)) - The storage directory /github/workspace/hadoop-ozone/integration-test/target/test-dir/MiniOzoneClusterImpl-54c97517-776f-4ce9-b1d6-5922e4042064/datanode-0/data/ratis/469aba0c-b059-4dbd-9fe1-b9703e6787a0 does not exist. Creating ...
2020-04-03 12:22:42,980 [pool-563-thread-1] INFO  storage.RaftStorageDirectory (RaftStorageDirectory.java:tryLock(335)) - Lock on /github/workspace/hadoop-ozone/integration-test/target/test-dir/MiniOzoneClusterImpl-54c97517-776f-4ce9-b1d6-5922e4042064/datanode-0/data/ratis/469aba0c-b059-4dbd-9fe1-b9703e6787a0/in_use.lock acquired by nodename 13457@bc31a1f7cf94
2020-04-03 12:22:42,981 [pool-563-thread-1] INFO  storage.RaftStorage (RaftStorage.java:format(84)) - Storage directory /github/workspace/hadoop-ozone/integration-test/target/test-dir/MiniOzoneClusterImpl-54c97517-776f-4ce9-b1d6-5922e4042064/datanode-0/data/ratis/469aba0c-b059-4dbd-9fe1-b9703e6787a0 has been successfully formatted.
2020-04-03 12:22:42,983 [pool-563-thread-1] INFO  ratis.ContainerStateMachine (ContainerStateMachine.java:loadSnapshot(233)) - group-B9703E6787A0: The snapshot info is null. Setting the last applied indexto:(t:0, i:~)
2020-04-03 12:22:42,983 [pool-563-thread-1] INFO  server.RaftServerConfigKeys (ConfUtils.java:logGet(44)) - raft.server.notification.no-leader.timeout = 60s (default)
2020-04-03 12:22:42,983 [pool-563-thread-1] INFO  server.RaftServerConfigKeys (ConfUtils.java:logGet(44)) - raft.server.log.use.memory = false (default)
2020-04-03 12:22:42,983 [pool-563-thread-1] INFO  server.RaftServerConfigKeys (ConfUtils.java:logGet(44)) - raft.server.log.purge.gap = 1000000 (custom)
2020-04-03 12:22:42,983 [pool-563-thread-1] INFO  server.RaftServerConfigKeys (ConfUtils.java:logGet(44)) - raft.server.log.appender.buffer.byte-limit = 33554432 (custom)
2020-04-03 12:22:42,983 [pool-563-thread-1] INFO  server.RaftServerConfigKeys (ConfUtils.java:logGet(44)) - raft.server.log.segment.size.max = 1048576 (custom)
2020-04-03 12:22:42,983 [pool-563-thread-1] INFO  metrics.RatisMetrics (RatisMetrics.java:lambda$create$0(39)) - Creating Metrics Registry : ratis.log_worker.60104982-6318-49fc-a8c7-671d7edb1a00
2020-04-03 12:22:42,984 [EventQueue-PipelineReportForPipelineReportHandler] INFO  pipeline.PipelineStateManager (PipelineStateManager.java:openPipeline(131)) - Pipeline Pipeline[ Id: 469aba0c-b059-4dbd-9fe1-b9703e6787a0, Nodes: 60104982-6318-49fc-a8c7-671d7edb1a00{ip: 172.17.0.2, host: bc31a1f7cf94, networkLocation: /default-rack, certSerialId: null}, Type:RATIS, Factor:ONE, State:ALLOCATED, leaderId:60104982-6318-49fc-a8c7-671d7edb1a00, CreationTimestamp2020-04-03T12:22:39.978Z] moved to OPEN state
2020-04-03 12:22:42,984 [pool-563-thread-1] INFO  server.RaftServerConfigKeys (ConfUtils.java:logGet(44)) - raft.server.log.segment.cache.num.max = 2 (custom)
2020-04-03 12:22:42,984 [pool-563-thread-1] INFO  segmented.SegmentedRaftLogWorker (SegmentedRaftLogWorker.java:<init>(176)) - new 60104982-6318-49fc-a8c7-671d7edb1a00@group-B9703E6787A0-SegmentedRaftLogWorker for RaftStorage:Storage Directory /github/workspace/hadoop-ozone/integration-test/target/test-dir/MiniOzoneClusterImpl-54c97517-776f-4ce9-b1d6-5922e4042064/datanode-0/data/ratis/469aba0c-b059-4dbd-9fe1-b9703e6787a0
2020-04-03 12:22:42,984 [pool-563-thread-1] INFO  server.RaftServerConfigKeys (ConfUtils.java:logGet(44)) - raft.server.log.queue.byte-limit = 2147483647 (custom)
2020-04-03 12:22:42,986 [pool-563-thread-1] INFO  server.RaftServerConfigKeys (ConfUtils.java:logGet(44)) - raft.server.log.queue.element-limit = 1024 (custom)
2020-04-03 12:22:42,986 [pool-563-thread-1] INFO  server.RaftServerConfigKeys (ConfUtils.java:logGet(44)) - raft.server.log.segment.size.max = 1048576 (custom)
2020-04-03 12:22:42,986 [EventQueue-OpenPipelineForOneReplicaPipelineSafeModeRule] INFO  safemode.SCMSafeModeManager (SCMSafeModeManager.java:validateSafeModeExitRules(175)) - AtleastOneDatanodeReportedRule rule is successfully validated
2020-04-03 12:22:42,986 [pool-563-thread-1] INFO  server.RaftServerConfigKeys (ConfUtils.java:logGet(44)) - raft.server.log.preallocated.size = 16384 (custom)
2020-04-03 12:22:42,987 [pool-563-thread-1] INFO  server.RaftServerConfigKeys (ConfUtils.java:logGet(44)) - raft.server.log.write.buffer.size = 1048576 (custom)
2020-04-03 12:22:42,987 [pool-563-thread-1] INFO  server.RaftServerConfigKeys (ConfUtils.java:logGet(44)) - raft.server.log.force.sync.num = 128 (default)
2020-04-03 12:22:42,987 [pool-563-thread-1] INFO  server.RaftServerConfigKeys (ConfUtils.java:logGet(44)) - raft.server.log.statemachine.data.sync = true (default)
2020-04-03 12:22:42,987 [pool-563-thread-1] INFO  server.RaftServerConfigKeys (ConfUtils.java:logGet(44)) - raft.server.log.statemachine.data.sync.timeout = 10s (default)
2020-04-03 12:22:42,987 [pool-563-thread-1] INFO  server.RaftServerConfigKeys (ConfUtils.java:logGet(44)) - raft.server.log.statemachine.data.sync.timeout.retry = -1 (default)
2020-04-03 12:22:42,989 [pool-563-thread-1] INFO  server.RaftServerConfigKeys (ConfUtils.java:logGet(44)) - raft.server.log.statemachine.data.caching.enabled = true (custom)
2020-04-03 12:22:42,990 [pool-563-thread-1] INFO  segmented.SegmentedRaftLogWorker (SegmentedRaftLogWorker.java:lambda$new$0(129)) - 60104982-6318-49fc-a8c7-671d7edb1a00@group-B9703E6787A0-SegmentedRaftLogWorker: flushIndex: setUnconditionally 0 -> -1
2020-04-03 12:22:42,990 [EventQueue-OpenPipelineForHealthyPipelineSafeModeRule] INFO  safemode.SCMSafeModeManager (HealthyPipelineSafeModeRule.java:process(131)) - SCM in safe mode. Healthy pipelines reported count is 0, required healthy pipeline reported count is 1
2020-04-03 12:22:42,990 [pool-563-thread-1] INFO  server.RaftServerConfigKeys (ConfUtils.java:logGet(44)) - raft.server.snapshot.auto.trigger.enabled = true (custom)
2020-04-03 12:22:42,990 [pool-563-thread-1] INFO  server.RaftServerConfigKeys (ConfUtils.java:logGet(44)) - raft.server.snapshot.auto.trigger.threshold = 10000 (custom)
2020-04-03 12:22:42,990 [pool-563-thread-1] INFO  server.RaftServerConfigKeys (ConfUtils.java:logGet(44)) - raft.server.snapshot.retention.file.num = 5 (custom)
2020-04-03 12:22:42,990 [pool-563-thread-1] INFO  server.RaftServerConfigKeys (ConfUtils.java:logGet(44)) - raft.server.retrycache.expirytime = 600000ms (custom)
2020-04-03 12:22:42,990 [pool-563-thread-1] INFO  metrics.RatisMetrics (RatisMetrics.java:lambda$create$0(39)) - Creating Metrics Registry : ratis.leader_election.60104982-6318-49fc-a8c7-671d7edb1a00@group-B9703E6787A0
2020-04-03 12:22:42,991 [pool-563-thread-1] INFO  metrics.RatisMetrics (RatisMetrics.java:lambda$create$0(39)) - Creating Metrics Registry : ratis.server.60104982-6318-49fc-a8c7-671d7edb1a00@group-B9703E6787A0
2020-04-03 12:22:42,991 [pool-563-thread-1] INFO  impl.RaftServerImpl (RaftServerImpl.java:start(183)) - 60104982-6318-49fc-a8c7-671d7edb1a00@group-B9703E6787A0: start as a follower, conf=-1: [60104982-6318-49fc-a8c7-671d7edb1a00:172.17.0.2:37215], old=null
2020-04-03 12:22:42,991 [pool-563-thread-1] INFO  impl.RaftServerImpl (RaftServerImpl.java:setRole(172)) - 60104982-6318-49fc-a8c7-671d7edb1a00@group-B9703E6787A0: changes role from      null to FOLLOWER at term 0 for startAsFollower
2020-04-03 12:22:42,992 [pool-563-thread-1] INFO  impl.RoleInfo (RoleInfo.java:updateAndGet(143)) - 60104982-6318-49fc-a8c7-671d7edb1a00: start FollowerState
2020-04-03 12:22:42,992 [pool-563-thread-1] INFO  util.JmxRegister (JmxRegister.java:tryRegister(44)) - Successfully registered JMX Bean with object name Ratis:service=RaftServer,group=group-B9703E6787A0,id=60104982-6318-49fc-a8c7-671d7edb1a00
2020-04-03 12:22:42,992 [pool-563-thread-1] INFO  metrics.RatisMetrics (RatisMetrics.java:lambda$create$0(39)) - Creating Metrics Registry : ratis.state_machine.60104982-6318-49fc-a8c7-671d7edb1a00@group-B9703E6787A0
2020-04-03 12:22:42,993 [Command processor thread] INFO  commandhandler.CreatePipelineCommandHandler (CreatePipelineCommandHandler.java:handle(112)) - Created Pipeline RATIS ONE #id: "469aba0c-b059-4dbd-9fe1-b9703e6787a0"
.
2020-04-03 12:22:42,993 [Command processor thread] INFO  impl.RaftServerProxy (RaftServerProxy.java:addNew(89)) - 60104982-6318-49fc-a8c7-671d7edb1a00: addNew group-FA17F83450AF:[b4a43d29-118c-4b02-9b7b-443b0a36c06e:172.17.0.2:40513, 32bb5132-3190-4c64-bf84-ebbd3e705cf4:172.17.0.2:46159, 60104982-6318-49fc-a8c7-671d7edb1a00:172.17.0.2:37215] returns group-FA17F83450AF:java.util.concurrent.CompletableFuture@5f173da4[Not completed]
2020-04-03 12:22:42,994 [pool-563-thread-1] INFO  impl.RaftServerImpl (RaftServerImpl.java:<init>(97)) - 60104982-6318-49fc-a8c7-671d7edb1a00: new RaftServerImpl for group-FA17F83450AF:[b4a43d29-118c-4b02-9b7b-443b0a36c06e:172.17.0.2:40513, 32bb5132-3190-4c64-bf84-ebbd3e705cf4:172.17.0.2:46159, 60104982-6318-49fc-a8c7-671d7edb1a00:172.17.0.2:37215] with ContainerStateMachine:uninitialized
2020-04-03 12:22:42,994 [pool-563-thread-1] INFO  server.RaftServerConfigKeys (ConfUtils.java:logGet(44)) - raft.server.rpc.timeout.min = 5s (custom)
2020-04-03 12:22:42,994 [pool-563-thread-1] INFO  server.RaftServerConfigKeys (ConfUtils.java:logGet(44)) - raft.server.rpc.timeout.max = 5200ms (custom)
2020-04-03 12:22:42,994 [pool-563-thread-1] INFO  server.RaftServerConfigKeys (ConfUtils.java:logGet(44)) - raft.server.rpcslowness.timeout = 300s (custom)
2020-04-03 12:22:42,994 [pool-563-thread-1] INFO  server.RaftServerConfigKeys (ConfUtils.java:logGet(44)) - raft.server.sleep.deviation.threshold = 300 (default)
2020-04-03 12:22:42,994 [pool-563-thread-1] INFO  server.RaftServerConfigKeys (ConfUtils.java:logGet(44)) - raft.server.log.appender.install.snapshot.enabled = false (custom)
2020-04-03 12:22:42,995 [pool-563-thread-1] INFO  impl.RaftServerImpl (ServerState.java:<init>(103)) - 60104982-6318-49fc-a8c7-671d7edb1a00@group-FA17F83450AF: ConfigurationManager, init=-1: [b4a43d29-118c-4b02-9b7b-443b0a36c06e:172.17.0.2:40513, 32bb5132-3190-4c64-bf84-ebbd3e705cf4:172.17.0.2:46159, 60104982-6318-49fc-a8c7-671d7edb1a00:172.17.0.2:37215], old=null, confs=<EMPTY_MAP>
2020-04-03 12:22:42,995 [pool-563-thread-1] INFO  server.RaftServerConfigKeys (ConfUtils.java:logGet(44)) - raft.server.storage.dir = [/github/workspace/hadoop-ozone/integration-test/target/test-dir/MiniOzoneClusterImpl-54c97517-776f-4ce9-b1d6-5922e4042064/datanode-0/data/ratis] (custom)
2020-04-03 12:22:42,995 [pool-563-thread-1] INFO  server.RaftServerConfigKeys (ConfUtils.java:logGet(44)) - raft.server.log.corruption.policy = EXCEPTION (default)
2020-04-03 12:22:42,995 [pool-563-thread-1] INFO  storage.RaftStorageDirectory (RaftStorageDirectory.java:analyzeStorage(253)) - The storage directory /github/workspace/hadoop-ozone/integration-test/target/test-dir/MiniOzoneClusterImpl-54c97517-776f-4ce9-b1d6-5922e4042064/datanode-0/data/ratis/24efe3c7-eeac-4a70-9691-fa17f83450af does not exist. Creating ...
2020-04-03 12:22:42,997 [pool-563-thread-1] INFO  storage.RaftStorageDirectory (RaftStorageDirectory.java:tryLock(335)) - Lock on /github/workspace/hadoop-ozone/integration-test/target/test-dir/MiniOzoneClusterImpl-54c97517-776f-4ce9-b1d6-5922e4042064/datanode-0/data/ratis/24efe3c7-eeac-4a70-9691-fa17f83450af/in_use.lock acquired by nodename 13457@bc31a1f7cf94
2020-04-03 12:22:42,998 [pool-563-thread-1] INFO  storage.RaftStorage (RaftStorage.java:format(84)) - Storage directory /github/workspace/hadoop-ozone/integration-test/target/test-dir/MiniOzoneClusterImpl-54c97517-776f-4ce9-b1d6-5922e4042064/datanode-0/data/ratis/24efe3c7-eeac-4a70-9691-fa17f83450af has been successfully formatted.
2020-04-03 12:22:42,998 [pool-563-thread-1] INFO  ratis.ContainerStateMachine (ContainerStateMachine.java:loadSnapshot(233)) - group-FA17F83450AF: The snapshot info is null. Setting the last applied indexto:(t:0, i:~)
2020-04-03 12:22:42,998 [pool-563-thread-1] INFO  server.RaftServerConfigKeys (ConfUtils.java:logGet(44)) - raft.server.notification.no-leader.timeout = 60s (default)
2020-04-03 12:22:42,998 [pool-563-thread-1] INFO  server.RaftServerConfigKeys (ConfUtils.java:logGet(44)) - raft.server.log.use.memory = false (default)
2020-04-03 12:22:42,998 [pool-563-thread-1] INFO  server.RaftServerConfigKeys (ConfUtils.java:logGet(44)) - raft.server.log.purge.gap = 1000000 (custom)
2020-04-03 12:22:42,999 [pool-563-thread-1] INFO  server.RaftServerConfigKeys (ConfUtils.java:logGet(44)) - raft.server.log.appender.buffer.byte-limit = 33554432 (custom)
2020-04-03 12:22:42,999 [pool-563-thread-1] INFO  server.RaftServerConfigKeys (ConfUtils.java:logGet(44)) - raft.server.log.segment.size.max = 1048576 (custom)
2020-04-03 12:22:42,999 [pool-563-thread-1] INFO  server.RaftServerConfigKeys (ConfUtils.java:logGet(44)) - raft.server.log.segment.cache.num.max = 2 (custom)
2020-04-03 12:22:42,999 [pool-563-thread-1] INFO  segmented.SegmentedRaftLogWorker (SegmentedRaftLogWorker.java:<init>(176)) - new 60104982-6318-49fc-a8c7-671d7edb1a00@group-FA17F83450AF-SegmentedRaftLogWorker for RaftStorage:Storage Directory /github/workspace/hadoop-ozone/integration-test/target/test-dir/MiniOzoneClusterImpl-54c97517-776f-4ce9-b1d6-5922e4042064/datanode-0/data/ratis/24efe3c7-eeac-4a70-9691-fa17f83450af
2020-04-03 12:22:42,999 [pool-563-thread-1] INFO  server.RaftServerConfigKeys (ConfUtils.java:logGet(44)) - raft.server.log.queue.byte-limit = 2147483647 (custom)
2020-04-03 12:22:42,999 [pool-563-thread-1] INFO  server.RaftServerConfigKeys (ConfUtils.java:logGet(44)) - raft.server.log.queue.element-limit = 1024 (custom)
2020-04-03 12:22:42,999 [pool-563-thread-1] INFO  server.RaftServerConfigKeys (ConfUtils.java:logGet(44)) - raft.server.log.segment.size.max = 1048576 (custom)
2020-04-03 12:22:42,999 [pool-563-thread-1] INFO  server.RaftServerConfigKeys (ConfUtils.java:logGet(44)) - raft.server.log.preallocated.size = 16384 (custom)
2020-04-03 12:22:42,999 [pool-563-thread-1] INFO  server.RaftServerConfigKeys (ConfUtils.java:logGet(44)) - raft.server.log.write.buffer.size = 1048576 (custom)
2020-04-03 12:22:42,999 [pool-563-thread-1] INFO  server.RaftServerConfigKeys (ConfUtils.java:logGet(44)) - raft.server.log.force.sync.num = 128 (default)
2020-04-03 12:22:42,999 [pool-563-thread-1] INFO  server.RaftServerConfigKeys (ConfUtils.java:logGet(44)) - raft.server.log.statemachine.data.sync = true (default)
2020-04-03 12:22:43,000 [pool-563-thread-1] INFO  server.RaftServerConfigKeys (ConfUtils.java:logGet(44)) - raft.server.log.statemachine.data.sync.timeout = 10s (default)
2020-04-03 12:22:43,000 [pool-563-thread-1] INFO  server.RaftServerConfigKeys (ConfUtils.java:logGet(44)) - raft.server.log.statemachine.data.sync.timeout.retry = -1 (default)
2020-04-03 12:22:43,000 [pool-563-thread-1] INFO  server.RaftServerConfigKeys (ConfUtils.java:logGet(44)) - raft.server.log.statemachine.data.caching.enabled = true (custom)
2020-04-03 12:22:43,000 [pool-563-thread-1] INFO  segmented.SegmentedRaftLogWorker (SegmentedRaftLogWorker.java:lambda$new$0(129)) - 60104982-6318-49fc-a8c7-671d7edb1a00@group-FA17F83450AF-SegmentedRaftLogWorker: flushIndex: setUnconditionally 0 -> -1
2020-04-03 12:22:43,001 [pool-563-thread-1] INFO  server.RaftServerConfigKeys (ConfUtils.java:logGet(44)) - raft.server.snapshot.auto.trigger.enabled = true (custom)
2020-04-03 12:22:43,001 [pool-563-thread-1] INFO  server.RaftServerConfigKeys (ConfUtils.java:logGet(44)) - raft.server.snapshot.auto.trigger.threshold = 10000 (custom)
2020-04-03 12:22:43,001 [pool-563-thread-1] INFO  server.RaftServerConfigKeys (ConfUtils.java:logGet(44)) - raft.server.snapshot.retention.file.num = 5 (custom)
2020-04-03 12:22:43,001 [pool-563-thread-1] INFO  server.RaftServerConfigKeys (ConfUtils.java:logGet(44)) - raft.server.retrycache.expirytime = 600000ms (custom)
2020-04-03 12:22:43,001 [pool-563-thread-1] INFO  metrics.RatisMetrics (RatisMetrics.java:lambda$create$0(39)) - Creating Metrics Registry : ratis.leader_election.60104982-6318-49fc-a8c7-671d7edb1a00@group-FA17F83450AF
2020-04-03 12:22:43,002 [pool-563-thread-1] INFO  metrics.RatisMetrics (RatisMetrics.java:lambda$create$0(39)) - Creating Metrics Registry : ratis.server.60104982-6318-49fc-a8c7-671d7edb1a00@group-FA17F83450AF
2020-04-03 12:22:43,002 [pool-563-thread-1] INFO  impl.RaftServerImpl (RaftServerImpl.java:start(183)) - 60104982-6318-49fc-a8c7-671d7edb1a00@group-FA17F83450AF: start as a follower, conf=-1: [b4a43d29-118c-4b02-9b7b-443b0a36c06e:172.17.0.2:40513, 32bb5132-3190-4c64-bf84-ebbd3e705cf4:172.17.0.2:46159, 60104982-6318-49fc-a8c7-671d7edb1a00:172.17.0.2:37215], old=null
2020-04-03 12:22:43,002 [pool-563-thread-1] INFO  impl.RaftServerImpl (RaftServerImpl.java:setRole(172)) - 60104982-6318-49fc-a8c7-671d7edb1a00@group-FA17F83450AF: changes role from      null to FOLLOWER at term 0 for startAsFollower
2020-04-03 12:22:43,002 [pool-563-thread-1] INFO  impl.RoleInfo (RoleInfo.java:updateAndGet(143)) - 60104982-6318-49fc-a8c7-671d7edb1a00: start FollowerState
2020-04-03 12:22:43,003 [pool-563-thread-1] INFO  util.JmxRegister (JmxRegister.java:tryRegister(44)) - Successfully registered JMX Bean with object name Ratis:service=RaftServer,group=group-FA17F83450AF,id=60104982-6318-49fc-a8c7-671d7edb1a00
2020-04-03 12:22:43,003 [pool-563-thread-1] INFO  metrics.RatisMetrics (RatisMetrics.java:lambda$create$0(39)) - Creating Metrics Registry : ratis.state_machine.60104982-6318-49fc-a8c7-671d7edb1a00@group-FA17F83450AF
2020-04-03 12:22:43,017 [grpc-default-executor-6] INFO  impl.RaftServerProxy (RaftServerProxy.java:addNew(89)) - b4a43d29-118c-4b02-9b7b-443b0a36c06e: addNew group-FA17F83450AF:[b4a43d29-118c-4b02-9b7b-443b0a36c06e:172.17.0.2:40513, 32bb5132-3190-4c64-bf84-ebbd3e705cf4:172.17.0.2:46159, 60104982-6318-49fc-a8c7-671d7edb1a00:172.17.0.2:37215] returns group-FA17F83450AF:java.util.concurrent.CompletableFuture@3530ef2e[Not completed]
2020-04-03 12:22:43,018 [pool-593-thread-1] INFO  impl.RaftServerImpl (RaftServerImpl.java:<init>(97)) - b4a43d29-118c-4b02-9b7b-443b0a36c06e: new RaftServerImpl for group-FA17F83450AF:[b4a43d29-118c-4b02-9b7b-443b0a36c06e:172.17.0.2:40513, 32bb5132-3190-4c64-bf84-ebbd3e705cf4:172.17.0.2:46159, 60104982-6318-49fc-a8c7-671d7edb1a00:172.17.0.2:37215] with ContainerStateMachine:uninitialized
2020-04-03 12:22:43,018 [pool-593-thread-1] INFO  server.RaftServerConfigKeys (ConfUtils.java:logGet(44)) - raft.server.rpc.timeout.min = 5s (custom)
2020-04-03 12:22:43,019 [pool-593-thread-1] INFO  server.RaftServerConfigKeys (ConfUtils.java:logGet(44)) - raft.server.rpc.timeout.max = 5200ms (custom)
2020-04-03 12:22:43,019 [pool-593-thread-1] INFO  server.RaftServerConfigKeys (ConfUtils.java:logGet(44)) - raft.server.rpcslowness.timeout = 300s (custom)
2020-04-03 12:22:43,019 [pool-593-thread-1] INFO  server.RaftServerConfigKeys (ConfUtils.java:logGet(44)) - raft.server.sleep.deviation.threshold = 300 (default)
2020-04-03 12:22:43,019 [pool-593-thread-1] INFO  server.RaftServerConfigKeys (ConfUtils.java:logGet(44)) - raft.server.log.appender.install.snapshot.enabled = false (custom)
2020-04-03 12:22:43,019 [pool-593-thread-1] INFO  impl.RaftServerImpl (ServerState.java:<init>(103)) - b4a43d29-118c-4b02-9b7b-443b0a36c06e@group-FA17F83450AF: ConfigurationManager, init=-1: [b4a43d29-118c-4b02-9b7b-443b0a36c06e:172.17.0.2:40513, 32bb5132-3190-4c64-bf84-ebbd3e705cf4:172.17.0.2:46159, 60104982-6318-49fc-a8c7-671d7edb1a00:172.17.0.2:37215], old=null, confs=<EMPTY_MAP>
2020-04-03 12:22:43,019 [pool-593-thread-1] INFO  server.RaftServerConfigKeys (ConfUtils.java:logGet(44)) - raft.server.storage.dir = [/github/workspace/hadoop-ozone/integration-test/target/test-dir/MiniOzoneClusterImpl-54c97517-776f-4ce9-b1d6-5922e4042064/datanode-2/data/ratis] (custom)
2020-04-03 12:22:43,019 [pool-593-thread-1] INFO  server.RaftServerConfigKeys (ConfUtils.java:logGet(44)) - raft.server.log.corruption.policy = EXCEPTION (default)
2020-04-03 12:22:43,019 [pool-593-thread-1] INFO  storage.RaftStorageDirectory (RaftStorageDirectory.java:analyzeStorage(253)) - The storage directory /github/workspace/hadoop-ozone/integration-test/target/test-dir/MiniOzoneClusterImpl-54c97517-776f-4ce9-b1d6-5922e4042064/datanode-2/data/ratis/24efe3c7-eeac-4a70-9691-fa17f83450af does not exist. Creating ...
2020-04-03 12:22:43,021 [pool-593-thread-1] INFO  storage.RaftStorageDirectory (RaftStorageDirectory.java:tryLock(335)) - Lock on /github/workspace/hadoop-ozone/integration-test/target/test-dir/MiniOzoneClusterImpl-54c97517-776f-4ce9-b1d6-5922e4042064/datanode-2/data/ratis/24efe3c7-eeac-4a70-9691-fa17f83450af/in_use.lock acquired by nodename 13457@bc31a1f7cf94
2020-04-03 12:22:43,022 [pool-593-thread-1] INFO  storage.RaftStorage (RaftStorage.java:format(84)) - Storage directory /github/workspace/hadoop-ozone/integration-test/target/test-dir/MiniOzoneClusterImpl-54c97517-776f-4ce9-b1d6-5922e4042064/datanode-2/data/ratis/24efe3c7-eeac-4a70-9691-fa17f83450af has been successfully formatted.
2020-04-03 12:22:43,023 [pool-593-thread-1] INFO  ratis.ContainerStateMachine (ContainerStateMachine.java:loadSnapshot(233)) - group-FA17F83450AF: The snapshot info is null. Setting the last applied indexto:(t:0, i:~)
2020-04-03 12:22:43,023 [pool-593-thread-1] INFO  server.RaftServerConfigKeys (ConfUtils.java:logGet(44)) - raft.server.notification.no-leader.timeout = 60s (default)
2020-04-03 12:22:43,023 [pool-593-thread-1] INFO  server.RaftServerConfigKeys (ConfUtils.java:logGet(44)) - raft.server.log.use.memory = false (default)
2020-04-03 12:22:43,023 [pool-593-thread-1] INFO  server.RaftServerConfigKeys (ConfUtils.java:logGet(44)) - raft.server.log.purge.gap = 1000000 (custom)
2020-04-03 12:22:43,024 [pool-593-thread-1] INFO  server.RaftServerConfigKeys (ConfUtils.java:logGet(44)) - raft.server.log.appender.buffer.byte-limit = 33554432 (custom)
2020-04-03 12:22:43,024 [pool-593-thread-1] INFO  server.RaftServerConfigKeys (ConfUtils.java:logGet(44)) - raft.server.log.segment.size.max = 1048576 (custom)
2020-04-03 12:22:43,024 [pool-593-thread-1] INFO  metrics.RatisMetrics (RatisMetrics.java:lambda$create$0(39)) - Creating Metrics Registry : ratis.log_worker.b4a43d29-118c-4b02-9b7b-443b0a36c06e
2020-04-03 12:22:43,024 [pool-593-thread-1] INFO  server.RaftServerConfigKeys (ConfUtils.java:logGet(44)) - raft.server.log.segment.cache.num.max = 2 (custom)
2020-04-03 12:22:43,024 [pool-593-thread-1] INFO  segmented.SegmentedRaftLogWorker (SegmentedRaftLogWorker.java:<init>(176)) - new b4a43d29-118c-4b02-9b7b-443b0a36c06e@group-FA17F83450AF-SegmentedRaftLogWorker for RaftStorage:Storage Directory /github/workspace/hadoop-ozone/integration-test/target/test-dir/MiniOzoneClusterImpl-54c97517-776f-4ce9-b1d6-5922e4042064/datanode-2/data/ratis/24efe3c7-eeac-4a70-9691-fa17f83450af
2020-04-03 12:22:43,024 [pool-593-thread-1] INFO  server.RaftServerConfigKeys (ConfUtils.java:logGet(44)) - raft.server.log.queue.byte-limit = 2147483647 (custom)
2020-04-03 12:22:43,024 [pool-593-thread-1] INFO  server.RaftServerConfigKeys (ConfUtils.java:logGet(44)) - raft.server.log.queue.element-limit = 1024 (custom)
2020-04-03 12:22:43,024 [pool-593-thread-1] INFO  server.RaftServerConfigKeys (ConfUtils.java:logGet(44)) - raft.server.log.segment.size.max = 1048576 (custom)
2020-04-03 12:22:43,025 [pool-593-thread-1] INFO  server.RaftServerConfigKeys (ConfUtils.java:logGet(44)) - raft.server.log.preallocated.size = 16384 (custom)
2020-04-03 12:22:43,025 [pool-593-thread-1] INFO  server.RaftServerConfigKeys (ConfUtils.java:logGet(44)) - raft.server.log.write.buffer.size = 1048576 (custom)
2020-04-03 12:22:43,025 [pool-593-thread-1] INFO  server.RaftServerConfigKeys (ConfUtils.java:logGet(44)) - raft.server.log.force.sync.num = 128 (default)
2020-04-03 12:22:43,025 [pool-593-thread-1] INFO  server.RaftServerConfigKeys (ConfUtils.java:logGet(44)) - raft.server.log.statemachine.data.sync = true (default)
2020-04-03 12:22:43,025 [pool-593-thread-1] INFO  server.RaftServerConfigKeys (ConfUtils.java:logGet(44)) - raft.server.log.statemachine.data.sync.timeout = 10s (default)
2020-04-03 12:22:43,025 [pool-593-thread-1] INFO  server.RaftServerConfigKeys (ConfUtils.java:logGet(44)) - raft.server.log.statemachine.data.sync.timeout.retry = -1 (default)
2020-04-03 12:22:43,027 [pool-593-thread-1] INFO  server.RaftServerConfigKeys (ConfUtils.java:logGet(44)) - raft.server.log.statemachine.data.caching.enabled = true (custom)
2020-04-03 12:22:43,028 [pool-593-thread-1] INFO  segmented.SegmentedRaftLogWorker (SegmentedRaftLogWorker.java:lambda$new$0(129)) - b4a43d29-118c-4b02-9b7b-443b0a36c06e@group-FA17F83450AF-SegmentedRaftLogWorker: flushIndex: setUnconditionally 0 -> -1
2020-04-03 12:22:43,028 [pool-593-thread-1] INFO  server.RaftServerConfigKeys (ConfUtils.java:logGet(44)) - raft.server.snapshot.auto.trigger.enabled = true (custom)
2020-04-03 12:22:43,028 [pool-593-thread-1] INFO  server.RaftServerConfigKeys (ConfUtils.java:logGet(44)) - raft.server.snapshot.auto.trigger.threshold = 10000 (custom)
2020-04-03 12:22:43,028 [pool-593-thread-1] INFO  server.RaftServerConfigKeys (ConfUtils.java:logGet(44)) - raft.server.snapshot.retention.file.num = 5 (custom)
2020-04-03 12:22:43,028 [pool-593-thread-1] INFO  server.RaftServerConfigKeys (ConfUtils.java:logGet(44)) - raft.server.retrycache.expirytime = 600000ms (custom)
2020-04-03 12:22:43,028 [pool-593-thread-1] INFO  metrics.RatisMetrics (RatisMetrics.java:lambda$create$0(39)) - Creating Metrics Registry : ratis.leader_election.b4a43d29-118c-4b02-9b7b-443b0a36c06e@group-FA17F83450AF
2020-04-03 12:22:43,029 [pool-593-thread-1] INFO  metrics.RatisMetrics (RatisMetrics.java:lambda$create$0(39)) - Creating Metrics Registry : ratis.server.b4a43d29-118c-4b02-9b7b-443b0a36c06e@group-FA17F83450AF
2020-04-03 12:22:43,029 [pool-593-thread-1] INFO  impl.RaftServerImpl (RaftServerImpl.java:start(183)) - b4a43d29-118c-4b02-9b7b-443b0a36c06e@group-FA17F83450AF: start as a follower, conf=-1: [b4a43d29-118c-4b02-9b7b-443b0a36c06e:172.17.0.2:40513, 32bb5132-3190-4c64-bf84-ebbd3e705cf4:172.17.0.2:46159, 60104982-6318-49fc-a8c7-671d7edb1a00:172.17.0.2:37215], old=null
2020-04-03 12:22:43,030 [pool-593-thread-1] INFO  impl.RaftServerImpl (RaftServerImpl.java:setRole(172)) - b4a43d29-118c-4b02-9b7b-443b0a36c06e@group-FA17F83450AF: changes role from      null to FOLLOWER at term 0 for startAsFollower
2020-04-03 12:22:43,030 [pool-593-thread-1] INFO  impl.RoleInfo (RoleInfo.java:updateAndGet(143)) - b4a43d29-118c-4b02-9b7b-443b0a36c06e: start FollowerState
2020-04-03 12:22:43,031 [pool-593-thread-1] INFO  util.JmxRegister (JmxRegister.java:tryRegister(44)) - Successfully registered JMX Bean with object name Ratis:service=RaftServer,group=group-FA17F83450AF,id=b4a43d29-118c-4b02-9b7b-443b0a36c06e
2020-04-03 12:22:43,031 [pool-593-thread-1] INFO  metrics.RatisMetrics (RatisMetrics.java:lambda$create$0(39)) - Creating Metrics Registry : ratis.state_machine.b4a43d29-118c-4b02-9b7b-443b0a36c06e@group-FA17F83450AF
2020-04-03 12:22:43,040 [grpc-default-executor-6] INFO  impl.RaftServerProxy (RaftServerProxy.java:addNew(89)) - 32bb5132-3190-4c64-bf84-ebbd3e705cf4: addNew group-FA17F83450AF:[b4a43d29-118c-4b02-9b7b-443b0a36c06e:172.17.0.2:40513, 32bb5132-3190-4c64-bf84-ebbd3e705cf4:172.17.0.2:46159, 60104982-6318-49fc-a8c7-671d7edb1a00:172.17.0.2:37215] returns group-FA17F83450AF:java.util.concurrent.CompletableFuture@70d136b4[Not completed]
2020-04-03 12:22:43,040 [Command processor thread] INFO  impl.RaftServerProxy (RaftServerProxy.java:addNew(89)) - 32bb5132-3190-4c64-bf84-ebbd3e705cf4: addNew group-8509371C81B5:[32bb5132-3190-4c64-bf84-ebbd3e705cf4:172.17.0.2:46159] returns group-8509371C81B5:java.util.concurrent.CompletableFuture@b20670c[Not completed]
2020-04-03 12:22:43,041 [pool-578-thread-1] INFO  impl.RaftServerImpl (RaftServerImpl.java:<init>(97)) - 32bb5132-3190-4c64-bf84-ebbd3e705cf4: new RaftServerImpl for group-FA17F83450AF:[b4a43d29-118c-4b02-9b7b-443b0a36c06e:172.17.0.2:40513, 32bb5132-3190-4c64-bf84-ebbd3e705cf4:172.17.0.2:46159, 60104982-6318-49fc-a8c7-671d7edb1a00:172.17.0.2:37215] with ContainerStateMachine:uninitialized
2020-04-03 12:22:43,041 [pool-578-thread-1] INFO  server.RaftServerConfigKeys (ConfUtils.java:logGet(44)) - raft.server.rpc.timeout.min = 5s (custom)
2020-04-03 12:22:43,041 [pool-578-thread-1] INFO  server.RaftServerConfigKeys (ConfUtils.java:logGet(44)) - raft.server.rpc.timeout.max = 5200ms (custom)
2020-04-03 12:22:43,041 [pool-578-thread-1] INFO  server.RaftServerConfigKeys (ConfUtils.java:logGet(44)) - raft.server.rpcslowness.timeout = 300s (custom)
2020-04-03 12:22:43,042 [pool-578-thread-1] INFO  server.RaftServerConfigKeys (ConfUtils.java:logGet(44)) - raft.server.sleep.deviation.threshold = 300 (default)
2020-04-03 12:22:43,042 [pool-578-thread-1] INFO  server.RaftServerConfigKeys (ConfUtils.java:logGet(44)) - raft.server.log.appender.install.snapshot.enabled = false (custom)
2020-04-03 12:22:43,042 [pool-578-thread-1] INFO  impl.RaftServerImpl (ServerState.java:<init>(103)) - 32bb5132-3190-4c64-bf84-ebbd3e705cf4@group-FA17F83450AF: ConfigurationManager, init=-1: [b4a43d29-118c-4b02-9b7b-443b0a36c06e:172.17.0.2:40513, 32bb5132-3190-4c64-bf84-ebbd3e705cf4:172.17.0.2:46159, 60104982-6318-49fc-a8c7-671d7edb1a00:172.17.0.2:37215], old=null, confs=<EMPTY_MAP>
2020-04-03 12:22:43,042 [pool-578-thread-1] INFO  server.RaftServerConfigKeys (ConfUtils.java:logGet(44)) - raft.server.storage.dir = [/github/workspace/hadoop-ozone/integration-test/target/test-dir/MiniOzoneClusterImpl-54c97517-776f-4ce9-b1d6-5922e4042064/datanode-1/data/ratis] (custom)
2020-04-03 12:22:43,042 [pool-578-thread-1] INFO  server.RaftServerConfigKeys (ConfUtils.java:logGet(44)) - raft.server.log.corruption.policy = EXCEPTION (default)
2020-04-03 12:22:43,042 [pool-578-thread-1] INFO  storage.RaftStorageDirectory (RaftStorageDirectory.java:analyzeStorage(253)) - The storage directory /github/workspace/hadoop-ozone/integration-test/target/test-dir/MiniOzoneClusterImpl-54c97517-776f-4ce9-b1d6-5922e4042064/datanode-1/data/ratis/24efe3c7-eeac-4a70-9691-fa17f83450af does not exist. Creating ...
2020-04-03 12:22:43,044 [pool-578-thread-1] INFO  storage.RaftStorageDirectory (RaftStorageDirectory.java:tryLock(335)) - Lock on /github/workspace/hadoop-ozone/integration-test/target/test-dir/MiniOzoneClusterImpl-54c97517-776f-4ce9-b1d6-5922e4042064/datanode-1/data/ratis/24efe3c7-eeac-4a70-9691-fa17f83450af/in_use.lock acquired by nodename 13457@bc31a1f7cf94
2020-04-03 12:22:43,045 [pool-578-thread-1] INFO  storage.RaftStorage (RaftStorage.java:format(84)) - Storage directory /github/workspace/hadoop-ozone/integration-test/target/test-dir/MiniOzoneClusterImpl-54c97517-776f-4ce9-b1d6-5922e4042064/datanode-1/data/ratis/24efe3c7-eeac-4a70-9691-fa17f83450af has been successfully formatted.
2020-04-03 12:22:43,046 [pool-578-thread-1] INFO  ratis.ContainerStateMachine (ContainerStateMachine.java:loadSnapshot(233)) - group-FA17F83450AF: The snapshot info is null. Setting the last applied indexto:(t:0, i:~)
2020-04-03 12:22:43,047 [pool-578-thread-1] INFO  server.RaftServerConfigKeys (ConfUtils.java:logGet(44)) - raft.server.notification.no-leader.timeout = 60s (default)
2020-04-03 12:22:43,047 [pool-578-thread-1] INFO  server.RaftServerConfigKeys (ConfUtils.java:logGet(44)) - raft.server.log.use.memory = false (default)
2020-04-03 12:22:43,047 [pool-578-thread-1] INFO  server.RaftServerConfigKeys (ConfUtils.java:logGet(44)) - raft.server.log.purge.gap = 1000000 (custom)
2020-04-03 12:22:43,047 [EventQueue-PipelineReportForPipelineReportHandler] INFO  pipeline.PipelineStateManager (PipelineStateManager.java:openPipeline(131)) - Pipeline Pipeline[ Id: e8a5f3de-d803-4e95-a771-8509371c81b5, Nodes: 32bb5132-3190-4c64-bf84-ebbd3e705cf4{ip: 172.17.0.2, host: bc31a1f7cf94, networkLocation: /default-rack, certSerialId: null}, Type:RATIS, Factor:ONE, State:ALLOCATED, leaderId:32bb5132-3190-4c64-bf84-ebbd3e705cf4, CreationTimestamp2020-04-03T12:22:40.041Z] moved to OPEN state
2020-04-03 12:22:43,047 [EventQueue-OpenPipelineForOneReplicaPipelineSafeModeRule] INFO  safemode.SCMSafeModeManager (SCMSafeModeManager.java:validateSafeModeExitRules(175)) - AtleastOneDatanodeReportedRule rule is successfully validated
2020-04-03 12:22:43,047 [EventQueue-OpenPipelineForHealthyPipelineSafeModeRule] INFO  safemode.SCMSafeModeManager (HealthyPipelineSafeModeRule.java:process(131)) - SCM in safe mode. Healthy pipelines reported count is 0, required healthy pipeline reported count is 1
2020-04-03 12:22:43,047 [pool-578-thread-1] INFO  server.RaftServerConfigKeys (ConfUtils.java:logGet(44)) - raft.server.log.appender.buffer.byte-limit = 33554432 (custom)
2020-04-03 12:22:43,047 [pool-578-thread-1] INFO  server.RaftServerConfigKeys (ConfUtils.java:logGet(44)) - raft.server.log.segment.size.max = 1048576 (custom)
2020-04-03 12:22:43,048 [pool-578-thread-1] INFO  metrics.RatisMetrics (RatisMetrics.java:lambda$create$0(39)) - Creating Metrics Registry : ratis.log_worker.32bb5132-3190-4c64-bf84-ebbd3e705cf4
2020-04-03 12:22:43,048 [pool-578-thread-1] INFO  server.RaftServerConfigKeys (ConfUtils.java:logGet(44)) - raft.server.log.segment.cache.num.max = 2 (custom)
2020-04-03 12:22:43,048 [pool-578-thread-1] INFO  segmented.SegmentedRaftLogWorker (SegmentedRaftLogWorker.java:<init>(176)) - new 32bb5132-3190-4c64-bf84-ebbd3e705cf4@group-FA17F83450AF-SegmentedRaftLogWorker for RaftStorage:Storage Directory /github/workspace/hadoop-ozone/integration-test/target/test-dir/MiniOzoneClusterImpl-54c97517-776f-4ce9-b1d6-5922e4042064/datanode-1/data/ratis/24efe3c7-eeac-4a70-9691-fa17f83450af
2020-04-03 12:22:43,048 [pool-578-thread-1] INFO  server.RaftServerConfigKeys (ConfUtils.java:logGet(44)) - raft.server.log.queue.byte-limit = 2147483647 (custom)
2020-04-03 12:22:43,048 [pool-578-thread-1] INFO  server.RaftServerConfigKeys (ConfUtils.java:logGet(44)) - raft.server.log.queue.element-limit = 1024 (custom)
2020-04-03 12:22:43,048 [pool-578-thread-1] INFO  server.RaftServerConfigKeys (ConfUtils.java:logGet(44)) - raft.server.log.segment.size.max = 1048576 (custom)
2020-04-03 12:22:43,048 [pool-578-thread-1] INFO  server.RaftServerConfigKeys (ConfUtils.java:logGet(44)) - raft.server.log.preallocated.size = 16384 (custom)
2020-04-03 12:22:43,048 [pool-578-thread-1] INFO  server.RaftServerConfigKeys (ConfUtils.java:logGet(44)) - raft.server.log.write.buffer.size = 1048576 (custom)
2020-04-03 12:22:43,048 [pool-578-thread-1] INFO  server.RaftServerConfigKeys (ConfUtils.java:logGet(44)) - raft.server.log.force.sync.num = 128 (default)
2020-04-03 12:22:43,048 [pool-578-thread-1] INFO  server.RaftServerConfigKeys (ConfUtils.java:logGet(44)) - raft.server.log.statemachine.data.sync = true (default)
2020-04-03 12:22:43,048 [pool-578-thread-1] INFO  server.RaftServerConfigKeys (ConfUtils.java:logGet(44)) - raft.server.log.statemachine.data.sync.timeout = 10s (default)
2020-04-03 12:22:43,048 [pool-578-thread-1] INFO  server.RaftServerConfigKeys (ConfUtils.java:logGet(44)) - raft.server.log.statemachine.data.sync.timeout.retry = -1 (default)
2020-04-03 12:22:43,050 [pool-578-thread-1] INFO  server.RaftServerConfigKeys (ConfUtils.java:logGet(44)) - raft.server.log.statemachine.data.caching.enabled = true (custom)
2020-04-03 12:22:43,050 [pool-578-thread-1] INFO  segmented.SegmentedRaftLogWorker (SegmentedRaftLogWorker.java:lambda$new$0(129)) - 32bb5132-3190-4c64-bf84-ebbd3e705cf4@group-FA17F83450AF-SegmentedRaftLogWorker: flushIndex: setUnconditionally 0 -> -1
2020-04-03 12:22:43,051 [pool-578-thread-1] INFO  server.RaftServerConfigKeys (ConfUtils.java:logGet(44)) - raft.server.snapshot.auto.trigger.enabled = true (custom)
2020-04-03 12:22:43,051 [pool-578-thread-1] INFO  server.RaftServerConfigKeys (ConfUtils.java:logGet(44)) - raft.server.snapshot.auto.trigger.threshold = 10000 (custom)
2020-04-03 12:22:43,051 [pool-578-thread-1] INFO  server.RaftServerConfigKeys (ConfUtils.java:logGet(44)) - raft.server.snapshot.retention.file.num = 5 (custom)
2020-04-03 12:22:43,051 [pool-578-thread-1] INFO  server.RaftServerConfigKeys (ConfUtils.java:logGet(44)) - raft.server.retrycache.expirytime = 600000ms (custom)
2020-04-03 12:22:43,051 [pool-578-thread-1] INFO  metrics.RatisMetrics (RatisMetrics.java:lambda$create$0(39)) - Creating Metrics Registry : ratis.leader_election.32bb5132-3190-4c64-bf84-ebbd3e705cf4@group-FA17F83450AF
2020-04-03 12:22:43,052 [pool-578-thread-1] INFO  metrics.RatisMetrics (RatisMetrics.java:lambda$create$0(39)) - Creating Metrics Registry : ratis.server.32bb5132-3190-4c64-bf84-ebbd3e705cf4@group-FA17F83450AF
2020-04-03 12:22:43,053 [pool-578-thread-1] INFO  impl.RaftServerImpl (RaftServerImpl.java:<init>(97)) - 32bb5132-3190-4c64-bf84-ebbd3e705cf4: new RaftServerImpl for group-8509371C81B5:[32bb5132-3190-4c64-bf84-ebbd3e705cf4:172.17.0.2:46159] with ContainerStateMachine:uninitialized
2020-04-03 12:22:43,053 [pool-578-thread-1] INFO  server.RaftServerConfigKeys (ConfUtils.java:logGet(44)) - raft.server.rpc.timeout.min = 5s (custom)
2020-04-03 12:22:43,053 [pool-578-thread-1] INFO  server.RaftServerConfigKeys (ConfUtils.java:logGet(44)) - raft.server.rpc.timeout.max = 5200ms (custom)
2020-04-03 12:22:43,053 [pool-578-thread-1] INFO  server.RaftServerConfigKeys (ConfUtils.java:logGet(44)) - raft.server.rpcslowness.timeout = 300s (custom)
2020-04-03 12:22:43,053 [pool-578-thread-1] INFO  server.RaftServerConfigKeys (ConfUtils.java:logGet(44)) - raft.server.sleep.deviation.threshold = 300 (default)
2020-04-03 12:22:43,053 [pool-578-thread-1] INFO  server.RaftServerConfigKeys (ConfUtils.java:logGet(44)) - raft.server.log.appender.install.snapshot.enabled = false (custom)
2020-04-03 12:22:43,053 [pool-578-thread-1] INFO  impl.RaftServerImpl (ServerState.java:<init>(103)) - 32bb5132-3190-4c64-bf84-ebbd3e705cf4@group-8509371C81B5: ConfigurationManager, init=-1: [32bb5132-3190-4c64-bf84-ebbd3e705cf4:172.17.0.2:46159], old=null, confs=<EMPTY_MAP>
2020-04-03 12:22:43,053 [pool-578-thread-1] INFO  server.RaftServerConfigKeys (ConfUtils.java:logGet(44)) - raft.server.storage.dir = [/github/workspace/hadoop-ozone/integration-test/target/test-dir/MiniOzoneClusterImpl-54c97517-776f-4ce9-b1d6-5922e4042064/datanode-1/data/ratis] (custom)
2020-04-03 12:22:43,053 [pool-578-thread-1] INFO  server.RaftServerConfigKeys (ConfUtils.java:logGet(44)) - raft.server.log.corruption.policy = EXCEPTION (default)
2020-04-03 12:22:43,054 [pool-578-thread-1] INFO  storage.RaftStorageDirectory (RaftStorageDirectory.java:analyzeStorage(253)) - The storage directory /github/workspace/hadoop-ozone/integration-test/target/test-dir/MiniOzoneClusterImpl-54c97517-776f-4ce9-b1d6-5922e4042064/datanode-1/data/ratis/e8a5f3de-d803-4e95-a771-8509371c81b5 does not exist. Creating ...
2020-04-03 12:22:43,055 [pool-578-thread-1] INFO  storage.RaftStorageDirectory (RaftStorageDirectory.java:tryLock(335)) - Lock on /github/workspace/hadoop-ozone/integration-test/target/test-dir/MiniOzoneClusterImpl-54c97517-776f-4ce9-b1d6-5922e4042064/datanode-1/data/ratis/e8a5f3de-d803-4e95-a771-8509371c81b5/in_use.lock acquired by nodename 13457@bc31a1f7cf94
2020-04-03 12:22:43,056 [pool-578-thread-1] INFO  storage.RaftStorage (RaftStorage.java:format(84)) - Storage directory /github/workspace/hadoop-ozone/integration-test/target/test-dir/MiniOzoneClusterImpl-54c97517-776f-4ce9-b1d6-5922e4042064/datanode-1/data/ratis/e8a5f3de-d803-4e95-a771-8509371c81b5 has been successfully formatted.
2020-04-03 12:22:43,056 [pool-578-thread-1] INFO  ratis.ContainerStateMachine (ContainerStateMachine.java:loadSnapshot(233)) - group-8509371C81B5: The snapshot info is null. Setting the last applied indexto:(t:0, i:~)
2020-04-03 12:22:43,056 [pool-578-thread-1] INFO  server.RaftServerConfigKeys (ConfUtils.java:logGet(44)) - raft.server.notification.no-leader.timeout = 60s (default)
2020-04-03 12:22:43,056 [pool-578-thread-1] INFO  server.RaftServerConfigKeys (ConfUtils.java:logGet(44)) - raft.server.log.use.memory = false (default)
2020-04-03 12:22:43,061 [pool-578-thread-1] INFO  server.RaftServerConfigKeys (ConfUtils.java:logGet(44)) - raft.server.log.purge.gap = 1000000 (custom)
2020-04-03 12:22:43,061 [pool-578-thread-1] INFO  server.RaftServerConfigKeys (ConfUtils.java:logGet(44)) - raft.server.log.appender.buffer.byte-limit = 33554432 (custom)
2020-04-03 12:22:43,061 [pool-578-thread-1] INFO  server.RaftServerConfigKeys (ConfUtils.java:logGet(44)) - raft.server.log.segment.size.max = 1048576 (custom)
2020-04-03 12:22:43,061 [pool-578-thread-1] INFO  server.RaftServerConfigKeys (ConfUtils.java:logGet(44)) - raft.server.log.segment.cache.num.max = 2 (custom)
2020-04-03 12:22:43,062 [pool-578-thread-1] INFO  segmented.SegmentedRaftLogWorker (SegmentedRaftLogWorker.java:<init>(176)) - new 32bb5132-3190-4c64-bf84-ebbd3e705cf4@group-8509371C81B5-SegmentedRaftLogWorker for RaftStorage:Storage Directory /github/workspace/hadoop-ozone/integration-test/target/test-dir/MiniOzoneClusterImpl-54c97517-776f-4ce9-b1d6-5922e4042064/datanode-1/data/ratis/e8a5f3de-d803-4e95-a771-8509371c81b5
2020-04-03 12:22:43,062 [pool-578-thread-1] INFO  server.RaftServerConfigKeys (ConfUtils.java:logGet(44)) - raft.server.log.queue.byte-limit = 2147483647 (custom)
2020-04-03 12:22:43,062 [pool-578-thread-1] INFO  server.RaftServerConfigKeys (ConfUtils.java:logGet(44)) - raft.server.log.queue.element-limit = 1024 (custom)
2020-04-03 12:22:43,062 [pool-578-thread-1] INFO  server.RaftServerConfigKeys (ConfUtils.java:logGet(44)) - raft.server.log.segment.size.max = 1048576 (custom)
2020-04-03 12:22:43,062 [pool-578-thread-1] INFO  server.RaftServerConfigKeys (ConfUtils.java:logGet(44)) - raft.server.log.preallocated.size = 16384 (custom)
2020-04-03 12:22:43,062 [pool-578-thread-1] INFO  server.RaftServerConfigKeys (ConfUtils.java:logGet(44)) - raft.server.log.write.buffer.size = 1048576 (custom)
2020-04-03 12:22:43,062 [pool-578-thread-1] INFO  server.RaftServerConfigKeys (ConfUtils.java:logGet(44)) - raft.server.log.force.sync.num = 128 (default)
2020-04-03 12:22:43,062 [pool-578-thread-1] INFO  server.RaftServerConfigKeys (ConfUtils.java:logGet(44)) - raft.server.log.statemachine.data.sync = true (default)
2020-04-03 12:22:43,062 [pool-578-thread-1] INFO  server.RaftServerConfigKeys (ConfUtils.java:logGet(44)) - raft.server.log.statemachine.data.sync.timeout = 10s (default)
2020-04-03 12:22:43,062 [pool-578-thread-1] INFO  server.RaftServerConfigKeys (ConfUtils.java:logGet(44)) - raft.server.log.statemachine.data.sync.timeout.retry = -1 (default)
2020-04-03 12:22:43,063 [pool-578-thread-1] INFO  server.RaftServerConfigKeys (ConfUtils.java:logGet(44)) - raft.server.log.statemachine.data.caching.enabled = true (custom)
2020-04-03 12:22:43,063 [pool-578-thread-1] INFO  segmented.SegmentedRaftLogWorker (SegmentedRaftLogWorker.java:lambda$new$0(129)) - 32bb5132-3190-4c64-bf84-ebbd3e705cf4@group-8509371C81B5-SegmentedRaftLogWorker: flushIndex: setUnconditionally 0 -> -1
2020-04-03 12:22:43,063 [pool-578-thread-1] INFO  server.RaftServerConfigKeys (ConfUtils.java:logGet(44)) - raft.server.snapshot.auto.trigger.enabled = true (custom)
2020-04-03 12:22:43,063 [pool-578-thread-1] INFO  server.RaftServerConfigKeys (ConfUtils.java:logGet(44)) - raft.server.snapshot.auto.trigger.threshold = 10000 (custom)
2020-04-03 12:22:43,063 [pool-578-thread-1] INFO  server.RaftServerConfigKeys (ConfUtils.java:logGet(44)) - raft.server.snapshot.retention.file.num = 5 (custom)
2020-04-03 12:22:43,063 [pool-578-thread-1] INFO  server.RaftServerConfigKeys (ConfUtils.java:logGet(44)) - raft.server.retrycache.expirytime = 600000ms (custom)
2020-04-03 12:22:43,063 [pool-578-thread-1] INFO  metrics.RatisMetrics (RatisMetrics.java:lambda$create$0(39)) - Creating Metrics Registry : ratis.leader_election.32bb5132-3190-4c64-bf84-ebbd3e705cf4@group-8509371C81B5
2020-04-03 12:22:43,064 [pool-578-thread-1] INFO  metrics.RatisMetrics (RatisMetrics.java:lambda$create$0(39)) - Creating Metrics Registry : ratis.server.32bb5132-3190-4c64-bf84-ebbd3e705cf4@group-8509371C81B5
2020-04-03 12:22:43,065 [pool-578-thread-1] INFO  impl.RaftServerImpl (RaftServerImpl.java:start(183)) - 32bb5132-3190-4c64-bf84-ebbd3e705cf4@group-FA17F83450AF: start as a follower, conf=-1: [b4a43d29-118c-4b02-9b7b-443b0a36c06e:172.17.0.2:40513, 32bb5132-3190-4c64-bf84-ebbd3e705cf4:172.17.0.2:46159, 60104982-6318-49fc-a8c7-671d7edb1a00:172.17.0.2:37215], old=null
2020-04-03 12:22:43,065 [pool-578-thread-1] INFO  impl.RaftServerImpl (RaftServerImpl.java:setRole(172)) - 32bb5132-3190-4c64-bf84-ebbd3e705cf4@group-FA17F83450AF: changes role from      null to FOLLOWER at term 0 for startAsFollower
2020-04-03 12:22:43,065 [pool-578-thread-1] INFO  impl.RoleInfo (RoleInfo.java:updateAndGet(143)) - 32bb5132-3190-4c64-bf84-ebbd3e705cf4: start FollowerState
2020-04-03 12:22:43,065 [pool-578-thread-1] INFO  util.JmxRegister (JmxRegister.java:tryRegister(44)) - Successfully registered JMX Bean with object name Ratis:service=RaftServer,group=group-FA17F83450AF,id=32bb5132-3190-4c64-bf84-ebbd3e705cf4
2020-04-03 12:22:43,065 [pool-578-thread-1] INFO  metrics.RatisMetrics (RatisMetrics.java:lambda$create$0(39)) - Creating Metrics Registry : ratis.state_machine.32bb5132-3190-4c64-bf84-ebbd3e705cf4@group-FA17F83450AF
2020-04-03 12:22:43,066 [pool-578-thread-1] INFO  impl.RaftServerImpl (RaftServerImpl.java:start(183)) - 32bb5132-3190-4c64-bf84-ebbd3e705cf4@group-8509371C81B5: start as a follower, conf=-1: [32bb5132-3190-4c64-bf84-ebbd3e705cf4:172.17.0.2:46159], old=null
2020-04-03 12:22:43,066 [pool-578-thread-1] INFO  impl.RaftServerImpl (RaftServerImpl.java:setRole(172)) - 32bb5132-3190-4c64-bf84-ebbd3e705cf4@group-8509371C81B5: changes role from      null to FOLLOWER at term 0 for startAsFollower
2020-04-03 12:22:43,066 [pool-578-thread-1] INFO  impl.RoleInfo (RoleInfo.java:updateAndGet(143)) - 32bb5132-3190-4c64-bf84-ebbd3e705cf4: start FollowerState
2020-04-03 12:22:43,068 [pool-578-thread-1] INFO  util.JmxRegister (JmxRegister.java:tryRegister(44)) - Successfully registered JMX Bean with object name Ratis:service=RaftServer,group=group-8509371C81B5,id=32bb5132-3190-4c64-bf84-ebbd3e705cf4
2020-04-03 12:22:43,068 [pool-578-thread-1] INFO  metrics.RatisMetrics (RatisMetrics.java:lambda$create$0(39)) - Creating Metrics Registry : ratis.state_machine.32bb5132-3190-4c64-bf84-ebbd3e705cf4@group-8509371C81B5
2020-04-03 12:22:43,069 [Command processor thread] INFO  commandhandler.CreatePipelineCommandHandler (CreatePipelineCommandHandler.java:handle(112)) - Created Pipeline RATIS ONE #id: "e8a5f3de-d803-4e95-a771-8509371c81b5"
.
2020-04-03 12:22:43,069 [Command processor thread] INFO  impl.RaftServerProxy (RaftServerProxy.java:addNew(89)) - 32bb5132-3190-4c64-bf84-ebbd3e705cf4: addNew group-9B462AAFDDCD:[32bb5132-3190-4c64-bf84-ebbd3e705cf4:172.17.0.2:46159, b4a43d29-118c-4b02-9b7b-443b0a36c06e:172.17.0.2:40513, 60104982-6318-49fc-a8c7-671d7edb1a00:172.17.0.2:37215] returns group-9B462AAFDDCD:java.util.concurrent.CompletableFuture@5e78818[Not completed]
2020-04-03 12:22:43,070 [pool-578-thread-1] INFO  impl.RaftServerImpl (RaftServerImpl.java:<init>(97)) - 32bb5132-3190-4c64-bf84-ebbd3e705cf4: new RaftServerImpl for group-9B462AAFDDCD:[32bb5132-3190-4c64-bf84-ebbd3e705cf4:172.17.0.2:46159, b4a43d29-118c-4b02-9b7b-443b0a36c06e:172.17.0.2:40513, 60104982-6318-49fc-a8c7-671d7edb1a00:172.17.0.2:37215] with ContainerStateMachine:uninitialized
2020-04-03 12:22:43,070 [pool-578-thread-1] INFO  server.RaftServerConfigKeys (ConfUtils.java:logGet(44)) - raft.server.rpc.timeout.min = 5s (custom)
2020-04-03 12:22:43,070 [pool-578-thread-1] INFO  server.RaftServerConfigKeys (ConfUtils.java:logGet(44)) - raft.server.rpc.timeout.max = 5200ms (custom)
2020-04-03 12:22:43,070 [pool-578-thread-1] INFO  server.RaftServerConfigKeys (ConfUtils.java:logGet(44)) - raft.server.rpcslowness.timeout = 300s (custom)
2020-04-03 12:22:43,070 [pool-578-thread-1] INFO  server.RaftServerConfigKeys (ConfUtils.java:logGet(44)) - raft.server.sleep.deviation.threshold = 300 (default)
2020-04-03 12:22:43,070 [pool-578-thread-1] INFO  server.RaftServerConfigKeys (ConfUtils.java:logGet(44)) - raft.server.log.appender.install.snapshot.enabled = false (custom)
2020-04-03 12:22:43,070 [pool-578-thread-1] INFO  impl.RaftServerImpl (ServerState.java:<init>(103)) - 32bb5132-3190-4c64-bf84-ebbd3e705cf4@group-9B462AAFDDCD: ConfigurationManager, init=-1: [32bb5132-3190-4c64-bf84-ebbd3e705cf4:172.17.0.2:46159, b4a43d29-118c-4b02-9b7b-443b0a36c06e:172.17.0.2:40513, 60104982-6318-49fc-a8c7-671d7edb1a00:172.17.0.2:37215], old=null, confs=<EMPTY_MAP>
2020-04-03 12:22:43,070 [pool-578-thread-1] INFO  server.RaftServerConfigKeys (ConfUtils.java:logGet(44)) - raft.server.storage.dir = [/github/workspace/hadoop-ozone/integration-test/target/test-dir/MiniOzoneClusterImpl-54c97517-776f-4ce9-b1d6-5922e4042064/datanode-1/data/ratis] (custom)
2020-04-03 12:22:43,071 [pool-578-thread-1] INFO  server.RaftServerConfigKeys (ConfUtils.java:logGet(44)) - raft.server.log.corruption.policy = EXCEPTION (default)
2020-04-03 12:22:43,071 [pool-578-thread-1] INFO  storage.RaftStorageDirectory (RaftStorageDirectory.java:analyzeStorage(253)) - The storage directory /github/workspace/hadoop-ozone/integration-test/target/test-dir/MiniOzoneClusterImpl-54c97517-776f-4ce9-b1d6-5922e4042064/datanode-1/data/ratis/596afeba-ad50-4139-8e2d-9b462aafddcd does not exist. Creating ...
2020-04-03 12:22:43,072 [pool-578-thread-1] INFO  storage.RaftStorageDirectory (RaftStorageDirectory.java:tryLock(335)) - Lock on /github/workspace/hadoop-ozone/integration-test/target/test-dir/MiniOzoneClusterImpl-54c97517-776f-4ce9-b1d6-5922e4042064/datanode-1/data/ratis/596afeba-ad50-4139-8e2d-9b462aafddcd/in_use.lock acquired by nodename 13457@bc31a1f7cf94
2020-04-03 12:22:43,073 [Command processor thread] INFO  commandhandler.CreatePipelineCommandHandler (CreatePipelineCommandHandler.java:handle(112)) - Created Pipeline RATIS THREE #id: "24efe3c7-eeac-4a70-9691-fa17f83450af"
.
2020-04-03 12:22:43,073 [Command processor thread] INFO  impl.RaftServerProxy (RaftServerProxy.java:addNew(89)) - 60104982-6318-49fc-a8c7-671d7edb1a00: addNew group-9B462AAFDDCD:[32bb5132-3190-4c64-bf84-ebbd3e705cf4:172.17.0.2:46159, b4a43d29-118c-4b02-9b7b-443b0a36c06e:172.17.0.2:40513, 60104982-6318-49fc-a8c7-671d7edb1a00:172.17.0.2:37215] returns group-9B462AAFDDCD:java.util.concurrent.CompletableFuture@50962442[Not completed]
2020-04-03 12:22:43,074 [pool-563-thread-1] INFO  impl.RaftServerImpl (RaftServerImpl.java:<init>(97)) - 60104982-6318-49fc-a8c7-671d7edb1a00: new RaftServerImpl for group-9B462AAFDDCD:[32bb5132-3190-4c64-bf84-ebbd3e705cf4:172.17.0.2:46159, b4a43d29-118c-4b02-9b7b-443b0a36c06e:172.17.0.2:40513, 60104982-6318-49fc-a8c7-671d7edb1a00:172.17.0.2:37215] with ContainerStateMachine:uninitialized
2020-04-03 12:22:43,074 [pool-563-thread-1] INFO  server.RaftServerConfigKeys (ConfUtils.java:logGet(44)) - raft.server.rpc.timeout.min = 5s (custom)
2020-04-03 12:22:43,074 [pool-563-thread-1] INFO  server.RaftServerConfigKeys (ConfUtils.java:logGet(44)) - raft.server.rpc.timeout.max = 5200ms (custom)
2020-04-03 12:22:43,074 [pool-563-thread-1] INFO  server.RaftServerConfigKeys (ConfUtils.java:logGet(44)) - raft.server.rpcslowness.timeout = 300s (custom)
2020-04-03 12:22:43,074 [pool-563-thread-1] INFO  server.RaftServerConfigKeys (ConfUtils.java:logGet(44)) - raft.server.sleep.deviation.threshold = 300 (default)
2020-04-03 12:22:43,074 [pool-563-thread-1] INFO  server.RaftServerConfigKeys (ConfUtils.java:logGet(44)) - raft.server.log.appender.install.snapshot.enabled = false (custom)
2020-04-03 12:22:43,075 [pool-563-thread-1] INFO  impl.RaftServerImpl (ServerState.java:<init>(103)) - 60104982-6318-49fc-a8c7-671d7edb1a00@group-9B462AAFDDCD: ConfigurationManager, init=-1: [32bb5132-3190-4c64-bf84-ebbd3e705cf4:172.17.0.2:46159, b4a43d29-118c-4b02-9b7b-443b0a36c06e:172.17.0.2:40513, 60104982-6318-49fc-a8c7-671d7edb1a00:172.17.0.2:37215], old=null, confs=<EMPTY_MAP>
2020-04-03 12:22:43,075 [pool-563-thread-1] INFO  server.RaftServerConfigKeys (ConfUtils.java:logGet(44)) - raft.server.storage.dir = [/github/workspace/hadoop-ozone/integration-test/target/test-dir/MiniOzoneClusterImpl-54c97517-776f-4ce9-b1d6-5922e4042064/datanode-0/data/ratis] (custom)
2020-04-03 12:22:43,075 [pool-563-thread-1] INFO  server.RaftServerConfigKeys (ConfUtils.java:logGet(44)) - raft.server.log.corruption.policy = EXCEPTION (default)
2020-04-03 12:22:43,075 [pool-563-thread-1] INFO  storage.RaftStorageDirectory (RaftStorageDirectory.java:analyzeStorage(253)) - The storage directory /github/workspace/hadoop-ozone/integration-test/target/test-dir/MiniOzoneClusterImpl-54c97517-776f-4ce9-b1d6-5922e4042064/datanode-0/data/ratis/596afeba-ad50-4139-8e2d-9b462aafddcd does not exist. Creating ...
2020-04-03 12:22:43,076 [pool-563-thread-1] INFO  storage.RaftStorageDirectory (RaftStorageDirectory.java:tryLock(335)) - Lock on /github/workspace/hadoop-ozone/integration-test/target/test-dir/MiniOzoneClusterImpl-54c97517-776f-4ce9-b1d6-5922e4042064/datanode-0/data/ratis/596afeba-ad50-4139-8e2d-9b462aafddcd/in_use.lock acquired by nodename 13457@bc31a1f7cf94
2020-04-03 12:22:43,076 [pool-578-thread-1] INFO  storage.RaftStorage (RaftStorage.java:format(84)) - Storage directory /github/workspace/hadoop-ozone/integration-test/target/test-dir/MiniOzoneClusterImpl-54c97517-776f-4ce9-b1d6-5922e4042064/datanode-1/data/ratis/596afeba-ad50-4139-8e2d-9b462aafddcd has been successfully formatted.
2020-04-03 12:22:43,077 [pool-578-thread-1] INFO  ratis.ContainerStateMachine (ContainerStateMachine.java:loadSnapshot(233)) - group-9B462AAFDDCD: The snapshot info is null. Setting the last applied indexto:(t:0, i:~)
2020-04-03 12:22:43,077 [pool-578-thread-1] INFO  server.RaftServerConfigKeys (ConfUtils.java:logGet(44)) - raft.server.notification.no-leader.timeout = 60s (default)
2020-04-03 12:22:43,077 [pool-578-thread-1] INFO  server.RaftServerConfigKeys (ConfUtils.java:logGet(44)) - raft.server.log.use.memory = false (default)
2020-04-03 12:22:43,077 [pool-563-thread-1] INFO  storage.RaftStorage (RaftStorage.java:format(84)) - Storage directory /github/workspace/hadoop-ozone/integration-test/target/test-dir/MiniOzoneClusterImpl-54c97517-776f-4ce9-b1d6-5922e4042064/datanode-0/data/ratis/596afeba-ad50-4139-8e2d-9b462aafddcd has been successfully formatted.
2020-04-03 12:22:43,078 [pool-578-thread-1] INFO  server.RaftServerConfigKeys (ConfUtils.java:logGet(44)) - raft.server.log.purge.gap = 1000000 (custom)
2020-04-03 12:22:43,078 [pool-578-thread-1] INFO  server.RaftServerConfigKeys (ConfUtils.java:logGet(44)) - raft.server.log.appender.buffer.byte-limit = 33554432 (custom)
2020-04-03 12:22:43,078 [pool-578-thread-1] INFO  server.RaftServerConfigKeys (ConfUtils.java:logGet(44)) - raft.server.log.segment.size.max = 1048576 (custom)
2020-04-03 12:22:43,079 [pool-578-thread-1] INFO  server.RaftServerConfigKeys (ConfUtils.java:logGet(44)) - raft.server.log.segment.cache.num.max = 2 (custom)
2020-04-03 12:22:43,079 [pool-578-thread-1] INFO  segmented.SegmentedRaftLogWorker (SegmentedRaftLogWorker.java:<init>(176)) - new 32bb5132-3190-4c64-bf84-ebbd3e705cf4@group-9B462AAFDDCD-SegmentedRaftLogWorker for RaftStorage:Storage Directory /github/workspace/hadoop-ozone/integration-test/target/test-dir/MiniOzoneClusterImpl-54c97517-776f-4ce9-b1d6-5922e4042064/datanode-1/data/ratis/596afeba-ad50-4139-8e2d-9b462aafddcd
2020-04-03 12:22:43,079 [pool-578-thread-1] INFO  server.RaftServerConfigKeys (ConfUtils.java:logGet(44)) - raft.server.log.queue.byte-limit = 2147483647 (custom)
2020-04-03 12:22:43,079 [pool-578-thread-1] INFO  server.RaftServerConfigKeys (ConfUtils.java:logGet(44)) - raft.server.log.queue.element-limit = 1024 (custom)
2020-04-03 12:22:43,079 [pool-578-thread-1] INFO  server.RaftServerConfigKeys (ConfUtils.java:logGet(44)) - raft.server.log.segment.size.max = 1048576 (custom)
2020-04-03 12:22:43,079 [pool-578-thread-1] INFO  server.RaftServerConfigKeys (ConfUtils.java:logGet(44)) - raft.server.log.preallocated.size = 16384 (custom)
2020-04-03 12:22:43,078 [pool-563-thread-1] INFO  ratis.ContainerStateMachine (ContainerStateMachine.java:loadSnapshot(233)) - group-9B462AAFDDCD: The snapshot info is null. Setting the last applied indexto:(t:0, i:~)
2020-04-03 12:22:43,079 [pool-563-thread-1] INFO  server.RaftServerConfigKeys (ConfUtils.java:logGet(44)) - raft.server.notification.no-leader.timeout = 60s (default)
2020-04-03 12:22:43,079 [pool-563-thread-1] INFO  server.RaftServerConfigKeys (ConfUtils.java:logGet(44)) - raft.server.log.use.memory = false (default)
2020-04-03 12:22:43,079 [pool-578-thread-1] INFO  server.RaftServerConfigKeys (ConfUtils.java:logGet(44)) - raft.server.log.write.buffer.size = 1048576 (custom)
2020-04-03 12:22:43,079 [pool-578-thread-1] INFO  server.RaftServerConfigKeys (ConfUtils.java:logGet(44)) - raft.server.log.force.sync.num = 128 (default)
2020-04-03 12:22:43,079 [pool-578-thread-1] INFO  server.RaftServerConfigKeys (ConfUtils.java:logGet(44)) - raft.server.log.statemachine.data.sync = true (default)
2020-04-03 12:22:43,080 [pool-578-thread-1] INFO  server.RaftServerConfigKeys (ConfUtils.java:logGet(44)) - raft.server.log.statemachine.data.sync.timeout = 10s (default)
2020-04-03 12:22:43,080 [pool-578-thread-1] INFO  server.RaftServerConfigKeys (ConfUtils.java:logGet(44)) - raft.server.log.statemachine.data.sync.timeout.retry = -1 (default)
2020-04-03 12:22:43,079 [pool-563-thread-1] INFO  server.RaftServerConfigKeys (ConfUtils.java:logGet(44)) - raft.server.log.purge.gap = 1000000 (custom)
2020-04-03 12:22:43,080 [pool-563-thread-1] INFO  server.RaftServerConfigKeys (ConfUtils.java:logGet(44)) - raft.server.log.appender.buffer.byte-limit = 33554432 (custom)
2020-04-03 12:22:43,080 [pool-563-thread-1] INFO  server.RaftServerConfigKeys (ConfUtils.java:logGet(44)) - raft.server.log.segment.size.max = 1048576 (custom)
2020-04-03 12:22:43,080 [pool-563-thread-1] INFO  server.RaftServerConfigKeys (ConfUtils.java:logGet(44)) - raft.server.log.segment.cache.num.max = 2 (custom)
2020-04-03 12:22:43,080 [pool-563-thread-1] INFO  segmented.SegmentedRaftLogWorker (SegmentedRaftLogWorker.java:<init>(176)) - new 60104982-6318-49fc-a8c7-671d7edb1a00@group-9B462AAFDDCD-SegmentedRaftLogWorker for RaftStorage:Storage Directory /github/workspace/hadoop-ozone/integration-test/target/test-dir/MiniOzoneClusterImpl-54c97517-776f-4ce9-b1d6-5922e4042064/datanode-0/data/ratis/596afeba-ad50-4139-8e2d-9b462aafddcd
2020-04-03 12:22:43,080 [pool-563-thread-1] INFO  server.RaftServerConfigKeys (ConfUtils.java:logGet(44)) - raft.server.log.queue.byte-limit = 2147483647 (custom)
2020-04-03 12:22:43,080 [pool-563-thread-1] INFO  server.RaftServerConfigKeys (ConfUtils.java:logGet(44)) - raft.server.log.queue.element-limit = 1024 (custom)
2020-04-03 12:22:43,080 [pool-563-thread-1] INFO  server.RaftServerConfigKeys (ConfUtils.java:logGet(44)) - raft.server.log.segment.size.max = 1048576 (custom)
2020-04-03 12:22:43,080 [pool-563-thread-1] INFO  server.RaftServerConfigKeys (ConfUtils.java:logGet(44)) - raft.server.log.preallocated.size = 16384 (custom)
2020-04-03 12:22:43,081 [pool-563-thread-1] INFO  server.RaftServerConfigKeys (ConfUtils.java:logGet(44)) - raft.server.log.write.buffer.size = 1048576 (custom)
2020-04-03 12:22:43,080 [pool-578-thread-1] INFO  server.RaftServerConfigKeys (ConfUtils.java:logGet(44)) - raft.server.log.statemachine.data.caching.enabled = true (custom)
2020-04-03 12:22:43,081 [pool-563-thread-1] INFO  server.RaftServerConfigKeys (ConfUtils.java:logGet(44)) - raft.server.log.force.sync.num = 128 (default)
2020-04-03 12:22:43,081 [pool-578-thread-1] INFO  segmented.SegmentedRaftLogWorker (SegmentedRaftLogWorker.java:lambda$new$0(129)) - 32bb5132-3190-4c64-bf84-ebbd3e705cf4@group-9B462AAFDDCD-SegmentedRaftLogWorker: flushIndex: setUnconditionally 0 -> -1
2020-04-03 12:22:43,081 [pool-563-thread-1] INFO  server.RaftServerConfigKeys (ConfUtils.java:logGet(44)) - raft.server.log.statemachine.data.sync = true (default)
2020-04-03 12:22:43,081 [pool-578-thread-1] INFO  server.RaftServerConfigKeys (ConfUtils.java:logGet(44)) - raft.server.snapshot.auto.trigger.enabled = true (custom)
2020-04-03 12:22:43,081 [pool-578-thread-1] INFO  server.RaftServerConfigKeys (ConfUtils.java:logGet(44)) - raft.server.snapshot.auto.trigger.threshold = 10000 (custom)
2020-04-03 12:22:43,081 [pool-578-thread-1] INFO  server.RaftServerConfigKeys (ConfUtils.java:logGet(44)) - raft.server.snapshot.retention.file.num = 5 (custom)
2020-04-03 12:22:43,081 [pool-563-thread-1] INFO  server.RaftServerConfigKeys (ConfUtils.java:logGet(44)) - raft.server.log.statemachine.data.sync.timeout = 10s (default)
2020-04-03 12:22:43,081 [pool-578-thread-1] INFO  server.RaftServerConfigKeys (ConfUtils.java:logGet(44)) - raft.server.retrycache.expirytime = 600000ms (custom)
2020-04-03 12:22:43,081 [pool-563-thread-1] INFO  server.RaftServerConfigKeys (ConfUtils.java:logGet(44)) - raft.server.log.statemachine.data.sync.timeout.retry = -1 (default)
2020-04-03 12:22:43,082 [pool-578-thread-1] INFO  metrics.RatisMetrics (RatisMetrics.java:lambda$create$0(39)) - Creating Metrics Registry : ratis.leader_election.32bb5132-3190-4c64-bf84-ebbd3e705cf4@group-9B462AAFDDCD
2020-04-03 12:22:43,082 [pool-563-thread-1] INFO  server.RaftServerConfigKeys (ConfUtils.java:logGet(44)) - raft.server.log.statemachine.data.caching.enabled = true (custom)
2020-04-03 12:22:43,082 [pool-578-thread-1] INFO  metrics.RatisMetrics (RatisMetrics.java:lambda$create$0(39)) - Creating Metrics Registry : ratis.server.32bb5132-3190-4c64-bf84-ebbd3e705cf4@group-9B462AAFDDCD
2020-04-03 12:22:43,083 [pool-563-thread-1] INFO  segmented.SegmentedRaftLogWorker (SegmentedRaftLogWorker.java:lambda$new$0(129)) - 60104982-6318-49fc-a8c7-671d7edb1a00@group-9B462AAFDDCD-SegmentedRaftLogWorker: flushIndex: setUnconditionally 0 -> -1
2020-04-03 12:22:43,083 [pool-578-thread-1] INFO  impl.RaftServerImpl (RaftServerImpl.java:start(183)) - 32bb5132-3190-4c64-bf84-ebbd3e705cf4@group-9B462AAFDDCD: start as a follower, conf=-1: [32bb5132-3190-4c64-bf84-ebbd3e705cf4:172.17.0.2:46159, b4a43d29-118c-4b02-9b7b-443b0a36c06e:172.17.0.2:40513, 60104982-6318-49fc-a8c7-671d7edb1a00:172.17.0.2:37215], old=null
2020-04-03 12:22:43,083 [pool-578-thread-1] INFO  impl.RaftServerImpl (RaftServerImpl.java:setRole(172)) - 32bb5132-3190-4c64-bf84-ebbd3e705cf4@group-9B462AAFDDCD: changes role from      null to FOLLOWER at term 0 for startAsFollower
2020-04-03 12:22:43,085 [pool-578-thread-1] INFO  impl.RoleInfo (RoleInfo.java:updateAndGet(143)) - 32bb5132-3190-4c64-bf84-ebbd3e705cf4: start FollowerState
2020-04-03 12:22:43,085 [pool-563-thread-1] INFO  server.RaftServerConfigKeys (ConfUtils.java:logGet(44)) - raft.server.snapshot.auto.trigger.enabled = true (custom)
2020-04-03 12:22:43,085 [pool-563-thread-1] INFO  server.RaftServerConfigKeys (ConfUtils.java:logGet(44)) - raft.server.snapshot.auto.trigger.threshold = 10000 (custom)
2020-04-03 12:22:43,085 [pool-563-thread-1] INFO  server.RaftServerConfigKeys (ConfUtils.java:logGet(44)) - raft.server.snapshot.retention.file.num = 5 (custom)
2020-04-03 12:22:43,088 [pool-563-thread-1] INFO  server.RaftServerConfigKeys (ConfUtils.java:logGet(44)) - raft.server.retrycache.expirytime = 600000ms (custom)
2020-04-03 12:22:43,088 [pool-578-thread-1] INFO  util.JmxRegister (JmxRegister.java:tryRegister(44)) - Successfully registered JMX Bean with object name Ratis:service=RaftServer,group=group-9B462AAFDDCD,id=32bb5132-3190-4c64-bf84-ebbd3e705cf4
2020-04-03 12:22:43,088 [pool-578-thread-1] INFO  metrics.RatisMetrics (RatisMetrics.java:lambda$create$0(39)) - Creating Metrics Registry : ratis.state_machine.32bb5132-3190-4c64-bf84-ebbd3e705cf4@group-9B462AAFDDCD
2020-04-03 12:22:43,088 [pool-563-thread-1] INFO  metrics.RatisMetrics (RatisMetrics.java:lambda$create$0(39)) - Creating Metrics Registry : ratis.leader_election.60104982-6318-49fc-a8c7-671d7edb1a00@group-9B462AAFDDCD
2020-04-03 12:22:43,091 [pool-563-thread-1] INFO  metrics.RatisMetrics (RatisMetrics.java:lambda$create$0(39)) - Creating Metrics Registry : ratis.server.60104982-6318-49fc-a8c7-671d7edb1a00@group-9B462AAFDDCD
2020-04-03 12:22:43,092 [pool-563-thread-1] INFO  impl.RaftServerImpl (RaftServerImpl.java:start(183)) - 60104982-6318-49fc-a8c7-671d7edb1a00@group-9B462AAFDDCD: start as a follower, conf=-1: [32bb5132-3190-4c64-bf84-ebbd3e705cf4:172.17.0.2:46159, b4a43d29-118c-4b02-9b7b-443b0a36c06e:172.17.0.2:40513, 60104982-6318-49fc-a8c7-671d7edb1a00:172.17.0.2:37215], old=null
2020-04-03 12:22:43,092 [pool-563-thread-1] INFO  impl.RaftServerImpl (RaftServerImpl.java:setRole(172)) - 60104982-6318-49fc-a8c7-671d7edb1a00@group-9B462AAFDDCD: changes role from      null to FOLLOWER at term 0 for startAsFollower
2020-04-03 12:22:43,092 [pool-563-thread-1] INFO  impl.RoleInfo (RoleInfo.java:updateAndGet(143)) - 60104982-6318-49fc-a8c7-671d7edb1a00: start FollowerState
2020-04-03 12:22:43,093 [pool-563-thread-1] INFO  util.JmxRegister (JmxRegister.java:tryRegister(44)) - Successfully registered JMX Bean with object name Ratis:service=RaftServer,group=group-9B462AAFDDCD,id=60104982-6318-49fc-a8c7-671d7edb1a00
2020-04-03 12:22:43,093 [pool-563-thread-1] INFO  metrics.RatisMetrics (RatisMetrics.java:lambda$create$0(39)) - Creating Metrics Registry : ratis.state_machine.60104982-6318-49fc-a8c7-671d7edb1a00@group-9B462AAFDDCD
2020-04-03 12:22:43,096 [grpc-default-executor-6] INFO  impl.RaftServerProxy (RaftServerProxy.java:addNew(89)) - b4a43d29-118c-4b02-9b7b-443b0a36c06e: addNew group-9B462AAFDDCD:[32bb5132-3190-4c64-bf84-ebbd3e705cf4:172.17.0.2:46159, b4a43d29-118c-4b02-9b7b-443b0a36c06e:172.17.0.2:40513, 60104982-6318-49fc-a8c7-671d7edb1a00:172.17.0.2:37215] returns group-9B462AAFDDCD:java.util.concurrent.CompletableFuture@7ce0a034[Not completed]
2020-04-03 12:22:43,097 [pool-593-thread-1] INFO  impl.RaftServerImpl (RaftServerImpl.java:<init>(97)) - b4a43d29-118c-4b02-9b7b-443b0a36c06e: new RaftServerImpl for group-9B462AAFDDCD:[32bb5132-3190-4c64-bf84-ebbd3e705cf4:172.17.0.2:46159, b4a43d29-118c-4b02-9b7b-443b0a36c06e:172.17.0.2:40513, 60104982-6318-49fc-a8c7-671d7edb1a00:172.17.0.2:37215] with ContainerStateMachine:uninitialized
2020-04-03 12:22:43,097 [pool-593-thread-1] INFO  server.RaftServerConfigKeys (ConfUtils.java:logGet(44)) - raft.server.rpc.timeout.min = 5s (custom)
2020-04-03 12:22:43,097 [pool-593-thread-1] INFO  server.RaftServerConfigKeys (ConfUtils.java:logGet(44)) - raft.server.rpc.timeout.max = 5200ms (custom)
2020-04-03 12:22:43,097 [pool-593-thread-1] INFO  server.RaftServerConfigKeys (ConfUtils.java:logGet(44)) - raft.server.rpcslowness.timeout = 300s (custom)
2020-04-03 12:22:43,097 [pool-593-thread-1] INFO  server.RaftServerConfigKeys (ConfUtils.java:logGet(44)) - raft.server.sleep.deviation.threshold = 300 (default)
2020-04-03 12:22:43,098 [pool-593-thread-1] INFO  server.RaftServerConfigKeys (ConfUtils.java:logGet(44)) - raft.server.log.appender.install.snapshot.enabled = false (custom)
2020-04-03 12:22:43,098 [pool-593-thread-1] INFO  impl.RaftServerImpl (ServerState.java:<init>(103)) - b4a43d29-118c-4b02-9b7b-443b0a36c06e@group-9B462AAFDDCD: ConfigurationManager, init=-1: [32bb5132-3190-4c64-bf84-ebbd3e705cf4:172.17.0.2:46159, b4a43d29-118c-4b02-9b7b-443b0a36c06e:172.17.0.2:40513, 60104982-6318-49fc-a8c7-671d7edb1a00:172.17.0.2:37215], old=null, confs=<EMPTY_MAP>
2020-04-03 12:22:43,098 [pool-593-thread-1] INFO  server.RaftServerConfigKeys (ConfUtils.java:logGet(44)) - raft.server.storage.dir = [/github/workspace/hadoop-ozone/integration-test/target/test-dir/MiniOzoneClusterImpl-54c97517-776f-4ce9-b1d6-5922e4042064/datanode-2/data/ratis] (custom)
2020-04-03 12:22:43,098 [pool-593-thread-1] INFO  server.RaftServerConfigKeys (ConfUtils.java:logGet(44)) - raft.server.log.corruption.policy = EXCEPTION (default)
2020-04-03 12:22:43,098 [pool-593-thread-1] INFO  storage.RaftStorageDirectory (RaftStorageDirectory.java:analyzeStorage(253)) - The storage directory /github/workspace/hadoop-ozone/integration-test/target/test-dir/MiniOzoneClusterImpl-54c97517-776f-4ce9-b1d6-5922e4042064/datanode-2/data/ratis/596afeba-ad50-4139-8e2d-9b462aafddcd does not exist. Creating ...
2020-04-03 12:22:43,101 [pool-593-thread-1] INFO  storage.RaftStorageDirectory (RaftStorageDirectory.java:tryLock(335)) - Lock on /github/workspace/hadoop-ozone/integration-test/target/test-dir/MiniOzoneClusterImpl-54c97517-776f-4ce9-b1d6-5922e4042064/datanode-2/data/ratis/596afeba-ad50-4139-8e2d-9b462aafddcd/in_use.lock acquired by nodename 13457@bc31a1f7cf94
2020-04-03 12:22:43,102 [grpc-default-executor-6] WARN  impl.RaftServerProxy (RaftServerProxy.java:lambda$groupAddAsync$11(390)) - 32bb5132-3190-4c64-bf84-ebbd3e705cf4: Failed groupAdd* GroupManagementRequest:client-F9FF0BCAAE80->32bb5132-3190-4c64-bf84-ebbd3e705cf4@group-9B462AAFDDCD, cid=166, seq=0, RW, null, Add:group-9B462AAFDDCD:[32bb5132-3190-4c64-bf84-ebbd3e705cf4:172.17.0.2:46159, b4a43d29-118c-4b02-9b7b-443b0a36c06e:172.17.0.2:40513, 60104982-6318-49fc-a8c7-671d7edb1a00:172.17.0.2:37215]
java.util.concurrent.CompletionException: org.apache.ratis.protocol.AlreadyExistsException: 32bb5132-3190-4c64-bf84-ebbd3e705cf4: Failed to add group-9B462AAFDDCD:[32bb5132-3190-4c64-bf84-ebbd3e705cf4:172.17.0.2:46159, b4a43d29-118c-4b02-9b7b-443b0a36c06e:172.17.0.2:40513, 60104982-6318-49fc-a8c7-671d7edb1a00:172.17.0.2:37215] since the group already exists in the map.
	at java.util.concurrent.CompletableFuture.encodeThrowable(CompletableFuture.java:292)
	at java.util.concurrent.CompletableFuture.completeThrowable(CompletableFuture.java:308)
	at java.util.concurrent.CompletableFuture.uniApply(CompletableFuture.java:607)
	at java.util.concurrent.CompletableFuture$UniApply.tryFire(CompletableFuture.java:591)
	at java.util.concurrent.CompletableFuture.uniApplyStage(CompletableFuture.java:631)
	at java.util.concurrent.CompletableFuture.thenApplyAsync(CompletableFuture.java:2006)
	at org.apache.ratis.server.impl.RaftServerProxy.groupAddAsync(RaftServerProxy.java:379)
	at org.apache.ratis.server.impl.RaftServerProxy.groupManagementAsync(RaftServerProxy.java:363)
	at org.apache.ratis.grpc.server.GrpcAdminProtocolService.lambda$groupManagement$0(GrpcAdminProtocolService.java:42)
	at org.apache.ratis.grpc.GrpcUtil.asyncCall(GrpcUtil.java:160)
	at org.apache.ratis.grpc.server.GrpcAdminProtocolService.groupManagement(GrpcAdminProtocolService.java:42)
	at org.apache.ratis.proto.grpc.AdminProtocolServiceGrpc$MethodHandlers.invoke(AdminProtocolServiceGrpc.java:358)
	at org.apache.ratis.thirdparty.io.grpc.stub.ServerCalls$UnaryServerCallHandler$UnaryServerCallListener.onHalfClose(ServerCalls.java:172)
	at org.apache.ratis.thirdparty.io.grpc.internal.ServerCallImpl$ServerStreamListenerImpl.halfClosed(ServerCallImpl.java:331)
	at org.apache.ratis.thirdparty.io.grpc.internal.ServerImpl$JumpToApplicationThreadServerStreamListener$1HalfClosed.runInContext(ServerImpl.java:814)
	at org.apache.ratis.thirdparty.io.grpc.internal.ContextRunnable.run(ContextRunnable.java:37)
	at org.apache.ratis.thirdparty.io.grpc.internal.SerializingExecutor.run(SerializingExecutor.java:123)
	at java.util.concurrent.ThreadPoolExecutor.runWorker(ThreadPoolExecutor.java:1149)
	at java.util.concurrent.ThreadPoolExecutor$Worker.run(ThreadPoolExecutor.java:624)
	at java.lang.Thread.run(Thread.java:748)
Caused by: org.apache.ratis.protocol.AlreadyExistsException: 32bb5132-3190-4c64-bf84-ebbd3e705cf4: Failed to add group-9B462AAFDDCD:[32bb5132-3190-4c64-bf84-ebbd3e705cf4:172.17.0.2:46159, b4a43d29-118c-4b02-9b7b-443b0a36c06e:172.17.0.2:40513, 60104982-6318-49fc-a8c7-671d7edb1a00:172.17.0.2:37215] since the group already exists in the map.
	at org.apache.ratis.server.impl.RaftServerProxy$ImplMap.addNew(RaftServerProxy.java:83)
	at org.apache.ratis.server.impl.RaftServerProxy.groupAddAsync(RaftServerProxy.java:378)
	... 13 more
2020-04-03 12:22:43,104 [pool-593-thread-1] INFO  storage.RaftStorage (RaftStorage.java:format(84)) - Storage directory /github/workspace/hadoop-ozone/integration-test/target/test-dir/MiniOzoneClusterImpl-54c97517-776f-4ce9-b1d6-5922e4042064/datanode-2/data/ratis/596afeba-ad50-4139-8e2d-9b462aafddcd has been successfully formatted.
2020-04-03 12:22:43,104 [pool-593-thread-1] INFO  ratis.ContainerStateMachine (ContainerStateMachine.java:loadSnapshot(233)) - group-9B462AAFDDCD: The snapshot info is null. Setting the last applied indexto:(t:0, i:~)
2020-04-03 12:22:43,104 [pool-593-thread-1] INFO  server.RaftServerConfigKeys (ConfUtils.java:logGet(44)) - raft.server.notification.no-leader.timeout = 60s (default)
2020-04-03 12:22:43,104 [pool-593-thread-1] INFO  server.RaftServerConfigKeys (ConfUtils.java:logGet(44)) - raft.server.log.use.memory = false (default)
2020-04-03 12:22:43,104 [pool-593-thread-1] INFO  server.RaftServerConfigKeys (ConfUtils.java:logGet(44)) - raft.server.log.purge.gap = 1000000 (custom)
2020-04-03 12:22:43,104 [pool-593-thread-1] INFO  server.RaftServerConfigKeys (ConfUtils.java:logGet(44)) - raft.server.log.appender.buffer.byte-limit = 33554432 (custom)
2020-04-03 12:22:43,104 [pool-593-thread-1] INFO  server.RaftServerConfigKeys (ConfUtils.java:logGet(44)) - raft.server.log.segment.size.max = 1048576 (custom)
2020-04-03 12:22:43,104 [pool-593-thread-1] INFO  server.RaftServerConfigKeys (ConfUtils.java:logGet(44)) - raft.server.log.segment.cache.num.max = 2 (custom)
2020-04-03 12:22:43,104 [pool-593-thread-1] INFO  segmented.SegmentedRaftLogWorker (SegmentedRaftLogWorker.java:<init>(176)) - new b4a43d29-118c-4b02-9b7b-443b0a36c06e@group-9B462AAFDDCD-SegmentedRaftLogWorker for RaftStorage:Storage Directory /github/workspace/hadoop-ozone/integration-test/target/test-dir/MiniOzoneClusterImpl-54c97517-776f-4ce9-b1d6-5922e4042064/datanode-2/data/ratis/596afeba-ad50-4139-8e2d-9b462aafddcd
2020-04-03 12:22:43,104 [pool-593-thread-1] INFO  server.RaftServerConfigKeys (ConfUtils.java:logGet(44)) - raft.server.log.queue.byte-limit = 2147483647 (custom)
2020-04-03 12:22:43,104 [pool-593-thread-1] INFO  server.RaftServerConfigKeys (ConfUtils.java:logGet(44)) - raft.server.log.queue.element-limit = 1024 (custom)
2020-04-03 12:22:43,105 [pool-593-thread-1] INFO  server.RaftServerConfigKeys (ConfUtils.java:logGet(44)) - raft.server.log.segment.size.max = 1048576 (custom)
2020-04-03 12:22:43,105 [pool-593-thread-1] INFO  server.RaftServerConfigKeys (ConfUtils.java:logGet(44)) - raft.server.log.preallocated.size = 16384 (custom)
2020-04-03 12:22:43,105 [pool-593-thread-1] INFO  server.RaftServerConfigKeys (ConfUtils.java:logGet(44)) - raft.server.log.write.buffer.size = 1048576 (custom)
2020-04-03 12:22:43,105 [pool-593-thread-1] INFO  server.RaftServerConfigKeys (ConfUtils.java:logGet(44)) - raft.server.log.force.sync.num = 128 (default)
2020-04-03 12:22:43,105 [pool-593-thread-1] INFO  server.RaftServerConfigKeys (ConfUtils.java:logGet(44)) - raft.server.log.statemachine.data.sync = true (default)
2020-04-03 12:22:43,105 [pool-593-thread-1] INFO  server.RaftServerConfigKeys (ConfUtils.java:logGet(44)) - raft.server.log.statemachine.data.sync.timeout = 10s (default)
2020-04-03 12:22:43,105 [pool-593-thread-1] INFO  server.RaftServerConfigKeys (ConfUtils.java:logGet(44)) - raft.server.log.statemachine.data.sync.timeout.retry = -1 (default)
2020-04-03 12:22:43,106 [pool-593-thread-1] INFO  server.RaftServerConfigKeys (ConfUtils.java:logGet(44)) - raft.server.log.statemachine.data.caching.enabled = true (custom)
2020-04-03 12:22:43,106 [pool-593-thread-1] INFO  segmented.SegmentedRaftLogWorker (SegmentedRaftLogWorker.java:lambda$new$0(129)) - b4a43d29-118c-4b02-9b7b-443b0a36c06e@group-9B462AAFDDCD-SegmentedRaftLogWorker: flushIndex: setUnconditionally 0 -> -1
2020-04-03 12:22:43,107 [Command processor thread] INFO  impl.RaftServerProxy (RaftServerProxy.java:addNew(89)) - b4a43d29-118c-4b02-9b7b-443b0a36c06e: addNew group-4DBA51E2039E:[b4a43d29-118c-4b02-9b7b-443b0a36c06e:172.17.0.2:40513] returns group-4DBA51E2039E:java.util.concurrent.CompletableFuture@716d9eb9[Not completed]
2020-04-03 12:22:43,113 [pool-593-thread-1] INFO  server.RaftServerConfigKeys (ConfUtils.java:logGet(44)) - raft.server.snapshot.auto.trigger.enabled = true (custom)
2020-04-03 12:22:43,113 [pool-593-thread-1] INFO  server.RaftServerConfigKeys (ConfUtils.java:logGet(44)) - raft.server.snapshot.auto.trigger.threshold = 10000 (custom)
2020-04-03 12:22:43,113 [pool-593-thread-1] INFO  server.RaftServerConfigKeys (ConfUtils.java:logGet(44)) - raft.server.snapshot.retention.file.num = 5 (custom)
2020-04-03 12:22:43,114 [pool-593-thread-1] INFO  server.RaftServerConfigKeys (ConfUtils.java:logGet(44)) - raft.server.retrycache.expirytime = 600000ms (custom)
2020-04-03 12:22:43,114 [pool-593-thread-1] INFO  metrics.RatisMetrics (RatisMetrics.java:lambda$create$0(39)) - Creating Metrics Registry : ratis.leader_election.b4a43d29-118c-4b02-9b7b-443b0a36c06e@group-9B462AAFDDCD
2020-04-03 12:22:43,117 [pool-593-thread-1] INFO  metrics.RatisMetrics (RatisMetrics.java:lambda$create$0(39)) - Creating Metrics Registry : ratis.server.b4a43d29-118c-4b02-9b7b-443b0a36c06e@group-9B462AAFDDCD
2020-04-03 12:22:43,119 [pool-593-thread-1] INFO  impl.RaftServerImpl (RaftServerImpl.java:<init>(97)) - b4a43d29-118c-4b02-9b7b-443b0a36c06e: new RaftServerImpl for group-4DBA51E2039E:[b4a43d29-118c-4b02-9b7b-443b0a36c06e:172.17.0.2:40513] with ContainerStateMachine:uninitialized
2020-04-03 12:22:43,119 [pool-593-thread-1] INFO  server.RaftServerConfigKeys (ConfUtils.java:logGet(44)) - raft.server.rpc.timeout.min = 5s (custom)
2020-04-03 12:22:43,119 [pool-593-thread-1] INFO  server.RaftServerConfigKeys (ConfUtils.java:logGet(44)) - raft.server.rpc.timeout.max = 5200ms (custom)
2020-04-03 12:22:43,119 [pool-593-thread-1] INFO  server.RaftServerConfigKeys (ConfUtils.java:logGet(44)) - raft.server.rpcslowness.timeout = 300s (custom)
2020-04-03 12:22:43,120 [pool-593-thread-1] INFO  server.RaftServerConfigKeys (ConfUtils.java:logGet(44)) - raft.server.sleep.deviation.threshold = 300 (default)
2020-04-03 12:22:43,120 [pool-593-thread-1] INFO  server.RaftServerConfigKeys (ConfUtils.java:logGet(44)) - raft.server.log.appender.install.snapshot.enabled = false (custom)
2020-04-03 12:22:43,120 [pool-593-thread-1] INFO  impl.RaftServerImpl (ServerState.java:<init>(103)) - b4a43d29-118c-4b02-9b7b-443b0a36c06e@group-4DBA51E2039E: ConfigurationManager, init=-1: [b4a43d29-118c-4b02-9b7b-443b0a36c06e:172.17.0.2:40513], old=null, confs=<EMPTY_MAP>
2020-04-03 12:22:43,120 [pool-593-thread-1] INFO  server.RaftServerConfigKeys (ConfUtils.java:logGet(44)) - raft.server.storage.dir = [/github/workspace/hadoop-ozone/integration-test/target/test-dir/MiniOzoneClusterImpl-54c97517-776f-4ce9-b1d6-5922e4042064/datanode-2/data/ratis] (custom)
2020-04-03 12:22:43,120 [pool-593-thread-1] INFO  server.RaftServerConfigKeys (ConfUtils.java:logGet(44)) - raft.server.log.corruption.policy = EXCEPTION (default)
2020-04-03 12:22:43,121 [pool-593-thread-1] INFO  storage.RaftStorageDirectory (RaftStorageDirectory.java:analyzeStorage(253)) - The storage directory /github/workspace/hadoop-ozone/integration-test/target/test-dir/MiniOzoneClusterImpl-54c97517-776f-4ce9-b1d6-5922e4042064/datanode-2/data/ratis/920d2f76-6c14-4680-90f2-4dba51e2039e does not exist. Creating ...
2020-04-03 12:22:43,123 [pool-593-thread-1] INFO  storage.RaftStorageDirectory (RaftStorageDirectory.java:tryLock(335)) - Lock on /github/workspace/hadoop-ozone/integration-test/target/test-dir/MiniOzoneClusterImpl-54c97517-776f-4ce9-b1d6-5922e4042064/datanode-2/data/ratis/920d2f76-6c14-4680-90f2-4dba51e2039e/in_use.lock acquired by nodename 13457@bc31a1f7cf94
2020-04-03 12:22:43,126 [grpc-default-executor-6] WARN  impl.RaftServerProxy (RaftServerProxy.java:lambda$groupAddAsync$11(390)) - b4a43d29-118c-4b02-9b7b-443b0a36c06e: Failed groupAdd* GroupManagementRequest:client-A1F555EDE284->b4a43d29-118c-4b02-9b7b-443b0a36c06e@group-9B462AAFDDCD, cid=167, seq=0, RW, null, Add:group-9B462AAFDDCD:[32bb5132-3190-4c64-bf84-ebbd3e705cf4:172.17.0.2:46159, b4a43d29-118c-4b02-9b7b-443b0a36c06e:172.17.0.2:40513, 60104982-6318-49fc-a8c7-671d7edb1a00:172.17.0.2:37215]
java.util.concurrent.CompletionException: org.apache.ratis.protocol.AlreadyExistsException: b4a43d29-118c-4b02-9b7b-443b0a36c06e: Failed to add group-9B462AAFDDCD:[32bb5132-3190-4c64-bf84-ebbd3e705cf4:172.17.0.2:46159, b4a43d29-118c-4b02-9b7b-443b0a36c06e:172.17.0.2:40513, 60104982-6318-49fc-a8c7-671d7edb1a00:172.17.0.2:37215] since the group already exists in the map.
	at java.util.concurrent.CompletableFuture.encodeThrowable(CompletableFuture.java:292)
	at java.util.concurrent.CompletableFuture.completeThrowable(CompletableFuture.java:308)
	at java.util.concurrent.CompletableFuture.uniApply(CompletableFuture.java:607)
	at java.util.concurrent.CompletableFuture$UniApply.tryFire(CompletableFuture.java:591)
	at java.util.concurrent.CompletableFuture.uniApplyStage(CompletableFuture.java:631)
	at java.util.concurrent.CompletableFuture.thenApplyAsync(CompletableFuture.java:2006)
	at org.apache.ratis.server.impl.RaftServerProxy.groupAddAsync(RaftServerProxy.java:379)
	at org.apache.ratis.server.impl.RaftServerProxy.groupManagementAsync(RaftServerProxy.java:363)
	at org.apache.ratis.grpc.server.GrpcAdminProtocolService.lambda$groupManagement$0(GrpcAdminProtocolService.java:42)
	at org.apache.ratis.grpc.GrpcUtil.asyncCall(GrpcUtil.java:160)
	at org.apache.ratis.grpc.server.GrpcAdminProtocolService.groupManagement(GrpcAdminProtocolService.java:42)
	at org.apache.ratis.proto.grpc.AdminProtocolServiceGrpc$MethodHandlers.invoke(AdminProtocolServiceGrpc.java:358)
	at org.apache.ratis.thirdparty.io.grpc.stub.ServerCalls$UnaryServerCallHandler$UnaryServerCallListener.onHalfClose(ServerCalls.java:172)
	at org.apache.ratis.thirdparty.io.grpc.internal.ServerCallImpl$ServerStreamListenerImpl.halfClosed(ServerCallImpl.java:331)
	at org.apache.ratis.thirdparty.io.grpc.internal.ServerImpl$JumpToApplicationThreadServerStreamListener$1HalfClosed.runInContext(ServerImpl.java:814)
	at org.apache.ratis.thirdparty.io.grpc.internal.ContextRunnable.run(ContextRunnable.java:37)
	at org.apache.ratis.thirdparty.io.grpc.internal.SerializingExecutor.run(SerializingExecutor.java:123)
	at java.util.concurrent.ThreadPoolExecutor.runWorker(ThreadPoolExecutor.java:1149)
	at java.util.concurrent.ThreadPoolExecutor$Worker.run(ThreadPoolExecutor.java:624)
	at java.lang.Thread.run(Thread.java:748)
Caused by: org.apache.ratis.protocol.AlreadyExistsException: b4a43d29-118c-4b02-9b7b-443b0a36c06e: Failed to add group-9B462AAFDDCD:[32bb5132-3190-4c64-bf84-ebbd3e705cf4:172.17.0.2:46159, b4a43d29-118c-4b02-9b7b-443b0a36c06e:172.17.0.2:40513, 60104982-6318-49fc-a8c7-671d7edb1a00:172.17.0.2:37215] since the group already exists in the map.
	at org.apache.ratis.server.impl.RaftServerProxy$ImplMap.addNew(RaftServerProxy.java:83)
	at org.apache.ratis.server.impl.RaftServerProxy.groupAddAsync(RaftServerProxy.java:378)
	... 13 more
2020-04-03 12:22:43,130 [pool-593-thread-1] INFO  storage.RaftStorage (RaftStorage.java:format(84)) - Storage directory /github/workspace/hadoop-ozone/integration-test/target/test-dir/MiniOzoneClusterImpl-54c97517-776f-4ce9-b1d6-5922e4042064/datanode-2/data/ratis/920d2f76-6c14-4680-90f2-4dba51e2039e has been successfully formatted.
2020-04-03 12:22:43,131 [Command processor thread] INFO  commandhandler.CreatePipelineCommandHandler (CreatePipelineCommandHandler.java:handle(112)) - Created Pipeline RATIS THREE #id: "596afeba-ad50-4139-8e2d-9b462aafddcd"
.
2020-04-03 12:22:43,131 [pool-593-thread-1] INFO  ratis.ContainerStateMachine (ContainerStateMachine.java:loadSnapshot(233)) - group-4DBA51E2039E: The snapshot info is null. Setting the last applied indexto:(t:0, i:~)
2020-04-03 12:22:43,132 [EventQueue-PipelineReportForPipelineReportHandler] INFO  pipeline.PipelineStateManager (PipelineStateManager.java:openPipeline(131)) - Pipeline Pipeline[ Id: 920d2f76-6c14-4680-90f2-4dba51e2039e, Nodes: b4a43d29-118c-4b02-9b7b-443b0a36c06e{ip: 172.17.0.2, host: bc31a1f7cf94, networkLocation: /default-rack, certSerialId: null}, Type:RATIS, Factor:ONE, State:ALLOCATED, leaderId:b4a43d29-118c-4b02-9b7b-443b0a36c06e, CreationTimestamp2020-04-03T12:22:40.106Z] moved to OPEN state
2020-04-03 12:22:43,132 [EventQueue-OpenPipelineForOneReplicaPipelineSafeModeRule] INFO  safemode.SCMSafeModeManager (SCMSafeModeManager.java:validateSafeModeExitRules(175)) - AtleastOneDatanodeReportedRule rule is successfully validated
2020-04-03 12:22:43,132 [EventQueue-OpenPipelineForHealthyPipelineSafeModeRule] INFO  safemode.SCMSafeModeManager (HealthyPipelineSafeModeRule.java:process(131)) - SCM in safe mode. Healthy pipelines reported count is 0, required healthy pipeline reported count is 1
2020-04-03 12:22:43,133 [pool-593-thread-1] INFO  server.RaftServerConfigKeys (ConfUtils.java:logGet(44)) - raft.server.notification.no-leader.timeout = 60s (default)
2020-04-03 12:22:43,133 [pool-593-thread-1] INFO  server.RaftServerConfigKeys (ConfUtils.java:logGet(44)) - raft.server.log.use.memory = false (default)
2020-04-03 12:22:43,133 [pool-593-thread-1] INFO  server.RaftServerConfigKeys (ConfUtils.java:logGet(44)) - raft.server.log.purge.gap = 1000000 (custom)
2020-04-03 12:22:43,133 [pool-593-thread-1] INFO  server.RaftServerConfigKeys (ConfUtils.java:logGet(44)) - raft.server.log.appender.buffer.byte-limit = 33554432 (custom)
2020-04-03 12:22:43,133 [pool-593-thread-1] INFO  server.RaftServerConfigKeys (ConfUtils.java:logGet(44)) - raft.server.log.segment.size.max = 1048576 (custom)
2020-04-03 12:22:43,133 [pool-593-thread-1] INFO  server.RaftServerConfigKeys (ConfUtils.java:logGet(44)) - raft.server.log.segment.cache.num.max = 2 (custom)
2020-04-03 12:22:43,133 [pool-593-thread-1] INFO  segmented.SegmentedRaftLogWorker (SegmentedRaftLogWorker.java:<init>(176)) - new b4a43d29-118c-4b02-9b7b-443b0a36c06e@group-4DBA51E2039E-SegmentedRaftLogWorker for RaftStorage:Storage Directory /github/workspace/hadoop-ozone/integration-test/target/test-dir/MiniOzoneClusterImpl-54c97517-776f-4ce9-b1d6-5922e4042064/datanode-2/data/ratis/920d2f76-6c14-4680-90f2-4dba51e2039e
2020-04-03 12:22:43,133 [pool-593-thread-1] INFO  server.RaftServerConfigKeys (ConfUtils.java:logGet(44)) - raft.server.log.queue.byte-limit = 2147483647 (custom)
2020-04-03 12:22:43,133 [pool-593-thread-1] INFO  server.RaftServerConfigKeys (ConfUtils.java:logGet(44)) - raft.server.log.queue.element-limit = 1024 (custom)
2020-04-03 12:22:43,134 [pool-593-thread-1] INFO  server.RaftServerConfigKeys (ConfUtils.java:logGet(44)) - raft.server.log.segment.size.max = 1048576 (custom)
2020-04-03 12:22:43,134 [pool-593-thread-1] INFO  server.RaftServerConfigKeys (ConfUtils.java:logGet(44)) - raft.server.log.preallocated.size = 16384 (custom)
2020-04-03 12:22:43,134 [pool-593-thread-1] INFO  server.RaftServerConfigKeys (ConfUtils.java:logGet(44)) - raft.server.log.write.buffer.size = 1048576 (custom)
2020-04-03 12:22:43,134 [pool-593-thread-1] INFO  server.RaftServerConfigKeys (ConfUtils.java:logGet(44)) - raft.server.log.force.sync.num = 128 (default)
2020-04-03 12:22:43,134 [pool-593-thread-1] INFO  server.RaftServerConfigKeys (ConfUtils.java:logGet(44)) - raft.server.log.statemachine.data.sync = true (default)
2020-04-03 12:22:43,134 [pool-593-thread-1] INFO  server.RaftServerConfigKeys (ConfUtils.java:logGet(44)) - raft.server.log.statemachine.data.sync.timeout = 10s (default)
2020-04-03 12:22:43,134 [pool-593-thread-1] INFO  server.RaftServerConfigKeys (ConfUtils.java:logGet(44)) - raft.server.log.statemachine.data.sync.timeout.retry = -1 (default)
2020-04-03 12:22:43,135 [pool-593-thread-1] INFO  server.RaftServerConfigKeys (ConfUtils.java:logGet(44)) - raft.server.log.statemachine.data.caching.enabled = true (custom)
2020-04-03 12:22:43,135 [pool-593-thread-1] INFO  segmented.SegmentedRaftLogWorker (SegmentedRaftLogWorker.java:lambda$new$0(129)) - b4a43d29-118c-4b02-9b7b-443b0a36c06e@group-4DBA51E2039E-SegmentedRaftLogWorker: flushIndex: setUnconditionally 0 -> -1
2020-04-03 12:22:43,135 [pool-593-thread-1] INFO  server.RaftServerConfigKeys (ConfUtils.java:logGet(44)) - raft.server.snapshot.auto.trigger.enabled = true (custom)
2020-04-03 12:22:43,135 [pool-593-thread-1] INFO  server.RaftServerConfigKeys (ConfUtils.java:logGet(44)) - raft.server.snapshot.auto.trigger.threshold = 10000 (custom)
2020-04-03 12:22:43,135 [pool-593-thread-1] INFO  server.RaftServerConfigKeys (ConfUtils.java:logGet(44)) - raft.server.snapshot.retention.file.num = 5 (custom)
2020-04-03 12:22:43,136 [pool-593-thread-1] INFO  server.RaftServerConfigKeys (ConfUtils.java:logGet(44)) - raft.server.retrycache.expirytime = 600000ms (custom)
2020-04-03 12:22:43,136 [pool-593-thread-1] INFO  metrics.RatisMetrics (RatisMetrics.java:lambda$create$0(39)) - Creating Metrics Registry : ratis.leader_election.b4a43d29-118c-4b02-9b7b-443b0a36c06e@group-4DBA51E2039E
2020-04-03 12:22:43,137 [pool-593-thread-1] INFO  metrics.RatisMetrics (RatisMetrics.java:lambda$create$0(39)) - Creating Metrics Registry : ratis.server.b4a43d29-118c-4b02-9b7b-443b0a36c06e@group-4DBA51E2039E
2020-04-03 12:22:43,137 [pool-593-thread-1] INFO  impl.RaftServerImpl (RaftServerImpl.java:start(183)) - b4a43d29-118c-4b02-9b7b-443b0a36c06e@group-9B462AAFDDCD: start as a follower, conf=-1: [32bb5132-3190-4c64-bf84-ebbd3e705cf4:172.17.0.2:46159, b4a43d29-118c-4b02-9b7b-443b0a36c06e:172.17.0.2:40513, 60104982-6318-49fc-a8c7-671d7edb1a00:172.17.0.2:37215], old=null
2020-04-03 12:22:43,137 [pool-593-thread-1] INFO  impl.RaftServerImpl (RaftServerImpl.java:setRole(172)) - b4a43d29-118c-4b02-9b7b-443b0a36c06e@group-9B462AAFDDCD: changes role from      null to FOLLOWER at term 0 for startAsFollower
2020-04-03 12:22:43,137 [pool-593-thread-1] INFO  impl.RoleInfo (RoleInfo.java:updateAndGet(143)) - b4a43d29-118c-4b02-9b7b-443b0a36c06e: start FollowerState
2020-04-03 12:22:43,141 [pool-593-thread-1] INFO  util.JmxRegister (JmxRegister.java:tryRegister(44)) - Successfully registered JMX Bean with object name Ratis:service=RaftServer,group=group-9B462AAFDDCD,id=b4a43d29-118c-4b02-9b7b-443b0a36c06e
2020-04-03 12:22:43,141 [pool-593-thread-1] INFO  metrics.RatisMetrics (RatisMetrics.java:lambda$create$0(39)) - Creating Metrics Registry : ratis.state_machine.b4a43d29-118c-4b02-9b7b-443b0a36c06e@group-9B462AAFDDCD
2020-04-03 12:22:43,143 [pool-593-thread-1] INFO  impl.RaftServerImpl (RaftServerImpl.java:start(183)) - b4a43d29-118c-4b02-9b7b-443b0a36c06e@group-4DBA51E2039E: start as a follower, conf=-1: [b4a43d29-118c-4b02-9b7b-443b0a36c06e:172.17.0.2:40513], old=null
2020-04-03 12:22:43,143 [pool-593-thread-1] INFO  impl.RaftServerImpl (RaftServerImpl.java:setRole(172)) - b4a43d29-118c-4b02-9b7b-443b0a36c06e@group-4DBA51E2039E: changes role from      null to FOLLOWER at term 0 for startAsFollower
2020-04-03 12:22:43,143 [pool-593-thread-1] INFO  impl.RoleInfo (RoleInfo.java:updateAndGet(143)) - b4a43d29-118c-4b02-9b7b-443b0a36c06e: start FollowerState
2020-04-03 12:22:43,156 [grpc-default-executor-6] WARN  impl.RaftServerProxy (RaftServerProxy.java:lambda$groupAddAsync$11(390)) - 60104982-6318-49fc-a8c7-671d7edb1a00: Failed groupAdd* GroupManagementRequest:client-B576E7D0B281->60104982-6318-49fc-a8c7-671d7edb1a00@group-9B462AAFDDCD, cid=168, seq=0, RW, null, Add:group-9B462AAFDDCD:[32bb5132-3190-4c64-bf84-ebbd3e705cf4:172.17.0.2:46159, b4a43d29-118c-4b02-9b7b-443b0a36c06e:172.17.0.2:40513, 60104982-6318-49fc-a8c7-671d7edb1a00:172.17.0.2:37215]
java.util.concurrent.CompletionException: org.apache.ratis.protocol.AlreadyExistsException: 60104982-6318-49fc-a8c7-671d7edb1a00: Failed to add group-9B462AAFDDCD:[32bb5132-3190-4c64-bf84-ebbd3e705cf4:172.17.0.2:46159, b4a43d29-118c-4b02-9b7b-443b0a36c06e:172.17.0.2:40513, 60104982-6318-49fc-a8c7-671d7edb1a00:172.17.0.2:37215] since the group already exists in the map.
	at java.util.concurrent.CompletableFuture.encodeThrowable(CompletableFuture.java:292)
	at java.util.concurrent.CompletableFuture.completeThrowable(CompletableFuture.java:308)
	at java.util.concurrent.CompletableFuture.uniApply(CompletableFuture.java:607)
	at java.util.concurrent.CompletableFuture$UniApply.tryFire(CompletableFuture.java:591)
	at java.util.concurrent.CompletableFuture.uniApplyStage(CompletableFuture.java:631)
	at java.util.concurrent.CompletableFuture.thenApplyAsync(CompletableFuture.java:2006)
	at org.apache.ratis.server.impl.RaftServerProxy.groupAddAsync(RaftServerProxy.java:379)
	at org.apache.ratis.server.impl.RaftServerProxy.groupManagementAsync(RaftServerProxy.java:363)
	at org.apache.ratis.grpc.server.GrpcAdminProtocolService.lambda$groupManagement$0(GrpcAdminProtocolService.java:42)
	at org.apache.ratis.grpc.GrpcUtil.asyncCall(GrpcUtil.java:160)
	at org.apache.ratis.grpc.server.GrpcAdminProtocolService.groupManagement(GrpcAdminProtocolService.java:42)
	at org.apache.ratis.proto.grpc.AdminProtocolServiceGrpc$MethodHandlers.invoke(AdminProtocolServiceGrpc.java:358)
	at org.apache.ratis.thirdparty.io.grpc.stub.ServerCalls$UnaryServerCallHandler$UnaryServerCallListener.onHalfClose(ServerCalls.java:172)
	at org.apache.ratis.thirdparty.io.grpc.internal.ServerCallImpl$ServerStreamListenerImpl.halfClosed(ServerCallImpl.java:331)
	at org.apache.ratis.thirdparty.io.grpc.internal.ServerImpl$JumpToApplicationThreadServerStreamListener$1HalfClosed.runInContext(ServerImpl.java:814)
	at org.apache.ratis.thirdparty.io.grpc.internal.ContextRunnable.run(ContextRunnable.java:37)
	at org.apache.ratis.thirdparty.io.grpc.internal.SerializingExecutor.run(SerializingExecutor.java:123)
	at java.util.concurrent.ThreadPoolExecutor.runWorker(ThreadPoolExecutor.java:1149)
	at java.util.concurrent.ThreadPoolExecutor$Worker.run(ThreadPoolExecutor.java:624)
	at java.lang.Thread.run(Thread.java:748)
Caused by: org.apache.ratis.protocol.AlreadyExistsException: 60104982-6318-49fc-a8c7-671d7edb1a00: Failed to add group-9B462AAFDDCD:[32bb5132-3190-4c64-bf84-ebbd3e705cf4:172.17.0.2:46159, b4a43d29-118c-4b02-9b7b-443b0a36c06e:172.17.0.2:40513, 60104982-6318-49fc-a8c7-671d7edb1a00:172.17.0.2:37215] since the group already exists in the map.
	at org.apache.ratis.server.impl.RaftServerProxy$ImplMap.addNew(RaftServerProxy.java:83)
	at org.apache.ratis.server.impl.RaftServerProxy.groupAddAsync(RaftServerProxy.java:378)
	... 13 more
2020-04-03 12:22:43,162 [pool-593-thread-1] INFO  util.JmxRegister (JmxRegister.java:tryRegister(44)) - Successfully registered JMX Bean with object name Ratis:service=RaftServer,group=group-4DBA51E2039E,id=b4a43d29-118c-4b02-9b7b-443b0a36c06e
2020-04-03 12:22:43,162 [pool-593-thread-1] INFO  metrics.RatisMetrics (RatisMetrics.java:lambda$create$0(39)) - Creating Metrics Registry : ratis.state_machine.b4a43d29-118c-4b02-9b7b-443b0a36c06e@group-4DBA51E2039E
2020-04-03 12:22:43,164 [Command processor thread] INFO  commandhandler.CreatePipelineCommandHandler (CreatePipelineCommandHandler.java:handle(112)) - Created Pipeline RATIS ONE #id: "920d2f76-6c14-4680-90f2-4dba51e2039e"
.
2020-04-03 12:22:43,166 [Command processor thread] INFO  commandhandler.CreatePipelineCommandHandler (CreatePipelineCommandHandler.java:handle(112)) - Created Pipeline RATIS THREE #id: "596afeba-ad50-4139-8e2d-9b462aafddcd"
.
2020-04-03 12:22:43,167 [Command processor thread] INFO  impl.RaftServerProxy (RaftServerProxy.java:addNew(89)) - 5ea4e034-58ac-4e1a-97e7-fb59da8c8203: addNew group-82D4E3C7A127:[5ea4e034-58ac-4e1a-97e7-fb59da8c8203:172.17.0.2:39023] returns group-82D4E3C7A127:java.util.concurrent.CompletableFuture@d39a8d6[Not completed]
2020-04-03 12:22:43,168 [pool-608-thread-1] INFO  impl.RaftServerImpl (RaftServerImpl.java:<init>(97)) - 5ea4e034-58ac-4e1a-97e7-fb59da8c8203: new RaftServerImpl for group-82D4E3C7A127:[5ea4e034-58ac-4e1a-97e7-fb59da8c8203:172.17.0.2:39023] with ContainerStateMachine:uninitialized
2020-04-03 12:22:43,169 [pool-608-thread-1] INFO  server.RaftServerConfigKeys (ConfUtils.java:logGet(44)) - raft.server.rpc.timeout.min = 5s (custom)
2020-04-03 12:22:43,169 [pool-608-thread-1] INFO  server.RaftServerConfigKeys (ConfUtils.java:logGet(44)) - raft.server.rpc.timeout.max = 5200ms (custom)
2020-04-03 12:22:43,169 [pool-608-thread-1] INFO  server.RaftServerConfigKeys (ConfUtils.java:logGet(44)) - raft.server.rpcslowness.timeout = 300s (custom)
2020-04-03 12:22:43,169 [pool-608-thread-1] INFO  server.RaftServerConfigKeys (ConfUtils.java:logGet(44)) - raft.server.sleep.deviation.threshold = 300 (default)
2020-04-03 12:22:43,169 [pool-608-thread-1] INFO  server.RaftServerConfigKeys (ConfUtils.java:logGet(44)) - raft.server.log.appender.install.snapshot.enabled = false (custom)
2020-04-03 12:22:43,169 [pool-608-thread-1] INFO  impl.RaftServerImpl (ServerState.java:<init>(103)) - 5ea4e034-58ac-4e1a-97e7-fb59da8c8203@group-82D4E3C7A127: ConfigurationManager, init=-1: [5ea4e034-58ac-4e1a-97e7-fb59da8c8203:172.17.0.2:39023], old=null, confs=<EMPTY_MAP>
2020-04-03 12:22:43,169 [pool-608-thread-1] INFO  server.RaftServerConfigKeys (ConfUtils.java:logGet(44)) - raft.server.storage.dir = [/github/workspace/hadoop-ozone/integration-test/target/test-dir/MiniOzoneClusterImpl-54c97517-776f-4ce9-b1d6-5922e4042064/datanode-3/data/ratis] (custom)
2020-04-03 12:22:43,169 [pool-608-thread-1] INFO  server.RaftServerConfigKeys (ConfUtils.java:logGet(44)) - raft.server.log.corruption.policy = EXCEPTION (default)
2020-04-03 12:22:43,170 [pool-608-thread-1] INFO  storage.RaftStorageDirectory (RaftStorageDirectory.java:analyzeStorage(253)) - The storage directory /github/workspace/hadoop-ozone/integration-test/target/test-dir/MiniOzoneClusterImpl-54c97517-776f-4ce9-b1d6-5922e4042064/datanode-3/data/ratis/7bbd0ff0-2723-4c11-a971-82d4e3c7a127 does not exist. Creating ...
2020-04-03 12:22:43,171 [pool-608-thread-1] INFO  storage.RaftStorageDirectory (RaftStorageDirectory.java:tryLock(335)) - Lock on /github/workspace/hadoop-ozone/integration-test/target/test-dir/MiniOzoneClusterImpl-54c97517-776f-4ce9-b1d6-5922e4042064/datanode-3/data/ratis/7bbd0ff0-2723-4c11-a971-82d4e3c7a127/in_use.lock acquired by nodename 13457@bc31a1f7cf94
2020-04-03 12:22:43,172 [pool-608-thread-1] INFO  storage.RaftStorage (RaftStorage.java:format(84)) - Storage directory /github/workspace/hadoop-ozone/integration-test/target/test-dir/MiniOzoneClusterImpl-54c97517-776f-4ce9-b1d6-5922e4042064/datanode-3/data/ratis/7bbd0ff0-2723-4c11-a971-82d4e3c7a127 has been successfully formatted.
2020-04-03 12:22:43,173 [pool-608-thread-1] INFO  ratis.ContainerStateMachine (ContainerStateMachine.java:loadSnapshot(233)) - group-82D4E3C7A127: The snapshot info is null. Setting the last applied indexto:(t:0, i:~)
2020-04-03 12:22:43,173 [pool-608-thread-1] INFO  server.RaftServerConfigKeys (ConfUtils.java:logGet(44)) - raft.server.notification.no-leader.timeout = 60s (default)
2020-04-03 12:22:43,173 [pool-608-thread-1] INFO  server.RaftServerConfigKeys (ConfUtils.java:logGet(44)) - raft.server.log.use.memory = false (default)
2020-04-03 12:22:43,173 [pool-608-thread-1] INFO  server.RaftServerConfigKeys (ConfUtils.java:logGet(44)) - raft.server.log.purge.gap = 1000000 (custom)
2020-04-03 12:22:43,173 [pool-608-thread-1] INFO  server.RaftServerConfigKeys (ConfUtils.java:logGet(44)) - raft.server.log.appender.buffer.byte-limit = 33554432 (custom)
2020-04-03 12:22:43,173 [pool-608-thread-1] INFO  server.RaftServerConfigKeys (ConfUtils.java:logGet(44)) - raft.server.log.segment.size.max = 1048576 (custom)
2020-04-03 12:22:43,174 [EventQueue-PipelineReportForPipelineReportHandler] INFO  pipeline.PipelineStateManager (PipelineStateManager.java:openPipeline(131)) - Pipeline Pipeline[ Id: 7bbd0ff0-2723-4c11-a971-82d4e3c7a127, Nodes: 5ea4e034-58ac-4e1a-97e7-fb59da8c8203{ip: 172.17.0.2, host: bc31a1f7cf94, networkLocation: /default-rack, certSerialId: null}, Type:RATIS, Factor:ONE, State:ALLOCATED, leaderId:5ea4e034-58ac-4e1a-97e7-fb59da8c8203, CreationTimestamp2020-04-03T12:22:40.248Z] moved to OPEN state
2020-04-03 12:22:43,174 [pool-608-thread-1] INFO  metrics.RatisMetrics (RatisMetrics.java:lambda$create$0(39)) - Creating Metrics Registry : ratis.log_worker.5ea4e034-58ac-4e1a-97e7-fb59da8c8203
2020-04-03 12:22:43,174 [EventQueue-OpenPipelineForHealthyPipelineSafeModeRule] INFO  safemode.SCMSafeModeManager (HealthyPipelineSafeModeRule.java:process(131)) - SCM in safe mode. Healthy pipelines reported count is 0, required healthy pipeline reported count is 1
2020-04-03 12:22:43,174 [EventQueue-OpenPipelineForOneReplicaPipelineSafeModeRule] INFO  safemode.SCMSafeModeManager (SCMSafeModeManager.java:validateSafeModeExitRules(175)) - AtleastOneDatanodeReportedRule rule is successfully validated
2020-04-03 12:22:43,174 [pool-608-thread-1] INFO  server.RaftServerConfigKeys (ConfUtils.java:logGet(44)) - raft.server.log.segment.cache.num.max = 2 (custom)
2020-04-03 12:22:43,174 [pool-608-thread-1] INFO  segmented.SegmentedRaftLogWorker (SegmentedRaftLogWorker.java:<init>(176)) - new 5ea4e034-58ac-4e1a-97e7-fb59da8c8203@group-82D4E3C7A127-SegmentedRaftLogWorker for RaftStorage:Storage Directory /github/workspace/hadoop-ozone/integration-test/target/test-dir/MiniOzoneClusterImpl-54c97517-776f-4ce9-b1d6-5922e4042064/datanode-3/data/ratis/7bbd0ff0-2723-4c11-a971-82d4e3c7a127
2020-04-03 12:22:43,174 [pool-608-thread-1] INFO  server.RaftServerConfigKeys (ConfUtils.java:logGet(44)) - raft.server.log.queue.byte-limit = 2147483647 (custom)
2020-04-03 12:22:43,174 [pool-608-thread-1] INFO  server.RaftServerConfigKeys (ConfUtils.java:logGet(44)) - raft.server.log.queue.element-limit = 1024 (custom)
2020-04-03 12:22:43,175 [pool-608-thread-1] INFO  server.RaftServerConfigKeys (ConfUtils.java:logGet(44)) - raft.server.log.segment.size.max = 1048576 (custom)
2020-04-03 12:22:43,175 [pool-608-thread-1] INFO  server.RaftServerConfigKeys (ConfUtils.java:logGet(44)) - raft.server.log.preallocated.size = 16384 (custom)
2020-04-03 12:22:43,175 [pool-608-thread-1] INFO  server.RaftServerConfigKeys (ConfUtils.java:logGet(44)) - raft.server.log.write.buffer.size = 1048576 (custom)
2020-04-03 12:22:43,175 [pool-608-thread-1] INFO  server.RaftServerConfigKeys (ConfUtils.java:logGet(44)) - raft.server.log.force.sync.num = 128 (default)
2020-04-03 12:22:43,175 [pool-608-thread-1] INFO  server.RaftServerConfigKeys (ConfUtils.java:logGet(44)) - raft.server.log.statemachine.data.sync = true (default)
2020-04-03 12:22:43,175 [pool-608-thread-1] INFO  server.RaftServerConfigKeys (ConfUtils.java:logGet(44)) - raft.server.log.statemachine.data.sync.timeout = 10s (default)
2020-04-03 12:22:43,175 [pool-608-thread-1] INFO  server.RaftServerConfigKeys (ConfUtils.java:logGet(44)) - raft.server.log.statemachine.data.sync.timeout.retry = -1 (default)
2020-04-03 12:22:43,177 [pool-608-thread-1] INFO  server.RaftServerConfigKeys (ConfUtils.java:logGet(44)) - raft.server.log.statemachine.data.caching.enabled = true (custom)
2020-04-03 12:22:43,177 [pool-608-thread-1] INFO  segmented.SegmentedRaftLogWorker (SegmentedRaftLogWorker.java:lambda$new$0(129)) - 5ea4e034-58ac-4e1a-97e7-fb59da8c8203@group-82D4E3C7A127-SegmentedRaftLogWorker: flushIndex: setUnconditionally 0 -> -1
2020-04-03 12:22:43,177 [pool-608-thread-1] INFO  server.RaftServerConfigKeys (ConfUtils.java:logGet(44)) - raft.server.snapshot.auto.trigger.enabled = true (custom)
2020-04-03 12:22:43,178 [pool-608-thread-1] INFO  server.RaftServerConfigKeys (ConfUtils.java:logGet(44)) - raft.server.snapshot.auto.trigger.threshold = 10000 (custom)
2020-04-03 12:22:43,178 [pool-608-thread-1] INFO  server.RaftServerConfigKeys (ConfUtils.java:logGet(44)) - raft.server.snapshot.retention.file.num = 5 (custom)
2020-04-03 12:22:43,178 [pool-608-thread-1] INFO  server.RaftServerConfigKeys (ConfUtils.java:logGet(44)) - raft.server.retrycache.expirytime = 600000ms (custom)
2020-04-03 12:22:43,178 [pool-608-thread-1] INFO  metrics.RatisMetrics (RatisMetrics.java:lambda$create$0(39)) - Creating Metrics Registry : ratis.leader_election.5ea4e034-58ac-4e1a-97e7-fb59da8c8203@group-82D4E3C7A127
2020-04-03 12:22:43,179 [pool-608-thread-1] INFO  metrics.RatisMetrics (RatisMetrics.java:lambda$create$0(39)) - Creating Metrics Registry : ratis.server.5ea4e034-58ac-4e1a-97e7-fb59da8c8203@group-82D4E3C7A127
2020-04-03 12:22:43,180 [pool-608-thread-1] INFO  impl.RaftServerImpl (RaftServerImpl.java:start(183)) - 5ea4e034-58ac-4e1a-97e7-fb59da8c8203@group-82D4E3C7A127: start as a follower, conf=-1: [5ea4e034-58ac-4e1a-97e7-fb59da8c8203:172.17.0.2:39023], old=null
2020-04-03 12:22:43,180 [pool-608-thread-1] INFO  impl.RaftServerImpl (RaftServerImpl.java:setRole(172)) - 5ea4e034-58ac-4e1a-97e7-fb59da8c8203@group-82D4E3C7A127: changes role from      null to FOLLOWER at term 0 for startAsFollower
2020-04-03 12:22:43,180 [pool-608-thread-1] INFO  impl.RoleInfo (RoleInfo.java:updateAndGet(143)) - 5ea4e034-58ac-4e1a-97e7-fb59da8c8203: start FollowerState
2020-04-03 12:22:43,180 [pool-608-thread-1] INFO  util.JmxRegister (JmxRegister.java:tryRegister(44)) - Successfully registered JMX Bean with object name Ratis:service=RaftServer,group=group-82D4E3C7A127,id=5ea4e034-58ac-4e1a-97e7-fb59da8c8203
2020-04-03 12:22:43,180 [pool-608-thread-1] INFO  metrics.RatisMetrics (RatisMetrics.java:lambda$create$0(39)) - Creating Metrics Registry : ratis.state_machine.5ea4e034-58ac-4e1a-97e7-fb59da8c8203@group-82D4E3C7A127
2020-04-03 12:22:43,181 [Command processor thread] INFO  commandhandler.CreatePipelineCommandHandler (CreatePipelineCommandHandler.java:handle(112)) - Created Pipeline RATIS ONE #id: "7bbd0ff0-2723-4c11-a971-82d4e3c7a127"
.
2020-04-03 12:22:43,181 [Command processor thread] INFO  impl.RaftServerProxy (RaftServerProxy.java:addNew(89)) - 5ea4e034-58ac-4e1a-97e7-fb59da8c8203: addNew group-5FE9EAEC25CC:[5ea4e034-58ac-4e1a-97e7-fb59da8c8203:172.17.0.2:39023, 1ad7987d-30f8-499c-992f-34a29b261407:172.17.0.2:41615, 51d79ad1-091b-476d-b3ea-570089388469:172.17.0.2:41413] returns group-5FE9EAEC25CC:java.util.concurrent.CompletableFuture@9062da9[Not completed]
2020-04-03 12:22:43,182 [pool-608-thread-1] INFO  impl.RaftServerImpl (RaftServerImpl.java:<init>(97)) - 5ea4e034-58ac-4e1a-97e7-fb59da8c8203: new RaftServerImpl for group-5FE9EAEC25CC:[5ea4e034-58ac-4e1a-97e7-fb59da8c8203:172.17.0.2:39023, 1ad7987d-30f8-499c-992f-34a29b261407:172.17.0.2:41615, 51d79ad1-091b-476d-b3ea-570089388469:172.17.0.2:41413] with ContainerStateMachine:uninitialized
2020-04-03 12:22:43,182 [pool-608-thread-1] INFO  server.RaftServerConfigKeys (ConfUtils.java:logGet(44)) - raft.server.rpc.timeout.min = 5s (custom)
2020-04-03 12:22:43,182 [pool-608-thread-1] INFO  server.RaftServerConfigKeys (ConfUtils.java:logGet(44)) - raft.server.rpc.timeout.max = 5200ms (custom)
2020-04-03 12:22:43,182 [pool-608-thread-1] INFO  server.RaftServerConfigKeys (ConfUtils.java:logGet(44)) - raft.server.rpcslowness.timeout = 300s (custom)
2020-04-03 12:22:43,182 [pool-608-thread-1] INFO  server.RaftServerConfigKeys (ConfUtils.java:logGet(44)) - raft.server.sleep.deviation.threshold = 300 (default)
2020-04-03 12:22:43,182 [pool-608-thread-1] INFO  server.RaftServerConfigKeys (ConfUtils.java:logGet(44)) - raft.server.log.appender.install.snapshot.enabled = false (custom)
2020-04-03 12:22:43,182 [pool-608-thread-1] INFO  impl.RaftServerImpl (ServerState.java:<init>(103)) - 5ea4e034-58ac-4e1a-97e7-fb59da8c8203@group-5FE9EAEC25CC: ConfigurationManager, init=-1: [5ea4e034-58ac-4e1a-97e7-fb59da8c8203:172.17.0.2:39023, 1ad7987d-30f8-499c-992f-34a29b261407:172.17.0.2:41615, 51d79ad1-091b-476d-b3ea-570089388469:172.17.0.2:41413], old=null, confs=<EMPTY_MAP>
2020-04-03 12:22:43,183 [pool-608-thread-1] INFO  server.RaftServerConfigKeys (ConfUtils.java:logGet(44)) - raft.server.storage.dir = [/github/workspace/hadoop-ozone/integration-test/target/test-dir/MiniOzoneClusterImpl-54c97517-776f-4ce9-b1d6-5922e4042064/datanode-3/data/ratis] (custom)
2020-04-03 12:22:43,183 [pool-608-thread-1] INFO  server.RaftServerConfigKeys (ConfUtils.java:logGet(44)) - raft.server.log.corruption.policy = EXCEPTION (default)
2020-04-03 12:22:43,183 [pool-608-thread-1] INFO  storage.RaftStorageDirectory (RaftStorageDirectory.java:analyzeStorage(253)) - The storage directory /github/workspace/hadoop-ozone/integration-test/target/test-dir/MiniOzoneClusterImpl-54c97517-776f-4ce9-b1d6-5922e4042064/datanode-3/data/ratis/30ed9ebf-2c1f-4188-8c48-5fe9eaec25cc does not exist. Creating ...
2020-04-03 12:22:43,184 [pool-608-thread-1] INFO  storage.RaftStorageDirectory (RaftStorageDirectory.java:tryLock(335)) - Lock on /github/workspace/hadoop-ozone/integration-test/target/test-dir/MiniOzoneClusterImpl-54c97517-776f-4ce9-b1d6-5922e4042064/datanode-3/data/ratis/30ed9ebf-2c1f-4188-8c48-5fe9eaec25cc/in_use.lock acquired by nodename 13457@bc31a1f7cf94
2020-04-03 12:22:43,185 [pool-608-thread-1] INFO  storage.RaftStorage (RaftStorage.java:format(84)) - Storage directory /github/workspace/hadoop-ozone/integration-test/target/test-dir/MiniOzoneClusterImpl-54c97517-776f-4ce9-b1d6-5922e4042064/datanode-3/data/ratis/30ed9ebf-2c1f-4188-8c48-5fe9eaec25cc has been successfully formatted.
2020-04-03 12:22:43,186 [pool-608-thread-1] INFO  ratis.ContainerStateMachine (ContainerStateMachine.java:loadSnapshot(233)) - group-5FE9EAEC25CC: The snapshot info is null. Setting the last applied indexto:(t:0, i:~)
2020-04-03 12:22:43,186 [pool-608-thread-1] INFO  server.RaftServerConfigKeys (ConfUtils.java:logGet(44)) - raft.server.notification.no-leader.timeout = 60s (default)
2020-04-03 12:22:43,186 [pool-608-thread-1] INFO  server.RaftServerConfigKeys (ConfUtils.java:logGet(44)) - raft.server.log.use.memory = false (default)
2020-04-03 12:22:43,186 [pool-608-thread-1] INFO  server.RaftServerConfigKeys (ConfUtils.java:logGet(44)) - raft.server.log.purge.gap = 1000000 (custom)
2020-04-03 12:22:43,187 [pool-608-thread-1] INFO  server.RaftServerConfigKeys (ConfUtils.java:logGet(44)) - raft.server.log.appender.buffer.byte-limit = 33554432 (custom)
2020-04-03 12:22:43,187 [pool-608-thread-1] INFO  server.RaftServerConfigKeys (ConfUtils.java:logGet(44)) - raft.server.log.segment.size.max = 1048576 (custom)
2020-04-03 12:22:43,187 [pool-608-thread-1] INFO  server.RaftServerConfigKeys (ConfUtils.java:logGet(44)) - raft.server.log.segment.cache.num.max = 2 (custom)
2020-04-03 12:22:43,187 [pool-608-thread-1] INFO  segmented.SegmentedRaftLogWorker (SegmentedRaftLogWorker.java:<init>(176)) - new 5ea4e034-58ac-4e1a-97e7-fb59da8c8203@group-5FE9EAEC25CC-SegmentedRaftLogWorker for RaftStorage:Storage Directory /github/workspace/hadoop-ozone/integration-test/target/test-dir/MiniOzoneClusterImpl-54c97517-776f-4ce9-b1d6-5922e4042064/datanode-3/data/ratis/30ed9ebf-2c1f-4188-8c48-5fe9eaec25cc
2020-04-03 12:22:43,187 [pool-608-thread-1] INFO  server.RaftServerConfigKeys (ConfUtils.java:logGet(44)) - raft.server.log.queue.byte-limit = 2147483647 (custom)
2020-04-03 12:22:43,187 [pool-608-thread-1] INFO  server.RaftServerConfigKeys (ConfUtils.java:logGet(44)) - raft.server.log.queue.element-limit = 1024 (custom)
2020-04-03 12:22:43,187 [pool-608-thread-1] INFO  server.RaftServerConfigKeys (ConfUtils.java:logGet(44)) - raft.server.log.segment.size.max = 1048576 (custom)
2020-04-03 12:22:43,187 [pool-608-thread-1] INFO  server.RaftServerConfigKeys (ConfUtils.java:logGet(44)) - raft.server.log.preallocated.size = 16384 (custom)
2020-04-03 12:22:43,187 [pool-608-thread-1] INFO  server.RaftServerConfigKeys (ConfUtils.java:logGet(44)) - raft.server.log.write.buffer.size = 1048576 (custom)
2020-04-03 12:22:43,187 [pool-608-thread-1] INFO  server.RaftServerConfigKeys (ConfUtils.java:logGet(44)) - raft.server.log.force.sync.num = 128 (default)
2020-04-03 12:22:43,187 [pool-608-thread-1] INFO  server.RaftServerConfigKeys (ConfUtils.java:logGet(44)) - raft.server.log.statemachine.data.sync = true (default)
2020-04-03 12:22:43,187 [pool-608-thread-1] INFO  server.RaftServerConfigKeys (ConfUtils.java:logGet(44)) - raft.server.log.statemachine.data.sync.timeout = 10s (default)
2020-04-03 12:22:43,187 [pool-608-thread-1] INFO  server.RaftServerConfigKeys (ConfUtils.java:logGet(44)) - raft.server.log.statemachine.data.sync.timeout.retry = -1 (default)
2020-04-03 12:22:43,188 [pool-608-thread-1] INFO  server.RaftServerConfigKeys (ConfUtils.java:logGet(44)) - raft.server.log.statemachine.data.caching.enabled = true (custom)
2020-04-03 12:22:43,188 [pool-608-thread-1] INFO  segmented.SegmentedRaftLogWorker (SegmentedRaftLogWorker.java:lambda$new$0(129)) - 5ea4e034-58ac-4e1a-97e7-fb59da8c8203@group-5FE9EAEC25CC-SegmentedRaftLogWorker: flushIndex: setUnconditionally 0 -> -1
2020-04-03 12:22:43,188 [pool-608-thread-1] INFO  server.RaftServerConfigKeys (ConfUtils.java:logGet(44)) - raft.server.snapshot.auto.trigger.enabled = true (custom)
2020-04-03 12:22:43,189 [pool-608-thread-1] INFO  server.RaftServerConfigKeys (ConfUtils.java:logGet(44)) - raft.server.snapshot.auto.trigger.threshold = 10000 (custom)
2020-04-03 12:22:43,189 [pool-608-thread-1] INFO  server.RaftServerConfigKeys (ConfUtils.java:logGet(44)) - raft.server.snapshot.retention.file.num = 5 (custom)
2020-04-03 12:22:43,189 [pool-608-thread-1] INFO  server.RaftServerConfigKeys (ConfUtils.java:logGet(44)) - raft.server.retrycache.expirytime = 600000ms (custom)
2020-04-03 12:22:43,189 [pool-608-thread-1] INFO  metrics.RatisMetrics (RatisMetrics.java:lambda$create$0(39)) - Creating Metrics Registry : ratis.leader_election.5ea4e034-58ac-4e1a-97e7-fb59da8c8203@group-5FE9EAEC25CC
2020-04-03 12:22:43,190 [pool-608-thread-1] INFO  metrics.RatisMetrics (RatisMetrics.java:lambda$create$0(39)) - Creating Metrics Registry : ratis.server.5ea4e034-58ac-4e1a-97e7-fb59da8c8203@group-5FE9EAEC25CC
2020-04-03 12:22:43,190 [pool-608-thread-1] INFO  impl.RaftServerImpl (RaftServerImpl.java:start(183)) - 5ea4e034-58ac-4e1a-97e7-fb59da8c8203@group-5FE9EAEC25CC: start as a follower, conf=-1: [5ea4e034-58ac-4e1a-97e7-fb59da8c8203:172.17.0.2:39023, 1ad7987d-30f8-499c-992f-34a29b261407:172.17.0.2:41615, 51d79ad1-091b-476d-b3ea-570089388469:172.17.0.2:41413], old=null
2020-04-03 12:22:43,190 [pool-608-thread-1] INFO  impl.RaftServerImpl (RaftServerImpl.java:setRole(172)) - 5ea4e034-58ac-4e1a-97e7-fb59da8c8203@group-5FE9EAEC25CC: changes role from      null to FOLLOWER at term 0 for startAsFollower
2020-04-03 12:22:43,190 [pool-608-thread-1] INFO  impl.RoleInfo (RoleInfo.java:updateAndGet(143)) - 5ea4e034-58ac-4e1a-97e7-fb59da8c8203: start FollowerState
2020-04-03 12:22:43,190 [pool-608-thread-1] INFO  util.JmxRegister (JmxRegister.java:tryRegister(44)) - Successfully registered JMX Bean with object name Ratis:service=RaftServer,group=group-5FE9EAEC25CC,id=5ea4e034-58ac-4e1a-97e7-fb59da8c8203
2020-04-03 12:22:43,190 [pool-608-thread-1] INFO  metrics.RatisMetrics (RatisMetrics.java:lambda$create$0(39)) - Creating Metrics Registry : ratis.state_machine.5ea4e034-58ac-4e1a-97e7-fb59da8c8203@group-5FE9EAEC25CC
2020-04-03 12:22:43,197 [grpc-default-executor-6] INFO  impl.RaftServerProxy (RaftServerProxy.java:addNew(89)) - 51d79ad1-091b-476d-b3ea-570089388469: addNew group-5FE9EAEC25CC:[5ea4e034-58ac-4e1a-97e7-fb59da8c8203:172.17.0.2:39023, 1ad7987d-30f8-499c-992f-34a29b261407:172.17.0.2:41615, 51d79ad1-091b-476d-b3ea-570089388469:172.17.0.2:41413] returns group-5FE9EAEC25CC:java.util.concurrent.CompletableFuture@39dacdff[Not completed]
2020-04-03 12:22:43,198 [pool-638-thread-1] INFO  impl.RaftServerImpl (RaftServerImpl.java:<init>(97)) - 51d79ad1-091b-476d-b3ea-570089388469: new RaftServerImpl for group-5FE9EAEC25CC:[5ea4e034-58ac-4e1a-97e7-fb59da8c8203:172.17.0.2:39023, 1ad7987d-30f8-499c-992f-34a29b261407:172.17.0.2:41615, 51d79ad1-091b-476d-b3ea-570089388469:172.17.0.2:41413] with ContainerStateMachine:uninitialized
2020-04-03 12:22:43,198 [pool-638-thread-1] INFO  server.RaftServerConfigKeys (ConfUtils.java:logGet(44)) - raft.server.rpc.timeout.min = 5s (custom)
2020-04-03 12:22:43,198 [pool-638-thread-1] INFO  server.RaftServerConfigKeys (ConfUtils.java:logGet(44)) - raft.server.rpc.timeout.max = 5200ms (custom)
2020-04-03 12:22:43,198 [pool-638-thread-1] INFO  server.RaftServerConfigKeys (ConfUtils.java:logGet(44)) - raft.server.rpcslowness.timeout = 300s (custom)
2020-04-03 12:22:43,198 [pool-638-thread-1] INFO  server.RaftServerConfigKeys (ConfUtils.java:logGet(44)) - raft.server.sleep.deviation.threshold = 300 (default)
2020-04-03 12:22:43,199 [pool-638-thread-1] INFO  server.RaftServerConfigKeys (ConfUtils.java:logGet(44)) - raft.server.log.appender.install.snapshot.enabled = false (custom)
2020-04-03 12:22:43,199 [pool-638-thread-1] INFO  impl.RaftServerImpl (ServerState.java:<init>(103)) - 51d79ad1-091b-476d-b3ea-570089388469@group-5FE9EAEC25CC: ConfigurationManager, init=-1: [5ea4e034-58ac-4e1a-97e7-fb59da8c8203:172.17.0.2:39023, 1ad7987d-30f8-499c-992f-34a29b261407:172.17.0.2:41615, 51d79ad1-091b-476d-b3ea-570089388469:172.17.0.2:41413], old=null, confs=<EMPTY_MAP>
2020-04-03 12:22:43,199 [pool-638-thread-1] INFO  server.RaftServerConfigKeys (ConfUtils.java:logGet(44)) - raft.server.storage.dir = [/github/workspace/hadoop-ozone/integration-test/target/test-dir/MiniOzoneClusterImpl-54c97517-776f-4ce9-b1d6-5922e4042064/datanode-5/data/ratis] (custom)
2020-04-03 12:22:43,199 [pool-638-thread-1] INFO  server.RaftServerConfigKeys (ConfUtils.java:logGet(44)) - raft.server.log.corruption.policy = EXCEPTION (default)
2020-04-03 12:22:43,199 [pool-638-thread-1] INFO  storage.RaftStorageDirectory (RaftStorageDirectory.java:analyzeStorage(253)) - The storage directory /github/workspace/hadoop-ozone/integration-test/target/test-dir/MiniOzoneClusterImpl-54c97517-776f-4ce9-b1d6-5922e4042064/datanode-5/data/ratis/30ed9ebf-2c1f-4188-8c48-5fe9eaec25cc does not exist. Creating ...
2020-04-03 12:22:43,200 [pool-638-thread-1] INFO  storage.RaftStorageDirectory (RaftStorageDirectory.java:tryLock(335)) - Lock on /github/workspace/hadoop-ozone/integration-test/target/test-dir/MiniOzoneClusterImpl-54c97517-776f-4ce9-b1d6-5922e4042064/datanode-5/data/ratis/30ed9ebf-2c1f-4188-8c48-5fe9eaec25cc/in_use.lock acquired by nodename 13457@bc31a1f7cf94
2020-04-03 12:22:43,201 [pool-638-thread-1] INFO  storage.RaftStorage (RaftStorage.java:format(84)) - Storage directory /github/workspace/hadoop-ozone/integration-test/target/test-dir/MiniOzoneClusterImpl-54c97517-776f-4ce9-b1d6-5922e4042064/datanode-5/data/ratis/30ed9ebf-2c1f-4188-8c48-5fe9eaec25cc has been successfully formatted.
2020-04-03 12:22:43,206 [pool-638-thread-1] INFO  ratis.ContainerStateMachine (ContainerStateMachine.java:loadSnapshot(233)) - group-5FE9EAEC25CC: The snapshot info is null. Setting the last applied indexto:(t:0, i:~)
2020-04-03 12:22:43,206 [pool-638-thread-1] INFO  server.RaftServerConfigKeys (ConfUtils.java:logGet(44)) - raft.server.notification.no-leader.timeout = 60s (default)
2020-04-03 12:22:43,206 [pool-638-thread-1] INFO  server.RaftServerConfigKeys (ConfUtils.java:logGet(44)) - raft.server.log.use.memory = false (default)
2020-04-03 12:22:43,206 [pool-638-thread-1] INFO  server.RaftServerConfigKeys (ConfUtils.java:logGet(44)) - raft.server.log.purge.gap = 1000000 (custom)
2020-04-03 12:22:43,207 [pool-638-thread-1] INFO  server.RaftServerConfigKeys (ConfUtils.java:logGet(44)) - raft.server.log.appender.buffer.byte-limit = 33554432 (custom)
2020-04-03 12:22:43,207 [pool-638-thread-1] INFO  server.RaftServerConfigKeys (ConfUtils.java:logGet(44)) - raft.server.log.segment.size.max = 1048576 (custom)
2020-04-03 12:22:43,207 [pool-638-thread-1] INFO  metrics.RatisMetrics (RatisMetrics.java:lambda$create$0(39)) - Creating Metrics Registry : ratis.log_worker.51d79ad1-091b-476d-b3ea-570089388469
2020-04-03 12:22:43,207 [pool-638-thread-1] INFO  server.RaftServerConfigKeys (ConfUtils.java:logGet(44)) - raft.server.log.segment.cache.num.max = 2 (custom)
2020-04-03 12:22:43,207 [pool-638-thread-1] INFO  segmented.SegmentedRaftLogWorker (SegmentedRaftLogWorker.java:<init>(176)) - new 51d79ad1-091b-476d-b3ea-570089388469@group-5FE9EAEC25CC-SegmentedRaftLogWorker for RaftStorage:Storage Directory /github/workspace/hadoop-ozone/integration-test/target/test-dir/MiniOzoneClusterImpl-54c97517-776f-4ce9-b1d6-5922e4042064/datanode-5/data/ratis/30ed9ebf-2c1f-4188-8c48-5fe9eaec25cc
2020-04-03 12:22:43,207 [pool-638-thread-1] INFO  server.RaftServerConfigKeys (ConfUtils.java:logGet(44)) - raft.server.log.queue.byte-limit = 2147483647 (custom)
2020-04-03 12:22:43,207 [pool-638-thread-1] INFO  server.RaftServerConfigKeys (ConfUtils.java:logGet(44)) - raft.server.log.queue.element-limit = 1024 (custom)
2020-04-03 12:22:43,207 [pool-638-thread-1] INFO  server.RaftServerConfigKeys (ConfUtils.java:logGet(44)) - raft.server.log.segment.size.max = 1048576 (custom)
2020-04-03 12:22:43,207 [pool-638-thread-1] INFO  server.RaftServerConfigKeys (ConfUtils.java:logGet(44)) - raft.server.log.preallocated.size = 16384 (custom)
2020-04-03 12:22:43,207 [pool-638-thread-1] INFO  server.RaftServerConfigKeys (ConfUtils.java:logGet(44)) - raft.server.log.write.buffer.size = 1048576 (custom)
2020-04-03 12:22:43,208 [pool-638-thread-1] INFO  server.RaftServerConfigKeys (ConfUtils.java:logGet(44)) - raft.server.log.force.sync.num = 128 (default)
2020-04-03 12:22:43,208 [pool-638-thread-1] INFO  server.RaftServerConfigKeys (ConfUtils.java:logGet(44)) - raft.server.log.statemachine.data.sync = true (default)
2020-04-03 12:22:43,208 [pool-638-thread-1] INFO  server.RaftServerConfigKeys (ConfUtils.java:logGet(44)) - raft.server.log.statemachine.data.sync.timeout = 10s (default)
2020-04-03 12:22:43,208 [pool-638-thread-1] INFO  server.RaftServerConfigKeys (ConfUtils.java:logGet(44)) - raft.server.log.statemachine.data.sync.timeout.retry = -1 (default)
2020-04-03 12:22:43,210 [pool-638-thread-1] INFO  server.RaftServerConfigKeys (ConfUtils.java:logGet(44)) - raft.server.log.statemachine.data.caching.enabled = true (custom)
2020-04-03 12:22:43,210 [pool-638-thread-1] INFO  segmented.SegmentedRaftLogWorker (SegmentedRaftLogWorker.java:lambda$new$0(129)) - 51d79ad1-091b-476d-b3ea-570089388469@group-5FE9EAEC25CC-SegmentedRaftLogWorker: flushIndex: setUnconditionally 0 -> -1
2020-04-03 12:22:43,210 [pool-638-thread-1] INFO  server.RaftServerConfigKeys (ConfUtils.java:logGet(44)) - raft.server.snapshot.auto.trigger.enabled = true (custom)
2020-04-03 12:22:43,211 [pool-638-thread-1] INFO  server.RaftServerConfigKeys (ConfUtils.java:logGet(44)) - raft.server.snapshot.auto.trigger.threshold = 10000 (custom)
2020-04-03 12:22:43,211 [pool-638-thread-1] INFO  server.RaftServerConfigKeys (ConfUtils.java:logGet(44)) - raft.server.snapshot.retention.file.num = 5 (custom)
2020-04-03 12:22:43,211 [pool-638-thread-1] INFO  server.RaftServerConfigKeys (ConfUtils.java:logGet(44)) - raft.server.retrycache.expirytime = 600000ms (custom)
2020-04-03 12:22:43,211 [pool-638-thread-1] INFO  metrics.RatisMetrics (RatisMetrics.java:lambda$create$0(39)) - Creating Metrics Registry : ratis.leader_election.51d79ad1-091b-476d-b3ea-570089388469@group-5FE9EAEC25CC
2020-04-03 12:22:43,211 [pool-638-thread-1] INFO  metrics.RatisMetrics (RatisMetrics.java:lambda$create$0(39)) - Creating Metrics Registry : ratis.server.51d79ad1-091b-476d-b3ea-570089388469@group-5FE9EAEC25CC
2020-04-03 12:22:43,212 [pool-638-thread-1] INFO  impl.RaftServerImpl (RaftServerImpl.java:start(183)) - 51d79ad1-091b-476d-b3ea-570089388469@group-5FE9EAEC25CC: start as a follower, conf=-1: [5ea4e034-58ac-4e1a-97e7-fb59da8c8203:172.17.0.2:39023, 1ad7987d-30f8-499c-992f-34a29b261407:172.17.0.2:41615, 51d79ad1-091b-476d-b3ea-570089388469:172.17.0.2:41413], old=null
2020-04-03 12:22:43,212 [pool-638-thread-1] INFO  impl.RaftServerImpl (RaftServerImpl.java:setRole(172)) - 51d79ad1-091b-476d-b3ea-570089388469@group-5FE9EAEC25CC: changes role from      null to FOLLOWER at term 0 for startAsFollower
2020-04-03 12:22:43,212 [pool-638-thread-1] INFO  impl.RoleInfo (RoleInfo.java:updateAndGet(143)) - 51d79ad1-091b-476d-b3ea-570089388469: start FollowerState
2020-04-03 12:22:43,212 [pool-638-thread-1] INFO  util.JmxRegister (JmxRegister.java:tryRegister(44)) - Successfully registered JMX Bean with object name Ratis:service=RaftServer,group=group-5FE9EAEC25CC,id=51d79ad1-091b-476d-b3ea-570089388469
2020-04-03 12:22:43,212 [pool-638-thread-1] INFO  metrics.RatisMetrics (RatisMetrics.java:lambda$create$0(39)) - Creating Metrics Registry : ratis.state_machine.51d79ad1-091b-476d-b3ea-570089388469@group-5FE9EAEC25CC
2020-04-03 12:22:43,224 [grpc-default-executor-6] INFO  impl.RaftServerProxy (RaftServerProxy.java:addNew(89)) - 1ad7987d-30f8-499c-992f-34a29b261407: addNew group-5FE9EAEC25CC:[5ea4e034-58ac-4e1a-97e7-fb59da8c8203:172.17.0.2:39023, 1ad7987d-30f8-499c-992f-34a29b261407:172.17.0.2:41615, 51d79ad1-091b-476d-b3ea-570089388469:172.17.0.2:41413] returns group-5FE9EAEC25CC:java.util.concurrent.CompletableFuture@3e1e3d4c[Not completed]
2020-04-03 12:22:43,225 [Command processor thread] INFO  impl.RaftServerProxy (RaftServerProxy.java:addNew(89)) - 1ad7987d-30f8-499c-992f-34a29b261407: addNew group-FFE3DA64EEB3:[1ad7987d-30f8-499c-992f-34a29b261407:172.17.0.2:41615] returns group-FFE3DA64EEB3:java.util.concurrent.CompletableFuture@46b5277f[Not completed]
2020-04-03 12:22:43,226 [pool-623-thread-1] INFO  impl.RaftServerImpl (RaftServerImpl.java:<init>(97)) - 1ad7987d-30f8-499c-992f-34a29b261407: new RaftServerImpl for group-5FE9EAEC25CC:[5ea4e034-58ac-4e1a-97e7-fb59da8c8203:172.17.0.2:39023, 1ad7987d-30f8-499c-992f-34a29b261407:172.17.0.2:41615, 51d79ad1-091b-476d-b3ea-570089388469:172.17.0.2:41413] with ContainerStateMachine:uninitialized
2020-04-03 12:22:43,226 [pool-623-thread-1] INFO  server.RaftServerConfigKeys (ConfUtils.java:logGet(44)) - raft.server.rpc.timeout.min = 5s (custom)
2020-04-03 12:22:43,226 [pool-623-thread-1] INFO  server.RaftServerConfigKeys (ConfUtils.java:logGet(44)) - raft.server.rpc.timeout.max = 5200ms (custom)
2020-04-03 12:22:43,226 [pool-623-thread-1] INFO  server.RaftServerConfigKeys (ConfUtils.java:logGet(44)) - raft.server.rpcslowness.timeout = 300s (custom)
2020-04-03 12:22:43,226 [pool-623-thread-1] INFO  server.RaftServerConfigKeys (ConfUtils.java:logGet(44)) - raft.server.sleep.deviation.threshold = 300 (default)
2020-04-03 12:22:43,226 [pool-623-thread-1] INFO  server.RaftServerConfigKeys (ConfUtils.java:logGet(44)) - raft.server.log.appender.install.snapshot.enabled = false (custom)
2020-04-03 12:22:43,227 [pool-623-thread-1] INFO  impl.RaftServerImpl (ServerState.java:<init>(103)) - 1ad7987d-30f8-499c-992f-34a29b261407@group-5FE9EAEC25CC: ConfigurationManager, init=-1: [5ea4e034-58ac-4e1a-97e7-fb59da8c8203:172.17.0.2:39023, 1ad7987d-30f8-499c-992f-34a29b261407:172.17.0.2:41615, 51d79ad1-091b-476d-b3ea-570089388469:172.17.0.2:41413], old=null, confs=<EMPTY_MAP>
2020-04-03 12:22:43,227 [pool-623-thread-1] INFO  server.RaftServerConfigKeys (ConfUtils.java:logGet(44)) - raft.server.storage.dir = [/github/workspace/hadoop-ozone/integration-test/target/test-dir/MiniOzoneClusterImpl-54c97517-776f-4ce9-b1d6-5922e4042064/datanode-4/data/ratis] (custom)
2020-04-03 12:22:43,227 [pool-623-thread-1] INFO  server.RaftServerConfigKeys (ConfUtils.java:logGet(44)) - raft.server.log.corruption.policy = EXCEPTION (default)
2020-04-03 12:22:43,227 [pool-623-thread-1] INFO  storage.RaftStorageDirectory (RaftStorageDirectory.java:analyzeStorage(253)) - The storage directory /github/workspace/hadoop-ozone/integration-test/target/test-dir/MiniOzoneClusterImpl-54c97517-776f-4ce9-b1d6-5922e4042064/datanode-4/data/ratis/30ed9ebf-2c1f-4188-8c48-5fe9eaec25cc does not exist. Creating ...
2020-04-03 12:22:43,228 [pool-623-thread-1] INFO  storage.RaftStorageDirectory (RaftStorageDirectory.java:tryLock(335)) - Lock on /github/workspace/hadoop-ozone/integration-test/target/test-dir/MiniOzoneClusterImpl-54c97517-776f-4ce9-b1d6-5922e4042064/datanode-4/data/ratis/30ed9ebf-2c1f-4188-8c48-5fe9eaec25cc/in_use.lock acquired by nodename 13457@bc31a1f7cf94
2020-04-03 12:22:43,229 [pool-623-thread-1] INFO  storage.RaftStorage (RaftStorage.java:format(84)) - Storage directory /github/workspace/hadoop-ozone/integration-test/target/test-dir/MiniOzoneClusterImpl-54c97517-776f-4ce9-b1d6-5922e4042064/datanode-4/data/ratis/30ed9ebf-2c1f-4188-8c48-5fe9eaec25cc has been successfully formatted.
2020-04-03 12:22:43,231 [pool-623-thread-1] INFO  ratis.ContainerStateMachine (ContainerStateMachine.java:loadSnapshot(233)) - group-5FE9EAEC25CC: The snapshot info is null. Setting the last applied indexto:(t:0, i:~)
2020-04-03 12:22:43,231 [pool-623-thread-1] INFO  server.RaftServerConfigKeys (ConfUtils.java:logGet(44)) - raft.server.notification.no-leader.timeout = 60s (default)
2020-04-03 12:22:43,231 [EventQueue-PipelineReportForPipelineReportHandler] INFO  pipeline.PipelineStateManager (PipelineStateManager.java:openPipeline(131)) - Pipeline Pipeline[ Id: 20312da7-76b4-450e-b4af-ffe3da64eeb3, Nodes: 1ad7987d-30f8-499c-992f-34a29b261407{ip: 172.17.0.2, host: bc31a1f7cf94, networkLocation: /default-rack, certSerialId: null}, Type:RATIS, Factor:ONE, State:ALLOCATED, leaderId:1ad7987d-30f8-499c-992f-34a29b261407, CreationTimestamp2020-04-03T12:22:40.248Z] moved to OPEN state
2020-04-03 12:22:43,231 [EventQueue-OpenPipelineForOneReplicaPipelineSafeModeRule] INFO  safemode.SCMSafeModeManager (SCMSafeModeManager.java:validateSafeModeExitRules(175)) - AtleastOneDatanodeReportedRule rule is successfully validated
2020-04-03 12:22:43,231 [EventQueue-OpenPipelineForHealthyPipelineSafeModeRule] INFO  safemode.SCMSafeModeManager (HealthyPipelineSafeModeRule.java:process(131)) - SCM in safe mode. Healthy pipelines reported count is 0, required healthy pipeline reported count is 1
2020-04-03 12:22:43,231 [pool-623-thread-1] INFO  server.RaftServerConfigKeys (ConfUtils.java:logGet(44)) - raft.server.log.use.memory = false (default)
2020-04-03 12:22:43,232 [pool-623-thread-1] INFO  server.RaftServerConfigKeys (ConfUtils.java:logGet(44)) - raft.server.log.purge.gap = 1000000 (custom)
2020-04-03 12:22:43,232 [pool-623-thread-1] INFO  server.RaftServerConfigKeys (ConfUtils.java:logGet(44)) - raft.server.log.appender.buffer.byte-limit = 33554432 (custom)
2020-04-03 12:22:43,232 [pool-623-thread-1] INFO  server.RaftServerConfigKeys (ConfUtils.java:logGet(44)) - raft.server.log.segment.size.max = 1048576 (custom)
2020-04-03 12:22:43,232 [pool-623-thread-1] INFO  metrics.RatisMetrics (RatisMetrics.java:lambda$create$0(39)) - Creating Metrics Registry : ratis.log_worker.1ad7987d-30f8-499c-992f-34a29b261407
2020-04-03 12:22:43,232 [pool-623-thread-1] INFO  server.RaftServerConfigKeys (ConfUtils.java:logGet(44)) - raft.server.log.segment.cache.num.max = 2 (custom)
2020-04-03 12:22:43,232 [pool-623-thread-1] INFO  segmented.SegmentedRaftLogWorker (SegmentedRaftLogWorker.java:<init>(176)) - new 1ad7987d-30f8-499c-992f-34a29b261407@group-5FE9EAEC25CC-SegmentedRaftLogWorker for RaftStorage:Storage Directory /github/workspace/hadoop-ozone/integration-test/target/test-dir/MiniOzoneClusterImpl-54c97517-776f-4ce9-b1d6-5922e4042064/datanode-4/data/ratis/30ed9ebf-2c1f-4188-8c48-5fe9eaec25cc
2020-04-03 12:22:43,232 [pool-623-thread-1] INFO  server.RaftServerConfigKeys (ConfUtils.java:logGet(44)) - raft.server.log.queue.byte-limit = 2147483647 (custom)
2020-04-03 12:22:43,232 [pool-623-thread-1] INFO  server.RaftServerConfigKeys (ConfUtils.java:logGet(44)) - raft.server.log.queue.element-limit = 1024 (custom)
2020-04-03 12:22:43,232 [pool-623-thread-1] INFO  server.RaftServerConfigKeys (ConfUtils.java:logGet(44)) - raft.server.log.segment.size.max = 1048576 (custom)
2020-04-03 12:22:43,232 [pool-623-thread-1] INFO  server.RaftServerConfigKeys (ConfUtils.java:logGet(44)) - raft.server.log.preallocated.size = 16384 (custom)
2020-04-03 12:22:43,232 [pool-623-thread-1] INFO  server.RaftServerConfigKeys (ConfUtils.java:logGet(44)) - raft.server.log.write.buffer.size = 1048576 (custom)
2020-04-03 12:22:43,233 [pool-623-thread-1] INFO  server.RaftServerConfigKeys (ConfUtils.java:logGet(44)) - raft.server.log.force.sync.num = 128 (default)
2020-04-03 12:22:43,233 [pool-623-thread-1] INFO  server.RaftServerConfigKeys (ConfUtils.java:logGet(44)) - raft.server.log.statemachine.data.sync = true (default)
2020-04-03 12:22:43,233 [pool-623-thread-1] INFO  server.RaftServerConfigKeys (ConfUtils.java:logGet(44)) - raft.server.log.statemachine.data.sync.timeout = 10s (default)
2020-04-03 12:22:43,233 [pool-623-thread-1] INFO  server.RaftServerConfigKeys (ConfUtils.java:logGet(44)) - raft.server.log.statemachine.data.sync.timeout.retry = -1 (default)
2020-04-03 12:22:43,235 [pool-623-thread-1] INFO  server.RaftServerConfigKeys (ConfUtils.java:logGet(44)) - raft.server.log.statemachine.data.caching.enabled = true (custom)
2020-04-03 12:22:43,235 [pool-623-thread-1] INFO  segmented.SegmentedRaftLogWorker (SegmentedRaftLogWorker.java:lambda$new$0(129)) - 1ad7987d-30f8-499c-992f-34a29b261407@group-5FE9EAEC25CC-SegmentedRaftLogWorker: flushIndex: setUnconditionally 0 -> -1
2020-04-03 12:22:43,235 [pool-623-thread-1] INFO  server.RaftServerConfigKeys (ConfUtils.java:logGet(44)) - raft.server.snapshot.auto.trigger.enabled = true (custom)
2020-04-03 12:22:43,235 [pool-623-thread-1] INFO  server.RaftServerConfigKeys (ConfUtils.java:logGet(44)) - raft.server.snapshot.auto.trigger.threshold = 10000 (custom)
2020-04-03 12:22:43,235 [pool-623-thread-1] INFO  server.RaftServerConfigKeys (ConfUtils.java:logGet(44)) - raft.server.snapshot.retention.file.num = 5 (custom)
2020-04-03 12:22:43,235 [pool-623-thread-1] INFO  server.RaftServerConfigKeys (ConfUtils.java:logGet(44)) - raft.server.retrycache.expirytime = 600000ms (custom)
2020-04-03 12:22:43,235 [pool-623-thread-1] INFO  metrics.RatisMetrics (RatisMetrics.java:lambda$create$0(39)) - Creating Metrics Registry : ratis.leader_election.1ad7987d-30f8-499c-992f-34a29b261407@group-5FE9EAEC25CC
2020-04-03 12:22:43,236 [pool-623-thread-1] INFO  metrics.RatisMetrics (RatisMetrics.java:lambda$create$0(39)) - Creating Metrics Registry : ratis.server.1ad7987d-30f8-499c-992f-34a29b261407@group-5FE9EAEC25CC
2020-04-03 12:22:43,237 [pool-623-thread-1] INFO  impl.RaftServerImpl (RaftServerImpl.java:<init>(97)) - 1ad7987d-30f8-499c-992f-34a29b261407: new RaftServerImpl for group-FFE3DA64EEB3:[1ad7987d-30f8-499c-992f-34a29b261407:172.17.0.2:41615] with ContainerStateMachine:uninitialized
2020-04-03 12:22:43,237 [pool-623-thread-1] INFO  server.RaftServerConfigKeys (ConfUtils.java:logGet(44)) - raft.server.rpc.timeout.min = 5s (custom)
2020-04-03 12:22:43,237 [pool-623-thread-1] INFO  server.RaftServerConfigKeys (ConfUtils.java:logGet(44)) - raft.server.rpc.timeout.max = 5200ms (custom)
2020-04-03 12:22:43,237 [pool-623-thread-1] INFO  server.RaftServerConfigKeys (ConfUtils.java:logGet(44)) - raft.server.rpcslowness.timeout = 300s (custom)
2020-04-03 12:22:43,237 [pool-623-thread-1] INFO  server.RaftServerConfigKeys (ConfUtils.java:logGet(44)) - raft.server.sleep.deviation.threshold = 300 (default)
2020-04-03 12:22:43,237 [pool-623-thread-1] INFO  server.RaftServerConfigKeys (ConfUtils.java:logGet(44)) - raft.server.log.appender.install.snapshot.enabled = false (custom)
2020-04-03 12:22:43,237 [pool-623-thread-1] INFO  impl.RaftServerImpl (ServerState.java:<init>(103)) - 1ad7987d-30f8-499c-992f-34a29b261407@group-FFE3DA64EEB3: ConfigurationManager, init=-1: [1ad7987d-30f8-499c-992f-34a29b261407:172.17.0.2:41615], old=null, confs=<EMPTY_MAP>
2020-04-03 12:22:43,237 [pool-623-thread-1] INFO  server.RaftServerConfigKeys (ConfUtils.java:logGet(44)) - raft.server.storage.dir = [/github/workspace/hadoop-ozone/integration-test/target/test-dir/MiniOzoneClusterImpl-54c97517-776f-4ce9-b1d6-5922e4042064/datanode-4/data/ratis] (custom)
2020-04-03 12:22:43,238 [pool-623-thread-1] INFO  server.RaftServerConfigKeys (ConfUtils.java:logGet(44)) - raft.server.log.corruption.policy = EXCEPTION (default)
2020-04-03 12:22:43,238 [pool-623-thread-1] INFO  storage.RaftStorageDirectory (RaftStorageDirectory.java:analyzeStorage(253)) - The storage directory /github/workspace/hadoop-ozone/integration-test/target/test-dir/MiniOzoneClusterImpl-54c97517-776f-4ce9-b1d6-5922e4042064/datanode-4/data/ratis/20312da7-76b4-450e-b4af-ffe3da64eeb3 does not exist. Creating ...
2020-04-03 12:22:43,239 [pool-623-thread-1] INFO  storage.RaftStorageDirectory (RaftStorageDirectory.java:tryLock(335)) - Lock on /github/workspace/hadoop-ozone/integration-test/target/test-dir/MiniOzoneClusterImpl-54c97517-776f-4ce9-b1d6-5922e4042064/datanode-4/data/ratis/20312da7-76b4-450e-b4af-ffe3da64eeb3/in_use.lock acquired by nodename 13457@bc31a1f7cf94
2020-04-03 12:22:43,240 [pool-623-thread-1] INFO  storage.RaftStorage (RaftStorage.java:format(84)) - Storage directory /github/workspace/hadoop-ozone/integration-test/target/test-dir/MiniOzoneClusterImpl-54c97517-776f-4ce9-b1d6-5922e4042064/datanode-4/data/ratis/20312da7-76b4-450e-b4af-ffe3da64eeb3 has been successfully formatted.
2020-04-03 12:22:43,240 [pool-623-thread-1] INFO  ratis.ContainerStateMachine (ContainerStateMachine.java:loadSnapshot(233)) - group-FFE3DA64EEB3: The snapshot info is null. Setting the last applied indexto:(t:0, i:~)
2020-04-03 12:22:43,240 [pool-623-thread-1] INFO  server.RaftServerConfigKeys (ConfUtils.java:logGet(44)) - raft.server.notification.no-leader.timeout = 60s (default)
2020-04-03 12:22:43,240 [pool-623-thread-1] INFO  server.RaftServerConfigKeys (ConfUtils.java:logGet(44)) - raft.server.log.use.memory = false (default)
2020-04-03 12:22:43,241 [pool-623-thread-1] INFO  server.RaftServerConfigKeys (ConfUtils.java:logGet(44)) - raft.server.log.purge.gap = 1000000 (custom)
2020-04-03 12:22:43,241 [pool-623-thread-1] INFO  server.RaftServerConfigKeys (ConfUtils.java:logGet(44)) - raft.server.log.appender.buffer.byte-limit = 33554432 (custom)
2020-04-03 12:22:43,241 [pool-623-thread-1] INFO  server.RaftServerConfigKeys (ConfUtils.java:logGet(44)) - raft.server.log.segment.size.max = 1048576 (custom)
2020-04-03 12:22:43,241 [pool-623-thread-1] INFO  server.RaftServerConfigKeys (ConfUtils.java:logGet(44)) - raft.server.log.segment.cache.num.max = 2 (custom)
2020-04-03 12:22:43,241 [pool-623-thread-1] INFO  segmented.SegmentedRaftLogWorker (SegmentedRaftLogWorker.java:<init>(176)) - new 1ad7987d-30f8-499c-992f-34a29b261407@group-FFE3DA64EEB3-SegmentedRaftLogWorker for RaftStorage:Storage Directory /github/workspace/hadoop-ozone/integration-test/target/test-dir/MiniOzoneClusterImpl-54c97517-776f-4ce9-b1d6-5922e4042064/datanode-4/data/ratis/20312da7-76b4-450e-b4af-ffe3da64eeb3
2020-04-03 12:22:43,241 [pool-623-thread-1] INFO  server.RaftServerConfigKeys (ConfUtils.java:logGet(44)) - raft.server.log.queue.byte-limit = 2147483647 (custom)
2020-04-03 12:22:43,241 [pool-623-thread-1] INFO  server.RaftServerConfigKeys (ConfUtils.java:logGet(44)) - raft.server.log.queue.element-limit = 1024 (custom)
2020-04-03 12:22:43,241 [pool-623-thread-1] INFO  server.RaftServerConfigKeys (ConfUtils.java:logGet(44)) - raft.server.log.segment.size.max = 1048576 (custom)
2020-04-03 12:22:43,242 [pool-623-thread-1] INFO  server.RaftServerConfigKeys (ConfUtils.java:logGet(44)) - raft.server.log.preallocated.size = 16384 (custom)
2020-04-03 12:22:43,242 [pool-623-thread-1] INFO  server.RaftServerConfigKeys (ConfUtils.java:logGet(44)) - raft.server.log.write.buffer.size = 1048576 (custom)
2020-04-03 12:22:43,242 [pool-623-thread-1] INFO  server.RaftServerConfigKeys (ConfUtils.java:logGet(44)) - raft.server.log.force.sync.num = 128 (default)
2020-04-03 12:22:43,242 [pool-623-thread-1] INFO  server.RaftServerConfigKeys (ConfUtils.java:logGet(44)) - raft.server.log.statemachine.data.sync = true (default)
2020-04-03 12:22:43,242 [pool-623-thread-1] INFO  server.RaftServerConfigKeys (ConfUtils.java:logGet(44)) - raft.server.log.statemachine.data.sync.timeout = 10s (default)
2020-04-03 12:22:43,242 [pool-623-thread-1] INFO  server.RaftServerConfigKeys (ConfUtils.java:logGet(44)) - raft.server.log.statemachine.data.sync.timeout.retry = -1 (default)
2020-04-03 12:22:43,242 [pool-623-thread-1] INFO  server.RaftServerConfigKeys (ConfUtils.java:logGet(44)) - raft.server.log.statemachine.data.caching.enabled = true (custom)
2020-04-03 12:22:43,242 [pool-623-thread-1] INFO  segmented.SegmentedRaftLogWorker (SegmentedRaftLogWorker.java:lambda$new$0(129)) - 1ad7987d-30f8-499c-992f-34a29b261407@group-FFE3DA64EEB3-SegmentedRaftLogWorker: flushIndex: setUnconditionally 0 -> -1
2020-04-03 12:22:43,243 [pool-623-thread-1] INFO  server.RaftServerConfigKeys (ConfUtils.java:logGet(44)) - raft.server.snapshot.auto.trigger.enabled = true (custom)
2020-04-03 12:22:43,243 [pool-623-thread-1] INFO  server.RaftServerConfigKeys (ConfUtils.java:logGet(44)) - raft.server.snapshot.auto.trigger.threshold = 10000 (custom)
2020-04-03 12:22:43,243 [pool-623-thread-1] INFO  server.RaftServerConfigKeys (ConfUtils.java:logGet(44)) - raft.server.snapshot.retention.file.num = 5 (custom)
2020-04-03 12:22:43,243 [pool-623-thread-1] INFO  server.RaftServerConfigKeys (ConfUtils.java:logGet(44)) - raft.server.retrycache.expirytime = 600000ms (custom)
2020-04-03 12:22:43,243 [pool-623-thread-1] INFO  metrics.RatisMetrics (RatisMetrics.java:lambda$create$0(39)) - Creating Metrics Registry : ratis.leader_election.1ad7987d-30f8-499c-992f-34a29b261407@group-FFE3DA64EEB3
2020-04-03 12:22:43,244 [pool-623-thread-1] INFO  metrics.RatisMetrics (RatisMetrics.java:lambda$create$0(39)) - Creating Metrics Registry : ratis.server.1ad7987d-30f8-499c-992f-34a29b261407@group-FFE3DA64EEB3
2020-04-03 12:22:43,244 [pool-623-thread-1] INFO  impl.RaftServerImpl (RaftServerImpl.java:start(183)) - 1ad7987d-30f8-499c-992f-34a29b261407@group-5FE9EAEC25CC: start as a follower, conf=-1: [5ea4e034-58ac-4e1a-97e7-fb59da8c8203:172.17.0.2:39023, 1ad7987d-30f8-499c-992f-34a29b261407:172.17.0.2:41615, 51d79ad1-091b-476d-b3ea-570089388469:172.17.0.2:41413], old=null
2020-04-03 12:22:43,244 [pool-623-thread-1] INFO  impl.RaftServerImpl (RaftServerImpl.java:setRole(172)) - 1ad7987d-30f8-499c-992f-34a29b261407@group-5FE9EAEC25CC: changes role from      null to FOLLOWER at term 0 for startAsFollower
2020-04-03 12:22:43,244 [pool-623-thread-1] INFO  impl.RoleInfo (RoleInfo.java:updateAndGet(143)) - 1ad7987d-30f8-499c-992f-34a29b261407: start FollowerState
2020-04-03 12:22:43,244 [pool-623-thread-1] INFO  util.JmxRegister (JmxRegister.java:tryRegister(44)) - Successfully registered JMX Bean with object name Ratis:service=RaftServer,group=group-5FE9EAEC25CC,id=1ad7987d-30f8-499c-992f-34a29b261407
2020-04-03 12:22:43,244 [pool-623-thread-1] INFO  metrics.RatisMetrics (RatisMetrics.java:lambda$create$0(39)) - Creating Metrics Registry : ratis.state_machine.1ad7987d-30f8-499c-992f-34a29b261407@group-5FE9EAEC25CC
2020-04-03 12:22:43,245 [pool-623-thread-1] INFO  impl.RaftServerImpl (RaftServerImpl.java:start(183)) - 1ad7987d-30f8-499c-992f-34a29b261407@group-FFE3DA64EEB3: start as a follower, conf=-1: [1ad7987d-30f8-499c-992f-34a29b261407:172.17.0.2:41615], old=null
2020-04-03 12:22:43,245 [pool-623-thread-1] INFO  impl.RaftServerImpl (RaftServerImpl.java:setRole(172)) - 1ad7987d-30f8-499c-992f-34a29b261407@group-FFE3DA64EEB3: changes role from      null to FOLLOWER at term 0 for startAsFollower
2020-04-03 12:22:43,245 [pool-623-thread-1] INFO  impl.RoleInfo (RoleInfo.java:updateAndGet(143)) - 1ad7987d-30f8-499c-992f-34a29b261407: start FollowerState
2020-04-03 12:22:43,246 [pool-623-thread-1] INFO  util.JmxRegister (JmxRegister.java:tryRegister(44)) - Successfully registered JMX Bean with object name Ratis:service=RaftServer,group=group-FFE3DA64EEB3,id=1ad7987d-30f8-499c-992f-34a29b261407
2020-04-03 12:22:43,246 [pool-623-thread-1] INFO  metrics.RatisMetrics (RatisMetrics.java:lambda$create$0(39)) - Creating Metrics Registry : ratis.state_machine.1ad7987d-30f8-499c-992f-34a29b261407@group-FFE3DA64EEB3
2020-04-03 12:22:43,253 [Command processor thread] INFO  commandhandler.CreatePipelineCommandHandler (CreatePipelineCommandHandler.java:handle(112)) - Created Pipeline RATIS ONE #id: "20312da7-76b4-450e-b4af-ffe3da64eeb3"
.
2020-04-03 12:22:43,253 [Command processor thread] INFO  impl.RaftServerProxy (RaftServerProxy.java:addNew(89)) - 1ad7987d-30f8-499c-992f-34a29b261407: addNew group-EC46D86256B6:[5ea4e034-58ac-4e1a-97e7-fb59da8c8203:172.17.0.2:39023, 1ad7987d-30f8-499c-992f-34a29b261407:172.17.0.2:41615, 51d79ad1-091b-476d-b3ea-570089388469:172.17.0.2:41413] returns group-EC46D86256B6:java.util.concurrent.CompletableFuture@4872d1d9[Not completed]
2020-04-03 12:22:43,254 [pool-623-thread-1] INFO  impl.RaftServerImpl (RaftServerImpl.java:<init>(97)) - 1ad7987d-30f8-499c-992f-34a29b261407: new RaftServerImpl for group-EC46D86256B6:[5ea4e034-58ac-4e1a-97e7-fb59da8c8203:172.17.0.2:39023, 1ad7987d-30f8-499c-992f-34a29b261407:172.17.0.2:41615, 51d79ad1-091b-476d-b3ea-570089388469:172.17.0.2:41413] with ContainerStateMachine:uninitialized
2020-04-03 12:22:43,254 [pool-623-thread-1] INFO  server.RaftServerConfigKeys (ConfUtils.java:logGet(44)) - raft.server.rpc.timeout.min = 5s (custom)
2020-04-03 12:22:43,254 [pool-623-thread-1] INFO  server.RaftServerConfigKeys (ConfUtils.java:logGet(44)) - raft.server.rpc.timeout.max = 5200ms (custom)
2020-04-03 12:22:43,255 [pool-623-thread-1] INFO  server.RaftServerConfigKeys (ConfUtils.java:logGet(44)) - raft.server.rpcslowness.timeout = 300s (custom)
2020-04-03 12:22:43,255 [pool-623-thread-1] INFO  server.RaftServerConfigKeys (ConfUtils.java:logGet(44)) - raft.server.sleep.deviation.threshold = 300 (default)
2020-04-03 12:22:43,255 [pool-623-thread-1] INFO  server.RaftServerConfigKeys (ConfUtils.java:logGet(44)) - raft.server.log.appender.install.snapshot.enabled = false (custom)
2020-04-03 12:22:43,255 [pool-623-thread-1] INFO  impl.RaftServerImpl (ServerState.java:<init>(103)) - 1ad7987d-30f8-499c-992f-34a29b261407@group-EC46D86256B6: ConfigurationManager, init=-1: [5ea4e034-58ac-4e1a-97e7-fb59da8c8203:172.17.0.2:39023, 1ad7987d-30f8-499c-992f-34a29b261407:172.17.0.2:41615, 51d79ad1-091b-476d-b3ea-570089388469:172.17.0.2:41413], old=null, confs=<EMPTY_MAP>
2020-04-03 12:22:43,255 [pool-623-thread-1] INFO  server.RaftServerConfigKeys (ConfUtils.java:logGet(44)) - raft.server.storage.dir = [/github/workspace/hadoop-ozone/integration-test/target/test-dir/MiniOzoneClusterImpl-54c97517-776f-4ce9-b1d6-5922e4042064/datanode-4/data/ratis] (custom)
2020-04-03 12:22:43,255 [pool-623-thread-1] INFO  server.RaftServerConfigKeys (ConfUtils.java:logGet(44)) - raft.server.log.corruption.policy = EXCEPTION (default)
2020-04-03 12:22:43,255 [pool-623-thread-1] INFO  storage.RaftStorageDirectory (RaftStorageDirectory.java:analyzeStorage(253)) - The storage directory /github/workspace/hadoop-ozone/integration-test/target/test-dir/MiniOzoneClusterImpl-54c97517-776f-4ce9-b1d6-5922e4042064/datanode-4/data/ratis/e28a9491-70a6-410e-9598-ec46d86256b6 does not exist. Creating ...
2020-04-03 12:22:43,257 [Command processor thread] INFO  commandhandler.CreatePipelineCommandHandler (CreatePipelineCommandHandler.java:handle(112)) - Created Pipeline RATIS THREE #id: "30ed9ebf-2c1f-4188-8c48-5fe9eaec25cc"
.
2020-04-03 12:22:43,257 [Command processor thread] INFO  impl.RaftServerProxy (RaftServerProxy.java:addNew(89)) - 5ea4e034-58ac-4e1a-97e7-fb59da8c8203: addNew group-EC46D86256B6:[5ea4e034-58ac-4e1a-97e7-fb59da8c8203:172.17.0.2:39023, 1ad7987d-30f8-499c-992f-34a29b261407:172.17.0.2:41615, 51d79ad1-091b-476d-b3ea-570089388469:172.17.0.2:41413] returns group-EC46D86256B6:java.util.concurrent.CompletableFuture@4e92fc37[Not completed]
2020-04-03 12:22:43,259 [pool-608-thread-1] INFO  impl.RaftServerImpl (RaftServerImpl.java:<init>(97)) - 5ea4e034-58ac-4e1a-97e7-fb59da8c8203: new RaftServerImpl for group-EC46D86256B6:[5ea4e034-58ac-4e1a-97e7-fb59da8c8203:172.17.0.2:39023, 1ad7987d-30f8-499c-992f-34a29b261407:172.17.0.2:41615, 51d79ad1-091b-476d-b3ea-570089388469:172.17.0.2:41413] with ContainerStateMachine:uninitialized
2020-04-03 12:22:43,259 [pool-608-thread-1] INFO  server.RaftServerConfigKeys (ConfUtils.java:logGet(44)) - raft.server.rpc.timeout.min = 5s (custom)
2020-04-03 12:22:43,259 [pool-608-thread-1] INFO  server.RaftServerConfigKeys (ConfUtils.java:logGet(44)) - raft.server.rpc.timeout.max = 5200ms (custom)
2020-04-03 12:22:43,259 [pool-608-thread-1] INFO  server.RaftServerConfigKeys (ConfUtils.java:logGet(44)) - raft.server.rpcslowness.timeout = 300s (custom)
2020-04-03 12:22:43,259 [pool-608-thread-1] INFO  server.RaftServerConfigKeys (ConfUtils.java:logGet(44)) - raft.server.sleep.deviation.threshold = 300 (default)
2020-04-03 12:22:43,259 [pool-608-thread-1] INFO  server.RaftServerConfigKeys (ConfUtils.java:logGet(44)) - raft.server.log.appender.install.snapshot.enabled = false (custom)
2020-04-03 12:22:43,259 [pool-608-thread-1] INFO  impl.RaftServerImpl (ServerState.java:<init>(103)) - 5ea4e034-58ac-4e1a-97e7-fb59da8c8203@group-EC46D86256B6: ConfigurationManager, init=-1: [5ea4e034-58ac-4e1a-97e7-fb59da8c8203:172.17.0.2:39023, 1ad7987d-30f8-499c-992f-34a29b261407:172.17.0.2:41615, 51d79ad1-091b-476d-b3ea-570089388469:172.17.0.2:41413], old=null, confs=<EMPTY_MAP>
2020-04-03 12:22:43,259 [pool-608-thread-1] INFO  server.RaftServerConfigKeys (ConfUtils.java:logGet(44)) - raft.server.storage.dir = [/github/workspace/hadoop-ozone/integration-test/target/test-dir/MiniOzoneClusterImpl-54c97517-776f-4ce9-b1d6-5922e4042064/datanode-3/data/ratis] (custom)
2020-04-03 12:22:43,260 [pool-608-thread-1] INFO  server.RaftServerConfigKeys (ConfUtils.java:logGet(44)) - raft.server.log.corruption.policy = EXCEPTION (default)
2020-04-03 12:22:43,260 [pool-608-thread-1] INFO  storage.RaftStorageDirectory (RaftStorageDirectory.java:analyzeStorage(253)) - The storage directory /github/workspace/hadoop-ozone/integration-test/target/test-dir/MiniOzoneClusterImpl-54c97517-776f-4ce9-b1d6-5922e4042064/datanode-3/data/ratis/e28a9491-70a6-410e-9598-ec46d86256b6 does not exist. Creating ...
2020-04-03 12:22:43,260 [pool-623-thread-1] INFO  storage.RaftStorageDirectory (RaftStorageDirectory.java:tryLock(335)) - Lock on /github/workspace/hadoop-ozone/integration-test/target/test-dir/MiniOzoneClusterImpl-54c97517-776f-4ce9-b1d6-5922e4042064/datanode-4/data/ratis/e28a9491-70a6-410e-9598-ec46d86256b6/in_use.lock acquired by nodename 13457@bc31a1f7cf94
2020-04-03 12:22:43,261 [pool-608-thread-1] INFO  storage.RaftStorageDirectory (RaftStorageDirectory.java:tryLock(335)) - Lock on /github/workspace/hadoop-ozone/integration-test/target/test-dir/MiniOzoneClusterImpl-54c97517-776f-4ce9-b1d6-5922e4042064/datanode-3/data/ratis/e28a9491-70a6-410e-9598-ec46d86256b6/in_use.lock acquired by nodename 13457@bc31a1f7cf94
2020-04-03 12:22:43,261 [pool-623-thread-1] INFO  storage.RaftStorage (RaftStorage.java:format(84)) - Storage directory /github/workspace/hadoop-ozone/integration-test/target/test-dir/MiniOzoneClusterImpl-54c97517-776f-4ce9-b1d6-5922e4042064/datanode-4/data/ratis/e28a9491-70a6-410e-9598-ec46d86256b6 has been successfully formatted.
2020-04-03 12:22:43,262 [pool-623-thread-1] INFO  ratis.ContainerStateMachine (ContainerStateMachine.java:loadSnapshot(233)) - group-EC46D86256B6: The snapshot info is null. Setting the last applied indexto:(t:0, i:~)
2020-04-03 12:22:43,262 [pool-623-thread-1] INFO  server.RaftServerConfigKeys (ConfUtils.java:logGet(44)) - raft.server.notification.no-leader.timeout = 60s (default)
2020-04-03 12:22:43,262 [pool-623-thread-1] INFO  server.RaftServerConfigKeys (ConfUtils.java:logGet(44)) - raft.server.log.use.memory = false (default)
2020-04-03 12:22:43,262 [pool-623-thread-1] INFO  server.RaftServerConfigKeys (ConfUtils.java:logGet(44)) - raft.server.log.purge.gap = 1000000 (custom)
2020-04-03 12:22:43,262 [pool-608-thread-1] INFO  storage.RaftStorage (RaftStorage.java:format(84)) - Storage directory /github/workspace/hadoop-ozone/integration-test/target/test-dir/MiniOzoneClusterImpl-54c97517-776f-4ce9-b1d6-5922e4042064/datanode-3/data/ratis/e28a9491-70a6-410e-9598-ec46d86256b6 has been successfully formatted.
2020-04-03 12:22:43,263 [pool-623-thread-1] INFO  server.RaftServerConfigKeys (ConfUtils.java:logGet(44)) - raft.server.log.appender.buffer.byte-limit = 33554432 (custom)
2020-04-03 12:22:43,263 [pool-623-thread-1] INFO  server.RaftServerConfigKeys (ConfUtils.java:logGet(44)) - raft.server.log.segment.size.max = 1048576 (custom)
2020-04-03 12:22:43,263 [pool-623-thread-1] INFO  server.RaftServerConfigKeys (ConfUtils.java:logGet(44)) - raft.server.log.segment.cache.num.max = 2 (custom)
2020-04-03 12:22:43,263 [pool-623-thread-1] INFO  segmented.SegmentedRaftLogWorker (SegmentedRaftLogWorker.java:<init>(176)) - new 1ad7987d-30f8-499c-992f-34a29b261407@group-EC46D86256B6-SegmentedRaftLogWorker for RaftStorage:Storage Directory /github/workspace/hadoop-ozone/integration-test/target/test-dir/MiniOzoneClusterImpl-54c97517-776f-4ce9-b1d6-5922e4042064/datanode-4/data/ratis/e28a9491-70a6-410e-9598-ec46d86256b6
2020-04-03 12:22:43,264 [pool-623-thread-1] INFO  server.RaftServerConfigKeys (ConfUtils.java:logGet(44)) - raft.server.log.queue.byte-limit = 2147483647 (custom)
2020-04-03 12:22:43,264 [pool-623-thread-1] INFO  server.RaftServerConfigKeys (ConfUtils.java:logGet(44)) - raft.server.log.queue.element-limit = 1024 (custom)
2020-04-03 12:22:43,263 [pool-608-thread-1] INFO  ratis.ContainerStateMachine (ContainerStateMachine.java:loadSnapshot(233)) - group-EC46D86256B6: The snapshot info is null. Setting the last applied indexto:(t:0, i:~)
2020-04-03 12:22:43,264 [pool-608-thread-1] INFO  server.RaftServerConfigKeys (ConfUtils.java:logGet(44)) - raft.server.notification.no-leader.timeout = 60s (default)
2020-04-03 12:22:43,264 [pool-608-thread-1] INFO  server.RaftServerConfigKeys (ConfUtils.java:logGet(44)) - raft.server.log.use.memory = false (default)
2020-04-03 12:22:43,264 [pool-623-thread-1] INFO  server.RaftServerConfigKeys (ConfUtils.java:logGet(44)) - raft.server.log.segment.size.max = 1048576 (custom)
2020-04-03 12:22:43,264 [pool-623-thread-1] INFO  server.RaftServerConfigKeys (ConfUtils.java:logGet(44)) - raft.server.log.preallocated.size = 16384 (custom)
2020-04-03 12:22:43,264 [pool-623-thread-1] INFO  server.RaftServerConfigKeys (ConfUtils.java:logGet(44)) - raft.server.log.write.buffer.size = 1048576 (custom)
2020-04-03 12:22:43,264 [pool-623-thread-1] INFO  server.RaftServerConfigKeys (ConfUtils.java:logGet(44)) - raft.server.log.force.sync.num = 128 (default)
2020-04-03 12:22:43,264 [pool-623-thread-1] INFO  server.RaftServerConfigKeys (ConfUtils.java:logGet(44)) - raft.server.log.statemachine.data.sync = true (default)
2020-04-03 12:22:43,264 [pool-623-thread-1] INFO  server.RaftServerConfigKeys (ConfUtils.java:logGet(44)) - raft.server.log.statemachine.data.sync.timeout = 10s (default)
2020-04-03 12:22:43,264 [pool-623-thread-1] INFO  server.RaftServerConfigKeys (ConfUtils.java:logGet(44)) - raft.server.log.statemachine.data.sync.timeout.retry = -1 (default)
2020-04-03 12:22:43,264 [pool-608-thread-1] INFO  server.RaftServerConfigKeys (ConfUtils.java:logGet(44)) - raft.server.log.purge.gap = 1000000 (custom)
2020-04-03 12:22:43,265 [pool-608-thread-1] INFO  server.RaftServerConfigKeys (ConfUtils.java:logGet(44)) - raft.server.log.appender.buffer.byte-limit = 33554432 (custom)
2020-04-03 12:22:43,265 [pool-608-thread-1] INFO  server.RaftServerConfigKeys (ConfUtils.java:logGet(44)) - raft.server.log.segment.size.max = 1048576 (custom)
2020-04-03 12:22:43,265 [pool-608-thread-1] INFO  server.RaftServerConfigKeys (ConfUtils.java:logGet(44)) - raft.server.log.segment.cache.num.max = 2 (custom)
2020-04-03 12:22:43,265 [pool-608-thread-1] INFO  segmented.SegmentedRaftLogWorker (SegmentedRaftLogWorker.java:<init>(176)) - new 5ea4e034-58ac-4e1a-97e7-fb59da8c8203@group-EC46D86256B6-SegmentedRaftLogWorker for RaftStorage:Storage Directory /github/workspace/hadoop-ozone/integration-test/target/test-dir/MiniOzoneClusterImpl-54c97517-776f-4ce9-b1d6-5922e4042064/datanode-3/data/ratis/e28a9491-70a6-410e-9598-ec46d86256b6
2020-04-03 12:22:43,265 [pool-608-thread-1] INFO  server.RaftServerConfigKeys (ConfUtils.java:logGet(44)) - raft.server.log.queue.byte-limit = 2147483647 (custom)
2020-04-03 12:22:43,265 [pool-608-thread-1] INFO  server.RaftServerConfigKeys (ConfUtils.java:logGet(44)) - raft.server.log.queue.element-limit = 1024 (custom)
2020-04-03 12:22:43,265 [pool-608-thread-1] INFO  server.RaftServerConfigKeys (ConfUtils.java:logGet(44)) - raft.server.log.segment.size.max = 1048576 (custom)
2020-04-03 12:22:43,265 [pool-608-thread-1] INFO  server.RaftServerConfigKeys (ConfUtils.java:logGet(44)) - raft.server.log.preallocated.size = 16384 (custom)
2020-04-03 12:22:43,265 [pool-608-thread-1] INFO  server.RaftServerConfigKeys (ConfUtils.java:logGet(44)) - raft.server.log.write.buffer.size = 1048576 (custom)
2020-04-03 12:22:43,265 [pool-623-thread-1] INFO  server.RaftServerConfigKeys (ConfUtils.java:logGet(44)) - raft.server.log.statemachine.data.caching.enabled = true (custom)
2020-04-03 12:22:43,265 [pool-608-thread-1] INFO  server.RaftServerConfigKeys (ConfUtils.java:logGet(44)) - raft.server.log.force.sync.num = 128 (default)
2020-04-03 12:22:43,265 [pool-623-thread-1] INFO  segmented.SegmentedRaftLogWorker (SegmentedRaftLogWorker.java:lambda$new$0(129)) - 1ad7987d-30f8-499c-992f-34a29b261407@group-EC46D86256B6-SegmentedRaftLogWorker: flushIndex: setUnconditionally 0 -> -1
2020-04-03 12:22:43,265 [pool-608-thread-1] INFO  server.RaftServerConfigKeys (ConfUtils.java:logGet(44)) - raft.server.log.statemachine.data.sync = true (default)
2020-04-03 12:22:43,266 [pool-608-thread-1] INFO  server.RaftServerConfigKeys (ConfUtils.java:logGet(44)) - raft.server.log.statemachine.data.sync.timeout = 10s (default)
2020-04-03 12:22:43,266 [pool-608-thread-1] INFO  server.RaftServerConfigKeys (ConfUtils.java:logGet(44)) - raft.server.log.statemachine.data.sync.timeout.retry = -1 (default)
2020-04-03 12:22:43,266 [pool-623-thread-1] INFO  server.RaftServerConfigKeys (ConfUtils.java:logGet(44)) - raft.server.snapshot.auto.trigger.enabled = true (custom)
2020-04-03 12:22:43,266 [pool-623-thread-1] INFO  server.RaftServerConfigKeys (ConfUtils.java:logGet(44)) - raft.server.snapshot.auto.trigger.threshold = 10000 (custom)
2020-04-03 12:22:43,266 [pool-623-thread-1] INFO  server.RaftServerConfigKeys (ConfUtils.java:logGet(44)) - raft.server.snapshot.retention.file.num = 5 (custom)
2020-04-03 12:22:43,266 [pool-623-thread-1] INFO  server.RaftServerConfigKeys (ConfUtils.java:logGet(44)) - raft.server.retrycache.expirytime = 600000ms (custom)
2020-04-03 12:22:43,266 [pool-623-thread-1] INFO  metrics.RatisMetrics (RatisMetrics.java:lambda$create$0(39)) - Creating Metrics Registry : ratis.leader_election.1ad7987d-30f8-499c-992f-34a29b261407@group-EC46D86256B6
2020-04-03 12:22:43,266 [pool-608-thread-1] INFO  server.RaftServerConfigKeys (ConfUtils.java:logGet(44)) - raft.server.log.statemachine.data.caching.enabled = true (custom)
2020-04-03 12:22:43,267 [pool-608-thread-1] INFO  segmented.SegmentedRaftLogWorker (SegmentedRaftLogWorker.java:lambda$new$0(129)) - 5ea4e034-58ac-4e1a-97e7-fb59da8c8203@group-EC46D86256B6-SegmentedRaftLogWorker: flushIndex: setUnconditionally 0 -> -1
2020-04-03 12:22:43,267 [pool-608-thread-1] INFO  server.RaftServerConfigKeys (ConfUtils.java:logGet(44)) - raft.server.snapshot.auto.trigger.enabled = true (custom)
2020-04-03 12:22:43,267 [pool-608-thread-1] INFO  server.RaftServerConfigKeys (ConfUtils.java:logGet(44)) - raft.server.snapshot.auto.trigger.threshold = 10000 (custom)
2020-04-03 12:22:43,267 [pool-608-thread-1] INFO  server.RaftServerConfigKeys (ConfUtils.java:logGet(44)) - raft.server.snapshot.retention.file.num = 5 (custom)
2020-04-03 12:22:43,267 [pool-608-thread-1] INFO  server.RaftServerConfigKeys (ConfUtils.java:logGet(44)) - raft.server.retrycache.expirytime = 600000ms (custom)
2020-04-03 12:22:43,267 [pool-608-thread-1] INFO  metrics.RatisMetrics (RatisMetrics.java:lambda$create$0(39)) - Creating Metrics Registry : ratis.leader_election.5ea4e034-58ac-4e1a-97e7-fb59da8c8203@group-EC46D86256B6
2020-04-03 12:22:43,267 [pool-623-thread-1] INFO  metrics.RatisMetrics (RatisMetrics.java:lambda$create$0(39)) - Creating Metrics Registry : ratis.server.1ad7987d-30f8-499c-992f-34a29b261407@group-EC46D86256B6
2020-04-03 12:22:43,269 [pool-623-thread-1] INFO  impl.RaftServerImpl (RaftServerImpl.java:start(183)) - 1ad7987d-30f8-499c-992f-34a29b261407@group-EC46D86256B6: start as a follower, conf=-1: [5ea4e034-58ac-4e1a-97e7-fb59da8c8203:172.17.0.2:39023, 1ad7987d-30f8-499c-992f-34a29b261407:172.17.0.2:41615, 51d79ad1-091b-476d-b3ea-570089388469:172.17.0.2:41413], old=null
2020-04-03 12:22:43,269 [pool-608-thread-1] INFO  metrics.RatisMetrics (RatisMetrics.java:lambda$create$0(39)) - Creating Metrics Registry : ratis.server.5ea4e034-58ac-4e1a-97e7-fb59da8c8203@group-EC46D86256B6
2020-04-03 12:22:43,269 [pool-623-thread-1] INFO  impl.RaftServerImpl (RaftServerImpl.java:setRole(172)) - 1ad7987d-30f8-499c-992f-34a29b261407@group-EC46D86256B6: changes role from      null to FOLLOWER at term 0 for startAsFollower
2020-04-03 12:22:43,269 [pool-623-thread-1] INFO  impl.RoleInfo (RoleInfo.java:updateAndGet(143)) - 1ad7987d-30f8-499c-992f-34a29b261407: start FollowerState
2020-04-03 12:22:43,270 [pool-608-thread-1] INFO  impl.RaftServerImpl (RaftServerImpl.java:start(183)) - 5ea4e034-58ac-4e1a-97e7-fb59da8c8203@group-EC46D86256B6: start as a follower, conf=-1: [5ea4e034-58ac-4e1a-97e7-fb59da8c8203:172.17.0.2:39023, 1ad7987d-30f8-499c-992f-34a29b261407:172.17.0.2:41615, 51d79ad1-091b-476d-b3ea-570089388469:172.17.0.2:41413], old=null
2020-04-03 12:22:43,270 [pool-608-thread-1] INFO  impl.RaftServerImpl (RaftServerImpl.java:setRole(172)) - 5ea4e034-58ac-4e1a-97e7-fb59da8c8203@group-EC46D86256B6: changes role from      null to FOLLOWER at term 0 for startAsFollower
2020-04-03 12:22:43,270 [pool-608-thread-1] INFO  impl.RoleInfo (RoleInfo.java:updateAndGet(143)) - 5ea4e034-58ac-4e1a-97e7-fb59da8c8203: start FollowerState
2020-04-03 12:22:43,270 [pool-623-thread-1] INFO  util.JmxRegister (JmxRegister.java:tryRegister(44)) - Successfully registered JMX Bean with object name Ratis:service=RaftServer,group=group-EC46D86256B6,id=1ad7987d-30f8-499c-992f-34a29b261407
2020-04-03 12:22:43,270 [pool-623-thread-1] INFO  metrics.RatisMetrics (RatisMetrics.java:lambda$create$0(39)) - Creating Metrics Registry : ratis.state_machine.1ad7987d-30f8-499c-992f-34a29b261407@group-EC46D86256B6
2020-04-03 12:22:43,270 [pool-608-thread-1] INFO  util.JmxRegister (JmxRegister.java:tryRegister(44)) - Successfully registered JMX Bean with object name Ratis:service=RaftServer,group=group-EC46D86256B6,id=5ea4e034-58ac-4e1a-97e7-fb59da8c8203
2020-04-03 12:22:43,270 [pool-608-thread-1] INFO  metrics.RatisMetrics (RatisMetrics.java:lambda$create$0(39)) - Creating Metrics Registry : ratis.state_machine.5ea4e034-58ac-4e1a-97e7-fb59da8c8203@group-EC46D86256B6
2020-04-03 12:22:43,281 [grpc-default-executor-6] INFO  impl.RaftServerProxy (RaftServerProxy.java:addNew(89)) - 51d79ad1-091b-476d-b3ea-570089388469: addNew group-EC46D86256B6:[5ea4e034-58ac-4e1a-97e7-fb59da8c8203:172.17.0.2:39023, 1ad7987d-30f8-499c-992f-34a29b261407:172.17.0.2:41615, 51d79ad1-091b-476d-b3ea-570089388469:172.17.0.2:41413] returns group-EC46D86256B6:java.util.concurrent.CompletableFuture@6bec9497[Not completed]
2020-04-03 12:22:43,282 [pool-638-thread-1] INFO  impl.RaftServerImpl (RaftServerImpl.java:<init>(97)) - 51d79ad1-091b-476d-b3ea-570089388469: new RaftServerImpl for group-EC46D86256B6:[5ea4e034-58ac-4e1a-97e7-fb59da8c8203:172.17.0.2:39023, 1ad7987d-30f8-499c-992f-34a29b261407:172.17.0.2:41615, 51d79ad1-091b-476d-b3ea-570089388469:172.17.0.2:41413] with ContainerStateMachine:uninitialized
2020-04-03 12:22:43,282 [pool-638-thread-1] INFO  server.RaftServerConfigKeys (ConfUtils.java:logGet(44)) - raft.server.rpc.timeout.min = 5s (custom)
2020-04-03 12:22:43,282 [pool-638-thread-1] INFO  server.RaftServerConfigKeys (ConfUtils.java:logGet(44)) - raft.server.rpc.timeout.max = 5200ms (custom)
2020-04-03 12:22:43,282 [pool-638-thread-1] INFO  server.RaftServerConfigKeys (ConfUtils.java:logGet(44)) - raft.server.rpcslowness.timeout = 300s (custom)
2020-04-03 12:22:43,282 [pool-638-thread-1] INFO  server.RaftServerConfigKeys (ConfUtils.java:logGet(44)) - raft.server.sleep.deviation.threshold = 300 (default)
2020-04-03 12:22:43,282 [pool-638-thread-1] INFO  server.RaftServerConfigKeys (ConfUtils.java:logGet(44)) - raft.server.log.appender.install.snapshot.enabled = false (custom)
2020-04-03 12:22:43,282 [pool-638-thread-1] INFO  impl.RaftServerImpl (ServerState.java:<init>(103)) - 51d79ad1-091b-476d-b3ea-570089388469@group-EC46D86256B6: ConfigurationManager, init=-1: [5ea4e034-58ac-4e1a-97e7-fb59da8c8203:172.17.0.2:39023, 1ad7987d-30f8-499c-992f-34a29b261407:172.17.0.2:41615, 51d79ad1-091b-476d-b3ea-570089388469:172.17.0.2:41413], old=null, confs=<EMPTY_MAP>
2020-04-03 12:22:43,282 [pool-638-thread-1] INFO  server.RaftServerConfigKeys (ConfUtils.java:logGet(44)) - raft.server.storage.dir = [/github/workspace/hadoop-ozone/integration-test/target/test-dir/MiniOzoneClusterImpl-54c97517-776f-4ce9-b1d6-5922e4042064/datanode-5/data/ratis] (custom)
2020-04-03 12:22:43,282 [pool-638-thread-1] INFO  server.RaftServerConfigKeys (ConfUtils.java:logGet(44)) - raft.server.log.corruption.policy = EXCEPTION (default)
2020-04-03 12:22:43,282 [pool-638-thread-1] INFO  storage.RaftStorageDirectory (RaftStorageDirectory.java:analyzeStorage(253)) - The storage directory /github/workspace/hadoop-ozone/integration-test/target/test-dir/MiniOzoneClusterImpl-54c97517-776f-4ce9-b1d6-5922e4042064/datanode-5/data/ratis/e28a9491-70a6-410e-9598-ec46d86256b6 does not exist. Creating ...
2020-04-03 12:22:43,284 [pool-638-thread-1] INFO  storage.RaftStorageDirectory (RaftStorageDirectory.java:tryLock(335)) - Lock on /github/workspace/hadoop-ozone/integration-test/target/test-dir/MiniOzoneClusterImpl-54c97517-776f-4ce9-b1d6-5922e4042064/datanode-5/data/ratis/e28a9491-70a6-410e-9598-ec46d86256b6/in_use.lock acquired by nodename 13457@bc31a1f7cf94
2020-04-03 12:22:43,284 [grpc-default-executor-6] WARN  impl.RaftServerProxy (RaftServerProxy.java:lambda$groupAddAsync$11(390)) - 1ad7987d-30f8-499c-992f-34a29b261407: Failed groupAdd* GroupManagementRequest:client-B99C976BF7A9->1ad7987d-30f8-499c-992f-34a29b261407@group-EC46D86256B6, cid=172, seq=0, RW, null, Add:group-EC46D86256B6:[5ea4e034-58ac-4e1a-97e7-fb59da8c8203:172.17.0.2:39023, 1ad7987d-30f8-499c-992f-34a29b261407:172.17.0.2:41615, 51d79ad1-091b-476d-b3ea-570089388469:172.17.0.2:41413]
java.util.concurrent.CompletionException: org.apache.ratis.protocol.AlreadyExistsException: 1ad7987d-30f8-499c-992f-34a29b261407: Failed to add group-EC46D86256B6:[5ea4e034-58ac-4e1a-97e7-fb59da8c8203:172.17.0.2:39023, 1ad7987d-30f8-499c-992f-34a29b261407:172.17.0.2:41615, 51d79ad1-091b-476d-b3ea-570089388469:172.17.0.2:41413] since the group already exists in the map.
	at java.util.concurrent.CompletableFuture.encodeThrowable(CompletableFuture.java:292)
	at java.util.concurrent.CompletableFuture.completeThrowable(CompletableFuture.java:308)
	at java.util.concurrent.CompletableFuture.uniApply(CompletableFuture.java:607)
	at java.util.concurrent.CompletableFuture$UniApply.tryFire(CompletableFuture.java:591)
	at java.util.concurrent.CompletableFuture.uniApplyStage(CompletableFuture.java:631)
	at java.util.concurrent.CompletableFuture.thenApplyAsync(CompletableFuture.java:2006)
	at org.apache.ratis.server.impl.RaftServerProxy.groupAddAsync(RaftServerProxy.java:379)
	at org.apache.ratis.server.impl.RaftServerProxy.groupManagementAsync(RaftServerProxy.java:363)
	at org.apache.ratis.grpc.server.GrpcAdminProtocolService.lambda$groupManagement$0(GrpcAdminProtocolService.java:42)
	at org.apache.ratis.grpc.GrpcUtil.asyncCall(GrpcUtil.java:160)
	at org.apache.ratis.grpc.server.GrpcAdminProtocolService.groupManagement(GrpcAdminProtocolService.java:42)
	at org.apache.ratis.proto.grpc.AdminProtocolServiceGrpc$MethodHandlers.invoke(AdminProtocolServiceGrpc.java:358)
	at org.apache.ratis.thirdparty.io.grpc.stub.ServerCalls$UnaryServerCallHandler$UnaryServerCallListener.onHalfClose(ServerCalls.java:172)
	at org.apache.ratis.thirdparty.io.grpc.internal.ServerCallImpl$ServerStreamListenerImpl.halfClosed(ServerCallImpl.java:331)
	at org.apache.ratis.thirdparty.io.grpc.internal.ServerImpl$JumpToApplicationThreadServerStreamListener$1HalfClosed.runInContext(ServerImpl.java:814)
	at org.apache.ratis.thirdparty.io.grpc.internal.ContextRunnable.run(ContextRunnable.java:37)
	at org.apache.ratis.thirdparty.io.grpc.internal.SerializingExecutor.run(SerializingExecutor.java:123)
	at java.util.concurrent.ThreadPoolExecutor.runWorker(ThreadPoolExecutor.java:1149)
	at java.util.concurrent.ThreadPoolExecutor$Worker.run(ThreadPoolExecutor.java:624)
	at java.lang.Thread.run(Thread.java:748)
Caused by: org.apache.ratis.protocol.AlreadyExistsException: 1ad7987d-30f8-499c-992f-34a29b261407: Failed to add group-EC46D86256B6:[5ea4e034-58ac-4e1a-97e7-fb59da8c8203:172.17.0.2:39023, 1ad7987d-30f8-499c-992f-34a29b261407:172.17.0.2:41615, 51d79ad1-091b-476d-b3ea-570089388469:172.17.0.2:41413] since the group already exists in the map.
	at org.apache.ratis.server.impl.RaftServerProxy$ImplMap.addNew(RaftServerProxy.java:83)
	at org.apache.ratis.server.impl.RaftServerProxy.groupAddAsync(RaftServerProxy.java:378)
	... 13 more
2020-04-03 12:22:43,287 [Command processor thread] INFO  impl.RaftServerProxy (RaftServerProxy.java:addNew(89)) - 51d79ad1-091b-476d-b3ea-570089388469: addNew group-7C7BFE04D162:[51d79ad1-091b-476d-b3ea-570089388469:172.17.0.2:41413] returns group-7C7BFE04D162:java.util.concurrent.CompletableFuture@68606dac[Not completed]
2020-04-03 12:22:43,288 [pool-638-thread-1] INFO  storage.RaftStorage (RaftStorage.java:format(84)) - Storage directory /github/workspace/hadoop-ozone/integration-test/target/test-dir/MiniOzoneClusterImpl-54c97517-776f-4ce9-b1d6-5922e4042064/datanode-5/data/ratis/e28a9491-70a6-410e-9598-ec46d86256b6 has been successfully formatted.
2020-04-03 12:22:43,289 [pool-638-thread-1] INFO  ratis.ContainerStateMachine (ContainerStateMachine.java:loadSnapshot(233)) - group-EC46D86256B6: The snapshot info is null. Setting the last applied indexto:(t:0, i:~)
2020-04-03 12:22:43,291 [EventQueue-PipelineReportForPipelineReportHandler] INFO  pipeline.PipelineStateManager (PipelineStateManager.java:openPipeline(131)) - Pipeline Pipeline[ Id: a6f3ee06-c84e-48b0-a0a5-7c7bfe04d162, Nodes: 51d79ad1-091b-476d-b3ea-570089388469{ip: 172.17.0.2, host: bc31a1f7cf94, networkLocation: /default-rack, certSerialId: null}, Type:RATIS, Factor:ONE, State:ALLOCATED, leaderId:51d79ad1-091b-476d-b3ea-570089388469, CreationTimestamp2020-04-03T12:22:40.287Z] moved to OPEN state
2020-04-03 12:22:43,292 [EventQueue-OpenPipelineForOneReplicaPipelineSafeModeRule] INFO  safemode.SCMSafeModeManager (SCMSafeModeManager.java:validateSafeModeExitRules(175)) - AtleastOneDatanodeReportedRule rule is successfully validated
2020-04-03 12:22:43,292 [EventQueue-OpenPipelineForHealthyPipelineSafeModeRule] INFO  safemode.SCMSafeModeManager (HealthyPipelineSafeModeRule.java:process(131)) - SCM in safe mode. Healthy pipelines reported count is 0, required healthy pipeline reported count is 1
2020-04-03 12:22:43,293 [pool-638-thread-1] INFO  server.RaftServerConfigKeys (ConfUtils.java:logGet(44)) - raft.server.notification.no-leader.timeout = 60s (default)
2020-04-03 12:22:43,294 [pool-638-thread-1] INFO  server.RaftServerConfigKeys (ConfUtils.java:logGet(44)) - raft.server.log.use.memory = false (default)
2020-04-03 12:22:43,294 [pool-638-thread-1] INFO  server.RaftServerConfigKeys (ConfUtils.java:logGet(44)) - raft.server.log.purge.gap = 1000000 (custom)
2020-04-03 12:22:43,294 [pool-638-thread-1] INFO  server.RaftServerConfigKeys (ConfUtils.java:logGet(44)) - raft.server.log.appender.buffer.byte-limit = 33554432 (custom)
2020-04-03 12:22:43,295 [pool-638-thread-1] INFO  server.RaftServerConfigKeys (ConfUtils.java:logGet(44)) - raft.server.log.segment.size.max = 1048576 (custom)
2020-04-03 12:22:43,295 [pool-638-thread-1] INFO  server.RaftServerConfigKeys (ConfUtils.java:logGet(44)) - raft.server.log.segment.cache.num.max = 2 (custom)
2020-04-03 12:22:43,295 [pool-638-thread-1] INFO  segmented.SegmentedRaftLogWorker (SegmentedRaftLogWorker.java:<init>(176)) - new 51d79ad1-091b-476d-b3ea-570089388469@group-EC46D86256B6-SegmentedRaftLogWorker for RaftStorage:Storage Directory /github/workspace/hadoop-ozone/integration-test/target/test-dir/MiniOzoneClusterImpl-54c97517-776f-4ce9-b1d6-5922e4042064/datanode-5/data/ratis/e28a9491-70a6-410e-9598-ec46d86256b6
2020-04-03 12:22:43,295 [pool-638-thread-1] INFO  server.RaftServerConfigKeys (ConfUtils.java:logGet(44)) - raft.server.log.queue.byte-limit = 2147483647 (custom)
2020-04-03 12:22:43,295 [pool-638-thread-1] INFO  server.RaftServerConfigKeys (ConfUtils.java:logGet(44)) - raft.server.log.queue.element-limit = 1024 (custom)
2020-04-03 12:22:43,295 [pool-638-thread-1] INFO  server.RaftServerConfigKeys (ConfUtils.java:logGet(44)) - raft.server.log.segment.size.max = 1048576 (custom)
2020-04-03 12:22:43,295 [pool-638-thread-1] INFO  server.RaftServerConfigKeys (ConfUtils.java:logGet(44)) - raft.server.log.preallocated.size = 16384 (custom)
2020-04-03 12:22:43,295 [pool-638-thread-1] INFO  server.RaftServerConfigKeys (ConfUtils.java:logGet(44)) - raft.server.log.write.buffer.size = 1048576 (custom)
2020-04-03 12:22:43,295 [pool-638-thread-1] INFO  server.RaftServerConfigKeys (ConfUtils.java:logGet(44)) - raft.server.log.force.sync.num = 128 (default)
2020-04-03 12:22:43,296 [pool-638-thread-1] INFO  server.RaftServerConfigKeys (ConfUtils.java:logGet(44)) - raft.server.log.statemachine.data.sync = true (default)
2020-04-03 12:22:43,296 [pool-638-thread-1] INFO  server.RaftServerConfigKeys (ConfUtils.java:logGet(44)) - raft.server.log.statemachine.data.sync.timeout = 10s (default)
2020-04-03 12:22:43,296 [pool-638-thread-1] INFO  server.RaftServerConfigKeys (ConfUtils.java:logGet(44)) - raft.server.log.statemachine.data.sync.timeout.retry = -1 (default)
2020-04-03 12:22:43,296 [pool-638-thread-1] INFO  server.RaftServerConfigKeys (ConfUtils.java:logGet(44)) - raft.server.log.statemachine.data.caching.enabled = true (custom)
2020-04-03 12:22:43,296 [grpc-default-executor-6] WARN  impl.RaftServerProxy (RaftServerProxy.java:lambda$groupAddAsync$11(390)) - 51d79ad1-091b-476d-b3ea-570089388469: Failed groupAdd* GroupManagementRequest:client-A2E91A587C01->51d79ad1-091b-476d-b3ea-570089388469@group-EC46D86256B6, cid=173, seq=0, RW, null, Add:group-EC46D86256B6:[5ea4e034-58ac-4e1a-97e7-fb59da8c8203:172.17.0.2:39023, 1ad7987d-30f8-499c-992f-34a29b261407:172.17.0.2:41615, 51d79ad1-091b-476d-b3ea-570089388469:172.17.0.2:41413]
java.util.concurrent.CompletionException: org.apache.ratis.protocol.AlreadyExistsException: 51d79ad1-091b-476d-b3ea-570089388469: Failed to add group-EC46D86256B6:[5ea4e034-58ac-4e1a-97e7-fb59da8c8203:172.17.0.2:39023, 1ad7987d-30f8-499c-992f-34a29b261407:172.17.0.2:41615, 51d79ad1-091b-476d-b3ea-570089388469:172.17.0.2:41413] since the group already exists in the map.
	at java.util.concurrent.CompletableFuture.encodeThrowable(CompletableFuture.java:292)
	at java.util.concurrent.CompletableFuture.completeThrowable(CompletableFuture.java:308)
	at java.util.concurrent.CompletableFuture.uniApply(CompletableFuture.java:607)
	at java.util.concurrent.CompletableFuture$UniApply.tryFire(CompletableFuture.java:591)
	at java.util.concurrent.CompletableFuture.uniApplyStage(CompletableFuture.java:631)
	at java.util.concurrent.CompletableFuture.thenApplyAsync(CompletableFuture.java:2006)
	at org.apache.ratis.server.impl.RaftServerProxy.groupAddAsync(RaftServerProxy.java:379)
	at org.apache.ratis.server.impl.RaftServerProxy.groupManagementAsync(RaftServerProxy.java:363)
	at org.apache.ratis.grpc.server.GrpcAdminProtocolService.lambda$groupManagement$0(GrpcAdminProtocolService.java:42)
	at org.apache.ratis.grpc.GrpcUtil.asyncCall(GrpcUtil.java:160)
	at org.apache.ratis.grpc.server.GrpcAdminProtocolService.groupManagement(GrpcAdminProtocolService.java:42)
	at org.apache.ratis.proto.grpc.AdminProtocolServiceGrpc$MethodHandlers.invoke(AdminProtocolServiceGrpc.java:358)
	at org.apache.ratis.thirdparty.io.grpc.stub.ServerCalls$UnaryServerCallHandler$UnaryServerCallListener.onHalfClose(ServerCalls.java:172)
	at org.apache.ratis.thirdparty.io.grpc.internal.ServerCallImpl$ServerStreamListenerImpl.halfClosed(ServerCallImpl.java:331)
	at org.apache.ratis.thirdparty.io.grpc.internal.ServerImpl$JumpToApplicationThreadServerStreamListener$1HalfClosed.runInContext(ServerImpl.java:814)
	at org.apache.ratis.thirdparty.io.grpc.internal.ContextRunnable.run(ContextRunnable.java:37)
	at org.apache.ratis.thirdparty.io.grpc.internal.SerializingExecutor.run(SerializingExecutor.java:123)
	at java.util.concurrent.ThreadPoolExecutor.runWorker(ThreadPoolExecutor.java:1149)
	at java.util.concurrent.ThreadPoolExecutor$Worker.run(ThreadPoolExecutor.java:624)
	at java.lang.Thread.run(Thread.java:748)
Caused by: org.apache.ratis.protocol.AlreadyExistsException: 51d79ad1-091b-476d-b3ea-570089388469: Failed to add group-EC46D86256B6:[5ea4e034-58ac-4e1a-97e7-fb59da8c8203:172.17.0.2:39023, 1ad7987d-30f8-499c-992f-34a29b261407:172.17.0.2:41615, 51d79ad1-091b-476d-b3ea-570089388469:172.17.0.2:41413] since the group already exists in the map.
	at org.apache.ratis.server.impl.RaftServerProxy$ImplMap.addNew(RaftServerProxy.java:83)
	at org.apache.ratis.server.impl.RaftServerProxy.groupAddAsync(RaftServerProxy.java:378)
	... 13 more
2020-04-03 12:22:43,297 [pool-638-thread-1] INFO  segmented.SegmentedRaftLogWorker (SegmentedRaftLogWorker.java:lambda$new$0(129)) - 51d79ad1-091b-476d-b3ea-570089388469@group-EC46D86256B6-SegmentedRaftLogWorker: flushIndex: setUnconditionally 0 -> -1
2020-04-03 12:22:43,298 [pool-638-thread-1] INFO  server.RaftServerConfigKeys (ConfUtils.java:logGet(44)) - raft.server.snapshot.auto.trigger.enabled = true (custom)
2020-04-03 12:22:43,298 [pool-638-thread-1] INFO  server.RaftServerConfigKeys (ConfUtils.java:logGet(44)) - raft.server.snapshot.auto.trigger.threshold = 10000 (custom)
2020-04-03 12:22:43,298 [pool-638-thread-1] INFO  server.RaftServerConfigKeys (ConfUtils.java:logGet(44)) - raft.server.snapshot.retention.file.num = 5 (custom)
2020-04-03 12:22:43,299 [pool-638-thread-1] INFO  server.RaftServerConfigKeys (ConfUtils.java:logGet(44)) - raft.server.retrycache.expirytime = 600000ms (custom)
2020-04-03 12:22:43,299 [pool-638-thread-1] INFO  metrics.RatisMetrics (RatisMetrics.java:lambda$create$0(39)) - Creating Metrics Registry : ratis.leader_election.51d79ad1-091b-476d-b3ea-570089388469@group-EC46D86256B6
2020-04-03 12:22:43,301 [pool-638-thread-1] INFO  metrics.RatisMetrics (RatisMetrics.java:lambda$create$0(39)) - Creating Metrics Registry : ratis.server.51d79ad1-091b-476d-b3ea-570089388469@group-EC46D86256B6
2020-04-03 12:22:43,302 [pool-638-thread-1] INFO  impl.RaftServerImpl (RaftServerImpl.java:<init>(97)) - 51d79ad1-091b-476d-b3ea-570089388469: new RaftServerImpl for group-7C7BFE04D162:[51d79ad1-091b-476d-b3ea-570089388469:172.17.0.2:41413] with ContainerStateMachine:uninitialized
2020-04-03 12:22:43,302 [pool-638-thread-1] INFO  server.RaftServerConfigKeys (ConfUtils.java:logGet(44)) - raft.server.rpc.timeout.min = 5s (custom)
2020-04-03 12:22:43,302 [pool-638-thread-1] INFO  server.RaftServerConfigKeys (ConfUtils.java:logGet(44)) - raft.server.rpc.timeout.max = 5200ms (custom)
2020-04-03 12:22:43,302 [pool-638-thread-1] INFO  server.RaftServerConfigKeys (ConfUtils.java:logGet(44)) - raft.server.rpcslowness.timeout = 300s (custom)
2020-04-03 12:22:43,302 [pool-638-thread-1] INFO  server.RaftServerConfigKeys (ConfUtils.java:logGet(44)) - raft.server.sleep.deviation.threshold = 300 (default)
2020-04-03 12:22:43,302 [pool-638-thread-1] INFO  server.RaftServerConfigKeys (ConfUtils.java:logGet(44)) - raft.server.log.appender.install.snapshot.enabled = false (custom)
2020-04-03 12:22:43,302 [pool-638-thread-1] INFO  impl.RaftServerImpl (ServerState.java:<init>(103)) - 51d79ad1-091b-476d-b3ea-570089388469@group-7C7BFE04D162: ConfigurationManager, init=-1: [51d79ad1-091b-476d-b3ea-570089388469:172.17.0.2:41413], old=null, confs=<EMPTY_MAP>
2020-04-03 12:22:43,302 [pool-638-thread-1] INFO  server.RaftServerConfigKeys (ConfUtils.java:logGet(44)) - raft.server.storage.dir = [/github/workspace/hadoop-ozone/integration-test/target/test-dir/MiniOzoneClusterImpl-54c97517-776f-4ce9-b1d6-5922e4042064/datanode-5/data/ratis] (custom)
2020-04-03 12:22:43,303 [pool-638-thread-1] INFO  server.RaftServerConfigKeys (ConfUtils.java:logGet(44)) - raft.server.log.corruption.policy = EXCEPTION (default)
2020-04-03 12:22:43,303 [pool-638-thread-1] INFO  storage.RaftStorageDirectory (RaftStorageDirectory.java:analyzeStorage(253)) - The storage directory /github/workspace/hadoop-ozone/integration-test/target/test-dir/MiniOzoneClusterImpl-54c97517-776f-4ce9-b1d6-5922e4042064/datanode-5/data/ratis/a6f3ee06-c84e-48b0-a0a5-7c7bfe04d162 does not exist. Creating ...
2020-04-03 12:22:43,304 [Command processor thread] INFO  commandhandler.CreatePipelineCommandHandler (CreatePipelineCommandHandler.java:handle(112)) - Created Pipeline RATIS THREE #id: "e28a9491-70a6-410e-9598-ec46d86256b6"
.
2020-04-03 12:22:43,304 [pool-638-thread-1] INFO  storage.RaftStorageDirectory (RaftStorageDirectory.java:tryLock(335)) - Lock on /github/workspace/hadoop-ozone/integration-test/target/test-dir/MiniOzoneClusterImpl-54c97517-776f-4ce9-b1d6-5922e4042064/datanode-5/data/ratis/a6f3ee06-c84e-48b0-a0a5-7c7bfe04d162/in_use.lock acquired by nodename 13457@bc31a1f7cf94
2020-04-03 12:22:43,305 [pool-638-thread-1] INFO  storage.RaftStorage (RaftStorage.java:format(84)) - Storage directory /github/workspace/hadoop-ozone/integration-test/target/test-dir/MiniOzoneClusterImpl-54c97517-776f-4ce9-b1d6-5922e4042064/datanode-5/data/ratis/a6f3ee06-c84e-48b0-a0a5-7c7bfe04d162 has been successfully formatted.
2020-04-03 12:22:43,306 [pool-638-thread-1] INFO  ratis.ContainerStateMachine (ContainerStateMachine.java:loadSnapshot(233)) - group-7C7BFE04D162: The snapshot info is null. Setting the last applied indexto:(t:0, i:~)
2020-04-03 12:22:43,306 [pool-638-thread-1] INFO  server.RaftServerConfigKeys (ConfUtils.java:logGet(44)) - raft.server.notification.no-leader.timeout = 60s (default)
2020-04-03 12:22:43,306 [pool-638-thread-1] INFO  server.RaftServerConfigKeys (ConfUtils.java:logGet(44)) - raft.server.log.use.memory = false (default)
2020-04-03 12:22:43,306 [pool-638-thread-1] INFO  server.RaftServerConfigKeys (ConfUtils.java:logGet(44)) - raft.server.log.purge.gap = 1000000 (custom)
2020-04-03 12:22:43,306 [pool-638-thread-1] INFO  server.RaftServerConfigKeys (ConfUtils.java:logGet(44)) - raft.server.log.appender.buffer.byte-limit = 33554432 (custom)
2020-04-03 12:22:43,306 [pool-638-thread-1] INFO  server.RaftServerConfigKeys (ConfUtils.java:logGet(44)) - raft.server.log.segment.size.max = 1048576 (custom)
2020-04-03 12:22:43,306 [pool-638-thread-1] INFO  server.RaftServerConfigKeys (ConfUtils.java:logGet(44)) - raft.server.log.segment.cache.num.max = 2 (custom)
2020-04-03 12:22:43,306 [pool-638-thread-1] INFO  segmented.SegmentedRaftLogWorker (SegmentedRaftLogWorker.java:<init>(176)) - new 51d79ad1-091b-476d-b3ea-570089388469@group-7C7BFE04D162-SegmentedRaftLogWorker for RaftStorage:Storage Directory /github/workspace/hadoop-ozone/integration-test/target/test-dir/MiniOzoneClusterImpl-54c97517-776f-4ce9-b1d6-5922e4042064/datanode-5/data/ratis/a6f3ee06-c84e-48b0-a0a5-7c7bfe04d162
2020-04-03 12:22:43,306 [pool-638-thread-1] INFO  server.RaftServerConfigKeys (ConfUtils.java:logGet(44)) - raft.server.log.queue.byte-limit = 2147483647 (custom)
2020-04-03 12:22:43,306 [pool-638-thread-1] INFO  server.RaftServerConfigKeys (ConfUtils.java:logGet(44)) - raft.server.log.queue.element-limit = 1024 (custom)
2020-04-03 12:22:43,307 [pool-638-thread-1] INFO  server.RaftServerConfigKeys (ConfUtils.java:logGet(44)) - raft.server.log.segment.size.max = 1048576 (custom)
2020-04-03 12:22:43,307 [pool-638-thread-1] INFO  server.RaftServerConfigKeys (ConfUtils.java:logGet(44)) - raft.server.log.preallocated.size = 16384 (custom)
2020-04-03 12:22:43,307 [pool-638-thread-1] INFO  server.RaftServerConfigKeys (ConfUtils.java:logGet(44)) - raft.server.log.write.buffer.size = 1048576 (custom)
2020-04-03 12:22:43,307 [pool-638-thread-1] INFO  server.RaftServerConfigKeys (ConfUtils.java:logGet(44)) - raft.server.log.force.sync.num = 128 (default)
2020-04-03 12:22:43,307 [pool-638-thread-1] INFO  server.RaftServerConfigKeys (ConfUtils.java:logGet(44)) - raft.server.log.statemachine.data.sync = true (default)
2020-04-03 12:22:43,307 [pool-638-thread-1] INFO  server.RaftServerConfigKeys (ConfUtils.java:logGet(44)) - raft.server.log.statemachine.data.sync.timeout = 10s (default)
2020-04-03 12:22:43,307 [pool-638-thread-1] INFO  server.RaftServerConfigKeys (ConfUtils.java:logGet(44)) - raft.server.log.statemachine.data.sync.timeout.retry = -1 (default)
2020-04-03 12:22:43,307 [pool-638-thread-1] INFO  server.RaftServerConfigKeys (ConfUtils.java:logGet(44)) - raft.server.log.statemachine.data.caching.enabled = true (custom)
2020-04-03 12:22:43,308 [pool-638-thread-1] INFO  segmented.SegmentedRaftLogWorker (SegmentedRaftLogWorker.java:lambda$new$0(129)) - 51d79ad1-091b-476d-b3ea-570089388469@group-7C7BFE04D162-SegmentedRaftLogWorker: flushIndex: setUnconditionally 0 -> -1
2020-04-03 12:22:43,308 [pool-638-thread-1] INFO  server.RaftServerConfigKeys (ConfUtils.java:logGet(44)) - raft.server.snapshot.auto.trigger.enabled = true (custom)
2020-04-03 12:22:43,308 [pool-638-thread-1] INFO  server.RaftServerConfigKeys (ConfUtils.java:logGet(44)) - raft.server.snapshot.auto.trigger.threshold = 10000 (custom)
2020-04-03 12:22:43,308 [pool-638-thread-1] INFO  server.RaftServerConfigKeys (ConfUtils.java:logGet(44)) - raft.server.snapshot.retention.file.num = 5 (custom)
2020-04-03 12:22:43,308 [pool-638-thread-1] INFO  server.RaftServerConfigKeys (ConfUtils.java:logGet(44)) - raft.server.retrycache.expirytime = 600000ms (custom)
2020-04-03 12:22:43,309 [pool-638-thread-1] INFO  metrics.RatisMetrics (RatisMetrics.java:lambda$create$0(39)) - Creating Metrics Registry : ratis.leader_election.51d79ad1-091b-476d-b3ea-570089388469@group-7C7BFE04D162
2020-04-03 12:22:43,309 [pool-638-thread-1] INFO  metrics.RatisMetrics (RatisMetrics.java:lambda$create$0(39)) - Creating Metrics Registry : ratis.server.51d79ad1-091b-476d-b3ea-570089388469@group-7C7BFE04D162
2020-04-03 12:22:43,310 [pool-638-thread-1] INFO  impl.RaftServerImpl (RaftServerImpl.java:start(183)) - 51d79ad1-091b-476d-b3ea-570089388469@group-EC46D86256B6: start as a follower, conf=-1: [5ea4e034-58ac-4e1a-97e7-fb59da8c8203:172.17.0.2:39023, 1ad7987d-30f8-499c-992f-34a29b261407:172.17.0.2:41615, 51d79ad1-091b-476d-b3ea-570089388469:172.17.0.2:41413], old=null
2020-04-03 12:22:43,310 [pool-638-thread-1] INFO  impl.RaftServerImpl (RaftServerImpl.java:setRole(172)) - 51d79ad1-091b-476d-b3ea-570089388469@group-EC46D86256B6: changes role from      null to FOLLOWER at term 0 for startAsFollower
2020-04-03 12:22:43,310 [pool-638-thread-1] INFO  impl.RoleInfo (RoleInfo.java:updateAndGet(143)) - 51d79ad1-091b-476d-b3ea-570089388469: start FollowerState
2020-04-03 12:22:43,310 [pool-638-thread-1] INFO  util.JmxRegister (JmxRegister.java:tryRegister(44)) - Successfully registered JMX Bean with object name Ratis:service=RaftServer,group=group-EC46D86256B6,id=51d79ad1-091b-476d-b3ea-570089388469
2020-04-03 12:22:43,310 [pool-638-thread-1] INFO  metrics.RatisMetrics (RatisMetrics.java:lambda$create$0(39)) - Creating Metrics Registry : ratis.state_machine.51d79ad1-091b-476d-b3ea-570089388469@group-EC46D86256B6
2020-04-03 12:22:43,311 [pool-638-thread-1] INFO  impl.RaftServerImpl (RaftServerImpl.java:start(183)) - 51d79ad1-091b-476d-b3ea-570089388469@group-7C7BFE04D162: start as a follower, conf=-1: [51d79ad1-091b-476d-b3ea-570089388469:172.17.0.2:41413], old=null
2020-04-03 12:22:43,311 [pool-638-thread-1] INFO  impl.RaftServerImpl (RaftServerImpl.java:setRole(172)) - 51d79ad1-091b-476d-b3ea-570089388469@group-7C7BFE04D162: changes role from      null to FOLLOWER at term 0 for startAsFollower
2020-04-03 12:22:43,311 [pool-638-thread-1] INFO  impl.RoleInfo (RoleInfo.java:updateAndGet(143)) - 51d79ad1-091b-476d-b3ea-570089388469: start FollowerState
2020-04-03 12:22:43,314 [pool-638-thread-1] INFO  util.JmxRegister (JmxRegister.java:tryRegister(44)) - Successfully registered JMX Bean with object name Ratis:service=RaftServer,group=group-7C7BFE04D162,id=51d79ad1-091b-476d-b3ea-570089388469
2020-04-03 12:22:43,314 [pool-638-thread-1] INFO  metrics.RatisMetrics (RatisMetrics.java:lambda$create$0(39)) - Creating Metrics Registry : ratis.state_machine.51d79ad1-091b-476d-b3ea-570089388469@group-7C7BFE04D162
2020-04-03 12:22:43,315 [Command processor thread] INFO  commandhandler.CreatePipelineCommandHandler (CreatePipelineCommandHandler.java:handle(112)) - Created Pipeline RATIS ONE #id: "a6f3ee06-c84e-48b0-a0a5-7c7bfe04d162"
.
2020-04-03 12:22:43,321 [grpc-default-executor-6] WARN  impl.RaftServerProxy (RaftServerProxy.java:lambda$groupAddAsync$11(390)) - 5ea4e034-58ac-4e1a-97e7-fb59da8c8203: Failed groupAdd* GroupManagementRequest:client-F5F6CB64759C->5ea4e034-58ac-4e1a-97e7-fb59da8c8203@group-EC46D86256B6, cid=174, seq=0, RW, null, Add:group-EC46D86256B6:[5ea4e034-58ac-4e1a-97e7-fb59da8c8203:172.17.0.2:39023, 1ad7987d-30f8-499c-992f-34a29b261407:172.17.0.2:41615, 51d79ad1-091b-476d-b3ea-570089388469:172.17.0.2:41413]
java.util.concurrent.CompletionException: org.apache.ratis.protocol.AlreadyExistsException: 5ea4e034-58ac-4e1a-97e7-fb59da8c8203: Failed to add group-EC46D86256B6:[5ea4e034-58ac-4e1a-97e7-fb59da8c8203:172.17.0.2:39023, 1ad7987d-30f8-499c-992f-34a29b261407:172.17.0.2:41615, 51d79ad1-091b-476d-b3ea-570089388469:172.17.0.2:41413] since the group already exists in the map.
	at java.util.concurrent.CompletableFuture.encodeThrowable(CompletableFuture.java:292)
	at java.util.concurrent.CompletableFuture.completeThrowable(CompletableFuture.java:308)
	at java.util.concurrent.CompletableFuture.uniApply(CompletableFuture.java:607)
	at java.util.concurrent.CompletableFuture$UniApply.tryFire(CompletableFuture.java:591)
	at java.util.concurrent.CompletableFuture.uniApplyStage(CompletableFuture.java:631)
	at java.util.concurrent.CompletableFuture.thenApplyAsync(CompletableFuture.java:2006)
	at org.apache.ratis.server.impl.RaftServerProxy.groupAddAsync(RaftServerProxy.java:379)
	at org.apache.ratis.server.impl.RaftServerProxy.groupManagementAsync(RaftServerProxy.java:363)
	at org.apache.ratis.grpc.server.GrpcAdminProtocolService.lambda$groupManagement$0(GrpcAdminProtocolService.java:42)
	at org.apache.ratis.grpc.GrpcUtil.asyncCall(GrpcUtil.java:160)
	at org.apache.ratis.grpc.server.GrpcAdminProtocolService.groupManagement(GrpcAdminProtocolService.java:42)
	at org.apache.ratis.proto.grpc.AdminProtocolServiceGrpc$MethodHandlers.invoke(AdminProtocolServiceGrpc.java:358)
	at org.apache.ratis.thirdparty.io.grpc.stub.ServerCalls$UnaryServerCallHandler$UnaryServerCallListener.onHalfClose(ServerCalls.java:172)
	at org.apache.ratis.thirdparty.io.grpc.internal.ServerCallImpl$ServerStreamListenerImpl.halfClosed(ServerCallImpl.java:331)
	at org.apache.ratis.thirdparty.io.grpc.internal.ServerImpl$JumpToApplicationThreadServerStreamListener$1HalfClosed.runInContext(ServerImpl.java:814)
	at org.apache.ratis.thirdparty.io.grpc.internal.ContextRunnable.run(ContextRunnable.java:37)
	at org.apache.ratis.thirdparty.io.grpc.internal.SerializingExecutor.run(SerializingExecutor.java:123)
	at java.util.concurrent.ThreadPoolExecutor.runWorker(ThreadPoolExecutor.java:1149)
	at java.util.concurrent.ThreadPoolExecutor$Worker.run(ThreadPoolExecutor.java:624)
	at java.lang.Thread.run(Thread.java:748)
Caused by: org.apache.ratis.protocol.AlreadyExistsException: 5ea4e034-58ac-4e1a-97e7-fb59da8c8203: Failed to add group-EC46D86256B6:[5ea4e034-58ac-4e1a-97e7-fb59da8c8203:172.17.0.2:39023, 1ad7987d-30f8-499c-992f-34a29b261407:172.17.0.2:41615, 51d79ad1-091b-476d-b3ea-570089388469:172.17.0.2:41413] since the group already exists in the map.
	at org.apache.ratis.server.impl.RaftServerProxy$ImplMap.addNew(RaftServerProxy.java:83)
	at org.apache.ratis.server.impl.RaftServerProxy.groupAddAsync(RaftServerProxy.java:378)
	... 13 more
2020-04-03 12:22:43,327 [Command processor thread] INFO  commandhandler.CreatePipelineCommandHandler (CreatePipelineCommandHandler.java:handle(112)) - Created Pipeline RATIS THREE #id: "e28a9491-70a6-410e-9598-ec46d86256b6"
.
2020-04-03 12:22:43,345 [Command processor thread] INFO  impl.RaftServerProxy (RaftServerProxy.java:addNew(89)) - 9d9a213d-ce49-49a0-89d0-46e82b5f8d38: addNew group-2572610135C0:[9d9a213d-ce49-49a0-89d0-46e82b5f8d38:172.17.0.2:37055] returns group-2572610135C0:java.util.concurrent.CompletableFuture@10120d0[Not completed]
2020-04-03 12:22:43,346 [main] INFO  ozone.MiniOzoneClusterImpl (MiniOzoneClusterImpl.java:lambda$waitForClusterToBeReady$0(177)) - Nodes are ready. Got 7 of 7 DN Heartbeats.
2020-04-03 12:22:43,346 [main] INFO  ozone.MiniOzoneClusterImpl (MiniOzoneClusterImpl.java:lambda$waitForClusterToBeReady$0(180)) - Waiting for cluster to exit safe mode
2020-04-03 12:22:43,347 [pool-653-thread-1] INFO  impl.RaftServerImpl (RaftServerImpl.java:<init>(97)) - 9d9a213d-ce49-49a0-89d0-46e82b5f8d38: new RaftServerImpl for group-2572610135C0:[9d9a213d-ce49-49a0-89d0-46e82b5f8d38:172.17.0.2:37055] with ContainerStateMachine:uninitialized
2020-04-03 12:22:43,347 [pool-653-thread-1] INFO  server.RaftServerConfigKeys (ConfUtils.java:logGet(44)) - raft.server.rpc.timeout.min = 5s (custom)
2020-04-03 12:22:43,347 [pool-653-thread-1] INFO  server.RaftServerConfigKeys (ConfUtils.java:logGet(44)) - raft.server.rpc.timeout.max = 5200ms (custom)
2020-04-03 12:22:43,347 [pool-653-thread-1] INFO  server.RaftServerConfigKeys (ConfUtils.java:logGet(44)) - raft.server.rpcslowness.timeout = 300s (custom)
2020-04-03 12:22:43,347 [pool-653-thread-1] INFO  server.RaftServerConfigKeys (ConfUtils.java:logGet(44)) - raft.server.sleep.deviation.threshold = 300 (default)
2020-04-03 12:22:43,347 [pool-653-thread-1] INFO  server.RaftServerConfigKeys (ConfUtils.java:logGet(44)) - raft.server.log.appender.install.snapshot.enabled = false (custom)
2020-04-03 12:22:43,347 [pool-653-thread-1] INFO  impl.RaftServerImpl (ServerState.java:<init>(103)) - 9d9a213d-ce49-49a0-89d0-46e82b5f8d38@group-2572610135C0: ConfigurationManager, init=-1: [9d9a213d-ce49-49a0-89d0-46e82b5f8d38:172.17.0.2:37055], old=null, confs=<EMPTY_MAP>
2020-04-03 12:22:43,347 [pool-653-thread-1] INFO  server.RaftServerConfigKeys (ConfUtils.java:logGet(44)) - raft.server.storage.dir = [/github/workspace/hadoop-ozone/integration-test/target/test-dir/MiniOzoneClusterImpl-54c97517-776f-4ce9-b1d6-5922e4042064/datanode-6/data/ratis] (custom)
2020-04-03 12:22:43,347 [pool-653-thread-1] INFO  server.RaftServerConfigKeys (ConfUtils.java:logGet(44)) - raft.server.log.corruption.policy = EXCEPTION (default)
2020-04-03 12:22:43,348 [pool-653-thread-1] INFO  storage.RaftStorageDirectory (RaftStorageDirectory.java:analyzeStorage(253)) - The storage directory /github/workspace/hadoop-ozone/integration-test/target/test-dir/MiniOzoneClusterImpl-54c97517-776f-4ce9-b1d6-5922e4042064/datanode-6/data/ratis/7b49b74f-8e03-47ef-be1e-2572610135c0 does not exist. Creating ...
2020-04-03 12:22:43,349 [pool-653-thread-1] INFO  storage.RaftStorageDirectory (RaftStorageDirectory.java:tryLock(335)) - Lock on /github/workspace/hadoop-ozone/integration-test/target/test-dir/MiniOzoneClusterImpl-54c97517-776f-4ce9-b1d6-5922e4042064/datanode-6/data/ratis/7b49b74f-8e03-47ef-be1e-2572610135c0/in_use.lock acquired by nodename 13457@bc31a1f7cf94
2020-04-03 12:22:43,350 [pool-653-thread-1] INFO  storage.RaftStorage (RaftStorage.java:format(84)) - Storage directory /github/workspace/hadoop-ozone/integration-test/target/test-dir/MiniOzoneClusterImpl-54c97517-776f-4ce9-b1d6-5922e4042064/datanode-6/data/ratis/7b49b74f-8e03-47ef-be1e-2572610135c0 has been successfully formatted.
2020-04-03 12:22:43,351 [pool-653-thread-1] INFO  ratis.ContainerStateMachine (ContainerStateMachine.java:loadSnapshot(233)) - group-2572610135C0: The snapshot info is null. Setting the last applied indexto:(t:0, i:~)
2020-04-03 12:22:43,351 [pool-653-thread-1] INFO  server.RaftServerConfigKeys (ConfUtils.java:logGet(44)) - raft.server.notification.no-leader.timeout = 60s (default)
2020-04-03 12:22:43,351 [pool-653-thread-1] INFO  server.RaftServerConfigKeys (ConfUtils.java:logGet(44)) - raft.server.log.use.memory = false (default)
2020-04-03 12:22:43,351 [pool-653-thread-1] INFO  server.RaftServerConfigKeys (ConfUtils.java:logGet(44)) - raft.server.log.purge.gap = 1000000 (custom)
2020-04-03 12:22:43,351 [EventQueue-PipelineReportForPipelineReportHandler] INFO  pipeline.PipelineStateManager (PipelineStateManager.java:openPipeline(131)) - Pipeline Pipeline[ Id: 7b49b74f-8e03-47ef-be1e-2572610135c0, Nodes: 9d9a213d-ce49-49a0-89d0-46e82b5f8d38{ip: 172.17.0.2, host: bc31a1f7cf94, networkLocation: /default-rack, certSerialId: null}, Type:RATIS, Factor:ONE, State:ALLOCATED, leaderId:9d9a213d-ce49-49a0-89d0-46e82b5f8d38, CreationTimestamp2020-04-03T12:22:40.346Z] moved to OPEN state
2020-04-03 12:22:43,351 [EventQueue-OpenPipelineForOneReplicaPipelineSafeModeRule] INFO  safemode.SCMSafeModeManager (SCMSafeModeManager.java:validateSafeModeExitRules(175)) - AtleastOneDatanodeReportedRule rule is successfully validated
2020-04-03 12:22:43,352 [pool-653-thread-1] INFO  server.RaftServerConfigKeys (ConfUtils.java:logGet(44)) - raft.server.log.appender.buffer.byte-limit = 33554432 (custom)
2020-04-03 12:22:43,351 [EventQueue-OpenPipelineForHealthyPipelineSafeModeRule] INFO  safemode.SCMSafeModeManager (HealthyPipelineSafeModeRule.java:process(131)) - SCM in safe mode. Healthy pipelines reported count is 0, required healthy pipeline reported count is 1
2020-04-03 12:22:43,352 [pool-653-thread-1] INFO  server.RaftServerConfigKeys (ConfUtils.java:logGet(44)) - raft.server.log.segment.size.max = 1048576 (custom)
2020-04-03 12:22:43,352 [pool-653-thread-1] INFO  metrics.RatisMetrics (RatisMetrics.java:lambda$create$0(39)) - Creating Metrics Registry : ratis.log_worker.9d9a213d-ce49-49a0-89d0-46e82b5f8d38
2020-04-03 12:22:43,352 [pool-653-thread-1] INFO  server.RaftServerConfigKeys (ConfUtils.java:logGet(44)) - raft.server.log.segment.cache.num.max = 2 (custom)
2020-04-03 12:22:43,352 [pool-653-thread-1] INFO  segmented.SegmentedRaftLogWorker (SegmentedRaftLogWorker.java:<init>(176)) - new 9d9a213d-ce49-49a0-89d0-46e82b5f8d38@group-2572610135C0-SegmentedRaftLogWorker for RaftStorage:Storage Directory /github/workspace/hadoop-ozone/integration-test/target/test-dir/MiniOzoneClusterImpl-54c97517-776f-4ce9-b1d6-5922e4042064/datanode-6/data/ratis/7b49b74f-8e03-47ef-be1e-2572610135c0
2020-04-03 12:22:43,352 [pool-653-thread-1] INFO  server.RaftServerConfigKeys (ConfUtils.java:logGet(44)) - raft.server.log.queue.byte-limit = 2147483647 (custom)
2020-04-03 12:22:43,352 [pool-653-thread-1] INFO  server.RaftServerConfigKeys (ConfUtils.java:logGet(44)) - raft.server.log.queue.element-limit = 1024 (custom)
2020-04-03 12:22:43,352 [pool-653-thread-1] INFO  server.RaftServerConfigKeys (ConfUtils.java:logGet(44)) - raft.server.log.segment.size.max = 1048576 (custom)
2020-04-03 12:22:43,352 [pool-653-thread-1] INFO  server.RaftServerConfigKeys (ConfUtils.java:logGet(44)) - raft.server.log.preallocated.size = 16384 (custom)
2020-04-03 12:22:43,352 [pool-653-thread-1] INFO  server.RaftServerConfigKeys (ConfUtils.java:logGet(44)) - raft.server.log.write.buffer.size = 1048576 (custom)
2020-04-03 12:22:43,352 [pool-653-thread-1] INFO  server.RaftServerConfigKeys (ConfUtils.java:logGet(44)) - raft.server.log.force.sync.num = 128 (default)
2020-04-03 12:22:43,353 [pool-653-thread-1] INFO  server.RaftServerConfigKeys (ConfUtils.java:logGet(44)) - raft.server.log.statemachine.data.sync = true (default)
2020-04-03 12:22:43,353 [pool-653-thread-1] INFO  server.RaftServerConfigKeys (ConfUtils.java:logGet(44)) - raft.server.log.statemachine.data.sync.timeout = 10s (default)
2020-04-03 12:22:43,353 [pool-653-thread-1] INFO  server.RaftServerConfigKeys (ConfUtils.java:logGet(44)) - raft.server.log.statemachine.data.sync.timeout.retry = -1 (default)
2020-04-03 12:22:43,355 [pool-653-thread-1] INFO  server.RaftServerConfigKeys (ConfUtils.java:logGet(44)) - raft.server.log.statemachine.data.caching.enabled = true (custom)
2020-04-03 12:22:43,355 [pool-653-thread-1] INFO  segmented.SegmentedRaftLogWorker (SegmentedRaftLogWorker.java:lambda$new$0(129)) - 9d9a213d-ce49-49a0-89d0-46e82b5f8d38@group-2572610135C0-SegmentedRaftLogWorker: flushIndex: setUnconditionally 0 -> -1
2020-04-03 12:22:43,355 [pool-653-thread-1] INFO  server.RaftServerConfigKeys (ConfUtils.java:logGet(44)) - raft.server.snapshot.auto.trigger.enabled = true (custom)
2020-04-03 12:22:43,355 [pool-653-thread-1] INFO  server.RaftServerConfigKeys (ConfUtils.java:logGet(44)) - raft.server.snapshot.auto.trigger.threshold = 10000 (custom)
2020-04-03 12:22:43,356 [pool-653-thread-1] INFO  server.RaftServerConfigKeys (ConfUtils.java:logGet(44)) - raft.server.snapshot.retention.file.num = 5 (custom)
2020-04-03 12:22:43,356 [pool-653-thread-1] INFO  server.RaftServerConfigKeys (ConfUtils.java:logGet(44)) - raft.server.retrycache.expirytime = 600000ms (custom)
2020-04-03 12:22:43,356 [pool-653-thread-1] INFO  metrics.RatisMetrics (RatisMetrics.java:lambda$create$0(39)) - Creating Metrics Registry : ratis.leader_election.9d9a213d-ce49-49a0-89d0-46e82b5f8d38@group-2572610135C0
2020-04-03 12:22:43,356 [pool-653-thread-1] INFO  metrics.RatisMetrics (RatisMetrics.java:lambda$create$0(39)) - Creating Metrics Registry : ratis.server.9d9a213d-ce49-49a0-89d0-46e82b5f8d38@group-2572610135C0
2020-04-03 12:22:43,357 [pool-653-thread-1] INFO  impl.RaftServerImpl (RaftServerImpl.java:start(183)) - 9d9a213d-ce49-49a0-89d0-46e82b5f8d38@group-2572610135C0: start as a follower, conf=-1: [9d9a213d-ce49-49a0-89d0-46e82b5f8d38:172.17.0.2:37055], old=null
2020-04-03 12:22:43,357 [pool-653-thread-1] INFO  impl.RaftServerImpl (RaftServerImpl.java:setRole(172)) - 9d9a213d-ce49-49a0-89d0-46e82b5f8d38@group-2572610135C0: changes role from      null to FOLLOWER at term 0 for startAsFollower
2020-04-03 12:22:43,357 [pool-653-thread-1] INFO  impl.RoleInfo (RoleInfo.java:updateAndGet(143)) - 9d9a213d-ce49-49a0-89d0-46e82b5f8d38: start FollowerState
2020-04-03 12:22:43,357 [pool-653-thread-1] INFO  util.JmxRegister (JmxRegister.java:tryRegister(44)) - Successfully registered JMX Bean with object name Ratis:service=RaftServer,group=group-2572610135C0,id=9d9a213d-ce49-49a0-89d0-46e82b5f8d38
2020-04-03 12:22:43,357 [pool-653-thread-1] INFO  metrics.RatisMetrics (RatisMetrics.java:lambda$create$0(39)) - Creating Metrics Registry : ratis.state_machine.9d9a213d-ce49-49a0-89d0-46e82b5f8d38@group-2572610135C0
2020-04-03 12:22:43,358 [Command processor thread] INFO  commandhandler.CreatePipelineCommandHandler (CreatePipelineCommandHandler.java:handle(112)) - Created Pipeline RATIS ONE #id: "7b49b74f-8e03-47ef-be1e-2572610135c0"
.
2020-04-03 12:22:44,347 [main] INFO  ozone.MiniOzoneClusterImpl (MiniOzoneClusterImpl.java:lambda$waitForClusterToBeReady$0(177)) - Nodes are ready. Got 7 of 7 DN Heartbeats.
2020-04-03 12:22:44,347 [main] INFO  ozone.MiniOzoneClusterImpl (MiniOzoneClusterImpl.java:lambda$waitForClusterToBeReady$0(180)) - Waiting for cluster to exit safe mode
2020-04-03 12:22:45,347 [main] INFO  ozone.MiniOzoneClusterImpl (MiniOzoneClusterImpl.java:lambda$waitForClusterToBeReady$0(177)) - Nodes are ready. Got 7 of 7 DN Heartbeats.
2020-04-03 12:22:45,347 [main] INFO  ozone.MiniOzoneClusterImpl (MiniOzoneClusterImpl.java:lambda$waitForClusterToBeReady$0(180)) - Waiting for cluster to exit safe mode
2020-04-03 12:22:46,347 [main] INFO  ozone.MiniOzoneClusterImpl (MiniOzoneClusterImpl.java:lambda$waitForClusterToBeReady$0(177)) - Nodes are ready. Got 7 of 7 DN Heartbeats.
2020-04-03 12:22:46,348 [main] INFO  ozone.MiniOzoneClusterImpl (MiniOzoneClusterImpl.java:lambda$waitForClusterToBeReady$0(180)) - Waiting for cluster to exit safe mode
2020-04-03 12:22:47,348 [main] INFO  ozone.MiniOzoneClusterImpl (MiniOzoneClusterImpl.java:lambda$waitForClusterToBeReady$0(177)) - Nodes are ready. Got 7 of 7 DN Heartbeats.
2020-04-03 12:22:47,348 [main] INFO  ozone.MiniOzoneClusterImpl (MiniOzoneClusterImpl.java:lambda$waitForClusterToBeReady$0(180)) - Waiting for cluster to exit safe mode
2020-04-03 12:22:48,070 [Thread-2298] INFO  impl.FollowerState (FollowerState.java:run(108)) - 60104982-6318-49fc-a8c7-671d7edb1a00@group-B9703E6787A0-FollowerState: change to CANDIDATE, lastRpcTime:5078ms, electionTimeout:5077ms
2020-04-03 12:22:48,070 [Thread-2298] INFO  impl.RoleInfo (RoleInfo.java:shutdownFollowerState(121)) - 60104982-6318-49fc-a8c7-671d7edb1a00: shutdown FollowerState
2020-04-03 12:22:48,070 [Thread-2298] INFO  impl.RaftServerImpl (RaftServerImpl.java:setRole(172)) - 60104982-6318-49fc-a8c7-671d7edb1a00@group-B9703E6787A0: changes role from  FOLLOWER to CANDIDATE at term 0 for changeToCandidate
2020-04-03 12:22:48,071 [Thread-2298] INFO  impl.RoleInfo (RoleInfo.java:updateAndGet(143)) - 60104982-6318-49fc-a8c7-671d7edb1a00: start LeaderElection
2020-04-03 12:22:48,073 [60104982-6318-49fc-a8c7-671d7edb1a00@group-B9703E6787A0-LeaderElection74] INFO  impl.LeaderElection (LeaderElection.java:askForVotes(206)) - 60104982-6318-49fc-a8c7-671d7edb1a00@group-B9703E6787A0-LeaderElection74: begin an election at term 1 for -1: [60104982-6318-49fc-a8c7-671d7edb1a00:172.17.0.2:37215], old=null
2020-04-03 12:22:48,073 [60104982-6318-49fc-a8c7-671d7edb1a00@group-B9703E6787A0-LeaderElection74] INFO  impl.RoleInfo (RoleInfo.java:shutdownLeaderElection(134)) - 60104982-6318-49fc-a8c7-671d7edb1a00: shutdown LeaderElection
2020-04-03 12:22:48,073 [60104982-6318-49fc-a8c7-671d7edb1a00@group-B9703E6787A0-LeaderElection74] INFO  impl.RaftServerImpl (RaftServerImpl.java:setRole(172)) - 60104982-6318-49fc-a8c7-671d7edb1a00@group-B9703E6787A0: changes role from CANDIDATE to LEADER at term 1 for changeToLeader
2020-04-03 12:22:48,074 [60104982-6318-49fc-a8c7-671d7edb1a00@group-B9703E6787A0-LeaderElection74] INFO  ratis.XceiverServerRatis (XceiverServerRatis.java:handleLeaderChangedNotification(739)) - Leader change notification received for group: group-B9703E6787A0 with new leaderId: 60104982-6318-49fc-a8c7-671d7edb1a00
2020-04-03 12:22:48,074 [60104982-6318-49fc-a8c7-671d7edb1a00@group-B9703E6787A0-LeaderElection74] INFO  impl.RaftServerImpl (ServerState.java:setLeader(255)) - 60104982-6318-49fc-a8c7-671d7edb1a00@group-B9703E6787A0: change Leader from null to 60104982-6318-49fc-a8c7-671d7edb1a00 at term 1 for becomeLeader, leader elected after 5090ms
2020-04-03 12:22:48,074 [60104982-6318-49fc-a8c7-671d7edb1a00@group-B9703E6787A0-LeaderElection74] INFO  server.RaftServerConfigKeys (ConfUtils.java:logGet(44)) - raft.server.staging.catchup.gap = 1000 (default)
2020-04-03 12:22:48,075 [60104982-6318-49fc-a8c7-671d7edb1a00@group-B9703E6787A0-LeaderElection74] INFO  server.RaftServerConfigKeys (ConfUtils.java:logGet(44)) - raft.server.rpc.sleep.time = 25ms (default)
2020-04-03 12:22:48,075 [60104982-6318-49fc-a8c7-671d7edb1a00@group-B9703E6787A0-LeaderElection74] INFO  metrics.RatisMetrics (RatisMetrics.java:lambda$create$0(39)) - Creating Metrics Registry : ratis.log_appender.60104982-6318-49fc-a8c7-671d7edb1a00@group-B9703E6787A0
2020-04-03 12:22:48,075 [60104982-6318-49fc-a8c7-671d7edb1a00@group-B9703E6787A0-LeaderElection74] INFO  server.RaftServerConfigKeys (ConfUtils.java:logGet(44)) - raft.server.write.element-limit = 1024 (custom)
2020-04-03 12:22:48,075 [60104982-6318-49fc-a8c7-671d7edb1a00@group-B9703E6787A0-LeaderElection74] INFO  server.RaftServerConfigKeys (ConfUtils.java:logGet(44)) - raft.server.write.byte-limit = 1073741824 (custom)
2020-04-03 12:22:48,076 [60104982-6318-49fc-a8c7-671d7edb1a00@group-B9703E6787A0-LeaderElection74] INFO  server.RaftServerConfigKeys (ConfUtils.java:logGet(44)) - raft.server.watch.timeout = 3s (custom)
2020-04-03 12:22:48,076 [60104982-6318-49fc-a8c7-671d7edb1a00@group-B9703E6787A0-LeaderElection74] INFO  server.RaftServerConfigKeys (ConfUtils.java:logGet(44)) - raft.server.watch.timeout.denomination = 1s (default)
2020-04-03 12:22:48,076 [60104982-6318-49fc-a8c7-671d7edb1a00@group-B9703E6787A0-LeaderElection74] INFO  server.RaftServerConfigKeys (ConfUtils.java:logGet(44)) - raft.server.watch.element-limit = 65536 (default)
2020-04-03 12:22:48,076 [60104982-6318-49fc-a8c7-671d7edb1a00@group-B9703E6787A0-LeaderElection74] INFO  impl.RoleInfo (RoleInfo.java:updateAndGet(143)) - 60104982-6318-49fc-a8c7-671d7edb1a00: start LeaderState
2020-04-03 12:22:48,076 [Thread-2302] INFO  impl.FollowerState (FollowerState.java:run(108)) - b4a43d29-118c-4b02-9b7b-443b0a36c06e@group-FA17F83450AF-FollowerState: change to CANDIDATE, lastRpcTime:5046ms, electionTimeout:5045ms
2020-04-03 12:22:48,078 [Thread-2302] INFO  impl.RoleInfo (RoleInfo.java:shutdownFollowerState(121)) - b4a43d29-118c-4b02-9b7b-443b0a36c06e: shutdown FollowerState
2020-04-03 12:22:48,078 [60104982-6318-49fc-a8c7-671d7edb1a00@group-B9703E6787A0-LeaderElection74] INFO  segmented.SegmentedRaftLogWorker (SegmentedRaftLogWorker.java:startLogSegment(391)) - 60104982-6318-49fc-a8c7-671d7edb1a00@group-B9703E6787A0-SegmentedRaftLogWorker: Starting segment from index:0
2020-04-03 12:22:48,078 [Thread-2302] INFO  impl.RaftServerImpl (RaftServerImpl.java:setRole(172)) - b4a43d29-118c-4b02-9b7b-443b0a36c06e@group-FA17F83450AF: changes role from  FOLLOWER to CANDIDATE at term 0 for changeToCandidate
2020-04-03 12:22:48,078 [Thread-2302] INFO  impl.RoleInfo (RoleInfo.java:updateAndGet(143)) - b4a43d29-118c-4b02-9b7b-443b0a36c06e: start LeaderElection
2020-04-03 12:22:48,086 [60104982-6318-49fc-a8c7-671d7edb1a00@group-B9703E6787A0-SegmentedRaftLogWorker] INFO  segmented.SegmentedRaftLogWorker (SegmentedRaftLogWorker.java:execute(583)) - 60104982-6318-49fc-a8c7-671d7edb1a00@group-B9703E6787A0-SegmentedRaftLogWorker: created new log segment /github/workspace/hadoop-ozone/integration-test/target/test-dir/MiniOzoneClusterImpl-54c97517-776f-4ce9-b1d6-5922e4042064/datanode-0/data/ratis/469aba0c-b059-4dbd-9fe1-b9703e6787a0/current/log_inprogress_0
2020-04-03 12:22:48,089 [60104982-6318-49fc-a8c7-671d7edb1a00@group-B9703E6787A0-LeaderElection74] INFO  impl.RaftServerImpl (ServerState.java:setRaftConf(356)) - 60104982-6318-49fc-a8c7-671d7edb1a00@group-B9703E6787A0: set configuration 0: [60104982-6318-49fc-a8c7-671d7edb1a00:172.17.0.2:37215], old=null at 0
2020-04-03 12:22:48,094 [b4a43d29-118c-4b02-9b7b-443b0a36c06e@group-FA17F83450AF-LeaderElection75] INFO  impl.LeaderElection (LeaderElection.java:askForVotes(206)) - b4a43d29-118c-4b02-9b7b-443b0a36c06e@group-FA17F83450AF-LeaderElection75: begin an election at term 1 for -1: [b4a43d29-118c-4b02-9b7b-443b0a36c06e:172.17.0.2:40513, 32bb5132-3190-4c64-bf84-ebbd3e705cf4:172.17.0.2:46159, 60104982-6318-49fc-a8c7-671d7edb1a00:172.17.0.2:37215], old=null
2020-04-03 12:22:48,094 [Thread-2308] INFO  impl.FollowerState (FollowerState.java:run(108)) - 32bb5132-3190-4c64-bf84-ebbd3e705cf4@group-8509371C81B5-FollowerState: change to CANDIDATE, lastRpcTime:5028ms, electionTimeout:5019ms
2020-04-03 12:22:48,095 [Thread-2308] INFO  impl.RoleInfo (RoleInfo.java:shutdownFollowerState(121)) - 32bb5132-3190-4c64-bf84-ebbd3e705cf4: shutdown FollowerState
2020-04-03 12:22:48,095 [Thread-2308] INFO  impl.RaftServerImpl (RaftServerImpl.java:setRole(172)) - 32bb5132-3190-4c64-bf84-ebbd3e705cf4@group-8509371C81B5: changes role from  FOLLOWER to CANDIDATE at term 0 for changeToCandidate
2020-04-03 12:22:48,095 [Thread-2308] INFO  impl.RoleInfo (RoleInfo.java:updateAndGet(143)) - 32bb5132-3190-4c64-bf84-ebbd3e705cf4: start LeaderElection
2020-04-03 12:22:48,101 [Thread-2300] INFO  impl.FollowerState (FollowerState.java:run(108)) - 60104982-6318-49fc-a8c7-671d7edb1a00@group-FA17F83450AF-FollowerState: change to CANDIDATE, lastRpcTime:5098ms, electionTimeout:5098ms
2020-04-03 12:22:48,102 [Thread-2300] INFO  impl.RoleInfo (RoleInfo.java:shutdownFollowerState(121)) - 60104982-6318-49fc-a8c7-671d7edb1a00: shutdown FollowerState
2020-04-03 12:22:48,102 [Thread-2300] INFO  impl.RaftServerImpl (RaftServerImpl.java:setRole(172)) - 60104982-6318-49fc-a8c7-671d7edb1a00@group-FA17F83450AF: changes role from  FOLLOWER to CANDIDATE at term 0 for changeToCandidate
2020-04-03 12:22:48,102 [Thread-2300] INFO  impl.RoleInfo (RoleInfo.java:updateAndGet(143)) - 60104982-6318-49fc-a8c7-671d7edb1a00: start LeaderElection
2020-04-03 12:22:48,105 [grpc-default-executor-6] INFO  impl.RaftServerImpl (RaftServerImpl.java:setRole(172)) - 32bb5132-3190-4c64-bf84-ebbd3e705cf4@group-FA17F83450AF: changes role from  FOLLOWER to FOLLOWER at term 1 for recognizeCandidate:b4a43d29-118c-4b02-9b7b-443b0a36c06e
2020-04-03 12:22:48,106 [grpc-default-executor-6] INFO  impl.RoleInfo (RoleInfo.java:shutdownFollowerState(121)) - 32bb5132-3190-4c64-bf84-ebbd3e705cf4: shutdown FollowerState
2020-04-03 12:22:48,106 [grpc-default-executor-6] INFO  impl.RoleInfo (RoleInfo.java:updateAndGet(143)) - 32bb5132-3190-4c64-bf84-ebbd3e705cf4: start FollowerState
2020-04-03 12:22:48,106 [Thread-2306] INFO  impl.FollowerState (FollowerState.java:run(117)) - 32bb5132-3190-4c64-bf84-ebbd3e705cf4@group-FA17F83450AF-FollowerState was interrupted: java.lang.InterruptedException: sleep interrupted
2020-04-03 12:22:48,112 [grpc-default-executor-1] INFO  impl.RaftServerImpl (RaftServerImpl.java:setRole(172)) - 60104982-6318-49fc-a8c7-671d7edb1a00@group-FA17F83450AF: changes role from CANDIDATE to FOLLOWER at term 1 for recognizeCandidate:b4a43d29-118c-4b02-9b7b-443b0a36c06e
2020-04-03 12:22:48,112 [grpc-default-executor-1] INFO  impl.RoleInfo (RoleInfo.java:shutdownLeaderElection(134)) - 60104982-6318-49fc-a8c7-671d7edb1a00: shutdown LeaderElection
2020-04-03 12:22:48,113 [32bb5132-3190-4c64-bf84-ebbd3e705cf4@group-8509371C81B5-LeaderElection76] INFO  impl.LeaderElection (LeaderElection.java:askForVotes(206)) - 32bb5132-3190-4c64-bf84-ebbd3e705cf4@group-8509371C81B5-LeaderElection76: begin an election at term 1 for -1: [32bb5132-3190-4c64-bf84-ebbd3e705cf4:172.17.0.2:46159], old=null
2020-04-03 12:22:48,113 [32bb5132-3190-4c64-bf84-ebbd3e705cf4@group-8509371C81B5-LeaderElection76] INFO  impl.RoleInfo (RoleInfo.java:shutdownLeaderElection(134)) - 32bb5132-3190-4c64-bf84-ebbd3e705cf4: shutdown LeaderElection
2020-04-03 12:22:48,113 [32bb5132-3190-4c64-bf84-ebbd3e705cf4@group-8509371C81B5-LeaderElection76] INFO  impl.RaftServerImpl (RaftServerImpl.java:setRole(172)) - 32bb5132-3190-4c64-bf84-ebbd3e705cf4@group-8509371C81B5: changes role from CANDIDATE to LEADER at term 1 for changeToLeader
2020-04-03 12:22:48,113 [32bb5132-3190-4c64-bf84-ebbd3e705cf4@group-8509371C81B5-LeaderElection76] INFO  ratis.XceiverServerRatis (XceiverServerRatis.java:handleLeaderChangedNotification(739)) - Leader change notification received for group: group-8509371C81B5 with new leaderId: 32bb5132-3190-4c64-bf84-ebbd3e705cf4
2020-04-03 12:22:48,118 [grpc-default-executor-1] INFO  impl.RoleInfo (RoleInfo.java:updateAndGet(143)) - 60104982-6318-49fc-a8c7-671d7edb1a00: start FollowerState
2020-04-03 12:22:48,119 [32bb5132-3190-4c64-bf84-ebbd3e705cf4@group-8509371C81B5-LeaderElection76] INFO  impl.RaftServerImpl (ServerState.java:setLeader(255)) - 32bb5132-3190-4c64-bf84-ebbd3e705cf4@group-8509371C81B5: change Leader from null to 32bb5132-3190-4c64-bf84-ebbd3e705cf4 at term 1 for becomeLeader, leader elected after 5056ms
2020-04-03 12:22:48,119 [32bb5132-3190-4c64-bf84-ebbd3e705cf4@group-8509371C81B5-LeaderElection76] INFO  server.RaftServerConfigKeys (ConfUtils.java:logGet(44)) - raft.server.staging.catchup.gap = 1000 (default)
2020-04-03 12:22:48,119 [32bb5132-3190-4c64-bf84-ebbd3e705cf4@group-8509371C81B5-LeaderElection76] INFO  server.RaftServerConfigKeys (ConfUtils.java:logGet(44)) - raft.server.rpc.sleep.time = 25ms (default)
2020-04-03 12:22:48,122 [32bb5132-3190-4c64-bf84-ebbd3e705cf4@group-8509371C81B5-LeaderElection76] INFO  metrics.RatisMetrics (RatisMetrics.java:lambda$create$0(39)) - Creating Metrics Registry : ratis.log_appender.32bb5132-3190-4c64-bf84-ebbd3e705cf4@group-8509371C81B5
2020-04-03 12:22:48,126 [b4a43d29-118c-4b02-9b7b-443b0a36c06e@group-FA17F83450AF-LeaderElection75] INFO  impl.LeaderElection (LeaderElection.java:logAndReturn(61)) - b4a43d29-118c-4b02-9b7b-443b0a36c06e@group-FA17F83450AF-LeaderElection75: Election PASSED; received 1 response(s) [b4a43d29-118c-4b02-9b7b-443b0a36c06e<-32bb5132-3190-4c64-bf84-ebbd3e705cf4#0:OK-t1] and 0 exception(s); b4a43d29-118c-4b02-9b7b-443b0a36c06e@group-FA17F83450AF:t1, leader=null, voted=b4a43d29-118c-4b02-9b7b-443b0a36c06e, raftlog=b4a43d29-118c-4b02-9b7b-443b0a36c06e@group-FA17F83450AF-SegmentedRaftLog:OPENED:c-1,f-1,i0, conf=-1: [b4a43d29-118c-4b02-9b7b-443b0a36c06e:172.17.0.2:40513, 32bb5132-3190-4c64-bf84-ebbd3e705cf4:172.17.0.2:46159, 60104982-6318-49fc-a8c7-671d7edb1a00:172.17.0.2:37215], old=null
2020-04-03 12:22:48,127 [b4a43d29-118c-4b02-9b7b-443b0a36c06e@group-FA17F83450AF-LeaderElection75] INFO  impl.RoleInfo (RoleInfo.java:shutdownLeaderElection(134)) - b4a43d29-118c-4b02-9b7b-443b0a36c06e: shutdown LeaderElection
2020-04-03 12:22:48,127 [b4a43d29-118c-4b02-9b7b-443b0a36c06e@group-FA17F83450AF-LeaderElection75] INFO  impl.RaftServerImpl (RaftServerImpl.java:setRole(172)) - b4a43d29-118c-4b02-9b7b-443b0a36c06e@group-FA17F83450AF: changes role from CANDIDATE to LEADER at term 1 for changeToLeader
2020-04-03 12:22:48,127 [b4a43d29-118c-4b02-9b7b-443b0a36c06e@group-FA17F83450AF-LeaderElection75] INFO  ratis.XceiverServerRatis (XceiverServerRatis.java:handleLeaderChangedNotification(739)) - Leader change notification received for group: group-FA17F83450AF with new leaderId: b4a43d29-118c-4b02-9b7b-443b0a36c06e
2020-04-03 12:22:48,128 [b4a43d29-118c-4b02-9b7b-443b0a36c06e@group-FA17F83450AF-LeaderElection75] INFO  impl.RaftServerImpl (ServerState.java:setLeader(255)) - b4a43d29-118c-4b02-9b7b-443b0a36c06e@group-FA17F83450AF: change Leader from null to b4a43d29-118c-4b02-9b7b-443b0a36c06e at term 1 for becomeLeader, leader elected after 5104ms
2020-04-03 12:22:48,128 [b4a43d29-118c-4b02-9b7b-443b0a36c06e@group-FA17F83450AF-LeaderElection75] INFO  server.RaftServerConfigKeys (ConfUtils.java:logGet(44)) - raft.server.staging.catchup.gap = 1000 (default)
2020-04-03 12:22:48,128 [b4a43d29-118c-4b02-9b7b-443b0a36c06e@group-FA17F83450AF-LeaderElection75] INFO  server.RaftServerConfigKeys (ConfUtils.java:logGet(44)) - raft.server.rpc.sleep.time = 25ms (default)
2020-04-03 12:22:48,128 [b4a43d29-118c-4b02-9b7b-443b0a36c06e@group-FA17F83450AF-LeaderElection75] INFO  metrics.RatisMetrics (RatisMetrics.java:lambda$create$0(39)) - Creating Metrics Registry : ratis.log_appender.b4a43d29-118c-4b02-9b7b-443b0a36c06e@group-FA17F83450AF
2020-04-03 12:22:48,128 [b4a43d29-118c-4b02-9b7b-443b0a36c06e@group-FA17F83450AF-LeaderElection75] INFO  server.RaftServerConfigKeys (ConfUtils.java:logGet(44)) - raft.server.write.element-limit = 1024 (custom)
2020-04-03 12:22:48,128 [b4a43d29-118c-4b02-9b7b-443b0a36c06e@group-FA17F83450AF-LeaderElection75] INFO  server.RaftServerConfigKeys (ConfUtils.java:logGet(44)) - raft.server.write.byte-limit = 1073741824 (custom)
2020-04-03 12:22:48,129 [b4a43d29-118c-4b02-9b7b-443b0a36c06e@group-FA17F83450AF-LeaderElection75] INFO  server.RaftServerConfigKeys (ConfUtils.java:logGet(44)) - raft.server.watch.timeout = 3s (custom)
2020-04-03 12:22:48,129 [b4a43d29-118c-4b02-9b7b-443b0a36c06e@group-FA17F83450AF-LeaderElection75] INFO  server.RaftServerConfigKeys (ConfUtils.java:logGet(44)) - raft.server.watch.timeout.denomination = 1s (default)
2020-04-03 12:22:48,129 [b4a43d29-118c-4b02-9b7b-443b0a36c06e@group-FA17F83450AF-LeaderElection75] INFO  server.RaftServerConfigKeys (ConfUtils.java:logGet(44)) - raft.server.watch.element-limit = 65536 (default)
2020-04-03 12:22:48,129 [b4a43d29-118c-4b02-9b7b-443b0a36c06e@group-FA17F83450AF-LeaderElection75] INFO  server.RaftServerConfigKeys (ConfUtils.java:logGet(44)) - raft.server.log.appender.snapshot.chunk.size.max = 16MB (=16777216) (default)
2020-04-03 12:22:48,129 [b4a43d29-118c-4b02-9b7b-443b0a36c06e@group-FA17F83450AF-LeaderElection75] INFO  server.RaftServerConfigKeys (ConfUtils.java:logGet(44)) - raft.server.log.appender.buffer.byte-limit = 33554432 (custom)
2020-04-03 12:22:48,129 [b4a43d29-118c-4b02-9b7b-443b0a36c06e@group-FA17F83450AF-LeaderElection75] INFO  server.RaftServerConfigKeys (ConfUtils.java:logGet(44)) - raft.server.log.appender.buffer.element-limit = 1 (custom)
2020-04-03 12:22:48,130 [EventQueue-PipelineReportForPipelineReportHandler] INFO  pipeline.PipelineStateManager (PipelineStateManager.java:openPipeline(131)) - Pipeline Pipeline[ Id: 24efe3c7-eeac-4a70-9691-fa17f83450af, Nodes: b4a43d29-118c-4b02-9b7b-443b0a36c06e{ip: 172.17.0.2, host: bc31a1f7cf94, networkLocation: /default-rack, certSerialId: null}60104982-6318-49fc-a8c7-671d7edb1a00{ip: 172.17.0.2, host: bc31a1f7cf94, networkLocation: /default-rack, certSerialId: null}32bb5132-3190-4c64-bf84-ebbd3e705cf4{ip: 172.17.0.2, host: bc31a1f7cf94, networkLocation: /default-rack, certSerialId: null}, Type:RATIS, Factor:THREE, State:ALLOCATED, leaderId:b4a43d29-118c-4b02-9b7b-443b0a36c06e, CreationTimestamp2020-04-03T12:22:40.108Z] moved to OPEN state
2020-04-03 12:22:48,130 [b4a43d29-118c-4b02-9b7b-443b0a36c06e@group-FA17F83450AF-LeaderElection75] INFO  grpc.GrpcConfigKeys (ConfUtils.java:logGet(44)) - raft.grpc.server.leader.outstanding.appends.max = 128 (default)
2020-04-03 12:22:48,130 [b4a43d29-118c-4b02-9b7b-443b0a36c06e@group-FA17F83450AF-LeaderElection75] INFO  server.RaftServerConfigKeys (ConfUtils.java:logGet(44)) - raft.server.rpc.request.timeout = 3s (default)
2020-04-03 12:22:48,130 [EventQueue-OpenPipelineForHealthyPipelineSafeModeRule] INFO  safemode.SCMSafeModeManager (HealthyPipelineSafeModeRule.java:process(131)) - SCM in safe mode. Healthy pipelines reported count is 1, required healthy pipeline reported count is 1
2020-04-03 12:22:48,130 [EventQueue-OpenPipelineForOneReplicaPipelineSafeModeRule] INFO  safemode.SCMSafeModeManager (SCMSafeModeManager.java:validateSafeModeExitRules(175)) - AtleastOneDatanodeReportedRule rule is successfully validated
2020-04-03 12:22:48,130 [EventQueue-OpenPipelineForHealthyPipelineSafeModeRule] INFO  safemode.SCMSafeModeManager (SCMSafeModeManager.java:validateSafeModeExitRules(175)) - HealthyPipelineSafeModeRule rule is successfully validated
2020-04-03 12:22:48,130 [EventQueue-OpenPipelineForHealthyPipelineSafeModeRule] INFO  safemode.SCMSafeModeManager (SCMSafeModeManager.java:validateSafeModeExitRules(184)) - ScmSafeModeManager, all rules are successfully validated
2020-04-03 12:22:48,130 [EventQueue-OpenPipelineForHealthyPipelineSafeModeRule] INFO  safemode.SCMSafeModeManager (SCMSafeModeManager.java:exitSafeMode(200)) - SCM exiting safe mode.
2020-04-03 12:22:48,130 [b4a43d29-118c-4b02-9b7b-443b0a36c06e@group-FA17F83450AF-LeaderElection75] INFO  server.RaftServerConfigKeys (ConfUtils.java:logGet(44)) - raft.server.log.appender.install.snapshot.enabled = false (custom)
2020-04-03 12:22:48,131 [60104982-6318-49fc-a8c7-671d7edb1a00@group-FA17F83450AF-LeaderElection77] INFO  impl.LeaderElection (LeaderElection.java:askForVotes(206)) - 60104982-6318-49fc-a8c7-671d7edb1a00@group-FA17F83450AF-LeaderElection77: begin an election at term 2 for -1: [b4a43d29-118c-4b02-9b7b-443b0a36c06e:172.17.0.2:40513, 32bb5132-3190-4c64-bf84-ebbd3e705cf4:172.17.0.2:46159, 60104982-6318-49fc-a8c7-671d7edb1a00:172.17.0.2:37215], old=null
2020-04-03 12:22:48,133 [b4a43d29-118c-4b02-9b7b-443b0a36c06e@group-FA17F83450AF-LeaderElection75] INFO  server.RaftServerConfigKeys (ConfUtils.java:logGet(44)) - raft.server.log.appender.snapshot.chunk.size.max = 16MB (=16777216) (default)
2020-04-03 12:22:48,133 [b4a43d29-118c-4b02-9b7b-443b0a36c06e@group-FA17F83450AF-LeaderElection75] INFO  server.RaftServerConfigKeys (ConfUtils.java:logGet(44)) - raft.server.log.appender.buffer.byte-limit = 33554432 (custom)
2020-04-03 12:22:48,134 [b4a43d29-118c-4b02-9b7b-443b0a36c06e@group-FA17F83450AF-LeaderElection75] INFO  server.RaftServerConfigKeys (ConfUtils.java:logGet(44)) - raft.server.log.appender.buffer.element-limit = 1 (custom)
2020-04-03 12:22:48,134 [32bb5132-3190-4c64-bf84-ebbd3e705cf4@group-8509371C81B5-LeaderElection76] INFO  server.RaftServerConfigKeys (ConfUtils.java:logGet(44)) - raft.server.write.element-limit = 1024 (custom)
2020-04-03 12:22:48,134 [32bb5132-3190-4c64-bf84-ebbd3e705cf4@group-8509371C81B5-LeaderElection76] INFO  server.RaftServerConfigKeys (ConfUtils.java:logGet(44)) - raft.server.write.byte-limit = 1073741824 (custom)
2020-04-03 12:22:48,134 [32bb5132-3190-4c64-bf84-ebbd3e705cf4@group-8509371C81B5-LeaderElection76] INFO  server.RaftServerConfigKeys (ConfUtils.java:logGet(44)) - raft.server.watch.timeout = 3s (custom)
2020-04-03 12:22:48,134 [32bb5132-3190-4c64-bf84-ebbd3e705cf4@group-8509371C81B5-LeaderElection76] INFO  server.RaftServerConfigKeys (ConfUtils.java:logGet(44)) - raft.server.watch.timeout.denomination = 1s (default)
2020-04-03 12:22:48,135 [32bb5132-3190-4c64-bf84-ebbd3e705cf4@group-8509371C81B5-LeaderElection76] INFO  server.RaftServerConfigKeys (ConfUtils.java:logGet(44)) - raft.server.watch.element-limit = 65536 (default)
2020-04-03 12:22:48,135 [32bb5132-3190-4c64-bf84-ebbd3e705cf4@group-8509371C81B5-LeaderElection76] INFO  impl.RoleInfo (RoleInfo.java:updateAndGet(143)) - 32bb5132-3190-4c64-bf84-ebbd3e705cf4: start LeaderState
2020-04-03 12:22:48,135 [32bb5132-3190-4c64-bf84-ebbd3e705cf4@group-8509371C81B5-LeaderElection76] INFO  segmented.SegmentedRaftLogWorker (SegmentedRaftLogWorker.java:startLogSegment(391)) - 32bb5132-3190-4c64-bf84-ebbd3e705cf4@group-8509371C81B5-SegmentedRaftLogWorker: Starting segment from index:0
2020-04-03 12:22:48,137 [b4a43d29-118c-4b02-9b7b-443b0a36c06e@group-FA17F83450AF-LeaderElection75] INFO  grpc.GrpcConfigKeys (ConfUtils.java:logGet(44)) - raft.grpc.server.leader.outstanding.appends.max = 128 (default)
2020-04-03 12:22:48,137 [b4a43d29-118c-4b02-9b7b-443b0a36c06e@group-FA17F83450AF-LeaderElection75] INFO  server.RaftServerConfigKeys (ConfUtils.java:logGet(44)) - raft.server.rpc.request.timeout = 3s (default)
2020-04-03 12:22:48,137 [b4a43d29-118c-4b02-9b7b-443b0a36c06e@group-FA17F83450AF-LeaderElection75] INFO  server.RaftServerConfigKeys (ConfUtils.java:logGet(44)) - raft.server.log.appender.install.snapshot.enabled = false (custom)
2020-04-03 12:22:48,139 [b4a43d29-118c-4b02-9b7b-443b0a36c06e@group-FA17F83450AF-LeaderElection75] INFO  impl.RoleInfo (RoleInfo.java:updateAndGet(143)) - b4a43d29-118c-4b02-9b7b-443b0a36c06e: start LeaderState
2020-04-03 12:22:48,140 [b4a43d29-118c-4b02-9b7b-443b0a36c06e@group-FA17F83450AF-LeaderElection75] INFO  segmented.SegmentedRaftLogWorker (SegmentedRaftLogWorker.java:startLogSegment(391)) - b4a43d29-118c-4b02-9b7b-443b0a36c06e@group-FA17F83450AF-SegmentedRaftLogWorker: Starting segment from index:0
2020-04-03 12:22:48,141 [60104982-6318-49fc-a8c7-671d7edb1a00@group-FA17F83450AF-LeaderElection77] INFO  impl.LeaderElection (LeaderElection.java:logAndReturn(61)) - 60104982-6318-49fc-a8c7-671d7edb1a00@group-FA17F83450AF-LeaderElection77: Election REJECTED; received 0 response(s) [] and 0 exception(s); 60104982-6318-49fc-a8c7-671d7edb1a00@group-FA17F83450AF:t2, leader=null, voted=60104982-6318-49fc-a8c7-671d7edb1a00, raftlog=60104982-6318-49fc-a8c7-671d7edb1a00@group-FA17F83450AF-SegmentedRaftLog:OPENED:c-1,f-1,i0, conf=-1: [b4a43d29-118c-4b02-9b7b-443b0a36c06e:172.17.0.2:40513, 32bb5132-3190-4c64-bf84-ebbd3e705cf4:172.17.0.2:46159, 60104982-6318-49fc-a8c7-671d7edb1a00:172.17.0.2:37215], old=null
2020-04-03 12:22:48,143 [32bb5132-3190-4c64-bf84-ebbd3e705cf4@group-8509371C81B5-SegmentedRaftLogWorker] INFO  segmented.SegmentedRaftLogWorker (SegmentedRaftLogWorker.java:execute(583)) - 32bb5132-3190-4c64-bf84-ebbd3e705cf4@group-8509371C81B5-SegmentedRaftLogWorker: created new log segment /github/workspace/hadoop-ozone/integration-test/target/test-dir/MiniOzoneClusterImpl-54c97517-776f-4ce9-b1d6-5922e4042064/datanode-1/data/ratis/e8a5f3de-d803-4e95-a771-8509371c81b5/current/log_inprogress_0
2020-04-03 12:22:48,144 [32bb5132-3190-4c64-bf84-ebbd3e705cf4@group-8509371C81B5-LeaderElection76] INFO  impl.RaftServerImpl (ServerState.java:setRaftConf(356)) - 32bb5132-3190-4c64-bf84-ebbd3e705cf4@group-8509371C81B5: set configuration 0: [32bb5132-3190-4c64-bf84-ebbd3e705cf4:172.17.0.2:46159], old=null at 0
2020-04-03 12:22:48,147 [b4a43d29-118c-4b02-9b7b-443b0a36c06e@group-FA17F83450AF-SegmentedRaftLogWorker] INFO  segmented.SegmentedRaftLogWorker (SegmentedRaftLogWorker.java:execute(583)) - b4a43d29-118c-4b02-9b7b-443b0a36c06e@group-FA17F83450AF-SegmentedRaftLogWorker: created new log segment /github/workspace/hadoop-ozone/integration-test/target/test-dir/MiniOzoneClusterImpl-54c97517-776f-4ce9-b1d6-5922e4042064/datanode-2/data/ratis/24efe3c7-eeac-4a70-9691-fa17f83450af/current/log_inprogress_0
2020-04-03 12:22:48,149 [b4a43d29-118c-4b02-9b7b-443b0a36c06e@group-FA17F83450AF-LeaderElection75] INFO  impl.RaftServerImpl (ServerState.java:setRaftConf(356)) - b4a43d29-118c-4b02-9b7b-443b0a36c06e@group-FA17F83450AF: set configuration 0: [b4a43d29-118c-4b02-9b7b-443b0a36c06e:172.17.0.2:40513, 32bb5132-3190-4c64-bf84-ebbd3e705cf4:172.17.0.2:46159, 60104982-6318-49fc-a8c7-671d7edb1a00:172.17.0.2:37215], old=null at 0
2020-04-03 12:22:48,151 [grpc-default-executor-1] INFO  impl.RaftServerImpl (RaftServerImpl.java:setRole(172)) - 32bb5132-3190-4c64-bf84-ebbd3e705cf4@group-FA17F83450AF: changes role from  FOLLOWER to FOLLOWER at term 2 for recognizeCandidate:60104982-6318-49fc-a8c7-671d7edb1a00
2020-04-03 12:22:48,151 [grpc-default-executor-1] INFO  impl.RoleInfo (RoleInfo.java:shutdownFollowerState(121)) - 32bb5132-3190-4c64-bf84-ebbd3e705cf4: shutdown FollowerState
2020-04-03 12:22:48,151 [grpc-default-executor-1] INFO  impl.RoleInfo (RoleInfo.java:updateAndGet(143)) - 32bb5132-3190-4c64-bf84-ebbd3e705cf4: start FollowerState
2020-04-03 12:22:48,151 [Thread-2354] INFO  impl.FollowerState (FollowerState.java:run(117)) - 32bb5132-3190-4c64-bf84-ebbd3e705cf4@group-FA17F83450AF-FollowerState was interrupted: java.lang.InterruptedException: sleep interrupted
2020-04-03 12:22:48,160 [Thread-2357] INFO  impl.RaftServerImpl (ServerState.java:setLeader(255)) - b4a43d29-118c-4b02-9b7b-443b0a36c06e@group-FA17F83450AF: change Leader from b4a43d29-118c-4b02-9b7b-443b0a36c06e to null at term 2 for updateCurrentTerm
2020-04-03 12:22:48,160 [Thread-2357] INFO  impl.RaftServerImpl (RaftServerImpl.java:setRole(172)) - b4a43d29-118c-4b02-9b7b-443b0a36c06e@group-FA17F83450AF: changes role from    LEADER to FOLLOWER at term 2 for stepDown
2020-04-03 12:22:48,160 [Thread-2357] INFO  impl.RoleInfo (RoleInfo.java:shutdownLeaderState(104)) - b4a43d29-118c-4b02-9b7b-443b0a36c06e: shutdown LeaderState
2020-04-03 12:22:48,162 [org.apache.ratis.server.impl.LogAppender$AppenderDaemon$$Lambda$421/844371036@58a4450f] WARN  server.GrpcLogAppender (GrpcLogAppender.java:mayWait(153)) - b4a43d29-118c-4b02-9b7b-443b0a36c06e@group-FA17F83450AF->32bb5132-3190-4c64-bf84-ebbd3e705cf4-GrpcLogAppender: Wait interrupted by java.lang.InterruptedException
2020-04-03 12:22:48,162 [Thread-2357] INFO  impl.PendingRequests (PendingRequests.java:sendNotLeaderResponses(240)) - b4a43d29-118c-4b02-9b7b-443b0a36c06e@group-FA17F83450AF-PendingRequests: sendNotLeaderResponses
2020-04-03 12:22:48,162 [Thread-2357] INFO  metrics.RatisMetrics (RatisMetrics.java:unregister(46)) - Unregistering Metrics Registry : ratis.log_appender.b4a43d29-118c-4b02-9b7b-443b0a36c06e@group-FA17F83450AF
2020-04-03 12:22:48,162 [Thread-2357] INFO  impl.RoleInfo (RoleInfo.java:updateAndGet(143)) - b4a43d29-118c-4b02-9b7b-443b0a36c06e: start FollowerState
2020-04-03 12:22:48,163 [org.apache.ratis.server.impl.LogAppender$AppenderDaemon$$Lambda$421/844371036@3ab1a992] WARN  server.GrpcLogAppender (GrpcLogAppender.java:mayWait(153)) - b4a43d29-118c-4b02-9b7b-443b0a36c06e@group-FA17F83450AF->60104982-6318-49fc-a8c7-671d7edb1a00-GrpcLogAppender: Wait interrupted by java.lang.InterruptedException
2020-04-03 12:22:48,164 [grpc-default-executor-1] INFO  impl.RaftServerImpl (RaftServerImpl.java:setRole(172)) - b4a43d29-118c-4b02-9b7b-443b0a36c06e@group-FA17F83450AF: changes role from  FOLLOWER to FOLLOWER at term 2 for recognizeCandidate:60104982-6318-49fc-a8c7-671d7edb1a00
2020-04-03 12:22:48,164 [grpc-default-executor-1] INFO  impl.RoleInfo (RoleInfo.java:shutdownFollowerState(121)) - b4a43d29-118c-4b02-9b7b-443b0a36c06e: shutdown FollowerState
2020-04-03 12:22:48,164 [grpc-default-executor-1] INFO  impl.RoleInfo (RoleInfo.java:updateAndGet(143)) - b4a43d29-118c-4b02-9b7b-443b0a36c06e: start FollowerState
2020-04-03 12:22:48,164 [Thread-2365] INFO  impl.FollowerState (FollowerState.java:run(117)) - b4a43d29-118c-4b02-9b7b-443b0a36c06e@group-FA17F83450AF-FollowerState was interrupted: java.lang.InterruptedException: sleep interrupted
2020-04-03 12:22:48,169 [grpc-default-executor-3] INFO  server.GrpcServerProtocolService (GrpcServerProtocolService.java:onCompleted(137)) - 60104982-6318-49fc-a8c7-671d7edb1a00: Completed APPEND_ENTRIES, lastRequest: b4a43d29-118c-4b02-9b7b-443b0a36c06e->60104982-6318-49fc-a8c7-671d7edb1a00#1-t1, previous=(t:0, i:0), leaderCommit=0, initializing? false, entries: size=1, first=(t:1, i:0), CONFIGURATIONENTRY
2020-04-03 12:22:48,169 [grpc-default-executor-6] INFO  server.GrpcServerProtocolService (GrpcServerProtocolService.java:onCompleted(137)) - 32bb5132-3190-4c64-bf84-ebbd3e705cf4: Completed APPEND_ENTRIES, lastRequest: b4a43d29-118c-4b02-9b7b-443b0a36c06e->32bb5132-3190-4c64-bf84-ebbd3e705cf4#1-t1, previous=(t:0, i:0), leaderCommit=0, initializing? false, entries: size=1, first=(t:1, i:0), CONFIGURATIONENTRY
2020-04-03 12:22:48,170 [grpc-default-executor-3] INFO  server.GrpcLogAppender (GrpcLogAppender.java:onCompleted(308)) - b4a43d29-118c-4b02-9b7b-443b0a36c06e@group-FA17F83450AF->60104982-6318-49fc-a8c7-671d7edb1a00-AppendLogResponseHandler: follower responses appendEntries COMPLETED
2020-04-03 12:22:48,170 [grpc-default-executor-3] INFO  impl.FollowerInfo (FollowerInfo.java:lambda$new$0(50)) - b4a43d29-118c-4b02-9b7b-443b0a36c06e@group-FA17F83450AF->60104982-6318-49fc-a8c7-671d7edb1a00: nextIndex: updateUnconditionally 1 -> 0
2020-04-03 12:22:48,173 [grpc-default-executor-6] INFO  server.GrpcLogAppender (GrpcLogAppender.java:onCompleted(308)) - b4a43d29-118c-4b02-9b7b-443b0a36c06e@group-FA17F83450AF->32bb5132-3190-4c64-bf84-ebbd3e705cf4-AppendLogResponseHandler: follower responses appendEntries COMPLETED
2020-04-03 12:22:48,174 [grpc-default-executor-6] INFO  impl.FollowerInfo (FollowerInfo.java:lambda$new$0(50)) - b4a43d29-118c-4b02-9b7b-443b0a36c06e@group-FA17F83450AF->32bb5132-3190-4c64-bf84-ebbd3e705cf4: nextIndex: updateUnconditionally 1 -> 0
2020-04-03 12:22:48,209 [Thread-2310] INFO  impl.FollowerState (FollowerState.java:run(108)) - 32bb5132-3190-4c64-bf84-ebbd3e705cf4@group-9B462AAFDDCD-FollowerState: change to CANDIDATE, lastRpcTime:5123ms, electionTimeout:5121ms
2020-04-03 12:22:48,209 [Thread-2310] INFO  impl.RoleInfo (RoleInfo.java:shutdownFollowerState(121)) - 32bb5132-3190-4c64-bf84-ebbd3e705cf4: shutdown FollowerState
2020-04-03 12:22:48,209 [Thread-2310] INFO  impl.RaftServerImpl (RaftServerImpl.java:setRole(172)) - 32bb5132-3190-4c64-bf84-ebbd3e705cf4@group-9B462AAFDDCD: changes role from  FOLLOWER to CANDIDATE at term 0 for changeToCandidate
2020-04-03 12:22:48,209 [Thread-2310] INFO  impl.RoleInfo (RoleInfo.java:updateAndGet(143)) - 32bb5132-3190-4c64-bf84-ebbd3e705cf4: start LeaderElection
2020-04-03 12:22:48,212 [32bb5132-3190-4c64-bf84-ebbd3e705cf4@group-9B462AAFDDCD-LeaderElection78] INFO  impl.LeaderElection (LeaderElection.java:askForVotes(206)) - 32bb5132-3190-4c64-bf84-ebbd3e705cf4@group-9B462AAFDDCD-LeaderElection78: begin an election at term 1 for -1: [32bb5132-3190-4c64-bf84-ebbd3e705cf4:172.17.0.2:46159, b4a43d29-118c-4b02-9b7b-443b0a36c06e:172.17.0.2:40513, 60104982-6318-49fc-a8c7-671d7edb1a00:172.17.0.2:37215], old=null
2020-04-03 12:22:48,216 [Thread-2322] INFO  impl.FollowerState (FollowerState.java:run(108)) - 5ea4e034-58ac-4e1a-97e7-fb59da8c8203@group-82D4E3C7A127-FollowerState: change to CANDIDATE, lastRpcTime:5036ms, electionTimeout:5036ms
2020-04-03 12:22:48,217 [Thread-2322] INFO  impl.RoleInfo (RoleInfo.java:shutdownFollowerState(121)) - 5ea4e034-58ac-4e1a-97e7-fb59da8c8203: shutdown FollowerState
2020-04-03 12:22:48,217 [Thread-2322] INFO  impl.RaftServerImpl (RaftServerImpl.java:setRole(172)) - 5ea4e034-58ac-4e1a-97e7-fb59da8c8203@group-82D4E3C7A127: changes role from  FOLLOWER to CANDIDATE at term 0 for changeToCandidate
2020-04-03 12:22:48,217 [Thread-2322] INFO  impl.RoleInfo (RoleInfo.java:updateAndGet(143)) - 5ea4e034-58ac-4e1a-97e7-fb59da8c8203: start LeaderElection
2020-04-03 12:22:48,217 [grpc-default-executor-6] INFO  impl.RaftServerImpl (RaftServerImpl.java:setRole(172)) - b4a43d29-118c-4b02-9b7b-443b0a36c06e@group-9B462AAFDDCD: changes role from  FOLLOWER to FOLLOWER at term 1 for recognizeCandidate:32bb5132-3190-4c64-bf84-ebbd3e705cf4
2020-04-03 12:22:48,217 [grpc-default-executor-6] INFO  impl.RoleInfo (RoleInfo.java:shutdownFollowerState(121)) - b4a43d29-118c-4b02-9b7b-443b0a36c06e: shutdown FollowerState
2020-04-03 12:22:48,222 [grpc-default-executor-6] INFO  impl.RoleInfo (RoleInfo.java:updateAndGet(143)) - b4a43d29-118c-4b02-9b7b-443b0a36c06e: start FollowerState
2020-04-03 12:22:48,222 [Thread-2317] INFO  impl.FollowerState (FollowerState.java:run(117)) - b4a43d29-118c-4b02-9b7b-443b0a36c06e@group-9B462AAFDDCD-FollowerState was interrupted: java.lang.InterruptedException: sleep interrupted
2020-04-03 12:22:48,225 [32bb5132-3190-4c64-bf84-ebbd3e705cf4@group-9B462AAFDDCD-LeaderElection78] INFO  impl.LeaderElection (LeaderElection.java:logAndReturn(61)) - 32bb5132-3190-4c64-bf84-ebbd3e705cf4@group-9B462AAFDDCD-LeaderElection78: Election PASSED; received 1 response(s) [32bb5132-3190-4c64-bf84-ebbd3e705cf4<-b4a43d29-118c-4b02-9b7b-443b0a36c06e#0:OK-t1] and 0 exception(s); 32bb5132-3190-4c64-bf84-ebbd3e705cf4@group-9B462AAFDDCD:t1, leader=null, voted=32bb5132-3190-4c64-bf84-ebbd3e705cf4, raftlog=32bb5132-3190-4c64-bf84-ebbd3e705cf4@group-9B462AAFDDCD-SegmentedRaftLog:OPENED:c-1,f-1,i0, conf=-1: [32bb5132-3190-4c64-bf84-ebbd3e705cf4:172.17.0.2:46159, b4a43d29-118c-4b02-9b7b-443b0a36c06e:172.17.0.2:40513, 60104982-6318-49fc-a8c7-671d7edb1a00:172.17.0.2:37215], old=null
2020-04-03 12:22:48,225 [32bb5132-3190-4c64-bf84-ebbd3e705cf4@group-9B462AAFDDCD-LeaderElection78] INFO  impl.RoleInfo (RoleInfo.java:shutdownLeaderElection(134)) - 32bb5132-3190-4c64-bf84-ebbd3e705cf4: shutdown LeaderElection
2020-04-03 12:22:48,225 [32bb5132-3190-4c64-bf84-ebbd3e705cf4@group-9B462AAFDDCD-LeaderElection78] INFO  impl.RaftServerImpl (RaftServerImpl.java:setRole(172)) - 32bb5132-3190-4c64-bf84-ebbd3e705cf4@group-9B462AAFDDCD: changes role from CANDIDATE to LEADER at term 1 for changeToLeader
2020-04-03 12:22:48,225 [32bb5132-3190-4c64-bf84-ebbd3e705cf4@group-9B462AAFDDCD-LeaderElection78] INFO  ratis.XceiverServerRatis (XceiverServerRatis.java:handleLeaderChangedNotification(739)) - Leader change notification received for group: group-9B462AAFDDCD with new leaderId: 32bb5132-3190-4c64-bf84-ebbd3e705cf4
2020-04-03 12:22:48,225 [32bb5132-3190-4c64-bf84-ebbd3e705cf4@group-9B462AAFDDCD-LeaderElection78] INFO  impl.RaftServerImpl (ServerState.java:setLeader(255)) - 32bb5132-3190-4c64-bf84-ebbd3e705cf4@group-9B462AAFDDCD: change Leader from null to 32bb5132-3190-4c64-bf84-ebbd3e705cf4 at term 1 for becomeLeader, leader elected after 5148ms
2020-04-03 12:22:48,225 [32bb5132-3190-4c64-bf84-ebbd3e705cf4@group-9B462AAFDDCD-LeaderElection78] INFO  server.RaftServerConfigKeys (ConfUtils.java:logGet(44)) - raft.server.staging.catchup.gap = 1000 (default)
2020-04-03 12:22:48,225 [32bb5132-3190-4c64-bf84-ebbd3e705cf4@group-9B462AAFDDCD-LeaderElection78] INFO  server.RaftServerConfigKeys (ConfUtils.java:logGet(44)) - raft.server.rpc.sleep.time = 25ms (default)
2020-04-03 12:22:48,225 [32bb5132-3190-4c64-bf84-ebbd3e705cf4@group-9B462AAFDDCD-LeaderElection78] INFO  metrics.RatisMetrics (RatisMetrics.java:lambda$create$0(39)) - Creating Metrics Registry : ratis.log_appender.32bb5132-3190-4c64-bf84-ebbd3e705cf4@group-9B462AAFDDCD
2020-04-03 12:22:48,226 [32bb5132-3190-4c64-bf84-ebbd3e705cf4@group-9B462AAFDDCD-LeaderElection78] INFO  server.RaftServerConfigKeys (ConfUtils.java:logGet(44)) - raft.server.write.element-limit = 1024 (custom)
2020-04-03 12:22:48,226 [32bb5132-3190-4c64-bf84-ebbd3e705cf4@group-9B462AAFDDCD-LeaderElection78] INFO  server.RaftServerConfigKeys (ConfUtils.java:logGet(44)) - raft.server.write.byte-limit = 1073741824 (custom)
2020-04-03 12:22:48,226 [32bb5132-3190-4c64-bf84-ebbd3e705cf4@group-9B462AAFDDCD-LeaderElection78] INFO  server.RaftServerConfigKeys (ConfUtils.java:logGet(44)) - raft.server.watch.timeout = 3s (custom)
2020-04-03 12:22:48,226 [32bb5132-3190-4c64-bf84-ebbd3e705cf4@group-9B462AAFDDCD-LeaderElection78] INFO  server.RaftServerConfigKeys (ConfUtils.java:logGet(44)) - raft.server.watch.timeout.denomination = 1s (default)
2020-04-03 12:22:48,226 [32bb5132-3190-4c64-bf84-ebbd3e705cf4@group-9B462AAFDDCD-LeaderElection78] INFO  server.RaftServerConfigKeys (ConfUtils.java:logGet(44)) - raft.server.watch.element-limit = 65536 (default)
2020-04-03 12:22:48,226 [32bb5132-3190-4c64-bf84-ebbd3e705cf4@group-9B462AAFDDCD-LeaderElection78] INFO  server.RaftServerConfigKeys (ConfUtils.java:logGet(44)) - raft.server.log.appender.snapshot.chunk.size.max = 16MB (=16777216) (default)
2020-04-03 12:22:48,227 [32bb5132-3190-4c64-bf84-ebbd3e705cf4@group-9B462AAFDDCD-LeaderElection78] INFO  server.RaftServerConfigKeys (ConfUtils.java:logGet(44)) - raft.server.log.appender.buffer.byte-limit = 33554432 (custom)
2020-04-03 12:22:48,227 [32bb5132-3190-4c64-bf84-ebbd3e705cf4@group-9B462AAFDDCD-LeaderElection78] INFO  server.RaftServerConfigKeys (ConfUtils.java:logGet(44)) - raft.server.log.appender.buffer.element-limit = 1 (custom)
2020-04-03 12:22:48,227 [32bb5132-3190-4c64-bf84-ebbd3e705cf4@group-9B462AAFDDCD-LeaderElection78] INFO  grpc.GrpcConfigKeys (ConfUtils.java:logGet(44)) - raft.grpc.server.leader.outstanding.appends.max = 128 (default)
2020-04-03 12:22:48,227 [32bb5132-3190-4c64-bf84-ebbd3e705cf4@group-9B462AAFDDCD-LeaderElection78] INFO  server.RaftServerConfigKeys (ConfUtils.java:logGet(44)) - raft.server.rpc.request.timeout = 3s (default)
2020-04-03 12:22:48,227 [32bb5132-3190-4c64-bf84-ebbd3e705cf4@group-9B462AAFDDCD-LeaderElection78] INFO  server.RaftServerConfigKeys (ConfUtils.java:logGet(44)) - raft.server.log.appender.install.snapshot.enabled = false (custom)
2020-04-03 12:22:48,228 [5ea4e034-58ac-4e1a-97e7-fb59da8c8203@group-82D4E3C7A127-LeaderElection79] INFO  impl.LeaderElection (LeaderElection.java:askForVotes(206)) - 5ea4e034-58ac-4e1a-97e7-fb59da8c8203@group-82D4E3C7A127-LeaderElection79: begin an election at term 1 for -1: [5ea4e034-58ac-4e1a-97e7-fb59da8c8203:172.17.0.2:39023], old=null
2020-04-03 12:22:48,228 [5ea4e034-58ac-4e1a-97e7-fb59da8c8203@group-82D4E3C7A127-LeaderElection79] INFO  impl.RoleInfo (RoleInfo.java:shutdownLeaderElection(134)) - 5ea4e034-58ac-4e1a-97e7-fb59da8c8203: shutdown LeaderElection
2020-04-03 12:22:48,228 [5ea4e034-58ac-4e1a-97e7-fb59da8c8203@group-82D4E3C7A127-LeaderElection79] INFO  impl.RaftServerImpl (RaftServerImpl.java:setRole(172)) - 5ea4e034-58ac-4e1a-97e7-fb59da8c8203@group-82D4E3C7A127: changes role from CANDIDATE to LEADER at term 1 for changeToLeader
2020-04-03 12:22:48,228 [5ea4e034-58ac-4e1a-97e7-fb59da8c8203@group-82D4E3C7A127-LeaderElection79] INFO  ratis.XceiverServerRatis (XceiverServerRatis.java:handleLeaderChangedNotification(739)) - Leader change notification received for group: group-82D4E3C7A127 with new leaderId: 5ea4e034-58ac-4e1a-97e7-fb59da8c8203
2020-04-03 12:22:48,228 [5ea4e034-58ac-4e1a-97e7-fb59da8c8203@group-82D4E3C7A127-LeaderElection79] INFO  impl.RaftServerImpl (ServerState.java:setLeader(255)) - 5ea4e034-58ac-4e1a-97e7-fb59da8c8203@group-82D4E3C7A127: change Leader from null to 5ea4e034-58ac-4e1a-97e7-fb59da8c8203 at term 1 for becomeLeader, leader elected after 5054ms
2020-04-03 12:22:48,228 [5ea4e034-58ac-4e1a-97e7-fb59da8c8203@group-82D4E3C7A127-LeaderElection79] INFO  server.RaftServerConfigKeys (ConfUtils.java:logGet(44)) - raft.server.staging.catchup.gap = 1000 (default)
2020-04-03 12:22:48,228 [5ea4e034-58ac-4e1a-97e7-fb59da8c8203@group-82D4E3C7A127-LeaderElection79] INFO  server.RaftServerConfigKeys (ConfUtils.java:logGet(44)) - raft.server.rpc.sleep.time = 25ms (default)
2020-04-03 12:22:48,228 [5ea4e034-58ac-4e1a-97e7-fb59da8c8203@group-82D4E3C7A127-LeaderElection79] INFO  metrics.RatisMetrics (RatisMetrics.java:lambda$create$0(39)) - Creating Metrics Registry : ratis.log_appender.5ea4e034-58ac-4e1a-97e7-fb59da8c8203@group-82D4E3C7A127
2020-04-03 12:22:48,228 [5ea4e034-58ac-4e1a-97e7-fb59da8c8203@group-82D4E3C7A127-LeaderElection79] INFO  server.RaftServerConfigKeys (ConfUtils.java:logGet(44)) - raft.server.write.element-limit = 1024 (custom)
2020-04-03 12:22:48,229 [5ea4e034-58ac-4e1a-97e7-fb59da8c8203@group-82D4E3C7A127-LeaderElection79] INFO  server.RaftServerConfigKeys (ConfUtils.java:logGet(44)) - raft.server.write.byte-limit = 1073741824 (custom)
2020-04-03 12:22:48,229 [EventQueue-PipelineReportForPipelineReportHandler] INFO  pipeline.PipelineStateManager (PipelineStateManager.java:openPipeline(131)) - Pipeline Pipeline[ Id: 596afeba-ad50-4139-8e2d-9b462aafddcd, Nodes: 32bb5132-3190-4c64-bf84-ebbd3e705cf4{ip: 172.17.0.2, host: bc31a1f7cf94, networkLocation: /default-rack, certSerialId: null}b4a43d29-118c-4b02-9b7b-443b0a36c06e{ip: 172.17.0.2, host: bc31a1f7cf94, networkLocation: /default-rack, certSerialId: null}60104982-6318-49fc-a8c7-671d7edb1a00{ip: 172.17.0.2, host: bc31a1f7cf94, networkLocation: /default-rack, certSerialId: null}, Type:RATIS, Factor:THREE, State:ALLOCATED, leaderId:32bb5132-3190-4c64-bf84-ebbd3e705cf4, CreationTimestamp2020-04-03T12:22:40.108Z] moved to OPEN state
2020-04-03 12:22:48,230 [5ea4e034-58ac-4e1a-97e7-fb59da8c8203@group-82D4E3C7A127-LeaderElection79] INFO  server.RaftServerConfigKeys (ConfUtils.java:logGet(44)) - raft.server.watch.timeout = 3s (custom)
2020-04-03 12:22:48,230 [5ea4e034-58ac-4e1a-97e7-fb59da8c8203@group-82D4E3C7A127-LeaderElection79] INFO  server.RaftServerConfigKeys (ConfUtils.java:logGet(44)) - raft.server.watch.timeout.denomination = 1s (default)
2020-04-03 12:22:48,230 [5ea4e034-58ac-4e1a-97e7-fb59da8c8203@group-82D4E3C7A127-LeaderElection79] INFO  server.RaftServerConfigKeys (ConfUtils.java:logGet(44)) - raft.server.watch.element-limit = 65536 (default)
2020-04-03 12:22:48,230 [5ea4e034-58ac-4e1a-97e7-fb59da8c8203@group-82D4E3C7A127-LeaderElection79] INFO  impl.RoleInfo (RoleInfo.java:updateAndGet(143)) - 5ea4e034-58ac-4e1a-97e7-fb59da8c8203: start LeaderState
2020-04-03 12:22:48,231 [5ea4e034-58ac-4e1a-97e7-fb59da8c8203@group-82D4E3C7A127-LeaderElection79] INFO  segmented.SegmentedRaftLogWorker (SegmentedRaftLogWorker.java:startLogSegment(391)) - 5ea4e034-58ac-4e1a-97e7-fb59da8c8203@group-82D4E3C7A127-SegmentedRaftLogWorker: Starting segment from index:0
2020-04-03 12:22:48,231 [5ea4e034-58ac-4e1a-97e7-fb59da8c8203@group-82D4E3C7A127-LeaderElection79] INFO  impl.RaftServerImpl (ServerState.java:setRaftConf(356)) - 5ea4e034-58ac-4e1a-97e7-fb59da8c8203@group-82D4E3C7A127: set configuration 0: [5ea4e034-58ac-4e1a-97e7-fb59da8c8203:172.17.0.2:39023], old=null at 0
2020-04-03 12:22:48,232 [5ea4e034-58ac-4e1a-97e7-fb59da8c8203@group-82D4E3C7A127-SegmentedRaftLogWorker] INFO  segmented.SegmentedRaftLogWorker (SegmentedRaftLogWorker.java:execute(583)) - 5ea4e034-58ac-4e1a-97e7-fb59da8c8203@group-82D4E3C7A127-SegmentedRaftLogWorker: created new log segment /github/workspace/hadoop-ozone/integration-test/target/test-dir/MiniOzoneClusterImpl-54c97517-776f-4ce9-b1d6-5922e4042064/datanode-3/data/ratis/7bbd0ff0-2723-4c11-a971-82d4e3c7a127/current/log_inprogress_0
2020-04-03 12:22:48,235 [grpc-default-executor-6] INFO  impl.RaftServerImpl (RaftServerImpl.java:setRole(172)) - 60104982-6318-49fc-a8c7-671d7edb1a00@group-9B462AAFDDCD: changes role from  FOLLOWER to FOLLOWER at term 1 for recognizeCandidate:32bb5132-3190-4c64-bf84-ebbd3e705cf4
2020-04-03 12:22:48,235 [grpc-default-executor-6] INFO  impl.RoleInfo (RoleInfo.java:shutdownFollowerState(121)) - 60104982-6318-49fc-a8c7-671d7edb1a00: shutdown FollowerState
2020-04-03 12:22:48,235 [grpc-default-executor-6] INFO  impl.RoleInfo (RoleInfo.java:updateAndGet(143)) - 60104982-6318-49fc-a8c7-671d7edb1a00: start FollowerState
2020-04-03 12:22:48,236 [Thread-2312] INFO  impl.FollowerState (FollowerState.java:run(117)) - 60104982-6318-49fc-a8c7-671d7edb1a00@group-9B462AAFDDCD-FollowerState was interrupted: java.lang.InterruptedException: sleep interrupted
2020-04-03 12:22:48,242 [32bb5132-3190-4c64-bf84-ebbd3e705cf4@group-9B462AAFDDCD-LeaderElection78] INFO  server.RaftServerConfigKeys (ConfUtils.java:logGet(44)) - raft.server.log.appender.snapshot.chunk.size.max = 16MB (=16777216) (default)
2020-04-03 12:22:48,242 [32bb5132-3190-4c64-bf84-ebbd3e705cf4@group-9B462AAFDDCD-LeaderElection78] INFO  server.RaftServerConfigKeys (ConfUtils.java:logGet(44)) - raft.server.log.appender.buffer.byte-limit = 33554432 (custom)
2020-04-03 12:22:48,242 [32bb5132-3190-4c64-bf84-ebbd3e705cf4@group-9B462AAFDDCD-LeaderElection78] INFO  server.RaftServerConfigKeys (ConfUtils.java:logGet(44)) - raft.server.log.appender.buffer.element-limit = 1 (custom)
2020-04-03 12:22:48,243 [32bb5132-3190-4c64-bf84-ebbd3e705cf4@group-9B462AAFDDCD-LeaderElection78] INFO  grpc.GrpcConfigKeys (ConfUtils.java:logGet(44)) - raft.grpc.server.leader.outstanding.appends.max = 128 (default)
2020-04-03 12:22:48,243 [32bb5132-3190-4c64-bf84-ebbd3e705cf4@group-9B462AAFDDCD-LeaderElection78] INFO  server.RaftServerConfigKeys (ConfUtils.java:logGet(44)) - raft.server.rpc.request.timeout = 3s (default)
2020-04-03 12:22:48,243 [32bb5132-3190-4c64-bf84-ebbd3e705cf4@group-9B462AAFDDCD-LeaderElection78] INFO  server.RaftServerConfigKeys (ConfUtils.java:logGet(44)) - raft.server.log.appender.install.snapshot.enabled = false (custom)
2020-04-03 12:22:48,245 [32bb5132-3190-4c64-bf84-ebbd3e705cf4@group-9B462AAFDDCD-LeaderElection78] INFO  impl.RoleInfo (RoleInfo.java:updateAndGet(143)) - 32bb5132-3190-4c64-bf84-ebbd3e705cf4: start LeaderState
2020-04-03 12:22:48,245 [32bb5132-3190-4c64-bf84-ebbd3e705cf4@group-9B462AAFDDCD-LeaderElection78] INFO  segmented.SegmentedRaftLogWorker (SegmentedRaftLogWorker.java:startLogSegment(391)) - 32bb5132-3190-4c64-bf84-ebbd3e705cf4@group-9B462AAFDDCD-SegmentedRaftLogWorker: Starting segment from index:0
2020-04-03 12:22:48,252 [32bb5132-3190-4c64-bf84-ebbd3e705cf4@group-9B462AAFDDCD-SegmentedRaftLogWorker] INFO  segmented.SegmentedRaftLogWorker (SegmentedRaftLogWorker.java:execute(583)) - 32bb5132-3190-4c64-bf84-ebbd3e705cf4@group-9B462AAFDDCD-SegmentedRaftLogWorker: created new log segment /github/workspace/hadoop-ozone/integration-test/target/test-dir/MiniOzoneClusterImpl-54c97517-776f-4ce9-b1d6-5922e4042064/datanode-1/data/ratis/596afeba-ad50-4139-8e2d-9b462aafddcd/current/log_inprogress_0
2020-04-03 12:22:48,260 [32bb5132-3190-4c64-bf84-ebbd3e705cf4@group-9B462AAFDDCD-LeaderElection78] INFO  impl.RaftServerImpl (ServerState.java:setRaftConf(356)) - 32bb5132-3190-4c64-bf84-ebbd3e705cf4@group-9B462AAFDDCD: set configuration 0: [32bb5132-3190-4c64-bf84-ebbd3e705cf4:172.17.0.2:46159, b4a43d29-118c-4b02-9b7b-443b0a36c06e:172.17.0.2:40513, 60104982-6318-49fc-a8c7-671d7edb1a00:172.17.0.2:37215], old=null at 0
2020-04-03 12:22:48,261 [grpc-default-executor-3] INFO  ratis.XceiverServerRatis (XceiverServerRatis.java:handleLeaderChangedNotification(739)) - Leader change notification received for group: group-9B462AAFDDCD with new leaderId: 32bb5132-3190-4c64-bf84-ebbd3e705cf4
2020-04-03 12:22:48,261 [grpc-default-executor-3] INFO  impl.RaftServerImpl (ServerState.java:setLeader(255)) - b4a43d29-118c-4b02-9b7b-443b0a36c06e@group-9B462AAFDDCD: change Leader from null to 32bb5132-3190-4c64-bf84-ebbd3e705cf4 at term 1 for appendEntries, leader elected after 5157ms
2020-04-03 12:22:48,267 [grpc-default-executor-5] INFO  ratis.XceiverServerRatis (XceiverServerRatis.java:handleLeaderChangedNotification(739)) - Leader change notification received for group: group-9B462AAFDDCD with new leaderId: 32bb5132-3190-4c64-bf84-ebbd3e705cf4
2020-04-03 12:22:48,267 [grpc-default-executor-5] INFO  impl.RaftServerImpl (ServerState.java:setLeader(255)) - 60104982-6318-49fc-a8c7-671d7edb1a00@group-9B462AAFDDCD: change Leader from null to 32bb5132-3190-4c64-bf84-ebbd3e705cf4 at term 1 for appendEntries, leader elected after 5187ms
2020-04-03 12:22:48,267 [grpc-default-executor-3] INFO  impl.RaftServerImpl (ServerState.java:setRaftConf(356)) - b4a43d29-118c-4b02-9b7b-443b0a36c06e@group-9B462AAFDDCD: set configuration 0: [32bb5132-3190-4c64-bf84-ebbd3e705cf4:172.17.0.2:46159, b4a43d29-118c-4b02-9b7b-443b0a36c06e:172.17.0.2:40513, 60104982-6318-49fc-a8c7-671d7edb1a00:172.17.0.2:37215], old=null at 0
2020-04-03 12:22:48,267 [grpc-default-executor-3] INFO  segmented.SegmentedRaftLogWorker (SegmentedRaftLogWorker.java:startLogSegment(391)) - b4a43d29-118c-4b02-9b7b-443b0a36c06e@group-9B462AAFDDCD-SegmentedRaftLogWorker: Starting segment from index:0
2020-04-03 12:22:48,269 [grpc-default-executor-3] INFO  impl.RaftServerImpl (ServerState.java:setRaftConf(356)) - 60104982-6318-49fc-a8c7-671d7edb1a00@group-9B462AAFDDCD: set configuration 0: [32bb5132-3190-4c64-bf84-ebbd3e705cf4:172.17.0.2:46159, b4a43d29-118c-4b02-9b7b-443b0a36c06e:172.17.0.2:40513, 60104982-6318-49fc-a8c7-671d7edb1a00:172.17.0.2:37215], old=null at 0
2020-04-03 12:22:48,270 [grpc-default-executor-3] INFO  segmented.SegmentedRaftLogWorker (SegmentedRaftLogWorker.java:startLogSegment(391)) - 60104982-6318-49fc-a8c7-671d7edb1a00@group-9B462AAFDDCD-SegmentedRaftLogWorker: Starting segment from index:0
2020-04-03 12:22:48,270 [b4a43d29-118c-4b02-9b7b-443b0a36c06e@group-9B462AAFDDCD-SegmentedRaftLogWorker] INFO  segmented.SegmentedRaftLogWorker (SegmentedRaftLogWorker.java:execute(583)) - b4a43d29-118c-4b02-9b7b-443b0a36c06e@group-9B462AAFDDCD-SegmentedRaftLogWorker: created new log segment /github/workspace/hadoop-ozone/integration-test/target/test-dir/MiniOzoneClusterImpl-54c97517-776f-4ce9-b1d6-5922e4042064/datanode-2/data/ratis/596afeba-ad50-4139-8e2d-9b462aafddcd/current/log_inprogress_0
2020-04-03 12:22:48,271 [60104982-6318-49fc-a8c7-671d7edb1a00@group-9B462AAFDDCD-SegmentedRaftLogWorker] INFO  segmented.SegmentedRaftLogWorker (SegmentedRaftLogWorker.java:execute(583)) - 60104982-6318-49fc-a8c7-671d7edb1a00@group-9B462AAFDDCD-SegmentedRaftLogWorker: created new log segment /github/workspace/hadoop-ozone/integration-test/target/test-dir/MiniOzoneClusterImpl-54c97517-776f-4ce9-b1d6-5922e4042064/datanode-0/data/ratis/596afeba-ad50-4139-8e2d-9b462aafddcd/current/log_inprogress_0
2020-04-03 12:22:48,333 [Thread-2319] INFO  impl.FollowerState (FollowerState.java:run(108)) - b4a43d29-118c-4b02-9b7b-443b0a36c06e@group-4DBA51E2039E-FollowerState: change to CANDIDATE, lastRpcTime:5190ms, electionTimeout:5171ms
2020-04-03 12:22:48,333 [Thread-2319] INFO  impl.RoleInfo (RoleInfo.java:shutdownFollowerState(121)) - b4a43d29-118c-4b02-9b7b-443b0a36c06e: shutdown FollowerState
2020-04-03 12:22:48,333 [Thread-2319] INFO  impl.RaftServerImpl (RaftServerImpl.java:setRole(172)) - b4a43d29-118c-4b02-9b7b-443b0a36c06e@group-4DBA51E2039E: changes role from  FOLLOWER to CANDIDATE at term 0 for changeToCandidate
2020-04-03 12:22:48,333 [Thread-2319] INFO  impl.RoleInfo (RoleInfo.java:updateAndGet(143)) - b4a43d29-118c-4b02-9b7b-443b0a36c06e: start LeaderElection
2020-04-03 12:22:48,336 [b4a43d29-118c-4b02-9b7b-443b0a36c06e@group-4DBA51E2039E-LeaderElection80] INFO  impl.LeaderElection (LeaderElection.java:askForVotes(206)) - b4a43d29-118c-4b02-9b7b-443b0a36c06e@group-4DBA51E2039E-LeaderElection80: begin an election at term 1 for -1: [b4a43d29-118c-4b02-9b7b-443b0a36c06e:172.17.0.2:40513], old=null
2020-04-03 12:22:48,336 [b4a43d29-118c-4b02-9b7b-443b0a36c06e@group-4DBA51E2039E-LeaderElection80] INFO  impl.RoleInfo (RoleInfo.java:shutdownLeaderElection(134)) - b4a43d29-118c-4b02-9b7b-443b0a36c06e: shutdown LeaderElection
2020-04-03 12:22:48,336 [b4a43d29-118c-4b02-9b7b-443b0a36c06e@group-4DBA51E2039E-LeaderElection80] INFO  impl.RaftServerImpl (RaftServerImpl.java:setRole(172)) - b4a43d29-118c-4b02-9b7b-443b0a36c06e@group-4DBA51E2039E: changes role from CANDIDATE to LEADER at term 1 for changeToLeader
2020-04-03 12:22:48,336 [b4a43d29-118c-4b02-9b7b-443b0a36c06e@group-4DBA51E2039E-LeaderElection80] INFO  ratis.XceiverServerRatis (XceiverServerRatis.java:handleLeaderChangedNotification(739)) - Leader change notification received for group: group-4DBA51E2039E with new leaderId: b4a43d29-118c-4b02-9b7b-443b0a36c06e
2020-04-03 12:22:48,336 [b4a43d29-118c-4b02-9b7b-443b0a36c06e@group-4DBA51E2039E-LeaderElection80] INFO  impl.RaftServerImpl (ServerState.java:setLeader(255)) - b4a43d29-118c-4b02-9b7b-443b0a36c06e@group-4DBA51E2039E: change Leader from null to b4a43d29-118c-4b02-9b7b-443b0a36c06e at term 1 for becomeLeader, leader elected after 5203ms
2020-04-03 12:22:48,336 [b4a43d29-118c-4b02-9b7b-443b0a36c06e@group-4DBA51E2039E-LeaderElection80] INFO  server.RaftServerConfigKeys (ConfUtils.java:logGet(44)) - raft.server.staging.catchup.gap = 1000 (default)
2020-04-03 12:22:48,336 [b4a43d29-118c-4b02-9b7b-443b0a36c06e@group-4DBA51E2039E-LeaderElection80] INFO  server.RaftServerConfigKeys (ConfUtils.java:logGet(44)) - raft.server.rpc.sleep.time = 25ms (default)
2020-04-03 12:22:48,337 [b4a43d29-118c-4b02-9b7b-443b0a36c06e@group-4DBA51E2039E-LeaderElection80] INFO  metrics.RatisMetrics (RatisMetrics.java:lambda$create$0(39)) - Creating Metrics Registry : ratis.log_appender.b4a43d29-118c-4b02-9b7b-443b0a36c06e@group-4DBA51E2039E
2020-04-03 12:22:48,337 [b4a43d29-118c-4b02-9b7b-443b0a36c06e@group-4DBA51E2039E-LeaderElection80] INFO  server.RaftServerConfigKeys (ConfUtils.java:logGet(44)) - raft.server.write.element-limit = 1024 (custom)
2020-04-03 12:22:48,337 [b4a43d29-118c-4b02-9b7b-443b0a36c06e@group-4DBA51E2039E-LeaderElection80] INFO  server.RaftServerConfigKeys (ConfUtils.java:logGet(44)) - raft.server.write.byte-limit = 1073741824 (custom)
2020-04-03 12:22:48,337 [b4a43d29-118c-4b02-9b7b-443b0a36c06e@group-4DBA51E2039E-LeaderElection80] INFO  server.RaftServerConfigKeys (ConfUtils.java:logGet(44)) - raft.server.watch.timeout = 3s (custom)
2020-04-03 12:22:48,338 [b4a43d29-118c-4b02-9b7b-443b0a36c06e@group-4DBA51E2039E-LeaderElection80] INFO  server.RaftServerConfigKeys (ConfUtils.java:logGet(44)) - raft.server.watch.timeout.denomination = 1s (default)
2020-04-03 12:22:48,338 [b4a43d29-118c-4b02-9b7b-443b0a36c06e@group-4DBA51E2039E-LeaderElection80] INFO  server.RaftServerConfigKeys (ConfUtils.java:logGet(44)) - raft.server.watch.element-limit = 65536 (default)
2020-04-03 12:22:48,338 [b4a43d29-118c-4b02-9b7b-443b0a36c06e@group-4DBA51E2039E-LeaderElection80] INFO  impl.RoleInfo (RoleInfo.java:updateAndGet(143)) - b4a43d29-118c-4b02-9b7b-443b0a36c06e: start LeaderState
2020-04-03 12:22:48,338 [b4a43d29-118c-4b02-9b7b-443b0a36c06e@group-4DBA51E2039E-LeaderElection80] INFO  segmented.SegmentedRaftLogWorker (SegmentedRaftLogWorker.java:startLogSegment(391)) - b4a43d29-118c-4b02-9b7b-443b0a36c06e@group-4DBA51E2039E-SegmentedRaftLogWorker: Starting segment from index:0
2020-04-03 12:22:48,338 [b4a43d29-118c-4b02-9b7b-443b0a36c06e@group-4DBA51E2039E-LeaderElection80] INFO  impl.RaftServerImpl (ServerState.java:setRaftConf(356)) - b4a43d29-118c-4b02-9b7b-443b0a36c06e@group-4DBA51E2039E: set configuration 0: [b4a43d29-118c-4b02-9b7b-443b0a36c06e:172.17.0.2:40513], old=null at 0
2020-04-03 12:22:48,340 [b4a43d29-118c-4b02-9b7b-443b0a36c06e@group-4DBA51E2039E-SegmentedRaftLogWorker] INFO  segmented.SegmentedRaftLogWorker (SegmentedRaftLogWorker.java:execute(583)) - b4a43d29-118c-4b02-9b7b-443b0a36c06e@group-4DBA51E2039E-SegmentedRaftLogWorker: created new log segment /github/workspace/hadoop-ozone/integration-test/target/test-dir/MiniOzoneClusterImpl-54c97517-776f-4ce9-b1d6-5922e4042064/datanode-2/data/ratis/920d2f76-6c14-4680-90f2-4dba51e2039e/current/log_inprogress_0
2020-04-03 12:22:48,341 [Thread-2332] INFO  impl.FollowerState (FollowerState.java:run(108)) - 1ad7987d-30f8-499c-992f-34a29b261407@group-FFE3DA64EEB3-FollowerState: change to CANDIDATE, lastRpcTime:5095ms, electionTimeout:5095ms
2020-04-03 12:22:48,342 [Thread-2332] INFO  impl.RoleInfo (RoleInfo.java:shutdownFollowerState(121)) - 1ad7987d-30f8-499c-992f-34a29b261407: shutdown FollowerState
2020-04-03 12:22:48,342 [Thread-2332] INFO  impl.RaftServerImpl (RaftServerImpl.java:setRole(172)) - 1ad7987d-30f8-499c-992f-34a29b261407@group-FFE3DA64EEB3: changes role from  FOLLOWER to CANDIDATE at term 0 for changeToCandidate
2020-04-03 12:22:48,342 [Thread-2332] INFO  impl.RoleInfo (RoleInfo.java:updateAndGet(143)) - 1ad7987d-30f8-499c-992f-34a29b261407: start LeaderElection
2020-04-03 12:22:48,347 [1ad7987d-30f8-499c-992f-34a29b261407@group-FFE3DA64EEB3-LeaderElection81] INFO  impl.LeaderElection (LeaderElection.java:askForVotes(206)) - 1ad7987d-30f8-499c-992f-34a29b261407@group-FFE3DA64EEB3-LeaderElection81: begin an election at term 1 for -1: [1ad7987d-30f8-499c-992f-34a29b261407:172.17.0.2:41615], old=null
2020-04-03 12:22:48,347 [1ad7987d-30f8-499c-992f-34a29b261407@group-FFE3DA64EEB3-LeaderElection81] INFO  impl.RoleInfo (RoleInfo.java:shutdownLeaderElection(134)) - 1ad7987d-30f8-499c-992f-34a29b261407: shutdown LeaderElection
2020-04-03 12:22:48,347 [1ad7987d-30f8-499c-992f-34a29b261407@group-FFE3DA64EEB3-LeaderElection81] INFO  impl.RaftServerImpl (RaftServerImpl.java:setRole(172)) - 1ad7987d-30f8-499c-992f-34a29b261407@group-FFE3DA64EEB3: changes role from CANDIDATE to LEADER at term 1 for changeToLeader
2020-04-03 12:22:48,347 [1ad7987d-30f8-499c-992f-34a29b261407@group-FFE3DA64EEB3-LeaderElection81] INFO  ratis.XceiverServerRatis (XceiverServerRatis.java:handleLeaderChangedNotification(739)) - Leader change notification received for group: group-FFE3DA64EEB3 with new leaderId: 1ad7987d-30f8-499c-992f-34a29b261407
2020-04-03 12:22:48,348 [1ad7987d-30f8-499c-992f-34a29b261407@group-FFE3DA64EEB3-LeaderElection81] INFO  impl.RaftServerImpl (ServerState.java:setLeader(255)) - 1ad7987d-30f8-499c-992f-34a29b261407@group-FFE3DA64EEB3: change Leader from null to 1ad7987d-30f8-499c-992f-34a29b261407 at term 1 for becomeLeader, leader elected after 5107ms
2020-04-03 12:22:48,348 [1ad7987d-30f8-499c-992f-34a29b261407@group-FFE3DA64EEB3-LeaderElection81] INFO  server.RaftServerConfigKeys (ConfUtils.java:logGet(44)) - raft.server.staging.catchup.gap = 1000 (default)
2020-04-03 12:22:48,348 [1ad7987d-30f8-499c-992f-34a29b261407@group-FFE3DA64EEB3-LeaderElection81] INFO  server.RaftServerConfigKeys (ConfUtils.java:logGet(44)) - raft.server.rpc.sleep.time = 25ms (default)
2020-04-03 12:22:48,348 [1ad7987d-30f8-499c-992f-34a29b261407@group-FFE3DA64EEB3-LeaderElection81] INFO  metrics.RatisMetrics (RatisMetrics.java:lambda$create$0(39)) - Creating Metrics Registry : ratis.log_appender.1ad7987d-30f8-499c-992f-34a29b261407@group-FFE3DA64EEB3
2020-04-03 12:22:48,348 [main] INFO  ozone.MiniOzoneClusterImpl (MiniOzoneClusterImpl.java:lambda$waitForClusterToBeReady$0(177)) - Nodes are ready. Got 7 of 7 DN Heartbeats.
2020-04-03 12:22:48,348 [main] INFO  ozone.MiniOzoneClusterImpl (MiniOzoneClusterImpl.java:lambda$waitForClusterToBeReady$0(180)) - Cluster exits safe mode
2020-04-03 12:22:48,350 [1ad7987d-30f8-499c-992f-34a29b261407@group-FFE3DA64EEB3-LeaderElection81] INFO  server.RaftServerConfigKeys (ConfUtils.java:logGet(44)) - raft.server.write.element-limit = 1024 (custom)
2020-04-03 12:22:48,353 [1ad7987d-30f8-499c-992f-34a29b261407@group-FFE3DA64EEB3-LeaderElection81] INFO  server.RaftServerConfigKeys (ConfUtils.java:logGet(44)) - raft.server.write.byte-limit = 1073741824 (custom)
2020-04-03 12:22:48,353 [1ad7987d-30f8-499c-992f-34a29b261407@group-FFE3DA64EEB3-LeaderElection81] INFO  server.RaftServerConfigKeys (ConfUtils.java:logGet(44)) - raft.server.watch.timeout = 3s (custom)
2020-04-03 12:22:48,353 [1ad7987d-30f8-499c-992f-34a29b261407@group-FFE3DA64EEB3-LeaderElection81] INFO  server.RaftServerConfigKeys (ConfUtils.java:logGet(44)) - raft.server.watch.timeout.denomination = 1s (default)
2020-04-03 12:22:48,353 [1ad7987d-30f8-499c-992f-34a29b261407@group-FFE3DA64EEB3-LeaderElection81] INFO  server.RaftServerConfigKeys (ConfUtils.java:logGet(44)) - raft.server.watch.element-limit = 65536 (default)
2020-04-03 12:22:48,354 [1ad7987d-30f8-499c-992f-34a29b261407@group-FFE3DA64EEB3-LeaderElection81] INFO  impl.RoleInfo (RoleInfo.java:updateAndGet(143)) - 1ad7987d-30f8-499c-992f-34a29b261407: start LeaderState
2020-04-03 12:22:48,354 [Thread-2341] INFO  impl.FollowerState (FollowerState.java:run(108)) - 51d79ad1-091b-476d-b3ea-570089388469@group-EC46D86256B6-FollowerState: change to CANDIDATE, lastRpcTime:5044ms, electionTimeout:5044ms
2020-04-03 12:22:48,355 [Thread-2341] INFO  impl.RoleInfo (RoleInfo.java:shutdownFollowerState(121)) - 51d79ad1-091b-476d-b3ea-570089388469: shutdown FollowerState
2020-04-03 12:22:48,355 [Thread-2341] INFO  impl.RaftServerImpl (RaftServerImpl.java:setRole(172)) - 51d79ad1-091b-476d-b3ea-570089388469@group-EC46D86256B6: changes role from  FOLLOWER to CANDIDATE at term 0 for changeToCandidate
2020-04-03 12:22:48,355 [Thread-2341] INFO  impl.RoleInfo (RoleInfo.java:updateAndGet(143)) - 51d79ad1-091b-476d-b3ea-570089388469: start LeaderElection
2020-04-03 12:22:48,355 [1ad7987d-30f8-499c-992f-34a29b261407@group-FFE3DA64EEB3-LeaderElection81] INFO  segmented.SegmentedRaftLogWorker (SegmentedRaftLogWorker.java:startLogSegment(391)) - 1ad7987d-30f8-499c-992f-34a29b261407@group-FFE3DA64EEB3-SegmentedRaftLogWorker: Starting segment from index:0
2020-04-03 12:22:48,355 [Thread-2324] INFO  impl.FollowerState (FollowerState.java:run(108)) - 5ea4e034-58ac-4e1a-97e7-fb59da8c8203@group-5FE9EAEC25CC-FollowerState: change to CANDIDATE, lastRpcTime:5165ms, electionTimeout:5161ms
2020-04-03 12:22:48,357 [Thread-2324] INFO  impl.RoleInfo (RoleInfo.java:shutdownFollowerState(121)) - 5ea4e034-58ac-4e1a-97e7-fb59da8c8203: shutdown FollowerState
2020-04-03 12:22:48,357 [Thread-2324] INFO  impl.RaftServerImpl (RaftServerImpl.java:setRole(172)) - 5ea4e034-58ac-4e1a-97e7-fb59da8c8203@group-5FE9EAEC25CC: changes role from  FOLLOWER to CANDIDATE at term 0 for changeToCandidate
2020-04-03 12:22:48,358 [51d79ad1-091b-476d-b3ea-570089388469@group-EC46D86256B6-LeaderElection82] INFO  impl.LeaderElection (LeaderElection.java:askForVotes(206)) - 51d79ad1-091b-476d-b3ea-570089388469@group-EC46D86256B6-LeaderElection82: begin an election at term 1 for -1: [5ea4e034-58ac-4e1a-97e7-fb59da8c8203:172.17.0.2:39023, 1ad7987d-30f8-499c-992f-34a29b261407:172.17.0.2:41615, 51d79ad1-091b-476d-b3ea-570089388469:172.17.0.2:41413], old=null
2020-04-03 12:22:48,362 [Thread-2324] INFO  impl.RoleInfo (RoleInfo.java:updateAndGet(143)) - 5ea4e034-58ac-4e1a-97e7-fb59da8c8203: start LeaderElection
2020-04-03 12:22:48,363 [1ad7987d-30f8-499c-992f-34a29b261407@group-FFE3DA64EEB3-SegmentedRaftLogWorker] INFO  segmented.SegmentedRaftLogWorker (SegmentedRaftLogWorker.java:execute(583)) - 1ad7987d-30f8-499c-992f-34a29b261407@group-FFE3DA64EEB3-SegmentedRaftLogWorker: created new log segment /github/workspace/hadoop-ozone/integration-test/target/test-dir/MiniOzoneClusterImpl-54c97517-776f-4ce9-b1d6-5922e4042064/datanode-4/data/ratis/20312da7-76b4-450e-b4af-ffe3da64eeb3/current/log_inprogress_0
2020-04-03 12:22:48,367 [5ea4e034-58ac-4e1a-97e7-fb59da8c8203@group-5FE9EAEC25CC-LeaderElection83] INFO  impl.LeaderElection (LeaderElection.java:askForVotes(206)) - 5ea4e034-58ac-4e1a-97e7-fb59da8c8203@group-5FE9EAEC25CC-LeaderElection83: begin an election at term 1 for -1: [5ea4e034-58ac-4e1a-97e7-fb59da8c8203:172.17.0.2:39023, 1ad7987d-30f8-499c-992f-34a29b261407:172.17.0.2:41615, 51d79ad1-091b-476d-b3ea-570089388469:172.17.0.2:41413], old=null
2020-04-03 12:22:48,368 [Thread-2335] INFO  impl.FollowerState (FollowerState.java:run(108)) - 1ad7987d-30f8-499c-992f-34a29b261407@group-EC46D86256B6-FollowerState: change to CANDIDATE, lastRpcTime:5098ms, electionTimeout:5098ms
2020-04-03 12:22:48,368 [Thread-2335] INFO  impl.RoleInfo (RoleInfo.java:shutdownFollowerState(121)) - 1ad7987d-30f8-499c-992f-34a29b261407: shutdown FollowerState
2020-04-03 12:22:48,368 [Thread-2335] INFO  impl.RaftServerImpl (RaftServerImpl.java:setRole(172)) - 1ad7987d-30f8-499c-992f-34a29b261407@group-EC46D86256B6: changes role from  FOLLOWER to CANDIDATE at term 0 for changeToCandidate
2020-04-03 12:22:48,369 [1ad7987d-30f8-499c-992f-34a29b261407@group-FFE3DA64EEB3-LeaderElection81] INFO  impl.RaftServerImpl (ServerState.java:setRaftConf(356)) - 1ad7987d-30f8-499c-992f-34a29b261407@group-FFE3DA64EEB3: set configuration 0: [1ad7987d-30f8-499c-992f-34a29b261407:172.17.0.2:41615], old=null at 0
2020-04-03 12:22:48,372 [Thread-2335] INFO  impl.RoleInfo (RoleInfo.java:updateAndGet(143)) - 1ad7987d-30f8-499c-992f-34a29b261407: start LeaderElection
2020-04-03 12:22:48,375 [main] INFO  rpc.RpcClient (RpcClient.java:createVolume(293)) - Creating Volume: testblockoutputstream, with jenkins1001 as owner.
2020-04-03 12:22:48,376 [1ad7987d-30f8-499c-992f-34a29b261407@group-EC46D86256B6-LeaderElection84] INFO  impl.LeaderElection (LeaderElection.java:askForVotes(206)) - 1ad7987d-30f8-499c-992f-34a29b261407@group-EC46D86256B6-LeaderElection84: begin an election at term 1 for -1: [5ea4e034-58ac-4e1a-97e7-fb59da8c8203:172.17.0.2:39023, 1ad7987d-30f8-499c-992f-34a29b261407:172.17.0.2:41615, 51d79ad1-091b-476d-b3ea-570089388469:172.17.0.2:41413], old=null
2020-04-03 12:22:48,377 [IPC Server handler 1 on 46593] INFO  volume.OMVolumeCreateRequest (OMVolumeCreateRequest.java:validateAndUpdateCache(207)) - created volume:testblockoutputstream for user:jenkins1001
2020-04-03 12:22:48,378 [Thread-2346] INFO  impl.FollowerState (FollowerState.java:run(108)) - 9d9a213d-ce49-49a0-89d0-46e82b5f8d38@group-2572610135C0-FollowerState: change to CANDIDATE, lastRpcTime:5021ms, electionTimeout:5020ms
2020-04-03 12:22:48,378 [Thread-2346] INFO  impl.RoleInfo (RoleInfo.java:shutdownFollowerState(121)) - 9d9a213d-ce49-49a0-89d0-46e82b5f8d38: shutdown FollowerState
2020-04-03 12:22:48,379 [Thread-2346] INFO  impl.RaftServerImpl (RaftServerImpl.java:setRole(172)) - 9d9a213d-ce49-49a0-89d0-46e82b5f8d38@group-2572610135C0: changes role from  FOLLOWER to CANDIDATE at term 0 for changeToCandidate
2020-04-03 12:22:48,380 [grpc-default-executor-3] INFO  impl.RaftServerImpl (RaftServerImpl.java:setRole(172)) - 5ea4e034-58ac-4e1a-97e7-fb59da8c8203@group-EC46D86256B6: changes role from  FOLLOWER to FOLLOWER at term 1 for recognizeCandidate:51d79ad1-091b-476d-b3ea-570089388469
2020-04-03 12:22:48,380 [grpc-default-executor-3] INFO  impl.RoleInfo (RoleInfo.java:shutdownFollowerState(121)) - 5ea4e034-58ac-4e1a-97e7-fb59da8c8203: shutdown FollowerState
2020-04-03 12:22:48,384 [grpc-default-executor-3] INFO  impl.RoleInfo (RoleInfo.java:updateAndGet(143)) - 5ea4e034-58ac-4e1a-97e7-fb59da8c8203: start FollowerState
2020-04-03 12:22:48,384 [Thread-2336] INFO  impl.FollowerState (FollowerState.java:run(117)) - 5ea4e034-58ac-4e1a-97e7-fb59da8c8203@group-EC46D86256B6-FollowerState was interrupted: java.lang.InterruptedException: sleep interrupted
2020-04-03 12:22:48,385 [Thread-2346] INFO  impl.RoleInfo (RoleInfo.java:updateAndGet(143)) - 9d9a213d-ce49-49a0-89d0-46e82b5f8d38: start LeaderElection
2020-04-03 12:22:48,403 [9d9a213d-ce49-49a0-89d0-46e82b5f8d38@group-2572610135C0-LeaderElection85] INFO  impl.LeaderElection (LeaderElection.java:askForVotes(206)) - 9d9a213d-ce49-49a0-89d0-46e82b5f8d38@group-2572610135C0-LeaderElection85: begin an election at term 1 for -1: [9d9a213d-ce49-49a0-89d0-46e82b5f8d38:172.17.0.2:37055], old=null
2020-04-03 12:22:48,403 [9d9a213d-ce49-49a0-89d0-46e82b5f8d38@group-2572610135C0-LeaderElection85] INFO  impl.RoleInfo (RoleInfo.java:shutdownLeaderElection(134)) - 9d9a213d-ce49-49a0-89d0-46e82b5f8d38: shutdown LeaderElection
2020-04-03 12:22:48,403 [9d9a213d-ce49-49a0-89d0-46e82b5f8d38@group-2572610135C0-LeaderElection85] INFO  impl.RaftServerImpl (RaftServerImpl.java:setRole(172)) - 9d9a213d-ce49-49a0-89d0-46e82b5f8d38@group-2572610135C0: changes role from CANDIDATE to LEADER at term 1 for changeToLeader
2020-04-03 12:22:48,403 [9d9a213d-ce49-49a0-89d0-46e82b5f8d38@group-2572610135C0-LeaderElection85] INFO  ratis.XceiverServerRatis (XceiverServerRatis.java:handleLeaderChangedNotification(739)) - Leader change notification received for group: group-2572610135C0 with new leaderId: 9d9a213d-ce49-49a0-89d0-46e82b5f8d38
2020-04-03 12:22:48,403 [Thread-2326] INFO  impl.FollowerState (FollowerState.java:run(108)) - 51d79ad1-091b-476d-b3ea-570089388469@group-5FE9EAEC25CC-FollowerState: change to CANDIDATE, lastRpcTime:5191ms, electionTimeout:5181ms
2020-04-03 12:22:48,407 [Thread-2326] INFO  impl.RoleInfo (RoleInfo.java:shutdownFollowerState(121)) - 51d79ad1-091b-476d-b3ea-570089388469: shutdown FollowerState
2020-04-03 12:22:48,407 [Thread-2326] INFO  impl.RaftServerImpl (RaftServerImpl.java:setRole(172)) - 51d79ad1-091b-476d-b3ea-570089388469@group-5FE9EAEC25CC: changes role from  FOLLOWER to CANDIDATE at term 0 for changeToCandidate
2020-04-03 12:22:48,407 [Thread-2326] INFO  impl.RoleInfo (RoleInfo.java:updateAndGet(143)) - 51d79ad1-091b-476d-b3ea-570089388469: start LeaderElection
2020-04-03 12:22:48,408 [51d79ad1-091b-476d-b3ea-570089388469@group-EC46D86256B6-LeaderElection82] INFO  impl.LeaderElection (LeaderElection.java:logAndReturn(61)) - 51d79ad1-091b-476d-b3ea-570089388469@group-EC46D86256B6-LeaderElection82: Election PASSED; received 2 response(s) [51d79ad1-091b-476d-b3ea-570089388469<-5ea4e034-58ac-4e1a-97e7-fb59da8c8203#0:OK-t1, 51d79ad1-091b-476d-b3ea-570089388469<-1ad7987d-30f8-499c-992f-34a29b261407#0:FAIL-t1] and 0 exception(s); 51d79ad1-091b-476d-b3ea-570089388469@group-EC46D86256B6:t1, leader=null, voted=51d79ad1-091b-476d-b3ea-570089388469, raftlog=51d79ad1-091b-476d-b3ea-570089388469@group-EC46D86256B6-SegmentedRaftLog:OPENED:c-1,f-1,i0, conf=-1: [5ea4e034-58ac-4e1a-97e7-fb59da8c8203:172.17.0.2:39023, 1ad7987d-30f8-499c-992f-34a29b261407:172.17.0.2:41615, 51d79ad1-091b-476d-b3ea-570089388469:172.17.0.2:41413], old=null
2020-04-03 12:22:48,409 [9d9a213d-ce49-49a0-89d0-46e82b5f8d38@group-2572610135C0-LeaderElection85] INFO  impl.RaftServerImpl (ServerState.java:setLeader(255)) - 9d9a213d-ce49-49a0-89d0-46e82b5f8d38@group-2572610135C0: change Leader from null to 9d9a213d-ce49-49a0-89d0-46e82b5f8d38 at term 1 for becomeLeader, leader elected after 5052ms
2020-04-03 12:22:48,409 [9d9a213d-ce49-49a0-89d0-46e82b5f8d38@group-2572610135C0-LeaderElection85] INFO  server.RaftServerConfigKeys (ConfUtils.java:logGet(44)) - raft.server.staging.catchup.gap = 1000 (default)
2020-04-03 12:22:48,409 [9d9a213d-ce49-49a0-89d0-46e82b5f8d38@group-2572610135C0-LeaderElection85] INFO  server.RaftServerConfigKeys (ConfUtils.java:logGet(44)) - raft.server.rpc.sleep.time = 25ms (default)
2020-04-03 12:22:48,409 [9d9a213d-ce49-49a0-89d0-46e82b5f8d38@group-2572610135C0-LeaderElection85] INFO  metrics.RatisMetrics (RatisMetrics.java:lambda$create$0(39)) - Creating Metrics Registry : ratis.log_appender.9d9a213d-ce49-49a0-89d0-46e82b5f8d38@group-2572610135C0
2020-04-03 12:22:48,409 [9d9a213d-ce49-49a0-89d0-46e82b5f8d38@group-2572610135C0-LeaderElection85] INFO  server.RaftServerConfigKeys (ConfUtils.java:logGet(44)) - raft.server.write.element-limit = 1024 (custom)
2020-04-03 12:22:48,409 [9d9a213d-ce49-49a0-89d0-46e82b5f8d38@group-2572610135C0-LeaderElection85] INFO  server.RaftServerConfigKeys (ConfUtils.java:logGet(44)) - raft.server.write.byte-limit = 1073741824 (custom)
2020-04-03 12:22:48,409 [51d79ad1-091b-476d-b3ea-570089388469@group-EC46D86256B6-LeaderElection82] INFO  impl.RoleInfo (RoleInfo.java:shutdownLeaderElection(134)) - 51d79ad1-091b-476d-b3ea-570089388469: shutdown LeaderElection
2020-04-03 12:22:48,410 [51d79ad1-091b-476d-b3ea-570089388469@group-EC46D86256B6-LeaderElection82] INFO  impl.RaftServerImpl (RaftServerImpl.java:setRole(172)) - 51d79ad1-091b-476d-b3ea-570089388469@group-EC46D86256B6: changes role from CANDIDATE to LEADER at term 1 for changeToLeader
2020-04-03 12:22:48,410 [51d79ad1-091b-476d-b3ea-570089388469@group-EC46D86256B6-LeaderElection82] INFO  ratis.XceiverServerRatis (XceiverServerRatis.java:handleLeaderChangedNotification(739)) - Leader change notification received for group: group-EC46D86256B6 with new leaderId: 51d79ad1-091b-476d-b3ea-570089388469
2020-04-03 12:22:48,410 [9d9a213d-ce49-49a0-89d0-46e82b5f8d38@group-2572610135C0-LeaderElection85] INFO  server.RaftServerConfigKeys (ConfUtils.java:logGet(44)) - raft.server.watch.timeout = 3s (custom)
2020-04-03 12:22:48,410 [51d79ad1-091b-476d-b3ea-570089388469@group-EC46D86256B6-LeaderElection82] INFO  impl.RaftServerImpl (ServerState.java:setLeader(255)) - 51d79ad1-091b-476d-b3ea-570089388469@group-EC46D86256B6: change Leader from null to 51d79ad1-091b-476d-b3ea-570089388469 at term 1 for becomeLeader, leader elected after 5116ms
2020-04-03 12:22:48,410 [9d9a213d-ce49-49a0-89d0-46e82b5f8d38@group-2572610135C0-LeaderElection85] INFO  server.RaftServerConfigKeys (ConfUtils.java:logGet(44)) - raft.server.watch.timeout.denomination = 1s (default)
2020-04-03 12:22:48,410 [51d79ad1-091b-476d-b3ea-570089388469@group-EC46D86256B6-LeaderElection82] INFO  server.RaftServerConfigKeys (ConfUtils.java:logGet(44)) - raft.server.staging.catchup.gap = 1000 (default)
2020-04-03 12:22:48,410 [grpc-default-executor-3] INFO  impl.RaftServerImpl (RaftServerImpl.java:setRole(172)) - 51d79ad1-091b-476d-b3ea-570089388469@group-5FE9EAEC25CC: changes role from CANDIDATE to FOLLOWER at term 1 for recognizeCandidate:5ea4e034-58ac-4e1a-97e7-fb59da8c8203
2020-04-03 12:22:48,410 [grpc-default-executor-3] INFO  impl.RoleInfo (RoleInfo.java:shutdownLeaderElection(134)) - 51d79ad1-091b-476d-b3ea-570089388469: shutdown LeaderElection
2020-04-03 12:22:48,410 [grpc-default-executor-3] INFO  impl.RoleInfo (RoleInfo.java:updateAndGet(143)) - 51d79ad1-091b-476d-b3ea-570089388469: start FollowerState
2020-04-03 12:22:48,410 [51d79ad1-091b-476d-b3ea-570089388469@group-EC46D86256B6-LeaderElection82] INFO  server.RaftServerConfigKeys (ConfUtils.java:logGet(44)) - raft.server.rpc.sleep.time = 25ms (default)
2020-04-03 12:22:48,410 [9d9a213d-ce49-49a0-89d0-46e82b5f8d38@group-2572610135C0-LeaderElection85] INFO  server.RaftServerConfigKeys (ConfUtils.java:logGet(44)) - raft.server.watch.element-limit = 65536 (default)
2020-04-03 12:22:48,411 [9d9a213d-ce49-49a0-89d0-46e82b5f8d38@group-2572610135C0-LeaderElection85] INFO  impl.RoleInfo (RoleInfo.java:updateAndGet(143)) - 9d9a213d-ce49-49a0-89d0-46e82b5f8d38: start LeaderState
2020-04-03 12:22:48,411 [grpc-default-executor-5] INFO  impl.RaftServerImpl (RaftServerImpl.java:setRole(172)) - 1ad7987d-30f8-499c-992f-34a29b261407@group-5FE9EAEC25CC: changes role from  FOLLOWER to FOLLOWER at term 1 for recognizeCandidate:5ea4e034-58ac-4e1a-97e7-fb59da8c8203
2020-04-03 12:22:48,411 [grpc-default-executor-5] INFO  impl.RoleInfo (RoleInfo.java:shutdownFollowerState(121)) - 1ad7987d-30f8-499c-992f-34a29b261407: shutdown FollowerState
2020-04-03 12:22:48,411 [9d9a213d-ce49-49a0-89d0-46e82b5f8d38@group-2572610135C0-LeaderElection85] INFO  segmented.SegmentedRaftLogWorker (SegmentedRaftLogWorker.java:startLogSegment(391)) - 9d9a213d-ce49-49a0-89d0-46e82b5f8d38@group-2572610135C0-SegmentedRaftLogWorker: Starting segment from index:0
2020-04-03 12:22:48,412 [EventQueue-PipelineReportForPipelineReportHandler] INFO  pipeline.PipelineStateManager (PipelineStateManager.java:openPipeline(131)) - Pipeline Pipeline[ Id: e28a9491-70a6-410e-9598-ec46d86256b6, Nodes: 1ad7987d-30f8-499c-992f-34a29b261407{ip: 172.17.0.2, host: bc31a1f7cf94, networkLocation: /default-rack, certSerialId: null}51d79ad1-091b-476d-b3ea-570089388469{ip: 172.17.0.2, host: bc31a1f7cf94, networkLocation: /default-rack, certSerialId: null}5ea4e034-58ac-4e1a-97e7-fb59da8c8203{ip: 172.17.0.2, host: bc31a1f7cf94, networkLocation: /default-rack, certSerialId: null}, Type:RATIS, Factor:THREE, State:ALLOCATED, leaderId:51d79ad1-091b-476d-b3ea-570089388469, CreationTimestamp2020-04-03T12:22:40.288Z] moved to OPEN state
2020-04-03 12:22:48,414 [51d79ad1-091b-476d-b3ea-570089388469@group-5FE9EAEC25CC-LeaderElection86] INFO  impl.LeaderElection (LeaderElection.java:run(155)) - 51d79ad1-091b-476d-b3ea-570089388469@group-5FE9EAEC25CC-LeaderElection86: skip running since this is already CLOSING
2020-04-03 12:22:48,421 [main] INFO  rpc.RpcClient (RpcClient.java:createBucket(432)) - Creating Bucket: testblockoutputstream/testblockoutputstream, with Versioning false and Storage Type set to DISK and Encryption set to false 
2020-04-03 12:22:48,423 [grpc-default-executor-5] INFO  impl.RoleInfo (RoleInfo.java:updateAndGet(143)) - 1ad7987d-30f8-499c-992f-34a29b261407: start FollowerState
2020-04-03 12:22:48,423 [51d79ad1-091b-476d-b3ea-570089388469@group-EC46D86256B6-LeaderElection82] INFO  metrics.RatisMetrics (RatisMetrics.java:lambda$create$0(39)) - Creating Metrics Registry : ratis.log_appender.51d79ad1-091b-476d-b3ea-570089388469@group-EC46D86256B6
2020-04-03 12:22:48,423 [Thread-2330] INFO  impl.FollowerState (FollowerState.java:run(117)) - 1ad7987d-30f8-499c-992f-34a29b261407@group-5FE9EAEC25CC-FollowerState was interrupted: java.lang.InterruptedException: sleep interrupted
2020-04-03 12:22:48,423 [51d79ad1-091b-476d-b3ea-570089388469@group-EC46D86256B6-LeaderElection82] INFO  server.RaftServerConfigKeys (ConfUtils.java:logGet(44)) - raft.server.write.element-limit = 1024 (custom)
2020-04-03 12:22:48,423 [51d79ad1-091b-476d-b3ea-570089388469@group-EC46D86256B6-LeaderElection82] INFO  server.RaftServerConfigKeys (ConfUtils.java:logGet(44)) - raft.server.write.byte-limit = 1073741824 (custom)
2020-04-03 12:22:48,424 [51d79ad1-091b-476d-b3ea-570089388469@group-EC46D86256B6-LeaderElection82] INFO  server.RaftServerConfigKeys (ConfUtils.java:logGet(44)) - raft.server.watch.timeout = 3s (custom)
2020-04-03 12:22:48,424 [51d79ad1-091b-476d-b3ea-570089388469@group-EC46D86256B6-LeaderElection82] INFO  server.RaftServerConfigKeys (ConfUtils.java:logGet(44)) - raft.server.watch.timeout.denomination = 1s (default)
2020-04-03 12:22:48,424 [51d79ad1-091b-476d-b3ea-570089388469@group-EC46D86256B6-LeaderElection82] INFO  server.RaftServerConfigKeys (ConfUtils.java:logGet(44)) - raft.server.watch.element-limit = 65536 (default)
2020-04-03 12:22:48,424 [51d79ad1-091b-476d-b3ea-570089388469@group-EC46D86256B6-LeaderElection82] INFO  server.RaftServerConfigKeys (ConfUtils.java:logGet(44)) - raft.server.log.appender.snapshot.chunk.size.max = 16MB (=16777216) (default)
2020-04-03 12:22:48,424 [51d79ad1-091b-476d-b3ea-570089388469@group-EC46D86256B6-LeaderElection82] INFO  server.RaftServerConfigKeys (ConfUtils.java:logGet(44)) - raft.server.log.appender.buffer.byte-limit = 33554432 (custom)
2020-04-03 12:22:48,424 [51d79ad1-091b-476d-b3ea-570089388469@group-EC46D86256B6-LeaderElection82] INFO  server.RaftServerConfigKeys (ConfUtils.java:logGet(44)) - raft.server.log.appender.buffer.element-limit = 1 (custom)
2020-04-03 12:22:48,425 [51d79ad1-091b-476d-b3ea-570089388469@group-EC46D86256B6-LeaderElection82] INFO  grpc.GrpcConfigKeys (ConfUtils.java:logGet(44)) - raft.grpc.server.leader.outstanding.appends.max = 128 (default)
2020-04-03 12:22:48,425 [51d79ad1-091b-476d-b3ea-570089388469@group-EC46D86256B6-LeaderElection82] INFO  server.RaftServerConfigKeys (ConfUtils.java:logGet(44)) - raft.server.rpc.request.timeout = 3s (default)
2020-04-03 12:22:48,424 [9d9a213d-ce49-49a0-89d0-46e82b5f8d38@group-2572610135C0-SegmentedRaftLogWorker] INFO  segmented.SegmentedRaftLogWorker (SegmentedRaftLogWorker.java:execute(583)) - 9d9a213d-ce49-49a0-89d0-46e82b5f8d38@group-2572610135C0-SegmentedRaftLogWorker: created new log segment /github/workspace/hadoop-ozone/integration-test/target/test-dir/MiniOzoneClusterImpl-54c97517-776f-4ce9-b1d6-5922e4042064/datanode-6/data/ratis/7b49b74f-8e03-47ef-be1e-2572610135c0/current/log_inprogress_0
2020-04-03 12:22:48,429 [9d9a213d-ce49-49a0-89d0-46e82b5f8d38@group-2572610135C0-LeaderElection85] INFO  impl.RaftServerImpl (ServerState.java:setRaftConf(356)) - 9d9a213d-ce49-49a0-89d0-46e82b5f8d38@group-2572610135C0: set configuration 0: [9d9a213d-ce49-49a0-89d0-46e82b5f8d38:172.17.0.2:37055], old=null at 0
2020-04-03 12:22:48,432 [5ea4e034-58ac-4e1a-97e7-fb59da8c8203@group-5FE9EAEC25CC-LeaderElection83] INFO  impl.LeaderElection (LeaderElection.java:logAndReturn(61)) - 5ea4e034-58ac-4e1a-97e7-fb59da8c8203@group-5FE9EAEC25CC-LeaderElection83: Election PASSED; received 2 response(s) [5ea4e034-58ac-4e1a-97e7-fb59da8c8203<-1ad7987d-30f8-499c-992f-34a29b261407#0:OK-t1, 5ea4e034-58ac-4e1a-97e7-fb59da8c8203<-51d79ad1-091b-476d-b3ea-570089388469#0:FAIL-t1] and 0 exception(s); 5ea4e034-58ac-4e1a-97e7-fb59da8c8203@group-5FE9EAEC25CC:t1, leader=null, voted=5ea4e034-58ac-4e1a-97e7-fb59da8c8203, raftlog=5ea4e034-58ac-4e1a-97e7-fb59da8c8203@group-5FE9EAEC25CC-SegmentedRaftLog:OPENED:c-1,f-1,i0, conf=-1: [5ea4e034-58ac-4e1a-97e7-fb59da8c8203:172.17.0.2:39023, 1ad7987d-30f8-499c-992f-34a29b261407:172.17.0.2:41615, 51d79ad1-091b-476d-b3ea-570089388469:172.17.0.2:41413], old=null
2020-04-03 12:22:48,432 [5ea4e034-58ac-4e1a-97e7-fb59da8c8203@group-5FE9EAEC25CC-LeaderElection83] INFO  impl.RoleInfo (RoleInfo.java:shutdownLeaderElection(134)) - 5ea4e034-58ac-4e1a-97e7-fb59da8c8203: shutdown LeaderElection
2020-04-03 12:22:48,432 [5ea4e034-58ac-4e1a-97e7-fb59da8c8203@group-5FE9EAEC25CC-LeaderElection83] INFO  impl.RaftServerImpl (RaftServerImpl.java:setRole(172)) - 5ea4e034-58ac-4e1a-97e7-fb59da8c8203@group-5FE9EAEC25CC: changes role from CANDIDATE to LEADER at term 1 for changeToLeader
2020-04-03 12:22:48,432 [5ea4e034-58ac-4e1a-97e7-fb59da8c8203@group-5FE9EAEC25CC-LeaderElection83] INFO  ratis.XceiverServerRatis (XceiverServerRatis.java:handleLeaderChangedNotification(739)) - Leader change notification received for group: group-5FE9EAEC25CC with new leaderId: 5ea4e034-58ac-4e1a-97e7-fb59da8c8203
2020-04-03 12:22:48,432 [5ea4e034-58ac-4e1a-97e7-fb59da8c8203@group-5FE9EAEC25CC-LeaderElection83] INFO  impl.RaftServerImpl (ServerState.java:setLeader(255)) - 5ea4e034-58ac-4e1a-97e7-fb59da8c8203@group-5FE9EAEC25CC: change Leader from null to 5ea4e034-58ac-4e1a-97e7-fb59da8c8203 at term 1 for becomeLeader, leader elected after 5246ms
2020-04-03 12:22:48,432 [5ea4e034-58ac-4e1a-97e7-fb59da8c8203@group-5FE9EAEC25CC-LeaderElection83] INFO  server.RaftServerConfigKeys (ConfUtils.java:logGet(44)) - raft.server.staging.catchup.gap = 1000 (default)
2020-04-03 12:22:48,432 [5ea4e034-58ac-4e1a-97e7-fb59da8c8203@group-5FE9EAEC25CC-LeaderElection83] INFO  server.RaftServerConfigKeys (ConfUtils.java:logGet(44)) - raft.server.rpc.sleep.time = 25ms (default)
2020-04-03 12:22:48,432 [5ea4e034-58ac-4e1a-97e7-fb59da8c8203@group-5FE9EAEC25CC-LeaderElection83] INFO  metrics.RatisMetrics (RatisMetrics.java:lambda$create$0(39)) - Creating Metrics Registry : ratis.log_appender.5ea4e034-58ac-4e1a-97e7-fb59da8c8203@group-5FE9EAEC25CC
2020-04-03 12:22:48,432 [5ea4e034-58ac-4e1a-97e7-fb59da8c8203@group-5FE9EAEC25CC-LeaderElection83] INFO  server.RaftServerConfigKeys (ConfUtils.java:logGet(44)) - raft.server.write.element-limit = 1024 (custom)
2020-04-03 12:22:48,432 [5ea4e034-58ac-4e1a-97e7-fb59da8c8203@group-5FE9EAEC25CC-LeaderElection83] INFO  server.RaftServerConfigKeys (ConfUtils.java:logGet(44)) - raft.server.write.byte-limit = 1073741824 (custom)
2020-04-03 12:22:48,425 [51d79ad1-091b-476d-b3ea-570089388469@group-EC46D86256B6-LeaderElection82] INFO  server.RaftServerConfigKeys (ConfUtils.java:logGet(44)) - raft.server.log.appender.install.snapshot.enabled = false (custom)
2020-04-03 12:22:48,435 [EventQueue-PipelineReportForPipelineReportHandler] INFO  pipeline.PipelineStateManager (PipelineStateManager.java:openPipeline(131)) - Pipeline Pipeline[ Id: 30ed9ebf-2c1f-4188-8c48-5fe9eaec25cc, Nodes: 51d79ad1-091b-476d-b3ea-570089388469{ip: 172.17.0.2, host: bc31a1f7cf94, networkLocation: /default-rack, certSerialId: null}1ad7987d-30f8-499c-992f-34a29b261407{ip: 172.17.0.2, host: bc31a1f7cf94, networkLocation: /default-rack, certSerialId: null}5ea4e034-58ac-4e1a-97e7-fb59da8c8203{ip: 172.17.0.2, host: bc31a1f7cf94, networkLocation: /default-rack, certSerialId: null}, Type:RATIS, Factor:THREE, State:ALLOCATED, leaderId:5ea4e034-58ac-4e1a-97e7-fb59da8c8203, CreationTimestamp2020-04-03T12:22:40.287Z] moved to OPEN state
2020-04-03 12:22:48,445 [5ea4e034-58ac-4e1a-97e7-fb59da8c8203@group-5FE9EAEC25CC-LeaderElection83] INFO  server.RaftServerConfigKeys (ConfUtils.java:logGet(44)) - raft.server.watch.timeout = 3s (custom)
2020-04-03 12:22:48,446 [5ea4e034-58ac-4e1a-97e7-fb59da8c8203@group-5FE9EAEC25CC-LeaderElection83] INFO  server.RaftServerConfigKeys (ConfUtils.java:logGet(44)) - raft.server.watch.timeout.denomination = 1s (default)
2020-04-03 12:22:48,446 [5ea4e034-58ac-4e1a-97e7-fb59da8c8203@group-5FE9EAEC25CC-LeaderElection83] INFO  server.RaftServerConfigKeys (ConfUtils.java:logGet(44)) - raft.server.watch.element-limit = 65536 (default)
2020-04-03 12:22:48,446 [5ea4e034-58ac-4e1a-97e7-fb59da8c8203@group-5FE9EAEC25CC-LeaderElection83] INFO  server.RaftServerConfigKeys (ConfUtils.java:logGet(44)) - raft.server.log.appender.snapshot.chunk.size.max = 16MB (=16777216) (default)
2020-04-03 12:22:48,446 [5ea4e034-58ac-4e1a-97e7-fb59da8c8203@group-5FE9EAEC25CC-LeaderElection83] INFO  server.RaftServerConfigKeys (ConfUtils.java:logGet(44)) - raft.server.log.appender.buffer.byte-limit = 33554432 (custom)
2020-04-03 12:22:48,446 [5ea4e034-58ac-4e1a-97e7-fb59da8c8203@group-5FE9EAEC25CC-LeaderElection83] INFO  server.RaftServerConfigKeys (ConfUtils.java:logGet(44)) - raft.server.log.appender.buffer.element-limit = 1 (custom)
2020-04-03 12:22:48,447 [51d79ad1-091b-476d-b3ea-570089388469@group-EC46D86256B6-LeaderElection82] INFO  server.RaftServerConfigKeys (ConfUtils.java:logGet(44)) - raft.server.log.appender.snapshot.chunk.size.max = 16MB (=16777216) (default)
2020-04-03 12:22:48,447 [51d79ad1-091b-476d-b3ea-570089388469@group-EC46D86256B6-LeaderElection82] INFO  server.RaftServerConfigKeys (ConfUtils.java:logGet(44)) - raft.server.log.appender.buffer.byte-limit = 33554432 (custom)
2020-04-03 12:22:48,447 [51d79ad1-091b-476d-b3ea-570089388469@group-EC46D86256B6-LeaderElection82] INFO  server.RaftServerConfigKeys (ConfUtils.java:logGet(44)) - raft.server.log.appender.buffer.element-limit = 1 (custom)
2020-04-03 12:22:48,450 [5ea4e034-58ac-4e1a-97e7-fb59da8c8203@group-5FE9EAEC25CC-LeaderElection83] INFO  grpc.GrpcConfigKeys (ConfUtils.java:logGet(44)) - raft.grpc.server.leader.outstanding.appends.max = 128 (default)
2020-04-03 12:22:48,450 [5ea4e034-58ac-4e1a-97e7-fb59da8c8203@group-5FE9EAEC25CC-LeaderElection83] INFO  server.RaftServerConfigKeys (ConfUtils.java:logGet(44)) - raft.server.rpc.request.timeout = 3s (default)
2020-04-03 12:22:48,450 [5ea4e034-58ac-4e1a-97e7-fb59da8c8203@group-5FE9EAEC25CC-LeaderElection83] INFO  server.RaftServerConfigKeys (ConfUtils.java:logGet(44)) - raft.server.log.appender.install.snapshot.enabled = false (custom)
2020-04-03 12:22:48,452 [5ea4e034-58ac-4e1a-97e7-fb59da8c8203@group-5FE9EAEC25CC-LeaderElection83] INFO  server.RaftServerConfigKeys (ConfUtils.java:logGet(44)) - raft.server.log.appender.snapshot.chunk.size.max = 16MB (=16777216) (default)
2020-04-03 12:22:48,452 [5ea4e034-58ac-4e1a-97e7-fb59da8c8203@group-5FE9EAEC25CC-LeaderElection83] INFO  server.RaftServerConfigKeys (ConfUtils.java:logGet(44)) - raft.server.log.appender.buffer.byte-limit = 33554432 (custom)
2020-04-03 12:22:48,452 [5ea4e034-58ac-4e1a-97e7-fb59da8c8203@group-5FE9EAEC25CC-LeaderElection83] INFO  server.RaftServerConfigKeys (ConfUtils.java:logGet(44)) - raft.server.log.appender.buffer.element-limit = 1 (custom)
2020-04-03 12:22:48,452 [5ea4e034-58ac-4e1a-97e7-fb59da8c8203@group-5FE9EAEC25CC-LeaderElection83] INFO  grpc.GrpcConfigKeys (ConfUtils.java:logGet(44)) - raft.grpc.server.leader.outstanding.appends.max = 128 (default)
2020-04-03 12:22:48,452 [5ea4e034-58ac-4e1a-97e7-fb59da8c8203@group-5FE9EAEC25CC-LeaderElection83] INFO  server.RaftServerConfigKeys (ConfUtils.java:logGet(44)) - raft.server.rpc.request.timeout = 3s (default)
2020-04-03 12:22:48,452 [5ea4e034-58ac-4e1a-97e7-fb59da8c8203@group-5FE9EAEC25CC-LeaderElection83] INFO  server.RaftServerConfigKeys (ConfUtils.java:logGet(44)) - raft.server.log.appender.install.snapshot.enabled = false (custom)
2020-04-03 12:22:48,453 [51d79ad1-091b-476d-b3ea-570089388469@group-EC46D86256B6-LeaderElection82] INFO  grpc.GrpcConfigKeys (ConfUtils.java:logGet(44)) - raft.grpc.server.leader.outstanding.appends.max = 128 (default)
2020-04-03 12:22:48,453 [51d79ad1-091b-476d-b3ea-570089388469@group-EC46D86256B6-LeaderElection82] INFO  server.RaftServerConfigKeys (ConfUtils.java:logGet(44)) - raft.server.rpc.request.timeout = 3s (default)
2020-04-03 12:22:48,453 [51d79ad1-091b-476d-b3ea-570089388469@group-EC46D86256B6-LeaderElection82] INFO  server.RaftServerConfigKeys (ConfUtils.java:logGet(44)) - raft.server.log.appender.install.snapshot.enabled = false (custom)
2020-04-03 12:22:48,460 [51d79ad1-091b-476d-b3ea-570089388469@group-EC46D86256B6-LeaderElection82] INFO  impl.RoleInfo (RoleInfo.java:updateAndGet(143)) - 51d79ad1-091b-476d-b3ea-570089388469: start LeaderState
2020-04-03 12:22:48,461 [51d79ad1-091b-476d-b3ea-570089388469@group-EC46D86256B6-LeaderElection82] INFO  segmented.SegmentedRaftLogWorker (SegmentedRaftLogWorker.java:startLogSegment(391)) - 51d79ad1-091b-476d-b3ea-570089388469@group-EC46D86256B6-SegmentedRaftLogWorker: Starting segment from index:0
2020-04-03 12:22:48,463 [51d79ad1-091b-476d-b3ea-570089388469@group-EC46D86256B6-SegmentedRaftLogWorker] INFO  segmented.SegmentedRaftLogWorker (SegmentedRaftLogWorker.java:execute(583)) - 51d79ad1-091b-476d-b3ea-570089388469@group-EC46D86256B6-SegmentedRaftLogWorker: created new log segment /github/workspace/hadoop-ozone/integration-test/target/test-dir/MiniOzoneClusterImpl-54c97517-776f-4ce9-b1d6-5922e4042064/datanode-5/data/ratis/e28a9491-70a6-410e-9598-ec46d86256b6/current/log_inprogress_0
2020-04-03 12:22:48,464 [5ea4e034-58ac-4e1a-97e7-fb59da8c8203@group-5FE9EAEC25CC-LeaderElection83] INFO  impl.RoleInfo (RoleInfo.java:updateAndGet(143)) - 5ea4e034-58ac-4e1a-97e7-fb59da8c8203: start LeaderState
2020-04-03 12:22:48,464 [5ea4e034-58ac-4e1a-97e7-fb59da8c8203@group-5FE9EAEC25CC-LeaderElection83] INFO  segmented.SegmentedRaftLogWorker (SegmentedRaftLogWorker.java:startLogSegment(391)) - 5ea4e034-58ac-4e1a-97e7-fb59da8c8203@group-5FE9EAEC25CC-SegmentedRaftLogWorker: Starting segment from index:0
2020-04-03 12:22:48,473 [grpc-default-executor-6] INFO  ratis.XceiverServerRatis (XceiverServerRatis.java:handleLeaderChangedNotification(739)) - Leader change notification received for group: group-EC46D86256B6 with new leaderId: 51d79ad1-091b-476d-b3ea-570089388469
2020-04-03 12:22:48,474 [grpc-default-executor-6] INFO  impl.RaftServerImpl (ServerState.java:setLeader(255)) - 5ea4e034-58ac-4e1a-97e7-fb59da8c8203@group-EC46D86256B6: change Leader from null to 51d79ad1-091b-476d-b3ea-570089388469 at term 1 for appendEntries, leader elected after 5209ms
2020-04-03 12:22:48,483 [51d79ad1-091b-476d-b3ea-570089388469@group-EC46D86256B6-LeaderElection82] INFO  impl.RaftServerImpl (ServerState.java:setRaftConf(356)) - 51d79ad1-091b-476d-b3ea-570089388469@group-EC46D86256B6: set configuration 0: [5ea4e034-58ac-4e1a-97e7-fb59da8c8203:172.17.0.2:39023, 1ad7987d-30f8-499c-992f-34a29b261407:172.17.0.2:41615, 51d79ad1-091b-476d-b3ea-570089388469:172.17.0.2:41413], old=null at 0
2020-04-03 12:22:48,484 [grpc-default-executor-3] INFO  impl.RaftServerImpl (RaftServerImpl.java:requestVote(806)) - 51d79ad1-091b-476d-b3ea-570089388469@group-EC46D86256B6-   LEADER: Withhold vote from candidate 1ad7987d-30f8-499c-992f-34a29b261407 with term 1. State: leader=51d79ad1-091b-476d-b3ea-570089388469, term=1, lastRpcElapsed=null
2020-04-03 12:22:48,490 [grpc-default-executor-5] INFO  impl.RaftServerImpl (RaftServerImpl.java:setRole(172)) - 1ad7987d-30f8-499c-992f-34a29b261407@group-EC46D86256B6: changes role from CANDIDATE to FOLLOWER at term 1 for appendEntries
2020-04-03 12:22:48,490 [grpc-default-executor-5] INFO  impl.RoleInfo (RoleInfo.java:shutdownLeaderElection(134)) - 1ad7987d-30f8-499c-992f-34a29b261407: shutdown LeaderElection
2020-04-03 12:22:48,493 [5ea4e034-58ac-4e1a-97e7-fb59da8c8203@group-5FE9EAEC25CC-SegmentedRaftLogWorker] INFO  segmented.SegmentedRaftLogWorker (SegmentedRaftLogWorker.java:execute(583)) - 5ea4e034-58ac-4e1a-97e7-fb59da8c8203@group-5FE9EAEC25CC-SegmentedRaftLogWorker: created new log segment /github/workspace/hadoop-ozone/integration-test/target/test-dir/MiniOzoneClusterImpl-54c97517-776f-4ce9-b1d6-5922e4042064/datanode-3/data/ratis/30ed9ebf-2c1f-4188-8c48-5fe9eaec25cc/current/log_inprogress_0
2020-04-03 12:22:48,498 [5ea4e034-58ac-4e1a-97e7-fb59da8c8203@group-5FE9EAEC25CC-LeaderElection83] INFO  impl.RaftServerImpl (ServerState.java:setRaftConf(356)) - 5ea4e034-58ac-4e1a-97e7-fb59da8c8203@group-5FE9EAEC25CC: set configuration 0: [5ea4e034-58ac-4e1a-97e7-fb59da8c8203:172.17.0.2:39023, 1ad7987d-30f8-499c-992f-34a29b261407:172.17.0.2:41615, 51d79ad1-091b-476d-b3ea-570089388469:172.17.0.2:41413], old=null at 0
2020-04-03 12:22:48,498 [grpc-default-executor-5] INFO  impl.RoleInfo (RoleInfo.java:updateAndGet(143)) - 1ad7987d-30f8-499c-992f-34a29b261407: start FollowerState
2020-04-03 12:22:48,501 [grpc-default-executor-1] INFO  ratis.XceiverServerRatis (XceiverServerRatis.java:handleLeaderChangedNotification(739)) - Leader change notification received for group: group-5FE9EAEC25CC with new leaderId: 5ea4e034-58ac-4e1a-97e7-fb59da8c8203
2020-04-03 12:22:48,501 [grpc-default-executor-1] INFO  impl.RaftServerImpl (ServerState.java:setLeader(255)) - 51d79ad1-091b-476d-b3ea-570089388469@group-5FE9EAEC25CC: change Leader from null to 5ea4e034-58ac-4e1a-97e7-fb59da8c8203 at term 1 for appendEntries, leader elected after 5294ms
2020-04-03 12:22:48,501 [Thread-2343] INFO  impl.FollowerState (FollowerState.java:run(108)) - 51d79ad1-091b-476d-b3ea-570089388469@group-7C7BFE04D162-FollowerState: change to CANDIDATE, lastRpcTime:5190ms, electionTimeout:5185ms
2020-04-03 12:22:48,505 [grpc-default-executor-5] INFO  ratis.XceiverServerRatis (XceiverServerRatis.java:handleLeaderChangedNotification(739)) - Leader change notification received for group: group-EC46D86256B6 with new leaderId: 51d79ad1-091b-476d-b3ea-570089388469
2020-04-03 12:22:48,505 [grpc-default-executor-5] INFO  impl.RaftServerImpl (ServerState.java:setLeader(255)) - 1ad7987d-30f8-499c-992f-34a29b261407@group-EC46D86256B6: change Leader from null to 51d79ad1-091b-476d-b3ea-570089388469 at term 1 for appendEntries, leader elected after 5243ms
2020-04-03 12:22:48,511 [1ad7987d-30f8-499c-992f-34a29b261407@group-EC46D86256B6-LeaderElection84] INFO  impl.LeaderElection (LeaderElection.java:logAndReturn(61)) - 1ad7987d-30f8-499c-992f-34a29b261407@group-EC46D86256B6-LeaderElection84: Election REJECTED; received 2 response(s) [1ad7987d-30f8-499c-992f-34a29b261407<-5ea4e034-58ac-4e1a-97e7-fb59da8c8203#0:FAIL-t1, 1ad7987d-30f8-499c-992f-34a29b261407<-51d79ad1-091b-476d-b3ea-570089388469#0:FAIL-t1] and 0 exception(s); 1ad7987d-30f8-499c-992f-34a29b261407@group-EC46D86256B6:t1, leader=51d79ad1-091b-476d-b3ea-570089388469, voted=1ad7987d-30f8-499c-992f-34a29b261407, raftlog=1ad7987d-30f8-499c-992f-34a29b261407@group-EC46D86256B6-SegmentedRaftLog:OPENED:c-1,f-1,i0, conf=-1: [5ea4e034-58ac-4e1a-97e7-fb59da8c8203:172.17.0.2:39023, 1ad7987d-30f8-499c-992f-34a29b261407:172.17.0.2:41615, 51d79ad1-091b-476d-b3ea-570089388469:172.17.0.2:41413], old=null
2020-04-03 12:22:48,535 [Thread-2343] INFO  impl.RoleInfo (RoleInfo.java:shutdownFollowerState(121)) - 51d79ad1-091b-476d-b3ea-570089388469: shutdown FollowerState
2020-04-03 12:22:48,535 [Thread-2343] INFO  impl.RaftServerImpl (RaftServerImpl.java:setRole(172)) - 51d79ad1-091b-476d-b3ea-570089388469@group-7C7BFE04D162: changes role from  FOLLOWER to CANDIDATE at term 0 for changeToCandidate
2020-04-03 12:22:48,535 [Thread-2343] INFO  impl.RoleInfo (RoleInfo.java:updateAndGet(143)) - 51d79ad1-091b-476d-b3ea-570089388469: start LeaderElection
2020-04-03 12:22:48,535 [grpc-default-executor-5] INFO  impl.RaftServerImpl (ServerState.java:setRaftConf(356)) - 1ad7987d-30f8-499c-992f-34a29b261407@group-EC46D86256B6: set configuration 0: [5ea4e034-58ac-4e1a-97e7-fb59da8c8203:172.17.0.2:39023, 1ad7987d-30f8-499c-992f-34a29b261407:172.17.0.2:41615, 51d79ad1-091b-476d-b3ea-570089388469:172.17.0.2:41413], old=null at 0
2020-04-03 12:22:48,535 [grpc-default-executor-5] INFO  segmented.SegmentedRaftLogWorker (SegmentedRaftLogWorker.java:startLogSegment(391)) - 1ad7987d-30f8-499c-992f-34a29b261407@group-EC46D86256B6-SegmentedRaftLogWorker: Starting segment from index:0
2020-04-03 12:22:48,535 [grpc-default-executor-3] INFO  impl.RaftServerImpl (ServerState.java:setRaftConf(356)) - 5ea4e034-58ac-4e1a-97e7-fb59da8c8203@group-EC46D86256B6: set configuration 0: [5ea4e034-58ac-4e1a-97e7-fb59da8c8203:172.17.0.2:39023, 1ad7987d-30f8-499c-992f-34a29b261407:172.17.0.2:41615, 51d79ad1-091b-476d-b3ea-570089388469:172.17.0.2:41413], old=null at 0
2020-04-03 12:22:48,536 [grpc-default-executor-3] INFO  segmented.SegmentedRaftLogWorker (SegmentedRaftLogWorker.java:startLogSegment(391)) - 5ea4e034-58ac-4e1a-97e7-fb59da8c8203@group-EC46D86256B6-SegmentedRaftLogWorker: Starting segment from index:0
2020-04-03 12:22:48,539 [grpc-default-executor-6] INFO  ratis.XceiverServerRatis (XceiverServerRatis.java:handleLeaderChangedNotification(739)) - Leader change notification received for group: group-5FE9EAEC25CC with new leaderId: 5ea4e034-58ac-4e1a-97e7-fb59da8c8203
2020-04-03 12:22:48,539 [grpc-default-executor-6] INFO  impl.RaftServerImpl (ServerState.java:setLeader(255)) - 1ad7987d-30f8-499c-992f-34a29b261407@group-5FE9EAEC25CC: change Leader from null to 5ea4e034-58ac-4e1a-97e7-fb59da8c8203 at term 1 for appendEntries, leader elected after 5308ms
2020-04-03 12:22:48,540 [grpc-default-executor-1] INFO  impl.RaftServerImpl (ServerState.java:setRaftConf(356)) - 51d79ad1-091b-476d-b3ea-570089388469@group-5FE9EAEC25CC: set configuration 0: [5ea4e034-58ac-4e1a-97e7-fb59da8c8203:172.17.0.2:39023, 1ad7987d-30f8-499c-992f-34a29b261407:172.17.0.2:41615, 51d79ad1-091b-476d-b3ea-570089388469:172.17.0.2:41413], old=null at 0
2020-04-03 12:22:48,540 [grpc-default-executor-1] INFO  segmented.SegmentedRaftLogWorker (SegmentedRaftLogWorker.java:startLogSegment(391)) - 51d79ad1-091b-476d-b3ea-570089388469@group-5FE9EAEC25CC-SegmentedRaftLogWorker: Starting segment from index:0
2020-04-03 12:22:48,546 [grpc-default-executor-5] INFO  impl.RaftServerImpl (ServerState.java:setRaftConf(356)) - 1ad7987d-30f8-499c-992f-34a29b261407@group-5FE9EAEC25CC: set configuration 0: [5ea4e034-58ac-4e1a-97e7-fb59da8c8203:172.17.0.2:39023, 1ad7987d-30f8-499c-992f-34a29b261407:172.17.0.2:41615, 51d79ad1-091b-476d-b3ea-570089388469:172.17.0.2:41413], old=null at 0
2020-04-03 12:22:48,546 [grpc-default-executor-5] INFO  segmented.SegmentedRaftLogWorker (SegmentedRaftLogWorker.java:startLogSegment(391)) - 1ad7987d-30f8-499c-992f-34a29b261407@group-5FE9EAEC25CC-SegmentedRaftLogWorker: Starting segment from index:0
2020-04-03 12:22:48,549 [51d79ad1-091b-476d-b3ea-570089388469@group-5FE9EAEC25CC-SegmentedRaftLogWorker] INFO  segmented.SegmentedRaftLogWorker (SegmentedRaftLogWorker.java:execute(583)) - 51d79ad1-091b-476d-b3ea-570089388469@group-5FE9EAEC25CC-SegmentedRaftLogWorker: created new log segment /github/workspace/hadoop-ozone/integration-test/target/test-dir/MiniOzoneClusterImpl-54c97517-776f-4ce9-b1d6-5922e4042064/datanode-5/data/ratis/30ed9ebf-2c1f-4188-8c48-5fe9eaec25cc/current/log_inprogress_0
2020-04-03 12:22:48,549 [1ad7987d-30f8-499c-992f-34a29b261407@group-5FE9EAEC25CC-SegmentedRaftLogWorker] INFO  segmented.SegmentedRaftLogWorker (SegmentedRaftLogWorker.java:execute(583)) - 1ad7987d-30f8-499c-992f-34a29b261407@group-5FE9EAEC25CC-SegmentedRaftLogWorker: created new log segment /github/workspace/hadoop-ozone/integration-test/target/test-dir/MiniOzoneClusterImpl-54c97517-776f-4ce9-b1d6-5922e4042064/datanode-4/data/ratis/30ed9ebf-2c1f-4188-8c48-5fe9eaec25cc/current/log_inprogress_0
2020-04-03 12:22:48,550 [1ad7987d-30f8-499c-992f-34a29b261407@group-EC46D86256B6-SegmentedRaftLogWorker] INFO  segmented.SegmentedRaftLogWorker (SegmentedRaftLogWorker.java:execute(583)) - 1ad7987d-30f8-499c-992f-34a29b261407@group-EC46D86256B6-SegmentedRaftLogWorker: created new log segment /github/workspace/hadoop-ozone/integration-test/target/test-dir/MiniOzoneClusterImpl-54c97517-776f-4ce9-b1d6-5922e4042064/datanode-4/data/ratis/e28a9491-70a6-410e-9598-ec46d86256b6/current/log_inprogress_0
2020-04-03 12:22:48,550 [5ea4e034-58ac-4e1a-97e7-fb59da8c8203@group-EC46D86256B6-SegmentedRaftLogWorker] INFO  segmented.SegmentedRaftLogWorker (SegmentedRaftLogWorker.java:execute(583)) - 5ea4e034-58ac-4e1a-97e7-fb59da8c8203@group-EC46D86256B6-SegmentedRaftLogWorker: created new log segment /github/workspace/hadoop-ozone/integration-test/target/test-dir/MiniOzoneClusterImpl-54c97517-776f-4ce9-b1d6-5922e4042064/datanode-3/data/ratis/e28a9491-70a6-410e-9598-ec46d86256b6/current/log_inprogress_0
2020-04-03 12:22:48,550 [51d79ad1-091b-476d-b3ea-570089388469@group-7C7BFE04D162-LeaderElection87] INFO  impl.LeaderElection (LeaderElection.java:askForVotes(206)) - 51d79ad1-091b-476d-b3ea-570089388469@group-7C7BFE04D162-LeaderElection87: begin an election at term 1 for -1: [51d79ad1-091b-476d-b3ea-570089388469:172.17.0.2:41413], old=null
2020-04-03 12:22:48,550 [51d79ad1-091b-476d-b3ea-570089388469@group-7C7BFE04D162-LeaderElection87] INFO  impl.RoleInfo (RoleInfo.java:shutdownLeaderElection(134)) - 51d79ad1-091b-476d-b3ea-570089388469: shutdown LeaderElection
2020-04-03 12:22:48,550 [51d79ad1-091b-476d-b3ea-570089388469@group-7C7BFE04D162-LeaderElection87] INFO  impl.RaftServerImpl (RaftServerImpl.java:setRole(172)) - 51d79ad1-091b-476d-b3ea-570089388469@group-7C7BFE04D162: changes role from CANDIDATE to LEADER at term 1 for changeToLeader
2020-04-03 12:22:48,550 [51d79ad1-091b-476d-b3ea-570089388469@group-7C7BFE04D162-LeaderElection87] INFO  ratis.XceiverServerRatis (XceiverServerRatis.java:handleLeaderChangedNotification(739)) - Leader change notification received for group: group-7C7BFE04D162 with new leaderId: 51d79ad1-091b-476d-b3ea-570089388469
2020-04-03 12:22:48,568 [51d79ad1-091b-476d-b3ea-570089388469@group-7C7BFE04D162-LeaderElection87] INFO  impl.RaftServerImpl (ServerState.java:setLeader(255)) - 51d79ad1-091b-476d-b3ea-570089388469@group-7C7BFE04D162: change Leader from null to 51d79ad1-091b-476d-b3ea-570089388469 at term 1 for becomeLeader, leader elected after 5244ms
2020-04-03 12:22:48,568 [51d79ad1-091b-476d-b3ea-570089388469@group-7C7BFE04D162-LeaderElection87] INFO  server.RaftServerConfigKeys (ConfUtils.java:logGet(44)) - raft.server.staging.catchup.gap = 1000 (default)
2020-04-03 12:22:48,570 [51d79ad1-091b-476d-b3ea-570089388469@group-7C7BFE04D162-LeaderElection87] INFO  server.RaftServerConfigKeys (ConfUtils.java:logGet(44)) - raft.server.rpc.sleep.time = 25ms (default)
2020-04-03 12:22:48,573 [51d79ad1-091b-476d-b3ea-570089388469@group-7C7BFE04D162-LeaderElection87] INFO  metrics.RatisMetrics (RatisMetrics.java:lambda$create$0(39)) - Creating Metrics Registry : ratis.log_appender.51d79ad1-091b-476d-b3ea-570089388469@group-7C7BFE04D162
2020-04-03 12:22:48,573 [51d79ad1-091b-476d-b3ea-570089388469@group-7C7BFE04D162-LeaderElection87] INFO  server.RaftServerConfigKeys (ConfUtils.java:logGet(44)) - raft.server.write.element-limit = 1024 (custom)
2020-04-03 12:22:48,574 [51d79ad1-091b-476d-b3ea-570089388469@group-7C7BFE04D162-LeaderElection87] INFO  server.RaftServerConfigKeys (ConfUtils.java:logGet(44)) - raft.server.write.byte-limit = 1073741824 (custom)
2020-04-03 12:22:48,574 [51d79ad1-091b-476d-b3ea-570089388469@group-7C7BFE04D162-LeaderElection87] INFO  server.RaftServerConfigKeys (ConfUtils.java:logGet(44)) - raft.server.watch.timeout = 3s (custom)
2020-04-03 12:22:48,574 [51d79ad1-091b-476d-b3ea-570089388469@group-7C7BFE04D162-LeaderElection87] INFO  server.RaftServerConfigKeys (ConfUtils.java:logGet(44)) - raft.server.watch.timeout.denomination = 1s (default)
2020-04-03 12:22:48,574 [51d79ad1-091b-476d-b3ea-570089388469@group-7C7BFE04D162-LeaderElection87] INFO  server.RaftServerConfigKeys (ConfUtils.java:logGet(44)) - raft.server.watch.element-limit = 65536 (default)
2020-04-03 12:22:48,575 [51d79ad1-091b-476d-b3ea-570089388469@group-7C7BFE04D162-LeaderElection87] INFO  impl.RoleInfo (RoleInfo.java:updateAndGet(143)) - 51d79ad1-091b-476d-b3ea-570089388469: start LeaderState
2020-04-03 12:22:48,575 [51d79ad1-091b-476d-b3ea-570089388469@group-7C7BFE04D162-LeaderElection87] INFO  segmented.SegmentedRaftLogWorker (SegmentedRaftLogWorker.java:startLogSegment(391)) - 51d79ad1-091b-476d-b3ea-570089388469@group-7C7BFE04D162-SegmentedRaftLogWorker: Starting segment from index:0
2020-04-03 12:22:48,576 [51d79ad1-091b-476d-b3ea-570089388469@group-7C7BFE04D162-SegmentedRaftLogWorker] INFO  segmented.SegmentedRaftLogWorker (SegmentedRaftLogWorker.java:execute(583)) - 51d79ad1-091b-476d-b3ea-570089388469@group-7C7BFE04D162-SegmentedRaftLogWorker: created new log segment /github/workspace/hadoop-ozone/integration-test/target/test-dir/MiniOzoneClusterImpl-54c97517-776f-4ce9-b1d6-5922e4042064/datanode-5/data/ratis/a6f3ee06-c84e-48b0-a0a5-7c7bfe04d162/current/log_inprogress_0
2020-04-03 12:22:48,578 [51d79ad1-091b-476d-b3ea-570089388469@group-7C7BFE04D162-LeaderElection87] INFO  impl.RaftServerImpl (ServerState.java:setRaftConf(356)) - 51d79ad1-091b-476d-b3ea-570089388469@group-7C7BFE04D162: set configuration 0: [51d79ad1-091b-476d-b3ea-570089388469:172.17.0.2:41413], old=null at 0
2020-04-03 12:22:51,141 [Thread-2359] INFO  container.ReplicationManager (ReplicationManager.java:start(165)) - Starting Replication Monitor Thread.
2020-04-03 12:22:51,144 [ReplicationMonitor] INFO  container.ReplicationManager (ReplicationManager.java:run(228)) - Replication Monitor Thread took 0 milliseconds for processing 1 containers.
2020-04-03 12:22:51,260 [java.util.concurrent.ThreadPoolExecutor$Worker@1b6ca561[State = -1, empty queue]] WARN  server.GrpcLogAppender (GrpcLogAppender.java:timeoutAppendRequest(212)) - 32bb5132-3190-4c64-bf84-ebbd3e705cf4@group-9B462AAFDDCD->b4a43d29-118c-4b02-9b7b-443b0a36c06e-GrpcLogAppender:  appendEntries Timeout, request=AppendEntriesRequest:cid=1,entriesCount=1,lastEntry=(t:1, i:0)
2020-04-03 12:22:51,267 [java.util.concurrent.ThreadPoolExecutor$Worker@1b6ca561[State = -1, empty queue]] WARN  server.GrpcLogAppender (GrpcLogAppender.java:timeoutAppendRequest(212)) - 32bb5132-3190-4c64-bf84-ebbd3e705cf4@group-9B462AAFDDCD->60104982-6318-49fc-a8c7-671d7edb1a00-GrpcLogAppender:  appendEntries Timeout, request=AppendEntriesRequest:cid=1,entriesCount=1,lastEntry=(t:1, i:0)
2020-04-03 12:22:53,166 [Thread-2366] INFO  impl.FollowerState (FollowerState.java:run(108)) - b4a43d29-118c-4b02-9b7b-443b0a36c06e@group-FA17F83450AF-FollowerState: change to CANDIDATE, lastRpcTime:5002ms, electionTimeout:5001ms
2020-04-03 12:22:53,166 [Thread-2366] INFO  impl.RoleInfo (RoleInfo.java:shutdownFollowerState(121)) - b4a43d29-118c-4b02-9b7b-443b0a36c06e: shutdown FollowerState
2020-04-03 12:22:53,166 [Thread-2366] INFO  impl.RaftServerImpl (RaftServerImpl.java:setRole(172)) - b4a43d29-118c-4b02-9b7b-443b0a36c06e@group-FA17F83450AF: changes role from  FOLLOWER to CANDIDATE at term 2 for changeToCandidate
2020-04-03 12:22:53,166 [Thread-2366] INFO  impl.RoleInfo (RoleInfo.java:updateAndGet(143)) - b4a43d29-118c-4b02-9b7b-443b0a36c06e: start LeaderElection
2020-04-03 12:22:53,169 [b4a43d29-118c-4b02-9b7b-443b0a36c06e@group-FA17F83450AF-LeaderElection88] INFO  impl.LeaderElection (LeaderElection.java:askForVotes(206)) - b4a43d29-118c-4b02-9b7b-443b0a36c06e@group-FA17F83450AF-LeaderElection88: begin an election at term 3 for 0: [b4a43d29-118c-4b02-9b7b-443b0a36c06e:172.17.0.2:40513, 32bb5132-3190-4c64-bf84-ebbd3e705cf4:172.17.0.2:46159, 60104982-6318-49fc-a8c7-671d7edb1a00:172.17.0.2:37215], old=null
2020-04-03 12:22:53,170 [Thread-2364] INFO  impl.FollowerState (FollowerState.java:run(108)) - 32bb5132-3190-4c64-bf84-ebbd3e705cf4@group-FA17F83450AF-FollowerState: change to CANDIDATE, lastRpcTime:5018ms, electionTimeout:5017ms
2020-04-03 12:22:53,170 [Thread-2364] INFO  impl.RoleInfo (RoleInfo.java:shutdownFollowerState(121)) - 32bb5132-3190-4c64-bf84-ebbd3e705cf4: shutdown FollowerState
2020-04-03 12:22:53,170 [Thread-2364] INFO  impl.RaftServerImpl (RaftServerImpl.java:setRole(172)) - 32bb5132-3190-4c64-bf84-ebbd3e705cf4@group-FA17F83450AF: changes role from  FOLLOWER to CANDIDATE at term 2 for changeToCandidate
2020-04-03 12:22:53,170 [Thread-2364] INFO  impl.RoleInfo (RoleInfo.java:updateAndGet(143)) - 32bb5132-3190-4c64-bf84-ebbd3e705cf4: start LeaderElection
2020-04-03 12:22:53,175 [grpc-default-executor-5] INFO  impl.RaftServerImpl (RaftServerImpl.java:setRole(172)) - 60104982-6318-49fc-a8c7-671d7edb1a00@group-FA17F83450AF: changes role from  FOLLOWER to FOLLOWER at term 3 for recognizeCandidate:b4a43d29-118c-4b02-9b7b-443b0a36c06e
2020-04-03 12:22:53,175 [grpc-default-executor-5] INFO  impl.RoleInfo (RoleInfo.java:shutdownFollowerState(121)) - 60104982-6318-49fc-a8c7-671d7edb1a00: shutdown FollowerState
2020-04-03 12:22:53,176 [grpc-default-executor-5] INFO  impl.RoleInfo (RoleInfo.java:updateAndGet(143)) - 60104982-6318-49fc-a8c7-671d7edb1a00: start FollowerState
2020-04-03 12:22:53,176 [Thread-2355] INFO  impl.FollowerState (FollowerState.java:run(117)) - 60104982-6318-49fc-a8c7-671d7edb1a00@group-FA17F83450AF-FollowerState was interrupted: java.lang.InterruptedException: sleep interrupted
2020-04-03 12:22:53,178 [b4a43d29-118c-4b02-9b7b-443b0a36c06e@group-FA17F83450AF-LeaderElection88] INFO  impl.LeaderElection (LeaderElection.java:logAndReturn(61)) - b4a43d29-118c-4b02-9b7b-443b0a36c06e@group-FA17F83450AF-LeaderElection88: Election PASSED; received 1 response(s) [b4a43d29-118c-4b02-9b7b-443b0a36c06e<-60104982-6318-49fc-a8c7-671d7edb1a00#0:OK-t3] and 0 exception(s); b4a43d29-118c-4b02-9b7b-443b0a36c06e@group-FA17F83450AF:t3, leader=null, voted=b4a43d29-118c-4b02-9b7b-443b0a36c06e, raftlog=b4a43d29-118c-4b02-9b7b-443b0a36c06e@group-FA17F83450AF-SegmentedRaftLog:OPENED:c0,f0,i0, conf=0: [b4a43d29-118c-4b02-9b7b-443b0a36c06e:172.17.0.2:40513, 32bb5132-3190-4c64-bf84-ebbd3e705cf4:172.17.0.2:46159, 60104982-6318-49fc-a8c7-671d7edb1a00:172.17.0.2:37215], old=null
2020-04-03 12:22:53,178 [b4a43d29-118c-4b02-9b7b-443b0a36c06e@group-FA17F83450AF-LeaderElection88] INFO  impl.RoleInfo (RoleInfo.java:shutdownLeaderElection(134)) - b4a43d29-118c-4b02-9b7b-443b0a36c06e: shutdown LeaderElection
2020-04-03 12:22:53,179 [b4a43d29-118c-4b02-9b7b-443b0a36c06e@group-FA17F83450AF-LeaderElection88] INFO  impl.RaftServerImpl (RaftServerImpl.java:setRole(172)) - b4a43d29-118c-4b02-9b7b-443b0a36c06e@group-FA17F83450AF: changes role from CANDIDATE to LEADER at term 3 for changeToLeader
2020-04-03 12:22:53,179 [b4a43d29-118c-4b02-9b7b-443b0a36c06e@group-FA17F83450AF-LeaderElection88] INFO  ratis.XceiverServerRatis (XceiverServerRatis.java:handleLeaderChangedNotification(739)) - Leader change notification received for group: group-FA17F83450AF with new leaderId: b4a43d29-118c-4b02-9b7b-443b0a36c06e
2020-04-03 12:22:53,179 [b4a43d29-118c-4b02-9b7b-443b0a36c06e@group-FA17F83450AF-LeaderElection88] INFO  impl.RaftServerImpl (ServerState.java:setLeader(255)) - b4a43d29-118c-4b02-9b7b-443b0a36c06e@group-FA17F83450AF: change Leader from null to b4a43d29-118c-4b02-9b7b-443b0a36c06e at term 3 for becomeLeader, leader elected after 5018ms
2020-04-03 12:22:53,179 [32bb5132-3190-4c64-bf84-ebbd3e705cf4@group-FA17F83450AF-LeaderElection89] INFO  impl.LeaderElection (LeaderElection.java:askForVotes(206)) - 32bb5132-3190-4c64-bf84-ebbd3e705cf4@group-FA17F83450AF-LeaderElection89: begin an election at term 3 for -1: [b4a43d29-118c-4b02-9b7b-443b0a36c06e:172.17.0.2:40513, 32bb5132-3190-4c64-bf84-ebbd3e705cf4:172.17.0.2:46159, 60104982-6318-49fc-a8c7-671d7edb1a00:172.17.0.2:37215], old=null
2020-04-03 12:22:53,179 [b4a43d29-118c-4b02-9b7b-443b0a36c06e@group-FA17F83450AF-LeaderElection88] INFO  server.RaftServerConfigKeys (ConfUtils.java:logGet(44)) - raft.server.staging.catchup.gap = 1000 (default)
2020-04-03 12:22:53,179 [b4a43d29-118c-4b02-9b7b-443b0a36c06e@group-FA17F83450AF-LeaderElection88] INFO  server.RaftServerConfigKeys (ConfUtils.java:logGet(44)) - raft.server.rpc.sleep.time = 25ms (default)
2020-04-03 12:22:53,186 [b4a43d29-118c-4b02-9b7b-443b0a36c06e@group-FA17F83450AF-LeaderElection88] INFO  metrics.RatisMetrics (RatisMetrics.java:lambda$create$0(39)) - Creating Metrics Registry : ratis.log_appender.b4a43d29-118c-4b02-9b7b-443b0a36c06e@group-FA17F83450AF
2020-04-03 12:22:53,186 [b4a43d29-118c-4b02-9b7b-443b0a36c06e@group-FA17F83450AF-LeaderElection88] INFO  server.RaftServerConfigKeys (ConfUtils.java:logGet(44)) - raft.server.write.element-limit = 1024 (custom)
2020-04-03 12:22:53,186 [b4a43d29-118c-4b02-9b7b-443b0a36c06e@group-FA17F83450AF-LeaderElection88] INFO  server.RaftServerConfigKeys (ConfUtils.java:logGet(44)) - raft.server.write.byte-limit = 1073741824 (custom)
2020-04-03 12:22:53,186 [b4a43d29-118c-4b02-9b7b-443b0a36c06e@group-FA17F83450AF-LeaderElection88] INFO  server.RaftServerConfigKeys (ConfUtils.java:logGet(44)) - raft.server.watch.timeout = 3s (custom)
2020-04-03 12:22:53,186 [b4a43d29-118c-4b02-9b7b-443b0a36c06e@group-FA17F83450AF-LeaderElection88] INFO  server.RaftServerConfigKeys (ConfUtils.java:logGet(44)) - raft.server.watch.timeout.denomination = 1s (default)
2020-04-03 12:22:53,187 [b4a43d29-118c-4b02-9b7b-443b0a36c06e@group-FA17F83450AF-LeaderElection88] INFO  server.RaftServerConfigKeys (ConfUtils.java:logGet(44)) - raft.server.watch.element-limit = 65536 (default)
2020-04-03 12:22:53,187 [b4a43d29-118c-4b02-9b7b-443b0a36c06e@group-FA17F83450AF-LeaderElection88] INFO  server.RaftServerConfigKeys (ConfUtils.java:logGet(44)) - raft.server.log.appender.snapshot.chunk.size.max = 16MB (=16777216) (default)
2020-04-03 12:22:53,187 [b4a43d29-118c-4b02-9b7b-443b0a36c06e@group-FA17F83450AF-LeaderElection88] INFO  server.RaftServerConfigKeys (ConfUtils.java:logGet(44)) - raft.server.log.appender.buffer.byte-limit = 33554432 (custom)
2020-04-03 12:22:53,187 [b4a43d29-118c-4b02-9b7b-443b0a36c06e@group-FA17F83450AF-LeaderElection88] INFO  server.RaftServerConfigKeys (ConfUtils.java:logGet(44)) - raft.server.log.appender.buffer.element-limit = 1 (custom)
2020-04-03 12:22:53,187 [b4a43d29-118c-4b02-9b7b-443b0a36c06e@group-FA17F83450AF-LeaderElection88] INFO  grpc.GrpcConfigKeys (ConfUtils.java:logGet(44)) - raft.grpc.server.leader.outstanding.appends.max = 128 (default)
2020-04-03 12:22:53,187 [b4a43d29-118c-4b02-9b7b-443b0a36c06e@group-FA17F83450AF-LeaderElection88] INFO  server.RaftServerConfigKeys (ConfUtils.java:logGet(44)) - raft.server.rpc.request.timeout = 3s (default)
2020-04-03 12:22:53,187 [b4a43d29-118c-4b02-9b7b-443b0a36c06e@group-FA17F83450AF-LeaderElection88] INFO  server.RaftServerConfigKeys (ConfUtils.java:logGet(44)) - raft.server.log.appender.install.snapshot.enabled = false (custom)
2020-04-03 12:22:53,188 [b4a43d29-118c-4b02-9b7b-443b0a36c06e@group-FA17F83450AF-LeaderElection88] INFO  server.RaftServerConfigKeys (ConfUtils.java:logGet(44)) - raft.server.log.appender.snapshot.chunk.size.max = 16MB (=16777216) (default)
2020-04-03 12:22:53,188 [b4a43d29-118c-4b02-9b7b-443b0a36c06e@group-FA17F83450AF-LeaderElection88] INFO  server.RaftServerConfigKeys (ConfUtils.java:logGet(44)) - raft.server.log.appender.buffer.byte-limit = 33554432 (custom)
2020-04-03 12:22:53,188 [b4a43d29-118c-4b02-9b7b-443b0a36c06e@group-FA17F83450AF-LeaderElection88] INFO  server.RaftServerConfigKeys (ConfUtils.java:logGet(44)) - raft.server.log.appender.buffer.element-limit = 1 (custom)
2020-04-03 12:22:53,188 [b4a43d29-118c-4b02-9b7b-443b0a36c06e@group-FA17F83450AF-LeaderElection88] INFO  grpc.GrpcConfigKeys (ConfUtils.java:logGet(44)) - raft.grpc.server.leader.outstanding.appends.max = 128 (default)
2020-04-03 12:22:53,188 [b4a43d29-118c-4b02-9b7b-443b0a36c06e@group-FA17F83450AF-LeaderElection88] INFO  server.RaftServerConfigKeys (ConfUtils.java:logGet(44)) - raft.server.rpc.request.timeout = 3s (default)
2020-04-03 12:22:53,188 [b4a43d29-118c-4b02-9b7b-443b0a36c06e@group-FA17F83450AF-LeaderElection88] INFO  server.RaftServerConfigKeys (ConfUtils.java:logGet(44)) - raft.server.log.appender.install.snapshot.enabled = false (custom)
2020-04-03 12:22:53,189 [b4a43d29-118c-4b02-9b7b-443b0a36c06e@group-FA17F83450AF-LeaderElection88] INFO  impl.RoleInfo (RoleInfo.java:updateAndGet(143)) - b4a43d29-118c-4b02-9b7b-443b0a36c06e: start LeaderState
2020-04-03 12:22:53,190 [b4a43d29-118c-4b02-9b7b-443b0a36c06e@group-FA17F83450AF-LeaderElection88] INFO  segmented.SegmentedRaftLogWorker (SegmentedRaftLogWorker.java:rollLogSegment(396)) - b4a43d29-118c-4b02-9b7b-443b0a36c06e@group-FA17F83450AF-SegmentedRaftLogWorker: Rolling segment log-0_0 to index:0
2020-04-03 12:22:53,191 [b4a43d29-118c-4b02-9b7b-443b0a36c06e@group-FA17F83450AF-SegmentedRaftLogWorker] INFO  segmented.SegmentedRaftLogWorker (SegmentedRaftLogWorker.java:execute(541)) - b4a43d29-118c-4b02-9b7b-443b0a36c06e@group-FA17F83450AF-SegmentedRaftLogWorker: Rolled log segment from /github/workspace/hadoop-ozone/integration-test/target/test-dir/MiniOzoneClusterImpl-54c97517-776f-4ce9-b1d6-5922e4042064/datanode-2/data/ratis/24efe3c7-eeac-4a70-9691-fa17f83450af/current/log_inprogress_0 to /github/workspace/hadoop-ozone/integration-test/target/test-dir/MiniOzoneClusterImpl-54c97517-776f-4ce9-b1d6-5922e4042064/datanode-2/data/ratis/24efe3c7-eeac-4a70-9691-fa17f83450af/current/log_0-0
2020-04-03 12:22:53,191 [b4a43d29-118c-4b02-9b7b-443b0a36c06e@group-FA17F83450AF-LeaderElection88] INFO  impl.RaftServerImpl (ServerState.java:setRaftConf(356)) - b4a43d29-118c-4b02-9b7b-443b0a36c06e@group-FA17F83450AF: set configuration 1: [b4a43d29-118c-4b02-9b7b-443b0a36c06e:172.17.0.2:40513, 32bb5132-3190-4c64-bf84-ebbd3e705cf4:172.17.0.2:46159, 60104982-6318-49fc-a8c7-671d7edb1a00:172.17.0.2:37215], old=null at 1
2020-04-03 12:22:53,192 [grpc-default-executor-5] INFO  impl.RaftServerImpl (RaftServerImpl.java:setRole(172)) - 32bb5132-3190-4c64-bf84-ebbd3e705cf4@group-FA17F83450AF: changes role from CANDIDATE to FOLLOWER at term 3 for appendEntries
2020-04-03 12:22:53,192 [grpc-default-executor-5] INFO  impl.RoleInfo (RoleInfo.java:shutdownLeaderElection(134)) - 32bb5132-3190-4c64-bf84-ebbd3e705cf4: shutdown LeaderElection
2020-04-03 12:22:53,192 [grpc-default-executor-5] INFO  impl.RoleInfo (RoleInfo.java:updateAndGet(143)) - 32bb5132-3190-4c64-bf84-ebbd3e705cf4: start FollowerState
2020-04-03 12:22:53,192 [b4a43d29-118c-4b02-9b7b-443b0a36c06e@group-FA17F83450AF-SegmentedRaftLogWorker] INFO  segmented.SegmentedRaftLogWorker (SegmentedRaftLogWorker.java:execute(583)) - b4a43d29-118c-4b02-9b7b-443b0a36c06e@group-FA17F83450AF-SegmentedRaftLogWorker: created new log segment /github/workspace/hadoop-ozone/integration-test/target/test-dir/MiniOzoneClusterImpl-54c97517-776f-4ce9-b1d6-5922e4042064/datanode-2/data/ratis/24efe3c7-eeac-4a70-9691-fa17f83450af/current/log_inprogress_1
2020-04-03 12:22:53,193 [grpc-default-executor-5] INFO  ratis.XceiverServerRatis (XceiverServerRatis.java:handleLeaderChangedNotification(739)) - Leader change notification received for group: group-FA17F83450AF with new leaderId: b4a43d29-118c-4b02-9b7b-443b0a36c06e
2020-04-03 12:22:53,193 [grpc-default-executor-5] INFO  impl.RaftServerImpl (ServerState.java:setLeader(255)) - 32bb5132-3190-4c64-bf84-ebbd3e705cf4@group-FA17F83450AF: change Leader from null to b4a43d29-118c-4b02-9b7b-443b0a36c06e at term 3 for appendEntries, leader elected after 10146ms
2020-04-03 12:22:53,193 [grpc-default-executor-5] INFO  impl.RaftServerImpl (RaftServerImpl.java:checkInconsistentAppendEntries(1065)) - 32bb5132-3190-4c64-bf84-ebbd3e705cf4@group-FA17F83450AF: Failed appendEntries as previous log entry ((t:1, i:0)) is not found
2020-04-03 12:22:53,193 [grpc-default-executor-5] INFO  impl.RaftServerImpl (RaftServerImpl.java:checkInconsistentAppendEntries(1031)) - 32bb5132-3190-4c64-bf84-ebbd3e705cf4@group-FA17F83450AF: inconsistency entries. Reply:b4a43d29-118c-4b02-9b7b-443b0a36c06e<-32bb5132-3190-4c64-bf84-ebbd3e705cf4#0:FAIL,INCONSISTENCY,nextIndex:0,term:3,followerCommit:-1
2020-04-03 12:22:53,195 [grpc-default-executor-5] INFO  impl.RaftServerImpl (RaftServerImpl.java:checkInconsistentAppendEntries(1065)) - 32bb5132-3190-4c64-bf84-ebbd3e705cf4@group-FA17F83450AF: Failed appendEntries as previous log entry ((t:1, i:0)) is not found
2020-04-03 12:22:53,195 [grpc-default-executor-5] INFO  impl.RaftServerImpl (RaftServerImpl.java:checkInconsistentAppendEntries(1031)) - 32bb5132-3190-4c64-bf84-ebbd3e705cf4@group-FA17F83450AF: inconsistency entries. Reply:b4a43d29-118c-4b02-9b7b-443b0a36c06e<-32bb5132-3190-4c64-bf84-ebbd3e705cf4#1:FAIL,INCONSISTENCY,nextIndex:0,term:3,followerCommit:-1
2020-04-03 12:22:53,195 [32bb5132-3190-4c64-bf84-ebbd3e705cf4@group-FA17F83450AF-LeaderElection89] INFO  impl.LeaderElection (LeaderElection.java:logAndReturn(61)) - 32bb5132-3190-4c64-bf84-ebbd3e705cf4@group-FA17F83450AF-LeaderElection89: Election REJECTED; received 1 response(s) [32bb5132-3190-4c64-bf84-ebbd3e705cf4<-60104982-6318-49fc-a8c7-671d7edb1a00#0:FAIL-t3] and 0 exception(s); 32bb5132-3190-4c64-bf84-ebbd3e705cf4@group-FA17F83450AF:t3, leader=b4a43d29-118c-4b02-9b7b-443b0a36c06e, voted=32bb5132-3190-4c64-bf84-ebbd3e705cf4, raftlog=32bb5132-3190-4c64-bf84-ebbd3e705cf4@group-FA17F83450AF-SegmentedRaftLog:OPENED:c-1,f-1,i0, conf=-1: [b4a43d29-118c-4b02-9b7b-443b0a36c06e:172.17.0.2:40513, 32bb5132-3190-4c64-bf84-ebbd3e705cf4:172.17.0.2:46159, 60104982-6318-49fc-a8c7-671d7edb1a00:172.17.0.2:37215], old=null
2020-04-03 12:22:53,195 [grpc-default-executor-1] INFO  impl.FollowerInfo (FollowerInfo.java:lambda$new$0(50)) - b4a43d29-118c-4b02-9b7b-443b0a36c06e@group-FA17F83450AF->32bb5132-3190-4c64-bf84-ebbd3e705cf4: nextIndex: updateUnconditionally 2 -> 0
2020-04-03 12:22:53,196 [grpc-default-executor-1] INFO  impl.FollowerInfo (FollowerInfo.java:lambda$new$0(50)) - b4a43d29-118c-4b02-9b7b-443b0a36c06e@group-FA17F83450AF->32bb5132-3190-4c64-bf84-ebbd3e705cf4: nextIndex: updateUnconditionally 0 -> 0
2020-04-03 12:22:53,196 [grpc-default-executor-1] INFO  impl.RaftServerImpl (RaftServerImpl.java:requestVote(806)) - b4a43d29-118c-4b02-9b7b-443b0a36c06e@group-FA17F83450AF-   LEADER: Withhold vote from candidate 32bb5132-3190-4c64-bf84-ebbd3e705cf4 with term 3. State: leader=b4a43d29-118c-4b02-9b7b-443b0a36c06e, term=3, lastRpcElapsed=null
2020-04-03 12:22:53,198 [grpc-default-executor-1] INFO  impl.RaftServerImpl (ServerState.java:setRaftConf(356)) - 32bb5132-3190-4c64-bf84-ebbd3e705cf4@group-FA17F83450AF: set configuration 0: [b4a43d29-118c-4b02-9b7b-443b0a36c06e:172.17.0.2:40513, 32bb5132-3190-4c64-bf84-ebbd3e705cf4:172.17.0.2:46159, 60104982-6318-49fc-a8c7-671d7edb1a00:172.17.0.2:37215], old=null at 0
2020-04-03 12:22:53,199 [grpc-default-executor-1] INFO  segmented.SegmentedRaftLogWorker (SegmentedRaftLogWorker.java:startLogSegment(391)) - 32bb5132-3190-4c64-bf84-ebbd3e705cf4@group-FA17F83450AF-SegmentedRaftLogWorker: Starting segment from index:0
2020-04-03 12:22:53,200 [grpc-default-executor-1] INFO  impl.RaftServerImpl (ServerState.java:setRaftConf(356)) - 32bb5132-3190-4c64-bf84-ebbd3e705cf4@group-FA17F83450AF: set configuration 1: [b4a43d29-118c-4b02-9b7b-443b0a36c06e:172.17.0.2:40513, 32bb5132-3190-4c64-bf84-ebbd3e705cf4:172.17.0.2:46159, 60104982-6318-49fc-a8c7-671d7edb1a00:172.17.0.2:37215], old=null at 1
2020-04-03 12:22:53,200 [32bb5132-3190-4c64-bf84-ebbd3e705cf4@group-FA17F83450AF-SegmentedRaftLogWorker] INFO  segmented.SegmentedRaftLogWorker (SegmentedRaftLogWorker.java:execute(583)) - 32bb5132-3190-4c64-bf84-ebbd3e705cf4@group-FA17F83450AF-SegmentedRaftLogWorker: created new log segment /github/workspace/hadoop-ozone/integration-test/target/test-dir/MiniOzoneClusterImpl-54c97517-776f-4ce9-b1d6-5922e4042064/datanode-1/data/ratis/24efe3c7-eeac-4a70-9691-fa17f83450af/current/log_inprogress_0
2020-04-03 12:22:53,200 [grpc-default-executor-1] INFO  segmented.SegmentedRaftLogWorker (SegmentedRaftLogWorker.java:rollLogSegment(396)) - 32bb5132-3190-4c64-bf84-ebbd3e705cf4@group-FA17F83450AF-SegmentedRaftLogWorker: Rolling segment log-0_0 to index:0
2020-04-03 12:22:53,202 [32bb5132-3190-4c64-bf84-ebbd3e705cf4@group-FA17F83450AF-SegmentedRaftLogWorker] INFO  segmented.SegmentedRaftLogWorker (SegmentedRaftLogWorker.java:execute(541)) - 32bb5132-3190-4c64-bf84-ebbd3e705cf4@group-FA17F83450AF-SegmentedRaftLogWorker: Rolled log segment from /github/workspace/hadoop-ozone/integration-test/target/test-dir/MiniOzoneClusterImpl-54c97517-776f-4ce9-b1d6-5922e4042064/datanode-1/data/ratis/24efe3c7-eeac-4a70-9691-fa17f83450af/current/log_inprogress_0 to /github/workspace/hadoop-ozone/integration-test/target/test-dir/MiniOzoneClusterImpl-54c97517-776f-4ce9-b1d6-5922e4042064/datanode-1/data/ratis/24efe3c7-eeac-4a70-9691-fa17f83450af/current/log_0-0
2020-04-03 12:22:53,202 [grpc-default-executor-1] INFO  ratis.XceiverServerRatis (XceiverServerRatis.java:handleLeaderChangedNotification(739)) - Leader change notification received for group: group-FA17F83450AF with new leaderId: b4a43d29-118c-4b02-9b7b-443b0a36c06e
2020-04-03 12:22:53,202 [grpc-default-executor-1] INFO  impl.RaftServerImpl (ServerState.java:setLeader(255)) - 60104982-6318-49fc-a8c7-671d7edb1a00@group-FA17F83450AF: change Leader from null to b4a43d29-118c-4b02-9b7b-443b0a36c06e at term 3 for appendEntries, leader elected after 10203ms
2020-04-03 12:22:53,202 [grpc-default-executor-1] INFO  impl.RaftServerImpl (RaftServerImpl.java:checkInconsistentAppendEntries(1065)) - 60104982-6318-49fc-a8c7-671d7edb1a00@group-FA17F83450AF: Failed appendEntries as previous log entry ((t:1, i:0)) is not found
2020-04-03 12:22:53,202 [grpc-default-executor-1] INFO  impl.RaftServerImpl (RaftServerImpl.java:checkInconsistentAppendEntries(1031)) - 60104982-6318-49fc-a8c7-671d7edb1a00@group-FA17F83450AF: inconsistency entries. Reply:b4a43d29-118c-4b02-9b7b-443b0a36c06e<-60104982-6318-49fc-a8c7-671d7edb1a00#0:FAIL,INCONSISTENCY,nextIndex:0,term:3,followerCommit:-1
2020-04-03 12:22:53,203 [32bb5132-3190-4c64-bf84-ebbd3e705cf4@group-FA17F83450AF-SegmentedRaftLogWorker] INFO  segmented.SegmentedRaftLogWorker (SegmentedRaftLogWorker.java:execute(583)) - 32bb5132-3190-4c64-bf84-ebbd3e705cf4@group-FA17F83450AF-SegmentedRaftLogWorker: created new log segment /github/workspace/hadoop-ozone/integration-test/target/test-dir/MiniOzoneClusterImpl-54c97517-776f-4ce9-b1d6-5922e4042064/datanode-1/data/ratis/24efe3c7-eeac-4a70-9691-fa17f83450af/current/log_inprogress_1
2020-04-03 12:22:53,203 [grpc-default-executor-1] INFO  impl.RaftServerImpl (RaftServerImpl.java:checkInconsistentAppendEntries(1065)) - 60104982-6318-49fc-a8c7-671d7edb1a00@group-FA17F83450AF: Failed appendEntries as previous log entry ((t:1, i:0)) is not found
2020-04-03 12:22:53,203 [grpc-default-executor-1] INFO  impl.RaftServerImpl (RaftServerImpl.java:checkInconsistentAppendEntries(1031)) - 60104982-6318-49fc-a8c7-671d7edb1a00@group-FA17F83450AF: inconsistency entries. Reply:b4a43d29-118c-4b02-9b7b-443b0a36c06e<-60104982-6318-49fc-a8c7-671d7edb1a00#1:FAIL,INCONSISTENCY,nextIndex:0,term:3,followerCommit:-1
2020-04-03 12:22:53,203 [grpc-default-executor-5] INFO  impl.FollowerInfo (FollowerInfo.java:lambda$new$0(50)) - b4a43d29-118c-4b02-9b7b-443b0a36c06e@group-FA17F83450AF->60104982-6318-49fc-a8c7-671d7edb1a00: nextIndex: updateUnconditionally 2 -> 0
2020-04-03 12:22:53,204 [grpc-default-executor-1] INFO  impl.FollowerInfo (FollowerInfo.java:lambda$new$0(50)) - b4a43d29-118c-4b02-9b7b-443b0a36c06e@group-FA17F83450AF->60104982-6318-49fc-a8c7-671d7edb1a00: nextIndex: updateUnconditionally 2 -> 0
2020-04-03 12:22:53,204 [grpc-default-executor-5] INFO  impl.RaftServerImpl (ServerState.java:setRaftConf(356)) - 60104982-6318-49fc-a8c7-671d7edb1a00@group-FA17F83450AF: set configuration 0: [b4a43d29-118c-4b02-9b7b-443b0a36c06e:172.17.0.2:40513, 32bb5132-3190-4c64-bf84-ebbd3e705cf4:172.17.0.2:46159, 60104982-6318-49fc-a8c7-671d7edb1a00:172.17.0.2:37215], old=null at 0
2020-04-03 12:22:53,204 [grpc-default-executor-5] INFO  segmented.SegmentedRaftLogWorker (SegmentedRaftLogWorker.java:startLogSegment(391)) - 60104982-6318-49fc-a8c7-671d7edb1a00@group-FA17F83450AF-SegmentedRaftLogWorker: Starting segment from index:0
2020-04-03 12:22:53,205 [grpc-default-executor-5] INFO  impl.RaftServerImpl (ServerState.java:setRaftConf(356)) - 60104982-6318-49fc-a8c7-671d7edb1a00@group-FA17F83450AF: set configuration 1: [b4a43d29-118c-4b02-9b7b-443b0a36c06e:172.17.0.2:40513, 32bb5132-3190-4c64-bf84-ebbd3e705cf4:172.17.0.2:46159, 60104982-6318-49fc-a8c7-671d7edb1a00:172.17.0.2:37215], old=null at 1
2020-04-03 12:22:53,205 [grpc-default-executor-5] INFO  segmented.SegmentedRaftLogWorker (SegmentedRaftLogWorker.java:rollLogSegment(396)) - 60104982-6318-49fc-a8c7-671d7edb1a00@group-FA17F83450AF-SegmentedRaftLogWorker: Rolling segment log-0_0 to index:0
2020-04-03 12:22:53,205 [grpc-default-executor-5] INFO  impl.RaftServerImpl (ServerState.java:setRaftConf(356)) - 60104982-6318-49fc-a8c7-671d7edb1a00@group-FA17F83450AF: set configuration 0: [b4a43d29-118c-4b02-9b7b-443b0a36c06e:172.17.0.2:40513, 32bb5132-3190-4c64-bf84-ebbd3e705cf4:172.17.0.2:46159, 60104982-6318-49fc-a8c7-671d7edb1a00:172.17.0.2:37215], old=null at 0
2020-04-03 12:22:53,207 [60104982-6318-49fc-a8c7-671d7edb1a00@group-FA17F83450AF-SegmentedRaftLogWorker] INFO  segmented.SegmentedRaftLogWorker (SegmentedRaftLogWorker.java:execute(583)) - 60104982-6318-49fc-a8c7-671d7edb1a00@group-FA17F83450AF-SegmentedRaftLogWorker: created new log segment /github/workspace/hadoop-ozone/integration-test/target/test-dir/MiniOzoneClusterImpl-54c97517-776f-4ce9-b1d6-5922e4042064/datanode-0/data/ratis/24efe3c7-eeac-4a70-9691-fa17f83450af/current/log_inprogress_0
2020-04-03 12:22:53,209 [grpc-default-executor-5] INFO  impl.RaftServerImpl (ServerState.java:setRaftConf(356)) - 60104982-6318-49fc-a8c7-671d7edb1a00@group-FA17F83450AF: set configuration 1: [b4a43d29-118c-4b02-9b7b-443b0a36c06e:172.17.0.2:40513, 32bb5132-3190-4c64-bf84-ebbd3e705cf4:172.17.0.2:46159, 60104982-6318-49fc-a8c7-671d7edb1a00:172.17.0.2:37215], old=null at 1
2020-04-03 12:22:53,210 [60104982-6318-49fc-a8c7-671d7edb1a00@group-FA17F83450AF-SegmentedRaftLogWorker] INFO  segmented.SegmentedRaftLogWorker (SegmentedRaftLogWorker.java:execute(541)) - 60104982-6318-49fc-a8c7-671d7edb1a00@group-FA17F83450AF-SegmentedRaftLogWorker: Rolled log segment from /github/workspace/hadoop-ozone/integration-test/target/test-dir/MiniOzoneClusterImpl-54c97517-776f-4ce9-b1d6-5922e4042064/datanode-0/data/ratis/24efe3c7-eeac-4a70-9691-fa17f83450af/current/log_inprogress_0 to /github/workspace/hadoop-ozone/integration-test/target/test-dir/MiniOzoneClusterImpl-54c97517-776f-4ce9-b1d6-5922e4042064/datanode-0/data/ratis/24efe3c7-eeac-4a70-9691-fa17f83450af/current/log_0-0
2020-04-03 12:22:53,212 [60104982-6318-49fc-a8c7-671d7edb1a00@group-FA17F83450AF-SegmentedRaftLogWorker] INFO  segmented.SegmentedRaftLogWorker (SegmentedRaftLogWorker.java:execute(583)) - 60104982-6318-49fc-a8c7-671d7edb1a00@group-FA17F83450AF-SegmentedRaftLogWorker: created new log segment /github/workspace/hadoop-ozone/integration-test/target/test-dir/MiniOzoneClusterImpl-54c97517-776f-4ce9-b1d6-5922e4042064/datanode-0/data/ratis/24efe3c7-eeac-4a70-9691-fa17f83450af/current/log_inprogress_1
2020-04-03 12:22:56,529 [java.util.concurrent.ThreadPoolExecutor$Worker@1b6ca561[State = -1, empty queue]] WARN  server.GrpcLogAppender (GrpcLogAppender.java:timeoutAppendRequest(212)) - 5ea4e034-58ac-4e1a-97e7-fb59da8c8203@group-5FE9EAEC25CC->1ad7987d-30f8-499c-992f-34a29b261407-GrpcLogAppender:  appendEntries Timeout, request=AppendEntriesRequest:cid=1,entriesCount=1,lastEntry=(t:1, i:0)
2020-04-03 12:22:56,529 [java.util.concurrent.ThreadPoolExecutor$Worker@1b6ca561[State = -1, empty queue]] WARN  server.GrpcLogAppender (GrpcLogAppender.java:timeoutAppendRequest(212)) - 32bb5132-3190-4c64-bf84-ebbd3e705cf4@group-9B462AAFDDCD->b4a43d29-118c-4b02-9b7b-443b0a36c06e-GrpcLogAppender:  appendEntries Timeout, request=AppendEntriesRequest:cid=2,entriesCount=1,lastEntry=(t:1, i:1)
2020-04-03 12:22:56,530 [java.util.concurrent.ThreadPoolExecutor$Worker@1b6ca561[State = -1, empty queue]] WARN  server.GrpcLogAppender (GrpcLogAppender.java:timeoutAppendRequest(212)) - 32bb5132-3190-4c64-bf84-ebbd3e705cf4@group-9B462AAFDDCD->60104982-6318-49fc-a8c7-671d7edb1a00-GrpcLogAppender:  appendEntries Timeout, request=AppendEntriesRequest:cid=2,entriesCount=1,lastEntry=(t:1, i:1)
2020-04-03 12:22:56,530 [java.util.concurrent.ThreadPoolExecutor$Worker@1b6ca561[State = -1, empty queue]] WARN  server.GrpcLogAppender (GrpcLogAppender.java:timeoutAppendRequest(212)) - 32bb5132-3190-4c64-bf84-ebbd3e705cf4@group-9B462AAFDDCD->b4a43d29-118c-4b02-9b7b-443b0a36c06e-GrpcLogAppender:  appendEntries Timeout, request=AppendEntriesRequest:cid=3,entriesCount=1,lastEntry=(t:1, i:2)
2020-04-03 12:22:56,530 [java.util.concurrent.ThreadPoolExecutor$Worker@1b6ca561[State = -1, empty queue]] WARN  server.GrpcLogAppender (GrpcLogAppender.java:timeoutAppendRequest(212)) - 32bb5132-3190-4c64-bf84-ebbd3e705cf4@group-9B462AAFDDCD->60104982-6318-49fc-a8c7-671d7edb1a00-GrpcLogAppender:  appendEntries Timeout, request=AppendEntriesRequest:cid=3,entriesCount=1,lastEntry=(t:1, i:2)
2020-04-03 12:22:56,530 [java.util.concurrent.ThreadPoolExecutor$Worker@1b6ca561[State = -1, empty queue]] WARN  server.GrpcLogAppender (GrpcLogAppender.java:timeoutAppendRequest(212)) - 32bb5132-3190-4c64-bf84-ebbd3e705cf4@group-9B462AAFDDCD->b4a43d29-118c-4b02-9b7b-443b0a36c06e-GrpcLogAppender:  appendEntries Timeout, request=AppendEntriesRequest:cid=4,entriesCount=1,lastEntry=(t:1, i:3)
2020-04-03 12:22:56,530 [java.util.concurrent.ThreadPoolExecutor$Worker@1b6ca561[State = -1, empty queue]] WARN  server.GrpcLogAppender (GrpcLogAppender.java:timeoutAppendRequest(212)) - 32bb5132-3190-4c64-bf84-ebbd3e705cf4@group-9B462AAFDDCD->60104982-6318-49fc-a8c7-671d7edb1a00-GrpcLogAppender:  appendEntries Timeout, request=AppendEntriesRequest:cid=4,entriesCount=1,lastEntry=(t:1, i:3)
2020-04-03 12:22:56,530 [java.util.concurrent.ThreadPoolExecutor$Worker@1b6ca561[State = -1, empty queue]] WARN  server.GrpcLogAppender (GrpcLogAppender.java:timeoutAppendRequest(212)) - 32bb5132-3190-4c64-bf84-ebbd3e705cf4@group-9B462AAFDDCD->b4a43d29-118c-4b02-9b7b-443b0a36c06e-GrpcLogAppender:  appendEntries Timeout, request=AppendEntriesRequest:cid=5,entriesCount=1,lastEntry=(t:1, i:4)
2020-04-03 12:22:56,530 [java.util.concurrent.ThreadPoolExecutor$Worker@1b6ca561[State = -1, empty queue]] WARN  server.GrpcLogAppender (GrpcLogAppender.java:timeoutAppendRequest(212)) - 32bb5132-3190-4c64-bf84-ebbd3e705cf4@group-9B462AAFDDCD->60104982-6318-49fc-a8c7-671d7edb1a00-GrpcLogAppender:  appendEntries Timeout, request=AppendEntriesRequest:cid=5,entriesCount=1,lastEntry=(t:1, i:4)
2020-04-03 12:22:56,530 [java.util.concurrent.ThreadPoolExecutor$Worker@1b6ca561[State = -1, empty queue]] WARN  server.GrpcLogAppender (GrpcLogAppender.java:timeoutAppendRequest(212)) - 32bb5132-3190-4c64-bf84-ebbd3e705cf4@group-9B462AAFDDCD->b4a43d29-118c-4b02-9b7b-443b0a36c06e-GrpcLogAppender:  appendEntries Timeout, request=AppendEntriesRequest:cid=6,entriesCount=1,lastEntry=(t:1, i:5)
2020-04-03 12:22:56,530 [java.util.concurrent.ThreadPoolExecutor$Worker@1b6ca561[State = -1, empty queue]] WARN  server.GrpcLogAppender (GrpcLogAppender.java:timeoutAppendRequest(212)) - 32bb5132-3190-4c64-bf84-ebbd3e705cf4@group-9B462AAFDDCD->60104982-6318-49fc-a8c7-671d7edb1a00-GrpcLogAppender:  appendEntries Timeout, request=AppendEntriesRequest:cid=6,entriesCount=1,lastEntry=(t:1, i:5)
2020-04-03 12:22:56,530 [java.util.concurrent.ThreadPoolExecutor$Worker@1b6ca561[State = -1, empty queue]] WARN  server.GrpcLogAppender (GrpcLogAppender.java:timeoutAppendRequest(212)) - 32bb5132-3190-4c64-bf84-ebbd3e705cf4@group-9B462AAFDDCD->b4a43d29-118c-4b02-9b7b-443b0a36c06e-GrpcLogAppender:  appendEntries Timeout, request=AppendEntriesRequest:cid=7,entriesCount=1,lastEntry=(t:1, i:6)
2020-04-03 12:22:56,530 [java.util.concurrent.ThreadPoolExecutor$Worker@1b6ca561[State = -1, empty queue]] WARN  server.GrpcLogAppender (GrpcLogAppender.java:timeoutAppendRequest(212)) - 32bb5132-3190-4c64-bf84-ebbd3e705cf4@group-9B462AAFDDCD->60104982-6318-49fc-a8c7-671d7edb1a00-GrpcLogAppender:  appendEntries Timeout, request=AppendEntriesRequest:cid=7,entriesCount=1,lastEntry=(t:1, i:6)
2020-04-03 12:23:54,677 [main] WARN  io.KeyOutputStream (KeyOutputStream.java:handleException(297)) - Encountered exception java.io.IOException: Unexpected Storage Container Exception: java.util.concurrent.CompletionException: java.util.concurrent.CompletionException: org.apache.ratis.protocol.RaftRetryFailureException: Failed RaftClientRequest:client-7621D5F3E9C8->32bb5132-3190-4c64-bf84-ebbd3e705cf4@group-9B462AAFDDCD, cid=176, seq=2*, RW, cmdType: WriteChunk
traceID: "a03192f8d4f9347c:a03192f8d4f9347c:0:0"
containerID: 1
datanodeUuid: "32bb5132-3190-4c64-bf84-ebbd3e705cf4"
writeChunk {
  blockID {
    containerID: 1
    localID: 103934628230529037
    blockCommitSequenceId: 0
  }
  chunkData {
    chunkName: "103934628230529037_chunk_1"
    offset: 0
    len: 100
    checksumData {
      type: NONE
      bytesPerChecksum: 1048576
    }
  }
}
, data.size=100 for 15 attempts with RetryLimited(maxAttempts=15, sleepTime=1000ms) on the pipeline Pipeline[ Id: 596afeba-ad50-4139-8e2d-9b462aafddcd, Nodes: 32bb5132-3190-4c64-bf84-ebbd3e705cf4{ip: 172.17.0.2, host: bc31a1f7cf94, networkLocation: /default-rack, certSerialId: null}b4a43d29-118c-4b02-9b7b-443b0a36c06e{ip: 172.17.0.2, host: bc31a1f7cf94, networkLocation: /default-rack, certSerialId: null}60104982-6318-49fc-a8c7-671d7edb1a00{ip: 172.17.0.2, host: bc31a1f7cf94, networkLocation: /default-rack, certSerialId: null}, Type:RATIS, Factor:THREE, State:OPEN, leaderId:32bb5132-3190-4c64-bf84-ebbd3e705cf4, CreationTimestamp2020-04-03T12:22:40.108Z]. The last committed block length is 0, uncommitted data length is 400 retry count 0
2020-04-03 12:23:54,678 [main] INFO  io.BlockOutputStreamEntryPool (BlockOutputStreamEntryPool.java:allocateNewBlock(278)) - Allocating block with ExcludeList {datanodes = [], containerIds = [], pipelineIds = [PipelineID=596afeba-ad50-4139-8e2d-9b462aafddcd]}
2020-04-03 12:23:59,829 [main] INFO  ozone.MiniOzoneClusterImpl (MiniOzoneClusterImpl.java:shutdown(387)) - Shutting down the Mini Ozone Cluster
2020-04-03 12:23:59,829 [main] INFO  ozone.MiniOzoneClusterImpl (MiniOzoneClusterImpl.java:stop(402)) - Stopping the Mini Ozone Cluster
2020-04-03 12:23:59,829 [main] INFO  ozone.MiniOzoneClusterImpl (MiniOzoneClusterImpl.java:stopOM(484)) - Stopping the OzoneManager
2020-04-03 12:23:59,830 [main] INFO  ipc.Server (Server.java:stop(3082)) - Stopping server on 46593
2020-04-03 12:23:59,835 [main] INFO  ratis.OzoneManagerDoubleBuffer (OzoneManagerDoubleBuffer.java:stop(272)) - Stopping OMDoubleBuffer flush thread
2020-04-03 12:23:59,835 [IPC Server listener on 46593] INFO  ipc.Server (Server.java:run(1185)) - Stopping IPC Server listener on 46593
2020-04-03 12:23:59,835 [IPC Server Responder] INFO  ipc.Server (Server.java:run(1319)) - Stopping IPC Server Responder
2020-04-03 12:23:59,835 [OMDoubleBufferFlushThread] INFO  ratis.OzoneManagerDoubleBuffer (OzoneManagerDoubleBuffer.java:flushTransactions(206)) - OMDoubleBuffer flush thread OMDoubleBufferFlushThread is interrupted and will exit. OMDoubleBufferFlushThread
2020-04-03 12:23:59,835 [main] INFO  utils.BackgroundService (BackgroundService.java:shutdown(157)) - Shutting down service KeyDeletingService
2020-04-03 12:23:59,837 [main] INFO  handler.ContextHandler (ContextHandler.java:doStop(1016)) - Stopped o.e.j.w.WebAppContext@7dba5fdb{ozoneManager,/,null,UNAVAILABLE}{file:/github/workspace/hadoop-ozone/integration-test/target/test-classes/webapps/ozoneManager}
2020-04-03 12:23:59,841 [main] INFO  server.AbstractConnector (AbstractConnector.java:doStop(380)) - Stopped ServerConnector@262aec01{HTTP/1.1,[http/1.1]}{0.0.0.0:0}
2020-04-03 12:23:59,842 [main] INFO  server.session (HouseKeeper.java:stopScavenging(158)) - node0 Stopped scavenging
2020-04-03 12:23:59,842 [main] INFO  handler.ContextHandler (ContextHandler.java:doStop(1016)) - Stopped o.e.j.s.ServletContextHandler@41021f51{static,/static,file:///github/workspace/hadoop-ozone/integration-test/target/test-classes/webapps/static,UNAVAILABLE}
2020-04-03 12:23:59,842 [main] INFO  handler.ContextHandler (ContextHandler.java:doStop(1016)) - Stopped o.e.j.s.ServletContextHandler@9740423{logs,/logs,file:///github/workspace/hadoop-ozone/integration-test/target/log,UNAVAILABLE}
2020-04-03 12:23:59,847 [main] INFO  ozone.MiniOzoneClusterImpl (MiniOzoneClusterImpl.java:stopDatanodes(461)) - Stopping the HddsDatanodes
2020-04-03 12:24:00,597 [Datanode State Machine Thread - 0] INFO  statemachine.DatanodeStateMachine (DatanodeStateMachine.java:lambda$startDaemon$0(387)) - Ozone container server started.
2020-04-03 12:24:00,755 [Datanode State Machine Thread - 0] INFO  statemachine.DatanodeStateMachine (DatanodeStateMachine.java:lambda$startDaemon$0(387)) - Ozone container server started.
2020-04-03 12:24:04,847 [ForkJoinPool.commonPool-worker-1] INFO  ozoneimpl.OzoneContainer (OzoneContainer.java:stop(245)) - Attempting to stop container services.
2020-04-03 12:24:04,847 [main] INFO  ozoneimpl.OzoneContainer (OzoneContainer.java:stop(245)) - Attempting to stop container services.
2020-04-03 12:24:04,848 [ForkJoinPool.commonPool-worker-1] INFO  impl.RaftServerProxy (RaftServerProxy.java:lambda$close$4(314)) - 32bb5132-3190-4c64-bf84-ebbd3e705cf4: close
2020-04-03 12:24:04,848 [ForkJoinPool.commonPool-worker-1] INFO  impl.RaftServerImpl (RaftServerImpl.java:lambda$shutdown$3(249)) - 32bb5132-3190-4c64-bf84-ebbd3e705cf4@group-9B462AAFDDCD: shutdown
2020-04-03 12:24:04,848 [ForkJoinPool.commonPool-worker-1] INFO  util.JmxRegister (JmxRegister.java:unregister(73)) - Successfully un-registered JMX Bean with object name Ratis:service=RaftServer,group=group-9B462AAFDDCD,id=32bb5132-3190-4c64-bf84-ebbd3e705cf4
2020-04-03 12:24:04,848 [ForkJoinPool.commonPool-worker-1] INFO  impl.RoleInfo (RoleInfo.java:shutdownLeaderState(104)) - 32bb5132-3190-4c64-bf84-ebbd3e705cf4: shutdown LeaderState
2020-04-03 12:24:04,848 [main] INFO  impl.RaftServerProxy (RaftServerProxy.java:lambda$close$4(314)) - 1ad7987d-30f8-499c-992f-34a29b261407: close
2020-04-03 12:24:04,850 [main] INFO  impl.RaftServerImpl (RaftServerImpl.java:lambda$shutdown$3(249)) - 1ad7987d-30f8-499c-992f-34a29b261407@group-5FE9EAEC25CC: shutdown
2020-04-03 12:24:04,850 [main] INFO  util.JmxRegister (JmxRegister.java:unregister(73)) - Successfully un-registered JMX Bean with object name Ratis:service=RaftServer,group=group-5FE9EAEC25CC,id=1ad7987d-30f8-499c-992f-34a29b261407
2020-04-03 12:24:04,850 [main] INFO  impl.RoleInfo (RoleInfo.java:shutdownFollowerState(121)) - 1ad7987d-30f8-499c-992f-34a29b261407: shutdown FollowerState
2020-04-03 12:24:04,850 [main] INFO  impl.StateMachineUpdater (StateMachineUpdater.java:stopAndJoin(139)) - 1ad7987d-30f8-499c-992f-34a29b261407@group-5FE9EAEC25CC-StateMachineUpdater: set stopIndex = 0
2020-04-03 12:24:04,850 [Thread-2402] INFO  impl.FollowerState (FollowerState.java:run(117)) - 1ad7987d-30f8-499c-992f-34a29b261407@group-5FE9EAEC25CC-FollowerState was interrupted: java.lang.InterruptedException: sleep interrupted
2020-04-03 12:24:04,850 [org.apache.ratis.server.impl.LogAppender$AppenderDaemon$$Lambda$421/844371036@fa2ca04] WARN  server.GrpcLogAppender (GrpcLogAppender.java:mayWait(153)) - 32bb5132-3190-4c64-bf84-ebbd3e705cf4@group-9B462AAFDDCD->b4a43d29-118c-4b02-9b7b-443b0a36c06e-GrpcLogAppender: Wait interrupted by java.lang.InterruptedException
2020-04-03 12:24:04,851 [1ad7987d-30f8-499c-992f-34a29b261407@group-5FE9EAEC25CC-StateMachineUpdater] INFO  ratis.ContainerStateMachine (ContainerStateMachine.java:takeSnapshot(295)) - group-5FE9EAEC25CC: Taking a snapshot at:(t:1, i:0) file /github/workspace/hadoop-ozone/integration-test/target/test-dir/MiniOzoneClusterImpl-54c97517-776f-4ce9-b1d6-5922e4042064/datanode-4/data/ratis/30ed9ebf-2c1f-4188-8c48-5fe9eaec25cc/sm/snapshot.1_0
2020-04-03 12:24:04,852 [ForkJoinPool.commonPool-worker-1] INFO  impl.PendingRequests (PendingRequests.java:sendNotLeaderResponses(240)) - 32bb5132-3190-4c64-bf84-ebbd3e705cf4@group-9B462AAFDDCD-PendingRequests: sendNotLeaderResponses
2020-04-03 12:24:04,852 [1ad7987d-30f8-499c-992f-34a29b261407@group-5FE9EAEC25CC-StateMachineUpdater] INFO  ratis.ContainerStateMachine (ContainerStateMachine.java:takeSnapshot(306)) - group-5FE9EAEC25CC: Finished taking a snapshot at:(t:1, i:0) file:/github/workspace/hadoop-ozone/integration-test/target/test-dir/MiniOzoneClusterImpl-54c97517-776f-4ce9-b1d6-5922e4042064/datanode-4/data/ratis/30ed9ebf-2c1f-4188-8c48-5fe9eaec25cc/sm/snapshot.1_0 time:1
2020-04-03 12:24:04,852 [grpc-default-executor-10] INFO  server.GrpcServerProtocolService (GrpcServerProtocolService.java:onCompleted(137)) - b4a43d29-118c-4b02-9b7b-443b0a36c06e: Completed APPEND_ENTRIES, lastRequest: 32bb5132-3190-4c64-bf84-ebbd3e705cf4->b4a43d29-118c-4b02-9b7b-443b0a36c06e#7-t1, previous=(t:1, i:5), leaderCommit=0, initializing? false, entries: size=1, first=(t:1, i:6), STATEMACHINELOGENTRY, client-7621D5F3E9C8, cid=181
2020-04-03 12:24:04,852 [org.apache.ratis.server.impl.LogAppender$AppenderDaemon$$Lambda$421/844371036@46c7ba87] WARN  server.GrpcLogAppender (GrpcLogAppender.java:mayWait(153)) - 32bb5132-3190-4c64-bf84-ebbd3e705cf4@group-9B462AAFDDCD->60104982-6318-49fc-a8c7-671d7edb1a00-GrpcLogAppender: Wait interrupted by java.lang.InterruptedException
2020-04-03 12:24:04,853 [1ad7987d-30f8-499c-992f-34a29b261407@group-5FE9EAEC25CC-StateMachineUpdater] INFO  impl.StateMachineUpdater (StateMachineUpdater.java:takeSnapshot(274)) - 1ad7987d-30f8-499c-992f-34a29b261407@group-5FE9EAEC25CC-StateMachineUpdater: Took a snapshot at index 0
2020-04-03 12:24:04,853 [1ad7987d-30f8-499c-992f-34a29b261407@group-5FE9EAEC25CC-StateMachineUpdater] INFO  impl.StateMachineUpdater (StateMachineUpdater.java:lambda$new$0(86)) - 1ad7987d-30f8-499c-992f-34a29b261407@group-5FE9EAEC25CC-StateMachineUpdater: snapshotIndex: updateIncreasingly -1 -> 0
2020-04-03 12:24:04,853 [1ad7987d-30f8-499c-992f-34a29b261407@group-5FE9EAEC25CC-StateMachineUpdater] INFO  metrics.RatisMetrics (RatisMetrics.java:unregister(46)) - Unregistering Metrics Registry : ratis.state_machine.1ad7987d-30f8-499c-992f-34a29b261407@group-5FE9EAEC25CC
2020-04-03 12:24:04,853 [main] INFO  impl.RaftServerImpl (ServerState.java:close(387)) - 1ad7987d-30f8-499c-992f-34a29b261407@group-5FE9EAEC25CC: closes. applyIndex: 0
2020-04-03 12:24:04,853 [grpc-default-executor-5] INFO  server.GrpcLogAppender (GrpcLogAppender.java:onCompleted(308)) - 32bb5132-3190-4c64-bf84-ebbd3e705cf4@group-9B462AAFDDCD->b4a43d29-118c-4b02-9b7b-443b0a36c06e-AppendLogResponseHandler: follower responses appendEntries COMPLETED
2020-04-03 12:24:04,853 [grpc-default-executor-1] INFO  server.GrpcServerProtocolService (GrpcServerProtocolService.java:onCompleted(137)) - 60104982-6318-49fc-a8c7-671d7edb1a00: Completed APPEND_ENTRIES, lastRequest: 32bb5132-3190-4c64-bf84-ebbd3e705cf4->60104982-6318-49fc-a8c7-671d7edb1a00#7-t1, previous=(t:1, i:5), leaderCommit=0, initializing? false, entries: size=1, first=(t:1, i:6), STATEMACHINELOGENTRY, client-7621D5F3E9C8, cid=181
2020-04-03 12:24:04,855 [grpc-default-executor-1] INFO  server.GrpcLogAppender (GrpcLogAppender.java:onCompleted(308)) - 32bb5132-3190-4c64-bf84-ebbd3e705cf4@group-9B462AAFDDCD->60104982-6318-49fc-a8c7-671d7edb1a00-AppendLogResponseHandler: follower responses appendEntries COMPLETED
2020-04-03 12:24:04,855 [grpc-default-executor-5] INFO  impl.FollowerInfo (FollowerInfo.java:lambda$new$0(50)) - 32bb5132-3190-4c64-bf84-ebbd3e705cf4@group-9B462AAFDDCD->b4a43d29-118c-4b02-9b7b-443b0a36c06e: nextIndex: updateUnconditionally 7 -> 1
2020-04-03 12:24:04,855 [grpc-default-executor-1] INFO  impl.FollowerInfo (FollowerInfo.java:lambda$new$0(50)) - 32bb5132-3190-4c64-bf84-ebbd3e705cf4@group-9B462AAFDDCD->60104982-6318-49fc-a8c7-671d7edb1a00: nextIndex: updateUnconditionally 7 -> 1
2020-04-03 12:24:04,856 [1ad7987d-30f8-499c-992f-34a29b261407@group-5FE9EAEC25CC-SegmentedRaftLogWorker] INFO  segmented.SegmentedRaftLogWorker (SegmentedRaftLogWorker.java:run(321)) - 1ad7987d-30f8-499c-992f-34a29b261407@group-5FE9EAEC25CC-SegmentedRaftLogWorker was interrupted, exiting. There are 0 tasks remaining in the queue.
2020-04-03 12:24:04,859 [ForkJoinPool.commonPool-worker-1] INFO  metrics.RatisMetrics (RatisMetrics.java:unregister(46)) - Unregistering Metrics Registry : ratis.log_appender.32bb5132-3190-4c64-bf84-ebbd3e705cf4@group-9B462AAFDDCD
2020-04-03 12:24:04,859 [ForkJoinPool.commonPool-worker-1] INFO  impl.StateMachineUpdater (StateMachineUpdater.java:stopAndJoin(139)) - 32bb5132-3190-4c64-bf84-ebbd3e705cf4@group-9B462AAFDDCD-StateMachineUpdater: set stopIndex = 0
2020-04-03 12:24:04,859 [32bb5132-3190-4c64-bf84-ebbd3e705cf4@group-9B462AAFDDCD-StateMachineUpdater] INFO  ratis.ContainerStateMachine (ContainerStateMachine.java:takeSnapshot(295)) - group-9B462AAFDDCD: Taking a snapshot at:(t:1, i:0) file /github/workspace/hadoop-ozone/integration-test/target/test-dir/MiniOzoneClusterImpl-54c97517-776f-4ce9-b1d6-5922e4042064/datanode-1/data/ratis/596afeba-ad50-4139-8e2d-9b462aafddcd/sm/snapshot.1_0
2020-04-03 12:24:04,859 [main] INFO  segmented.SegmentedRaftLogWorker (SegmentedRaftLogWorker.java:close(229)) - 1ad7987d-30f8-499c-992f-34a29b261407@group-5FE9EAEC25CC-SegmentedRaftLogWorker close()
2020-04-03 12:24:04,869 [32bb5132-3190-4c64-bf84-ebbd3e705cf4@group-9B462AAFDDCD-StateMachineUpdater] INFO  ratis.ContainerStateMachine (ContainerStateMachine.java:takeSnapshot(306)) - group-9B462AAFDDCD: Finished taking a snapshot at:(t:1, i:0) file:/github/workspace/hadoop-ozone/integration-test/target/test-dir/MiniOzoneClusterImpl-54c97517-776f-4ce9-b1d6-5922e4042064/datanode-1/data/ratis/596afeba-ad50-4139-8e2d-9b462aafddcd/sm/snapshot.1_0 time:9
2020-04-03 12:24:04,869 [32bb5132-3190-4c64-bf84-ebbd3e705cf4@group-9B462AAFDDCD-StateMachineUpdater] INFO  impl.StateMachineUpdater (StateMachineUpdater.java:takeSnapshot(274)) - 32bb5132-3190-4c64-bf84-ebbd3e705cf4@group-9B462AAFDDCD-StateMachineUpdater: Took a snapshot at index 0
2020-04-03 12:24:04,869 [32bb5132-3190-4c64-bf84-ebbd3e705cf4@group-9B462AAFDDCD-StateMachineUpdater] INFO  impl.StateMachineUpdater (StateMachineUpdater.java:lambda$new$0(86)) - 32bb5132-3190-4c64-bf84-ebbd3e705cf4@group-9B462AAFDDCD-StateMachineUpdater: snapshotIndex: updateIncreasingly -1 -> 0
2020-04-03 12:24:04,869 [32bb5132-3190-4c64-bf84-ebbd3e705cf4@group-9B462AAFDDCD-StateMachineUpdater] INFO  metrics.RatisMetrics (RatisMetrics.java:unregister(46)) - Unregistering Metrics Registry : ratis.state_machine.32bb5132-3190-4c64-bf84-ebbd3e705cf4@group-9B462AAFDDCD
2020-04-03 12:24:04,869 [ForkJoinPool.commonPool-worker-1] INFO  impl.RaftServerImpl (ServerState.java:close(387)) - 32bb5132-3190-4c64-bf84-ebbd3e705cf4@group-9B462AAFDDCD: closes. applyIndex: 0
2020-04-03 12:24:04,869 [32bb5132-3190-4c64-bf84-ebbd3e705cf4@group-9B462AAFDDCD-SegmentedRaftLogWorker] INFO  segmented.SegmentedRaftLogWorker (SegmentedRaftLogWorker.java:run(321)) - 32bb5132-3190-4c64-bf84-ebbd3e705cf4@group-9B462AAFDDCD-SegmentedRaftLogWorker was interrupted, exiting. There are 0 tasks remaining in the queue.
2020-04-03 12:24:04,872 [ForkJoinPool.commonPool-worker-1] INFO  segmented.SegmentedRaftLogWorker (SegmentedRaftLogWorker.java:close(229)) - 32bb5132-3190-4c64-bf84-ebbd3e705cf4@group-9B462AAFDDCD-SegmentedRaftLogWorker close()
2020-04-03 12:24:04,876 [main] INFO  metrics.RatisMetrics (RatisMetrics.java:unregister(46)) - Unregistering Metrics Registry : ratis.log_worker.1ad7987d-30f8-499c-992f-34a29b261407
2020-04-03 12:24:04,876 [main] INFO  metrics.RatisMetrics (RatisMetrics.java:unregister(46)) - Unregistering Metrics Registry : ratis.leader_election.1ad7987d-30f8-499c-992f-34a29b261407@group-5FE9EAEC25CC
2020-04-03 12:24:04,876 [main] INFO  metrics.RatisMetrics (RatisMetrics.java:unregister(46)) - Unregistering Metrics Registry : ratis.server.1ad7987d-30f8-499c-992f-34a29b261407@group-5FE9EAEC25CC
2020-04-03 12:24:04,877 [main] INFO  impl.RaftServerImpl (RaftServerImpl.java:lambda$shutdown$3(249)) - 1ad7987d-30f8-499c-992f-34a29b261407@group-FFE3DA64EEB3: shutdown
2020-04-03 12:24:04,877 [main] INFO  util.JmxRegister (JmxRegister.java:unregister(73)) - Successfully un-registered JMX Bean with object name Ratis:service=RaftServer,group=group-FFE3DA64EEB3,id=1ad7987d-30f8-499c-992f-34a29b261407
2020-04-03 12:24:04,877 [main] INFO  impl.RoleInfo (RoleInfo.java:shutdownLeaderState(104)) - 1ad7987d-30f8-499c-992f-34a29b261407: shutdown LeaderState
2020-04-03 12:24:04,877 [ForkJoinPool.commonPool-worker-1] INFO  metrics.RatisMetrics (RatisMetrics.java:unregister(46)) - Unregistering Metrics Registry : ratis.log_worker.32bb5132-3190-4c64-bf84-ebbd3e705cf4
2020-04-03 12:24:04,877 [ForkJoinPool.commonPool-worker-1] INFO  metrics.RatisMetrics (RatisMetrics.java:unregister(46)) - Unregistering Metrics Registry : ratis.leader_election.32bb5132-3190-4c64-bf84-ebbd3e705cf4@group-9B462AAFDDCD
2020-04-03 12:24:04,877 [ForkJoinPool.commonPool-worker-1] INFO  metrics.RatisMetrics (RatisMetrics.java:unregister(46)) - Unregistering Metrics Registry : ratis.server.32bb5132-3190-4c64-bf84-ebbd3e705cf4@group-9B462AAFDDCD
2020-04-03 12:24:04,877 [main] INFO  impl.PendingRequests (PendingRequests.java:sendNotLeaderResponses(240)) - 1ad7987d-30f8-499c-992f-34a29b261407@group-FFE3DA64EEB3-PendingRequests: sendNotLeaderResponses
2020-04-03 12:24:04,878 [main] INFO  metrics.RatisMetrics (RatisMetrics.java:unregister(46)) - Unregistering Metrics Registry : ratis.log_appender.1ad7987d-30f8-499c-992f-34a29b261407@group-FFE3DA64EEB3
2020-04-03 12:24:04,878 [main] INFO  impl.StateMachineUpdater (StateMachineUpdater.java:stopAndJoin(139)) - 1ad7987d-30f8-499c-992f-34a29b261407@group-FFE3DA64EEB3-StateMachineUpdater: set stopIndex = 0
2020-04-03 12:24:04,877 [ForkJoinPool.commonPool-worker-1] INFO  impl.RaftServerImpl (RaftServerImpl.java:lambda$shutdown$3(249)) - 32bb5132-3190-4c64-bf84-ebbd3e705cf4@group-FA17F83450AF: shutdown
2020-04-03 12:24:04,879 [ForkJoinPool.commonPool-worker-1] INFO  util.JmxRegister (JmxRegister.java:unregister(73)) - Successfully un-registered JMX Bean with object name Ratis:service=RaftServer,group=group-FA17F83450AF,id=32bb5132-3190-4c64-bf84-ebbd3e705cf4
2020-04-03 12:24:04,879 [ForkJoinPool.commonPool-worker-1] INFO  impl.RoleInfo (RoleInfo.java:shutdownFollowerState(121)) - 32bb5132-3190-4c64-bf84-ebbd3e705cf4: shutdown FollowerState
2020-04-03 12:24:04,879 [1ad7987d-30f8-499c-992f-34a29b261407@group-FFE3DA64EEB3-StateMachineUpdater] INFO  ratis.ContainerStateMachine (ContainerStateMachine.java:takeSnapshot(295)) - group-FFE3DA64EEB3: Taking a snapshot at:(t:1, i:0) file /github/workspace/hadoop-ozone/integration-test/target/test-dir/MiniOzoneClusterImpl-54c97517-776f-4ce9-b1d6-5922e4042064/datanode-4/data/ratis/20312da7-76b4-450e-b4af-ffe3da64eeb3/sm/snapshot.1_0
2020-04-03 12:24:04,879 [ForkJoinPool.commonPool-worker-1] INFO  impl.StateMachineUpdater (StateMachineUpdater.java:stopAndJoin(139)) - 32bb5132-3190-4c64-bf84-ebbd3e705cf4@group-FA17F83450AF-StateMachineUpdater: set stopIndex = 2
2020-04-03 12:24:04,879 [Thread-2451] INFO  impl.FollowerState (FollowerState.java:run(117)) - 32bb5132-3190-4c64-bf84-ebbd3e705cf4@group-FA17F83450AF-FollowerState was interrupted: java.lang.InterruptedException: sleep interrupted
2020-04-03 12:24:04,880 [32bb5132-3190-4c64-bf84-ebbd3e705cf4@group-FA17F83450AF-StateMachineUpdater] INFO  ratis.ContainerStateMachine (ContainerStateMachine.java:takeSnapshot(295)) - group-FA17F83450AF: Taking a snapshot at:(t:3, i:2) file /github/workspace/hadoop-ozone/integration-test/target/test-dir/MiniOzoneClusterImpl-54c97517-776f-4ce9-b1d6-5922e4042064/datanode-1/data/ratis/24efe3c7-eeac-4a70-9691-fa17f83450af/sm/snapshot.3_2
2020-04-03 12:24:04,880 [1ad7987d-30f8-499c-992f-34a29b261407@group-FFE3DA64EEB3-StateMachineUpdater] INFO  ratis.ContainerStateMachine (ContainerStateMachine.java:takeSnapshot(306)) - group-FFE3DA64EEB3: Finished taking a snapshot at:(t:1, i:0) file:/github/workspace/hadoop-ozone/integration-test/target/test-dir/MiniOzoneClusterImpl-54c97517-776f-4ce9-b1d6-5922e4042064/datanode-4/data/ratis/20312da7-76b4-450e-b4af-ffe3da64eeb3/sm/snapshot.1_0 time:2
2020-04-03 12:24:04,880 [1ad7987d-30f8-499c-992f-34a29b261407@group-FFE3DA64EEB3-StateMachineUpdater] INFO  impl.StateMachineUpdater (StateMachineUpdater.java:takeSnapshot(274)) - 1ad7987d-30f8-499c-992f-34a29b261407@group-FFE3DA64EEB3-StateMachineUpdater: Took a snapshot at index 0
2020-04-03 12:24:04,880 [1ad7987d-30f8-499c-992f-34a29b261407@group-FFE3DA64EEB3-StateMachineUpdater] INFO  impl.StateMachineUpdater (StateMachineUpdater.java:lambda$new$0(86)) - 1ad7987d-30f8-499c-992f-34a29b261407@group-FFE3DA64EEB3-StateMachineUpdater: snapshotIndex: updateIncreasingly -1 -> 0
2020-04-03 12:24:04,881 [1ad7987d-30f8-499c-992f-34a29b261407@group-FFE3DA64EEB3-StateMachineUpdater] INFO  metrics.RatisMetrics (RatisMetrics.java:unregister(46)) - Unregistering Metrics Registry : ratis.state_machine.1ad7987d-30f8-499c-992f-34a29b261407@group-FFE3DA64EEB3
2020-04-03 12:24:04,881 [main] INFO  impl.RaftServerImpl (ServerState.java:close(387)) - 1ad7987d-30f8-499c-992f-34a29b261407@group-FFE3DA64EEB3: closes. applyIndex: 0
2020-04-03 12:24:04,881 [1ad7987d-30f8-499c-992f-34a29b261407@group-FFE3DA64EEB3-SegmentedRaftLogWorker] INFO  segmented.SegmentedRaftLogWorker (SegmentedRaftLogWorker.java:run(321)) - 1ad7987d-30f8-499c-992f-34a29b261407@group-FFE3DA64EEB3-SegmentedRaftLogWorker was interrupted, exiting. There are 0 tasks remaining in the queue.
2020-04-03 12:24:04,881 [32bb5132-3190-4c64-bf84-ebbd3e705cf4@group-FA17F83450AF-StateMachineUpdater] INFO  ratis.ContainerStateMachine (ContainerStateMachine.java:takeSnapshot(306)) - group-FA17F83450AF: Finished taking a snapshot at:(t:3, i:2) file:/github/workspace/hadoop-ozone/integration-test/target/test-dir/MiniOzoneClusterImpl-54c97517-776f-4ce9-b1d6-5922e4042064/datanode-1/data/ratis/24efe3c7-eeac-4a70-9691-fa17f83450af/sm/snapshot.3_2 time:2
2020-04-03 12:24:04,882 [32bb5132-3190-4c64-bf84-ebbd3e705cf4@group-FA17F83450AF-StateMachineUpdater] INFO  impl.StateMachineUpdater (StateMachineUpdater.java:takeSnapshot(274)) - 32bb5132-3190-4c64-bf84-ebbd3e705cf4@group-FA17F83450AF-StateMachineUpdater: Took a snapshot at index 2
2020-04-03 12:24:04,882 [32bb5132-3190-4c64-bf84-ebbd3e705cf4@group-FA17F83450AF-StateMachineUpdater] INFO  impl.StateMachineUpdater (StateMachineUpdater.java:lambda$new$0(86)) - 32bb5132-3190-4c64-bf84-ebbd3e705cf4@group-FA17F83450AF-StateMachineUpdater: snapshotIndex: updateIncreasingly -1 -> 2
2020-04-03 12:24:04,882 [32bb5132-3190-4c64-bf84-ebbd3e705cf4@group-FA17F83450AF-StateMachineUpdater] INFO  metrics.RatisMetrics (RatisMetrics.java:unregister(46)) - Unregistering Metrics Registry : ratis.state_machine.32bb5132-3190-4c64-bf84-ebbd3e705cf4@group-FA17F83450AF
2020-04-03 12:24:04,882 [ForkJoinPool.commonPool-worker-1] INFO  impl.RaftServerImpl (ServerState.java:close(387)) - 32bb5132-3190-4c64-bf84-ebbd3e705cf4@group-FA17F83450AF: closes. applyIndex: 2
2020-04-03 12:24:04,882 [32bb5132-3190-4c64-bf84-ebbd3e705cf4@group-FA17F83450AF-SegmentedRaftLogWorker] INFO  segmented.SegmentedRaftLogWorker (SegmentedRaftLogWorker.java:run(321)) - 32bb5132-3190-4c64-bf84-ebbd3e705cf4@group-FA17F83450AF-SegmentedRaftLogWorker was interrupted, exiting. There are 0 tasks remaining in the queue.
2020-04-03 12:24:04,883 [ForkJoinPool.commonPool-worker-1] INFO  segmented.SegmentedRaftLogWorker (SegmentedRaftLogWorker.java:close(229)) - 32bb5132-3190-4c64-bf84-ebbd3e705cf4@group-FA17F83450AF-SegmentedRaftLogWorker close()
2020-04-03 12:24:04,883 [main] INFO  segmented.SegmentedRaftLogWorker (SegmentedRaftLogWorker.java:close(229)) - 1ad7987d-30f8-499c-992f-34a29b261407@group-FFE3DA64EEB3-SegmentedRaftLogWorker close()
2020-04-03 12:24:04,884 [ForkJoinPool.commonPool-worker-1] INFO  metrics.RatisMetrics (RatisMetrics.java:unregister(46)) - Unregistering Metrics Registry : ratis.log_worker.32bb5132-3190-4c64-bf84-ebbd3e705cf4
2020-04-03 12:24:04,884 [ForkJoinPool.commonPool-worker-1] INFO  metrics.RatisMetrics (RatisMetrics.java:unregister(46)) - Unregistering Metrics Registry : ratis.leader_election.32bb5132-3190-4c64-bf84-ebbd3e705cf4@group-FA17F83450AF
2020-04-03 12:24:04,884 [ForkJoinPool.commonPool-worker-1] INFO  metrics.RatisMetrics (RatisMetrics.java:unregister(46)) - Unregistering Metrics Registry : ratis.server.32bb5132-3190-4c64-bf84-ebbd3e705cf4@group-FA17F83450AF
2020-04-03 12:24:04,884 [ForkJoinPool.commonPool-worker-1] INFO  impl.RaftServerImpl (RaftServerImpl.java:lambda$shutdown$3(249)) - 32bb5132-3190-4c64-bf84-ebbd3e705cf4@group-8509371C81B5: shutdown
2020-04-03 12:24:04,885 [ForkJoinPool.commonPool-worker-1] INFO  util.JmxRegister (JmxRegister.java:unregister(73)) - Successfully un-registered JMX Bean with object name Ratis:service=RaftServer,group=group-8509371C81B5,id=32bb5132-3190-4c64-bf84-ebbd3e705cf4
2020-04-03 12:24:04,885 [ForkJoinPool.commonPool-worker-1] INFO  impl.RoleInfo (RoleInfo.java:shutdownLeaderState(104)) - 32bb5132-3190-4c64-bf84-ebbd3e705cf4: shutdown LeaderState
2020-04-03 12:24:04,885 [ForkJoinPool.commonPool-worker-1] INFO  impl.PendingRequests (PendingRequests.java:sendNotLeaderResponses(240)) - 32bb5132-3190-4c64-bf84-ebbd3e705cf4@group-8509371C81B5-PendingRequests: sendNotLeaderResponses
2020-04-03 12:24:04,885 [ForkJoinPool.commonPool-worker-1] INFO  metrics.RatisMetrics (RatisMetrics.java:unregister(46)) - Unregistering Metrics Registry : ratis.log_appender.32bb5132-3190-4c64-bf84-ebbd3e705cf4@group-8509371C81B5
2020-04-03 12:24:04,885 [main] INFO  metrics.RatisMetrics (RatisMetrics.java:unregister(46)) - Unregistering Metrics Registry : ratis.log_worker.1ad7987d-30f8-499c-992f-34a29b261407
2020-04-03 12:24:04,886 [main] INFO  metrics.RatisMetrics (RatisMetrics.java:unregister(46)) - Unregistering Metrics Registry : ratis.leader_election.1ad7987d-30f8-499c-992f-34a29b261407@group-FFE3DA64EEB3
2020-04-03 12:24:04,886 [main] INFO  metrics.RatisMetrics (RatisMetrics.java:unregister(46)) - Unregistering Metrics Registry : ratis.server.1ad7987d-30f8-499c-992f-34a29b261407@group-FFE3DA64EEB3
2020-04-03 12:24:04,886 [main] INFO  impl.RaftServerImpl (RaftServerImpl.java:lambda$shutdown$3(249)) - 1ad7987d-30f8-499c-992f-34a29b261407@group-EC46D86256B6: shutdown
2020-04-03 12:24:04,886 [main] INFO  util.JmxRegister (JmxRegister.java:unregister(73)) - Successfully un-registered JMX Bean with object name Ratis:service=RaftServer,group=group-EC46D86256B6,id=1ad7987d-30f8-499c-992f-34a29b261407
2020-04-03 12:24:04,886 [main] INFO  impl.RoleInfo (RoleInfo.java:shutdownFollowerState(121)) - 1ad7987d-30f8-499c-992f-34a29b261407: shutdown FollowerState
2020-04-03 12:24:04,887 [Thread-2410] INFO  impl.FollowerState (FollowerState.java:run(117)) - 1ad7987d-30f8-499c-992f-34a29b261407@group-EC46D86256B6-FollowerState was interrupted: java.lang.InterruptedException: sleep interrupted
2020-04-03 12:24:04,886 [ForkJoinPool.commonPool-worker-1] INFO  impl.StateMachineUpdater (StateMachineUpdater.java:stopAndJoin(139)) - 32bb5132-3190-4c64-bf84-ebbd3e705cf4@group-8509371C81B5-StateMachineUpdater: set stopIndex = 0
2020-04-03 12:24:04,887 [1ad7987d-30f8-499c-992f-34a29b261407@group-EC46D86256B6-StateMachineUpdater] INFO  ratis.ContainerStateMachine (ContainerStateMachine.java:takeSnapshot(295)) - group-EC46D86256B6: Taking a snapshot at:(t:1, i:11) file /github/workspace/hadoop-ozone/integration-test/target/test-dir/MiniOzoneClusterImpl-54c97517-776f-4ce9-b1d6-5922e4042064/datanode-4/data/ratis/e28a9491-70a6-410e-9598-ec46d86256b6/sm/snapshot.1_11
2020-04-03 12:24:04,886 [32bb5132-3190-4c64-bf84-ebbd3e705cf4@group-8509371C81B5-StateMachineUpdater] INFO  ratis.ContainerStateMachine (ContainerStateMachine.java:takeSnapshot(295)) - group-8509371C81B5: Taking a snapshot at:(t:1, i:0) file /github/workspace/hadoop-ozone/integration-test/target/test-dir/MiniOzoneClusterImpl-54c97517-776f-4ce9-b1d6-5922e4042064/datanode-1/data/ratis/e8a5f3de-d803-4e95-a771-8509371c81b5/sm/snapshot.1_0
2020-04-03 12:24:04,887 [main] INFO  impl.StateMachineUpdater (StateMachineUpdater.java:stopAndJoin(139)) - 1ad7987d-30f8-499c-992f-34a29b261407@group-EC46D86256B6-StateMachineUpdater: set stopIndex = 11
2020-04-03 12:24:04,888 [1ad7987d-30f8-499c-992f-34a29b261407@group-EC46D86256B6-StateMachineUpdater] INFO  ratis.ContainerStateMachine (ContainerStateMachine.java:takeSnapshot(306)) - group-EC46D86256B6: Finished taking a snapshot at:(t:1, i:11) file:/github/workspace/hadoop-ozone/integration-test/target/test-dir/MiniOzoneClusterImpl-54c97517-776f-4ce9-b1d6-5922e4042064/datanode-4/data/ratis/e28a9491-70a6-410e-9598-ec46d86256b6/sm/snapshot.1_11 time:1
2020-04-03 12:24:04,888 [1ad7987d-30f8-499c-992f-34a29b261407@group-EC46D86256B6-StateMachineUpdater] INFO  impl.StateMachineUpdater (StateMachineUpdater.java:takeSnapshot(274)) - 1ad7987d-30f8-499c-992f-34a29b261407@group-EC46D86256B6-StateMachineUpdater: Took a snapshot at index 11
2020-04-03 12:24:04,888 [1ad7987d-30f8-499c-992f-34a29b261407@group-EC46D86256B6-StateMachineUpdater] INFO  impl.StateMachineUpdater (StateMachineUpdater.java:lambda$new$0(86)) - 1ad7987d-30f8-499c-992f-34a29b261407@group-EC46D86256B6-StateMachineUpdater: snapshotIndex: updateIncreasingly -1 -> 11
2020-04-03 12:24:04,888 [1ad7987d-30f8-499c-992f-34a29b261407@group-EC46D86256B6-StateMachineUpdater] INFO  metrics.RatisMetrics (RatisMetrics.java:unregister(46)) - Unregistering Metrics Registry : ratis.state_machine.1ad7987d-30f8-499c-992f-34a29b261407@group-EC46D86256B6
2020-04-03 12:24:04,889 [32bb5132-3190-4c64-bf84-ebbd3e705cf4@group-8509371C81B5-StateMachineUpdater] INFO  ratis.ContainerStateMachine (ContainerStateMachine.java:takeSnapshot(306)) - group-8509371C81B5: Finished taking a snapshot at:(t:1, i:0) file:/github/workspace/hadoop-ozone/integration-test/target/test-dir/MiniOzoneClusterImpl-54c97517-776f-4ce9-b1d6-5922e4042064/datanode-1/data/ratis/e8a5f3de-d803-4e95-a771-8509371c81b5/sm/snapshot.1_0 time:3
2020-04-03 12:24:04,889 [32bb5132-3190-4c64-bf84-ebbd3e705cf4@group-8509371C81B5-StateMachineUpdater] INFO  impl.StateMachineUpdater (StateMachineUpdater.java:takeSnapshot(274)) - 32bb5132-3190-4c64-bf84-ebbd3e705cf4@group-8509371C81B5-StateMachineUpdater: Took a snapshot at index 0
2020-04-03 12:24:04,889 [32bb5132-3190-4c64-bf84-ebbd3e705cf4@group-8509371C81B5-StateMachineUpdater] INFO  impl.StateMachineUpdater (StateMachineUpdater.java:lambda$new$0(86)) - 32bb5132-3190-4c64-bf84-ebbd3e705cf4@group-8509371C81B5-StateMachineUpdater: snapshotIndex: updateIncreasingly -1 -> 0
2020-04-03 12:24:04,889 [32bb5132-3190-4c64-bf84-ebbd3e705cf4@group-8509371C81B5-StateMachineUpdater] INFO  metrics.RatisMetrics (RatisMetrics.java:unregister(46)) - Unregistering Metrics Registry : ratis.state_machine.32bb5132-3190-4c64-bf84-ebbd3e705cf4@group-8509371C81B5
2020-04-03 12:24:04,889 [ForkJoinPool.commonPool-worker-1] INFO  impl.RaftServerImpl (ServerState.java:close(387)) - 32bb5132-3190-4c64-bf84-ebbd3e705cf4@group-8509371C81B5: closes. applyIndex: 0
2020-04-03 12:24:04,889 [main] INFO  impl.RaftServerImpl (ServerState.java:close(387)) - 1ad7987d-30f8-499c-992f-34a29b261407@group-EC46D86256B6: closes. applyIndex: 11
2020-04-03 12:24:04,889 [32bb5132-3190-4c64-bf84-ebbd3e705cf4@group-8509371C81B5-SegmentedRaftLogWorker] INFO  segmented.SegmentedRaftLogWorker (SegmentedRaftLogWorker.java:run(321)) - 32bb5132-3190-4c64-bf84-ebbd3e705cf4@group-8509371C81B5-SegmentedRaftLogWorker was interrupted, exiting. There are 0 tasks remaining in the queue.
2020-04-03 12:24:04,889 [1ad7987d-30f8-499c-992f-34a29b261407@group-EC46D86256B6-SegmentedRaftLogWorker] INFO  segmented.SegmentedRaftLogWorker (SegmentedRaftLogWorker.java:run(321)) - 1ad7987d-30f8-499c-992f-34a29b261407@group-EC46D86256B6-SegmentedRaftLogWorker was interrupted, exiting. There are 0 tasks remaining in the queue.
2020-04-03 12:24:04,890 [ForkJoinPool.commonPool-worker-1] INFO  segmented.SegmentedRaftLogWorker (SegmentedRaftLogWorker.java:close(229)) - 32bb5132-3190-4c64-bf84-ebbd3e705cf4@group-8509371C81B5-SegmentedRaftLogWorker close()
2020-04-03 12:24:04,890 [main] INFO  segmented.SegmentedRaftLogWorker (SegmentedRaftLogWorker.java:close(229)) - 1ad7987d-30f8-499c-992f-34a29b261407@group-EC46D86256B6-SegmentedRaftLogWorker close()
2020-04-03 12:24:04,891 [ForkJoinPool.commonPool-worker-1] INFO  metrics.RatisMetrics (RatisMetrics.java:unregister(46)) - Unregistering Metrics Registry : ratis.log_worker.32bb5132-3190-4c64-bf84-ebbd3e705cf4
2020-04-03 12:24:04,891 [ForkJoinPool.commonPool-worker-1] INFO  metrics.RatisMetrics (RatisMetrics.java:unregister(46)) - Unregistering Metrics Registry : ratis.leader_election.32bb5132-3190-4c64-bf84-ebbd3e705cf4@group-8509371C81B5
2020-04-03 12:24:04,891 [ForkJoinPool.commonPool-worker-1] INFO  metrics.RatisMetrics (RatisMetrics.java:unregister(46)) - Unregistering Metrics Registry : ratis.server.32bb5132-3190-4c64-bf84-ebbd3e705cf4@group-8509371C81B5
2020-04-03 12:24:04,891 [main] INFO  metrics.RatisMetrics (RatisMetrics.java:unregister(46)) - Unregistering Metrics Registry : ratis.log_worker.1ad7987d-30f8-499c-992f-34a29b261407
2020-04-03 12:24:04,891 [ForkJoinPool.commonPool-worker-1] INFO  server.GrpcService (GrpcService.java:closeImpl(164)) - 32bb5132-3190-4c64-bf84-ebbd3e705cf4: shutdown server with port 46159 now
2020-04-03 12:24:04,893 [ForkJoinPool.commonPool-worker-1] INFO  server.GrpcService (GrpcService.java:closeImpl(172)) - 32bb5132-3190-4c64-bf84-ebbd3e705cf4: shutdown server with port 46159 successfully
2020-04-03 12:24:04,893 [grpc-default-executor-5] WARN  server.GrpcLogAppender (LogUtils.java:warn(122)) - b4a43d29-118c-4b02-9b7b-443b0a36c06e@group-FA17F83450AF->32bb5132-3190-4c64-bf84-ebbd3e705cf4-AppendLogResponseHandler: Failed appendEntries: org.apache.ratis.thirdparty.io.grpc.StatusRuntimeException: CANCELLED: HTTP/2 error code: CANCEL
Received Rst Stream
2020-04-03 12:24:04,894 [grpc-default-executor-11] WARN  server.GrpcServerProtocolService (LogUtils.java:warn(122)) - 32bb5132-3190-4c64-bf84-ebbd3e705cf4: installSnapshot onError, lastRequest: b4a43d29-118c-4b02-9b7b-443b0a36c06e->32bb5132-3190-4c64-bf84-ebbd3e705cf4#4-t3, previous=(t:3, i:1), leaderCommit=1, initializing? false, entries: size=1, first=(t:3, i:2), METADATAENTRY(c:1): org.apache.ratis.thirdparty.io.grpc.StatusRuntimeException: CANCELLED: cancelled before receiving half close
2020-04-03 12:24:04,894 [grpc-default-executor-5] INFO  impl.FollowerInfo (FollowerInfo.java:lambda$new$0(50)) - b4a43d29-118c-4b02-9b7b-443b0a36c06e@group-FA17F83450AF->32bb5132-3190-4c64-bf84-ebbd3e705cf4: nextIndex: updateUnconditionally 3 -> 2
2020-04-03 12:24:04,892 [main] INFO  metrics.RatisMetrics (RatisMetrics.java:unregister(46)) - Unregistering Metrics Registry : ratis.leader_election.1ad7987d-30f8-499c-992f-34a29b261407@group-EC46D86256B6
2020-04-03 12:24:04,895 [main] INFO  metrics.RatisMetrics (RatisMetrics.java:unregister(46)) - Unregistering Metrics Registry : ratis.server.1ad7987d-30f8-499c-992f-34a29b261407@group-EC46D86256B6
2020-04-03 12:24:04,895 [main] INFO  server.GrpcService (GrpcService.java:closeImpl(164)) - 1ad7987d-30f8-499c-992f-34a29b261407: shutdown server with port 41615 now
2020-04-03 12:24:04,896 [grpc-default-executor-11] WARN  server.GrpcServerProtocolService (LogUtils.java:warn(122)) - 1ad7987d-30f8-499c-992f-34a29b261407: installSnapshot onError, lastRequest: 5ea4e034-58ac-4e1a-97e7-fb59da8c8203->1ad7987d-30f8-499c-992f-34a29b261407#1-t1, previous=(t:0, i:0), leaderCommit=0, initializing? false, entries: size=1, first=(t:1, i:0), CONFIGURATIONENTRY: org.apache.ratis.thirdparty.io.grpc.StatusRuntimeException: CANCELLED: cancelled before receiving half close
2020-04-03 12:24:04,896 [grpc-default-executor-1] WARN  server.GrpcLogAppender (LogUtils.java:warn(122)) - 5ea4e034-58ac-4e1a-97e7-fb59da8c8203@group-5FE9EAEC25CC->1ad7987d-30f8-499c-992f-34a29b261407-AppendLogResponseHandler: Failed appendEntries: org.apache.ratis.thirdparty.io.grpc.StatusRuntimeException: CANCELLED: HTTP/2 error code: CANCEL
Received Rst Stream
2020-04-03 12:24:04,902 [grpc-default-executor-1] INFO  impl.FollowerInfo (FollowerInfo.java:lambda$new$0(50)) - 5ea4e034-58ac-4e1a-97e7-fb59da8c8203@group-5FE9EAEC25CC->1ad7987d-30f8-499c-992f-34a29b261407: nextIndex: updateUnconditionally 1 -> 0
2020-04-03 12:24:04,903 [main] INFO  server.GrpcService (GrpcService.java:closeImpl(172)) - 1ad7987d-30f8-499c-992f-34a29b261407: shutdown server with port 41615 successfully
2020-04-03 12:24:04,904 [grpc-default-executor-12] WARN  server.GrpcLogAppender (LogUtils.java:warn(122)) - 51d79ad1-091b-476d-b3ea-570089388469@group-EC46D86256B6->1ad7987d-30f8-499c-992f-34a29b261407-AppendLogResponseHandler: Failed appendEntries: org.apache.ratis.thirdparty.io.grpc.StatusRuntimeException: CANCELLED: HTTP/2 error code: CANCEL
Received Rst Stream
2020-04-03 12:24:04,904 [grpc-default-executor-12] INFO  impl.FollowerInfo (FollowerInfo.java:lambda$new$0(50)) - 51d79ad1-091b-476d-b3ea-570089388469@group-EC46D86256B6->1ad7987d-30f8-499c-992f-34a29b261407: nextIndex: updateUnconditionally 12 -> 11
2020-04-03 12:24:04,911 [grpc-default-executor-13] WARN  server.GrpcServerProtocolService (LogUtils.java:warn(122)) - 1ad7987d-30f8-499c-992f-34a29b261407: installSnapshot onError, lastRequest: 51d79ad1-091b-476d-b3ea-570089388469->1ad7987d-30f8-499c-992f-34a29b261407#40-t1, previous=(t:1, i:10), leaderCommit=6, initializing? false, entries: size=1, first=(t:1, i:11), METADATAENTRY(c:6): org.apache.ratis.thirdparty.io.grpc.StatusRuntimeException: CANCELLED: cancelled before receiving half close
2020-04-03 12:24:04,934 [main] INFO  utils.BackgroundService (BackgroundService.java:shutdown(157)) - Shutting down service BlockDeletingService
2020-04-03 12:24:04,934 [ForkJoinPool.commonPool-worker-1] INFO  utils.BackgroundService (BackgroundService.java:shutdown(157)) - Shutting down service BlockDeletingService
2020-04-03 12:24:04,939 [ForkJoinPool.commonPool-worker-1] INFO  statemachine.DatanodeStateMachine (DatanodeStateMachine.java:stopDaemon(435)) - Ozone container server stopped.
2020-04-03 12:24:04,946 [main] INFO  statemachine.DatanodeStateMachine (DatanodeStateMachine.java:stopDaemon(435)) - Ozone container server stopped.
2020-04-03 12:24:04,947 [main] INFO  handler.ContextHandler (ContextHandler.java:doStop(1016)) - Stopped o.e.j.w.WebAppContext@7bd3aa9b{hddsDatanode,/,null,UNAVAILABLE}{jar:file:/home/user/.m2/repository/org/apache/hadoop/hadoop-hdds-container-service/0.6.0-SNAPSHOT/hadoop-hdds-container-service-0.6.0-SNAPSHOT.jar!/webapps/hddsDatanode}
2020-04-03 12:24:04,947 [main] INFO  server.AbstractConnector (AbstractConnector.java:doStop(380)) - Stopped ServerConnector@63c1bf33{HTTP/1.1,[http/1.1]}{0.0.0.0:0}
2020-04-03 12:24:04,948 [main] INFO  server.session (HouseKeeper.java:stopScavenging(158)) - node0 Stopped scavenging
2020-04-03 12:24:04,948 [main] INFO  handler.ContextHandler (ContextHandler.java:doStop(1016)) - Stopped o.e.j.s.ServletContextHandler@7f1702a9{static,/static,jar:file:/home/user/.m2/repository/org/apache/hadoop/hadoop-hdds-container-service/0.6.0-SNAPSHOT/hadoop-hdds-container-service-0.6.0-SNAPSHOT.jar!/webapps/static,UNAVAILABLE}
2020-04-03 12:24:04,948 [main] INFO  handler.ContextHandler (ContextHandler.java:doStop(1016)) - Stopped o.e.j.s.ServletContextHandler@64ac2054{logs,/logs,file:///github/workspace/hadoop-ozone/integration-test/target/log,UNAVAILABLE}
2020-04-03 12:24:04,948 [ForkJoinPool.commonPool-worker-1] INFO  handler.ContextHandler (ContextHandler.java:doStop(1016)) - Stopped o.e.j.w.WebAppContext@12711d40{hddsDatanode,/,null,UNAVAILABLE}{jar:file:/home/user/.m2/repository/org/apache/hadoop/hadoop-hdds-container-service/0.6.0-SNAPSHOT/hadoop-hdds-container-service-0.6.0-SNAPSHOT.jar!/webapps/hddsDatanode}
2020-04-03 12:24:04,950 [ForkJoinPool.commonPool-worker-1] INFO  server.AbstractConnector (AbstractConnector.java:doStop(380)) - Stopped ServerConnector@5e3b83e8{HTTP/1.1,[http/1.1]}{0.0.0.0:0}
2020-04-03 12:24:04,950 [ForkJoinPool.commonPool-worker-1] INFO  server.session (HouseKeeper.java:stopScavenging(158)) - node0 Stopped scavenging
2020-04-03 12:24:04,951 [ForkJoinPool.commonPool-worker-1] INFO  handler.ContextHandler (ContextHandler.java:doStop(1016)) - Stopped o.e.j.s.ServletContextHandler@dd5e17b{static,/static,jar:file:/home/user/.m2/repository/org/apache/hadoop/hadoop-hdds-container-service/0.6.0-SNAPSHOT/hadoop-hdds-container-service-0.6.0-SNAPSHOT.jar!/webapps/static,UNAVAILABLE}
2020-04-03 12:24:04,952 [ForkJoinPool.commonPool-worker-1] INFO  handler.ContextHandler (ContextHandler.java:doStop(1016)) - Stopped o.e.j.s.ServletContextHandler@331e68a5{logs,/logs,file:///github/workspace/hadoop-ozone/integration-test/target/log,UNAVAILABLE}
2020-04-03 12:24:05,188 [Datanode State Machine Thread - 0] INFO  statemachine.DatanodeStateMachine (DatanodeStateMachine.java:lambda$startDaemon$0(387)) - Ozone container server started.
2020-04-03 12:24:05,769 [grpc-default-executor-12] WARN  server.GrpcLogAppender (LogUtils.java:warn(122)) - b4a43d29-118c-4b02-9b7b-443b0a36c06e@group-FA17F83450AF->32bb5132-3190-4c64-bf84-ebbd3e705cf4-AppendLogResponseHandler: Failed appendEntries: org.apache.ratis.thirdparty.io.grpc.StatusRuntimeException: UNAVAILABLE: io exception
2020-04-03 12:24:05,769 [Datanode State Machine Thread - 0] INFO  statemachine.DatanodeStateMachine (DatanodeStateMachine.java:lambda$startDaemon$0(387)) - Ozone container server started.
2020-04-03 12:24:05,769 [grpc-default-executor-12] INFO  impl.FollowerInfo (FollowerInfo.java:lambda$new$0(50)) - b4a43d29-118c-4b02-9b7b-443b0a36c06e@group-FA17F83450AF->32bb5132-3190-4c64-bf84-ebbd3e705cf4: nextIndex: updateUnconditionally 3 -> 2
2020-04-03 12:24:06,122 [grpc-default-executor-13] WARN  server.GrpcLogAppender (LogUtils.java:warn(122)) - 5ea4e034-58ac-4e1a-97e7-fb59da8c8203@group-5FE9EAEC25CC->1ad7987d-30f8-499c-992f-34a29b261407-AppendLogResponseHandler: Failed appendEntries: org.apache.ratis.thirdparty.io.grpc.StatusRuntimeException: UNAVAILABLE: io exception
2020-04-03 12:24:06,123 [grpc-default-executor-13] INFO  impl.FollowerInfo (FollowerInfo.java:lambda$new$0(50)) - 5ea4e034-58ac-4e1a-97e7-fb59da8c8203@group-5FE9EAEC25CC->1ad7987d-30f8-499c-992f-34a29b261407: nextIndex: updateUnconditionally 1 -> 0
2020-04-03 12:24:07,297 [grpc-default-executor-12] WARN  server.GrpcLogAppender (LogUtils.java:warn(122)) - 51d79ad1-091b-476d-b3ea-570089388469@group-EC46D86256B6->1ad7987d-30f8-499c-992f-34a29b261407-AppendLogResponseHandler: Failed appendEntries: org.apache.ratis.thirdparty.io.grpc.StatusRuntimeException: UNAVAILABLE: io exception
2020-04-03 12:24:07,297 [grpc-default-executor-12] INFO  impl.FollowerInfo (FollowerInfo.java:lambda$new$0(50)) - 51d79ad1-091b-476d-b3ea-570089388469@group-EC46D86256B6->1ad7987d-30f8-499c-992f-34a29b261407: nextIndex: updateUnconditionally 12 -> 11
2020-04-03 12:24:08,271 [grpc-default-executor-13] WARN  server.GrpcLogAppender (LogUtils.java:warn(122)) - b4a43d29-118c-4b02-9b7b-443b0a36c06e@group-FA17F83450AF->32bb5132-3190-4c64-bf84-ebbd3e705cf4-AppendLogResponseHandler: Failed appendEntries: org.apache.ratis.thirdparty.io.grpc.StatusRuntimeException: UNAVAILABLE: io exception
2020-04-03 12:24:08,271 [grpc-default-executor-13] INFO  impl.FollowerInfo (FollowerInfo.java:lambda$new$0(50)) - b4a43d29-118c-4b02-9b7b-443b0a36c06e@group-FA17F83450AF->32bb5132-3190-4c64-bf84-ebbd3e705cf4: nextIndex: updateUnconditionally 3 -> 2
2020-04-03 12:24:08,623 [grpc-default-executor-12] WARN  server.GrpcLogAppender (LogUtils.java:warn(122)) - 5ea4e034-58ac-4e1a-97e7-fb59da8c8203@group-5FE9EAEC25CC->1ad7987d-30f8-499c-992f-34a29b261407-AppendLogResponseHandler: Failed appendEntries: org.apache.ratis.thirdparty.io.grpc.StatusRuntimeException: UNAVAILABLE: io exception
2020-04-03 12:24:08,624 [grpc-default-executor-12] INFO  impl.FollowerInfo (FollowerInfo.java:lambda$new$0(50)) - 5ea4e034-58ac-4e1a-97e7-fb59da8c8203@group-5FE9EAEC25CC->1ad7987d-30f8-499c-992f-34a29b261407: nextIndex: updateUnconditionally 1 -> 0
2020-04-03 12:24:09,635 [Thread-2375] INFO  impl.FollowerState (FollowerState.java:run(108)) - 60104982-6318-49fc-a8c7-671d7edb1a00@group-9B462AAFDDCD-FollowerState: change to CANDIDATE, lastRpcTime:6010ms, electionTimeout:5048ms
2020-04-03 12:24:09,635 [Thread-2375] INFO  impl.RoleInfo (RoleInfo.java:shutdownFollowerState(121)) - 60104982-6318-49fc-a8c7-671d7edb1a00: shutdown FollowerState
2020-04-03 12:24:09,635 [Thread-2375] INFO  impl.RaftServerImpl (RaftServerImpl.java:setRole(172)) - 60104982-6318-49fc-a8c7-671d7edb1a00@group-9B462AAFDDCD: changes role from  FOLLOWER to CANDIDATE at term 1 for changeToCandidate
2020-04-03 12:24:09,635 [Thread-2375] INFO  impl.RoleInfo (RoleInfo.java:updateAndGet(143)) - 60104982-6318-49fc-a8c7-671d7edb1a00: start LeaderElection
2020-04-03 12:24:09,636 [60104982-6318-49fc-a8c7-671d7edb1a00@group-9B462AAFDDCD-LeaderElection90] INFO  impl.RaftServerImpl (ServerState.java:setLeader(255)) - 60104982-6318-49fc-a8c7-671d7edb1a00@group-9B462AAFDDCD: change Leader from 32bb5132-3190-4c64-bf84-ebbd3e705cf4 to null at term 1 for initElection
2020-04-03 12:24:09,637 [60104982-6318-49fc-a8c7-671d7edb1a00@group-9B462AAFDDCD-LeaderElection90] INFO  impl.LeaderElection (LeaderElection.java:askForVotes(206)) - 60104982-6318-49fc-a8c7-671d7edb1a00@group-9B462AAFDDCD-LeaderElection90: begin an election at term 2 for 0: [32bb5132-3190-4c64-bf84-ebbd3e705cf4:172.17.0.2:46159, b4a43d29-118c-4b02-9b7b-443b0a36c06e:172.17.0.2:40513, 60104982-6318-49fc-a8c7-671d7edb1a00:172.17.0.2:37215], old=null
2020-04-03 12:24:09,640 [60104982-6318-49fc-a8c7-671d7edb1a00@group-9B462AAFDDCD-LeaderElection90] INFO  impl.LeaderElection (LogUtils.java:infoOrTrace(137)) - 60104982-6318-49fc-a8c7-671d7edb1a00@group-9B462AAFDDCD-LeaderElection90 got exception when requesting votes: java.util.concurrent.ExecutionException: org.apache.ratis.thirdparty.io.grpc.StatusRuntimeException: UNAVAILABLE: io exception
2020-04-03 12:24:09,640 [grpc-default-executor-12] INFO  impl.RaftServerImpl (ServerState.java:setLeader(255)) - b4a43d29-118c-4b02-9b7b-443b0a36c06e@group-9B462AAFDDCD: change Leader from 32bb5132-3190-4c64-bf84-ebbd3e705cf4 to null at term 2 for updateCurrentTerm
2020-04-03 12:24:09,640 [grpc-default-executor-12] INFO  impl.RaftServerImpl (RaftServerImpl.java:setRole(172)) - b4a43d29-118c-4b02-9b7b-443b0a36c06e@group-9B462AAFDDCD: changes role from  FOLLOWER to FOLLOWER at term 2 for recognizeCandidate:60104982-6318-49fc-a8c7-671d7edb1a00
2020-04-03 12:24:09,640 [grpc-default-executor-12] INFO  impl.RoleInfo (RoleInfo.java:shutdownFollowerState(121)) - b4a43d29-118c-4b02-9b7b-443b0a36c06e: shutdown FollowerState
2020-04-03 12:24:09,640 [grpc-default-executor-12] INFO  impl.RoleInfo (RoleInfo.java:updateAndGet(143)) - b4a43d29-118c-4b02-9b7b-443b0a36c06e: start FollowerState
2020-04-03 12:24:09,641 [Thread-2371] INFO  impl.FollowerState (FollowerState.java:run(117)) - b4a43d29-118c-4b02-9b7b-443b0a36c06e@group-9B462AAFDDCD-FollowerState was interrupted: java.lang.InterruptedException: sleep interrupted
2020-04-03 12:24:09,643 [60104982-6318-49fc-a8c7-671d7edb1a00@group-9B462AAFDDCD-LeaderElection90] INFO  impl.LeaderElection (LeaderElection.java:logAndReturn(61)) - 60104982-6318-49fc-a8c7-671d7edb1a00@group-9B462AAFDDCD-LeaderElection90: Election PASSED; received 1 response(s) [60104982-6318-49fc-a8c7-671d7edb1a00<-b4a43d29-118c-4b02-9b7b-443b0a36c06e#0:OK-t2] and 1 exception(s); 60104982-6318-49fc-a8c7-671d7edb1a00@group-9B462AAFDDCD:t2, leader=null, voted=60104982-6318-49fc-a8c7-671d7edb1a00, raftlog=60104982-6318-49fc-a8c7-671d7edb1a00@group-9B462AAFDDCD-SegmentedRaftLog:OPENED:c0,f6,i6, conf=0: [32bb5132-3190-4c64-bf84-ebbd3e705cf4:172.17.0.2:46159, b4a43d29-118c-4b02-9b7b-443b0a36c06e:172.17.0.2:40513, 60104982-6318-49fc-a8c7-671d7edb1a00:172.17.0.2:37215], old=null
2020-04-03 12:24:09,643 [60104982-6318-49fc-a8c7-671d7edb1a00@group-9B462AAFDDCD-LeaderElection90] INFO  impl.LeaderElection (LogUtils.java:infoOrTrace(137)) -   Exception 0: java.util.concurrent.ExecutionException: org.apache.ratis.thirdparty.io.grpc.StatusRuntimeException: UNAVAILABLE: io exception
2020-04-03 12:24:09,643 [60104982-6318-49fc-a8c7-671d7edb1a00@group-9B462AAFDDCD-LeaderElection90] INFO  impl.RoleInfo (RoleInfo.java:shutdownLeaderElection(134)) - 60104982-6318-49fc-a8c7-671d7edb1a00: shutdown LeaderElection
2020-04-03 12:24:09,643 [60104982-6318-49fc-a8c7-671d7edb1a00@group-9B462AAFDDCD-LeaderElection90] INFO  impl.RaftServerImpl (RaftServerImpl.java:setRole(172)) - 60104982-6318-49fc-a8c7-671d7edb1a00@group-9B462AAFDDCD: changes role from CANDIDATE to LEADER at term 2 for changeToLeader
2020-04-03 12:24:09,643 [60104982-6318-49fc-a8c7-671d7edb1a00@group-9B462AAFDDCD-LeaderElection90] INFO  ratis.XceiverServerRatis (XceiverServerRatis.java:handleLeaderChangedNotification(739)) - Leader change notification received for group: group-9B462AAFDDCD with new leaderId: 60104982-6318-49fc-a8c7-671d7edb1a00
2020-04-03 12:24:09,643 [60104982-6318-49fc-a8c7-671d7edb1a00@group-9B462AAFDDCD-LeaderElection90] INFO  impl.RaftServerImpl (ServerState.java:setLeader(255)) - 60104982-6318-49fc-a8c7-671d7edb1a00@group-9B462AAFDDCD: change Leader from null to 60104982-6318-49fc-a8c7-671d7edb1a00 at term 2 for becomeLeader, leader elected after 7ms
2020-04-03 12:24:09,643 [60104982-6318-49fc-a8c7-671d7edb1a00@group-9B462AAFDDCD-LeaderElection90] INFO  server.RaftServerConfigKeys (ConfUtils.java:logGet(44)) - raft.server.staging.catchup.gap = 1000 (default)
2020-04-03 12:24:09,643 [60104982-6318-49fc-a8c7-671d7edb1a00@group-9B462AAFDDCD-LeaderElection90] INFO  server.RaftServerConfigKeys (ConfUtils.java:logGet(44)) - raft.server.rpc.sleep.time = 25ms (default)
2020-04-03 12:24:09,643 [60104982-6318-49fc-a8c7-671d7edb1a00@group-9B462AAFDDCD-LeaderElection90] INFO  metrics.RatisMetrics (RatisMetrics.java:lambda$create$0(39)) - Creating Metrics Registry : ratis.log_appender.60104982-6318-49fc-a8c7-671d7edb1a00@group-9B462AAFDDCD
2020-04-03 12:24:09,644 [60104982-6318-49fc-a8c7-671d7edb1a00@group-9B462AAFDDCD-LeaderElection90] INFO  server.RaftServerConfigKeys (ConfUtils.java:logGet(44)) - raft.server.write.element-limit = 1024 (custom)
2020-04-03 12:24:09,644 [60104982-6318-49fc-a8c7-671d7edb1a00@group-9B462AAFDDCD-LeaderElection90] INFO  server.RaftServerConfigKeys (ConfUtils.java:logGet(44)) - raft.server.write.byte-limit = 1073741824 (custom)
2020-04-03 12:24:09,645 [60104982-6318-49fc-a8c7-671d7edb1a00@group-9B462AAFDDCD-LeaderElection90] INFO  server.RaftServerConfigKeys (ConfUtils.java:logGet(44)) - raft.server.watch.timeout = 3s (custom)
2020-04-03 12:24:09,645 [60104982-6318-49fc-a8c7-671d7edb1a00@group-9B462AAFDDCD-LeaderElection90] INFO  server.RaftServerConfigKeys (ConfUtils.java:logGet(44)) - raft.server.watch.timeout.denomination = 1s (default)
2020-04-03 12:24:09,645 [60104982-6318-49fc-a8c7-671d7edb1a00@group-9B462AAFDDCD-LeaderElection90] INFO  server.RaftServerConfigKeys (ConfUtils.java:logGet(44)) - raft.server.watch.element-limit = 65536 (default)
2020-04-03 12:24:09,645 [60104982-6318-49fc-a8c7-671d7edb1a00@group-9B462AAFDDCD-LeaderElection90] INFO  server.RaftServerConfigKeys (ConfUtils.java:logGet(44)) - raft.server.log.appender.snapshot.chunk.size.max = 16MB (=16777216) (default)
2020-04-03 12:24:09,645 [60104982-6318-49fc-a8c7-671d7edb1a00@group-9B462AAFDDCD-LeaderElection90] INFO  server.RaftServerConfigKeys (ConfUtils.java:logGet(44)) - raft.server.log.appender.buffer.byte-limit = 33554432 (custom)
2020-04-03 12:24:09,645 [60104982-6318-49fc-a8c7-671d7edb1a00@group-9B462AAFDDCD-LeaderElection90] INFO  server.RaftServerConfigKeys (ConfUtils.java:logGet(44)) - raft.server.log.appender.buffer.element-limit = 1 (custom)
2020-04-03 12:24:09,646 [60104982-6318-49fc-a8c7-671d7edb1a00@group-9B462AAFDDCD-LeaderElection90] INFO  grpc.GrpcConfigKeys (ConfUtils.java:logGet(44)) - raft.grpc.server.leader.outstanding.appends.max = 128 (default)
2020-04-03 12:24:09,646 [60104982-6318-49fc-a8c7-671d7edb1a00@group-9B462AAFDDCD-LeaderElection90] INFO  server.RaftServerConfigKeys (ConfUtils.java:logGet(44)) - raft.server.rpc.request.timeout = 3s (default)
2020-04-03 12:24:09,646 [60104982-6318-49fc-a8c7-671d7edb1a00@group-9B462AAFDDCD-LeaderElection90] INFO  server.RaftServerConfigKeys (ConfUtils.java:logGet(44)) - raft.server.log.appender.install.snapshot.enabled = false (custom)
2020-04-03 12:24:09,647 [60104982-6318-49fc-a8c7-671d7edb1a00@group-9B462AAFDDCD-LeaderElection90] INFO  server.RaftServerConfigKeys (ConfUtils.java:logGet(44)) - raft.server.log.appender.snapshot.chunk.size.max = 16MB (=16777216) (default)
2020-04-03 12:24:09,648 [60104982-6318-49fc-a8c7-671d7edb1a00@group-9B462AAFDDCD-LeaderElection90] INFO  server.RaftServerConfigKeys (ConfUtils.java:logGet(44)) - raft.server.log.appender.buffer.byte-limit = 33554432 (custom)
2020-04-03 12:24:09,648 [60104982-6318-49fc-a8c7-671d7edb1a00@group-9B462AAFDDCD-LeaderElection90] INFO  server.RaftServerConfigKeys (ConfUtils.java:logGet(44)) - raft.server.log.appender.buffer.element-limit = 1 (custom)
2020-04-03 12:24:09,648 [60104982-6318-49fc-a8c7-671d7edb1a00@group-9B462AAFDDCD-LeaderElection90] INFO  grpc.GrpcConfigKeys (ConfUtils.java:logGet(44)) - raft.grpc.server.leader.outstanding.appends.max = 128 (default)
2020-04-03 12:24:09,648 [60104982-6318-49fc-a8c7-671d7edb1a00@group-9B462AAFDDCD-LeaderElection90] INFO  server.RaftServerConfigKeys (ConfUtils.java:logGet(44)) - raft.server.rpc.request.timeout = 3s (default)
2020-04-03 12:24:09,648 [60104982-6318-49fc-a8c7-671d7edb1a00@group-9B462AAFDDCD-LeaderElection90] INFO  server.RaftServerConfigKeys (ConfUtils.java:logGet(44)) - raft.server.log.appender.install.snapshot.enabled = false (custom)
2020-04-03 12:24:09,650 [60104982-6318-49fc-a8c7-671d7edb1a00@group-9B462AAFDDCD-LeaderElection90] INFO  impl.RoleInfo (RoleInfo.java:updateAndGet(143)) - 60104982-6318-49fc-a8c7-671d7edb1a00: start LeaderState
2020-04-03 12:24:09,650 [60104982-6318-49fc-a8c7-671d7edb1a00@group-9B462AAFDDCD-LeaderElection90] INFO  segmented.SegmentedRaftLogWorker (SegmentedRaftLogWorker.java:rollLogSegment(396)) - 60104982-6318-49fc-a8c7-671d7edb1a00@group-9B462AAFDDCD-SegmentedRaftLogWorker: Rolling segment log-0_6 to index:6
2020-04-03 12:24:09,650 [60104982-6318-49fc-a8c7-671d7edb1a00@group-9B462AAFDDCD-SegmentedRaftLogWorker] INFO  segmented.SegmentedRaftLogWorker (SegmentedRaftLogWorker.java:execute(541)) - 60104982-6318-49fc-a8c7-671d7edb1a00@group-9B462AAFDDCD-SegmentedRaftLogWorker: Rolled log segment from /github/workspace/hadoop-ozone/integration-test/target/test-dir/MiniOzoneClusterImpl-54c97517-776f-4ce9-b1d6-5922e4042064/datanode-0/data/ratis/596afeba-ad50-4139-8e2d-9b462aafddcd/current/log_inprogress_0 to /github/workspace/hadoop-ozone/integration-test/target/test-dir/MiniOzoneClusterImpl-54c97517-776f-4ce9-b1d6-5922e4042064/datanode-0/data/ratis/596afeba-ad50-4139-8e2d-9b462aafddcd/current/log_0-6
2020-04-03 12:24:09,651 [60104982-6318-49fc-a8c7-671d7edb1a00@group-9B462AAFDDCD-LeaderElection90] INFO  impl.RaftServerImpl (ServerState.java:setRaftConf(356)) - 60104982-6318-49fc-a8c7-671d7edb1a00@group-9B462AAFDDCD: set configuration 7: [32bb5132-3190-4c64-bf84-ebbd3e705cf4:172.17.0.2:46159, b4a43d29-118c-4b02-9b7b-443b0a36c06e:172.17.0.2:40513, 60104982-6318-49fc-a8c7-671d7edb1a00:172.17.0.2:37215], old=null at 7
2020-04-03 12:24:09,651 [60104982-6318-49fc-a8c7-671d7edb1a00@group-9B462AAFDDCD-SegmentedRaftLogWorker] INFO  segmented.SegmentedRaftLogWorker (SegmentedRaftLogWorker.java:execute(583)) - 60104982-6318-49fc-a8c7-671d7edb1a00@group-9B462AAFDDCD-SegmentedRaftLogWorker: created new log segment /github/workspace/hadoop-ozone/integration-test/target/test-dir/MiniOzoneClusterImpl-54c97517-776f-4ce9-b1d6-5922e4042064/datanode-0/data/ratis/596afeba-ad50-4139-8e2d-9b462aafddcd/current/log_inprogress_7
2020-04-03 12:24:09,652 [EventQueue-StaleNodeForStaleNodeHandler] INFO  node.StaleNodeHandler (StaleNodeHandler.java:onMessage(58)) - Datanode 32bb5132-3190-4c64-bf84-ebbd3e705cf4{ip: 172.17.0.2, host: bc31a1f7cf94, networkLocation: /default-rack, certSerialId: null} moved to stale state. Finalizing its pipelines [PipelineID=596afeba-ad50-4139-8e2d-9b462aafddcd, PipelineID=24efe3c7-eeac-4a70-9691-fa17f83450af, PipelineID=e8a5f3de-d803-4e95-a771-8509371c81b5]
2020-04-03 12:24:09,652 [EventQueue-StaleNodeForStaleNodeHandler] INFO  pipeline.SCMPipelineManager (SCMPipelineManager.java:finalizeAndDestroyPipeline(391)) - Destroying pipeline:Pipeline[ Id: 596afeba-ad50-4139-8e2d-9b462aafddcd, Nodes: 32bb5132-3190-4c64-bf84-ebbd3e705cf4{ip: 172.17.0.2, host: bc31a1f7cf94, networkLocation: /default-rack, certSerialId: null}b4a43d29-118c-4b02-9b7b-443b0a36c06e{ip: 172.17.0.2, host: bc31a1f7cf94, networkLocation: /default-rack, certSerialId: null}60104982-6318-49fc-a8c7-671d7edb1a00{ip: 172.17.0.2, host: bc31a1f7cf94, networkLocation: /default-rack, certSerialId: null}, Type:RATIS, Factor:THREE, State:OPEN, leaderId:60104982-6318-49fc-a8c7-671d7edb1a00, CreationTimestamp2020-04-03T12:22:40.108Z]
2020-04-03 12:24:09,652 [EventQueue-StaleNodeForStaleNodeHandler] INFO  pipeline.PipelineStateManager (PipelineStateManager.java:finalizePipeline(120)) - Pipeline Pipeline[ Id: 596afeba-ad50-4139-8e2d-9b462aafddcd, Nodes: 32bb5132-3190-4c64-bf84-ebbd3e705cf4{ip: 172.17.0.2, host: bc31a1f7cf94, networkLocation: /default-rack, certSerialId: null}b4a43d29-118c-4b02-9b7b-443b0a36c06e{ip: 172.17.0.2, host: bc31a1f7cf94, networkLocation: /default-rack, certSerialId: null}60104982-6318-49fc-a8c7-671d7edb1a00{ip: 172.17.0.2, host: bc31a1f7cf94, networkLocation: /default-rack, certSerialId: null}, Type:RATIS, Factor:THREE, State:CLOSED, leaderId:60104982-6318-49fc-a8c7-671d7edb1a00, CreationTimestamp2020-04-03T12:22:40.108Z] moved to CLOSED state
2020-04-03 12:24:09,653 [grpc-default-executor-12] WARN  server.GrpcLogAppender (LogUtils.java:warn(122)) - 60104982-6318-49fc-a8c7-671d7edb1a00@group-9B462AAFDDCD->32bb5132-3190-4c64-bf84-ebbd3e705cf4-AppendLogResponseHandler: Failed appendEntries: org.apache.ratis.thirdparty.io.grpc.StatusRuntimeException: UNAVAILABLE: io exception
2020-04-03 12:24:09,653 [EventQueue-StaleNodeForStaleNodeHandler] INFO  pipeline.SCMPipelineManager (SCMPipelineManager.java:finalizeAndDestroyPipeline(391)) - Destroying pipeline:Pipeline[ Id: 24efe3c7-eeac-4a70-9691-fa17f83450af, Nodes: b4a43d29-118c-4b02-9b7b-443b0a36c06e{ip: 172.17.0.2, host: bc31a1f7cf94, networkLocation: /default-rack, certSerialId: null}60104982-6318-49fc-a8c7-671d7edb1a00{ip: 172.17.0.2, host: bc31a1f7cf94, networkLocation: /default-rack, certSerialId: null}32bb5132-3190-4c64-bf84-ebbd3e705cf4{ip: 172.17.0.2, host: bc31a1f7cf94, networkLocation: /default-rack, certSerialId: null}, Type:RATIS, Factor:THREE, State:OPEN, leaderId:b4a43d29-118c-4b02-9b7b-443b0a36c06e, CreationTimestamp2020-04-03T12:22:40.108Z]
2020-04-03 12:24:09,654 [EventQueue-StaleNodeForStaleNodeHandler] INFO  pipeline.PipelineStateManager (PipelineStateManager.java:finalizePipeline(120)) - Pipeline Pipeline[ Id: 24efe3c7-eeac-4a70-9691-fa17f83450af, Nodes: b4a43d29-118c-4b02-9b7b-443b0a36c06e{ip: 172.17.0.2, host: bc31a1f7cf94, networkLocation: /default-rack, certSerialId: null}60104982-6318-49fc-a8c7-671d7edb1a00{ip: 172.17.0.2, host: bc31a1f7cf94, networkLocation: /default-rack, certSerialId: null}32bb5132-3190-4c64-bf84-ebbd3e705cf4{ip: 172.17.0.2, host: bc31a1f7cf94, networkLocation: /default-rack, certSerialId: null}, Type:RATIS, Factor:THREE, State:CLOSED, leaderId:b4a43d29-118c-4b02-9b7b-443b0a36c06e, CreationTimestamp2020-04-03T12:22:40.108Z] moved to CLOSED state
2020-04-03 12:24:09,654 [EventQueue-StaleNodeForStaleNodeHandler] INFO  pipeline.SCMPipelineManager (SCMPipelineManager.java:finalizeAndDestroyPipeline(391)) - Destroying pipeline:Pipeline[ Id: e8a5f3de-d803-4e95-a771-8509371c81b5, Nodes: 32bb5132-3190-4c64-bf84-ebbd3e705cf4{ip: 172.17.0.2, host: bc31a1f7cf94, networkLocation: /default-rack, certSerialId: null}, Type:RATIS, Factor:ONE, State:OPEN, leaderId:32bb5132-3190-4c64-bf84-ebbd3e705cf4, CreationTimestamp2020-04-03T12:22:40.041Z]
2020-04-03 12:24:09,654 [EventQueue-StaleNodeForStaleNodeHandler] INFO  pipeline.PipelineStateManager (PipelineStateManager.java:finalizePipeline(120)) - Pipeline Pipeline[ Id: e8a5f3de-d803-4e95-a771-8509371c81b5, Nodes: 32bb5132-3190-4c64-bf84-ebbd3e705cf4{ip: 172.17.0.2, host: bc31a1f7cf94, networkLocation: /default-rack, certSerialId: null}, Type:RATIS, Factor:ONE, State:CLOSED, leaderId:32bb5132-3190-4c64-bf84-ebbd3e705cf4, CreationTimestamp2020-04-03T12:22:40.041Z] moved to CLOSED state
2020-04-03 12:24:09,654 [grpc-default-executor-1] INFO  ratis.XceiverServerRatis (XceiverServerRatis.java:handleLeaderChangedNotification(739)) - Leader change notification received for group: group-9B462AAFDDCD with new leaderId: 60104982-6318-49fc-a8c7-671d7edb1a00
2020-04-03 12:24:09,654 [grpc-default-executor-1] INFO  impl.RaftServerImpl (ServerState.java:setLeader(255)) - b4a43d29-118c-4b02-9b7b-443b0a36c06e@group-9B462AAFDDCD: change Leader from null to 60104982-6318-49fc-a8c7-671d7edb1a00 at term 2 for appendEntries, leader elected after 14ms
2020-04-03 12:24:09,655 [EventQueue-CloseContainerForCloseContainerEventHandler] INFO  container.CloseContainerEventHandler (CloseContainerEventHandler.java:onMessage(61)) - Close container Event triggered for container : #1
2020-04-03 12:24:09,661 [grpc-default-executor-13] INFO  impl.RaftServerImpl (ServerState.java:setRaftConf(356)) - b4a43d29-118c-4b02-9b7b-443b0a36c06e@group-9B462AAFDDCD: set configuration 7: [32bb5132-3190-4c64-bf84-ebbd3e705cf4:172.17.0.2:46159, b4a43d29-118c-4b02-9b7b-443b0a36c06e:172.17.0.2:40513, 60104982-6318-49fc-a8c7-671d7edb1a00:172.17.0.2:37215], old=null at 7
2020-04-03 12:24:09,661 [grpc-default-executor-13] INFO  segmented.SegmentedRaftLogWorker (SegmentedRaftLogWorker.java:rollLogSegment(396)) - b4a43d29-118c-4b02-9b7b-443b0a36c06e@group-9B462AAFDDCD-SegmentedRaftLogWorker: Rolling segment log-0_6 to index:6
2020-04-03 12:24:09,661 [b4a43d29-118c-4b02-9b7b-443b0a36c06e@group-9B462AAFDDCD-SegmentedRaftLogWorker] INFO  segmented.SegmentedRaftLogWorker (SegmentedRaftLogWorker.java:execute(541)) - b4a43d29-118c-4b02-9b7b-443b0a36c06e@group-9B462AAFDDCD-SegmentedRaftLogWorker: Rolled log segment from /github/workspace/hadoop-ozone/integration-test/target/test-dir/MiniOzoneClusterImpl-54c97517-776f-4ce9-b1d6-5922e4042064/datanode-2/data/ratis/596afeba-ad50-4139-8e2d-9b462aafddcd/current/log_inprogress_0 to /github/workspace/hadoop-ozone/integration-test/target/test-dir/MiniOzoneClusterImpl-54c97517-776f-4ce9-b1d6-5922e4042064/datanode-2/data/ratis/596afeba-ad50-4139-8e2d-9b462aafddcd/current/log_0-6
2020-04-03 12:24:09,662 [b4a43d29-118c-4b02-9b7b-443b0a36c06e@group-9B462AAFDDCD-SegmentedRaftLogWorker] INFO  segmented.SegmentedRaftLogWorker (SegmentedRaftLogWorker.java:execute(583)) - b4a43d29-118c-4b02-9b7b-443b0a36c06e@group-9B462AAFDDCD-SegmentedRaftLogWorker: created new log segment /github/workspace/hadoop-ozone/integration-test/target/test-dir/MiniOzoneClusterImpl-54c97517-776f-4ce9-b1d6-5922e4042064/datanode-2/data/ratis/596afeba-ad50-4139-8e2d-9b462aafddcd/current/log_inprogress_7
2020-04-03 12:24:09,663 [grpc-default-executor-12] INFO  impl.FollowerInfo (FollowerInfo.java:lambda$new$0(50)) - 60104982-6318-49fc-a8c7-671d7edb1a00@group-9B462AAFDDCD->32bb5132-3190-4c64-bf84-ebbd3e705cf4: nextIndex: updateUnconditionally 8 -> 1
2020-04-03 12:24:09,668 [grpc-default-executor-1] WARN  server.GrpcLogAppender (LogUtils.java:warn(122)) - 60104982-6318-49fc-a8c7-671d7edb1a00@group-9B462AAFDDCD->32bb5132-3190-4c64-bf84-ebbd3e705cf4-AppendLogResponseHandler: Failed appendEntries: org.apache.ratis.thirdparty.io.grpc.StatusRuntimeException: UNAVAILABLE: io exception
2020-04-03 12:24:09,669 [grpc-default-executor-1] INFO  impl.FollowerInfo (FollowerInfo.java:lambda$new$0(50)) - 60104982-6318-49fc-a8c7-671d7edb1a00@group-9B462AAFDDCD->32bb5132-3190-4c64-bf84-ebbd3e705cf4: nextIndex: updateUnconditionally 2 -> 1
2020-04-03 12:24:09,677 [grpc-default-executor-12] WARN  server.GrpcLogAppender (LogUtils.java:warn(122)) - 60104982-6318-49fc-a8c7-671d7edb1a00@group-9B462AAFDDCD->32bb5132-3190-4c64-bf84-ebbd3e705cf4-AppendLogResponseHandler: Failed appendEntries: org.apache.ratis.thirdparty.io.grpc.StatusRuntimeException: UNAVAILABLE: io exception
2020-04-03 12:24:09,677 [grpc-default-executor-12] INFO  impl.FollowerInfo (FollowerInfo.java:lambda$new$0(50)) - 60104982-6318-49fc-a8c7-671d7edb1a00@group-9B462AAFDDCD->32bb5132-3190-4c64-bf84-ebbd3e705cf4: nextIndex: updateUnconditionally 2 -> 1
2020-04-03 12:24:09,798 [grpc-default-executor-1] WARN  server.GrpcLogAppender (LogUtils.java:warn(122)) - 51d79ad1-091b-476d-b3ea-570089388469@group-EC46D86256B6->1ad7987d-30f8-499c-992f-34a29b261407-AppendLogResponseHandler: Failed appendEntries: org.apache.ratis.thirdparty.io.grpc.StatusRuntimeException: UNAVAILABLE: io exception
2020-04-03 12:24:09,799 [grpc-default-executor-1] INFO  impl.FollowerInfo (FollowerInfo.java:lambda$new$0(50)) - 51d79ad1-091b-476d-b3ea-570089388469@group-EC46D86256B6->1ad7987d-30f8-499c-992f-34a29b261407: nextIndex: updateUnconditionally 12 -> 11
2020-04-03 12:24:09,852 [EventQueue-StaleNodeForStaleNodeHandler] INFO  node.StaleNodeHandler (StaleNodeHandler.java:onMessage(58)) - Datanode 1ad7987d-30f8-499c-992f-34a29b261407{ip: 172.17.0.2, host: bc31a1f7cf94, networkLocation: /default-rack, certSerialId: null} moved to stale state. Finalizing its pipelines [PipelineID=30ed9ebf-2c1f-4188-8c48-5fe9eaec25cc, PipelineID=20312da7-76b4-450e-b4af-ffe3da64eeb3, PipelineID=e28a9491-70a6-410e-9598-ec46d86256b6]
2020-04-03 12:24:09,852 [EventQueue-StaleNodeForStaleNodeHandler] INFO  pipeline.SCMPipelineManager (SCMPipelineManager.java:finalizeAndDestroyPipeline(391)) - Destroying pipeline:Pipeline[ Id: 30ed9ebf-2c1f-4188-8c48-5fe9eaec25cc, Nodes: 51d79ad1-091b-476d-b3ea-570089388469{ip: 172.17.0.2, host: bc31a1f7cf94, networkLocation: /default-rack, certSerialId: null}1ad7987d-30f8-499c-992f-34a29b261407{ip: 172.17.0.2, host: bc31a1f7cf94, networkLocation: /default-rack, certSerialId: null}5ea4e034-58ac-4e1a-97e7-fb59da8c8203{ip: 172.17.0.2, host: bc31a1f7cf94, networkLocation: /default-rack, certSerialId: null}, Type:RATIS, Factor:THREE, State:OPEN, leaderId:5ea4e034-58ac-4e1a-97e7-fb59da8c8203, CreationTimestamp2020-04-03T12:22:40.287Z]
2020-04-03 12:24:09,852 [EventQueue-StaleNodeForStaleNodeHandler] INFO  pipeline.PipelineStateManager (PipelineStateManager.java:finalizePipeline(120)) - Pipeline Pipeline[ Id: 30ed9ebf-2c1f-4188-8c48-5fe9eaec25cc, Nodes: 51d79ad1-091b-476d-b3ea-570089388469{ip: 172.17.0.2, host: bc31a1f7cf94, networkLocation: /default-rack, certSerialId: null}1ad7987d-30f8-499c-992f-34a29b261407{ip: 172.17.0.2, host: bc31a1f7cf94, networkLocation: /default-rack, certSerialId: null}5ea4e034-58ac-4e1a-97e7-fb59da8c8203{ip: 172.17.0.2, host: bc31a1f7cf94, networkLocation: /default-rack, certSerialId: null}, Type:RATIS, Factor:THREE, State:CLOSED, leaderId:5ea4e034-58ac-4e1a-97e7-fb59da8c8203, CreationTimestamp2020-04-03T12:22:40.287Z] moved to CLOSED state
2020-04-03 12:24:09,852 [EventQueue-StaleNodeForStaleNodeHandler] INFO  pipeline.SCMPipelineManager (SCMPipelineManager.java:finalizeAndDestroyPipeline(391)) - Destroying pipeline:Pipeline[ Id: 20312da7-76b4-450e-b4af-ffe3da64eeb3, Nodes: 1ad7987d-30f8-499c-992f-34a29b261407{ip: 172.17.0.2, host: bc31a1f7cf94, networkLocation: /default-rack, certSerialId: null}, Type:RATIS, Factor:ONE, State:OPEN, leaderId:1ad7987d-30f8-499c-992f-34a29b261407, CreationTimestamp2020-04-03T12:22:40.248Z]
2020-04-03 12:24:09,852 [EventQueue-StaleNodeForStaleNodeHandler] INFO  pipeline.PipelineStateManager (PipelineStateManager.java:finalizePipeline(120)) - Pipeline Pipeline[ Id: 20312da7-76b4-450e-b4af-ffe3da64eeb3, Nodes: 1ad7987d-30f8-499c-992f-34a29b261407{ip: 172.17.0.2, host: bc31a1f7cf94, networkLocation: /default-rack, certSerialId: null}, Type:RATIS, Factor:ONE, State:CLOSED, leaderId:1ad7987d-30f8-499c-992f-34a29b261407, CreationTimestamp2020-04-03T12:22:40.248Z] moved to CLOSED state
2020-04-03 12:24:09,853 [EventQueue-StaleNodeForStaleNodeHandler] INFO  pipeline.SCMPipelineManager (SCMPipelineManager.java:finalizeAndDestroyPipeline(391)) - Destroying pipeline:Pipeline[ Id: e28a9491-70a6-410e-9598-ec46d86256b6, Nodes: 1ad7987d-30f8-499c-992f-34a29b261407{ip: 172.17.0.2, host: bc31a1f7cf94, networkLocation: /default-rack, certSerialId: null}51d79ad1-091b-476d-b3ea-570089388469{ip: 172.17.0.2, host: bc31a1f7cf94, networkLocation: /default-rack, certSerialId: null}5ea4e034-58ac-4e1a-97e7-fb59da8c8203{ip: 172.17.0.2, host: bc31a1f7cf94, networkLocation: /default-rack, certSerialId: null}, Type:RATIS, Factor:THREE, State:OPEN, leaderId:51d79ad1-091b-476d-b3ea-570089388469, CreationTimestamp2020-04-03T12:22:40.288Z]
2020-04-03 12:24:09,853 [EventQueue-StaleNodeForStaleNodeHandler] INFO  pipeline.PipelineStateManager (PipelineStateManager.java:finalizePipeline(120)) - Pipeline Pipeline[ Id: e28a9491-70a6-410e-9598-ec46d86256b6, Nodes: 1ad7987d-30f8-499c-992f-34a29b261407{ip: 172.17.0.2, host: bc31a1f7cf94, networkLocation: /default-rack, certSerialId: null}51d79ad1-091b-476d-b3ea-570089388469{ip: 172.17.0.2, host: bc31a1f7cf94, networkLocation: /default-rack, certSerialId: null}5ea4e034-58ac-4e1a-97e7-fb59da8c8203{ip: 172.17.0.2, host: bc31a1f7cf94, networkLocation: /default-rack, certSerialId: null}, Type:RATIS, Factor:THREE, State:CLOSED, leaderId:51d79ad1-091b-476d-b3ea-570089388469, CreationTimestamp2020-04-03T12:22:40.288Z] moved to CLOSED state
2020-04-03 12:24:09,853 [EventQueue-CloseContainerForCloseContainerEventHandler] INFO  container.CloseContainerEventHandler (CloseContainerEventHandler.java:onMessage(61)) - Close container Event triggered for container : #2
2020-04-03 12:24:09,949 [main] INFO  ozoneimpl.OzoneContainer (OzoneContainer.java:stop(245)) - Attempting to stop container services.
2020-04-03 12:24:09,950 [main] INFO  impl.RaftServerProxy (RaftServerProxy.java:lambda$close$4(314)) - 5ea4e034-58ac-4e1a-97e7-fb59da8c8203: close
2020-04-03 12:24:09,950 [main] INFO  impl.RaftServerImpl (RaftServerImpl.java:lambda$shutdown$3(249)) - 5ea4e034-58ac-4e1a-97e7-fb59da8c8203@group-5FE9EAEC25CC: shutdown
2020-04-03 12:24:09,950 [main] INFO  util.JmxRegister (JmxRegister.java:unregister(73)) - Successfully un-registered JMX Bean with object name Ratis:service=RaftServer,group=group-5FE9EAEC25CC,id=5ea4e034-58ac-4e1a-97e7-fb59da8c8203
2020-04-03 12:24:09,950 [main] INFO  impl.RoleInfo (RoleInfo.java:shutdownLeaderState(104)) - 5ea4e034-58ac-4e1a-97e7-fb59da8c8203: shutdown LeaderState
2020-04-03 12:24:09,952 [org.apache.ratis.server.impl.LogAppender$AppenderDaemon$$Lambda$421/844371036@3b6c5974] WARN  server.GrpcLogAppender (GrpcLogAppender.java:mayWait(153)) - 5ea4e034-58ac-4e1a-97e7-fb59da8c8203@group-5FE9EAEC25CC->1ad7987d-30f8-499c-992f-34a29b261407-GrpcLogAppender: Wait interrupted by java.lang.InterruptedException
2020-04-03 12:24:09,952 [main] INFO  impl.PendingRequests (PendingRequests.java:sendNotLeaderResponses(240)) - 5ea4e034-58ac-4e1a-97e7-fb59da8c8203@group-5FE9EAEC25CC-PendingRequests: sendNotLeaderResponses
2020-04-03 12:24:09,952 [main] INFO  metrics.RatisMetrics (RatisMetrics.java:unregister(46)) - Unregistering Metrics Registry : ratis.log_appender.5ea4e034-58ac-4e1a-97e7-fb59da8c8203@group-5FE9EAEC25CC
2020-04-03 12:24:09,952 [main] INFO  impl.StateMachineUpdater (StateMachineUpdater.java:stopAndJoin(139)) - 5ea4e034-58ac-4e1a-97e7-fb59da8c8203@group-5FE9EAEC25CC-StateMachineUpdater: set stopIndex = 0
2020-04-03 12:24:09,952 [org.apache.ratis.server.impl.LogAppender$AppenderDaemon$$Lambda$421/844371036@1d51f6] WARN  server.GrpcLogAppender (GrpcLogAppender.java:mayWait(153)) - 5ea4e034-58ac-4e1a-97e7-fb59da8c8203@group-5FE9EAEC25CC->51d79ad1-091b-476d-b3ea-570089388469-GrpcLogAppender: Wait interrupted by java.lang.InterruptedException
2020-04-03 12:24:09,953 [5ea4e034-58ac-4e1a-97e7-fb59da8c8203@group-5FE9EAEC25CC-StateMachineUpdater] INFO  ratis.ContainerStateMachine (ContainerStateMachine.java:takeSnapshot(295)) - group-5FE9EAEC25CC: Taking a snapshot at:(t:1, i:0) file /github/workspace/hadoop-ozone/integration-test/target/test-dir/MiniOzoneClusterImpl-54c97517-776f-4ce9-b1d6-5922e4042064/datanode-3/data/ratis/30ed9ebf-2c1f-4188-8c48-5fe9eaec25cc/sm/snapshot.1_0
2020-04-03 12:24:09,953 [grpc-default-executor-1] INFO  server.GrpcServerProtocolService (GrpcServerProtocolService.java:onCompleted(137)) - 51d79ad1-091b-476d-b3ea-570089388469: Completed APPEND_ENTRIES, lastRequest: 5ea4e034-58ac-4e1a-97e7-fb59da8c8203->51d79ad1-091b-476d-b3ea-570089388469#1-t1, previous=(t:0, i:0), leaderCommit=0, initializing? false, entries: size=1, first=(t:1, i:0), CONFIGURATIONENTRY
2020-04-03 12:24:09,953 [ForkJoinPool.commonPool-worker-1] INFO  ozoneimpl.OzoneContainer (OzoneContainer.java:stop(245)) - Attempting to stop container services.
2020-04-03 12:24:09,953 [ForkJoinPool.commonPool-worker-1] INFO  impl.RaftServerProxy (RaftServerProxy.java:lambda$close$4(314)) - b4a43d29-118c-4b02-9b7b-443b0a36c06e: close
2020-04-03 12:24:09,954 [ForkJoinPool.commonPool-worker-1] INFO  impl.RaftServerImpl (RaftServerImpl.java:lambda$shutdown$3(249)) - b4a43d29-118c-4b02-9b7b-443b0a36c06e@group-9B462AAFDDCD: shutdown
2020-04-03 12:24:09,954 [ForkJoinPool.commonPool-worker-1] INFO  util.JmxRegister (JmxRegister.java:unregister(73)) - Successfully un-registered JMX Bean with object name Ratis:service=RaftServer,group=group-9B462AAFDDCD,id=b4a43d29-118c-4b02-9b7b-443b0a36c06e
2020-04-03 12:24:09,954 [ForkJoinPool.commonPool-worker-1] INFO  impl.RoleInfo (RoleInfo.java:shutdownFollowerState(121)) - b4a43d29-118c-4b02-9b7b-443b0a36c06e: shutdown FollowerState
2020-04-03 12:24:09,954 [ForkJoinPool.commonPool-worker-1] INFO  impl.StateMachineUpdater (StateMachineUpdater.java:stopAndJoin(139)) - b4a43d29-118c-4b02-9b7b-443b0a36c06e@group-9B462AAFDDCD-StateMachineUpdater: set stopIndex = 7
2020-04-03 12:24:09,954 [Thread-2769] INFO  impl.FollowerState (FollowerState.java:run(117)) - b4a43d29-118c-4b02-9b7b-443b0a36c06e@group-9B462AAFDDCD-FollowerState was interrupted: java.lang.InterruptedException: sleep interrupted
2020-04-03 12:24:09,955 [b4a43d29-118c-4b02-9b7b-443b0a36c06e@group-9B462AAFDDCD-StateMachineUpdater] INFO  ratis.ContainerStateMachine (ContainerStateMachine.java:takeSnapshot(295)) - group-9B462AAFDDCD: Taking a snapshot at:(t:2, i:7) file /github/workspace/hadoop-ozone/integration-test/target/test-dir/MiniOzoneClusterImpl-54c97517-776f-4ce9-b1d6-5922e4042064/datanode-2/data/ratis/596afeba-ad50-4139-8e2d-9b462aafddcd/sm/snapshot.2_7
2020-04-03 12:24:09,954 [5ea4e034-58ac-4e1a-97e7-fb59da8c8203@group-5FE9EAEC25CC-StateMachineUpdater] INFO  ratis.ContainerStateMachine (ContainerStateMachine.java:takeSnapshot(306)) - group-5FE9EAEC25CC: Finished taking a snapshot at:(t:1, i:0) file:/github/workspace/hadoop-ozone/integration-test/target/test-dir/MiniOzoneClusterImpl-54c97517-776f-4ce9-b1d6-5922e4042064/datanode-3/data/ratis/30ed9ebf-2c1f-4188-8c48-5fe9eaec25cc/sm/snapshot.1_0 time:1
2020-04-03 12:24:09,955 [5ea4e034-58ac-4e1a-97e7-fb59da8c8203@group-5FE9EAEC25CC-StateMachineUpdater] INFO  impl.StateMachineUpdater (StateMachineUpdater.java:takeSnapshot(274)) - 5ea4e034-58ac-4e1a-97e7-fb59da8c8203@group-5FE9EAEC25CC-StateMachineUpdater: Took a snapshot at index 0
2020-04-03 12:24:09,955 [5ea4e034-58ac-4e1a-97e7-fb59da8c8203@group-5FE9EAEC25CC-StateMachineUpdater] INFO  impl.StateMachineUpdater (StateMachineUpdater.java:lambda$new$0(86)) - 5ea4e034-58ac-4e1a-97e7-fb59da8c8203@group-5FE9EAEC25CC-StateMachineUpdater: snapshotIndex: updateIncreasingly -1 -> 0
2020-04-03 12:24:09,955 [5ea4e034-58ac-4e1a-97e7-fb59da8c8203@group-5FE9EAEC25CC-StateMachineUpdater] INFO  metrics.RatisMetrics (RatisMetrics.java:unregister(46)) - Unregistering Metrics Registry : ratis.state_machine.5ea4e034-58ac-4e1a-97e7-fb59da8c8203@group-5FE9EAEC25CC
2020-04-03 12:24:09,956 [main] INFO  impl.RaftServerImpl (ServerState.java:close(387)) - 5ea4e034-58ac-4e1a-97e7-fb59da8c8203@group-5FE9EAEC25CC: closes. applyIndex: 0
2020-04-03 12:24:09,956 [b4a43d29-118c-4b02-9b7b-443b0a36c06e@group-9B462AAFDDCD-StateMachineUpdater] INFO  ratis.ContainerStateMachine (ContainerStateMachine.java:takeSnapshot(306)) - group-9B462AAFDDCD: Finished taking a snapshot at:(t:2, i:7) file:/github/workspace/hadoop-ozone/integration-test/target/test-dir/MiniOzoneClusterImpl-54c97517-776f-4ce9-b1d6-5922e4042064/datanode-2/data/ratis/596afeba-ad50-4139-8e2d-9b462aafddcd/sm/snapshot.2_7 time:1
2020-04-03 12:24:09,956 [b4a43d29-118c-4b02-9b7b-443b0a36c06e@group-9B462AAFDDCD-StateMachineUpdater] INFO  impl.StateMachineUpdater (StateMachineUpdater.java:takeSnapshot(274)) - b4a43d29-118c-4b02-9b7b-443b0a36c06e@group-9B462AAFDDCD-StateMachineUpdater: Took a snapshot at index 7
2020-04-03 12:24:09,956 [b4a43d29-118c-4b02-9b7b-443b0a36c06e@group-9B462AAFDDCD-StateMachineUpdater] INFO  impl.StateMachineUpdater (StateMachineUpdater.java:lambda$new$0(86)) - b4a43d29-118c-4b02-9b7b-443b0a36c06e@group-9B462AAFDDCD-StateMachineUpdater: snapshotIndex: updateIncreasingly -1 -> 7
2020-04-03 12:24:09,956 [grpc-default-executor-12] INFO  server.GrpcLogAppender (GrpcLogAppender.java:onCompleted(308)) - 5ea4e034-58ac-4e1a-97e7-fb59da8c8203@group-5FE9EAEC25CC->51d79ad1-091b-476d-b3ea-570089388469-AppendLogResponseHandler: follower responses appendEntries COMPLETED
2020-04-03 12:24:09,957 [5ea4e034-58ac-4e1a-97e7-fb59da8c8203@group-5FE9EAEC25CC-SegmentedRaftLogWorker] INFO  segmented.SegmentedRaftLogWorker (SegmentedRaftLogWorker.java:run(321)) - 5ea4e034-58ac-4e1a-97e7-fb59da8c8203@group-5FE9EAEC25CC-SegmentedRaftLogWorker was interrupted, exiting. There are 0 tasks remaining in the queue.
2020-04-03 12:24:09,957 [b4a43d29-118c-4b02-9b7b-443b0a36c06e@group-9B462AAFDDCD-StateMachineUpdater] INFO  metrics.RatisMetrics (RatisMetrics.java:unregister(46)) - Unregistering Metrics Registry : ratis.state_machine.b4a43d29-118c-4b02-9b7b-443b0a36c06e@group-9B462AAFDDCD
2020-04-03 12:24:09,957 [grpc-default-executor-12] INFO  impl.FollowerInfo (FollowerInfo.java:lambda$new$0(50)) - 5ea4e034-58ac-4e1a-97e7-fb59da8c8203@group-5FE9EAEC25CC->51d79ad1-091b-476d-b3ea-570089388469: nextIndex: updateUnconditionally 1 -> 0
2020-04-03 12:24:09,957 [ForkJoinPool.commonPool-worker-1] INFO  impl.RaftServerImpl (ServerState.java:close(387)) - b4a43d29-118c-4b02-9b7b-443b0a36c06e@group-9B462AAFDDCD: closes. applyIndex: 7
2020-04-03 12:24:09,958 [main] INFO  segmented.SegmentedRaftLogWorker (SegmentedRaftLogWorker.java:close(229)) - 5ea4e034-58ac-4e1a-97e7-fb59da8c8203@group-5FE9EAEC25CC-SegmentedRaftLogWorker close()
2020-04-03 12:24:09,959 [main] INFO  metrics.RatisMetrics (RatisMetrics.java:unregister(46)) - Unregistering Metrics Registry : ratis.log_worker.5ea4e034-58ac-4e1a-97e7-fb59da8c8203
2020-04-03 12:24:09,959 [main] INFO  metrics.RatisMetrics (RatisMetrics.java:unregister(46)) - Unregistering Metrics Registry : ratis.leader_election.5ea4e034-58ac-4e1a-97e7-fb59da8c8203@group-5FE9EAEC25CC
2020-04-03 12:24:09,959 [main] INFO  metrics.RatisMetrics (RatisMetrics.java:unregister(46)) - Unregistering Metrics Registry : ratis.server.5ea4e034-58ac-4e1a-97e7-fb59da8c8203@group-5FE9EAEC25CC
2020-04-03 12:24:09,959 [main] INFO  impl.RaftServerImpl (RaftServerImpl.java:lambda$shutdown$3(249)) - 5ea4e034-58ac-4e1a-97e7-fb59da8c8203@group-EC46D86256B6: shutdown
2020-04-03 12:24:09,959 [main] INFO  util.JmxRegister (JmxRegister.java:unregister(73)) - Successfully un-registered JMX Bean with object name Ratis:service=RaftServer,group=group-EC46D86256B6,id=5ea4e034-58ac-4e1a-97e7-fb59da8c8203
2020-04-03 12:24:09,960 [main] INFO  impl.RoleInfo (RoleInfo.java:shutdownFollowerState(121)) - 5ea4e034-58ac-4e1a-97e7-fb59da8c8203: shutdown FollowerState
2020-04-03 12:24:09,960 [Thread-2397] INFO  impl.FollowerState (FollowerState.java:run(117)) - 5ea4e034-58ac-4e1a-97e7-fb59da8c8203@group-EC46D86256B6-FollowerState was interrupted: java.lang.InterruptedException: sleep interrupted
2020-04-03 12:24:09,960 [b4a43d29-118c-4b02-9b7b-443b0a36c06e@group-9B462AAFDDCD-SegmentedRaftLogWorker] INFO  segmented.SegmentedRaftLogWorker (SegmentedRaftLogWorker.java:run(321)) - b4a43d29-118c-4b02-9b7b-443b0a36c06e@group-9B462AAFDDCD-SegmentedRaftLogWorker was interrupted, exiting. There are 0 tasks remaining in the queue.
2020-04-03 12:24:09,961 [ForkJoinPool.commonPool-worker-1] INFO  segmented.SegmentedRaftLogWorker (SegmentedRaftLogWorker.java:close(229)) - b4a43d29-118c-4b02-9b7b-443b0a36c06e@group-9B462AAFDDCD-SegmentedRaftLogWorker close()
2020-04-03 12:24:09,961 [ForkJoinPool.commonPool-worker-1] INFO  metrics.RatisMetrics (RatisMetrics.java:unregister(46)) - Unregistering Metrics Registry : ratis.log_worker.b4a43d29-118c-4b02-9b7b-443b0a36c06e
2020-04-03 12:24:09,961 [ForkJoinPool.commonPool-worker-1] INFO  metrics.RatisMetrics (RatisMetrics.java:unregister(46)) - Unregistering Metrics Registry : ratis.leader_election.b4a43d29-118c-4b02-9b7b-443b0a36c06e@group-9B462AAFDDCD
2020-04-03 12:24:09,961 [ForkJoinPool.commonPool-worker-1] INFO  metrics.RatisMetrics (RatisMetrics.java:unregister(46)) - Unregistering Metrics Registry : ratis.server.b4a43d29-118c-4b02-9b7b-443b0a36c06e@group-9B462AAFDDCD
2020-04-03 12:24:09,962 [ForkJoinPool.commonPool-worker-1] INFO  impl.RaftServerImpl (RaftServerImpl.java:lambda$shutdown$3(249)) - b4a43d29-118c-4b02-9b7b-443b0a36c06e@group-FA17F83450AF: shutdown
2020-04-03 12:24:09,962 [ForkJoinPool.commonPool-worker-1] INFO  util.JmxRegister (JmxRegister.java:unregister(73)) - Successfully un-registered JMX Bean with object name Ratis:service=RaftServer,group=group-FA17F83450AF,id=b4a43d29-118c-4b02-9b7b-443b0a36c06e
2020-04-03 12:24:09,962 [ForkJoinPool.commonPool-worker-1] INFO  impl.RoleInfo (RoleInfo.java:shutdownLeaderState(104)) - b4a43d29-118c-4b02-9b7b-443b0a36c06e: shutdown LeaderState
2020-04-03 12:24:09,962 [main] INFO  impl.StateMachineUpdater (StateMachineUpdater.java:stopAndJoin(139)) - 5ea4e034-58ac-4e1a-97e7-fb59da8c8203@group-EC46D86256B6-StateMachineUpdater: set stopIndex = 11
2020-04-03 12:24:09,962 [org.apache.ratis.server.impl.LogAppender$AppenderDaemon$$Lambda$421/844371036@18a3d30f] WARN  server.GrpcLogAppender (GrpcLogAppender.java:mayWait(153)) - b4a43d29-118c-4b02-9b7b-443b0a36c06e@group-FA17F83450AF->32bb5132-3190-4c64-bf84-ebbd3e705cf4-GrpcLogAppender: Wait interrupted by java.lang.InterruptedException
2020-04-03 12:24:09,963 [5ea4e034-58ac-4e1a-97e7-fb59da8c8203@group-EC46D86256B6-StateMachineUpdater] INFO  ratis.ContainerStateMachine (ContainerStateMachine.java:takeSnapshot(295)) - group-EC46D86256B6: Taking a snapshot at:(t:1, i:11) file /github/workspace/hadoop-ozone/integration-test/target/test-dir/MiniOzoneClusterImpl-54c97517-776f-4ce9-b1d6-5922e4042064/datanode-3/data/ratis/e28a9491-70a6-410e-9598-ec46d86256b6/sm/snapshot.1_11
2020-04-03 12:24:09,964 [ForkJoinPool.commonPool-worker-1] INFO  impl.PendingRequests (PendingRequests.java:sendNotLeaderResponses(240)) - b4a43d29-118c-4b02-9b7b-443b0a36c06e@group-FA17F83450AF-PendingRequests: sendNotLeaderResponses
2020-04-03 12:24:09,964 [org.apache.ratis.server.impl.LogAppender$AppenderDaemon$$Lambda$421/844371036@288a74a7] WARN  server.GrpcLogAppender (GrpcLogAppender.java:mayWait(153)) - b4a43d29-118c-4b02-9b7b-443b0a36c06e@group-FA17F83450AF->60104982-6318-49fc-a8c7-671d7edb1a00-GrpcLogAppender: Wait interrupted by java.lang.InterruptedException
2020-04-03 12:24:09,964 [grpc-default-executor-12] INFO  server.GrpcServerProtocolService (GrpcServerProtocolService.java:onCompleted(137)) - 60104982-6318-49fc-a8c7-671d7edb1a00: Completed APPEND_ENTRIES, lastRequest: b4a43d29-118c-4b02-9b7b-443b0a36c06e->60104982-6318-49fc-a8c7-671d7edb1a00#6-t3, previous=(t:3, i:1), leaderCommit=1, initializing? false, entries: size=1, first=(t:3, i:2), METADATAENTRY(c:1)
2020-04-03 12:24:09,965 [5ea4e034-58ac-4e1a-97e7-fb59da8c8203@group-EC46D86256B6-StateMachineUpdater] INFO  ratis.ContainerStateMachine (ContainerStateMachine.java:takeSnapshot(306)) - group-EC46D86256B6: Finished taking a snapshot at:(t:1, i:11) file:/github/workspace/hadoop-ozone/integration-test/target/test-dir/MiniOzoneClusterImpl-54c97517-776f-4ce9-b1d6-5922e4042064/datanode-3/data/ratis/e28a9491-70a6-410e-9598-ec46d86256b6/sm/snapshot.1_11 time:3
2020-04-03 12:24:09,965 [grpc-default-executor-12] INFO  server.GrpcLogAppender (GrpcLogAppender.java:onCompleted(308)) - b4a43d29-118c-4b02-9b7b-443b0a36c06e@group-FA17F83450AF->60104982-6318-49fc-a8c7-671d7edb1a00-AppendLogResponseHandler: follower responses appendEntries COMPLETED
2020-04-03 12:24:09,965 [5ea4e034-58ac-4e1a-97e7-fb59da8c8203@group-EC46D86256B6-StateMachineUpdater] INFO  impl.StateMachineUpdater (StateMachineUpdater.java:takeSnapshot(274)) - 5ea4e034-58ac-4e1a-97e7-fb59da8c8203@group-EC46D86256B6-StateMachineUpdater: Took a snapshot at index 11
2020-04-03 12:24:09,965 [5ea4e034-58ac-4e1a-97e7-fb59da8c8203@group-EC46D86256B6-StateMachineUpdater] INFO  impl.StateMachineUpdater (StateMachineUpdater.java:lambda$new$0(86)) - 5ea4e034-58ac-4e1a-97e7-fb59da8c8203@group-EC46D86256B6-StateMachineUpdater: snapshotIndex: updateIncreasingly -1 -> 11
2020-04-03 12:24:09,966 [5ea4e034-58ac-4e1a-97e7-fb59da8c8203@group-EC46D86256B6-StateMachineUpdater] INFO  metrics.RatisMetrics (RatisMetrics.java:unregister(46)) - Unregistering Metrics Registry : ratis.state_machine.5ea4e034-58ac-4e1a-97e7-fb59da8c8203@group-EC46D86256B6
2020-04-03 12:24:09,966 [main] INFO  impl.RaftServerImpl (ServerState.java:close(387)) - 5ea4e034-58ac-4e1a-97e7-fb59da8c8203@group-EC46D86256B6: closes. applyIndex: 11
2020-04-03 12:24:09,966 [5ea4e034-58ac-4e1a-97e7-fb59da8c8203@group-EC46D86256B6-SegmentedRaftLogWorker] INFO  segmented.SegmentedRaftLogWorker (SegmentedRaftLogWorker.java:run(321)) - 5ea4e034-58ac-4e1a-97e7-fb59da8c8203@group-EC46D86256B6-SegmentedRaftLogWorker was interrupted, exiting. There are 0 tasks remaining in the queue.
2020-04-03 12:24:09,966 [grpc-default-executor-12] INFO  impl.FollowerInfo (FollowerInfo.java:lambda$new$0(50)) - b4a43d29-118c-4b02-9b7b-443b0a36c06e@group-FA17F83450AF->60104982-6318-49fc-a8c7-671d7edb1a00: nextIndex: updateUnconditionally 3 -> 2
2020-04-03 12:24:09,967 [main] INFO  segmented.SegmentedRaftLogWorker (SegmentedRaftLogWorker.java:close(229)) - 5ea4e034-58ac-4e1a-97e7-fb59da8c8203@group-EC46D86256B6-SegmentedRaftLogWorker close()
2020-04-03 12:24:09,967 [main] INFO  metrics.RatisMetrics (RatisMetrics.java:unregister(46)) - Unregistering Metrics Registry : ratis.log_worker.5ea4e034-58ac-4e1a-97e7-fb59da8c8203
2020-04-03 12:24:09,968 [main] INFO  metrics.RatisMetrics (RatisMetrics.java:unregister(46)) - Unregistering Metrics Registry : ratis.leader_election.5ea4e034-58ac-4e1a-97e7-fb59da8c8203@group-EC46D86256B6
2020-04-03 12:24:09,968 [main] INFO  metrics.RatisMetrics (RatisMetrics.java:unregister(46)) - Unregistering Metrics Registry : ratis.server.5ea4e034-58ac-4e1a-97e7-fb59da8c8203@group-EC46D86256B6
2020-04-03 12:24:09,968 [main] INFO  impl.RaftServerImpl (RaftServerImpl.java:lambda$shutdown$3(249)) - 5ea4e034-58ac-4e1a-97e7-fb59da8c8203@group-82D4E3C7A127: shutdown
2020-04-03 12:24:09,968 [main] INFO  util.JmxRegister (JmxRegister.java:unregister(73)) - Successfully un-registered JMX Bean with object name Ratis:service=RaftServer,group=group-82D4E3C7A127,id=5ea4e034-58ac-4e1a-97e7-fb59da8c8203
2020-04-03 12:24:09,968 [main] INFO  impl.RoleInfo (RoleInfo.java:shutdownLeaderState(104)) - 5ea4e034-58ac-4e1a-97e7-fb59da8c8203: shutdown LeaderState
2020-04-03 12:24:09,968 [main] INFO  impl.PendingRequests (PendingRequests.java:sendNotLeaderResponses(240)) - 5ea4e034-58ac-4e1a-97e7-fb59da8c8203@group-82D4E3C7A127-PendingRequests: sendNotLeaderResponses
2020-04-03 12:24:09,969 [main] INFO  metrics.RatisMetrics (RatisMetrics.java:unregister(46)) - Unregistering Metrics Registry : ratis.log_appender.5ea4e034-58ac-4e1a-97e7-fb59da8c8203@group-82D4E3C7A127
2020-04-03 12:24:09,971 [main] INFO  impl.StateMachineUpdater (StateMachineUpdater.java:stopAndJoin(139)) - 5ea4e034-58ac-4e1a-97e7-fb59da8c8203@group-82D4E3C7A127-StateMachineUpdater: set stopIndex = 0
2020-04-03 12:24:09,971 [5ea4e034-58ac-4e1a-97e7-fb59da8c8203@group-82D4E3C7A127-StateMachineUpdater] INFO  ratis.ContainerStateMachine (ContainerStateMachine.java:takeSnapshot(295)) - group-82D4E3C7A127: Taking a snapshot at:(t:1, i:0) file /github/workspace/hadoop-ozone/integration-test/target/test-dir/MiniOzoneClusterImpl-54c97517-776f-4ce9-b1d6-5922e4042064/datanode-3/data/ratis/7bbd0ff0-2723-4c11-a971-82d4e3c7a127/sm/snapshot.1_0
2020-04-03 12:24:09,972 [5ea4e034-58ac-4e1a-97e7-fb59da8c8203@group-82D4E3C7A127-StateMachineUpdater] INFO  ratis.ContainerStateMachine (ContainerStateMachine.java:takeSnapshot(306)) - group-82D4E3C7A127: Finished taking a snapshot at:(t:1, i:0) file:/github/workspace/hadoop-ozone/integration-test/target/test-dir/MiniOzoneClusterImpl-54c97517-776f-4ce9-b1d6-5922e4042064/datanode-3/data/ratis/7bbd0ff0-2723-4c11-a971-82d4e3c7a127/sm/snapshot.1_0 time:1
2020-04-03 12:24:09,972 [5ea4e034-58ac-4e1a-97e7-fb59da8c8203@group-82D4E3C7A127-StateMachineUpdater] INFO  impl.StateMachineUpdater (StateMachineUpdater.java:takeSnapshot(274)) - 5ea4e034-58ac-4e1a-97e7-fb59da8c8203@group-82D4E3C7A127-StateMachineUpdater: Took a snapshot at index 0
2020-04-03 12:24:09,972 [5ea4e034-58ac-4e1a-97e7-fb59da8c8203@group-82D4E3C7A127-StateMachineUpdater] INFO  impl.StateMachineUpdater (StateMachineUpdater.java:lambda$new$0(86)) - 5ea4e034-58ac-4e1a-97e7-fb59da8c8203@group-82D4E3C7A127-StateMachineUpdater: snapshotIndex: updateIncreasingly -1 -> 0
2020-04-03 12:24:09,972 [5ea4e034-58ac-4e1a-97e7-fb59da8c8203@group-82D4E3C7A127-StateMachineUpdater] INFO  metrics.RatisMetrics (RatisMetrics.java:unregister(46)) - Unregistering Metrics Registry : ratis.state_machine.5ea4e034-58ac-4e1a-97e7-fb59da8c8203@group-82D4E3C7A127
2020-04-03 12:24:09,972 [main] INFO  impl.RaftServerImpl (ServerState.java:close(387)) - 5ea4e034-58ac-4e1a-97e7-fb59da8c8203@group-82D4E3C7A127: closes. applyIndex: 0
2020-04-03 12:24:09,972 [ForkJoinPool.commonPool-worker-1] INFO  metrics.RatisMetrics (RatisMetrics.java:unregister(46)) - Unregistering Metrics Registry : ratis.log_appender.b4a43d29-118c-4b02-9b7b-443b0a36c06e@group-FA17F83450AF
2020-04-03 12:24:09,972 [5ea4e034-58ac-4e1a-97e7-fb59da8c8203@group-82D4E3C7A127-SegmentedRaftLogWorker] INFO  segmented.SegmentedRaftLogWorker (SegmentedRaftLogWorker.java:run(321)) - 5ea4e034-58ac-4e1a-97e7-fb59da8c8203@group-82D4E3C7A127-SegmentedRaftLogWorker was interrupted, exiting. There are 0 tasks remaining in the queue.
2020-04-03 12:24:09,973 [ForkJoinPool.commonPool-worker-1] INFO  impl.StateMachineUpdater (StateMachineUpdater.java:stopAndJoin(139)) - b4a43d29-118c-4b02-9b7b-443b0a36c06e@group-FA17F83450AF-StateMachineUpdater: set stopIndex = 2
2020-04-03 12:24:09,973 [b4a43d29-118c-4b02-9b7b-443b0a36c06e@group-FA17F83450AF-StateMachineUpdater] INFO  ratis.ContainerStateMachine (ContainerStateMachine.java:takeSnapshot(295)) - group-FA17F83450AF: Taking a snapshot at:(t:3, i:2) file /github/workspace/hadoop-ozone/integration-test/target/test-dir/MiniOzoneClusterImpl-54c97517-776f-4ce9-b1d6-5922e4042064/datanode-2/data/ratis/24efe3c7-eeac-4a70-9691-fa17f83450af/sm/snapshot.3_2
2020-04-03 12:24:09,974 [b4a43d29-118c-4b02-9b7b-443b0a36c06e@group-FA17F83450AF-StateMachineUpdater] INFO  ratis.ContainerStateMachine (ContainerStateMachine.java:takeSnapshot(306)) - group-FA17F83450AF: Finished taking a snapshot at:(t:3, i:2) file:/github/workspace/hadoop-ozone/integration-test/target/test-dir/MiniOzoneClusterImpl-54c97517-776f-4ce9-b1d6-5922e4042064/datanode-2/data/ratis/24efe3c7-eeac-4a70-9691-fa17f83450af/sm/snapshot.3_2 time:1
2020-04-03 12:24:09,974 [main] INFO  segmented.SegmentedRaftLogWorker (SegmentedRaftLogWorker.java:close(229)) - 5ea4e034-58ac-4e1a-97e7-fb59da8c8203@group-82D4E3C7A127-SegmentedRaftLogWorker close()
2020-04-03 12:24:09,974 [b4a43d29-118c-4b02-9b7b-443b0a36c06e@group-FA17F83450AF-StateMachineUpdater] INFO  impl.StateMachineUpdater (StateMachineUpdater.java:takeSnapshot(274)) - b4a43d29-118c-4b02-9b7b-443b0a36c06e@group-FA17F83450AF-StateMachineUpdater: Took a snapshot at index 2
2020-04-03 12:24:09,974 [b4a43d29-118c-4b02-9b7b-443b0a36c06e@group-FA17F83450AF-StateMachineUpdater] INFO  impl.StateMachineUpdater (StateMachineUpdater.java:lambda$new$0(86)) - b4a43d29-118c-4b02-9b7b-443b0a36c06e@group-FA17F83450AF-StateMachineUpdater: snapshotIndex: updateIncreasingly -1 -> 2
2020-04-03 12:24:09,974 [b4a43d29-118c-4b02-9b7b-443b0a36c06e@group-FA17F83450AF-StateMachineUpdater] INFO  metrics.RatisMetrics (RatisMetrics.java:unregister(46)) - Unregistering Metrics Registry : ratis.state_machine.b4a43d29-118c-4b02-9b7b-443b0a36c06e@group-FA17F83450AF
2020-04-03 12:24:09,974 [ForkJoinPool.commonPool-worker-1] INFO  impl.RaftServerImpl (ServerState.java:close(387)) - b4a43d29-118c-4b02-9b7b-443b0a36c06e@group-FA17F83450AF: closes. applyIndex: 2
2020-04-03 12:24:09,976 [b4a43d29-118c-4b02-9b7b-443b0a36c06e@group-FA17F83450AF-SegmentedRaftLogWorker] INFO  segmented.SegmentedRaftLogWorker (SegmentedRaftLogWorker.java:run(321)) - b4a43d29-118c-4b02-9b7b-443b0a36c06e@group-FA17F83450AF-SegmentedRaftLogWorker was interrupted, exiting. There are 0 tasks remaining in the queue.
2020-04-03 12:24:09,976 [ForkJoinPool.commonPool-worker-1] INFO  segmented.SegmentedRaftLogWorker (SegmentedRaftLogWorker.java:close(229)) - b4a43d29-118c-4b02-9b7b-443b0a36c06e@group-FA17F83450AF-SegmentedRaftLogWorker close()
2020-04-03 12:24:09,976 [ForkJoinPool.commonPool-worker-1] INFO  metrics.RatisMetrics (RatisMetrics.java:unregister(46)) - Unregistering Metrics Registry : ratis.log_worker.b4a43d29-118c-4b02-9b7b-443b0a36c06e
2020-04-03 12:24:09,976 [ForkJoinPool.commonPool-worker-1] INFO  metrics.RatisMetrics (RatisMetrics.java:unregister(46)) - Unregistering Metrics Registry : ratis.leader_election.b4a43d29-118c-4b02-9b7b-443b0a36c06e@group-FA17F83450AF
2020-04-03 12:24:09,976 [ForkJoinPool.commonPool-worker-1] INFO  metrics.RatisMetrics (RatisMetrics.java:unregister(46)) - Unregistering Metrics Registry : ratis.server.b4a43d29-118c-4b02-9b7b-443b0a36c06e@group-FA17F83450AF
2020-04-03 12:24:09,976 [ForkJoinPool.commonPool-worker-1] INFO  impl.RaftServerImpl (RaftServerImpl.java:lambda$shutdown$3(249)) - b4a43d29-118c-4b02-9b7b-443b0a36c06e@group-4DBA51E2039E: shutdown
2020-04-03 12:24:09,976 [ForkJoinPool.commonPool-worker-1] INFO  util.JmxRegister (JmxRegister.java:unregister(73)) - Successfully un-registered JMX Bean with object name Ratis:service=RaftServer,group=group-4DBA51E2039E,id=b4a43d29-118c-4b02-9b7b-443b0a36c06e
2020-04-03 12:24:09,977 [ForkJoinPool.commonPool-worker-1] INFO  impl.RoleInfo (RoleInfo.java:shutdownLeaderState(104)) - b4a43d29-118c-4b02-9b7b-443b0a36c06e: shutdown LeaderState
2020-04-03 12:24:09,977 [ForkJoinPool.commonPool-worker-1] INFO  impl.PendingRequests (PendingRequests.java:sendNotLeaderResponses(240)) - b4a43d29-118c-4b02-9b7b-443b0a36c06e@group-4DBA51E2039E-PendingRequests: sendNotLeaderResponses
2020-04-03 12:24:09,977 [ForkJoinPool.commonPool-worker-1] INFO  metrics.RatisMetrics (RatisMetrics.java:unregister(46)) - Unregistering Metrics Registry : ratis.log_appender.b4a43d29-118c-4b02-9b7b-443b0a36c06e@group-4DBA51E2039E
2020-04-03 12:24:09,977 [b4a43d29-118c-4b02-9b7b-443b0a36c06e@group-4DBA51E2039E-StateMachineUpdater] INFO  ratis.ContainerStateMachine (ContainerStateMachine.java:takeSnapshot(295)) - group-4DBA51E2039E: Taking a snapshot at:(t:1, i:0) file /github/workspace/hadoop-ozone/integration-test/target/test-dir/MiniOzoneClusterImpl-54c97517-776f-4ce9-b1d6-5922e4042064/datanode-2/data/ratis/920d2f76-6c14-4680-90f2-4dba51e2039e/sm/snapshot.1_0
2020-04-03 12:24:09,977 [ForkJoinPool.commonPool-worker-1] INFO  impl.StateMachineUpdater (StateMachineUpdater.java:stopAndJoin(139)) - b4a43d29-118c-4b02-9b7b-443b0a36c06e@group-4DBA51E2039E-StateMachineUpdater: set stopIndex = 0
2020-04-03 12:24:09,976 [main] INFO  metrics.RatisMetrics (RatisMetrics.java:unregister(46)) - Unregistering Metrics Registry : ratis.log_worker.5ea4e034-58ac-4e1a-97e7-fb59da8c8203
2020-04-03 12:24:09,978 [main] INFO  metrics.RatisMetrics (RatisMetrics.java:unregister(46)) - Unregistering Metrics Registry : ratis.leader_election.5ea4e034-58ac-4e1a-97e7-fb59da8c8203@group-82D4E3C7A127
2020-04-03 12:24:09,978 [main] INFO  metrics.RatisMetrics (RatisMetrics.java:unregister(46)) - Unregistering Metrics Registry : ratis.server.5ea4e034-58ac-4e1a-97e7-fb59da8c8203@group-82D4E3C7A127
2020-04-03 12:24:09,978 [b4a43d29-118c-4b02-9b7b-443b0a36c06e@group-4DBA51E2039E-StateMachineUpdater] INFO  ratis.ContainerStateMachine (ContainerStateMachine.java:takeSnapshot(306)) - group-4DBA51E2039E: Finished taking a snapshot at:(t:1, i:0) file:/github/workspace/hadoop-ozone/integration-test/target/test-dir/MiniOzoneClusterImpl-54c97517-776f-4ce9-b1d6-5922e4042064/datanode-2/data/ratis/920d2f76-6c14-4680-90f2-4dba51e2039e/sm/snapshot.1_0 time:0
2020-04-03 12:24:09,978 [main] INFO  server.GrpcService (GrpcService.java:closeImpl(164)) - 5ea4e034-58ac-4e1a-97e7-fb59da8c8203: shutdown server with port 39023 now
2020-04-03 12:24:09,978 [b4a43d29-118c-4b02-9b7b-443b0a36c06e@group-4DBA51E2039E-StateMachineUpdater] INFO  impl.StateMachineUpdater (StateMachineUpdater.java:takeSnapshot(274)) - b4a43d29-118c-4b02-9b7b-443b0a36c06e@group-4DBA51E2039E-StateMachineUpdater: Took a snapshot at index 0
2020-04-03 12:24:09,978 [b4a43d29-118c-4b02-9b7b-443b0a36c06e@group-4DBA51E2039E-StateMachineUpdater] INFO  impl.StateMachineUpdater (StateMachineUpdater.java:lambda$new$0(86)) - b4a43d29-118c-4b02-9b7b-443b0a36c06e@group-4DBA51E2039E-StateMachineUpdater: snapshotIndex: updateIncreasingly -1 -> 0
2020-04-03 12:24:09,978 [b4a43d29-118c-4b02-9b7b-443b0a36c06e@group-4DBA51E2039E-StateMachineUpdater] INFO  metrics.RatisMetrics (RatisMetrics.java:unregister(46)) - Unregistering Metrics Registry : ratis.state_machine.b4a43d29-118c-4b02-9b7b-443b0a36c06e@group-4DBA51E2039E
2020-04-03 12:24:09,979 [ForkJoinPool.commonPool-worker-1] INFO  impl.RaftServerImpl (ServerState.java:close(387)) - b4a43d29-118c-4b02-9b7b-443b0a36c06e@group-4DBA51E2039E: closes. applyIndex: 0
2020-04-03 12:24:09,979 [grpc-default-executor-1] WARN  server.GrpcServerProtocolService (LogUtils.java:warn(122)) - 5ea4e034-58ac-4e1a-97e7-fb59da8c8203: installSnapshot onError, lastRequest: 51d79ad1-091b-476d-b3ea-570089388469->5ea4e034-58ac-4e1a-97e7-fb59da8c8203#40-t1, previous=(t:1, i:10), leaderCommit=6, initializing? false, entries: size=1, first=(t:1, i:11), METADATAENTRY(c:6): org.apache.ratis.thirdparty.io.grpc.StatusRuntimeException: CANCELLED: cancelled before receiving half close
2020-04-03 12:24:09,979 [b4a43d29-118c-4b02-9b7b-443b0a36c06e@group-4DBA51E2039E-SegmentedRaftLogWorker] INFO  segmented.SegmentedRaftLogWorker (SegmentedRaftLogWorker.java:run(321)) - b4a43d29-118c-4b02-9b7b-443b0a36c06e@group-4DBA51E2039E-SegmentedRaftLogWorker was interrupted, exiting. There are 0 tasks remaining in the queue.
2020-04-03 12:24:09,979 [ForkJoinPool.commonPool-worker-1] INFO  segmented.SegmentedRaftLogWorker (SegmentedRaftLogWorker.java:close(229)) - b4a43d29-118c-4b02-9b7b-443b0a36c06e@group-4DBA51E2039E-SegmentedRaftLogWorker close()
2020-04-03 12:24:09,980 [grpc-default-executor-12] WARN  server.GrpcLogAppender (LogUtils.java:warn(122)) - 51d79ad1-091b-476d-b3ea-570089388469@group-EC46D86256B6->5ea4e034-58ac-4e1a-97e7-fb59da8c8203-AppendLogResponseHandler: Failed appendEntries: org.apache.ratis.thirdparty.io.grpc.StatusRuntimeException: CANCELLED: HTTP/2 error code: CANCEL
Received Rst Stream
2020-04-03 12:24:09,980 [grpc-default-executor-12] INFO  impl.FollowerInfo (FollowerInfo.java:lambda$new$0(50)) - 51d79ad1-091b-476d-b3ea-570089388469@group-EC46D86256B6->5ea4e034-58ac-4e1a-97e7-fb59da8c8203: nextIndex: updateUnconditionally 12 -> 11
2020-04-03 12:24:09,980 [ForkJoinPool.commonPool-worker-1] INFO  metrics.RatisMetrics (RatisMetrics.java:unregister(46)) - Unregistering Metrics Registry : ratis.log_worker.b4a43d29-118c-4b02-9b7b-443b0a36c06e
2020-04-03 12:24:09,980 [ForkJoinPool.commonPool-worker-1] INFO  metrics.RatisMetrics (RatisMetrics.java:unregister(46)) - Unregistering Metrics Registry : ratis.leader_election.b4a43d29-118c-4b02-9b7b-443b0a36c06e@group-4DBA51E2039E
2020-04-03 12:24:09,980 [ForkJoinPool.commonPool-worker-1] INFO  metrics.RatisMetrics (RatisMetrics.java:unregister(46)) - Unregistering Metrics Registry : ratis.server.b4a43d29-118c-4b02-9b7b-443b0a36c06e@group-4DBA51E2039E
2020-04-03 12:24:09,980 [ForkJoinPool.commonPool-worker-1] INFO  server.GrpcService (GrpcService.java:closeImpl(164)) - b4a43d29-118c-4b02-9b7b-443b0a36c06e: shutdown server with port 40513 now
2020-04-03 12:24:09,984 [main] INFO  server.GrpcService (GrpcService.java:closeImpl(172)) - 5ea4e034-58ac-4e1a-97e7-fb59da8c8203: shutdown server with port 39023 successfully
2020-04-03 12:24:09,985 [ForkJoinPool.commonPool-worker-1] INFO  server.GrpcService (GrpcService.java:closeImpl(172)) - b4a43d29-118c-4b02-9b7b-443b0a36c06e: shutdown server with port 40513 successfully
2020-04-03 12:24:09,985 [grpc-default-executor-13] WARN  server.GrpcServerProtocolService (LogUtils.java:warn(122)) - b4a43d29-118c-4b02-9b7b-443b0a36c06e: installSnapshot onError, lastRequest: 60104982-6318-49fc-a8c7-671d7edb1a00->b4a43d29-118c-4b02-9b7b-443b0a36c06e#2-t2, previous=(t:2, i:7), leaderCommit=7, initializing? false, entries: size=1, first=(t:2, i:8), METADATAENTRY(c:7): org.apache.ratis.thirdparty.io.grpc.StatusRuntimeException: CANCELLED: cancelled before receiving half close
2020-04-03 12:24:09,986 [grpc-default-executor-1] WARN  server.GrpcLogAppender (LogUtils.java:warn(122)) - 60104982-6318-49fc-a8c7-671d7edb1a00@group-9B462AAFDDCD->b4a43d29-118c-4b02-9b7b-443b0a36c06e-AppendLogResponseHandler: Failed appendEntries: org.apache.ratis.thirdparty.io.grpc.StatusRuntimeException: CANCELLED: HTTP/2 error code: CANCEL
Received Rst Stream
2020-04-03 12:24:09,987 [grpc-default-executor-1] INFO  impl.FollowerInfo (FollowerInfo.java:lambda$new$0(50)) - 60104982-6318-49fc-a8c7-671d7edb1a00@group-9B462AAFDDCD->b4a43d29-118c-4b02-9b7b-443b0a36c06e: nextIndex: updateUnconditionally 9 -> 8
2020-04-03 12:24:10,010 [main] INFO  utils.BackgroundService (BackgroundService.java:shutdown(157)) - Shutting down service BlockDeletingService
2020-04-03 12:24:10,023 [main] INFO  statemachine.DatanodeStateMachine (DatanodeStateMachine.java:stopDaemon(435)) - Ozone container server stopped.
2020-04-03 12:24:10,025 [ForkJoinPool.commonPool-worker-1] INFO  utils.BackgroundService (BackgroundService.java:shutdown(157)) - Shutting down service BlockDeletingService
2020-04-03 12:24:10,025 [main] INFO  handler.ContextHandler (ContextHandler.java:doStop(1016)) - Stopped o.e.j.w.WebAppContext@66b3db35{hddsDatanode,/,null,UNAVAILABLE}{jar:file:/home/user/.m2/repository/org/apache/hadoop/hadoop-hdds-container-service/0.6.0-SNAPSHOT/hadoop-hdds-container-service-0.6.0-SNAPSHOT.jar!/webapps/hddsDatanode}
2020-04-03 12:24:10,027 [ForkJoinPool.commonPool-worker-1] INFO  statemachine.DatanodeStateMachine (DatanodeStateMachine.java:stopDaemon(435)) - Ozone container server stopped.
2020-04-03 12:24:10,027 [main] INFO  server.AbstractConnector (AbstractConnector.java:doStop(380)) - Stopped ServerConnector@39ba1902{HTTP/1.1,[http/1.1]}{0.0.0.0:0}
2020-04-03 12:24:10,027 [main] INFO  server.session (HouseKeeper.java:stopScavenging(158)) - node0 Stopped scavenging
2020-04-03 12:24:10,028 [main] INFO  handler.ContextHandler (ContextHandler.java:doStop(1016)) - Stopped o.e.j.s.ServletContextHandler@5579b21e{static,/static,jar:file:/home/user/.m2/repository/org/apache/hadoop/hadoop-hdds-container-service/0.6.0-SNAPSHOT/hadoop-hdds-container-service-0.6.0-SNAPSHOT.jar!/webapps/static,UNAVAILABLE}
2020-04-03 12:24:10,028 [main] INFO  handler.ContextHandler (ContextHandler.java:doStop(1016)) - Stopped o.e.j.s.ServletContextHandler@73fff432{logs,/logs,file:///github/workspace/hadoop-ozone/integration-test/target/log,UNAVAILABLE}
2020-04-03 12:24:10,030 [ForkJoinPool.commonPool-worker-1] INFO  handler.ContextHandler (ContextHandler.java:doStop(1016)) - Stopped o.e.j.w.WebAppContext@2aa606d5{hddsDatanode,/,null,UNAVAILABLE}{jar:file:/home/user/.m2/repository/org/apache/hadoop/hadoop-hdds-container-service/0.6.0-SNAPSHOT/hadoop-hdds-container-service-0.6.0-SNAPSHOT.jar!/webapps/hddsDatanode}
2020-04-03 12:24:10,031 [ForkJoinPool.commonPool-worker-1] INFO  server.AbstractConnector (AbstractConnector.java:doStop(380)) - Stopped ServerConnector@e1585fb{HTTP/1.1,[http/1.1]}{0.0.0.0:0}
2020-04-03 12:24:10,031 [ForkJoinPool.commonPool-worker-1] INFO  server.session (HouseKeeper.java:stopScavenging(158)) - node0 Stopped scavenging
2020-04-03 12:24:10,032 [ForkJoinPool.commonPool-worker-1] INFO  handler.ContextHandler (ContextHandler.java:doStop(1016)) - Stopped o.e.j.s.ServletContextHandler@42075a7c{static,/static,jar:file:/home/user/.m2/repository/org/apache/hadoop/hadoop-hdds-container-service/0.6.0-SNAPSHOT/hadoop-hdds-container-service-0.6.0-SNAPSHOT.jar!/webapps/static,UNAVAILABLE}
2020-04-03 12:24:10,035 [ForkJoinPool.commonPool-worker-1] INFO  handler.ContextHandler (ContextHandler.java:doStop(1016)) - Stopped o.e.j.s.ServletContextHandler@66f57780{logs,/logs,file:///github/workspace/hadoop-ozone/integration-test/target/log,UNAVAILABLE}
2020-04-03 12:24:10,417 [Datanode State Machine Thread - 0] INFO  statemachine.DatanodeStateMachine (DatanodeStateMachine.java:lambda$startDaemon$0(387)) - Ozone container server started.
2020-04-03 12:24:10,644 [Datanode State Machine Thread - 0] INFO  statemachine.DatanodeStateMachine (DatanodeStateMachine.java:lambda$startDaemon$0(387)) - Ozone container server started.
2020-04-03 12:24:12,178 [grpc-default-executor-12] WARN  server.GrpcLogAppender (LogUtils.java:warn(122)) - 60104982-6318-49fc-a8c7-671d7edb1a00@group-9B462AAFDDCD->32bb5132-3190-4c64-bf84-ebbd3e705cf4-AppendLogResponseHandler: Failed appendEntries: org.apache.ratis.thirdparty.io.grpc.StatusRuntimeException: UNAVAILABLE: io exception
2020-04-03 12:24:12,179 [grpc-default-executor-12] INFO  impl.FollowerInfo (FollowerInfo.java:lambda$new$0(50)) - 60104982-6318-49fc-a8c7-671d7edb1a00@group-9B462AAFDDCD->32bb5132-3190-4c64-bf84-ebbd3e705cf4: nextIndex: updateUnconditionally 2 -> 1
2020-04-03 12:24:12,179 [grpc-default-executor-1] WARN  server.GrpcLogAppender (LogUtils.java:warn(122)) - 60104982-6318-49fc-a8c7-671d7edb1a00@group-9B462AAFDDCD->b4a43d29-118c-4b02-9b7b-443b0a36c06e-AppendLogResponseHandler: Failed appendEntries: org.apache.ratis.thirdparty.io.grpc.StatusRuntimeException: UNAVAILABLE: io exception
2020-04-03 12:24:12,179 [grpc-default-executor-1] INFO  impl.FollowerInfo (FollowerInfo.java:lambda$new$0(50)) - 60104982-6318-49fc-a8c7-671d7edb1a00@group-9B462AAFDDCD->b4a43d29-118c-4b02-9b7b-443b0a36c06e: nextIndex: updateUnconditionally 9 -> 8
2020-04-03 12:24:12,300 [grpc-default-executor-5] WARN  server.GrpcLogAppender (LogUtils.java:warn(122)) - 51d79ad1-091b-476d-b3ea-570089388469@group-EC46D86256B6->1ad7987d-30f8-499c-992f-34a29b261407-AppendLogResponseHandler: Failed appendEntries: org.apache.ratis.thirdparty.io.grpc.StatusRuntimeException: UNAVAILABLE: io exception
2020-04-03 12:24:12,300 [grpc-default-executor-5] INFO  impl.FollowerInfo (FollowerInfo.java:lambda$new$0(50)) - 51d79ad1-091b-476d-b3ea-570089388469@group-EC46D86256B6->1ad7987d-30f8-499c-992f-34a29b261407: nextIndex: updateUnconditionally 12 -> 11
2020-04-03 12:24:12,300 [grpc-default-executor-13] WARN  server.GrpcLogAppender (LogUtils.java:warn(122)) - 51d79ad1-091b-476d-b3ea-570089388469@group-EC46D86256B6->5ea4e034-58ac-4e1a-97e7-fb59da8c8203-AppendLogResponseHandler: Failed appendEntries: org.apache.ratis.thirdparty.io.grpc.StatusRuntimeException: UNAVAILABLE: io exception
2020-04-03 12:24:12,300 [grpc-default-executor-13] INFO  impl.FollowerInfo (FollowerInfo.java:lambda$new$0(50)) - 51d79ad1-091b-476d-b3ea-570089388469@group-EC46D86256B6->5ea4e034-58ac-4e1a-97e7-fb59da8c8203: nextIndex: updateUnconditionally 12 -> 11
2020-04-03 12:24:12,774 [grpc-default-executor-13] WARN  server.GrpcLogAppender (LogUtils.java:warn(122)) - 51d79ad1-091b-476d-b3ea-570089388469@group-EC46D86256B6->5ea4e034-58ac-4e1a-97e7-fb59da8c8203-AppendLogResponseHandler: Failed appendEntries: org.apache.ratis.thirdparty.io.grpc.StatusRuntimeException: UNAVAILABLE: io exception
2020-04-03 12:24:12,774 [grpc-default-executor-13] INFO  impl.FollowerInfo (FollowerInfo.java:lambda$new$0(50)) - 51d79ad1-091b-476d-b3ea-570089388469@group-EC46D86256B6->5ea4e034-58ac-4e1a-97e7-fb59da8c8203: nextIndex: updateUnconditionally 12 -> 11
2020-04-03 12:24:12,777 [grpc-default-executor-13] WARN  server.GrpcLogAppender (LogUtils.java:warn(122)) - 51d79ad1-091b-476d-b3ea-570089388469@group-EC46D86256B6->1ad7987d-30f8-499c-992f-34a29b261407-AppendLogResponseHandler: Failed appendEntries: org.apache.ratis.thirdparty.io.grpc.StatusRuntimeException: UNAVAILABLE: io exception
2020-04-03 12:24:12,777 [grpc-default-executor-13] INFO  impl.FollowerInfo (FollowerInfo.java:lambda$new$0(50)) - 51d79ad1-091b-476d-b3ea-570089388469@group-EC46D86256B6->1ad7987d-30f8-499c-992f-34a29b261407: nextIndex: updateUnconditionally 12 -> 11
2020-04-03 12:24:14,258 [EventQueue-StaleNodeForStaleNodeHandler] INFO  node.StaleNodeHandler (StaleNodeHandler.java:onMessage(58)) - Datanode b4a43d29-118c-4b02-9b7b-443b0a36c06e{ip: 172.17.0.2, host: bc31a1f7cf94, networkLocation: /default-rack, certSerialId: null} moved to stale state. Finalizing its pipelines [PipelineID=596afeba-ad50-4139-8e2d-9b462aafddcd, PipelineID=24efe3c7-eeac-4a70-9691-fa17f83450af, PipelineID=920d2f76-6c14-4680-90f2-4dba51e2039e]
2020-04-03 12:24:14,258 [EventQueue-StaleNodeForStaleNodeHandler] INFO  pipeline.SCMPipelineManager (SCMPipelineManager.java:finalizeAndDestroyPipeline(391)) - Destroying pipeline:Pipeline[ Id: 596afeba-ad50-4139-8e2d-9b462aafddcd, Nodes: 32bb5132-3190-4c64-bf84-ebbd3e705cf4{ip: 172.17.0.2, host: bc31a1f7cf94, networkLocation: /default-rack, certSerialId: null}b4a43d29-118c-4b02-9b7b-443b0a36c06e{ip: 172.17.0.2, host: bc31a1f7cf94, networkLocation: /default-rack, certSerialId: null}60104982-6318-49fc-a8c7-671d7edb1a00{ip: 172.17.0.2, host: bc31a1f7cf94, networkLocation: /default-rack, certSerialId: null}, Type:RATIS, Factor:THREE, State:CLOSED, leaderId:60104982-6318-49fc-a8c7-671d7edb1a00, CreationTimestamp2020-04-03T12:22:40.108Z]
2020-04-03 12:24:14,258 [EventQueue-StaleNodeForStaleNodeHandler] INFO  pipeline.SCMPipelineManager (SCMPipelineManager.java:finalizeAndDestroyPipeline(391)) - Destroying pipeline:Pipeline[ Id: 24efe3c7-eeac-4a70-9691-fa17f83450af, Nodes: b4a43d29-118c-4b02-9b7b-443b0a36c06e{ip: 172.17.0.2, host: bc31a1f7cf94, networkLocation: /default-rack, certSerialId: null}60104982-6318-49fc-a8c7-671d7edb1a00{ip: 172.17.0.2, host: bc31a1f7cf94, networkLocation: /default-rack, certSerialId: null}32bb5132-3190-4c64-bf84-ebbd3e705cf4{ip: 172.17.0.2, host: bc31a1f7cf94, networkLocation: /default-rack, certSerialId: null}, Type:RATIS, Factor:THREE, State:CLOSED, leaderId:b4a43d29-118c-4b02-9b7b-443b0a36c06e, CreationTimestamp2020-04-03T12:22:40.108Z]
2020-04-03 12:24:14,258 [EventQueue-StaleNodeForStaleNodeHandler] INFO  pipeline.SCMPipelineManager (SCMPipelineManager.java:finalizeAndDestroyPipeline(391)) - Destroying pipeline:Pipeline[ Id: 920d2f76-6c14-4680-90f2-4dba51e2039e, Nodes: b4a43d29-118c-4b02-9b7b-443b0a36c06e{ip: 172.17.0.2, host: bc31a1f7cf94, networkLocation: /default-rack, certSerialId: null}, Type:RATIS, Factor:ONE, State:OPEN, leaderId:b4a43d29-118c-4b02-9b7b-443b0a36c06e, CreationTimestamp2020-04-03T12:22:40.106Z]
2020-04-03 12:24:14,258 [EventQueue-StaleNodeForStaleNodeHandler] INFO  pipeline.PipelineStateManager (PipelineStateManager.java:finalizePipeline(120)) - Pipeline Pipeline[ Id: 920d2f76-6c14-4680-90f2-4dba51e2039e, Nodes: b4a43d29-118c-4b02-9b7b-443b0a36c06e{ip: 172.17.0.2, host: bc31a1f7cf94, networkLocation: /default-rack, certSerialId: null}, Type:RATIS, Factor:ONE, State:CLOSED, leaderId:b4a43d29-118c-4b02-9b7b-443b0a36c06e, CreationTimestamp2020-04-03T12:22:40.106Z] moved to CLOSED state
2020-04-03 12:24:14,679 [grpc-default-executor-5] WARN  server.GrpcLogAppender (LogUtils.java:warn(122)) - 60104982-6318-49fc-a8c7-671d7edb1a00@group-9B462AAFDDCD->b4a43d29-118c-4b02-9b7b-443b0a36c06e-AppendLogResponseHandler: Failed appendEntries: org.apache.ratis.thirdparty.io.grpc.StatusRuntimeException: UNAVAILABLE: io exception
2020-04-03 12:24:14,679 [grpc-default-executor-5] INFO  impl.FollowerInfo (FollowerInfo.java:lambda$new$0(50)) - 60104982-6318-49fc-a8c7-671d7edb1a00@group-9B462AAFDDCD->b4a43d29-118c-4b02-9b7b-443b0a36c06e: nextIndex: updateUnconditionally 9 -> 8
2020-04-03 12:24:14,682 [grpc-default-executor-13] WARN  server.GrpcLogAppender (LogUtils.java:warn(122)) - 60104982-6318-49fc-a8c7-671d7edb1a00@group-9B462AAFDDCD->32bb5132-3190-4c64-bf84-ebbd3e705cf4-AppendLogResponseHandler: Failed appendEntries: org.apache.ratis.thirdparty.io.grpc.StatusRuntimeException: UNAVAILABLE: io exception
2020-04-03 12:24:14,682 [grpc-default-executor-13] INFO  impl.FollowerInfo (FollowerInfo.java:lambda$new$0(50)) - 60104982-6318-49fc-a8c7-671d7edb1a00@group-9B462AAFDDCD->32bb5132-3190-4c64-bf84-ebbd3e705cf4: nextIndex: updateUnconditionally 2 -> 1
2020-04-03 12:24:14,709 [Thread-2445] INFO  impl.FollowerState (FollowerState.java:run(108)) - 60104982-6318-49fc-a8c7-671d7edb1a00@group-FA17F83450AF-FollowerState: change to CANDIDATE, lastRpcTime:6440ms, electionTimeout:5143ms
2020-04-03 12:24:14,709 [Thread-2445] INFO  impl.RoleInfo (RoleInfo.java:shutdownFollowerState(121)) - 60104982-6318-49fc-a8c7-671d7edb1a00: shutdown FollowerState
2020-04-03 12:24:14,709 [Thread-2445] INFO  impl.RaftServerImpl (RaftServerImpl.java:setRole(172)) - 60104982-6318-49fc-a8c7-671d7edb1a00@group-FA17F83450AF: changes role from  FOLLOWER to CANDIDATE at term 3 for changeToCandidate
2020-04-03 12:24:14,710 [Thread-2445] INFO  impl.RoleInfo (RoleInfo.java:updateAndGet(143)) - 60104982-6318-49fc-a8c7-671d7edb1a00: start LeaderElection
2020-04-03 12:24:14,710 [60104982-6318-49fc-a8c7-671d7edb1a00@group-FA17F83450AF-LeaderElection91] INFO  impl.RaftServerImpl (ServerState.java:setLeader(255)) - 60104982-6318-49fc-a8c7-671d7edb1a00@group-FA17F83450AF: change Leader from b4a43d29-118c-4b02-9b7b-443b0a36c06e to null at term 3 for initElection
2020-04-03 12:24:14,712 [60104982-6318-49fc-a8c7-671d7edb1a00@group-FA17F83450AF-LeaderElection91] INFO  impl.LeaderElection (LeaderElection.java:askForVotes(206)) - 60104982-6318-49fc-a8c7-671d7edb1a00@group-FA17F83450AF-LeaderElection91: begin an election at term 4 for 1: [b4a43d29-118c-4b02-9b7b-443b0a36c06e:172.17.0.2:40513, 32bb5132-3190-4c64-bf84-ebbd3e705cf4:172.17.0.2:46159, 60104982-6318-49fc-a8c7-671d7edb1a00:172.17.0.2:37215], old=null
2020-04-03 12:24:14,715 [60104982-6318-49fc-a8c7-671d7edb1a00@group-FA17F83450AF-LeaderElection91] INFO  impl.LeaderElection (LogUtils.java:infoOrTrace(137)) - 60104982-6318-49fc-a8c7-671d7edb1a00@group-FA17F83450AF-LeaderElection91 got exception when requesting votes: java.util.concurrent.ExecutionException: org.apache.ratis.thirdparty.io.grpc.StatusRuntimeException: UNAVAILABLE: io exception
2020-04-03 12:24:14,715 [60104982-6318-49fc-a8c7-671d7edb1a00@group-FA17F83450AF-LeaderElection91] INFO  impl.LeaderElection (LogUtils.java:infoOrTrace(137)) - 60104982-6318-49fc-a8c7-671d7edb1a00@group-FA17F83450AF-LeaderElection91 got exception when requesting votes: java.util.concurrent.ExecutionException: org.apache.ratis.thirdparty.io.grpc.StatusRuntimeException: UNAVAILABLE: io exception
2020-04-03 12:24:14,715 [60104982-6318-49fc-a8c7-671d7edb1a00@group-FA17F83450AF-LeaderElection91] INFO  impl.LeaderElection (LeaderElection.java:logAndReturn(61)) - 60104982-6318-49fc-a8c7-671d7edb1a00@group-FA17F83450AF-LeaderElection91: Election REJECTED; received 0 response(s) [] and 2 exception(s); 60104982-6318-49fc-a8c7-671d7edb1a00@group-FA17F83450AF:t4, leader=null, voted=60104982-6318-49fc-a8c7-671d7edb1a00, raftlog=60104982-6318-49fc-a8c7-671d7edb1a00@group-FA17F83450AF-SegmentedRaftLog:OPENED:c2,f2,i2, conf=1: [b4a43d29-118c-4b02-9b7b-443b0a36c06e:172.17.0.2:40513, 32bb5132-3190-4c64-bf84-ebbd3e705cf4:172.17.0.2:46159, 60104982-6318-49fc-a8c7-671d7edb1a00:172.17.0.2:37215], old=null
2020-04-03 12:24:14,715 [60104982-6318-49fc-a8c7-671d7edb1a00@group-FA17F83450AF-LeaderElection91] INFO  impl.LeaderElection (LogUtils.java:infoOrTrace(137)) -   Exception 0: java.util.concurrent.ExecutionException: org.apache.ratis.thirdparty.io.grpc.StatusRuntimeException: UNAVAILABLE: io exception
2020-04-03 12:24:14,716 [60104982-6318-49fc-a8c7-671d7edb1a00@group-FA17F83450AF-LeaderElection91] INFO  impl.LeaderElection (LogUtils.java:infoOrTrace(137)) -   Exception 1: java.util.concurrent.ExecutionException: org.apache.ratis.thirdparty.io.grpc.StatusRuntimeException: UNAVAILABLE: io exception
2020-04-03 12:24:14,716 [60104982-6318-49fc-a8c7-671d7edb1a00@group-FA17F83450AF-LeaderElection91] INFO  impl.RaftServerImpl (RaftServerImpl.java:setRole(172)) - 60104982-6318-49fc-a8c7-671d7edb1a00@group-FA17F83450AF: changes role from CANDIDATE to FOLLOWER at term 4 for DISCOVERED_A_NEW_TERM
2020-04-03 12:24:14,716 [60104982-6318-49fc-a8c7-671d7edb1a00@group-FA17F83450AF-LeaderElection91] INFO  impl.RoleInfo (RoleInfo.java:shutdownLeaderElection(134)) - 60104982-6318-49fc-a8c7-671d7edb1a00: shutdown LeaderElection
2020-04-03 12:24:14,716 [60104982-6318-49fc-a8c7-671d7edb1a00@group-FA17F83450AF-LeaderElection91] INFO  impl.RoleInfo (RoleInfo.java:updateAndGet(143)) - 60104982-6318-49fc-a8c7-671d7edb1a00: start FollowerState
2020-04-03 12:24:14,809 [Thread-2400] INFO  impl.FollowerState (FollowerState.java:run(108)) - 51d79ad1-091b-476d-b3ea-570089388469@group-5FE9EAEC25CC-FollowerState: change to CANDIDATE, lastRpcTime:6176ms, electionTimeout:5012ms
2020-04-03 12:24:14,813 [Thread-2400] INFO  impl.RoleInfo (RoleInfo.java:shutdownFollowerState(121)) - 51d79ad1-091b-476d-b3ea-570089388469: shutdown FollowerState
2020-04-03 12:24:14,814 [Thread-2400] INFO  impl.RaftServerImpl (RaftServerImpl.java:setRole(172)) - 51d79ad1-091b-476d-b3ea-570089388469@group-5FE9EAEC25CC: changes role from  FOLLOWER to CANDIDATE at term 1 for changeToCandidate
2020-04-03 12:24:14,814 [Thread-2400] INFO  impl.RoleInfo (RoleInfo.java:updateAndGet(143)) - 51d79ad1-091b-476d-b3ea-570089388469: start LeaderElection
2020-04-03 12:24:14,819 [51d79ad1-091b-476d-b3ea-570089388469@group-5FE9EAEC25CC-LeaderElection92] INFO  impl.RaftServerImpl (ServerState.java:setLeader(255)) - 51d79ad1-091b-476d-b3ea-570089388469@group-5FE9EAEC25CC: change Leader from 5ea4e034-58ac-4e1a-97e7-fb59da8c8203 to null at term 1 for initElection
2020-04-03 12:24:14,820 [51d79ad1-091b-476d-b3ea-570089388469@group-5FE9EAEC25CC-LeaderElection92] INFO  impl.LeaderElection (LeaderElection.java:askForVotes(206)) - 51d79ad1-091b-476d-b3ea-570089388469@group-5FE9EAEC25CC-LeaderElection92: begin an election at term 2 for 0: [5ea4e034-58ac-4e1a-97e7-fb59da8c8203:172.17.0.2:39023, 1ad7987d-30f8-499c-992f-34a29b261407:172.17.0.2:41615, 51d79ad1-091b-476d-b3ea-570089388469:172.17.0.2:41413], old=null
2020-04-03 12:24:14,823 [51d79ad1-091b-476d-b3ea-570089388469@group-5FE9EAEC25CC-LeaderElection92] INFO  impl.LeaderElection (LogUtils.java:infoOrTrace(137)) - 51d79ad1-091b-476d-b3ea-570089388469@group-5FE9EAEC25CC-LeaderElection92 got exception when requesting votes: java.util.concurrent.ExecutionException: org.apache.ratis.thirdparty.io.grpc.StatusRuntimeException: UNAVAILABLE: io exception
2020-04-03 12:24:14,823 [51d79ad1-091b-476d-b3ea-570089388469@group-5FE9EAEC25CC-LeaderElection92] INFO  impl.LeaderElection (LogUtils.java:infoOrTrace(137)) - 51d79ad1-091b-476d-b3ea-570089388469@group-5FE9EAEC25CC-LeaderElection92 got exception when requesting votes: java.util.concurrent.ExecutionException: org.apache.ratis.thirdparty.io.grpc.StatusRuntimeException: UNAVAILABLE: io exception
2020-04-03 12:24:14,823 [51d79ad1-091b-476d-b3ea-570089388469@group-5FE9EAEC25CC-LeaderElection92] INFO  impl.LeaderElection (LeaderElection.java:logAndReturn(61)) - 51d79ad1-091b-476d-b3ea-570089388469@group-5FE9EAEC25CC-LeaderElection92: Election REJECTED; received 0 response(s) [] and 2 exception(s); 51d79ad1-091b-476d-b3ea-570089388469@group-5FE9EAEC25CC:t2, leader=null, voted=51d79ad1-091b-476d-b3ea-570089388469, raftlog=51d79ad1-091b-476d-b3ea-570089388469@group-5FE9EAEC25CC-SegmentedRaftLog:OPENED:c0,f0,i0, conf=0: [5ea4e034-58ac-4e1a-97e7-fb59da8c8203:172.17.0.2:39023, 1ad7987d-30f8-499c-992f-34a29b261407:172.17.0.2:41615, 51d79ad1-091b-476d-b3ea-570089388469:172.17.0.2:41413], old=null
2020-04-03 12:24:14,824 [51d79ad1-091b-476d-b3ea-570089388469@group-5FE9EAEC25CC-LeaderElection92] INFO  impl.LeaderElection (LogUtils.java:infoOrTrace(137)) -   Exception 0: java.util.concurrent.ExecutionException: org.apache.ratis.thirdparty.io.grpc.StatusRuntimeException: UNAVAILABLE: io exception
2020-04-03 12:24:14,824 [51d79ad1-091b-476d-b3ea-570089388469@group-5FE9EAEC25CC-LeaderElection92] INFO  impl.LeaderElection (LogUtils.java:infoOrTrace(137)) -   Exception 1: java.util.concurrent.ExecutionException: org.apache.ratis.thirdparty.io.grpc.StatusRuntimeException: UNAVAILABLE: io exception
2020-04-03 12:24:14,824 [51d79ad1-091b-476d-b3ea-570089388469@group-5FE9EAEC25CC-LeaderElection92] INFO  impl.RaftServerImpl (RaftServerImpl.java:setRole(172)) - 51d79ad1-091b-476d-b3ea-570089388469@group-5FE9EAEC25CC: changes role from CANDIDATE to FOLLOWER at term 2 for DISCOVERED_A_NEW_TERM
2020-04-03 12:24:14,824 [51d79ad1-091b-476d-b3ea-570089388469@group-5FE9EAEC25CC-LeaderElection92] INFO  impl.RoleInfo (RoleInfo.java:shutdownLeaderElection(134)) - 51d79ad1-091b-476d-b3ea-570089388469: shutdown LeaderElection
2020-04-03 12:24:14,824 [51d79ad1-091b-476d-b3ea-570089388469@group-5FE9EAEC25CC-LeaderElection92] INFO  impl.RoleInfo (RoleInfo.java:updateAndGet(143)) - 51d79ad1-091b-476d-b3ea-570089388469: start FollowerState
2020-04-03 12:24:14,859 [EventQueue-StaleNodeForStaleNodeHandler] INFO  node.StaleNodeHandler (StaleNodeHandler.java:onMessage(58)) - Datanode 5ea4e034-58ac-4e1a-97e7-fb59da8c8203{ip: 172.17.0.2, host: bc31a1f7cf94, networkLocation: /default-rack, certSerialId: null} moved to stale state. Finalizing its pipelines [PipelineID=30ed9ebf-2c1f-4188-8c48-5fe9eaec25cc, PipelineID=e28a9491-70a6-410e-9598-ec46d86256b6, PipelineID=7bbd0ff0-2723-4c11-a971-82d4e3c7a127]
2020-04-03 12:24:14,859 [EventQueue-StaleNodeForStaleNodeHandler] INFO  pipeline.SCMPipelineManager (SCMPipelineManager.java:finalizeAndDestroyPipeline(391)) - Destroying pipeline:Pipeline[ Id: 30ed9ebf-2c1f-4188-8c48-5fe9eaec25cc, Nodes: 51d79ad1-091b-476d-b3ea-570089388469{ip: 172.17.0.2, host: bc31a1f7cf94, networkLocation: /default-rack, certSerialId: null}1ad7987d-30f8-499c-992f-34a29b261407{ip: 172.17.0.2, host: bc31a1f7cf94, networkLocation: /default-rack, certSerialId: null}5ea4e034-58ac-4e1a-97e7-fb59da8c8203{ip: 172.17.0.2, host: bc31a1f7cf94, networkLocation: /default-rack, certSerialId: null}, Type:RATIS, Factor:THREE, State:CLOSED, leaderId:5ea4e034-58ac-4e1a-97e7-fb59da8c8203, CreationTimestamp2020-04-03T12:22:40.287Z]
2020-04-03 12:24:14,859 [EventQueue-StaleNodeForStaleNodeHandler] INFO  pipeline.SCMPipelineManager (SCMPipelineManager.java:finalizeAndDestroyPipeline(391)) - Destroying pipeline:Pipeline[ Id: e28a9491-70a6-410e-9598-ec46d86256b6, Nodes: 1ad7987d-30f8-499c-992f-34a29b261407{ip: 172.17.0.2, host: bc31a1f7cf94, networkLocation: /default-rack, certSerialId: null}51d79ad1-091b-476d-b3ea-570089388469{ip: 172.17.0.2, host: bc31a1f7cf94, networkLocation: /default-rack, certSerialId: null}5ea4e034-58ac-4e1a-97e7-fb59da8c8203{ip: 172.17.0.2, host: bc31a1f7cf94, networkLocation: /default-rack, certSerialId: null}, Type:RATIS, Factor:THREE, State:CLOSED, leaderId:51d79ad1-091b-476d-b3ea-570089388469, CreationTimestamp2020-04-03T12:22:40.288Z]
2020-04-03 12:24:14,859 [EventQueue-StaleNodeForStaleNodeHandler] INFO  pipeline.SCMPipelineManager (SCMPipelineManager.java:finalizeAndDestroyPipeline(391)) - Destroying pipeline:Pipeline[ Id: 7bbd0ff0-2723-4c11-a971-82d4e3c7a127, Nodes: 5ea4e034-58ac-4e1a-97e7-fb59da8c8203{ip: 172.17.0.2, host: bc31a1f7cf94, networkLocation: /default-rack, certSerialId: null}, Type:RATIS, Factor:ONE, State:OPEN, leaderId:5ea4e034-58ac-4e1a-97e7-fb59da8c8203, CreationTimestamp2020-04-03T12:22:40.248Z]
2020-04-03 12:24:14,859 [EventQueue-StaleNodeForStaleNodeHandler] INFO  pipeline.PipelineStateManager (PipelineStateManager.java:finalizePipeline(120)) - Pipeline Pipeline[ Id: 7bbd0ff0-2723-4c11-a971-82d4e3c7a127, Nodes: 5ea4e034-58ac-4e1a-97e7-fb59da8c8203{ip: 172.17.0.2, host: bc31a1f7cf94, networkLocation: /default-rack, certSerialId: null}, Type:RATIS, Factor:ONE, State:CLOSED, leaderId:5ea4e034-58ac-4e1a-97e7-fb59da8c8203, CreationTimestamp2020-04-03T12:22:40.248Z] moved to CLOSED state
2020-04-03 12:24:15,030 [main] INFO  ozoneimpl.OzoneContainer (OzoneContainer.java:stop(245)) - Attempting to stop container services.
2020-04-03 12:24:15,030 [main] INFO  impl.RaftServerProxy (RaftServerProxy.java:lambda$close$4(314)) - 9d9a213d-ce49-49a0-89d0-46e82b5f8d38: close
2020-04-03 12:24:15,030 [main] INFO  impl.RaftServerImpl (RaftServerImpl.java:lambda$shutdown$3(249)) - 9d9a213d-ce49-49a0-89d0-46e82b5f8d38@group-2572610135C0: shutdown
2020-04-03 12:24:15,030 [main] INFO  util.JmxRegister (JmxRegister.java:unregister(73)) - Successfully un-registered JMX Bean with object name Ratis:service=RaftServer,group=group-2572610135C0,id=9d9a213d-ce49-49a0-89d0-46e82b5f8d38
2020-04-03 12:24:15,031 [main] INFO  impl.RoleInfo (RoleInfo.java:shutdownLeaderState(104)) - 9d9a213d-ce49-49a0-89d0-46e82b5f8d38: shutdown LeaderState
2020-04-03 12:24:15,031 [main] INFO  impl.PendingRequests (PendingRequests.java:sendNotLeaderResponses(240)) - 9d9a213d-ce49-49a0-89d0-46e82b5f8d38@group-2572610135C0-PendingRequests: sendNotLeaderResponses
2020-04-03 12:24:15,031 [main] INFO  metrics.RatisMetrics (RatisMetrics.java:unregister(46)) - Unregistering Metrics Registry : ratis.log_appender.9d9a213d-ce49-49a0-89d0-46e82b5f8d38@group-2572610135C0
2020-04-03 12:24:15,031 [main] INFO  impl.StateMachineUpdater (StateMachineUpdater.java:stopAndJoin(139)) - 9d9a213d-ce49-49a0-89d0-46e82b5f8d38@group-2572610135C0-StateMachineUpdater: set stopIndex = 0
2020-04-03 12:24:15,032 [9d9a213d-ce49-49a0-89d0-46e82b5f8d38@group-2572610135C0-StateMachineUpdater] INFO  ratis.ContainerStateMachine (ContainerStateMachine.java:takeSnapshot(295)) - group-2572610135C0: Taking a snapshot at:(t:1, i:0) file /github/workspace/hadoop-ozone/integration-test/target/test-dir/MiniOzoneClusterImpl-54c97517-776f-4ce9-b1d6-5922e4042064/datanode-6/data/ratis/7b49b74f-8e03-47ef-be1e-2572610135c0/sm/snapshot.1_0
2020-04-03 12:24:15,033 [9d9a213d-ce49-49a0-89d0-46e82b5f8d38@group-2572610135C0-StateMachineUpdater] INFO  ratis.ContainerStateMachine (ContainerStateMachine.java:takeSnapshot(306)) - group-2572610135C0: Finished taking a snapshot at:(t:1, i:0) file:/github/workspace/hadoop-ozone/integration-test/target/test-dir/MiniOzoneClusterImpl-54c97517-776f-4ce9-b1d6-5922e4042064/datanode-6/data/ratis/7b49b74f-8e03-47ef-be1e-2572610135c0/sm/snapshot.1_0 time:1
2020-04-03 12:24:15,033 [9d9a213d-ce49-49a0-89d0-46e82b5f8d38@group-2572610135C0-StateMachineUpdater] INFO  impl.StateMachineUpdater (StateMachineUpdater.java:takeSnapshot(274)) - 9d9a213d-ce49-49a0-89d0-46e82b5f8d38@group-2572610135C0-StateMachineUpdater: Took a snapshot at index 0
2020-04-03 12:24:15,033 [9d9a213d-ce49-49a0-89d0-46e82b5f8d38@group-2572610135C0-StateMachineUpdater] INFO  impl.StateMachineUpdater (StateMachineUpdater.java:lambda$new$0(86)) - 9d9a213d-ce49-49a0-89d0-46e82b5f8d38@group-2572610135C0-StateMachineUpdater: snapshotIndex: updateIncreasingly -1 -> 0
2020-04-03 12:24:15,033 [9d9a213d-ce49-49a0-89d0-46e82b5f8d38@group-2572610135C0-StateMachineUpdater] INFO  metrics.RatisMetrics (RatisMetrics.java:unregister(46)) - Unregistering Metrics Registry : ratis.state_machine.9d9a213d-ce49-49a0-89d0-46e82b5f8d38@group-2572610135C0
2020-04-03 12:24:15,033 [main] INFO  impl.RaftServerImpl (ServerState.java:close(387)) - 9d9a213d-ce49-49a0-89d0-46e82b5f8d38@group-2572610135C0: closes. applyIndex: 0
2020-04-03 12:24:15,033 [9d9a213d-ce49-49a0-89d0-46e82b5f8d38@group-2572610135C0-SegmentedRaftLogWorker] INFO  segmented.SegmentedRaftLogWorker (SegmentedRaftLogWorker.java:run(321)) - 9d9a213d-ce49-49a0-89d0-46e82b5f8d38@group-2572610135C0-SegmentedRaftLogWorker was interrupted, exiting. There are 0 tasks remaining in the queue.
2020-04-03 12:24:15,034 [main] INFO  segmented.SegmentedRaftLogWorker (SegmentedRaftLogWorker.java:close(229)) - 9d9a213d-ce49-49a0-89d0-46e82b5f8d38@group-2572610135C0-SegmentedRaftLogWorker close()
2020-04-03 12:24:15,034 [main] INFO  metrics.RatisMetrics (RatisMetrics.java:unregister(46)) - Unregistering Metrics Registry : ratis.log_worker.9d9a213d-ce49-49a0-89d0-46e82b5f8d38
2020-04-03 12:24:15,034 [main] INFO  metrics.RatisMetrics (RatisMetrics.java:unregister(46)) - Unregistering Metrics Registry : ratis.leader_election.9d9a213d-ce49-49a0-89d0-46e82b5f8d38@group-2572610135C0
2020-04-03 12:24:15,034 [main] INFO  metrics.RatisMetrics (RatisMetrics.java:unregister(46)) - Unregistering Metrics Registry : ratis.server.9d9a213d-ce49-49a0-89d0-46e82b5f8d38@group-2572610135C0
2020-04-03 12:24:15,034 [main] INFO  server.GrpcService (GrpcService.java:closeImpl(164)) - 9d9a213d-ce49-49a0-89d0-46e82b5f8d38: shutdown server with port 37055 now
2020-04-03 12:24:15,035 [main] INFO  server.GrpcService (GrpcService.java:closeImpl(172)) - 9d9a213d-ce49-49a0-89d0-46e82b5f8d38: shutdown server with port 37055 successfully
2020-04-03 12:24:15,036 [ForkJoinPool.commonPool-worker-1] INFO  ozoneimpl.OzoneContainer (OzoneContainer.java:stop(245)) - Attempting to stop container services.
2020-04-03 12:24:15,036 [ForkJoinPool.commonPool-worker-1] INFO  impl.RaftServerProxy (RaftServerProxy.java:lambda$close$4(314)) - 60104982-6318-49fc-a8c7-671d7edb1a00: close
2020-04-03 12:24:15,036 [ForkJoinPool.commonPool-worker-1] INFO  impl.RaftServerImpl (RaftServerImpl.java:lambda$shutdown$3(249)) - 60104982-6318-49fc-a8c7-671d7edb1a00@group-9B462AAFDDCD: shutdown
2020-04-03 12:24:15,037 [ForkJoinPool.commonPool-worker-1] INFO  util.JmxRegister (JmxRegister.java:unregister(73)) - Successfully un-registered JMX Bean with object name Ratis:service=RaftServer,group=group-9B462AAFDDCD,id=60104982-6318-49fc-a8c7-671d7edb1a00
2020-04-03 12:24:15,037 [ForkJoinPool.commonPool-worker-1] INFO  impl.RoleInfo (RoleInfo.java:shutdownLeaderState(104)) - 60104982-6318-49fc-a8c7-671d7edb1a00: shutdown LeaderState
2020-04-03 12:24:15,042 [org.apache.ratis.server.impl.LogAppender$AppenderDaemon$$Lambda$421/844371036@7439b43] WARN  server.GrpcLogAppender (GrpcLogAppender.java:mayWait(153)) - 60104982-6318-49fc-a8c7-671d7edb1a00@group-9B462AAFDDCD->32bb5132-3190-4c64-bf84-ebbd3e705cf4-GrpcLogAppender: Wait interrupted by java.lang.InterruptedException
2020-04-03 12:24:15,042 [org.apache.ratis.server.impl.LogAppender$AppenderDaemon$$Lambda$421/844371036@32617c80] WARN  server.GrpcLogAppender (GrpcLogAppender.java:mayWait(153)) - 60104982-6318-49fc-a8c7-671d7edb1a00@group-9B462AAFDDCD->b4a43d29-118c-4b02-9b7b-443b0a36c06e-GrpcLogAppender: Wait interrupted by java.lang.InterruptedException
2020-04-03 12:24:15,042 [ForkJoinPool.commonPool-worker-1] INFO  impl.PendingRequests (PendingRequests.java:sendNotLeaderResponses(240)) - 60104982-6318-49fc-a8c7-671d7edb1a00@group-9B462AAFDDCD-PendingRequests: sendNotLeaderResponses
2020-04-03 12:24:15,043 [ForkJoinPool.commonPool-worker-1] INFO  metrics.RatisMetrics (RatisMetrics.java:unregister(46)) - Unregistering Metrics Registry : ratis.log_appender.60104982-6318-49fc-a8c7-671d7edb1a00@group-9B462AAFDDCD
2020-04-03 12:24:15,043 [ForkJoinPool.commonPool-worker-1] INFO  impl.StateMachineUpdater (StateMachineUpdater.java:stopAndJoin(139)) - 60104982-6318-49fc-a8c7-671d7edb1a00@group-9B462AAFDDCD-StateMachineUpdater: set stopIndex = 8
2020-04-03 12:24:15,043 [60104982-6318-49fc-a8c7-671d7edb1a00@group-9B462AAFDDCD-StateMachineUpdater] INFO  ratis.ContainerStateMachine (ContainerStateMachine.java:takeSnapshot(295)) - group-9B462AAFDDCD: Taking a snapshot at:(t:1, i:0) file /github/workspace/hadoop-ozone/integration-test/target/test-dir/MiniOzoneClusterImpl-54c97517-776f-4ce9-b1d6-5922e4042064/datanode-0/data/ratis/596afeba-ad50-4139-8e2d-9b462aafddcd/sm/snapshot.1_0
2020-04-03 12:24:15,044 [60104982-6318-49fc-a8c7-671d7edb1a00@group-9B462AAFDDCD-StateMachineUpdater] INFO  ratis.ContainerStateMachine (ContainerStateMachine.java:takeSnapshot(306)) - group-9B462AAFDDCD: Finished taking a snapshot at:(t:1, i:0) file:/github/workspace/hadoop-ozone/integration-test/target/test-dir/MiniOzoneClusterImpl-54c97517-776f-4ce9-b1d6-5922e4042064/datanode-0/data/ratis/596afeba-ad50-4139-8e2d-9b462aafddcd/sm/snapshot.1_0 time:1
2020-04-03 12:24:15,044 [60104982-6318-49fc-a8c7-671d7edb1a00@group-9B462AAFDDCD-StateMachineUpdater] INFO  impl.StateMachineUpdater (StateMachineUpdater.java:takeSnapshot(274)) - 60104982-6318-49fc-a8c7-671d7edb1a00@group-9B462AAFDDCD-StateMachineUpdater: Took a snapshot at index 0
2020-04-03 12:24:15,044 [60104982-6318-49fc-a8c7-671d7edb1a00@group-9B462AAFDDCD-StateMachineUpdater] INFO  impl.StateMachineUpdater (StateMachineUpdater.java:lambda$new$0(86)) - 60104982-6318-49fc-a8c7-671d7edb1a00@group-9B462AAFDDCD-StateMachineUpdater: snapshotIndex: updateIncreasingly -1 -> 0
2020-04-03 12:24:15,044 [60104982-6318-49fc-a8c7-671d7edb1a00@group-9B462AAFDDCD-StateMachineUpdater] INFO  ratis.ContainerStateMachine (ContainerStateMachine.java:takeSnapshot(295)) - group-9B462AAFDDCD: Taking a snapshot at:(t:1, i:0) file /github/workspace/hadoop-ozone/integration-test/target/test-dir/MiniOzoneClusterImpl-54c97517-776f-4ce9-b1d6-5922e4042064/datanode-0/data/ratis/596afeba-ad50-4139-8e2d-9b462aafddcd/sm/snapshot.1_0
2020-04-03 12:24:15,046 [60104982-6318-49fc-a8c7-671d7edb1a00@group-9B462AAFDDCD-StateMachineUpdater] INFO  ratis.ContainerStateMachine (ContainerStateMachine.java:takeSnapshot(306)) - group-9B462AAFDDCD: Finished taking a snapshot at:(t:1, i:0) file:/github/workspace/hadoop-ozone/integration-test/target/test-dir/MiniOzoneClusterImpl-54c97517-776f-4ce9-b1d6-5922e4042064/datanode-0/data/ratis/596afeba-ad50-4139-8e2d-9b462aafddcd/sm/snapshot.1_0 time:1
2020-04-03 12:24:15,046 [60104982-6318-49fc-a8c7-671d7edb1a00@group-9B462AAFDDCD-StateMachineUpdater] INFO  impl.StateMachineUpdater (StateMachineUpdater.java:takeSnapshot(274)) - 60104982-6318-49fc-a8c7-671d7edb1a00@group-9B462AAFDDCD-StateMachineUpdater: Took a snapshot at index 0
2020-04-03 12:24:15,046 [60104982-6318-49fc-a8c7-671d7edb1a00@group-9B462AAFDDCD-StateMachineUpdater] INFO  impl.StateMachineUpdater (StateMachineUpdater.java:lambda$new$0(86)) - 60104982-6318-49fc-a8c7-671d7edb1a00@group-9B462AAFDDCD-StateMachineUpdater: snapshotIndex: updateIncreasingly 0 -> 0
2020-04-03 12:24:15,046 [60104982-6318-49fc-a8c7-671d7edb1a00@group-9B462AAFDDCD-StateMachineUpdater] INFO  metrics.RatisMetrics (RatisMetrics.java:unregister(46)) - Unregistering Metrics Registry : ratis.state_machine.60104982-6318-49fc-a8c7-671d7edb1a00@group-9B462AAFDDCD
2020-04-03 12:24:15,047 [ForkJoinPool.commonPool-worker-1] INFO  impl.RaftServerImpl (ServerState.java:close(387)) - 60104982-6318-49fc-a8c7-671d7edb1a00@group-9B462AAFDDCD: closes. applyIndex: 0
2020-04-03 12:24:15,047 [60104982-6318-49fc-a8c7-671d7edb1a00@group-9B462AAFDDCD-SegmentedRaftLogWorker] INFO  segmented.SegmentedRaftLogWorker (SegmentedRaftLogWorker.java:run(321)) - 60104982-6318-49fc-a8c7-671d7edb1a00@group-9B462AAFDDCD-SegmentedRaftLogWorker was interrupted, exiting. There are 0 tasks remaining in the queue.
2020-04-03 12:24:15,047 [ForkJoinPool.commonPool-worker-1] INFO  segmented.SegmentedRaftLogWorker (SegmentedRaftLogWorker.java:close(229)) - 60104982-6318-49fc-a8c7-671d7edb1a00@group-9B462AAFDDCD-SegmentedRaftLogWorker close()
2020-04-03 12:24:15,047 [ForkJoinPool.commonPool-worker-1] INFO  metrics.RatisMetrics (RatisMetrics.java:unregister(46)) - Unregistering Metrics Registry : ratis.log_worker.60104982-6318-49fc-a8c7-671d7edb1a00
2020-04-03 12:24:15,047 [ForkJoinPool.commonPool-worker-1] INFO  metrics.RatisMetrics (RatisMetrics.java:unregister(46)) - Unregistering Metrics Registry : ratis.leader_election.60104982-6318-49fc-a8c7-671d7edb1a00@group-9B462AAFDDCD
2020-04-03 12:24:15,047 [ForkJoinPool.commonPool-worker-1] INFO  metrics.RatisMetrics (RatisMetrics.java:unregister(46)) - Unregistering Metrics Registry : ratis.server.60104982-6318-49fc-a8c7-671d7edb1a00@group-9B462AAFDDCD
2020-04-03 12:24:15,047 [ForkJoinPool.commonPool-worker-1] INFO  impl.RaftServerImpl (RaftServerImpl.java:lambda$shutdown$3(249)) - 60104982-6318-49fc-a8c7-671d7edb1a00@group-B9703E6787A0: shutdown
2020-04-03 12:24:15,048 [ForkJoinPool.commonPool-worker-1] INFO  util.JmxRegister (JmxRegister.java:unregister(73)) - Successfully un-registered JMX Bean with object name Ratis:service=RaftServer,group=group-B9703E6787A0,id=60104982-6318-49fc-a8c7-671d7edb1a00
2020-04-03 12:24:15,048 [ForkJoinPool.commonPool-worker-1] INFO  impl.RoleInfo (RoleInfo.java:shutdownLeaderState(104)) - 60104982-6318-49fc-a8c7-671d7edb1a00: shutdown LeaderState
2020-04-03 12:24:15,048 [ForkJoinPool.commonPool-worker-1] INFO  impl.PendingRequests (PendingRequests.java:sendNotLeaderResponses(240)) - 60104982-6318-49fc-a8c7-671d7edb1a00@group-B9703E6787A0-PendingRequests: sendNotLeaderResponses
2020-04-03 12:24:15,048 [ForkJoinPool.commonPool-worker-1] INFO  metrics.RatisMetrics (RatisMetrics.java:unregister(46)) - Unregistering Metrics Registry : ratis.log_appender.60104982-6318-49fc-a8c7-671d7edb1a00@group-B9703E6787A0
2020-04-03 12:24:15,048 [ForkJoinPool.commonPool-worker-1] INFO  impl.StateMachineUpdater (StateMachineUpdater.java:stopAndJoin(139)) - 60104982-6318-49fc-a8c7-671d7edb1a00@group-B9703E6787A0-StateMachineUpdater: set stopIndex = 0
2020-04-03 12:24:15,048 [60104982-6318-49fc-a8c7-671d7edb1a00@group-B9703E6787A0-StateMachineUpdater] INFO  ratis.ContainerStateMachine (ContainerStateMachine.java:takeSnapshot(295)) - group-B9703E6787A0: Taking a snapshot at:(t:1, i:0) file /github/workspace/hadoop-ozone/integration-test/target/test-dir/MiniOzoneClusterImpl-54c97517-776f-4ce9-b1d6-5922e4042064/datanode-0/data/ratis/469aba0c-b059-4dbd-9fe1-b9703e6787a0/sm/snapshot.1_0
2020-04-03 12:24:15,049 [60104982-6318-49fc-a8c7-671d7edb1a00@group-B9703E6787A0-StateMachineUpdater] INFO  ratis.ContainerStateMachine (ContainerStateMachine.java:takeSnapshot(306)) - group-B9703E6787A0: Finished taking a snapshot at:(t:1, i:0) file:/github/workspace/hadoop-ozone/integration-test/target/test-dir/MiniOzoneClusterImpl-54c97517-776f-4ce9-b1d6-5922e4042064/datanode-0/data/ratis/469aba0c-b059-4dbd-9fe1-b9703e6787a0/sm/snapshot.1_0 time:0
2020-04-03 12:24:15,049 [60104982-6318-49fc-a8c7-671d7edb1a00@group-B9703E6787A0-StateMachineUpdater] INFO  impl.StateMachineUpdater (StateMachineUpdater.java:takeSnapshot(274)) - 60104982-6318-49fc-a8c7-671d7edb1a00@group-B9703E6787A0-StateMachineUpdater: Took a snapshot at index 0
2020-04-03 12:24:15,049 [60104982-6318-49fc-a8c7-671d7edb1a00@group-B9703E6787A0-StateMachineUpdater] INFO  impl.StateMachineUpdater (StateMachineUpdater.java:lambda$new$0(86)) - 60104982-6318-49fc-a8c7-671d7edb1a00@group-B9703E6787A0-StateMachineUpdater: snapshotIndex: updateIncreasingly -1 -> 0
2020-04-03 12:24:15,049 [60104982-6318-49fc-a8c7-671d7edb1a00@group-B9703E6787A0-StateMachineUpdater] INFO  metrics.RatisMetrics (RatisMetrics.java:unregister(46)) - Unregistering Metrics Registry : ratis.state_machine.60104982-6318-49fc-a8c7-671d7edb1a00@group-B9703E6787A0
2020-04-03 12:24:15,049 [ForkJoinPool.commonPool-worker-1] INFO  impl.RaftServerImpl (ServerState.java:close(387)) - 60104982-6318-49fc-a8c7-671d7edb1a00@group-B9703E6787A0: closes. applyIndex: 0
2020-04-03 12:24:15,050 [60104982-6318-49fc-a8c7-671d7edb1a00@group-B9703E6787A0-SegmentedRaftLogWorker] INFO  segmented.SegmentedRaftLogWorker (SegmentedRaftLogWorker.java:run(321)) - 60104982-6318-49fc-a8c7-671d7edb1a00@group-B9703E6787A0-SegmentedRaftLogWorker was interrupted, exiting. There are 0 tasks remaining in the queue.
2020-04-03 12:24:15,050 [ForkJoinPool.commonPool-worker-1] INFO  segmented.SegmentedRaftLogWorker (SegmentedRaftLogWorker.java:close(229)) - 60104982-6318-49fc-a8c7-671d7edb1a00@group-B9703E6787A0-SegmentedRaftLogWorker close()
2020-04-03 12:24:15,050 [ForkJoinPool.commonPool-worker-1] INFO  metrics.RatisMetrics (RatisMetrics.java:unregister(46)) - Unregistering Metrics Registry : ratis.log_worker.60104982-6318-49fc-a8c7-671d7edb1a00
2020-04-03 12:24:15,050 [ForkJoinPool.commonPool-worker-1] INFO  metrics.RatisMetrics (RatisMetrics.java:unregister(46)) - Unregistering Metrics Registry : ratis.leader_election.60104982-6318-49fc-a8c7-671d7edb1a00@group-B9703E6787A0
2020-04-03 12:24:15,050 [ForkJoinPool.commonPool-worker-1] INFO  metrics.RatisMetrics (RatisMetrics.java:unregister(46)) - Unregistering Metrics Registry : ratis.server.60104982-6318-49fc-a8c7-671d7edb1a00@group-B9703E6787A0
2020-04-03 12:24:15,050 [ForkJoinPool.commonPool-worker-1] INFO  impl.RaftServerImpl (RaftServerImpl.java:lambda$shutdown$3(249)) - 60104982-6318-49fc-a8c7-671d7edb1a00@group-FA17F83450AF: shutdown
2020-04-03 12:24:15,050 [ForkJoinPool.commonPool-worker-1] INFO  util.JmxRegister (JmxRegister.java:unregister(73)) - Successfully un-registered JMX Bean with object name Ratis:service=RaftServer,group=group-FA17F83450AF,id=60104982-6318-49fc-a8c7-671d7edb1a00
2020-04-03 12:24:15,050 [ForkJoinPool.commonPool-worker-1] INFO  impl.RoleInfo (RoleInfo.java:shutdownFollowerState(121)) - 60104982-6318-49fc-a8c7-671d7edb1a00: shutdown FollowerState
2020-04-03 12:24:15,051 [ForkJoinPool.commonPool-worker-1] INFO  impl.StateMachineUpdater (StateMachineUpdater.java:stopAndJoin(139)) - 60104982-6318-49fc-a8c7-671d7edb1a00@group-FA17F83450AF-StateMachineUpdater: set stopIndex = 2
2020-04-03 12:24:15,051 [Thread-2784] INFO  impl.FollowerState (FollowerState.java:run(117)) - 60104982-6318-49fc-a8c7-671d7edb1a00@group-FA17F83450AF-FollowerState was interrupted: java.lang.InterruptedException: sleep interrupted
2020-04-03 12:24:15,052 [60104982-6318-49fc-a8c7-671d7edb1a00@group-FA17F83450AF-StateMachineUpdater] INFO  ratis.ContainerStateMachine (ContainerStateMachine.java:takeSnapshot(295)) - group-FA17F83450AF: Taking a snapshot at:(t:3, i:2) file /github/workspace/hadoop-ozone/integration-test/target/test-dir/MiniOzoneClusterImpl-54c97517-776f-4ce9-b1d6-5922e4042064/datanode-0/data/ratis/24efe3c7-eeac-4a70-9691-fa17f83450af/sm/snapshot.3_2
2020-04-03 12:24:15,052 [60104982-6318-49fc-a8c7-671d7edb1a00@group-FA17F83450AF-StateMachineUpdater] INFO  ratis.ContainerStateMachine (ContainerStateMachine.java:takeSnapshot(306)) - group-FA17F83450AF: Finished taking a snapshot at:(t:3, i:2) file:/github/workspace/hadoop-ozone/integration-test/target/test-dir/MiniOzoneClusterImpl-54c97517-776f-4ce9-b1d6-5922e4042064/datanode-0/data/ratis/24efe3c7-eeac-4a70-9691-fa17f83450af/sm/snapshot.3_2 time:1
2020-04-03 12:24:15,052 [60104982-6318-49fc-a8c7-671d7edb1a00@group-FA17F83450AF-StateMachineUpdater] INFO  impl.StateMachineUpdater (StateMachineUpdater.java:takeSnapshot(274)) - 60104982-6318-49fc-a8c7-671d7edb1a00@group-FA17F83450AF-StateMachineUpdater: Took a snapshot at index 2
2020-04-03 12:24:15,053 [60104982-6318-49fc-a8c7-671d7edb1a00@group-FA17F83450AF-StateMachineUpdater] INFO  impl.StateMachineUpdater (StateMachineUpdater.java:lambda$new$0(86)) - 60104982-6318-49fc-a8c7-671d7edb1a00@group-FA17F83450AF-StateMachineUpdater: snapshotIndex: updateIncreasingly -1 -> 2
2020-04-03 12:24:15,053 [60104982-6318-49fc-a8c7-671d7edb1a00@group-FA17F83450AF-StateMachineUpdater] INFO  metrics.RatisMetrics (RatisMetrics.java:unregister(46)) - Unregistering Metrics Registry : ratis.state_machine.60104982-6318-49fc-a8c7-671d7edb1a00@group-FA17F83450AF
2020-04-03 12:24:15,053 [ForkJoinPool.commonPool-worker-1] INFO  impl.RaftServerImpl (ServerState.java:close(387)) - 60104982-6318-49fc-a8c7-671d7edb1a00@group-FA17F83450AF: closes. applyIndex: 2
2020-04-03 12:24:15,053 [60104982-6318-49fc-a8c7-671d7edb1a00@group-FA17F83450AF-SegmentedRaftLogWorker] INFO  segmented.SegmentedRaftLogWorker (SegmentedRaftLogWorker.java:run(321)) - 60104982-6318-49fc-a8c7-671d7edb1a00@group-FA17F83450AF-SegmentedRaftLogWorker was interrupted, exiting. There are 0 tasks remaining in the queue.
2020-04-03 12:24:15,053 [ForkJoinPool.commonPool-worker-1] INFO  segmented.SegmentedRaftLogWorker (SegmentedRaftLogWorker.java:close(229)) - 60104982-6318-49fc-a8c7-671d7edb1a00@group-FA17F83450AF-SegmentedRaftLogWorker close()
2020-04-03 12:24:15,053 [ForkJoinPool.commonPool-worker-1] INFO  metrics.RatisMetrics (RatisMetrics.java:unregister(46)) - Unregistering Metrics Registry : ratis.log_worker.60104982-6318-49fc-a8c7-671d7edb1a00
2020-04-03 12:24:15,054 [ForkJoinPool.commonPool-worker-1] INFO  metrics.RatisMetrics (RatisMetrics.java:unregister(46)) - Unregistering Metrics Registry : ratis.leader_election.60104982-6318-49fc-a8c7-671d7edb1a00@group-FA17F83450AF
2020-04-03 12:24:15,054 [ForkJoinPool.commonPool-worker-1] INFO  metrics.RatisMetrics (RatisMetrics.java:unregister(46)) - Unregistering Metrics Registry : ratis.server.60104982-6318-49fc-a8c7-671d7edb1a00@group-FA17F83450AF
2020-04-03 12:24:15,054 [ForkJoinPool.commonPool-worker-1] INFO  server.GrpcService (GrpcService.java:closeImpl(164)) - 60104982-6318-49fc-a8c7-671d7edb1a00: shutdown server with port 37215 now
2020-04-03 12:24:15,054 [ForkJoinPool.commonPool-worker-1] INFO  server.GrpcService (GrpcService.java:closeImpl(172)) - 60104982-6318-49fc-a8c7-671d7edb1a00: shutdown server with port 37215 successfully
2020-04-03 12:24:15,062 [main] INFO  utils.BackgroundService (BackgroundService.java:shutdown(157)) - Shutting down service BlockDeletingService
2020-04-03 12:24:15,078 [main] INFO  statemachine.DatanodeStateMachine (DatanodeStateMachine.java:stopDaemon(435)) - Ozone container server stopped.
2020-04-03 12:24:15,079 [main] INFO  handler.ContextHandler (ContextHandler.java:doStop(1016)) - Stopped o.e.j.w.WebAppContext@2c4397f1{hddsDatanode,/,null,UNAVAILABLE}{jar:file:/home/user/.m2/repository/org/apache/hadoop/hadoop-hdds-container-service/0.6.0-SNAPSHOT/hadoop-hdds-container-service-0.6.0-SNAPSHOT.jar!/webapps/hddsDatanode}
2020-04-03 12:24:15,082 [ForkJoinPool.commonPool-worker-1] INFO  utils.BackgroundService (BackgroundService.java:shutdown(157)) - Shutting down service BlockDeletingService
2020-04-03 12:24:15,084 [main] INFO  server.AbstractConnector (AbstractConnector.java:doStop(380)) - Stopped ServerConnector@2a2e4fad{HTTP/1.1,[http/1.1]}{0.0.0.0:0}
2020-04-03 12:24:15,084 [main] INFO  server.session (HouseKeeper.java:stopScavenging(158)) - node0 Stopped scavenging
2020-04-03 12:24:15,084 [main] INFO  handler.ContextHandler (ContextHandler.java:doStop(1016)) - Stopped o.e.j.s.ServletContextHandler@14370602{static,/static,jar:file:/home/user/.m2/repository/org/apache/hadoop/hadoop-hdds-container-service/0.6.0-SNAPSHOT/hadoop-hdds-container-service-0.6.0-SNAPSHOT.jar!/webapps/static,UNAVAILABLE}
2020-04-03 12:24:15,085 [main] INFO  handler.ContextHandler (ContextHandler.java:doStop(1016)) - Stopped o.e.j.s.ServletContextHandler@7c03c438{logs,/logs,file:///github/workspace/hadoop-ozone/integration-test/target/log,UNAVAILABLE}
2020-04-03 12:24:15,087 [ForkJoinPool.commonPool-worker-1] INFO  statemachine.DatanodeStateMachine (DatanodeStateMachine.java:stopDaemon(435)) - Ozone container server stopped.
2020-04-03 12:24:15,089 [ForkJoinPool.commonPool-worker-1] INFO  handler.ContextHandler (ContextHandler.java:doStop(1016)) - Stopped o.e.j.w.WebAppContext@b0a803c{hddsDatanode,/,null,UNAVAILABLE}{jar:file:/home/user/.m2/repository/org/apache/hadoop/hadoop-hdds-container-service/0.6.0-SNAPSHOT/hadoop-hdds-container-service-0.6.0-SNAPSHOT.jar!/webapps/hddsDatanode}
2020-04-03 12:24:15,090 [ForkJoinPool.commonPool-worker-1] INFO  server.AbstractConnector (AbstractConnector.java:doStop(380)) - Stopped ServerConnector@1d6c9c06{HTTP/1.1,[http/1.1]}{0.0.0.0:0}
2020-04-03 12:24:15,090 [ForkJoinPool.commonPool-worker-1] INFO  server.session (HouseKeeper.java:stopScavenging(158)) - node0 Stopped scavenging
2020-04-03 12:24:15,090 [ForkJoinPool.commonPool-worker-1] INFO  handler.ContextHandler (ContextHandler.java:doStop(1016)) - Stopped o.e.j.s.ServletContextHandler@36798d87{static,/static,jar:file:/home/user/.m2/repository/org/apache/hadoop/hadoop-hdds-container-service/0.6.0-SNAPSHOT/hadoop-hdds-container-service-0.6.0-SNAPSHOT.jar!/webapps/static,UNAVAILABLE}
2020-04-03 12:24:15,091 [ForkJoinPool.commonPool-worker-1] INFO  handler.ContextHandler (ContextHandler.java:doStop(1016)) - Stopped o.e.j.s.ServletContextHandler@2bda9ad4{logs,/logs,file:///github/workspace/hadoop-ozone/integration-test/target/log,UNAVAILABLE}
2020-04-03 12:24:15,273 [grpc-default-executor-13] WARN  server.GrpcLogAppender (LogUtils.java:warn(122)) - 51d79ad1-091b-476d-b3ea-570089388469@group-EC46D86256B6->5ea4e034-58ac-4e1a-97e7-fb59da8c8203-AppendLogResponseHandler: Failed appendEntries: org.apache.ratis.thirdparty.io.grpc.StatusRuntimeException: UNAVAILABLE: io exception
2020-04-03 12:24:15,274 [grpc-default-executor-13] INFO  impl.FollowerInfo (FollowerInfo.java:lambda$new$0(50)) - 51d79ad1-091b-476d-b3ea-570089388469@group-EC46D86256B6->5ea4e034-58ac-4e1a-97e7-fb59da8c8203: nextIndex: updateUnconditionally 12 -> 11
2020-04-03 12:24:15,274 [grpc-default-executor-5] WARN  server.GrpcLogAppender (LogUtils.java:warn(122)) - 51d79ad1-091b-476d-b3ea-570089388469@group-EC46D86256B6->1ad7987d-30f8-499c-992f-34a29b261407-AppendLogResponseHandler: Failed appendEntries: org.apache.ratis.thirdparty.io.grpc.StatusRuntimeException: UNAVAILABLE: io exception
2020-04-03 12:24:15,274 [grpc-default-executor-5] INFO  impl.FollowerInfo (FollowerInfo.java:lambda$new$0(50)) - 51d79ad1-091b-476d-b3ea-570089388469@group-EC46D86256B6->1ad7987d-30f8-499c-992f-34a29b261407: nextIndex: updateUnconditionally 12 -> 11
2020-04-03 12:24:15,771 [Datanode State Machine Thread - 0] INFO  statemachine.DatanodeStateMachine (DatanodeStateMachine.java:lambda$startDaemon$0(387)) - Ozone container server started.
2020-04-03 12:24:17,776 [grpc-default-executor-1] WARN  server.GrpcLogAppender (LogUtils.java:warn(122)) - 51d79ad1-091b-476d-b3ea-570089388469@group-EC46D86256B6->1ad7987d-30f8-499c-992f-34a29b261407-AppendLogResponseHandler: Failed appendEntries: org.apache.ratis.thirdparty.io.grpc.StatusRuntimeException: UNAVAILABLE: io exception
2020-04-03 12:24:17,776 [grpc-default-executor-1] INFO  impl.FollowerInfo (FollowerInfo.java:lambda$new$0(50)) - 51d79ad1-091b-476d-b3ea-570089388469@group-EC46D86256B6->1ad7987d-30f8-499c-992f-34a29b261407: nextIndex: updateUnconditionally 12 -> 11
2020-04-03 12:24:17,777 [grpc-default-executor-1] WARN  server.GrpcLogAppender (LogUtils.java:warn(122)) - 51d79ad1-091b-476d-b3ea-570089388469@group-EC46D86256B6->5ea4e034-58ac-4e1a-97e7-fb59da8c8203-AppendLogResponseHandler: Failed appendEntries: org.apache.ratis.thirdparty.io.grpc.StatusRuntimeException: UNAVAILABLE: io exception
2020-04-03 12:24:17,777 [grpc-default-executor-1] INFO  impl.FollowerInfo (FollowerInfo.java:lambda$new$0(50)) - 51d79ad1-091b-476d-b3ea-570089388469@group-EC46D86256B6->5ea4e034-58ac-4e1a-97e7-fb59da8c8203: nextIndex: updateUnconditionally 12 -> 11
2020-04-03 12:24:19,465 [EventQueue-StaleNodeForStaleNodeHandler] INFO  node.StaleNodeHandler (StaleNodeHandler.java:onMessage(58)) - Datanode 9d9a213d-ce49-49a0-89d0-46e82b5f8d38{ip: 172.17.0.2, host: bc31a1f7cf94, networkLocation: /default-rack, certSerialId: null} moved to stale state. Finalizing its pipelines [PipelineID=7b49b74f-8e03-47ef-be1e-2572610135c0]
2020-04-03 12:24:19,466 [EventQueue-StaleNodeForStaleNodeHandler] INFO  pipeline.SCMPipelineManager (SCMPipelineManager.java:finalizeAndDestroyPipeline(391)) - Destroying pipeline:Pipeline[ Id: 7b49b74f-8e03-47ef-be1e-2572610135c0, Nodes: 9d9a213d-ce49-49a0-89d0-46e82b5f8d38{ip: 172.17.0.2, host: bc31a1f7cf94, networkLocation: /default-rack, certSerialId: null}, Type:RATIS, Factor:ONE, State:OPEN, leaderId:9d9a213d-ce49-49a0-89d0-46e82b5f8d38, CreationTimestamp2020-04-03T12:22:40.346Z]
2020-04-03 12:24:19,466 [EventQueue-StaleNodeForStaleNodeHandler] INFO  pipeline.PipelineStateManager (PipelineStateManager.java:finalizePipeline(120)) - Pipeline Pipeline[ Id: 7b49b74f-8e03-47ef-be1e-2572610135c0, Nodes: 9d9a213d-ce49-49a0-89d0-46e82b5f8d38{ip: 172.17.0.2, host: bc31a1f7cf94, networkLocation: /default-rack, certSerialId: null}, Type:RATIS, Factor:ONE, State:CLOSED, leaderId:9d9a213d-ce49-49a0-89d0-46e82b5f8d38, CreationTimestamp2020-04-03T12:22:40.346Z] moved to CLOSED state
2020-04-03 12:24:19,666 [EventQueue-StaleNodeForStaleNodeHandler] INFO  node.StaleNodeHandler (StaleNodeHandler.java:onMessage(58)) - Datanode 60104982-6318-49fc-a8c7-671d7edb1a00{ip: 172.17.0.2, host: bc31a1f7cf94, networkLocation: /default-rack, certSerialId: null} moved to stale state. Finalizing its pipelines [PipelineID=596afeba-ad50-4139-8e2d-9b462aafddcd, PipelineID=469aba0c-b059-4dbd-9fe1-b9703e6787a0, PipelineID=24efe3c7-eeac-4a70-9691-fa17f83450af]
2020-04-03 12:24:19,666 [EventQueue-StaleNodeForStaleNodeHandler] INFO  pipeline.SCMPipelineManager (SCMPipelineManager.java:finalizeAndDestroyPipeline(391)) - Destroying pipeline:Pipeline[ Id: 596afeba-ad50-4139-8e2d-9b462aafddcd, Nodes: 32bb5132-3190-4c64-bf84-ebbd3e705cf4{ip: 172.17.0.2, host: bc31a1f7cf94, networkLocation: /default-rack, certSerialId: null}b4a43d29-118c-4b02-9b7b-443b0a36c06e{ip: 172.17.0.2, host: bc31a1f7cf94, networkLocation: /default-rack, certSerialId: null}60104982-6318-49fc-a8c7-671d7edb1a00{ip: 172.17.0.2, host: bc31a1f7cf94, networkLocation: /default-rack, certSerialId: null}, Type:RATIS, Factor:THREE, State:CLOSED, leaderId:60104982-6318-49fc-a8c7-671d7edb1a00, CreationTimestamp2020-04-03T12:22:40.108Z]
2020-04-03 12:24:19,666 [EventQueue-StaleNodeForStaleNodeHandler] INFO  pipeline.SCMPipelineManager (SCMPipelineManager.java:finalizeAndDestroyPipeline(391)) - Destroying pipeline:Pipeline[ Id: 469aba0c-b059-4dbd-9fe1-b9703e6787a0, Nodes: 60104982-6318-49fc-a8c7-671d7edb1a00{ip: 172.17.0.2, host: bc31a1f7cf94, networkLocation: /default-rack, certSerialId: null}, Type:RATIS, Factor:ONE, State:OPEN, leaderId:60104982-6318-49fc-a8c7-671d7edb1a00, CreationTimestamp2020-04-03T12:22:39.978Z]
2020-04-03 12:24:19,666 [EventQueue-DeadNodeForDeadNodeHandler] INFO  pipeline.SCMPipelineManager (SCMPipelineManager.java:finalizeAndDestroyPipeline(391)) - Destroying pipeline:Pipeline[ Id: 596afeba-ad50-4139-8e2d-9b462aafddcd, Nodes: 32bb5132-3190-4c64-bf84-ebbd3e705cf4{ip: 172.17.0.2, host: bc31a1f7cf94, networkLocation: /default-rack, certSerialId: null}b4a43d29-118c-4b02-9b7b-443b0a36c06e{ip: 172.17.0.2, host: bc31a1f7cf94, networkLocation: /default-rack, certSerialId: null}60104982-6318-49fc-a8c7-671d7edb1a00{ip: 172.17.0.2, host: bc31a1f7cf94, networkLocation: /default-rack, certSerialId: null}, Type:RATIS, Factor:THREE, State:CLOSED, leaderId:60104982-6318-49fc-a8c7-671d7edb1a00, CreationTimestamp2020-04-03T12:22:40.108Z]
2020-04-03 12:24:19,666 [EventQueue-StaleNodeForStaleNodeHandler] INFO  pipeline.PipelineStateManager (PipelineStateManager.java:finalizePipeline(120)) - Pipeline Pipeline[ Id: 469aba0c-b059-4dbd-9fe1-b9703e6787a0, Nodes: 60104982-6318-49fc-a8c7-671d7edb1a00{ip: 172.17.0.2, host: bc31a1f7cf94, networkLocation: /default-rack, certSerialId: null}, Type:RATIS, Factor:ONE, State:CLOSED, leaderId:60104982-6318-49fc-a8c7-671d7edb1a00, CreationTimestamp2020-04-03T12:22:39.978Z] moved to CLOSED state
2020-04-03 12:24:19,666 [EventQueue-DeadNodeForDeadNodeHandler] INFO  pipeline.RatisPipelineProvider (RatisPipelineProvider.java:lambda$close$4(208)) - Send pipeline:PipelineID=596afeba-ad50-4139-8e2d-9b462aafddcd close command to datanode 32bb5132-3190-4c64-bf84-ebbd3e705cf4
2020-04-03 12:24:19,666 [EventQueue-DeadNodeForDeadNodeHandler] INFO  pipeline.RatisPipelineProvider (RatisPipelineProvider.java:lambda$close$4(208)) - Send pipeline:PipelineID=596afeba-ad50-4139-8e2d-9b462aafddcd close command to datanode b4a43d29-118c-4b02-9b7b-443b0a36c06e
2020-04-03 12:24:19,666 [EventQueue-DeadNodeForDeadNodeHandler] INFO  pipeline.RatisPipelineProvider (RatisPipelineProvider.java:lambda$close$4(208)) - Send pipeline:PipelineID=596afeba-ad50-4139-8e2d-9b462aafddcd close command to datanode 60104982-6318-49fc-a8c7-671d7edb1a00
2020-04-03 12:24:19,666 [EventQueue-StaleNodeForStaleNodeHandler] INFO  pipeline.SCMPipelineManager (SCMPipelineManager.java:finalizeAndDestroyPipeline(391)) - Destroying pipeline:Pipeline[ Id: 24efe3c7-eeac-4a70-9691-fa17f83450af, Nodes: b4a43d29-118c-4b02-9b7b-443b0a36c06e{ip: 172.17.0.2, host: bc31a1f7cf94, networkLocation: /default-rack, certSerialId: null}60104982-6318-49fc-a8c7-671d7edb1a00{ip: 172.17.0.2, host: bc31a1f7cf94, networkLocation: /default-rack, certSerialId: null}32bb5132-3190-4c64-bf84-ebbd3e705cf4{ip: 172.17.0.2, host: bc31a1f7cf94, networkLocation: /default-rack, certSerialId: null}, Type:RATIS, Factor:THREE, State:CLOSED, leaderId:b4a43d29-118c-4b02-9b7b-443b0a36c06e, CreationTimestamp2020-04-03T12:22:40.108Z]
2020-04-03 12:24:19,667 [EventQueue-DeadNodeForDeadNodeHandler] INFO  pipeline.PipelineStateManager (PipelineStateManager.java:removePipeline(105)) - Pipeline Pipeline[ Id: 596afeba-ad50-4139-8e2d-9b462aafddcd, Nodes: 32bb5132-3190-4c64-bf84-ebbd3e705cf4{ip: 172.17.0.2, host: bc31a1f7cf94, networkLocation: /default-rack, certSerialId: null}b4a43d29-118c-4b02-9b7b-443b0a36c06e{ip: 172.17.0.2, host: bc31a1f7cf94, networkLocation: /default-rack, certSerialId: null}60104982-6318-49fc-a8c7-671d7edb1a00{ip: 172.17.0.2, host: bc31a1f7cf94, networkLocation: /default-rack, certSerialId: null}, Type:RATIS, Factor:THREE, State:CLOSED, leaderId:60104982-6318-49fc-a8c7-671d7edb1a00, CreationTimestamp2020-04-03T12:22:40.108Z] removed from db
2020-04-03 12:24:19,668 [RatisPipelineUtilsThread] WARN  pipeline.PipelinePlacementPolicy (PipelinePlacementPolicy.java:filterViableNodes(150)) - Pipeline creation failed due to no sufficient healthy datanodes. Required 3. Found 1.
2020-04-03 12:24:19,668 [EventQueue-DeadNodeForDeadNodeHandler] INFO  pipeline.SCMPipelineManager (SCMPipelineManager.java:finalizeAndDestroyPipeline(391)) - Destroying pipeline:Pipeline[ Id: 24efe3c7-eeac-4a70-9691-fa17f83450af, Nodes: b4a43d29-118c-4b02-9b7b-443b0a36c06e{ip: 172.17.0.2, host: bc31a1f7cf94, networkLocation: /default-rack, certSerialId: null}60104982-6318-49fc-a8c7-671d7edb1a00{ip: 172.17.0.2, host: bc31a1f7cf94, networkLocation: /default-rack, certSerialId: null}32bb5132-3190-4c64-bf84-ebbd3e705cf4{ip: 172.17.0.2, host: bc31a1f7cf94, networkLocation: /default-rack, certSerialId: null}, Type:RATIS, Factor:THREE, State:CLOSED, leaderId:b4a43d29-118c-4b02-9b7b-443b0a36c06e, CreationTimestamp2020-04-03T12:22:40.108Z]
2020-04-03 12:24:19,668 [EventQueue-DeadNodeForDeadNodeHandler] INFO  pipeline.RatisPipelineProvider (RatisPipelineProvider.java:lambda$close$4(208)) - Send pipeline:PipelineID=24efe3c7-eeac-4a70-9691-fa17f83450af close command to datanode b4a43d29-118c-4b02-9b7b-443b0a36c06e
2020-04-03 12:24:19,668 [EventQueue-DeadNodeForDeadNodeHandler] INFO  pipeline.RatisPipelineProvider (RatisPipelineProvider.java:lambda$close$4(208)) - Send pipeline:PipelineID=24efe3c7-eeac-4a70-9691-fa17f83450af close command to datanode 60104982-6318-49fc-a8c7-671d7edb1a00
2020-04-03 12:24:19,668 [EventQueue-DeadNodeForDeadNodeHandler] INFO  pipeline.RatisPipelineProvider (RatisPipelineProvider.java:lambda$close$4(208)) - Send pipeline:PipelineID=24efe3c7-eeac-4a70-9691-fa17f83450af close command to datanode 32bb5132-3190-4c64-bf84-ebbd3e705cf4
2020-04-03 12:24:19,668 [EventQueue-DeadNodeForDeadNodeHandler] INFO  pipeline.PipelineStateManager (PipelineStateManager.java:removePipeline(105)) - Pipeline Pipeline[ Id: 24efe3c7-eeac-4a70-9691-fa17f83450af, Nodes: b4a43d29-118c-4b02-9b7b-443b0a36c06e{ip: 172.17.0.2, host: bc31a1f7cf94, networkLocation: /default-rack, certSerialId: null}60104982-6318-49fc-a8c7-671d7edb1a00{ip: 172.17.0.2, host: bc31a1f7cf94, networkLocation: /default-rack, certSerialId: null}32bb5132-3190-4c64-bf84-ebbd3e705cf4{ip: 172.17.0.2, host: bc31a1f7cf94, networkLocation: /default-rack, certSerialId: null}, Type:RATIS, Factor:THREE, State:CLOSED, leaderId:b4a43d29-118c-4b02-9b7b-443b0a36c06e, CreationTimestamp2020-04-03T12:22:40.108Z] removed from db
2020-04-03 12:24:19,669 [RatisPipelineUtilsThread] WARN  pipeline.PipelinePlacementPolicy (PipelinePlacementPolicy.java:filterViableNodes(150)) - Pipeline creation failed due to no sufficient healthy datanodes. Required 3. Found 1.
2020-04-03 12:24:19,669 [EventQueue-DeadNodeForDeadNodeHandler] INFO  pipeline.SCMPipelineManager (SCMPipelineManager.java:finalizeAndDestroyPipeline(391)) - Destroying pipeline:Pipeline[ Id: e8a5f3de-d803-4e95-a771-8509371c81b5, Nodes: 32bb5132-3190-4c64-bf84-ebbd3e705cf4{ip: 172.17.0.2, host: bc31a1f7cf94, networkLocation: /default-rack, certSerialId: null}, Type:RATIS, Factor:ONE, State:CLOSED, leaderId:32bb5132-3190-4c64-bf84-ebbd3e705cf4, CreationTimestamp2020-04-03T12:22:40.041Z]
2020-04-03 12:24:19,669 [EventQueue-DeadNodeForDeadNodeHandler] INFO  pipeline.RatisPipelineProvider (RatisPipelineProvider.java:lambda$close$4(208)) - Send pipeline:PipelineID=e8a5f3de-d803-4e95-a771-8509371c81b5 close command to datanode 32bb5132-3190-4c64-bf84-ebbd3e705cf4
2020-04-03 12:24:19,669 [EventQueue-DeadNodeForDeadNodeHandler] INFO  pipeline.PipelineStateManager (PipelineStateManager.java:removePipeline(105)) - Pipeline Pipeline[ Id: e8a5f3de-d803-4e95-a771-8509371c81b5, Nodes: 32bb5132-3190-4c64-bf84-ebbd3e705cf4{ip: 172.17.0.2, host: bc31a1f7cf94, networkLocation: /default-rack, certSerialId: null}, Type:RATIS, Factor:ONE, State:CLOSED, leaderId:32bb5132-3190-4c64-bf84-ebbd3e705cf4, CreationTimestamp2020-04-03T12:22:40.041Z] removed from db
2020-04-03 12:24:19,669 [RatisPipelineUtilsThread] WARN  pipeline.PipelinePlacementPolicy (PipelinePlacementPolicy.java:filterViableNodes(150)) - Pipeline creation failed due to no sufficient healthy datanodes. Required 3. Found 1.
2020-04-03 12:24:19,766 [EventQueue-DeadNodeForDeadNodeHandler] INFO  pipeline.SCMPipelineManager (SCMPipelineManager.java:finalizeAndDestroyPipeline(391)) - Destroying pipeline:Pipeline[ Id: 30ed9ebf-2c1f-4188-8c48-5fe9eaec25cc, Nodes: 51d79ad1-091b-476d-b3ea-570089388469{ip: 172.17.0.2, host: bc31a1f7cf94, networkLocation: /default-rack, certSerialId: null}1ad7987d-30f8-499c-992f-34a29b261407{ip: 172.17.0.2, host: bc31a1f7cf94, networkLocation: /default-rack, certSerialId: null}5ea4e034-58ac-4e1a-97e7-fb59da8c8203{ip: 172.17.0.2, host: bc31a1f7cf94, networkLocation: /default-rack, certSerialId: null}, Type:RATIS, Factor:THREE, State:CLOSED, leaderId:5ea4e034-58ac-4e1a-97e7-fb59da8c8203, CreationTimestamp2020-04-03T12:22:40.287Z]
2020-04-03 12:24:19,766 [EventQueue-DeadNodeForDeadNodeHandler] INFO  pipeline.RatisPipelineProvider (RatisPipelineProvider.java:lambda$close$4(208)) - Send pipeline:PipelineID=30ed9ebf-2c1f-4188-8c48-5fe9eaec25cc close command to datanode 51d79ad1-091b-476d-b3ea-570089388469
2020-04-03 12:24:19,766 [EventQueue-DeadNodeForDeadNodeHandler] INFO  pipeline.RatisPipelineProvider (RatisPipelineProvider.java:lambda$close$4(208)) - Send pipeline:PipelineID=30ed9ebf-2c1f-4188-8c48-5fe9eaec25cc close command to datanode 1ad7987d-30f8-499c-992f-34a29b261407
2020-04-03 12:24:19,766 [EventQueue-DeadNodeForDeadNodeHandler] INFO  pipeline.RatisPipelineProvider (RatisPipelineProvider.java:lambda$close$4(208)) - Send pipeline:PipelineID=30ed9ebf-2c1f-4188-8c48-5fe9eaec25cc close command to datanode 5ea4e034-58ac-4e1a-97e7-fb59da8c8203
2020-04-03 12:24:19,767 [EventQueue-DeadNodeForDeadNodeHandler] INFO  pipeline.PipelineStateManager (PipelineStateManager.java:removePipeline(105)) - Pipeline Pipeline[ Id: 30ed9ebf-2c1f-4188-8c48-5fe9eaec25cc, Nodes: 51d79ad1-091b-476d-b3ea-570089388469{ip: 172.17.0.2, host: bc31a1f7cf94, networkLocation: /default-rack, certSerialId: null}1ad7987d-30f8-499c-992f-34a29b261407{ip: 172.17.0.2, host: bc31a1f7cf94, networkLocation: /default-rack, certSerialId: null}5ea4e034-58ac-4e1a-97e7-fb59da8c8203{ip: 172.17.0.2, host: bc31a1f7cf94, networkLocation: /default-rack, certSerialId: null}, Type:RATIS, Factor:THREE, State:CLOSED, leaderId:5ea4e034-58ac-4e1a-97e7-fb59da8c8203, CreationTimestamp2020-04-03T12:22:40.287Z] removed from db
2020-04-03 12:24:19,767 [EventQueue-DeadNodeForDeadNodeHandler] INFO  pipeline.SCMPipelineManager (SCMPipelineManager.java:finalizeAndDestroyPipeline(391)) - Destroying pipeline:Pipeline[ Id: 20312da7-76b4-450e-b4af-ffe3da64eeb3, Nodes: 1ad7987d-30f8-499c-992f-34a29b261407{ip: 172.17.0.2, host: bc31a1f7cf94, networkLocation: /default-rack, certSerialId: null}, Type:RATIS, Factor:ONE, State:CLOSED, leaderId:1ad7987d-30f8-499c-992f-34a29b261407, CreationTimestamp2020-04-03T12:22:40.248Z]
2020-04-03 12:24:19,767 [EventQueue-DeadNodeForDeadNodeHandler] INFO  pipeline.RatisPipelineProvider (RatisPipelineProvider.java:lambda$close$4(208)) - Send pipeline:PipelineID=20312da7-76b4-450e-b4af-ffe3da64eeb3 close command to datanode 1ad7987d-30f8-499c-992f-34a29b261407
2020-04-03 12:24:19,767 [RatisPipelineUtilsThread] WARN  pipeline.PipelinePlacementPolicy (PipelinePlacementPolicy.java:filterViableNodes(150)) - Pipeline creation failed due to no sufficient healthy datanodes. Required 3. Found 1.
2020-04-03 12:24:19,768 [EventQueue-DeadNodeForDeadNodeHandler] INFO  pipeline.PipelineStateManager (PipelineStateManager.java:removePipeline(105)) - Pipeline Pipeline[ Id: 20312da7-76b4-450e-b4af-ffe3da64eeb3, Nodes: 1ad7987d-30f8-499c-992f-34a29b261407{ip: 172.17.0.2, host: bc31a1f7cf94, networkLocation: /default-rack, certSerialId: null}, Type:RATIS, Factor:ONE, State:CLOSED, leaderId:1ad7987d-30f8-499c-992f-34a29b261407, CreationTimestamp2020-04-03T12:22:40.248Z] removed from db
2020-04-03 12:24:19,768 [RatisPipelineUtilsThread] WARN  pipeline.PipelinePlacementPolicy (PipelinePlacementPolicy.java:filterViableNodes(150)) - Pipeline creation failed due to no sufficient healthy datanodes. Required 3. Found 1.
2020-04-03 12:24:19,768 [EventQueue-DeadNodeForDeadNodeHandler] INFO  pipeline.SCMPipelineManager (SCMPipelineManager.java:finalizeAndDestroyPipeline(391)) - Destroying pipeline:Pipeline[ Id: e28a9491-70a6-410e-9598-ec46d86256b6, Nodes: 1ad7987d-30f8-499c-992f-34a29b261407{ip: 172.17.0.2, host: bc31a1f7cf94, networkLocation: /default-rack, certSerialId: null}51d79ad1-091b-476d-b3ea-570089388469{ip: 172.17.0.2, host: bc31a1f7cf94, networkLocation: /default-rack, certSerialId: null}5ea4e034-58ac-4e1a-97e7-fb59da8c8203{ip: 172.17.0.2, host: bc31a1f7cf94, networkLocation: /default-rack, certSerialId: null}, Type:RATIS, Factor:THREE, State:CLOSED, leaderId:51d79ad1-091b-476d-b3ea-570089388469, CreationTimestamp2020-04-03T12:22:40.288Z]
2020-04-03 12:24:19,768 [EventQueue-DeadNodeForDeadNodeHandler] INFO  pipeline.RatisPipelineProvider (RatisPipelineProvider.java:lambda$close$4(208)) - Send pipeline:PipelineID=e28a9491-70a6-410e-9598-ec46d86256b6 close command to datanode 1ad7987d-30f8-499c-992f-34a29b261407
2020-04-03 12:24:19,768 [EventQueue-DeadNodeForDeadNodeHandler] INFO  pipeline.RatisPipelineProvider (RatisPipelineProvider.java:lambda$close$4(208)) - Send pipeline:PipelineID=e28a9491-70a6-410e-9598-ec46d86256b6 close command to datanode 51d79ad1-091b-476d-b3ea-570089388469
2020-04-03 12:24:19,769 [EventQueue-DeadNodeForDeadNodeHandler] INFO  pipeline.RatisPipelineProvider (RatisPipelineProvider.java:lambda$close$4(208)) - Send pipeline:PipelineID=e28a9491-70a6-410e-9598-ec46d86256b6 close command to datanode 5ea4e034-58ac-4e1a-97e7-fb59da8c8203
2020-04-03 12:24:19,769 [EventQueue-DeadNodeForDeadNodeHandler] INFO  pipeline.PipelineStateManager (PipelineStateManager.java:removePipeline(105)) - Pipeline Pipeline[ Id: e28a9491-70a6-410e-9598-ec46d86256b6, Nodes: 1ad7987d-30f8-499c-992f-34a29b261407{ip: 172.17.0.2, host: bc31a1f7cf94, networkLocation: /default-rack, certSerialId: null}51d79ad1-091b-476d-b3ea-570089388469{ip: 172.17.0.2, host: bc31a1f7cf94, networkLocation: /default-rack, certSerialId: null}5ea4e034-58ac-4e1a-97e7-fb59da8c8203{ip: 172.17.0.2, host: bc31a1f7cf94, networkLocation: /default-rack, certSerialId: null}, Type:RATIS, Factor:THREE, State:CLOSED, leaderId:51d79ad1-091b-476d-b3ea-570089388469, CreationTimestamp2020-04-03T12:22:40.288Z] removed from db
2020-04-03 12:24:19,769 [RatisPipelineUtilsThread] WARN  pipeline.PipelinePlacementPolicy (PipelinePlacementPolicy.java:filterViableNodes(150)) - Pipeline creation failed due to no sufficient healthy datanodes. Required 3. Found 1.
2020-04-03 12:24:19,880 [Thread-2788] INFO  impl.FollowerState (FollowerState.java:run(108)) - 51d79ad1-091b-476d-b3ea-570089388469@group-5FE9EAEC25CC-FollowerState: change to CANDIDATE, lastRpcTime:5056ms, electionTimeout:5055ms
2020-04-03 12:24:19,880 [Thread-2788] INFO  impl.RoleInfo (RoleInfo.java:shutdownFollowerState(121)) - 51d79ad1-091b-476d-b3ea-570089388469: shutdown FollowerState
2020-04-03 12:24:19,880 [Thread-2788] INFO  impl.RaftServerImpl (RaftServerImpl.java:setRole(172)) - 51d79ad1-091b-476d-b3ea-570089388469@group-5FE9EAEC25CC: changes role from  FOLLOWER to CANDIDATE at term 2 for changeToCandidate
2020-04-03 12:24:19,880 [Thread-2788] INFO  impl.RoleInfo (RoleInfo.java:updateAndGet(143)) - 51d79ad1-091b-476d-b3ea-570089388469: start LeaderElection
2020-04-03 12:24:19,883 [51d79ad1-091b-476d-b3ea-570089388469@group-5FE9EAEC25CC-LeaderElection93] INFO  impl.LeaderElection (LeaderElection.java:askForVotes(206)) - 51d79ad1-091b-476d-b3ea-570089388469@group-5FE9EAEC25CC-LeaderElection93: begin an election at term 3 for 0: [5ea4e034-58ac-4e1a-97e7-fb59da8c8203:172.17.0.2:39023, 1ad7987d-30f8-499c-992f-34a29b261407:172.17.0.2:41615, 51d79ad1-091b-476d-b3ea-570089388469:172.17.0.2:41413], old=null
2020-04-03 12:24:19,889 [51d79ad1-091b-476d-b3ea-570089388469@group-5FE9EAEC25CC-LeaderElection93] INFO  impl.LeaderElection (LogUtils.java:infoOrTrace(137)) - 51d79ad1-091b-476d-b3ea-570089388469@group-5FE9EAEC25CC-LeaderElection93 got exception when requesting votes: java.util.concurrent.ExecutionException: org.apache.ratis.thirdparty.io.grpc.StatusRuntimeException: UNAVAILABLE: io exception
2020-04-03 12:24:19,890 [51d79ad1-091b-476d-b3ea-570089388469@group-5FE9EAEC25CC-LeaderElection93] INFO  impl.LeaderElection (LogUtils.java:infoOrTrace(137)) - 51d79ad1-091b-476d-b3ea-570089388469@group-5FE9EAEC25CC-LeaderElection93 got exception when requesting votes: java.util.concurrent.ExecutionException: org.apache.ratis.thirdparty.io.grpc.StatusRuntimeException: UNAVAILABLE: io exception
2020-04-03 12:24:19,890 [51d79ad1-091b-476d-b3ea-570089388469@group-5FE9EAEC25CC-LeaderElection93] INFO  impl.LeaderElection (LeaderElection.java:logAndReturn(61)) - 51d79ad1-091b-476d-b3ea-570089388469@group-5FE9EAEC25CC-LeaderElection93: Election REJECTED; received 0 response(s) [] and 2 exception(s); 51d79ad1-091b-476d-b3ea-570089388469@group-5FE9EAEC25CC:t3, leader=null, voted=51d79ad1-091b-476d-b3ea-570089388469, raftlog=51d79ad1-091b-476d-b3ea-570089388469@group-5FE9EAEC25CC-SegmentedRaftLog:OPENED:c0,f0,i0, conf=0: [5ea4e034-58ac-4e1a-97e7-fb59da8c8203:172.17.0.2:39023, 1ad7987d-30f8-499c-992f-34a29b261407:172.17.0.2:41615, 51d79ad1-091b-476d-b3ea-570089388469:172.17.0.2:41413], old=null
2020-04-03 12:24:19,890 [51d79ad1-091b-476d-b3ea-570089388469@group-5FE9EAEC25CC-LeaderElection93] INFO  impl.LeaderElection (LogUtils.java:infoOrTrace(137)) -   Exception 0: java.util.concurrent.ExecutionException: org.apache.ratis.thirdparty.io.grpc.StatusRuntimeException: UNAVAILABLE: io exception
2020-04-03 12:24:19,890 [51d79ad1-091b-476d-b3ea-570089388469@group-5FE9EAEC25CC-LeaderElection93] INFO  impl.LeaderElection (LogUtils.java:infoOrTrace(137)) -   Exception 1: java.util.concurrent.ExecutionException: org.apache.ratis.thirdparty.io.grpc.StatusRuntimeException: UNAVAILABLE: io exception
2020-04-03 12:24:19,890 [51d79ad1-091b-476d-b3ea-570089388469@group-5FE9EAEC25CC-LeaderElection93] INFO  impl.RaftServerImpl (RaftServerImpl.java:setRole(172)) - 51d79ad1-091b-476d-b3ea-570089388469@group-5FE9EAEC25CC: changes role from CANDIDATE to FOLLOWER at term 3 for DISCOVERED_A_NEW_TERM
2020-04-03 12:24:19,890 [51d79ad1-091b-476d-b3ea-570089388469@group-5FE9EAEC25CC-LeaderElection93] INFO  impl.RoleInfo (RoleInfo.java:shutdownLeaderElection(134)) - 51d79ad1-091b-476d-b3ea-570089388469: shutdown LeaderElection
2020-04-03 12:24:19,891 [51d79ad1-091b-476d-b3ea-570089388469@group-5FE9EAEC25CC-LeaderElection93] INFO  impl.RoleInfo (RoleInfo.java:updateAndGet(143)) - 51d79ad1-091b-476d-b3ea-570089388469: start FollowerState
2020-04-03 12:24:20,086 [Command processor thread] ERROR commandhandler.CloseContainerCommandHandler (CloseContainerCommandHandler.java:handle(129)) - Can't close container #2
java.io.IOException
	at org.apache.hadoop.ozone.container.common.transport.server.ratis.XceiverServerRatis.submitRequest(XceiverServerRatis.java:500)
	at org.apache.hadoop.ozone.container.common.statemachine.commandhandler.CloseContainerCommandHandler.handle(CloseContainerCommandHandler.java:103)
	at org.apache.hadoop.ozone.container.common.statemachine.commandhandler.CommandDispatcher.handle(CommandDispatcher.java:99)
	at org.apache.hadoop.ozone.container.common.statemachine.DatanodeStateMachine.lambda$initCommandHandlerThread$1(DatanodeStateMachine.java:472)
	at java.lang.Thread.run(Thread.java:748)
Caused by: java.lang.InterruptedException
	at java.util.concurrent.CompletableFuture.reportGet(CompletableFuture.java:347)
	at java.util.concurrent.CompletableFuture.get(CompletableFuture.java:1908)
	at org.apache.hadoop.ozone.container.common.transport.server.ratis.XceiverServerRatis.submitRequest(XceiverServerRatis.java:498)
	... 4 more
2020-04-03 12:24:20,086 [main] INFO  ozoneimpl.OzoneContainer (OzoneContainer.java:stop(245)) - Attempting to stop container services.
2020-04-03 12:24:20,086 [main] INFO  impl.RaftServerProxy (RaftServerProxy.java:lambda$close$4(314)) - 51d79ad1-091b-476d-b3ea-570089388469: close
2020-04-03 12:24:20,087 [main] INFO  impl.RaftServerImpl (RaftServerImpl.java:lambda$shutdown$3(249)) - 51d79ad1-091b-476d-b3ea-570089388469@group-7C7BFE04D162: shutdown
2020-04-03 12:24:20,087 [main] INFO  util.JmxRegister (JmxRegister.java:unregister(73)) - Successfully un-registered JMX Bean with object name Ratis:service=RaftServer,group=group-7C7BFE04D162,id=51d79ad1-091b-476d-b3ea-570089388469
2020-04-03 12:24:20,087 [main] INFO  impl.RoleInfo (RoleInfo.java:shutdownLeaderState(104)) - 51d79ad1-091b-476d-b3ea-570089388469: shutdown LeaderState
2020-04-03 12:24:20,087 [ForkJoinPool.commonPool-worker-0] INFO  impl.RaftServerImpl (RaftServerImpl.java:lambda$shutdown$3(249)) - 51d79ad1-091b-476d-b3ea-570089388469@group-EC46D86256B6: shutdown
2020-04-03 12:24:20,087 [ForkJoinPool.commonPool-worker-0] INFO  util.JmxRegister (JmxRegister.java:unregister(73)) - Successfully un-registered JMX Bean with object name Ratis:service=RaftServer,group=group-EC46D86256B6,id=51d79ad1-091b-476d-b3ea-570089388469
2020-04-03 12:24:20,087 [ForkJoinPool.commonPool-worker-0] INFO  impl.RoleInfo (RoleInfo.java:shutdownLeaderState(104)) - 51d79ad1-091b-476d-b3ea-570089388469: shutdown LeaderState
2020-04-03 12:24:20,087 [main] INFO  impl.PendingRequests (PendingRequests.java:sendNotLeaderResponses(240)) - 51d79ad1-091b-476d-b3ea-570089388469@group-7C7BFE04D162-PendingRequests: sendNotLeaderResponses
2020-04-03 12:24:20,088 [org.apache.ratis.server.impl.LogAppender$AppenderDaemon$$Lambda$421/844371036@54d169d8] WARN  server.GrpcLogAppender (GrpcLogAppender.java:mayWait(153)) - 51d79ad1-091b-476d-b3ea-570089388469@group-EC46D86256B6->5ea4e034-58ac-4e1a-97e7-fb59da8c8203-GrpcLogAppender: Wait interrupted by java.lang.InterruptedException
2020-04-03 12:24:20,088 [main] INFO  metrics.RatisMetrics (RatisMetrics.java:unregister(46)) - Unregistering Metrics Registry : ratis.log_appender.51d79ad1-091b-476d-b3ea-570089388469@group-7C7BFE04D162
2020-04-03 12:24:20,089 [main] INFO  impl.StateMachineUpdater (StateMachineUpdater.java:stopAndJoin(139)) - 51d79ad1-091b-476d-b3ea-570089388469@group-7C7BFE04D162-StateMachineUpdater: set stopIndex = 0
2020-04-03 12:24:20,089 [org.apache.ratis.server.impl.LogAppender$AppenderDaemon$$Lambda$421/844371036@4991a112] WARN  server.GrpcLogAppender (GrpcLogAppender.java:mayWait(153)) - 51d79ad1-091b-476d-b3ea-570089388469@group-EC46D86256B6->1ad7987d-30f8-499c-992f-34a29b261407-GrpcLogAppender: Wait interrupted by java.lang.InterruptedException
2020-04-03 12:24:20,089 [ForkJoinPool.commonPool-worker-0] INFO  impl.PendingRequests (PendingRequests.java:sendNotLeaderResponses(240)) - 51d79ad1-091b-476d-b3ea-570089388469@group-EC46D86256B6-PendingRequests: sendNotLeaderResponses
2020-04-03 12:24:20,089 [51d79ad1-091b-476d-b3ea-570089388469@group-7C7BFE04D162-StateMachineUpdater] INFO  ratis.ContainerStateMachine (ContainerStateMachine.java:takeSnapshot(295)) - group-7C7BFE04D162: Taking a snapshot at:(t:1, i:0) file /github/workspace/hadoop-ozone/integration-test/target/test-dir/MiniOzoneClusterImpl-54c97517-776f-4ce9-b1d6-5922e4042064/datanode-5/data/ratis/a6f3ee06-c84e-48b0-a0a5-7c7bfe04d162/sm/snapshot.1_0
2020-04-03 12:24:20,090 [ForkJoinPool.commonPool-worker-0] INFO  metrics.RatisMetrics (RatisMetrics.java:unregister(46)) - Unregistering Metrics Registry : ratis.log_appender.51d79ad1-091b-476d-b3ea-570089388469@group-EC46D86256B6
2020-04-03 12:24:20,090 [51d79ad1-091b-476d-b3ea-570089388469@group-EC46D86256B6-StateMachineUpdater] INFO  ratis.ContainerStateMachine (ContainerStateMachine.java:takeSnapshot(295)) - group-EC46D86256B6: Taking a snapshot at:(t:1, i:11) file /github/workspace/hadoop-ozone/integration-test/target/test-dir/MiniOzoneClusterImpl-54c97517-776f-4ce9-b1d6-5922e4042064/datanode-5/data/ratis/e28a9491-70a6-410e-9598-ec46d86256b6/sm/snapshot.1_11
2020-04-03 12:24:20,090 [ForkJoinPool.commonPool-worker-0] INFO  impl.StateMachineUpdater (StateMachineUpdater.java:stopAndJoin(139)) - 51d79ad1-091b-476d-b3ea-570089388469@group-EC46D86256B6-StateMachineUpdater: set stopIndex = 11
2020-04-03 12:24:20,091 [51d79ad1-091b-476d-b3ea-570089388469@group-EC46D86256B6-StateMachineUpdater] INFO  ratis.ContainerStateMachine (ContainerStateMachine.java:takeSnapshot(306)) - group-EC46D86256B6: Finished taking a snapshot at:(t:1, i:11) file:/github/workspace/hadoop-ozone/integration-test/target/test-dir/MiniOzoneClusterImpl-54c97517-776f-4ce9-b1d6-5922e4042064/datanode-5/data/ratis/e28a9491-70a6-410e-9598-ec46d86256b6/sm/snapshot.1_11 time:2
2020-04-03 12:24:20,091 [51d79ad1-091b-476d-b3ea-570089388469@group-7C7BFE04D162-StateMachineUpdater] INFO  ratis.ContainerStateMachine (ContainerStateMachine.java:takeSnapshot(306)) - group-7C7BFE04D162: Finished taking a snapshot at:(t:1, i:0) file:/github/workspace/hadoop-ozone/integration-test/target/test-dir/MiniOzoneClusterImpl-54c97517-776f-4ce9-b1d6-5922e4042064/datanode-5/data/ratis/a6f3ee06-c84e-48b0-a0a5-7c7bfe04d162/sm/snapshot.1_0 time:3
2020-04-03 12:24:20,091 [51d79ad1-091b-476d-b3ea-570089388469@group-EC46D86256B6-StateMachineUpdater] INFO  impl.StateMachineUpdater (StateMachineUpdater.java:takeSnapshot(274)) - 51d79ad1-091b-476d-b3ea-570089388469@group-EC46D86256B6-StateMachineUpdater: Took a snapshot at index 11
2020-04-03 12:24:20,092 [51d79ad1-091b-476d-b3ea-570089388469@group-EC46D86256B6-StateMachineUpdater] INFO  impl.StateMachineUpdater (StateMachineUpdater.java:lambda$new$0(86)) - 51d79ad1-091b-476d-b3ea-570089388469@group-EC46D86256B6-StateMachineUpdater: snapshotIndex: updateIncreasingly -1 -> 11
2020-04-03 12:24:20,092 [51d79ad1-091b-476d-b3ea-570089388469@group-7C7BFE04D162-StateMachineUpdater] INFO  impl.StateMachineUpdater (StateMachineUpdater.java:takeSnapshot(274)) - 51d79ad1-091b-476d-b3ea-570089388469@group-7C7BFE04D162-StateMachineUpdater: Took a snapshot at index 0
2020-04-03 12:24:20,092 [51d79ad1-091b-476d-b3ea-570089388469@group-7C7BFE04D162-StateMachineUpdater] INFO  impl.StateMachineUpdater (StateMachineUpdater.java:lambda$new$0(86)) - 51d79ad1-091b-476d-b3ea-570089388469@group-7C7BFE04D162-StateMachineUpdater: snapshotIndex: updateIncreasingly -1 -> 0
2020-04-03 12:24:20,092 [51d79ad1-091b-476d-b3ea-570089388469@group-EC46D86256B6-StateMachineUpdater] INFO  metrics.RatisMetrics (RatisMetrics.java:unregister(46)) - Unregistering Metrics Registry : ratis.state_machine.51d79ad1-091b-476d-b3ea-570089388469@group-EC46D86256B6
2020-04-03 12:24:20,092 [51d79ad1-091b-476d-b3ea-570089388469@group-7C7BFE04D162-StateMachineUpdater] INFO  metrics.RatisMetrics (RatisMetrics.java:unregister(46)) - Unregistering Metrics Registry : ratis.state_machine.51d79ad1-091b-476d-b3ea-570089388469@group-7C7BFE04D162
2020-04-03 12:24:20,092 [ForkJoinPool.commonPool-worker-0] INFO  impl.RaftServerImpl (ServerState.java:close(387)) - 51d79ad1-091b-476d-b3ea-570089388469@group-EC46D86256B6: closes. applyIndex: 11
2020-04-03 12:24:20,092 [51d79ad1-091b-476d-b3ea-570089388469@group-EC46D86256B6-SegmentedRaftLogWorker] INFO  segmented.SegmentedRaftLogWorker (SegmentedRaftLogWorker.java:run(321)) - 51d79ad1-091b-476d-b3ea-570089388469@group-EC46D86256B6-SegmentedRaftLogWorker was interrupted, exiting. There are 0 tasks remaining in the queue.
2020-04-03 12:24:20,093 [main] INFO  impl.RaftServerImpl (ServerState.java:close(387)) - 51d79ad1-091b-476d-b3ea-570089388469@group-7C7BFE04D162: closes. applyIndex: 0
2020-04-03 12:24:20,093 [51d79ad1-091b-476d-b3ea-570089388469@group-7C7BFE04D162-SegmentedRaftLogWorker] INFO  segmented.SegmentedRaftLogWorker (SegmentedRaftLogWorker.java:run(321)) - 51d79ad1-091b-476d-b3ea-570089388469@group-7C7BFE04D162-SegmentedRaftLogWorker was interrupted, exiting. There are 0 tasks remaining in the queue.
2020-04-03 12:24:20,093 [main] INFO  segmented.SegmentedRaftLogWorker (SegmentedRaftLogWorker.java:close(229)) - 51d79ad1-091b-476d-b3ea-570089388469@group-7C7BFE04D162-SegmentedRaftLogWorker close()
2020-04-03 12:24:20,093 [main] INFO  metrics.RatisMetrics (RatisMetrics.java:unregister(46)) - Unregistering Metrics Registry : ratis.log_worker.51d79ad1-091b-476d-b3ea-570089388469
2020-04-03 12:24:20,093 [main] INFO  metrics.RatisMetrics (RatisMetrics.java:unregister(46)) - Unregistering Metrics Registry : ratis.leader_election.51d79ad1-091b-476d-b3ea-570089388469@group-7C7BFE04D162
2020-04-03 12:24:20,094 [main] INFO  metrics.RatisMetrics (RatisMetrics.java:unregister(46)) - Unregistering Metrics Registry : ratis.server.51d79ad1-091b-476d-b3ea-570089388469@group-7C7BFE04D162
2020-04-03 12:24:20,094 [main] INFO  impl.RaftServerImpl (RaftServerImpl.java:lambda$shutdown$3(249)) - 51d79ad1-091b-476d-b3ea-570089388469@group-5FE9EAEC25CC: shutdown
2020-04-03 12:24:20,093 [ForkJoinPool.commonPool-worker-0] INFO  segmented.SegmentedRaftLogWorker (SegmentedRaftLogWorker.java:close(229)) - 51d79ad1-091b-476d-b3ea-570089388469@group-EC46D86256B6-SegmentedRaftLogWorker close()
2020-04-03 12:24:20,094 [ForkJoinPool.commonPool-worker-0] INFO  metrics.RatisMetrics (RatisMetrics.java:unregister(46)) - Unregistering Metrics Registry : ratis.log_worker.51d79ad1-091b-476d-b3ea-570089388469
2020-04-03 12:24:20,094 [ForkJoinPool.commonPool-worker-0] INFO  metrics.RatisMetrics (RatisMetrics.java:unregister(46)) - Unregistering Metrics Registry : ratis.leader_election.51d79ad1-091b-476d-b3ea-570089388469@group-EC46D86256B6
2020-04-03 12:24:20,094 [ForkJoinPool.commonPool-worker-0] INFO  metrics.RatisMetrics (RatisMetrics.java:unregister(46)) - Unregistering Metrics Registry : ratis.server.51d79ad1-091b-476d-b3ea-570089388469@group-EC46D86256B6
2020-04-03 12:24:20,094 [main] INFO  util.JmxRegister (JmxRegister.java:unregister(73)) - Successfully un-registered JMX Bean with object name Ratis:service=RaftServer,group=group-5FE9EAEC25CC,id=51d79ad1-091b-476d-b3ea-570089388469
2020-04-03 12:24:20,094 [main] INFO  impl.RoleInfo (RoleInfo.java:shutdownFollowerState(121)) - 51d79ad1-091b-476d-b3ea-570089388469: shutdown FollowerState
2020-04-03 12:24:20,095 [Thread-2793] INFO  impl.FollowerState (FollowerState.java:run(117)) - 51d79ad1-091b-476d-b3ea-570089388469@group-5FE9EAEC25CC-FollowerState was interrupted: java.lang.InterruptedException: sleep interrupted
2020-04-03 12:24:20,095 [main] INFO  impl.StateMachineUpdater (StateMachineUpdater.java:stopAndJoin(139)) - 51d79ad1-091b-476d-b3ea-570089388469@group-5FE9EAEC25CC-StateMachineUpdater: set stopIndex = 0
2020-04-03 12:24:20,095 [51d79ad1-091b-476d-b3ea-570089388469@group-5FE9EAEC25CC-StateMachineUpdater] INFO  ratis.ContainerStateMachine (ContainerStateMachine.java:takeSnapshot(295)) - group-5FE9EAEC25CC: Taking a snapshot at:(t:1, i:0) file /github/workspace/hadoop-ozone/integration-test/target/test-dir/MiniOzoneClusterImpl-54c97517-776f-4ce9-b1d6-5922e4042064/datanode-5/data/ratis/30ed9ebf-2c1f-4188-8c48-5fe9eaec25cc/sm/snapshot.1_0
2020-04-03 12:24:20,096 [51d79ad1-091b-476d-b3ea-570089388469@group-5FE9EAEC25CC-StateMachineUpdater] INFO  ratis.ContainerStateMachine (ContainerStateMachine.java:takeSnapshot(306)) - group-5FE9EAEC25CC: Finished taking a snapshot at:(t:1, i:0) file:/github/workspace/hadoop-ozone/integration-test/target/test-dir/MiniOzoneClusterImpl-54c97517-776f-4ce9-b1d6-5922e4042064/datanode-5/data/ratis/30ed9ebf-2c1f-4188-8c48-5fe9eaec25cc/sm/snapshot.1_0 time:0
2020-04-03 12:24:20,096 [51d79ad1-091b-476d-b3ea-570089388469@group-5FE9EAEC25CC-StateMachineUpdater] INFO  impl.StateMachineUpdater (StateMachineUpdater.java:takeSnapshot(274)) - 51d79ad1-091b-476d-b3ea-570089388469@group-5FE9EAEC25CC-StateMachineUpdater: Took a snapshot at index 0
2020-04-03 12:24:20,096 [51d79ad1-091b-476d-b3ea-570089388469@group-5FE9EAEC25CC-StateMachineUpdater] INFO  impl.StateMachineUpdater (StateMachineUpdater.java:lambda$new$0(86)) - 51d79ad1-091b-476d-b3ea-570089388469@group-5FE9EAEC25CC-StateMachineUpdater: snapshotIndex: updateIncreasingly -1 -> 0
2020-04-03 12:24:20,096 [51d79ad1-091b-476d-b3ea-570089388469@group-5FE9EAEC25CC-StateMachineUpdater] INFO  metrics.RatisMetrics (RatisMetrics.java:unregister(46)) - Unregistering Metrics Registry : ratis.state_machine.51d79ad1-091b-476d-b3ea-570089388469@group-5FE9EAEC25CC
2020-04-03 12:24:20,096 [main] INFO  impl.RaftServerImpl (ServerState.java:close(387)) - 51d79ad1-091b-476d-b3ea-570089388469@group-5FE9EAEC25CC: closes. applyIndex: 0
2020-04-03 12:24:20,097 [51d79ad1-091b-476d-b3ea-570089388469@group-5FE9EAEC25CC-SegmentedRaftLogWorker] INFO  segmented.SegmentedRaftLogWorker (SegmentedRaftLogWorker.java:run(321)) - 51d79ad1-091b-476d-b3ea-570089388469@group-5FE9EAEC25CC-SegmentedRaftLogWorker was interrupted, exiting. There are 0 tasks remaining in the queue.
2020-04-03 12:24:20,097 [main] INFO  segmented.SegmentedRaftLogWorker (SegmentedRaftLogWorker.java:close(229)) - 51d79ad1-091b-476d-b3ea-570089388469@group-5FE9EAEC25CC-SegmentedRaftLogWorker close()
2020-04-03 12:24:20,097 [main] INFO  metrics.RatisMetrics (RatisMetrics.java:unregister(46)) - Unregistering Metrics Registry : ratis.log_worker.51d79ad1-091b-476d-b3ea-570089388469
2020-04-03 12:24:20,097 [main] INFO  metrics.RatisMetrics (RatisMetrics.java:unregister(46)) - Unregistering Metrics Registry : ratis.leader_election.51d79ad1-091b-476d-b3ea-570089388469@group-5FE9EAEC25CC
2020-04-03 12:24:20,098 [main] INFO  metrics.RatisMetrics (RatisMetrics.java:unregister(46)) - Unregistering Metrics Registry : ratis.server.51d79ad1-091b-476d-b3ea-570089388469@group-5FE9EAEC25CC
2020-04-03 12:24:20,098 [main] INFO  server.GrpcService (GrpcService.java:closeImpl(164)) - 51d79ad1-091b-476d-b3ea-570089388469: shutdown server with port 41413 now
2020-04-03 12:24:20,099 [main] INFO  server.GrpcService (GrpcService.java:closeImpl(172)) - 51d79ad1-091b-476d-b3ea-570089388469: shutdown server with port 41413 successfully
2020-04-03 12:24:20,115 [main] INFO  utils.BackgroundService (BackgroundService.java:shutdown(157)) - Shutting down service BlockDeletingService
2020-04-03 12:24:20,116 [main] INFO  statemachine.DatanodeStateMachine (DatanodeStateMachine.java:stopDaemon(435)) - Ozone container server stopped.
2020-04-03 12:24:20,117 [main] INFO  handler.ContextHandler (ContextHandler.java:doStop(1016)) - Stopped o.e.j.w.WebAppContext@7d401ad2{hddsDatanode,/,null,UNAVAILABLE}{jar:file:/home/user/.m2/repository/org/apache/hadoop/hadoop-hdds-container-service/0.6.0-SNAPSHOT/hadoop-hdds-container-service-0.6.0-SNAPSHOT.jar!/webapps/hddsDatanode}
2020-04-03 12:24:20,118 [main] INFO  server.AbstractConnector (AbstractConnector.java:doStop(380)) - Stopped ServerConnector@4001b9a5{HTTP/1.1,[http/1.1]}{0.0.0.0:0}
2020-04-03 12:24:20,118 [main] INFO  server.session (HouseKeeper.java:stopScavenging(158)) - node0 Stopped scavenging
2020-04-03 12:24:20,118 [main] INFO  handler.ContextHandler (ContextHandler.java:doStop(1016)) - Stopped o.e.j.s.ServletContextHandler@320d231d{static,/static,jar:file:/home/user/.m2/repository/org/apache/hadoop/hadoop-hdds-container-service/0.6.0-SNAPSHOT/hadoop-hdds-container-service-0.6.0-SNAPSHOT.jar!/webapps/static,UNAVAILABLE}
2020-04-03 12:24:20,118 [main] INFO  handler.ContextHandler (ContextHandler.java:doStop(1016)) - Stopped o.e.j.s.ServletContextHandler@7bef0ec1{logs,/logs,file:///github/workspace/hadoop-ozone/integration-test/target/log,UNAVAILABLE}
2020-04-03 12:24:20,119 [main] INFO  ozone.MiniOzoneClusterImpl (MiniOzoneClusterImpl.java:stopSCM(476)) - Stopping the StorageContainerManager
2020-04-03 12:24:20,119 [main] INFO  server.StorageContainerManager (StorageContainerManager.java:stop(816)) - Stopping Replication Manager Service.
2020-04-03 12:24:20,119 [main] INFO  container.ReplicationManager (ReplicationManager.java:stop(206)) - Stopping Replication Monitor Thread.
2020-04-03 12:24:20,119 [main] INFO  server.StorageContainerManager (StorageContainerManager.java:stop(823)) - Stopping Lease Manager of the command watchers
2020-04-03 12:24:20,120 [CommandWatcher-LeaseManager#LeaseMonitor] ERROR lease.LeaseManager (LeaseManager.java:run(238)) - Execution was interrupted 
java.lang.InterruptedException: sleep interrupted
	at java.lang.Thread.sleep(Native Method)
	at org.apache.hadoop.ozone.lease.LeaseManager$LeaseMonitor.run(LeaseManager.java:234)
	at java.lang.Thread.run(Thread.java:748)
2020-04-03 12:24:20,120 [main] INFO  server.StorageContainerManager (StorageContainerManager.java:stop(830)) - Stopping datanode service RPC server
2020-04-03 12:24:20,120 [main] INFO  server.SCMDatanodeProtocolServer (SCMDatanodeProtocolServer.java:stop(361)) - Stopping the RPC server for DataNodes
2020-04-03 12:24:20,120 [main] INFO  ipc.Server (Server.java:stop(3082)) - Stopping server on 45075
2020-04-03 12:24:20,122 [IPC Server listener on 45075] INFO  ipc.Server (Server.java:run(1185)) - Stopping IPC Server listener on 45075
2020-04-03 12:24:20,123 [IPC Server Responder] INFO  ipc.Server (Server.java:run(1319)) - Stopping IPC Server Responder
2020-04-03 12:24:20,166 [SCM Heartbeat Processing Thread - 0] WARN  node.NodeStateManager (NodeStateManager.java:scheduleNextHealthCheck(656)) - Current Thread is interrupted, shutting down HB processing thread for Node Manager.
2020-04-03 12:24:20,167 [main] INFO  server.StorageContainerManager (StorageContainerManager.java:stop(838)) - Stopping block service RPC server
2020-04-03 12:24:20,168 [main] INFO  server.SCMBlockProtocolServer (SCMBlockProtocolServer.java:stop(158)) - Stopping the RPC server for Block Protocol
2020-04-03 12:24:20,168 [main] INFO  ipc.Server (Server.java:stop(3082)) - Stopping server on 36759
2020-04-03 12:24:20,170 [IPC Server listener on 36759] INFO  ipc.Server (Server.java:run(1185)) - Stopping IPC Server listener on 36759
2020-04-03 12:24:20,170 [IPC Server Responder] INFO  ipc.Server (Server.java:run(1319)) - Stopping IPC Server Responder
2020-04-03 12:24:20,172 [main] INFO  server.StorageContainerManager (StorageContainerManager.java:stop(845)) - Stopping the StorageContainerLocationProtocol RPC server
2020-04-03 12:24:20,172 [main] INFO  server.SCMClientProtocolServer (SCMClientProtocolServer.java:stop(164)) - Stopping the RPC server for Client Protocol
2020-04-03 12:24:20,172 [main] INFO  ipc.Server (Server.java:stop(3082)) - Stopping server on 41557
2020-04-03 12:24:20,173 [IPC Server listener on 41557] INFO  ipc.Server (Server.java:run(1185)) - Stopping IPC Server listener on 41557
2020-04-03 12:24:20,174 [main] INFO  server.StorageContainerManager (StorageContainerManager.java:stop(852)) - Stopping Storage Container Manager HTTP server.
2020-04-03 12:24:20,174 [IPC Server Responder] INFO  ipc.Server (Server.java:run(1319)) - Stopping IPC Server Responder
2020-04-03 12:24:20,175 [main] INFO  handler.ContextHandler (ContextHandler.java:doStop(1016)) - Stopped o.e.j.w.WebAppContext@4f686f1b{scm,/,null,UNAVAILABLE}{file:/github/workspace/hadoop-ozone/integration-test/target/test-classes/webapps/scm}
2020-04-03 12:24:20,175 [main] INFO  server.AbstractConnector (AbstractConnector.java:doStop(380)) - Stopped ServerConnector@7b5526d8{HTTP/1.1,[http/1.1]}{0.0.0.0:0}
2020-04-03 12:24:20,175 [main] INFO  server.session (HouseKeeper.java:stopScavenging(158)) - node0 Stopped scavenging
2020-04-03 12:24:20,176 [main] INFO  handler.ContextHandler (ContextHandler.java:doStop(1016)) - Stopped o.e.j.s.ServletContextHandler@b5eab1b{static,/static,file:///github/workspace/hadoop-ozone/integration-test/target/test-classes/webapps/static,UNAVAILABLE}
2020-04-03 12:24:20,176 [main] INFO  handler.ContextHandler (ContextHandler.java:doStop(1016)) - Stopped o.e.j.s.ServletContextHandler@10b9de89{logs,/logs,file:///github/workspace/hadoop-ozone/integration-test/target/log,UNAVAILABLE}
2020-04-03 12:24:20,176 [main] INFO  server.StorageContainerManager (StorageContainerManager.java:stop(863)) - Stopping Block Manager Service.
2020-04-03 12:24:20,177 [main] INFO  utils.BackgroundService (BackgroundService.java:shutdown(157)) - Shutting down service SCMBlockDeletingService
2020-04-03 12:24:20,177 [main] INFO  utils.BackgroundService (BackgroundService.java:shutdown(157)) - Shutting down service SCMBlockDeletingService
2020-04-03 12:24:20,177 [main] INFO  server.StorageContainerManager (StorageContainerManager.java:stop(888)) - Stopping SCM Event Queue.
2020-04-03 12:24:20,182 [main] INFO  impl.MetricsSystemImpl (MetricsSystemImpl.java:stop(210)) - Stopping HddsDatanode metrics system...
2020-04-03 12:24:20,191 [main] INFO  impl.MetricsSystemImpl (MetricsSystemImpl.java:stop(216)) - HddsDatanode metrics system stopped.
]]></system-out>
    <system-err><![CDATA[Apr 03, 2020 12:22:43 PM org.apache.ratis.thirdparty.io.grpc.internal.ManagedChannelOrphanWrapper$ManagedChannelReference cleanQueue
SEVERE: *~*~*~ Channel ManagedChannelImpl{logId=1153, target=172.17.0.2:34127} was not shutdown properly!!! ~*~*~*
    Make sure to call shutdown()/shutdownNow() and wait until awaitTermination() returns true.
java.lang.RuntimeException: ManagedChannel allocation site
	at org.apache.ratis.thirdparty.io.grpc.internal.ManagedChannelOrphanWrapper$ManagedChannelReference.<init>(ManagedChannelOrphanWrapper.java:94)
	at org.apache.ratis.thirdparty.io.grpc.internal.ManagedChannelOrphanWrapper.<init>(ManagedChannelOrphanWrapper.java:52)
	at org.apache.ratis.thirdparty.io.grpc.internal.ManagedChannelOrphanWrapper.<init>(ManagedChannelOrphanWrapper.java:43)
	at org.apache.ratis.thirdparty.io.grpc.internal.AbstractManagedChannelImplBuilder.build(AbstractManagedChannelImplBuilder.java:512)
	at org.apache.hadoop.hdds.scm.XceiverClientGrpc.connectToDatanode(XceiverClientGrpc.java:189)
	at org.apache.hadoop.hdds.scm.XceiverClientGrpc.connect(XceiverClientGrpc.java:138)
	at org.apache.hadoop.hdds.scm.XceiverClientManager$2.call(XceiverClientManager.java:242)
	at org.apache.hadoop.hdds.scm.XceiverClientManager$2.call(XceiverClientManager.java:226)
	at com.google.common.cache.LocalCache$LocalManualCache$1.load(LocalCache.java:4876)
	at com.google.common.cache.LocalCache$LoadingValueReference.loadFuture(LocalCache.java:3529)
	at com.google.common.cache.LocalCache$Segment.loadSync(LocalCache.java:2278)
	at com.google.common.cache.LocalCache$Segment.lockedGetOrLoad(LocalCache.java:2155)
	at com.google.common.cache.LocalCache$Segment.get(LocalCache.java:2045)
	at com.google.common.cache.LocalCache.get(LocalCache.java:3951)
	at com.google.common.cache.LocalCache$LocalManualCache.get(LocalCache.java:4871)
	at org.apache.hadoop.hdds.scm.XceiverClientManager.getClient(XceiverClientManager.java:226)
	at org.apache.hadoop.hdds.scm.XceiverClientManager.acquireClient(XceiverClientManager.java:172)
	at org.apache.hadoop.hdds.scm.XceiverClientManager.acquireClientForReadData(XceiverClientManager.java:162)
	at org.apache.hadoop.hdds.scm.storage.BlockInputStream.getChunkInfos(BlockInputStream.java:184)
	at org.apache.hadoop.hdds.scm.storage.BlockInputStream.initialize(BlockInputStream.java:133)
	at org.apache.hadoop.hdds.scm.storage.BlockInputStream.read(BlockInputStream.java:254)
	at org.apache.hadoop.ozone.client.io.KeyInputStream.read(KeyInputStream.java:197)
	at org.apache.hadoop.ozone.client.io.OzoneInputStream.read(OzoneInputStream.java:47)
	at java.io.InputStream.read(InputStream.java:101)
	at org.apache.hadoop.ozone.container.TestHelper.validateData(TestHelper.java:128)
	at org.apache.hadoop.ozone.client.rpc.TestBlockOutputStreamWithFailures.validateData(TestBlockOutputStreamWithFailures.java:852)
	at org.apache.hadoop.ozone.client.rpc.TestBlockOutputStreamWithFailures.testWatchForCommitWithSingleNodeRatis(TestBlockOutputStreamWithFailures.java:649)
	at sun.reflect.NativeMethodAccessorImpl.invoke0(Native Method)
	at sun.reflect.NativeMethodAccessorImpl.invoke(NativeMethodAccessorImpl.java:62)
	at sun.reflect.DelegatingMethodAccessorImpl.invoke(DelegatingMethodAccessorImpl.java:43)
	at java.lang.reflect.Method.invoke(Method.java:498)
	at org.junit.runners.model.FrameworkMethod$1.runReflectiveCall(FrameworkMethod.java:47)
	at org.junit.internal.runners.model.ReflectiveCallable.run(ReflectiveCallable.java:12)
	at org.junit.runners.model.FrameworkMethod.invokeExplosively(FrameworkMethod.java:44)
	at org.junit.internal.runners.statements.InvokeMethod.evaluate(InvokeMethod.java:17)
	at org.junit.internal.runners.statements.RunBefores.evaluate(RunBefores.java:26)
	at org.junit.internal.runners.statements.RunAfters.evaluate(RunAfters.java:27)
	at org.junit.runners.ParentRunner.runLeaf(ParentRunner.java:271)
	at org.junit.runners.BlockJUnit4ClassRunner.runChild(BlockJUnit4ClassRunner.java:70)
	at org.junit.runners.BlockJUnit4ClassRunner.runChild(BlockJUnit4ClassRunner.java:50)
	at org.junit.runners.ParentRunner$3.run(ParentRunner.java:238)
	at org.junit.runners.ParentRunner$1.schedule(ParentRunner.java:63)
	at org.junit.runners.ParentRunner.runChildren(ParentRunner.java:236)
	at org.junit.runners.ParentRunner.access$000(ParentRunner.java:53)
	at org.junit.runners.ParentRunner$2.evaluate(ParentRunner.java:229)
	at org.junit.runners.ParentRunner.run(ParentRunner.java:309)
	at org.apache.maven.surefire.junit4.JUnit4Provider.execute(JUnit4Provider.java:365)
	at org.apache.maven.surefire.junit4.JUnit4Provider.executeWithRerun(JUnit4Provider.java:273)
	at org.apache.maven.surefire.junit4.JUnit4Provider.executeTestSet(JUnit4Provider.java:238)
	at org.apache.maven.surefire.junit4.JUnit4Provider.invoke(JUnit4Provider.java:159)
	at org.apache.maven.surefire.booter.ForkedBooter.invokeProviderInSameClassLoader(ForkedBooter.java:384)
	at org.apache.maven.surefire.booter.ForkedBooter.runSuitesInProcess(ForkedBooter.java:345)
	at org.apache.maven.surefire.booter.ForkedBooter.execute(ForkedBooter.java:126)
	at org.apache.maven.surefire.booter.ForkedBooter.main(ForkedBooter.java:418)

Apr 03, 2020 12:22:43 PM org.apache.ratis.thirdparty.io.grpc.internal.ManagedChannelOrphanWrapper$ManagedChannelReference cleanQueue
SEVERE: *~*~*~ Channel ManagedChannelImpl{logId=1148, target=172.17.0.2:34127} was not shutdown properly!!! ~*~*~*
    Make sure to call shutdown()/shutdownNow() and wait until awaitTermination() returns true.
java.lang.RuntimeException: ManagedChannel allocation site
	at org.apache.ratis.thirdparty.io.grpc.internal.ManagedChannelOrphanWrapper$ManagedChannelReference.<init>(ManagedChannelOrphanWrapper.java:94)
	at org.apache.ratis.thirdparty.io.grpc.internal.ManagedChannelOrphanWrapper.<init>(ManagedChannelOrphanWrapper.java:52)
	at org.apache.ratis.thirdparty.io.grpc.internal.ManagedChannelOrphanWrapper.<init>(ManagedChannelOrphanWrapper.java:43)
	at org.apache.ratis.thirdparty.io.grpc.internal.AbstractManagedChannelImplBuilder.build(AbstractManagedChannelImplBuilder.java:512)
	at org.apache.hadoop.hdds.scm.XceiverClientGrpc.connectToDatanode(XceiverClientGrpc.java:189)
	at org.apache.hadoop.hdds.scm.XceiverClientGrpc.connect(XceiverClientGrpc.java:138)
	at org.apache.hadoop.hdds.scm.XceiverClientManager$2.call(XceiverClientManager.java:242)
	at org.apache.hadoop.hdds.scm.XceiverClientManager$2.call(XceiverClientManager.java:226)
	at com.google.common.cache.LocalCache$LocalManualCache$1.load(LocalCache.java:4876)
	at com.google.common.cache.LocalCache$LoadingValueReference.loadFuture(LocalCache.java:3529)
	at com.google.common.cache.LocalCache$Segment.loadSync(LocalCache.java:2278)
	at com.google.common.cache.LocalCache$Segment.lockedGetOrLoad(LocalCache.java:2155)
	at com.google.common.cache.LocalCache$Segment.get(LocalCache.java:2045)
	at com.google.common.cache.LocalCache.get(LocalCache.java:3951)
	at com.google.common.cache.LocalCache$LocalManualCache.get(LocalCache.java:4871)
	at org.apache.hadoop.hdds.scm.XceiverClientManager.getClient(XceiverClientManager.java:226)
	at org.apache.hadoop.hdds.scm.XceiverClientManager.acquireClient(XceiverClientManager.java:172)
	at org.apache.hadoop.hdds.scm.XceiverClientManager.acquireClientForReadData(XceiverClientManager.java:162)
	at org.apache.hadoop.hdds.scm.storage.BlockInputStream.getChunkInfos(BlockInputStream.java:184)
	at org.apache.hadoop.hdds.scm.storage.BlockInputStream.initialize(BlockInputStream.java:133)
	at org.apache.hadoop.hdds.scm.storage.BlockInputStream.read(BlockInputStream.java:254)
	at org.apache.hadoop.ozone.client.io.KeyInputStream.read(KeyInputStream.java:197)
	at org.apache.hadoop.ozone.client.io.OzoneInputStream.read(OzoneInputStream.java:47)
	at java.io.InputStream.read(InputStream.java:101)
	at org.apache.hadoop.ozone.container.TestHelper.validateData(TestHelper.java:128)
	at org.apache.hadoop.ozone.client.rpc.TestBlockOutputStreamWithFailures.validateData(TestBlockOutputStreamWithFailures.java:852)
	at org.apache.hadoop.ozone.client.rpc.TestBlockOutputStreamWithFailures.testWatchForCommitWithSingleNodeRatis(TestBlockOutputStreamWithFailures.java:649)
	at sun.reflect.NativeMethodAccessorImpl.invoke0(Native Method)
	at sun.reflect.NativeMethodAccessorImpl.invoke(NativeMethodAccessorImpl.java:62)
	at sun.reflect.DelegatingMethodAccessorImpl.invoke(DelegatingMethodAccessorImpl.java:43)
	at java.lang.reflect.Method.invoke(Method.java:498)
	at org.junit.runners.model.FrameworkMethod$1.runReflectiveCall(FrameworkMethod.java:47)
	at org.junit.internal.runners.model.ReflectiveCallable.run(ReflectiveCallable.java:12)
	at org.junit.runners.model.FrameworkMethod.invokeExplosively(FrameworkMethod.java:44)
	at org.junit.internal.runners.statements.InvokeMethod.evaluate(InvokeMethod.java:17)
	at org.junit.internal.runners.statements.RunBefores.evaluate(RunBefores.java:26)
	at org.junit.internal.runners.statements.RunAfters.evaluate(RunAfters.java:27)
	at org.junit.runners.ParentRunner.runLeaf(ParentRunner.java:271)
	at org.junit.runners.BlockJUnit4ClassRunner.runChild(BlockJUnit4ClassRunner.java:70)
	at org.junit.runners.BlockJUnit4ClassRunner.runChild(BlockJUnit4ClassRunner.java:50)
	at org.junit.runners.ParentRunner$3.run(ParentRunner.java:238)
	at org.junit.runners.ParentRunner$1.schedule(ParentRunner.java:63)
	at org.junit.runners.ParentRunner.runChildren(ParentRunner.java:236)
	at org.junit.runners.ParentRunner.access$000(ParentRunner.java:53)
	at org.junit.runners.ParentRunner$2.evaluate(ParentRunner.java:229)
	at org.junit.runners.ParentRunner.run(ParentRunner.java:309)
	at org.apache.maven.surefire.junit4.JUnit4Provider.execute(JUnit4Provider.java:365)
	at org.apache.maven.surefire.junit4.JUnit4Provider.executeWithRerun(JUnit4Provider.java:273)
	at org.apache.maven.surefire.junit4.JUnit4Provider.executeTestSet(JUnit4Provider.java:238)
	at org.apache.maven.surefire.junit4.JUnit4Provider.invoke(JUnit4Provider.java:159)
	at org.apache.maven.surefire.booter.ForkedBooter.invokeProviderInSameClassLoader(ForkedBooter.java:384)
	at org.apache.maven.surefire.booter.ForkedBooter.runSuitesInProcess(ForkedBooter.java:345)
	at org.apache.maven.surefire.booter.ForkedBooter.execute(ForkedBooter.java:126)
	at org.apache.maven.surefire.booter.ForkedBooter.main(ForkedBooter.java:418)

Apr 03, 2020 12:24:04 PM org.apache.ratis.thirdparty.io.grpc.internal.SerializingExecutor run
SEVERE: Exception while executing runnable org.apache.ratis.thirdparty.io.grpc.internal.ServerImpl$JumpToApplicationThreadServerStreamListener$1Closed@e0cc06d
org.apache.ratis.thirdparty.io.grpc.StatusRuntimeException: CANCELLED: call already cancelled
	at org.apache.ratis.thirdparty.io.grpc.Status.asRuntimeException(Status.java:524)
	at org.apache.ratis.thirdparty.io.grpc.stub.ServerCalls$ServerCallStreamObserverImpl.onCompleted(ServerCalls.java:368)
	at org.apache.ratis.grpc.server.GrpcServerProtocolService$ServerRequestStreamObserver.onError(GrpcServerProtocolService.java:145)
	at org.apache.ratis.thirdparty.io.grpc.stub.ServerCalls$StreamingServerCallHandler$StreamingServerCallListener.onCancel(ServerCalls.java:272)
	at org.apache.ratis.thirdparty.io.grpc.internal.ServerCallImpl$ServerStreamListenerImpl.closedInternal(ServerCallImpl.java:353)
	at org.apache.ratis.thirdparty.io.grpc.internal.ServerCallImpl$ServerStreamListenerImpl.closed(ServerCallImpl.java:341)
	at org.apache.ratis.thirdparty.io.grpc.internal.ServerImpl$JumpToApplicationThreadServerStreamListener$1Closed.runInContext(ServerImpl.java:864)
	at org.apache.ratis.thirdparty.io.grpc.internal.ContextRunnable.run(ContextRunnable.java:37)
	at org.apache.ratis.thirdparty.io.grpc.internal.SerializingExecutor.run(SerializingExecutor.java:123)
	at java.util.concurrent.ThreadPoolExecutor.runWorker(ThreadPoolExecutor.java:1149)
	at java.util.concurrent.ThreadPoolExecutor$Worker.run(ThreadPoolExecutor.java:624)
	at java.lang.Thread.run(Thread.java:748)

Apr 03, 2020 12:24:04 PM org.apache.ratis.thirdparty.io.grpc.internal.SerializingExecutor run
SEVERE: Exception while executing runnable org.apache.ratis.thirdparty.io.grpc.internal.ServerImpl$JumpToApplicationThreadServerStreamListener$1Closed@4f4ab1d
org.apache.ratis.thirdparty.io.grpc.StatusRuntimeException: CANCELLED: call already cancelled
	at org.apache.ratis.thirdparty.io.grpc.Status.asRuntimeException(Status.java:524)
	at org.apache.ratis.thirdparty.io.grpc.stub.ServerCalls$ServerCallStreamObserverImpl.onCompleted(ServerCalls.java:368)
	at org.apache.ratis.grpc.server.GrpcServerProtocolService$ServerRequestStreamObserver.onError(GrpcServerProtocolService.java:145)
	at org.apache.ratis.thirdparty.io.grpc.stub.ServerCalls$StreamingServerCallHandler$StreamingServerCallListener.onCancel(ServerCalls.java:272)
	at org.apache.ratis.thirdparty.io.grpc.internal.ServerCallImpl$ServerStreamListenerImpl.closedInternal(ServerCallImpl.java:353)
	at org.apache.ratis.thirdparty.io.grpc.internal.ServerCallImpl$ServerStreamListenerImpl.closed(ServerCallImpl.java:341)
	at org.apache.ratis.thirdparty.io.grpc.internal.ServerImpl$JumpToApplicationThreadServerStreamListener$1Closed.runInContext(ServerImpl.java:864)
	at org.apache.ratis.thirdparty.io.grpc.internal.ContextRunnable.run(ContextRunnable.java:37)
	at org.apache.ratis.thirdparty.io.grpc.internal.SerializingExecutor.run(SerializingExecutor.java:123)
	at java.util.concurrent.ThreadPoolExecutor.runWorker(ThreadPoolExecutor.java:1149)
	at java.util.concurrent.ThreadPoolExecutor$Worker.run(ThreadPoolExecutor.java:624)
	at java.lang.Thread.run(Thread.java:748)

Apr 03, 2020 12:24:04 PM org.apache.ratis.thirdparty.io.grpc.internal.SerializingExecutor run
SEVERE: Exception while executing runnable org.apache.ratis.thirdparty.io.grpc.internal.ServerImpl$JumpToApplicationThreadServerStreamListener$1Closed@1cf3d909
org.apache.ratis.thirdparty.io.grpc.StatusRuntimeException: CANCELLED: call already cancelled
	at org.apache.ratis.thirdparty.io.grpc.Status.asRuntimeException(Status.java:524)
	at org.apache.ratis.thirdparty.io.grpc.stub.ServerCalls$ServerCallStreamObserverImpl.onCompleted(ServerCalls.java:368)
	at org.apache.ratis.grpc.server.GrpcServerProtocolService$ServerRequestStreamObserver.onError(GrpcServerProtocolService.java:145)
	at org.apache.ratis.thirdparty.io.grpc.stub.ServerCalls$StreamingServerCallHandler$StreamingServerCallListener.onCancel(ServerCalls.java:272)
	at org.apache.ratis.thirdparty.io.grpc.internal.ServerCallImpl$ServerStreamListenerImpl.closedInternal(ServerCallImpl.java:353)
	at org.apache.ratis.thirdparty.io.grpc.internal.ServerCallImpl$ServerStreamListenerImpl.closed(ServerCallImpl.java:341)
	at org.apache.ratis.thirdparty.io.grpc.internal.ServerImpl$JumpToApplicationThreadServerStreamListener$1Closed.runInContext(ServerImpl.java:864)
	at org.apache.ratis.thirdparty.io.grpc.internal.ContextRunnable.run(ContextRunnable.java:37)
	at org.apache.ratis.thirdparty.io.grpc.internal.SerializingExecutor.run(SerializingExecutor.java:123)
	at java.util.concurrent.ThreadPoolExecutor.runWorker(ThreadPoolExecutor.java:1149)
	at java.util.concurrent.ThreadPoolExecutor$Worker.run(ThreadPoolExecutor.java:624)
	at java.lang.Thread.run(Thread.java:748)

Apr 03, 2020 12:24:09 PM org.apache.ratis.thirdparty.io.grpc.internal.SerializingExecutor run
SEVERE: Exception while executing runnable org.apache.ratis.thirdparty.io.grpc.internal.ServerImpl$JumpToApplicationThreadServerStreamListener$1Closed@3268b498
org.apache.ratis.thirdparty.io.grpc.StatusRuntimeException: CANCELLED: call already cancelled
	at org.apache.ratis.thirdparty.io.grpc.Status.asRuntimeException(Status.java:524)
	at org.apache.ratis.thirdparty.io.grpc.stub.ServerCalls$ServerCallStreamObserverImpl.onCompleted(ServerCalls.java:368)
	at org.apache.ratis.grpc.server.GrpcServerProtocolService$ServerRequestStreamObserver.onError(GrpcServerProtocolService.java:145)
	at org.apache.ratis.thirdparty.io.grpc.stub.ServerCalls$StreamingServerCallHandler$StreamingServerCallListener.onCancel(ServerCalls.java:272)
	at org.apache.ratis.thirdparty.io.grpc.internal.ServerCallImpl$ServerStreamListenerImpl.closedInternal(ServerCallImpl.java:353)
	at org.apache.ratis.thirdparty.io.grpc.internal.ServerCallImpl$ServerStreamListenerImpl.closed(ServerCallImpl.java:341)
	at org.apache.ratis.thirdparty.io.grpc.internal.ServerImpl$JumpToApplicationThreadServerStreamListener$1Closed.runInContext(ServerImpl.java:864)
	at org.apache.ratis.thirdparty.io.grpc.internal.ContextRunnable.run(ContextRunnable.java:37)
	at org.apache.ratis.thirdparty.io.grpc.internal.SerializingExecutor.run(SerializingExecutor.java:123)
	at java.util.concurrent.ThreadPoolExecutor.runWorker(ThreadPoolExecutor.java:1149)
	at java.util.concurrent.ThreadPoolExecutor$Worker.run(ThreadPoolExecutor.java:624)
	at java.lang.Thread.run(Thread.java:748)

Apr 03, 2020 12:24:09 PM org.apache.ratis.thirdparty.io.grpc.internal.SerializingExecutor run
SEVERE: Exception while executing runnable org.apache.ratis.thirdparty.io.grpc.internal.ServerImpl$JumpToApplicationThreadServerStreamListener$1Closed@62909be8
org.apache.ratis.thirdparty.io.grpc.StatusRuntimeException: CANCELLED: call already cancelled
	at org.apache.ratis.thirdparty.io.grpc.Status.asRuntimeException(Status.java:524)
	at org.apache.ratis.thirdparty.io.grpc.stub.ServerCalls$ServerCallStreamObserverImpl.onCompleted(ServerCalls.java:368)
	at org.apache.ratis.grpc.server.GrpcServerProtocolService$ServerRequestStreamObserver.onError(GrpcServerProtocolService.java:145)
	at org.apache.ratis.thirdparty.io.grpc.stub.ServerCalls$StreamingServerCallHandler$StreamingServerCallListener.onCancel(ServerCalls.java:272)
	at org.apache.ratis.thirdparty.io.grpc.internal.ServerCallImpl$ServerStreamListenerImpl.closedInternal(ServerCallImpl.java:353)
	at org.apache.ratis.thirdparty.io.grpc.internal.ServerCallImpl$ServerStreamListenerImpl.closed(ServerCallImpl.java:341)
	at org.apache.ratis.thirdparty.io.grpc.internal.ServerImpl$JumpToApplicationThreadServerStreamListener$1Closed.runInContext(ServerImpl.java:864)
	at org.apache.ratis.thirdparty.io.grpc.internal.ContextRunnable.run(ContextRunnable.java:37)
	at org.apache.ratis.thirdparty.io.grpc.internal.SerializingExecutor.run(SerializingExecutor.java:123)
	at java.util.concurrent.ThreadPoolExecutor.runWorker(ThreadPoolExecutor.java:1149)
	at java.util.concurrent.ThreadPoolExecutor$Worker.run(ThreadPoolExecutor.java:624)
	at java.lang.Thread.run(Thread.java:748)

]]></system-err>
  </testcase>
  <testcase name="testFailureWithPrimeSizedData" classname="org.apache.hadoop.ozone.client.rpc.TestBlockOutputStreamWithFailures" time="35.855"/>
  <testcase name="testWatchForCommitWithCloseContainerException" classname="org.apache.hadoop.ozone.client.rpc.TestBlockOutputStreamWithFailures" time="35.961"/>
  <testcase name="testExceptionDuringClose" classname="org.apache.hadoop.ozone.client.rpc.TestBlockOutputStreamWithFailures" time="35.523"/>
</testsuite>