<?xml version="1.0" encoding="UTF-8"?>
<testsuite xmlns:xsi="http://www.w3.org/2001/XMLSchema-instance" xsi:noNamespaceSchemaLocation="https://maven.apache.org/surefire/maven-surefire-plugin/xsd/surefire-test-report-3.0.xsd" version="3.0" name="org.apache.hadoop.fs.ozone.TestOzoneFileSystem" time="278.658" tests="176" errors="0" skipped="0" failures="1">
  <properties>
    <property name="awt.toolkit" value="sun.awt.X11.XToolkit"/>
    <property name="file.encoding.pkg" value="sun.io"/>
    <property name="java.specification.version" value="1.8"/>
    <property name="sun.cpu.isalist" value=""/>
    <property name="sun.jnu.encoding" value="UTF-8"/>
    <property name="java.class.path" value="/home/runner/work/ozone/ozone/hadoop-ozone/integration-test/target/test-classes:/home/runner/work/ozone/ozone/hadoop-ozone/integration-test/target/classes:/home/runner/.m2/repository/org/apache/ozone/ozone-common/1.4.0-SNAPSHOT/ozone-common-1.4.0-SNAPSHOT.jar:/home/runner/.m2/repository/io/grpc/grpc-netty/1.51.1/grpc-netty-1.51.1.jar:/home/runner/.m2/repository/io/grpc/grpc-core/1.51.1/grpc-core-1.51.1.jar:/home/runner/.m2/repository/com/google/android/annotations/4.1.1.4/annotations-4.1.1.4.jar:/home/runner/.m2/repository/org/codehaus/mojo/animal-sniffer-annotations/1.21/animal-sniffer-annotations-1.21.jar:/home/runner/.m2/repository/com/google/errorprone/error_prone_annotations/2.2.0/error_prone_annotations-2.2.0.jar:/home/runner/.m2/repository/io/perfmark/perfmark-api/0.25.0/perfmark-api-0.25.0.jar:/home/runner/.m2/repository/io/netty/netty-codec-http2/4.1.94.Final/netty-codec-http2-4.1.94.Final.jar:/home/runner/.m2/repository/io/netty/netty-common/4.1.94.Final/netty-common-4.1.94.Final.jar:/home/runner/.m2/repository/io/netty/netty-buffer/4.1.94.Final/netty-buffer-4.1.94.Final.jar:/home/runner/.m2/repository/io/netty/netty-codec-http/4.1.94.Final/netty-codec-http-4.1.94.Final.jar:/home/runner/.m2/repository/io/netty/netty-handler-proxy/4.1.94.Final/netty-handler-proxy-4.1.94.Final.jar:/home/runner/.m2/repository/io/netty/netty-codec-socks/4.1.94.Final/netty-codec-socks-4.1.94.Final.jar:/home/runner/.m2/repository/io/netty/netty-tcnative-boringssl-static/2.0.61.Final/netty-tcnative-boringssl-static-2.0.61.Final.jar:/home/runner/.m2/repository/io/netty/netty-tcnative-classes/2.0.61.Final/netty-tcnative-classes-2.0.61.Final.jar:/home/runner/.m2/repository/io/netty/netty-tcnative-boringssl-static/2.0.61.Final/netty-tcnative-boringssl-static-2.0.61.Final-linux-x86_64.jar:/home/runner/.m2/repository/io/netty/netty-tcnative-boringssl-static/2.0.61.Final/netty-tcnative-boringssl-static-2.0.61.Final-linux-aarch_64.jar:/home/runner/.m2/repository/io/netty/netty-tcnative-boringssl-static/2.0.61.Final/netty-tcnative-boringssl-static-2.0.61.Final-osx-x86_64.jar:/home/runner/.m2/repository/io/netty/netty-tcnative-boringssl-static/2.0.61.Final/netty-tcnative-boringssl-static-2.0.61.Final-osx-aarch_64.jar:/home/runner/.m2/repository/io/netty/netty-tcnative-boringssl-static/2.0.61.Final/netty-tcnative-boringssl-static-2.0.61.Final-windows-x86_64.jar:/home/runner/.m2/repository/org/apache/commons/commons-compress/1.21/commons-compress-1.21.jar:/home/runner/.m2/repository/org/apache/ozone/hdds-common/1.4.0-SNAPSHOT/hdds-common-1.4.0-SNAPSHOT.jar:/home/runner/.m2/repository/org/apache/ozone/hdds-client/1.4.0-SNAPSHOT/hdds-client-1.4.0-SNAPSHOT.jar:/home/runner/.m2/repository/org/apache/ozone/ozone-interface-client/1.4.0-SNAPSHOT/ozone-interface-client-1.4.0-SNAPSHOT.jar:/home/runner/.m2/repository/org/apache/hadoop/hadoop-hdfs-client/3.3.6/hadoop-hdfs-client-3.3.6.jar:/home/runner/.m2/repository/com/squareup/okhttp3/okhttp/4.9.3/okhttp-4.9.3.jar:/home/runner/.m2/repository/com/squareup/okio/okio/3.4.0/okio-3.4.0.jar:/home/runner/.m2/repository/com/squareup/okio/okio-jvm/3.4.0/okio-jvm-3.4.0.jar:/home/runner/.m2/repository/org/jetbrains/kotlin/kotlin-stdlib-jdk8/1.8.0/kotlin-stdlib-jdk8-1.8.0.jar:/home/runner/.m2/repository/org/jetbrains/kotlin/kotlin-stdlib-jdk7/1.8.0/kotlin-stdlib-jdk7-1.8.0.jar:/home/runner/.m2/repository/org/jetbrains/kotlin/kotlin-stdlib-common/1.6.21/kotlin-stdlib-common-1.6.21.jar:/home/runner/.m2/repository/org/apache/ozone/hdds-test-utils/1.4.0-SNAPSHOT/hdds-test-utils-1.4.0-SNAPSHOT.jar:/home/runner/.m2/repository/com/google/guava/guava/32.0.0-jre/guava-32.0.0-jre.jar:/home/runner/.m2/repository/com/google/guava/failureaccess/1.0.1/failureaccess-1.0.1.jar:/home/runner/.m2/repository/com/google/guava/listenablefuture/9999.0-empty-to-avoid-conflict-with-guava/listenablefuture-9999.0-empty-to-avoid-conflict-with-guava.jar:/home/runner/.m2/repository/com/google/code/findbugs/jsr305/3.0.0/jsr305-3.0.0.jar:/home/runner/.m2/repository/org/checkerframework/checker-qual/3.33.0/checker-qual-3.33.0.jar:/home/runner/.m2/repository/com/google/j2objc/j2objc-annotations/2.8/j2objc-annotations-2.8.jar:/home/runner/.m2/repository/commons-io/commons-io/2.11.0/commons-io-2.11.0.jar:/home/runner/.m2/repository/commons-logging/commons-logging/1.2/commons-logging-1.2.jar:/home/runner/.m2/repository/ch/qos/reload4j/reload4j/1.2.22/reload4j-1.2.22.jar:/home/runner/.m2/repository/org/slf4j/slf4j-api/1.7.36/slf4j-api-1.7.36.jar:/home/runner/.m2/repository/org/apache/logging/log4j/log4j-api/2.17.1/log4j-api-2.17.1.jar:/home/runner/.m2/repository/org/apache/ozone/hdds-server-scm/1.4.0-SNAPSHOT/hdds-server-scm-1.4.0-SNAPSHOT.jar:/home/runner/.m2/repository/org/apache/ozone/hdds-container-service/1.4.0-SNAPSHOT/hdds-container-service-1.4.0-SNAPSHOT.jar:/home/runner/.m2/repository/org/apache/ozone/hdds-hadoop-dependency-server/1.4.0-SNAPSHOT/hdds-hadoop-dependency-server-1.4.0-SNAPSHOT.jar:/home/runner/.m2/repository/org/apache/hadoop/hadoop-hdfs/3.3.6/hadoop-hdfs-3.3.6.jar:/home/runner/.m2/repository/commons-daemon/commons-daemon/1.0.13/commons-daemon-1.0.13.jar:/home/runner/.m2/repository/org/apache/ozone/hdds-server-framework/1.4.0-SNAPSHOT/hdds-server-framework-1.4.0-SNAPSHOT.jar:/home/runner/.m2/repository/io/dropwizard/metrics/metrics-core/3.2.4/metrics-core-3.2.4.jar:/home/runner/.m2/repository/org/apache/commons/commons-text/1.10.0/commons-text-1.10.0.jar:/home/runner/.m2/repository/org/bouncycastle/bcprov-jdk15on/1.67/bcprov-jdk15on-1.67.jar:/home/runner/.m2/repository/com/google/protobuf/protobuf-java/2.5.0/protobuf-java-2.5.0.jar:/home/runner/.m2/repository/org/apache/ozone/hdds-server-framework/1.4.0-SNAPSHOT/hdds-server-framework-1.4.0-SNAPSHOT-tests.jar:/home/runner/.m2/repository/org/apache/ozone/hdds-interface-server/1.4.0-SNAPSHOT/hdds-interface-server-1.4.0-SNAPSHOT.jar:/home/runner/.m2/repository/org/apache/ozone/hdds-interface-admin/1.4.0-SNAPSHOT/hdds-interface-admin-1.4.0-SNAPSHOT.jar:/home/runner/.m2/repository/org/apache/ozone/hdds-managed-rocksdb/1.4.0-SNAPSHOT/hdds-managed-rocksdb-1.4.0-SNAPSHOT.jar:/home/runner/.m2/repository/org/rocksdb/rocksdbjni/7.7.3/rocksdbjni-7.7.3.jar:/home/runner/.m2/repository/org/slf4j/slf4j-reload4j/1.7.36/slf4j-reload4j-1.7.36.jar:/home/runner/.m2/repository/org/apache/commons/commons-configuration2/2.1.1/commons-configuration2-2.1.1.jar:/home/runner/.m2/repository/commons-fileupload/commons-fileupload/1.5/commons-fileupload-1.5.jar:/home/runner/.m2/repository/org/apache/logging/log4j/log4j-core/2.17.1/log4j-core-2.17.1.jar:/home/runner/.m2/repository/com/lmax/disruptor/3.4.2/disruptor-3.4.2.jar:/home/runner/.m2/repository/org/eclipse/jetty/jetty-util/9.4.52.v20230823/jetty-util-9.4.52.v20230823.jar:/home/runner/.m2/repository/org/eclipse/jetty/jetty-server/9.4.52.v20230823/jetty-server-9.4.52.v20230823.jar:/home/runner/.m2/repository/org/eclipse/jetty/jetty-http/9.4.52.v20230823/jetty-http-9.4.52.v20230823.jar:/home/runner/.m2/repository/org/eclipse/jetty/jetty-io/9.4.52.v20230823/jetty-io-9.4.52.v20230823.jar:/home/runner/.m2/repository/org/eclipse/jetty/jetty-servlet/9.4.52.v20230823/jetty-servlet-9.4.52.v20230823.jar:/home/runner/.m2/repository/org/eclipse/jetty/jetty-security/9.4.52.v20230823/jetty-security-9.4.52.v20230823.jar:/home/runner/.m2/repository/org/eclipse/jetty/jetty-util-ajax/9.4.52.v20230823/jetty-util-ajax-9.4.52.v20230823.jar:/home/runner/.m2/repository/org/eclipse/jetty/jetty-webapp/9.4.52.v20230823/jetty-webapp-9.4.52.v20230823.jar:/home/runner/.m2/repository/org/eclipse/jetty/jetty-xml/9.4.52.v20230823/jetty-xml-9.4.52.v20230823.jar:/home/runner/.m2/repository/org/apache/ratis/ratis-server/2.5.1/ratis-server-2.5.1.jar:/home/runner/.m2/repository/org/apache/ratis/ratis-thirdparty-misc/1.0.4/ratis-thirdparty-misc-1.0.4.jar:/home/runner/.m2/repository/org/apache/ratis/ratis-proto/2.5.1/ratis-proto-2.5.1.jar:/home/runner/.m2/repository/org/apache/ratis/ratis-common/2.5.1/ratis-common-2.5.1.jar:/home/runner/.m2/repository/org/apache/ratis/ratis-client/2.5.1/ratis-client-2.5.1.jar:/home/runner/.m2/repository/org/apache/ratis/ratis-server-api/2.5.1/ratis-server-api-2.5.1.jar:/home/runner/.m2/repository/org/apache/ratis/ratis-metrics/2.5.1/ratis-metrics-2.5.1.jar:/home/runner/.m2/repository/io/prometheus/simpleclient_dropwizard/0.7.0/simpleclient_dropwizard-0.7.0.jar:/home/runner/.m2/repository/io/prometheus/simpleclient/0.7.0/simpleclient-0.7.0.jar:/home/runner/.m2/repository/io/prometheus/simpleclient_common/0.7.0/simpleclient_common-0.7.0.jar:/home/runner/.m2/repository/com/fasterxml/jackson/datatype/jackson-datatype-jsr310/2.13.4/jackson-datatype-jsr310-2.13.4.jar:/home/runner/.m2/repository/com/fasterxml/jackson/core/jackson-core/2.13.4/jackson-core-2.13.4.jar:/home/runner/.m2/repository/com/github/spotbugs/spotbugs-annotations/3.1.12/spotbugs-annotations-3.1.12.jar:/home/runner/.m2/repository/org/apache/ozone/rocksdb-checkpoint-differ/1.4.0-SNAPSHOT/rocksdb-checkpoint-differ-1.4.0-SNAPSHOT.jar:/home/runner/.m2/repository/org/jgrapht/jgrapht-core/1.0.1/jgrapht-core-1.0.1.jar:/home/runner/.m2/repository/org/jgrapht/jgrapht-ext/1.0.1/jgrapht-ext-1.0.1.jar:/home/runner/.m2/repository/org/tinyjee/jgraphx/jgraphx/2.0.0.1/jgraphx-2.0.0.1.jar:/home/runner/.m2/repository/jgraph/jgraph/5.13.0.0/jgraph-5.13.0.0.jar:/home/runner/.m2/repository/org/antlr/antlr4-runtime/4.5.3/antlr4-runtime-4.5.3.jar:/home/runner/.m2/repository/org/awaitility/awaitility/4.2.0/awaitility-4.2.0.jar:/home/runner/.m2/repository/org/hamcrest/hamcrest/2.1/hamcrest-2.1.jar:/home/runner/.m2/repository/org/apache/ozone/ozone-manager/1.4.0-SNAPSHOT/ozone-manager-1.4.0-SNAPSHOT.jar:/home/runner/.m2/repository/org/aspectj/aspectjrt/1.9.7/aspectjrt-1.9.7.jar:/home/runner/.m2/repository/org/aspectj/aspectjweaver/1.9.7/aspectjweaver-1.9.7.jar:/home/runner/.m2/repository/org/apache/ozone/hdds-interface-client/1.4.0-SNAPSHOT/hdds-interface-client-1.4.0-SNAPSHOT.jar:/home/runner/.m2/repository/org/apache/hadoop/thirdparty/hadoop-shaded-protobuf_3_7/1.1.1/hadoop-shaded-protobuf_3_7-1.1.1.jar:/home/runner/.m2/repository/org/apache/ozone/ozone-interface-storage/1.4.0-SNAPSHOT/ozone-interface-storage-1.4.0-SNAPSHOT.jar:/home/runner/.m2/repository/org/reflections/reflections/0.9.11/reflections-0.9.11.jar:/home/runner/.m2/repository/com/sun/jersey/jersey-client/1.19/jersey-client-1.19.jar:/home/runner/.m2/repository/org/codehaus/jackson/jackson-core-asl/1.9.13/jackson-core-asl-1.9.13.jar:/home/runner/.m2/repository/org/codehaus/jackson/jackson-mapper-asl/1.9.13/jackson-mapper-asl-1.9.13.jar:/home/runner/.m2/repository/org/codehaus/jackson/jackson-jaxrs/1.9.13/jackson-jaxrs-1.9.13.jar:/home/runner/.m2/repository/org/apache/ranger/ranger-intg/2.3.0/ranger-intg-2.3.0.jar:/home/runner/.m2/repository/org/apache/ranger/ranger-plugins-common/2.3.0/ranger-plugins-common-2.3.0.jar:/home/runner/.m2/repository/commons-lang/commons-lang/2.6/commons-lang-2.6.jar:/home/runner/.m2/repository/org/apache/ranger/ranger-plugins-cred/2.3.0/ranger-plugins-cred-2.3.0.jar:/home/runner/.m2/repository/org/apache/ranger/ranger-plugins-audit/2.3.0/ranger-plugins-audit-2.3.0.jar:/home/runner/.m2/repository/org/eclipse/jetty/jetty-client/9.4.52.v20230823/jetty-client-9.4.52.v20230823.jar:/home/runner/.m2/repository/org/apache/httpcomponents/httpmime/4.5.6/httpmime-4.5.6.jar:/home/runner/.m2/repository/org/apache/httpcomponents/httpcore-nio/4.4.13/httpcore-nio-4.4.13.jar:/home/runner/.m2/repository/org/apache/httpcomponents/httpasyncclient/4.1.3/httpasyncclient-4.1.3.jar:/home/runner/.m2/repository/com/carrotsearch/hppc/0.8.0/hppc-0.8.0.jar:/home/runner/.m2/repository/org/apache/orc/orc-core/1.5.8/orc-core-1.5.8.jar:/home/runner/.m2/repository/net/java/dev/jna/jna/5.2.0/jna-5.2.0.jar:/home/runner/.m2/repository/net/java/dev/jna/jna-platform/5.2.0/jna-platform-5.2.0.jar:/home/runner/.m2/repository/com/kstruct/gethostname4j/0.0.2/gethostname4j-0.0.2.jar:/home/runner/.m2/repository/org/apache/ranger/ranger-plugin-classloader/2.3.0/ranger-plugin-classloader-2.3.0.jar:/home/runner/.m2/repository/org/apache/ozone/hdds-rocks-native/1.4.0-SNAPSHOT/hdds-rocks-native-1.4.0-SNAPSHOT.jar:/home/runner/.m2/repository/org/apache/hadoop/hadoop-minikdc/3.3.6/hadoop-minikdc-3.3.6.jar:/home/runner/.m2/repository/org/apache/kerby/kerb-simplekdc/1.0.1/kerb-simplekdc-1.0.1.jar:/home/runner/.m2/repository/org/apache/kerby/kerb-client/1.0.1/kerb-client-1.0.1.jar:/home/runner/.m2/repository/org/apache/kerby/kerby-config/1.0.1/kerby-config-1.0.1.jar:/home/runner/.m2/repository/org/apache/kerby/kerb-common/1.0.1/kerb-common-1.0.1.jar:/home/runner/.m2/repository/org/apache/kerby/kerb-crypto/1.0.1/kerb-crypto-1.0.1.jar:/home/runner/.m2/repository/org/apache/kerby/kerb-util/1.0.1/kerb-util-1.0.1.jar:/home/runner/.m2/repository/org/apache/kerby/token-provider/1.0.1/token-provider-1.0.1.jar:/home/runner/.m2/repository/org/apache/kerby/kerb-admin/1.0.1/kerb-admin-1.0.1.jar:/home/runner/.m2/repository/org/apache/kerby/kerb-server/1.0.1/kerb-server-1.0.1.jar:/home/runner/.m2/repository/org/apache/kerby/kerb-identity/1.0.1/kerb-identity-1.0.1.jar:/home/runner/.m2/repository/org/apache/kerby/kerby-xdr/1.0.1/kerby-xdr-1.0.1.jar:/home/runner/.m2/repository/org/apache/ozone/ozone-s3gateway/1.4.0-SNAPSHOT/ozone-s3gateway-1.4.0-SNAPSHOT.jar:/home/runner/.m2/repository/org/javassist/javassist/3.21.0-GA/javassist-3.21.0-GA.jar:/home/runner/.m2/repository/org/jboss/weld/servlet/weld-servlet-shaded/3.1.9.Final/weld-servlet-shaded-3.1.9.Final.jar:/home/runner/.m2/repository/org/glassfish/jersey/containers/jersey-container-servlet-core/2.34/jersey-container-servlet-core-2.34.jar:/home/runner/.m2/repository/org/glassfish/hk2/external/jakarta.inject/2.6.1/jakarta.inject-2.6.1.jar:/home/runner/.m2/repository/org/glassfish/jersey/core/jersey-common/2.34/jersey-common-2.34.jar:/home/runner/.m2/repository/jakarta/ws/rs/jakarta.ws.rs-api/2.1.6/jakarta.ws.rs-api-2.1.6.jar:/home/runner/.m2/repository/org/glassfish/jersey/ext/cdi/jersey-cdi1x/2.34/jersey-cdi1x-2.34.jar:/home/runner/.m2/repository/org/glassfish/jersey/inject/jersey-hk2/2.34/jersey-hk2-2.34.jar:/home/runner/.m2/repository/org/glassfish/hk2/hk2-locator/2.6.1/hk2-locator-2.6.1.jar:/home/runner/.m2/repository/org/glassfish/jersey/media/jersey-media-jaxb/2.34/jersey-media-jaxb-2.34.jar:/home/runner/.m2/repository/org/glassfish/hk2/osgi-resource-locator/1.0.3/osgi-resource-locator-1.0.3.jar:/home/runner/.m2/repository/org/glassfish/hk2/hk2-api/2.5.0/hk2-api-2.5.0.jar:/home/runner/.m2/repository/org/glassfish/hk2/hk2-utils/2.5.0/hk2-utils-2.5.0.jar:/home/runner/.m2/repository/org/glassfish/hk2/external/aopalliance-repackaged/2.5.0/aopalliance-repackaged-2.5.0.jar:/home/runner/.m2/repository/com/fasterxml/jackson/dataformat/jackson-dataformat-xml/2.13.4/jackson-dataformat-xml-2.13.4.jar:/home/runner/.m2/repository/org/codehaus/woodstox/stax2-api/4.2.1/stax2-api-4.2.1.jar:/home/runner/.m2/repository/com/fasterxml/woodstox/woodstox-core/5.4.0/woodstox-core-5.4.0.jar:/home/runner/.m2/repository/com/fasterxml/jackson/module/jackson-module-jaxb-annotations/2.13.4/jackson-module-jaxb-annotations-2.13.4.jar:/home/runner/.m2/repository/jakarta/xml/bind/jakarta.xml.bind-api/2.3.3/jakarta.xml.bind-api-2.3.3.jar:/home/runner/.m2/repository/jakarta/activation/jakarta.activation-api/1.2.2/jakarta.activation-api-1.2.2.jar:/home/runner/.m2/repository/javax/enterprise/cdi-api/2.0/cdi-api-2.0.jar:/home/runner/.m2/repository/javax/el/javax.el-api/3.0.0/javax.el-api-3.0.0.jar:/home/runner/.m2/repository/javax/interceptor/javax.interceptor-api/1.2/javax.interceptor-api-1.2.jar:/home/runner/.m2/repository/javax/inject/javax.inject/1/javax.inject-1.jar:/home/runner/.m2/repository/javax/xml/bind/jaxb-api/2.3.0/jaxb-api-2.3.0.jar:/home/runner/.m2/repository/org/glassfish/jaxb/jaxb-runtime/2.3.0.1/jaxb-runtime-2.3.0.1.jar:/home/runner/.m2/repository/org/glassfish/jaxb/jaxb-core/2.3.0.1/jaxb-core-2.3.0.1.jar:/home/runner/.m2/repository/org/glassfish/jaxb/txw2/2.3.0.1/txw2-2.3.0.1.jar:/home/runner/.m2/repository/com/sun/istack/istack-commons-runtime/3.0.5/istack-commons-runtime-3.0.5.jar:/home/runner/.m2/repository/org/jvnet/staxex/stax-ex/1.7.8/stax-ex-1.7.8.jar:/home/runner/.m2/repository/com/sun/xml/fastinfoset/FastInfoset/1.2.13/FastInfoset-1.2.13.jar:/home/runner/.m2/repository/javax/activation/activation/1.1.1/activation-1.1.1.jar:/home/runner/.m2/repository/io/grpc/grpc-protobuf/1.51.1/grpc-protobuf-1.51.1.jar:/home/runner/.m2/repository/com/google/api/grpc/proto-google-common-protos/2.9.0/proto-google-common-protos-2.9.0.jar:/home/runner/.m2/repository/io/grpc/grpc-protobuf-lite/1.51.1/grpc-protobuf-lite-1.51.1.jar:/home/runner/.m2/repository/io/grpc/grpc-stub/1.51.1/grpc-stub-1.51.1.jar:/home/runner/.m2/repository/io/netty/netty-transport/4.1.94.Final/netty-transport-4.1.94.Final.jar:/home/runner/.m2/repository/io/netty/netty-resolver/4.1.94.Final/netty-resolver-4.1.94.Final.jar:/home/runner/.m2/repository/org/apache/ozone/ozone-csi/1.4.0-SNAPSHOT/ozone-csi-1.4.0-SNAPSHOT.jar:/home/runner/.m2/repository/com/google/protobuf/protobuf-java-util/3.19.6/protobuf-java-util-3.19.6.jar:/home/runner/.m2/repository/com/google/code/gson/gson/2.9.0/gson-2.9.0.jar:/home/runner/.m2/repository/org/apache/ozone/hdds-config/1.4.0-SNAPSHOT/hdds-config-1.4.0-SNAPSHOT.jar:/home/runner/.m2/repository/io/netty/netty-transport-native-epoll/4.1.94.Final/netty-transport-native-epoll-4.1.94.Final-linux-x86_64.jar:/home/runner/.m2/repository/io/netty/netty-transport-classes-epoll/4.1.94.Final/netty-transport-classes-epoll-4.1.94.Final.jar:/home/runner/.m2/repository/io/netty/netty-transport-native-unix-common/4.1.94.Final/netty-transport-native-unix-common-4.1.94.Final.jar:/home/runner/.m2/repository/org/apache/ozone/ozone-recon/1.4.0-SNAPSHOT/ozone-recon-1.4.0-SNAPSHOT.jar:/home/runner/.m2/repository/org/apache/ozone/ozone-reconcodegen/1.4.0-SNAPSHOT/ozone-reconcodegen-1.4.0-SNAPSHOT.jar:/home/runner/.m2/repository/com/google/inject/guice/5.1.0/guice-5.1.0.jar:/home/runner/.m2/repository/aopalliance/aopalliance/1.0/aopalliance-1.0.jar:/home/runner/.m2/repository/com/google/inject/extensions/guice-assistedinject/5.1.0/guice-assistedinject-5.1.0.jar:/home/runner/.m2/repository/com/google/inject/extensions/guice-servlet/5.1.0/guice-servlet-5.1.0.jar:/home/runner/.m2/repository/org/glassfish/jersey/containers/jersey-container-servlet/2.34/jersey-container-servlet-2.34.jar:/home/runner/.m2/repository/org/glassfish/hk2/guice-bridge/2.5.0/guice-bridge-2.5.0.jar:/home/runner/.m2/repository/org/glassfish/jersey/core/jersey-server/2.34/jersey-server-2.34.jar:/home/runner/.m2/repository/org/glassfish/jersey/core/jersey-client/2.34/jersey-client-2.34.jar:/home/runner/.m2/repository/jakarta/annotation/jakarta.annotation-api/1.3.5/jakarta.annotation-api-1.3.5.jar:/home/runner/.m2/repository/jakarta/validation/jakarta.validation-api/2.0.2/jakarta.validation-api-2.0.2.jar:/home/runner/.m2/repository/org/glassfish/jersey/media/jersey-media-json-jackson/2.34/jersey-media-json-jackson-2.34.jar:/home/runner/.m2/repository/org/glassfish/jersey/ext/jersey-entity-filtering/2.34/jersey-entity-filtering-2.34.jar:/home/runner/.m2/repository/org/jooq/jooq/3.11.10/jooq-3.11.10.jar:/home/runner/.m2/repository/org/jooq/jooq-meta/3.11.10/jooq-meta-3.11.10.jar:/home/runner/.m2/repository/org/jooq/jooq-codegen/3.11.10/jooq-codegen-3.11.10.jar:/home/runner/.m2/repository/com/jolbox/bonecp/0.8.0.RELEASE/bonecp-0.8.0.RELEASE.jar:/home/runner/.m2/repository/org/apache/derby/derby/10.14.2.0/derby-10.14.2.0.jar:/home/runner/.m2/repository/org/xerial/sqlite-jdbc/3.41.2.2/sqlite-jdbc-3.41.2.2.jar:/home/runner/.m2/repository/org/springframework/spring-jdbc/5.3.27/spring-jdbc-5.3.27.jar:/home/runner/.m2/repository/org/springframework/spring-beans/5.3.27/spring-beans-5.3.27.jar:/home/runner/.m2/repository/org/springframework/spring-core/5.3.27/spring-core-5.3.27.jar:/home/runner/.m2/repository/org/springframework/spring-tx/5.3.27/spring-tx-5.3.27.jar:/home/runner/.m2/repository/org/apache/ozone/ozone-client/1.4.0-SNAPSHOT/ozone-client-1.4.0-SNAPSHOT.jar:/home/runner/.m2/repository/org/apache/ozone/hdds-erasurecode/1.4.0-SNAPSHOT/hdds-erasurecode-1.4.0-SNAPSHOT.jar:/home/runner/.m2/repository/org/apache/ozone/ozone-filesystem/1.4.0-SNAPSHOT/ozone-filesystem-1.4.0-SNAPSHOT.jar:/home/runner/.m2/repository/org/apache/ozone/ozone-filesystem-common/1.4.0-SNAPSHOT/ozone-filesystem-common-1.4.0-SNAPSHOT.jar:/home/runner/.m2/repository/org/apache/ozone/ozone-tools/1.4.0-SNAPSHOT/ozone-tools-1.4.0-SNAPSHOT.jar:/home/runner/.m2/repository/com/amazonaws/aws-java-sdk-core/1.12.261/aws-java-sdk-core-1.12.261.jar:/home/runner/.m2/repository/org/apache/httpcomponents/httpclient/4.5.13/httpclient-4.5.13.jar:/home/runner/.m2/repository/org/apache/httpcomponents/httpcore/4.4.13/httpcore-4.4.13.jar:/home/runner/.m2/repository/software/amazon/ion/ion-java/1.0.2/ion-java-1.0.2.jar:/home/runner/.m2/repository/com/fasterxml/jackson/dataformat/jackson-dataformat-cbor/2.13.4/jackson-dataformat-cbor-2.13.4.jar:/home/runner/.m2/repository/joda-time/joda-time/2.10.6/joda-time-2.10.6.jar:/home/runner/.m2/repository/com/amazonaws/aws-java-sdk-s3/1.12.261/aws-java-sdk-s3-1.12.261.jar:/home/runner/.m2/repository/com/amazonaws/aws-java-sdk-kms/1.12.261/aws-java-sdk-kms-1.12.261.jar:/home/runner/.m2/repository/com/amazonaws/jmespath-java/1.12.261/jmespath-java-1.12.261.jar:/home/runner/.m2/repository/org/kohsuke/metainf-services/metainf-services/1.8/metainf-services-1.8.jar:/home/runner/.m2/repository/org/apache/ozone/hdds-tools/1.4.0-SNAPSHOT/hdds-tools-1.4.0-SNAPSHOT.jar:/home/runner/.m2/repository/org/apache/ratis/ratis-tools/2.5.1/ratis-tools-2.5.1.jar:/home/runner/.m2/repository/commons-cli/commons-cli/1.2/commons-cli-1.2.jar:/home/runner/.m2/repository/org/apache/commons/commons-lang3/3.7/commons-lang3-3.7.jar:/home/runner/.m2/repository/org/apache/ozone/ozone-manager/1.4.0-SNAPSHOT/ozone-manager-1.4.0-SNAPSHOT-tests.jar:/home/runner/.m2/repository/org/apache/ozone/hdds-common/1.4.0-SNAPSHOT/hdds-common-1.4.0-SNAPSHOT-tests.jar:/home/runner/.m2/repository/org/apache/ozone/hdds-hadoop-dependency-client/1.4.0-SNAPSHOT/hdds-hadoop-dependency-client-1.4.0-SNAPSHOT.jar:/home/runner/.m2/repository/info/picocli/picocli/4.6.1/picocli-4.6.1.jar:/home/runner/.m2/repository/com/fasterxml/jackson/core/jackson-annotations/2.13.4/jackson-annotations-2.13.4.jar:/home/runner/.m2/repository/org/apache/ozone/hdds-annotation-processing/1.4.0-SNAPSHOT/hdds-annotation-processing-1.4.0-SNAPSHOT.jar:/home/runner/.m2/repository/javax/annotation/javax.annotation-api/1.2/javax.annotation-api-1.2.jar:/home/runner/.m2/repository/org/apache/ratis/ratis-netty/2.5.1/ratis-netty-2.5.1.jar:/home/runner/.m2/repository/org/apache/ratis/ratis-grpc/2.5.1/ratis-grpc-2.5.1.jar:/home/runner/.m2/repository/org/apache/commons/commons-pool2/2.6.0/commons-pool2-2.6.0.jar:/home/runner/.m2/repository/org/bouncycastle/bcpkix-jdk15on/1.67/bcpkix-jdk15on-1.67.jar:/home/runner/.m2/repository/commons-validator/commons-validator/1.6/commons-validator-1.6.jar:/home/runner/.m2/repository/commons-beanutils/commons-beanutils/1.9.4/commons-beanutils-1.9.4.jar:/home/runner/.m2/repository/commons-digester/commons-digester/1.8.1/commons-digester-1.8.1.jar:/home/runner/.m2/repository/commons-collections/commons-collections/3.2.2/commons-collections-3.2.2.jar:/home/runner/.m2/repository/io/jaegertracing/jaeger-client/1.6.0/jaeger-client-1.6.0.jar:/home/runner/.m2/repository/io/jaegertracing/jaeger-thrift/1.6.0/jaeger-thrift-1.6.0.jar:/home/runner/.m2/repository/org/apache/thrift/libthrift/0.14.1/libthrift-0.14.1.jar:/home/runner/.m2/repository/io/jaegertracing/jaeger-core/1.6.0/jaeger-core-1.6.0.jar:/home/runner/.m2/repository/io/jaegertracing/jaeger-tracerresolver/1.6.0/jaeger-tracerresolver-1.6.0.jar:/home/runner/.m2/repository/io/opentracing/contrib/opentracing-tracerresolver/0.1.8/opentracing-tracerresolver-0.1.8.jar:/home/runner/.m2/repository/org/jetbrains/kotlin/kotlin-stdlib/1.6.21/kotlin-stdlib-1.6.21.jar:/home/runner/.m2/repository/org/jetbrains/annotations/13.0/annotations-13.0.jar:/home/runner/.m2/repository/io/opentracing/opentracing-util/0.33.0/opentracing-util-0.33.0.jar:/home/runner/.m2/repository/io/opentracing/opentracing-api/0.33.0/opentracing-api-0.33.0.jar:/home/runner/.m2/repository/io/opentracing/opentracing-noop/0.33.0/opentracing-noop-0.33.0.jar:/home/runner/.m2/repository/org/yaml/snakeyaml/2.0/snakeyaml-2.0.jar:/home/runner/.m2/repository/io/grpc/grpc-api/1.51.1/grpc-api-1.51.1.jar:/home/runner/.m2/repository/io/grpc/grpc-context/1.51.1/grpc-context-1.51.1.jar:/home/runner/.m2/repository/junit/junit/4.13.1/junit-4.13.1.jar:/home/runner/.m2/repository/org/hamcrest/hamcrest-core/1.3/hamcrest-core-1.3.jar:/home/runner/.m2/repository/org/junit/jupiter/junit-jupiter-api/5.8.2/junit-jupiter-api-5.8.2.jar:/home/runner/.m2/repository/org/opentest4j/opentest4j/1.2.0/opentest4j-1.2.0.jar:/home/runner/.m2/repository/org/junit/platform/junit-platform-commons/1.8.2/junit-platform-commons-1.8.2.jar:/home/runner/.m2/repository/org/apiguardian/apiguardian-api/1.1.2/apiguardian-api-1.1.2.jar:/home/runner/.m2/repository/org/junit/jupiter/junit-jupiter-params/5.8.2/junit-jupiter-params-5.8.2.jar:/home/runner/.m2/repository/org/junit/jupiter/junit-jupiter-migrationsupport/5.8.2/junit-jupiter-migrationsupport-5.8.2.jar:/home/runner/.m2/repository/org/junit/jupiter/junit-jupiter-engine/5.8.2/junit-jupiter-engine-5.8.2.jar:/home/runner/.m2/repository/org/junit/platform/junit-platform-engine/1.8.2/junit-platform-engine-1.8.2.jar:/home/runner/.m2/repository/org/junit/vintage/junit-vintage-engine/5.8.2/junit-vintage-engine-5.8.2.jar:/home/runner/.m2/repository/org/junit/platform/junit-platform-launcher/1.8.2/junit-platform-launcher-1.8.2.jar:/home/runner/.m2/repository/org/mockito/mockito-core/3.5.9/mockito-core-3.5.9.jar:/home/runner/.m2/repository/net/bytebuddy/byte-buddy/1.10.13/byte-buddy-1.10.13.jar:/home/runner/.m2/repository/net/bytebuddy/byte-buddy-agent/1.10.13/byte-buddy-agent-1.10.13.jar:/home/runner/.m2/repository/org/objenesis/objenesis/1.0/objenesis-1.0.jar:/home/runner/.m2/repository/org/apache/hadoop/hadoop-kms/3.3.6/hadoop-kms-3.3.6.jar:/home/runner/.m2/repository/org/apache/hadoop/hadoop-auth/3.3.6/hadoop-auth-3.3.6.jar:/home/runner/.m2/repository/com/nimbusds/nimbus-jose-jwt/9.8.1/nimbus-jose-jwt-9.8.1.jar:/home/runner/.m2/repository/com/github/stephenc/jcip/jcip-annotations/1.0-1/jcip-annotations-1.0-1.jar:/home/runner/.m2/repository/org/apache/zookeeper/zookeeper/3.5.6/zookeeper-3.5.6.jar:/home/runner/.m2/repository/org/apache/zookeeper/zookeeper-jute/3.5.6/zookeeper-jute-3.5.6.jar:/home/runner/.m2/repository/org/apache/yetus/audience-annotations/0.5.0/audience-annotations-0.5.0.jar:/home/runner/.m2/repository/org/apache/curator/curator-framework/4.2.0/curator-framework-4.2.0.jar:/home/runner/.m2/repository/org/apache/hadoop/thirdparty/hadoop-shaded-guava/1.1.1/hadoop-shaded-guava-1.1.1.jar:/home/runner/.m2/repository/com/sun/jersey/jersey-core/1.19/jersey-core-1.19.jar:/home/runner/.m2/repository/javax/ws/rs/jsr311-api/1.1.1/jsr311-api-1.1.1.jar:/home/runner/.m2/repository/com/sun/jersey/jersey-server/1.19/jersey-server-1.19.jar:/home/runner/.m2/repository/javax/servlet/javax.servlet-api/3.1.0/javax.servlet-api-3.1.0.jar:/home/runner/.m2/repository/org/apache/hadoop/hadoop-common/3.3.6/hadoop-common-3.3.6.jar:/home/runner/.m2/repository/org/apache/commons/commons-math3/3.1.1/commons-math3-3.1.1.jar:/home/runner/.m2/repository/commons-net/commons-net/3.9.0/commons-net-3.9.0.jar:/home/runner/.m2/repository/com/sun/jersey/jersey-servlet/1.19/jersey-servlet-1.19.jar:/home/runner/.m2/repository/com/github/pjfanning/jersey-json/1.20/jersey-json-1.20.jar:/home/runner/.m2/repository/org/codehaus/jettison/jettison/1.1/jettison-1.1.jar:/home/runner/.m2/repository/com/sun/xml/bind/jaxb-impl/2.2.3-1/jaxb-impl-2.2.3-1.jar:/home/runner/.m2/repository/com/google/re2j/re2j/1.1/re2j-1.1.jar:/home/runner/.m2/repository/com/jcraft/jsch/0.1.54/jsch-0.1.54.jar:/home/runner/.m2/repository/org/apache/curator/curator-client/4.2.0/curator-client-4.2.0.jar:/home/runner/.m2/repository/org/apache/curator/curator-recipes/5.2.0/curator-recipes-5.2.0.jar:/home/runner/.m2/repository/org/apache/kerby/kerb-core/1.0.1/kerb-core-1.0.1.jar:/home/runner/.m2/repository/org/apache/kerby/kerby-pkix/1.0.1/kerby-pkix-1.0.1.jar:/home/runner/.m2/repository/org/apache/kerby/kerby-asn1/1.0.1/kerby-asn1-1.0.1.jar:/home/runner/.m2/repository/org/apache/kerby/kerby-util/1.0.1/kerby-util-1.0.1.jar:/home/runner/.m2/repository/dnsjava/dnsjava/2.1.7/dnsjava-2.1.7.jar:/home/runner/.m2/repository/org/xerial/snappy/snappy-java/1.1.8.2/snappy-java-1.1.8.2.jar:/home/runner/.m2/repository/com/fasterxml/jackson/core/jackson-databind/2.13.4.2/jackson-databind-2.13.4.2.jar:/home/runner/.m2/repository/org/apache/hadoop/hadoop-kms/3.3.6/hadoop-kms-3.3.6-tests.jar:/home/runner/.m2/repository/org/apache/ozone/hdds-server-scm/1.4.0-SNAPSHOT/hdds-server-scm-1.4.0-SNAPSHOT-tests.jar:/home/runner/.m2/repository/org/apache/ozone/hdds-container-service/1.4.0-SNAPSHOT/hdds-container-service-1.4.0-SNAPSHOT-tests.jar:/home/runner/.m2/repository/com/github/luben/zstd-jni/1.5.2-5/zstd-jni-1.5.2-5.jar:/home/runner/.m2/repository/commons-codec/commons-codec/1.15/commons-codec-1.15.jar:/home/runner/.m2/repository/io/netty/netty-codec/4.1.94.Final/netty-codec-4.1.94.Final.jar:/home/runner/.m2/repository/io/netty/netty-handler/4.1.94.Final/netty-handler-4.1.94.Final.jar:/home/runner/.m2/repository/org/apache/ozone/hdds-hadoop-dependency-test/1.4.0-SNAPSHOT/hdds-hadoop-dependency-test-1.4.0-SNAPSHOT.jar:/home/runner/.m2/repository/org/apache/hadoop/hadoop-common/3.3.6/hadoop-common-3.3.6-tests.jar:/home/runner/.m2/repository/org/apache/hadoop/hadoop-hdfs/3.3.6/hadoop-hdfs-3.3.6-tests.jar:/home/runner/.m2/repository/org/assertj/assertj-core/3.12.2/assertj-core-3.12.2.jar:/home/runner/.m2/repository/org/apache/hadoop/hadoop-distcp/3.3.6/hadoop-distcp-3.3.6.jar:/home/runner/.m2/repository/org/apache/hadoop/hadoop-mapreduce-client-jobclient/3.3.6/hadoop-mapreduce-client-jobclient-3.3.6.jar:/home/runner/.m2/repository/org/apache/hadoop/hadoop-mapreduce-client-common/3.3.6/hadoop-mapreduce-client-common-3.3.6.jar:/home/runner/.m2/repository/org/apache/hadoop/hadoop-yarn-common/3.3.6/hadoop-yarn-common-3.3.6.jar:/home/runner/.m2/repository/org/apache/hadoop/hadoop-yarn-api/3.3.6/hadoop-yarn-api-3.3.6.jar:/home/runner/.m2/repository/com/sun/jersey/contribs/jersey-guice/1.19/jersey-guice-1.19.jar:/home/runner/.m2/repository/com/fasterxml/jackson/jaxrs/jackson-jaxrs-json-provider/2.13.4/jackson-jaxrs-json-provider-2.13.4.jar:/home/runner/.m2/repository/com/fasterxml/jackson/jaxrs/jackson-jaxrs-base/2.13.4/jackson-jaxrs-base-2.13.4.jar:/home/runner/.m2/repository/org/apache/hadoop/hadoop-yarn-client/3.3.6/hadoop-yarn-client-3.3.6.jar:/home/runner/.m2/repository/org/eclipse/jetty/websocket/websocket-client/9.4.51.v20230217/websocket-client-9.4.51.v20230217.jar:/home/runner/.m2/repository/org/eclipse/jetty/websocket/websocket-common/9.4.51.v20230217/websocket-common-9.4.51.v20230217.jar:/home/runner/.m2/repository/org/eclipse/jetty/websocket/websocket-api/9.4.51.v20230217/websocket-api-9.4.51.v20230217.jar:/home/runner/.m2/repository/org/jline/jline/3.9.0/jline-3.9.0.jar:/home/runner/.m2/repository/org/apache/hadoop/hadoop-mapreduce-client-core/3.3.6/hadoop-mapreduce-client-core-3.3.6.jar:/home/runner/.m2/repository/org/apache/avro/avro/1.7.7/avro-1.7.7.jar:/home/runner/.m2/repository/com/thoughtworks/paranamer/paranamer/2.3/paranamer-2.3.jar:/home/runner/.m2/repository/org/apache/hadoop/hadoop-annotations/3.3.6/hadoop-annotations-3.3.6.jar:/usr/lib/jvm/temurin-8-jdk-amd64/jre/../lib/tools.jar:/home/runner/.m2/repository/io/netty/netty/3.10.6.Final/netty-3.10.6.Final.jar:/home/runner/.m2/repository/org/apache/hadoop/hadoop-distcp/3.3.6/hadoop-distcp-3.3.6-tests.jar:/home/runner/.m2/repository/org/slf4j/jul-to-slf4j/1.7.36/jul-to-slf4j-1.7.36.jar:"/>
    <property name="java.vm.vendor" value="Temurin"/>
    <property name="sun.arch.data.model" value="64"/>
    <property name="test.build.dir" value="/home/runner/work/ozone/ozone/hadoop-ozone/integration-test/target/test-dir"/>
    <property name="test.cache.data" value=""/>
    <property name="java.vendor.url" value="https://adoptium.net/"/>
    <property name="user.timezone" value="Etc/UTC"/>
    <property name="java.vm.specification.version" value="1.8"/>
    <property name="os.name" value="Linux"/>
    <property name="test.build.data" value="/home/runner/work/ozone/ozone/hadoop-ozone/integration-test/target/test-dir"/>
    <property name="sun.java.launcher" value="SUN_STANDARD"/>
    <property name="sun.boot.library.path" value="/usr/lib/jvm/temurin-8-jdk-amd64/jre/lib/amd64"/>
    <property name="sun.java.command" value="/home/runner/work/ozone/ozone/hadoop-ozone/integration-test/target/surefire/surefirebooter9040892353118307956.jar /home/runner/work/ozone/ozone/hadoop-ozone/integration-test/target/surefire 2023-09-19T02-01-06_950-jvmRun1 surefire8625191617004223013tmp surefire_47239069163266049407tmp"/>
    <property name="native.lib.tmp.dir" value="/tmp"/>
    <property name="surefire.test.class.path" value="/home/runner/work/ozone/ozone/hadoop-ozone/integration-test/target/test-classes:/home/runner/work/ozone/ozone/hadoop-ozone/integration-test/target/classes:/home/runner/.m2/repository/org/apache/ozone/ozone-common/1.4.0-SNAPSHOT/ozone-common-1.4.0-SNAPSHOT.jar:/home/runner/.m2/repository/io/grpc/grpc-netty/1.51.1/grpc-netty-1.51.1.jar:/home/runner/.m2/repository/io/grpc/grpc-core/1.51.1/grpc-core-1.51.1.jar:/home/runner/.m2/repository/com/google/android/annotations/4.1.1.4/annotations-4.1.1.4.jar:/home/runner/.m2/repository/org/codehaus/mojo/animal-sniffer-annotations/1.21/animal-sniffer-annotations-1.21.jar:/home/runner/.m2/repository/com/google/errorprone/error_prone_annotations/2.2.0/error_prone_annotations-2.2.0.jar:/home/runner/.m2/repository/io/perfmark/perfmark-api/0.25.0/perfmark-api-0.25.0.jar:/home/runner/.m2/repository/io/netty/netty-codec-http2/4.1.94.Final/netty-codec-http2-4.1.94.Final.jar:/home/runner/.m2/repository/io/netty/netty-common/4.1.94.Final/netty-common-4.1.94.Final.jar:/home/runner/.m2/repository/io/netty/netty-buffer/4.1.94.Final/netty-buffer-4.1.94.Final.jar:/home/runner/.m2/repository/io/netty/netty-codec-http/4.1.94.Final/netty-codec-http-4.1.94.Final.jar:/home/runner/.m2/repository/io/netty/netty-handler-proxy/4.1.94.Final/netty-handler-proxy-4.1.94.Final.jar:/home/runner/.m2/repository/io/netty/netty-codec-socks/4.1.94.Final/netty-codec-socks-4.1.94.Final.jar:/home/runner/.m2/repository/io/netty/netty-tcnative-boringssl-static/2.0.61.Final/netty-tcnative-boringssl-static-2.0.61.Final.jar:/home/runner/.m2/repository/io/netty/netty-tcnative-classes/2.0.61.Final/netty-tcnative-classes-2.0.61.Final.jar:/home/runner/.m2/repository/io/netty/netty-tcnative-boringssl-static/2.0.61.Final/netty-tcnative-boringssl-static-2.0.61.Final-linux-x86_64.jar:/home/runner/.m2/repository/io/netty/netty-tcnative-boringssl-static/2.0.61.Final/netty-tcnative-boringssl-static-2.0.61.Final-linux-aarch_64.jar:/home/runner/.m2/repository/io/netty/netty-tcnative-boringssl-static/2.0.61.Final/netty-tcnative-boringssl-static-2.0.61.Final-osx-x86_64.jar:/home/runner/.m2/repository/io/netty/netty-tcnative-boringssl-static/2.0.61.Final/netty-tcnative-boringssl-static-2.0.61.Final-osx-aarch_64.jar:/home/runner/.m2/repository/io/netty/netty-tcnative-boringssl-static/2.0.61.Final/netty-tcnative-boringssl-static-2.0.61.Final-windows-x86_64.jar:/home/runner/.m2/repository/org/apache/commons/commons-compress/1.21/commons-compress-1.21.jar:/home/runner/.m2/repository/org/apache/ozone/hdds-common/1.4.0-SNAPSHOT/hdds-common-1.4.0-SNAPSHOT.jar:/home/runner/.m2/repository/org/apache/ozone/hdds-client/1.4.0-SNAPSHOT/hdds-client-1.4.0-SNAPSHOT.jar:/home/runner/.m2/repository/org/apache/ozone/ozone-interface-client/1.4.0-SNAPSHOT/ozone-interface-client-1.4.0-SNAPSHOT.jar:/home/runner/.m2/repository/org/apache/hadoop/hadoop-hdfs-client/3.3.6/hadoop-hdfs-client-3.3.6.jar:/home/runner/.m2/repository/com/squareup/okhttp3/okhttp/4.9.3/okhttp-4.9.3.jar:/home/runner/.m2/repository/com/squareup/okio/okio/3.4.0/okio-3.4.0.jar:/home/runner/.m2/repository/com/squareup/okio/okio-jvm/3.4.0/okio-jvm-3.4.0.jar:/home/runner/.m2/repository/org/jetbrains/kotlin/kotlin-stdlib-jdk8/1.8.0/kotlin-stdlib-jdk8-1.8.0.jar:/home/runner/.m2/repository/org/jetbrains/kotlin/kotlin-stdlib-jdk7/1.8.0/kotlin-stdlib-jdk7-1.8.0.jar:/home/runner/.m2/repository/org/jetbrains/kotlin/kotlin-stdlib-common/1.6.21/kotlin-stdlib-common-1.6.21.jar:/home/runner/.m2/repository/org/apache/ozone/hdds-test-utils/1.4.0-SNAPSHOT/hdds-test-utils-1.4.0-SNAPSHOT.jar:/home/runner/.m2/repository/com/google/guava/guava/32.0.0-jre/guava-32.0.0-jre.jar:/home/runner/.m2/repository/com/google/guava/failureaccess/1.0.1/failureaccess-1.0.1.jar:/home/runner/.m2/repository/com/google/guava/listenablefuture/9999.0-empty-to-avoid-conflict-with-guava/listenablefuture-9999.0-empty-to-avoid-conflict-with-guava.jar:/home/runner/.m2/repository/com/google/code/findbugs/jsr305/3.0.0/jsr305-3.0.0.jar:/home/runner/.m2/repository/org/checkerframework/checker-qual/3.33.0/checker-qual-3.33.0.jar:/home/runner/.m2/repository/com/google/j2objc/j2objc-annotations/2.8/j2objc-annotations-2.8.jar:/home/runner/.m2/repository/commons-io/commons-io/2.11.0/commons-io-2.11.0.jar:/home/runner/.m2/repository/commons-logging/commons-logging/1.2/commons-logging-1.2.jar:/home/runner/.m2/repository/ch/qos/reload4j/reload4j/1.2.22/reload4j-1.2.22.jar:/home/runner/.m2/repository/org/slf4j/slf4j-api/1.7.36/slf4j-api-1.7.36.jar:/home/runner/.m2/repository/org/apache/logging/log4j/log4j-api/2.17.1/log4j-api-2.17.1.jar:/home/runner/.m2/repository/org/apache/ozone/hdds-server-scm/1.4.0-SNAPSHOT/hdds-server-scm-1.4.0-SNAPSHOT.jar:/home/runner/.m2/repository/org/apache/ozone/hdds-container-service/1.4.0-SNAPSHOT/hdds-container-service-1.4.0-SNAPSHOT.jar:/home/runner/.m2/repository/org/apache/ozone/hdds-hadoop-dependency-server/1.4.0-SNAPSHOT/hdds-hadoop-dependency-server-1.4.0-SNAPSHOT.jar:/home/runner/.m2/repository/org/apache/hadoop/hadoop-hdfs/3.3.6/hadoop-hdfs-3.3.6.jar:/home/runner/.m2/repository/commons-daemon/commons-daemon/1.0.13/commons-daemon-1.0.13.jar:/home/runner/.m2/repository/org/apache/ozone/hdds-server-framework/1.4.0-SNAPSHOT/hdds-server-framework-1.4.0-SNAPSHOT.jar:/home/runner/.m2/repository/io/dropwizard/metrics/metrics-core/3.2.4/metrics-core-3.2.4.jar:/home/runner/.m2/repository/org/apache/commons/commons-text/1.10.0/commons-text-1.10.0.jar:/home/runner/.m2/repository/org/bouncycastle/bcprov-jdk15on/1.67/bcprov-jdk15on-1.67.jar:/home/runner/.m2/repository/com/google/protobuf/protobuf-java/2.5.0/protobuf-java-2.5.0.jar:/home/runner/.m2/repository/org/apache/ozone/hdds-server-framework/1.4.0-SNAPSHOT/hdds-server-framework-1.4.0-SNAPSHOT-tests.jar:/home/runner/.m2/repository/org/apache/ozone/hdds-interface-server/1.4.0-SNAPSHOT/hdds-interface-server-1.4.0-SNAPSHOT.jar:/home/runner/.m2/repository/org/apache/ozone/hdds-interface-admin/1.4.0-SNAPSHOT/hdds-interface-admin-1.4.0-SNAPSHOT.jar:/home/runner/.m2/repository/org/apache/ozone/hdds-managed-rocksdb/1.4.0-SNAPSHOT/hdds-managed-rocksdb-1.4.0-SNAPSHOT.jar:/home/runner/.m2/repository/org/rocksdb/rocksdbjni/7.7.3/rocksdbjni-7.7.3.jar:/home/runner/.m2/repository/org/slf4j/slf4j-reload4j/1.7.36/slf4j-reload4j-1.7.36.jar:/home/runner/.m2/repository/org/apache/commons/commons-configuration2/2.1.1/commons-configuration2-2.1.1.jar:/home/runner/.m2/repository/commons-fileupload/commons-fileupload/1.5/commons-fileupload-1.5.jar:/home/runner/.m2/repository/org/apache/logging/log4j/log4j-core/2.17.1/log4j-core-2.17.1.jar:/home/runner/.m2/repository/com/lmax/disruptor/3.4.2/disruptor-3.4.2.jar:/home/runner/.m2/repository/org/eclipse/jetty/jetty-util/9.4.52.v20230823/jetty-util-9.4.52.v20230823.jar:/home/runner/.m2/repository/org/eclipse/jetty/jetty-server/9.4.52.v20230823/jetty-server-9.4.52.v20230823.jar:/home/runner/.m2/repository/org/eclipse/jetty/jetty-http/9.4.52.v20230823/jetty-http-9.4.52.v20230823.jar:/home/runner/.m2/repository/org/eclipse/jetty/jetty-io/9.4.52.v20230823/jetty-io-9.4.52.v20230823.jar:/home/runner/.m2/repository/org/eclipse/jetty/jetty-servlet/9.4.52.v20230823/jetty-servlet-9.4.52.v20230823.jar:/home/runner/.m2/repository/org/eclipse/jetty/jetty-security/9.4.52.v20230823/jetty-security-9.4.52.v20230823.jar:/home/runner/.m2/repository/org/eclipse/jetty/jetty-util-ajax/9.4.52.v20230823/jetty-util-ajax-9.4.52.v20230823.jar:/home/runner/.m2/repository/org/eclipse/jetty/jetty-webapp/9.4.52.v20230823/jetty-webapp-9.4.52.v20230823.jar:/home/runner/.m2/repository/org/eclipse/jetty/jetty-xml/9.4.52.v20230823/jetty-xml-9.4.52.v20230823.jar:/home/runner/.m2/repository/org/apache/ratis/ratis-server/2.5.1/ratis-server-2.5.1.jar:/home/runner/.m2/repository/org/apache/ratis/ratis-thirdparty-misc/1.0.4/ratis-thirdparty-misc-1.0.4.jar:/home/runner/.m2/repository/org/apache/ratis/ratis-proto/2.5.1/ratis-proto-2.5.1.jar:/home/runner/.m2/repository/org/apache/ratis/ratis-common/2.5.1/ratis-common-2.5.1.jar:/home/runner/.m2/repository/org/apache/ratis/ratis-client/2.5.1/ratis-client-2.5.1.jar:/home/runner/.m2/repository/org/apache/ratis/ratis-server-api/2.5.1/ratis-server-api-2.5.1.jar:/home/runner/.m2/repository/org/apache/ratis/ratis-metrics/2.5.1/ratis-metrics-2.5.1.jar:/home/runner/.m2/repository/io/prometheus/simpleclient_dropwizard/0.7.0/simpleclient_dropwizard-0.7.0.jar:/home/runner/.m2/repository/io/prometheus/simpleclient/0.7.0/simpleclient-0.7.0.jar:/home/runner/.m2/repository/io/prometheus/simpleclient_common/0.7.0/simpleclient_common-0.7.0.jar:/home/runner/.m2/repository/com/fasterxml/jackson/datatype/jackson-datatype-jsr310/2.13.4/jackson-datatype-jsr310-2.13.4.jar:/home/runner/.m2/repository/com/fasterxml/jackson/core/jackson-core/2.13.4/jackson-core-2.13.4.jar:/home/runner/.m2/repository/com/github/spotbugs/spotbugs-annotations/3.1.12/spotbugs-annotations-3.1.12.jar:/home/runner/.m2/repository/org/apache/ozone/rocksdb-checkpoint-differ/1.4.0-SNAPSHOT/rocksdb-checkpoint-differ-1.4.0-SNAPSHOT.jar:/home/runner/.m2/repository/org/jgrapht/jgrapht-core/1.0.1/jgrapht-core-1.0.1.jar:/home/runner/.m2/repository/org/jgrapht/jgrapht-ext/1.0.1/jgrapht-ext-1.0.1.jar:/home/runner/.m2/repository/org/tinyjee/jgraphx/jgraphx/2.0.0.1/jgraphx-2.0.0.1.jar:/home/runner/.m2/repository/jgraph/jgraph/5.13.0.0/jgraph-5.13.0.0.jar:/home/runner/.m2/repository/org/antlr/antlr4-runtime/4.5.3/antlr4-runtime-4.5.3.jar:/home/runner/.m2/repository/org/awaitility/awaitility/4.2.0/awaitility-4.2.0.jar:/home/runner/.m2/repository/org/hamcrest/hamcrest/2.1/hamcrest-2.1.jar:/home/runner/.m2/repository/org/apache/ozone/ozone-manager/1.4.0-SNAPSHOT/ozone-manager-1.4.0-SNAPSHOT.jar:/home/runner/.m2/repository/org/aspectj/aspectjrt/1.9.7/aspectjrt-1.9.7.jar:/home/runner/.m2/repository/org/aspectj/aspectjweaver/1.9.7/aspectjweaver-1.9.7.jar:/home/runner/.m2/repository/org/apache/ozone/hdds-interface-client/1.4.0-SNAPSHOT/hdds-interface-client-1.4.0-SNAPSHOT.jar:/home/runner/.m2/repository/org/apache/hadoop/thirdparty/hadoop-shaded-protobuf_3_7/1.1.1/hadoop-shaded-protobuf_3_7-1.1.1.jar:/home/runner/.m2/repository/org/apache/ozone/ozone-interface-storage/1.4.0-SNAPSHOT/ozone-interface-storage-1.4.0-SNAPSHOT.jar:/home/runner/.m2/repository/org/reflections/reflections/0.9.11/reflections-0.9.11.jar:/home/runner/.m2/repository/com/sun/jersey/jersey-client/1.19/jersey-client-1.19.jar:/home/runner/.m2/repository/org/codehaus/jackson/jackson-core-asl/1.9.13/jackson-core-asl-1.9.13.jar:/home/runner/.m2/repository/org/codehaus/jackson/jackson-mapper-asl/1.9.13/jackson-mapper-asl-1.9.13.jar:/home/runner/.m2/repository/org/codehaus/jackson/jackson-jaxrs/1.9.13/jackson-jaxrs-1.9.13.jar:/home/runner/.m2/repository/org/apache/ranger/ranger-intg/2.3.0/ranger-intg-2.3.0.jar:/home/runner/.m2/repository/org/apache/ranger/ranger-plugins-common/2.3.0/ranger-plugins-common-2.3.0.jar:/home/runner/.m2/repository/commons-lang/commons-lang/2.6/commons-lang-2.6.jar:/home/runner/.m2/repository/org/apache/ranger/ranger-plugins-cred/2.3.0/ranger-plugins-cred-2.3.0.jar:/home/runner/.m2/repository/org/apache/ranger/ranger-plugins-audit/2.3.0/ranger-plugins-audit-2.3.0.jar:/home/runner/.m2/repository/org/eclipse/jetty/jetty-client/9.4.52.v20230823/jetty-client-9.4.52.v20230823.jar:/home/runner/.m2/repository/org/apache/httpcomponents/httpmime/4.5.6/httpmime-4.5.6.jar:/home/runner/.m2/repository/org/apache/httpcomponents/httpcore-nio/4.4.13/httpcore-nio-4.4.13.jar:/home/runner/.m2/repository/org/apache/httpcomponents/httpasyncclient/4.1.3/httpasyncclient-4.1.3.jar:/home/runner/.m2/repository/com/carrotsearch/hppc/0.8.0/hppc-0.8.0.jar:/home/runner/.m2/repository/org/apache/orc/orc-core/1.5.8/orc-core-1.5.8.jar:/home/runner/.m2/repository/net/java/dev/jna/jna/5.2.0/jna-5.2.0.jar:/home/runner/.m2/repository/net/java/dev/jna/jna-platform/5.2.0/jna-platform-5.2.0.jar:/home/runner/.m2/repository/com/kstruct/gethostname4j/0.0.2/gethostname4j-0.0.2.jar:/home/runner/.m2/repository/org/apache/ranger/ranger-plugin-classloader/2.3.0/ranger-plugin-classloader-2.3.0.jar:/home/runner/.m2/repository/org/apache/ozone/hdds-rocks-native/1.4.0-SNAPSHOT/hdds-rocks-native-1.4.0-SNAPSHOT.jar:/home/runner/.m2/repository/org/apache/hadoop/hadoop-minikdc/3.3.6/hadoop-minikdc-3.3.6.jar:/home/runner/.m2/repository/org/apache/kerby/kerb-simplekdc/1.0.1/kerb-simplekdc-1.0.1.jar:/home/runner/.m2/repository/org/apache/kerby/kerb-client/1.0.1/kerb-client-1.0.1.jar:/home/runner/.m2/repository/org/apache/kerby/kerby-config/1.0.1/kerby-config-1.0.1.jar:/home/runner/.m2/repository/org/apache/kerby/kerb-common/1.0.1/kerb-common-1.0.1.jar:/home/runner/.m2/repository/org/apache/kerby/kerb-crypto/1.0.1/kerb-crypto-1.0.1.jar:/home/runner/.m2/repository/org/apache/kerby/kerb-util/1.0.1/kerb-util-1.0.1.jar:/home/runner/.m2/repository/org/apache/kerby/token-provider/1.0.1/token-provider-1.0.1.jar:/home/runner/.m2/repository/org/apache/kerby/kerb-admin/1.0.1/kerb-admin-1.0.1.jar:/home/runner/.m2/repository/org/apache/kerby/kerb-server/1.0.1/kerb-server-1.0.1.jar:/home/runner/.m2/repository/org/apache/kerby/kerb-identity/1.0.1/kerb-identity-1.0.1.jar:/home/runner/.m2/repository/org/apache/kerby/kerby-xdr/1.0.1/kerby-xdr-1.0.1.jar:/home/runner/.m2/repository/org/apache/ozone/ozone-s3gateway/1.4.0-SNAPSHOT/ozone-s3gateway-1.4.0-SNAPSHOT.jar:/home/runner/.m2/repository/org/javassist/javassist/3.21.0-GA/javassist-3.21.0-GA.jar:/home/runner/.m2/repository/org/jboss/weld/servlet/weld-servlet-shaded/3.1.9.Final/weld-servlet-shaded-3.1.9.Final.jar:/home/runner/.m2/repository/org/glassfish/jersey/containers/jersey-container-servlet-core/2.34/jersey-container-servlet-core-2.34.jar:/home/runner/.m2/repository/org/glassfish/hk2/external/jakarta.inject/2.6.1/jakarta.inject-2.6.1.jar:/home/runner/.m2/repository/org/glassfish/jersey/core/jersey-common/2.34/jersey-common-2.34.jar:/home/runner/.m2/repository/jakarta/ws/rs/jakarta.ws.rs-api/2.1.6/jakarta.ws.rs-api-2.1.6.jar:/home/runner/.m2/repository/org/glassfish/jersey/ext/cdi/jersey-cdi1x/2.34/jersey-cdi1x-2.34.jar:/home/runner/.m2/repository/org/glassfish/jersey/inject/jersey-hk2/2.34/jersey-hk2-2.34.jar:/home/runner/.m2/repository/org/glassfish/hk2/hk2-locator/2.6.1/hk2-locator-2.6.1.jar:/home/runner/.m2/repository/org/glassfish/jersey/media/jersey-media-jaxb/2.34/jersey-media-jaxb-2.34.jar:/home/runner/.m2/repository/org/glassfish/hk2/osgi-resource-locator/1.0.3/osgi-resource-locator-1.0.3.jar:/home/runner/.m2/repository/org/glassfish/hk2/hk2-api/2.5.0/hk2-api-2.5.0.jar:/home/runner/.m2/repository/org/glassfish/hk2/hk2-utils/2.5.0/hk2-utils-2.5.0.jar:/home/runner/.m2/repository/org/glassfish/hk2/external/aopalliance-repackaged/2.5.0/aopalliance-repackaged-2.5.0.jar:/home/runner/.m2/repository/com/fasterxml/jackson/dataformat/jackson-dataformat-xml/2.13.4/jackson-dataformat-xml-2.13.4.jar:/home/runner/.m2/repository/org/codehaus/woodstox/stax2-api/4.2.1/stax2-api-4.2.1.jar:/home/runner/.m2/repository/com/fasterxml/woodstox/woodstox-core/5.4.0/woodstox-core-5.4.0.jar:/home/runner/.m2/repository/com/fasterxml/jackson/module/jackson-module-jaxb-annotations/2.13.4/jackson-module-jaxb-annotations-2.13.4.jar:/home/runner/.m2/repository/jakarta/xml/bind/jakarta.xml.bind-api/2.3.3/jakarta.xml.bind-api-2.3.3.jar:/home/runner/.m2/repository/jakarta/activation/jakarta.activation-api/1.2.2/jakarta.activation-api-1.2.2.jar:/home/runner/.m2/repository/javax/enterprise/cdi-api/2.0/cdi-api-2.0.jar:/home/runner/.m2/repository/javax/el/javax.el-api/3.0.0/javax.el-api-3.0.0.jar:/home/runner/.m2/repository/javax/interceptor/javax.interceptor-api/1.2/javax.interceptor-api-1.2.jar:/home/runner/.m2/repository/javax/inject/javax.inject/1/javax.inject-1.jar:/home/runner/.m2/repository/javax/xml/bind/jaxb-api/2.3.0/jaxb-api-2.3.0.jar:/home/runner/.m2/repository/org/glassfish/jaxb/jaxb-runtime/2.3.0.1/jaxb-runtime-2.3.0.1.jar:/home/runner/.m2/repository/org/glassfish/jaxb/jaxb-core/2.3.0.1/jaxb-core-2.3.0.1.jar:/home/runner/.m2/repository/org/glassfish/jaxb/txw2/2.3.0.1/txw2-2.3.0.1.jar:/home/runner/.m2/repository/com/sun/istack/istack-commons-runtime/3.0.5/istack-commons-runtime-3.0.5.jar:/home/runner/.m2/repository/org/jvnet/staxex/stax-ex/1.7.8/stax-ex-1.7.8.jar:/home/runner/.m2/repository/com/sun/xml/fastinfoset/FastInfoset/1.2.13/FastInfoset-1.2.13.jar:/home/runner/.m2/repository/javax/activation/activation/1.1.1/activation-1.1.1.jar:/home/runner/.m2/repository/io/grpc/grpc-protobuf/1.51.1/grpc-protobuf-1.51.1.jar:/home/runner/.m2/repository/com/google/api/grpc/proto-google-common-protos/2.9.0/proto-google-common-protos-2.9.0.jar:/home/runner/.m2/repository/io/grpc/grpc-protobuf-lite/1.51.1/grpc-protobuf-lite-1.51.1.jar:/home/runner/.m2/repository/io/grpc/grpc-stub/1.51.1/grpc-stub-1.51.1.jar:/home/runner/.m2/repository/io/netty/netty-transport/4.1.94.Final/netty-transport-4.1.94.Final.jar:/home/runner/.m2/repository/io/netty/netty-resolver/4.1.94.Final/netty-resolver-4.1.94.Final.jar:/home/runner/.m2/repository/org/apache/ozone/ozone-csi/1.4.0-SNAPSHOT/ozone-csi-1.4.0-SNAPSHOT.jar:/home/runner/.m2/repository/com/google/protobuf/protobuf-java-util/3.19.6/protobuf-java-util-3.19.6.jar:/home/runner/.m2/repository/com/google/code/gson/gson/2.9.0/gson-2.9.0.jar:/home/runner/.m2/repository/org/apache/ozone/hdds-config/1.4.0-SNAPSHOT/hdds-config-1.4.0-SNAPSHOT.jar:/home/runner/.m2/repository/io/netty/netty-transport-native-epoll/4.1.94.Final/netty-transport-native-epoll-4.1.94.Final-linux-x86_64.jar:/home/runner/.m2/repository/io/netty/netty-transport-classes-epoll/4.1.94.Final/netty-transport-classes-epoll-4.1.94.Final.jar:/home/runner/.m2/repository/io/netty/netty-transport-native-unix-common/4.1.94.Final/netty-transport-native-unix-common-4.1.94.Final.jar:/home/runner/.m2/repository/org/apache/ozone/ozone-recon/1.4.0-SNAPSHOT/ozone-recon-1.4.0-SNAPSHOT.jar:/home/runner/.m2/repository/org/apache/ozone/ozone-reconcodegen/1.4.0-SNAPSHOT/ozone-reconcodegen-1.4.0-SNAPSHOT.jar:/home/runner/.m2/repository/com/google/inject/guice/5.1.0/guice-5.1.0.jar:/home/runner/.m2/repository/aopalliance/aopalliance/1.0/aopalliance-1.0.jar:/home/runner/.m2/repository/com/google/inject/extensions/guice-assistedinject/5.1.0/guice-assistedinject-5.1.0.jar:/home/runner/.m2/repository/com/google/inject/extensions/guice-servlet/5.1.0/guice-servlet-5.1.0.jar:/home/runner/.m2/repository/org/glassfish/jersey/containers/jersey-container-servlet/2.34/jersey-container-servlet-2.34.jar:/home/runner/.m2/repository/org/glassfish/hk2/guice-bridge/2.5.0/guice-bridge-2.5.0.jar:/home/runner/.m2/repository/org/glassfish/jersey/core/jersey-server/2.34/jersey-server-2.34.jar:/home/runner/.m2/repository/org/glassfish/jersey/core/jersey-client/2.34/jersey-client-2.34.jar:/home/runner/.m2/repository/jakarta/annotation/jakarta.annotation-api/1.3.5/jakarta.annotation-api-1.3.5.jar:/home/runner/.m2/repository/jakarta/validation/jakarta.validation-api/2.0.2/jakarta.validation-api-2.0.2.jar:/home/runner/.m2/repository/org/glassfish/jersey/media/jersey-media-json-jackson/2.34/jersey-media-json-jackson-2.34.jar:/home/runner/.m2/repository/org/glassfish/jersey/ext/jersey-entity-filtering/2.34/jersey-entity-filtering-2.34.jar:/home/runner/.m2/repository/org/jooq/jooq/3.11.10/jooq-3.11.10.jar:/home/runner/.m2/repository/org/jooq/jooq-meta/3.11.10/jooq-meta-3.11.10.jar:/home/runner/.m2/repository/org/jooq/jooq-codegen/3.11.10/jooq-codegen-3.11.10.jar:/home/runner/.m2/repository/com/jolbox/bonecp/0.8.0.RELEASE/bonecp-0.8.0.RELEASE.jar:/home/runner/.m2/repository/org/apache/derby/derby/10.14.2.0/derby-10.14.2.0.jar:/home/runner/.m2/repository/org/xerial/sqlite-jdbc/3.41.2.2/sqlite-jdbc-3.41.2.2.jar:/home/runner/.m2/repository/org/springframework/spring-jdbc/5.3.27/spring-jdbc-5.3.27.jar:/home/runner/.m2/repository/org/springframework/spring-beans/5.3.27/spring-beans-5.3.27.jar:/home/runner/.m2/repository/org/springframework/spring-core/5.3.27/spring-core-5.3.27.jar:/home/runner/.m2/repository/org/springframework/spring-tx/5.3.27/spring-tx-5.3.27.jar:/home/runner/.m2/repository/org/apache/ozone/ozone-client/1.4.0-SNAPSHOT/ozone-client-1.4.0-SNAPSHOT.jar:/home/runner/.m2/repository/org/apache/ozone/hdds-erasurecode/1.4.0-SNAPSHOT/hdds-erasurecode-1.4.0-SNAPSHOT.jar:/home/runner/.m2/repository/org/apache/ozone/ozone-filesystem/1.4.0-SNAPSHOT/ozone-filesystem-1.4.0-SNAPSHOT.jar:/home/runner/.m2/repository/org/apache/ozone/ozone-filesystem-common/1.4.0-SNAPSHOT/ozone-filesystem-common-1.4.0-SNAPSHOT.jar:/home/runner/.m2/repository/org/apache/ozone/ozone-tools/1.4.0-SNAPSHOT/ozone-tools-1.4.0-SNAPSHOT.jar:/home/runner/.m2/repository/com/amazonaws/aws-java-sdk-core/1.12.261/aws-java-sdk-core-1.12.261.jar:/home/runner/.m2/repository/org/apache/httpcomponents/httpclient/4.5.13/httpclient-4.5.13.jar:/home/runner/.m2/repository/org/apache/httpcomponents/httpcore/4.4.13/httpcore-4.4.13.jar:/home/runner/.m2/repository/software/amazon/ion/ion-java/1.0.2/ion-java-1.0.2.jar:/home/runner/.m2/repository/com/fasterxml/jackson/dataformat/jackson-dataformat-cbor/2.13.4/jackson-dataformat-cbor-2.13.4.jar:/home/runner/.m2/repository/joda-time/joda-time/2.10.6/joda-time-2.10.6.jar:/home/runner/.m2/repository/com/amazonaws/aws-java-sdk-s3/1.12.261/aws-java-sdk-s3-1.12.261.jar:/home/runner/.m2/repository/com/amazonaws/aws-java-sdk-kms/1.12.261/aws-java-sdk-kms-1.12.261.jar:/home/runner/.m2/repository/com/amazonaws/jmespath-java/1.12.261/jmespath-java-1.12.261.jar:/home/runner/.m2/repository/org/kohsuke/metainf-services/metainf-services/1.8/metainf-services-1.8.jar:/home/runner/.m2/repository/org/apache/ozone/hdds-tools/1.4.0-SNAPSHOT/hdds-tools-1.4.0-SNAPSHOT.jar:/home/runner/.m2/repository/org/apache/ratis/ratis-tools/2.5.1/ratis-tools-2.5.1.jar:/home/runner/.m2/repository/commons-cli/commons-cli/1.2/commons-cli-1.2.jar:/home/runner/.m2/repository/org/apache/commons/commons-lang3/3.7/commons-lang3-3.7.jar:/home/runner/.m2/repository/org/apache/ozone/ozone-manager/1.4.0-SNAPSHOT/ozone-manager-1.4.0-SNAPSHOT-tests.jar:/home/runner/.m2/repository/org/apache/ozone/hdds-common/1.4.0-SNAPSHOT/hdds-common-1.4.0-SNAPSHOT-tests.jar:/home/runner/.m2/repository/org/apache/ozone/hdds-hadoop-dependency-client/1.4.0-SNAPSHOT/hdds-hadoop-dependency-client-1.4.0-SNAPSHOT.jar:/home/runner/.m2/repository/info/picocli/picocli/4.6.1/picocli-4.6.1.jar:/home/runner/.m2/repository/com/fasterxml/jackson/core/jackson-annotations/2.13.4/jackson-annotations-2.13.4.jar:/home/runner/.m2/repository/org/apache/ozone/hdds-annotation-processing/1.4.0-SNAPSHOT/hdds-annotation-processing-1.4.0-SNAPSHOT.jar:/home/runner/.m2/repository/javax/annotation/javax.annotation-api/1.2/javax.annotation-api-1.2.jar:/home/runner/.m2/repository/org/apache/ratis/ratis-netty/2.5.1/ratis-netty-2.5.1.jar:/home/runner/.m2/repository/org/apache/ratis/ratis-grpc/2.5.1/ratis-grpc-2.5.1.jar:/home/runner/.m2/repository/org/apache/commons/commons-pool2/2.6.0/commons-pool2-2.6.0.jar:/home/runner/.m2/repository/org/bouncycastle/bcpkix-jdk15on/1.67/bcpkix-jdk15on-1.67.jar:/home/runner/.m2/repository/commons-validator/commons-validator/1.6/commons-validator-1.6.jar:/home/runner/.m2/repository/commons-beanutils/commons-beanutils/1.9.4/commons-beanutils-1.9.4.jar:/home/runner/.m2/repository/commons-digester/commons-digester/1.8.1/commons-digester-1.8.1.jar:/home/runner/.m2/repository/commons-collections/commons-collections/3.2.2/commons-collections-3.2.2.jar:/home/runner/.m2/repository/io/jaegertracing/jaeger-client/1.6.0/jaeger-client-1.6.0.jar:/home/runner/.m2/repository/io/jaegertracing/jaeger-thrift/1.6.0/jaeger-thrift-1.6.0.jar:/home/runner/.m2/repository/org/apache/thrift/libthrift/0.14.1/libthrift-0.14.1.jar:/home/runner/.m2/repository/io/jaegertracing/jaeger-core/1.6.0/jaeger-core-1.6.0.jar:/home/runner/.m2/repository/io/jaegertracing/jaeger-tracerresolver/1.6.0/jaeger-tracerresolver-1.6.0.jar:/home/runner/.m2/repository/io/opentracing/contrib/opentracing-tracerresolver/0.1.8/opentracing-tracerresolver-0.1.8.jar:/home/runner/.m2/repository/org/jetbrains/kotlin/kotlin-stdlib/1.6.21/kotlin-stdlib-1.6.21.jar:/home/runner/.m2/repository/org/jetbrains/annotations/13.0/annotations-13.0.jar:/home/runner/.m2/repository/io/opentracing/opentracing-util/0.33.0/opentracing-util-0.33.0.jar:/home/runner/.m2/repository/io/opentracing/opentracing-api/0.33.0/opentracing-api-0.33.0.jar:/home/runner/.m2/repository/io/opentracing/opentracing-noop/0.33.0/opentracing-noop-0.33.0.jar:/home/runner/.m2/repository/org/yaml/snakeyaml/2.0/snakeyaml-2.0.jar:/home/runner/.m2/repository/io/grpc/grpc-api/1.51.1/grpc-api-1.51.1.jar:/home/runner/.m2/repository/io/grpc/grpc-context/1.51.1/grpc-context-1.51.1.jar:/home/runner/.m2/repository/junit/junit/4.13.1/junit-4.13.1.jar:/home/runner/.m2/repository/org/hamcrest/hamcrest-core/1.3/hamcrest-core-1.3.jar:/home/runner/.m2/repository/org/junit/jupiter/junit-jupiter-api/5.8.2/junit-jupiter-api-5.8.2.jar:/home/runner/.m2/repository/org/opentest4j/opentest4j/1.2.0/opentest4j-1.2.0.jar:/home/runner/.m2/repository/org/junit/platform/junit-platform-commons/1.8.2/junit-platform-commons-1.8.2.jar:/home/runner/.m2/repository/org/apiguardian/apiguardian-api/1.1.2/apiguardian-api-1.1.2.jar:/home/runner/.m2/repository/org/junit/jupiter/junit-jupiter-params/5.8.2/junit-jupiter-params-5.8.2.jar:/home/runner/.m2/repository/org/junit/jupiter/junit-jupiter-migrationsupport/5.8.2/junit-jupiter-migrationsupport-5.8.2.jar:/home/runner/.m2/repository/org/junit/jupiter/junit-jupiter-engine/5.8.2/junit-jupiter-engine-5.8.2.jar:/home/runner/.m2/repository/org/junit/platform/junit-platform-engine/1.8.2/junit-platform-engine-1.8.2.jar:/home/runner/.m2/repository/org/junit/vintage/junit-vintage-engine/5.8.2/junit-vintage-engine-5.8.2.jar:/home/runner/.m2/repository/org/junit/platform/junit-platform-launcher/1.8.2/junit-platform-launcher-1.8.2.jar:/home/runner/.m2/repository/org/mockito/mockito-core/3.5.9/mockito-core-3.5.9.jar:/home/runner/.m2/repository/net/bytebuddy/byte-buddy/1.10.13/byte-buddy-1.10.13.jar:/home/runner/.m2/repository/net/bytebuddy/byte-buddy-agent/1.10.13/byte-buddy-agent-1.10.13.jar:/home/runner/.m2/repository/org/objenesis/objenesis/1.0/objenesis-1.0.jar:/home/runner/.m2/repository/org/apache/hadoop/hadoop-kms/3.3.6/hadoop-kms-3.3.6.jar:/home/runner/.m2/repository/org/apache/hadoop/hadoop-auth/3.3.6/hadoop-auth-3.3.6.jar:/home/runner/.m2/repository/com/nimbusds/nimbus-jose-jwt/9.8.1/nimbus-jose-jwt-9.8.1.jar:/home/runner/.m2/repository/com/github/stephenc/jcip/jcip-annotations/1.0-1/jcip-annotations-1.0-1.jar:/home/runner/.m2/repository/org/apache/zookeeper/zookeeper/3.5.6/zookeeper-3.5.6.jar:/home/runner/.m2/repository/org/apache/zookeeper/zookeeper-jute/3.5.6/zookeeper-jute-3.5.6.jar:/home/runner/.m2/repository/org/apache/yetus/audience-annotations/0.5.0/audience-annotations-0.5.0.jar:/home/runner/.m2/repository/org/apache/curator/curator-framework/4.2.0/curator-framework-4.2.0.jar:/home/runner/.m2/repository/org/apache/hadoop/thirdparty/hadoop-shaded-guava/1.1.1/hadoop-shaded-guava-1.1.1.jar:/home/runner/.m2/repository/com/sun/jersey/jersey-core/1.19/jersey-core-1.19.jar:/home/runner/.m2/repository/javax/ws/rs/jsr311-api/1.1.1/jsr311-api-1.1.1.jar:/home/runner/.m2/repository/com/sun/jersey/jersey-server/1.19/jersey-server-1.19.jar:/home/runner/.m2/repository/javax/servlet/javax.servlet-api/3.1.0/javax.servlet-api-3.1.0.jar:/home/runner/.m2/repository/org/apache/hadoop/hadoop-common/3.3.6/hadoop-common-3.3.6.jar:/home/runner/.m2/repository/org/apache/commons/commons-math3/3.1.1/commons-math3-3.1.1.jar:/home/runner/.m2/repository/commons-net/commons-net/3.9.0/commons-net-3.9.0.jar:/home/runner/.m2/repository/com/sun/jersey/jersey-servlet/1.19/jersey-servlet-1.19.jar:/home/runner/.m2/repository/com/github/pjfanning/jersey-json/1.20/jersey-json-1.20.jar:/home/runner/.m2/repository/org/codehaus/jettison/jettison/1.1/jettison-1.1.jar:/home/runner/.m2/repository/com/sun/xml/bind/jaxb-impl/2.2.3-1/jaxb-impl-2.2.3-1.jar:/home/runner/.m2/repository/com/google/re2j/re2j/1.1/re2j-1.1.jar:/home/runner/.m2/repository/com/jcraft/jsch/0.1.54/jsch-0.1.54.jar:/home/runner/.m2/repository/org/apache/curator/curator-client/4.2.0/curator-client-4.2.0.jar:/home/runner/.m2/repository/org/apache/curator/curator-recipes/5.2.0/curator-recipes-5.2.0.jar:/home/runner/.m2/repository/org/apache/kerby/kerb-core/1.0.1/kerb-core-1.0.1.jar:/home/runner/.m2/repository/org/apache/kerby/kerby-pkix/1.0.1/kerby-pkix-1.0.1.jar:/home/runner/.m2/repository/org/apache/kerby/kerby-asn1/1.0.1/kerby-asn1-1.0.1.jar:/home/runner/.m2/repository/org/apache/kerby/kerby-util/1.0.1/kerby-util-1.0.1.jar:/home/runner/.m2/repository/dnsjava/dnsjava/2.1.7/dnsjava-2.1.7.jar:/home/runner/.m2/repository/org/xerial/snappy/snappy-java/1.1.8.2/snappy-java-1.1.8.2.jar:/home/runner/.m2/repository/com/fasterxml/jackson/core/jackson-databind/2.13.4.2/jackson-databind-2.13.4.2.jar:/home/runner/.m2/repository/org/apache/hadoop/hadoop-kms/3.3.6/hadoop-kms-3.3.6-tests.jar:/home/runner/.m2/repository/org/apache/ozone/hdds-server-scm/1.4.0-SNAPSHOT/hdds-server-scm-1.4.0-SNAPSHOT-tests.jar:/home/runner/.m2/repository/org/apache/ozone/hdds-container-service/1.4.0-SNAPSHOT/hdds-container-service-1.4.0-SNAPSHOT-tests.jar:/home/runner/.m2/repository/com/github/luben/zstd-jni/1.5.2-5/zstd-jni-1.5.2-5.jar:/home/runner/.m2/repository/commons-codec/commons-codec/1.15/commons-codec-1.15.jar:/home/runner/.m2/repository/io/netty/netty-codec/4.1.94.Final/netty-codec-4.1.94.Final.jar:/home/runner/.m2/repository/io/netty/netty-handler/4.1.94.Final/netty-handler-4.1.94.Final.jar:/home/runner/.m2/repository/org/apache/ozone/hdds-hadoop-dependency-test/1.4.0-SNAPSHOT/hdds-hadoop-dependency-test-1.4.0-SNAPSHOT.jar:/home/runner/.m2/repository/org/apache/hadoop/hadoop-common/3.3.6/hadoop-common-3.3.6-tests.jar:/home/runner/.m2/repository/org/apache/hadoop/hadoop-hdfs/3.3.6/hadoop-hdfs-3.3.6-tests.jar:/home/runner/.m2/repository/org/assertj/assertj-core/3.12.2/assertj-core-3.12.2.jar:/home/runner/.m2/repository/org/apache/hadoop/hadoop-distcp/3.3.6/hadoop-distcp-3.3.6.jar:/home/runner/.m2/repository/org/apache/hadoop/hadoop-mapreduce-client-jobclient/3.3.6/hadoop-mapreduce-client-jobclient-3.3.6.jar:/home/runner/.m2/repository/org/apache/hadoop/hadoop-mapreduce-client-common/3.3.6/hadoop-mapreduce-client-common-3.3.6.jar:/home/runner/.m2/repository/org/apache/hadoop/hadoop-yarn-common/3.3.6/hadoop-yarn-common-3.3.6.jar:/home/runner/.m2/repository/org/apache/hadoop/hadoop-yarn-api/3.3.6/hadoop-yarn-api-3.3.6.jar:/home/runner/.m2/repository/com/sun/jersey/contribs/jersey-guice/1.19/jersey-guice-1.19.jar:/home/runner/.m2/repository/com/fasterxml/jackson/jaxrs/jackson-jaxrs-json-provider/2.13.4/jackson-jaxrs-json-provider-2.13.4.jar:/home/runner/.m2/repository/com/fasterxml/jackson/jaxrs/jackson-jaxrs-base/2.13.4/jackson-jaxrs-base-2.13.4.jar:/home/runner/.m2/repository/org/apache/hadoop/hadoop-yarn-client/3.3.6/hadoop-yarn-client-3.3.6.jar:/home/runner/.m2/repository/org/eclipse/jetty/websocket/websocket-client/9.4.51.v20230217/websocket-client-9.4.51.v20230217.jar:/home/runner/.m2/repository/org/eclipse/jetty/websocket/websocket-common/9.4.51.v20230217/websocket-common-9.4.51.v20230217.jar:/home/runner/.m2/repository/org/eclipse/jetty/websocket/websocket-api/9.4.51.v20230217/websocket-api-9.4.51.v20230217.jar:/home/runner/.m2/repository/org/jline/jline/3.9.0/jline-3.9.0.jar:/home/runner/.m2/repository/org/apache/hadoop/hadoop-mapreduce-client-core/3.3.6/hadoop-mapreduce-client-core-3.3.6.jar:/home/runner/.m2/repository/org/apache/avro/avro/1.7.7/avro-1.7.7.jar:/home/runner/.m2/repository/com/thoughtworks/paranamer/paranamer/2.3/paranamer-2.3.jar:/home/runner/.m2/repository/org/apache/hadoop/hadoop-annotations/3.3.6/hadoop-annotations-3.3.6.jar:/usr/lib/jvm/temurin-8-jdk-amd64/jre/../lib/tools.jar:/home/runner/.m2/repository/io/netty/netty/3.10.6.Final/netty-3.10.6.Final.jar:/home/runner/.m2/repository/org/apache/hadoop/hadoop-distcp/3.3.6/hadoop-distcp-3.3.6-tests.jar:/home/runner/.m2/repository/org/slf4j/jul-to-slf4j/1.7.36/jul-to-slf4j-1.7.36.jar:"/>
    <property name="sun.cpu.endian" value="little"/>
    <property name="user.home" value="/home/runner"/>
    <property name="user.language" value="en"/>
    <property name="java.specification.vendor" value="Oracle Corporation"/>
    <property name="java.home" value="/usr/lib/jvm/temurin-8-jdk-amd64/jre"/>
    <property name="java.security.krb5.conf" value="/home/runner/work/ozone/ozone/hadoop-ozone/integration-test/target/test-classes/krb5.conf"/>
    <property name="basedir" value="/home/runner/work/ozone/ozone/hadoop-ozone/integration-test"/>
    <property name="file.separator" value="/"/>
    <property name="line.separator" value="&#10;"/>
    <property name="java.vm.specification.vendor" value="Oracle Corporation"/>
    <property name="java.specification.name" value="Java Platform API Specification"/>
    <property name="java.awt.graphicsenv" value="sun.awt.X11GraphicsEnvironment"/>
    <property name="skip.installnpx" value="true"/>
    <property name="surefire.real.class.path" value="/home/runner/work/ozone/ozone/hadoop-ozone/integration-test/target/surefire/surefirebooter9040892353118307956.jar:/home/runner/.m2/repository/org/jacoco/org.jacoco.agent/0.8.5/org.jacoco.agent-0.8.5-runtime.jar"/>
    <property name="hadoop.log.dir" value="/home/runner/work/ozone/ozone/hadoop-ozone/integration-test/target/log"/>
    <property name="sun.boot.class.path" value="/usr/lib/jvm/temurin-8-jdk-amd64/jre/lib/resources.jar:/usr/lib/jvm/temurin-8-jdk-amd64/jre/lib/rt.jar:/usr/lib/jvm/temurin-8-jdk-amd64/jre/lib/sunrsasign.jar:/usr/lib/jvm/temurin-8-jdk-amd64/jre/lib/jsse.jar:/usr/lib/jvm/temurin-8-jdk-amd64/jre/lib/jce.jar:/usr/lib/jvm/temurin-8-jdk-amd64/jre/lib/charsets.jar:/usr/lib/jvm/temurin-8-jdk-amd64/jre/lib/jfr.jar:/usr/lib/jvm/temurin-8-jdk-amd64/jre/classes"/>
    <property name="sun.management.compiler" value="HotSpot 64-Bit Tiered Compilers"/>
    <property name="skip.npx" value="true"/>
    <property name="java.runtime.version" value="1.8.0_382-b05"/>
    <property name="java.net.preferIPv4Stack" value="true"/>
    <property name="user.name" value="runner"/>
    <property name="path.separator" value=":"/>
    <property name="java.security.egd" value="file:///dev/urandom"/>
    <property name="os.version" value="5.15.0-1046-azure"/>
    <property name="java.endorsed.dirs" value="/usr/lib/jvm/temurin-8-jdk-amd64/jre/lib/endorsed"/>
    <property name="java.runtime.name" value="OpenJDK Runtime Environment"/>
    <property name="file.encoding" value="UTF-8"/>
    <property name="java.vm.name" value="OpenJDK 64-Bit Server VM"/>
    <property name="test.build.webapps" value=""/>
    <property name="localRepository" value="/home/runner/.m2/repository"/>
    <property name="jetty.git.hash" value="abdcda73818a1a2c705da276edb0bf6581e7997e"/>
    <property name="java.vendor.url.bug" value="https://github.com/adoptium/adoptium-support/issues"/>
    <property name="java.io.tmpdir" value="/tmp"/>
    <property name="require.test.libhadoop" value=""/>
    <property name="java.version" value="1.8.0_382"/>
    <property name="user.dir" value="/home/runner/work/ozone/ozone/hadoop-ozone/integration-test"/>
    <property name="os.arch" value="amd64"/>
    <property name="java.vm.specification.name" value="Java Virtual Machine Specification"/>
    <property name="test.build.classes" value="/home/runner/work/ozone/ozone/hadoop-ozone/integration-test/target/test-classes"/>
    <property name="java.awt.printerjob" value="sun.print.PSPrinterJob"/>
    <property name="sun.os.patch.level" value="unknown"/>
    <property name="org.apache.ratis.thirdparty.io.netty.allocator.useCacheForAllThreads" value="false"/>
    <property name="hadoop.tmp.dir" value="/home/runner/work/ozone/ozone/hadoop-ozone/integration-test/target/tmp"/>
    <property name="java.library.path" value="/usr/java/packages/lib/amd64:/usr/lib64:/lib64:/lib:/usr/lib"/>
    <property name="java.vm.info" value="mixed mode"/>
    <property name="java.vendor" value="Temurin"/>
    <property name="java.vm.version" value="25.382-b05"/>
    <property name="java.specification.maintenance.version" value="5"/>
    <property name="java.ext.dirs" value="/usr/lib/jvm/temurin-8-jdk-amd64/jre/lib/ext:/usr/java/packages/lib/ext"/>
    <property name="sun.io.unicode.encoding" value="UnicodeLittle"/>
    <property name="java.class.version" value="52.0"/>
  </properties>
  <testcase name="testGetTrashRoot" classname="TestOzoneFileSystem" time="21.601">
    <system-out><![CDATA[2023-09-19 02:03:40,762 [main] WARN  server.ServerUtils (ServerUtils.java:getScmDbDir(155)) - ozone.scm.db.dirs is not configured. We recommend adding this setting. Falling back to ozone.metadata.dirs instead.
2023-09-19 02:03:40,972 [main] INFO  reflections.Reflections (Reflections.java:scan(232)) - Reflections took 156 ms to scan 7 urls, producing 161 keys and 379 values 
2023-09-19 02:03:41,132 [main] WARN  server.ServerUtils (ServerUtils.java:getScmDbDir(155)) - ozone.scm.db.dirs is not configured. We recommend adding this setting. Falling back to ozone.metadata.dirs instead.
2023-09-19 02:03:41,136 [main] INFO  ha.SCMHANodeDetails (SCMHANodeDetails.java:loadSCMHAConfig(210)) - ServiceID for StorageContainerManager is null
2023-09-19 02:03:41,144 [main] WARN  ha.SCMHANodeDetails (SCMHANodeDetails.java:validateSCMHAConfig(183)) - Invalid config ozone.scm.ratis.enable. The config was not specified, but the default value true conflicts with the expected config value false. Falling back to the expected value. Current State of SCM: SCM is running in Non-HA without Ratis Ratis SCM -> Non Ratis SCM or Non HA SCM -> HA SCM is not supported
2023-09-19 02:03:41,145 [main] INFO  ha.SCMHANodeDetails (SCMHANodeDetails.java:loadSCMHAConfig(215)) - ozone.scm.default.service.id is not defined, falling back to ozone.scm.service.ids to find serviceID for StorageContainerManager if it is HA enabled cluster
2023-09-19 02:03:41,925 [main] WARN  utils.HAUtils (HAUtils.java:getMetaDir(339)) - ozone.scm.db.dirs is not configured. We recommend adding this setting. Falling back to ozone.metadata.dirs instead.
2023-09-19 02:03:42,068 [main] WARN  db.DBStoreBuilder (DBStoreBuilder.java:applyDBDefinition(166)) - ozone.scm.db.dirs is not configured. We recommend adding this setting. Falling back to ozone.metadata.dirs instead.
2023-09-19 02:03:42,281 [main] INFO  net.NodeSchemaLoader (NodeSchemaLoader.java:loadSchemaFromFile(129)) - Loading schema from [jar:file:/home/runner/.m2/repository/org/apache/ozone/hdds-common/1.4.0-SNAPSHOT/hdds-common-1.4.0-SNAPSHOT.jar!/network-topology-default.xml]
2023-09-19 02:03:42,283 [main] INFO  net.NodeSchemaLoader (NodeSchemaLoader.java:loadSchema(176)) - Loading network topology layer schema file
2023-09-19 02:03:42,331 [main] INFO  metrics.MetricRegistries (MetricRegistriesLoader.java:load(64)) - Loaded MetricRegistries class org.apache.ratis.metrics.impl.MetricRegistriesImpl
2023-09-19 02:03:42,346 [main] INFO  upgrade.AbstractLayoutVersionManager (AbstractLayoutVersionManager.java:init(83)) - Initializing Layout version manager with metadata layout = HADOOP_PRC_PORTS_IN_DATANODEDETAILS (version = 7), software layout = HADOOP_PRC_PORTS_IN_DATANODEDETAILS (version = 7)
2023-09-19 02:03:42,548 [main] INFO  ha.SequenceIdGenerator (SequenceIdGenerator.java:upgradeToSequenceId(365)) - upgrade localId to 111677748019200000
2023-09-19 02:03:42,550 [main] INFO  ha.SequenceIdGenerator (SequenceIdGenerator.java:upgradeToSequenceId(375)) - upgrade delTxnId to 0
2023-09-19 02:03:42,556 [main] INFO  ha.SequenceIdGenerator (SequenceIdGenerator.java:upgradeToSequenceId(392)) - upgrade containerId to 0
2023-09-19 02:03:42,558 [main] INFO  ha.SequenceIdGenerator (SequenceIdGenerator.java:upgradeToSequenceId(428)) - upgrade rootCertificateId to 1
2023-09-19 02:03:42,560 [main] INFO  ha.SequenceIdGenerator (SequenceIdGenerator.java:<init>(236)) - Init the HA SequenceIdGenerator.
2023-09-19 02:03:42,612 [main] WARN  server.ServerUtils (ServerUtils.java:sanitizeUserArgs(80)) - ozone.scm.stale.node.interval value = 300000 is larger than max = 100000 based on the key value of ozone.scm.heartbeat.thread.interval, reset to the max value 100000.
2023-09-19 02:03:42,612 [main] WARN  server.ServerUtils (ServerUtils.java:sanitizeUserArgs(80)) - ozone.scm.stale.node.interval value = 300000 is larger than max = 100000 based on the key value of ozone.scm.heartbeat.thread.interval, reset to the max value 100000.
2023-09-19 02:03:42,618 [main] INFO  node.SCMNodeManager (SCMNodeManager.java:<init>(157)) - Entering startup safe mode.
2023-09-19 02:03:42,634 [main] INFO  algorithms.ContainerPlacementPolicyFactory (ContainerPlacementPolicyFactory.java:getPolicyInternal(86)) - Create container placement policy of type org.apache.hadoop.hdds.scm.container.placement.algorithms.SCMContainerPlacementRackAware
2023-09-19 02:03:42,637 [main] INFO  algorithms.ContainerPlacementPolicyFactory (ContainerPlacementPolicyFactory.java:getPolicyInternal(86)) - Create container placement policy of type org.apache.hadoop.hdds.scm.container.placement.algorithms.SCMContainerPlacementRackScatter
2023-09-19 02:03:42,646 [main] INFO  pipeline.PipelineStateManagerImpl (PipelineStateManagerImpl.java:initialize(78)) - No pipeline exists in current db
2023-09-19 02:03:42,659 [main] INFO  algorithms.LeaderChoosePolicyFactory (LeaderChoosePolicyFactory.java:getPolicy(57)) - Create leader choose policy of type org.apache.hadoop.hdds.scm.pipeline.leader.choose.algorithms.MinLeaderCountChoosePolicy
2023-09-19 02:03:42,660 [main] INFO  algorithms.ContainerPlacementPolicyFactory (ContainerPlacementPolicyFactory.java:getPolicyInternal(86)) - Create container placement policy of type org.apache.hadoop.hdds.scm.container.placement.algorithms.SCMContainerPlacementRackScatter
2023-09-19 02:03:42,666 [main] INFO  ha.SCMServiceManager (SCMServiceManager.java:register(42)) - Registering service BackgroundPipelineCreator.
2023-09-19 02:03:42,666 [main] INFO  pipeline.BackgroundPipelineCreator (BackgroundPipelineCreator.java:start(124)) - Starting RatisPipelineUtilsThread.
2023-09-19 02:03:42,669 [main] INFO  BackgroundPipelineScrubber (BackgroundSCMService.java:start(68)) - Starting BackgroundPipelineScrubber Service.
2023-09-19 02:03:42,670 [main] INFO  ha.SCMServiceManager (SCMServiceManager.java:register(42)) - Registering service BackgroundPipelineScrubber.
2023-09-19 02:03:42,676 [main] INFO  ExpiredContainerReplicaOpScrubber (BackgroundSCMService.java:start(68)) - Starting ExpiredContainerReplicaOpScrubber Service.
2023-09-19 02:03:42,682 [main] INFO  ha.SCMServiceManager (SCMServiceManager.java:register(42)) - Registering service ExpiredContainerReplicaOpScrubber.
2023-09-19 02:03:42,705 [main] INFO  algorithms.PipelineChoosePolicyFactory (PipelineChoosePolicyFactory.java:createPipelineChoosePolicyFromClass(78)) - Create pipeline choose policy of type org.apache.hadoop.hdds.scm.pipeline.choose.algorithms.RandomPipelineChoosePolicy
2023-09-19 02:03:42,706 [main] INFO  algorithms.PipelineChoosePolicyFactory (PipelineChoosePolicyFactory.java:createPipelineChoosePolicyFromClass(78)) - Create pipeline choose policy of type org.apache.hadoop.hdds.scm.pipeline.choose.algorithms.RandomPipelineChoosePolicy
2023-09-19 02:03:42,728 [main] INFO  ha.SCMServiceManager (SCMServiceManager.java:register(42)) - Registering service SCMBlockDeletingService.
2023-09-19 02:03:42,792 [main] INFO  replication.ReplicationManager (ReplicationManager.java:start(291)) - Starting Replication Monitor Thread.
2023-09-19 02:03:42,793 [main] INFO  ha.SCMServiceManager (SCMServiceManager.java:register(42)) - Registering service ReplicationManager.
2023-09-19 02:03:42,798 [ReplicationMonitor] INFO  replication.ReplicationManager (ReplicationManager.java:processAll(365)) - Replication Manager is not ready to run until 3000ms after safemode exit
2023-09-19 02:03:42,805 [main] INFO  safemode.ContainerSafeModeRule (ContainerSafeModeRule.java:<init>(90)) - containers with one replica threshold count 0
2023-09-19 02:03:42,808 [main] INFO  safemode.HealthyPipelineSafeModeRule (HealthyPipelineSafeModeRule.java:initializeRule(169)) - Total pipeline count is 0, healthy pipeline threshold count is 1
2023-09-19 02:03:42,810 [main] INFO  safemode.OneReplicaPipelineSafeModeRule (OneReplicaPipelineSafeModeRule.java:initializeRule(180)) - Total pipeline count is 0, pipeline's with at least one datanode reported threshold count is 0
2023-09-19 02:03:42,854 [main] INFO  server.StorageContainerManager (StorageContainerManager.java:<init>(425)) - SCM start with adminUsers: [runner]
2023-09-19 02:03:43,202 [main] INFO  audit.AuditLogger (AuditLogger.java:refreshDebugCmdSet(126)) - Refresh DebugCmdSet for SCMAudit to [].
2023-09-19 02:03:43,235 [main] INFO  ipc.CallQueueManager (CallQueueManager.java:<init>(90)) - Using callQueue: class java.util.concurrent.LinkedBlockingQueue, queueCapacity: 2000, scheduler: class org.apache.hadoop.ipc.DefaultRpcScheduler, ipcBackoff: false.
2023-09-19 02:03:43,271 [main] INFO  ipc.Server (Server.java:<init>(1287)) - Listener at 0.0.0.0:15002
2023-09-19 02:03:43,275 [Socket Reader #1 for port 15002] INFO  ipc.Server (Server.java:run(1323)) - Starting Socket Reader #1 for port 15002
2023-09-19 02:03:43,335 [main] INFO  audit.AuditLogger (AuditLogger.java:refreshDebugCmdSet(126)) - Refresh DebugCmdSet for SCMAudit to [].
2023-09-19 02:03:43,341 [main] INFO  ipc.CallQueueManager (CallQueueManager.java:<init>(90)) - Using callQueue: class java.util.concurrent.LinkedBlockingQueue, queueCapacity: 2000, scheduler: class org.apache.hadoop.ipc.DefaultRpcScheduler, ipcBackoff: false.
2023-09-19 02:03:43,342 [main] INFO  ipc.Server (Server.java:<init>(1287)) - Listener at 0.0.0.0:15001
2023-09-19 02:03:43,342 [Socket Reader #1 for port 15001] INFO  ipc.Server (Server.java:run(1323)) - Starting Socket Reader #1 for port 15001
2023-09-19 02:03:43,377 [main] INFO  audit.AuditLogger (AuditLogger.java:refreshDebugCmdSet(126)) - Refresh DebugCmdSet for SCMAudit to [].
2023-09-19 02:03:43,388 [main] INFO  ipc.CallQueueManager (CallQueueManager.java:<init>(90)) - Using callQueue: class java.util.concurrent.LinkedBlockingQueue, queueCapacity: 2000, scheduler: class org.apache.hadoop.ipc.DefaultRpcScheduler, ipcBackoff: false.
2023-09-19 02:03:43,391 [main] INFO  ipc.Server (Server.java:<init>(1287)) - Listener at 0.0.0.0:15000
2023-09-19 02:03:43,392 [Socket Reader #1 for port 15000] INFO  ipc.Server (Server.java:run(1323)) - Starting Socket Reader #1 for port 15000
2023-09-19 02:03:43,442 [main] INFO  ha.SCMServiceManager (SCMServiceManager.java:register(42)) - Registering service ContainerBalancer.
2023-09-19 02:03:43,442 [main] INFO  server.StorageContainerManager (StorageContainerManager.java:<init>(438)) - 
Container Balancer status:
Key                            Value
Running                        false
Container Balancer Configuration values:
Key                                                Value
Threshold                                          10
Max Datanodes to Involve per Iteration(percent)    20
Max Size to Move per Iteration                     500GB
Max Size Entering Target per Iteration             26GB
Max Size Leaving Source per Iteration              26GB
Number of Iterations                               10
Time Limit for Single Container's Movement         65min
Time Limit for Single Container's Replication      50min
Interval between each Iteration                    70min
Whether to Enable Network Topology                 false
Whether to Trigger Refresh Datanode Usage Info     false
Container IDs to Exclude from Balancing            None
Datanodes Specified to be Balanced                 None
Datanodes Excluded from Balancing                  None

2023-09-19 02:03:43,443 [main] INFO  ha.SCMContext (SCMContext.java:updateSafeModeStatus(228)) - Update SafeModeStatus from SafeModeStatus{safeModeStatus=true, preCheckPassed=false} to SafeModeStatus{safeModeStatus=true, preCheckPassed=false}.
2023-09-19 02:03:43,446 [main] INFO  server.StorageContainerManager (StorageContainerManager.java:start(1483)) - StorageContainerLocationProtocol RPC server is listening at /0.0.0.0:15000
2023-09-19 02:03:43,515 [main] WARN  impl.MetricsConfig (MetricsConfig.java:loadFirst(136)) - Cannot locate configuration: tried hadoop-metrics2-storagecontainermanager.properties,hadoop-metrics2.properties
2023-09-19 02:03:43,528 [main] INFO  impl.MetricsSystemImpl (MetricsSystemImpl.java:startTimer(378)) - Scheduled Metric snapshot period at 10 second(s).
2023-09-19 02:03:43,529 [main] INFO  impl.MetricsSystemImpl (MetricsSystemImpl.java:start(191)) - StorageContainerManager metrics system started
2023-09-19 02:03:43,833 [main] INFO  server.SCMClientProtocolServer (SCMClientProtocolServer.java:start(201)) - RPC server for Client  is listening at /0.0.0.0:15000
2023-09-19 02:03:43,834 [IPC Server Responder] INFO  ipc.Server (Server.java:run(1562)) - IPC Server Responder: starting
2023-09-19 02:03:43,837 [IPC Server listener on 15000] INFO  ipc.Server (Server.java:run(1402)) - IPC Server listener on 15000: starting
2023-09-19 02:03:43,863 [main] INFO  server.StorageContainerManager (StorageContainerManager.java:start(1496)) - ScmBlockLocationProtocol RPC server is listening at /0.0.0.0:15001
2023-09-19 02:03:43,864 [main] INFO  server.SCMBlockProtocolServer (SCMBlockProtocolServer.java:start(154)) - RPC server for Block Protocol is listening at /0.0.0.0:15001
2023-09-19 02:03:43,865 [IPC Server Responder] INFO  ipc.Server (Server.java:run(1562)) - IPC Server Responder: starting
2023-09-19 02:03:43,865 [IPC Server listener on 15001] INFO  ipc.Server (Server.java:run(1402)) - IPC Server listener on 15001: starting
2023-09-19 02:03:43,867 [main] INFO  server.SCMDatanodeProtocolServer (SCMDatanodeProtocolServer.java:start(193)) - ScmDatanodeProtocol RPC server for DataNodes is listening at /0.0.0.0:15002
2023-09-19 02:03:43,869 [IPC Server Responder] INFO  ipc.Server (Server.java:run(1562)) - IPC Server Responder: starting
2023-09-19 02:03:43,870 [IPC Server listener on 15002] INFO  ipc.Server (Server.java:run(1402)) - IPC Server listener on 15002: starting
2023-09-19 02:03:43,888 [JvmPauseMonitor0] INFO  util.JvmPauseMonitor (JvmPauseMonitor.java:run(103)) - JvmPauseMonitor-9c1e2547-9c3d-4dba-a105-f0bac784045d: Started
2023-09-19 02:03:43,901 [main] INFO  http.BaseHttpServer (BaseHttpServer.java:newHttpServer2BuilderForOzone(223)) - Starting Web-server for scm at: http://0.0.0.0:15003
2023-09-19 02:03:43,902 [main] INFO  http.BaseHttpServer (BaseHttpServer.java:<init>(110)) - Hadoop Security Enabled: false Ozone Security Enabled: false Ozone HTTP Security Enabled: false 
2023-09-19 02:03:43,927 [main] INFO  util.log (Log.java:initialized(170)) - Logging initialized @4634ms to org.eclipse.jetty.util.log.Slf4jLog
2023-09-19 02:03:44,019 [main] WARN  server.AuthenticationFilter (AuthenticationFilter.java:constructSecretProvider(240)) - Unable to initialize FileSignerSecretProvider, falling back to use random secrets. Reason: Could not read signature secret file: /home/runner/hadoop-http-auth-signature-secret
2023-09-19 02:03:44,025 [main] INFO  http.HttpRequestLog (HttpRequestLog.java:getRequestLog(86)) - Http request log for http.requests.scm is not defined
2023-09-19 02:03:44,031 [main] INFO  http.HttpServer2 (HttpServer2.java:addGlobalFilter(1031)) - Added global filter 'safety' (class=org.apache.hadoop.hdds.server.http.HttpServer2$QuotingInputFilter)
2023-09-19 02:03:44,033 [main] INFO  http.HttpServer2 (HttpServer2.java:addFilter(1007)) - Added filter static_user_filter (class=org.apache.hadoop.http.lib.StaticUserWebFilter$StaticUserFilter) to context scm
2023-09-19 02:03:44,034 [main] INFO  http.HttpServer2 (HttpServer2.java:addFilter(1015)) - Added filter static_user_filter (class=org.apache.hadoop.http.lib.StaticUserWebFilter$StaticUserFilter) to context static
2023-09-19 02:03:44,034 [main] INFO  http.HttpServer2 (HttpServer2.java:addFilter(1015)) - Added filter static_user_filter (class=org.apache.hadoop.http.lib.StaticUserWebFilter$StaticUserFilter) to context logs
2023-09-19 02:03:44,069 [main] INFO  http.BaseHttpServer (BaseHttpServer.java:<init>(189)) - HTTP server of scm uses base directory /home/runner/work/ozone/ozone/hadoop-ozone/integration-test/target/test-dir/MiniOzoneClusterImpl-9bcb963b-3a30-483e-aad5-953c8710d6fd/ozone-meta/webserver
2023-09-19 02:03:44,070 [main] INFO  http.HttpServer2 (HttpServer2.java:bindListener(1231)) - Jetty bound to port 15003
2023-09-19 02:03:44,072 [main] INFO  server.Server (Server.java:doStart(375)) - jetty-9.4.52.v20230823; built: 2023-08-23T19:29:37.669Z; git: abdcda73818a1a2c705da276edb0bf6581e7997e; jvm 1.8.0_382-b05
2023-09-19 02:03:44,109 [main] INFO  server.session (DefaultSessionIdManager.java:doStart(334)) - DefaultSessionIdManager workerName=node0
2023-09-19 02:03:44,109 [main] INFO  server.session (DefaultSessionIdManager.java:doStart(339)) - No SessionScavenger set, using defaults
2023-09-19 02:03:44,113 [main] INFO  server.session (HouseKeeper.java:startScavenging(132)) - node0 Scavenging every 660000ms
2023-09-19 02:03:44,126 [main] INFO  handler.ContextHandler (ContextHandler.java:doStart(921)) - Started o.e.j.s.ServletContextHandler@21632bf8{logs,/logs,file:///home/runner/work/ozone/ozone/hadoop-ozone/integration-test/target/log,AVAILABLE}
2023-09-19 02:03:44,126 [main] INFO  handler.ContextHandler (ContextHandler.java:doStart(921)) - Started o.e.j.s.ServletContextHandler@a23b96b{static,/static,file:///home/runner/work/ozone/ozone/hadoop-ozone/integration-test/target/test-classes/webapps/static,AVAILABLE}
2023-09-19 02:03:44,166 [main] INFO  handler.ContextHandler (ContextHandler.java:doStart(921)) - Started o.e.j.w.WebAppContext@2b14628b{scm,/,file:///home/runner/work/ozone/ozone/hadoop-ozone/integration-test/target/test-classes/webapps/scm/,AVAILABLE}{file:/home/runner/work/ozone/ozone/hadoop-ozone/integration-test/target/test-classes/webapps/scm}
2023-09-19 02:03:44,175 [main] INFO  server.AbstractConnector (AbstractConnector.java:doStart(333)) - Started ServerConnector@3fc064cb{HTTP/1.1, (http/1.1)}{0.0.0.0:15003}
2023-09-19 02:03:44,176 [main] INFO  server.Server (Server.java:doStart(415)) - Started @4883ms
2023-09-19 02:03:44,178 [main] INFO  impl.MetricsSinkAdapter (MetricsSinkAdapter.java:start(204)) - Sink prometheus started
2023-09-19 02:03:44,178 [main] INFO  impl.MetricsSystemImpl (MetricsSystemImpl.java:registerSink(305)) - Registered sink prometheus
2023-09-19 02:03:44,180 [main] INFO  http.BaseHttpServer (BaseHttpServer.java:updateConnectorAddress(354)) - HTTP server of scm listening at http://0.0.0.0:15003
2023-09-19 02:03:44,183 [main] WARN  server.ServerUtils (ServerUtils.java:getDBPath(311)) - ozone.om.db.dirs is not configured. We recommend adding this setting. Falling back to ozone.metadata.dirs instead.
2023-09-19 02:03:44,244 [main] INFO  audit.AuditLogger (AuditLogger.java:refreshDebugCmdSet(126)) - Refresh DebugCmdSet for OMAudit to [].
2023-09-19 02:03:44,329 [main] INFO  ha.OMHANodeDetails (OMHANodeDetails.java:loadOMHAConfig(115)) - ozone.om.internal.service.id is not defined, falling back to ozone.om.service.ids to find serviceID for OzoneManager if it is HA enabled cluster
2023-09-19 02:03:44,332 [main] INFO  ha.OMHANodeDetails (OMHANodeDetails.java:loadOMHAConfig(226)) - Configuration does not have ozone.om.address set. Falling back to the default OM address /127.0.0.1:15004
2023-09-19 02:03:44,332 [main] INFO  ha.OMHANodeDetails (OMHANodeDetails.java:getOMNodeDetailsForNonHA(254)) - OM Service ID is not set. Setting it to the default ID: omServiceIdDefault
2023-09-19 02:03:44,332 [main] INFO  ha.OMHANodeDetails (OMHANodeDetails.java:getOMNodeDetailsForNonHA(261)) - OM Node ID is not set. Setting it to the default ID: om1
2023-09-19 02:03:44,337 [main] WARN  server.ServerUtils (ServerUtils.java:getDBPath(311)) - ozone.om.db.dirs is not configured. We recommend adding this setting. Falling back to ozone.metadata.dirs instead.
2023-09-19 02:03:44,341 [main] INFO  upgrade.AbstractLayoutVersionManager (AbstractLayoutVersionManager.java:init(83)) - Initializing Layout version manager with metadata layout = QUOTA (version = 6), software layout = QUOTA (version = 6)
2023-09-19 02:03:44,442 [main] INFO  reflections.Reflections (Reflections.java:scan(232)) - Reflections took 98 ms to scan 2 urls, producing 187 keys and 515 values [using 2 cores]
2023-09-19 02:03:44,450 [main] INFO  upgrade.OMLayoutVersionManager (OMLayoutVersionManager.java:lambda$0(115)) - Skipping Upgrade Action MockOmUpgradeAction since it has been finalized.
2023-09-19 02:03:44,451 [main] INFO  upgrade.OMLayoutVersionManager (OMLayoutVersionManager.java:lambda$0(115)) - Skipping Upgrade Action QuotaRepairUpgradeAction since it has been finalized.
2023-09-19 02:03:44,455 [main] WARN  server.ServerUtils (ServerUtils.java:getDBPath(311)) - ozone.om.db.dirs is not configured. We recommend adding this setting. Falling back to ozone.metadata.dirs instead.
2023-09-19 02:03:44,646 [main] INFO  proxy.SCMBlockLocationFailoverProxyProvider (SCMBlockLocationFailoverProxyProvider.java:<init>(114)) - Created block location fail-over proxy with 1 nodes: [nodeId=scmNodeId,nodeAddress=/0.0.0.0:15001]
2023-09-19 02:03:44,679 [main] INFO  proxy.SCMBlockLocationFailoverProxyProvider (SCMBlockLocationFailoverProxyProvider.java:<init>(114)) - Created block location fail-over proxy with 1 nodes: [nodeId=scmNodeId,nodeAddress=/0.0.0.0:15001]
2023-09-19 02:03:44,921 [main] INFO  om.OzoneManager (OzoneManager.java:<init>(665)) - OM start with adminUsers: [runner]
2023-09-19 02:03:44,939 [main] WARN  server.ServerUtils (ServerUtils.java:getDBPath(311)) - ozone.om.db.dirs is not configured. We recommend adding this setting. Falling back to ozone.metadata.dirs instead.
2023-09-19 02:03:44,968 [main] INFO  helpers.OmKeyInfo (OmKeyInfo.java:getCodec(71)) - OmKeyInfo.getCodec ignorePipeline = true
2023-09-19 02:03:45,305 [main] INFO  om.OzoneManager (OzoneManager.java:instantiateServices(794)) - S3 Multi-Tenancy is disabled
2023-09-19 02:03:45,340 [main] INFO  om.OmSnapshotManager (OmSnapshotManager.java:<init>(174)) - Ozone filesystem snapshot feature is enabled.
2023-09-19 02:03:45,348 [main] WARN  server.ServerUtils (ServerUtils.java:getDBPath(311)) - ozone.om.snapshot.diff.db.dir is not configured. We recommend adding this setting. Falling back to ozone.metadata.dirs instead.
2023-09-19 02:03:45,398 [main] INFO  utils.NativeLibraryLoader (NativeLibraryLoader.java:loadLibrary(108)) - Loading Library: ozone_rocksdb_tools
2023-09-19 02:03:45,400 [main] INFO  snapshot.SnapshotDiffManager (SnapshotDiffManager.java:closeExecutorService(1718)) - Shutting down executorService: 'SstDumpToolExecutor'
2023-09-19 02:03:45,479 [main] INFO  om.OzoneManager (OzoneManager.java:addS3GVolumeToDB(4305)) - Created Volume s3v With Owner runner required for S3Gateway operations.
2023-09-19 02:03:45,544 [main] WARN  server.ServerUtils (ServerUtils.java:getDefaultRatisDirectory(323)) - Storage directory for Ratis is not configured. It is a good idea to map this to an SSD disk. Falling back to ozone.metadata.dirs
2023-09-19 02:03:45,545 [main] WARN  utils.OzoneManagerRatisUtils (OzoneManagerRatisUtils.java:getOMRatisSnapshotDirectory(464)) - ozone.om.ratis.snapshot.dir is not configured. Falling back to ozone.metadata.dirs config
2023-09-19 02:03:45,561 [main] WARN  server.ServerUtils (ServerUtils.java:getDefaultRatisDirectory(323)) - Storage directory for Ratis is not configured. It is a good idea to map this to an SSD disk. Falling back to ozone.metadata.dirs
2023-09-19 02:03:45,601 [main] INFO  ratis.OzoneManagerRatisServer (OzoneManagerRatisServer.java:<init>(163)) - Instantiating OM Ratis server with groupID: omServiceIdDefault and peers: localhost:15007
2023-09-19 02:03:45,610 [main] INFO  ratis.OzoneManagerStateMachine (OzoneManagerStateMachine.java:loadSnapshotInfoFromDB(687)) - LastAppliedIndex is set from TransactionInfo from OM DB as (t:0, i:~)
2023-09-19 02:03:45,669 [main] INFO  server.RaftServer (ConfUtils.java:logGet(46)) - raft.rpc.type = GRPC (default)
2023-09-19 02:03:45,679 [main] INFO  grpc.GrpcConfigKeys (ConfUtils.java:logFallback(53)) - raft.grpc.admin.host = null (fallback to raft.grpc.server.host)
2023-09-19 02:03:45,680 [main] INFO  grpc.GrpcConfigKeys (ConfUtils.java:logFallback(53)) - raft.grpc.admin.port = 15007 (fallback to raft.grpc.server.port)
2023-09-19 02:03:45,681 [main] INFO  grpc.GrpcConfigKeys (ConfUtils.java:logFallback(53)) - raft.grpc.client.host = null (fallback to raft.grpc.server.host)
2023-09-19 02:03:45,681 [main] INFO  grpc.GrpcConfigKeys (ConfUtils.java:logFallback(53)) - raft.grpc.client.port = 15007 (fallback to raft.grpc.server.port)
2023-09-19 02:03:45,681 [main] INFO  grpc.GrpcConfigKeys (ConfUtils.java:logGet(46)) - raft.grpc.server.host = null (default)
2023-09-19 02:03:45,681 [main] INFO  grpc.GrpcConfigKeys (ConfUtils.java:logGet(46)) - raft.grpc.server.port = 15007 (custom)
2023-09-19 02:03:45,682 [main] INFO  server.GrpcService (ConfUtils.java:logGet(46)) - raft.grpc.message.size.max = 33554432 (custom)
2023-09-19 02:03:45,683 [main] INFO  server.RaftServerConfigKeys (ConfUtils.java:logGet(46)) - raft.server.log.appender.buffer.byte-limit = 33554432 (custom)
2023-09-19 02:03:45,684 [main] INFO  server.GrpcService (ConfUtils.java:logGet(46)) - raft.grpc.flow.control.window = 1MB (=1048576) (default)
2023-09-19 02:03:45,684 [main] INFO  server.RaftServerConfigKeys (ConfUtils.java:logGet(46)) - raft.server.rpc.request.timeout = 3000ms (default)
2023-09-19 02:03:45,696 [main] INFO  grpc.GrpcConfigKeys (ConfUtils.java:logGet(46)) - raft.grpc.server.heartbeat.channel = true (default)
2023-09-19 02:03:45,700 [main] INFO  grpc.GrpcConfigKeys (ConfUtils.java:logGet(46)) - raft.grpc.server.async.request.thread.pool.cached = true (default)
2023-09-19 02:03:45,700 [main] INFO  grpc.GrpcConfigKeys (ConfUtils.java:logGet(46)) - raft.grpc.server.async.request.thread.pool.size = 32 (default)
2023-09-19 02:03:45,944 [main] INFO  impl.DataStreamServerImpl (ConfUtils.java:logGet(46)) - raft.datastream.type = DISABLED (default)
2023-09-19 02:03:45,947 [main] INFO  server.RaftServerConfigKeys (ConfUtils.java:logGet(46)) - raft.server.threadpool.proxy.cached = true (default)
2023-09-19 02:03:45,948 [main] INFO  server.RaftServerConfigKeys (ConfUtils.java:logGet(46)) - raft.server.threadpool.proxy.size = 0 (default)
2023-09-19 02:03:45,949 [main] INFO  server.RaftServerConfigKeys (ConfUtils.java:logGet(46)) - raft.server.rpc.slowness.timeout = 120s (custom)
2023-09-19 02:03:45,949 [main] INFO  server.RaftServerConfigKeys (ConfUtils.java:logGet(46)) - raft.server.leaderelection.leader.step-down.wait-time = 10s (default)
2023-09-19 02:03:45,950 [main] INFO  server.RaftServerConfigKeys (ConfUtils.java:logGet(46)) - raft.server.storage.dir = [/home/runner/work/ozone/ozone/hadoop-ozone/integration-test/target/test-dir/MiniOzoneClusterImpl-9bcb963b-3a30-483e-aad5-953c8710d6fd/ozone-meta/ratis] (custom)
2023-09-19 02:03:45,963 [main] INFO  server.RaftServer (RaftServerProxy.java:addNew(98)) - om1: addNew group-C5BA1605619E:[om1|rpc:localhost:15007|priority:0|startupRole:FOLLOWER] returns group-C5BA1605619E:java.util.concurrent.CompletableFuture@5e428dde[Not completed]
2023-09-19 02:03:45,963 [main] INFO  om.OzoneManager (OzoneManager.java:initializeRatisServer(2148)) - OzoneManager Ratis server initialized at port 15007
2023-09-19 02:03:45,968 [main] INFO  om.OzoneManager (OzoneManager.java:getRpcServer(1196)) - Creating RPC Server
2023-09-19 02:03:46,130 [om1-groupManagement] INFO  server.RaftServer$Division (RaftServerImpl.java:<init>(198)) - om1: new RaftServerImpl for group-C5BA1605619E:[om1|rpc:localhost:15007|priority:0|startupRole:FOLLOWER] with OzoneManagerStateMachine:uninitialized
2023-09-19 02:03:46,131 [om1-groupManagement] INFO  server.RaftServerConfigKeys (ConfUtils.java:logGet(46)) - raft.server.rpc.timeout.min = 1s (custom)
2023-09-19 02:03:46,151 [om1-groupManagement] INFO  server.RaftServerConfigKeys (ConfUtils.java:logGet(46)) - raft.server.rpc.timeout.max = 1200ms (custom)
2023-09-19 02:03:46,151 [om1-groupManagement] INFO  server.RaftServerConfigKeys (ConfUtils.java:logGet(46)) - raft.server.rpc.sleep.time = 25ms (default)
2023-09-19 02:03:46,151 [om1-groupManagement] INFO  server.RaftServerConfigKeys (ConfUtils.java:logGet(46)) - raft.server.rpc.slowness.timeout = 120s (custom)
2023-09-19 02:03:46,152 [om1-groupManagement] INFO  server.RaftServerConfigKeys (ConfUtils.java:logGet(46)) - raft.server.leaderelection.leader.step-down.wait-time = 10s (default)
2023-09-19 02:03:46,152 [om1-groupManagement] INFO  server.RaftServerConfigKeys (ConfUtils.java:logGet(46)) - raft.server.sleep.deviation.threshold = 300ms (default)
2023-09-19 02:03:46,167 [om1-groupManagement] INFO  server.RaftServer$Division (ServerState.java:<init>(120)) - om1@group-C5BA1605619E: ConfigurationManager, init=-1: peers:[om1|rpc:localhost:15007|priority:0|startupRole:FOLLOWER]|listeners:[], old=null, confs=<EMPTY_MAP>
2023-09-19 02:03:46,168 [om1-groupManagement] INFO  server.RaftServerConfigKeys (ConfUtils.java:logGet(46)) - raft.server.storage.dir = [/home/runner/work/ozone/ozone/hadoop-ozone/integration-test/target/test-dir/MiniOzoneClusterImpl-9bcb963b-3a30-483e-aad5-953c8710d6fd/ozone-meta/ratis] (custom)
2023-09-19 02:03:46,178 [om1-groupManagement] INFO  server.RaftServerConfigKeys (ConfUtils.java:logGet(46)) - raft.server.log.corruption.policy = EXCEPTION (default)
2023-09-19 02:03:46,179 [om1-groupManagement] INFO  server.RaftServerConfigKeys (ConfUtils.java:logGet(46)) - raft.server.storage.free-space.min = 0MB (=0) (default)
2023-09-19 02:03:46,211 [om1-groupManagement] INFO  server.RaftServerConfigKeys (ConfUtils.java:logGet(46)) - raft.server.notification.no-leader.timeout = 120s (custom)
2023-09-19 02:03:46,238 [om1-groupManagement] INFO  server.RaftServerConfigKeys (ConfUtils.java:logGet(46)) - raft.server.read.timeout = 10s (default)
2023-09-19 02:03:46,246 [om1-groupManagement] INFO  server.RaftServerConfigKeys (ConfUtils.java:logGet(46)) - raft.server.retrycache.expirytime = 300s (custom)
2023-09-19 02:03:46,247 [om1-groupManagement] INFO  server.RaftServerConfigKeys (ConfUtils.java:logGet(46)) - raft.server.retrycache.statistics.expirytime = 100μs (default)
2023-09-19 02:03:46,294 [om1-groupManagement] INFO  server.RaftServerConfigKeys (ConfUtils.java:logGet(46)) - raft.server.read.option = DEFAULT (default)
2023-09-19 02:03:46,336 [om1-groupManagement] INFO  server.RaftServerConfigKeys (ConfUtils.java:logGet(46)) - raft.server.rpc.request.timeout = 3000ms (default)
2023-09-19 02:03:46,343 [om1-groupManagement] INFO  server.RaftServerConfigKeys (ConfUtils.java:logGet(46)) - raft.server.log.appender.install.snapshot.enabled = false (custom)
2023-09-19 02:03:46,343 [om1-groupManagement] INFO  server.RaftServerConfigKeys (ConfUtils.java:logGet(46)) - raft.server.threadpool.server.cached = true (default)
2023-09-19 02:03:46,345 [om1-groupManagement] INFO  server.RaftServerConfigKeys (ConfUtils.java:logGet(46)) - raft.server.threadpool.server.size = 0 (default)
2023-09-19 02:03:46,345 [om1-groupManagement] INFO  server.RaftServerConfigKeys (ConfUtils.java:logGet(46)) - raft.server.threadpool.client.cached = true (default)
2023-09-19 02:03:46,345 [om1-groupManagement] INFO  server.RaftServerConfigKeys (ConfUtils.java:logGet(46)) - raft.server.threadpool.client.size = 0 (default)
2023-09-19 02:03:46,992 [main] INFO  reflections.Reflections (Reflections.java:scan(232)) - Reflections took 812 ms to scan 20 urls, producing 70 keys and 6004 values [using 2 cores]
2023-09-19 02:03:47,191 [main] INFO  ipc.CallQueueManager (CallQueueManager.java:<init>(90)) - Using callQueue: class java.util.concurrent.LinkedBlockingQueue, queueCapacity: 2000, scheduler: class org.apache.hadoop.ipc.DefaultRpcScheduler, ipcBackoff: false.
2023-09-19 02:03:47,192 [main] INFO  ipc.Server (Server.java:<init>(1287)) - Listener at 127.0.0.1:15004
2023-09-19 02:03:47,193 [Socket Reader #1 for port 15004] INFO  ipc.Server (Server.java:run(1323)) - Starting Socket Reader #1 for port 15004
2023-09-19 02:03:47,232 [main] INFO  impl.MetricsSystemImpl (MetricsSystemImpl.java:init(158)) - OzoneManager metrics system started (again)
2023-09-19 02:03:47,247 [main] INFO  om.OzoneManager (OzoneManager.java:start(1633)) - OzoneManager RPC server is listening at localhost/127.0.0.1:15004
2023-09-19 02:03:47,247 [main] INFO  ratis.OzoneManagerRatisServer (OzoneManagerRatisServer.java:start(558)) - Starting OzoneManagerRatisServer om1 at port 15007
2023-09-19 02:03:47,250 [om1-impl-thread1] INFO  storage.RaftStorageDirectory (RaftStorageDirectoryImpl.java:analyzeStorage(137)) - The storage directory /home/runner/work/ozone/ozone/hadoop-ozone/integration-test/target/test-dir/MiniOzoneClusterImpl-9bcb963b-3a30-483e-aad5-953c8710d6fd/ozone-meta/ratis/bf265839-605b-3f16-9796-c5ba1605619e does not exist. Creating ...
2023-09-19 02:03:47,254 [om1-impl-thread1] INFO  storage.RaftStorageDirectory (RaftStorageDirectoryImpl.java:tryLock(231)) - Lock on /home/runner/work/ozone/ozone/hadoop-ozone/integration-test/target/test-dir/MiniOzoneClusterImpl-9bcb963b-3a30-483e-aad5-953c8710d6fd/ozone-meta/ratis/bf265839-605b-3f16-9796-c5ba1605619e/in_use.lock acquired by nodename 7315@fv-az1031-92
2023-09-19 02:03:47,259 [om1-impl-thread1] INFO  storage.RaftStorage (RaftStorageImpl.java:format(96)) - Storage directory /home/runner/work/ozone/ozone/hadoop-ozone/integration-test/target/test-dir/MiniOzoneClusterImpl-9bcb963b-3a30-483e-aad5-953c8710d6fd/ozone-meta/ratis/bf265839-605b-3f16-9796-c5ba1605619e has been successfully formatted.
2023-09-19 02:03:47,262 [om1-impl-thread1] INFO  server.RaftServerConfigKeys (ConfUtils.java:logGet(46)) - raft.server.log.use.memory = false (default)
2023-09-19 02:03:47,269 [om1-impl-thread1] INFO  server.RaftServerConfigKeys (ConfUtils.java:logGet(46)) - raft.server.log.purge.gap = 1000000 (custom)
2023-09-19 02:03:47,269 [om1-impl-thread1] INFO  server.RaftServerConfigKeys (ConfUtils.java:logGet(46)) - raft.server.log.appender.buffer.byte-limit = 33554432 (custom)
2023-09-19 02:03:47,270 [om1-impl-thread1] INFO  server.RaftServerConfigKeys (ConfUtils.java:logGet(46)) - raft.server.log.statemachine.data.read.timeout = 1000ms (default)
2023-09-19 02:03:47,271 [om1-impl-thread1] INFO  server.RaftServerConfigKeys (ConfUtils.java:logGet(46)) - raft.server.log.purge.preservation.log.num = 0 (default)
2023-09-19 02:03:47,273 [om1-impl-thread1] INFO  server.RaftServerConfigKeys (ConfUtils.java:logGet(46)) - raft.server.log.segment.size.max = 4194304 (custom)
2023-09-19 02:03:47,278 [om1-impl-thread1] INFO  server.RaftServerConfigKeys (ConfUtils.java:logGet(46)) - raft.server.log.segment.cache.num.max = 2 (custom)
2023-09-19 02:03:47,279 [om1-impl-thread1] INFO  server.RaftServerConfigKeys (ConfUtils.java:logGet(46)) - raft.server.log.segment.cache.size.max = 200MB (=209715200) (default)
2023-09-19 02:03:47,279 [om1-impl-thread1] INFO  server.RaftServerConfigKeys (ConfUtils.java:logGet(46)) - raft.server.log.appender.buffer.byte-limit = 33554432 (custom)
2023-09-19 02:03:47,284 [om1-impl-thread1] INFO  segmented.SegmentedRaftLogWorker (SegmentedRaftLogWorker.java:<init>(188)) - new om1@group-C5BA1605619E-SegmentedRaftLogWorker for RaftStorageImpl:Storage Directory /home/runner/work/ozone/ozone/hadoop-ozone/integration-test/target/test-dir/MiniOzoneClusterImpl-9bcb963b-3a30-483e-aad5-953c8710d6fd/ozone-meta/ratis/bf265839-605b-3f16-9796-c5ba1605619e
2023-09-19 02:03:47,285 [om1-impl-thread1] INFO  server.RaftServerConfigKeys (ConfUtils.java:logGet(46)) - raft.server.log.queue.byte-limit = 64MB (=67108864) (default)
2023-09-19 02:03:47,285 [om1-impl-thread1] INFO  server.RaftServerConfigKeys (ConfUtils.java:logGet(46)) - raft.server.log.queue.element-limit = 4096 (default)
2023-09-19 02:03:47,286 [om1-impl-thread1] INFO  server.RaftServerConfigKeys (ConfUtils.java:logGet(46)) - raft.server.log.segment.size.max = 4194304 (custom)
2023-09-19 02:03:47,286 [om1-impl-thread1] INFO  server.RaftServerConfigKeys (ConfUtils.java:logGet(46)) - raft.server.log.preallocated.size = 4194304 (custom)
2023-09-19 02:03:47,287 [om1-impl-thread1] INFO  server.RaftServerConfigKeys (ConfUtils.java:logGet(46)) - raft.server.log.force.sync.num = 128 (default)
2023-09-19 02:03:47,287 [om1-impl-thread1] INFO  server.RaftServerConfigKeys (ConfUtils.java:logGet(46)) - raft.server.log.statemachine.data.sync = true (default)
2023-09-19 02:03:47,288 [om1-impl-thread1] INFO  server.RaftServerConfigKeys (ConfUtils.java:logGet(46)) - raft.server.log.statemachine.data.sync.timeout = 10s (default)
2023-09-19 02:03:47,288 [om1-impl-thread1] INFO  server.RaftServerConfigKeys (ConfUtils.java:logGet(46)) - raft.server.log.statemachine.data.sync.timeout.retry = -1 (default)
2023-09-19 02:03:47,297 [om1-impl-thread1] INFO  server.RaftServerConfigKeys (ConfUtils.java:logGet(46)) - raft.server.log.write.buffer.size = 64KB (=65536) (default)
2023-09-19 02:03:47,297 [om1-impl-thread1] INFO  server.RaftServerConfigKeys (ConfUtils.java:logGet(46)) - raft.server.log.appender.buffer.byte-limit = 33554432 (custom)
2023-09-19 02:03:47,307 [om1-impl-thread1] INFO  server.RaftServerConfigKeys (ConfUtils.java:logGet(46)) - raft.server.log.unsafe-flush.enabled = false (default)
2023-09-19 02:03:47,308 [om1-impl-thread1] INFO  server.RaftServerConfigKeys (ConfUtils.java:logGet(46)) - raft.server.log.async-flush.enabled = false (default)
2023-09-19 02:03:47,308 [om1-impl-thread1] INFO  server.RaftServerConfigKeys (ConfUtils.java:logGet(46)) - raft.server.log.statemachine.data.caching.enabled = false (default)
2023-09-19 02:03:47,313 [om1-impl-thread1] INFO  segmented.SegmentedRaftLogWorker (SegmentedRaftLogWorker.java:lambda$new$0(135)) - om1@group-C5BA1605619E-SegmentedRaftLogWorker: flushIndex: setUnconditionally 0 -> -1
2023-09-19 02:03:47,313 [om1-impl-thread1] INFO  segmented.SegmentedRaftLogWorker (SegmentedRaftLogWorker.java:lambda$new$0(135)) - om1@group-C5BA1605619E-SegmentedRaftLogWorker: safeCacheEvictIndex: setUnconditionally 0 -> -1
2023-09-19 02:03:47,315 [om1-impl-thread1] INFO  server.RaftServer$Division (RaftServerImpl.java:start(342)) - om1@group-C5BA1605619E: start as a follower, conf=-1: peers:[om1|rpc:localhost:15007|priority:0|startupRole:FOLLOWER]|listeners:[], old=null
2023-09-19 02:03:47,315 [om1-impl-thread1] INFO  server.RaftServer$Division (RaftServerImpl.java:setRole(329)) - om1@group-C5BA1605619E: changes role from      null to FOLLOWER at term 0 for startAsFollower
2023-09-19 02:03:47,317 [om1-impl-thread1] INFO  impl.RoleInfo (RoleInfo.java:updateAndGet(139)) - om1: start om1@group-C5BA1605619E-FollowerState
2023-09-19 02:03:47,319 [om1-impl-thread1] INFO  util.JmxRegister (JmxRegister.java:tryRegister(44)) - Successfully registered JMX Bean with object name Ratis:service=RaftServer,group=group-C5BA1605619E,id=om1
2023-09-19 02:03:47,321 [om1-impl-thread1] INFO  server.RaftServerConfigKeys (ConfUtils.java:logGet(46)) - raft.server.snapshot.auto.trigger.enabled = true (custom)
2023-09-19 02:03:47,321 [om1-impl-thread1] INFO  server.RaftServerConfigKeys (ConfUtils.java:logGet(46)) - raft.server.snapshot.auto.trigger.threshold = 400000 (default)
2023-09-19 02:03:47,322 [om1-impl-thread1] INFO  server.RaftServerConfigKeys (ConfUtils.java:logGet(46)) - raft.server.snapshot.retention.file.num = -1 (default)
2023-09-19 02:03:47,322 [om1-impl-thread1] INFO  server.RaftServerConfigKeys (ConfUtils.java:logGet(46)) - raft.server.log.purge.upto.snapshot.index = true (custom)
2023-09-19 02:03:47,325 [om1@group-C5BA1605619E-FollowerState] INFO  server.RaftServerConfigKeys (ConfUtils.java:logFallback(53)) - raft.server.rpc.first-election.timeout.min = 1s (fallback to raft.server.rpc.timeout.min)
2023-09-19 02:03:47,326 [om1@group-C5BA1605619E-FollowerState] INFO  server.RaftServerConfigKeys (ConfUtils.java:logFallback(53)) - raft.server.rpc.first-election.timeout.max = 1200ms (fallback to raft.server.rpc.timeout.max)
2023-09-19 02:03:47,326 [main] INFO  server.RaftServer (RaftServerProxy.java:startImpl(400)) - om1: start RPC server
2023-09-19 02:03:47,373 [main] INFO  server.GrpcService (GrpcService.java:startImpl(302)) - om1: GrpcService started, listening on 15007
2023-09-19 02:03:47,379 [main] INFO  om.OzoneManager (OzoneManager.java:start(1649)) - Version File has different layout version (6) than OM DB (null). That is expected if this OM has never been finalized to a newer layout version.
2023-09-19 02:03:47,386 [JvmPauseMonitor1] INFO  util.JvmPauseMonitor (JvmPauseMonitor.java:run(103)) - JvmPauseMonitor-om1: Started
2023-09-19 02:03:47,416 [main] INFO  http.BaseHttpServer (BaseHttpServer.java:newHttpServer2BuilderForOzone(223)) - Starting Web-server for ozoneManager at: http://0.0.0.0:15005
2023-09-19 02:03:47,416 [main] INFO  http.BaseHttpServer (BaseHttpServer.java:<init>(110)) - Hadoop Security Enabled: false Ozone Security Enabled: false Ozone HTTP Security Enabled: false 
2023-09-19 02:03:47,419 [main] WARN  server.AuthenticationFilter (AuthenticationFilter.java:constructSecretProvider(240)) - Unable to initialize FileSignerSecretProvider, falling back to use random secrets. Reason: Could not read signature secret file: /home/runner/hadoop-http-auth-signature-secret
2023-09-19 02:03:47,425 [main] INFO  http.HttpRequestLog (HttpRequestLog.java:getRequestLog(86)) - Http request log for http.requests.ozoneManager is not defined
2023-09-19 02:03:47,427 [main] INFO  http.HttpServer2 (HttpServer2.java:addGlobalFilter(1031)) - Added global filter 'safety' (class=org.apache.hadoop.hdds.server.http.HttpServer2$QuotingInputFilter)
2023-09-19 02:03:47,428 [main] INFO  http.HttpServer2 (HttpServer2.java:addFilter(1007)) - Added filter static_user_filter (class=org.apache.hadoop.http.lib.StaticUserWebFilter$StaticUserFilter) to context ozoneManager
2023-09-19 02:03:47,428 [main] INFO  http.HttpServer2 (HttpServer2.java:addFilter(1015)) - Added filter static_user_filter (class=org.apache.hadoop.http.lib.StaticUserWebFilter$StaticUserFilter) to context static
2023-09-19 02:03:47,429 [main] INFO  http.HttpServer2 (HttpServer2.java:addFilter(1015)) - Added filter static_user_filter (class=org.apache.hadoop.http.lib.StaticUserWebFilter$StaticUserFilter) to context logs
2023-09-19 02:03:47,430 [main] INFO  http.BaseHttpServer (BaseHttpServer.java:<init>(189)) - HTTP server of ozoneManager uses base directory /home/runner/work/ozone/ozone/hadoop-ozone/integration-test/target/test-dir/MiniOzoneClusterImpl-9bcb963b-3a30-483e-aad5-953c8710d6fd/ozone-meta/webserver
2023-09-19 02:03:47,435 [main] INFO  http.HttpServer2 (HttpServer2.java:bindListener(1231)) - Jetty bound to port 15005
2023-09-19 02:03:47,435 [main] INFO  server.Server (Server.java:doStart(375)) - jetty-9.4.52.v20230823; built: 2023-08-23T19:29:37.669Z; git: abdcda73818a1a2c705da276edb0bf6581e7997e; jvm 1.8.0_382-b05
2023-09-19 02:03:47,442 [main] INFO  server.session (DefaultSessionIdManager.java:doStart(334)) - DefaultSessionIdManager workerName=node0
2023-09-19 02:03:47,442 [main] INFO  server.session (DefaultSessionIdManager.java:doStart(339)) - No SessionScavenger set, using defaults
2023-09-19 02:03:47,442 [main] INFO  server.session (HouseKeeper.java:startScavenging(132)) - node0 Scavenging every 660000ms
2023-09-19 02:03:47,443 [main] INFO  handler.ContextHandler (ContextHandler.java:doStart(921)) - Started o.e.j.s.ServletContextHandler@3dcc6e62{logs,/logs,file:///home/runner/work/ozone/ozone/hadoop-ozone/integration-test/target/log,AVAILABLE}
2023-09-19 02:03:47,444 [main] INFO  handler.ContextHandler (ContextHandler.java:doStart(921)) - Started o.e.j.s.ServletContextHandler@134eb263{static,/static,file:///home/runner/work/ozone/ozone/hadoop-ozone/integration-test/target/test-classes/webapps/static,AVAILABLE}
2023-09-19 02:03:47,449 [main] INFO  handler.ContextHandler (ContextHandler.java:doStart(921)) - Started o.e.j.w.WebAppContext@95ad3af{ozoneManager,/,file:///home/runner/work/ozone/ozone/hadoop-ozone/integration-test/target/test-classes/webapps/ozoneManager/,AVAILABLE}{file:/home/runner/work/ozone/ozone/hadoop-ozone/integration-test/target/test-classes/webapps/ozoneManager}
2023-09-19 02:03:47,455 [main] INFO  server.AbstractConnector (AbstractConnector.java:doStart(333)) - Started ServerConnector@32ceaba7{HTTP/1.1, (http/1.1)}{0.0.0.0:15005}
2023-09-19 02:03:47,455 [main] INFO  server.Server (Server.java:doStart(415)) - Started @8162ms
2023-09-19 02:03:47,455 [main] WARN  impl.MetricsSystemImpl (MetricsSystemImpl.java:register(279)) - Sink prometheus already exists!
2023-09-19 02:03:47,456 [main] INFO  http.BaseHttpServer (BaseHttpServer.java:updateConnectorAddress(354)) - HTTP server of ozoneManager listening at http://0.0.0.0:15005
2023-09-19 02:03:47,458 [IPC Server Responder] INFO  ipc.Server (Server.java:run(1562)) - IPC Server Responder: starting
2023-09-19 02:03:47,462 [IPC Server listener on 15004] INFO  ipc.Server (Server.java:run(1402)) - IPC Server listener on 15004: starting
2023-09-19 02:03:47,533 [main] INFO  om.TrashPolicyOzone (TrashPolicyOzone.java:<init>(281)) - Ozone Manager trash configuration: Deletion interval = 0 minutes, Emptier interval = 0 minutes.
2023-09-19 02:03:47,694 [main] WARN  impl.MetricRegistriesImpl (MetricRegistriesImpl.java:addReporterRegistration(111)) - New reporters are added after registries were created. Some metrics will be missing from the reporter. Please add reporter before adding any new registry.
2023-09-19 02:03:47,697 [main] WARN  impl.MetricRegistriesImpl (MetricRegistriesImpl.java:addReporterRegistration(111)) - New reporters are added after registries were created. Some metrics will be missing from the reporter. Please add reporter before adding any new registry.
2023-09-19 02:03:47,698 [main] INFO  impl.MetricsSystemImpl (MetricsSystemImpl.java:init(158)) - HddsDatanode metrics system started (again)
2023-09-19 02:03:47,722 [main] INFO  ozone.HddsDatanodeService (HddsDatanodeService.java:start(237)) - HddsDatanodeService host:fv-az1031-92 ip:10.1.0.29
2023-09-19 02:03:47,757 [main] INFO  upgrade.AbstractLayoutVersionManager (AbstractLayoutVersionManager.java:init(83)) - Initializing Layout version manager with metadata layout = HADOOP_PRC_PORTS_IN_DATANODEDETAILS (version = 7), software layout = HADOOP_PRC_PORTS_IN_DATANODEDETAILS (version = 7)
2023-09-19 02:03:47,759 [main] INFO  statemachine.DatanodeStateMachine (DatanodeStateMachine.java:getEndPointTaskThreadPoolSize(284)) - Datanode State Machine Task Thread Pool size 2
2023-09-19 02:03:47,816 [main] INFO  volume.HddsVolume (HddsVolume.java:<init>(126)) - Creating HddsVolume: /home/runner/work/ozone/ozone/hadoop-ozone/integration-test/target/test-dir/MiniOzoneClusterImpl-9bcb963b-3a30-483e-aad5-953c8710d6fd/datanode-0/data-0/containers/hdds of storage type : DISK capacity : 9223372036854775807
2023-09-19 02:03:47,819 [main] INFO  volume.MutableVolumeSet (MutableVolumeSet.java:initializeVolumeSet(173)) - Added Volume : /home/runner/work/ozone/ozone/hadoop-ozone/integration-test/target/test-dir/MiniOzoneClusterImpl-9bcb963b-3a30-483e-aad5-953c8710d6fd/datanode-0/data-0/containers/hdds to VolumeSet
2023-09-19 02:03:47,823 [main] INFO  volume.MutableVolumeSet (MutableVolumeSet.java:initializeVolumeSet(173)) - Added Volume : /home/runner/work/ozone/ozone/hadoop-ozone/integration-test/target/test-dir/MiniOzoneClusterImpl-9bcb963b-3a30-483e-aad5-953c8710d6fd/datanode-0/data/ratis to VolumeSet
2023-09-19 02:03:47,837 [Thread-140] INFO  ozoneimpl.ContainerReader (ContainerReader.java:readVolume(177)) - Finish verifying containers on volume /home/runner/work/ozone/ozone/hadoop-ozone/integration-test/target/test-dir/MiniOzoneClusterImpl-9bcb963b-3a30-483e-aad5-953c8710d6fd/datanode-0/data-0/containers/hdds
2023-09-19 02:03:47,837 [main] INFO  ozoneimpl.OzoneContainer (OzoneContainer.java:buildContainerSet(314)) - Build ContainerSet costs 0s
2023-09-19 02:03:47,889 [main] INFO  audit.AuditLogger (AuditLogger.java:refreshDebugCmdSet(126)) - Refresh DebugCmdSet for DNAudit to [].
2023-09-19 02:03:47,917 [main] INFO  server.RaftServer (ConfUtils.java:logGet(46)) - raft.rpc.type = GRPC (default)
2023-09-19 02:03:47,918 [main] INFO  grpc.GrpcConfigKeys (ConfUtils.java:logFallback(53)) - raft.grpc.admin.host = null (fallback to raft.grpc.server.host)
2023-09-19 02:03:47,918 [main] INFO  grpc.GrpcConfigKeys (ConfUtils.java:logGet(46)) - raft.grpc.admin.port = 15013 (custom)
2023-09-19 02:03:47,918 [main] INFO  grpc.GrpcConfigKeys (ConfUtils.java:logFallback(53)) - raft.grpc.client.host = null (fallback to raft.grpc.server.host)
2023-09-19 02:03:47,918 [main] INFO  grpc.GrpcConfigKeys (ConfUtils.java:logGet(46)) - raft.grpc.client.port = 15012 (custom)
2023-09-19 02:03:47,918 [main] INFO  grpc.GrpcConfigKeys (ConfUtils.java:logGet(46)) - raft.grpc.server.host = null (default)
2023-09-19 02:03:47,919 [main] INFO  grpc.GrpcConfigKeys (ConfUtils.java:logGet(46)) - raft.grpc.server.port = 15014 (custom)
2023-09-19 02:03:47,919 [main] INFO  server.GrpcService (ConfUtils.java:logGet(46)) - raft.grpc.message.size.max = 32MB (=33554432) (custom)
2023-09-19 02:03:47,919 [main] INFO  server.RaftServerConfigKeys (ConfUtils.java:logGet(46)) - raft.server.log.appender.buffer.byte-limit = 33554432 (custom)
2023-09-19 02:03:47,919 [main] INFO  server.GrpcService (ConfUtils.java:logGet(46)) - raft.grpc.flow.control.window = 5MB (=5242880) (custom)
2023-09-19 02:03:47,919 [main] INFO  server.RaftServerConfigKeys (ConfUtils.java:logGet(46)) - raft.server.rpc.request.timeout = 60s (custom)
2023-09-19 02:03:47,919 [main] INFO  grpc.GrpcConfigKeys (ConfUtils.java:logGet(46)) - raft.grpc.server.heartbeat.channel = true (default)
2023-09-19 02:03:47,919 [main] INFO  grpc.GrpcConfigKeys (ConfUtils.java:logGet(46)) - raft.grpc.server.async.request.thread.pool.cached = true (default)
2023-09-19 02:03:47,920 [main] INFO  grpc.GrpcConfigKeys (ConfUtils.java:logGet(46)) - raft.grpc.server.async.request.thread.pool.size = 32 (default)
2023-09-19 02:03:47,922 [main] INFO  impl.DataStreamServerImpl (ConfUtils.java:logGet(46)) - raft.datastream.type = NETTY (custom)
2023-09-19 02:03:47,932 [main] INFO  server.RaftServerConfigKeys (ConfUtils.java:logGet(46)) - raft.server.data-stream.async.request.thread.pool.cached = false (default)
2023-09-19 02:03:47,933 [main] INFO  server.RaftServerConfigKeys (ConfUtils.java:logGet(46)) - raft.server.data-stream.async.request.thread.pool.size = 20 (custom)
2023-09-19 02:03:47,933 [main] INFO  server.RaftServerConfigKeys (ConfUtils.java:logGet(46)) - raft.server.data-stream.async.write.thread.pool.size = 16 (default)
2023-09-19 02:03:47,934 [main] INFO  server.RaftServerConfigKeys (ConfUtils.java:logGet(46)) - raft.server.data-stream.client.pool.size = 10 (default)
2023-09-19 02:03:47,937 [main] INFO  netty.NettyConfigKeys$DataStream (ConfUtils.java:logGet(46)) - raft.netty.dataStream.server.use-epoll = false (default)
2023-09-19 02:03:47,937 [main] INFO  netty.NettyConfigKeys$DataStream (ConfUtils.java:logGet(46)) - raft.netty.dataStream.server.boss-group.size = 0 (default)
2023-09-19 02:03:47,944 [main] INFO  netty.NettyConfigKeys$DataStream (ConfUtils.java:logGet(46)) - raft.netty.dataStream.server.worker-group.size = 0 (default)
2023-09-19 02:03:47,959 [main] INFO  netty.NettyConfigKeys$DataStream (ConfUtils.java:logGet(46)) - raft.netty.dataStream.server.tls.conf = null (default)
2023-09-19 02:03:47,961 [main] INFO  netty.NettyConfigKeys$DataStream (ConfUtils.java:logGet(46)) - raft.netty.dataStream.host = null (default)
2023-09-19 02:03:47,961 [main] INFO  netty.NettyConfigKeys$DataStream (ConfUtils.java:logGet(46)) - raft.netty.dataStream.port = 15015 (custom)
2023-09-19 02:03:47,970 [main] INFO  server.RaftServerConfigKeys (ConfUtils.java:logGet(46)) - raft.server.threadpool.proxy.cached = true (default)
2023-09-19 02:03:47,970 [main] INFO  server.RaftServerConfigKeys (ConfUtils.java:logGet(46)) - raft.server.threadpool.proxy.size = 0 (default)
2023-09-19 02:03:47,970 [main] INFO  server.RaftServerConfigKeys (ConfUtils.java:logGet(46)) - raft.server.rpc.slowness.timeout = 300s (custom)
2023-09-19 02:03:47,971 [main] INFO  server.RaftServerConfigKeys (ConfUtils.java:logGet(46)) - raft.server.leaderelection.leader.step-down.wait-time = 10s (default)
2023-09-19 02:03:47,971 [main] INFO  server.RaftServerConfigKeys (ConfUtils.java:logGet(46)) - raft.server.storage.dir = [/home/runner/work/ozone/ozone/hadoop-ozone/integration-test/target/test-dir/MiniOzoneClusterImpl-9bcb963b-3a30-483e-aad5-953c8710d6fd/datanode-0/data/ratis] (custom)
2023-09-19 02:03:47,973 [b1558ce8-bc2f-4c62-aaec-0278e14522f1-impl-thread1] INFO  server.RaftServer (RaftServerProxy.java:initGroupDir(258)) - b1558ce8-bc2f-4c62-aaec-0278e14522f1: found a subdirectory /home/runner/work/ozone/ozone/hadoop-ozone/integration-test/target/test-dir/MiniOzoneClusterImpl-9bcb963b-3a30-483e-aad5-953c8710d6fd/datanode-0/data/ratis/tmp
2023-09-19 02:03:47,979 [b1558ce8-bc2f-4c62-aaec-0278e14522f1-impl-thread1] INFO  server.RaftServer (RaftServerProxy.java:initGroupDir(263)) - b1558ce8-bc2f-4c62-aaec-0278e14522f1: The directory /home/runner/work/ozone/ozone/hadoop-ozone/integration-test/target/test-dir/MiniOzoneClusterImpl-9bcb963b-3a30-483e-aad5-953c8710d6fd/datanode-0/data/ratis/tmp is not a group directory; ignoring it. 
2023-09-19 02:03:47,982 [main] INFO  replication.ReplicationServer (ReplicationServer.java:<init>(83)) - Initializing replication server with thread count = 10 queue length = 4096
2023-09-19 02:03:47,991 [b1558ce8-bc2f-4c62-aaec-0278e14522f1-NettyServerStreamRpc-bossGroup--thread1] INFO  logging.LoggingHandler (AbstractInternalLogger.java:log(148)) - [id: 0x2fcb06a6] REGISTERED
2023-09-19 02:03:47,991 [b1558ce8-bc2f-4c62-aaec-0278e14522f1-NettyServerStreamRpc-bossGroup--thread1] INFO  logging.LoggingHandler (AbstractInternalLogger.java:log(148)) - [id: 0x2fcb06a6] BIND: 0.0.0.0/0.0.0.0:15015
2023-09-19 02:03:47,992 [b1558ce8-bc2f-4c62-aaec-0278e14522f1-NettyServerStreamRpc-bossGroup--thread1] INFO  logging.LoggingHandler (AbstractInternalLogger.java:log(148)) - [id: 0x2fcb06a6, L:/0:0:0:0:0:0:0:0:15015] ACTIVE
2023-09-19 02:03:48,005 [main] INFO  server.XceiverServerGrpc (XceiverServerGrpc.java:<init>(132)) - GrpcServer channel type EpollServerSocketChannel
2023-09-19 02:03:48,041 [main] INFO  replication.ReplicationSupervisor (ReplicationSupervisor.java:build(155)) - Initializing replication supervisor with thread count = 10
2023-09-19 02:03:48,042 [main] INFO  replication.ReplicationSupervisor (ReplicationSupervisor.java:nodeStateUpdated(307)) - Node state updated to IN_SERVICE, scaling executor pool size to 10
2023-09-19 02:03:48,095 [main] INFO  http.BaseHttpServer (BaseHttpServer.java:newHttpServer2BuilderForOzone(223)) - Starting Web-server for hddsDatanode at: http://0.0.0.0:15009
2023-09-19 02:03:48,095 [main] INFO  http.BaseHttpServer (BaseHttpServer.java:<init>(110)) - Hadoop Security Enabled: false Ozone Security Enabled: false Ozone HTTP Security Enabled: false 
2023-09-19 02:03:48,097 [main] WARN  server.AuthenticationFilter (AuthenticationFilter.java:constructSecretProvider(240)) - Unable to initialize FileSignerSecretProvider, falling back to use random secrets. Reason: Could not read signature secret file: /home/runner/hadoop-http-auth-signature-secret
2023-09-19 02:03:48,097 [main] INFO  http.HttpRequestLog (HttpRequestLog.java:getRequestLog(86)) - Http request log for http.requests.hddsDatanode is not defined
2023-09-19 02:03:48,099 [main] INFO  http.HttpServer2 (HttpServer2.java:addGlobalFilter(1031)) - Added global filter 'safety' (class=org.apache.hadoop.hdds.server.http.HttpServer2$QuotingInputFilter)
2023-09-19 02:03:48,100 [main] INFO  http.HttpServer2 (HttpServer2.java:addFilter(1007)) - Added filter static_user_filter (class=org.apache.hadoop.http.lib.StaticUserWebFilter$StaticUserFilter) to context hddsDatanode
2023-09-19 02:03:48,100 [main] INFO  http.HttpServer2 (HttpServer2.java:addFilter(1015)) - Added filter static_user_filter (class=org.apache.hadoop.http.lib.StaticUserWebFilter$StaticUserFilter) to context logs
2023-09-19 02:03:48,100 [main] INFO  http.HttpServer2 (HttpServer2.java:addFilter(1015)) - Added filter static_user_filter (class=org.apache.hadoop.http.lib.StaticUserWebFilter$StaticUserFilter) to context static
2023-09-19 02:03:48,101 [main] INFO  http.BaseHttpServer (BaseHttpServer.java:<init>(189)) - HTTP server of hddsDatanode uses base directory /home/runner/work/ozone/ozone/hadoop-ozone/integration-test/target/test-dir/MiniOzoneClusterImpl-9bcb963b-3a30-483e-aad5-953c8710d6fd/datanode-0/meta/webserver
2023-09-19 02:03:48,101 [main] INFO  http.HttpServer2 (HttpServer2.java:bindListener(1231)) - Jetty bound to port 15009
2023-09-19 02:03:48,101 [main] INFO  server.Server (Server.java:doStart(375)) - jetty-9.4.52.v20230823; built: 2023-08-23T19:29:37.669Z; git: abdcda73818a1a2c705da276edb0bf6581e7997e; jvm 1.8.0_382-b05
2023-09-19 02:03:48,105 [main] INFO  server.session (DefaultSessionIdManager.java:doStart(334)) - DefaultSessionIdManager workerName=node0
2023-09-19 02:03:48,105 [main] INFO  server.session (DefaultSessionIdManager.java:doStart(339)) - No SessionScavenger set, using defaults
2023-09-19 02:03:48,105 [main] INFO  server.session (HouseKeeper.java:startScavenging(132)) - node0 Scavenging every 600000ms
2023-09-19 02:03:48,106 [main] INFO  handler.ContextHandler (ContextHandler.java:doStart(921)) - Started o.e.j.s.ServletContextHandler@36cd715c{logs,/logs,file:///home/runner/work/ozone/ozone/hadoop-ozone/integration-test/target/log,AVAILABLE}
2023-09-19 02:03:48,106 [main] INFO  handler.ContextHandler (ContextHandler.java:doStart(921)) - Started o.e.j.s.ServletContextHandler@19faba8e{static,/static,jar:file:/home/runner/.m2/repository/org/apache/ozone/hdds-container-service/1.4.0-SNAPSHOT/hdds-container-service-1.4.0-SNAPSHOT.jar!/webapps/static,AVAILABLE}
2023-09-19 02:03:48,318 [main] INFO  handler.ContextHandler (ContextHandler.java:doStart(921)) - Started o.e.j.w.WebAppContext@1d3bc1df{hddsDatanode,/,file:///home/runner/work/ozone/ozone/hadoop-ozone/integration-test/target/test-dir/MiniOzoneClusterImpl-9bcb963b-3a30-483e-aad5-953c8710d6fd/datanode-0/meta/webserver/jetty-0_0_0_0-15009-hdds-container-service-1_4_0-SNAPSHOT_jar-_-any-4622474910444495815/webapp/,AVAILABLE}{jar:file:/home/runner/.m2/repository/org/apache/ozone/hdds-container-service/1.4.0-SNAPSHOT/hdds-container-service-1.4.0-SNAPSHOT.jar!/webapps/hddsDatanode}
2023-09-19 02:03:48,323 [main] INFO  server.AbstractConnector (AbstractConnector.java:doStart(333)) - Started ServerConnector@1a57c7c2{HTTP/1.1, (http/1.1)}{0.0.0.0:15009}
2023-09-19 02:03:48,324 [main] INFO  server.Server (Server.java:doStart(415)) - Started @9031ms
2023-09-19 02:03:48,324 [main] WARN  impl.MetricsSystemImpl (MetricsSystemImpl.java:register(279)) - Sink prometheus already exists!
2023-09-19 02:03:48,324 [main] INFO  http.BaseHttpServer (BaseHttpServer.java:updateConnectorAddress(354)) - HTTP server of hddsDatanode listening at http://0.0.0.0:15009
2023-09-19 02:03:48,329 [main] INFO  ipc.CallQueueManager (CallQueueManager.java:<init>(90)) - Using callQueue: class java.util.concurrent.LinkedBlockingQueue, queueCapacity: 100, scheduler: class org.apache.hadoop.ipc.DefaultRpcScheduler, ipcBackoff: false.
2023-09-19 02:03:48,329 [main] INFO  ipc.Server (Server.java:<init>(1287)) - Listener at 0.0.0.0:15010
2023-09-19 02:03:48,329 [Socket Reader #1 for port 15010] INFO  ipc.Server (Server.java:run(1323)) - Starting Socket Reader #1 for port 15010
2023-09-19 02:03:48,333 [main] INFO  ozone.HddsDatanodeService (HddsDatanodeService.java:start(315)) - Datanode start with admins: [runner]
2023-09-19 02:03:48,333 [main] INFO  ozone.HddsDatanodeClientProtocolServer (HddsDatanodeClientProtocolServer.java:start(72)) - RPC server for Client /0.0.0.0:15010
2023-09-19 02:03:48,334 [IPC Server Responder] INFO  ipc.Server (Server.java:run(1562)) - IPC Server Responder: starting
2023-09-19 02:03:48,338 [IPC Server listener on 15010] INFO  ipc.Server (Server.java:run(1402)) - IPC Server listener on 15010: starting
2023-09-19 02:03:48,347 [main] WARN  impl.MetricRegistriesImpl (MetricRegistriesImpl.java:addReporterRegistration(111)) - New reporters are added after registries were created. Some metrics will be missing from the reporter. Please add reporter before adding any new registry.
2023-09-19 02:03:48,347 [main] WARN  impl.MetricRegistriesImpl (MetricRegistriesImpl.java:addReporterRegistration(111)) - New reporters are added after registries were created. Some metrics will be missing from the reporter. Please add reporter before adding any new registry.
2023-09-19 02:03:48,347 [main] INFO  impl.MetricsSystemImpl (MetricsSystemImpl.java:init(158)) - HddsDatanode metrics system started (again)
2023-09-19 02:03:48,346 [Datanode State Machine Daemon Thread] INFO  statemachine.DatanodeStateMachine (DatanodeStateMachine.java:lambda$startDaemon$0(540)) - Ozone container server started.
2023-09-19 02:03:48,366 [main] INFO  ozone.HddsDatanodeService (HddsDatanodeService.java:start(237)) - HddsDatanodeService host:fv-az1031-92 ip:10.1.0.29
2023-09-19 02:03:48,400 [main] INFO  upgrade.AbstractLayoutVersionManager (AbstractLayoutVersionManager.java:init(83)) - Initializing Layout version manager with metadata layout = HADOOP_PRC_PORTS_IN_DATANODEDETAILS (version = 7), software layout = HADOOP_PRC_PORTS_IN_DATANODEDETAILS (version = 7)
2023-09-19 02:03:48,402 [main] INFO  statemachine.DatanodeStateMachine (DatanodeStateMachine.java:getEndPointTaskThreadPoolSize(284)) - Datanode State Machine Task Thread Pool size 2
2023-09-19 02:03:48,411 [main] INFO  volume.HddsVolume (HddsVolume.java:<init>(126)) - Creating HddsVolume: /home/runner/work/ozone/ozone/hadoop-ozone/integration-test/target/test-dir/MiniOzoneClusterImpl-9bcb963b-3a30-483e-aad5-953c8710d6fd/datanode-1/data-0/containers/hdds of storage type : DISK capacity : 9223372036854775807
2023-09-19 02:03:48,412 [main] INFO  volume.MutableVolumeSet (MutableVolumeSet.java:initializeVolumeSet(173)) - Added Volume : /home/runner/work/ozone/ozone/hadoop-ozone/integration-test/target/test-dir/MiniOzoneClusterImpl-9bcb963b-3a30-483e-aad5-953c8710d6fd/datanode-1/data-0/containers/hdds to VolumeSet
2023-09-19 02:03:48,417 [main] INFO  volume.MutableVolumeSet (MutableVolumeSet.java:initializeVolumeSet(173)) - Added Volume : /home/runner/work/ozone/ozone/hadoop-ozone/integration-test/target/test-dir/MiniOzoneClusterImpl-9bcb963b-3a30-483e-aad5-953c8710d6fd/datanode-1/data/ratis to VolumeSet
2023-09-19 02:03:48,422 [Thread-157] INFO  ozoneimpl.ContainerReader (ContainerReader.java:readVolume(177)) - Finish verifying containers on volume /home/runner/work/ozone/ozone/hadoop-ozone/integration-test/target/test-dir/MiniOzoneClusterImpl-9bcb963b-3a30-483e-aad5-953c8710d6fd/datanode-1/data-0/containers/hdds
2023-09-19 02:03:48,429 [main] INFO  ozoneimpl.OzoneContainer (OzoneContainer.java:buildContainerSet(314)) - Build ContainerSet costs 0s
2023-09-19 02:03:48,432 [main] INFO  server.RaftServer (ConfUtils.java:logGet(46)) - raft.rpc.type = GRPC (default)
2023-09-19 02:03:48,433 [main] INFO  grpc.GrpcConfigKeys (ConfUtils.java:logFallback(53)) - raft.grpc.admin.host = null (fallback to raft.grpc.server.host)
2023-09-19 02:03:48,433 [main] INFO  grpc.GrpcConfigKeys (ConfUtils.java:logGet(46)) - raft.grpc.admin.port = 15022 (custom)
2023-09-19 02:03:48,433 [main] INFO  grpc.GrpcConfigKeys (ConfUtils.java:logFallback(53)) - raft.grpc.client.host = null (fallback to raft.grpc.server.host)
2023-09-19 02:03:48,433 [main] INFO  grpc.GrpcConfigKeys (ConfUtils.java:logGet(46)) - raft.grpc.client.port = 15021 (custom)
2023-09-19 02:03:48,433 [main] INFO  grpc.GrpcConfigKeys (ConfUtils.java:logGet(46)) - raft.grpc.server.host = null (default)
2023-09-19 02:03:48,433 [main] INFO  grpc.GrpcConfigKeys (ConfUtils.java:logGet(46)) - raft.grpc.server.port = 15023 (custom)
2023-09-19 02:03:48,434 [main] INFO  server.GrpcService (ConfUtils.java:logGet(46)) - raft.grpc.message.size.max = 32MB (=33554432) (custom)
2023-09-19 02:03:48,434 [main] INFO  server.RaftServerConfigKeys (ConfUtils.java:logGet(46)) - raft.server.log.appender.buffer.byte-limit = 33554432 (custom)
2023-09-19 02:03:48,434 [main] INFO  server.GrpcService (ConfUtils.java:logGet(46)) - raft.grpc.flow.control.window = 5MB (=5242880) (custom)
2023-09-19 02:03:48,434 [main] INFO  server.RaftServerConfigKeys (ConfUtils.java:logGet(46)) - raft.server.rpc.request.timeout = 60s (custom)
2023-09-19 02:03:48,434 [main] INFO  grpc.GrpcConfigKeys (ConfUtils.java:logGet(46)) - raft.grpc.server.heartbeat.channel = true (default)
2023-09-19 02:03:48,434 [main] INFO  grpc.GrpcConfigKeys (ConfUtils.java:logGet(46)) - raft.grpc.server.async.request.thread.pool.cached = true (default)
2023-09-19 02:03:48,434 [main] INFO  grpc.GrpcConfigKeys (ConfUtils.java:logGet(46)) - raft.grpc.server.async.request.thread.pool.size = 32 (default)
2023-09-19 02:03:48,442 [main] INFO  impl.DataStreamServerImpl (ConfUtils.java:logGet(46)) - raft.datastream.type = NETTY (custom)
2023-09-19 02:03:48,444 [main] INFO  server.RaftServerConfigKeys (ConfUtils.java:logGet(46)) - raft.server.data-stream.async.request.thread.pool.cached = false (default)
2023-09-19 02:03:48,444 [main] INFO  server.RaftServerConfigKeys (ConfUtils.java:logGet(46)) - raft.server.data-stream.async.request.thread.pool.size = 20 (custom)
2023-09-19 02:03:48,444 [main] INFO  server.RaftServerConfigKeys (ConfUtils.java:logGet(46)) - raft.server.data-stream.async.write.thread.pool.size = 16 (default)
2023-09-19 02:03:48,445 [main] INFO  server.RaftServerConfigKeys (ConfUtils.java:logGet(46)) - raft.server.data-stream.client.pool.size = 10 (default)
2023-09-19 02:03:48,445 [main] INFO  netty.NettyConfigKeys$DataStream (ConfUtils.java:logGet(46)) - raft.netty.dataStream.server.use-epoll = false (default)
2023-09-19 02:03:48,445 [main] INFO  netty.NettyConfigKeys$DataStream (ConfUtils.java:logGet(46)) - raft.netty.dataStream.server.boss-group.size = 0 (default)
2023-09-19 02:03:48,447 [main] INFO  netty.NettyConfigKeys$DataStream (ConfUtils.java:logGet(46)) - raft.netty.dataStream.server.worker-group.size = 0 (default)
2023-09-19 02:03:48,447 [main] INFO  netty.NettyConfigKeys$DataStream (ConfUtils.java:logGet(46)) - raft.netty.dataStream.server.tls.conf = null (default)
2023-09-19 02:03:48,447 [main] INFO  netty.NettyConfigKeys$DataStream (ConfUtils.java:logGet(46)) - raft.netty.dataStream.host = null (default)
2023-09-19 02:03:48,448 [main] INFO  netty.NettyConfigKeys$DataStream (ConfUtils.java:logGet(46)) - raft.netty.dataStream.port = 15024 (custom)
2023-09-19 02:03:48,454 [main] INFO  server.RaftServerConfigKeys (ConfUtils.java:logGet(46)) - raft.server.threadpool.proxy.cached = true (default)
2023-09-19 02:03:48,454 [main] INFO  server.RaftServerConfigKeys (ConfUtils.java:logGet(46)) - raft.server.threadpool.proxy.size = 0 (default)
2023-09-19 02:03:48,454 [main] INFO  server.RaftServerConfigKeys (ConfUtils.java:logGet(46)) - raft.server.rpc.slowness.timeout = 300s (custom)
2023-09-19 02:03:48,454 [main] INFO  server.RaftServerConfigKeys (ConfUtils.java:logGet(46)) - raft.server.leaderelection.leader.step-down.wait-time = 10s (default)
2023-09-19 02:03:48,454 [main] INFO  server.RaftServerConfigKeys (ConfUtils.java:logGet(46)) - raft.server.storage.dir = [/home/runner/work/ozone/ozone/hadoop-ozone/integration-test/target/test-dir/MiniOzoneClusterImpl-9bcb963b-3a30-483e-aad5-953c8710d6fd/datanode-1/data/ratis] (custom)
2023-09-19 02:03:48,460 [3d8e742d-6d38-4fa1-811b-6a8dd626afd2-impl-thread1] INFO  server.RaftServer (RaftServerProxy.java:initGroupDir(258)) - 3d8e742d-6d38-4fa1-811b-6a8dd626afd2: found a subdirectory /home/runner/work/ozone/ozone/hadoop-ozone/integration-test/target/test-dir/MiniOzoneClusterImpl-9bcb963b-3a30-483e-aad5-953c8710d6fd/datanode-1/data/ratis/tmp
2023-09-19 02:03:48,460 [3d8e742d-6d38-4fa1-811b-6a8dd626afd2-impl-thread1] INFO  server.RaftServer (RaftServerProxy.java:initGroupDir(263)) - 3d8e742d-6d38-4fa1-811b-6a8dd626afd2: The directory /home/runner/work/ozone/ozone/hadoop-ozone/integration-test/target/test-dir/MiniOzoneClusterImpl-9bcb963b-3a30-483e-aad5-953c8710d6fd/datanode-1/data/ratis/tmp is not a group directory; ignoring it. 
2023-09-19 02:03:48,458 [3d8e742d-6d38-4fa1-811b-6a8dd626afd2-NettyServerStreamRpc-bossGroup--thread1] INFO  logging.LoggingHandler (AbstractInternalLogger.java:log(148)) - [id: 0x3a6fd4a4] REGISTERED
2023-09-19 02:03:48,460 [3d8e742d-6d38-4fa1-811b-6a8dd626afd2-NettyServerStreamRpc-bossGroup--thread1] INFO  logging.LoggingHandler (AbstractInternalLogger.java:log(148)) - [id: 0x3a6fd4a4] BIND: 0.0.0.0/0.0.0.0:15024
2023-09-19 02:03:48,460 [3d8e742d-6d38-4fa1-811b-6a8dd626afd2-NettyServerStreamRpc-bossGroup--thread1] INFO  logging.LoggingHandler (AbstractInternalLogger.java:log(148)) - [id: 0x3a6fd4a4, L:/0:0:0:0:0:0:0:0:15024] ACTIVE
2023-09-19 02:03:48,461 [main] INFO  replication.ReplicationServer (ReplicationServer.java:<init>(83)) - Initializing replication server with thread count = 10 queue length = 4096
2023-09-19 02:03:48,463 [main] INFO  server.XceiverServerGrpc (XceiverServerGrpc.java:<init>(132)) - GrpcServer channel type EpollServerSocketChannel
2023-09-19 02:03:48,465 [main] INFO  replication.ReplicationSupervisor (ReplicationSupervisor.java:build(155)) - Initializing replication supervisor with thread count = 10
2023-09-19 02:03:48,465 [main] INFO  replication.ReplicationSupervisor (ReplicationSupervisor.java:nodeStateUpdated(307)) - Node state updated to IN_SERVICE, scaling executor pool size to 10
2023-09-19 02:03:48,474 [main] INFO  http.BaseHttpServer (BaseHttpServer.java:newHttpServer2BuilderForOzone(223)) - Starting Web-server for hddsDatanode at: http://0.0.0.0:15018
2023-09-19 02:03:48,474 [main] INFO  http.BaseHttpServer (BaseHttpServer.java:<init>(110)) - Hadoop Security Enabled: false Ozone Security Enabled: false Ozone HTTP Security Enabled: false 
2023-09-19 02:03:48,478 [main] WARN  server.AuthenticationFilter (AuthenticationFilter.java:constructSecretProvider(240)) - Unable to initialize FileSignerSecretProvider, falling back to use random secrets. Reason: Could not read signature secret file: /home/runner/hadoop-http-auth-signature-secret
2023-09-19 02:03:48,482 [main] INFO  http.HttpRequestLog (HttpRequestLog.java:getRequestLog(86)) - Http request log for http.requests.hddsDatanode is not defined
2023-09-19 02:03:48,484 [main] INFO  http.HttpServer2 (HttpServer2.java:addGlobalFilter(1031)) - Added global filter 'safety' (class=org.apache.hadoop.hdds.server.http.HttpServer2$QuotingInputFilter)
2023-09-19 02:03:48,485 [main] INFO  http.HttpServer2 (HttpServer2.java:addFilter(1007)) - Added filter static_user_filter (class=org.apache.hadoop.http.lib.StaticUserWebFilter$StaticUserFilter) to context hddsDatanode
2023-09-19 02:03:48,485 [main] INFO  http.HttpServer2 (HttpServer2.java:addFilter(1015)) - Added filter static_user_filter (class=org.apache.hadoop.http.lib.StaticUserWebFilter$StaticUserFilter) to context logs
2023-09-19 02:03:48,485 [main] INFO  http.HttpServer2 (HttpServer2.java:addFilter(1015)) - Added filter static_user_filter (class=org.apache.hadoop.http.lib.StaticUserWebFilter$StaticUserFilter) to context static
2023-09-19 02:03:48,486 [main] INFO  http.BaseHttpServer (BaseHttpServer.java:<init>(189)) - HTTP server of hddsDatanode uses base directory /home/runner/work/ozone/ozone/hadoop-ozone/integration-test/target/test-dir/MiniOzoneClusterImpl-9bcb963b-3a30-483e-aad5-953c8710d6fd/datanode-1/meta/webserver
2023-09-19 02:03:48,487 [main] INFO  http.HttpServer2 (HttpServer2.java:bindListener(1231)) - Jetty bound to port 15018
2023-09-19 02:03:48,487 [main] INFO  server.Server (Server.java:doStart(375)) - jetty-9.4.52.v20230823; built: 2023-08-23T19:29:37.669Z; git: abdcda73818a1a2c705da276edb0bf6581e7997e; jvm 1.8.0_382-b05
2023-09-19 02:03:48,495 [main] INFO  server.session (DefaultSessionIdManager.java:doStart(334)) - DefaultSessionIdManager workerName=node0
2023-09-19 02:03:48,496 [main] INFO  server.session (DefaultSessionIdManager.java:doStart(339)) - No SessionScavenger set, using defaults
2023-09-19 02:03:48,496 [main] INFO  server.session (HouseKeeper.java:startScavenging(132)) - node0 Scavenging every 660000ms
2023-09-19 02:03:48,497 [main] INFO  handler.ContextHandler (ContextHandler.java:doStart(921)) - Started o.e.j.s.ServletContextHandler@21160db7{logs,/logs,file:///home/runner/work/ozone/ozone/hadoop-ozone/integration-test/target/log,AVAILABLE}
2023-09-19 02:03:48,498 [main] INFO  handler.ContextHandler (ContextHandler.java:doStart(921)) - Started o.e.j.s.ServletContextHandler@2e137ee8{static,/static,jar:file:/home/runner/.m2/repository/org/apache/ozone/hdds-container-service/1.4.0-SNAPSHOT/hdds-container-service-1.4.0-SNAPSHOT.jar!/webapps/static,AVAILABLE}
2023-09-19 02:03:48,521 [om1@group-C5BA1605619E-FollowerState] INFO  impl.FollowerState (FollowerState.java:run(143)) - om1@group-C5BA1605619E-FollowerState: change to CANDIDATE, lastRpcElapsedTime:1203929197ns, electionTimeout:1194ms
2023-09-19 02:03:48,522 [om1@group-C5BA1605619E-FollowerState] INFO  impl.RoleInfo (RoleInfo.java:shutdownFollowerState(110)) - om1: shutdown om1@group-C5BA1605619E-FollowerState
2023-09-19 02:03:48,522 [om1@group-C5BA1605619E-FollowerState] INFO  server.RaftServer$Division (RaftServerImpl.java:setRole(329)) - om1@group-C5BA1605619E: changes role from  FOLLOWER to CANDIDATE at term 0 for changeToCandidate
2023-09-19 02:03:48,525 [om1@group-C5BA1605619E-FollowerState] INFO  server.RaftServerConfigKeys (ConfUtils.java:logGet(46)) - raft.server.leaderelection.pre-vote = true (default)
2023-09-19 02:03:48,525 [om1@group-C5BA1605619E-FollowerState] INFO  impl.RoleInfo (RoleInfo.java:updateAndGet(139)) - om1: start om1@group-C5BA1605619E-LeaderElection1
2023-09-19 02:03:48,547 [om1@group-C5BA1605619E-LeaderElection1] INFO  impl.LeaderElection (LeaderElection.java:askForVotes(321)) - om1@group-C5BA1605619E-LeaderElection1 PRE_VOTE round 0: submit vote requests at term 0 for -1: peers:[om1|rpc:localhost:15007|priority:0|startupRole:FOLLOWER]|listeners:[], old=null
2023-09-19 02:03:48,548 [om1@group-C5BA1605619E-LeaderElection1] INFO  impl.LeaderElection (LeaderElection.java:askForVotes(323)) - om1@group-C5BA1605619E-LeaderElection1 PRE_VOTE round 0: result PASSED (term=0)
2023-09-19 02:03:48,551 [om1@group-C5BA1605619E-LeaderElection1] INFO  impl.LeaderElection (LeaderElection.java:askForVotes(321)) - om1@group-C5BA1605619E-LeaderElection1 ELECTION round 0: submit vote requests at term 1 for -1: peers:[om1|rpc:localhost:15007|priority:0|startupRole:FOLLOWER]|listeners:[], old=null
2023-09-19 02:03:48,552 [om1@group-C5BA1605619E-LeaderElection1] INFO  impl.LeaderElection (LeaderElection.java:askForVotes(323)) - om1@group-C5BA1605619E-LeaderElection1 ELECTION round 0: result PASSED (term=1)
2023-09-19 02:03:48,552 [om1@group-C5BA1605619E-LeaderElection1] INFO  impl.RoleInfo (RoleInfo.java:shutdownLeaderElection(130)) - om1: shutdown om1@group-C5BA1605619E-LeaderElection1
2023-09-19 02:03:48,553 [om1@group-C5BA1605619E-LeaderElection1] INFO  server.RaftServer$Division (RaftServerImpl.java:setRole(329)) - om1@group-C5BA1605619E: changes role from CANDIDATE to LEADER at term 1 for changeToLeader
2023-09-19 02:03:48,563 [om1@group-C5BA1605619E-LeaderElection1] INFO  server.RaftServer$Division (ServerState.java:setLeader(317)) - om1@group-C5BA1605619E: change Leader from null to om1 at term 1 for becomeLeader, leader elected after 2341ms
2023-09-19 02:03:48,568 [Datanode State Machine Task Thread - 0] INFO  datanode.InitDatanodeState (InitDatanodeState.java:persistContainerDatanodeDetails(138)) - DatanodeDetails is persisted to /home/runner/work/ozone/ozone/hadoop-ozone/integration-test/target/test-dir/MiniOzoneClusterImpl-9bcb963b-3a30-483e-aad5-953c8710d6fd/datanode-0/meta/datanode.id
2023-09-19 02:03:48,570 [om1@group-C5BA1605619E-LeaderElection1] INFO  server.RaftServerConfigKeys (ConfUtils.java:logGet(46)) - raft.server.staging.catchup.gap = 1000 (default)
2023-09-19 02:03:48,582 [om1@group-C5BA1605619E-LeaderElection1] INFO  server.RaftServerConfigKeys (ConfUtils.java:logGet(46)) - raft.server.write.element-limit = 4096 (default)
2023-09-19 02:03:48,583 [om1@group-C5BA1605619E-LeaderElection1] INFO  server.RaftServerConfigKeys (ConfUtils.java:logGet(46)) - raft.server.write.byte-limit = 64MB (=67108864) (default)
2023-09-19 02:03:48,586 [om1@group-C5BA1605619E-LeaderElection1] INFO  server.RaftServerConfigKeys (ConfUtils.java:logGet(46)) - raft.server.watch.timeout = 10s (default)
2023-09-19 02:03:48,586 [om1@group-C5BA1605619E-LeaderElection1] INFO  server.RaftServerConfigKeys (ConfUtils.java:logGet(46)) - raft.server.watch.timeout.denomination = 1s (default)
2023-09-19 02:03:48,594 [om1@group-C5BA1605619E-LeaderElection1] INFO  server.RaftServerConfigKeys (ConfUtils.java:logGet(46)) - raft.server.watch.element-limit = 65536 (default)
2023-09-19 02:03:48,609 [om1@group-C5BA1605619E-LeaderElection1] INFO  server.RaftServerConfigKeys (ConfUtils.java:logGet(46)) - raft.server.write.element-limit = 4096 (default)
2023-09-19 02:03:48,613 [om1@group-C5BA1605619E-LeaderElection1] INFO  server.RaftServerConfigKeys (ConfUtils.java:logGet(46)) - raft.server.write.follower.gap.ratio.max = -1.0 (default)
2023-09-19 02:03:48,615 [om1@group-C5BA1605619E-LeaderElection1] INFO  impl.RoleInfo (RoleInfo.java:updateAndGet(139)) - om1: start om1@group-C5BA1605619E-LeaderStateImpl
2023-09-19 02:03:48,652 [om1@group-C5BA1605619E-LeaderElection1] INFO  segmented.SegmentedRaftLogWorker (SegmentedRaftLogWorker.java:startLogSegment(447)) - om1@group-C5BA1605619E-SegmentedRaftLogWorker: Starting segment from index:0
2023-09-19 02:03:48,750 [om1@group-C5BA1605619E-LeaderElection1] INFO  server.RaftServer$Division (ServerState.java:setRaftConf(434)) - om1@group-C5BA1605619E: set configuration 0: peers:[om1|rpc:localhost:15007|admin:|client:|dataStream:|priority:0|startupRole:FOLLOWER]|listeners:[], old=null
2023-09-19 02:03:48,787 [main] INFO  handler.ContextHandler (ContextHandler.java:doStart(921)) - Started o.e.j.w.WebAppContext@725d49a8{hddsDatanode,/,file:///home/runner/work/ozone/ozone/hadoop-ozone/integration-test/target/test-dir/MiniOzoneClusterImpl-9bcb963b-3a30-483e-aad5-953c8710d6fd/datanode-1/meta/webserver/jetty-0_0_0_0-15018-hdds-container-service-1_4_0-SNAPSHOT_jar-_-any-6186605484511613994/webapp/,AVAILABLE}{jar:file:/home/runner/.m2/repository/org/apache/ozone/hdds-container-service/1.4.0-SNAPSHOT/hdds-container-service-1.4.0-SNAPSHOT.jar!/webapps/hddsDatanode}
2023-09-19 02:03:48,789 [main] INFO  server.AbstractConnector (AbstractConnector.java:doStart(333)) - Started ServerConnector@61256f06{HTTP/1.1, (http/1.1)}{0.0.0.0:15018}
2023-09-19 02:03:48,789 [main] INFO  server.Server (Server.java:doStart(415)) - Started @9496ms
2023-09-19 02:03:48,789 [main] WARN  impl.MetricsSystemImpl (MetricsSystemImpl.java:register(279)) - Sink prometheus already exists!
2023-09-19 02:03:48,792 [main] INFO  http.BaseHttpServer (BaseHttpServer.java:updateConnectorAddress(354)) - HTTP server of hddsDatanode listening at http://0.0.0.0:15018
2023-09-19 02:03:48,792 [main] INFO  ipc.CallQueueManager (CallQueueManager.java:<init>(90)) - Using callQueue: class java.util.concurrent.LinkedBlockingQueue, queueCapacity: 100, scheduler: class org.apache.hadoop.ipc.DefaultRpcScheduler, ipcBackoff: false.
2023-09-19 02:03:48,793 [main] INFO  ipc.Server (Server.java:<init>(1287)) - Listener at 0.0.0.0:15019
2023-09-19 02:03:48,796 [Socket Reader #1 for port 15019] INFO  ipc.Server (Server.java:run(1323)) - Starting Socket Reader #1 for port 15019
2023-09-19 02:03:48,803 [om1@group-C5BA1605619E-SegmentedRaftLogWorker] INFO  segmented.SegmentedRaftLogWorker (SegmentedRaftLogWorker.java:execute(651)) - om1@group-C5BA1605619E-SegmentedRaftLogWorker: created new log segment /home/runner/work/ozone/ozone/hadoop-ozone/integration-test/target/test-dir/MiniOzoneClusterImpl-9bcb963b-3a30-483e-aad5-953c8710d6fd/ozone-meta/ratis/bf265839-605b-3f16-9796-c5ba1605619e/current/log_inprogress_0
2023-09-19 02:03:48,807 [main] INFO  ozone.HddsDatanodeService (HddsDatanodeService.java:start(315)) - Datanode start with admins: [runner]
2023-09-19 02:03:48,808 [main] INFO  ozone.HddsDatanodeClientProtocolServer (HddsDatanodeClientProtocolServer.java:start(72)) - RPC server for Client /0.0.0.0:15019
2023-09-19 02:03:48,810 [IPC Server Responder] INFO  ipc.Server (Server.java:run(1562)) - IPC Server Responder: starting
2023-09-19 02:03:48,810 [IPC Server listener on 15019] INFO  ipc.Server (Server.java:run(1402)) - IPC Server listener on 15019: starting
2023-09-19 02:03:48,810 [main] WARN  impl.MetricRegistriesImpl (MetricRegistriesImpl.java:addReporterRegistration(111)) - New reporters are added after registries were created. Some metrics will be missing from the reporter. Please add reporter before adding any new registry.
2023-09-19 02:03:48,811 [main] WARN  impl.MetricRegistriesImpl (MetricRegistriesImpl.java:addReporterRegistration(111)) - New reporters are added after registries were created. Some metrics will be missing from the reporter. Please add reporter before adding any new registry.
2023-09-19 02:03:48,811 [main] INFO  impl.MetricsSystemImpl (MetricsSystemImpl.java:init(158)) - HddsDatanode metrics system started (again)
2023-09-19 02:03:48,823 [Datanode State Machine Daemon Thread] INFO  statemachine.DatanodeStateMachine (DatanodeStateMachine.java:lambda$startDaemon$0(540)) - Ozone container server started.
2023-09-19 02:03:48,847 [main] INFO  ozone.HddsDatanodeService (HddsDatanodeService.java:start(237)) - HddsDatanodeService host:fv-az1031-92 ip:10.1.0.29
2023-09-19 02:03:48,868 [Datanode State Machine Task Thread - 0] INFO  datanode.InitDatanodeState (InitDatanodeState.java:persistContainerDatanodeDetails(138)) - DatanodeDetails is persisted to /home/runner/work/ozone/ozone/hadoop-ozone/integration-test/target/test-dir/MiniOzoneClusterImpl-9bcb963b-3a30-483e-aad5-953c8710d6fd/datanode-1/meta/datanode.id
2023-09-19 02:03:48,909 [main] INFO  upgrade.AbstractLayoutVersionManager (AbstractLayoutVersionManager.java:init(83)) - Initializing Layout version manager with metadata layout = HADOOP_PRC_PORTS_IN_DATANODEDETAILS (version = 7), software layout = HADOOP_PRC_PORTS_IN_DATANODEDETAILS (version = 7)
2023-09-19 02:03:48,910 [main] INFO  statemachine.DatanodeStateMachine (DatanodeStateMachine.java:getEndPointTaskThreadPoolSize(284)) - Datanode State Machine Task Thread Pool size 2
2023-09-19 02:03:48,918 [main] INFO  volume.HddsVolume (HddsVolume.java:<init>(126)) - Creating HddsVolume: /home/runner/work/ozone/ozone/hadoop-ozone/integration-test/target/test-dir/MiniOzoneClusterImpl-9bcb963b-3a30-483e-aad5-953c8710d6fd/datanode-2/data-0/containers/hdds of storage type : DISK capacity : 9223372036854775807
2023-09-19 02:03:48,919 [main] INFO  volume.MutableVolumeSet (MutableVolumeSet.java:initializeVolumeSet(173)) - Added Volume : /home/runner/work/ozone/ozone/hadoop-ozone/integration-test/target/test-dir/MiniOzoneClusterImpl-9bcb963b-3a30-483e-aad5-953c8710d6fd/datanode-2/data-0/containers/hdds to VolumeSet
2023-09-19 02:03:48,922 [main] INFO  volume.MutableVolumeSet (MutableVolumeSet.java:initializeVolumeSet(173)) - Added Volume : /home/runner/work/ozone/ozone/hadoop-ozone/integration-test/target/test-dir/MiniOzoneClusterImpl-9bcb963b-3a30-483e-aad5-953c8710d6fd/datanode-2/data/ratis to VolumeSet
2023-09-19 02:03:48,929 [Thread-176] INFO  ozoneimpl.ContainerReader (ContainerReader.java:readVolume(177)) - Finish verifying containers on volume /home/runner/work/ozone/ozone/hadoop-ozone/integration-test/target/test-dir/MiniOzoneClusterImpl-9bcb963b-3a30-483e-aad5-953c8710d6fd/datanode-2/data-0/containers/hdds
2023-09-19 02:03:48,930 [main] INFO  ozoneimpl.OzoneContainer (OzoneContainer.java:buildContainerSet(314)) - Build ContainerSet costs 0s
2023-09-19 02:03:48,933 [main] INFO  server.RaftServer (ConfUtils.java:logGet(46)) - raft.rpc.type = GRPC (default)
2023-09-19 02:03:48,933 [main] INFO  grpc.GrpcConfigKeys (ConfUtils.java:logFallback(53)) - raft.grpc.admin.host = null (fallback to raft.grpc.server.host)
2023-09-19 02:03:48,934 [main] INFO  grpc.GrpcConfigKeys (ConfUtils.java:logGet(46)) - raft.grpc.admin.port = 15031 (custom)
2023-09-19 02:03:48,934 [main] INFO  grpc.GrpcConfigKeys (ConfUtils.java:logFallback(53)) - raft.grpc.client.host = null (fallback to raft.grpc.server.host)
2023-09-19 02:03:48,934 [main] INFO  grpc.GrpcConfigKeys (ConfUtils.java:logGet(46)) - raft.grpc.client.port = 15030 (custom)
2023-09-19 02:03:48,934 [main] INFO  grpc.GrpcConfigKeys (ConfUtils.java:logGet(46)) - raft.grpc.server.host = null (default)
2023-09-19 02:03:48,934 [main] INFO  grpc.GrpcConfigKeys (ConfUtils.java:logGet(46)) - raft.grpc.server.port = 15032 (custom)
2023-09-19 02:03:48,935 [main] INFO  server.GrpcService (ConfUtils.java:logGet(46)) - raft.grpc.message.size.max = 32MB (=33554432) (custom)
2023-09-19 02:03:48,935 [main] INFO  server.RaftServerConfigKeys (ConfUtils.java:logGet(46)) - raft.server.log.appender.buffer.byte-limit = 33554432 (custom)
2023-09-19 02:03:48,935 [main] INFO  server.GrpcService (ConfUtils.java:logGet(46)) - raft.grpc.flow.control.window = 5MB (=5242880) (custom)
2023-09-19 02:03:48,936 [main] INFO  server.RaftServerConfigKeys (ConfUtils.java:logGet(46)) - raft.server.rpc.request.timeout = 60s (custom)
2023-09-19 02:03:48,937 [main] INFO  grpc.GrpcConfigKeys (ConfUtils.java:logGet(46)) - raft.grpc.server.heartbeat.channel = true (default)
2023-09-19 02:03:48,937 [main] INFO  grpc.GrpcConfigKeys (ConfUtils.java:logGet(46)) - raft.grpc.server.async.request.thread.pool.cached = true (default)
2023-09-19 02:03:48,937 [main] INFO  grpc.GrpcConfigKeys (ConfUtils.java:logGet(46)) - raft.grpc.server.async.request.thread.pool.size = 32 (default)
2023-09-19 02:03:48,941 [main] INFO  impl.DataStreamServerImpl (ConfUtils.java:logGet(46)) - raft.datastream.type = NETTY (custom)
2023-09-19 02:03:48,941 [main] INFO  server.RaftServerConfigKeys (ConfUtils.java:logGet(46)) - raft.server.data-stream.async.request.thread.pool.cached = false (default)
2023-09-19 02:03:48,942 [main] INFO  server.RaftServerConfigKeys (ConfUtils.java:logGet(46)) - raft.server.data-stream.async.request.thread.pool.size = 20 (custom)
2023-09-19 02:03:48,942 [main] INFO  server.RaftServerConfigKeys (ConfUtils.java:logGet(46)) - raft.server.data-stream.async.write.thread.pool.size = 16 (default)
2023-09-19 02:03:48,942 [main] INFO  server.RaftServerConfigKeys (ConfUtils.java:logGet(46)) - raft.server.data-stream.client.pool.size = 10 (default)
2023-09-19 02:03:48,942 [main] INFO  netty.NettyConfigKeys$DataStream (ConfUtils.java:logGet(46)) - raft.netty.dataStream.server.use-epoll = false (default)
2023-09-19 02:03:48,942 [main] INFO  netty.NettyConfigKeys$DataStream (ConfUtils.java:logGet(46)) - raft.netty.dataStream.server.boss-group.size = 0 (default)
2023-09-19 02:03:48,943 [main] INFO  netty.NettyConfigKeys$DataStream (ConfUtils.java:logGet(46)) - raft.netty.dataStream.server.worker-group.size = 0 (default)
2023-09-19 02:03:48,943 [main] INFO  netty.NettyConfigKeys$DataStream (ConfUtils.java:logGet(46)) - raft.netty.dataStream.server.tls.conf = null (default)
2023-09-19 02:03:48,943 [main] INFO  netty.NettyConfigKeys$DataStream (ConfUtils.java:logGet(46)) - raft.netty.dataStream.host = null (default)
2023-09-19 02:03:48,943 [main] INFO  netty.NettyConfigKeys$DataStream (ConfUtils.java:logGet(46)) - raft.netty.dataStream.port = 15033 (custom)
2023-09-19 02:03:48,944 [main] INFO  server.RaftServerConfigKeys (ConfUtils.java:logGet(46)) - raft.server.threadpool.proxy.cached = true (default)
2023-09-19 02:03:48,944 [main] INFO  server.RaftServerConfigKeys (ConfUtils.java:logGet(46)) - raft.server.threadpool.proxy.size = 0 (default)
2023-09-19 02:03:48,944 [main] INFO  server.RaftServerConfigKeys (ConfUtils.java:logGet(46)) - raft.server.rpc.slowness.timeout = 300s (custom)
2023-09-19 02:03:48,944 [main] INFO  server.RaftServerConfigKeys (ConfUtils.java:logGet(46)) - raft.server.leaderelection.leader.step-down.wait-time = 10s (default)
2023-09-19 02:03:48,945 [main] INFO  server.RaftServerConfigKeys (ConfUtils.java:logGet(46)) - raft.server.storage.dir = [/home/runner/work/ozone/ozone/hadoop-ozone/integration-test/target/test-dir/MiniOzoneClusterImpl-9bcb963b-3a30-483e-aad5-953c8710d6fd/datanode-2/data/ratis] (custom)
2023-09-19 02:03:48,946 [251b4ee7-4683-41e7-a4df-609a9bc3ccca-impl-thread1] INFO  server.RaftServer (RaftServerProxy.java:initGroupDir(258)) - 251b4ee7-4683-41e7-a4df-609a9bc3ccca: found a subdirectory /home/runner/work/ozone/ozone/hadoop-ozone/integration-test/target/test-dir/MiniOzoneClusterImpl-9bcb963b-3a30-483e-aad5-953c8710d6fd/datanode-2/data/ratis/tmp
2023-09-19 02:03:48,947 [251b4ee7-4683-41e7-a4df-609a9bc3ccca-impl-thread1] INFO  server.RaftServer (RaftServerProxy.java:initGroupDir(263)) - 251b4ee7-4683-41e7-a4df-609a9bc3ccca: The directory /home/runner/work/ozone/ozone/hadoop-ozone/integration-test/target/test-dir/MiniOzoneClusterImpl-9bcb963b-3a30-483e-aad5-953c8710d6fd/datanode-2/data/ratis/tmp is not a group directory; ignoring it. 
2023-09-19 02:03:48,947 [main] INFO  replication.ReplicationServer (ReplicationServer.java:<init>(83)) - Initializing replication server with thread count = 10 queue length = 4096
2023-09-19 02:03:48,950 [251b4ee7-4683-41e7-a4df-609a9bc3ccca-NettyServerStreamRpc-bossGroup--thread1] INFO  logging.LoggingHandler (AbstractInternalLogger.java:log(148)) - [id: 0x699d42c2] REGISTERED
2023-09-19 02:03:48,951 [251b4ee7-4683-41e7-a4df-609a9bc3ccca-NettyServerStreamRpc-bossGroup--thread1] INFO  logging.LoggingHandler (AbstractInternalLogger.java:log(148)) - [id: 0x699d42c2] BIND: 0.0.0.0/0.0.0.0:15033
2023-09-19 02:03:48,951 [251b4ee7-4683-41e7-a4df-609a9bc3ccca-NettyServerStreamRpc-bossGroup--thread1] INFO  logging.LoggingHandler (AbstractInternalLogger.java:log(148)) - [id: 0x699d42c2, L:/0:0:0:0:0:0:0:0:15033] ACTIVE
2023-09-19 02:03:48,952 [main] INFO  server.XceiverServerGrpc (XceiverServerGrpc.java:<init>(132)) - GrpcServer channel type EpollServerSocketChannel
2023-09-19 02:03:48,954 [main] INFO  replication.ReplicationSupervisor (ReplicationSupervisor.java:build(155)) - Initializing replication supervisor with thread count = 10
2023-09-19 02:03:48,958 [main] INFO  replication.ReplicationSupervisor (ReplicationSupervisor.java:nodeStateUpdated(307)) - Node state updated to IN_SERVICE, scaling executor pool size to 10
2023-09-19 02:03:48,966 [main] INFO  http.BaseHttpServer (BaseHttpServer.java:newHttpServer2BuilderForOzone(223)) - Starting Web-server for hddsDatanode at: http://0.0.0.0:15027
2023-09-19 02:03:48,966 [main] INFO  http.BaseHttpServer (BaseHttpServer.java:<init>(110)) - Hadoop Security Enabled: false Ozone Security Enabled: false Ozone HTTP Security Enabled: false 
2023-09-19 02:03:48,967 [main] WARN  server.AuthenticationFilter (AuthenticationFilter.java:constructSecretProvider(240)) - Unable to initialize FileSignerSecretProvider, falling back to use random secrets. Reason: Could not read signature secret file: /home/runner/hadoop-http-auth-signature-secret
2023-09-19 02:03:48,968 [main] INFO  http.HttpRequestLog (HttpRequestLog.java:getRequestLog(86)) - Http request log for http.requests.hddsDatanode is not defined
2023-09-19 02:03:48,971 [main] INFO  http.HttpServer2 (HttpServer2.java:addGlobalFilter(1031)) - Added global filter 'safety' (class=org.apache.hadoop.hdds.server.http.HttpServer2$QuotingInputFilter)
2023-09-19 02:03:48,972 [main] INFO  http.HttpServer2 (HttpServer2.java:addFilter(1007)) - Added filter static_user_filter (class=org.apache.hadoop.http.lib.StaticUserWebFilter$StaticUserFilter) to context hddsDatanode
2023-09-19 02:03:48,972 [main] INFO  http.HttpServer2 (HttpServer2.java:addFilter(1015)) - Added filter static_user_filter (class=org.apache.hadoop.http.lib.StaticUserWebFilter$StaticUserFilter) to context static
2023-09-19 02:03:48,972 [main] INFO  http.HttpServer2 (HttpServer2.java:addFilter(1015)) - Added filter static_user_filter (class=org.apache.hadoop.http.lib.StaticUserWebFilter$StaticUserFilter) to context logs
2023-09-19 02:03:48,974 [main] INFO  http.BaseHttpServer (BaseHttpServer.java:<init>(189)) - HTTP server of hddsDatanode uses base directory /home/runner/work/ozone/ozone/hadoop-ozone/integration-test/target/test-dir/MiniOzoneClusterImpl-9bcb963b-3a30-483e-aad5-953c8710d6fd/datanode-2/meta/webserver
2023-09-19 02:03:48,974 [main] INFO  http.HttpServer2 (HttpServer2.java:bindListener(1231)) - Jetty bound to port 15027
2023-09-19 02:03:48,974 [main] INFO  server.Server (Server.java:doStart(375)) - jetty-9.4.52.v20230823; built: 2023-08-23T19:29:37.669Z; git: abdcda73818a1a2c705da276edb0bf6581e7997e; jvm 1.8.0_382-b05
2023-09-19 02:03:48,977 [main] INFO  server.session (DefaultSessionIdManager.java:doStart(334)) - DefaultSessionIdManager workerName=node0
2023-09-19 02:03:48,977 [main] INFO  server.session (DefaultSessionIdManager.java:doStart(339)) - No SessionScavenger set, using defaults
2023-09-19 02:03:48,977 [main] INFO  server.session (HouseKeeper.java:startScavenging(132)) - node0 Scavenging every 600000ms
2023-09-19 02:03:48,978 [main] INFO  handler.ContextHandler (ContextHandler.java:doStart(921)) - Started o.e.j.s.ServletContextHandler@2e43f0ef{logs,/logs,file:///home/runner/work/ozone/ozone/hadoop-ozone/integration-test/target/log,AVAILABLE}
2023-09-19 02:03:48,979 [main] INFO  handler.ContextHandler (ContextHandler.java:doStart(921)) - Started o.e.j.s.ServletContextHandler@81eba6b{static,/static,jar:file:/home/runner/.m2/repository/org/apache/ozone/hdds-container-service/1.4.0-SNAPSHOT/hdds-container-service-1.4.0-SNAPSHOT.jar!/webapps/static,AVAILABLE}
2023-09-19 02:03:48,977 [om1@group-C5BA1605619E-StateMachineUpdater] INFO  ratis.OzoneManagerStateMachine (OzoneManagerStateMachine.java:notifyConfigurationChanged(202)) - Received Configuration change notification from Ratis. New Peer list:
[id: "om1"
address: "localhost:15007"
startupRole: FOLLOWER
]
2023-09-19 02:03:49,185 [main] INFO  handler.ContextHandler (ContextHandler.java:doStart(921)) - Started o.e.j.w.WebAppContext@136468c{hddsDatanode,/,file:///home/runner/work/ozone/ozone/hadoop-ozone/integration-test/target/test-dir/MiniOzoneClusterImpl-9bcb963b-3a30-483e-aad5-953c8710d6fd/datanode-2/meta/webserver/jetty-0_0_0_0-15027-hdds-container-service-1_4_0-SNAPSHOT_jar-_-any-2147154956343435793/webapp/,AVAILABLE}{jar:file:/home/runner/.m2/repository/org/apache/ozone/hdds-container-service/1.4.0-SNAPSHOT/hdds-container-service-1.4.0-SNAPSHOT.jar!/webapps/hddsDatanode}
2023-09-19 02:03:49,187 [main] INFO  server.AbstractConnector (AbstractConnector.java:doStart(333)) - Started ServerConnector@19d6da87{HTTP/1.1, (http/1.1)}{0.0.0.0:15027}
2023-09-19 02:03:49,187 [main] INFO  server.Server (Server.java:doStart(415)) - Started @9894ms
2023-09-19 02:03:49,187 [main] WARN  impl.MetricsSystemImpl (MetricsSystemImpl.java:register(279)) - Sink prometheus already exists!
2023-09-19 02:03:49,188 [main] INFO  http.BaseHttpServer (BaseHttpServer.java:updateConnectorAddress(354)) - HTTP server of hddsDatanode listening at http://0.0.0.0:15027
2023-09-19 02:03:49,188 [main] INFO  ipc.CallQueueManager (CallQueueManager.java:<init>(90)) - Using callQueue: class java.util.concurrent.LinkedBlockingQueue, queueCapacity: 100, scheduler: class org.apache.hadoop.ipc.DefaultRpcScheduler, ipcBackoff: false.
2023-09-19 02:03:49,189 [main] INFO  ipc.Server (Server.java:<init>(1287)) - Listener at 0.0.0.0:15028
2023-09-19 02:03:49,190 [Socket Reader #1 for port 15028] INFO  ipc.Server (Server.java:run(1323)) - Starting Socket Reader #1 for port 15028
2023-09-19 02:03:49,193 [main] INFO  ozone.HddsDatanodeService (HddsDatanodeService.java:start(315)) - Datanode start with admins: [runner]
2023-09-19 02:03:49,193 [main] INFO  ozone.HddsDatanodeClientProtocolServer (HddsDatanodeClientProtocolServer.java:start(72)) - RPC server for Client /0.0.0.0:15028
2023-09-19 02:03:49,193 [IPC Server Responder] INFO  ipc.Server (Server.java:run(1562)) - IPC Server Responder: starting
2023-09-19 02:03:49,194 [Datanode State Machine Daemon Thread] INFO  statemachine.DatanodeStateMachine (DatanodeStateMachine.java:lambda$startDaemon$0(540)) - Ozone container server started.
2023-09-19 02:03:49,194 [main] WARN  impl.MetricRegistriesImpl (MetricRegistriesImpl.java:addReporterRegistration(111)) - New reporters are added after registries were created. Some metrics will be missing from the reporter. Please add reporter before adding any new registry.
2023-09-19 02:03:49,194 [main] WARN  impl.MetricRegistriesImpl (MetricRegistriesImpl.java:addReporterRegistration(111)) - New reporters are added after registries were created. Some metrics will be missing from the reporter. Please add reporter before adding any new registry.
2023-09-19 02:03:49,194 [main] INFO  impl.MetricsSystemImpl (MetricsSystemImpl.java:init(158)) - HddsDatanode metrics system started (again)
2023-09-19 02:03:49,198 [IPC Server listener on 15028] INFO  ipc.Server (Server.java:run(1402)) - IPC Server listener on 15028: starting
2023-09-19 02:03:49,220 [Datanode State Machine Task Thread - 0] INFO  datanode.InitDatanodeState (InitDatanodeState.java:persistContainerDatanodeDetails(138)) - DatanodeDetails is persisted to /home/runner/work/ozone/ozone/hadoop-ozone/integration-test/target/test-dir/MiniOzoneClusterImpl-9bcb963b-3a30-483e-aad5-953c8710d6fd/datanode-2/meta/datanode.id
2023-09-19 02:03:49,220 [main] INFO  ozone.HddsDatanodeService (HddsDatanodeService.java:start(237)) - HddsDatanodeService host:fv-az1031-92 ip:10.1.0.29
2023-09-19 02:03:49,252 [main] INFO  upgrade.AbstractLayoutVersionManager (AbstractLayoutVersionManager.java:init(83)) - Initializing Layout version manager with metadata layout = HADOOP_PRC_PORTS_IN_DATANODEDETAILS (version = 7), software layout = HADOOP_PRC_PORTS_IN_DATANODEDETAILS (version = 7)
2023-09-19 02:03:49,254 [main] INFO  statemachine.DatanodeStateMachine (DatanodeStateMachine.java:getEndPointTaskThreadPoolSize(284)) - Datanode State Machine Task Thread Pool size 2
2023-09-19 02:03:49,261 [main] INFO  volume.HddsVolume (HddsVolume.java:<init>(126)) - Creating HddsVolume: /home/runner/work/ozone/ozone/hadoop-ozone/integration-test/target/test-dir/MiniOzoneClusterImpl-9bcb963b-3a30-483e-aad5-953c8710d6fd/datanode-3/data-0/containers/hdds of storage type : DISK capacity : 9223372036854775807
2023-09-19 02:03:49,262 [main] INFO  volume.MutableVolumeSet (MutableVolumeSet.java:initializeVolumeSet(173)) - Added Volume : /home/runner/work/ozone/ozone/hadoop-ozone/integration-test/target/test-dir/MiniOzoneClusterImpl-9bcb963b-3a30-483e-aad5-953c8710d6fd/datanode-3/data-0/containers/hdds to VolumeSet
2023-09-19 02:03:49,265 [main] INFO  volume.MutableVolumeSet (MutableVolumeSet.java:initializeVolumeSet(173)) - Added Volume : /home/runner/work/ozone/ozone/hadoop-ozone/integration-test/target/test-dir/MiniOzoneClusterImpl-9bcb963b-3a30-483e-aad5-953c8710d6fd/datanode-3/data/ratis to VolumeSet
2023-09-19 02:03:49,270 [Thread-193] INFO  ozoneimpl.ContainerReader (ContainerReader.java:readVolume(177)) - Finish verifying containers on volume /home/runner/work/ozone/ozone/hadoop-ozone/integration-test/target/test-dir/MiniOzoneClusterImpl-9bcb963b-3a30-483e-aad5-953c8710d6fd/datanode-3/data-0/containers/hdds
2023-09-19 02:03:49,271 [main] INFO  ozoneimpl.OzoneContainer (OzoneContainer.java:buildContainerSet(314)) - Build ContainerSet costs 0s
2023-09-19 02:03:49,279 [main] INFO  server.RaftServer (ConfUtils.java:logGet(46)) - raft.rpc.type = GRPC (default)
2023-09-19 02:03:49,280 [main] INFO  grpc.GrpcConfigKeys (ConfUtils.java:logFallback(53)) - raft.grpc.admin.host = null (fallback to raft.grpc.server.host)
2023-09-19 02:03:49,280 [main] INFO  grpc.GrpcConfigKeys (ConfUtils.java:logGet(46)) - raft.grpc.admin.port = 15040 (custom)
2023-09-19 02:03:49,280 [main] INFO  grpc.GrpcConfigKeys (ConfUtils.java:logFallback(53)) - raft.grpc.client.host = null (fallback to raft.grpc.server.host)
2023-09-19 02:03:49,280 [main] INFO  grpc.GrpcConfigKeys (ConfUtils.java:logGet(46)) - raft.grpc.client.port = 15039 (custom)
2023-09-19 02:03:49,280 [main] INFO  grpc.GrpcConfigKeys (ConfUtils.java:logGet(46)) - raft.grpc.server.host = null (default)
2023-09-19 02:03:49,280 [main] INFO  grpc.GrpcConfigKeys (ConfUtils.java:logGet(46)) - raft.grpc.server.port = 15041 (custom)
2023-09-19 02:03:49,280 [main] INFO  server.GrpcService (ConfUtils.java:logGet(46)) - raft.grpc.message.size.max = 32MB (=33554432) (custom)
2023-09-19 02:03:49,281 [main] INFO  server.RaftServerConfigKeys (ConfUtils.java:logGet(46)) - raft.server.log.appender.buffer.byte-limit = 33554432 (custom)
2023-09-19 02:03:49,281 [main] INFO  server.GrpcService (ConfUtils.java:logGet(46)) - raft.grpc.flow.control.window = 5MB (=5242880) (custom)
2023-09-19 02:03:49,281 [main] INFO  server.RaftServerConfigKeys (ConfUtils.java:logGet(46)) - raft.server.rpc.request.timeout = 60s (custom)
2023-09-19 02:03:49,281 [main] INFO  grpc.GrpcConfigKeys (ConfUtils.java:logGet(46)) - raft.grpc.server.heartbeat.channel = true (default)
2023-09-19 02:03:49,281 [main] INFO  grpc.GrpcConfigKeys (ConfUtils.java:logGet(46)) - raft.grpc.server.async.request.thread.pool.cached = true (default)
2023-09-19 02:03:49,281 [main] INFO  grpc.GrpcConfigKeys (ConfUtils.java:logGet(46)) - raft.grpc.server.async.request.thread.pool.size = 32 (default)
2023-09-19 02:03:49,284 [main] INFO  impl.DataStreamServerImpl (ConfUtils.java:logGet(46)) - raft.datastream.type = NETTY (custom)
2023-09-19 02:03:49,285 [main] INFO  server.RaftServerConfigKeys (ConfUtils.java:logGet(46)) - raft.server.data-stream.async.request.thread.pool.cached = false (default)
2023-09-19 02:03:49,285 [main] INFO  server.RaftServerConfigKeys (ConfUtils.java:logGet(46)) - raft.server.data-stream.async.request.thread.pool.size = 20 (custom)
2023-09-19 02:03:49,285 [main] INFO  server.RaftServerConfigKeys (ConfUtils.java:logGet(46)) - raft.server.data-stream.async.write.thread.pool.size = 16 (default)
2023-09-19 02:03:49,285 [main] INFO  server.RaftServerConfigKeys (ConfUtils.java:logGet(46)) - raft.server.data-stream.client.pool.size = 10 (default)
2023-09-19 02:03:49,285 [main] INFO  netty.NettyConfigKeys$DataStream (ConfUtils.java:logGet(46)) - raft.netty.dataStream.server.use-epoll = false (default)
2023-09-19 02:03:49,285 [main] INFO  netty.NettyConfigKeys$DataStream (ConfUtils.java:logGet(46)) - raft.netty.dataStream.server.boss-group.size = 0 (default)
2023-09-19 02:03:49,286 [main] INFO  netty.NettyConfigKeys$DataStream (ConfUtils.java:logGet(46)) - raft.netty.dataStream.server.worker-group.size = 0 (default)
2023-09-19 02:03:49,286 [main] INFO  netty.NettyConfigKeys$DataStream (ConfUtils.java:logGet(46)) - raft.netty.dataStream.server.tls.conf = null (default)
2023-09-19 02:03:49,286 [main] INFO  netty.NettyConfigKeys$DataStream (ConfUtils.java:logGet(46)) - raft.netty.dataStream.host = null (default)
2023-09-19 02:03:49,286 [main] INFO  netty.NettyConfigKeys$DataStream (ConfUtils.java:logGet(46)) - raft.netty.dataStream.port = 15042 (custom)
2023-09-19 02:03:49,287 [main] INFO  server.RaftServerConfigKeys (ConfUtils.java:logGet(46)) - raft.server.threadpool.proxy.cached = true (default)
2023-09-19 02:03:49,287 [main] INFO  server.RaftServerConfigKeys (ConfUtils.java:logGet(46)) - raft.server.threadpool.proxy.size = 0 (default)
2023-09-19 02:03:49,287 [main] INFO  server.RaftServerConfigKeys (ConfUtils.java:logGet(46)) - raft.server.rpc.slowness.timeout = 300s (custom)
2023-09-19 02:03:49,287 [main] INFO  server.RaftServerConfigKeys (ConfUtils.java:logGet(46)) - raft.server.leaderelection.leader.step-down.wait-time = 10s (default)
2023-09-19 02:03:49,287 [main] INFO  server.RaftServerConfigKeys (ConfUtils.java:logGet(46)) - raft.server.storage.dir = [/home/runner/work/ozone/ozone/hadoop-ozone/integration-test/target/test-dir/MiniOzoneClusterImpl-9bcb963b-3a30-483e-aad5-953c8710d6fd/datanode-3/data/ratis] (custom)
2023-09-19 02:03:49,291 [5318791c-eaf4-4a3a-8c62-f5bfab93a736-NettyServerStreamRpc-bossGroup--thread1] INFO  logging.LoggingHandler (AbstractInternalLogger.java:log(148)) - [id: 0x3f3a3f68] REGISTERED
2023-09-19 02:03:49,291 [5318791c-eaf4-4a3a-8c62-f5bfab93a736-NettyServerStreamRpc-bossGroup--thread1] INFO  logging.LoggingHandler (AbstractInternalLogger.java:log(148)) - [id: 0x3f3a3f68] BIND: 0.0.0.0/0.0.0.0:15042
2023-09-19 02:03:49,292 [5318791c-eaf4-4a3a-8c62-f5bfab93a736-NettyServerStreamRpc-bossGroup--thread1] INFO  logging.LoggingHandler (AbstractInternalLogger.java:log(148)) - [id: 0x3f3a3f68, L:/0:0:0:0:0:0:0:0:15042] ACTIVE
2023-09-19 02:03:49,292 [5318791c-eaf4-4a3a-8c62-f5bfab93a736-impl-thread1] INFO  server.RaftServer (RaftServerProxy.java:initGroupDir(258)) - 5318791c-eaf4-4a3a-8c62-f5bfab93a736: found a subdirectory /home/runner/work/ozone/ozone/hadoop-ozone/integration-test/target/test-dir/MiniOzoneClusterImpl-9bcb963b-3a30-483e-aad5-953c8710d6fd/datanode-3/data/ratis/tmp
2023-09-19 02:03:49,292 [5318791c-eaf4-4a3a-8c62-f5bfab93a736-impl-thread1] INFO  server.RaftServer (RaftServerProxy.java:initGroupDir(263)) - 5318791c-eaf4-4a3a-8c62-f5bfab93a736: The directory /home/runner/work/ozone/ozone/hadoop-ozone/integration-test/target/test-dir/MiniOzoneClusterImpl-9bcb963b-3a30-483e-aad5-953c8710d6fd/datanode-3/data/ratis/tmp is not a group directory; ignoring it. 
2023-09-19 02:03:49,292 [main] INFO  replication.ReplicationServer (ReplicationServer.java:<init>(83)) - Initializing replication server with thread count = 10 queue length = 4096
2023-09-19 02:03:49,294 [main] INFO  server.XceiverServerGrpc (XceiverServerGrpc.java:<init>(132)) - GrpcServer channel type EpollServerSocketChannel
2023-09-19 02:03:49,296 [main] INFO  replication.ReplicationSupervisor (ReplicationSupervisor.java:build(155)) - Initializing replication supervisor with thread count = 10
2023-09-19 02:03:49,296 [main] INFO  replication.ReplicationSupervisor (ReplicationSupervisor.java:nodeStateUpdated(307)) - Node state updated to IN_SERVICE, scaling executor pool size to 10
2023-09-19 02:03:49,305 [main] INFO  http.BaseHttpServer (BaseHttpServer.java:newHttpServer2BuilderForOzone(223)) - Starting Web-server for hddsDatanode at: http://0.0.0.0:15036
2023-09-19 02:03:49,305 [main] INFO  http.BaseHttpServer (BaseHttpServer.java:<init>(110)) - Hadoop Security Enabled: false Ozone Security Enabled: false Ozone HTTP Security Enabled: false 
2023-09-19 02:03:49,307 [main] WARN  server.AuthenticationFilter (AuthenticationFilter.java:constructSecretProvider(240)) - Unable to initialize FileSignerSecretProvider, falling back to use random secrets. Reason: Could not read signature secret file: /home/runner/hadoop-http-auth-signature-secret
2023-09-19 02:03:49,308 [main] INFO  http.HttpRequestLog (HttpRequestLog.java:getRequestLog(86)) - Http request log for http.requests.hddsDatanode is not defined
2023-09-19 02:03:49,309 [main] INFO  http.HttpServer2 (HttpServer2.java:addGlobalFilter(1031)) - Added global filter 'safety' (class=org.apache.hadoop.hdds.server.http.HttpServer2$QuotingInputFilter)
2023-09-19 02:03:49,310 [main] INFO  http.HttpServer2 (HttpServer2.java:addFilter(1007)) - Added filter static_user_filter (class=org.apache.hadoop.http.lib.StaticUserWebFilter$StaticUserFilter) to context hddsDatanode
2023-09-19 02:03:49,310 [main] INFO  http.HttpServer2 (HttpServer2.java:addFilter(1015)) - Added filter static_user_filter (class=org.apache.hadoop.http.lib.StaticUserWebFilter$StaticUserFilter) to context logs
2023-09-19 02:03:49,310 [main] INFO  http.HttpServer2 (HttpServer2.java:addFilter(1015)) - Added filter static_user_filter (class=org.apache.hadoop.http.lib.StaticUserWebFilter$StaticUserFilter) to context static
2023-09-19 02:03:49,311 [main] INFO  http.BaseHttpServer (BaseHttpServer.java:<init>(189)) - HTTP server of hddsDatanode uses base directory /home/runner/work/ozone/ozone/hadoop-ozone/integration-test/target/test-dir/MiniOzoneClusterImpl-9bcb963b-3a30-483e-aad5-953c8710d6fd/datanode-3/meta/webserver
2023-09-19 02:03:49,311 [main] INFO  http.HttpServer2 (HttpServer2.java:bindListener(1231)) - Jetty bound to port 15036
2023-09-19 02:03:49,311 [main] INFO  server.Server (Server.java:doStart(375)) - jetty-9.4.52.v20230823; built: 2023-08-23T19:29:37.669Z; git: abdcda73818a1a2c705da276edb0bf6581e7997e; jvm 1.8.0_382-b05
2023-09-19 02:03:49,313 [main] INFO  server.session (DefaultSessionIdManager.java:doStart(334)) - DefaultSessionIdManager workerName=node0
2023-09-19 02:03:49,313 [main] INFO  server.session (DefaultSessionIdManager.java:doStart(339)) - No SessionScavenger set, using defaults
2023-09-19 02:03:49,313 [main] INFO  server.session (HouseKeeper.java:startScavenging(132)) - node0 Scavenging every 600000ms
2023-09-19 02:03:49,314 [main] INFO  handler.ContextHandler (ContextHandler.java:doStart(921)) - Started o.e.j.s.ServletContextHandler@185f9c7{logs,/logs,file:///home/runner/work/ozone/ozone/hadoop-ozone/integration-test/target/log,AVAILABLE}
2023-09-19 02:03:49,315 [main] INFO  handler.ContextHandler (ContextHandler.java:doStart(921)) - Started o.e.j.s.ServletContextHandler@6adaccf5{static,/static,jar:file:/home/runner/.m2/repository/org/apache/ozone/hdds-container-service/1.4.0-SNAPSHOT/hdds-container-service-1.4.0-SNAPSHOT.jar!/webapps/static,AVAILABLE}
2023-09-19 02:03:49,512 [main] INFO  handler.ContextHandler (ContextHandler.java:doStart(921)) - Started o.e.j.w.WebAppContext@65ab87e4{hddsDatanode,/,file:///home/runner/work/ozone/ozone/hadoop-ozone/integration-test/target/test-dir/MiniOzoneClusterImpl-9bcb963b-3a30-483e-aad5-953c8710d6fd/datanode-3/meta/webserver/jetty-0_0_0_0-15036-hdds-container-service-1_4_0-SNAPSHOT_jar-_-any-1369257505399767002/webapp/,AVAILABLE}{jar:file:/home/runner/.m2/repository/org/apache/ozone/hdds-container-service/1.4.0-SNAPSHOT/hdds-container-service-1.4.0-SNAPSHOT.jar!/webapps/hddsDatanode}
2023-09-19 02:03:49,513 [main] INFO  server.AbstractConnector (AbstractConnector.java:doStart(333)) - Started ServerConnector@66d774b8{HTTP/1.1, (http/1.1)}{0.0.0.0:15036}
2023-09-19 02:03:49,514 [main] INFO  server.Server (Server.java:doStart(415)) - Started @10221ms
2023-09-19 02:03:49,514 [main] WARN  impl.MetricsSystemImpl (MetricsSystemImpl.java:register(279)) - Sink prometheus already exists!
2023-09-19 02:03:49,515 [main] INFO  http.BaseHttpServer (BaseHttpServer.java:updateConnectorAddress(354)) - HTTP server of hddsDatanode listening at http://0.0.0.0:15036
2023-09-19 02:03:49,515 [main] INFO  ipc.CallQueueManager (CallQueueManager.java:<init>(90)) - Using callQueue: class java.util.concurrent.LinkedBlockingQueue, queueCapacity: 100, scheduler: class org.apache.hadoop.ipc.DefaultRpcScheduler, ipcBackoff: false.
2023-09-19 02:03:49,516 [main] INFO  ipc.Server (Server.java:<init>(1287)) - Listener at 0.0.0.0:15037
2023-09-19 02:03:49,516 [Socket Reader #1 for port 15037] INFO  ipc.Server (Server.java:run(1323)) - Starting Socket Reader #1 for port 15037
2023-09-19 02:03:49,518 [main] INFO  ozone.HddsDatanodeService (HddsDatanodeService.java:start(315)) - Datanode start with admins: [runner]
2023-09-19 02:03:49,523 [main] INFO  ozone.HddsDatanodeClientProtocolServer (HddsDatanodeClientProtocolServer.java:start(72)) - RPC server for Client /0.0.0.0:15037
2023-09-19 02:03:49,524 [IPC Server Responder] INFO  ipc.Server (Server.java:run(1562)) - IPC Server Responder: starting
2023-09-19 02:03:49,524 [Datanode State Machine Daemon Thread] INFO  statemachine.DatanodeStateMachine (DatanodeStateMachine.java:lambda$startDaemon$0(540)) - Ozone container server started.
2023-09-19 02:03:49,524 [main] WARN  impl.MetricRegistriesImpl (MetricRegistriesImpl.java:addReporterRegistration(111)) - New reporters are added after registries were created. Some metrics will be missing from the reporter. Please add reporter before adding any new registry.
2023-09-19 02:03:49,524 [main] WARN  impl.MetricRegistriesImpl (MetricRegistriesImpl.java:addReporterRegistration(111)) - New reporters are added after registries were created. Some metrics will be missing from the reporter. Please add reporter before adding any new registry.
2023-09-19 02:03:49,524 [main] INFO  impl.MetricsSystemImpl (MetricsSystemImpl.java:init(158)) - HddsDatanode metrics system started (again)
2023-09-19 02:03:49,528 [IPC Server listener on 15037] INFO  ipc.Server (Server.java:run(1402)) - IPC Server listener on 15037: starting
2023-09-19 02:03:49,541 [main] INFO  ozone.HddsDatanodeService (HddsDatanodeService.java:start(237)) - HddsDatanodeService host:fv-az1031-92 ip:10.1.0.29
2023-09-19 02:03:49,562 [Datanode State Machine Task Thread - 0] INFO  datanode.InitDatanodeState (InitDatanodeState.java:persistContainerDatanodeDetails(138)) - DatanodeDetails is persisted to /home/runner/work/ozone/ozone/hadoop-ozone/integration-test/target/test-dir/MiniOzoneClusterImpl-9bcb963b-3a30-483e-aad5-953c8710d6fd/datanode-3/meta/datanode.id
2023-09-19 02:03:49,578 [main] INFO  upgrade.AbstractLayoutVersionManager (AbstractLayoutVersionManager.java:init(83)) - Initializing Layout version manager with metadata layout = HADOOP_PRC_PORTS_IN_DATANODEDETAILS (version = 7), software layout = HADOOP_PRC_PORTS_IN_DATANODEDETAILS (version = 7)
2023-09-19 02:03:49,579 [main] INFO  statemachine.DatanodeStateMachine (DatanodeStateMachine.java:getEndPointTaskThreadPoolSize(284)) - Datanode State Machine Task Thread Pool size 2
2023-09-19 02:03:49,584 [main] INFO  volume.HddsVolume (HddsVolume.java:<init>(126)) - Creating HddsVolume: /home/runner/work/ozone/ozone/hadoop-ozone/integration-test/target/test-dir/MiniOzoneClusterImpl-9bcb963b-3a30-483e-aad5-953c8710d6fd/datanode-4/data-0/containers/hdds of storage type : DISK capacity : 9223372036854775807
2023-09-19 02:03:49,585 [main] INFO  volume.MutableVolumeSet (MutableVolumeSet.java:initializeVolumeSet(173)) - Added Volume : /home/runner/work/ozone/ozone/hadoop-ozone/integration-test/target/test-dir/MiniOzoneClusterImpl-9bcb963b-3a30-483e-aad5-953c8710d6fd/datanode-4/data-0/containers/hdds to VolumeSet
2023-09-19 02:03:49,586 [main] INFO  volume.MutableVolumeSet (MutableVolumeSet.java:initializeVolumeSet(173)) - Added Volume : /home/runner/work/ozone/ozone/hadoop-ozone/integration-test/target/test-dir/MiniOzoneClusterImpl-9bcb963b-3a30-483e-aad5-953c8710d6fd/datanode-4/data/ratis to VolumeSet
2023-09-19 02:03:49,587 [Thread-210] INFO  ozoneimpl.ContainerReader (ContainerReader.java:readVolume(177)) - Finish verifying containers on volume /home/runner/work/ozone/ozone/hadoop-ozone/integration-test/target/test-dir/MiniOzoneClusterImpl-9bcb963b-3a30-483e-aad5-953c8710d6fd/datanode-4/data-0/containers/hdds
2023-09-19 02:03:49,588 [main] INFO  ozoneimpl.OzoneContainer (OzoneContainer.java:buildContainerSet(314)) - Build ContainerSet costs 0s
2023-09-19 02:03:49,591 [main] INFO  server.RaftServer (ConfUtils.java:logGet(46)) - raft.rpc.type = GRPC (default)
2023-09-19 02:03:49,591 [main] INFO  grpc.GrpcConfigKeys (ConfUtils.java:logFallback(53)) - raft.grpc.admin.host = null (fallback to raft.grpc.server.host)
2023-09-19 02:03:49,591 [main] INFO  grpc.GrpcConfigKeys (ConfUtils.java:logGet(46)) - raft.grpc.admin.port = 15049 (custom)
2023-09-19 02:03:49,591 [main] INFO  grpc.GrpcConfigKeys (ConfUtils.java:logFallback(53)) - raft.grpc.client.host = null (fallback to raft.grpc.server.host)
2023-09-19 02:03:49,591 [main] INFO  grpc.GrpcConfigKeys (ConfUtils.java:logGet(46)) - raft.grpc.client.port = 15048 (custom)
2023-09-19 02:03:49,591 [main] INFO  grpc.GrpcConfigKeys (ConfUtils.java:logGet(46)) - raft.grpc.server.host = null (default)
2023-09-19 02:03:49,592 [main] INFO  grpc.GrpcConfigKeys (ConfUtils.java:logGet(46)) - raft.grpc.server.port = 15050 (custom)
2023-09-19 02:03:49,592 [main] INFO  server.GrpcService (ConfUtils.java:logGet(46)) - raft.grpc.message.size.max = 32MB (=33554432) (custom)
2023-09-19 02:03:49,592 [main] INFO  server.RaftServerConfigKeys (ConfUtils.java:logGet(46)) - raft.server.log.appender.buffer.byte-limit = 33554432 (custom)
2023-09-19 02:03:49,592 [main] INFO  server.GrpcService (ConfUtils.java:logGet(46)) - raft.grpc.flow.control.window = 5MB (=5242880) (custom)
2023-09-19 02:03:49,592 [main] INFO  server.RaftServerConfigKeys (ConfUtils.java:logGet(46)) - raft.server.rpc.request.timeout = 60s (custom)
2023-09-19 02:03:49,592 [main] INFO  grpc.GrpcConfigKeys (ConfUtils.java:logGet(46)) - raft.grpc.server.heartbeat.channel = true (default)
2023-09-19 02:03:49,592 [main] INFO  grpc.GrpcConfigKeys (ConfUtils.java:logGet(46)) - raft.grpc.server.async.request.thread.pool.cached = true (default)
2023-09-19 02:03:49,592 [main] INFO  grpc.GrpcConfigKeys (ConfUtils.java:logGet(46)) - raft.grpc.server.async.request.thread.pool.size = 32 (default)
2023-09-19 02:03:49,595 [main] INFO  impl.DataStreamServerImpl (ConfUtils.java:logGet(46)) - raft.datastream.type = NETTY (custom)
2023-09-19 02:03:49,596 [main] INFO  server.RaftServerConfigKeys (ConfUtils.java:logGet(46)) - raft.server.data-stream.async.request.thread.pool.cached = false (default)
2023-09-19 02:03:49,596 [main] INFO  server.RaftServerConfigKeys (ConfUtils.java:logGet(46)) - raft.server.data-stream.async.request.thread.pool.size = 20 (custom)
2023-09-19 02:03:49,596 [main] INFO  server.RaftServerConfigKeys (ConfUtils.java:logGet(46)) - raft.server.data-stream.async.write.thread.pool.size = 16 (default)
2023-09-19 02:03:49,596 [main] INFO  server.RaftServerConfigKeys (ConfUtils.java:logGet(46)) - raft.server.data-stream.client.pool.size = 10 (default)
2023-09-19 02:03:49,596 [main] INFO  netty.NettyConfigKeys$DataStream (ConfUtils.java:logGet(46)) - raft.netty.dataStream.server.use-epoll = false (default)
2023-09-19 02:03:49,596 [main] INFO  netty.NettyConfigKeys$DataStream (ConfUtils.java:logGet(46)) - raft.netty.dataStream.server.boss-group.size = 0 (default)
2023-09-19 02:03:49,597 [main] INFO  netty.NettyConfigKeys$DataStream (ConfUtils.java:logGet(46)) - raft.netty.dataStream.server.worker-group.size = 0 (default)
2023-09-19 02:03:49,597 [main] INFO  netty.NettyConfigKeys$DataStream (ConfUtils.java:logGet(46)) - raft.netty.dataStream.server.tls.conf = null (default)
2023-09-19 02:03:49,597 [main] INFO  netty.NettyConfigKeys$DataStream (ConfUtils.java:logGet(46)) - raft.netty.dataStream.host = null (default)
2023-09-19 02:03:49,597 [main] INFO  netty.NettyConfigKeys$DataStream (ConfUtils.java:logGet(46)) - raft.netty.dataStream.port = 15051 (custom)
2023-09-19 02:03:49,598 [main] INFO  server.RaftServerConfigKeys (ConfUtils.java:logGet(46)) - raft.server.threadpool.proxy.cached = true (default)
2023-09-19 02:03:49,598 [main] INFO  server.RaftServerConfigKeys (ConfUtils.java:logGet(46)) - raft.server.threadpool.proxy.size = 0 (default)
2023-09-19 02:03:49,599 [main] INFO  server.RaftServerConfigKeys (ConfUtils.java:logGet(46)) - raft.server.rpc.slowness.timeout = 300s (custom)
2023-09-19 02:03:49,599 [main] INFO  server.RaftServerConfigKeys (ConfUtils.java:logGet(46)) - raft.server.leaderelection.leader.step-down.wait-time = 10s (default)
2023-09-19 02:03:49,599 [main] INFO  server.RaftServerConfigKeys (ConfUtils.java:logGet(46)) - raft.server.storage.dir = [/home/runner/work/ozone/ozone/hadoop-ozone/integration-test/target/test-dir/MiniOzoneClusterImpl-9bcb963b-3a30-483e-aad5-953c8710d6fd/datanode-4/data/ratis] (custom)
2023-09-19 02:03:49,623 [e775f47d-b5dc-484c-be98-194b1f285975-impl-thread1] INFO  server.RaftServer (RaftServerProxy.java:initGroupDir(258)) - e775f47d-b5dc-484c-be98-194b1f285975: found a subdirectory /home/runner/work/ozone/ozone/hadoop-ozone/integration-test/target/test-dir/MiniOzoneClusterImpl-9bcb963b-3a30-483e-aad5-953c8710d6fd/datanode-4/data/ratis/tmp
2023-09-19 02:03:49,623 [e775f47d-b5dc-484c-be98-194b1f285975-impl-thread1] INFO  server.RaftServer (RaftServerProxy.java:initGroupDir(263)) - e775f47d-b5dc-484c-be98-194b1f285975: The directory /home/runner/work/ozone/ozone/hadoop-ozone/integration-test/target/test-dir/MiniOzoneClusterImpl-9bcb963b-3a30-483e-aad5-953c8710d6fd/datanode-4/data/ratis/tmp is not a group directory; ignoring it. 
2023-09-19 02:03:49,624 [main] INFO  replication.ReplicationServer (ReplicationServer.java:<init>(83)) - Initializing replication server with thread count = 10 queue length = 4096
2023-09-19 02:03:49,626 [e775f47d-b5dc-484c-be98-194b1f285975-NettyServerStreamRpc-bossGroup--thread1] INFO  logging.LoggingHandler (AbstractInternalLogger.java:log(148)) - [id: 0x20dd44d5] REGISTERED
2023-09-19 02:03:49,627 [e775f47d-b5dc-484c-be98-194b1f285975-NettyServerStreamRpc-bossGroup--thread1] INFO  logging.LoggingHandler (AbstractInternalLogger.java:log(148)) - [id: 0x20dd44d5] BIND: 0.0.0.0/0.0.0.0:15051
2023-09-19 02:03:49,627 [e775f47d-b5dc-484c-be98-194b1f285975-NettyServerStreamRpc-bossGroup--thread1] INFO  logging.LoggingHandler (AbstractInternalLogger.java:log(148)) - [id: 0x20dd44d5, L:/0:0:0:0:0:0:0:0:15051] ACTIVE
2023-09-19 02:03:49,629 [main] INFO  server.XceiverServerGrpc (XceiverServerGrpc.java:<init>(132)) - GrpcServer channel type EpollServerSocketChannel
2023-09-19 02:03:49,631 [main] INFO  replication.ReplicationSupervisor (ReplicationSupervisor.java:build(155)) - Initializing replication supervisor with thread count = 10
2023-09-19 02:03:49,631 [main] INFO  replication.ReplicationSupervisor (ReplicationSupervisor.java:nodeStateUpdated(307)) - Node state updated to IN_SERVICE, scaling executor pool size to 10
2023-09-19 02:03:49,639 [main] INFO  http.BaseHttpServer (BaseHttpServer.java:newHttpServer2BuilderForOzone(223)) - Starting Web-server for hddsDatanode at: http://0.0.0.0:15045
2023-09-19 02:03:49,639 [main] INFO  http.BaseHttpServer (BaseHttpServer.java:<init>(110)) - Hadoop Security Enabled: false Ozone Security Enabled: false Ozone HTTP Security Enabled: false 
2023-09-19 02:03:49,642 [main] WARN  server.AuthenticationFilter (AuthenticationFilter.java:constructSecretProvider(240)) - Unable to initialize FileSignerSecretProvider, falling back to use random secrets. Reason: Could not read signature secret file: /home/runner/hadoop-http-auth-signature-secret
2023-09-19 02:03:49,642 [main] INFO  http.HttpRequestLog (HttpRequestLog.java:getRequestLog(86)) - Http request log for http.requests.hddsDatanode is not defined
2023-09-19 02:03:49,644 [main] INFO  http.HttpServer2 (HttpServer2.java:addGlobalFilter(1031)) - Added global filter 'safety' (class=org.apache.hadoop.hdds.server.http.HttpServer2$QuotingInputFilter)
2023-09-19 02:03:49,645 [main] INFO  http.HttpServer2 (HttpServer2.java:addFilter(1007)) - Added filter static_user_filter (class=org.apache.hadoop.http.lib.StaticUserWebFilter$StaticUserFilter) to context hddsDatanode
2023-09-19 02:03:49,645 [main] INFO  http.HttpServer2 (HttpServer2.java:addFilter(1015)) - Added filter static_user_filter (class=org.apache.hadoop.http.lib.StaticUserWebFilter$StaticUserFilter) to context logs
2023-09-19 02:03:49,645 [main] INFO  http.HttpServer2 (HttpServer2.java:addFilter(1015)) - Added filter static_user_filter (class=org.apache.hadoop.http.lib.StaticUserWebFilter$StaticUserFilter) to context static
2023-09-19 02:03:49,646 [main] INFO  http.BaseHttpServer (BaseHttpServer.java:<init>(189)) - HTTP server of hddsDatanode uses base directory /home/runner/work/ozone/ozone/hadoop-ozone/integration-test/target/test-dir/MiniOzoneClusterImpl-9bcb963b-3a30-483e-aad5-953c8710d6fd/datanode-4/meta/webserver
2023-09-19 02:03:49,646 [main] INFO  http.HttpServer2 (HttpServer2.java:bindListener(1231)) - Jetty bound to port 15045
2023-09-19 02:03:49,646 [main] INFO  server.Server (Server.java:doStart(375)) - jetty-9.4.52.v20230823; built: 2023-08-23T19:29:37.669Z; git: abdcda73818a1a2c705da276edb0bf6581e7997e; jvm 1.8.0_382-b05
2023-09-19 02:03:49,648 [main] INFO  server.session (DefaultSessionIdManager.java:doStart(334)) - DefaultSessionIdManager workerName=node0
2023-09-19 02:03:49,648 [main] INFO  server.session (DefaultSessionIdManager.java:doStart(339)) - No SessionScavenger set, using defaults
2023-09-19 02:03:49,648 [main] INFO  server.session (HouseKeeper.java:startScavenging(132)) - node0 Scavenging every 660000ms
2023-09-19 02:03:49,649 [main] INFO  handler.ContextHandler (ContextHandler.java:doStart(921)) - Started o.e.j.s.ServletContextHandler@ee92d4e{logs,/logs,file:///home/runner/work/ozone/ozone/hadoop-ozone/integration-test/target/log,AVAILABLE}
2023-09-19 02:03:49,649 [main] INFO  handler.ContextHandler (ContextHandler.java:doStart(921)) - Started o.e.j.s.ServletContextHandler@53b6d9{static,/static,jar:file:/home/runner/.m2/repository/org/apache/ozone/hdds-container-service/1.4.0-SNAPSHOT/hdds-container-service-1.4.0-SNAPSHOT.jar!/webapps/static,AVAILABLE}
2023-09-19 02:03:49,841 [main] INFO  handler.ContextHandler (ContextHandler.java:doStart(921)) - Started o.e.j.w.WebAppContext@2102d36f{hddsDatanode,/,file:///home/runner/work/ozone/ozone/hadoop-ozone/integration-test/target/test-dir/MiniOzoneClusterImpl-9bcb963b-3a30-483e-aad5-953c8710d6fd/datanode-4/meta/webserver/jetty-0_0_0_0-15045-hdds-container-service-1_4_0-SNAPSHOT_jar-_-any-5821595624322794704/webapp/,AVAILABLE}{jar:file:/home/runner/.m2/repository/org/apache/ozone/hdds-container-service/1.4.0-SNAPSHOT/hdds-container-service-1.4.0-SNAPSHOT.jar!/webapps/hddsDatanode}
2023-09-19 02:03:49,843 [main] INFO  server.AbstractConnector (AbstractConnector.java:doStart(333)) - Started ServerConnector@27446428{HTTP/1.1, (http/1.1)}{0.0.0.0:15045}
2023-09-19 02:03:49,843 [main] INFO  server.Server (Server.java:doStart(415)) - Started @10550ms
2023-09-19 02:03:49,843 [main] WARN  impl.MetricsSystemImpl (MetricsSystemImpl.java:register(279)) - Sink prometheus already exists!
2023-09-19 02:03:49,844 [main] INFO  http.BaseHttpServer (BaseHttpServer.java:updateConnectorAddress(354)) - HTTP server of hddsDatanode listening at http://0.0.0.0:15045
2023-09-19 02:03:49,844 [main] INFO  ipc.CallQueueManager (CallQueueManager.java:<init>(90)) - Using callQueue: class java.util.concurrent.LinkedBlockingQueue, queueCapacity: 100, scheduler: class org.apache.hadoop.ipc.DefaultRpcScheduler, ipcBackoff: false.
2023-09-19 02:03:49,844 [main] INFO  ipc.Server (Server.java:<init>(1287)) - Listener at 0.0.0.0:15046
2023-09-19 02:03:49,846 [Socket Reader #1 for port 15046] INFO  ipc.Server (Server.java:run(1323)) - Starting Socket Reader #1 for port 15046
2023-09-19 02:03:49,853 [main] INFO  ozone.HddsDatanodeService (HddsDatanodeService.java:start(315)) - Datanode start with admins: [runner]
2023-09-19 02:03:49,853 [main] INFO  ozone.HddsDatanodeClientProtocolServer (HddsDatanodeClientProtocolServer.java:start(72)) - RPC server for Client /0.0.0.0:15046
2023-09-19 02:03:49,853 [IPC Server Responder] INFO  ipc.Server (Server.java:run(1562)) - IPC Server Responder: starting
2023-09-19 02:03:49,855 [IPC Server listener on 15046] INFO  ipc.Server (Server.java:run(1402)) - IPC Server listener on 15046: starting
2023-09-19 02:03:49,856 [main] INFO  ozone.MiniOzoneClusterImpl (MiniOzoneClusterImpl.java:lambda$waitForClusterToBeReady$0(224)) - Waiting for nodes to be ready. Got 0 of 5 DN Heartbeats.
2023-09-19 02:03:49,856 [main] INFO  ozone.MiniOzoneClusterImpl (MiniOzoneClusterImpl.java:lambda$waitForClusterToBeReady$0(227)) - Waiting for cluster to exit safe mode
2023-09-19 02:03:49,856 [main] INFO  ozone.MiniOzoneClusterImpl (MiniOzoneClusterImpl.java:lambda$waitForClusterToBeReady$0(229)) - SCM became leader
2023-09-19 02:03:49,859 [Datanode State Machine Daemon Thread] INFO  statemachine.DatanodeStateMachine (DatanodeStateMachine.java:lambda$startDaemon$0(540)) - Ozone container server started.
2023-09-19 02:03:49,866 [Datanode State Machine Task Thread - 0] INFO  datanode.InitDatanodeState (InitDatanodeState.java:persistContainerDatanodeDetails(138)) - DatanodeDetails is persisted to /home/runner/work/ozone/ozone/hadoop-ozone/integration-test/target/test-dir/MiniOzoneClusterImpl-9bcb963b-3a30-483e-aad5-953c8710d6fd/datanode-4/meta/datanode.id
2023-09-19 02:03:50,502 [EndpointStateMachine task thread for /0.0.0.0:15002 - 0 ] INFO  utils.DatanodeStoreCache (DatanodeStoreCache.java:addDB(66)) - Added db /home/runner/work/ozone/ozone/hadoop-ozone/integration-test/target/test-dir/MiniOzoneClusterImpl-9bcb963b-3a30-483e-aad5-953c8710d6fd/datanode-0/data-0/containers/hdds/9bcb963b-3a30-483e-aad5-953c8710d6fd/DS-cc93b8a1-fa4e-429c-a0b0-a30102c34521/container.db to cache
2023-09-19 02:03:50,503 [EndpointStateMachine task thread for /0.0.0.0:15002 - 0 ] INFO  volume.HddsVolume (HddsVolume.java:createDbStore(422)) - SchemaV3 db is created and loaded at /home/runner/work/ozone/ozone/hadoop-ozone/integration-test/target/test-dir/MiniOzoneClusterImpl-9bcb963b-3a30-483e-aad5-953c8710d6fd/datanode-0/data-0/containers/hdds/9bcb963b-3a30-483e-aad5-953c8710d6fd/DS-cc93b8a1-fa4e-429c-a0b0-a30102c34521/container.db for volume DS-cc93b8a1-fa4e-429c-a0b0-a30102c34521
2023-09-19 02:03:50,510 [EndpointStateMachine task thread for /0.0.0.0:15002 - 0 ] INFO  volume.ThrottledAsyncChecker (ThrottledAsyncChecker.java:schedule(141)) - Scheduling a check for /home/runner/work/ozone/ozone/hadoop-ozone/integration-test/target/test-dir/MiniOzoneClusterImpl-9bcb963b-3a30-483e-aad5-953c8710d6fd/datanode-0/data-0/containers/hdds
2023-09-19 02:03:50,534 [EndpointStateMachine task thread for /0.0.0.0:15002 - 0 ] INFO  volume.StorageVolumeChecker (StorageVolumeChecker.java:checkAllVolumes(213)) - Scheduled health check for volume /home/runner/work/ozone/ozone/hadoop-ozone/integration-test/target/test-dir/MiniOzoneClusterImpl-9bcb963b-3a30-483e-aad5-953c8710d6fd/datanode-0/data-0/containers/hdds
2023-09-19 02:03:50,536 [EndpointStateMachine task thread for /0.0.0.0:15002 - 0 ] INFO  volume.ThrottledAsyncChecker (ThrottledAsyncChecker.java:schedule(141)) - Scheduling a check for /home/runner/work/ozone/ozone/hadoop-ozone/integration-test/target/test-dir/MiniOzoneClusterImpl-9bcb963b-3a30-483e-aad5-953c8710d6fd/datanode-0/data/ratis
2023-09-19 02:03:50,537 [EndpointStateMachine task thread for /0.0.0.0:15002 - 0 ] INFO  volume.StorageVolumeChecker (StorageVolumeChecker.java:checkAllVolumes(213)) - Scheduled health check for volume /home/runner/work/ozone/ozone/hadoop-ozone/integration-test/target/test-dir/MiniOzoneClusterImpl-9bcb963b-3a30-483e-aad5-953c8710d6fd/datanode-0/data/ratis
2023-09-19 02:03:50,538 [EndpointStateMachine task thread for /0.0.0.0:15002 - 0 ] INFO  ozoneimpl.OzoneContainer (OzoneContainer.java:start(429)) - Attempting to start container services.
2023-09-19 02:03:50,540 [EndpointStateMachine task thread for /0.0.0.0:15002 - 0 ] INFO  ozoneimpl.OzoneContainer (OzoneContainer.java:startContainerScrub(325)) - Scheduled background container scanners and the on-demand container scanner have been disabled.
2023-09-19 02:03:50,542 [EndpointStateMachine task thread for /0.0.0.0:15002 - 0 ] INFO  replication.ReplicationServer (ReplicationServer.java:start(134)) - ReplicationServer is started using port 15016
2023-09-19 02:03:50,542 [EndpointStateMachine task thread for /0.0.0.0:15002 - 0 ] INFO  ratis.XceiverServerRatis (XceiverServerRatis.java:start(517)) - Starting XceiverServerRatis b1558ce8-bc2f-4c62-aaec-0278e14522f1
2023-09-19 02:03:50,550 [EndpointStateMachine task thread for /0.0.0.0:15002 - 0 ] INFO  server.RaftServer (RaftServerProxy.java:startImpl(400)) - b1558ce8-bc2f-4c62-aaec-0278e14522f1: start RPC server
2023-09-19 02:03:50,556 [EndpointStateMachine task thread for /0.0.0.0:15002 - 0 ] INFO  server.GrpcService (GrpcService.java:startImpl(302)) - b1558ce8-bc2f-4c62-aaec-0278e14522f1: GrpcService started, listening on 15012
2023-09-19 02:03:50,558 [EndpointStateMachine task thread for /0.0.0.0:15002 - 0 ] INFO  server.GrpcService (GrpcService.java:startImpl(302)) - b1558ce8-bc2f-4c62-aaec-0278e14522f1: GrpcService started, listening on 15014
2023-09-19 02:03:50,560 [EndpointStateMachine task thread for /0.0.0.0:15002 - 0 ] INFO  server.GrpcService (GrpcService.java:startImpl(302)) - b1558ce8-bc2f-4c62-aaec-0278e14522f1: GrpcService started, listening on 15013
2023-09-19 02:03:50,560 [EndpointStateMachine task thread for /0.0.0.0:15002 - 0 ] INFO  ratis.XceiverServerRatis (XceiverServerRatis.java:getRealPort(543)) - XceiverServerRatis b1558ce8-bc2f-4c62-aaec-0278e14522f1 is started using port 15012 for RATIS
2023-09-19 02:03:50,560 [EndpointStateMachine task thread for /0.0.0.0:15002 - 0 ] INFO  ratis.XceiverServerRatis (XceiverServerRatis.java:getRealPort(543)) - XceiverServerRatis b1558ce8-bc2f-4c62-aaec-0278e14522f1 is started using port 15013 for RATIS_ADMIN
2023-09-19 02:03:50,560 [EndpointStateMachine task thread for /0.0.0.0:15002 - 0 ] INFO  ratis.XceiverServerRatis (XceiverServerRatis.java:getRealPort(543)) - XceiverServerRatis b1558ce8-bc2f-4c62-aaec-0278e14522f1 is started using port 15014 for RATIS_SERVER
2023-09-19 02:03:50,560 [EndpointStateMachine task thread for /0.0.0.0:15002 - 0 ] INFO  ratis.XceiverServerRatis (XceiverServerRatis.java:getRealPort(543)) - XceiverServerRatis b1558ce8-bc2f-4c62-aaec-0278e14522f1 is started using port 15015 for RATIS_DATASTREAM
2023-09-19 02:03:50,561 [JvmPauseMonitor2] INFO  util.JvmPauseMonitor (JvmPauseMonitor.java:run(103)) - JvmPauseMonitor-b1558ce8-bc2f-4c62-aaec-0278e14522f1: Started
2023-09-19 02:03:50,574 [BlockDeletingService#0] INFO  interfaces.ContainerDeletionChoosingPolicyTemplate (ContainerDeletionChoosingPolicyTemplate.java:chooseContainerForBlockDeletion(85)) - Chosen 0/5000 blocks from 0 candidate containers.
2023-09-19 02:03:50,856 [main] INFO  ozone.MiniOzoneClusterImpl (MiniOzoneClusterImpl.java:lambda$waitForClusterToBeReady$0(224)) - Waiting for nodes to be ready. Got 0 of 5 DN Heartbeats.
2023-09-19 02:03:50,856 [main] INFO  ozone.MiniOzoneClusterImpl (MiniOzoneClusterImpl.java:lambda$waitForClusterToBeReady$0(227)) - Waiting for cluster to exit safe mode
2023-09-19 02:03:50,856 [main] INFO  ozone.MiniOzoneClusterImpl (MiniOzoneClusterImpl.java:lambda$waitForClusterToBeReady$0(229)) - SCM became leader
2023-09-19 02:03:50,890 [EndpointStateMachine task thread for /0.0.0.0:15002 - 0 ] INFO  utils.DatanodeStoreCache (DatanodeStoreCache.java:addDB(66)) - Added db /home/runner/work/ozone/ozone/hadoop-ozone/integration-test/target/test-dir/MiniOzoneClusterImpl-9bcb963b-3a30-483e-aad5-953c8710d6fd/datanode-1/data-0/containers/hdds/9bcb963b-3a30-483e-aad5-953c8710d6fd/DS-6b3a8fb9-1ccd-40f0-a1cd-224753489928/container.db to cache
2023-09-19 02:03:50,890 [EndpointStateMachine task thread for /0.0.0.0:15002 - 0 ] INFO  volume.HddsVolume (HddsVolume.java:createDbStore(422)) - SchemaV3 db is created and loaded at /home/runner/work/ozone/ozone/hadoop-ozone/integration-test/target/test-dir/MiniOzoneClusterImpl-9bcb963b-3a30-483e-aad5-953c8710d6fd/datanode-1/data-0/containers/hdds/9bcb963b-3a30-483e-aad5-953c8710d6fd/DS-6b3a8fb9-1ccd-40f0-a1cd-224753489928/container.db for volume DS-6b3a8fb9-1ccd-40f0-a1cd-224753489928
2023-09-19 02:03:50,891 [EndpointStateMachine task thread for /0.0.0.0:15002 - 0 ] INFO  volume.ThrottledAsyncChecker (ThrottledAsyncChecker.java:schedule(141)) - Scheduling a check for /home/runner/work/ozone/ozone/hadoop-ozone/integration-test/target/test-dir/MiniOzoneClusterImpl-9bcb963b-3a30-483e-aad5-953c8710d6fd/datanode-1/data-0/containers/hdds
2023-09-19 02:03:50,899 [EndpointStateMachine task thread for /0.0.0.0:15002 - 0 ] INFO  volume.StorageVolumeChecker (StorageVolumeChecker.java:checkAllVolumes(213)) - Scheduled health check for volume /home/runner/work/ozone/ozone/hadoop-ozone/integration-test/target/test-dir/MiniOzoneClusterImpl-9bcb963b-3a30-483e-aad5-953c8710d6fd/datanode-1/data-0/containers/hdds
2023-09-19 02:03:50,904 [EndpointStateMachine task thread for /0.0.0.0:15002 - 0 ] INFO  volume.ThrottledAsyncChecker (ThrottledAsyncChecker.java:schedule(141)) - Scheduling a check for /home/runner/work/ozone/ozone/hadoop-ozone/integration-test/target/test-dir/MiniOzoneClusterImpl-9bcb963b-3a30-483e-aad5-953c8710d6fd/datanode-1/data/ratis
2023-09-19 02:03:50,904 [EndpointStateMachine task thread for /0.0.0.0:15002 - 0 ] INFO  volume.StorageVolumeChecker (StorageVolumeChecker.java:checkAllVolumes(213)) - Scheduled health check for volume /home/runner/work/ozone/ozone/hadoop-ozone/integration-test/target/test-dir/MiniOzoneClusterImpl-9bcb963b-3a30-483e-aad5-953c8710d6fd/datanode-1/data/ratis
2023-09-19 02:03:50,905 [EndpointStateMachine task thread for /0.0.0.0:15002 - 0 ] INFO  ozoneimpl.OzoneContainer (OzoneContainer.java:start(429)) - Attempting to start container services.
2023-09-19 02:03:50,905 [EndpointStateMachine task thread for /0.0.0.0:15002 - 0 ] INFO  ozoneimpl.OzoneContainer (OzoneContainer.java:startContainerScrub(325)) - Scheduled background container scanners and the on-demand container scanner have been disabled.
2023-09-19 02:03:50,907 [EndpointStateMachine task thread for /0.0.0.0:15002 - 0 ] INFO  replication.ReplicationServer (ReplicationServer.java:start(134)) - ReplicationServer is started using port 15025
2023-09-19 02:03:50,907 [EndpointStateMachine task thread for /0.0.0.0:15002 - 0 ] INFO  ratis.XceiverServerRatis (XceiverServerRatis.java:start(517)) - Starting XceiverServerRatis 3d8e742d-6d38-4fa1-811b-6a8dd626afd2
2023-09-19 02:03:50,908 [EndpointStateMachine task thread for /0.0.0.0:15002 - 0 ] INFO  server.RaftServer (RaftServerProxy.java:startImpl(400)) - 3d8e742d-6d38-4fa1-811b-6a8dd626afd2: start RPC server
2023-09-19 02:03:50,909 [EndpointStateMachine task thread for /0.0.0.0:15002 - 0 ] INFO  server.GrpcService (GrpcService.java:startImpl(302)) - 3d8e742d-6d38-4fa1-811b-6a8dd626afd2: GrpcService started, listening on 15021
2023-09-19 02:03:50,911 [EndpointStateMachine task thread for /0.0.0.0:15002 - 0 ] INFO  server.GrpcService (GrpcService.java:startImpl(302)) - 3d8e742d-6d38-4fa1-811b-6a8dd626afd2: GrpcService started, listening on 15023
2023-09-19 02:03:50,913 [EndpointStateMachine task thread for /0.0.0.0:15002 - 0 ] INFO  server.GrpcService (GrpcService.java:startImpl(302)) - 3d8e742d-6d38-4fa1-811b-6a8dd626afd2: GrpcService started, listening on 15022
2023-09-19 02:03:50,913 [EndpointStateMachine task thread for /0.0.0.0:15002 - 0 ] INFO  ratis.XceiverServerRatis (XceiverServerRatis.java:getRealPort(543)) - XceiverServerRatis 3d8e742d-6d38-4fa1-811b-6a8dd626afd2 is started using port 15021 for RATIS
2023-09-19 02:03:50,913 [EndpointStateMachine task thread for /0.0.0.0:15002 - 0 ] INFO  ratis.XceiverServerRatis (XceiverServerRatis.java:getRealPort(543)) - XceiverServerRatis 3d8e742d-6d38-4fa1-811b-6a8dd626afd2 is started using port 15022 for RATIS_ADMIN
2023-09-19 02:03:50,913 [JvmPauseMonitor3] INFO  util.JvmPauseMonitor (JvmPauseMonitor.java:run(103)) - JvmPauseMonitor-3d8e742d-6d38-4fa1-811b-6a8dd626afd2: Started
2023-09-19 02:03:50,913 [EndpointStateMachine task thread for /0.0.0.0:15002 - 0 ] INFO  ratis.XceiverServerRatis (XceiverServerRatis.java:getRealPort(543)) - XceiverServerRatis 3d8e742d-6d38-4fa1-811b-6a8dd626afd2 is started using port 15023 for RATIS_SERVER
2023-09-19 02:03:50,913 [EndpointStateMachine task thread for /0.0.0.0:15002 - 0 ] INFO  ratis.XceiverServerRatis (XceiverServerRatis.java:getRealPort(543)) - XceiverServerRatis 3d8e742d-6d38-4fa1-811b-6a8dd626afd2 is started using port 15024 for RATIS_DATASTREAM
2023-09-19 02:03:50,924 [BlockDeletingService#0] INFO  interfaces.ContainerDeletionChoosingPolicyTemplate (ContainerDeletionChoosingPolicyTemplate.java:chooseContainerForBlockDeletion(85)) - Chosen 0/5000 blocks from 0 candidate containers.
2023-09-19 02:03:51,234 [EndpointStateMachine task thread for /0.0.0.0:15002 - 0 ] INFO  utils.DatanodeStoreCache (DatanodeStoreCache.java:addDB(66)) - Added db /home/runner/work/ozone/ozone/hadoop-ozone/integration-test/target/test-dir/MiniOzoneClusterImpl-9bcb963b-3a30-483e-aad5-953c8710d6fd/datanode-2/data-0/containers/hdds/9bcb963b-3a30-483e-aad5-953c8710d6fd/DS-7046a98f-be74-4af2-8716-8790699c6bc1/container.db to cache
2023-09-19 02:03:51,234 [EndpointStateMachine task thread for /0.0.0.0:15002 - 0 ] INFO  volume.HddsVolume (HddsVolume.java:createDbStore(422)) - SchemaV3 db is created and loaded at /home/runner/work/ozone/ozone/hadoop-ozone/integration-test/target/test-dir/MiniOzoneClusterImpl-9bcb963b-3a30-483e-aad5-953c8710d6fd/datanode-2/data-0/containers/hdds/9bcb963b-3a30-483e-aad5-953c8710d6fd/DS-7046a98f-be74-4af2-8716-8790699c6bc1/container.db for volume DS-7046a98f-be74-4af2-8716-8790699c6bc1
2023-09-19 02:03:51,239 [EndpointStateMachine task thread for /0.0.0.0:15002 - 0 ] INFO  volume.ThrottledAsyncChecker (ThrottledAsyncChecker.java:schedule(141)) - Scheduling a check for /home/runner/work/ozone/ozone/hadoop-ozone/integration-test/target/test-dir/MiniOzoneClusterImpl-9bcb963b-3a30-483e-aad5-953c8710d6fd/datanode-2/data-0/containers/hdds
2023-09-19 02:03:51,240 [EndpointStateMachine task thread for /0.0.0.0:15002 - 0 ] INFO  volume.StorageVolumeChecker (StorageVolumeChecker.java:checkAllVolumes(213)) - Scheduled health check for volume /home/runner/work/ozone/ozone/hadoop-ozone/integration-test/target/test-dir/MiniOzoneClusterImpl-9bcb963b-3a30-483e-aad5-953c8710d6fd/datanode-2/data-0/containers/hdds
2023-09-19 02:03:51,245 [EndpointStateMachine task thread for /0.0.0.0:15002 - 0 ] INFO  volume.ThrottledAsyncChecker (ThrottledAsyncChecker.java:schedule(141)) - Scheduling a check for /home/runner/work/ozone/ozone/hadoop-ozone/integration-test/target/test-dir/MiniOzoneClusterImpl-9bcb963b-3a30-483e-aad5-953c8710d6fd/datanode-2/data/ratis
2023-09-19 02:03:51,245 [EndpointStateMachine task thread for /0.0.0.0:15002 - 0 ] INFO  volume.StorageVolumeChecker (StorageVolumeChecker.java:checkAllVolumes(213)) - Scheduled health check for volume /home/runner/work/ozone/ozone/hadoop-ozone/integration-test/target/test-dir/MiniOzoneClusterImpl-9bcb963b-3a30-483e-aad5-953c8710d6fd/datanode-2/data/ratis
2023-09-19 02:03:51,246 [EndpointStateMachine task thread for /0.0.0.0:15002 - 0 ] INFO  ozoneimpl.OzoneContainer (OzoneContainer.java:start(429)) - Attempting to start container services.
2023-09-19 02:03:51,247 [EndpointStateMachine task thread for /0.0.0.0:15002 - 0 ] INFO  ozoneimpl.OzoneContainer (OzoneContainer.java:startContainerScrub(325)) - Scheduled background container scanners and the on-demand container scanner have been disabled.
2023-09-19 02:03:51,248 [EndpointStateMachine task thread for /0.0.0.0:15002 - 0 ] INFO  replication.ReplicationServer (ReplicationServer.java:start(134)) - ReplicationServer is started using port 15034
2023-09-19 02:03:51,249 [EndpointStateMachine task thread for /0.0.0.0:15002 - 0 ] INFO  ratis.XceiverServerRatis (XceiverServerRatis.java:start(517)) - Starting XceiverServerRatis 251b4ee7-4683-41e7-a4df-609a9bc3ccca
2023-09-19 02:03:51,251 [EndpointStateMachine task thread for /0.0.0.0:15002 - 0 ] INFO  server.RaftServer (RaftServerProxy.java:startImpl(400)) - 251b4ee7-4683-41e7-a4df-609a9bc3ccca: start RPC server
2023-09-19 02:03:51,253 [EndpointStateMachine task thread for /0.0.0.0:15002 - 0 ] INFO  server.GrpcService (GrpcService.java:startImpl(302)) - 251b4ee7-4683-41e7-a4df-609a9bc3ccca: GrpcService started, listening on 15030
2023-09-19 02:03:51,254 [EndpointStateMachine task thread for /0.0.0.0:15002 - 0 ] INFO  server.GrpcService (GrpcService.java:startImpl(302)) - 251b4ee7-4683-41e7-a4df-609a9bc3ccca: GrpcService started, listening on 15032
2023-09-19 02:03:51,256 [EndpointStateMachine task thread for /0.0.0.0:15002 - 0 ] INFO  server.GrpcService (GrpcService.java:startImpl(302)) - 251b4ee7-4683-41e7-a4df-609a9bc3ccca: GrpcService started, listening on 15031
2023-09-19 02:03:51,256 [EndpointStateMachine task thread for /0.0.0.0:15002 - 0 ] INFO  ratis.XceiverServerRatis (XceiverServerRatis.java:getRealPort(543)) - XceiverServerRatis 251b4ee7-4683-41e7-a4df-609a9bc3ccca is started using port 15030 for RATIS
2023-09-19 02:03:51,256 [EndpointStateMachine task thread for /0.0.0.0:15002 - 0 ] INFO  ratis.XceiverServerRatis (XceiverServerRatis.java:getRealPort(543)) - XceiverServerRatis 251b4ee7-4683-41e7-a4df-609a9bc3ccca is started using port 15031 for RATIS_ADMIN
2023-09-19 02:03:51,256 [EndpointStateMachine task thread for /0.0.0.0:15002 - 0 ] INFO  ratis.XceiverServerRatis (XceiverServerRatis.java:getRealPort(543)) - XceiverServerRatis 251b4ee7-4683-41e7-a4df-609a9bc3ccca is started using port 15032 for RATIS_SERVER
2023-09-19 02:03:51,256 [EndpointStateMachine task thread for /0.0.0.0:15002 - 0 ] INFO  ratis.XceiverServerRatis (XceiverServerRatis.java:getRealPort(543)) - XceiverServerRatis 251b4ee7-4683-41e7-a4df-609a9bc3ccca is started using port 15033 for RATIS_DATASTREAM
2023-09-19 02:03:51,256 [JvmPauseMonitor4] INFO  util.JvmPauseMonitor (JvmPauseMonitor.java:run(103)) - JvmPauseMonitor-251b4ee7-4683-41e7-a4df-609a9bc3ccca: Started
2023-09-19 02:03:51,265 [BlockDeletingService#0] INFO  interfaces.ContainerDeletionChoosingPolicyTemplate (ContainerDeletionChoosingPolicyTemplate.java:chooseContainerForBlockDeletion(85)) - Chosen 0/5000 blocks from 0 candidate containers.
2023-09-19 02:03:51,579 [EndpointStateMachine task thread for /0.0.0.0:15002 - 0 ] INFO  utils.DatanodeStoreCache (DatanodeStoreCache.java:addDB(66)) - Added db /home/runner/work/ozone/ozone/hadoop-ozone/integration-test/target/test-dir/MiniOzoneClusterImpl-9bcb963b-3a30-483e-aad5-953c8710d6fd/datanode-3/data-0/containers/hdds/9bcb963b-3a30-483e-aad5-953c8710d6fd/DS-e8c4f22d-6769-4314-9185-523b42808c2d/container.db to cache
2023-09-19 02:03:51,579 [EndpointStateMachine task thread for /0.0.0.0:15002 - 0 ] INFO  volume.HddsVolume (HddsVolume.java:createDbStore(422)) - SchemaV3 db is created and loaded at /home/runner/work/ozone/ozone/hadoop-ozone/integration-test/target/test-dir/MiniOzoneClusterImpl-9bcb963b-3a30-483e-aad5-953c8710d6fd/datanode-3/data-0/containers/hdds/9bcb963b-3a30-483e-aad5-953c8710d6fd/DS-e8c4f22d-6769-4314-9185-523b42808c2d/container.db for volume DS-e8c4f22d-6769-4314-9185-523b42808c2d
2023-09-19 02:03:51,580 [EndpointStateMachine task thread for /0.0.0.0:15002 - 0 ] INFO  volume.ThrottledAsyncChecker (ThrottledAsyncChecker.java:schedule(141)) - Scheduling a check for /home/runner/work/ozone/ozone/hadoop-ozone/integration-test/target/test-dir/MiniOzoneClusterImpl-9bcb963b-3a30-483e-aad5-953c8710d6fd/datanode-3/data-0/containers/hdds
2023-09-19 02:03:51,583 [EndpointStateMachine task thread for /0.0.0.0:15002 - 0 ] INFO  volume.StorageVolumeChecker (StorageVolumeChecker.java:checkAllVolumes(213)) - Scheduled health check for volume /home/runner/work/ozone/ozone/hadoop-ozone/integration-test/target/test-dir/MiniOzoneClusterImpl-9bcb963b-3a30-483e-aad5-953c8710d6fd/datanode-3/data-0/containers/hdds
2023-09-19 02:03:51,585 [EndpointStateMachine task thread for /0.0.0.0:15002 - 0 ] INFO  volume.ThrottledAsyncChecker (ThrottledAsyncChecker.java:schedule(141)) - Scheduling a check for /home/runner/work/ozone/ozone/hadoop-ozone/integration-test/target/test-dir/MiniOzoneClusterImpl-9bcb963b-3a30-483e-aad5-953c8710d6fd/datanode-3/data/ratis
2023-09-19 02:03:51,585 [EndpointStateMachine task thread for /0.0.0.0:15002 - 0 ] INFO  volume.StorageVolumeChecker (StorageVolumeChecker.java:checkAllVolumes(213)) - Scheduled health check for volume /home/runner/work/ozone/ozone/hadoop-ozone/integration-test/target/test-dir/MiniOzoneClusterImpl-9bcb963b-3a30-483e-aad5-953c8710d6fd/datanode-3/data/ratis
2023-09-19 02:03:51,586 [EndpointStateMachine task thread for /0.0.0.0:15002 - 0 ] INFO  ozoneimpl.OzoneContainer (OzoneContainer.java:start(429)) - Attempting to start container services.
2023-09-19 02:03:51,586 [EndpointStateMachine task thread for /0.0.0.0:15002 - 0 ] INFO  ozoneimpl.OzoneContainer (OzoneContainer.java:startContainerScrub(325)) - Scheduled background container scanners and the on-demand container scanner have been disabled.
2023-09-19 02:03:51,588 [EndpointStateMachine task thread for /0.0.0.0:15002 - 0 ] INFO  replication.ReplicationServer (ReplicationServer.java:start(134)) - ReplicationServer is started using port 15043
2023-09-19 02:03:51,588 [EndpointStateMachine task thread for /0.0.0.0:15002 - 0 ] INFO  ratis.XceiverServerRatis (XceiverServerRatis.java:start(517)) - Starting XceiverServerRatis 5318791c-eaf4-4a3a-8c62-f5bfab93a736
2023-09-19 02:03:51,588 [EndpointStateMachine task thread for /0.0.0.0:15002 - 0 ] INFO  server.RaftServer (RaftServerProxy.java:startImpl(400)) - 5318791c-eaf4-4a3a-8c62-f5bfab93a736: start RPC server
2023-09-19 02:03:51,590 [EndpointStateMachine task thread for /0.0.0.0:15002 - 0 ] INFO  server.GrpcService (GrpcService.java:startImpl(302)) - 5318791c-eaf4-4a3a-8c62-f5bfab93a736: GrpcService started, listening on 15039
2023-09-19 02:03:51,591 [EndpointStateMachine task thread for /0.0.0.0:15002 - 0 ] INFO  server.GrpcService (GrpcService.java:startImpl(302)) - 5318791c-eaf4-4a3a-8c62-f5bfab93a736: GrpcService started, listening on 15041
2023-09-19 02:03:51,595 [EndpointStateMachine task thread for /0.0.0.0:15002 - 0 ] INFO  server.GrpcService (GrpcService.java:startImpl(302)) - 5318791c-eaf4-4a3a-8c62-f5bfab93a736: GrpcService started, listening on 15040
2023-09-19 02:03:51,595 [EndpointStateMachine task thread for /0.0.0.0:15002 - 0 ] INFO  ratis.XceiverServerRatis (XceiverServerRatis.java:getRealPort(543)) - XceiverServerRatis 5318791c-eaf4-4a3a-8c62-f5bfab93a736 is started using port 15039 for RATIS
2023-09-19 02:03:51,596 [JvmPauseMonitor5] INFO  util.JvmPauseMonitor (JvmPauseMonitor.java:run(103)) - JvmPauseMonitor-5318791c-eaf4-4a3a-8c62-f5bfab93a736: Started
2023-09-19 02:03:51,596 [EndpointStateMachine task thread for /0.0.0.0:15002 - 0 ] INFO  ratis.XceiverServerRatis (XceiverServerRatis.java:getRealPort(543)) - XceiverServerRatis 5318791c-eaf4-4a3a-8c62-f5bfab93a736 is started using port 15040 for RATIS_ADMIN
2023-09-19 02:03:51,596 [EndpointStateMachine task thread for /0.0.0.0:15002 - 0 ] INFO  ratis.XceiverServerRatis (XceiverServerRatis.java:getRealPort(543)) - XceiverServerRatis 5318791c-eaf4-4a3a-8c62-f5bfab93a736 is started using port 15041 for RATIS_SERVER
2023-09-19 02:03:51,596 [EndpointStateMachine task thread for /0.0.0.0:15002 - 0 ] INFO  ratis.XceiverServerRatis (XceiverServerRatis.java:getRealPort(543)) - XceiverServerRatis 5318791c-eaf4-4a3a-8c62-f5bfab93a736 is started using port 15042 for RATIS_DATASTREAM
2023-09-19 02:03:51,611 [BlockDeletingService#0] INFO  interfaces.ContainerDeletionChoosingPolicyTemplate (ContainerDeletionChoosingPolicyTemplate.java:chooseContainerForBlockDeletion(85)) - Chosen 0/5000 blocks from 0 candidate containers.
2023-09-19 02:03:51,857 [main] INFO  ozone.MiniOzoneClusterImpl (MiniOzoneClusterImpl.java:lambda$waitForClusterToBeReady$0(224)) - Waiting for nodes to be ready. Got 0 of 5 DN Heartbeats.
2023-09-19 02:03:51,857 [main] INFO  ozone.MiniOzoneClusterImpl (MiniOzoneClusterImpl.java:lambda$waitForClusterToBeReady$0(227)) - Waiting for cluster to exit safe mode
2023-09-19 02:03:51,857 [main] INFO  ozone.MiniOzoneClusterImpl (MiniOzoneClusterImpl.java:lambda$waitForClusterToBeReady$0(229)) - SCM became leader
2023-09-19 02:03:51,905 [EndpointStateMachine task thread for /0.0.0.0:15002 - 0 ] INFO  utils.DatanodeStoreCache (DatanodeStoreCache.java:addDB(66)) - Added db /home/runner/work/ozone/ozone/hadoop-ozone/integration-test/target/test-dir/MiniOzoneClusterImpl-9bcb963b-3a30-483e-aad5-953c8710d6fd/datanode-4/data-0/containers/hdds/9bcb963b-3a30-483e-aad5-953c8710d6fd/DS-008b8fb3-ec7a-474f-a6b7-b18cb4b3fd69/container.db to cache
2023-09-19 02:03:51,905 [EndpointStateMachine task thread for /0.0.0.0:15002 - 0 ] INFO  volume.HddsVolume (HddsVolume.java:createDbStore(422)) - SchemaV3 db is created and loaded at /home/runner/work/ozone/ozone/hadoop-ozone/integration-test/target/test-dir/MiniOzoneClusterImpl-9bcb963b-3a30-483e-aad5-953c8710d6fd/datanode-4/data-0/containers/hdds/9bcb963b-3a30-483e-aad5-953c8710d6fd/DS-008b8fb3-ec7a-474f-a6b7-b18cb4b3fd69/container.db for volume DS-008b8fb3-ec7a-474f-a6b7-b18cb4b3fd69
2023-09-19 02:03:51,912 [EndpointStateMachine task thread for /0.0.0.0:15002 - 0 ] INFO  volume.ThrottledAsyncChecker (ThrottledAsyncChecker.java:schedule(141)) - Scheduling a check for /home/runner/work/ozone/ozone/hadoop-ozone/integration-test/target/test-dir/MiniOzoneClusterImpl-9bcb963b-3a30-483e-aad5-953c8710d6fd/datanode-4/data-0/containers/hdds
2023-09-19 02:03:51,913 [EndpointStateMachine task thread for /0.0.0.0:15002 - 0 ] INFO  volume.StorageVolumeChecker (StorageVolumeChecker.java:checkAllVolumes(213)) - Scheduled health check for volume /home/runner/work/ozone/ozone/hadoop-ozone/integration-test/target/test-dir/MiniOzoneClusterImpl-9bcb963b-3a30-483e-aad5-953c8710d6fd/datanode-4/data-0/containers/hdds
2023-09-19 02:03:51,916 [EndpointStateMachine task thread for /0.0.0.0:15002 - 0 ] INFO  volume.ThrottledAsyncChecker (ThrottledAsyncChecker.java:schedule(141)) - Scheduling a check for /home/runner/work/ozone/ozone/hadoop-ozone/integration-test/target/test-dir/MiniOzoneClusterImpl-9bcb963b-3a30-483e-aad5-953c8710d6fd/datanode-4/data/ratis
2023-09-19 02:03:51,916 [EndpointStateMachine task thread for /0.0.0.0:15002 - 0 ] INFO  volume.StorageVolumeChecker (StorageVolumeChecker.java:checkAllVolumes(213)) - Scheduled health check for volume /home/runner/work/ozone/ozone/hadoop-ozone/integration-test/target/test-dir/MiniOzoneClusterImpl-9bcb963b-3a30-483e-aad5-953c8710d6fd/datanode-4/data/ratis
2023-09-19 02:03:51,916 [EndpointStateMachine task thread for /0.0.0.0:15002 - 0 ] INFO  ozoneimpl.OzoneContainer (OzoneContainer.java:start(429)) - Attempting to start container services.
2023-09-19 02:03:51,917 [EndpointStateMachine task thread for /0.0.0.0:15002 - 0 ] INFO  ozoneimpl.OzoneContainer (OzoneContainer.java:startContainerScrub(325)) - Scheduled background container scanners and the on-demand container scanner have been disabled.
2023-09-19 02:03:51,918 [EndpointStateMachine task thread for /0.0.0.0:15002 - 0 ] INFO  replication.ReplicationServer (ReplicationServer.java:start(134)) - ReplicationServer is started using port 15052
2023-09-19 02:03:51,918 [EndpointStateMachine task thread for /0.0.0.0:15002 - 0 ] INFO  ratis.XceiverServerRatis (XceiverServerRatis.java:start(517)) - Starting XceiverServerRatis e775f47d-b5dc-484c-be98-194b1f285975
2023-09-19 02:03:51,919 [EndpointStateMachine task thread for /0.0.0.0:15002 - 0 ] INFO  server.RaftServer (RaftServerProxy.java:startImpl(400)) - e775f47d-b5dc-484c-be98-194b1f285975: start RPC server
2023-09-19 02:03:51,927 [EndpointStateMachine task thread for /0.0.0.0:15002 - 0 ] INFO  server.GrpcService (GrpcService.java:startImpl(302)) - e775f47d-b5dc-484c-be98-194b1f285975: GrpcService started, listening on 15048
2023-09-19 02:03:51,928 [EndpointStateMachine task thread for /0.0.0.0:15002 - 0 ] INFO  server.GrpcService (GrpcService.java:startImpl(302)) - e775f47d-b5dc-484c-be98-194b1f285975: GrpcService started, listening on 15050
2023-09-19 02:03:51,929 [EndpointStateMachine task thread for /0.0.0.0:15002 - 0 ] INFO  server.GrpcService (GrpcService.java:startImpl(302)) - e775f47d-b5dc-484c-be98-194b1f285975: GrpcService started, listening on 15049
2023-09-19 02:03:51,929 [EndpointStateMachine task thread for /0.0.0.0:15002 - 0 ] INFO  ratis.XceiverServerRatis (XceiverServerRatis.java:getRealPort(543)) - XceiverServerRatis e775f47d-b5dc-484c-be98-194b1f285975 is started using port 15048 for RATIS
2023-09-19 02:03:51,929 [EndpointStateMachine task thread for /0.0.0.0:15002 - 0 ] INFO  ratis.XceiverServerRatis (XceiverServerRatis.java:getRealPort(543)) - XceiverServerRatis e775f47d-b5dc-484c-be98-194b1f285975 is started using port 15049 for RATIS_ADMIN
2023-09-19 02:03:51,929 [JvmPauseMonitor6] INFO  util.JvmPauseMonitor (JvmPauseMonitor.java:run(103)) - JvmPauseMonitor-e775f47d-b5dc-484c-be98-194b1f285975: Started
2023-09-19 02:03:51,929 [EndpointStateMachine task thread for /0.0.0.0:15002 - 0 ] INFO  ratis.XceiverServerRatis (XceiverServerRatis.java:getRealPort(543)) - XceiverServerRatis e775f47d-b5dc-484c-be98-194b1f285975 is started using port 15050 for RATIS_SERVER
2023-09-19 02:03:51,930 [EndpointStateMachine task thread for /0.0.0.0:15002 - 0 ] INFO  ratis.XceiverServerRatis (XceiverServerRatis.java:getRealPort(543)) - XceiverServerRatis e775f47d-b5dc-484c-be98-194b1f285975 is started using port 15051 for RATIS_DATASTREAM
2023-09-19 02:03:51,933 [BlockDeletingService#0] INFO  interfaces.ContainerDeletionChoosingPolicyTemplate (ContainerDeletionChoosingPolicyTemplate.java:chooseContainerForBlockDeletion(85)) - Chosen 0/5000 blocks from 0 candidate containers.
2023-09-19 02:03:52,402 [IPC Server handler 1 on default port 15002] INFO  net.NetworkTopologyImpl (NetworkTopologyImpl.java:add(112)) - Added a new node: /default-rack/b1558ce8-bc2f-4c62-aaec-0278e14522f1
2023-09-19 02:03:52,405 [IPC Server handler 1 on default port 15002] INFO  node.SCMNodeManager (SCMNodeManager.java:register(405)) - Registered Data node : b1558ce8-bc2f-4c62-aaec-0278e14522f1{ip: 10.1.0.29, host: fv-az1031-92, ports: [HTTP=15009, CLIENT_RPC=15010, REPLICATION=15016, RATIS=15012, RATIS_ADMIN=15013, RATIS_SERVER=15014, RATIS_DATASTREAM=15015, STANDALONE=15011], networkLocation: /default-rack, certSerialId: null, persistedOpState: null, persistedOpStateExpiryEpochSec: 0}
2023-09-19 02:03:52,410 [EventQueue-NewNodeForNewNodeHandler] INFO  pipeline.BackgroundPipelineCreator (BackgroundPipelineCreator.java:notifyEventTriggered(277)) - trigger a one-shot run on RatisPipelineUtilsThread.
2023-09-19 02:03:52,410 [EventQueue-NodeRegistrationContainerReportForDataNodeSafeModeRule] INFO  safemode.SCMSafeModeManager (DataNodeSafeModeRule.java:process(71)) - SCM in safe mode. 1 DataNodes registered, 3 required.
2023-09-19 02:03:52,415 [EventQueue-NodeRegistrationContainerReportForContainerSafeModeRule] INFO  safemode.SCMSafeModeManager (SCMSafeModeManager.java:validateSafeModeExitRules(200)) - ContainerSafeModeRule rule is successfully validated
2023-09-19 02:03:52,415 [EventQueue-PipelineReportForOneReplicaPipelineSafeModeRule] INFO  safemode.SCMSafeModeManager (SCMSafeModeManager.java:validateSafeModeExitRules(200)) - AtleastOneDatanodeReportedRule rule is successfully validated
2023-09-19 02:03:52,428 [RatisPipelineUtilsThread - 0] INFO  pipeline.RatisPipelineProvider (RatisPipelineProvider.java:lambda$create$0(206)) - Sending CreatePipelineCommand for pipeline:PipelineID=0461f910-1f31-4137-864d-1146a680fe5e to datanode:b1558ce8-bc2f-4c62-aaec-0278e14522f1
2023-09-19 02:03:52,446 [RatisPipelineUtilsThread - 0] INFO  pipeline.BackgroundPipelineCreator (BackgroundPipelineCreator.java:createPipelines(233)) - Created new pipeline Pipeline[ Id: 0461f910-1f31-4137-864d-1146a680fe5e, Nodes: b1558ce8-bc2f-4c62-aaec-0278e14522f1(fv-az1031-92/10.1.0.29), ReplicationConfig: RATIS/ONE, State:ALLOCATED, leaderId:, CreationTimestamp2023-09-19T02:03:52.427Z[Etc/UTC]]
2023-09-19 02:03:52,858 [IPC Server handler 2 on default port 15002] INFO  net.NetworkTopologyImpl (NetworkTopologyImpl.java:add(112)) - Added a new node: /default-rack/3d8e742d-6d38-4fa1-811b-6a8dd626afd2
2023-09-19 02:03:52,858 [IPC Server handler 2 on default port 15002] INFO  node.SCMNodeManager (SCMNodeManager.java:register(405)) - Registered Data node : 3d8e742d-6d38-4fa1-811b-6a8dd626afd2{ip: 10.1.0.29, host: fv-az1031-92, ports: [HTTP=15018, CLIENT_RPC=15019, REPLICATION=15025, RATIS=15021, RATIS_ADMIN=15022, RATIS_SERVER=15023, RATIS_DATASTREAM=15024, STANDALONE=15020], networkLocation: /default-rack, certSerialId: null, persistedOpState: null, persistedOpStateExpiryEpochSec: 0}
2023-09-19 02:03:52,858 [main] INFO  ozone.MiniOzoneClusterImpl (MiniOzoneClusterImpl.java:lambda$waitForClusterToBeReady$0(224)) - Waiting for nodes to be ready. Got 2 of 5 DN Heartbeats.
2023-09-19 02:03:52,859 [EventQueue-NodeRegistrationContainerReportForDataNodeSafeModeRule] INFO  safemode.SCMSafeModeManager (DataNodeSafeModeRule.java:process(71)) - SCM in safe mode. 2 DataNodes registered, 3 required.
2023-09-19 02:03:52,859 [main] INFO  ozone.MiniOzoneClusterImpl (MiniOzoneClusterImpl.java:lambda$waitForClusterToBeReady$0(227)) - Waiting for cluster to exit safe mode
2023-09-19 02:03:52,859 [main] INFO  ozone.MiniOzoneClusterImpl (MiniOzoneClusterImpl.java:lambda$waitForClusterToBeReady$0(229)) - SCM became leader
2023-09-19 02:03:52,859 [EventQueue-NewNodeForNewNodeHandler] INFO  pipeline.BackgroundPipelineCreator (BackgroundPipelineCreator.java:notifyEventTriggered(277)) - trigger a one-shot run on RatisPipelineUtilsThread.
2023-09-19 02:03:52,860 [RatisPipelineUtilsThread - 0] INFO  pipeline.RatisPipelineProvider (RatisPipelineProvider.java:lambda$create$0(206)) - Sending CreatePipelineCommand for pipeline:PipelineID=9f3ddad4-3deb-4281-849b-fd651bcea229 to datanode:3d8e742d-6d38-4fa1-811b-6a8dd626afd2
2023-09-19 02:03:52,861 [RatisPipelineUtilsThread - 0] INFO  pipeline.BackgroundPipelineCreator (BackgroundPipelineCreator.java:createPipelines(233)) - Created new pipeline Pipeline[ Id: 9f3ddad4-3deb-4281-849b-fd651bcea229, Nodes: 3d8e742d-6d38-4fa1-811b-6a8dd626afd2(fv-az1031-92/10.1.0.29), ReplicationConfig: RATIS/ONE, State:ALLOCATED, leaderId:, CreationTimestamp2023-09-19T02:03:52.860Z[Etc/UTC]]
2023-09-19 02:03:53,205 [IPC Server handler 0 on default port 15002] INFO  net.NetworkTopologyImpl (NetworkTopologyImpl.java:add(112)) - Added a new node: /default-rack/251b4ee7-4683-41e7-a4df-609a9bc3ccca
2023-09-19 02:03:53,205 [IPC Server handler 0 on default port 15002] INFO  node.SCMNodeManager (SCMNodeManager.java:register(405)) - Registered Data node : 251b4ee7-4683-41e7-a4df-609a9bc3ccca{ip: 10.1.0.29, host: fv-az1031-92, ports: [HTTP=15027, CLIENT_RPC=15028, REPLICATION=15034, RATIS=15030, RATIS_ADMIN=15031, RATIS_SERVER=15032, RATIS_DATASTREAM=15033, STANDALONE=15029], networkLocation: /default-rack, certSerialId: null, persistedOpState: null, persistedOpStateExpiryEpochSec: 0}
2023-09-19 02:03:53,206 [EventQueue-NewNodeForNewNodeHandler] INFO  pipeline.BackgroundPipelineCreator (BackgroundPipelineCreator.java:notifyEventTriggered(277)) - trigger a one-shot run on RatisPipelineUtilsThread.
2023-09-19 02:03:53,206 [EventQueue-NodeRegistrationContainerReportForDataNodeSafeModeRule] INFO  safemode.SCMSafeModeManager (DataNodeSafeModeRule.java:process(71)) - SCM in safe mode. 3 DataNodes registered, 3 required.
2023-09-19 02:03:53,206 [EventQueue-NodeRegistrationContainerReportForDataNodeSafeModeRule] INFO  safemode.SCMSafeModeManager (SCMSafeModeManager.java:validateSafeModeExitRules(200)) - DataNodeSafeModeRule rule is successfully validated
2023-09-19 02:03:53,206 [EventQueue-NodeRegistrationContainerReportForDataNodeSafeModeRule] INFO  safemode.SCMSafeModeManager (SCMSafeModeManager.java:completePreCheck(229)) - All SCM safe mode pre check rules have passed
2023-09-19 02:03:53,206 [EventQueue-NodeRegistrationContainerReportForDataNodeSafeModeRule] INFO  ha.SCMContext (SCMContext.java:updateSafeModeStatus(228)) - Update SafeModeStatus from SafeModeStatus{safeModeStatus=true, preCheckPassed=false} to SafeModeStatus{safeModeStatus=true, preCheckPassed=true}.
2023-09-19 02:03:53,207 [EventQueue-NodeRegistrationContainerReportForDataNodeSafeModeRule] INFO  pipeline.BackgroundPipelineCreator (BackgroundPipelineCreator.java:notifyEventTriggered(277)) - trigger a one-shot run on RatisPipelineUtilsThread.
2023-09-19 02:03:53,207 [RatisPipelineUtilsThread - 0] INFO  pipeline.RatisPipelineProvider (RatisPipelineProvider.java:lambda$create$0(206)) - Sending CreatePipelineCommand for pipeline:PipelineID=a7cd1204-333f-4297-8d79-fc82804db9a3 to datanode:251b4ee7-4683-41e7-a4df-609a9bc3ccca
2023-09-19 02:03:53,208 [RatisPipelineUtilsThread - 0] INFO  pipeline.BackgroundPipelineCreator (BackgroundPipelineCreator.java:createPipelines(233)) - Created new pipeline Pipeline[ Id: a7cd1204-333f-4297-8d79-fc82804db9a3, Nodes: 251b4ee7-4683-41e7-a4df-609a9bc3ccca(fv-az1031-92/10.1.0.29), ReplicationConfig: RATIS/ONE, State:ALLOCATED, leaderId:, CreationTimestamp2023-09-19T02:03:53.207Z[Etc/UTC]]
2023-09-19 02:03:53,212 [RatisPipelineUtilsThread - 0] INFO  pipeline.RatisPipelineProvider (RatisPipelineProvider.java:lambda$create$0(206)) - Sending CreatePipelineCommand for pipeline:PipelineID=abc722b4-335f-4297-be91-1453e47972ab to datanode:251b4ee7-4683-41e7-a4df-609a9bc3ccca
2023-09-19 02:03:53,212 [RatisPipelineUtilsThread - 0] INFO  pipeline.RatisPipelineProvider (RatisPipelineProvider.java:lambda$create$0(206)) - Sending CreatePipelineCommand for pipeline:PipelineID=abc722b4-335f-4297-be91-1453e47972ab to datanode:b1558ce8-bc2f-4c62-aaec-0278e14522f1
2023-09-19 02:03:53,212 [RatisPipelineUtilsThread - 0] INFO  pipeline.RatisPipelineProvider (RatisPipelineProvider.java:lambda$create$0(206)) - Sending CreatePipelineCommand for pipeline:PipelineID=abc722b4-335f-4297-be91-1453e47972ab to datanode:3d8e742d-6d38-4fa1-811b-6a8dd626afd2
2023-09-19 02:03:53,213 [RatisPipelineUtilsThread - 0] INFO  pipeline.BackgroundPipelineCreator (BackgroundPipelineCreator.java:createPipelines(233)) - Created new pipeline Pipeline[ Id: abc722b4-335f-4297-be91-1453e47972ab, Nodes: 251b4ee7-4683-41e7-a4df-609a9bc3ccca(fv-az1031-92/10.1.0.29)b1558ce8-bc2f-4c62-aaec-0278e14522f1(fv-az1031-92/10.1.0.29)3d8e742d-6d38-4fa1-811b-6a8dd626afd2(fv-az1031-92/10.1.0.29), ReplicationConfig: RATIS/THREE, State:ALLOCATED, leaderId:, CreationTimestamp2023-09-19T02:03:53.212Z[Etc/UTC]]
2023-09-19 02:03:53,214 [RatisPipelineUtilsThread - 0] INFO  pipeline.RatisPipelineProvider (RatisPipelineProvider.java:lambda$create$0(206)) - Sending CreatePipelineCommand for pipeline:PipelineID=3f586d3c-261f-4542-8231-ddaa0b417bea to datanode:b1558ce8-bc2f-4c62-aaec-0278e14522f1
2023-09-19 02:03:53,215 [RatisPipelineUtilsThread - 0] INFO  pipeline.RatisPipelineProvider (RatisPipelineProvider.java:lambda$create$0(206)) - Sending CreatePipelineCommand for pipeline:PipelineID=3f586d3c-261f-4542-8231-ddaa0b417bea to datanode:3d8e742d-6d38-4fa1-811b-6a8dd626afd2
2023-09-19 02:03:53,215 [RatisPipelineUtilsThread - 0] INFO  pipeline.RatisPipelineProvider (RatisPipelineProvider.java:lambda$create$0(206)) - Sending CreatePipelineCommand for pipeline:PipelineID=3f586d3c-261f-4542-8231-ddaa0b417bea to datanode:251b4ee7-4683-41e7-a4df-609a9bc3ccca
2023-09-19 02:03:53,216 [RatisPipelineUtilsThread - 0] INFO  pipeline.PipelineManagerImpl (PipelineManagerImpl.java:recordMetricsForPipeline(895)) - Pipeline: PipelineID=3f586d3c-261f-4542-8231-ddaa0b417bea contains same datanodes as previous pipelines: PipelineID=abc722b4-335f-4297-be91-1453e47972ab nodeIds: b1558ce8-bc2f-4c62-aaec-0278e14522f1, 3d8e742d-6d38-4fa1-811b-6a8dd626afd2, 251b4ee7-4683-41e7-a4df-609a9bc3ccca
2023-09-19 02:03:53,216 [RatisPipelineUtilsThread - 0] INFO  pipeline.BackgroundPipelineCreator (BackgroundPipelineCreator.java:createPipelines(233)) - Created new pipeline Pipeline[ Id: 3f586d3c-261f-4542-8231-ddaa0b417bea, Nodes: b1558ce8-bc2f-4c62-aaec-0278e14522f1(fv-az1031-92/10.1.0.29)3d8e742d-6d38-4fa1-811b-6a8dd626afd2(fv-az1031-92/10.1.0.29)251b4ee7-4683-41e7-a4df-609a9bc3ccca(fv-az1031-92/10.1.0.29), ReplicationConfig: RATIS/THREE, State:ALLOCATED, leaderId:, CreationTimestamp2023-09-19T02:03:53.214Z[Etc/UTC]]
2023-09-19 02:03:53,549 [IPC Server handler 2 on default port 15002] INFO  net.NetworkTopologyImpl (NetworkTopologyImpl.java:add(112)) - Added a new node: /default-rack/5318791c-eaf4-4a3a-8c62-f5bfab93a736
2023-09-19 02:03:53,553 [IPC Server handler 2 on default port 15002] INFO  node.SCMNodeManager (SCMNodeManager.java:register(405)) - Registered Data node : 5318791c-eaf4-4a3a-8c62-f5bfab93a736{ip: 10.1.0.29, host: fv-az1031-92, ports: [HTTP=15036, CLIENT_RPC=15037, REPLICATION=15043, RATIS=15039, RATIS_ADMIN=15040, RATIS_SERVER=15041, RATIS_DATASTREAM=15042, STANDALONE=15038], networkLocation: /default-rack, certSerialId: null, persistedOpState: null, persistedOpStateExpiryEpochSec: 0}
2023-09-19 02:03:53,553 [EventQueue-NewNodeForNewNodeHandler] INFO  pipeline.BackgroundPipelineCreator (BackgroundPipelineCreator.java:notifyEventTriggered(277)) - trigger a one-shot run on RatisPipelineUtilsThread.
2023-09-19 02:03:53,554 [RatisPipelineUtilsThread - 0] INFO  pipeline.RatisPipelineProvider (RatisPipelineProvider.java:lambda$create$0(206)) - Sending CreatePipelineCommand for pipeline:PipelineID=89f614a1-878a-4ed0-9158-d93d3bafbdb7 to datanode:5318791c-eaf4-4a3a-8c62-f5bfab93a736
2023-09-19 02:03:53,557 [RatisPipelineUtilsThread - 0] INFO  pipeline.BackgroundPipelineCreator (BackgroundPipelineCreator.java:createPipelines(233)) - Created new pipeline Pipeline[ Id: 89f614a1-878a-4ed0-9158-d93d3bafbdb7, Nodes: 5318791c-eaf4-4a3a-8c62-f5bfab93a736(fv-az1031-92/10.1.0.29), ReplicationConfig: RATIS/ONE, State:ALLOCATED, leaderId:, CreationTimestamp2023-09-19T02:03:53.554Z[Etc/UTC]]
2023-09-19 02:03:53,859 [main] INFO  ozone.MiniOzoneClusterImpl (MiniOzoneClusterImpl.java:lambda$waitForClusterToBeReady$0(224)) - Waiting for nodes to be ready. Got 4 of 5 DN Heartbeats.
2023-09-19 02:03:53,859 [main] INFO  ozone.MiniOzoneClusterImpl (MiniOzoneClusterImpl.java:lambda$waitForClusterToBeReady$0(227)) - Waiting for cluster to exit safe mode
2023-09-19 02:03:53,860 [main] INFO  ozone.MiniOzoneClusterImpl (MiniOzoneClusterImpl.java:lambda$waitForClusterToBeReady$0(229)) - SCM became leader
2023-09-19 02:03:53,868 [IPC Server handler 3 on default port 15002] INFO  net.NetworkTopologyImpl (NetworkTopologyImpl.java:add(112)) - Added a new node: /default-rack/e775f47d-b5dc-484c-be98-194b1f285975
2023-09-19 02:03:53,868 [IPC Server handler 3 on default port 15002] INFO  node.SCMNodeManager (SCMNodeManager.java:register(405)) - Registered Data node : e775f47d-b5dc-484c-be98-194b1f285975{ip: 10.1.0.29, host: fv-az1031-92, ports: [HTTP=15045, CLIENT_RPC=15046, REPLICATION=15052, RATIS=15048, RATIS_ADMIN=15049, RATIS_SERVER=15050, RATIS_DATASTREAM=15051, STANDALONE=15047], networkLocation: /default-rack, certSerialId: null, persistedOpState: null, persistedOpStateExpiryEpochSec: 0}
2023-09-19 02:03:53,869 [EventQueue-NewNodeForNewNodeHandler] INFO  pipeline.BackgroundPipelineCreator (BackgroundPipelineCreator.java:notifyEventTriggered(277)) - trigger a one-shot run on RatisPipelineUtilsThread.
2023-09-19 02:03:53,869 [RatisPipelineUtilsThread - 0] INFO  pipeline.RatisPipelineProvider (RatisPipelineProvider.java:lambda$create$0(206)) - Sending CreatePipelineCommand for pipeline:PipelineID=a0d23749-ec8f-4058-bc29-2c9b274e37da to datanode:e775f47d-b5dc-484c-be98-194b1f285975
2023-09-19 02:03:53,870 [RatisPipelineUtilsThread - 0] INFO  pipeline.BackgroundPipelineCreator (BackgroundPipelineCreator.java:createPipelines(233)) - Created new pipeline Pipeline[ Id: a0d23749-ec8f-4058-bc29-2c9b274e37da, Nodes: e775f47d-b5dc-484c-be98-194b1f285975(fv-az1031-92/10.1.0.29), ReplicationConfig: RATIS/ONE, State:ALLOCATED, leaderId:, CreationTimestamp2023-09-19T02:03:53.869Z[Etc/UTC]]
2023-09-19 02:03:54,860 [main] INFO  ozone.MiniOzoneClusterImpl (MiniOzoneClusterImpl.java:lambda$waitForClusterToBeReady$0(224)) - Nodes are ready. Got 5 of 5 DN Heartbeats.
2023-09-19 02:03:54,860 [main] INFO  ozone.MiniOzoneClusterImpl (MiniOzoneClusterImpl.java:lambda$waitForClusterToBeReady$0(227)) - Waiting for cluster to exit safe mode
2023-09-19 02:03:54,860 [main] INFO  ozone.MiniOzoneClusterImpl (MiniOzoneClusterImpl.java:lambda$waitForClusterToBeReady$0(229)) - SCM became leader
2023-09-19 02:03:55,407 [PipelineCommandHandlerThread-0] INFO  server.RaftServer (RaftServerProxy.java:addNew(98)) - b1558ce8-bc2f-4c62-aaec-0278e14522f1: addNew group-1146A680FE5E:[b1558ce8-bc2f-4c62-aaec-0278e14522f1|rpc:10.1.0.29:15014|admin:10.1.0.29:15013|client:10.1.0.29:15012|dataStream:10.1.0.29:15015|priority:1|startupRole:FOLLOWER] returns group-1146A680FE5E:java.util.concurrent.CompletableFuture@5e682d47[Not completed]
2023-09-19 02:03:55,428 [b1558ce8-bc2f-4c62-aaec-0278e14522f1-groupManagement] INFO  server.RaftServer$Division (RaftServerImpl.java:<init>(198)) - b1558ce8-bc2f-4c62-aaec-0278e14522f1: new RaftServerImpl for group-1146A680FE5E:[b1558ce8-bc2f-4c62-aaec-0278e14522f1|rpc:10.1.0.29:15014|admin:10.1.0.29:15013|client:10.1.0.29:15012|dataStream:10.1.0.29:15015|priority:1|startupRole:FOLLOWER] with ContainerStateMachine:uninitialized
2023-09-19 02:03:55,429 [b1558ce8-bc2f-4c62-aaec-0278e14522f1-groupManagement] INFO  server.RaftServerConfigKeys (ConfUtils.java:logGet(46)) - raft.server.rpc.timeout.min = 5s (custom)
2023-09-19 02:03:55,429 [b1558ce8-bc2f-4c62-aaec-0278e14522f1-groupManagement] INFO  server.RaftServerConfigKeys (ConfUtils.java:logGet(46)) - raft.server.rpc.timeout.max = 5200ms (custom)
2023-09-19 02:03:55,429 [b1558ce8-bc2f-4c62-aaec-0278e14522f1-groupManagement] INFO  server.RaftServerConfigKeys (ConfUtils.java:logGet(46)) - raft.server.rpc.sleep.time = 25ms (default)
2023-09-19 02:03:55,430 [b1558ce8-bc2f-4c62-aaec-0278e14522f1-groupManagement] INFO  server.RaftServerConfigKeys (ConfUtils.java:logGet(46)) - raft.server.rpc.slowness.timeout = 300s (custom)
2023-09-19 02:03:55,430 [b1558ce8-bc2f-4c62-aaec-0278e14522f1-groupManagement] INFO  server.RaftServerConfigKeys (ConfUtils.java:logGet(46)) - raft.server.leaderelection.leader.step-down.wait-time = 10s (default)
2023-09-19 02:03:55,430 [b1558ce8-bc2f-4c62-aaec-0278e14522f1-groupManagement] INFO  server.RaftServerConfigKeys (ConfUtils.java:logGet(46)) - raft.server.sleep.deviation.threshold = 300ms (default)
2023-09-19 02:03:55,430 [b1558ce8-bc2f-4c62-aaec-0278e14522f1-groupManagement] INFO  server.RaftServer$Division (ServerState.java:<init>(120)) - b1558ce8-bc2f-4c62-aaec-0278e14522f1@group-1146A680FE5E: ConfigurationManager, init=-1: peers:[b1558ce8-bc2f-4c62-aaec-0278e14522f1|rpc:10.1.0.29:15014|admin:10.1.0.29:15013|client:10.1.0.29:15012|dataStream:10.1.0.29:15015|priority:1|startupRole:FOLLOWER]|listeners:[], old=null, confs=<EMPTY_MAP>
2023-09-19 02:03:55,430 [b1558ce8-bc2f-4c62-aaec-0278e14522f1-groupManagement] INFO  server.RaftServerConfigKeys (ConfUtils.java:logGet(46)) - raft.server.storage.dir = [/home/runner/work/ozone/ozone/hadoop-ozone/integration-test/target/test-dir/MiniOzoneClusterImpl-9bcb963b-3a30-483e-aad5-953c8710d6fd/datanode-0/data/ratis] (custom)
2023-09-19 02:03:55,434 [b1558ce8-bc2f-4c62-aaec-0278e14522f1-groupManagement] INFO  server.RaftServerConfigKeys (ConfUtils.java:logGet(46)) - raft.server.log.corruption.policy = EXCEPTION (default)
2023-09-19 02:03:55,434 [b1558ce8-bc2f-4c62-aaec-0278e14522f1-groupManagement] INFO  server.RaftServerConfigKeys (ConfUtils.java:logGet(46)) - raft.server.storage.free-space.min = 0MB (=0) (default)
2023-09-19 02:03:55,435 [b1558ce8-bc2f-4c62-aaec-0278e14522f1-groupManagement] INFO  server.RaftServerConfigKeys (ConfUtils.java:logGet(46)) - raft.server.notification.no-leader.timeout = 300s (custom)
2023-09-19 02:03:55,435 [b1558ce8-bc2f-4c62-aaec-0278e14522f1-groupManagement] INFO  server.RaftServerConfigKeys (ConfUtils.java:logGet(46)) - raft.server.read.timeout = 10s (default)
2023-09-19 02:03:55,435 [b1558ce8-bc2f-4c62-aaec-0278e14522f1-groupManagement] INFO  server.RaftServerConfigKeys (ConfUtils.java:logGet(46)) - raft.server.retrycache.expirytime = 600000ms (custom)
2023-09-19 02:03:55,435 [b1558ce8-bc2f-4c62-aaec-0278e14522f1-groupManagement] INFO  server.RaftServerConfigKeys (ConfUtils.java:logGet(46)) - raft.server.retrycache.statistics.expirytime = 100μs (default)
2023-09-19 02:03:55,435 [b1558ce8-bc2f-4c62-aaec-0278e14522f1-groupManagement] INFO  server.RaftServerConfigKeys (ConfUtils.java:logGet(46)) - raft.server.read.option = DEFAULT (default)
2023-09-19 02:03:55,440 [b1558ce8-bc2f-4c62-aaec-0278e14522f1-groupManagement] INFO  server.RaftServerConfigKeys (ConfUtils.java:logGet(46)) - raft.server.rpc.request.timeout = 60s (custom)
2023-09-19 02:03:55,440 [b1558ce8-bc2f-4c62-aaec-0278e14522f1-groupManagement] INFO  server.RaftServerConfigKeys (ConfUtils.java:logGet(46)) - raft.server.log.appender.install.snapshot.enabled = false (custom)
2023-09-19 02:03:55,440 [b1558ce8-bc2f-4c62-aaec-0278e14522f1-groupManagement] INFO  server.RaftServerConfigKeys (ConfUtils.java:logGet(46)) - raft.server.threadpool.server.cached = true (default)
2023-09-19 02:03:55,440 [b1558ce8-bc2f-4c62-aaec-0278e14522f1-groupManagement] INFO  server.RaftServerConfigKeys (ConfUtils.java:logGet(46)) - raft.server.threadpool.server.size = 0 (default)
2023-09-19 02:03:55,440 [b1558ce8-bc2f-4c62-aaec-0278e14522f1-groupManagement] INFO  server.RaftServerConfigKeys (ConfUtils.java:logGet(46)) - raft.server.threadpool.client.cached = true (default)
2023-09-19 02:03:55,440 [b1558ce8-bc2f-4c62-aaec-0278e14522f1-groupManagement] INFO  server.RaftServerConfigKeys (ConfUtils.java:logGet(46)) - raft.server.threadpool.client.size = 0 (default)
2023-09-19 02:03:55,440 [b1558ce8-bc2f-4c62-aaec-0278e14522f1-groupManagement] INFO  storage.RaftStorageDirectory (RaftStorageDirectoryImpl.java:analyzeStorage(137)) - The storage directory /home/runner/work/ozone/ozone/hadoop-ozone/integration-test/target/test-dir/MiniOzoneClusterImpl-9bcb963b-3a30-483e-aad5-953c8710d6fd/datanode-0/data/ratis/0461f910-1f31-4137-864d-1146a680fe5e does not exist. Creating ...
2023-09-19 02:03:55,442 [b1558ce8-bc2f-4c62-aaec-0278e14522f1-groupManagement] INFO  storage.RaftStorageDirectory (RaftStorageDirectoryImpl.java:tryLock(231)) - Lock on /home/runner/work/ozone/ozone/hadoop-ozone/integration-test/target/test-dir/MiniOzoneClusterImpl-9bcb963b-3a30-483e-aad5-953c8710d6fd/datanode-0/data/ratis/0461f910-1f31-4137-864d-1146a680fe5e/in_use.lock acquired by nodename 7315@fv-az1031-92
2023-09-19 02:03:55,443 [b1558ce8-bc2f-4c62-aaec-0278e14522f1-groupManagement] INFO  storage.RaftStorage (RaftStorageImpl.java:format(96)) - Storage directory /home/runner/work/ozone/ozone/hadoop-ozone/integration-test/target/test-dir/MiniOzoneClusterImpl-9bcb963b-3a30-483e-aad5-953c8710d6fd/datanode-0/data/ratis/0461f910-1f31-4137-864d-1146a680fe5e has been successfully formatted.
2023-09-19 02:03:55,451 [b1558ce8-bc2f-4c62-aaec-0278e14522f1-groupManagement] INFO  ratis.ContainerStateMachine (ContainerStateMachine.java:loadSnapshot(262)) - group-1146A680FE5E: The snapshot info is null. Setting the last applied indexto:(t:0, i:~)
2023-09-19 02:03:55,451 [b1558ce8-bc2f-4c62-aaec-0278e14522f1-groupManagement] INFO  server.RaftServerConfigKeys (ConfUtils.java:logGet(46)) - raft.server.log.use.memory = false (default)
2023-09-19 02:03:55,451 [b1558ce8-bc2f-4c62-aaec-0278e14522f1-groupManagement] INFO  server.RaftServerConfigKeys (ConfUtils.java:logGet(46)) - raft.server.log.purge.gap = 1000000 (custom)
2023-09-19 02:03:55,451 [b1558ce8-bc2f-4c62-aaec-0278e14522f1-groupManagement] INFO  server.RaftServerConfigKeys (ConfUtils.java:logGet(46)) - raft.server.log.appender.buffer.byte-limit = 33554432 (custom)
2023-09-19 02:03:55,451 [b1558ce8-bc2f-4c62-aaec-0278e14522f1-groupManagement] INFO  server.RaftServerConfigKeys (ConfUtils.java:logGet(46)) - raft.server.log.statemachine.data.read.timeout = 1000ms (default)
2023-09-19 02:03:55,451 [b1558ce8-bc2f-4c62-aaec-0278e14522f1-groupManagement] INFO  server.RaftServerConfigKeys (ConfUtils.java:logGet(46)) - raft.server.log.purge.preservation.log.num = 0 (default)
2023-09-19 02:03:55,452 [b1558ce8-bc2f-4c62-aaec-0278e14522f1-groupManagement] INFO  server.RaftServerConfigKeys (ConfUtils.java:logGet(46)) - raft.server.log.segment.size.max = 1048576 (custom)
2023-09-19 02:03:55,453 [b1558ce8-bc2f-4c62-aaec-0278e14522f1-groupManagement] INFO  server.RaftServerConfigKeys (ConfUtils.java:logGet(46)) - raft.server.log.segment.cache.num.max = 2 (custom)
2023-09-19 02:03:55,453 [b1558ce8-bc2f-4c62-aaec-0278e14522f1-groupManagement] INFO  server.RaftServerConfigKeys (ConfUtils.java:logGet(46)) - raft.server.log.segment.cache.size.max = 200MB (=209715200) (default)
2023-09-19 02:03:55,453 [b1558ce8-bc2f-4c62-aaec-0278e14522f1-groupManagement] INFO  server.RaftServerConfigKeys (ConfUtils.java:logGet(46)) - raft.server.log.appender.buffer.byte-limit = 33554432 (custom)
2023-09-19 02:03:55,453 [b1558ce8-bc2f-4c62-aaec-0278e14522f1-groupManagement] INFO  segmented.SegmentedRaftLogWorker (SegmentedRaftLogWorker.java:<init>(188)) - new b1558ce8-bc2f-4c62-aaec-0278e14522f1@group-1146A680FE5E-SegmentedRaftLogWorker for RaftStorageImpl:Storage Directory /home/runner/work/ozone/ozone/hadoop-ozone/integration-test/target/test-dir/MiniOzoneClusterImpl-9bcb963b-3a30-483e-aad5-953c8710d6fd/datanode-0/data/ratis/0461f910-1f31-4137-864d-1146a680fe5e
2023-09-19 02:03:55,453 [b1558ce8-bc2f-4c62-aaec-0278e14522f1-groupManagement] INFO  server.RaftServerConfigKeys (ConfUtils.java:logGet(46)) - raft.server.log.queue.byte-limit = 4294967296 (custom)
2023-09-19 02:03:55,453 [b1558ce8-bc2f-4c62-aaec-0278e14522f1-groupManagement] INFO  server.RaftServerConfigKeys (ConfUtils.java:logGet(46)) - raft.server.log.queue.element-limit = 1024 (custom)
2023-09-19 02:03:55,454 [b1558ce8-bc2f-4c62-aaec-0278e14522f1-groupManagement] INFO  server.RaftServerConfigKeys (ConfUtils.java:logGet(46)) - raft.server.log.segment.size.max = 1048576 (custom)
2023-09-19 02:03:55,454 [b1558ce8-bc2f-4c62-aaec-0278e14522f1-groupManagement] INFO  server.RaftServerConfigKeys (ConfUtils.java:logGet(46)) - raft.server.log.preallocated.size = 16384 (custom)
2023-09-19 02:03:55,454 [b1558ce8-bc2f-4c62-aaec-0278e14522f1-groupManagement] INFO  server.RaftServerConfigKeys (ConfUtils.java:logGet(46)) - raft.server.log.force.sync.num = 128 (default)
2023-09-19 02:03:55,454 [b1558ce8-bc2f-4c62-aaec-0278e14522f1-groupManagement] INFO  server.RaftServerConfigKeys (ConfUtils.java:logGet(46)) - raft.server.log.statemachine.data.sync = true (default)
2023-09-19 02:03:55,454 [b1558ce8-bc2f-4c62-aaec-0278e14522f1-groupManagement] INFO  server.RaftServerConfigKeys (ConfUtils.java:logGet(46)) - raft.server.log.statemachine.data.sync.timeout = 10s (default)
2023-09-19 02:03:55,454 [b1558ce8-bc2f-4c62-aaec-0278e14522f1-groupManagement] INFO  server.RaftServerConfigKeys (ConfUtils.java:logGet(46)) - raft.server.log.statemachine.data.sync.timeout.retry = -1 (default)
2023-09-19 02:03:55,455 [b1558ce8-bc2f-4c62-aaec-0278e14522f1-groupManagement] INFO  server.RaftServerConfigKeys (ConfUtils.java:logGet(46)) - raft.server.log.write.buffer.size = 1048576 (custom)
2023-09-19 02:03:55,456 [b1558ce8-bc2f-4c62-aaec-0278e14522f1-groupManagement] INFO  server.RaftServerConfigKeys (ConfUtils.java:logGet(46)) - raft.server.log.appender.buffer.byte-limit = 33554432 (custom)
2023-09-19 02:03:55,461 [b1558ce8-bc2f-4c62-aaec-0278e14522f1-groupManagement] INFO  server.RaftServerConfigKeys (ConfUtils.java:logGet(46)) - raft.server.log.unsafe-flush.enabled = false (default)
2023-09-19 02:03:55,461 [b1558ce8-bc2f-4c62-aaec-0278e14522f1-groupManagement] INFO  server.RaftServerConfigKeys (ConfUtils.java:logGet(46)) - raft.server.log.async-flush.enabled = false (default)
2023-09-19 02:03:55,461 [b1558ce8-bc2f-4c62-aaec-0278e14522f1-groupManagement] INFO  server.RaftServerConfigKeys (ConfUtils.java:logGet(46)) - raft.server.log.statemachine.data.caching.enabled = true (custom)
2023-09-19 02:03:55,461 [b1558ce8-bc2f-4c62-aaec-0278e14522f1-groupManagement] INFO  segmented.SegmentedRaftLogWorker (SegmentedRaftLogWorker.java:lambda$new$0(135)) - b1558ce8-bc2f-4c62-aaec-0278e14522f1@group-1146A680FE5E-SegmentedRaftLogWorker: flushIndex: setUnconditionally 0 -> -1
2023-09-19 02:03:55,461 [b1558ce8-bc2f-4c62-aaec-0278e14522f1-groupManagement] INFO  segmented.SegmentedRaftLogWorker (SegmentedRaftLogWorker.java:lambda$new$0(135)) - b1558ce8-bc2f-4c62-aaec-0278e14522f1@group-1146A680FE5E-SegmentedRaftLogWorker: safeCacheEvictIndex: setUnconditionally 0 -> -1
2023-09-19 02:03:55,461 [b1558ce8-bc2f-4c62-aaec-0278e14522f1-groupManagement] INFO  server.RaftServer$Division (RaftServerImpl.java:start(342)) - b1558ce8-bc2f-4c62-aaec-0278e14522f1@group-1146A680FE5E: start as a follower, conf=-1: peers:[b1558ce8-bc2f-4c62-aaec-0278e14522f1|rpc:10.1.0.29:15014|admin:10.1.0.29:15013|client:10.1.0.29:15012|dataStream:10.1.0.29:15015|priority:1|startupRole:FOLLOWER]|listeners:[], old=null
2023-09-19 02:03:55,462 [b1558ce8-bc2f-4c62-aaec-0278e14522f1-groupManagement] INFO  server.RaftServer$Division (RaftServerImpl.java:setRole(329)) - b1558ce8-bc2f-4c62-aaec-0278e14522f1@group-1146A680FE5E: changes role from      null to FOLLOWER at term 0 for startAsFollower
2023-09-19 02:03:55,462 [b1558ce8-bc2f-4c62-aaec-0278e14522f1-groupManagement] INFO  impl.RoleInfo (RoleInfo.java:updateAndGet(139)) - b1558ce8-bc2f-4c62-aaec-0278e14522f1: start b1558ce8-bc2f-4c62-aaec-0278e14522f1@group-1146A680FE5E-FollowerState
2023-09-19 02:03:55,462 [b1558ce8-bc2f-4c62-aaec-0278e14522f1-groupManagement] INFO  util.JmxRegister (JmxRegister.java:tryRegister(44)) - Successfully registered JMX Bean with object name Ratis:service=RaftServer,group=group-1146A680FE5E,id=b1558ce8-bc2f-4c62-aaec-0278e14522f1
2023-09-19 02:03:55,462 [b1558ce8-bc2f-4c62-aaec-0278e14522f1-groupManagement] INFO  server.RaftServerConfigKeys (ConfUtils.java:logGet(46)) - raft.server.snapshot.auto.trigger.enabled = true (custom)
2023-09-19 02:03:55,462 [b1558ce8-bc2f-4c62-aaec-0278e14522f1-groupManagement] INFO  server.RaftServerConfigKeys (ConfUtils.java:logGet(46)) - raft.server.snapshot.auto.trigger.threshold = 10000 (custom)
2023-09-19 02:03:55,462 [b1558ce8-bc2f-4c62-aaec-0278e14522f1-groupManagement] INFO  server.RaftServerConfigKeys (ConfUtils.java:logGet(46)) - raft.server.snapshot.retention.file.num = 5 (custom)
2023-09-19 02:03:55,462 [b1558ce8-bc2f-4c62-aaec-0278e14522f1-groupManagement] INFO  server.RaftServerConfigKeys (ConfUtils.java:logGet(46)) - raft.server.log.purge.upto.snapshot.index = false (default)
2023-09-19 02:03:55,463 [b1558ce8-bc2f-4c62-aaec-0278e14522f1@group-1146A680FE5E-FollowerState] INFO  server.RaftServerConfigKeys (ConfUtils.java:logFallback(53)) - raft.server.rpc.first-election.timeout.min = 5s (fallback to raft.server.rpc.timeout.min)
2023-09-19 02:03:55,463 [b1558ce8-bc2f-4c62-aaec-0278e14522f1@group-1146A680FE5E-FollowerState] INFO  server.RaftServerConfigKeys (ConfUtils.java:logFallback(53)) - raft.server.rpc.first-election.timeout.max = 5200ms (fallback to raft.server.rpc.timeout.max)
2023-09-19 02:03:55,469 [PipelineCommandHandlerThread-0] INFO  ratis.XceiverServerRatis (XceiverServerRatis.java:addGroup(804)) - Created group PipelineID=0461f910-1f31-4137-864d-1146a680fe5e
2023-09-19 02:03:55,470 [PipelineCommandHandlerThread-0] INFO  commandhandler.CreatePipelineCommandHandler (CreatePipelineCommandHandler.java:lambda$handle$2(124)) - Created Pipeline RATIS ONE PipelineID=0461f910-1f31-4137-864d-1146a680fe5e.
2023-09-19 02:03:55,470 [PipelineCommandHandlerThread-0] INFO  server.RaftServer (RaftServerProxy.java:addNew(98)) - b1558ce8-bc2f-4c62-aaec-0278e14522f1: addNew group-1453E47972AB:[b1558ce8-bc2f-4c62-aaec-0278e14522f1|rpc:10.1.0.29:15014|admin:10.1.0.29:15013|client:10.1.0.29:15012|dataStream:10.1.0.29:15015|priority:1|startupRole:FOLLOWER, 3d8e742d-6d38-4fa1-811b-6a8dd626afd2|rpc:10.1.0.29:15023|admin:10.1.0.29:15022|client:10.1.0.29:15021|dataStream:10.1.0.29:15024|priority:0|startupRole:FOLLOWER, 251b4ee7-4683-41e7-a4df-609a9bc3ccca|rpc:10.1.0.29:15032|admin:10.1.0.29:15031|client:10.1.0.29:15030|dataStream:10.1.0.29:15033|priority:0|startupRole:FOLLOWER] returns group-1453E47972AB:java.util.concurrent.CompletableFuture@493c0090[Not completed]
2023-09-19 02:03:55,472 [b1558ce8-bc2f-4c62-aaec-0278e14522f1-groupManagement] INFO  server.RaftServer$Division (RaftServerImpl.java:<init>(198)) - b1558ce8-bc2f-4c62-aaec-0278e14522f1: new RaftServerImpl for group-1453E47972AB:[b1558ce8-bc2f-4c62-aaec-0278e14522f1|rpc:10.1.0.29:15014|admin:10.1.0.29:15013|client:10.1.0.29:15012|dataStream:10.1.0.29:15015|priority:1|startupRole:FOLLOWER, 3d8e742d-6d38-4fa1-811b-6a8dd626afd2|rpc:10.1.0.29:15023|admin:10.1.0.29:15022|client:10.1.0.29:15021|dataStream:10.1.0.29:15024|priority:0|startupRole:FOLLOWER, 251b4ee7-4683-41e7-a4df-609a9bc3ccca|rpc:10.1.0.29:15032|admin:10.1.0.29:15031|client:10.1.0.29:15030|dataStream:10.1.0.29:15033|priority:0|startupRole:FOLLOWER] with ContainerStateMachine:uninitialized
2023-09-19 02:03:55,472 [b1558ce8-bc2f-4c62-aaec-0278e14522f1-groupManagement] INFO  server.RaftServerConfigKeys (ConfUtils.java:logGet(46)) - raft.server.rpc.timeout.min = 5s (custom)
2023-09-19 02:03:55,472 [b1558ce8-bc2f-4c62-aaec-0278e14522f1-groupManagement] INFO  server.RaftServerConfigKeys (ConfUtils.java:logGet(46)) - raft.server.rpc.timeout.max = 5200ms (custom)
2023-09-19 02:03:55,472 [b1558ce8-bc2f-4c62-aaec-0278e14522f1-groupManagement] INFO  server.RaftServerConfigKeys (ConfUtils.java:logGet(46)) - raft.server.rpc.sleep.time = 25ms (default)
2023-09-19 02:03:55,472 [b1558ce8-bc2f-4c62-aaec-0278e14522f1-groupManagement] INFO  server.RaftServerConfigKeys (ConfUtils.java:logGet(46)) - raft.server.rpc.slowness.timeout = 300s (custom)
2023-09-19 02:03:55,472 [b1558ce8-bc2f-4c62-aaec-0278e14522f1-groupManagement] INFO  server.RaftServerConfigKeys (ConfUtils.java:logGet(46)) - raft.server.leaderelection.leader.step-down.wait-time = 10s (default)
2023-09-19 02:03:55,472 [b1558ce8-bc2f-4c62-aaec-0278e14522f1-groupManagement] INFO  server.RaftServerConfigKeys (ConfUtils.java:logGet(46)) - raft.server.sleep.deviation.threshold = 300ms (default)
2023-09-19 02:03:55,472 [b1558ce8-bc2f-4c62-aaec-0278e14522f1-groupManagement] INFO  server.RaftServer$Division (ServerState.java:<init>(120)) - b1558ce8-bc2f-4c62-aaec-0278e14522f1@group-1453E47972AB: ConfigurationManager, init=-1: peers:[b1558ce8-bc2f-4c62-aaec-0278e14522f1|rpc:10.1.0.29:15014|admin:10.1.0.29:15013|client:10.1.0.29:15012|dataStream:10.1.0.29:15015|priority:1|startupRole:FOLLOWER, 3d8e742d-6d38-4fa1-811b-6a8dd626afd2|rpc:10.1.0.29:15023|admin:10.1.0.29:15022|client:10.1.0.29:15021|dataStream:10.1.0.29:15024|priority:0|startupRole:FOLLOWER, 251b4ee7-4683-41e7-a4df-609a9bc3ccca|rpc:10.1.0.29:15032|admin:10.1.0.29:15031|client:10.1.0.29:15030|dataStream:10.1.0.29:15033|priority:0|startupRole:FOLLOWER]|listeners:[], old=null, confs=<EMPTY_MAP>
2023-09-19 02:03:55,472 [b1558ce8-bc2f-4c62-aaec-0278e14522f1-groupManagement] INFO  server.RaftServerConfigKeys (ConfUtils.java:logGet(46)) - raft.server.storage.dir = [/home/runner/work/ozone/ozone/hadoop-ozone/integration-test/target/test-dir/MiniOzoneClusterImpl-9bcb963b-3a30-483e-aad5-953c8710d6fd/datanode-0/data/ratis] (custom)
2023-09-19 02:03:55,472 [b1558ce8-bc2f-4c62-aaec-0278e14522f1-groupManagement] INFO  server.RaftServerConfigKeys (ConfUtils.java:logGet(46)) - raft.server.log.corruption.policy = EXCEPTION (default)
2023-09-19 02:03:55,472 [b1558ce8-bc2f-4c62-aaec-0278e14522f1-groupManagement] INFO  server.RaftServerConfigKeys (ConfUtils.java:logGet(46)) - raft.server.storage.free-space.min = 0MB (=0) (default)
2023-09-19 02:03:55,473 [b1558ce8-bc2f-4c62-aaec-0278e14522f1-groupManagement] INFO  server.RaftServerConfigKeys (ConfUtils.java:logGet(46)) - raft.server.notification.no-leader.timeout = 300s (custom)
2023-09-19 02:03:55,473 [b1558ce8-bc2f-4c62-aaec-0278e14522f1-groupManagement] INFO  server.RaftServerConfigKeys (ConfUtils.java:logGet(46)) - raft.server.read.timeout = 10s (default)
2023-09-19 02:03:55,473 [b1558ce8-bc2f-4c62-aaec-0278e14522f1-groupManagement] INFO  server.RaftServerConfigKeys (ConfUtils.java:logGet(46)) - raft.server.retrycache.expirytime = 600000ms (custom)
2023-09-19 02:03:55,473 [b1558ce8-bc2f-4c62-aaec-0278e14522f1-groupManagement] INFO  server.RaftServerConfigKeys (ConfUtils.java:logGet(46)) - raft.server.retrycache.statistics.expirytime = 100μs (default)
2023-09-19 02:03:55,473 [b1558ce8-bc2f-4c62-aaec-0278e14522f1-groupManagement] INFO  server.RaftServerConfigKeys (ConfUtils.java:logGet(46)) - raft.server.read.option = DEFAULT (default)
2023-09-19 02:03:55,474 [b1558ce8-bc2f-4c62-aaec-0278e14522f1-groupManagement] INFO  server.RaftServerConfigKeys (ConfUtils.java:logGet(46)) - raft.server.rpc.request.timeout = 60s (custom)
2023-09-19 02:03:55,475 [b1558ce8-bc2f-4c62-aaec-0278e14522f1-groupManagement] INFO  server.RaftServerConfigKeys (ConfUtils.java:logGet(46)) - raft.server.log.appender.install.snapshot.enabled = false (custom)
2023-09-19 02:03:55,475 [b1558ce8-bc2f-4c62-aaec-0278e14522f1-groupManagement] INFO  server.RaftServerConfigKeys (ConfUtils.java:logGet(46)) - raft.server.threadpool.server.cached = true (default)
2023-09-19 02:03:55,475 [b1558ce8-bc2f-4c62-aaec-0278e14522f1-groupManagement] INFO  server.RaftServerConfigKeys (ConfUtils.java:logGet(46)) - raft.server.threadpool.server.size = 0 (default)
2023-09-19 02:03:55,475 [b1558ce8-bc2f-4c62-aaec-0278e14522f1-groupManagement] INFO  server.RaftServerConfigKeys (ConfUtils.java:logGet(46)) - raft.server.threadpool.client.cached = true (default)
2023-09-19 02:03:55,475 [b1558ce8-bc2f-4c62-aaec-0278e14522f1-groupManagement] INFO  server.RaftServerConfigKeys (ConfUtils.java:logGet(46)) - raft.server.threadpool.client.size = 0 (default)
2023-09-19 02:03:55,475 [b1558ce8-bc2f-4c62-aaec-0278e14522f1-groupManagement] INFO  storage.RaftStorageDirectory (RaftStorageDirectoryImpl.java:analyzeStorage(137)) - The storage directory /home/runner/work/ozone/ozone/hadoop-ozone/integration-test/target/test-dir/MiniOzoneClusterImpl-9bcb963b-3a30-483e-aad5-953c8710d6fd/datanode-0/data/ratis/abc722b4-335f-4297-be91-1453e47972ab does not exist. Creating ...
2023-09-19 02:03:55,476 [b1558ce8-bc2f-4c62-aaec-0278e14522f1-groupManagement] INFO  storage.RaftStorageDirectory (RaftStorageDirectoryImpl.java:tryLock(231)) - Lock on /home/runner/work/ozone/ozone/hadoop-ozone/integration-test/target/test-dir/MiniOzoneClusterImpl-9bcb963b-3a30-483e-aad5-953c8710d6fd/datanode-0/data/ratis/abc722b4-335f-4297-be91-1453e47972ab/in_use.lock acquired by nodename 7315@fv-az1031-92
2023-09-19 02:03:55,477 [b1558ce8-bc2f-4c62-aaec-0278e14522f1-groupManagement] INFO  storage.RaftStorage (RaftStorageImpl.java:format(96)) - Storage directory /home/runner/work/ozone/ozone/hadoop-ozone/integration-test/target/test-dir/MiniOzoneClusterImpl-9bcb963b-3a30-483e-aad5-953c8710d6fd/datanode-0/data/ratis/abc722b4-335f-4297-be91-1453e47972ab has been successfully formatted.
2023-09-19 02:03:55,477 [b1558ce8-bc2f-4c62-aaec-0278e14522f1-groupManagement] INFO  ratis.ContainerStateMachine (ContainerStateMachine.java:loadSnapshot(262)) - group-1453E47972AB: The snapshot info is null. Setting the last applied indexto:(t:0, i:~)
2023-09-19 02:03:55,478 [b1558ce8-bc2f-4c62-aaec-0278e14522f1-groupManagement] INFO  server.RaftServerConfigKeys (ConfUtils.java:logGet(46)) - raft.server.log.use.memory = false (default)
2023-09-19 02:03:55,478 [b1558ce8-bc2f-4c62-aaec-0278e14522f1-groupManagement] INFO  server.RaftServerConfigKeys (ConfUtils.java:logGet(46)) - raft.server.log.purge.gap = 1000000 (custom)
2023-09-19 02:03:55,478 [b1558ce8-bc2f-4c62-aaec-0278e14522f1-groupManagement] INFO  server.RaftServerConfigKeys (ConfUtils.java:logGet(46)) - raft.server.log.appender.buffer.byte-limit = 33554432 (custom)
2023-09-19 02:03:55,478 [b1558ce8-bc2f-4c62-aaec-0278e14522f1-groupManagement] INFO  server.RaftServerConfigKeys (ConfUtils.java:logGet(46)) - raft.server.log.statemachine.data.read.timeout = 1000ms (default)
2023-09-19 02:03:55,478 [b1558ce8-bc2f-4c62-aaec-0278e14522f1-groupManagement] INFO  server.RaftServerConfigKeys (ConfUtils.java:logGet(46)) - raft.server.log.purge.preservation.log.num = 0 (default)
2023-09-19 02:03:55,478 [b1558ce8-bc2f-4c62-aaec-0278e14522f1-groupManagement] INFO  server.RaftServerConfigKeys (ConfUtils.java:logGet(46)) - raft.server.log.segment.size.max = 1048576 (custom)
2023-09-19 02:03:55,479 [b1558ce8-bc2f-4c62-aaec-0278e14522f1-groupManagement] INFO  server.RaftServerConfigKeys (ConfUtils.java:logGet(46)) - raft.server.log.segment.cache.num.max = 2 (custom)
2023-09-19 02:03:55,479 [b1558ce8-bc2f-4c62-aaec-0278e14522f1-groupManagement] INFO  server.RaftServerConfigKeys (ConfUtils.java:logGet(46)) - raft.server.log.segment.cache.size.max = 200MB (=209715200) (default)
2023-09-19 02:03:55,479 [b1558ce8-bc2f-4c62-aaec-0278e14522f1-groupManagement] INFO  server.RaftServerConfigKeys (ConfUtils.java:logGet(46)) - raft.server.log.appender.buffer.byte-limit = 33554432 (custom)
2023-09-19 02:03:55,479 [b1558ce8-bc2f-4c62-aaec-0278e14522f1-groupManagement] INFO  segmented.SegmentedRaftLogWorker (SegmentedRaftLogWorker.java:<init>(188)) - new b1558ce8-bc2f-4c62-aaec-0278e14522f1@group-1453E47972AB-SegmentedRaftLogWorker for RaftStorageImpl:Storage Directory /home/runner/work/ozone/ozone/hadoop-ozone/integration-test/target/test-dir/MiniOzoneClusterImpl-9bcb963b-3a30-483e-aad5-953c8710d6fd/datanode-0/data/ratis/abc722b4-335f-4297-be91-1453e47972ab
2023-09-19 02:03:55,479 [b1558ce8-bc2f-4c62-aaec-0278e14522f1-groupManagement] INFO  server.RaftServerConfigKeys (ConfUtils.java:logGet(46)) - raft.server.log.queue.byte-limit = 4294967296 (custom)
2023-09-19 02:03:55,479 [b1558ce8-bc2f-4c62-aaec-0278e14522f1-groupManagement] INFO  server.RaftServerConfigKeys (ConfUtils.java:logGet(46)) - raft.server.log.queue.element-limit = 1024 (custom)
2023-09-19 02:03:55,479 [b1558ce8-bc2f-4c62-aaec-0278e14522f1-groupManagement] INFO  server.RaftServerConfigKeys (ConfUtils.java:logGet(46)) - raft.server.log.segment.size.max = 1048576 (custom)
2023-09-19 02:03:55,479 [b1558ce8-bc2f-4c62-aaec-0278e14522f1-groupManagement] INFO  server.RaftServerConfigKeys (ConfUtils.java:logGet(46)) - raft.server.log.preallocated.size = 16384 (custom)
2023-09-19 02:03:55,479 [b1558ce8-bc2f-4c62-aaec-0278e14522f1-groupManagement] INFO  server.RaftServerConfigKeys (ConfUtils.java:logGet(46)) - raft.server.log.force.sync.num = 128 (default)
2023-09-19 02:03:55,479 [b1558ce8-bc2f-4c62-aaec-0278e14522f1-groupManagement] INFO  server.RaftServerConfigKeys (ConfUtils.java:logGet(46)) - raft.server.log.statemachine.data.sync = true (default)
2023-09-19 02:03:55,479 [b1558ce8-bc2f-4c62-aaec-0278e14522f1-groupManagement] INFO  server.RaftServerConfigKeys (ConfUtils.java:logGet(46)) - raft.server.log.statemachine.data.sync.timeout = 10s (default)
2023-09-19 02:03:55,479 [b1558ce8-bc2f-4c62-aaec-0278e14522f1-groupManagement] INFO  server.RaftServerConfigKeys (ConfUtils.java:logGet(46)) - raft.server.log.statemachine.data.sync.timeout.retry = -1 (default)
2023-09-19 02:03:55,481 [b1558ce8-bc2f-4c62-aaec-0278e14522f1-groupManagement] INFO  server.RaftServerConfigKeys (ConfUtils.java:logGet(46)) - raft.server.log.write.buffer.size = 1048576 (custom)
2023-09-19 02:03:55,481 [b1558ce8-bc2f-4c62-aaec-0278e14522f1-groupManagement] INFO  server.RaftServerConfigKeys (ConfUtils.java:logGet(46)) - raft.server.log.appender.buffer.byte-limit = 33554432 (custom)
2023-09-19 02:03:55,486 [EventQueue-PipelineReportForPipelineReportHandler] INFO  pipeline.PipelineReportHandler (PipelineReportHandler.java:processPipelineReport(136)) - Opened pipeline PipelineID=0461f910-1f31-4137-864d-1146a680fe5e
2023-09-19 02:03:55,490 [b1558ce8-bc2f-4c62-aaec-0278e14522f1-groupManagement] INFO  server.RaftServerConfigKeys (ConfUtils.java:logGet(46)) - raft.server.log.unsafe-flush.enabled = false (default)
2023-09-19 02:03:55,497 [b1558ce8-bc2f-4c62-aaec-0278e14522f1-groupManagement] INFO  server.RaftServerConfigKeys (ConfUtils.java:logGet(46)) - raft.server.log.async-flush.enabled = false (default)
2023-09-19 02:03:55,497 [b1558ce8-bc2f-4c62-aaec-0278e14522f1-groupManagement] INFO  server.RaftServerConfigKeys (ConfUtils.java:logGet(46)) - raft.server.log.statemachine.data.caching.enabled = true (custom)
2023-09-19 02:03:55,498 [b1558ce8-bc2f-4c62-aaec-0278e14522f1-groupManagement] INFO  segmented.SegmentedRaftLogWorker (SegmentedRaftLogWorker.java:lambda$new$0(135)) - b1558ce8-bc2f-4c62-aaec-0278e14522f1@group-1453E47972AB-SegmentedRaftLogWorker: flushIndex: setUnconditionally 0 -> -1
2023-09-19 02:03:55,498 [b1558ce8-bc2f-4c62-aaec-0278e14522f1-groupManagement] INFO  segmented.SegmentedRaftLogWorker (SegmentedRaftLogWorker.java:lambda$new$0(135)) - b1558ce8-bc2f-4c62-aaec-0278e14522f1@group-1453E47972AB-SegmentedRaftLogWorker: safeCacheEvictIndex: setUnconditionally 0 -> -1
2023-09-19 02:03:55,497 [EventQueue-OpenPipelineForHealthyPipelineSafeModeRule] INFO  safemode.SCMSafeModeManager (HealthyPipelineSafeModeRule.java:process(137)) - SCM in safe mode. Healthy pipelines reported count is 0, required healthy pipeline reported count is 1
2023-09-19 02:03:55,498 [EventQueue-OpenPipelineForHealthyPipelineSafeModeRule] INFO  safemode.SCMSafeModeManager (HealthyPipelineSafeModeRule.java:process(137)) - SCM in safe mode. Healthy pipelines reported count is 0, required healthy pipeline reported count is 1
2023-09-19 02:03:55,498 [b1558ce8-bc2f-4c62-aaec-0278e14522f1-groupManagement] INFO  server.RaftServer$Division (RaftServerImpl.java:start(342)) - b1558ce8-bc2f-4c62-aaec-0278e14522f1@group-1453E47972AB: start as a follower, conf=-1: peers:[b1558ce8-bc2f-4c62-aaec-0278e14522f1|rpc:10.1.0.29:15014|admin:10.1.0.29:15013|client:10.1.0.29:15012|dataStream:10.1.0.29:15015|priority:1|startupRole:FOLLOWER, 3d8e742d-6d38-4fa1-811b-6a8dd626afd2|rpc:10.1.0.29:15023|admin:10.1.0.29:15022|client:10.1.0.29:15021|dataStream:10.1.0.29:15024|priority:0|startupRole:FOLLOWER, 251b4ee7-4683-41e7-a4df-609a9bc3ccca|rpc:10.1.0.29:15032|admin:10.1.0.29:15031|client:10.1.0.29:15030|dataStream:10.1.0.29:15033|priority:0|startupRole:FOLLOWER]|listeners:[], old=null
2023-09-19 02:03:55,498 [b1558ce8-bc2f-4c62-aaec-0278e14522f1-groupManagement] INFO  server.RaftServer$Division (RaftServerImpl.java:setRole(329)) - b1558ce8-bc2f-4c62-aaec-0278e14522f1@group-1453E47972AB: changes role from      null to FOLLOWER at term 0 for startAsFollower
2023-09-19 02:03:55,499 [b1558ce8-bc2f-4c62-aaec-0278e14522f1-groupManagement] INFO  impl.RoleInfo (RoleInfo.java:updateAndGet(139)) - b1558ce8-bc2f-4c62-aaec-0278e14522f1: start b1558ce8-bc2f-4c62-aaec-0278e14522f1@group-1453E47972AB-FollowerState
2023-09-19 02:03:55,506 [b1558ce8-bc2f-4c62-aaec-0278e14522f1-groupManagement] INFO  util.JmxRegister (JmxRegister.java:tryRegister(44)) - Successfully registered JMX Bean with object name Ratis:service=RaftServer,group=group-1453E47972AB,id=b1558ce8-bc2f-4c62-aaec-0278e14522f1
2023-09-19 02:03:55,506 [b1558ce8-bc2f-4c62-aaec-0278e14522f1-groupManagement] INFO  server.RaftServerConfigKeys (ConfUtils.java:logGet(46)) - raft.server.snapshot.auto.trigger.enabled = true (custom)
2023-09-19 02:03:55,506 [b1558ce8-bc2f-4c62-aaec-0278e14522f1-groupManagement] INFO  server.RaftServerConfigKeys (ConfUtils.java:logGet(46)) - raft.server.snapshot.auto.trigger.threshold = 10000 (custom)
2023-09-19 02:03:55,506 [b1558ce8-bc2f-4c62-aaec-0278e14522f1-groupManagement] INFO  server.RaftServerConfigKeys (ConfUtils.java:logGet(46)) - raft.server.snapshot.retention.file.num = 5 (custom)
2023-09-19 02:03:55,506 [b1558ce8-bc2f-4c62-aaec-0278e14522f1-groupManagement] INFO  server.RaftServerConfigKeys (ConfUtils.java:logGet(46)) - raft.server.log.purge.upto.snapshot.index = false (default)
2023-09-19 02:03:55,507 [b1558ce8-bc2f-4c62-aaec-0278e14522f1@group-1453E47972AB-FollowerState] INFO  server.RaftServerConfigKeys (ConfUtils.java:logFallback(53)) - raft.server.rpc.first-election.timeout.min = 5s (fallback to raft.server.rpc.timeout.min)
2023-09-19 02:03:55,508 [b1558ce8-bc2f-4c62-aaec-0278e14522f1@group-1453E47972AB-FollowerState] INFO  server.RaftServerConfigKeys (ConfUtils.java:logFallback(53)) - raft.server.rpc.first-election.timeout.max = 5200ms (fallback to raft.server.rpc.timeout.max)
2023-09-19 02:03:55,508 [PipelineCommandHandlerThread-0] INFO  ratis.XceiverServerRatis (XceiverServerRatis.java:addGroup(804)) - Created group PipelineID=abc722b4-335f-4297-be91-1453e47972ab
2023-09-19 02:03:55,863 [main] INFO  ozone.MiniOzoneClusterImpl (MiniOzoneClusterImpl.java:lambda$waitForClusterToBeReady$0(224)) - Nodes are ready. Got 5 of 5 DN Heartbeats.
2023-09-19 02:03:55,863 [main] INFO  ozone.MiniOzoneClusterImpl (MiniOzoneClusterImpl.java:lambda$waitForClusterToBeReady$0(227)) - Waiting for cluster to exit safe mode
2023-09-19 02:03:55,863 [main] INFO  ozone.MiniOzoneClusterImpl (MiniOzoneClusterImpl.java:lambda$waitForClusterToBeReady$0(229)) - SCM became leader
2023-09-19 02:03:55,874 [PipelineCommandHandlerThread-0] INFO  server.RaftServer (RaftServerProxy.java:addNew(98)) - 3d8e742d-6d38-4fa1-811b-6a8dd626afd2: addNew group-FD651BCEA229:[3d8e742d-6d38-4fa1-811b-6a8dd626afd2|rpc:10.1.0.29:15023|admin:10.1.0.29:15022|client:10.1.0.29:15021|dataStream:10.1.0.29:15024|priority:1|startupRole:FOLLOWER] returns group-FD651BCEA229:java.util.concurrent.CompletableFuture@555eef35[Not completed]
2023-09-19 02:03:55,876 [3d8e742d-6d38-4fa1-811b-6a8dd626afd2-groupManagement] INFO  server.RaftServer$Division (RaftServerImpl.java:<init>(198)) - 3d8e742d-6d38-4fa1-811b-6a8dd626afd2: new RaftServerImpl for group-FD651BCEA229:[3d8e742d-6d38-4fa1-811b-6a8dd626afd2|rpc:10.1.0.29:15023|admin:10.1.0.29:15022|client:10.1.0.29:15021|dataStream:10.1.0.29:15024|priority:1|startupRole:FOLLOWER] with ContainerStateMachine:uninitialized
2023-09-19 02:03:55,876 [3d8e742d-6d38-4fa1-811b-6a8dd626afd2-groupManagement] INFO  server.RaftServerConfigKeys (ConfUtils.java:logGet(46)) - raft.server.rpc.timeout.min = 5s (custom)
2023-09-19 02:03:55,876 [3d8e742d-6d38-4fa1-811b-6a8dd626afd2-groupManagement] INFO  server.RaftServerConfigKeys (ConfUtils.java:logGet(46)) - raft.server.rpc.timeout.max = 5200ms (custom)
2023-09-19 02:03:55,876 [3d8e742d-6d38-4fa1-811b-6a8dd626afd2-groupManagement] INFO  server.RaftServerConfigKeys (ConfUtils.java:logGet(46)) - raft.server.rpc.sleep.time = 25ms (default)
2023-09-19 02:03:55,876 [3d8e742d-6d38-4fa1-811b-6a8dd626afd2-groupManagement] INFO  server.RaftServerConfigKeys (ConfUtils.java:logGet(46)) - raft.server.rpc.slowness.timeout = 300s (custom)
2023-09-19 02:03:55,876 [3d8e742d-6d38-4fa1-811b-6a8dd626afd2-groupManagement] INFO  server.RaftServerConfigKeys (ConfUtils.java:logGet(46)) - raft.server.leaderelection.leader.step-down.wait-time = 10s (default)
2023-09-19 02:03:55,876 [3d8e742d-6d38-4fa1-811b-6a8dd626afd2-groupManagement] INFO  server.RaftServerConfigKeys (ConfUtils.java:logGet(46)) - raft.server.sleep.deviation.threshold = 300ms (default)
2023-09-19 02:03:55,876 [3d8e742d-6d38-4fa1-811b-6a8dd626afd2-groupManagement] INFO  server.RaftServer$Division (ServerState.java:<init>(120)) - 3d8e742d-6d38-4fa1-811b-6a8dd626afd2@group-FD651BCEA229: ConfigurationManager, init=-1: peers:[3d8e742d-6d38-4fa1-811b-6a8dd626afd2|rpc:10.1.0.29:15023|admin:10.1.0.29:15022|client:10.1.0.29:15021|dataStream:10.1.0.29:15024|priority:1|startupRole:FOLLOWER]|listeners:[], old=null, confs=<EMPTY_MAP>
2023-09-19 02:03:55,876 [3d8e742d-6d38-4fa1-811b-6a8dd626afd2-groupManagement] INFO  server.RaftServerConfigKeys (ConfUtils.java:logGet(46)) - raft.server.storage.dir = [/home/runner/work/ozone/ozone/hadoop-ozone/integration-test/target/test-dir/MiniOzoneClusterImpl-9bcb963b-3a30-483e-aad5-953c8710d6fd/datanode-1/data/ratis] (custom)
2023-09-19 02:03:55,877 [3d8e742d-6d38-4fa1-811b-6a8dd626afd2-groupManagement] INFO  server.RaftServerConfigKeys (ConfUtils.java:logGet(46)) - raft.server.log.corruption.policy = EXCEPTION (default)
2023-09-19 02:03:55,877 [3d8e742d-6d38-4fa1-811b-6a8dd626afd2-groupManagement] INFO  server.RaftServerConfigKeys (ConfUtils.java:logGet(46)) - raft.server.storage.free-space.min = 0MB (=0) (default)
2023-09-19 02:03:55,877 [3d8e742d-6d38-4fa1-811b-6a8dd626afd2-groupManagement] INFO  server.RaftServerConfigKeys (ConfUtils.java:logGet(46)) - raft.server.notification.no-leader.timeout = 300s (custom)
2023-09-19 02:03:55,877 [3d8e742d-6d38-4fa1-811b-6a8dd626afd2-groupManagement] INFO  server.RaftServerConfigKeys (ConfUtils.java:logGet(46)) - raft.server.read.timeout = 10s (default)
2023-09-19 02:03:55,877 [3d8e742d-6d38-4fa1-811b-6a8dd626afd2-groupManagement] INFO  server.RaftServerConfigKeys (ConfUtils.java:logGet(46)) - raft.server.retrycache.expirytime = 600000ms (custom)
2023-09-19 02:03:55,877 [3d8e742d-6d38-4fa1-811b-6a8dd626afd2-groupManagement] INFO  server.RaftServerConfigKeys (ConfUtils.java:logGet(46)) - raft.server.retrycache.statistics.expirytime = 100μs (default)
2023-09-19 02:03:55,877 [3d8e742d-6d38-4fa1-811b-6a8dd626afd2-groupManagement] INFO  server.RaftServerConfigKeys (ConfUtils.java:logGet(46)) - raft.server.read.option = DEFAULT (default)
2023-09-19 02:03:55,882 [3d8e742d-6d38-4fa1-811b-6a8dd626afd2-groupManagement] INFO  server.RaftServerConfigKeys (ConfUtils.java:logGet(46)) - raft.server.rpc.request.timeout = 60s (custom)
2023-09-19 02:03:55,882 [3d8e742d-6d38-4fa1-811b-6a8dd626afd2-groupManagement] INFO  server.RaftServerConfigKeys (ConfUtils.java:logGet(46)) - raft.server.log.appender.install.snapshot.enabled = false (custom)
2023-09-19 02:03:55,882 [3d8e742d-6d38-4fa1-811b-6a8dd626afd2-groupManagement] INFO  server.RaftServerConfigKeys (ConfUtils.java:logGet(46)) - raft.server.threadpool.server.cached = true (default)
2023-09-19 02:03:55,882 [3d8e742d-6d38-4fa1-811b-6a8dd626afd2-groupManagement] INFO  server.RaftServerConfigKeys (ConfUtils.java:logGet(46)) - raft.server.threadpool.server.size = 0 (default)
2023-09-19 02:03:55,882 [3d8e742d-6d38-4fa1-811b-6a8dd626afd2-groupManagement] INFO  server.RaftServerConfigKeys (ConfUtils.java:logGet(46)) - raft.server.threadpool.client.cached = true (default)
2023-09-19 02:03:55,882 [3d8e742d-6d38-4fa1-811b-6a8dd626afd2-groupManagement] INFO  server.RaftServerConfigKeys (ConfUtils.java:logGet(46)) - raft.server.threadpool.client.size = 0 (default)
2023-09-19 02:03:55,882 [3d8e742d-6d38-4fa1-811b-6a8dd626afd2-groupManagement] INFO  storage.RaftStorageDirectory (RaftStorageDirectoryImpl.java:analyzeStorage(137)) - The storage directory /home/runner/work/ozone/ozone/hadoop-ozone/integration-test/target/test-dir/MiniOzoneClusterImpl-9bcb963b-3a30-483e-aad5-953c8710d6fd/datanode-1/data/ratis/9f3ddad4-3deb-4281-849b-fd651bcea229 does not exist. Creating ...
2023-09-19 02:03:55,884 [3d8e742d-6d38-4fa1-811b-6a8dd626afd2-groupManagement] INFO  storage.RaftStorageDirectory (RaftStorageDirectoryImpl.java:tryLock(231)) - Lock on /home/runner/work/ozone/ozone/hadoop-ozone/integration-test/target/test-dir/MiniOzoneClusterImpl-9bcb963b-3a30-483e-aad5-953c8710d6fd/datanode-1/data/ratis/9f3ddad4-3deb-4281-849b-fd651bcea229/in_use.lock acquired by nodename 7315@fv-az1031-92
2023-09-19 02:03:55,890 [grpc-default-executor-0] INFO  server.RaftServer (RaftServerProxy.java:addNew(98)) - 251b4ee7-4683-41e7-a4df-609a9bc3ccca: addNew group-1453E47972AB:[b1558ce8-bc2f-4c62-aaec-0278e14522f1|rpc:10.1.0.29:15014|admin:10.1.0.29:15013|client:10.1.0.29:15012|dataStream:10.1.0.29:15015|priority:1|startupRole:FOLLOWER, 3d8e742d-6d38-4fa1-811b-6a8dd626afd2|rpc:10.1.0.29:15023|admin:10.1.0.29:15022|client:10.1.0.29:15021|dataStream:10.1.0.29:15024|priority:0|startupRole:FOLLOWER, 251b4ee7-4683-41e7-a4df-609a9bc3ccca|rpc:10.1.0.29:15032|admin:10.1.0.29:15031|client:10.1.0.29:15030|dataStream:10.1.0.29:15033|priority:0|startupRole:FOLLOWER] returns group-1453E47972AB:java.util.concurrent.CompletableFuture@3eaf0d44[Not completed]
2023-09-19 02:03:55,892 [3d8e742d-6d38-4fa1-811b-6a8dd626afd2-groupManagement] INFO  storage.RaftStorage (RaftStorageImpl.java:format(96)) - Storage directory /home/runner/work/ozone/ozone/hadoop-ozone/integration-test/target/test-dir/MiniOzoneClusterImpl-9bcb963b-3a30-483e-aad5-953c8710d6fd/datanode-1/data/ratis/9f3ddad4-3deb-4281-849b-fd651bcea229 has been successfully formatted.
2023-09-19 02:03:55,893 [3d8e742d-6d38-4fa1-811b-6a8dd626afd2-groupManagement] INFO  ratis.ContainerStateMachine (ContainerStateMachine.java:loadSnapshot(262)) - group-FD651BCEA229: The snapshot info is null. Setting the last applied indexto:(t:0, i:~)
2023-09-19 02:03:55,895 [3d8e742d-6d38-4fa1-811b-6a8dd626afd2-groupManagement] INFO  server.RaftServerConfigKeys (ConfUtils.java:logGet(46)) - raft.server.log.use.memory = false (default)
2023-09-19 02:03:55,895 [3d8e742d-6d38-4fa1-811b-6a8dd626afd2-groupManagement] INFO  server.RaftServerConfigKeys (ConfUtils.java:logGet(46)) - raft.server.log.purge.gap = 1000000 (custom)
2023-09-19 02:03:55,895 [3d8e742d-6d38-4fa1-811b-6a8dd626afd2-groupManagement] INFO  server.RaftServerConfigKeys (ConfUtils.java:logGet(46)) - raft.server.log.appender.buffer.byte-limit = 33554432 (custom)
2023-09-19 02:03:55,895 [3d8e742d-6d38-4fa1-811b-6a8dd626afd2-groupManagement] INFO  server.RaftServerConfigKeys (ConfUtils.java:logGet(46)) - raft.server.log.statemachine.data.read.timeout = 1000ms (default)
2023-09-19 02:03:55,895 [3d8e742d-6d38-4fa1-811b-6a8dd626afd2-groupManagement] INFO  server.RaftServerConfigKeys (ConfUtils.java:logGet(46)) - raft.server.log.purge.preservation.log.num = 0 (default)
2023-09-19 02:03:55,897 [3d8e742d-6d38-4fa1-811b-6a8dd626afd2-groupManagement] INFO  server.RaftServerConfigKeys (ConfUtils.java:logGet(46)) - raft.server.log.segment.size.max = 1048576 (custom)
2023-09-19 02:03:55,897 [EventQueue-PipelineReportForPipelineReportHandler] INFO  pipeline.PipelineReportHandler (PipelineReportHandler.java:processPipelineReport(136)) - Opened pipeline PipelineID=9f3ddad4-3deb-4281-849b-fd651bcea229
2023-09-19 02:03:55,898 [3d8e742d-6d38-4fa1-811b-6a8dd626afd2-groupManagement] INFO  server.RaftServerConfigKeys (ConfUtils.java:logGet(46)) - raft.server.log.segment.cache.num.max = 2 (custom)
2023-09-19 02:03:55,899 [3d8e742d-6d38-4fa1-811b-6a8dd626afd2-groupManagement] INFO  server.RaftServerConfigKeys (ConfUtils.java:logGet(46)) - raft.server.log.segment.cache.size.max = 200MB (=209715200) (default)
2023-09-19 02:03:55,899 [3d8e742d-6d38-4fa1-811b-6a8dd626afd2-groupManagement] INFO  server.RaftServerConfigKeys (ConfUtils.java:logGet(46)) - raft.server.log.appender.buffer.byte-limit = 33554432 (custom)
2023-09-19 02:03:55,899 [3d8e742d-6d38-4fa1-811b-6a8dd626afd2-groupManagement] INFO  segmented.SegmentedRaftLogWorker (SegmentedRaftLogWorker.java:<init>(188)) - new 3d8e742d-6d38-4fa1-811b-6a8dd626afd2@group-FD651BCEA229-SegmentedRaftLogWorker for RaftStorageImpl:Storage Directory /home/runner/work/ozone/ozone/hadoop-ozone/integration-test/target/test-dir/MiniOzoneClusterImpl-9bcb963b-3a30-483e-aad5-953c8710d6fd/datanode-1/data/ratis/9f3ddad4-3deb-4281-849b-fd651bcea229
2023-09-19 02:03:55,899 [3d8e742d-6d38-4fa1-811b-6a8dd626afd2-groupManagement] INFO  server.RaftServerConfigKeys (ConfUtils.java:logGet(46)) - raft.server.log.queue.byte-limit = 4294967296 (custom)
2023-09-19 02:03:55,899 [EventQueue-OpenPipelineForHealthyPipelineSafeModeRule] INFO  safemode.SCMSafeModeManager (HealthyPipelineSafeModeRule.java:process(137)) - SCM in safe mode. Healthy pipelines reported count is 0, required healthy pipeline reported count is 1
2023-09-19 02:03:55,899 [3d8e742d-6d38-4fa1-811b-6a8dd626afd2-groupManagement] INFO  server.RaftServerConfigKeys (ConfUtils.java:logGet(46)) - raft.server.log.queue.element-limit = 1024 (custom)
2023-09-19 02:03:55,899 [3d8e742d-6d38-4fa1-811b-6a8dd626afd2-groupManagement] INFO  server.RaftServerConfigKeys (ConfUtils.java:logGet(46)) - raft.server.log.segment.size.max = 1048576 (custom)
2023-09-19 02:03:55,899 [3d8e742d-6d38-4fa1-811b-6a8dd626afd2-groupManagement] INFO  server.RaftServerConfigKeys (ConfUtils.java:logGet(46)) - raft.server.log.preallocated.size = 16384 (custom)
2023-09-19 02:03:55,899 [3d8e742d-6d38-4fa1-811b-6a8dd626afd2-groupManagement] INFO  server.RaftServerConfigKeys (ConfUtils.java:logGet(46)) - raft.server.log.force.sync.num = 128 (default)
2023-09-19 02:03:55,899 [3d8e742d-6d38-4fa1-811b-6a8dd626afd2-groupManagement] INFO  server.RaftServerConfigKeys (ConfUtils.java:logGet(46)) - raft.server.log.statemachine.data.sync = true (default)
2023-09-19 02:03:55,899 [3d8e742d-6d38-4fa1-811b-6a8dd626afd2-groupManagement] INFO  server.RaftServerConfigKeys (ConfUtils.java:logGet(46)) - raft.server.log.statemachine.data.sync.timeout = 10s (default)
2023-09-19 02:03:55,900 [3d8e742d-6d38-4fa1-811b-6a8dd626afd2-groupManagement] INFO  server.RaftServerConfigKeys (ConfUtils.java:logGet(46)) - raft.server.log.statemachine.data.sync.timeout.retry = -1 (default)
2023-09-19 02:03:55,901 [3d8e742d-6d38-4fa1-811b-6a8dd626afd2-groupManagement] INFO  server.RaftServerConfigKeys (ConfUtils.java:logGet(46)) - raft.server.log.write.buffer.size = 1048576 (custom)
2023-09-19 02:03:55,902 [3d8e742d-6d38-4fa1-811b-6a8dd626afd2-groupManagement] INFO  server.RaftServerConfigKeys (ConfUtils.java:logGet(46)) - raft.server.log.appender.buffer.byte-limit = 33554432 (custom)
2023-09-19 02:03:55,905 [251b4ee7-4683-41e7-a4df-609a9bc3ccca-groupManagement] INFO  server.RaftServer$Division (RaftServerImpl.java:<init>(198)) - 251b4ee7-4683-41e7-a4df-609a9bc3ccca: new RaftServerImpl for group-1453E47972AB:[b1558ce8-bc2f-4c62-aaec-0278e14522f1|rpc:10.1.0.29:15014|admin:10.1.0.29:15013|client:10.1.0.29:15012|dataStream:10.1.0.29:15015|priority:1|startupRole:FOLLOWER, 3d8e742d-6d38-4fa1-811b-6a8dd626afd2|rpc:10.1.0.29:15023|admin:10.1.0.29:15022|client:10.1.0.29:15021|dataStream:10.1.0.29:15024|priority:0|startupRole:FOLLOWER, 251b4ee7-4683-41e7-a4df-609a9bc3ccca|rpc:10.1.0.29:15032|admin:10.1.0.29:15031|client:10.1.0.29:15030|dataStream:10.1.0.29:15033|priority:0|startupRole:FOLLOWER] with ContainerStateMachine:uninitialized
2023-09-19 02:03:55,905 [251b4ee7-4683-41e7-a4df-609a9bc3ccca-groupManagement] INFO  server.RaftServerConfigKeys (ConfUtils.java:logGet(46)) - raft.server.rpc.timeout.min = 5s (custom)
2023-09-19 02:03:55,905 [251b4ee7-4683-41e7-a4df-609a9bc3ccca-groupManagement] INFO  server.RaftServerConfigKeys (ConfUtils.java:logGet(46)) - raft.server.rpc.timeout.max = 5200ms (custom)
2023-09-19 02:03:55,906 [251b4ee7-4683-41e7-a4df-609a9bc3ccca-groupManagement] INFO  server.RaftServerConfigKeys (ConfUtils.java:logGet(46)) - raft.server.rpc.sleep.time = 25ms (default)
2023-09-19 02:03:55,906 [251b4ee7-4683-41e7-a4df-609a9bc3ccca-groupManagement] INFO  server.RaftServerConfigKeys (ConfUtils.java:logGet(46)) - raft.server.rpc.slowness.timeout = 300s (custom)
2023-09-19 02:03:55,906 [251b4ee7-4683-41e7-a4df-609a9bc3ccca-groupManagement] INFO  server.RaftServerConfigKeys (ConfUtils.java:logGet(46)) - raft.server.leaderelection.leader.step-down.wait-time = 10s (default)
2023-09-19 02:03:55,906 [251b4ee7-4683-41e7-a4df-609a9bc3ccca-groupManagement] INFO  server.RaftServerConfigKeys (ConfUtils.java:logGet(46)) - raft.server.sleep.deviation.threshold = 300ms (default)
2023-09-19 02:03:55,906 [251b4ee7-4683-41e7-a4df-609a9bc3ccca-groupManagement] INFO  server.RaftServer$Division (ServerState.java:<init>(120)) - 251b4ee7-4683-41e7-a4df-609a9bc3ccca@group-1453E47972AB: ConfigurationManager, init=-1: peers:[b1558ce8-bc2f-4c62-aaec-0278e14522f1|rpc:10.1.0.29:15014|admin:10.1.0.29:15013|client:10.1.0.29:15012|dataStream:10.1.0.29:15015|priority:1|startupRole:FOLLOWER, 3d8e742d-6d38-4fa1-811b-6a8dd626afd2|rpc:10.1.0.29:15023|admin:10.1.0.29:15022|client:10.1.0.29:15021|dataStream:10.1.0.29:15024|priority:0|startupRole:FOLLOWER, 251b4ee7-4683-41e7-a4df-609a9bc3ccca|rpc:10.1.0.29:15032|admin:10.1.0.29:15031|client:10.1.0.29:15030|dataStream:10.1.0.29:15033|priority:0|startupRole:FOLLOWER]|listeners:[], old=null, confs=<EMPTY_MAP>
2023-09-19 02:03:55,907 [251b4ee7-4683-41e7-a4df-609a9bc3ccca-groupManagement] INFO  server.RaftServerConfigKeys (ConfUtils.java:logGet(46)) - raft.server.storage.dir = [/home/runner/work/ozone/ozone/hadoop-ozone/integration-test/target/test-dir/MiniOzoneClusterImpl-9bcb963b-3a30-483e-aad5-953c8710d6fd/datanode-2/data/ratis] (custom)
2023-09-19 02:03:55,907 [251b4ee7-4683-41e7-a4df-609a9bc3ccca-groupManagement] INFO  server.RaftServerConfigKeys (ConfUtils.java:logGet(46)) - raft.server.log.corruption.policy = EXCEPTION (default)
2023-09-19 02:03:55,907 [251b4ee7-4683-41e7-a4df-609a9bc3ccca-groupManagement] INFO  server.RaftServerConfigKeys (ConfUtils.java:logGet(46)) - raft.server.storage.free-space.min = 0MB (=0) (default)
2023-09-19 02:03:55,907 [251b4ee7-4683-41e7-a4df-609a9bc3ccca-groupManagement] INFO  server.RaftServerConfigKeys (ConfUtils.java:logGet(46)) - raft.server.notification.no-leader.timeout = 300s (custom)
2023-09-19 02:03:55,907 [251b4ee7-4683-41e7-a4df-609a9bc3ccca-groupManagement] INFO  server.RaftServerConfigKeys (ConfUtils.java:logGet(46)) - raft.server.read.timeout = 10s (default)
2023-09-19 02:03:55,907 [251b4ee7-4683-41e7-a4df-609a9bc3ccca-groupManagement] INFO  server.RaftServerConfigKeys (ConfUtils.java:logGet(46)) - raft.server.retrycache.expirytime = 600000ms (custom)
2023-09-19 02:03:55,907 [251b4ee7-4683-41e7-a4df-609a9bc3ccca-groupManagement] INFO  server.RaftServerConfigKeys (ConfUtils.java:logGet(46)) - raft.server.retrycache.statistics.expirytime = 100μs (default)
2023-09-19 02:03:55,907 [251b4ee7-4683-41e7-a4df-609a9bc3ccca-groupManagement] INFO  server.RaftServerConfigKeys (ConfUtils.java:logGet(46)) - raft.server.read.option = DEFAULT (default)
2023-09-19 02:03:55,913 [3d8e742d-6d38-4fa1-811b-6a8dd626afd2-groupManagement] INFO  server.RaftServerConfigKeys (ConfUtils.java:logGet(46)) - raft.server.log.unsafe-flush.enabled = false (default)
2023-09-19 02:03:55,914 [3d8e742d-6d38-4fa1-811b-6a8dd626afd2-groupManagement] INFO  server.RaftServerConfigKeys (ConfUtils.java:logGet(46)) - raft.server.log.async-flush.enabled = false (default)
2023-09-19 02:03:55,914 [3d8e742d-6d38-4fa1-811b-6a8dd626afd2-groupManagement] INFO  server.RaftServerConfigKeys (ConfUtils.java:logGet(46)) - raft.server.log.statemachine.data.caching.enabled = true (custom)
2023-09-19 02:03:55,913 [251b4ee7-4683-41e7-a4df-609a9bc3ccca-groupManagement] INFO  server.RaftServerConfigKeys (ConfUtils.java:logGet(46)) - raft.server.rpc.request.timeout = 60s (custom)
2023-09-19 02:03:55,915 [251b4ee7-4683-41e7-a4df-609a9bc3ccca-groupManagement] INFO  server.RaftServerConfigKeys (ConfUtils.java:logGet(46)) - raft.server.log.appender.install.snapshot.enabled = false (custom)
2023-09-19 02:03:55,915 [251b4ee7-4683-41e7-a4df-609a9bc3ccca-groupManagement] INFO  server.RaftServerConfigKeys (ConfUtils.java:logGet(46)) - raft.server.threadpool.server.cached = true (default)
2023-09-19 02:03:55,915 [251b4ee7-4683-41e7-a4df-609a9bc3ccca-groupManagement] INFO  server.RaftServerConfigKeys (ConfUtils.java:logGet(46)) - raft.server.threadpool.server.size = 0 (default)
2023-09-19 02:03:55,915 [251b4ee7-4683-41e7-a4df-609a9bc3ccca-groupManagement] INFO  server.RaftServerConfigKeys (ConfUtils.java:logGet(46)) - raft.server.threadpool.client.cached = true (default)
2023-09-19 02:03:55,915 [251b4ee7-4683-41e7-a4df-609a9bc3ccca-groupManagement] INFO  server.RaftServerConfigKeys (ConfUtils.java:logGet(46)) - raft.server.threadpool.client.size = 0 (default)
2023-09-19 02:03:55,915 [251b4ee7-4683-41e7-a4df-609a9bc3ccca-groupManagement] INFO  storage.RaftStorageDirectory (RaftStorageDirectoryImpl.java:analyzeStorage(137)) - The storage directory /home/runner/work/ozone/ozone/hadoop-ozone/integration-test/target/test-dir/MiniOzoneClusterImpl-9bcb963b-3a30-483e-aad5-953c8710d6fd/datanode-2/data/ratis/abc722b4-335f-4297-be91-1453e47972ab does not exist. Creating ...
2023-09-19 02:03:55,916 [3d8e742d-6d38-4fa1-811b-6a8dd626afd2-groupManagement] INFO  segmented.SegmentedRaftLogWorker (SegmentedRaftLogWorker.java:lambda$new$0(135)) - 3d8e742d-6d38-4fa1-811b-6a8dd626afd2@group-FD651BCEA229-SegmentedRaftLogWorker: flushIndex: setUnconditionally 0 -> -1
2023-09-19 02:03:55,916 [3d8e742d-6d38-4fa1-811b-6a8dd626afd2-groupManagement] INFO  segmented.SegmentedRaftLogWorker (SegmentedRaftLogWorker.java:lambda$new$0(135)) - 3d8e742d-6d38-4fa1-811b-6a8dd626afd2@group-FD651BCEA229-SegmentedRaftLogWorker: safeCacheEvictIndex: setUnconditionally 0 -> -1
2023-09-19 02:03:55,916 [251b4ee7-4683-41e7-a4df-609a9bc3ccca-groupManagement] INFO  storage.RaftStorageDirectory (RaftStorageDirectoryImpl.java:tryLock(231)) - Lock on /home/runner/work/ozone/ozone/hadoop-ozone/integration-test/target/test-dir/MiniOzoneClusterImpl-9bcb963b-3a30-483e-aad5-953c8710d6fd/datanode-2/data/ratis/abc722b4-335f-4297-be91-1453e47972ab/in_use.lock acquired by nodename 7315@fv-az1031-92
2023-09-19 02:03:55,917 [251b4ee7-4683-41e7-a4df-609a9bc3ccca-groupManagement] INFO  storage.RaftStorage (RaftStorageImpl.java:format(96)) - Storage directory /home/runner/work/ozone/ozone/hadoop-ozone/integration-test/target/test-dir/MiniOzoneClusterImpl-9bcb963b-3a30-483e-aad5-953c8710d6fd/datanode-2/data/ratis/abc722b4-335f-4297-be91-1453e47972ab has been successfully formatted.
2023-09-19 02:03:55,927 [3d8e742d-6d38-4fa1-811b-6a8dd626afd2-groupManagement] INFO  server.RaftServer$Division (RaftServerImpl.java:start(342)) - 3d8e742d-6d38-4fa1-811b-6a8dd626afd2@group-FD651BCEA229: start as a follower, conf=-1: peers:[3d8e742d-6d38-4fa1-811b-6a8dd626afd2|rpc:10.1.0.29:15023|admin:10.1.0.29:15022|client:10.1.0.29:15021|dataStream:10.1.0.29:15024|priority:1|startupRole:FOLLOWER]|listeners:[], old=null
2023-09-19 02:03:55,927 [3d8e742d-6d38-4fa1-811b-6a8dd626afd2-groupManagement] INFO  server.RaftServer$Division (RaftServerImpl.java:setRole(329)) - 3d8e742d-6d38-4fa1-811b-6a8dd626afd2@group-FD651BCEA229: changes role from      null to FOLLOWER at term 0 for startAsFollower
2023-09-19 02:03:55,931 [3d8e742d-6d38-4fa1-811b-6a8dd626afd2-groupManagement] INFO  impl.RoleInfo (RoleInfo.java:updateAndGet(139)) - 3d8e742d-6d38-4fa1-811b-6a8dd626afd2: start 3d8e742d-6d38-4fa1-811b-6a8dd626afd2@group-FD651BCEA229-FollowerState
2023-09-19 02:03:55,927 [251b4ee7-4683-41e7-a4df-609a9bc3ccca-groupManagement] INFO  ratis.ContainerStateMachine (ContainerStateMachine.java:loadSnapshot(262)) - group-1453E47972AB: The snapshot info is null. Setting the last applied indexto:(t:0, i:~)
2023-09-19 02:03:55,931 [251b4ee7-4683-41e7-a4df-609a9bc3ccca-groupManagement] INFO  server.RaftServerConfigKeys (ConfUtils.java:logGet(46)) - raft.server.log.use.memory = false (default)
2023-09-19 02:03:55,931 [251b4ee7-4683-41e7-a4df-609a9bc3ccca-groupManagement] INFO  server.RaftServerConfigKeys (ConfUtils.java:logGet(46)) - raft.server.log.purge.gap = 1000000 (custom)
2023-09-19 02:03:55,931 [251b4ee7-4683-41e7-a4df-609a9bc3ccca-groupManagement] INFO  server.RaftServerConfigKeys (ConfUtils.java:logGet(46)) - raft.server.log.appender.buffer.byte-limit = 33554432 (custom)
2023-09-19 02:03:55,931 [251b4ee7-4683-41e7-a4df-609a9bc3ccca-groupManagement] INFO  server.RaftServerConfigKeys (ConfUtils.java:logGet(46)) - raft.server.log.statemachine.data.read.timeout = 1000ms (default)
2023-09-19 02:03:55,931 [251b4ee7-4683-41e7-a4df-609a9bc3ccca-groupManagement] INFO  server.RaftServerConfigKeys (ConfUtils.java:logGet(46)) - raft.server.log.purge.preservation.log.num = 0 (default)
2023-09-19 02:03:55,932 [251b4ee7-4683-41e7-a4df-609a9bc3ccca-groupManagement] INFO  server.RaftServerConfigKeys (ConfUtils.java:logGet(46)) - raft.server.log.segment.size.max = 1048576 (custom)
2023-09-19 02:03:55,932 [251b4ee7-4683-41e7-a4df-609a9bc3ccca-groupManagement] INFO  server.RaftServerConfigKeys (ConfUtils.java:logGet(46)) - raft.server.log.segment.cache.num.max = 2 (custom)
2023-09-19 02:03:55,932 [251b4ee7-4683-41e7-a4df-609a9bc3ccca-groupManagement] INFO  server.RaftServerConfigKeys (ConfUtils.java:logGet(46)) - raft.server.log.segment.cache.size.max = 200MB (=209715200) (default)
2023-09-19 02:03:55,932 [251b4ee7-4683-41e7-a4df-609a9bc3ccca-groupManagement] INFO  server.RaftServerConfigKeys (ConfUtils.java:logGet(46)) - raft.server.log.appender.buffer.byte-limit = 33554432 (custom)
2023-09-19 02:03:55,933 [251b4ee7-4683-41e7-a4df-609a9bc3ccca-groupManagement] INFO  segmented.SegmentedRaftLogWorker (SegmentedRaftLogWorker.java:<init>(188)) - new 251b4ee7-4683-41e7-a4df-609a9bc3ccca@group-1453E47972AB-SegmentedRaftLogWorker for RaftStorageImpl:Storage Directory /home/runner/work/ozone/ozone/hadoop-ozone/integration-test/target/test-dir/MiniOzoneClusterImpl-9bcb963b-3a30-483e-aad5-953c8710d6fd/datanode-2/data/ratis/abc722b4-335f-4297-be91-1453e47972ab
2023-09-19 02:03:55,933 [251b4ee7-4683-41e7-a4df-609a9bc3ccca-groupManagement] INFO  server.RaftServerConfigKeys (ConfUtils.java:logGet(46)) - raft.server.log.queue.byte-limit = 4294967296 (custom)
2023-09-19 02:03:55,933 [251b4ee7-4683-41e7-a4df-609a9bc3ccca-groupManagement] INFO  server.RaftServerConfigKeys (ConfUtils.java:logGet(46)) - raft.server.log.queue.element-limit = 1024 (custom)
2023-09-19 02:03:55,933 [251b4ee7-4683-41e7-a4df-609a9bc3ccca-groupManagement] INFO  server.RaftServerConfigKeys (ConfUtils.java:logGet(46)) - raft.server.log.segment.size.max = 1048576 (custom)
2023-09-19 02:03:55,933 [251b4ee7-4683-41e7-a4df-609a9bc3ccca-groupManagement] INFO  server.RaftServerConfigKeys (ConfUtils.java:logGet(46)) - raft.server.log.preallocated.size = 16384 (custom)
2023-09-19 02:03:55,933 [251b4ee7-4683-41e7-a4df-609a9bc3ccca-groupManagement] INFO  server.RaftServerConfigKeys (ConfUtils.java:logGet(46)) - raft.server.log.force.sync.num = 128 (default)
2023-09-19 02:03:55,933 [251b4ee7-4683-41e7-a4df-609a9bc3ccca-groupManagement] INFO  server.RaftServerConfigKeys (ConfUtils.java:logGet(46)) - raft.server.log.statemachine.data.sync = true (default)
2023-09-19 02:03:55,933 [251b4ee7-4683-41e7-a4df-609a9bc3ccca-groupManagement] INFO  server.RaftServerConfigKeys (ConfUtils.java:logGet(46)) - raft.server.log.statemachine.data.sync.timeout = 10s (default)
2023-09-19 02:03:55,933 [251b4ee7-4683-41e7-a4df-609a9bc3ccca-groupManagement] INFO  server.RaftServerConfigKeys (ConfUtils.java:logGet(46)) - raft.server.log.statemachine.data.sync.timeout.retry = -1 (default)
2023-09-19 02:03:55,934 [251b4ee7-4683-41e7-a4df-609a9bc3ccca-groupManagement] INFO  server.RaftServerConfigKeys (ConfUtils.java:logGet(46)) - raft.server.log.write.buffer.size = 1048576 (custom)
2023-09-19 02:03:55,934 [251b4ee7-4683-41e7-a4df-609a9bc3ccca-groupManagement] INFO  server.RaftServerConfigKeys (ConfUtils.java:logGet(46)) - raft.server.log.appender.buffer.byte-limit = 33554432 (custom)
2023-09-19 02:03:55,940 [3d8e742d-6d38-4fa1-811b-6a8dd626afd2-groupManagement] INFO  util.JmxRegister (JmxRegister.java:tryRegister(44)) - Successfully registered JMX Bean with object name Ratis:service=RaftServer,group=group-FD651BCEA229,id=3d8e742d-6d38-4fa1-811b-6a8dd626afd2
2023-09-19 02:03:56,201 [3d8e742d-6d38-4fa1-811b-6a8dd626afd2@group-FD651BCEA229-FollowerState] INFO  server.RaftServerConfigKeys (ConfUtils.java:logFallback(53)) - raft.server.rpc.first-election.timeout.min = 5s (fallback to raft.server.rpc.timeout.min)
2023-09-19 02:03:56,201 [3d8e742d-6d38-4fa1-811b-6a8dd626afd2@group-FD651BCEA229-FollowerState] INFO  server.RaftServerConfigKeys (ConfUtils.java:logFallback(53)) - raft.server.rpc.first-election.timeout.max = 5200ms (fallback to raft.server.rpc.timeout.max)
2023-09-19 02:03:56,203 [251b4ee7-4683-41e7-a4df-609a9bc3ccca-groupManagement] INFO  server.RaftServerConfigKeys (ConfUtils.java:logGet(46)) - raft.server.log.unsafe-flush.enabled = false (default)
2023-09-19 02:03:56,203 [251b4ee7-4683-41e7-a4df-609a9bc3ccca-groupManagement] INFO  server.RaftServerConfigKeys (ConfUtils.java:logGet(46)) - raft.server.log.async-flush.enabled = false (default)
2023-09-19 02:03:56,203 [251b4ee7-4683-41e7-a4df-609a9bc3ccca-groupManagement] INFO  server.RaftServerConfigKeys (ConfUtils.java:logGet(46)) - raft.server.log.statemachine.data.caching.enabled = true (custom)
2023-09-19 02:03:56,204 [251b4ee7-4683-41e7-a4df-609a9bc3ccca-groupManagement] INFO  segmented.SegmentedRaftLogWorker (SegmentedRaftLogWorker.java:lambda$new$0(135)) - 251b4ee7-4683-41e7-a4df-609a9bc3ccca@group-1453E47972AB-SegmentedRaftLogWorker: flushIndex: setUnconditionally 0 -> -1
2023-09-19 02:03:56,204 [251b4ee7-4683-41e7-a4df-609a9bc3ccca-groupManagement] INFO  segmented.SegmentedRaftLogWorker (SegmentedRaftLogWorker.java:lambda$new$0(135)) - 251b4ee7-4683-41e7-a4df-609a9bc3ccca@group-1453E47972AB-SegmentedRaftLogWorker: safeCacheEvictIndex: setUnconditionally 0 -> -1
2023-09-19 02:03:56,204 [3d8e742d-6d38-4fa1-811b-6a8dd626afd2-groupManagement] INFO  server.RaftServerConfigKeys (ConfUtils.java:logGet(46)) - raft.server.snapshot.auto.trigger.enabled = true (custom)
2023-09-19 02:03:56,204 [3d8e742d-6d38-4fa1-811b-6a8dd626afd2-groupManagement] INFO  server.RaftServerConfigKeys (ConfUtils.java:logGet(46)) - raft.server.snapshot.auto.trigger.threshold = 10000 (custom)
2023-09-19 02:03:56,204 [3d8e742d-6d38-4fa1-811b-6a8dd626afd2-groupManagement] INFO  server.RaftServerConfigKeys (ConfUtils.java:logGet(46)) - raft.server.snapshot.retention.file.num = 5 (custom)
2023-09-19 02:03:56,204 [3d8e742d-6d38-4fa1-811b-6a8dd626afd2-groupManagement] INFO  server.RaftServerConfigKeys (ConfUtils.java:logGet(46)) - raft.server.log.purge.upto.snapshot.index = false (default)
2023-09-19 02:03:56,205 [JvmPauseMonitor2] WARN  util.JvmPauseMonitor (JvmPauseMonitor.java:detectPause(124)) - JvmPauseMonitor-b1558ce8-bc2f-4c62-aaec-0278e14522f1: Detected pause in JVM or host machine approximately 0.138s with 0.257s GC time.
GC pool 'PS MarkSweep' had collection(s): count=1 time=209ms
GC pool 'PS Scavenge' had collection(s): count=1 time=48ms
2023-09-19 02:03:56,205 [251b4ee7-4683-41e7-a4df-609a9bc3ccca-groupManagement] INFO  server.RaftServer$Division (RaftServerImpl.java:start(342)) - 251b4ee7-4683-41e7-a4df-609a9bc3ccca@group-1453E47972AB: start as a follower, conf=-1: peers:[b1558ce8-bc2f-4c62-aaec-0278e14522f1|rpc:10.1.0.29:15014|admin:10.1.0.29:15013|client:10.1.0.29:15012|dataStream:10.1.0.29:15015|priority:1|startupRole:FOLLOWER, 3d8e742d-6d38-4fa1-811b-6a8dd626afd2|rpc:10.1.0.29:15023|admin:10.1.0.29:15022|client:10.1.0.29:15021|dataStream:10.1.0.29:15024|priority:0|startupRole:FOLLOWER, 251b4ee7-4683-41e7-a4df-609a9bc3ccca|rpc:10.1.0.29:15032|admin:10.1.0.29:15031|client:10.1.0.29:15030|dataStream:10.1.0.29:15033|priority:0|startupRole:FOLLOWER]|listeners:[], old=null
2023-09-19 02:03:56,205 [251b4ee7-4683-41e7-a4df-609a9bc3ccca-groupManagement] INFO  server.RaftServer$Division (RaftServerImpl.java:setRole(329)) - 251b4ee7-4683-41e7-a4df-609a9bc3ccca@group-1453E47972AB: changes role from      null to FOLLOWER at term 0 for startAsFollower
2023-09-19 02:03:56,205 [251b4ee7-4683-41e7-a4df-609a9bc3ccca-groupManagement] INFO  impl.RoleInfo (RoleInfo.java:updateAndGet(139)) - 251b4ee7-4683-41e7-a4df-609a9bc3ccca: start 251b4ee7-4683-41e7-a4df-609a9bc3ccca@group-1453E47972AB-FollowerState
2023-09-19 02:03:56,205 [JvmPauseMonitor5] WARN  util.JvmPauseMonitor (JvmPauseMonitor.java:detectPause(124)) - JvmPauseMonitor-5318791c-eaf4-4a3a-8c62-f5bfab93a736: Detected pause in JVM or host machine approximately 0.102s with 0.257s GC time.
GC pool 'PS MarkSweep' had collection(s): count=1 time=209ms
GC pool 'PS Scavenge' had collection(s): count=1 time=48ms
2023-09-19 02:03:56,221 [PipelineCommandHandlerThread-0] INFO  server.RaftServer (RaftServerProxy.java:addNew(98)) - 251b4ee7-4683-41e7-a4df-609a9bc3ccca: addNew group-FC82804DB9A3:[251b4ee7-4683-41e7-a4df-609a9bc3ccca|rpc:10.1.0.29:15032|admin:10.1.0.29:15031|client:10.1.0.29:15030|dataStream:10.1.0.29:15033|priority:1|startupRole:FOLLOWER] returns group-FC82804DB9A3:java.util.concurrent.CompletableFuture@513c61a[Not completed]
2023-09-19 02:03:56,212 [PipelineCommandHandlerThread-0] INFO  ratis.XceiverServerRatis (XceiverServerRatis.java:addGroup(804)) - Created group PipelineID=9f3ddad4-3deb-4281-849b-fd651bcea229
2023-09-19 02:03:56,212 [251b4ee7-4683-41e7-a4df-609a9bc3ccca@group-1453E47972AB-FollowerState] INFO  server.RaftServerConfigKeys (ConfUtils.java:logFallback(53)) - raft.server.rpc.first-election.timeout.min = 5s (fallback to raft.server.rpc.timeout.min)
2023-09-19 02:03:56,222 [251b4ee7-4683-41e7-a4df-609a9bc3ccca@group-1453E47972AB-FollowerState] INFO  server.RaftServerConfigKeys (ConfUtils.java:logFallback(53)) - raft.server.rpc.first-election.timeout.max = 5200ms (fallback to raft.server.rpc.timeout.max)
2023-09-19 02:03:56,211 [251b4ee7-4683-41e7-a4df-609a9bc3ccca-groupManagement] INFO  util.JmxRegister (JmxRegister.java:tryRegister(44)) - Successfully registered JMX Bean with object name Ratis:service=RaftServer,group=group-1453E47972AB,id=251b4ee7-4683-41e7-a4df-609a9bc3ccca
2023-09-19 02:03:56,222 [251b4ee7-4683-41e7-a4df-609a9bc3ccca-groupManagement] INFO  server.RaftServerConfigKeys (ConfUtils.java:logGet(46)) - raft.server.snapshot.auto.trigger.enabled = true (custom)
2023-09-19 02:03:56,222 [251b4ee7-4683-41e7-a4df-609a9bc3ccca-groupManagement] INFO  server.RaftServerConfigKeys (ConfUtils.java:logGet(46)) - raft.server.snapshot.auto.trigger.threshold = 10000 (custom)
2023-09-19 02:03:56,222 [251b4ee7-4683-41e7-a4df-609a9bc3ccca-groupManagement] INFO  server.RaftServerConfigKeys (ConfUtils.java:logGet(46)) - raft.server.snapshot.retention.file.num = 5 (custom)
2023-09-19 02:03:56,222 [251b4ee7-4683-41e7-a4df-609a9bc3ccca-groupManagement] INFO  server.RaftServerConfigKeys (ConfUtils.java:logGet(46)) - raft.server.log.purge.upto.snapshot.index = false (default)
2023-09-19 02:03:56,225 [251b4ee7-4683-41e7-a4df-609a9bc3ccca-groupManagement] INFO  server.RaftServer$Division (RaftServerImpl.java:<init>(198)) - 251b4ee7-4683-41e7-a4df-609a9bc3ccca: new RaftServerImpl for group-FC82804DB9A3:[251b4ee7-4683-41e7-a4df-609a9bc3ccca|rpc:10.1.0.29:15032|admin:10.1.0.29:15031|client:10.1.0.29:15030|dataStream:10.1.0.29:15033|priority:1|startupRole:FOLLOWER] with ContainerStateMachine:uninitialized
2023-09-19 02:03:56,225 [251b4ee7-4683-41e7-a4df-609a9bc3ccca-groupManagement] INFO  server.RaftServerConfigKeys (ConfUtils.java:logGet(46)) - raft.server.rpc.timeout.min = 5s (custom)
2023-09-19 02:03:56,225 [251b4ee7-4683-41e7-a4df-609a9bc3ccca-groupManagement] INFO  server.RaftServerConfigKeys (ConfUtils.java:logGet(46)) - raft.server.rpc.timeout.max = 5200ms (custom)
2023-09-19 02:03:56,225 [251b4ee7-4683-41e7-a4df-609a9bc3ccca-groupManagement] INFO  server.RaftServerConfigKeys (ConfUtils.java:logGet(46)) - raft.server.rpc.sleep.time = 25ms (default)
2023-09-19 02:03:56,225 [251b4ee7-4683-41e7-a4df-609a9bc3ccca-groupManagement] INFO  server.RaftServerConfigKeys (ConfUtils.java:logGet(46)) - raft.server.rpc.slowness.timeout = 300s (custom)
2023-09-19 02:03:56,225 [251b4ee7-4683-41e7-a4df-609a9bc3ccca-groupManagement] INFO  server.RaftServerConfigKeys (ConfUtils.java:logGet(46)) - raft.server.leaderelection.leader.step-down.wait-time = 10s (default)
2023-09-19 02:03:56,225 [251b4ee7-4683-41e7-a4df-609a9bc3ccca-groupManagement] INFO  server.RaftServerConfigKeys (ConfUtils.java:logGet(46)) - raft.server.sleep.deviation.threshold = 300ms (default)
2023-09-19 02:03:56,225 [251b4ee7-4683-41e7-a4df-609a9bc3ccca-groupManagement] INFO  server.RaftServer$Division (ServerState.java:<init>(120)) - 251b4ee7-4683-41e7-a4df-609a9bc3ccca@group-FC82804DB9A3: ConfigurationManager, init=-1: peers:[251b4ee7-4683-41e7-a4df-609a9bc3ccca|rpc:10.1.0.29:15032|admin:10.1.0.29:15031|client:10.1.0.29:15030|dataStream:10.1.0.29:15033|priority:1|startupRole:FOLLOWER]|listeners:[], old=null, confs=<EMPTY_MAP>
2023-09-19 02:03:56,225 [251b4ee7-4683-41e7-a4df-609a9bc3ccca-groupManagement] INFO  server.RaftServerConfigKeys (ConfUtils.java:logGet(46)) - raft.server.storage.dir = [/home/runner/work/ozone/ozone/hadoop-ozone/integration-test/target/test-dir/MiniOzoneClusterImpl-9bcb963b-3a30-483e-aad5-953c8710d6fd/datanode-2/data/ratis] (custom)
2023-09-19 02:03:56,225 [251b4ee7-4683-41e7-a4df-609a9bc3ccca-groupManagement] INFO  server.RaftServerConfigKeys (ConfUtils.java:logGet(46)) - raft.server.log.corruption.policy = EXCEPTION (default)
2023-09-19 02:03:56,226 [251b4ee7-4683-41e7-a4df-609a9bc3ccca-groupManagement] INFO  server.RaftServerConfigKeys (ConfUtils.java:logGet(46)) - raft.server.storage.free-space.min = 0MB (=0) (default)
2023-09-19 02:03:56,226 [251b4ee7-4683-41e7-a4df-609a9bc3ccca-groupManagement] INFO  server.RaftServerConfigKeys (ConfUtils.java:logGet(46)) - raft.server.notification.no-leader.timeout = 300s (custom)
2023-09-19 02:03:56,226 [251b4ee7-4683-41e7-a4df-609a9bc3ccca-groupManagement] INFO  server.RaftServerConfigKeys (ConfUtils.java:logGet(46)) - raft.server.read.timeout = 10s (default)
2023-09-19 02:03:56,226 [251b4ee7-4683-41e7-a4df-609a9bc3ccca-groupManagement] INFO  server.RaftServerConfigKeys (ConfUtils.java:logGet(46)) - raft.server.retrycache.expirytime = 600000ms (custom)
2023-09-19 02:03:56,226 [251b4ee7-4683-41e7-a4df-609a9bc3ccca-groupManagement] INFO  server.RaftServerConfigKeys (ConfUtils.java:logGet(46)) - raft.server.retrycache.statistics.expirytime = 100μs (default)
2023-09-19 02:03:56,226 [251b4ee7-4683-41e7-a4df-609a9bc3ccca-groupManagement] INFO  server.RaftServerConfigKeys (ConfUtils.java:logGet(46)) - raft.server.read.option = DEFAULT (default)
2023-09-19 02:03:56,221 [PipelineCommandHandlerThread-0] INFO  commandhandler.CreatePipelineCommandHandler (CreatePipelineCommandHandler.java:lambda$handle$2(124)) - Created Pipeline RATIS ONE PipelineID=9f3ddad4-3deb-4281-849b-fd651bcea229.
2023-09-19 02:03:56,229 [PipelineCommandHandlerThread-0] INFO  server.RaftServer (RaftServerProxy.java:addNew(98)) - 3d8e742d-6d38-4fa1-811b-6a8dd626afd2: addNew group-1453E47972AB:[b1558ce8-bc2f-4c62-aaec-0278e14522f1|rpc:10.1.0.29:15014|admin:10.1.0.29:15013|client:10.1.0.29:15012|dataStream:10.1.0.29:15015|priority:1|startupRole:FOLLOWER, 3d8e742d-6d38-4fa1-811b-6a8dd626afd2|rpc:10.1.0.29:15023|admin:10.1.0.29:15022|client:10.1.0.29:15021|dataStream:10.1.0.29:15024|priority:0|startupRole:FOLLOWER, 251b4ee7-4683-41e7-a4df-609a9bc3ccca|rpc:10.1.0.29:15032|admin:10.1.0.29:15031|client:10.1.0.29:15030|dataStream:10.1.0.29:15033|priority:0|startupRole:FOLLOWER] returns group-1453E47972AB:java.util.concurrent.CompletableFuture@51616146[Not completed]
2023-09-19 02:03:56,230 [251b4ee7-4683-41e7-a4df-609a9bc3ccca-groupManagement] INFO  server.RaftServerConfigKeys (ConfUtils.java:logGet(46)) - raft.server.rpc.request.timeout = 60s (custom)
2023-09-19 02:03:56,230 [251b4ee7-4683-41e7-a4df-609a9bc3ccca-groupManagement] INFO  server.RaftServerConfigKeys (ConfUtils.java:logGet(46)) - raft.server.log.appender.install.snapshot.enabled = false (custom)
2023-09-19 02:03:56,230 [251b4ee7-4683-41e7-a4df-609a9bc3ccca-groupManagement] INFO  server.RaftServerConfigKeys (ConfUtils.java:logGet(46)) - raft.server.threadpool.server.cached = true (default)
2023-09-19 02:03:56,230 [251b4ee7-4683-41e7-a4df-609a9bc3ccca-groupManagement] INFO  server.RaftServerConfigKeys (ConfUtils.java:logGet(46)) - raft.server.threadpool.server.size = 0 (default)
2023-09-19 02:03:56,230 [251b4ee7-4683-41e7-a4df-609a9bc3ccca-groupManagement] INFO  server.RaftServerConfigKeys (ConfUtils.java:logGet(46)) - raft.server.threadpool.client.cached = true (default)
2023-09-19 02:03:56,230 [251b4ee7-4683-41e7-a4df-609a9bc3ccca-groupManagement] INFO  server.RaftServerConfigKeys (ConfUtils.java:logGet(46)) - raft.server.threadpool.client.size = 0 (default)
2023-09-19 02:03:56,231 [251b4ee7-4683-41e7-a4df-609a9bc3ccca-groupManagement] INFO  storage.RaftStorageDirectory (RaftStorageDirectoryImpl.java:analyzeStorage(137)) - The storage directory /home/runner/work/ozone/ozone/hadoop-ozone/integration-test/target/test-dir/MiniOzoneClusterImpl-9bcb963b-3a30-483e-aad5-953c8710d6fd/datanode-2/data/ratis/a7cd1204-333f-4297-8d79-fc82804db9a3 does not exist. Creating ...
2023-09-19 02:03:56,231 [3d8e742d-6d38-4fa1-811b-6a8dd626afd2-groupManagement] INFO  server.RaftServer$Division (RaftServerImpl.java:<init>(198)) - 3d8e742d-6d38-4fa1-811b-6a8dd626afd2: new RaftServerImpl for group-1453E47972AB:[b1558ce8-bc2f-4c62-aaec-0278e14522f1|rpc:10.1.0.29:15014|admin:10.1.0.29:15013|client:10.1.0.29:15012|dataStream:10.1.0.29:15015|priority:1|startupRole:FOLLOWER, 3d8e742d-6d38-4fa1-811b-6a8dd626afd2|rpc:10.1.0.29:15023|admin:10.1.0.29:15022|client:10.1.0.29:15021|dataStream:10.1.0.29:15024|priority:0|startupRole:FOLLOWER, 251b4ee7-4683-41e7-a4df-609a9bc3ccca|rpc:10.1.0.29:15032|admin:10.1.0.29:15031|client:10.1.0.29:15030|dataStream:10.1.0.29:15033|priority:0|startupRole:FOLLOWER] with ContainerStateMachine:uninitialized
2023-09-19 02:03:56,233 [3d8e742d-6d38-4fa1-811b-6a8dd626afd2-groupManagement] INFO  server.RaftServerConfigKeys (ConfUtils.java:logGet(46)) - raft.server.rpc.timeout.min = 5s (custom)
2023-09-19 02:03:56,233 [3d8e742d-6d38-4fa1-811b-6a8dd626afd2-groupManagement] INFO  server.RaftServerConfigKeys (ConfUtils.java:logGet(46)) - raft.server.rpc.timeout.max = 5200ms (custom)
2023-09-19 02:03:56,233 [3d8e742d-6d38-4fa1-811b-6a8dd626afd2-groupManagement] INFO  server.RaftServerConfigKeys (ConfUtils.java:logGet(46)) - raft.server.rpc.sleep.time = 25ms (default)
2023-09-19 02:03:56,233 [3d8e742d-6d38-4fa1-811b-6a8dd626afd2-groupManagement] INFO  server.RaftServerConfigKeys (ConfUtils.java:logGet(46)) - raft.server.rpc.slowness.timeout = 300s (custom)
2023-09-19 02:03:56,233 [3d8e742d-6d38-4fa1-811b-6a8dd626afd2-groupManagement] INFO  server.RaftServerConfigKeys (ConfUtils.java:logGet(46)) - raft.server.leaderelection.leader.step-down.wait-time = 10s (default)
2023-09-19 02:03:56,233 [3d8e742d-6d38-4fa1-811b-6a8dd626afd2-groupManagement] INFO  server.RaftServerConfigKeys (ConfUtils.java:logGet(46)) - raft.server.sleep.deviation.threshold = 300ms (default)
2023-09-19 02:03:56,233 [3d8e742d-6d38-4fa1-811b-6a8dd626afd2-groupManagement] INFO  server.RaftServer$Division (ServerState.java:<init>(120)) - 3d8e742d-6d38-4fa1-811b-6a8dd626afd2@group-1453E47972AB: ConfigurationManager, init=-1: peers:[b1558ce8-bc2f-4c62-aaec-0278e14522f1|rpc:10.1.0.29:15014|admin:10.1.0.29:15013|client:10.1.0.29:15012|dataStream:10.1.0.29:15015|priority:1|startupRole:FOLLOWER, 3d8e742d-6d38-4fa1-811b-6a8dd626afd2|rpc:10.1.0.29:15023|admin:10.1.0.29:15022|client:10.1.0.29:15021|dataStream:10.1.0.29:15024|priority:0|startupRole:FOLLOWER, 251b4ee7-4683-41e7-a4df-609a9bc3ccca|rpc:10.1.0.29:15032|admin:10.1.0.29:15031|client:10.1.0.29:15030|dataStream:10.1.0.29:15033|priority:0|startupRole:FOLLOWER]|listeners:[], old=null, confs=<EMPTY_MAP>
2023-09-19 02:03:56,234 [3d8e742d-6d38-4fa1-811b-6a8dd626afd2-groupManagement] INFO  server.RaftServerConfigKeys (ConfUtils.java:logGet(46)) - raft.server.storage.dir = [/home/runner/work/ozone/ozone/hadoop-ozone/integration-test/target/test-dir/MiniOzoneClusterImpl-9bcb963b-3a30-483e-aad5-953c8710d6fd/datanode-1/data/ratis] (custom)
2023-09-19 02:03:56,234 [3d8e742d-6d38-4fa1-811b-6a8dd626afd2-groupManagement] INFO  server.RaftServerConfigKeys (ConfUtils.java:logGet(46)) - raft.server.log.corruption.policy = EXCEPTION (default)
2023-09-19 02:03:56,234 [3d8e742d-6d38-4fa1-811b-6a8dd626afd2-groupManagement] INFO  server.RaftServerConfigKeys (ConfUtils.java:logGet(46)) - raft.server.storage.free-space.min = 0MB (=0) (default)
2023-09-19 02:03:56,234 [3d8e742d-6d38-4fa1-811b-6a8dd626afd2-groupManagement] INFO  server.RaftServerConfigKeys (ConfUtils.java:logGet(46)) - raft.server.notification.no-leader.timeout = 300s (custom)
2023-09-19 02:03:56,234 [3d8e742d-6d38-4fa1-811b-6a8dd626afd2-groupManagement] INFO  server.RaftServerConfigKeys (ConfUtils.java:logGet(46)) - raft.server.read.timeout = 10s (default)
2023-09-19 02:03:56,234 [3d8e742d-6d38-4fa1-811b-6a8dd626afd2-groupManagement] INFO  server.RaftServerConfigKeys (ConfUtils.java:logGet(46)) - raft.server.retrycache.expirytime = 600000ms (custom)
2023-09-19 02:03:56,234 [3d8e742d-6d38-4fa1-811b-6a8dd626afd2-groupManagement] INFO  server.RaftServerConfigKeys (ConfUtils.java:logGet(46)) - raft.server.retrycache.statistics.expirytime = 100μs (default)
2023-09-19 02:03:56,241 [3d8e742d-6d38-4fa1-811b-6a8dd626afd2-groupManagement] INFO  server.RaftServerConfigKeys (ConfUtils.java:logGet(46)) - raft.server.read.option = DEFAULT (default)
2023-09-19 02:03:56,232 [251b4ee7-4683-41e7-a4df-609a9bc3ccca-groupManagement] INFO  storage.RaftStorageDirectory (RaftStorageDirectoryImpl.java:tryLock(231)) - Lock on /home/runner/work/ozone/ozone/hadoop-ozone/integration-test/target/test-dir/MiniOzoneClusterImpl-9bcb963b-3a30-483e-aad5-953c8710d6fd/datanode-2/data/ratis/a7cd1204-333f-4297-8d79-fc82804db9a3/in_use.lock acquired by nodename 7315@fv-az1031-92
2023-09-19 02:03:56,249 [3d8e742d-6d38-4fa1-811b-6a8dd626afd2-groupManagement] INFO  server.RaftServerConfigKeys (ConfUtils.java:logGet(46)) - raft.server.rpc.request.timeout = 60s (custom)
2023-09-19 02:03:56,249 [3d8e742d-6d38-4fa1-811b-6a8dd626afd2-groupManagement] INFO  server.RaftServerConfigKeys (ConfUtils.java:logGet(46)) - raft.server.log.appender.install.snapshot.enabled = false (custom)
2023-09-19 02:03:56,249 [3d8e742d-6d38-4fa1-811b-6a8dd626afd2-groupManagement] INFO  server.RaftServerConfigKeys (ConfUtils.java:logGet(46)) - raft.server.threadpool.server.cached = true (default)
2023-09-19 02:03:56,249 [3d8e742d-6d38-4fa1-811b-6a8dd626afd2-groupManagement] INFO  server.RaftServerConfigKeys (ConfUtils.java:logGet(46)) - raft.server.threadpool.server.size = 0 (default)
2023-09-19 02:03:56,249 [3d8e742d-6d38-4fa1-811b-6a8dd626afd2-groupManagement] INFO  server.RaftServerConfigKeys (ConfUtils.java:logGet(46)) - raft.server.threadpool.client.cached = true (default)
2023-09-19 02:03:56,249 [3d8e742d-6d38-4fa1-811b-6a8dd626afd2-groupManagement] INFO  server.RaftServerConfigKeys (ConfUtils.java:logGet(46)) - raft.server.threadpool.client.size = 0 (default)
2023-09-19 02:03:56,249 [3d8e742d-6d38-4fa1-811b-6a8dd626afd2-groupManagement] INFO  storage.RaftStorageDirectory (RaftStorageDirectoryImpl.java:analyzeStorage(137)) - The storage directory /home/runner/work/ozone/ozone/hadoop-ozone/integration-test/target/test-dir/MiniOzoneClusterImpl-9bcb963b-3a30-483e-aad5-953c8710d6fd/datanode-1/data/ratis/abc722b4-335f-4297-be91-1453e47972ab does not exist. Creating ...
2023-09-19 02:03:56,249 [251b4ee7-4683-41e7-a4df-609a9bc3ccca-groupManagement] INFO  storage.RaftStorage (RaftStorageImpl.java:format(96)) - Storage directory /home/runner/work/ozone/ozone/hadoop-ozone/integration-test/target/test-dir/MiniOzoneClusterImpl-9bcb963b-3a30-483e-aad5-953c8710d6fd/datanode-2/data/ratis/a7cd1204-333f-4297-8d79-fc82804db9a3 has been successfully formatted.
2023-09-19 02:03:56,250 [3d8e742d-6d38-4fa1-811b-6a8dd626afd2-groupManagement] INFO  storage.RaftStorageDirectory (RaftStorageDirectoryImpl.java:tryLock(231)) - Lock on /home/runner/work/ozone/ozone/hadoop-ozone/integration-test/target/test-dir/MiniOzoneClusterImpl-9bcb963b-3a30-483e-aad5-953c8710d6fd/datanode-1/data/ratis/abc722b4-335f-4297-be91-1453e47972ab/in_use.lock acquired by nodename 7315@fv-az1031-92
2023-09-19 02:03:56,251 [251b4ee7-4683-41e7-a4df-609a9bc3ccca-groupManagement] INFO  ratis.ContainerStateMachine (ContainerStateMachine.java:loadSnapshot(262)) - group-FC82804DB9A3: The snapshot info is null. Setting the last applied indexto:(t:0, i:~)
2023-09-19 02:03:56,251 [251b4ee7-4683-41e7-a4df-609a9bc3ccca-groupManagement] INFO  server.RaftServerConfigKeys (ConfUtils.java:logGet(46)) - raft.server.log.use.memory = false (default)
2023-09-19 02:03:56,252 [251b4ee7-4683-41e7-a4df-609a9bc3ccca-groupManagement] INFO  server.RaftServerConfigKeys (ConfUtils.java:logGet(46)) - raft.server.log.purge.gap = 1000000 (custom)
2023-09-19 02:03:56,254 [EventQueue-PipelineReportForPipelineReportHandler] INFO  pipeline.PipelineReportHandler (PipelineReportHandler.java:processPipelineReport(136)) - Opened pipeline PipelineID=a7cd1204-333f-4297-8d79-fc82804db9a3
2023-09-19 02:03:56,254 [EventQueue-OpenPipelineForHealthyPipelineSafeModeRule] INFO  safemode.SCMSafeModeManager (HealthyPipelineSafeModeRule.java:process(137)) - SCM in safe mode. Healthy pipelines reported count is 0, required healthy pipeline reported count is 1
2023-09-19 02:03:56,254 [251b4ee7-4683-41e7-a4df-609a9bc3ccca-groupManagement] INFO  server.RaftServerConfigKeys (ConfUtils.java:logGet(46)) - raft.server.log.appender.buffer.byte-limit = 33554432 (custom)
2023-09-19 02:03:56,255 [251b4ee7-4683-41e7-a4df-609a9bc3ccca-groupManagement] INFO  server.RaftServerConfigKeys (ConfUtils.java:logGet(46)) - raft.server.log.statemachine.data.read.timeout = 1000ms (default)
2023-09-19 02:03:56,255 [251b4ee7-4683-41e7-a4df-609a9bc3ccca-groupManagement] INFO  server.RaftServerConfigKeys (ConfUtils.java:logGet(46)) - raft.server.log.purge.preservation.log.num = 0 (default)
2023-09-19 02:03:56,255 [251b4ee7-4683-41e7-a4df-609a9bc3ccca-groupManagement] INFO  server.RaftServerConfigKeys (ConfUtils.java:logGet(46)) - raft.server.log.segment.size.max = 1048576 (custom)
2023-09-19 02:03:56,256 [251b4ee7-4683-41e7-a4df-609a9bc3ccca-groupManagement] INFO  server.RaftServerConfigKeys (ConfUtils.java:logGet(46)) - raft.server.log.segment.cache.num.max = 2 (custom)
2023-09-19 02:03:56,256 [251b4ee7-4683-41e7-a4df-609a9bc3ccca-groupManagement] INFO  server.RaftServerConfigKeys (ConfUtils.java:logGet(46)) - raft.server.log.segment.cache.size.max = 200MB (=209715200) (default)
2023-09-19 02:03:56,256 [251b4ee7-4683-41e7-a4df-609a9bc3ccca-groupManagement] INFO  server.RaftServerConfigKeys (ConfUtils.java:logGet(46)) - raft.server.log.appender.buffer.byte-limit = 33554432 (custom)
2023-09-19 02:03:56,256 [251b4ee7-4683-41e7-a4df-609a9bc3ccca-groupManagement] INFO  segmented.SegmentedRaftLogWorker (SegmentedRaftLogWorker.java:<init>(188)) - new 251b4ee7-4683-41e7-a4df-609a9bc3ccca@group-FC82804DB9A3-SegmentedRaftLogWorker for RaftStorageImpl:Storage Directory /home/runner/work/ozone/ozone/hadoop-ozone/integration-test/target/test-dir/MiniOzoneClusterImpl-9bcb963b-3a30-483e-aad5-953c8710d6fd/datanode-2/data/ratis/a7cd1204-333f-4297-8d79-fc82804db9a3
2023-09-19 02:03:56,256 [251b4ee7-4683-41e7-a4df-609a9bc3ccca-groupManagement] INFO  server.RaftServerConfigKeys (ConfUtils.java:logGet(46)) - raft.server.log.queue.byte-limit = 4294967296 (custom)
2023-09-19 02:03:56,256 [251b4ee7-4683-41e7-a4df-609a9bc3ccca-groupManagement] INFO  server.RaftServerConfigKeys (ConfUtils.java:logGet(46)) - raft.server.log.queue.element-limit = 1024 (custom)
2023-09-19 02:03:56,256 [251b4ee7-4683-41e7-a4df-609a9bc3ccca-groupManagement] INFO  server.RaftServerConfigKeys (ConfUtils.java:logGet(46)) - raft.server.log.segment.size.max = 1048576 (custom)
2023-09-19 02:03:56,256 [251b4ee7-4683-41e7-a4df-609a9bc3ccca-groupManagement] INFO  server.RaftServerConfigKeys (ConfUtils.java:logGet(46)) - raft.server.log.preallocated.size = 16384 (custom)
2023-09-19 02:03:56,256 [251b4ee7-4683-41e7-a4df-609a9bc3ccca-groupManagement] INFO  server.RaftServerConfigKeys (ConfUtils.java:logGet(46)) - raft.server.log.force.sync.num = 128 (default)
2023-09-19 02:03:56,256 [251b4ee7-4683-41e7-a4df-609a9bc3ccca-groupManagement] INFO  server.RaftServerConfigKeys (ConfUtils.java:logGet(46)) - raft.server.log.statemachine.data.sync = true (default)
2023-09-19 02:03:56,256 [251b4ee7-4683-41e7-a4df-609a9bc3ccca-groupManagement] INFO  server.RaftServerConfigKeys (ConfUtils.java:logGet(46)) - raft.server.log.statemachine.data.sync.timeout = 10s (default)
2023-09-19 02:03:56,256 [251b4ee7-4683-41e7-a4df-609a9bc3ccca-groupManagement] INFO  server.RaftServerConfigKeys (ConfUtils.java:logGet(46)) - raft.server.log.statemachine.data.sync.timeout.retry = -1 (default)
2023-09-19 02:03:56,257 [3d8e742d-6d38-4fa1-811b-6a8dd626afd2-groupManagement] INFO  storage.RaftStorage (RaftStorageImpl.java:format(96)) - Storage directory /home/runner/work/ozone/ozone/hadoop-ozone/integration-test/target/test-dir/MiniOzoneClusterImpl-9bcb963b-3a30-483e-aad5-953c8710d6fd/datanode-1/data/ratis/abc722b4-335f-4297-be91-1453e47972ab has been successfully formatted.
2023-09-19 02:03:56,260 [3d8e742d-6d38-4fa1-811b-6a8dd626afd2-groupManagement] INFO  ratis.ContainerStateMachine (ContainerStateMachine.java:loadSnapshot(262)) - group-1453E47972AB: The snapshot info is null. Setting the last applied indexto:(t:0, i:~)
2023-09-19 02:03:56,260 [3d8e742d-6d38-4fa1-811b-6a8dd626afd2-groupManagement] INFO  server.RaftServerConfigKeys (ConfUtils.java:logGet(46)) - raft.server.log.use.memory = false (default)
2023-09-19 02:03:56,260 [3d8e742d-6d38-4fa1-811b-6a8dd626afd2-groupManagement] INFO  server.RaftServerConfigKeys (ConfUtils.java:logGet(46)) - raft.server.log.purge.gap = 1000000 (custom)
2023-09-19 02:03:56,260 [3d8e742d-6d38-4fa1-811b-6a8dd626afd2-groupManagement] INFO  server.RaftServerConfigKeys (ConfUtils.java:logGet(46)) - raft.server.log.appender.buffer.byte-limit = 33554432 (custom)
2023-09-19 02:03:56,260 [3d8e742d-6d38-4fa1-811b-6a8dd626afd2-groupManagement] INFO  server.RaftServerConfigKeys (ConfUtils.java:logGet(46)) - raft.server.log.statemachine.data.read.timeout = 1000ms (default)
2023-09-19 02:03:56,262 [3d8e742d-6d38-4fa1-811b-6a8dd626afd2-groupManagement] INFO  server.RaftServerConfigKeys (ConfUtils.java:logGet(46)) - raft.server.log.purge.preservation.log.num = 0 (default)
2023-09-19 02:03:56,263 [EventQueue-OpenPipelineForHealthyPipelineSafeModeRule] INFO  safemode.SCMSafeModeManager (HealthyPipelineSafeModeRule.java:process(137)) - SCM in safe mode. Healthy pipelines reported count is 0, required healthy pipeline reported count is 1
2023-09-19 02:03:56,263 [3d8e742d-6d38-4fa1-811b-6a8dd626afd2-groupManagement] INFO  server.RaftServerConfigKeys (ConfUtils.java:logGet(46)) - raft.server.log.segment.size.max = 1048576 (custom)
2023-09-19 02:03:56,264 [3d8e742d-6d38-4fa1-811b-6a8dd626afd2-groupManagement] INFO  server.RaftServerConfigKeys (ConfUtils.java:logGet(46)) - raft.server.log.segment.cache.num.max = 2 (custom)
2023-09-19 02:03:56,264 [3d8e742d-6d38-4fa1-811b-6a8dd626afd2-groupManagement] INFO  server.RaftServerConfigKeys (ConfUtils.java:logGet(46)) - raft.server.log.segment.cache.size.max = 200MB (=209715200) (default)
2023-09-19 02:03:56,264 [3d8e742d-6d38-4fa1-811b-6a8dd626afd2-groupManagement] INFO  server.RaftServerConfigKeys (ConfUtils.java:logGet(46)) - raft.server.log.appender.buffer.byte-limit = 33554432 (custom)
2023-09-19 02:03:56,264 [3d8e742d-6d38-4fa1-811b-6a8dd626afd2-groupManagement] INFO  segmented.SegmentedRaftLogWorker (SegmentedRaftLogWorker.java:<init>(188)) - new 3d8e742d-6d38-4fa1-811b-6a8dd626afd2@group-1453E47972AB-SegmentedRaftLogWorker for RaftStorageImpl:Storage Directory /home/runner/work/ozone/ozone/hadoop-ozone/integration-test/target/test-dir/MiniOzoneClusterImpl-9bcb963b-3a30-483e-aad5-953c8710d6fd/datanode-1/data/ratis/abc722b4-335f-4297-be91-1453e47972ab
2023-09-19 02:03:56,264 [3d8e742d-6d38-4fa1-811b-6a8dd626afd2-groupManagement] INFO  server.RaftServerConfigKeys (ConfUtils.java:logGet(46)) - raft.server.log.queue.byte-limit = 4294967296 (custom)
2023-09-19 02:03:56,264 [3d8e742d-6d38-4fa1-811b-6a8dd626afd2-groupManagement] INFO  server.RaftServerConfigKeys (ConfUtils.java:logGet(46)) - raft.server.log.queue.element-limit = 1024 (custom)
2023-09-19 02:03:56,264 [3d8e742d-6d38-4fa1-811b-6a8dd626afd2-groupManagement] INFO  server.RaftServerConfigKeys (ConfUtils.java:logGet(46)) - raft.server.log.segment.size.max = 1048576 (custom)
2023-09-19 02:03:56,264 [3d8e742d-6d38-4fa1-811b-6a8dd626afd2-groupManagement] INFO  server.RaftServerConfigKeys (ConfUtils.java:logGet(46)) - raft.server.log.preallocated.size = 16384 (custom)
2023-09-19 02:03:56,264 [3d8e742d-6d38-4fa1-811b-6a8dd626afd2-groupManagement] INFO  server.RaftServerConfigKeys (ConfUtils.java:logGet(46)) - raft.server.log.force.sync.num = 128 (default)
2023-09-19 02:03:56,264 [3d8e742d-6d38-4fa1-811b-6a8dd626afd2-groupManagement] INFO  server.RaftServerConfigKeys (ConfUtils.java:logGet(46)) - raft.server.log.statemachine.data.sync = true (default)
2023-09-19 02:03:56,264 [3d8e742d-6d38-4fa1-811b-6a8dd626afd2-groupManagement] INFO  server.RaftServerConfigKeys (ConfUtils.java:logGet(46)) - raft.server.log.statemachine.data.sync.timeout = 10s (default)
2023-09-19 02:03:56,264 [3d8e742d-6d38-4fa1-811b-6a8dd626afd2-groupManagement] INFO  server.RaftServerConfigKeys (ConfUtils.java:logGet(46)) - raft.server.log.statemachine.data.sync.timeout.retry = -1 (default)
2023-09-19 02:03:56,265 [3d8e742d-6d38-4fa1-811b-6a8dd626afd2-groupManagement] INFO  server.RaftServerConfigKeys (ConfUtils.java:logGet(46)) - raft.server.log.write.buffer.size = 1048576 (custom)
2023-09-19 02:03:56,266 [3d8e742d-6d38-4fa1-811b-6a8dd626afd2-groupManagement] INFO  server.RaftServerConfigKeys (ConfUtils.java:logGet(46)) - raft.server.log.appender.buffer.byte-limit = 33554432 (custom)
2023-09-19 02:03:56,267 [251b4ee7-4683-41e7-a4df-609a9bc3ccca-groupManagement] INFO  server.RaftServerConfigKeys (ConfUtils.java:logGet(46)) - raft.server.log.write.buffer.size = 1048576 (custom)
2023-09-19 02:03:56,267 [251b4ee7-4683-41e7-a4df-609a9bc3ccca-groupManagement] INFO  server.RaftServerConfigKeys (ConfUtils.java:logGet(46)) - raft.server.log.appender.buffer.byte-limit = 33554432 (custom)
2023-09-19 02:03:56,283 [251b4ee7-4683-41e7-a4df-609a9bc3ccca-groupManagement] INFO  server.RaftServerConfigKeys (ConfUtils.java:logGet(46)) - raft.server.log.unsafe-flush.enabled = false (default)
2023-09-19 02:03:56,284 [251b4ee7-4683-41e7-a4df-609a9bc3ccca-groupManagement] INFO  server.RaftServerConfigKeys (ConfUtils.java:logGet(46)) - raft.server.log.async-flush.enabled = false (default)
2023-09-19 02:03:56,284 [251b4ee7-4683-41e7-a4df-609a9bc3ccca-groupManagement] INFO  server.RaftServerConfigKeys (ConfUtils.java:logGet(46)) - raft.server.log.statemachine.data.caching.enabled = true (custom)
2023-09-19 02:03:56,284 [251b4ee7-4683-41e7-a4df-609a9bc3ccca-groupManagement] INFO  segmented.SegmentedRaftLogWorker (SegmentedRaftLogWorker.java:lambda$new$0(135)) - 251b4ee7-4683-41e7-a4df-609a9bc3ccca@group-FC82804DB9A3-SegmentedRaftLogWorker: flushIndex: setUnconditionally 0 -> -1
2023-09-19 02:03:56,284 [251b4ee7-4683-41e7-a4df-609a9bc3ccca-groupManagement] INFO  segmented.SegmentedRaftLogWorker (SegmentedRaftLogWorker.java:lambda$new$0(135)) - 251b4ee7-4683-41e7-a4df-609a9bc3ccca@group-FC82804DB9A3-SegmentedRaftLogWorker: safeCacheEvictIndex: setUnconditionally 0 -> -1
2023-09-19 02:03:56,283 [3d8e742d-6d38-4fa1-811b-6a8dd626afd2-groupManagement] INFO  server.RaftServerConfigKeys (ConfUtils.java:logGet(46)) - raft.server.log.unsafe-flush.enabled = false (default)
2023-09-19 02:03:56,284 [3d8e742d-6d38-4fa1-811b-6a8dd626afd2-groupManagement] INFO  server.RaftServerConfigKeys (ConfUtils.java:logGet(46)) - raft.server.log.async-flush.enabled = false (default)
2023-09-19 02:03:56,284 [3d8e742d-6d38-4fa1-811b-6a8dd626afd2-groupManagement] INFO  server.RaftServerConfigKeys (ConfUtils.java:logGet(46)) - raft.server.log.statemachine.data.caching.enabled = true (custom)
2023-09-19 02:03:56,285 [3d8e742d-6d38-4fa1-811b-6a8dd626afd2-groupManagement] INFO  segmented.SegmentedRaftLogWorker (SegmentedRaftLogWorker.java:lambda$new$0(135)) - 3d8e742d-6d38-4fa1-811b-6a8dd626afd2@group-1453E47972AB-SegmentedRaftLogWorker: flushIndex: setUnconditionally 0 -> -1
2023-09-19 02:03:56,285 [3d8e742d-6d38-4fa1-811b-6a8dd626afd2-groupManagement] INFO  segmented.SegmentedRaftLogWorker (SegmentedRaftLogWorker.java:lambda$new$0(135)) - 3d8e742d-6d38-4fa1-811b-6a8dd626afd2@group-1453E47972AB-SegmentedRaftLogWorker: safeCacheEvictIndex: setUnconditionally 0 -> -1
2023-09-19 02:03:56,285 [251b4ee7-4683-41e7-a4df-609a9bc3ccca-groupManagement] INFO  server.RaftServer$Division (RaftServerImpl.java:start(342)) - 251b4ee7-4683-41e7-a4df-609a9bc3ccca@group-FC82804DB9A3: start as a follower, conf=-1: peers:[251b4ee7-4683-41e7-a4df-609a9bc3ccca|rpc:10.1.0.29:15032|admin:10.1.0.29:15031|client:10.1.0.29:15030|dataStream:10.1.0.29:15033|priority:1|startupRole:FOLLOWER]|listeners:[], old=null
2023-09-19 02:03:56,285 [251b4ee7-4683-41e7-a4df-609a9bc3ccca-groupManagement] INFO  server.RaftServer$Division (RaftServerImpl.java:setRole(329)) - 251b4ee7-4683-41e7-a4df-609a9bc3ccca@group-FC82804DB9A3: changes role from      null to FOLLOWER at term 0 for startAsFollower
2023-09-19 02:03:56,285 [251b4ee7-4683-41e7-a4df-609a9bc3ccca-groupManagement] INFO  impl.RoleInfo (RoleInfo.java:updateAndGet(139)) - 251b4ee7-4683-41e7-a4df-609a9bc3ccca: start 251b4ee7-4683-41e7-a4df-609a9bc3ccca@group-FC82804DB9A3-FollowerState
2023-09-19 02:03:56,286 [251b4ee7-4683-41e7-a4df-609a9bc3ccca-groupManagement] INFO  util.JmxRegister (JmxRegister.java:tryRegister(44)) - Successfully registered JMX Bean with object name Ratis:service=RaftServer,group=group-FC82804DB9A3,id=251b4ee7-4683-41e7-a4df-609a9bc3ccca
2023-09-19 02:03:56,286 [251b4ee7-4683-41e7-a4df-609a9bc3ccca-groupManagement] INFO  server.RaftServerConfigKeys (ConfUtils.java:logGet(46)) - raft.server.snapshot.auto.trigger.enabled = true (custom)
2023-09-19 02:03:56,286 [251b4ee7-4683-41e7-a4df-609a9bc3ccca-groupManagement] INFO  server.RaftServerConfigKeys (ConfUtils.java:logGet(46)) - raft.server.snapshot.auto.trigger.threshold = 10000 (custom)
2023-09-19 02:03:56,286 [251b4ee7-4683-41e7-a4df-609a9bc3ccca-groupManagement] INFO  server.RaftServerConfigKeys (ConfUtils.java:logGet(46)) - raft.server.snapshot.retention.file.num = 5 (custom)
2023-09-19 02:03:56,286 [251b4ee7-4683-41e7-a4df-609a9bc3ccca-groupManagement] INFO  server.RaftServerConfigKeys (ConfUtils.java:logGet(46)) - raft.server.log.purge.upto.snapshot.index = false (default)
2023-09-19 02:03:56,287 [251b4ee7-4683-41e7-a4df-609a9bc3ccca@group-FC82804DB9A3-FollowerState] INFO  server.RaftServerConfigKeys (ConfUtils.java:logFallback(53)) - raft.server.rpc.first-election.timeout.min = 5s (fallback to raft.server.rpc.timeout.min)
2023-09-19 02:03:56,287 [251b4ee7-4683-41e7-a4df-609a9bc3ccca@group-FC82804DB9A3-FollowerState] INFO  server.RaftServerConfigKeys (ConfUtils.java:logFallback(53)) - raft.server.rpc.first-election.timeout.max = 5200ms (fallback to raft.server.rpc.timeout.max)
2023-09-19 02:03:56,287 [3d8e742d-6d38-4fa1-811b-6a8dd626afd2-groupManagement] INFO  server.RaftServer$Division (RaftServerImpl.java:start(342)) - 3d8e742d-6d38-4fa1-811b-6a8dd626afd2@group-1453E47972AB: start as a follower, conf=-1: peers:[b1558ce8-bc2f-4c62-aaec-0278e14522f1|rpc:10.1.0.29:15014|admin:10.1.0.29:15013|client:10.1.0.29:15012|dataStream:10.1.0.29:15015|priority:1|startupRole:FOLLOWER, 3d8e742d-6d38-4fa1-811b-6a8dd626afd2|rpc:10.1.0.29:15023|admin:10.1.0.29:15022|client:10.1.0.29:15021|dataStream:10.1.0.29:15024|priority:0|startupRole:FOLLOWER, 251b4ee7-4683-41e7-a4df-609a9bc3ccca|rpc:10.1.0.29:15032|admin:10.1.0.29:15031|client:10.1.0.29:15030|dataStream:10.1.0.29:15033|priority:0|startupRole:FOLLOWER]|listeners:[], old=null
2023-09-19 02:03:56,287 [3d8e742d-6d38-4fa1-811b-6a8dd626afd2-groupManagement] INFO  server.RaftServer$Division (RaftServerImpl.java:setRole(329)) - 3d8e742d-6d38-4fa1-811b-6a8dd626afd2@group-1453E47972AB: changes role from      null to FOLLOWER at term 0 for startAsFollower
2023-09-19 02:03:56,287 [3d8e742d-6d38-4fa1-811b-6a8dd626afd2-groupManagement] INFO  impl.RoleInfo (RoleInfo.java:updateAndGet(139)) - 3d8e742d-6d38-4fa1-811b-6a8dd626afd2: start 3d8e742d-6d38-4fa1-811b-6a8dd626afd2@group-1453E47972AB-FollowerState
2023-09-19 02:03:56,287 [3d8e742d-6d38-4fa1-811b-6a8dd626afd2-groupManagement] INFO  util.JmxRegister (JmxRegister.java:tryRegister(44)) - Successfully registered JMX Bean with object name Ratis:service=RaftServer,group=group-1453E47972AB,id=3d8e742d-6d38-4fa1-811b-6a8dd626afd2
2023-09-19 02:03:56,288 [3d8e742d-6d38-4fa1-811b-6a8dd626afd2-groupManagement] INFO  server.RaftServerConfigKeys (ConfUtils.java:logGet(46)) - raft.server.snapshot.auto.trigger.enabled = true (custom)
2023-09-19 02:03:56,288 [3d8e742d-6d38-4fa1-811b-6a8dd626afd2-groupManagement] INFO  server.RaftServerConfigKeys (ConfUtils.java:logGet(46)) - raft.server.snapshot.auto.trigger.threshold = 10000 (custom)
2023-09-19 02:03:56,288 [3d8e742d-6d38-4fa1-811b-6a8dd626afd2-groupManagement] INFO  server.RaftServerConfigKeys (ConfUtils.java:logGet(46)) - raft.server.snapshot.retention.file.num = 5 (custom)
2023-09-19 02:03:56,288 [3d8e742d-6d38-4fa1-811b-6a8dd626afd2-groupManagement] INFO  server.RaftServerConfigKeys (ConfUtils.java:logGet(46)) - raft.server.log.purge.upto.snapshot.index = false (default)
2023-09-19 02:03:56,288 [3d8e742d-6d38-4fa1-811b-6a8dd626afd2@group-1453E47972AB-FollowerState] INFO  server.RaftServerConfigKeys (ConfUtils.java:logFallback(53)) - raft.server.rpc.first-election.timeout.min = 5s (fallback to raft.server.rpc.timeout.min)
2023-09-19 02:03:56,288 [PipelineCommandHandlerThread-0] INFO  ratis.XceiverServerRatis (XceiverServerRatis.java:addGroup(804)) - Created group PipelineID=abc722b4-335f-4297-be91-1453e47972ab
2023-09-19 02:03:56,303 [PipelineCommandHandlerThread-0] INFO  ratis.XceiverServerRatis (XceiverServerRatis.java:addGroup(804)) - Created group PipelineID=a7cd1204-333f-4297-8d79-fc82804db9a3
2023-09-19 02:03:56,303 [PipelineCommandHandlerThread-0] INFO  commandhandler.CreatePipelineCommandHandler (CreatePipelineCommandHandler.java:lambda$handle$2(124)) - Created Pipeline RATIS ONE PipelineID=a7cd1204-333f-4297-8d79-fc82804db9a3.
2023-09-19 02:03:56,307 [3d8e742d-6d38-4fa1-811b-6a8dd626afd2@group-1453E47972AB-FollowerState] INFO  server.RaftServerConfigKeys (ConfUtils.java:logFallback(53)) - raft.server.rpc.first-election.timeout.max = 5200ms (fallback to raft.server.rpc.timeout.max)
2023-09-19 02:03:56,307 [PipelineCommandHandlerThread-0] INFO  server.RaftServer (RaftServerProxy.java:addNew(98)) - 251b4ee7-4683-41e7-a4df-609a9bc3ccca: addNew group-DDAA0B417BEA:[b1558ce8-bc2f-4c62-aaec-0278e14522f1|rpc:10.1.0.29:15014|admin:10.1.0.29:15013|client:10.1.0.29:15012|dataStream:10.1.0.29:15015|priority:0|startupRole:FOLLOWER, 3d8e742d-6d38-4fa1-811b-6a8dd626afd2|rpc:10.1.0.29:15023|admin:10.1.0.29:15022|client:10.1.0.29:15021|dataStream:10.1.0.29:15024|priority:0|startupRole:FOLLOWER, 251b4ee7-4683-41e7-a4df-609a9bc3ccca|rpc:10.1.0.29:15032|admin:10.1.0.29:15031|client:10.1.0.29:15030|dataStream:10.1.0.29:15033|priority:1|startupRole:FOLLOWER] returns group-DDAA0B417BEA:java.util.concurrent.CompletableFuture@bd438c8[Not completed]
2023-09-19 02:03:56,308 [251b4ee7-4683-41e7-a4df-609a9bc3ccca-groupManagement] INFO  server.RaftServer$Division (RaftServerImpl.java:<init>(198)) - 251b4ee7-4683-41e7-a4df-609a9bc3ccca: new RaftServerImpl for group-DDAA0B417BEA:[b1558ce8-bc2f-4c62-aaec-0278e14522f1|rpc:10.1.0.29:15014|admin:10.1.0.29:15013|client:10.1.0.29:15012|dataStream:10.1.0.29:15015|priority:0|startupRole:FOLLOWER, 3d8e742d-6d38-4fa1-811b-6a8dd626afd2|rpc:10.1.0.29:15023|admin:10.1.0.29:15022|client:10.1.0.29:15021|dataStream:10.1.0.29:15024|priority:0|startupRole:FOLLOWER, 251b4ee7-4683-41e7-a4df-609a9bc3ccca|rpc:10.1.0.29:15032|admin:10.1.0.29:15031|client:10.1.0.29:15030|dataStream:10.1.0.29:15033|priority:1|startupRole:FOLLOWER] with ContainerStateMachine:uninitialized
2023-09-19 02:03:56,308 [251b4ee7-4683-41e7-a4df-609a9bc3ccca-groupManagement] INFO  server.RaftServerConfigKeys (ConfUtils.java:logGet(46)) - raft.server.rpc.timeout.min = 5s (custom)
2023-09-19 02:03:56,308 [251b4ee7-4683-41e7-a4df-609a9bc3ccca-groupManagement] INFO  server.RaftServerConfigKeys (ConfUtils.java:logGet(46)) - raft.server.rpc.timeout.max = 5200ms (custom)
2023-09-19 02:03:56,309 [251b4ee7-4683-41e7-a4df-609a9bc3ccca-groupManagement] INFO  server.RaftServerConfigKeys (ConfUtils.java:logGet(46)) - raft.server.rpc.sleep.time = 25ms (default)
2023-09-19 02:03:56,309 [251b4ee7-4683-41e7-a4df-609a9bc3ccca-groupManagement] INFO  server.RaftServerConfigKeys (ConfUtils.java:logGet(46)) - raft.server.rpc.slowness.timeout = 300s (custom)
2023-09-19 02:03:56,309 [251b4ee7-4683-41e7-a4df-609a9bc3ccca-groupManagement] INFO  server.RaftServerConfigKeys (ConfUtils.java:logGet(46)) - raft.server.leaderelection.leader.step-down.wait-time = 10s (default)
2023-09-19 02:03:56,309 [251b4ee7-4683-41e7-a4df-609a9bc3ccca-groupManagement] INFO  server.RaftServerConfigKeys (ConfUtils.java:logGet(46)) - raft.server.sleep.deviation.threshold = 300ms (default)
2023-09-19 02:03:56,309 [251b4ee7-4683-41e7-a4df-609a9bc3ccca-groupManagement] INFO  server.RaftServer$Division (ServerState.java:<init>(120)) - 251b4ee7-4683-41e7-a4df-609a9bc3ccca@group-DDAA0B417BEA: ConfigurationManager, init=-1: peers:[b1558ce8-bc2f-4c62-aaec-0278e14522f1|rpc:10.1.0.29:15014|admin:10.1.0.29:15013|client:10.1.0.29:15012|dataStream:10.1.0.29:15015|priority:0|startupRole:FOLLOWER, 3d8e742d-6d38-4fa1-811b-6a8dd626afd2|rpc:10.1.0.29:15023|admin:10.1.0.29:15022|client:10.1.0.29:15021|dataStream:10.1.0.29:15024|priority:0|startupRole:FOLLOWER, 251b4ee7-4683-41e7-a4df-609a9bc3ccca|rpc:10.1.0.29:15032|admin:10.1.0.29:15031|client:10.1.0.29:15030|dataStream:10.1.0.29:15033|priority:1|startupRole:FOLLOWER]|listeners:[], old=null, confs=<EMPTY_MAP>
2023-09-19 02:03:56,309 [251b4ee7-4683-41e7-a4df-609a9bc3ccca-groupManagement] INFO  server.RaftServerConfigKeys (ConfUtils.java:logGet(46)) - raft.server.storage.dir = [/home/runner/work/ozone/ozone/hadoop-ozone/integration-test/target/test-dir/MiniOzoneClusterImpl-9bcb963b-3a30-483e-aad5-953c8710d6fd/datanode-2/data/ratis] (custom)
2023-09-19 02:03:56,309 [251b4ee7-4683-41e7-a4df-609a9bc3ccca-groupManagement] INFO  server.RaftServerConfigKeys (ConfUtils.java:logGet(46)) - raft.server.log.corruption.policy = EXCEPTION (default)
2023-09-19 02:03:56,309 [251b4ee7-4683-41e7-a4df-609a9bc3ccca-groupManagement] INFO  server.RaftServerConfigKeys (ConfUtils.java:logGet(46)) - raft.server.storage.free-space.min = 0MB (=0) (default)
2023-09-19 02:03:56,309 [251b4ee7-4683-41e7-a4df-609a9bc3ccca-groupManagement] INFO  server.RaftServerConfigKeys (ConfUtils.java:logGet(46)) - raft.server.notification.no-leader.timeout = 300s (custom)
2023-09-19 02:03:56,309 [251b4ee7-4683-41e7-a4df-609a9bc3ccca-groupManagement] INFO  server.RaftServerConfigKeys (ConfUtils.java:logGet(46)) - raft.server.read.timeout = 10s (default)
2023-09-19 02:03:56,309 [251b4ee7-4683-41e7-a4df-609a9bc3ccca-groupManagement] INFO  server.RaftServerConfigKeys (ConfUtils.java:logGet(46)) - raft.server.retrycache.expirytime = 600000ms (custom)
2023-09-19 02:03:56,309 [251b4ee7-4683-41e7-a4df-609a9bc3ccca-groupManagement] INFO  server.RaftServerConfigKeys (ConfUtils.java:logGet(46)) - raft.server.retrycache.statistics.expirytime = 100μs (default)
2023-09-19 02:03:56,309 [251b4ee7-4683-41e7-a4df-609a9bc3ccca-groupManagement] INFO  server.RaftServerConfigKeys (ConfUtils.java:logGet(46)) - raft.server.read.option = DEFAULT (default)
2023-09-19 02:03:56,312 [251b4ee7-4683-41e7-a4df-609a9bc3ccca-groupManagement] INFO  server.RaftServerConfigKeys (ConfUtils.java:logGet(46)) - raft.server.rpc.request.timeout = 60s (custom)
2023-09-19 02:03:56,313 [251b4ee7-4683-41e7-a4df-609a9bc3ccca-groupManagement] INFO  server.RaftServerConfigKeys (ConfUtils.java:logGet(46)) - raft.server.log.appender.install.snapshot.enabled = false (custom)
2023-09-19 02:03:56,313 [251b4ee7-4683-41e7-a4df-609a9bc3ccca-groupManagement] INFO  server.RaftServerConfigKeys (ConfUtils.java:logGet(46)) - raft.server.threadpool.server.cached = true (default)
2023-09-19 02:03:56,313 [251b4ee7-4683-41e7-a4df-609a9bc3ccca-groupManagement] INFO  server.RaftServerConfigKeys (ConfUtils.java:logGet(46)) - raft.server.threadpool.server.size = 0 (default)
2023-09-19 02:03:56,313 [251b4ee7-4683-41e7-a4df-609a9bc3ccca-groupManagement] INFO  server.RaftServerConfigKeys (ConfUtils.java:logGet(46)) - raft.server.threadpool.client.cached = true (default)
2023-09-19 02:03:56,313 [251b4ee7-4683-41e7-a4df-609a9bc3ccca-groupManagement] INFO  server.RaftServerConfigKeys (ConfUtils.java:logGet(46)) - raft.server.threadpool.client.size = 0 (default)
2023-09-19 02:03:56,313 [251b4ee7-4683-41e7-a4df-609a9bc3ccca-groupManagement] INFO  storage.RaftStorageDirectory (RaftStorageDirectoryImpl.java:analyzeStorage(137)) - The storage directory /home/runner/work/ozone/ozone/hadoop-ozone/integration-test/target/test-dir/MiniOzoneClusterImpl-9bcb963b-3a30-483e-aad5-953c8710d6fd/datanode-2/data/ratis/3f586d3c-261f-4542-8231-ddaa0b417bea does not exist. Creating ...
2023-09-19 02:03:56,316 [251b4ee7-4683-41e7-a4df-609a9bc3ccca-groupManagement] INFO  storage.RaftStorageDirectory (RaftStorageDirectoryImpl.java:tryLock(231)) - Lock on /home/runner/work/ozone/ozone/hadoop-ozone/integration-test/target/test-dir/MiniOzoneClusterImpl-9bcb963b-3a30-483e-aad5-953c8710d6fd/datanode-2/data/ratis/3f586d3c-261f-4542-8231-ddaa0b417bea/in_use.lock acquired by nodename 7315@fv-az1031-92
2023-09-19 02:03:56,320 [251b4ee7-4683-41e7-a4df-609a9bc3ccca-groupManagement] INFO  storage.RaftStorage (RaftStorageImpl.java:format(96)) - Storage directory /home/runner/work/ozone/ozone/hadoop-ozone/integration-test/target/test-dir/MiniOzoneClusterImpl-9bcb963b-3a30-483e-aad5-953c8710d6fd/datanode-2/data/ratis/3f586d3c-261f-4542-8231-ddaa0b417bea has been successfully formatted.
2023-09-19 02:03:56,321 [251b4ee7-4683-41e7-a4df-609a9bc3ccca-groupManagement] INFO  ratis.ContainerStateMachine (ContainerStateMachine.java:loadSnapshot(262)) - group-DDAA0B417BEA: The snapshot info is null. Setting the last applied indexto:(t:0, i:~)
2023-09-19 02:03:56,321 [251b4ee7-4683-41e7-a4df-609a9bc3ccca-groupManagement] INFO  server.RaftServerConfigKeys (ConfUtils.java:logGet(46)) - raft.server.log.use.memory = false (default)
2023-09-19 02:03:56,321 [251b4ee7-4683-41e7-a4df-609a9bc3ccca-groupManagement] INFO  server.RaftServerConfigKeys (ConfUtils.java:logGet(46)) - raft.server.log.purge.gap = 1000000 (custom)
2023-09-19 02:03:56,321 [251b4ee7-4683-41e7-a4df-609a9bc3ccca-groupManagement] INFO  server.RaftServerConfigKeys (ConfUtils.java:logGet(46)) - raft.server.log.appender.buffer.byte-limit = 33554432 (custom)
2023-09-19 02:03:56,321 [251b4ee7-4683-41e7-a4df-609a9bc3ccca-groupManagement] INFO  server.RaftServerConfigKeys (ConfUtils.java:logGet(46)) - raft.server.log.statemachine.data.read.timeout = 1000ms (default)
2023-09-19 02:03:56,321 [251b4ee7-4683-41e7-a4df-609a9bc3ccca-groupManagement] INFO  server.RaftServerConfigKeys (ConfUtils.java:logGet(46)) - raft.server.log.purge.preservation.log.num = 0 (default)
2023-09-19 02:03:56,321 [251b4ee7-4683-41e7-a4df-609a9bc3ccca-groupManagement] INFO  server.RaftServerConfigKeys (ConfUtils.java:logGet(46)) - raft.server.log.segment.size.max = 1048576 (custom)
2023-09-19 02:03:56,322 [251b4ee7-4683-41e7-a4df-609a9bc3ccca-groupManagement] INFO  server.RaftServerConfigKeys (ConfUtils.java:logGet(46)) - raft.server.log.segment.cache.num.max = 2 (custom)
2023-09-19 02:03:56,322 [251b4ee7-4683-41e7-a4df-609a9bc3ccca-groupManagement] INFO  server.RaftServerConfigKeys (ConfUtils.java:logGet(46)) - raft.server.log.segment.cache.size.max = 200MB (=209715200) (default)
2023-09-19 02:03:56,322 [251b4ee7-4683-41e7-a4df-609a9bc3ccca-groupManagement] INFO  server.RaftServerConfigKeys (ConfUtils.java:logGet(46)) - raft.server.log.appender.buffer.byte-limit = 33554432 (custom)
2023-09-19 02:03:56,322 [251b4ee7-4683-41e7-a4df-609a9bc3ccca-groupManagement] INFO  segmented.SegmentedRaftLogWorker (SegmentedRaftLogWorker.java:<init>(188)) - new 251b4ee7-4683-41e7-a4df-609a9bc3ccca@group-DDAA0B417BEA-SegmentedRaftLogWorker for RaftStorageImpl:Storage Directory /home/runner/work/ozone/ozone/hadoop-ozone/integration-test/target/test-dir/MiniOzoneClusterImpl-9bcb963b-3a30-483e-aad5-953c8710d6fd/datanode-2/data/ratis/3f586d3c-261f-4542-8231-ddaa0b417bea
2023-09-19 02:03:56,322 [251b4ee7-4683-41e7-a4df-609a9bc3ccca-groupManagement] INFO  server.RaftServerConfigKeys (ConfUtils.java:logGet(46)) - raft.server.log.queue.byte-limit = 4294967296 (custom)
2023-09-19 02:03:56,322 [251b4ee7-4683-41e7-a4df-609a9bc3ccca-groupManagement] INFO  server.RaftServerConfigKeys (ConfUtils.java:logGet(46)) - raft.server.log.queue.element-limit = 1024 (custom)
2023-09-19 02:03:56,322 [251b4ee7-4683-41e7-a4df-609a9bc3ccca-groupManagement] INFO  server.RaftServerConfigKeys (ConfUtils.java:logGet(46)) - raft.server.log.segment.size.max = 1048576 (custom)
2023-09-19 02:03:56,322 [251b4ee7-4683-41e7-a4df-609a9bc3ccca-groupManagement] INFO  server.RaftServerConfigKeys (ConfUtils.java:logGet(46)) - raft.server.log.preallocated.size = 16384 (custom)
2023-09-19 02:03:56,322 [251b4ee7-4683-41e7-a4df-609a9bc3ccca-groupManagement] INFO  server.RaftServerConfigKeys (ConfUtils.java:logGet(46)) - raft.server.log.force.sync.num = 128 (default)
2023-09-19 02:03:56,322 [251b4ee7-4683-41e7-a4df-609a9bc3ccca-groupManagement] INFO  server.RaftServerConfigKeys (ConfUtils.java:logGet(46)) - raft.server.log.statemachine.data.sync = true (default)
2023-09-19 02:03:56,322 [251b4ee7-4683-41e7-a4df-609a9bc3ccca-groupManagement] INFO  server.RaftServerConfigKeys (ConfUtils.java:logGet(46)) - raft.server.log.statemachine.data.sync.timeout = 10s (default)
2023-09-19 02:03:56,325 [251b4ee7-4683-41e7-a4df-609a9bc3ccca-groupManagement] INFO  server.RaftServerConfigKeys (ConfUtils.java:logGet(46)) - raft.server.log.statemachine.data.sync.timeout.retry = -1 (default)
2023-09-19 02:03:56,328 [EventQueue-OpenPipelineForHealthyPipelineSafeModeRule] INFO  safemode.SCMSafeModeManager (HealthyPipelineSafeModeRule.java:process(137)) - SCM in safe mode. Healthy pipelines reported count is 0, required healthy pipeline reported count is 1
2023-09-19 02:03:56,329 [251b4ee7-4683-41e7-a4df-609a9bc3ccca-groupManagement] INFO  server.RaftServerConfigKeys (ConfUtils.java:logGet(46)) - raft.server.log.write.buffer.size = 1048576 (custom)
2023-09-19 02:03:56,329 [251b4ee7-4683-41e7-a4df-609a9bc3ccca-groupManagement] INFO  server.RaftServerConfigKeys (ConfUtils.java:logGet(46)) - raft.server.log.appender.buffer.byte-limit = 33554432 (custom)
2023-09-19 02:03:56,338 [251b4ee7-4683-41e7-a4df-609a9bc3ccca-groupManagement] INFO  server.RaftServerConfigKeys (ConfUtils.java:logGet(46)) - raft.server.log.unsafe-flush.enabled = false (default)
2023-09-19 02:03:56,338 [251b4ee7-4683-41e7-a4df-609a9bc3ccca-groupManagement] INFO  server.RaftServerConfigKeys (ConfUtils.java:logGet(46)) - raft.server.log.async-flush.enabled = false (default)
2023-09-19 02:03:56,338 [251b4ee7-4683-41e7-a4df-609a9bc3ccca-groupManagement] INFO  server.RaftServerConfigKeys (ConfUtils.java:logGet(46)) - raft.server.log.statemachine.data.caching.enabled = true (custom)
2023-09-19 02:03:56,339 [251b4ee7-4683-41e7-a4df-609a9bc3ccca-groupManagement] INFO  segmented.SegmentedRaftLogWorker (SegmentedRaftLogWorker.java:lambda$new$0(135)) - 251b4ee7-4683-41e7-a4df-609a9bc3ccca@group-DDAA0B417BEA-SegmentedRaftLogWorker: flushIndex: setUnconditionally 0 -> -1
2023-09-19 02:03:56,339 [251b4ee7-4683-41e7-a4df-609a9bc3ccca-groupManagement] INFO  segmented.SegmentedRaftLogWorker (SegmentedRaftLogWorker.java:lambda$new$0(135)) - 251b4ee7-4683-41e7-a4df-609a9bc3ccca@group-DDAA0B417BEA-SegmentedRaftLogWorker: safeCacheEvictIndex: setUnconditionally 0 -> -1
2023-09-19 02:03:56,339 [251b4ee7-4683-41e7-a4df-609a9bc3ccca-groupManagement] INFO  server.RaftServer$Division (RaftServerImpl.java:start(342)) - 251b4ee7-4683-41e7-a4df-609a9bc3ccca@group-DDAA0B417BEA: start as a follower, conf=-1: peers:[b1558ce8-bc2f-4c62-aaec-0278e14522f1|rpc:10.1.0.29:15014|admin:10.1.0.29:15013|client:10.1.0.29:15012|dataStream:10.1.0.29:15015|priority:0|startupRole:FOLLOWER, 3d8e742d-6d38-4fa1-811b-6a8dd626afd2|rpc:10.1.0.29:15023|admin:10.1.0.29:15022|client:10.1.0.29:15021|dataStream:10.1.0.29:15024|priority:0|startupRole:FOLLOWER, 251b4ee7-4683-41e7-a4df-609a9bc3ccca|rpc:10.1.0.29:15032|admin:10.1.0.29:15031|client:10.1.0.29:15030|dataStream:10.1.0.29:15033|priority:1|startupRole:FOLLOWER]|listeners:[], old=null
2023-09-19 02:03:56,339 [251b4ee7-4683-41e7-a4df-609a9bc3ccca-groupManagement] INFO  server.RaftServer$Division (RaftServerImpl.java:setRole(329)) - 251b4ee7-4683-41e7-a4df-609a9bc3ccca@group-DDAA0B417BEA: changes role from      null to FOLLOWER at term 0 for startAsFollower
2023-09-19 02:03:56,339 [251b4ee7-4683-41e7-a4df-609a9bc3ccca-groupManagement] INFO  impl.RoleInfo (RoleInfo.java:updateAndGet(139)) - 251b4ee7-4683-41e7-a4df-609a9bc3ccca: start 251b4ee7-4683-41e7-a4df-609a9bc3ccca@group-DDAA0B417BEA-FollowerState
2023-09-19 02:03:56,340 [251b4ee7-4683-41e7-a4df-609a9bc3ccca-groupManagement] INFO  util.JmxRegister (JmxRegister.java:tryRegister(44)) - Successfully registered JMX Bean with object name Ratis:service=RaftServer,group=group-DDAA0B417BEA,id=251b4ee7-4683-41e7-a4df-609a9bc3ccca
2023-09-19 02:03:56,340 [251b4ee7-4683-41e7-a4df-609a9bc3ccca@group-DDAA0B417BEA-FollowerState] INFO  server.RaftServerConfigKeys (ConfUtils.java:logFallback(53)) - raft.server.rpc.first-election.timeout.min = 5s (fallback to raft.server.rpc.timeout.min)
2023-09-19 02:03:56,340 [251b4ee7-4683-41e7-a4df-609a9bc3ccca-groupManagement] INFO  server.RaftServerConfigKeys (ConfUtils.java:logGet(46)) - raft.server.snapshot.auto.trigger.enabled = true (custom)
2023-09-19 02:03:56,347 [251b4ee7-4683-41e7-a4df-609a9bc3ccca-groupManagement] INFO  server.RaftServerConfigKeys (ConfUtils.java:logGet(46)) - raft.server.snapshot.auto.trigger.threshold = 10000 (custom)
2023-09-19 02:03:56,347 [251b4ee7-4683-41e7-a4df-609a9bc3ccca-groupManagement] INFO  server.RaftServerConfigKeys (ConfUtils.java:logGet(46)) - raft.server.snapshot.retention.file.num = 5 (custom)
2023-09-19 02:03:56,347 [251b4ee7-4683-41e7-a4df-609a9bc3ccca-groupManagement] INFO  server.RaftServerConfigKeys (ConfUtils.java:logGet(46)) - raft.server.log.purge.upto.snapshot.index = false (default)
2023-09-19 02:03:56,348 [251b4ee7-4683-41e7-a4df-609a9bc3ccca@group-DDAA0B417BEA-FollowerState] INFO  server.RaftServerConfigKeys (ConfUtils.java:logFallback(53)) - raft.server.rpc.first-election.timeout.max = 5200ms (fallback to raft.server.rpc.timeout.max)
2023-09-19 02:03:56,351 [PipelineCommandHandlerThread-0] INFO  ratis.XceiverServerRatis (XceiverServerRatis.java:addGroup(804)) - Created group PipelineID=3f586d3c-261f-4542-8231-ddaa0b417bea
2023-09-19 02:03:56,389 [grpc-default-executor-1] INFO  server.RaftServer (RaftServerProxy.java:addNew(98)) - b1558ce8-bc2f-4c62-aaec-0278e14522f1: addNew group-DDAA0B417BEA:[b1558ce8-bc2f-4c62-aaec-0278e14522f1|rpc:10.1.0.29:15014|admin:10.1.0.29:15013|client:10.1.0.29:15012|dataStream:10.1.0.29:15015|priority:0|startupRole:FOLLOWER, 3d8e742d-6d38-4fa1-811b-6a8dd626afd2|rpc:10.1.0.29:15023|admin:10.1.0.29:15022|client:10.1.0.29:15021|dataStream:10.1.0.29:15024|priority:0|startupRole:FOLLOWER, 251b4ee7-4683-41e7-a4df-609a9bc3ccca|rpc:10.1.0.29:15032|admin:10.1.0.29:15031|client:10.1.0.29:15030|dataStream:10.1.0.29:15033|priority:1|startupRole:FOLLOWER] returns group-DDAA0B417BEA:java.util.concurrent.CompletableFuture@400a0427[Not completed]
2023-09-19 02:03:56,390 [b1558ce8-bc2f-4c62-aaec-0278e14522f1-groupManagement] INFO  server.RaftServer$Division (RaftServerImpl.java:<init>(198)) - b1558ce8-bc2f-4c62-aaec-0278e14522f1: new RaftServerImpl for group-DDAA0B417BEA:[b1558ce8-bc2f-4c62-aaec-0278e14522f1|rpc:10.1.0.29:15014|admin:10.1.0.29:15013|client:10.1.0.29:15012|dataStream:10.1.0.29:15015|priority:0|startupRole:FOLLOWER, 3d8e742d-6d38-4fa1-811b-6a8dd626afd2|rpc:10.1.0.29:15023|admin:10.1.0.29:15022|client:10.1.0.29:15021|dataStream:10.1.0.29:15024|priority:0|startupRole:FOLLOWER, 251b4ee7-4683-41e7-a4df-609a9bc3ccca|rpc:10.1.0.29:15032|admin:10.1.0.29:15031|client:10.1.0.29:15030|dataStream:10.1.0.29:15033|priority:1|startupRole:FOLLOWER] with ContainerStateMachine:uninitialized
2023-09-19 02:03:56,390 [b1558ce8-bc2f-4c62-aaec-0278e14522f1-groupManagement] INFO  server.RaftServerConfigKeys (ConfUtils.java:logGet(46)) - raft.server.rpc.timeout.min = 5s (custom)
2023-09-19 02:03:56,390 [b1558ce8-bc2f-4c62-aaec-0278e14522f1-groupManagement] INFO  server.RaftServerConfigKeys (ConfUtils.java:logGet(46)) - raft.server.rpc.timeout.max = 5200ms (custom)
2023-09-19 02:03:56,390 [b1558ce8-bc2f-4c62-aaec-0278e14522f1-groupManagement] INFO  server.RaftServerConfigKeys (ConfUtils.java:logGet(46)) - raft.server.rpc.sleep.time = 25ms (default)
2023-09-19 02:03:56,390 [b1558ce8-bc2f-4c62-aaec-0278e14522f1-groupManagement] INFO  server.RaftServerConfigKeys (ConfUtils.java:logGet(46)) - raft.server.rpc.slowness.timeout = 300s (custom)
2023-09-19 02:03:56,390 [b1558ce8-bc2f-4c62-aaec-0278e14522f1-groupManagement] INFO  server.RaftServerConfigKeys (ConfUtils.java:logGet(46)) - raft.server.leaderelection.leader.step-down.wait-time = 10s (default)
2023-09-19 02:03:56,390 [b1558ce8-bc2f-4c62-aaec-0278e14522f1-groupManagement] INFO  server.RaftServerConfigKeys (ConfUtils.java:logGet(46)) - raft.server.sleep.deviation.threshold = 300ms (default)
2023-09-19 02:03:56,390 [b1558ce8-bc2f-4c62-aaec-0278e14522f1-groupManagement] INFO  server.RaftServer$Division (ServerState.java:<init>(120)) - b1558ce8-bc2f-4c62-aaec-0278e14522f1@group-DDAA0B417BEA: ConfigurationManager, init=-1: peers:[b1558ce8-bc2f-4c62-aaec-0278e14522f1|rpc:10.1.0.29:15014|admin:10.1.0.29:15013|client:10.1.0.29:15012|dataStream:10.1.0.29:15015|priority:0|startupRole:FOLLOWER, 3d8e742d-6d38-4fa1-811b-6a8dd626afd2|rpc:10.1.0.29:15023|admin:10.1.0.29:15022|client:10.1.0.29:15021|dataStream:10.1.0.29:15024|priority:0|startupRole:FOLLOWER, 251b4ee7-4683-41e7-a4df-609a9bc3ccca|rpc:10.1.0.29:15032|admin:10.1.0.29:15031|client:10.1.0.29:15030|dataStream:10.1.0.29:15033|priority:1|startupRole:FOLLOWER]|listeners:[], old=null, confs=<EMPTY_MAP>
2023-09-19 02:03:56,391 [b1558ce8-bc2f-4c62-aaec-0278e14522f1-groupManagement] INFO  server.RaftServerConfigKeys (ConfUtils.java:logGet(46)) - raft.server.storage.dir = [/home/runner/work/ozone/ozone/hadoop-ozone/integration-test/target/test-dir/MiniOzoneClusterImpl-9bcb963b-3a30-483e-aad5-953c8710d6fd/datanode-0/data/ratis] (custom)
2023-09-19 02:03:56,391 [b1558ce8-bc2f-4c62-aaec-0278e14522f1-groupManagement] INFO  server.RaftServerConfigKeys (ConfUtils.java:logGet(46)) - raft.server.log.corruption.policy = EXCEPTION (default)
2023-09-19 02:03:56,391 [b1558ce8-bc2f-4c62-aaec-0278e14522f1-groupManagement] INFO  server.RaftServerConfigKeys (ConfUtils.java:logGet(46)) - raft.server.storage.free-space.min = 0MB (=0) (default)
2023-09-19 02:03:56,391 [b1558ce8-bc2f-4c62-aaec-0278e14522f1-groupManagement] INFO  server.RaftServerConfigKeys (ConfUtils.java:logGet(46)) - raft.server.notification.no-leader.timeout = 300s (custom)
2023-09-19 02:03:56,391 [b1558ce8-bc2f-4c62-aaec-0278e14522f1-groupManagement] INFO  server.RaftServerConfigKeys (ConfUtils.java:logGet(46)) - raft.server.read.timeout = 10s (default)
2023-09-19 02:03:56,391 [b1558ce8-bc2f-4c62-aaec-0278e14522f1-groupManagement] INFO  server.RaftServerConfigKeys (ConfUtils.java:logGet(46)) - raft.server.retrycache.expirytime = 600000ms (custom)
2023-09-19 02:03:56,391 [b1558ce8-bc2f-4c62-aaec-0278e14522f1-groupManagement] INFO  server.RaftServerConfigKeys (ConfUtils.java:logGet(46)) - raft.server.retrycache.statistics.expirytime = 100μs (default)
2023-09-19 02:03:56,391 [b1558ce8-bc2f-4c62-aaec-0278e14522f1-groupManagement] INFO  server.RaftServerConfigKeys (ConfUtils.java:logGet(46)) - raft.server.read.option = DEFAULT (default)
2023-09-19 02:03:56,392 [b1558ce8-bc2f-4c62-aaec-0278e14522f1-groupManagement] INFO  server.RaftServerConfigKeys (ConfUtils.java:logGet(46)) - raft.server.rpc.request.timeout = 60s (custom)
2023-09-19 02:03:56,392 [b1558ce8-bc2f-4c62-aaec-0278e14522f1-groupManagement] INFO  server.RaftServerConfigKeys (ConfUtils.java:logGet(46)) - raft.server.log.appender.install.snapshot.enabled = false (custom)
2023-09-19 02:03:56,392 [b1558ce8-bc2f-4c62-aaec-0278e14522f1-groupManagement] INFO  server.RaftServerConfigKeys (ConfUtils.java:logGet(46)) - raft.server.threadpool.server.cached = true (default)
2023-09-19 02:03:56,392 [b1558ce8-bc2f-4c62-aaec-0278e14522f1-groupManagement] INFO  server.RaftServerConfigKeys (ConfUtils.java:logGet(46)) - raft.server.threadpool.server.size = 0 (default)
2023-09-19 02:03:56,392 [b1558ce8-bc2f-4c62-aaec-0278e14522f1-groupManagement] INFO  server.RaftServerConfigKeys (ConfUtils.java:logGet(46)) - raft.server.threadpool.client.cached = true (default)
2023-09-19 02:03:56,392 [b1558ce8-bc2f-4c62-aaec-0278e14522f1-groupManagement] INFO  server.RaftServerConfigKeys (ConfUtils.java:logGet(46)) - raft.server.threadpool.client.size = 0 (default)
2023-09-19 02:03:56,392 [b1558ce8-bc2f-4c62-aaec-0278e14522f1-groupManagement] INFO  storage.RaftStorageDirectory (RaftStorageDirectoryImpl.java:analyzeStorage(137)) - The storage directory /home/runner/work/ozone/ozone/hadoop-ozone/integration-test/target/test-dir/MiniOzoneClusterImpl-9bcb963b-3a30-483e-aad5-953c8710d6fd/datanode-0/data/ratis/3f586d3c-261f-4542-8231-ddaa0b417bea does not exist. Creating ...
2023-09-19 02:03:56,395 [b1558ce8-bc2f-4c62-aaec-0278e14522f1-groupManagement] INFO  storage.RaftStorageDirectory (RaftStorageDirectoryImpl.java:tryLock(231)) - Lock on /home/runner/work/ozone/ozone/hadoop-ozone/integration-test/target/test-dir/MiniOzoneClusterImpl-9bcb963b-3a30-483e-aad5-953c8710d6fd/datanode-0/data/ratis/3f586d3c-261f-4542-8231-ddaa0b417bea/in_use.lock acquired by nodename 7315@fv-az1031-92
2023-09-19 02:03:56,401 [b1558ce8-bc2f-4c62-aaec-0278e14522f1-groupManagement] INFO  storage.RaftStorage (RaftStorageImpl.java:format(96)) - Storage directory /home/runner/work/ozone/ozone/hadoop-ozone/integration-test/target/test-dir/MiniOzoneClusterImpl-9bcb963b-3a30-483e-aad5-953c8710d6fd/datanode-0/data/ratis/3f586d3c-261f-4542-8231-ddaa0b417bea has been successfully formatted.
2023-09-19 02:03:56,401 [b1558ce8-bc2f-4c62-aaec-0278e14522f1-groupManagement] INFO  ratis.ContainerStateMachine (ContainerStateMachine.java:loadSnapshot(262)) - group-DDAA0B417BEA: The snapshot info is null. Setting the last applied indexto:(t:0, i:~)
2023-09-19 02:03:56,402 [b1558ce8-bc2f-4c62-aaec-0278e14522f1-groupManagement] INFO  server.RaftServerConfigKeys (ConfUtils.java:logGet(46)) - raft.server.log.use.memory = false (default)
2023-09-19 02:03:56,403 [b1558ce8-bc2f-4c62-aaec-0278e14522f1-groupManagement] INFO  server.RaftServerConfigKeys (ConfUtils.java:logGet(46)) - raft.server.log.purge.gap = 1000000 (custom)
2023-09-19 02:03:56,404 [b1558ce8-bc2f-4c62-aaec-0278e14522f1-groupManagement] INFO  server.RaftServerConfigKeys (ConfUtils.java:logGet(46)) - raft.server.log.appender.buffer.byte-limit = 33554432 (custom)
2023-09-19 02:03:56,404 [b1558ce8-bc2f-4c62-aaec-0278e14522f1-groupManagement] INFO  server.RaftServerConfigKeys (ConfUtils.java:logGet(46)) - raft.server.log.statemachine.data.read.timeout = 1000ms (default)
2023-09-19 02:03:56,404 [b1558ce8-bc2f-4c62-aaec-0278e14522f1-groupManagement] INFO  server.RaftServerConfigKeys (ConfUtils.java:logGet(46)) - raft.server.log.purge.preservation.log.num = 0 (default)
2023-09-19 02:03:56,404 [EventQueue-OpenPipelineForHealthyPipelineSafeModeRule] INFO  safemode.SCMSafeModeManager (HealthyPipelineSafeModeRule.java:process(137)) - SCM in safe mode. Healthy pipelines reported count is 0, required healthy pipeline reported count is 1
2023-09-19 02:03:56,406 [b1558ce8-bc2f-4c62-aaec-0278e14522f1-groupManagement] INFO  server.RaftServerConfigKeys (ConfUtils.java:logGet(46)) - raft.server.log.segment.size.max = 1048576 (custom)
2023-09-19 02:03:56,407 [b1558ce8-bc2f-4c62-aaec-0278e14522f1-groupManagement] INFO  server.RaftServerConfigKeys (ConfUtils.java:logGet(46)) - raft.server.log.segment.cache.num.max = 2 (custom)
2023-09-19 02:03:56,407 [b1558ce8-bc2f-4c62-aaec-0278e14522f1-groupManagement] INFO  server.RaftServerConfigKeys (ConfUtils.java:logGet(46)) - raft.server.log.segment.cache.size.max = 200MB (=209715200) (default)
2023-09-19 02:03:56,407 [b1558ce8-bc2f-4c62-aaec-0278e14522f1-groupManagement] INFO  server.RaftServerConfigKeys (ConfUtils.java:logGet(46)) - raft.server.log.appender.buffer.byte-limit = 33554432 (custom)
2023-09-19 02:03:56,407 [b1558ce8-bc2f-4c62-aaec-0278e14522f1-groupManagement] INFO  segmented.SegmentedRaftLogWorker (SegmentedRaftLogWorker.java:<init>(188)) - new b1558ce8-bc2f-4c62-aaec-0278e14522f1@group-DDAA0B417BEA-SegmentedRaftLogWorker for RaftStorageImpl:Storage Directory /home/runner/work/ozone/ozone/hadoop-ozone/integration-test/target/test-dir/MiniOzoneClusterImpl-9bcb963b-3a30-483e-aad5-953c8710d6fd/datanode-0/data/ratis/3f586d3c-261f-4542-8231-ddaa0b417bea
2023-09-19 02:03:56,407 [b1558ce8-bc2f-4c62-aaec-0278e14522f1-groupManagement] INFO  server.RaftServerConfigKeys (ConfUtils.java:logGet(46)) - raft.server.log.queue.byte-limit = 4294967296 (custom)
2023-09-19 02:03:56,407 [b1558ce8-bc2f-4c62-aaec-0278e14522f1-groupManagement] INFO  server.RaftServerConfigKeys (ConfUtils.java:logGet(46)) - raft.server.log.queue.element-limit = 1024 (custom)
2023-09-19 02:03:56,407 [b1558ce8-bc2f-4c62-aaec-0278e14522f1-groupManagement] INFO  server.RaftServerConfigKeys (ConfUtils.java:logGet(46)) - raft.server.log.segment.size.max = 1048576 (custom)
2023-09-19 02:03:56,407 [b1558ce8-bc2f-4c62-aaec-0278e14522f1-groupManagement] INFO  server.RaftServerConfigKeys (ConfUtils.java:logGet(46)) - raft.server.log.preallocated.size = 16384 (custom)
2023-09-19 02:03:56,407 [b1558ce8-bc2f-4c62-aaec-0278e14522f1-groupManagement] INFO  server.RaftServerConfigKeys (ConfUtils.java:logGet(46)) - raft.server.log.force.sync.num = 128 (default)
2023-09-19 02:03:56,407 [b1558ce8-bc2f-4c62-aaec-0278e14522f1-groupManagement] INFO  server.RaftServerConfigKeys (ConfUtils.java:logGet(46)) - raft.server.log.statemachine.data.sync = true (default)
2023-09-19 02:03:56,407 [b1558ce8-bc2f-4c62-aaec-0278e14522f1-groupManagement] INFO  server.RaftServerConfigKeys (ConfUtils.java:logGet(46)) - raft.server.log.statemachine.data.sync.timeout = 10s (default)
2023-09-19 02:03:56,407 [b1558ce8-bc2f-4c62-aaec-0278e14522f1-groupManagement] INFO  server.RaftServerConfigKeys (ConfUtils.java:logGet(46)) - raft.server.log.statemachine.data.sync.timeout.retry = -1 (default)
2023-09-19 02:03:56,408 [b1558ce8-bc2f-4c62-aaec-0278e14522f1-groupManagement] INFO  server.RaftServerConfigKeys (ConfUtils.java:logGet(46)) - raft.server.log.write.buffer.size = 1048576 (custom)
2023-09-19 02:03:56,409 [b1558ce8-bc2f-4c62-aaec-0278e14522f1-groupManagement] INFO  server.RaftServerConfigKeys (ConfUtils.java:logGet(46)) - raft.server.log.appender.buffer.byte-limit = 33554432 (custom)
2023-09-19 02:03:56,417 [b1558ce8-bc2f-4c62-aaec-0278e14522f1-groupManagement] INFO  server.RaftServerConfigKeys (ConfUtils.java:logGet(46)) - raft.server.log.unsafe-flush.enabled = false (default)
2023-09-19 02:03:56,417 [b1558ce8-bc2f-4c62-aaec-0278e14522f1-groupManagement] INFO  server.RaftServerConfigKeys (ConfUtils.java:logGet(46)) - raft.server.log.async-flush.enabled = false (default)
2023-09-19 02:03:56,417 [b1558ce8-bc2f-4c62-aaec-0278e14522f1-groupManagement] INFO  server.RaftServerConfigKeys (ConfUtils.java:logGet(46)) - raft.server.log.statemachine.data.caching.enabled = true (custom)
2023-09-19 02:03:56,420 [b1558ce8-bc2f-4c62-aaec-0278e14522f1-groupManagement] INFO  segmented.SegmentedRaftLogWorker (SegmentedRaftLogWorker.java:lambda$new$0(135)) - b1558ce8-bc2f-4c62-aaec-0278e14522f1@group-DDAA0B417BEA-SegmentedRaftLogWorker: flushIndex: setUnconditionally 0 -> -1
2023-09-19 02:03:56,420 [b1558ce8-bc2f-4c62-aaec-0278e14522f1-groupManagement] INFO  segmented.SegmentedRaftLogWorker (SegmentedRaftLogWorker.java:lambda$new$0(135)) - b1558ce8-bc2f-4c62-aaec-0278e14522f1@group-DDAA0B417BEA-SegmentedRaftLogWorker: safeCacheEvictIndex: setUnconditionally 0 -> -1
2023-09-19 02:03:56,421 [b1558ce8-bc2f-4c62-aaec-0278e14522f1-groupManagement] INFO  server.RaftServer$Division (RaftServerImpl.java:start(342)) - b1558ce8-bc2f-4c62-aaec-0278e14522f1@group-DDAA0B417BEA: start as a follower, conf=-1: peers:[b1558ce8-bc2f-4c62-aaec-0278e14522f1|rpc:10.1.0.29:15014|admin:10.1.0.29:15013|client:10.1.0.29:15012|dataStream:10.1.0.29:15015|priority:0|startupRole:FOLLOWER, 3d8e742d-6d38-4fa1-811b-6a8dd626afd2|rpc:10.1.0.29:15023|admin:10.1.0.29:15022|client:10.1.0.29:15021|dataStream:10.1.0.29:15024|priority:0|startupRole:FOLLOWER, 251b4ee7-4683-41e7-a4df-609a9bc3ccca|rpc:10.1.0.29:15032|admin:10.1.0.29:15031|client:10.1.0.29:15030|dataStream:10.1.0.29:15033|priority:1|startupRole:FOLLOWER]|listeners:[], old=null
2023-09-19 02:03:56,421 [b1558ce8-bc2f-4c62-aaec-0278e14522f1-groupManagement] INFO  server.RaftServer$Division (RaftServerImpl.java:setRole(329)) - b1558ce8-bc2f-4c62-aaec-0278e14522f1@group-DDAA0B417BEA: changes role from      null to FOLLOWER at term 0 for startAsFollower
2023-09-19 02:03:56,421 [b1558ce8-bc2f-4c62-aaec-0278e14522f1-groupManagement] INFO  impl.RoleInfo (RoleInfo.java:updateAndGet(139)) - b1558ce8-bc2f-4c62-aaec-0278e14522f1: start b1558ce8-bc2f-4c62-aaec-0278e14522f1@group-DDAA0B417BEA-FollowerState
2023-09-19 02:03:56,421 [b1558ce8-bc2f-4c62-aaec-0278e14522f1-groupManagement] INFO  util.JmxRegister (JmxRegister.java:tryRegister(44)) - Successfully registered JMX Bean with object name Ratis:service=RaftServer,group=group-DDAA0B417BEA,id=b1558ce8-bc2f-4c62-aaec-0278e14522f1
2023-09-19 02:03:56,421 [b1558ce8-bc2f-4c62-aaec-0278e14522f1-groupManagement] INFO  server.RaftServerConfigKeys (ConfUtils.java:logGet(46)) - raft.server.snapshot.auto.trigger.enabled = true (custom)
2023-09-19 02:03:56,422 [b1558ce8-bc2f-4c62-aaec-0278e14522f1-groupManagement] INFO  server.RaftServerConfigKeys (ConfUtils.java:logGet(46)) - raft.server.snapshot.auto.trigger.threshold = 10000 (custom)
2023-09-19 02:03:56,422 [b1558ce8-bc2f-4c62-aaec-0278e14522f1-groupManagement] INFO  server.RaftServerConfigKeys (ConfUtils.java:logGet(46)) - raft.server.snapshot.retention.file.num = 5 (custom)
2023-09-19 02:03:56,422 [b1558ce8-bc2f-4c62-aaec-0278e14522f1-groupManagement] INFO  server.RaftServerConfigKeys (ConfUtils.java:logGet(46)) - raft.server.log.purge.upto.snapshot.index = false (default)
2023-09-19 02:03:56,424 [b1558ce8-bc2f-4c62-aaec-0278e14522f1@group-DDAA0B417BEA-FollowerState] INFO  server.RaftServerConfigKeys (ConfUtils.java:logFallback(53)) - raft.server.rpc.first-election.timeout.min = 5s (fallback to raft.server.rpc.timeout.min)
2023-09-19 02:03:56,442 [b1558ce8-bc2f-4c62-aaec-0278e14522f1@group-DDAA0B417BEA-FollowerState] INFO  server.RaftServerConfigKeys (ConfUtils.java:logFallback(53)) - raft.server.rpc.first-election.timeout.max = 5200ms (fallback to raft.server.rpc.timeout.max)
2023-09-19 02:03:56,443 [PipelineCommandHandlerThread-0] INFO  commandhandler.CreatePipelineCommandHandler (CreatePipelineCommandHandler.java:lambda$handle$2(124)) - Created Pipeline RATIS THREE PipelineID=abc722b4-335f-4297-be91-1453e47972ab.
2023-09-19 02:03:56,480 [grpc-default-executor-0] INFO  server.RaftServer (RaftServerProxy.java:addNew(98)) - 3d8e742d-6d38-4fa1-811b-6a8dd626afd2: addNew group-DDAA0B417BEA:[b1558ce8-bc2f-4c62-aaec-0278e14522f1|rpc:10.1.0.29:15014|admin:10.1.0.29:15013|client:10.1.0.29:15012|dataStream:10.1.0.29:15015|priority:0|startupRole:FOLLOWER, 3d8e742d-6d38-4fa1-811b-6a8dd626afd2|rpc:10.1.0.29:15023|admin:10.1.0.29:15022|client:10.1.0.29:15021|dataStream:10.1.0.29:15024|priority:0|startupRole:FOLLOWER, 251b4ee7-4683-41e7-a4df-609a9bc3ccca|rpc:10.1.0.29:15032|admin:10.1.0.29:15031|client:10.1.0.29:15030|dataStream:10.1.0.29:15033|priority:1|startupRole:FOLLOWER] returns group-DDAA0B417BEA:java.util.concurrent.CompletableFuture@3aedbdb1[Not completed]
2023-09-19 02:03:56,481 [3d8e742d-6d38-4fa1-811b-6a8dd626afd2-groupManagement] INFO  server.RaftServer$Division (RaftServerImpl.java:<init>(198)) - 3d8e742d-6d38-4fa1-811b-6a8dd626afd2: new RaftServerImpl for group-DDAA0B417BEA:[b1558ce8-bc2f-4c62-aaec-0278e14522f1|rpc:10.1.0.29:15014|admin:10.1.0.29:15013|client:10.1.0.29:15012|dataStream:10.1.0.29:15015|priority:0|startupRole:FOLLOWER, 3d8e742d-6d38-4fa1-811b-6a8dd626afd2|rpc:10.1.0.29:15023|admin:10.1.0.29:15022|client:10.1.0.29:15021|dataStream:10.1.0.29:15024|priority:0|startupRole:FOLLOWER, 251b4ee7-4683-41e7-a4df-609a9bc3ccca|rpc:10.1.0.29:15032|admin:10.1.0.29:15031|client:10.1.0.29:15030|dataStream:10.1.0.29:15033|priority:1|startupRole:FOLLOWER] with ContainerStateMachine:uninitialized
2023-09-19 02:03:56,482 [3d8e742d-6d38-4fa1-811b-6a8dd626afd2-groupManagement] INFO  server.RaftServerConfigKeys (ConfUtils.java:logGet(46)) - raft.server.rpc.timeout.min = 5s (custom)
2023-09-19 02:03:56,482 [3d8e742d-6d38-4fa1-811b-6a8dd626afd2-groupManagement] INFO  server.RaftServerConfigKeys (ConfUtils.java:logGet(46)) - raft.server.rpc.timeout.max = 5200ms (custom)
2023-09-19 02:03:56,482 [3d8e742d-6d38-4fa1-811b-6a8dd626afd2-groupManagement] INFO  server.RaftServerConfigKeys (ConfUtils.java:logGet(46)) - raft.server.rpc.sleep.time = 25ms (default)
2023-09-19 02:03:56,482 [3d8e742d-6d38-4fa1-811b-6a8dd626afd2-groupManagement] INFO  server.RaftServerConfigKeys (ConfUtils.java:logGet(46)) - raft.server.rpc.slowness.timeout = 300s (custom)
2023-09-19 02:03:56,482 [3d8e742d-6d38-4fa1-811b-6a8dd626afd2-groupManagement] INFO  server.RaftServerConfigKeys (ConfUtils.java:logGet(46)) - raft.server.leaderelection.leader.step-down.wait-time = 10s (default)
2023-09-19 02:03:56,482 [3d8e742d-6d38-4fa1-811b-6a8dd626afd2-groupManagement] INFO  server.RaftServerConfigKeys (ConfUtils.java:logGet(46)) - raft.server.sleep.deviation.threshold = 300ms (default)
2023-09-19 02:03:56,482 [3d8e742d-6d38-4fa1-811b-6a8dd626afd2-groupManagement] INFO  server.RaftServer$Division (ServerState.java:<init>(120)) - 3d8e742d-6d38-4fa1-811b-6a8dd626afd2@group-DDAA0B417BEA: ConfigurationManager, init=-1: peers:[b1558ce8-bc2f-4c62-aaec-0278e14522f1|rpc:10.1.0.29:15014|admin:10.1.0.29:15013|client:10.1.0.29:15012|dataStream:10.1.0.29:15015|priority:0|startupRole:FOLLOWER, 3d8e742d-6d38-4fa1-811b-6a8dd626afd2|rpc:10.1.0.29:15023|admin:10.1.0.29:15022|client:10.1.0.29:15021|dataStream:10.1.0.29:15024|priority:0|startupRole:FOLLOWER, 251b4ee7-4683-41e7-a4df-609a9bc3ccca|rpc:10.1.0.29:15032|admin:10.1.0.29:15031|client:10.1.0.29:15030|dataStream:10.1.0.29:15033|priority:1|startupRole:FOLLOWER]|listeners:[], old=null, confs=<EMPTY_MAP>
2023-09-19 02:03:56,482 [3d8e742d-6d38-4fa1-811b-6a8dd626afd2-groupManagement] INFO  server.RaftServerConfigKeys (ConfUtils.java:logGet(46)) - raft.server.storage.dir = [/home/runner/work/ozone/ozone/hadoop-ozone/integration-test/target/test-dir/MiniOzoneClusterImpl-9bcb963b-3a30-483e-aad5-953c8710d6fd/datanode-1/data/ratis] (custom)
2023-09-19 02:03:56,482 [3d8e742d-6d38-4fa1-811b-6a8dd626afd2-groupManagement] INFO  server.RaftServerConfigKeys (ConfUtils.java:logGet(46)) - raft.server.log.corruption.policy = EXCEPTION (default)
2023-09-19 02:03:56,482 [3d8e742d-6d38-4fa1-811b-6a8dd626afd2-groupManagement] INFO  server.RaftServerConfigKeys (ConfUtils.java:logGet(46)) - raft.server.storage.free-space.min = 0MB (=0) (default)
2023-09-19 02:03:56,482 [3d8e742d-6d38-4fa1-811b-6a8dd626afd2-groupManagement] INFO  server.RaftServerConfigKeys (ConfUtils.java:logGet(46)) - raft.server.notification.no-leader.timeout = 300s (custom)
2023-09-19 02:03:56,482 [3d8e742d-6d38-4fa1-811b-6a8dd626afd2-groupManagement] INFO  server.RaftServerConfigKeys (ConfUtils.java:logGet(46)) - raft.server.read.timeout = 10s (default)
2023-09-19 02:03:56,483 [3d8e742d-6d38-4fa1-811b-6a8dd626afd2-groupManagement] INFO  server.RaftServerConfigKeys (ConfUtils.java:logGet(46)) - raft.server.retrycache.expirytime = 600000ms (custom)
2023-09-19 02:03:56,483 [3d8e742d-6d38-4fa1-811b-6a8dd626afd2-groupManagement] INFO  server.RaftServerConfigKeys (ConfUtils.java:logGet(46)) - raft.server.retrycache.statistics.expirytime = 100μs (default)
2023-09-19 02:03:56,483 [3d8e742d-6d38-4fa1-811b-6a8dd626afd2-groupManagement] INFO  server.RaftServerConfigKeys (ConfUtils.java:logGet(46)) - raft.server.read.option = DEFAULT (default)
2023-09-19 02:03:56,484 [3d8e742d-6d38-4fa1-811b-6a8dd626afd2-groupManagement] INFO  server.RaftServerConfigKeys (ConfUtils.java:logGet(46)) - raft.server.rpc.request.timeout = 60s (custom)
2023-09-19 02:03:56,484 [3d8e742d-6d38-4fa1-811b-6a8dd626afd2-groupManagement] INFO  server.RaftServerConfigKeys (ConfUtils.java:logGet(46)) - raft.server.log.appender.install.snapshot.enabled = false (custom)
2023-09-19 02:03:56,484 [3d8e742d-6d38-4fa1-811b-6a8dd626afd2-groupManagement] INFO  server.RaftServerConfigKeys (ConfUtils.java:logGet(46)) - raft.server.threadpool.server.cached = true (default)
2023-09-19 02:03:56,484 [3d8e742d-6d38-4fa1-811b-6a8dd626afd2-groupManagement] INFO  server.RaftServerConfigKeys (ConfUtils.java:logGet(46)) - raft.server.threadpool.server.size = 0 (default)
2023-09-19 02:03:56,484 [3d8e742d-6d38-4fa1-811b-6a8dd626afd2-groupManagement] INFO  server.RaftServerConfigKeys (ConfUtils.java:logGet(46)) - raft.server.threadpool.client.cached = true (default)
2023-09-19 02:03:56,484 [3d8e742d-6d38-4fa1-811b-6a8dd626afd2-groupManagement] INFO  server.RaftServerConfigKeys (ConfUtils.java:logGet(46)) - raft.server.threadpool.client.size = 0 (default)
2023-09-19 02:03:56,484 [3d8e742d-6d38-4fa1-811b-6a8dd626afd2-groupManagement] INFO  storage.RaftStorageDirectory (RaftStorageDirectoryImpl.java:analyzeStorage(137)) - The storage directory /home/runner/work/ozone/ozone/hadoop-ozone/integration-test/target/test-dir/MiniOzoneClusterImpl-9bcb963b-3a30-483e-aad5-953c8710d6fd/datanode-1/data/ratis/3f586d3c-261f-4542-8231-ddaa0b417bea does not exist. Creating ...
2023-09-19 02:03:56,485 [3d8e742d-6d38-4fa1-811b-6a8dd626afd2-groupManagement] INFO  storage.RaftStorageDirectory (RaftStorageDirectoryImpl.java:tryLock(231)) - Lock on /home/runner/work/ozone/ozone/hadoop-ozone/integration-test/target/test-dir/MiniOzoneClusterImpl-9bcb963b-3a30-483e-aad5-953c8710d6fd/datanode-1/data/ratis/3f586d3c-261f-4542-8231-ddaa0b417bea/in_use.lock acquired by nodename 7315@fv-az1031-92
2023-09-19 02:03:56,486 [3d8e742d-6d38-4fa1-811b-6a8dd626afd2-groupManagement] INFO  storage.RaftStorage (RaftStorageImpl.java:format(96)) - Storage directory /home/runner/work/ozone/ozone/hadoop-ozone/integration-test/target/test-dir/MiniOzoneClusterImpl-9bcb963b-3a30-483e-aad5-953c8710d6fd/datanode-1/data/ratis/3f586d3c-261f-4542-8231-ddaa0b417bea has been successfully formatted.
2023-09-19 02:03:56,494 [3d8e742d-6d38-4fa1-811b-6a8dd626afd2-groupManagement] INFO  ratis.ContainerStateMachine (ContainerStateMachine.java:loadSnapshot(262)) - group-DDAA0B417BEA: The snapshot info is null. Setting the last applied indexto:(t:0, i:~)
2023-09-19 02:03:56,494 [3d8e742d-6d38-4fa1-811b-6a8dd626afd2-groupManagement] INFO  server.RaftServerConfigKeys (ConfUtils.java:logGet(46)) - raft.server.log.use.memory = false (default)
2023-09-19 02:03:56,494 [3d8e742d-6d38-4fa1-811b-6a8dd626afd2-groupManagement] INFO  server.RaftServerConfigKeys (ConfUtils.java:logGet(46)) - raft.server.log.purge.gap = 1000000 (custom)
2023-09-19 02:03:56,494 [3d8e742d-6d38-4fa1-811b-6a8dd626afd2-groupManagement] INFO  server.RaftServerConfigKeys (ConfUtils.java:logGet(46)) - raft.server.log.appender.buffer.byte-limit = 33554432 (custom)
2023-09-19 02:03:56,495 [3d8e742d-6d38-4fa1-811b-6a8dd626afd2-groupManagement] INFO  server.RaftServerConfigKeys (ConfUtils.java:logGet(46)) - raft.server.log.statemachine.data.read.timeout = 1000ms (default)
2023-09-19 02:03:56,495 [3d8e742d-6d38-4fa1-811b-6a8dd626afd2-groupManagement] INFO  server.RaftServerConfigKeys (ConfUtils.java:logGet(46)) - raft.server.log.purge.preservation.log.num = 0 (default)
2023-09-19 02:03:56,495 [3d8e742d-6d38-4fa1-811b-6a8dd626afd2-groupManagement] INFO  server.RaftServerConfigKeys (ConfUtils.java:logGet(46)) - raft.server.log.segment.size.max = 1048576 (custom)
2023-09-19 02:03:56,495 [3d8e742d-6d38-4fa1-811b-6a8dd626afd2-groupManagement] INFO  server.RaftServerConfigKeys (ConfUtils.java:logGet(46)) - raft.server.log.segment.cache.num.max = 2 (custom)
2023-09-19 02:03:56,495 [3d8e742d-6d38-4fa1-811b-6a8dd626afd2-groupManagement] INFO  server.RaftServerConfigKeys (ConfUtils.java:logGet(46)) - raft.server.log.segment.cache.size.max = 200MB (=209715200) (default)
2023-09-19 02:03:56,495 [3d8e742d-6d38-4fa1-811b-6a8dd626afd2-groupManagement] INFO  server.RaftServerConfigKeys (ConfUtils.java:logGet(46)) - raft.server.log.appender.buffer.byte-limit = 33554432 (custom)
2023-09-19 02:03:56,495 [3d8e742d-6d38-4fa1-811b-6a8dd626afd2-groupManagement] INFO  segmented.SegmentedRaftLogWorker (SegmentedRaftLogWorker.java:<init>(188)) - new 3d8e742d-6d38-4fa1-811b-6a8dd626afd2@group-DDAA0B417BEA-SegmentedRaftLogWorker for RaftStorageImpl:Storage Directory /home/runner/work/ozone/ozone/hadoop-ozone/integration-test/target/test-dir/MiniOzoneClusterImpl-9bcb963b-3a30-483e-aad5-953c8710d6fd/datanode-1/data/ratis/3f586d3c-261f-4542-8231-ddaa0b417bea
2023-09-19 02:03:56,495 [3d8e742d-6d38-4fa1-811b-6a8dd626afd2-groupManagement] INFO  server.RaftServerConfigKeys (ConfUtils.java:logGet(46)) - raft.server.log.queue.byte-limit = 4294967296 (custom)
2023-09-19 02:03:56,495 [3d8e742d-6d38-4fa1-811b-6a8dd626afd2-groupManagement] INFO  server.RaftServerConfigKeys (ConfUtils.java:logGet(46)) - raft.server.log.queue.element-limit = 1024 (custom)
2023-09-19 02:03:56,495 [3d8e742d-6d38-4fa1-811b-6a8dd626afd2-groupManagement] INFO  server.RaftServerConfigKeys (ConfUtils.java:logGet(46)) - raft.server.log.segment.size.max = 1048576 (custom)
2023-09-19 02:03:56,495 [3d8e742d-6d38-4fa1-811b-6a8dd626afd2-groupManagement] INFO  server.RaftServerConfigKeys (ConfUtils.java:logGet(46)) - raft.server.log.preallocated.size = 16384 (custom)
2023-09-19 02:03:56,496 [3d8e742d-6d38-4fa1-811b-6a8dd626afd2-groupManagement] INFO  server.RaftServerConfigKeys (ConfUtils.java:logGet(46)) - raft.server.log.force.sync.num = 128 (default)
2023-09-19 02:03:56,496 [3d8e742d-6d38-4fa1-811b-6a8dd626afd2-groupManagement] INFO  server.RaftServerConfigKeys (ConfUtils.java:logGet(46)) - raft.server.log.statemachine.data.sync = true (default)
2023-09-19 02:03:56,496 [3d8e742d-6d38-4fa1-811b-6a8dd626afd2-groupManagement] INFO  server.RaftServerConfigKeys (ConfUtils.java:logGet(46)) - raft.server.log.statemachine.data.sync.timeout = 10s (default)
2023-09-19 02:03:56,496 [3d8e742d-6d38-4fa1-811b-6a8dd626afd2-groupManagement] INFO  server.RaftServerConfigKeys (ConfUtils.java:logGet(46)) - raft.server.log.statemachine.data.sync.timeout.retry = -1 (default)
2023-09-19 02:03:56,496 [3d8e742d-6d38-4fa1-811b-6a8dd626afd2-groupManagement] INFO  server.RaftServerConfigKeys (ConfUtils.java:logGet(46)) - raft.server.log.write.buffer.size = 1048576 (custom)
2023-09-19 02:03:56,498 [3d8e742d-6d38-4fa1-811b-6a8dd626afd2-groupManagement] INFO  server.RaftServerConfigKeys (ConfUtils.java:logGet(46)) - raft.server.log.appender.buffer.byte-limit = 33554432 (custom)
2023-09-19 02:03:56,505 [3d8e742d-6d38-4fa1-811b-6a8dd626afd2-groupManagement] INFO  server.RaftServerConfigKeys (ConfUtils.java:logGet(46)) - raft.server.log.unsafe-flush.enabled = false (default)
2023-09-19 02:03:56,505 [3d8e742d-6d38-4fa1-811b-6a8dd626afd2-groupManagement] INFO  server.RaftServerConfigKeys (ConfUtils.java:logGet(46)) - raft.server.log.async-flush.enabled = false (default)
2023-09-19 02:03:56,505 [3d8e742d-6d38-4fa1-811b-6a8dd626afd2-groupManagement] INFO  server.RaftServerConfigKeys (ConfUtils.java:logGet(46)) - raft.server.log.statemachine.data.caching.enabled = true (custom)
2023-09-19 02:03:56,507 [PipelineCommandHandlerThread-0] INFO  commandhandler.CreatePipelineCommandHandler (CreatePipelineCommandHandler.java:lambda$handle$2(124)) - Created Pipeline RATIS THREE PipelineID=abc722b4-335f-4297-be91-1453e47972ab.
2023-09-19 02:03:56,510 [EventQueue-OpenPipelineForHealthyPipelineSafeModeRule] INFO  safemode.SCMSafeModeManager (HealthyPipelineSafeModeRule.java:process(137)) - SCM in safe mode. Healthy pipelines reported count is 0, required healthy pipeline reported count is 1
2023-09-19 02:03:56,510 [3d8e742d-6d38-4fa1-811b-6a8dd626afd2-groupManagement] INFO  segmented.SegmentedRaftLogWorker (SegmentedRaftLogWorker.java:lambda$new$0(135)) - 3d8e742d-6d38-4fa1-811b-6a8dd626afd2@group-DDAA0B417BEA-SegmentedRaftLogWorker: flushIndex: setUnconditionally 0 -> -1
2023-09-19 02:03:56,513 [3d8e742d-6d38-4fa1-811b-6a8dd626afd2-groupManagement] INFO  segmented.SegmentedRaftLogWorker (SegmentedRaftLogWorker.java:lambda$new$0(135)) - 3d8e742d-6d38-4fa1-811b-6a8dd626afd2@group-DDAA0B417BEA-SegmentedRaftLogWorker: safeCacheEvictIndex: setUnconditionally 0 -> -1
2023-09-19 02:03:56,513 [3d8e742d-6d38-4fa1-811b-6a8dd626afd2-groupManagement] INFO  server.RaftServer$Division (RaftServerImpl.java:start(342)) - 3d8e742d-6d38-4fa1-811b-6a8dd626afd2@group-DDAA0B417BEA: start as a follower, conf=-1: peers:[b1558ce8-bc2f-4c62-aaec-0278e14522f1|rpc:10.1.0.29:15014|admin:10.1.0.29:15013|client:10.1.0.29:15012|dataStream:10.1.0.29:15015|priority:0|startupRole:FOLLOWER, 3d8e742d-6d38-4fa1-811b-6a8dd626afd2|rpc:10.1.0.29:15023|admin:10.1.0.29:15022|client:10.1.0.29:15021|dataStream:10.1.0.29:15024|priority:0|startupRole:FOLLOWER, 251b4ee7-4683-41e7-a4df-609a9bc3ccca|rpc:10.1.0.29:15032|admin:10.1.0.29:15031|client:10.1.0.29:15030|dataStream:10.1.0.29:15033|priority:1|startupRole:FOLLOWER]|listeners:[], old=null
2023-09-19 02:03:56,513 [3d8e742d-6d38-4fa1-811b-6a8dd626afd2-groupManagement] INFO  server.RaftServer$Division (RaftServerImpl.java:setRole(329)) - 3d8e742d-6d38-4fa1-811b-6a8dd626afd2@group-DDAA0B417BEA: changes role from      null to FOLLOWER at term 0 for startAsFollower
2023-09-19 02:03:56,513 [3d8e742d-6d38-4fa1-811b-6a8dd626afd2-groupManagement] INFO  impl.RoleInfo (RoleInfo.java:updateAndGet(139)) - 3d8e742d-6d38-4fa1-811b-6a8dd626afd2: start 3d8e742d-6d38-4fa1-811b-6a8dd626afd2@group-DDAA0B417BEA-FollowerState
2023-09-19 02:03:56,514 [3d8e742d-6d38-4fa1-811b-6a8dd626afd2-groupManagement] INFO  util.JmxRegister (JmxRegister.java:tryRegister(44)) - Successfully registered JMX Bean with object name Ratis:service=RaftServer,group=group-DDAA0B417BEA,id=3d8e742d-6d38-4fa1-811b-6a8dd626afd2
2023-09-19 02:03:56,514 [3d8e742d-6d38-4fa1-811b-6a8dd626afd2-groupManagement] INFO  server.RaftServerConfigKeys (ConfUtils.java:logGet(46)) - raft.server.snapshot.auto.trigger.enabled = true (custom)
2023-09-19 02:03:56,514 [3d8e742d-6d38-4fa1-811b-6a8dd626afd2-groupManagement] INFO  server.RaftServerConfigKeys (ConfUtils.java:logGet(46)) - raft.server.snapshot.auto.trigger.threshold = 10000 (custom)
2023-09-19 02:03:56,514 [3d8e742d-6d38-4fa1-811b-6a8dd626afd2-groupManagement] INFO  server.RaftServerConfigKeys (ConfUtils.java:logGet(46)) - raft.server.snapshot.retention.file.num = 5 (custom)
2023-09-19 02:03:56,515 [3d8e742d-6d38-4fa1-811b-6a8dd626afd2-groupManagement] INFO  server.RaftServerConfigKeys (ConfUtils.java:logGet(46)) - raft.server.log.purge.upto.snapshot.index = false (default)
2023-09-19 02:03:56,516 [3d8e742d-6d38-4fa1-811b-6a8dd626afd2@group-DDAA0B417BEA-FollowerState] INFO  server.RaftServerConfigKeys (ConfUtils.java:logFallback(53)) - raft.server.rpc.first-election.timeout.min = 5s (fallback to raft.server.rpc.timeout.min)
2023-09-19 02:03:56,516 [3d8e742d-6d38-4fa1-811b-6a8dd626afd2@group-DDAA0B417BEA-FollowerState] INFO  server.RaftServerConfigKeys (ConfUtils.java:logFallback(53)) - raft.server.rpc.first-election.timeout.max = 5200ms (fallback to raft.server.rpc.timeout.max)
2023-09-19 02:03:56,527 [PipelineCommandHandlerThread-0] INFO  commandhandler.CreatePipelineCommandHandler (CreatePipelineCommandHandler.java:lambda$handle$2(124)) - Created Pipeline RATIS THREE PipelineID=3f586d3c-261f-4542-8231-ddaa0b417bea.
2023-09-19 02:03:56,545 [PipelineCommandHandlerThread-0] INFO  server.RaftServer (RaftServerProxy.java:addNew(98)) - 5318791c-eaf4-4a3a-8c62-f5bfab93a736: addNew group-D93D3BAFBDB7:[5318791c-eaf4-4a3a-8c62-f5bfab93a736|rpc:10.1.0.29:15041|admin:10.1.0.29:15040|client:10.1.0.29:15039|dataStream:10.1.0.29:15042|priority:1|startupRole:FOLLOWER] returns group-D93D3BAFBDB7:java.util.concurrent.CompletableFuture@452de1ee[Not completed]
2023-09-19 02:03:56,552 [5318791c-eaf4-4a3a-8c62-f5bfab93a736-groupManagement] INFO  server.RaftServer$Division (RaftServerImpl.java:<init>(198)) - 5318791c-eaf4-4a3a-8c62-f5bfab93a736: new RaftServerImpl for group-D93D3BAFBDB7:[5318791c-eaf4-4a3a-8c62-f5bfab93a736|rpc:10.1.0.29:15041|admin:10.1.0.29:15040|client:10.1.0.29:15039|dataStream:10.1.0.29:15042|priority:1|startupRole:FOLLOWER] with ContainerStateMachine:uninitialized
2023-09-19 02:03:56,552 [5318791c-eaf4-4a3a-8c62-f5bfab93a736-groupManagement] INFO  server.RaftServerConfigKeys (ConfUtils.java:logGet(46)) - raft.server.rpc.timeout.min = 5s (custom)
2023-09-19 02:03:56,552 [5318791c-eaf4-4a3a-8c62-f5bfab93a736-groupManagement] INFO  server.RaftServerConfigKeys (ConfUtils.java:logGet(46)) - raft.server.rpc.timeout.max = 5200ms (custom)
2023-09-19 02:03:56,552 [5318791c-eaf4-4a3a-8c62-f5bfab93a736-groupManagement] INFO  server.RaftServerConfigKeys (ConfUtils.java:logGet(46)) - raft.server.rpc.sleep.time = 25ms (default)
2023-09-19 02:03:56,552 [5318791c-eaf4-4a3a-8c62-f5bfab93a736-groupManagement] INFO  server.RaftServerConfigKeys (ConfUtils.java:logGet(46)) - raft.server.rpc.slowness.timeout = 300s (custom)
2023-09-19 02:03:56,552 [5318791c-eaf4-4a3a-8c62-f5bfab93a736-groupManagement] INFO  server.RaftServerConfigKeys (ConfUtils.java:logGet(46)) - raft.server.leaderelection.leader.step-down.wait-time = 10s (default)
2023-09-19 02:03:56,553 [5318791c-eaf4-4a3a-8c62-f5bfab93a736-groupManagement] INFO  server.RaftServerConfigKeys (ConfUtils.java:logGet(46)) - raft.server.sleep.deviation.threshold = 300ms (default)
2023-09-19 02:03:56,553 [5318791c-eaf4-4a3a-8c62-f5bfab93a736-groupManagement] INFO  server.RaftServer$Division (ServerState.java:<init>(120)) - 5318791c-eaf4-4a3a-8c62-f5bfab93a736@group-D93D3BAFBDB7: ConfigurationManager, init=-1: peers:[5318791c-eaf4-4a3a-8c62-f5bfab93a736|rpc:10.1.0.29:15041|admin:10.1.0.29:15040|client:10.1.0.29:15039|dataStream:10.1.0.29:15042|priority:1|startupRole:FOLLOWER]|listeners:[], old=null, confs=<EMPTY_MAP>
2023-09-19 02:03:56,553 [5318791c-eaf4-4a3a-8c62-f5bfab93a736-groupManagement] INFO  server.RaftServerConfigKeys (ConfUtils.java:logGet(46)) - raft.server.storage.dir = [/home/runner/work/ozone/ozone/hadoop-ozone/integration-test/target/test-dir/MiniOzoneClusterImpl-9bcb963b-3a30-483e-aad5-953c8710d6fd/datanode-3/data/ratis] (custom)
2023-09-19 02:03:56,553 [5318791c-eaf4-4a3a-8c62-f5bfab93a736-groupManagement] INFO  server.RaftServerConfigKeys (ConfUtils.java:logGet(46)) - raft.server.log.corruption.policy = EXCEPTION (default)
2023-09-19 02:03:56,553 [5318791c-eaf4-4a3a-8c62-f5bfab93a736-groupManagement] INFO  server.RaftServerConfigKeys (ConfUtils.java:logGet(46)) - raft.server.storage.free-space.min = 0MB (=0) (default)
2023-09-19 02:03:56,553 [5318791c-eaf4-4a3a-8c62-f5bfab93a736-groupManagement] INFO  server.RaftServerConfigKeys (ConfUtils.java:logGet(46)) - raft.server.notification.no-leader.timeout = 300s (custom)
2023-09-19 02:03:56,553 [5318791c-eaf4-4a3a-8c62-f5bfab93a736-groupManagement] INFO  server.RaftServerConfigKeys (ConfUtils.java:logGet(46)) - raft.server.read.timeout = 10s (default)
2023-09-19 02:03:56,553 [5318791c-eaf4-4a3a-8c62-f5bfab93a736-groupManagement] INFO  server.RaftServerConfigKeys (ConfUtils.java:logGet(46)) - raft.server.retrycache.expirytime = 600000ms (custom)
2023-09-19 02:03:56,553 [5318791c-eaf4-4a3a-8c62-f5bfab93a736-groupManagement] INFO  server.RaftServerConfigKeys (ConfUtils.java:logGet(46)) - raft.server.retrycache.statistics.expirytime = 100μs (default)
2023-09-19 02:03:56,553 [5318791c-eaf4-4a3a-8c62-f5bfab93a736-groupManagement] INFO  server.RaftServerConfigKeys (ConfUtils.java:logGet(46)) - raft.server.read.option = DEFAULT (default)
2023-09-19 02:03:56,556 [5318791c-eaf4-4a3a-8c62-f5bfab93a736-groupManagement] INFO  server.RaftServerConfigKeys (ConfUtils.java:logGet(46)) - raft.server.rpc.request.timeout = 60s (custom)
2023-09-19 02:03:56,556 [5318791c-eaf4-4a3a-8c62-f5bfab93a736-groupManagement] INFO  server.RaftServerConfigKeys (ConfUtils.java:logGet(46)) - raft.server.log.appender.install.snapshot.enabled = false (custom)
2023-09-19 02:03:56,556 [5318791c-eaf4-4a3a-8c62-f5bfab93a736-groupManagement] INFO  server.RaftServerConfigKeys (ConfUtils.java:logGet(46)) - raft.server.threadpool.server.cached = true (default)
2023-09-19 02:03:56,556 [5318791c-eaf4-4a3a-8c62-f5bfab93a736-groupManagement] INFO  server.RaftServerConfigKeys (ConfUtils.java:logGet(46)) - raft.server.threadpool.server.size = 0 (default)
2023-09-19 02:03:56,556 [5318791c-eaf4-4a3a-8c62-f5bfab93a736-groupManagement] INFO  server.RaftServerConfigKeys (ConfUtils.java:logGet(46)) - raft.server.threadpool.client.cached = true (default)
2023-09-19 02:03:56,556 [5318791c-eaf4-4a3a-8c62-f5bfab93a736-groupManagement] INFO  server.RaftServerConfigKeys (ConfUtils.java:logGet(46)) - raft.server.threadpool.client.size = 0 (default)
2023-09-19 02:03:56,557 [5318791c-eaf4-4a3a-8c62-f5bfab93a736-groupManagement] INFO  storage.RaftStorageDirectory (RaftStorageDirectoryImpl.java:analyzeStorage(137)) - The storage directory /home/runner/work/ozone/ozone/hadoop-ozone/integration-test/target/test-dir/MiniOzoneClusterImpl-9bcb963b-3a30-483e-aad5-953c8710d6fd/datanode-3/data/ratis/89f614a1-878a-4ed0-9158-d93d3bafbdb7 does not exist. Creating ...
2023-09-19 02:03:56,558 [5318791c-eaf4-4a3a-8c62-f5bfab93a736-groupManagement] INFO  storage.RaftStorageDirectory (RaftStorageDirectoryImpl.java:tryLock(231)) - Lock on /home/runner/work/ozone/ozone/hadoop-ozone/integration-test/target/test-dir/MiniOzoneClusterImpl-9bcb963b-3a30-483e-aad5-953c8710d6fd/datanode-3/data/ratis/89f614a1-878a-4ed0-9158-d93d3bafbdb7/in_use.lock acquired by nodename 7315@fv-az1031-92
2023-09-19 02:03:56,559 [5318791c-eaf4-4a3a-8c62-f5bfab93a736-groupManagement] INFO  storage.RaftStorage (RaftStorageImpl.java:format(96)) - Storage directory /home/runner/work/ozone/ozone/hadoop-ozone/integration-test/target/test-dir/MiniOzoneClusterImpl-9bcb963b-3a30-483e-aad5-953c8710d6fd/datanode-3/data/ratis/89f614a1-878a-4ed0-9158-d93d3bafbdb7 has been successfully formatted.
2023-09-19 02:03:56,560 [5318791c-eaf4-4a3a-8c62-f5bfab93a736-groupManagement] INFO  ratis.ContainerStateMachine (ContainerStateMachine.java:loadSnapshot(262)) - group-D93D3BAFBDB7: The snapshot info is null. Setting the last applied indexto:(t:0, i:~)
2023-09-19 02:03:56,560 [5318791c-eaf4-4a3a-8c62-f5bfab93a736-groupManagement] INFO  server.RaftServerConfigKeys (ConfUtils.java:logGet(46)) - raft.server.log.use.memory = false (default)
2023-09-19 02:03:56,560 [5318791c-eaf4-4a3a-8c62-f5bfab93a736-groupManagement] INFO  server.RaftServerConfigKeys (ConfUtils.java:logGet(46)) - raft.server.log.purge.gap = 1000000 (custom)
2023-09-19 02:03:56,560 [5318791c-eaf4-4a3a-8c62-f5bfab93a736-groupManagement] INFO  server.RaftServerConfigKeys (ConfUtils.java:logGet(46)) - raft.server.log.appender.buffer.byte-limit = 33554432 (custom)
2023-09-19 02:03:56,560 [5318791c-eaf4-4a3a-8c62-f5bfab93a736-groupManagement] INFO  server.RaftServerConfigKeys (ConfUtils.java:logGet(46)) - raft.server.log.statemachine.data.read.timeout = 1000ms (default)
2023-09-19 02:03:56,560 [5318791c-eaf4-4a3a-8c62-f5bfab93a736-groupManagement] INFO  server.RaftServerConfigKeys (ConfUtils.java:logGet(46)) - raft.server.log.purge.preservation.log.num = 0 (default)
2023-09-19 02:03:56,564 [5318791c-eaf4-4a3a-8c62-f5bfab93a736-groupManagement] INFO  server.RaftServerConfigKeys (ConfUtils.java:logGet(46)) - raft.server.log.segment.size.max = 1048576 (custom)
2023-09-19 02:03:56,565 [EventQueue-PipelineReportForPipelineReportHandler] INFO  pipeline.PipelineReportHandler (PipelineReportHandler.java:processPipelineReport(136)) - Opened pipeline PipelineID=89f614a1-878a-4ed0-9158-d93d3bafbdb7
2023-09-19 02:03:56,566 [EventQueue-OpenPipelineForHealthyPipelineSafeModeRule] INFO  safemode.SCMSafeModeManager (HealthyPipelineSafeModeRule.java:process(137)) - SCM in safe mode. Healthy pipelines reported count is 0, required healthy pipeline reported count is 1
2023-09-19 02:03:56,566 [5318791c-eaf4-4a3a-8c62-f5bfab93a736-groupManagement] INFO  server.RaftServerConfigKeys (ConfUtils.java:logGet(46)) - raft.server.log.segment.cache.num.max = 2 (custom)
2023-09-19 02:03:56,566 [5318791c-eaf4-4a3a-8c62-f5bfab93a736-groupManagement] INFO  server.RaftServerConfigKeys (ConfUtils.java:logGet(46)) - raft.server.log.segment.cache.size.max = 200MB (=209715200) (default)
2023-09-19 02:03:56,566 [5318791c-eaf4-4a3a-8c62-f5bfab93a736-groupManagement] INFO  server.RaftServerConfigKeys (ConfUtils.java:logGet(46)) - raft.server.log.appender.buffer.byte-limit = 33554432 (custom)
2023-09-19 02:03:56,567 [5318791c-eaf4-4a3a-8c62-f5bfab93a736-groupManagement] INFO  segmented.SegmentedRaftLogWorker (SegmentedRaftLogWorker.java:<init>(188)) - new 5318791c-eaf4-4a3a-8c62-f5bfab93a736@group-D93D3BAFBDB7-SegmentedRaftLogWorker for RaftStorageImpl:Storage Directory /home/runner/work/ozone/ozone/hadoop-ozone/integration-test/target/test-dir/MiniOzoneClusterImpl-9bcb963b-3a30-483e-aad5-953c8710d6fd/datanode-3/data/ratis/89f614a1-878a-4ed0-9158-d93d3bafbdb7
2023-09-19 02:03:56,567 [5318791c-eaf4-4a3a-8c62-f5bfab93a736-groupManagement] INFO  server.RaftServerConfigKeys (ConfUtils.java:logGet(46)) - raft.server.log.queue.byte-limit = 4294967296 (custom)
2023-09-19 02:03:56,567 [5318791c-eaf4-4a3a-8c62-f5bfab93a736-groupManagement] INFO  server.RaftServerConfigKeys (ConfUtils.java:logGet(46)) - raft.server.log.queue.element-limit = 1024 (custom)
2023-09-19 02:03:56,567 [5318791c-eaf4-4a3a-8c62-f5bfab93a736-groupManagement] INFO  server.RaftServerConfigKeys (ConfUtils.java:logGet(46)) - raft.server.log.segment.size.max = 1048576 (custom)
2023-09-19 02:03:56,567 [5318791c-eaf4-4a3a-8c62-f5bfab93a736-groupManagement] INFO  server.RaftServerConfigKeys (ConfUtils.java:logGet(46)) - raft.server.log.preallocated.size = 16384 (custom)
2023-09-19 02:03:56,567 [5318791c-eaf4-4a3a-8c62-f5bfab93a736-groupManagement] INFO  server.RaftServerConfigKeys (ConfUtils.java:logGet(46)) - raft.server.log.force.sync.num = 128 (default)
2023-09-19 02:03:56,567 [5318791c-eaf4-4a3a-8c62-f5bfab93a736-groupManagement] INFO  server.RaftServerConfigKeys (ConfUtils.java:logGet(46)) - raft.server.log.statemachine.data.sync = true (default)
2023-09-19 02:03:56,567 [5318791c-eaf4-4a3a-8c62-f5bfab93a736-groupManagement] INFO  server.RaftServerConfigKeys (ConfUtils.java:logGet(46)) - raft.server.log.statemachine.data.sync.timeout = 10s (default)
2023-09-19 02:03:56,567 [5318791c-eaf4-4a3a-8c62-f5bfab93a736-groupManagement] INFO  server.RaftServerConfigKeys (ConfUtils.java:logGet(46)) - raft.server.log.statemachine.data.sync.timeout.retry = -1 (default)
2023-09-19 02:03:56,568 [5318791c-eaf4-4a3a-8c62-f5bfab93a736-groupManagement] INFO  server.RaftServerConfigKeys (ConfUtils.java:logGet(46)) - raft.server.log.write.buffer.size = 1048576 (custom)
2023-09-19 02:03:56,568 [5318791c-eaf4-4a3a-8c62-f5bfab93a736-groupManagement] INFO  server.RaftServerConfigKeys (ConfUtils.java:logGet(46)) - raft.server.log.appender.buffer.byte-limit = 33554432 (custom)
2023-09-19 02:03:56,573 [5318791c-eaf4-4a3a-8c62-f5bfab93a736-groupManagement] INFO  server.RaftServerConfigKeys (ConfUtils.java:logGet(46)) - raft.server.log.unsafe-flush.enabled = false (default)
2023-09-19 02:03:56,573 [5318791c-eaf4-4a3a-8c62-f5bfab93a736-groupManagement] INFO  server.RaftServerConfigKeys (ConfUtils.java:logGet(46)) - raft.server.log.async-flush.enabled = false (default)
2023-09-19 02:03:56,573 [5318791c-eaf4-4a3a-8c62-f5bfab93a736-groupManagement] INFO  server.RaftServerConfigKeys (ConfUtils.java:logGet(46)) - raft.server.log.statemachine.data.caching.enabled = true (custom)
2023-09-19 02:03:56,573 [5318791c-eaf4-4a3a-8c62-f5bfab93a736-groupManagement] INFO  segmented.SegmentedRaftLogWorker (SegmentedRaftLogWorker.java:lambda$new$0(135)) - 5318791c-eaf4-4a3a-8c62-f5bfab93a736@group-D93D3BAFBDB7-SegmentedRaftLogWorker: flushIndex: setUnconditionally 0 -> -1
2023-09-19 02:03:56,573 [5318791c-eaf4-4a3a-8c62-f5bfab93a736-groupManagement] INFO  segmented.SegmentedRaftLogWorker (SegmentedRaftLogWorker.java:lambda$new$0(135)) - 5318791c-eaf4-4a3a-8c62-f5bfab93a736@group-D93D3BAFBDB7-SegmentedRaftLogWorker: safeCacheEvictIndex: setUnconditionally 0 -> -1
2023-09-19 02:03:56,573 [5318791c-eaf4-4a3a-8c62-f5bfab93a736-groupManagement] INFO  server.RaftServer$Division (RaftServerImpl.java:start(342)) - 5318791c-eaf4-4a3a-8c62-f5bfab93a736@group-D93D3BAFBDB7: start as a follower, conf=-1: peers:[5318791c-eaf4-4a3a-8c62-f5bfab93a736|rpc:10.1.0.29:15041|admin:10.1.0.29:15040|client:10.1.0.29:15039|dataStream:10.1.0.29:15042|priority:1|startupRole:FOLLOWER]|listeners:[], old=null
2023-09-19 02:03:56,573 [5318791c-eaf4-4a3a-8c62-f5bfab93a736-groupManagement] INFO  server.RaftServer$Division (RaftServerImpl.java:setRole(329)) - 5318791c-eaf4-4a3a-8c62-f5bfab93a736@group-D93D3BAFBDB7: changes role from      null to FOLLOWER at term 0 for startAsFollower
2023-09-19 02:03:56,574 [5318791c-eaf4-4a3a-8c62-f5bfab93a736-groupManagement] INFO  impl.RoleInfo (RoleInfo.java:updateAndGet(139)) - 5318791c-eaf4-4a3a-8c62-f5bfab93a736: start 5318791c-eaf4-4a3a-8c62-f5bfab93a736@group-D93D3BAFBDB7-FollowerState
2023-09-19 02:03:56,574 [5318791c-eaf4-4a3a-8c62-f5bfab93a736-groupManagement] INFO  util.JmxRegister (JmxRegister.java:tryRegister(44)) - Successfully registered JMX Bean with object name Ratis:service=RaftServer,group=group-D93D3BAFBDB7,id=5318791c-eaf4-4a3a-8c62-f5bfab93a736
2023-09-19 02:03:56,574 [5318791c-eaf4-4a3a-8c62-f5bfab93a736-groupManagement] INFO  server.RaftServerConfigKeys (ConfUtils.java:logGet(46)) - raft.server.snapshot.auto.trigger.enabled = true (custom)
2023-09-19 02:03:56,574 [5318791c-eaf4-4a3a-8c62-f5bfab93a736-groupManagement] INFO  server.RaftServerConfigKeys (ConfUtils.java:logGet(46)) - raft.server.snapshot.auto.trigger.threshold = 10000 (custom)
2023-09-19 02:03:56,574 [5318791c-eaf4-4a3a-8c62-f5bfab93a736-groupManagement] INFO  server.RaftServerConfigKeys (ConfUtils.java:logGet(46)) - raft.server.snapshot.retention.file.num = 5 (custom)
2023-09-19 02:03:56,574 [5318791c-eaf4-4a3a-8c62-f5bfab93a736-groupManagement] INFO  server.RaftServerConfigKeys (ConfUtils.java:logGet(46)) - raft.server.log.purge.upto.snapshot.index = false (default)
2023-09-19 02:03:56,575 [5318791c-eaf4-4a3a-8c62-f5bfab93a736@group-D93D3BAFBDB7-FollowerState] INFO  server.RaftServerConfigKeys (ConfUtils.java:logFallback(53)) - raft.server.rpc.first-election.timeout.min = 5s (fallback to raft.server.rpc.timeout.min)
2023-09-19 02:03:56,575 [5318791c-eaf4-4a3a-8c62-f5bfab93a736@group-D93D3BAFBDB7-FollowerState] INFO  server.RaftServerConfigKeys (ConfUtils.java:logFallback(53)) - raft.server.rpc.first-election.timeout.max = 5200ms (fallback to raft.server.rpc.timeout.max)
2023-09-19 02:03:56,575 [PipelineCommandHandlerThread-0] INFO  ratis.XceiverServerRatis (XceiverServerRatis.java:addGroup(804)) - Created group PipelineID=89f614a1-878a-4ed0-9158-d93d3bafbdb7
2023-09-19 02:03:56,575 [PipelineCommandHandlerThread-0] INFO  commandhandler.CreatePipelineCommandHandler (CreatePipelineCommandHandler.java:lambda$handle$2(124)) - Created Pipeline RATIS ONE PipelineID=89f614a1-878a-4ed0-9158-d93d3bafbdb7.
2023-09-19 02:03:56,863 [main] INFO  ozone.MiniOzoneClusterImpl (MiniOzoneClusterImpl.java:lambda$waitForClusterToBeReady$0(224)) - Nodes are ready. Got 5 of 5 DN Heartbeats.
2023-09-19 02:03:56,864 [main] INFO  ozone.MiniOzoneClusterImpl (MiniOzoneClusterImpl.java:lambda$waitForClusterToBeReady$0(227)) - Waiting for cluster to exit safe mode
2023-09-19 02:03:56,864 [main] INFO  ozone.MiniOzoneClusterImpl (MiniOzoneClusterImpl.java:lambda$waitForClusterToBeReady$0(229)) - SCM became leader
2023-09-19 02:03:56,869 [PipelineCommandHandlerThread-0] INFO  server.RaftServer (RaftServerProxy.java:addNew(98)) - e775f47d-b5dc-484c-be98-194b1f285975: addNew group-2C9B274E37DA:[e775f47d-b5dc-484c-be98-194b1f285975|rpc:10.1.0.29:15050|admin:10.1.0.29:15049|client:10.1.0.29:15048|dataStream:10.1.0.29:15051|priority:1|startupRole:FOLLOWER] returns group-2C9B274E37DA:java.util.concurrent.CompletableFuture@7ff1eeff[Not completed]
2023-09-19 02:03:56,871 [e775f47d-b5dc-484c-be98-194b1f285975-groupManagement] INFO  server.RaftServer$Division (RaftServerImpl.java:<init>(198)) - e775f47d-b5dc-484c-be98-194b1f285975: new RaftServerImpl for group-2C9B274E37DA:[e775f47d-b5dc-484c-be98-194b1f285975|rpc:10.1.0.29:15050|admin:10.1.0.29:15049|client:10.1.0.29:15048|dataStream:10.1.0.29:15051|priority:1|startupRole:FOLLOWER] with ContainerStateMachine:uninitialized
2023-09-19 02:03:56,871 [e775f47d-b5dc-484c-be98-194b1f285975-groupManagement] INFO  server.RaftServerConfigKeys (ConfUtils.java:logGet(46)) - raft.server.rpc.timeout.min = 5s (custom)
2023-09-19 02:03:56,871 [e775f47d-b5dc-484c-be98-194b1f285975-groupManagement] INFO  server.RaftServerConfigKeys (ConfUtils.java:logGet(46)) - raft.server.rpc.timeout.max = 5200ms (custom)
2023-09-19 02:03:56,871 [e775f47d-b5dc-484c-be98-194b1f285975-groupManagement] INFO  server.RaftServerConfigKeys (ConfUtils.java:logGet(46)) - raft.server.rpc.sleep.time = 25ms (default)
2023-09-19 02:03:56,871 [e775f47d-b5dc-484c-be98-194b1f285975-groupManagement] INFO  server.RaftServerConfigKeys (ConfUtils.java:logGet(46)) - raft.server.rpc.slowness.timeout = 300s (custom)
2023-09-19 02:03:56,871 [e775f47d-b5dc-484c-be98-194b1f285975-groupManagement] INFO  server.RaftServerConfigKeys (ConfUtils.java:logGet(46)) - raft.server.leaderelection.leader.step-down.wait-time = 10s (default)
2023-09-19 02:03:56,871 [e775f47d-b5dc-484c-be98-194b1f285975-groupManagement] INFO  server.RaftServerConfigKeys (ConfUtils.java:logGet(46)) - raft.server.sleep.deviation.threshold = 300ms (default)
2023-09-19 02:03:56,871 [e775f47d-b5dc-484c-be98-194b1f285975-groupManagement] INFO  server.RaftServer$Division (ServerState.java:<init>(120)) - e775f47d-b5dc-484c-be98-194b1f285975@group-2C9B274E37DA: ConfigurationManager, init=-1: peers:[e775f47d-b5dc-484c-be98-194b1f285975|rpc:10.1.0.29:15050|admin:10.1.0.29:15049|client:10.1.0.29:15048|dataStream:10.1.0.29:15051|priority:1|startupRole:FOLLOWER]|listeners:[], old=null, confs=<EMPTY_MAP>
2023-09-19 02:03:56,871 [e775f47d-b5dc-484c-be98-194b1f285975-groupManagement] INFO  server.RaftServerConfigKeys (ConfUtils.java:logGet(46)) - raft.server.storage.dir = [/home/runner/work/ozone/ozone/hadoop-ozone/integration-test/target/test-dir/MiniOzoneClusterImpl-9bcb963b-3a30-483e-aad5-953c8710d6fd/datanode-4/data/ratis] (custom)
2023-09-19 02:03:56,872 [e775f47d-b5dc-484c-be98-194b1f285975-groupManagement] INFO  server.RaftServerConfigKeys (ConfUtils.java:logGet(46)) - raft.server.log.corruption.policy = EXCEPTION (default)
2023-09-19 02:03:56,872 [e775f47d-b5dc-484c-be98-194b1f285975-groupManagement] INFO  server.RaftServerConfigKeys (ConfUtils.java:logGet(46)) - raft.server.storage.free-space.min = 0MB (=0) (default)
2023-09-19 02:03:56,872 [e775f47d-b5dc-484c-be98-194b1f285975-groupManagement] INFO  server.RaftServerConfigKeys (ConfUtils.java:logGet(46)) - raft.server.notification.no-leader.timeout = 300s (custom)
2023-09-19 02:03:56,872 [e775f47d-b5dc-484c-be98-194b1f285975-groupManagement] INFO  server.RaftServerConfigKeys (ConfUtils.java:logGet(46)) - raft.server.read.timeout = 10s (default)
2023-09-19 02:03:56,872 [e775f47d-b5dc-484c-be98-194b1f285975-groupManagement] INFO  server.RaftServerConfigKeys (ConfUtils.java:logGet(46)) - raft.server.retrycache.expirytime = 600000ms (custom)
2023-09-19 02:03:56,872 [e775f47d-b5dc-484c-be98-194b1f285975-groupManagement] INFO  server.RaftServerConfigKeys (ConfUtils.java:logGet(46)) - raft.server.retrycache.statistics.expirytime = 100μs (default)
2023-09-19 02:03:56,872 [e775f47d-b5dc-484c-be98-194b1f285975-groupManagement] INFO  server.RaftServerConfigKeys (ConfUtils.java:logGet(46)) - raft.server.read.option = DEFAULT (default)
2023-09-19 02:03:56,875 [e775f47d-b5dc-484c-be98-194b1f285975-groupManagement] INFO  server.RaftServerConfigKeys (ConfUtils.java:logGet(46)) - raft.server.rpc.request.timeout = 60s (custom)
2023-09-19 02:03:56,875 [e775f47d-b5dc-484c-be98-194b1f285975-groupManagement] INFO  server.RaftServerConfigKeys (ConfUtils.java:logGet(46)) - raft.server.log.appender.install.snapshot.enabled = false (custom)
2023-09-19 02:03:56,875 [e775f47d-b5dc-484c-be98-194b1f285975-groupManagement] INFO  server.RaftServerConfigKeys (ConfUtils.java:logGet(46)) - raft.server.threadpool.server.cached = true (default)
2023-09-19 02:03:56,875 [e775f47d-b5dc-484c-be98-194b1f285975-groupManagement] INFO  server.RaftServerConfigKeys (ConfUtils.java:logGet(46)) - raft.server.threadpool.server.size = 0 (default)
2023-09-19 02:03:56,875 [e775f47d-b5dc-484c-be98-194b1f285975-groupManagement] INFO  server.RaftServerConfigKeys (ConfUtils.java:logGet(46)) - raft.server.threadpool.client.cached = true (default)
2023-09-19 02:03:56,875 [e775f47d-b5dc-484c-be98-194b1f285975-groupManagement] INFO  server.RaftServerConfigKeys (ConfUtils.java:logGet(46)) - raft.server.threadpool.client.size = 0 (default)
2023-09-19 02:03:56,876 [e775f47d-b5dc-484c-be98-194b1f285975-groupManagement] INFO  storage.RaftStorageDirectory (RaftStorageDirectoryImpl.java:analyzeStorage(137)) - The storage directory /home/runner/work/ozone/ozone/hadoop-ozone/integration-test/target/test-dir/MiniOzoneClusterImpl-9bcb963b-3a30-483e-aad5-953c8710d6fd/datanode-4/data/ratis/a0d23749-ec8f-4058-bc29-2c9b274e37da does not exist. Creating ...
2023-09-19 02:03:56,877 [e775f47d-b5dc-484c-be98-194b1f285975-groupManagement] INFO  storage.RaftStorageDirectory (RaftStorageDirectoryImpl.java:tryLock(231)) - Lock on /home/runner/work/ozone/ozone/hadoop-ozone/integration-test/target/test-dir/MiniOzoneClusterImpl-9bcb963b-3a30-483e-aad5-953c8710d6fd/datanode-4/data/ratis/a0d23749-ec8f-4058-bc29-2c9b274e37da/in_use.lock acquired by nodename 7315@fv-az1031-92
2023-09-19 02:03:56,878 [e775f47d-b5dc-484c-be98-194b1f285975-groupManagement] INFO  storage.RaftStorage (RaftStorageImpl.java:format(96)) - Storage directory /home/runner/work/ozone/ozone/hadoop-ozone/integration-test/target/test-dir/MiniOzoneClusterImpl-9bcb963b-3a30-483e-aad5-953c8710d6fd/datanode-4/data/ratis/a0d23749-ec8f-4058-bc29-2c9b274e37da has been successfully formatted.
2023-09-19 02:03:56,879 [e775f47d-b5dc-484c-be98-194b1f285975-groupManagement] INFO  ratis.ContainerStateMachine (ContainerStateMachine.java:loadSnapshot(262)) - group-2C9B274E37DA: The snapshot info is null. Setting the last applied indexto:(t:0, i:~)
2023-09-19 02:03:56,879 [e775f47d-b5dc-484c-be98-194b1f285975-groupManagement] INFO  server.RaftServerConfigKeys (ConfUtils.java:logGet(46)) - raft.server.log.use.memory = false (default)
2023-09-19 02:03:56,880 [e775f47d-b5dc-484c-be98-194b1f285975-groupManagement] INFO  server.RaftServerConfigKeys (ConfUtils.java:logGet(46)) - raft.server.log.purge.gap = 1000000 (custom)
2023-09-19 02:03:56,880 [e775f47d-b5dc-484c-be98-194b1f285975-groupManagement] INFO  server.RaftServerConfigKeys (ConfUtils.java:logGet(46)) - raft.server.log.appender.buffer.byte-limit = 33554432 (custom)
2023-09-19 02:03:56,880 [e775f47d-b5dc-484c-be98-194b1f285975-groupManagement] INFO  server.RaftServerConfigKeys (ConfUtils.java:logGet(46)) - raft.server.log.statemachine.data.read.timeout = 1000ms (default)
2023-09-19 02:03:56,880 [e775f47d-b5dc-484c-be98-194b1f285975-groupManagement] INFO  server.RaftServerConfigKeys (ConfUtils.java:logGet(46)) - raft.server.log.purge.preservation.log.num = 0 (default)
2023-09-19 02:03:56,883 [e775f47d-b5dc-484c-be98-194b1f285975-groupManagement] INFO  server.RaftServerConfigKeys (ConfUtils.java:logGet(46)) - raft.server.log.segment.size.max = 1048576 (custom)
2023-09-19 02:03:56,883 [e775f47d-b5dc-484c-be98-194b1f285975-groupManagement] INFO  server.RaftServerConfigKeys (ConfUtils.java:logGet(46)) - raft.server.log.segment.cache.num.max = 2 (custom)
2023-09-19 02:03:56,883 [e775f47d-b5dc-484c-be98-194b1f285975-groupManagement] INFO  server.RaftServerConfigKeys (ConfUtils.java:logGet(46)) - raft.server.log.segment.cache.size.max = 200MB (=209715200) (default)
2023-09-19 02:03:56,883 [e775f47d-b5dc-484c-be98-194b1f285975-groupManagement] INFO  server.RaftServerConfigKeys (ConfUtils.java:logGet(46)) - raft.server.log.appender.buffer.byte-limit = 33554432 (custom)
2023-09-19 02:03:56,883 [e775f47d-b5dc-484c-be98-194b1f285975-groupManagement] INFO  segmented.SegmentedRaftLogWorker (SegmentedRaftLogWorker.java:<init>(188)) - new e775f47d-b5dc-484c-be98-194b1f285975@group-2C9B274E37DA-SegmentedRaftLogWorker for RaftStorageImpl:Storage Directory /home/runner/work/ozone/ozone/hadoop-ozone/integration-test/target/test-dir/MiniOzoneClusterImpl-9bcb963b-3a30-483e-aad5-953c8710d6fd/datanode-4/data/ratis/a0d23749-ec8f-4058-bc29-2c9b274e37da
2023-09-19 02:03:56,883 [e775f47d-b5dc-484c-be98-194b1f285975-groupManagement] INFO  server.RaftServerConfigKeys (ConfUtils.java:logGet(46)) - raft.server.log.queue.byte-limit = 4294967296 (custom)
2023-09-19 02:03:56,883 [e775f47d-b5dc-484c-be98-194b1f285975-groupManagement] INFO  server.RaftServerConfigKeys (ConfUtils.java:logGet(46)) - raft.server.log.queue.element-limit = 1024 (custom)
2023-09-19 02:03:56,884 [e775f47d-b5dc-484c-be98-194b1f285975-groupManagement] INFO  server.RaftServerConfigKeys (ConfUtils.java:logGet(46)) - raft.server.log.segment.size.max = 1048576 (custom)
2023-09-19 02:03:56,884 [e775f47d-b5dc-484c-be98-194b1f285975-groupManagement] INFO  server.RaftServerConfigKeys (ConfUtils.java:logGet(46)) - raft.server.log.preallocated.size = 16384 (custom)
2023-09-19 02:03:56,884 [e775f47d-b5dc-484c-be98-194b1f285975-groupManagement] INFO  server.RaftServerConfigKeys (ConfUtils.java:logGet(46)) - raft.server.log.force.sync.num = 128 (default)
2023-09-19 02:03:56,884 [e775f47d-b5dc-484c-be98-194b1f285975-groupManagement] INFO  server.RaftServerConfigKeys (ConfUtils.java:logGet(46)) - raft.server.log.statemachine.data.sync = true (default)
2023-09-19 02:03:56,884 [e775f47d-b5dc-484c-be98-194b1f285975-groupManagement] INFO  server.RaftServerConfigKeys (ConfUtils.java:logGet(46)) - raft.server.log.statemachine.data.sync.timeout = 10s (default)
2023-09-19 02:03:56,884 [e775f47d-b5dc-484c-be98-194b1f285975-groupManagement] INFO  server.RaftServerConfigKeys (ConfUtils.java:logGet(46)) - raft.server.log.statemachine.data.sync.timeout.retry = -1 (default)
2023-09-19 02:03:56,884 [EventQueue-PipelineReportForPipelineReportHandler] INFO  pipeline.PipelineReportHandler (PipelineReportHandler.java:processPipelineReport(136)) - Opened pipeline PipelineID=a0d23749-ec8f-4058-bc29-2c9b274e37da
2023-09-19 02:03:56,884 [EventQueue-OpenPipelineForHealthyPipelineSafeModeRule] INFO  safemode.SCMSafeModeManager (HealthyPipelineSafeModeRule.java:process(137)) - SCM in safe mode. Healthy pipelines reported count is 0, required healthy pipeline reported count is 1
2023-09-19 02:03:56,888 [e775f47d-b5dc-484c-be98-194b1f285975-groupManagement] INFO  server.RaftServerConfigKeys (ConfUtils.java:logGet(46)) - raft.server.log.write.buffer.size = 1048576 (custom)
2023-09-19 02:03:56,889 [e775f47d-b5dc-484c-be98-194b1f285975-groupManagement] INFO  server.RaftServerConfigKeys (ConfUtils.java:logGet(46)) - raft.server.log.appender.buffer.byte-limit = 33554432 (custom)
2023-09-19 02:03:56,902 [e775f47d-b5dc-484c-be98-194b1f285975-groupManagement] INFO  server.RaftServerConfigKeys (ConfUtils.java:logGet(46)) - raft.server.log.unsafe-flush.enabled = false (default)
2023-09-19 02:03:56,902 [e775f47d-b5dc-484c-be98-194b1f285975-groupManagement] INFO  server.RaftServerConfigKeys (ConfUtils.java:logGet(46)) - raft.server.log.async-flush.enabled = false (default)
2023-09-19 02:03:56,902 [e775f47d-b5dc-484c-be98-194b1f285975-groupManagement] INFO  server.RaftServerConfigKeys (ConfUtils.java:logGet(46)) - raft.server.log.statemachine.data.caching.enabled = true (custom)
2023-09-19 02:03:56,902 [e775f47d-b5dc-484c-be98-194b1f285975-groupManagement] INFO  segmented.SegmentedRaftLogWorker (SegmentedRaftLogWorker.java:lambda$new$0(135)) - e775f47d-b5dc-484c-be98-194b1f285975@group-2C9B274E37DA-SegmentedRaftLogWorker: flushIndex: setUnconditionally 0 -> -1
2023-09-19 02:03:56,902 [e775f47d-b5dc-484c-be98-194b1f285975-groupManagement] INFO  segmented.SegmentedRaftLogWorker (SegmentedRaftLogWorker.java:lambda$new$0(135)) - e775f47d-b5dc-484c-be98-194b1f285975@group-2C9B274E37DA-SegmentedRaftLogWorker: safeCacheEvictIndex: setUnconditionally 0 -> -1
2023-09-19 02:03:56,903 [e775f47d-b5dc-484c-be98-194b1f285975-groupManagement] INFO  server.RaftServer$Division (RaftServerImpl.java:start(342)) - e775f47d-b5dc-484c-be98-194b1f285975@group-2C9B274E37DA: start as a follower, conf=-1: peers:[e775f47d-b5dc-484c-be98-194b1f285975|rpc:10.1.0.29:15050|admin:10.1.0.29:15049|client:10.1.0.29:15048|dataStream:10.1.0.29:15051|priority:1|startupRole:FOLLOWER]|listeners:[], old=null
2023-09-19 02:03:56,903 [e775f47d-b5dc-484c-be98-194b1f285975-groupManagement] INFO  server.RaftServer$Division (RaftServerImpl.java:setRole(329)) - e775f47d-b5dc-484c-be98-194b1f285975@group-2C9B274E37DA: changes role from      null to FOLLOWER at term 0 for startAsFollower
2023-09-19 02:03:56,903 [e775f47d-b5dc-484c-be98-194b1f285975-groupManagement] INFO  impl.RoleInfo (RoleInfo.java:updateAndGet(139)) - e775f47d-b5dc-484c-be98-194b1f285975: start e775f47d-b5dc-484c-be98-194b1f285975@group-2C9B274E37DA-FollowerState
2023-09-19 02:03:56,903 [e775f47d-b5dc-484c-be98-194b1f285975-groupManagement] INFO  util.JmxRegister (JmxRegister.java:tryRegister(44)) - Successfully registered JMX Bean with object name Ratis:service=RaftServer,group=group-2C9B274E37DA,id=e775f47d-b5dc-484c-be98-194b1f285975
2023-09-19 02:03:56,903 [e775f47d-b5dc-484c-be98-194b1f285975-groupManagement] INFO  server.RaftServerConfigKeys (ConfUtils.java:logGet(46)) - raft.server.snapshot.auto.trigger.enabled = true (custom)
2023-09-19 02:03:56,903 [e775f47d-b5dc-484c-be98-194b1f285975-groupManagement] INFO  server.RaftServerConfigKeys (ConfUtils.java:logGet(46)) - raft.server.snapshot.auto.trigger.threshold = 10000 (custom)
2023-09-19 02:03:56,903 [e775f47d-b5dc-484c-be98-194b1f285975-groupManagement] INFO  server.RaftServerConfigKeys (ConfUtils.java:logGet(46)) - raft.server.snapshot.retention.file.num = 5 (custom)
2023-09-19 02:03:56,904 [e775f47d-b5dc-484c-be98-194b1f285975-groupManagement] INFO  server.RaftServerConfigKeys (ConfUtils.java:logGet(46)) - raft.server.log.purge.upto.snapshot.index = false (default)
2023-09-19 02:03:56,904 [e775f47d-b5dc-484c-be98-194b1f285975@group-2C9B274E37DA-FollowerState] INFO  server.RaftServerConfigKeys (ConfUtils.java:logFallback(53)) - raft.server.rpc.first-election.timeout.min = 5s (fallback to raft.server.rpc.timeout.min)
2023-09-19 02:03:56,904 [e775f47d-b5dc-484c-be98-194b1f285975@group-2C9B274E37DA-FollowerState] INFO  server.RaftServerConfigKeys (ConfUtils.java:logFallback(53)) - raft.server.rpc.first-election.timeout.max = 5200ms (fallback to raft.server.rpc.timeout.max)
2023-09-19 02:03:56,906 [PipelineCommandHandlerThread-0] INFO  ratis.XceiverServerRatis (XceiverServerRatis.java:addGroup(804)) - Created group PipelineID=a0d23749-ec8f-4058-bc29-2c9b274e37da
2023-09-19 02:03:56,906 [PipelineCommandHandlerThread-0] INFO  commandhandler.CreatePipelineCommandHandler (CreatePipelineCommandHandler.java:lambda$handle$2(124)) - Created Pipeline RATIS ONE PipelineID=a0d23749-ec8f-4058-bc29-2c9b274e37da.
2023-09-19 02:03:57,864 [main] INFO  ozone.MiniOzoneClusterImpl (MiniOzoneClusterImpl.java:lambda$waitForClusterToBeReady$0(224)) - Nodes are ready. Got 5 of 5 DN Heartbeats.
2023-09-19 02:03:57,864 [main] INFO  ozone.MiniOzoneClusterImpl (MiniOzoneClusterImpl.java:lambda$waitForClusterToBeReady$0(227)) - Waiting for cluster to exit safe mode
2023-09-19 02:03:57,864 [main] INFO  ozone.MiniOzoneClusterImpl (MiniOzoneClusterImpl.java:lambda$waitForClusterToBeReady$0(229)) - SCM became leader
2023-09-19 02:03:58,865 [main] INFO  ozone.MiniOzoneClusterImpl (MiniOzoneClusterImpl.java:lambda$waitForClusterToBeReady$0(224)) - Nodes are ready. Got 5 of 5 DN Heartbeats.
2023-09-19 02:03:58,865 [main] INFO  ozone.MiniOzoneClusterImpl (MiniOzoneClusterImpl.java:lambda$waitForClusterToBeReady$0(227)) - Waiting for cluster to exit safe mode
2023-09-19 02:03:58,865 [main] INFO  ozone.MiniOzoneClusterImpl (MiniOzoneClusterImpl.java:lambda$waitForClusterToBeReady$0(229)) - SCM became leader
2023-09-19 02:03:59,865 [main] INFO  ozone.MiniOzoneClusterImpl (MiniOzoneClusterImpl.java:lambda$waitForClusterToBeReady$0(224)) - Nodes are ready. Got 5 of 5 DN Heartbeats.
2023-09-19 02:03:59,866 [main] INFO  ozone.MiniOzoneClusterImpl (MiniOzoneClusterImpl.java:lambda$waitForClusterToBeReady$0(227)) - Waiting for cluster to exit safe mode
2023-09-19 02:03:59,866 [main] INFO  ozone.MiniOzoneClusterImpl (MiniOzoneClusterImpl.java:lambda$waitForClusterToBeReady$0(229)) - SCM became leader
2023-09-19 02:04:00,507 [b1558ce8-bc2f-4c62-aaec-0278e14522f1@group-1146A680FE5E-FollowerState] INFO  impl.FollowerState (FollowerState.java:run(143)) - b1558ce8-bc2f-4c62-aaec-0278e14522f1@group-1146A680FE5E-FollowerState: change to CANDIDATE, lastRpcElapsedTime:5045780762ns, electionTimeout:5044ms
2023-09-19 02:04:00,508 [b1558ce8-bc2f-4c62-aaec-0278e14522f1@group-1146A680FE5E-FollowerState] INFO  impl.RoleInfo (RoleInfo.java:shutdownFollowerState(110)) - b1558ce8-bc2f-4c62-aaec-0278e14522f1: shutdown b1558ce8-bc2f-4c62-aaec-0278e14522f1@group-1146A680FE5E-FollowerState
2023-09-19 02:04:00,508 [b1558ce8-bc2f-4c62-aaec-0278e14522f1@group-1146A680FE5E-FollowerState] INFO  server.RaftServer$Division (RaftServerImpl.java:setRole(329)) - b1558ce8-bc2f-4c62-aaec-0278e14522f1@group-1146A680FE5E: changes role from  FOLLOWER to CANDIDATE at term 0 for changeToCandidate
2023-09-19 02:04:00,509 [b1558ce8-bc2f-4c62-aaec-0278e14522f1@group-1146A680FE5E-FollowerState] INFO  server.RaftServerConfigKeys (ConfUtils.java:logGet(46)) - raft.server.leaderelection.pre-vote = true (default)
2023-09-19 02:04:00,509 [b1558ce8-bc2f-4c62-aaec-0278e14522f1@group-1146A680FE5E-FollowerState] INFO  impl.RoleInfo (RoleInfo.java:updateAndGet(139)) - b1558ce8-bc2f-4c62-aaec-0278e14522f1: start b1558ce8-bc2f-4c62-aaec-0278e14522f1@group-1146A680FE5E-LeaderElection2
2023-09-19 02:04:00,515 [b1558ce8-bc2f-4c62-aaec-0278e14522f1@group-1146A680FE5E-LeaderElection2] INFO  impl.LeaderElection (LeaderElection.java:askForVotes(321)) - b1558ce8-bc2f-4c62-aaec-0278e14522f1@group-1146A680FE5E-LeaderElection2 PRE_VOTE round 0: submit vote requests at term 0 for -1: peers:[b1558ce8-bc2f-4c62-aaec-0278e14522f1|rpc:10.1.0.29:15014|admin:10.1.0.29:15013|client:10.1.0.29:15012|dataStream:10.1.0.29:15015|priority:1|startupRole:FOLLOWER]|listeners:[], old=null
2023-09-19 02:04:00,516 [b1558ce8-bc2f-4c62-aaec-0278e14522f1@group-1146A680FE5E-LeaderElection2] INFO  impl.LeaderElection (LeaderElection.java:askForVotes(323)) - b1558ce8-bc2f-4c62-aaec-0278e14522f1@group-1146A680FE5E-LeaderElection2 PRE_VOTE round 0: result PASSED (term=0)
2023-09-19 02:04:00,517 [b1558ce8-bc2f-4c62-aaec-0278e14522f1@group-1146A680FE5E-LeaderElection2] INFO  impl.LeaderElection (LeaderElection.java:askForVotes(321)) - b1558ce8-bc2f-4c62-aaec-0278e14522f1@group-1146A680FE5E-LeaderElection2 ELECTION round 0: submit vote requests at term 1 for -1: peers:[b1558ce8-bc2f-4c62-aaec-0278e14522f1|rpc:10.1.0.29:15014|admin:10.1.0.29:15013|client:10.1.0.29:15012|dataStream:10.1.0.29:15015|priority:1|startupRole:FOLLOWER]|listeners:[], old=null
2023-09-19 02:04:00,517 [b1558ce8-bc2f-4c62-aaec-0278e14522f1@group-1146A680FE5E-LeaderElection2] INFO  impl.LeaderElection (LeaderElection.java:askForVotes(323)) - b1558ce8-bc2f-4c62-aaec-0278e14522f1@group-1146A680FE5E-LeaderElection2 ELECTION round 0: result PASSED (term=1)
2023-09-19 02:04:00,517 [b1558ce8-bc2f-4c62-aaec-0278e14522f1@group-1146A680FE5E-LeaderElection2] INFO  impl.RoleInfo (RoleInfo.java:shutdownLeaderElection(130)) - b1558ce8-bc2f-4c62-aaec-0278e14522f1: shutdown b1558ce8-bc2f-4c62-aaec-0278e14522f1@group-1146A680FE5E-LeaderElection2
2023-09-19 02:04:00,517 [b1558ce8-bc2f-4c62-aaec-0278e14522f1@group-1146A680FE5E-LeaderElection2] INFO  server.RaftServer$Division (RaftServerImpl.java:setRole(329)) - b1558ce8-bc2f-4c62-aaec-0278e14522f1@group-1146A680FE5E: changes role from CANDIDATE to LEADER at term 1 for changeToLeader
2023-09-19 02:04:00,517 [b1558ce8-bc2f-4c62-aaec-0278e14522f1@group-1146A680FE5E-LeaderElection2] INFO  ratis.XceiverServerRatis (XceiverServerRatis.java:handleLeaderChangedNotification(902)) - Leader change notification received for group: group-1146A680FE5E with new leaderId: b1558ce8-bc2f-4c62-aaec-0278e14522f1
2023-09-19 02:04:00,518 [b1558ce8-bc2f-4c62-aaec-0278e14522f1@group-1146A680FE5E-LeaderElection2] INFO  server.RaftServer$Division (ServerState.java:setLeader(317)) - b1558ce8-bc2f-4c62-aaec-0278e14522f1@group-1146A680FE5E: change Leader from null to b1558ce8-bc2f-4c62-aaec-0278e14522f1 at term 1 for becomeLeader, leader elected after 5082ms
2023-09-19 02:04:00,518 [b1558ce8-bc2f-4c62-aaec-0278e14522f1@group-1146A680FE5E-LeaderElection2] INFO  server.RaftServerConfigKeys (ConfUtils.java:logGet(46)) - raft.server.staging.catchup.gap = 1000 (default)
2023-09-19 02:04:00,519 [b1558ce8-bc2f-4c62-aaec-0278e14522f1@group-1146A680FE5E-LeaderElection2] INFO  server.RaftServerConfigKeys (ConfUtils.java:logGet(46)) - raft.server.write.element-limit = 1024 (custom)
2023-09-19 02:04:00,519 [b1558ce8-bc2f-4c62-aaec-0278e14522f1@group-1146A680FE5E-LeaderElection2] INFO  server.RaftServerConfigKeys (ConfUtils.java:logGet(46)) - raft.server.write.byte-limit = 1024 M (=1073741824) (custom)
2023-09-19 02:04:00,519 [b1558ce8-bc2f-4c62-aaec-0278e14522f1@group-1146A680FE5E-LeaderElection2] INFO  server.RaftServerConfigKeys (ConfUtils.java:logGet(46)) - raft.server.watch.timeout = 180s (custom)
2023-09-19 02:04:00,519 [b1558ce8-bc2f-4c62-aaec-0278e14522f1@group-1146A680FE5E-LeaderElection2] INFO  server.RaftServerConfigKeys (ConfUtils.java:logGet(46)) - raft.server.watch.timeout.denomination = 1s (default)
2023-09-19 02:04:00,519 [b1558ce8-bc2f-4c62-aaec-0278e14522f1@group-1146A680FE5E-LeaderElection2] INFO  server.RaftServerConfigKeys (ConfUtils.java:logGet(46)) - raft.server.watch.element-limit = 65536 (default)
2023-09-19 02:04:00,519 [b1558ce8-bc2f-4c62-aaec-0278e14522f1@group-1146A680FE5E-LeaderElection2] INFO  server.RaftServerConfigKeys (ConfUtils.java:logGet(46)) - raft.server.write.element-limit = 1024 (custom)
2023-09-19 02:04:00,519 [b1558ce8-bc2f-4c62-aaec-0278e14522f1@group-1146A680FE5E-LeaderElection2] INFO  server.RaftServerConfigKeys (ConfUtils.java:logGet(46)) - raft.server.write.follower.gap.ratio.max = -1.0 (default)
2023-09-19 02:04:00,520 [b1558ce8-bc2f-4c62-aaec-0278e14522f1@group-1146A680FE5E-LeaderElection2] INFO  impl.RoleInfo (RoleInfo.java:updateAndGet(139)) - b1558ce8-bc2f-4c62-aaec-0278e14522f1: start b1558ce8-bc2f-4c62-aaec-0278e14522f1@group-1146A680FE5E-LeaderStateImpl
2023-09-19 02:04:00,520 [b1558ce8-bc2f-4c62-aaec-0278e14522f1@group-1146A680FE5E-LeaderElection2] INFO  segmented.SegmentedRaftLogWorker (SegmentedRaftLogWorker.java:startLogSegment(447)) - b1558ce8-bc2f-4c62-aaec-0278e14522f1@group-1146A680FE5E-SegmentedRaftLogWorker: Starting segment from index:0
2023-09-19 02:04:00,520 [EventQueue-OpenPipelineForHealthyPipelineSafeModeRule] INFO  safemode.SCMSafeModeManager (HealthyPipelineSafeModeRule.java:process(137)) - SCM in safe mode. Healthy pipelines reported count is 0, required healthy pipeline reported count is 1
2023-09-19 02:04:00,521 [b1558ce8-bc2f-4c62-aaec-0278e14522f1@group-1146A680FE5E-SegmentedRaftLogWorker] INFO  segmented.SegmentedRaftLogWorker (SegmentedRaftLogWorker.java:execute(651)) - b1558ce8-bc2f-4c62-aaec-0278e14522f1@group-1146A680FE5E-SegmentedRaftLogWorker: created new log segment /home/runner/work/ozone/ozone/hadoop-ozone/integration-test/target/test-dir/MiniOzoneClusterImpl-9bcb963b-3a30-483e-aad5-953c8710d6fd/datanode-0/data/ratis/0461f910-1f31-4137-864d-1146a680fe5e/current/log_inprogress_0
2023-09-19 02:04:00,531 [b1558ce8-bc2f-4c62-aaec-0278e14522f1@group-1146A680FE5E-LeaderElection2] INFO  server.RaftServer$Division (ServerState.java:setRaftConf(434)) - b1558ce8-bc2f-4c62-aaec-0278e14522f1@group-1146A680FE5E: set configuration 0: peers:[b1558ce8-bc2f-4c62-aaec-0278e14522f1|rpc:10.1.0.29:15014|admin:10.1.0.29:15013|client:10.1.0.29:15012|dataStream:10.1.0.29:15015|priority:1|startupRole:FOLLOWER]|listeners:[], old=null
2023-09-19 02:04:00,567 [b1558ce8-bc2f-4c62-aaec-0278e14522f1@group-1453E47972AB-FollowerState] INFO  impl.FollowerState (FollowerState.java:run(143)) - b1558ce8-bc2f-4c62-aaec-0278e14522f1@group-1453E47972AB-FollowerState: change to CANDIDATE, lastRpcElapsedTime:5068648187ns, electionTimeout:5059ms
2023-09-19 02:04:00,568 [b1558ce8-bc2f-4c62-aaec-0278e14522f1@group-1453E47972AB-FollowerState] INFO  impl.RoleInfo (RoleInfo.java:shutdownFollowerState(110)) - b1558ce8-bc2f-4c62-aaec-0278e14522f1: shutdown b1558ce8-bc2f-4c62-aaec-0278e14522f1@group-1453E47972AB-FollowerState
2023-09-19 02:04:00,568 [b1558ce8-bc2f-4c62-aaec-0278e14522f1@group-1453E47972AB-FollowerState] INFO  server.RaftServer$Division (RaftServerImpl.java:setRole(329)) - b1558ce8-bc2f-4c62-aaec-0278e14522f1@group-1453E47972AB: changes role from  FOLLOWER to CANDIDATE at term 0 for changeToCandidate
2023-09-19 02:04:00,569 [b1558ce8-bc2f-4c62-aaec-0278e14522f1@group-1453E47972AB-FollowerState] INFO  server.RaftServerConfigKeys (ConfUtils.java:logGet(46)) - raft.server.leaderelection.pre-vote = true (default)
2023-09-19 02:04:00,569 [b1558ce8-bc2f-4c62-aaec-0278e14522f1@group-1453E47972AB-FollowerState] INFO  impl.RoleInfo (RoleInfo.java:updateAndGet(139)) - b1558ce8-bc2f-4c62-aaec-0278e14522f1: start b1558ce8-bc2f-4c62-aaec-0278e14522f1@group-1453E47972AB-LeaderElection3
2023-09-19 02:04:00,574 [b1558ce8-bc2f-4c62-aaec-0278e14522f1@group-1453E47972AB-LeaderElection3] INFO  impl.LeaderElection (LeaderElection.java:askForVotes(321)) - b1558ce8-bc2f-4c62-aaec-0278e14522f1@group-1453E47972AB-LeaderElection3 PRE_VOTE round 0: submit vote requests at term 0 for -1: peers:[b1558ce8-bc2f-4c62-aaec-0278e14522f1|rpc:10.1.0.29:15014|admin:10.1.0.29:15013|client:10.1.0.29:15012|dataStream:10.1.0.29:15015|priority:1|startupRole:FOLLOWER, 3d8e742d-6d38-4fa1-811b-6a8dd626afd2|rpc:10.1.0.29:15023|admin:10.1.0.29:15022|client:10.1.0.29:15021|dataStream:10.1.0.29:15024|priority:0|startupRole:FOLLOWER, 251b4ee7-4683-41e7-a4df-609a9bc3ccca|rpc:10.1.0.29:15032|admin:10.1.0.29:15031|client:10.1.0.29:15030|dataStream:10.1.0.29:15033|priority:0|startupRole:FOLLOWER]|listeners:[], old=null
2023-09-19 02:04:00,580 [b1558ce8-bc2f-4c62-aaec-0278e14522f1@group-1453E47972AB-LeaderElection3] INFO  server.RaftServerConfigKeys (ConfUtils.java:logFallback(53)) - raft.server.rpc.first-election.timeout.min = 5s (fallback to raft.server.rpc.timeout.min)
2023-09-19 02:04:00,580 [b1558ce8-bc2f-4c62-aaec-0278e14522f1@group-1453E47972AB-LeaderElection3] INFO  server.RaftServerConfigKeys (ConfUtils.java:logFallback(53)) - raft.server.rpc.first-election.timeout.max = 5200ms (fallback to raft.server.rpc.timeout.max)
2023-09-19 02:04:00,583 [b1558ce8-bc2f-4c62-aaec-0278e14522f1@group-1453E47972AB-LeaderElection3-1] INFO  server.GrpcServerProtocolClient (GrpcServerProtocolClient.java:<init>(65)) - Build channel for 3d8e742d-6d38-4fa1-811b-6a8dd626afd2
2023-09-19 02:04:00,583 [b1558ce8-bc2f-4c62-aaec-0278e14522f1@group-1453E47972AB-LeaderElection3-2] INFO  server.GrpcServerProtocolClient (GrpcServerProtocolClient.java:<init>(65)) - Build channel for 251b4ee7-4683-41e7-a4df-609a9bc3ccca
2023-09-19 02:04:00,603 [grpc-default-executor-1] INFO  server.RaftServer$Division (RaftServerImpl.java:requestVote(1302)) - 3d8e742d-6d38-4fa1-811b-6a8dd626afd2@group-1453E47972AB: receive requestVote(PRE_VOTE, b1558ce8-bc2f-4c62-aaec-0278e14522f1, group-1453E47972AB, 0, (t:0, i:0))
2023-09-19 02:04:00,605 [grpc-default-executor-1] INFO  impl.VoteContext (VoteContext.java:log(49)) - 3d8e742d-6d38-4fa1-811b-6a8dd626afd2@group-1453E47972AB-FOLLOWER: accept PRE_VOTE from b1558ce8-bc2f-4c62-aaec-0278e14522f1: our priority 0 <= candidate's priority 1
2023-09-19 02:04:00,609 [grpc-default-executor-1] INFO  server.RaftServer$Division (RaftServerImpl.java:requestVote(1335)) - 3d8e742d-6d38-4fa1-811b-6a8dd626afd2@group-1453E47972AB replies to PRE_VOTE vote request: b1558ce8-bc2f-4c62-aaec-0278e14522f1<-3d8e742d-6d38-4fa1-811b-6a8dd626afd2#0:OK-t0. Peer's state: 3d8e742d-6d38-4fa1-811b-6a8dd626afd2@group-1453E47972AB:t0, leader=null, voted=, raftlog=Memoized:3d8e742d-6d38-4fa1-811b-6a8dd626afd2@group-1453E47972AB-SegmentedRaftLog:OPENED:c-1, conf=-1: peers:[b1558ce8-bc2f-4c62-aaec-0278e14522f1|rpc:10.1.0.29:15014|admin:10.1.0.29:15013|client:10.1.0.29:15012|dataStream:10.1.0.29:15015|priority:1|startupRole:FOLLOWER, 3d8e742d-6d38-4fa1-811b-6a8dd626afd2|rpc:10.1.0.29:15023|admin:10.1.0.29:15022|client:10.1.0.29:15021|dataStream:10.1.0.29:15024|priority:0|startupRole:FOLLOWER, 251b4ee7-4683-41e7-a4df-609a9bc3ccca|rpc:10.1.0.29:15032|admin:10.1.0.29:15031|client:10.1.0.29:15030|dataStream:10.1.0.29:15033|priority:0|startupRole:FOLLOWER]|listeners:[], old=null
2023-09-19 02:04:00,613 [b1558ce8-bc2f-4c62-aaec-0278e14522f1@group-1453E47972AB-LeaderElection3] INFO  impl.LeaderElection (LeaderElection.java:logAndReturn(90)) - b1558ce8-bc2f-4c62-aaec-0278e14522f1@group-1453E47972AB-LeaderElection3: PRE_VOTE PASSED received 1 response(s) and 0 exception(s):
2023-09-19 02:04:00,613 [b1558ce8-bc2f-4c62-aaec-0278e14522f1@group-1453E47972AB-LeaderElection3] INFO  impl.LeaderElection (LeaderElection.java:logAndReturn(94)) -   Response 0: b1558ce8-bc2f-4c62-aaec-0278e14522f1<-3d8e742d-6d38-4fa1-811b-6a8dd626afd2#0:OK-t0
2023-09-19 02:04:00,613 [b1558ce8-bc2f-4c62-aaec-0278e14522f1@group-1453E47972AB-LeaderElection3] INFO  impl.LeaderElection (LeaderElection.java:askForVotes(323)) - b1558ce8-bc2f-4c62-aaec-0278e14522f1@group-1453E47972AB-LeaderElection3 PRE_VOTE round 0: result PASSED
2023-09-19 02:04:00,615 [b1558ce8-bc2f-4c62-aaec-0278e14522f1@group-1453E47972AB-LeaderElection3] INFO  impl.LeaderElection (LeaderElection.java:askForVotes(321)) - b1558ce8-bc2f-4c62-aaec-0278e14522f1@group-1453E47972AB-LeaderElection3 ELECTION round 0: submit vote requests at term 1 for -1: peers:[b1558ce8-bc2f-4c62-aaec-0278e14522f1|rpc:10.1.0.29:15014|admin:10.1.0.29:15013|client:10.1.0.29:15012|dataStream:10.1.0.29:15015|priority:1|startupRole:FOLLOWER, 3d8e742d-6d38-4fa1-811b-6a8dd626afd2|rpc:10.1.0.29:15023|admin:10.1.0.29:15022|client:10.1.0.29:15021|dataStream:10.1.0.29:15024|priority:0|startupRole:FOLLOWER, 251b4ee7-4683-41e7-a4df-609a9bc3ccca|rpc:10.1.0.29:15032|admin:10.1.0.29:15031|client:10.1.0.29:15030|dataStream:10.1.0.29:15033|priority:0|startupRole:FOLLOWER]|listeners:[], old=null
2023-09-19 02:04:00,616 [b1558ce8-bc2f-4c62-aaec-0278e14522f1@group-1453E47972AB-LeaderElection3] INFO  server.RaftServerConfigKeys (ConfUtils.java:logFallback(53)) - raft.server.rpc.first-election.timeout.min = 5s (fallback to raft.server.rpc.timeout.min)
2023-09-19 02:04:00,616 [b1558ce8-bc2f-4c62-aaec-0278e14522f1@group-1453E47972AB-LeaderElection3] INFO  server.RaftServerConfigKeys (ConfUtils.java:logFallback(53)) - raft.server.rpc.first-election.timeout.max = 5200ms (fallback to raft.server.rpc.timeout.max)
2023-09-19 02:04:00,627 [grpc-default-executor-1] INFO  server.RaftServer$Division (RaftServerImpl.java:requestVote(1302)) - 3d8e742d-6d38-4fa1-811b-6a8dd626afd2@group-1453E47972AB: receive requestVote(ELECTION, b1558ce8-bc2f-4c62-aaec-0278e14522f1, group-1453E47972AB, 1, (t:0, i:0))
2023-09-19 02:04:00,628 [grpc-default-executor-1] INFO  impl.VoteContext (VoteContext.java:log(49)) - 3d8e742d-6d38-4fa1-811b-6a8dd626afd2@group-1453E47972AB-FOLLOWER: accept ELECTION from b1558ce8-bc2f-4c62-aaec-0278e14522f1: our priority 0 <= candidate's priority 1
2023-09-19 02:04:00,628 [grpc-default-executor-1] INFO  server.RaftServer$Division (RaftServerImpl.java:setRole(329)) - 3d8e742d-6d38-4fa1-811b-6a8dd626afd2@group-1453E47972AB: changes role from  FOLLOWER to FOLLOWER at term 1 for candidate:b1558ce8-bc2f-4c62-aaec-0278e14522f1
2023-09-19 02:04:00,628 [grpc-default-executor-1] INFO  impl.RoleInfo (RoleInfo.java:shutdownFollowerState(110)) - 3d8e742d-6d38-4fa1-811b-6a8dd626afd2: shutdown 3d8e742d-6d38-4fa1-811b-6a8dd626afd2@group-1453E47972AB-FollowerState
2023-09-19 02:04:00,628 [grpc-default-executor-0] INFO  server.RaftServer$Division (RaftServerImpl.java:requestVote(1302)) - 251b4ee7-4683-41e7-a4df-609a9bc3ccca@group-1453E47972AB: receive requestVote(PRE_VOTE, b1558ce8-bc2f-4c62-aaec-0278e14522f1, group-1453E47972AB, 0, (t:0, i:0))
2023-09-19 02:04:00,629 [grpc-default-executor-1] INFO  impl.RoleInfo (RoleInfo.java:updateAndGet(139)) - 3d8e742d-6d38-4fa1-811b-6a8dd626afd2: start 3d8e742d-6d38-4fa1-811b-6a8dd626afd2@group-1453E47972AB-FollowerState
2023-09-19 02:04:00,629 [3d8e742d-6d38-4fa1-811b-6a8dd626afd2@group-1453E47972AB-FollowerState] INFO  impl.FollowerState (FollowerState.java:run(152)) - 3d8e742d-6d38-4fa1-811b-6a8dd626afd2@group-1453E47972AB-FollowerState was interrupted
2023-09-19 02:04:00,629 [grpc-default-executor-0] INFO  impl.VoteContext (VoteContext.java:log(49)) - 251b4ee7-4683-41e7-a4df-609a9bc3ccca@group-1453E47972AB-FOLLOWER: accept PRE_VOTE from b1558ce8-bc2f-4c62-aaec-0278e14522f1: our priority 0 <= candidate's priority 1
2023-09-19 02:04:00,630 [grpc-default-executor-0] INFO  server.RaftServer$Division (RaftServerImpl.java:requestVote(1335)) - 251b4ee7-4683-41e7-a4df-609a9bc3ccca@group-1453E47972AB replies to PRE_VOTE vote request: b1558ce8-bc2f-4c62-aaec-0278e14522f1<-251b4ee7-4683-41e7-a4df-609a9bc3ccca#0:OK-t0. Peer's state: 251b4ee7-4683-41e7-a4df-609a9bc3ccca@group-1453E47972AB:t0, leader=null, voted=, raftlog=Memoized:251b4ee7-4683-41e7-a4df-609a9bc3ccca@group-1453E47972AB-SegmentedRaftLog:OPENED:c-1, conf=-1: peers:[b1558ce8-bc2f-4c62-aaec-0278e14522f1|rpc:10.1.0.29:15014|admin:10.1.0.29:15013|client:10.1.0.29:15012|dataStream:10.1.0.29:15015|priority:1|startupRole:FOLLOWER, 3d8e742d-6d38-4fa1-811b-6a8dd626afd2|rpc:10.1.0.29:15023|admin:10.1.0.29:15022|client:10.1.0.29:15021|dataStream:10.1.0.29:15024|priority:0|startupRole:FOLLOWER, 251b4ee7-4683-41e7-a4df-609a9bc3ccca|rpc:10.1.0.29:15032|admin:10.1.0.29:15031|client:10.1.0.29:15030|dataStream:10.1.0.29:15033|priority:0|startupRole:FOLLOWER]|listeners:[], old=null
2023-09-19 02:04:00,631 [grpc-default-executor-2] INFO  server.RaftServer$Division (RaftServerImpl.java:requestVote(1302)) - 251b4ee7-4683-41e7-a4df-609a9bc3ccca@group-1453E47972AB: receive requestVote(ELECTION, b1558ce8-bc2f-4c62-aaec-0278e14522f1, group-1453E47972AB, 1, (t:0, i:0))
2023-09-19 02:04:00,640 [grpc-default-executor-2] INFO  impl.VoteContext (VoteContext.java:log(49)) - 251b4ee7-4683-41e7-a4df-609a9bc3ccca@group-1453E47972AB-FOLLOWER: accept ELECTION from b1558ce8-bc2f-4c62-aaec-0278e14522f1: our priority 0 <= candidate's priority 1
2023-09-19 02:04:00,640 [grpc-default-executor-2] INFO  server.RaftServer$Division (RaftServerImpl.java:setRole(329)) - 251b4ee7-4683-41e7-a4df-609a9bc3ccca@group-1453E47972AB: changes role from  FOLLOWER to FOLLOWER at term 1 for candidate:b1558ce8-bc2f-4c62-aaec-0278e14522f1
2023-09-19 02:04:00,640 [grpc-default-executor-2] INFO  impl.RoleInfo (RoleInfo.java:shutdownFollowerState(110)) - 251b4ee7-4683-41e7-a4df-609a9bc3ccca: shutdown 251b4ee7-4683-41e7-a4df-609a9bc3ccca@group-1453E47972AB-FollowerState
2023-09-19 02:04:00,640 [251b4ee7-4683-41e7-a4df-609a9bc3ccca@group-1453E47972AB-FollowerState] INFO  impl.FollowerState (FollowerState.java:run(152)) - 251b4ee7-4683-41e7-a4df-609a9bc3ccca@group-1453E47972AB-FollowerState was interrupted
2023-09-19 02:04:00,641 [grpc-default-executor-1] INFO  server.RaftServer$Division (RaftServerImpl.java:requestVote(1335)) - 3d8e742d-6d38-4fa1-811b-6a8dd626afd2@group-1453E47972AB replies to ELECTION vote request: b1558ce8-bc2f-4c62-aaec-0278e14522f1<-3d8e742d-6d38-4fa1-811b-6a8dd626afd2#0:OK-t1. Peer's state: 3d8e742d-6d38-4fa1-811b-6a8dd626afd2@group-1453E47972AB:t1, leader=null, voted=b1558ce8-bc2f-4c62-aaec-0278e14522f1, raftlog=Memoized:3d8e742d-6d38-4fa1-811b-6a8dd626afd2@group-1453E47972AB-SegmentedRaftLog:OPENED:c-1, conf=-1: peers:[b1558ce8-bc2f-4c62-aaec-0278e14522f1|rpc:10.1.0.29:15014|admin:10.1.0.29:15013|client:10.1.0.29:15012|dataStream:10.1.0.29:15015|priority:1|startupRole:FOLLOWER, 3d8e742d-6d38-4fa1-811b-6a8dd626afd2|rpc:10.1.0.29:15023|admin:10.1.0.29:15022|client:10.1.0.29:15021|dataStream:10.1.0.29:15024|priority:0|startupRole:FOLLOWER, 251b4ee7-4683-41e7-a4df-609a9bc3ccca|rpc:10.1.0.29:15032|admin:10.1.0.29:15031|client:10.1.0.29:15030|dataStream:10.1.0.29:15033|priority:0|startupRole:FOLLOWER]|listeners:[], old=null
2023-09-19 02:04:00,641 [grpc-default-executor-2] INFO  impl.RoleInfo (RoleInfo.java:updateAndGet(139)) - 251b4ee7-4683-41e7-a4df-609a9bc3ccca: start 251b4ee7-4683-41e7-a4df-609a9bc3ccca@group-1453E47972AB-FollowerState
2023-09-19 02:04:00,643 [b1558ce8-bc2f-4c62-aaec-0278e14522f1@group-1453E47972AB-LeaderElection3] INFO  impl.LeaderElection (LeaderElection.java:logAndReturn(90)) - b1558ce8-bc2f-4c62-aaec-0278e14522f1@group-1453E47972AB-LeaderElection3: ELECTION PASSED received 1 response(s) and 0 exception(s):
2023-09-19 02:04:00,645 [b1558ce8-bc2f-4c62-aaec-0278e14522f1@group-1453E47972AB-LeaderElection3] INFO  impl.LeaderElection (LeaderElection.java:logAndReturn(94)) -   Response 0: b1558ce8-bc2f-4c62-aaec-0278e14522f1<-3d8e742d-6d38-4fa1-811b-6a8dd626afd2#0:OK-t1
2023-09-19 02:04:00,645 [b1558ce8-bc2f-4c62-aaec-0278e14522f1@group-1453E47972AB-LeaderElection3] INFO  impl.LeaderElection (LeaderElection.java:askForVotes(323)) - b1558ce8-bc2f-4c62-aaec-0278e14522f1@group-1453E47972AB-LeaderElection3 ELECTION round 0: result PASSED
2023-09-19 02:04:00,645 [b1558ce8-bc2f-4c62-aaec-0278e14522f1@group-1453E47972AB-LeaderElection3] INFO  impl.RoleInfo (RoleInfo.java:shutdownLeaderElection(130)) - b1558ce8-bc2f-4c62-aaec-0278e14522f1: shutdown b1558ce8-bc2f-4c62-aaec-0278e14522f1@group-1453E47972AB-LeaderElection3
2023-09-19 02:04:00,645 [b1558ce8-bc2f-4c62-aaec-0278e14522f1@group-1453E47972AB-LeaderElection3] INFO  server.RaftServer$Division (RaftServerImpl.java:setRole(329)) - b1558ce8-bc2f-4c62-aaec-0278e14522f1@group-1453E47972AB: changes role from CANDIDATE to LEADER at term 1 for changeToLeader
2023-09-19 02:04:00,645 [b1558ce8-bc2f-4c62-aaec-0278e14522f1@group-1453E47972AB-LeaderElection3] INFO  ratis.XceiverServerRatis (XceiverServerRatis.java:handleLeaderChangedNotification(902)) - Leader change notification received for group: group-1453E47972AB with new leaderId: b1558ce8-bc2f-4c62-aaec-0278e14522f1
2023-09-19 02:04:00,645 [b1558ce8-bc2f-4c62-aaec-0278e14522f1@group-1453E47972AB-LeaderElection3] INFO  server.RaftServer$Division (ServerState.java:setLeader(317)) - b1558ce8-bc2f-4c62-aaec-0278e14522f1@group-1453E47972AB: change Leader from null to b1558ce8-bc2f-4c62-aaec-0278e14522f1 at term 1 for becomeLeader, leader elected after 5172ms
2023-09-19 02:04:00,644 [grpc-default-executor-2] INFO  server.RaftServer$Division (RaftServerImpl.java:requestVote(1335)) - 251b4ee7-4683-41e7-a4df-609a9bc3ccca@group-1453E47972AB replies to ELECTION vote request: b1558ce8-bc2f-4c62-aaec-0278e14522f1<-251b4ee7-4683-41e7-a4df-609a9bc3ccca#0:OK-t1. Peer's state: 251b4ee7-4683-41e7-a4df-609a9bc3ccca@group-1453E47972AB:t1, leader=null, voted=b1558ce8-bc2f-4c62-aaec-0278e14522f1, raftlog=Memoized:251b4ee7-4683-41e7-a4df-609a9bc3ccca@group-1453E47972AB-SegmentedRaftLog:OPENED:c-1, conf=-1: peers:[b1558ce8-bc2f-4c62-aaec-0278e14522f1|rpc:10.1.0.29:15014|admin:10.1.0.29:15013|client:10.1.0.29:15012|dataStream:10.1.0.29:15015|priority:1|startupRole:FOLLOWER, 3d8e742d-6d38-4fa1-811b-6a8dd626afd2|rpc:10.1.0.29:15023|admin:10.1.0.29:15022|client:10.1.0.29:15021|dataStream:10.1.0.29:15024|priority:0|startupRole:FOLLOWER, 251b4ee7-4683-41e7-a4df-609a9bc3ccca|rpc:10.1.0.29:15032|admin:10.1.0.29:15031|client:10.1.0.29:15030|dataStream:10.1.0.29:15033|priority:0|startupRole:FOLLOWER]|listeners:[], old=null
2023-09-19 02:04:00,649 [EventQueue-OpenPipelineForHealthyPipelineSafeModeRule] INFO  safemode.SCMSafeModeManager (HealthyPipelineSafeModeRule.java:process(137)) - SCM in safe mode. Healthy pipelines reported count is 0, required healthy pipeline reported count is 1
2023-09-19 02:04:00,649 [EventQueue-PipelineReportForPipelineReportHandler] INFO  pipeline.PipelineReportHandler (PipelineReportHandler.java:processPipelineReport(136)) - Opened pipeline PipelineID=abc722b4-335f-4297-be91-1453e47972ab
2023-09-19 02:04:00,652 [EventQueue-OpenPipelineForHealthyPipelineSafeModeRule] INFO  safemode.SCMSafeModeManager (HealthyPipelineSafeModeRule.java:process(137)) - SCM in safe mode. Healthy pipelines reported count is 1, required healthy pipeline reported count is 1
2023-09-19 02:04:00,652 [EventQueue-OpenPipelineForHealthyPipelineSafeModeRule] INFO  safemode.SCMSafeModeManager (SCMSafeModeManager.java:validateSafeModeExitRules(200)) - HealthyPipelineSafeModeRule rule is successfully validated
2023-09-19 02:04:00,652 [EventQueue-OpenPipelineForHealthyPipelineSafeModeRule] INFO  safemode.SCMSafeModeManager (SCMSafeModeManager.java:validateSafeModeExitRules(215)) - ScmSafeModeManager, all rules are successfully validated
2023-09-19 02:04:00,652 [EventQueue-OpenPipelineForHealthyPipelineSafeModeRule] INFO  safemode.SCMSafeModeManager (SCMSafeModeManager.java:exitSafeMode(244)) - SCM exiting safe mode.
2023-09-19 02:04:00,652 [EventQueue-OpenPipelineForHealthyPipelineSafeModeRule] INFO  ha.SCMContext (SCMContext.java:updateSafeModeStatus(228)) - Update SafeModeStatus from SafeModeStatus{safeModeStatus=true, preCheckPassed=true} to SafeModeStatus{safeModeStatus=false, preCheckPassed=true}.
2023-09-19 02:04:00,652 [EventQueue-OpenPipelineForHealthyPipelineSafeModeRule] INFO  pipeline.BackgroundPipelineCreator (BackgroundPipelineCreator.java:notifyStatusChanged(255)) - Service BackgroundPipelineCreator transitions to RUNNING.
2023-09-19 02:04:00,652 [EventQueue-OpenPipelineForHealthyPipelineSafeModeRule] INFO  BackgroundPipelineScrubber (BackgroundSCMService.java:notifyStatusChanged(82)) - Service BackgroundPipelineScrubber transitions to RUNNING.
2023-09-19 02:04:00,652 [EventQueue-OpenPipelineForHealthyPipelineSafeModeRule] INFO  ExpiredContainerReplicaOpScrubber (BackgroundSCMService.java:notifyStatusChanged(82)) - Service ExpiredContainerReplicaOpScrubber transitions to RUNNING.
2023-09-19 02:04:00,652 [EventQueue-OpenPipelineForHealthyPipelineSafeModeRule] INFO  replication.ReplicationManager (ReplicationManager.java:notifyStatusChanged(1370)) - Service ReplicationManager transitions to RUNNING.
2023-09-19 02:04:00,646 [b1558ce8-bc2f-4c62-aaec-0278e14522f1@group-1453E47972AB-LeaderElection3] INFO  server.RaftServerConfigKeys (ConfUtils.java:logGet(46)) - raft.server.staging.catchup.gap = 1000 (default)
2023-09-19 02:04:00,657 [EventQueue-OpenPipelineForHealthyPipelineSafeModeRule] WARN  balancer.ContainerBalancer (ContainerBalancer.java:shouldRun(134)) - Could not find persisted configuration for ContainerBalancer when checking if ContainerBalancer should run. ContainerBalancer should not run now.
2023-09-19 02:04:00,657 [b1558ce8-bc2f-4c62-aaec-0278e14522f1@group-1453E47972AB-LeaderElection3] INFO  server.RaftServerConfigKeys (ConfUtils.java:logGet(46)) - raft.server.write.element-limit = 1024 (custom)
2023-09-19 02:04:00,658 [b1558ce8-bc2f-4c62-aaec-0278e14522f1@group-1453E47972AB-LeaderElection3] INFO  server.RaftServerConfigKeys (ConfUtils.java:logGet(46)) - raft.server.write.byte-limit = 1024 M (=1073741824) (custom)
2023-09-19 02:04:00,658 [b1558ce8-bc2f-4c62-aaec-0278e14522f1@group-1453E47972AB-LeaderElection3] INFO  server.RaftServerConfigKeys (ConfUtils.java:logGet(46)) - raft.server.watch.timeout = 180s (custom)
2023-09-19 02:04:00,658 [b1558ce8-bc2f-4c62-aaec-0278e14522f1@group-1453E47972AB-LeaderElection3] INFO  server.RaftServerConfigKeys (ConfUtils.java:logGet(46)) - raft.server.watch.timeout.denomination = 1s (default)
2023-09-19 02:04:00,658 [b1558ce8-bc2f-4c62-aaec-0278e14522f1@group-1453E47972AB-LeaderElection3] INFO  server.RaftServerConfigKeys (ConfUtils.java:logGet(46)) - raft.server.watch.element-limit = 65536 (default)
2023-09-19 02:04:00,658 [b1558ce8-bc2f-4c62-aaec-0278e14522f1@group-1453E47972AB-LeaderElection3] INFO  server.RaftServerConfigKeys (ConfUtils.java:logGet(46)) - raft.server.write.element-limit = 1024 (custom)
2023-09-19 02:04:00,658 [b1558ce8-bc2f-4c62-aaec-0278e14522f1@group-1453E47972AB-LeaderElection3] INFO  server.RaftServerConfigKeys (ConfUtils.java:logGet(46)) - raft.server.write.follower.gap.ratio.max = -1.0 (default)
2023-09-19 02:04:00,666 [b1558ce8-bc2f-4c62-aaec-0278e14522f1@group-1453E47972AB-LeaderElection3] INFO  server.RaftServerConfigKeys (ConfUtils.java:logGet(46)) - raft.server.log.appender.snapshot.chunk.size.max = 16MB (=16777216) (default)
2023-09-19 02:04:00,666 [b1558ce8-bc2f-4c62-aaec-0278e14522f1@group-1453E47972AB-LeaderElection3] INFO  server.RaftServerConfigKeys (ConfUtils.java:logGet(46)) - raft.server.log.appender.buffer.byte-limit = 33554432 (custom)
2023-09-19 02:04:00,666 [b1558ce8-bc2f-4c62-aaec-0278e14522f1@group-1453E47972AB-LeaderElection3] INFO  server.RaftServerConfigKeys (ConfUtils.java:logGet(46)) - raft.server.log.appender.buffer.element-limit = 1 (custom)
2023-09-19 02:04:00,668 [b1558ce8-bc2f-4c62-aaec-0278e14522f1@group-1453E47972AB-LeaderElection3] INFO  server.RaftServerConfigKeys (ConfUtils.java:logGet(46)) - raft.server.log.appender.wait-time.min = 10ms (default)
2023-09-19 02:04:00,669 [b1558ce8-bc2f-4c62-aaec-0278e14522f1@group-1453E47972AB-LeaderElection3] INFO  grpc.GrpcConfigKeys (ConfUtils.java:logGet(46)) - raft.grpc.server.leader.outstanding.appends.max = 128 (default)
2023-09-19 02:04:00,669 [b1558ce8-bc2f-4c62-aaec-0278e14522f1@group-1453E47972AB-LeaderElection3] INFO  server.RaftServerConfigKeys (ConfUtils.java:logGet(46)) - raft.server.rpc.request.timeout = 60s (custom)
2023-09-19 02:04:00,669 [b1558ce8-bc2f-4c62-aaec-0278e14522f1@group-1453E47972AB-LeaderElection3] INFO  grpc.GrpcConfigKeys (ConfUtils.java:logGet(46)) - raft.grpc.server.install_snapshot.request.element-limit = 8 (default)
2023-09-19 02:04:00,669 [b1558ce8-bc2f-4c62-aaec-0278e14522f1@group-1453E47972AB-LeaderElection3] INFO  grpc.GrpcConfigKeys (ConfUtils.java:logGet(46)) - raft.grpc.server.install_snapshot.request.timeout = 3000ms (default)
2023-09-19 02:04:00,669 [b1558ce8-bc2f-4c62-aaec-0278e14522f1@group-1453E47972AB-LeaderElection3] INFO  server.RaftServerConfigKeys (ConfUtils.java:logGet(46)) - raft.server.log.appender.install.snapshot.enabled = false (custom)
2023-09-19 02:04:00,669 [b1558ce8-bc2f-4c62-aaec-0278e14522f1@group-1453E47972AB-LeaderElection3] INFO  grpc.GrpcConfigKeys (ConfUtils.java:logGet(46)) - raft.grpc.server.heartbeat.channel = true (default)
2023-09-19 02:04:00,671 [b1558ce8-bc2f-4c62-aaec-0278e14522f1@group-1453E47972AB-LeaderElection3] INFO  server.RaftServerConfigKeys (ConfUtils.java:logGet(46)) - raft.server.log.appender.snapshot.chunk.size.max = 16MB (=16777216) (default)
2023-09-19 02:04:00,671 [b1558ce8-bc2f-4c62-aaec-0278e14522f1@group-1453E47972AB-LeaderElection3] INFO  server.RaftServerConfigKeys (ConfUtils.java:logGet(46)) - raft.server.log.appender.buffer.byte-limit = 33554432 (custom)
2023-09-19 02:04:00,671 [b1558ce8-bc2f-4c62-aaec-0278e14522f1@group-1453E47972AB-LeaderElection3] INFO  server.RaftServerConfigKeys (ConfUtils.java:logGet(46)) - raft.server.log.appender.buffer.element-limit = 1 (custom)
2023-09-19 02:04:00,671 [b1558ce8-bc2f-4c62-aaec-0278e14522f1@group-1453E47972AB-LeaderElection3] INFO  server.RaftServerConfigKeys (ConfUtils.java:logGet(46)) - raft.server.log.appender.wait-time.min = 10ms (default)
2023-09-19 02:04:00,671 [b1558ce8-bc2f-4c62-aaec-0278e14522f1@group-1453E47972AB-LeaderElection3] INFO  grpc.GrpcConfigKeys (ConfUtils.java:logGet(46)) - raft.grpc.server.leader.outstanding.appends.max = 128 (default)
2023-09-19 02:04:00,672 [b1558ce8-bc2f-4c62-aaec-0278e14522f1@group-1453E47972AB-LeaderElection3] INFO  server.RaftServerConfigKeys (ConfUtils.java:logGet(46)) - raft.server.rpc.request.timeout = 60s (custom)
2023-09-19 02:04:00,672 [b1558ce8-bc2f-4c62-aaec-0278e14522f1@group-1453E47972AB-LeaderElection3] INFO  grpc.GrpcConfigKeys (ConfUtils.java:logGet(46)) - raft.grpc.server.install_snapshot.request.element-limit = 8 (default)
2023-09-19 02:04:00,672 [b1558ce8-bc2f-4c62-aaec-0278e14522f1@group-1453E47972AB-LeaderElection3] INFO  grpc.GrpcConfigKeys (ConfUtils.java:logGet(46)) - raft.grpc.server.install_snapshot.request.timeout = 3000ms (default)
2023-09-19 02:04:00,672 [b1558ce8-bc2f-4c62-aaec-0278e14522f1@group-1453E47972AB-LeaderElection3] INFO  server.RaftServerConfigKeys (ConfUtils.java:logGet(46)) - raft.server.log.appender.install.snapshot.enabled = false (custom)
2023-09-19 02:04:00,672 [b1558ce8-bc2f-4c62-aaec-0278e14522f1@group-1453E47972AB-LeaderElection3] INFO  grpc.GrpcConfigKeys (ConfUtils.java:logGet(46)) - raft.grpc.server.heartbeat.channel = true (default)
2023-09-19 02:04:00,672 [b1558ce8-bc2f-4c62-aaec-0278e14522f1@group-1453E47972AB-LeaderElection3] INFO  impl.RoleInfo (RoleInfo.java:updateAndGet(139)) - b1558ce8-bc2f-4c62-aaec-0278e14522f1: start b1558ce8-bc2f-4c62-aaec-0278e14522f1@group-1453E47972AB-LeaderStateImpl
2023-09-19 02:04:00,673 [b1558ce8-bc2f-4c62-aaec-0278e14522f1@group-1453E47972AB-LeaderElection3] INFO  segmented.SegmentedRaftLogWorker (SegmentedRaftLogWorker.java:startLogSegment(447)) - b1558ce8-bc2f-4c62-aaec-0278e14522f1@group-1453E47972AB-SegmentedRaftLogWorker: Starting segment from index:0
2023-09-19 02:04:00,675 [b1558ce8-bc2f-4c62-aaec-0278e14522f1@group-1453E47972AB-SegmentedRaftLogWorker] INFO  segmented.SegmentedRaftLogWorker (SegmentedRaftLogWorker.java:execute(651)) - b1558ce8-bc2f-4c62-aaec-0278e14522f1@group-1453E47972AB-SegmentedRaftLogWorker: created new log segment /home/runner/work/ozone/ozone/hadoop-ozone/integration-test/target/test-dir/MiniOzoneClusterImpl-9bcb963b-3a30-483e-aad5-953c8710d6fd/datanode-0/data/ratis/abc722b4-335f-4297-be91-1453e47972ab/current/log_inprogress_0
2023-09-19 02:04:00,679 [b1558ce8-bc2f-4c62-aaec-0278e14522f1@group-1453E47972AB-LeaderElection3] INFO  server.RaftServer$Division (ServerState.java:setRaftConf(434)) - b1558ce8-bc2f-4c62-aaec-0278e14522f1@group-1453E47972AB: set configuration 0: peers:[b1558ce8-bc2f-4c62-aaec-0278e14522f1|rpc:10.1.0.29:15014|admin:10.1.0.29:15013|client:10.1.0.29:15012|dataStream:10.1.0.29:15015|priority:1|startupRole:FOLLOWER, 3d8e742d-6d38-4fa1-811b-6a8dd626afd2|rpc:10.1.0.29:15023|admin:10.1.0.29:15022|client:10.1.0.29:15021|dataStream:10.1.0.29:15024|priority:0|startupRole:FOLLOWER, 251b4ee7-4683-41e7-a4df-609a9bc3ccca|rpc:10.1.0.29:15032|admin:10.1.0.29:15031|client:10.1.0.29:15030|dataStream:10.1.0.29:15033|priority:0|startupRole:FOLLOWER]|listeners:[], old=null
2023-09-19 02:04:00,715 [3d8e742d-6d38-4fa1-811b-6a8dd626afd2-server-thread1] INFO  ratis.XceiverServerRatis (XceiverServerRatis.java:handleLeaderChangedNotification(902)) - Leader change notification received for group: group-1453E47972AB with new leaderId: b1558ce8-bc2f-4c62-aaec-0278e14522f1
2023-09-19 02:04:00,715 [3d8e742d-6d38-4fa1-811b-6a8dd626afd2-server-thread1] INFO  server.RaftServer$Division (ServerState.java:setLeader(317)) - 3d8e742d-6d38-4fa1-811b-6a8dd626afd2@group-1453E47972AB: change Leader from null to b1558ce8-bc2f-4c62-aaec-0278e14522f1 at term 1 for appendEntries, leader elected after 4480ms
2023-09-19 02:04:00,716 [251b4ee7-4683-41e7-a4df-609a9bc3ccca-server-thread1] INFO  ratis.XceiverServerRatis (XceiverServerRatis.java:handleLeaderChangedNotification(902)) - Leader change notification received for group: group-1453E47972AB with new leaderId: b1558ce8-bc2f-4c62-aaec-0278e14522f1
2023-09-19 02:04:00,718 [251b4ee7-4683-41e7-a4df-609a9bc3ccca-server-thread1] INFO  server.RaftServer$Division (ServerState.java:setLeader(317)) - 251b4ee7-4683-41e7-a4df-609a9bc3ccca@group-1453E47972AB: change Leader from null to b1558ce8-bc2f-4c62-aaec-0278e14522f1 at term 1 for appendEntries, leader elected after 4808ms
2023-09-19 02:04:00,718 [3d8e742d-6d38-4fa1-811b-6a8dd626afd2-server-thread1] INFO  server.RaftServer$Division (ServerState.java:setRaftConf(434)) - 3d8e742d-6d38-4fa1-811b-6a8dd626afd2@group-1453E47972AB: set configuration 0: peers:[b1558ce8-bc2f-4c62-aaec-0278e14522f1|rpc:10.1.0.29:15014|admin:10.1.0.29:15013|client:10.1.0.29:15012|dataStream:10.1.0.29:15015|priority:1|startupRole:FOLLOWER, 3d8e742d-6d38-4fa1-811b-6a8dd626afd2|rpc:10.1.0.29:15023|admin:10.1.0.29:15022|client:10.1.0.29:15021|dataStream:10.1.0.29:15024|priority:0|startupRole:FOLLOWER, 251b4ee7-4683-41e7-a4df-609a9bc3ccca|rpc:10.1.0.29:15032|admin:10.1.0.29:15031|client:10.1.0.29:15030|dataStream:10.1.0.29:15033|priority:0|startupRole:FOLLOWER]|listeners:[], old=null
2023-09-19 02:04:00,719 [3d8e742d-6d38-4fa1-811b-6a8dd626afd2-server-thread1] INFO  segmented.SegmentedRaftLogWorker (SegmentedRaftLogWorker.java:startLogSegment(447)) - 3d8e742d-6d38-4fa1-811b-6a8dd626afd2@group-1453E47972AB-SegmentedRaftLogWorker: Starting segment from index:0
2023-09-19 02:04:00,727 [3d8e742d-6d38-4fa1-811b-6a8dd626afd2@group-1453E47972AB-SegmentedRaftLogWorker] INFO  segmented.SegmentedRaftLogWorker (SegmentedRaftLogWorker.java:execute(651)) - 3d8e742d-6d38-4fa1-811b-6a8dd626afd2@group-1453E47972AB-SegmentedRaftLogWorker: created new log segment /home/runner/work/ozone/ozone/hadoop-ozone/integration-test/target/test-dir/MiniOzoneClusterImpl-9bcb963b-3a30-483e-aad5-953c8710d6fd/datanode-1/data/ratis/abc722b4-335f-4297-be91-1453e47972ab/current/log_inprogress_0
2023-09-19 02:04:00,730 [251b4ee7-4683-41e7-a4df-609a9bc3ccca-server-thread1] INFO  server.RaftServer$Division (ServerState.java:setRaftConf(434)) - 251b4ee7-4683-41e7-a4df-609a9bc3ccca@group-1453E47972AB: set configuration 0: peers:[b1558ce8-bc2f-4c62-aaec-0278e14522f1|rpc:10.1.0.29:15014|admin:10.1.0.29:15013|client:10.1.0.29:15012|dataStream:10.1.0.29:15015|priority:1|startupRole:FOLLOWER, 3d8e742d-6d38-4fa1-811b-6a8dd626afd2|rpc:10.1.0.29:15023|admin:10.1.0.29:15022|client:10.1.0.29:15021|dataStream:10.1.0.29:15024|priority:0|startupRole:FOLLOWER, 251b4ee7-4683-41e7-a4df-609a9bc3ccca|rpc:10.1.0.29:15032|admin:10.1.0.29:15031|client:10.1.0.29:15030|dataStream:10.1.0.29:15033|priority:0|startupRole:FOLLOWER]|listeners:[], old=null
2023-09-19 02:04:00,731 [251b4ee7-4683-41e7-a4df-609a9bc3ccca-server-thread1] INFO  segmented.SegmentedRaftLogWorker (SegmentedRaftLogWorker.java:startLogSegment(447)) - 251b4ee7-4683-41e7-a4df-609a9bc3ccca@group-1453E47972AB-SegmentedRaftLogWorker: Starting segment from index:0
2023-09-19 02:04:00,733 [251b4ee7-4683-41e7-a4df-609a9bc3ccca@group-1453E47972AB-SegmentedRaftLogWorker] INFO  segmented.SegmentedRaftLogWorker (SegmentedRaftLogWorker.java:execute(651)) - 251b4ee7-4683-41e7-a4df-609a9bc3ccca@group-1453E47972AB-SegmentedRaftLogWorker: created new log segment /home/runner/work/ozone/ozone/hadoop-ozone/integration-test/target/test-dir/MiniOzoneClusterImpl-9bcb963b-3a30-483e-aad5-953c8710d6fd/datanode-2/data/ratis/abc722b4-335f-4297-be91-1453e47972ab/current/log_inprogress_0
2023-09-19 02:04:00,866 [main] INFO  ozone.MiniOzoneClusterImpl (MiniOzoneClusterImpl.java:lambda$waitForClusterToBeReady$0(224)) - Nodes are ready. Got 5 of 5 DN Heartbeats.
2023-09-19 02:04:00,866 [main] INFO  ozone.MiniOzoneClusterImpl (MiniOzoneClusterImpl.java:lambda$waitForClusterToBeReady$0(227)) - Cluster exits safe mode
2023-09-19 02:04:00,866 [main] INFO  ozone.MiniOzoneClusterImpl (MiniOzoneClusterImpl.java:lambda$waitForClusterToBeReady$0(229)) - SCM became leader
2023-09-19 02:04:01,388 [3d8e742d-6d38-4fa1-811b-6a8dd626afd2@group-FD651BCEA229-FollowerState] INFO  impl.FollowerState (FollowerState.java:run(143)) - 3d8e742d-6d38-4fa1-811b-6a8dd626afd2@group-FD651BCEA229-FollowerState: change to CANDIDATE, lastRpcElapsedTime:5457383961ns, electionTimeout:5172ms
2023-09-19 02:04:01,389 [3d8e742d-6d38-4fa1-811b-6a8dd626afd2@group-FD651BCEA229-FollowerState] INFO  impl.RoleInfo (RoleInfo.java:shutdownFollowerState(110)) - 3d8e742d-6d38-4fa1-811b-6a8dd626afd2: shutdown 3d8e742d-6d38-4fa1-811b-6a8dd626afd2@group-FD651BCEA229-FollowerState
2023-09-19 02:04:01,389 [3d8e742d-6d38-4fa1-811b-6a8dd626afd2@group-FD651BCEA229-FollowerState] INFO  server.RaftServer$Division (RaftServerImpl.java:setRole(329)) - 3d8e742d-6d38-4fa1-811b-6a8dd626afd2@group-FD651BCEA229: changes role from  FOLLOWER to CANDIDATE at term 0 for changeToCandidate
2023-09-19 02:04:01,389 [251b4ee7-4683-41e7-a4df-609a9bc3ccca@group-FC82804DB9A3-FollowerState] INFO  impl.FollowerState (FollowerState.java:run(143)) - 251b4ee7-4683-41e7-a4df-609a9bc3ccca@group-FC82804DB9A3-FollowerState: change to CANDIDATE, lastRpcElapsedTime:5104194198ns, electionTimeout:5028ms
2023-09-19 02:04:01,389 [251b4ee7-4683-41e7-a4df-609a9bc3ccca@group-FC82804DB9A3-FollowerState] INFO  impl.RoleInfo (RoleInfo.java:shutdownFollowerState(110)) - 251b4ee7-4683-41e7-a4df-609a9bc3ccca: shutdown 251b4ee7-4683-41e7-a4df-609a9bc3ccca@group-FC82804DB9A3-FollowerState
2023-09-19 02:04:01,389 [251b4ee7-4683-41e7-a4df-609a9bc3ccca@group-FC82804DB9A3-FollowerState] INFO  server.RaftServer$Division (RaftServerImpl.java:setRole(329)) - 251b4ee7-4683-41e7-a4df-609a9bc3ccca@group-FC82804DB9A3: changes role from  FOLLOWER to CANDIDATE at term 0 for changeToCandidate
2023-09-19 02:04:01,389 [JvmPauseMonitor4] WARN  util.JvmPauseMonitor (JvmPauseMonitor.java:detectPause(124)) - JvmPauseMonitor-251b4ee7-4683-41e7-a4df-609a9bc3ccca: Detected pause in JVM or host machine approximately 0.124s with 0.306s GC time.
GC pool 'PS MarkSweep' had collection(s): count=1 time=222ms
GC pool 'PS Scavenge' had collection(s): count=1 time=84ms
2023-09-19 02:04:01,390 [JvmPauseMonitor5] WARN  util.JvmPauseMonitor (JvmPauseMonitor.java:detectPause(124)) - JvmPauseMonitor-5318791c-eaf4-4a3a-8c62-f5bfab93a736: Detected pause in JVM or host machine approximately 0.163s with 0.306s GC time.
GC pool 'PS MarkSweep' had collection(s): count=1 time=222ms
GC pool 'PS Scavenge' had collection(s): count=1 time=84ms
2023-09-19 02:04:01,390 [JvmPauseMonitor2] WARN  util.JvmPauseMonitor (JvmPauseMonitor.java:detectPause(124)) - JvmPauseMonitor-b1558ce8-bc2f-4c62-aaec-0278e14522f1: Detected pause in JVM or host machine approximately 0.183s with 0.306s GC time.
GC pool 'PS MarkSweep' had collection(s): count=1 time=222ms
GC pool 'PS Scavenge' had collection(s): count=1 time=84ms
2023-09-19 02:04:01,392 [251b4ee7-4683-41e7-a4df-609a9bc3ccca@group-DDAA0B417BEA-FollowerState] INFO  impl.FollowerState (FollowerState.java:run(143)) - 251b4ee7-4683-41e7-a4df-609a9bc3ccca@group-DDAA0B417BEA-FollowerState: change to CANDIDATE, lastRpcElapsedTime:5052573937ns, electionTimeout:5043ms
2023-09-19 02:04:01,392 [251b4ee7-4683-41e7-a4df-609a9bc3ccca@group-DDAA0B417BEA-FollowerState] INFO  impl.RoleInfo (RoleInfo.java:shutdownFollowerState(110)) - 251b4ee7-4683-41e7-a4df-609a9bc3ccca: shutdown 251b4ee7-4683-41e7-a4df-609a9bc3ccca@group-DDAA0B417BEA-FollowerState
2023-09-19 02:04:01,392 [251b4ee7-4683-41e7-a4df-609a9bc3ccca@group-DDAA0B417BEA-FollowerState] INFO  server.RaftServer$Division (RaftServerImpl.java:setRole(329)) - 251b4ee7-4683-41e7-a4df-609a9bc3ccca@group-DDAA0B417BEA: changes role from  FOLLOWER to CANDIDATE at term 0 for changeToCandidate
2023-09-19 02:04:01,395 [251b4ee7-4683-41e7-a4df-609a9bc3ccca@group-FC82804DB9A3-FollowerState] INFO  server.RaftServerConfigKeys (ConfUtils.java:logGet(46)) - raft.server.leaderelection.pre-vote = true (default)
2023-09-19 02:04:01,395 [251b4ee7-4683-41e7-a4df-609a9bc3ccca@group-FC82804DB9A3-FollowerState] INFO  impl.RoleInfo (RoleInfo.java:updateAndGet(139)) - 251b4ee7-4683-41e7-a4df-609a9bc3ccca: start 251b4ee7-4683-41e7-a4df-609a9bc3ccca@group-FC82804DB9A3-LeaderElection5
2023-09-19 02:04:01,395 [251b4ee7-4683-41e7-a4df-609a9bc3ccca@group-DDAA0B417BEA-FollowerState] INFO  server.RaftServerConfigKeys (ConfUtils.java:logGet(46)) - raft.server.leaderelection.pre-vote = true (default)
2023-09-19 02:04:01,395 [251b4ee7-4683-41e7-a4df-609a9bc3ccca@group-DDAA0B417BEA-FollowerState] INFO  impl.RoleInfo (RoleInfo.java:updateAndGet(139)) - 251b4ee7-4683-41e7-a4df-609a9bc3ccca: start 251b4ee7-4683-41e7-a4df-609a9bc3ccca@group-DDAA0B417BEA-LeaderElection6
2023-09-19 02:04:01,395 [3d8e742d-6d38-4fa1-811b-6a8dd626afd2@group-FD651BCEA229-FollowerState] INFO  server.RaftServerConfigKeys (ConfUtils.java:logGet(46)) - raft.server.leaderelection.pre-vote = true (default)
2023-09-19 02:04:01,395 [3d8e742d-6d38-4fa1-811b-6a8dd626afd2@group-FD651BCEA229-FollowerState] INFO  impl.RoleInfo (RoleInfo.java:updateAndGet(139)) - 3d8e742d-6d38-4fa1-811b-6a8dd626afd2: start 3d8e742d-6d38-4fa1-811b-6a8dd626afd2@group-FD651BCEA229-LeaderElection4
2023-09-19 02:04:01,401 [251b4ee7-4683-41e7-a4df-609a9bc3ccca@group-FC82804DB9A3-LeaderElection5] INFO  impl.LeaderElection (LeaderElection.java:askForVotes(321)) - 251b4ee7-4683-41e7-a4df-609a9bc3ccca@group-FC82804DB9A3-LeaderElection5 PRE_VOTE round 0: submit vote requests at term 0 for -1: peers:[251b4ee7-4683-41e7-a4df-609a9bc3ccca|rpc:10.1.0.29:15032|admin:10.1.0.29:15031|client:10.1.0.29:15030|dataStream:10.1.0.29:15033|priority:1|startupRole:FOLLOWER]|listeners:[], old=null
2023-09-19 02:04:01,401 [251b4ee7-4683-41e7-a4df-609a9bc3ccca@group-FC82804DB9A3-LeaderElection5] INFO  impl.LeaderElection (LeaderElection.java:askForVotes(323)) - 251b4ee7-4683-41e7-a4df-609a9bc3ccca@group-FC82804DB9A3-LeaderElection5 PRE_VOTE round 0: result PASSED (term=0)
2023-09-19 02:04:01,403 [251b4ee7-4683-41e7-a4df-609a9bc3ccca@group-FC82804DB9A3-LeaderElection5] INFO  impl.LeaderElection (LeaderElection.java:askForVotes(321)) - 251b4ee7-4683-41e7-a4df-609a9bc3ccca@group-FC82804DB9A3-LeaderElection5 ELECTION round 0: submit vote requests at term 1 for -1: peers:[251b4ee7-4683-41e7-a4df-609a9bc3ccca|rpc:10.1.0.29:15032|admin:10.1.0.29:15031|client:10.1.0.29:15030|dataStream:10.1.0.29:15033|priority:1|startupRole:FOLLOWER]|listeners:[], old=null
2023-09-19 02:04:01,403 [251b4ee7-4683-41e7-a4df-609a9bc3ccca@group-FC82804DB9A3-LeaderElection5] INFO  impl.LeaderElection (LeaderElection.java:askForVotes(323)) - 251b4ee7-4683-41e7-a4df-609a9bc3ccca@group-FC82804DB9A3-LeaderElection5 ELECTION round 0: result PASSED (term=1)
2023-09-19 02:04:01,403 [251b4ee7-4683-41e7-a4df-609a9bc3ccca@group-FC82804DB9A3-LeaderElection5] INFO  impl.RoleInfo (RoleInfo.java:shutdownLeaderElection(130)) - 251b4ee7-4683-41e7-a4df-609a9bc3ccca: shutdown 251b4ee7-4683-41e7-a4df-609a9bc3ccca@group-FC82804DB9A3-LeaderElection5
2023-09-19 02:04:01,403 [251b4ee7-4683-41e7-a4df-609a9bc3ccca@group-FC82804DB9A3-LeaderElection5] INFO  server.RaftServer$Division (RaftServerImpl.java:setRole(329)) - 251b4ee7-4683-41e7-a4df-609a9bc3ccca@group-FC82804DB9A3: changes role from CANDIDATE to LEADER at term 1 for changeToLeader
2023-09-19 02:04:01,403 [251b4ee7-4683-41e7-a4df-609a9bc3ccca@group-FC82804DB9A3-LeaderElection5] INFO  ratis.XceiverServerRatis (XceiverServerRatis.java:handleLeaderChangedNotification(902)) - Leader change notification received for group: group-FC82804DB9A3 with new leaderId: 251b4ee7-4683-41e7-a4df-609a9bc3ccca
2023-09-19 02:04:01,403 [251b4ee7-4683-41e7-a4df-609a9bc3ccca@group-FC82804DB9A3-LeaderElection5] INFO  server.RaftServer$Division (ServerState.java:setLeader(317)) - 251b4ee7-4683-41e7-a4df-609a9bc3ccca@group-FC82804DB9A3: change Leader from null to 251b4ee7-4683-41e7-a4df-609a9bc3ccca at term 1 for becomeLeader, leader elected after 5177ms
2023-09-19 02:04:01,403 [251b4ee7-4683-41e7-a4df-609a9bc3ccca@group-FC82804DB9A3-LeaderElection5] INFO  server.RaftServerConfigKeys (ConfUtils.java:logGet(46)) - raft.server.staging.catchup.gap = 1000 (default)
2023-09-19 02:04:01,403 [251b4ee7-4683-41e7-a4df-609a9bc3ccca@group-FC82804DB9A3-LeaderElection5] INFO  server.RaftServerConfigKeys (ConfUtils.java:logGet(46)) - raft.server.write.element-limit = 1024 (custom)
2023-09-19 02:04:01,404 [251b4ee7-4683-41e7-a4df-609a9bc3ccca@group-FC82804DB9A3-LeaderElection5] INFO  server.RaftServerConfigKeys (ConfUtils.java:logGet(46)) - raft.server.write.byte-limit = 1024 M (=1073741824) (custom)
2023-09-19 02:04:01,404 [251b4ee7-4683-41e7-a4df-609a9bc3ccca@group-FC82804DB9A3-LeaderElection5] INFO  server.RaftServerConfigKeys (ConfUtils.java:logGet(46)) - raft.server.watch.timeout = 180s (custom)
2023-09-19 02:04:01,404 [251b4ee7-4683-41e7-a4df-609a9bc3ccca@group-FC82804DB9A3-LeaderElection5] INFO  server.RaftServerConfigKeys (ConfUtils.java:logGet(46)) - raft.server.watch.timeout.denomination = 1s (default)
2023-09-19 02:04:01,404 [251b4ee7-4683-41e7-a4df-609a9bc3ccca@group-FC82804DB9A3-LeaderElection5] INFO  server.RaftServerConfigKeys (ConfUtils.java:logGet(46)) - raft.server.watch.element-limit = 65536 (default)
2023-09-19 02:04:01,404 [251b4ee7-4683-41e7-a4df-609a9bc3ccca@group-FC82804DB9A3-LeaderElection5] INFO  server.RaftServerConfigKeys (ConfUtils.java:logGet(46)) - raft.server.write.element-limit = 1024 (custom)
2023-09-19 02:04:01,404 [251b4ee7-4683-41e7-a4df-609a9bc3ccca@group-FC82804DB9A3-LeaderElection5] INFO  server.RaftServerConfigKeys (ConfUtils.java:logGet(46)) - raft.server.write.follower.gap.ratio.max = -1.0 (default)
2023-09-19 02:04:01,404 [251b4ee7-4683-41e7-a4df-609a9bc3ccca@group-FC82804DB9A3-LeaderElection5] INFO  impl.RoleInfo (RoleInfo.java:updateAndGet(139)) - 251b4ee7-4683-41e7-a4df-609a9bc3ccca: start 251b4ee7-4683-41e7-a4df-609a9bc3ccca@group-FC82804DB9A3-LeaderStateImpl
2023-09-19 02:04:01,405 [251b4ee7-4683-41e7-a4df-609a9bc3ccca@group-FC82804DB9A3-LeaderElection5] INFO  segmented.SegmentedRaftLogWorker (SegmentedRaftLogWorker.java:startLogSegment(447)) - 251b4ee7-4683-41e7-a4df-609a9bc3ccca@group-FC82804DB9A3-SegmentedRaftLogWorker: Starting segment from index:0
2023-09-19 02:04:01,409 [251b4ee7-4683-41e7-a4df-609a9bc3ccca@group-FC82804DB9A3-SegmentedRaftLogWorker] INFO  segmented.SegmentedRaftLogWorker (SegmentedRaftLogWorker.java:execute(651)) - 251b4ee7-4683-41e7-a4df-609a9bc3ccca@group-FC82804DB9A3-SegmentedRaftLogWorker: created new log segment /home/runner/work/ozone/ozone/hadoop-ozone/integration-test/target/test-dir/MiniOzoneClusterImpl-9bcb963b-3a30-483e-aad5-953c8710d6fd/datanode-2/data/ratis/a7cd1204-333f-4297-8d79-fc82804db9a3/current/log_inprogress_0
2023-09-19 02:04:01,413 [251b4ee7-4683-41e7-a4df-609a9bc3ccca@group-DDAA0B417BEA-LeaderElection6] INFO  impl.LeaderElection (LeaderElection.java:askForVotes(321)) - 251b4ee7-4683-41e7-a4df-609a9bc3ccca@group-DDAA0B417BEA-LeaderElection6 PRE_VOTE round 0: submit vote requests at term 0 for -1: peers:[b1558ce8-bc2f-4c62-aaec-0278e14522f1|rpc:10.1.0.29:15014|admin:10.1.0.29:15013|client:10.1.0.29:15012|dataStream:10.1.0.29:15015|priority:0|startupRole:FOLLOWER, 3d8e742d-6d38-4fa1-811b-6a8dd626afd2|rpc:10.1.0.29:15023|admin:10.1.0.29:15022|client:10.1.0.29:15021|dataStream:10.1.0.29:15024|priority:0|startupRole:FOLLOWER, 251b4ee7-4683-41e7-a4df-609a9bc3ccca|rpc:10.1.0.29:15032|admin:10.1.0.29:15031|client:10.1.0.29:15030|dataStream:10.1.0.29:15033|priority:1|startupRole:FOLLOWER]|listeners:[], old=null
2023-09-19 02:04:01,413 [251b4ee7-4683-41e7-a4df-609a9bc3ccca@group-FC82804DB9A3-LeaderElection5] INFO  server.RaftServer$Division (ServerState.java:setRaftConf(434)) - 251b4ee7-4683-41e7-a4df-609a9bc3ccca@group-FC82804DB9A3: set configuration 0: peers:[251b4ee7-4683-41e7-a4df-609a9bc3ccca|rpc:10.1.0.29:15032|admin:10.1.0.29:15031|client:10.1.0.29:15030|dataStream:10.1.0.29:15033|priority:1|startupRole:FOLLOWER]|listeners:[], old=null
2023-09-19 02:04:01,414 [3d8e742d-6d38-4fa1-811b-6a8dd626afd2@group-FD651BCEA229-LeaderElection4] INFO  impl.LeaderElection (LeaderElection.java:askForVotes(321)) - 3d8e742d-6d38-4fa1-811b-6a8dd626afd2@group-FD651BCEA229-LeaderElection4 PRE_VOTE round 0: submit vote requests at term 0 for -1: peers:[3d8e742d-6d38-4fa1-811b-6a8dd626afd2|rpc:10.1.0.29:15023|admin:10.1.0.29:15022|client:10.1.0.29:15021|dataStream:10.1.0.29:15024|priority:1|startupRole:FOLLOWER]|listeners:[], old=null
2023-09-19 02:04:01,420 [3d8e742d-6d38-4fa1-811b-6a8dd626afd2@group-FD651BCEA229-LeaderElection4] INFO  impl.LeaderElection (LeaderElection.java:askForVotes(323)) - 3d8e742d-6d38-4fa1-811b-6a8dd626afd2@group-FD651BCEA229-LeaderElection4 PRE_VOTE round 0: result PASSED (term=0)
2023-09-19 02:04:01,421 [3d8e742d-6d38-4fa1-811b-6a8dd626afd2@group-FD651BCEA229-LeaderElection4] INFO  impl.LeaderElection (LeaderElection.java:askForVotes(321)) - 3d8e742d-6d38-4fa1-811b-6a8dd626afd2@group-FD651BCEA229-LeaderElection4 ELECTION round 0: submit vote requests at term 1 for -1: peers:[3d8e742d-6d38-4fa1-811b-6a8dd626afd2|rpc:10.1.0.29:15023|admin:10.1.0.29:15022|client:10.1.0.29:15021|dataStream:10.1.0.29:15024|priority:1|startupRole:FOLLOWER]|listeners:[], old=null
2023-09-19 02:04:01,421 [3d8e742d-6d38-4fa1-811b-6a8dd626afd2@group-FD651BCEA229-LeaderElection4] INFO  impl.LeaderElection (LeaderElection.java:askForVotes(323)) - 3d8e742d-6d38-4fa1-811b-6a8dd626afd2@group-FD651BCEA229-LeaderElection4 ELECTION round 0: result PASSED (term=1)
2023-09-19 02:04:01,421 [3d8e742d-6d38-4fa1-811b-6a8dd626afd2@group-FD651BCEA229-LeaderElection4] INFO  impl.RoleInfo (RoleInfo.java:shutdownLeaderElection(130)) - 3d8e742d-6d38-4fa1-811b-6a8dd626afd2: shutdown 3d8e742d-6d38-4fa1-811b-6a8dd626afd2@group-FD651BCEA229-LeaderElection4
2023-09-19 02:04:01,421 [3d8e742d-6d38-4fa1-811b-6a8dd626afd2@group-FD651BCEA229-LeaderElection4] INFO  server.RaftServer$Division (RaftServerImpl.java:setRole(329)) - 3d8e742d-6d38-4fa1-811b-6a8dd626afd2@group-FD651BCEA229: changes role from CANDIDATE to LEADER at term 1 for changeToLeader
2023-09-19 02:04:01,421 [3d8e742d-6d38-4fa1-811b-6a8dd626afd2@group-FD651BCEA229-LeaderElection4] INFO  ratis.XceiverServerRatis (XceiverServerRatis.java:handleLeaderChangedNotification(902)) - Leader change notification received for group: group-FD651BCEA229 with new leaderId: 3d8e742d-6d38-4fa1-811b-6a8dd626afd2
2023-09-19 02:04:01,422 [251b4ee7-4683-41e7-a4df-609a9bc3ccca@group-DDAA0B417BEA-LeaderElection6] INFO  server.RaftServerConfigKeys (ConfUtils.java:logFallback(53)) - raft.server.rpc.first-election.timeout.min = 5s (fallback to raft.server.rpc.timeout.min)
2023-09-19 02:04:01,422 [251b4ee7-4683-41e7-a4df-609a9bc3ccca@group-DDAA0B417BEA-LeaderElection6] INFO  server.RaftServerConfigKeys (ConfUtils.java:logFallback(53)) - raft.server.rpc.first-election.timeout.max = 5200ms (fallback to raft.server.rpc.timeout.max)
2023-09-19 02:04:01,422 [251b4ee7-4683-41e7-a4df-609a9bc3ccca@group-DDAA0B417BEA-LeaderElection6-1] INFO  server.GrpcServerProtocolClient (GrpcServerProtocolClient.java:<init>(65)) - Build channel for b1558ce8-bc2f-4c62-aaec-0278e14522f1
2023-09-19 02:04:01,423 [3d8e742d-6d38-4fa1-811b-6a8dd626afd2@group-FD651BCEA229-LeaderElection4] INFO  server.RaftServer$Division (ServerState.java:setLeader(317)) - 3d8e742d-6d38-4fa1-811b-6a8dd626afd2@group-FD651BCEA229: change Leader from null to 3d8e742d-6d38-4fa1-811b-6a8dd626afd2 at term 1 for becomeLeader, leader elected after 5544ms
2023-09-19 02:04:01,423 [3d8e742d-6d38-4fa1-811b-6a8dd626afd2@group-FD651BCEA229-LeaderElection4] INFO  server.RaftServerConfigKeys (ConfUtils.java:logGet(46)) - raft.server.staging.catchup.gap = 1000 (default)
2023-09-19 02:04:01,423 [3d8e742d-6d38-4fa1-811b-6a8dd626afd2@group-FD651BCEA229-LeaderElection4] INFO  server.RaftServerConfigKeys (ConfUtils.java:logGet(46)) - raft.server.write.element-limit = 1024 (custom)
2023-09-19 02:04:01,423 [3d8e742d-6d38-4fa1-811b-6a8dd626afd2@group-FD651BCEA229-LeaderElection4] INFO  server.RaftServerConfigKeys (ConfUtils.java:logGet(46)) - raft.server.write.byte-limit = 1024 M (=1073741824) (custom)
2023-09-19 02:04:01,423 [3d8e742d-6d38-4fa1-811b-6a8dd626afd2@group-FD651BCEA229-LeaderElection4] INFO  server.RaftServerConfigKeys (ConfUtils.java:logGet(46)) - raft.server.watch.timeout = 180s (custom)
2023-09-19 02:04:01,423 [3d8e742d-6d38-4fa1-811b-6a8dd626afd2@group-FD651BCEA229-LeaderElection4] INFO  server.RaftServerConfigKeys (ConfUtils.java:logGet(46)) - raft.server.watch.timeout.denomination = 1s (default)
2023-09-19 02:04:01,423 [3d8e742d-6d38-4fa1-811b-6a8dd626afd2@group-FD651BCEA229-LeaderElection4] INFO  server.RaftServerConfigKeys (ConfUtils.java:logGet(46)) - raft.server.watch.element-limit = 65536 (default)
2023-09-19 02:04:01,423 [3d8e742d-6d38-4fa1-811b-6a8dd626afd2@group-FD651BCEA229-LeaderElection4] INFO  server.RaftServerConfigKeys (ConfUtils.java:logGet(46)) - raft.server.write.element-limit = 1024 (custom)
2023-09-19 02:04:01,423 [3d8e742d-6d38-4fa1-811b-6a8dd626afd2@group-FD651BCEA229-LeaderElection4] INFO  server.RaftServerConfigKeys (ConfUtils.java:logGet(46)) - raft.server.write.follower.gap.ratio.max = -1.0 (default)
2023-09-19 02:04:01,424 [3d8e742d-6d38-4fa1-811b-6a8dd626afd2@group-FD651BCEA229-LeaderElection4] INFO  impl.RoleInfo (RoleInfo.java:updateAndGet(139)) - 3d8e742d-6d38-4fa1-811b-6a8dd626afd2: start 3d8e742d-6d38-4fa1-811b-6a8dd626afd2@group-FD651BCEA229-LeaderStateImpl
2023-09-19 02:04:01,424 [3d8e742d-6d38-4fa1-811b-6a8dd626afd2@group-FD651BCEA229-LeaderElection4] INFO  segmented.SegmentedRaftLogWorker (SegmentedRaftLogWorker.java:startLogSegment(447)) - 3d8e742d-6d38-4fa1-811b-6a8dd626afd2@group-FD651BCEA229-SegmentedRaftLogWorker: Starting segment from index:0
2023-09-19 02:04:01,426 [3d8e742d-6d38-4fa1-811b-6a8dd626afd2@group-FD651BCEA229-SegmentedRaftLogWorker] INFO  segmented.SegmentedRaftLogWorker (SegmentedRaftLogWorker.java:execute(651)) - 3d8e742d-6d38-4fa1-811b-6a8dd626afd2@group-FD651BCEA229-SegmentedRaftLogWorker: created new log segment /home/runner/work/ozone/ozone/hadoop-ozone/integration-test/target/test-dir/MiniOzoneClusterImpl-9bcb963b-3a30-483e-aad5-953c8710d6fd/datanode-1/data/ratis/9f3ddad4-3deb-4281-849b-fd651bcea229/current/log_inprogress_0
2023-09-19 02:04:01,427 [251b4ee7-4683-41e7-a4df-609a9bc3ccca@group-DDAA0B417BEA-LeaderElection6-2] INFO  server.GrpcServerProtocolClient (GrpcServerProtocolClient.java:<init>(65)) - Build channel for 3d8e742d-6d38-4fa1-811b-6a8dd626afd2
2023-09-19 02:04:01,435 [3d8e742d-6d38-4fa1-811b-6a8dd626afd2@group-FD651BCEA229-LeaderElection4] INFO  server.RaftServer$Division (ServerState.java:setRaftConf(434)) - 3d8e742d-6d38-4fa1-811b-6a8dd626afd2@group-FD651BCEA229: set configuration 0: peers:[3d8e742d-6d38-4fa1-811b-6a8dd626afd2|rpc:10.1.0.29:15023|admin:10.1.0.29:15022|client:10.1.0.29:15021|dataStream:10.1.0.29:15024|priority:1|startupRole:FOLLOWER]|listeners:[], old=null
2023-09-19 02:04:01,449 [grpc-default-executor-2] INFO  server.RaftServer$Division (RaftServerImpl.java:requestVote(1302)) - 3d8e742d-6d38-4fa1-811b-6a8dd626afd2@group-DDAA0B417BEA: receive requestVote(PRE_VOTE, 251b4ee7-4683-41e7-a4df-609a9bc3ccca, group-DDAA0B417BEA, 0, (t:0, i:0))
2023-09-19 02:04:01,450 [grpc-default-executor-2] INFO  impl.VoteContext (VoteContext.java:log(49)) - 3d8e742d-6d38-4fa1-811b-6a8dd626afd2@group-DDAA0B417BEA-FOLLOWER: accept PRE_VOTE from 251b4ee7-4683-41e7-a4df-609a9bc3ccca: our priority 0 <= candidate's priority 1
2023-09-19 02:04:01,450 [grpc-default-executor-2] INFO  server.RaftServer$Division (RaftServerImpl.java:requestVote(1335)) - 3d8e742d-6d38-4fa1-811b-6a8dd626afd2@group-DDAA0B417BEA replies to PRE_VOTE vote request: 251b4ee7-4683-41e7-a4df-609a9bc3ccca<-3d8e742d-6d38-4fa1-811b-6a8dd626afd2#0:OK-t0. Peer's state: 3d8e742d-6d38-4fa1-811b-6a8dd626afd2@group-DDAA0B417BEA:t0, leader=null, voted=, raftlog=Memoized:3d8e742d-6d38-4fa1-811b-6a8dd626afd2@group-DDAA0B417BEA-SegmentedRaftLog:OPENED:c-1, conf=-1: peers:[b1558ce8-bc2f-4c62-aaec-0278e14522f1|rpc:10.1.0.29:15014|admin:10.1.0.29:15013|client:10.1.0.29:15012|dataStream:10.1.0.29:15015|priority:0|startupRole:FOLLOWER, 3d8e742d-6d38-4fa1-811b-6a8dd626afd2|rpc:10.1.0.29:15023|admin:10.1.0.29:15022|client:10.1.0.29:15021|dataStream:10.1.0.29:15024|priority:0|startupRole:FOLLOWER, 251b4ee7-4683-41e7-a4df-609a9bc3ccca|rpc:10.1.0.29:15032|admin:10.1.0.29:15031|client:10.1.0.29:15030|dataStream:10.1.0.29:15033|priority:1|startupRole:FOLLOWER]|listeners:[], old=null
2023-09-19 02:04:01,457 [251b4ee7-4683-41e7-a4df-609a9bc3ccca@group-DDAA0B417BEA-LeaderElection6] INFO  impl.LeaderElection (LeaderElection.java:logAndReturn(90)) - 251b4ee7-4683-41e7-a4df-609a9bc3ccca@group-DDAA0B417BEA-LeaderElection6: PRE_VOTE PASSED received 1 response(s) and 0 exception(s):
2023-09-19 02:04:01,457 [251b4ee7-4683-41e7-a4df-609a9bc3ccca@group-DDAA0B417BEA-LeaderElection6] INFO  impl.LeaderElection (LeaderElection.java:logAndReturn(94)) -   Response 0: 251b4ee7-4683-41e7-a4df-609a9bc3ccca<-3d8e742d-6d38-4fa1-811b-6a8dd626afd2#0:OK-t0
2023-09-19 02:04:01,458 [251b4ee7-4683-41e7-a4df-609a9bc3ccca@group-DDAA0B417BEA-LeaderElection6] INFO  impl.LeaderElection (LeaderElection.java:askForVotes(323)) - 251b4ee7-4683-41e7-a4df-609a9bc3ccca@group-DDAA0B417BEA-LeaderElection6 PRE_VOTE round 0: result PASSED
2023-09-19 02:04:01,459 [251b4ee7-4683-41e7-a4df-609a9bc3ccca@group-DDAA0B417BEA-LeaderElection6] INFO  impl.LeaderElection (LeaderElection.java:askForVotes(321)) - 251b4ee7-4683-41e7-a4df-609a9bc3ccca@group-DDAA0B417BEA-LeaderElection6 ELECTION round 0: submit vote requests at term 1 for -1: peers:[b1558ce8-bc2f-4c62-aaec-0278e14522f1|rpc:10.1.0.29:15014|admin:10.1.0.29:15013|client:10.1.0.29:15012|dataStream:10.1.0.29:15015|priority:0|startupRole:FOLLOWER, 3d8e742d-6d38-4fa1-811b-6a8dd626afd2|rpc:10.1.0.29:15023|admin:10.1.0.29:15022|client:10.1.0.29:15021|dataStream:10.1.0.29:15024|priority:0|startupRole:FOLLOWER, 251b4ee7-4683-41e7-a4df-609a9bc3ccca|rpc:10.1.0.29:15032|admin:10.1.0.29:15031|client:10.1.0.29:15030|dataStream:10.1.0.29:15033|priority:1|startupRole:FOLLOWER]|listeners:[], old=null
2023-09-19 02:04:01,461 [grpc-default-executor-2] INFO  server.RaftServer$Division (RaftServerImpl.java:requestVote(1302)) - b1558ce8-bc2f-4c62-aaec-0278e14522f1@group-DDAA0B417BEA: receive requestVote(PRE_VOTE, 251b4ee7-4683-41e7-a4df-609a9bc3ccca, group-DDAA0B417BEA, 0, (t:0, i:0))
2023-09-19 02:04:01,462 [251b4ee7-4683-41e7-a4df-609a9bc3ccca@group-DDAA0B417BEA-LeaderElection6] INFO  server.RaftServerConfigKeys (ConfUtils.java:logFallback(53)) - raft.server.rpc.first-election.timeout.min = 5s (fallback to raft.server.rpc.timeout.min)
2023-09-19 02:04:01,468 [251b4ee7-4683-41e7-a4df-609a9bc3ccca@group-DDAA0B417BEA-LeaderElection6] INFO  server.RaftServerConfigKeys (ConfUtils.java:logFallback(53)) - raft.server.rpc.first-election.timeout.max = 5200ms (fallback to raft.server.rpc.timeout.max)
2023-09-19 02:04:01,468 [grpc-default-executor-1] INFO  server.RaftServer$Division (RaftServerImpl.java:requestVote(1302)) - b1558ce8-bc2f-4c62-aaec-0278e14522f1@group-DDAA0B417BEA: receive requestVote(ELECTION, 251b4ee7-4683-41e7-a4df-609a9bc3ccca, group-DDAA0B417BEA, 1, (t:0, i:0))
2023-09-19 02:04:01,467 [grpc-default-executor-2] INFO  impl.VoteContext (VoteContext.java:log(49)) - b1558ce8-bc2f-4c62-aaec-0278e14522f1@group-DDAA0B417BEA-FOLLOWER: accept PRE_VOTE from 251b4ee7-4683-41e7-a4df-609a9bc3ccca: our priority 0 <= candidate's priority 1
2023-09-19 02:04:01,469 [grpc-default-executor-2] INFO  server.RaftServer$Division (RaftServerImpl.java:requestVote(1335)) - b1558ce8-bc2f-4c62-aaec-0278e14522f1@group-DDAA0B417BEA replies to PRE_VOTE vote request: 251b4ee7-4683-41e7-a4df-609a9bc3ccca<-b1558ce8-bc2f-4c62-aaec-0278e14522f1#0:OK-t0. Peer's state: b1558ce8-bc2f-4c62-aaec-0278e14522f1@group-DDAA0B417BEA:t0, leader=null, voted=, raftlog=Memoized:b1558ce8-bc2f-4c62-aaec-0278e14522f1@group-DDAA0B417BEA-SegmentedRaftLog:OPENED:c-1, conf=-1: peers:[b1558ce8-bc2f-4c62-aaec-0278e14522f1|rpc:10.1.0.29:15014|admin:10.1.0.29:15013|client:10.1.0.29:15012|dataStream:10.1.0.29:15015|priority:0|startupRole:FOLLOWER, 3d8e742d-6d38-4fa1-811b-6a8dd626afd2|rpc:10.1.0.29:15023|admin:10.1.0.29:15022|client:10.1.0.29:15021|dataStream:10.1.0.29:15024|priority:0|startupRole:FOLLOWER, 251b4ee7-4683-41e7-a4df-609a9bc3ccca|rpc:10.1.0.29:15032|admin:10.1.0.29:15031|client:10.1.0.29:15030|dataStream:10.1.0.29:15033|priority:1|startupRole:FOLLOWER]|listeners:[], old=null
2023-09-19 02:04:01,471 [grpc-default-executor-1] INFO  impl.VoteContext (VoteContext.java:log(49)) - b1558ce8-bc2f-4c62-aaec-0278e14522f1@group-DDAA0B417BEA-FOLLOWER: accept ELECTION from 251b4ee7-4683-41e7-a4df-609a9bc3ccca: our priority 0 <= candidate's priority 1
2023-09-19 02:04:01,471 [grpc-default-executor-1] INFO  server.RaftServer$Division (RaftServerImpl.java:setRole(329)) - b1558ce8-bc2f-4c62-aaec-0278e14522f1@group-DDAA0B417BEA: changes role from  FOLLOWER to FOLLOWER at term 1 for candidate:251b4ee7-4683-41e7-a4df-609a9bc3ccca
2023-09-19 02:04:01,471 [grpc-default-executor-1] INFO  impl.RoleInfo (RoleInfo.java:shutdownFollowerState(110)) - b1558ce8-bc2f-4c62-aaec-0278e14522f1: shutdown b1558ce8-bc2f-4c62-aaec-0278e14522f1@group-DDAA0B417BEA-FollowerState
2023-09-19 02:04:01,472 [grpc-default-executor-1] INFO  impl.RoleInfo (RoleInfo.java:updateAndGet(139)) - b1558ce8-bc2f-4c62-aaec-0278e14522f1: start b1558ce8-bc2f-4c62-aaec-0278e14522f1@group-DDAA0B417BEA-FollowerState
2023-09-19 02:04:01,479 [b1558ce8-bc2f-4c62-aaec-0278e14522f1@group-DDAA0B417BEA-FollowerState] INFO  impl.FollowerState (FollowerState.java:run(152)) - b1558ce8-bc2f-4c62-aaec-0278e14522f1@group-DDAA0B417BEA-FollowerState was interrupted
2023-09-19 02:04:01,484 [grpc-default-executor-1] INFO  server.RaftServer$Division (RaftServerImpl.java:requestVote(1335)) - b1558ce8-bc2f-4c62-aaec-0278e14522f1@group-DDAA0B417BEA replies to ELECTION vote request: 251b4ee7-4683-41e7-a4df-609a9bc3ccca<-b1558ce8-bc2f-4c62-aaec-0278e14522f1#0:OK-t1. Peer's state: b1558ce8-bc2f-4c62-aaec-0278e14522f1@group-DDAA0B417BEA:t1, leader=null, voted=251b4ee7-4683-41e7-a4df-609a9bc3ccca, raftlog=Memoized:b1558ce8-bc2f-4c62-aaec-0278e14522f1@group-DDAA0B417BEA-SegmentedRaftLog:OPENED:c-1, conf=-1: peers:[b1558ce8-bc2f-4c62-aaec-0278e14522f1|rpc:10.1.0.29:15014|admin:10.1.0.29:15013|client:10.1.0.29:15012|dataStream:10.1.0.29:15015|priority:0|startupRole:FOLLOWER, 3d8e742d-6d38-4fa1-811b-6a8dd626afd2|rpc:10.1.0.29:15023|admin:10.1.0.29:15022|client:10.1.0.29:15021|dataStream:10.1.0.29:15024|priority:0|startupRole:FOLLOWER, 251b4ee7-4683-41e7-a4df-609a9bc3ccca|rpc:10.1.0.29:15032|admin:10.1.0.29:15031|client:10.1.0.29:15030|dataStream:10.1.0.29:15033|priority:1|startupRole:FOLLOWER]|listeners:[], old=null
2023-09-19 02:04:01,484 [grpc-default-executor-2] INFO  server.RaftServer$Division (RaftServerImpl.java:requestVote(1302)) - 3d8e742d-6d38-4fa1-811b-6a8dd626afd2@group-DDAA0B417BEA: receive requestVote(ELECTION, 251b4ee7-4683-41e7-a4df-609a9bc3ccca, group-DDAA0B417BEA, 1, (t:0, i:0))
2023-09-19 02:04:01,484 [grpc-default-executor-2] INFO  impl.VoteContext (VoteContext.java:log(49)) - 3d8e742d-6d38-4fa1-811b-6a8dd626afd2@group-DDAA0B417BEA-FOLLOWER: accept ELECTION from 251b4ee7-4683-41e7-a4df-609a9bc3ccca: our priority 0 <= candidate's priority 1
2023-09-19 02:04:01,484 [grpc-default-executor-2] INFO  server.RaftServer$Division (RaftServerImpl.java:setRole(329)) - 3d8e742d-6d38-4fa1-811b-6a8dd626afd2@group-DDAA0B417BEA: changes role from  FOLLOWER to FOLLOWER at term 1 for candidate:251b4ee7-4683-41e7-a4df-609a9bc3ccca
2023-09-19 02:04:01,484 [grpc-default-executor-2] INFO  impl.RoleInfo (RoleInfo.java:shutdownFollowerState(110)) - 3d8e742d-6d38-4fa1-811b-6a8dd626afd2: shutdown 3d8e742d-6d38-4fa1-811b-6a8dd626afd2@group-DDAA0B417BEA-FollowerState
2023-09-19 02:04:01,484 [3d8e742d-6d38-4fa1-811b-6a8dd626afd2@group-DDAA0B417BEA-FollowerState] INFO  impl.FollowerState (FollowerState.java:run(152)) - 3d8e742d-6d38-4fa1-811b-6a8dd626afd2@group-DDAA0B417BEA-FollowerState was interrupted
2023-09-19 02:04:01,497 [grpc-default-executor-2] INFO  impl.RoleInfo (RoleInfo.java:updateAndGet(139)) - 3d8e742d-6d38-4fa1-811b-6a8dd626afd2: start 3d8e742d-6d38-4fa1-811b-6a8dd626afd2@group-DDAA0B417BEA-FollowerState
2023-09-19 02:04:01,497 [251b4ee7-4683-41e7-a4df-609a9bc3ccca@group-DDAA0B417BEA-LeaderElection6] INFO  impl.LeaderElection (LeaderElection.java:logAndReturn(90)) - 251b4ee7-4683-41e7-a4df-609a9bc3ccca@group-DDAA0B417BEA-LeaderElection6: ELECTION PASSED received 1 response(s) and 0 exception(s):
2023-09-19 02:04:01,498 [251b4ee7-4683-41e7-a4df-609a9bc3ccca@group-DDAA0B417BEA-LeaderElection6] INFO  impl.LeaderElection (LeaderElection.java:logAndReturn(94)) -   Response 0: 251b4ee7-4683-41e7-a4df-609a9bc3ccca<-b1558ce8-bc2f-4c62-aaec-0278e14522f1#0:OK-t1
2023-09-19 02:04:01,500 [251b4ee7-4683-41e7-a4df-609a9bc3ccca@group-DDAA0B417BEA-LeaderElection6] INFO  impl.LeaderElection (LeaderElection.java:askForVotes(323)) - 251b4ee7-4683-41e7-a4df-609a9bc3ccca@group-DDAA0B417BEA-LeaderElection6 ELECTION round 0: result PASSED
2023-09-19 02:04:01,500 [251b4ee7-4683-41e7-a4df-609a9bc3ccca@group-DDAA0B417BEA-LeaderElection6] INFO  impl.RoleInfo (RoleInfo.java:shutdownLeaderElection(130)) - 251b4ee7-4683-41e7-a4df-609a9bc3ccca: shutdown 251b4ee7-4683-41e7-a4df-609a9bc3ccca@group-DDAA0B417BEA-LeaderElection6
2023-09-19 02:04:01,500 [251b4ee7-4683-41e7-a4df-609a9bc3ccca@group-DDAA0B417BEA-LeaderElection6] INFO  server.RaftServer$Division (RaftServerImpl.java:setRole(329)) - 251b4ee7-4683-41e7-a4df-609a9bc3ccca@group-DDAA0B417BEA: changes role from CANDIDATE to LEADER at term 1 for changeToLeader
2023-09-19 02:04:01,500 [251b4ee7-4683-41e7-a4df-609a9bc3ccca@group-DDAA0B417BEA-LeaderElection6] INFO  ratis.XceiverServerRatis (XceiverServerRatis.java:handleLeaderChangedNotification(902)) - Leader change notification received for group: group-DDAA0B417BEA with new leaderId: 251b4ee7-4683-41e7-a4df-609a9bc3ccca
2023-09-19 02:04:01,500 [grpc-default-executor-2] INFO  server.RaftServer$Division (RaftServerImpl.java:requestVote(1335)) - 3d8e742d-6d38-4fa1-811b-6a8dd626afd2@group-DDAA0B417BEA replies to ELECTION vote request: 251b4ee7-4683-41e7-a4df-609a9bc3ccca<-3d8e742d-6d38-4fa1-811b-6a8dd626afd2#0:OK-t1. Peer's state: 3d8e742d-6d38-4fa1-811b-6a8dd626afd2@group-DDAA0B417BEA:t1, leader=null, voted=251b4ee7-4683-41e7-a4df-609a9bc3ccca, raftlog=Memoized:3d8e742d-6d38-4fa1-811b-6a8dd626afd2@group-DDAA0B417BEA-SegmentedRaftLog:OPENED:c-1, conf=-1: peers:[b1558ce8-bc2f-4c62-aaec-0278e14522f1|rpc:10.1.0.29:15014|admin:10.1.0.29:15013|client:10.1.0.29:15012|dataStream:10.1.0.29:15015|priority:0|startupRole:FOLLOWER, 3d8e742d-6d38-4fa1-811b-6a8dd626afd2|rpc:10.1.0.29:15023|admin:10.1.0.29:15022|client:10.1.0.29:15021|dataStream:10.1.0.29:15024|priority:0|startupRole:FOLLOWER, 251b4ee7-4683-41e7-a4df-609a9bc3ccca|rpc:10.1.0.29:15032|admin:10.1.0.29:15031|client:10.1.0.29:15030|dataStream:10.1.0.29:15033|priority:1|startupRole:FOLLOWER]|listeners:[], old=null
2023-09-19 02:04:01,500 [251b4ee7-4683-41e7-a4df-609a9bc3ccca@group-DDAA0B417BEA-LeaderElection6] INFO  server.RaftServer$Division (ServerState.java:setLeader(317)) - 251b4ee7-4683-41e7-a4df-609a9bc3ccca@group-DDAA0B417BEA: change Leader from null to 251b4ee7-4683-41e7-a4df-609a9bc3ccca at term 1 for becomeLeader, leader elected after 5190ms
2023-09-19 02:04:01,500 [251b4ee7-4683-41e7-a4df-609a9bc3ccca@group-DDAA0B417BEA-LeaderElection6] INFO  server.RaftServerConfigKeys (ConfUtils.java:logGet(46)) - raft.server.staging.catchup.gap = 1000 (default)
2023-09-19 02:04:01,501 [251b4ee7-4683-41e7-a4df-609a9bc3ccca@group-DDAA0B417BEA-LeaderElection6] INFO  server.RaftServerConfigKeys (ConfUtils.java:logGet(46)) - raft.server.write.element-limit = 1024 (custom)
2023-09-19 02:04:01,501 [251b4ee7-4683-41e7-a4df-609a9bc3ccca@group-DDAA0B417BEA-LeaderElection6] INFO  server.RaftServerConfigKeys (ConfUtils.java:logGet(46)) - raft.server.write.byte-limit = 1024 M (=1073741824) (custom)
2023-09-19 02:04:01,501 [251b4ee7-4683-41e7-a4df-609a9bc3ccca@group-DDAA0B417BEA-LeaderElection6] INFO  server.RaftServerConfigKeys (ConfUtils.java:logGet(46)) - raft.server.watch.timeout = 180s (custom)
2023-09-19 02:04:01,501 [251b4ee7-4683-41e7-a4df-609a9bc3ccca@group-DDAA0B417BEA-LeaderElection6] INFO  server.RaftServerConfigKeys (ConfUtils.java:logGet(46)) - raft.server.watch.timeout.denomination = 1s (default)
2023-09-19 02:04:01,501 [251b4ee7-4683-41e7-a4df-609a9bc3ccca@group-DDAA0B417BEA-LeaderElection6] INFO  server.RaftServerConfigKeys (ConfUtils.java:logGet(46)) - raft.server.watch.element-limit = 65536 (default)
2023-09-19 02:04:01,501 [251b4ee7-4683-41e7-a4df-609a9bc3ccca@group-DDAA0B417BEA-LeaderElection6] INFO  server.RaftServerConfigKeys (ConfUtils.java:logGet(46)) - raft.server.write.element-limit = 1024 (custom)
2023-09-19 02:04:01,501 [251b4ee7-4683-41e7-a4df-609a9bc3ccca@group-DDAA0B417BEA-LeaderElection6] INFO  server.RaftServerConfigKeys (ConfUtils.java:logGet(46)) - raft.server.write.follower.gap.ratio.max = -1.0 (default)
2023-09-19 02:04:01,502 [251b4ee7-4683-41e7-a4df-609a9bc3ccca@group-DDAA0B417BEA-LeaderElection6] INFO  server.RaftServerConfigKeys (ConfUtils.java:logGet(46)) - raft.server.log.appender.snapshot.chunk.size.max = 16MB (=16777216) (default)
2023-09-19 02:04:01,502 [251b4ee7-4683-41e7-a4df-609a9bc3ccca@group-DDAA0B417BEA-LeaderElection6] INFO  server.RaftServerConfigKeys (ConfUtils.java:logGet(46)) - raft.server.log.appender.buffer.byte-limit = 33554432 (custom)
2023-09-19 02:04:01,502 [251b4ee7-4683-41e7-a4df-609a9bc3ccca@group-DDAA0B417BEA-LeaderElection6] INFO  server.RaftServerConfigKeys (ConfUtils.java:logGet(46)) - raft.server.log.appender.buffer.element-limit = 1 (custom)
2023-09-19 02:04:01,502 [251b4ee7-4683-41e7-a4df-609a9bc3ccca@group-DDAA0B417BEA-LeaderElection6] INFO  server.RaftServerConfigKeys (ConfUtils.java:logGet(46)) - raft.server.log.appender.wait-time.min = 10ms (default)
2023-09-19 02:04:01,502 [251b4ee7-4683-41e7-a4df-609a9bc3ccca@group-DDAA0B417BEA-LeaderElection6] INFO  grpc.GrpcConfigKeys (ConfUtils.java:logGet(46)) - raft.grpc.server.leader.outstanding.appends.max = 128 (default)
2023-09-19 02:04:01,506 [251b4ee7-4683-41e7-a4df-609a9bc3ccca@group-DDAA0B417BEA-LeaderElection6] INFO  server.RaftServerConfigKeys (ConfUtils.java:logGet(46)) - raft.server.rpc.request.timeout = 60s (custom)
2023-09-19 02:04:01,510 [251b4ee7-4683-41e7-a4df-609a9bc3ccca@group-DDAA0B417BEA-LeaderElection6] INFO  grpc.GrpcConfigKeys (ConfUtils.java:logGet(46)) - raft.grpc.server.install_snapshot.request.element-limit = 8 (default)
2023-09-19 02:04:01,510 [251b4ee7-4683-41e7-a4df-609a9bc3ccca@group-DDAA0B417BEA-LeaderElection6] INFO  grpc.GrpcConfigKeys (ConfUtils.java:logGet(46)) - raft.grpc.server.install_snapshot.request.timeout = 3000ms (default)
2023-09-19 02:04:01,510 [251b4ee7-4683-41e7-a4df-609a9bc3ccca@group-DDAA0B417BEA-LeaderElection6] INFO  server.RaftServerConfigKeys (ConfUtils.java:logGet(46)) - raft.server.log.appender.install.snapshot.enabled = false (custom)
2023-09-19 02:04:01,510 [251b4ee7-4683-41e7-a4df-609a9bc3ccca@group-DDAA0B417BEA-LeaderElection6] INFO  grpc.GrpcConfigKeys (ConfUtils.java:logGet(46)) - raft.grpc.server.heartbeat.channel = true (default)
2023-09-19 02:04:01,511 [251b4ee7-4683-41e7-a4df-609a9bc3ccca@group-DDAA0B417BEA-LeaderElection6] INFO  server.RaftServerConfigKeys (ConfUtils.java:logGet(46)) - raft.server.log.appender.snapshot.chunk.size.max = 16MB (=16777216) (default)
2023-09-19 02:04:01,506 [EventQueue-PipelineReportForPipelineReportHandler] INFO  pipeline.PipelineReportHandler (PipelineReportHandler.java:processPipelineReport(136)) - Opened pipeline PipelineID=3f586d3c-261f-4542-8231-ddaa0b417bea
2023-09-19 02:04:01,512 [251b4ee7-4683-41e7-a4df-609a9bc3ccca@group-DDAA0B417BEA-LeaderElection6] INFO  server.RaftServerConfigKeys (ConfUtils.java:logGet(46)) - raft.server.log.appender.buffer.byte-limit = 33554432 (custom)
2023-09-19 02:04:01,518 [251b4ee7-4683-41e7-a4df-609a9bc3ccca@group-DDAA0B417BEA-LeaderElection6] INFO  server.RaftServerConfigKeys (ConfUtils.java:logGet(46)) - raft.server.log.appender.buffer.element-limit = 1 (custom)
2023-09-19 02:04:01,518 [251b4ee7-4683-41e7-a4df-609a9bc3ccca@group-DDAA0B417BEA-LeaderElection6] INFO  server.RaftServerConfigKeys (ConfUtils.java:logGet(46)) - raft.server.log.appender.wait-time.min = 10ms (default)
2023-09-19 02:04:01,518 [251b4ee7-4683-41e7-a4df-609a9bc3ccca@group-DDAA0B417BEA-LeaderElection6] INFO  grpc.GrpcConfigKeys (ConfUtils.java:logGet(46)) - raft.grpc.server.leader.outstanding.appends.max = 128 (default)
2023-09-19 02:04:01,518 [251b4ee7-4683-41e7-a4df-609a9bc3ccca@group-DDAA0B417BEA-LeaderElection6] INFO  server.RaftServerConfigKeys (ConfUtils.java:logGet(46)) - raft.server.rpc.request.timeout = 60s (custom)
2023-09-19 02:04:01,518 [251b4ee7-4683-41e7-a4df-609a9bc3ccca@group-DDAA0B417BEA-LeaderElection6] INFO  grpc.GrpcConfigKeys (ConfUtils.java:logGet(46)) - raft.grpc.server.install_snapshot.request.element-limit = 8 (default)
2023-09-19 02:04:01,518 [251b4ee7-4683-41e7-a4df-609a9bc3ccca@group-DDAA0B417BEA-LeaderElection6] INFO  grpc.GrpcConfigKeys (ConfUtils.java:logGet(46)) - raft.grpc.server.install_snapshot.request.timeout = 3000ms (default)
2023-09-19 02:04:01,518 [251b4ee7-4683-41e7-a4df-609a9bc3ccca@group-DDAA0B417BEA-LeaderElection6] INFO  server.RaftServerConfigKeys (ConfUtils.java:logGet(46)) - raft.server.log.appender.install.snapshot.enabled = false (custom)
2023-09-19 02:04:01,518 [251b4ee7-4683-41e7-a4df-609a9bc3ccca@group-DDAA0B417BEA-LeaderElection6] INFO  grpc.GrpcConfigKeys (ConfUtils.java:logGet(46)) - raft.grpc.server.heartbeat.channel = true (default)
2023-09-19 02:04:01,519 [251b4ee7-4683-41e7-a4df-609a9bc3ccca@group-DDAA0B417BEA-LeaderElection6] INFO  impl.RoleInfo (RoleInfo.java:updateAndGet(139)) - 251b4ee7-4683-41e7-a4df-609a9bc3ccca: start 251b4ee7-4683-41e7-a4df-609a9bc3ccca@group-DDAA0B417BEA-LeaderStateImpl
2023-09-19 02:04:01,519 [251b4ee7-4683-41e7-a4df-609a9bc3ccca@group-DDAA0B417BEA-LeaderElection6] INFO  segmented.SegmentedRaftLogWorker (SegmentedRaftLogWorker.java:startLogSegment(447)) - 251b4ee7-4683-41e7-a4df-609a9bc3ccca@group-DDAA0B417BEA-SegmentedRaftLogWorker: Starting segment from index:0
2023-09-19 02:04:01,520 [251b4ee7-4683-41e7-a4df-609a9bc3ccca@group-DDAA0B417BEA-SegmentedRaftLogWorker] INFO  segmented.SegmentedRaftLogWorker (SegmentedRaftLogWorker.java:execute(651)) - 251b4ee7-4683-41e7-a4df-609a9bc3ccca@group-DDAA0B417BEA-SegmentedRaftLogWorker: created new log segment /home/runner/work/ozone/ozone/hadoop-ozone/integration-test/target/test-dir/MiniOzoneClusterImpl-9bcb963b-3a30-483e-aad5-953c8710d6fd/datanode-2/data/ratis/3f586d3c-261f-4542-8231-ddaa0b417bea/current/log_inprogress_0
2023-09-19 02:04:01,526 [251b4ee7-4683-41e7-a4df-609a9bc3ccca@group-DDAA0B417BEA-LeaderElection6] INFO  server.RaftServer$Division (ServerState.java:setRaftConf(434)) - 251b4ee7-4683-41e7-a4df-609a9bc3ccca@group-DDAA0B417BEA: set configuration 0: peers:[b1558ce8-bc2f-4c62-aaec-0278e14522f1|rpc:10.1.0.29:15014|admin:10.1.0.29:15013|client:10.1.0.29:15012|dataStream:10.1.0.29:15015|priority:0|startupRole:FOLLOWER, 3d8e742d-6d38-4fa1-811b-6a8dd626afd2|rpc:10.1.0.29:15023|admin:10.1.0.29:15022|client:10.1.0.29:15021|dataStream:10.1.0.29:15024|priority:0|startupRole:FOLLOWER, 251b4ee7-4683-41e7-a4df-609a9bc3ccca|rpc:10.1.0.29:15032|admin:10.1.0.29:15031|client:10.1.0.29:15030|dataStream:10.1.0.29:15033|priority:1|startupRole:FOLLOWER]|listeners:[], old=null
2023-09-19 02:04:01,540 [b1558ce8-bc2f-4c62-aaec-0278e14522f1-server-thread1] INFO  ratis.XceiverServerRatis (XceiverServerRatis.java:handleLeaderChangedNotification(902)) - Leader change notification received for group: group-DDAA0B417BEA with new leaderId: 251b4ee7-4683-41e7-a4df-609a9bc3ccca
2023-09-19 02:04:01,540 [b1558ce8-bc2f-4c62-aaec-0278e14522f1-server-thread1] INFO  server.RaftServer$Division (ServerState.java:setLeader(317)) - b1558ce8-bc2f-4c62-aaec-0278e14522f1@group-DDAA0B417BEA: change Leader from null to 251b4ee7-4683-41e7-a4df-609a9bc3ccca at term 1 for appendEntries, leader elected after 5149ms
2023-09-19 02:04:01,550 [b1558ce8-bc2f-4c62-aaec-0278e14522f1-server-thread1] INFO  server.RaftServer$Division (ServerState.java:setRaftConf(434)) - b1558ce8-bc2f-4c62-aaec-0278e14522f1@group-DDAA0B417BEA: set configuration 0: peers:[b1558ce8-bc2f-4c62-aaec-0278e14522f1|rpc:10.1.0.29:15014|admin:10.1.0.29:15013|client:10.1.0.29:15012|dataStream:10.1.0.29:15015|priority:0|startupRole:FOLLOWER, 3d8e742d-6d38-4fa1-811b-6a8dd626afd2|rpc:10.1.0.29:15023|admin:10.1.0.29:15022|client:10.1.0.29:15021|dataStream:10.1.0.29:15024|priority:0|startupRole:FOLLOWER, 251b4ee7-4683-41e7-a4df-609a9bc3ccca|rpc:10.1.0.29:15032|admin:10.1.0.29:15031|client:10.1.0.29:15030|dataStream:10.1.0.29:15033|priority:1|startupRole:FOLLOWER]|listeners:[], old=null
2023-09-19 02:04:01,551 [b1558ce8-bc2f-4c62-aaec-0278e14522f1-server-thread1] INFO  segmented.SegmentedRaftLogWorker (SegmentedRaftLogWorker.java:startLogSegment(447)) - b1558ce8-bc2f-4c62-aaec-0278e14522f1@group-DDAA0B417BEA-SegmentedRaftLogWorker: Starting segment from index:0
2023-09-19 02:04:01,554 [b1558ce8-bc2f-4c62-aaec-0278e14522f1@group-DDAA0B417BEA-SegmentedRaftLogWorker] INFO  segmented.SegmentedRaftLogWorker (SegmentedRaftLogWorker.java:execute(651)) - b1558ce8-bc2f-4c62-aaec-0278e14522f1@group-DDAA0B417BEA-SegmentedRaftLogWorker: created new log segment /home/runner/work/ozone/ozone/hadoop-ozone/integration-test/target/test-dir/MiniOzoneClusterImpl-9bcb963b-3a30-483e-aad5-953c8710d6fd/datanode-0/data/ratis/3f586d3c-261f-4542-8231-ddaa0b417bea/current/log_inprogress_0
2023-09-19 02:04:01,567 [3d8e742d-6d38-4fa1-811b-6a8dd626afd2-server-thread1] INFO  ratis.XceiverServerRatis (XceiverServerRatis.java:handleLeaderChangedNotification(902)) - Leader change notification received for group: group-DDAA0B417BEA with new leaderId: 251b4ee7-4683-41e7-a4df-609a9bc3ccca
2023-09-19 02:04:01,575 [3d8e742d-6d38-4fa1-811b-6a8dd626afd2-server-thread1] INFO  server.RaftServer$Division (ServerState.java:setLeader(317)) - 3d8e742d-6d38-4fa1-811b-6a8dd626afd2@group-DDAA0B417BEA: change Leader from null to 251b4ee7-4683-41e7-a4df-609a9bc3ccca at term 1 for appendEntries, leader elected after 5084ms
2023-09-19 02:04:01,577 [3d8e742d-6d38-4fa1-811b-6a8dd626afd2-server-thread1] INFO  server.RaftServer$Division (ServerState.java:setRaftConf(434)) - 3d8e742d-6d38-4fa1-811b-6a8dd626afd2@group-DDAA0B417BEA: set configuration 0: peers:[b1558ce8-bc2f-4c62-aaec-0278e14522f1|rpc:10.1.0.29:15014|admin:10.1.0.29:15013|client:10.1.0.29:15012|dataStream:10.1.0.29:15015|priority:0|startupRole:FOLLOWER, 3d8e742d-6d38-4fa1-811b-6a8dd626afd2|rpc:10.1.0.29:15023|admin:10.1.0.29:15022|client:10.1.0.29:15021|dataStream:10.1.0.29:15024|priority:0|startupRole:FOLLOWER, 251b4ee7-4683-41e7-a4df-609a9bc3ccca|rpc:10.1.0.29:15032|admin:10.1.0.29:15031|client:10.1.0.29:15030|dataStream:10.1.0.29:15033|priority:1|startupRole:FOLLOWER]|listeners:[], old=null
2023-09-19 02:04:01,577 [3d8e742d-6d38-4fa1-811b-6a8dd626afd2-server-thread1] INFO  segmented.SegmentedRaftLogWorker (SegmentedRaftLogWorker.java:startLogSegment(447)) - 3d8e742d-6d38-4fa1-811b-6a8dd626afd2@group-DDAA0B417BEA-SegmentedRaftLogWorker: Starting segment from index:0
2023-09-19 02:04:01,578 [3d8e742d-6d38-4fa1-811b-6a8dd626afd2@group-DDAA0B417BEA-SegmentedRaftLogWorker] INFO  segmented.SegmentedRaftLogWorker (SegmentedRaftLogWorker.java:execute(651)) - 3d8e742d-6d38-4fa1-811b-6a8dd626afd2@group-DDAA0B417BEA-SegmentedRaftLogWorker: created new log segment /home/runner/work/ozone/ozone/hadoop-ozone/integration-test/target/test-dir/MiniOzoneClusterImpl-9bcb963b-3a30-483e-aad5-953c8710d6fd/datanode-1/data/ratis/3f586d3c-261f-4542-8231-ddaa0b417bea/current/log_inprogress_0
2023-09-19 02:04:01,605 [5318791c-eaf4-4a3a-8c62-f5bfab93a736@group-D93D3BAFBDB7-FollowerState] INFO  impl.FollowerState (FollowerState.java:run(143)) - 5318791c-eaf4-4a3a-8c62-f5bfab93a736@group-D93D3BAFBDB7-FollowerState: change to CANDIDATE, lastRpcElapsedTime:5031427907ns, electionTimeout:5030ms
2023-09-19 02:04:01,605 [5318791c-eaf4-4a3a-8c62-f5bfab93a736@group-D93D3BAFBDB7-FollowerState] INFO  impl.RoleInfo (RoleInfo.java:shutdownFollowerState(110)) - 5318791c-eaf4-4a3a-8c62-f5bfab93a736: shutdown 5318791c-eaf4-4a3a-8c62-f5bfab93a736@group-D93D3BAFBDB7-FollowerState
2023-09-19 02:04:01,605 [5318791c-eaf4-4a3a-8c62-f5bfab93a736@group-D93D3BAFBDB7-FollowerState] INFO  server.RaftServer$Division (RaftServerImpl.java:setRole(329)) - 5318791c-eaf4-4a3a-8c62-f5bfab93a736@group-D93D3BAFBDB7: changes role from  FOLLOWER to CANDIDATE at term 0 for changeToCandidate
2023-09-19 02:04:01,607 [5318791c-eaf4-4a3a-8c62-f5bfab93a736@group-D93D3BAFBDB7-FollowerState] INFO  server.RaftServerConfigKeys (ConfUtils.java:logGet(46)) - raft.server.leaderelection.pre-vote = true (default)
2023-09-19 02:04:01,608 [5318791c-eaf4-4a3a-8c62-f5bfab93a736@group-D93D3BAFBDB7-FollowerState] INFO  impl.RoleInfo (RoleInfo.java:updateAndGet(139)) - 5318791c-eaf4-4a3a-8c62-f5bfab93a736: start 5318791c-eaf4-4a3a-8c62-f5bfab93a736@group-D93D3BAFBDB7-LeaderElection7
2023-09-19 02:04:01,609 [5318791c-eaf4-4a3a-8c62-f5bfab93a736@group-D93D3BAFBDB7-LeaderElection7] INFO  impl.LeaderElection (LeaderElection.java:askForVotes(321)) - 5318791c-eaf4-4a3a-8c62-f5bfab93a736@group-D93D3BAFBDB7-LeaderElection7 PRE_VOTE round 0: submit vote requests at term 0 for -1: peers:[5318791c-eaf4-4a3a-8c62-f5bfab93a736|rpc:10.1.0.29:15041|admin:10.1.0.29:15040|client:10.1.0.29:15039|dataStream:10.1.0.29:15042|priority:1|startupRole:FOLLOWER]|listeners:[], old=null
2023-09-19 02:04:01,609 [5318791c-eaf4-4a3a-8c62-f5bfab93a736@group-D93D3BAFBDB7-LeaderElection7] INFO  impl.LeaderElection (LeaderElection.java:askForVotes(323)) - 5318791c-eaf4-4a3a-8c62-f5bfab93a736@group-D93D3BAFBDB7-LeaderElection7 PRE_VOTE round 0: result PASSED (term=0)
2023-09-19 02:04:01,613 [5318791c-eaf4-4a3a-8c62-f5bfab93a736@group-D93D3BAFBDB7-LeaderElection7] INFO  impl.LeaderElection (LeaderElection.java:askForVotes(321)) - 5318791c-eaf4-4a3a-8c62-f5bfab93a736@group-D93D3BAFBDB7-LeaderElection7 ELECTION round 0: submit vote requests at term 1 for -1: peers:[5318791c-eaf4-4a3a-8c62-f5bfab93a736|rpc:10.1.0.29:15041|admin:10.1.0.29:15040|client:10.1.0.29:15039|dataStream:10.1.0.29:15042|priority:1|startupRole:FOLLOWER]|listeners:[], old=null
2023-09-19 02:04:01,613 [5318791c-eaf4-4a3a-8c62-f5bfab93a736@group-D93D3BAFBDB7-LeaderElection7] INFO  impl.LeaderElection (LeaderElection.java:askForVotes(323)) - 5318791c-eaf4-4a3a-8c62-f5bfab93a736@group-D93D3BAFBDB7-LeaderElection7 ELECTION round 0: result PASSED (term=1)
2023-09-19 02:04:01,613 [5318791c-eaf4-4a3a-8c62-f5bfab93a736@group-D93D3BAFBDB7-LeaderElection7] INFO  impl.RoleInfo (RoleInfo.java:shutdownLeaderElection(130)) - 5318791c-eaf4-4a3a-8c62-f5bfab93a736: shutdown 5318791c-eaf4-4a3a-8c62-f5bfab93a736@group-D93D3BAFBDB7-LeaderElection7
2023-09-19 02:04:01,613 [5318791c-eaf4-4a3a-8c62-f5bfab93a736@group-D93D3BAFBDB7-LeaderElection7] INFO  server.RaftServer$Division (RaftServerImpl.java:setRole(329)) - 5318791c-eaf4-4a3a-8c62-f5bfab93a736@group-D93D3BAFBDB7: changes role from CANDIDATE to LEADER at term 1 for changeToLeader
2023-09-19 02:04:01,613 [5318791c-eaf4-4a3a-8c62-f5bfab93a736@group-D93D3BAFBDB7-LeaderElection7] INFO  ratis.XceiverServerRatis (XceiverServerRatis.java:handleLeaderChangedNotification(902)) - Leader change notification received for group: group-D93D3BAFBDB7 with new leaderId: 5318791c-eaf4-4a3a-8c62-f5bfab93a736
2023-09-19 02:04:01,615 [5318791c-eaf4-4a3a-8c62-f5bfab93a736@group-D93D3BAFBDB7-LeaderElection7] INFO  server.RaftServer$Division (ServerState.java:setLeader(317)) - 5318791c-eaf4-4a3a-8c62-f5bfab93a736@group-D93D3BAFBDB7: change Leader from null to 5318791c-eaf4-4a3a-8c62-f5bfab93a736 at term 1 for becomeLeader, leader elected after 5059ms
2023-09-19 02:04:01,616 [5318791c-eaf4-4a3a-8c62-f5bfab93a736@group-D93D3BAFBDB7-LeaderElection7] INFO  server.RaftServerConfigKeys (ConfUtils.java:logGet(46)) - raft.server.staging.catchup.gap = 1000 (default)
2023-09-19 02:04:01,616 [5318791c-eaf4-4a3a-8c62-f5bfab93a736@group-D93D3BAFBDB7-LeaderElection7] INFO  server.RaftServerConfigKeys (ConfUtils.java:logGet(46)) - raft.server.write.element-limit = 1024 (custom)
2023-09-19 02:04:01,616 [5318791c-eaf4-4a3a-8c62-f5bfab93a736@group-D93D3BAFBDB7-LeaderElection7] INFO  server.RaftServerConfigKeys (ConfUtils.java:logGet(46)) - raft.server.write.byte-limit = 1024 M (=1073741824) (custom)
2023-09-19 02:04:01,616 [5318791c-eaf4-4a3a-8c62-f5bfab93a736@group-D93D3BAFBDB7-LeaderElection7] INFO  server.RaftServerConfigKeys (ConfUtils.java:logGet(46)) - raft.server.watch.timeout = 180s (custom)
2023-09-19 02:04:01,616 [5318791c-eaf4-4a3a-8c62-f5bfab93a736@group-D93D3BAFBDB7-LeaderElection7] INFO  server.RaftServerConfigKeys (ConfUtils.java:logGet(46)) - raft.server.watch.timeout.denomination = 1s (default)
2023-09-19 02:04:01,616 [5318791c-eaf4-4a3a-8c62-f5bfab93a736@group-D93D3BAFBDB7-LeaderElection7] INFO  server.RaftServerConfigKeys (ConfUtils.java:logGet(46)) - raft.server.watch.element-limit = 65536 (default)
2023-09-19 02:04:01,616 [5318791c-eaf4-4a3a-8c62-f5bfab93a736@group-D93D3BAFBDB7-LeaderElection7] INFO  server.RaftServerConfigKeys (ConfUtils.java:logGet(46)) - raft.server.write.element-limit = 1024 (custom)
2023-09-19 02:04:01,617 [5318791c-eaf4-4a3a-8c62-f5bfab93a736@group-D93D3BAFBDB7-LeaderElection7] INFO  server.RaftServerConfigKeys (ConfUtils.java:logGet(46)) - raft.server.write.follower.gap.ratio.max = -1.0 (default)
2023-09-19 02:04:01,618 [5318791c-eaf4-4a3a-8c62-f5bfab93a736@group-D93D3BAFBDB7-LeaderElection7] INFO  impl.RoleInfo (RoleInfo.java:updateAndGet(139)) - 5318791c-eaf4-4a3a-8c62-f5bfab93a736: start 5318791c-eaf4-4a3a-8c62-f5bfab93a736@group-D93D3BAFBDB7-LeaderStateImpl
2023-09-19 02:04:01,618 [5318791c-eaf4-4a3a-8c62-f5bfab93a736@group-D93D3BAFBDB7-LeaderElection7] INFO  segmented.SegmentedRaftLogWorker (SegmentedRaftLogWorker.java:startLogSegment(447)) - 5318791c-eaf4-4a3a-8c62-f5bfab93a736@group-D93D3BAFBDB7-SegmentedRaftLogWorker: Starting segment from index:0
2023-09-19 02:04:01,619 [5318791c-eaf4-4a3a-8c62-f5bfab93a736@group-D93D3BAFBDB7-SegmentedRaftLogWorker] INFO  segmented.SegmentedRaftLogWorker (SegmentedRaftLogWorker.java:execute(651)) - 5318791c-eaf4-4a3a-8c62-f5bfab93a736@group-D93D3BAFBDB7-SegmentedRaftLogWorker: created new log segment /home/runner/work/ozone/ozone/hadoop-ozone/integration-test/target/test-dir/MiniOzoneClusterImpl-9bcb963b-3a30-483e-aad5-953c8710d6fd/datanode-3/data/ratis/89f614a1-878a-4ed0-9158-d93d3bafbdb7/current/log_inprogress_0
2023-09-19 02:04:01,620 [5318791c-eaf4-4a3a-8c62-f5bfab93a736@group-D93D3BAFBDB7-LeaderElection7] INFO  server.RaftServer$Division (ServerState.java:setRaftConf(434)) - 5318791c-eaf4-4a3a-8c62-f5bfab93a736@group-D93D3BAFBDB7: set configuration 0: peers:[5318791c-eaf4-4a3a-8c62-f5bfab93a736|rpc:10.1.0.29:15041|admin:10.1.0.29:15040|client:10.1.0.29:15039|dataStream:10.1.0.29:15042|priority:1|startupRole:FOLLOWER]|listeners:[], old=null
2023-09-19 02:04:01,811 [main] INFO  rpc.RpcClient (RpcClient.java:createVolume(461)) - Creating Volume: volume43289, with user51015 as owner and space quota set to -1 bytes, counts quota set to -1
2023-09-19 02:04:01,860 [OM StateMachine ApplyTransaction Thread - 0] INFO  volume.OMVolumeCreateRequest (OMVolumeCreateRequest.java:validateAndUpdateCache(196)) - created volume:volume43289 for user:user51015
2023-09-19 02:04:01,881 [main] INFO  rpc.RpcClient (RpcClient.java:createBucket(688)) - Creating Bucket: volume43289/bucket29045, with bucket layout LEGACY, runner as owner, Versioning false, Storage Type set to DISK and Encryption set to false, Replication Type set to server-side default replication type, Namespace Quota set to -1, Space Quota set to -1 
2023-09-19 02:04:01,904 [OM StateMachine ApplyTransaction Thread - 0] INFO  bucket.OMBucketCreateRequest (OMBucketCreateRequest.java:validateAndUpdateCache(270)) - created bucket: bucket29045 of layout LEGACY in volume: volume43289
2023-09-19 02:04:01,961 [e775f47d-b5dc-484c-be98-194b1f285975@group-2C9B274E37DA-FollowerState] INFO  impl.FollowerState (FollowerState.java:run(143)) - e775f47d-b5dc-484c-be98-194b1f285975@group-2C9B274E37DA-FollowerState: change to CANDIDATE, lastRpcElapsedTime:5058510881ns, electionTimeout:5057ms
2023-09-19 02:04:01,962 [e775f47d-b5dc-484c-be98-194b1f285975@group-2C9B274E37DA-FollowerState] INFO  impl.RoleInfo (RoleInfo.java:shutdownFollowerState(110)) - e775f47d-b5dc-484c-be98-194b1f285975: shutdown e775f47d-b5dc-484c-be98-194b1f285975@group-2C9B274E37DA-FollowerState
2023-09-19 02:04:01,962 [e775f47d-b5dc-484c-be98-194b1f285975@group-2C9B274E37DA-FollowerState] INFO  server.RaftServer$Division (RaftServerImpl.java:setRole(329)) - e775f47d-b5dc-484c-be98-194b1f285975@group-2C9B274E37DA: changes role from  FOLLOWER to CANDIDATE at term 0 for changeToCandidate
2023-09-19 02:04:01,963 [e775f47d-b5dc-484c-be98-194b1f285975@group-2C9B274E37DA-FollowerState] INFO  server.RaftServerConfigKeys (ConfUtils.java:logGet(46)) - raft.server.leaderelection.pre-vote = true (default)
2023-09-19 02:04:01,963 [e775f47d-b5dc-484c-be98-194b1f285975@group-2C9B274E37DA-FollowerState] INFO  impl.RoleInfo (RoleInfo.java:updateAndGet(139)) - e775f47d-b5dc-484c-be98-194b1f285975: start e775f47d-b5dc-484c-be98-194b1f285975@group-2C9B274E37DA-LeaderElection8
2023-09-19 02:04:01,975 [e775f47d-b5dc-484c-be98-194b1f285975@group-2C9B274E37DA-LeaderElection8] INFO  impl.LeaderElection (LeaderElection.java:askForVotes(321)) - e775f47d-b5dc-484c-be98-194b1f285975@group-2C9B274E37DA-LeaderElection8 PRE_VOTE round 0: submit vote requests at term 0 for -1: peers:[e775f47d-b5dc-484c-be98-194b1f285975|rpc:10.1.0.29:15050|admin:10.1.0.29:15049|client:10.1.0.29:15048|dataStream:10.1.0.29:15051|priority:1|startupRole:FOLLOWER]|listeners:[], old=null
2023-09-19 02:04:01,976 [e775f47d-b5dc-484c-be98-194b1f285975@group-2C9B274E37DA-LeaderElection8] INFO  impl.LeaderElection (LeaderElection.java:askForVotes(323)) - e775f47d-b5dc-484c-be98-194b1f285975@group-2C9B274E37DA-LeaderElection8 PRE_VOTE round 0: result PASSED (term=0)
2023-09-19 02:04:01,977 [e775f47d-b5dc-484c-be98-194b1f285975@group-2C9B274E37DA-LeaderElection8] INFO  impl.LeaderElection (LeaderElection.java:askForVotes(321)) - e775f47d-b5dc-484c-be98-194b1f285975@group-2C9B274E37DA-LeaderElection8 ELECTION round 0: submit vote requests at term 1 for -1: peers:[e775f47d-b5dc-484c-be98-194b1f285975|rpc:10.1.0.29:15050|admin:10.1.0.29:15049|client:10.1.0.29:15048|dataStream:10.1.0.29:15051|priority:1|startupRole:FOLLOWER]|listeners:[], old=null
2023-09-19 02:04:01,977 [e775f47d-b5dc-484c-be98-194b1f285975@group-2C9B274E37DA-LeaderElection8] INFO  impl.LeaderElection (LeaderElection.java:askForVotes(323)) - e775f47d-b5dc-484c-be98-194b1f285975@group-2C9B274E37DA-LeaderElection8 ELECTION round 0: result PASSED (term=1)
2023-09-19 02:04:01,977 [e775f47d-b5dc-484c-be98-194b1f285975@group-2C9B274E37DA-LeaderElection8] INFO  impl.RoleInfo (RoleInfo.java:shutdownLeaderElection(130)) - e775f47d-b5dc-484c-be98-194b1f285975: shutdown e775f47d-b5dc-484c-be98-194b1f285975@group-2C9B274E37DA-LeaderElection8
2023-09-19 02:04:01,977 [e775f47d-b5dc-484c-be98-194b1f285975@group-2C9B274E37DA-LeaderElection8] INFO  server.RaftServer$Division (RaftServerImpl.java:setRole(329)) - e775f47d-b5dc-484c-be98-194b1f285975@group-2C9B274E37DA: changes role from CANDIDATE to LEADER at term 1 for changeToLeader
2023-09-19 02:04:01,978 [e775f47d-b5dc-484c-be98-194b1f285975@group-2C9B274E37DA-LeaderElection8] INFO  ratis.XceiverServerRatis (XceiverServerRatis.java:handleLeaderChangedNotification(902)) - Leader change notification received for group: group-2C9B274E37DA with new leaderId: e775f47d-b5dc-484c-be98-194b1f285975
2023-09-19 02:04:01,978 [e775f47d-b5dc-484c-be98-194b1f285975@group-2C9B274E37DA-LeaderElection8] INFO  server.RaftServer$Division (ServerState.java:setLeader(317)) - e775f47d-b5dc-484c-be98-194b1f285975@group-2C9B274E37DA: change Leader from null to e775f47d-b5dc-484c-be98-194b1f285975 at term 1 for becomeLeader, leader elected after 5105ms
2023-09-19 02:04:01,978 [e775f47d-b5dc-484c-be98-194b1f285975@group-2C9B274E37DA-LeaderElection8] INFO  server.RaftServerConfigKeys (ConfUtils.java:logGet(46)) - raft.server.staging.catchup.gap = 1000 (default)
2023-09-19 02:04:01,986 [e775f47d-b5dc-484c-be98-194b1f285975@group-2C9B274E37DA-LeaderElection8] INFO  server.RaftServerConfigKeys (ConfUtils.java:logGet(46)) - raft.server.write.element-limit = 1024 (custom)
2023-09-19 02:04:01,986 [e775f47d-b5dc-484c-be98-194b1f285975@group-2C9B274E37DA-LeaderElection8] INFO  server.RaftServerConfigKeys (ConfUtils.java:logGet(46)) - raft.server.write.byte-limit = 1024 M (=1073741824) (custom)
2023-09-19 02:04:01,986 [e775f47d-b5dc-484c-be98-194b1f285975@group-2C9B274E37DA-LeaderElection8] INFO  server.RaftServerConfigKeys (ConfUtils.java:logGet(46)) - raft.server.watch.timeout = 180s (custom)
2023-09-19 02:04:01,987 [e775f47d-b5dc-484c-be98-194b1f285975@group-2C9B274E37DA-LeaderElection8] INFO  server.RaftServerConfigKeys (ConfUtils.java:logGet(46)) - raft.server.watch.timeout.denomination = 1s (default)
2023-09-19 02:04:01,987 [e775f47d-b5dc-484c-be98-194b1f285975@group-2C9B274E37DA-LeaderElection8] INFO  server.RaftServerConfigKeys (ConfUtils.java:logGet(46)) - raft.server.watch.element-limit = 65536 (default)
2023-09-19 02:04:01,987 [e775f47d-b5dc-484c-be98-194b1f285975@group-2C9B274E37DA-LeaderElection8] INFO  server.RaftServerConfigKeys (ConfUtils.java:logGet(46)) - raft.server.write.element-limit = 1024 (custom)
2023-09-19 02:04:01,987 [e775f47d-b5dc-484c-be98-194b1f285975@group-2C9B274E37DA-LeaderElection8] INFO  server.RaftServerConfigKeys (ConfUtils.java:logGet(46)) - raft.server.write.follower.gap.ratio.max = -1.0 (default)
2023-09-19 02:04:01,987 [e775f47d-b5dc-484c-be98-194b1f285975@group-2C9B274E37DA-LeaderElection8] INFO  impl.RoleInfo (RoleInfo.java:updateAndGet(139)) - e775f47d-b5dc-484c-be98-194b1f285975: start e775f47d-b5dc-484c-be98-194b1f285975@group-2C9B274E37DA-LeaderStateImpl
2023-09-19 02:04:01,987 [e775f47d-b5dc-484c-be98-194b1f285975@group-2C9B274E37DA-LeaderElection8] INFO  segmented.SegmentedRaftLogWorker (SegmentedRaftLogWorker.java:startLogSegment(447)) - e775f47d-b5dc-484c-be98-194b1f285975@group-2C9B274E37DA-SegmentedRaftLogWorker: Starting segment from index:0
2023-09-19 02:04:01,989 [e775f47d-b5dc-484c-be98-194b1f285975@group-2C9B274E37DA-SegmentedRaftLogWorker] INFO  segmented.SegmentedRaftLogWorker (SegmentedRaftLogWorker.java:execute(651)) - e775f47d-b5dc-484c-be98-194b1f285975@group-2C9B274E37DA-SegmentedRaftLogWorker: created new log segment /home/runner/work/ozone/ozone/hadoop-ozone/integration-test/target/test-dir/MiniOzoneClusterImpl-9bcb963b-3a30-483e-aad5-953c8710d6fd/datanode-4/data/ratis/a0d23749-ec8f-4058-bc29-2c9b274e37da/current/log_inprogress_0
2023-09-19 02:04:01,995 [e775f47d-b5dc-484c-be98-194b1f285975@group-2C9B274E37DA-LeaderElection8] INFO  server.RaftServer$Division (ServerState.java:setRaftConf(434)) - e775f47d-b5dc-484c-be98-194b1f285975@group-2C9B274E37DA: set configuration 0: peers:[e775f47d-b5dc-484c-be98-194b1f285975|rpc:10.1.0.29:15050|admin:10.1.0.29:15049|client:10.1.0.29:15048|dataStream:10.1.0.29:15051|priority:1|startupRole:FOLLOWER]|listeners:[], old=null
]]></system-out>
  </testcase>
  <testcase name="testGetTrashRoot" classname="TestOzoneFileSystem" time="18.97">
    <system-out><![CDATA[2023-09-19 02:05:04,294 [main] INFO  ozone.MiniOzoneClusterImpl (MiniOzoneClusterImpl.java:shutdown(443)) - Shutting down the Mini Ozone Cluster
2023-09-19 02:05:04,295 [main] INFO  ozone.MiniOzoneClusterImpl (MiniOzoneClusterImpl.java:stop(460)) - Stopping the Mini Ozone Cluster
2023-09-19 02:05:04,295 [main] INFO  ozone.MiniOzoneClusterImpl (MiniOzoneClusterImpl.java:stopOM(551)) - Stopping the OzoneManager
2023-09-19 02:05:04,295 [main] INFO  om.OzoneManager (OzoneManager.java:stop(2207)) - om1[localhost:15004]: Stopping Ozone Manager
2023-09-19 02:05:04,295 [main] INFO  ipc.Server (Server.java:stop(3523)) - Stopping server on 15004
2023-09-19 02:05:04,301 [IPC Server listener on 15004] INFO  ipc.Server (Server.java:run(1434)) - Stopping IPC Server listener on 15004
2023-09-19 02:05:04,301 [IPC Server Responder] INFO  ipc.Server (Server.java:run(1567)) - Stopping IPC Server Responder
2023-09-19 02:05:04,304 [main] INFO  server.RaftServer (RaftServerProxy.java:lambda$close$6(416)) - om1: close
2023-09-19 02:05:04,307 [main] INFO  server.GrpcService (GrpcService.java:closeImpl(311)) - om1: shutdown server GrpcServerProtocolService now
2023-09-19 02:05:04,309 [om1-impl-thread2] INFO  server.RaftServer$Division (RaftServerImpl.java:lambda$close$4(466)) - om1@group-C5BA1605619E: shutdown
2023-09-19 02:05:04,309 [om1-impl-thread2] INFO  util.JmxRegister (JmxRegister.java:unregister(73)) - Successfully un-registered JMX Bean with object name Ratis:service=RaftServer,group=group-C5BA1605619E,id=om1
2023-09-19 02:05:04,309 [om1-impl-thread2] INFO  impl.RoleInfo (RoleInfo.java:shutdownLeaderState(93)) - om1: shutdown om1@group-C5BA1605619E-LeaderStateImpl
2023-09-19 02:05:04,310 [om1-impl-thread2] INFO  impl.PendingRequests (PendingRequests.java:sendNotLeaderResponses(289)) - om1@group-C5BA1605619E-PendingRequests: sendNotLeaderResponses
2023-09-19 02:05:04,321 [main] INFO  server.GrpcService (GrpcService.java:closeImpl(320)) - om1: shutdown server GrpcServerProtocolService successfully
2023-09-19 02:05:04,323 [om1-impl-thread2] INFO  impl.StateMachineUpdater (StateMachineUpdater.java:stopAndJoin(155)) - om1@group-C5BA1605619E-StateMachineUpdater: set stopIndex = 37012
2023-09-19 02:05:04,324 [om1@group-C5BA1605619E-StateMachineUpdater] INFO  ratis.OzoneManagerStateMachine (OzoneManagerStateMachine.java:takeSnapshot(480)) - Current Snapshot Index (t:1, i:37012)
2023-09-19 02:05:04,360 [om1@group-C5BA1605619E-StateMachineUpdater] INFO  impl.StateMachineUpdater (StateMachineUpdater.java:takeSnapshot(291)) - om1@group-C5BA1605619E-StateMachineUpdater: Took a snapshot at index 37012
2023-09-19 02:05:04,361 [om1@group-C5BA1605619E-StateMachineUpdater] INFO  impl.StateMachineUpdater (StateMachineUpdater.java:lambda$new$0(97)) - om1@group-C5BA1605619E-StateMachineUpdater: snapshotIndex: updateIncreasingly -1 -> 37012
2023-09-19 02:05:04,361 [om1@group-C5BA1605619E-StateMachineUpdater] INFO  ratis.OzoneManagerStateMachine (OzoneManagerStateMachine.java:close(534)) - StateMachine has shutdown. Shutdown OzoneManager if not already shutdown.
2023-09-19 02:05:04,361 [om1@group-C5BA1605619E-StateMachineUpdater] INFO  ratis.OzoneManagerDoubleBuffer (OzoneManagerDoubleBuffer.java:stopDaemon(551)) - Stopping OMDoubleBuffer flush thread
2023-09-19 02:05:04,361 [OMDoubleBufferFlushThread] INFO  ratis.OzoneManagerDoubleBuffer (OzoneManagerDoubleBuffer.java:canFlush(638)) - OMDoubleBuffer flush thread OMDoubleBufferFlushThread is interrupted and will exit.
2023-09-19 02:05:04,363 [om1-impl-thread2] INFO  server.RaftServer$Division (ServerState.java:close(472)) - om1@group-C5BA1605619E: closes. applyIndex: 37012
2023-09-19 02:05:05,289 [om1-impl-thread2] INFO  segmented.SegmentedRaftLogWorker (SegmentedRaftLogWorker.java:close(252)) - om1@group-C5BA1605619E-SegmentedRaftLogWorker close()
2023-09-19 02:05:05,291 [JvmPauseMonitor1] INFO  util.JvmPauseMonitor (JvmPauseMonitor.java:run(109)) - JvmPauseMonitor-om1: Stopped
2023-09-19 02:05:05,291 [main] INFO  ratis.OzoneManagerStateMachine (OzoneManagerStateMachine.java:close(534)) - StateMachine has shutdown. Shutdown OzoneManager if not already shutdown.
2023-09-19 02:05:05,291 [main] INFO  ratis.OzoneManagerDoubleBuffer (OzoneManagerDoubleBuffer.java:stopDaemon(560)) - OMDoubleBuffer flush thread is not running.
2023-09-19 02:05:05,292 [main] INFO  utils.BackgroundService (BackgroundService.java:shutdown(141)) - Shutting down service KeyDeletingService
2023-09-19 02:05:05,292 [main] INFO  utils.BackgroundService (BackgroundService.java:shutdown(141)) - Shutting down service KeyDeletingService
2023-09-19 02:05:05,292 [main] INFO  utils.BackgroundService (BackgroundService.java:shutdown(141)) - Shutting down service OpenKeyCleanupService
2023-09-19 02:05:05,292 [main] INFO  utils.BackgroundService (BackgroundService.java:shutdown(141)) - Shutting down service SstFilteringService
2023-09-19 02:05:05,293 [main] INFO  utils.BackgroundService (BackgroundService.java:shutdown(141)) - Shutting down service SnapshotDeletingService
2023-09-19 02:05:05,295 [main] INFO  handler.ContextHandler (ContextHandler.java:doStop(1159)) - Stopped o.e.j.w.WebAppContext@95ad3af{ozoneManager,/,null,STOPPED}{file:/home/runner/work/ozone/ozone/hadoop-ozone/integration-test/target/test-classes/webapps/ozoneManager}
2023-09-19 02:05:05,298 [main] INFO  server.AbstractConnector (AbstractConnector.java:doStop(383)) - Stopped ServerConnector@32ceaba7{HTTP/1.1, (http/1.1)}{0.0.0.0:15005}
2023-09-19 02:05:05,298 [main] INFO  server.session (HouseKeeper.java:stopScavenging(149)) - node0 Stopped scavenging
2023-09-19 02:05:05,298 [main] INFO  handler.ContextHandler (ContextHandler.java:doStop(1159)) - Stopped o.e.j.s.ServletContextHandler@134eb263{static,/static,file:///home/runner/work/ozone/ozone/hadoop-ozone/integration-test/target/test-classes/webapps/static,STOPPED}
2023-09-19 02:05:05,299 [main] INFO  handler.ContextHandler (ContextHandler.java:doStop(1159)) - Stopped o.e.j.s.ServletContextHandler@3dcc6e62{logs,/logs,file:///home/runner/work/ozone/ozone/hadoop-ozone/integration-test/target/log,STOPPED}
2023-09-19 02:05:05,301 [main] INFO  rocksdiff.RocksDBCheckpointDiffer (RocksDBCheckpointDiffer.java:close(343)) - Shutting down CompactionDagPruningService.
2023-09-19 02:05:05,301 [Trash Emptier] ERROR om.TrashPolicyOzone (TrashPolicyOzone.java:run(354)) - Error attempting to shutdown
java.lang.InterruptedException
	at java.util.concurrent.locks.AbstractQueuedSynchronizer$ConditionObject.awaitNanos(AbstractQueuedSynchronizer.java:2067)
	at java.util.concurrent.ThreadPoolExecutor.awaitTermination(ThreadPoolExecutor.java:1475)
	at org.apache.hadoop.ozone.om.TrashPolicyOzone$Emptier.run(TrashPolicyOzone.java:352)
	at java.lang.Thread.run(Thread.java:750)
2023-09-19 02:05:05,307 [main] INFO  snapshot.SnapshotDiffManager (SnapshotDiffManager.java:closeExecutorService(1718)) - Shutting down executorService: 'SnapDiffExecutor'
2023-09-19 02:05:05,307 [main] INFO  snapshot.SnapshotDiffManager (SnapshotDiffManager.java:closeExecutorService(1718)) - Shutting down executorService: 'SstDumpToolExecutor'
2023-09-19 02:05:05,307 [main] INFO  utils.BackgroundService (BackgroundService.java:shutdown(141)) - Shutting down service SnapshotDiffCleanupService
2023-09-19 02:05:05,310 [main] INFO  ozone.MiniOzoneClusterImpl (MiniOzoneClusterImpl.java:stopDatanodes(528)) - Stopping the HddsDatanodes
2023-09-19 02:05:05,316 [ForkJoinPool.commonPool-worker-0] INFO  ozoneimpl.OzoneContainer (OzoneContainer.java:stop(451)) - Attempting to stop container services.
2023-09-19 02:05:05,318 [ForkJoinPool.commonPool-worker-0] INFO  server.RaftServer (RaftServerProxy.java:lambda$close$6(416)) - 3d8e742d-6d38-4fa1-811b-6a8dd626afd2: close
2023-09-19 02:05:05,318 [3d8e742d-6d38-4fa1-811b-6a8dd626afd2-impl-thread2] INFO  server.RaftServer$Division (RaftServerImpl.java:lambda$close$4(466)) - 3d8e742d-6d38-4fa1-811b-6a8dd626afd2@group-DDAA0B417BEA: shutdown
2023-09-19 02:05:05,318 [3d8e742d-6d38-4fa1-811b-6a8dd626afd2-impl-thread2] INFO  util.JmxRegister (JmxRegister.java:unregister(73)) - Successfully un-registered JMX Bean with object name Ratis:service=RaftServer,group=group-DDAA0B417BEA,id=3d8e742d-6d38-4fa1-811b-6a8dd626afd2
2023-09-19 02:05:05,318 [3d8e742d-6d38-4fa1-811b-6a8dd626afd2-impl-thread2] INFO  impl.RoleInfo (RoleInfo.java:shutdownFollowerState(110)) - 3d8e742d-6d38-4fa1-811b-6a8dd626afd2: shutdown 3d8e742d-6d38-4fa1-811b-6a8dd626afd2@group-DDAA0B417BEA-FollowerState
2023-09-19 02:05:05,319 [3d8e742d-6d38-4fa1-811b-6a8dd626afd2-impl-thread3] INFO  server.RaftServer$Division (RaftServerImpl.java:lambda$close$4(466)) - 3d8e742d-6d38-4fa1-811b-6a8dd626afd2@group-FD651BCEA229: shutdown
2023-09-19 02:05:05,319 [3d8e742d-6d38-4fa1-811b-6a8dd626afd2-impl-thread3] INFO  util.JmxRegister (JmxRegister.java:unregister(73)) - Successfully un-registered JMX Bean with object name Ratis:service=RaftServer,group=group-FD651BCEA229,id=3d8e742d-6d38-4fa1-811b-6a8dd626afd2
2023-09-19 02:05:05,319 [3d8e742d-6d38-4fa1-811b-6a8dd626afd2-impl-thread3] INFO  impl.RoleInfo (RoleInfo.java:shutdownLeaderState(93)) - 3d8e742d-6d38-4fa1-811b-6a8dd626afd2: shutdown 3d8e742d-6d38-4fa1-811b-6a8dd626afd2@group-FD651BCEA229-LeaderStateImpl
2023-09-19 02:05:05,319 [ForkJoinPool.commonPool-worker-0] INFO  server.GrpcService (GrpcService.java:closeImpl(311)) - 3d8e742d-6d38-4fa1-811b-6a8dd626afd2: shutdown server org.apache.ratis.grpc.server.GrpcClientProtocolService now
2023-09-19 02:05:05,323 [3d8e742d-6d38-4fa1-811b-6a8dd626afd2-impl-thread2] INFO  impl.StateMachineUpdater (StateMachineUpdater.java:stopAndJoin(155)) - 3d8e742d-6d38-4fa1-811b-6a8dd626afd2@group-DDAA0B417BEA-StateMachineUpdater: set stopIndex = 26
2023-09-19 02:05:05,323 [3d8e742d-6d38-4fa1-811b-6a8dd626afd2@group-DDAA0B417BEA-FollowerState] INFO  impl.FollowerState (FollowerState.java:run(152)) - 3d8e742d-6d38-4fa1-811b-6a8dd626afd2@group-DDAA0B417BEA-FollowerState was interrupted
2023-09-19 02:05:05,323 [3d8e742d-6d38-4fa1-811b-6a8dd626afd2@group-DDAA0B417BEA-StateMachineUpdater] INFO  ratis.ContainerStateMachine (ContainerStateMachine.java:takeSnapshot(330)) - group-DDAA0B417BEA: Taking a snapshot at:(t:1, i:26) file /home/runner/work/ozone/ozone/hadoop-ozone/integration-test/target/test-dir/MiniOzoneClusterImpl-9bcb963b-3a30-483e-aad5-953c8710d6fd/datanode-1/data/ratis/3f586d3c-261f-4542-8231-ddaa0b417bea/sm/snapshot.1_26
2023-09-19 02:05:05,319 [3d8e742d-6d38-4fa1-811b-6a8dd626afd2-impl-thread3] INFO  impl.PendingRequests (PendingRequests.java:sendNotLeaderResponses(289)) - 3d8e742d-6d38-4fa1-811b-6a8dd626afd2@group-FD651BCEA229-PendingRequests: sendNotLeaderResponses
2023-09-19 02:05:05,333 [main] INFO  ozoneimpl.OzoneContainer (OzoneContainer.java:stop(451)) - Attempting to stop container services.
2023-09-19 02:05:05,334 [main] INFO  server.RaftServer (RaftServerProxy.java:lambda$close$6(416)) - 251b4ee7-4683-41e7-a4df-609a9bc3ccca: close
2023-09-19 02:05:05,335 [3d8e742d-6d38-4fa1-811b-6a8dd626afd2-impl-thread3] INFO  impl.StateMachineUpdater (StateMachineUpdater.java:stopAndJoin(155)) - 3d8e742d-6d38-4fa1-811b-6a8dd626afd2@group-FD651BCEA229-StateMachineUpdater: set stopIndex = 0
2023-09-19 02:05:05,336 [3d8e742d-6d38-4fa1-811b-6a8dd626afd2@group-FD651BCEA229-StateMachineUpdater] INFO  ratis.ContainerStateMachine (ContainerStateMachine.java:takeSnapshot(330)) - group-FD651BCEA229: Taking a snapshot at:(t:1, i:0) file /home/runner/work/ozone/ozone/hadoop-ozone/integration-test/target/test-dir/MiniOzoneClusterImpl-9bcb963b-3a30-483e-aad5-953c8710d6fd/datanode-1/data/ratis/9f3ddad4-3deb-4281-849b-fd651bcea229/sm/snapshot.1_0
2023-09-19 02:05:05,336 [251b4ee7-4683-41e7-a4df-609a9bc3ccca-impl-thread2] INFO  server.RaftServer$Division (RaftServerImpl.java:lambda$close$4(466)) - 251b4ee7-4683-41e7-a4df-609a9bc3ccca@group-FC82804DB9A3: shutdown
2023-09-19 02:05:05,336 [251b4ee7-4683-41e7-a4df-609a9bc3ccca-impl-thread2] INFO  util.JmxRegister (JmxRegister.java:unregister(73)) - Successfully un-registered JMX Bean with object name Ratis:service=RaftServer,group=group-FC82804DB9A3,id=251b4ee7-4683-41e7-a4df-609a9bc3ccca
2023-09-19 02:05:05,336 [251b4ee7-4683-41e7-a4df-609a9bc3ccca-impl-thread2] INFO  impl.RoleInfo (RoleInfo.java:shutdownLeaderState(93)) - 251b4ee7-4683-41e7-a4df-609a9bc3ccca: shutdown 251b4ee7-4683-41e7-a4df-609a9bc3ccca@group-FC82804DB9A3-LeaderStateImpl
2023-09-19 02:05:05,336 [251b4ee7-4683-41e7-a4df-609a9bc3ccca-impl-thread2] INFO  impl.PendingRequests (PendingRequests.java:sendNotLeaderResponses(289)) - 251b4ee7-4683-41e7-a4df-609a9bc3ccca@group-FC82804DB9A3-PendingRequests: sendNotLeaderResponses
2023-09-19 02:05:05,337 [251b4ee7-4683-41e7-a4df-609a9bc3ccca-impl-thread2] INFO  impl.StateMachineUpdater (StateMachineUpdater.java:stopAndJoin(155)) - 251b4ee7-4683-41e7-a4df-609a9bc3ccca@group-FC82804DB9A3-StateMachineUpdater: set stopIndex = 0
2023-09-19 02:05:05,337 [ForkJoinPool.commonPool-worker-0] INFO  server.GrpcService (GrpcService.java:closeImpl(320)) - 3d8e742d-6d38-4fa1-811b-6a8dd626afd2: shutdown server org.apache.ratis.grpc.server.GrpcClientProtocolService successfully
2023-09-19 02:05:05,337 [ForkJoinPool.commonPool-worker-0] INFO  server.GrpcService (GrpcService.java:closeImpl(311)) - 3d8e742d-6d38-4fa1-811b-6a8dd626afd2: shutdown server GrpcServerProtocolService now
2023-09-19 02:05:05,337 [251b4ee7-4683-41e7-a4df-609a9bc3ccca@group-FC82804DB9A3-StateMachineUpdater] INFO  ratis.ContainerStateMachine (ContainerStateMachine.java:takeSnapshot(330)) - group-FC82804DB9A3: Taking a snapshot at:(t:1, i:0) file /home/runner/work/ozone/ozone/hadoop-ozone/integration-test/target/test-dir/MiniOzoneClusterImpl-9bcb963b-3a30-483e-aad5-953c8710d6fd/datanode-2/data/ratis/a7cd1204-333f-4297-8d79-fc82804db9a3/sm/snapshot.1_0
2023-09-19 02:05:05,341 [main] INFO  server.GrpcService (GrpcService.java:closeImpl(311)) - 251b4ee7-4683-41e7-a4df-609a9bc3ccca: shutdown server org.apache.ratis.grpc.server.GrpcClientProtocolService now
2023-09-19 02:05:05,342 [251b4ee7-4683-41e7-a4df-609a9bc3ccca-impl-thread4] INFO  server.RaftServer$Division (RaftServerImpl.java:lambda$close$4(466)) - 251b4ee7-4683-41e7-a4df-609a9bc3ccca@group-1453E47972AB: shutdown
2023-09-19 02:05:05,342 [251b4ee7-4683-41e7-a4df-609a9bc3ccca-impl-thread4] INFO  util.JmxRegister (JmxRegister.java:unregister(73)) - Successfully un-registered JMX Bean with object name Ratis:service=RaftServer,group=group-1453E47972AB,id=251b4ee7-4683-41e7-a4df-609a9bc3ccca
2023-09-19 02:05:05,342 [251b4ee7-4683-41e7-a4df-609a9bc3ccca-impl-thread4] INFO  impl.RoleInfo (RoleInfo.java:shutdownFollowerState(110)) - 251b4ee7-4683-41e7-a4df-609a9bc3ccca: shutdown 251b4ee7-4683-41e7-a4df-609a9bc3ccca@group-1453E47972AB-FollowerState
2023-09-19 02:05:05,342 [251b4ee7-4683-41e7-a4df-609a9bc3ccca-impl-thread3] INFO  server.RaftServer$Division (RaftServerImpl.java:lambda$close$4(466)) - 251b4ee7-4683-41e7-a4df-609a9bc3ccca@group-DDAA0B417BEA: shutdown
2023-09-19 02:05:05,342 [251b4ee7-4683-41e7-a4df-609a9bc3ccca-impl-thread3] INFO  util.JmxRegister (JmxRegister.java:unregister(73)) - Successfully un-registered JMX Bean with object name Ratis:service=RaftServer,group=group-DDAA0B417BEA,id=251b4ee7-4683-41e7-a4df-609a9bc3ccca
2023-09-19 02:05:05,342 [251b4ee7-4683-41e7-a4df-609a9bc3ccca-impl-thread3] INFO  impl.RoleInfo (RoleInfo.java:shutdownLeaderState(93)) - 251b4ee7-4683-41e7-a4df-609a9bc3ccca: shutdown 251b4ee7-4683-41e7-a4df-609a9bc3ccca@group-DDAA0B417BEA-LeaderStateImpl
2023-09-19 02:05:05,345 [3d8e742d-6d38-4fa1-811b-6a8dd626afd2-impl-thread4] INFO  server.RaftServer$Division (RaftServerImpl.java:lambda$close$4(466)) - 3d8e742d-6d38-4fa1-811b-6a8dd626afd2@group-1453E47972AB: shutdown
2023-09-19 02:05:05,345 [3d8e742d-6d38-4fa1-811b-6a8dd626afd2-impl-thread4] INFO  util.JmxRegister (JmxRegister.java:unregister(73)) - Successfully un-registered JMX Bean with object name Ratis:service=RaftServer,group=group-1453E47972AB,id=3d8e742d-6d38-4fa1-811b-6a8dd626afd2
2023-09-19 02:05:05,345 [3d8e742d-6d38-4fa1-811b-6a8dd626afd2-impl-thread4] INFO  impl.RoleInfo (RoleInfo.java:shutdownFollowerState(110)) - 3d8e742d-6d38-4fa1-811b-6a8dd626afd2: shutdown 3d8e742d-6d38-4fa1-811b-6a8dd626afd2@group-1453E47972AB-FollowerState
2023-09-19 02:05:05,346 [grpc-default-executor-5] WARN  server.GrpcServerProtocolService (LogUtils.java:warn(122)) - 3d8e742d-6d38-4fa1-811b-6a8dd626afd2: APPEND_ENTRIES onError, lastRequest: b1558ce8-bc2f-4c62-aaec-0278e14522f1->3d8e742d-6d38-4fa1-811b-6a8dd626afd2#32-t1,previous=(t:1, i:3),leaderCommit=2,initializing? true,entries: size=1, first=(t:1, i:4), METADATAENTRY(c:2): org.apache.ratis.thirdparty.io.grpc.StatusRuntimeException: CANCELLED: client cancelled
2023-09-19 02:05:05,365 [3d8e742d-6d38-4fa1-811b-6a8dd626afd2-impl-thread4] INFO  impl.StateMachineUpdater (StateMachineUpdater.java:stopAndJoin(155)) - 3d8e742d-6d38-4fa1-811b-6a8dd626afd2@group-1453E47972AB-StateMachineUpdater: set stopIndex = 2
2023-09-19 02:05:05,365 [251b4ee7-4683-41e7-a4df-609a9bc3ccca@group-DDAA0B417BEA->b1558ce8-bc2f-4c62-aaec-0278e14522f1-GrpcLogAppender-LogAppenderDaemon] WARN  server.GrpcLogAppender (GrpcLogAppender.java:mayWait(199)) - 251b4ee7-4683-41e7-a4df-609a9bc3ccca@group-DDAA0B417BEA->b1558ce8-bc2f-4c62-aaec-0278e14522f1-GrpcLogAppender: Wait interrupted by java.lang.InterruptedException
2023-09-19 02:05:05,365 [3d8e742d-6d38-4fa1-811b-6a8dd626afd2@group-1453E47972AB-FollowerState] INFO  impl.FollowerState (FollowerState.java:run(152)) - 3d8e742d-6d38-4fa1-811b-6a8dd626afd2@group-1453E47972AB-FollowerState was interrupted
2023-09-19 02:05:05,365 [3d8e742d-6d38-4fa1-811b-6a8dd626afd2@group-1453E47972AB-StateMachineUpdater] INFO  ratis.ContainerStateMachine (ContainerStateMachine.java:takeSnapshot(330)) - group-1453E47972AB: Taking a snapshot at:(t:1, i:2) file /home/runner/work/ozone/ozone/hadoop-ozone/integration-test/target/test-dir/MiniOzoneClusterImpl-9bcb963b-3a30-483e-aad5-953c8710d6fd/datanode-1/data/ratis/abc722b4-335f-4297-be91-1453e47972ab/sm/snapshot.1_2
2023-09-19 02:05:05,366 [251b4ee7-4683-41e7-a4df-609a9bc3ccca-impl-thread4] INFO  impl.StateMachineUpdater (StateMachineUpdater.java:stopAndJoin(155)) - 251b4ee7-4683-41e7-a4df-609a9bc3ccca@group-1453E47972AB-StateMachineUpdater: set stopIndex = 3
2023-09-19 02:05:05,366 [251b4ee7-4683-41e7-a4df-609a9bc3ccca@group-1453E47972AB-FollowerState] INFO  impl.FollowerState (FollowerState.java:run(152)) - 251b4ee7-4683-41e7-a4df-609a9bc3ccca@group-1453E47972AB-FollowerState was interrupted
2023-09-19 02:05:05,366 [251b4ee7-4683-41e7-a4df-609a9bc3ccca@group-1453E47972AB-StateMachineUpdater] INFO  ratis.ContainerStateMachine (ContainerStateMachine.java:takeSnapshot(330)) - group-1453E47972AB: Taking a snapshot at:(t:1, i:3) file /home/runner/work/ozone/ozone/hadoop-ozone/integration-test/target/test-dir/MiniOzoneClusterImpl-9bcb963b-3a30-483e-aad5-953c8710d6fd/datanode-2/data/ratis/abc722b4-335f-4297-be91-1453e47972ab/sm/snapshot.1_3
2023-09-19 02:05:05,365 [251b4ee7-4683-41e7-a4df-609a9bc3ccca-impl-thread3] INFO  impl.PendingRequests (PendingRequests.java:sendNotLeaderResponses(289)) - 251b4ee7-4683-41e7-a4df-609a9bc3ccca@group-DDAA0B417BEA-PendingRequests: sendNotLeaderResponses
2023-09-19 02:05:05,367 [grpc-default-executor-5] INFO  server.GrpcServerProtocolService (GrpcServerProtocolService.java:onCompleted(155)) - b1558ce8-bc2f-4c62-aaec-0278e14522f1: Completed APPEND_ENTRIES, lastRequest: 251b4ee7-4683-41e7-a4df-609a9bc3ccca->b1558ce8-bc2f-4c62-aaec-0278e14522f1#44-t1,previous=(t:1, i:25),leaderCommit=25,initializing? true,entries: size=1, first=(t:1, i:26), METADATAENTRY(c:24)
2023-09-19 02:05:05,370 [grpc-default-executor-10] WARN  server.GrpcServerProtocolService (LogUtils.java:warn(122)) - 3d8e742d-6d38-4fa1-811b-6a8dd626afd2: APPEND_ENTRIES onError, lastRequest: null: org.apache.ratis.thirdparty.io.grpc.StatusRuntimeException: CANCELLED: client cancelled
2023-09-19 02:05:05,371 [grpc-default-executor-5] INFO  server.GrpcServerProtocolService (GrpcServerProtocolService.java:lambda$onCompleted$5(157)) - b1558ce8-bc2f-4c62-aaec-0278e14522f1: Completed APPEND_ENTRIES, lastReply: null
2023-09-19 02:05:05,371 [Thread-501] INFO  server.GrpcServerProtocolClient (GrpcServerProtocolClient.java:close(103)) - b1558ce8-bc2f-4c62-aaec-0278e14522f1 Close channels
2023-09-19 02:05:05,371 [Thread-504] INFO  server.GrpcServerProtocolClient (GrpcServerProtocolClient.java:close(103)) - 3d8e742d-6d38-4fa1-811b-6a8dd626afd2 Close channels
2023-09-19 02:05:05,371 [ForkJoinPool.commonPool-worker-0] INFO  server.GrpcService (GrpcService.java:closeImpl(320)) - 3d8e742d-6d38-4fa1-811b-6a8dd626afd2: shutdown server GrpcServerProtocolService successfully
2023-09-19 02:05:05,371 [ForkJoinPool.commonPool-worker-0] INFO  server.GrpcService (GrpcService.java:closeImpl(311)) - 3d8e742d-6d38-4fa1-811b-6a8dd626afd2: shutdown server org.apache.ratis.grpc.server.GrpcAdminProtocolService now
2023-09-19 02:05:05,366 [251b4ee7-4683-41e7-a4df-609a9bc3ccca@group-DDAA0B417BEA->3d8e742d-6d38-4fa1-811b-6a8dd626afd2-GrpcLogAppender-LogAppenderDaemon] WARN  server.GrpcLogAppender (GrpcLogAppender.java:mayWait(199)) - 251b4ee7-4683-41e7-a4df-609a9bc3ccca@group-DDAA0B417BEA->3d8e742d-6d38-4fa1-811b-6a8dd626afd2-GrpcLogAppender: Wait interrupted by java.lang.InterruptedException
2023-09-19 02:05:05,365 [grpc-default-executor-1] WARN  server.GrpcServerProtocolService (LogUtils.java:warn(122)) - 3d8e742d-6d38-4fa1-811b-6a8dd626afd2: APPEND_ENTRIES onError, lastRequest: null: org.apache.ratis.thirdparty.io.grpc.StatusRuntimeException: CANCELLED: client cancelled
2023-09-19 02:05:05,374 [grpc-default-executor-8] WARN  server.GrpcServerProtocolService (LogUtils.java:warn(122)) - 3d8e742d-6d38-4fa1-811b-6a8dd626afd2: APPEND_ENTRIES onError, lastRequest: 251b4ee7-4683-41e7-a4df-609a9bc3ccca->3d8e742d-6d38-4fa1-811b-6a8dd626afd2#45-t1,previous=(t:1, i:25),leaderCommit=25,initializing? true,entries: size=1, first=(t:1, i:26), METADATAENTRY(c:24): org.apache.ratis.thirdparty.io.grpc.StatusRuntimeException: CANCELLED: client cancelled
2023-09-19 02:05:05,376 [grpc-default-executor-11] WARN  server.GrpcClientProtocolService (LogUtils.java:warn(122)) - 0-OrderedRequestStreamObserver0: onError: org.apache.ratis.thirdparty.io.grpc.StatusRuntimeException: CANCELLED: client cancelled
2023-09-19 02:05:05,377 [ForkJoinPool.commonPool-worker-1] INFO  ozoneimpl.OzoneContainer (OzoneContainer.java:stop(451)) - Attempting to stop container services.
2023-09-19 02:05:05,379 [ForkJoinPool.commonPool-worker-0] INFO  server.GrpcService (GrpcService.java:closeImpl(320)) - 3d8e742d-6d38-4fa1-811b-6a8dd626afd2: shutdown server org.apache.ratis.grpc.server.GrpcAdminProtocolService successfully
2023-09-19 02:05:05,379 [3d8e742d-6d38-4fa1-811b-6a8dd626afd2-NettyServerStreamRpc-bossGroup--thread1] INFO  logging.LoggingHandler (AbstractInternalLogger.java:log(148)) - [id: 0x3a6fd4a4, L:/0:0:0:0:0:0:0:0:15024] CLOSE
2023-09-19 02:05:05,380 [3d8e742d-6d38-4fa1-811b-6a8dd626afd2-NettyServerStreamRpc-bossGroup--thread1] INFO  logging.LoggingHandler (AbstractInternalLogger.java:log(148)) - [id: 0x3a6fd4a4, L:/0:0:0:0:0:0:0:0:15024] INACTIVE
2023-09-19 02:05:05,380 [3d8e742d-6d38-4fa1-811b-6a8dd626afd2-NettyServerStreamRpc-bossGroup--thread1] INFO  logging.LoggingHandler (AbstractInternalLogger.java:log(148)) - [id: 0x3a6fd4a4, L:/0:0:0:0:0:0:0:0:15024] UNREGISTERED
2023-09-19 02:05:05,380 [251b4ee7-4683-41e7-a4df-609a9bc3ccca-impl-thread3] INFO  impl.StateMachineUpdater (StateMachineUpdater.java:stopAndJoin(155)) - 251b4ee7-4683-41e7-a4df-609a9bc3ccca@group-DDAA0B417BEA-StateMachineUpdater: set stopIndex = 26
2023-09-19 02:05:05,380 [251b4ee7-4683-41e7-a4df-609a9bc3ccca@group-DDAA0B417BEA-StateMachineUpdater] INFO  ratis.ContainerStateMachine (ContainerStateMachine.java:takeSnapshot(330)) - group-DDAA0B417BEA: Taking a snapshot at:(t:1, i:26) file /home/runner/work/ozone/ozone/hadoop-ozone/integration-test/target/test-dir/MiniOzoneClusterImpl-9bcb963b-3a30-483e-aad5-953c8710d6fd/datanode-2/data/ratis/3f586d3c-261f-4542-8231-ddaa0b417bea/sm/snapshot.1_26
2023-09-19 02:05:05,380 [ForkJoinPool.commonPool-worker-1] INFO  server.RaftServer (RaftServerProxy.java:lambda$close$6(416)) - b1558ce8-bc2f-4c62-aaec-0278e14522f1: close
2023-09-19 02:05:05,386 [b1558ce8-bc2f-4c62-aaec-0278e14522f1-impl-thread2] INFO  server.RaftServer$Division (RaftServerImpl.java:lambda$close$4(466)) - b1558ce8-bc2f-4c62-aaec-0278e14522f1@group-1146A680FE5E: shutdown
2023-09-19 02:05:05,386 [b1558ce8-bc2f-4c62-aaec-0278e14522f1-impl-thread2] INFO  util.JmxRegister (JmxRegister.java:unregister(73)) - Successfully un-registered JMX Bean with object name Ratis:service=RaftServer,group=group-1146A680FE5E,id=b1558ce8-bc2f-4c62-aaec-0278e14522f1
2023-09-19 02:05:05,386 [b1558ce8-bc2f-4c62-aaec-0278e14522f1-impl-thread2] INFO  impl.RoleInfo (RoleInfo.java:shutdownLeaderState(93)) - b1558ce8-bc2f-4c62-aaec-0278e14522f1: shutdown b1558ce8-bc2f-4c62-aaec-0278e14522f1@group-1146A680FE5E-LeaderStateImpl
2023-09-19 02:05:05,386 [b1558ce8-bc2f-4c62-aaec-0278e14522f1-impl-thread2] INFO  impl.PendingRequests (PendingRequests.java:sendNotLeaderResponses(289)) - b1558ce8-bc2f-4c62-aaec-0278e14522f1@group-1146A680FE5E-PendingRequests: sendNotLeaderResponses
2023-09-19 02:05:05,386 [b1558ce8-bc2f-4c62-aaec-0278e14522f1-impl-thread2] INFO  impl.StateMachineUpdater (StateMachineUpdater.java:stopAndJoin(155)) - b1558ce8-bc2f-4c62-aaec-0278e14522f1@group-1146A680FE5E-StateMachineUpdater: set stopIndex = 0
2023-09-19 02:05:05,388 [b1558ce8-bc2f-4c62-aaec-0278e14522f1-impl-thread3] INFO  server.RaftServer$Division (RaftServerImpl.java:lambda$close$4(466)) - b1558ce8-bc2f-4c62-aaec-0278e14522f1@group-DDAA0B417BEA: shutdown
2023-09-19 02:05:05,391 [251b4ee7-4683-41e7-a4df-609a9bc3ccca@group-FC82804DB9A3-StateMachineUpdater] INFO  ratis.ContainerStateMachine (ContainerStateMachine.java:takeSnapshot(341)) - group-FC82804DB9A3: Finished taking a snapshot at:(t:1, i:0) file:/home/runner/work/ozone/ozone/hadoop-ozone/integration-test/target/test-dir/MiniOzoneClusterImpl-9bcb963b-3a30-483e-aad5-953c8710d6fd/datanode-2/data/ratis/a7cd1204-333f-4297-8d79-fc82804db9a3/sm/snapshot.1_0 took: 54 ms
2023-09-19 02:05:05,390 [3d8e742d-6d38-4fa1-811b-6a8dd626afd2@group-FD651BCEA229-StateMachineUpdater] INFO  ratis.ContainerStateMachine (ContainerStateMachine.java:takeSnapshot(341)) - group-FD651BCEA229: Finished taking a snapshot at:(t:1, i:0) file:/home/runner/work/ozone/ozone/hadoop-ozone/integration-test/target/test-dir/MiniOzoneClusterImpl-9bcb963b-3a30-483e-aad5-953c8710d6fd/datanode-1/data/ratis/9f3ddad4-3deb-4281-849b-fd651bcea229/sm/snapshot.1_0 took: 54 ms
2023-09-19 02:05:05,389 [b1558ce8-bc2f-4c62-aaec-0278e14522f1@group-1146A680FE5E-StateMachineUpdater] INFO  ratis.ContainerStateMachine (ContainerStateMachine.java:takeSnapshot(330)) - group-1146A680FE5E: Taking a snapshot at:(t:1, i:0) file /home/runner/work/ozone/ozone/hadoop-ozone/integration-test/target/test-dir/MiniOzoneClusterImpl-9bcb963b-3a30-483e-aad5-953c8710d6fd/datanode-0/data/ratis/0461f910-1f31-4137-864d-1146a680fe5e/sm/snapshot.1_0
2023-09-19 02:05:05,393 [b1558ce8-bc2f-4c62-aaec-0278e14522f1@group-1146A680FE5E-StateMachineUpdater] INFO  ratis.ContainerStateMachine (ContainerStateMachine.java:takeSnapshot(341)) - group-1146A680FE5E: Finished taking a snapshot at:(t:1, i:0) file:/home/runner/work/ozone/ozone/hadoop-ozone/integration-test/target/test-dir/MiniOzoneClusterImpl-9bcb963b-3a30-483e-aad5-953c8710d6fd/datanode-0/data/ratis/0461f910-1f31-4137-864d-1146a680fe5e/sm/snapshot.1_0 took: 5 ms
2023-09-19 02:05:05,393 [b1558ce8-bc2f-4c62-aaec-0278e14522f1@group-1146A680FE5E-StateMachineUpdater] INFO  impl.StateMachineUpdater (StateMachineUpdater.java:takeSnapshot(291)) - b1558ce8-bc2f-4c62-aaec-0278e14522f1@group-1146A680FE5E-StateMachineUpdater: Took a snapshot at index 0
2023-09-19 02:05:05,394 [3d8e742d-6d38-4fa1-811b-6a8dd626afd2@group-1453E47972AB-StateMachineUpdater] INFO  ratis.ContainerStateMachine (ContainerStateMachine.java:takeSnapshot(341)) - group-1453E47972AB: Finished taking a snapshot at:(t:1, i:2) file:/home/runner/work/ozone/ozone/hadoop-ozone/integration-test/target/test-dir/MiniOzoneClusterImpl-9bcb963b-3a30-483e-aad5-953c8710d6fd/datanode-1/data/ratis/abc722b4-335f-4297-be91-1453e47972ab/sm/snapshot.1_2 took: 28 ms
2023-09-19 02:05:05,393 [3d8e742d-6d38-4fa1-811b-6a8dd626afd2@group-FD651BCEA229-StateMachineUpdater] INFO  impl.StateMachineUpdater (StateMachineUpdater.java:takeSnapshot(291)) - 3d8e742d-6d38-4fa1-811b-6a8dd626afd2@group-FD651BCEA229-StateMachineUpdater: Took a snapshot at index 0
2023-09-19 02:05:05,394 [3d8e742d-6d38-4fa1-811b-6a8dd626afd2@group-FD651BCEA229-StateMachineUpdater] INFO  impl.StateMachineUpdater (StateMachineUpdater.java:lambda$new$0(97)) - 3d8e742d-6d38-4fa1-811b-6a8dd626afd2@group-FD651BCEA229-StateMachineUpdater: snapshotIndex: updateIncreasingly -1 -> 0
2023-09-19 02:05:05,394 [3d8e742d-6d38-4fa1-811b-6a8dd626afd2@group-1453E47972AB-StateMachineUpdater] INFO  impl.StateMachineUpdater (StateMachineUpdater.java:takeSnapshot(291)) - 3d8e742d-6d38-4fa1-811b-6a8dd626afd2@group-1453E47972AB-StateMachineUpdater: Took a snapshot at index 2
2023-09-19 02:05:05,394 [3d8e742d-6d38-4fa1-811b-6a8dd626afd2@group-1453E47972AB-StateMachineUpdater] INFO  impl.StateMachineUpdater (StateMachineUpdater.java:lambda$new$0(97)) - 3d8e742d-6d38-4fa1-811b-6a8dd626afd2@group-1453E47972AB-StateMachineUpdater: snapshotIndex: updateIncreasingly -1 -> 2
2023-09-19 02:05:05,394 [251b4ee7-4683-41e7-a4df-609a9bc3ccca@group-FC82804DB9A3-StateMachineUpdater] INFO  impl.StateMachineUpdater (StateMachineUpdater.java:takeSnapshot(291)) - 251b4ee7-4683-41e7-a4df-609a9bc3ccca@group-FC82804DB9A3-StateMachineUpdater: Took a snapshot at index 0
2023-09-19 02:05:05,394 [251b4ee7-4683-41e7-a4df-609a9bc3ccca@group-FC82804DB9A3-StateMachineUpdater] INFO  impl.StateMachineUpdater (StateMachineUpdater.java:lambda$new$0(97)) - 251b4ee7-4683-41e7-a4df-609a9bc3ccca@group-FC82804DB9A3-StateMachineUpdater: snapshotIndex: updateIncreasingly -1 -> 0
2023-09-19 02:05:05,394 [251b4ee7-4683-41e7-a4df-609a9bc3ccca@group-DDAA0B417BEA-StateMachineUpdater] INFO  ratis.ContainerStateMachine (ContainerStateMachine.java:takeSnapshot(341)) - group-DDAA0B417BEA: Finished taking a snapshot at:(t:1, i:26) file:/home/runner/work/ozone/ozone/hadoop-ozone/integration-test/target/test-dir/MiniOzoneClusterImpl-9bcb963b-3a30-483e-aad5-953c8710d6fd/datanode-2/data/ratis/3f586d3c-261f-4542-8231-ddaa0b417bea/sm/snapshot.1_26 took: 15 ms
2023-09-19 02:05:05,394 [3d8e742d-6d38-4fa1-811b-6a8dd626afd2@group-DDAA0B417BEA-StateMachineUpdater] INFO  ratis.ContainerStateMachine (ContainerStateMachine.java:takeSnapshot(341)) - group-DDAA0B417BEA: Finished taking a snapshot at:(t:1, i:26) file:/home/runner/work/ozone/ozone/hadoop-ozone/integration-test/target/test-dir/MiniOzoneClusterImpl-9bcb963b-3a30-483e-aad5-953c8710d6fd/datanode-1/data/ratis/3f586d3c-261f-4542-8231-ddaa0b417bea/sm/snapshot.1_26 took: 72 ms
2023-09-19 02:05:05,394 [b1558ce8-bc2f-4c62-aaec-0278e14522f1@group-1146A680FE5E-StateMachineUpdater] INFO  impl.StateMachineUpdater (StateMachineUpdater.java:lambda$new$0(97)) - b1558ce8-bc2f-4c62-aaec-0278e14522f1@group-1146A680FE5E-StateMachineUpdater: snapshotIndex: updateIncreasingly -1 -> 0
2023-09-19 02:05:05,394 [b1558ce8-bc2f-4c62-aaec-0278e14522f1-impl-thread3] INFO  util.JmxRegister (JmxRegister.java:unregister(73)) - Successfully un-registered JMX Bean with object name Ratis:service=RaftServer,group=group-DDAA0B417BEA,id=b1558ce8-bc2f-4c62-aaec-0278e14522f1
2023-09-19 02:05:05,395 [b1558ce8-bc2f-4c62-aaec-0278e14522f1-impl-thread3] INFO  impl.RoleInfo (RoleInfo.java:shutdownFollowerState(110)) - b1558ce8-bc2f-4c62-aaec-0278e14522f1: shutdown b1558ce8-bc2f-4c62-aaec-0278e14522f1@group-DDAA0B417BEA-FollowerState
2023-09-19 02:05:05,405 [b1558ce8-bc2f-4c62-aaec-0278e14522f1-impl-thread4] INFO  server.RaftServer$Division (RaftServerImpl.java:lambda$close$4(466)) - b1558ce8-bc2f-4c62-aaec-0278e14522f1@group-1453E47972AB: shutdown
2023-09-19 02:05:05,405 [b1558ce8-bc2f-4c62-aaec-0278e14522f1-impl-thread4] INFO  util.JmxRegister (JmxRegister.java:unregister(73)) - Successfully un-registered JMX Bean with object name Ratis:service=RaftServer,group=group-1453E47972AB,id=b1558ce8-bc2f-4c62-aaec-0278e14522f1
2023-09-19 02:05:05,405 [b1558ce8-bc2f-4c62-aaec-0278e14522f1-impl-thread4] INFO  impl.RoleInfo (RoleInfo.java:shutdownLeaderState(93)) - b1558ce8-bc2f-4c62-aaec-0278e14522f1: shutdown b1558ce8-bc2f-4c62-aaec-0278e14522f1@group-1453E47972AB-LeaderStateImpl
2023-09-19 02:05:05,407 [3d8e742d-6d38-4fa1-811b-6a8dd626afd2-impl-thread3] INFO  server.RaftServer$Division (ServerState.java:close(472)) - 3d8e742d-6d38-4fa1-811b-6a8dd626afd2@group-FD651BCEA229: closes. applyIndex: 0
2023-09-19 02:05:05,407 [b1558ce8-bc2f-4c62-aaec-0278e14522f1-impl-thread2] INFO  server.RaftServer$Division (ServerState.java:close(472)) - b1558ce8-bc2f-4c62-aaec-0278e14522f1@group-1146A680FE5E: closes. applyIndex: 0
2023-09-19 02:05:05,408 [251b4ee7-4683-41e7-a4df-609a9bc3ccca-impl-thread2] INFO  server.RaftServer$Division (ServerState.java:close(472)) - 251b4ee7-4683-41e7-a4df-609a9bc3ccca@group-FC82804DB9A3: closes. applyIndex: 0
2023-09-19 02:05:05,408 [251b4ee7-4683-41e7-a4df-609a9bc3ccca@group-DDAA0B417BEA-StateMachineUpdater] INFO  impl.StateMachineUpdater (StateMachineUpdater.java:takeSnapshot(291)) - 251b4ee7-4683-41e7-a4df-609a9bc3ccca@group-DDAA0B417BEA-StateMachineUpdater: Took a snapshot at index 26
2023-09-19 02:05:05,408 [251b4ee7-4683-41e7-a4df-609a9bc3ccca@group-DDAA0B417BEA-StateMachineUpdater] INFO  impl.StateMachineUpdater (StateMachineUpdater.java:lambda$new$0(97)) - 251b4ee7-4683-41e7-a4df-609a9bc3ccca@group-DDAA0B417BEA-StateMachineUpdater: snapshotIndex: updateIncreasingly -1 -> 26
2023-09-19 02:05:05,408 [251b4ee7-4683-41e7-a4df-609a9bc3ccca@group-1453E47972AB-StateMachineUpdater] INFO  ratis.ContainerStateMachine (ContainerStateMachine.java:takeSnapshot(341)) - group-1453E47972AB: Finished taking a snapshot at:(t:1, i:3) file:/home/runner/work/ozone/ozone/hadoop-ozone/integration-test/target/test-dir/MiniOzoneClusterImpl-9bcb963b-3a30-483e-aad5-953c8710d6fd/datanode-2/data/ratis/abc722b4-335f-4297-be91-1453e47972ab/sm/snapshot.1_3 took: 42 ms
2023-09-19 02:05:05,409 [251b4ee7-4683-41e7-a4df-609a9bc3ccca@group-1453E47972AB-StateMachineUpdater] INFO  impl.StateMachineUpdater (StateMachineUpdater.java:takeSnapshot(291)) - 251b4ee7-4683-41e7-a4df-609a9bc3ccca@group-1453E47972AB-StateMachineUpdater: Took a snapshot at index 3
2023-09-19 02:05:05,409 [ForkJoinPool.commonPool-worker-1] INFO  server.GrpcService (GrpcService.java:closeImpl(311)) - b1558ce8-bc2f-4c62-aaec-0278e14522f1: shutdown server org.apache.ratis.grpc.server.GrpcClientProtocolService now
2023-09-19 02:05:05,408 [3d8e742d-6d38-4fa1-811b-6a8dd626afd2@group-DDAA0B417BEA-StateMachineUpdater] INFO  impl.StateMachineUpdater (StateMachineUpdater.java:takeSnapshot(291)) - 3d8e742d-6d38-4fa1-811b-6a8dd626afd2@group-DDAA0B417BEA-StateMachineUpdater: Took a snapshot at index 26
2023-09-19 02:05:05,409 [3d8e742d-6d38-4fa1-811b-6a8dd626afd2@group-DDAA0B417BEA-StateMachineUpdater] INFO  impl.StateMachineUpdater (StateMachineUpdater.java:lambda$new$0(97)) - 3d8e742d-6d38-4fa1-811b-6a8dd626afd2@group-DDAA0B417BEA-StateMachineUpdater: snapshotIndex: updateIncreasingly -1 -> 26
2023-09-19 02:05:05,409 [251b4ee7-4683-41e7-a4df-609a9bc3ccca@group-1453E47972AB-StateMachineUpdater] INFO  impl.StateMachineUpdater (StateMachineUpdater.java:lambda$new$0(97)) - 251b4ee7-4683-41e7-a4df-609a9bc3ccca@group-1453E47972AB-StateMachineUpdater: snapshotIndex: updateIncreasingly -1 -> 3
2023-09-19 02:05:05,409 [grpc-default-executor-10] INFO  server.GrpcLogAppender (GrpcLogAppender.java:onError(417)) - 251b4ee7-4683-41e7-a4df-609a9bc3ccca@group-DDAA0B417BEA->3d8e742d-6d38-4fa1-811b-6a8dd626afd2-GrpcLogAppender is already stopped
2023-09-19 02:05:05,413 [b1558ce8-bc2f-4c62-aaec-0278e14522f1-impl-thread3] INFO  impl.StateMachineUpdater (StateMachineUpdater.java:stopAndJoin(155)) - b1558ce8-bc2f-4c62-aaec-0278e14522f1@group-DDAA0B417BEA-StateMachineUpdater: set stopIndex = 26
2023-09-19 02:05:05,414 [b1558ce8-bc2f-4c62-aaec-0278e14522f1@group-DDAA0B417BEA-FollowerState] INFO  impl.FollowerState (FollowerState.java:run(152)) - b1558ce8-bc2f-4c62-aaec-0278e14522f1@group-DDAA0B417BEA-FollowerState was interrupted
2023-09-19 02:05:05,414 [b1558ce8-bc2f-4c62-aaec-0278e14522f1@group-DDAA0B417BEA-StateMachineUpdater] INFO  ratis.ContainerStateMachine (ContainerStateMachine.java:takeSnapshot(330)) - group-DDAA0B417BEA: Taking a snapshot at:(t:1, i:26) file /home/runner/work/ozone/ozone/hadoop-ozone/integration-test/target/test-dir/MiniOzoneClusterImpl-9bcb963b-3a30-483e-aad5-953c8710d6fd/datanode-0/data/ratis/3f586d3c-261f-4542-8231-ddaa0b417bea/sm/snapshot.1_26
2023-09-19 02:05:05,415 [b1558ce8-bc2f-4c62-aaec-0278e14522f1@group-DDAA0B417BEA-StateMachineUpdater] INFO  ratis.ContainerStateMachine (ContainerStateMachine.java:takeSnapshot(341)) - group-DDAA0B417BEA: Finished taking a snapshot at:(t:1, i:26) file:/home/runner/work/ozone/ozone/hadoop-ozone/integration-test/target/test-dir/MiniOzoneClusterImpl-9bcb963b-3a30-483e-aad5-953c8710d6fd/datanode-0/data/ratis/3f586d3c-261f-4542-8231-ddaa0b417bea/sm/snapshot.1_26 took: 1 ms
2023-09-19 02:05:05,415 [b1558ce8-bc2f-4c62-aaec-0278e14522f1@group-DDAA0B417BEA-StateMachineUpdater] INFO  impl.StateMachineUpdater (StateMachineUpdater.java:takeSnapshot(291)) - b1558ce8-bc2f-4c62-aaec-0278e14522f1@group-DDAA0B417BEA-StateMachineUpdater: Took a snapshot at index 26
2023-09-19 02:05:05,415 [b1558ce8-bc2f-4c62-aaec-0278e14522f1@group-DDAA0B417BEA-StateMachineUpdater] INFO  impl.StateMachineUpdater (StateMachineUpdater.java:lambda$new$0(97)) - b1558ce8-bc2f-4c62-aaec-0278e14522f1@group-DDAA0B417BEA-StateMachineUpdater: snapshotIndex: updateIncreasingly -1 -> 26
2023-09-19 02:05:05,423 [251b4ee7-4683-41e7-a4df-609a9bc3ccca-impl-thread4] INFO  server.RaftServer$Division (ServerState.java:close(472)) - 251b4ee7-4683-41e7-a4df-609a9bc3ccca@group-1453E47972AB: closes. applyIndex: 3
2023-09-19 02:05:05,424 [3d8e742d-6d38-4fa1-811b-6a8dd626afd2-impl-thread2] INFO  server.RaftServer$Division (ServerState.java:close(472)) - 3d8e742d-6d38-4fa1-811b-6a8dd626afd2@group-DDAA0B417BEA: closes. applyIndex: 26
2023-09-19 02:05:05,424 [251b4ee7-4683-41e7-a4df-609a9bc3ccca-impl-thread3] INFO  server.RaftServer$Division (ServerState.java:close(472)) - 251b4ee7-4683-41e7-a4df-609a9bc3ccca@group-DDAA0B417BEA: closes. applyIndex: 26
2023-09-19 02:05:05,426 [3d8e742d-6d38-4fa1-811b-6a8dd626afd2-impl-thread4] INFO  server.RaftServer$Division (ServerState.java:close(472)) - 3d8e742d-6d38-4fa1-811b-6a8dd626afd2@group-1453E47972AB: closes. applyIndex: 2
2023-09-19 02:05:05,427 [grpc-default-executor-10] INFO  server.GrpcLogAppender (GrpcLogAppender.java:onError(417)) - b1558ce8-bc2f-4c62-aaec-0278e14522f1@group-1453E47972AB->3d8e742d-6d38-4fa1-811b-6a8dd626afd2-GrpcLogAppender is already stopped
2023-09-19 02:05:05,428 [Thread-519] INFO  server.GrpcServerProtocolClient (GrpcServerProtocolClient.java:close(103)) - 3d8e742d-6d38-4fa1-811b-6a8dd626afd2 Close channels
2023-09-19 02:05:05,428 [b1558ce8-bc2f-4c62-aaec-0278e14522f1-impl-thread4] INFO  impl.PendingRequests (PendingRequests.java:sendNotLeaderResponses(289)) - b1558ce8-bc2f-4c62-aaec-0278e14522f1@group-1453E47972AB-PendingRequests: sendNotLeaderResponses
2023-09-19 02:05:05,428 [b1558ce8-bc2f-4c62-aaec-0278e14522f1@group-1453E47972AB->251b4ee7-4683-41e7-a4df-609a9bc3ccca-GrpcLogAppender-LogAppenderDaemon] WARN  server.GrpcLogAppender (GrpcLogAppender.java:mayWait(199)) - b1558ce8-bc2f-4c62-aaec-0278e14522f1@group-1453E47972AB->251b4ee7-4683-41e7-a4df-609a9bc3ccca-GrpcLogAppender: Wait interrupted by java.lang.InterruptedException
2023-09-19 02:05:05,428 [b1558ce8-bc2f-4c62-aaec-0278e14522f1@group-1453E47972AB->3d8e742d-6d38-4fa1-811b-6a8dd626afd2-GrpcLogAppender-LogAppenderDaemon] WARN  server.GrpcLogAppender (GrpcLogAppender.java:mayWait(199)) - b1558ce8-bc2f-4c62-aaec-0278e14522f1@group-1453E47972AB->3d8e742d-6d38-4fa1-811b-6a8dd626afd2-GrpcLogAppender: Wait interrupted by java.lang.InterruptedException
2023-09-19 02:05:05,431 [grpc-default-executor-8] INFO  server.GrpcLogAppender (GrpcLogAppender.java:onError(417)) - b1558ce8-bc2f-4c62-aaec-0278e14522f1@group-1453E47972AB->3d8e742d-6d38-4fa1-811b-6a8dd626afd2-GrpcLogAppender is already stopped
2023-09-19 02:05:05,434 [b1558ce8-bc2f-4c62-aaec-0278e14522f1-impl-thread4] INFO  impl.StateMachineUpdater (StateMachineUpdater.java:stopAndJoin(155)) - b1558ce8-bc2f-4c62-aaec-0278e14522f1@group-1453E47972AB-StateMachineUpdater: set stopIndex = 4
2023-09-19 02:05:05,436 [b1558ce8-bc2f-4c62-aaec-0278e14522f1-impl-thread3] INFO  server.RaftServer$Division (ServerState.java:close(472)) - b1558ce8-bc2f-4c62-aaec-0278e14522f1@group-DDAA0B417BEA: closes. applyIndex: 26
2023-09-19 02:05:05,436 [b1558ce8-bc2f-4c62-aaec-0278e14522f1@group-1453E47972AB-StateMachineUpdater] INFO  ratis.ContainerStateMachine (ContainerStateMachine.java:takeSnapshot(330)) - group-1453E47972AB: Taking a snapshot at:(t:1, i:4) file /home/runner/work/ozone/ozone/hadoop-ozone/integration-test/target/test-dir/MiniOzoneClusterImpl-9bcb963b-3a30-483e-aad5-953c8710d6fd/datanode-0/data/ratis/abc722b4-335f-4297-be91-1453e47972ab/sm/snapshot.1_4
2023-09-19 02:05:05,440 [grpc-default-executor-9] INFO  server.GrpcLogAppender (GrpcLogAppender.java:onCompleted(428)) - 251b4ee7-4683-41e7-a4df-609a9bc3ccca@group-DDAA0B417BEA->b1558ce8-bc2f-4c62-aaec-0278e14522f1-AppendLogResponseHandler: follower responses appendEntries COMPLETED
2023-09-19 02:05:05,440 [grpc-default-executor-9] WARN  server.GrpcLogAppender (GrpcLogAppender.java:resetClient(137)) - 251b4ee7-4683-41e7-a4df-609a9bc3ccca@group-DDAA0B417BEA->b1558ce8-bc2f-4c62-aaec-0278e14522f1-GrpcLogAppender: Failed to getClient for b1558ce8-bc2f-4c62-aaec-0278e14522f1
org.apache.ratis.protocol.exceptions.AlreadyClosedException: 251b4ee7-4683-41e7-a4df-609a9bc3ccca is already CLOSED
	at org.apache.ratis.util.PeerProxyMap$PeerAndProxy.getProxy(PeerProxyMap.java:61)
	at org.apache.ratis.util.PeerProxyMap.getProxy(PeerProxyMap.java:115)
	at org.apache.ratis.grpc.server.GrpcLogAppender.getClient(GrpcLogAppender.java:112)
	at org.apache.ratis.grpc.server.GrpcLogAppender.resetClient(GrpcLogAppender.java:117)
	at org.apache.ratis.grpc.server.GrpcLogAppender.access$500(GrpcLogAppender.java:56)
	at org.apache.ratis.grpc.server.GrpcLogAppender$AppendLogResponseHandler.onCompleted(GrpcLogAppender.java:429)
	at org.apache.ratis.thirdparty.io.grpc.stub.ClientCalls$StreamObserverToCallListenerAdapter.onClose(ClientCalls.java:485)
	at org.apache.ratis.thirdparty.io.grpc.internal.ClientCallImpl.closeObserver(ClientCallImpl.java:563)
	at org.apache.ratis.thirdparty.io.grpc.internal.ClientCallImpl.access$300(ClientCallImpl.java:70)
	at org.apache.ratis.thirdparty.io.grpc.internal.ClientCallImpl$ClientStreamListenerImpl$1StreamClosed.runInternal(ClientCallImpl.java:744)
	at org.apache.ratis.thirdparty.io.grpc.internal.ClientCallImpl$ClientStreamListenerImpl$1StreamClosed.runInContext(ClientCallImpl.java:723)
	at org.apache.ratis.thirdparty.io.grpc.internal.ContextRunnable.run(ContextRunnable.java:37)
	at org.apache.ratis.thirdparty.io.grpc.internal.SerializingExecutor.run(SerializingExecutor.java:133)
	at java.util.concurrent.ThreadPoolExecutor.runWorker(ThreadPoolExecutor.java:1149)
	at java.util.concurrent.ThreadPoolExecutor$Worker.run(ThreadPoolExecutor.java:624)
	at java.lang.Thread.run(Thread.java:750)
2023-09-19 02:05:05,440 [grpc-default-executor-5] INFO  server.GrpcServerProtocolService (GrpcServerProtocolService.java:onCompleted(155)) - 251b4ee7-4683-41e7-a4df-609a9bc3ccca: Completed APPEND_ENTRIES, lastRequest: b1558ce8-bc2f-4c62-aaec-0278e14522f1->251b4ee7-4683-41e7-a4df-609a9bc3ccca#33-t1,previous=(t:1, i:3),leaderCommit=3,initializing? true,entries: size=1, first=(t:1, i:4), METADATAENTRY(c:2)
2023-09-19 02:05:05,441 [grpc-default-executor-5] INFO  server.GrpcServerProtocolService (GrpcServerProtocolService.java:lambda$onCompleted$5(157)) - 251b4ee7-4683-41e7-a4df-609a9bc3ccca: Completed APPEND_ENTRIES, lastReply: null
2023-09-19 02:05:05,441 [grpc-default-executor-7] INFO  server.GrpcLogAppender (GrpcLogAppender.java:onError(417)) - 251b4ee7-4683-41e7-a4df-609a9bc3ccca@group-DDAA0B417BEA->3d8e742d-6d38-4fa1-811b-6a8dd626afd2-GrpcLogAppender is already stopped
2023-09-19 02:05:05,442 [grpc-default-executor-11] INFO  server.GrpcServerProtocolService (GrpcServerProtocolService.java:onCompleted(155)) - b1558ce8-bc2f-4c62-aaec-0278e14522f1: Completed APPEND_ENTRIES, lastRequest: null
2023-09-19 02:05:05,444 [grpc-default-executor-5] INFO  server.GrpcLogAppender (GrpcLogAppender.java:onCompleted(428)) - b1558ce8-bc2f-4c62-aaec-0278e14522f1@group-1453E47972AB->251b4ee7-4683-41e7-a4df-609a9bc3ccca-AppendLogResponseHandler: follower responses appendEntries COMPLETED
2023-09-19 02:05:05,444 [b1558ce8-bc2f-4c62-aaec-0278e14522f1@group-1453E47972AB-StateMachineUpdater] INFO  ratis.ContainerStateMachine (ContainerStateMachine.java:takeSnapshot(341)) - group-1453E47972AB: Finished taking a snapshot at:(t:1, i:4) file:/home/runner/work/ozone/ozone/hadoop-ozone/integration-test/target/test-dir/MiniOzoneClusterImpl-9bcb963b-3a30-483e-aad5-953c8710d6fd/datanode-0/data/ratis/abc722b4-335f-4297-be91-1453e47972ab/sm/snapshot.1_4 took: 8 ms
2023-09-19 02:05:05,444 [b1558ce8-bc2f-4c62-aaec-0278e14522f1@group-1453E47972AB-StateMachineUpdater] INFO  impl.StateMachineUpdater (StateMachineUpdater.java:takeSnapshot(291)) - b1558ce8-bc2f-4c62-aaec-0278e14522f1@group-1453E47972AB-StateMachineUpdater: Took a snapshot at index 4
2023-09-19 02:05:05,445 [b1558ce8-bc2f-4c62-aaec-0278e14522f1@group-1453E47972AB-StateMachineUpdater] INFO  impl.StateMachineUpdater (StateMachineUpdater.java:lambda$new$0(97)) - b1558ce8-bc2f-4c62-aaec-0278e14522f1@group-1453E47972AB-StateMachineUpdater: snapshotIndex: updateIncreasingly -1 -> 4
2023-09-19 02:05:05,445 [b1558ce8-bc2f-4c62-aaec-0278e14522f1-impl-thread4] INFO  server.RaftServer$Division (ServerState.java:close(472)) - b1558ce8-bc2f-4c62-aaec-0278e14522f1@group-1453E47972AB: closes. applyIndex: 4
2023-09-19 02:05:05,444 [grpc-default-executor-11] INFO  server.GrpcServerProtocolService (GrpcServerProtocolService.java:lambda$onCompleted$5(157)) - b1558ce8-bc2f-4c62-aaec-0278e14522f1: Completed APPEND_ENTRIES, lastReply: serverReply {
  requestorId: "251b4ee7-4683-41e7-a4df-609a9bc3ccca"
  replyId: "b1558ce8-bc2f-4c62-aaec-0278e14522f1"
  raftGroupId {
    id: "?Xm<&\037EB\2021\335\252\vA{\352"
  }
  callId: 70
  success: true
}
term: 1
nextIndex: 27
followerCommit: 26
matchIndex: 18446744073709551615
isHearbeat: true

2023-09-19 02:05:05,446 [grpc-default-executor-12] INFO  server.GrpcServerProtocolService (GrpcServerProtocolService.java:onCompleted(155)) - 251b4ee7-4683-41e7-a4df-609a9bc3ccca: Completed APPEND_ENTRIES, lastRequest: null
2023-09-19 02:05:05,447 [grpc-default-executor-12] INFO  server.GrpcServerProtocolService (GrpcServerProtocolService.java:lambda$onCompleted$5(157)) - 251b4ee7-4683-41e7-a4df-609a9bc3ccca: Completed APPEND_ENTRIES, lastReply: serverReply {
  requestorId: "b1558ce8-bc2f-4c62-aaec-0278e14522f1"
  replyId: "251b4ee7-4683-41e7-a4df-609a9bc3ccca"
  raftGroupId {
    id: "\253\307\"\2643_B\227\276\221\024S\344yr\253"
  }
  callId: 29
  success: true
}
term: 1
nextIndex: 1
matchIndex: 18446744073709551615
isHearbeat: true

2023-09-19 02:05:05,438 [grpc-default-executor-8] WARN  server.GrpcClientProtocolService (LogUtils.java:warn(122)) - 0-OrderedRequestStreamObserver0: onError: org.apache.ratis.thirdparty.io.grpc.StatusRuntimeException: CANCELLED: client cancelled
2023-09-19 02:05:05,449 [Thread-540] INFO  server.GrpcServerProtocolClient (GrpcServerProtocolClient.java:close(103)) - 251b4ee7-4683-41e7-a4df-609a9bc3ccca Close channels
2023-09-19 02:05:05,439 [grpc-default-executor-1] WARN  server.GrpcClientProtocolService (LogUtils.java:warn(122)) - 1-UnorderedRequestStreamObserver1: onError: org.apache.ratis.thirdparty.io.grpc.StatusRuntimeException: CANCELLED: client cancelled
2023-09-19 02:05:05,450 [grpc-default-executor-5] INFO  leader.FollowerInfo (FollowerInfoImpl.java:lambda$new$0(52)) - b1558ce8-bc2f-4c62-aaec-0278e14522f1@group-1453E47972AB->251b4ee7-4683-41e7-a4df-609a9bc3ccca: decreaseNextIndex nextIndex: updateUnconditionally 5 -> 4
2023-09-19 02:05:05,454 [grpc-default-executor-12] INFO  server.GrpcLogAppender (GrpcLogAppender.java:onCompleted(428)) - b1558ce8-bc2f-4c62-aaec-0278e14522f1@group-1453E47972AB->251b4ee7-4683-41e7-a4df-609a9bc3ccca-AppendLogResponseHandler: follower responses appendEntries COMPLETED
2023-09-19 02:05:05,460 [main] INFO  server.GrpcService (GrpcService.java:closeImpl(320)) - 251b4ee7-4683-41e7-a4df-609a9bc3ccca: shutdown server org.apache.ratis.grpc.server.GrpcClientProtocolService successfully
2023-09-19 02:05:05,461 [main] INFO  server.GrpcService (GrpcService.java:closeImpl(311)) - 251b4ee7-4683-41e7-a4df-609a9bc3ccca: shutdown server GrpcServerProtocolService now
2023-09-19 02:05:05,459 [ForkJoinPool.commonPool-worker-2] INFO  ozoneimpl.OzoneContainer (OzoneContainer.java:stop(451)) - Attempting to stop container services.
2023-09-19 02:05:05,459 [ForkJoinPool.commonPool-worker-1] INFO  server.GrpcService (GrpcService.java:closeImpl(320)) - b1558ce8-bc2f-4c62-aaec-0278e14522f1: shutdown server org.apache.ratis.grpc.server.GrpcClientProtocolService successfully
2023-09-19 02:05:05,462 [ForkJoinPool.commonPool-worker-1] INFO  server.GrpcService (GrpcService.java:closeImpl(311)) - b1558ce8-bc2f-4c62-aaec-0278e14522f1: shutdown server GrpcServerProtocolService now
2023-09-19 02:05:05,456 [grpc-default-executor-1] INFO  server.GrpcLogAppender (GrpcLogAppender.java:onCompleted(428)) - 251b4ee7-4683-41e7-a4df-609a9bc3ccca@group-DDAA0B417BEA->b1558ce8-bc2f-4c62-aaec-0278e14522f1-AppendLogResponseHandler: follower responses appendEntries COMPLETED
2023-09-19 02:05:05,462 [grpc-default-executor-1] WARN  server.GrpcLogAppender (GrpcLogAppender.java:resetClient(137)) - 251b4ee7-4683-41e7-a4df-609a9bc3ccca@group-DDAA0B417BEA->b1558ce8-bc2f-4c62-aaec-0278e14522f1-GrpcLogAppender: Failed to getClient for b1558ce8-bc2f-4c62-aaec-0278e14522f1
org.apache.ratis.protocol.exceptions.AlreadyClosedException: 251b4ee7-4683-41e7-a4df-609a9bc3ccca is already CLOSED
	at org.apache.ratis.util.PeerProxyMap$PeerAndProxy.getProxy(PeerProxyMap.java:61)
	at org.apache.ratis.util.PeerProxyMap.getProxy(PeerProxyMap.java:115)
	at org.apache.ratis.grpc.server.GrpcLogAppender.getClient(GrpcLogAppender.java:112)
	at org.apache.ratis.grpc.server.GrpcLogAppender.resetClient(GrpcLogAppender.java:117)
	at org.apache.ratis.grpc.server.GrpcLogAppender.access$500(GrpcLogAppender.java:56)
	at org.apache.ratis.grpc.server.GrpcLogAppender$AppendLogResponseHandler.onCompleted(GrpcLogAppender.java:429)
	at org.apache.ratis.thirdparty.io.grpc.stub.ClientCalls$StreamObserverToCallListenerAdapter.onClose(ClientCalls.java:485)
	at org.apache.ratis.thirdparty.io.grpc.internal.DelayedClientCall$DelayedListener$3.run(DelayedClientCall.java:471)
	at org.apache.ratis.thirdparty.io.grpc.internal.DelayedClientCall$DelayedListener.delayOrExecute(DelayedClientCall.java:435)
	at org.apache.ratis.thirdparty.io.grpc.internal.DelayedClientCall$DelayedListener.onClose(DelayedClientCall.java:468)
	at org.apache.ratis.thirdparty.io.grpc.internal.ClientCallImpl.closeObserver(ClientCallImpl.java:563)
	at org.apache.ratis.thirdparty.io.grpc.internal.ClientCallImpl.access$300(ClientCallImpl.java:70)
	at org.apache.ratis.thirdparty.io.grpc.internal.ClientCallImpl$ClientStreamListenerImpl$1StreamClosed.runInternal(ClientCallImpl.java:744)
	at org.apache.ratis.thirdparty.io.grpc.internal.ClientCallImpl$ClientStreamListenerImpl$1StreamClosed.runInContext(ClientCallImpl.java:723)
	at org.apache.ratis.thirdparty.io.grpc.internal.ContextRunnable.run(ContextRunnable.java:37)
	at org.apache.ratis.thirdparty.io.grpc.internal.SerializingExecutor.run(SerializingExecutor.java:133)
	at java.util.concurrent.ThreadPoolExecutor.runWorker(ThreadPoolExecutor.java:1149)
	at java.util.concurrent.ThreadPoolExecutor$Worker.run(ThreadPoolExecutor.java:624)
	at java.lang.Thread.run(Thread.java:750)
2023-09-19 02:05:05,461 [grpc-default-executor-12] WARN  server.GrpcLogAppender (GrpcLogAppender.java:resetClient(137)) - b1558ce8-bc2f-4c62-aaec-0278e14522f1@group-1453E47972AB->251b4ee7-4683-41e7-a4df-609a9bc3ccca-GrpcLogAppender: Failed to getClient for 251b4ee7-4683-41e7-a4df-609a9bc3ccca
org.apache.ratis.protocol.exceptions.AlreadyClosedException: b1558ce8-bc2f-4c62-aaec-0278e14522f1 is already CLOSED
	at org.apache.ratis.util.PeerProxyMap$PeerAndProxy.getProxy(PeerProxyMap.java:61)
	at org.apache.ratis.util.PeerProxyMap.getProxy(PeerProxyMap.java:115)
	at org.apache.ratis.grpc.server.GrpcLogAppender.getClient(GrpcLogAppender.java:112)
	at org.apache.ratis.grpc.server.GrpcLogAppender.resetClient(GrpcLogAppender.java:117)
	at org.apache.ratis.grpc.server.GrpcLogAppender.access$500(GrpcLogAppender.java:56)
	at org.apache.ratis.grpc.server.GrpcLogAppender$AppendLogResponseHandler.onCompleted(GrpcLogAppender.java:429)
	at org.apache.ratis.thirdparty.io.grpc.stub.ClientCalls$StreamObserverToCallListenerAdapter.onClose(ClientCalls.java:485)
	at org.apache.ratis.thirdparty.io.grpc.internal.DelayedClientCall$DelayedListener$3.run(DelayedClientCall.java:471)
	at org.apache.ratis.thirdparty.io.grpc.internal.DelayedClientCall$DelayedListener.delayOrExecute(DelayedClientCall.java:435)
	at org.apache.ratis.thirdparty.io.grpc.internal.DelayedClientCall$DelayedListener.onClose(DelayedClientCall.java:468)
	at org.apache.ratis.thirdparty.io.grpc.internal.ClientCallImpl.closeObserver(ClientCallImpl.java:563)
	at org.apache.ratis.thirdparty.io.grpc.internal.ClientCallImpl.access$300(ClientCallImpl.java:70)
	at org.apache.ratis.thirdparty.io.grpc.internal.ClientCallImpl$ClientStreamListenerImpl$1StreamClosed.runInternal(ClientCallImpl.java:744)
	at org.apache.ratis.thirdparty.io.grpc.internal.ClientCallImpl$ClientStreamListenerImpl$1StreamClosed.runInContext(ClientCallImpl.java:723)
	at org.apache.ratis.thirdparty.io.grpc.internal.ContextRunnable.run(ContextRunnable.java:37)
	at org.apache.ratis.thirdparty.io.grpc.internal.SerializingExecutor.run(SerializingExecutor.java:133)
	at java.util.concurrent.ThreadPoolExecutor.runWorker(ThreadPoolExecutor.java:1149)
	at java.util.concurrent.ThreadPoolExecutor$Worker.run(ThreadPoolExecutor.java:624)
	at java.lang.Thread.run(Thread.java:750)
2023-09-19 02:05:05,467 [ForkJoinPool.commonPool-worker-2] INFO  server.RaftServer (RaftServerProxy.java:lambda$close$6(416)) - e775f47d-b5dc-484c-be98-194b1f285975: close
2023-09-19 02:05:05,468 [ForkJoinPool.commonPool-worker-1] INFO  server.GrpcService (GrpcService.java:closeImpl(320)) - b1558ce8-bc2f-4c62-aaec-0278e14522f1: shutdown server GrpcServerProtocolService successfully
2023-09-19 02:05:05,468 [ForkJoinPool.commonPool-worker-1] INFO  server.GrpcService (GrpcService.java:closeImpl(311)) - b1558ce8-bc2f-4c62-aaec-0278e14522f1: shutdown server org.apache.ratis.grpc.server.GrpcAdminProtocolService now
2023-09-19 02:05:05,468 [ForkJoinPool.commonPool-worker-2] INFO  server.GrpcService (GrpcService.java:closeImpl(311)) - e775f47d-b5dc-484c-be98-194b1f285975: shutdown server org.apache.ratis.grpc.server.GrpcClientProtocolService now
2023-09-19 02:05:05,469 [main] INFO  server.GrpcService (GrpcService.java:closeImpl(320)) - 251b4ee7-4683-41e7-a4df-609a9bc3ccca: shutdown server GrpcServerProtocolService successfully
2023-09-19 02:05:05,469 [main] INFO  server.GrpcService (GrpcService.java:closeImpl(311)) - 251b4ee7-4683-41e7-a4df-609a9bc3ccca: shutdown server org.apache.ratis.grpc.server.GrpcAdminProtocolService now
2023-09-19 02:05:05,469 [e775f47d-b5dc-484c-be98-194b1f285975-impl-thread2] INFO  server.RaftServer$Division (RaftServerImpl.java:lambda$close$4(466)) - e775f47d-b5dc-484c-be98-194b1f285975@group-2C9B274E37DA: shutdown
2023-09-19 02:05:05,469 [e775f47d-b5dc-484c-be98-194b1f285975-impl-thread2] INFO  util.JmxRegister (JmxRegister.java:unregister(73)) - Successfully un-registered JMX Bean with object name Ratis:service=RaftServer,group=group-2C9B274E37DA,id=e775f47d-b5dc-484c-be98-194b1f285975
2023-09-19 02:05:05,469 [e775f47d-b5dc-484c-be98-194b1f285975-impl-thread2] INFO  impl.RoleInfo (RoleInfo.java:shutdownLeaderState(93)) - e775f47d-b5dc-484c-be98-194b1f285975: shutdown e775f47d-b5dc-484c-be98-194b1f285975@group-2C9B274E37DA-LeaderStateImpl
2023-09-19 02:05:05,469 [e775f47d-b5dc-484c-be98-194b1f285975-impl-thread2] INFO  impl.PendingRequests (PendingRequests.java:sendNotLeaderResponses(289)) - e775f47d-b5dc-484c-be98-194b1f285975@group-2C9B274E37DA-PendingRequests: sendNotLeaderResponses
2023-09-19 02:05:05,470 [e775f47d-b5dc-484c-be98-194b1f285975@group-2C9B274E37DA-StateMachineUpdater] INFO  ratis.ContainerStateMachine (ContainerStateMachine.java:takeSnapshot(330)) - group-2C9B274E37DA: Taking a snapshot at:(t:1, i:0) file /home/runner/work/ozone/ozone/hadoop-ozone/integration-test/target/test-dir/MiniOzoneClusterImpl-9bcb963b-3a30-483e-aad5-953c8710d6fd/datanode-4/data/ratis/a0d23749-ec8f-4058-bc29-2c9b274e37da/sm/snapshot.1_0
2023-09-19 02:05:05,470 [e775f47d-b5dc-484c-be98-194b1f285975-impl-thread2] INFO  impl.StateMachineUpdater (StateMachineUpdater.java:stopAndJoin(155)) - e775f47d-b5dc-484c-be98-194b1f285975@group-2C9B274E37DA-StateMachineUpdater: set stopIndex = 0
2023-09-19 02:05:05,470 [ForkJoinPool.commonPool-worker-1] INFO  server.GrpcService (GrpcService.java:closeImpl(320)) - b1558ce8-bc2f-4c62-aaec-0278e14522f1: shutdown server org.apache.ratis.grpc.server.GrpcAdminProtocolService successfully
2023-09-19 02:05:05,471 [e775f47d-b5dc-484c-be98-194b1f285975@group-2C9B274E37DA-StateMachineUpdater] INFO  ratis.ContainerStateMachine (ContainerStateMachine.java:takeSnapshot(341)) - group-2C9B274E37DA: Finished taking a snapshot at:(t:1, i:0) file:/home/runner/work/ozone/ozone/hadoop-ozone/integration-test/target/test-dir/MiniOzoneClusterImpl-9bcb963b-3a30-483e-aad5-953c8710d6fd/datanode-4/data/ratis/a0d23749-ec8f-4058-bc29-2c9b274e37da/sm/snapshot.1_0 took: 1 ms
2023-09-19 02:05:05,471 [e775f47d-b5dc-484c-be98-194b1f285975@group-2C9B274E37DA-StateMachineUpdater] INFO  impl.StateMachineUpdater (StateMachineUpdater.java:takeSnapshot(291)) - e775f47d-b5dc-484c-be98-194b1f285975@group-2C9B274E37DA-StateMachineUpdater: Took a snapshot at index 0
2023-09-19 02:05:05,471 [e775f47d-b5dc-484c-be98-194b1f285975@group-2C9B274E37DA-StateMachineUpdater] INFO  impl.StateMachineUpdater (StateMachineUpdater.java:lambda$new$0(97)) - e775f47d-b5dc-484c-be98-194b1f285975@group-2C9B274E37DA-StateMachineUpdater: snapshotIndex: updateIncreasingly -1 -> 0
2023-09-19 02:05:05,471 [e775f47d-b5dc-484c-be98-194b1f285975-impl-thread2] INFO  server.RaftServer$Division (ServerState.java:close(472)) - e775f47d-b5dc-484c-be98-194b1f285975@group-2C9B274E37DA: closes. applyIndex: 0
2023-09-19 02:05:05,472 [ForkJoinPool.commonPool-worker-2] INFO  server.GrpcService (GrpcService.java:closeImpl(320)) - e775f47d-b5dc-484c-be98-194b1f285975: shutdown server org.apache.ratis.grpc.server.GrpcClientProtocolService successfully
2023-09-19 02:05:05,472 [ForkJoinPool.commonPool-worker-2] INFO  server.GrpcService (GrpcService.java:closeImpl(311)) - e775f47d-b5dc-484c-be98-194b1f285975: shutdown server GrpcServerProtocolService now
2023-09-19 02:05:05,472 [b1558ce8-bc2f-4c62-aaec-0278e14522f1-NettyServerStreamRpc-bossGroup--thread1] INFO  logging.LoggingHandler (AbstractInternalLogger.java:log(148)) - [id: 0x2fcb06a6, L:/0:0:0:0:0:0:0:0:15015] CLOSE
2023-09-19 02:05:05,472 [b1558ce8-bc2f-4c62-aaec-0278e14522f1-NettyServerStreamRpc-bossGroup--thread1] INFO  logging.LoggingHandler (AbstractInternalLogger.java:log(148)) - [id: 0x2fcb06a6, L:/0:0:0:0:0:0:0:0:15015] INACTIVE
2023-09-19 02:05:05,472 [b1558ce8-bc2f-4c62-aaec-0278e14522f1-NettyServerStreamRpc-bossGroup--thread1] INFO  logging.LoggingHandler (AbstractInternalLogger.java:log(148)) - [id: 0x2fcb06a6, L:/0:0:0:0:0:0:0:0:15015] UNREGISTERED
2023-09-19 02:05:05,472 [main] INFO  server.GrpcService (GrpcService.java:closeImpl(320)) - 251b4ee7-4683-41e7-a4df-609a9bc3ccca: shutdown server org.apache.ratis.grpc.server.GrpcAdminProtocolService successfully
2023-09-19 02:05:05,472 [251b4ee7-4683-41e7-a4df-609a9bc3ccca-NettyServerStreamRpc-bossGroup--thread1] INFO  logging.LoggingHandler (AbstractInternalLogger.java:log(148)) - [id: 0x699d42c2, L:/0:0:0:0:0:0:0:0:15033] CLOSE
2023-09-19 02:05:05,473 [251b4ee7-4683-41e7-a4df-609a9bc3ccca-NettyServerStreamRpc-bossGroup--thread1] INFO  logging.LoggingHandler (AbstractInternalLogger.java:log(148)) - [id: 0x699d42c2, L:/0:0:0:0:0:0:0:0:15033] INACTIVE
2023-09-19 02:05:05,473 [251b4ee7-4683-41e7-a4df-609a9bc3ccca-NettyServerStreamRpc-bossGroup--thread1] INFO  logging.LoggingHandler (AbstractInternalLogger.java:log(148)) - [id: 0x699d42c2, L:/0:0:0:0:0:0:0:0:15033] UNREGISTERED
2023-09-19 02:05:05,481 [ForkJoinPool.commonPool-worker-2] INFO  server.GrpcService (GrpcService.java:closeImpl(320)) - e775f47d-b5dc-484c-be98-194b1f285975: shutdown server GrpcServerProtocolService successfully
2023-09-19 02:05:05,481 [ForkJoinPool.commonPool-worker-2] INFO  server.GrpcService (GrpcService.java:closeImpl(311)) - e775f47d-b5dc-484c-be98-194b1f285975: shutdown server org.apache.ratis.grpc.server.GrpcAdminProtocolService now
2023-09-19 02:05:05,490 [ForkJoinPool.commonPool-worker-3] INFO  ozoneimpl.OzoneContainer (OzoneContainer.java:stop(451)) - Attempting to stop container services.
2023-09-19 02:05:05,490 [ForkJoinPool.commonPool-worker-2] INFO  server.GrpcService (GrpcService.java:closeImpl(320)) - e775f47d-b5dc-484c-be98-194b1f285975: shutdown server org.apache.ratis.grpc.server.GrpcAdminProtocolService successfully
2023-09-19 02:05:05,490 [e775f47d-b5dc-484c-be98-194b1f285975-NettyServerStreamRpc-bossGroup--thread1] INFO  logging.LoggingHandler (AbstractInternalLogger.java:log(148)) - [id: 0x20dd44d5, L:/0:0:0:0:0:0:0:0:15051] CLOSE
2023-09-19 02:05:05,490 [e775f47d-b5dc-484c-be98-194b1f285975-NettyServerStreamRpc-bossGroup--thread1] INFO  logging.LoggingHandler (AbstractInternalLogger.java:log(148)) - [id: 0x20dd44d5, L:/0:0:0:0:0:0:0:0:15051] INACTIVE
2023-09-19 02:05:05,490 [e775f47d-b5dc-484c-be98-194b1f285975-NettyServerStreamRpc-bossGroup--thread1] INFO  logging.LoggingHandler (AbstractInternalLogger.java:log(148)) - [id: 0x20dd44d5, L:/0:0:0:0:0:0:0:0:15051] UNREGISTERED
2023-09-19 02:05:05,494 [ForkJoinPool.commonPool-worker-3] INFO  server.RaftServer (RaftServerProxy.java:lambda$close$6(416)) - 5318791c-eaf4-4a3a-8c62-f5bfab93a736: close
2023-09-19 02:05:05,502 [ForkJoinPool.commonPool-worker-3] INFO  server.GrpcService (GrpcService.java:closeImpl(311)) - 5318791c-eaf4-4a3a-8c62-f5bfab93a736: shutdown server org.apache.ratis.grpc.server.GrpcClientProtocolService now
2023-09-19 02:05:05,504 [5318791c-eaf4-4a3a-8c62-f5bfab93a736-impl-thread2] INFO  server.RaftServer$Division (RaftServerImpl.java:lambda$close$4(466)) - 5318791c-eaf4-4a3a-8c62-f5bfab93a736@group-D93D3BAFBDB7: shutdown
2023-09-19 02:05:05,504 [5318791c-eaf4-4a3a-8c62-f5bfab93a736-impl-thread2] INFO  util.JmxRegister (JmxRegister.java:unregister(73)) - Successfully un-registered JMX Bean with object name Ratis:service=RaftServer,group=group-D93D3BAFBDB7,id=5318791c-eaf4-4a3a-8c62-f5bfab93a736
2023-09-19 02:05:05,504 [5318791c-eaf4-4a3a-8c62-f5bfab93a736-impl-thread2] INFO  impl.RoleInfo (RoleInfo.java:shutdownLeaderState(93)) - 5318791c-eaf4-4a3a-8c62-f5bfab93a736: shutdown 5318791c-eaf4-4a3a-8c62-f5bfab93a736@group-D93D3BAFBDB7-LeaderStateImpl
2023-09-19 02:05:05,504 [5318791c-eaf4-4a3a-8c62-f5bfab93a736-impl-thread2] INFO  impl.PendingRequests (PendingRequests.java:sendNotLeaderResponses(289)) - 5318791c-eaf4-4a3a-8c62-f5bfab93a736@group-D93D3BAFBDB7-PendingRequests: sendNotLeaderResponses
2023-09-19 02:05:05,505 [5318791c-eaf4-4a3a-8c62-f5bfab93a736-impl-thread2] INFO  impl.StateMachineUpdater (StateMachineUpdater.java:stopAndJoin(155)) - 5318791c-eaf4-4a3a-8c62-f5bfab93a736@group-D93D3BAFBDB7-StateMachineUpdater: set stopIndex = 0
2023-09-19 02:05:05,505 [5318791c-eaf4-4a3a-8c62-f5bfab93a736@group-D93D3BAFBDB7-StateMachineUpdater] INFO  ratis.ContainerStateMachine (ContainerStateMachine.java:takeSnapshot(330)) - group-D93D3BAFBDB7: Taking a snapshot at:(t:1, i:0) file /home/runner/work/ozone/ozone/hadoop-ozone/integration-test/target/test-dir/MiniOzoneClusterImpl-9bcb963b-3a30-483e-aad5-953c8710d6fd/datanode-3/data/ratis/89f614a1-878a-4ed0-9158-d93d3bafbdb7/sm/snapshot.1_0
2023-09-19 02:05:05,507 [5318791c-eaf4-4a3a-8c62-f5bfab93a736@group-D93D3BAFBDB7-StateMachineUpdater] INFO  ratis.ContainerStateMachine (ContainerStateMachine.java:takeSnapshot(341)) - group-D93D3BAFBDB7: Finished taking a snapshot at:(t:1, i:0) file:/home/runner/work/ozone/ozone/hadoop-ozone/integration-test/target/test-dir/MiniOzoneClusterImpl-9bcb963b-3a30-483e-aad5-953c8710d6fd/datanode-3/data/ratis/89f614a1-878a-4ed0-9158-d93d3bafbdb7/sm/snapshot.1_0 took: 3 ms
2023-09-19 02:05:05,508 [5318791c-eaf4-4a3a-8c62-f5bfab93a736@group-D93D3BAFBDB7-StateMachineUpdater] INFO  impl.StateMachineUpdater (StateMachineUpdater.java:takeSnapshot(291)) - 5318791c-eaf4-4a3a-8c62-f5bfab93a736@group-D93D3BAFBDB7-StateMachineUpdater: Took a snapshot at index 0
2023-09-19 02:05:05,508 [5318791c-eaf4-4a3a-8c62-f5bfab93a736@group-D93D3BAFBDB7-StateMachineUpdater] INFO  impl.StateMachineUpdater (StateMachineUpdater.java:lambda$new$0(97)) - 5318791c-eaf4-4a3a-8c62-f5bfab93a736@group-D93D3BAFBDB7-StateMachineUpdater: snapshotIndex: updateIncreasingly -1 -> 0
2023-09-19 02:05:05,508 [5318791c-eaf4-4a3a-8c62-f5bfab93a736-impl-thread2] INFO  server.RaftServer$Division (ServerState.java:close(472)) - 5318791c-eaf4-4a3a-8c62-f5bfab93a736@group-D93D3BAFBDB7: closes. applyIndex: 0
2023-09-19 02:05:05,508 [ForkJoinPool.commonPool-worker-3] INFO  server.GrpcService (GrpcService.java:closeImpl(320)) - 5318791c-eaf4-4a3a-8c62-f5bfab93a736: shutdown server org.apache.ratis.grpc.server.GrpcClientProtocolService successfully
2023-09-19 02:05:05,508 [ForkJoinPool.commonPool-worker-3] INFO  server.GrpcService (GrpcService.java:closeImpl(311)) - 5318791c-eaf4-4a3a-8c62-f5bfab93a736: shutdown server GrpcServerProtocolService now
2023-09-19 02:05:05,512 [ForkJoinPool.commonPool-worker-3] INFO  server.GrpcService (GrpcService.java:closeImpl(320)) - 5318791c-eaf4-4a3a-8c62-f5bfab93a736: shutdown server GrpcServerProtocolService successfully
2023-09-19 02:05:05,512 [ForkJoinPool.commonPool-worker-3] INFO  server.GrpcService (GrpcService.java:closeImpl(311)) - 5318791c-eaf4-4a3a-8c62-f5bfab93a736: shutdown server org.apache.ratis.grpc.server.GrpcAdminProtocolService now
2023-09-19 02:05:05,516 [ForkJoinPool.commonPool-worker-3] INFO  server.GrpcService (GrpcService.java:closeImpl(320)) - 5318791c-eaf4-4a3a-8c62-f5bfab93a736: shutdown server org.apache.ratis.grpc.server.GrpcAdminProtocolService successfully
2023-09-19 02:05:05,516 [5318791c-eaf4-4a3a-8c62-f5bfab93a736-NettyServerStreamRpc-bossGroup--thread1] INFO  logging.LoggingHandler (AbstractInternalLogger.java:log(148)) - [id: 0x3f3a3f68, L:/0:0:0:0:0:0:0:0:15042] CLOSE
2023-09-19 02:05:05,516 [5318791c-eaf4-4a3a-8c62-f5bfab93a736-NettyServerStreamRpc-bossGroup--thread1] INFO  logging.LoggingHandler (AbstractInternalLogger.java:log(148)) - [id: 0x3f3a3f68, L:/0:0:0:0:0:0:0:0:15042] INACTIVE
2023-09-19 02:05:05,516 [5318791c-eaf4-4a3a-8c62-f5bfab93a736-NettyServerStreamRpc-bossGroup--thread1] INFO  logging.LoggingHandler (AbstractInternalLogger.java:log(148)) - [id: 0x3f3a3f68, L:/0:0:0:0:0:0:0:0:15042] UNREGISTERED
2023-09-19 02:05:05,530 [3d8e742d-6d38-4fa1-811b-6a8dd626afd2-impl-thread3] INFO  segmented.SegmentedRaftLogWorker (SegmentedRaftLogWorker.java:close(252)) - 3d8e742d-6d38-4fa1-811b-6a8dd626afd2@group-FD651BCEA229-SegmentedRaftLogWorker close()
2023-09-19 02:05:05,531 [251b4ee7-4683-41e7-a4df-609a9bc3ccca-impl-thread2] INFO  segmented.SegmentedRaftLogWorker (SegmentedRaftLogWorker.java:close(252)) - 251b4ee7-4683-41e7-a4df-609a9bc3ccca@group-FC82804DB9A3-SegmentedRaftLogWorker close()
2023-09-19 02:05:05,557 [b1558ce8-bc2f-4c62-aaec-0278e14522f1-impl-thread2] INFO  segmented.SegmentedRaftLogWorker (SegmentedRaftLogWorker.java:close(252)) - b1558ce8-bc2f-4c62-aaec-0278e14522f1@group-1146A680FE5E-SegmentedRaftLogWorker close()
2023-09-19 02:05:05,854 [3d8e742d-6d38-4fa1-811b-6a8dd626afd2-impl-thread2] INFO  segmented.SegmentedRaftLogWorker (SegmentedRaftLogWorker.java:close(252)) - 3d8e742d-6d38-4fa1-811b-6a8dd626afd2@group-DDAA0B417BEA-SegmentedRaftLogWorker close()
2023-09-19 02:05:05,854 [b1558ce8-bc2f-4c62-aaec-0278e14522f1-impl-thread3] INFO  segmented.SegmentedRaftLogWorker (SegmentedRaftLogWorker.java:close(252)) - b1558ce8-bc2f-4c62-aaec-0278e14522f1@group-DDAA0B417BEA-SegmentedRaftLogWorker close()
2023-09-19 02:05:05,857 [5318791c-eaf4-4a3a-8c62-f5bfab93a736-impl-thread2] INFO  segmented.SegmentedRaftLogWorker (SegmentedRaftLogWorker.java:close(252)) - 5318791c-eaf4-4a3a-8c62-f5bfab93a736@group-D93D3BAFBDB7-SegmentedRaftLogWorker close()
2023-09-19 02:05:05,857 [251b4ee7-4683-41e7-a4df-609a9bc3ccca-impl-thread3] INFO  segmented.SegmentedRaftLogWorker (SegmentedRaftLogWorker.java:close(252)) - 251b4ee7-4683-41e7-a4df-609a9bc3ccca@group-DDAA0B417BEA-SegmentedRaftLogWorker close()
2023-09-19 02:05:05,859 [JvmPauseMonitor5] INFO  util.JvmPauseMonitor (JvmPauseMonitor.java:run(109)) - JvmPauseMonitor-5318791c-eaf4-4a3a-8c62-f5bfab93a736: Stopped
2023-09-19 02:05:06,179 [e775f47d-b5dc-484c-be98-194b1f285975-impl-thread2] INFO  segmented.SegmentedRaftLogWorker (SegmentedRaftLogWorker.java:close(252)) - e775f47d-b5dc-484c-be98-194b1f285975@group-2C9B274E37DA-SegmentedRaftLogWorker close()
2023-09-19 02:05:06,181 [JvmPauseMonitor6] INFO  util.JvmPauseMonitor (JvmPauseMonitor.java:run(109)) - JvmPauseMonitor-e775f47d-b5dc-484c-be98-194b1f285975: Stopped
2023-09-19 02:05:06,183 [b1558ce8-bc2f-4c62-aaec-0278e14522f1-impl-thread4] INFO  segmented.SegmentedRaftLogWorker (SegmentedRaftLogWorker.java:close(252)) - b1558ce8-bc2f-4c62-aaec-0278e14522f1@group-1453E47972AB-SegmentedRaftLogWorker close()
2023-09-19 02:05:06,185 [JvmPauseMonitor2] INFO  util.JvmPauseMonitor (JvmPauseMonitor.java:run(109)) - JvmPauseMonitor-b1558ce8-bc2f-4c62-aaec-0278e14522f1: Stopped
2023-09-19 02:05:06,209 [251b4ee7-4683-41e7-a4df-609a9bc3ccca-impl-thread4] INFO  segmented.SegmentedRaftLogWorker (SegmentedRaftLogWorker.java:close(252)) - 251b4ee7-4683-41e7-a4df-609a9bc3ccca@group-1453E47972AB-SegmentedRaftLogWorker close()
2023-09-19 02:05:06,211 [JvmPauseMonitor4] INFO  util.JvmPauseMonitor (JvmPauseMonitor.java:run(109)) - JvmPauseMonitor-251b4ee7-4683-41e7-a4df-609a9bc3ccca: Stopped
2023-09-19 02:05:06,212 [3d8e742d-6d38-4fa1-811b-6a8dd626afd2-impl-thread4] INFO  segmented.SegmentedRaftLogWorker (SegmentedRaftLogWorker.java:close(252)) - 3d8e742d-6d38-4fa1-811b-6a8dd626afd2@group-1453E47972AB-SegmentedRaftLogWorker close()
2023-09-19 02:05:06,213 [JvmPauseMonitor3] INFO  util.JvmPauseMonitor (JvmPauseMonitor.java:run(109)) - JvmPauseMonitor-3d8e742d-6d38-4fa1-811b-6a8dd626afd2: Stopped
2023-09-19 02:05:07,880 [ForkJoinPool.commonPool-worker-3] INFO  utils.DatanodeStoreCache (DatanodeStoreCache.java:shutdownCache(110)) - Skip clearing cache in mini cluster mode. Entries left: [/home/runner/work/ozone/ozone/hadoop-ozone/integration-test/target/test-dir/MiniOzoneClusterImpl-9bcb963b-3a30-483e-aad5-953c8710d6fd/datanode-0/data-0/containers/hdds/9bcb963b-3a30-483e-aad5-953c8710d6fd/DS-cc93b8a1-fa4e-429c-a0b0-a30102c34521/container.db, /home/runner/work/ozone/ozone/hadoop-ozone/integration-test/target/test-dir/MiniOzoneClusterImpl-9bcb963b-3a30-483e-aad5-953c8710d6fd/datanode-1/data-0/containers/hdds/9bcb963b-3a30-483e-aad5-953c8710d6fd/DS-6b3a8fb9-1ccd-40f0-a1cd-224753489928/container.db, /home/runner/work/ozone/ozone/hadoop-ozone/integration-test/target/test-dir/MiniOzoneClusterImpl-9bcb963b-3a30-483e-aad5-953c8710d6fd/datanode-2/data-0/containers/hdds/9bcb963b-3a30-483e-aad5-953c8710d6fd/DS-7046a98f-be74-4af2-8716-8790699c6bc1/container.db, /home/runner/work/ozone/ozone/hadoop-ozone/integration-test/target/test-dir/MiniOzoneClusterImpl-9bcb963b-3a30-483e-aad5-953c8710d6fd/datanode-3/data-0/containers/hdds/9bcb963b-3a30-483e-aad5-953c8710d6fd/DS-e8c4f22d-6769-4314-9185-523b42808c2d/container.db, /home/runner/work/ozone/ozone/hadoop-ozone/integration-test/target/test-dir/MiniOzoneClusterImpl-9bcb963b-3a30-483e-aad5-953c8710d6fd/datanode-4/data-0/containers/hdds/9bcb963b-3a30-483e-aad5-953c8710d6fd/DS-008b8fb3-ec7a-474f-a6b7-b18cb4b3fd69/container.db]
2023-09-19 02:05:07,892 [ForkJoinPool.commonPool-worker-3] INFO  utils.DatanodeStoreCache (DatanodeStoreCache.java:removeDB(104)) - Removed db /home/runner/work/ozone/ozone/hadoop-ozone/integration-test/target/test-dir/MiniOzoneClusterImpl-9bcb963b-3a30-483e-aad5-953c8710d6fd/datanode-3/data-0/containers/hdds/9bcb963b-3a30-483e-aad5-953c8710d6fd/DS-e8c4f22d-6769-4314-9185-523b42808c2d/container.db from cache
2023-09-19 02:05:07,892 [ForkJoinPool.commonPool-worker-3] INFO  volume.HddsVolume (HddsVolume.java:closeDbStore(453)) - SchemaV3 db is stopped at /home/runner/work/ozone/ozone/hadoop-ozone/integration-test/target/test-dir/MiniOzoneClusterImpl-9bcb963b-3a30-483e-aad5-953c8710d6fd/datanode-3/data-0/containers/hdds/9bcb963b-3a30-483e-aad5-953c8710d6fd/DS-e8c4f22d-6769-4314-9185-523b42808c2d/container.db for volume DS-e8c4f22d-6769-4314-9185-523b42808c2d
2023-09-19 02:05:07,893 [ForkJoinPool.commonPool-worker-3] INFO  utils.BackgroundService (BackgroundService.java:shutdown(141)) - Shutting down service BlockDeletingService
2023-09-19 02:05:07,893 [ForkJoinPool.commonPool-worker-3] INFO  utils.BackgroundService (BackgroundService.java:shutdown(141)) - Shutting down service StaleRecoveringContainerScrubbingService
2023-09-19 02:05:07,896 [ForkJoinPool.commonPool-worker-3] INFO  statemachine.DatanodeStateMachine (DatanodeStateMachine.java:stopDaemon(622)) - Ozone container server stopped.
2023-09-19 02:05:07,913 [ForkJoinPool.commonPool-worker-3] INFO  handler.ContextHandler (ContextHandler.java:doStop(1159)) - Stopped o.e.j.w.WebAppContext@65ab87e4{hddsDatanode,/,null,STOPPED}{jar:file:/home/runner/.m2/repository/org/apache/ozone/hdds-container-service/1.4.0-SNAPSHOT/hdds-container-service-1.4.0-SNAPSHOT.jar!/webapps/hddsDatanode}
2023-09-19 02:05:07,914 [ForkJoinPool.commonPool-worker-3] INFO  server.AbstractConnector (AbstractConnector.java:doStop(383)) - Stopped ServerConnector@66d774b8{HTTP/1.1, (http/1.1)}{0.0.0.0:15036}
2023-09-19 02:05:07,915 [ForkJoinPool.commonPool-worker-3] INFO  server.session (HouseKeeper.java:stopScavenging(149)) - node0 Stopped scavenging
2023-09-19 02:05:07,916 [ForkJoinPool.commonPool-worker-3] INFO  handler.ContextHandler (ContextHandler.java:doStop(1159)) - Stopped o.e.j.s.ServletContextHandler@6adaccf5{static,/static,jar:file:/home/runner/.m2/repository/org/apache/ozone/hdds-container-service/1.4.0-SNAPSHOT/hdds-container-service-1.4.0-SNAPSHOT.jar!/webapps/static,STOPPED}
2023-09-19 02:05:07,916 [ForkJoinPool.commonPool-worker-3] INFO  handler.ContextHandler (ContextHandler.java:doStop(1159)) - Stopped o.e.j.s.ServletContextHandler@185f9c7{logs,/logs,file:///home/runner/work/ozone/ozone/hadoop-ozone/integration-test/target/log,STOPPED}
2023-09-19 02:05:07,917 [ForkJoinPool.commonPool-worker-3] INFO  ozone.HddsDatanodeClientProtocolServer (HddsDatanodeClientProtocolServer.java:stop(78)) - Stopping the RPC server for Client Protocol
2023-09-19 02:05:07,918 [ForkJoinPool.commonPool-worker-3] INFO  ipc.Server (Server.java:stop(3523)) - Stopping server on 15037
2023-09-19 02:05:07,919 [IPC Server listener on 15037] INFO  ipc.Server (Server.java:run(1434)) - Stopping IPC Server listener on 15037
2023-09-19 02:05:07,919 [IPC Server Responder] INFO  ipc.Server (Server.java:run(1567)) - Stopping IPC Server Responder
2023-09-19 02:05:08,187 [ForkJoinPool.commonPool-worker-2] INFO  utils.DatanodeStoreCache (DatanodeStoreCache.java:shutdownCache(110)) - Skip clearing cache in mini cluster mode. Entries left: [/home/runner/work/ozone/ozone/hadoop-ozone/integration-test/target/test-dir/MiniOzoneClusterImpl-9bcb963b-3a30-483e-aad5-953c8710d6fd/datanode-0/data-0/containers/hdds/9bcb963b-3a30-483e-aad5-953c8710d6fd/DS-cc93b8a1-fa4e-429c-a0b0-a30102c34521/container.db, /home/runner/work/ozone/ozone/hadoop-ozone/integration-test/target/test-dir/MiniOzoneClusterImpl-9bcb963b-3a30-483e-aad5-953c8710d6fd/datanode-1/data-0/containers/hdds/9bcb963b-3a30-483e-aad5-953c8710d6fd/DS-6b3a8fb9-1ccd-40f0-a1cd-224753489928/container.db, /home/runner/work/ozone/ozone/hadoop-ozone/integration-test/target/test-dir/MiniOzoneClusterImpl-9bcb963b-3a30-483e-aad5-953c8710d6fd/datanode-2/data-0/containers/hdds/9bcb963b-3a30-483e-aad5-953c8710d6fd/DS-7046a98f-be74-4af2-8716-8790699c6bc1/container.db, /home/runner/work/ozone/ozone/hadoop-ozone/integration-test/target/test-dir/MiniOzoneClusterImpl-9bcb963b-3a30-483e-aad5-953c8710d6fd/datanode-4/data-0/containers/hdds/9bcb963b-3a30-483e-aad5-953c8710d6fd/DS-008b8fb3-ec7a-474f-a6b7-b18cb4b3fd69/container.db]
2023-09-19 02:05:08,188 [ForkJoinPool.commonPool-worker-1] INFO  utils.DatanodeStoreCache (DatanodeStoreCache.java:shutdownCache(110)) - Skip clearing cache in mini cluster mode. Entries left: [/home/runner/work/ozone/ozone/hadoop-ozone/integration-test/target/test-dir/MiniOzoneClusterImpl-9bcb963b-3a30-483e-aad5-953c8710d6fd/datanode-0/data-0/containers/hdds/9bcb963b-3a30-483e-aad5-953c8710d6fd/DS-cc93b8a1-fa4e-429c-a0b0-a30102c34521/container.db, /home/runner/work/ozone/ozone/hadoop-ozone/integration-test/target/test-dir/MiniOzoneClusterImpl-9bcb963b-3a30-483e-aad5-953c8710d6fd/datanode-1/data-0/containers/hdds/9bcb963b-3a30-483e-aad5-953c8710d6fd/DS-6b3a8fb9-1ccd-40f0-a1cd-224753489928/container.db, /home/runner/work/ozone/ozone/hadoop-ozone/integration-test/target/test-dir/MiniOzoneClusterImpl-9bcb963b-3a30-483e-aad5-953c8710d6fd/datanode-2/data-0/containers/hdds/9bcb963b-3a30-483e-aad5-953c8710d6fd/DS-7046a98f-be74-4af2-8716-8790699c6bc1/container.db, /home/runner/work/ozone/ozone/hadoop-ozone/integration-test/target/test-dir/MiniOzoneClusterImpl-9bcb963b-3a30-483e-aad5-953c8710d6fd/datanode-4/data-0/containers/hdds/9bcb963b-3a30-483e-aad5-953c8710d6fd/DS-008b8fb3-ec7a-474f-a6b7-b18cb4b3fd69/container.db]
2023-09-19 02:05:08,190 [ForkJoinPool.commonPool-worker-1] INFO  utils.DatanodeStoreCache (DatanodeStoreCache.java:removeDB(104)) - Removed db /home/runner/work/ozone/ozone/hadoop-ozone/integration-test/target/test-dir/MiniOzoneClusterImpl-9bcb963b-3a30-483e-aad5-953c8710d6fd/datanode-0/data-0/containers/hdds/9bcb963b-3a30-483e-aad5-953c8710d6fd/DS-cc93b8a1-fa4e-429c-a0b0-a30102c34521/container.db from cache
2023-09-19 02:05:08,190 [ForkJoinPool.commonPool-worker-1] INFO  volume.HddsVolume (HddsVolume.java:closeDbStore(453)) - SchemaV3 db is stopped at /home/runner/work/ozone/ozone/hadoop-ozone/integration-test/target/test-dir/MiniOzoneClusterImpl-9bcb963b-3a30-483e-aad5-953c8710d6fd/datanode-0/data-0/containers/hdds/9bcb963b-3a30-483e-aad5-953c8710d6fd/DS-cc93b8a1-fa4e-429c-a0b0-a30102c34521/container.db for volume DS-cc93b8a1-fa4e-429c-a0b0-a30102c34521
2023-09-19 02:05:08,191 [ForkJoinPool.commonPool-worker-2] INFO  utils.DatanodeStoreCache (DatanodeStoreCache.java:removeDB(104)) - Removed db /home/runner/work/ozone/ozone/hadoop-ozone/integration-test/target/test-dir/MiniOzoneClusterImpl-9bcb963b-3a30-483e-aad5-953c8710d6fd/datanode-4/data-0/containers/hdds/9bcb963b-3a30-483e-aad5-953c8710d6fd/DS-008b8fb3-ec7a-474f-a6b7-b18cb4b3fd69/container.db from cache
2023-09-19 02:05:08,191 [ForkJoinPool.commonPool-worker-2] INFO  volume.HddsVolume (HddsVolume.java:closeDbStore(453)) - SchemaV3 db is stopped at /home/runner/work/ozone/ozone/hadoop-ozone/integration-test/target/test-dir/MiniOzoneClusterImpl-9bcb963b-3a30-483e-aad5-953c8710d6fd/datanode-4/data-0/containers/hdds/9bcb963b-3a30-483e-aad5-953c8710d6fd/DS-008b8fb3-ec7a-474f-a6b7-b18cb4b3fd69/container.db for volume DS-008b8fb3-ec7a-474f-a6b7-b18cb4b3fd69
2023-09-19 02:05:08,191 [ForkJoinPool.commonPool-worker-1] INFO  utils.BackgroundService (BackgroundService.java:shutdown(141)) - Shutting down service BlockDeletingService
2023-09-19 02:05:08,191 [ForkJoinPool.commonPool-worker-2] INFO  utils.BackgroundService (BackgroundService.java:shutdown(141)) - Shutting down service BlockDeletingService
2023-09-19 02:05:08,192 [ForkJoinPool.commonPool-worker-2] INFO  utils.BackgroundService (BackgroundService.java:shutdown(141)) - Shutting down service StaleRecoveringContainerScrubbingService
2023-09-19 02:05:08,192 [ForkJoinPool.commonPool-worker-1] INFO  utils.BackgroundService (BackgroundService.java:shutdown(141)) - Shutting down service StaleRecoveringContainerScrubbingService
2023-09-19 02:05:08,193 [ForkJoinPool.commonPool-worker-2] INFO  statemachine.DatanodeStateMachine (DatanodeStateMachine.java:stopDaemon(622)) - Ozone container server stopped.
2023-09-19 02:05:08,197 [ForkJoinPool.commonPool-worker-1] INFO  statemachine.DatanodeStateMachine (DatanodeStateMachine.java:stopDaemon(622)) - Ozone container server stopped.
2023-09-19 02:05:08,206 [ForkJoinPool.commonPool-worker-2] INFO  handler.ContextHandler (ContextHandler.java:doStop(1159)) - Stopped o.e.j.w.WebAppContext@2102d36f{hddsDatanode,/,null,STOPPED}{jar:file:/home/runner/.m2/repository/org/apache/ozone/hdds-container-service/1.4.0-SNAPSHOT/hdds-container-service-1.4.0-SNAPSHOT.jar!/webapps/hddsDatanode}
2023-09-19 02:05:08,206 [ForkJoinPool.commonPool-worker-2] INFO  server.AbstractConnector (AbstractConnector.java:doStop(383)) - Stopped ServerConnector@27446428{HTTP/1.1, (http/1.1)}{0.0.0.0:15045}
2023-09-19 02:05:08,206 [ForkJoinPool.commonPool-worker-2] INFO  server.session (HouseKeeper.java:stopScavenging(149)) - node0 Stopped scavenging
2023-09-19 02:05:08,208 [ForkJoinPool.commonPool-worker-2] INFO  handler.ContextHandler (ContextHandler.java:doStop(1159)) - Stopped o.e.j.s.ServletContextHandler@53b6d9{static,/static,jar:file:/home/runner/.m2/repository/org/apache/ozone/hdds-container-service/1.4.0-SNAPSHOT/hdds-container-service-1.4.0-SNAPSHOT.jar!/webapps/static,STOPPED}
2023-09-19 02:05:08,208 [ForkJoinPool.commonPool-worker-2] INFO  handler.ContextHandler (ContextHandler.java:doStop(1159)) - Stopped o.e.j.s.ServletContextHandler@ee92d4e{logs,/logs,file:///home/runner/work/ozone/ozone/hadoop-ozone/integration-test/target/log,STOPPED}
2023-09-19 02:05:08,209 [ForkJoinPool.commonPool-worker-2] INFO  ozone.HddsDatanodeClientProtocolServer (HddsDatanodeClientProtocolServer.java:stop(78)) - Stopping the RPC server for Client Protocol
2023-09-19 02:05:08,210 [ForkJoinPool.commonPool-worker-2] INFO  ipc.Server (Server.java:stop(3523)) - Stopping server on 15046
2023-09-19 02:05:08,210 [IPC Server listener on 15046] INFO  ipc.Server (Server.java:run(1434)) - Stopping IPC Server listener on 15046
2023-09-19 02:05:08,210 [IPC Server Responder] INFO  ipc.Server (Server.java:run(1567)) - Stopping IPC Server Responder
2023-09-19 02:05:08,215 [main] INFO  utils.DatanodeStoreCache (DatanodeStoreCache.java:shutdownCache(110)) - Skip clearing cache in mini cluster mode. Entries left: [/home/runner/work/ozone/ozone/hadoop-ozone/integration-test/target/test-dir/MiniOzoneClusterImpl-9bcb963b-3a30-483e-aad5-953c8710d6fd/datanode-1/data-0/containers/hdds/9bcb963b-3a30-483e-aad5-953c8710d6fd/DS-6b3a8fb9-1ccd-40f0-a1cd-224753489928/container.db, /home/runner/work/ozone/ozone/hadoop-ozone/integration-test/target/test-dir/MiniOzoneClusterImpl-9bcb963b-3a30-483e-aad5-953c8710d6fd/datanode-2/data-0/containers/hdds/9bcb963b-3a30-483e-aad5-953c8710d6fd/DS-7046a98f-be74-4af2-8716-8790699c6bc1/container.db]
2023-09-19 02:05:08,216 [main] INFO  utils.DatanodeStoreCache (DatanodeStoreCache.java:removeDB(104)) - Removed db /home/runner/work/ozone/ozone/hadoop-ozone/integration-test/target/test-dir/MiniOzoneClusterImpl-9bcb963b-3a30-483e-aad5-953c8710d6fd/datanode-2/data-0/containers/hdds/9bcb963b-3a30-483e-aad5-953c8710d6fd/DS-7046a98f-be74-4af2-8716-8790699c6bc1/container.db from cache
2023-09-19 02:05:08,216 [main] INFO  volume.HddsVolume (HddsVolume.java:closeDbStore(453)) - SchemaV3 db is stopped at /home/runner/work/ozone/ozone/hadoop-ozone/integration-test/target/test-dir/MiniOzoneClusterImpl-9bcb963b-3a30-483e-aad5-953c8710d6fd/datanode-2/data-0/containers/hdds/9bcb963b-3a30-483e-aad5-953c8710d6fd/DS-7046a98f-be74-4af2-8716-8790699c6bc1/container.db for volume DS-7046a98f-be74-4af2-8716-8790699c6bc1
2023-09-19 02:05:08,216 [main] INFO  utils.BackgroundService (BackgroundService.java:shutdown(141)) - Shutting down service BlockDeletingService
2023-09-19 02:05:08,216 [ForkJoinPool.commonPool-worker-0] INFO  utils.DatanodeStoreCache (DatanodeStoreCache.java:shutdownCache(110)) - Skip clearing cache in mini cluster mode. Entries left: [/home/runner/work/ozone/ozone/hadoop-ozone/integration-test/target/test-dir/MiniOzoneClusterImpl-9bcb963b-3a30-483e-aad5-953c8710d6fd/datanode-1/data-0/containers/hdds/9bcb963b-3a30-483e-aad5-953c8710d6fd/DS-6b3a8fb9-1ccd-40f0-a1cd-224753489928/container.db]
2023-09-19 02:05:08,220 [ForkJoinPool.commonPool-worker-0] INFO  utils.DatanodeStoreCache (DatanodeStoreCache.java:removeDB(104)) - Removed db /home/runner/work/ozone/ozone/hadoop-ozone/integration-test/target/test-dir/MiniOzoneClusterImpl-9bcb963b-3a30-483e-aad5-953c8710d6fd/datanode-1/data-0/containers/hdds/9bcb963b-3a30-483e-aad5-953c8710d6fd/DS-6b3a8fb9-1ccd-40f0-a1cd-224753489928/container.db from cache
2023-09-19 02:05:08,220 [ForkJoinPool.commonPool-worker-0] INFO  volume.HddsVolume (HddsVolume.java:closeDbStore(453)) - SchemaV3 db is stopped at /home/runner/work/ozone/ozone/hadoop-ozone/integration-test/target/test-dir/MiniOzoneClusterImpl-9bcb963b-3a30-483e-aad5-953c8710d6fd/datanode-1/data-0/containers/hdds/9bcb963b-3a30-483e-aad5-953c8710d6fd/DS-6b3a8fb9-1ccd-40f0-a1cd-224753489928/container.db for volume DS-6b3a8fb9-1ccd-40f0-a1cd-224753489928
2023-09-19 02:05:08,221 [ForkJoinPool.commonPool-worker-0] INFO  utils.BackgroundService (BackgroundService.java:shutdown(141)) - Shutting down service BlockDeletingService
2023-09-19 02:05:08,221 [ForkJoinPool.commonPool-worker-0] INFO  utils.BackgroundService (BackgroundService.java:shutdown(141)) - Shutting down service StaleRecoveringContainerScrubbingService
2023-09-19 02:05:08,222 [ForkJoinPool.commonPool-worker-0] INFO  statemachine.DatanodeStateMachine (DatanodeStateMachine.java:stopDaemon(622)) - Ozone container server stopped.
2023-09-19 02:05:08,222 [main] INFO  utils.BackgroundService (BackgroundService.java:shutdown(141)) - Shutting down service StaleRecoveringContainerScrubbingService
2023-09-19 02:05:08,224 [main] INFO  statemachine.DatanodeStateMachine (DatanodeStateMachine.java:stopDaemon(622)) - Ozone container server stopped.
2023-09-19 02:05:08,240 [ForkJoinPool.commonPool-worker-1] INFO  handler.ContextHandler (ContextHandler.java:doStop(1159)) - Stopped o.e.j.w.WebAppContext@1d3bc1df{hddsDatanode,/,null,STOPPED}{jar:file:/home/runner/.m2/repository/org/apache/ozone/hdds-container-service/1.4.0-SNAPSHOT/hdds-container-service-1.4.0-SNAPSHOT.jar!/webapps/hddsDatanode}
2023-09-19 02:05:08,240 [ForkJoinPool.commonPool-worker-1] INFO  server.AbstractConnector (AbstractConnector.java:doStop(383)) - Stopped ServerConnector@1a57c7c2{HTTP/1.1, (http/1.1)}{0.0.0.0:15009}
2023-09-19 02:05:08,240 [ForkJoinPool.commonPool-worker-1] INFO  server.session (HouseKeeper.java:stopScavenging(149)) - node0 Stopped scavenging
2023-09-19 02:05:08,241 [ForkJoinPool.commonPool-worker-1] INFO  handler.ContextHandler (ContextHandler.java:doStop(1159)) - Stopped o.e.j.s.ServletContextHandler@19faba8e{static,/static,jar:file:/home/runner/.m2/repository/org/apache/ozone/hdds-container-service/1.4.0-SNAPSHOT/hdds-container-service-1.4.0-SNAPSHOT.jar!/webapps/static,STOPPED}
2023-09-19 02:05:08,242 [ForkJoinPool.commonPool-worker-1] INFO  handler.ContextHandler (ContextHandler.java:doStop(1159)) - Stopped o.e.j.s.ServletContextHandler@36cd715c{logs,/logs,file:///home/runner/work/ozone/ozone/hadoop-ozone/integration-test/target/log,STOPPED}
2023-09-19 02:05:08,242 [ForkJoinPool.commonPool-worker-1] INFO  ozone.HddsDatanodeClientProtocolServer (HddsDatanodeClientProtocolServer.java:stop(78)) - Stopping the RPC server for Client Protocol
2023-09-19 02:05:08,243 [ForkJoinPool.commonPool-worker-1] INFO  ipc.Server (Server.java:stop(3523)) - Stopping server on 15010
2023-09-19 02:05:08,250 [main] INFO  handler.ContextHandler (ContextHandler.java:doStop(1159)) - Stopped o.e.j.w.WebAppContext@136468c{hddsDatanode,/,null,STOPPED}{jar:file:/home/runner/.m2/repository/org/apache/ozone/hdds-container-service/1.4.0-SNAPSHOT/hdds-container-service-1.4.0-SNAPSHOT.jar!/webapps/hddsDatanode}
2023-09-19 02:05:08,250 [IPC Server listener on 15010] INFO  ipc.Server (Server.java:run(1434)) - Stopping IPC Server listener on 15010
2023-09-19 02:05:08,251 [IPC Server Responder] INFO  ipc.Server (Server.java:run(1567)) - Stopping IPC Server Responder
2023-09-19 02:05:08,252 [main] INFO  server.AbstractConnector (AbstractConnector.java:doStop(383)) - Stopped ServerConnector@19d6da87{HTTP/1.1, (http/1.1)}{0.0.0.0:15027}
2023-09-19 02:05:08,252 [main] INFO  server.session (HouseKeeper.java:stopScavenging(149)) - node0 Stopped scavenging
2023-09-19 02:05:08,252 [main] INFO  handler.ContextHandler (ContextHandler.java:doStop(1159)) - Stopped o.e.j.s.ServletContextHandler@81eba6b{static,/static,jar:file:/home/runner/.m2/repository/org/apache/ozone/hdds-container-service/1.4.0-SNAPSHOT/hdds-container-service-1.4.0-SNAPSHOT.jar!/webapps/static,STOPPED}
2023-09-19 02:05:08,256 [ForkJoinPool.commonPool-worker-0] INFO  handler.ContextHandler (ContextHandler.java:doStop(1159)) - Stopped o.e.j.w.WebAppContext@725d49a8{hddsDatanode,/,null,STOPPED}{jar:file:/home/runner/.m2/repository/org/apache/ozone/hdds-container-service/1.4.0-SNAPSHOT/hdds-container-service-1.4.0-SNAPSHOT.jar!/webapps/hddsDatanode}
2023-09-19 02:05:08,257 [main] INFO  handler.ContextHandler (ContextHandler.java:doStop(1159)) - Stopped o.e.j.s.ServletContextHandler@2e43f0ef{logs,/logs,file:///home/runner/work/ozone/ozone/hadoop-ozone/integration-test/target/log,STOPPED}
2023-09-19 02:05:08,258 [main] INFO  ozone.HddsDatanodeClientProtocolServer (HddsDatanodeClientProtocolServer.java:stop(78)) - Stopping the RPC server for Client Protocol
2023-09-19 02:05:08,258 [ForkJoinPool.commonPool-worker-0] INFO  server.AbstractConnector (AbstractConnector.java:doStop(383)) - Stopped ServerConnector@61256f06{HTTP/1.1, (http/1.1)}{0.0.0.0:15018}
2023-09-19 02:05:08,258 [ForkJoinPool.commonPool-worker-0] INFO  server.session (HouseKeeper.java:stopScavenging(149)) - node0 Stopped scavenging
2023-09-19 02:05:08,258 [main] INFO  ipc.Server (Server.java:stop(3523)) - Stopping server on 15028
2023-09-19 02:05:08,261 [ForkJoinPool.commonPool-worker-0] INFO  handler.ContextHandler (ContextHandler.java:doStop(1159)) - Stopped o.e.j.s.ServletContextHandler@2e137ee8{static,/static,jar:file:/home/runner/.m2/repository/org/apache/ozone/hdds-container-service/1.4.0-SNAPSHOT/hdds-container-service-1.4.0-SNAPSHOT.jar!/webapps/static,STOPPED}
2023-09-19 02:05:08,261 [IPC Server listener on 15028] INFO  ipc.Server (Server.java:run(1434)) - Stopping IPC Server listener on 15028
2023-09-19 02:05:08,261 [IPC Server Responder] INFO  ipc.Server (Server.java:run(1567)) - Stopping IPC Server Responder
2023-09-19 02:05:08,262 [ForkJoinPool.commonPool-worker-0] INFO  handler.ContextHandler (ContextHandler.java:doStop(1159)) - Stopped o.e.j.s.ServletContextHandler@21160db7{logs,/logs,file:///home/runner/work/ozone/ozone/hadoop-ozone/integration-test/target/log,STOPPED}
2023-09-19 02:05:08,262 [ForkJoinPool.commonPool-worker-0] INFO  ozone.HddsDatanodeClientProtocolServer (HddsDatanodeClientProtocolServer.java:stop(78)) - Stopping the RPC server for Client Protocol
2023-09-19 02:05:08,263 [ForkJoinPool.commonPool-worker-0] INFO  ipc.Server (Server.java:stop(3523)) - Stopping server on 15019
2023-09-19 02:05:08,263 [IPC Server listener on 15019] INFO  ipc.Server (Server.java:run(1434)) - Stopping IPC Server listener on 15019
2023-09-19 02:05:08,264 [IPC Server Responder] INFO  ipc.Server (Server.java:run(1567)) - Stopping IPC Server Responder
2023-09-19 02:05:08,265 [main] INFO  ozone.MiniOzoneClusterImpl (MiniOzoneClusterImpl.java:stopSCM(543)) - Stopping the StorageContainerManager
2023-09-19 02:05:08,265 [main] INFO  server.StorageContainerManager (StorageContainerManager.java:stop(1591)) - Container Balancer is not running.
2023-09-19 02:05:08,265 [main] INFO  server.StorageContainerManager (StorageContainerManager.java:stopReplicationManager(1724)) - Stopping Replication Manager Service.
2023-09-19 02:05:08,266 [main] INFO  replication.ReplicationManager (ReplicationManager.java:stop(323)) - Stopping Replication Monitor Thread.
2023-09-19 02:05:08,266 [Over Replicated Processor] WARN  replication.UnhealthyReplicationProcessor (UnhealthyReplicationProcessor.java:run(180)) - Over Replicated Processor interrupted. Exiting...
2023-09-19 02:05:08,266 [Under Replicated Processor] WARN  replication.UnhealthyReplicationProcessor (UnhealthyReplicationProcessor.java:run(180)) - Under Replicated Processor interrupted. Exiting...
2023-09-19 02:05:08,266 [main] INFO  server.StorageContainerManager (StorageContainerManager.java:stop(1600)) - Stopping the Datanode Admin Monitor.
2023-09-19 02:05:08,266 [ReplicationMonitor] INFO  replication.ReplicationManager (ReplicationManager.java:run(921)) - Replication Monitor Thread is stopped
2023-09-19 02:05:08,267 [main] INFO  server.StorageContainerManager (StorageContainerManager.java:stop(1607)) - Stopping datanode service RPC server
2023-09-19 02:05:08,267 [main] INFO  server.SCMDatanodeProtocolServer (SCMDatanodeProtocolServer.java:stop(424)) - Stopping the RPC server for DataNodes
2023-09-19 02:05:08,267 [main] INFO  ipc.Server (Server.java:stop(3523)) - Stopping server on 15002
2023-09-19 02:05:08,271 [IPC Server listener on 15002] INFO  ipc.Server (Server.java:run(1434)) - Stopping IPC Server listener on 15002
2023-09-19 02:05:08,271 [IPC Server Responder] INFO  ipc.Server (Server.java:run(1567)) - Stopping IPC Server Responder
2023-09-19 02:05:08,286 [SCM Heartbeat Processing Thread - 0] WARN  node.NodeStateManager (NodeStateManager.java:scheduleNextHealthCheck(874)) - Current Thread is interrupted, shutting down HB processing thread for Node Manager.
2023-09-19 02:05:08,287 [main] INFO  server.StorageContainerManager (StorageContainerManager.java:stop(1615)) - Stopping block service RPC server
2023-09-19 02:05:08,287 [main] INFO  server.SCMBlockProtocolServer (SCMBlockProtocolServer.java:stop(163)) - Stopping the RPC server for Block Protocol
2023-09-19 02:05:08,287 [main] INFO  ipc.Server (Server.java:stop(3523)) - Stopping server on 15001
2023-09-19 02:05:08,288 [IPC Server Responder] INFO  ipc.Server (Server.java:run(1567)) - Stopping IPC Server Responder
2023-09-19 02:05:08,288 [IPC Server listener on 15001] INFO  ipc.Server (Server.java:run(1434)) - Stopping IPC Server listener on 15001
2023-09-19 02:05:08,288 [main] INFO  server.StorageContainerManager (StorageContainerManager.java:stop(1622)) - Stopping the StorageContainerLocationProtocol RPC server
2023-09-19 02:05:08,289 [main] INFO  server.SCMClientProtocolServer (SCMClientProtocolServer.java:stop(210)) - Stopping the RPC server for Client Protocol
2023-09-19 02:05:08,289 [main] INFO  ipc.Server (Server.java:stop(3523)) - Stopping server on 15000
2023-09-19 02:05:08,290 [IPC Server Responder] INFO  ipc.Server (Server.java:run(1567)) - Stopping IPC Server Responder
2023-09-19 02:05:08,290 [main] INFO  server.StorageContainerManager (StorageContainerManager.java:stop(1629)) - Stopping Storage Container Manager HTTP server.
2023-09-19 02:05:08,290 [IPC Server listener on 15000] INFO  ipc.Server (Server.java:run(1434)) - Stopping IPC Server listener on 15000
2023-09-19 02:05:08,291 [main] INFO  handler.ContextHandler (ContextHandler.java:doStop(1159)) - Stopped o.e.j.w.WebAppContext@2b14628b{scm,/,null,STOPPED}{file:/home/runner/work/ozone/ozone/hadoop-ozone/integration-test/target/test-classes/webapps/scm}
2023-09-19 02:05:08,292 [main] INFO  server.AbstractConnector (AbstractConnector.java:doStop(383)) - Stopped ServerConnector@3fc064cb{HTTP/1.1, (http/1.1)}{0.0.0.0:15003}
2023-09-19 02:05:08,293 [main] INFO  server.session (HouseKeeper.java:stopScavenging(149)) - node0 Stopped scavenging
2023-09-19 02:05:08,293 [main] INFO  handler.ContextHandler (ContextHandler.java:doStop(1159)) - Stopped o.e.j.s.ServletContextHandler@a23b96b{static,/static,file:///home/runner/work/ozone/ozone/hadoop-ozone/integration-test/target/test-classes/webapps/static,STOPPED}
2023-09-19 02:05:08,293 [main] INFO  handler.ContextHandler (ContextHandler.java:doStop(1159)) - Stopped o.e.j.s.ServletContextHandler@21632bf8{logs,/logs,file:///home/runner/work/ozone/ozone/hadoop-ozone/integration-test/target/log,STOPPED}
2023-09-19 02:05:08,294 [main] INFO  server.StorageContainerManager (StorageContainerManager.java:stop(1637)) - Stopping SCM LayoutVersionManager Service.
2023-09-19 02:05:08,294 [main] INFO  server.StorageContainerManager (StorageContainerManager.java:stop(1649)) - Stopping Block Manager Service.
2023-09-19 02:05:08,294 [main] INFO  utils.BackgroundService (BackgroundService.java:shutdown(141)) - Shutting down service SCMBlockDeletingService
2023-09-19 02:05:08,295 [main] INFO  utils.BackgroundService (BackgroundService.java:shutdown(141)) - Shutting down service SCMBlockDeletingService
2023-09-19 02:05:08,295 [main] INFO  server.StorageContainerManager (StorageContainerManager.java:stop(1669)) - Stopping SCM Event Queue.
2023-09-19 02:05:08,298 [JvmPauseMonitor0] INFO  util.JvmPauseMonitor (JvmPauseMonitor.java:run(109)) - JvmPauseMonitor-9c1e2547-9c3d-4dba-a105-f0bac784045d: Stopped
2023-09-19 02:05:08,298 [main] INFO  server.StorageContainerManager (StorageContainerManager.java:stop(1680)) - Stopping SCM HA services.
2023-09-19 02:05:08,298 [main] INFO  pipeline.BackgroundPipelineCreator (BackgroundPipelineCreator.java:stop(149)) - Stopping RatisPipelineUtilsThread.
2023-09-19 02:05:08,298 [RatisPipelineUtilsThread - 0] WARN  pipeline.BackgroundPipelineCreator (BackgroundPipelineCreator.java:run(180)) - RatisPipelineUtilsThread is interrupted.
2023-09-19 02:05:08,299 [BackgroundPipelineScrubberThread] WARN  BackgroundPipelineScrubber (BackgroundSCMService.java:run(115)) - BackgroundPipelineScrubber is interrupted, exit
2023-09-19 02:05:08,299 [main] INFO  BackgroundPipelineScrubber (BackgroundSCMService.java:stop(131)) - Stopping BackgroundPipelineScrubber Service.
2023-09-19 02:05:08,300 [main] INFO  impl.MetricsSystemImpl (MetricsSystemImpl.java:stop(210)) - Stopping XceiverClientMetrics metrics system...
2023-09-19 02:05:08,301 [prometheus] INFO  impl.MetricsSinkAdapter (MetricsSinkAdapter.java:publishMetricsFromQueue(141)) - prometheus thread interrupted.
2023-09-19 02:05:08,302 [main] INFO  impl.MetricsSystemImpl (MetricsSystemImpl.java:stop(216)) - XceiverClientMetrics metrics system stopped.
2023-09-19 02:05:08,302 [main] WARN  pipeline.BackgroundPipelineCreator (BackgroundPipelineCreator.java:stop(145)) - RatisPipelineUtilsThread is not running, just ignore.
2023-09-19 02:05:08,302 [main] INFO  BackgroundPipelineScrubber (BackgroundSCMService.java:stop(126)) - BackgroundPipelineScrubber Service is not running, skip stop.
2023-09-19 02:05:08,302 [main] INFO  ExpiredContainerReplicaOpScrubber (BackgroundSCMService.java:stop(131)) - Stopping ExpiredContainerReplicaOpScrubber Service.
2023-09-19 02:05:08,302 [ExpiredContainerReplicaOpScrubberThread] WARN  ExpiredContainerReplicaOpScrubber (BackgroundSCMService.java:run(115)) - ExpiredContainerReplicaOpScrubber is interrupted, exit
2023-09-19 02:05:08,302 [main] INFO  utils.BackgroundService (BackgroundService.java:shutdown(141)) - Shutting down service SCMBlockDeletingService
2023-09-19 02:05:08,303 [main] INFO  replication.ReplicationManager (ReplicationManager.java:stop(333)) - Replication Monitor Thread is not running.
2023-09-19 02:05:08,303 [main] WARN  balancer.ContainerBalancer (ContainerBalancer.java:stop(326)) - Cannot stop Container Balancer because it's not running or stopping
2023-09-19 02:05:08,304 [main] INFO  server.StorageContainerManager (StorageContainerManager.java:stop(1715)) - Stopping SCM MetadataStore.
2023-09-19 02:05:08,384 [main] WARN  server.ServerUtils (ServerUtils.java:getScmDbDir(155)) - ozone.scm.db.dirs is not configured. We recommend adding this setting. Falling back to ozone.metadata.dirs instead.
2023-09-19 02:05:08,388 [main] WARN  server.ServerUtils (ServerUtils.java:getScmDbDir(155)) - ozone.scm.db.dirs is not configured. We recommend adding this setting. Falling back to ozone.metadata.dirs instead.
2023-09-19 02:05:08,389 [main] INFO  ha.SCMHANodeDetails (SCMHANodeDetails.java:loadSCMHAConfig(210)) - ServiceID for StorageContainerManager is null
2023-09-19 02:05:08,389 [main] INFO  ha.SCMHANodeDetails (SCMHANodeDetails.java:loadSCMHAConfig(215)) - ozone.scm.default.service.id is not defined, falling back to ozone.scm.service.ids to find serviceID for StorageContainerManager if it is HA enabled cluster
2023-09-19 02:05:08,390 [main] WARN  utils.HAUtils (HAUtils.java:getMetaDir(339)) - ozone.scm.db.dirs is not configured. We recommend adding this setting. Falling back to ozone.metadata.dirs instead.
2023-09-19 02:05:08,390 [main] WARN  db.DBStoreBuilder (DBStoreBuilder.java:applyDBDefinition(166)) - ozone.scm.db.dirs is not configured. We recommend adding this setting. Falling back to ozone.metadata.dirs instead.
2023-09-19 02:05:08,502 [main] INFO  net.NodeSchemaLoader (NodeSchemaLoader.java:loadSchemaFromFile(129)) - Loading schema from [jar:file:/home/runner/.m2/repository/org/apache/ozone/hdds-common/1.4.0-SNAPSHOT/hdds-common-1.4.0-SNAPSHOT.jar!/network-topology-default.xml]
2023-09-19 02:05:08,502 [main] INFO  net.NodeSchemaLoader (NodeSchemaLoader.java:loadSchema(176)) - Loading network topology layer schema file
2023-09-19 02:05:08,505 [main] INFO  upgrade.AbstractLayoutVersionManager (AbstractLayoutVersionManager.java:init(83)) - Initializing Layout version manager with metadata layout = HADOOP_PRC_PORTS_IN_DATANODEDETAILS (version = 7), software layout = HADOOP_PRC_PORTS_IN_DATANODEDETAILS (version = 7)
2023-09-19 02:05:08,506 [main] INFO  ha.SequenceIdGenerator (SequenceIdGenerator.java:upgradeToSequenceId(365)) - upgrade localId to 111677748019200000
2023-09-19 02:05:08,507 [main] INFO  ha.SequenceIdGenerator (SequenceIdGenerator.java:upgradeToSequenceId(375)) - upgrade delTxnId to 0
2023-09-19 02:05:08,508 [main] INFO  ha.SequenceIdGenerator (SequenceIdGenerator.java:upgradeToSequenceId(392)) - upgrade containerId to 0
2023-09-19 02:05:08,508 [main] INFO  ha.SequenceIdGenerator (SequenceIdGenerator.java:upgradeToSequenceId(428)) - upgrade rootCertificateId to 1
2023-09-19 02:05:08,508 [main] INFO  ha.SequenceIdGenerator (SequenceIdGenerator.java:<init>(236)) - Init the HA SequenceIdGenerator.
2023-09-19 02:05:08,509 [main] WARN  server.ServerUtils (ServerUtils.java:sanitizeUserArgs(80)) - ozone.scm.stale.node.interval value = 300000 is larger than max = 100000 based on the key value of ozone.scm.heartbeat.thread.interval, reset to the max value 100000.
2023-09-19 02:05:08,509 [main] WARN  server.ServerUtils (ServerUtils.java:sanitizeUserArgs(80)) - ozone.scm.stale.node.interval value = 300000 is larger than max = 100000 based on the key value of ozone.scm.heartbeat.thread.interval, reset to the max value 100000.
2023-09-19 02:05:08,509 [main] INFO  node.SCMNodeManager (SCMNodeManager.java:<init>(157)) - Entering startup safe mode.
2023-09-19 02:05:08,510 [main] INFO  algorithms.ContainerPlacementPolicyFactory (ContainerPlacementPolicyFactory.java:getPolicyInternal(86)) - Create container placement policy of type org.apache.hadoop.hdds.scm.container.placement.algorithms.SCMContainerPlacementRackAware
2023-09-19 02:05:08,510 [main] INFO  algorithms.ContainerPlacementPolicyFactory (ContainerPlacementPolicyFactory.java:getPolicyInternal(86)) - Create container placement policy of type org.apache.hadoop.hdds.scm.container.placement.algorithms.SCMContainerPlacementRackScatter
2023-09-19 02:05:08,510 [main] INFO  pipeline.PipelineStateManagerImpl (PipelineStateManagerImpl.java:initialize(78)) - No pipeline exists in current db
2023-09-19 02:05:08,510 [main] INFO  algorithms.LeaderChoosePolicyFactory (LeaderChoosePolicyFactory.java:getPolicy(57)) - Create leader choose policy of type org.apache.hadoop.hdds.scm.pipeline.leader.choose.algorithms.MinLeaderCountChoosePolicy
2023-09-19 02:05:08,510 [main] INFO  algorithms.ContainerPlacementPolicyFactory (ContainerPlacementPolicyFactory.java:getPolicyInternal(86)) - Create container placement policy of type org.apache.hadoop.hdds.scm.container.placement.algorithms.SCMContainerPlacementRackScatter
2023-09-19 02:05:08,510 [main] INFO  ha.SCMServiceManager (SCMServiceManager.java:register(42)) - Registering service BackgroundPipelineCreator.
2023-09-19 02:05:08,511 [main] INFO  pipeline.BackgroundPipelineCreator (BackgroundPipelineCreator.java:start(124)) - Starting RatisPipelineUtilsThread.
2023-09-19 02:05:08,514 [main] INFO  BackgroundPipelineScrubber (BackgroundSCMService.java:start(68)) - Starting BackgroundPipelineScrubber Service.
2023-09-19 02:05:08,515 [main] INFO  ha.SCMServiceManager (SCMServiceManager.java:register(42)) - Registering service BackgroundPipelineScrubber.
2023-09-19 02:05:08,515 [main] INFO  ExpiredContainerReplicaOpScrubber (BackgroundSCMService.java:start(68)) - Starting ExpiredContainerReplicaOpScrubber Service.
2023-09-19 02:05:08,515 [main] INFO  ha.SCMServiceManager (SCMServiceManager.java:register(42)) - Registering service ExpiredContainerReplicaOpScrubber.
2023-09-19 02:05:08,516 [main] INFO  algorithms.PipelineChoosePolicyFactory (PipelineChoosePolicyFactory.java:createPipelineChoosePolicyFromClass(78)) - Create pipeline choose policy of type org.apache.hadoop.hdds.scm.pipeline.choose.algorithms.RandomPipelineChoosePolicy
2023-09-19 02:05:08,516 [main] INFO  algorithms.PipelineChoosePolicyFactory (PipelineChoosePolicyFactory.java:createPipelineChoosePolicyFromClass(78)) - Create pipeline choose policy of type org.apache.hadoop.hdds.scm.pipeline.choose.algorithms.RandomPipelineChoosePolicy
2023-09-19 02:05:08,516 [main] INFO  ha.SCMServiceManager (SCMServiceManager.java:register(42)) - Registering service SCMBlockDeletingService.
2023-09-19 02:05:08,517 [main] INFO  replication.ReplicationManager (ReplicationManager.java:start(291)) - Starting Replication Monitor Thread.
2023-09-19 02:05:08,520 [main] INFO  ha.SCMServiceManager (SCMServiceManager.java:register(42)) - Registering service ReplicationManager.
2023-09-19 02:05:08,521 [main] INFO  safemode.ContainerSafeModeRule (ContainerSafeModeRule.java:<init>(90)) - containers with one replica threshold count 0
2023-09-19 02:05:08,521 [main] INFO  safemode.HealthyPipelineSafeModeRule (HealthyPipelineSafeModeRule.java:initializeRule(169)) - Total pipeline count is 0, healthy pipeline threshold count is 1
2023-09-19 02:05:08,521 [main] INFO  safemode.OneReplicaPipelineSafeModeRule (OneReplicaPipelineSafeModeRule.java:initializeRule(180)) - Total pipeline count is 0, pipeline's with at least one datanode reported threshold count is 0
2023-09-19 02:05:08,522 [main] INFO  server.StorageContainerManager (StorageContainerManager.java:<init>(425)) - SCM start with adminUsers: [runner]
2023-09-19 02:05:08,522 [main] INFO  ipc.CallQueueManager (CallQueueManager.java:<init>(90)) - Using callQueue: class java.util.concurrent.LinkedBlockingQueue, queueCapacity: 2000, scheduler: class org.apache.hadoop.ipc.DefaultRpcScheduler, ipcBackoff: false.
2023-09-19 02:05:08,522 [main] INFO  ipc.Server (Server.java:<init>(1287)) - Listener at 0.0.0.0:15055
2023-09-19 02:05:08,524 [Socket Reader #1 for port 15055] INFO  ipc.Server (Server.java:run(1323)) - Starting Socket Reader #1 for port 15055
2023-09-19 02:05:08,525 [main] INFO  ipc.CallQueueManager (CallQueueManager.java:<init>(90)) - Using callQueue: class java.util.concurrent.LinkedBlockingQueue, queueCapacity: 2000, scheduler: class org.apache.hadoop.ipc.DefaultRpcScheduler, ipcBackoff: false.
2023-09-19 02:05:08,525 [main] INFO  ipc.Server (Server.java:<init>(1287)) - Listener at 0.0.0.0:15054
2023-09-19 02:05:08,527 [Socket Reader #1 for port 15054] INFO  ipc.Server (Server.java:run(1323)) - Starting Socket Reader #1 for port 15054
2023-09-19 02:05:08,527 [main] INFO  ipc.CallQueueManager (CallQueueManager.java:<init>(90)) - Using callQueue: class java.util.concurrent.LinkedBlockingQueue, queueCapacity: 2000, scheduler: class org.apache.hadoop.ipc.DefaultRpcScheduler, ipcBackoff: false.
2023-09-19 02:05:08,528 [main] INFO  ipc.Server (Server.java:<init>(1287)) - Listener at 0.0.0.0:15053
2023-09-19 02:05:08,532 [Socket Reader #1 for port 15053] INFO  ipc.Server (Server.java:run(1323)) - Starting Socket Reader #1 for port 15053
2023-09-19 02:05:08,536 [main] INFO  ha.SCMServiceManager (SCMServiceManager.java:register(42)) - Registering service ContainerBalancer.
2023-09-19 02:05:08,536 [main] INFO  server.StorageContainerManager (StorageContainerManager.java:<init>(438)) - 
Container Balancer status:
Key                            Value
Running                        false
Container Balancer Configuration values:
Key                                                Value
Threshold                                          10
Max Datanodes to Involve per Iteration(percent)    20
Max Size to Move per Iteration                     500GB
Max Size Entering Target per Iteration             26GB
Max Size Leaving Source per Iteration              26GB
Number of Iterations                               10
Time Limit for Single Container's Movement         65min
Time Limit for Single Container's Replication      50min
Interval between each Iteration                    70min
Whether to Enable Network Topology                 false
Whether to Trigger Refresh Datanode Usage Info     false
Container IDs to Exclude from Balancing            None
Datanodes Specified to be Balanced                 None
Datanodes Excluded from Balancing                  None

2023-09-19 02:05:08,536 [main] INFO  ha.SCMContext (SCMContext.java:updateSafeModeStatus(228)) - Update SafeModeStatus from SafeModeStatus{safeModeStatus=true, preCheckPassed=false} to SafeModeStatus{safeModeStatus=true, preCheckPassed=false}.
2023-09-19 02:05:08,537 [main] INFO  server.StorageContainerManager (StorageContainerManager.java:start(1483)) - StorageContainerLocationProtocol RPC server is listening at /0.0.0.0:15053
2023-09-19 02:05:08,538 [main] WARN  impl.MetricsConfig (MetricsConfig.java:loadFirst(136)) - Cannot locate configuration: tried hadoop-metrics2-storagecontainermanager.properties,hadoop-metrics2.properties
2023-09-19 02:05:08,542 [ReplicationMonitor] INFO  replication.ReplicationManager (ReplicationManager.java:processAll(365)) - Replication Manager is not ready to run until 3000ms after safemode exit
2023-09-19 02:05:08,542 [main] INFO  impl.MetricsSystemImpl (MetricsSystemImpl.java:startTimer(378)) - Scheduled Metric snapshot period at 10 second(s).
2023-09-19 02:05:08,542 [main] INFO  impl.MetricsSystemImpl (MetricsSystemImpl.java:start(191)) - StorageContainerManager metrics system started
2023-09-19 02:05:08,564 [main] INFO  impl.MetricsSinkAdapter (MetricsSinkAdapter.java:start(204)) - Sink prometheus started
2023-09-19 02:05:08,568 [main] INFO  impl.MetricsSystemImpl (MetricsSystemImpl.java:registerSink(305)) - Registered sink prometheus
2023-09-19 02:05:08,593 [main] INFO  server.SCMClientProtocolServer (SCMClientProtocolServer.java:start(201)) - RPC server for Client  is listening at /0.0.0.0:15053
2023-09-19 02:05:08,598 [IPC Server Responder] INFO  ipc.Server (Server.java:run(1562)) - IPC Server Responder: starting
2023-09-19 02:05:08,600 [IPC Server listener on 15053] INFO  ipc.Server (Server.java:run(1402)) - IPC Server listener on 15053: starting
2023-09-19 02:05:08,604 [main] INFO  server.StorageContainerManager (StorageContainerManager.java:start(1496)) - ScmBlockLocationProtocol RPC server is listening at /0.0.0.0:15054
2023-09-19 02:05:08,605 [main] INFO  server.SCMBlockProtocolServer (SCMBlockProtocolServer.java:start(154)) - RPC server for Block Protocol is listening at /0.0.0.0:15054
2023-09-19 02:05:08,605 [IPC Server Responder] INFO  ipc.Server (Server.java:run(1562)) - IPC Server Responder: starting
2023-09-19 02:05:08,609 [IPC Server listener on 15054] INFO  ipc.Server (Server.java:run(1402)) - IPC Server listener on 15054: starting
2023-09-19 02:05:08,615 [main] INFO  server.SCMDatanodeProtocolServer (SCMDatanodeProtocolServer.java:start(193)) - ScmDatanodeProtocol RPC server for DataNodes is listening at /0.0.0.0:15055
2023-09-19 02:05:08,615 [IPC Server Responder] INFO  ipc.Server (Server.java:run(1562)) - IPC Server Responder: starting
2023-09-19 02:05:08,618 [IPC Server listener on 15055] INFO  ipc.Server (Server.java:run(1402)) - IPC Server listener on 15055: starting
2023-09-19 02:05:08,634 [main] INFO  http.BaseHttpServer (BaseHttpServer.java:newHttpServer2BuilderForOzone(223)) - Starting Web-server for scm at: http://0.0.0.0:15056
2023-09-19 02:05:08,634 [main] INFO  http.BaseHttpServer (BaseHttpServer.java:<init>(110)) - Hadoop Security Enabled: false Ozone Security Enabled: false Ozone HTTP Security Enabled: false 
2023-09-19 02:05:08,636 [main] WARN  server.AuthenticationFilter (AuthenticationFilter.java:constructSecretProvider(240)) - Unable to initialize FileSignerSecretProvider, falling back to use random secrets. Reason: Could not read signature secret file: /home/runner/hadoop-http-auth-signature-secret
2023-09-19 02:05:08,638 [JvmPauseMonitor7] INFO  util.JvmPauseMonitor (JvmPauseMonitor.java:run(103)) - JvmPauseMonitor-1912c3a0-f59a-4d86-9664-fcaeeed9cd3b: Started
2023-09-19 02:05:08,638 [main] INFO  http.HttpRequestLog (HttpRequestLog.java:getRequestLog(86)) - Http request log for http.requests.scm is not defined
2023-09-19 02:05:08,640 [main] INFO  http.HttpServer2 (HttpServer2.java:addGlobalFilter(1031)) - Added global filter 'safety' (class=org.apache.hadoop.hdds.server.http.HttpServer2$QuotingInputFilter)
2023-09-19 02:05:08,641 [main] INFO  http.HttpServer2 (HttpServer2.java:addFilter(1007)) - Added filter static_user_filter (class=org.apache.hadoop.http.lib.StaticUserWebFilter$StaticUserFilter) to context scm
2023-09-19 02:05:08,641 [main] INFO  http.HttpServer2 (HttpServer2.java:addFilter(1015)) - Added filter static_user_filter (class=org.apache.hadoop.http.lib.StaticUserWebFilter$StaticUserFilter) to context static
2023-09-19 02:05:08,641 [main] INFO  http.HttpServer2 (HttpServer2.java:addFilter(1015)) - Added filter static_user_filter (class=org.apache.hadoop.http.lib.StaticUserWebFilter$StaticUserFilter) to context logs
2023-09-19 02:05:08,644 [main] INFO  http.BaseHttpServer (BaseHttpServer.java:<init>(189)) - HTTP server of scm uses base directory /home/runner/work/ozone/ozone/hadoop-ozone/integration-test/target/test-dir/MiniOzoneClusterImpl-5e324384-037a-4cb1-b856-3c07748222cd/ozone-meta/webserver
2023-09-19 02:05:08,644 [main] INFO  http.HttpServer2 (HttpServer2.java:bindListener(1231)) - Jetty bound to port 15056
2023-09-19 02:05:08,644 [main] INFO  server.Server (Server.java:doStart(375)) - jetty-9.4.52.v20230823; built: 2023-08-23T19:29:37.669Z; git: abdcda73818a1a2c705da276edb0bf6581e7997e; jvm 1.8.0_382-b05
2023-09-19 02:05:08,646 [main] INFO  server.session (DefaultSessionIdManager.java:doStart(334)) - DefaultSessionIdManager workerName=node0
2023-09-19 02:05:08,646 [main] INFO  server.session (DefaultSessionIdManager.java:doStart(339)) - No SessionScavenger set, using defaults
2023-09-19 02:05:08,647 [main] INFO  server.session (HouseKeeper.java:startScavenging(132)) - node0 Scavenging every 660000ms
2023-09-19 02:05:08,647 [main] INFO  handler.ContextHandler (ContextHandler.java:doStart(921)) - Started o.e.j.s.ServletContextHandler@2a7e0b92{logs,/logs,file:///home/runner/work/ozone/ozone/hadoop-ozone/integration-test/target/log,AVAILABLE}
2023-09-19 02:05:08,648 [main] INFO  handler.ContextHandler (ContextHandler.java:doStart(921)) - Started o.e.j.s.ServletContextHandler@302d6539{static,/static,file:///home/runner/work/ozone/ozone/hadoop-ozone/integration-test/target/test-classes/webapps/static,AVAILABLE}
2023-09-19 02:05:08,653 [main] INFO  handler.ContextHandler (ContextHandler.java:doStart(921)) - Started o.e.j.w.WebAppContext@501e1441{scm,/,file:///home/runner/work/ozone/ozone/hadoop-ozone/integration-test/target/test-classes/webapps/scm/,AVAILABLE}{file:/home/runner/work/ozone/ozone/hadoop-ozone/integration-test/target/test-classes/webapps/scm}
2023-09-19 02:05:08,655 [main] INFO  server.AbstractConnector (AbstractConnector.java:doStart(333)) - Started ServerConnector@21ad8083{HTTP/1.1, (http/1.1)}{0.0.0.0:15056}
2023-09-19 02:05:08,655 [main] INFO  server.Server (Server.java:doStart(415)) - Started @89362ms
2023-09-19 02:05:08,655 [main] WARN  impl.MetricsSystemImpl (MetricsSystemImpl.java:register(279)) - Sink prometheus already exists!
2023-09-19 02:05:08,656 [main] INFO  http.BaseHttpServer (BaseHttpServer.java:updateConnectorAddress(354)) - HTTP server of scm listening at http://0.0.0.0:15056
2023-09-19 02:05:08,657 [main] WARN  server.ServerUtils (ServerUtils.java:getDBPath(311)) - ozone.om.db.dirs is not configured. We recommend adding this setting. Falling back to ozone.metadata.dirs instead.
2023-09-19 02:05:08,658 [main] INFO  ha.OMHANodeDetails (OMHANodeDetails.java:loadOMHAConfig(115)) - ozone.om.internal.service.id is not defined, falling back to ozone.om.service.ids to find serviceID for OzoneManager if it is HA enabled cluster
2023-09-19 02:05:08,659 [main] INFO  ha.OMHANodeDetails (OMHANodeDetails.java:loadOMHAConfig(226)) - Configuration does not have ozone.om.address set. Falling back to the default OM address /127.0.0.1:15057
2023-09-19 02:05:08,660 [main] INFO  ha.OMHANodeDetails (OMHANodeDetails.java:getOMNodeDetailsForNonHA(254)) - OM Service ID is not set. Setting it to the default ID: omServiceIdDefault
2023-09-19 02:05:08,660 [main] INFO  ha.OMHANodeDetails (OMHANodeDetails.java:getOMNodeDetailsForNonHA(261)) - OM Node ID is not set. Setting it to the default ID: om1
2023-09-19 02:05:08,660 [main] WARN  server.ServerUtils (ServerUtils.java:getDBPath(311)) - ozone.om.db.dirs is not configured. We recommend adding this setting. Falling back to ozone.metadata.dirs instead.
2023-09-19 02:05:08,661 [main] INFO  upgrade.AbstractLayoutVersionManager (AbstractLayoutVersionManager.java:init(83)) - Initializing Layout version manager with metadata layout = QUOTA (version = 6), software layout = QUOTA (version = 6)
2023-09-19 02:05:08,739 [main] INFO  reflections.Reflections (Reflections.java:scan(232)) - Reflections took 77 ms to scan 2 urls, producing 187 keys and 515 values [using 2 cores]
2023-09-19 02:05:08,740 [main] INFO  upgrade.OMLayoutVersionManager (OMLayoutVersionManager.java:lambda$0(115)) - Skipping Upgrade Action MockOmUpgradeAction since it has been finalized.
2023-09-19 02:05:08,740 [main] INFO  upgrade.OMLayoutVersionManager (OMLayoutVersionManager.java:lambda$0(115)) - Skipping Upgrade Action QuotaRepairUpgradeAction since it has been finalized.
2023-09-19 02:05:08,740 [main] WARN  server.ServerUtils (ServerUtils.java:getDBPath(311)) - ozone.om.db.dirs is not configured. We recommend adding this setting. Falling back to ozone.metadata.dirs instead.
2023-09-19 02:05:08,741 [main] INFO  proxy.SCMBlockLocationFailoverProxyProvider (SCMBlockLocationFailoverProxyProvider.java:<init>(114)) - Created block location fail-over proxy with 1 nodes: [nodeId=scmNodeId,nodeAddress=/0.0.0.0:15054]
2023-09-19 02:05:08,744 [main] INFO  proxy.SCMBlockLocationFailoverProxyProvider (SCMBlockLocationFailoverProxyProvider.java:<init>(114)) - Created block location fail-over proxy with 1 nodes: [nodeId=scmNodeId,nodeAddress=/0.0.0.0:15054]
2023-09-19 02:05:08,758 [main] INFO  om.OzoneManager (OzoneManager.java:<init>(665)) - OM start with adminUsers: [runner]
2023-09-19 02:05:08,759 [main] WARN  server.ServerUtils (ServerUtils.java:getDBPath(311)) - ozone.om.db.dirs is not configured. We recommend adding this setting. Falling back to ozone.metadata.dirs instead.
2023-09-19 02:05:08,760 [main] INFO  helpers.OmKeyInfo (OmKeyInfo.java:getCodec(71)) - OmKeyInfo.getCodec ignorePipeline = true
2023-09-19 02:05:08,966 [main] INFO  om.OzoneManager (OzoneManager.java:instantiateServices(794)) - S3 Multi-Tenancy is disabled
2023-09-19 02:05:08,967 [main] INFO  om.OmSnapshotManager (OmSnapshotManager.java:<init>(174)) - Ozone filesystem snapshot feature is enabled.
2023-09-19 02:05:08,967 [main] WARN  server.ServerUtils (ServerUtils.java:getDBPath(311)) - ozone.om.snapshot.diff.db.dir is not configured. We recommend adding this setting. Falling back to ozone.metadata.dirs instead.
2023-09-19 02:05:08,986 [main] INFO  snapshot.SnapshotDiffManager (SnapshotDiffManager.java:closeExecutorService(1718)) - Shutting down executorService: 'SstDumpToolExecutor'
2023-09-19 02:05:08,987 [main] INFO  om.OzoneManager (OzoneManager.java:addS3GVolumeToDB(4305)) - Created Volume s3v With Owner runner required for S3Gateway operations.
2023-09-19 02:05:08,987 [main] INFO  om.OzoneManager (OzoneManager.java:getRpcServer(1196)) - Creating RPC Server
2023-09-19 02:05:09,626 [main] INFO  reflections.Reflections (Reflections.java:scan(232)) - Reflections took 634 ms to scan 20 urls, producing 70 keys and 6004 values [using 2 cores]
2023-09-19 02:05:09,627 [main] INFO  ipc.CallQueueManager (CallQueueManager.java:<init>(90)) - Using callQueue: class java.util.concurrent.LinkedBlockingQueue, queueCapacity: 2000, scheduler: class org.apache.hadoop.ipc.DefaultRpcScheduler, ipcBackoff: false.
2023-09-19 02:05:09,628 [main] INFO  ipc.Server (Server.java:<init>(1287)) - Listener at 127.0.0.1:15057
2023-09-19 02:05:09,632 [Socket Reader #1 for port 15057] INFO  ipc.Server (Server.java:run(1323)) - Starting Socket Reader #1 for port 15057
2023-09-19 02:05:09,667 [main] INFO  impl.MetricsSystemImpl (MetricsSystemImpl.java:init(158)) - OzoneManager metrics system started (again)
2023-09-19 02:05:09,680 [main] INFO  om.OzoneManager (OzoneManager.java:start(1633)) - OzoneManager RPC server is listening at localhost/127.0.0.1:15057
2023-09-19 02:05:09,681 [main] INFO  om.OzoneManager (OzoneManager.java:start(1649)) - Version File has different layout version (6) than OM DB (null). That is expected if this OM has never been finalized to a newer layout version.
2023-09-19 02:05:09,700 [main] INFO  http.BaseHttpServer (BaseHttpServer.java:newHttpServer2BuilderForOzone(223)) - Starting Web-server for ozoneManager at: http://0.0.0.0:15058
2023-09-19 02:05:09,700 [main] INFO  http.BaseHttpServer (BaseHttpServer.java:<init>(110)) - Hadoop Security Enabled: false Ozone Security Enabled: false Ozone HTTP Security Enabled: false 
2023-09-19 02:05:09,702 [main] WARN  server.AuthenticationFilter (AuthenticationFilter.java:constructSecretProvider(240)) - Unable to initialize FileSignerSecretProvider, falling back to use random secrets. Reason: Could not read signature secret file: /home/runner/hadoop-http-auth-signature-secret
2023-09-19 02:05:09,702 [main] INFO  http.HttpRequestLog (HttpRequestLog.java:getRequestLog(86)) - Http request log for http.requests.ozoneManager is not defined
2023-09-19 02:05:09,704 [main] INFO  http.HttpServer2 (HttpServer2.java:addGlobalFilter(1031)) - Added global filter 'safety' (class=org.apache.hadoop.hdds.server.http.HttpServer2$QuotingInputFilter)
2023-09-19 02:05:09,704 [main] INFO  http.HttpServer2 (HttpServer2.java:addFilter(1007)) - Added filter static_user_filter (class=org.apache.hadoop.http.lib.StaticUserWebFilter$StaticUserFilter) to context ozoneManager
2023-09-19 02:05:09,705 [main] INFO  http.HttpServer2 (HttpServer2.java:addFilter(1015)) - Added filter static_user_filter (class=org.apache.hadoop.http.lib.StaticUserWebFilter$StaticUserFilter) to context logs
2023-09-19 02:05:09,705 [main] INFO  http.HttpServer2 (HttpServer2.java:addFilter(1015)) - Added filter static_user_filter (class=org.apache.hadoop.http.lib.StaticUserWebFilter$StaticUserFilter) to context static
2023-09-19 02:05:09,705 [main] INFO  http.BaseHttpServer (BaseHttpServer.java:<init>(189)) - HTTP server of ozoneManager uses base directory /home/runner/work/ozone/ozone/hadoop-ozone/integration-test/target/test-dir/MiniOzoneClusterImpl-5e324384-037a-4cb1-b856-3c07748222cd/ozone-meta/webserver
2023-09-19 02:05:09,705 [main] INFO  http.HttpServer2 (HttpServer2.java:bindListener(1231)) - Jetty bound to port 15058
2023-09-19 02:05:09,706 [main] INFO  server.Server (Server.java:doStart(375)) - jetty-9.4.52.v20230823; built: 2023-08-23T19:29:37.669Z; git: abdcda73818a1a2c705da276edb0bf6581e7997e; jvm 1.8.0_382-b05
2023-09-19 02:05:09,707 [main] INFO  server.session (DefaultSessionIdManager.java:doStart(334)) - DefaultSessionIdManager workerName=node0
2023-09-19 02:05:09,707 [main] INFO  server.session (DefaultSessionIdManager.java:doStart(339)) - No SessionScavenger set, using defaults
2023-09-19 02:05:09,707 [main] INFO  server.session (HouseKeeper.java:startScavenging(132)) - node0 Scavenging every 600000ms
2023-09-19 02:05:09,710 [main] INFO  handler.ContextHandler (ContextHandler.java:doStart(921)) - Started o.e.j.s.ServletContextHandler@490b916c{logs,/logs,file:///home/runner/work/ozone/ozone/hadoop-ozone/integration-test/target/log,AVAILABLE}
2023-09-19 02:05:09,711 [main] INFO  handler.ContextHandler (ContextHandler.java:doStart(921)) - Started o.e.j.s.ServletContextHandler@7011f548{static,/static,file:///home/runner/work/ozone/ozone/hadoop-ozone/integration-test/target/test-classes/webapps/static,AVAILABLE}
2023-09-19 02:05:09,714 [main] INFO  handler.ContextHandler (ContextHandler.java:doStart(921)) - Started o.e.j.w.WebAppContext@7bac7cfd{ozoneManager,/,file:///home/runner/work/ozone/ozone/hadoop-ozone/integration-test/target/test-classes/webapps/ozoneManager/,AVAILABLE}{file:/home/runner/work/ozone/ozone/hadoop-ozone/integration-test/target/test-classes/webapps/ozoneManager}
2023-09-19 02:05:09,715 [main] INFO  server.AbstractConnector (AbstractConnector.java:doStart(333)) - Started ServerConnector@b2240cf{HTTP/1.1, (http/1.1)}{0.0.0.0:15058}
2023-09-19 02:05:09,716 [main] INFO  server.Server (Server.java:doStart(415)) - Started @90423ms
2023-09-19 02:05:09,716 [main] WARN  impl.MetricsSystemImpl (MetricsSystemImpl.java:register(279)) - Sink prometheus already exists!
2023-09-19 02:05:09,716 [main] INFO  http.BaseHttpServer (BaseHttpServer.java:updateConnectorAddress(354)) - HTTP server of ozoneManager listening at http://0.0.0.0:15058
2023-09-19 02:05:09,717 [IPC Server Responder] INFO  ipc.Server (Server.java:run(1562)) - IPC Server Responder: starting
2023-09-19 02:05:09,719 [IPC Server listener on 15057] INFO  ipc.Server (Server.java:run(1402)) - IPC Server listener on 15057: starting
2023-09-19 02:05:09,729 [main] INFO  om.TrashPolicyOzone (TrashPolicyOzone.java:<init>(281)) - Ozone Manager trash configuration: Deletion interval = 0 minutes, Emptier interval = 0 minutes.
2023-09-19 02:05:09,737 [JvmPauseMonitor8] INFO  util.JvmPauseMonitor (JvmPauseMonitor.java:run(103)) - JvmPauseMonitor-86bbd1c6-a1a3-4580-bfa9-16be91273ff0: Started
2023-09-19 02:05:09,743 [main] INFO  impl.MetricsSystemImpl (MetricsSystemImpl.java:init(158)) - HddsDatanode metrics system started (again)
2023-09-19 02:05:09,755 [main] INFO  ozone.HddsDatanodeService (HddsDatanodeService.java:start(237)) - HddsDatanodeService host:fv-az1031-92 ip:10.1.0.29
2023-09-19 02:05:09,783 [main] INFO  upgrade.AbstractLayoutVersionManager (AbstractLayoutVersionManager.java:init(83)) - Initializing Layout version manager with metadata layout = HADOOP_PRC_PORTS_IN_DATANODEDETAILS (version = 7), software layout = HADOOP_PRC_PORTS_IN_DATANODEDETAILS (version = 7)
2023-09-19 02:05:09,784 [main] INFO  statemachine.DatanodeStateMachine (DatanodeStateMachine.java:getEndPointTaskThreadPoolSize(284)) - Datanode State Machine Task Thread Pool size 2
2023-09-19 02:05:09,785 [main] INFO  volume.HddsVolume (HddsVolume.java:<init>(126)) - Creating HddsVolume: /home/runner/work/ozone/ozone/hadoop-ozone/integration-test/target/test-dir/MiniOzoneClusterImpl-5e324384-037a-4cb1-b856-3c07748222cd/datanode-0/data-0/containers/hdds of storage type : DISK capacity : 9223372036854775807
2023-09-19 02:05:09,785 [main] INFO  volume.MutableVolumeSet (MutableVolumeSet.java:initializeVolumeSet(173)) - Added Volume : /home/runner/work/ozone/ozone/hadoop-ozone/integration-test/target/test-dir/MiniOzoneClusterImpl-5e324384-037a-4cb1-b856-3c07748222cd/datanode-0/data-0/containers/hdds to VolumeSet
2023-09-19 02:05:09,786 [main] INFO  volume.MutableVolumeSet (MutableVolumeSet.java:initializeVolumeSet(173)) - Added Volume : /home/runner/work/ozone/ozone/hadoop-ozone/integration-test/target/test-dir/MiniOzoneClusterImpl-5e324384-037a-4cb1-b856-3c07748222cd/datanode-0/data/ratis to VolumeSet
2023-09-19 02:05:09,787 [Thread-765] INFO  ozoneimpl.ContainerReader (ContainerReader.java:readVolume(177)) - Finish verifying containers on volume /home/runner/work/ozone/ozone/hadoop-ozone/integration-test/target/test-dir/MiniOzoneClusterImpl-5e324384-037a-4cb1-b856-3c07748222cd/datanode-0/data-0/containers/hdds
2023-09-19 02:05:09,787 [main] INFO  ozoneimpl.OzoneContainer (OzoneContainer.java:buildContainerSet(314)) - Build ContainerSet costs 0s
2023-09-19 02:05:09,789 [main] INFO  server.RaftServer (ConfUtils.java:logGet(46)) - raft.rpc.type = GRPC (default)
2023-09-19 02:05:09,789 [main] INFO  grpc.GrpcConfigKeys (ConfUtils.java:logFallback(53)) - raft.grpc.admin.host = null (fallback to raft.grpc.server.host)
2023-09-19 02:05:09,790 [main] INFO  grpc.GrpcConfigKeys (ConfUtils.java:logGet(46)) - raft.grpc.admin.port = 15066 (custom)
2023-09-19 02:05:09,790 [main] INFO  grpc.GrpcConfigKeys (ConfUtils.java:logFallback(53)) - raft.grpc.client.host = null (fallback to raft.grpc.server.host)
2023-09-19 02:05:09,790 [main] INFO  grpc.GrpcConfigKeys (ConfUtils.java:logGet(46)) - raft.grpc.client.port = 15065 (custom)
2023-09-19 02:05:09,790 [main] INFO  grpc.GrpcConfigKeys (ConfUtils.java:logGet(46)) - raft.grpc.server.host = null (default)
2023-09-19 02:05:09,790 [main] INFO  grpc.GrpcConfigKeys (ConfUtils.java:logGet(46)) - raft.grpc.server.port = 15067 (custom)
2023-09-19 02:05:09,790 [main] INFO  server.GrpcService (ConfUtils.java:logGet(46)) - raft.grpc.message.size.max = 32MB (=33554432) (custom)
2023-09-19 02:05:09,790 [main] INFO  server.RaftServerConfigKeys (ConfUtils.java:logGet(46)) - raft.server.log.appender.buffer.byte-limit = 33554432 (custom)
2023-09-19 02:05:09,790 [main] INFO  server.GrpcService (ConfUtils.java:logGet(46)) - raft.grpc.flow.control.window = 5MB (=5242880) (custom)
2023-09-19 02:05:09,790 [main] INFO  server.RaftServerConfigKeys (ConfUtils.java:logGet(46)) - raft.server.rpc.request.timeout = 60s (custom)
2023-09-19 02:05:09,791 [main] INFO  grpc.GrpcConfigKeys (ConfUtils.java:logGet(46)) - raft.grpc.server.heartbeat.channel = true (default)
2023-09-19 02:05:09,791 [main] INFO  grpc.GrpcConfigKeys (ConfUtils.java:logGet(46)) - raft.grpc.server.async.request.thread.pool.cached = true (default)
2023-09-19 02:05:09,791 [main] INFO  grpc.GrpcConfigKeys (ConfUtils.java:logGet(46)) - raft.grpc.server.async.request.thread.pool.size = 32 (default)
2023-09-19 02:05:09,794 [main] INFO  impl.DataStreamServerImpl (ConfUtils.java:logGet(46)) - raft.datastream.type = NETTY (custom)
2023-09-19 02:05:09,794 [main] INFO  server.RaftServerConfigKeys (ConfUtils.java:logGet(46)) - raft.server.data-stream.async.request.thread.pool.cached = false (default)
2023-09-19 02:05:09,794 [main] INFO  server.RaftServerConfigKeys (ConfUtils.java:logGet(46)) - raft.server.data-stream.async.request.thread.pool.size = 20 (custom)
2023-09-19 02:05:09,794 [main] INFO  server.RaftServerConfigKeys (ConfUtils.java:logGet(46)) - raft.server.data-stream.async.write.thread.pool.size = 16 (default)
2023-09-19 02:05:09,794 [main] INFO  server.RaftServerConfigKeys (ConfUtils.java:logGet(46)) - raft.server.data-stream.client.pool.size = 10 (default)
2023-09-19 02:05:09,794 [main] INFO  netty.NettyConfigKeys$DataStream (ConfUtils.java:logGet(46)) - raft.netty.dataStream.server.use-epoll = false (default)
2023-09-19 02:05:09,795 [main] INFO  netty.NettyConfigKeys$DataStream (ConfUtils.java:logGet(46)) - raft.netty.dataStream.server.boss-group.size = 0 (default)
2023-09-19 02:05:09,795 [main] INFO  netty.NettyConfigKeys$DataStream (ConfUtils.java:logGet(46)) - raft.netty.dataStream.server.worker-group.size = 0 (default)
2023-09-19 02:05:09,795 [main] INFO  netty.NettyConfigKeys$DataStream (ConfUtils.java:logGet(46)) - raft.netty.dataStream.server.tls.conf = null (default)
2023-09-19 02:05:09,795 [main] INFO  netty.NettyConfigKeys$DataStream (ConfUtils.java:logGet(46)) - raft.netty.dataStream.host = null (default)
2023-09-19 02:05:09,795 [main] INFO  netty.NettyConfigKeys$DataStream (ConfUtils.java:logGet(46)) - raft.netty.dataStream.port = 15068 (custom)
2023-09-19 02:05:09,802 [main] INFO  server.RaftServerConfigKeys (ConfUtils.java:logGet(46)) - raft.server.threadpool.proxy.cached = true (default)
2023-09-19 02:05:09,802 [main] INFO  server.RaftServerConfigKeys (ConfUtils.java:logGet(46)) - raft.server.threadpool.proxy.size = 0 (default)
2023-09-19 02:05:09,802 [main] INFO  server.RaftServerConfigKeys (ConfUtils.java:logGet(46)) - raft.server.rpc.slowness.timeout = 300s (custom)
2023-09-19 02:05:09,802 [main] INFO  server.RaftServerConfigKeys (ConfUtils.java:logGet(46)) - raft.server.leaderelection.leader.step-down.wait-time = 10s (default)
2023-09-19 02:05:09,802 [main] INFO  server.RaftServerConfigKeys (ConfUtils.java:logGet(46)) - raft.server.storage.dir = [/home/runner/work/ozone/ozone/hadoop-ozone/integration-test/target/test-dir/MiniOzoneClusterImpl-5e324384-037a-4cb1-b856-3c07748222cd/datanode-0/data/ratis] (custom)
2023-09-19 02:05:09,804 [e39e4681-7919-4d3b-868d-83d4ef0f5b6f-NettyServerStreamRpc-bossGroup--thread1] INFO  logging.LoggingHandler (AbstractInternalLogger.java:log(148)) - [id: 0x7289abc9] REGISTERED
2023-09-19 02:05:09,804 [e39e4681-7919-4d3b-868d-83d4ef0f5b6f-NettyServerStreamRpc-bossGroup--thread1] INFO  logging.LoggingHandler (AbstractInternalLogger.java:log(148)) - [id: 0x7289abc9] BIND: 0.0.0.0/0.0.0.0:15068
2023-09-19 02:05:09,804 [e39e4681-7919-4d3b-868d-83d4ef0f5b6f-NettyServerStreamRpc-bossGroup--thread1] INFO  logging.LoggingHandler (AbstractInternalLogger.java:log(148)) - [id: 0x7289abc9, L:/0:0:0:0:0:0:0:0:15068] ACTIVE
2023-09-19 02:05:09,804 [e39e4681-7919-4d3b-868d-83d4ef0f5b6f-impl-thread1] INFO  server.RaftServer (RaftServerProxy.java:initGroupDir(258)) - e39e4681-7919-4d3b-868d-83d4ef0f5b6f: found a subdirectory /home/runner/work/ozone/ozone/hadoop-ozone/integration-test/target/test-dir/MiniOzoneClusterImpl-5e324384-037a-4cb1-b856-3c07748222cd/datanode-0/data/ratis/tmp
2023-09-19 02:05:09,804 [e39e4681-7919-4d3b-868d-83d4ef0f5b6f-impl-thread1] INFO  server.RaftServer (RaftServerProxy.java:initGroupDir(263)) - e39e4681-7919-4d3b-868d-83d4ef0f5b6f: The directory /home/runner/work/ozone/ozone/hadoop-ozone/integration-test/target/test-dir/MiniOzoneClusterImpl-5e324384-037a-4cb1-b856-3c07748222cd/datanode-0/data/ratis/tmp is not a group directory; ignoring it. 
2023-09-19 02:05:09,805 [main] INFO  replication.ReplicationServer (ReplicationServer.java:<init>(83)) - Initializing replication server with thread count = 10 queue length = 4096
2023-09-19 02:05:09,806 [main] INFO  server.XceiverServerGrpc (XceiverServerGrpc.java:<init>(132)) - GrpcServer channel type EpollServerSocketChannel
2023-09-19 02:05:09,807 [main] INFO  replication.ReplicationSupervisor (ReplicationSupervisor.java:build(155)) - Initializing replication supervisor with thread count = 10
2023-09-19 02:05:09,807 [main] INFO  replication.ReplicationSupervisor (ReplicationSupervisor.java:nodeStateUpdated(307)) - Node state updated to IN_SERVICE, scaling executor pool size to 10
2023-09-19 02:05:09,811 [main] INFO  http.BaseHttpServer (BaseHttpServer.java:newHttpServer2BuilderForOzone(223)) - Starting Web-server for hddsDatanode at: http://0.0.0.0:15062
2023-09-19 02:05:09,811 [main] INFO  http.BaseHttpServer (BaseHttpServer.java:<init>(110)) - Hadoop Security Enabled: false Ozone Security Enabled: false Ozone HTTP Security Enabled: false 
2023-09-19 02:05:09,813 [main] WARN  server.AuthenticationFilter (AuthenticationFilter.java:constructSecretProvider(240)) - Unable to initialize FileSignerSecretProvider, falling back to use random secrets. Reason: Could not read signature secret file: /home/runner/hadoop-http-auth-signature-secret
2023-09-19 02:05:09,814 [main] INFO  http.HttpRequestLog (HttpRequestLog.java:getRequestLog(86)) - Http request log for http.requests.hddsDatanode is not defined
2023-09-19 02:05:09,815 [main] INFO  http.HttpServer2 (HttpServer2.java:addGlobalFilter(1031)) - Added global filter 'safety' (class=org.apache.hadoop.hdds.server.http.HttpServer2$QuotingInputFilter)
2023-09-19 02:05:09,816 [main] INFO  http.HttpServer2 (HttpServer2.java:addFilter(1007)) - Added filter static_user_filter (class=org.apache.hadoop.http.lib.StaticUserWebFilter$StaticUserFilter) to context hddsDatanode
2023-09-19 02:05:09,816 [main] INFO  http.HttpServer2 (HttpServer2.java:addFilter(1015)) - Added filter static_user_filter (class=org.apache.hadoop.http.lib.StaticUserWebFilter$StaticUserFilter) to context static
2023-09-19 02:05:09,816 [main] INFO  http.HttpServer2 (HttpServer2.java:addFilter(1015)) - Added filter static_user_filter (class=org.apache.hadoop.http.lib.StaticUserWebFilter$StaticUserFilter) to context logs
2023-09-19 02:05:09,817 [main] INFO  http.BaseHttpServer (BaseHttpServer.java:<init>(189)) - HTTP server of hddsDatanode uses base directory /home/runner/work/ozone/ozone/hadoop-ozone/integration-test/target/test-dir/MiniOzoneClusterImpl-5e324384-037a-4cb1-b856-3c07748222cd/datanode-0/meta/webserver
2023-09-19 02:05:09,817 [main] INFO  http.HttpServer2 (HttpServer2.java:bindListener(1231)) - Jetty bound to port 15062
2023-09-19 02:05:09,817 [main] INFO  server.Server (Server.java:doStart(375)) - jetty-9.4.52.v20230823; built: 2023-08-23T19:29:37.669Z; git: abdcda73818a1a2c705da276edb0bf6581e7997e; jvm 1.8.0_382-b05
2023-09-19 02:05:09,819 [main] INFO  server.session (DefaultSessionIdManager.java:doStart(334)) - DefaultSessionIdManager workerName=node0
2023-09-19 02:05:09,820 [main] INFO  server.session (DefaultSessionIdManager.java:doStart(339)) - No SessionScavenger set, using defaults
2023-09-19 02:05:09,820 [main] INFO  server.session (HouseKeeper.java:startScavenging(132)) - node0 Scavenging every 660000ms
2023-09-19 02:05:09,820 [main] INFO  handler.ContextHandler (ContextHandler.java:doStart(921)) - Started o.e.j.s.ServletContextHandler@4ef955e5{logs,/logs,file:///home/runner/work/ozone/ozone/hadoop-ozone/integration-test/target/log,AVAILABLE}
2023-09-19 02:05:09,821 [main] INFO  handler.ContextHandler (ContextHandler.java:doStart(921)) - Started o.e.j.s.ServletContextHandler@6817304{static,/static,jar:file:/home/runner/.m2/repository/org/apache/ozone/hdds-container-service/1.4.0-SNAPSHOT/hdds-container-service-1.4.0-SNAPSHOT.jar!/webapps/static,AVAILABLE}
2023-09-19 02:05:10,018 [main] INFO  handler.ContextHandler (ContextHandler.java:doStart(921)) - Started o.e.j.w.WebAppContext@506da71e{hddsDatanode,/,file:///home/runner/work/ozone/ozone/hadoop-ozone/integration-test/target/test-dir/MiniOzoneClusterImpl-5e324384-037a-4cb1-b856-3c07748222cd/datanode-0/meta/webserver/jetty-0_0_0_0-15062-hdds-container-service-1_4_0-SNAPSHOT_jar-_-any-8213182067534911795/webapp/,AVAILABLE}{jar:file:/home/runner/.m2/repository/org/apache/ozone/hdds-container-service/1.4.0-SNAPSHOT/hdds-container-service-1.4.0-SNAPSHOT.jar!/webapps/hddsDatanode}
2023-09-19 02:05:10,019 [main] INFO  server.AbstractConnector (AbstractConnector.java:doStart(333)) - Started ServerConnector@6984476d{HTTP/1.1, (http/1.1)}{0.0.0.0:15062}
2023-09-19 02:05:10,020 [main] INFO  server.Server (Server.java:doStart(415)) - Started @90727ms
2023-09-19 02:05:10,020 [main] WARN  impl.MetricsSystemImpl (MetricsSystemImpl.java:register(279)) - Sink prometheus already exists!
2023-09-19 02:05:10,020 [main] INFO  http.BaseHttpServer (BaseHttpServer.java:updateConnectorAddress(354)) - HTTP server of hddsDatanode listening at http://0.0.0.0:15062
2023-09-19 02:05:10,021 [main] INFO  ipc.CallQueueManager (CallQueueManager.java:<init>(90)) - Using callQueue: class java.util.concurrent.LinkedBlockingQueue, queueCapacity: 100, scheduler: class org.apache.hadoop.ipc.DefaultRpcScheduler, ipcBackoff: false.
2023-09-19 02:05:10,021 [main] INFO  ipc.Server (Server.java:<init>(1287)) - Listener at 0.0.0.0:15063
2023-09-19 02:05:10,021 [Socket Reader #1 for port 15063] INFO  ipc.Server (Server.java:run(1323)) - Starting Socket Reader #1 for port 15063
2023-09-19 02:05:10,023 [main] INFO  ozone.HddsDatanodeService (HddsDatanodeService.java:start(315)) - Datanode start with admins: [runner]
2023-09-19 02:05:10,023 [main] INFO  ozone.HddsDatanodeClientProtocolServer (HddsDatanodeClientProtocolServer.java:start(72)) - RPC server for Client /0.0.0.0:15063
2023-09-19 02:05:10,024 [IPC Server Responder] INFO  ipc.Server (Server.java:run(1562)) - IPC Server Responder: starting
2023-09-19 02:05:10,024 [IPC Server listener on 15063] INFO  ipc.Server (Server.java:run(1402)) - IPC Server listener on 15063: starting
2023-09-19 02:05:10,024 [Datanode State Machine Daemon Thread] INFO  statemachine.DatanodeStateMachine (DatanodeStateMachine.java:lambda$startDaemon$0(540)) - Ozone container server started.
2023-09-19 02:05:10,024 [main] WARN  impl.MetricRegistriesImpl (MetricRegistriesImpl.java:addReporterRegistration(111)) - New reporters are added after registries were created. Some metrics will be missing from the reporter. Please add reporter before adding any new registry.
2023-09-19 02:05:10,024 [main] WARN  impl.MetricRegistriesImpl (MetricRegistriesImpl.java:addReporterRegistration(111)) - New reporters are added after registries were created. Some metrics will be missing from the reporter. Please add reporter before adding any new registry.
2023-09-19 02:05:10,024 [main] INFO  impl.MetricsSystemImpl (MetricsSystemImpl.java:init(158)) - HddsDatanode metrics system started (again)
2023-09-19 02:05:10,038 [main] INFO  ozone.HddsDatanodeService (HddsDatanodeService.java:start(237)) - HddsDatanodeService host:fv-az1031-92 ip:10.1.0.29
2023-09-19 02:05:10,046 [Datanode State Machine Task Thread - 0] INFO  datanode.InitDatanodeState (InitDatanodeState.java:persistContainerDatanodeDetails(138)) - DatanodeDetails is persisted to /home/runner/work/ozone/ozone/hadoop-ozone/integration-test/target/test-dir/MiniOzoneClusterImpl-5e324384-037a-4cb1-b856-3c07748222cd/datanode-0/meta/datanode.id
2023-09-19 02:05:10,069 [main] INFO  upgrade.AbstractLayoutVersionManager (AbstractLayoutVersionManager.java:init(83)) - Initializing Layout version manager with metadata layout = HADOOP_PRC_PORTS_IN_DATANODEDETAILS (version = 7), software layout = HADOOP_PRC_PORTS_IN_DATANODEDETAILS (version = 7)
2023-09-19 02:05:10,070 [main] INFO  statemachine.DatanodeStateMachine (DatanodeStateMachine.java:getEndPointTaskThreadPoolSize(284)) - Datanode State Machine Task Thread Pool size 2
2023-09-19 02:05:10,072 [main] INFO  volume.HddsVolume (HddsVolume.java:<init>(126)) - Creating HddsVolume: /home/runner/work/ozone/ozone/hadoop-ozone/integration-test/target/test-dir/MiniOzoneClusterImpl-5e324384-037a-4cb1-b856-3c07748222cd/datanode-1/data-0/containers/hdds of storage type : DISK capacity : 9223372036854775807
2023-09-19 02:05:10,072 [main] INFO  volume.MutableVolumeSet (MutableVolumeSet.java:initializeVolumeSet(173)) - Added Volume : /home/runner/work/ozone/ozone/hadoop-ozone/integration-test/target/test-dir/MiniOzoneClusterImpl-5e324384-037a-4cb1-b856-3c07748222cd/datanode-1/data-0/containers/hdds to VolumeSet
2023-09-19 02:05:10,074 [main] INFO  volume.MutableVolumeSet (MutableVolumeSet.java:initializeVolumeSet(173)) - Added Volume : /home/runner/work/ozone/ozone/hadoop-ozone/integration-test/target/test-dir/MiniOzoneClusterImpl-5e324384-037a-4cb1-b856-3c07748222cd/datanode-1/data/ratis to VolumeSet
2023-09-19 02:05:10,075 [Thread-782] INFO  ozoneimpl.ContainerReader (ContainerReader.java:readVolume(177)) - Finish verifying containers on volume /home/runner/work/ozone/ozone/hadoop-ozone/integration-test/target/test-dir/MiniOzoneClusterImpl-5e324384-037a-4cb1-b856-3c07748222cd/datanode-1/data-0/containers/hdds
2023-09-19 02:05:10,075 [main] INFO  ozoneimpl.OzoneContainer (OzoneContainer.java:buildContainerSet(314)) - Build ContainerSet costs 0s
2023-09-19 02:05:10,077 [main] INFO  server.RaftServer (ConfUtils.java:logGet(46)) - raft.rpc.type = GRPC (default)
2023-09-19 02:05:10,078 [main] INFO  grpc.GrpcConfigKeys (ConfUtils.java:logFallback(53)) - raft.grpc.admin.host = null (fallback to raft.grpc.server.host)
2023-09-19 02:05:10,080 [main] INFO  grpc.GrpcConfigKeys (ConfUtils.java:logGet(46)) - raft.grpc.admin.port = 15075 (custom)
2023-09-19 02:05:10,080 [main] INFO  grpc.GrpcConfigKeys (ConfUtils.java:logFallback(53)) - raft.grpc.client.host = null (fallback to raft.grpc.server.host)
2023-09-19 02:05:10,080 [main] INFO  grpc.GrpcConfigKeys (ConfUtils.java:logGet(46)) - raft.grpc.client.port = 15074 (custom)
2023-09-19 02:05:10,080 [main] INFO  grpc.GrpcConfigKeys (ConfUtils.java:logGet(46)) - raft.grpc.server.host = null (default)
2023-09-19 02:05:10,080 [main] INFO  grpc.GrpcConfigKeys (ConfUtils.java:logGet(46)) - raft.grpc.server.port = 15076 (custom)
2023-09-19 02:05:10,080 [main] INFO  server.GrpcService (ConfUtils.java:logGet(46)) - raft.grpc.message.size.max = 32MB (=33554432) (custom)
2023-09-19 02:05:10,080 [main] INFO  server.RaftServerConfigKeys (ConfUtils.java:logGet(46)) - raft.server.log.appender.buffer.byte-limit = 33554432 (custom)
2023-09-19 02:05:10,080 [main] INFO  server.GrpcService (ConfUtils.java:logGet(46)) - raft.grpc.flow.control.window = 5MB (=5242880) (custom)
2023-09-19 02:05:10,081 [main] INFO  server.RaftServerConfigKeys (ConfUtils.java:logGet(46)) - raft.server.rpc.request.timeout = 60s (custom)
2023-09-19 02:05:10,081 [main] INFO  grpc.GrpcConfigKeys (ConfUtils.java:logGet(46)) - raft.grpc.server.heartbeat.channel = true (default)
2023-09-19 02:05:10,081 [main] INFO  grpc.GrpcConfigKeys (ConfUtils.java:logGet(46)) - raft.grpc.server.async.request.thread.pool.cached = true (default)
2023-09-19 02:05:10,081 [main] INFO  grpc.GrpcConfigKeys (ConfUtils.java:logGet(46)) - raft.grpc.server.async.request.thread.pool.size = 32 (default)
2023-09-19 02:05:10,085 [main] INFO  impl.DataStreamServerImpl (ConfUtils.java:logGet(46)) - raft.datastream.type = NETTY (custom)
2023-09-19 02:05:10,086 [main] INFO  server.RaftServerConfigKeys (ConfUtils.java:logGet(46)) - raft.server.data-stream.async.request.thread.pool.cached = false (default)
2023-09-19 02:05:10,086 [main] INFO  server.RaftServerConfigKeys (ConfUtils.java:logGet(46)) - raft.server.data-stream.async.request.thread.pool.size = 20 (custom)
2023-09-19 02:05:10,086 [main] INFO  server.RaftServerConfigKeys (ConfUtils.java:logGet(46)) - raft.server.data-stream.async.write.thread.pool.size = 16 (default)
2023-09-19 02:05:10,086 [main] INFO  server.RaftServerConfigKeys (ConfUtils.java:logGet(46)) - raft.server.data-stream.client.pool.size = 10 (default)
2023-09-19 02:05:10,086 [main] INFO  netty.NettyConfigKeys$DataStream (ConfUtils.java:logGet(46)) - raft.netty.dataStream.server.use-epoll = false (default)
2023-09-19 02:05:10,086 [main] INFO  netty.NettyConfigKeys$DataStream (ConfUtils.java:logGet(46)) - raft.netty.dataStream.server.boss-group.size = 0 (default)
2023-09-19 02:05:10,087 [main] INFO  netty.NettyConfigKeys$DataStream (ConfUtils.java:logGet(46)) - raft.netty.dataStream.server.worker-group.size = 0 (default)
2023-09-19 02:05:10,087 [main] INFO  netty.NettyConfigKeys$DataStream (ConfUtils.java:logGet(46)) - raft.netty.dataStream.server.tls.conf = null (default)
2023-09-19 02:05:10,087 [main] INFO  netty.NettyConfigKeys$DataStream (ConfUtils.java:logGet(46)) - raft.netty.dataStream.host = null (default)
2023-09-19 02:05:10,087 [main] INFO  netty.NettyConfigKeys$DataStream (ConfUtils.java:logGet(46)) - raft.netty.dataStream.port = 15077 (custom)
2023-09-19 02:05:10,089 [main] INFO  server.RaftServerConfigKeys (ConfUtils.java:logGet(46)) - raft.server.threadpool.proxy.cached = true (default)
2023-09-19 02:05:10,090 [main] INFO  server.RaftServerConfigKeys (ConfUtils.java:logGet(46)) - raft.server.threadpool.proxy.size = 0 (default)
2023-09-19 02:05:10,090 [5eadcd64-1d4b-44b8-a1e5-0066e95eb1a1-NettyServerStreamRpc-bossGroup--thread1] INFO  logging.LoggingHandler (AbstractInternalLogger.java:log(148)) - [id: 0xa1be7f7d] REGISTERED
2023-09-19 02:05:10,090 [main] INFO  server.RaftServerConfigKeys (ConfUtils.java:logGet(46)) - raft.server.rpc.slowness.timeout = 300s (custom)
2023-09-19 02:05:10,090 [5eadcd64-1d4b-44b8-a1e5-0066e95eb1a1-NettyServerStreamRpc-bossGroup--thread1] INFO  logging.LoggingHandler (AbstractInternalLogger.java:log(148)) - [id: 0xa1be7f7d] BIND: 0.0.0.0/0.0.0.0:15077
2023-09-19 02:05:10,091 [5eadcd64-1d4b-44b8-a1e5-0066e95eb1a1-NettyServerStreamRpc-bossGroup--thread1] INFO  logging.LoggingHandler (AbstractInternalLogger.java:log(148)) - [id: 0xa1be7f7d, L:/0:0:0:0:0:0:0:0:15077] ACTIVE
2023-09-19 02:05:10,090 [main] INFO  server.RaftServerConfigKeys (ConfUtils.java:logGet(46)) - raft.server.leaderelection.leader.step-down.wait-time = 10s (default)
2023-09-19 02:05:10,091 [main] INFO  server.RaftServerConfigKeys (ConfUtils.java:logGet(46)) - raft.server.storage.dir = [/home/runner/work/ozone/ozone/hadoop-ozone/integration-test/target/test-dir/MiniOzoneClusterImpl-5e324384-037a-4cb1-b856-3c07748222cd/datanode-1/data/ratis] (custom)
2023-09-19 02:05:10,092 [5eadcd64-1d4b-44b8-a1e5-0066e95eb1a1-impl-thread1] INFO  server.RaftServer (RaftServerProxy.java:initGroupDir(258)) - 5eadcd64-1d4b-44b8-a1e5-0066e95eb1a1: found a subdirectory /home/runner/work/ozone/ozone/hadoop-ozone/integration-test/target/test-dir/MiniOzoneClusterImpl-5e324384-037a-4cb1-b856-3c07748222cd/datanode-1/data/ratis/tmp
2023-09-19 02:05:10,092 [5eadcd64-1d4b-44b8-a1e5-0066e95eb1a1-impl-thread1] INFO  server.RaftServer (RaftServerProxy.java:initGroupDir(263)) - 5eadcd64-1d4b-44b8-a1e5-0066e95eb1a1: The directory /home/runner/work/ozone/ozone/hadoop-ozone/integration-test/target/test-dir/MiniOzoneClusterImpl-5e324384-037a-4cb1-b856-3c07748222cd/datanode-1/data/ratis/tmp is not a group directory; ignoring it. 
2023-09-19 02:05:10,092 [main] INFO  replication.ReplicationServer (ReplicationServer.java:<init>(83)) - Initializing replication server with thread count = 10 queue length = 4096
2023-09-19 02:05:10,095 [main] INFO  server.XceiverServerGrpc (XceiverServerGrpc.java:<init>(132)) - GrpcServer channel type EpollServerSocketChannel
2023-09-19 02:05:10,099 [main] INFO  replication.ReplicationSupervisor (ReplicationSupervisor.java:build(155)) - Initializing replication supervisor with thread count = 10
2023-09-19 02:05:10,100 [main] INFO  replication.ReplicationSupervisor (ReplicationSupervisor.java:nodeStateUpdated(307)) - Node state updated to IN_SERVICE, scaling executor pool size to 10
2023-09-19 02:05:10,103 [main] INFO  http.BaseHttpServer (BaseHttpServer.java:newHttpServer2BuilderForOzone(223)) - Starting Web-server for hddsDatanode at: http://0.0.0.0:15071
2023-09-19 02:05:10,104 [main] INFO  http.BaseHttpServer (BaseHttpServer.java:<init>(110)) - Hadoop Security Enabled: false Ozone Security Enabled: false Ozone HTTP Security Enabled: false 
2023-09-19 02:05:10,105 [main] WARN  server.AuthenticationFilter (AuthenticationFilter.java:constructSecretProvider(240)) - Unable to initialize FileSignerSecretProvider, falling back to use random secrets. Reason: Could not read signature secret file: /home/runner/hadoop-http-auth-signature-secret
2023-09-19 02:05:10,109 [main] INFO  http.HttpRequestLog (HttpRequestLog.java:getRequestLog(86)) - Http request log for http.requests.hddsDatanode is not defined
2023-09-19 02:05:10,111 [main] INFO  http.HttpServer2 (HttpServer2.java:addGlobalFilter(1031)) - Added global filter 'safety' (class=org.apache.hadoop.hdds.server.http.HttpServer2$QuotingInputFilter)
2023-09-19 02:05:10,111 [main] INFO  http.HttpServer2 (HttpServer2.java:addFilter(1007)) - Added filter static_user_filter (class=org.apache.hadoop.http.lib.StaticUserWebFilter$StaticUserFilter) to context hddsDatanode
2023-09-19 02:05:10,111 [main] INFO  http.HttpServer2 (HttpServer2.java:addFilter(1015)) - Added filter static_user_filter (class=org.apache.hadoop.http.lib.StaticUserWebFilter$StaticUserFilter) to context static
2023-09-19 02:05:10,112 [main] INFO  http.HttpServer2 (HttpServer2.java:addFilter(1015)) - Added filter static_user_filter (class=org.apache.hadoop.http.lib.StaticUserWebFilter$StaticUserFilter) to context logs
2023-09-19 02:05:10,112 [main] INFO  http.BaseHttpServer (BaseHttpServer.java:<init>(189)) - HTTP server of hddsDatanode uses base directory /home/runner/work/ozone/ozone/hadoop-ozone/integration-test/target/test-dir/MiniOzoneClusterImpl-5e324384-037a-4cb1-b856-3c07748222cd/datanode-1/meta/webserver
2023-09-19 02:05:10,112 [main] INFO  http.HttpServer2 (HttpServer2.java:bindListener(1231)) - Jetty bound to port 15071
2023-09-19 02:05:10,112 [main] INFO  server.Server (Server.java:doStart(375)) - jetty-9.4.52.v20230823; built: 2023-08-23T19:29:37.669Z; git: abdcda73818a1a2c705da276edb0bf6581e7997e; jvm 1.8.0_382-b05
2023-09-19 02:05:10,115 [main] INFO  server.session (DefaultSessionIdManager.java:doStart(334)) - DefaultSessionIdManager workerName=node0
2023-09-19 02:05:10,115 [main] INFO  server.session (DefaultSessionIdManager.java:doStart(339)) - No SessionScavenger set, using defaults
2023-09-19 02:05:10,115 [main] INFO  server.session (HouseKeeper.java:startScavenging(132)) - node0 Scavenging every 600000ms
2023-09-19 02:05:10,116 [main] INFO  handler.ContextHandler (ContextHandler.java:doStart(921)) - Started o.e.j.s.ServletContextHandler@6fed4e20{logs,/logs,file:///home/runner/work/ozone/ozone/hadoop-ozone/integration-test/target/log,AVAILABLE}
2023-09-19 02:05:10,117 [main] INFO  handler.ContextHandler (ContextHandler.java:doStart(921)) - Started o.e.j.s.ServletContextHandler@e52e46a{static,/static,jar:file:/home/runner/.m2/repository/org/apache/ozone/hdds-container-service/1.4.0-SNAPSHOT/hdds-container-service-1.4.0-SNAPSHOT.jar!/webapps/static,AVAILABLE}
2023-09-19 02:05:10,317 [main] INFO  handler.ContextHandler (ContextHandler.java:doStart(921)) - Started o.e.j.w.WebAppContext@37d5b78d{hddsDatanode,/,file:///home/runner/work/ozone/ozone/hadoop-ozone/integration-test/target/test-dir/MiniOzoneClusterImpl-5e324384-037a-4cb1-b856-3c07748222cd/datanode-1/meta/webserver/jetty-0_0_0_0-15071-hdds-container-service-1_4_0-SNAPSHOT_jar-_-any-4995858486456545619/webapp/,AVAILABLE}{jar:file:/home/runner/.m2/repository/org/apache/ozone/hdds-container-service/1.4.0-SNAPSHOT/hdds-container-service-1.4.0-SNAPSHOT.jar!/webapps/hddsDatanode}
2023-09-19 02:05:10,319 [main] INFO  server.AbstractConnector (AbstractConnector.java:doStart(333)) - Started ServerConnector@5e92a341{HTTP/1.1, (http/1.1)}{0.0.0.0:15071}
2023-09-19 02:05:10,319 [main] INFO  server.Server (Server.java:doStart(415)) - Started @91026ms
2023-09-19 02:05:10,319 [main] WARN  impl.MetricsSystemImpl (MetricsSystemImpl.java:register(279)) - Sink prometheus already exists!
2023-09-19 02:05:10,320 [main] INFO  http.BaseHttpServer (BaseHttpServer.java:updateConnectorAddress(354)) - HTTP server of hddsDatanode listening at http://0.0.0.0:15071
2023-09-19 02:05:10,320 [main] INFO  ipc.CallQueueManager (CallQueueManager.java:<init>(90)) - Using callQueue: class java.util.concurrent.LinkedBlockingQueue, queueCapacity: 100, scheduler: class org.apache.hadoop.ipc.DefaultRpcScheduler, ipcBackoff: false.
2023-09-19 02:05:10,320 [main] INFO  ipc.Server (Server.java:<init>(1287)) - Listener at 0.0.0.0:15072
2023-09-19 02:05:10,321 [Socket Reader #1 for port 15072] INFO  ipc.Server (Server.java:run(1323)) - Starting Socket Reader #1 for port 15072
2023-09-19 02:05:10,322 [main] INFO  ozone.HddsDatanodeService (HddsDatanodeService.java:start(315)) - Datanode start with admins: [runner]
2023-09-19 02:05:10,323 [main] INFO  ozone.HddsDatanodeClientProtocolServer (HddsDatanodeClientProtocolServer.java:start(72)) - RPC server for Client /0.0.0.0:15072
2023-09-19 02:05:10,323 [IPC Server Responder] INFO  ipc.Server (Server.java:run(1562)) - IPC Server Responder: starting
2023-09-19 02:05:10,323 [IPC Server listener on 15072] INFO  ipc.Server (Server.java:run(1402)) - IPC Server listener on 15072: starting
2023-09-19 02:05:10,327 [main] WARN  impl.MetricRegistriesImpl (MetricRegistriesImpl.java:addReporterRegistration(111)) - New reporters are added after registries were created. Some metrics will be missing from the reporter. Please add reporter before adding any new registry.
2023-09-19 02:05:10,327 [main] WARN  impl.MetricRegistriesImpl (MetricRegistriesImpl.java:addReporterRegistration(111)) - New reporters are added after registries were created. Some metrics will be missing from the reporter. Please add reporter before adding any new registry.
2023-09-19 02:05:10,327 [Datanode State Machine Daemon Thread] INFO  statemachine.DatanodeStateMachine (DatanodeStateMachine.java:lambda$startDaemon$0(540)) - Ozone container server started.
2023-09-19 02:05:10,327 [main] INFO  impl.MetricsSystemImpl (MetricsSystemImpl.java:init(158)) - HddsDatanode metrics system started (again)
2023-09-19 02:05:10,347 [main] INFO  ozone.HddsDatanodeService (HddsDatanodeService.java:start(237)) - HddsDatanodeService host:fv-az1031-92 ip:10.1.0.29
2023-09-19 02:05:10,363 [Datanode State Machine Task Thread - 0] INFO  datanode.InitDatanodeState (InitDatanodeState.java:persistContainerDatanodeDetails(138)) - DatanodeDetails is persisted to /home/runner/work/ozone/ozone/hadoop-ozone/integration-test/target/test-dir/MiniOzoneClusterImpl-5e324384-037a-4cb1-b856-3c07748222cd/datanode-1/meta/datanode.id
2023-09-19 02:05:10,374 [main] INFO  upgrade.AbstractLayoutVersionManager (AbstractLayoutVersionManager.java:init(83)) - Initializing Layout version manager with metadata layout = HADOOP_PRC_PORTS_IN_DATANODEDETAILS (version = 7), software layout = HADOOP_PRC_PORTS_IN_DATANODEDETAILS (version = 7)
2023-09-19 02:05:10,375 [main] INFO  statemachine.DatanodeStateMachine (DatanodeStateMachine.java:getEndPointTaskThreadPoolSize(284)) - Datanode State Machine Task Thread Pool size 2
2023-09-19 02:05:10,377 [main] INFO  volume.HddsVolume (HddsVolume.java:<init>(126)) - Creating HddsVolume: /home/runner/work/ozone/ozone/hadoop-ozone/integration-test/target/test-dir/MiniOzoneClusterImpl-5e324384-037a-4cb1-b856-3c07748222cd/datanode-2/data-0/containers/hdds of storage type : DISK capacity : 9223372036854775807
2023-09-19 02:05:10,377 [main] INFO  volume.MutableVolumeSet (MutableVolumeSet.java:initializeVolumeSet(173)) - Added Volume : /home/runner/work/ozone/ozone/hadoop-ozone/integration-test/target/test-dir/MiniOzoneClusterImpl-5e324384-037a-4cb1-b856-3c07748222cd/datanode-2/data-0/containers/hdds to VolumeSet
2023-09-19 02:05:10,378 [main] INFO  volume.MutableVolumeSet (MutableVolumeSet.java:initializeVolumeSet(173)) - Added Volume : /home/runner/work/ozone/ozone/hadoop-ozone/integration-test/target/test-dir/MiniOzoneClusterImpl-5e324384-037a-4cb1-b856-3c07748222cd/datanode-2/data/ratis to VolumeSet
2023-09-19 02:05:10,379 [Thread-799] INFO  ozoneimpl.ContainerReader (ContainerReader.java:readVolume(177)) - Finish verifying containers on volume /home/runner/work/ozone/ozone/hadoop-ozone/integration-test/target/test-dir/MiniOzoneClusterImpl-5e324384-037a-4cb1-b856-3c07748222cd/datanode-2/data-0/containers/hdds
2023-09-19 02:05:10,379 [main] INFO  ozoneimpl.OzoneContainer (OzoneContainer.java:buildContainerSet(314)) - Build ContainerSet costs 0s
2023-09-19 02:05:10,381 [main] INFO  server.RaftServer (ConfUtils.java:logGet(46)) - raft.rpc.type = GRPC (default)
2023-09-19 02:05:10,382 [main] INFO  grpc.GrpcConfigKeys (ConfUtils.java:logFallback(53)) - raft.grpc.admin.host = null (fallback to raft.grpc.server.host)
2023-09-19 02:05:10,382 [main] INFO  grpc.GrpcConfigKeys (ConfUtils.java:logGet(46)) - raft.grpc.admin.port = 15084 (custom)
2023-09-19 02:05:10,382 [main] INFO  grpc.GrpcConfigKeys (ConfUtils.java:logFallback(53)) - raft.grpc.client.host = null (fallback to raft.grpc.server.host)
2023-09-19 02:05:10,382 [main] INFO  grpc.GrpcConfigKeys (ConfUtils.java:logGet(46)) - raft.grpc.client.port = 15083 (custom)
2023-09-19 02:05:10,382 [main] INFO  grpc.GrpcConfigKeys (ConfUtils.java:logGet(46)) - raft.grpc.server.host = null (default)
2023-09-19 02:05:10,382 [main] INFO  grpc.GrpcConfigKeys (ConfUtils.java:logGet(46)) - raft.grpc.server.port = 15085 (custom)
2023-09-19 02:05:10,382 [main] INFO  server.GrpcService (ConfUtils.java:logGet(46)) - raft.grpc.message.size.max = 32MB (=33554432) (custom)
2023-09-19 02:05:10,382 [main] INFO  server.RaftServerConfigKeys (ConfUtils.java:logGet(46)) - raft.server.log.appender.buffer.byte-limit = 33554432 (custom)
2023-09-19 02:05:10,383 [main] INFO  server.GrpcService (ConfUtils.java:logGet(46)) - raft.grpc.flow.control.window = 5MB (=5242880) (custom)
2023-09-19 02:05:10,383 [main] INFO  server.RaftServerConfigKeys (ConfUtils.java:logGet(46)) - raft.server.rpc.request.timeout = 60s (custom)
2023-09-19 02:05:10,383 [main] INFO  grpc.GrpcConfigKeys (ConfUtils.java:logGet(46)) - raft.grpc.server.heartbeat.channel = true (default)
2023-09-19 02:05:10,383 [main] INFO  grpc.GrpcConfigKeys (ConfUtils.java:logGet(46)) - raft.grpc.server.async.request.thread.pool.cached = true (default)
2023-09-19 02:05:10,383 [main] INFO  grpc.GrpcConfigKeys (ConfUtils.java:logGet(46)) - raft.grpc.server.async.request.thread.pool.size = 32 (default)
2023-09-19 02:05:10,385 [main] INFO  impl.DataStreamServerImpl (ConfUtils.java:logGet(46)) - raft.datastream.type = NETTY (custom)
2023-09-19 02:05:10,386 [main] INFO  server.RaftServerConfigKeys (ConfUtils.java:logGet(46)) - raft.server.data-stream.async.request.thread.pool.cached = false (default)
2023-09-19 02:05:10,386 [main] INFO  server.RaftServerConfigKeys (ConfUtils.java:logGet(46)) - raft.server.data-stream.async.request.thread.pool.size = 20 (custom)
2023-09-19 02:05:10,386 [main] INFO  server.RaftServerConfigKeys (ConfUtils.java:logGet(46)) - raft.server.data-stream.async.write.thread.pool.size = 16 (default)
2023-09-19 02:05:10,386 [main] INFO  server.RaftServerConfigKeys (ConfUtils.java:logGet(46)) - raft.server.data-stream.client.pool.size = 10 (default)
2023-09-19 02:05:10,386 [main] INFO  netty.NettyConfigKeys$DataStream (ConfUtils.java:logGet(46)) - raft.netty.dataStream.server.use-epoll = false (default)
2023-09-19 02:05:10,386 [main] INFO  netty.NettyConfigKeys$DataStream (ConfUtils.java:logGet(46)) - raft.netty.dataStream.server.boss-group.size = 0 (default)
2023-09-19 02:05:10,387 [main] INFO  netty.NettyConfigKeys$DataStream (ConfUtils.java:logGet(46)) - raft.netty.dataStream.server.worker-group.size = 0 (default)
2023-09-19 02:05:10,387 [main] INFO  netty.NettyConfigKeys$DataStream (ConfUtils.java:logGet(46)) - raft.netty.dataStream.server.tls.conf = null (default)
2023-09-19 02:05:10,387 [main] INFO  netty.NettyConfigKeys$DataStream (ConfUtils.java:logGet(46)) - raft.netty.dataStream.host = null (default)
2023-09-19 02:05:10,387 [main] INFO  netty.NettyConfigKeys$DataStream (ConfUtils.java:logGet(46)) - raft.netty.dataStream.port = 15086 (custom)
2023-09-19 02:05:10,388 [main] INFO  server.RaftServerConfigKeys (ConfUtils.java:logGet(46)) - raft.server.threadpool.proxy.cached = true (default)
2023-09-19 02:05:10,388 [main] INFO  server.RaftServerConfigKeys (ConfUtils.java:logGet(46)) - raft.server.threadpool.proxy.size = 0 (default)
2023-09-19 02:05:10,389 [bb1c6357-9327-4202-8734-55e8eab5c756-NettyServerStreamRpc-bossGroup--thread1] INFO  logging.LoggingHandler (AbstractInternalLogger.java:log(148)) - [id: 0xbd9ca90f] REGISTERED
2023-09-19 02:05:10,390 [bb1c6357-9327-4202-8734-55e8eab5c756-NettyServerStreamRpc-bossGroup--thread1] INFO  logging.LoggingHandler (AbstractInternalLogger.java:log(148)) - [id: 0xbd9ca90f] BIND: 0.0.0.0/0.0.0.0:15086
2023-09-19 02:05:10,389 [main] INFO  server.RaftServerConfigKeys (ConfUtils.java:logGet(46)) - raft.server.rpc.slowness.timeout = 300s (custom)
2023-09-19 02:05:10,391 [main] INFO  server.RaftServerConfigKeys (ConfUtils.java:logGet(46)) - raft.server.leaderelection.leader.step-down.wait-time = 10s (default)
2023-09-19 02:05:10,391 [main] INFO  server.RaftServerConfigKeys (ConfUtils.java:logGet(46)) - raft.server.storage.dir = [/home/runner/work/ozone/ozone/hadoop-ozone/integration-test/target/test-dir/MiniOzoneClusterImpl-5e324384-037a-4cb1-b856-3c07748222cd/datanode-2/data/ratis] (custom)
2023-09-19 02:05:10,391 [bb1c6357-9327-4202-8734-55e8eab5c756-NettyServerStreamRpc-bossGroup--thread1] INFO  logging.LoggingHandler (AbstractInternalLogger.java:log(148)) - [id: 0xbd9ca90f, L:/0:0:0:0:0:0:0:0:15086] ACTIVE
2023-09-19 02:05:10,392 [bb1c6357-9327-4202-8734-55e8eab5c756-impl-thread1] INFO  server.RaftServer (RaftServerProxy.java:initGroupDir(258)) - bb1c6357-9327-4202-8734-55e8eab5c756: found a subdirectory /home/runner/work/ozone/ozone/hadoop-ozone/integration-test/target/test-dir/MiniOzoneClusterImpl-5e324384-037a-4cb1-b856-3c07748222cd/datanode-2/data/ratis/tmp
2023-09-19 02:05:10,392 [bb1c6357-9327-4202-8734-55e8eab5c756-impl-thread1] INFO  server.RaftServer (RaftServerProxy.java:initGroupDir(263)) - bb1c6357-9327-4202-8734-55e8eab5c756: The directory /home/runner/work/ozone/ozone/hadoop-ozone/integration-test/target/test-dir/MiniOzoneClusterImpl-5e324384-037a-4cb1-b856-3c07748222cd/datanode-2/data/ratis/tmp is not a group directory; ignoring it. 
2023-09-19 02:05:10,392 [main] INFO  replication.ReplicationServer (ReplicationServer.java:<init>(83)) - Initializing replication server with thread count = 10 queue length = 4096
2023-09-19 02:05:10,393 [main] INFO  server.XceiverServerGrpc (XceiverServerGrpc.java:<init>(132)) - GrpcServer channel type EpollServerSocketChannel
2023-09-19 02:05:10,395 [main] INFO  replication.ReplicationSupervisor (ReplicationSupervisor.java:build(155)) - Initializing replication supervisor with thread count = 10
2023-09-19 02:05:10,395 [main] INFO  replication.ReplicationSupervisor (ReplicationSupervisor.java:nodeStateUpdated(307)) - Node state updated to IN_SERVICE, scaling executor pool size to 10
2023-09-19 02:05:10,400 [main] INFO  http.BaseHttpServer (BaseHttpServer.java:newHttpServer2BuilderForOzone(223)) - Starting Web-server for hddsDatanode at: http://0.0.0.0:15080
2023-09-19 02:05:10,400 [main] INFO  http.BaseHttpServer (BaseHttpServer.java:<init>(110)) - Hadoop Security Enabled: false Ozone Security Enabled: false Ozone HTTP Security Enabled: false 
2023-09-19 02:05:10,401 [main] WARN  server.AuthenticationFilter (AuthenticationFilter.java:constructSecretProvider(240)) - Unable to initialize FileSignerSecretProvider, falling back to use random secrets. Reason: Could not read signature secret file: /home/runner/hadoop-http-auth-signature-secret
2023-09-19 02:05:10,402 [main] INFO  http.HttpRequestLog (HttpRequestLog.java:getRequestLog(86)) - Http request log for http.requests.hddsDatanode is not defined
2023-09-19 02:05:10,403 [main] INFO  http.HttpServer2 (HttpServer2.java:addGlobalFilter(1031)) - Added global filter 'safety' (class=org.apache.hadoop.hdds.server.http.HttpServer2$QuotingInputFilter)
2023-09-19 02:05:10,404 [main] INFO  http.HttpServer2 (HttpServer2.java:addFilter(1007)) - Added filter static_user_filter (class=org.apache.hadoop.http.lib.StaticUserWebFilter$StaticUserFilter) to context hddsDatanode
2023-09-19 02:05:10,404 [main] INFO  http.HttpServer2 (HttpServer2.java:addFilter(1015)) - Added filter static_user_filter (class=org.apache.hadoop.http.lib.StaticUserWebFilter$StaticUserFilter) to context static
2023-09-19 02:05:10,404 [main] INFO  http.HttpServer2 (HttpServer2.java:addFilter(1015)) - Added filter static_user_filter (class=org.apache.hadoop.http.lib.StaticUserWebFilter$StaticUserFilter) to context logs
2023-09-19 02:05:10,405 [main] INFO  http.BaseHttpServer (BaseHttpServer.java:<init>(189)) - HTTP server of hddsDatanode uses base directory /home/runner/work/ozone/ozone/hadoop-ozone/integration-test/target/test-dir/MiniOzoneClusterImpl-5e324384-037a-4cb1-b856-3c07748222cd/datanode-2/meta/webserver
2023-09-19 02:05:10,406 [main] INFO  http.HttpServer2 (HttpServer2.java:bindListener(1231)) - Jetty bound to port 15080
2023-09-19 02:05:10,406 [main] INFO  server.Server (Server.java:doStart(375)) - jetty-9.4.52.v20230823; built: 2023-08-23T19:29:37.669Z; git: abdcda73818a1a2c705da276edb0bf6581e7997e; jvm 1.8.0_382-b05
2023-09-19 02:05:10,407 [main] INFO  server.session (DefaultSessionIdManager.java:doStart(334)) - DefaultSessionIdManager workerName=node0
2023-09-19 02:05:10,407 [main] INFO  server.session (DefaultSessionIdManager.java:doStart(339)) - No SessionScavenger set, using defaults
2023-09-19 02:05:10,408 [main] INFO  server.session (HouseKeeper.java:startScavenging(132)) - node0 Scavenging every 600000ms
2023-09-19 02:05:10,408 [main] INFO  handler.ContextHandler (ContextHandler.java:doStart(921)) - Started o.e.j.s.ServletContextHandler@2eadfbf6{logs,/logs,file:///home/runner/work/ozone/ozone/hadoop-ozone/integration-test/target/log,AVAILABLE}
2023-09-19 02:05:10,408 [main] INFO  handler.ContextHandler (ContextHandler.java:doStart(921)) - Started o.e.j.s.ServletContextHandler@703a305{static,/static,jar:file:/home/runner/.m2/repository/org/apache/ozone/hdds-container-service/1.4.0-SNAPSHOT/hdds-container-service-1.4.0-SNAPSHOT.jar!/webapps/static,AVAILABLE}
2023-09-19 02:05:10,603 [main] INFO  handler.ContextHandler (ContextHandler.java:doStart(921)) - Started o.e.j.w.WebAppContext@56a35d92{hddsDatanode,/,file:///home/runner/work/ozone/ozone/hadoop-ozone/integration-test/target/test-dir/MiniOzoneClusterImpl-5e324384-037a-4cb1-b856-3c07748222cd/datanode-2/meta/webserver/jetty-0_0_0_0-15080-hdds-container-service-1_4_0-SNAPSHOT_jar-_-any-2046742453577857703/webapp/,AVAILABLE}{jar:file:/home/runner/.m2/repository/org/apache/ozone/hdds-container-service/1.4.0-SNAPSHOT/hdds-container-service-1.4.0-SNAPSHOT.jar!/webapps/hddsDatanode}
2023-09-19 02:05:10,605 [main] INFO  server.AbstractConnector (AbstractConnector.java:doStart(333)) - Started ServerConnector@735929b6{HTTP/1.1, (http/1.1)}{0.0.0.0:15080}
2023-09-19 02:05:10,605 [main] INFO  server.Server (Server.java:doStart(415)) - Started @91312ms
2023-09-19 02:05:10,605 [main] WARN  impl.MetricsSystemImpl (MetricsSystemImpl.java:register(279)) - Sink prometheus already exists!
2023-09-19 02:05:10,606 [main] INFO  http.BaseHttpServer (BaseHttpServer.java:updateConnectorAddress(354)) - HTTP server of hddsDatanode listening at http://0.0.0.0:15080
2023-09-19 02:05:10,607 [main] INFO  ipc.CallQueueManager (CallQueueManager.java:<init>(90)) - Using callQueue: class java.util.concurrent.LinkedBlockingQueue, queueCapacity: 100, scheduler: class org.apache.hadoop.ipc.DefaultRpcScheduler, ipcBackoff: false.
2023-09-19 02:05:10,607 [main] INFO  ipc.Server (Server.java:<init>(1287)) - Listener at 0.0.0.0:15081
2023-09-19 02:05:10,607 [Socket Reader #1 for port 15081] INFO  ipc.Server (Server.java:run(1323)) - Starting Socket Reader #1 for port 15081
2023-09-19 02:05:10,612 [main] INFO  ozone.HddsDatanodeService (HddsDatanodeService.java:start(315)) - Datanode start with admins: [runner]
2023-09-19 02:05:10,612 [main] INFO  ozone.HddsDatanodeClientProtocolServer (HddsDatanodeClientProtocolServer.java:start(72)) - RPC server for Client /0.0.0.0:15081
2023-09-19 02:05:10,612 [IPC Server Responder] INFO  ipc.Server (Server.java:run(1562)) - IPC Server Responder: starting
2023-09-19 02:05:10,612 [Datanode State Machine Daemon Thread] INFO  statemachine.DatanodeStateMachine (DatanodeStateMachine.java:lambda$startDaemon$0(540)) - Ozone container server started.
2023-09-19 02:05:10,612 [main] WARN  impl.MetricRegistriesImpl (MetricRegistriesImpl.java:addReporterRegistration(111)) - New reporters are added after registries were created. Some metrics will be missing from the reporter. Please add reporter before adding any new registry.
2023-09-19 02:05:10,613 [main] WARN  impl.MetricRegistriesImpl (MetricRegistriesImpl.java:addReporterRegistration(111)) - New reporters are added after registries were created. Some metrics will be missing from the reporter. Please add reporter before adding any new registry.
2023-09-19 02:05:10,613 [main] INFO  impl.MetricsSystemImpl (MetricsSystemImpl.java:init(158)) - HddsDatanode metrics system started (again)
2023-09-19 02:05:10,627 [IPC Server listener on 15081] INFO  ipc.Server (Server.java:run(1402)) - IPC Server listener on 15081: starting
2023-09-19 02:05:10,633 [main] INFO  ozone.HddsDatanodeService (HddsDatanodeService.java:start(237)) - HddsDatanodeService host:fv-az1031-92 ip:10.1.0.29
2023-09-19 02:05:10,634 [Datanode State Machine Task Thread - 0] INFO  datanode.InitDatanodeState (InitDatanodeState.java:persistContainerDatanodeDetails(138)) - DatanodeDetails is persisted to /home/runner/work/ozone/ozone/hadoop-ozone/integration-test/target/test-dir/MiniOzoneClusterImpl-5e324384-037a-4cb1-b856-3c07748222cd/datanode-2/meta/datanode.id
2023-09-19 02:05:10,652 [main] INFO  upgrade.AbstractLayoutVersionManager (AbstractLayoutVersionManager.java:init(83)) - Initializing Layout version manager with metadata layout = HADOOP_PRC_PORTS_IN_DATANODEDETAILS (version = 7), software layout = HADOOP_PRC_PORTS_IN_DATANODEDETAILS (version = 7)
2023-09-19 02:05:10,652 [main] INFO  statemachine.DatanodeStateMachine (DatanodeStateMachine.java:getEndPointTaskThreadPoolSize(284)) - Datanode State Machine Task Thread Pool size 2
2023-09-19 02:05:10,655 [main] INFO  volume.HddsVolume (HddsVolume.java:<init>(126)) - Creating HddsVolume: /home/runner/work/ozone/ozone/hadoop-ozone/integration-test/target/test-dir/MiniOzoneClusterImpl-5e324384-037a-4cb1-b856-3c07748222cd/datanode-3/data-0/containers/hdds of storage type : DISK capacity : 9223372036854775807
2023-09-19 02:05:10,656 [main] INFO  volume.MutableVolumeSet (MutableVolumeSet.java:initializeVolumeSet(173)) - Added Volume : /home/runner/work/ozone/ozone/hadoop-ozone/integration-test/target/test-dir/MiniOzoneClusterImpl-5e324384-037a-4cb1-b856-3c07748222cd/datanode-3/data-0/containers/hdds to VolumeSet
2023-09-19 02:05:10,657 [main] INFO  volume.MutableVolumeSet (MutableVolumeSet.java:initializeVolumeSet(173)) - Added Volume : /home/runner/work/ozone/ozone/hadoop-ozone/integration-test/target/test-dir/MiniOzoneClusterImpl-5e324384-037a-4cb1-b856-3c07748222cd/datanode-3/data/ratis to VolumeSet
2023-09-19 02:05:10,657 [Thread-816] INFO  ozoneimpl.ContainerReader (ContainerReader.java:readVolume(177)) - Finish verifying containers on volume /home/runner/work/ozone/ozone/hadoop-ozone/integration-test/target/test-dir/MiniOzoneClusterImpl-5e324384-037a-4cb1-b856-3c07748222cd/datanode-3/data-0/containers/hdds
2023-09-19 02:05:10,657 [main] INFO  ozoneimpl.OzoneContainer (OzoneContainer.java:buildContainerSet(314)) - Build ContainerSet costs 0s
2023-09-19 02:05:10,660 [main] INFO  server.RaftServer (ConfUtils.java:logGet(46)) - raft.rpc.type = GRPC (default)
2023-09-19 02:05:10,660 [main] INFO  grpc.GrpcConfigKeys (ConfUtils.java:logFallback(53)) - raft.grpc.admin.host = null (fallback to raft.grpc.server.host)
2023-09-19 02:05:10,660 [main] INFO  grpc.GrpcConfigKeys (ConfUtils.java:logGet(46)) - raft.grpc.admin.port = 15093 (custom)
2023-09-19 02:05:10,660 [main] INFO  grpc.GrpcConfigKeys (ConfUtils.java:logFallback(53)) - raft.grpc.client.host = null (fallback to raft.grpc.server.host)
2023-09-19 02:05:10,660 [main] INFO  grpc.GrpcConfigKeys (ConfUtils.java:logGet(46)) - raft.grpc.client.port = 15092 (custom)
2023-09-19 02:05:10,660 [main] INFO  grpc.GrpcConfigKeys (ConfUtils.java:logGet(46)) - raft.grpc.server.host = null (default)
2023-09-19 02:05:10,660 [main] INFO  grpc.GrpcConfigKeys (ConfUtils.java:logGet(46)) - raft.grpc.server.port = 15094 (custom)
2023-09-19 02:05:10,660 [main] INFO  server.GrpcService (ConfUtils.java:logGet(46)) - raft.grpc.message.size.max = 32MB (=33554432) (custom)
2023-09-19 02:05:10,661 [main] INFO  server.RaftServerConfigKeys (ConfUtils.java:logGet(46)) - raft.server.log.appender.buffer.byte-limit = 33554432 (custom)
2023-09-19 02:05:10,661 [main] INFO  server.GrpcService (ConfUtils.java:logGet(46)) - raft.grpc.flow.control.window = 5MB (=5242880) (custom)
2023-09-19 02:05:10,661 [main] INFO  server.RaftServerConfigKeys (ConfUtils.java:logGet(46)) - raft.server.rpc.request.timeout = 60s (custom)
2023-09-19 02:05:10,661 [main] INFO  grpc.GrpcConfigKeys (ConfUtils.java:logGet(46)) - raft.grpc.server.heartbeat.channel = true (default)
2023-09-19 02:05:10,661 [main] INFO  grpc.GrpcConfigKeys (ConfUtils.java:logGet(46)) - raft.grpc.server.async.request.thread.pool.cached = true (default)
2023-09-19 02:05:10,661 [main] INFO  grpc.GrpcConfigKeys (ConfUtils.java:logGet(46)) - raft.grpc.server.async.request.thread.pool.size = 32 (default)
2023-09-19 02:05:10,663 [main] INFO  impl.DataStreamServerImpl (ConfUtils.java:logGet(46)) - raft.datastream.type = NETTY (custom)
2023-09-19 02:05:10,664 [main] INFO  server.RaftServerConfigKeys (ConfUtils.java:logGet(46)) - raft.server.data-stream.async.request.thread.pool.cached = false (default)
2023-09-19 02:05:10,664 [main] INFO  server.RaftServerConfigKeys (ConfUtils.java:logGet(46)) - raft.server.data-stream.async.request.thread.pool.size = 20 (custom)
2023-09-19 02:05:10,664 [main] INFO  server.RaftServerConfigKeys (ConfUtils.java:logGet(46)) - raft.server.data-stream.async.write.thread.pool.size = 16 (default)
2023-09-19 02:05:10,664 [main] INFO  server.RaftServerConfigKeys (ConfUtils.java:logGet(46)) - raft.server.data-stream.client.pool.size = 10 (default)
2023-09-19 02:05:10,664 [main] INFO  netty.NettyConfigKeys$DataStream (ConfUtils.java:logGet(46)) - raft.netty.dataStream.server.use-epoll = false (default)
2023-09-19 02:05:10,664 [main] INFO  netty.NettyConfigKeys$DataStream (ConfUtils.java:logGet(46)) - raft.netty.dataStream.server.boss-group.size = 0 (default)
2023-09-19 02:05:10,665 [main] INFO  netty.NettyConfigKeys$DataStream (ConfUtils.java:logGet(46)) - raft.netty.dataStream.server.worker-group.size = 0 (default)
2023-09-19 02:05:10,665 [main] INFO  netty.NettyConfigKeys$DataStream (ConfUtils.java:logGet(46)) - raft.netty.dataStream.server.tls.conf = null (default)
2023-09-19 02:05:10,665 [main] INFO  netty.NettyConfigKeys$DataStream (ConfUtils.java:logGet(46)) - raft.netty.dataStream.host = null (default)
2023-09-19 02:05:10,665 [main] INFO  netty.NettyConfigKeys$DataStream (ConfUtils.java:logGet(46)) - raft.netty.dataStream.port = 15095 (custom)
2023-09-19 02:05:10,666 [main] INFO  server.RaftServerConfigKeys (ConfUtils.java:logGet(46)) - raft.server.threadpool.proxy.cached = true (default)
2023-09-19 02:05:10,666 [main] INFO  server.RaftServerConfigKeys (ConfUtils.java:logGet(46)) - raft.server.threadpool.proxy.size = 0 (default)
2023-09-19 02:05:10,666 [main] INFO  server.RaftServerConfigKeys (ConfUtils.java:logGet(46)) - raft.server.rpc.slowness.timeout = 300s (custom)
2023-09-19 02:05:10,666 [main] INFO  server.RaftServerConfigKeys (ConfUtils.java:logGet(46)) - raft.server.leaderelection.leader.step-down.wait-time = 10s (default)
2023-09-19 02:05:10,666 [main] INFO  server.RaftServerConfigKeys (ConfUtils.java:logGet(46)) - raft.server.storage.dir = [/home/runner/work/ozone/ozone/hadoop-ozone/integration-test/target/test-dir/MiniOzoneClusterImpl-5e324384-037a-4cb1-b856-3c07748222cd/datanode-3/data/ratis] (custom)
2023-09-19 02:05:10,671 [bcaae8f3-caee-42e8-b1a6-86ffb8b58650-NettyServerStreamRpc-bossGroup--thread1] INFO  logging.LoggingHandler (AbstractInternalLogger.java:log(148)) - [id: 0x7f2054f4] REGISTERED
2023-09-19 02:05:10,671 [bcaae8f3-caee-42e8-b1a6-86ffb8b58650-NettyServerStreamRpc-bossGroup--thread1] INFO  logging.LoggingHandler (AbstractInternalLogger.java:log(148)) - [id: 0x7f2054f4] BIND: 0.0.0.0/0.0.0.0:15095
2023-09-19 02:05:10,671 [bcaae8f3-caee-42e8-b1a6-86ffb8b58650-NettyServerStreamRpc-bossGroup--thread1] INFO  logging.LoggingHandler (AbstractInternalLogger.java:log(148)) - [id: 0x7f2054f4, L:/0:0:0:0:0:0:0:0:15095] ACTIVE
2023-09-19 02:05:10,672 [bcaae8f3-caee-42e8-b1a6-86ffb8b58650-impl-thread1] INFO  server.RaftServer (RaftServerProxy.java:initGroupDir(258)) - bcaae8f3-caee-42e8-b1a6-86ffb8b58650: found a subdirectory /home/runner/work/ozone/ozone/hadoop-ozone/integration-test/target/test-dir/MiniOzoneClusterImpl-5e324384-037a-4cb1-b856-3c07748222cd/datanode-3/data/ratis/tmp
2023-09-19 02:05:10,672 [bcaae8f3-caee-42e8-b1a6-86ffb8b58650-impl-thread1] INFO  server.RaftServer (RaftServerProxy.java:initGroupDir(263)) - bcaae8f3-caee-42e8-b1a6-86ffb8b58650: The directory /home/runner/work/ozone/ozone/hadoop-ozone/integration-test/target/test-dir/MiniOzoneClusterImpl-5e324384-037a-4cb1-b856-3c07748222cd/datanode-3/data/ratis/tmp is not a group directory; ignoring it. 
2023-09-19 02:05:10,673 [main] INFO  replication.ReplicationServer (ReplicationServer.java:<init>(83)) - Initializing replication server with thread count = 10 queue length = 4096
2023-09-19 02:05:10,674 [main] INFO  server.XceiverServerGrpc (XceiverServerGrpc.java:<init>(132)) - GrpcServer channel type EpollServerSocketChannel
2023-09-19 02:05:10,676 [main] INFO  replication.ReplicationSupervisor (ReplicationSupervisor.java:build(155)) - Initializing replication supervisor with thread count = 10
2023-09-19 02:05:10,676 [main] INFO  replication.ReplicationSupervisor (ReplicationSupervisor.java:nodeStateUpdated(307)) - Node state updated to IN_SERVICE, scaling executor pool size to 10
2023-09-19 02:05:10,678 [main] INFO  http.BaseHttpServer (BaseHttpServer.java:newHttpServer2BuilderForOzone(223)) - Starting Web-server for hddsDatanode at: http://0.0.0.0:15089
2023-09-19 02:05:10,679 [main] INFO  http.BaseHttpServer (BaseHttpServer.java:<init>(110)) - Hadoop Security Enabled: false Ozone Security Enabled: false Ozone HTTP Security Enabled: false 
2023-09-19 02:05:10,680 [main] WARN  server.AuthenticationFilter (AuthenticationFilter.java:constructSecretProvider(240)) - Unable to initialize FileSignerSecretProvider, falling back to use random secrets. Reason: Could not read signature secret file: /home/runner/hadoop-http-auth-signature-secret
2023-09-19 02:05:10,681 [main] INFO  http.HttpRequestLog (HttpRequestLog.java:getRequestLog(86)) - Http request log for http.requests.hddsDatanode is not defined
2023-09-19 02:05:10,682 [main] INFO  http.HttpServer2 (HttpServer2.java:addGlobalFilter(1031)) - Added global filter 'safety' (class=org.apache.hadoop.hdds.server.http.HttpServer2$QuotingInputFilter)
2023-09-19 02:05:10,682 [main] INFO  http.HttpServer2 (HttpServer2.java:addFilter(1007)) - Added filter static_user_filter (class=org.apache.hadoop.http.lib.StaticUserWebFilter$StaticUserFilter) to context hddsDatanode
2023-09-19 02:05:10,683 [main] INFO  http.HttpServer2 (HttpServer2.java:addFilter(1015)) - Added filter static_user_filter (class=org.apache.hadoop.http.lib.StaticUserWebFilter$StaticUserFilter) to context logs
2023-09-19 02:05:10,683 [main] INFO  http.HttpServer2 (HttpServer2.java:addFilter(1015)) - Added filter static_user_filter (class=org.apache.hadoop.http.lib.StaticUserWebFilter$StaticUserFilter) to context static
2023-09-19 02:05:10,683 [main] INFO  http.BaseHttpServer (BaseHttpServer.java:<init>(189)) - HTTP server of hddsDatanode uses base directory /home/runner/work/ozone/ozone/hadoop-ozone/integration-test/target/test-dir/MiniOzoneClusterImpl-5e324384-037a-4cb1-b856-3c07748222cd/datanode-3/meta/webserver
2023-09-19 02:05:10,684 [main] INFO  http.HttpServer2 (HttpServer2.java:bindListener(1231)) - Jetty bound to port 15089
2023-09-19 02:05:10,684 [main] INFO  server.Server (Server.java:doStart(375)) - jetty-9.4.52.v20230823; built: 2023-08-23T19:29:37.669Z; git: abdcda73818a1a2c705da276edb0bf6581e7997e; jvm 1.8.0_382-b05
2023-09-19 02:05:10,685 [main] INFO  server.session (DefaultSessionIdManager.java:doStart(334)) - DefaultSessionIdManager workerName=node0
2023-09-19 02:05:10,685 [main] INFO  server.session (DefaultSessionIdManager.java:doStart(339)) - No SessionScavenger set, using defaults
2023-09-19 02:05:10,685 [main] INFO  server.session (HouseKeeper.java:startScavenging(132)) - node0 Scavenging every 600000ms
2023-09-19 02:05:10,686 [main] INFO  handler.ContextHandler (ContextHandler.java:doStart(921)) - Started o.e.j.s.ServletContextHandler@2c67f6e{logs,/logs,file:///home/runner/work/ozone/ozone/hadoop-ozone/integration-test/target/log,AVAILABLE}
2023-09-19 02:05:10,686 [main] INFO  handler.ContextHandler (ContextHandler.java:doStart(921)) - Started o.e.j.s.ServletContextHandler@33e3a1a9{static,/static,jar:file:/home/runner/.m2/repository/org/apache/ozone/hdds-container-service/1.4.0-SNAPSHOT/hdds-container-service-1.4.0-SNAPSHOT.jar!/webapps/static,AVAILABLE}
2023-09-19 02:05:10,885 [main] INFO  handler.ContextHandler (ContextHandler.java:doStart(921)) - Started o.e.j.w.WebAppContext@6bfbd4ec{hddsDatanode,/,file:///home/runner/work/ozone/ozone/hadoop-ozone/integration-test/target/test-dir/MiniOzoneClusterImpl-5e324384-037a-4cb1-b856-3c07748222cd/datanode-3/meta/webserver/jetty-0_0_0_0-15089-hdds-container-service-1_4_0-SNAPSHOT_jar-_-any-5176242894444373976/webapp/,AVAILABLE}{jar:file:/home/runner/.m2/repository/org/apache/ozone/hdds-container-service/1.4.0-SNAPSHOT/hdds-container-service-1.4.0-SNAPSHOT.jar!/webapps/hddsDatanode}
2023-09-19 02:05:10,886 [main] INFO  server.AbstractConnector (AbstractConnector.java:doStart(333)) - Started ServerConnector@7a37901f{HTTP/1.1, (http/1.1)}{0.0.0.0:15089}
2023-09-19 02:05:10,887 [main] INFO  server.Server (Server.java:doStart(415)) - Started @91594ms
2023-09-19 02:05:10,887 [main] WARN  impl.MetricsSystemImpl (MetricsSystemImpl.java:register(279)) - Sink prometheus already exists!
2023-09-19 02:05:10,889 [main] INFO  http.BaseHttpServer (BaseHttpServer.java:updateConnectorAddress(354)) - HTTP server of hddsDatanode listening at http://0.0.0.0:15089
2023-09-19 02:05:10,890 [main] INFO  ipc.CallQueueManager (CallQueueManager.java:<init>(90)) - Using callQueue: class java.util.concurrent.LinkedBlockingQueue, queueCapacity: 100, scheduler: class org.apache.hadoop.ipc.DefaultRpcScheduler, ipcBackoff: false.
2023-09-19 02:05:10,890 [main] INFO  ipc.Server (Server.java:<init>(1287)) - Listener at 0.0.0.0:15090
2023-09-19 02:05:10,891 [Socket Reader #1 for port 15090] INFO  ipc.Server (Server.java:run(1323)) - Starting Socket Reader #1 for port 15090
2023-09-19 02:05:10,893 [main] INFO  ozone.HddsDatanodeService (HddsDatanodeService.java:start(315)) - Datanode start with admins: [runner]
2023-09-19 02:05:10,893 [main] INFO  ozone.HddsDatanodeClientProtocolServer (HddsDatanodeClientProtocolServer.java:start(72)) - RPC server for Client /0.0.0.0:15090
2023-09-19 02:05:10,893 [IPC Server Responder] INFO  ipc.Server (Server.java:run(1562)) - IPC Server Responder: starting
2023-09-19 02:05:10,893 [IPC Server listener on 15090] INFO  ipc.Server (Server.java:run(1402)) - IPC Server listener on 15090: starting
2023-09-19 02:05:10,894 [main] WARN  impl.MetricRegistriesImpl (MetricRegistriesImpl.java:addReporterRegistration(111)) - New reporters are added after registries were created. Some metrics will be missing from the reporter. Please add reporter before adding any new registry.
2023-09-19 02:05:10,894 [main] WARN  impl.MetricRegistriesImpl (MetricRegistriesImpl.java:addReporterRegistration(111)) - New reporters are added after registries were created. Some metrics will be missing from the reporter. Please add reporter before adding any new registry.
2023-09-19 02:05:10,894 [main] INFO  impl.MetricsSystemImpl (MetricsSystemImpl.java:init(158)) - HddsDatanode metrics system started (again)
2023-09-19 02:05:10,894 [Datanode State Machine Daemon Thread] INFO  statemachine.DatanodeStateMachine (DatanodeStateMachine.java:lambda$startDaemon$0(540)) - Ozone container server started.
2023-09-19 02:05:10,913 [Datanode State Machine Task Thread - 0] INFO  datanode.InitDatanodeState (InitDatanodeState.java:persistContainerDatanodeDetails(138)) - DatanodeDetails is persisted to /home/runner/work/ozone/ozone/hadoop-ozone/integration-test/target/test-dir/MiniOzoneClusterImpl-5e324384-037a-4cb1-b856-3c07748222cd/datanode-3/meta/datanode.id
2023-09-19 02:05:10,916 [main] INFO  ozone.HddsDatanodeService (HddsDatanodeService.java:start(237)) - HddsDatanodeService host:fv-az1031-92 ip:10.1.0.29
2023-09-19 02:05:10,939 [main] INFO  upgrade.AbstractLayoutVersionManager (AbstractLayoutVersionManager.java:init(83)) - Initializing Layout version manager with metadata layout = HADOOP_PRC_PORTS_IN_DATANODEDETAILS (version = 7), software layout = HADOOP_PRC_PORTS_IN_DATANODEDETAILS (version = 7)
2023-09-19 02:05:10,939 [main] INFO  statemachine.DatanodeStateMachine (DatanodeStateMachine.java:getEndPointTaskThreadPoolSize(284)) - Datanode State Machine Task Thread Pool size 2
2023-09-19 02:05:10,944 [main] INFO  volume.HddsVolume (HddsVolume.java:<init>(126)) - Creating HddsVolume: /home/runner/work/ozone/ozone/hadoop-ozone/integration-test/target/test-dir/MiniOzoneClusterImpl-5e324384-037a-4cb1-b856-3c07748222cd/datanode-4/data-0/containers/hdds of storage type : DISK capacity : 9223372036854775807
2023-09-19 02:05:10,944 [main] INFO  volume.MutableVolumeSet (MutableVolumeSet.java:initializeVolumeSet(173)) - Added Volume : /home/runner/work/ozone/ozone/hadoop-ozone/integration-test/target/test-dir/MiniOzoneClusterImpl-5e324384-037a-4cb1-b856-3c07748222cd/datanode-4/data-0/containers/hdds to VolumeSet
2023-09-19 02:05:10,945 [main] INFO  volume.MutableVolumeSet (MutableVolumeSet.java:initializeVolumeSet(173)) - Added Volume : /home/runner/work/ozone/ozone/hadoop-ozone/integration-test/target/test-dir/MiniOzoneClusterImpl-5e324384-037a-4cb1-b856-3c07748222cd/datanode-4/data/ratis to VolumeSet
2023-09-19 02:05:10,945 [Thread-833] INFO  ozoneimpl.ContainerReader (ContainerReader.java:readVolume(177)) - Finish verifying containers on volume /home/runner/work/ozone/ozone/hadoop-ozone/integration-test/target/test-dir/MiniOzoneClusterImpl-5e324384-037a-4cb1-b856-3c07748222cd/datanode-4/data-0/containers/hdds
2023-09-19 02:05:10,945 [main] INFO  ozoneimpl.OzoneContainer (OzoneContainer.java:buildContainerSet(314)) - Build ContainerSet costs 0s
2023-09-19 02:05:10,947 [main] INFO  server.RaftServer (ConfUtils.java:logGet(46)) - raft.rpc.type = GRPC (default)
2023-09-19 02:05:10,948 [main] INFO  grpc.GrpcConfigKeys (ConfUtils.java:logFallback(53)) - raft.grpc.admin.host = null (fallback to raft.grpc.server.host)
2023-09-19 02:05:10,948 [main] INFO  grpc.GrpcConfigKeys (ConfUtils.java:logGet(46)) - raft.grpc.admin.port = 15102 (custom)
2023-09-19 02:05:10,948 [main] INFO  grpc.GrpcConfigKeys (ConfUtils.java:logFallback(53)) - raft.grpc.client.host = null (fallback to raft.grpc.server.host)
2023-09-19 02:05:10,948 [main] INFO  grpc.GrpcConfigKeys (ConfUtils.java:logGet(46)) - raft.grpc.client.port = 15101 (custom)
2023-09-19 02:05:10,948 [main] INFO  grpc.GrpcConfigKeys (ConfUtils.java:logGet(46)) - raft.grpc.server.host = null (default)
2023-09-19 02:05:10,948 [main] INFO  grpc.GrpcConfigKeys (ConfUtils.java:logGet(46)) - raft.grpc.server.port = 15103 (custom)
2023-09-19 02:05:10,948 [main] INFO  server.GrpcService (ConfUtils.java:logGet(46)) - raft.grpc.message.size.max = 32MB (=33554432) (custom)
2023-09-19 02:05:10,948 [main] INFO  server.RaftServerConfigKeys (ConfUtils.java:logGet(46)) - raft.server.log.appender.buffer.byte-limit = 33554432 (custom)
2023-09-19 02:05:10,948 [main] INFO  server.GrpcService (ConfUtils.java:logGet(46)) - raft.grpc.flow.control.window = 5MB (=5242880) (custom)
2023-09-19 02:05:10,948 [main] INFO  server.RaftServerConfigKeys (ConfUtils.java:logGet(46)) - raft.server.rpc.request.timeout = 60s (custom)
2023-09-19 02:05:10,949 [main] INFO  grpc.GrpcConfigKeys (ConfUtils.java:logGet(46)) - raft.grpc.server.heartbeat.channel = true (default)
2023-09-19 02:05:10,949 [main] INFO  grpc.GrpcConfigKeys (ConfUtils.java:logGet(46)) - raft.grpc.server.async.request.thread.pool.cached = true (default)
2023-09-19 02:05:10,949 [main] INFO  grpc.GrpcConfigKeys (ConfUtils.java:logGet(46)) - raft.grpc.server.async.request.thread.pool.size = 32 (default)
2023-09-19 02:05:10,951 [main] INFO  impl.DataStreamServerImpl (ConfUtils.java:logGet(46)) - raft.datastream.type = NETTY (custom)
2023-09-19 02:05:10,951 [main] INFO  server.RaftServerConfigKeys (ConfUtils.java:logGet(46)) - raft.server.data-stream.async.request.thread.pool.cached = false (default)
2023-09-19 02:05:10,951 [main] INFO  server.RaftServerConfigKeys (ConfUtils.java:logGet(46)) - raft.server.data-stream.async.request.thread.pool.size = 20 (custom)
2023-09-19 02:05:10,952 [main] INFO  server.RaftServerConfigKeys (ConfUtils.java:logGet(46)) - raft.server.data-stream.async.write.thread.pool.size = 16 (default)
2023-09-19 02:05:10,952 [main] INFO  server.RaftServerConfigKeys (ConfUtils.java:logGet(46)) - raft.server.data-stream.client.pool.size = 10 (default)
2023-09-19 02:05:10,952 [main] INFO  netty.NettyConfigKeys$DataStream (ConfUtils.java:logGet(46)) - raft.netty.dataStream.server.use-epoll = false (default)
2023-09-19 02:05:10,952 [main] INFO  netty.NettyConfigKeys$DataStream (ConfUtils.java:logGet(46)) - raft.netty.dataStream.server.boss-group.size = 0 (default)
2023-09-19 02:05:10,954 [main] INFO  netty.NettyConfigKeys$DataStream (ConfUtils.java:logGet(46)) - raft.netty.dataStream.server.worker-group.size = 0 (default)
2023-09-19 02:05:10,954 [main] INFO  netty.NettyConfigKeys$DataStream (ConfUtils.java:logGet(46)) - raft.netty.dataStream.server.tls.conf = null (default)
2023-09-19 02:05:10,954 [main] INFO  netty.NettyConfigKeys$DataStream (ConfUtils.java:logGet(46)) - raft.netty.dataStream.host = null (default)
2023-09-19 02:05:10,954 [main] INFO  netty.NettyConfigKeys$DataStream (ConfUtils.java:logGet(46)) - raft.netty.dataStream.port = 15104 (custom)
2023-09-19 02:05:10,959 [main] INFO  server.RaftServerConfigKeys (ConfUtils.java:logGet(46)) - raft.server.threadpool.proxy.cached = true (default)
2023-09-19 02:05:10,960 [main] INFO  server.RaftServerConfigKeys (ConfUtils.java:logGet(46)) - raft.server.threadpool.proxy.size = 0 (default)
2023-09-19 02:05:10,960 [61d89387-692e-45ac-a655-71929b77bbaf-NettyServerStreamRpc-bossGroup--thread1] INFO  logging.LoggingHandler (AbstractInternalLogger.java:log(148)) - [id: 0x75ee0a6a] REGISTERED
2023-09-19 02:05:10,960 [main] INFO  server.RaftServerConfigKeys (ConfUtils.java:logGet(46)) - raft.server.rpc.slowness.timeout = 300s (custom)
2023-09-19 02:05:10,962 [main] INFO  server.RaftServerConfigKeys (ConfUtils.java:logGet(46)) - raft.server.leaderelection.leader.step-down.wait-time = 10s (default)
2023-09-19 02:05:10,962 [main] INFO  server.RaftServerConfigKeys (ConfUtils.java:logGet(46)) - raft.server.storage.dir = [/home/runner/work/ozone/ozone/hadoop-ozone/integration-test/target/test-dir/MiniOzoneClusterImpl-5e324384-037a-4cb1-b856-3c07748222cd/datanode-4/data/ratis] (custom)
2023-09-19 02:05:10,961 [61d89387-692e-45ac-a655-71929b77bbaf-NettyServerStreamRpc-bossGroup--thread1] INFO  logging.LoggingHandler (AbstractInternalLogger.java:log(148)) - [id: 0x75ee0a6a] BIND: 0.0.0.0/0.0.0.0:15104
2023-09-19 02:05:10,963 [61d89387-692e-45ac-a655-71929b77bbaf-NettyServerStreamRpc-bossGroup--thread1] INFO  logging.LoggingHandler (AbstractInternalLogger.java:log(148)) - [id: 0x75ee0a6a, L:/0:0:0:0:0:0:0:0:15104] ACTIVE
2023-09-19 02:05:10,965 [61d89387-692e-45ac-a655-71929b77bbaf-impl-thread1] INFO  server.RaftServer (RaftServerProxy.java:initGroupDir(258)) - 61d89387-692e-45ac-a655-71929b77bbaf: found a subdirectory /home/runner/work/ozone/ozone/hadoop-ozone/integration-test/target/test-dir/MiniOzoneClusterImpl-5e324384-037a-4cb1-b856-3c07748222cd/datanode-4/data/ratis/tmp
2023-09-19 02:05:10,966 [61d89387-692e-45ac-a655-71929b77bbaf-impl-thread1] INFO  server.RaftServer (RaftServerProxy.java:initGroupDir(263)) - 61d89387-692e-45ac-a655-71929b77bbaf: The directory /home/runner/work/ozone/ozone/hadoop-ozone/integration-test/target/test-dir/MiniOzoneClusterImpl-5e324384-037a-4cb1-b856-3c07748222cd/datanode-4/data/ratis/tmp is not a group directory; ignoring it. 
2023-09-19 02:05:10,966 [main] INFO  replication.ReplicationServer (ReplicationServer.java:<init>(83)) - Initializing replication server with thread count = 10 queue length = 4096
2023-09-19 02:05:10,967 [main] INFO  server.XceiverServerGrpc (XceiverServerGrpc.java:<init>(132)) - GrpcServer channel type EpollServerSocketChannel
2023-09-19 02:05:10,973 [main] INFO  replication.ReplicationSupervisor (ReplicationSupervisor.java:build(155)) - Initializing replication supervisor with thread count = 10
2023-09-19 02:05:10,973 [main] INFO  replication.ReplicationSupervisor (ReplicationSupervisor.java:nodeStateUpdated(307)) - Node state updated to IN_SERVICE, scaling executor pool size to 10
2023-09-19 02:05:10,975 [main] INFO  http.BaseHttpServer (BaseHttpServer.java:newHttpServer2BuilderForOzone(223)) - Starting Web-server for hddsDatanode at: http://0.0.0.0:15098
2023-09-19 02:05:10,975 [main] INFO  http.BaseHttpServer (BaseHttpServer.java:<init>(110)) - Hadoop Security Enabled: false Ozone Security Enabled: false Ozone HTTP Security Enabled: false 
2023-09-19 02:05:10,977 [main] WARN  server.AuthenticationFilter (AuthenticationFilter.java:constructSecretProvider(240)) - Unable to initialize FileSignerSecretProvider, falling back to use random secrets. Reason: Could not read signature secret file: /home/runner/hadoop-http-auth-signature-secret
2023-09-19 02:05:10,978 [main] INFO  http.HttpRequestLog (HttpRequestLog.java:getRequestLog(86)) - Http request log for http.requests.hddsDatanode is not defined
2023-09-19 02:05:10,979 [main] INFO  http.HttpServer2 (HttpServer2.java:addGlobalFilter(1031)) - Added global filter 'safety' (class=org.apache.hadoop.hdds.server.http.HttpServer2$QuotingInputFilter)
2023-09-19 02:05:10,979 [main] INFO  http.HttpServer2 (HttpServer2.java:addFilter(1007)) - Added filter static_user_filter (class=org.apache.hadoop.http.lib.StaticUserWebFilter$StaticUserFilter) to context hddsDatanode
2023-09-19 02:05:10,980 [main] INFO  http.HttpServer2 (HttpServer2.java:addFilter(1015)) - Added filter static_user_filter (class=org.apache.hadoop.http.lib.StaticUserWebFilter$StaticUserFilter) to context static
2023-09-19 02:05:10,980 [main] INFO  http.HttpServer2 (HttpServer2.java:addFilter(1015)) - Added filter static_user_filter (class=org.apache.hadoop.http.lib.StaticUserWebFilter$StaticUserFilter) to context logs
2023-09-19 02:05:10,980 [main] INFO  http.BaseHttpServer (BaseHttpServer.java:<init>(189)) - HTTP server of hddsDatanode uses base directory /home/runner/work/ozone/ozone/hadoop-ozone/integration-test/target/test-dir/MiniOzoneClusterImpl-5e324384-037a-4cb1-b856-3c07748222cd/datanode-4/meta/webserver
2023-09-19 02:05:10,980 [main] INFO  http.HttpServer2 (HttpServer2.java:bindListener(1231)) - Jetty bound to port 15098
2023-09-19 02:05:10,980 [main] INFO  server.Server (Server.java:doStart(375)) - jetty-9.4.52.v20230823; built: 2023-08-23T19:29:37.669Z; git: abdcda73818a1a2c705da276edb0bf6581e7997e; jvm 1.8.0_382-b05
2023-09-19 02:05:10,983 [main] INFO  server.session (DefaultSessionIdManager.java:doStart(334)) - DefaultSessionIdManager workerName=node0
2023-09-19 02:05:10,983 [main] INFO  server.session (DefaultSessionIdManager.java:doStart(339)) - No SessionScavenger set, using defaults
2023-09-19 02:05:10,983 [main] INFO  server.session (HouseKeeper.java:startScavenging(132)) - node0 Scavenging every 600000ms
2023-09-19 02:05:10,984 [main] INFO  handler.ContextHandler (ContextHandler.java:doStart(921)) - Started o.e.j.s.ServletContextHandler@286dce89{logs,/logs,file:///home/runner/work/ozone/ozone/hadoop-ozone/integration-test/target/log,AVAILABLE}
2023-09-19 02:05:10,984 [main] INFO  handler.ContextHandler (ContextHandler.java:doStart(921)) - Started o.e.j.s.ServletContextHandler@8fb1ae9{static,/static,jar:file:/home/runner/.m2/repository/org/apache/ozone/hdds-container-service/1.4.0-SNAPSHOT/hdds-container-service-1.4.0-SNAPSHOT.jar!/webapps/static,AVAILABLE}
2023-09-19 02:05:11,181 [main] INFO  handler.ContextHandler (ContextHandler.java:doStart(921)) - Started o.e.j.w.WebAppContext@1e6d5efa{hddsDatanode,/,file:///home/runner/work/ozone/ozone/hadoop-ozone/integration-test/target/test-dir/MiniOzoneClusterImpl-5e324384-037a-4cb1-b856-3c07748222cd/datanode-4/meta/webserver/jetty-0_0_0_0-15098-hdds-container-service-1_4_0-SNAPSHOT_jar-_-any-8855353024545708161/webapp/,AVAILABLE}{jar:file:/home/runner/.m2/repository/org/apache/ozone/hdds-container-service/1.4.0-SNAPSHOT/hdds-container-service-1.4.0-SNAPSHOT.jar!/webapps/hddsDatanode}
2023-09-19 02:05:11,183 [main] INFO  server.AbstractConnector (AbstractConnector.java:doStart(333)) - Started ServerConnector@7ba24428{HTTP/1.1, (http/1.1)}{0.0.0.0:15098}
2023-09-19 02:05:11,184 [main] INFO  server.Server (Server.java:doStart(415)) - Started @91890ms
2023-09-19 02:05:11,184 [main] WARN  impl.MetricsSystemImpl (MetricsSystemImpl.java:register(279)) - Sink prometheus already exists!
2023-09-19 02:05:11,184 [main] INFO  http.BaseHttpServer (BaseHttpServer.java:updateConnectorAddress(354)) - HTTP server of hddsDatanode listening at http://0.0.0.0:15098
2023-09-19 02:05:11,185 [main] INFO  ipc.CallQueueManager (CallQueueManager.java:<init>(90)) - Using callQueue: class java.util.concurrent.LinkedBlockingQueue, queueCapacity: 100, scheduler: class org.apache.hadoop.ipc.DefaultRpcScheduler, ipcBackoff: false.
2023-09-19 02:05:11,185 [main] INFO  ipc.Server (Server.java:<init>(1287)) - Listener at 0.0.0.0:15099
2023-09-19 02:05:11,185 [Socket Reader #1 for port 15099] INFO  ipc.Server (Server.java:run(1323)) - Starting Socket Reader #1 for port 15099
2023-09-19 02:05:11,192 [main] INFO  ozone.HddsDatanodeService (HddsDatanodeService.java:start(315)) - Datanode start with admins: [runner]
2023-09-19 02:05:11,192 [main] INFO  ozone.HddsDatanodeClientProtocolServer (HddsDatanodeClientProtocolServer.java:start(72)) - RPC server for Client /0.0.0.0:15099
2023-09-19 02:05:11,192 [IPC Server Responder] INFO  ipc.Server (Server.java:run(1562)) - IPC Server Responder: starting
2023-09-19 02:05:11,195 [IPC Server listener on 15099] INFO  ipc.Server (Server.java:run(1402)) - IPC Server listener on 15099: starting
2023-09-19 02:05:11,195 [main] INFO  ozone.MiniOzoneClusterImpl (MiniOzoneClusterImpl.java:lambda$waitForClusterToBeReady$0(224)) - Waiting for nodes to be ready. Got 0 of 5 DN Heartbeats.
2023-09-19 02:05:11,195 [main] INFO  ozone.MiniOzoneClusterImpl (MiniOzoneClusterImpl.java:lambda$waitForClusterToBeReady$0(227)) - Waiting for cluster to exit safe mode
2023-09-19 02:05:11,195 [main] INFO  ozone.MiniOzoneClusterImpl (MiniOzoneClusterImpl.java:lambda$waitForClusterToBeReady$0(229)) - SCM became leader
2023-09-19 02:05:11,200 [Datanode State Machine Daemon Thread] INFO  statemachine.DatanodeStateMachine (DatanodeStateMachine.java:lambda$startDaemon$0(540)) - Ozone container server started.
2023-09-19 02:05:11,206 [Datanode State Machine Task Thread - 0] INFO  datanode.InitDatanodeState (InitDatanodeState.java:persistContainerDatanodeDetails(138)) - DatanodeDetails is persisted to /home/runner/work/ozone/ozone/hadoop-ozone/integration-test/target/test-dir/MiniOzoneClusterImpl-5e324384-037a-4cb1-b856-3c07748222cd/datanode-4/meta/datanode.id
2023-09-19 02:05:12,071 [EndpointStateMachine task thread for /0.0.0.0:15055 - 0 ] INFO  utils.DatanodeStoreCache (DatanodeStoreCache.java:addDB(66)) - Added db /home/runner/work/ozone/ozone/hadoop-ozone/integration-test/target/test-dir/MiniOzoneClusterImpl-5e324384-037a-4cb1-b856-3c07748222cd/datanode-0/data-0/containers/hdds/5e324384-037a-4cb1-b856-3c07748222cd/DS-206735e8-a14c-45cd-809e-8dde02e7d1d1/container.db to cache
2023-09-19 02:05:12,073 [EndpointStateMachine task thread for /0.0.0.0:15055 - 0 ] INFO  volume.HddsVolume (HddsVolume.java:createDbStore(422)) - SchemaV3 db is created and loaded at /home/runner/work/ozone/ozone/hadoop-ozone/integration-test/target/test-dir/MiniOzoneClusterImpl-5e324384-037a-4cb1-b856-3c07748222cd/datanode-0/data-0/containers/hdds/5e324384-037a-4cb1-b856-3c07748222cd/DS-206735e8-a14c-45cd-809e-8dde02e7d1d1/container.db for volume DS-206735e8-a14c-45cd-809e-8dde02e7d1d1
2023-09-19 02:05:12,074 [EndpointStateMachine task thread for /0.0.0.0:15055 - 0 ] INFO  volume.ThrottledAsyncChecker (ThrottledAsyncChecker.java:schedule(141)) - Scheduling a check for /home/runner/work/ozone/ozone/hadoop-ozone/integration-test/target/test-dir/MiniOzoneClusterImpl-5e324384-037a-4cb1-b856-3c07748222cd/datanode-0/data-0/containers/hdds
2023-09-19 02:05:12,075 [EndpointStateMachine task thread for /0.0.0.0:15055 - 0 ] INFO  volume.StorageVolumeChecker (StorageVolumeChecker.java:checkAllVolumes(213)) - Scheduled health check for volume /home/runner/work/ozone/ozone/hadoop-ozone/integration-test/target/test-dir/MiniOzoneClusterImpl-5e324384-037a-4cb1-b856-3c07748222cd/datanode-0/data-0/containers/hdds
2023-09-19 02:05:12,077 [EndpointStateMachine task thread for /0.0.0.0:15055 - 0 ] INFO  volume.ThrottledAsyncChecker (ThrottledAsyncChecker.java:schedule(141)) - Scheduling a check for /home/runner/work/ozone/ozone/hadoop-ozone/integration-test/target/test-dir/MiniOzoneClusterImpl-5e324384-037a-4cb1-b856-3c07748222cd/datanode-0/data/ratis
2023-09-19 02:05:12,077 [EndpointStateMachine task thread for /0.0.0.0:15055 - 0 ] INFO  volume.StorageVolumeChecker (StorageVolumeChecker.java:checkAllVolumes(213)) - Scheduled health check for volume /home/runner/work/ozone/ozone/hadoop-ozone/integration-test/target/test-dir/MiniOzoneClusterImpl-5e324384-037a-4cb1-b856-3c07748222cd/datanode-0/data/ratis
2023-09-19 02:05:12,078 [EndpointStateMachine task thread for /0.0.0.0:15055 - 0 ] INFO  ozoneimpl.OzoneContainer (OzoneContainer.java:start(429)) - Attempting to start container services.
2023-09-19 02:05:12,078 [EndpointStateMachine task thread for /0.0.0.0:15055 - 0 ] INFO  ozoneimpl.OzoneContainer (OzoneContainer.java:startContainerScrub(325)) - Scheduled background container scanners and the on-demand container scanner have been disabled.
2023-09-19 02:05:12,080 [EndpointStateMachine task thread for /0.0.0.0:15055 - 0 ] INFO  replication.ReplicationServer (ReplicationServer.java:start(134)) - ReplicationServer is started using port 15069
2023-09-19 02:05:12,080 [EndpointStateMachine task thread for /0.0.0.0:15055 - 0 ] INFO  ratis.XceiverServerRatis (XceiverServerRatis.java:start(517)) - Starting XceiverServerRatis e39e4681-7919-4d3b-868d-83d4ef0f5b6f
2023-09-19 02:05:12,080 [EndpointStateMachine task thread for /0.0.0.0:15055 - 0 ] INFO  server.RaftServer (RaftServerProxy.java:startImpl(400)) - e39e4681-7919-4d3b-868d-83d4ef0f5b6f: start RPC server
2023-09-19 02:05:12,082 [EndpointStateMachine task thread for /0.0.0.0:15055 - 0 ] INFO  server.GrpcService (GrpcService.java:startImpl(302)) - e39e4681-7919-4d3b-868d-83d4ef0f5b6f: GrpcService started, listening on 15065
2023-09-19 02:05:12,082 [EndpointStateMachine task thread for /0.0.0.0:15055 - 0 ] INFO  server.GrpcService (GrpcService.java:startImpl(302)) - e39e4681-7919-4d3b-868d-83d4ef0f5b6f: GrpcService started, listening on 15067
2023-09-19 02:05:12,083 [EndpointStateMachine task thread for /0.0.0.0:15055 - 0 ] INFO  server.GrpcService (GrpcService.java:startImpl(302)) - e39e4681-7919-4d3b-868d-83d4ef0f5b6f: GrpcService started, listening on 15066
2023-09-19 02:05:12,084 [EndpointStateMachine task thread for /0.0.0.0:15055 - 0 ] INFO  ratis.XceiverServerRatis (XceiverServerRatis.java:getRealPort(543)) - XceiverServerRatis e39e4681-7919-4d3b-868d-83d4ef0f5b6f is started using port 15065 for RATIS
2023-09-19 02:05:12,084 [EndpointStateMachine task thread for /0.0.0.0:15055 - 0 ] INFO  ratis.XceiverServerRatis (XceiverServerRatis.java:getRealPort(543)) - XceiverServerRatis e39e4681-7919-4d3b-868d-83d4ef0f5b6f is started using port 15066 for RATIS_ADMIN
2023-09-19 02:05:12,084 [EndpointStateMachine task thread for /0.0.0.0:15055 - 0 ] INFO  ratis.XceiverServerRatis (XceiverServerRatis.java:getRealPort(543)) - XceiverServerRatis e39e4681-7919-4d3b-868d-83d4ef0f5b6f is started using port 15067 for RATIS_SERVER
2023-09-19 02:05:12,084 [EndpointStateMachine task thread for /0.0.0.0:15055 - 0 ] INFO  ratis.XceiverServerRatis (XceiverServerRatis.java:getRealPort(543)) - XceiverServerRatis e39e4681-7919-4d3b-868d-83d4ef0f5b6f is started using port 15068 for RATIS_DATASTREAM
2023-09-19 02:05:12,084 [JvmPauseMonitor9] INFO  util.JvmPauseMonitor (JvmPauseMonitor.java:run(103)) - JvmPauseMonitor-e39e4681-7919-4d3b-868d-83d4ef0f5b6f: Started
2023-09-19 02:05:12,092 [BlockDeletingService#0] INFO  interfaces.ContainerDeletionChoosingPolicyTemplate (ContainerDeletionChoosingPolicyTemplate.java:chooseContainerForBlockDeletion(85)) - Chosen 0/5000 blocks from 0 candidate containers.
2023-09-19 02:05:12,196 [main] INFO  ozone.MiniOzoneClusterImpl (MiniOzoneClusterImpl.java:lambda$waitForClusterToBeReady$0(224)) - Waiting for nodes to be ready. Got 0 of 5 DN Heartbeats.
2023-09-19 02:05:12,196 [main] INFO  ozone.MiniOzoneClusterImpl (MiniOzoneClusterImpl.java:lambda$waitForClusterToBeReady$0(227)) - Waiting for cluster to exit safe mode
2023-09-19 02:05:12,196 [main] INFO  ozone.MiniOzoneClusterImpl (MiniOzoneClusterImpl.java:lambda$waitForClusterToBeReady$0(229)) - SCM became leader
2023-09-19 02:05:12,395 [EndpointStateMachine task thread for /0.0.0.0:15055 - 0 ] INFO  utils.DatanodeStoreCache (DatanodeStoreCache.java:addDB(66)) - Added db /home/runner/work/ozone/ozone/hadoop-ozone/integration-test/target/test-dir/MiniOzoneClusterImpl-5e324384-037a-4cb1-b856-3c07748222cd/datanode-1/data-0/containers/hdds/5e324384-037a-4cb1-b856-3c07748222cd/DS-3b29dc01-3225-4da4-be46-61506f3e74c7/container.db to cache
2023-09-19 02:05:12,395 [EndpointStateMachine task thread for /0.0.0.0:15055 - 0 ] INFO  volume.HddsVolume (HddsVolume.java:createDbStore(422)) - SchemaV3 db is created and loaded at /home/runner/work/ozone/ozone/hadoop-ozone/integration-test/target/test-dir/MiniOzoneClusterImpl-5e324384-037a-4cb1-b856-3c07748222cd/datanode-1/data-0/containers/hdds/5e324384-037a-4cb1-b856-3c07748222cd/DS-3b29dc01-3225-4da4-be46-61506f3e74c7/container.db for volume DS-3b29dc01-3225-4da4-be46-61506f3e74c7
2023-09-19 02:05:12,396 [EndpointStateMachine task thread for /0.0.0.0:15055 - 0 ] INFO  volume.ThrottledAsyncChecker (ThrottledAsyncChecker.java:schedule(141)) - Scheduling a check for /home/runner/work/ozone/ozone/hadoop-ozone/integration-test/target/test-dir/MiniOzoneClusterImpl-5e324384-037a-4cb1-b856-3c07748222cd/datanode-1/data-0/containers/hdds
2023-09-19 02:05:12,396 [EndpointStateMachine task thread for /0.0.0.0:15055 - 0 ] INFO  volume.StorageVolumeChecker (StorageVolumeChecker.java:checkAllVolumes(213)) - Scheduled health check for volume /home/runner/work/ozone/ozone/hadoop-ozone/integration-test/target/test-dir/MiniOzoneClusterImpl-5e324384-037a-4cb1-b856-3c07748222cd/datanode-1/data-0/containers/hdds
2023-09-19 02:05:12,400 [EndpointStateMachine task thread for /0.0.0.0:15055 - 0 ] INFO  volume.ThrottledAsyncChecker (ThrottledAsyncChecker.java:schedule(141)) - Scheduling a check for /home/runner/work/ozone/ozone/hadoop-ozone/integration-test/target/test-dir/MiniOzoneClusterImpl-5e324384-037a-4cb1-b856-3c07748222cd/datanode-1/data/ratis
2023-09-19 02:05:12,401 [EndpointStateMachine task thread for /0.0.0.0:15055 - 0 ] INFO  volume.StorageVolumeChecker (StorageVolumeChecker.java:checkAllVolumes(213)) - Scheduled health check for volume /home/runner/work/ozone/ozone/hadoop-ozone/integration-test/target/test-dir/MiniOzoneClusterImpl-5e324384-037a-4cb1-b856-3c07748222cd/datanode-1/data/ratis
2023-09-19 02:05:12,401 [EndpointStateMachine task thread for /0.0.0.0:15055 - 0 ] INFO  ozoneimpl.OzoneContainer (OzoneContainer.java:start(429)) - Attempting to start container services.
2023-09-19 02:05:12,402 [EndpointStateMachine task thread for /0.0.0.0:15055 - 0 ] INFO  ozoneimpl.OzoneContainer (OzoneContainer.java:startContainerScrub(325)) - Scheduled background container scanners and the on-demand container scanner have been disabled.
2023-09-19 02:05:12,403 [EndpointStateMachine task thread for /0.0.0.0:15055 - 0 ] INFO  replication.ReplicationServer (ReplicationServer.java:start(134)) - ReplicationServer is started using port 15078
2023-09-19 02:05:12,403 [EndpointStateMachine task thread for /0.0.0.0:15055 - 0 ] INFO  ratis.XceiverServerRatis (XceiverServerRatis.java:start(517)) - Starting XceiverServerRatis 5eadcd64-1d4b-44b8-a1e5-0066e95eb1a1
2023-09-19 02:05:12,410 [EndpointStateMachine task thread for /0.0.0.0:15055 - 0 ] INFO  server.RaftServer (RaftServerProxy.java:startImpl(400)) - 5eadcd64-1d4b-44b8-a1e5-0066e95eb1a1: start RPC server
2023-09-19 02:05:12,411 [EndpointStateMachine task thread for /0.0.0.0:15055 - 0 ] INFO  server.GrpcService (GrpcService.java:startImpl(302)) - 5eadcd64-1d4b-44b8-a1e5-0066e95eb1a1: GrpcService started, listening on 15074
2023-09-19 02:05:12,412 [EndpointStateMachine task thread for /0.0.0.0:15055 - 0 ] INFO  server.GrpcService (GrpcService.java:startImpl(302)) - 5eadcd64-1d4b-44b8-a1e5-0066e95eb1a1: GrpcService started, listening on 15076
2023-09-19 02:05:12,413 [EndpointStateMachine task thread for /0.0.0.0:15055 - 0 ] INFO  server.GrpcService (GrpcService.java:startImpl(302)) - 5eadcd64-1d4b-44b8-a1e5-0066e95eb1a1: GrpcService started, listening on 15075
2023-09-19 02:05:12,413 [EndpointStateMachine task thread for /0.0.0.0:15055 - 0 ] INFO  ratis.XceiverServerRatis (XceiverServerRatis.java:getRealPort(543)) - XceiverServerRatis 5eadcd64-1d4b-44b8-a1e5-0066e95eb1a1 is started using port 15074 for RATIS
2023-09-19 02:05:12,413 [EndpointStateMachine task thread for /0.0.0.0:15055 - 0 ] INFO  ratis.XceiverServerRatis (XceiverServerRatis.java:getRealPort(543)) - XceiverServerRatis 5eadcd64-1d4b-44b8-a1e5-0066e95eb1a1 is started using port 15075 for RATIS_ADMIN
2023-09-19 02:05:12,413 [JvmPauseMonitor10] INFO  util.JvmPauseMonitor (JvmPauseMonitor.java:run(103)) - JvmPauseMonitor-5eadcd64-1d4b-44b8-a1e5-0066e95eb1a1: Started
2023-09-19 02:05:12,413 [EndpointStateMachine task thread for /0.0.0.0:15055 - 0 ] INFO  ratis.XceiverServerRatis (XceiverServerRatis.java:getRealPort(543)) - XceiverServerRatis 5eadcd64-1d4b-44b8-a1e5-0066e95eb1a1 is started using port 15076 for RATIS_SERVER
2023-09-19 02:05:12,413 [EndpointStateMachine task thread for /0.0.0.0:15055 - 0 ] INFO  ratis.XceiverServerRatis (XceiverServerRatis.java:getRealPort(543)) - XceiverServerRatis 5eadcd64-1d4b-44b8-a1e5-0066e95eb1a1 is started using port 15077 for RATIS_DATASTREAM
2023-09-19 02:05:12,416 [BlockDeletingService#0] INFO  interfaces.ContainerDeletionChoosingPolicyTemplate (ContainerDeletionChoosingPolicyTemplate.java:chooseContainerForBlockDeletion(85)) - Chosen 0/5000 blocks from 0 candidate containers.
2023-09-19 02:05:12,658 [EndpointStateMachine task thread for /0.0.0.0:15055 - 0 ] INFO  utils.DatanodeStoreCache (DatanodeStoreCache.java:addDB(66)) - Added db /home/runner/work/ozone/ozone/hadoop-ozone/integration-test/target/test-dir/MiniOzoneClusterImpl-5e324384-037a-4cb1-b856-3c07748222cd/datanode-2/data-0/containers/hdds/5e324384-037a-4cb1-b856-3c07748222cd/DS-73ebfeaa-6e3c-49b5-95c6-b60c4c68add1/container.db to cache
2023-09-19 02:05:12,658 [EndpointStateMachine task thread for /0.0.0.0:15055 - 0 ] INFO  volume.HddsVolume (HddsVolume.java:createDbStore(422)) - SchemaV3 db is created and loaded at /home/runner/work/ozone/ozone/hadoop-ozone/integration-test/target/test-dir/MiniOzoneClusterImpl-5e324384-037a-4cb1-b856-3c07748222cd/datanode-2/data-0/containers/hdds/5e324384-037a-4cb1-b856-3c07748222cd/DS-73ebfeaa-6e3c-49b5-95c6-b60c4c68add1/container.db for volume DS-73ebfeaa-6e3c-49b5-95c6-b60c4c68add1
2023-09-19 02:05:12,658 [EndpointStateMachine task thread for /0.0.0.0:15055 - 0 ] INFO  volume.ThrottledAsyncChecker (ThrottledAsyncChecker.java:schedule(141)) - Scheduling a check for /home/runner/work/ozone/ozone/hadoop-ozone/integration-test/target/test-dir/MiniOzoneClusterImpl-5e324384-037a-4cb1-b856-3c07748222cd/datanode-2/data-0/containers/hdds
2023-09-19 02:05:12,659 [EndpointStateMachine task thread for /0.0.0.0:15055 - 0 ] INFO  volume.StorageVolumeChecker (StorageVolumeChecker.java:checkAllVolumes(213)) - Scheduled health check for volume /home/runner/work/ozone/ozone/hadoop-ozone/integration-test/target/test-dir/MiniOzoneClusterImpl-5e324384-037a-4cb1-b856-3c07748222cd/datanode-2/data-0/containers/hdds
2023-09-19 02:05:12,665 [EndpointStateMachine task thread for /0.0.0.0:15055 - 0 ] INFO  volume.ThrottledAsyncChecker (ThrottledAsyncChecker.java:schedule(141)) - Scheduling a check for /home/runner/work/ozone/ozone/hadoop-ozone/integration-test/target/test-dir/MiniOzoneClusterImpl-5e324384-037a-4cb1-b856-3c07748222cd/datanode-2/data/ratis
2023-09-19 02:05:12,665 [EndpointStateMachine task thread for /0.0.0.0:15055 - 0 ] INFO  volume.StorageVolumeChecker (StorageVolumeChecker.java:checkAllVolumes(213)) - Scheduled health check for volume /home/runner/work/ozone/ozone/hadoop-ozone/integration-test/target/test-dir/MiniOzoneClusterImpl-5e324384-037a-4cb1-b856-3c07748222cd/datanode-2/data/ratis
2023-09-19 02:05:12,666 [EndpointStateMachine task thread for /0.0.0.0:15055 - 0 ] INFO  ozoneimpl.OzoneContainer (OzoneContainer.java:start(429)) - Attempting to start container services.
2023-09-19 02:05:12,666 [EndpointStateMachine task thread for /0.0.0.0:15055 - 0 ] INFO  ozoneimpl.OzoneContainer (OzoneContainer.java:startContainerScrub(325)) - Scheduled background container scanners and the on-demand container scanner have been disabled.
2023-09-19 02:05:12,668 [EndpointStateMachine task thread for /0.0.0.0:15055 - 0 ] INFO  replication.ReplicationServer (ReplicationServer.java:start(134)) - ReplicationServer is started using port 15087
2023-09-19 02:05:12,668 [EndpointStateMachine task thread for /0.0.0.0:15055 - 0 ] INFO  ratis.XceiverServerRatis (XceiverServerRatis.java:start(517)) - Starting XceiverServerRatis bb1c6357-9327-4202-8734-55e8eab5c756
2023-09-19 02:05:12,671 [EndpointStateMachine task thread for /0.0.0.0:15055 - 0 ] INFO  server.RaftServer (RaftServerProxy.java:startImpl(400)) - bb1c6357-9327-4202-8734-55e8eab5c756: start RPC server
2023-09-19 02:05:12,672 [EndpointStateMachine task thread for /0.0.0.0:15055 - 0 ] INFO  server.GrpcService (GrpcService.java:startImpl(302)) - bb1c6357-9327-4202-8734-55e8eab5c756: GrpcService started, listening on 15083
2023-09-19 02:05:12,673 [EndpointStateMachine task thread for /0.0.0.0:15055 - 0 ] INFO  server.GrpcService (GrpcService.java:startImpl(302)) - bb1c6357-9327-4202-8734-55e8eab5c756: GrpcService started, listening on 15085
2023-09-19 02:05:12,674 [EndpointStateMachine task thread for /0.0.0.0:15055 - 0 ] INFO  server.GrpcService (GrpcService.java:startImpl(302)) - bb1c6357-9327-4202-8734-55e8eab5c756: GrpcService started, listening on 15084
2023-09-19 02:05:12,674 [EndpointStateMachine task thread for /0.0.0.0:15055 - 0 ] INFO  ratis.XceiverServerRatis (XceiverServerRatis.java:getRealPort(543)) - XceiverServerRatis bb1c6357-9327-4202-8734-55e8eab5c756 is started using port 15083 for RATIS
2023-09-19 02:05:12,674 [EndpointStateMachine task thread for /0.0.0.0:15055 - 0 ] INFO  ratis.XceiverServerRatis (XceiverServerRatis.java:getRealPort(543)) - XceiverServerRatis bb1c6357-9327-4202-8734-55e8eab5c756 is started using port 15084 for RATIS_ADMIN
2023-09-19 02:05:12,674 [JvmPauseMonitor11] INFO  util.JvmPauseMonitor (JvmPauseMonitor.java:run(103)) - JvmPauseMonitor-bb1c6357-9327-4202-8734-55e8eab5c756: Started
2023-09-19 02:05:12,674 [EndpointStateMachine task thread for /0.0.0.0:15055 - 0 ] INFO  ratis.XceiverServerRatis (XceiverServerRatis.java:getRealPort(543)) - XceiverServerRatis bb1c6357-9327-4202-8734-55e8eab5c756 is started using port 15085 for RATIS_SERVER
2023-09-19 02:05:12,674 [EndpointStateMachine task thread for /0.0.0.0:15055 - 0 ] INFO  ratis.XceiverServerRatis (XceiverServerRatis.java:getRealPort(543)) - XceiverServerRatis bb1c6357-9327-4202-8734-55e8eab5c756 is started using port 15086 for RATIS_DATASTREAM
2023-09-19 02:05:12,680 [BlockDeletingService#0] INFO  interfaces.ContainerDeletionChoosingPolicyTemplate (ContainerDeletionChoosingPolicyTemplate.java:chooseContainerForBlockDeletion(85)) - Chosen 0/5000 blocks from 0 candidate containers.
2023-09-19 02:05:12,941 [EndpointStateMachine task thread for /0.0.0.0:15055 - 0 ] INFO  utils.DatanodeStoreCache (DatanodeStoreCache.java:addDB(66)) - Added db /home/runner/work/ozone/ozone/hadoop-ozone/integration-test/target/test-dir/MiniOzoneClusterImpl-5e324384-037a-4cb1-b856-3c07748222cd/datanode-3/data-0/containers/hdds/5e324384-037a-4cb1-b856-3c07748222cd/DS-eebc795d-ded4-4fb9-9a35-5af7702637f6/container.db to cache
2023-09-19 02:05:12,941 [EndpointStateMachine task thread for /0.0.0.0:15055 - 0 ] INFO  volume.HddsVolume (HddsVolume.java:createDbStore(422)) - SchemaV3 db is created and loaded at /home/runner/work/ozone/ozone/hadoop-ozone/integration-test/target/test-dir/MiniOzoneClusterImpl-5e324384-037a-4cb1-b856-3c07748222cd/datanode-3/data-0/containers/hdds/5e324384-037a-4cb1-b856-3c07748222cd/DS-eebc795d-ded4-4fb9-9a35-5af7702637f6/container.db for volume DS-eebc795d-ded4-4fb9-9a35-5af7702637f6
2023-09-19 02:05:12,941 [EndpointStateMachine task thread for /0.0.0.0:15055 - 0 ] INFO  volume.ThrottledAsyncChecker (ThrottledAsyncChecker.java:schedule(141)) - Scheduling a check for /home/runner/work/ozone/ozone/hadoop-ozone/integration-test/target/test-dir/MiniOzoneClusterImpl-5e324384-037a-4cb1-b856-3c07748222cd/datanode-3/data-0/containers/hdds
2023-09-19 02:05:12,942 [EndpointStateMachine task thread for /0.0.0.0:15055 - 0 ] INFO  volume.StorageVolumeChecker (StorageVolumeChecker.java:checkAllVolumes(213)) - Scheduled health check for volume /home/runner/work/ozone/ozone/hadoop-ozone/integration-test/target/test-dir/MiniOzoneClusterImpl-5e324384-037a-4cb1-b856-3c07748222cd/datanode-3/data-0/containers/hdds
2023-09-19 02:05:12,944 [EndpointStateMachine task thread for /0.0.0.0:15055 - 0 ] INFO  volume.ThrottledAsyncChecker (ThrottledAsyncChecker.java:schedule(141)) - Scheduling a check for /home/runner/work/ozone/ozone/hadoop-ozone/integration-test/target/test-dir/MiniOzoneClusterImpl-5e324384-037a-4cb1-b856-3c07748222cd/datanode-3/data/ratis
2023-09-19 02:05:12,944 [EndpointStateMachine task thread for /0.0.0.0:15055 - 0 ] INFO  volume.StorageVolumeChecker (StorageVolumeChecker.java:checkAllVolumes(213)) - Scheduled health check for volume /home/runner/work/ozone/ozone/hadoop-ozone/integration-test/target/test-dir/MiniOzoneClusterImpl-5e324384-037a-4cb1-b856-3c07748222cd/datanode-3/data/ratis
2023-09-19 02:05:12,945 [EndpointStateMachine task thread for /0.0.0.0:15055 - 0 ] INFO  ozoneimpl.OzoneContainer (OzoneContainer.java:start(429)) - Attempting to start container services.
2023-09-19 02:05:12,945 [EndpointStateMachine task thread for /0.0.0.0:15055 - 0 ] INFO  ozoneimpl.OzoneContainer (OzoneContainer.java:startContainerScrub(325)) - Scheduled background container scanners and the on-demand container scanner have been disabled.
2023-09-19 02:05:12,947 [EndpointStateMachine task thread for /0.0.0.0:15055 - 0 ] INFO  replication.ReplicationServer (ReplicationServer.java:start(134)) - ReplicationServer is started using port 15096
2023-09-19 02:05:12,947 [EndpointStateMachine task thread for /0.0.0.0:15055 - 0 ] INFO  ratis.XceiverServerRatis (XceiverServerRatis.java:start(517)) - Starting XceiverServerRatis bcaae8f3-caee-42e8-b1a6-86ffb8b58650
2023-09-19 02:05:12,948 [EndpointStateMachine task thread for /0.0.0.0:15055 - 0 ] INFO  server.RaftServer (RaftServerProxy.java:startImpl(400)) - bcaae8f3-caee-42e8-b1a6-86ffb8b58650: start RPC server
2023-09-19 02:05:12,951 [EndpointStateMachine task thread for /0.0.0.0:15055 - 0 ] INFO  server.GrpcService (GrpcService.java:startImpl(302)) - bcaae8f3-caee-42e8-b1a6-86ffb8b58650: GrpcService started, listening on 15092
2023-09-19 02:05:12,952 [EndpointStateMachine task thread for /0.0.0.0:15055 - 0 ] INFO  server.GrpcService (GrpcService.java:startImpl(302)) - bcaae8f3-caee-42e8-b1a6-86ffb8b58650: GrpcService started, listening on 15094
2023-09-19 02:05:12,956 [EndpointStateMachine task thread for /0.0.0.0:15055 - 0 ] INFO  server.GrpcService (GrpcService.java:startImpl(302)) - bcaae8f3-caee-42e8-b1a6-86ffb8b58650: GrpcService started, listening on 15093
2023-09-19 02:05:12,956 [EndpointStateMachine task thread for /0.0.0.0:15055 - 0 ] INFO  ratis.XceiverServerRatis (XceiverServerRatis.java:getRealPort(543)) - XceiverServerRatis bcaae8f3-caee-42e8-b1a6-86ffb8b58650 is started using port 15092 for RATIS
2023-09-19 02:05:12,956 [EndpointStateMachine task thread for /0.0.0.0:15055 - 0 ] INFO  ratis.XceiverServerRatis (XceiverServerRatis.java:getRealPort(543)) - XceiverServerRatis bcaae8f3-caee-42e8-b1a6-86ffb8b58650 is started using port 15093 for RATIS_ADMIN
2023-09-19 02:05:12,956 [JvmPauseMonitor12] INFO  util.JvmPauseMonitor (JvmPauseMonitor.java:run(103)) - JvmPauseMonitor-bcaae8f3-caee-42e8-b1a6-86ffb8b58650: Started
2023-09-19 02:05:12,956 [EndpointStateMachine task thread for /0.0.0.0:15055 - 0 ] INFO  ratis.XceiverServerRatis (XceiverServerRatis.java:getRealPort(543)) - XceiverServerRatis bcaae8f3-caee-42e8-b1a6-86ffb8b58650 is started using port 15094 for RATIS_SERVER
2023-09-19 02:05:12,957 [EndpointStateMachine task thread for /0.0.0.0:15055 - 0 ] INFO  ratis.XceiverServerRatis (XceiverServerRatis.java:getRealPort(543)) - XceiverServerRatis bcaae8f3-caee-42e8-b1a6-86ffb8b58650 is started using port 15095 for RATIS_DATASTREAM
2023-09-19 02:05:12,959 [BlockDeletingService#0] INFO  interfaces.ContainerDeletionChoosingPolicyTemplate (ContainerDeletionChoosingPolicyTemplate.java:chooseContainerForBlockDeletion(85)) - Chosen 0/5000 blocks from 0 candidate containers.
2023-09-19 02:05:13,196 [main] INFO  ozone.MiniOzoneClusterImpl (MiniOzoneClusterImpl.java:lambda$waitForClusterToBeReady$0(224)) - Waiting for nodes to be ready. Got 0 of 5 DN Heartbeats.
2023-09-19 02:05:13,196 [main] INFO  ozone.MiniOzoneClusterImpl (MiniOzoneClusterImpl.java:lambda$waitForClusterToBeReady$0(227)) - Waiting for cluster to exit safe mode
2023-09-19 02:05:13,196 [main] INFO  ozone.MiniOzoneClusterImpl (MiniOzoneClusterImpl.java:lambda$waitForClusterToBeReady$0(229)) - SCM became leader
2023-09-19 02:05:13,236 [EndpointStateMachine task thread for /0.0.0.0:15055 - 0 ] INFO  utils.DatanodeStoreCache (DatanodeStoreCache.java:addDB(66)) - Added db /home/runner/work/ozone/ozone/hadoop-ozone/integration-test/target/test-dir/MiniOzoneClusterImpl-5e324384-037a-4cb1-b856-3c07748222cd/datanode-4/data-0/containers/hdds/5e324384-037a-4cb1-b856-3c07748222cd/DS-ee5e72bd-e5c9-4c1d-a0f5-37ef7455bfe4/container.db to cache
2023-09-19 02:05:13,236 [EndpointStateMachine task thread for /0.0.0.0:15055 - 0 ] INFO  volume.HddsVolume (HddsVolume.java:createDbStore(422)) - SchemaV3 db is created and loaded at /home/runner/work/ozone/ozone/hadoop-ozone/integration-test/target/test-dir/MiniOzoneClusterImpl-5e324384-037a-4cb1-b856-3c07748222cd/datanode-4/data-0/containers/hdds/5e324384-037a-4cb1-b856-3c07748222cd/DS-ee5e72bd-e5c9-4c1d-a0f5-37ef7455bfe4/container.db for volume DS-ee5e72bd-e5c9-4c1d-a0f5-37ef7455bfe4
2023-09-19 02:05:13,242 [EndpointStateMachine task thread for /0.0.0.0:15055 - 0 ] INFO  volume.ThrottledAsyncChecker (ThrottledAsyncChecker.java:schedule(141)) - Scheduling a check for /home/runner/work/ozone/ozone/hadoop-ozone/integration-test/target/test-dir/MiniOzoneClusterImpl-5e324384-037a-4cb1-b856-3c07748222cd/datanode-4/data-0/containers/hdds
2023-09-19 02:05:13,245 [EndpointStateMachine task thread for /0.0.0.0:15055 - 0 ] INFO  volume.StorageVolumeChecker (StorageVolumeChecker.java:checkAllVolumes(213)) - Scheduled health check for volume /home/runner/work/ozone/ozone/hadoop-ozone/integration-test/target/test-dir/MiniOzoneClusterImpl-5e324384-037a-4cb1-b856-3c07748222cd/datanode-4/data-0/containers/hdds
2023-09-19 02:05:13,247 [EndpointStateMachine task thread for /0.0.0.0:15055 - 0 ] INFO  volume.ThrottledAsyncChecker (ThrottledAsyncChecker.java:schedule(141)) - Scheduling a check for /home/runner/work/ozone/ozone/hadoop-ozone/integration-test/target/test-dir/MiniOzoneClusterImpl-5e324384-037a-4cb1-b856-3c07748222cd/datanode-4/data/ratis
2023-09-19 02:05:13,248 [EndpointStateMachine task thread for /0.0.0.0:15055 - 0 ] INFO  volume.StorageVolumeChecker (StorageVolumeChecker.java:checkAllVolumes(213)) - Scheduled health check for volume /home/runner/work/ozone/ozone/hadoop-ozone/integration-test/target/test-dir/MiniOzoneClusterImpl-5e324384-037a-4cb1-b856-3c07748222cd/datanode-4/data/ratis
2023-09-19 02:05:13,248 [EndpointStateMachine task thread for /0.0.0.0:15055 - 0 ] INFO  ozoneimpl.OzoneContainer (OzoneContainer.java:start(429)) - Attempting to start container services.
2023-09-19 02:05:13,249 [EndpointStateMachine task thread for /0.0.0.0:15055 - 0 ] INFO  ozoneimpl.OzoneContainer (OzoneContainer.java:startContainerScrub(325)) - Scheduled background container scanners and the on-demand container scanner have been disabled.
2023-09-19 02:05:13,252 [EndpointStateMachine task thread for /0.0.0.0:15055 - 0 ] INFO  replication.ReplicationServer (ReplicationServer.java:start(134)) - ReplicationServer is started using port 15105
2023-09-19 02:05:13,252 [EndpointStateMachine task thread for /0.0.0.0:15055 - 0 ] INFO  ratis.XceiverServerRatis (XceiverServerRatis.java:start(517)) - Starting XceiverServerRatis 61d89387-692e-45ac-a655-71929b77bbaf
2023-09-19 02:05:13,258 [EndpointStateMachine task thread for /0.0.0.0:15055 - 0 ] INFO  server.RaftServer (RaftServerProxy.java:startImpl(400)) - 61d89387-692e-45ac-a655-71929b77bbaf: start RPC server
2023-09-19 02:05:13,263 [EndpointStateMachine task thread for /0.0.0.0:15055 - 0 ] INFO  server.GrpcService (GrpcService.java:startImpl(302)) - 61d89387-692e-45ac-a655-71929b77bbaf: GrpcService started, listening on 15101
2023-09-19 02:05:13,264 [EndpointStateMachine task thread for /0.0.0.0:15055 - 0 ] INFO  server.GrpcService (GrpcService.java:startImpl(302)) - 61d89387-692e-45ac-a655-71929b77bbaf: GrpcService started, listening on 15103
2023-09-19 02:05:13,265 [EndpointStateMachine task thread for /0.0.0.0:15055 - 0 ] INFO  server.GrpcService (GrpcService.java:startImpl(302)) - 61d89387-692e-45ac-a655-71929b77bbaf: GrpcService started, listening on 15102
2023-09-19 02:05:13,265 [EndpointStateMachine task thread for /0.0.0.0:15055 - 0 ] INFO  ratis.XceiverServerRatis (XceiverServerRatis.java:getRealPort(543)) - XceiverServerRatis 61d89387-692e-45ac-a655-71929b77bbaf is started using port 15101 for RATIS
2023-09-19 02:05:13,265 [EndpointStateMachine task thread for /0.0.0.0:15055 - 0 ] INFO  ratis.XceiverServerRatis (XceiverServerRatis.java:getRealPort(543)) - XceiverServerRatis 61d89387-692e-45ac-a655-71929b77bbaf is started using port 15102 for RATIS_ADMIN
2023-09-19 02:05:13,265 [EndpointStateMachine task thread for /0.0.0.0:15055 - 0 ] INFO  ratis.XceiverServerRatis (XceiverServerRatis.java:getRealPort(543)) - XceiverServerRatis 61d89387-692e-45ac-a655-71929b77bbaf is started using port 15103 for RATIS_SERVER
2023-09-19 02:05:13,265 [EndpointStateMachine task thread for /0.0.0.0:15055 - 0 ] INFO  ratis.XceiverServerRatis (XceiverServerRatis.java:getRealPort(543)) - XceiverServerRatis 61d89387-692e-45ac-a655-71929b77bbaf is started using port 15104 for RATIS_DATASTREAM
2023-09-19 02:05:13,265 [JvmPauseMonitor13] INFO  util.JvmPauseMonitor (JvmPauseMonitor.java:run(103)) - JvmPauseMonitor-61d89387-692e-45ac-a655-71929b77bbaf: Started
2023-09-19 02:05:13,271 [BlockDeletingService#0] INFO  interfaces.ContainerDeletionChoosingPolicyTemplate (ContainerDeletionChoosingPolicyTemplate.java:chooseContainerForBlockDeletion(85)) - Chosen 0/5000 blocks from 0 candidate containers.
2023-09-19 02:05:14,041 [IPC Server handler 3 on default port 15055] INFO  net.NetworkTopologyImpl (NetworkTopologyImpl.java:add(112)) - Added a new node: /default-rack/e39e4681-7919-4d3b-868d-83d4ef0f5b6f
2023-09-19 02:05:14,041 [IPC Server handler 3 on default port 15055] INFO  node.SCMNodeManager (SCMNodeManager.java:register(405)) - Registered Data node : e39e4681-7919-4d3b-868d-83d4ef0f5b6f{ip: 10.1.0.29, host: fv-az1031-92, ports: [HTTP=15062, CLIENT_RPC=15063, REPLICATION=15069, RATIS=15065, RATIS_ADMIN=15066, RATIS_SERVER=15067, RATIS_DATASTREAM=15068, STANDALONE=15064], networkLocation: /default-rack, certSerialId: null, persistedOpState: null, persistedOpStateExpiryEpochSec: 0}
2023-09-19 02:05:14,044 [EventQueue-NodeRegistrationContainerReportForContainerSafeModeRule] INFO  safemode.SCMSafeModeManager (SCMSafeModeManager.java:validateSafeModeExitRules(200)) - ContainerSafeModeRule rule is successfully validated
2023-09-19 02:05:14,045 [EventQueue-NodeRegistrationContainerReportForDataNodeSafeModeRule] INFO  safemode.SCMSafeModeManager (DataNodeSafeModeRule.java:process(71)) - SCM in safe mode. 1 DataNodes registered, 3 required.
2023-09-19 02:05:14,049 [EventQueue-NewNodeForNewNodeHandler] INFO  pipeline.BackgroundPipelineCreator (BackgroundPipelineCreator.java:notifyEventTriggered(277)) - trigger a one-shot run on RatisPipelineUtilsThread.
2023-09-19 02:05:14,049 [EventQueue-PipelineReportForOneReplicaPipelineSafeModeRule] INFO  safemode.SCMSafeModeManager (SCMSafeModeManager.java:validateSafeModeExitRules(200)) - AtleastOneDatanodeReportedRule rule is successfully validated
2023-09-19 02:05:14,049 [RatisPipelineUtilsThread - 0] INFO  pipeline.RatisPipelineProvider (RatisPipelineProvider.java:lambda$create$0(206)) - Sending CreatePipelineCommand for pipeline:PipelineID=8f8fae49-b88a-4029-be5a-c5fb72cf15eb to datanode:e39e4681-7919-4d3b-868d-83d4ef0f5b6f
2023-09-19 02:05:14,050 [RatisPipelineUtilsThread - 0] INFO  pipeline.BackgroundPipelineCreator (BackgroundPipelineCreator.java:createPipelines(233)) - Created new pipeline Pipeline[ Id: 8f8fae49-b88a-4029-be5a-c5fb72cf15eb, Nodes: e39e4681-7919-4d3b-868d-83d4ef0f5b6f(fv-az1031-92/10.1.0.29), ReplicationConfig: RATIS/ONE, State:ALLOCATED, leaderId:, CreationTimestamp2023-09-19T02:05:14.049Z[Etc/UTC]]
2023-09-19 02:05:14,197 [main] INFO  ozone.MiniOzoneClusterImpl (MiniOzoneClusterImpl.java:lambda$waitForClusterToBeReady$0(224)) - Waiting for nodes to be ready. Got 1 of 5 DN Heartbeats.
2023-09-19 02:05:14,197 [main] INFO  ozone.MiniOzoneClusterImpl (MiniOzoneClusterImpl.java:lambda$waitForClusterToBeReady$0(227)) - Waiting for cluster to exit safe mode
2023-09-19 02:05:14,197 [main] INFO  ozone.MiniOzoneClusterImpl (MiniOzoneClusterImpl.java:lambda$waitForClusterToBeReady$0(229)) - SCM became leader
2023-09-19 02:05:14,356 [IPC Server handler 2 on default port 15055] INFO  net.NetworkTopologyImpl (NetworkTopologyImpl.java:add(112)) - Added a new node: /default-rack/5eadcd64-1d4b-44b8-a1e5-0066e95eb1a1
2023-09-19 02:05:14,356 [IPC Server handler 2 on default port 15055] INFO  node.SCMNodeManager (SCMNodeManager.java:register(405)) - Registered Data node : 5eadcd64-1d4b-44b8-a1e5-0066e95eb1a1{ip: 10.1.0.29, host: fv-az1031-92, ports: [HTTP=15071, CLIENT_RPC=15072, REPLICATION=15078, RATIS=15074, RATIS_ADMIN=15075, RATIS_SERVER=15076, RATIS_DATASTREAM=15077, STANDALONE=15073], networkLocation: /default-rack, certSerialId: null, persistedOpState: null, persistedOpStateExpiryEpochSec: 0}
2023-09-19 02:05:14,357 [EventQueue-NodeRegistrationContainerReportForDataNodeSafeModeRule] INFO  safemode.SCMSafeModeManager (DataNodeSafeModeRule.java:process(71)) - SCM in safe mode. 2 DataNodes registered, 3 required.
2023-09-19 02:05:14,358 [EventQueue-NewNodeForNewNodeHandler] INFO  pipeline.BackgroundPipelineCreator (BackgroundPipelineCreator.java:notifyEventTriggered(277)) - trigger a one-shot run on RatisPipelineUtilsThread.
2023-09-19 02:05:14,359 [RatisPipelineUtilsThread - 0] INFO  pipeline.RatisPipelineProvider (RatisPipelineProvider.java:lambda$create$0(206)) - Sending CreatePipelineCommand for pipeline:PipelineID=07f52442-9f10-43a4-8583-b2c302ee2684 to datanode:5eadcd64-1d4b-44b8-a1e5-0066e95eb1a1
2023-09-19 02:05:14,359 [RatisPipelineUtilsThread - 0] INFO  pipeline.BackgroundPipelineCreator (BackgroundPipelineCreator.java:createPipelines(233)) - Created new pipeline Pipeline[ Id: 07f52442-9f10-43a4-8583-b2c302ee2684, Nodes: 5eadcd64-1d4b-44b8-a1e5-0066e95eb1a1(fv-az1031-92/10.1.0.29), ReplicationConfig: RATIS/ONE, State:ALLOCATED, leaderId:, CreationTimestamp2023-09-19T02:05:14.359Z[Etc/UTC]]
2023-09-19 02:05:14,630 [IPC Server handler 13 on default port 15055] INFO  net.NetworkTopologyImpl (NetworkTopologyImpl.java:add(112)) - Added a new node: /default-rack/bb1c6357-9327-4202-8734-55e8eab5c756
2023-09-19 02:05:14,630 [IPC Server handler 13 on default port 15055] INFO  node.SCMNodeManager (SCMNodeManager.java:register(405)) - Registered Data node : bb1c6357-9327-4202-8734-55e8eab5c756{ip: 10.1.0.29, host: fv-az1031-92, ports: [HTTP=15080, CLIENT_RPC=15081, REPLICATION=15087, RATIS=15083, RATIS_ADMIN=15084, RATIS_SERVER=15085, RATIS_DATASTREAM=15086, STANDALONE=15082], networkLocation: /default-rack, certSerialId: null, persistedOpState: null, persistedOpStateExpiryEpochSec: 0}
2023-09-19 02:05:14,631 [EventQueue-NewNodeForNewNodeHandler] INFO  pipeline.BackgroundPipelineCreator (BackgroundPipelineCreator.java:notifyEventTriggered(277)) - trigger a one-shot run on RatisPipelineUtilsThread.
2023-09-19 02:05:14,631 [RatisPipelineUtilsThread - 0] INFO  pipeline.RatisPipelineProvider (RatisPipelineProvider.java:lambda$create$0(206)) - Sending CreatePipelineCommand for pipeline:PipelineID=c37b4921-bf3a-4713-ae85-cae25b30ff69 to datanode:bb1c6357-9327-4202-8734-55e8eab5c756
2023-09-19 02:05:14,632 [RatisPipelineUtilsThread - 0] INFO  pipeline.BackgroundPipelineCreator (BackgroundPipelineCreator.java:createPipelines(233)) - Created new pipeline Pipeline[ Id: c37b4921-bf3a-4713-ae85-cae25b30ff69, Nodes: bb1c6357-9327-4202-8734-55e8eab5c756(fv-az1031-92/10.1.0.29), ReplicationConfig: RATIS/ONE, State:ALLOCATED, leaderId:, CreationTimestamp2023-09-19T02:05:14.631Z[Etc/UTC]]
2023-09-19 02:05:14,634 [EventQueue-NodeRegistrationContainerReportForDataNodeSafeModeRule] INFO  safemode.SCMSafeModeManager (DataNodeSafeModeRule.java:process(71)) - SCM in safe mode. 3 DataNodes registered, 3 required.
2023-09-19 02:05:14,634 [EventQueue-NodeRegistrationContainerReportForDataNodeSafeModeRule] INFO  safemode.SCMSafeModeManager (SCMSafeModeManager.java:validateSafeModeExitRules(200)) - DataNodeSafeModeRule rule is successfully validated
2023-09-19 02:05:14,634 [EventQueue-NodeRegistrationContainerReportForDataNodeSafeModeRule] INFO  safemode.SCMSafeModeManager (SCMSafeModeManager.java:completePreCheck(229)) - All SCM safe mode pre check rules have passed
2023-09-19 02:05:14,634 [EventQueue-NodeRegistrationContainerReportForDataNodeSafeModeRule] INFO  ha.SCMContext (SCMContext.java:updateSafeModeStatus(228)) - Update SafeModeStatus from SafeModeStatus{safeModeStatus=true, preCheckPassed=false} to SafeModeStatus{safeModeStatus=true, preCheckPassed=true}.
2023-09-19 02:05:14,634 [EventQueue-NodeRegistrationContainerReportForDataNodeSafeModeRule] INFO  pipeline.BackgroundPipelineCreator (BackgroundPipelineCreator.java:notifyEventTriggered(277)) - trigger a one-shot run on RatisPipelineUtilsThread.
2023-09-19 02:05:14,635 [RatisPipelineUtilsThread - 0] INFO  pipeline.RatisPipelineProvider (RatisPipelineProvider.java:lambda$create$0(206)) - Sending CreatePipelineCommand for pipeline:PipelineID=090ca039-d742-4dd5-a11d-59ca478d303a to datanode:e39e4681-7919-4d3b-868d-83d4ef0f5b6f
2023-09-19 02:05:14,635 [RatisPipelineUtilsThread - 0] INFO  pipeline.RatisPipelineProvider (RatisPipelineProvider.java:lambda$create$0(206)) - Sending CreatePipelineCommand for pipeline:PipelineID=090ca039-d742-4dd5-a11d-59ca478d303a to datanode:5eadcd64-1d4b-44b8-a1e5-0066e95eb1a1
2023-09-19 02:05:14,635 [RatisPipelineUtilsThread - 0] INFO  pipeline.RatisPipelineProvider (RatisPipelineProvider.java:lambda$create$0(206)) - Sending CreatePipelineCommand for pipeline:PipelineID=090ca039-d742-4dd5-a11d-59ca478d303a to datanode:bb1c6357-9327-4202-8734-55e8eab5c756
2023-09-19 02:05:14,636 [RatisPipelineUtilsThread - 0] INFO  pipeline.BackgroundPipelineCreator (BackgroundPipelineCreator.java:createPipelines(233)) - Created new pipeline Pipeline[ Id: 090ca039-d742-4dd5-a11d-59ca478d303a, Nodes: e39e4681-7919-4d3b-868d-83d4ef0f5b6f(fv-az1031-92/10.1.0.29)5eadcd64-1d4b-44b8-a1e5-0066e95eb1a1(fv-az1031-92/10.1.0.29)bb1c6357-9327-4202-8734-55e8eab5c756(fv-az1031-92/10.1.0.29), ReplicationConfig: RATIS/THREE, State:ALLOCATED, leaderId:, CreationTimestamp2023-09-19T02:05:14.635Z[Etc/UTC]]
2023-09-19 02:05:14,636 [RatisPipelineUtilsThread - 0] INFO  pipeline.RatisPipelineProvider (RatisPipelineProvider.java:lambda$create$0(206)) - Sending CreatePipelineCommand for pipeline:PipelineID=06800b04-b751-4479-971f-116411d7d5f3 to datanode:e39e4681-7919-4d3b-868d-83d4ef0f5b6f
2023-09-19 02:05:14,636 [RatisPipelineUtilsThread - 0] INFO  pipeline.RatisPipelineProvider (RatisPipelineProvider.java:lambda$create$0(206)) - Sending CreatePipelineCommand for pipeline:PipelineID=06800b04-b751-4479-971f-116411d7d5f3 to datanode:5eadcd64-1d4b-44b8-a1e5-0066e95eb1a1
2023-09-19 02:05:14,636 [RatisPipelineUtilsThread - 0] INFO  pipeline.RatisPipelineProvider (RatisPipelineProvider.java:lambda$create$0(206)) - Sending CreatePipelineCommand for pipeline:PipelineID=06800b04-b751-4479-971f-116411d7d5f3 to datanode:bb1c6357-9327-4202-8734-55e8eab5c756
2023-09-19 02:05:14,637 [RatisPipelineUtilsThread - 0] INFO  pipeline.PipelineManagerImpl (PipelineManagerImpl.java:recordMetricsForPipeline(895)) - Pipeline: PipelineID=06800b04-b751-4479-971f-116411d7d5f3 contains same datanodes as previous pipelines: PipelineID=090ca039-d742-4dd5-a11d-59ca478d303a nodeIds: e39e4681-7919-4d3b-868d-83d4ef0f5b6f, 5eadcd64-1d4b-44b8-a1e5-0066e95eb1a1, bb1c6357-9327-4202-8734-55e8eab5c756
2023-09-19 02:05:14,637 [RatisPipelineUtilsThread - 0] INFO  pipeline.BackgroundPipelineCreator (BackgroundPipelineCreator.java:createPipelines(233)) - Created new pipeline Pipeline[ Id: 06800b04-b751-4479-971f-116411d7d5f3, Nodes: e39e4681-7919-4d3b-868d-83d4ef0f5b6f(fv-az1031-92/10.1.0.29)5eadcd64-1d4b-44b8-a1e5-0066e95eb1a1(fv-az1031-92/10.1.0.29)bb1c6357-9327-4202-8734-55e8eab5c756(fv-az1031-92/10.1.0.29), ReplicationConfig: RATIS/THREE, State:ALLOCATED, leaderId:, CreationTimestamp2023-09-19T02:05:14.636Z[Etc/UTC]]
2023-09-19 02:05:14,911 [IPC Server handler 4 on default port 15055] INFO  net.NetworkTopologyImpl (NetworkTopologyImpl.java:add(112)) - Added a new node: /default-rack/bcaae8f3-caee-42e8-b1a6-86ffb8b58650
2023-09-19 02:05:14,911 [IPC Server handler 4 on default port 15055] INFO  node.SCMNodeManager (SCMNodeManager.java:register(405)) - Registered Data node : bcaae8f3-caee-42e8-b1a6-86ffb8b58650{ip: 10.1.0.29, host: fv-az1031-92, ports: [HTTP=15089, CLIENT_RPC=15090, REPLICATION=15096, RATIS=15092, RATIS_ADMIN=15093, RATIS_SERVER=15094, RATIS_DATASTREAM=15095, STANDALONE=15091], networkLocation: /default-rack, certSerialId: null, persistedOpState: null, persistedOpStateExpiryEpochSec: 0}
2023-09-19 02:05:14,913 [EventQueue-NewNodeForNewNodeHandler] INFO  pipeline.BackgroundPipelineCreator (BackgroundPipelineCreator.java:notifyEventTriggered(277)) - trigger a one-shot run on RatisPipelineUtilsThread.
2023-09-19 02:05:14,914 [RatisPipelineUtilsThread - 0] INFO  pipeline.RatisPipelineProvider (RatisPipelineProvider.java:lambda$create$0(206)) - Sending CreatePipelineCommand for pipeline:PipelineID=7cd09836-2323-427c-b8dd-282f0c943b60 to datanode:bcaae8f3-caee-42e8-b1a6-86ffb8b58650
2023-09-19 02:05:14,915 [RatisPipelineUtilsThread - 0] INFO  pipeline.BackgroundPipelineCreator (BackgroundPipelineCreator.java:createPipelines(233)) - Created new pipeline Pipeline[ Id: 7cd09836-2323-427c-b8dd-282f0c943b60, Nodes: bcaae8f3-caee-42e8-b1a6-86ffb8b58650(fv-az1031-92/10.1.0.29), ReplicationConfig: RATIS/ONE, State:ALLOCATED, leaderId:, CreationTimestamp2023-09-19T02:05:14.914Z[Etc/UTC]]
2023-09-19 02:05:15,197 [main] INFO  ozone.MiniOzoneClusterImpl (MiniOzoneClusterImpl.java:lambda$waitForClusterToBeReady$0(224)) - Waiting for nodes to be ready. Got 4 of 5 DN Heartbeats.
2023-09-19 02:05:15,197 [main] INFO  ozone.MiniOzoneClusterImpl (MiniOzoneClusterImpl.java:lambda$waitForClusterToBeReady$0(227)) - Waiting for cluster to exit safe mode
2023-09-19 02:05:15,197 [main] INFO  ozone.MiniOzoneClusterImpl (MiniOzoneClusterImpl.java:lambda$waitForClusterToBeReady$0(229)) - SCM became leader
2023-09-19 02:05:15,203 [IPC Server handler 2 on default port 15055] INFO  net.NetworkTopologyImpl (NetworkTopologyImpl.java:add(112)) - Added a new node: /default-rack/61d89387-692e-45ac-a655-71929b77bbaf
2023-09-19 02:05:15,203 [IPC Server handler 2 on default port 15055] INFO  node.SCMNodeManager (SCMNodeManager.java:register(405)) - Registered Data node : 61d89387-692e-45ac-a655-71929b77bbaf{ip: 10.1.0.29, host: fv-az1031-92, ports: [HTTP=15098, CLIENT_RPC=15099, REPLICATION=15105, RATIS=15101, RATIS_ADMIN=15102, RATIS_SERVER=15103, RATIS_DATASTREAM=15104, STANDALONE=15100], networkLocation: /default-rack, certSerialId: null, persistedOpState: null, persistedOpStateExpiryEpochSec: 0}
2023-09-19 02:05:15,203 [EventQueue-NewNodeForNewNodeHandler] INFO  pipeline.BackgroundPipelineCreator (BackgroundPipelineCreator.java:notifyEventTriggered(277)) - trigger a one-shot run on RatisPipelineUtilsThread.
2023-09-19 02:05:15,204 [RatisPipelineUtilsThread - 0] INFO  pipeline.RatisPipelineProvider (RatisPipelineProvider.java:lambda$create$0(206)) - Sending CreatePipelineCommand for pipeline:PipelineID=2989625a-bc96-46e7-bc96-a28ca3b95069 to datanode:61d89387-692e-45ac-a655-71929b77bbaf
2023-09-19 02:05:15,204 [RatisPipelineUtilsThread - 0] INFO  pipeline.BackgroundPipelineCreator (BackgroundPipelineCreator.java:createPipelines(233)) - Created new pipeline Pipeline[ Id: 2989625a-bc96-46e7-bc96-a28ca3b95069, Nodes: 61d89387-692e-45ac-a655-71929b77bbaf(fv-az1031-92/10.1.0.29), ReplicationConfig: RATIS/ONE, State:ALLOCATED, leaderId:, CreationTimestamp2023-09-19T02:05:15.204Z[Etc/UTC]]
2023-09-19 02:05:16,198 [main] INFO  ozone.MiniOzoneClusterImpl (MiniOzoneClusterImpl.java:lambda$waitForClusterToBeReady$0(224)) - Nodes are ready. Got 5 of 5 DN Heartbeats.
2023-09-19 02:05:16,198 [main] INFO  ozone.MiniOzoneClusterImpl (MiniOzoneClusterImpl.java:lambda$waitForClusterToBeReady$0(227)) - Waiting for cluster to exit safe mode
2023-09-19 02:05:16,198 [main] INFO  ozone.MiniOzoneClusterImpl (MiniOzoneClusterImpl.java:lambda$waitForClusterToBeReady$0(229)) - SCM became leader
2023-09-19 02:05:17,043 [PipelineCommandHandlerThread-0] INFO  server.RaftServer (RaftServerProxy.java:addNew(98)) - e39e4681-7919-4d3b-868d-83d4ef0f5b6f: addNew group-C5FB72CF15EB:[e39e4681-7919-4d3b-868d-83d4ef0f5b6f|rpc:10.1.0.29:15067|admin:10.1.0.29:15066|client:10.1.0.29:15065|dataStream:10.1.0.29:15068|priority:1|startupRole:FOLLOWER] returns group-C5FB72CF15EB:java.util.concurrent.CompletableFuture@17f5393f[Not completed]
2023-09-19 02:05:17,044 [e39e4681-7919-4d3b-868d-83d4ef0f5b6f-groupManagement] INFO  server.RaftServer$Division (RaftServerImpl.java:<init>(198)) - e39e4681-7919-4d3b-868d-83d4ef0f5b6f: new RaftServerImpl for group-C5FB72CF15EB:[e39e4681-7919-4d3b-868d-83d4ef0f5b6f|rpc:10.1.0.29:15067|admin:10.1.0.29:15066|client:10.1.0.29:15065|dataStream:10.1.0.29:15068|priority:1|startupRole:FOLLOWER] with ContainerStateMachine:uninitialized
2023-09-19 02:05:17,044 [e39e4681-7919-4d3b-868d-83d4ef0f5b6f-groupManagement] INFO  server.RaftServerConfigKeys (ConfUtils.java:logGet(46)) - raft.server.rpc.timeout.min = 5s (custom)
2023-09-19 02:05:17,044 [e39e4681-7919-4d3b-868d-83d4ef0f5b6f-groupManagement] INFO  server.RaftServerConfigKeys (ConfUtils.java:logGet(46)) - raft.server.rpc.timeout.max = 5200ms (custom)
2023-09-19 02:05:17,044 [e39e4681-7919-4d3b-868d-83d4ef0f5b6f-groupManagement] INFO  server.RaftServerConfigKeys (ConfUtils.java:logGet(46)) - raft.server.rpc.sleep.time = 25ms (default)
2023-09-19 02:05:17,045 [e39e4681-7919-4d3b-868d-83d4ef0f5b6f-groupManagement] INFO  server.RaftServerConfigKeys (ConfUtils.java:logGet(46)) - raft.server.rpc.slowness.timeout = 300s (custom)
2023-09-19 02:05:17,045 [e39e4681-7919-4d3b-868d-83d4ef0f5b6f-groupManagement] INFO  server.RaftServerConfigKeys (ConfUtils.java:logGet(46)) - raft.server.leaderelection.leader.step-down.wait-time = 10s (default)
2023-09-19 02:05:17,045 [e39e4681-7919-4d3b-868d-83d4ef0f5b6f-groupManagement] INFO  server.RaftServerConfigKeys (ConfUtils.java:logGet(46)) - raft.server.sleep.deviation.threshold = 300ms (default)
2023-09-19 02:05:17,045 [e39e4681-7919-4d3b-868d-83d4ef0f5b6f-groupManagement] INFO  server.RaftServer$Division (ServerState.java:<init>(120)) - e39e4681-7919-4d3b-868d-83d4ef0f5b6f@group-C5FB72CF15EB: ConfigurationManager, init=-1: peers:[e39e4681-7919-4d3b-868d-83d4ef0f5b6f|rpc:10.1.0.29:15067|admin:10.1.0.29:15066|client:10.1.0.29:15065|dataStream:10.1.0.29:15068|priority:1|startupRole:FOLLOWER]|listeners:[], old=null, confs=<EMPTY_MAP>
2023-09-19 02:05:17,045 [e39e4681-7919-4d3b-868d-83d4ef0f5b6f-groupManagement] INFO  server.RaftServerConfigKeys (ConfUtils.java:logGet(46)) - raft.server.storage.dir = [/home/runner/work/ozone/ozone/hadoop-ozone/integration-test/target/test-dir/MiniOzoneClusterImpl-5e324384-037a-4cb1-b856-3c07748222cd/datanode-0/data/ratis] (custom)
2023-09-19 02:05:17,045 [e39e4681-7919-4d3b-868d-83d4ef0f5b6f-groupManagement] INFO  server.RaftServerConfigKeys (ConfUtils.java:logGet(46)) - raft.server.log.corruption.policy = EXCEPTION (default)
2023-09-19 02:05:17,045 [e39e4681-7919-4d3b-868d-83d4ef0f5b6f-groupManagement] INFO  server.RaftServerConfigKeys (ConfUtils.java:logGet(46)) - raft.server.storage.free-space.min = 0MB (=0) (default)
2023-09-19 02:05:17,045 [e39e4681-7919-4d3b-868d-83d4ef0f5b6f-groupManagement] INFO  server.RaftServerConfigKeys (ConfUtils.java:logGet(46)) - raft.server.notification.no-leader.timeout = 300s (custom)
2023-09-19 02:05:17,045 [e39e4681-7919-4d3b-868d-83d4ef0f5b6f-groupManagement] INFO  server.RaftServerConfigKeys (ConfUtils.java:logGet(46)) - raft.server.read.timeout = 10s (default)
2023-09-19 02:05:17,045 [e39e4681-7919-4d3b-868d-83d4ef0f5b6f-groupManagement] INFO  server.RaftServerConfigKeys (ConfUtils.java:logGet(46)) - raft.server.retrycache.expirytime = 600000ms (custom)
2023-09-19 02:05:17,045 [e39e4681-7919-4d3b-868d-83d4ef0f5b6f-groupManagement] INFO  server.RaftServerConfigKeys (ConfUtils.java:logGet(46)) - raft.server.retrycache.statistics.expirytime = 100μs (default)
2023-09-19 02:05:17,045 [e39e4681-7919-4d3b-868d-83d4ef0f5b6f-groupManagement] INFO  server.RaftServerConfigKeys (ConfUtils.java:logGet(46)) - raft.server.read.option = DEFAULT (default)
2023-09-19 02:05:17,047 [e39e4681-7919-4d3b-868d-83d4ef0f5b6f-groupManagement] INFO  server.RaftServerConfigKeys (ConfUtils.java:logGet(46)) - raft.server.rpc.request.timeout = 60s (custom)
2023-09-19 02:05:17,047 [e39e4681-7919-4d3b-868d-83d4ef0f5b6f-groupManagement] INFO  server.RaftServerConfigKeys (ConfUtils.java:logGet(46)) - raft.server.log.appender.install.snapshot.enabled = false (custom)
2023-09-19 02:05:17,047 [e39e4681-7919-4d3b-868d-83d4ef0f5b6f-groupManagement] INFO  server.RaftServerConfigKeys (ConfUtils.java:logGet(46)) - raft.server.threadpool.server.cached = true (default)
2023-09-19 02:05:17,047 [e39e4681-7919-4d3b-868d-83d4ef0f5b6f-groupManagement] INFO  server.RaftServerConfigKeys (ConfUtils.java:logGet(46)) - raft.server.threadpool.server.size = 0 (default)
2023-09-19 02:05:17,047 [e39e4681-7919-4d3b-868d-83d4ef0f5b6f-groupManagement] INFO  server.RaftServerConfigKeys (ConfUtils.java:logGet(46)) - raft.server.threadpool.client.cached = true (default)
2023-09-19 02:05:17,047 [e39e4681-7919-4d3b-868d-83d4ef0f5b6f-groupManagement] INFO  server.RaftServerConfigKeys (ConfUtils.java:logGet(46)) - raft.server.threadpool.client.size = 0 (default)
2023-09-19 02:05:17,047 [e39e4681-7919-4d3b-868d-83d4ef0f5b6f-groupManagement] INFO  storage.RaftStorageDirectory (RaftStorageDirectoryImpl.java:analyzeStorage(137)) - The storage directory /home/runner/work/ozone/ozone/hadoop-ozone/integration-test/target/test-dir/MiniOzoneClusterImpl-5e324384-037a-4cb1-b856-3c07748222cd/datanode-0/data/ratis/8f8fae49-b88a-4029-be5a-c5fb72cf15eb does not exist. Creating ...
2023-09-19 02:05:17,048 [e39e4681-7919-4d3b-868d-83d4ef0f5b6f-groupManagement] INFO  storage.RaftStorageDirectory (RaftStorageDirectoryImpl.java:tryLock(231)) - Lock on /home/runner/work/ozone/ozone/hadoop-ozone/integration-test/target/test-dir/MiniOzoneClusterImpl-5e324384-037a-4cb1-b856-3c07748222cd/datanode-0/data/ratis/8f8fae49-b88a-4029-be5a-c5fb72cf15eb/in_use.lock acquired by nodename 7315@fv-az1031-92
2023-09-19 02:05:17,049 [e39e4681-7919-4d3b-868d-83d4ef0f5b6f-groupManagement] INFO  storage.RaftStorage (RaftStorageImpl.java:format(96)) - Storage directory /home/runner/work/ozone/ozone/hadoop-ozone/integration-test/target/test-dir/MiniOzoneClusterImpl-5e324384-037a-4cb1-b856-3c07748222cd/datanode-0/data/ratis/8f8fae49-b88a-4029-be5a-c5fb72cf15eb has been successfully formatted.
2023-09-19 02:05:17,050 [e39e4681-7919-4d3b-868d-83d4ef0f5b6f-groupManagement] INFO  ratis.ContainerStateMachine (ContainerStateMachine.java:loadSnapshot(262)) - group-C5FB72CF15EB: The snapshot info is null. Setting the last applied indexto:(t:0, i:~)
2023-09-19 02:05:17,050 [e39e4681-7919-4d3b-868d-83d4ef0f5b6f-groupManagement] INFO  server.RaftServerConfigKeys (ConfUtils.java:logGet(46)) - raft.server.log.use.memory = false (default)
2023-09-19 02:05:17,050 [e39e4681-7919-4d3b-868d-83d4ef0f5b6f-groupManagement] INFO  server.RaftServerConfigKeys (ConfUtils.java:logGet(46)) - raft.server.log.purge.gap = 1000000 (custom)
2023-09-19 02:05:17,050 [e39e4681-7919-4d3b-868d-83d4ef0f5b6f-groupManagement] INFO  server.RaftServerConfigKeys (ConfUtils.java:logGet(46)) - raft.server.log.appender.buffer.byte-limit = 33554432 (custom)
2023-09-19 02:05:17,050 [e39e4681-7919-4d3b-868d-83d4ef0f5b6f-groupManagement] INFO  server.RaftServerConfigKeys (ConfUtils.java:logGet(46)) - raft.server.log.statemachine.data.read.timeout = 1000ms (default)
2023-09-19 02:05:17,051 [e39e4681-7919-4d3b-868d-83d4ef0f5b6f-groupManagement] INFO  server.RaftServerConfigKeys (ConfUtils.java:logGet(46)) - raft.server.log.purge.preservation.log.num = 0 (default)
2023-09-19 02:05:17,051 [e39e4681-7919-4d3b-868d-83d4ef0f5b6f-groupManagement] INFO  server.RaftServerConfigKeys (ConfUtils.java:logGet(46)) - raft.server.log.segment.size.max = 1048576 (custom)
2023-09-19 02:05:17,051 [e39e4681-7919-4d3b-868d-83d4ef0f5b6f-groupManagement] INFO  server.RaftServerConfigKeys (ConfUtils.java:logGet(46)) - raft.server.log.segment.cache.num.max = 2 (custom)
2023-09-19 02:05:17,051 [e39e4681-7919-4d3b-868d-83d4ef0f5b6f-groupManagement] INFO  server.RaftServerConfigKeys (ConfUtils.java:logGet(46)) - raft.server.log.segment.cache.size.max = 200MB (=209715200) (default)
2023-09-19 02:05:17,052 [e39e4681-7919-4d3b-868d-83d4ef0f5b6f-groupManagement] INFO  server.RaftServerConfigKeys (ConfUtils.java:logGet(46)) - raft.server.log.appender.buffer.byte-limit = 33554432 (custom)
2023-09-19 02:05:17,052 [e39e4681-7919-4d3b-868d-83d4ef0f5b6f-groupManagement] INFO  segmented.SegmentedRaftLogWorker (SegmentedRaftLogWorker.java:<init>(188)) - new e39e4681-7919-4d3b-868d-83d4ef0f5b6f@group-C5FB72CF15EB-SegmentedRaftLogWorker for RaftStorageImpl:Storage Directory /home/runner/work/ozone/ozone/hadoop-ozone/integration-test/target/test-dir/MiniOzoneClusterImpl-5e324384-037a-4cb1-b856-3c07748222cd/datanode-0/data/ratis/8f8fae49-b88a-4029-be5a-c5fb72cf15eb
2023-09-19 02:05:17,052 [e39e4681-7919-4d3b-868d-83d4ef0f5b6f-groupManagement] INFO  server.RaftServerConfigKeys (ConfUtils.java:logGet(46)) - raft.server.log.queue.byte-limit = 4294967296 (custom)
2023-09-19 02:05:17,052 [e39e4681-7919-4d3b-868d-83d4ef0f5b6f-groupManagement] INFO  server.RaftServerConfigKeys (ConfUtils.java:logGet(46)) - raft.server.log.queue.element-limit = 1024 (custom)
2023-09-19 02:05:17,052 [e39e4681-7919-4d3b-868d-83d4ef0f5b6f-groupManagement] INFO  server.RaftServerConfigKeys (ConfUtils.java:logGet(46)) - raft.server.log.segment.size.max = 1048576 (custom)
2023-09-19 02:05:17,052 [e39e4681-7919-4d3b-868d-83d4ef0f5b6f-groupManagement] INFO  server.RaftServerConfigKeys (ConfUtils.java:logGet(46)) - raft.server.log.preallocated.size = 16384 (custom)
2023-09-19 02:05:17,052 [e39e4681-7919-4d3b-868d-83d4ef0f5b6f-groupManagement] INFO  server.RaftServerConfigKeys (ConfUtils.java:logGet(46)) - raft.server.log.force.sync.num = 128 (default)
2023-09-19 02:05:17,052 [e39e4681-7919-4d3b-868d-83d4ef0f5b6f-groupManagement] INFO  server.RaftServerConfigKeys (ConfUtils.java:logGet(46)) - raft.server.log.statemachine.data.sync = true (default)
2023-09-19 02:05:17,052 [e39e4681-7919-4d3b-868d-83d4ef0f5b6f-groupManagement] INFO  server.RaftServerConfigKeys (ConfUtils.java:logGet(46)) - raft.server.log.statemachine.data.sync.timeout = 10s (default)
2023-09-19 02:05:17,052 [e39e4681-7919-4d3b-868d-83d4ef0f5b6f-groupManagement] INFO  server.RaftServerConfigKeys (ConfUtils.java:logGet(46)) - raft.server.log.statemachine.data.sync.timeout.retry = -1 (default)
2023-09-19 02:05:17,052 [EventQueue-PipelineReportForPipelineReportHandler] INFO  pipeline.PipelineReportHandler (PipelineReportHandler.java:processPipelineReport(136)) - Opened pipeline PipelineID=8f8fae49-b88a-4029-be5a-c5fb72cf15eb
2023-09-19 02:05:17,053 [e39e4681-7919-4d3b-868d-83d4ef0f5b6f-groupManagement] INFO  server.RaftServerConfigKeys (ConfUtils.java:logGet(46)) - raft.server.log.write.buffer.size = 1048576 (custom)
2023-09-19 02:05:17,054 [e39e4681-7919-4d3b-868d-83d4ef0f5b6f-groupManagement] INFO  server.RaftServerConfigKeys (ConfUtils.java:logGet(46)) - raft.server.log.appender.buffer.byte-limit = 33554432 (custom)
2023-09-19 02:05:17,060 [e39e4681-7919-4d3b-868d-83d4ef0f5b6f-groupManagement] INFO  server.RaftServerConfigKeys (ConfUtils.java:logGet(46)) - raft.server.log.unsafe-flush.enabled = false (default)
2023-09-19 02:05:17,060 [EventQueue-OpenPipelineForHealthyPipelineSafeModeRule] INFO  safemode.SCMSafeModeManager (HealthyPipelineSafeModeRule.java:process(137)) - SCM in safe mode. Healthy pipelines reported count is 0, required healthy pipeline reported count is 1
2023-09-19 02:05:17,060 [e39e4681-7919-4d3b-868d-83d4ef0f5b6f-groupManagement] INFO  server.RaftServerConfigKeys (ConfUtils.java:logGet(46)) - raft.server.log.async-flush.enabled = false (default)
2023-09-19 02:05:17,060 [e39e4681-7919-4d3b-868d-83d4ef0f5b6f-groupManagement] INFO  server.RaftServerConfigKeys (ConfUtils.java:logGet(46)) - raft.server.log.statemachine.data.caching.enabled = true (custom)
2023-09-19 02:05:17,060 [e39e4681-7919-4d3b-868d-83d4ef0f5b6f-groupManagement] INFO  segmented.SegmentedRaftLogWorker (SegmentedRaftLogWorker.java:lambda$new$0(135)) - e39e4681-7919-4d3b-868d-83d4ef0f5b6f@group-C5FB72CF15EB-SegmentedRaftLogWorker: flushIndex: setUnconditionally 0 -> -1
2023-09-19 02:05:17,060 [e39e4681-7919-4d3b-868d-83d4ef0f5b6f-groupManagement] INFO  segmented.SegmentedRaftLogWorker (SegmentedRaftLogWorker.java:lambda$new$0(135)) - e39e4681-7919-4d3b-868d-83d4ef0f5b6f@group-C5FB72CF15EB-SegmentedRaftLogWorker: safeCacheEvictIndex: setUnconditionally 0 -> -1
2023-09-19 02:05:17,061 [e39e4681-7919-4d3b-868d-83d4ef0f5b6f-groupManagement] INFO  server.RaftServer$Division (RaftServerImpl.java:start(342)) - e39e4681-7919-4d3b-868d-83d4ef0f5b6f@group-C5FB72CF15EB: start as a follower, conf=-1: peers:[e39e4681-7919-4d3b-868d-83d4ef0f5b6f|rpc:10.1.0.29:15067|admin:10.1.0.29:15066|client:10.1.0.29:15065|dataStream:10.1.0.29:15068|priority:1|startupRole:FOLLOWER]|listeners:[], old=null
2023-09-19 02:05:17,061 [e39e4681-7919-4d3b-868d-83d4ef0f5b6f-groupManagement] INFO  server.RaftServer$Division (RaftServerImpl.java:setRole(329)) - e39e4681-7919-4d3b-868d-83d4ef0f5b6f@group-C5FB72CF15EB: changes role from      null to FOLLOWER at term 0 for startAsFollower
2023-09-19 02:05:17,061 [e39e4681-7919-4d3b-868d-83d4ef0f5b6f-groupManagement] INFO  impl.RoleInfo (RoleInfo.java:updateAndGet(139)) - e39e4681-7919-4d3b-868d-83d4ef0f5b6f: start e39e4681-7919-4d3b-868d-83d4ef0f5b6f@group-C5FB72CF15EB-FollowerState
2023-09-19 02:05:17,061 [e39e4681-7919-4d3b-868d-83d4ef0f5b6f-groupManagement] INFO  util.JmxRegister (JmxRegister.java:tryRegister(44)) - Successfully registered JMX Bean with object name Ratis:service=RaftServer,group=group-C5FB72CF15EB,id=e39e4681-7919-4d3b-868d-83d4ef0f5b6f
2023-09-19 02:05:17,061 [e39e4681-7919-4d3b-868d-83d4ef0f5b6f-groupManagement] INFO  server.RaftServerConfigKeys (ConfUtils.java:logGet(46)) - raft.server.snapshot.auto.trigger.enabled = true (custom)
2023-09-19 02:05:17,061 [e39e4681-7919-4d3b-868d-83d4ef0f5b6f-groupManagement] INFO  server.RaftServerConfigKeys (ConfUtils.java:logGet(46)) - raft.server.snapshot.auto.trigger.threshold = 10000 (custom)
2023-09-19 02:05:17,061 [e39e4681-7919-4d3b-868d-83d4ef0f5b6f-groupManagement] INFO  server.RaftServerConfigKeys (ConfUtils.java:logGet(46)) - raft.server.snapshot.retention.file.num = 5 (custom)
2023-09-19 02:05:17,061 [e39e4681-7919-4d3b-868d-83d4ef0f5b6f-groupManagement] INFO  server.RaftServerConfigKeys (ConfUtils.java:logGet(46)) - raft.server.log.purge.upto.snapshot.index = false (default)
2023-09-19 02:05:17,062 [e39e4681-7919-4d3b-868d-83d4ef0f5b6f@group-C5FB72CF15EB-FollowerState] INFO  server.RaftServerConfigKeys (ConfUtils.java:logFallback(53)) - raft.server.rpc.first-election.timeout.min = 5s (fallback to raft.server.rpc.timeout.min)
2023-09-19 02:05:17,062 [e39e4681-7919-4d3b-868d-83d4ef0f5b6f@group-C5FB72CF15EB-FollowerState] INFO  server.RaftServerConfigKeys (ConfUtils.java:logFallback(53)) - raft.server.rpc.first-election.timeout.max = 5200ms (fallback to raft.server.rpc.timeout.max)
2023-09-19 02:05:17,062 [PipelineCommandHandlerThread-0] INFO  ratis.XceiverServerRatis (XceiverServerRatis.java:addGroup(804)) - Created group PipelineID=8f8fae49-b88a-4029-be5a-c5fb72cf15eb
2023-09-19 02:05:17,062 [PipelineCommandHandlerThread-0] INFO  commandhandler.CreatePipelineCommandHandler (CreatePipelineCommandHandler.java:lambda$handle$2(124)) - Created Pipeline RATIS ONE PipelineID=8f8fae49-b88a-4029-be5a-c5fb72cf15eb.
2023-09-19 02:05:17,062 [PipelineCommandHandlerThread-0] INFO  server.RaftServer (RaftServerProxy.java:addNew(98)) - e39e4681-7919-4d3b-868d-83d4ef0f5b6f: addNew group-59CA478D303A:[5eadcd64-1d4b-44b8-a1e5-0066e95eb1a1|rpc:10.1.0.29:15076|admin:10.1.0.29:15075|client:10.1.0.29:15074|dataStream:10.1.0.29:15077|priority:0|startupRole:FOLLOWER, bb1c6357-9327-4202-8734-55e8eab5c756|rpc:10.1.0.29:15085|admin:10.1.0.29:15084|client:10.1.0.29:15083|dataStream:10.1.0.29:15086|priority:1|startupRole:FOLLOWER, e39e4681-7919-4d3b-868d-83d4ef0f5b6f|rpc:10.1.0.29:15067|admin:10.1.0.29:15066|client:10.1.0.29:15065|dataStream:10.1.0.29:15068|priority:0|startupRole:FOLLOWER] returns group-59CA478D303A:java.util.concurrent.CompletableFuture@13caaf19[Not completed]
2023-09-19 02:05:17,063 [e39e4681-7919-4d3b-868d-83d4ef0f5b6f-groupManagement] INFO  server.RaftServer$Division (RaftServerImpl.java:<init>(198)) - e39e4681-7919-4d3b-868d-83d4ef0f5b6f: new RaftServerImpl for group-59CA478D303A:[5eadcd64-1d4b-44b8-a1e5-0066e95eb1a1|rpc:10.1.0.29:15076|admin:10.1.0.29:15075|client:10.1.0.29:15074|dataStream:10.1.0.29:15077|priority:0|startupRole:FOLLOWER, bb1c6357-9327-4202-8734-55e8eab5c756|rpc:10.1.0.29:15085|admin:10.1.0.29:15084|client:10.1.0.29:15083|dataStream:10.1.0.29:15086|priority:1|startupRole:FOLLOWER, e39e4681-7919-4d3b-868d-83d4ef0f5b6f|rpc:10.1.0.29:15067|admin:10.1.0.29:15066|client:10.1.0.29:15065|dataStream:10.1.0.29:15068|priority:0|startupRole:FOLLOWER] with ContainerStateMachine:uninitialized
2023-09-19 02:05:17,063 [e39e4681-7919-4d3b-868d-83d4ef0f5b6f-groupManagement] INFO  server.RaftServerConfigKeys (ConfUtils.java:logGet(46)) - raft.server.rpc.timeout.min = 5s (custom)
2023-09-19 02:05:17,063 [e39e4681-7919-4d3b-868d-83d4ef0f5b6f-groupManagement] INFO  server.RaftServerConfigKeys (ConfUtils.java:logGet(46)) - raft.server.rpc.timeout.max = 5200ms (custom)
2023-09-19 02:05:17,063 [e39e4681-7919-4d3b-868d-83d4ef0f5b6f-groupManagement] INFO  server.RaftServerConfigKeys (ConfUtils.java:logGet(46)) - raft.server.rpc.sleep.time = 25ms (default)
2023-09-19 02:05:17,064 [e39e4681-7919-4d3b-868d-83d4ef0f5b6f-groupManagement] INFO  server.RaftServerConfigKeys (ConfUtils.java:logGet(46)) - raft.server.rpc.slowness.timeout = 300s (custom)
2023-09-19 02:05:17,064 [e39e4681-7919-4d3b-868d-83d4ef0f5b6f-groupManagement] INFO  server.RaftServerConfigKeys (ConfUtils.java:logGet(46)) - raft.server.leaderelection.leader.step-down.wait-time = 10s (default)
2023-09-19 02:05:17,064 [e39e4681-7919-4d3b-868d-83d4ef0f5b6f-groupManagement] INFO  server.RaftServerConfigKeys (ConfUtils.java:logGet(46)) - raft.server.sleep.deviation.threshold = 300ms (default)
2023-09-19 02:05:17,064 [e39e4681-7919-4d3b-868d-83d4ef0f5b6f-groupManagement] INFO  server.RaftServer$Division (ServerState.java:<init>(120)) - e39e4681-7919-4d3b-868d-83d4ef0f5b6f@group-59CA478D303A: ConfigurationManager, init=-1: peers:[5eadcd64-1d4b-44b8-a1e5-0066e95eb1a1|rpc:10.1.0.29:15076|admin:10.1.0.29:15075|client:10.1.0.29:15074|dataStream:10.1.0.29:15077|priority:0|startupRole:FOLLOWER, bb1c6357-9327-4202-8734-55e8eab5c756|rpc:10.1.0.29:15085|admin:10.1.0.29:15084|client:10.1.0.29:15083|dataStream:10.1.0.29:15086|priority:1|startupRole:FOLLOWER, e39e4681-7919-4d3b-868d-83d4ef0f5b6f|rpc:10.1.0.29:15067|admin:10.1.0.29:15066|client:10.1.0.29:15065|dataStream:10.1.0.29:15068|priority:0|startupRole:FOLLOWER]|listeners:[], old=null, confs=<EMPTY_MAP>
2023-09-19 02:05:17,064 [e39e4681-7919-4d3b-868d-83d4ef0f5b6f-groupManagement] INFO  server.RaftServerConfigKeys (ConfUtils.java:logGet(46)) - raft.server.storage.dir = [/home/runner/work/ozone/ozone/hadoop-ozone/integration-test/target/test-dir/MiniOzoneClusterImpl-5e324384-037a-4cb1-b856-3c07748222cd/datanode-0/data/ratis] (custom)
2023-09-19 02:05:17,064 [e39e4681-7919-4d3b-868d-83d4ef0f5b6f-groupManagement] INFO  server.RaftServerConfigKeys (ConfUtils.java:logGet(46)) - raft.server.log.corruption.policy = EXCEPTION (default)
2023-09-19 02:05:17,064 [e39e4681-7919-4d3b-868d-83d4ef0f5b6f-groupManagement] INFO  server.RaftServerConfigKeys (ConfUtils.java:logGet(46)) - raft.server.storage.free-space.min = 0MB (=0) (default)
2023-09-19 02:05:17,064 [e39e4681-7919-4d3b-868d-83d4ef0f5b6f-groupManagement] INFO  server.RaftServerConfigKeys (ConfUtils.java:logGet(46)) - raft.server.notification.no-leader.timeout = 300s (custom)
2023-09-19 02:05:17,064 [e39e4681-7919-4d3b-868d-83d4ef0f5b6f-groupManagement] INFO  server.RaftServerConfigKeys (ConfUtils.java:logGet(46)) - raft.server.read.timeout = 10s (default)
2023-09-19 02:05:17,064 [e39e4681-7919-4d3b-868d-83d4ef0f5b6f-groupManagement] INFO  server.RaftServerConfigKeys (ConfUtils.java:logGet(46)) - raft.server.retrycache.expirytime = 600000ms (custom)
2023-09-19 02:05:17,064 [e39e4681-7919-4d3b-868d-83d4ef0f5b6f-groupManagement] INFO  server.RaftServerConfigKeys (ConfUtils.java:logGet(46)) - raft.server.retrycache.statistics.expirytime = 100μs (default)
2023-09-19 02:05:17,064 [e39e4681-7919-4d3b-868d-83d4ef0f5b6f-groupManagement] INFO  server.RaftServerConfigKeys (ConfUtils.java:logGet(46)) - raft.server.read.option = DEFAULT (default)
2023-09-19 02:05:17,065 [e39e4681-7919-4d3b-868d-83d4ef0f5b6f-groupManagement] INFO  server.RaftServerConfigKeys (ConfUtils.java:logGet(46)) - raft.server.rpc.request.timeout = 60s (custom)
2023-09-19 02:05:17,065 [e39e4681-7919-4d3b-868d-83d4ef0f5b6f-groupManagement] INFO  server.RaftServerConfigKeys (ConfUtils.java:logGet(46)) - raft.server.log.appender.install.snapshot.enabled = false (custom)
2023-09-19 02:05:17,065 [e39e4681-7919-4d3b-868d-83d4ef0f5b6f-groupManagement] INFO  server.RaftServerConfigKeys (ConfUtils.java:logGet(46)) - raft.server.threadpool.server.cached = true (default)
2023-09-19 02:05:17,065 [e39e4681-7919-4d3b-868d-83d4ef0f5b6f-groupManagement] INFO  server.RaftServerConfigKeys (ConfUtils.java:logGet(46)) - raft.server.threadpool.server.size = 0 (default)
2023-09-19 02:05:17,065 [e39e4681-7919-4d3b-868d-83d4ef0f5b6f-groupManagement] INFO  server.RaftServerConfigKeys (ConfUtils.java:logGet(46)) - raft.server.threadpool.client.cached = true (default)
2023-09-19 02:05:17,065 [e39e4681-7919-4d3b-868d-83d4ef0f5b6f-groupManagement] INFO  server.RaftServerConfigKeys (ConfUtils.java:logGet(46)) - raft.server.threadpool.client.size = 0 (default)
2023-09-19 02:05:17,065 [e39e4681-7919-4d3b-868d-83d4ef0f5b6f-groupManagement] INFO  storage.RaftStorageDirectory (RaftStorageDirectoryImpl.java:analyzeStorage(137)) - The storage directory /home/runner/work/ozone/ozone/hadoop-ozone/integration-test/target/test-dir/MiniOzoneClusterImpl-5e324384-037a-4cb1-b856-3c07748222cd/datanode-0/data/ratis/090ca039-d742-4dd5-a11d-59ca478d303a does not exist. Creating ...
2023-09-19 02:05:17,066 [e39e4681-7919-4d3b-868d-83d4ef0f5b6f-groupManagement] INFO  storage.RaftStorageDirectory (RaftStorageDirectoryImpl.java:tryLock(231)) - Lock on /home/runner/work/ozone/ozone/hadoop-ozone/integration-test/target/test-dir/MiniOzoneClusterImpl-5e324384-037a-4cb1-b856-3c07748222cd/datanode-0/data/ratis/090ca039-d742-4dd5-a11d-59ca478d303a/in_use.lock acquired by nodename 7315@fv-az1031-92
2023-09-19 02:05:17,067 [e39e4681-7919-4d3b-868d-83d4ef0f5b6f-groupManagement] INFO  storage.RaftStorage (RaftStorageImpl.java:format(96)) - Storage directory /home/runner/work/ozone/ozone/hadoop-ozone/integration-test/target/test-dir/MiniOzoneClusterImpl-5e324384-037a-4cb1-b856-3c07748222cd/datanode-0/data/ratis/090ca039-d742-4dd5-a11d-59ca478d303a has been successfully formatted.
2023-09-19 02:05:17,067 [e39e4681-7919-4d3b-868d-83d4ef0f5b6f-groupManagement] INFO  ratis.ContainerStateMachine (ContainerStateMachine.java:loadSnapshot(262)) - group-59CA478D303A: The snapshot info is null. Setting the last applied indexto:(t:0, i:~)
2023-09-19 02:05:17,068 [e39e4681-7919-4d3b-868d-83d4ef0f5b6f-groupManagement] INFO  server.RaftServerConfigKeys (ConfUtils.java:logGet(46)) - raft.server.log.use.memory = false (default)
2023-09-19 02:05:17,068 [e39e4681-7919-4d3b-868d-83d4ef0f5b6f-groupManagement] INFO  server.RaftServerConfigKeys (ConfUtils.java:logGet(46)) - raft.server.log.purge.gap = 1000000 (custom)
2023-09-19 02:05:17,068 [e39e4681-7919-4d3b-868d-83d4ef0f5b6f-groupManagement] INFO  server.RaftServerConfigKeys (ConfUtils.java:logGet(46)) - raft.server.log.appender.buffer.byte-limit = 33554432 (custom)
2023-09-19 02:05:17,068 [e39e4681-7919-4d3b-868d-83d4ef0f5b6f-groupManagement] INFO  server.RaftServerConfigKeys (ConfUtils.java:logGet(46)) - raft.server.log.statemachine.data.read.timeout = 1000ms (default)
2023-09-19 02:05:17,068 [e39e4681-7919-4d3b-868d-83d4ef0f5b6f-groupManagement] INFO  server.RaftServerConfigKeys (ConfUtils.java:logGet(46)) - raft.server.log.purge.preservation.log.num = 0 (default)
2023-09-19 02:05:17,068 [e39e4681-7919-4d3b-868d-83d4ef0f5b6f-groupManagement] INFO  server.RaftServerConfigKeys (ConfUtils.java:logGet(46)) - raft.server.log.segment.size.max = 1048576 (custom)
2023-09-19 02:05:17,069 [EventQueue-OpenPipelineForHealthyPipelineSafeModeRule] INFO  safemode.SCMSafeModeManager (HealthyPipelineSafeModeRule.java:process(137)) - SCM in safe mode. Healthy pipelines reported count is 0, required healthy pipeline reported count is 1
2023-09-19 02:05:17,069 [e39e4681-7919-4d3b-868d-83d4ef0f5b6f-groupManagement] INFO  server.RaftServerConfigKeys (ConfUtils.java:logGet(46)) - raft.server.log.segment.cache.num.max = 2 (custom)
2023-09-19 02:05:17,069 [e39e4681-7919-4d3b-868d-83d4ef0f5b6f-groupManagement] INFO  server.RaftServerConfigKeys (ConfUtils.java:logGet(46)) - raft.server.log.segment.cache.size.max = 200MB (=209715200) (default)
2023-09-19 02:05:17,069 [e39e4681-7919-4d3b-868d-83d4ef0f5b6f-groupManagement] INFO  server.RaftServerConfigKeys (ConfUtils.java:logGet(46)) - raft.server.log.appender.buffer.byte-limit = 33554432 (custom)
2023-09-19 02:05:17,069 [e39e4681-7919-4d3b-868d-83d4ef0f5b6f-groupManagement] INFO  segmented.SegmentedRaftLogWorker (SegmentedRaftLogWorker.java:<init>(188)) - new e39e4681-7919-4d3b-868d-83d4ef0f5b6f@group-59CA478D303A-SegmentedRaftLogWorker for RaftStorageImpl:Storage Directory /home/runner/work/ozone/ozone/hadoop-ozone/integration-test/target/test-dir/MiniOzoneClusterImpl-5e324384-037a-4cb1-b856-3c07748222cd/datanode-0/data/ratis/090ca039-d742-4dd5-a11d-59ca478d303a
2023-09-19 02:05:17,069 [e39e4681-7919-4d3b-868d-83d4ef0f5b6f-groupManagement] INFO  server.RaftServerConfigKeys (ConfUtils.java:logGet(46)) - raft.server.log.queue.byte-limit = 4294967296 (custom)
2023-09-19 02:05:17,069 [e39e4681-7919-4d3b-868d-83d4ef0f5b6f-groupManagement] INFO  server.RaftServerConfigKeys (ConfUtils.java:logGet(46)) - raft.server.log.queue.element-limit = 1024 (custom)
2023-09-19 02:05:17,069 [e39e4681-7919-4d3b-868d-83d4ef0f5b6f-groupManagement] INFO  server.RaftServerConfigKeys (ConfUtils.java:logGet(46)) - raft.server.log.segment.size.max = 1048576 (custom)
2023-09-19 02:05:17,069 [e39e4681-7919-4d3b-868d-83d4ef0f5b6f-groupManagement] INFO  server.RaftServerConfigKeys (ConfUtils.java:logGet(46)) - raft.server.log.preallocated.size = 16384 (custom)
2023-09-19 02:05:17,069 [e39e4681-7919-4d3b-868d-83d4ef0f5b6f-groupManagement] INFO  server.RaftServerConfigKeys (ConfUtils.java:logGet(46)) - raft.server.log.force.sync.num = 128 (default)
2023-09-19 02:05:17,069 [e39e4681-7919-4d3b-868d-83d4ef0f5b6f-groupManagement] INFO  server.RaftServerConfigKeys (ConfUtils.java:logGet(46)) - raft.server.log.statemachine.data.sync = true (default)
2023-09-19 02:05:17,069 [e39e4681-7919-4d3b-868d-83d4ef0f5b6f-groupManagement] INFO  server.RaftServerConfigKeys (ConfUtils.java:logGet(46)) - raft.server.log.statemachine.data.sync.timeout = 10s (default)
2023-09-19 02:05:17,069 [e39e4681-7919-4d3b-868d-83d4ef0f5b6f-groupManagement] INFO  server.RaftServerConfigKeys (ConfUtils.java:logGet(46)) - raft.server.log.statemachine.data.sync.timeout.retry = -1 (default)
2023-09-19 02:05:17,070 [e39e4681-7919-4d3b-868d-83d4ef0f5b6f-groupManagement] INFO  server.RaftServerConfigKeys (ConfUtils.java:logGet(46)) - raft.server.log.write.buffer.size = 1048576 (custom)
2023-09-19 02:05:17,070 [e39e4681-7919-4d3b-868d-83d4ef0f5b6f-groupManagement] INFO  server.RaftServerConfigKeys (ConfUtils.java:logGet(46)) - raft.server.log.appender.buffer.byte-limit = 33554432 (custom)
2023-09-19 02:05:17,075 [e39e4681-7919-4d3b-868d-83d4ef0f5b6f-groupManagement] INFO  server.RaftServerConfigKeys (ConfUtils.java:logGet(46)) - raft.server.log.unsafe-flush.enabled = false (default)
2023-09-19 02:05:17,075 [e39e4681-7919-4d3b-868d-83d4ef0f5b6f-groupManagement] INFO  server.RaftServerConfigKeys (ConfUtils.java:logGet(46)) - raft.server.log.async-flush.enabled = false (default)
2023-09-19 02:05:17,075 [e39e4681-7919-4d3b-868d-83d4ef0f5b6f-groupManagement] INFO  server.RaftServerConfigKeys (ConfUtils.java:logGet(46)) - raft.server.log.statemachine.data.caching.enabled = true (custom)
2023-09-19 02:05:17,075 [e39e4681-7919-4d3b-868d-83d4ef0f5b6f-groupManagement] INFO  segmented.SegmentedRaftLogWorker (SegmentedRaftLogWorker.java:lambda$new$0(135)) - e39e4681-7919-4d3b-868d-83d4ef0f5b6f@group-59CA478D303A-SegmentedRaftLogWorker: flushIndex: setUnconditionally 0 -> -1
2023-09-19 02:05:17,075 [e39e4681-7919-4d3b-868d-83d4ef0f5b6f-groupManagement] INFO  segmented.SegmentedRaftLogWorker (SegmentedRaftLogWorker.java:lambda$new$0(135)) - e39e4681-7919-4d3b-868d-83d4ef0f5b6f@group-59CA478D303A-SegmentedRaftLogWorker: safeCacheEvictIndex: setUnconditionally 0 -> -1
2023-09-19 02:05:17,076 [e39e4681-7919-4d3b-868d-83d4ef0f5b6f-groupManagement] INFO  server.RaftServer$Division (RaftServerImpl.java:start(342)) - e39e4681-7919-4d3b-868d-83d4ef0f5b6f@group-59CA478D303A: start as a follower, conf=-1: peers:[5eadcd64-1d4b-44b8-a1e5-0066e95eb1a1|rpc:10.1.0.29:15076|admin:10.1.0.29:15075|client:10.1.0.29:15074|dataStream:10.1.0.29:15077|priority:0|startupRole:FOLLOWER, bb1c6357-9327-4202-8734-55e8eab5c756|rpc:10.1.0.29:15085|admin:10.1.0.29:15084|client:10.1.0.29:15083|dataStream:10.1.0.29:15086|priority:1|startupRole:FOLLOWER, e39e4681-7919-4d3b-868d-83d4ef0f5b6f|rpc:10.1.0.29:15067|admin:10.1.0.29:15066|client:10.1.0.29:15065|dataStream:10.1.0.29:15068|priority:0|startupRole:FOLLOWER]|listeners:[], old=null
2023-09-19 02:05:17,076 [e39e4681-7919-4d3b-868d-83d4ef0f5b6f-groupManagement] INFO  server.RaftServer$Division (RaftServerImpl.java:setRole(329)) - e39e4681-7919-4d3b-868d-83d4ef0f5b6f@group-59CA478D303A: changes role from      null to FOLLOWER at term 0 for startAsFollower
2023-09-19 02:05:17,076 [e39e4681-7919-4d3b-868d-83d4ef0f5b6f-groupManagement] INFO  impl.RoleInfo (RoleInfo.java:updateAndGet(139)) - e39e4681-7919-4d3b-868d-83d4ef0f5b6f: start e39e4681-7919-4d3b-868d-83d4ef0f5b6f@group-59CA478D303A-FollowerState
2023-09-19 02:05:17,078 [e39e4681-7919-4d3b-868d-83d4ef0f5b6f-groupManagement] INFO  util.JmxRegister (JmxRegister.java:tryRegister(44)) - Successfully registered JMX Bean with object name Ratis:service=RaftServer,group=group-59CA478D303A,id=e39e4681-7919-4d3b-868d-83d4ef0f5b6f
2023-09-19 02:05:17,078 [e39e4681-7919-4d3b-868d-83d4ef0f5b6f-groupManagement] INFO  server.RaftServerConfigKeys (ConfUtils.java:logGet(46)) - raft.server.snapshot.auto.trigger.enabled = true (custom)
2023-09-19 02:05:17,078 [e39e4681-7919-4d3b-868d-83d4ef0f5b6f-groupManagement] INFO  server.RaftServerConfigKeys (ConfUtils.java:logGet(46)) - raft.server.snapshot.auto.trigger.threshold = 10000 (custom)
2023-09-19 02:05:17,078 [e39e4681-7919-4d3b-868d-83d4ef0f5b6f-groupManagement] INFO  server.RaftServerConfigKeys (ConfUtils.java:logGet(46)) - raft.server.snapshot.retention.file.num = 5 (custom)
2023-09-19 02:05:17,079 [e39e4681-7919-4d3b-868d-83d4ef0f5b6f-groupManagement] INFO  server.RaftServerConfigKeys (ConfUtils.java:logGet(46)) - raft.server.log.purge.upto.snapshot.index = false (default)
2023-09-19 02:05:17,079 [e39e4681-7919-4d3b-868d-83d4ef0f5b6f@group-59CA478D303A-FollowerState] INFO  server.RaftServerConfigKeys (ConfUtils.java:logFallback(53)) - raft.server.rpc.first-election.timeout.min = 5s (fallback to raft.server.rpc.timeout.min)
2023-09-19 02:05:17,079 [e39e4681-7919-4d3b-868d-83d4ef0f5b6f@group-59CA478D303A-FollowerState] INFO  server.RaftServerConfigKeys (ConfUtils.java:logFallback(53)) - raft.server.rpc.first-election.timeout.max = 5200ms (fallback to raft.server.rpc.timeout.max)
2023-09-19 02:05:17,082 [PipelineCommandHandlerThread-0] INFO  ratis.XceiverServerRatis (XceiverServerRatis.java:addGroup(804)) - Created group PipelineID=090ca039-d742-4dd5-a11d-59ca478d303a
2023-09-19 02:05:17,102 [grpc-default-executor-0] INFO  server.RaftServer (RaftServerProxy.java:addNew(98)) - 5eadcd64-1d4b-44b8-a1e5-0066e95eb1a1: addNew group-59CA478D303A:[5eadcd64-1d4b-44b8-a1e5-0066e95eb1a1|rpc:10.1.0.29:15076|admin:10.1.0.29:15075|client:10.1.0.29:15074|dataStream:10.1.0.29:15077|priority:0|startupRole:FOLLOWER, bb1c6357-9327-4202-8734-55e8eab5c756|rpc:10.1.0.29:15085|admin:10.1.0.29:15084|client:10.1.0.29:15083|dataStream:10.1.0.29:15086|priority:1|startupRole:FOLLOWER, e39e4681-7919-4d3b-868d-83d4ef0f5b6f|rpc:10.1.0.29:15067|admin:10.1.0.29:15066|client:10.1.0.29:15065|dataStream:10.1.0.29:15068|priority:0|startupRole:FOLLOWER] returns group-59CA478D303A:java.util.concurrent.CompletableFuture@4513c079[Not completed]
2023-09-19 02:05:17,103 [5eadcd64-1d4b-44b8-a1e5-0066e95eb1a1-groupManagement] INFO  server.RaftServer$Division (RaftServerImpl.java:<init>(198)) - 5eadcd64-1d4b-44b8-a1e5-0066e95eb1a1: new RaftServerImpl for group-59CA478D303A:[5eadcd64-1d4b-44b8-a1e5-0066e95eb1a1|rpc:10.1.0.29:15076|admin:10.1.0.29:15075|client:10.1.0.29:15074|dataStream:10.1.0.29:15077|priority:0|startupRole:FOLLOWER, bb1c6357-9327-4202-8734-55e8eab5c756|rpc:10.1.0.29:15085|admin:10.1.0.29:15084|client:10.1.0.29:15083|dataStream:10.1.0.29:15086|priority:1|startupRole:FOLLOWER, e39e4681-7919-4d3b-868d-83d4ef0f5b6f|rpc:10.1.0.29:15067|admin:10.1.0.29:15066|client:10.1.0.29:15065|dataStream:10.1.0.29:15068|priority:0|startupRole:FOLLOWER] with ContainerStateMachine:uninitialized
2023-09-19 02:05:17,103 [5eadcd64-1d4b-44b8-a1e5-0066e95eb1a1-groupManagement] INFO  server.RaftServerConfigKeys (ConfUtils.java:logGet(46)) - raft.server.rpc.timeout.min = 5s (custom)
2023-09-19 02:05:17,103 [5eadcd64-1d4b-44b8-a1e5-0066e95eb1a1-groupManagement] INFO  server.RaftServerConfigKeys (ConfUtils.java:logGet(46)) - raft.server.rpc.timeout.max = 5200ms (custom)
2023-09-19 02:05:17,103 [5eadcd64-1d4b-44b8-a1e5-0066e95eb1a1-groupManagement] INFO  server.RaftServerConfigKeys (ConfUtils.java:logGet(46)) - raft.server.rpc.sleep.time = 25ms (default)
2023-09-19 02:05:17,103 [5eadcd64-1d4b-44b8-a1e5-0066e95eb1a1-groupManagement] INFO  server.RaftServerConfigKeys (ConfUtils.java:logGet(46)) - raft.server.rpc.slowness.timeout = 300s (custom)
2023-09-19 02:05:17,103 [5eadcd64-1d4b-44b8-a1e5-0066e95eb1a1-groupManagement] INFO  server.RaftServerConfigKeys (ConfUtils.java:logGet(46)) - raft.server.leaderelection.leader.step-down.wait-time = 10s (default)
2023-09-19 02:05:17,103 [5eadcd64-1d4b-44b8-a1e5-0066e95eb1a1-groupManagement] INFO  server.RaftServerConfigKeys (ConfUtils.java:logGet(46)) - raft.server.sleep.deviation.threshold = 300ms (default)
2023-09-19 02:05:17,103 [5eadcd64-1d4b-44b8-a1e5-0066e95eb1a1-groupManagement] INFO  server.RaftServer$Division (ServerState.java:<init>(120)) - 5eadcd64-1d4b-44b8-a1e5-0066e95eb1a1@group-59CA478D303A: ConfigurationManager, init=-1: peers:[5eadcd64-1d4b-44b8-a1e5-0066e95eb1a1|rpc:10.1.0.29:15076|admin:10.1.0.29:15075|client:10.1.0.29:15074|dataStream:10.1.0.29:15077|priority:0|startupRole:FOLLOWER, bb1c6357-9327-4202-8734-55e8eab5c756|rpc:10.1.0.29:15085|admin:10.1.0.29:15084|client:10.1.0.29:15083|dataStream:10.1.0.29:15086|priority:1|startupRole:FOLLOWER, e39e4681-7919-4d3b-868d-83d4ef0f5b6f|rpc:10.1.0.29:15067|admin:10.1.0.29:15066|client:10.1.0.29:15065|dataStream:10.1.0.29:15068|priority:0|startupRole:FOLLOWER]|listeners:[], old=null, confs=<EMPTY_MAP>
2023-09-19 02:05:17,104 [5eadcd64-1d4b-44b8-a1e5-0066e95eb1a1-groupManagement] INFO  server.RaftServerConfigKeys (ConfUtils.java:logGet(46)) - raft.server.storage.dir = [/home/runner/work/ozone/ozone/hadoop-ozone/integration-test/target/test-dir/MiniOzoneClusterImpl-5e324384-037a-4cb1-b856-3c07748222cd/datanode-1/data/ratis] (custom)
2023-09-19 02:05:17,104 [5eadcd64-1d4b-44b8-a1e5-0066e95eb1a1-groupManagement] INFO  server.RaftServerConfigKeys (ConfUtils.java:logGet(46)) - raft.server.log.corruption.policy = EXCEPTION (default)
2023-09-19 02:05:17,104 [5eadcd64-1d4b-44b8-a1e5-0066e95eb1a1-groupManagement] INFO  server.RaftServerConfigKeys (ConfUtils.java:logGet(46)) - raft.server.storage.free-space.min = 0MB (=0) (default)
2023-09-19 02:05:17,104 [5eadcd64-1d4b-44b8-a1e5-0066e95eb1a1-groupManagement] INFO  server.RaftServerConfigKeys (ConfUtils.java:logGet(46)) - raft.server.notification.no-leader.timeout = 300s (custom)
2023-09-19 02:05:17,104 [5eadcd64-1d4b-44b8-a1e5-0066e95eb1a1-groupManagement] INFO  server.RaftServerConfigKeys (ConfUtils.java:logGet(46)) - raft.server.read.timeout = 10s (default)
2023-09-19 02:05:17,104 [5eadcd64-1d4b-44b8-a1e5-0066e95eb1a1-groupManagement] INFO  server.RaftServerConfigKeys (ConfUtils.java:logGet(46)) - raft.server.retrycache.expirytime = 600000ms (custom)
2023-09-19 02:05:17,104 [5eadcd64-1d4b-44b8-a1e5-0066e95eb1a1-groupManagement] INFO  server.RaftServerConfigKeys (ConfUtils.java:logGet(46)) - raft.server.retrycache.statistics.expirytime = 100μs (default)
2023-09-19 02:05:17,104 [5eadcd64-1d4b-44b8-a1e5-0066e95eb1a1-groupManagement] INFO  server.RaftServerConfigKeys (ConfUtils.java:logGet(46)) - raft.server.read.option = DEFAULT (default)
2023-09-19 02:05:17,105 [5eadcd64-1d4b-44b8-a1e5-0066e95eb1a1-groupManagement] INFO  server.RaftServerConfigKeys (ConfUtils.java:logGet(46)) - raft.server.rpc.request.timeout = 60s (custom)
2023-09-19 02:05:17,105 [5eadcd64-1d4b-44b8-a1e5-0066e95eb1a1-groupManagement] INFO  server.RaftServerConfigKeys (ConfUtils.java:logGet(46)) - raft.server.log.appender.install.snapshot.enabled = false (custom)
2023-09-19 02:05:17,105 [5eadcd64-1d4b-44b8-a1e5-0066e95eb1a1-groupManagement] INFO  server.RaftServerConfigKeys (ConfUtils.java:logGet(46)) - raft.server.threadpool.server.cached = true (default)
2023-09-19 02:05:17,105 [5eadcd64-1d4b-44b8-a1e5-0066e95eb1a1-groupManagement] INFO  server.RaftServerConfigKeys (ConfUtils.java:logGet(46)) - raft.server.threadpool.server.size = 0 (default)
2023-09-19 02:05:17,105 [5eadcd64-1d4b-44b8-a1e5-0066e95eb1a1-groupManagement] INFO  server.RaftServerConfigKeys (ConfUtils.java:logGet(46)) - raft.server.threadpool.client.cached = true (default)
2023-09-19 02:05:17,105 [5eadcd64-1d4b-44b8-a1e5-0066e95eb1a1-groupManagement] INFO  server.RaftServerConfigKeys (ConfUtils.java:logGet(46)) - raft.server.threadpool.client.size = 0 (default)
2023-09-19 02:05:17,105 [5eadcd64-1d4b-44b8-a1e5-0066e95eb1a1-groupManagement] INFO  storage.RaftStorageDirectory (RaftStorageDirectoryImpl.java:analyzeStorage(137)) - The storage directory /home/runner/work/ozone/ozone/hadoop-ozone/integration-test/target/test-dir/MiniOzoneClusterImpl-5e324384-037a-4cb1-b856-3c07748222cd/datanode-1/data/ratis/090ca039-d742-4dd5-a11d-59ca478d303a does not exist. Creating ...
2023-09-19 02:05:17,106 [5eadcd64-1d4b-44b8-a1e5-0066e95eb1a1-groupManagement] INFO  storage.RaftStorageDirectory (RaftStorageDirectoryImpl.java:tryLock(231)) - Lock on /home/runner/work/ozone/ozone/hadoop-ozone/integration-test/target/test-dir/MiniOzoneClusterImpl-5e324384-037a-4cb1-b856-3c07748222cd/datanode-1/data/ratis/090ca039-d742-4dd5-a11d-59ca478d303a/in_use.lock acquired by nodename 7315@fv-az1031-92
2023-09-19 02:05:17,108 [5eadcd64-1d4b-44b8-a1e5-0066e95eb1a1-groupManagement] INFO  storage.RaftStorage (RaftStorageImpl.java:format(96)) - Storage directory /home/runner/work/ozone/ozone/hadoop-ozone/integration-test/target/test-dir/MiniOzoneClusterImpl-5e324384-037a-4cb1-b856-3c07748222cd/datanode-1/data/ratis/090ca039-d742-4dd5-a11d-59ca478d303a has been successfully formatted.
2023-09-19 02:05:17,109 [5eadcd64-1d4b-44b8-a1e5-0066e95eb1a1-groupManagement] INFO  ratis.ContainerStateMachine (ContainerStateMachine.java:loadSnapshot(262)) - group-59CA478D303A: The snapshot info is null. Setting the last applied indexto:(t:0, i:~)
2023-09-19 02:05:17,110 [5eadcd64-1d4b-44b8-a1e5-0066e95eb1a1-groupManagement] INFO  server.RaftServerConfigKeys (ConfUtils.java:logGet(46)) - raft.server.log.use.memory = false (default)
2023-09-19 02:05:17,110 [5eadcd64-1d4b-44b8-a1e5-0066e95eb1a1-groupManagement] INFO  server.RaftServerConfigKeys (ConfUtils.java:logGet(46)) - raft.server.log.purge.gap = 1000000 (custom)
2023-09-19 02:05:17,110 [5eadcd64-1d4b-44b8-a1e5-0066e95eb1a1-groupManagement] INFO  server.RaftServerConfigKeys (ConfUtils.java:logGet(46)) - raft.server.log.appender.buffer.byte-limit = 33554432 (custom)
2023-09-19 02:05:17,111 [5eadcd64-1d4b-44b8-a1e5-0066e95eb1a1-groupManagement] INFO  server.RaftServerConfigKeys (ConfUtils.java:logGet(46)) - raft.server.log.statemachine.data.read.timeout = 1000ms (default)
2023-09-19 02:05:17,111 [5eadcd64-1d4b-44b8-a1e5-0066e95eb1a1-groupManagement] INFO  server.RaftServerConfigKeys (ConfUtils.java:logGet(46)) - raft.server.log.purge.preservation.log.num = 0 (default)
2023-09-19 02:05:17,111 [5eadcd64-1d4b-44b8-a1e5-0066e95eb1a1-groupManagement] INFO  server.RaftServerConfigKeys (ConfUtils.java:logGet(46)) - raft.server.log.segment.size.max = 1048576 (custom)
2023-09-19 02:05:17,111 [5eadcd64-1d4b-44b8-a1e5-0066e95eb1a1-groupManagement] INFO  server.RaftServerConfigKeys (ConfUtils.java:logGet(46)) - raft.server.log.segment.cache.num.max = 2 (custom)
2023-09-19 02:05:17,111 [5eadcd64-1d4b-44b8-a1e5-0066e95eb1a1-groupManagement] INFO  server.RaftServerConfigKeys (ConfUtils.java:logGet(46)) - raft.server.log.segment.cache.size.max = 200MB (=209715200) (default)
2023-09-19 02:05:17,111 [5eadcd64-1d4b-44b8-a1e5-0066e95eb1a1-groupManagement] INFO  server.RaftServerConfigKeys (ConfUtils.java:logGet(46)) - raft.server.log.appender.buffer.byte-limit = 33554432 (custom)
2023-09-19 02:05:17,111 [5eadcd64-1d4b-44b8-a1e5-0066e95eb1a1-groupManagement] INFO  segmented.SegmentedRaftLogWorker (SegmentedRaftLogWorker.java:<init>(188)) - new 5eadcd64-1d4b-44b8-a1e5-0066e95eb1a1@group-59CA478D303A-SegmentedRaftLogWorker for RaftStorageImpl:Storage Directory /home/runner/work/ozone/ozone/hadoop-ozone/integration-test/target/test-dir/MiniOzoneClusterImpl-5e324384-037a-4cb1-b856-3c07748222cd/datanode-1/data/ratis/090ca039-d742-4dd5-a11d-59ca478d303a
2023-09-19 02:05:17,112 [5eadcd64-1d4b-44b8-a1e5-0066e95eb1a1-groupManagement] INFO  server.RaftServerConfigKeys (ConfUtils.java:logGet(46)) - raft.server.log.queue.byte-limit = 4294967296 (custom)
2023-09-19 02:05:17,112 [5eadcd64-1d4b-44b8-a1e5-0066e95eb1a1-groupManagement] INFO  server.RaftServerConfigKeys (ConfUtils.java:logGet(46)) - raft.server.log.queue.element-limit = 1024 (custom)
2023-09-19 02:05:17,112 [5eadcd64-1d4b-44b8-a1e5-0066e95eb1a1-groupManagement] INFO  server.RaftServerConfigKeys (ConfUtils.java:logGet(46)) - raft.server.log.segment.size.max = 1048576 (custom)
2023-09-19 02:05:17,112 [5eadcd64-1d4b-44b8-a1e5-0066e95eb1a1-groupManagement] INFO  server.RaftServerConfigKeys (ConfUtils.java:logGet(46)) - raft.server.log.preallocated.size = 16384 (custom)
2023-09-19 02:05:17,112 [5eadcd64-1d4b-44b8-a1e5-0066e95eb1a1-groupManagement] INFO  server.RaftServerConfigKeys (ConfUtils.java:logGet(46)) - raft.server.log.force.sync.num = 128 (default)
2023-09-19 02:05:17,112 [5eadcd64-1d4b-44b8-a1e5-0066e95eb1a1-groupManagement] INFO  server.RaftServerConfigKeys (ConfUtils.java:logGet(46)) - raft.server.log.statemachine.data.sync = true (default)
2023-09-19 02:05:17,112 [5eadcd64-1d4b-44b8-a1e5-0066e95eb1a1-groupManagement] INFO  server.RaftServerConfigKeys (ConfUtils.java:logGet(46)) - raft.server.log.statemachine.data.sync.timeout = 10s (default)
2023-09-19 02:05:17,113 [5eadcd64-1d4b-44b8-a1e5-0066e95eb1a1-groupManagement] INFO  server.RaftServerConfigKeys (ConfUtils.java:logGet(46)) - raft.server.log.statemachine.data.sync.timeout.retry = -1 (default)
2023-09-19 02:05:17,113 [5eadcd64-1d4b-44b8-a1e5-0066e95eb1a1-groupManagement] INFO  server.RaftServerConfigKeys (ConfUtils.java:logGet(46)) - raft.server.log.write.buffer.size = 1048576 (custom)
2023-09-19 02:05:17,113 [5eadcd64-1d4b-44b8-a1e5-0066e95eb1a1-groupManagement] INFO  server.RaftServerConfigKeys (ConfUtils.java:logGet(46)) - raft.server.log.appender.buffer.byte-limit = 33554432 (custom)
2023-09-19 02:05:17,118 [5eadcd64-1d4b-44b8-a1e5-0066e95eb1a1-groupManagement] INFO  server.RaftServerConfigKeys (ConfUtils.java:logGet(46)) - raft.server.log.unsafe-flush.enabled = false (default)
2023-09-19 02:05:17,118 [5eadcd64-1d4b-44b8-a1e5-0066e95eb1a1-groupManagement] INFO  server.RaftServerConfigKeys (ConfUtils.java:logGet(46)) - raft.server.log.async-flush.enabled = false (default)
2023-09-19 02:05:17,118 [5eadcd64-1d4b-44b8-a1e5-0066e95eb1a1-groupManagement] INFO  server.RaftServerConfigKeys (ConfUtils.java:logGet(46)) - raft.server.log.statemachine.data.caching.enabled = true (custom)
2023-09-19 02:05:17,119 [5eadcd64-1d4b-44b8-a1e5-0066e95eb1a1-groupManagement] INFO  segmented.SegmentedRaftLogWorker (SegmentedRaftLogWorker.java:lambda$new$0(135)) - 5eadcd64-1d4b-44b8-a1e5-0066e95eb1a1@group-59CA478D303A-SegmentedRaftLogWorker: flushIndex: setUnconditionally 0 -> -1
2023-09-19 02:05:17,119 [5eadcd64-1d4b-44b8-a1e5-0066e95eb1a1-groupManagement] INFO  segmented.SegmentedRaftLogWorker (SegmentedRaftLogWorker.java:lambda$new$0(135)) - 5eadcd64-1d4b-44b8-a1e5-0066e95eb1a1@group-59CA478D303A-SegmentedRaftLogWorker: safeCacheEvictIndex: setUnconditionally 0 -> -1
2023-09-19 02:05:17,119 [5eadcd64-1d4b-44b8-a1e5-0066e95eb1a1-groupManagement] INFO  server.RaftServer$Division (RaftServerImpl.java:start(342)) - 5eadcd64-1d4b-44b8-a1e5-0066e95eb1a1@group-59CA478D303A: start as a follower, conf=-1: peers:[5eadcd64-1d4b-44b8-a1e5-0066e95eb1a1|rpc:10.1.0.29:15076|admin:10.1.0.29:15075|client:10.1.0.29:15074|dataStream:10.1.0.29:15077|priority:0|startupRole:FOLLOWER, bb1c6357-9327-4202-8734-55e8eab5c756|rpc:10.1.0.29:15085|admin:10.1.0.29:15084|client:10.1.0.29:15083|dataStream:10.1.0.29:15086|priority:1|startupRole:FOLLOWER, e39e4681-7919-4d3b-868d-83d4ef0f5b6f|rpc:10.1.0.29:15067|admin:10.1.0.29:15066|client:10.1.0.29:15065|dataStream:10.1.0.29:15068|priority:0|startupRole:FOLLOWER]|listeners:[], old=null
2023-09-19 02:05:17,119 [5eadcd64-1d4b-44b8-a1e5-0066e95eb1a1-groupManagement] INFO  server.RaftServer$Division (RaftServerImpl.java:setRole(329)) - 5eadcd64-1d4b-44b8-a1e5-0066e95eb1a1@group-59CA478D303A: changes role from      null to FOLLOWER at term 0 for startAsFollower
2023-09-19 02:05:17,119 [5eadcd64-1d4b-44b8-a1e5-0066e95eb1a1-groupManagement] INFO  impl.RoleInfo (RoleInfo.java:updateAndGet(139)) - 5eadcd64-1d4b-44b8-a1e5-0066e95eb1a1: start 5eadcd64-1d4b-44b8-a1e5-0066e95eb1a1@group-59CA478D303A-FollowerState
2023-09-19 02:05:17,119 [5eadcd64-1d4b-44b8-a1e5-0066e95eb1a1@group-59CA478D303A-FollowerState] INFO  server.RaftServerConfigKeys (ConfUtils.java:logFallback(53)) - raft.server.rpc.first-election.timeout.min = 5s (fallback to raft.server.rpc.timeout.min)
2023-09-19 02:05:17,119 [5eadcd64-1d4b-44b8-a1e5-0066e95eb1a1@group-59CA478D303A-FollowerState] INFO  server.RaftServerConfigKeys (ConfUtils.java:logFallback(53)) - raft.server.rpc.first-election.timeout.max = 5200ms (fallback to raft.server.rpc.timeout.max)
2023-09-19 02:05:17,119 [5eadcd64-1d4b-44b8-a1e5-0066e95eb1a1-groupManagement] INFO  util.JmxRegister (JmxRegister.java:tryRegister(44)) - Successfully registered JMX Bean with object name Ratis:service=RaftServer,group=group-59CA478D303A,id=5eadcd64-1d4b-44b8-a1e5-0066e95eb1a1
2023-09-19 02:05:17,120 [5eadcd64-1d4b-44b8-a1e5-0066e95eb1a1-groupManagement] INFO  server.RaftServerConfigKeys (ConfUtils.java:logGet(46)) - raft.server.snapshot.auto.trigger.enabled = true (custom)
2023-09-19 02:05:17,120 [5eadcd64-1d4b-44b8-a1e5-0066e95eb1a1-groupManagement] INFO  server.RaftServerConfigKeys (ConfUtils.java:logGet(46)) - raft.server.snapshot.auto.trigger.threshold = 10000 (custom)
2023-09-19 02:05:17,120 [5eadcd64-1d4b-44b8-a1e5-0066e95eb1a1-groupManagement] INFO  server.RaftServerConfigKeys (ConfUtils.java:logGet(46)) - raft.server.snapshot.retention.file.num = 5 (custom)
2023-09-19 02:05:17,120 [5eadcd64-1d4b-44b8-a1e5-0066e95eb1a1-groupManagement] INFO  server.RaftServerConfigKeys (ConfUtils.java:logGet(46)) - raft.server.log.purge.upto.snapshot.index = false (default)
2023-09-19 02:05:17,146 [grpc-default-executor-0] INFO  server.RaftServer (RaftServerProxy.java:addNew(98)) - bb1c6357-9327-4202-8734-55e8eab5c756: addNew group-59CA478D303A:[5eadcd64-1d4b-44b8-a1e5-0066e95eb1a1|rpc:10.1.0.29:15076|admin:10.1.0.29:15075|client:10.1.0.29:15074|dataStream:10.1.0.29:15077|priority:0|startupRole:FOLLOWER, bb1c6357-9327-4202-8734-55e8eab5c756|rpc:10.1.0.29:15085|admin:10.1.0.29:15084|client:10.1.0.29:15083|dataStream:10.1.0.29:15086|priority:1|startupRole:FOLLOWER, e39e4681-7919-4d3b-868d-83d4ef0f5b6f|rpc:10.1.0.29:15067|admin:10.1.0.29:15066|client:10.1.0.29:15065|dataStream:10.1.0.29:15068|priority:0|startupRole:FOLLOWER] returns group-59CA478D303A:java.util.concurrent.CompletableFuture@26b88eb4[Not completed]
2023-09-19 02:05:17,147 [bb1c6357-9327-4202-8734-55e8eab5c756-groupManagement] INFO  server.RaftServer$Division (RaftServerImpl.java:<init>(198)) - bb1c6357-9327-4202-8734-55e8eab5c756: new RaftServerImpl for group-59CA478D303A:[5eadcd64-1d4b-44b8-a1e5-0066e95eb1a1|rpc:10.1.0.29:15076|admin:10.1.0.29:15075|client:10.1.0.29:15074|dataStream:10.1.0.29:15077|priority:0|startupRole:FOLLOWER, bb1c6357-9327-4202-8734-55e8eab5c756|rpc:10.1.0.29:15085|admin:10.1.0.29:15084|client:10.1.0.29:15083|dataStream:10.1.0.29:15086|priority:1|startupRole:FOLLOWER, e39e4681-7919-4d3b-868d-83d4ef0f5b6f|rpc:10.1.0.29:15067|admin:10.1.0.29:15066|client:10.1.0.29:15065|dataStream:10.1.0.29:15068|priority:0|startupRole:FOLLOWER] with ContainerStateMachine:uninitialized
2023-09-19 02:05:17,148 [bb1c6357-9327-4202-8734-55e8eab5c756-groupManagement] INFO  server.RaftServerConfigKeys (ConfUtils.java:logGet(46)) - raft.server.rpc.timeout.min = 5s (custom)
2023-09-19 02:05:17,148 [bb1c6357-9327-4202-8734-55e8eab5c756-groupManagement] INFO  server.RaftServerConfigKeys (ConfUtils.java:logGet(46)) - raft.server.rpc.timeout.max = 5200ms (custom)
2023-09-19 02:05:17,148 [bb1c6357-9327-4202-8734-55e8eab5c756-groupManagement] INFO  server.RaftServerConfigKeys (ConfUtils.java:logGet(46)) - raft.server.rpc.sleep.time = 25ms (default)
2023-09-19 02:05:17,148 [bb1c6357-9327-4202-8734-55e8eab5c756-groupManagement] INFO  server.RaftServerConfigKeys (ConfUtils.java:logGet(46)) - raft.server.rpc.slowness.timeout = 300s (custom)
2023-09-19 02:05:17,148 [bb1c6357-9327-4202-8734-55e8eab5c756-groupManagement] INFO  server.RaftServerConfigKeys (ConfUtils.java:logGet(46)) - raft.server.leaderelection.leader.step-down.wait-time = 10s (default)
2023-09-19 02:05:17,148 [bb1c6357-9327-4202-8734-55e8eab5c756-groupManagement] INFO  server.RaftServerConfigKeys (ConfUtils.java:logGet(46)) - raft.server.sleep.deviation.threshold = 300ms (default)
2023-09-19 02:05:17,148 [bb1c6357-9327-4202-8734-55e8eab5c756-groupManagement] INFO  server.RaftServer$Division (ServerState.java:<init>(120)) - bb1c6357-9327-4202-8734-55e8eab5c756@group-59CA478D303A: ConfigurationManager, init=-1: peers:[5eadcd64-1d4b-44b8-a1e5-0066e95eb1a1|rpc:10.1.0.29:15076|admin:10.1.0.29:15075|client:10.1.0.29:15074|dataStream:10.1.0.29:15077|priority:0|startupRole:FOLLOWER, bb1c6357-9327-4202-8734-55e8eab5c756|rpc:10.1.0.29:15085|admin:10.1.0.29:15084|client:10.1.0.29:15083|dataStream:10.1.0.29:15086|priority:1|startupRole:FOLLOWER, e39e4681-7919-4d3b-868d-83d4ef0f5b6f|rpc:10.1.0.29:15067|admin:10.1.0.29:15066|client:10.1.0.29:15065|dataStream:10.1.0.29:15068|priority:0|startupRole:FOLLOWER]|listeners:[], old=null, confs=<EMPTY_MAP>
2023-09-19 02:05:17,148 [bb1c6357-9327-4202-8734-55e8eab5c756-groupManagement] INFO  server.RaftServerConfigKeys (ConfUtils.java:logGet(46)) - raft.server.storage.dir = [/home/runner/work/ozone/ozone/hadoop-ozone/integration-test/target/test-dir/MiniOzoneClusterImpl-5e324384-037a-4cb1-b856-3c07748222cd/datanode-2/data/ratis] (custom)
2023-09-19 02:05:17,148 [bb1c6357-9327-4202-8734-55e8eab5c756-groupManagement] INFO  server.RaftServerConfigKeys (ConfUtils.java:logGet(46)) - raft.server.log.corruption.policy = EXCEPTION (default)
2023-09-19 02:05:17,148 [bb1c6357-9327-4202-8734-55e8eab5c756-groupManagement] INFO  server.RaftServerConfigKeys (ConfUtils.java:logGet(46)) - raft.server.storage.free-space.min = 0MB (=0) (default)
2023-09-19 02:05:17,149 [bb1c6357-9327-4202-8734-55e8eab5c756-groupManagement] INFO  server.RaftServerConfigKeys (ConfUtils.java:logGet(46)) - raft.server.notification.no-leader.timeout = 300s (custom)
2023-09-19 02:05:17,149 [bb1c6357-9327-4202-8734-55e8eab5c756-groupManagement] INFO  server.RaftServerConfigKeys (ConfUtils.java:logGet(46)) - raft.server.read.timeout = 10s (default)
2023-09-19 02:05:17,149 [bb1c6357-9327-4202-8734-55e8eab5c756-groupManagement] INFO  server.RaftServerConfigKeys (ConfUtils.java:logGet(46)) - raft.server.retrycache.expirytime = 600000ms (custom)
2023-09-19 02:05:17,149 [bb1c6357-9327-4202-8734-55e8eab5c756-groupManagement] INFO  server.RaftServerConfigKeys (ConfUtils.java:logGet(46)) - raft.server.retrycache.statistics.expirytime = 100μs (default)
2023-09-19 02:05:17,149 [bb1c6357-9327-4202-8734-55e8eab5c756-groupManagement] INFO  server.RaftServerConfigKeys (ConfUtils.java:logGet(46)) - raft.server.read.option = DEFAULT (default)
2023-09-19 02:05:17,150 [bb1c6357-9327-4202-8734-55e8eab5c756-groupManagement] INFO  server.RaftServerConfigKeys (ConfUtils.java:logGet(46)) - raft.server.rpc.request.timeout = 60s (custom)
2023-09-19 02:05:17,150 [bb1c6357-9327-4202-8734-55e8eab5c756-groupManagement] INFO  server.RaftServerConfigKeys (ConfUtils.java:logGet(46)) - raft.server.log.appender.install.snapshot.enabled = false (custom)
2023-09-19 02:05:17,150 [bb1c6357-9327-4202-8734-55e8eab5c756-groupManagement] INFO  server.RaftServerConfigKeys (ConfUtils.java:logGet(46)) - raft.server.threadpool.server.cached = true (default)
2023-09-19 02:05:17,150 [bb1c6357-9327-4202-8734-55e8eab5c756-groupManagement] INFO  server.RaftServerConfigKeys (ConfUtils.java:logGet(46)) - raft.server.threadpool.server.size = 0 (default)
2023-09-19 02:05:17,150 [bb1c6357-9327-4202-8734-55e8eab5c756-groupManagement] INFO  server.RaftServerConfigKeys (ConfUtils.java:logGet(46)) - raft.server.threadpool.client.cached = true (default)
2023-09-19 02:05:17,150 [bb1c6357-9327-4202-8734-55e8eab5c756-groupManagement] INFO  server.RaftServerConfigKeys (ConfUtils.java:logGet(46)) - raft.server.threadpool.client.size = 0 (default)
2023-09-19 02:05:17,150 [bb1c6357-9327-4202-8734-55e8eab5c756-groupManagement] INFO  storage.RaftStorageDirectory (RaftStorageDirectoryImpl.java:analyzeStorage(137)) - The storage directory /home/runner/work/ozone/ozone/hadoop-ozone/integration-test/target/test-dir/MiniOzoneClusterImpl-5e324384-037a-4cb1-b856-3c07748222cd/datanode-2/data/ratis/090ca039-d742-4dd5-a11d-59ca478d303a does not exist. Creating ...
2023-09-19 02:05:17,158 [bb1c6357-9327-4202-8734-55e8eab5c756-groupManagement] INFO  storage.RaftStorageDirectory (RaftStorageDirectoryImpl.java:tryLock(231)) - Lock on /home/runner/work/ozone/ozone/hadoop-ozone/integration-test/target/test-dir/MiniOzoneClusterImpl-5e324384-037a-4cb1-b856-3c07748222cd/datanode-2/data/ratis/090ca039-d742-4dd5-a11d-59ca478d303a/in_use.lock acquired by nodename 7315@fv-az1031-92
2023-09-19 02:05:17,159 [bb1c6357-9327-4202-8734-55e8eab5c756-groupManagement] INFO  storage.RaftStorage (RaftStorageImpl.java:format(96)) - Storage directory /home/runner/work/ozone/ozone/hadoop-ozone/integration-test/target/test-dir/MiniOzoneClusterImpl-5e324384-037a-4cb1-b856-3c07748222cd/datanode-2/data/ratis/090ca039-d742-4dd5-a11d-59ca478d303a has been successfully formatted.
2023-09-19 02:05:17,160 [bb1c6357-9327-4202-8734-55e8eab5c756-groupManagement] INFO  ratis.ContainerStateMachine (ContainerStateMachine.java:loadSnapshot(262)) - group-59CA478D303A: The snapshot info is null. Setting the last applied indexto:(t:0, i:~)
2023-09-19 02:05:17,160 [bb1c6357-9327-4202-8734-55e8eab5c756-groupManagement] INFO  server.RaftServerConfigKeys (ConfUtils.java:logGet(46)) - raft.server.log.use.memory = false (default)
2023-09-19 02:05:17,161 [bb1c6357-9327-4202-8734-55e8eab5c756-groupManagement] INFO  server.RaftServerConfigKeys (ConfUtils.java:logGet(46)) - raft.server.log.purge.gap = 1000000 (custom)
2023-09-19 02:05:17,161 [bb1c6357-9327-4202-8734-55e8eab5c756-groupManagement] INFO  server.RaftServerConfigKeys (ConfUtils.java:logGet(46)) - raft.server.log.appender.buffer.byte-limit = 33554432 (custom)
2023-09-19 02:05:17,161 [bb1c6357-9327-4202-8734-55e8eab5c756-groupManagement] INFO  server.RaftServerConfigKeys (ConfUtils.java:logGet(46)) - raft.server.log.statemachine.data.read.timeout = 1000ms (default)
2023-09-19 02:05:17,161 [bb1c6357-9327-4202-8734-55e8eab5c756-groupManagement] INFO  server.RaftServerConfigKeys (ConfUtils.java:logGet(46)) - raft.server.log.purge.preservation.log.num = 0 (default)
2023-09-19 02:05:17,163 [bb1c6357-9327-4202-8734-55e8eab5c756-groupManagement] INFO  server.RaftServerConfigKeys (ConfUtils.java:logGet(46)) - raft.server.log.segment.size.max = 1048576 (custom)
2023-09-19 02:05:17,163 [bb1c6357-9327-4202-8734-55e8eab5c756-groupManagement] INFO  server.RaftServerConfigKeys (ConfUtils.java:logGet(46)) - raft.server.log.segment.cache.num.max = 2 (custom)
2023-09-19 02:05:17,163 [bb1c6357-9327-4202-8734-55e8eab5c756-groupManagement] INFO  server.RaftServerConfigKeys (ConfUtils.java:logGet(46)) - raft.server.log.segment.cache.size.max = 200MB (=209715200) (default)
2023-09-19 02:05:17,163 [bb1c6357-9327-4202-8734-55e8eab5c756-groupManagement] INFO  server.RaftServerConfigKeys (ConfUtils.java:logGet(46)) - raft.server.log.appender.buffer.byte-limit = 33554432 (custom)
2023-09-19 02:05:17,163 [bb1c6357-9327-4202-8734-55e8eab5c756-groupManagement] INFO  segmented.SegmentedRaftLogWorker (SegmentedRaftLogWorker.java:<init>(188)) - new bb1c6357-9327-4202-8734-55e8eab5c756@group-59CA478D303A-SegmentedRaftLogWorker for RaftStorageImpl:Storage Directory /home/runner/work/ozone/ozone/hadoop-ozone/integration-test/target/test-dir/MiniOzoneClusterImpl-5e324384-037a-4cb1-b856-3c07748222cd/datanode-2/data/ratis/090ca039-d742-4dd5-a11d-59ca478d303a
2023-09-19 02:05:17,164 [bb1c6357-9327-4202-8734-55e8eab5c756-groupManagement] INFO  server.RaftServerConfigKeys (ConfUtils.java:logGet(46)) - raft.server.log.queue.byte-limit = 4294967296 (custom)
2023-09-19 02:05:17,164 [bb1c6357-9327-4202-8734-55e8eab5c756-groupManagement] INFO  server.RaftServerConfigKeys (ConfUtils.java:logGet(46)) - raft.server.log.queue.element-limit = 1024 (custom)
2023-09-19 02:05:17,164 [bb1c6357-9327-4202-8734-55e8eab5c756-groupManagement] INFO  server.RaftServerConfigKeys (ConfUtils.java:logGet(46)) - raft.server.log.segment.size.max = 1048576 (custom)
2023-09-19 02:05:17,164 [bb1c6357-9327-4202-8734-55e8eab5c756-groupManagement] INFO  server.RaftServerConfigKeys (ConfUtils.java:logGet(46)) - raft.server.log.preallocated.size = 16384 (custom)
2023-09-19 02:05:17,164 [bb1c6357-9327-4202-8734-55e8eab5c756-groupManagement] INFO  server.RaftServerConfigKeys (ConfUtils.java:logGet(46)) - raft.server.log.force.sync.num = 128 (default)
2023-09-19 02:05:17,164 [bb1c6357-9327-4202-8734-55e8eab5c756-groupManagement] INFO  server.RaftServerConfigKeys (ConfUtils.java:logGet(46)) - raft.server.log.statemachine.data.sync = true (default)
2023-09-19 02:05:17,164 [bb1c6357-9327-4202-8734-55e8eab5c756-groupManagement] INFO  server.RaftServerConfigKeys (ConfUtils.java:logGet(46)) - raft.server.log.statemachine.data.sync.timeout = 10s (default)
2023-09-19 02:05:17,164 [bb1c6357-9327-4202-8734-55e8eab5c756-groupManagement] INFO  server.RaftServerConfigKeys (ConfUtils.java:logGet(46)) - raft.server.log.statemachine.data.sync.timeout.retry = -1 (default)
2023-09-19 02:05:17,164 [bb1c6357-9327-4202-8734-55e8eab5c756-groupManagement] INFO  server.RaftServerConfigKeys (ConfUtils.java:logGet(46)) - raft.server.log.write.buffer.size = 1048576 (custom)
2023-09-19 02:05:17,165 [bb1c6357-9327-4202-8734-55e8eab5c756-groupManagement] INFO  server.RaftServerConfigKeys (ConfUtils.java:logGet(46)) - raft.server.log.appender.buffer.byte-limit = 33554432 (custom)
2023-09-19 02:05:17,170 [bb1c6357-9327-4202-8734-55e8eab5c756-groupManagement] INFO  server.RaftServerConfigKeys (ConfUtils.java:logGet(46)) - raft.server.log.unsafe-flush.enabled = false (default)
2023-09-19 02:05:17,170 [bb1c6357-9327-4202-8734-55e8eab5c756-groupManagement] INFO  server.RaftServerConfigKeys (ConfUtils.java:logGet(46)) - raft.server.log.async-flush.enabled = false (default)
2023-09-19 02:05:17,170 [bb1c6357-9327-4202-8734-55e8eab5c756-groupManagement] INFO  server.RaftServerConfigKeys (ConfUtils.java:logGet(46)) - raft.server.log.statemachine.data.caching.enabled = true (custom)
2023-09-19 02:05:17,171 [bb1c6357-9327-4202-8734-55e8eab5c756-groupManagement] INFO  segmented.SegmentedRaftLogWorker (SegmentedRaftLogWorker.java:lambda$new$0(135)) - bb1c6357-9327-4202-8734-55e8eab5c756@group-59CA478D303A-SegmentedRaftLogWorker: flushIndex: setUnconditionally 0 -> -1
2023-09-19 02:05:17,171 [bb1c6357-9327-4202-8734-55e8eab5c756-groupManagement] INFO  segmented.SegmentedRaftLogWorker (SegmentedRaftLogWorker.java:lambda$new$0(135)) - bb1c6357-9327-4202-8734-55e8eab5c756@group-59CA478D303A-SegmentedRaftLogWorker: safeCacheEvictIndex: setUnconditionally 0 -> -1
2023-09-19 02:05:17,174 [bb1c6357-9327-4202-8734-55e8eab5c756-groupManagement] INFO  server.RaftServer$Division (RaftServerImpl.java:start(342)) - bb1c6357-9327-4202-8734-55e8eab5c756@group-59CA478D303A: start as a follower, conf=-1: peers:[5eadcd64-1d4b-44b8-a1e5-0066e95eb1a1|rpc:10.1.0.29:15076|admin:10.1.0.29:15075|client:10.1.0.29:15074|dataStream:10.1.0.29:15077|priority:0|startupRole:FOLLOWER, bb1c6357-9327-4202-8734-55e8eab5c756|rpc:10.1.0.29:15085|admin:10.1.0.29:15084|client:10.1.0.29:15083|dataStream:10.1.0.29:15086|priority:1|startupRole:FOLLOWER, e39e4681-7919-4d3b-868d-83d4ef0f5b6f|rpc:10.1.0.29:15067|admin:10.1.0.29:15066|client:10.1.0.29:15065|dataStream:10.1.0.29:15068|priority:0|startupRole:FOLLOWER]|listeners:[], old=null
2023-09-19 02:05:17,174 [bb1c6357-9327-4202-8734-55e8eab5c756-groupManagement] INFO  server.RaftServer$Division (RaftServerImpl.java:setRole(329)) - bb1c6357-9327-4202-8734-55e8eab5c756@group-59CA478D303A: changes role from      null to FOLLOWER at term 0 for startAsFollower
2023-09-19 02:05:17,174 [bb1c6357-9327-4202-8734-55e8eab5c756-groupManagement] INFO  impl.RoleInfo (RoleInfo.java:updateAndGet(139)) - bb1c6357-9327-4202-8734-55e8eab5c756: start bb1c6357-9327-4202-8734-55e8eab5c756@group-59CA478D303A-FollowerState
2023-09-19 02:05:17,182 [bb1c6357-9327-4202-8734-55e8eab5c756@group-59CA478D303A-FollowerState] INFO  server.RaftServerConfigKeys (ConfUtils.java:logFallback(53)) - raft.server.rpc.first-election.timeout.min = 5s (fallback to raft.server.rpc.timeout.min)
2023-09-19 02:05:17,182 [bb1c6357-9327-4202-8734-55e8eab5c756-groupManagement] INFO  util.JmxRegister (JmxRegister.java:tryRegister(44)) - Successfully registered JMX Bean with object name Ratis:service=RaftServer,group=group-59CA478D303A,id=bb1c6357-9327-4202-8734-55e8eab5c756
2023-09-19 02:05:17,182 [bb1c6357-9327-4202-8734-55e8eab5c756@group-59CA478D303A-FollowerState] INFO  server.RaftServerConfigKeys (ConfUtils.java:logFallback(53)) - raft.server.rpc.first-election.timeout.max = 5200ms (fallback to raft.server.rpc.timeout.max)
2023-09-19 02:05:17,183 [bb1c6357-9327-4202-8734-55e8eab5c756-groupManagement] INFO  server.RaftServerConfigKeys (ConfUtils.java:logGet(46)) - raft.server.snapshot.auto.trigger.enabled = true (custom)
2023-09-19 02:05:17,183 [bb1c6357-9327-4202-8734-55e8eab5c756-groupManagement] INFO  server.RaftServerConfigKeys (ConfUtils.java:logGet(46)) - raft.server.snapshot.auto.trigger.threshold = 10000 (custom)
2023-09-19 02:05:17,183 [bb1c6357-9327-4202-8734-55e8eab5c756-groupManagement] INFO  server.RaftServerConfigKeys (ConfUtils.java:logGet(46)) - raft.server.snapshot.retention.file.num = 5 (custom)
2023-09-19 02:05:17,183 [bb1c6357-9327-4202-8734-55e8eab5c756-groupManagement] INFO  server.RaftServerConfigKeys (ConfUtils.java:logGet(46)) - raft.server.log.purge.upto.snapshot.index = false (default)
2023-09-19 02:05:17,195 [PipelineCommandHandlerThread-0] INFO  commandhandler.CreatePipelineCommandHandler (CreatePipelineCommandHandler.java:lambda$handle$2(124)) - Created Pipeline RATIS THREE PipelineID=090ca039-d742-4dd5-a11d-59ca478d303a.
2023-09-19 02:05:17,196 [PipelineCommandHandlerThread-0] INFO  server.RaftServer (RaftServerProxy.java:addNew(98)) - e39e4681-7919-4d3b-868d-83d4ef0f5b6f: addNew group-116411D7D5F3:[5eadcd64-1d4b-44b8-a1e5-0066e95eb1a1|rpc:10.1.0.29:15076|admin:10.1.0.29:15075|client:10.1.0.29:15074|dataStream:10.1.0.29:15077|priority:0|startupRole:FOLLOWER, bb1c6357-9327-4202-8734-55e8eab5c756|rpc:10.1.0.29:15085|admin:10.1.0.29:15084|client:10.1.0.29:15083|dataStream:10.1.0.29:15086|priority:0|startupRole:FOLLOWER, e39e4681-7919-4d3b-868d-83d4ef0f5b6f|rpc:10.1.0.29:15067|admin:10.1.0.29:15066|client:10.1.0.29:15065|dataStream:10.1.0.29:15068|priority:1|startupRole:FOLLOWER] returns group-116411D7D5F3:java.util.concurrent.CompletableFuture@56a6abb4[Not completed]
2023-09-19 02:05:17,197 [e39e4681-7919-4d3b-868d-83d4ef0f5b6f-groupManagement] INFO  server.RaftServer$Division (RaftServerImpl.java:<init>(198)) - e39e4681-7919-4d3b-868d-83d4ef0f5b6f: new RaftServerImpl for group-116411D7D5F3:[5eadcd64-1d4b-44b8-a1e5-0066e95eb1a1|rpc:10.1.0.29:15076|admin:10.1.0.29:15075|client:10.1.0.29:15074|dataStream:10.1.0.29:15077|priority:0|startupRole:FOLLOWER, bb1c6357-9327-4202-8734-55e8eab5c756|rpc:10.1.0.29:15085|admin:10.1.0.29:15084|client:10.1.0.29:15083|dataStream:10.1.0.29:15086|priority:0|startupRole:FOLLOWER, e39e4681-7919-4d3b-868d-83d4ef0f5b6f|rpc:10.1.0.29:15067|admin:10.1.0.29:15066|client:10.1.0.29:15065|dataStream:10.1.0.29:15068|priority:1|startupRole:FOLLOWER] with ContainerStateMachine:uninitialized
2023-09-19 02:05:17,197 [e39e4681-7919-4d3b-868d-83d4ef0f5b6f-groupManagement] INFO  server.RaftServerConfigKeys (ConfUtils.java:logGet(46)) - raft.server.rpc.timeout.min = 5s (custom)
2023-09-19 02:05:17,197 [e39e4681-7919-4d3b-868d-83d4ef0f5b6f-groupManagement] INFO  server.RaftServerConfigKeys (ConfUtils.java:logGet(46)) - raft.server.rpc.timeout.max = 5200ms (custom)
2023-09-19 02:05:17,197 [e39e4681-7919-4d3b-868d-83d4ef0f5b6f-groupManagement] INFO  server.RaftServerConfigKeys (ConfUtils.java:logGet(46)) - raft.server.rpc.sleep.time = 25ms (default)
2023-09-19 02:05:17,197 [e39e4681-7919-4d3b-868d-83d4ef0f5b6f-groupManagement] INFO  server.RaftServerConfigKeys (ConfUtils.java:logGet(46)) - raft.server.rpc.slowness.timeout = 300s (custom)
2023-09-19 02:05:17,197 [e39e4681-7919-4d3b-868d-83d4ef0f5b6f-groupManagement] INFO  server.RaftServerConfigKeys (ConfUtils.java:logGet(46)) - raft.server.leaderelection.leader.step-down.wait-time = 10s (default)
2023-09-19 02:05:17,197 [e39e4681-7919-4d3b-868d-83d4ef0f5b6f-groupManagement] INFO  server.RaftServerConfigKeys (ConfUtils.java:logGet(46)) - raft.server.sleep.deviation.threshold = 300ms (default)
2023-09-19 02:05:17,197 [e39e4681-7919-4d3b-868d-83d4ef0f5b6f-groupManagement] INFO  server.RaftServer$Division (ServerState.java:<init>(120)) - e39e4681-7919-4d3b-868d-83d4ef0f5b6f@group-116411D7D5F3: ConfigurationManager, init=-1: peers:[5eadcd64-1d4b-44b8-a1e5-0066e95eb1a1|rpc:10.1.0.29:15076|admin:10.1.0.29:15075|client:10.1.0.29:15074|dataStream:10.1.0.29:15077|priority:0|startupRole:FOLLOWER, bb1c6357-9327-4202-8734-55e8eab5c756|rpc:10.1.0.29:15085|admin:10.1.0.29:15084|client:10.1.0.29:15083|dataStream:10.1.0.29:15086|priority:0|startupRole:FOLLOWER, e39e4681-7919-4d3b-868d-83d4ef0f5b6f|rpc:10.1.0.29:15067|admin:10.1.0.29:15066|client:10.1.0.29:15065|dataStream:10.1.0.29:15068|priority:1|startupRole:FOLLOWER]|listeners:[], old=null, confs=<EMPTY_MAP>
2023-09-19 02:05:17,198 [e39e4681-7919-4d3b-868d-83d4ef0f5b6f-groupManagement] INFO  server.RaftServerConfigKeys (ConfUtils.java:logGet(46)) - raft.server.storage.dir = [/home/runner/work/ozone/ozone/hadoop-ozone/integration-test/target/test-dir/MiniOzoneClusterImpl-5e324384-037a-4cb1-b856-3c07748222cd/datanode-0/data/ratis] (custom)
2023-09-19 02:05:17,198 [e39e4681-7919-4d3b-868d-83d4ef0f5b6f-groupManagement] INFO  server.RaftServerConfigKeys (ConfUtils.java:logGet(46)) - raft.server.log.corruption.policy = EXCEPTION (default)
2023-09-19 02:05:17,198 [e39e4681-7919-4d3b-868d-83d4ef0f5b6f-groupManagement] INFO  server.RaftServerConfigKeys (ConfUtils.java:logGet(46)) - raft.server.storage.free-space.min = 0MB (=0) (default)
2023-09-19 02:05:17,198 [e39e4681-7919-4d3b-868d-83d4ef0f5b6f-groupManagement] INFO  server.RaftServerConfigKeys (ConfUtils.java:logGet(46)) - raft.server.notification.no-leader.timeout = 300s (custom)
2023-09-19 02:05:17,198 [e39e4681-7919-4d3b-868d-83d4ef0f5b6f-groupManagement] INFO  server.RaftServerConfigKeys (ConfUtils.java:logGet(46)) - raft.server.read.timeout = 10s (default)
2023-09-19 02:05:17,198 [e39e4681-7919-4d3b-868d-83d4ef0f5b6f-groupManagement] INFO  server.RaftServerConfigKeys (ConfUtils.java:logGet(46)) - raft.server.retrycache.expirytime = 600000ms (custom)
2023-09-19 02:05:17,198 [e39e4681-7919-4d3b-868d-83d4ef0f5b6f-groupManagement] INFO  server.RaftServerConfigKeys (ConfUtils.java:logGet(46)) - raft.server.retrycache.statistics.expirytime = 100μs (default)
2023-09-19 02:05:17,198 [main] INFO  ozone.MiniOzoneClusterImpl (MiniOzoneClusterImpl.java:lambda$waitForClusterToBeReady$0(224)) - Nodes are ready. Got 5 of 5 DN Heartbeats.
2023-09-19 02:05:17,198 [main] INFO  ozone.MiniOzoneClusterImpl (MiniOzoneClusterImpl.java:lambda$waitForClusterToBeReady$0(227)) - Waiting for cluster to exit safe mode
2023-09-19 02:05:17,198 [main] INFO  ozone.MiniOzoneClusterImpl (MiniOzoneClusterImpl.java:lambda$waitForClusterToBeReady$0(229)) - SCM became leader
2023-09-19 02:05:17,199 [e39e4681-7919-4d3b-868d-83d4ef0f5b6f-groupManagement] INFO  server.RaftServerConfigKeys (ConfUtils.java:logGet(46)) - raft.server.read.option = DEFAULT (default)
2023-09-19 02:05:17,199 [e39e4681-7919-4d3b-868d-83d4ef0f5b6f-groupManagement] INFO  server.RaftServerConfigKeys (ConfUtils.java:logGet(46)) - raft.server.rpc.request.timeout = 60s (custom)
2023-09-19 02:05:17,199 [e39e4681-7919-4d3b-868d-83d4ef0f5b6f-groupManagement] INFO  server.RaftServerConfigKeys (ConfUtils.java:logGet(46)) - raft.server.log.appender.install.snapshot.enabled = false (custom)
2023-09-19 02:05:17,199 [e39e4681-7919-4d3b-868d-83d4ef0f5b6f-groupManagement] INFO  server.RaftServerConfigKeys (ConfUtils.java:logGet(46)) - raft.server.threadpool.server.cached = true (default)
2023-09-19 02:05:17,199 [e39e4681-7919-4d3b-868d-83d4ef0f5b6f-groupManagement] INFO  server.RaftServerConfigKeys (ConfUtils.java:logGet(46)) - raft.server.threadpool.server.size = 0 (default)
2023-09-19 02:05:17,199 [e39e4681-7919-4d3b-868d-83d4ef0f5b6f-groupManagement] INFO  server.RaftServerConfigKeys (ConfUtils.java:logGet(46)) - raft.server.threadpool.client.cached = true (default)
2023-09-19 02:05:17,199 [e39e4681-7919-4d3b-868d-83d4ef0f5b6f-groupManagement] INFO  server.RaftServerConfigKeys (ConfUtils.java:logGet(46)) - raft.server.threadpool.client.size = 0 (default)
2023-09-19 02:05:17,202 [e39e4681-7919-4d3b-868d-83d4ef0f5b6f-groupManagement] INFO  storage.RaftStorageDirectory (RaftStorageDirectoryImpl.java:analyzeStorage(137)) - The storage directory /home/runner/work/ozone/ozone/hadoop-ozone/integration-test/target/test-dir/MiniOzoneClusterImpl-5e324384-037a-4cb1-b856-3c07748222cd/datanode-0/data/ratis/06800b04-b751-4479-971f-116411d7d5f3 does not exist. Creating ...
2023-09-19 02:05:17,204 [e39e4681-7919-4d3b-868d-83d4ef0f5b6f-groupManagement] INFO  storage.RaftStorageDirectory (RaftStorageDirectoryImpl.java:tryLock(231)) - Lock on /home/runner/work/ozone/ozone/hadoop-ozone/integration-test/target/test-dir/MiniOzoneClusterImpl-5e324384-037a-4cb1-b856-3c07748222cd/datanode-0/data/ratis/06800b04-b751-4479-971f-116411d7d5f3/in_use.lock acquired by nodename 7315@fv-az1031-92
2023-09-19 02:05:17,206 [e39e4681-7919-4d3b-868d-83d4ef0f5b6f-groupManagement] INFO  storage.RaftStorage (RaftStorageImpl.java:format(96)) - Storage directory /home/runner/work/ozone/ozone/hadoop-ozone/integration-test/target/test-dir/MiniOzoneClusterImpl-5e324384-037a-4cb1-b856-3c07748222cd/datanode-0/data/ratis/06800b04-b751-4479-971f-116411d7d5f3 has been successfully formatted.
2023-09-19 02:05:17,207 [e39e4681-7919-4d3b-868d-83d4ef0f5b6f-groupManagement] INFO  ratis.ContainerStateMachine (ContainerStateMachine.java:loadSnapshot(262)) - group-116411D7D5F3: The snapshot info is null. Setting the last applied indexto:(t:0, i:~)
2023-09-19 02:05:17,207 [e39e4681-7919-4d3b-868d-83d4ef0f5b6f-groupManagement] INFO  server.RaftServerConfigKeys (ConfUtils.java:logGet(46)) - raft.server.log.use.memory = false (default)
2023-09-19 02:05:17,207 [e39e4681-7919-4d3b-868d-83d4ef0f5b6f-groupManagement] INFO  server.RaftServerConfigKeys (ConfUtils.java:logGet(46)) - raft.server.log.purge.gap = 1000000 (custom)
2023-09-19 02:05:17,207 [e39e4681-7919-4d3b-868d-83d4ef0f5b6f-groupManagement] INFO  server.RaftServerConfigKeys (ConfUtils.java:logGet(46)) - raft.server.log.appender.buffer.byte-limit = 33554432 (custom)
2023-09-19 02:05:17,207 [e39e4681-7919-4d3b-868d-83d4ef0f5b6f-groupManagement] INFO  server.RaftServerConfigKeys (ConfUtils.java:logGet(46)) - raft.server.log.statemachine.data.read.timeout = 1000ms (default)
2023-09-19 02:05:17,207 [e39e4681-7919-4d3b-868d-83d4ef0f5b6f-groupManagement] INFO  server.RaftServerConfigKeys (ConfUtils.java:logGet(46)) - raft.server.log.purge.preservation.log.num = 0 (default)
2023-09-19 02:05:17,208 [e39e4681-7919-4d3b-868d-83d4ef0f5b6f-groupManagement] INFO  server.RaftServerConfigKeys (ConfUtils.java:logGet(46)) - raft.server.log.segment.size.max = 1048576 (custom)
2023-09-19 02:05:17,208 [e39e4681-7919-4d3b-868d-83d4ef0f5b6f-groupManagement] INFO  server.RaftServerConfigKeys (ConfUtils.java:logGet(46)) - raft.server.log.segment.cache.num.max = 2 (custom)
2023-09-19 02:05:17,208 [e39e4681-7919-4d3b-868d-83d4ef0f5b6f-groupManagement] INFO  server.RaftServerConfigKeys (ConfUtils.java:logGet(46)) - raft.server.log.segment.cache.size.max = 200MB (=209715200) (default)
2023-09-19 02:05:17,208 [e39e4681-7919-4d3b-868d-83d4ef0f5b6f-groupManagement] INFO  server.RaftServerConfigKeys (ConfUtils.java:logGet(46)) - raft.server.log.appender.buffer.byte-limit = 33554432 (custom)
2023-09-19 02:05:17,208 [e39e4681-7919-4d3b-868d-83d4ef0f5b6f-groupManagement] INFO  segmented.SegmentedRaftLogWorker (SegmentedRaftLogWorker.java:<init>(188)) - new e39e4681-7919-4d3b-868d-83d4ef0f5b6f@group-116411D7D5F3-SegmentedRaftLogWorker for RaftStorageImpl:Storage Directory /home/runner/work/ozone/ozone/hadoop-ozone/integration-test/target/test-dir/MiniOzoneClusterImpl-5e324384-037a-4cb1-b856-3c07748222cd/datanode-0/data/ratis/06800b04-b751-4479-971f-116411d7d5f3
2023-09-19 02:05:17,208 [e39e4681-7919-4d3b-868d-83d4ef0f5b6f-groupManagement] INFO  server.RaftServerConfigKeys (ConfUtils.java:logGet(46)) - raft.server.log.queue.byte-limit = 4294967296 (custom)
2023-09-19 02:05:17,208 [e39e4681-7919-4d3b-868d-83d4ef0f5b6f-groupManagement] INFO  server.RaftServerConfigKeys (ConfUtils.java:logGet(46)) - raft.server.log.queue.element-limit = 1024 (custom)
2023-09-19 02:05:17,208 [e39e4681-7919-4d3b-868d-83d4ef0f5b6f-groupManagement] INFO  server.RaftServerConfigKeys (ConfUtils.java:logGet(46)) - raft.server.log.segment.size.max = 1048576 (custom)
2023-09-19 02:05:17,208 [e39e4681-7919-4d3b-868d-83d4ef0f5b6f-groupManagement] INFO  server.RaftServerConfigKeys (ConfUtils.java:logGet(46)) - raft.server.log.preallocated.size = 16384 (custom)
2023-09-19 02:05:17,208 [e39e4681-7919-4d3b-868d-83d4ef0f5b6f-groupManagement] INFO  server.RaftServerConfigKeys (ConfUtils.java:logGet(46)) - raft.server.log.force.sync.num = 128 (default)
2023-09-19 02:05:17,208 [e39e4681-7919-4d3b-868d-83d4ef0f5b6f-groupManagement] INFO  server.RaftServerConfigKeys (ConfUtils.java:logGet(46)) - raft.server.log.statemachine.data.sync = true (default)
2023-09-19 02:05:17,208 [e39e4681-7919-4d3b-868d-83d4ef0f5b6f-groupManagement] INFO  server.RaftServerConfigKeys (ConfUtils.java:logGet(46)) - raft.server.log.statemachine.data.sync.timeout = 10s (default)
2023-09-19 02:05:17,208 [e39e4681-7919-4d3b-868d-83d4ef0f5b6f-groupManagement] INFO  server.RaftServerConfigKeys (ConfUtils.java:logGet(46)) - raft.server.log.statemachine.data.sync.timeout.retry = -1 (default)
2023-09-19 02:05:17,209 [e39e4681-7919-4d3b-868d-83d4ef0f5b6f-groupManagement] INFO  server.RaftServerConfigKeys (ConfUtils.java:logGet(46)) - raft.server.log.write.buffer.size = 1048576 (custom)
2023-09-19 02:05:17,209 [e39e4681-7919-4d3b-868d-83d4ef0f5b6f-groupManagement] INFO  server.RaftServerConfigKeys (ConfUtils.java:logGet(46)) - raft.server.log.appender.buffer.byte-limit = 33554432 (custom)
2023-09-19 02:05:17,214 [EventQueue-OpenPipelineForHealthyPipelineSafeModeRule] INFO  safemode.SCMSafeModeManager (HealthyPipelineSafeModeRule.java:process(137)) - SCM in safe mode. Healthy pipelines reported count is 0, required healthy pipeline reported count is 1
2023-09-19 02:05:17,215 [e39e4681-7919-4d3b-868d-83d4ef0f5b6f-groupManagement] INFO  server.RaftServerConfigKeys (ConfUtils.java:logGet(46)) - raft.server.log.unsafe-flush.enabled = false (default)
2023-09-19 02:05:17,215 [e39e4681-7919-4d3b-868d-83d4ef0f5b6f-groupManagement] INFO  server.RaftServerConfigKeys (ConfUtils.java:logGet(46)) - raft.server.log.async-flush.enabled = false (default)
2023-09-19 02:05:17,215 [e39e4681-7919-4d3b-868d-83d4ef0f5b6f-groupManagement] INFO  server.RaftServerConfigKeys (ConfUtils.java:logGet(46)) - raft.server.log.statemachine.data.caching.enabled = true (custom)
2023-09-19 02:05:17,215 [e39e4681-7919-4d3b-868d-83d4ef0f5b6f-groupManagement] INFO  segmented.SegmentedRaftLogWorker (SegmentedRaftLogWorker.java:lambda$new$0(135)) - e39e4681-7919-4d3b-868d-83d4ef0f5b6f@group-116411D7D5F3-SegmentedRaftLogWorker: flushIndex: setUnconditionally 0 -> -1
2023-09-19 02:05:17,215 [e39e4681-7919-4d3b-868d-83d4ef0f5b6f-groupManagement] INFO  segmented.SegmentedRaftLogWorker (SegmentedRaftLogWorker.java:lambda$new$0(135)) - e39e4681-7919-4d3b-868d-83d4ef0f5b6f@group-116411D7D5F3-SegmentedRaftLogWorker: safeCacheEvictIndex: setUnconditionally 0 -> -1
2023-09-19 02:05:17,215 [e39e4681-7919-4d3b-868d-83d4ef0f5b6f-groupManagement] INFO  server.RaftServer$Division (RaftServerImpl.java:start(342)) - e39e4681-7919-4d3b-868d-83d4ef0f5b6f@group-116411D7D5F3: start as a follower, conf=-1: peers:[5eadcd64-1d4b-44b8-a1e5-0066e95eb1a1|rpc:10.1.0.29:15076|admin:10.1.0.29:15075|client:10.1.0.29:15074|dataStream:10.1.0.29:15077|priority:0|startupRole:FOLLOWER, bb1c6357-9327-4202-8734-55e8eab5c756|rpc:10.1.0.29:15085|admin:10.1.0.29:15084|client:10.1.0.29:15083|dataStream:10.1.0.29:15086|priority:0|startupRole:FOLLOWER, e39e4681-7919-4d3b-868d-83d4ef0f5b6f|rpc:10.1.0.29:15067|admin:10.1.0.29:15066|client:10.1.0.29:15065|dataStream:10.1.0.29:15068|priority:1|startupRole:FOLLOWER]|listeners:[], old=null
2023-09-19 02:05:17,215 [e39e4681-7919-4d3b-868d-83d4ef0f5b6f-groupManagement] INFO  server.RaftServer$Division (RaftServerImpl.java:setRole(329)) - e39e4681-7919-4d3b-868d-83d4ef0f5b6f@group-116411D7D5F3: changes role from      null to FOLLOWER at term 0 for startAsFollower
2023-09-19 02:05:17,215 [e39e4681-7919-4d3b-868d-83d4ef0f5b6f-groupManagement] INFO  impl.RoleInfo (RoleInfo.java:updateAndGet(139)) - e39e4681-7919-4d3b-868d-83d4ef0f5b6f: start e39e4681-7919-4d3b-868d-83d4ef0f5b6f@group-116411D7D5F3-FollowerState
2023-09-19 02:05:17,216 [e39e4681-7919-4d3b-868d-83d4ef0f5b6f-groupManagement] INFO  util.JmxRegister (JmxRegister.java:tryRegister(44)) - Successfully registered JMX Bean with object name Ratis:service=RaftServer,group=group-116411D7D5F3,id=e39e4681-7919-4d3b-868d-83d4ef0f5b6f
2023-09-19 02:05:17,216 [e39e4681-7919-4d3b-868d-83d4ef0f5b6f-groupManagement] INFO  server.RaftServerConfigKeys (ConfUtils.java:logGet(46)) - raft.server.snapshot.auto.trigger.enabled = true (custom)
2023-09-19 02:05:17,216 [e39e4681-7919-4d3b-868d-83d4ef0f5b6f-groupManagement] INFO  server.RaftServerConfigKeys (ConfUtils.java:logGet(46)) - raft.server.snapshot.auto.trigger.threshold = 10000 (custom)
2023-09-19 02:05:17,216 [e39e4681-7919-4d3b-868d-83d4ef0f5b6f-groupManagement] INFO  server.RaftServerConfigKeys (ConfUtils.java:logGet(46)) - raft.server.snapshot.retention.file.num = 5 (custom)
2023-09-19 02:05:17,216 [e39e4681-7919-4d3b-868d-83d4ef0f5b6f-groupManagement] INFO  server.RaftServerConfigKeys (ConfUtils.java:logGet(46)) - raft.server.log.purge.upto.snapshot.index = false (default)
2023-09-19 02:05:17,218 [PipelineCommandHandlerThread-0] INFO  ratis.XceiverServerRatis (XceiverServerRatis.java:addGroup(804)) - Created group PipelineID=06800b04-b751-4479-971f-116411d7d5f3
2023-09-19 02:05:17,223 [e39e4681-7919-4d3b-868d-83d4ef0f5b6f@group-116411D7D5F3-FollowerState] INFO  server.RaftServerConfigKeys (ConfUtils.java:logFallback(53)) - raft.server.rpc.first-election.timeout.min = 5s (fallback to raft.server.rpc.timeout.min)
2023-09-19 02:05:17,223 [e39e4681-7919-4d3b-868d-83d4ef0f5b6f@group-116411D7D5F3-FollowerState] INFO  server.RaftServerConfigKeys (ConfUtils.java:logFallback(53)) - raft.server.rpc.first-election.timeout.max = 5200ms (fallback to raft.server.rpc.timeout.max)
2023-09-19 02:05:17,230 [grpc-default-executor-0] INFO  server.RaftServer (RaftServerProxy.java:addNew(98)) - 5eadcd64-1d4b-44b8-a1e5-0066e95eb1a1: addNew group-116411D7D5F3:[5eadcd64-1d4b-44b8-a1e5-0066e95eb1a1|rpc:10.1.0.29:15076|admin:10.1.0.29:15075|client:10.1.0.29:15074|dataStream:10.1.0.29:15077|priority:0|startupRole:FOLLOWER, bb1c6357-9327-4202-8734-55e8eab5c756|rpc:10.1.0.29:15085|admin:10.1.0.29:15084|client:10.1.0.29:15083|dataStream:10.1.0.29:15086|priority:0|startupRole:FOLLOWER, e39e4681-7919-4d3b-868d-83d4ef0f5b6f|rpc:10.1.0.29:15067|admin:10.1.0.29:15066|client:10.1.0.29:15065|dataStream:10.1.0.29:15068|priority:1|startupRole:FOLLOWER] returns group-116411D7D5F3:java.util.concurrent.CompletableFuture@4334324a[Not completed]
2023-09-19 02:05:17,230 [5eadcd64-1d4b-44b8-a1e5-0066e95eb1a1-groupManagement] INFO  server.RaftServer$Division (RaftServerImpl.java:<init>(198)) - 5eadcd64-1d4b-44b8-a1e5-0066e95eb1a1: new RaftServerImpl for group-116411D7D5F3:[5eadcd64-1d4b-44b8-a1e5-0066e95eb1a1|rpc:10.1.0.29:15076|admin:10.1.0.29:15075|client:10.1.0.29:15074|dataStream:10.1.0.29:15077|priority:0|startupRole:FOLLOWER, bb1c6357-9327-4202-8734-55e8eab5c756|rpc:10.1.0.29:15085|admin:10.1.0.29:15084|client:10.1.0.29:15083|dataStream:10.1.0.29:15086|priority:0|startupRole:FOLLOWER, e39e4681-7919-4d3b-868d-83d4ef0f5b6f|rpc:10.1.0.29:15067|admin:10.1.0.29:15066|client:10.1.0.29:15065|dataStream:10.1.0.29:15068|priority:1|startupRole:FOLLOWER] with ContainerStateMachine:uninitialized
2023-09-19 02:05:17,231 [5eadcd64-1d4b-44b8-a1e5-0066e95eb1a1-groupManagement] INFO  server.RaftServerConfigKeys (ConfUtils.java:logGet(46)) - raft.server.rpc.timeout.min = 5s (custom)
2023-09-19 02:05:17,231 [5eadcd64-1d4b-44b8-a1e5-0066e95eb1a1-groupManagement] INFO  server.RaftServerConfigKeys (ConfUtils.java:logGet(46)) - raft.server.rpc.timeout.max = 5200ms (custom)
2023-09-19 02:05:17,231 [5eadcd64-1d4b-44b8-a1e5-0066e95eb1a1-groupManagement] INFO  server.RaftServerConfigKeys (ConfUtils.java:logGet(46)) - raft.server.rpc.sleep.time = 25ms (default)
2023-09-19 02:05:17,231 [5eadcd64-1d4b-44b8-a1e5-0066e95eb1a1-groupManagement] INFO  server.RaftServerConfigKeys (ConfUtils.java:logGet(46)) - raft.server.rpc.slowness.timeout = 300s (custom)
2023-09-19 02:05:17,231 [5eadcd64-1d4b-44b8-a1e5-0066e95eb1a1-groupManagement] INFO  server.RaftServerConfigKeys (ConfUtils.java:logGet(46)) - raft.server.leaderelection.leader.step-down.wait-time = 10s (default)
2023-09-19 02:05:17,231 [5eadcd64-1d4b-44b8-a1e5-0066e95eb1a1-groupManagement] INFO  server.RaftServerConfigKeys (ConfUtils.java:logGet(46)) - raft.server.sleep.deviation.threshold = 300ms (default)
2023-09-19 02:05:17,231 [5eadcd64-1d4b-44b8-a1e5-0066e95eb1a1-groupManagement] INFO  server.RaftServer$Division (ServerState.java:<init>(120)) - 5eadcd64-1d4b-44b8-a1e5-0066e95eb1a1@group-116411D7D5F3: ConfigurationManager, init=-1: peers:[5eadcd64-1d4b-44b8-a1e5-0066e95eb1a1|rpc:10.1.0.29:15076|admin:10.1.0.29:15075|client:10.1.0.29:15074|dataStream:10.1.0.29:15077|priority:0|startupRole:FOLLOWER, bb1c6357-9327-4202-8734-55e8eab5c756|rpc:10.1.0.29:15085|admin:10.1.0.29:15084|client:10.1.0.29:15083|dataStream:10.1.0.29:15086|priority:0|startupRole:FOLLOWER, e39e4681-7919-4d3b-868d-83d4ef0f5b6f|rpc:10.1.0.29:15067|admin:10.1.0.29:15066|client:10.1.0.29:15065|dataStream:10.1.0.29:15068|priority:1|startupRole:FOLLOWER]|listeners:[], old=null, confs=<EMPTY_MAP>
2023-09-19 02:05:17,231 [5eadcd64-1d4b-44b8-a1e5-0066e95eb1a1-groupManagement] INFO  server.RaftServerConfigKeys (ConfUtils.java:logGet(46)) - raft.server.storage.dir = [/home/runner/work/ozone/ozone/hadoop-ozone/integration-test/target/test-dir/MiniOzoneClusterImpl-5e324384-037a-4cb1-b856-3c07748222cd/datanode-1/data/ratis] (custom)
2023-09-19 02:05:17,231 [5eadcd64-1d4b-44b8-a1e5-0066e95eb1a1-groupManagement] INFO  server.RaftServerConfigKeys (ConfUtils.java:logGet(46)) - raft.server.log.corruption.policy = EXCEPTION (default)
2023-09-19 02:05:17,231 [5eadcd64-1d4b-44b8-a1e5-0066e95eb1a1-groupManagement] INFO  server.RaftServerConfigKeys (ConfUtils.java:logGet(46)) - raft.server.storage.free-space.min = 0MB (=0) (default)
2023-09-19 02:05:17,231 [5eadcd64-1d4b-44b8-a1e5-0066e95eb1a1-groupManagement] INFO  server.RaftServerConfigKeys (ConfUtils.java:logGet(46)) - raft.server.notification.no-leader.timeout = 300s (custom)
2023-09-19 02:05:17,231 [5eadcd64-1d4b-44b8-a1e5-0066e95eb1a1-groupManagement] INFO  server.RaftServerConfigKeys (ConfUtils.java:logGet(46)) - raft.server.read.timeout = 10s (default)
2023-09-19 02:05:17,231 [5eadcd64-1d4b-44b8-a1e5-0066e95eb1a1-groupManagement] INFO  server.RaftServerConfigKeys (ConfUtils.java:logGet(46)) - raft.server.retrycache.expirytime = 600000ms (custom)
2023-09-19 02:05:17,231 [5eadcd64-1d4b-44b8-a1e5-0066e95eb1a1-groupManagement] INFO  server.RaftServerConfigKeys (ConfUtils.java:logGet(46)) - raft.server.retrycache.statistics.expirytime = 100μs (default)
2023-09-19 02:05:17,231 [5eadcd64-1d4b-44b8-a1e5-0066e95eb1a1-groupManagement] INFO  server.RaftServerConfigKeys (ConfUtils.java:logGet(46)) - raft.server.read.option = DEFAULT (default)
2023-09-19 02:05:17,232 [5eadcd64-1d4b-44b8-a1e5-0066e95eb1a1-groupManagement] INFO  server.RaftServerConfigKeys (ConfUtils.java:logGet(46)) - raft.server.rpc.request.timeout = 60s (custom)
2023-09-19 02:05:17,232 [5eadcd64-1d4b-44b8-a1e5-0066e95eb1a1-groupManagement] INFO  server.RaftServerConfigKeys (ConfUtils.java:logGet(46)) - raft.server.log.appender.install.snapshot.enabled = false (custom)
2023-09-19 02:05:17,232 [5eadcd64-1d4b-44b8-a1e5-0066e95eb1a1-groupManagement] INFO  server.RaftServerConfigKeys (ConfUtils.java:logGet(46)) - raft.server.threadpool.server.cached = true (default)
2023-09-19 02:05:17,232 [5eadcd64-1d4b-44b8-a1e5-0066e95eb1a1-groupManagement] INFO  server.RaftServerConfigKeys (ConfUtils.java:logGet(46)) - raft.server.threadpool.server.size = 0 (default)
2023-09-19 02:05:17,232 [5eadcd64-1d4b-44b8-a1e5-0066e95eb1a1-groupManagement] INFO  server.RaftServerConfigKeys (ConfUtils.java:logGet(46)) - raft.server.threadpool.client.cached = true (default)
2023-09-19 02:05:17,232 [5eadcd64-1d4b-44b8-a1e5-0066e95eb1a1-groupManagement] INFO  server.RaftServerConfigKeys (ConfUtils.java:logGet(46)) - raft.server.threadpool.client.size = 0 (default)
2023-09-19 02:05:17,232 [5eadcd64-1d4b-44b8-a1e5-0066e95eb1a1-groupManagement] INFO  storage.RaftStorageDirectory (RaftStorageDirectoryImpl.java:analyzeStorage(137)) - The storage directory /home/runner/work/ozone/ozone/hadoop-ozone/integration-test/target/test-dir/MiniOzoneClusterImpl-5e324384-037a-4cb1-b856-3c07748222cd/datanode-1/data/ratis/06800b04-b751-4479-971f-116411d7d5f3 does not exist. Creating ...
2023-09-19 02:05:17,235 [5eadcd64-1d4b-44b8-a1e5-0066e95eb1a1-groupManagement] INFO  storage.RaftStorageDirectory (RaftStorageDirectoryImpl.java:tryLock(231)) - Lock on /home/runner/work/ozone/ozone/hadoop-ozone/integration-test/target/test-dir/MiniOzoneClusterImpl-5e324384-037a-4cb1-b856-3c07748222cd/datanode-1/data/ratis/06800b04-b751-4479-971f-116411d7d5f3/in_use.lock acquired by nodename 7315@fv-az1031-92
2023-09-19 02:05:17,236 [5eadcd64-1d4b-44b8-a1e5-0066e95eb1a1-groupManagement] INFO  storage.RaftStorage (RaftStorageImpl.java:format(96)) - Storage directory /home/runner/work/ozone/ozone/hadoop-ozone/integration-test/target/test-dir/MiniOzoneClusterImpl-5e324384-037a-4cb1-b856-3c07748222cd/datanode-1/data/ratis/06800b04-b751-4479-971f-116411d7d5f3 has been successfully formatted.
2023-09-19 02:05:17,236 [5eadcd64-1d4b-44b8-a1e5-0066e95eb1a1-groupManagement] INFO  ratis.ContainerStateMachine (ContainerStateMachine.java:loadSnapshot(262)) - group-116411D7D5F3: The snapshot info is null. Setting the last applied indexto:(t:0, i:~)
2023-09-19 02:05:17,237 [5eadcd64-1d4b-44b8-a1e5-0066e95eb1a1-groupManagement] INFO  server.RaftServerConfigKeys (ConfUtils.java:logGet(46)) - raft.server.log.use.memory = false (default)
2023-09-19 02:05:17,238 [5eadcd64-1d4b-44b8-a1e5-0066e95eb1a1-groupManagement] INFO  server.RaftServerConfigKeys (ConfUtils.java:logGet(46)) - raft.server.log.purge.gap = 1000000 (custom)
2023-09-19 02:05:17,238 [5eadcd64-1d4b-44b8-a1e5-0066e95eb1a1-groupManagement] INFO  server.RaftServerConfigKeys (ConfUtils.java:logGet(46)) - raft.server.log.appender.buffer.byte-limit = 33554432 (custom)
2023-09-19 02:05:17,238 [5eadcd64-1d4b-44b8-a1e5-0066e95eb1a1-groupManagement] INFO  server.RaftServerConfigKeys (ConfUtils.java:logGet(46)) - raft.server.log.statemachine.data.read.timeout = 1000ms (default)
2023-09-19 02:05:17,238 [5eadcd64-1d4b-44b8-a1e5-0066e95eb1a1-groupManagement] INFO  server.RaftServerConfigKeys (ConfUtils.java:logGet(46)) - raft.server.log.purge.preservation.log.num = 0 (default)
2023-09-19 02:05:17,238 [5eadcd64-1d4b-44b8-a1e5-0066e95eb1a1-groupManagement] INFO  server.RaftServerConfigKeys (ConfUtils.java:logGet(46)) - raft.server.log.segment.size.max = 1048576 (custom)
2023-09-19 02:05:17,238 [5eadcd64-1d4b-44b8-a1e5-0066e95eb1a1-groupManagement] INFO  server.RaftServerConfigKeys (ConfUtils.java:logGet(46)) - raft.server.log.segment.cache.num.max = 2 (custom)
2023-09-19 02:05:17,238 [5eadcd64-1d4b-44b8-a1e5-0066e95eb1a1-groupManagement] INFO  server.RaftServerConfigKeys (ConfUtils.java:logGet(46)) - raft.server.log.segment.cache.size.max = 200MB (=209715200) (default)
2023-09-19 02:05:17,238 [5eadcd64-1d4b-44b8-a1e5-0066e95eb1a1-groupManagement] INFO  server.RaftServerConfigKeys (ConfUtils.java:logGet(46)) - raft.server.log.appender.buffer.byte-limit = 33554432 (custom)
2023-09-19 02:05:17,239 [5eadcd64-1d4b-44b8-a1e5-0066e95eb1a1-groupManagement] INFO  segmented.SegmentedRaftLogWorker (SegmentedRaftLogWorker.java:<init>(188)) - new 5eadcd64-1d4b-44b8-a1e5-0066e95eb1a1@group-116411D7D5F3-SegmentedRaftLogWorker for RaftStorageImpl:Storage Directory /home/runner/work/ozone/ozone/hadoop-ozone/integration-test/target/test-dir/MiniOzoneClusterImpl-5e324384-037a-4cb1-b856-3c07748222cd/datanode-1/data/ratis/06800b04-b751-4479-971f-116411d7d5f3
2023-09-19 02:05:17,239 [5eadcd64-1d4b-44b8-a1e5-0066e95eb1a1-groupManagement] INFO  server.RaftServerConfigKeys (ConfUtils.java:logGet(46)) - raft.server.log.queue.byte-limit = 4294967296 (custom)
2023-09-19 02:05:17,239 [5eadcd64-1d4b-44b8-a1e5-0066e95eb1a1-groupManagement] INFO  server.RaftServerConfigKeys (ConfUtils.java:logGet(46)) - raft.server.log.queue.element-limit = 1024 (custom)
2023-09-19 02:05:17,239 [5eadcd64-1d4b-44b8-a1e5-0066e95eb1a1-groupManagement] INFO  server.RaftServerConfigKeys (ConfUtils.java:logGet(46)) - raft.server.log.segment.size.max = 1048576 (custom)
2023-09-19 02:05:17,239 [5eadcd64-1d4b-44b8-a1e5-0066e95eb1a1-groupManagement] INFO  server.RaftServerConfigKeys (ConfUtils.java:logGet(46)) - raft.server.log.preallocated.size = 16384 (custom)
2023-09-19 02:05:17,239 [5eadcd64-1d4b-44b8-a1e5-0066e95eb1a1-groupManagement] INFO  server.RaftServerConfigKeys (ConfUtils.java:logGet(46)) - raft.server.log.force.sync.num = 128 (default)
2023-09-19 02:05:17,239 [5eadcd64-1d4b-44b8-a1e5-0066e95eb1a1-groupManagement] INFO  server.RaftServerConfigKeys (ConfUtils.java:logGet(46)) - raft.server.log.statemachine.data.sync = true (default)
2023-09-19 02:05:17,239 [5eadcd64-1d4b-44b8-a1e5-0066e95eb1a1-groupManagement] INFO  server.RaftServerConfigKeys (ConfUtils.java:logGet(46)) - raft.server.log.statemachine.data.sync.timeout = 10s (default)
2023-09-19 02:05:17,239 [5eadcd64-1d4b-44b8-a1e5-0066e95eb1a1-groupManagement] INFO  server.RaftServerConfigKeys (ConfUtils.java:logGet(46)) - raft.server.log.statemachine.data.sync.timeout.retry = -1 (default)
2023-09-19 02:05:17,239 [5eadcd64-1d4b-44b8-a1e5-0066e95eb1a1-groupManagement] INFO  server.RaftServerConfigKeys (ConfUtils.java:logGet(46)) - raft.server.log.write.buffer.size = 1048576 (custom)
2023-09-19 02:05:17,239 [5eadcd64-1d4b-44b8-a1e5-0066e95eb1a1-groupManagement] INFO  server.RaftServerConfigKeys (ConfUtils.java:logGet(46)) - raft.server.log.appender.buffer.byte-limit = 33554432 (custom)
2023-09-19 02:05:17,247 [5eadcd64-1d4b-44b8-a1e5-0066e95eb1a1-groupManagement] INFO  server.RaftServerConfigKeys (ConfUtils.java:logGet(46)) - raft.server.log.unsafe-flush.enabled = false (default)
2023-09-19 02:05:17,247 [5eadcd64-1d4b-44b8-a1e5-0066e95eb1a1-groupManagement] INFO  server.RaftServerConfigKeys (ConfUtils.java:logGet(46)) - raft.server.log.async-flush.enabled = false (default)
2023-09-19 02:05:17,247 [5eadcd64-1d4b-44b8-a1e5-0066e95eb1a1-groupManagement] INFO  server.RaftServerConfigKeys (ConfUtils.java:logGet(46)) - raft.server.log.statemachine.data.caching.enabled = true (custom)
2023-09-19 02:05:17,248 [5eadcd64-1d4b-44b8-a1e5-0066e95eb1a1-groupManagement] INFO  segmented.SegmentedRaftLogWorker (SegmentedRaftLogWorker.java:lambda$new$0(135)) - 5eadcd64-1d4b-44b8-a1e5-0066e95eb1a1@group-116411D7D5F3-SegmentedRaftLogWorker: flushIndex: setUnconditionally 0 -> -1
2023-09-19 02:05:17,248 [5eadcd64-1d4b-44b8-a1e5-0066e95eb1a1-groupManagement] INFO  segmented.SegmentedRaftLogWorker (SegmentedRaftLogWorker.java:lambda$new$0(135)) - 5eadcd64-1d4b-44b8-a1e5-0066e95eb1a1@group-116411D7D5F3-SegmentedRaftLogWorker: safeCacheEvictIndex: setUnconditionally 0 -> -1
2023-09-19 02:05:17,248 [5eadcd64-1d4b-44b8-a1e5-0066e95eb1a1-groupManagement] INFO  server.RaftServer$Division (RaftServerImpl.java:start(342)) - 5eadcd64-1d4b-44b8-a1e5-0066e95eb1a1@group-116411D7D5F3: start as a follower, conf=-1: peers:[5eadcd64-1d4b-44b8-a1e5-0066e95eb1a1|rpc:10.1.0.29:15076|admin:10.1.0.29:15075|client:10.1.0.29:15074|dataStream:10.1.0.29:15077|priority:0|startupRole:FOLLOWER, bb1c6357-9327-4202-8734-55e8eab5c756|rpc:10.1.0.29:15085|admin:10.1.0.29:15084|client:10.1.0.29:15083|dataStream:10.1.0.29:15086|priority:0|startupRole:FOLLOWER, e39e4681-7919-4d3b-868d-83d4ef0f5b6f|rpc:10.1.0.29:15067|admin:10.1.0.29:15066|client:10.1.0.29:15065|dataStream:10.1.0.29:15068|priority:1|startupRole:FOLLOWER]|listeners:[], old=null
2023-09-19 02:05:17,248 [5eadcd64-1d4b-44b8-a1e5-0066e95eb1a1-groupManagement] INFO  server.RaftServer$Division (RaftServerImpl.java:setRole(329)) - 5eadcd64-1d4b-44b8-a1e5-0066e95eb1a1@group-116411D7D5F3: changes role from      null to FOLLOWER at term 0 for startAsFollower
2023-09-19 02:05:17,248 [5eadcd64-1d4b-44b8-a1e5-0066e95eb1a1-groupManagement] INFO  impl.RoleInfo (RoleInfo.java:updateAndGet(139)) - 5eadcd64-1d4b-44b8-a1e5-0066e95eb1a1: start 5eadcd64-1d4b-44b8-a1e5-0066e95eb1a1@group-116411D7D5F3-FollowerState
2023-09-19 02:05:17,250 [5eadcd64-1d4b-44b8-a1e5-0066e95eb1a1-groupManagement] INFO  util.JmxRegister (JmxRegister.java:tryRegister(44)) - Successfully registered JMX Bean with object name Ratis:service=RaftServer,group=group-116411D7D5F3,id=5eadcd64-1d4b-44b8-a1e5-0066e95eb1a1
2023-09-19 02:05:17,250 [5eadcd64-1d4b-44b8-a1e5-0066e95eb1a1-groupManagement] INFO  server.RaftServerConfigKeys (ConfUtils.java:logGet(46)) - raft.server.snapshot.auto.trigger.enabled = true (custom)
2023-09-19 02:05:17,250 [5eadcd64-1d4b-44b8-a1e5-0066e95eb1a1-groupManagement] INFO  server.RaftServerConfigKeys (ConfUtils.java:logGet(46)) - raft.server.snapshot.auto.trigger.threshold = 10000 (custom)
2023-09-19 02:05:17,250 [5eadcd64-1d4b-44b8-a1e5-0066e95eb1a1-groupManagement] INFO  server.RaftServerConfigKeys (ConfUtils.java:logGet(46)) - raft.server.snapshot.retention.file.num = 5 (custom)
2023-09-19 02:05:17,251 [5eadcd64-1d4b-44b8-a1e5-0066e95eb1a1-groupManagement] INFO  server.RaftServerConfigKeys (ConfUtils.java:logGet(46)) - raft.server.log.purge.upto.snapshot.index = false (default)
2023-09-19 02:05:17,251 [5eadcd64-1d4b-44b8-a1e5-0066e95eb1a1@group-116411D7D5F3-FollowerState] INFO  server.RaftServerConfigKeys (ConfUtils.java:logFallback(53)) - raft.server.rpc.first-election.timeout.min = 5s (fallback to raft.server.rpc.timeout.min)
2023-09-19 02:05:17,251 [5eadcd64-1d4b-44b8-a1e5-0066e95eb1a1@group-116411D7D5F3-FollowerState] INFO  server.RaftServerConfigKeys (ConfUtils.java:logFallback(53)) - raft.server.rpc.first-election.timeout.max = 5200ms (fallback to raft.server.rpc.timeout.max)
2023-09-19 02:05:17,275 [grpc-default-executor-0] INFO  server.RaftServer (RaftServerProxy.java:addNew(98)) - bb1c6357-9327-4202-8734-55e8eab5c756: addNew group-116411D7D5F3:[5eadcd64-1d4b-44b8-a1e5-0066e95eb1a1|rpc:10.1.0.29:15076|admin:10.1.0.29:15075|client:10.1.0.29:15074|dataStream:10.1.0.29:15077|priority:0|startupRole:FOLLOWER, bb1c6357-9327-4202-8734-55e8eab5c756|rpc:10.1.0.29:15085|admin:10.1.0.29:15084|client:10.1.0.29:15083|dataStream:10.1.0.29:15086|priority:0|startupRole:FOLLOWER, e39e4681-7919-4d3b-868d-83d4ef0f5b6f|rpc:10.1.0.29:15067|admin:10.1.0.29:15066|client:10.1.0.29:15065|dataStream:10.1.0.29:15068|priority:1|startupRole:FOLLOWER] returns group-116411D7D5F3:java.util.concurrent.CompletableFuture@35544238[Not completed]
2023-09-19 02:05:17,276 [bb1c6357-9327-4202-8734-55e8eab5c756-groupManagement] INFO  server.RaftServer$Division (RaftServerImpl.java:<init>(198)) - bb1c6357-9327-4202-8734-55e8eab5c756: new RaftServerImpl for group-116411D7D5F3:[5eadcd64-1d4b-44b8-a1e5-0066e95eb1a1|rpc:10.1.0.29:15076|admin:10.1.0.29:15075|client:10.1.0.29:15074|dataStream:10.1.0.29:15077|priority:0|startupRole:FOLLOWER, bb1c6357-9327-4202-8734-55e8eab5c756|rpc:10.1.0.29:15085|admin:10.1.0.29:15084|client:10.1.0.29:15083|dataStream:10.1.0.29:15086|priority:0|startupRole:FOLLOWER, e39e4681-7919-4d3b-868d-83d4ef0f5b6f|rpc:10.1.0.29:15067|admin:10.1.0.29:15066|client:10.1.0.29:15065|dataStream:10.1.0.29:15068|priority:1|startupRole:FOLLOWER] with ContainerStateMachine:uninitialized
2023-09-19 02:05:17,276 [bb1c6357-9327-4202-8734-55e8eab5c756-groupManagement] INFO  server.RaftServerConfigKeys (ConfUtils.java:logGet(46)) - raft.server.rpc.timeout.min = 5s (custom)
2023-09-19 02:05:17,276 [bb1c6357-9327-4202-8734-55e8eab5c756-groupManagement] INFO  server.RaftServerConfigKeys (ConfUtils.java:logGet(46)) - raft.server.rpc.timeout.max = 5200ms (custom)
2023-09-19 02:05:17,276 [bb1c6357-9327-4202-8734-55e8eab5c756-groupManagement] INFO  server.RaftServerConfigKeys (ConfUtils.java:logGet(46)) - raft.server.rpc.sleep.time = 25ms (default)
2023-09-19 02:05:17,276 [bb1c6357-9327-4202-8734-55e8eab5c756-groupManagement] INFO  server.RaftServerConfigKeys (ConfUtils.java:logGet(46)) - raft.server.rpc.slowness.timeout = 300s (custom)
2023-09-19 02:05:17,276 [bb1c6357-9327-4202-8734-55e8eab5c756-groupManagement] INFO  server.RaftServerConfigKeys (ConfUtils.java:logGet(46)) - raft.server.leaderelection.leader.step-down.wait-time = 10s (default)
2023-09-19 02:05:17,276 [bb1c6357-9327-4202-8734-55e8eab5c756-groupManagement] INFO  server.RaftServerConfigKeys (ConfUtils.java:logGet(46)) - raft.server.sleep.deviation.threshold = 300ms (default)
2023-09-19 02:05:17,276 [bb1c6357-9327-4202-8734-55e8eab5c756-groupManagement] INFO  server.RaftServer$Division (ServerState.java:<init>(120)) - bb1c6357-9327-4202-8734-55e8eab5c756@group-116411D7D5F3: ConfigurationManager, init=-1: peers:[5eadcd64-1d4b-44b8-a1e5-0066e95eb1a1|rpc:10.1.0.29:15076|admin:10.1.0.29:15075|client:10.1.0.29:15074|dataStream:10.1.0.29:15077|priority:0|startupRole:FOLLOWER, bb1c6357-9327-4202-8734-55e8eab5c756|rpc:10.1.0.29:15085|admin:10.1.0.29:15084|client:10.1.0.29:15083|dataStream:10.1.0.29:15086|priority:0|startupRole:FOLLOWER, e39e4681-7919-4d3b-868d-83d4ef0f5b6f|rpc:10.1.0.29:15067|admin:10.1.0.29:15066|client:10.1.0.29:15065|dataStream:10.1.0.29:15068|priority:1|startupRole:FOLLOWER]|listeners:[], old=null, confs=<EMPTY_MAP>
2023-09-19 02:05:17,276 [bb1c6357-9327-4202-8734-55e8eab5c756-groupManagement] INFO  server.RaftServerConfigKeys (ConfUtils.java:logGet(46)) - raft.server.storage.dir = [/home/runner/work/ozone/ozone/hadoop-ozone/integration-test/target/test-dir/MiniOzoneClusterImpl-5e324384-037a-4cb1-b856-3c07748222cd/datanode-2/data/ratis] (custom)
2023-09-19 02:05:17,277 [bb1c6357-9327-4202-8734-55e8eab5c756-groupManagement] INFO  server.RaftServerConfigKeys (ConfUtils.java:logGet(46)) - raft.server.log.corruption.policy = EXCEPTION (default)
2023-09-19 02:05:17,277 [bb1c6357-9327-4202-8734-55e8eab5c756-groupManagement] INFO  server.RaftServerConfigKeys (ConfUtils.java:logGet(46)) - raft.server.storage.free-space.min = 0MB (=0) (default)
2023-09-19 02:05:17,277 [bb1c6357-9327-4202-8734-55e8eab5c756-groupManagement] INFO  server.RaftServerConfigKeys (ConfUtils.java:logGet(46)) - raft.server.notification.no-leader.timeout = 300s (custom)
2023-09-19 02:05:17,277 [bb1c6357-9327-4202-8734-55e8eab5c756-groupManagement] INFO  server.RaftServerConfigKeys (ConfUtils.java:logGet(46)) - raft.server.read.timeout = 10s (default)
2023-09-19 02:05:17,277 [bb1c6357-9327-4202-8734-55e8eab5c756-groupManagement] INFO  server.RaftServerConfigKeys (ConfUtils.java:logGet(46)) - raft.server.retrycache.expirytime = 600000ms (custom)
2023-09-19 02:05:17,277 [bb1c6357-9327-4202-8734-55e8eab5c756-groupManagement] INFO  server.RaftServerConfigKeys (ConfUtils.java:logGet(46)) - raft.server.retrycache.statistics.expirytime = 100μs (default)
2023-09-19 02:05:17,277 [bb1c6357-9327-4202-8734-55e8eab5c756-groupManagement] INFO  server.RaftServerConfigKeys (ConfUtils.java:logGet(46)) - raft.server.read.option = DEFAULT (default)
2023-09-19 02:05:17,277 [bb1c6357-9327-4202-8734-55e8eab5c756-groupManagement] INFO  server.RaftServerConfigKeys (ConfUtils.java:logGet(46)) - raft.server.rpc.request.timeout = 60s (custom)
2023-09-19 02:05:17,278 [bb1c6357-9327-4202-8734-55e8eab5c756-groupManagement] INFO  server.RaftServerConfigKeys (ConfUtils.java:logGet(46)) - raft.server.log.appender.install.snapshot.enabled = false (custom)
2023-09-19 02:05:17,278 [bb1c6357-9327-4202-8734-55e8eab5c756-groupManagement] INFO  server.RaftServerConfigKeys (ConfUtils.java:logGet(46)) - raft.server.threadpool.server.cached = true (default)
2023-09-19 02:05:17,278 [bb1c6357-9327-4202-8734-55e8eab5c756-groupManagement] INFO  server.RaftServerConfigKeys (ConfUtils.java:logGet(46)) - raft.server.threadpool.server.size = 0 (default)
2023-09-19 02:05:17,278 [bb1c6357-9327-4202-8734-55e8eab5c756-groupManagement] INFO  server.RaftServerConfigKeys (ConfUtils.java:logGet(46)) - raft.server.threadpool.client.cached = true (default)
2023-09-19 02:05:17,278 [bb1c6357-9327-4202-8734-55e8eab5c756-groupManagement] INFO  server.RaftServerConfigKeys (ConfUtils.java:logGet(46)) - raft.server.threadpool.client.size = 0 (default)
2023-09-19 02:05:17,278 [bb1c6357-9327-4202-8734-55e8eab5c756-groupManagement] INFO  storage.RaftStorageDirectory (RaftStorageDirectoryImpl.java:analyzeStorage(137)) - The storage directory /home/runner/work/ozone/ozone/hadoop-ozone/integration-test/target/test-dir/MiniOzoneClusterImpl-5e324384-037a-4cb1-b856-3c07748222cd/datanode-2/data/ratis/06800b04-b751-4479-971f-116411d7d5f3 does not exist. Creating ...
2023-09-19 02:05:17,279 [bb1c6357-9327-4202-8734-55e8eab5c756-groupManagement] INFO  storage.RaftStorageDirectory (RaftStorageDirectoryImpl.java:tryLock(231)) - Lock on /home/runner/work/ozone/ozone/hadoop-ozone/integration-test/target/test-dir/MiniOzoneClusterImpl-5e324384-037a-4cb1-b856-3c07748222cd/datanode-2/data/ratis/06800b04-b751-4479-971f-116411d7d5f3/in_use.lock acquired by nodename 7315@fv-az1031-92
2023-09-19 02:05:17,280 [bb1c6357-9327-4202-8734-55e8eab5c756-groupManagement] INFO  storage.RaftStorage (RaftStorageImpl.java:format(96)) - Storage directory /home/runner/work/ozone/ozone/hadoop-ozone/integration-test/target/test-dir/MiniOzoneClusterImpl-5e324384-037a-4cb1-b856-3c07748222cd/datanode-2/data/ratis/06800b04-b751-4479-971f-116411d7d5f3 has been successfully formatted.
2023-09-19 02:05:17,281 [bb1c6357-9327-4202-8734-55e8eab5c756-groupManagement] INFO  ratis.ContainerStateMachine (ContainerStateMachine.java:loadSnapshot(262)) - group-116411D7D5F3: The snapshot info is null. Setting the last applied indexto:(t:0, i:~)
2023-09-19 02:05:17,281 [bb1c6357-9327-4202-8734-55e8eab5c756-groupManagement] INFO  server.RaftServerConfigKeys (ConfUtils.java:logGet(46)) - raft.server.log.use.memory = false (default)
2023-09-19 02:05:17,282 [bb1c6357-9327-4202-8734-55e8eab5c756-groupManagement] INFO  server.RaftServerConfigKeys (ConfUtils.java:logGet(46)) - raft.server.log.purge.gap = 1000000 (custom)
2023-09-19 02:05:17,282 [bb1c6357-9327-4202-8734-55e8eab5c756-groupManagement] INFO  server.RaftServerConfigKeys (ConfUtils.java:logGet(46)) - raft.server.log.appender.buffer.byte-limit = 33554432 (custom)
2023-09-19 02:05:17,282 [bb1c6357-9327-4202-8734-55e8eab5c756-groupManagement] INFO  server.RaftServerConfigKeys (ConfUtils.java:logGet(46)) - raft.server.log.statemachine.data.read.timeout = 1000ms (default)
2023-09-19 02:05:17,282 [bb1c6357-9327-4202-8734-55e8eab5c756-groupManagement] INFO  server.RaftServerConfigKeys (ConfUtils.java:logGet(46)) - raft.server.log.purge.preservation.log.num = 0 (default)
2023-09-19 02:05:17,282 [bb1c6357-9327-4202-8734-55e8eab5c756-groupManagement] INFO  server.RaftServerConfigKeys (ConfUtils.java:logGet(46)) - raft.server.log.segment.size.max = 1048576 (custom)
2023-09-19 02:05:17,282 [bb1c6357-9327-4202-8734-55e8eab5c756-groupManagement] INFO  server.RaftServerConfigKeys (ConfUtils.java:logGet(46)) - raft.server.log.segment.cache.num.max = 2 (custom)
2023-09-19 02:05:17,282 [bb1c6357-9327-4202-8734-55e8eab5c756-groupManagement] INFO  server.RaftServerConfigKeys (ConfUtils.java:logGet(46)) - raft.server.log.segment.cache.size.max = 200MB (=209715200) (default)
2023-09-19 02:05:17,282 [bb1c6357-9327-4202-8734-55e8eab5c756-groupManagement] INFO  server.RaftServerConfigKeys (ConfUtils.java:logGet(46)) - raft.server.log.appender.buffer.byte-limit = 33554432 (custom)
2023-09-19 02:05:17,282 [bb1c6357-9327-4202-8734-55e8eab5c756-groupManagement] INFO  segmented.SegmentedRaftLogWorker (SegmentedRaftLogWorker.java:<init>(188)) - new bb1c6357-9327-4202-8734-55e8eab5c756@group-116411D7D5F3-SegmentedRaftLogWorker for RaftStorageImpl:Storage Directory /home/runner/work/ozone/ozone/hadoop-ozone/integration-test/target/test-dir/MiniOzoneClusterImpl-5e324384-037a-4cb1-b856-3c07748222cd/datanode-2/data/ratis/06800b04-b751-4479-971f-116411d7d5f3
2023-09-19 02:05:17,282 [bb1c6357-9327-4202-8734-55e8eab5c756-groupManagement] INFO  server.RaftServerConfigKeys (ConfUtils.java:logGet(46)) - raft.server.log.queue.byte-limit = 4294967296 (custom)
2023-09-19 02:05:17,282 [bb1c6357-9327-4202-8734-55e8eab5c756-groupManagement] INFO  server.RaftServerConfigKeys (ConfUtils.java:logGet(46)) - raft.server.log.queue.element-limit = 1024 (custom)
2023-09-19 02:05:17,282 [bb1c6357-9327-4202-8734-55e8eab5c756-groupManagement] INFO  server.RaftServerConfigKeys (ConfUtils.java:logGet(46)) - raft.server.log.segment.size.max = 1048576 (custom)
2023-09-19 02:05:17,282 [bb1c6357-9327-4202-8734-55e8eab5c756-groupManagement] INFO  server.RaftServerConfigKeys (ConfUtils.java:logGet(46)) - raft.server.log.preallocated.size = 16384 (custom)
2023-09-19 02:05:17,283 [bb1c6357-9327-4202-8734-55e8eab5c756-groupManagement] INFO  server.RaftServerConfigKeys (ConfUtils.java:logGet(46)) - raft.server.log.force.sync.num = 128 (default)
2023-09-19 02:05:17,283 [bb1c6357-9327-4202-8734-55e8eab5c756-groupManagement] INFO  server.RaftServerConfigKeys (ConfUtils.java:logGet(46)) - raft.server.log.statemachine.data.sync = true (default)
2023-09-19 02:05:17,283 [bb1c6357-9327-4202-8734-55e8eab5c756-groupManagement] INFO  server.RaftServerConfigKeys (ConfUtils.java:logGet(46)) - raft.server.log.statemachine.data.sync.timeout = 10s (default)
2023-09-19 02:05:17,283 [bb1c6357-9327-4202-8734-55e8eab5c756-groupManagement] INFO  server.RaftServerConfigKeys (ConfUtils.java:logGet(46)) - raft.server.log.statemachine.data.sync.timeout.retry = -1 (default)
2023-09-19 02:05:17,283 [bb1c6357-9327-4202-8734-55e8eab5c756-groupManagement] INFO  server.RaftServerConfigKeys (ConfUtils.java:logGet(46)) - raft.server.log.write.buffer.size = 1048576 (custom)
2023-09-19 02:05:17,283 [bb1c6357-9327-4202-8734-55e8eab5c756-groupManagement] INFO  server.RaftServerConfigKeys (ConfUtils.java:logGet(46)) - raft.server.log.appender.buffer.byte-limit = 33554432 (custom)
2023-09-19 02:05:17,289 [bb1c6357-9327-4202-8734-55e8eab5c756-groupManagement] INFO  server.RaftServerConfigKeys (ConfUtils.java:logGet(46)) - raft.server.log.unsafe-flush.enabled = false (default)
2023-09-19 02:05:17,289 [bb1c6357-9327-4202-8734-55e8eab5c756-groupManagement] INFO  server.RaftServerConfigKeys (ConfUtils.java:logGet(46)) - raft.server.log.async-flush.enabled = false (default)
2023-09-19 02:05:17,289 [bb1c6357-9327-4202-8734-55e8eab5c756-groupManagement] INFO  server.RaftServerConfigKeys (ConfUtils.java:logGet(46)) - raft.server.log.statemachine.data.caching.enabled = true (custom)
2023-09-19 02:05:17,289 [bb1c6357-9327-4202-8734-55e8eab5c756-groupManagement] INFO  segmented.SegmentedRaftLogWorker (SegmentedRaftLogWorker.java:lambda$new$0(135)) - bb1c6357-9327-4202-8734-55e8eab5c756@group-116411D7D5F3-SegmentedRaftLogWorker: flushIndex: setUnconditionally 0 -> -1
2023-09-19 02:05:17,289 [bb1c6357-9327-4202-8734-55e8eab5c756-groupManagement] INFO  segmented.SegmentedRaftLogWorker (SegmentedRaftLogWorker.java:lambda$new$0(135)) - bb1c6357-9327-4202-8734-55e8eab5c756@group-116411D7D5F3-SegmentedRaftLogWorker: safeCacheEvictIndex: setUnconditionally 0 -> -1
2023-09-19 02:05:17,289 [bb1c6357-9327-4202-8734-55e8eab5c756-groupManagement] INFO  server.RaftServer$Division (RaftServerImpl.java:start(342)) - bb1c6357-9327-4202-8734-55e8eab5c756@group-116411D7D5F3: start as a follower, conf=-1: peers:[5eadcd64-1d4b-44b8-a1e5-0066e95eb1a1|rpc:10.1.0.29:15076|admin:10.1.0.29:15075|client:10.1.0.29:15074|dataStream:10.1.0.29:15077|priority:0|startupRole:FOLLOWER, bb1c6357-9327-4202-8734-55e8eab5c756|rpc:10.1.0.29:15085|admin:10.1.0.29:15084|client:10.1.0.29:15083|dataStream:10.1.0.29:15086|priority:0|startupRole:FOLLOWER, e39e4681-7919-4d3b-868d-83d4ef0f5b6f|rpc:10.1.0.29:15067|admin:10.1.0.29:15066|client:10.1.0.29:15065|dataStream:10.1.0.29:15068|priority:1|startupRole:FOLLOWER]|listeners:[], old=null
2023-09-19 02:05:17,290 [bb1c6357-9327-4202-8734-55e8eab5c756-groupManagement] INFO  server.RaftServer$Division (RaftServerImpl.java:setRole(329)) - bb1c6357-9327-4202-8734-55e8eab5c756@group-116411D7D5F3: changes role from      null to FOLLOWER at term 0 for startAsFollower
2023-09-19 02:05:17,290 [bb1c6357-9327-4202-8734-55e8eab5c756-groupManagement] INFO  impl.RoleInfo (RoleInfo.java:updateAndGet(139)) - bb1c6357-9327-4202-8734-55e8eab5c756: start bb1c6357-9327-4202-8734-55e8eab5c756@group-116411D7D5F3-FollowerState
2023-09-19 02:05:17,292 [bb1c6357-9327-4202-8734-55e8eab5c756@group-116411D7D5F3-FollowerState] INFO  server.RaftServerConfigKeys (ConfUtils.java:logFallback(53)) - raft.server.rpc.first-election.timeout.min = 5s (fallback to raft.server.rpc.timeout.min)
2023-09-19 02:05:17,292 [bb1c6357-9327-4202-8734-55e8eab5c756-groupManagement] INFO  util.JmxRegister (JmxRegister.java:tryRegister(44)) - Successfully registered JMX Bean with object name Ratis:service=RaftServer,group=group-116411D7D5F3,id=bb1c6357-9327-4202-8734-55e8eab5c756
2023-09-19 02:05:17,292 [bb1c6357-9327-4202-8734-55e8eab5c756@group-116411D7D5F3-FollowerState] INFO  server.RaftServerConfigKeys (ConfUtils.java:logFallback(53)) - raft.server.rpc.first-election.timeout.max = 5200ms (fallback to raft.server.rpc.timeout.max)
2023-09-19 02:05:17,293 [bb1c6357-9327-4202-8734-55e8eab5c756-groupManagement] INFO  server.RaftServerConfigKeys (ConfUtils.java:logGet(46)) - raft.server.snapshot.auto.trigger.enabled = true (custom)
2023-09-19 02:05:17,293 [bb1c6357-9327-4202-8734-55e8eab5c756-groupManagement] INFO  server.RaftServerConfigKeys (ConfUtils.java:logGet(46)) - raft.server.snapshot.auto.trigger.threshold = 10000 (custom)
2023-09-19 02:05:17,293 [bb1c6357-9327-4202-8734-55e8eab5c756-groupManagement] INFO  server.RaftServerConfigKeys (ConfUtils.java:logGet(46)) - raft.server.snapshot.retention.file.num = 5 (custom)
2023-09-19 02:05:17,293 [bb1c6357-9327-4202-8734-55e8eab5c756-groupManagement] INFO  server.RaftServerConfigKeys (ConfUtils.java:logGet(46)) - raft.server.log.purge.upto.snapshot.index = false (default)
2023-09-19 02:05:17,303 [PipelineCommandHandlerThread-0] INFO  commandhandler.CreatePipelineCommandHandler (CreatePipelineCommandHandler.java:lambda$handle$2(124)) - Created Pipeline RATIS THREE PipelineID=06800b04-b751-4479-971f-116411d7d5f3.
2023-09-19 02:05:17,355 [PipelineCommandHandlerThread-0] INFO  server.RaftServer (RaftServerProxy.java:addNew(98)) - 5eadcd64-1d4b-44b8-a1e5-0066e95eb1a1: addNew group-B2C302EE2684:[5eadcd64-1d4b-44b8-a1e5-0066e95eb1a1|rpc:10.1.0.29:15076|admin:10.1.0.29:15075|client:10.1.0.29:15074|dataStream:10.1.0.29:15077|priority:1|startupRole:FOLLOWER] returns group-B2C302EE2684:java.util.concurrent.CompletableFuture@7f1ff3b3[Not completed]
2023-09-19 02:05:17,356 [5eadcd64-1d4b-44b8-a1e5-0066e95eb1a1-groupManagement] INFO  server.RaftServer$Division (RaftServerImpl.java:<init>(198)) - 5eadcd64-1d4b-44b8-a1e5-0066e95eb1a1: new RaftServerImpl for group-B2C302EE2684:[5eadcd64-1d4b-44b8-a1e5-0066e95eb1a1|rpc:10.1.0.29:15076|admin:10.1.0.29:15075|client:10.1.0.29:15074|dataStream:10.1.0.29:15077|priority:1|startupRole:FOLLOWER] with ContainerStateMachine:uninitialized
2023-09-19 02:05:17,356 [5eadcd64-1d4b-44b8-a1e5-0066e95eb1a1-groupManagement] INFO  server.RaftServerConfigKeys (ConfUtils.java:logGet(46)) - raft.server.rpc.timeout.min = 5s (custom)
2023-09-19 02:05:17,356 [5eadcd64-1d4b-44b8-a1e5-0066e95eb1a1-groupManagement] INFO  server.RaftServerConfigKeys (ConfUtils.java:logGet(46)) - raft.server.rpc.timeout.max = 5200ms (custom)
2023-09-19 02:05:17,356 [5eadcd64-1d4b-44b8-a1e5-0066e95eb1a1-groupManagement] INFO  server.RaftServerConfigKeys (ConfUtils.java:logGet(46)) - raft.server.rpc.sleep.time = 25ms (default)
2023-09-19 02:05:17,356 [5eadcd64-1d4b-44b8-a1e5-0066e95eb1a1-groupManagement] INFO  server.RaftServerConfigKeys (ConfUtils.java:logGet(46)) - raft.server.rpc.slowness.timeout = 300s (custom)
2023-09-19 02:05:17,356 [5eadcd64-1d4b-44b8-a1e5-0066e95eb1a1-groupManagement] INFO  server.RaftServerConfigKeys (ConfUtils.java:logGet(46)) - raft.server.leaderelection.leader.step-down.wait-time = 10s (default)
2023-09-19 02:05:17,356 [5eadcd64-1d4b-44b8-a1e5-0066e95eb1a1-groupManagement] INFO  server.RaftServerConfigKeys (ConfUtils.java:logGet(46)) - raft.server.sleep.deviation.threshold = 300ms (default)
2023-09-19 02:05:17,356 [5eadcd64-1d4b-44b8-a1e5-0066e95eb1a1-groupManagement] INFO  server.RaftServer$Division (ServerState.java:<init>(120)) - 5eadcd64-1d4b-44b8-a1e5-0066e95eb1a1@group-B2C302EE2684: ConfigurationManager, init=-1: peers:[5eadcd64-1d4b-44b8-a1e5-0066e95eb1a1|rpc:10.1.0.29:15076|admin:10.1.0.29:15075|client:10.1.0.29:15074|dataStream:10.1.0.29:15077|priority:1|startupRole:FOLLOWER]|listeners:[], old=null, confs=<EMPTY_MAP>
2023-09-19 02:05:17,356 [5eadcd64-1d4b-44b8-a1e5-0066e95eb1a1-groupManagement] INFO  server.RaftServerConfigKeys (ConfUtils.java:logGet(46)) - raft.server.storage.dir = [/home/runner/work/ozone/ozone/hadoop-ozone/integration-test/target/test-dir/MiniOzoneClusterImpl-5e324384-037a-4cb1-b856-3c07748222cd/datanode-1/data/ratis] (custom)
2023-09-19 02:05:17,356 [5eadcd64-1d4b-44b8-a1e5-0066e95eb1a1-groupManagement] INFO  server.RaftServerConfigKeys (ConfUtils.java:logGet(46)) - raft.server.log.corruption.policy = EXCEPTION (default)
2023-09-19 02:05:17,356 [5eadcd64-1d4b-44b8-a1e5-0066e95eb1a1-groupManagement] INFO  server.RaftServerConfigKeys (ConfUtils.java:logGet(46)) - raft.server.storage.free-space.min = 0MB (=0) (default)
2023-09-19 02:05:17,356 [5eadcd64-1d4b-44b8-a1e5-0066e95eb1a1-groupManagement] INFO  server.RaftServerConfigKeys (ConfUtils.java:logGet(46)) - raft.server.notification.no-leader.timeout = 300s (custom)
2023-09-19 02:05:17,356 [5eadcd64-1d4b-44b8-a1e5-0066e95eb1a1-groupManagement] INFO  server.RaftServerConfigKeys (ConfUtils.java:logGet(46)) - raft.server.read.timeout = 10s (default)
2023-09-19 02:05:17,357 [5eadcd64-1d4b-44b8-a1e5-0066e95eb1a1-groupManagement] INFO  server.RaftServerConfigKeys (ConfUtils.java:logGet(46)) - raft.server.retrycache.expirytime = 600000ms (custom)
2023-09-19 02:05:17,357 [5eadcd64-1d4b-44b8-a1e5-0066e95eb1a1-groupManagement] INFO  server.RaftServerConfigKeys (ConfUtils.java:logGet(46)) - raft.server.retrycache.statistics.expirytime = 100μs (default)
2023-09-19 02:05:17,357 [5eadcd64-1d4b-44b8-a1e5-0066e95eb1a1-groupManagement] INFO  server.RaftServerConfigKeys (ConfUtils.java:logGet(46)) - raft.server.read.option = DEFAULT (default)
2023-09-19 02:05:17,357 [5eadcd64-1d4b-44b8-a1e5-0066e95eb1a1-groupManagement] INFO  server.RaftServerConfigKeys (ConfUtils.java:logGet(46)) - raft.server.rpc.request.timeout = 60s (custom)
2023-09-19 02:05:17,357 [5eadcd64-1d4b-44b8-a1e5-0066e95eb1a1-groupManagement] INFO  server.RaftServerConfigKeys (ConfUtils.java:logGet(46)) - raft.server.log.appender.install.snapshot.enabled = false (custom)
2023-09-19 02:05:17,357 [5eadcd64-1d4b-44b8-a1e5-0066e95eb1a1-groupManagement] INFO  server.RaftServerConfigKeys (ConfUtils.java:logGet(46)) - raft.server.threadpool.server.cached = true (default)
2023-09-19 02:05:17,357 [5eadcd64-1d4b-44b8-a1e5-0066e95eb1a1-groupManagement] INFO  server.RaftServerConfigKeys (ConfUtils.java:logGet(46)) - raft.server.threadpool.server.size = 0 (default)
2023-09-19 02:05:17,357 [5eadcd64-1d4b-44b8-a1e5-0066e95eb1a1-groupManagement] INFO  server.RaftServerConfigKeys (ConfUtils.java:logGet(46)) - raft.server.threadpool.client.cached = true (default)
2023-09-19 02:05:17,357 [5eadcd64-1d4b-44b8-a1e5-0066e95eb1a1-groupManagement] INFO  server.RaftServerConfigKeys (ConfUtils.java:logGet(46)) - raft.server.threadpool.client.size = 0 (default)
2023-09-19 02:05:17,358 [5eadcd64-1d4b-44b8-a1e5-0066e95eb1a1-groupManagement] INFO  storage.RaftStorageDirectory (RaftStorageDirectoryImpl.java:analyzeStorage(137)) - The storage directory /home/runner/work/ozone/ozone/hadoop-ozone/integration-test/target/test-dir/MiniOzoneClusterImpl-5e324384-037a-4cb1-b856-3c07748222cd/datanode-1/data/ratis/07f52442-9f10-43a4-8583-b2c302ee2684 does not exist. Creating ...
2023-09-19 02:05:17,359 [5eadcd64-1d4b-44b8-a1e5-0066e95eb1a1-groupManagement] INFO  storage.RaftStorageDirectory (RaftStorageDirectoryImpl.java:tryLock(231)) - Lock on /home/runner/work/ozone/ozone/hadoop-ozone/integration-test/target/test-dir/MiniOzoneClusterImpl-5e324384-037a-4cb1-b856-3c07748222cd/datanode-1/data/ratis/07f52442-9f10-43a4-8583-b2c302ee2684/in_use.lock acquired by nodename 7315@fv-az1031-92
2023-09-19 02:05:17,360 [5eadcd64-1d4b-44b8-a1e5-0066e95eb1a1-groupManagement] INFO  storage.RaftStorage (RaftStorageImpl.java:format(96)) - Storage directory /home/runner/work/ozone/ozone/hadoop-ozone/integration-test/target/test-dir/MiniOzoneClusterImpl-5e324384-037a-4cb1-b856-3c07748222cd/datanode-1/data/ratis/07f52442-9f10-43a4-8583-b2c302ee2684 has been successfully formatted.
2023-09-19 02:05:17,360 [5eadcd64-1d4b-44b8-a1e5-0066e95eb1a1-groupManagement] INFO  ratis.ContainerStateMachine (ContainerStateMachine.java:loadSnapshot(262)) - group-B2C302EE2684: The snapshot info is null. Setting the last applied indexto:(t:0, i:~)
2023-09-19 02:05:17,360 [5eadcd64-1d4b-44b8-a1e5-0066e95eb1a1-groupManagement] INFO  server.RaftServerConfigKeys (ConfUtils.java:logGet(46)) - raft.server.log.use.memory = false (default)
2023-09-19 02:05:17,360 [5eadcd64-1d4b-44b8-a1e5-0066e95eb1a1-groupManagement] INFO  server.RaftServerConfigKeys (ConfUtils.java:logGet(46)) - raft.server.log.purge.gap = 1000000 (custom)
2023-09-19 02:05:17,360 [5eadcd64-1d4b-44b8-a1e5-0066e95eb1a1-groupManagement] INFO  server.RaftServerConfigKeys (ConfUtils.java:logGet(46)) - raft.server.log.appender.buffer.byte-limit = 33554432 (custom)
2023-09-19 02:05:17,360 [5eadcd64-1d4b-44b8-a1e5-0066e95eb1a1-groupManagement] INFO  server.RaftServerConfigKeys (ConfUtils.java:logGet(46)) - raft.server.log.statemachine.data.read.timeout = 1000ms (default)
2023-09-19 02:05:17,361 [5eadcd64-1d4b-44b8-a1e5-0066e95eb1a1-groupManagement] INFO  server.RaftServerConfigKeys (ConfUtils.java:logGet(46)) - raft.server.log.purge.preservation.log.num = 0 (default)
2023-09-19 02:05:17,361 [5eadcd64-1d4b-44b8-a1e5-0066e95eb1a1-groupManagement] INFO  server.RaftServerConfigKeys (ConfUtils.java:logGet(46)) - raft.server.log.segment.size.max = 1048576 (custom)
2023-09-19 02:05:17,361 [5eadcd64-1d4b-44b8-a1e5-0066e95eb1a1-groupManagement] INFO  server.RaftServerConfigKeys (ConfUtils.java:logGet(46)) - raft.server.log.segment.cache.num.max = 2 (custom)
2023-09-19 02:05:17,361 [5eadcd64-1d4b-44b8-a1e5-0066e95eb1a1-groupManagement] INFO  server.RaftServerConfigKeys (ConfUtils.java:logGet(46)) - raft.server.log.segment.cache.size.max = 200MB (=209715200) (default)
2023-09-19 02:05:17,361 [5eadcd64-1d4b-44b8-a1e5-0066e95eb1a1-groupManagement] INFO  server.RaftServerConfigKeys (ConfUtils.java:logGet(46)) - raft.server.log.appender.buffer.byte-limit = 33554432 (custom)
2023-09-19 02:05:17,361 [5eadcd64-1d4b-44b8-a1e5-0066e95eb1a1-groupManagement] INFO  segmented.SegmentedRaftLogWorker (SegmentedRaftLogWorker.java:<init>(188)) - new 5eadcd64-1d4b-44b8-a1e5-0066e95eb1a1@group-B2C302EE2684-SegmentedRaftLogWorker for RaftStorageImpl:Storage Directory /home/runner/work/ozone/ozone/hadoop-ozone/integration-test/target/test-dir/MiniOzoneClusterImpl-5e324384-037a-4cb1-b856-3c07748222cd/datanode-1/data/ratis/07f52442-9f10-43a4-8583-b2c302ee2684
2023-09-19 02:05:17,361 [5eadcd64-1d4b-44b8-a1e5-0066e95eb1a1-groupManagement] INFO  server.RaftServerConfigKeys (ConfUtils.java:logGet(46)) - raft.server.log.queue.byte-limit = 4294967296 (custom)
2023-09-19 02:05:17,361 [5eadcd64-1d4b-44b8-a1e5-0066e95eb1a1-groupManagement] INFO  server.RaftServerConfigKeys (ConfUtils.java:logGet(46)) - raft.server.log.queue.element-limit = 1024 (custom)
2023-09-19 02:05:17,361 [5eadcd64-1d4b-44b8-a1e5-0066e95eb1a1-groupManagement] INFO  server.RaftServerConfigKeys (ConfUtils.java:logGet(46)) - raft.server.log.segment.size.max = 1048576 (custom)
2023-09-19 02:05:17,361 [5eadcd64-1d4b-44b8-a1e5-0066e95eb1a1-groupManagement] INFO  server.RaftServerConfigKeys (ConfUtils.java:logGet(46)) - raft.server.log.preallocated.size = 16384 (custom)
2023-09-19 02:05:17,361 [5eadcd64-1d4b-44b8-a1e5-0066e95eb1a1-groupManagement] INFO  server.RaftServerConfigKeys (ConfUtils.java:logGet(46)) - raft.server.log.force.sync.num = 128 (default)
2023-09-19 02:05:17,361 [5eadcd64-1d4b-44b8-a1e5-0066e95eb1a1-groupManagement] INFO  server.RaftServerConfigKeys (ConfUtils.java:logGet(46)) - raft.server.log.statemachine.data.sync = true (default)
2023-09-19 02:05:17,364 [EventQueue-PipelineReportForPipelineReportHandler] INFO  pipeline.PipelineReportHandler (PipelineReportHandler.java:processPipelineReport(136)) - Opened pipeline PipelineID=07f52442-9f10-43a4-8583-b2c302ee2684
2023-09-19 02:05:17,364 [5eadcd64-1d4b-44b8-a1e5-0066e95eb1a1-groupManagement] INFO  server.RaftServerConfigKeys (ConfUtils.java:logGet(46)) - raft.server.log.statemachine.data.sync.timeout = 10s (default)
2023-09-19 02:05:17,364 [EventQueue-OpenPipelineForHealthyPipelineSafeModeRule] INFO  safemode.SCMSafeModeManager (HealthyPipelineSafeModeRule.java:process(137)) - SCM in safe mode. Healthy pipelines reported count is 0, required healthy pipeline reported count is 1
2023-09-19 02:05:17,364 [5eadcd64-1d4b-44b8-a1e5-0066e95eb1a1-groupManagement] INFO  server.RaftServerConfigKeys (ConfUtils.java:logGet(46)) - raft.server.log.statemachine.data.sync.timeout.retry = -1 (default)
2023-09-19 02:05:17,365 [5eadcd64-1d4b-44b8-a1e5-0066e95eb1a1-groupManagement] INFO  server.RaftServerConfigKeys (ConfUtils.java:logGet(46)) - raft.server.log.write.buffer.size = 1048576 (custom)
2023-09-19 02:05:17,365 [5eadcd64-1d4b-44b8-a1e5-0066e95eb1a1-groupManagement] INFO  server.RaftServerConfigKeys (ConfUtils.java:logGet(46)) - raft.server.log.appender.buffer.byte-limit = 33554432 (custom)
2023-09-19 02:05:17,370 [5eadcd64-1d4b-44b8-a1e5-0066e95eb1a1-groupManagement] INFO  server.RaftServerConfigKeys (ConfUtils.java:logGet(46)) - raft.server.log.unsafe-flush.enabled = false (default)
2023-09-19 02:05:17,370 [5eadcd64-1d4b-44b8-a1e5-0066e95eb1a1-groupManagement] INFO  server.RaftServerConfigKeys (ConfUtils.java:logGet(46)) - raft.server.log.async-flush.enabled = false (default)
2023-09-19 02:05:17,370 [5eadcd64-1d4b-44b8-a1e5-0066e95eb1a1-groupManagement] INFO  server.RaftServerConfigKeys (ConfUtils.java:logGet(46)) - raft.server.log.statemachine.data.caching.enabled = true (custom)
2023-09-19 02:05:17,370 [5eadcd64-1d4b-44b8-a1e5-0066e95eb1a1-groupManagement] INFO  segmented.SegmentedRaftLogWorker (SegmentedRaftLogWorker.java:lambda$new$0(135)) - 5eadcd64-1d4b-44b8-a1e5-0066e95eb1a1@group-B2C302EE2684-SegmentedRaftLogWorker: flushIndex: setUnconditionally 0 -> -1
2023-09-19 02:05:17,370 [5eadcd64-1d4b-44b8-a1e5-0066e95eb1a1-groupManagement] INFO  segmented.SegmentedRaftLogWorker (SegmentedRaftLogWorker.java:lambda$new$0(135)) - 5eadcd64-1d4b-44b8-a1e5-0066e95eb1a1@group-B2C302EE2684-SegmentedRaftLogWorker: safeCacheEvictIndex: setUnconditionally 0 -> -1
2023-09-19 02:05:17,374 [5eadcd64-1d4b-44b8-a1e5-0066e95eb1a1-groupManagement] INFO  server.RaftServer$Division (RaftServerImpl.java:start(342)) - 5eadcd64-1d4b-44b8-a1e5-0066e95eb1a1@group-B2C302EE2684: start as a follower, conf=-1: peers:[5eadcd64-1d4b-44b8-a1e5-0066e95eb1a1|rpc:10.1.0.29:15076|admin:10.1.0.29:15075|client:10.1.0.29:15074|dataStream:10.1.0.29:15077|priority:1|startupRole:FOLLOWER]|listeners:[], old=null
2023-09-19 02:05:17,374 [5eadcd64-1d4b-44b8-a1e5-0066e95eb1a1-groupManagement] INFO  server.RaftServer$Division (RaftServerImpl.java:setRole(329)) - 5eadcd64-1d4b-44b8-a1e5-0066e95eb1a1@group-B2C302EE2684: changes role from      null to FOLLOWER at term 0 for startAsFollower
2023-09-19 02:05:17,374 [5eadcd64-1d4b-44b8-a1e5-0066e95eb1a1-groupManagement] INFO  impl.RoleInfo (RoleInfo.java:updateAndGet(139)) - 5eadcd64-1d4b-44b8-a1e5-0066e95eb1a1: start 5eadcd64-1d4b-44b8-a1e5-0066e95eb1a1@group-B2C302EE2684-FollowerState
2023-09-19 02:05:17,383 [5eadcd64-1d4b-44b8-a1e5-0066e95eb1a1-groupManagement] INFO  util.JmxRegister (JmxRegister.java:tryRegister(44)) - Successfully registered JMX Bean with object name Ratis:service=RaftServer,group=group-B2C302EE2684,id=5eadcd64-1d4b-44b8-a1e5-0066e95eb1a1
2023-09-19 02:05:17,383 [5eadcd64-1d4b-44b8-a1e5-0066e95eb1a1-groupManagement] INFO  server.RaftServerConfigKeys (ConfUtils.java:logGet(46)) - raft.server.snapshot.auto.trigger.enabled = true (custom)
2023-09-19 02:05:17,383 [5eadcd64-1d4b-44b8-a1e5-0066e95eb1a1-groupManagement] INFO  server.RaftServerConfigKeys (ConfUtils.java:logGet(46)) - raft.server.snapshot.auto.trigger.threshold = 10000 (custom)
2023-09-19 02:05:17,384 [5eadcd64-1d4b-44b8-a1e5-0066e95eb1a1-groupManagement] INFO  server.RaftServerConfigKeys (ConfUtils.java:logGet(46)) - raft.server.snapshot.retention.file.num = 5 (custom)
2023-09-19 02:05:17,384 [5eadcd64-1d4b-44b8-a1e5-0066e95eb1a1-groupManagement] INFO  server.RaftServerConfigKeys (ConfUtils.java:logGet(46)) - raft.server.log.purge.upto.snapshot.index = false (default)
2023-09-19 02:05:17,384 [5eadcd64-1d4b-44b8-a1e5-0066e95eb1a1@group-B2C302EE2684-FollowerState] INFO  server.RaftServerConfigKeys (ConfUtils.java:logFallback(53)) - raft.server.rpc.first-election.timeout.min = 5s (fallback to raft.server.rpc.timeout.min)
2023-09-19 02:05:17,384 [5eadcd64-1d4b-44b8-a1e5-0066e95eb1a1@group-B2C302EE2684-FollowerState] INFO  server.RaftServerConfigKeys (ConfUtils.java:logFallback(53)) - raft.server.rpc.first-election.timeout.max = 5200ms (fallback to raft.server.rpc.timeout.max)
2023-09-19 02:05:17,384 [PipelineCommandHandlerThread-0] INFO  ratis.XceiverServerRatis (XceiverServerRatis.java:addGroup(804)) - Created group PipelineID=07f52442-9f10-43a4-8583-b2c302ee2684
2023-09-19 02:05:17,384 [PipelineCommandHandlerThread-0] INFO  commandhandler.CreatePipelineCommandHandler (CreatePipelineCommandHandler.java:lambda$handle$2(124)) - Created Pipeline RATIS ONE PipelineID=07f52442-9f10-43a4-8583-b2c302ee2684.
2023-09-19 02:05:17,629 [PipelineCommandHandlerThread-0] INFO  server.RaftServer (RaftServerProxy.java:addNew(98)) - bb1c6357-9327-4202-8734-55e8eab5c756: addNew group-CAE25B30FF69:[bb1c6357-9327-4202-8734-55e8eab5c756|rpc:10.1.0.29:15085|admin:10.1.0.29:15084|client:10.1.0.29:15083|dataStream:10.1.0.29:15086|priority:1|startupRole:FOLLOWER] returns group-CAE25B30FF69:java.util.concurrent.CompletableFuture@6ec8fd39[Not completed]
2023-09-19 02:05:17,631 [bb1c6357-9327-4202-8734-55e8eab5c756-groupManagement] INFO  server.RaftServer$Division (RaftServerImpl.java:<init>(198)) - bb1c6357-9327-4202-8734-55e8eab5c756: new RaftServerImpl for group-CAE25B30FF69:[bb1c6357-9327-4202-8734-55e8eab5c756|rpc:10.1.0.29:15085|admin:10.1.0.29:15084|client:10.1.0.29:15083|dataStream:10.1.0.29:15086|priority:1|startupRole:FOLLOWER] with ContainerStateMachine:uninitialized
2023-09-19 02:05:17,631 [bb1c6357-9327-4202-8734-55e8eab5c756-groupManagement] INFO  server.RaftServerConfigKeys (ConfUtils.java:logGet(46)) - raft.server.rpc.timeout.min = 5s (custom)
2023-09-19 02:05:17,631 [bb1c6357-9327-4202-8734-55e8eab5c756-groupManagement] INFO  server.RaftServerConfigKeys (ConfUtils.java:logGet(46)) - raft.server.rpc.timeout.max = 5200ms (custom)
2023-09-19 02:05:17,631 [bb1c6357-9327-4202-8734-55e8eab5c756-groupManagement] INFO  server.RaftServerConfigKeys (ConfUtils.java:logGet(46)) - raft.server.rpc.sleep.time = 25ms (default)
2023-09-19 02:05:17,631 [bb1c6357-9327-4202-8734-55e8eab5c756-groupManagement] INFO  server.RaftServerConfigKeys (ConfUtils.java:logGet(46)) - raft.server.rpc.slowness.timeout = 300s (custom)
2023-09-19 02:05:17,631 [bb1c6357-9327-4202-8734-55e8eab5c756-groupManagement] INFO  server.RaftServerConfigKeys (ConfUtils.java:logGet(46)) - raft.server.leaderelection.leader.step-down.wait-time = 10s (default)
2023-09-19 02:05:17,631 [bb1c6357-9327-4202-8734-55e8eab5c756-groupManagement] INFO  server.RaftServerConfigKeys (ConfUtils.java:logGet(46)) - raft.server.sleep.deviation.threshold = 300ms (default)
2023-09-19 02:05:17,631 [bb1c6357-9327-4202-8734-55e8eab5c756-groupManagement] INFO  server.RaftServer$Division (ServerState.java:<init>(120)) - bb1c6357-9327-4202-8734-55e8eab5c756@group-CAE25B30FF69: ConfigurationManager, init=-1: peers:[bb1c6357-9327-4202-8734-55e8eab5c756|rpc:10.1.0.29:15085|admin:10.1.0.29:15084|client:10.1.0.29:15083|dataStream:10.1.0.29:15086|priority:1|startupRole:FOLLOWER]|listeners:[], old=null, confs=<EMPTY_MAP>
2023-09-19 02:05:17,631 [bb1c6357-9327-4202-8734-55e8eab5c756-groupManagement] INFO  server.RaftServerConfigKeys (ConfUtils.java:logGet(46)) - raft.server.storage.dir = [/home/runner/work/ozone/ozone/hadoop-ozone/integration-test/target/test-dir/MiniOzoneClusterImpl-5e324384-037a-4cb1-b856-3c07748222cd/datanode-2/data/ratis] (custom)
2023-09-19 02:05:17,631 [bb1c6357-9327-4202-8734-55e8eab5c756-groupManagement] INFO  server.RaftServerConfigKeys (ConfUtils.java:logGet(46)) - raft.server.log.corruption.policy = EXCEPTION (default)
2023-09-19 02:05:17,631 [bb1c6357-9327-4202-8734-55e8eab5c756-groupManagement] INFO  server.RaftServerConfigKeys (ConfUtils.java:logGet(46)) - raft.server.storage.free-space.min = 0MB (=0) (default)
2023-09-19 02:05:17,631 [bb1c6357-9327-4202-8734-55e8eab5c756-groupManagement] INFO  server.RaftServerConfigKeys (ConfUtils.java:logGet(46)) - raft.server.notification.no-leader.timeout = 300s (custom)
2023-09-19 02:05:17,632 [bb1c6357-9327-4202-8734-55e8eab5c756-groupManagement] INFO  server.RaftServerConfigKeys (ConfUtils.java:logGet(46)) - raft.server.read.timeout = 10s (default)
2023-09-19 02:05:17,632 [bb1c6357-9327-4202-8734-55e8eab5c756-groupManagement] INFO  server.RaftServerConfigKeys (ConfUtils.java:logGet(46)) - raft.server.retrycache.expirytime = 600000ms (custom)
2023-09-19 02:05:17,632 [bb1c6357-9327-4202-8734-55e8eab5c756-groupManagement] INFO  server.RaftServerConfigKeys (ConfUtils.java:logGet(46)) - raft.server.retrycache.statistics.expirytime = 100μs (default)
2023-09-19 02:05:17,632 [bb1c6357-9327-4202-8734-55e8eab5c756-groupManagement] INFO  server.RaftServerConfigKeys (ConfUtils.java:logGet(46)) - raft.server.read.option = DEFAULT (default)
2023-09-19 02:05:17,632 [bb1c6357-9327-4202-8734-55e8eab5c756-groupManagement] INFO  server.RaftServerConfigKeys (ConfUtils.java:logGet(46)) - raft.server.rpc.request.timeout = 60s (custom)
2023-09-19 02:05:17,633 [bb1c6357-9327-4202-8734-55e8eab5c756-groupManagement] INFO  server.RaftServerConfigKeys (ConfUtils.java:logGet(46)) - raft.server.log.appender.install.snapshot.enabled = false (custom)
2023-09-19 02:05:17,633 [bb1c6357-9327-4202-8734-55e8eab5c756-groupManagement] INFO  server.RaftServerConfigKeys (ConfUtils.java:logGet(46)) - raft.server.threadpool.server.cached = true (default)
2023-09-19 02:05:17,633 [bb1c6357-9327-4202-8734-55e8eab5c756-groupManagement] INFO  server.RaftServerConfigKeys (ConfUtils.java:logGet(46)) - raft.server.threadpool.server.size = 0 (default)
2023-09-19 02:05:17,633 [bb1c6357-9327-4202-8734-55e8eab5c756-groupManagement] INFO  server.RaftServerConfigKeys (ConfUtils.java:logGet(46)) - raft.server.threadpool.client.cached = true (default)
2023-09-19 02:05:17,633 [bb1c6357-9327-4202-8734-55e8eab5c756-groupManagement] INFO  server.RaftServerConfigKeys (ConfUtils.java:logGet(46)) - raft.server.threadpool.client.size = 0 (default)
2023-09-19 02:05:17,633 [bb1c6357-9327-4202-8734-55e8eab5c756-groupManagement] INFO  storage.RaftStorageDirectory (RaftStorageDirectoryImpl.java:analyzeStorage(137)) - The storage directory /home/runner/work/ozone/ozone/hadoop-ozone/integration-test/target/test-dir/MiniOzoneClusterImpl-5e324384-037a-4cb1-b856-3c07748222cd/datanode-2/data/ratis/c37b4921-bf3a-4713-ae85-cae25b30ff69 does not exist. Creating ...
2023-09-19 02:05:17,634 [bb1c6357-9327-4202-8734-55e8eab5c756-groupManagement] INFO  storage.RaftStorageDirectory (RaftStorageDirectoryImpl.java:tryLock(231)) - Lock on /home/runner/work/ozone/ozone/hadoop-ozone/integration-test/target/test-dir/MiniOzoneClusterImpl-5e324384-037a-4cb1-b856-3c07748222cd/datanode-2/data/ratis/c37b4921-bf3a-4713-ae85-cae25b30ff69/in_use.lock acquired by nodename 7315@fv-az1031-92
2023-09-19 02:05:17,635 [bb1c6357-9327-4202-8734-55e8eab5c756-groupManagement] INFO  storage.RaftStorage (RaftStorageImpl.java:format(96)) - Storage directory /home/runner/work/ozone/ozone/hadoop-ozone/integration-test/target/test-dir/MiniOzoneClusterImpl-5e324384-037a-4cb1-b856-3c07748222cd/datanode-2/data/ratis/c37b4921-bf3a-4713-ae85-cae25b30ff69 has been successfully formatted.
2023-09-19 02:05:17,635 [bb1c6357-9327-4202-8734-55e8eab5c756-groupManagement] INFO  ratis.ContainerStateMachine (ContainerStateMachine.java:loadSnapshot(262)) - group-CAE25B30FF69: The snapshot info is null. Setting the last applied indexto:(t:0, i:~)
2023-09-19 02:05:17,635 [bb1c6357-9327-4202-8734-55e8eab5c756-groupManagement] INFO  server.RaftServerConfigKeys (ConfUtils.java:logGet(46)) - raft.server.log.use.memory = false (default)
2023-09-19 02:05:17,635 [bb1c6357-9327-4202-8734-55e8eab5c756-groupManagement] INFO  server.RaftServerConfigKeys (ConfUtils.java:logGet(46)) - raft.server.log.purge.gap = 1000000 (custom)
2023-09-19 02:05:17,635 [bb1c6357-9327-4202-8734-55e8eab5c756-groupManagement] INFO  server.RaftServerConfigKeys (ConfUtils.java:logGet(46)) - raft.server.log.appender.buffer.byte-limit = 33554432 (custom)
2023-09-19 02:05:17,635 [bb1c6357-9327-4202-8734-55e8eab5c756-groupManagement] INFO  server.RaftServerConfigKeys (ConfUtils.java:logGet(46)) - raft.server.log.statemachine.data.read.timeout = 1000ms (default)
2023-09-19 02:05:17,635 [bb1c6357-9327-4202-8734-55e8eab5c756-groupManagement] INFO  server.RaftServerConfigKeys (ConfUtils.java:logGet(46)) - raft.server.log.purge.preservation.log.num = 0 (default)
2023-09-19 02:05:17,637 [EventQueue-PipelineReportForPipelineReportHandler] INFO  pipeline.PipelineReportHandler (PipelineReportHandler.java:processPipelineReport(136)) - Opened pipeline PipelineID=c37b4921-bf3a-4713-ae85-cae25b30ff69
2023-09-19 02:05:17,637 [EventQueue-OpenPipelineForHealthyPipelineSafeModeRule] INFO  safemode.SCMSafeModeManager (HealthyPipelineSafeModeRule.java:process(137)) - SCM in safe mode. Healthy pipelines reported count is 0, required healthy pipeline reported count is 1
2023-09-19 02:05:17,637 [bb1c6357-9327-4202-8734-55e8eab5c756-groupManagement] INFO  server.RaftServerConfigKeys (ConfUtils.java:logGet(46)) - raft.server.log.segment.size.max = 1048576 (custom)
2023-09-19 02:05:17,637 [bb1c6357-9327-4202-8734-55e8eab5c756-groupManagement] INFO  server.RaftServerConfigKeys (ConfUtils.java:logGet(46)) - raft.server.log.segment.cache.num.max = 2 (custom)
2023-09-19 02:05:17,637 [bb1c6357-9327-4202-8734-55e8eab5c756-groupManagement] INFO  server.RaftServerConfigKeys (ConfUtils.java:logGet(46)) - raft.server.log.segment.cache.size.max = 200MB (=209715200) (default)
2023-09-19 02:05:17,637 [bb1c6357-9327-4202-8734-55e8eab5c756-groupManagement] INFO  server.RaftServerConfigKeys (ConfUtils.java:logGet(46)) - raft.server.log.appender.buffer.byte-limit = 33554432 (custom)
2023-09-19 02:05:17,637 [bb1c6357-9327-4202-8734-55e8eab5c756-groupManagement] INFO  segmented.SegmentedRaftLogWorker (SegmentedRaftLogWorker.java:<init>(188)) - new bb1c6357-9327-4202-8734-55e8eab5c756@group-CAE25B30FF69-SegmentedRaftLogWorker for RaftStorageImpl:Storage Directory /home/runner/work/ozone/ozone/hadoop-ozone/integration-test/target/test-dir/MiniOzoneClusterImpl-5e324384-037a-4cb1-b856-3c07748222cd/datanode-2/data/ratis/c37b4921-bf3a-4713-ae85-cae25b30ff69
2023-09-19 02:05:17,638 [bb1c6357-9327-4202-8734-55e8eab5c756-groupManagement] INFO  server.RaftServerConfigKeys (ConfUtils.java:logGet(46)) - raft.server.log.queue.byte-limit = 4294967296 (custom)
2023-09-19 02:05:17,638 [bb1c6357-9327-4202-8734-55e8eab5c756-groupManagement] INFO  server.RaftServerConfigKeys (ConfUtils.java:logGet(46)) - raft.server.log.queue.element-limit = 1024 (custom)
2023-09-19 02:05:17,638 [bb1c6357-9327-4202-8734-55e8eab5c756-groupManagement] INFO  server.RaftServerConfigKeys (ConfUtils.java:logGet(46)) - raft.server.log.segment.size.max = 1048576 (custom)
2023-09-19 02:05:17,638 [bb1c6357-9327-4202-8734-55e8eab5c756-groupManagement] INFO  server.RaftServerConfigKeys (ConfUtils.java:logGet(46)) - raft.server.log.preallocated.size = 16384 (custom)
2023-09-19 02:05:17,638 [bb1c6357-9327-4202-8734-55e8eab5c756-groupManagement] INFO  server.RaftServerConfigKeys (ConfUtils.java:logGet(46)) - raft.server.log.force.sync.num = 128 (default)
2023-09-19 02:05:17,638 [bb1c6357-9327-4202-8734-55e8eab5c756-groupManagement] INFO  server.RaftServerConfigKeys (ConfUtils.java:logGet(46)) - raft.server.log.statemachine.data.sync = true (default)
2023-09-19 02:05:17,638 [bb1c6357-9327-4202-8734-55e8eab5c756-groupManagement] INFO  server.RaftServerConfigKeys (ConfUtils.java:logGet(46)) - raft.server.log.statemachine.data.sync.timeout = 10s (default)
2023-09-19 02:05:17,638 [bb1c6357-9327-4202-8734-55e8eab5c756-groupManagement] INFO  server.RaftServerConfigKeys (ConfUtils.java:logGet(46)) - raft.server.log.statemachine.data.sync.timeout.retry = -1 (default)
2023-09-19 02:05:17,638 [bb1c6357-9327-4202-8734-55e8eab5c756-groupManagement] INFO  server.RaftServerConfigKeys (ConfUtils.java:logGet(46)) - raft.server.log.write.buffer.size = 1048576 (custom)
2023-09-19 02:05:17,639 [bb1c6357-9327-4202-8734-55e8eab5c756-groupManagement] INFO  server.RaftServerConfigKeys (ConfUtils.java:logGet(46)) - raft.server.log.appender.buffer.byte-limit = 33554432 (custom)
2023-09-19 02:05:17,644 [bb1c6357-9327-4202-8734-55e8eab5c756-groupManagement] INFO  server.RaftServerConfigKeys (ConfUtils.java:logGet(46)) - raft.server.log.unsafe-flush.enabled = false (default)
2023-09-19 02:05:17,644 [bb1c6357-9327-4202-8734-55e8eab5c756-groupManagement] INFO  server.RaftServerConfigKeys (ConfUtils.java:logGet(46)) - raft.server.log.async-flush.enabled = false (default)
2023-09-19 02:05:17,644 [bb1c6357-9327-4202-8734-55e8eab5c756-groupManagement] INFO  server.RaftServerConfigKeys (ConfUtils.java:logGet(46)) - raft.server.log.statemachine.data.caching.enabled = true (custom)
2023-09-19 02:05:17,645 [bb1c6357-9327-4202-8734-55e8eab5c756-groupManagement] INFO  segmented.SegmentedRaftLogWorker (SegmentedRaftLogWorker.java:lambda$new$0(135)) - bb1c6357-9327-4202-8734-55e8eab5c756@group-CAE25B30FF69-SegmentedRaftLogWorker: flushIndex: setUnconditionally 0 -> -1
2023-09-19 02:05:17,645 [bb1c6357-9327-4202-8734-55e8eab5c756-groupManagement] INFO  segmented.SegmentedRaftLogWorker (SegmentedRaftLogWorker.java:lambda$new$0(135)) - bb1c6357-9327-4202-8734-55e8eab5c756@group-CAE25B30FF69-SegmentedRaftLogWorker: safeCacheEvictIndex: setUnconditionally 0 -> -1
2023-09-19 02:05:17,645 [bb1c6357-9327-4202-8734-55e8eab5c756-groupManagement] INFO  server.RaftServer$Division (RaftServerImpl.java:start(342)) - bb1c6357-9327-4202-8734-55e8eab5c756@group-CAE25B30FF69: start as a follower, conf=-1: peers:[bb1c6357-9327-4202-8734-55e8eab5c756|rpc:10.1.0.29:15085|admin:10.1.0.29:15084|client:10.1.0.29:15083|dataStream:10.1.0.29:15086|priority:1|startupRole:FOLLOWER]|listeners:[], old=null
2023-09-19 02:05:17,645 [bb1c6357-9327-4202-8734-55e8eab5c756-groupManagement] INFO  server.RaftServer$Division (RaftServerImpl.java:setRole(329)) - bb1c6357-9327-4202-8734-55e8eab5c756@group-CAE25B30FF69: changes role from      null to FOLLOWER at term 0 for startAsFollower
2023-09-19 02:05:17,645 [bb1c6357-9327-4202-8734-55e8eab5c756-groupManagement] INFO  impl.RoleInfo (RoleInfo.java:updateAndGet(139)) - bb1c6357-9327-4202-8734-55e8eab5c756: start bb1c6357-9327-4202-8734-55e8eab5c756@group-CAE25B30FF69-FollowerState
2023-09-19 02:05:17,648 [bb1c6357-9327-4202-8734-55e8eab5c756-groupManagement] INFO  util.JmxRegister (JmxRegister.java:tryRegister(44)) - Successfully registered JMX Bean with object name Ratis:service=RaftServer,group=group-CAE25B30FF69,id=bb1c6357-9327-4202-8734-55e8eab5c756
2023-09-19 02:05:17,648 [bb1c6357-9327-4202-8734-55e8eab5c756-groupManagement] INFO  server.RaftServerConfigKeys (ConfUtils.java:logGet(46)) - raft.server.snapshot.auto.trigger.enabled = true (custom)
2023-09-19 02:05:17,648 [bb1c6357-9327-4202-8734-55e8eab5c756-groupManagement] INFO  server.RaftServerConfigKeys (ConfUtils.java:logGet(46)) - raft.server.snapshot.auto.trigger.threshold = 10000 (custom)
2023-09-19 02:05:17,648 [bb1c6357-9327-4202-8734-55e8eab5c756-groupManagement] INFO  server.RaftServerConfigKeys (ConfUtils.java:logGet(46)) - raft.server.snapshot.retention.file.num = 5 (custom)
2023-09-19 02:05:17,648 [bb1c6357-9327-4202-8734-55e8eab5c756-groupManagement] INFO  server.RaftServerConfigKeys (ConfUtils.java:logGet(46)) - raft.server.log.purge.upto.snapshot.index = false (default)
2023-09-19 02:05:17,648 [bb1c6357-9327-4202-8734-55e8eab5c756@group-CAE25B30FF69-FollowerState] INFO  server.RaftServerConfigKeys (ConfUtils.java:logFallback(53)) - raft.server.rpc.first-election.timeout.min = 5s (fallback to raft.server.rpc.timeout.min)
2023-09-19 02:05:17,649 [bb1c6357-9327-4202-8734-55e8eab5c756@group-CAE25B30FF69-FollowerState] INFO  server.RaftServerConfigKeys (ConfUtils.java:logFallback(53)) - raft.server.rpc.first-election.timeout.max = 5200ms (fallback to raft.server.rpc.timeout.max)
2023-09-19 02:05:17,649 [PipelineCommandHandlerThread-0] INFO  ratis.XceiverServerRatis (XceiverServerRatis.java:addGroup(804)) - Created group PipelineID=c37b4921-bf3a-4713-ae85-cae25b30ff69
2023-09-19 02:05:17,649 [PipelineCommandHandlerThread-0] INFO  commandhandler.CreatePipelineCommandHandler (CreatePipelineCommandHandler.java:lambda$handle$2(124)) - Created Pipeline RATIS ONE PipelineID=c37b4921-bf3a-4713-ae85-cae25b30ff69.
2023-09-19 02:05:17,912 [PipelineCommandHandlerThread-0] INFO  server.RaftServer (RaftServerProxy.java:addNew(98)) - bcaae8f3-caee-42e8-b1a6-86ffb8b58650: addNew group-282F0C943B60:[bcaae8f3-caee-42e8-b1a6-86ffb8b58650|rpc:10.1.0.29:15094|admin:10.1.0.29:15093|client:10.1.0.29:15092|dataStream:10.1.0.29:15095|priority:1|startupRole:FOLLOWER] returns group-282F0C943B60:java.util.concurrent.CompletableFuture@2d83151a[Not completed]
2023-09-19 02:05:17,913 [bcaae8f3-caee-42e8-b1a6-86ffb8b58650-groupManagement] INFO  server.RaftServer$Division (RaftServerImpl.java:<init>(198)) - bcaae8f3-caee-42e8-b1a6-86ffb8b58650: new RaftServerImpl for group-282F0C943B60:[bcaae8f3-caee-42e8-b1a6-86ffb8b58650|rpc:10.1.0.29:15094|admin:10.1.0.29:15093|client:10.1.0.29:15092|dataStream:10.1.0.29:15095|priority:1|startupRole:FOLLOWER] with ContainerStateMachine:uninitialized
2023-09-19 02:05:17,913 [bcaae8f3-caee-42e8-b1a6-86ffb8b58650-groupManagement] INFO  server.RaftServerConfigKeys (ConfUtils.java:logGet(46)) - raft.server.rpc.timeout.min = 5s (custom)
2023-09-19 02:05:17,913 [bcaae8f3-caee-42e8-b1a6-86ffb8b58650-groupManagement] INFO  server.RaftServerConfigKeys (ConfUtils.java:logGet(46)) - raft.server.rpc.timeout.max = 5200ms (custom)
2023-09-19 02:05:17,913 [bcaae8f3-caee-42e8-b1a6-86ffb8b58650-groupManagement] INFO  server.RaftServerConfigKeys (ConfUtils.java:logGet(46)) - raft.server.rpc.sleep.time = 25ms (default)
2023-09-19 02:05:17,913 [bcaae8f3-caee-42e8-b1a6-86ffb8b58650-groupManagement] INFO  server.RaftServerConfigKeys (ConfUtils.java:logGet(46)) - raft.server.rpc.slowness.timeout = 300s (custom)
2023-09-19 02:05:17,913 [bcaae8f3-caee-42e8-b1a6-86ffb8b58650-groupManagement] INFO  server.RaftServerConfigKeys (ConfUtils.java:logGet(46)) - raft.server.leaderelection.leader.step-down.wait-time = 10s (default)
2023-09-19 02:05:17,913 [bcaae8f3-caee-42e8-b1a6-86ffb8b58650-groupManagement] INFO  server.RaftServerConfigKeys (ConfUtils.java:logGet(46)) - raft.server.sleep.deviation.threshold = 300ms (default)
2023-09-19 02:05:17,913 [bcaae8f3-caee-42e8-b1a6-86ffb8b58650-groupManagement] INFO  server.RaftServer$Division (ServerState.java:<init>(120)) - bcaae8f3-caee-42e8-b1a6-86ffb8b58650@group-282F0C943B60: ConfigurationManager, init=-1: peers:[bcaae8f3-caee-42e8-b1a6-86ffb8b58650|rpc:10.1.0.29:15094|admin:10.1.0.29:15093|client:10.1.0.29:15092|dataStream:10.1.0.29:15095|priority:1|startupRole:FOLLOWER]|listeners:[], old=null, confs=<EMPTY_MAP>
2023-09-19 02:05:17,913 [bcaae8f3-caee-42e8-b1a6-86ffb8b58650-groupManagement] INFO  server.RaftServerConfigKeys (ConfUtils.java:logGet(46)) - raft.server.storage.dir = [/home/runner/work/ozone/ozone/hadoop-ozone/integration-test/target/test-dir/MiniOzoneClusterImpl-5e324384-037a-4cb1-b856-3c07748222cd/datanode-3/data/ratis] (custom)
2023-09-19 02:05:17,914 [bcaae8f3-caee-42e8-b1a6-86ffb8b58650-groupManagement] INFO  server.RaftServerConfigKeys (ConfUtils.java:logGet(46)) - raft.server.log.corruption.policy = EXCEPTION (default)
2023-09-19 02:05:17,914 [bcaae8f3-caee-42e8-b1a6-86ffb8b58650-groupManagement] INFO  server.RaftServerConfigKeys (ConfUtils.java:logGet(46)) - raft.server.storage.free-space.min = 0MB (=0) (default)
2023-09-19 02:05:17,914 [bcaae8f3-caee-42e8-b1a6-86ffb8b58650-groupManagement] INFO  server.RaftServerConfigKeys (ConfUtils.java:logGet(46)) - raft.server.notification.no-leader.timeout = 300s (custom)
2023-09-19 02:05:17,914 [bcaae8f3-caee-42e8-b1a6-86ffb8b58650-groupManagement] INFO  server.RaftServerConfigKeys (ConfUtils.java:logGet(46)) - raft.server.read.timeout = 10s (default)
2023-09-19 02:05:17,914 [bcaae8f3-caee-42e8-b1a6-86ffb8b58650-groupManagement] INFO  server.RaftServerConfigKeys (ConfUtils.java:logGet(46)) - raft.server.retrycache.expirytime = 600000ms (custom)
2023-09-19 02:05:17,914 [bcaae8f3-caee-42e8-b1a6-86ffb8b58650-groupManagement] INFO  server.RaftServerConfigKeys (ConfUtils.java:logGet(46)) - raft.server.retrycache.statistics.expirytime = 100μs (default)
2023-09-19 02:05:17,914 [bcaae8f3-caee-42e8-b1a6-86ffb8b58650-groupManagement] INFO  server.RaftServerConfigKeys (ConfUtils.java:logGet(46)) - raft.server.read.option = DEFAULT (default)
2023-09-19 02:05:17,915 [bcaae8f3-caee-42e8-b1a6-86ffb8b58650-groupManagement] INFO  server.RaftServerConfigKeys (ConfUtils.java:logGet(46)) - raft.server.rpc.request.timeout = 60s (custom)
2023-09-19 02:05:17,915 [bcaae8f3-caee-42e8-b1a6-86ffb8b58650-groupManagement] INFO  server.RaftServerConfigKeys (ConfUtils.java:logGet(46)) - raft.server.log.appender.install.snapshot.enabled = false (custom)
2023-09-19 02:05:17,915 [bcaae8f3-caee-42e8-b1a6-86ffb8b58650-groupManagement] INFO  server.RaftServerConfigKeys (ConfUtils.java:logGet(46)) - raft.server.threadpool.server.cached = true (default)
2023-09-19 02:05:17,915 [bcaae8f3-caee-42e8-b1a6-86ffb8b58650-groupManagement] INFO  server.RaftServerConfigKeys (ConfUtils.java:logGet(46)) - raft.server.threadpool.server.size = 0 (default)
2023-09-19 02:05:17,915 [bcaae8f3-caee-42e8-b1a6-86ffb8b58650-groupManagement] INFO  server.RaftServerConfigKeys (ConfUtils.java:logGet(46)) - raft.server.threadpool.client.cached = true (default)
2023-09-19 02:05:17,915 [bcaae8f3-caee-42e8-b1a6-86ffb8b58650-groupManagement] INFO  server.RaftServerConfigKeys (ConfUtils.java:logGet(46)) - raft.server.threadpool.client.size = 0 (default)
2023-09-19 02:05:17,915 [bcaae8f3-caee-42e8-b1a6-86ffb8b58650-groupManagement] INFO  storage.RaftStorageDirectory (RaftStorageDirectoryImpl.java:analyzeStorage(137)) - The storage directory /home/runner/work/ozone/ozone/hadoop-ozone/integration-test/target/test-dir/MiniOzoneClusterImpl-5e324384-037a-4cb1-b856-3c07748222cd/datanode-3/data/ratis/7cd09836-2323-427c-b8dd-282f0c943b60 does not exist. Creating ...
2023-09-19 02:05:17,916 [bcaae8f3-caee-42e8-b1a6-86ffb8b58650-groupManagement] INFO  storage.RaftStorageDirectory (RaftStorageDirectoryImpl.java:tryLock(231)) - Lock on /home/runner/work/ozone/ozone/hadoop-ozone/integration-test/target/test-dir/MiniOzoneClusterImpl-5e324384-037a-4cb1-b856-3c07748222cd/datanode-3/data/ratis/7cd09836-2323-427c-b8dd-282f0c943b60/in_use.lock acquired by nodename 7315@fv-az1031-92
2023-09-19 02:05:17,919 [bcaae8f3-caee-42e8-b1a6-86ffb8b58650-groupManagement] INFO  storage.RaftStorage (RaftStorageImpl.java:format(96)) - Storage directory /home/runner/work/ozone/ozone/hadoop-ozone/integration-test/target/test-dir/MiniOzoneClusterImpl-5e324384-037a-4cb1-b856-3c07748222cd/datanode-3/data/ratis/7cd09836-2323-427c-b8dd-282f0c943b60 has been successfully formatted.
2023-09-19 02:05:17,920 [bcaae8f3-caee-42e8-b1a6-86ffb8b58650-groupManagement] INFO  ratis.ContainerStateMachine (ContainerStateMachine.java:loadSnapshot(262)) - group-282F0C943B60: The snapshot info is null. Setting the last applied indexto:(t:0, i:~)
2023-09-19 02:05:17,920 [bcaae8f3-caee-42e8-b1a6-86ffb8b58650-groupManagement] INFO  server.RaftServerConfigKeys (ConfUtils.java:logGet(46)) - raft.server.log.use.memory = false (default)
2023-09-19 02:05:17,920 [bcaae8f3-caee-42e8-b1a6-86ffb8b58650-groupManagement] INFO  server.RaftServerConfigKeys (ConfUtils.java:logGet(46)) - raft.server.log.purge.gap = 1000000 (custom)
2023-09-19 02:05:17,920 [bcaae8f3-caee-42e8-b1a6-86ffb8b58650-groupManagement] INFO  server.RaftServerConfigKeys (ConfUtils.java:logGet(46)) - raft.server.log.appender.buffer.byte-limit = 33554432 (custom)
2023-09-19 02:05:17,921 [bcaae8f3-caee-42e8-b1a6-86ffb8b58650-groupManagement] INFO  server.RaftServerConfigKeys (ConfUtils.java:logGet(46)) - raft.server.log.statemachine.data.read.timeout = 1000ms (default)
2023-09-19 02:05:17,921 [bcaae8f3-caee-42e8-b1a6-86ffb8b58650-groupManagement] INFO  server.RaftServerConfigKeys (ConfUtils.java:logGet(46)) - raft.server.log.purge.preservation.log.num = 0 (default)
2023-09-19 02:05:17,921 [bcaae8f3-caee-42e8-b1a6-86ffb8b58650-groupManagement] INFO  server.RaftServerConfigKeys (ConfUtils.java:logGet(46)) - raft.server.log.segment.size.max = 1048576 (custom)
2023-09-19 02:05:17,921 [bcaae8f3-caee-42e8-b1a6-86ffb8b58650-groupManagement] INFO  server.RaftServerConfigKeys (ConfUtils.java:logGet(46)) - raft.server.log.segment.cache.num.max = 2 (custom)
2023-09-19 02:05:17,921 [bcaae8f3-caee-42e8-b1a6-86ffb8b58650-groupManagement] INFO  server.RaftServerConfigKeys (ConfUtils.java:logGet(46)) - raft.server.log.segment.cache.size.max = 200MB (=209715200) (default)
2023-09-19 02:05:17,921 [bcaae8f3-caee-42e8-b1a6-86ffb8b58650-groupManagement] INFO  server.RaftServerConfigKeys (ConfUtils.java:logGet(46)) - raft.server.log.appender.buffer.byte-limit = 33554432 (custom)
2023-09-19 02:05:17,921 [bcaae8f3-caee-42e8-b1a6-86ffb8b58650-groupManagement] INFO  segmented.SegmentedRaftLogWorker (SegmentedRaftLogWorker.java:<init>(188)) - new bcaae8f3-caee-42e8-b1a6-86ffb8b58650@group-282F0C943B60-SegmentedRaftLogWorker for RaftStorageImpl:Storage Directory /home/runner/work/ozone/ozone/hadoop-ozone/integration-test/target/test-dir/MiniOzoneClusterImpl-5e324384-037a-4cb1-b856-3c07748222cd/datanode-3/data/ratis/7cd09836-2323-427c-b8dd-282f0c943b60
2023-09-19 02:05:17,921 [bcaae8f3-caee-42e8-b1a6-86ffb8b58650-groupManagement] INFO  server.RaftServerConfigKeys (ConfUtils.java:logGet(46)) - raft.server.log.queue.byte-limit = 4294967296 (custom)
2023-09-19 02:05:17,921 [EventQueue-PipelineReportForPipelineReportHandler] INFO  pipeline.PipelineReportHandler (PipelineReportHandler.java:processPipelineReport(136)) - Opened pipeline PipelineID=7cd09836-2323-427c-b8dd-282f0c943b60
2023-09-19 02:05:17,921 [EventQueue-OpenPipelineForHealthyPipelineSafeModeRule] INFO  safemode.SCMSafeModeManager (HealthyPipelineSafeModeRule.java:process(137)) - SCM in safe mode. Healthy pipelines reported count is 0, required healthy pipeline reported count is 1
2023-09-19 02:05:17,921 [bcaae8f3-caee-42e8-b1a6-86ffb8b58650-groupManagement] INFO  server.RaftServerConfigKeys (ConfUtils.java:logGet(46)) - raft.server.log.queue.element-limit = 1024 (custom)
2023-09-19 02:05:17,922 [bcaae8f3-caee-42e8-b1a6-86ffb8b58650-groupManagement] INFO  server.RaftServerConfigKeys (ConfUtils.java:logGet(46)) - raft.server.log.segment.size.max = 1048576 (custom)
2023-09-19 02:05:17,922 [bcaae8f3-caee-42e8-b1a6-86ffb8b58650-groupManagement] INFO  server.RaftServerConfigKeys (ConfUtils.java:logGet(46)) - raft.server.log.preallocated.size = 16384 (custom)
2023-09-19 02:05:17,922 [bcaae8f3-caee-42e8-b1a6-86ffb8b58650-groupManagement] INFO  server.RaftServerConfigKeys (ConfUtils.java:logGet(46)) - raft.server.log.force.sync.num = 128 (default)
2023-09-19 02:05:17,922 [bcaae8f3-caee-42e8-b1a6-86ffb8b58650-groupManagement] INFO  server.RaftServerConfigKeys (ConfUtils.java:logGet(46)) - raft.server.log.statemachine.data.sync = true (default)
2023-09-19 02:05:17,922 [bcaae8f3-caee-42e8-b1a6-86ffb8b58650-groupManagement] INFO  server.RaftServerConfigKeys (ConfUtils.java:logGet(46)) - raft.server.log.statemachine.data.sync.timeout = 10s (default)
2023-09-19 02:05:17,922 [bcaae8f3-caee-42e8-b1a6-86ffb8b58650-groupManagement] INFO  server.RaftServerConfigKeys (ConfUtils.java:logGet(46)) - raft.server.log.statemachine.data.sync.timeout.retry = -1 (default)
2023-09-19 02:05:17,923 [bcaae8f3-caee-42e8-b1a6-86ffb8b58650-groupManagement] INFO  server.RaftServerConfigKeys (ConfUtils.java:logGet(46)) - raft.server.log.write.buffer.size = 1048576 (custom)
2023-09-19 02:05:17,925 [bcaae8f3-caee-42e8-b1a6-86ffb8b58650-groupManagement] INFO  server.RaftServerConfigKeys (ConfUtils.java:logGet(46)) - raft.server.log.appender.buffer.byte-limit = 33554432 (custom)
2023-09-19 02:05:17,929 [bcaae8f3-caee-42e8-b1a6-86ffb8b58650-groupManagement] INFO  server.RaftServerConfigKeys (ConfUtils.java:logGet(46)) - raft.server.log.unsafe-flush.enabled = false (default)
2023-09-19 02:05:17,929 [bcaae8f3-caee-42e8-b1a6-86ffb8b58650-groupManagement] INFO  server.RaftServerConfigKeys (ConfUtils.java:logGet(46)) - raft.server.log.async-flush.enabled = false (default)
2023-09-19 02:05:17,930 [bcaae8f3-caee-42e8-b1a6-86ffb8b58650-groupManagement] INFO  server.RaftServerConfigKeys (ConfUtils.java:logGet(46)) - raft.server.log.statemachine.data.caching.enabled = true (custom)
2023-09-19 02:05:17,930 [bcaae8f3-caee-42e8-b1a6-86ffb8b58650-groupManagement] INFO  segmented.SegmentedRaftLogWorker (SegmentedRaftLogWorker.java:lambda$new$0(135)) - bcaae8f3-caee-42e8-b1a6-86ffb8b58650@group-282F0C943B60-SegmentedRaftLogWorker: flushIndex: setUnconditionally 0 -> -1
2023-09-19 02:05:17,930 [bcaae8f3-caee-42e8-b1a6-86ffb8b58650-groupManagement] INFO  segmented.SegmentedRaftLogWorker (SegmentedRaftLogWorker.java:lambda$new$0(135)) - bcaae8f3-caee-42e8-b1a6-86ffb8b58650@group-282F0C943B60-SegmentedRaftLogWorker: safeCacheEvictIndex: setUnconditionally 0 -> -1
2023-09-19 02:05:17,930 [bcaae8f3-caee-42e8-b1a6-86ffb8b58650-groupManagement] INFO  server.RaftServer$Division (RaftServerImpl.java:start(342)) - bcaae8f3-caee-42e8-b1a6-86ffb8b58650@group-282F0C943B60: start as a follower, conf=-1: peers:[bcaae8f3-caee-42e8-b1a6-86ffb8b58650|rpc:10.1.0.29:15094|admin:10.1.0.29:15093|client:10.1.0.29:15092|dataStream:10.1.0.29:15095|priority:1|startupRole:FOLLOWER]|listeners:[], old=null
2023-09-19 02:05:17,930 [bcaae8f3-caee-42e8-b1a6-86ffb8b58650-groupManagement] INFO  server.RaftServer$Division (RaftServerImpl.java:setRole(329)) - bcaae8f3-caee-42e8-b1a6-86ffb8b58650@group-282F0C943B60: changes role from      null to FOLLOWER at term 0 for startAsFollower
2023-09-19 02:05:17,930 [bcaae8f3-caee-42e8-b1a6-86ffb8b58650-groupManagement] INFO  impl.RoleInfo (RoleInfo.java:updateAndGet(139)) - bcaae8f3-caee-42e8-b1a6-86ffb8b58650: start bcaae8f3-caee-42e8-b1a6-86ffb8b58650@group-282F0C943B60-FollowerState
2023-09-19 02:05:17,931 [bcaae8f3-caee-42e8-b1a6-86ffb8b58650-groupManagement] INFO  util.JmxRegister (JmxRegister.java:tryRegister(44)) - Successfully registered JMX Bean with object name Ratis:service=RaftServer,group=group-282F0C943B60,id=bcaae8f3-caee-42e8-b1a6-86ffb8b58650
2023-09-19 02:05:17,931 [bcaae8f3-caee-42e8-b1a6-86ffb8b58650-groupManagement] INFO  server.RaftServerConfigKeys (ConfUtils.java:logGet(46)) - raft.server.snapshot.auto.trigger.enabled = true (custom)
2023-09-19 02:05:17,931 [bcaae8f3-caee-42e8-b1a6-86ffb8b58650-groupManagement] INFO  server.RaftServerConfigKeys (ConfUtils.java:logGet(46)) - raft.server.snapshot.auto.trigger.threshold = 10000 (custom)
2023-09-19 02:05:17,931 [bcaae8f3-caee-42e8-b1a6-86ffb8b58650-groupManagement] INFO  server.RaftServerConfigKeys (ConfUtils.java:logGet(46)) - raft.server.snapshot.retention.file.num = 5 (custom)
2023-09-19 02:05:17,931 [bcaae8f3-caee-42e8-b1a6-86ffb8b58650-groupManagement] INFO  server.RaftServerConfigKeys (ConfUtils.java:logGet(46)) - raft.server.log.purge.upto.snapshot.index = false (default)
2023-09-19 02:05:17,931 [bcaae8f3-caee-42e8-b1a6-86ffb8b58650@group-282F0C943B60-FollowerState] INFO  server.RaftServerConfigKeys (ConfUtils.java:logFallback(53)) - raft.server.rpc.first-election.timeout.min = 5s (fallback to raft.server.rpc.timeout.min)
2023-09-19 02:05:17,931 [bcaae8f3-caee-42e8-b1a6-86ffb8b58650@group-282F0C943B60-FollowerState] INFO  server.RaftServerConfigKeys (ConfUtils.java:logFallback(53)) - raft.server.rpc.first-election.timeout.max = 5200ms (fallback to raft.server.rpc.timeout.max)
2023-09-19 02:05:17,932 [PipelineCommandHandlerThread-0] INFO  ratis.XceiverServerRatis (XceiverServerRatis.java:addGroup(804)) - Created group PipelineID=7cd09836-2323-427c-b8dd-282f0c943b60
2023-09-19 02:05:17,932 [PipelineCommandHandlerThread-0] INFO  commandhandler.CreatePipelineCommandHandler (CreatePipelineCommandHandler.java:lambda$handle$2(124)) - Created Pipeline RATIS ONE PipelineID=7cd09836-2323-427c-b8dd-282f0c943b60.
2023-09-19 02:05:18,199 [main] INFO  ozone.MiniOzoneClusterImpl (MiniOzoneClusterImpl.java:lambda$waitForClusterToBeReady$0(224)) - Nodes are ready. Got 5 of 5 DN Heartbeats.
2023-09-19 02:05:18,199 [main] INFO  ozone.MiniOzoneClusterImpl (MiniOzoneClusterImpl.java:lambda$waitForClusterToBeReady$0(227)) - Waiting for cluster to exit safe mode
2023-09-19 02:05:18,199 [main] INFO  ozone.MiniOzoneClusterImpl (MiniOzoneClusterImpl.java:lambda$waitForClusterToBeReady$0(229)) - SCM became leader
2023-09-19 02:05:18,203 [PipelineCommandHandlerThread-0] INFO  server.RaftServer (RaftServerProxy.java:addNew(98)) - 61d89387-692e-45ac-a655-71929b77bbaf: addNew group-A28CA3B95069:[61d89387-692e-45ac-a655-71929b77bbaf|rpc:10.1.0.29:15103|admin:10.1.0.29:15102|client:10.1.0.29:15101|dataStream:10.1.0.29:15104|priority:1|startupRole:FOLLOWER] returns group-A28CA3B95069:java.util.concurrent.CompletableFuture@68d87868[Not completed]
2023-09-19 02:05:18,205 [61d89387-692e-45ac-a655-71929b77bbaf-groupManagement] INFO  server.RaftServer$Division (RaftServerImpl.java:<init>(198)) - 61d89387-692e-45ac-a655-71929b77bbaf: new RaftServerImpl for group-A28CA3B95069:[61d89387-692e-45ac-a655-71929b77bbaf|rpc:10.1.0.29:15103|admin:10.1.0.29:15102|client:10.1.0.29:15101|dataStream:10.1.0.29:15104|priority:1|startupRole:FOLLOWER] with ContainerStateMachine:uninitialized
2023-09-19 02:05:18,205 [61d89387-692e-45ac-a655-71929b77bbaf-groupManagement] INFO  server.RaftServerConfigKeys (ConfUtils.java:logGet(46)) - raft.server.rpc.timeout.min = 5s (custom)
2023-09-19 02:05:18,205 [61d89387-692e-45ac-a655-71929b77bbaf-groupManagement] INFO  server.RaftServerConfigKeys (ConfUtils.java:logGet(46)) - raft.server.rpc.timeout.max = 5200ms (custom)
2023-09-19 02:05:18,205 [61d89387-692e-45ac-a655-71929b77bbaf-groupManagement] INFO  server.RaftServerConfigKeys (ConfUtils.java:logGet(46)) - raft.server.rpc.sleep.time = 25ms (default)
2023-09-19 02:05:18,205 [61d89387-692e-45ac-a655-71929b77bbaf-groupManagement] INFO  server.RaftServerConfigKeys (ConfUtils.java:logGet(46)) - raft.server.rpc.slowness.timeout = 300s (custom)
2023-09-19 02:05:18,205 [61d89387-692e-45ac-a655-71929b77bbaf-groupManagement] INFO  server.RaftServerConfigKeys (ConfUtils.java:logGet(46)) - raft.server.leaderelection.leader.step-down.wait-time = 10s (default)
2023-09-19 02:05:18,205 [61d89387-692e-45ac-a655-71929b77bbaf-groupManagement] INFO  server.RaftServerConfigKeys (ConfUtils.java:logGet(46)) - raft.server.sleep.deviation.threshold = 300ms (default)
2023-09-19 02:05:18,205 [61d89387-692e-45ac-a655-71929b77bbaf-groupManagement] INFO  server.RaftServer$Division (ServerState.java:<init>(120)) - 61d89387-692e-45ac-a655-71929b77bbaf@group-A28CA3B95069: ConfigurationManager, init=-1: peers:[61d89387-692e-45ac-a655-71929b77bbaf|rpc:10.1.0.29:15103|admin:10.1.0.29:15102|client:10.1.0.29:15101|dataStream:10.1.0.29:15104|priority:1|startupRole:FOLLOWER]|listeners:[], old=null, confs=<EMPTY_MAP>
2023-09-19 02:05:18,205 [61d89387-692e-45ac-a655-71929b77bbaf-groupManagement] INFO  server.RaftServerConfigKeys (ConfUtils.java:logGet(46)) - raft.server.storage.dir = [/home/runner/work/ozone/ozone/hadoop-ozone/integration-test/target/test-dir/MiniOzoneClusterImpl-5e324384-037a-4cb1-b856-3c07748222cd/datanode-4/data/ratis] (custom)
2023-09-19 02:05:18,206 [61d89387-692e-45ac-a655-71929b77bbaf-groupManagement] INFO  server.RaftServerConfigKeys (ConfUtils.java:logGet(46)) - raft.server.log.corruption.policy = EXCEPTION (default)
2023-09-19 02:05:18,206 [61d89387-692e-45ac-a655-71929b77bbaf-groupManagement] INFO  server.RaftServerConfigKeys (ConfUtils.java:logGet(46)) - raft.server.storage.free-space.min = 0MB (=0) (default)
2023-09-19 02:05:18,206 [61d89387-692e-45ac-a655-71929b77bbaf-groupManagement] INFO  server.RaftServerConfigKeys (ConfUtils.java:logGet(46)) - raft.server.notification.no-leader.timeout = 300s (custom)
2023-09-19 02:05:18,206 [61d89387-692e-45ac-a655-71929b77bbaf-groupManagement] INFO  server.RaftServerConfigKeys (ConfUtils.java:logGet(46)) - raft.server.read.timeout = 10s (default)
2023-09-19 02:05:18,206 [61d89387-692e-45ac-a655-71929b77bbaf-groupManagement] INFO  server.RaftServerConfigKeys (ConfUtils.java:logGet(46)) - raft.server.retrycache.expirytime = 600000ms (custom)
2023-09-19 02:05:18,206 [61d89387-692e-45ac-a655-71929b77bbaf-groupManagement] INFO  server.RaftServerConfigKeys (ConfUtils.java:logGet(46)) - raft.server.retrycache.statistics.expirytime = 100μs (default)
2023-09-19 02:05:18,208 [61d89387-692e-45ac-a655-71929b77bbaf-groupManagement] INFO  server.RaftServerConfigKeys (ConfUtils.java:logGet(46)) - raft.server.read.option = DEFAULT (default)
2023-09-19 02:05:18,209 [61d89387-692e-45ac-a655-71929b77bbaf-groupManagement] INFO  server.RaftServerConfigKeys (ConfUtils.java:logGet(46)) - raft.server.rpc.request.timeout = 60s (custom)
2023-09-19 02:05:18,209 [61d89387-692e-45ac-a655-71929b77bbaf-groupManagement] INFO  server.RaftServerConfigKeys (ConfUtils.java:logGet(46)) - raft.server.log.appender.install.snapshot.enabled = false (custom)
2023-09-19 02:05:18,209 [61d89387-692e-45ac-a655-71929b77bbaf-groupManagement] INFO  server.RaftServerConfigKeys (ConfUtils.java:logGet(46)) - raft.server.threadpool.server.cached = true (default)
2023-09-19 02:05:18,209 [61d89387-692e-45ac-a655-71929b77bbaf-groupManagement] INFO  server.RaftServerConfigKeys (ConfUtils.java:logGet(46)) - raft.server.threadpool.server.size = 0 (default)
2023-09-19 02:05:18,209 [61d89387-692e-45ac-a655-71929b77bbaf-groupManagement] INFO  server.RaftServerConfigKeys (ConfUtils.java:logGet(46)) - raft.server.threadpool.client.cached = true (default)
2023-09-19 02:05:18,209 [61d89387-692e-45ac-a655-71929b77bbaf-groupManagement] INFO  server.RaftServerConfigKeys (ConfUtils.java:logGet(46)) - raft.server.threadpool.client.size = 0 (default)
2023-09-19 02:05:18,210 [61d89387-692e-45ac-a655-71929b77bbaf-groupManagement] INFO  storage.RaftStorageDirectory (RaftStorageDirectoryImpl.java:analyzeStorage(137)) - The storage directory /home/runner/work/ozone/ozone/hadoop-ozone/integration-test/target/test-dir/MiniOzoneClusterImpl-5e324384-037a-4cb1-b856-3c07748222cd/datanode-4/data/ratis/2989625a-bc96-46e7-bc96-a28ca3b95069 does not exist. Creating ...
2023-09-19 02:05:18,211 [61d89387-692e-45ac-a655-71929b77bbaf-groupManagement] INFO  storage.RaftStorageDirectory (RaftStorageDirectoryImpl.java:tryLock(231)) - Lock on /home/runner/work/ozone/ozone/hadoop-ozone/integration-test/target/test-dir/MiniOzoneClusterImpl-5e324384-037a-4cb1-b856-3c07748222cd/datanode-4/data/ratis/2989625a-bc96-46e7-bc96-a28ca3b95069/in_use.lock acquired by nodename 7315@fv-az1031-92
2023-09-19 02:05:18,212 [61d89387-692e-45ac-a655-71929b77bbaf-groupManagement] INFO  storage.RaftStorage (RaftStorageImpl.java:format(96)) - Storage directory /home/runner/work/ozone/ozone/hadoop-ozone/integration-test/target/test-dir/MiniOzoneClusterImpl-5e324384-037a-4cb1-b856-3c07748222cd/datanode-4/data/ratis/2989625a-bc96-46e7-bc96-a28ca3b95069 has been successfully formatted.
2023-09-19 02:05:18,213 [61d89387-692e-45ac-a655-71929b77bbaf-groupManagement] INFO  ratis.ContainerStateMachine (ContainerStateMachine.java:loadSnapshot(262)) - group-A28CA3B95069: The snapshot info is null. Setting the last applied indexto:(t:0, i:~)
2023-09-19 02:05:18,213 [61d89387-692e-45ac-a655-71929b77bbaf-groupManagement] INFO  server.RaftServerConfigKeys (ConfUtils.java:logGet(46)) - raft.server.log.use.memory = false (default)
2023-09-19 02:05:18,213 [61d89387-692e-45ac-a655-71929b77bbaf-groupManagement] INFO  server.RaftServerConfigKeys (ConfUtils.java:logGet(46)) - raft.server.log.purge.gap = 1000000 (custom)
2023-09-19 02:05:18,213 [61d89387-692e-45ac-a655-71929b77bbaf-groupManagement] INFO  server.RaftServerConfigKeys (ConfUtils.java:logGet(46)) - raft.server.log.appender.buffer.byte-limit = 33554432 (custom)
2023-09-19 02:05:18,213 [61d89387-692e-45ac-a655-71929b77bbaf-groupManagement] INFO  server.RaftServerConfigKeys (ConfUtils.java:logGet(46)) - raft.server.log.statemachine.data.read.timeout = 1000ms (default)
2023-09-19 02:05:18,214 [61d89387-692e-45ac-a655-71929b77bbaf-groupManagement] INFO  server.RaftServerConfigKeys (ConfUtils.java:logGet(46)) - raft.server.log.purge.preservation.log.num = 0 (default)
2023-09-19 02:05:18,214 [61d89387-692e-45ac-a655-71929b77bbaf-groupManagement] INFO  server.RaftServerConfigKeys (ConfUtils.java:logGet(46)) - raft.server.log.segment.size.max = 1048576 (custom)
2023-09-19 02:05:18,214 [61d89387-692e-45ac-a655-71929b77bbaf-groupManagement] INFO  server.RaftServerConfigKeys (ConfUtils.java:logGet(46)) - raft.server.log.segment.cache.num.max = 2 (custom)
2023-09-19 02:05:18,214 [61d89387-692e-45ac-a655-71929b77bbaf-groupManagement] INFO  server.RaftServerConfigKeys (ConfUtils.java:logGet(46)) - raft.server.log.segment.cache.size.max = 200MB (=209715200) (default)
2023-09-19 02:05:18,214 [61d89387-692e-45ac-a655-71929b77bbaf-groupManagement] INFO  server.RaftServerConfigKeys (ConfUtils.java:logGet(46)) - raft.server.log.appender.buffer.byte-limit = 33554432 (custom)
2023-09-19 02:05:18,214 [61d89387-692e-45ac-a655-71929b77bbaf-groupManagement] INFO  segmented.SegmentedRaftLogWorker (SegmentedRaftLogWorker.java:<init>(188)) - new 61d89387-692e-45ac-a655-71929b77bbaf@group-A28CA3B95069-SegmentedRaftLogWorker for RaftStorageImpl:Storage Directory /home/runner/work/ozone/ozone/hadoop-ozone/integration-test/target/test-dir/MiniOzoneClusterImpl-5e324384-037a-4cb1-b856-3c07748222cd/datanode-4/data/ratis/2989625a-bc96-46e7-bc96-a28ca3b95069
2023-09-19 02:05:18,214 [61d89387-692e-45ac-a655-71929b77bbaf-groupManagement] INFO  server.RaftServerConfigKeys (ConfUtils.java:logGet(46)) - raft.server.log.queue.byte-limit = 4294967296 (custom)
2023-09-19 02:05:18,214 [61d89387-692e-45ac-a655-71929b77bbaf-groupManagement] INFO  server.RaftServerConfigKeys (ConfUtils.java:logGet(46)) - raft.server.log.queue.element-limit = 1024 (custom)
2023-09-19 02:05:18,214 [61d89387-692e-45ac-a655-71929b77bbaf-groupManagement] INFO  server.RaftServerConfigKeys (ConfUtils.java:logGet(46)) - raft.server.log.segment.size.max = 1048576 (custom)
2023-09-19 02:05:18,214 [61d89387-692e-45ac-a655-71929b77bbaf-groupManagement] INFO  server.RaftServerConfigKeys (ConfUtils.java:logGet(46)) - raft.server.log.preallocated.size = 16384 (custom)
2023-09-19 02:05:18,214 [61d89387-692e-45ac-a655-71929b77bbaf-groupManagement] INFO  server.RaftServerConfigKeys (ConfUtils.java:logGet(46)) - raft.server.log.force.sync.num = 128 (default)
2023-09-19 02:05:18,214 [EventQueue-PipelineReportForPipelineReportHandler] INFO  pipeline.PipelineReportHandler (PipelineReportHandler.java:processPipelineReport(136)) - Opened pipeline PipelineID=2989625a-bc96-46e7-bc96-a28ca3b95069
2023-09-19 02:05:18,214 [61d89387-692e-45ac-a655-71929b77bbaf-groupManagement] INFO  server.RaftServerConfigKeys (ConfUtils.java:logGet(46)) - raft.server.log.statemachine.data.sync = true (default)
2023-09-19 02:05:18,215 [EventQueue-OpenPipelineForHealthyPipelineSafeModeRule] INFO  safemode.SCMSafeModeManager (HealthyPipelineSafeModeRule.java:process(137)) - SCM in safe mode. Healthy pipelines reported count is 0, required healthy pipeline reported count is 1
2023-09-19 02:05:18,215 [61d89387-692e-45ac-a655-71929b77bbaf-groupManagement] INFO  server.RaftServerConfigKeys (ConfUtils.java:logGet(46)) - raft.server.log.statemachine.data.sync.timeout = 10s (default)
2023-09-19 02:05:18,215 [61d89387-692e-45ac-a655-71929b77bbaf-groupManagement] INFO  server.RaftServerConfigKeys (ConfUtils.java:logGet(46)) - raft.server.log.statemachine.data.sync.timeout.retry = -1 (default)
2023-09-19 02:05:18,215 [61d89387-692e-45ac-a655-71929b77bbaf-groupManagement] INFO  server.RaftServerConfigKeys (ConfUtils.java:logGet(46)) - raft.server.log.write.buffer.size = 1048576 (custom)
2023-09-19 02:05:18,215 [61d89387-692e-45ac-a655-71929b77bbaf-groupManagement] INFO  server.RaftServerConfigKeys (ConfUtils.java:logGet(46)) - raft.server.log.appender.buffer.byte-limit = 33554432 (custom)
2023-09-19 02:05:18,220 [61d89387-692e-45ac-a655-71929b77bbaf-groupManagement] INFO  server.RaftServerConfigKeys (ConfUtils.java:logGet(46)) - raft.server.log.unsafe-flush.enabled = false (default)
2023-09-19 02:05:18,220 [61d89387-692e-45ac-a655-71929b77bbaf-groupManagement] INFO  server.RaftServerConfigKeys (ConfUtils.java:logGet(46)) - raft.server.log.async-flush.enabled = false (default)
2023-09-19 02:05:18,220 [61d89387-692e-45ac-a655-71929b77bbaf-groupManagement] INFO  server.RaftServerConfigKeys (ConfUtils.java:logGet(46)) - raft.server.log.statemachine.data.caching.enabled = true (custom)
2023-09-19 02:05:18,220 [61d89387-692e-45ac-a655-71929b77bbaf-groupManagement] INFO  segmented.SegmentedRaftLogWorker (SegmentedRaftLogWorker.java:lambda$new$0(135)) - 61d89387-692e-45ac-a655-71929b77bbaf@group-A28CA3B95069-SegmentedRaftLogWorker: flushIndex: setUnconditionally 0 -> -1
2023-09-19 02:05:18,221 [61d89387-692e-45ac-a655-71929b77bbaf-groupManagement] INFO  segmented.SegmentedRaftLogWorker (SegmentedRaftLogWorker.java:lambda$new$0(135)) - 61d89387-692e-45ac-a655-71929b77bbaf@group-A28CA3B95069-SegmentedRaftLogWorker: safeCacheEvictIndex: setUnconditionally 0 -> -1
2023-09-19 02:05:18,221 [61d89387-692e-45ac-a655-71929b77bbaf-groupManagement] INFO  server.RaftServer$Division (RaftServerImpl.java:start(342)) - 61d89387-692e-45ac-a655-71929b77bbaf@group-A28CA3B95069: start as a follower, conf=-1: peers:[61d89387-692e-45ac-a655-71929b77bbaf|rpc:10.1.0.29:15103|admin:10.1.0.29:15102|client:10.1.0.29:15101|dataStream:10.1.0.29:15104|priority:1|startupRole:FOLLOWER]|listeners:[], old=null
2023-09-19 02:05:18,221 [61d89387-692e-45ac-a655-71929b77bbaf-groupManagement] INFO  server.RaftServer$Division (RaftServerImpl.java:setRole(329)) - 61d89387-692e-45ac-a655-71929b77bbaf@group-A28CA3B95069: changes role from      null to FOLLOWER at term 0 for startAsFollower
2023-09-19 02:05:18,221 [61d89387-692e-45ac-a655-71929b77bbaf-groupManagement] INFO  impl.RoleInfo (RoleInfo.java:updateAndGet(139)) - 61d89387-692e-45ac-a655-71929b77bbaf: start 61d89387-692e-45ac-a655-71929b77bbaf@group-A28CA3B95069-FollowerState
2023-09-19 02:05:18,222 [61d89387-692e-45ac-a655-71929b77bbaf@group-A28CA3B95069-FollowerState] INFO  server.RaftServerConfigKeys (ConfUtils.java:logFallback(53)) - raft.server.rpc.first-election.timeout.min = 5s (fallback to raft.server.rpc.timeout.min)
2023-09-19 02:05:18,222 [61d89387-692e-45ac-a655-71929b77bbaf@group-A28CA3B95069-FollowerState] INFO  server.RaftServerConfigKeys (ConfUtils.java:logFallback(53)) - raft.server.rpc.first-election.timeout.max = 5200ms (fallback to raft.server.rpc.timeout.max)
2023-09-19 02:05:18,222 [61d89387-692e-45ac-a655-71929b77bbaf-groupManagement] INFO  util.JmxRegister (JmxRegister.java:tryRegister(44)) - Successfully registered JMX Bean with object name Ratis:service=RaftServer,group=group-A28CA3B95069,id=61d89387-692e-45ac-a655-71929b77bbaf
2023-09-19 02:05:18,222 [61d89387-692e-45ac-a655-71929b77bbaf-groupManagement] INFO  server.RaftServerConfigKeys (ConfUtils.java:logGet(46)) - raft.server.snapshot.auto.trigger.enabled = true (custom)
2023-09-19 02:05:18,222 [61d89387-692e-45ac-a655-71929b77bbaf-groupManagement] INFO  server.RaftServerConfigKeys (ConfUtils.java:logGet(46)) - raft.server.snapshot.auto.trigger.threshold = 10000 (custom)
2023-09-19 02:05:18,222 [61d89387-692e-45ac-a655-71929b77bbaf-groupManagement] INFO  server.RaftServerConfigKeys (ConfUtils.java:logGet(46)) - raft.server.snapshot.retention.file.num = 5 (custom)
2023-09-19 02:05:18,222 [61d89387-692e-45ac-a655-71929b77bbaf-groupManagement] INFO  server.RaftServerConfigKeys (ConfUtils.java:logGet(46)) - raft.server.log.purge.upto.snapshot.index = false (default)
2023-09-19 02:05:18,223 [PipelineCommandHandlerThread-0] INFO  ratis.XceiverServerRatis (XceiverServerRatis.java:addGroup(804)) - Created group PipelineID=2989625a-bc96-46e7-bc96-a28ca3b95069
2023-09-19 02:05:18,223 [PipelineCommandHandlerThread-0] INFO  commandhandler.CreatePipelineCommandHandler (CreatePipelineCommandHandler.java:lambda$handle$2(124)) - Created Pipeline RATIS ONE PipelineID=2989625a-bc96-46e7-bc96-a28ca3b95069.
2023-09-19 02:05:19,199 [main] INFO  ozone.MiniOzoneClusterImpl (MiniOzoneClusterImpl.java:lambda$waitForClusterToBeReady$0(224)) - Nodes are ready. Got 5 of 5 DN Heartbeats.
2023-09-19 02:05:19,199 [main] INFO  ozone.MiniOzoneClusterImpl (MiniOzoneClusterImpl.java:lambda$waitForClusterToBeReady$0(227)) - Waiting for cluster to exit safe mode
2023-09-19 02:05:19,200 [main] INFO  ozone.MiniOzoneClusterImpl (MiniOzoneClusterImpl.java:lambda$waitForClusterToBeReady$0(229)) - SCM became leader
2023-09-19 02:05:20,200 [main] INFO  ozone.MiniOzoneClusterImpl (MiniOzoneClusterImpl.java:lambda$waitForClusterToBeReady$0(224)) - Nodes are ready. Got 5 of 5 DN Heartbeats.
2023-09-19 02:05:20,200 [main] INFO  ozone.MiniOzoneClusterImpl (MiniOzoneClusterImpl.java:lambda$waitForClusterToBeReady$0(227)) - Waiting for cluster to exit safe mode
2023-09-19 02:05:20,200 [main] INFO  ozone.MiniOzoneClusterImpl (MiniOzoneClusterImpl.java:lambda$waitForClusterToBeReady$0(229)) - SCM became leader
2023-09-19 02:05:21,200 [main] INFO  ozone.MiniOzoneClusterImpl (MiniOzoneClusterImpl.java:lambda$waitForClusterToBeReady$0(224)) - Nodes are ready. Got 5 of 5 DN Heartbeats.
2023-09-19 02:05:21,201 [main] INFO  ozone.MiniOzoneClusterImpl (MiniOzoneClusterImpl.java:lambda$waitForClusterToBeReady$0(227)) - Waiting for cluster to exit safe mode
2023-09-19 02:05:21,201 [main] INFO  ozone.MiniOzoneClusterImpl (MiniOzoneClusterImpl.java:lambda$waitForClusterToBeReady$0(229)) - SCM became leader
2023-09-19 02:05:22,103 [e39e4681-7919-4d3b-868d-83d4ef0f5b6f@group-C5FB72CF15EB-FollowerState] INFO  impl.FollowerState (FollowerState.java:run(143)) - e39e4681-7919-4d3b-868d-83d4ef0f5b6f@group-C5FB72CF15EB-FollowerState: change to CANDIDATE, lastRpcElapsedTime:5042262593ns, electionTimeout:5041ms
2023-09-19 02:05:22,103 [e39e4681-7919-4d3b-868d-83d4ef0f5b6f@group-C5FB72CF15EB-FollowerState] INFO  impl.RoleInfo (RoleInfo.java:shutdownFollowerState(110)) - e39e4681-7919-4d3b-868d-83d4ef0f5b6f: shutdown e39e4681-7919-4d3b-868d-83d4ef0f5b6f@group-C5FB72CF15EB-FollowerState
2023-09-19 02:05:22,103 [e39e4681-7919-4d3b-868d-83d4ef0f5b6f@group-C5FB72CF15EB-FollowerState] INFO  server.RaftServer$Division (RaftServerImpl.java:setRole(329)) - e39e4681-7919-4d3b-868d-83d4ef0f5b6f@group-C5FB72CF15EB: changes role from  FOLLOWER to CANDIDATE at term 0 for changeToCandidate
2023-09-19 02:05:22,104 [e39e4681-7919-4d3b-868d-83d4ef0f5b6f@group-C5FB72CF15EB-FollowerState] INFO  server.RaftServerConfigKeys (ConfUtils.java:logGet(46)) - raft.server.leaderelection.pre-vote = true (default)
2023-09-19 02:05:22,104 [e39e4681-7919-4d3b-868d-83d4ef0f5b6f@group-C5FB72CF15EB-FollowerState] INFO  impl.RoleInfo (RoleInfo.java:updateAndGet(139)) - e39e4681-7919-4d3b-868d-83d4ef0f5b6f: start e39e4681-7919-4d3b-868d-83d4ef0f5b6f@group-C5FB72CF15EB-LeaderElection9
2023-09-19 02:05:22,110 [e39e4681-7919-4d3b-868d-83d4ef0f5b6f@group-C5FB72CF15EB-LeaderElection9] INFO  impl.LeaderElection (LeaderElection.java:askForVotes(321)) - e39e4681-7919-4d3b-868d-83d4ef0f5b6f@group-C5FB72CF15EB-LeaderElection9 PRE_VOTE round 0: submit vote requests at term 0 for -1: peers:[e39e4681-7919-4d3b-868d-83d4ef0f5b6f|rpc:10.1.0.29:15067|admin:10.1.0.29:15066|client:10.1.0.29:15065|dataStream:10.1.0.29:15068|priority:1|startupRole:FOLLOWER]|listeners:[], old=null
2023-09-19 02:05:22,110 [e39e4681-7919-4d3b-868d-83d4ef0f5b6f@group-C5FB72CF15EB-LeaderElection9] INFO  impl.LeaderElection (LeaderElection.java:askForVotes(323)) - e39e4681-7919-4d3b-868d-83d4ef0f5b6f@group-C5FB72CF15EB-LeaderElection9 PRE_VOTE round 0: result PASSED (term=0)
2023-09-19 02:05:22,112 [e39e4681-7919-4d3b-868d-83d4ef0f5b6f@group-C5FB72CF15EB-LeaderElection9] INFO  impl.LeaderElection (LeaderElection.java:askForVotes(321)) - e39e4681-7919-4d3b-868d-83d4ef0f5b6f@group-C5FB72CF15EB-LeaderElection9 ELECTION round 0: submit vote requests at term 1 for -1: peers:[e39e4681-7919-4d3b-868d-83d4ef0f5b6f|rpc:10.1.0.29:15067|admin:10.1.0.29:15066|client:10.1.0.29:15065|dataStream:10.1.0.29:15068|priority:1|startupRole:FOLLOWER]|listeners:[], old=null
2023-09-19 02:05:22,112 [e39e4681-7919-4d3b-868d-83d4ef0f5b6f@group-C5FB72CF15EB-LeaderElection9] INFO  impl.LeaderElection (LeaderElection.java:askForVotes(323)) - e39e4681-7919-4d3b-868d-83d4ef0f5b6f@group-C5FB72CF15EB-LeaderElection9 ELECTION round 0: result PASSED (term=1)
2023-09-19 02:05:22,112 [e39e4681-7919-4d3b-868d-83d4ef0f5b6f@group-C5FB72CF15EB-LeaderElection9] INFO  impl.RoleInfo (RoleInfo.java:shutdownLeaderElection(130)) - e39e4681-7919-4d3b-868d-83d4ef0f5b6f: shutdown e39e4681-7919-4d3b-868d-83d4ef0f5b6f@group-C5FB72CF15EB-LeaderElection9
2023-09-19 02:05:22,112 [e39e4681-7919-4d3b-868d-83d4ef0f5b6f@group-C5FB72CF15EB-LeaderElection9] INFO  server.RaftServer$Division (RaftServerImpl.java:setRole(329)) - e39e4681-7919-4d3b-868d-83d4ef0f5b6f@group-C5FB72CF15EB: changes role from CANDIDATE to LEADER at term 1 for changeToLeader
2023-09-19 02:05:22,112 [e39e4681-7919-4d3b-868d-83d4ef0f5b6f@group-C5FB72CF15EB-LeaderElection9] INFO  ratis.XceiverServerRatis (XceiverServerRatis.java:handleLeaderChangedNotification(902)) - Leader change notification received for group: group-C5FB72CF15EB with new leaderId: e39e4681-7919-4d3b-868d-83d4ef0f5b6f
2023-09-19 02:05:22,112 [e39e4681-7919-4d3b-868d-83d4ef0f5b6f@group-C5FB72CF15EB-LeaderElection9] INFO  server.RaftServer$Division (ServerState.java:setLeader(317)) - e39e4681-7919-4d3b-868d-83d4ef0f5b6f@group-C5FB72CF15EB: change Leader from null to e39e4681-7919-4d3b-868d-83d4ef0f5b6f at term 1 for becomeLeader, leader elected after 5066ms
2023-09-19 02:05:22,112 [e39e4681-7919-4d3b-868d-83d4ef0f5b6f@group-C5FB72CF15EB-LeaderElection9] INFO  server.RaftServerConfigKeys (ConfUtils.java:logGet(46)) - raft.server.staging.catchup.gap = 1000 (default)
2023-09-19 02:05:22,112 [e39e4681-7919-4d3b-868d-83d4ef0f5b6f@group-C5FB72CF15EB-LeaderElection9] INFO  server.RaftServerConfigKeys (ConfUtils.java:logGet(46)) - raft.server.write.element-limit = 1024 (custom)
2023-09-19 02:05:22,113 [e39e4681-7919-4d3b-868d-83d4ef0f5b6f@group-C5FB72CF15EB-LeaderElection9] INFO  server.RaftServerConfigKeys (ConfUtils.java:logGet(46)) - raft.server.write.byte-limit = 1024 M (=1073741824) (custom)
2023-09-19 02:05:22,113 [e39e4681-7919-4d3b-868d-83d4ef0f5b6f@group-C5FB72CF15EB-LeaderElection9] INFO  server.RaftServerConfigKeys (ConfUtils.java:logGet(46)) - raft.server.watch.timeout = 180s (custom)
2023-09-19 02:05:22,113 [e39e4681-7919-4d3b-868d-83d4ef0f5b6f@group-C5FB72CF15EB-LeaderElection9] INFO  server.RaftServerConfigKeys (ConfUtils.java:logGet(46)) - raft.server.watch.timeout.denomination = 1s (default)
2023-09-19 02:05:22,113 [e39e4681-7919-4d3b-868d-83d4ef0f5b6f@group-C5FB72CF15EB-LeaderElection9] INFO  server.RaftServerConfigKeys (ConfUtils.java:logGet(46)) - raft.server.watch.element-limit = 65536 (default)
2023-09-19 02:05:22,113 [EventQueue-OpenPipelineForHealthyPipelineSafeModeRule] INFO  safemode.SCMSafeModeManager (HealthyPipelineSafeModeRule.java:process(137)) - SCM in safe mode. Healthy pipelines reported count is 0, required healthy pipeline reported count is 1
2023-09-19 02:05:22,113 [e39e4681-7919-4d3b-868d-83d4ef0f5b6f@group-C5FB72CF15EB-LeaderElection9] INFO  server.RaftServerConfigKeys (ConfUtils.java:logGet(46)) - raft.server.write.element-limit = 1024 (custom)
2023-09-19 02:05:22,113 [e39e4681-7919-4d3b-868d-83d4ef0f5b6f@group-C5FB72CF15EB-LeaderElection9] INFO  server.RaftServerConfigKeys (ConfUtils.java:logGet(46)) - raft.server.write.follower.gap.ratio.max = -1.0 (default)
2023-09-19 02:05:22,114 [e39e4681-7919-4d3b-868d-83d4ef0f5b6f@group-C5FB72CF15EB-LeaderElection9] INFO  impl.RoleInfo (RoleInfo.java:updateAndGet(139)) - e39e4681-7919-4d3b-868d-83d4ef0f5b6f: start e39e4681-7919-4d3b-868d-83d4ef0f5b6f@group-C5FB72CF15EB-LeaderStateImpl
2023-09-19 02:05:22,114 [e39e4681-7919-4d3b-868d-83d4ef0f5b6f@group-C5FB72CF15EB-LeaderElection9] INFO  segmented.SegmentedRaftLogWorker (SegmentedRaftLogWorker.java:startLogSegment(447)) - e39e4681-7919-4d3b-868d-83d4ef0f5b6f@group-C5FB72CF15EB-SegmentedRaftLogWorker: Starting segment from index:0
2023-09-19 02:05:22,119 [e39e4681-7919-4d3b-868d-83d4ef0f5b6f@group-C5FB72CF15EB-LeaderElection9] INFO  server.RaftServer$Division (ServerState.java:setRaftConf(434)) - e39e4681-7919-4d3b-868d-83d4ef0f5b6f@group-C5FB72CF15EB: set configuration 0: peers:[e39e4681-7919-4d3b-868d-83d4ef0f5b6f|rpc:10.1.0.29:15067|admin:10.1.0.29:15066|client:10.1.0.29:15065|dataStream:10.1.0.29:15068|priority:1|startupRole:FOLLOWER]|listeners:[], old=null
2023-09-19 02:05:22,121 [e39e4681-7919-4d3b-868d-83d4ef0f5b6f@group-C5FB72CF15EB-SegmentedRaftLogWorker] INFO  segmented.SegmentedRaftLogWorker (SegmentedRaftLogWorker.java:execute(651)) - e39e4681-7919-4d3b-868d-83d4ef0f5b6f@group-C5FB72CF15EB-SegmentedRaftLogWorker: created new log segment /home/runner/work/ozone/ozone/hadoop-ozone/integration-test/target/test-dir/MiniOzoneClusterImpl-5e324384-037a-4cb1-b856-3c07748222cd/datanode-0/data/ratis/8f8fae49-b88a-4029-be5a-c5fb72cf15eb/current/log_inprogress_0
2023-09-19 02:05:22,201 [main] INFO  ozone.MiniOzoneClusterImpl (MiniOzoneClusterImpl.java:lambda$waitForClusterToBeReady$0(224)) - Nodes are ready. Got 5 of 5 DN Heartbeats.
2023-09-19 02:05:22,201 [main] INFO  ozone.MiniOzoneClusterImpl (MiniOzoneClusterImpl.java:lambda$waitForClusterToBeReady$0(227)) - Waiting for cluster to exit safe mode
2023-09-19 02:05:22,201 [main] INFO  ozone.MiniOzoneClusterImpl (MiniOzoneClusterImpl.java:lambda$waitForClusterToBeReady$0(229)) - SCM became leader
2023-09-19 02:05:22,226 [bb1c6357-9327-4202-8734-55e8eab5c756@group-59CA478D303A-FollowerState] INFO  impl.FollowerState (FollowerState.java:run(143)) - bb1c6357-9327-4202-8734-55e8eab5c756@group-59CA478D303A-FollowerState: change to CANDIDATE, lastRpcElapsedTime:5051296329ns, electionTimeout:5043ms
2023-09-19 02:05:22,226 [bb1c6357-9327-4202-8734-55e8eab5c756@group-59CA478D303A-FollowerState] INFO  impl.RoleInfo (RoleInfo.java:shutdownFollowerState(110)) - bb1c6357-9327-4202-8734-55e8eab5c756: shutdown bb1c6357-9327-4202-8734-55e8eab5c756@group-59CA478D303A-FollowerState
2023-09-19 02:05:22,226 [bb1c6357-9327-4202-8734-55e8eab5c756@group-59CA478D303A-FollowerState] INFO  server.RaftServer$Division (RaftServerImpl.java:setRole(329)) - bb1c6357-9327-4202-8734-55e8eab5c756@group-59CA478D303A: changes role from  FOLLOWER to CANDIDATE at term 0 for changeToCandidate
2023-09-19 02:05:22,226 [bb1c6357-9327-4202-8734-55e8eab5c756@group-59CA478D303A-FollowerState] INFO  server.RaftServerConfigKeys (ConfUtils.java:logGet(46)) - raft.server.leaderelection.pre-vote = true (default)
2023-09-19 02:05:22,226 [bb1c6357-9327-4202-8734-55e8eab5c756@group-59CA478D303A-FollowerState] INFO  impl.RoleInfo (RoleInfo.java:updateAndGet(139)) - bb1c6357-9327-4202-8734-55e8eab5c756: start bb1c6357-9327-4202-8734-55e8eab5c756@group-59CA478D303A-LeaderElection10
2023-09-19 02:05:22,228 [bb1c6357-9327-4202-8734-55e8eab5c756@group-59CA478D303A-LeaderElection10] INFO  impl.LeaderElection (LeaderElection.java:askForVotes(321)) - bb1c6357-9327-4202-8734-55e8eab5c756@group-59CA478D303A-LeaderElection10 PRE_VOTE round 0: submit vote requests at term 0 for -1: peers:[5eadcd64-1d4b-44b8-a1e5-0066e95eb1a1|rpc:10.1.0.29:15076|admin:10.1.0.29:15075|client:10.1.0.29:15074|dataStream:10.1.0.29:15077|priority:0|startupRole:FOLLOWER, bb1c6357-9327-4202-8734-55e8eab5c756|rpc:10.1.0.29:15085|admin:10.1.0.29:15084|client:10.1.0.29:15083|dataStream:10.1.0.29:15086|priority:1|startupRole:FOLLOWER, e39e4681-7919-4d3b-868d-83d4ef0f5b6f|rpc:10.1.0.29:15067|admin:10.1.0.29:15066|client:10.1.0.29:15065|dataStream:10.1.0.29:15068|priority:0|startupRole:FOLLOWER]|listeners:[], old=null
2023-09-19 02:05:22,229 [bb1c6357-9327-4202-8734-55e8eab5c756@group-59CA478D303A-LeaderElection10] INFO  server.RaftServerConfigKeys (ConfUtils.java:logFallback(53)) - raft.server.rpc.first-election.timeout.min = 5s (fallback to raft.server.rpc.timeout.min)
2023-09-19 02:05:22,229 [bb1c6357-9327-4202-8734-55e8eab5c756@group-59CA478D303A-LeaderElection10-1] INFO  server.GrpcServerProtocolClient (GrpcServerProtocolClient.java:<init>(65)) - Build channel for 5eadcd64-1d4b-44b8-a1e5-0066e95eb1a1
2023-09-19 02:05:22,229 [bb1c6357-9327-4202-8734-55e8eab5c756@group-59CA478D303A-LeaderElection10] INFO  server.RaftServerConfigKeys (ConfUtils.java:logFallback(53)) - raft.server.rpc.first-election.timeout.max = 5200ms (fallback to raft.server.rpc.timeout.max)
2023-09-19 02:05:22,229 [bb1c6357-9327-4202-8734-55e8eab5c756@group-59CA478D303A-LeaderElection10-2] INFO  server.GrpcServerProtocolClient (GrpcServerProtocolClient.java:<init>(65)) - Build channel for e39e4681-7919-4d3b-868d-83d4ef0f5b6f
2023-09-19 02:05:22,237 [e39e4681-7919-4d3b-868d-83d4ef0f5b6f@group-59CA478D303A-FollowerState] INFO  impl.FollowerState (FollowerState.java:run(143)) - e39e4681-7919-4d3b-868d-83d4ef0f5b6f@group-59CA478D303A-FollowerState: change to CANDIDATE, lastRpcElapsedTime:5160778037ns, electionTimeout:5157ms
2023-09-19 02:05:22,237 [e39e4681-7919-4d3b-868d-83d4ef0f5b6f@group-59CA478D303A-FollowerState] INFO  impl.RoleInfo (RoleInfo.java:shutdownFollowerState(110)) - e39e4681-7919-4d3b-868d-83d4ef0f5b6f: shutdown e39e4681-7919-4d3b-868d-83d4ef0f5b6f@group-59CA478D303A-FollowerState
2023-09-19 02:05:22,237 [e39e4681-7919-4d3b-868d-83d4ef0f5b6f@group-59CA478D303A-FollowerState] INFO  server.RaftServer$Division (RaftServerImpl.java:setRole(329)) - e39e4681-7919-4d3b-868d-83d4ef0f5b6f@group-59CA478D303A: changes role from  FOLLOWER to CANDIDATE at term 0 for changeToCandidate
2023-09-19 02:05:22,237 [e39e4681-7919-4d3b-868d-83d4ef0f5b6f@group-59CA478D303A-FollowerState] INFO  server.RaftServerConfigKeys (ConfUtils.java:logGet(46)) - raft.server.leaderelection.pre-vote = true (default)
2023-09-19 02:05:22,237 [e39e4681-7919-4d3b-868d-83d4ef0f5b6f@group-59CA478D303A-FollowerState] INFO  impl.RoleInfo (RoleInfo.java:updateAndGet(139)) - e39e4681-7919-4d3b-868d-83d4ef0f5b6f: start e39e4681-7919-4d3b-868d-83d4ef0f5b6f@group-59CA478D303A-LeaderElection11
2023-09-19 02:05:22,243 [5eadcd64-1d4b-44b8-a1e5-0066e95eb1a1@group-59CA478D303A-FollowerState] INFO  impl.FollowerState (FollowerState.java:run(143)) - 5eadcd64-1d4b-44b8-a1e5-0066e95eb1a1@group-59CA478D303A-FollowerState: change to CANDIDATE, lastRpcElapsedTime:5123801457ns, electionTimeout:5121ms
2023-09-19 02:05:22,243 [5eadcd64-1d4b-44b8-a1e5-0066e95eb1a1@group-59CA478D303A-FollowerState] INFO  impl.RoleInfo (RoleInfo.java:shutdownFollowerState(110)) - 5eadcd64-1d4b-44b8-a1e5-0066e95eb1a1: shutdown 5eadcd64-1d4b-44b8-a1e5-0066e95eb1a1@group-59CA478D303A-FollowerState
2023-09-19 02:05:22,243 [5eadcd64-1d4b-44b8-a1e5-0066e95eb1a1@group-59CA478D303A-FollowerState] INFO  server.RaftServer$Division (RaftServerImpl.java:setRole(329)) - 5eadcd64-1d4b-44b8-a1e5-0066e95eb1a1@group-59CA478D303A: changes role from  FOLLOWER to CANDIDATE at term 0 for changeToCandidate
2023-09-19 02:05:22,243 [grpc-default-executor-0] INFO  server.RaftServer$Division (RaftServerImpl.java:requestVote(1302)) - 5eadcd64-1d4b-44b8-a1e5-0066e95eb1a1@group-59CA478D303A: receive requestVote(PRE_VOTE, bb1c6357-9327-4202-8734-55e8eab5c756, group-59CA478D303A, 0, (t:0, i:0))
2023-09-19 02:05:22,243 [5eadcd64-1d4b-44b8-a1e5-0066e95eb1a1@group-59CA478D303A-FollowerState] INFO  server.RaftServerConfigKeys (ConfUtils.java:logGet(46)) - raft.server.leaderelection.pre-vote = true (default)
2023-09-19 02:05:22,245 [5eadcd64-1d4b-44b8-a1e5-0066e95eb1a1@group-59CA478D303A-FollowerState] INFO  impl.RoleInfo (RoleInfo.java:updateAndGet(139)) - 5eadcd64-1d4b-44b8-a1e5-0066e95eb1a1: start 5eadcd64-1d4b-44b8-a1e5-0066e95eb1a1@group-59CA478D303A-LeaderElection12
2023-09-19 02:05:22,245 [grpc-default-executor-0] INFO  impl.VoteContext (VoteContext.java:log(49)) - 5eadcd64-1d4b-44b8-a1e5-0066e95eb1a1@group-59CA478D303A-CANDIDATE: accept PRE_VOTE from bb1c6357-9327-4202-8734-55e8eab5c756: our priority 0 <= candidate's priority 1
2023-09-19 02:05:22,245 [grpc-default-executor-0] INFO  server.RaftServer$Division (RaftServerImpl.java:requestVote(1335)) - 5eadcd64-1d4b-44b8-a1e5-0066e95eb1a1@group-59CA478D303A replies to PRE_VOTE vote request: bb1c6357-9327-4202-8734-55e8eab5c756<-5eadcd64-1d4b-44b8-a1e5-0066e95eb1a1#0:OK-t0. Peer's state: 5eadcd64-1d4b-44b8-a1e5-0066e95eb1a1@group-59CA478D303A:t0, leader=null, voted=, raftlog=Memoized:5eadcd64-1d4b-44b8-a1e5-0066e95eb1a1@group-59CA478D303A-SegmentedRaftLog:OPENED:c-1, conf=-1: peers:[5eadcd64-1d4b-44b8-a1e5-0066e95eb1a1|rpc:10.1.0.29:15076|admin:10.1.0.29:15075|client:10.1.0.29:15074|dataStream:10.1.0.29:15077|priority:0|startupRole:FOLLOWER, bb1c6357-9327-4202-8734-55e8eab5c756|rpc:10.1.0.29:15085|admin:10.1.0.29:15084|client:10.1.0.29:15083|dataStream:10.1.0.29:15086|priority:1|startupRole:FOLLOWER, e39e4681-7919-4d3b-868d-83d4ef0f5b6f|rpc:10.1.0.29:15067|admin:10.1.0.29:15066|client:10.1.0.29:15065|dataStream:10.1.0.29:15068|priority:0|startupRole:FOLLOWER]|listeners:[], old=null
2023-09-19 02:05:22,246 [5eadcd64-1d4b-44b8-a1e5-0066e95eb1a1@group-59CA478D303A-LeaderElection12] INFO  impl.LeaderElection (LeaderElection.java:askForVotes(321)) - 5eadcd64-1d4b-44b8-a1e5-0066e95eb1a1@group-59CA478D303A-LeaderElection12 PRE_VOTE round 0: submit vote requests at term 0 for -1: peers:[5eadcd64-1d4b-44b8-a1e5-0066e95eb1a1|rpc:10.1.0.29:15076|admin:10.1.0.29:15075|client:10.1.0.29:15074|dataStream:10.1.0.29:15077|priority:0|startupRole:FOLLOWER, bb1c6357-9327-4202-8734-55e8eab5c756|rpc:10.1.0.29:15085|admin:10.1.0.29:15084|client:10.1.0.29:15083|dataStream:10.1.0.29:15086|priority:1|startupRole:FOLLOWER, e39e4681-7919-4d3b-868d-83d4ef0f5b6f|rpc:10.1.0.29:15067|admin:10.1.0.29:15066|client:10.1.0.29:15065|dataStream:10.1.0.29:15068|priority:0|startupRole:FOLLOWER]|listeners:[], old=null
2023-09-19 02:05:22,247 [bb1c6357-9327-4202-8734-55e8eab5c756@group-59CA478D303A-LeaderElection10] INFO  impl.LeaderElection (LeaderElection.java:logAndReturn(90)) - bb1c6357-9327-4202-8734-55e8eab5c756@group-59CA478D303A-LeaderElection10: PRE_VOTE PASSED received 1 response(s) and 0 exception(s):
2023-09-19 02:05:22,247 [bb1c6357-9327-4202-8734-55e8eab5c756@group-59CA478D303A-LeaderElection10] INFO  impl.LeaderElection (LeaderElection.java:logAndReturn(94)) -   Response 0: bb1c6357-9327-4202-8734-55e8eab5c756<-5eadcd64-1d4b-44b8-a1e5-0066e95eb1a1#0:OK-t0
2023-09-19 02:05:22,247 [bb1c6357-9327-4202-8734-55e8eab5c756@group-59CA478D303A-LeaderElection10] INFO  impl.LeaderElection (LeaderElection.java:askForVotes(323)) - bb1c6357-9327-4202-8734-55e8eab5c756@group-59CA478D303A-LeaderElection10 PRE_VOTE round 0: result PASSED
2023-09-19 02:05:22,257 [e39e4681-7919-4d3b-868d-83d4ef0f5b6f@group-59CA478D303A-LeaderElection11] INFO  impl.LeaderElection (LeaderElection.java:askForVotes(321)) - e39e4681-7919-4d3b-868d-83d4ef0f5b6f@group-59CA478D303A-LeaderElection11 PRE_VOTE round 0: submit vote requests at term 0 for -1: peers:[5eadcd64-1d4b-44b8-a1e5-0066e95eb1a1|rpc:10.1.0.29:15076|admin:10.1.0.29:15075|client:10.1.0.29:15074|dataStream:10.1.0.29:15077|priority:0|startupRole:FOLLOWER, bb1c6357-9327-4202-8734-55e8eab5c756|rpc:10.1.0.29:15085|admin:10.1.0.29:15084|client:10.1.0.29:15083|dataStream:10.1.0.29:15086|priority:1|startupRole:FOLLOWER, e39e4681-7919-4d3b-868d-83d4ef0f5b6f|rpc:10.1.0.29:15067|admin:10.1.0.29:15066|client:10.1.0.29:15065|dataStream:10.1.0.29:15068|priority:0|startupRole:FOLLOWER]|listeners:[], old=null
2023-09-19 02:05:22,257 [5eadcd64-1d4b-44b8-a1e5-0066e95eb1a1@group-59CA478D303A-LeaderElection12-1] INFO  server.GrpcServerProtocolClient (GrpcServerProtocolClient.java:<init>(65)) - Build channel for bb1c6357-9327-4202-8734-55e8eab5c756
2023-09-19 02:05:22,258 [5eadcd64-1d4b-44b8-a1e5-0066e95eb1a1@group-59CA478D303A-LeaderElection12] INFO  server.RaftServerConfigKeys (ConfUtils.java:logFallback(53)) - raft.server.rpc.first-election.timeout.min = 5s (fallback to raft.server.rpc.timeout.min)
2023-09-19 02:05:22,258 [5eadcd64-1d4b-44b8-a1e5-0066e95eb1a1@group-59CA478D303A-LeaderElection12] INFO  server.RaftServerConfigKeys (ConfUtils.java:logFallback(53)) - raft.server.rpc.first-election.timeout.max = 5200ms (fallback to raft.server.rpc.timeout.max)
2023-09-19 02:05:22,258 [5eadcd64-1d4b-44b8-a1e5-0066e95eb1a1@group-59CA478D303A-LeaderElection12-2] INFO  server.GrpcServerProtocolClient (GrpcServerProtocolClient.java:<init>(65)) - Build channel for e39e4681-7919-4d3b-868d-83d4ef0f5b6f
2023-09-19 02:05:22,259 [bb1c6357-9327-4202-8734-55e8eab5c756@group-59CA478D303A-LeaderElection10] INFO  impl.LeaderElection (LeaderElection.java:askForVotes(321)) - bb1c6357-9327-4202-8734-55e8eab5c756@group-59CA478D303A-LeaderElection10 ELECTION round 0: submit vote requests at term 1 for -1: peers:[5eadcd64-1d4b-44b8-a1e5-0066e95eb1a1|rpc:10.1.0.29:15076|admin:10.1.0.29:15075|client:10.1.0.29:15074|dataStream:10.1.0.29:15077|priority:0|startupRole:FOLLOWER, bb1c6357-9327-4202-8734-55e8eab5c756|rpc:10.1.0.29:15085|admin:10.1.0.29:15084|client:10.1.0.29:15083|dataStream:10.1.0.29:15086|priority:1|startupRole:FOLLOWER, e39e4681-7919-4d3b-868d-83d4ef0f5b6f|rpc:10.1.0.29:15067|admin:10.1.0.29:15066|client:10.1.0.29:15065|dataStream:10.1.0.29:15068|priority:0|startupRole:FOLLOWER]|listeners:[], old=null
2023-09-19 02:05:22,264 [bb1c6357-9327-4202-8734-55e8eab5c756@group-59CA478D303A-LeaderElection10] INFO  server.RaftServerConfigKeys (ConfUtils.java:logFallback(53)) - raft.server.rpc.first-election.timeout.min = 5s (fallback to raft.server.rpc.timeout.min)
2023-09-19 02:05:22,264 [bb1c6357-9327-4202-8734-55e8eab5c756@group-59CA478D303A-LeaderElection10] INFO  server.RaftServerConfigKeys (ConfUtils.java:logFallback(53)) - raft.server.rpc.first-election.timeout.max = 5200ms (fallback to raft.server.rpc.timeout.max)
2023-09-19 02:05:22,266 [e39e4681-7919-4d3b-868d-83d4ef0f5b6f@group-59CA478D303A-LeaderElection11] INFO  server.RaftServerConfigKeys (ConfUtils.java:logFallback(53)) - raft.server.rpc.first-election.timeout.min = 5s (fallback to raft.server.rpc.timeout.min)
2023-09-19 02:05:22,266 [e39e4681-7919-4d3b-868d-83d4ef0f5b6f@group-59CA478D303A-LeaderElection11] INFO  server.RaftServerConfigKeys (ConfUtils.java:logFallback(53)) - raft.server.rpc.first-election.timeout.max = 5200ms (fallback to raft.server.rpc.timeout.max)
2023-09-19 02:05:22,277 [grpc-default-executor-1] INFO  server.RaftServer$Division (RaftServerImpl.java:requestVote(1302)) - e39e4681-7919-4d3b-868d-83d4ef0f5b6f@group-59CA478D303A: receive requestVote(PRE_VOTE, bb1c6357-9327-4202-8734-55e8eab5c756, group-59CA478D303A, 0, (t:0, i:0))
2023-09-19 02:05:22,278 [grpc-default-executor-1] INFO  impl.VoteContext (VoteContext.java:log(49)) - e39e4681-7919-4d3b-868d-83d4ef0f5b6f@group-59CA478D303A-CANDIDATE: accept PRE_VOTE from bb1c6357-9327-4202-8734-55e8eab5c756: our priority 0 <= candidate's priority 1
2023-09-19 02:05:22,279 [grpc-default-executor-1] INFO  server.RaftServer$Division (RaftServerImpl.java:requestVote(1335)) - e39e4681-7919-4d3b-868d-83d4ef0f5b6f@group-59CA478D303A replies to PRE_VOTE vote request: bb1c6357-9327-4202-8734-55e8eab5c756<-e39e4681-7919-4d3b-868d-83d4ef0f5b6f#0:OK-t0. Peer's state: e39e4681-7919-4d3b-868d-83d4ef0f5b6f@group-59CA478D303A:t0, leader=null, voted=, raftlog=Memoized:e39e4681-7919-4d3b-868d-83d4ef0f5b6f@group-59CA478D303A-SegmentedRaftLog:OPENED:c-1, conf=-1: peers:[5eadcd64-1d4b-44b8-a1e5-0066e95eb1a1|rpc:10.1.0.29:15076|admin:10.1.0.29:15075|client:10.1.0.29:15074|dataStream:10.1.0.29:15077|priority:0|startupRole:FOLLOWER, bb1c6357-9327-4202-8734-55e8eab5c756|rpc:10.1.0.29:15085|admin:10.1.0.29:15084|client:10.1.0.29:15083|dataStream:10.1.0.29:15086|priority:1|startupRole:FOLLOWER, e39e4681-7919-4d3b-868d-83d4ef0f5b6f|rpc:10.1.0.29:15067|admin:10.1.0.29:15066|client:10.1.0.29:15065|dataStream:10.1.0.29:15068|priority:0|startupRole:FOLLOWER]|listeners:[], old=null
2023-09-19 02:05:22,279 [e39e4681-7919-4d3b-868d-83d4ef0f5b6f@group-59CA478D303A-LeaderElection11-2] INFO  server.GrpcServerProtocolClient (GrpcServerProtocolClient.java:<init>(65)) - Build channel for bb1c6357-9327-4202-8734-55e8eab5c756
2023-09-19 02:05:22,282 [e39e4681-7919-4d3b-868d-83d4ef0f5b6f@group-59CA478D303A-LeaderElection11-1] INFO  server.GrpcServerProtocolClient (GrpcServerProtocolClient.java:<init>(65)) - Build channel for 5eadcd64-1d4b-44b8-a1e5-0066e95eb1a1
2023-09-19 02:05:22,287 [grpc-default-executor-1] INFO  server.RaftServer$Division (RaftServerImpl.java:requestVote(1302)) - 5eadcd64-1d4b-44b8-a1e5-0066e95eb1a1@group-59CA478D303A: receive requestVote(ELECTION, bb1c6357-9327-4202-8734-55e8eab5c756, group-59CA478D303A, 1, (t:0, i:0))
2023-09-19 02:05:22,287 [grpc-default-executor-1] INFO  impl.VoteContext (VoteContext.java:log(49)) - 5eadcd64-1d4b-44b8-a1e5-0066e95eb1a1@group-59CA478D303A-CANDIDATE: accept ELECTION from bb1c6357-9327-4202-8734-55e8eab5c756: our priority 0 <= candidate's priority 1
2023-09-19 02:05:22,287 [grpc-default-executor-1] INFO  server.RaftServer$Division (RaftServerImpl.java:setRole(329)) - 5eadcd64-1d4b-44b8-a1e5-0066e95eb1a1@group-59CA478D303A: changes role from CANDIDATE to FOLLOWER at term 1 for candidate:bb1c6357-9327-4202-8734-55e8eab5c756
2023-09-19 02:05:22,287 [grpc-default-executor-1] INFO  impl.RoleInfo (RoleInfo.java:shutdownLeaderElection(130)) - 5eadcd64-1d4b-44b8-a1e5-0066e95eb1a1: shutdown 5eadcd64-1d4b-44b8-a1e5-0066e95eb1a1@group-59CA478D303A-LeaderElection12
2023-09-19 02:05:22,287 [grpc-default-executor-1] INFO  impl.RoleInfo (RoleInfo.java:updateAndGet(139)) - 5eadcd64-1d4b-44b8-a1e5-0066e95eb1a1: start 5eadcd64-1d4b-44b8-a1e5-0066e95eb1a1@group-59CA478D303A-FollowerState
2023-09-19 02:05:22,295 [grpc-default-executor-1] INFO  server.RaftServer$Division (RaftServerImpl.java:requestVote(1335)) - 5eadcd64-1d4b-44b8-a1e5-0066e95eb1a1@group-59CA478D303A replies to ELECTION vote request: bb1c6357-9327-4202-8734-55e8eab5c756<-5eadcd64-1d4b-44b8-a1e5-0066e95eb1a1#0:OK-t1. Peer's state: 5eadcd64-1d4b-44b8-a1e5-0066e95eb1a1@group-59CA478D303A:t1, leader=null, voted=bb1c6357-9327-4202-8734-55e8eab5c756, raftlog=Memoized:5eadcd64-1d4b-44b8-a1e5-0066e95eb1a1@group-59CA478D303A-SegmentedRaftLog:OPENED:c-1, conf=-1: peers:[5eadcd64-1d4b-44b8-a1e5-0066e95eb1a1|rpc:10.1.0.29:15076|admin:10.1.0.29:15075|client:10.1.0.29:15074|dataStream:10.1.0.29:15077|priority:0|startupRole:FOLLOWER, bb1c6357-9327-4202-8734-55e8eab5c756|rpc:10.1.0.29:15085|admin:10.1.0.29:15084|client:10.1.0.29:15083|dataStream:10.1.0.29:15086|priority:1|startupRole:FOLLOWER, e39e4681-7919-4d3b-868d-83d4ef0f5b6f|rpc:10.1.0.29:15067|admin:10.1.0.29:15066|client:10.1.0.29:15065|dataStream:10.1.0.29:15068|priority:0|startupRole:FOLLOWER]|listeners:[], old=null
2023-09-19 02:05:22,302 [grpc-default-executor-0] INFO  server.RaftServer$Division (RaftServerImpl.java:requestVote(1302)) - e39e4681-7919-4d3b-868d-83d4ef0f5b6f@group-59CA478D303A: receive requestVote(ELECTION, bb1c6357-9327-4202-8734-55e8eab5c756, group-59CA478D303A, 1, (t:0, i:0))
2023-09-19 02:05:22,302 [grpc-default-executor-0] INFO  impl.VoteContext (VoteContext.java:log(49)) - e39e4681-7919-4d3b-868d-83d4ef0f5b6f@group-59CA478D303A-CANDIDATE: accept ELECTION from bb1c6357-9327-4202-8734-55e8eab5c756: our priority 0 <= candidate's priority 1
2023-09-19 02:05:22,302 [grpc-default-executor-0] INFO  server.RaftServer$Division (RaftServerImpl.java:setRole(329)) - e39e4681-7919-4d3b-868d-83d4ef0f5b6f@group-59CA478D303A: changes role from CANDIDATE to FOLLOWER at term 1 for candidate:bb1c6357-9327-4202-8734-55e8eab5c756
2023-09-19 02:05:22,302 [grpc-default-executor-0] INFO  impl.RoleInfo (RoleInfo.java:shutdownLeaderElection(130)) - e39e4681-7919-4d3b-868d-83d4ef0f5b6f: shutdown e39e4681-7919-4d3b-868d-83d4ef0f5b6f@group-59CA478D303A-LeaderElection11
2023-09-19 02:05:22,302 [grpc-default-executor-0] INFO  impl.RoleInfo (RoleInfo.java:updateAndGet(139)) - e39e4681-7919-4d3b-868d-83d4ef0f5b6f: start e39e4681-7919-4d3b-868d-83d4ef0f5b6f@group-59CA478D303A-FollowerState
2023-09-19 02:05:22,305 [grpc-default-executor-0] INFO  server.RaftServer$Division (RaftServerImpl.java:requestVote(1335)) - e39e4681-7919-4d3b-868d-83d4ef0f5b6f@group-59CA478D303A replies to ELECTION vote request: bb1c6357-9327-4202-8734-55e8eab5c756<-e39e4681-7919-4d3b-868d-83d4ef0f5b6f#0:OK-t1. Peer's state: e39e4681-7919-4d3b-868d-83d4ef0f5b6f@group-59CA478D303A:t1, leader=null, voted=bb1c6357-9327-4202-8734-55e8eab5c756, raftlog=Memoized:e39e4681-7919-4d3b-868d-83d4ef0f5b6f@group-59CA478D303A-SegmentedRaftLog:OPENED:c-1, conf=-1: peers:[5eadcd64-1d4b-44b8-a1e5-0066e95eb1a1|rpc:10.1.0.29:15076|admin:10.1.0.29:15075|client:10.1.0.29:15074|dataStream:10.1.0.29:15077|priority:0|startupRole:FOLLOWER, bb1c6357-9327-4202-8734-55e8eab5c756|rpc:10.1.0.29:15085|admin:10.1.0.29:15084|client:10.1.0.29:15083|dataStream:10.1.0.29:15086|priority:1|startupRole:FOLLOWER, e39e4681-7919-4d3b-868d-83d4ef0f5b6f|rpc:10.1.0.29:15067|admin:10.1.0.29:15066|client:10.1.0.29:15065|dataStream:10.1.0.29:15068|priority:0|startupRole:FOLLOWER]|listeners:[], old=null
2023-09-19 02:05:22,313 [bb1c6357-9327-4202-8734-55e8eab5c756@group-59CA478D303A-LeaderElection10] INFO  impl.LeaderElection (LeaderElection.java:logAndReturn(90)) - bb1c6357-9327-4202-8734-55e8eab5c756@group-59CA478D303A-LeaderElection10: ELECTION PASSED received 1 response(s) and 0 exception(s):
2023-09-19 02:05:22,313 [bb1c6357-9327-4202-8734-55e8eab5c756@group-59CA478D303A-LeaderElection10] INFO  impl.LeaderElection (LeaderElection.java:logAndReturn(94)) -   Response 0: bb1c6357-9327-4202-8734-55e8eab5c756<-5eadcd64-1d4b-44b8-a1e5-0066e95eb1a1#0:OK-t1
2023-09-19 02:05:22,313 [bb1c6357-9327-4202-8734-55e8eab5c756@group-59CA478D303A-LeaderElection10] INFO  impl.LeaderElection (LeaderElection.java:askForVotes(323)) - bb1c6357-9327-4202-8734-55e8eab5c756@group-59CA478D303A-LeaderElection10 ELECTION round 0: result PASSED
2023-09-19 02:05:22,314 [bb1c6357-9327-4202-8734-55e8eab5c756@group-59CA478D303A-LeaderElection10] INFO  impl.RoleInfo (RoleInfo.java:shutdownLeaderElection(130)) - bb1c6357-9327-4202-8734-55e8eab5c756: shutdown bb1c6357-9327-4202-8734-55e8eab5c756@group-59CA478D303A-LeaderElection10
2023-09-19 02:05:22,314 [bb1c6357-9327-4202-8734-55e8eab5c756@group-59CA478D303A-LeaderElection10] INFO  server.RaftServer$Division (RaftServerImpl.java:setRole(329)) - bb1c6357-9327-4202-8734-55e8eab5c756@group-59CA478D303A: changes role from CANDIDATE to LEADER at term 1 for changeToLeader
2023-09-19 02:05:22,314 [bb1c6357-9327-4202-8734-55e8eab5c756@group-59CA478D303A-LeaderElection10] INFO  ratis.XceiverServerRatis (XceiverServerRatis.java:handleLeaderChangedNotification(902)) - Leader change notification received for group: group-59CA478D303A with new leaderId: bb1c6357-9327-4202-8734-55e8eab5c756
2023-09-19 02:05:22,314 [bb1c6357-9327-4202-8734-55e8eab5c756@group-59CA478D303A-LeaderElection10] INFO  server.RaftServer$Division (ServerState.java:setLeader(317)) - bb1c6357-9327-4202-8734-55e8eab5c756@group-59CA478D303A: change Leader from null to bb1c6357-9327-4202-8734-55e8eab5c756 at term 1 for becomeLeader, leader elected after 5164ms
2023-09-19 02:05:22,314 [bb1c6357-9327-4202-8734-55e8eab5c756@group-59CA478D303A-LeaderElection10] INFO  server.RaftServerConfigKeys (ConfUtils.java:logGet(46)) - raft.server.staging.catchup.gap = 1000 (default)
2023-09-19 02:05:22,314 [bb1c6357-9327-4202-8734-55e8eab5c756@group-59CA478D303A-LeaderElection10] INFO  server.RaftServerConfigKeys (ConfUtils.java:logGet(46)) - raft.server.write.element-limit = 1024 (custom)
2023-09-19 02:05:22,314 [bb1c6357-9327-4202-8734-55e8eab5c756@group-59CA478D303A-LeaderElection10] INFO  server.RaftServerConfigKeys (ConfUtils.java:logGet(46)) - raft.server.write.byte-limit = 1024 M (=1073741824) (custom)
2023-09-19 02:05:22,314 [bb1c6357-9327-4202-8734-55e8eab5c756@group-59CA478D303A-LeaderElection10] INFO  server.RaftServerConfigKeys (ConfUtils.java:logGet(46)) - raft.server.watch.timeout = 180s (custom)
2023-09-19 02:05:22,314 [bb1c6357-9327-4202-8734-55e8eab5c756@group-59CA478D303A-LeaderElection10] INFO  server.RaftServerConfigKeys (ConfUtils.java:logGet(46)) - raft.server.watch.timeout.denomination = 1s (default)
2023-09-19 02:05:22,315 [bb1c6357-9327-4202-8734-55e8eab5c756@group-59CA478D303A-LeaderElection10] INFO  server.RaftServerConfigKeys (ConfUtils.java:logGet(46)) - raft.server.watch.element-limit = 65536 (default)
2023-09-19 02:05:22,315 [bb1c6357-9327-4202-8734-55e8eab5c756@group-59CA478D303A-LeaderElection10] INFO  server.RaftServerConfigKeys (ConfUtils.java:logGet(46)) - raft.server.write.element-limit = 1024 (custom)
2023-09-19 02:05:22,315 [bb1c6357-9327-4202-8734-55e8eab5c756@group-59CA478D303A-LeaderElection10] INFO  server.RaftServerConfigKeys (ConfUtils.java:logGet(46)) - raft.server.write.follower.gap.ratio.max = -1.0 (default)
2023-09-19 02:05:22,315 [bb1c6357-9327-4202-8734-55e8eab5c756@group-59CA478D303A-LeaderElection10] INFO  server.RaftServerConfigKeys (ConfUtils.java:logGet(46)) - raft.server.log.appender.snapshot.chunk.size.max = 16MB (=16777216) (default)
2023-09-19 02:05:22,315 [bb1c6357-9327-4202-8734-55e8eab5c756@group-59CA478D303A-LeaderElection10] INFO  server.RaftServerConfigKeys (ConfUtils.java:logGet(46)) - raft.server.log.appender.buffer.byte-limit = 33554432 (custom)
2023-09-19 02:05:22,315 [bb1c6357-9327-4202-8734-55e8eab5c756@group-59CA478D303A-LeaderElection10] INFO  server.RaftServerConfigKeys (ConfUtils.java:logGet(46)) - raft.server.log.appender.buffer.element-limit = 1 (custom)
2023-09-19 02:05:22,317 [EventQueue-PipelineReportForPipelineReportHandler] INFO  pipeline.PipelineReportHandler (PipelineReportHandler.java:processPipelineReport(136)) - Opened pipeline PipelineID=090ca039-d742-4dd5-a11d-59ca478d303a
2023-09-19 02:05:22,317 [EventQueue-OpenPipelineForHealthyPipelineSafeModeRule] INFO  safemode.SCMSafeModeManager (HealthyPipelineSafeModeRule.java:process(137)) - SCM in safe mode. Healthy pipelines reported count is 1, required healthy pipeline reported count is 1
2023-09-19 02:05:22,317 [EventQueue-OpenPipelineForHealthyPipelineSafeModeRule] INFO  safemode.SCMSafeModeManager (SCMSafeModeManager.java:validateSafeModeExitRules(200)) - HealthyPipelineSafeModeRule rule is successfully validated
2023-09-19 02:05:22,317 [EventQueue-OpenPipelineForHealthyPipelineSafeModeRule] INFO  safemode.SCMSafeModeManager (SCMSafeModeManager.java:validateSafeModeExitRules(215)) - ScmSafeModeManager, all rules are successfully validated
2023-09-19 02:05:22,317 [EventQueue-OpenPipelineForHealthyPipelineSafeModeRule] INFO  safemode.SCMSafeModeManager (SCMSafeModeManager.java:exitSafeMode(244)) - SCM exiting safe mode.
2023-09-19 02:05:22,317 [grpc-default-executor-2] INFO  server.RaftServer$Division (RaftServerImpl.java:requestVote(1302)) - bb1c6357-9327-4202-8734-55e8eab5c756@group-59CA478D303A: receive requestVote(PRE_VOTE, 5eadcd64-1d4b-44b8-a1e5-0066e95eb1a1, group-59CA478D303A, 0, (t:0, i:0))
2023-09-19 02:05:22,317 [EventQueue-OpenPipelineForHealthyPipelineSafeModeRule] INFO  ha.SCMContext (SCMContext.java:updateSafeModeStatus(228)) - Update SafeModeStatus from SafeModeStatus{safeModeStatus=true, preCheckPassed=true} to SafeModeStatus{safeModeStatus=false, preCheckPassed=true}.
2023-09-19 02:05:22,318 [EventQueue-OpenPipelineForHealthyPipelineSafeModeRule] INFO  pipeline.BackgroundPipelineCreator (BackgroundPipelineCreator.java:notifyStatusChanged(255)) - Service BackgroundPipelineCreator transitions to RUNNING.
2023-09-19 02:05:22,318 [EventQueue-OpenPipelineForHealthyPipelineSafeModeRule] INFO  BackgroundPipelineScrubber (BackgroundSCMService.java:notifyStatusChanged(82)) - Service BackgroundPipelineScrubber transitions to RUNNING.
2023-09-19 02:05:22,318 [EventQueue-OpenPipelineForHealthyPipelineSafeModeRule] INFO  ExpiredContainerReplicaOpScrubber (BackgroundSCMService.java:notifyStatusChanged(82)) - Service ExpiredContainerReplicaOpScrubber transitions to RUNNING.
2023-09-19 02:05:22,318 [EventQueue-OpenPipelineForHealthyPipelineSafeModeRule] INFO  replication.ReplicationManager (ReplicationManager.java:notifyStatusChanged(1370)) - Service ReplicationManager transitions to RUNNING.
2023-09-19 02:05:22,318 [EventQueue-OpenPipelineForHealthyPipelineSafeModeRule] WARN  balancer.ContainerBalancer (ContainerBalancer.java:shouldRun(134)) - Could not find persisted configuration for ContainerBalancer when checking if ContainerBalancer should run. ContainerBalancer should not run now.
2023-09-19 02:05:22,318 [grpc-default-executor-1] INFO  server.RaftServer$Division (RaftServerImpl.java:requestVote(1302)) - e39e4681-7919-4d3b-868d-83d4ef0f5b6f@group-59CA478D303A: receive requestVote(PRE_VOTE, 5eadcd64-1d4b-44b8-a1e5-0066e95eb1a1, group-59CA478D303A, 0, (t:0, i:0))
2023-09-19 02:05:22,318 [grpc-default-executor-1] INFO  impl.VoteContext (VoteContext.java:log(49)) - e39e4681-7919-4d3b-868d-83d4ef0f5b6f@group-59CA478D303A-FOLLOWER: accept PRE_VOTE from 5eadcd64-1d4b-44b8-a1e5-0066e95eb1a1: our priority 0 <= candidate's priority 0
2023-09-19 02:05:22,318 [grpc-default-executor-1] INFO  server.RaftServer$Division (RaftServerImpl.java:requestVote(1335)) - e39e4681-7919-4d3b-868d-83d4ef0f5b6f@group-59CA478D303A replies to PRE_VOTE vote request: 5eadcd64-1d4b-44b8-a1e5-0066e95eb1a1<-e39e4681-7919-4d3b-868d-83d4ef0f5b6f#0:OK-t1. Peer's state: e39e4681-7919-4d3b-868d-83d4ef0f5b6f@group-59CA478D303A:t1, leader=null, voted=bb1c6357-9327-4202-8734-55e8eab5c756, raftlog=Memoized:e39e4681-7919-4d3b-868d-83d4ef0f5b6f@group-59CA478D303A-SegmentedRaftLog:OPENED:c-1, conf=-1: peers:[5eadcd64-1d4b-44b8-a1e5-0066e95eb1a1|rpc:10.1.0.29:15076|admin:10.1.0.29:15075|client:10.1.0.29:15074|dataStream:10.1.0.29:15077|priority:0|startupRole:FOLLOWER, bb1c6357-9327-4202-8734-55e8eab5c756|rpc:10.1.0.29:15085|admin:10.1.0.29:15084|client:10.1.0.29:15083|dataStream:10.1.0.29:15086|priority:1|startupRole:FOLLOWER, e39e4681-7919-4d3b-868d-83d4ef0f5b6f|rpc:10.1.0.29:15067|admin:10.1.0.29:15066|client:10.1.0.29:15065|dataStream:10.1.0.29:15068|priority:0|startupRole:FOLLOWER]|listeners:[], old=null
2023-09-19 02:05:22,322 [bb1c6357-9327-4202-8734-55e8eab5c756@group-59CA478D303A-LeaderElection10] INFO  server.RaftServerConfigKeys (ConfUtils.java:logGet(46)) - raft.server.log.appender.wait-time.min = 10ms (default)
2023-09-19 02:05:22,322 [bb1c6357-9327-4202-8734-55e8eab5c756@group-59CA478D303A-LeaderElection10] INFO  grpc.GrpcConfigKeys (ConfUtils.java:logGet(46)) - raft.grpc.server.leader.outstanding.appends.max = 128 (default)
2023-09-19 02:05:22,322 [bb1c6357-9327-4202-8734-55e8eab5c756@group-59CA478D303A-LeaderElection10] INFO  server.RaftServerConfigKeys (ConfUtils.java:logGet(46)) - raft.server.rpc.request.timeout = 60s (custom)
2023-09-19 02:05:22,322 [bb1c6357-9327-4202-8734-55e8eab5c756@group-59CA478D303A-LeaderElection10] INFO  grpc.GrpcConfigKeys (ConfUtils.java:logGet(46)) - raft.grpc.server.install_snapshot.request.element-limit = 8 (default)
2023-09-19 02:05:22,322 [bb1c6357-9327-4202-8734-55e8eab5c756@group-59CA478D303A-LeaderElection10] INFO  grpc.GrpcConfigKeys (ConfUtils.java:logGet(46)) - raft.grpc.server.install_snapshot.request.timeout = 3000ms (default)
2023-09-19 02:05:22,322 [grpc-default-executor-0] INFO  server.RaftServer$Division (RaftServerImpl.java:requestVote(1302)) - 5eadcd64-1d4b-44b8-a1e5-0066e95eb1a1@group-59CA478D303A: receive requestVote(PRE_VOTE, e39e4681-7919-4d3b-868d-83d4ef0f5b6f, group-59CA478D303A, 0, (t:0, i:0))
2023-09-19 02:05:22,322 [bb1c6357-9327-4202-8734-55e8eab5c756@group-59CA478D303A-LeaderElection10] INFO  server.RaftServerConfigKeys (ConfUtils.java:logGet(46)) - raft.server.log.appender.install.snapshot.enabled = false (custom)
2023-09-19 02:05:22,322 [bb1c6357-9327-4202-8734-55e8eab5c756@group-59CA478D303A-LeaderElection10] INFO  grpc.GrpcConfigKeys (ConfUtils.java:logGet(46)) - raft.grpc.server.heartbeat.channel = true (default)
2023-09-19 02:05:22,322 [grpc-default-executor-0] INFO  impl.VoteContext (VoteContext.java:log(49)) - 5eadcd64-1d4b-44b8-a1e5-0066e95eb1a1@group-59CA478D303A-FOLLOWER: accept PRE_VOTE from e39e4681-7919-4d3b-868d-83d4ef0f5b6f: our priority 0 <= candidate's priority 0
2023-09-19 02:05:22,323 [grpc-default-executor-0] INFO  server.RaftServer$Division (RaftServerImpl.java:requestVote(1335)) - 5eadcd64-1d4b-44b8-a1e5-0066e95eb1a1@group-59CA478D303A replies to PRE_VOTE vote request: e39e4681-7919-4d3b-868d-83d4ef0f5b6f<-5eadcd64-1d4b-44b8-a1e5-0066e95eb1a1#0:OK-t1. Peer's state: 5eadcd64-1d4b-44b8-a1e5-0066e95eb1a1@group-59CA478D303A:t1, leader=null, voted=bb1c6357-9327-4202-8734-55e8eab5c756, raftlog=Memoized:5eadcd64-1d4b-44b8-a1e5-0066e95eb1a1@group-59CA478D303A-SegmentedRaftLog:OPENED:c-1, conf=-1: peers:[5eadcd64-1d4b-44b8-a1e5-0066e95eb1a1|rpc:10.1.0.29:15076|admin:10.1.0.29:15075|client:10.1.0.29:15074|dataStream:10.1.0.29:15077|priority:0|startupRole:FOLLOWER, bb1c6357-9327-4202-8734-55e8eab5c756|rpc:10.1.0.29:15085|admin:10.1.0.29:15084|client:10.1.0.29:15083|dataStream:10.1.0.29:15086|priority:1|startupRole:FOLLOWER, e39e4681-7919-4d3b-868d-83d4ef0f5b6f|rpc:10.1.0.29:15067|admin:10.1.0.29:15066|client:10.1.0.29:15065|dataStream:10.1.0.29:15068|priority:0|startupRole:FOLLOWER]|listeners:[], old=null
2023-09-19 02:05:22,323 [bb1c6357-9327-4202-8734-55e8eab5c756@group-59CA478D303A-LeaderElection10] INFO  server.RaftServerConfigKeys (ConfUtils.java:logGet(46)) - raft.server.log.appender.snapshot.chunk.size.max = 16MB (=16777216) (default)
2023-09-19 02:05:22,323 [grpc-default-executor-3] INFO  server.RaftServer$Division (RaftServerImpl.java:requestVote(1302)) - bb1c6357-9327-4202-8734-55e8eab5c756@group-59CA478D303A: receive requestVote(PRE_VOTE, e39e4681-7919-4d3b-868d-83d4ef0f5b6f, group-59CA478D303A, 0, (t:0, i:0))
2023-09-19 02:05:22,323 [bb1c6357-9327-4202-8734-55e8eab5c756@group-59CA478D303A-LeaderElection10] INFO  server.RaftServerConfigKeys (ConfUtils.java:logGet(46)) - raft.server.log.appender.buffer.byte-limit = 33554432 (custom)
2023-09-19 02:05:22,327 [bb1c6357-9327-4202-8734-55e8eab5c756@group-59CA478D303A-LeaderElection10] INFO  server.RaftServerConfigKeys (ConfUtils.java:logGet(46)) - raft.server.log.appender.buffer.element-limit = 1 (custom)
2023-09-19 02:05:22,327 [bb1c6357-9327-4202-8734-55e8eab5c756@group-59CA478D303A-LeaderElection10] INFO  server.RaftServerConfigKeys (ConfUtils.java:logGet(46)) - raft.server.log.appender.wait-time.min = 10ms (default)
2023-09-19 02:05:22,327 [bb1c6357-9327-4202-8734-55e8eab5c756@group-59CA478D303A-LeaderElection10] INFO  grpc.GrpcConfigKeys (ConfUtils.java:logGet(46)) - raft.grpc.server.leader.outstanding.appends.max = 128 (default)
2023-09-19 02:05:22,327 [bb1c6357-9327-4202-8734-55e8eab5c756@group-59CA478D303A-LeaderElection10] INFO  server.RaftServerConfigKeys (ConfUtils.java:logGet(46)) - raft.server.rpc.request.timeout = 60s (custom)
2023-09-19 02:05:22,327 [bb1c6357-9327-4202-8734-55e8eab5c756@group-59CA478D303A-LeaderElection10] INFO  grpc.GrpcConfigKeys (ConfUtils.java:logGet(46)) - raft.grpc.server.install_snapshot.request.element-limit = 8 (default)
2023-09-19 02:05:22,327 [bb1c6357-9327-4202-8734-55e8eab5c756@group-59CA478D303A-LeaderElection10] INFO  grpc.GrpcConfigKeys (ConfUtils.java:logGet(46)) - raft.grpc.server.install_snapshot.request.timeout = 3000ms (default)
2023-09-19 02:05:22,327 [bb1c6357-9327-4202-8734-55e8eab5c756@group-59CA478D303A-LeaderElection10] INFO  server.RaftServerConfigKeys (ConfUtils.java:logGet(46)) - raft.server.log.appender.install.snapshot.enabled = false (custom)
2023-09-19 02:05:22,327 [bb1c6357-9327-4202-8734-55e8eab5c756@group-59CA478D303A-LeaderElection10] INFO  grpc.GrpcConfigKeys (ConfUtils.java:logGet(46)) - raft.grpc.server.heartbeat.channel = true (default)
2023-09-19 02:05:22,327 [bb1c6357-9327-4202-8734-55e8eab5c756@group-59CA478D303A-LeaderElection10] INFO  impl.RoleInfo (RoleInfo.java:updateAndGet(139)) - bb1c6357-9327-4202-8734-55e8eab5c756: start bb1c6357-9327-4202-8734-55e8eab5c756@group-59CA478D303A-LeaderStateImpl
2023-09-19 02:05:22,327 [bb1c6357-9327-4202-8734-55e8eab5c756@group-59CA478D303A-LeaderElection10] INFO  segmented.SegmentedRaftLogWorker (SegmentedRaftLogWorker.java:startLogSegment(447)) - bb1c6357-9327-4202-8734-55e8eab5c756@group-59CA478D303A-SegmentedRaftLogWorker: Starting segment from index:0
2023-09-19 02:05:22,326 [e39e4681-7919-4d3b-868d-83d4ef0f5b6f@group-59CA478D303A-LeaderElection11] INFO  impl.LeaderElection (LeaderElection.java:logAndReturn(90)) - e39e4681-7919-4d3b-868d-83d4ef0f5b6f@group-59CA478D303A-LeaderElection11: PRE_VOTE DISCOVERED_A_NEW_TERM (term=1) received 1 response(s) and 0 exception(s):
2023-09-19 02:05:22,328 [e39e4681-7919-4d3b-868d-83d4ef0f5b6f@group-59CA478D303A-LeaderElection11] INFO  impl.LeaderElection (LeaderElection.java:logAndReturn(94)) -   Response 0: e39e4681-7919-4d3b-868d-83d4ef0f5b6f<-5eadcd64-1d4b-44b8-a1e5-0066e95eb1a1#0:OK-t1
2023-09-19 02:05:22,328 [5eadcd64-1d4b-44b8-a1e5-0066e95eb1a1@group-116411D7D5F3-FollowerState] INFO  impl.FollowerState (FollowerState.java:run(143)) - 5eadcd64-1d4b-44b8-a1e5-0066e95eb1a1@group-116411D7D5F3-FollowerState: change to CANDIDATE, lastRpcElapsedTime:5080239734ns, electionTimeout:5077ms
2023-09-19 02:05:22,328 [5eadcd64-1d4b-44b8-a1e5-0066e95eb1a1@group-59CA478D303A-LeaderElection12] INFO  impl.LeaderElection (LeaderElection.java:logAndReturn(90)) - 5eadcd64-1d4b-44b8-a1e5-0066e95eb1a1@group-59CA478D303A-LeaderElection12: PRE_VOTE DISCOVERED_A_NEW_TERM (term=1) received 1 response(s) and 0 exception(s):
2023-09-19 02:05:22,328 [5eadcd64-1d4b-44b8-a1e5-0066e95eb1a1@group-59CA478D303A-LeaderElection12] INFO  impl.LeaderElection (LeaderElection.java:logAndReturn(94)) -   Response 0: 5eadcd64-1d4b-44b8-a1e5-0066e95eb1a1<-e39e4681-7919-4d3b-868d-83d4ef0f5b6f#0:OK-t1
2023-09-19 02:05:22,328 [5eadcd64-1d4b-44b8-a1e5-0066e95eb1a1@group-59CA478D303A-LeaderElection12] INFO  impl.LeaderElection (LeaderElection.java:askForVotes(323)) - 5eadcd64-1d4b-44b8-a1e5-0066e95eb1a1@group-59CA478D303A-LeaderElection12 PRE_VOTE round 0: result DISCOVERED_A_NEW_TERM (term=1)
2023-09-19 02:05:22,328 [5eadcd64-1d4b-44b8-a1e5-0066e95eb1a1@group-116411D7D5F3-FollowerState] INFO  impl.RoleInfo (RoleInfo.java:shutdownFollowerState(110)) - 5eadcd64-1d4b-44b8-a1e5-0066e95eb1a1: shutdown 5eadcd64-1d4b-44b8-a1e5-0066e95eb1a1@group-116411D7D5F3-FollowerState
2023-09-19 02:05:22,328 [5eadcd64-1d4b-44b8-a1e5-0066e95eb1a1@group-116411D7D5F3-FollowerState] INFO  server.RaftServer$Division (RaftServerImpl.java:setRole(329)) - 5eadcd64-1d4b-44b8-a1e5-0066e95eb1a1@group-116411D7D5F3: changes role from  FOLLOWER to CANDIDATE at term 0 for changeToCandidate
2023-09-19 02:05:22,329 [5eadcd64-1d4b-44b8-a1e5-0066e95eb1a1@group-116411D7D5F3-FollowerState] INFO  server.RaftServerConfigKeys (ConfUtils.java:logGet(46)) - raft.server.leaderelection.pre-vote = true (default)
2023-09-19 02:05:22,329 [5eadcd64-1d4b-44b8-a1e5-0066e95eb1a1@group-116411D7D5F3-FollowerState] INFO  impl.RoleInfo (RoleInfo.java:updateAndGet(139)) - 5eadcd64-1d4b-44b8-a1e5-0066e95eb1a1: start 5eadcd64-1d4b-44b8-a1e5-0066e95eb1a1@group-116411D7D5F3-LeaderElection13
2023-09-19 02:05:22,329 [e39e4681-7919-4d3b-868d-83d4ef0f5b6f@group-59CA478D303A-LeaderElection11] INFO  impl.LeaderElection (LeaderElection.java:askForVotes(323)) - e39e4681-7919-4d3b-868d-83d4ef0f5b6f@group-59CA478D303A-LeaderElection11 PRE_VOTE round 0: result DISCOVERED_A_NEW_TERM (term=1)
2023-09-19 02:05:22,330 [5eadcd64-1d4b-44b8-a1e5-0066e95eb1a1@group-116411D7D5F3-LeaderElection13] INFO  impl.LeaderElection (LeaderElection.java:askForVotes(321)) - 5eadcd64-1d4b-44b8-a1e5-0066e95eb1a1@group-116411D7D5F3-LeaderElection13 PRE_VOTE round 0: submit vote requests at term 0 for -1: peers:[5eadcd64-1d4b-44b8-a1e5-0066e95eb1a1|rpc:10.1.0.29:15076|admin:10.1.0.29:15075|client:10.1.0.29:15074|dataStream:10.1.0.29:15077|priority:0|startupRole:FOLLOWER, bb1c6357-9327-4202-8734-55e8eab5c756|rpc:10.1.0.29:15085|admin:10.1.0.29:15084|client:10.1.0.29:15083|dataStream:10.1.0.29:15086|priority:0|startupRole:FOLLOWER, e39e4681-7919-4d3b-868d-83d4ef0f5b6f|rpc:10.1.0.29:15067|admin:10.1.0.29:15066|client:10.1.0.29:15065|dataStream:10.1.0.29:15068|priority:1|startupRole:FOLLOWER]|listeners:[], old=null
2023-09-19 02:05:22,334 [e39e4681-7919-4d3b-868d-83d4ef0f5b6f@group-116411D7D5F3-FollowerState] INFO  impl.FollowerState (FollowerState.java:run(143)) - e39e4681-7919-4d3b-868d-83d4ef0f5b6f@group-116411D7D5F3-FollowerState: change to CANDIDATE, lastRpcElapsedTime:5118579938ns, electionTimeout:5111ms
2023-09-19 02:05:22,334 [e39e4681-7919-4d3b-868d-83d4ef0f5b6f@group-116411D7D5F3-FollowerState] INFO  impl.RoleInfo (RoleInfo.java:shutdownFollowerState(110)) - e39e4681-7919-4d3b-868d-83d4ef0f5b6f: shutdown e39e4681-7919-4d3b-868d-83d4ef0f5b6f@group-116411D7D5F3-FollowerState
2023-09-19 02:05:22,334 [e39e4681-7919-4d3b-868d-83d4ef0f5b6f@group-116411D7D5F3-FollowerState] INFO  server.RaftServer$Division (RaftServerImpl.java:setRole(329)) - e39e4681-7919-4d3b-868d-83d4ef0f5b6f@group-116411D7D5F3: changes role from  FOLLOWER to CANDIDATE at term 0 for changeToCandidate
2023-09-19 02:05:22,335 [5eadcd64-1d4b-44b8-a1e5-0066e95eb1a1@group-116411D7D5F3-LeaderElection13] INFO  server.RaftServerConfigKeys (ConfUtils.java:logFallback(53)) - raft.server.rpc.first-election.timeout.min = 5s (fallback to raft.server.rpc.timeout.min)
2023-09-19 02:05:22,335 [5eadcd64-1d4b-44b8-a1e5-0066e95eb1a1@group-116411D7D5F3-LeaderElection13] INFO  server.RaftServerConfigKeys (ConfUtils.java:logFallback(53)) - raft.server.rpc.first-election.timeout.max = 5200ms (fallback to raft.server.rpc.timeout.max)
2023-09-19 02:05:22,336 [bb1c6357-9327-4202-8734-55e8eab5c756@group-59CA478D303A-SegmentedRaftLogWorker] INFO  segmented.SegmentedRaftLogWorker (SegmentedRaftLogWorker.java:execute(651)) - bb1c6357-9327-4202-8734-55e8eab5c756@group-59CA478D303A-SegmentedRaftLogWorker: created new log segment /home/runner/work/ozone/ozone/hadoop-ozone/integration-test/target/test-dir/MiniOzoneClusterImpl-5e324384-037a-4cb1-b856-3c07748222cd/datanode-2/data/ratis/090ca039-d742-4dd5-a11d-59ca478d303a/current/log_inprogress_0
2023-09-19 02:05:22,338 [bb1c6357-9327-4202-8734-55e8eab5c756@group-59CA478D303A-LeaderElection10] INFO  server.RaftServer$Division (ServerState.java:setRaftConf(434)) - bb1c6357-9327-4202-8734-55e8eab5c756@group-59CA478D303A: set configuration 0: peers:[5eadcd64-1d4b-44b8-a1e5-0066e95eb1a1|rpc:10.1.0.29:15076|admin:10.1.0.29:15075|client:10.1.0.29:15074|dataStream:10.1.0.29:15077|priority:0|startupRole:FOLLOWER, bb1c6357-9327-4202-8734-55e8eab5c756|rpc:10.1.0.29:15085|admin:10.1.0.29:15084|client:10.1.0.29:15083|dataStream:10.1.0.29:15086|priority:1|startupRole:FOLLOWER, e39e4681-7919-4d3b-868d-83d4ef0f5b6f|rpc:10.1.0.29:15067|admin:10.1.0.29:15066|client:10.1.0.29:15065|dataStream:10.1.0.29:15068|priority:0|startupRole:FOLLOWER]|listeners:[], old=null
2023-09-19 02:05:22,338 [grpc-default-executor-3] INFO  impl.VoteContext (VoteContext.java:log(49)) - bb1c6357-9327-4202-8734-55e8eab5c756@group-59CA478D303A-LEADER: reject PRE_VOTE from e39e4681-7919-4d3b-868d-83d4ef0f5b6f: this server is the leader and still has leadership
2023-09-19 02:05:22,338 [grpc-default-executor-3] INFO  server.RaftServer$Division (RaftServerImpl.java:requestVote(1335)) - bb1c6357-9327-4202-8734-55e8eab5c756@group-59CA478D303A replies to PRE_VOTE vote request: e39e4681-7919-4d3b-868d-83d4ef0f5b6f<-bb1c6357-9327-4202-8734-55e8eab5c756#0:FAIL-t1. Peer's state: bb1c6357-9327-4202-8734-55e8eab5c756@group-59CA478D303A:t1, leader=bb1c6357-9327-4202-8734-55e8eab5c756, voted=bb1c6357-9327-4202-8734-55e8eab5c756, raftlog=Memoized:bb1c6357-9327-4202-8734-55e8eab5c756@group-59CA478D303A-SegmentedRaftLog:OPENED:c-1, conf=0: peers:[5eadcd64-1d4b-44b8-a1e5-0066e95eb1a1|rpc:10.1.0.29:15076|admin:10.1.0.29:15075|client:10.1.0.29:15074|dataStream:10.1.0.29:15077|priority:0|startupRole:FOLLOWER, bb1c6357-9327-4202-8734-55e8eab5c756|rpc:10.1.0.29:15085|admin:10.1.0.29:15084|client:10.1.0.29:15083|dataStream:10.1.0.29:15086|priority:1|startupRole:FOLLOWER, e39e4681-7919-4d3b-868d-83d4ef0f5b6f|rpc:10.1.0.29:15067|admin:10.1.0.29:15066|client:10.1.0.29:15065|dataStream:10.1.0.29:15068|priority:0|startupRole:FOLLOWER]|listeners:[], old=null
2023-09-19 02:05:22,339 [grpc-default-executor-2] INFO  impl.VoteContext (VoteContext.java:log(49)) - bb1c6357-9327-4202-8734-55e8eab5c756@group-59CA478D303A-LEADER: reject PRE_VOTE from 5eadcd64-1d4b-44b8-a1e5-0066e95eb1a1: this server is the leader and still has leadership
2023-09-19 02:05:22,339 [grpc-default-executor-2] INFO  server.RaftServer$Division (RaftServerImpl.java:requestVote(1335)) - bb1c6357-9327-4202-8734-55e8eab5c756@group-59CA478D303A replies to PRE_VOTE vote request: 5eadcd64-1d4b-44b8-a1e5-0066e95eb1a1<-bb1c6357-9327-4202-8734-55e8eab5c756#0:FAIL-t1. Peer's state: bb1c6357-9327-4202-8734-55e8eab5c756@group-59CA478D303A:t1, leader=bb1c6357-9327-4202-8734-55e8eab5c756, voted=bb1c6357-9327-4202-8734-55e8eab5c756, raftlog=Memoized:bb1c6357-9327-4202-8734-55e8eab5c756@group-59CA478D303A-SegmentedRaftLog:OPENED:c-1, conf=0: peers:[5eadcd64-1d4b-44b8-a1e5-0066e95eb1a1|rpc:10.1.0.29:15076|admin:10.1.0.29:15075|client:10.1.0.29:15074|dataStream:10.1.0.29:15077|priority:0|startupRole:FOLLOWER, bb1c6357-9327-4202-8734-55e8eab5c756|rpc:10.1.0.29:15085|admin:10.1.0.29:15084|client:10.1.0.29:15083|dataStream:10.1.0.29:15086|priority:1|startupRole:FOLLOWER, e39e4681-7919-4d3b-868d-83d4ef0f5b6f|rpc:10.1.0.29:15067|admin:10.1.0.29:15066|client:10.1.0.29:15065|dataStream:10.1.0.29:15068|priority:0|startupRole:FOLLOWER]|listeners:[], old=null
2023-09-19 02:05:22,340 [e39e4681-7919-4d3b-868d-83d4ef0f5b6f@group-116411D7D5F3-FollowerState] INFO  server.RaftServerConfigKeys (ConfUtils.java:logGet(46)) - raft.server.leaderelection.pre-vote = true (default)
2023-09-19 02:05:22,340 [e39e4681-7919-4d3b-868d-83d4ef0f5b6f@group-116411D7D5F3-FollowerState] INFO  impl.RoleInfo (RoleInfo.java:updateAndGet(139)) - e39e4681-7919-4d3b-868d-83d4ef0f5b6f: start e39e4681-7919-4d3b-868d-83d4ef0f5b6f@group-116411D7D5F3-LeaderElection14
2023-09-19 02:05:22,343 [e39e4681-7919-4d3b-868d-83d4ef0f5b6f@group-116411D7D5F3-LeaderElection14] INFO  impl.LeaderElection (LeaderElection.java:askForVotes(321)) - e39e4681-7919-4d3b-868d-83d4ef0f5b6f@group-116411D7D5F3-LeaderElection14 PRE_VOTE round 0: submit vote requests at term 0 for -1: peers:[5eadcd64-1d4b-44b8-a1e5-0066e95eb1a1|rpc:10.1.0.29:15076|admin:10.1.0.29:15075|client:10.1.0.29:15074|dataStream:10.1.0.29:15077|priority:0|startupRole:FOLLOWER, bb1c6357-9327-4202-8734-55e8eab5c756|rpc:10.1.0.29:15085|admin:10.1.0.29:15084|client:10.1.0.29:15083|dataStream:10.1.0.29:15086|priority:0|startupRole:FOLLOWER, e39e4681-7919-4d3b-868d-83d4ef0f5b6f|rpc:10.1.0.29:15067|admin:10.1.0.29:15066|client:10.1.0.29:15065|dataStream:10.1.0.29:15068|priority:1|startupRole:FOLLOWER]|listeners:[], old=null
2023-09-19 02:05:22,344 [grpc-default-executor-3] INFO  server.RaftServer$Division (RaftServerImpl.java:requestVote(1302)) - bb1c6357-9327-4202-8734-55e8eab5c756@group-116411D7D5F3: receive requestVote(PRE_VOTE, 5eadcd64-1d4b-44b8-a1e5-0066e95eb1a1, group-116411D7D5F3, 0, (t:0, i:0))
2023-09-19 02:05:22,344 [grpc-default-executor-3] INFO  impl.VoteContext (VoteContext.java:log(49)) - bb1c6357-9327-4202-8734-55e8eab5c756@group-116411D7D5F3-FOLLOWER: accept PRE_VOTE from 5eadcd64-1d4b-44b8-a1e5-0066e95eb1a1: our priority 0 <= candidate's priority 0
2023-09-19 02:05:22,344 [grpc-default-executor-3] INFO  server.RaftServer$Division (RaftServerImpl.java:requestVote(1335)) - bb1c6357-9327-4202-8734-55e8eab5c756@group-116411D7D5F3 replies to PRE_VOTE vote request: 5eadcd64-1d4b-44b8-a1e5-0066e95eb1a1<-bb1c6357-9327-4202-8734-55e8eab5c756#0:OK-t0. Peer's state: bb1c6357-9327-4202-8734-55e8eab5c756@group-116411D7D5F3:t0, leader=null, voted=, raftlog=Memoized:bb1c6357-9327-4202-8734-55e8eab5c756@group-116411D7D5F3-SegmentedRaftLog:OPENED:c-1, conf=-1: peers:[5eadcd64-1d4b-44b8-a1e5-0066e95eb1a1|rpc:10.1.0.29:15076|admin:10.1.0.29:15075|client:10.1.0.29:15074|dataStream:10.1.0.29:15077|priority:0|startupRole:FOLLOWER, bb1c6357-9327-4202-8734-55e8eab5c756|rpc:10.1.0.29:15085|admin:10.1.0.29:15084|client:10.1.0.29:15083|dataStream:10.1.0.29:15086|priority:0|startupRole:FOLLOWER, e39e4681-7919-4d3b-868d-83d4ef0f5b6f|rpc:10.1.0.29:15067|admin:10.1.0.29:15066|client:10.1.0.29:15065|dataStream:10.1.0.29:15068|priority:1|startupRole:FOLLOWER]|listeners:[], old=null
2023-09-19 02:05:22,347 [e39e4681-7919-4d3b-868d-83d4ef0f5b6f@group-116411D7D5F3-LeaderElection14] INFO  server.RaftServerConfigKeys (ConfUtils.java:logFallback(53)) - raft.server.rpc.first-election.timeout.min = 5s (fallback to raft.server.rpc.timeout.min)
2023-09-19 02:05:22,347 [e39e4681-7919-4d3b-868d-83d4ef0f5b6f@group-116411D7D5F3-LeaderElection14] INFO  server.RaftServerConfigKeys (ConfUtils.java:logFallback(53)) - raft.server.rpc.first-election.timeout.max = 5200ms (fallback to raft.server.rpc.timeout.max)
2023-09-19 02:05:22,352 [grpc-default-executor-4] INFO  server.RaftServer$Division (RaftServerImpl.java:requestVote(1302)) - e39e4681-7919-4d3b-868d-83d4ef0f5b6f@group-116411D7D5F3: receive requestVote(PRE_VOTE, 5eadcd64-1d4b-44b8-a1e5-0066e95eb1a1, group-116411D7D5F3, 0, (t:0, i:0))
2023-09-19 02:05:22,352 [grpc-default-executor-4] INFO  impl.VoteContext (VoteContext.java:log(49)) - e39e4681-7919-4d3b-868d-83d4ef0f5b6f@group-116411D7D5F3-CANDIDATE: reject PRE_VOTE from 5eadcd64-1d4b-44b8-a1e5-0066e95eb1a1: our priority 1 > candidate's priority 0
2023-09-19 02:05:22,352 [grpc-default-executor-4] INFO  server.RaftServer$Division (RaftServerImpl.java:requestVote(1335)) - e39e4681-7919-4d3b-868d-83d4ef0f5b6f@group-116411D7D5F3 replies to PRE_VOTE vote request: 5eadcd64-1d4b-44b8-a1e5-0066e95eb1a1<-e39e4681-7919-4d3b-868d-83d4ef0f5b6f#0:FAIL-t0. Peer's state: e39e4681-7919-4d3b-868d-83d4ef0f5b6f@group-116411D7D5F3:t0, leader=null, voted=, raftlog=Memoized:e39e4681-7919-4d3b-868d-83d4ef0f5b6f@group-116411D7D5F3-SegmentedRaftLog:OPENED:c-1, conf=-1: peers:[5eadcd64-1d4b-44b8-a1e5-0066e95eb1a1|rpc:10.1.0.29:15076|admin:10.1.0.29:15075|client:10.1.0.29:15074|dataStream:10.1.0.29:15077|priority:0|startupRole:FOLLOWER, bb1c6357-9327-4202-8734-55e8eab5c756|rpc:10.1.0.29:15085|admin:10.1.0.29:15084|client:10.1.0.29:15083|dataStream:10.1.0.29:15086|priority:0|startupRole:FOLLOWER, e39e4681-7919-4d3b-868d-83d4ef0f5b6f|rpc:10.1.0.29:15067|admin:10.1.0.29:15066|client:10.1.0.29:15065|dataStream:10.1.0.29:15068|priority:1|startupRole:FOLLOWER]|listeners:[], old=null
2023-09-19 02:05:22,357 [bb1c6357-9327-4202-8734-55e8eab5c756@group-116411D7D5F3-FollowerState] INFO  server.RaftServerConfigKeys (ConfUtils.java:logFallback(53)) - raft.server.rpc.first-election.timeout.min = 5s (fallback to raft.server.rpc.timeout.min)
2023-09-19 02:05:22,357 [bb1c6357-9327-4202-8734-55e8eab5c756@group-116411D7D5F3-FollowerState] INFO  server.RaftServerConfigKeys (ConfUtils.java:logFallback(53)) - raft.server.rpc.first-election.timeout.max = 5200ms (fallback to raft.server.rpc.timeout.max)
2023-09-19 02:05:22,360 [e39e4681-7919-4d3b-868d-83d4ef0f5b6f-server-thread1] INFO  ratis.XceiverServerRatis (XceiverServerRatis.java:handleLeaderChangedNotification(902)) - Leader change notification received for group: group-59CA478D303A with new leaderId: bb1c6357-9327-4202-8734-55e8eab5c756
2023-09-19 02:05:22,361 [e39e4681-7919-4d3b-868d-83d4ef0f5b6f-server-thread1] INFO  server.RaftServer$Division (ServerState.java:setLeader(317)) - e39e4681-7919-4d3b-868d-83d4ef0f5b6f@group-59CA478D303A: change Leader from null to bb1c6357-9327-4202-8734-55e8eab5c756 at term 1 for appendEntries, leader elected after 5296ms
2023-09-19 02:05:22,362 [grpc-default-executor-4] INFO  server.RaftServer$Division (RaftServerImpl.java:requestVote(1302)) - bb1c6357-9327-4202-8734-55e8eab5c756@group-116411D7D5F3: receive requestVote(PRE_VOTE, e39e4681-7919-4d3b-868d-83d4ef0f5b6f, group-116411D7D5F3, 0, (t:0, i:0))
2023-09-19 02:05:22,362 [grpc-default-executor-4] INFO  impl.VoteContext (VoteContext.java:log(49)) - bb1c6357-9327-4202-8734-55e8eab5c756@group-116411D7D5F3-FOLLOWER: accept PRE_VOTE from e39e4681-7919-4d3b-868d-83d4ef0f5b6f: our priority 0 <= candidate's priority 1
2023-09-19 02:05:22,363 [grpc-default-executor-4] INFO  server.RaftServer$Division (RaftServerImpl.java:requestVote(1335)) - bb1c6357-9327-4202-8734-55e8eab5c756@group-116411D7D5F3 replies to PRE_VOTE vote request: e39e4681-7919-4d3b-868d-83d4ef0f5b6f<-bb1c6357-9327-4202-8734-55e8eab5c756#0:OK-t0. Peer's state: bb1c6357-9327-4202-8734-55e8eab5c756@group-116411D7D5F3:t0, leader=null, voted=, raftlog=Memoized:bb1c6357-9327-4202-8734-55e8eab5c756@group-116411D7D5F3-SegmentedRaftLog:OPENED:c-1, conf=-1: peers:[5eadcd64-1d4b-44b8-a1e5-0066e95eb1a1|rpc:10.1.0.29:15076|admin:10.1.0.29:15075|client:10.1.0.29:15074|dataStream:10.1.0.29:15077|priority:0|startupRole:FOLLOWER, bb1c6357-9327-4202-8734-55e8eab5c756|rpc:10.1.0.29:15085|admin:10.1.0.29:15084|client:10.1.0.29:15083|dataStream:10.1.0.29:15086|priority:0|startupRole:FOLLOWER, e39e4681-7919-4d3b-868d-83d4ef0f5b6f|rpc:10.1.0.29:15067|admin:10.1.0.29:15066|client:10.1.0.29:15065|dataStream:10.1.0.29:15068|priority:1|startupRole:FOLLOWER]|listeners:[], old=null
2023-09-19 02:05:22,366 [5eadcd64-1d4b-44b8-a1e5-0066e95eb1a1@group-116411D7D5F3-LeaderElection13] INFO  impl.LeaderElection (LeaderElection.java:logAndReturn(90)) - 5eadcd64-1d4b-44b8-a1e5-0066e95eb1a1@group-116411D7D5F3-LeaderElection13: PRE_VOTE REJECTED received 2 response(s) and 0 exception(s):
2023-09-19 02:05:22,366 [5eadcd64-1d4b-44b8-a1e5-0066e95eb1a1@group-116411D7D5F3-LeaderElection13] INFO  impl.LeaderElection (LeaderElection.java:logAndReturn(94)) -   Response 0: 5eadcd64-1d4b-44b8-a1e5-0066e95eb1a1<-bb1c6357-9327-4202-8734-55e8eab5c756#0:OK-t0
2023-09-19 02:05:22,366 [5eadcd64-1d4b-44b8-a1e5-0066e95eb1a1@group-116411D7D5F3-LeaderElection13] INFO  impl.LeaderElection (LeaderElection.java:logAndReturn(94)) -   Response 1: 5eadcd64-1d4b-44b8-a1e5-0066e95eb1a1<-e39e4681-7919-4d3b-868d-83d4ef0f5b6f#0:FAIL-t0
2023-09-19 02:05:22,368 [e39e4681-7919-4d3b-868d-83d4ef0f5b6f@group-116411D7D5F3-LeaderElection14] INFO  impl.LeaderElection (LeaderElection.java:logAndReturn(90)) - e39e4681-7919-4d3b-868d-83d4ef0f5b6f@group-116411D7D5F3-LeaderElection14: PRE_VOTE PASSED received 1 response(s) and 0 exception(s):
2023-09-19 02:05:22,368 [e39e4681-7919-4d3b-868d-83d4ef0f5b6f@group-116411D7D5F3-LeaderElection14] INFO  impl.LeaderElection (LeaderElection.java:logAndReturn(94)) -   Response 0: e39e4681-7919-4d3b-868d-83d4ef0f5b6f<-bb1c6357-9327-4202-8734-55e8eab5c756#0:OK-t0
2023-09-19 02:05:22,372 [5eadcd64-1d4b-44b8-a1e5-0066e95eb1a1-server-thread1] INFO  ratis.XceiverServerRatis (XceiverServerRatis.java:handleLeaderChangedNotification(902)) - Leader change notification received for group: group-59CA478D303A with new leaderId: bb1c6357-9327-4202-8734-55e8eab5c756
2023-09-19 02:05:22,372 [5eadcd64-1d4b-44b8-a1e5-0066e95eb1a1-server-thread1] INFO  server.RaftServer$Division (ServerState.java:setLeader(317)) - 5eadcd64-1d4b-44b8-a1e5-0066e95eb1a1@group-59CA478D303A: change Leader from null to bb1c6357-9327-4202-8734-55e8eab5c756 at term 1 for appendEntries, leader elected after 5267ms
2023-09-19 02:05:22,372 [e39e4681-7919-4d3b-868d-83d4ef0f5b6f-server-thread1] INFO  server.RaftServer$Division (ServerState.java:setRaftConf(434)) - e39e4681-7919-4d3b-868d-83d4ef0f5b6f@group-59CA478D303A: set configuration 0: peers:[5eadcd64-1d4b-44b8-a1e5-0066e95eb1a1|rpc:10.1.0.29:15076|admin:10.1.0.29:15075|client:10.1.0.29:15074|dataStream:10.1.0.29:15077|priority:0|startupRole:FOLLOWER, bb1c6357-9327-4202-8734-55e8eab5c756|rpc:10.1.0.29:15085|admin:10.1.0.29:15084|client:10.1.0.29:15083|dataStream:10.1.0.29:15086|priority:1|startupRole:FOLLOWER, e39e4681-7919-4d3b-868d-83d4ef0f5b6f|rpc:10.1.0.29:15067|admin:10.1.0.29:15066|client:10.1.0.29:15065|dataStream:10.1.0.29:15068|priority:0|startupRole:FOLLOWER]|listeners:[], old=null
2023-09-19 02:05:22,373 [e39e4681-7919-4d3b-868d-83d4ef0f5b6f-server-thread1] INFO  segmented.SegmentedRaftLogWorker (SegmentedRaftLogWorker.java:startLogSegment(447)) - e39e4681-7919-4d3b-868d-83d4ef0f5b6f@group-59CA478D303A-SegmentedRaftLogWorker: Starting segment from index:0
2023-09-19 02:05:22,374 [5eadcd64-1d4b-44b8-a1e5-0066e95eb1a1@group-116411D7D5F3-LeaderElection13] INFO  impl.LeaderElection (LeaderElection.java:askForVotes(323)) - 5eadcd64-1d4b-44b8-a1e5-0066e95eb1a1@group-116411D7D5F3-LeaderElection13 PRE_VOTE round 0: result REJECTED
2023-09-19 02:05:22,374 [5eadcd64-1d4b-44b8-a1e5-0066e95eb1a1@group-116411D7D5F3-LeaderElection13] INFO  server.RaftServer$Division (RaftServerImpl.java:setRole(329)) - 5eadcd64-1d4b-44b8-a1e5-0066e95eb1a1@group-116411D7D5F3: changes role from CANDIDATE to FOLLOWER at term 0 for REJECTED
2023-09-19 02:05:22,374 [5eadcd64-1d4b-44b8-a1e5-0066e95eb1a1@group-116411D7D5F3-LeaderElection13] INFO  impl.RoleInfo (RoleInfo.java:shutdownLeaderElection(130)) - 5eadcd64-1d4b-44b8-a1e5-0066e95eb1a1: shutdown 5eadcd64-1d4b-44b8-a1e5-0066e95eb1a1@group-116411D7D5F3-LeaderElection13
2023-09-19 02:05:22,374 [5eadcd64-1d4b-44b8-a1e5-0066e95eb1a1@group-116411D7D5F3-LeaderElection13] INFO  impl.RoleInfo (RoleInfo.java:updateAndGet(139)) - 5eadcd64-1d4b-44b8-a1e5-0066e95eb1a1: start 5eadcd64-1d4b-44b8-a1e5-0066e95eb1a1@group-116411D7D5F3-FollowerState
2023-09-19 02:05:22,376 [grpc-default-executor-3] INFO  server.RaftServer$Division (RaftServerImpl.java:requestVote(1302)) - 5eadcd64-1d4b-44b8-a1e5-0066e95eb1a1@group-116411D7D5F3: receive requestVote(PRE_VOTE, e39e4681-7919-4d3b-868d-83d4ef0f5b6f, group-116411D7D5F3, 0, (t:0, i:0))
2023-09-19 02:05:22,376 [grpc-default-executor-3] INFO  impl.VoteContext (VoteContext.java:log(49)) - 5eadcd64-1d4b-44b8-a1e5-0066e95eb1a1@group-116411D7D5F3-FOLLOWER: accept PRE_VOTE from e39e4681-7919-4d3b-868d-83d4ef0f5b6f: our priority 0 <= candidate's priority 1
2023-09-19 02:05:22,376 [grpc-default-executor-3] INFO  server.RaftServer$Division (RaftServerImpl.java:requestVote(1335)) - 5eadcd64-1d4b-44b8-a1e5-0066e95eb1a1@group-116411D7D5F3 replies to PRE_VOTE vote request: e39e4681-7919-4d3b-868d-83d4ef0f5b6f<-5eadcd64-1d4b-44b8-a1e5-0066e95eb1a1#0:OK-t0. Peer's state: 5eadcd64-1d4b-44b8-a1e5-0066e95eb1a1@group-116411D7D5F3:t0, leader=null, voted=, raftlog=Memoized:5eadcd64-1d4b-44b8-a1e5-0066e95eb1a1@group-116411D7D5F3-SegmentedRaftLog:OPENED:c-1, conf=-1: peers:[5eadcd64-1d4b-44b8-a1e5-0066e95eb1a1|rpc:10.1.0.29:15076|admin:10.1.0.29:15075|client:10.1.0.29:15074|dataStream:10.1.0.29:15077|priority:0|startupRole:FOLLOWER, bb1c6357-9327-4202-8734-55e8eab5c756|rpc:10.1.0.29:15085|admin:10.1.0.29:15084|client:10.1.0.29:15083|dataStream:10.1.0.29:15086|priority:0|startupRole:FOLLOWER, e39e4681-7919-4d3b-868d-83d4ef0f5b6f|rpc:10.1.0.29:15067|admin:10.1.0.29:15066|client:10.1.0.29:15065|dataStream:10.1.0.29:15068|priority:1|startupRole:FOLLOWER]|listeners:[], old=null
2023-09-19 02:05:22,377 [5eadcd64-1d4b-44b8-a1e5-0066e95eb1a1-server-thread1] INFO  server.RaftServer$Division (ServerState.java:setRaftConf(434)) - 5eadcd64-1d4b-44b8-a1e5-0066e95eb1a1@group-59CA478D303A: set configuration 0: peers:[5eadcd64-1d4b-44b8-a1e5-0066e95eb1a1|rpc:10.1.0.29:15076|admin:10.1.0.29:15075|client:10.1.0.29:15074|dataStream:10.1.0.29:15077|priority:0|startupRole:FOLLOWER, bb1c6357-9327-4202-8734-55e8eab5c756|rpc:10.1.0.29:15085|admin:10.1.0.29:15084|client:10.1.0.29:15083|dataStream:10.1.0.29:15086|priority:1|startupRole:FOLLOWER, e39e4681-7919-4d3b-868d-83d4ef0f5b6f|rpc:10.1.0.29:15067|admin:10.1.0.29:15066|client:10.1.0.29:15065|dataStream:10.1.0.29:15068|priority:0|startupRole:FOLLOWER]|listeners:[], old=null
2023-09-19 02:05:22,377 [5eadcd64-1d4b-44b8-a1e5-0066e95eb1a1-server-thread1] INFO  segmented.SegmentedRaftLogWorker (SegmentedRaftLogWorker.java:startLogSegment(447)) - 5eadcd64-1d4b-44b8-a1e5-0066e95eb1a1@group-59CA478D303A-SegmentedRaftLogWorker: Starting segment from index:0
2023-09-19 02:05:22,377 [e39e4681-7919-4d3b-868d-83d4ef0f5b6f@group-116411D7D5F3-LeaderElection14] INFO  impl.LeaderElection (LeaderElection.java:askForVotes(323)) - e39e4681-7919-4d3b-868d-83d4ef0f5b6f@group-116411D7D5F3-LeaderElection14 PRE_VOTE round 0: result PASSED
2023-09-19 02:05:22,379 [e39e4681-7919-4d3b-868d-83d4ef0f5b6f@group-116411D7D5F3-LeaderElection14] INFO  impl.LeaderElection (LeaderElection.java:askForVotes(321)) - e39e4681-7919-4d3b-868d-83d4ef0f5b6f@group-116411D7D5F3-LeaderElection14 ELECTION round 0: submit vote requests at term 1 for -1: peers:[5eadcd64-1d4b-44b8-a1e5-0066e95eb1a1|rpc:10.1.0.29:15076|admin:10.1.0.29:15075|client:10.1.0.29:15074|dataStream:10.1.0.29:15077|priority:0|startupRole:FOLLOWER, bb1c6357-9327-4202-8734-55e8eab5c756|rpc:10.1.0.29:15085|admin:10.1.0.29:15084|client:10.1.0.29:15083|dataStream:10.1.0.29:15086|priority:0|startupRole:FOLLOWER, e39e4681-7919-4d3b-868d-83d4ef0f5b6f|rpc:10.1.0.29:15067|admin:10.1.0.29:15066|client:10.1.0.29:15065|dataStream:10.1.0.29:15068|priority:1|startupRole:FOLLOWER]|listeners:[], old=null
2023-09-19 02:05:22,384 [e39e4681-7919-4d3b-868d-83d4ef0f5b6f@group-59CA478D303A-SegmentedRaftLogWorker] INFO  segmented.SegmentedRaftLogWorker (SegmentedRaftLogWorker.java:execute(651)) - e39e4681-7919-4d3b-868d-83d4ef0f5b6f@group-59CA478D303A-SegmentedRaftLogWorker: created new log segment /home/runner/work/ozone/ozone/hadoop-ozone/integration-test/target/test-dir/MiniOzoneClusterImpl-5e324384-037a-4cb1-b856-3c07748222cd/datanode-0/data/ratis/090ca039-d742-4dd5-a11d-59ca478d303a/current/log_inprogress_0
2023-09-19 02:05:22,385 [5eadcd64-1d4b-44b8-a1e5-0066e95eb1a1@group-59CA478D303A-SegmentedRaftLogWorker] INFO  segmented.SegmentedRaftLogWorker (SegmentedRaftLogWorker.java:execute(651)) - 5eadcd64-1d4b-44b8-a1e5-0066e95eb1a1@group-59CA478D303A-SegmentedRaftLogWorker: created new log segment /home/runner/work/ozone/ozone/hadoop-ozone/integration-test/target/test-dir/MiniOzoneClusterImpl-5e324384-037a-4cb1-b856-3c07748222cd/datanode-1/data/ratis/090ca039-d742-4dd5-a11d-59ca478d303a/current/log_inprogress_0
2023-09-19 02:05:22,385 [e39e4681-7919-4d3b-868d-83d4ef0f5b6f@group-116411D7D5F3-LeaderElection14] INFO  server.RaftServerConfigKeys (ConfUtils.java:logFallback(53)) - raft.server.rpc.first-election.timeout.min = 5s (fallback to raft.server.rpc.timeout.min)
2023-09-19 02:05:22,385 [e39e4681-7919-4d3b-868d-83d4ef0f5b6f@group-116411D7D5F3-LeaderElection14] INFO  server.RaftServerConfigKeys (ConfUtils.java:logFallback(53)) - raft.server.rpc.first-election.timeout.max = 5200ms (fallback to raft.server.rpc.timeout.max)
2023-09-19 02:05:22,393 [grpc-default-executor-4] INFO  server.RaftServer$Division (RaftServerImpl.java:requestVote(1302)) - bb1c6357-9327-4202-8734-55e8eab5c756@group-116411D7D5F3: receive requestVote(ELECTION, e39e4681-7919-4d3b-868d-83d4ef0f5b6f, group-116411D7D5F3, 1, (t:0, i:0))
2023-09-19 02:05:22,394 [grpc-default-executor-4] INFO  impl.VoteContext (VoteContext.java:log(49)) - bb1c6357-9327-4202-8734-55e8eab5c756@group-116411D7D5F3-FOLLOWER: accept ELECTION from e39e4681-7919-4d3b-868d-83d4ef0f5b6f: our priority 0 <= candidate's priority 1
2023-09-19 02:05:22,394 [grpc-default-executor-4] INFO  server.RaftServer$Division (RaftServerImpl.java:setRole(329)) - bb1c6357-9327-4202-8734-55e8eab5c756@group-116411D7D5F3: changes role from  FOLLOWER to FOLLOWER at term 1 for candidate:e39e4681-7919-4d3b-868d-83d4ef0f5b6f
2023-09-19 02:05:22,394 [grpc-default-executor-4] INFO  impl.RoleInfo (RoleInfo.java:shutdownFollowerState(110)) - bb1c6357-9327-4202-8734-55e8eab5c756: shutdown bb1c6357-9327-4202-8734-55e8eab5c756@group-116411D7D5F3-FollowerState
2023-09-19 02:05:22,394 [grpc-default-executor-4] INFO  impl.RoleInfo (RoleInfo.java:updateAndGet(139)) - bb1c6357-9327-4202-8734-55e8eab5c756: start bb1c6357-9327-4202-8734-55e8eab5c756@group-116411D7D5F3-FollowerState
2023-09-19 02:05:22,394 [grpc-default-executor-3] INFO  server.RaftServer$Division (RaftServerImpl.java:requestVote(1302)) - 5eadcd64-1d4b-44b8-a1e5-0066e95eb1a1@group-116411D7D5F3: receive requestVote(ELECTION, e39e4681-7919-4d3b-868d-83d4ef0f5b6f, group-116411D7D5F3, 1, (t:0, i:0))
2023-09-19 02:05:22,394 [grpc-default-executor-3] INFO  impl.VoteContext (VoteContext.java:log(49)) - 5eadcd64-1d4b-44b8-a1e5-0066e95eb1a1@group-116411D7D5F3-FOLLOWER: accept ELECTION from e39e4681-7919-4d3b-868d-83d4ef0f5b6f: our priority 0 <= candidate's priority 1
2023-09-19 02:05:22,394 [grpc-default-executor-3] INFO  server.RaftServer$Division (RaftServerImpl.java:setRole(329)) - 5eadcd64-1d4b-44b8-a1e5-0066e95eb1a1@group-116411D7D5F3: changes role from  FOLLOWER to FOLLOWER at term 1 for candidate:e39e4681-7919-4d3b-868d-83d4ef0f5b6f
2023-09-19 02:05:22,394 [grpc-default-executor-3] INFO  impl.RoleInfo (RoleInfo.java:shutdownFollowerState(110)) - 5eadcd64-1d4b-44b8-a1e5-0066e95eb1a1: shutdown 5eadcd64-1d4b-44b8-a1e5-0066e95eb1a1@group-116411D7D5F3-FollowerState
2023-09-19 02:05:22,394 [bb1c6357-9327-4202-8734-55e8eab5c756@group-116411D7D5F3-FollowerState] INFO  impl.FollowerState (FollowerState.java:run(152)) - bb1c6357-9327-4202-8734-55e8eab5c756@group-116411D7D5F3-FollowerState was interrupted
2023-09-19 02:05:22,399 [grpc-default-executor-3] INFO  impl.RoleInfo (RoleInfo.java:updateAndGet(139)) - 5eadcd64-1d4b-44b8-a1e5-0066e95eb1a1: start 5eadcd64-1d4b-44b8-a1e5-0066e95eb1a1@group-116411D7D5F3-FollowerState
2023-09-19 02:05:22,399 [5eadcd64-1d4b-44b8-a1e5-0066e95eb1a1@group-116411D7D5F3-FollowerState] INFO  impl.FollowerState (FollowerState.java:run(152)) - 5eadcd64-1d4b-44b8-a1e5-0066e95eb1a1@group-116411D7D5F3-FollowerState was interrupted
2023-09-19 02:05:22,400 [grpc-default-executor-3] INFO  server.RaftServer$Division (RaftServerImpl.java:requestVote(1335)) - 5eadcd64-1d4b-44b8-a1e5-0066e95eb1a1@group-116411D7D5F3 replies to ELECTION vote request: e39e4681-7919-4d3b-868d-83d4ef0f5b6f<-5eadcd64-1d4b-44b8-a1e5-0066e95eb1a1#0:OK-t1. Peer's state: 5eadcd64-1d4b-44b8-a1e5-0066e95eb1a1@group-116411D7D5F3:t1, leader=null, voted=e39e4681-7919-4d3b-868d-83d4ef0f5b6f, raftlog=Memoized:5eadcd64-1d4b-44b8-a1e5-0066e95eb1a1@group-116411D7D5F3-SegmentedRaftLog:OPENED:c-1, conf=-1: peers:[5eadcd64-1d4b-44b8-a1e5-0066e95eb1a1|rpc:10.1.0.29:15076|admin:10.1.0.29:15075|client:10.1.0.29:15074|dataStream:10.1.0.29:15077|priority:0|startupRole:FOLLOWER, bb1c6357-9327-4202-8734-55e8eab5c756|rpc:10.1.0.29:15085|admin:10.1.0.29:15084|client:10.1.0.29:15083|dataStream:10.1.0.29:15086|priority:0|startupRole:FOLLOWER, e39e4681-7919-4d3b-868d-83d4ef0f5b6f|rpc:10.1.0.29:15067|admin:10.1.0.29:15066|client:10.1.0.29:15065|dataStream:10.1.0.29:15068|priority:1|startupRole:FOLLOWER]|listeners:[], old=null
2023-09-19 02:05:22,403 [grpc-default-executor-4] INFO  server.RaftServer$Division (RaftServerImpl.java:requestVote(1335)) - bb1c6357-9327-4202-8734-55e8eab5c756@group-116411D7D5F3 replies to ELECTION vote request: e39e4681-7919-4d3b-868d-83d4ef0f5b6f<-bb1c6357-9327-4202-8734-55e8eab5c756#0:OK-t1. Peer's state: bb1c6357-9327-4202-8734-55e8eab5c756@group-116411D7D5F3:t1, leader=null, voted=e39e4681-7919-4d3b-868d-83d4ef0f5b6f, raftlog=Memoized:bb1c6357-9327-4202-8734-55e8eab5c756@group-116411D7D5F3-SegmentedRaftLog:OPENED:c-1, conf=-1: peers:[5eadcd64-1d4b-44b8-a1e5-0066e95eb1a1|rpc:10.1.0.29:15076|admin:10.1.0.29:15075|client:10.1.0.29:15074|dataStream:10.1.0.29:15077|priority:0|startupRole:FOLLOWER, bb1c6357-9327-4202-8734-55e8eab5c756|rpc:10.1.0.29:15085|admin:10.1.0.29:15084|client:10.1.0.29:15083|dataStream:10.1.0.29:15086|priority:0|startupRole:FOLLOWER, e39e4681-7919-4d3b-868d-83d4ef0f5b6f|rpc:10.1.0.29:15067|admin:10.1.0.29:15066|client:10.1.0.29:15065|dataStream:10.1.0.29:15068|priority:1|startupRole:FOLLOWER]|listeners:[], old=null
2023-09-19 02:05:22,404 [e39e4681-7919-4d3b-868d-83d4ef0f5b6f@group-116411D7D5F3-LeaderElection14] INFO  impl.LeaderElection (LeaderElection.java:logAndReturn(90)) - e39e4681-7919-4d3b-868d-83d4ef0f5b6f@group-116411D7D5F3-LeaderElection14: ELECTION PASSED received 1 response(s) and 0 exception(s):
2023-09-19 02:05:22,405 [e39e4681-7919-4d3b-868d-83d4ef0f5b6f@group-116411D7D5F3-LeaderElection14] INFO  impl.LeaderElection (LeaderElection.java:logAndReturn(94)) -   Response 0: e39e4681-7919-4d3b-868d-83d4ef0f5b6f<-5eadcd64-1d4b-44b8-a1e5-0066e95eb1a1#0:OK-t1
2023-09-19 02:05:22,405 [e39e4681-7919-4d3b-868d-83d4ef0f5b6f@group-116411D7D5F3-LeaderElection14] INFO  impl.LeaderElection (LeaderElection.java:askForVotes(323)) - e39e4681-7919-4d3b-868d-83d4ef0f5b6f@group-116411D7D5F3-LeaderElection14 ELECTION round 0: result PASSED
2023-09-19 02:05:22,405 [e39e4681-7919-4d3b-868d-83d4ef0f5b6f@group-116411D7D5F3-LeaderElection14] INFO  impl.RoleInfo (RoleInfo.java:shutdownLeaderElection(130)) - e39e4681-7919-4d3b-868d-83d4ef0f5b6f: shutdown e39e4681-7919-4d3b-868d-83d4ef0f5b6f@group-116411D7D5F3-LeaderElection14
2023-09-19 02:05:22,405 [e39e4681-7919-4d3b-868d-83d4ef0f5b6f@group-116411D7D5F3-LeaderElection14] INFO  server.RaftServer$Division (RaftServerImpl.java:setRole(329)) - e39e4681-7919-4d3b-868d-83d4ef0f5b6f@group-116411D7D5F3: changes role from CANDIDATE to LEADER at term 1 for changeToLeader
2023-09-19 02:05:22,405 [e39e4681-7919-4d3b-868d-83d4ef0f5b6f@group-116411D7D5F3-LeaderElection14] INFO  ratis.XceiverServerRatis (XceiverServerRatis.java:handleLeaderChangedNotification(902)) - Leader change notification received for group: group-116411D7D5F3 with new leaderId: e39e4681-7919-4d3b-868d-83d4ef0f5b6f
2023-09-19 02:05:22,405 [e39e4681-7919-4d3b-868d-83d4ef0f5b6f@group-116411D7D5F3-LeaderElection14] INFO  server.RaftServer$Division (ServerState.java:setLeader(317)) - e39e4681-7919-4d3b-868d-83d4ef0f5b6f@group-116411D7D5F3: change Leader from null to e39e4681-7919-4d3b-868d-83d4ef0f5b6f at term 1 for becomeLeader, leader elected after 5206ms
2023-09-19 02:05:22,405 [e39e4681-7919-4d3b-868d-83d4ef0f5b6f@group-116411D7D5F3-LeaderElection14] INFO  server.RaftServerConfigKeys (ConfUtils.java:logGet(46)) - raft.server.staging.catchup.gap = 1000 (default)
2023-09-19 02:05:22,405 [e39e4681-7919-4d3b-868d-83d4ef0f5b6f@group-116411D7D5F3-LeaderElection14] INFO  server.RaftServerConfigKeys (ConfUtils.java:logGet(46)) - raft.server.write.element-limit = 1024 (custom)
2023-09-19 02:05:22,405 [e39e4681-7919-4d3b-868d-83d4ef0f5b6f@group-116411D7D5F3-LeaderElection14] INFO  server.RaftServerConfigKeys (ConfUtils.java:logGet(46)) - raft.server.write.byte-limit = 1024 M (=1073741824) (custom)
2023-09-19 02:05:22,405 [e39e4681-7919-4d3b-868d-83d4ef0f5b6f@group-116411D7D5F3-LeaderElection14] INFO  server.RaftServerConfigKeys (ConfUtils.java:logGet(46)) - raft.server.watch.timeout = 180s (custom)
2023-09-19 02:05:22,405 [e39e4681-7919-4d3b-868d-83d4ef0f5b6f@group-116411D7D5F3-LeaderElection14] INFO  server.RaftServerConfigKeys (ConfUtils.java:logGet(46)) - raft.server.watch.timeout.denomination = 1s (default)
2023-09-19 02:05:22,405 [e39e4681-7919-4d3b-868d-83d4ef0f5b6f@group-116411D7D5F3-LeaderElection14] INFO  server.RaftServerConfigKeys (ConfUtils.java:logGet(46)) - raft.server.watch.element-limit = 65536 (default)
2023-09-19 02:05:22,405 [e39e4681-7919-4d3b-868d-83d4ef0f5b6f@group-116411D7D5F3-LeaderElection14] INFO  server.RaftServerConfigKeys (ConfUtils.java:logGet(46)) - raft.server.write.element-limit = 1024 (custom)
2023-09-19 02:05:22,406 [e39e4681-7919-4d3b-868d-83d4ef0f5b6f@group-116411D7D5F3-LeaderElection14] INFO  server.RaftServerConfigKeys (ConfUtils.java:logGet(46)) - raft.server.write.follower.gap.ratio.max = -1.0 (default)
2023-09-19 02:05:22,406 [e39e4681-7919-4d3b-868d-83d4ef0f5b6f@group-116411D7D5F3-LeaderElection14] INFO  server.RaftServerConfigKeys (ConfUtils.java:logGet(46)) - raft.server.log.appender.snapshot.chunk.size.max = 16MB (=16777216) (default)
2023-09-19 02:05:22,406 [e39e4681-7919-4d3b-868d-83d4ef0f5b6f@group-116411D7D5F3-LeaderElection14] INFO  server.RaftServerConfigKeys (ConfUtils.java:logGet(46)) - raft.server.log.appender.buffer.byte-limit = 33554432 (custom)
2023-09-19 02:05:22,406 [e39e4681-7919-4d3b-868d-83d4ef0f5b6f@group-116411D7D5F3-LeaderElection14] INFO  server.RaftServerConfigKeys (ConfUtils.java:logGet(46)) - raft.server.log.appender.buffer.element-limit = 1 (custom)
2023-09-19 02:05:22,406 [e39e4681-7919-4d3b-868d-83d4ef0f5b6f@group-116411D7D5F3-LeaderElection14] INFO  server.RaftServerConfigKeys (ConfUtils.java:logGet(46)) - raft.server.log.appender.wait-time.min = 10ms (default)
2023-09-19 02:05:22,406 [e39e4681-7919-4d3b-868d-83d4ef0f5b6f@group-116411D7D5F3-LeaderElection14] INFO  grpc.GrpcConfigKeys (ConfUtils.java:logGet(46)) - raft.grpc.server.leader.outstanding.appends.max = 128 (default)
2023-09-19 02:05:22,406 [e39e4681-7919-4d3b-868d-83d4ef0f5b6f@group-116411D7D5F3-LeaderElection14] INFO  server.RaftServerConfigKeys (ConfUtils.java:logGet(46)) - raft.server.rpc.request.timeout = 60s (custom)
2023-09-19 02:05:22,406 [e39e4681-7919-4d3b-868d-83d4ef0f5b6f@group-116411D7D5F3-LeaderElection14] INFO  grpc.GrpcConfigKeys (ConfUtils.java:logGet(46)) - raft.grpc.server.install_snapshot.request.element-limit = 8 (default)
2023-09-19 02:05:22,406 [e39e4681-7919-4d3b-868d-83d4ef0f5b6f@group-116411D7D5F3-LeaderElection14] INFO  grpc.GrpcConfigKeys (ConfUtils.java:logGet(46)) - raft.grpc.server.install_snapshot.request.timeout = 3000ms (default)
2023-09-19 02:05:22,406 [e39e4681-7919-4d3b-868d-83d4ef0f5b6f@group-116411D7D5F3-LeaderElection14] INFO  server.RaftServerConfigKeys (ConfUtils.java:logGet(46)) - raft.server.log.appender.install.snapshot.enabled = false (custom)
2023-09-19 02:05:22,406 [e39e4681-7919-4d3b-868d-83d4ef0f5b6f@group-116411D7D5F3-LeaderElection14] INFO  grpc.GrpcConfigKeys (ConfUtils.java:logGet(46)) - raft.grpc.server.heartbeat.channel = true (default)
2023-09-19 02:05:22,407 [e39e4681-7919-4d3b-868d-83d4ef0f5b6f@group-116411D7D5F3-LeaderElection14] INFO  server.RaftServerConfigKeys (ConfUtils.java:logGet(46)) - raft.server.log.appender.snapshot.chunk.size.max = 16MB (=16777216) (default)
2023-09-19 02:05:22,407 [e39e4681-7919-4d3b-868d-83d4ef0f5b6f@group-116411D7D5F3-LeaderElection14] INFO  server.RaftServerConfigKeys (ConfUtils.java:logGet(46)) - raft.server.log.appender.buffer.byte-limit = 33554432 (custom)
2023-09-19 02:05:22,407 [e39e4681-7919-4d3b-868d-83d4ef0f5b6f@group-116411D7D5F3-LeaderElection14] INFO  server.RaftServerConfigKeys (ConfUtils.java:logGet(46)) - raft.server.log.appender.buffer.element-limit = 1 (custom)
2023-09-19 02:05:22,407 [e39e4681-7919-4d3b-868d-83d4ef0f5b6f@group-116411D7D5F3-LeaderElection14] INFO  server.RaftServerConfigKeys (ConfUtils.java:logGet(46)) - raft.server.log.appender.wait-time.min = 10ms (default)
2023-09-19 02:05:22,407 [e39e4681-7919-4d3b-868d-83d4ef0f5b6f@group-116411D7D5F3-LeaderElection14] INFO  grpc.GrpcConfigKeys (ConfUtils.java:logGet(46)) - raft.grpc.server.leader.outstanding.appends.max = 128 (default)
2023-09-19 02:05:22,407 [e39e4681-7919-4d3b-868d-83d4ef0f5b6f@group-116411D7D5F3-LeaderElection14] INFO  server.RaftServerConfigKeys (ConfUtils.java:logGet(46)) - raft.server.rpc.request.timeout = 60s (custom)
2023-09-19 02:05:22,407 [e39e4681-7919-4d3b-868d-83d4ef0f5b6f@group-116411D7D5F3-LeaderElection14] INFO  grpc.GrpcConfigKeys (ConfUtils.java:logGet(46)) - raft.grpc.server.install_snapshot.request.element-limit = 8 (default)
2023-09-19 02:05:22,407 [e39e4681-7919-4d3b-868d-83d4ef0f5b6f@group-116411D7D5F3-LeaderElection14] INFO  grpc.GrpcConfigKeys (ConfUtils.java:logGet(46)) - raft.grpc.server.install_snapshot.request.timeout = 3000ms (default)
2023-09-19 02:05:22,407 [e39e4681-7919-4d3b-868d-83d4ef0f5b6f@group-116411D7D5F3-LeaderElection14] INFO  server.RaftServerConfigKeys (ConfUtils.java:logGet(46)) - raft.server.log.appender.install.snapshot.enabled = false (custom)
2023-09-19 02:05:22,407 [e39e4681-7919-4d3b-868d-83d4ef0f5b6f@group-116411D7D5F3-LeaderElection14] INFO  grpc.GrpcConfigKeys (ConfUtils.java:logGet(46)) - raft.grpc.server.heartbeat.channel = true (default)
2023-09-19 02:05:22,407 [e39e4681-7919-4d3b-868d-83d4ef0f5b6f@group-116411D7D5F3-LeaderElection14] INFO  impl.RoleInfo (RoleInfo.java:updateAndGet(139)) - e39e4681-7919-4d3b-868d-83d4ef0f5b6f: start e39e4681-7919-4d3b-868d-83d4ef0f5b6f@group-116411D7D5F3-LeaderStateImpl
2023-09-19 02:05:22,409 [EventQueue-PipelineReportForPipelineReportHandler] INFO  pipeline.PipelineReportHandler (PipelineReportHandler.java:processPipelineReport(136)) - Opened pipeline PipelineID=06800b04-b751-4479-971f-116411d7d5f3
2023-09-19 02:05:22,410 [e39e4681-7919-4d3b-868d-83d4ef0f5b6f@group-116411D7D5F3-LeaderElection14] INFO  segmented.SegmentedRaftLogWorker (SegmentedRaftLogWorker.java:startLogSegment(447)) - e39e4681-7919-4d3b-868d-83d4ef0f5b6f@group-116411D7D5F3-SegmentedRaftLogWorker: Starting segment from index:0
2023-09-19 02:05:22,411 [e39e4681-7919-4d3b-868d-83d4ef0f5b6f@group-116411D7D5F3-SegmentedRaftLogWorker] INFO  segmented.SegmentedRaftLogWorker (SegmentedRaftLogWorker.java:execute(651)) - e39e4681-7919-4d3b-868d-83d4ef0f5b6f@group-116411D7D5F3-SegmentedRaftLogWorker: created new log segment /home/runner/work/ozone/ozone/hadoop-ozone/integration-test/target/test-dir/MiniOzoneClusterImpl-5e324384-037a-4cb1-b856-3c07748222cd/datanode-0/data/ratis/06800b04-b751-4479-971f-116411d7d5f3/current/log_inprogress_0
2023-09-19 02:05:22,419 [e39e4681-7919-4d3b-868d-83d4ef0f5b6f@group-116411D7D5F3-LeaderElection14] INFO  server.RaftServer$Division (ServerState.java:setRaftConf(434)) - e39e4681-7919-4d3b-868d-83d4ef0f5b6f@group-116411D7D5F3: set configuration 0: peers:[5eadcd64-1d4b-44b8-a1e5-0066e95eb1a1|rpc:10.1.0.29:15076|admin:10.1.0.29:15075|client:10.1.0.29:15074|dataStream:10.1.0.29:15077|priority:0|startupRole:FOLLOWER, bb1c6357-9327-4202-8734-55e8eab5c756|rpc:10.1.0.29:15085|admin:10.1.0.29:15084|client:10.1.0.29:15083|dataStream:10.1.0.29:15086|priority:0|startupRole:FOLLOWER, e39e4681-7919-4d3b-868d-83d4ef0f5b6f|rpc:10.1.0.29:15067|admin:10.1.0.29:15066|client:10.1.0.29:15065|dataStream:10.1.0.29:15068|priority:1|startupRole:FOLLOWER]|listeners:[], old=null
2023-09-19 02:05:22,433 [5eadcd64-1d4b-44b8-a1e5-0066e95eb1a1-server-thread1] INFO  ratis.XceiverServerRatis (XceiverServerRatis.java:handleLeaderChangedNotification(902)) - Leader change notification received for group: group-116411D7D5F3 with new leaderId: e39e4681-7919-4d3b-868d-83d4ef0f5b6f
2023-09-19 02:05:22,434 [5eadcd64-1d4b-44b8-a1e5-0066e95eb1a1-server-thread1] INFO  server.RaftServer$Division (ServerState.java:setLeader(317)) - 5eadcd64-1d4b-44b8-a1e5-0066e95eb1a1@group-116411D7D5F3: change Leader from null to e39e4681-7919-4d3b-868d-83d4ef0f5b6f at term 1 for appendEntries, leader elected after 5202ms
2023-09-19 02:05:22,436 [bb1c6357-9327-4202-8734-55e8eab5c756-server-thread1] INFO  ratis.XceiverServerRatis (XceiverServerRatis.java:handleLeaderChangedNotification(902)) - Leader change notification received for group: group-116411D7D5F3 with new leaderId: e39e4681-7919-4d3b-868d-83d4ef0f5b6f
2023-09-19 02:05:22,436 [bb1c6357-9327-4202-8734-55e8eab5c756-server-thread1] INFO  server.RaftServer$Division (ServerState.java:setLeader(317)) - bb1c6357-9327-4202-8734-55e8eab5c756@group-116411D7D5F3: change Leader from null to e39e4681-7919-4d3b-868d-83d4ef0f5b6f at term 1 for appendEntries, leader elected after 5159ms
2023-09-19 02:05:22,442 [5eadcd64-1d4b-44b8-a1e5-0066e95eb1a1-server-thread2] INFO  server.RaftServer$Division (ServerState.java:setRaftConf(434)) - 5eadcd64-1d4b-44b8-a1e5-0066e95eb1a1@group-116411D7D5F3: set configuration 0: peers:[5eadcd64-1d4b-44b8-a1e5-0066e95eb1a1|rpc:10.1.0.29:15076|admin:10.1.0.29:15075|client:10.1.0.29:15074|dataStream:10.1.0.29:15077|priority:0|startupRole:FOLLOWER, bb1c6357-9327-4202-8734-55e8eab5c756|rpc:10.1.0.29:15085|admin:10.1.0.29:15084|client:10.1.0.29:15083|dataStream:10.1.0.29:15086|priority:0|startupRole:FOLLOWER, e39e4681-7919-4d3b-868d-83d4ef0f5b6f|rpc:10.1.0.29:15067|admin:10.1.0.29:15066|client:10.1.0.29:15065|dataStream:10.1.0.29:15068|priority:1|startupRole:FOLLOWER]|listeners:[], old=null
2023-09-19 02:05:22,443 [5eadcd64-1d4b-44b8-a1e5-0066e95eb1a1-server-thread2] INFO  segmented.SegmentedRaftLogWorker (SegmentedRaftLogWorker.java:startLogSegment(447)) - 5eadcd64-1d4b-44b8-a1e5-0066e95eb1a1@group-116411D7D5F3-SegmentedRaftLogWorker: Starting segment from index:0
2023-09-19 02:05:22,444 [5eadcd64-1d4b-44b8-a1e5-0066e95eb1a1@group-116411D7D5F3-SegmentedRaftLogWorker] INFO  segmented.SegmentedRaftLogWorker (SegmentedRaftLogWorker.java:execute(651)) - 5eadcd64-1d4b-44b8-a1e5-0066e95eb1a1@group-116411D7D5F3-SegmentedRaftLogWorker: created new log segment /home/runner/work/ozone/ozone/hadoop-ozone/integration-test/target/test-dir/MiniOzoneClusterImpl-5e324384-037a-4cb1-b856-3c07748222cd/datanode-1/data/ratis/06800b04-b751-4479-971f-116411d7d5f3/current/log_inprogress_0
2023-09-19 02:05:22,445 [bb1c6357-9327-4202-8734-55e8eab5c756-server-thread2] INFO  server.RaftServer$Division (ServerState.java:setRaftConf(434)) - bb1c6357-9327-4202-8734-55e8eab5c756@group-116411D7D5F3: set configuration 0: peers:[5eadcd64-1d4b-44b8-a1e5-0066e95eb1a1|rpc:10.1.0.29:15076|admin:10.1.0.29:15075|client:10.1.0.29:15074|dataStream:10.1.0.29:15077|priority:0|startupRole:FOLLOWER, bb1c6357-9327-4202-8734-55e8eab5c756|rpc:10.1.0.29:15085|admin:10.1.0.29:15084|client:10.1.0.29:15083|dataStream:10.1.0.29:15086|priority:0|startupRole:FOLLOWER, e39e4681-7919-4d3b-868d-83d4ef0f5b6f|rpc:10.1.0.29:15067|admin:10.1.0.29:15066|client:10.1.0.29:15065|dataStream:10.1.0.29:15068|priority:1|startupRole:FOLLOWER]|listeners:[], old=null
2023-09-19 02:05:22,445 [bb1c6357-9327-4202-8734-55e8eab5c756-server-thread2] INFO  segmented.SegmentedRaftLogWorker (SegmentedRaftLogWorker.java:startLogSegment(447)) - bb1c6357-9327-4202-8734-55e8eab5c756@group-116411D7D5F3-SegmentedRaftLogWorker: Starting segment from index:0
2023-09-19 02:05:22,446 [bb1c6357-9327-4202-8734-55e8eab5c756@group-116411D7D5F3-SegmentedRaftLogWorker] INFO  segmented.SegmentedRaftLogWorker (SegmentedRaftLogWorker.java:execute(651)) - bb1c6357-9327-4202-8734-55e8eab5c756@group-116411D7D5F3-SegmentedRaftLogWorker: created new log segment /home/runner/work/ozone/ozone/hadoop-ozone/integration-test/target/test-dir/MiniOzoneClusterImpl-5e324384-037a-4cb1-b856-3c07748222cd/datanode-2/data/ratis/06800b04-b751-4479-971f-116411d7d5f3/current/log_inprogress_0
2023-09-19 02:05:22,474 [5eadcd64-1d4b-44b8-a1e5-0066e95eb1a1@group-B2C302EE2684-FollowerState] INFO  impl.FollowerState (FollowerState.java:run(143)) - 5eadcd64-1d4b-44b8-a1e5-0066e95eb1a1@group-B2C302EE2684-FollowerState: change to CANDIDATE, lastRpcElapsedTime:5099981061ns, electionTimeout:5090ms
2023-09-19 02:05:22,475 [5eadcd64-1d4b-44b8-a1e5-0066e95eb1a1@group-B2C302EE2684-FollowerState] INFO  impl.RoleInfo (RoleInfo.java:shutdownFollowerState(110)) - 5eadcd64-1d4b-44b8-a1e5-0066e95eb1a1: shutdown 5eadcd64-1d4b-44b8-a1e5-0066e95eb1a1@group-B2C302EE2684-FollowerState
2023-09-19 02:05:22,475 [5eadcd64-1d4b-44b8-a1e5-0066e95eb1a1@group-B2C302EE2684-FollowerState] INFO  server.RaftServer$Division (RaftServerImpl.java:setRole(329)) - 5eadcd64-1d4b-44b8-a1e5-0066e95eb1a1@group-B2C302EE2684: changes role from  FOLLOWER to CANDIDATE at term 0 for changeToCandidate
2023-09-19 02:05:22,475 [5eadcd64-1d4b-44b8-a1e5-0066e95eb1a1@group-B2C302EE2684-FollowerState] INFO  server.RaftServerConfigKeys (ConfUtils.java:logGet(46)) - raft.server.leaderelection.pre-vote = true (default)
2023-09-19 02:05:22,475 [5eadcd64-1d4b-44b8-a1e5-0066e95eb1a1@group-B2C302EE2684-FollowerState] INFO  impl.RoleInfo (RoleInfo.java:updateAndGet(139)) - 5eadcd64-1d4b-44b8-a1e5-0066e95eb1a1: start 5eadcd64-1d4b-44b8-a1e5-0066e95eb1a1@group-B2C302EE2684-LeaderElection15
2023-09-19 02:05:22,478 [5eadcd64-1d4b-44b8-a1e5-0066e95eb1a1@group-B2C302EE2684-LeaderElection15] INFO  impl.LeaderElection (LeaderElection.java:askForVotes(321)) - 5eadcd64-1d4b-44b8-a1e5-0066e95eb1a1@group-B2C302EE2684-LeaderElection15 PRE_VOTE round 0: submit vote requests at term 0 for -1: peers:[5eadcd64-1d4b-44b8-a1e5-0066e95eb1a1|rpc:10.1.0.29:15076|admin:10.1.0.29:15075|client:10.1.0.29:15074|dataStream:10.1.0.29:15077|priority:1|startupRole:FOLLOWER]|listeners:[], old=null
2023-09-19 02:05:22,478 [5eadcd64-1d4b-44b8-a1e5-0066e95eb1a1@group-B2C302EE2684-LeaderElection15] INFO  impl.LeaderElection (LeaderElection.java:askForVotes(323)) - 5eadcd64-1d4b-44b8-a1e5-0066e95eb1a1@group-B2C302EE2684-LeaderElection15 PRE_VOTE round 0: result PASSED (term=0)
2023-09-19 02:05:22,480 [5eadcd64-1d4b-44b8-a1e5-0066e95eb1a1@group-B2C302EE2684-LeaderElection15] INFO  impl.LeaderElection (LeaderElection.java:askForVotes(321)) - 5eadcd64-1d4b-44b8-a1e5-0066e95eb1a1@group-B2C302EE2684-LeaderElection15 ELECTION round 0: submit vote requests at term 1 for -1: peers:[5eadcd64-1d4b-44b8-a1e5-0066e95eb1a1|rpc:10.1.0.29:15076|admin:10.1.0.29:15075|client:10.1.0.29:15074|dataStream:10.1.0.29:15077|priority:1|startupRole:FOLLOWER]|listeners:[], old=null
2023-09-19 02:05:22,480 [5eadcd64-1d4b-44b8-a1e5-0066e95eb1a1@group-B2C302EE2684-LeaderElection15] INFO  impl.LeaderElection (LeaderElection.java:askForVotes(323)) - 5eadcd64-1d4b-44b8-a1e5-0066e95eb1a1@group-B2C302EE2684-LeaderElection15 ELECTION round 0: result PASSED (term=1)
2023-09-19 02:05:22,480 [5eadcd64-1d4b-44b8-a1e5-0066e95eb1a1@group-B2C302EE2684-LeaderElection15] INFO  impl.RoleInfo (RoleInfo.java:shutdownLeaderElection(130)) - 5eadcd64-1d4b-44b8-a1e5-0066e95eb1a1: shutdown 5eadcd64-1d4b-44b8-a1e5-0066e95eb1a1@group-B2C302EE2684-LeaderElection15
2023-09-19 02:05:22,480 [5eadcd64-1d4b-44b8-a1e5-0066e95eb1a1@group-B2C302EE2684-LeaderElection15] INFO  server.RaftServer$Division (RaftServerImpl.java:setRole(329)) - 5eadcd64-1d4b-44b8-a1e5-0066e95eb1a1@group-B2C302EE2684: changes role from CANDIDATE to LEADER at term 1 for changeToLeader
2023-09-19 02:05:22,480 [5eadcd64-1d4b-44b8-a1e5-0066e95eb1a1@group-B2C302EE2684-LeaderElection15] INFO  ratis.XceiverServerRatis (XceiverServerRatis.java:handleLeaderChangedNotification(902)) - Leader change notification received for group: group-B2C302EE2684 with new leaderId: 5eadcd64-1d4b-44b8-a1e5-0066e95eb1a1
2023-09-19 02:05:22,480 [5eadcd64-1d4b-44b8-a1e5-0066e95eb1a1@group-B2C302EE2684-LeaderElection15] INFO  server.RaftServer$Division (ServerState.java:setLeader(317)) - 5eadcd64-1d4b-44b8-a1e5-0066e95eb1a1@group-B2C302EE2684: change Leader from null to 5eadcd64-1d4b-44b8-a1e5-0066e95eb1a1 at term 1 for becomeLeader, leader elected after 5123ms
2023-09-19 02:05:22,480 [5eadcd64-1d4b-44b8-a1e5-0066e95eb1a1@group-B2C302EE2684-LeaderElection15] INFO  server.RaftServerConfigKeys (ConfUtils.java:logGet(46)) - raft.server.staging.catchup.gap = 1000 (default)
2023-09-19 02:05:22,480 [5eadcd64-1d4b-44b8-a1e5-0066e95eb1a1@group-B2C302EE2684-LeaderElection15] INFO  server.RaftServerConfigKeys (ConfUtils.java:logGet(46)) - raft.server.write.element-limit = 1024 (custom)
2023-09-19 02:05:22,480 [5eadcd64-1d4b-44b8-a1e5-0066e95eb1a1@group-B2C302EE2684-LeaderElection15] INFO  server.RaftServerConfigKeys (ConfUtils.java:logGet(46)) - raft.server.write.byte-limit = 1024 M (=1073741824) (custom)
2023-09-19 02:05:22,481 [5eadcd64-1d4b-44b8-a1e5-0066e95eb1a1@group-B2C302EE2684-LeaderElection15] INFO  server.RaftServerConfigKeys (ConfUtils.java:logGet(46)) - raft.server.watch.timeout = 180s (custom)
2023-09-19 02:05:22,481 [5eadcd64-1d4b-44b8-a1e5-0066e95eb1a1@group-B2C302EE2684-LeaderElection15] INFO  server.RaftServerConfigKeys (ConfUtils.java:logGet(46)) - raft.server.watch.timeout.denomination = 1s (default)
2023-09-19 02:05:22,481 [5eadcd64-1d4b-44b8-a1e5-0066e95eb1a1@group-B2C302EE2684-LeaderElection15] INFO  server.RaftServerConfigKeys (ConfUtils.java:logGet(46)) - raft.server.watch.element-limit = 65536 (default)
2023-09-19 02:05:22,481 [5eadcd64-1d4b-44b8-a1e5-0066e95eb1a1@group-B2C302EE2684-LeaderElection15] INFO  server.RaftServerConfigKeys (ConfUtils.java:logGet(46)) - raft.server.write.element-limit = 1024 (custom)
2023-09-19 02:05:22,481 [5eadcd64-1d4b-44b8-a1e5-0066e95eb1a1@group-B2C302EE2684-LeaderElection15] INFO  server.RaftServerConfigKeys (ConfUtils.java:logGet(46)) - raft.server.write.follower.gap.ratio.max = -1.0 (default)
2023-09-19 02:05:22,481 [5eadcd64-1d4b-44b8-a1e5-0066e95eb1a1@group-B2C302EE2684-LeaderElection15] INFO  impl.RoleInfo (RoleInfo.java:updateAndGet(139)) - 5eadcd64-1d4b-44b8-a1e5-0066e95eb1a1: start 5eadcd64-1d4b-44b8-a1e5-0066e95eb1a1@group-B2C302EE2684-LeaderStateImpl
2023-09-19 02:05:22,481 [5eadcd64-1d4b-44b8-a1e5-0066e95eb1a1@group-B2C302EE2684-LeaderElection15] INFO  segmented.SegmentedRaftLogWorker (SegmentedRaftLogWorker.java:startLogSegment(447)) - 5eadcd64-1d4b-44b8-a1e5-0066e95eb1a1@group-B2C302EE2684-SegmentedRaftLogWorker: Starting segment from index:0
2023-09-19 02:05:22,492 [5eadcd64-1d4b-44b8-a1e5-0066e95eb1a1@group-B2C302EE2684-LeaderElection15] INFO  server.RaftServer$Division (ServerState.java:setRaftConf(434)) - 5eadcd64-1d4b-44b8-a1e5-0066e95eb1a1@group-B2C302EE2684: set configuration 0: peers:[5eadcd64-1d4b-44b8-a1e5-0066e95eb1a1|rpc:10.1.0.29:15076|admin:10.1.0.29:15075|client:10.1.0.29:15074|dataStream:10.1.0.29:15077|priority:1|startupRole:FOLLOWER]|listeners:[], old=null
2023-09-19 02:05:22,494 [5eadcd64-1d4b-44b8-a1e5-0066e95eb1a1@group-B2C302EE2684-SegmentedRaftLogWorker] INFO  segmented.SegmentedRaftLogWorker (SegmentedRaftLogWorker.java:execute(651)) - 5eadcd64-1d4b-44b8-a1e5-0066e95eb1a1@group-B2C302EE2684-SegmentedRaftLogWorker: created new log segment /home/runner/work/ozone/ozone/hadoop-ozone/integration-test/target/test-dir/MiniOzoneClusterImpl-5e324384-037a-4cb1-b856-3c07748222cd/datanode-1/data/ratis/07f52442-9f10-43a4-8583-b2c302ee2684/current/log_inprogress_0
2023-09-19 02:05:22,661 [bb1c6357-9327-4202-8734-55e8eab5c756@group-CAE25B30FF69-FollowerState] INFO  impl.FollowerState (FollowerState.java:run(143)) - bb1c6357-9327-4202-8734-55e8eab5c756@group-CAE25B30FF69-FollowerState: change to CANDIDATE, lastRpcElapsedTime:5015677566ns, electionTimeout:5012ms
2023-09-19 02:05:22,661 [bb1c6357-9327-4202-8734-55e8eab5c756@group-CAE25B30FF69-FollowerState] INFO  impl.RoleInfo (RoleInfo.java:shutdownFollowerState(110)) - bb1c6357-9327-4202-8734-55e8eab5c756: shutdown bb1c6357-9327-4202-8734-55e8eab5c756@group-CAE25B30FF69-FollowerState
2023-09-19 02:05:22,661 [bb1c6357-9327-4202-8734-55e8eab5c756@group-CAE25B30FF69-FollowerState] INFO  server.RaftServer$Division (RaftServerImpl.java:setRole(329)) - bb1c6357-9327-4202-8734-55e8eab5c756@group-CAE25B30FF69: changes role from  FOLLOWER to CANDIDATE at term 0 for changeToCandidate
2023-09-19 02:05:22,661 [bb1c6357-9327-4202-8734-55e8eab5c756@group-CAE25B30FF69-FollowerState] INFO  server.RaftServerConfigKeys (ConfUtils.java:logGet(46)) - raft.server.leaderelection.pre-vote = true (default)
2023-09-19 02:05:22,661 [bb1c6357-9327-4202-8734-55e8eab5c756@group-CAE25B30FF69-FollowerState] INFO  impl.RoleInfo (RoleInfo.java:updateAndGet(139)) - bb1c6357-9327-4202-8734-55e8eab5c756: start bb1c6357-9327-4202-8734-55e8eab5c756@group-CAE25B30FF69-LeaderElection16
2023-09-19 02:05:22,663 [bb1c6357-9327-4202-8734-55e8eab5c756@group-CAE25B30FF69-LeaderElection16] INFO  impl.LeaderElection (LeaderElection.java:askForVotes(321)) - bb1c6357-9327-4202-8734-55e8eab5c756@group-CAE25B30FF69-LeaderElection16 PRE_VOTE round 0: submit vote requests at term 0 for -1: peers:[bb1c6357-9327-4202-8734-55e8eab5c756|rpc:10.1.0.29:15085|admin:10.1.0.29:15084|client:10.1.0.29:15083|dataStream:10.1.0.29:15086|priority:1|startupRole:FOLLOWER]|listeners:[], old=null
2023-09-19 02:05:22,663 [bb1c6357-9327-4202-8734-55e8eab5c756@group-CAE25B30FF69-LeaderElection16] INFO  impl.LeaderElection (LeaderElection.java:askForVotes(323)) - bb1c6357-9327-4202-8734-55e8eab5c756@group-CAE25B30FF69-LeaderElection16 PRE_VOTE round 0: result PASSED (term=0)
2023-09-19 02:05:22,664 [bb1c6357-9327-4202-8734-55e8eab5c756@group-CAE25B30FF69-LeaderElection16] INFO  impl.LeaderElection (LeaderElection.java:askForVotes(321)) - bb1c6357-9327-4202-8734-55e8eab5c756@group-CAE25B30FF69-LeaderElection16 ELECTION round 0: submit vote requests at term 1 for -1: peers:[bb1c6357-9327-4202-8734-55e8eab5c756|rpc:10.1.0.29:15085|admin:10.1.0.29:15084|client:10.1.0.29:15083|dataStream:10.1.0.29:15086|priority:1|startupRole:FOLLOWER]|listeners:[], old=null
2023-09-19 02:05:22,664 [bb1c6357-9327-4202-8734-55e8eab5c756@group-CAE25B30FF69-LeaderElection16] INFO  impl.LeaderElection (LeaderElection.java:askForVotes(323)) - bb1c6357-9327-4202-8734-55e8eab5c756@group-CAE25B30FF69-LeaderElection16 ELECTION round 0: result PASSED (term=1)
2023-09-19 02:05:22,665 [bb1c6357-9327-4202-8734-55e8eab5c756@group-CAE25B30FF69-LeaderElection16] INFO  impl.RoleInfo (RoleInfo.java:shutdownLeaderElection(130)) - bb1c6357-9327-4202-8734-55e8eab5c756: shutdown bb1c6357-9327-4202-8734-55e8eab5c756@group-CAE25B30FF69-LeaderElection16
2023-09-19 02:05:22,665 [bb1c6357-9327-4202-8734-55e8eab5c756@group-CAE25B30FF69-LeaderElection16] INFO  server.RaftServer$Division (RaftServerImpl.java:setRole(329)) - bb1c6357-9327-4202-8734-55e8eab5c756@group-CAE25B30FF69: changes role from CANDIDATE to LEADER at term 1 for changeToLeader
2023-09-19 02:05:22,665 [bb1c6357-9327-4202-8734-55e8eab5c756@group-CAE25B30FF69-LeaderElection16] INFO  ratis.XceiverServerRatis (XceiverServerRatis.java:handleLeaderChangedNotification(902)) - Leader change notification received for group: group-CAE25B30FF69 with new leaderId: bb1c6357-9327-4202-8734-55e8eab5c756
2023-09-19 02:05:22,665 [bb1c6357-9327-4202-8734-55e8eab5c756@group-CAE25B30FF69-LeaderElection16] INFO  server.RaftServer$Division (ServerState.java:setLeader(317)) - bb1c6357-9327-4202-8734-55e8eab5c756@group-CAE25B30FF69: change Leader from null to bb1c6357-9327-4202-8734-55e8eab5c756 at term 1 for becomeLeader, leader elected after 5033ms
2023-09-19 02:05:22,665 [bb1c6357-9327-4202-8734-55e8eab5c756@group-CAE25B30FF69-LeaderElection16] INFO  server.RaftServerConfigKeys (ConfUtils.java:logGet(46)) - raft.server.staging.catchup.gap = 1000 (default)
2023-09-19 02:05:22,665 [bb1c6357-9327-4202-8734-55e8eab5c756@group-CAE25B30FF69-LeaderElection16] INFO  server.RaftServerConfigKeys (ConfUtils.java:logGet(46)) - raft.server.write.element-limit = 1024 (custom)
2023-09-19 02:05:22,665 [bb1c6357-9327-4202-8734-55e8eab5c756@group-CAE25B30FF69-LeaderElection16] INFO  server.RaftServerConfigKeys (ConfUtils.java:logGet(46)) - raft.server.write.byte-limit = 1024 M (=1073741824) (custom)
2023-09-19 02:05:22,666 [bb1c6357-9327-4202-8734-55e8eab5c756@group-CAE25B30FF69-LeaderElection16] INFO  server.RaftServerConfigKeys (ConfUtils.java:logGet(46)) - raft.server.watch.timeout = 180s (custom)
2023-09-19 02:05:22,666 [bb1c6357-9327-4202-8734-55e8eab5c756@group-CAE25B30FF69-LeaderElection16] INFO  server.RaftServerConfigKeys (ConfUtils.java:logGet(46)) - raft.server.watch.timeout.denomination = 1s (default)
2023-09-19 02:05:22,666 [bb1c6357-9327-4202-8734-55e8eab5c756@group-CAE25B30FF69-LeaderElection16] INFO  server.RaftServerConfigKeys (ConfUtils.java:logGet(46)) - raft.server.watch.element-limit = 65536 (default)
2023-09-19 02:05:22,666 [bb1c6357-9327-4202-8734-55e8eab5c756@group-CAE25B30FF69-LeaderElection16] INFO  server.RaftServerConfigKeys (ConfUtils.java:logGet(46)) - raft.server.write.element-limit = 1024 (custom)
2023-09-19 02:05:22,666 [bb1c6357-9327-4202-8734-55e8eab5c756@group-CAE25B30FF69-LeaderElection16] INFO  server.RaftServerConfigKeys (ConfUtils.java:logGet(46)) - raft.server.write.follower.gap.ratio.max = -1.0 (default)
2023-09-19 02:05:22,666 [bb1c6357-9327-4202-8734-55e8eab5c756@group-CAE25B30FF69-LeaderElection16] INFO  impl.RoleInfo (RoleInfo.java:updateAndGet(139)) - bb1c6357-9327-4202-8734-55e8eab5c756: start bb1c6357-9327-4202-8734-55e8eab5c756@group-CAE25B30FF69-LeaderStateImpl
2023-09-19 02:05:22,666 [bb1c6357-9327-4202-8734-55e8eab5c756@group-CAE25B30FF69-LeaderElection16] INFO  segmented.SegmentedRaftLogWorker (SegmentedRaftLogWorker.java:startLogSegment(447)) - bb1c6357-9327-4202-8734-55e8eab5c756@group-CAE25B30FF69-SegmentedRaftLogWorker: Starting segment from index:0
2023-09-19 02:05:22,666 [bb1c6357-9327-4202-8734-55e8eab5c756@group-CAE25B30FF69-LeaderElection16] INFO  server.RaftServer$Division (ServerState.java:setRaftConf(434)) - bb1c6357-9327-4202-8734-55e8eab5c756@group-CAE25B30FF69: set configuration 0: peers:[bb1c6357-9327-4202-8734-55e8eab5c756|rpc:10.1.0.29:15085|admin:10.1.0.29:15084|client:10.1.0.29:15083|dataStream:10.1.0.29:15086|priority:1|startupRole:FOLLOWER]|listeners:[], old=null
2023-09-19 02:05:22,671 [bb1c6357-9327-4202-8734-55e8eab5c756@group-CAE25B30FF69-SegmentedRaftLogWorker] INFO  segmented.SegmentedRaftLogWorker (SegmentedRaftLogWorker.java:execute(651)) - bb1c6357-9327-4202-8734-55e8eab5c756@group-CAE25B30FF69-SegmentedRaftLogWorker: created new log segment /home/runner/work/ozone/ozone/hadoop-ozone/integration-test/target/test-dir/MiniOzoneClusterImpl-5e324384-037a-4cb1-b856-3c07748222cd/datanode-2/data/ratis/c37b4921-bf3a-4713-ae85-cae25b30ff69/current/log_inprogress_0
2023-09-19 02:05:23,044 [bcaae8f3-caee-42e8-b1a6-86ffb8b58650@group-282F0C943B60-FollowerState] INFO  impl.FollowerState (FollowerState.java:run(143)) - bcaae8f3-caee-42e8-b1a6-86ffb8b58650@group-282F0C943B60-FollowerState: change to CANDIDATE, lastRpcElapsedTime:5113317764ns, electionTimeout:5112ms
2023-09-19 02:05:23,044 [bcaae8f3-caee-42e8-b1a6-86ffb8b58650@group-282F0C943B60-FollowerState] INFO  impl.RoleInfo (RoleInfo.java:shutdownFollowerState(110)) - bcaae8f3-caee-42e8-b1a6-86ffb8b58650: shutdown bcaae8f3-caee-42e8-b1a6-86ffb8b58650@group-282F0C943B60-FollowerState
2023-09-19 02:05:23,044 [bcaae8f3-caee-42e8-b1a6-86ffb8b58650@group-282F0C943B60-FollowerState] INFO  server.RaftServer$Division (RaftServerImpl.java:setRole(329)) - bcaae8f3-caee-42e8-b1a6-86ffb8b58650@group-282F0C943B60: changes role from  FOLLOWER to CANDIDATE at term 0 for changeToCandidate
2023-09-19 02:05:23,044 [bcaae8f3-caee-42e8-b1a6-86ffb8b58650@group-282F0C943B60-FollowerState] INFO  server.RaftServerConfigKeys (ConfUtils.java:logGet(46)) - raft.server.leaderelection.pre-vote = true (default)
2023-09-19 02:05:23,044 [bcaae8f3-caee-42e8-b1a6-86ffb8b58650@group-282F0C943B60-FollowerState] INFO  impl.RoleInfo (RoleInfo.java:updateAndGet(139)) - bcaae8f3-caee-42e8-b1a6-86ffb8b58650: start bcaae8f3-caee-42e8-b1a6-86ffb8b58650@group-282F0C943B60-LeaderElection17
2023-09-19 02:05:23,046 [bcaae8f3-caee-42e8-b1a6-86ffb8b58650@group-282F0C943B60-LeaderElection17] INFO  impl.LeaderElection (LeaderElection.java:askForVotes(321)) - bcaae8f3-caee-42e8-b1a6-86ffb8b58650@group-282F0C943B60-LeaderElection17 PRE_VOTE round 0: submit vote requests at term 0 for -1: peers:[bcaae8f3-caee-42e8-b1a6-86ffb8b58650|rpc:10.1.0.29:15094|admin:10.1.0.29:15093|client:10.1.0.29:15092|dataStream:10.1.0.29:15095|priority:1|startupRole:FOLLOWER]|listeners:[], old=null
2023-09-19 02:05:23,046 [bcaae8f3-caee-42e8-b1a6-86ffb8b58650@group-282F0C943B60-LeaderElection17] INFO  impl.LeaderElection (LeaderElection.java:askForVotes(323)) - bcaae8f3-caee-42e8-b1a6-86ffb8b58650@group-282F0C943B60-LeaderElection17 PRE_VOTE round 0: result PASSED (term=0)
2023-09-19 02:05:23,047 [bcaae8f3-caee-42e8-b1a6-86ffb8b58650@group-282F0C943B60-LeaderElection17] INFO  impl.LeaderElection (LeaderElection.java:askForVotes(321)) - bcaae8f3-caee-42e8-b1a6-86ffb8b58650@group-282F0C943B60-LeaderElection17 ELECTION round 0: submit vote requests at term 1 for -1: peers:[bcaae8f3-caee-42e8-b1a6-86ffb8b58650|rpc:10.1.0.29:15094|admin:10.1.0.29:15093|client:10.1.0.29:15092|dataStream:10.1.0.29:15095|priority:1|startupRole:FOLLOWER]|listeners:[], old=null
2023-09-19 02:05:23,047 [bcaae8f3-caee-42e8-b1a6-86ffb8b58650@group-282F0C943B60-LeaderElection17] INFO  impl.LeaderElection (LeaderElection.java:askForVotes(323)) - bcaae8f3-caee-42e8-b1a6-86ffb8b58650@group-282F0C943B60-LeaderElection17 ELECTION round 0: result PASSED (term=1)
2023-09-19 02:05:23,047 [bcaae8f3-caee-42e8-b1a6-86ffb8b58650@group-282F0C943B60-LeaderElection17] INFO  impl.RoleInfo (RoleInfo.java:shutdownLeaderElection(130)) - bcaae8f3-caee-42e8-b1a6-86ffb8b58650: shutdown bcaae8f3-caee-42e8-b1a6-86ffb8b58650@group-282F0C943B60-LeaderElection17
2023-09-19 02:05:23,047 [bcaae8f3-caee-42e8-b1a6-86ffb8b58650@group-282F0C943B60-LeaderElection17] INFO  server.RaftServer$Division (RaftServerImpl.java:setRole(329)) - bcaae8f3-caee-42e8-b1a6-86ffb8b58650@group-282F0C943B60: changes role from CANDIDATE to LEADER at term 1 for changeToLeader
2023-09-19 02:05:23,047 [bcaae8f3-caee-42e8-b1a6-86ffb8b58650@group-282F0C943B60-LeaderElection17] INFO  ratis.XceiverServerRatis (XceiverServerRatis.java:handleLeaderChangedNotification(902)) - Leader change notification received for group: group-282F0C943B60 with new leaderId: bcaae8f3-caee-42e8-b1a6-86ffb8b58650
2023-09-19 02:05:23,047 [bcaae8f3-caee-42e8-b1a6-86ffb8b58650@group-282F0C943B60-LeaderElection17] INFO  server.RaftServer$Division (ServerState.java:setLeader(317)) - bcaae8f3-caee-42e8-b1a6-86ffb8b58650@group-282F0C943B60: change Leader from null to bcaae8f3-caee-42e8-b1a6-86ffb8b58650 at term 1 for becomeLeader, leader elected after 5133ms
2023-09-19 02:05:23,048 [bcaae8f3-caee-42e8-b1a6-86ffb8b58650@group-282F0C943B60-LeaderElection17] INFO  server.RaftServerConfigKeys (ConfUtils.java:logGet(46)) - raft.server.staging.catchup.gap = 1000 (default)
2023-09-19 02:05:23,048 [bcaae8f3-caee-42e8-b1a6-86ffb8b58650@group-282F0C943B60-LeaderElection17] INFO  server.RaftServerConfigKeys (ConfUtils.java:logGet(46)) - raft.server.write.element-limit = 1024 (custom)
2023-09-19 02:05:23,048 [bcaae8f3-caee-42e8-b1a6-86ffb8b58650@group-282F0C943B60-LeaderElection17] INFO  server.RaftServerConfigKeys (ConfUtils.java:logGet(46)) - raft.server.write.byte-limit = 1024 M (=1073741824) (custom)
2023-09-19 02:05:23,048 [bcaae8f3-caee-42e8-b1a6-86ffb8b58650@group-282F0C943B60-LeaderElection17] INFO  server.RaftServerConfigKeys (ConfUtils.java:logGet(46)) - raft.server.watch.timeout = 180s (custom)
2023-09-19 02:05:23,048 [bcaae8f3-caee-42e8-b1a6-86ffb8b58650@group-282F0C943B60-LeaderElection17] INFO  server.RaftServerConfigKeys (ConfUtils.java:logGet(46)) - raft.server.watch.timeout.denomination = 1s (default)
2023-09-19 02:05:23,049 [bcaae8f3-caee-42e8-b1a6-86ffb8b58650@group-282F0C943B60-LeaderElection17] INFO  server.RaftServerConfigKeys (ConfUtils.java:logGet(46)) - raft.server.watch.element-limit = 65536 (default)
2023-09-19 02:05:23,049 [bcaae8f3-caee-42e8-b1a6-86ffb8b58650@group-282F0C943B60-LeaderElection17] INFO  server.RaftServerConfigKeys (ConfUtils.java:logGet(46)) - raft.server.write.element-limit = 1024 (custom)
2023-09-19 02:05:23,049 [bcaae8f3-caee-42e8-b1a6-86ffb8b58650@group-282F0C943B60-LeaderElection17] INFO  server.RaftServerConfigKeys (ConfUtils.java:logGet(46)) - raft.server.write.follower.gap.ratio.max = -1.0 (default)
2023-09-19 02:05:23,049 [bcaae8f3-caee-42e8-b1a6-86ffb8b58650@group-282F0C943B60-LeaderElection17] INFO  impl.RoleInfo (RoleInfo.java:updateAndGet(139)) - bcaae8f3-caee-42e8-b1a6-86ffb8b58650: start bcaae8f3-caee-42e8-b1a6-86ffb8b58650@group-282F0C943B60-LeaderStateImpl
2023-09-19 02:05:23,049 [bcaae8f3-caee-42e8-b1a6-86ffb8b58650@group-282F0C943B60-LeaderElection17] INFO  segmented.SegmentedRaftLogWorker (SegmentedRaftLogWorker.java:startLogSegment(447)) - bcaae8f3-caee-42e8-b1a6-86ffb8b58650@group-282F0C943B60-SegmentedRaftLogWorker: Starting segment from index:0
2023-09-19 02:05:23,049 [bcaae8f3-caee-42e8-b1a6-86ffb8b58650@group-282F0C943B60-LeaderElection17] INFO  server.RaftServer$Division (ServerState.java:setRaftConf(434)) - bcaae8f3-caee-42e8-b1a6-86ffb8b58650@group-282F0C943B60: set configuration 0: peers:[bcaae8f3-caee-42e8-b1a6-86ffb8b58650|rpc:10.1.0.29:15094|admin:10.1.0.29:15093|client:10.1.0.29:15092|dataStream:10.1.0.29:15095|priority:1|startupRole:FOLLOWER]|listeners:[], old=null
2023-09-19 02:05:23,051 [bcaae8f3-caee-42e8-b1a6-86ffb8b58650@group-282F0C943B60-SegmentedRaftLogWorker] INFO  segmented.SegmentedRaftLogWorker (SegmentedRaftLogWorker.java:execute(651)) - bcaae8f3-caee-42e8-b1a6-86ffb8b58650@group-282F0C943B60-SegmentedRaftLogWorker: created new log segment /home/runner/work/ozone/ozone/hadoop-ozone/integration-test/target/test-dir/MiniOzoneClusterImpl-5e324384-037a-4cb1-b856-3c07748222cd/datanode-3/data/ratis/7cd09836-2323-427c-b8dd-282f0c943b60/current/log_inprogress_0
2023-09-19 02:05:23,202 [main] INFO  ozone.MiniOzoneClusterImpl (MiniOzoneClusterImpl.java:lambda$waitForClusterToBeReady$0(224)) - Nodes are ready. Got 5 of 5 DN Heartbeats.
2023-09-19 02:05:23,202 [main] INFO  ozone.MiniOzoneClusterImpl (MiniOzoneClusterImpl.java:lambda$waitForClusterToBeReady$0(227)) - Cluster exits safe mode
2023-09-19 02:05:23,202 [main] INFO  ozone.MiniOzoneClusterImpl (MiniOzoneClusterImpl.java:lambda$waitForClusterToBeReady$0(229)) - SCM became leader
2023-09-19 02:05:23,224 [main] INFO  rpc.RpcClient (RpcClient.java:createVolume(461)) - Creating Volume: volume43065, with user12433 as owner and space quota set to -1 bytes, counts quota set to -1
2023-09-19 02:05:23,227 [IPC Server handler 2 on default port 15057] INFO  volume.OMVolumeCreateRequest (OMVolumeCreateRequest.java:validateAndUpdateCache(196)) - created volume:volume43065 for user:user12433
2023-09-19 02:05:23,234 [main] INFO  rpc.RpcClient (RpcClient.java:createBucket(688)) - Creating Bucket: volume43065/bucket81401, with bucket layout LEGACY, runner as owner, Versioning false, Storage Type set to DISK and Encryption set to false, Replication Type set to server-side default replication type, Namespace Quota set to -1, Space Quota set to -1 
2023-09-19 02:05:23,236 [IPC Server handler 3 on default port 15057] INFO  bucket.OMBucketCreateRequest (OMBucketCreateRequest.java:validateAndUpdateCache(270)) - created bucket: bucket81401 of layout LEGACY in volume: volume43065
]]></system-out>
  </testcase>
  <testcase name="testGetTrashRoot" classname="TestOzoneFileSystem" time="17.802">
    <system-out><![CDATA[2023-09-19 02:06:08,019 [main] INFO  ozone.MiniOzoneClusterImpl (MiniOzoneClusterImpl.java:shutdown(443)) - Shutting down the Mini Ozone Cluster
2023-09-19 02:06:08,019 [main] INFO  ozone.MiniOzoneClusterImpl (MiniOzoneClusterImpl.java:stop(460)) - Stopping the Mini Ozone Cluster
2023-09-19 02:06:08,019 [main] INFO  ozone.MiniOzoneClusterImpl (MiniOzoneClusterImpl.java:stopOM(551)) - Stopping the OzoneManager
2023-09-19 02:06:08,020 [main] INFO  om.OzoneManager (OzoneManager.java:stop(2207)) - om1[localhost:15057]: Stopping Ozone Manager
2023-09-19 02:06:08,020 [main] INFO  ipc.Server (Server.java:stop(3523)) - Stopping server on 15057
2023-09-19 02:06:08,023 [IPC Server handler 5 on default port 15057] WARN  ipc.Server (Server.java:processResponse(1772)) - IPC Server handler 5 on default port 15057, call Call#117856 Retry#0 org.apache.hadoop.ozone.om.protocol.OzoneManagerProtocol.submitRequest from localhost:37592 / 127.0.0.1:37592: output error
2023-09-19 02:06:08,023 [IPC Server handler 5 on default port 15057] INFO  ipc.Server (Server.java:run(3061)) - IPC Server handler 5 on default port 15057 caught an exception
java.nio.channels.ClosedByInterruptException
	at java.nio.channels.spi.AbstractInterruptibleChannel.end(AbstractInterruptibleChannel.java:202)
	at sun.nio.ch.SocketChannelImpl.write(SocketChannelImpl.java:477)
	at org.apache.hadoop.ipc.Server.channelWrite(Server.java:3743)
	at org.apache.hadoop.ipc.Server.access$1800(Server.java:148)
	at org.apache.hadoop.ipc.Server$Responder.processResponse(Server.java:1722)
	at org.apache.hadoop.ipc.Server$Responder.doRespond(Server.java:1792)
	at org.apache.hadoop.ipc.Server$Connection.sendResponse(Server.java:2919)
	at org.apache.hadoop.ipc.Server$Connection.access$400(Server.java:1864)
	at org.apache.hadoop.ipc.Server$RpcCall.doResponse(Server.java:1176)
	at org.apache.hadoop.ipc.Server$Call.doResponse(Server.java:954)
	at org.apache.hadoop.ipc.Server$Call.sendResponse(Server.java:940)
	at org.apache.hadoop.ipc.Server$RpcCall.run(Server.java:1111)
	at org.apache.hadoop.ipc.Server$RpcCall.run(Server.java:1017)
	at java.security.AccessController.doPrivileged(Native Method)
	at javax.security.auth.Subject.doAs(Subject.java:422)
	at org.apache.hadoop.security.UserGroupInformation.doAs(UserGroupInformation.java:1899)
	at org.apache.hadoop.ipc.Server$Handler.run(Server.java:3048)
2023-09-19 02:06:08,027 [IPC Server listener on 15057] INFO  ipc.Server (Server.java:run(1434)) - Stopping IPC Server listener on 15057
2023-09-19 02:06:08,028 [IPC Server Responder] INFO  ipc.Server (Server.java:run(1567)) - Stopping IPC Server Responder
2023-09-19 02:06:08,028 [main] INFO  ratis.OzoneManagerDoubleBuffer (OzoneManagerDoubleBuffer.java:stopDaemon(551)) - Stopping OMDoubleBuffer flush thread
2023-09-19 02:06:08,028 [OMDoubleBufferFlushThread] INFO  ratis.OzoneManagerDoubleBuffer (OzoneManagerDoubleBuffer.java:canFlush(638)) - OMDoubleBuffer flush thread OMDoubleBufferFlushThread is interrupted and will exit.
2023-09-19 02:06:08,029 [main] INFO  utils.BackgroundService (BackgroundService.java:shutdown(141)) - Shutting down service KeyDeletingService
2023-09-19 02:06:08,029 [main] INFO  utils.BackgroundService (BackgroundService.java:shutdown(141)) - Shutting down service KeyDeletingService
2023-09-19 02:06:08,029 [main] INFO  utils.BackgroundService (BackgroundService.java:shutdown(141)) - Shutting down service OpenKeyCleanupService
2023-09-19 02:06:08,030 [main] INFO  utils.BackgroundService (BackgroundService.java:shutdown(141)) - Shutting down service SstFilteringService
2023-09-19 02:06:08,030 [main] INFO  utils.BackgroundService (BackgroundService.java:shutdown(141)) - Shutting down service SnapshotDeletingService
2023-09-19 02:06:08,030 [main] INFO  handler.ContextHandler (ContextHandler.java:doStop(1159)) - Stopped o.e.j.w.WebAppContext@7bac7cfd{ozoneManager,/,null,STOPPED}{file:/home/runner/work/ozone/ozone/hadoop-ozone/integration-test/target/test-classes/webapps/ozoneManager}
2023-09-19 02:06:08,031 [main] INFO  server.AbstractConnector (AbstractConnector.java:doStop(383)) - Stopped ServerConnector@b2240cf{HTTP/1.1, (http/1.1)}{0.0.0.0:15058}
2023-09-19 02:06:08,031 [main] INFO  server.session (HouseKeeper.java:stopScavenging(149)) - node0 Stopped scavenging
2023-09-19 02:06:08,031 [main] INFO  handler.ContextHandler (ContextHandler.java:doStop(1159)) - Stopped o.e.j.s.ServletContextHandler@7011f548{static,/static,file:///home/runner/work/ozone/ozone/hadoop-ozone/integration-test/target/test-classes/webapps/static,STOPPED}
2023-09-19 02:06:08,032 [main] INFO  handler.ContextHandler (ContextHandler.java:doStop(1159)) - Stopped o.e.j.s.ServletContextHandler@490b916c{logs,/logs,file:///home/runner/work/ozone/ozone/hadoop-ozone/integration-test/target/log,STOPPED}
2023-09-19 02:06:08,033 [Trash Emptier] ERROR om.TrashPolicyOzone (TrashPolicyOzone.java:run(354)) - Error attempting to shutdown
java.lang.InterruptedException
	at java.util.concurrent.locks.AbstractQueuedSynchronizer$ConditionObject.awaitNanos(AbstractQueuedSynchronizer.java:2067)
	at java.util.concurrent.ThreadPoolExecutor.awaitTermination(ThreadPoolExecutor.java:1475)
	at org.apache.hadoop.ozone.om.TrashPolicyOzone$Emptier.run(TrashPolicyOzone.java:352)
	at java.lang.Thread.run(Thread.java:750)
2023-09-19 02:06:08,033 [main] INFO  rocksdiff.RocksDBCheckpointDiffer (RocksDBCheckpointDiffer.java:close(343)) - Shutting down CompactionDagPruningService.
2023-09-19 02:06:08,035 [main] INFO  snapshot.SnapshotDiffManager (SnapshotDiffManager.java:closeExecutorService(1718)) - Shutting down executorService: 'SnapDiffExecutor'
2023-09-19 02:06:08,035 [main] INFO  snapshot.SnapshotDiffManager (SnapshotDiffManager.java:closeExecutorService(1718)) - Shutting down executorService: 'SstDumpToolExecutor'
2023-09-19 02:06:08,035 [main] INFO  utils.BackgroundService (BackgroundService.java:shutdown(141)) - Shutting down service SnapshotDiffCleanupService
2023-09-19 02:06:08,036 [JvmPauseMonitor8] INFO  util.JvmPauseMonitor (JvmPauseMonitor.java:run(109)) - JvmPauseMonitor-86bbd1c6-a1a3-4580-bfa9-16be91273ff0: Stopped
2023-09-19 02:06:08,036 [main] INFO  ozone.MiniOzoneClusterImpl (MiniOzoneClusterImpl.java:stopDatanodes(528)) - Stopping the HddsDatanodes
2023-09-19 02:06:08,040 [ForkJoinPool.commonPool-worker-3] INFO  ozoneimpl.OzoneContainer (OzoneContainer.java:stop(451)) - Attempting to stop container services.
2023-09-19 02:06:08,041 [ForkJoinPool.commonPool-worker-3] INFO  server.RaftServer (RaftServerProxy.java:lambda$close$6(416)) - 5eadcd64-1d4b-44b8-a1e5-0066e95eb1a1: close
2023-09-19 02:06:08,041 [5eadcd64-1d4b-44b8-a1e5-0066e95eb1a1-impl-thread1] INFO  server.RaftServer$Division (RaftServerImpl.java:lambda$close$4(466)) - 5eadcd64-1d4b-44b8-a1e5-0066e95eb1a1@group-59CA478D303A: shutdown
2023-09-19 02:06:08,041 [5eadcd64-1d4b-44b8-a1e5-0066e95eb1a1-impl-thread1] INFO  util.JmxRegister (JmxRegister.java:unregister(73)) - Successfully un-registered JMX Bean with object name Ratis:service=RaftServer,group=group-59CA478D303A,id=5eadcd64-1d4b-44b8-a1e5-0066e95eb1a1
2023-09-19 02:06:08,041 [5eadcd64-1d4b-44b8-a1e5-0066e95eb1a1-impl-thread1] INFO  impl.RoleInfo (RoleInfo.java:shutdownFollowerState(110)) - 5eadcd64-1d4b-44b8-a1e5-0066e95eb1a1: shutdown 5eadcd64-1d4b-44b8-a1e5-0066e95eb1a1@group-59CA478D303A-FollowerState
2023-09-19 02:06:08,041 [ForkJoinPool.commonPool-worker-3] INFO  server.GrpcService (GrpcService.java:closeImpl(311)) - 5eadcd64-1d4b-44b8-a1e5-0066e95eb1a1: shutdown server org.apache.ratis.grpc.server.GrpcClientProtocolService now
2023-09-19 02:06:08,041 [5eadcd64-1d4b-44b8-a1e5-0066e95eb1a1-impl-thread3] INFO  server.RaftServer$Division (RaftServerImpl.java:lambda$close$4(466)) - 5eadcd64-1d4b-44b8-a1e5-0066e95eb1a1@group-B2C302EE2684: shutdown
2023-09-19 02:06:08,041 [5eadcd64-1d4b-44b8-a1e5-0066e95eb1a1-impl-thread2] INFO  server.RaftServer$Division (RaftServerImpl.java:lambda$close$4(466)) - 5eadcd64-1d4b-44b8-a1e5-0066e95eb1a1@group-116411D7D5F3: shutdown
2023-09-19 02:06:08,042 [5eadcd64-1d4b-44b8-a1e5-0066e95eb1a1-impl-thread1] INFO  impl.StateMachineUpdater (StateMachineUpdater.java:stopAndJoin(155)) - 5eadcd64-1d4b-44b8-a1e5-0066e95eb1a1@group-59CA478D303A-StateMachineUpdater: set stopIndex = 25
2023-09-19 02:06:08,042 [5eadcd64-1d4b-44b8-a1e5-0066e95eb1a1@group-59CA478D303A-FollowerState] INFO  impl.FollowerState (FollowerState.java:run(152)) - 5eadcd64-1d4b-44b8-a1e5-0066e95eb1a1@group-59CA478D303A-FollowerState was interrupted
2023-09-19 02:06:08,042 [5eadcd64-1d4b-44b8-a1e5-0066e95eb1a1@group-59CA478D303A-StateMachineUpdater] INFO  ratis.ContainerStateMachine (ContainerStateMachine.java:takeSnapshot(330)) - group-59CA478D303A: Taking a snapshot at:(t:1, i:25) file /home/runner/work/ozone/ozone/hadoop-ozone/integration-test/target/test-dir/MiniOzoneClusterImpl-5e324384-037a-4cb1-b856-3c07748222cd/datanode-1/data/ratis/090ca039-d742-4dd5-a11d-59ca478d303a/sm/snapshot.1_25
2023-09-19 02:06:08,043 [5eadcd64-1d4b-44b8-a1e5-0066e95eb1a1-impl-thread3] INFO  util.JmxRegister (JmxRegister.java:unregister(73)) - Successfully un-registered JMX Bean with object name Ratis:service=RaftServer,group=group-B2C302EE2684,id=5eadcd64-1d4b-44b8-a1e5-0066e95eb1a1
2023-09-19 02:06:08,043 [5eadcd64-1d4b-44b8-a1e5-0066e95eb1a1-impl-thread3] INFO  impl.RoleInfo (RoleInfo.java:shutdownLeaderState(93)) - 5eadcd64-1d4b-44b8-a1e5-0066e95eb1a1: shutdown 5eadcd64-1d4b-44b8-a1e5-0066e95eb1a1@group-B2C302EE2684-LeaderStateImpl
2023-09-19 02:06:08,043 [5eadcd64-1d4b-44b8-a1e5-0066e95eb1a1-impl-thread2] INFO  util.JmxRegister (JmxRegister.java:unregister(73)) - Successfully un-registered JMX Bean with object name Ratis:service=RaftServer,group=group-116411D7D5F3,id=5eadcd64-1d4b-44b8-a1e5-0066e95eb1a1
2023-09-19 02:06:08,043 [5eadcd64-1d4b-44b8-a1e5-0066e95eb1a1-impl-thread3] INFO  impl.PendingRequests (PendingRequests.java:sendNotLeaderResponses(289)) - 5eadcd64-1d4b-44b8-a1e5-0066e95eb1a1@group-B2C302EE2684-PendingRequests: sendNotLeaderResponses
2023-09-19 02:06:08,043 [5eadcd64-1d4b-44b8-a1e5-0066e95eb1a1-impl-thread2] INFO  impl.RoleInfo (RoleInfo.java:shutdownFollowerState(110)) - 5eadcd64-1d4b-44b8-a1e5-0066e95eb1a1: shutdown 5eadcd64-1d4b-44b8-a1e5-0066e95eb1a1@group-116411D7D5F3-FollowerState
2023-09-19 02:06:08,044 [5eadcd64-1d4b-44b8-a1e5-0066e95eb1a1@group-59CA478D303A-StateMachineUpdater] INFO  ratis.ContainerStateMachine (ContainerStateMachine.java:takeSnapshot(341)) - group-59CA478D303A: Finished taking a snapshot at:(t:1, i:25) file:/home/runner/work/ozone/ozone/hadoop-ozone/integration-test/target/test-dir/MiniOzoneClusterImpl-5e324384-037a-4cb1-b856-3c07748222cd/datanode-1/data/ratis/090ca039-d742-4dd5-a11d-59ca478d303a/sm/snapshot.1_25 took: 2 ms
2023-09-19 02:06:08,044 [5eadcd64-1d4b-44b8-a1e5-0066e95eb1a1@group-B2C302EE2684-StateMachineUpdater] INFO  ratis.ContainerStateMachine (ContainerStateMachine.java:takeSnapshot(330)) - group-B2C302EE2684: Taking a snapshot at:(t:1, i:0) file /home/runner/work/ozone/ozone/hadoop-ozone/integration-test/target/test-dir/MiniOzoneClusterImpl-5e324384-037a-4cb1-b856-3c07748222cd/datanode-1/data/ratis/07f52442-9f10-43a4-8583-b2c302ee2684/sm/snapshot.1_0
2023-09-19 02:06:08,044 [5eadcd64-1d4b-44b8-a1e5-0066e95eb1a1@group-59CA478D303A-StateMachineUpdater] INFO  impl.StateMachineUpdater (StateMachineUpdater.java:takeSnapshot(291)) - 5eadcd64-1d4b-44b8-a1e5-0066e95eb1a1@group-59CA478D303A-StateMachineUpdater: Took a snapshot at index 25
2023-09-19 02:06:08,044 [5eadcd64-1d4b-44b8-a1e5-0066e95eb1a1@group-59CA478D303A-StateMachineUpdater] INFO  impl.StateMachineUpdater (StateMachineUpdater.java:lambda$new$0(97)) - 5eadcd64-1d4b-44b8-a1e5-0066e95eb1a1@group-59CA478D303A-StateMachineUpdater: snapshotIndex: updateIncreasingly -1 -> 25
2023-09-19 02:06:08,044 [5eadcd64-1d4b-44b8-a1e5-0066e95eb1a1@group-B2C302EE2684-StateMachineUpdater] INFO  ratis.ContainerStateMachine (ContainerStateMachine.java:takeSnapshot(341)) - group-B2C302EE2684: Finished taking a snapshot at:(t:1, i:0) file:/home/runner/work/ozone/ozone/hadoop-ozone/integration-test/target/test-dir/MiniOzoneClusterImpl-5e324384-037a-4cb1-b856-3c07748222cd/datanode-1/data/ratis/07f52442-9f10-43a4-8583-b2c302ee2684/sm/snapshot.1_0 took: 1 ms
2023-09-19 02:06:08,044 [5eadcd64-1d4b-44b8-a1e5-0066e95eb1a1@group-B2C302EE2684-StateMachineUpdater] INFO  impl.StateMachineUpdater (StateMachineUpdater.java:takeSnapshot(291)) - 5eadcd64-1d4b-44b8-a1e5-0066e95eb1a1@group-B2C302EE2684-StateMachineUpdater: Took a snapshot at index 0
2023-09-19 02:06:08,044 [5eadcd64-1d4b-44b8-a1e5-0066e95eb1a1@group-B2C302EE2684-StateMachineUpdater] INFO  impl.StateMachineUpdater (StateMachineUpdater.java:lambda$new$0(97)) - 5eadcd64-1d4b-44b8-a1e5-0066e95eb1a1@group-B2C302EE2684-StateMachineUpdater: snapshotIndex: updateIncreasingly -1 -> 0
2023-09-19 02:06:08,045 [5eadcd64-1d4b-44b8-a1e5-0066e95eb1a1-impl-thread3] INFO  impl.StateMachineUpdater (StateMachineUpdater.java:stopAndJoin(155)) - 5eadcd64-1d4b-44b8-a1e5-0066e95eb1a1@group-B2C302EE2684-StateMachineUpdater: set stopIndex = 0
2023-09-19 02:06:08,045 [5eadcd64-1d4b-44b8-a1e5-0066e95eb1a1-impl-thread3] INFO  server.RaftServer$Division (ServerState.java:close(472)) - 5eadcd64-1d4b-44b8-a1e5-0066e95eb1a1@group-B2C302EE2684: closes. applyIndex: 0
2023-09-19 02:06:08,045 [main] INFO  ozoneimpl.OzoneContainer (OzoneContainer.java:stop(451)) - Attempting to stop container services.
2023-09-19 02:06:08,045 [5eadcd64-1d4b-44b8-a1e5-0066e95eb1a1-impl-thread1] INFO  server.RaftServer$Division (ServerState.java:close(472)) - 5eadcd64-1d4b-44b8-a1e5-0066e95eb1a1@group-59CA478D303A: closes. applyIndex: 25
2023-09-19 02:06:08,045 [5eadcd64-1d4b-44b8-a1e5-0066e95eb1a1-impl-thread2] INFO  impl.StateMachineUpdater (StateMachineUpdater.java:stopAndJoin(155)) - 5eadcd64-1d4b-44b8-a1e5-0066e95eb1a1@group-116411D7D5F3-StateMachineUpdater: set stopIndex = 3
2023-09-19 02:06:08,046 [main] INFO  server.RaftServer (RaftServerProxy.java:lambda$close$6(416)) - bb1c6357-9327-4202-8734-55e8eab5c756: close
2023-09-19 02:06:08,046 [5eadcd64-1d4b-44b8-a1e5-0066e95eb1a1@group-116411D7D5F3-FollowerState] INFO  impl.FollowerState (FollowerState.java:run(152)) - 5eadcd64-1d4b-44b8-a1e5-0066e95eb1a1@group-116411D7D5F3-FollowerState was interrupted
2023-09-19 02:06:08,046 [main] INFO  server.GrpcService (GrpcService.java:closeImpl(311)) - bb1c6357-9327-4202-8734-55e8eab5c756: shutdown server org.apache.ratis.grpc.server.GrpcClientProtocolService now
2023-09-19 02:06:08,046 [bb1c6357-9327-4202-8734-55e8eab5c756-impl-thread1] INFO  server.RaftServer$Division (RaftServerImpl.java:lambda$close$4(466)) - bb1c6357-9327-4202-8734-55e8eab5c756@group-59CA478D303A: shutdown
2023-09-19 02:06:08,046 [5eadcd64-1d4b-44b8-a1e5-0066e95eb1a1@group-116411D7D5F3-StateMachineUpdater] INFO  ratis.ContainerStateMachine (ContainerStateMachine.java:takeSnapshot(330)) - group-116411D7D5F3: Taking a snapshot at:(t:1, i:3) file /home/runner/work/ozone/ozone/hadoop-ozone/integration-test/target/test-dir/MiniOzoneClusterImpl-5e324384-037a-4cb1-b856-3c07748222cd/datanode-1/data/ratis/06800b04-b751-4479-971f-116411d7d5f3/sm/snapshot.1_3
2023-09-19 02:06:08,051 [Thread-1008] INFO  server.GrpcServerProtocolClient (GrpcServerProtocolClient.java:close(103)) - bb1c6357-9327-4202-8734-55e8eab5c756 Close channels
2023-09-19 02:06:08,052 [bb1c6357-9327-4202-8734-55e8eab5c756-impl-thread2] INFO  server.RaftServer$Division (RaftServerImpl.java:lambda$close$4(466)) - bb1c6357-9327-4202-8734-55e8eab5c756@group-116411D7D5F3: shutdown
2023-09-19 02:06:08,051 [Thread-1010] INFO  server.GrpcServerProtocolClient (GrpcServerProtocolClient.java:close(103)) - e39e4681-7919-4d3b-868d-83d4ef0f5b6f Close channels
2023-09-19 02:06:08,054 [bb1c6357-9327-4202-8734-55e8eab5c756-impl-thread1] INFO  util.JmxRegister (JmxRegister.java:unregister(73)) - Successfully un-registered JMX Bean with object name Ratis:service=RaftServer,group=group-59CA478D303A,id=bb1c6357-9327-4202-8734-55e8eab5c756
2023-09-19 02:06:08,054 [bb1c6357-9327-4202-8734-55e8eab5c756-impl-thread1] INFO  impl.RoleInfo (RoleInfo.java:shutdownLeaderState(93)) - bb1c6357-9327-4202-8734-55e8eab5c756: shutdown bb1c6357-9327-4202-8734-55e8eab5c756@group-59CA478D303A-LeaderStateImpl
2023-09-19 02:06:08,054 [bb1c6357-9327-4202-8734-55e8eab5c756-impl-thread1] INFO  impl.PendingRequests (PendingRequests.java:sendNotLeaderResponses(289)) - bb1c6357-9327-4202-8734-55e8eab5c756@group-59CA478D303A-PendingRequests: sendNotLeaderResponses
2023-09-19 02:06:08,054 [bb1c6357-9327-4202-8734-55e8eab5c756@group-59CA478D303A->e39e4681-7919-4d3b-868d-83d4ef0f5b6f-GrpcLogAppender-LogAppenderDaemon] WARN  server.GrpcLogAppender (GrpcLogAppender.java:mayWait(199)) - bb1c6357-9327-4202-8734-55e8eab5c756@group-59CA478D303A->e39e4681-7919-4d3b-868d-83d4ef0f5b6f-GrpcLogAppender: Wait interrupted by java.lang.InterruptedException
2023-09-19 02:06:08,059 [5eadcd64-1d4b-44b8-a1e5-0066e95eb1a1@group-116411D7D5F3-StateMachineUpdater] INFO  ratis.ContainerStateMachine (ContainerStateMachine.java:takeSnapshot(341)) - group-116411D7D5F3: Finished taking a snapshot at:(t:1, i:3) file:/home/runner/work/ozone/ozone/hadoop-ozone/integration-test/target/test-dir/MiniOzoneClusterImpl-5e324384-037a-4cb1-b856-3c07748222cd/datanode-1/data/ratis/06800b04-b751-4479-971f-116411d7d5f3/sm/snapshot.1_3 took: 14 ms
2023-09-19 02:06:08,059 [5eadcd64-1d4b-44b8-a1e5-0066e95eb1a1@group-116411D7D5F3-StateMachineUpdater] INFO  impl.StateMachineUpdater (StateMachineUpdater.java:takeSnapshot(291)) - 5eadcd64-1d4b-44b8-a1e5-0066e95eb1a1@group-116411D7D5F3-StateMachineUpdater: Took a snapshot at index 3
2023-09-19 02:06:08,059 [5eadcd64-1d4b-44b8-a1e5-0066e95eb1a1@group-116411D7D5F3-StateMachineUpdater] INFO  impl.StateMachineUpdater (StateMachineUpdater.java:lambda$new$0(97)) - 5eadcd64-1d4b-44b8-a1e5-0066e95eb1a1@group-116411D7D5F3-StateMachineUpdater: snapshotIndex: updateIncreasingly -1 -> 3
2023-09-19 02:06:08,060 [5eadcd64-1d4b-44b8-a1e5-0066e95eb1a1-impl-thread2] INFO  server.RaftServer$Division (ServerState.java:close(472)) - 5eadcd64-1d4b-44b8-a1e5-0066e95eb1a1@group-116411D7D5F3: closes. applyIndex: 3
2023-09-19 02:06:08,060 [Thread-1013] INFO  server.GrpcServerProtocolClient (GrpcServerProtocolClient.java:close(103)) - 5eadcd64-1d4b-44b8-a1e5-0066e95eb1a1 Close channels
2023-09-19 02:06:08,060 [bb1c6357-9327-4202-8734-55e8eab5c756-impl-thread2] INFO  util.JmxRegister (JmxRegister.java:unregister(73)) - Successfully un-registered JMX Bean with object name Ratis:service=RaftServer,group=group-116411D7D5F3,id=bb1c6357-9327-4202-8734-55e8eab5c756
2023-09-19 02:06:08,060 [bb1c6357-9327-4202-8734-55e8eab5c756-impl-thread2] INFO  impl.RoleInfo (RoleInfo.java:shutdownFollowerState(110)) - bb1c6357-9327-4202-8734-55e8eab5c756: shutdown bb1c6357-9327-4202-8734-55e8eab5c756@group-116411D7D5F3-FollowerState
2023-09-19 02:06:08,060 [bb1c6357-9327-4202-8734-55e8eab5c756@group-116411D7D5F3-FollowerState] INFO  impl.FollowerState (FollowerState.java:run(152)) - bb1c6357-9327-4202-8734-55e8eab5c756@group-116411D7D5F3-FollowerState was interrupted
2023-09-19 02:06:08,060 [bb1c6357-9327-4202-8734-55e8eab5c756-impl-thread2] INFO  impl.StateMachineUpdater (StateMachineUpdater.java:stopAndJoin(155)) - bb1c6357-9327-4202-8734-55e8eab5c756@group-116411D7D5F3-StateMachineUpdater: set stopIndex = 3
2023-09-19 02:06:08,061 [ForkJoinPool.commonPool-worker-3] INFO  server.GrpcService (GrpcService.java:closeImpl(320)) - 5eadcd64-1d4b-44b8-a1e5-0066e95eb1a1: shutdown server org.apache.ratis.grpc.server.GrpcClientProtocolService successfully
2023-09-19 02:06:08,061 [ForkJoinPool.commonPool-worker-3] INFO  server.GrpcService (GrpcService.java:closeImpl(311)) - 5eadcd64-1d4b-44b8-a1e5-0066e95eb1a1: shutdown server GrpcServerProtocolService now
2023-09-19 02:06:08,061 [bb1c6357-9327-4202-8734-55e8eab5c756@group-116411D7D5F3-StateMachineUpdater] INFO  ratis.ContainerStateMachine (ContainerStateMachine.java:takeSnapshot(330)) - group-116411D7D5F3: Taking a snapshot at:(t:1, i:3) file /home/runner/work/ozone/ozone/hadoop-ozone/integration-test/target/test-dir/MiniOzoneClusterImpl-5e324384-037a-4cb1-b856-3c07748222cd/datanode-2/data/ratis/06800b04-b751-4479-971f-116411d7d5f3/sm/snapshot.1_3
2023-09-19 02:06:08,062 [grpc-default-executor-4] INFO  server.GrpcServerProtocolService (GrpcServerProtocolService.java:onCompleted(155)) - e39e4681-7919-4d3b-868d-83d4ef0f5b6f: Completed APPEND_ENTRIES, lastRequest: bb1c6357-9327-4202-8734-55e8eab5c756->e39e4681-7919-4d3b-868d-83d4ef0f5b6f#39-t1,previous=(t:1, i:24),leaderCommit=24,initializing? true,entries: size=1, first=(t:1, i:25), METADATAENTRY(c:24)
2023-09-19 02:06:08,062 [grpc-default-executor-3] INFO  server.GrpcServerProtocolService (GrpcServerProtocolService.java:onCompleted(155)) - e39e4681-7919-4d3b-868d-83d4ef0f5b6f: Completed APPEND_ENTRIES, lastRequest: null
2023-09-19 02:06:08,062 [grpc-default-executor-4] INFO  server.GrpcServerProtocolService (GrpcServerProtocolService.java:lambda$onCompleted$5(157)) - e39e4681-7919-4d3b-868d-83d4ef0f5b6f: Completed APPEND_ENTRIES, lastReply: null
2023-09-19 02:06:08,062 [grpc-default-executor-3] INFO  server.GrpcServerProtocolService (GrpcServerProtocolService.java:lambda$onCompleted$5(157)) - e39e4681-7919-4d3b-868d-83d4ef0f5b6f: Completed APPEND_ENTRIES, lastReply: serverReply {
  requestorId: "bb1c6357-9327-4202-8734-55e8eab5c756"
  replyId: "e39e4681-7919-4d3b-868d-83d4ef0f5b6f"
  raftGroupId {
    id: "\t\f\2409\327BM\325\241\035Y\312G\2150:"
  }
  callId: 59
  success: true
}
term: 1
nextIndex: 26
followerCommit: 25
matchIndex: 18446744073709551615
isHearbeat: true

2023-09-19 02:06:08,062 [bb1c6357-9327-4202-8734-55e8eab5c756@group-116411D7D5F3-StateMachineUpdater] INFO  ratis.ContainerStateMachine (ContainerStateMachine.java:takeSnapshot(341)) - group-116411D7D5F3: Finished taking a snapshot at:(t:1, i:3) file:/home/runner/work/ozone/ozone/hadoop-ozone/integration-test/target/test-dir/MiniOzoneClusterImpl-5e324384-037a-4cb1-b856-3c07748222cd/datanode-2/data/ratis/06800b04-b751-4479-971f-116411d7d5f3/sm/snapshot.1_3 took: 1 ms
2023-09-19 02:06:08,062 [bb1c6357-9327-4202-8734-55e8eab5c756@group-116411D7D5F3-StateMachineUpdater] INFO  impl.StateMachineUpdater (StateMachineUpdater.java:takeSnapshot(291)) - bb1c6357-9327-4202-8734-55e8eab5c756@group-116411D7D5F3-StateMachineUpdater: Took a snapshot at index 3
2023-09-19 02:06:08,063 [bb1c6357-9327-4202-8734-55e8eab5c756@group-116411D7D5F3-StateMachineUpdater] INFO  impl.StateMachineUpdater (StateMachineUpdater.java:lambda$new$0(97)) - bb1c6357-9327-4202-8734-55e8eab5c756@group-116411D7D5F3-StateMachineUpdater: snapshotIndex: updateIncreasingly -1 -> 3
2023-09-19 02:06:08,063 [bb1c6357-9327-4202-8734-55e8eab5c756-impl-thread3] INFO  server.RaftServer$Division (RaftServerImpl.java:lambda$close$4(466)) - bb1c6357-9327-4202-8734-55e8eab5c756@group-CAE25B30FF69: shutdown
2023-09-19 02:06:08,063 [bb1c6357-9327-4202-8734-55e8eab5c756-impl-thread2] INFO  server.RaftServer$Division (ServerState.java:close(472)) - bb1c6357-9327-4202-8734-55e8eab5c756@group-116411D7D5F3: closes. applyIndex: 3
2023-09-19 02:06:08,063 [bb1c6357-9327-4202-8734-55e8eab5c756@group-59CA478D303A->5eadcd64-1d4b-44b8-a1e5-0066e95eb1a1-GrpcLogAppender-LogAppenderDaemon] WARN  server.GrpcLogAppender (GrpcLogAppender.java:mayWait(199)) - bb1c6357-9327-4202-8734-55e8eab5c756@group-59CA478D303A->5eadcd64-1d4b-44b8-a1e5-0066e95eb1a1-GrpcLogAppender: Wait interrupted by java.lang.InterruptedException
2023-09-19 02:06:08,064 [grpc-default-executor-2] WARN  server.GrpcServerProtocolService (LogUtils.java:warn(122)) - 5eadcd64-1d4b-44b8-a1e5-0066e95eb1a1: APPEND_ENTRIES onError, lastRequest: null: org.apache.ratis.thirdparty.io.grpc.StatusRuntimeException: CANCELLED: client cancelled
2023-09-19 02:06:08,065 [grpc-default-executor-2] INFO  server.GrpcServerProtocolService (GrpcServerProtocolService.java:onCompleted(155)) - 5eadcd64-1d4b-44b8-a1e5-0066e95eb1a1: Completed APPEND_ENTRIES, lastRequest: null
2023-09-19 02:06:08,065 [grpc-default-executor-1] INFO  server.GrpcServerProtocolService (GrpcServerProtocolService.java:onCompleted(155)) - 5eadcd64-1d4b-44b8-a1e5-0066e95eb1a1: Completed APPEND_ENTRIES, lastRequest: bb1c6357-9327-4202-8734-55e8eab5c756->5eadcd64-1d4b-44b8-a1e5-0066e95eb1a1#36-t1,previous=(t:1, i:24),leaderCommit=24,initializing? true,entries: size=1, first=(t:1, i:25), METADATAENTRY(c:24)
2023-09-19 02:06:08,065 [grpc-default-executor-1] INFO  server.GrpcServerProtocolService (GrpcServerProtocolService.java:lambda$onCompleted$5(157)) - 5eadcd64-1d4b-44b8-a1e5-0066e95eb1a1: Completed APPEND_ENTRIES, lastReply: null
2023-09-19 02:06:08,065 [grpc-default-executor-2] INFO  server.GrpcServerProtocolService (GrpcServerProtocolService.java:lambda$onCompleted$5(157)) - 5eadcd64-1d4b-44b8-a1e5-0066e95eb1a1: Completed APPEND_ENTRIES, lastReply: serverReply {
  requestorId: "bb1c6357-9327-4202-8734-55e8eab5c756"
  replyId: "5eadcd64-1d4b-44b8-a1e5-0066e95eb1a1"
  raftGroupId {
    id: "\t\f\2409\327BM\325\241\035Y\312G\2150:"
  }
  callId: 57
  success: true
}
term: 1
nextIndex: 26
followerCommit: 25
matchIndex: 18446744073709551615
isHearbeat: true

2023-09-19 02:06:08,065 [grpc-default-executor-4] INFO  server.GrpcLogAppender (GrpcLogAppender.java:onCompleted(428)) - bb1c6357-9327-4202-8734-55e8eab5c756@group-59CA478D303A->e39e4681-7919-4d3b-868d-83d4ef0f5b6f-AppendLogResponseHandler: follower responses appendEntries COMPLETED
2023-09-19 02:06:08,065 [grpc-default-executor-4] INFO  leader.FollowerInfo (FollowerInfoImpl.java:lambda$new$0(52)) - bb1c6357-9327-4202-8734-55e8eab5c756@group-59CA478D303A->e39e4681-7919-4d3b-868d-83d4ef0f5b6f: decreaseNextIndex nextIndex: updateUnconditionally 26 -> 25
2023-09-19 02:06:08,065 [Thread-1015] INFO  server.GrpcServerProtocolClient (GrpcServerProtocolClient.java:close(103)) - e39e4681-7919-4d3b-868d-83d4ef0f5b6f Close channels
2023-09-19 02:06:08,071 [grpc-default-executor-3] INFO  server.GrpcLogAppender (GrpcLogAppender.java:onCompleted(428)) - bb1c6357-9327-4202-8734-55e8eab5c756@group-59CA478D303A->e39e4681-7919-4d3b-868d-83d4ef0f5b6f-AppendLogResponseHandler: follower responses appendEntries COMPLETED
2023-09-19 02:06:08,071 [grpc-default-executor-3] WARN  server.GrpcLogAppender (GrpcLogAppender.java:resetClient(137)) - bb1c6357-9327-4202-8734-55e8eab5c756@group-59CA478D303A->e39e4681-7919-4d3b-868d-83d4ef0f5b6f-GrpcLogAppender: Failed to getClient for e39e4681-7919-4d3b-868d-83d4ef0f5b6f
org.apache.ratis.protocol.exceptions.AlreadyClosedException: bb1c6357-9327-4202-8734-55e8eab5c756 is already CLOSED
	at org.apache.ratis.util.PeerProxyMap$PeerAndProxy.getProxy(PeerProxyMap.java:61)
	at org.apache.ratis.util.PeerProxyMap.getProxy(PeerProxyMap.java:115)
	at org.apache.ratis.grpc.server.GrpcLogAppender.getClient(GrpcLogAppender.java:112)
	at org.apache.ratis.grpc.server.GrpcLogAppender.resetClient(GrpcLogAppender.java:117)
	at org.apache.ratis.grpc.server.GrpcLogAppender.access$500(GrpcLogAppender.java:56)
	at org.apache.ratis.grpc.server.GrpcLogAppender$AppendLogResponseHandler.onCompleted(GrpcLogAppender.java:429)
	at org.apache.ratis.thirdparty.io.grpc.stub.ClientCalls$StreamObserverToCallListenerAdapter.onClose(ClientCalls.java:485)
	at org.apache.ratis.thirdparty.io.grpc.internal.DelayedClientCall$DelayedListener$3.run(DelayedClientCall.java:471)
	at org.apache.ratis.thirdparty.io.grpc.internal.DelayedClientCall$DelayedListener.delayOrExecute(DelayedClientCall.java:435)
	at org.apache.ratis.thirdparty.io.grpc.internal.DelayedClientCall$DelayedListener.onClose(DelayedClientCall.java:468)
	at org.apache.ratis.thirdparty.io.grpc.internal.ClientCallImpl.closeObserver(ClientCallImpl.java:563)
	at org.apache.ratis.thirdparty.io.grpc.internal.ClientCallImpl.access$300(ClientCallImpl.java:70)
	at org.apache.ratis.thirdparty.io.grpc.internal.ClientCallImpl$ClientStreamListenerImpl$1StreamClosed.runInternal(ClientCallImpl.java:744)
	at org.apache.ratis.thirdparty.io.grpc.internal.ClientCallImpl$ClientStreamListenerImpl$1StreamClosed.runInContext(ClientCallImpl.java:723)
	at org.apache.ratis.thirdparty.io.grpc.internal.ContextRunnable.run(ContextRunnable.java:37)
	at org.apache.ratis.thirdparty.io.grpc.internal.SerializingExecutor.run(SerializingExecutor.java:133)
	at java.util.concurrent.ThreadPoolExecutor.runWorker(ThreadPoolExecutor.java:1149)
	at java.util.concurrent.ThreadPoolExecutor$Worker.run(ThreadPoolExecutor.java:624)
	at java.lang.Thread.run(Thread.java:750)
2023-09-19 02:06:08,072 [grpc-default-executor-5] WARN  server.GrpcServerProtocolService (LogUtils.java:warn(122)) - 5eadcd64-1d4b-44b8-a1e5-0066e95eb1a1: APPEND_ENTRIES onError, lastRequest: e39e4681-7919-4d3b-868d-83d4ef0f5b6f->5eadcd64-1d4b-44b8-a1e5-0066e95eb1a1#25-t1,previous=(t:1, i:3),leaderCommit=3,initializing? true,entries: size=1, first=(t:1, i:4), METADATAENTRY(c:3): org.apache.ratis.thirdparty.io.grpc.StatusRuntimeException: CANCELLED: client cancelled
2023-09-19 02:06:08,072 [ForkJoinPool.commonPool-worker-3] INFO  server.GrpcService (GrpcService.java:closeImpl(320)) - 5eadcd64-1d4b-44b8-a1e5-0066e95eb1a1: shutdown server GrpcServerProtocolService successfully
2023-09-19 02:06:08,073 [ForkJoinPool.commonPool-worker-3] INFO  server.GrpcService (GrpcService.java:closeImpl(311)) - 5eadcd64-1d4b-44b8-a1e5-0066e95eb1a1: shutdown server org.apache.ratis.grpc.server.GrpcAdminProtocolService now
2023-09-19 02:06:08,073 [grpc-default-executor-6] WARN  server.GrpcLogAppender (LogUtils.java:warn(122)) - e39e4681-7919-4d3b-868d-83d4ef0f5b6f@group-116411D7D5F3->5eadcd64-1d4b-44b8-a1e5-0066e95eb1a1-AppendLogResponseHandler: Failed appendEntries: org.apache.ratis.thirdparty.io.grpc.StatusRuntimeException: CANCELLED: RST_STREAM closed stream. HTTP/2 error code: CANCEL
2023-09-19 02:06:08,063 [bb1c6357-9327-4202-8734-55e8eab5c756-impl-thread3] INFO  util.JmxRegister (JmxRegister.java:unregister(73)) - Successfully un-registered JMX Bean with object name Ratis:service=RaftServer,group=group-CAE25B30FF69,id=bb1c6357-9327-4202-8734-55e8eab5c756
2023-09-19 02:06:08,075 [bb1c6357-9327-4202-8734-55e8eab5c756-impl-thread3] INFO  impl.RoleInfo (RoleInfo.java:shutdownLeaderState(93)) - bb1c6357-9327-4202-8734-55e8eab5c756: shutdown bb1c6357-9327-4202-8734-55e8eab5c756@group-CAE25B30FF69-LeaderStateImpl
2023-09-19 02:06:08,075 [bb1c6357-9327-4202-8734-55e8eab5c756-impl-thread3] INFO  impl.PendingRequests (PendingRequests.java:sendNotLeaderResponses(289)) - bb1c6357-9327-4202-8734-55e8eab5c756@group-CAE25B30FF69-PendingRequests: sendNotLeaderResponses
2023-09-19 02:06:08,079 [bb1c6357-9327-4202-8734-55e8eab5c756-impl-thread1] INFO  impl.StateMachineUpdater (StateMachineUpdater.java:stopAndJoin(155)) - bb1c6357-9327-4202-8734-55e8eab5c756@group-59CA478D303A-StateMachineUpdater: set stopIndex = 25
2023-09-19 02:06:08,079 [grpc-default-executor-0] WARN  server.GrpcLogAppender (LogUtils.java:warn(122)) - e39e4681-7919-4d3b-868d-83d4ef0f5b6f@group-116411D7D5F3->5eadcd64-1d4b-44b8-a1e5-0066e95eb1a1-AppendLogResponseHandler: Failed appendEntries: org.apache.ratis.thirdparty.io.grpc.StatusRuntimeException: CANCELLED: RST_STREAM closed stream. HTTP/2 error code: CANCEL
2023-09-19 02:06:08,079 [grpc-default-executor-2] INFO  server.GrpcLogAppender (GrpcLogAppender.java:onError(417)) - bb1c6357-9327-4202-8734-55e8eab5c756@group-59CA478D303A->5eadcd64-1d4b-44b8-a1e5-0066e95eb1a1-GrpcLogAppender is already stopped
2023-09-19 02:06:08,080 [bb1c6357-9327-4202-8734-55e8eab5c756@group-59CA478D303A-StateMachineUpdater] INFO  ratis.ContainerStateMachine (ContainerStateMachine.java:takeSnapshot(330)) - group-59CA478D303A: Taking a snapshot at:(t:1, i:25) file /home/runner/work/ozone/ozone/hadoop-ozone/integration-test/target/test-dir/MiniOzoneClusterImpl-5e324384-037a-4cb1-b856-3c07748222cd/datanode-2/data/ratis/090ca039-d742-4dd5-a11d-59ca478d303a/sm/snapshot.1_25
2023-09-19 02:06:08,082 [bb1c6357-9327-4202-8734-55e8eab5c756-impl-thread3] INFO  impl.StateMachineUpdater (StateMachineUpdater.java:stopAndJoin(155)) - bb1c6357-9327-4202-8734-55e8eab5c756@group-CAE25B30FF69-StateMachineUpdater: set stopIndex = 0
2023-09-19 02:06:08,082 [bb1c6357-9327-4202-8734-55e8eab5c756@group-CAE25B30FF69-StateMachineUpdater] INFO  ratis.ContainerStateMachine (ContainerStateMachine.java:takeSnapshot(330)) - group-CAE25B30FF69: Taking a snapshot at:(t:1, i:0) file /home/runner/work/ozone/ozone/hadoop-ozone/integration-test/target/test-dir/MiniOzoneClusterImpl-5e324384-037a-4cb1-b856-3c07748222cd/datanode-2/data/ratis/c37b4921-bf3a-4713-ae85-cae25b30ff69/sm/snapshot.1_0
2023-09-19 02:06:08,082 [bb1c6357-9327-4202-8734-55e8eab5c756@group-59CA478D303A-StateMachineUpdater] INFO  ratis.ContainerStateMachine (ContainerStateMachine.java:takeSnapshot(341)) - group-59CA478D303A: Finished taking a snapshot at:(t:1, i:25) file:/home/runner/work/ozone/ozone/hadoop-ozone/integration-test/target/test-dir/MiniOzoneClusterImpl-5e324384-037a-4cb1-b856-3c07748222cd/datanode-2/data/ratis/090ca039-d742-4dd5-a11d-59ca478d303a/sm/snapshot.1_25 took: 3 ms
2023-09-19 02:06:08,073 [grpc-default-executor-6] INFO  leader.FollowerInfo (FollowerInfoImpl.java:lambda$new$0(52)) - e39e4681-7919-4d3b-868d-83d4ef0f5b6f@group-116411D7D5F3->5eadcd64-1d4b-44b8-a1e5-0066e95eb1a1: decreaseNextIndex nextIndex: updateUnconditionally 5 -> 4
2023-09-19 02:06:08,085 [ForkJoinPool.commonPool-worker-0] INFO  ozoneimpl.OzoneContainer (OzoneContainer.java:stop(451)) - Attempting to stop container services.
2023-09-19 02:06:08,086 [bb1c6357-9327-4202-8734-55e8eab5c756@group-59CA478D303A-StateMachineUpdater] INFO  impl.StateMachineUpdater (StateMachineUpdater.java:takeSnapshot(291)) - bb1c6357-9327-4202-8734-55e8eab5c756@group-59CA478D303A-StateMachineUpdater: Took a snapshot at index 25
2023-09-19 02:06:08,086 [bb1c6357-9327-4202-8734-55e8eab5c756@group-59CA478D303A-StateMachineUpdater] INFO  impl.StateMachineUpdater (StateMachineUpdater.java:lambda$new$0(97)) - bb1c6357-9327-4202-8734-55e8eab5c756@group-59CA478D303A-StateMachineUpdater: snapshotIndex: updateIncreasingly -1 -> 25
2023-09-19 02:06:08,085 [main] INFO  server.GrpcService (GrpcService.java:closeImpl(320)) - bb1c6357-9327-4202-8734-55e8eab5c756: shutdown server org.apache.ratis.grpc.server.GrpcClientProtocolService successfully
2023-09-19 02:06:08,082 [grpc-default-executor-2] INFO  server.GrpcLogAppender (GrpcLogAppender.java:onError(417)) - bb1c6357-9327-4202-8734-55e8eab5c756@group-59CA478D303A->5eadcd64-1d4b-44b8-a1e5-0066e95eb1a1-GrpcLogAppender is already stopped
2023-09-19 02:06:08,082 [bb1c6357-9327-4202-8734-55e8eab5c756@group-CAE25B30FF69-StateMachineUpdater] INFO  ratis.ContainerStateMachine (ContainerStateMachine.java:takeSnapshot(341)) - group-CAE25B30FF69: Finished taking a snapshot at:(t:1, i:0) file:/home/runner/work/ozone/ozone/hadoop-ozone/integration-test/target/test-dir/MiniOzoneClusterImpl-5e324384-037a-4cb1-b856-3c07748222cd/datanode-2/data/ratis/c37b4921-bf3a-4713-ae85-cae25b30ff69/sm/snapshot.1_0 took: 1 ms
2023-09-19 02:06:08,087 [main] INFO  server.GrpcService (GrpcService.java:closeImpl(311)) - bb1c6357-9327-4202-8734-55e8eab5c756: shutdown server GrpcServerProtocolService now
2023-09-19 02:06:08,087 [grpc-default-executor-0] INFO  leader.FollowerInfo (FollowerInfoImpl.java:lambda$new$0(52)) - e39e4681-7919-4d3b-868d-83d4ef0f5b6f@group-116411D7D5F3->5eadcd64-1d4b-44b8-a1e5-0066e95eb1a1: decreaseNextIndex nextIndex: updateUnconditionally 4 -> 3
2023-09-19 02:06:08,087 [bb1c6357-9327-4202-8734-55e8eab5c756@group-CAE25B30FF69-StateMachineUpdater] INFO  impl.StateMachineUpdater (StateMachineUpdater.java:takeSnapshot(291)) - bb1c6357-9327-4202-8734-55e8eab5c756@group-CAE25B30FF69-StateMachineUpdater: Took a snapshot at index 0
2023-09-19 02:06:08,087 [bb1c6357-9327-4202-8734-55e8eab5c756@group-CAE25B30FF69-StateMachineUpdater] INFO  impl.StateMachineUpdater (StateMachineUpdater.java:lambda$new$0(97)) - bb1c6357-9327-4202-8734-55e8eab5c756@group-CAE25B30FF69-StateMachineUpdater: snapshotIndex: updateIncreasingly -1 -> 0
2023-09-19 02:06:08,087 [bb1c6357-9327-4202-8734-55e8eab5c756-impl-thread3] INFO  server.RaftServer$Division (ServerState.java:close(472)) - bb1c6357-9327-4202-8734-55e8eab5c756@group-CAE25B30FF69: closes. applyIndex: 0
2023-09-19 02:06:08,087 [grpc-default-executor-2] WARN  server.GrpcServerProtocolService (LogUtils.java:warn(122)) - bb1c6357-9327-4202-8734-55e8eab5c756: APPEND_ENTRIES onError, lastRequest: e39e4681-7919-4d3b-868d-83d4ef0f5b6f->bb1c6357-9327-4202-8734-55e8eab5c756#28-t1,previous=(t:1, i:3),leaderCommit=3,initializing? true,entries: size=1, first=(t:1, i:4), METADATAENTRY(c:3): org.apache.ratis.thirdparty.io.grpc.StatusRuntimeException: CANCELLED: client cancelled
2023-09-19 02:06:08,089 [grpc-default-executor-2] WARN  server.GrpcLogAppender (LogUtils.java:warn(122)) - e39e4681-7919-4d3b-868d-83d4ef0f5b6f@group-116411D7D5F3->bb1c6357-9327-4202-8734-55e8eab5c756-AppendLogResponseHandler: Failed appendEntries: org.apache.ratis.thirdparty.io.grpc.StatusRuntimeException: CANCELLED: RST_STREAM closed stream. HTTP/2 error code: CANCEL
2023-09-19 02:06:08,089 [grpc-default-executor-2] INFO  leader.FollowerInfo (FollowerInfoImpl.java:lambda$new$0(52)) - e39e4681-7919-4d3b-868d-83d4ef0f5b6f@group-116411D7D5F3->bb1c6357-9327-4202-8734-55e8eab5c756: decreaseNextIndex nextIndex: updateUnconditionally 5 -> 4
2023-09-19 02:06:08,090 [grpc-default-executor-0] WARN  server.GrpcServerProtocolService (LogUtils.java:warn(122)) - bb1c6357-9327-4202-8734-55e8eab5c756: APPEND_ENTRIES onError, lastRequest: null: org.apache.ratis.thirdparty.io.grpc.StatusRuntimeException: CANCELLED: client cancelled
2023-09-19 02:06:08,090 [bb1c6357-9327-4202-8734-55e8eab5c756-impl-thread1] INFO  server.RaftServer$Division (ServerState.java:close(472)) - bb1c6357-9327-4202-8734-55e8eab5c756@group-59CA478D303A: closes. applyIndex: 25
2023-09-19 02:06:08,095 [ForkJoinPool.commonPool-worker-0] INFO  server.RaftServer (RaftServerProxy.java:lambda$close$6(416)) - e39e4681-7919-4d3b-868d-83d4ef0f5b6f: close
2023-09-19 02:06:08,095 [e39e4681-7919-4d3b-868d-83d4ef0f5b6f-impl-thread1] INFO  server.RaftServer$Division (RaftServerImpl.java:lambda$close$4(466)) - e39e4681-7919-4d3b-868d-83d4ef0f5b6f@group-C5FB72CF15EB: shutdown
2023-09-19 02:06:08,096 [e39e4681-7919-4d3b-868d-83d4ef0f5b6f-impl-thread1] INFO  util.JmxRegister (JmxRegister.java:unregister(73)) - Successfully un-registered JMX Bean with object name Ratis:service=RaftServer,group=group-C5FB72CF15EB,id=e39e4681-7919-4d3b-868d-83d4ef0f5b6f
2023-09-19 02:06:08,096 [e39e4681-7919-4d3b-868d-83d4ef0f5b6f-impl-thread1] INFO  impl.RoleInfo (RoleInfo.java:shutdownLeaderState(93)) - e39e4681-7919-4d3b-868d-83d4ef0f5b6f: shutdown e39e4681-7919-4d3b-868d-83d4ef0f5b6f@group-C5FB72CF15EB-LeaderStateImpl
2023-09-19 02:06:08,096 [grpc-default-executor-2] WARN  server.GrpcLogAppender (LogUtils.java:warn(122)) - e39e4681-7919-4d3b-868d-83d4ef0f5b6f@group-116411D7D5F3->bb1c6357-9327-4202-8734-55e8eab5c756-AppendLogResponseHandler: Failed appendEntries: org.apache.ratis.thirdparty.io.grpc.StatusRuntimeException: CANCELLED: RST_STREAM closed stream. HTTP/2 error code: CANCEL
2023-09-19 02:06:08,096 [grpc-default-executor-2] INFO  leader.FollowerInfo (FollowerInfoImpl.java:lambda$new$0(52)) - e39e4681-7919-4d3b-868d-83d4ef0f5b6f@group-116411D7D5F3->bb1c6357-9327-4202-8734-55e8eab5c756: decreaseNextIndex nextIndex: updateUnconditionally 4 -> 3
2023-09-19 02:06:08,096 [ForkJoinPool.commonPool-worker-3] INFO  server.GrpcService (GrpcService.java:closeImpl(320)) - 5eadcd64-1d4b-44b8-a1e5-0066e95eb1a1: shutdown server org.apache.ratis.grpc.server.GrpcAdminProtocolService successfully
2023-09-19 02:06:08,097 [5eadcd64-1d4b-44b8-a1e5-0066e95eb1a1-NettyServerStreamRpc-bossGroup--thread1] INFO  logging.LoggingHandler (AbstractInternalLogger.java:log(148)) - [id: 0xa1be7f7d, L:/0:0:0:0:0:0:0:0:15077] CLOSE
2023-09-19 02:06:08,097 [5eadcd64-1d4b-44b8-a1e5-0066e95eb1a1-NettyServerStreamRpc-bossGroup--thread1] INFO  logging.LoggingHandler (AbstractInternalLogger.java:log(148)) - [id: 0xa1be7f7d, L:/0:0:0:0:0:0:0:0:15077] INACTIVE
2023-09-19 02:06:08,097 [5eadcd64-1d4b-44b8-a1e5-0066e95eb1a1-NettyServerStreamRpc-bossGroup--thread1] INFO  logging.LoggingHandler (AbstractInternalLogger.java:log(148)) - [id: 0xa1be7f7d, L:/0:0:0:0:0:0:0:0:15077] UNREGISTERED
2023-09-19 02:06:08,096 [e39e4681-7919-4d3b-868d-83d4ef0f5b6f-impl-thread1] INFO  impl.PendingRequests (PendingRequests.java:sendNotLeaderResponses(289)) - e39e4681-7919-4d3b-868d-83d4ef0f5b6f@group-C5FB72CF15EB-PendingRequests: sendNotLeaderResponses
2023-09-19 02:06:08,098 [e39e4681-7919-4d3b-868d-83d4ef0f5b6f-impl-thread1] INFO  impl.StateMachineUpdater (StateMachineUpdater.java:stopAndJoin(155)) - e39e4681-7919-4d3b-868d-83d4ef0f5b6f@group-C5FB72CF15EB-StateMachineUpdater: set stopIndex = 0
2023-09-19 02:06:08,098 [e39e4681-7919-4d3b-868d-83d4ef0f5b6f@group-C5FB72CF15EB-StateMachineUpdater] INFO  ratis.ContainerStateMachine (ContainerStateMachine.java:takeSnapshot(330)) - group-C5FB72CF15EB: Taking a snapshot at:(t:1, i:0) file /home/runner/work/ozone/ozone/hadoop-ozone/integration-test/target/test-dir/MiniOzoneClusterImpl-5e324384-037a-4cb1-b856-3c07748222cd/datanode-0/data/ratis/8f8fae49-b88a-4029-be5a-c5fb72cf15eb/sm/snapshot.1_0
2023-09-19 02:06:08,099 [e39e4681-7919-4d3b-868d-83d4ef0f5b6f-impl-thread2] INFO  server.RaftServer$Division (RaftServerImpl.java:lambda$close$4(466)) - e39e4681-7919-4d3b-868d-83d4ef0f5b6f@group-59CA478D303A: shutdown
2023-09-19 02:06:08,099 [e39e4681-7919-4d3b-868d-83d4ef0f5b6f@group-C5FB72CF15EB-StateMachineUpdater] INFO  ratis.ContainerStateMachine (ContainerStateMachine.java:takeSnapshot(341)) - group-C5FB72CF15EB: Finished taking a snapshot at:(t:1, i:0) file:/home/runner/work/ozone/ozone/hadoop-ozone/integration-test/target/test-dir/MiniOzoneClusterImpl-5e324384-037a-4cb1-b856-3c07748222cd/datanode-0/data/ratis/8f8fae49-b88a-4029-be5a-c5fb72cf15eb/sm/snapshot.1_0 took: 1 ms
2023-09-19 02:06:08,099 [e39e4681-7919-4d3b-868d-83d4ef0f5b6f@group-C5FB72CF15EB-StateMachineUpdater] INFO  impl.StateMachineUpdater (StateMachineUpdater.java:takeSnapshot(291)) - e39e4681-7919-4d3b-868d-83d4ef0f5b6f@group-C5FB72CF15EB-StateMachineUpdater: Took a snapshot at index 0
2023-09-19 02:06:08,099 [e39e4681-7919-4d3b-868d-83d4ef0f5b6f@group-C5FB72CF15EB-StateMachineUpdater] INFO  impl.StateMachineUpdater (StateMachineUpdater.java:lambda$new$0(97)) - e39e4681-7919-4d3b-868d-83d4ef0f5b6f@group-C5FB72CF15EB-StateMachineUpdater: snapshotIndex: updateIncreasingly -1 -> 0
2023-09-19 02:06:08,099 [e39e4681-7919-4d3b-868d-83d4ef0f5b6f-impl-thread1] INFO  server.RaftServer$Division (ServerState.java:close(472)) - e39e4681-7919-4d3b-868d-83d4ef0f5b6f@group-C5FB72CF15EB: closes. applyIndex: 0
2023-09-19 02:06:08,101 [e39e4681-7919-4d3b-868d-83d4ef0f5b6f-impl-thread2] INFO  util.JmxRegister (JmxRegister.java:unregister(73)) - Successfully un-registered JMX Bean with object name Ratis:service=RaftServer,group=group-59CA478D303A,id=e39e4681-7919-4d3b-868d-83d4ef0f5b6f
2023-09-19 02:06:08,101 [e39e4681-7919-4d3b-868d-83d4ef0f5b6f-impl-thread2] INFO  impl.RoleInfo (RoleInfo.java:shutdownFollowerState(110)) - e39e4681-7919-4d3b-868d-83d4ef0f5b6f: shutdown e39e4681-7919-4d3b-868d-83d4ef0f5b6f@group-59CA478D303A-FollowerState
2023-09-19 02:06:08,101 [ForkJoinPool.commonPool-worker-0] INFO  server.GrpcService (GrpcService.java:closeImpl(311)) - e39e4681-7919-4d3b-868d-83d4ef0f5b6f: shutdown server org.apache.ratis.grpc.server.GrpcClientProtocolService now
2023-09-19 02:06:08,105 [e39e4681-7919-4d3b-868d-83d4ef0f5b6f-impl-thread3] INFO  server.RaftServer$Division (RaftServerImpl.java:lambda$close$4(466)) - e39e4681-7919-4d3b-868d-83d4ef0f5b6f@group-116411D7D5F3: shutdown
2023-09-19 02:06:08,105 [e39e4681-7919-4d3b-868d-83d4ef0f5b6f-impl-thread3] INFO  util.JmxRegister (JmxRegister.java:unregister(73)) - Successfully un-registered JMX Bean with object name Ratis:service=RaftServer,group=group-116411D7D5F3,id=e39e4681-7919-4d3b-868d-83d4ef0f5b6f
2023-09-19 02:06:08,105 [e39e4681-7919-4d3b-868d-83d4ef0f5b6f-impl-thread3] INFO  impl.RoleInfo (RoleInfo.java:shutdownLeaderState(93)) - e39e4681-7919-4d3b-868d-83d4ef0f5b6f: shutdown e39e4681-7919-4d3b-868d-83d4ef0f5b6f@group-116411D7D5F3-LeaderStateImpl
2023-09-19 02:06:08,105 [grpc-default-executor-2] WARN  server.GrpcClientProtocolService (LogUtils.java:warn(122)) - 0-OrderedRequestStreamObserver0: onError: org.apache.ratis.thirdparty.io.grpc.StatusRuntimeException: CANCELLED: client cancelled
2023-09-19 02:06:08,105 [e39e4681-7919-4d3b-868d-83d4ef0f5b6f-impl-thread2] INFO  impl.StateMachineUpdater (StateMachineUpdater.java:stopAndJoin(155)) - e39e4681-7919-4d3b-868d-83d4ef0f5b6f@group-59CA478D303A-StateMachineUpdater: set stopIndex = 25
2023-09-19 02:06:08,105 [e39e4681-7919-4d3b-868d-83d4ef0f5b6f@group-59CA478D303A-FollowerState] INFO  impl.FollowerState (FollowerState.java:run(152)) - e39e4681-7919-4d3b-868d-83d4ef0f5b6f@group-59CA478D303A-FollowerState was interrupted
2023-09-19 02:06:08,105 [e39e4681-7919-4d3b-868d-83d4ef0f5b6f@group-59CA478D303A-StateMachineUpdater] INFO  ratis.ContainerStateMachine (ContainerStateMachine.java:takeSnapshot(330)) - group-59CA478D303A: Taking a snapshot at:(t:1, i:25) file /home/runner/work/ozone/ozone/hadoop-ozone/integration-test/target/test-dir/MiniOzoneClusterImpl-5e324384-037a-4cb1-b856-3c07748222cd/datanode-0/data/ratis/090ca039-d742-4dd5-a11d-59ca478d303a/sm/snapshot.1_25
2023-09-19 02:06:08,106 [e39e4681-7919-4d3b-868d-83d4ef0f5b6f@group-59CA478D303A-StateMachineUpdater] INFO  ratis.ContainerStateMachine (ContainerStateMachine.java:takeSnapshot(341)) - group-59CA478D303A: Finished taking a snapshot at:(t:1, i:25) file:/home/runner/work/ozone/ozone/hadoop-ozone/integration-test/target/test-dir/MiniOzoneClusterImpl-5e324384-037a-4cb1-b856-3c07748222cd/datanode-0/data/ratis/090ca039-d742-4dd5-a11d-59ca478d303a/sm/snapshot.1_25 took: 1 ms
2023-09-19 02:06:08,106 [e39e4681-7919-4d3b-868d-83d4ef0f5b6f@group-59CA478D303A-StateMachineUpdater] INFO  impl.StateMachineUpdater (StateMachineUpdater.java:takeSnapshot(291)) - e39e4681-7919-4d3b-868d-83d4ef0f5b6f@group-59CA478D303A-StateMachineUpdater: Took a snapshot at index 25
2023-09-19 02:06:08,106 [e39e4681-7919-4d3b-868d-83d4ef0f5b6f@group-59CA478D303A-StateMachineUpdater] INFO  impl.StateMachineUpdater (StateMachineUpdater.java:lambda$new$0(97)) - e39e4681-7919-4d3b-868d-83d4ef0f5b6f@group-59CA478D303A-StateMachineUpdater: snapshotIndex: updateIncreasingly -1 -> 25
2023-09-19 02:06:08,110 [e39e4681-7919-4d3b-868d-83d4ef0f5b6f-impl-thread2] INFO  server.RaftServer$Division (ServerState.java:close(472)) - e39e4681-7919-4d3b-868d-83d4ef0f5b6f@group-59CA478D303A: closes. applyIndex: 25
2023-09-19 02:06:08,111 [e39e4681-7919-4d3b-868d-83d4ef0f5b6f@group-116411D7D5F3->5eadcd64-1d4b-44b8-a1e5-0066e95eb1a1-GrpcLogAppender-LogAppenderDaemon] WARN  server.GrpcLogAppender (GrpcLogAppender.java:mayWait(199)) - e39e4681-7919-4d3b-868d-83d4ef0f5b6f@group-116411D7D5F3->5eadcd64-1d4b-44b8-a1e5-0066e95eb1a1-GrpcLogAppender: Wait interrupted by java.lang.InterruptedException
2023-09-19 02:06:08,111 [e39e4681-7919-4d3b-868d-83d4ef0f5b6f@group-116411D7D5F3->bb1c6357-9327-4202-8734-55e8eab5c756-GrpcLogAppender-LogAppenderDaemon] WARN  server.GrpcLogAppender (GrpcLogAppender.java:mayWait(199)) - e39e4681-7919-4d3b-868d-83d4ef0f5b6f@group-116411D7D5F3->bb1c6357-9327-4202-8734-55e8eab5c756-GrpcLogAppender: Wait interrupted by java.lang.InterruptedException
2023-09-19 02:06:08,119 [Thread-1029] INFO  server.GrpcServerProtocolClient (GrpcServerProtocolClient.java:close(103)) - bb1c6357-9327-4202-8734-55e8eab5c756 Close channels
2023-09-19 02:06:08,120 [5eadcd64-1d4b-44b8-a1e5-0066e95eb1a1-impl-thread3] INFO  segmented.SegmentedRaftLogWorker (SegmentedRaftLogWorker.java:close(252)) - 5eadcd64-1d4b-44b8-a1e5-0066e95eb1a1@group-B2C302EE2684-SegmentedRaftLogWorker close()
2023-09-19 02:06:08,120 [main] INFO  server.GrpcService (GrpcService.java:closeImpl(320)) - bb1c6357-9327-4202-8734-55e8eab5c756: shutdown server GrpcServerProtocolService successfully
2023-09-19 02:06:08,120 [main] INFO  server.GrpcService (GrpcService.java:closeImpl(311)) - bb1c6357-9327-4202-8734-55e8eab5c756: shutdown server org.apache.ratis.grpc.server.GrpcAdminProtocolService now
2023-09-19 02:06:08,120 [5eadcd64-1d4b-44b8-a1e5-0066e95eb1a1-impl-thread1] INFO  segmented.SegmentedRaftLogWorker (SegmentedRaftLogWorker.java:close(252)) - 5eadcd64-1d4b-44b8-a1e5-0066e95eb1a1@group-59CA478D303A-SegmentedRaftLogWorker close()
2023-09-19 02:06:08,120 [Thread-1028] INFO  server.GrpcServerProtocolClient (GrpcServerProtocolClient.java:close(103)) - 5eadcd64-1d4b-44b8-a1e5-0066e95eb1a1 Close channels
2023-09-19 02:06:08,120 [bb1c6357-9327-4202-8734-55e8eab5c756-impl-thread1] INFO  segmented.SegmentedRaftLogWorker (SegmentedRaftLogWorker.java:close(252)) - bb1c6357-9327-4202-8734-55e8eab5c756@group-59CA478D303A-SegmentedRaftLogWorker close()
2023-09-19 02:06:08,121 [bb1c6357-9327-4202-8734-55e8eab5c756-impl-thread3] INFO  segmented.SegmentedRaftLogWorker (SegmentedRaftLogWorker.java:close(252)) - bb1c6357-9327-4202-8734-55e8eab5c756@group-CAE25B30FF69-SegmentedRaftLogWorker close()
2023-09-19 02:06:08,121 [ForkJoinPool.commonPool-worker-0] INFO  server.GrpcService (GrpcService.java:closeImpl(320)) - e39e4681-7919-4d3b-868d-83d4ef0f5b6f: shutdown server org.apache.ratis.grpc.server.GrpcClientProtocolService successfully
2023-09-19 02:06:08,121 [ForkJoinPool.commonPool-worker-0] INFO  server.GrpcService (GrpcService.java:closeImpl(311)) - e39e4681-7919-4d3b-868d-83d4ef0f5b6f: shutdown server GrpcServerProtocolService now
2023-09-19 02:06:08,123 [main] INFO  server.GrpcService (GrpcService.java:closeImpl(320)) - bb1c6357-9327-4202-8734-55e8eab5c756: shutdown server org.apache.ratis.grpc.server.GrpcAdminProtocolService successfully
2023-09-19 02:06:08,123 [e39e4681-7919-4d3b-868d-83d4ef0f5b6f-impl-thread3] INFO  impl.PendingRequests (PendingRequests.java:sendNotLeaderResponses(289)) - e39e4681-7919-4d3b-868d-83d4ef0f5b6f@group-116411D7D5F3-PendingRequests: sendNotLeaderResponses
2023-09-19 02:06:08,124 [e39e4681-7919-4d3b-868d-83d4ef0f5b6f-impl-thread3] INFO  impl.StateMachineUpdater (StateMachineUpdater.java:stopAndJoin(155)) - e39e4681-7919-4d3b-868d-83d4ef0f5b6f@group-116411D7D5F3-StateMachineUpdater: set stopIndex = 4
2023-09-19 02:06:08,124 [e39e4681-7919-4d3b-868d-83d4ef0f5b6f@group-116411D7D5F3-StateMachineUpdater] INFO  ratis.ContainerStateMachine (ContainerStateMachine.java:takeSnapshot(330)) - group-116411D7D5F3: Taking a snapshot at:(t:1, i:4) file /home/runner/work/ozone/ozone/hadoop-ozone/integration-test/target/test-dir/MiniOzoneClusterImpl-5e324384-037a-4cb1-b856-3c07748222cd/datanode-0/data/ratis/06800b04-b751-4479-971f-116411d7d5f3/sm/snapshot.1_4
2023-09-19 02:06:08,124 [bb1c6357-9327-4202-8734-55e8eab5c756-NettyServerStreamRpc-bossGroup--thread1] INFO  logging.LoggingHandler (AbstractInternalLogger.java:log(148)) - [id: 0xbd9ca90f, L:/0:0:0:0:0:0:0:0:15086] CLOSE
2023-09-19 02:06:08,124 [bb1c6357-9327-4202-8734-55e8eab5c756-NettyServerStreamRpc-bossGroup--thread1] INFO  logging.LoggingHandler (AbstractInternalLogger.java:log(148)) - [id: 0xbd9ca90f, L:/0:0:0:0:0:0:0:0:15086] INACTIVE
2023-09-19 02:06:08,124 [bb1c6357-9327-4202-8734-55e8eab5c756-NettyServerStreamRpc-bossGroup--thread1] INFO  logging.LoggingHandler (AbstractInternalLogger.java:log(148)) - [id: 0xbd9ca90f, L:/0:0:0:0:0:0:0:0:15086] UNREGISTERED
2023-09-19 02:06:08,125 [e39e4681-7919-4d3b-868d-83d4ef0f5b6f@group-116411D7D5F3-StateMachineUpdater] INFO  ratis.ContainerStateMachine (ContainerStateMachine.java:takeSnapshot(341)) - group-116411D7D5F3: Finished taking a snapshot at:(t:1, i:4) file:/home/runner/work/ozone/ozone/hadoop-ozone/integration-test/target/test-dir/MiniOzoneClusterImpl-5e324384-037a-4cb1-b856-3c07748222cd/datanode-0/data/ratis/06800b04-b751-4479-971f-116411d7d5f3/sm/snapshot.1_4 took: 2 ms
2023-09-19 02:06:08,125 [e39e4681-7919-4d3b-868d-83d4ef0f5b6f@group-116411D7D5F3-StateMachineUpdater] INFO  impl.StateMachineUpdater (StateMachineUpdater.java:takeSnapshot(291)) - e39e4681-7919-4d3b-868d-83d4ef0f5b6f@group-116411D7D5F3-StateMachineUpdater: Took a snapshot at index 4
2023-09-19 02:06:08,125 [e39e4681-7919-4d3b-868d-83d4ef0f5b6f@group-116411D7D5F3-StateMachineUpdater] INFO  impl.StateMachineUpdater (StateMachineUpdater.java:lambda$new$0(97)) - e39e4681-7919-4d3b-868d-83d4ef0f5b6f@group-116411D7D5F3-StateMachineUpdater: snapshotIndex: updateIncreasingly -1 -> 4
2023-09-19 02:06:08,131 [ForkJoinPool.commonPool-worker-0] INFO  server.GrpcService (GrpcService.java:closeImpl(320)) - e39e4681-7919-4d3b-868d-83d4ef0f5b6f: shutdown server GrpcServerProtocolService successfully
2023-09-19 02:06:08,131 [ForkJoinPool.commonPool-worker-0] INFO  server.GrpcService (GrpcService.java:closeImpl(311)) - e39e4681-7919-4d3b-868d-83d4ef0f5b6f: shutdown server org.apache.ratis.grpc.server.GrpcAdminProtocolService now
2023-09-19 02:06:08,131 [e39e4681-7919-4d3b-868d-83d4ef0f5b6f-impl-thread1] INFO  segmented.SegmentedRaftLogWorker (SegmentedRaftLogWorker.java:close(252)) - e39e4681-7919-4d3b-868d-83d4ef0f5b6f@group-C5FB72CF15EB-SegmentedRaftLogWorker close()
2023-09-19 02:06:08,132 [e39e4681-7919-4d3b-868d-83d4ef0f5b6f-impl-thread3] INFO  server.RaftServer$Division (ServerState.java:close(472)) - e39e4681-7919-4d3b-868d-83d4ef0f5b6f@group-116411D7D5F3: closes. applyIndex: 4
2023-09-19 02:06:08,145 [ForkJoinPool.commonPool-worker-0] INFO  server.GrpcService (GrpcService.java:closeImpl(320)) - e39e4681-7919-4d3b-868d-83d4ef0f5b6f: shutdown server org.apache.ratis.grpc.server.GrpcAdminProtocolService successfully
2023-09-19 02:06:08,149 [e39e4681-7919-4d3b-868d-83d4ef0f5b6f-NettyServerStreamRpc-bossGroup--thread1] INFO  logging.LoggingHandler (AbstractInternalLogger.java:log(148)) - [id: 0x7289abc9, L:/0:0:0:0:0:0:0:0:15068] CLOSE
2023-09-19 02:06:08,149 [e39e4681-7919-4d3b-868d-83d4ef0f5b6f-NettyServerStreamRpc-bossGroup--thread1] INFO  logging.LoggingHandler (AbstractInternalLogger.java:log(148)) - [id: 0x7289abc9, L:/0:0:0:0:0:0:0:0:15068] INACTIVE
2023-09-19 02:06:08,150 [e39e4681-7919-4d3b-868d-83d4ef0f5b6f-NettyServerStreamRpc-bossGroup--thread1] INFO  logging.LoggingHandler (AbstractInternalLogger.java:log(148)) - [id: 0x7289abc9, L:/0:0:0:0:0:0:0:0:15068] UNREGISTERED
2023-09-19 02:06:08,160 [ForkJoinPool.commonPool-worker-1] INFO  ozoneimpl.OzoneContainer (OzoneContainer.java:stop(451)) - Attempting to stop container services.
2023-09-19 02:06:08,160 [ForkJoinPool.commonPool-worker-1] INFO  server.RaftServer (RaftServerProxy.java:lambda$close$6(416)) - 61d89387-692e-45ac-a655-71929b77bbaf: close
2023-09-19 02:06:08,160 [ForkJoinPool.commonPool-worker-1] INFO  server.GrpcService (GrpcService.java:closeImpl(311)) - 61d89387-692e-45ac-a655-71929b77bbaf: shutdown server org.apache.ratis.grpc.server.GrpcClientProtocolService now
2023-09-19 02:06:08,160 [61d89387-692e-45ac-a655-71929b77bbaf-impl-thread1] INFO  server.RaftServer$Division (RaftServerImpl.java:lambda$close$4(466)) - 61d89387-692e-45ac-a655-71929b77bbaf@group-A28CA3B95069: shutdown
2023-09-19 02:06:08,161 [ForkJoinPool.commonPool-worker-1] INFO  server.GrpcService (GrpcService.java:closeImpl(320)) - 61d89387-692e-45ac-a655-71929b77bbaf: shutdown server org.apache.ratis.grpc.server.GrpcClientProtocolService successfully
2023-09-19 02:06:08,161 [61d89387-692e-45ac-a655-71929b77bbaf-impl-thread1] INFO  util.JmxRegister (JmxRegister.java:unregister(73)) - Successfully un-registered JMX Bean with object name Ratis:service=RaftServer,group=group-A28CA3B95069,id=61d89387-692e-45ac-a655-71929b77bbaf
2023-09-19 02:06:08,161 [ForkJoinPool.commonPool-worker-1] INFO  server.GrpcService (GrpcService.java:closeImpl(311)) - 61d89387-692e-45ac-a655-71929b77bbaf: shutdown server GrpcServerProtocolService now
2023-09-19 02:06:08,161 [61d89387-692e-45ac-a655-71929b77bbaf-impl-thread1] INFO  impl.RoleInfo (RoleInfo.java:shutdownLeaderState(93)) - 61d89387-692e-45ac-a655-71929b77bbaf: shutdown 61d89387-692e-45ac-a655-71929b77bbaf@group-A28CA3B95069-LeaderStateImpl
2023-09-19 02:06:08,161 [61d89387-692e-45ac-a655-71929b77bbaf-impl-thread1] INFO  impl.PendingRequests (PendingRequests.java:sendNotLeaderResponses(289)) - 61d89387-692e-45ac-a655-71929b77bbaf@group-A28CA3B95069-PendingRequests: sendNotLeaderResponses
2023-09-19 02:06:08,162 [61d89387-692e-45ac-a655-71929b77bbaf-impl-thread1] INFO  impl.StateMachineUpdater (StateMachineUpdater.java:stopAndJoin(155)) - 61d89387-692e-45ac-a655-71929b77bbaf@group-A28CA3B95069-StateMachineUpdater: set stopIndex = 0
2023-09-19 02:06:08,163 [61d89387-692e-45ac-a655-71929b77bbaf@group-A28CA3B95069-StateMachineUpdater] INFO  ratis.ContainerStateMachine (ContainerStateMachine.java:takeSnapshot(330)) - group-A28CA3B95069: Taking a snapshot at:(t:1, i:0) file /home/runner/work/ozone/ozone/hadoop-ozone/integration-test/target/test-dir/MiniOzoneClusterImpl-5e324384-037a-4cb1-b856-3c07748222cd/datanode-4/data/ratis/2989625a-bc96-46e7-bc96-a28ca3b95069/sm/snapshot.1_0
2023-09-19 02:06:08,164 [ForkJoinPool.commonPool-worker-1] INFO  server.GrpcService (GrpcService.java:closeImpl(320)) - 61d89387-692e-45ac-a655-71929b77bbaf: shutdown server GrpcServerProtocolService successfully
2023-09-19 02:06:08,164 [ForkJoinPool.commonPool-worker-1] INFO  server.GrpcService (GrpcService.java:closeImpl(311)) - 61d89387-692e-45ac-a655-71929b77bbaf: shutdown server org.apache.ratis.grpc.server.GrpcAdminProtocolService now
2023-09-19 02:06:08,165 [ForkJoinPool.commonPool-worker-1] INFO  server.GrpcService (GrpcService.java:closeImpl(320)) - 61d89387-692e-45ac-a655-71929b77bbaf: shutdown server org.apache.ratis.grpc.server.GrpcAdminProtocolService successfully
2023-09-19 02:06:08,165 [61d89387-692e-45ac-a655-71929b77bbaf-NettyServerStreamRpc-bossGroup--thread1] INFO  logging.LoggingHandler (AbstractInternalLogger.java:log(148)) - [id: 0x75ee0a6a, L:/0:0:0:0:0:0:0:0:15104] CLOSE
2023-09-19 02:06:08,165 [61d89387-692e-45ac-a655-71929b77bbaf-NettyServerStreamRpc-bossGroup--thread1] INFO  logging.LoggingHandler (AbstractInternalLogger.java:log(148)) - [id: 0x75ee0a6a, L:/0:0:0:0:0:0:0:0:15104] INACTIVE
2023-09-19 02:06:08,165 [61d89387-692e-45ac-a655-71929b77bbaf-NettyServerStreamRpc-bossGroup--thread1] INFO  logging.LoggingHandler (AbstractInternalLogger.java:log(148)) - [id: 0x75ee0a6a, L:/0:0:0:0:0:0:0:0:15104] UNREGISTERED
2023-09-19 02:06:08,165 [61d89387-692e-45ac-a655-71929b77bbaf@group-A28CA3B95069-StateMachineUpdater] INFO  ratis.ContainerStateMachine (ContainerStateMachine.java:takeSnapshot(341)) - group-A28CA3B95069: Finished taking a snapshot at:(t:1, i:0) file:/home/runner/work/ozone/ozone/hadoop-ozone/integration-test/target/test-dir/MiniOzoneClusterImpl-5e324384-037a-4cb1-b856-3c07748222cd/datanode-4/data/ratis/2989625a-bc96-46e7-bc96-a28ca3b95069/sm/snapshot.1_0 took: 1 ms
2023-09-19 02:06:08,165 [61d89387-692e-45ac-a655-71929b77bbaf@group-A28CA3B95069-StateMachineUpdater] INFO  impl.StateMachineUpdater (StateMachineUpdater.java:takeSnapshot(291)) - 61d89387-692e-45ac-a655-71929b77bbaf@group-A28CA3B95069-StateMachineUpdater: Took a snapshot at index 0
2023-09-19 02:06:08,165 [61d89387-692e-45ac-a655-71929b77bbaf@group-A28CA3B95069-StateMachineUpdater] INFO  impl.StateMachineUpdater (StateMachineUpdater.java:lambda$new$0(97)) - 61d89387-692e-45ac-a655-71929b77bbaf@group-A28CA3B95069-StateMachineUpdater: snapshotIndex: updateIncreasingly -1 -> 0
2023-09-19 02:06:08,166 [61d89387-692e-45ac-a655-71929b77bbaf-impl-thread1] INFO  server.RaftServer$Division (ServerState.java:close(472)) - 61d89387-692e-45ac-a655-71929b77bbaf@group-A28CA3B95069: closes. applyIndex: 0
2023-09-19 02:06:08,176 [ForkJoinPool.commonPool-worker-2] INFO  ozoneimpl.OzoneContainer (OzoneContainer.java:stop(451)) - Attempting to stop container services.
2023-09-19 02:06:08,177 [ForkJoinPool.commonPool-worker-2] INFO  server.RaftServer (RaftServerProxy.java:lambda$close$6(416)) - bcaae8f3-caee-42e8-b1a6-86ffb8b58650: close
2023-09-19 02:06:08,177 [ForkJoinPool.commonPool-worker-2] INFO  server.GrpcService (GrpcService.java:closeImpl(311)) - bcaae8f3-caee-42e8-b1a6-86ffb8b58650: shutdown server org.apache.ratis.grpc.server.GrpcClientProtocolService now
2023-09-19 02:06:08,177 [bcaae8f3-caee-42e8-b1a6-86ffb8b58650-impl-thread1] INFO  server.RaftServer$Division (RaftServerImpl.java:lambda$close$4(466)) - bcaae8f3-caee-42e8-b1a6-86ffb8b58650@group-282F0C943B60: shutdown
2023-09-19 02:06:08,177 [bcaae8f3-caee-42e8-b1a6-86ffb8b58650-impl-thread1] INFO  util.JmxRegister (JmxRegister.java:unregister(73)) - Successfully un-registered JMX Bean with object name Ratis:service=RaftServer,group=group-282F0C943B60,id=bcaae8f3-caee-42e8-b1a6-86ffb8b58650
2023-09-19 02:06:08,177 [bcaae8f3-caee-42e8-b1a6-86ffb8b58650-impl-thread1] INFO  impl.RoleInfo (RoleInfo.java:shutdownLeaderState(93)) - bcaae8f3-caee-42e8-b1a6-86ffb8b58650: shutdown bcaae8f3-caee-42e8-b1a6-86ffb8b58650@group-282F0C943B60-LeaderStateImpl
2023-09-19 02:06:08,177 [bcaae8f3-caee-42e8-b1a6-86ffb8b58650-impl-thread1] INFO  impl.PendingRequests (PendingRequests.java:sendNotLeaderResponses(289)) - bcaae8f3-caee-42e8-b1a6-86ffb8b58650@group-282F0C943B60-PendingRequests: sendNotLeaderResponses
2023-09-19 02:06:08,178 [bcaae8f3-caee-42e8-b1a6-86ffb8b58650-impl-thread1] INFO  impl.StateMachineUpdater (StateMachineUpdater.java:stopAndJoin(155)) - bcaae8f3-caee-42e8-b1a6-86ffb8b58650@group-282F0C943B60-StateMachineUpdater: set stopIndex = 0
2023-09-19 02:06:08,178 [bcaae8f3-caee-42e8-b1a6-86ffb8b58650@group-282F0C943B60-StateMachineUpdater] INFO  ratis.ContainerStateMachine (ContainerStateMachine.java:takeSnapshot(330)) - group-282F0C943B60: Taking a snapshot at:(t:1, i:0) file /home/runner/work/ozone/ozone/hadoop-ozone/integration-test/target/test-dir/MiniOzoneClusterImpl-5e324384-037a-4cb1-b856-3c07748222cd/datanode-3/data/ratis/7cd09836-2323-427c-b8dd-282f0c943b60/sm/snapshot.1_0
2023-09-19 02:06:08,178 [ForkJoinPool.commonPool-worker-2] INFO  server.GrpcService (GrpcService.java:closeImpl(320)) - bcaae8f3-caee-42e8-b1a6-86ffb8b58650: shutdown server org.apache.ratis.grpc.server.GrpcClientProtocolService successfully
2023-09-19 02:06:08,178 [ForkJoinPool.commonPool-worker-2] INFO  server.GrpcService (GrpcService.java:closeImpl(311)) - bcaae8f3-caee-42e8-b1a6-86ffb8b58650: shutdown server GrpcServerProtocolService now
2023-09-19 02:06:08,181 [bcaae8f3-caee-42e8-b1a6-86ffb8b58650@group-282F0C943B60-StateMachineUpdater] INFO  ratis.ContainerStateMachine (ContainerStateMachine.java:takeSnapshot(341)) - group-282F0C943B60: Finished taking a snapshot at:(t:1, i:0) file:/home/runner/work/ozone/ozone/hadoop-ozone/integration-test/target/test-dir/MiniOzoneClusterImpl-5e324384-037a-4cb1-b856-3c07748222cd/datanode-3/data/ratis/7cd09836-2323-427c-b8dd-282f0c943b60/sm/snapshot.1_0 took: 1 ms
2023-09-19 02:06:08,181 [bcaae8f3-caee-42e8-b1a6-86ffb8b58650@group-282F0C943B60-StateMachineUpdater] INFO  impl.StateMachineUpdater (StateMachineUpdater.java:takeSnapshot(291)) - bcaae8f3-caee-42e8-b1a6-86ffb8b58650@group-282F0C943B60-StateMachineUpdater: Took a snapshot at index 0
2023-09-19 02:06:08,181 [bcaae8f3-caee-42e8-b1a6-86ffb8b58650@group-282F0C943B60-StateMachineUpdater] INFO  impl.StateMachineUpdater (StateMachineUpdater.java:lambda$new$0(97)) - bcaae8f3-caee-42e8-b1a6-86ffb8b58650@group-282F0C943B60-StateMachineUpdater: snapshotIndex: updateIncreasingly -1 -> 0
2023-09-19 02:06:08,181 [bcaae8f3-caee-42e8-b1a6-86ffb8b58650-impl-thread1] INFO  server.RaftServer$Division (ServerState.java:close(472)) - bcaae8f3-caee-42e8-b1a6-86ffb8b58650@group-282F0C943B60: closes. applyIndex: 0
2023-09-19 02:06:08,182 [ForkJoinPool.commonPool-worker-2] INFO  server.GrpcService (GrpcService.java:closeImpl(320)) - bcaae8f3-caee-42e8-b1a6-86ffb8b58650: shutdown server GrpcServerProtocolService successfully
2023-09-19 02:06:08,182 [ForkJoinPool.commonPool-worker-2] INFO  server.GrpcService (GrpcService.java:closeImpl(311)) - bcaae8f3-caee-42e8-b1a6-86ffb8b58650: shutdown server org.apache.ratis.grpc.server.GrpcAdminProtocolService now
2023-09-19 02:06:08,183 [ForkJoinPool.commonPool-worker-2] INFO  server.GrpcService (GrpcService.java:closeImpl(320)) - bcaae8f3-caee-42e8-b1a6-86ffb8b58650: shutdown server org.apache.ratis.grpc.server.GrpcAdminProtocolService successfully
2023-09-19 02:06:08,184 [bcaae8f3-caee-42e8-b1a6-86ffb8b58650-NettyServerStreamRpc-bossGroup--thread1] INFO  logging.LoggingHandler (AbstractInternalLogger.java:log(148)) - [id: 0x7f2054f4, L:/0:0:0:0:0:0:0:0:15095] CLOSE
2023-09-19 02:06:08,184 [bcaae8f3-caee-42e8-b1a6-86ffb8b58650-NettyServerStreamRpc-bossGroup--thread1] INFO  logging.LoggingHandler (AbstractInternalLogger.java:log(148)) - [id: 0x7f2054f4, L:/0:0:0:0:0:0:0:0:15095] INACTIVE
2023-09-19 02:06:08,184 [bcaae8f3-caee-42e8-b1a6-86ffb8b58650-NettyServerStreamRpc-bossGroup--thread1] INFO  logging.LoggingHandler (AbstractInternalLogger.java:log(148)) - [id: 0x7f2054f4, L:/0:0:0:0:0:0:0:0:15095] UNREGISTERED
2023-09-19 02:06:08,442 [61d89387-692e-45ac-a655-71929b77bbaf-impl-thread1] INFO  segmented.SegmentedRaftLogWorker (SegmentedRaftLogWorker.java:close(252)) - 61d89387-692e-45ac-a655-71929b77bbaf@group-A28CA3B95069-SegmentedRaftLogWorker close()
2023-09-19 02:06:08,443 [JvmPauseMonitor13] INFO  util.JvmPauseMonitor (JvmPauseMonitor.java:run(109)) - JvmPauseMonitor-61d89387-692e-45ac-a655-71929b77bbaf: Stopped
2023-09-19 02:06:08,945 [e39e4681-7919-4d3b-868d-83d4ef0f5b6f-impl-thread3] INFO  segmented.SegmentedRaftLogWorker (SegmentedRaftLogWorker.java:close(252)) - e39e4681-7919-4d3b-868d-83d4ef0f5b6f@group-116411D7D5F3-SegmentedRaftLogWorker close()
2023-09-19 02:06:08,947 [bb1c6357-9327-4202-8734-55e8eab5c756-impl-thread2] INFO  segmented.SegmentedRaftLogWorker (SegmentedRaftLogWorker.java:close(252)) - bb1c6357-9327-4202-8734-55e8eab5c756@group-116411D7D5F3-SegmentedRaftLogWorker close()
2023-09-19 02:06:08,950 [JvmPauseMonitor11] INFO  util.JvmPauseMonitor (JvmPauseMonitor.java:run(109)) - JvmPauseMonitor-bb1c6357-9327-4202-8734-55e8eab5c756: Stopped
2023-09-19 02:06:08,952 [5eadcd64-1d4b-44b8-a1e5-0066e95eb1a1-impl-thread2] INFO  segmented.SegmentedRaftLogWorker (SegmentedRaftLogWorker.java:close(252)) - 5eadcd64-1d4b-44b8-a1e5-0066e95eb1a1@group-116411D7D5F3-SegmentedRaftLogWorker close()
2023-09-19 02:06:08,954 [JvmPauseMonitor10] INFO  util.JvmPauseMonitor (JvmPauseMonitor.java:run(109)) - JvmPauseMonitor-5eadcd64-1d4b-44b8-a1e5-0066e95eb1a1: Stopped
2023-09-19 02:06:09,095 [bcaae8f3-caee-42e8-b1a6-86ffb8b58650-impl-thread1] INFO  segmented.SegmentedRaftLogWorker (SegmentedRaftLogWorker.java:close(252)) - bcaae8f3-caee-42e8-b1a6-86ffb8b58650@group-282F0C943B60-SegmentedRaftLogWorker close()
2023-09-19 02:06:09,096 [JvmPauseMonitor12] INFO  util.JvmPauseMonitor (JvmPauseMonitor.java:run(109)) - JvmPauseMonitor-bcaae8f3-caee-42e8-b1a6-86ffb8b58650: Stopped
2023-09-19 02:06:09,108 [e39e4681-7919-4d3b-868d-83d4ef0f5b6f-impl-thread2] INFO  segmented.SegmentedRaftLogWorker (SegmentedRaftLogWorker.java:close(252)) - e39e4681-7919-4d3b-868d-83d4ef0f5b6f@group-59CA478D303A-SegmentedRaftLogWorker close()
2023-09-19 02:06:09,109 [JvmPauseMonitor9] INFO  util.JvmPauseMonitor (JvmPauseMonitor.java:run(109)) - JvmPauseMonitor-e39e4681-7919-4d3b-868d-83d4ef0f5b6f: Stopped
2023-09-19 02:06:10,450 [ForkJoinPool.commonPool-worker-1] INFO  utils.DatanodeStoreCache (DatanodeStoreCache.java:shutdownCache(110)) - Skip clearing cache in mini cluster mode. Entries left: [/home/runner/work/ozone/ozone/hadoop-ozone/integration-test/target/test-dir/MiniOzoneClusterImpl-5e324384-037a-4cb1-b856-3c07748222cd/datanode-0/data-0/containers/hdds/5e324384-037a-4cb1-b856-3c07748222cd/DS-206735e8-a14c-45cd-809e-8dde02e7d1d1/container.db, /home/runner/work/ozone/ozone/hadoop-ozone/integration-test/target/test-dir/MiniOzoneClusterImpl-5e324384-037a-4cb1-b856-3c07748222cd/datanode-1/data-0/containers/hdds/5e324384-037a-4cb1-b856-3c07748222cd/DS-3b29dc01-3225-4da4-be46-61506f3e74c7/container.db, /home/runner/work/ozone/ozone/hadoop-ozone/integration-test/target/test-dir/MiniOzoneClusterImpl-5e324384-037a-4cb1-b856-3c07748222cd/datanode-2/data-0/containers/hdds/5e324384-037a-4cb1-b856-3c07748222cd/DS-73ebfeaa-6e3c-49b5-95c6-b60c4c68add1/container.db, /home/runner/work/ozone/ozone/hadoop-ozone/integration-test/target/test-dir/MiniOzoneClusterImpl-5e324384-037a-4cb1-b856-3c07748222cd/datanode-3/data-0/containers/hdds/5e324384-037a-4cb1-b856-3c07748222cd/DS-eebc795d-ded4-4fb9-9a35-5af7702637f6/container.db, /home/runner/work/ozone/ozone/hadoop-ozone/integration-test/target/test-dir/MiniOzoneClusterImpl-5e324384-037a-4cb1-b856-3c07748222cd/datanode-4/data-0/containers/hdds/5e324384-037a-4cb1-b856-3c07748222cd/DS-ee5e72bd-e5c9-4c1d-a0f5-37ef7455bfe4/container.db]
2023-09-19 02:06:10,454 [ForkJoinPool.commonPool-worker-1] INFO  utils.DatanodeStoreCache (DatanodeStoreCache.java:removeDB(104)) - Removed db /home/runner/work/ozone/ozone/hadoop-ozone/integration-test/target/test-dir/MiniOzoneClusterImpl-5e324384-037a-4cb1-b856-3c07748222cd/datanode-4/data-0/containers/hdds/5e324384-037a-4cb1-b856-3c07748222cd/DS-ee5e72bd-e5c9-4c1d-a0f5-37ef7455bfe4/container.db from cache
2023-09-19 02:06:10,454 [ForkJoinPool.commonPool-worker-1] INFO  volume.HddsVolume (HddsVolume.java:closeDbStore(453)) - SchemaV3 db is stopped at /home/runner/work/ozone/ozone/hadoop-ozone/integration-test/target/test-dir/MiniOzoneClusterImpl-5e324384-037a-4cb1-b856-3c07748222cd/datanode-4/data-0/containers/hdds/5e324384-037a-4cb1-b856-3c07748222cd/DS-ee5e72bd-e5c9-4c1d-a0f5-37ef7455bfe4/container.db for volume DS-ee5e72bd-e5c9-4c1d-a0f5-37ef7455bfe4
2023-09-19 02:06:10,455 [ForkJoinPool.commonPool-worker-1] INFO  utils.BackgroundService (BackgroundService.java:shutdown(141)) - Shutting down service BlockDeletingService
2023-09-19 02:06:10,455 [ForkJoinPool.commonPool-worker-1] INFO  utils.BackgroundService (BackgroundService.java:shutdown(141)) - Shutting down service StaleRecoveringContainerScrubbingService
2023-09-19 02:06:10,459 [ForkJoinPool.commonPool-worker-1] INFO  statemachine.DatanodeStateMachine (DatanodeStateMachine.java:stopDaemon(622)) - Ozone container server stopped.
2023-09-19 02:06:10,474 [ForkJoinPool.commonPool-worker-1] INFO  handler.ContextHandler (ContextHandler.java:doStop(1159)) - Stopped o.e.j.w.WebAppContext@1e6d5efa{hddsDatanode,/,null,STOPPED}{jar:file:/home/runner/.m2/repository/org/apache/ozone/hdds-container-service/1.4.0-SNAPSHOT/hdds-container-service-1.4.0-SNAPSHOT.jar!/webapps/hddsDatanode}
2023-09-19 02:06:10,475 [ForkJoinPool.commonPool-worker-1] INFO  server.AbstractConnector (AbstractConnector.java:doStop(383)) - Stopped ServerConnector@7ba24428{HTTP/1.1, (http/1.1)}{0.0.0.0:15098}
2023-09-19 02:06:10,475 [ForkJoinPool.commonPool-worker-1] INFO  server.session (HouseKeeper.java:stopScavenging(149)) - node0 Stopped scavenging
2023-09-19 02:06:10,476 [ForkJoinPool.commonPool-worker-1] INFO  handler.ContextHandler (ContextHandler.java:doStop(1159)) - Stopped o.e.j.s.ServletContextHandler@8fb1ae9{static,/static,jar:file:/home/runner/.m2/repository/org/apache/ozone/hdds-container-service/1.4.0-SNAPSHOT/hdds-container-service-1.4.0-SNAPSHOT.jar!/webapps/static,STOPPED}
2023-09-19 02:06:10,477 [ForkJoinPool.commonPool-worker-1] INFO  handler.ContextHandler (ContextHandler.java:doStop(1159)) - Stopped o.e.j.s.ServletContextHandler@286dce89{logs,/logs,file:///home/runner/work/ozone/ozone/hadoop-ozone/integration-test/target/log,STOPPED}
2023-09-19 02:06:10,477 [ForkJoinPool.commonPool-worker-1] INFO  ozone.HddsDatanodeClientProtocolServer (HddsDatanodeClientProtocolServer.java:stop(78)) - Stopping the RPC server for Client Protocol
2023-09-19 02:06:10,478 [ForkJoinPool.commonPool-worker-1] INFO  ipc.Server (Server.java:stop(3523)) - Stopping server on 15099
2023-09-19 02:06:10,479 [IPC Server Responder] INFO  ipc.Server (Server.java:run(1567)) - Stopping IPC Server Responder
2023-09-19 02:06:10,480 [IPC Server listener on 15099] INFO  ipc.Server (Server.java:run(1434)) - Stopping IPC Server listener on 15099
2023-09-19 02:06:10,954 [main] INFO  utils.DatanodeStoreCache (DatanodeStoreCache.java:shutdownCache(110)) - Skip clearing cache in mini cluster mode. Entries left: [/home/runner/work/ozone/ozone/hadoop-ozone/integration-test/target/test-dir/MiniOzoneClusterImpl-5e324384-037a-4cb1-b856-3c07748222cd/datanode-0/data-0/containers/hdds/5e324384-037a-4cb1-b856-3c07748222cd/DS-206735e8-a14c-45cd-809e-8dde02e7d1d1/container.db, /home/runner/work/ozone/ozone/hadoop-ozone/integration-test/target/test-dir/MiniOzoneClusterImpl-5e324384-037a-4cb1-b856-3c07748222cd/datanode-1/data-0/containers/hdds/5e324384-037a-4cb1-b856-3c07748222cd/DS-3b29dc01-3225-4da4-be46-61506f3e74c7/container.db, /home/runner/work/ozone/ozone/hadoop-ozone/integration-test/target/test-dir/MiniOzoneClusterImpl-5e324384-037a-4cb1-b856-3c07748222cd/datanode-2/data-0/containers/hdds/5e324384-037a-4cb1-b856-3c07748222cd/DS-73ebfeaa-6e3c-49b5-95c6-b60c4c68add1/container.db, /home/runner/work/ozone/ozone/hadoop-ozone/integration-test/target/test-dir/MiniOzoneClusterImpl-5e324384-037a-4cb1-b856-3c07748222cd/datanode-3/data-0/containers/hdds/5e324384-037a-4cb1-b856-3c07748222cd/DS-eebc795d-ded4-4fb9-9a35-5af7702637f6/container.db]
2023-09-19 02:06:10,957 [main] INFO  utils.DatanodeStoreCache (DatanodeStoreCache.java:removeDB(104)) - Removed db /home/runner/work/ozone/ozone/hadoop-ozone/integration-test/target/test-dir/MiniOzoneClusterImpl-5e324384-037a-4cb1-b856-3c07748222cd/datanode-2/data-0/containers/hdds/5e324384-037a-4cb1-b856-3c07748222cd/DS-73ebfeaa-6e3c-49b5-95c6-b60c4c68add1/container.db from cache
2023-09-19 02:06:10,957 [main] INFO  volume.HddsVolume (HddsVolume.java:closeDbStore(453)) - SchemaV3 db is stopped at /home/runner/work/ozone/ozone/hadoop-ozone/integration-test/target/test-dir/MiniOzoneClusterImpl-5e324384-037a-4cb1-b856-3c07748222cd/datanode-2/data-0/containers/hdds/5e324384-037a-4cb1-b856-3c07748222cd/DS-73ebfeaa-6e3c-49b5-95c6-b60c4c68add1/container.db for volume DS-73ebfeaa-6e3c-49b5-95c6-b60c4c68add1
2023-09-19 02:06:10,957 [main] INFO  utils.BackgroundService (BackgroundService.java:shutdown(141)) - Shutting down service BlockDeletingService
2023-09-19 02:06:10,958 [main] INFO  utils.BackgroundService (BackgroundService.java:shutdown(141)) - Shutting down service StaleRecoveringContainerScrubbingService
2023-09-19 02:06:10,959 [main] INFO  statemachine.DatanodeStateMachine (DatanodeStateMachine.java:stopDaemon(622)) - Ozone container server stopped.
2023-09-19 02:06:10,961 [ForkJoinPool.commonPool-worker-3] INFO  utils.DatanodeStoreCache (DatanodeStoreCache.java:shutdownCache(110)) - Skip clearing cache in mini cluster mode. Entries left: [/home/runner/work/ozone/ozone/hadoop-ozone/integration-test/target/test-dir/MiniOzoneClusterImpl-5e324384-037a-4cb1-b856-3c07748222cd/datanode-0/data-0/containers/hdds/5e324384-037a-4cb1-b856-3c07748222cd/DS-206735e8-a14c-45cd-809e-8dde02e7d1d1/container.db, /home/runner/work/ozone/ozone/hadoop-ozone/integration-test/target/test-dir/MiniOzoneClusterImpl-5e324384-037a-4cb1-b856-3c07748222cd/datanode-1/data-0/containers/hdds/5e324384-037a-4cb1-b856-3c07748222cd/DS-3b29dc01-3225-4da4-be46-61506f3e74c7/container.db, /home/runner/work/ozone/ozone/hadoop-ozone/integration-test/target/test-dir/MiniOzoneClusterImpl-5e324384-037a-4cb1-b856-3c07748222cd/datanode-3/data-0/containers/hdds/5e324384-037a-4cb1-b856-3c07748222cd/DS-eebc795d-ded4-4fb9-9a35-5af7702637f6/container.db]
2023-09-19 02:06:10,965 [ForkJoinPool.commonPool-worker-3] INFO  utils.DatanodeStoreCache (DatanodeStoreCache.java:removeDB(104)) - Removed db /home/runner/work/ozone/ozone/hadoop-ozone/integration-test/target/test-dir/MiniOzoneClusterImpl-5e324384-037a-4cb1-b856-3c07748222cd/datanode-1/data-0/containers/hdds/5e324384-037a-4cb1-b856-3c07748222cd/DS-3b29dc01-3225-4da4-be46-61506f3e74c7/container.db from cache
2023-09-19 02:06:10,965 [ForkJoinPool.commonPool-worker-3] INFO  volume.HddsVolume (HddsVolume.java:closeDbStore(453)) - SchemaV3 db is stopped at /home/runner/work/ozone/ozone/hadoop-ozone/integration-test/target/test-dir/MiniOzoneClusterImpl-5e324384-037a-4cb1-b856-3c07748222cd/datanode-1/data-0/containers/hdds/5e324384-037a-4cb1-b856-3c07748222cd/DS-3b29dc01-3225-4da4-be46-61506f3e74c7/container.db for volume DS-3b29dc01-3225-4da4-be46-61506f3e74c7
2023-09-19 02:06:10,966 [ForkJoinPool.commonPool-worker-3] INFO  utils.BackgroundService (BackgroundService.java:shutdown(141)) - Shutting down service BlockDeletingService
2023-09-19 02:06:10,966 [ForkJoinPool.commonPool-worker-3] INFO  utils.BackgroundService (BackgroundService.java:shutdown(141)) - Shutting down service StaleRecoveringContainerScrubbingService
2023-09-19 02:06:10,967 [ForkJoinPool.commonPool-worker-3] INFO  statemachine.DatanodeStateMachine (DatanodeStateMachine.java:stopDaemon(622)) - Ozone container server stopped.
2023-09-19 02:06:10,978 [main] INFO  handler.ContextHandler (ContextHandler.java:doStop(1159)) - Stopped o.e.j.w.WebAppContext@56a35d92{hddsDatanode,/,null,STOPPED}{jar:file:/home/runner/.m2/repository/org/apache/ozone/hdds-container-service/1.4.0-SNAPSHOT/hdds-container-service-1.4.0-SNAPSHOT.jar!/webapps/hddsDatanode}
2023-09-19 02:06:10,979 [main] INFO  server.AbstractConnector (AbstractConnector.java:doStop(383)) - Stopped ServerConnector@735929b6{HTTP/1.1, (http/1.1)}{0.0.0.0:15080}
2023-09-19 02:06:10,979 [main] INFO  server.session (HouseKeeper.java:stopScavenging(149)) - node0 Stopped scavenging
2023-09-19 02:06:10,979 [main] INFO  handler.ContextHandler (ContextHandler.java:doStop(1159)) - Stopped o.e.j.s.ServletContextHandler@703a305{static,/static,jar:file:/home/runner/.m2/repository/org/apache/ozone/hdds-container-service/1.4.0-SNAPSHOT/hdds-container-service-1.4.0-SNAPSHOT.jar!/webapps/static,STOPPED}
2023-09-19 02:06:10,981 [main] INFO  handler.ContextHandler (ContextHandler.java:doStop(1159)) - Stopped o.e.j.s.ServletContextHandler@2eadfbf6{logs,/logs,file:///home/runner/work/ozone/ozone/hadoop-ozone/integration-test/target/log,STOPPED}
2023-09-19 02:06:10,981 [ForkJoinPool.commonPool-worker-3] INFO  handler.ContextHandler (ContextHandler.java:doStop(1159)) - Stopped o.e.j.w.WebAppContext@37d5b78d{hddsDatanode,/,null,STOPPED}{jar:file:/home/runner/.m2/repository/org/apache/ozone/hdds-container-service/1.4.0-SNAPSHOT/hdds-container-service-1.4.0-SNAPSHOT.jar!/webapps/hddsDatanode}
2023-09-19 02:06:10,981 [ForkJoinPool.commonPool-worker-3] INFO  server.AbstractConnector (AbstractConnector.java:doStop(383)) - Stopped ServerConnector@5e92a341{HTTP/1.1, (http/1.1)}{0.0.0.0:15071}
2023-09-19 02:06:10,982 [ForkJoinPool.commonPool-worker-3] INFO  server.session (HouseKeeper.java:stopScavenging(149)) - node0 Stopped scavenging
2023-09-19 02:06:10,982 [main] INFO  ozone.HddsDatanodeClientProtocolServer (HddsDatanodeClientProtocolServer.java:stop(78)) - Stopping the RPC server for Client Protocol
2023-09-19 02:06:10,983 [main] INFO  ipc.Server (Server.java:stop(3523)) - Stopping server on 15081
2023-09-19 02:06:10,983 [IPC Server listener on 15081] INFO  ipc.Server (Server.java:run(1434)) - Stopping IPC Server listener on 15081
2023-09-19 02:06:10,983 [ForkJoinPool.commonPool-worker-3] INFO  handler.ContextHandler (ContextHandler.java:doStop(1159)) - Stopped o.e.j.s.ServletContextHandler@e52e46a{static,/static,jar:file:/home/runner/.m2/repository/org/apache/ozone/hdds-container-service/1.4.0-SNAPSHOT/hdds-container-service-1.4.0-SNAPSHOT.jar!/webapps/static,STOPPED}
2023-09-19 02:06:10,985 [ForkJoinPool.commonPool-worker-3] INFO  handler.ContextHandler (ContextHandler.java:doStop(1159)) - Stopped o.e.j.s.ServletContextHandler@6fed4e20{logs,/logs,file:///home/runner/work/ozone/ozone/hadoop-ozone/integration-test/target/log,STOPPED}
2023-09-19 02:06:10,985 [IPC Server Responder] INFO  ipc.Server (Server.java:run(1567)) - Stopping IPC Server Responder
2023-09-19 02:06:10,986 [ForkJoinPool.commonPool-worker-3] INFO  ozone.HddsDatanodeClientProtocolServer (HddsDatanodeClientProtocolServer.java:stop(78)) - Stopping the RPC server for Client Protocol
2023-09-19 02:06:10,986 [ForkJoinPool.commonPool-worker-3] INFO  ipc.Server (Server.java:stop(3523)) - Stopping server on 15072
2023-09-19 02:06:10,987 [IPC Server Responder] INFO  ipc.Server (Server.java:run(1567)) - Stopping IPC Server Responder
2023-09-19 02:06:10,987 [IPC Server listener on 15072] INFO  ipc.Server (Server.java:run(1434)) - Stopping IPC Server listener on 15072
2023-09-19 02:06:11,099 [ForkJoinPool.commonPool-worker-2] INFO  utils.DatanodeStoreCache (DatanodeStoreCache.java:shutdownCache(110)) - Skip clearing cache in mini cluster mode. Entries left: [/home/runner/work/ozone/ozone/hadoop-ozone/integration-test/target/test-dir/MiniOzoneClusterImpl-5e324384-037a-4cb1-b856-3c07748222cd/datanode-0/data-0/containers/hdds/5e324384-037a-4cb1-b856-3c07748222cd/DS-206735e8-a14c-45cd-809e-8dde02e7d1d1/container.db, /home/runner/work/ozone/ozone/hadoop-ozone/integration-test/target/test-dir/MiniOzoneClusterImpl-5e324384-037a-4cb1-b856-3c07748222cd/datanode-3/data-0/containers/hdds/5e324384-037a-4cb1-b856-3c07748222cd/DS-eebc795d-ded4-4fb9-9a35-5af7702637f6/container.db]
2023-09-19 02:06:11,101 [ForkJoinPool.commonPool-worker-2] INFO  utils.DatanodeStoreCache (DatanodeStoreCache.java:removeDB(104)) - Removed db /home/runner/work/ozone/ozone/hadoop-ozone/integration-test/target/test-dir/MiniOzoneClusterImpl-5e324384-037a-4cb1-b856-3c07748222cd/datanode-3/data-0/containers/hdds/5e324384-037a-4cb1-b856-3c07748222cd/DS-eebc795d-ded4-4fb9-9a35-5af7702637f6/container.db from cache
2023-09-19 02:06:11,101 [ForkJoinPool.commonPool-worker-2] INFO  volume.HddsVolume (HddsVolume.java:closeDbStore(453)) - SchemaV3 db is stopped at /home/runner/work/ozone/ozone/hadoop-ozone/integration-test/target/test-dir/MiniOzoneClusterImpl-5e324384-037a-4cb1-b856-3c07748222cd/datanode-3/data-0/containers/hdds/5e324384-037a-4cb1-b856-3c07748222cd/DS-eebc795d-ded4-4fb9-9a35-5af7702637f6/container.db for volume DS-eebc795d-ded4-4fb9-9a35-5af7702637f6
2023-09-19 02:06:11,102 [ForkJoinPool.commonPool-worker-2] INFO  utils.BackgroundService (BackgroundService.java:shutdown(141)) - Shutting down service BlockDeletingService
2023-09-19 02:06:11,102 [ForkJoinPool.commonPool-worker-2] INFO  utils.BackgroundService (BackgroundService.java:shutdown(141)) - Shutting down service StaleRecoveringContainerScrubbingService
2023-09-19 02:06:11,103 [ForkJoinPool.commonPool-worker-2] INFO  statemachine.DatanodeStateMachine (DatanodeStateMachine.java:stopDaemon(622)) - Ozone container server stopped.
2023-09-19 02:06:11,112 [ForkJoinPool.commonPool-worker-0] INFO  utils.DatanodeStoreCache (DatanodeStoreCache.java:shutdownCache(110)) - Skip clearing cache in mini cluster mode. Entries left: [/home/runner/work/ozone/ozone/hadoop-ozone/integration-test/target/test-dir/MiniOzoneClusterImpl-5e324384-037a-4cb1-b856-3c07748222cd/datanode-0/data-0/containers/hdds/5e324384-037a-4cb1-b856-3c07748222cd/DS-206735e8-a14c-45cd-809e-8dde02e7d1d1/container.db]
2023-09-19 02:06:11,113 [ForkJoinPool.commonPool-worker-0] INFO  utils.DatanodeStoreCache (DatanodeStoreCache.java:removeDB(104)) - Removed db /home/runner/work/ozone/ozone/hadoop-ozone/integration-test/target/test-dir/MiniOzoneClusterImpl-5e324384-037a-4cb1-b856-3c07748222cd/datanode-0/data-0/containers/hdds/5e324384-037a-4cb1-b856-3c07748222cd/DS-206735e8-a14c-45cd-809e-8dde02e7d1d1/container.db from cache
2023-09-19 02:06:11,114 [ForkJoinPool.commonPool-worker-0] INFO  volume.HddsVolume (HddsVolume.java:closeDbStore(453)) - SchemaV3 db is stopped at /home/runner/work/ozone/ozone/hadoop-ozone/integration-test/target/test-dir/MiniOzoneClusterImpl-5e324384-037a-4cb1-b856-3c07748222cd/datanode-0/data-0/containers/hdds/5e324384-037a-4cb1-b856-3c07748222cd/DS-206735e8-a14c-45cd-809e-8dde02e7d1d1/container.db for volume DS-206735e8-a14c-45cd-809e-8dde02e7d1d1
2023-09-19 02:06:11,114 [ForkJoinPool.commonPool-worker-0] INFO  utils.BackgroundService (BackgroundService.java:shutdown(141)) - Shutting down service BlockDeletingService
2023-09-19 02:06:11,115 [ForkJoinPool.commonPool-worker-0] INFO  utils.BackgroundService (BackgroundService.java:shutdown(141)) - Shutting down service StaleRecoveringContainerScrubbingService
2023-09-19 02:06:11,115 [ForkJoinPool.commonPool-worker-0] INFO  statemachine.DatanodeStateMachine (DatanodeStateMachine.java:stopDaemon(622)) - Ozone container server stopped.
2023-09-19 02:06:11,121 [ForkJoinPool.commonPool-worker-2] INFO  handler.ContextHandler (ContextHandler.java:doStop(1159)) - Stopped o.e.j.w.WebAppContext@6bfbd4ec{hddsDatanode,/,null,STOPPED}{jar:file:/home/runner/.m2/repository/org/apache/ozone/hdds-container-service/1.4.0-SNAPSHOT/hdds-container-service-1.4.0-SNAPSHOT.jar!/webapps/hddsDatanode}
2023-09-19 02:06:11,122 [ForkJoinPool.commonPool-worker-2] INFO  server.AbstractConnector (AbstractConnector.java:doStop(383)) - Stopped ServerConnector@7a37901f{HTTP/1.1, (http/1.1)}{0.0.0.0:15089}
2023-09-19 02:06:11,122 [ForkJoinPool.commonPool-worker-2] INFO  server.session (HouseKeeper.java:stopScavenging(149)) - node0 Stopped scavenging
2023-09-19 02:06:11,122 [ForkJoinPool.commonPool-worker-2] INFO  handler.ContextHandler (ContextHandler.java:doStop(1159)) - Stopped o.e.j.s.ServletContextHandler@33e3a1a9{static,/static,jar:file:/home/runner/.m2/repository/org/apache/ozone/hdds-container-service/1.4.0-SNAPSHOT/hdds-container-service-1.4.0-SNAPSHOT.jar!/webapps/static,STOPPED}
2023-09-19 02:06:11,122 [ForkJoinPool.commonPool-worker-2] INFO  handler.ContextHandler (ContextHandler.java:doStop(1159)) - Stopped o.e.j.s.ServletContextHandler@2c67f6e{logs,/logs,file:///home/runner/work/ozone/ozone/hadoop-ozone/integration-test/target/log,STOPPED}
2023-09-19 02:06:11,125 [ForkJoinPool.commonPool-worker-2] INFO  ozone.HddsDatanodeClientProtocolServer (HddsDatanodeClientProtocolServer.java:stop(78)) - Stopping the RPC server for Client Protocol
2023-09-19 02:06:11,126 [ForkJoinPool.commonPool-worker-2] INFO  ipc.Server (Server.java:stop(3523)) - Stopping server on 15090
2023-09-19 02:06:11,126 [IPC Server listener on 15090] INFO  ipc.Server (Server.java:run(1434)) - Stopping IPC Server listener on 15090
2023-09-19 02:06:11,128 [IPC Server Responder] INFO  ipc.Server (Server.java:run(1567)) - Stopping IPC Server Responder
2023-09-19 02:06:11,135 [ForkJoinPool.commonPool-worker-0] INFO  handler.ContextHandler (ContextHandler.java:doStop(1159)) - Stopped o.e.j.w.WebAppContext@506da71e{hddsDatanode,/,null,STOPPED}{jar:file:/home/runner/.m2/repository/org/apache/ozone/hdds-container-service/1.4.0-SNAPSHOT/hdds-container-service-1.4.0-SNAPSHOT.jar!/webapps/hddsDatanode}
2023-09-19 02:06:11,138 [ForkJoinPool.commonPool-worker-0] INFO  server.AbstractConnector (AbstractConnector.java:doStop(383)) - Stopped ServerConnector@6984476d{HTTP/1.1, (http/1.1)}{0.0.0.0:15062}
2023-09-19 02:06:11,138 [ForkJoinPool.commonPool-worker-0] INFO  server.session (HouseKeeper.java:stopScavenging(149)) - node0 Stopped scavenging
2023-09-19 02:06:11,138 [ForkJoinPool.commonPool-worker-0] INFO  handler.ContextHandler (ContextHandler.java:doStop(1159)) - Stopped o.e.j.s.ServletContextHandler@6817304{static,/static,jar:file:/home/runner/.m2/repository/org/apache/ozone/hdds-container-service/1.4.0-SNAPSHOT/hdds-container-service-1.4.0-SNAPSHOT.jar!/webapps/static,STOPPED}
2023-09-19 02:06:11,138 [ForkJoinPool.commonPool-worker-0] INFO  handler.ContextHandler (ContextHandler.java:doStop(1159)) - Stopped o.e.j.s.ServletContextHandler@4ef955e5{logs,/logs,file:///home/runner/work/ozone/ozone/hadoop-ozone/integration-test/target/log,STOPPED}
2023-09-19 02:06:11,139 [ForkJoinPool.commonPool-worker-0] INFO  ozone.HddsDatanodeClientProtocolServer (HddsDatanodeClientProtocolServer.java:stop(78)) - Stopping the RPC server for Client Protocol
2023-09-19 02:06:11,139 [ForkJoinPool.commonPool-worker-0] INFO  ipc.Server (Server.java:stop(3523)) - Stopping server on 15063
2023-09-19 02:06:11,140 [IPC Server Responder] INFO  ipc.Server (Server.java:run(1567)) - Stopping IPC Server Responder
2023-09-19 02:06:11,140 [IPC Server listener on 15063] INFO  ipc.Server (Server.java:run(1434)) - Stopping IPC Server listener on 15063
2023-09-19 02:06:11,141 [main] INFO  ozone.MiniOzoneClusterImpl (MiniOzoneClusterImpl.java:stopSCM(543)) - Stopping the StorageContainerManager
2023-09-19 02:06:11,141 [main] INFO  server.StorageContainerManager (StorageContainerManager.java:stop(1591)) - Container Balancer is not running.
2023-09-19 02:06:11,141 [main] INFO  server.StorageContainerManager (StorageContainerManager.java:stopReplicationManager(1724)) - Stopping Replication Manager Service.
2023-09-19 02:06:11,141 [main] INFO  replication.ReplicationManager (ReplicationManager.java:stop(323)) - Stopping Replication Monitor Thread.
2023-09-19 02:06:11,141 [main] INFO  server.StorageContainerManager (StorageContainerManager.java:stop(1600)) - Stopping the Datanode Admin Monitor.
2023-09-19 02:06:11,141 [Over Replicated Processor] WARN  replication.UnhealthyReplicationProcessor (UnhealthyReplicationProcessor.java:run(180)) - Over Replicated Processor interrupted. Exiting...
2023-09-19 02:06:11,141 [main] INFO  server.StorageContainerManager (StorageContainerManager.java:stop(1607)) - Stopping datanode service RPC server
2023-09-19 02:06:11,141 [main] INFO  server.SCMDatanodeProtocolServer (SCMDatanodeProtocolServer.java:stop(424)) - Stopping the RPC server for DataNodes
2023-09-19 02:06:11,142 [main] INFO  ipc.Server (Server.java:stop(3523)) - Stopping server on 15055
2023-09-19 02:06:11,142 [ReplicationMonitor] INFO  replication.ReplicationManager (ReplicationManager.java:run(921)) - Replication Monitor Thread is stopped
2023-09-19 02:06:11,141 [Under Replicated Processor] WARN  replication.UnhealthyReplicationProcessor (UnhealthyReplicationProcessor.java:run(180)) - Under Replicated Processor interrupted. Exiting...
2023-09-19 02:06:11,144 [IPC Server listener on 15055] INFO  ipc.Server (Server.java:run(1434)) - Stopping IPC Server listener on 15055
2023-09-19 02:06:11,144 [IPC Server Responder] INFO  ipc.Server (Server.java:run(1567)) - Stopping IPC Server Responder
2023-09-19 02:06:11,204 [SCM Heartbeat Processing Thread - 0] WARN  node.NodeStateManager (NodeStateManager.java:scheduleNextHealthCheck(874)) - Current Thread is interrupted, shutting down HB processing thread for Node Manager.
2023-09-19 02:06:11,204 [main] INFO  server.StorageContainerManager (StorageContainerManager.java:stop(1615)) - Stopping block service RPC server
2023-09-19 02:06:11,205 [main] INFO  server.SCMBlockProtocolServer (SCMBlockProtocolServer.java:stop(163)) - Stopping the RPC server for Block Protocol
2023-09-19 02:06:11,205 [main] INFO  ipc.Server (Server.java:stop(3523)) - Stopping server on 15054
2023-09-19 02:06:11,210 [IPC Server listener on 15054] INFO  ipc.Server (Server.java:run(1434)) - Stopping IPC Server listener on 15054
2023-09-19 02:06:11,210 [IPC Server Responder] INFO  ipc.Server (Server.java:run(1567)) - Stopping IPC Server Responder
2023-09-19 02:06:11,211 [main] INFO  server.StorageContainerManager (StorageContainerManager.java:stop(1622)) - Stopping the StorageContainerLocationProtocol RPC server
2023-09-19 02:06:11,211 [main] INFO  server.SCMClientProtocolServer (SCMClientProtocolServer.java:stop(210)) - Stopping the RPC server for Client Protocol
2023-09-19 02:06:11,211 [main] INFO  ipc.Server (Server.java:stop(3523)) - Stopping server on 15053
2023-09-19 02:06:11,213 [IPC Server Responder] INFO  ipc.Server (Server.java:run(1567)) - Stopping IPC Server Responder
2023-09-19 02:06:11,214 [IPC Server listener on 15053] INFO  ipc.Server (Server.java:run(1434)) - Stopping IPC Server listener on 15053
2023-09-19 02:06:11,214 [main] INFO  server.StorageContainerManager (StorageContainerManager.java:stop(1629)) - Stopping Storage Container Manager HTTP server.
2023-09-19 02:06:11,215 [main] INFO  handler.ContextHandler (ContextHandler.java:doStop(1159)) - Stopped o.e.j.w.WebAppContext@501e1441{scm,/,null,STOPPED}{file:/home/runner/work/ozone/ozone/hadoop-ozone/integration-test/target/test-classes/webapps/scm}
2023-09-19 02:06:11,216 [main] INFO  server.AbstractConnector (AbstractConnector.java:doStop(383)) - Stopped ServerConnector@21ad8083{HTTP/1.1, (http/1.1)}{0.0.0.0:15056}
2023-09-19 02:06:11,216 [main] INFO  server.session (HouseKeeper.java:stopScavenging(149)) - node0 Stopped scavenging
2023-09-19 02:06:11,216 [main] INFO  handler.ContextHandler (ContextHandler.java:doStop(1159)) - Stopped o.e.j.s.ServletContextHandler@302d6539{static,/static,file:///home/runner/work/ozone/ozone/hadoop-ozone/integration-test/target/test-classes/webapps/static,STOPPED}
2023-09-19 02:06:11,216 [main] INFO  handler.ContextHandler (ContextHandler.java:doStop(1159)) - Stopped o.e.j.s.ServletContextHandler@2a7e0b92{logs,/logs,file:///home/runner/work/ozone/ozone/hadoop-ozone/integration-test/target/log,STOPPED}
2023-09-19 02:06:11,217 [main] INFO  server.StorageContainerManager (StorageContainerManager.java:stop(1637)) - Stopping SCM LayoutVersionManager Service.
2023-09-19 02:06:11,217 [main] INFO  server.StorageContainerManager (StorageContainerManager.java:stop(1649)) - Stopping Block Manager Service.
2023-09-19 02:06:11,217 [main] INFO  utils.BackgroundService (BackgroundService.java:shutdown(141)) - Shutting down service SCMBlockDeletingService
2023-09-19 02:06:11,218 [main] INFO  utils.BackgroundService (BackgroundService.java:shutdown(141)) - Shutting down service SCMBlockDeletingService
2023-09-19 02:06:11,218 [main] INFO  server.StorageContainerManager (StorageContainerManager.java:stop(1669)) - Stopping SCM Event Queue.
2023-09-19 02:06:11,219 [JvmPauseMonitor7] INFO  util.JvmPauseMonitor (JvmPauseMonitor.java:run(109)) - JvmPauseMonitor-1912c3a0-f59a-4d86-9664-fcaeeed9cd3b: Stopped
2023-09-19 02:06:11,219 [main] INFO  server.StorageContainerManager (StorageContainerManager.java:stop(1680)) - Stopping SCM HA services.
2023-09-19 02:06:11,219 [main] INFO  pipeline.BackgroundPipelineCreator (BackgroundPipelineCreator.java:stop(149)) - Stopping RatisPipelineUtilsThread.
2023-09-19 02:06:11,220 [RatisPipelineUtilsThread - 0] WARN  pipeline.BackgroundPipelineCreator (BackgroundPipelineCreator.java:run(180)) - RatisPipelineUtilsThread is interrupted.
2023-09-19 02:06:11,220 [main] INFO  BackgroundPipelineScrubber (BackgroundSCMService.java:stop(131)) - Stopping BackgroundPipelineScrubber Service.
2023-09-19 02:06:11,220 [BackgroundPipelineScrubberThread] WARN  BackgroundPipelineScrubber (BackgroundSCMService.java:run(115)) - BackgroundPipelineScrubber is interrupted, exit
2023-09-19 02:06:11,220 [main] INFO  impl.MetricsSystemImpl (MetricsSystemImpl.java:stop(210)) - Stopping HddsDatanode metrics system...
2023-09-19 02:06:11,221 [prometheus] INFO  impl.MetricsSinkAdapter (MetricsSinkAdapter.java:publishMetricsFromQueue(141)) - prometheus thread interrupted.
2023-09-19 02:06:11,221 [main] INFO  impl.MetricsSystemImpl (MetricsSystemImpl.java:stop(216)) - HddsDatanode metrics system stopped.
2023-09-19 02:06:11,222 [main] WARN  pipeline.BackgroundPipelineCreator (BackgroundPipelineCreator.java:stop(145)) - RatisPipelineUtilsThread is not running, just ignore.
2023-09-19 02:06:11,222 [main] INFO  BackgroundPipelineScrubber (BackgroundSCMService.java:stop(126)) - BackgroundPipelineScrubber Service is not running, skip stop.
2023-09-19 02:06:11,222 [main] INFO  ExpiredContainerReplicaOpScrubber (BackgroundSCMService.java:stop(131)) - Stopping ExpiredContainerReplicaOpScrubber Service.
2023-09-19 02:06:11,222 [ExpiredContainerReplicaOpScrubberThread] WARN  ExpiredContainerReplicaOpScrubber (BackgroundSCMService.java:run(115)) - ExpiredContainerReplicaOpScrubber is interrupted, exit
2023-09-19 02:06:11,222 [main] INFO  utils.BackgroundService (BackgroundService.java:shutdown(141)) - Shutting down service SCMBlockDeletingService
2023-09-19 02:06:11,222 [main] INFO  replication.ReplicationManager (ReplicationManager.java:stop(333)) - Replication Monitor Thread is not running.
2023-09-19 02:06:11,222 [main] WARN  balancer.ContainerBalancer (ContainerBalancer.java:stop(326)) - Cannot stop Container Balancer because it's not running or stopping
2023-09-19 02:06:11,222 [main] INFO  server.StorageContainerManager (StorageContainerManager.java:stop(1715)) - Stopping SCM MetadataStore.
2023-09-19 02:06:11,222 [Lease Manager-LeaseManager#LeaseMonitor] WARN  lease.LeaseManager (LeaseManager.java:run(272)) - Lease manager is interrupted. Shutting down...
java.lang.InterruptedException
	at java.util.concurrent.locks.AbstractQueuedSynchronizer.doAcquireSharedNanos(AbstractQueuedSynchronizer.java:1039)
	at java.util.concurrent.locks.AbstractQueuedSynchronizer.tryAcquireSharedNanos(AbstractQueuedSynchronizer.java:1328)
	at java.util.concurrent.Semaphore.tryAcquire(Semaphore.java:409)
	at org.apache.hadoop.ozone.lease.LeaseManager$LeaseMonitor.run(LeaseManager.java:270)
	at java.lang.Thread.run(Thread.java:750)
2023-09-19 02:06:11,289 [main] WARN  server.ServerUtils (ServerUtils.java:getScmDbDir(155)) - ozone.scm.db.dirs is not configured. We recommend adding this setting. Falling back to ozone.metadata.dirs instead.
2023-09-19 02:06:11,295 [main] WARN  server.ServerUtils (ServerUtils.java:getScmDbDir(155)) - ozone.scm.db.dirs is not configured. We recommend adding this setting. Falling back to ozone.metadata.dirs instead.
2023-09-19 02:06:11,296 [main] INFO  ha.SCMHANodeDetails (SCMHANodeDetails.java:loadSCMHAConfig(210)) - ServiceID for StorageContainerManager is null
2023-09-19 02:06:11,296 [main] INFO  ha.SCMHANodeDetails (SCMHANodeDetails.java:loadSCMHAConfig(215)) - ozone.scm.default.service.id is not defined, falling back to ozone.scm.service.ids to find serviceID for StorageContainerManager if it is HA enabled cluster
2023-09-19 02:06:11,296 [main] WARN  utils.HAUtils (HAUtils.java:getMetaDir(339)) - ozone.scm.db.dirs is not configured. We recommend adding this setting. Falling back to ozone.metadata.dirs instead.
2023-09-19 02:06:11,297 [main] WARN  db.DBStoreBuilder (DBStoreBuilder.java:applyDBDefinition(166)) - ozone.scm.db.dirs is not configured. We recommend adding this setting. Falling back to ozone.metadata.dirs instead.
2023-09-19 02:06:11,394 [main] INFO  net.NodeSchemaLoader (NodeSchemaLoader.java:loadSchemaFromFile(129)) - Loading schema from [jar:file:/home/runner/.m2/repository/org/apache/ozone/hdds-common/1.4.0-SNAPSHOT/hdds-common-1.4.0-SNAPSHOT.jar!/network-topology-default.xml]
2023-09-19 02:06:11,394 [main] INFO  net.NodeSchemaLoader (NodeSchemaLoader.java:loadSchema(176)) - Loading network topology layer schema file
2023-09-19 02:06:11,396 [main] INFO  upgrade.AbstractLayoutVersionManager (AbstractLayoutVersionManager.java:init(83)) - Initializing Layout version manager with metadata layout = HADOOP_PRC_PORTS_IN_DATANODEDETAILS (version = 7), software layout = HADOOP_PRC_PORTS_IN_DATANODEDETAILS (version = 7)
2023-09-19 02:06:11,398 [main] INFO  ha.SequenceIdGenerator (SequenceIdGenerator.java:upgradeToSequenceId(365)) - upgrade localId to 111677748019200000
2023-09-19 02:06:11,398 [main] INFO  ha.SequenceIdGenerator (SequenceIdGenerator.java:upgradeToSequenceId(375)) - upgrade delTxnId to 0
2023-09-19 02:06:11,399 [main] INFO  ha.SequenceIdGenerator (SequenceIdGenerator.java:upgradeToSequenceId(392)) - upgrade containerId to 0
2023-09-19 02:06:11,400 [main] INFO  ha.SequenceIdGenerator (SequenceIdGenerator.java:upgradeToSequenceId(428)) - upgrade rootCertificateId to 1
2023-09-19 02:06:11,400 [main] INFO  ha.SequenceIdGenerator (SequenceIdGenerator.java:<init>(236)) - Init the HA SequenceIdGenerator.
2023-09-19 02:06:11,400 [main] WARN  server.ServerUtils (ServerUtils.java:sanitizeUserArgs(80)) - ozone.scm.stale.node.interval value = 300000 is larger than max = 100000 based on the key value of ozone.scm.heartbeat.thread.interval, reset to the max value 100000.
2023-09-19 02:06:11,400 [main] WARN  server.ServerUtils (ServerUtils.java:sanitizeUserArgs(80)) - ozone.scm.stale.node.interval value = 300000 is larger than max = 100000 based on the key value of ozone.scm.heartbeat.thread.interval, reset to the max value 100000.
2023-09-19 02:06:11,401 [main] INFO  node.SCMNodeManager (SCMNodeManager.java:<init>(157)) - Entering startup safe mode.
2023-09-19 02:06:11,401 [main] INFO  algorithms.ContainerPlacementPolicyFactory (ContainerPlacementPolicyFactory.java:getPolicyInternal(86)) - Create container placement policy of type org.apache.hadoop.hdds.scm.container.placement.algorithms.SCMContainerPlacementRackAware
2023-09-19 02:06:11,401 [main] INFO  algorithms.ContainerPlacementPolicyFactory (ContainerPlacementPolicyFactory.java:getPolicyInternal(86)) - Create container placement policy of type org.apache.hadoop.hdds.scm.container.placement.algorithms.SCMContainerPlacementRackScatter
2023-09-19 02:06:11,401 [main] INFO  pipeline.PipelineStateManagerImpl (PipelineStateManagerImpl.java:initialize(78)) - No pipeline exists in current db
2023-09-19 02:06:11,401 [main] INFO  algorithms.LeaderChoosePolicyFactory (LeaderChoosePolicyFactory.java:getPolicy(57)) - Create leader choose policy of type org.apache.hadoop.hdds.scm.pipeline.leader.choose.algorithms.MinLeaderCountChoosePolicy
2023-09-19 02:06:11,402 [main] INFO  algorithms.ContainerPlacementPolicyFactory (ContainerPlacementPolicyFactory.java:getPolicyInternal(86)) - Create container placement policy of type org.apache.hadoop.hdds.scm.container.placement.algorithms.SCMContainerPlacementRackScatter
2023-09-19 02:06:11,402 [main] INFO  ha.SCMServiceManager (SCMServiceManager.java:register(42)) - Registering service BackgroundPipelineCreator.
2023-09-19 02:06:11,402 [main] INFO  pipeline.BackgroundPipelineCreator (BackgroundPipelineCreator.java:start(124)) - Starting RatisPipelineUtilsThread.
2023-09-19 02:06:11,402 [main] INFO  BackgroundPipelineScrubber (BackgroundSCMService.java:start(68)) - Starting BackgroundPipelineScrubber Service.
2023-09-19 02:06:11,402 [main] INFO  ha.SCMServiceManager (SCMServiceManager.java:register(42)) - Registering service BackgroundPipelineScrubber.
2023-09-19 02:06:11,403 [main] INFO  ExpiredContainerReplicaOpScrubber (BackgroundSCMService.java:start(68)) - Starting ExpiredContainerReplicaOpScrubber Service.
2023-09-19 02:06:11,403 [main] INFO  ha.SCMServiceManager (SCMServiceManager.java:register(42)) - Registering service ExpiredContainerReplicaOpScrubber.
2023-09-19 02:06:11,403 [main] INFO  algorithms.PipelineChoosePolicyFactory (PipelineChoosePolicyFactory.java:createPipelineChoosePolicyFromClass(78)) - Create pipeline choose policy of type org.apache.hadoop.hdds.scm.pipeline.choose.algorithms.RandomPipelineChoosePolicy
2023-09-19 02:06:11,403 [main] INFO  algorithms.PipelineChoosePolicyFactory (PipelineChoosePolicyFactory.java:createPipelineChoosePolicyFromClass(78)) - Create pipeline choose policy of type org.apache.hadoop.hdds.scm.pipeline.choose.algorithms.RandomPipelineChoosePolicy
2023-09-19 02:06:11,404 [main] INFO  ha.SCMServiceManager (SCMServiceManager.java:register(42)) - Registering service SCMBlockDeletingService.
2023-09-19 02:06:11,405 [main] INFO  replication.ReplicationManager (ReplicationManager.java:start(291)) - Starting Replication Monitor Thread.
2023-09-19 02:06:11,405 [main] INFO  ha.SCMServiceManager (SCMServiceManager.java:register(42)) - Registering service ReplicationManager.
2023-09-19 02:06:11,405 [main] INFO  safemode.ContainerSafeModeRule (ContainerSafeModeRule.java:<init>(90)) - containers with one replica threshold count 0
2023-09-19 02:06:11,406 [main] INFO  safemode.HealthyPipelineSafeModeRule (HealthyPipelineSafeModeRule.java:initializeRule(169)) - Total pipeline count is 0, healthy pipeline threshold count is 1
2023-09-19 02:06:11,406 [main] INFO  safemode.OneReplicaPipelineSafeModeRule (OneReplicaPipelineSafeModeRule.java:initializeRule(180)) - Total pipeline count is 0, pipeline's with at least one datanode reported threshold count is 0
2023-09-19 02:06:11,408 [main] INFO  server.StorageContainerManager (StorageContainerManager.java:<init>(425)) - SCM start with adminUsers: [runner]
2023-09-19 02:06:11,408 [main] INFO  ipc.CallQueueManager (CallQueueManager.java:<init>(90)) - Using callQueue: class java.util.concurrent.LinkedBlockingQueue, queueCapacity: 2000, scheduler: class org.apache.hadoop.ipc.DefaultRpcScheduler, ipcBackoff: false.
2023-09-19 02:06:11,409 [main] INFO  ipc.Server (Server.java:<init>(1287)) - Listener at 0.0.0.0:15108
2023-09-19 02:06:11,410 [Socket Reader #1 for port 15108] INFO  ipc.Server (Server.java:run(1323)) - Starting Socket Reader #1 for port 15108
2023-09-19 02:06:11,410 [ReplicationMonitor] INFO  replication.ReplicationManager (ReplicationManager.java:processAll(365)) - Replication Manager is not ready to run until 3000ms after safemode exit
2023-09-19 02:06:11,411 [main] INFO  ipc.CallQueueManager (CallQueueManager.java:<init>(90)) - Using callQueue: class java.util.concurrent.LinkedBlockingQueue, queueCapacity: 2000, scheduler: class org.apache.hadoop.ipc.DefaultRpcScheduler, ipcBackoff: false.
2023-09-19 02:06:11,412 [main] INFO  ipc.Server (Server.java:<init>(1287)) - Listener at 0.0.0.0:15107
2023-09-19 02:06:11,412 [Socket Reader #1 for port 15107] INFO  ipc.Server (Server.java:run(1323)) - Starting Socket Reader #1 for port 15107
2023-09-19 02:06:11,415 [main] INFO  ipc.CallQueueManager (CallQueueManager.java:<init>(90)) - Using callQueue: class java.util.concurrent.LinkedBlockingQueue, queueCapacity: 2000, scheduler: class org.apache.hadoop.ipc.DefaultRpcScheduler, ipcBackoff: false.
2023-09-19 02:06:11,415 [main] INFO  ipc.Server (Server.java:<init>(1287)) - Listener at 0.0.0.0:15106
2023-09-19 02:06:11,416 [Socket Reader #1 for port 15106] INFO  ipc.Server (Server.java:run(1323)) - Starting Socket Reader #1 for port 15106
2023-09-19 02:06:11,418 [main] INFO  ha.SCMServiceManager (SCMServiceManager.java:register(42)) - Registering service ContainerBalancer.
2023-09-19 02:06:11,418 [main] INFO  server.StorageContainerManager (StorageContainerManager.java:<init>(438)) - 
Container Balancer status:
Key                            Value
Running                        false
Container Balancer Configuration values:
Key                                                Value
Threshold                                          10
Max Datanodes to Involve per Iteration(percent)    20
Max Size to Move per Iteration                     500GB
Max Size Entering Target per Iteration             26GB
Max Size Leaving Source per Iteration              26GB
Number of Iterations                               10
Time Limit for Single Container's Movement         65min
Time Limit for Single Container's Replication      50min
Interval between each Iteration                    70min
Whether to Enable Network Topology                 false
Whether to Trigger Refresh Datanode Usage Info     false
Container IDs to Exclude from Balancing            None
Datanodes Specified to be Balanced                 None
Datanodes Excluded from Balancing                  None

2023-09-19 02:06:11,418 [main] INFO  ha.SCMContext (SCMContext.java:updateSafeModeStatus(228)) - Update SafeModeStatus from SafeModeStatus{safeModeStatus=true, preCheckPassed=false} to SafeModeStatus{safeModeStatus=true, preCheckPassed=false}.
2023-09-19 02:06:11,419 [main] INFO  server.StorageContainerManager (StorageContainerManager.java:start(1483)) - StorageContainerLocationProtocol RPC server is listening at /0.0.0.0:15106
2023-09-19 02:06:11,426 [main] WARN  impl.MetricsConfig (MetricsConfig.java:loadFirst(136)) - Cannot locate configuration: tried hadoop-metrics2-storagecontainermanager.properties,hadoop-metrics2.properties
2023-09-19 02:06:11,427 [main] INFO  impl.MetricsSystemImpl (MetricsSystemImpl.java:startTimer(378)) - Scheduled Metric snapshot period at 10 second(s).
2023-09-19 02:06:11,427 [main] INFO  impl.MetricsSystemImpl (MetricsSystemImpl.java:start(191)) - StorageContainerManager metrics system started
2023-09-19 02:06:11,435 [main] INFO  impl.MetricsSinkAdapter (MetricsSinkAdapter.java:start(204)) - Sink prometheus started
2023-09-19 02:06:11,435 [main] INFO  impl.MetricsSystemImpl (MetricsSystemImpl.java:registerSink(305)) - Registered sink prometheus
2023-09-19 02:06:11,476 [main] INFO  server.SCMClientProtocolServer (SCMClientProtocolServer.java:start(201)) - RPC server for Client  is listening at /0.0.0.0:15106
2023-09-19 02:06:11,476 [IPC Server Responder] INFO  ipc.Server (Server.java:run(1562)) - IPC Server Responder: starting
2023-09-19 02:06:11,477 [IPC Server listener on 15106] INFO  ipc.Server (Server.java:run(1402)) - IPC Server listener on 15106: starting
2023-09-19 02:06:11,483 [main] INFO  server.StorageContainerManager (StorageContainerManager.java:start(1496)) - ScmBlockLocationProtocol RPC server is listening at /0.0.0.0:15107
2023-09-19 02:06:11,484 [main] INFO  server.SCMBlockProtocolServer (SCMBlockProtocolServer.java:start(154)) - RPC server for Block Protocol is listening at /0.0.0.0:15107
2023-09-19 02:06:11,484 [IPC Server Responder] INFO  ipc.Server (Server.java:run(1562)) - IPC Server Responder: starting
2023-09-19 02:06:11,484 [IPC Server listener on 15107] INFO  ipc.Server (Server.java:run(1402)) - IPC Server listener on 15107: starting
2023-09-19 02:06:11,485 [main] INFO  server.SCMDatanodeProtocolServer (SCMDatanodeProtocolServer.java:start(193)) - ScmDatanodeProtocol RPC server for DataNodes is listening at /0.0.0.0:15108
2023-09-19 02:06:11,486 [IPC Server Responder] INFO  ipc.Server (Server.java:run(1562)) - IPC Server Responder: starting
2023-09-19 02:06:11,486 [IPC Server listener on 15108] INFO  ipc.Server (Server.java:run(1402)) - IPC Server listener on 15108: starting
2023-09-19 02:06:11,488 [JvmPauseMonitor14] INFO  util.JvmPauseMonitor (JvmPauseMonitor.java:run(103)) - JvmPauseMonitor-d66e3bd1-d088-463b-bda8-0cf4300067d7: Started
2023-09-19 02:06:11,489 [main] INFO  http.BaseHttpServer (BaseHttpServer.java:newHttpServer2BuilderForOzone(223)) - Starting Web-server for scm at: http://0.0.0.0:15109
2023-09-19 02:06:11,490 [main] INFO  http.BaseHttpServer (BaseHttpServer.java:<init>(110)) - Hadoop Security Enabled: false Ozone Security Enabled: false Ozone HTTP Security Enabled: false 
2023-09-19 02:06:11,491 [main] WARN  server.AuthenticationFilter (AuthenticationFilter.java:constructSecretProvider(240)) - Unable to initialize FileSignerSecretProvider, falling back to use random secrets. Reason: Could not read signature secret file: /home/runner/hadoop-http-auth-signature-secret
2023-09-19 02:06:11,492 [main] INFO  http.HttpRequestLog (HttpRequestLog.java:getRequestLog(86)) - Http request log for http.requests.scm is not defined
2023-09-19 02:06:11,493 [main] INFO  http.HttpServer2 (HttpServer2.java:addGlobalFilter(1031)) - Added global filter 'safety' (class=org.apache.hadoop.hdds.server.http.HttpServer2$QuotingInputFilter)
2023-09-19 02:06:11,503 [main] INFO  http.HttpServer2 (HttpServer2.java:addFilter(1007)) - Added filter static_user_filter (class=org.apache.hadoop.http.lib.StaticUserWebFilter$StaticUserFilter) to context scm
2023-09-19 02:06:11,503 [main] INFO  http.HttpServer2 (HttpServer2.java:addFilter(1015)) - Added filter static_user_filter (class=org.apache.hadoop.http.lib.StaticUserWebFilter$StaticUserFilter) to context logs
2023-09-19 02:06:11,503 [main] INFO  http.HttpServer2 (HttpServer2.java:addFilter(1015)) - Added filter static_user_filter (class=org.apache.hadoop.http.lib.StaticUserWebFilter$StaticUserFilter) to context static
2023-09-19 02:06:11,504 [main] INFO  http.BaseHttpServer (BaseHttpServer.java:<init>(189)) - HTTP server of scm uses base directory /home/runner/work/ozone/ozone/hadoop-ozone/integration-test/target/test-dir/MiniOzoneClusterImpl-580a45e0-de24-452d-9431-a8422bda96cb/ozone-meta/webserver
2023-09-19 02:06:11,504 [main] INFO  http.HttpServer2 (HttpServer2.java:bindListener(1231)) - Jetty bound to port 15109
2023-09-19 02:06:11,504 [main] INFO  server.Server (Server.java:doStart(375)) - jetty-9.4.52.v20230823; built: 2023-08-23T19:29:37.669Z; git: abdcda73818a1a2c705da276edb0bf6581e7997e; jvm 1.8.0_382-b05
2023-09-19 02:06:11,509 [main] INFO  server.session (DefaultSessionIdManager.java:doStart(334)) - DefaultSessionIdManager workerName=node0
2023-09-19 02:06:11,509 [main] INFO  server.session (DefaultSessionIdManager.java:doStart(339)) - No SessionScavenger set, using defaults
2023-09-19 02:06:11,509 [main] INFO  server.session (HouseKeeper.java:startScavenging(132)) - node0 Scavenging every 600000ms
2023-09-19 02:06:11,510 [main] INFO  handler.ContextHandler (ContextHandler.java:doStart(921)) - Started o.e.j.s.ServletContextHandler@367f3fe5{logs,/logs,file:///home/runner/work/ozone/ozone/hadoop-ozone/integration-test/target/log,AVAILABLE}
2023-09-19 02:06:11,510 [main] INFO  handler.ContextHandler (ContextHandler.java:doStart(921)) - Started o.e.j.s.ServletContextHandler@5f9cab77{static,/static,file:///home/runner/work/ozone/ozone/hadoop-ozone/integration-test/target/test-classes/webapps/static,AVAILABLE}
2023-09-19 02:06:11,513 [main] INFO  handler.ContextHandler (ContextHandler.java:doStart(921)) - Started o.e.j.w.WebAppContext@26a10abd{scm,/,file:///home/runner/work/ozone/ozone/hadoop-ozone/integration-test/target/test-classes/webapps/scm/,AVAILABLE}{file:/home/runner/work/ozone/ozone/hadoop-ozone/integration-test/target/test-classes/webapps/scm}
2023-09-19 02:06:11,515 [main] INFO  server.AbstractConnector (AbstractConnector.java:doStart(333)) - Started ServerConnector@736a8733{HTTP/1.1, (http/1.1)}{0.0.0.0:15109}
2023-09-19 02:06:11,516 [main] INFO  server.Server (Server.java:doStart(415)) - Started @152223ms
2023-09-19 02:06:11,516 [main] WARN  impl.MetricsSystemImpl (MetricsSystemImpl.java:register(279)) - Sink prometheus already exists!
2023-09-19 02:06:11,517 [main] INFO  http.BaseHttpServer (BaseHttpServer.java:updateConnectorAddress(354)) - HTTP server of scm listening at http://0.0.0.0:15109
2023-09-19 02:06:11,517 [main] WARN  server.ServerUtils (ServerUtils.java:getDBPath(311)) - ozone.om.db.dirs is not configured. We recommend adding this setting. Falling back to ozone.metadata.dirs instead.
2023-09-19 02:06:11,518 [main] INFO  ha.OMHANodeDetails (OMHANodeDetails.java:loadOMHAConfig(115)) - ozone.om.internal.service.id is not defined, falling back to ozone.om.service.ids to find serviceID for OzoneManager if it is HA enabled cluster
2023-09-19 02:06:11,519 [main] INFO  ha.OMHANodeDetails (OMHANodeDetails.java:loadOMHAConfig(226)) - Configuration does not have ozone.om.address set. Falling back to the default OM address /127.0.0.1:15110
2023-09-19 02:06:11,519 [main] INFO  ha.OMHANodeDetails (OMHANodeDetails.java:getOMNodeDetailsForNonHA(254)) - OM Service ID is not set. Setting it to the default ID: omServiceIdDefault
2023-09-19 02:06:11,519 [main] INFO  ha.OMHANodeDetails (OMHANodeDetails.java:getOMNodeDetailsForNonHA(261)) - OM Node ID is not set. Setting it to the default ID: om1
2023-09-19 02:06:11,519 [main] WARN  server.ServerUtils (ServerUtils.java:getDBPath(311)) - ozone.om.db.dirs is not configured. We recommend adding this setting. Falling back to ozone.metadata.dirs instead.
2023-09-19 02:06:11,520 [main] INFO  upgrade.AbstractLayoutVersionManager (AbstractLayoutVersionManager.java:init(83)) - Initializing Layout version manager with metadata layout = QUOTA (version = 6), software layout = QUOTA (version = 6)
2023-09-19 02:06:11,590 [main] INFO  reflections.Reflections (Reflections.java:scan(232)) - Reflections took 69 ms to scan 2 urls, producing 187 keys and 515 values [using 2 cores]
2023-09-19 02:06:11,590 [main] INFO  upgrade.OMLayoutVersionManager (OMLayoutVersionManager.java:lambda$0(115)) - Skipping Upgrade Action MockOmUpgradeAction since it has been finalized.
2023-09-19 02:06:11,590 [main] INFO  upgrade.OMLayoutVersionManager (OMLayoutVersionManager.java:lambda$0(115)) - Skipping Upgrade Action QuotaRepairUpgradeAction since it has been finalized.
2023-09-19 02:06:11,590 [main] WARN  server.ServerUtils (ServerUtils.java:getDBPath(311)) - ozone.om.db.dirs is not configured. We recommend adding this setting. Falling back to ozone.metadata.dirs instead.
2023-09-19 02:06:11,592 [main] INFO  proxy.SCMBlockLocationFailoverProxyProvider (SCMBlockLocationFailoverProxyProvider.java:<init>(114)) - Created block location fail-over proxy with 1 nodes: [nodeId=scmNodeId,nodeAddress=/0.0.0.0:15107]
2023-09-19 02:06:11,593 [main] INFO  proxy.SCMBlockLocationFailoverProxyProvider (SCMBlockLocationFailoverProxyProvider.java:<init>(114)) - Created block location fail-over proxy with 1 nodes: [nodeId=scmNodeId,nodeAddress=/0.0.0.0:15107]
2023-09-19 02:06:11,603 [main] INFO  om.OzoneManager (OzoneManager.java:<init>(665)) - OM start with adminUsers: [runner]
2023-09-19 02:06:11,604 [main] WARN  server.ServerUtils (ServerUtils.java:getDBPath(311)) - ozone.om.db.dirs is not configured. We recommend adding this setting. Falling back to ozone.metadata.dirs instead.
2023-09-19 02:06:11,605 [main] INFO  helpers.OmKeyInfo (OmKeyInfo.java:getCodec(71)) - OmKeyInfo.getCodec ignorePipeline = true
2023-09-19 02:06:11,793 [main] INFO  om.OzoneManager (OzoneManager.java:instantiateServices(794)) - S3 Multi-Tenancy is disabled
2023-09-19 02:06:11,794 [main] INFO  om.OmSnapshotManager (OmSnapshotManager.java:<init>(174)) - Ozone filesystem snapshot feature is enabled.
2023-09-19 02:06:11,794 [main] WARN  server.ServerUtils (ServerUtils.java:getDBPath(311)) - ozone.om.snapshot.diff.db.dir is not configured. We recommend adding this setting. Falling back to ozone.metadata.dirs instead.
2023-09-19 02:06:11,816 [main] INFO  snapshot.SnapshotDiffManager (SnapshotDiffManager.java:closeExecutorService(1718)) - Shutting down executorService: 'SstDumpToolExecutor'
2023-09-19 02:06:11,818 [main] INFO  om.OzoneManager (OzoneManager.java:addS3GVolumeToDB(4305)) - Created Volume s3v With Owner runner required for S3Gateway operations.
2023-09-19 02:06:11,818 [main] WARN  server.ServerUtils (ServerUtils.java:getDefaultRatisDirectory(323)) - Storage directory for Ratis is not configured. It is a good idea to map this to an SSD disk. Falling back to ozone.metadata.dirs
2023-09-19 02:06:11,819 [main] WARN  utils.OzoneManagerRatisUtils (OzoneManagerRatisUtils.java:getOMRatisSnapshotDirectory(464)) - ozone.om.ratis.snapshot.dir is not configured. Falling back to ozone.metadata.dirs config
2023-09-19 02:06:11,819 [main] WARN  server.ServerUtils (ServerUtils.java:getDefaultRatisDirectory(323)) - Storage directory for Ratis is not configured. It is a good idea to map this to an SSD disk. Falling back to ozone.metadata.dirs
2023-09-19 02:06:11,821 [main] INFO  ratis.OzoneManagerRatisServer (OzoneManagerRatisServer.java:<init>(163)) - Instantiating OM Ratis server with groupID: omServiceIdDefault and peers: localhost:15113
2023-09-19 02:06:11,821 [main] INFO  ratis.OzoneManagerStateMachine (OzoneManagerStateMachine.java:loadSnapshotInfoFromDB(687)) - LastAppliedIndex is set from TransactionInfo from OM DB as (t:0, i:~)
2023-09-19 02:06:11,821 [main] INFO  server.RaftServer (ConfUtils.java:logGet(46)) - raft.rpc.type = GRPC (default)
2023-09-19 02:06:11,821 [main] INFO  grpc.GrpcConfigKeys (ConfUtils.java:logFallback(53)) - raft.grpc.admin.host = null (fallback to raft.grpc.server.host)
2023-09-19 02:06:11,822 [main] INFO  grpc.GrpcConfigKeys (ConfUtils.java:logFallback(53)) - raft.grpc.admin.port = 15113 (fallback to raft.grpc.server.port)
2023-09-19 02:06:11,822 [main] INFO  grpc.GrpcConfigKeys (ConfUtils.java:logFallback(53)) - raft.grpc.client.host = null (fallback to raft.grpc.server.host)
2023-09-19 02:06:11,822 [main] INFO  grpc.GrpcConfigKeys (ConfUtils.java:logFallback(53)) - raft.grpc.client.port = 15113 (fallback to raft.grpc.server.port)
2023-09-19 02:06:11,822 [main] INFO  grpc.GrpcConfigKeys (ConfUtils.java:logGet(46)) - raft.grpc.server.host = null (default)
2023-09-19 02:06:11,822 [main] INFO  grpc.GrpcConfigKeys (ConfUtils.java:logGet(46)) - raft.grpc.server.port = 15113 (custom)
2023-09-19 02:06:11,822 [main] INFO  server.GrpcService (ConfUtils.java:logGet(46)) - raft.grpc.message.size.max = 33554432 (custom)
2023-09-19 02:06:11,822 [main] INFO  server.RaftServerConfigKeys (ConfUtils.java:logGet(46)) - raft.server.log.appender.buffer.byte-limit = 33554432 (custom)
2023-09-19 02:06:11,822 [main] INFO  server.GrpcService (ConfUtils.java:logGet(46)) - raft.grpc.flow.control.window = 1MB (=1048576) (default)
2023-09-19 02:06:11,822 [main] INFO  server.RaftServerConfigKeys (ConfUtils.java:logGet(46)) - raft.server.rpc.request.timeout = 3000ms (default)
2023-09-19 02:06:11,822 [main] INFO  grpc.GrpcConfigKeys (ConfUtils.java:logGet(46)) - raft.grpc.server.heartbeat.channel = true (default)
2023-09-19 02:06:11,823 [main] INFO  grpc.GrpcConfigKeys (ConfUtils.java:logGet(46)) - raft.grpc.server.async.request.thread.pool.cached = true (default)
2023-09-19 02:06:11,823 [main] INFO  grpc.GrpcConfigKeys (ConfUtils.java:logGet(46)) - raft.grpc.server.async.request.thread.pool.size = 32 (default)
2023-09-19 02:06:11,824 [main] INFO  impl.DataStreamServerImpl (ConfUtils.java:logGet(46)) - raft.datastream.type = DISABLED (default)
2023-09-19 02:06:11,824 [main] INFO  server.RaftServerConfigKeys (ConfUtils.java:logGet(46)) - raft.server.threadpool.proxy.cached = true (default)
2023-09-19 02:06:11,825 [main] INFO  server.RaftServerConfigKeys (ConfUtils.java:logGet(46)) - raft.server.threadpool.proxy.size = 0 (default)
2023-09-19 02:06:11,825 [main] INFO  server.RaftServerConfigKeys (ConfUtils.java:logGet(46)) - raft.server.rpc.slowness.timeout = 120s (custom)
2023-09-19 02:06:11,825 [main] INFO  server.RaftServerConfigKeys (ConfUtils.java:logGet(46)) - raft.server.leaderelection.leader.step-down.wait-time = 10s (default)
2023-09-19 02:06:11,825 [main] INFO  server.RaftServerConfigKeys (ConfUtils.java:logGet(46)) - raft.server.storage.dir = [/home/runner/work/ozone/ozone/hadoop-ozone/integration-test/target/test-dir/MiniOzoneClusterImpl-580a45e0-de24-452d-9431-a8422bda96cb/ozone-meta/ratis] (custom)
2023-09-19 02:06:11,825 [main] INFO  server.RaftServer (RaftServerProxy.java:addNew(98)) - om1: addNew group-C5BA1605619E:[om1|rpc:localhost:15113|priority:0|startupRole:FOLLOWER] returns group-C5BA1605619E:java.util.concurrent.CompletableFuture@26190187[Not completed]
2023-09-19 02:06:11,826 [om1-groupManagement] INFO  server.RaftServer$Division (RaftServerImpl.java:<init>(198)) - om1: new RaftServerImpl for group-C5BA1605619E:[om1|rpc:localhost:15113|priority:0|startupRole:FOLLOWER] with OzoneManagerStateMachine:uninitialized
2023-09-19 02:06:11,826 [om1-groupManagement] INFO  server.RaftServerConfigKeys (ConfUtils.java:logGet(46)) - raft.server.rpc.timeout.min = 1s (custom)
2023-09-19 02:06:11,826 [om1-groupManagement] INFO  server.RaftServerConfigKeys (ConfUtils.java:logGet(46)) - raft.server.rpc.timeout.max = 1200ms (custom)
2023-09-19 02:06:11,826 [om1-groupManagement] INFO  server.RaftServerConfigKeys (ConfUtils.java:logGet(46)) - raft.server.rpc.sleep.time = 25ms (default)
2023-09-19 02:06:11,826 [om1-groupManagement] INFO  server.RaftServerConfigKeys (ConfUtils.java:logGet(46)) - raft.server.rpc.slowness.timeout = 120s (custom)
2023-09-19 02:06:11,826 [om1-groupManagement] INFO  server.RaftServerConfigKeys (ConfUtils.java:logGet(46)) - raft.server.leaderelection.leader.step-down.wait-time = 10s (default)
2023-09-19 02:06:11,826 [om1-groupManagement] INFO  server.RaftServerConfigKeys (ConfUtils.java:logGet(46)) - raft.server.sleep.deviation.threshold = 300ms (default)
2023-09-19 02:06:11,826 [om1-groupManagement] INFO  server.RaftServer$Division (ServerState.java:<init>(120)) - om1@group-C5BA1605619E: ConfigurationManager, init=-1: peers:[om1|rpc:localhost:15113|priority:0|startupRole:FOLLOWER]|listeners:[], old=null, confs=<EMPTY_MAP>
2023-09-19 02:06:11,826 [om1-groupManagement] INFO  server.RaftServerConfigKeys (ConfUtils.java:logGet(46)) - raft.server.storage.dir = [/home/runner/work/ozone/ozone/hadoop-ozone/integration-test/target/test-dir/MiniOzoneClusterImpl-580a45e0-de24-452d-9431-a8422bda96cb/ozone-meta/ratis] (custom)
2023-09-19 02:06:11,826 [om1-groupManagement] INFO  server.RaftServerConfigKeys (ConfUtils.java:logGet(46)) - raft.server.log.corruption.policy = EXCEPTION (default)
2023-09-19 02:06:11,826 [om1-groupManagement] INFO  server.RaftServerConfigKeys (ConfUtils.java:logGet(46)) - raft.server.storage.free-space.min = 0MB (=0) (default)
2023-09-19 02:06:11,826 [om1-groupManagement] INFO  server.RaftServerConfigKeys (ConfUtils.java:logGet(46)) - raft.server.notification.no-leader.timeout = 120s (custom)
2023-09-19 02:06:11,828 [om1-groupManagement] INFO  server.RaftServerConfigKeys (ConfUtils.java:logGet(46)) - raft.server.read.timeout = 10s (default)
2023-09-19 02:06:11,828 [om1-groupManagement] INFO  server.RaftServerConfigKeys (ConfUtils.java:logGet(46)) - raft.server.retrycache.expirytime = 300s (custom)
2023-09-19 02:06:11,828 [om1-groupManagement] INFO  server.RaftServerConfigKeys (ConfUtils.java:logGet(46)) - raft.server.retrycache.statistics.expirytime = 100μs (default)
2023-09-19 02:06:11,828 [om1-groupManagement] INFO  server.RaftServerConfigKeys (ConfUtils.java:logGet(46)) - raft.server.read.option = DEFAULT (default)
2023-09-19 02:06:11,829 [om1-groupManagement] INFO  server.RaftServerConfigKeys (ConfUtils.java:logGet(46)) - raft.server.rpc.request.timeout = 3000ms (default)
2023-09-19 02:06:11,829 [om1-groupManagement] INFO  server.RaftServerConfigKeys (ConfUtils.java:logGet(46)) - raft.server.log.appender.install.snapshot.enabled = false (custom)
2023-09-19 02:06:11,829 [om1-groupManagement] INFO  server.RaftServerConfigKeys (ConfUtils.java:logGet(46)) - raft.server.threadpool.server.cached = true (default)
2023-09-19 02:06:11,829 [om1-groupManagement] INFO  server.RaftServerConfigKeys (ConfUtils.java:logGet(46)) - raft.server.threadpool.server.size = 0 (default)
2023-09-19 02:06:11,829 [om1-groupManagement] INFO  server.RaftServerConfigKeys (ConfUtils.java:logGet(46)) - raft.server.threadpool.client.cached = true (default)
2023-09-19 02:06:11,829 [om1-groupManagement] INFO  server.RaftServerConfigKeys (ConfUtils.java:logGet(46)) - raft.server.threadpool.client.size = 0 (default)
2023-09-19 02:06:11,826 [main] INFO  om.OzoneManager (OzoneManager.java:initializeRatisServer(2148)) - OzoneManager Ratis server initialized at port 15113
2023-09-19 02:06:11,830 [main] INFO  om.OzoneManager (OzoneManager.java:getRpcServer(1196)) - Creating RPC Server
2023-09-19 02:06:12,237 [main] INFO  reflections.Reflections (Reflections.java:scan(232)) - Reflections took 405 ms to scan 20 urls, producing 70 keys and 6004 values [using 2 cores]
2023-09-19 02:06:12,238 [main] INFO  ipc.CallQueueManager (CallQueueManager.java:<init>(90)) - Using callQueue: class java.util.concurrent.LinkedBlockingQueue, queueCapacity: 2000, scheduler: class org.apache.hadoop.ipc.DefaultRpcScheduler, ipcBackoff: false.
2023-09-19 02:06:12,239 [main] INFO  ipc.Server (Server.java:<init>(1287)) - Listener at 127.0.0.1:15110
2023-09-19 02:06:12,239 [Socket Reader #1 for port 15110] INFO  ipc.Server (Server.java:run(1323)) - Starting Socket Reader #1 for port 15110
2023-09-19 02:06:12,258 [main] INFO  impl.MetricsSystemImpl (MetricsSystemImpl.java:init(158)) - OzoneManager metrics system started (again)
2023-09-19 02:06:12,272 [main] INFO  om.OzoneManager (OzoneManager.java:start(1633)) - OzoneManager RPC server is listening at localhost/127.0.0.1:15110
2023-09-19 02:06:12,272 [main] INFO  ratis.OzoneManagerRatisServer (OzoneManagerRatisServer.java:start(558)) - Starting OzoneManagerRatisServer om1 at port 15113
2023-09-19 02:06:12,272 [om1-impl-thread1] INFO  storage.RaftStorageDirectory (RaftStorageDirectoryImpl.java:analyzeStorage(137)) - The storage directory /home/runner/work/ozone/ozone/hadoop-ozone/integration-test/target/test-dir/MiniOzoneClusterImpl-580a45e0-de24-452d-9431-a8422bda96cb/ozone-meta/ratis/bf265839-605b-3f16-9796-c5ba1605619e does not exist. Creating ...
2023-09-19 02:06:12,274 [om1-impl-thread1] INFO  storage.RaftStorageDirectory (RaftStorageDirectoryImpl.java:tryLock(231)) - Lock on /home/runner/work/ozone/ozone/hadoop-ozone/integration-test/target/test-dir/MiniOzoneClusterImpl-580a45e0-de24-452d-9431-a8422bda96cb/ozone-meta/ratis/bf265839-605b-3f16-9796-c5ba1605619e/in_use.lock acquired by nodename 7315@fv-az1031-92
2023-09-19 02:06:12,275 [om1-impl-thread1] INFO  storage.RaftStorage (RaftStorageImpl.java:format(96)) - Storage directory /home/runner/work/ozone/ozone/hadoop-ozone/integration-test/target/test-dir/MiniOzoneClusterImpl-580a45e0-de24-452d-9431-a8422bda96cb/ozone-meta/ratis/bf265839-605b-3f16-9796-c5ba1605619e has been successfully formatted.
2023-09-19 02:06:12,275 [om1-impl-thread1] INFO  server.RaftServerConfigKeys (ConfUtils.java:logGet(46)) - raft.server.log.use.memory = false (default)
2023-09-19 02:06:12,275 [om1-impl-thread1] INFO  server.RaftServerConfigKeys (ConfUtils.java:logGet(46)) - raft.server.log.purge.gap = 1000000 (custom)
2023-09-19 02:06:12,275 [om1-impl-thread1] INFO  server.RaftServerConfigKeys (ConfUtils.java:logGet(46)) - raft.server.log.appender.buffer.byte-limit = 33554432 (custom)
2023-09-19 02:06:12,275 [om1-impl-thread1] INFO  server.RaftServerConfigKeys (ConfUtils.java:logGet(46)) - raft.server.log.statemachine.data.read.timeout = 1000ms (default)
2023-09-19 02:06:12,275 [om1-impl-thread1] INFO  server.RaftServerConfigKeys (ConfUtils.java:logGet(46)) - raft.server.log.purge.preservation.log.num = 0 (default)
2023-09-19 02:06:12,275 [om1-impl-thread1] INFO  server.RaftServerConfigKeys (ConfUtils.java:logGet(46)) - raft.server.log.segment.size.max = 4194304 (custom)
2023-09-19 02:06:12,276 [om1-impl-thread1] INFO  server.RaftServerConfigKeys (ConfUtils.java:logGet(46)) - raft.server.log.segment.cache.num.max = 2 (custom)
2023-09-19 02:06:12,276 [om1-impl-thread1] INFO  server.RaftServerConfigKeys (ConfUtils.java:logGet(46)) - raft.server.log.segment.cache.size.max = 200MB (=209715200) (default)
2023-09-19 02:06:12,276 [om1-impl-thread1] INFO  server.RaftServerConfigKeys (ConfUtils.java:logGet(46)) - raft.server.log.appender.buffer.byte-limit = 33554432 (custom)
2023-09-19 02:06:12,276 [om1-impl-thread1] INFO  segmented.SegmentedRaftLogWorker (SegmentedRaftLogWorker.java:<init>(188)) - new om1@group-C5BA1605619E-SegmentedRaftLogWorker for RaftStorageImpl:Storage Directory /home/runner/work/ozone/ozone/hadoop-ozone/integration-test/target/test-dir/MiniOzoneClusterImpl-580a45e0-de24-452d-9431-a8422bda96cb/ozone-meta/ratis/bf265839-605b-3f16-9796-c5ba1605619e
2023-09-19 02:06:12,276 [om1-impl-thread1] INFO  server.RaftServerConfigKeys (ConfUtils.java:logGet(46)) - raft.server.log.queue.byte-limit = 64MB (=67108864) (default)
2023-09-19 02:06:12,276 [om1-impl-thread1] INFO  server.RaftServerConfigKeys (ConfUtils.java:logGet(46)) - raft.server.log.queue.element-limit = 4096 (default)
2023-09-19 02:06:12,276 [om1-impl-thread1] INFO  server.RaftServerConfigKeys (ConfUtils.java:logGet(46)) - raft.server.log.segment.size.max = 4194304 (custom)
2023-09-19 02:06:12,276 [om1-impl-thread1] INFO  server.RaftServerConfigKeys (ConfUtils.java:logGet(46)) - raft.server.log.preallocated.size = 4194304 (custom)
2023-09-19 02:06:12,276 [om1-impl-thread1] INFO  server.RaftServerConfigKeys (ConfUtils.java:logGet(46)) - raft.server.log.force.sync.num = 128 (default)
2023-09-19 02:06:12,276 [om1-impl-thread1] INFO  server.RaftServerConfigKeys (ConfUtils.java:logGet(46)) - raft.server.log.statemachine.data.sync = true (default)
2023-09-19 02:06:12,276 [om1-impl-thread1] INFO  server.RaftServerConfigKeys (ConfUtils.java:logGet(46)) - raft.server.log.statemachine.data.sync.timeout = 10s (default)
2023-09-19 02:06:12,276 [om1-impl-thread1] INFO  server.RaftServerConfigKeys (ConfUtils.java:logGet(46)) - raft.server.log.statemachine.data.sync.timeout.retry = -1 (default)
2023-09-19 02:06:12,276 [om1-impl-thread1] INFO  server.RaftServerConfigKeys (ConfUtils.java:logGet(46)) - raft.server.log.write.buffer.size = 64KB (=65536) (default)
2023-09-19 02:06:12,276 [om1-impl-thread1] INFO  server.RaftServerConfigKeys (ConfUtils.java:logGet(46)) - raft.server.log.appender.buffer.byte-limit = 33554432 (custom)
2023-09-19 02:06:12,281 [om1-impl-thread1] INFO  server.RaftServerConfigKeys (ConfUtils.java:logGet(46)) - raft.server.log.unsafe-flush.enabled = false (default)
2023-09-19 02:06:12,281 [om1-impl-thread1] INFO  server.RaftServerConfigKeys (ConfUtils.java:logGet(46)) - raft.server.log.async-flush.enabled = false (default)
2023-09-19 02:06:12,281 [om1-impl-thread1] INFO  server.RaftServerConfigKeys (ConfUtils.java:logGet(46)) - raft.server.log.statemachine.data.caching.enabled = false (default)
2023-09-19 02:06:12,281 [om1-impl-thread1] INFO  segmented.SegmentedRaftLogWorker (SegmentedRaftLogWorker.java:lambda$new$0(135)) - om1@group-C5BA1605619E-SegmentedRaftLogWorker: flushIndex: setUnconditionally 0 -> -1
2023-09-19 02:06:12,281 [om1-impl-thread1] INFO  segmented.SegmentedRaftLogWorker (SegmentedRaftLogWorker.java:lambda$new$0(135)) - om1@group-C5BA1605619E-SegmentedRaftLogWorker: safeCacheEvictIndex: setUnconditionally 0 -> -1
2023-09-19 02:06:12,282 [om1-impl-thread1] INFO  server.RaftServer$Division (RaftServerImpl.java:start(342)) - om1@group-C5BA1605619E: start as a follower, conf=-1: peers:[om1|rpc:localhost:15113|priority:0|startupRole:FOLLOWER]|listeners:[], old=null
2023-09-19 02:06:12,282 [om1-impl-thread1] INFO  server.RaftServer$Division (RaftServerImpl.java:setRole(329)) - om1@group-C5BA1605619E: changes role from      null to FOLLOWER at term 0 for startAsFollower
2023-09-19 02:06:12,282 [om1-impl-thread1] INFO  impl.RoleInfo (RoleInfo.java:updateAndGet(139)) - om1: start om1@group-C5BA1605619E-FollowerState
2023-09-19 02:06:12,282 [om1@group-C5BA1605619E-FollowerState] INFO  server.RaftServerConfigKeys (ConfUtils.java:logFallback(53)) - raft.server.rpc.first-election.timeout.min = 1s (fallback to raft.server.rpc.timeout.min)
2023-09-19 02:06:12,282 [om1-impl-thread1] INFO  util.JmxRegister (JmxRegister.java:tryRegister(44)) - Successfully registered JMX Bean with object name Ratis:service=RaftServer,group=group-C5BA1605619E,id=om1
2023-09-19 02:06:12,282 [om1-impl-thread1] INFO  server.RaftServerConfigKeys (ConfUtils.java:logGet(46)) - raft.server.snapshot.auto.trigger.enabled = true (custom)
2023-09-19 02:06:12,282 [om1-impl-thread1] INFO  server.RaftServerConfigKeys (ConfUtils.java:logGet(46)) - raft.server.snapshot.auto.trigger.threshold = 400000 (default)
2023-09-19 02:06:12,283 [om1-impl-thread1] INFO  server.RaftServerConfigKeys (ConfUtils.java:logGet(46)) - raft.server.snapshot.retention.file.num = -1 (default)
2023-09-19 02:06:12,283 [om1-impl-thread1] INFO  server.RaftServerConfigKeys (ConfUtils.java:logGet(46)) - raft.server.log.purge.upto.snapshot.index = true (custom)
2023-09-19 02:06:12,285 [om1@group-C5BA1605619E-FollowerState] INFO  server.RaftServerConfigKeys (ConfUtils.java:logFallback(53)) - raft.server.rpc.first-election.timeout.max = 1200ms (fallback to raft.server.rpc.timeout.max)
2023-09-19 02:06:12,285 [main] INFO  server.RaftServer (RaftServerProxy.java:startImpl(400)) - om1: start RPC server
2023-09-19 02:06:12,287 [main] INFO  server.GrpcService (GrpcService.java:startImpl(302)) - om1: GrpcService started, listening on 15113
2023-09-19 02:06:12,288 [JvmPauseMonitor15] INFO  util.JvmPauseMonitor (JvmPauseMonitor.java:run(103)) - JvmPauseMonitor-om1: Started
2023-09-19 02:06:12,288 [main] INFO  om.OzoneManager (OzoneManager.java:start(1649)) - Version File has different layout version (6) than OM DB (null). That is expected if this OM has never been finalized to a newer layout version.
2023-09-19 02:06:12,290 [main] INFO  http.BaseHttpServer (BaseHttpServer.java:newHttpServer2BuilderForOzone(223)) - Starting Web-server for ozoneManager at: http://0.0.0.0:15111
2023-09-19 02:06:12,290 [main] INFO  http.BaseHttpServer (BaseHttpServer.java:<init>(110)) - Hadoop Security Enabled: false Ozone Security Enabled: false Ozone HTTP Security Enabled: false 
2023-09-19 02:06:12,295 [main] WARN  server.AuthenticationFilter (AuthenticationFilter.java:constructSecretProvider(240)) - Unable to initialize FileSignerSecretProvider, falling back to use random secrets. Reason: Could not read signature secret file: /home/runner/hadoop-http-auth-signature-secret
2023-09-19 02:06:12,296 [main] INFO  http.HttpRequestLog (HttpRequestLog.java:getRequestLog(86)) - Http request log for http.requests.ozoneManager is not defined
2023-09-19 02:06:12,297 [main] INFO  http.HttpServer2 (HttpServer2.java:addGlobalFilter(1031)) - Added global filter 'safety' (class=org.apache.hadoop.hdds.server.http.HttpServer2$QuotingInputFilter)
2023-09-19 02:06:12,298 [main] INFO  http.HttpServer2 (HttpServer2.java:addFilter(1007)) - Added filter static_user_filter (class=org.apache.hadoop.http.lib.StaticUserWebFilter$StaticUserFilter) to context ozoneManager
2023-09-19 02:06:12,298 [main] INFO  http.HttpServer2 (HttpServer2.java:addFilter(1015)) - Added filter static_user_filter (class=org.apache.hadoop.http.lib.StaticUserWebFilter$StaticUserFilter) to context logs
2023-09-19 02:06:12,298 [main] INFO  http.HttpServer2 (HttpServer2.java:addFilter(1015)) - Added filter static_user_filter (class=org.apache.hadoop.http.lib.StaticUserWebFilter$StaticUserFilter) to context static
2023-09-19 02:06:12,299 [main] INFO  http.BaseHttpServer (BaseHttpServer.java:<init>(189)) - HTTP server of ozoneManager uses base directory /home/runner/work/ozone/ozone/hadoop-ozone/integration-test/target/test-dir/MiniOzoneClusterImpl-580a45e0-de24-452d-9431-a8422bda96cb/ozone-meta/webserver
2023-09-19 02:06:12,299 [main] INFO  http.HttpServer2 (HttpServer2.java:bindListener(1231)) - Jetty bound to port 15111
2023-09-19 02:06:12,299 [main] INFO  server.Server (Server.java:doStart(375)) - jetty-9.4.52.v20230823; built: 2023-08-23T19:29:37.669Z; git: abdcda73818a1a2c705da276edb0bf6581e7997e; jvm 1.8.0_382-b05
2023-09-19 02:06:12,307 [main] INFO  server.session (DefaultSessionIdManager.java:doStart(334)) - DefaultSessionIdManager workerName=node0
2023-09-19 02:06:12,307 [main] INFO  server.session (DefaultSessionIdManager.java:doStart(339)) - No SessionScavenger set, using defaults
2023-09-19 02:06:12,307 [main] INFO  server.session (HouseKeeper.java:startScavenging(132)) - node0 Scavenging every 600000ms
2023-09-19 02:06:12,308 [main] INFO  handler.ContextHandler (ContextHandler.java:doStart(921)) - Started o.e.j.s.ServletContextHandler@75d64780{logs,/logs,file:///home/runner/work/ozone/ozone/hadoop-ozone/integration-test/target/log,AVAILABLE}
2023-09-19 02:06:12,308 [main] INFO  handler.ContextHandler (ContextHandler.java:doStart(921)) - Started o.e.j.s.ServletContextHandler@5119e907{static,/static,file:///home/runner/work/ozone/ozone/hadoop-ozone/integration-test/target/test-classes/webapps/static,AVAILABLE}
2023-09-19 02:06:12,312 [main] INFO  handler.ContextHandler (ContextHandler.java:doStart(921)) - Started o.e.j.w.WebAppContext@3a8c6dfc{ozoneManager,/,file:///home/runner/work/ozone/ozone/hadoop-ozone/integration-test/target/test-classes/webapps/ozoneManager/,AVAILABLE}{file:/home/runner/work/ozone/ozone/hadoop-ozone/integration-test/target/test-classes/webapps/ozoneManager}
2023-09-19 02:06:12,313 [main] INFO  server.AbstractConnector (AbstractConnector.java:doStart(333)) - Started ServerConnector@509debfe{HTTP/1.1, (http/1.1)}{0.0.0.0:15111}
2023-09-19 02:06:12,313 [main] INFO  server.Server (Server.java:doStart(415)) - Started @153020ms
2023-09-19 02:06:12,314 [main] WARN  impl.MetricsSystemImpl (MetricsSystemImpl.java:register(279)) - Sink prometheus already exists!
2023-09-19 02:06:12,314 [main] INFO  http.BaseHttpServer (BaseHttpServer.java:updateConnectorAddress(354)) - HTTP server of ozoneManager listening at http://0.0.0.0:15111
2023-09-19 02:06:12,314 [IPC Server Responder] INFO  ipc.Server (Server.java:run(1562)) - IPC Server Responder: starting
2023-09-19 02:06:12,315 [IPC Server listener on 15110] INFO  ipc.Server (Server.java:run(1402)) - IPC Server listener on 15110: starting
2023-09-19 02:06:12,329 [main] INFO  om.TrashPolicyOzone (TrashPolicyOzone.java:<init>(281)) - Ozone Manager trash configuration: Deletion interval = 0 minutes, Emptier interval = 0 minutes.
2023-09-19 02:06:12,350 [main] WARN  impl.MetricRegistriesImpl (MetricRegistriesImpl.java:addReporterRegistration(111)) - New reporters are added after registries were created. Some metrics will be missing from the reporter. Please add reporter before adding any new registry.
2023-09-19 02:06:12,350 [main] WARN  impl.MetricRegistriesImpl (MetricRegistriesImpl.java:addReporterRegistration(111)) - New reporters are added after registries were created. Some metrics will be missing from the reporter. Please add reporter before adding any new registry.
2023-09-19 02:06:12,350 [main] INFO  impl.MetricsSystemImpl (MetricsSystemImpl.java:init(158)) - HddsDatanode metrics system started (again)
2023-09-19 02:06:12,363 [main] INFO  ozone.HddsDatanodeService (HddsDatanodeService.java:start(237)) - HddsDatanodeService host:fv-az1031-92 ip:10.1.0.29
2023-09-19 02:06:12,382 [main] INFO  upgrade.AbstractLayoutVersionManager (AbstractLayoutVersionManager.java:init(83)) - Initializing Layout version manager with metadata layout = HADOOP_PRC_PORTS_IN_DATANODEDETAILS (version = 7), software layout = HADOOP_PRC_PORTS_IN_DATANODEDETAILS (version = 7)
2023-09-19 02:06:12,382 [main] INFO  statemachine.DatanodeStateMachine (DatanodeStateMachine.java:getEndPointTaskThreadPoolSize(284)) - Datanode State Machine Task Thread Pool size 2
2023-09-19 02:06:12,384 [main] INFO  volume.HddsVolume (HddsVolume.java:<init>(126)) - Creating HddsVolume: /home/runner/work/ozone/ozone/hadoop-ozone/integration-test/target/test-dir/MiniOzoneClusterImpl-580a45e0-de24-452d-9431-a8422bda96cb/datanode-0/data-0/containers/hdds of storage type : DISK capacity : 9223372036854775807
2023-09-19 02:06:12,384 [main] INFO  volume.MutableVolumeSet (MutableVolumeSet.java:initializeVolumeSet(173)) - Added Volume : /home/runner/work/ozone/ozone/hadoop-ozone/integration-test/target/test-dir/MiniOzoneClusterImpl-580a45e0-de24-452d-9431-a8422bda96cb/datanode-0/data-0/containers/hdds to VolumeSet
2023-09-19 02:06:12,385 [main] INFO  volume.MutableVolumeSet (MutableVolumeSet.java:initializeVolumeSet(173)) - Added Volume : /home/runner/work/ozone/ozone/hadoop-ozone/integration-test/target/test-dir/MiniOzoneClusterImpl-580a45e0-de24-452d-9431-a8422bda96cb/datanode-0/data/ratis to VolumeSet
2023-09-19 02:06:12,385 [Thread-1277] INFO  ozoneimpl.ContainerReader (ContainerReader.java:readVolume(177)) - Finish verifying containers on volume /home/runner/work/ozone/ozone/hadoop-ozone/integration-test/target/test-dir/MiniOzoneClusterImpl-580a45e0-de24-452d-9431-a8422bda96cb/datanode-0/data-0/containers/hdds
2023-09-19 02:06:12,385 [main] INFO  ozoneimpl.OzoneContainer (OzoneContainer.java:buildContainerSet(314)) - Build ContainerSet costs 0s
2023-09-19 02:06:12,391 [main] INFO  server.RaftServer (ConfUtils.java:logGet(46)) - raft.rpc.type = GRPC (default)
2023-09-19 02:06:12,391 [main] INFO  grpc.GrpcConfigKeys (ConfUtils.java:logFallback(53)) - raft.grpc.admin.host = null (fallback to raft.grpc.server.host)
2023-09-19 02:06:12,392 [main] INFO  grpc.GrpcConfigKeys (ConfUtils.java:logGet(46)) - raft.grpc.admin.port = 15119 (custom)
2023-09-19 02:06:12,392 [main] INFO  grpc.GrpcConfigKeys (ConfUtils.java:logFallback(53)) - raft.grpc.client.host = null (fallback to raft.grpc.server.host)
2023-09-19 02:06:12,392 [main] INFO  grpc.GrpcConfigKeys (ConfUtils.java:logGet(46)) - raft.grpc.client.port = 15118 (custom)
2023-09-19 02:06:12,392 [main] INFO  grpc.GrpcConfigKeys (ConfUtils.java:logGet(46)) - raft.grpc.server.host = null (default)
2023-09-19 02:06:12,392 [main] INFO  grpc.GrpcConfigKeys (ConfUtils.java:logGet(46)) - raft.grpc.server.port = 15120 (custom)
2023-09-19 02:06:12,392 [main] INFO  server.GrpcService (ConfUtils.java:logGet(46)) - raft.grpc.message.size.max = 32MB (=33554432) (custom)
2023-09-19 02:06:12,392 [main] INFO  server.RaftServerConfigKeys (ConfUtils.java:logGet(46)) - raft.server.log.appender.buffer.byte-limit = 33554432 (custom)
2023-09-19 02:06:12,392 [main] INFO  server.GrpcService (ConfUtils.java:logGet(46)) - raft.grpc.flow.control.window = 5MB (=5242880) (custom)
2023-09-19 02:06:12,392 [main] INFO  server.RaftServerConfigKeys (ConfUtils.java:logGet(46)) - raft.server.rpc.request.timeout = 60s (custom)
2023-09-19 02:06:12,392 [main] INFO  grpc.GrpcConfigKeys (ConfUtils.java:logGet(46)) - raft.grpc.server.heartbeat.channel = true (default)
2023-09-19 02:06:12,393 [main] INFO  grpc.GrpcConfigKeys (ConfUtils.java:logGet(46)) - raft.grpc.server.async.request.thread.pool.cached = true (default)
2023-09-19 02:06:12,393 [main] INFO  grpc.GrpcConfigKeys (ConfUtils.java:logGet(46)) - raft.grpc.server.async.request.thread.pool.size = 32 (default)
2023-09-19 02:06:12,396 [main] INFO  impl.DataStreamServerImpl (ConfUtils.java:logGet(46)) - raft.datastream.type = NETTY (custom)
2023-09-19 02:06:12,396 [main] INFO  server.RaftServerConfigKeys (ConfUtils.java:logGet(46)) - raft.server.data-stream.async.request.thread.pool.cached = false (default)
2023-09-19 02:06:12,396 [main] INFO  server.RaftServerConfigKeys (ConfUtils.java:logGet(46)) - raft.server.data-stream.async.request.thread.pool.size = 20 (custom)
2023-09-19 02:06:12,396 [main] INFO  server.RaftServerConfigKeys (ConfUtils.java:logGet(46)) - raft.server.data-stream.async.write.thread.pool.size = 16 (default)
2023-09-19 02:06:12,396 [main] INFO  server.RaftServerConfigKeys (ConfUtils.java:logGet(46)) - raft.server.data-stream.client.pool.size = 10 (default)
2023-09-19 02:06:12,396 [main] INFO  netty.NettyConfigKeys$DataStream (ConfUtils.java:logGet(46)) - raft.netty.dataStream.server.use-epoll = false (default)
2023-09-19 02:06:12,397 [main] INFO  netty.NettyConfigKeys$DataStream (ConfUtils.java:logGet(46)) - raft.netty.dataStream.server.boss-group.size = 0 (default)
2023-09-19 02:06:12,397 [main] INFO  netty.NettyConfigKeys$DataStream (ConfUtils.java:logGet(46)) - raft.netty.dataStream.server.worker-group.size = 0 (default)
2023-09-19 02:06:12,398 [main] INFO  netty.NettyConfigKeys$DataStream (ConfUtils.java:logGet(46)) - raft.netty.dataStream.server.tls.conf = null (default)
2023-09-19 02:06:12,398 [main] INFO  netty.NettyConfigKeys$DataStream (ConfUtils.java:logGet(46)) - raft.netty.dataStream.host = null (default)
2023-09-19 02:06:12,398 [main] INFO  netty.NettyConfigKeys$DataStream (ConfUtils.java:logGet(46)) - raft.netty.dataStream.port = 15121 (custom)
2023-09-19 02:06:12,401 [main] INFO  server.RaftServerConfigKeys (ConfUtils.java:logGet(46)) - raft.server.threadpool.proxy.cached = true (default)
2023-09-19 02:06:12,401 [main] INFO  server.RaftServerConfigKeys (ConfUtils.java:logGet(46)) - raft.server.threadpool.proxy.size = 0 (default)
2023-09-19 02:06:12,401 [main] INFO  server.RaftServerConfigKeys (ConfUtils.java:logGet(46)) - raft.server.rpc.slowness.timeout = 300s (custom)
2023-09-19 02:06:12,401 [main] INFO  server.RaftServerConfigKeys (ConfUtils.java:logGet(46)) - raft.server.leaderelection.leader.step-down.wait-time = 10s (default)
2023-09-19 02:06:12,401 [main] INFO  server.RaftServerConfigKeys (ConfUtils.java:logGet(46)) - raft.server.storage.dir = [/home/runner/work/ozone/ozone/hadoop-ozone/integration-test/target/test-dir/MiniOzoneClusterImpl-580a45e0-de24-452d-9431-a8422bda96cb/datanode-0/data/ratis] (custom)
2023-09-19 02:06:12,404 [33cb0de0-5ab7-4f61-b692-731671fbecae-NettyServerStreamRpc-bossGroup--thread1] INFO  logging.LoggingHandler (AbstractInternalLogger.java:log(148)) - [id: 0x7709391e] REGISTERED
2023-09-19 02:06:12,404 [33cb0de0-5ab7-4f61-b692-731671fbecae-NettyServerStreamRpc-bossGroup--thread1] INFO  logging.LoggingHandler (AbstractInternalLogger.java:log(148)) - [id: 0x7709391e] BIND: 0.0.0.0/0.0.0.0:15121
2023-09-19 02:06:12,404 [33cb0de0-5ab7-4f61-b692-731671fbecae-NettyServerStreamRpc-bossGroup--thread1] INFO  logging.LoggingHandler (AbstractInternalLogger.java:log(148)) - [id: 0x7709391e, L:/0:0:0:0:0:0:0:0:15121] ACTIVE
2023-09-19 02:06:12,404 [33cb0de0-5ab7-4f61-b692-731671fbecae-impl-thread1] INFO  server.RaftServer (RaftServerProxy.java:initGroupDir(258)) - 33cb0de0-5ab7-4f61-b692-731671fbecae: found a subdirectory /home/runner/work/ozone/ozone/hadoop-ozone/integration-test/target/test-dir/MiniOzoneClusterImpl-580a45e0-de24-452d-9431-a8422bda96cb/datanode-0/data/ratis/tmp
2023-09-19 02:06:12,404 [33cb0de0-5ab7-4f61-b692-731671fbecae-impl-thread1] INFO  server.RaftServer (RaftServerProxy.java:initGroupDir(263)) - 33cb0de0-5ab7-4f61-b692-731671fbecae: The directory /home/runner/work/ozone/ozone/hadoop-ozone/integration-test/target/test-dir/MiniOzoneClusterImpl-580a45e0-de24-452d-9431-a8422bda96cb/datanode-0/data/ratis/tmp is not a group directory; ignoring it. 
2023-09-19 02:06:12,404 [main] INFO  replication.ReplicationServer (ReplicationServer.java:<init>(83)) - Initializing replication server with thread count = 10 queue length = 4096
2023-09-19 02:06:12,406 [main] INFO  server.XceiverServerGrpc (XceiverServerGrpc.java:<init>(132)) - GrpcServer channel type EpollServerSocketChannel
2023-09-19 02:06:12,408 [main] INFO  replication.ReplicationSupervisor (ReplicationSupervisor.java:build(155)) - Initializing replication supervisor with thread count = 10
2023-09-19 02:06:12,408 [main] INFO  replication.ReplicationSupervisor (ReplicationSupervisor.java:nodeStateUpdated(307)) - Node state updated to IN_SERVICE, scaling executor pool size to 10
2023-09-19 02:06:12,410 [main] INFO  http.BaseHttpServer (BaseHttpServer.java:newHttpServer2BuilderForOzone(223)) - Starting Web-server for hddsDatanode at: http://0.0.0.0:15115
2023-09-19 02:06:12,410 [main] INFO  http.BaseHttpServer (BaseHttpServer.java:<init>(110)) - Hadoop Security Enabled: false Ozone Security Enabled: false Ozone HTTP Security Enabled: false 
2023-09-19 02:06:12,411 [main] WARN  server.AuthenticationFilter (AuthenticationFilter.java:constructSecretProvider(240)) - Unable to initialize FileSignerSecretProvider, falling back to use random secrets. Reason: Could not read signature secret file: /home/runner/hadoop-http-auth-signature-secret
2023-09-19 02:06:12,413 [main] INFO  http.HttpRequestLog (HttpRequestLog.java:getRequestLog(86)) - Http request log for http.requests.hddsDatanode is not defined
2023-09-19 02:06:12,414 [main] INFO  http.HttpServer2 (HttpServer2.java:addGlobalFilter(1031)) - Added global filter 'safety' (class=org.apache.hadoop.hdds.server.http.HttpServer2$QuotingInputFilter)
2023-09-19 02:06:12,415 [main] INFO  http.HttpServer2 (HttpServer2.java:addFilter(1007)) - Added filter static_user_filter (class=org.apache.hadoop.http.lib.StaticUserWebFilter$StaticUserFilter) to context hddsDatanode
2023-09-19 02:06:12,415 [main] INFO  http.HttpServer2 (HttpServer2.java:addFilter(1015)) - Added filter static_user_filter (class=org.apache.hadoop.http.lib.StaticUserWebFilter$StaticUserFilter) to context static
2023-09-19 02:06:12,415 [main] INFO  http.HttpServer2 (HttpServer2.java:addFilter(1015)) - Added filter static_user_filter (class=org.apache.hadoop.http.lib.StaticUserWebFilter$StaticUserFilter) to context logs
2023-09-19 02:06:12,415 [main] INFO  http.BaseHttpServer (BaseHttpServer.java:<init>(189)) - HTTP server of hddsDatanode uses base directory /home/runner/work/ozone/ozone/hadoop-ozone/integration-test/target/test-dir/MiniOzoneClusterImpl-580a45e0-de24-452d-9431-a8422bda96cb/datanode-0/meta/webserver
2023-09-19 02:06:12,416 [main] INFO  http.HttpServer2 (HttpServer2.java:bindListener(1231)) - Jetty bound to port 15115
2023-09-19 02:06:12,416 [main] INFO  server.Server (Server.java:doStart(375)) - jetty-9.4.52.v20230823; built: 2023-08-23T19:29:37.669Z; git: abdcda73818a1a2c705da276edb0bf6581e7997e; jvm 1.8.0_382-b05
2023-09-19 02:06:12,418 [main] INFO  server.session (DefaultSessionIdManager.java:doStart(334)) - DefaultSessionIdManager workerName=node0
2023-09-19 02:06:12,418 [main] INFO  server.session (DefaultSessionIdManager.java:doStart(339)) - No SessionScavenger set, using defaults
2023-09-19 02:06:12,419 [main] INFO  server.session (HouseKeeper.java:startScavenging(132)) - node0 Scavenging every 660000ms
2023-09-19 02:06:12,419 [main] INFO  handler.ContextHandler (ContextHandler.java:doStart(921)) - Started o.e.j.s.ServletContextHandler@3e898d36{logs,/logs,file:///home/runner/work/ozone/ozone/hadoop-ozone/integration-test/target/log,AVAILABLE}
2023-09-19 02:06:12,420 [main] INFO  handler.ContextHandler (ContextHandler.java:doStart(921)) - Started o.e.j.s.ServletContextHandler@27de2eda{static,/static,jar:file:/home/runner/.m2/repository/org/apache/ozone/hdds-container-service/1.4.0-SNAPSHOT/hdds-container-service-1.4.0-SNAPSHOT.jar!/webapps/static,AVAILABLE}
2023-09-19 02:06:12,613 [main] INFO  handler.ContextHandler (ContextHandler.java:doStart(921)) - Started o.e.j.w.WebAppContext@534a1469{hddsDatanode,/,file:///home/runner/work/ozone/ozone/hadoop-ozone/integration-test/target/test-dir/MiniOzoneClusterImpl-580a45e0-de24-452d-9431-a8422bda96cb/datanode-0/meta/webserver/jetty-0_0_0_0-15115-hdds-container-service-1_4_0-SNAPSHOT_jar-_-any-23519691126271370/webapp/,AVAILABLE}{jar:file:/home/runner/.m2/repository/org/apache/ozone/hdds-container-service/1.4.0-SNAPSHOT/hdds-container-service-1.4.0-SNAPSHOT.jar!/webapps/hddsDatanode}
2023-09-19 02:06:12,615 [main] INFO  server.AbstractConnector (AbstractConnector.java:doStart(333)) - Started ServerConnector@1a630ad6{HTTP/1.1, (http/1.1)}{0.0.0.0:15115}
2023-09-19 02:06:12,615 [main] INFO  server.Server (Server.java:doStart(415)) - Started @153322ms
2023-09-19 02:06:12,615 [main] WARN  impl.MetricsSystemImpl (MetricsSystemImpl.java:register(279)) - Sink prometheus already exists!
2023-09-19 02:06:12,616 [main] INFO  http.BaseHttpServer (BaseHttpServer.java:updateConnectorAddress(354)) - HTTP server of hddsDatanode listening at http://0.0.0.0:15115
2023-09-19 02:06:12,616 [main] INFO  ipc.CallQueueManager (CallQueueManager.java:<init>(90)) - Using callQueue: class java.util.concurrent.LinkedBlockingQueue, queueCapacity: 100, scheduler: class org.apache.hadoop.ipc.DefaultRpcScheduler, ipcBackoff: false.
2023-09-19 02:06:12,616 [main] INFO  ipc.Server (Server.java:<init>(1287)) - Listener at 0.0.0.0:15116
2023-09-19 02:06:12,617 [Socket Reader #1 for port 15116] INFO  ipc.Server (Server.java:run(1323)) - Starting Socket Reader #1 for port 15116
2023-09-19 02:06:12,619 [main] INFO  ozone.HddsDatanodeService (HddsDatanodeService.java:start(315)) - Datanode start with admins: [runner]
2023-09-19 02:06:12,620 [main] INFO  ozone.HddsDatanodeClientProtocolServer (HddsDatanodeClientProtocolServer.java:start(72)) - RPC server for Client /0.0.0.0:15116
2023-09-19 02:06:12,620 [IPC Server Responder] INFO  ipc.Server (Server.java:run(1562)) - IPC Server Responder: starting
2023-09-19 02:06:12,621 [IPC Server listener on 15116] INFO  ipc.Server (Server.java:run(1402)) - IPC Server listener on 15116: starting
2023-09-19 02:06:12,623 [main] WARN  impl.MetricRegistriesImpl (MetricRegistriesImpl.java:addReporterRegistration(111)) - New reporters are added after registries were created. Some metrics will be missing from the reporter. Please add reporter before adding any new registry.
2023-09-19 02:06:12,624 [main] WARN  impl.MetricRegistriesImpl (MetricRegistriesImpl.java:addReporterRegistration(111)) - New reporters are added after registries were created. Some metrics will be missing from the reporter. Please add reporter before adding any new registry.
2023-09-19 02:06:12,624 [main] INFO  impl.MetricsSystemImpl (MetricsSystemImpl.java:init(158)) - HddsDatanode metrics system started (again)
2023-09-19 02:06:12,626 [Datanode State Machine Daemon Thread] INFO  statemachine.DatanodeStateMachine (DatanodeStateMachine.java:lambda$startDaemon$0(540)) - Ozone container server started.
2023-09-19 02:06:12,638 [main] INFO  ozone.HddsDatanodeService (HddsDatanodeService.java:start(237)) - HddsDatanodeService host:fv-az1031-92 ip:10.1.0.29
2023-09-19 02:06:12,642 [Datanode State Machine Task Thread - 0] INFO  datanode.InitDatanodeState (InitDatanodeState.java:persistContainerDatanodeDetails(138)) - DatanodeDetails is persisted to /home/runner/work/ozone/ozone/hadoop-ozone/integration-test/target/test-dir/MiniOzoneClusterImpl-580a45e0-de24-452d-9431-a8422bda96cb/datanode-0/meta/datanode.id
2023-09-19 02:06:12,660 [main] INFO  upgrade.AbstractLayoutVersionManager (AbstractLayoutVersionManager.java:init(83)) - Initializing Layout version manager with metadata layout = HADOOP_PRC_PORTS_IN_DATANODEDETAILS (version = 7), software layout = HADOOP_PRC_PORTS_IN_DATANODEDETAILS (version = 7)
2023-09-19 02:06:12,661 [main] INFO  statemachine.DatanodeStateMachine (DatanodeStateMachine.java:getEndPointTaskThreadPoolSize(284)) - Datanode State Machine Task Thread Pool size 2
2023-09-19 02:06:12,664 [main] INFO  volume.HddsVolume (HddsVolume.java:<init>(126)) - Creating HddsVolume: /home/runner/work/ozone/ozone/hadoop-ozone/integration-test/target/test-dir/MiniOzoneClusterImpl-580a45e0-de24-452d-9431-a8422bda96cb/datanode-1/data-0/containers/hdds of storage type : DISK capacity : 9223372036854775807
2023-09-19 02:06:12,665 [main] INFO  volume.MutableVolumeSet (MutableVolumeSet.java:initializeVolumeSet(173)) - Added Volume : /home/runner/work/ozone/ozone/hadoop-ozone/integration-test/target/test-dir/MiniOzoneClusterImpl-580a45e0-de24-452d-9431-a8422bda96cb/datanode-1/data-0/containers/hdds to VolumeSet
2023-09-19 02:06:12,665 [main] INFO  volume.MutableVolumeSet (MutableVolumeSet.java:initializeVolumeSet(173)) - Added Volume : /home/runner/work/ozone/ozone/hadoop-ozone/integration-test/target/test-dir/MiniOzoneClusterImpl-580a45e0-de24-452d-9431-a8422bda96cb/datanode-1/data/ratis to VolumeSet
2023-09-19 02:06:12,666 [Thread-1294] INFO  ozoneimpl.ContainerReader (ContainerReader.java:readVolume(177)) - Finish verifying containers on volume /home/runner/work/ozone/ozone/hadoop-ozone/integration-test/target/test-dir/MiniOzoneClusterImpl-580a45e0-de24-452d-9431-a8422bda96cb/datanode-1/data-0/containers/hdds
2023-09-19 02:06:12,666 [main] INFO  ozoneimpl.OzoneContainer (OzoneContainer.java:buildContainerSet(314)) - Build ContainerSet costs 0s
2023-09-19 02:06:12,668 [main] INFO  server.RaftServer (ConfUtils.java:logGet(46)) - raft.rpc.type = GRPC (default)
2023-09-19 02:06:12,668 [main] INFO  grpc.GrpcConfigKeys (ConfUtils.java:logFallback(53)) - raft.grpc.admin.host = null (fallback to raft.grpc.server.host)
2023-09-19 02:06:12,668 [main] INFO  grpc.GrpcConfigKeys (ConfUtils.java:logGet(46)) - raft.grpc.admin.port = 15128 (custom)
2023-09-19 02:06:12,668 [main] INFO  grpc.GrpcConfigKeys (ConfUtils.java:logFallback(53)) - raft.grpc.client.host = null (fallback to raft.grpc.server.host)
2023-09-19 02:06:12,668 [main] INFO  grpc.GrpcConfigKeys (ConfUtils.java:logGet(46)) - raft.grpc.client.port = 15127 (custom)
2023-09-19 02:06:12,668 [main] INFO  grpc.GrpcConfigKeys (ConfUtils.java:logGet(46)) - raft.grpc.server.host = null (default)
2023-09-19 02:06:12,668 [main] INFO  grpc.GrpcConfigKeys (ConfUtils.java:logGet(46)) - raft.grpc.server.port = 15129 (custom)
2023-09-19 02:06:12,669 [main] INFO  server.GrpcService (ConfUtils.java:logGet(46)) - raft.grpc.message.size.max = 32MB (=33554432) (custom)
2023-09-19 02:06:12,669 [main] INFO  server.RaftServerConfigKeys (ConfUtils.java:logGet(46)) - raft.server.log.appender.buffer.byte-limit = 33554432 (custom)
2023-09-19 02:06:12,669 [main] INFO  server.GrpcService (ConfUtils.java:logGet(46)) - raft.grpc.flow.control.window = 5MB (=5242880) (custom)
2023-09-19 02:06:12,669 [main] INFO  server.RaftServerConfigKeys (ConfUtils.java:logGet(46)) - raft.server.rpc.request.timeout = 60s (custom)
2023-09-19 02:06:12,669 [main] INFO  grpc.GrpcConfigKeys (ConfUtils.java:logGet(46)) - raft.grpc.server.heartbeat.channel = true (default)
2023-09-19 02:06:12,669 [main] INFO  grpc.GrpcConfigKeys (ConfUtils.java:logGet(46)) - raft.grpc.server.async.request.thread.pool.cached = true (default)
2023-09-19 02:06:12,669 [main] INFO  grpc.GrpcConfigKeys (ConfUtils.java:logGet(46)) - raft.grpc.server.async.request.thread.pool.size = 32 (default)
2023-09-19 02:06:12,672 [main] INFO  impl.DataStreamServerImpl (ConfUtils.java:logGet(46)) - raft.datastream.type = NETTY (custom)
2023-09-19 02:06:12,672 [main] INFO  server.RaftServerConfigKeys (ConfUtils.java:logGet(46)) - raft.server.data-stream.async.request.thread.pool.cached = false (default)
2023-09-19 02:06:12,672 [main] INFO  server.RaftServerConfigKeys (ConfUtils.java:logGet(46)) - raft.server.data-stream.async.request.thread.pool.size = 20 (custom)
2023-09-19 02:06:12,672 [main] INFO  server.RaftServerConfigKeys (ConfUtils.java:logGet(46)) - raft.server.data-stream.async.write.thread.pool.size = 16 (default)
2023-09-19 02:06:12,672 [main] INFO  server.RaftServerConfigKeys (ConfUtils.java:logGet(46)) - raft.server.data-stream.client.pool.size = 10 (default)
2023-09-19 02:06:12,672 [main] INFO  netty.NettyConfigKeys$DataStream (ConfUtils.java:logGet(46)) - raft.netty.dataStream.server.use-epoll = false (default)
2023-09-19 02:06:12,673 [main] INFO  netty.NettyConfigKeys$DataStream (ConfUtils.java:logGet(46)) - raft.netty.dataStream.server.boss-group.size = 0 (default)
2023-09-19 02:06:12,673 [main] INFO  netty.NettyConfigKeys$DataStream (ConfUtils.java:logGet(46)) - raft.netty.dataStream.server.worker-group.size = 0 (default)
2023-09-19 02:06:12,673 [main] INFO  netty.NettyConfigKeys$DataStream (ConfUtils.java:logGet(46)) - raft.netty.dataStream.server.tls.conf = null (default)
2023-09-19 02:06:12,673 [main] INFO  netty.NettyConfigKeys$DataStream (ConfUtils.java:logGet(46)) - raft.netty.dataStream.host = null (default)
2023-09-19 02:06:12,673 [main] INFO  netty.NettyConfigKeys$DataStream (ConfUtils.java:logGet(46)) - raft.netty.dataStream.port = 15130 (custom)
2023-09-19 02:06:12,674 [main] INFO  server.RaftServerConfigKeys (ConfUtils.java:logGet(46)) - raft.server.threadpool.proxy.cached = true (default)
2023-09-19 02:06:12,674 [main] INFO  server.RaftServerConfigKeys (ConfUtils.java:logGet(46)) - raft.server.threadpool.proxy.size = 0 (default)
2023-09-19 02:06:12,674 [main] INFO  server.RaftServerConfigKeys (ConfUtils.java:logGet(46)) - raft.server.rpc.slowness.timeout = 300s (custom)
2023-09-19 02:06:12,674 [main] INFO  server.RaftServerConfigKeys (ConfUtils.java:logGet(46)) - raft.server.leaderelection.leader.step-down.wait-time = 10s (default)
2023-09-19 02:06:12,674 [main] INFO  server.RaftServerConfigKeys (ConfUtils.java:logGet(46)) - raft.server.storage.dir = [/home/runner/work/ozone/ozone/hadoop-ozone/integration-test/target/test-dir/MiniOzoneClusterImpl-580a45e0-de24-452d-9431-a8422bda96cb/datanode-1/data/ratis] (custom)
2023-09-19 02:06:12,676 [1fe901b2-7321-49f3-ab84-42b9a15df08a-NettyServerStreamRpc-bossGroup--thread1] INFO  logging.LoggingHandler (AbstractInternalLogger.java:log(148)) - [id: 0x5d1afb36] REGISTERED
2023-09-19 02:06:12,676 [1fe901b2-7321-49f3-ab84-42b9a15df08a-NettyServerStreamRpc-bossGroup--thread1] INFO  logging.LoggingHandler (AbstractInternalLogger.java:log(148)) - [id: 0x5d1afb36] BIND: 0.0.0.0/0.0.0.0:15130
2023-09-19 02:06:12,676 [1fe901b2-7321-49f3-ab84-42b9a15df08a-NettyServerStreamRpc-bossGroup--thread1] INFO  logging.LoggingHandler (AbstractInternalLogger.java:log(148)) - [id: 0x5d1afb36, L:/0:0:0:0:0:0:0:0:15130] ACTIVE
2023-09-19 02:06:12,676 [1fe901b2-7321-49f3-ab84-42b9a15df08a-impl-thread1] INFO  server.RaftServer (RaftServerProxy.java:initGroupDir(258)) - 1fe901b2-7321-49f3-ab84-42b9a15df08a: found a subdirectory /home/runner/work/ozone/ozone/hadoop-ozone/integration-test/target/test-dir/MiniOzoneClusterImpl-580a45e0-de24-452d-9431-a8422bda96cb/datanode-1/data/ratis/tmp
2023-09-19 02:06:12,676 [1fe901b2-7321-49f3-ab84-42b9a15df08a-impl-thread1] INFO  server.RaftServer (RaftServerProxy.java:initGroupDir(263)) - 1fe901b2-7321-49f3-ab84-42b9a15df08a: The directory /home/runner/work/ozone/ozone/hadoop-ozone/integration-test/target/test-dir/MiniOzoneClusterImpl-580a45e0-de24-452d-9431-a8422bda96cb/datanode-1/data/ratis/tmp is not a group directory; ignoring it. 
2023-09-19 02:06:12,676 [main] INFO  replication.ReplicationServer (ReplicationServer.java:<init>(83)) - Initializing replication server with thread count = 10 queue length = 4096
2023-09-19 02:06:12,677 [main] INFO  server.XceiverServerGrpc (XceiverServerGrpc.java:<init>(132)) - GrpcServer channel type EpollServerSocketChannel
2023-09-19 02:06:12,679 [main] INFO  replication.ReplicationSupervisor (ReplicationSupervisor.java:build(155)) - Initializing replication supervisor with thread count = 10
2023-09-19 02:06:12,679 [main] INFO  replication.ReplicationSupervisor (ReplicationSupervisor.java:nodeStateUpdated(307)) - Node state updated to IN_SERVICE, scaling executor pool size to 10
2023-09-19 02:06:12,688 [main] INFO  http.BaseHttpServer (BaseHttpServer.java:newHttpServer2BuilderForOzone(223)) - Starting Web-server for hddsDatanode at: http://0.0.0.0:15124
2023-09-19 02:06:12,688 [main] INFO  http.BaseHttpServer (BaseHttpServer.java:<init>(110)) - Hadoop Security Enabled: false Ozone Security Enabled: false Ozone HTTP Security Enabled: false 
2023-09-19 02:06:12,689 [main] WARN  server.AuthenticationFilter (AuthenticationFilter.java:constructSecretProvider(240)) - Unable to initialize FileSignerSecretProvider, falling back to use random secrets. Reason: Could not read signature secret file: /home/runner/hadoop-http-auth-signature-secret
2023-09-19 02:06:12,692 [main] INFO  http.HttpRequestLog (HttpRequestLog.java:getRequestLog(86)) - Http request log for http.requests.hddsDatanode is not defined
2023-09-19 02:06:12,694 [main] INFO  http.HttpServer2 (HttpServer2.java:addGlobalFilter(1031)) - Added global filter 'safety' (class=org.apache.hadoop.hdds.server.http.HttpServer2$QuotingInputFilter)
2023-09-19 02:06:12,694 [main] INFO  http.HttpServer2 (HttpServer2.java:addFilter(1007)) - Added filter static_user_filter (class=org.apache.hadoop.http.lib.StaticUserWebFilter$StaticUserFilter) to context hddsDatanode
2023-09-19 02:06:12,695 [main] INFO  http.HttpServer2 (HttpServer2.java:addFilter(1015)) - Added filter static_user_filter (class=org.apache.hadoop.http.lib.StaticUserWebFilter$StaticUserFilter) to context logs
2023-09-19 02:06:12,696 [main] INFO  http.HttpServer2 (HttpServer2.java:addFilter(1015)) - Added filter static_user_filter (class=org.apache.hadoop.http.lib.StaticUserWebFilter$StaticUserFilter) to context static
2023-09-19 02:06:12,696 [main] INFO  http.BaseHttpServer (BaseHttpServer.java:<init>(189)) - HTTP server of hddsDatanode uses base directory /home/runner/work/ozone/ozone/hadoop-ozone/integration-test/target/test-dir/MiniOzoneClusterImpl-580a45e0-de24-452d-9431-a8422bda96cb/datanode-1/meta/webserver
2023-09-19 02:06:12,696 [main] INFO  http.HttpServer2 (HttpServer2.java:bindListener(1231)) - Jetty bound to port 15124
2023-09-19 02:06:12,696 [main] INFO  server.Server (Server.java:doStart(375)) - jetty-9.4.52.v20230823; built: 2023-08-23T19:29:37.669Z; git: abdcda73818a1a2c705da276edb0bf6581e7997e; jvm 1.8.0_382-b05
2023-09-19 02:06:12,699 [main] INFO  server.session (DefaultSessionIdManager.java:doStart(334)) - DefaultSessionIdManager workerName=node0
2023-09-19 02:06:12,699 [main] INFO  server.session (DefaultSessionIdManager.java:doStart(339)) - No SessionScavenger set, using defaults
2023-09-19 02:06:12,699 [main] INFO  server.session (HouseKeeper.java:startScavenging(132)) - node0 Scavenging every 600000ms
2023-09-19 02:06:12,700 [main] INFO  handler.ContextHandler (ContextHandler.java:doStart(921)) - Started o.e.j.s.ServletContextHandler@7a970713{logs,/logs,file:///home/runner/work/ozone/ozone/hadoop-ozone/integration-test/target/log,AVAILABLE}
2023-09-19 02:06:12,700 [main] INFO  handler.ContextHandler (ContextHandler.java:doStart(921)) - Started o.e.j.s.ServletContextHandler@55fcb8d3{static,/static,jar:file:/home/runner/.m2/repository/org/apache/ozone/hdds-container-service/1.4.0-SNAPSHOT/hdds-container-service-1.4.0-SNAPSHOT.jar!/webapps/static,AVAILABLE}
2023-09-19 02:06:12,891 [main] INFO  handler.ContextHandler (ContextHandler.java:doStart(921)) - Started o.e.j.w.WebAppContext@4a377a8e{hddsDatanode,/,file:///home/runner/work/ozone/ozone/hadoop-ozone/integration-test/target/test-dir/MiniOzoneClusterImpl-580a45e0-de24-452d-9431-a8422bda96cb/datanode-1/meta/webserver/jetty-0_0_0_0-15124-hdds-container-service-1_4_0-SNAPSHOT_jar-_-any-2542663404343287943/webapp/,AVAILABLE}{jar:file:/home/runner/.m2/repository/org/apache/ozone/hdds-container-service/1.4.0-SNAPSHOT/hdds-container-service-1.4.0-SNAPSHOT.jar!/webapps/hddsDatanode}
2023-09-19 02:06:12,893 [main] INFO  server.AbstractConnector (AbstractConnector.java:doStart(333)) - Started ServerConnector@52a62ecd{HTTP/1.1, (http/1.1)}{0.0.0.0:15124}
2023-09-19 02:06:12,893 [main] INFO  server.Server (Server.java:doStart(415)) - Started @153600ms
2023-09-19 02:06:12,893 [main] WARN  impl.MetricsSystemImpl (MetricsSystemImpl.java:register(279)) - Sink prometheus already exists!
2023-09-19 02:06:12,894 [main] INFO  http.BaseHttpServer (BaseHttpServer.java:updateConnectorAddress(354)) - HTTP server of hddsDatanode listening at http://0.0.0.0:15124
2023-09-19 02:06:12,894 [main] INFO  ipc.CallQueueManager (CallQueueManager.java:<init>(90)) - Using callQueue: class java.util.concurrent.LinkedBlockingQueue, queueCapacity: 100, scheduler: class org.apache.hadoop.ipc.DefaultRpcScheduler, ipcBackoff: false.
2023-09-19 02:06:12,894 [main] INFO  ipc.Server (Server.java:<init>(1287)) - Listener at 0.0.0.0:15125
2023-09-19 02:06:12,896 [Socket Reader #1 for port 15125] INFO  ipc.Server (Server.java:run(1323)) - Starting Socket Reader #1 for port 15125
2023-09-19 02:06:12,905 [main] INFO  ozone.HddsDatanodeService (HddsDatanodeService.java:start(315)) - Datanode start with admins: [runner]
2023-09-19 02:06:12,905 [main] INFO  ozone.HddsDatanodeClientProtocolServer (HddsDatanodeClientProtocolServer.java:start(72)) - RPC server for Client /0.0.0.0:15125
2023-09-19 02:06:12,905 [IPC Server Responder] INFO  ipc.Server (Server.java:run(1562)) - IPC Server Responder: starting
2023-09-19 02:06:12,905 [IPC Server listener on 15125] INFO  ipc.Server (Server.java:run(1402)) - IPC Server listener on 15125: starting
2023-09-19 02:06:12,906 [main] WARN  impl.MetricRegistriesImpl (MetricRegistriesImpl.java:addReporterRegistration(111)) - New reporters are added after registries were created. Some metrics will be missing from the reporter. Please add reporter before adding any new registry.
2023-09-19 02:06:12,906 [main] WARN  impl.MetricRegistriesImpl (MetricRegistriesImpl.java:addReporterRegistration(111)) - New reporters are added after registries were created. Some metrics will be missing from the reporter. Please add reporter before adding any new registry.
2023-09-19 02:06:12,906 [main] INFO  impl.MetricsSystemImpl (MetricsSystemImpl.java:init(158)) - HddsDatanode metrics system started (again)
2023-09-19 02:06:12,910 [Datanode State Machine Daemon Thread] INFO  statemachine.DatanodeStateMachine (DatanodeStateMachine.java:lambda$startDaemon$0(540)) - Ozone container server started.
2023-09-19 02:06:12,924 [main] INFO  ozone.HddsDatanodeService (HddsDatanodeService.java:start(237)) - HddsDatanodeService host:fv-az1031-92 ip:10.1.0.29
2023-09-19 02:06:12,924 [Datanode State Machine Task Thread - 0] INFO  datanode.InitDatanodeState (InitDatanodeState.java:persistContainerDatanodeDetails(138)) - DatanodeDetails is persisted to /home/runner/work/ozone/ozone/hadoop-ozone/integration-test/target/test-dir/MiniOzoneClusterImpl-580a45e0-de24-452d-9431-a8422bda96cb/datanode-1/meta/datanode.id
2023-09-19 02:06:12,944 [main] INFO  upgrade.AbstractLayoutVersionManager (AbstractLayoutVersionManager.java:init(83)) - Initializing Layout version manager with metadata layout = HADOOP_PRC_PORTS_IN_DATANODEDETAILS (version = 7), software layout = HADOOP_PRC_PORTS_IN_DATANODEDETAILS (version = 7)
2023-09-19 02:06:12,945 [main] INFO  statemachine.DatanodeStateMachine (DatanodeStateMachine.java:getEndPointTaskThreadPoolSize(284)) - Datanode State Machine Task Thread Pool size 2
2023-09-19 02:06:12,947 [main] INFO  volume.HddsVolume (HddsVolume.java:<init>(126)) - Creating HddsVolume: /home/runner/work/ozone/ozone/hadoop-ozone/integration-test/target/test-dir/MiniOzoneClusterImpl-580a45e0-de24-452d-9431-a8422bda96cb/datanode-2/data-0/containers/hdds of storage type : DISK capacity : 9223372036854775807
2023-09-19 02:06:12,947 [main] INFO  volume.MutableVolumeSet (MutableVolumeSet.java:initializeVolumeSet(173)) - Added Volume : /home/runner/work/ozone/ozone/hadoop-ozone/integration-test/target/test-dir/MiniOzoneClusterImpl-580a45e0-de24-452d-9431-a8422bda96cb/datanode-2/data-0/containers/hdds to VolumeSet
2023-09-19 02:06:12,948 [main] INFO  volume.MutableVolumeSet (MutableVolumeSet.java:initializeVolumeSet(173)) - Added Volume : /home/runner/work/ozone/ozone/hadoop-ozone/integration-test/target/test-dir/MiniOzoneClusterImpl-580a45e0-de24-452d-9431-a8422bda96cb/datanode-2/data/ratis to VolumeSet
2023-09-19 02:06:12,948 [Thread-1311] INFO  ozoneimpl.ContainerReader (ContainerReader.java:readVolume(177)) - Finish verifying containers on volume /home/runner/work/ozone/ozone/hadoop-ozone/integration-test/target/test-dir/MiniOzoneClusterImpl-580a45e0-de24-452d-9431-a8422bda96cb/datanode-2/data-0/containers/hdds
2023-09-19 02:06:12,948 [main] INFO  ozoneimpl.OzoneContainer (OzoneContainer.java:buildContainerSet(314)) - Build ContainerSet costs 0s
2023-09-19 02:06:12,950 [main] INFO  server.RaftServer (ConfUtils.java:logGet(46)) - raft.rpc.type = GRPC (default)
2023-09-19 02:06:12,950 [main] INFO  grpc.GrpcConfigKeys (ConfUtils.java:logFallback(53)) - raft.grpc.admin.host = null (fallback to raft.grpc.server.host)
2023-09-19 02:06:12,951 [main] INFO  grpc.GrpcConfigKeys (ConfUtils.java:logGet(46)) - raft.grpc.admin.port = 15137 (custom)
2023-09-19 02:06:12,951 [main] INFO  grpc.GrpcConfigKeys (ConfUtils.java:logFallback(53)) - raft.grpc.client.host = null (fallback to raft.grpc.server.host)
2023-09-19 02:06:12,951 [main] INFO  grpc.GrpcConfigKeys (ConfUtils.java:logGet(46)) - raft.grpc.client.port = 15136 (custom)
2023-09-19 02:06:12,951 [main] INFO  grpc.GrpcConfigKeys (ConfUtils.java:logGet(46)) - raft.grpc.server.host = null (default)
2023-09-19 02:06:12,951 [main] INFO  grpc.GrpcConfigKeys (ConfUtils.java:logGet(46)) - raft.grpc.server.port = 15138 (custom)
2023-09-19 02:06:12,951 [main] INFO  server.GrpcService (ConfUtils.java:logGet(46)) - raft.grpc.message.size.max = 32MB (=33554432) (custom)
2023-09-19 02:06:12,951 [main] INFO  server.RaftServerConfigKeys (ConfUtils.java:logGet(46)) - raft.server.log.appender.buffer.byte-limit = 33554432 (custom)
2023-09-19 02:06:12,951 [main] INFO  server.GrpcService (ConfUtils.java:logGet(46)) - raft.grpc.flow.control.window = 5MB (=5242880) (custom)
2023-09-19 02:06:12,951 [main] INFO  server.RaftServerConfigKeys (ConfUtils.java:logGet(46)) - raft.server.rpc.request.timeout = 60s (custom)
2023-09-19 02:06:12,951 [main] INFO  grpc.GrpcConfigKeys (ConfUtils.java:logGet(46)) - raft.grpc.server.heartbeat.channel = true (default)
2023-09-19 02:06:12,951 [main] INFO  grpc.GrpcConfigKeys (ConfUtils.java:logGet(46)) - raft.grpc.server.async.request.thread.pool.cached = true (default)
2023-09-19 02:06:12,952 [main] INFO  grpc.GrpcConfigKeys (ConfUtils.java:logGet(46)) - raft.grpc.server.async.request.thread.pool.size = 32 (default)
2023-09-19 02:06:12,954 [main] INFO  impl.DataStreamServerImpl (ConfUtils.java:logGet(46)) - raft.datastream.type = NETTY (custom)
2023-09-19 02:06:12,954 [main] INFO  server.RaftServerConfigKeys (ConfUtils.java:logGet(46)) - raft.server.data-stream.async.request.thread.pool.cached = false (default)
2023-09-19 02:06:12,954 [main] INFO  server.RaftServerConfigKeys (ConfUtils.java:logGet(46)) - raft.server.data-stream.async.request.thread.pool.size = 20 (custom)
2023-09-19 02:06:12,955 [main] INFO  server.RaftServerConfigKeys (ConfUtils.java:logGet(46)) - raft.server.data-stream.async.write.thread.pool.size = 16 (default)
2023-09-19 02:06:12,955 [main] INFO  server.RaftServerConfigKeys (ConfUtils.java:logGet(46)) - raft.server.data-stream.client.pool.size = 10 (default)
2023-09-19 02:06:12,955 [main] INFO  netty.NettyConfigKeys$DataStream (ConfUtils.java:logGet(46)) - raft.netty.dataStream.server.use-epoll = false (default)
2023-09-19 02:06:12,955 [main] INFO  netty.NettyConfigKeys$DataStream (ConfUtils.java:logGet(46)) - raft.netty.dataStream.server.boss-group.size = 0 (default)
2023-09-19 02:06:12,955 [main] INFO  netty.NettyConfigKeys$DataStream (ConfUtils.java:logGet(46)) - raft.netty.dataStream.server.worker-group.size = 0 (default)
2023-09-19 02:06:12,956 [main] INFO  netty.NettyConfigKeys$DataStream (ConfUtils.java:logGet(46)) - raft.netty.dataStream.server.tls.conf = null (default)
2023-09-19 02:06:12,956 [main] INFO  netty.NettyConfigKeys$DataStream (ConfUtils.java:logGet(46)) - raft.netty.dataStream.host = null (default)
2023-09-19 02:06:12,956 [main] INFO  netty.NettyConfigKeys$DataStream (ConfUtils.java:logGet(46)) - raft.netty.dataStream.port = 15139 (custom)
2023-09-19 02:06:12,956 [main] INFO  server.RaftServerConfigKeys (ConfUtils.java:logGet(46)) - raft.server.threadpool.proxy.cached = true (default)
2023-09-19 02:06:12,957 [main] INFO  server.RaftServerConfigKeys (ConfUtils.java:logGet(46)) - raft.server.threadpool.proxy.size = 0 (default)
2023-09-19 02:06:12,957 [main] INFO  server.RaftServerConfigKeys (ConfUtils.java:logGet(46)) - raft.server.rpc.slowness.timeout = 300s (custom)
2023-09-19 02:06:12,957 [main] INFO  server.RaftServerConfigKeys (ConfUtils.java:logGet(46)) - raft.server.leaderelection.leader.step-down.wait-time = 10s (default)
2023-09-19 02:06:12,957 [main] INFO  server.RaftServerConfigKeys (ConfUtils.java:logGet(46)) - raft.server.storage.dir = [/home/runner/work/ozone/ozone/hadoop-ozone/integration-test/target/test-dir/MiniOzoneClusterImpl-580a45e0-de24-452d-9431-a8422bda96cb/datanode-2/data/ratis] (custom)
2023-09-19 02:06:12,958 [c519ac42-8cdc-4319-9f51-a3f7e63d0809-NettyServerStreamRpc-bossGroup--thread1] INFO  logging.LoggingHandler (AbstractInternalLogger.java:log(148)) - [id: 0xb8edb05f] REGISTERED
2023-09-19 02:06:12,958 [c519ac42-8cdc-4319-9f51-a3f7e63d0809-NettyServerStreamRpc-bossGroup--thread1] INFO  logging.LoggingHandler (AbstractInternalLogger.java:log(148)) - [id: 0xb8edb05f] BIND: 0.0.0.0/0.0.0.0:15139
2023-09-19 02:06:12,958 [c519ac42-8cdc-4319-9f51-a3f7e63d0809-NettyServerStreamRpc-bossGroup--thread1] INFO  logging.LoggingHandler (AbstractInternalLogger.java:log(148)) - [id: 0xb8edb05f, L:/0:0:0:0:0:0:0:0:15139] ACTIVE
2023-09-19 02:06:12,959 [c519ac42-8cdc-4319-9f51-a3f7e63d0809-impl-thread1] INFO  server.RaftServer (RaftServerProxy.java:initGroupDir(258)) - c519ac42-8cdc-4319-9f51-a3f7e63d0809: found a subdirectory /home/runner/work/ozone/ozone/hadoop-ozone/integration-test/target/test-dir/MiniOzoneClusterImpl-580a45e0-de24-452d-9431-a8422bda96cb/datanode-2/data/ratis/tmp
2023-09-19 02:06:12,959 [c519ac42-8cdc-4319-9f51-a3f7e63d0809-impl-thread1] INFO  server.RaftServer (RaftServerProxy.java:initGroupDir(263)) - c519ac42-8cdc-4319-9f51-a3f7e63d0809: The directory /home/runner/work/ozone/ozone/hadoop-ozone/integration-test/target/test-dir/MiniOzoneClusterImpl-580a45e0-de24-452d-9431-a8422bda96cb/datanode-2/data/ratis/tmp is not a group directory; ignoring it. 
2023-09-19 02:06:12,959 [main] INFO  replication.ReplicationServer (ReplicationServer.java:<init>(83)) - Initializing replication server with thread count = 10 queue length = 4096
2023-09-19 02:06:12,960 [main] INFO  server.XceiverServerGrpc (XceiverServerGrpc.java:<init>(132)) - GrpcServer channel type EpollServerSocketChannel
2023-09-19 02:06:12,961 [main] INFO  replication.ReplicationSupervisor (ReplicationSupervisor.java:build(155)) - Initializing replication supervisor with thread count = 10
2023-09-19 02:06:12,961 [main] INFO  replication.ReplicationSupervisor (ReplicationSupervisor.java:nodeStateUpdated(307)) - Node state updated to IN_SERVICE, scaling executor pool size to 10
2023-09-19 02:06:12,963 [main] INFO  http.BaseHttpServer (BaseHttpServer.java:newHttpServer2BuilderForOzone(223)) - Starting Web-server for hddsDatanode at: http://0.0.0.0:15133
2023-09-19 02:06:12,963 [main] INFO  http.BaseHttpServer (BaseHttpServer.java:<init>(110)) - Hadoop Security Enabled: false Ozone Security Enabled: false Ozone HTTP Security Enabled: false 
2023-09-19 02:06:12,964 [main] WARN  server.AuthenticationFilter (AuthenticationFilter.java:constructSecretProvider(240)) - Unable to initialize FileSignerSecretProvider, falling back to use random secrets. Reason: Could not read signature secret file: /home/runner/hadoop-http-auth-signature-secret
2023-09-19 02:06:12,965 [main] INFO  http.HttpRequestLog (HttpRequestLog.java:getRequestLog(86)) - Http request log for http.requests.hddsDatanode is not defined
2023-09-19 02:06:12,966 [main] INFO  http.HttpServer2 (HttpServer2.java:addGlobalFilter(1031)) - Added global filter 'safety' (class=org.apache.hadoop.hdds.server.http.HttpServer2$QuotingInputFilter)
2023-09-19 02:06:12,966 [main] INFO  http.HttpServer2 (HttpServer2.java:addFilter(1007)) - Added filter static_user_filter (class=org.apache.hadoop.http.lib.StaticUserWebFilter$StaticUserFilter) to context hddsDatanode
2023-09-19 02:06:12,966 [main] INFO  http.HttpServer2 (HttpServer2.java:addFilter(1015)) - Added filter static_user_filter (class=org.apache.hadoop.http.lib.StaticUserWebFilter$StaticUserFilter) to context static
2023-09-19 02:06:12,967 [main] INFO  http.HttpServer2 (HttpServer2.java:addFilter(1015)) - Added filter static_user_filter (class=org.apache.hadoop.http.lib.StaticUserWebFilter$StaticUserFilter) to context logs
2023-09-19 02:06:12,967 [main] INFO  http.BaseHttpServer (BaseHttpServer.java:<init>(189)) - HTTP server of hddsDatanode uses base directory /home/runner/work/ozone/ozone/hadoop-ozone/integration-test/target/test-dir/MiniOzoneClusterImpl-580a45e0-de24-452d-9431-a8422bda96cb/datanode-2/meta/webserver
2023-09-19 02:06:12,967 [main] INFO  http.HttpServer2 (HttpServer2.java:bindListener(1231)) - Jetty bound to port 15133
2023-09-19 02:06:12,967 [main] INFO  server.Server (Server.java:doStart(375)) - jetty-9.4.52.v20230823; built: 2023-08-23T19:29:37.669Z; git: abdcda73818a1a2c705da276edb0bf6581e7997e; jvm 1.8.0_382-b05
2023-09-19 02:06:12,969 [main] INFO  server.session (DefaultSessionIdManager.java:doStart(334)) - DefaultSessionIdManager workerName=node0
2023-09-19 02:06:12,969 [main] INFO  server.session (DefaultSessionIdManager.java:doStart(339)) - No SessionScavenger set, using defaults
2023-09-19 02:06:12,969 [main] INFO  server.session (HouseKeeper.java:startScavenging(132)) - node0 Scavenging every 600000ms
2023-09-19 02:06:12,970 [main] INFO  handler.ContextHandler (ContextHandler.java:doStart(921)) - Started o.e.j.s.ServletContextHandler@747e94e4{logs,/logs,file:///home/runner/work/ozone/ozone/hadoop-ozone/integration-test/target/log,AVAILABLE}
2023-09-19 02:06:12,970 [main] INFO  handler.ContextHandler (ContextHandler.java:doStart(921)) - Started o.e.j.s.ServletContextHandler@6f11b217{static,/static,jar:file:/home/runner/.m2/repository/org/apache/ozone/hdds-container-service/1.4.0-SNAPSHOT/hdds-container-service-1.4.0-SNAPSHOT.jar!/webapps/static,AVAILABLE}
2023-09-19 02:06:13,163 [main] INFO  handler.ContextHandler (ContextHandler.java:doStart(921)) - Started o.e.j.w.WebAppContext@366776f7{hddsDatanode,/,file:///home/runner/work/ozone/ozone/hadoop-ozone/integration-test/target/test-dir/MiniOzoneClusterImpl-580a45e0-de24-452d-9431-a8422bda96cb/datanode-2/meta/webserver/jetty-0_0_0_0-15133-hdds-container-service-1_4_0-SNAPSHOT_jar-_-any-111119116802127008/webapp/,AVAILABLE}{jar:file:/home/runner/.m2/repository/org/apache/ozone/hdds-container-service/1.4.0-SNAPSHOT/hdds-container-service-1.4.0-SNAPSHOT.jar!/webapps/hddsDatanode}
2023-09-19 02:06:13,164 [main] INFO  server.AbstractConnector (AbstractConnector.java:doStart(333)) - Started ServerConnector@1aa1e49b{HTTP/1.1, (http/1.1)}{0.0.0.0:15133}
2023-09-19 02:06:13,165 [main] INFO  server.Server (Server.java:doStart(415)) - Started @153872ms
2023-09-19 02:06:13,165 [main] WARN  impl.MetricsSystemImpl (MetricsSystemImpl.java:register(279)) - Sink prometheus already exists!
2023-09-19 02:06:13,165 [main] INFO  http.BaseHttpServer (BaseHttpServer.java:updateConnectorAddress(354)) - HTTP server of hddsDatanode listening at http://0.0.0.0:15133
2023-09-19 02:06:13,166 [main] INFO  ipc.CallQueueManager (CallQueueManager.java:<init>(90)) - Using callQueue: class java.util.concurrent.LinkedBlockingQueue, queueCapacity: 100, scheduler: class org.apache.hadoop.ipc.DefaultRpcScheduler, ipcBackoff: false.
2023-09-19 02:06:13,166 [main] INFO  ipc.Server (Server.java:<init>(1287)) - Listener at 0.0.0.0:15134
2023-09-19 02:06:13,167 [Socket Reader #1 for port 15134] INFO  ipc.Server (Server.java:run(1323)) - Starting Socket Reader #1 for port 15134
2023-09-19 02:06:13,172 [main] INFO  ozone.HddsDatanodeService (HddsDatanodeService.java:start(315)) - Datanode start with admins: [runner]
2023-09-19 02:06:13,172 [main] INFO  ozone.HddsDatanodeClientProtocolServer (HddsDatanodeClientProtocolServer.java:start(72)) - RPC server for Client /0.0.0.0:15134
2023-09-19 02:06:13,173 [IPC Server Responder] INFO  ipc.Server (Server.java:run(1562)) - IPC Server Responder: starting
2023-09-19 02:06:13,173 [IPC Server listener on 15134] INFO  ipc.Server (Server.java:run(1402)) - IPC Server listener on 15134: starting
2023-09-19 02:06:13,175 [main] WARN  impl.MetricRegistriesImpl (MetricRegistriesImpl.java:addReporterRegistration(111)) - New reporters are added after registries were created. Some metrics will be missing from the reporter. Please add reporter before adding any new registry.
2023-09-19 02:06:13,175 [main] WARN  impl.MetricRegistriesImpl (MetricRegistriesImpl.java:addReporterRegistration(111)) - New reporters are added after registries were created. Some metrics will be missing from the reporter. Please add reporter before adding any new registry.
2023-09-19 02:06:13,175 [main] INFO  impl.MetricsSystemImpl (MetricsSystemImpl.java:init(158)) - HddsDatanode metrics system started (again)
2023-09-19 02:06:13,186 [Datanode State Machine Daemon Thread] INFO  statemachine.DatanodeStateMachine (DatanodeStateMachine.java:lambda$startDaemon$0(540)) - Ozone container server started.
2023-09-19 02:06:13,193 [Datanode State Machine Task Thread - 0] INFO  datanode.InitDatanodeState (InitDatanodeState.java:persistContainerDatanodeDetails(138)) - DatanodeDetails is persisted to /home/runner/work/ozone/ozone/hadoop-ozone/integration-test/target/test-dir/MiniOzoneClusterImpl-580a45e0-de24-452d-9431-a8422bda96cb/datanode-2/meta/datanode.id
2023-09-19 02:06:13,194 [main] INFO  ozone.HddsDatanodeService (HddsDatanodeService.java:start(237)) - HddsDatanodeService host:fv-az1031-92 ip:10.1.0.29
2023-09-19 02:06:13,212 [main] INFO  upgrade.AbstractLayoutVersionManager (AbstractLayoutVersionManager.java:init(83)) - Initializing Layout version manager with metadata layout = HADOOP_PRC_PORTS_IN_DATANODEDETAILS (version = 7), software layout = HADOOP_PRC_PORTS_IN_DATANODEDETAILS (version = 7)
2023-09-19 02:06:13,213 [main] INFO  statemachine.DatanodeStateMachine (DatanodeStateMachine.java:getEndPointTaskThreadPoolSize(284)) - Datanode State Machine Task Thread Pool size 2
2023-09-19 02:06:13,214 [main] INFO  volume.HddsVolume (HddsVolume.java:<init>(126)) - Creating HddsVolume: /home/runner/work/ozone/ozone/hadoop-ozone/integration-test/target/test-dir/MiniOzoneClusterImpl-580a45e0-de24-452d-9431-a8422bda96cb/datanode-3/data-0/containers/hdds of storage type : DISK capacity : 9223372036854775807
2023-09-19 02:06:13,214 [main] INFO  volume.MutableVolumeSet (MutableVolumeSet.java:initializeVolumeSet(173)) - Added Volume : /home/runner/work/ozone/ozone/hadoop-ozone/integration-test/target/test-dir/MiniOzoneClusterImpl-580a45e0-de24-452d-9431-a8422bda96cb/datanode-3/data-0/containers/hdds to VolumeSet
2023-09-19 02:06:13,215 [main] INFO  volume.MutableVolumeSet (MutableVolumeSet.java:initializeVolumeSet(173)) - Added Volume : /home/runner/work/ozone/ozone/hadoop-ozone/integration-test/target/test-dir/MiniOzoneClusterImpl-580a45e0-de24-452d-9431-a8422bda96cb/datanode-3/data/ratis to VolumeSet
2023-09-19 02:06:13,215 [Thread-1328] INFO  ozoneimpl.ContainerReader (ContainerReader.java:readVolume(177)) - Finish verifying containers on volume /home/runner/work/ozone/ozone/hadoop-ozone/integration-test/target/test-dir/MiniOzoneClusterImpl-580a45e0-de24-452d-9431-a8422bda96cb/datanode-3/data-0/containers/hdds
2023-09-19 02:06:13,215 [main] INFO  ozoneimpl.OzoneContainer (OzoneContainer.java:buildContainerSet(314)) - Build ContainerSet costs 0s
2023-09-19 02:06:13,218 [main] INFO  server.RaftServer (ConfUtils.java:logGet(46)) - raft.rpc.type = GRPC (default)
2023-09-19 02:06:13,218 [main] INFO  grpc.GrpcConfigKeys (ConfUtils.java:logFallback(53)) - raft.grpc.admin.host = null (fallback to raft.grpc.server.host)
2023-09-19 02:06:13,218 [main] INFO  grpc.GrpcConfigKeys (ConfUtils.java:logGet(46)) - raft.grpc.admin.port = 15146 (custom)
2023-09-19 02:06:13,218 [main] INFO  grpc.GrpcConfigKeys (ConfUtils.java:logFallback(53)) - raft.grpc.client.host = null (fallback to raft.grpc.server.host)
2023-09-19 02:06:13,218 [main] INFO  grpc.GrpcConfigKeys (ConfUtils.java:logGet(46)) - raft.grpc.client.port = 15145 (custom)
2023-09-19 02:06:13,218 [main] INFO  grpc.GrpcConfigKeys (ConfUtils.java:logGet(46)) - raft.grpc.server.host = null (default)
2023-09-19 02:06:13,219 [main] INFO  grpc.GrpcConfigKeys (ConfUtils.java:logGet(46)) - raft.grpc.server.port = 15147 (custom)
2023-09-19 02:06:13,219 [main] INFO  server.GrpcService (ConfUtils.java:logGet(46)) - raft.grpc.message.size.max = 32MB (=33554432) (custom)
2023-09-19 02:06:13,219 [main] INFO  server.RaftServerConfigKeys (ConfUtils.java:logGet(46)) - raft.server.log.appender.buffer.byte-limit = 33554432 (custom)
2023-09-19 02:06:13,219 [main] INFO  server.GrpcService (ConfUtils.java:logGet(46)) - raft.grpc.flow.control.window = 5MB (=5242880) (custom)
2023-09-19 02:06:13,219 [main] INFO  server.RaftServerConfigKeys (ConfUtils.java:logGet(46)) - raft.server.rpc.request.timeout = 60s (custom)
2023-09-19 02:06:13,219 [main] INFO  grpc.GrpcConfigKeys (ConfUtils.java:logGet(46)) - raft.grpc.server.heartbeat.channel = true (default)
2023-09-19 02:06:13,219 [main] INFO  grpc.GrpcConfigKeys (ConfUtils.java:logGet(46)) - raft.grpc.server.async.request.thread.pool.cached = true (default)
2023-09-19 02:06:13,219 [main] INFO  grpc.GrpcConfigKeys (ConfUtils.java:logGet(46)) - raft.grpc.server.async.request.thread.pool.size = 32 (default)
2023-09-19 02:06:13,222 [main] INFO  impl.DataStreamServerImpl (ConfUtils.java:logGet(46)) - raft.datastream.type = NETTY (custom)
2023-09-19 02:06:13,222 [main] INFO  server.RaftServerConfigKeys (ConfUtils.java:logGet(46)) - raft.server.data-stream.async.request.thread.pool.cached = false (default)
2023-09-19 02:06:13,222 [main] INFO  server.RaftServerConfigKeys (ConfUtils.java:logGet(46)) - raft.server.data-stream.async.request.thread.pool.size = 20 (custom)
2023-09-19 02:06:13,222 [main] INFO  server.RaftServerConfigKeys (ConfUtils.java:logGet(46)) - raft.server.data-stream.async.write.thread.pool.size = 16 (default)
2023-09-19 02:06:13,222 [main] INFO  server.RaftServerConfigKeys (ConfUtils.java:logGet(46)) - raft.server.data-stream.client.pool.size = 10 (default)
2023-09-19 02:06:13,222 [main] INFO  netty.NettyConfigKeys$DataStream (ConfUtils.java:logGet(46)) - raft.netty.dataStream.server.use-epoll = false (default)
2023-09-19 02:06:13,223 [main] INFO  netty.NettyConfigKeys$DataStream (ConfUtils.java:logGet(46)) - raft.netty.dataStream.server.boss-group.size = 0 (default)
2023-09-19 02:06:13,223 [main] INFO  netty.NettyConfigKeys$DataStream (ConfUtils.java:logGet(46)) - raft.netty.dataStream.server.worker-group.size = 0 (default)
2023-09-19 02:06:13,223 [main] INFO  netty.NettyConfigKeys$DataStream (ConfUtils.java:logGet(46)) - raft.netty.dataStream.server.tls.conf = null (default)
2023-09-19 02:06:13,223 [main] INFO  netty.NettyConfigKeys$DataStream (ConfUtils.java:logGet(46)) - raft.netty.dataStream.host = null (default)
2023-09-19 02:06:13,224 [main] INFO  netty.NettyConfigKeys$DataStream (ConfUtils.java:logGet(46)) - raft.netty.dataStream.port = 15148 (custom)
2023-09-19 02:06:13,224 [main] INFO  server.RaftServerConfigKeys (ConfUtils.java:logGet(46)) - raft.server.threadpool.proxy.cached = true (default)
2023-09-19 02:06:13,224 [main] INFO  server.RaftServerConfigKeys (ConfUtils.java:logGet(46)) - raft.server.threadpool.proxy.size = 0 (default)
2023-09-19 02:06:13,224 [main] INFO  server.RaftServerConfigKeys (ConfUtils.java:logGet(46)) - raft.server.rpc.slowness.timeout = 300s (custom)
2023-09-19 02:06:13,224 [main] INFO  server.RaftServerConfigKeys (ConfUtils.java:logGet(46)) - raft.server.leaderelection.leader.step-down.wait-time = 10s (default)
2023-09-19 02:06:13,224 [main] INFO  server.RaftServerConfigKeys (ConfUtils.java:logGet(46)) - raft.server.storage.dir = [/home/runner/work/ozone/ozone/hadoop-ozone/integration-test/target/test-dir/MiniOzoneClusterImpl-580a45e0-de24-452d-9431-a8422bda96cb/datanode-3/data/ratis] (custom)
2023-09-19 02:06:13,225 [64a2289b-3939-49a4-b25c-4bba4de7a3bf-impl-thread1] INFO  server.RaftServer (RaftServerProxy.java:initGroupDir(258)) - 64a2289b-3939-49a4-b25c-4bba4de7a3bf: found a subdirectory /home/runner/work/ozone/ozone/hadoop-ozone/integration-test/target/test-dir/MiniOzoneClusterImpl-580a45e0-de24-452d-9431-a8422bda96cb/datanode-3/data/ratis/tmp
2023-09-19 02:06:13,225 [64a2289b-3939-49a4-b25c-4bba4de7a3bf-impl-thread1] INFO  server.RaftServer (RaftServerProxy.java:initGroupDir(263)) - 64a2289b-3939-49a4-b25c-4bba4de7a3bf: The directory /home/runner/work/ozone/ozone/hadoop-ozone/integration-test/target/test-dir/MiniOzoneClusterImpl-580a45e0-de24-452d-9431-a8422bda96cb/datanode-3/data/ratis/tmp is not a group directory; ignoring it. 
2023-09-19 02:06:13,225 [main] INFO  replication.ReplicationServer (ReplicationServer.java:<init>(83)) - Initializing replication server with thread count = 10 queue length = 4096
2023-09-19 02:06:13,227 [64a2289b-3939-49a4-b25c-4bba4de7a3bf-NettyServerStreamRpc-bossGroup--thread1] INFO  logging.LoggingHandler (AbstractInternalLogger.java:log(148)) - [id: 0x9e48c0fd] REGISTERED
2023-09-19 02:06:13,227 [64a2289b-3939-49a4-b25c-4bba4de7a3bf-NettyServerStreamRpc-bossGroup--thread1] INFO  logging.LoggingHandler (AbstractInternalLogger.java:log(148)) - [id: 0x9e48c0fd] BIND: 0.0.0.0/0.0.0.0:15148
2023-09-19 02:06:13,227 [64a2289b-3939-49a4-b25c-4bba4de7a3bf-NettyServerStreamRpc-bossGroup--thread1] INFO  logging.LoggingHandler (AbstractInternalLogger.java:log(148)) - [id: 0x9e48c0fd, L:/0:0:0:0:0:0:0:0:15148] ACTIVE
2023-09-19 02:06:13,228 [main] INFO  server.XceiverServerGrpc (XceiverServerGrpc.java:<init>(132)) - GrpcServer channel type EpollServerSocketChannel
2023-09-19 02:06:13,230 [main] INFO  replication.ReplicationSupervisor (ReplicationSupervisor.java:build(155)) - Initializing replication supervisor with thread count = 10
2023-09-19 02:06:13,230 [main] INFO  replication.ReplicationSupervisor (ReplicationSupervisor.java:nodeStateUpdated(307)) - Node state updated to IN_SERVICE, scaling executor pool size to 10
2023-09-19 02:06:13,237 [main] INFO  http.BaseHttpServer (BaseHttpServer.java:newHttpServer2BuilderForOzone(223)) - Starting Web-server for hddsDatanode at: http://0.0.0.0:15142
2023-09-19 02:06:13,237 [main] INFO  http.BaseHttpServer (BaseHttpServer.java:<init>(110)) - Hadoop Security Enabled: false Ozone Security Enabled: false Ozone HTTP Security Enabled: false 
2023-09-19 02:06:13,240 [main] WARN  server.AuthenticationFilter (AuthenticationFilter.java:constructSecretProvider(240)) - Unable to initialize FileSignerSecretProvider, falling back to use random secrets. Reason: Could not read signature secret file: /home/runner/hadoop-http-auth-signature-secret
2023-09-19 02:06:13,241 [main] INFO  http.HttpRequestLog (HttpRequestLog.java:getRequestLog(86)) - Http request log for http.requests.hddsDatanode is not defined
2023-09-19 02:06:13,243 [main] INFO  http.HttpServer2 (HttpServer2.java:addGlobalFilter(1031)) - Added global filter 'safety' (class=org.apache.hadoop.hdds.server.http.HttpServer2$QuotingInputFilter)
2023-09-19 02:06:13,243 [main] INFO  http.HttpServer2 (HttpServer2.java:addFilter(1007)) - Added filter static_user_filter (class=org.apache.hadoop.http.lib.StaticUserWebFilter$StaticUserFilter) to context hddsDatanode
2023-09-19 02:06:13,243 [main] INFO  http.HttpServer2 (HttpServer2.java:addFilter(1015)) - Added filter static_user_filter (class=org.apache.hadoop.http.lib.StaticUserWebFilter$StaticUserFilter) to context logs
2023-09-19 02:06:13,243 [main] INFO  http.HttpServer2 (HttpServer2.java:addFilter(1015)) - Added filter static_user_filter (class=org.apache.hadoop.http.lib.StaticUserWebFilter$StaticUserFilter) to context static
2023-09-19 02:06:13,244 [main] INFO  http.BaseHttpServer (BaseHttpServer.java:<init>(189)) - HTTP server of hddsDatanode uses base directory /home/runner/work/ozone/ozone/hadoop-ozone/integration-test/target/test-dir/MiniOzoneClusterImpl-580a45e0-de24-452d-9431-a8422bda96cb/datanode-3/meta/webserver
2023-09-19 02:06:13,244 [main] INFO  http.HttpServer2 (HttpServer2.java:bindListener(1231)) - Jetty bound to port 15142
2023-09-19 02:06:13,244 [main] INFO  server.Server (Server.java:doStart(375)) - jetty-9.4.52.v20230823; built: 2023-08-23T19:29:37.669Z; git: abdcda73818a1a2c705da276edb0bf6581e7997e; jvm 1.8.0_382-b05
2023-09-19 02:06:13,248 [main] INFO  server.session (DefaultSessionIdManager.java:doStart(334)) - DefaultSessionIdManager workerName=node0
2023-09-19 02:06:13,248 [main] INFO  server.session (DefaultSessionIdManager.java:doStart(339)) - No SessionScavenger set, using defaults
2023-09-19 02:06:13,250 [main] INFO  server.session (HouseKeeper.java:startScavenging(132)) - node0 Scavenging every 660000ms
2023-09-19 02:06:13,251 [main] INFO  handler.ContextHandler (ContextHandler.java:doStart(921)) - Started o.e.j.s.ServletContextHandler@3a960715{logs,/logs,file:///home/runner/work/ozone/ozone/hadoop-ozone/integration-test/target/log,AVAILABLE}
2023-09-19 02:06:13,251 [main] INFO  handler.ContextHandler (ContextHandler.java:doStart(921)) - Started o.e.j.s.ServletContextHandler@72ad1402{static,/static,jar:file:/home/runner/.m2/repository/org/apache/ozone/hdds-container-service/1.4.0-SNAPSHOT/hdds-container-service-1.4.0-SNAPSHOT.jar!/webapps/static,AVAILABLE}
2023-09-19 02:06:13,342 [om1@group-C5BA1605619E-FollowerState] INFO  impl.FollowerState (FollowerState.java:run(143)) - om1@group-C5BA1605619E-FollowerState: change to CANDIDATE, lastRpcElapsedTime:1060423530ns, electionTimeout:1057ms
2023-09-19 02:06:13,343 [om1@group-C5BA1605619E-FollowerState] INFO  impl.RoleInfo (RoleInfo.java:shutdownFollowerState(110)) - om1: shutdown om1@group-C5BA1605619E-FollowerState
2023-09-19 02:06:13,343 [om1@group-C5BA1605619E-FollowerState] INFO  server.RaftServer$Division (RaftServerImpl.java:setRole(329)) - om1@group-C5BA1605619E: changes role from  FOLLOWER to CANDIDATE at term 0 for changeToCandidate
2023-09-19 02:06:13,343 [om1@group-C5BA1605619E-FollowerState] INFO  server.RaftServerConfigKeys (ConfUtils.java:logGet(46)) - raft.server.leaderelection.pre-vote = true (default)
2023-09-19 02:06:13,343 [om1@group-C5BA1605619E-FollowerState] INFO  impl.RoleInfo (RoleInfo.java:updateAndGet(139)) - om1: start om1@group-C5BA1605619E-LeaderElection19
2023-09-19 02:06:13,357 [om1@group-C5BA1605619E-LeaderElection19] INFO  impl.LeaderElection (LeaderElection.java:askForVotes(321)) - om1@group-C5BA1605619E-LeaderElection19 PRE_VOTE round 0: submit vote requests at term 0 for -1: peers:[om1|rpc:localhost:15113|priority:0|startupRole:FOLLOWER]|listeners:[], old=null
2023-09-19 02:06:13,357 [om1@group-C5BA1605619E-LeaderElection19] INFO  impl.LeaderElection (LeaderElection.java:askForVotes(323)) - om1@group-C5BA1605619E-LeaderElection19 PRE_VOTE round 0: result PASSED (term=0)
2023-09-19 02:06:13,358 [om1@group-C5BA1605619E-LeaderElection19] INFO  impl.LeaderElection (LeaderElection.java:askForVotes(321)) - om1@group-C5BA1605619E-LeaderElection19 ELECTION round 0: submit vote requests at term 1 for -1: peers:[om1|rpc:localhost:15113|priority:0|startupRole:FOLLOWER]|listeners:[], old=null
2023-09-19 02:06:13,358 [om1@group-C5BA1605619E-LeaderElection19] INFO  impl.LeaderElection (LeaderElection.java:askForVotes(323)) - om1@group-C5BA1605619E-LeaderElection19 ELECTION round 0: result PASSED (term=1)
2023-09-19 02:06:13,358 [om1@group-C5BA1605619E-LeaderElection19] INFO  impl.RoleInfo (RoleInfo.java:shutdownLeaderElection(130)) - om1: shutdown om1@group-C5BA1605619E-LeaderElection19
2023-09-19 02:06:13,358 [om1@group-C5BA1605619E-LeaderElection19] INFO  server.RaftServer$Division (RaftServerImpl.java:setRole(329)) - om1@group-C5BA1605619E: changes role from CANDIDATE to LEADER at term 1 for changeToLeader
2023-09-19 02:06:13,359 [om1@group-C5BA1605619E-LeaderElection19] INFO  server.RaftServer$Division (ServerState.java:setLeader(317)) - om1@group-C5BA1605619E: change Leader from null to om1 at term 1 for becomeLeader, leader elected after 1532ms
2023-09-19 02:06:13,359 [om1@group-C5BA1605619E-LeaderElection19] INFO  server.RaftServerConfigKeys (ConfUtils.java:logGet(46)) - raft.server.staging.catchup.gap = 1000 (default)
2023-09-19 02:06:13,359 [om1@group-C5BA1605619E-LeaderElection19] INFO  server.RaftServerConfigKeys (ConfUtils.java:logGet(46)) - raft.server.write.element-limit = 4096 (default)
2023-09-19 02:06:13,359 [om1@group-C5BA1605619E-LeaderElection19] INFO  server.RaftServerConfigKeys (ConfUtils.java:logGet(46)) - raft.server.write.byte-limit = 64MB (=67108864) (default)
2023-09-19 02:06:13,359 [om1@group-C5BA1605619E-LeaderElection19] INFO  server.RaftServerConfigKeys (ConfUtils.java:logGet(46)) - raft.server.watch.timeout = 10s (default)
2023-09-19 02:06:13,359 [om1@group-C5BA1605619E-LeaderElection19] INFO  server.RaftServerConfigKeys (ConfUtils.java:logGet(46)) - raft.server.watch.timeout.denomination = 1s (default)
2023-09-19 02:06:13,359 [om1@group-C5BA1605619E-LeaderElection19] INFO  server.RaftServerConfigKeys (ConfUtils.java:logGet(46)) - raft.server.watch.element-limit = 65536 (default)
2023-09-19 02:06:13,359 [om1@group-C5BA1605619E-LeaderElection19] INFO  server.RaftServerConfigKeys (ConfUtils.java:logGet(46)) - raft.server.write.element-limit = 4096 (default)
2023-09-19 02:06:13,359 [om1@group-C5BA1605619E-LeaderElection19] INFO  server.RaftServerConfigKeys (ConfUtils.java:logGet(46)) - raft.server.write.follower.gap.ratio.max = -1.0 (default)
2023-09-19 02:06:13,359 [om1@group-C5BA1605619E-LeaderElection19] INFO  impl.RoleInfo (RoleInfo.java:updateAndGet(139)) - om1: start om1@group-C5BA1605619E-LeaderStateImpl
2023-09-19 02:06:13,360 [om1@group-C5BA1605619E-LeaderElection19] INFO  segmented.SegmentedRaftLogWorker (SegmentedRaftLogWorker.java:startLogSegment(447)) - om1@group-C5BA1605619E-SegmentedRaftLogWorker: Starting segment from index:0
2023-09-19 02:06:13,367 [om1@group-C5BA1605619E-LeaderElection19] INFO  server.RaftServer$Division (ServerState.java:setRaftConf(434)) - om1@group-C5BA1605619E: set configuration 0: peers:[om1|rpc:localhost:15113|admin:|client:|dataStream:|priority:0|startupRole:FOLLOWER]|listeners:[], old=null
2023-09-19 02:06:13,369 [om1@group-C5BA1605619E-SegmentedRaftLogWorker] INFO  segmented.SegmentedRaftLogWorker (SegmentedRaftLogWorker.java:execute(651)) - om1@group-C5BA1605619E-SegmentedRaftLogWorker: created new log segment /home/runner/work/ozone/ozone/hadoop-ozone/integration-test/target/test-dir/MiniOzoneClusterImpl-580a45e0-de24-452d-9431-a8422bda96cb/ozone-meta/ratis/bf265839-605b-3f16-9796-c5ba1605619e/current/log_inprogress_0
2023-09-19 02:06:13,370 [om1@group-C5BA1605619E-StateMachineUpdater] INFO  ratis.OzoneManagerStateMachine (OzoneManagerStateMachine.java:notifyConfigurationChanged(202)) - Received Configuration change notification from Ratis. New Peer list:
[id: "om1"
address: "localhost:15113"
startupRole: FOLLOWER
]
2023-09-19 02:06:13,458 [main] INFO  handler.ContextHandler (ContextHandler.java:doStart(921)) - Started o.e.j.w.WebAppContext@956579b{hddsDatanode,/,file:///home/runner/work/ozone/ozone/hadoop-ozone/integration-test/target/test-dir/MiniOzoneClusterImpl-580a45e0-de24-452d-9431-a8422bda96cb/datanode-3/meta/webserver/jetty-0_0_0_0-15142-hdds-container-service-1_4_0-SNAPSHOT_jar-_-any-3201902419487669854/webapp/,AVAILABLE}{jar:file:/home/runner/.m2/repository/org/apache/ozone/hdds-container-service/1.4.0-SNAPSHOT/hdds-container-service-1.4.0-SNAPSHOT.jar!/webapps/hddsDatanode}
2023-09-19 02:06:13,462 [main] INFO  server.AbstractConnector (AbstractConnector.java:doStart(333)) - Started ServerConnector@62a41f68{HTTP/1.1, (http/1.1)}{0.0.0.0:15142}
2023-09-19 02:06:13,464 [main] INFO  server.Server (Server.java:doStart(415)) - Started @154171ms
2023-09-19 02:06:13,464 [main] WARN  impl.MetricsSystemImpl (MetricsSystemImpl.java:register(279)) - Sink prometheus already exists!
2023-09-19 02:06:13,464 [main] INFO  http.BaseHttpServer (BaseHttpServer.java:updateConnectorAddress(354)) - HTTP server of hddsDatanode listening at http://0.0.0.0:15142
2023-09-19 02:06:13,465 [main] INFO  ipc.CallQueueManager (CallQueueManager.java:<init>(90)) - Using callQueue: class java.util.concurrent.LinkedBlockingQueue, queueCapacity: 100, scheduler: class org.apache.hadoop.ipc.DefaultRpcScheduler, ipcBackoff: false.
2023-09-19 02:06:13,465 [main] INFO  ipc.Server (Server.java:<init>(1287)) - Listener at 0.0.0.0:15143
2023-09-19 02:06:13,465 [Socket Reader #1 for port 15143] INFO  ipc.Server (Server.java:run(1323)) - Starting Socket Reader #1 for port 15143
2023-09-19 02:06:13,472 [main] INFO  ozone.HddsDatanodeService (HddsDatanodeService.java:start(315)) - Datanode start with admins: [runner]
2023-09-19 02:06:13,473 [main] INFO  ozone.HddsDatanodeClientProtocolServer (HddsDatanodeClientProtocolServer.java:start(72)) - RPC server for Client /0.0.0.0:15143
2023-09-19 02:06:13,473 [IPC Server Responder] INFO  ipc.Server (Server.java:run(1562)) - IPC Server Responder: starting
2023-09-19 02:06:13,474 [IPC Server listener on 15143] INFO  ipc.Server (Server.java:run(1402)) - IPC Server listener on 15143: starting
2023-09-19 02:06:13,474 [main] WARN  impl.MetricRegistriesImpl (MetricRegistriesImpl.java:addReporterRegistration(111)) - New reporters are added after registries were created. Some metrics will be missing from the reporter. Please add reporter before adding any new registry.
2023-09-19 02:06:13,474 [Datanode State Machine Daemon Thread] INFO  statemachine.DatanodeStateMachine (DatanodeStateMachine.java:lambda$startDaemon$0(540)) - Ozone container server started.
2023-09-19 02:06:13,474 [main] WARN  impl.MetricRegistriesImpl (MetricRegistriesImpl.java:addReporterRegistration(111)) - New reporters are added after registries were created. Some metrics will be missing from the reporter. Please add reporter before adding any new registry.
2023-09-19 02:06:13,481 [main] INFO  impl.MetricsSystemImpl (MetricsSystemImpl.java:init(158)) - HddsDatanode metrics system started (again)
2023-09-19 02:06:13,496 [main] INFO  ozone.HddsDatanodeService (HddsDatanodeService.java:start(237)) - HddsDatanodeService host:fv-az1031-92 ip:10.1.0.29
2023-09-19 02:06:13,500 [Datanode State Machine Task Thread - 0] INFO  datanode.InitDatanodeState (InitDatanodeState.java:persistContainerDatanodeDetails(138)) - DatanodeDetails is persisted to /home/runner/work/ozone/ozone/hadoop-ozone/integration-test/target/test-dir/MiniOzoneClusterImpl-580a45e0-de24-452d-9431-a8422bda96cb/datanode-3/meta/datanode.id
2023-09-19 02:06:13,514 [main] INFO  upgrade.AbstractLayoutVersionManager (AbstractLayoutVersionManager.java:init(83)) - Initializing Layout version manager with metadata layout = HADOOP_PRC_PORTS_IN_DATANODEDETAILS (version = 7), software layout = HADOOP_PRC_PORTS_IN_DATANODEDETAILS (version = 7)
2023-09-19 02:06:13,515 [main] INFO  statemachine.DatanodeStateMachine (DatanodeStateMachine.java:getEndPointTaskThreadPoolSize(284)) - Datanode State Machine Task Thread Pool size 2
2023-09-19 02:06:13,516 [main] INFO  volume.HddsVolume (HddsVolume.java:<init>(126)) - Creating HddsVolume: /home/runner/work/ozone/ozone/hadoop-ozone/integration-test/target/test-dir/MiniOzoneClusterImpl-580a45e0-de24-452d-9431-a8422bda96cb/datanode-4/data-0/containers/hdds of storage type : DISK capacity : 9223372036854775807
2023-09-19 02:06:13,516 [main] INFO  volume.MutableVolumeSet (MutableVolumeSet.java:initializeVolumeSet(173)) - Added Volume : /home/runner/work/ozone/ozone/hadoop-ozone/integration-test/target/test-dir/MiniOzoneClusterImpl-580a45e0-de24-452d-9431-a8422bda96cb/datanode-4/data-0/containers/hdds to VolumeSet
2023-09-19 02:06:13,517 [main] INFO  volume.MutableVolumeSet (MutableVolumeSet.java:initializeVolumeSet(173)) - Added Volume : /home/runner/work/ozone/ozone/hadoop-ozone/integration-test/target/test-dir/MiniOzoneClusterImpl-580a45e0-de24-452d-9431-a8422bda96cb/datanode-4/data/ratis to VolumeSet
2023-09-19 02:06:13,517 [Thread-1347] INFO  ozoneimpl.ContainerReader (ContainerReader.java:readVolume(177)) - Finish verifying containers on volume /home/runner/work/ozone/ozone/hadoop-ozone/integration-test/target/test-dir/MiniOzoneClusterImpl-580a45e0-de24-452d-9431-a8422bda96cb/datanode-4/data-0/containers/hdds
2023-09-19 02:06:13,517 [main] INFO  ozoneimpl.OzoneContainer (OzoneContainer.java:buildContainerSet(314)) - Build ContainerSet costs 0s
2023-09-19 02:06:13,519 [main] INFO  server.RaftServer (ConfUtils.java:logGet(46)) - raft.rpc.type = GRPC (default)
2023-09-19 02:06:13,519 [main] INFO  grpc.GrpcConfigKeys (ConfUtils.java:logFallback(53)) - raft.grpc.admin.host = null (fallback to raft.grpc.server.host)
2023-09-19 02:06:13,519 [main] INFO  grpc.GrpcConfigKeys (ConfUtils.java:logGet(46)) - raft.grpc.admin.port = 15155 (custom)
2023-09-19 02:06:13,519 [main] INFO  grpc.GrpcConfigKeys (ConfUtils.java:logFallback(53)) - raft.grpc.client.host = null (fallback to raft.grpc.server.host)
2023-09-19 02:06:13,520 [main] INFO  grpc.GrpcConfigKeys (ConfUtils.java:logGet(46)) - raft.grpc.client.port = 15154 (custom)
2023-09-19 02:06:13,520 [main] INFO  grpc.GrpcConfigKeys (ConfUtils.java:logGet(46)) - raft.grpc.server.host = null (default)
2023-09-19 02:06:13,520 [main] INFO  grpc.GrpcConfigKeys (ConfUtils.java:logGet(46)) - raft.grpc.server.port = 15156 (custom)
2023-09-19 02:06:13,520 [main] INFO  server.GrpcService (ConfUtils.java:logGet(46)) - raft.grpc.message.size.max = 32MB (=33554432) (custom)
2023-09-19 02:06:13,520 [main] INFO  server.RaftServerConfigKeys (ConfUtils.java:logGet(46)) - raft.server.log.appender.buffer.byte-limit = 33554432 (custom)
2023-09-19 02:06:13,520 [main] INFO  server.GrpcService (ConfUtils.java:logGet(46)) - raft.grpc.flow.control.window = 5MB (=5242880) (custom)
2023-09-19 02:06:13,520 [main] INFO  server.RaftServerConfigKeys (ConfUtils.java:logGet(46)) - raft.server.rpc.request.timeout = 60s (custom)
2023-09-19 02:06:13,520 [main] INFO  grpc.GrpcConfigKeys (ConfUtils.java:logGet(46)) - raft.grpc.server.heartbeat.channel = true (default)
2023-09-19 02:06:13,520 [main] INFO  grpc.GrpcConfigKeys (ConfUtils.java:logGet(46)) - raft.grpc.server.async.request.thread.pool.cached = true (default)
2023-09-19 02:06:13,520 [main] INFO  grpc.GrpcConfigKeys (ConfUtils.java:logGet(46)) - raft.grpc.server.async.request.thread.pool.size = 32 (default)
2023-09-19 02:06:13,523 [main] INFO  impl.DataStreamServerImpl (ConfUtils.java:logGet(46)) - raft.datastream.type = NETTY (custom)
2023-09-19 02:06:13,523 [main] INFO  server.RaftServerConfigKeys (ConfUtils.java:logGet(46)) - raft.server.data-stream.async.request.thread.pool.cached = false (default)
2023-09-19 02:06:13,523 [main] INFO  server.RaftServerConfigKeys (ConfUtils.java:logGet(46)) - raft.server.data-stream.async.request.thread.pool.size = 20 (custom)
2023-09-19 02:06:13,523 [main] INFO  server.RaftServerConfigKeys (ConfUtils.java:logGet(46)) - raft.server.data-stream.async.write.thread.pool.size = 16 (default)
2023-09-19 02:06:13,524 [main] INFO  server.RaftServerConfigKeys (ConfUtils.java:logGet(46)) - raft.server.data-stream.client.pool.size = 10 (default)
2023-09-19 02:06:13,524 [main] INFO  netty.NettyConfigKeys$DataStream (ConfUtils.java:logGet(46)) - raft.netty.dataStream.server.use-epoll = false (default)
2023-09-19 02:06:13,524 [main] INFO  netty.NettyConfigKeys$DataStream (ConfUtils.java:logGet(46)) - raft.netty.dataStream.server.boss-group.size = 0 (default)
2023-09-19 02:06:13,524 [main] INFO  netty.NettyConfigKeys$DataStream (ConfUtils.java:logGet(46)) - raft.netty.dataStream.server.worker-group.size = 0 (default)
2023-09-19 02:06:13,524 [main] INFO  netty.NettyConfigKeys$DataStream (ConfUtils.java:logGet(46)) - raft.netty.dataStream.server.tls.conf = null (default)
2023-09-19 02:06:13,525 [main] INFO  netty.NettyConfigKeys$DataStream (ConfUtils.java:logGet(46)) - raft.netty.dataStream.host = null (default)
2023-09-19 02:06:13,525 [main] INFO  netty.NettyConfigKeys$DataStream (ConfUtils.java:logGet(46)) - raft.netty.dataStream.port = 15157 (custom)
2023-09-19 02:06:13,525 [main] INFO  server.RaftServerConfigKeys (ConfUtils.java:logGet(46)) - raft.server.threadpool.proxy.cached = true (default)
2023-09-19 02:06:13,525 [main] INFO  server.RaftServerConfigKeys (ConfUtils.java:logGet(46)) - raft.server.threadpool.proxy.size = 0 (default)
2023-09-19 02:06:13,525 [main] INFO  server.RaftServerConfigKeys (ConfUtils.java:logGet(46)) - raft.server.rpc.slowness.timeout = 300s (custom)
2023-09-19 02:06:13,525 [main] INFO  server.RaftServerConfigKeys (ConfUtils.java:logGet(46)) - raft.server.leaderelection.leader.step-down.wait-time = 10s (default)
2023-09-19 02:06:13,526 [main] INFO  server.RaftServerConfigKeys (ConfUtils.java:logGet(46)) - raft.server.storage.dir = [/home/runner/work/ozone/ozone/hadoop-ozone/integration-test/target/test-dir/MiniOzoneClusterImpl-580a45e0-de24-452d-9431-a8422bda96cb/datanode-4/data/ratis] (custom)
2023-09-19 02:06:13,531 [b4ea5f9d-de80-46c5-a4c7-ec8a93521806-NettyServerStreamRpc-bossGroup--thread1] INFO  logging.LoggingHandler (AbstractInternalLogger.java:log(148)) - [id: 0x75971e10] REGISTERED
2023-09-19 02:06:13,531 [b4ea5f9d-de80-46c5-a4c7-ec8a93521806-NettyServerStreamRpc-bossGroup--thread1] INFO  logging.LoggingHandler (AbstractInternalLogger.java:log(148)) - [id: 0x75971e10] BIND: 0.0.0.0/0.0.0.0:15157
2023-09-19 02:06:13,531 [b4ea5f9d-de80-46c5-a4c7-ec8a93521806-NettyServerStreamRpc-bossGroup--thread1] INFO  logging.LoggingHandler (AbstractInternalLogger.java:log(148)) - [id: 0x75971e10, L:/0:0:0:0:0:0:0:0:15157] ACTIVE
2023-09-19 02:06:13,532 [b4ea5f9d-de80-46c5-a4c7-ec8a93521806-impl-thread1] INFO  server.RaftServer (RaftServerProxy.java:initGroupDir(258)) - b4ea5f9d-de80-46c5-a4c7-ec8a93521806: found a subdirectory /home/runner/work/ozone/ozone/hadoop-ozone/integration-test/target/test-dir/MiniOzoneClusterImpl-580a45e0-de24-452d-9431-a8422bda96cb/datanode-4/data/ratis/tmp
2023-09-19 02:06:13,532 [b4ea5f9d-de80-46c5-a4c7-ec8a93521806-impl-thread1] INFO  server.RaftServer (RaftServerProxy.java:initGroupDir(263)) - b4ea5f9d-de80-46c5-a4c7-ec8a93521806: The directory /home/runner/work/ozone/ozone/hadoop-ozone/integration-test/target/test-dir/MiniOzoneClusterImpl-580a45e0-de24-452d-9431-a8422bda96cb/datanode-4/data/ratis/tmp is not a group directory; ignoring it. 
2023-09-19 02:06:13,532 [main] INFO  replication.ReplicationServer (ReplicationServer.java:<init>(83)) - Initializing replication server with thread count = 10 queue length = 4096
2023-09-19 02:06:13,534 [main] INFO  server.XceiverServerGrpc (XceiverServerGrpc.java:<init>(132)) - GrpcServer channel type EpollServerSocketChannel
2023-09-19 02:06:13,535 [main] INFO  replication.ReplicationSupervisor (ReplicationSupervisor.java:build(155)) - Initializing replication supervisor with thread count = 10
2023-09-19 02:06:13,535 [main] INFO  replication.ReplicationSupervisor (ReplicationSupervisor.java:nodeStateUpdated(307)) - Node state updated to IN_SERVICE, scaling executor pool size to 10
2023-09-19 02:06:13,537 [main] INFO  http.BaseHttpServer (BaseHttpServer.java:newHttpServer2BuilderForOzone(223)) - Starting Web-server for hddsDatanode at: http://0.0.0.0:15151
2023-09-19 02:06:13,537 [main] INFO  http.BaseHttpServer (BaseHttpServer.java:<init>(110)) - Hadoop Security Enabled: false Ozone Security Enabled: false Ozone HTTP Security Enabled: false 
2023-09-19 02:06:13,538 [main] WARN  server.AuthenticationFilter (AuthenticationFilter.java:constructSecretProvider(240)) - Unable to initialize FileSignerSecretProvider, falling back to use random secrets. Reason: Could not read signature secret file: /home/runner/hadoop-http-auth-signature-secret
2023-09-19 02:06:13,538 [main] INFO  http.HttpRequestLog (HttpRequestLog.java:getRequestLog(86)) - Http request log for http.requests.hddsDatanode is not defined
2023-09-19 02:06:13,540 [main] INFO  http.HttpServer2 (HttpServer2.java:addGlobalFilter(1031)) - Added global filter 'safety' (class=org.apache.hadoop.hdds.server.http.HttpServer2$QuotingInputFilter)
2023-09-19 02:06:13,540 [main] INFO  http.HttpServer2 (HttpServer2.java:addFilter(1007)) - Added filter static_user_filter (class=org.apache.hadoop.http.lib.StaticUserWebFilter$StaticUserFilter) to context hddsDatanode
2023-09-19 02:06:13,540 [main] INFO  http.HttpServer2 (HttpServer2.java:addFilter(1015)) - Added filter static_user_filter (class=org.apache.hadoop.http.lib.StaticUserWebFilter$StaticUserFilter) to context static
2023-09-19 02:06:13,540 [main] INFO  http.HttpServer2 (HttpServer2.java:addFilter(1015)) - Added filter static_user_filter (class=org.apache.hadoop.http.lib.StaticUserWebFilter$StaticUserFilter) to context logs
2023-09-19 02:06:13,541 [main] INFO  http.BaseHttpServer (BaseHttpServer.java:<init>(189)) - HTTP server of hddsDatanode uses base directory /home/runner/work/ozone/ozone/hadoop-ozone/integration-test/target/test-dir/MiniOzoneClusterImpl-580a45e0-de24-452d-9431-a8422bda96cb/datanode-4/meta/webserver
2023-09-19 02:06:13,541 [main] INFO  http.HttpServer2 (HttpServer2.java:bindListener(1231)) - Jetty bound to port 15151
2023-09-19 02:06:13,541 [main] INFO  server.Server (Server.java:doStart(375)) - jetty-9.4.52.v20230823; built: 2023-08-23T19:29:37.669Z; git: abdcda73818a1a2c705da276edb0bf6581e7997e; jvm 1.8.0_382-b05
2023-09-19 02:06:13,542 [main] INFO  server.session (DefaultSessionIdManager.java:doStart(334)) - DefaultSessionIdManager workerName=node0
2023-09-19 02:06:13,542 [main] INFO  server.session (DefaultSessionIdManager.java:doStart(339)) - No SessionScavenger set, using defaults
2023-09-19 02:06:13,543 [main] INFO  server.session (HouseKeeper.java:startScavenging(132)) - node0 Scavenging every 660000ms
2023-09-19 02:06:13,547 [main] INFO  handler.ContextHandler (ContextHandler.java:doStart(921)) - Started o.e.j.s.ServletContextHandler@36a0cf2b{logs,/logs,file:///home/runner/work/ozone/ozone/hadoop-ozone/integration-test/target/log,AVAILABLE}
2023-09-19 02:06:13,547 [main] INFO  handler.ContextHandler (ContextHandler.java:doStart(921)) - Started o.e.j.s.ServletContextHandler@156d8f7b{static,/static,jar:file:/home/runner/.m2/repository/org/apache/ozone/hdds-container-service/1.4.0-SNAPSHOT/hdds-container-service-1.4.0-SNAPSHOT.jar!/webapps/static,AVAILABLE}
2023-09-19 02:06:13,736 [main] INFO  handler.ContextHandler (ContextHandler.java:doStart(921)) - Started o.e.j.w.WebAppContext@6002379e{hddsDatanode,/,file:///home/runner/work/ozone/ozone/hadoop-ozone/integration-test/target/test-dir/MiniOzoneClusterImpl-580a45e0-de24-452d-9431-a8422bda96cb/datanode-4/meta/webserver/jetty-0_0_0_0-15151-hdds-container-service-1_4_0-SNAPSHOT_jar-_-any-3230828379052948462/webapp/,AVAILABLE}{jar:file:/home/runner/.m2/repository/org/apache/ozone/hdds-container-service/1.4.0-SNAPSHOT/hdds-container-service-1.4.0-SNAPSHOT.jar!/webapps/hddsDatanode}
2023-09-19 02:06:13,738 [main] INFO  server.AbstractConnector (AbstractConnector.java:doStart(333)) - Started ServerConnector@54c784fd{HTTP/1.1, (http/1.1)}{0.0.0.0:15151}
2023-09-19 02:06:13,738 [main] INFO  server.Server (Server.java:doStart(415)) - Started @154445ms
2023-09-19 02:06:13,738 [main] WARN  impl.MetricsSystemImpl (MetricsSystemImpl.java:register(279)) - Sink prometheus already exists!
2023-09-19 02:06:13,739 [main] INFO  http.BaseHttpServer (BaseHttpServer.java:updateConnectorAddress(354)) - HTTP server of hddsDatanode listening at http://0.0.0.0:15151
2023-09-19 02:06:13,739 [main] INFO  ipc.CallQueueManager (CallQueueManager.java:<init>(90)) - Using callQueue: class java.util.concurrent.LinkedBlockingQueue, queueCapacity: 100, scheduler: class org.apache.hadoop.ipc.DefaultRpcScheduler, ipcBackoff: false.
2023-09-19 02:06:13,739 [main] INFO  ipc.Server (Server.java:<init>(1287)) - Listener at 0.0.0.0:15152
2023-09-19 02:06:13,744 [Socket Reader #1 for port 15152] INFO  ipc.Server (Server.java:run(1323)) - Starting Socket Reader #1 for port 15152
2023-09-19 02:06:13,748 [main] INFO  ozone.HddsDatanodeService (HddsDatanodeService.java:start(315)) - Datanode start with admins: [runner]
2023-09-19 02:06:13,748 [main] INFO  ozone.HddsDatanodeClientProtocolServer (HddsDatanodeClientProtocolServer.java:start(72)) - RPC server for Client /0.0.0.0:15152
2023-09-19 02:06:13,748 [IPC Server Responder] INFO  ipc.Server (Server.java:run(1562)) - IPC Server Responder: starting
2023-09-19 02:06:13,749 [IPC Server listener on 15152] INFO  ipc.Server (Server.java:run(1402)) - IPC Server listener on 15152: starting
2023-09-19 02:06:13,749 [Datanode State Machine Daemon Thread] INFO  statemachine.DatanodeStateMachine (DatanodeStateMachine.java:lambda$startDaemon$0(540)) - Ozone container server started.
2023-09-19 02:06:13,749 [main] INFO  ozone.MiniOzoneClusterImpl (MiniOzoneClusterImpl.java:lambda$waitForClusterToBeReady$0(224)) - Waiting for nodes to be ready. Got 0 of 5 DN Heartbeats.
2023-09-19 02:06:13,749 [main] INFO  ozone.MiniOzoneClusterImpl (MiniOzoneClusterImpl.java:lambda$waitForClusterToBeReady$0(227)) - Waiting for cluster to exit safe mode
2023-09-19 02:06:13,749 [main] INFO  ozone.MiniOzoneClusterImpl (MiniOzoneClusterImpl.java:lambda$waitForClusterToBeReady$0(229)) - SCM became leader
2023-09-19 02:06:13,763 [Datanode State Machine Task Thread - 0] INFO  datanode.InitDatanodeState (InitDatanodeState.java:persistContainerDatanodeDetails(138)) - DatanodeDetails is persisted to /home/runner/work/ozone/ozone/hadoop-ozone/integration-test/target/test-dir/MiniOzoneClusterImpl-580a45e0-de24-452d-9431-a8422bda96cb/datanode-4/meta/datanode.id
2023-09-19 02:06:14,669 [EndpointStateMachine task thread for /0.0.0.0:15108 - 0 ] INFO  utils.DatanodeStoreCache (DatanodeStoreCache.java:addDB(66)) - Added db /home/runner/work/ozone/ozone/hadoop-ozone/integration-test/target/test-dir/MiniOzoneClusterImpl-580a45e0-de24-452d-9431-a8422bda96cb/datanode-0/data-0/containers/hdds/580a45e0-de24-452d-9431-a8422bda96cb/DS-0541c6af-9e1a-49a6-bdc5-3136393574b0/container.db to cache
2023-09-19 02:06:14,669 [EndpointStateMachine task thread for /0.0.0.0:15108 - 0 ] INFO  volume.HddsVolume (HddsVolume.java:createDbStore(422)) - SchemaV3 db is created and loaded at /home/runner/work/ozone/ozone/hadoop-ozone/integration-test/target/test-dir/MiniOzoneClusterImpl-580a45e0-de24-452d-9431-a8422bda96cb/datanode-0/data-0/containers/hdds/580a45e0-de24-452d-9431-a8422bda96cb/DS-0541c6af-9e1a-49a6-bdc5-3136393574b0/container.db for volume DS-0541c6af-9e1a-49a6-bdc5-3136393574b0
2023-09-19 02:06:14,670 [EndpointStateMachine task thread for /0.0.0.0:15108 - 0 ] INFO  volume.ThrottledAsyncChecker (ThrottledAsyncChecker.java:schedule(141)) - Scheduling a check for /home/runner/work/ozone/ozone/hadoop-ozone/integration-test/target/test-dir/MiniOzoneClusterImpl-580a45e0-de24-452d-9431-a8422bda96cb/datanode-0/data-0/containers/hdds
2023-09-19 02:06:14,671 [EndpointStateMachine task thread for /0.0.0.0:15108 - 0 ] INFO  volume.StorageVolumeChecker (StorageVolumeChecker.java:checkAllVolumes(213)) - Scheduled health check for volume /home/runner/work/ozone/ozone/hadoop-ozone/integration-test/target/test-dir/MiniOzoneClusterImpl-580a45e0-de24-452d-9431-a8422bda96cb/datanode-0/data-0/containers/hdds
2023-09-19 02:06:14,672 [EndpointStateMachine task thread for /0.0.0.0:15108 - 0 ] INFO  volume.ThrottledAsyncChecker (ThrottledAsyncChecker.java:schedule(141)) - Scheduling a check for /home/runner/work/ozone/ozone/hadoop-ozone/integration-test/target/test-dir/MiniOzoneClusterImpl-580a45e0-de24-452d-9431-a8422bda96cb/datanode-0/data/ratis
2023-09-19 02:06:14,673 [EndpointStateMachine task thread for /0.0.0.0:15108 - 0 ] INFO  volume.StorageVolumeChecker (StorageVolumeChecker.java:checkAllVolumes(213)) - Scheduled health check for volume /home/runner/work/ozone/ozone/hadoop-ozone/integration-test/target/test-dir/MiniOzoneClusterImpl-580a45e0-de24-452d-9431-a8422bda96cb/datanode-0/data/ratis
2023-09-19 02:06:14,673 [EndpointStateMachine task thread for /0.0.0.0:15108 - 0 ] INFO  ozoneimpl.OzoneContainer (OzoneContainer.java:start(429)) - Attempting to start container services.
2023-09-19 02:06:14,673 [EndpointStateMachine task thread for /0.0.0.0:15108 - 0 ] INFO  ozoneimpl.OzoneContainer (OzoneContainer.java:startContainerScrub(325)) - Scheduled background container scanners and the on-demand container scanner have been disabled.
2023-09-19 02:06:14,675 [EndpointStateMachine task thread for /0.0.0.0:15108 - 0 ] INFO  replication.ReplicationServer (ReplicationServer.java:start(134)) - ReplicationServer is started using port 15122
2023-09-19 02:06:14,675 [EndpointStateMachine task thread for /0.0.0.0:15108 - 0 ] INFO  ratis.XceiverServerRatis (XceiverServerRatis.java:start(517)) - Starting XceiverServerRatis 33cb0de0-5ab7-4f61-b692-731671fbecae
2023-09-19 02:06:14,675 [EndpointStateMachine task thread for /0.0.0.0:15108 - 0 ] INFO  server.RaftServer (RaftServerProxy.java:startImpl(400)) - 33cb0de0-5ab7-4f61-b692-731671fbecae: start RPC server
2023-09-19 02:06:14,676 [EndpointStateMachine task thread for /0.0.0.0:15108 - 0 ] INFO  server.GrpcService (GrpcService.java:startImpl(302)) - 33cb0de0-5ab7-4f61-b692-731671fbecae: GrpcService started, listening on 15118
2023-09-19 02:06:14,677 [EndpointStateMachine task thread for /0.0.0.0:15108 - 0 ] INFO  server.GrpcService (GrpcService.java:startImpl(302)) - 33cb0de0-5ab7-4f61-b692-731671fbecae: GrpcService started, listening on 15120
2023-09-19 02:06:14,677 [EndpointStateMachine task thread for /0.0.0.0:15108 - 0 ] INFO  server.GrpcService (GrpcService.java:startImpl(302)) - 33cb0de0-5ab7-4f61-b692-731671fbecae: GrpcService started, listening on 15119
2023-09-19 02:06:14,677 [EndpointStateMachine task thread for /0.0.0.0:15108 - 0 ] INFO  ratis.XceiverServerRatis (XceiverServerRatis.java:getRealPort(543)) - XceiverServerRatis 33cb0de0-5ab7-4f61-b692-731671fbecae is started using port 15118 for RATIS
2023-09-19 02:06:14,678 [EndpointStateMachine task thread for /0.0.0.0:15108 - 0 ] INFO  ratis.XceiverServerRatis (XceiverServerRatis.java:getRealPort(543)) - XceiverServerRatis 33cb0de0-5ab7-4f61-b692-731671fbecae is started using port 15119 for RATIS_ADMIN
2023-09-19 02:06:14,678 [EndpointStateMachine task thread for /0.0.0.0:15108 - 0 ] INFO  ratis.XceiverServerRatis (XceiverServerRatis.java:getRealPort(543)) - XceiverServerRatis 33cb0de0-5ab7-4f61-b692-731671fbecae is started using port 15120 for RATIS_SERVER
2023-09-19 02:06:14,678 [EndpointStateMachine task thread for /0.0.0.0:15108 - 0 ] INFO  ratis.XceiverServerRatis (XceiverServerRatis.java:getRealPort(543)) - XceiverServerRatis 33cb0de0-5ab7-4f61-b692-731671fbecae is started using port 15121 for RATIS_DATASTREAM
2023-09-19 02:06:14,678 [JvmPauseMonitor16] INFO  util.JvmPauseMonitor (JvmPauseMonitor.java:run(103)) - JvmPauseMonitor-33cb0de0-5ab7-4f61-b692-731671fbecae: Started
2023-09-19 02:06:14,683 [BlockDeletingService#0] INFO  interfaces.ContainerDeletionChoosingPolicyTemplate (ContainerDeletionChoosingPolicyTemplate.java:chooseContainerForBlockDeletion(85)) - Chosen 0/5000 blocks from 0 candidate containers.
2023-09-19 02:06:14,749 [main] INFO  ozone.MiniOzoneClusterImpl (MiniOzoneClusterImpl.java:lambda$waitForClusterToBeReady$0(224)) - Waiting for nodes to be ready. Got 0 of 5 DN Heartbeats.
2023-09-19 02:06:14,749 [main] INFO  ozone.MiniOzoneClusterImpl (MiniOzoneClusterImpl.java:lambda$waitForClusterToBeReady$0(227)) - Waiting for cluster to exit safe mode
2023-09-19 02:06:14,750 [main] INFO  ozone.MiniOzoneClusterImpl (MiniOzoneClusterImpl.java:lambda$waitForClusterToBeReady$0(229)) - SCM became leader
2023-09-19 02:06:14,949 [EndpointStateMachine task thread for /0.0.0.0:15108 - 0 ] INFO  utils.DatanodeStoreCache (DatanodeStoreCache.java:addDB(66)) - Added db /home/runner/work/ozone/ozone/hadoop-ozone/integration-test/target/test-dir/MiniOzoneClusterImpl-580a45e0-de24-452d-9431-a8422bda96cb/datanode-1/data-0/containers/hdds/580a45e0-de24-452d-9431-a8422bda96cb/DS-912e8264-8810-4213-8842-e68ea4ca1201/container.db to cache
2023-09-19 02:06:14,949 [EndpointStateMachine task thread for /0.0.0.0:15108 - 0 ] INFO  volume.HddsVolume (HddsVolume.java:createDbStore(422)) - SchemaV3 db is created and loaded at /home/runner/work/ozone/ozone/hadoop-ozone/integration-test/target/test-dir/MiniOzoneClusterImpl-580a45e0-de24-452d-9431-a8422bda96cb/datanode-1/data-0/containers/hdds/580a45e0-de24-452d-9431-a8422bda96cb/DS-912e8264-8810-4213-8842-e68ea4ca1201/container.db for volume DS-912e8264-8810-4213-8842-e68ea4ca1201
2023-09-19 02:06:14,951 [EndpointStateMachine task thread for /0.0.0.0:15108 - 0 ] INFO  volume.ThrottledAsyncChecker (ThrottledAsyncChecker.java:schedule(141)) - Scheduling a check for /home/runner/work/ozone/ozone/hadoop-ozone/integration-test/target/test-dir/MiniOzoneClusterImpl-580a45e0-de24-452d-9431-a8422bda96cb/datanode-1/data-0/containers/hdds
2023-09-19 02:06:14,951 [EndpointStateMachine task thread for /0.0.0.0:15108 - 0 ] INFO  volume.StorageVolumeChecker (StorageVolumeChecker.java:checkAllVolumes(213)) - Scheduled health check for volume /home/runner/work/ozone/ozone/hadoop-ozone/integration-test/target/test-dir/MiniOzoneClusterImpl-580a45e0-de24-452d-9431-a8422bda96cb/datanode-1/data-0/containers/hdds
2023-09-19 02:06:14,953 [EndpointStateMachine task thread for /0.0.0.0:15108 - 0 ] INFO  volume.ThrottledAsyncChecker (ThrottledAsyncChecker.java:schedule(141)) - Scheduling a check for /home/runner/work/ozone/ozone/hadoop-ozone/integration-test/target/test-dir/MiniOzoneClusterImpl-580a45e0-de24-452d-9431-a8422bda96cb/datanode-1/data/ratis
2023-09-19 02:06:14,953 [EndpointStateMachine task thread for /0.0.0.0:15108 - 0 ] INFO  volume.StorageVolumeChecker (StorageVolumeChecker.java:checkAllVolumes(213)) - Scheduled health check for volume /home/runner/work/ozone/ozone/hadoop-ozone/integration-test/target/test-dir/MiniOzoneClusterImpl-580a45e0-de24-452d-9431-a8422bda96cb/datanode-1/data/ratis
2023-09-19 02:06:14,954 [EndpointStateMachine task thread for /0.0.0.0:15108 - 0 ] INFO  ozoneimpl.OzoneContainer (OzoneContainer.java:start(429)) - Attempting to start container services.
2023-09-19 02:06:14,954 [EndpointStateMachine task thread for /0.0.0.0:15108 - 0 ] INFO  ozoneimpl.OzoneContainer (OzoneContainer.java:startContainerScrub(325)) - Scheduled background container scanners and the on-demand container scanner have been disabled.
2023-09-19 02:06:14,957 [EndpointStateMachine task thread for /0.0.0.0:15108 - 0 ] INFO  replication.ReplicationServer (ReplicationServer.java:start(134)) - ReplicationServer is started using port 15131
2023-09-19 02:06:14,957 [EndpointStateMachine task thread for /0.0.0.0:15108 - 0 ] INFO  ratis.XceiverServerRatis (XceiverServerRatis.java:start(517)) - Starting XceiverServerRatis 1fe901b2-7321-49f3-ab84-42b9a15df08a
2023-09-19 02:06:14,958 [EndpointStateMachine task thread for /0.0.0.0:15108 - 0 ] INFO  server.RaftServer (RaftServerProxy.java:startImpl(400)) - 1fe901b2-7321-49f3-ab84-42b9a15df08a: start RPC server
2023-09-19 02:06:14,959 [EndpointStateMachine task thread for /0.0.0.0:15108 - 0 ] INFO  server.GrpcService (GrpcService.java:startImpl(302)) - 1fe901b2-7321-49f3-ab84-42b9a15df08a: GrpcService started, listening on 15127
2023-09-19 02:06:14,959 [EndpointStateMachine task thread for /0.0.0.0:15108 - 0 ] INFO  server.GrpcService (GrpcService.java:startImpl(302)) - 1fe901b2-7321-49f3-ab84-42b9a15df08a: GrpcService started, listening on 15129
2023-09-19 02:06:14,960 [EndpointStateMachine task thread for /0.0.0.0:15108 - 0 ] INFO  server.GrpcService (GrpcService.java:startImpl(302)) - 1fe901b2-7321-49f3-ab84-42b9a15df08a: GrpcService started, listening on 15128
2023-09-19 02:06:14,960 [EndpointStateMachine task thread for /0.0.0.0:15108 - 0 ] INFO  ratis.XceiverServerRatis (XceiverServerRatis.java:getRealPort(543)) - XceiverServerRatis 1fe901b2-7321-49f3-ab84-42b9a15df08a is started using port 15127 for RATIS
2023-09-19 02:06:14,961 [EndpointStateMachine task thread for /0.0.0.0:15108 - 0 ] INFO  ratis.XceiverServerRatis (XceiverServerRatis.java:getRealPort(543)) - XceiverServerRatis 1fe901b2-7321-49f3-ab84-42b9a15df08a is started using port 15128 for RATIS_ADMIN
2023-09-19 02:06:14,961 [JvmPauseMonitor17] INFO  util.JvmPauseMonitor (JvmPauseMonitor.java:run(103)) - JvmPauseMonitor-1fe901b2-7321-49f3-ab84-42b9a15df08a: Started
2023-09-19 02:06:14,961 [EndpointStateMachine task thread for /0.0.0.0:15108 - 0 ] INFO  ratis.XceiverServerRatis (XceiverServerRatis.java:getRealPort(543)) - XceiverServerRatis 1fe901b2-7321-49f3-ab84-42b9a15df08a is started using port 15129 for RATIS_SERVER
2023-09-19 02:06:14,962 [EndpointStateMachine task thread for /0.0.0.0:15108 - 0 ] INFO  ratis.XceiverServerRatis (XceiverServerRatis.java:getRealPort(543)) - XceiverServerRatis 1fe901b2-7321-49f3-ab84-42b9a15df08a is started using port 15130 for RATIS_DATASTREAM
2023-09-19 02:06:14,963 [BlockDeletingService#0] INFO  interfaces.ContainerDeletionChoosingPolicyTemplate (ContainerDeletionChoosingPolicyTemplate.java:chooseContainerForBlockDeletion(85)) - Chosen 0/5000 blocks from 0 candidate containers.
2023-09-19 02:06:15,231 [EndpointStateMachine task thread for /0.0.0.0:15108 - 0 ] INFO  utils.DatanodeStoreCache (DatanodeStoreCache.java:addDB(66)) - Added db /home/runner/work/ozone/ozone/hadoop-ozone/integration-test/target/test-dir/MiniOzoneClusterImpl-580a45e0-de24-452d-9431-a8422bda96cb/datanode-2/data-0/containers/hdds/580a45e0-de24-452d-9431-a8422bda96cb/DS-ff0d3c9c-a8e2-4060-840d-55683e90d266/container.db to cache
2023-09-19 02:06:15,231 [EndpointStateMachine task thread for /0.0.0.0:15108 - 0 ] INFO  volume.HddsVolume (HddsVolume.java:createDbStore(422)) - SchemaV3 db is created and loaded at /home/runner/work/ozone/ozone/hadoop-ozone/integration-test/target/test-dir/MiniOzoneClusterImpl-580a45e0-de24-452d-9431-a8422bda96cb/datanode-2/data-0/containers/hdds/580a45e0-de24-452d-9431-a8422bda96cb/DS-ff0d3c9c-a8e2-4060-840d-55683e90d266/container.db for volume DS-ff0d3c9c-a8e2-4060-840d-55683e90d266
2023-09-19 02:06:15,232 [EndpointStateMachine task thread for /0.0.0.0:15108 - 0 ] INFO  volume.ThrottledAsyncChecker (ThrottledAsyncChecker.java:schedule(141)) - Scheduling a check for /home/runner/work/ozone/ozone/hadoop-ozone/integration-test/target/test-dir/MiniOzoneClusterImpl-580a45e0-de24-452d-9431-a8422bda96cb/datanode-2/data-0/containers/hdds
2023-09-19 02:06:15,232 [EndpointStateMachine task thread for /0.0.0.0:15108 - 0 ] INFO  volume.StorageVolumeChecker (StorageVolumeChecker.java:checkAllVolumes(213)) - Scheduled health check for volume /home/runner/work/ozone/ozone/hadoop-ozone/integration-test/target/test-dir/MiniOzoneClusterImpl-580a45e0-de24-452d-9431-a8422bda96cb/datanode-2/data-0/containers/hdds
2023-09-19 02:06:15,234 [EndpointStateMachine task thread for /0.0.0.0:15108 - 0 ] INFO  volume.ThrottledAsyncChecker (ThrottledAsyncChecker.java:schedule(141)) - Scheduling a check for /home/runner/work/ozone/ozone/hadoop-ozone/integration-test/target/test-dir/MiniOzoneClusterImpl-580a45e0-de24-452d-9431-a8422bda96cb/datanode-2/data/ratis
2023-09-19 02:06:15,234 [EndpointStateMachine task thread for /0.0.0.0:15108 - 0 ] INFO  volume.StorageVolumeChecker (StorageVolumeChecker.java:checkAllVolumes(213)) - Scheduled health check for volume /home/runner/work/ozone/ozone/hadoop-ozone/integration-test/target/test-dir/MiniOzoneClusterImpl-580a45e0-de24-452d-9431-a8422bda96cb/datanode-2/data/ratis
2023-09-19 02:06:15,235 [EndpointStateMachine task thread for /0.0.0.0:15108 - 0 ] INFO  ozoneimpl.OzoneContainer (OzoneContainer.java:start(429)) - Attempting to start container services.
2023-09-19 02:06:15,235 [EndpointStateMachine task thread for /0.0.0.0:15108 - 0 ] INFO  ozoneimpl.OzoneContainer (OzoneContainer.java:startContainerScrub(325)) - Scheduled background container scanners and the on-demand container scanner have been disabled.
2023-09-19 02:06:15,236 [EndpointStateMachine task thread for /0.0.0.0:15108 - 0 ] INFO  replication.ReplicationServer (ReplicationServer.java:start(134)) - ReplicationServer is started using port 15140
2023-09-19 02:06:15,236 [EndpointStateMachine task thread for /0.0.0.0:15108 - 0 ] INFO  ratis.XceiverServerRatis (XceiverServerRatis.java:start(517)) - Starting XceiverServerRatis c519ac42-8cdc-4319-9f51-a3f7e63d0809
2023-09-19 02:06:15,237 [EndpointStateMachine task thread for /0.0.0.0:15108 - 0 ] INFO  server.RaftServer (RaftServerProxy.java:startImpl(400)) - c519ac42-8cdc-4319-9f51-a3f7e63d0809: start RPC server
2023-09-19 02:06:15,239 [EndpointStateMachine task thread for /0.0.0.0:15108 - 0 ] INFO  server.GrpcService (GrpcService.java:startImpl(302)) - c519ac42-8cdc-4319-9f51-a3f7e63d0809: GrpcService started, listening on 15136
2023-09-19 02:06:15,241 [EndpointStateMachine task thread for /0.0.0.0:15108 - 0 ] INFO  server.GrpcService (GrpcService.java:startImpl(302)) - c519ac42-8cdc-4319-9f51-a3f7e63d0809: GrpcService started, listening on 15138
2023-09-19 02:06:15,244 [EndpointStateMachine task thread for /0.0.0.0:15108 - 0 ] INFO  server.GrpcService (GrpcService.java:startImpl(302)) - c519ac42-8cdc-4319-9f51-a3f7e63d0809: GrpcService started, listening on 15137
2023-09-19 02:06:15,245 [EndpointStateMachine task thread for /0.0.0.0:15108 - 0 ] INFO  ratis.XceiverServerRatis (XceiverServerRatis.java:getRealPort(543)) - XceiverServerRatis c519ac42-8cdc-4319-9f51-a3f7e63d0809 is started using port 15136 for RATIS
2023-09-19 02:06:15,245 [EndpointStateMachine task thread for /0.0.0.0:15108 - 0 ] INFO  ratis.XceiverServerRatis (XceiverServerRatis.java:getRealPort(543)) - XceiverServerRatis c519ac42-8cdc-4319-9f51-a3f7e63d0809 is started using port 15137 for RATIS_ADMIN
2023-09-19 02:06:15,245 [JvmPauseMonitor18] INFO  util.JvmPauseMonitor (JvmPauseMonitor.java:run(103)) - JvmPauseMonitor-c519ac42-8cdc-4319-9f51-a3f7e63d0809: Started
2023-09-19 02:06:15,245 [EndpointStateMachine task thread for /0.0.0.0:15108 - 0 ] INFO  ratis.XceiverServerRatis (XceiverServerRatis.java:getRealPort(543)) - XceiverServerRatis c519ac42-8cdc-4319-9f51-a3f7e63d0809 is started using port 15138 for RATIS_SERVER
2023-09-19 02:06:15,246 [EndpointStateMachine task thread for /0.0.0.0:15108 - 0 ] INFO  ratis.XceiverServerRatis (XceiverServerRatis.java:getRealPort(543)) - XceiverServerRatis c519ac42-8cdc-4319-9f51-a3f7e63d0809 is started using port 15139 for RATIS_DATASTREAM
2023-09-19 02:06:15,251 [BlockDeletingService#0] INFO  interfaces.ContainerDeletionChoosingPolicyTemplate (ContainerDeletionChoosingPolicyTemplate.java:chooseContainerForBlockDeletion(85)) - Chosen 0/5000 blocks from 0 candidate containers.
2023-09-19 02:06:15,522 [EndpointStateMachine task thread for /0.0.0.0:15108 - 0 ] INFO  utils.DatanodeStoreCache (DatanodeStoreCache.java:addDB(66)) - Added db /home/runner/work/ozone/ozone/hadoop-ozone/integration-test/target/test-dir/MiniOzoneClusterImpl-580a45e0-de24-452d-9431-a8422bda96cb/datanode-3/data-0/containers/hdds/580a45e0-de24-452d-9431-a8422bda96cb/DS-e1591666-c6ec-4c2c-9415-4a29b8c9b9a0/container.db to cache
2023-09-19 02:06:15,522 [EndpointStateMachine task thread for /0.0.0.0:15108 - 0 ] INFO  volume.HddsVolume (HddsVolume.java:createDbStore(422)) - SchemaV3 db is created and loaded at /home/runner/work/ozone/ozone/hadoop-ozone/integration-test/target/test-dir/MiniOzoneClusterImpl-580a45e0-de24-452d-9431-a8422bda96cb/datanode-3/data-0/containers/hdds/580a45e0-de24-452d-9431-a8422bda96cb/DS-e1591666-c6ec-4c2c-9415-4a29b8c9b9a0/container.db for volume DS-e1591666-c6ec-4c2c-9415-4a29b8c9b9a0
2023-09-19 02:06:15,523 [EndpointStateMachine task thread for /0.0.0.0:15108 - 0 ] INFO  volume.ThrottledAsyncChecker (ThrottledAsyncChecker.java:schedule(141)) - Scheduling a check for /home/runner/work/ozone/ozone/hadoop-ozone/integration-test/target/test-dir/MiniOzoneClusterImpl-580a45e0-de24-452d-9431-a8422bda96cb/datanode-3/data-0/containers/hdds
2023-09-19 02:06:15,523 [EndpointStateMachine task thread for /0.0.0.0:15108 - 0 ] INFO  volume.StorageVolumeChecker (StorageVolumeChecker.java:checkAllVolumes(213)) - Scheduled health check for volume /home/runner/work/ozone/ozone/hadoop-ozone/integration-test/target/test-dir/MiniOzoneClusterImpl-580a45e0-de24-452d-9431-a8422bda96cb/datanode-3/data-0/containers/hdds
2023-09-19 02:06:15,526 [EndpointStateMachine task thread for /0.0.0.0:15108 - 0 ] INFO  volume.ThrottledAsyncChecker (ThrottledAsyncChecker.java:schedule(141)) - Scheduling a check for /home/runner/work/ozone/ozone/hadoop-ozone/integration-test/target/test-dir/MiniOzoneClusterImpl-580a45e0-de24-452d-9431-a8422bda96cb/datanode-3/data/ratis
2023-09-19 02:06:15,526 [EndpointStateMachine task thread for /0.0.0.0:15108 - 0 ] INFO  volume.StorageVolumeChecker (StorageVolumeChecker.java:checkAllVolumes(213)) - Scheduled health check for volume /home/runner/work/ozone/ozone/hadoop-ozone/integration-test/target/test-dir/MiniOzoneClusterImpl-580a45e0-de24-452d-9431-a8422bda96cb/datanode-3/data/ratis
2023-09-19 02:06:15,527 [EndpointStateMachine task thread for /0.0.0.0:15108 - 0 ] INFO  ozoneimpl.OzoneContainer (OzoneContainer.java:start(429)) - Attempting to start container services.
2023-09-19 02:06:15,527 [EndpointStateMachine task thread for /0.0.0.0:15108 - 0 ] INFO  ozoneimpl.OzoneContainer (OzoneContainer.java:startContainerScrub(325)) - Scheduled background container scanners and the on-demand container scanner have been disabled.
2023-09-19 02:06:15,528 [EndpointStateMachine task thread for /0.0.0.0:15108 - 0 ] INFO  replication.ReplicationServer (ReplicationServer.java:start(134)) - ReplicationServer is started using port 15149
2023-09-19 02:06:15,528 [EndpointStateMachine task thread for /0.0.0.0:15108 - 0 ] INFO  ratis.XceiverServerRatis (XceiverServerRatis.java:start(517)) - Starting XceiverServerRatis 64a2289b-3939-49a4-b25c-4bba4de7a3bf
2023-09-19 02:06:15,529 [EndpointStateMachine task thread for /0.0.0.0:15108 - 0 ] INFO  server.RaftServer (RaftServerProxy.java:startImpl(400)) - 64a2289b-3939-49a4-b25c-4bba4de7a3bf: start RPC server
2023-09-19 02:06:15,531 [EndpointStateMachine task thread for /0.0.0.0:15108 - 0 ] INFO  server.GrpcService (GrpcService.java:startImpl(302)) - 64a2289b-3939-49a4-b25c-4bba4de7a3bf: GrpcService started, listening on 15145
2023-09-19 02:06:15,533 [EndpointStateMachine task thread for /0.0.0.0:15108 - 0 ] INFO  server.GrpcService (GrpcService.java:startImpl(302)) - 64a2289b-3939-49a4-b25c-4bba4de7a3bf: GrpcService started, listening on 15147
2023-09-19 02:06:15,534 [EndpointStateMachine task thread for /0.0.0.0:15108 - 0 ] INFO  server.GrpcService (GrpcService.java:startImpl(302)) - 64a2289b-3939-49a4-b25c-4bba4de7a3bf: GrpcService started, listening on 15146
2023-09-19 02:06:15,534 [EndpointStateMachine task thread for /0.0.0.0:15108 - 0 ] INFO  ratis.XceiverServerRatis (XceiverServerRatis.java:getRealPort(543)) - XceiverServerRatis 64a2289b-3939-49a4-b25c-4bba4de7a3bf is started using port 15145 for RATIS
2023-09-19 02:06:15,534 [EndpointStateMachine task thread for /0.0.0.0:15108 - 0 ] INFO  ratis.XceiverServerRatis (XceiverServerRatis.java:getRealPort(543)) - XceiverServerRatis 64a2289b-3939-49a4-b25c-4bba4de7a3bf is started using port 15146 for RATIS_ADMIN
2023-09-19 02:06:15,534 [JvmPauseMonitor19] INFO  util.JvmPauseMonitor (JvmPauseMonitor.java:run(103)) - JvmPauseMonitor-64a2289b-3939-49a4-b25c-4bba4de7a3bf: Started
2023-09-19 02:06:15,535 [EndpointStateMachine task thread for /0.0.0.0:15108 - 0 ] INFO  ratis.XceiverServerRatis (XceiverServerRatis.java:getRealPort(543)) - XceiverServerRatis 64a2289b-3939-49a4-b25c-4bba4de7a3bf is started using port 15147 for RATIS_SERVER
2023-09-19 02:06:15,535 [EndpointStateMachine task thread for /0.0.0.0:15108 - 0 ] INFO  ratis.XceiverServerRatis (XceiverServerRatis.java:getRealPort(543)) - XceiverServerRatis 64a2289b-3939-49a4-b25c-4bba4de7a3bf is started using port 15148 for RATIS_DATASTREAM
2023-09-19 02:06:15,536 [BlockDeletingService#0] INFO  interfaces.ContainerDeletionChoosingPolicyTemplate (ContainerDeletionChoosingPolicyTemplate.java:chooseContainerForBlockDeletion(85)) - Chosen 0/5000 blocks from 0 candidate containers.
2023-09-19 02:06:15,750 [main] INFO  ozone.MiniOzoneClusterImpl (MiniOzoneClusterImpl.java:lambda$waitForClusterToBeReady$0(224)) - Waiting for nodes to be ready. Got 0 of 5 DN Heartbeats.
2023-09-19 02:06:15,750 [main] INFO  ozone.MiniOzoneClusterImpl (MiniOzoneClusterImpl.java:lambda$waitForClusterToBeReady$0(227)) - Waiting for cluster to exit safe mode
2023-09-19 02:06:15,750 [main] INFO  ozone.MiniOzoneClusterImpl (MiniOzoneClusterImpl.java:lambda$waitForClusterToBeReady$0(229)) - SCM became leader
2023-09-19 02:06:15,801 [EndpointStateMachine task thread for /0.0.0.0:15108 - 0 ] INFO  utils.DatanodeStoreCache (DatanodeStoreCache.java:addDB(66)) - Added db /home/runner/work/ozone/ozone/hadoop-ozone/integration-test/target/test-dir/MiniOzoneClusterImpl-580a45e0-de24-452d-9431-a8422bda96cb/datanode-4/data-0/containers/hdds/580a45e0-de24-452d-9431-a8422bda96cb/DS-be095925-fcf7-471e-8e59-87fc02594a25/container.db to cache
2023-09-19 02:06:15,801 [EndpointStateMachine task thread for /0.0.0.0:15108 - 0 ] INFO  volume.HddsVolume (HddsVolume.java:createDbStore(422)) - SchemaV3 db is created and loaded at /home/runner/work/ozone/ozone/hadoop-ozone/integration-test/target/test-dir/MiniOzoneClusterImpl-580a45e0-de24-452d-9431-a8422bda96cb/datanode-4/data-0/containers/hdds/580a45e0-de24-452d-9431-a8422bda96cb/DS-be095925-fcf7-471e-8e59-87fc02594a25/container.db for volume DS-be095925-fcf7-471e-8e59-87fc02594a25
2023-09-19 02:06:15,802 [EndpointStateMachine task thread for /0.0.0.0:15108 - 0 ] INFO  volume.ThrottledAsyncChecker (ThrottledAsyncChecker.java:schedule(141)) - Scheduling a check for /home/runner/work/ozone/ozone/hadoop-ozone/integration-test/target/test-dir/MiniOzoneClusterImpl-580a45e0-de24-452d-9431-a8422bda96cb/datanode-4/data-0/containers/hdds
2023-09-19 02:06:15,802 [EndpointStateMachine task thread for /0.0.0.0:15108 - 0 ] INFO  volume.StorageVolumeChecker (StorageVolumeChecker.java:checkAllVolumes(213)) - Scheduled health check for volume /home/runner/work/ozone/ozone/hadoop-ozone/integration-test/target/test-dir/MiniOzoneClusterImpl-580a45e0-de24-452d-9431-a8422bda96cb/datanode-4/data-0/containers/hdds
2023-09-19 02:06:15,805 [EndpointStateMachine task thread for /0.0.0.0:15108 - 0 ] INFO  volume.ThrottledAsyncChecker (ThrottledAsyncChecker.java:schedule(141)) - Scheduling a check for /home/runner/work/ozone/ozone/hadoop-ozone/integration-test/target/test-dir/MiniOzoneClusterImpl-580a45e0-de24-452d-9431-a8422bda96cb/datanode-4/data/ratis
2023-09-19 02:06:15,805 [EndpointStateMachine task thread for /0.0.0.0:15108 - 0 ] INFO  volume.StorageVolumeChecker (StorageVolumeChecker.java:checkAllVolumes(213)) - Scheduled health check for volume /home/runner/work/ozone/ozone/hadoop-ozone/integration-test/target/test-dir/MiniOzoneClusterImpl-580a45e0-de24-452d-9431-a8422bda96cb/datanode-4/data/ratis
2023-09-19 02:06:15,806 [EndpointStateMachine task thread for /0.0.0.0:15108 - 0 ] INFO  ozoneimpl.OzoneContainer (OzoneContainer.java:start(429)) - Attempting to start container services.
2023-09-19 02:06:15,806 [EndpointStateMachine task thread for /0.0.0.0:15108 - 0 ] INFO  ozoneimpl.OzoneContainer (OzoneContainer.java:startContainerScrub(325)) - Scheduled background container scanners and the on-demand container scanner have been disabled.
2023-09-19 02:06:15,807 [EndpointStateMachine task thread for /0.0.0.0:15108 - 0 ] INFO  replication.ReplicationServer (ReplicationServer.java:start(134)) - ReplicationServer is started using port 15158
2023-09-19 02:06:15,807 [EndpointStateMachine task thread for /0.0.0.0:15108 - 0 ] INFO  ratis.XceiverServerRatis (XceiverServerRatis.java:start(517)) - Starting XceiverServerRatis b4ea5f9d-de80-46c5-a4c7-ec8a93521806
2023-09-19 02:06:15,808 [EndpointStateMachine task thread for /0.0.0.0:15108 - 0 ] INFO  server.RaftServer (RaftServerProxy.java:startImpl(400)) - b4ea5f9d-de80-46c5-a4c7-ec8a93521806: start RPC server
2023-09-19 02:06:15,809 [EndpointStateMachine task thread for /0.0.0.0:15108 - 0 ] INFO  server.GrpcService (GrpcService.java:startImpl(302)) - b4ea5f9d-de80-46c5-a4c7-ec8a93521806: GrpcService started, listening on 15154
2023-09-19 02:06:15,811 [EndpointStateMachine task thread for /0.0.0.0:15108 - 0 ] INFO  server.GrpcService (GrpcService.java:startImpl(302)) - b4ea5f9d-de80-46c5-a4c7-ec8a93521806: GrpcService started, listening on 15156
2023-09-19 02:06:15,812 [EndpointStateMachine task thread for /0.0.0.0:15108 - 0 ] INFO  server.GrpcService (GrpcService.java:startImpl(302)) - b4ea5f9d-de80-46c5-a4c7-ec8a93521806: GrpcService started, listening on 15155
2023-09-19 02:06:15,812 [EndpointStateMachine task thread for /0.0.0.0:15108 - 0 ] INFO  ratis.XceiverServerRatis (XceiverServerRatis.java:getRealPort(543)) - XceiverServerRatis b4ea5f9d-de80-46c5-a4c7-ec8a93521806 is started using port 15154 for RATIS
2023-09-19 02:06:15,812 [EndpointStateMachine task thread for /0.0.0.0:15108 - 0 ] INFO  ratis.XceiverServerRatis (XceiverServerRatis.java:getRealPort(543)) - XceiverServerRatis b4ea5f9d-de80-46c5-a4c7-ec8a93521806 is started using port 15155 for RATIS_ADMIN
2023-09-19 02:06:15,812 [JvmPauseMonitor20] INFO  util.JvmPauseMonitor (JvmPauseMonitor.java:run(103)) - JvmPauseMonitor-b4ea5f9d-de80-46c5-a4c7-ec8a93521806: Started
2023-09-19 02:06:15,812 [EndpointStateMachine task thread for /0.0.0.0:15108 - 0 ] INFO  ratis.XceiverServerRatis (XceiverServerRatis.java:getRealPort(543)) - XceiverServerRatis b4ea5f9d-de80-46c5-a4c7-ec8a93521806 is started using port 15156 for RATIS_SERVER
2023-09-19 02:06:15,812 [EndpointStateMachine task thread for /0.0.0.0:15108 - 0 ] INFO  ratis.XceiverServerRatis (XceiverServerRatis.java:getRealPort(543)) - XceiverServerRatis b4ea5f9d-de80-46c5-a4c7-ec8a93521806 is started using port 15157 for RATIS_DATASTREAM
2023-09-19 02:06:15,814 [BlockDeletingService#0] INFO  interfaces.ContainerDeletionChoosingPolicyTemplate (ContainerDeletionChoosingPolicyTemplate.java:chooseContainerForBlockDeletion(85)) - Chosen 0/5000 blocks from 0 candidate containers.
2023-09-19 02:06:16,637 [IPC Server handler 1 on default port 15108] INFO  net.NetworkTopologyImpl (NetworkTopologyImpl.java:add(112)) - Added a new node: /default-rack/33cb0de0-5ab7-4f61-b692-731671fbecae
2023-09-19 02:06:16,638 [IPC Server handler 1 on default port 15108] INFO  node.SCMNodeManager (SCMNodeManager.java:register(405)) - Registered Data node : 33cb0de0-5ab7-4f61-b692-731671fbecae{ip: 10.1.0.29, host: fv-az1031-92, ports: [HTTP=15115, CLIENT_RPC=15116, REPLICATION=15122, RATIS=15118, RATIS_ADMIN=15119, RATIS_SERVER=15120, RATIS_DATASTREAM=15121, STANDALONE=15117], networkLocation: /default-rack, certSerialId: null, persistedOpState: null, persistedOpStateExpiryEpochSec: 0}
2023-09-19 02:06:16,640 [EventQueue-NodeRegistrationContainerReportForDataNodeSafeModeRule] INFO  safemode.SCMSafeModeManager (DataNodeSafeModeRule.java:process(71)) - SCM in safe mode. 1 DataNodes registered, 3 required.
2023-09-19 02:06:16,641 [EventQueue-NodeRegistrationContainerReportForContainerSafeModeRule] INFO  safemode.SCMSafeModeManager (SCMSafeModeManager.java:validateSafeModeExitRules(200)) - ContainerSafeModeRule rule is successfully validated
2023-09-19 02:06:16,642 [EventQueue-NewNodeForNewNodeHandler] INFO  pipeline.BackgroundPipelineCreator (BackgroundPipelineCreator.java:notifyEventTriggered(277)) - trigger a one-shot run on RatisPipelineUtilsThread.
2023-09-19 02:06:16,642 [RatisPipelineUtilsThread - 0] INFO  pipeline.RatisPipelineProvider (RatisPipelineProvider.java:lambda$create$0(206)) - Sending CreatePipelineCommand for pipeline:PipelineID=fbd54519-671e-49f7-9878-c8462e16a55a to datanode:33cb0de0-5ab7-4f61-b692-731671fbecae
2023-09-19 02:06:16,643 [RatisPipelineUtilsThread - 0] INFO  pipeline.BackgroundPipelineCreator (BackgroundPipelineCreator.java:createPipelines(233)) - Created new pipeline Pipeline[ Id: fbd54519-671e-49f7-9878-c8462e16a55a, Nodes: 33cb0de0-5ab7-4f61-b692-731671fbecae(fv-az1031-92/10.1.0.29), ReplicationConfig: RATIS/ONE, State:ALLOCATED, leaderId:, CreationTimestamp2023-09-19T02:06:16.642Z[Etc/UTC]]
2023-09-19 02:06:16,649 [EventQueue-PipelineReportForOneReplicaPipelineSafeModeRule] INFO  safemode.SCMSafeModeManager (SCMSafeModeManager.java:validateSafeModeExitRules(200)) - AtleastOneDatanodeReportedRule rule is successfully validated
2023-09-19 02:06:16,750 [main] INFO  ozone.MiniOzoneClusterImpl (MiniOzoneClusterImpl.java:lambda$waitForClusterToBeReady$0(224)) - Waiting for nodes to be ready. Got 1 of 5 DN Heartbeats.
2023-09-19 02:06:16,751 [main] INFO  ozone.MiniOzoneClusterImpl (MiniOzoneClusterImpl.java:lambda$waitForClusterToBeReady$0(227)) - Waiting for cluster to exit safe mode
2023-09-19 02:06:16,751 [main] INFO  ozone.MiniOzoneClusterImpl (MiniOzoneClusterImpl.java:lambda$waitForClusterToBeReady$0(229)) - SCM became leader
2023-09-19 02:06:16,920 [IPC Server handler 2 on default port 15108] INFO  net.NetworkTopologyImpl (NetworkTopologyImpl.java:add(112)) - Added a new node: /default-rack/1fe901b2-7321-49f3-ab84-42b9a15df08a
2023-09-19 02:06:16,920 [IPC Server handler 2 on default port 15108] INFO  node.SCMNodeManager (SCMNodeManager.java:register(405)) - Registered Data node : 1fe901b2-7321-49f3-ab84-42b9a15df08a{ip: 10.1.0.29, host: fv-az1031-92, ports: [HTTP=15124, CLIENT_RPC=15125, REPLICATION=15131, RATIS=15127, RATIS_ADMIN=15128, RATIS_SERVER=15129, RATIS_DATASTREAM=15130, STANDALONE=15126], networkLocation: /default-rack, certSerialId: null, persistedOpState: null, persistedOpStateExpiryEpochSec: 0}
2023-09-19 02:06:16,922 [EventQueue-NodeRegistrationContainerReportForDataNodeSafeModeRule] INFO  safemode.SCMSafeModeManager (DataNodeSafeModeRule.java:process(71)) - SCM in safe mode. 2 DataNodes registered, 3 required.
2023-09-19 02:06:16,922 [EventQueue-NewNodeForNewNodeHandler] INFO  pipeline.BackgroundPipelineCreator (BackgroundPipelineCreator.java:notifyEventTriggered(277)) - trigger a one-shot run on RatisPipelineUtilsThread.
2023-09-19 02:06:16,923 [RatisPipelineUtilsThread - 0] INFO  pipeline.RatisPipelineProvider (RatisPipelineProvider.java:lambda$create$0(206)) - Sending CreatePipelineCommand for pipeline:PipelineID=a4e37b81-ba59-4b88-9554-73c006f604a6 to datanode:1fe901b2-7321-49f3-ab84-42b9a15df08a
2023-09-19 02:06:16,923 [RatisPipelineUtilsThread - 0] INFO  pipeline.BackgroundPipelineCreator (BackgroundPipelineCreator.java:createPipelines(233)) - Created new pipeline Pipeline[ Id: a4e37b81-ba59-4b88-9554-73c006f604a6, Nodes: 1fe901b2-7321-49f3-ab84-42b9a15df08a(fv-az1031-92/10.1.0.29), ReplicationConfig: RATIS/ONE, State:ALLOCATED, leaderId:, CreationTimestamp2023-09-19T02:06:16.923Z[Etc/UTC]]
2023-09-19 02:06:17,189 [IPC Server handler 3 on default port 15108] INFO  net.NetworkTopologyImpl (NetworkTopologyImpl.java:add(112)) - Added a new node: /default-rack/c519ac42-8cdc-4319-9f51-a3f7e63d0809
2023-09-19 02:06:17,190 [IPC Server handler 3 on default port 15108] INFO  node.SCMNodeManager (SCMNodeManager.java:register(405)) - Registered Data node : c519ac42-8cdc-4319-9f51-a3f7e63d0809{ip: 10.1.0.29, host: fv-az1031-92, ports: [HTTP=15133, CLIENT_RPC=15134, REPLICATION=15140, RATIS=15136, RATIS_ADMIN=15137, RATIS_SERVER=15138, RATIS_DATASTREAM=15139, STANDALONE=15135], networkLocation: /default-rack, certSerialId: null, persistedOpState: null, persistedOpStateExpiryEpochSec: 0}
2023-09-19 02:06:17,191 [EventQueue-NodeRegistrationContainerReportForDataNodeSafeModeRule] INFO  safemode.SCMSafeModeManager (DataNodeSafeModeRule.java:process(71)) - SCM in safe mode. 3 DataNodes registered, 3 required.
2023-09-19 02:06:17,191 [EventQueue-NodeRegistrationContainerReportForDataNodeSafeModeRule] INFO  safemode.SCMSafeModeManager (SCMSafeModeManager.java:validateSafeModeExitRules(200)) - DataNodeSafeModeRule rule is successfully validated
2023-09-19 02:06:17,191 [EventQueue-NodeRegistrationContainerReportForDataNodeSafeModeRule] INFO  safemode.SCMSafeModeManager (SCMSafeModeManager.java:completePreCheck(229)) - All SCM safe mode pre check rules have passed
2023-09-19 02:06:17,191 [EventQueue-NodeRegistrationContainerReportForDataNodeSafeModeRule] INFO  ha.SCMContext (SCMContext.java:updateSafeModeStatus(228)) - Update SafeModeStatus from SafeModeStatus{safeModeStatus=true, preCheckPassed=false} to SafeModeStatus{safeModeStatus=true, preCheckPassed=true}.
2023-09-19 02:06:17,191 [EventQueue-NodeRegistrationContainerReportForDataNodeSafeModeRule] INFO  pipeline.BackgroundPipelineCreator (BackgroundPipelineCreator.java:notifyEventTriggered(277)) - trigger a one-shot run on RatisPipelineUtilsThread.
2023-09-19 02:06:17,192 [EventQueue-NewNodeForNewNodeHandler] INFO  pipeline.BackgroundPipelineCreator (BackgroundPipelineCreator.java:notifyEventTriggered(277)) - trigger a one-shot run on RatisPipelineUtilsThread.
2023-09-19 02:06:17,192 [RatisPipelineUtilsThread - 0] INFO  pipeline.RatisPipelineProvider (RatisPipelineProvider.java:lambda$create$0(206)) - Sending CreatePipelineCommand for pipeline:PipelineID=a848868e-104e-4061-a013-537a09f096b4 to datanode:c519ac42-8cdc-4319-9f51-a3f7e63d0809
2023-09-19 02:06:17,192 [RatisPipelineUtilsThread - 0] INFO  pipeline.BackgroundPipelineCreator (BackgroundPipelineCreator.java:createPipelines(233)) - Created new pipeline Pipeline[ Id: a848868e-104e-4061-a013-537a09f096b4, Nodes: c519ac42-8cdc-4319-9f51-a3f7e63d0809(fv-az1031-92/10.1.0.29), ReplicationConfig: RATIS/ONE, State:ALLOCATED, leaderId:, CreationTimestamp2023-09-19T02:06:17.192Z[Etc/UTC]]
2023-09-19 02:06:17,193 [RatisPipelineUtilsThread - 0] INFO  pipeline.RatisPipelineProvider (RatisPipelineProvider.java:lambda$create$0(206)) - Sending CreatePipelineCommand for pipeline:PipelineID=a1c1a8f2-c1e3-4da9-a6c3-561c02f2d6e3 to datanode:c519ac42-8cdc-4319-9f51-a3f7e63d0809
2023-09-19 02:06:17,193 [RatisPipelineUtilsThread - 0] INFO  pipeline.RatisPipelineProvider (RatisPipelineProvider.java:lambda$create$0(206)) - Sending CreatePipelineCommand for pipeline:PipelineID=a1c1a8f2-c1e3-4da9-a6c3-561c02f2d6e3 to datanode:1fe901b2-7321-49f3-ab84-42b9a15df08a
2023-09-19 02:06:17,193 [RatisPipelineUtilsThread - 0] INFO  pipeline.RatisPipelineProvider (RatisPipelineProvider.java:lambda$create$0(206)) - Sending CreatePipelineCommand for pipeline:PipelineID=a1c1a8f2-c1e3-4da9-a6c3-561c02f2d6e3 to datanode:33cb0de0-5ab7-4f61-b692-731671fbecae
2023-09-19 02:06:17,193 [RatisPipelineUtilsThread - 0] INFO  pipeline.BackgroundPipelineCreator (BackgroundPipelineCreator.java:createPipelines(233)) - Created new pipeline Pipeline[ Id: a1c1a8f2-c1e3-4da9-a6c3-561c02f2d6e3, Nodes: c519ac42-8cdc-4319-9f51-a3f7e63d0809(fv-az1031-92/10.1.0.29)1fe901b2-7321-49f3-ab84-42b9a15df08a(fv-az1031-92/10.1.0.29)33cb0de0-5ab7-4f61-b692-731671fbecae(fv-az1031-92/10.1.0.29), ReplicationConfig: RATIS/THREE, State:ALLOCATED, leaderId:, CreationTimestamp2023-09-19T02:06:17.193Z[Etc/UTC]]
2023-09-19 02:06:17,194 [RatisPipelineUtilsThread - 0] INFO  pipeline.RatisPipelineProvider (RatisPipelineProvider.java:lambda$create$0(206)) - Sending CreatePipelineCommand for pipeline:PipelineID=7d7ff0ba-2b2f-46dc-a98b-6dea495a8084 to datanode:33cb0de0-5ab7-4f61-b692-731671fbecae
2023-09-19 02:06:17,194 [RatisPipelineUtilsThread - 0] INFO  pipeline.RatisPipelineProvider (RatisPipelineProvider.java:lambda$create$0(206)) - Sending CreatePipelineCommand for pipeline:PipelineID=7d7ff0ba-2b2f-46dc-a98b-6dea495a8084 to datanode:1fe901b2-7321-49f3-ab84-42b9a15df08a
2023-09-19 02:06:17,194 [RatisPipelineUtilsThread - 0] INFO  pipeline.RatisPipelineProvider (RatisPipelineProvider.java:lambda$create$0(206)) - Sending CreatePipelineCommand for pipeline:PipelineID=7d7ff0ba-2b2f-46dc-a98b-6dea495a8084 to datanode:c519ac42-8cdc-4319-9f51-a3f7e63d0809
2023-09-19 02:06:17,194 [RatisPipelineUtilsThread - 0] INFO  pipeline.PipelineManagerImpl (PipelineManagerImpl.java:recordMetricsForPipeline(895)) - Pipeline: PipelineID=7d7ff0ba-2b2f-46dc-a98b-6dea495a8084 contains same datanodes as previous pipelines: PipelineID=a1c1a8f2-c1e3-4da9-a6c3-561c02f2d6e3 nodeIds: 33cb0de0-5ab7-4f61-b692-731671fbecae, 1fe901b2-7321-49f3-ab84-42b9a15df08a, c519ac42-8cdc-4319-9f51-a3f7e63d0809
2023-09-19 02:06:17,194 [RatisPipelineUtilsThread - 0] INFO  pipeline.BackgroundPipelineCreator (BackgroundPipelineCreator.java:createPipelines(233)) - Created new pipeline Pipeline[ Id: 7d7ff0ba-2b2f-46dc-a98b-6dea495a8084, Nodes: 33cb0de0-5ab7-4f61-b692-731671fbecae(fv-az1031-92/10.1.0.29)1fe901b2-7321-49f3-ab84-42b9a15df08a(fv-az1031-92/10.1.0.29)c519ac42-8cdc-4319-9f51-a3f7e63d0809(fv-az1031-92/10.1.0.29), ReplicationConfig: RATIS/THREE, State:ALLOCATED, leaderId:, CreationTimestamp2023-09-19T02:06:17.194Z[Etc/UTC]]
2023-09-19 02:06:17,491 [IPC Server handler 0 on default port 15108] INFO  net.NetworkTopologyImpl (NetworkTopologyImpl.java:add(112)) - Added a new node: /default-rack/64a2289b-3939-49a4-b25c-4bba4de7a3bf
2023-09-19 02:06:17,491 [IPC Server handler 0 on default port 15108] INFO  node.SCMNodeManager (SCMNodeManager.java:register(405)) - Registered Data node : 64a2289b-3939-49a4-b25c-4bba4de7a3bf{ip: 10.1.0.29, host: fv-az1031-92, ports: [HTTP=15142, CLIENT_RPC=15143, REPLICATION=15149, RATIS=15145, RATIS_ADMIN=15146, RATIS_SERVER=15147, RATIS_DATASTREAM=15148, STANDALONE=15144], networkLocation: /default-rack, certSerialId: null, persistedOpState: null, persistedOpStateExpiryEpochSec: 0}
2023-09-19 02:06:17,493 [EventQueue-NewNodeForNewNodeHandler] INFO  pipeline.BackgroundPipelineCreator (BackgroundPipelineCreator.java:notifyEventTriggered(277)) - trigger a one-shot run on RatisPipelineUtilsThread.
2023-09-19 02:06:17,494 [RatisPipelineUtilsThread - 0] INFO  pipeline.RatisPipelineProvider (RatisPipelineProvider.java:lambda$create$0(206)) - Sending CreatePipelineCommand for pipeline:PipelineID=26406f93-4799-4fc8-baed-2499b338f866 to datanode:64a2289b-3939-49a4-b25c-4bba4de7a3bf
2023-09-19 02:06:17,494 [RatisPipelineUtilsThread - 0] INFO  pipeline.BackgroundPipelineCreator (BackgroundPipelineCreator.java:createPipelines(233)) - Created new pipeline Pipeline[ Id: 26406f93-4799-4fc8-baed-2499b338f866, Nodes: 64a2289b-3939-49a4-b25c-4bba4de7a3bf(fv-az1031-92/10.1.0.29), ReplicationConfig: RATIS/ONE, State:ALLOCATED, leaderId:, CreationTimestamp2023-09-19T02:06:17.494Z[Etc/UTC]]
2023-09-19 02:06:17,751 [main] INFO  ozone.MiniOzoneClusterImpl (MiniOzoneClusterImpl.java:lambda$waitForClusterToBeReady$0(224)) - Waiting for nodes to be ready. Got 4 of 5 DN Heartbeats.
2023-09-19 02:06:17,751 [main] INFO  ozone.MiniOzoneClusterImpl (MiniOzoneClusterImpl.java:lambda$waitForClusterToBeReady$0(227)) - Waiting for cluster to exit safe mode
2023-09-19 02:06:17,751 [main] INFO  ozone.MiniOzoneClusterImpl (MiniOzoneClusterImpl.java:lambda$waitForClusterToBeReady$0(229)) - SCM became leader
2023-09-19 02:06:17,758 [IPC Server handler 2 on default port 15108] INFO  net.NetworkTopologyImpl (NetworkTopologyImpl.java:add(112)) - Added a new node: /default-rack/b4ea5f9d-de80-46c5-a4c7-ec8a93521806
2023-09-19 02:06:17,758 [IPC Server handler 2 on default port 15108] INFO  node.SCMNodeManager (SCMNodeManager.java:register(405)) - Registered Data node : b4ea5f9d-de80-46c5-a4c7-ec8a93521806{ip: 10.1.0.29, host: fv-az1031-92, ports: [HTTP=15151, CLIENT_RPC=15152, REPLICATION=15158, RATIS=15154, RATIS_ADMIN=15155, RATIS_SERVER=15156, RATIS_DATASTREAM=15157, STANDALONE=15153], networkLocation: /default-rack, certSerialId: null, persistedOpState: null, persistedOpStateExpiryEpochSec: 0}
2023-09-19 02:06:17,759 [EventQueue-NewNodeForNewNodeHandler] INFO  pipeline.BackgroundPipelineCreator (BackgroundPipelineCreator.java:notifyEventTriggered(277)) - trigger a one-shot run on RatisPipelineUtilsThread.
2023-09-19 02:06:17,759 [RatisPipelineUtilsThread - 0] INFO  pipeline.RatisPipelineProvider (RatisPipelineProvider.java:lambda$create$0(206)) - Sending CreatePipelineCommand for pipeline:PipelineID=89591f45-51f4-40e8-a68a-94119d575c60 to datanode:b4ea5f9d-de80-46c5-a4c7-ec8a93521806
2023-09-19 02:06:17,760 [RatisPipelineUtilsThread - 0] INFO  pipeline.BackgroundPipelineCreator (BackgroundPipelineCreator.java:createPipelines(233)) - Created new pipeline Pipeline[ Id: 89591f45-51f4-40e8-a68a-94119d575c60, Nodes: b4ea5f9d-de80-46c5-a4c7-ec8a93521806(fv-az1031-92/10.1.0.29), ReplicationConfig: RATIS/ONE, State:ALLOCATED, leaderId:, CreationTimestamp2023-09-19T02:06:17.759Z[Etc/UTC]]
2023-09-19 02:06:18,751 [main] INFO  ozone.MiniOzoneClusterImpl (MiniOzoneClusterImpl.java:lambda$waitForClusterToBeReady$0(224)) - Nodes are ready. Got 5 of 5 DN Heartbeats.
2023-09-19 02:06:18,752 [main] INFO  ozone.MiniOzoneClusterImpl (MiniOzoneClusterImpl.java:lambda$waitForClusterToBeReady$0(227)) - Waiting for cluster to exit safe mode
2023-09-19 02:06:18,752 [main] INFO  ozone.MiniOzoneClusterImpl (MiniOzoneClusterImpl.java:lambda$waitForClusterToBeReady$0(229)) - SCM became leader
2023-09-19 02:06:19,639 [PipelineCommandHandlerThread-0] INFO  server.RaftServer (RaftServerProxy.java:addNew(98)) - 33cb0de0-5ab7-4f61-b692-731671fbecae: addNew group-C8462E16A55A:[33cb0de0-5ab7-4f61-b692-731671fbecae|rpc:10.1.0.29:15120|admin:10.1.0.29:15119|client:10.1.0.29:15118|dataStream:10.1.0.29:15121|priority:1|startupRole:FOLLOWER] returns group-C8462E16A55A:java.util.concurrent.CompletableFuture@5542e842[Not completed]
2023-09-19 02:06:19,641 [33cb0de0-5ab7-4f61-b692-731671fbecae-groupManagement] INFO  server.RaftServer$Division (RaftServerImpl.java:<init>(198)) - 33cb0de0-5ab7-4f61-b692-731671fbecae: new RaftServerImpl for group-C8462E16A55A:[33cb0de0-5ab7-4f61-b692-731671fbecae|rpc:10.1.0.29:15120|admin:10.1.0.29:15119|client:10.1.0.29:15118|dataStream:10.1.0.29:15121|priority:1|startupRole:FOLLOWER] with ContainerStateMachine:uninitialized
2023-09-19 02:06:19,641 [33cb0de0-5ab7-4f61-b692-731671fbecae-groupManagement] INFO  server.RaftServerConfigKeys (ConfUtils.java:logGet(46)) - raft.server.rpc.timeout.min = 5s (custom)
2023-09-19 02:06:19,641 [33cb0de0-5ab7-4f61-b692-731671fbecae-groupManagement] INFO  server.RaftServerConfigKeys (ConfUtils.java:logGet(46)) - raft.server.rpc.timeout.max = 5200ms (custom)
2023-09-19 02:06:19,641 [33cb0de0-5ab7-4f61-b692-731671fbecae-groupManagement] INFO  server.RaftServerConfigKeys (ConfUtils.java:logGet(46)) - raft.server.rpc.sleep.time = 25ms (default)
2023-09-19 02:06:19,641 [33cb0de0-5ab7-4f61-b692-731671fbecae-groupManagement] INFO  server.RaftServerConfigKeys (ConfUtils.java:logGet(46)) - raft.server.rpc.slowness.timeout = 300s (custom)
2023-09-19 02:06:19,641 [33cb0de0-5ab7-4f61-b692-731671fbecae-groupManagement] INFO  server.RaftServerConfigKeys (ConfUtils.java:logGet(46)) - raft.server.leaderelection.leader.step-down.wait-time = 10s (default)
2023-09-19 02:06:19,641 [33cb0de0-5ab7-4f61-b692-731671fbecae-groupManagement] INFO  server.RaftServerConfigKeys (ConfUtils.java:logGet(46)) - raft.server.sleep.deviation.threshold = 300ms (default)
2023-09-19 02:06:19,641 [33cb0de0-5ab7-4f61-b692-731671fbecae-groupManagement] INFO  server.RaftServer$Division (ServerState.java:<init>(120)) - 33cb0de0-5ab7-4f61-b692-731671fbecae@group-C8462E16A55A: ConfigurationManager, init=-1: peers:[33cb0de0-5ab7-4f61-b692-731671fbecae|rpc:10.1.0.29:15120|admin:10.1.0.29:15119|client:10.1.0.29:15118|dataStream:10.1.0.29:15121|priority:1|startupRole:FOLLOWER]|listeners:[], old=null, confs=<EMPTY_MAP>
2023-09-19 02:06:19,641 [33cb0de0-5ab7-4f61-b692-731671fbecae-groupManagement] INFO  server.RaftServerConfigKeys (ConfUtils.java:logGet(46)) - raft.server.storage.dir = [/home/runner/work/ozone/ozone/hadoop-ozone/integration-test/target/test-dir/MiniOzoneClusterImpl-580a45e0-de24-452d-9431-a8422bda96cb/datanode-0/data/ratis] (custom)
2023-09-19 02:06:19,642 [33cb0de0-5ab7-4f61-b692-731671fbecae-groupManagement] INFO  server.RaftServerConfigKeys (ConfUtils.java:logGet(46)) - raft.server.log.corruption.policy = EXCEPTION (default)
2023-09-19 02:06:19,642 [33cb0de0-5ab7-4f61-b692-731671fbecae-groupManagement] INFO  server.RaftServerConfigKeys (ConfUtils.java:logGet(46)) - raft.server.storage.free-space.min = 0MB (=0) (default)
2023-09-19 02:06:19,642 [33cb0de0-5ab7-4f61-b692-731671fbecae-groupManagement] INFO  server.RaftServerConfigKeys (ConfUtils.java:logGet(46)) - raft.server.notification.no-leader.timeout = 300s (custom)
2023-09-19 02:06:19,642 [33cb0de0-5ab7-4f61-b692-731671fbecae-groupManagement] INFO  server.RaftServerConfigKeys (ConfUtils.java:logGet(46)) - raft.server.read.timeout = 10s (default)
2023-09-19 02:06:19,642 [33cb0de0-5ab7-4f61-b692-731671fbecae-groupManagement] INFO  server.RaftServerConfigKeys (ConfUtils.java:logGet(46)) - raft.server.retrycache.expirytime = 600000ms (custom)
2023-09-19 02:06:19,642 [33cb0de0-5ab7-4f61-b692-731671fbecae-groupManagement] INFO  server.RaftServerConfigKeys (ConfUtils.java:logGet(46)) - raft.server.retrycache.statistics.expirytime = 100μs (default)
2023-09-19 02:06:19,642 [33cb0de0-5ab7-4f61-b692-731671fbecae-groupManagement] INFO  server.RaftServerConfigKeys (ConfUtils.java:logGet(46)) - raft.server.read.option = DEFAULT (default)
2023-09-19 02:06:19,643 [33cb0de0-5ab7-4f61-b692-731671fbecae-groupManagement] INFO  server.RaftServerConfigKeys (ConfUtils.java:logGet(46)) - raft.server.rpc.request.timeout = 60s (custom)
2023-09-19 02:06:19,643 [33cb0de0-5ab7-4f61-b692-731671fbecae-groupManagement] INFO  server.RaftServerConfigKeys (ConfUtils.java:logGet(46)) - raft.server.log.appender.install.snapshot.enabled = false (custom)
2023-09-19 02:06:19,643 [33cb0de0-5ab7-4f61-b692-731671fbecae-groupManagement] INFO  server.RaftServerConfigKeys (ConfUtils.java:logGet(46)) - raft.server.threadpool.server.cached = true (default)
2023-09-19 02:06:19,643 [33cb0de0-5ab7-4f61-b692-731671fbecae-groupManagement] INFO  server.RaftServerConfigKeys (ConfUtils.java:logGet(46)) - raft.server.threadpool.server.size = 0 (default)
2023-09-19 02:06:19,643 [33cb0de0-5ab7-4f61-b692-731671fbecae-groupManagement] INFO  server.RaftServerConfigKeys (ConfUtils.java:logGet(46)) - raft.server.threadpool.client.cached = true (default)
2023-09-19 02:06:19,643 [33cb0de0-5ab7-4f61-b692-731671fbecae-groupManagement] INFO  server.RaftServerConfigKeys (ConfUtils.java:logGet(46)) - raft.server.threadpool.client.size = 0 (default)
2023-09-19 02:06:19,643 [33cb0de0-5ab7-4f61-b692-731671fbecae-groupManagement] INFO  storage.RaftStorageDirectory (RaftStorageDirectoryImpl.java:analyzeStorage(137)) - The storage directory /home/runner/work/ozone/ozone/hadoop-ozone/integration-test/target/test-dir/MiniOzoneClusterImpl-580a45e0-de24-452d-9431-a8422bda96cb/datanode-0/data/ratis/fbd54519-671e-49f7-9878-c8462e16a55a does not exist. Creating ...
2023-09-19 02:06:19,644 [33cb0de0-5ab7-4f61-b692-731671fbecae-groupManagement] INFO  storage.RaftStorageDirectory (RaftStorageDirectoryImpl.java:tryLock(231)) - Lock on /home/runner/work/ozone/ozone/hadoop-ozone/integration-test/target/test-dir/MiniOzoneClusterImpl-580a45e0-de24-452d-9431-a8422bda96cb/datanode-0/data/ratis/fbd54519-671e-49f7-9878-c8462e16a55a/in_use.lock acquired by nodename 7315@fv-az1031-92
2023-09-19 02:06:19,645 [33cb0de0-5ab7-4f61-b692-731671fbecae-groupManagement] INFO  storage.RaftStorage (RaftStorageImpl.java:format(96)) - Storage directory /home/runner/work/ozone/ozone/hadoop-ozone/integration-test/target/test-dir/MiniOzoneClusterImpl-580a45e0-de24-452d-9431-a8422bda96cb/datanode-0/data/ratis/fbd54519-671e-49f7-9878-c8462e16a55a has been successfully formatted.
2023-09-19 02:06:19,647 [33cb0de0-5ab7-4f61-b692-731671fbecae-groupManagement] INFO  ratis.ContainerStateMachine (ContainerStateMachine.java:loadSnapshot(262)) - group-C8462E16A55A: The snapshot info is null. Setting the last applied indexto:(t:0, i:~)
2023-09-19 02:06:19,647 [33cb0de0-5ab7-4f61-b692-731671fbecae-groupManagement] INFO  server.RaftServerConfigKeys (ConfUtils.java:logGet(46)) - raft.server.log.use.memory = false (default)
2023-09-19 02:06:19,647 [33cb0de0-5ab7-4f61-b692-731671fbecae-groupManagement] INFO  server.RaftServerConfigKeys (ConfUtils.java:logGet(46)) - raft.server.log.purge.gap = 1000000 (custom)
2023-09-19 02:06:19,647 [33cb0de0-5ab7-4f61-b692-731671fbecae-groupManagement] INFO  server.RaftServerConfigKeys (ConfUtils.java:logGet(46)) - raft.server.log.appender.buffer.byte-limit = 33554432 (custom)
2023-09-19 02:06:19,648 [33cb0de0-5ab7-4f61-b692-731671fbecae-groupManagement] INFO  server.RaftServerConfigKeys (ConfUtils.java:logGet(46)) - raft.server.log.statemachine.data.read.timeout = 1000ms (default)
2023-09-19 02:06:19,648 [33cb0de0-5ab7-4f61-b692-731671fbecae-groupManagement] INFO  server.RaftServerConfigKeys (ConfUtils.java:logGet(46)) - raft.server.log.purge.preservation.log.num = 0 (default)
2023-09-19 02:06:19,648 [33cb0de0-5ab7-4f61-b692-731671fbecae-groupManagement] INFO  server.RaftServerConfigKeys (ConfUtils.java:logGet(46)) - raft.server.log.segment.size.max = 1048576 (custom)
2023-09-19 02:06:19,648 [EventQueue-PipelineReportForPipelineReportHandler] INFO  pipeline.PipelineReportHandler (PipelineReportHandler.java:processPipelineReport(136)) - Opened pipeline PipelineID=fbd54519-671e-49f7-9878-c8462e16a55a
2023-09-19 02:06:19,649 [33cb0de0-5ab7-4f61-b692-731671fbecae-groupManagement] INFO  server.RaftServerConfigKeys (ConfUtils.java:logGet(46)) - raft.server.log.segment.cache.num.max = 2 (custom)
2023-09-19 02:06:19,650 [33cb0de0-5ab7-4f61-b692-731671fbecae-groupManagement] INFO  server.RaftServerConfigKeys (ConfUtils.java:logGet(46)) - raft.server.log.segment.cache.size.max = 200MB (=209715200) (default)
2023-09-19 02:06:19,650 [EventQueue-OpenPipelineForHealthyPipelineSafeModeRule] INFO  safemode.SCMSafeModeManager (HealthyPipelineSafeModeRule.java:process(137)) - SCM in safe mode. Healthy pipelines reported count is 0, required healthy pipeline reported count is 1
2023-09-19 02:06:19,650 [33cb0de0-5ab7-4f61-b692-731671fbecae-groupManagement] INFO  server.RaftServerConfigKeys (ConfUtils.java:logGet(46)) - raft.server.log.appender.buffer.byte-limit = 33554432 (custom)
2023-09-19 02:06:19,650 [33cb0de0-5ab7-4f61-b692-731671fbecae-groupManagement] INFO  segmented.SegmentedRaftLogWorker (SegmentedRaftLogWorker.java:<init>(188)) - new 33cb0de0-5ab7-4f61-b692-731671fbecae@group-C8462E16A55A-SegmentedRaftLogWorker for RaftStorageImpl:Storage Directory /home/runner/work/ozone/ozone/hadoop-ozone/integration-test/target/test-dir/MiniOzoneClusterImpl-580a45e0-de24-452d-9431-a8422bda96cb/datanode-0/data/ratis/fbd54519-671e-49f7-9878-c8462e16a55a
2023-09-19 02:06:19,650 [33cb0de0-5ab7-4f61-b692-731671fbecae-groupManagement] INFO  server.RaftServerConfigKeys (ConfUtils.java:logGet(46)) - raft.server.log.queue.byte-limit = 4294967296 (custom)
2023-09-19 02:06:19,650 [33cb0de0-5ab7-4f61-b692-731671fbecae-groupManagement] INFO  server.RaftServerConfigKeys (ConfUtils.java:logGet(46)) - raft.server.log.queue.element-limit = 1024 (custom)
2023-09-19 02:06:19,650 [33cb0de0-5ab7-4f61-b692-731671fbecae-groupManagement] INFO  server.RaftServerConfigKeys (ConfUtils.java:logGet(46)) - raft.server.log.segment.size.max = 1048576 (custom)
2023-09-19 02:06:19,650 [33cb0de0-5ab7-4f61-b692-731671fbecae-groupManagement] INFO  server.RaftServerConfigKeys (ConfUtils.java:logGet(46)) - raft.server.log.preallocated.size = 16384 (custom)
2023-09-19 02:06:19,650 [33cb0de0-5ab7-4f61-b692-731671fbecae-groupManagement] INFO  server.RaftServerConfigKeys (ConfUtils.java:logGet(46)) - raft.server.log.force.sync.num = 128 (default)
2023-09-19 02:06:19,650 [33cb0de0-5ab7-4f61-b692-731671fbecae-groupManagement] INFO  server.RaftServerConfigKeys (ConfUtils.java:logGet(46)) - raft.server.log.statemachine.data.sync = true (default)
2023-09-19 02:06:19,651 [33cb0de0-5ab7-4f61-b692-731671fbecae-groupManagement] INFO  server.RaftServerConfigKeys (ConfUtils.java:logGet(46)) - raft.server.log.statemachine.data.sync.timeout = 10s (default)
2023-09-19 02:06:19,651 [33cb0de0-5ab7-4f61-b692-731671fbecae-groupManagement] INFO  server.RaftServerConfigKeys (ConfUtils.java:logGet(46)) - raft.server.log.statemachine.data.sync.timeout.retry = -1 (default)
2023-09-19 02:06:19,651 [33cb0de0-5ab7-4f61-b692-731671fbecae-groupManagement] INFO  server.RaftServerConfigKeys (ConfUtils.java:logGet(46)) - raft.server.log.write.buffer.size = 1048576 (custom)
2023-09-19 02:06:19,651 [33cb0de0-5ab7-4f61-b692-731671fbecae-groupManagement] INFO  server.RaftServerConfigKeys (ConfUtils.java:logGet(46)) - raft.server.log.appender.buffer.byte-limit = 33554432 (custom)
2023-09-19 02:06:19,752 [main] INFO  ozone.MiniOzoneClusterImpl (MiniOzoneClusterImpl.java:lambda$waitForClusterToBeReady$0(224)) - Nodes are ready. Got 5 of 5 DN Heartbeats.
2023-09-19 02:06:19,753 [main] INFO  ozone.MiniOzoneClusterImpl (MiniOzoneClusterImpl.java:lambda$waitForClusterToBeReady$0(227)) - Waiting for cluster to exit safe mode
2023-09-19 02:06:19,753 [main] INFO  ozone.MiniOzoneClusterImpl (MiniOzoneClusterImpl.java:lambda$waitForClusterToBeReady$0(229)) - SCM became leader
2023-09-19 02:06:19,753 [33cb0de0-5ab7-4f61-b692-731671fbecae-groupManagement] INFO  server.RaftServerConfigKeys (ConfUtils.java:logGet(46)) - raft.server.log.unsafe-flush.enabled = false (default)
2023-09-19 02:06:19,753 [33cb0de0-5ab7-4f61-b692-731671fbecae-groupManagement] INFO  server.RaftServerConfigKeys (ConfUtils.java:logGet(46)) - raft.server.log.async-flush.enabled = false (default)
2023-09-19 02:06:19,753 [33cb0de0-5ab7-4f61-b692-731671fbecae-groupManagement] INFO  server.RaftServerConfigKeys (ConfUtils.java:logGet(46)) - raft.server.log.statemachine.data.caching.enabled = true (custom)
2023-09-19 02:06:19,754 [33cb0de0-5ab7-4f61-b692-731671fbecae-groupManagement] INFO  segmented.SegmentedRaftLogWorker (SegmentedRaftLogWorker.java:lambda$new$0(135)) - 33cb0de0-5ab7-4f61-b692-731671fbecae@group-C8462E16A55A-SegmentedRaftLogWorker: flushIndex: setUnconditionally 0 -> -1
2023-09-19 02:06:19,755 [33cb0de0-5ab7-4f61-b692-731671fbecae-groupManagement] INFO  segmented.SegmentedRaftLogWorker (SegmentedRaftLogWorker.java:lambda$new$0(135)) - 33cb0de0-5ab7-4f61-b692-731671fbecae@group-C8462E16A55A-SegmentedRaftLogWorker: safeCacheEvictIndex: setUnconditionally 0 -> -1
2023-09-19 02:06:19,757 [33cb0de0-5ab7-4f61-b692-731671fbecae-groupManagement] INFO  server.RaftServer$Division (RaftServerImpl.java:start(342)) - 33cb0de0-5ab7-4f61-b692-731671fbecae@group-C8462E16A55A: start as a follower, conf=-1: peers:[33cb0de0-5ab7-4f61-b692-731671fbecae|rpc:10.1.0.29:15120|admin:10.1.0.29:15119|client:10.1.0.29:15118|dataStream:10.1.0.29:15121|priority:1|startupRole:FOLLOWER]|listeners:[], old=null
2023-09-19 02:06:19,757 [33cb0de0-5ab7-4f61-b692-731671fbecae-groupManagement] INFO  server.RaftServer$Division (RaftServerImpl.java:setRole(329)) - 33cb0de0-5ab7-4f61-b692-731671fbecae@group-C8462E16A55A: changes role from      null to FOLLOWER at term 0 for startAsFollower
2023-09-19 02:06:19,757 [33cb0de0-5ab7-4f61-b692-731671fbecae-groupManagement] INFO  impl.RoleInfo (RoleInfo.java:updateAndGet(139)) - 33cb0de0-5ab7-4f61-b692-731671fbecae: start 33cb0de0-5ab7-4f61-b692-731671fbecae@group-C8462E16A55A-FollowerState
2023-09-19 02:06:19,758 [33cb0de0-5ab7-4f61-b692-731671fbecae-groupManagement] INFO  util.JmxRegister (JmxRegister.java:tryRegister(44)) - Successfully registered JMX Bean with object name Ratis:service=RaftServer,group=group-C8462E16A55A,id=33cb0de0-5ab7-4f61-b692-731671fbecae
2023-09-19 02:06:19,758 [33cb0de0-5ab7-4f61-b692-731671fbecae-groupManagement] INFO  server.RaftServerConfigKeys (ConfUtils.java:logGet(46)) - raft.server.snapshot.auto.trigger.enabled = true (custom)
2023-09-19 02:06:19,758 [33cb0de0-5ab7-4f61-b692-731671fbecae-groupManagement] INFO  server.RaftServerConfigKeys (ConfUtils.java:logGet(46)) - raft.server.snapshot.auto.trigger.threshold = 10000 (custom)
2023-09-19 02:06:19,758 [33cb0de0-5ab7-4f61-b692-731671fbecae-groupManagement] INFO  server.RaftServerConfigKeys (ConfUtils.java:logGet(46)) - raft.server.snapshot.retention.file.num = 5 (custom)
2023-09-19 02:06:19,758 [33cb0de0-5ab7-4f61-b692-731671fbecae-groupManagement] INFO  server.RaftServerConfigKeys (ConfUtils.java:logGet(46)) - raft.server.log.purge.upto.snapshot.index = false (default)
2023-09-19 02:06:19,759 [33cb0de0-5ab7-4f61-b692-731671fbecae@group-C8462E16A55A-FollowerState] INFO  server.RaftServerConfigKeys (ConfUtils.java:logFallback(53)) - raft.server.rpc.first-election.timeout.min = 5s (fallback to raft.server.rpc.timeout.min)
2023-09-19 02:06:19,759 [33cb0de0-5ab7-4f61-b692-731671fbecae@group-C8462E16A55A-FollowerState] INFO  server.RaftServerConfigKeys (ConfUtils.java:logFallback(53)) - raft.server.rpc.first-election.timeout.max = 5200ms (fallback to raft.server.rpc.timeout.max)
2023-09-19 02:06:19,762 [PipelineCommandHandlerThread-0] INFO  ratis.XceiverServerRatis (XceiverServerRatis.java:addGroup(804)) - Created group PipelineID=fbd54519-671e-49f7-9878-c8462e16a55a
2023-09-19 02:06:19,762 [PipelineCommandHandlerThread-0] INFO  commandhandler.CreatePipelineCommandHandler (CreatePipelineCommandHandler.java:lambda$handle$2(124)) - Created Pipeline RATIS ONE PipelineID=fbd54519-671e-49f7-9878-c8462e16a55a.
2023-09-19 02:06:19,762 [PipelineCommandHandlerThread-0] INFO  server.RaftServer (RaftServerProxy.java:addNew(98)) - 33cb0de0-5ab7-4f61-b692-731671fbecae: addNew group-561C02F2D6E3:[c519ac42-8cdc-4319-9f51-a3f7e63d0809|rpc:10.1.0.29:15138|admin:10.1.0.29:15137|client:10.1.0.29:15136|dataStream:10.1.0.29:15139|priority:0|startupRole:FOLLOWER, 1fe901b2-7321-49f3-ab84-42b9a15df08a|rpc:10.1.0.29:15129|admin:10.1.0.29:15128|client:10.1.0.29:15127|dataStream:10.1.0.29:15130|priority:1|startupRole:FOLLOWER, 33cb0de0-5ab7-4f61-b692-731671fbecae|rpc:10.1.0.29:15120|admin:10.1.0.29:15119|client:10.1.0.29:15118|dataStream:10.1.0.29:15121|priority:0|startupRole:FOLLOWER] returns group-561C02F2D6E3:java.util.concurrent.CompletableFuture@517d6632[Not completed]
2023-09-19 02:06:19,763 [33cb0de0-5ab7-4f61-b692-731671fbecae-groupManagement] INFO  server.RaftServer$Division (RaftServerImpl.java:<init>(198)) - 33cb0de0-5ab7-4f61-b692-731671fbecae: new RaftServerImpl for group-561C02F2D6E3:[c519ac42-8cdc-4319-9f51-a3f7e63d0809|rpc:10.1.0.29:15138|admin:10.1.0.29:15137|client:10.1.0.29:15136|dataStream:10.1.0.29:15139|priority:0|startupRole:FOLLOWER, 1fe901b2-7321-49f3-ab84-42b9a15df08a|rpc:10.1.0.29:15129|admin:10.1.0.29:15128|client:10.1.0.29:15127|dataStream:10.1.0.29:15130|priority:1|startupRole:FOLLOWER, 33cb0de0-5ab7-4f61-b692-731671fbecae|rpc:10.1.0.29:15120|admin:10.1.0.29:15119|client:10.1.0.29:15118|dataStream:10.1.0.29:15121|priority:0|startupRole:FOLLOWER] with ContainerStateMachine:uninitialized
2023-09-19 02:06:19,763 [33cb0de0-5ab7-4f61-b692-731671fbecae-groupManagement] INFO  server.RaftServerConfigKeys (ConfUtils.java:logGet(46)) - raft.server.rpc.timeout.min = 5s (custom)
2023-09-19 02:06:19,764 [33cb0de0-5ab7-4f61-b692-731671fbecae-groupManagement] INFO  server.RaftServerConfigKeys (ConfUtils.java:logGet(46)) - raft.server.rpc.timeout.max = 5200ms (custom)
2023-09-19 02:06:19,764 [33cb0de0-5ab7-4f61-b692-731671fbecae-groupManagement] INFO  server.RaftServerConfigKeys (ConfUtils.java:logGet(46)) - raft.server.rpc.sleep.time = 25ms (default)
2023-09-19 02:06:19,764 [33cb0de0-5ab7-4f61-b692-731671fbecae-groupManagement] INFO  server.RaftServerConfigKeys (ConfUtils.java:logGet(46)) - raft.server.rpc.slowness.timeout = 300s (custom)
2023-09-19 02:06:19,764 [33cb0de0-5ab7-4f61-b692-731671fbecae-groupManagement] INFO  server.RaftServerConfigKeys (ConfUtils.java:logGet(46)) - raft.server.leaderelection.leader.step-down.wait-time = 10s (default)
2023-09-19 02:06:19,764 [33cb0de0-5ab7-4f61-b692-731671fbecae-groupManagement] INFO  server.RaftServerConfigKeys (ConfUtils.java:logGet(46)) - raft.server.sleep.deviation.threshold = 300ms (default)
2023-09-19 02:06:19,764 [33cb0de0-5ab7-4f61-b692-731671fbecae-groupManagement] INFO  server.RaftServer$Division (ServerState.java:<init>(120)) - 33cb0de0-5ab7-4f61-b692-731671fbecae@group-561C02F2D6E3: ConfigurationManager, init=-1: peers:[c519ac42-8cdc-4319-9f51-a3f7e63d0809|rpc:10.1.0.29:15138|admin:10.1.0.29:15137|client:10.1.0.29:15136|dataStream:10.1.0.29:15139|priority:0|startupRole:FOLLOWER, 1fe901b2-7321-49f3-ab84-42b9a15df08a|rpc:10.1.0.29:15129|admin:10.1.0.29:15128|client:10.1.0.29:15127|dataStream:10.1.0.29:15130|priority:1|startupRole:FOLLOWER, 33cb0de0-5ab7-4f61-b692-731671fbecae|rpc:10.1.0.29:15120|admin:10.1.0.29:15119|client:10.1.0.29:15118|dataStream:10.1.0.29:15121|priority:0|startupRole:FOLLOWER]|listeners:[], old=null, confs=<EMPTY_MAP>
2023-09-19 02:06:19,764 [33cb0de0-5ab7-4f61-b692-731671fbecae-groupManagement] INFO  server.RaftServerConfigKeys (ConfUtils.java:logGet(46)) - raft.server.storage.dir = [/home/runner/work/ozone/ozone/hadoop-ozone/integration-test/target/test-dir/MiniOzoneClusterImpl-580a45e0-de24-452d-9431-a8422bda96cb/datanode-0/data/ratis] (custom)
2023-09-19 02:06:19,764 [33cb0de0-5ab7-4f61-b692-731671fbecae-groupManagement] INFO  server.RaftServerConfigKeys (ConfUtils.java:logGet(46)) - raft.server.log.corruption.policy = EXCEPTION (default)
2023-09-19 02:06:19,764 [33cb0de0-5ab7-4f61-b692-731671fbecae-groupManagement] INFO  server.RaftServerConfigKeys (ConfUtils.java:logGet(46)) - raft.server.storage.free-space.min = 0MB (=0) (default)
2023-09-19 02:06:19,764 [33cb0de0-5ab7-4f61-b692-731671fbecae-groupManagement] INFO  server.RaftServerConfigKeys (ConfUtils.java:logGet(46)) - raft.server.notification.no-leader.timeout = 300s (custom)
2023-09-19 02:06:19,764 [33cb0de0-5ab7-4f61-b692-731671fbecae-groupManagement] INFO  server.RaftServerConfigKeys (ConfUtils.java:logGet(46)) - raft.server.read.timeout = 10s (default)
2023-09-19 02:06:19,764 [33cb0de0-5ab7-4f61-b692-731671fbecae-groupManagement] INFO  server.RaftServerConfigKeys (ConfUtils.java:logGet(46)) - raft.server.retrycache.expirytime = 600000ms (custom)
2023-09-19 02:06:19,764 [33cb0de0-5ab7-4f61-b692-731671fbecae-groupManagement] INFO  server.RaftServerConfigKeys (ConfUtils.java:logGet(46)) - raft.server.retrycache.statistics.expirytime = 100μs (default)
2023-09-19 02:06:19,764 [33cb0de0-5ab7-4f61-b692-731671fbecae-groupManagement] INFO  server.RaftServerConfigKeys (ConfUtils.java:logGet(46)) - raft.server.read.option = DEFAULT (default)
2023-09-19 02:06:19,765 [33cb0de0-5ab7-4f61-b692-731671fbecae-groupManagement] INFO  server.RaftServerConfigKeys (ConfUtils.java:logGet(46)) - raft.server.rpc.request.timeout = 60s (custom)
2023-09-19 02:06:19,765 [33cb0de0-5ab7-4f61-b692-731671fbecae-groupManagement] INFO  server.RaftServerConfigKeys (ConfUtils.java:logGet(46)) - raft.server.log.appender.install.snapshot.enabled = false (custom)
2023-09-19 02:06:19,765 [33cb0de0-5ab7-4f61-b692-731671fbecae-groupManagement] INFO  server.RaftServerConfigKeys (ConfUtils.java:logGet(46)) - raft.server.threadpool.server.cached = true (default)
2023-09-19 02:06:19,765 [33cb0de0-5ab7-4f61-b692-731671fbecae-groupManagement] INFO  server.RaftServerConfigKeys (ConfUtils.java:logGet(46)) - raft.server.threadpool.server.size = 0 (default)
2023-09-19 02:06:19,765 [33cb0de0-5ab7-4f61-b692-731671fbecae-groupManagement] INFO  server.RaftServerConfigKeys (ConfUtils.java:logGet(46)) - raft.server.threadpool.client.cached = true (default)
2023-09-19 02:06:19,765 [33cb0de0-5ab7-4f61-b692-731671fbecae-groupManagement] INFO  server.RaftServerConfigKeys (ConfUtils.java:logGet(46)) - raft.server.threadpool.client.size = 0 (default)
2023-09-19 02:06:19,765 [33cb0de0-5ab7-4f61-b692-731671fbecae-groupManagement] INFO  storage.RaftStorageDirectory (RaftStorageDirectoryImpl.java:analyzeStorage(137)) - The storage directory /home/runner/work/ozone/ozone/hadoop-ozone/integration-test/target/test-dir/MiniOzoneClusterImpl-580a45e0-de24-452d-9431-a8422bda96cb/datanode-0/data/ratis/a1c1a8f2-c1e3-4da9-a6c3-561c02f2d6e3 does not exist. Creating ...
2023-09-19 02:06:19,770 [33cb0de0-5ab7-4f61-b692-731671fbecae-groupManagement] INFO  storage.RaftStorageDirectory (RaftStorageDirectoryImpl.java:tryLock(231)) - Lock on /home/runner/work/ozone/ozone/hadoop-ozone/integration-test/target/test-dir/MiniOzoneClusterImpl-580a45e0-de24-452d-9431-a8422bda96cb/datanode-0/data/ratis/a1c1a8f2-c1e3-4da9-a6c3-561c02f2d6e3/in_use.lock acquired by nodename 7315@fv-az1031-92
2023-09-19 02:06:19,772 [33cb0de0-5ab7-4f61-b692-731671fbecae-groupManagement] INFO  storage.RaftStorage (RaftStorageImpl.java:format(96)) - Storage directory /home/runner/work/ozone/ozone/hadoop-ozone/integration-test/target/test-dir/MiniOzoneClusterImpl-580a45e0-de24-452d-9431-a8422bda96cb/datanode-0/data/ratis/a1c1a8f2-c1e3-4da9-a6c3-561c02f2d6e3 has been successfully formatted.
2023-09-19 02:06:19,772 [33cb0de0-5ab7-4f61-b692-731671fbecae-groupManagement] INFO  ratis.ContainerStateMachine (ContainerStateMachine.java:loadSnapshot(262)) - group-561C02F2D6E3: The snapshot info is null. Setting the last applied indexto:(t:0, i:~)
2023-09-19 02:06:19,772 [33cb0de0-5ab7-4f61-b692-731671fbecae-groupManagement] INFO  server.RaftServerConfigKeys (ConfUtils.java:logGet(46)) - raft.server.log.use.memory = false (default)
2023-09-19 02:06:19,772 [33cb0de0-5ab7-4f61-b692-731671fbecae-groupManagement] INFO  server.RaftServerConfigKeys (ConfUtils.java:logGet(46)) - raft.server.log.purge.gap = 1000000 (custom)
2023-09-19 02:06:19,773 [EventQueue-OpenPipelineForHealthyPipelineSafeModeRule] INFO  safemode.SCMSafeModeManager (HealthyPipelineSafeModeRule.java:process(137)) - SCM in safe mode. Healthy pipelines reported count is 0, required healthy pipeline reported count is 1
2023-09-19 02:06:19,773 [33cb0de0-5ab7-4f61-b692-731671fbecae-groupManagement] INFO  server.RaftServerConfigKeys (ConfUtils.java:logGet(46)) - raft.server.log.appender.buffer.byte-limit = 33554432 (custom)
2023-09-19 02:06:19,774 [33cb0de0-5ab7-4f61-b692-731671fbecae-groupManagement] INFO  server.RaftServerConfigKeys (ConfUtils.java:logGet(46)) - raft.server.log.statemachine.data.read.timeout = 1000ms (default)
2023-09-19 02:06:19,774 [33cb0de0-5ab7-4f61-b692-731671fbecae-groupManagement] INFO  server.RaftServerConfigKeys (ConfUtils.java:logGet(46)) - raft.server.log.purge.preservation.log.num = 0 (default)
2023-09-19 02:06:19,774 [33cb0de0-5ab7-4f61-b692-731671fbecae-groupManagement] INFO  server.RaftServerConfigKeys (ConfUtils.java:logGet(46)) - raft.server.log.segment.size.max = 1048576 (custom)
2023-09-19 02:06:19,774 [33cb0de0-5ab7-4f61-b692-731671fbecae-groupManagement] INFO  server.RaftServerConfigKeys (ConfUtils.java:logGet(46)) - raft.server.log.segment.cache.num.max = 2 (custom)
2023-09-19 02:06:19,774 [33cb0de0-5ab7-4f61-b692-731671fbecae-groupManagement] INFO  server.RaftServerConfigKeys (ConfUtils.java:logGet(46)) - raft.server.log.segment.cache.size.max = 200MB (=209715200) (default)
2023-09-19 02:06:19,774 [33cb0de0-5ab7-4f61-b692-731671fbecae-groupManagement] INFO  server.RaftServerConfigKeys (ConfUtils.java:logGet(46)) - raft.server.log.appender.buffer.byte-limit = 33554432 (custom)
2023-09-19 02:06:19,774 [33cb0de0-5ab7-4f61-b692-731671fbecae-groupManagement] INFO  segmented.SegmentedRaftLogWorker (SegmentedRaftLogWorker.java:<init>(188)) - new 33cb0de0-5ab7-4f61-b692-731671fbecae@group-561C02F2D6E3-SegmentedRaftLogWorker for RaftStorageImpl:Storage Directory /home/runner/work/ozone/ozone/hadoop-ozone/integration-test/target/test-dir/MiniOzoneClusterImpl-580a45e0-de24-452d-9431-a8422bda96cb/datanode-0/data/ratis/a1c1a8f2-c1e3-4da9-a6c3-561c02f2d6e3
2023-09-19 02:06:19,774 [33cb0de0-5ab7-4f61-b692-731671fbecae-groupManagement] INFO  server.RaftServerConfigKeys (ConfUtils.java:logGet(46)) - raft.server.log.queue.byte-limit = 4294967296 (custom)
2023-09-19 02:06:19,774 [33cb0de0-5ab7-4f61-b692-731671fbecae-groupManagement] INFO  server.RaftServerConfigKeys (ConfUtils.java:logGet(46)) - raft.server.log.queue.element-limit = 1024 (custom)
2023-09-19 02:06:19,774 [33cb0de0-5ab7-4f61-b692-731671fbecae-groupManagement] INFO  server.RaftServerConfigKeys (ConfUtils.java:logGet(46)) - raft.server.log.segment.size.max = 1048576 (custom)
2023-09-19 02:06:19,774 [33cb0de0-5ab7-4f61-b692-731671fbecae-groupManagement] INFO  server.RaftServerConfigKeys (ConfUtils.java:logGet(46)) - raft.server.log.preallocated.size = 16384 (custom)
2023-09-19 02:06:19,774 [33cb0de0-5ab7-4f61-b692-731671fbecae-groupManagement] INFO  server.RaftServerConfigKeys (ConfUtils.java:logGet(46)) - raft.server.log.force.sync.num = 128 (default)
2023-09-19 02:06:19,775 [33cb0de0-5ab7-4f61-b692-731671fbecae-groupManagement] INFO  server.RaftServerConfigKeys (ConfUtils.java:logGet(46)) - raft.server.log.statemachine.data.sync = true (default)
2023-09-19 02:06:19,775 [33cb0de0-5ab7-4f61-b692-731671fbecae-groupManagement] INFO  server.RaftServerConfigKeys (ConfUtils.java:logGet(46)) - raft.server.log.statemachine.data.sync.timeout = 10s (default)
2023-09-19 02:06:19,775 [33cb0de0-5ab7-4f61-b692-731671fbecae-groupManagement] INFO  server.RaftServerConfigKeys (ConfUtils.java:logGet(46)) - raft.server.log.statemachine.data.sync.timeout.retry = -1 (default)
2023-09-19 02:06:19,775 [33cb0de0-5ab7-4f61-b692-731671fbecae-groupManagement] INFO  server.RaftServerConfigKeys (ConfUtils.java:logGet(46)) - raft.server.log.write.buffer.size = 1048576 (custom)
2023-09-19 02:06:19,775 [33cb0de0-5ab7-4f61-b692-731671fbecae-groupManagement] INFO  server.RaftServerConfigKeys (ConfUtils.java:logGet(46)) - raft.server.log.appender.buffer.byte-limit = 33554432 (custom)
2023-09-19 02:06:19,780 [33cb0de0-5ab7-4f61-b692-731671fbecae-groupManagement] INFO  server.RaftServerConfigKeys (ConfUtils.java:logGet(46)) - raft.server.log.unsafe-flush.enabled = false (default)
2023-09-19 02:06:19,781 [33cb0de0-5ab7-4f61-b692-731671fbecae-groupManagement] INFO  server.RaftServerConfigKeys (ConfUtils.java:logGet(46)) - raft.server.log.async-flush.enabled = false (default)
2023-09-19 02:06:19,781 [33cb0de0-5ab7-4f61-b692-731671fbecae-groupManagement] INFO  server.RaftServerConfigKeys (ConfUtils.java:logGet(46)) - raft.server.log.statemachine.data.caching.enabled = true (custom)
2023-09-19 02:06:19,781 [33cb0de0-5ab7-4f61-b692-731671fbecae-groupManagement] INFO  segmented.SegmentedRaftLogWorker (SegmentedRaftLogWorker.java:lambda$new$0(135)) - 33cb0de0-5ab7-4f61-b692-731671fbecae@group-561C02F2D6E3-SegmentedRaftLogWorker: flushIndex: setUnconditionally 0 -> -1
2023-09-19 02:06:19,781 [33cb0de0-5ab7-4f61-b692-731671fbecae-groupManagement] INFO  segmented.SegmentedRaftLogWorker (SegmentedRaftLogWorker.java:lambda$new$0(135)) - 33cb0de0-5ab7-4f61-b692-731671fbecae@group-561C02F2D6E3-SegmentedRaftLogWorker: safeCacheEvictIndex: setUnconditionally 0 -> -1
2023-09-19 02:06:19,781 [33cb0de0-5ab7-4f61-b692-731671fbecae-groupManagement] INFO  server.RaftServer$Division (RaftServerImpl.java:start(342)) - 33cb0de0-5ab7-4f61-b692-731671fbecae@group-561C02F2D6E3: start as a follower, conf=-1: peers:[c519ac42-8cdc-4319-9f51-a3f7e63d0809|rpc:10.1.0.29:15138|admin:10.1.0.29:15137|client:10.1.0.29:15136|dataStream:10.1.0.29:15139|priority:0|startupRole:FOLLOWER, 1fe901b2-7321-49f3-ab84-42b9a15df08a|rpc:10.1.0.29:15129|admin:10.1.0.29:15128|client:10.1.0.29:15127|dataStream:10.1.0.29:15130|priority:1|startupRole:FOLLOWER, 33cb0de0-5ab7-4f61-b692-731671fbecae|rpc:10.1.0.29:15120|admin:10.1.0.29:15119|client:10.1.0.29:15118|dataStream:10.1.0.29:15121|priority:0|startupRole:FOLLOWER]|listeners:[], old=null
2023-09-19 02:06:19,781 [33cb0de0-5ab7-4f61-b692-731671fbecae-groupManagement] INFO  server.RaftServer$Division (RaftServerImpl.java:setRole(329)) - 33cb0de0-5ab7-4f61-b692-731671fbecae@group-561C02F2D6E3: changes role from      null to FOLLOWER at term 0 for startAsFollower
2023-09-19 02:06:19,781 [33cb0de0-5ab7-4f61-b692-731671fbecae-groupManagement] INFO  impl.RoleInfo (RoleInfo.java:updateAndGet(139)) - 33cb0de0-5ab7-4f61-b692-731671fbecae: start 33cb0de0-5ab7-4f61-b692-731671fbecae@group-561C02F2D6E3-FollowerState
2023-09-19 02:06:19,786 [33cb0de0-5ab7-4f61-b692-731671fbecae-groupManagement] INFO  util.JmxRegister (JmxRegister.java:tryRegister(44)) - Successfully registered JMX Bean with object name Ratis:service=RaftServer,group=group-561C02F2D6E3,id=33cb0de0-5ab7-4f61-b692-731671fbecae
2023-09-19 02:06:19,786 [33cb0de0-5ab7-4f61-b692-731671fbecae-groupManagement] INFO  server.RaftServerConfigKeys (ConfUtils.java:logGet(46)) - raft.server.snapshot.auto.trigger.enabled = true (custom)
2023-09-19 02:06:19,786 [33cb0de0-5ab7-4f61-b692-731671fbecae-groupManagement] INFO  server.RaftServerConfigKeys (ConfUtils.java:logGet(46)) - raft.server.snapshot.auto.trigger.threshold = 10000 (custom)
2023-09-19 02:06:19,786 [33cb0de0-5ab7-4f61-b692-731671fbecae-groupManagement] INFO  server.RaftServerConfigKeys (ConfUtils.java:logGet(46)) - raft.server.snapshot.retention.file.num = 5 (custom)
2023-09-19 02:06:19,786 [33cb0de0-5ab7-4f61-b692-731671fbecae-groupManagement] INFO  server.RaftServerConfigKeys (ConfUtils.java:logGet(46)) - raft.server.log.purge.upto.snapshot.index = false (default)
2023-09-19 02:06:19,787 [33cb0de0-5ab7-4f61-b692-731671fbecae@group-561C02F2D6E3-FollowerState] INFO  server.RaftServerConfigKeys (ConfUtils.java:logFallback(53)) - raft.server.rpc.first-election.timeout.min = 5s (fallback to raft.server.rpc.timeout.min)
2023-09-19 02:06:19,787 [33cb0de0-5ab7-4f61-b692-731671fbecae@group-561C02F2D6E3-FollowerState] INFO  server.RaftServerConfigKeys (ConfUtils.java:logFallback(53)) - raft.server.rpc.first-election.timeout.max = 5200ms (fallback to raft.server.rpc.timeout.max)
2023-09-19 02:06:19,787 [PipelineCommandHandlerThread-0] INFO  ratis.XceiverServerRatis (XceiverServerRatis.java:addGroup(804)) - Created group PipelineID=a1c1a8f2-c1e3-4da9-a6c3-561c02f2d6e3
2023-09-19 02:06:19,806 [grpc-default-executor-0] INFO  server.RaftServer (RaftServerProxy.java:addNew(98)) - c519ac42-8cdc-4319-9f51-a3f7e63d0809: addNew group-561C02F2D6E3:[c519ac42-8cdc-4319-9f51-a3f7e63d0809|rpc:10.1.0.29:15138|admin:10.1.0.29:15137|client:10.1.0.29:15136|dataStream:10.1.0.29:15139|priority:0|startupRole:FOLLOWER, 1fe901b2-7321-49f3-ab84-42b9a15df08a|rpc:10.1.0.29:15129|admin:10.1.0.29:15128|client:10.1.0.29:15127|dataStream:10.1.0.29:15130|priority:1|startupRole:FOLLOWER, 33cb0de0-5ab7-4f61-b692-731671fbecae|rpc:10.1.0.29:15120|admin:10.1.0.29:15119|client:10.1.0.29:15118|dataStream:10.1.0.29:15121|priority:0|startupRole:FOLLOWER] returns group-561C02F2D6E3:java.util.concurrent.CompletableFuture@12ee9273[Not completed]
2023-09-19 02:06:19,807 [c519ac42-8cdc-4319-9f51-a3f7e63d0809-groupManagement] INFO  server.RaftServer$Division (RaftServerImpl.java:<init>(198)) - c519ac42-8cdc-4319-9f51-a3f7e63d0809: new RaftServerImpl for group-561C02F2D6E3:[c519ac42-8cdc-4319-9f51-a3f7e63d0809|rpc:10.1.0.29:15138|admin:10.1.0.29:15137|client:10.1.0.29:15136|dataStream:10.1.0.29:15139|priority:0|startupRole:FOLLOWER, 1fe901b2-7321-49f3-ab84-42b9a15df08a|rpc:10.1.0.29:15129|admin:10.1.0.29:15128|client:10.1.0.29:15127|dataStream:10.1.0.29:15130|priority:1|startupRole:FOLLOWER, 33cb0de0-5ab7-4f61-b692-731671fbecae|rpc:10.1.0.29:15120|admin:10.1.0.29:15119|client:10.1.0.29:15118|dataStream:10.1.0.29:15121|priority:0|startupRole:FOLLOWER] with ContainerStateMachine:uninitialized
2023-09-19 02:06:19,807 [c519ac42-8cdc-4319-9f51-a3f7e63d0809-groupManagement] INFO  server.RaftServerConfigKeys (ConfUtils.java:logGet(46)) - raft.server.rpc.timeout.min = 5s (custom)
2023-09-19 02:06:19,807 [c519ac42-8cdc-4319-9f51-a3f7e63d0809-groupManagement] INFO  server.RaftServerConfigKeys (ConfUtils.java:logGet(46)) - raft.server.rpc.timeout.max = 5200ms (custom)
2023-09-19 02:06:19,807 [c519ac42-8cdc-4319-9f51-a3f7e63d0809-groupManagement] INFO  server.RaftServerConfigKeys (ConfUtils.java:logGet(46)) - raft.server.rpc.sleep.time = 25ms (default)
2023-09-19 02:06:19,807 [c519ac42-8cdc-4319-9f51-a3f7e63d0809-groupManagement] INFO  server.RaftServerConfigKeys (ConfUtils.java:logGet(46)) - raft.server.rpc.slowness.timeout = 300s (custom)
2023-09-19 02:06:19,807 [c519ac42-8cdc-4319-9f51-a3f7e63d0809-groupManagement] INFO  server.RaftServerConfigKeys (ConfUtils.java:logGet(46)) - raft.server.leaderelection.leader.step-down.wait-time = 10s (default)
2023-09-19 02:06:19,807 [c519ac42-8cdc-4319-9f51-a3f7e63d0809-groupManagement] INFO  server.RaftServerConfigKeys (ConfUtils.java:logGet(46)) - raft.server.sleep.deviation.threshold = 300ms (default)
2023-09-19 02:06:19,808 [c519ac42-8cdc-4319-9f51-a3f7e63d0809-groupManagement] INFO  server.RaftServer$Division (ServerState.java:<init>(120)) - c519ac42-8cdc-4319-9f51-a3f7e63d0809@group-561C02F2D6E3: ConfigurationManager, init=-1: peers:[c519ac42-8cdc-4319-9f51-a3f7e63d0809|rpc:10.1.0.29:15138|admin:10.1.0.29:15137|client:10.1.0.29:15136|dataStream:10.1.0.29:15139|priority:0|startupRole:FOLLOWER, 1fe901b2-7321-49f3-ab84-42b9a15df08a|rpc:10.1.0.29:15129|admin:10.1.0.29:15128|client:10.1.0.29:15127|dataStream:10.1.0.29:15130|priority:1|startupRole:FOLLOWER, 33cb0de0-5ab7-4f61-b692-731671fbecae|rpc:10.1.0.29:15120|admin:10.1.0.29:15119|client:10.1.0.29:15118|dataStream:10.1.0.29:15121|priority:0|startupRole:FOLLOWER]|listeners:[], old=null, confs=<EMPTY_MAP>
2023-09-19 02:06:19,808 [c519ac42-8cdc-4319-9f51-a3f7e63d0809-groupManagement] INFO  server.RaftServerConfigKeys (ConfUtils.java:logGet(46)) - raft.server.storage.dir = [/home/runner/work/ozone/ozone/hadoop-ozone/integration-test/target/test-dir/MiniOzoneClusterImpl-580a45e0-de24-452d-9431-a8422bda96cb/datanode-2/data/ratis] (custom)
2023-09-19 02:06:19,808 [c519ac42-8cdc-4319-9f51-a3f7e63d0809-groupManagement] INFO  server.RaftServerConfigKeys (ConfUtils.java:logGet(46)) - raft.server.log.corruption.policy = EXCEPTION (default)
2023-09-19 02:06:19,808 [c519ac42-8cdc-4319-9f51-a3f7e63d0809-groupManagement] INFO  server.RaftServerConfigKeys (ConfUtils.java:logGet(46)) - raft.server.storage.free-space.min = 0MB (=0) (default)
2023-09-19 02:06:19,808 [c519ac42-8cdc-4319-9f51-a3f7e63d0809-groupManagement] INFO  server.RaftServerConfigKeys (ConfUtils.java:logGet(46)) - raft.server.notification.no-leader.timeout = 300s (custom)
2023-09-19 02:06:19,808 [c519ac42-8cdc-4319-9f51-a3f7e63d0809-groupManagement] INFO  server.RaftServerConfigKeys (ConfUtils.java:logGet(46)) - raft.server.read.timeout = 10s (default)
2023-09-19 02:06:19,808 [c519ac42-8cdc-4319-9f51-a3f7e63d0809-groupManagement] INFO  server.RaftServerConfigKeys (ConfUtils.java:logGet(46)) - raft.server.retrycache.expirytime = 600000ms (custom)
2023-09-19 02:06:19,808 [c519ac42-8cdc-4319-9f51-a3f7e63d0809-groupManagement] INFO  server.RaftServerConfigKeys (ConfUtils.java:logGet(46)) - raft.server.retrycache.statistics.expirytime = 100μs (default)
2023-09-19 02:06:19,808 [c519ac42-8cdc-4319-9f51-a3f7e63d0809-groupManagement] INFO  server.RaftServerConfigKeys (ConfUtils.java:logGet(46)) - raft.server.read.option = DEFAULT (default)
2023-09-19 02:06:19,809 [c519ac42-8cdc-4319-9f51-a3f7e63d0809-groupManagement] INFO  server.RaftServerConfigKeys (ConfUtils.java:logGet(46)) - raft.server.rpc.request.timeout = 60s (custom)
2023-09-19 02:06:19,809 [c519ac42-8cdc-4319-9f51-a3f7e63d0809-groupManagement] INFO  server.RaftServerConfigKeys (ConfUtils.java:logGet(46)) - raft.server.log.appender.install.snapshot.enabled = false (custom)
2023-09-19 02:06:19,809 [c519ac42-8cdc-4319-9f51-a3f7e63d0809-groupManagement] INFO  server.RaftServerConfigKeys (ConfUtils.java:logGet(46)) - raft.server.threadpool.server.cached = true (default)
2023-09-19 02:06:19,809 [c519ac42-8cdc-4319-9f51-a3f7e63d0809-groupManagement] INFO  server.RaftServerConfigKeys (ConfUtils.java:logGet(46)) - raft.server.threadpool.server.size = 0 (default)
2023-09-19 02:06:19,809 [c519ac42-8cdc-4319-9f51-a3f7e63d0809-groupManagement] INFO  server.RaftServerConfigKeys (ConfUtils.java:logGet(46)) - raft.server.threadpool.client.cached = true (default)
2023-09-19 02:06:19,809 [c519ac42-8cdc-4319-9f51-a3f7e63d0809-groupManagement] INFO  server.RaftServerConfigKeys (ConfUtils.java:logGet(46)) - raft.server.threadpool.client.size = 0 (default)
2023-09-19 02:06:19,809 [c519ac42-8cdc-4319-9f51-a3f7e63d0809-groupManagement] INFO  storage.RaftStorageDirectory (RaftStorageDirectoryImpl.java:analyzeStorage(137)) - The storage directory /home/runner/work/ozone/ozone/hadoop-ozone/integration-test/target/test-dir/MiniOzoneClusterImpl-580a45e0-de24-452d-9431-a8422bda96cb/datanode-2/data/ratis/a1c1a8f2-c1e3-4da9-a6c3-561c02f2d6e3 does not exist. Creating ...
2023-09-19 02:06:19,810 [c519ac42-8cdc-4319-9f51-a3f7e63d0809-groupManagement] INFO  storage.RaftStorageDirectory (RaftStorageDirectoryImpl.java:tryLock(231)) - Lock on /home/runner/work/ozone/ozone/hadoop-ozone/integration-test/target/test-dir/MiniOzoneClusterImpl-580a45e0-de24-452d-9431-a8422bda96cb/datanode-2/data/ratis/a1c1a8f2-c1e3-4da9-a6c3-561c02f2d6e3/in_use.lock acquired by nodename 7315@fv-az1031-92
2023-09-19 02:06:19,811 [c519ac42-8cdc-4319-9f51-a3f7e63d0809-groupManagement] INFO  storage.RaftStorage (RaftStorageImpl.java:format(96)) - Storage directory /home/runner/work/ozone/ozone/hadoop-ozone/integration-test/target/test-dir/MiniOzoneClusterImpl-580a45e0-de24-452d-9431-a8422bda96cb/datanode-2/data/ratis/a1c1a8f2-c1e3-4da9-a6c3-561c02f2d6e3 has been successfully formatted.
2023-09-19 02:06:19,813 [c519ac42-8cdc-4319-9f51-a3f7e63d0809-groupManagement] INFO  ratis.ContainerStateMachine (ContainerStateMachine.java:loadSnapshot(262)) - group-561C02F2D6E3: The snapshot info is null. Setting the last applied indexto:(t:0, i:~)
2023-09-19 02:06:19,813 [c519ac42-8cdc-4319-9f51-a3f7e63d0809-groupManagement] INFO  server.RaftServerConfigKeys (ConfUtils.java:logGet(46)) - raft.server.log.use.memory = false (default)
2023-09-19 02:06:19,813 [c519ac42-8cdc-4319-9f51-a3f7e63d0809-groupManagement] INFO  server.RaftServerConfigKeys (ConfUtils.java:logGet(46)) - raft.server.log.purge.gap = 1000000 (custom)
2023-09-19 02:06:19,813 [c519ac42-8cdc-4319-9f51-a3f7e63d0809-groupManagement] INFO  server.RaftServerConfigKeys (ConfUtils.java:logGet(46)) - raft.server.log.appender.buffer.byte-limit = 33554432 (custom)
2023-09-19 02:06:19,814 [c519ac42-8cdc-4319-9f51-a3f7e63d0809-groupManagement] INFO  server.RaftServerConfigKeys (ConfUtils.java:logGet(46)) - raft.server.log.statemachine.data.read.timeout = 1000ms (default)
2023-09-19 02:06:19,814 [c519ac42-8cdc-4319-9f51-a3f7e63d0809-groupManagement] INFO  server.RaftServerConfigKeys (ConfUtils.java:logGet(46)) - raft.server.log.purge.preservation.log.num = 0 (default)
2023-09-19 02:06:19,815 [c519ac42-8cdc-4319-9f51-a3f7e63d0809-groupManagement] INFO  server.RaftServerConfigKeys (ConfUtils.java:logGet(46)) - raft.server.log.segment.size.max = 1048576 (custom)
2023-09-19 02:06:19,815 [c519ac42-8cdc-4319-9f51-a3f7e63d0809-groupManagement] INFO  server.RaftServerConfigKeys (ConfUtils.java:logGet(46)) - raft.server.log.segment.cache.num.max = 2 (custom)
2023-09-19 02:06:19,815 [c519ac42-8cdc-4319-9f51-a3f7e63d0809-groupManagement] INFO  server.RaftServerConfigKeys (ConfUtils.java:logGet(46)) - raft.server.log.segment.cache.size.max = 200MB (=209715200) (default)
2023-09-19 02:06:19,815 [c519ac42-8cdc-4319-9f51-a3f7e63d0809-groupManagement] INFO  server.RaftServerConfigKeys (ConfUtils.java:logGet(46)) - raft.server.log.appender.buffer.byte-limit = 33554432 (custom)
2023-09-19 02:06:19,815 [c519ac42-8cdc-4319-9f51-a3f7e63d0809-groupManagement] INFO  segmented.SegmentedRaftLogWorker (SegmentedRaftLogWorker.java:<init>(188)) - new c519ac42-8cdc-4319-9f51-a3f7e63d0809@group-561C02F2D6E3-SegmentedRaftLogWorker for RaftStorageImpl:Storage Directory /home/runner/work/ozone/ozone/hadoop-ozone/integration-test/target/test-dir/MiniOzoneClusterImpl-580a45e0-de24-452d-9431-a8422bda96cb/datanode-2/data/ratis/a1c1a8f2-c1e3-4da9-a6c3-561c02f2d6e3
2023-09-19 02:06:19,815 [c519ac42-8cdc-4319-9f51-a3f7e63d0809-groupManagement] INFO  server.RaftServerConfigKeys (ConfUtils.java:logGet(46)) - raft.server.log.queue.byte-limit = 4294967296 (custom)
2023-09-19 02:06:19,815 [c519ac42-8cdc-4319-9f51-a3f7e63d0809-groupManagement] INFO  server.RaftServerConfigKeys (ConfUtils.java:logGet(46)) - raft.server.log.queue.element-limit = 1024 (custom)
2023-09-19 02:06:19,815 [c519ac42-8cdc-4319-9f51-a3f7e63d0809-groupManagement] INFO  server.RaftServerConfigKeys (ConfUtils.java:logGet(46)) - raft.server.log.segment.size.max = 1048576 (custom)
2023-09-19 02:06:19,815 [c519ac42-8cdc-4319-9f51-a3f7e63d0809-groupManagement] INFO  server.RaftServerConfigKeys (ConfUtils.java:logGet(46)) - raft.server.log.preallocated.size = 16384 (custom)
2023-09-19 02:06:19,815 [c519ac42-8cdc-4319-9f51-a3f7e63d0809-groupManagement] INFO  server.RaftServerConfigKeys (ConfUtils.java:logGet(46)) - raft.server.log.force.sync.num = 128 (default)
2023-09-19 02:06:19,815 [c519ac42-8cdc-4319-9f51-a3f7e63d0809-groupManagement] INFO  server.RaftServerConfigKeys (ConfUtils.java:logGet(46)) - raft.server.log.statemachine.data.sync = true (default)
2023-09-19 02:06:19,816 [c519ac42-8cdc-4319-9f51-a3f7e63d0809-groupManagement] INFO  server.RaftServerConfigKeys (ConfUtils.java:logGet(46)) - raft.server.log.statemachine.data.sync.timeout = 10s (default)
2023-09-19 02:06:19,817 [c519ac42-8cdc-4319-9f51-a3f7e63d0809-groupManagement] INFO  server.RaftServerConfigKeys (ConfUtils.java:logGet(46)) - raft.server.log.statemachine.data.sync.timeout.retry = -1 (default)
2023-09-19 02:06:19,817 [c519ac42-8cdc-4319-9f51-a3f7e63d0809-groupManagement] INFO  server.RaftServerConfigKeys (ConfUtils.java:logGet(46)) - raft.server.log.write.buffer.size = 1048576 (custom)
2023-09-19 02:06:19,817 [c519ac42-8cdc-4319-9f51-a3f7e63d0809-groupManagement] INFO  server.RaftServerConfigKeys (ConfUtils.java:logGet(46)) - raft.server.log.appender.buffer.byte-limit = 33554432 (custom)
2023-09-19 02:06:19,822 [c519ac42-8cdc-4319-9f51-a3f7e63d0809-groupManagement] INFO  server.RaftServerConfigKeys (ConfUtils.java:logGet(46)) - raft.server.log.unsafe-flush.enabled = false (default)
2023-09-19 02:06:19,822 [c519ac42-8cdc-4319-9f51-a3f7e63d0809-groupManagement] INFO  server.RaftServerConfigKeys (ConfUtils.java:logGet(46)) - raft.server.log.async-flush.enabled = false (default)
2023-09-19 02:06:19,822 [c519ac42-8cdc-4319-9f51-a3f7e63d0809-groupManagement] INFO  server.RaftServerConfigKeys (ConfUtils.java:logGet(46)) - raft.server.log.statemachine.data.caching.enabled = true (custom)
2023-09-19 02:06:19,823 [c519ac42-8cdc-4319-9f51-a3f7e63d0809-groupManagement] INFO  segmented.SegmentedRaftLogWorker (SegmentedRaftLogWorker.java:lambda$new$0(135)) - c519ac42-8cdc-4319-9f51-a3f7e63d0809@group-561C02F2D6E3-SegmentedRaftLogWorker: flushIndex: setUnconditionally 0 -> -1
2023-09-19 02:06:19,823 [c519ac42-8cdc-4319-9f51-a3f7e63d0809-groupManagement] INFO  segmented.SegmentedRaftLogWorker (SegmentedRaftLogWorker.java:lambda$new$0(135)) - c519ac42-8cdc-4319-9f51-a3f7e63d0809@group-561C02F2D6E3-SegmentedRaftLogWorker: safeCacheEvictIndex: setUnconditionally 0 -> -1
2023-09-19 02:06:19,823 [c519ac42-8cdc-4319-9f51-a3f7e63d0809-groupManagement] INFO  server.RaftServer$Division (RaftServerImpl.java:start(342)) - c519ac42-8cdc-4319-9f51-a3f7e63d0809@group-561C02F2D6E3: start as a follower, conf=-1: peers:[c519ac42-8cdc-4319-9f51-a3f7e63d0809|rpc:10.1.0.29:15138|admin:10.1.0.29:15137|client:10.1.0.29:15136|dataStream:10.1.0.29:15139|priority:0|startupRole:FOLLOWER, 1fe901b2-7321-49f3-ab84-42b9a15df08a|rpc:10.1.0.29:15129|admin:10.1.0.29:15128|client:10.1.0.29:15127|dataStream:10.1.0.29:15130|priority:1|startupRole:FOLLOWER, 33cb0de0-5ab7-4f61-b692-731671fbecae|rpc:10.1.0.29:15120|admin:10.1.0.29:15119|client:10.1.0.29:15118|dataStream:10.1.0.29:15121|priority:0|startupRole:FOLLOWER]|listeners:[], old=null
2023-09-19 02:06:19,823 [c519ac42-8cdc-4319-9f51-a3f7e63d0809-groupManagement] INFO  server.RaftServer$Division (RaftServerImpl.java:setRole(329)) - c519ac42-8cdc-4319-9f51-a3f7e63d0809@group-561C02F2D6E3: changes role from      null to FOLLOWER at term 0 for startAsFollower
2023-09-19 02:06:19,823 [c519ac42-8cdc-4319-9f51-a3f7e63d0809-groupManagement] INFO  impl.RoleInfo (RoleInfo.java:updateAndGet(139)) - c519ac42-8cdc-4319-9f51-a3f7e63d0809: start c519ac42-8cdc-4319-9f51-a3f7e63d0809@group-561C02F2D6E3-FollowerState
2023-09-19 02:06:19,826 [c519ac42-8cdc-4319-9f51-a3f7e63d0809-groupManagement] INFO  util.JmxRegister (JmxRegister.java:tryRegister(44)) - Successfully registered JMX Bean with object name Ratis:service=RaftServer,group=group-561C02F2D6E3,id=c519ac42-8cdc-4319-9f51-a3f7e63d0809
2023-09-19 02:06:19,826 [c519ac42-8cdc-4319-9f51-a3f7e63d0809-groupManagement] INFO  server.RaftServerConfigKeys (ConfUtils.java:logGet(46)) - raft.server.snapshot.auto.trigger.enabled = true (custom)
2023-09-19 02:06:19,826 [c519ac42-8cdc-4319-9f51-a3f7e63d0809-groupManagement] INFO  server.RaftServerConfigKeys (ConfUtils.java:logGet(46)) - raft.server.snapshot.auto.trigger.threshold = 10000 (custom)
2023-09-19 02:06:19,826 [c519ac42-8cdc-4319-9f51-a3f7e63d0809-groupManagement] INFO  server.RaftServerConfigKeys (ConfUtils.java:logGet(46)) - raft.server.snapshot.retention.file.num = 5 (custom)
2023-09-19 02:06:19,826 [c519ac42-8cdc-4319-9f51-a3f7e63d0809-groupManagement] INFO  server.RaftServerConfigKeys (ConfUtils.java:logGet(46)) - raft.server.log.purge.upto.snapshot.index = false (default)
2023-09-19 02:06:19,827 [c519ac42-8cdc-4319-9f51-a3f7e63d0809@group-561C02F2D6E3-FollowerState] INFO  server.RaftServerConfigKeys (ConfUtils.java:logFallback(53)) - raft.server.rpc.first-election.timeout.min = 5s (fallback to raft.server.rpc.timeout.min)
2023-09-19 02:06:19,827 [c519ac42-8cdc-4319-9f51-a3f7e63d0809@group-561C02F2D6E3-FollowerState] INFO  server.RaftServerConfigKeys (ConfUtils.java:logFallback(53)) - raft.server.rpc.first-election.timeout.max = 5200ms (fallback to raft.server.rpc.timeout.max)
2023-09-19 02:06:19,850 [grpc-default-executor-0] INFO  server.RaftServer (RaftServerProxy.java:addNew(98)) - 1fe901b2-7321-49f3-ab84-42b9a15df08a: addNew group-561C02F2D6E3:[c519ac42-8cdc-4319-9f51-a3f7e63d0809|rpc:10.1.0.29:15138|admin:10.1.0.29:15137|client:10.1.0.29:15136|dataStream:10.1.0.29:15139|priority:0|startupRole:FOLLOWER, 1fe901b2-7321-49f3-ab84-42b9a15df08a|rpc:10.1.0.29:15129|admin:10.1.0.29:15128|client:10.1.0.29:15127|dataStream:10.1.0.29:15130|priority:1|startupRole:FOLLOWER, 33cb0de0-5ab7-4f61-b692-731671fbecae|rpc:10.1.0.29:15120|admin:10.1.0.29:15119|client:10.1.0.29:15118|dataStream:10.1.0.29:15121|priority:0|startupRole:FOLLOWER] returns group-561C02F2D6E3:java.util.concurrent.CompletableFuture@67c7a6d8[Not completed]
2023-09-19 02:06:19,851 [1fe901b2-7321-49f3-ab84-42b9a15df08a-groupManagement] INFO  server.RaftServer$Division (RaftServerImpl.java:<init>(198)) - 1fe901b2-7321-49f3-ab84-42b9a15df08a: new RaftServerImpl for group-561C02F2D6E3:[c519ac42-8cdc-4319-9f51-a3f7e63d0809|rpc:10.1.0.29:15138|admin:10.1.0.29:15137|client:10.1.0.29:15136|dataStream:10.1.0.29:15139|priority:0|startupRole:FOLLOWER, 1fe901b2-7321-49f3-ab84-42b9a15df08a|rpc:10.1.0.29:15129|admin:10.1.0.29:15128|client:10.1.0.29:15127|dataStream:10.1.0.29:15130|priority:1|startupRole:FOLLOWER, 33cb0de0-5ab7-4f61-b692-731671fbecae|rpc:10.1.0.29:15120|admin:10.1.0.29:15119|client:10.1.0.29:15118|dataStream:10.1.0.29:15121|priority:0|startupRole:FOLLOWER] with ContainerStateMachine:uninitialized
2023-09-19 02:06:19,852 [1fe901b2-7321-49f3-ab84-42b9a15df08a-groupManagement] INFO  server.RaftServerConfigKeys (ConfUtils.java:logGet(46)) - raft.server.rpc.timeout.min = 5s (custom)
2023-09-19 02:06:19,852 [1fe901b2-7321-49f3-ab84-42b9a15df08a-groupManagement] INFO  server.RaftServerConfigKeys (ConfUtils.java:logGet(46)) - raft.server.rpc.timeout.max = 5200ms (custom)
2023-09-19 02:06:19,852 [1fe901b2-7321-49f3-ab84-42b9a15df08a-groupManagement] INFO  server.RaftServerConfigKeys (ConfUtils.java:logGet(46)) - raft.server.rpc.sleep.time = 25ms (default)
2023-09-19 02:06:19,852 [1fe901b2-7321-49f3-ab84-42b9a15df08a-groupManagement] INFO  server.RaftServerConfigKeys (ConfUtils.java:logGet(46)) - raft.server.rpc.slowness.timeout = 300s (custom)
2023-09-19 02:06:19,852 [1fe901b2-7321-49f3-ab84-42b9a15df08a-groupManagement] INFO  server.RaftServerConfigKeys (ConfUtils.java:logGet(46)) - raft.server.leaderelection.leader.step-down.wait-time = 10s (default)
2023-09-19 02:06:19,852 [1fe901b2-7321-49f3-ab84-42b9a15df08a-groupManagement] INFO  server.RaftServerConfigKeys (ConfUtils.java:logGet(46)) - raft.server.sleep.deviation.threshold = 300ms (default)
2023-09-19 02:06:19,852 [1fe901b2-7321-49f3-ab84-42b9a15df08a-groupManagement] INFO  server.RaftServer$Division (ServerState.java:<init>(120)) - 1fe901b2-7321-49f3-ab84-42b9a15df08a@group-561C02F2D6E3: ConfigurationManager, init=-1: peers:[c519ac42-8cdc-4319-9f51-a3f7e63d0809|rpc:10.1.0.29:15138|admin:10.1.0.29:15137|client:10.1.0.29:15136|dataStream:10.1.0.29:15139|priority:0|startupRole:FOLLOWER, 1fe901b2-7321-49f3-ab84-42b9a15df08a|rpc:10.1.0.29:15129|admin:10.1.0.29:15128|client:10.1.0.29:15127|dataStream:10.1.0.29:15130|priority:1|startupRole:FOLLOWER, 33cb0de0-5ab7-4f61-b692-731671fbecae|rpc:10.1.0.29:15120|admin:10.1.0.29:15119|client:10.1.0.29:15118|dataStream:10.1.0.29:15121|priority:0|startupRole:FOLLOWER]|listeners:[], old=null, confs=<EMPTY_MAP>
2023-09-19 02:06:19,852 [1fe901b2-7321-49f3-ab84-42b9a15df08a-groupManagement] INFO  server.RaftServerConfigKeys (ConfUtils.java:logGet(46)) - raft.server.storage.dir = [/home/runner/work/ozone/ozone/hadoop-ozone/integration-test/target/test-dir/MiniOzoneClusterImpl-580a45e0-de24-452d-9431-a8422bda96cb/datanode-1/data/ratis] (custom)
2023-09-19 02:06:19,852 [1fe901b2-7321-49f3-ab84-42b9a15df08a-groupManagement] INFO  server.RaftServerConfigKeys (ConfUtils.java:logGet(46)) - raft.server.log.corruption.policy = EXCEPTION (default)
2023-09-19 02:06:19,852 [1fe901b2-7321-49f3-ab84-42b9a15df08a-groupManagement] INFO  server.RaftServerConfigKeys (ConfUtils.java:logGet(46)) - raft.server.storage.free-space.min = 0MB (=0) (default)
2023-09-19 02:06:19,852 [1fe901b2-7321-49f3-ab84-42b9a15df08a-groupManagement] INFO  server.RaftServerConfigKeys (ConfUtils.java:logGet(46)) - raft.server.notification.no-leader.timeout = 300s (custom)
2023-09-19 02:06:19,852 [1fe901b2-7321-49f3-ab84-42b9a15df08a-groupManagement] INFO  server.RaftServerConfigKeys (ConfUtils.java:logGet(46)) - raft.server.read.timeout = 10s (default)
2023-09-19 02:06:19,852 [1fe901b2-7321-49f3-ab84-42b9a15df08a-groupManagement] INFO  server.RaftServerConfigKeys (ConfUtils.java:logGet(46)) - raft.server.retrycache.expirytime = 600000ms (custom)
2023-09-19 02:06:19,852 [1fe901b2-7321-49f3-ab84-42b9a15df08a-groupManagement] INFO  server.RaftServerConfigKeys (ConfUtils.java:logGet(46)) - raft.server.retrycache.statistics.expirytime = 100μs (default)
2023-09-19 02:06:19,852 [1fe901b2-7321-49f3-ab84-42b9a15df08a-groupManagement] INFO  server.RaftServerConfigKeys (ConfUtils.java:logGet(46)) - raft.server.read.option = DEFAULT (default)
2023-09-19 02:06:19,853 [1fe901b2-7321-49f3-ab84-42b9a15df08a-groupManagement] INFO  server.RaftServerConfigKeys (ConfUtils.java:logGet(46)) - raft.server.rpc.request.timeout = 60s (custom)
2023-09-19 02:06:19,853 [1fe901b2-7321-49f3-ab84-42b9a15df08a-groupManagement] INFO  server.RaftServerConfigKeys (ConfUtils.java:logGet(46)) - raft.server.log.appender.install.snapshot.enabled = false (custom)
2023-09-19 02:06:19,853 [1fe901b2-7321-49f3-ab84-42b9a15df08a-groupManagement] INFO  server.RaftServerConfigKeys (ConfUtils.java:logGet(46)) - raft.server.threadpool.server.cached = true (default)
2023-09-19 02:06:19,853 [1fe901b2-7321-49f3-ab84-42b9a15df08a-groupManagement] INFO  server.RaftServerConfigKeys (ConfUtils.java:logGet(46)) - raft.server.threadpool.server.size = 0 (default)
2023-09-19 02:06:19,853 [1fe901b2-7321-49f3-ab84-42b9a15df08a-groupManagement] INFO  server.RaftServerConfigKeys (ConfUtils.java:logGet(46)) - raft.server.threadpool.client.cached = true (default)
2023-09-19 02:06:19,853 [1fe901b2-7321-49f3-ab84-42b9a15df08a-groupManagement] INFO  server.RaftServerConfigKeys (ConfUtils.java:logGet(46)) - raft.server.threadpool.client.size = 0 (default)
2023-09-19 02:06:19,853 [1fe901b2-7321-49f3-ab84-42b9a15df08a-groupManagement] INFO  storage.RaftStorageDirectory (RaftStorageDirectoryImpl.java:analyzeStorage(137)) - The storage directory /home/runner/work/ozone/ozone/hadoop-ozone/integration-test/target/test-dir/MiniOzoneClusterImpl-580a45e0-de24-452d-9431-a8422bda96cb/datanode-1/data/ratis/a1c1a8f2-c1e3-4da9-a6c3-561c02f2d6e3 does not exist. Creating ...
2023-09-19 02:06:19,854 [1fe901b2-7321-49f3-ab84-42b9a15df08a-groupManagement] INFO  storage.RaftStorageDirectory (RaftStorageDirectoryImpl.java:tryLock(231)) - Lock on /home/runner/work/ozone/ozone/hadoop-ozone/integration-test/target/test-dir/MiniOzoneClusterImpl-580a45e0-de24-452d-9431-a8422bda96cb/datanode-1/data/ratis/a1c1a8f2-c1e3-4da9-a6c3-561c02f2d6e3/in_use.lock acquired by nodename 7315@fv-az1031-92
2023-09-19 02:06:19,855 [1fe901b2-7321-49f3-ab84-42b9a15df08a-groupManagement] INFO  storage.RaftStorage (RaftStorageImpl.java:format(96)) - Storage directory /home/runner/work/ozone/ozone/hadoop-ozone/integration-test/target/test-dir/MiniOzoneClusterImpl-580a45e0-de24-452d-9431-a8422bda96cb/datanode-1/data/ratis/a1c1a8f2-c1e3-4da9-a6c3-561c02f2d6e3 has been successfully formatted.
2023-09-19 02:06:19,857 [1fe901b2-7321-49f3-ab84-42b9a15df08a-groupManagement] INFO  ratis.ContainerStateMachine (ContainerStateMachine.java:loadSnapshot(262)) - group-561C02F2D6E3: The snapshot info is null. Setting the last applied indexto:(t:0, i:~)
2023-09-19 02:06:19,857 [1fe901b2-7321-49f3-ab84-42b9a15df08a-groupManagement] INFO  server.RaftServerConfigKeys (ConfUtils.java:logGet(46)) - raft.server.log.use.memory = false (default)
2023-09-19 02:06:19,857 [1fe901b2-7321-49f3-ab84-42b9a15df08a-groupManagement] INFO  server.RaftServerConfigKeys (ConfUtils.java:logGet(46)) - raft.server.log.purge.gap = 1000000 (custom)
2023-09-19 02:06:19,857 [1fe901b2-7321-49f3-ab84-42b9a15df08a-groupManagement] INFO  server.RaftServerConfigKeys (ConfUtils.java:logGet(46)) - raft.server.log.appender.buffer.byte-limit = 33554432 (custom)
2023-09-19 02:06:19,857 [1fe901b2-7321-49f3-ab84-42b9a15df08a-groupManagement] INFO  server.RaftServerConfigKeys (ConfUtils.java:logGet(46)) - raft.server.log.statemachine.data.read.timeout = 1000ms (default)
2023-09-19 02:06:19,857 [1fe901b2-7321-49f3-ab84-42b9a15df08a-groupManagement] INFO  server.RaftServerConfigKeys (ConfUtils.java:logGet(46)) - raft.server.log.purge.preservation.log.num = 0 (default)
2023-09-19 02:06:19,857 [1fe901b2-7321-49f3-ab84-42b9a15df08a-groupManagement] INFO  server.RaftServerConfigKeys (ConfUtils.java:logGet(46)) - raft.server.log.segment.size.max = 1048576 (custom)
2023-09-19 02:06:19,858 [1fe901b2-7321-49f3-ab84-42b9a15df08a-groupManagement] INFO  server.RaftServerConfigKeys (ConfUtils.java:logGet(46)) - raft.server.log.segment.cache.num.max = 2 (custom)
2023-09-19 02:06:19,858 [1fe901b2-7321-49f3-ab84-42b9a15df08a-groupManagement] INFO  server.RaftServerConfigKeys (ConfUtils.java:logGet(46)) - raft.server.log.segment.cache.size.max = 200MB (=209715200) (default)
2023-09-19 02:06:19,858 [1fe901b2-7321-49f3-ab84-42b9a15df08a-groupManagement] INFO  server.RaftServerConfigKeys (ConfUtils.java:logGet(46)) - raft.server.log.appender.buffer.byte-limit = 33554432 (custom)
2023-09-19 02:06:19,858 [1fe901b2-7321-49f3-ab84-42b9a15df08a-groupManagement] INFO  segmented.SegmentedRaftLogWorker (SegmentedRaftLogWorker.java:<init>(188)) - new 1fe901b2-7321-49f3-ab84-42b9a15df08a@group-561C02F2D6E3-SegmentedRaftLogWorker for RaftStorageImpl:Storage Directory /home/runner/work/ozone/ozone/hadoop-ozone/integration-test/target/test-dir/MiniOzoneClusterImpl-580a45e0-de24-452d-9431-a8422bda96cb/datanode-1/data/ratis/a1c1a8f2-c1e3-4da9-a6c3-561c02f2d6e3
2023-09-19 02:06:19,858 [1fe901b2-7321-49f3-ab84-42b9a15df08a-groupManagement] INFO  server.RaftServerConfigKeys (ConfUtils.java:logGet(46)) - raft.server.log.queue.byte-limit = 4294967296 (custom)
2023-09-19 02:06:19,858 [1fe901b2-7321-49f3-ab84-42b9a15df08a-groupManagement] INFO  server.RaftServerConfigKeys (ConfUtils.java:logGet(46)) - raft.server.log.queue.element-limit = 1024 (custom)
2023-09-19 02:06:19,858 [1fe901b2-7321-49f3-ab84-42b9a15df08a-groupManagement] INFO  server.RaftServerConfigKeys (ConfUtils.java:logGet(46)) - raft.server.log.segment.size.max = 1048576 (custom)
2023-09-19 02:06:19,858 [1fe901b2-7321-49f3-ab84-42b9a15df08a-groupManagement] INFO  server.RaftServerConfigKeys (ConfUtils.java:logGet(46)) - raft.server.log.preallocated.size = 16384 (custom)
2023-09-19 02:06:19,858 [1fe901b2-7321-49f3-ab84-42b9a15df08a-groupManagement] INFO  server.RaftServerConfigKeys (ConfUtils.java:logGet(46)) - raft.server.log.force.sync.num = 128 (default)
2023-09-19 02:06:19,858 [1fe901b2-7321-49f3-ab84-42b9a15df08a-groupManagement] INFO  server.RaftServerConfigKeys (ConfUtils.java:logGet(46)) - raft.server.log.statemachine.data.sync = true (default)
2023-09-19 02:06:19,858 [1fe901b2-7321-49f3-ab84-42b9a15df08a-groupManagement] INFO  server.RaftServerConfigKeys (ConfUtils.java:logGet(46)) - raft.server.log.statemachine.data.sync.timeout = 10s (default)
2023-09-19 02:06:19,858 [1fe901b2-7321-49f3-ab84-42b9a15df08a-groupManagement] INFO  server.RaftServerConfigKeys (ConfUtils.java:logGet(46)) - raft.server.log.statemachine.data.sync.timeout.retry = -1 (default)
2023-09-19 02:06:19,859 [1fe901b2-7321-49f3-ab84-42b9a15df08a-groupManagement] INFO  server.RaftServerConfigKeys (ConfUtils.java:logGet(46)) - raft.server.log.write.buffer.size = 1048576 (custom)
2023-09-19 02:06:19,859 [1fe901b2-7321-49f3-ab84-42b9a15df08a-groupManagement] INFO  server.RaftServerConfigKeys (ConfUtils.java:logGet(46)) - raft.server.log.appender.buffer.byte-limit = 33554432 (custom)
2023-09-19 02:06:19,864 [1fe901b2-7321-49f3-ab84-42b9a15df08a-groupManagement] INFO  server.RaftServerConfigKeys (ConfUtils.java:logGet(46)) - raft.server.log.unsafe-flush.enabled = false (default)
2023-09-19 02:06:19,864 [1fe901b2-7321-49f3-ab84-42b9a15df08a-groupManagement] INFO  server.RaftServerConfigKeys (ConfUtils.java:logGet(46)) - raft.server.log.async-flush.enabled = false (default)
2023-09-19 02:06:19,864 [1fe901b2-7321-49f3-ab84-42b9a15df08a-groupManagement] INFO  server.RaftServerConfigKeys (ConfUtils.java:logGet(46)) - raft.server.log.statemachine.data.caching.enabled = true (custom)
2023-09-19 02:06:19,864 [1fe901b2-7321-49f3-ab84-42b9a15df08a-groupManagement] INFO  segmented.SegmentedRaftLogWorker (SegmentedRaftLogWorker.java:lambda$new$0(135)) - 1fe901b2-7321-49f3-ab84-42b9a15df08a@group-561C02F2D6E3-SegmentedRaftLogWorker: flushIndex: setUnconditionally 0 -> -1
2023-09-19 02:06:19,864 [1fe901b2-7321-49f3-ab84-42b9a15df08a-groupManagement] INFO  segmented.SegmentedRaftLogWorker (SegmentedRaftLogWorker.java:lambda$new$0(135)) - 1fe901b2-7321-49f3-ab84-42b9a15df08a@group-561C02F2D6E3-SegmentedRaftLogWorker: safeCacheEvictIndex: setUnconditionally 0 -> -1
2023-09-19 02:06:19,865 [1fe901b2-7321-49f3-ab84-42b9a15df08a-groupManagement] INFO  server.RaftServer$Division (RaftServerImpl.java:start(342)) - 1fe901b2-7321-49f3-ab84-42b9a15df08a@group-561C02F2D6E3: start as a follower, conf=-1: peers:[c519ac42-8cdc-4319-9f51-a3f7e63d0809|rpc:10.1.0.29:15138|admin:10.1.0.29:15137|client:10.1.0.29:15136|dataStream:10.1.0.29:15139|priority:0|startupRole:FOLLOWER, 1fe901b2-7321-49f3-ab84-42b9a15df08a|rpc:10.1.0.29:15129|admin:10.1.0.29:15128|client:10.1.0.29:15127|dataStream:10.1.0.29:15130|priority:1|startupRole:FOLLOWER, 33cb0de0-5ab7-4f61-b692-731671fbecae|rpc:10.1.0.29:15120|admin:10.1.0.29:15119|client:10.1.0.29:15118|dataStream:10.1.0.29:15121|priority:0|startupRole:FOLLOWER]|listeners:[], old=null
2023-09-19 02:06:19,865 [1fe901b2-7321-49f3-ab84-42b9a15df08a-groupManagement] INFO  server.RaftServer$Division (RaftServerImpl.java:setRole(329)) - 1fe901b2-7321-49f3-ab84-42b9a15df08a@group-561C02F2D6E3: changes role from      null to FOLLOWER at term 0 for startAsFollower
2023-09-19 02:06:19,865 [1fe901b2-7321-49f3-ab84-42b9a15df08a-groupManagement] INFO  impl.RoleInfo (RoleInfo.java:updateAndGet(139)) - 1fe901b2-7321-49f3-ab84-42b9a15df08a: start 1fe901b2-7321-49f3-ab84-42b9a15df08a@group-561C02F2D6E3-FollowerState
2023-09-19 02:06:19,865 [1fe901b2-7321-49f3-ab84-42b9a15df08a-groupManagement] INFO  util.JmxRegister (JmxRegister.java:tryRegister(44)) - Successfully registered JMX Bean with object name Ratis:service=RaftServer,group=group-561C02F2D6E3,id=1fe901b2-7321-49f3-ab84-42b9a15df08a
2023-09-19 02:06:19,865 [1fe901b2-7321-49f3-ab84-42b9a15df08a-groupManagement] INFO  server.RaftServerConfigKeys (ConfUtils.java:logGet(46)) - raft.server.snapshot.auto.trigger.enabled = true (custom)
2023-09-19 02:06:19,865 [1fe901b2-7321-49f3-ab84-42b9a15df08a-groupManagement] INFO  server.RaftServerConfigKeys (ConfUtils.java:logGet(46)) - raft.server.snapshot.auto.trigger.threshold = 10000 (custom)
2023-09-19 02:06:19,865 [1fe901b2-7321-49f3-ab84-42b9a15df08a-groupManagement] INFO  server.RaftServerConfigKeys (ConfUtils.java:logGet(46)) - raft.server.snapshot.retention.file.num = 5 (custom)
2023-09-19 02:06:19,865 [1fe901b2-7321-49f3-ab84-42b9a15df08a-groupManagement] INFO  server.RaftServerConfigKeys (ConfUtils.java:logGet(46)) - raft.server.log.purge.upto.snapshot.index = false (default)
2023-09-19 02:06:19,866 [1fe901b2-7321-49f3-ab84-42b9a15df08a@group-561C02F2D6E3-FollowerState] INFO  server.RaftServerConfigKeys (ConfUtils.java:logFallback(53)) - raft.server.rpc.first-election.timeout.min = 5s (fallback to raft.server.rpc.timeout.min)
2023-09-19 02:06:19,866 [1fe901b2-7321-49f3-ab84-42b9a15df08a@group-561C02F2D6E3-FollowerState] INFO  server.RaftServerConfigKeys (ConfUtils.java:logFallback(53)) - raft.server.rpc.first-election.timeout.max = 5200ms (fallback to raft.server.rpc.timeout.max)
2023-09-19 02:06:19,873 [PipelineCommandHandlerThread-0] INFO  commandhandler.CreatePipelineCommandHandler (CreatePipelineCommandHandler.java:lambda$handle$2(124)) - Created Pipeline RATIS THREE PipelineID=a1c1a8f2-c1e3-4da9-a6c3-561c02f2d6e3.
2023-09-19 02:06:19,874 [PipelineCommandHandlerThread-0] INFO  server.RaftServer (RaftServerProxy.java:addNew(98)) - 33cb0de0-5ab7-4f61-b692-731671fbecae: addNew group-6DEA495A8084:[c519ac42-8cdc-4319-9f51-a3f7e63d0809|rpc:10.1.0.29:15138|admin:10.1.0.29:15137|client:10.1.0.29:15136|dataStream:10.1.0.29:15139|priority:0|startupRole:FOLLOWER, 1fe901b2-7321-49f3-ab84-42b9a15df08a|rpc:10.1.0.29:15129|admin:10.1.0.29:15128|client:10.1.0.29:15127|dataStream:10.1.0.29:15130|priority:0|startupRole:FOLLOWER, 33cb0de0-5ab7-4f61-b692-731671fbecae|rpc:10.1.0.29:15120|admin:10.1.0.29:15119|client:10.1.0.29:15118|dataStream:10.1.0.29:15121|priority:1|startupRole:FOLLOWER] returns group-6DEA495A8084:java.util.concurrent.CompletableFuture@3070c1d1[Not completed]
2023-09-19 02:06:19,875 [33cb0de0-5ab7-4f61-b692-731671fbecae-groupManagement] INFO  server.RaftServer$Division (RaftServerImpl.java:<init>(198)) - 33cb0de0-5ab7-4f61-b692-731671fbecae: new RaftServerImpl for group-6DEA495A8084:[c519ac42-8cdc-4319-9f51-a3f7e63d0809|rpc:10.1.0.29:15138|admin:10.1.0.29:15137|client:10.1.0.29:15136|dataStream:10.1.0.29:15139|priority:0|startupRole:FOLLOWER, 1fe901b2-7321-49f3-ab84-42b9a15df08a|rpc:10.1.0.29:15129|admin:10.1.0.29:15128|client:10.1.0.29:15127|dataStream:10.1.0.29:15130|priority:0|startupRole:FOLLOWER, 33cb0de0-5ab7-4f61-b692-731671fbecae|rpc:10.1.0.29:15120|admin:10.1.0.29:15119|client:10.1.0.29:15118|dataStream:10.1.0.29:15121|priority:1|startupRole:FOLLOWER] with ContainerStateMachine:uninitialized
2023-09-19 02:06:19,875 [33cb0de0-5ab7-4f61-b692-731671fbecae-groupManagement] INFO  server.RaftServerConfigKeys (ConfUtils.java:logGet(46)) - raft.server.rpc.timeout.min = 5s (custom)
2023-09-19 02:06:19,875 [33cb0de0-5ab7-4f61-b692-731671fbecae-groupManagement] INFO  server.RaftServerConfigKeys (ConfUtils.java:logGet(46)) - raft.server.rpc.timeout.max = 5200ms (custom)
2023-09-19 02:06:19,875 [33cb0de0-5ab7-4f61-b692-731671fbecae-groupManagement] INFO  server.RaftServerConfigKeys (ConfUtils.java:logGet(46)) - raft.server.rpc.sleep.time = 25ms (default)
2023-09-19 02:06:19,875 [33cb0de0-5ab7-4f61-b692-731671fbecae-groupManagement] INFO  server.RaftServerConfigKeys (ConfUtils.java:logGet(46)) - raft.server.rpc.slowness.timeout = 300s (custom)
2023-09-19 02:06:19,875 [33cb0de0-5ab7-4f61-b692-731671fbecae-groupManagement] INFO  server.RaftServerConfigKeys (ConfUtils.java:logGet(46)) - raft.server.leaderelection.leader.step-down.wait-time = 10s (default)
2023-09-19 02:06:19,875 [33cb0de0-5ab7-4f61-b692-731671fbecae-groupManagement] INFO  server.RaftServerConfigKeys (ConfUtils.java:logGet(46)) - raft.server.sleep.deviation.threshold = 300ms (default)
2023-09-19 02:06:19,875 [33cb0de0-5ab7-4f61-b692-731671fbecae-groupManagement] INFO  server.RaftServer$Division (ServerState.java:<init>(120)) - 33cb0de0-5ab7-4f61-b692-731671fbecae@group-6DEA495A8084: ConfigurationManager, init=-1: peers:[c519ac42-8cdc-4319-9f51-a3f7e63d0809|rpc:10.1.0.29:15138|admin:10.1.0.29:15137|client:10.1.0.29:15136|dataStream:10.1.0.29:15139|priority:0|startupRole:FOLLOWER, 1fe901b2-7321-49f3-ab84-42b9a15df08a|rpc:10.1.0.29:15129|admin:10.1.0.29:15128|client:10.1.0.29:15127|dataStream:10.1.0.29:15130|priority:0|startupRole:FOLLOWER, 33cb0de0-5ab7-4f61-b692-731671fbecae|rpc:10.1.0.29:15120|admin:10.1.0.29:15119|client:10.1.0.29:15118|dataStream:10.1.0.29:15121|priority:1|startupRole:FOLLOWER]|listeners:[], old=null, confs=<EMPTY_MAP>
2023-09-19 02:06:19,875 [33cb0de0-5ab7-4f61-b692-731671fbecae-groupManagement] INFO  server.RaftServerConfigKeys (ConfUtils.java:logGet(46)) - raft.server.storage.dir = [/home/runner/work/ozone/ozone/hadoop-ozone/integration-test/target/test-dir/MiniOzoneClusterImpl-580a45e0-de24-452d-9431-a8422bda96cb/datanode-0/data/ratis] (custom)
2023-09-19 02:06:19,875 [33cb0de0-5ab7-4f61-b692-731671fbecae-groupManagement] INFO  server.RaftServerConfigKeys (ConfUtils.java:logGet(46)) - raft.server.log.corruption.policy = EXCEPTION (default)
2023-09-19 02:06:19,875 [33cb0de0-5ab7-4f61-b692-731671fbecae-groupManagement] INFO  server.RaftServerConfigKeys (ConfUtils.java:logGet(46)) - raft.server.storage.free-space.min = 0MB (=0) (default)
2023-09-19 02:06:19,875 [33cb0de0-5ab7-4f61-b692-731671fbecae-groupManagement] INFO  server.RaftServerConfigKeys (ConfUtils.java:logGet(46)) - raft.server.notification.no-leader.timeout = 300s (custom)
2023-09-19 02:06:19,875 [33cb0de0-5ab7-4f61-b692-731671fbecae-groupManagement] INFO  server.RaftServerConfigKeys (ConfUtils.java:logGet(46)) - raft.server.read.timeout = 10s (default)
2023-09-19 02:06:19,875 [33cb0de0-5ab7-4f61-b692-731671fbecae-groupManagement] INFO  server.RaftServerConfigKeys (ConfUtils.java:logGet(46)) - raft.server.retrycache.expirytime = 600000ms (custom)
2023-09-19 02:06:19,875 [33cb0de0-5ab7-4f61-b692-731671fbecae-groupManagement] INFO  server.RaftServerConfigKeys (ConfUtils.java:logGet(46)) - raft.server.retrycache.statistics.expirytime = 100μs (default)
2023-09-19 02:06:19,875 [33cb0de0-5ab7-4f61-b692-731671fbecae-groupManagement] INFO  server.RaftServerConfigKeys (ConfUtils.java:logGet(46)) - raft.server.read.option = DEFAULT (default)
2023-09-19 02:06:19,876 [33cb0de0-5ab7-4f61-b692-731671fbecae-groupManagement] INFO  server.RaftServerConfigKeys (ConfUtils.java:logGet(46)) - raft.server.rpc.request.timeout = 60s (custom)
2023-09-19 02:06:19,876 [33cb0de0-5ab7-4f61-b692-731671fbecae-groupManagement] INFO  server.RaftServerConfigKeys (ConfUtils.java:logGet(46)) - raft.server.log.appender.install.snapshot.enabled = false (custom)
2023-09-19 02:06:19,876 [33cb0de0-5ab7-4f61-b692-731671fbecae-groupManagement] INFO  server.RaftServerConfigKeys (ConfUtils.java:logGet(46)) - raft.server.threadpool.server.cached = true (default)
2023-09-19 02:06:19,876 [33cb0de0-5ab7-4f61-b692-731671fbecae-groupManagement] INFO  server.RaftServerConfigKeys (ConfUtils.java:logGet(46)) - raft.server.threadpool.server.size = 0 (default)
2023-09-19 02:06:19,876 [33cb0de0-5ab7-4f61-b692-731671fbecae-groupManagement] INFO  server.RaftServerConfigKeys (ConfUtils.java:logGet(46)) - raft.server.threadpool.client.cached = true (default)
2023-09-19 02:06:19,876 [33cb0de0-5ab7-4f61-b692-731671fbecae-groupManagement] INFO  server.RaftServerConfigKeys (ConfUtils.java:logGet(46)) - raft.server.threadpool.client.size = 0 (default)
2023-09-19 02:06:19,876 [33cb0de0-5ab7-4f61-b692-731671fbecae-groupManagement] INFO  storage.RaftStorageDirectory (RaftStorageDirectoryImpl.java:analyzeStorage(137)) - The storage directory /home/runner/work/ozone/ozone/hadoop-ozone/integration-test/target/test-dir/MiniOzoneClusterImpl-580a45e0-de24-452d-9431-a8422bda96cb/datanode-0/data/ratis/7d7ff0ba-2b2f-46dc-a98b-6dea495a8084 does not exist. Creating ...
2023-09-19 02:06:19,877 [33cb0de0-5ab7-4f61-b692-731671fbecae-groupManagement] INFO  storage.RaftStorageDirectory (RaftStorageDirectoryImpl.java:tryLock(231)) - Lock on /home/runner/work/ozone/ozone/hadoop-ozone/integration-test/target/test-dir/MiniOzoneClusterImpl-580a45e0-de24-452d-9431-a8422bda96cb/datanode-0/data/ratis/7d7ff0ba-2b2f-46dc-a98b-6dea495a8084/in_use.lock acquired by nodename 7315@fv-az1031-92
2023-09-19 02:06:19,879 [33cb0de0-5ab7-4f61-b692-731671fbecae-groupManagement] INFO  storage.RaftStorage (RaftStorageImpl.java:format(96)) - Storage directory /home/runner/work/ozone/ozone/hadoop-ozone/integration-test/target/test-dir/MiniOzoneClusterImpl-580a45e0-de24-452d-9431-a8422bda96cb/datanode-0/data/ratis/7d7ff0ba-2b2f-46dc-a98b-6dea495a8084 has been successfully formatted.
2023-09-19 02:06:19,879 [33cb0de0-5ab7-4f61-b692-731671fbecae-groupManagement] INFO  ratis.ContainerStateMachine (ContainerStateMachine.java:loadSnapshot(262)) - group-6DEA495A8084: The snapshot info is null. Setting the last applied indexto:(t:0, i:~)
2023-09-19 02:06:19,880 [EventQueue-OpenPipelineForHealthyPipelineSafeModeRule] INFO  safemode.SCMSafeModeManager (HealthyPipelineSafeModeRule.java:process(137)) - SCM in safe mode. Healthy pipelines reported count is 0, required healthy pipeline reported count is 1
2023-09-19 02:06:19,880 [33cb0de0-5ab7-4f61-b692-731671fbecae-groupManagement] INFO  server.RaftServerConfigKeys (ConfUtils.java:logGet(46)) - raft.server.log.use.memory = false (default)
2023-09-19 02:06:19,880 [33cb0de0-5ab7-4f61-b692-731671fbecae-groupManagement] INFO  server.RaftServerConfigKeys (ConfUtils.java:logGet(46)) - raft.server.log.purge.gap = 1000000 (custom)
2023-09-19 02:06:19,880 [33cb0de0-5ab7-4f61-b692-731671fbecae-groupManagement] INFO  server.RaftServerConfigKeys (ConfUtils.java:logGet(46)) - raft.server.log.appender.buffer.byte-limit = 33554432 (custom)
2023-09-19 02:06:19,880 [33cb0de0-5ab7-4f61-b692-731671fbecae-groupManagement] INFO  server.RaftServerConfigKeys (ConfUtils.java:logGet(46)) - raft.server.log.statemachine.data.read.timeout = 1000ms (default)
2023-09-19 02:06:19,880 [33cb0de0-5ab7-4f61-b692-731671fbecae-groupManagement] INFO  server.RaftServerConfigKeys (ConfUtils.java:logGet(46)) - raft.server.log.purge.preservation.log.num = 0 (default)
2023-09-19 02:06:19,880 [33cb0de0-5ab7-4f61-b692-731671fbecae-groupManagement] INFO  server.RaftServerConfigKeys (ConfUtils.java:logGet(46)) - raft.server.log.segment.size.max = 1048576 (custom)
2023-09-19 02:06:19,881 [33cb0de0-5ab7-4f61-b692-731671fbecae-groupManagement] INFO  server.RaftServerConfigKeys (ConfUtils.java:logGet(46)) - raft.server.log.segment.cache.num.max = 2 (custom)
2023-09-19 02:06:19,881 [33cb0de0-5ab7-4f61-b692-731671fbecae-groupManagement] INFO  server.RaftServerConfigKeys (ConfUtils.java:logGet(46)) - raft.server.log.segment.cache.size.max = 200MB (=209715200) (default)
2023-09-19 02:06:19,881 [33cb0de0-5ab7-4f61-b692-731671fbecae-groupManagement] INFO  server.RaftServerConfigKeys (ConfUtils.java:logGet(46)) - raft.server.log.appender.buffer.byte-limit = 33554432 (custom)
2023-09-19 02:06:19,881 [33cb0de0-5ab7-4f61-b692-731671fbecae-groupManagement] INFO  segmented.SegmentedRaftLogWorker (SegmentedRaftLogWorker.java:<init>(188)) - new 33cb0de0-5ab7-4f61-b692-731671fbecae@group-6DEA495A8084-SegmentedRaftLogWorker for RaftStorageImpl:Storage Directory /home/runner/work/ozone/ozone/hadoop-ozone/integration-test/target/test-dir/MiniOzoneClusterImpl-580a45e0-de24-452d-9431-a8422bda96cb/datanode-0/data/ratis/7d7ff0ba-2b2f-46dc-a98b-6dea495a8084
2023-09-19 02:06:19,881 [33cb0de0-5ab7-4f61-b692-731671fbecae-groupManagement] INFO  server.RaftServerConfigKeys (ConfUtils.java:logGet(46)) - raft.server.log.queue.byte-limit = 4294967296 (custom)
2023-09-19 02:06:19,881 [33cb0de0-5ab7-4f61-b692-731671fbecae-groupManagement] INFO  server.RaftServerConfigKeys (ConfUtils.java:logGet(46)) - raft.server.log.queue.element-limit = 1024 (custom)
2023-09-19 02:06:19,881 [33cb0de0-5ab7-4f61-b692-731671fbecae-groupManagement] INFO  server.RaftServerConfigKeys (ConfUtils.java:logGet(46)) - raft.server.log.segment.size.max = 1048576 (custom)
2023-09-19 02:06:19,881 [33cb0de0-5ab7-4f61-b692-731671fbecae-groupManagement] INFO  server.RaftServerConfigKeys (ConfUtils.java:logGet(46)) - raft.server.log.preallocated.size = 16384 (custom)
2023-09-19 02:06:19,881 [33cb0de0-5ab7-4f61-b692-731671fbecae-groupManagement] INFO  server.RaftServerConfigKeys (ConfUtils.java:logGet(46)) - raft.server.log.force.sync.num = 128 (default)
2023-09-19 02:06:19,881 [33cb0de0-5ab7-4f61-b692-731671fbecae-groupManagement] INFO  server.RaftServerConfigKeys (ConfUtils.java:logGet(46)) - raft.server.log.statemachine.data.sync = true (default)
2023-09-19 02:06:19,881 [33cb0de0-5ab7-4f61-b692-731671fbecae-groupManagement] INFO  server.RaftServerConfigKeys (ConfUtils.java:logGet(46)) - raft.server.log.statemachine.data.sync.timeout = 10s (default)
2023-09-19 02:06:19,881 [33cb0de0-5ab7-4f61-b692-731671fbecae-groupManagement] INFO  server.RaftServerConfigKeys (ConfUtils.java:logGet(46)) - raft.server.log.statemachine.data.sync.timeout.retry = -1 (default)
2023-09-19 02:06:19,882 [33cb0de0-5ab7-4f61-b692-731671fbecae-groupManagement] INFO  server.RaftServerConfigKeys (ConfUtils.java:logGet(46)) - raft.server.log.write.buffer.size = 1048576 (custom)
2023-09-19 02:06:19,882 [33cb0de0-5ab7-4f61-b692-731671fbecae-groupManagement] INFO  server.RaftServerConfigKeys (ConfUtils.java:logGet(46)) - raft.server.log.appender.buffer.byte-limit = 33554432 (custom)
2023-09-19 02:06:19,887 [33cb0de0-5ab7-4f61-b692-731671fbecae-groupManagement] INFO  server.RaftServerConfigKeys (ConfUtils.java:logGet(46)) - raft.server.log.unsafe-flush.enabled = false (default)
2023-09-19 02:06:19,887 [33cb0de0-5ab7-4f61-b692-731671fbecae-groupManagement] INFO  server.RaftServerConfigKeys (ConfUtils.java:logGet(46)) - raft.server.log.async-flush.enabled = false (default)
2023-09-19 02:06:19,887 [33cb0de0-5ab7-4f61-b692-731671fbecae-groupManagement] INFO  server.RaftServerConfigKeys (ConfUtils.java:logGet(46)) - raft.server.log.statemachine.data.caching.enabled = true (custom)
2023-09-19 02:06:19,887 [33cb0de0-5ab7-4f61-b692-731671fbecae-groupManagement] INFO  segmented.SegmentedRaftLogWorker (SegmentedRaftLogWorker.java:lambda$new$0(135)) - 33cb0de0-5ab7-4f61-b692-731671fbecae@group-6DEA495A8084-SegmentedRaftLogWorker: flushIndex: setUnconditionally 0 -> -1
2023-09-19 02:06:19,887 [33cb0de0-5ab7-4f61-b692-731671fbecae-groupManagement] INFO  segmented.SegmentedRaftLogWorker (SegmentedRaftLogWorker.java:lambda$new$0(135)) - 33cb0de0-5ab7-4f61-b692-731671fbecae@group-6DEA495A8084-SegmentedRaftLogWorker: safeCacheEvictIndex: setUnconditionally 0 -> -1
2023-09-19 02:06:19,888 [33cb0de0-5ab7-4f61-b692-731671fbecae-groupManagement] INFO  server.RaftServer$Division (RaftServerImpl.java:start(342)) - 33cb0de0-5ab7-4f61-b692-731671fbecae@group-6DEA495A8084: start as a follower, conf=-1: peers:[c519ac42-8cdc-4319-9f51-a3f7e63d0809|rpc:10.1.0.29:15138|admin:10.1.0.29:15137|client:10.1.0.29:15136|dataStream:10.1.0.29:15139|priority:0|startupRole:FOLLOWER, 1fe901b2-7321-49f3-ab84-42b9a15df08a|rpc:10.1.0.29:15129|admin:10.1.0.29:15128|client:10.1.0.29:15127|dataStream:10.1.0.29:15130|priority:0|startupRole:FOLLOWER, 33cb0de0-5ab7-4f61-b692-731671fbecae|rpc:10.1.0.29:15120|admin:10.1.0.29:15119|client:10.1.0.29:15118|dataStream:10.1.0.29:15121|priority:1|startupRole:FOLLOWER]|listeners:[], old=null
2023-09-19 02:06:19,888 [33cb0de0-5ab7-4f61-b692-731671fbecae-groupManagement] INFO  server.RaftServer$Division (RaftServerImpl.java:setRole(329)) - 33cb0de0-5ab7-4f61-b692-731671fbecae@group-6DEA495A8084: changes role from      null to FOLLOWER at term 0 for startAsFollower
2023-09-19 02:06:19,888 [33cb0de0-5ab7-4f61-b692-731671fbecae-groupManagement] INFO  impl.RoleInfo (RoleInfo.java:updateAndGet(139)) - 33cb0de0-5ab7-4f61-b692-731671fbecae: start 33cb0de0-5ab7-4f61-b692-731671fbecae@group-6DEA495A8084-FollowerState
2023-09-19 02:06:19,890 [33cb0de0-5ab7-4f61-b692-731671fbecae-groupManagement] INFO  util.JmxRegister (JmxRegister.java:tryRegister(44)) - Successfully registered JMX Bean with object name Ratis:service=RaftServer,group=group-6DEA495A8084,id=33cb0de0-5ab7-4f61-b692-731671fbecae
2023-09-19 02:06:19,890 [33cb0de0-5ab7-4f61-b692-731671fbecae-groupManagement] INFO  server.RaftServerConfigKeys (ConfUtils.java:logGet(46)) - raft.server.snapshot.auto.trigger.enabled = true (custom)
2023-09-19 02:06:19,890 [33cb0de0-5ab7-4f61-b692-731671fbecae-groupManagement] INFO  server.RaftServerConfigKeys (ConfUtils.java:logGet(46)) - raft.server.snapshot.auto.trigger.threshold = 10000 (custom)
2023-09-19 02:06:19,890 [33cb0de0-5ab7-4f61-b692-731671fbecae-groupManagement] INFO  server.RaftServerConfigKeys (ConfUtils.java:logGet(46)) - raft.server.snapshot.retention.file.num = 5 (custom)
2023-09-19 02:06:19,890 [33cb0de0-5ab7-4f61-b692-731671fbecae-groupManagement] INFO  server.RaftServerConfigKeys (ConfUtils.java:logGet(46)) - raft.server.log.purge.upto.snapshot.index = false (default)
2023-09-19 02:06:19,891 [33cb0de0-5ab7-4f61-b692-731671fbecae@group-6DEA495A8084-FollowerState] INFO  server.RaftServerConfigKeys (ConfUtils.java:logFallback(53)) - raft.server.rpc.first-election.timeout.min = 5s (fallback to raft.server.rpc.timeout.min)
2023-09-19 02:06:19,891 [33cb0de0-5ab7-4f61-b692-731671fbecae@group-6DEA495A8084-FollowerState] INFO  server.RaftServerConfigKeys (ConfUtils.java:logFallback(53)) - raft.server.rpc.first-election.timeout.max = 5200ms (fallback to raft.server.rpc.timeout.max)
2023-09-19 02:06:19,893 [PipelineCommandHandlerThread-0] INFO  ratis.XceiverServerRatis (XceiverServerRatis.java:addGroup(804)) - Created group PipelineID=7d7ff0ba-2b2f-46dc-a98b-6dea495a8084
2023-09-19 02:06:19,916 [grpc-default-executor-0] INFO  server.RaftServer (RaftServerProxy.java:addNew(98)) - 1fe901b2-7321-49f3-ab84-42b9a15df08a: addNew group-6DEA495A8084:[c519ac42-8cdc-4319-9f51-a3f7e63d0809|rpc:10.1.0.29:15138|admin:10.1.0.29:15137|client:10.1.0.29:15136|dataStream:10.1.0.29:15139|priority:0|startupRole:FOLLOWER, 1fe901b2-7321-49f3-ab84-42b9a15df08a|rpc:10.1.0.29:15129|admin:10.1.0.29:15128|client:10.1.0.29:15127|dataStream:10.1.0.29:15130|priority:0|startupRole:FOLLOWER, 33cb0de0-5ab7-4f61-b692-731671fbecae|rpc:10.1.0.29:15120|admin:10.1.0.29:15119|client:10.1.0.29:15118|dataStream:10.1.0.29:15121|priority:1|startupRole:FOLLOWER] returns group-6DEA495A8084:java.util.concurrent.CompletableFuture@5b4ec9f3[Not completed]
2023-09-19 02:06:19,917 [1fe901b2-7321-49f3-ab84-42b9a15df08a-groupManagement] INFO  server.RaftServer$Division (RaftServerImpl.java:<init>(198)) - 1fe901b2-7321-49f3-ab84-42b9a15df08a: new RaftServerImpl for group-6DEA495A8084:[c519ac42-8cdc-4319-9f51-a3f7e63d0809|rpc:10.1.0.29:15138|admin:10.1.0.29:15137|client:10.1.0.29:15136|dataStream:10.1.0.29:15139|priority:0|startupRole:FOLLOWER, 1fe901b2-7321-49f3-ab84-42b9a15df08a|rpc:10.1.0.29:15129|admin:10.1.0.29:15128|client:10.1.0.29:15127|dataStream:10.1.0.29:15130|priority:0|startupRole:FOLLOWER, 33cb0de0-5ab7-4f61-b692-731671fbecae|rpc:10.1.0.29:15120|admin:10.1.0.29:15119|client:10.1.0.29:15118|dataStream:10.1.0.29:15121|priority:1|startupRole:FOLLOWER] with ContainerStateMachine:uninitialized
2023-09-19 02:06:19,917 [1fe901b2-7321-49f3-ab84-42b9a15df08a-groupManagement] INFO  server.RaftServerConfigKeys (ConfUtils.java:logGet(46)) - raft.server.rpc.timeout.min = 5s (custom)
2023-09-19 02:06:19,917 [1fe901b2-7321-49f3-ab84-42b9a15df08a-groupManagement] INFO  server.RaftServerConfigKeys (ConfUtils.java:logGet(46)) - raft.server.rpc.timeout.max = 5200ms (custom)
2023-09-19 02:06:19,918 [1fe901b2-7321-49f3-ab84-42b9a15df08a-groupManagement] INFO  server.RaftServerConfigKeys (ConfUtils.java:logGet(46)) - raft.server.rpc.sleep.time = 25ms (default)
2023-09-19 02:06:19,918 [1fe901b2-7321-49f3-ab84-42b9a15df08a-groupManagement] INFO  server.RaftServerConfigKeys (ConfUtils.java:logGet(46)) - raft.server.rpc.slowness.timeout = 300s (custom)
2023-09-19 02:06:19,918 [1fe901b2-7321-49f3-ab84-42b9a15df08a-groupManagement] INFO  server.RaftServerConfigKeys (ConfUtils.java:logGet(46)) - raft.server.leaderelection.leader.step-down.wait-time = 10s (default)
2023-09-19 02:06:19,918 [1fe901b2-7321-49f3-ab84-42b9a15df08a-groupManagement] INFO  server.RaftServerConfigKeys (ConfUtils.java:logGet(46)) - raft.server.sleep.deviation.threshold = 300ms (default)
2023-09-19 02:06:19,918 [1fe901b2-7321-49f3-ab84-42b9a15df08a-groupManagement] INFO  server.RaftServer$Division (ServerState.java:<init>(120)) - 1fe901b2-7321-49f3-ab84-42b9a15df08a@group-6DEA495A8084: ConfigurationManager, init=-1: peers:[c519ac42-8cdc-4319-9f51-a3f7e63d0809|rpc:10.1.0.29:15138|admin:10.1.0.29:15137|client:10.1.0.29:15136|dataStream:10.1.0.29:15139|priority:0|startupRole:FOLLOWER, 1fe901b2-7321-49f3-ab84-42b9a15df08a|rpc:10.1.0.29:15129|admin:10.1.0.29:15128|client:10.1.0.29:15127|dataStream:10.1.0.29:15130|priority:0|startupRole:FOLLOWER, 33cb0de0-5ab7-4f61-b692-731671fbecae|rpc:10.1.0.29:15120|admin:10.1.0.29:15119|client:10.1.0.29:15118|dataStream:10.1.0.29:15121|priority:1|startupRole:FOLLOWER]|listeners:[], old=null, confs=<EMPTY_MAP>
2023-09-19 02:06:19,918 [1fe901b2-7321-49f3-ab84-42b9a15df08a-groupManagement] INFO  server.RaftServerConfigKeys (ConfUtils.java:logGet(46)) - raft.server.storage.dir = [/home/runner/work/ozone/ozone/hadoop-ozone/integration-test/target/test-dir/MiniOzoneClusterImpl-580a45e0-de24-452d-9431-a8422bda96cb/datanode-1/data/ratis] (custom)
2023-09-19 02:06:19,918 [1fe901b2-7321-49f3-ab84-42b9a15df08a-groupManagement] INFO  server.RaftServerConfigKeys (ConfUtils.java:logGet(46)) - raft.server.log.corruption.policy = EXCEPTION (default)
2023-09-19 02:06:19,918 [1fe901b2-7321-49f3-ab84-42b9a15df08a-groupManagement] INFO  server.RaftServerConfigKeys (ConfUtils.java:logGet(46)) - raft.server.storage.free-space.min = 0MB (=0) (default)
2023-09-19 02:06:19,918 [1fe901b2-7321-49f3-ab84-42b9a15df08a-groupManagement] INFO  server.RaftServerConfigKeys (ConfUtils.java:logGet(46)) - raft.server.notification.no-leader.timeout = 300s (custom)
2023-09-19 02:06:19,918 [1fe901b2-7321-49f3-ab84-42b9a15df08a-groupManagement] INFO  server.RaftServerConfigKeys (ConfUtils.java:logGet(46)) - raft.server.read.timeout = 10s (default)
2023-09-19 02:06:19,918 [1fe901b2-7321-49f3-ab84-42b9a15df08a-groupManagement] INFO  server.RaftServerConfigKeys (ConfUtils.java:logGet(46)) - raft.server.retrycache.expirytime = 600000ms (custom)
2023-09-19 02:06:19,918 [1fe901b2-7321-49f3-ab84-42b9a15df08a-groupManagement] INFO  server.RaftServerConfigKeys (ConfUtils.java:logGet(46)) - raft.server.retrycache.statistics.expirytime = 100μs (default)
2023-09-19 02:06:19,918 [1fe901b2-7321-49f3-ab84-42b9a15df08a-groupManagement] INFO  server.RaftServerConfigKeys (ConfUtils.java:logGet(46)) - raft.server.read.option = DEFAULT (default)
2023-09-19 02:06:19,919 [1fe901b2-7321-49f3-ab84-42b9a15df08a-groupManagement] INFO  server.RaftServerConfigKeys (ConfUtils.java:logGet(46)) - raft.server.rpc.request.timeout = 60s (custom)
2023-09-19 02:06:19,919 [1fe901b2-7321-49f3-ab84-42b9a15df08a-groupManagement] INFO  server.RaftServerConfigKeys (ConfUtils.java:logGet(46)) - raft.server.log.appender.install.snapshot.enabled = false (custom)
2023-09-19 02:06:19,919 [1fe901b2-7321-49f3-ab84-42b9a15df08a-groupManagement] INFO  server.RaftServerConfigKeys (ConfUtils.java:logGet(46)) - raft.server.threadpool.server.cached = true (default)
2023-09-19 02:06:19,919 [1fe901b2-7321-49f3-ab84-42b9a15df08a-groupManagement] INFO  server.RaftServerConfigKeys (ConfUtils.java:logGet(46)) - raft.server.threadpool.server.size = 0 (default)
2023-09-19 02:06:19,919 [1fe901b2-7321-49f3-ab84-42b9a15df08a-groupManagement] INFO  server.RaftServerConfigKeys (ConfUtils.java:logGet(46)) - raft.server.threadpool.client.cached = true (default)
2023-09-19 02:06:19,919 [1fe901b2-7321-49f3-ab84-42b9a15df08a-groupManagement] INFO  server.RaftServerConfigKeys (ConfUtils.java:logGet(46)) - raft.server.threadpool.client.size = 0 (default)
2023-09-19 02:06:19,919 [1fe901b2-7321-49f3-ab84-42b9a15df08a-groupManagement] INFO  storage.RaftStorageDirectory (RaftStorageDirectoryImpl.java:analyzeStorage(137)) - The storage directory /home/runner/work/ozone/ozone/hadoop-ozone/integration-test/target/test-dir/MiniOzoneClusterImpl-580a45e0-de24-452d-9431-a8422bda96cb/datanode-1/data/ratis/7d7ff0ba-2b2f-46dc-a98b-6dea495a8084 does not exist. Creating ...
2023-09-19 02:06:19,920 [1fe901b2-7321-49f3-ab84-42b9a15df08a-groupManagement] INFO  storage.RaftStorageDirectory (RaftStorageDirectoryImpl.java:tryLock(231)) - Lock on /home/runner/work/ozone/ozone/hadoop-ozone/integration-test/target/test-dir/MiniOzoneClusterImpl-580a45e0-de24-452d-9431-a8422bda96cb/datanode-1/data/ratis/7d7ff0ba-2b2f-46dc-a98b-6dea495a8084/in_use.lock acquired by nodename 7315@fv-az1031-92
2023-09-19 02:06:19,922 [1fe901b2-7321-49f3-ab84-42b9a15df08a-groupManagement] INFO  storage.RaftStorage (RaftStorageImpl.java:format(96)) - Storage directory /home/runner/work/ozone/ozone/hadoop-ozone/integration-test/target/test-dir/MiniOzoneClusterImpl-580a45e0-de24-452d-9431-a8422bda96cb/datanode-1/data/ratis/7d7ff0ba-2b2f-46dc-a98b-6dea495a8084 has been successfully formatted.
2023-09-19 02:06:19,923 [1fe901b2-7321-49f3-ab84-42b9a15df08a-groupManagement] INFO  ratis.ContainerStateMachine (ContainerStateMachine.java:loadSnapshot(262)) - group-6DEA495A8084: The snapshot info is null. Setting the last applied indexto:(t:0, i:~)
2023-09-19 02:06:19,923 [1fe901b2-7321-49f3-ab84-42b9a15df08a-groupManagement] INFO  server.RaftServerConfigKeys (ConfUtils.java:logGet(46)) - raft.server.log.use.memory = false (default)
2023-09-19 02:06:19,923 [1fe901b2-7321-49f3-ab84-42b9a15df08a-groupManagement] INFO  server.RaftServerConfigKeys (ConfUtils.java:logGet(46)) - raft.server.log.purge.gap = 1000000 (custom)
2023-09-19 02:06:19,923 [1fe901b2-7321-49f3-ab84-42b9a15df08a-groupManagement] INFO  server.RaftServerConfigKeys (ConfUtils.java:logGet(46)) - raft.server.log.appender.buffer.byte-limit = 33554432 (custom)
2023-09-19 02:06:19,923 [1fe901b2-7321-49f3-ab84-42b9a15df08a-groupManagement] INFO  server.RaftServerConfigKeys (ConfUtils.java:logGet(46)) - raft.server.log.statemachine.data.read.timeout = 1000ms (default)
2023-09-19 02:06:19,923 [1fe901b2-7321-49f3-ab84-42b9a15df08a-groupManagement] INFO  server.RaftServerConfigKeys (ConfUtils.java:logGet(46)) - raft.server.log.purge.preservation.log.num = 0 (default)
2023-09-19 02:06:19,923 [1fe901b2-7321-49f3-ab84-42b9a15df08a-groupManagement] INFO  server.RaftServerConfigKeys (ConfUtils.java:logGet(46)) - raft.server.log.segment.size.max = 1048576 (custom)
2023-09-19 02:06:19,923 [1fe901b2-7321-49f3-ab84-42b9a15df08a-groupManagement] INFO  server.RaftServerConfigKeys (ConfUtils.java:logGet(46)) - raft.server.log.segment.cache.num.max = 2 (custom)
2023-09-19 02:06:19,923 [1fe901b2-7321-49f3-ab84-42b9a15df08a-groupManagement] INFO  server.RaftServerConfigKeys (ConfUtils.java:logGet(46)) - raft.server.log.segment.cache.size.max = 200MB (=209715200) (default)
2023-09-19 02:06:19,923 [1fe901b2-7321-49f3-ab84-42b9a15df08a-groupManagement] INFO  server.RaftServerConfigKeys (ConfUtils.java:logGet(46)) - raft.server.log.appender.buffer.byte-limit = 33554432 (custom)
2023-09-19 02:06:19,924 [1fe901b2-7321-49f3-ab84-42b9a15df08a-groupManagement] INFO  segmented.SegmentedRaftLogWorker (SegmentedRaftLogWorker.java:<init>(188)) - new 1fe901b2-7321-49f3-ab84-42b9a15df08a@group-6DEA495A8084-SegmentedRaftLogWorker for RaftStorageImpl:Storage Directory /home/runner/work/ozone/ozone/hadoop-ozone/integration-test/target/test-dir/MiniOzoneClusterImpl-580a45e0-de24-452d-9431-a8422bda96cb/datanode-1/data/ratis/7d7ff0ba-2b2f-46dc-a98b-6dea495a8084
2023-09-19 02:06:19,924 [1fe901b2-7321-49f3-ab84-42b9a15df08a-groupManagement] INFO  server.RaftServerConfigKeys (ConfUtils.java:logGet(46)) - raft.server.log.queue.byte-limit = 4294967296 (custom)
2023-09-19 02:06:19,924 [1fe901b2-7321-49f3-ab84-42b9a15df08a-groupManagement] INFO  server.RaftServerConfigKeys (ConfUtils.java:logGet(46)) - raft.server.log.queue.element-limit = 1024 (custom)
2023-09-19 02:06:19,924 [1fe901b2-7321-49f3-ab84-42b9a15df08a-groupManagement] INFO  server.RaftServerConfigKeys (ConfUtils.java:logGet(46)) - raft.server.log.segment.size.max = 1048576 (custom)
2023-09-19 02:06:19,924 [1fe901b2-7321-49f3-ab84-42b9a15df08a-groupManagement] INFO  server.RaftServerConfigKeys (ConfUtils.java:logGet(46)) - raft.server.log.preallocated.size = 16384 (custom)
2023-09-19 02:06:19,924 [1fe901b2-7321-49f3-ab84-42b9a15df08a-groupManagement] INFO  server.RaftServerConfigKeys (ConfUtils.java:logGet(46)) - raft.server.log.force.sync.num = 128 (default)
2023-09-19 02:06:19,924 [1fe901b2-7321-49f3-ab84-42b9a15df08a-groupManagement] INFO  server.RaftServerConfigKeys (ConfUtils.java:logGet(46)) - raft.server.log.statemachine.data.sync = true (default)
2023-09-19 02:06:19,924 [1fe901b2-7321-49f3-ab84-42b9a15df08a-groupManagement] INFO  server.RaftServerConfigKeys (ConfUtils.java:logGet(46)) - raft.server.log.statemachine.data.sync.timeout = 10s (default)
2023-09-19 02:06:19,924 [1fe901b2-7321-49f3-ab84-42b9a15df08a-groupManagement] INFO  server.RaftServerConfigKeys (ConfUtils.java:logGet(46)) - raft.server.log.statemachine.data.sync.timeout.retry = -1 (default)
2023-09-19 02:06:19,924 [1fe901b2-7321-49f3-ab84-42b9a15df08a-groupManagement] INFO  server.RaftServerConfigKeys (ConfUtils.java:logGet(46)) - raft.server.log.write.buffer.size = 1048576 (custom)
2023-09-19 02:06:19,925 [1fe901b2-7321-49f3-ab84-42b9a15df08a-groupManagement] INFO  server.RaftServerConfigKeys (ConfUtils.java:logGet(46)) - raft.server.log.appender.buffer.byte-limit = 33554432 (custom)
2023-09-19 02:06:19,930 [1fe901b2-7321-49f3-ab84-42b9a15df08a-groupManagement] INFO  server.RaftServerConfigKeys (ConfUtils.java:logGet(46)) - raft.server.log.unsafe-flush.enabled = false (default)
2023-09-19 02:06:19,930 [1fe901b2-7321-49f3-ab84-42b9a15df08a-groupManagement] INFO  server.RaftServerConfigKeys (ConfUtils.java:logGet(46)) - raft.server.log.async-flush.enabled = false (default)
2023-09-19 02:06:19,930 [1fe901b2-7321-49f3-ab84-42b9a15df08a-groupManagement] INFO  server.RaftServerConfigKeys (ConfUtils.java:logGet(46)) - raft.server.log.statemachine.data.caching.enabled = true (custom)
2023-09-19 02:06:19,931 [1fe901b2-7321-49f3-ab84-42b9a15df08a-groupManagement] INFO  segmented.SegmentedRaftLogWorker (SegmentedRaftLogWorker.java:lambda$new$0(135)) - 1fe901b2-7321-49f3-ab84-42b9a15df08a@group-6DEA495A8084-SegmentedRaftLogWorker: flushIndex: setUnconditionally 0 -> -1
2023-09-19 02:06:19,931 [1fe901b2-7321-49f3-ab84-42b9a15df08a-groupManagement] INFO  segmented.SegmentedRaftLogWorker (SegmentedRaftLogWorker.java:lambda$new$0(135)) - 1fe901b2-7321-49f3-ab84-42b9a15df08a@group-6DEA495A8084-SegmentedRaftLogWorker: safeCacheEvictIndex: setUnconditionally 0 -> -1
2023-09-19 02:06:19,931 [PipelineCommandHandlerThread-0] INFO  server.RaftServer (RaftServerProxy.java:addNew(98)) - 1fe901b2-7321-49f3-ab84-42b9a15df08a: addNew group-73C006F604A6:[1fe901b2-7321-49f3-ab84-42b9a15df08a|rpc:10.1.0.29:15129|admin:10.1.0.29:15128|client:10.1.0.29:15127|dataStream:10.1.0.29:15130|priority:1|startupRole:FOLLOWER] returns group-73C006F604A6:java.util.concurrent.CompletableFuture@311d7d2d[Not completed]
2023-09-19 02:06:19,932 [1fe901b2-7321-49f3-ab84-42b9a15df08a-groupManagement] INFO  server.RaftServer$Division (RaftServerImpl.java:start(342)) - 1fe901b2-7321-49f3-ab84-42b9a15df08a@group-6DEA495A8084: start as a follower, conf=-1: peers:[c519ac42-8cdc-4319-9f51-a3f7e63d0809|rpc:10.1.0.29:15138|admin:10.1.0.29:15137|client:10.1.0.29:15136|dataStream:10.1.0.29:15139|priority:0|startupRole:FOLLOWER, 1fe901b2-7321-49f3-ab84-42b9a15df08a|rpc:10.1.0.29:15129|admin:10.1.0.29:15128|client:10.1.0.29:15127|dataStream:10.1.0.29:15130|priority:0|startupRole:FOLLOWER, 33cb0de0-5ab7-4f61-b692-731671fbecae|rpc:10.1.0.29:15120|admin:10.1.0.29:15119|client:10.1.0.29:15118|dataStream:10.1.0.29:15121|priority:1|startupRole:FOLLOWER]|listeners:[], old=null
2023-09-19 02:06:19,932 [1fe901b2-7321-49f3-ab84-42b9a15df08a-groupManagement] INFO  server.RaftServer$Division (RaftServerImpl.java:setRole(329)) - 1fe901b2-7321-49f3-ab84-42b9a15df08a@group-6DEA495A8084: changes role from      null to FOLLOWER at term 0 for startAsFollower
2023-09-19 02:06:19,932 [1fe901b2-7321-49f3-ab84-42b9a15df08a-groupManagement] INFO  impl.RoleInfo (RoleInfo.java:updateAndGet(139)) - 1fe901b2-7321-49f3-ab84-42b9a15df08a: start 1fe901b2-7321-49f3-ab84-42b9a15df08a@group-6DEA495A8084-FollowerState
2023-09-19 02:06:19,933 [1fe901b2-7321-49f3-ab84-42b9a15df08a-groupManagement] INFO  util.JmxRegister (JmxRegister.java:tryRegister(44)) - Successfully registered JMX Bean with object name Ratis:service=RaftServer,group=group-6DEA495A8084,id=1fe901b2-7321-49f3-ab84-42b9a15df08a
2023-09-19 02:06:19,933 [1fe901b2-7321-49f3-ab84-42b9a15df08a-groupManagement] INFO  server.RaftServerConfigKeys (ConfUtils.java:logGet(46)) - raft.server.snapshot.auto.trigger.enabled = true (custom)
2023-09-19 02:06:19,933 [1fe901b2-7321-49f3-ab84-42b9a15df08a-groupManagement] INFO  server.RaftServerConfigKeys (ConfUtils.java:logGet(46)) - raft.server.snapshot.auto.trigger.threshold = 10000 (custom)
2023-09-19 02:06:19,933 [1fe901b2-7321-49f3-ab84-42b9a15df08a-groupManagement] INFO  server.RaftServerConfigKeys (ConfUtils.java:logGet(46)) - raft.server.snapshot.retention.file.num = 5 (custom)
2023-09-19 02:06:19,933 [1fe901b2-7321-49f3-ab84-42b9a15df08a-groupManagement] INFO  server.RaftServerConfigKeys (ConfUtils.java:logGet(46)) - raft.server.log.purge.upto.snapshot.index = false (default)
2023-09-19 02:06:19,933 [1fe901b2-7321-49f3-ab84-42b9a15df08a@group-6DEA495A8084-FollowerState] INFO  server.RaftServerConfigKeys (ConfUtils.java:logFallback(53)) - raft.server.rpc.first-election.timeout.min = 5s (fallback to raft.server.rpc.timeout.min)
2023-09-19 02:06:19,933 [1fe901b2-7321-49f3-ab84-42b9a15df08a@group-6DEA495A8084-FollowerState] INFO  server.RaftServerConfigKeys (ConfUtils.java:logFallback(53)) - raft.server.rpc.first-election.timeout.max = 5200ms (fallback to raft.server.rpc.timeout.max)
2023-09-19 02:06:19,934 [1fe901b2-7321-49f3-ab84-42b9a15df08a-groupManagement] INFO  server.RaftServer$Division (RaftServerImpl.java:<init>(198)) - 1fe901b2-7321-49f3-ab84-42b9a15df08a: new RaftServerImpl for group-73C006F604A6:[1fe901b2-7321-49f3-ab84-42b9a15df08a|rpc:10.1.0.29:15129|admin:10.1.0.29:15128|client:10.1.0.29:15127|dataStream:10.1.0.29:15130|priority:1|startupRole:FOLLOWER] with ContainerStateMachine:uninitialized
2023-09-19 02:06:19,934 [1fe901b2-7321-49f3-ab84-42b9a15df08a-groupManagement] INFO  server.RaftServerConfigKeys (ConfUtils.java:logGet(46)) - raft.server.rpc.timeout.min = 5s (custom)
2023-09-19 02:06:19,934 [1fe901b2-7321-49f3-ab84-42b9a15df08a-groupManagement] INFO  server.RaftServerConfigKeys (ConfUtils.java:logGet(46)) - raft.server.rpc.timeout.max = 5200ms (custom)
2023-09-19 02:06:19,935 [1fe901b2-7321-49f3-ab84-42b9a15df08a-groupManagement] INFO  server.RaftServerConfigKeys (ConfUtils.java:logGet(46)) - raft.server.rpc.sleep.time = 25ms (default)
2023-09-19 02:06:19,935 [1fe901b2-7321-49f3-ab84-42b9a15df08a-groupManagement] INFO  server.RaftServerConfigKeys (ConfUtils.java:logGet(46)) - raft.server.rpc.slowness.timeout = 300s (custom)
2023-09-19 02:06:19,935 [1fe901b2-7321-49f3-ab84-42b9a15df08a-groupManagement] INFO  server.RaftServerConfigKeys (ConfUtils.java:logGet(46)) - raft.server.leaderelection.leader.step-down.wait-time = 10s (default)
2023-09-19 02:06:19,935 [1fe901b2-7321-49f3-ab84-42b9a15df08a-groupManagement] INFO  server.RaftServerConfigKeys (ConfUtils.java:logGet(46)) - raft.server.sleep.deviation.threshold = 300ms (default)
2023-09-19 02:06:19,935 [1fe901b2-7321-49f3-ab84-42b9a15df08a-groupManagement] INFO  server.RaftServer$Division (ServerState.java:<init>(120)) - 1fe901b2-7321-49f3-ab84-42b9a15df08a@group-73C006F604A6: ConfigurationManager, init=-1: peers:[1fe901b2-7321-49f3-ab84-42b9a15df08a|rpc:10.1.0.29:15129|admin:10.1.0.29:15128|client:10.1.0.29:15127|dataStream:10.1.0.29:15130|priority:1|startupRole:FOLLOWER]|listeners:[], old=null, confs=<EMPTY_MAP>
2023-09-19 02:06:19,935 [1fe901b2-7321-49f3-ab84-42b9a15df08a-groupManagement] INFO  server.RaftServerConfigKeys (ConfUtils.java:logGet(46)) - raft.server.storage.dir = [/home/runner/work/ozone/ozone/hadoop-ozone/integration-test/target/test-dir/MiniOzoneClusterImpl-580a45e0-de24-452d-9431-a8422bda96cb/datanode-1/data/ratis] (custom)
2023-09-19 02:06:19,935 [1fe901b2-7321-49f3-ab84-42b9a15df08a-groupManagement] INFO  server.RaftServerConfigKeys (ConfUtils.java:logGet(46)) - raft.server.log.corruption.policy = EXCEPTION (default)
2023-09-19 02:06:19,935 [1fe901b2-7321-49f3-ab84-42b9a15df08a-groupManagement] INFO  server.RaftServerConfigKeys (ConfUtils.java:logGet(46)) - raft.server.storage.free-space.min = 0MB (=0) (default)
2023-09-19 02:06:19,935 [1fe901b2-7321-49f3-ab84-42b9a15df08a-groupManagement] INFO  server.RaftServerConfigKeys (ConfUtils.java:logGet(46)) - raft.server.notification.no-leader.timeout = 300s (custom)
2023-09-19 02:06:19,935 [1fe901b2-7321-49f3-ab84-42b9a15df08a-groupManagement] INFO  server.RaftServerConfigKeys (ConfUtils.java:logGet(46)) - raft.server.read.timeout = 10s (default)
2023-09-19 02:06:19,935 [1fe901b2-7321-49f3-ab84-42b9a15df08a-groupManagement] INFO  server.RaftServerConfigKeys (ConfUtils.java:logGet(46)) - raft.server.retrycache.expirytime = 600000ms (custom)
2023-09-19 02:06:19,935 [1fe901b2-7321-49f3-ab84-42b9a15df08a-groupManagement] INFO  server.RaftServerConfigKeys (ConfUtils.java:logGet(46)) - raft.server.retrycache.statistics.expirytime = 100μs (default)
2023-09-19 02:06:19,935 [1fe901b2-7321-49f3-ab84-42b9a15df08a-groupManagement] INFO  server.RaftServerConfigKeys (ConfUtils.java:logGet(46)) - raft.server.read.option = DEFAULT (default)
2023-09-19 02:06:19,936 [1fe901b2-7321-49f3-ab84-42b9a15df08a-groupManagement] INFO  server.RaftServerConfigKeys (ConfUtils.java:logGet(46)) - raft.server.rpc.request.timeout = 60s (custom)
2023-09-19 02:06:19,936 [1fe901b2-7321-49f3-ab84-42b9a15df08a-groupManagement] INFO  server.RaftServerConfigKeys (ConfUtils.java:logGet(46)) - raft.server.log.appender.install.snapshot.enabled = false (custom)
2023-09-19 02:06:19,936 [1fe901b2-7321-49f3-ab84-42b9a15df08a-groupManagement] INFO  server.RaftServerConfigKeys (ConfUtils.java:logGet(46)) - raft.server.threadpool.server.cached = true (default)
2023-09-19 02:06:19,936 [1fe901b2-7321-49f3-ab84-42b9a15df08a-groupManagement] INFO  server.RaftServerConfigKeys (ConfUtils.java:logGet(46)) - raft.server.threadpool.server.size = 0 (default)
2023-09-19 02:06:19,936 [1fe901b2-7321-49f3-ab84-42b9a15df08a-groupManagement] INFO  server.RaftServerConfigKeys (ConfUtils.java:logGet(46)) - raft.server.threadpool.client.cached = true (default)
2023-09-19 02:06:19,936 [1fe901b2-7321-49f3-ab84-42b9a15df08a-groupManagement] INFO  server.RaftServerConfigKeys (ConfUtils.java:logGet(46)) - raft.server.threadpool.client.size = 0 (default)
2023-09-19 02:06:19,936 [1fe901b2-7321-49f3-ab84-42b9a15df08a-groupManagement] INFO  storage.RaftStorageDirectory (RaftStorageDirectoryImpl.java:analyzeStorage(137)) - The storage directory /home/runner/work/ozone/ozone/hadoop-ozone/integration-test/target/test-dir/MiniOzoneClusterImpl-580a45e0-de24-452d-9431-a8422bda96cb/datanode-1/data/ratis/a4e37b81-ba59-4b88-9554-73c006f604a6 does not exist. Creating ...
2023-09-19 02:06:19,937 [1fe901b2-7321-49f3-ab84-42b9a15df08a-groupManagement] INFO  storage.RaftStorageDirectory (RaftStorageDirectoryImpl.java:tryLock(231)) - Lock on /home/runner/work/ozone/ozone/hadoop-ozone/integration-test/target/test-dir/MiniOzoneClusterImpl-580a45e0-de24-452d-9431-a8422bda96cb/datanode-1/data/ratis/a4e37b81-ba59-4b88-9554-73c006f604a6/in_use.lock acquired by nodename 7315@fv-az1031-92
2023-09-19 02:06:19,946 [1fe901b2-7321-49f3-ab84-42b9a15df08a-groupManagement] INFO  storage.RaftStorage (RaftStorageImpl.java:format(96)) - Storage directory /home/runner/work/ozone/ozone/hadoop-ozone/integration-test/target/test-dir/MiniOzoneClusterImpl-580a45e0-de24-452d-9431-a8422bda96cb/datanode-1/data/ratis/a4e37b81-ba59-4b88-9554-73c006f604a6 has been successfully formatted.
2023-09-19 02:06:19,947 [1fe901b2-7321-49f3-ab84-42b9a15df08a-groupManagement] INFO  ratis.ContainerStateMachine (ContainerStateMachine.java:loadSnapshot(262)) - group-73C006F604A6: The snapshot info is null. Setting the last applied indexto:(t:0, i:~)
2023-09-19 02:06:19,947 [1fe901b2-7321-49f3-ab84-42b9a15df08a-groupManagement] INFO  server.RaftServerConfigKeys (ConfUtils.java:logGet(46)) - raft.server.log.use.memory = false (default)
2023-09-19 02:06:19,947 [1fe901b2-7321-49f3-ab84-42b9a15df08a-groupManagement] INFO  server.RaftServerConfigKeys (ConfUtils.java:logGet(46)) - raft.server.log.purge.gap = 1000000 (custom)
2023-09-19 02:06:19,947 [1fe901b2-7321-49f3-ab84-42b9a15df08a-groupManagement] INFO  server.RaftServerConfigKeys (ConfUtils.java:logGet(46)) - raft.server.log.appender.buffer.byte-limit = 33554432 (custom)
2023-09-19 02:06:19,947 [1fe901b2-7321-49f3-ab84-42b9a15df08a-groupManagement] INFO  server.RaftServerConfigKeys (ConfUtils.java:logGet(46)) - raft.server.log.statemachine.data.read.timeout = 1000ms (default)
2023-09-19 02:06:19,947 [1fe901b2-7321-49f3-ab84-42b9a15df08a-groupManagement] INFO  server.RaftServerConfigKeys (ConfUtils.java:logGet(46)) - raft.server.log.purge.preservation.log.num = 0 (default)
2023-09-19 02:06:19,947 [1fe901b2-7321-49f3-ab84-42b9a15df08a-groupManagement] INFO  server.RaftServerConfigKeys (ConfUtils.java:logGet(46)) - raft.server.log.segment.size.max = 1048576 (custom)
2023-09-19 02:06:19,947 [1fe901b2-7321-49f3-ab84-42b9a15df08a-groupManagement] INFO  server.RaftServerConfigKeys (ConfUtils.java:logGet(46)) - raft.server.log.segment.cache.num.max = 2 (custom)
2023-09-19 02:06:19,947 [1fe901b2-7321-49f3-ab84-42b9a15df08a-groupManagement] INFO  server.RaftServerConfigKeys (ConfUtils.java:logGet(46)) - raft.server.log.segment.cache.size.max = 200MB (=209715200) (default)
2023-09-19 02:06:19,947 [1fe901b2-7321-49f3-ab84-42b9a15df08a-groupManagement] INFO  server.RaftServerConfigKeys (ConfUtils.java:logGet(46)) - raft.server.log.appender.buffer.byte-limit = 33554432 (custom)
2023-09-19 02:06:19,948 [1fe901b2-7321-49f3-ab84-42b9a15df08a-groupManagement] INFO  segmented.SegmentedRaftLogWorker (SegmentedRaftLogWorker.java:<init>(188)) - new 1fe901b2-7321-49f3-ab84-42b9a15df08a@group-73C006F604A6-SegmentedRaftLogWorker for RaftStorageImpl:Storage Directory /home/runner/work/ozone/ozone/hadoop-ozone/integration-test/target/test-dir/MiniOzoneClusterImpl-580a45e0-de24-452d-9431-a8422bda96cb/datanode-1/data/ratis/a4e37b81-ba59-4b88-9554-73c006f604a6
2023-09-19 02:06:19,948 [1fe901b2-7321-49f3-ab84-42b9a15df08a-groupManagement] INFO  server.RaftServerConfigKeys (ConfUtils.java:logGet(46)) - raft.server.log.queue.byte-limit = 4294967296 (custom)
2023-09-19 02:06:19,948 [1fe901b2-7321-49f3-ab84-42b9a15df08a-groupManagement] INFO  server.RaftServerConfigKeys (ConfUtils.java:logGet(46)) - raft.server.log.queue.element-limit = 1024 (custom)
2023-09-19 02:06:19,948 [1fe901b2-7321-49f3-ab84-42b9a15df08a-groupManagement] INFO  server.RaftServerConfigKeys (ConfUtils.java:logGet(46)) - raft.server.log.segment.size.max = 1048576 (custom)
2023-09-19 02:06:19,948 [1fe901b2-7321-49f3-ab84-42b9a15df08a-groupManagement] INFO  server.RaftServerConfigKeys (ConfUtils.java:logGet(46)) - raft.server.log.preallocated.size = 16384 (custom)
2023-09-19 02:06:19,948 [1fe901b2-7321-49f3-ab84-42b9a15df08a-groupManagement] INFO  server.RaftServerConfigKeys (ConfUtils.java:logGet(46)) - raft.server.log.force.sync.num = 128 (default)
2023-09-19 02:06:19,948 [1fe901b2-7321-49f3-ab84-42b9a15df08a-groupManagement] INFO  server.RaftServerConfigKeys (ConfUtils.java:logGet(46)) - raft.server.log.statemachine.data.sync = true (default)
2023-09-19 02:06:19,948 [1fe901b2-7321-49f3-ab84-42b9a15df08a-groupManagement] INFO  server.RaftServerConfigKeys (ConfUtils.java:logGet(46)) - raft.server.log.statemachine.data.sync.timeout = 10s (default)
2023-09-19 02:06:19,948 [1fe901b2-7321-49f3-ab84-42b9a15df08a-groupManagement] INFO  server.RaftServerConfigKeys (ConfUtils.java:logGet(46)) - raft.server.log.statemachine.data.sync.timeout.retry = -1 (default)
2023-09-19 02:06:19,948 [1fe901b2-7321-49f3-ab84-42b9a15df08a-groupManagement] INFO  server.RaftServerConfigKeys (ConfUtils.java:logGet(46)) - raft.server.log.write.buffer.size = 1048576 (custom)
2023-09-19 02:06:19,949 [1fe901b2-7321-49f3-ab84-42b9a15df08a-groupManagement] INFO  server.RaftServerConfigKeys (ConfUtils.java:logGet(46)) - raft.server.log.appender.buffer.byte-limit = 33554432 (custom)
2023-09-19 02:06:19,954 [1fe901b2-7321-49f3-ab84-42b9a15df08a-groupManagement] INFO  server.RaftServerConfigKeys (ConfUtils.java:logGet(46)) - raft.server.log.unsafe-flush.enabled = false (default)
2023-09-19 02:06:19,954 [1fe901b2-7321-49f3-ab84-42b9a15df08a-groupManagement] INFO  server.RaftServerConfigKeys (ConfUtils.java:logGet(46)) - raft.server.log.async-flush.enabled = false (default)
2023-09-19 02:06:19,954 [1fe901b2-7321-49f3-ab84-42b9a15df08a-groupManagement] INFO  server.RaftServerConfigKeys (ConfUtils.java:logGet(46)) - raft.server.log.statemachine.data.caching.enabled = true (custom)
2023-09-19 02:06:19,955 [EventQueue-PipelineReportForPipelineReportHandler] INFO  pipeline.PipelineReportHandler (PipelineReportHandler.java:processPipelineReport(136)) - Opened pipeline PipelineID=a4e37b81-ba59-4b88-9554-73c006f604a6
2023-09-19 02:06:19,955 [1fe901b2-7321-49f3-ab84-42b9a15df08a-groupManagement] INFO  segmented.SegmentedRaftLogWorker (SegmentedRaftLogWorker.java:lambda$new$0(135)) - 1fe901b2-7321-49f3-ab84-42b9a15df08a@group-73C006F604A6-SegmentedRaftLogWorker: flushIndex: setUnconditionally 0 -> -1
2023-09-19 02:06:19,955 [1fe901b2-7321-49f3-ab84-42b9a15df08a-groupManagement] INFO  segmented.SegmentedRaftLogWorker (SegmentedRaftLogWorker.java:lambda$new$0(135)) - 1fe901b2-7321-49f3-ab84-42b9a15df08a@group-73C006F604A6-SegmentedRaftLogWorker: safeCacheEvictIndex: setUnconditionally 0 -> -1
2023-09-19 02:06:19,955 [EventQueue-OpenPipelineForHealthyPipelineSafeModeRule] INFO  safemode.SCMSafeModeManager (HealthyPipelineSafeModeRule.java:process(137)) - SCM in safe mode. Healthy pipelines reported count is 0, required healthy pipeline reported count is 1
2023-09-19 02:06:19,955 [1fe901b2-7321-49f3-ab84-42b9a15df08a-groupManagement] INFO  server.RaftServer$Division (RaftServerImpl.java:start(342)) - 1fe901b2-7321-49f3-ab84-42b9a15df08a@group-73C006F604A6: start as a follower, conf=-1: peers:[1fe901b2-7321-49f3-ab84-42b9a15df08a|rpc:10.1.0.29:15129|admin:10.1.0.29:15128|client:10.1.0.29:15127|dataStream:10.1.0.29:15130|priority:1|startupRole:FOLLOWER]|listeners:[], old=null
2023-09-19 02:06:19,955 [1fe901b2-7321-49f3-ab84-42b9a15df08a-groupManagement] INFO  server.RaftServer$Division (RaftServerImpl.java:setRole(329)) - 1fe901b2-7321-49f3-ab84-42b9a15df08a@group-73C006F604A6: changes role from      null to FOLLOWER at term 0 for startAsFollower
2023-09-19 02:06:19,955 [1fe901b2-7321-49f3-ab84-42b9a15df08a-groupManagement] INFO  impl.RoleInfo (RoleInfo.java:updateAndGet(139)) - 1fe901b2-7321-49f3-ab84-42b9a15df08a: start 1fe901b2-7321-49f3-ab84-42b9a15df08a@group-73C006F604A6-FollowerState
2023-09-19 02:06:19,955 [1fe901b2-7321-49f3-ab84-42b9a15df08a-groupManagement] INFO  util.JmxRegister (JmxRegister.java:tryRegister(44)) - Successfully registered JMX Bean with object name Ratis:service=RaftServer,group=group-73C006F604A6,id=1fe901b2-7321-49f3-ab84-42b9a15df08a
2023-09-19 02:06:19,955 [1fe901b2-7321-49f3-ab84-42b9a15df08a-groupManagement] INFO  server.RaftServerConfigKeys (ConfUtils.java:logGet(46)) - raft.server.snapshot.auto.trigger.enabled = true (custom)
2023-09-19 02:06:19,955 [1fe901b2-7321-49f3-ab84-42b9a15df08a-groupManagement] INFO  server.RaftServerConfigKeys (ConfUtils.java:logGet(46)) - raft.server.snapshot.auto.trigger.threshold = 10000 (custom)
2023-09-19 02:06:19,955 [1fe901b2-7321-49f3-ab84-42b9a15df08a-groupManagement] INFO  server.RaftServerConfigKeys (ConfUtils.java:logGet(46)) - raft.server.snapshot.retention.file.num = 5 (custom)
2023-09-19 02:06:19,955 [1fe901b2-7321-49f3-ab84-42b9a15df08a-groupManagement] INFO  server.RaftServerConfigKeys (ConfUtils.java:logGet(46)) - raft.server.log.purge.upto.snapshot.index = false (default)
2023-09-19 02:06:19,956 [1fe901b2-7321-49f3-ab84-42b9a15df08a@group-73C006F604A6-FollowerState] INFO  server.RaftServerConfigKeys (ConfUtils.java:logFallback(53)) - raft.server.rpc.first-election.timeout.min = 5s (fallback to raft.server.rpc.timeout.min)
2023-09-19 02:06:19,956 [1fe901b2-7321-49f3-ab84-42b9a15df08a@group-73C006F604A6-FollowerState] INFO  server.RaftServerConfigKeys (ConfUtils.java:logFallback(53)) - raft.server.rpc.first-election.timeout.max = 5200ms (fallback to raft.server.rpc.timeout.max)
2023-09-19 02:06:19,956 [PipelineCommandHandlerThread-0] INFO  ratis.XceiverServerRatis (XceiverServerRatis.java:addGroup(804)) - Created group PipelineID=a4e37b81-ba59-4b88-9554-73c006f604a6
2023-09-19 02:06:19,956 [PipelineCommandHandlerThread-0] INFO  commandhandler.CreatePipelineCommandHandler (CreatePipelineCommandHandler.java:lambda$handle$2(124)) - Created Pipeline RATIS ONE PipelineID=a4e37b81-ba59-4b88-9554-73c006f604a6.
2023-09-19 02:06:19,964 [grpc-default-executor-0] INFO  server.RaftServer (RaftServerProxy.java:addNew(98)) - c519ac42-8cdc-4319-9f51-a3f7e63d0809: addNew group-6DEA495A8084:[c519ac42-8cdc-4319-9f51-a3f7e63d0809|rpc:10.1.0.29:15138|admin:10.1.0.29:15137|client:10.1.0.29:15136|dataStream:10.1.0.29:15139|priority:0|startupRole:FOLLOWER, 1fe901b2-7321-49f3-ab84-42b9a15df08a|rpc:10.1.0.29:15129|admin:10.1.0.29:15128|client:10.1.0.29:15127|dataStream:10.1.0.29:15130|priority:0|startupRole:FOLLOWER, 33cb0de0-5ab7-4f61-b692-731671fbecae|rpc:10.1.0.29:15120|admin:10.1.0.29:15119|client:10.1.0.29:15118|dataStream:10.1.0.29:15121|priority:1|startupRole:FOLLOWER] returns group-6DEA495A8084:java.util.concurrent.CompletableFuture@7d145563[Not completed]
2023-09-19 02:06:19,965 [c519ac42-8cdc-4319-9f51-a3f7e63d0809-groupManagement] INFO  server.RaftServer$Division (RaftServerImpl.java:<init>(198)) - c519ac42-8cdc-4319-9f51-a3f7e63d0809: new RaftServerImpl for group-6DEA495A8084:[c519ac42-8cdc-4319-9f51-a3f7e63d0809|rpc:10.1.0.29:15138|admin:10.1.0.29:15137|client:10.1.0.29:15136|dataStream:10.1.0.29:15139|priority:0|startupRole:FOLLOWER, 1fe901b2-7321-49f3-ab84-42b9a15df08a|rpc:10.1.0.29:15129|admin:10.1.0.29:15128|client:10.1.0.29:15127|dataStream:10.1.0.29:15130|priority:0|startupRole:FOLLOWER, 33cb0de0-5ab7-4f61-b692-731671fbecae|rpc:10.1.0.29:15120|admin:10.1.0.29:15119|client:10.1.0.29:15118|dataStream:10.1.0.29:15121|priority:1|startupRole:FOLLOWER] with ContainerStateMachine:uninitialized
2023-09-19 02:06:19,965 [c519ac42-8cdc-4319-9f51-a3f7e63d0809-groupManagement] INFO  server.RaftServerConfigKeys (ConfUtils.java:logGet(46)) - raft.server.rpc.timeout.min = 5s (custom)
2023-09-19 02:06:19,965 [c519ac42-8cdc-4319-9f51-a3f7e63d0809-groupManagement] INFO  server.RaftServerConfigKeys (ConfUtils.java:logGet(46)) - raft.server.rpc.timeout.max = 5200ms (custom)
2023-09-19 02:06:19,965 [c519ac42-8cdc-4319-9f51-a3f7e63d0809-groupManagement] INFO  server.RaftServerConfigKeys (ConfUtils.java:logGet(46)) - raft.server.rpc.sleep.time = 25ms (default)
2023-09-19 02:06:19,965 [c519ac42-8cdc-4319-9f51-a3f7e63d0809-groupManagement] INFO  server.RaftServerConfigKeys (ConfUtils.java:logGet(46)) - raft.server.rpc.slowness.timeout = 300s (custom)
2023-09-19 02:06:19,965 [c519ac42-8cdc-4319-9f51-a3f7e63d0809-groupManagement] INFO  server.RaftServerConfigKeys (ConfUtils.java:logGet(46)) - raft.server.leaderelection.leader.step-down.wait-time = 10s (default)
2023-09-19 02:06:19,965 [c519ac42-8cdc-4319-9f51-a3f7e63d0809-groupManagement] INFO  server.RaftServerConfigKeys (ConfUtils.java:logGet(46)) - raft.server.sleep.deviation.threshold = 300ms (default)
2023-09-19 02:06:19,966 [c519ac42-8cdc-4319-9f51-a3f7e63d0809-groupManagement] INFO  server.RaftServer$Division (ServerState.java:<init>(120)) - c519ac42-8cdc-4319-9f51-a3f7e63d0809@group-6DEA495A8084: ConfigurationManager, init=-1: peers:[c519ac42-8cdc-4319-9f51-a3f7e63d0809|rpc:10.1.0.29:15138|admin:10.1.0.29:15137|client:10.1.0.29:15136|dataStream:10.1.0.29:15139|priority:0|startupRole:FOLLOWER, 1fe901b2-7321-49f3-ab84-42b9a15df08a|rpc:10.1.0.29:15129|admin:10.1.0.29:15128|client:10.1.0.29:15127|dataStream:10.1.0.29:15130|priority:0|startupRole:FOLLOWER, 33cb0de0-5ab7-4f61-b692-731671fbecae|rpc:10.1.0.29:15120|admin:10.1.0.29:15119|client:10.1.0.29:15118|dataStream:10.1.0.29:15121|priority:1|startupRole:FOLLOWER]|listeners:[], old=null, confs=<EMPTY_MAP>
2023-09-19 02:06:19,966 [c519ac42-8cdc-4319-9f51-a3f7e63d0809-groupManagement] INFO  server.RaftServerConfigKeys (ConfUtils.java:logGet(46)) - raft.server.storage.dir = [/home/runner/work/ozone/ozone/hadoop-ozone/integration-test/target/test-dir/MiniOzoneClusterImpl-580a45e0-de24-452d-9431-a8422bda96cb/datanode-2/data/ratis] (custom)
2023-09-19 02:06:19,966 [c519ac42-8cdc-4319-9f51-a3f7e63d0809-groupManagement] INFO  server.RaftServerConfigKeys (ConfUtils.java:logGet(46)) - raft.server.log.corruption.policy = EXCEPTION (default)
2023-09-19 02:06:19,966 [c519ac42-8cdc-4319-9f51-a3f7e63d0809-groupManagement] INFO  server.RaftServerConfigKeys (ConfUtils.java:logGet(46)) - raft.server.storage.free-space.min = 0MB (=0) (default)
2023-09-19 02:06:19,966 [c519ac42-8cdc-4319-9f51-a3f7e63d0809-groupManagement] INFO  server.RaftServerConfigKeys (ConfUtils.java:logGet(46)) - raft.server.notification.no-leader.timeout = 300s (custom)
2023-09-19 02:06:19,966 [c519ac42-8cdc-4319-9f51-a3f7e63d0809-groupManagement] INFO  server.RaftServerConfigKeys (ConfUtils.java:logGet(46)) - raft.server.read.timeout = 10s (default)
2023-09-19 02:06:19,966 [c519ac42-8cdc-4319-9f51-a3f7e63d0809-groupManagement] INFO  server.RaftServerConfigKeys (ConfUtils.java:logGet(46)) - raft.server.retrycache.expirytime = 600000ms (custom)
2023-09-19 02:06:19,966 [c519ac42-8cdc-4319-9f51-a3f7e63d0809-groupManagement] INFO  server.RaftServerConfigKeys (ConfUtils.java:logGet(46)) - raft.server.retrycache.statistics.expirytime = 100μs (default)
2023-09-19 02:06:19,966 [c519ac42-8cdc-4319-9f51-a3f7e63d0809-groupManagement] INFO  server.RaftServerConfigKeys (ConfUtils.java:logGet(46)) - raft.server.read.option = DEFAULT (default)
2023-09-19 02:06:19,967 [c519ac42-8cdc-4319-9f51-a3f7e63d0809-groupManagement] INFO  server.RaftServerConfigKeys (ConfUtils.java:logGet(46)) - raft.server.rpc.request.timeout = 60s (custom)
2023-09-19 02:06:19,967 [c519ac42-8cdc-4319-9f51-a3f7e63d0809-groupManagement] INFO  server.RaftServerConfigKeys (ConfUtils.java:logGet(46)) - raft.server.log.appender.install.snapshot.enabled = false (custom)
2023-09-19 02:06:19,967 [c519ac42-8cdc-4319-9f51-a3f7e63d0809-groupManagement] INFO  server.RaftServerConfigKeys (ConfUtils.java:logGet(46)) - raft.server.threadpool.server.cached = true (default)
2023-09-19 02:06:19,967 [c519ac42-8cdc-4319-9f51-a3f7e63d0809-groupManagement] INFO  server.RaftServerConfigKeys (ConfUtils.java:logGet(46)) - raft.server.threadpool.server.size = 0 (default)
2023-09-19 02:06:19,967 [c519ac42-8cdc-4319-9f51-a3f7e63d0809-groupManagement] INFO  server.RaftServerConfigKeys (ConfUtils.java:logGet(46)) - raft.server.threadpool.client.cached = true (default)
2023-09-19 02:06:19,967 [c519ac42-8cdc-4319-9f51-a3f7e63d0809-groupManagement] INFO  server.RaftServerConfigKeys (ConfUtils.java:logGet(46)) - raft.server.threadpool.client.size = 0 (default)
2023-09-19 02:06:19,967 [c519ac42-8cdc-4319-9f51-a3f7e63d0809-groupManagement] INFO  storage.RaftStorageDirectory (RaftStorageDirectoryImpl.java:analyzeStorage(137)) - The storage directory /home/runner/work/ozone/ozone/hadoop-ozone/integration-test/target/test-dir/MiniOzoneClusterImpl-580a45e0-de24-452d-9431-a8422bda96cb/datanode-2/data/ratis/7d7ff0ba-2b2f-46dc-a98b-6dea495a8084 does not exist. Creating ...
2023-09-19 02:06:19,968 [c519ac42-8cdc-4319-9f51-a3f7e63d0809-groupManagement] INFO  storage.RaftStorageDirectory (RaftStorageDirectoryImpl.java:tryLock(231)) - Lock on /home/runner/work/ozone/ozone/hadoop-ozone/integration-test/target/test-dir/MiniOzoneClusterImpl-580a45e0-de24-452d-9431-a8422bda96cb/datanode-2/data/ratis/7d7ff0ba-2b2f-46dc-a98b-6dea495a8084/in_use.lock acquired by nodename 7315@fv-az1031-92
2023-09-19 02:06:19,969 [c519ac42-8cdc-4319-9f51-a3f7e63d0809-groupManagement] INFO  storage.RaftStorage (RaftStorageImpl.java:format(96)) - Storage directory /home/runner/work/ozone/ozone/hadoop-ozone/integration-test/target/test-dir/MiniOzoneClusterImpl-580a45e0-de24-452d-9431-a8422bda96cb/datanode-2/data/ratis/7d7ff0ba-2b2f-46dc-a98b-6dea495a8084 has been successfully formatted.
2023-09-19 02:06:19,970 [c519ac42-8cdc-4319-9f51-a3f7e63d0809-groupManagement] INFO  ratis.ContainerStateMachine (ContainerStateMachine.java:loadSnapshot(262)) - group-6DEA495A8084: The snapshot info is null. Setting the last applied indexto:(t:0, i:~)
2023-09-19 02:06:19,970 [c519ac42-8cdc-4319-9f51-a3f7e63d0809-groupManagement] INFO  server.RaftServerConfigKeys (ConfUtils.java:logGet(46)) - raft.server.log.use.memory = false (default)
2023-09-19 02:06:19,970 [c519ac42-8cdc-4319-9f51-a3f7e63d0809-groupManagement] INFO  server.RaftServerConfigKeys (ConfUtils.java:logGet(46)) - raft.server.log.purge.gap = 1000000 (custom)
2023-09-19 02:06:19,970 [c519ac42-8cdc-4319-9f51-a3f7e63d0809-groupManagement] INFO  server.RaftServerConfigKeys (ConfUtils.java:logGet(46)) - raft.server.log.appender.buffer.byte-limit = 33554432 (custom)
2023-09-19 02:06:19,970 [c519ac42-8cdc-4319-9f51-a3f7e63d0809-groupManagement] INFO  server.RaftServerConfigKeys (ConfUtils.java:logGet(46)) - raft.server.log.statemachine.data.read.timeout = 1000ms (default)
2023-09-19 02:06:19,970 [c519ac42-8cdc-4319-9f51-a3f7e63d0809-groupManagement] INFO  server.RaftServerConfigKeys (ConfUtils.java:logGet(46)) - raft.server.log.purge.preservation.log.num = 0 (default)
2023-09-19 02:06:19,970 [c519ac42-8cdc-4319-9f51-a3f7e63d0809-groupManagement] INFO  server.RaftServerConfigKeys (ConfUtils.java:logGet(46)) - raft.server.log.segment.size.max = 1048576 (custom)
2023-09-19 02:06:19,971 [c519ac42-8cdc-4319-9f51-a3f7e63d0809-groupManagement] INFO  server.RaftServerConfigKeys (ConfUtils.java:logGet(46)) - raft.server.log.segment.cache.num.max = 2 (custom)
2023-09-19 02:06:19,971 [c519ac42-8cdc-4319-9f51-a3f7e63d0809-groupManagement] INFO  server.RaftServerConfigKeys (ConfUtils.java:logGet(46)) - raft.server.log.segment.cache.size.max = 200MB (=209715200) (default)
2023-09-19 02:06:19,971 [c519ac42-8cdc-4319-9f51-a3f7e63d0809-groupManagement] INFO  server.RaftServerConfigKeys (ConfUtils.java:logGet(46)) - raft.server.log.appender.buffer.byte-limit = 33554432 (custom)
2023-09-19 02:06:19,971 [c519ac42-8cdc-4319-9f51-a3f7e63d0809-groupManagement] INFO  segmented.SegmentedRaftLogWorker (SegmentedRaftLogWorker.java:<init>(188)) - new c519ac42-8cdc-4319-9f51-a3f7e63d0809@group-6DEA495A8084-SegmentedRaftLogWorker for RaftStorageImpl:Storage Directory /home/runner/work/ozone/ozone/hadoop-ozone/integration-test/target/test-dir/MiniOzoneClusterImpl-580a45e0-de24-452d-9431-a8422bda96cb/datanode-2/data/ratis/7d7ff0ba-2b2f-46dc-a98b-6dea495a8084
2023-09-19 02:06:19,971 [c519ac42-8cdc-4319-9f51-a3f7e63d0809-groupManagement] INFO  server.RaftServerConfigKeys (ConfUtils.java:logGet(46)) - raft.server.log.queue.byte-limit = 4294967296 (custom)
2023-09-19 02:06:19,971 [c519ac42-8cdc-4319-9f51-a3f7e63d0809-groupManagement] INFO  server.RaftServerConfigKeys (ConfUtils.java:logGet(46)) - raft.server.log.queue.element-limit = 1024 (custom)
2023-09-19 02:06:19,971 [c519ac42-8cdc-4319-9f51-a3f7e63d0809-groupManagement] INFO  server.RaftServerConfigKeys (ConfUtils.java:logGet(46)) - raft.server.log.segment.size.max = 1048576 (custom)
2023-09-19 02:06:19,971 [c519ac42-8cdc-4319-9f51-a3f7e63d0809-groupManagement] INFO  server.RaftServerConfigKeys (ConfUtils.java:logGet(46)) - raft.server.log.preallocated.size = 16384 (custom)
2023-09-19 02:06:19,971 [c519ac42-8cdc-4319-9f51-a3f7e63d0809-groupManagement] INFO  server.RaftServerConfigKeys (ConfUtils.java:logGet(46)) - raft.server.log.force.sync.num = 128 (default)
2023-09-19 02:06:19,971 [c519ac42-8cdc-4319-9f51-a3f7e63d0809-groupManagement] INFO  server.RaftServerConfigKeys (ConfUtils.java:logGet(46)) - raft.server.log.statemachine.data.sync = true (default)
2023-09-19 02:06:19,971 [c519ac42-8cdc-4319-9f51-a3f7e63d0809-groupManagement] INFO  server.RaftServerConfigKeys (ConfUtils.java:logGet(46)) - raft.server.log.statemachine.data.sync.timeout = 10s (default)
2023-09-19 02:06:19,971 [c519ac42-8cdc-4319-9f51-a3f7e63d0809-groupManagement] INFO  server.RaftServerConfigKeys (ConfUtils.java:logGet(46)) - raft.server.log.statemachine.data.sync.timeout.retry = -1 (default)
2023-09-19 02:06:19,971 [c519ac42-8cdc-4319-9f51-a3f7e63d0809-groupManagement] INFO  server.RaftServerConfigKeys (ConfUtils.java:logGet(46)) - raft.server.log.write.buffer.size = 1048576 (custom)
2023-09-19 02:06:19,972 [c519ac42-8cdc-4319-9f51-a3f7e63d0809-groupManagement] INFO  server.RaftServerConfigKeys (ConfUtils.java:logGet(46)) - raft.server.log.appender.buffer.byte-limit = 33554432 (custom)
2023-09-19 02:06:19,981 [c519ac42-8cdc-4319-9f51-a3f7e63d0809-groupManagement] INFO  server.RaftServerConfigKeys (ConfUtils.java:logGet(46)) - raft.server.log.unsafe-flush.enabled = false (default)
2023-09-19 02:06:19,981 [c519ac42-8cdc-4319-9f51-a3f7e63d0809-groupManagement] INFO  server.RaftServerConfigKeys (ConfUtils.java:logGet(46)) - raft.server.log.async-flush.enabled = false (default)
2023-09-19 02:06:19,981 [c519ac42-8cdc-4319-9f51-a3f7e63d0809-groupManagement] INFO  server.RaftServerConfigKeys (ConfUtils.java:logGet(46)) - raft.server.log.statemachine.data.caching.enabled = true (custom)
2023-09-19 02:06:19,982 [c519ac42-8cdc-4319-9f51-a3f7e63d0809-groupManagement] INFO  segmented.SegmentedRaftLogWorker (SegmentedRaftLogWorker.java:lambda$new$0(135)) - c519ac42-8cdc-4319-9f51-a3f7e63d0809@group-6DEA495A8084-SegmentedRaftLogWorker: flushIndex: setUnconditionally 0 -> -1
2023-09-19 02:06:19,982 [c519ac42-8cdc-4319-9f51-a3f7e63d0809-groupManagement] INFO  segmented.SegmentedRaftLogWorker (SegmentedRaftLogWorker.java:lambda$new$0(135)) - c519ac42-8cdc-4319-9f51-a3f7e63d0809@group-6DEA495A8084-SegmentedRaftLogWorker: safeCacheEvictIndex: setUnconditionally 0 -> -1
2023-09-19 02:06:19,986 [c519ac42-8cdc-4319-9f51-a3f7e63d0809-groupManagement] INFO  server.RaftServer$Division (RaftServerImpl.java:start(342)) - c519ac42-8cdc-4319-9f51-a3f7e63d0809@group-6DEA495A8084: start as a follower, conf=-1: peers:[c519ac42-8cdc-4319-9f51-a3f7e63d0809|rpc:10.1.0.29:15138|admin:10.1.0.29:15137|client:10.1.0.29:15136|dataStream:10.1.0.29:15139|priority:0|startupRole:FOLLOWER, 1fe901b2-7321-49f3-ab84-42b9a15df08a|rpc:10.1.0.29:15129|admin:10.1.0.29:15128|client:10.1.0.29:15127|dataStream:10.1.0.29:15130|priority:0|startupRole:FOLLOWER, 33cb0de0-5ab7-4f61-b692-731671fbecae|rpc:10.1.0.29:15120|admin:10.1.0.29:15119|client:10.1.0.29:15118|dataStream:10.1.0.29:15121|priority:1|startupRole:FOLLOWER]|listeners:[], old=null
2023-09-19 02:06:19,986 [c519ac42-8cdc-4319-9f51-a3f7e63d0809-groupManagement] INFO  server.RaftServer$Division (RaftServerImpl.java:setRole(329)) - c519ac42-8cdc-4319-9f51-a3f7e63d0809@group-6DEA495A8084: changes role from      null to FOLLOWER at term 0 for startAsFollower
2023-09-19 02:06:19,986 [c519ac42-8cdc-4319-9f51-a3f7e63d0809-groupManagement] INFO  impl.RoleInfo (RoleInfo.java:updateAndGet(139)) - c519ac42-8cdc-4319-9f51-a3f7e63d0809: start c519ac42-8cdc-4319-9f51-a3f7e63d0809@group-6DEA495A8084-FollowerState
2023-09-19 02:06:19,986 [c519ac42-8cdc-4319-9f51-a3f7e63d0809-groupManagement] INFO  util.JmxRegister (JmxRegister.java:tryRegister(44)) - Successfully registered JMX Bean with object name Ratis:service=RaftServer,group=group-6DEA495A8084,id=c519ac42-8cdc-4319-9f51-a3f7e63d0809
2023-09-19 02:06:19,986 [c519ac42-8cdc-4319-9f51-a3f7e63d0809-groupManagement] INFO  server.RaftServerConfigKeys (ConfUtils.java:logGet(46)) - raft.server.snapshot.auto.trigger.enabled = true (custom)
2023-09-19 02:06:19,986 [c519ac42-8cdc-4319-9f51-a3f7e63d0809-groupManagement] INFO  server.RaftServerConfigKeys (ConfUtils.java:logGet(46)) - raft.server.snapshot.auto.trigger.threshold = 10000 (custom)
2023-09-19 02:06:19,986 [c519ac42-8cdc-4319-9f51-a3f7e63d0809-groupManagement] INFO  server.RaftServerConfigKeys (ConfUtils.java:logGet(46)) - raft.server.snapshot.retention.file.num = 5 (custom)
2023-09-19 02:06:19,986 [c519ac42-8cdc-4319-9f51-a3f7e63d0809-groupManagement] INFO  server.RaftServerConfigKeys (ConfUtils.java:logGet(46)) - raft.server.log.purge.upto.snapshot.index = false (default)
2023-09-19 02:06:19,989 [c519ac42-8cdc-4319-9f51-a3f7e63d0809@group-6DEA495A8084-FollowerState] INFO  server.RaftServerConfigKeys (ConfUtils.java:logFallback(53)) - raft.server.rpc.first-election.timeout.min = 5s (fallback to raft.server.rpc.timeout.min)
2023-09-19 02:06:19,989 [c519ac42-8cdc-4319-9f51-a3f7e63d0809@group-6DEA495A8084-FollowerState] INFO  server.RaftServerConfigKeys (ConfUtils.java:logFallback(53)) - raft.server.rpc.first-election.timeout.max = 5200ms (fallback to raft.server.rpc.timeout.max)
2023-09-19 02:06:19,999 [PipelineCommandHandlerThread-0] INFO  commandhandler.CreatePipelineCommandHandler (CreatePipelineCommandHandler.java:lambda$handle$2(124)) - Created Pipeline RATIS THREE PipelineID=7d7ff0ba-2b2f-46dc-a98b-6dea495a8084.
2023-09-19 02:06:20,190 [PipelineCommandHandlerThread-0] INFO  server.RaftServer (RaftServerProxy.java:addNew(98)) - c519ac42-8cdc-4319-9f51-a3f7e63d0809: addNew group-537A09F096B4:[c519ac42-8cdc-4319-9f51-a3f7e63d0809|rpc:10.1.0.29:15138|admin:10.1.0.29:15137|client:10.1.0.29:15136|dataStream:10.1.0.29:15139|priority:1|startupRole:FOLLOWER] returns group-537A09F096B4:java.util.concurrent.CompletableFuture@5d14cbf2[Not completed]
2023-09-19 02:06:20,191 [c519ac42-8cdc-4319-9f51-a3f7e63d0809-groupManagement] INFO  server.RaftServer$Division (RaftServerImpl.java:<init>(198)) - c519ac42-8cdc-4319-9f51-a3f7e63d0809: new RaftServerImpl for group-537A09F096B4:[c519ac42-8cdc-4319-9f51-a3f7e63d0809|rpc:10.1.0.29:15138|admin:10.1.0.29:15137|client:10.1.0.29:15136|dataStream:10.1.0.29:15139|priority:1|startupRole:FOLLOWER] with ContainerStateMachine:uninitialized
2023-09-19 02:06:20,191 [c519ac42-8cdc-4319-9f51-a3f7e63d0809-groupManagement] INFO  server.RaftServerConfigKeys (ConfUtils.java:logGet(46)) - raft.server.rpc.timeout.min = 5s (custom)
2023-09-19 02:06:20,191 [c519ac42-8cdc-4319-9f51-a3f7e63d0809-groupManagement] INFO  server.RaftServerConfigKeys (ConfUtils.java:logGet(46)) - raft.server.rpc.timeout.max = 5200ms (custom)
2023-09-19 02:06:20,191 [c519ac42-8cdc-4319-9f51-a3f7e63d0809-groupManagement] INFO  server.RaftServerConfigKeys (ConfUtils.java:logGet(46)) - raft.server.rpc.sleep.time = 25ms (default)
2023-09-19 02:06:20,191 [c519ac42-8cdc-4319-9f51-a3f7e63d0809-groupManagement] INFO  server.RaftServerConfigKeys (ConfUtils.java:logGet(46)) - raft.server.rpc.slowness.timeout = 300s (custom)
2023-09-19 02:06:20,191 [c519ac42-8cdc-4319-9f51-a3f7e63d0809-groupManagement] INFO  server.RaftServerConfigKeys (ConfUtils.java:logGet(46)) - raft.server.leaderelection.leader.step-down.wait-time = 10s (default)
2023-09-19 02:06:20,191 [c519ac42-8cdc-4319-9f51-a3f7e63d0809-groupManagement] INFO  server.RaftServerConfigKeys (ConfUtils.java:logGet(46)) - raft.server.sleep.deviation.threshold = 300ms (default)
2023-09-19 02:06:20,191 [c519ac42-8cdc-4319-9f51-a3f7e63d0809-groupManagement] INFO  server.RaftServer$Division (ServerState.java:<init>(120)) - c519ac42-8cdc-4319-9f51-a3f7e63d0809@group-537A09F096B4: ConfigurationManager, init=-1: peers:[c519ac42-8cdc-4319-9f51-a3f7e63d0809|rpc:10.1.0.29:15138|admin:10.1.0.29:15137|client:10.1.0.29:15136|dataStream:10.1.0.29:15139|priority:1|startupRole:FOLLOWER]|listeners:[], old=null, confs=<EMPTY_MAP>
2023-09-19 02:06:20,191 [c519ac42-8cdc-4319-9f51-a3f7e63d0809-groupManagement] INFO  server.RaftServerConfigKeys (ConfUtils.java:logGet(46)) - raft.server.storage.dir = [/home/runner/work/ozone/ozone/hadoop-ozone/integration-test/target/test-dir/MiniOzoneClusterImpl-580a45e0-de24-452d-9431-a8422bda96cb/datanode-2/data/ratis] (custom)
2023-09-19 02:06:20,191 [c519ac42-8cdc-4319-9f51-a3f7e63d0809-groupManagement] INFO  server.RaftServerConfigKeys (ConfUtils.java:logGet(46)) - raft.server.log.corruption.policy = EXCEPTION (default)
2023-09-19 02:06:20,191 [c519ac42-8cdc-4319-9f51-a3f7e63d0809-groupManagement] INFO  server.RaftServerConfigKeys (ConfUtils.java:logGet(46)) - raft.server.storage.free-space.min = 0MB (=0) (default)
2023-09-19 02:06:20,191 [c519ac42-8cdc-4319-9f51-a3f7e63d0809-groupManagement] INFO  server.RaftServerConfigKeys (ConfUtils.java:logGet(46)) - raft.server.notification.no-leader.timeout = 300s (custom)
2023-09-19 02:06:20,191 [c519ac42-8cdc-4319-9f51-a3f7e63d0809-groupManagement] INFO  server.RaftServerConfigKeys (ConfUtils.java:logGet(46)) - raft.server.read.timeout = 10s (default)
2023-09-19 02:06:20,191 [c519ac42-8cdc-4319-9f51-a3f7e63d0809-groupManagement] INFO  server.RaftServerConfigKeys (ConfUtils.java:logGet(46)) - raft.server.retrycache.expirytime = 600000ms (custom)
2023-09-19 02:06:20,191 [c519ac42-8cdc-4319-9f51-a3f7e63d0809-groupManagement] INFO  server.RaftServerConfigKeys (ConfUtils.java:logGet(46)) - raft.server.retrycache.statistics.expirytime = 100μs (default)
2023-09-19 02:06:20,192 [c519ac42-8cdc-4319-9f51-a3f7e63d0809-groupManagement] INFO  server.RaftServerConfigKeys (ConfUtils.java:logGet(46)) - raft.server.read.option = DEFAULT (default)
2023-09-19 02:06:20,192 [c519ac42-8cdc-4319-9f51-a3f7e63d0809-groupManagement] INFO  server.RaftServerConfigKeys (ConfUtils.java:logGet(46)) - raft.server.rpc.request.timeout = 60s (custom)
2023-09-19 02:06:20,192 [c519ac42-8cdc-4319-9f51-a3f7e63d0809-groupManagement] INFO  server.RaftServerConfigKeys (ConfUtils.java:logGet(46)) - raft.server.log.appender.install.snapshot.enabled = false (custom)
2023-09-19 02:06:20,192 [c519ac42-8cdc-4319-9f51-a3f7e63d0809-groupManagement] INFO  server.RaftServerConfigKeys (ConfUtils.java:logGet(46)) - raft.server.threadpool.server.cached = true (default)
2023-09-19 02:06:20,192 [c519ac42-8cdc-4319-9f51-a3f7e63d0809-groupManagement] INFO  server.RaftServerConfigKeys (ConfUtils.java:logGet(46)) - raft.server.threadpool.server.size = 0 (default)
2023-09-19 02:06:20,192 [c519ac42-8cdc-4319-9f51-a3f7e63d0809-groupManagement] INFO  server.RaftServerConfigKeys (ConfUtils.java:logGet(46)) - raft.server.threadpool.client.cached = true (default)
2023-09-19 02:06:20,193 [c519ac42-8cdc-4319-9f51-a3f7e63d0809-groupManagement] INFO  server.RaftServerConfigKeys (ConfUtils.java:logGet(46)) - raft.server.threadpool.client.size = 0 (default)
2023-09-19 02:06:20,193 [c519ac42-8cdc-4319-9f51-a3f7e63d0809-groupManagement] INFO  storage.RaftStorageDirectory (RaftStorageDirectoryImpl.java:analyzeStorage(137)) - The storage directory /home/runner/work/ozone/ozone/hadoop-ozone/integration-test/target/test-dir/MiniOzoneClusterImpl-580a45e0-de24-452d-9431-a8422bda96cb/datanode-2/data/ratis/a848868e-104e-4061-a013-537a09f096b4 does not exist. Creating ...
2023-09-19 02:06:20,194 [c519ac42-8cdc-4319-9f51-a3f7e63d0809-groupManagement] INFO  storage.RaftStorageDirectory (RaftStorageDirectoryImpl.java:tryLock(231)) - Lock on /home/runner/work/ozone/ozone/hadoop-ozone/integration-test/target/test-dir/MiniOzoneClusterImpl-580a45e0-de24-452d-9431-a8422bda96cb/datanode-2/data/ratis/a848868e-104e-4061-a013-537a09f096b4/in_use.lock acquired by nodename 7315@fv-az1031-92
2023-09-19 02:06:20,197 [c519ac42-8cdc-4319-9f51-a3f7e63d0809-groupManagement] INFO  storage.RaftStorage (RaftStorageImpl.java:format(96)) - Storage directory /home/runner/work/ozone/ozone/hadoop-ozone/integration-test/target/test-dir/MiniOzoneClusterImpl-580a45e0-de24-452d-9431-a8422bda96cb/datanode-2/data/ratis/a848868e-104e-4061-a013-537a09f096b4 has been successfully formatted.
2023-09-19 02:06:20,198 [c519ac42-8cdc-4319-9f51-a3f7e63d0809-groupManagement] INFO  ratis.ContainerStateMachine (ContainerStateMachine.java:loadSnapshot(262)) - group-537A09F096B4: The snapshot info is null. Setting the last applied indexto:(t:0, i:~)
2023-09-19 02:06:20,198 [c519ac42-8cdc-4319-9f51-a3f7e63d0809-groupManagement] INFO  server.RaftServerConfigKeys (ConfUtils.java:logGet(46)) - raft.server.log.use.memory = false (default)
2023-09-19 02:06:20,198 [c519ac42-8cdc-4319-9f51-a3f7e63d0809-groupManagement] INFO  server.RaftServerConfigKeys (ConfUtils.java:logGet(46)) - raft.server.log.purge.gap = 1000000 (custom)
2023-09-19 02:06:20,198 [c519ac42-8cdc-4319-9f51-a3f7e63d0809-groupManagement] INFO  server.RaftServerConfigKeys (ConfUtils.java:logGet(46)) - raft.server.log.appender.buffer.byte-limit = 33554432 (custom)
2023-09-19 02:06:20,198 [EventQueue-PipelineReportForPipelineReportHandler] INFO  pipeline.PipelineReportHandler (PipelineReportHandler.java:processPipelineReport(136)) - Opened pipeline PipelineID=a848868e-104e-4061-a013-537a09f096b4
2023-09-19 02:06:20,198 [EventQueue-OpenPipelineForHealthyPipelineSafeModeRule] INFO  safemode.SCMSafeModeManager (HealthyPipelineSafeModeRule.java:process(137)) - SCM in safe mode. Healthy pipelines reported count is 0, required healthy pipeline reported count is 1
2023-09-19 02:06:20,198 [c519ac42-8cdc-4319-9f51-a3f7e63d0809-groupManagement] INFO  server.RaftServerConfigKeys (ConfUtils.java:logGet(46)) - raft.server.log.statemachine.data.read.timeout = 1000ms (default)
2023-09-19 02:06:20,199 [c519ac42-8cdc-4319-9f51-a3f7e63d0809-groupManagement] INFO  server.RaftServerConfigKeys (ConfUtils.java:logGet(46)) - raft.server.log.purge.preservation.log.num = 0 (default)
2023-09-19 02:06:20,199 [c519ac42-8cdc-4319-9f51-a3f7e63d0809-groupManagement] INFO  server.RaftServerConfigKeys (ConfUtils.java:logGet(46)) - raft.server.log.segment.size.max = 1048576 (custom)
2023-09-19 02:06:20,199 [c519ac42-8cdc-4319-9f51-a3f7e63d0809-groupManagement] INFO  server.RaftServerConfigKeys (ConfUtils.java:logGet(46)) - raft.server.log.segment.cache.num.max = 2 (custom)
2023-09-19 02:06:20,199 [c519ac42-8cdc-4319-9f51-a3f7e63d0809-groupManagement] INFO  server.RaftServerConfigKeys (ConfUtils.java:logGet(46)) - raft.server.log.segment.cache.size.max = 200MB (=209715200) (default)
2023-09-19 02:06:20,199 [c519ac42-8cdc-4319-9f51-a3f7e63d0809-groupManagement] INFO  server.RaftServerConfigKeys (ConfUtils.java:logGet(46)) - raft.server.log.appender.buffer.byte-limit = 33554432 (custom)
2023-09-19 02:06:20,199 [c519ac42-8cdc-4319-9f51-a3f7e63d0809-groupManagement] INFO  segmented.SegmentedRaftLogWorker (SegmentedRaftLogWorker.java:<init>(188)) - new c519ac42-8cdc-4319-9f51-a3f7e63d0809@group-537A09F096B4-SegmentedRaftLogWorker for RaftStorageImpl:Storage Directory /home/runner/work/ozone/ozone/hadoop-ozone/integration-test/target/test-dir/MiniOzoneClusterImpl-580a45e0-de24-452d-9431-a8422bda96cb/datanode-2/data/ratis/a848868e-104e-4061-a013-537a09f096b4
2023-09-19 02:06:20,199 [c519ac42-8cdc-4319-9f51-a3f7e63d0809-groupManagement] INFO  server.RaftServerConfigKeys (ConfUtils.java:logGet(46)) - raft.server.log.queue.byte-limit = 4294967296 (custom)
2023-09-19 02:06:20,199 [c519ac42-8cdc-4319-9f51-a3f7e63d0809-groupManagement] INFO  server.RaftServerConfigKeys (ConfUtils.java:logGet(46)) - raft.server.log.queue.element-limit = 1024 (custom)
2023-09-19 02:06:20,199 [c519ac42-8cdc-4319-9f51-a3f7e63d0809-groupManagement] INFO  server.RaftServerConfigKeys (ConfUtils.java:logGet(46)) - raft.server.log.segment.size.max = 1048576 (custom)
2023-09-19 02:06:20,199 [c519ac42-8cdc-4319-9f51-a3f7e63d0809-groupManagement] INFO  server.RaftServerConfigKeys (ConfUtils.java:logGet(46)) - raft.server.log.preallocated.size = 16384 (custom)
2023-09-19 02:06:20,199 [c519ac42-8cdc-4319-9f51-a3f7e63d0809-groupManagement] INFO  server.RaftServerConfigKeys (ConfUtils.java:logGet(46)) - raft.server.log.force.sync.num = 128 (default)
2023-09-19 02:06:20,199 [c519ac42-8cdc-4319-9f51-a3f7e63d0809-groupManagement] INFO  server.RaftServerConfigKeys (ConfUtils.java:logGet(46)) - raft.server.log.statemachine.data.sync = true (default)
2023-09-19 02:06:20,199 [c519ac42-8cdc-4319-9f51-a3f7e63d0809-groupManagement] INFO  server.RaftServerConfigKeys (ConfUtils.java:logGet(46)) - raft.server.log.statemachine.data.sync.timeout = 10s (default)
2023-09-19 02:06:20,199 [c519ac42-8cdc-4319-9f51-a3f7e63d0809-groupManagement] INFO  server.RaftServerConfigKeys (ConfUtils.java:logGet(46)) - raft.server.log.statemachine.data.sync.timeout.retry = -1 (default)
2023-09-19 02:06:20,200 [c519ac42-8cdc-4319-9f51-a3f7e63d0809-groupManagement] INFO  server.RaftServerConfigKeys (ConfUtils.java:logGet(46)) - raft.server.log.write.buffer.size = 1048576 (custom)
2023-09-19 02:06:20,201 [c519ac42-8cdc-4319-9f51-a3f7e63d0809-groupManagement] INFO  server.RaftServerConfigKeys (ConfUtils.java:logGet(46)) - raft.server.log.appender.buffer.byte-limit = 33554432 (custom)
2023-09-19 02:06:20,206 [c519ac42-8cdc-4319-9f51-a3f7e63d0809-groupManagement] INFO  server.RaftServerConfigKeys (ConfUtils.java:logGet(46)) - raft.server.log.unsafe-flush.enabled = false (default)
2023-09-19 02:06:20,206 [c519ac42-8cdc-4319-9f51-a3f7e63d0809-groupManagement] INFO  server.RaftServerConfigKeys (ConfUtils.java:logGet(46)) - raft.server.log.async-flush.enabled = false (default)
2023-09-19 02:06:20,206 [c519ac42-8cdc-4319-9f51-a3f7e63d0809-groupManagement] INFO  server.RaftServerConfigKeys (ConfUtils.java:logGet(46)) - raft.server.log.statemachine.data.caching.enabled = true (custom)
2023-09-19 02:06:20,206 [c519ac42-8cdc-4319-9f51-a3f7e63d0809-groupManagement] INFO  segmented.SegmentedRaftLogWorker (SegmentedRaftLogWorker.java:lambda$new$0(135)) - c519ac42-8cdc-4319-9f51-a3f7e63d0809@group-537A09F096B4-SegmentedRaftLogWorker: flushIndex: setUnconditionally 0 -> -1
2023-09-19 02:06:20,206 [c519ac42-8cdc-4319-9f51-a3f7e63d0809-groupManagement] INFO  segmented.SegmentedRaftLogWorker (SegmentedRaftLogWorker.java:lambda$new$0(135)) - c519ac42-8cdc-4319-9f51-a3f7e63d0809@group-537A09F096B4-SegmentedRaftLogWorker: safeCacheEvictIndex: setUnconditionally 0 -> -1
2023-09-19 02:06:20,206 [c519ac42-8cdc-4319-9f51-a3f7e63d0809-groupManagement] INFO  server.RaftServer$Division (RaftServerImpl.java:start(342)) - c519ac42-8cdc-4319-9f51-a3f7e63d0809@group-537A09F096B4: start as a follower, conf=-1: peers:[c519ac42-8cdc-4319-9f51-a3f7e63d0809|rpc:10.1.0.29:15138|admin:10.1.0.29:15137|client:10.1.0.29:15136|dataStream:10.1.0.29:15139|priority:1|startupRole:FOLLOWER]|listeners:[], old=null
2023-09-19 02:06:20,206 [c519ac42-8cdc-4319-9f51-a3f7e63d0809-groupManagement] INFO  server.RaftServer$Division (RaftServerImpl.java:setRole(329)) - c519ac42-8cdc-4319-9f51-a3f7e63d0809@group-537A09F096B4: changes role from      null to FOLLOWER at term 0 for startAsFollower
2023-09-19 02:06:20,206 [c519ac42-8cdc-4319-9f51-a3f7e63d0809-groupManagement] INFO  impl.RoleInfo (RoleInfo.java:updateAndGet(139)) - c519ac42-8cdc-4319-9f51-a3f7e63d0809: start c519ac42-8cdc-4319-9f51-a3f7e63d0809@group-537A09F096B4-FollowerState
2023-09-19 02:06:20,207 [c519ac42-8cdc-4319-9f51-a3f7e63d0809@group-537A09F096B4-FollowerState] INFO  server.RaftServerConfigKeys (ConfUtils.java:logFallback(53)) - raft.server.rpc.first-election.timeout.min = 5s (fallback to raft.server.rpc.timeout.min)
2023-09-19 02:06:20,207 [c519ac42-8cdc-4319-9f51-a3f7e63d0809-groupManagement] INFO  util.JmxRegister (JmxRegister.java:tryRegister(44)) - Successfully registered JMX Bean with object name Ratis:service=RaftServer,group=group-537A09F096B4,id=c519ac42-8cdc-4319-9f51-a3f7e63d0809
2023-09-19 02:06:20,207 [c519ac42-8cdc-4319-9f51-a3f7e63d0809@group-537A09F096B4-FollowerState] INFO  server.RaftServerConfigKeys (ConfUtils.java:logFallback(53)) - raft.server.rpc.first-election.timeout.max = 5200ms (fallback to raft.server.rpc.timeout.max)
2023-09-19 02:06:20,207 [c519ac42-8cdc-4319-9f51-a3f7e63d0809-groupManagement] INFO  server.RaftServerConfigKeys (ConfUtils.java:logGet(46)) - raft.server.snapshot.auto.trigger.enabled = true (custom)
2023-09-19 02:06:20,207 [c519ac42-8cdc-4319-9f51-a3f7e63d0809-groupManagement] INFO  server.RaftServerConfigKeys (ConfUtils.java:logGet(46)) - raft.server.snapshot.auto.trigger.threshold = 10000 (custom)
2023-09-19 02:06:20,207 [c519ac42-8cdc-4319-9f51-a3f7e63d0809-groupManagement] INFO  server.RaftServerConfigKeys (ConfUtils.java:logGet(46)) - raft.server.snapshot.retention.file.num = 5 (custom)
2023-09-19 02:06:20,207 [c519ac42-8cdc-4319-9f51-a3f7e63d0809-groupManagement] INFO  server.RaftServerConfigKeys (ConfUtils.java:logGet(46)) - raft.server.log.purge.upto.snapshot.index = false (default)
2023-09-19 02:06:20,208 [PipelineCommandHandlerThread-0] INFO  ratis.XceiverServerRatis (XceiverServerRatis.java:addGroup(804)) - Created group PipelineID=a848868e-104e-4061-a013-537a09f096b4
2023-09-19 02:06:20,208 [PipelineCommandHandlerThread-0] INFO  commandhandler.CreatePipelineCommandHandler (CreatePipelineCommandHandler.java:lambda$handle$2(124)) - Created Pipeline RATIS ONE PipelineID=a848868e-104e-4061-a013-537a09f096b4.
2023-09-19 02:06:20,493 [PipelineCommandHandlerThread-0] INFO  server.RaftServer (RaftServerProxy.java:addNew(98)) - 64a2289b-3939-49a4-b25c-4bba4de7a3bf: addNew group-2499B338F866:[64a2289b-3939-49a4-b25c-4bba4de7a3bf|rpc:10.1.0.29:15147|admin:10.1.0.29:15146|client:10.1.0.29:15145|dataStream:10.1.0.29:15148|priority:1|startupRole:FOLLOWER] returns group-2499B338F866:java.util.concurrent.CompletableFuture@55fdf709[Not completed]
2023-09-19 02:06:20,494 [64a2289b-3939-49a4-b25c-4bba4de7a3bf-groupManagement] INFO  server.RaftServer$Division (RaftServerImpl.java:<init>(198)) - 64a2289b-3939-49a4-b25c-4bba4de7a3bf: new RaftServerImpl for group-2499B338F866:[64a2289b-3939-49a4-b25c-4bba4de7a3bf|rpc:10.1.0.29:15147|admin:10.1.0.29:15146|client:10.1.0.29:15145|dataStream:10.1.0.29:15148|priority:1|startupRole:FOLLOWER] with ContainerStateMachine:uninitialized
2023-09-19 02:06:20,494 [64a2289b-3939-49a4-b25c-4bba4de7a3bf-groupManagement] INFO  server.RaftServerConfigKeys (ConfUtils.java:logGet(46)) - raft.server.rpc.timeout.min = 5s (custom)
2023-09-19 02:06:20,494 [64a2289b-3939-49a4-b25c-4bba4de7a3bf-groupManagement] INFO  server.RaftServerConfigKeys (ConfUtils.java:logGet(46)) - raft.server.rpc.timeout.max = 5200ms (custom)
2023-09-19 02:06:20,494 [64a2289b-3939-49a4-b25c-4bba4de7a3bf-groupManagement] INFO  server.RaftServerConfigKeys (ConfUtils.java:logGet(46)) - raft.server.rpc.sleep.time = 25ms (default)
2023-09-19 02:06:20,494 [64a2289b-3939-49a4-b25c-4bba4de7a3bf-groupManagement] INFO  server.RaftServerConfigKeys (ConfUtils.java:logGet(46)) - raft.server.rpc.slowness.timeout = 300s (custom)
2023-09-19 02:06:20,494 [64a2289b-3939-49a4-b25c-4bba4de7a3bf-groupManagement] INFO  server.RaftServerConfigKeys (ConfUtils.java:logGet(46)) - raft.server.leaderelection.leader.step-down.wait-time = 10s (default)
2023-09-19 02:06:20,494 [64a2289b-3939-49a4-b25c-4bba4de7a3bf-groupManagement] INFO  server.RaftServerConfigKeys (ConfUtils.java:logGet(46)) - raft.server.sleep.deviation.threshold = 300ms (default)
2023-09-19 02:06:20,494 [64a2289b-3939-49a4-b25c-4bba4de7a3bf-groupManagement] INFO  server.RaftServer$Division (ServerState.java:<init>(120)) - 64a2289b-3939-49a4-b25c-4bba4de7a3bf@group-2499B338F866: ConfigurationManager, init=-1: peers:[64a2289b-3939-49a4-b25c-4bba4de7a3bf|rpc:10.1.0.29:15147|admin:10.1.0.29:15146|client:10.1.0.29:15145|dataStream:10.1.0.29:15148|priority:1|startupRole:FOLLOWER]|listeners:[], old=null, confs=<EMPTY_MAP>
2023-09-19 02:06:20,494 [64a2289b-3939-49a4-b25c-4bba4de7a3bf-groupManagement] INFO  server.RaftServerConfigKeys (ConfUtils.java:logGet(46)) - raft.server.storage.dir = [/home/runner/work/ozone/ozone/hadoop-ozone/integration-test/target/test-dir/MiniOzoneClusterImpl-580a45e0-de24-452d-9431-a8422bda96cb/datanode-3/data/ratis] (custom)
2023-09-19 02:06:20,495 [64a2289b-3939-49a4-b25c-4bba4de7a3bf-groupManagement] INFO  server.RaftServerConfigKeys (ConfUtils.java:logGet(46)) - raft.server.log.corruption.policy = EXCEPTION (default)
2023-09-19 02:06:20,495 [64a2289b-3939-49a4-b25c-4bba4de7a3bf-groupManagement] INFO  server.RaftServerConfigKeys (ConfUtils.java:logGet(46)) - raft.server.storage.free-space.min = 0MB (=0) (default)
2023-09-19 02:06:20,495 [64a2289b-3939-49a4-b25c-4bba4de7a3bf-groupManagement] INFO  server.RaftServerConfigKeys (ConfUtils.java:logGet(46)) - raft.server.notification.no-leader.timeout = 300s (custom)
2023-09-19 02:06:20,495 [64a2289b-3939-49a4-b25c-4bba4de7a3bf-groupManagement] INFO  server.RaftServerConfigKeys (ConfUtils.java:logGet(46)) - raft.server.read.timeout = 10s (default)
2023-09-19 02:06:20,495 [64a2289b-3939-49a4-b25c-4bba4de7a3bf-groupManagement] INFO  server.RaftServerConfigKeys (ConfUtils.java:logGet(46)) - raft.server.retrycache.expirytime = 600000ms (custom)
2023-09-19 02:06:20,495 [64a2289b-3939-49a4-b25c-4bba4de7a3bf-groupManagement] INFO  server.RaftServerConfigKeys (ConfUtils.java:logGet(46)) - raft.server.retrycache.statistics.expirytime = 100μs (default)
2023-09-19 02:06:20,495 [64a2289b-3939-49a4-b25c-4bba4de7a3bf-groupManagement] INFO  server.RaftServerConfigKeys (ConfUtils.java:logGet(46)) - raft.server.read.option = DEFAULT (default)
2023-09-19 02:06:20,495 [64a2289b-3939-49a4-b25c-4bba4de7a3bf-groupManagement] INFO  server.RaftServerConfigKeys (ConfUtils.java:logGet(46)) - raft.server.rpc.request.timeout = 60s (custom)
2023-09-19 02:06:20,496 [64a2289b-3939-49a4-b25c-4bba4de7a3bf-groupManagement] INFO  server.RaftServerConfigKeys (ConfUtils.java:logGet(46)) - raft.server.log.appender.install.snapshot.enabled = false (custom)
2023-09-19 02:06:20,496 [64a2289b-3939-49a4-b25c-4bba4de7a3bf-groupManagement] INFO  server.RaftServerConfigKeys (ConfUtils.java:logGet(46)) - raft.server.threadpool.server.cached = true (default)
2023-09-19 02:06:20,496 [64a2289b-3939-49a4-b25c-4bba4de7a3bf-groupManagement] INFO  server.RaftServerConfigKeys (ConfUtils.java:logGet(46)) - raft.server.threadpool.server.size = 0 (default)
2023-09-19 02:06:20,496 [64a2289b-3939-49a4-b25c-4bba4de7a3bf-groupManagement] INFO  server.RaftServerConfigKeys (ConfUtils.java:logGet(46)) - raft.server.threadpool.client.cached = true (default)
2023-09-19 02:06:20,496 [64a2289b-3939-49a4-b25c-4bba4de7a3bf-groupManagement] INFO  server.RaftServerConfigKeys (ConfUtils.java:logGet(46)) - raft.server.threadpool.client.size = 0 (default)
2023-09-19 02:06:20,496 [64a2289b-3939-49a4-b25c-4bba4de7a3bf-groupManagement] INFO  storage.RaftStorageDirectory (RaftStorageDirectoryImpl.java:analyzeStorage(137)) - The storage directory /home/runner/work/ozone/ozone/hadoop-ozone/integration-test/target/test-dir/MiniOzoneClusterImpl-580a45e0-de24-452d-9431-a8422bda96cb/datanode-3/data/ratis/26406f93-4799-4fc8-baed-2499b338f866 does not exist. Creating ...
2023-09-19 02:06:20,497 [64a2289b-3939-49a4-b25c-4bba4de7a3bf-groupManagement] INFO  storage.RaftStorageDirectory (RaftStorageDirectoryImpl.java:tryLock(231)) - Lock on /home/runner/work/ozone/ozone/hadoop-ozone/integration-test/target/test-dir/MiniOzoneClusterImpl-580a45e0-de24-452d-9431-a8422bda96cb/datanode-3/data/ratis/26406f93-4799-4fc8-baed-2499b338f866/in_use.lock acquired by nodename 7315@fv-az1031-92
2023-09-19 02:06:20,498 [64a2289b-3939-49a4-b25c-4bba4de7a3bf-groupManagement] INFO  storage.RaftStorage (RaftStorageImpl.java:format(96)) - Storage directory /home/runner/work/ozone/ozone/hadoop-ozone/integration-test/target/test-dir/MiniOzoneClusterImpl-580a45e0-de24-452d-9431-a8422bda96cb/datanode-3/data/ratis/26406f93-4799-4fc8-baed-2499b338f866 has been successfully formatted.
2023-09-19 02:06:20,500 [64a2289b-3939-49a4-b25c-4bba4de7a3bf-groupManagement] INFO  ratis.ContainerStateMachine (ContainerStateMachine.java:loadSnapshot(262)) - group-2499B338F866: The snapshot info is null. Setting the last applied indexto:(t:0, i:~)
2023-09-19 02:06:20,500 [64a2289b-3939-49a4-b25c-4bba4de7a3bf-groupManagement] INFO  server.RaftServerConfigKeys (ConfUtils.java:logGet(46)) - raft.server.log.use.memory = false (default)
2023-09-19 02:06:20,500 [64a2289b-3939-49a4-b25c-4bba4de7a3bf-groupManagement] INFO  server.RaftServerConfigKeys (ConfUtils.java:logGet(46)) - raft.server.log.purge.gap = 1000000 (custom)
2023-09-19 02:06:20,501 [EventQueue-PipelineReportForPipelineReportHandler] INFO  pipeline.PipelineReportHandler (PipelineReportHandler.java:processPipelineReport(136)) - Opened pipeline PipelineID=26406f93-4799-4fc8-baed-2499b338f866
2023-09-19 02:06:20,501 [64a2289b-3939-49a4-b25c-4bba4de7a3bf-groupManagement] INFO  server.RaftServerConfigKeys (ConfUtils.java:logGet(46)) - raft.server.log.appender.buffer.byte-limit = 33554432 (custom)
2023-09-19 02:06:20,501 [EventQueue-OpenPipelineForHealthyPipelineSafeModeRule] INFO  safemode.SCMSafeModeManager (HealthyPipelineSafeModeRule.java:process(137)) - SCM in safe mode. Healthy pipelines reported count is 0, required healthy pipeline reported count is 1
2023-09-19 02:06:20,501 [64a2289b-3939-49a4-b25c-4bba4de7a3bf-groupManagement] INFO  server.RaftServerConfigKeys (ConfUtils.java:logGet(46)) - raft.server.log.statemachine.data.read.timeout = 1000ms (default)
2023-09-19 02:06:20,501 [64a2289b-3939-49a4-b25c-4bba4de7a3bf-groupManagement] INFO  server.RaftServerConfigKeys (ConfUtils.java:logGet(46)) - raft.server.log.purge.preservation.log.num = 0 (default)
2023-09-19 02:06:20,501 [64a2289b-3939-49a4-b25c-4bba4de7a3bf-groupManagement] INFO  server.RaftServerConfigKeys (ConfUtils.java:logGet(46)) - raft.server.log.segment.size.max = 1048576 (custom)
2023-09-19 02:06:20,502 [64a2289b-3939-49a4-b25c-4bba4de7a3bf-groupManagement] INFO  server.RaftServerConfigKeys (ConfUtils.java:logGet(46)) - raft.server.log.segment.cache.num.max = 2 (custom)
2023-09-19 02:06:20,502 [64a2289b-3939-49a4-b25c-4bba4de7a3bf-groupManagement] INFO  server.RaftServerConfigKeys (ConfUtils.java:logGet(46)) - raft.server.log.segment.cache.size.max = 200MB (=209715200) (default)
2023-09-19 02:06:20,502 [64a2289b-3939-49a4-b25c-4bba4de7a3bf-groupManagement] INFO  server.RaftServerConfigKeys (ConfUtils.java:logGet(46)) - raft.server.log.appender.buffer.byte-limit = 33554432 (custom)
2023-09-19 02:06:20,502 [64a2289b-3939-49a4-b25c-4bba4de7a3bf-groupManagement] INFO  segmented.SegmentedRaftLogWorker (SegmentedRaftLogWorker.java:<init>(188)) - new 64a2289b-3939-49a4-b25c-4bba4de7a3bf@group-2499B338F866-SegmentedRaftLogWorker for RaftStorageImpl:Storage Directory /home/runner/work/ozone/ozone/hadoop-ozone/integration-test/target/test-dir/MiniOzoneClusterImpl-580a45e0-de24-452d-9431-a8422bda96cb/datanode-3/data/ratis/26406f93-4799-4fc8-baed-2499b338f866
2023-09-19 02:06:20,502 [64a2289b-3939-49a4-b25c-4bba4de7a3bf-groupManagement] INFO  server.RaftServerConfigKeys (ConfUtils.java:logGet(46)) - raft.server.log.queue.byte-limit = 4294967296 (custom)
2023-09-19 02:06:20,502 [64a2289b-3939-49a4-b25c-4bba4de7a3bf-groupManagement] INFO  server.RaftServerConfigKeys (ConfUtils.java:logGet(46)) - raft.server.log.queue.element-limit = 1024 (custom)
2023-09-19 02:06:20,502 [64a2289b-3939-49a4-b25c-4bba4de7a3bf-groupManagement] INFO  server.RaftServerConfigKeys (ConfUtils.java:logGet(46)) - raft.server.log.segment.size.max = 1048576 (custom)
2023-09-19 02:06:20,502 [64a2289b-3939-49a4-b25c-4bba4de7a3bf-groupManagement] INFO  server.RaftServerConfigKeys (ConfUtils.java:logGet(46)) - raft.server.log.preallocated.size = 16384 (custom)
2023-09-19 02:06:20,502 [64a2289b-3939-49a4-b25c-4bba4de7a3bf-groupManagement] INFO  server.RaftServerConfigKeys (ConfUtils.java:logGet(46)) - raft.server.log.force.sync.num = 128 (default)
2023-09-19 02:06:20,502 [64a2289b-3939-49a4-b25c-4bba4de7a3bf-groupManagement] INFO  server.RaftServerConfigKeys (ConfUtils.java:logGet(46)) - raft.server.log.statemachine.data.sync = true (default)
2023-09-19 02:06:20,502 [64a2289b-3939-49a4-b25c-4bba4de7a3bf-groupManagement] INFO  server.RaftServerConfigKeys (ConfUtils.java:logGet(46)) - raft.server.log.statemachine.data.sync.timeout = 10s (default)
2023-09-19 02:06:20,502 [64a2289b-3939-49a4-b25c-4bba4de7a3bf-groupManagement] INFO  server.RaftServerConfigKeys (ConfUtils.java:logGet(46)) - raft.server.log.statemachine.data.sync.timeout.retry = -1 (default)
2023-09-19 02:06:20,503 [64a2289b-3939-49a4-b25c-4bba4de7a3bf-groupManagement] INFO  server.RaftServerConfigKeys (ConfUtils.java:logGet(46)) - raft.server.log.write.buffer.size = 1048576 (custom)
2023-09-19 02:06:20,503 [64a2289b-3939-49a4-b25c-4bba4de7a3bf-groupManagement] INFO  server.RaftServerConfigKeys (ConfUtils.java:logGet(46)) - raft.server.log.appender.buffer.byte-limit = 33554432 (custom)
2023-09-19 02:06:20,508 [64a2289b-3939-49a4-b25c-4bba4de7a3bf-groupManagement] INFO  server.RaftServerConfigKeys (ConfUtils.java:logGet(46)) - raft.server.log.unsafe-flush.enabled = false (default)
2023-09-19 02:06:20,508 [64a2289b-3939-49a4-b25c-4bba4de7a3bf-groupManagement] INFO  server.RaftServerConfigKeys (ConfUtils.java:logGet(46)) - raft.server.log.async-flush.enabled = false (default)
2023-09-19 02:06:20,508 [64a2289b-3939-49a4-b25c-4bba4de7a3bf-groupManagement] INFO  server.RaftServerConfigKeys (ConfUtils.java:logGet(46)) - raft.server.log.statemachine.data.caching.enabled = true (custom)
2023-09-19 02:06:20,508 [64a2289b-3939-49a4-b25c-4bba4de7a3bf-groupManagement] INFO  segmented.SegmentedRaftLogWorker (SegmentedRaftLogWorker.java:lambda$new$0(135)) - 64a2289b-3939-49a4-b25c-4bba4de7a3bf@group-2499B338F866-SegmentedRaftLogWorker: flushIndex: setUnconditionally 0 -> -1
2023-09-19 02:06:20,508 [64a2289b-3939-49a4-b25c-4bba4de7a3bf-groupManagement] INFO  segmented.SegmentedRaftLogWorker (SegmentedRaftLogWorker.java:lambda$new$0(135)) - 64a2289b-3939-49a4-b25c-4bba4de7a3bf@group-2499B338F866-SegmentedRaftLogWorker: safeCacheEvictIndex: setUnconditionally 0 -> -1
2023-09-19 02:06:20,508 [64a2289b-3939-49a4-b25c-4bba4de7a3bf-groupManagement] INFO  server.RaftServer$Division (RaftServerImpl.java:start(342)) - 64a2289b-3939-49a4-b25c-4bba4de7a3bf@group-2499B338F866: start as a follower, conf=-1: peers:[64a2289b-3939-49a4-b25c-4bba4de7a3bf|rpc:10.1.0.29:15147|admin:10.1.0.29:15146|client:10.1.0.29:15145|dataStream:10.1.0.29:15148|priority:1|startupRole:FOLLOWER]|listeners:[], old=null
2023-09-19 02:06:20,508 [64a2289b-3939-49a4-b25c-4bba4de7a3bf-groupManagement] INFO  server.RaftServer$Division (RaftServerImpl.java:setRole(329)) - 64a2289b-3939-49a4-b25c-4bba4de7a3bf@group-2499B338F866: changes role from      null to FOLLOWER at term 0 for startAsFollower
2023-09-19 02:06:20,508 [64a2289b-3939-49a4-b25c-4bba4de7a3bf-groupManagement] INFO  impl.RoleInfo (RoleInfo.java:updateAndGet(139)) - 64a2289b-3939-49a4-b25c-4bba4de7a3bf: start 64a2289b-3939-49a4-b25c-4bba4de7a3bf@group-2499B338F866-FollowerState
2023-09-19 02:06:20,509 [64a2289b-3939-49a4-b25c-4bba4de7a3bf@group-2499B338F866-FollowerState] INFO  server.RaftServerConfigKeys (ConfUtils.java:logFallback(53)) - raft.server.rpc.first-election.timeout.min = 5s (fallback to raft.server.rpc.timeout.min)
2023-09-19 02:06:20,509 [64a2289b-3939-49a4-b25c-4bba4de7a3bf-groupManagement] INFO  util.JmxRegister (JmxRegister.java:tryRegister(44)) - Successfully registered JMX Bean with object name Ratis:service=RaftServer,group=group-2499B338F866,id=64a2289b-3939-49a4-b25c-4bba4de7a3bf
2023-09-19 02:06:20,509 [64a2289b-3939-49a4-b25c-4bba4de7a3bf@group-2499B338F866-FollowerState] INFO  server.RaftServerConfigKeys (ConfUtils.java:logFallback(53)) - raft.server.rpc.first-election.timeout.max = 5200ms (fallback to raft.server.rpc.timeout.max)
2023-09-19 02:06:20,509 [64a2289b-3939-49a4-b25c-4bba4de7a3bf-groupManagement] INFO  server.RaftServerConfigKeys (ConfUtils.java:logGet(46)) - raft.server.snapshot.auto.trigger.enabled = true (custom)
2023-09-19 02:06:20,509 [64a2289b-3939-49a4-b25c-4bba4de7a3bf-groupManagement] INFO  server.RaftServerConfigKeys (ConfUtils.java:logGet(46)) - raft.server.snapshot.auto.trigger.threshold = 10000 (custom)
2023-09-19 02:06:20,509 [64a2289b-3939-49a4-b25c-4bba4de7a3bf-groupManagement] INFO  server.RaftServerConfigKeys (ConfUtils.java:logGet(46)) - raft.server.snapshot.retention.file.num = 5 (custom)
2023-09-19 02:06:20,509 [64a2289b-3939-49a4-b25c-4bba4de7a3bf-groupManagement] INFO  server.RaftServerConfigKeys (ConfUtils.java:logGet(46)) - raft.server.log.purge.upto.snapshot.index = false (default)
2023-09-19 02:06:20,509 [PipelineCommandHandlerThread-0] INFO  ratis.XceiverServerRatis (XceiverServerRatis.java:addGroup(804)) - Created group PipelineID=26406f93-4799-4fc8-baed-2499b338f866
2023-09-19 02:06:20,510 [PipelineCommandHandlerThread-0] INFO  commandhandler.CreatePipelineCommandHandler (CreatePipelineCommandHandler.java:lambda$handle$2(124)) - Created Pipeline RATIS ONE PipelineID=26406f93-4799-4fc8-baed-2499b338f866.
2023-09-19 02:06:20,753 [main] INFO  ozone.MiniOzoneClusterImpl (MiniOzoneClusterImpl.java:lambda$waitForClusterToBeReady$0(224)) - Nodes are ready. Got 5 of 5 DN Heartbeats.
2023-09-19 02:06:20,753 [main] INFO  ozone.MiniOzoneClusterImpl (MiniOzoneClusterImpl.java:lambda$waitForClusterToBeReady$0(227)) - Waiting for cluster to exit safe mode
2023-09-19 02:06:20,753 [main] INFO  ozone.MiniOzoneClusterImpl (MiniOzoneClusterImpl.java:lambda$waitForClusterToBeReady$0(229)) - SCM became leader
2023-09-19 02:06:20,760 [PipelineCommandHandlerThread-0] INFO  server.RaftServer (RaftServerProxy.java:addNew(98)) - b4ea5f9d-de80-46c5-a4c7-ec8a93521806: addNew group-94119D575C60:[b4ea5f9d-de80-46c5-a4c7-ec8a93521806|rpc:10.1.0.29:15156|admin:10.1.0.29:15155|client:10.1.0.29:15154|dataStream:10.1.0.29:15157|priority:1|startupRole:FOLLOWER] returns group-94119D575C60:java.util.concurrent.CompletableFuture@4ca798bc[Not completed]
2023-09-19 02:06:20,761 [b4ea5f9d-de80-46c5-a4c7-ec8a93521806-groupManagement] INFO  server.RaftServer$Division (RaftServerImpl.java:<init>(198)) - b4ea5f9d-de80-46c5-a4c7-ec8a93521806: new RaftServerImpl for group-94119D575C60:[b4ea5f9d-de80-46c5-a4c7-ec8a93521806|rpc:10.1.0.29:15156|admin:10.1.0.29:15155|client:10.1.0.29:15154|dataStream:10.1.0.29:15157|priority:1|startupRole:FOLLOWER] with ContainerStateMachine:uninitialized
2023-09-19 02:06:20,761 [b4ea5f9d-de80-46c5-a4c7-ec8a93521806-groupManagement] INFO  server.RaftServerConfigKeys (ConfUtils.java:logGet(46)) - raft.server.rpc.timeout.min = 5s (custom)
2023-09-19 02:06:20,761 [b4ea5f9d-de80-46c5-a4c7-ec8a93521806-groupManagement] INFO  server.RaftServerConfigKeys (ConfUtils.java:logGet(46)) - raft.server.rpc.timeout.max = 5200ms (custom)
2023-09-19 02:06:20,761 [b4ea5f9d-de80-46c5-a4c7-ec8a93521806-groupManagement] INFO  server.RaftServerConfigKeys (ConfUtils.java:logGet(46)) - raft.server.rpc.sleep.time = 25ms (default)
2023-09-19 02:06:20,761 [b4ea5f9d-de80-46c5-a4c7-ec8a93521806-groupManagement] INFO  server.RaftServerConfigKeys (ConfUtils.java:logGet(46)) - raft.server.rpc.slowness.timeout = 300s (custom)
2023-09-19 02:06:20,761 [b4ea5f9d-de80-46c5-a4c7-ec8a93521806-groupManagement] INFO  server.RaftServerConfigKeys (ConfUtils.java:logGet(46)) - raft.server.leaderelection.leader.step-down.wait-time = 10s (default)
2023-09-19 02:06:20,761 [b4ea5f9d-de80-46c5-a4c7-ec8a93521806-groupManagement] INFO  server.RaftServerConfigKeys (ConfUtils.java:logGet(46)) - raft.server.sleep.deviation.threshold = 300ms (default)
2023-09-19 02:06:20,762 [b4ea5f9d-de80-46c5-a4c7-ec8a93521806-groupManagement] INFO  server.RaftServer$Division (ServerState.java:<init>(120)) - b4ea5f9d-de80-46c5-a4c7-ec8a93521806@group-94119D575C60: ConfigurationManager, init=-1: peers:[b4ea5f9d-de80-46c5-a4c7-ec8a93521806|rpc:10.1.0.29:15156|admin:10.1.0.29:15155|client:10.1.0.29:15154|dataStream:10.1.0.29:15157|priority:1|startupRole:FOLLOWER]|listeners:[], old=null, confs=<EMPTY_MAP>
2023-09-19 02:06:20,762 [b4ea5f9d-de80-46c5-a4c7-ec8a93521806-groupManagement] INFO  server.RaftServerConfigKeys (ConfUtils.java:logGet(46)) - raft.server.storage.dir = [/home/runner/work/ozone/ozone/hadoop-ozone/integration-test/target/test-dir/MiniOzoneClusterImpl-580a45e0-de24-452d-9431-a8422bda96cb/datanode-4/data/ratis] (custom)
2023-09-19 02:06:20,762 [b4ea5f9d-de80-46c5-a4c7-ec8a93521806-groupManagement] INFO  server.RaftServerConfigKeys (ConfUtils.java:logGet(46)) - raft.server.log.corruption.policy = EXCEPTION (default)
2023-09-19 02:06:20,762 [b4ea5f9d-de80-46c5-a4c7-ec8a93521806-groupManagement] INFO  server.RaftServerConfigKeys (ConfUtils.java:logGet(46)) - raft.server.storage.free-space.min = 0MB (=0) (default)
2023-09-19 02:06:20,762 [b4ea5f9d-de80-46c5-a4c7-ec8a93521806-groupManagement] INFO  server.RaftServerConfigKeys (ConfUtils.java:logGet(46)) - raft.server.notification.no-leader.timeout = 300s (custom)
2023-09-19 02:06:20,762 [b4ea5f9d-de80-46c5-a4c7-ec8a93521806-groupManagement] INFO  server.RaftServerConfigKeys (ConfUtils.java:logGet(46)) - raft.server.read.timeout = 10s (default)
2023-09-19 02:06:20,762 [b4ea5f9d-de80-46c5-a4c7-ec8a93521806-groupManagement] INFO  server.RaftServerConfigKeys (ConfUtils.java:logGet(46)) - raft.server.retrycache.expirytime = 600000ms (custom)
2023-09-19 02:06:20,762 [b4ea5f9d-de80-46c5-a4c7-ec8a93521806-groupManagement] INFO  server.RaftServerConfigKeys (ConfUtils.java:logGet(46)) - raft.server.retrycache.statistics.expirytime = 100μs (default)
2023-09-19 02:06:20,762 [b4ea5f9d-de80-46c5-a4c7-ec8a93521806-groupManagement] INFO  server.RaftServerConfigKeys (ConfUtils.java:logGet(46)) - raft.server.read.option = DEFAULT (default)
2023-09-19 02:06:20,763 [b4ea5f9d-de80-46c5-a4c7-ec8a93521806-groupManagement] INFO  server.RaftServerConfigKeys (ConfUtils.java:logGet(46)) - raft.server.rpc.request.timeout = 60s (custom)
2023-09-19 02:06:20,763 [b4ea5f9d-de80-46c5-a4c7-ec8a93521806-groupManagement] INFO  server.RaftServerConfigKeys (ConfUtils.java:logGet(46)) - raft.server.log.appender.install.snapshot.enabled = false (custom)
2023-09-19 02:06:20,763 [b4ea5f9d-de80-46c5-a4c7-ec8a93521806-groupManagement] INFO  server.RaftServerConfigKeys (ConfUtils.java:logGet(46)) - raft.server.threadpool.server.cached = true (default)
2023-09-19 02:06:20,763 [b4ea5f9d-de80-46c5-a4c7-ec8a93521806-groupManagement] INFO  server.RaftServerConfigKeys (ConfUtils.java:logGet(46)) - raft.server.threadpool.server.size = 0 (default)
2023-09-19 02:06:20,763 [b4ea5f9d-de80-46c5-a4c7-ec8a93521806-groupManagement] INFO  server.RaftServerConfigKeys (ConfUtils.java:logGet(46)) - raft.server.threadpool.client.cached = true (default)
2023-09-19 02:06:20,763 [b4ea5f9d-de80-46c5-a4c7-ec8a93521806-groupManagement] INFO  server.RaftServerConfigKeys (ConfUtils.java:logGet(46)) - raft.server.threadpool.client.size = 0 (default)
2023-09-19 02:06:20,763 [b4ea5f9d-de80-46c5-a4c7-ec8a93521806-groupManagement] INFO  storage.RaftStorageDirectory (RaftStorageDirectoryImpl.java:analyzeStorage(137)) - The storage directory /home/runner/work/ozone/ozone/hadoop-ozone/integration-test/target/test-dir/MiniOzoneClusterImpl-580a45e0-de24-452d-9431-a8422bda96cb/datanode-4/data/ratis/89591f45-51f4-40e8-a68a-94119d575c60 does not exist. Creating ...
2023-09-19 02:06:20,764 [b4ea5f9d-de80-46c5-a4c7-ec8a93521806-groupManagement] INFO  storage.RaftStorageDirectory (RaftStorageDirectoryImpl.java:tryLock(231)) - Lock on /home/runner/work/ozone/ozone/hadoop-ozone/integration-test/target/test-dir/MiniOzoneClusterImpl-580a45e0-de24-452d-9431-a8422bda96cb/datanode-4/data/ratis/89591f45-51f4-40e8-a68a-94119d575c60/in_use.lock acquired by nodename 7315@fv-az1031-92
2023-09-19 02:06:20,765 [b4ea5f9d-de80-46c5-a4c7-ec8a93521806-groupManagement] INFO  storage.RaftStorage (RaftStorageImpl.java:format(96)) - Storage directory /home/runner/work/ozone/ozone/hadoop-ozone/integration-test/target/test-dir/MiniOzoneClusterImpl-580a45e0-de24-452d-9431-a8422bda96cb/datanode-4/data/ratis/89591f45-51f4-40e8-a68a-94119d575c60 has been successfully formatted.
2023-09-19 02:06:20,767 [b4ea5f9d-de80-46c5-a4c7-ec8a93521806-groupManagement] INFO  ratis.ContainerStateMachine (ContainerStateMachine.java:loadSnapshot(262)) - group-94119D575C60: The snapshot info is null. Setting the last applied indexto:(t:0, i:~)
2023-09-19 02:06:20,767 [b4ea5f9d-de80-46c5-a4c7-ec8a93521806-groupManagement] INFO  server.RaftServerConfigKeys (ConfUtils.java:logGet(46)) - raft.server.log.use.memory = false (default)
2023-09-19 02:06:20,768 [EventQueue-PipelineReportForPipelineReportHandler] INFO  pipeline.PipelineReportHandler (PipelineReportHandler.java:processPipelineReport(136)) - Opened pipeline PipelineID=89591f45-51f4-40e8-a68a-94119d575c60
2023-09-19 02:06:20,768 [b4ea5f9d-de80-46c5-a4c7-ec8a93521806-groupManagement] INFO  server.RaftServerConfigKeys (ConfUtils.java:logGet(46)) - raft.server.log.purge.gap = 1000000 (custom)
2023-09-19 02:06:20,768 [EventQueue-OpenPipelineForHealthyPipelineSafeModeRule] INFO  safemode.SCMSafeModeManager (HealthyPipelineSafeModeRule.java:process(137)) - SCM in safe mode. Healthy pipelines reported count is 0, required healthy pipeline reported count is 1
2023-09-19 02:06:20,768 [b4ea5f9d-de80-46c5-a4c7-ec8a93521806-groupManagement] INFO  server.RaftServerConfigKeys (ConfUtils.java:logGet(46)) - raft.server.log.appender.buffer.byte-limit = 33554432 (custom)
2023-09-19 02:06:20,768 [b4ea5f9d-de80-46c5-a4c7-ec8a93521806-groupManagement] INFO  server.RaftServerConfigKeys (ConfUtils.java:logGet(46)) - raft.server.log.statemachine.data.read.timeout = 1000ms (default)
2023-09-19 02:06:20,768 [b4ea5f9d-de80-46c5-a4c7-ec8a93521806-groupManagement] INFO  server.RaftServerConfigKeys (ConfUtils.java:logGet(46)) - raft.server.log.purge.preservation.log.num = 0 (default)
2023-09-19 02:06:20,768 [b4ea5f9d-de80-46c5-a4c7-ec8a93521806-groupManagement] INFO  server.RaftServerConfigKeys (ConfUtils.java:logGet(46)) - raft.server.log.segment.size.max = 1048576 (custom)
2023-09-19 02:06:20,769 [b4ea5f9d-de80-46c5-a4c7-ec8a93521806-groupManagement] INFO  server.RaftServerConfigKeys (ConfUtils.java:logGet(46)) - raft.server.log.segment.cache.num.max = 2 (custom)
2023-09-19 02:06:20,769 [b4ea5f9d-de80-46c5-a4c7-ec8a93521806-groupManagement] INFO  server.RaftServerConfigKeys (ConfUtils.java:logGet(46)) - raft.server.log.segment.cache.size.max = 200MB (=209715200) (default)
2023-09-19 02:06:20,769 [b4ea5f9d-de80-46c5-a4c7-ec8a93521806-groupManagement] INFO  server.RaftServerConfigKeys (ConfUtils.java:logGet(46)) - raft.server.log.appender.buffer.byte-limit = 33554432 (custom)
2023-09-19 02:06:20,769 [b4ea5f9d-de80-46c5-a4c7-ec8a93521806-groupManagement] INFO  segmented.SegmentedRaftLogWorker (SegmentedRaftLogWorker.java:<init>(188)) - new b4ea5f9d-de80-46c5-a4c7-ec8a93521806@group-94119D575C60-SegmentedRaftLogWorker for RaftStorageImpl:Storage Directory /home/runner/work/ozone/ozone/hadoop-ozone/integration-test/target/test-dir/MiniOzoneClusterImpl-580a45e0-de24-452d-9431-a8422bda96cb/datanode-4/data/ratis/89591f45-51f4-40e8-a68a-94119d575c60
2023-09-19 02:06:20,769 [b4ea5f9d-de80-46c5-a4c7-ec8a93521806-groupManagement] INFO  server.RaftServerConfigKeys (ConfUtils.java:logGet(46)) - raft.server.log.queue.byte-limit = 4294967296 (custom)
2023-09-19 02:06:20,769 [b4ea5f9d-de80-46c5-a4c7-ec8a93521806-groupManagement] INFO  server.RaftServerConfigKeys (ConfUtils.java:logGet(46)) - raft.server.log.queue.element-limit = 1024 (custom)
2023-09-19 02:06:20,769 [b4ea5f9d-de80-46c5-a4c7-ec8a93521806-groupManagement] INFO  server.RaftServerConfigKeys (ConfUtils.java:logGet(46)) - raft.server.log.segment.size.max = 1048576 (custom)
2023-09-19 02:06:20,769 [b4ea5f9d-de80-46c5-a4c7-ec8a93521806-groupManagement] INFO  server.RaftServerConfigKeys (ConfUtils.java:logGet(46)) - raft.server.log.preallocated.size = 16384 (custom)
2023-09-19 02:06:20,769 [b4ea5f9d-de80-46c5-a4c7-ec8a93521806-groupManagement] INFO  server.RaftServerConfigKeys (ConfUtils.java:logGet(46)) - raft.server.log.force.sync.num = 128 (default)
2023-09-19 02:06:20,769 [b4ea5f9d-de80-46c5-a4c7-ec8a93521806-groupManagement] INFO  server.RaftServerConfigKeys (ConfUtils.java:logGet(46)) - raft.server.log.statemachine.data.sync = true (default)
2023-09-19 02:06:20,769 [b4ea5f9d-de80-46c5-a4c7-ec8a93521806-groupManagement] INFO  server.RaftServerConfigKeys (ConfUtils.java:logGet(46)) - raft.server.log.statemachine.data.sync.timeout = 10s (default)
2023-09-19 02:06:20,769 [b4ea5f9d-de80-46c5-a4c7-ec8a93521806-groupManagement] INFO  server.RaftServerConfigKeys (ConfUtils.java:logGet(46)) - raft.server.log.statemachine.data.sync.timeout.retry = -1 (default)
2023-09-19 02:06:20,770 [b4ea5f9d-de80-46c5-a4c7-ec8a93521806-groupManagement] INFO  server.RaftServerConfigKeys (ConfUtils.java:logGet(46)) - raft.server.log.write.buffer.size = 1048576 (custom)
2023-09-19 02:06:20,771 [b4ea5f9d-de80-46c5-a4c7-ec8a93521806-groupManagement] INFO  server.RaftServerConfigKeys (ConfUtils.java:logGet(46)) - raft.server.log.appender.buffer.byte-limit = 33554432 (custom)
2023-09-19 02:06:20,776 [b4ea5f9d-de80-46c5-a4c7-ec8a93521806-groupManagement] INFO  server.RaftServerConfigKeys (ConfUtils.java:logGet(46)) - raft.server.log.unsafe-flush.enabled = false (default)
2023-09-19 02:06:20,776 [b4ea5f9d-de80-46c5-a4c7-ec8a93521806-groupManagement] INFO  server.RaftServerConfigKeys (ConfUtils.java:logGet(46)) - raft.server.log.async-flush.enabled = false (default)
2023-09-19 02:06:20,776 [b4ea5f9d-de80-46c5-a4c7-ec8a93521806-groupManagement] INFO  server.RaftServerConfigKeys (ConfUtils.java:logGet(46)) - raft.server.log.statemachine.data.caching.enabled = true (custom)
2023-09-19 02:06:20,776 [b4ea5f9d-de80-46c5-a4c7-ec8a93521806-groupManagement] INFO  segmented.SegmentedRaftLogWorker (SegmentedRaftLogWorker.java:lambda$new$0(135)) - b4ea5f9d-de80-46c5-a4c7-ec8a93521806@group-94119D575C60-SegmentedRaftLogWorker: flushIndex: setUnconditionally 0 -> -1
2023-09-19 02:06:20,776 [b4ea5f9d-de80-46c5-a4c7-ec8a93521806-groupManagement] INFO  segmented.SegmentedRaftLogWorker (SegmentedRaftLogWorker.java:lambda$new$0(135)) - b4ea5f9d-de80-46c5-a4c7-ec8a93521806@group-94119D575C60-SegmentedRaftLogWorker: safeCacheEvictIndex: setUnconditionally 0 -> -1
2023-09-19 02:06:20,776 [b4ea5f9d-de80-46c5-a4c7-ec8a93521806-groupManagement] INFO  server.RaftServer$Division (RaftServerImpl.java:start(342)) - b4ea5f9d-de80-46c5-a4c7-ec8a93521806@group-94119D575C60: start as a follower, conf=-1: peers:[b4ea5f9d-de80-46c5-a4c7-ec8a93521806|rpc:10.1.0.29:15156|admin:10.1.0.29:15155|client:10.1.0.29:15154|dataStream:10.1.0.29:15157|priority:1|startupRole:FOLLOWER]|listeners:[], old=null
2023-09-19 02:06:20,776 [b4ea5f9d-de80-46c5-a4c7-ec8a93521806-groupManagement] INFO  server.RaftServer$Division (RaftServerImpl.java:setRole(329)) - b4ea5f9d-de80-46c5-a4c7-ec8a93521806@group-94119D575C60: changes role from      null to FOLLOWER at term 0 for startAsFollower
2023-09-19 02:06:20,776 [b4ea5f9d-de80-46c5-a4c7-ec8a93521806-groupManagement] INFO  impl.RoleInfo (RoleInfo.java:updateAndGet(139)) - b4ea5f9d-de80-46c5-a4c7-ec8a93521806: start b4ea5f9d-de80-46c5-a4c7-ec8a93521806@group-94119D575C60-FollowerState
2023-09-19 02:06:20,777 [b4ea5f9d-de80-46c5-a4c7-ec8a93521806@group-94119D575C60-FollowerState] INFO  server.RaftServerConfigKeys (ConfUtils.java:logFallback(53)) - raft.server.rpc.first-election.timeout.min = 5s (fallback to raft.server.rpc.timeout.min)
2023-09-19 02:06:20,777 [b4ea5f9d-de80-46c5-a4c7-ec8a93521806-groupManagement] INFO  util.JmxRegister (JmxRegister.java:tryRegister(44)) - Successfully registered JMX Bean with object name Ratis:service=RaftServer,group=group-94119D575C60,id=b4ea5f9d-de80-46c5-a4c7-ec8a93521806
2023-09-19 02:06:20,777 [b4ea5f9d-de80-46c5-a4c7-ec8a93521806@group-94119D575C60-FollowerState] INFO  server.RaftServerConfigKeys (ConfUtils.java:logFallback(53)) - raft.server.rpc.first-election.timeout.max = 5200ms (fallback to raft.server.rpc.timeout.max)
2023-09-19 02:06:20,777 [b4ea5f9d-de80-46c5-a4c7-ec8a93521806-groupManagement] INFO  server.RaftServerConfigKeys (ConfUtils.java:logGet(46)) - raft.server.snapshot.auto.trigger.enabled = true (custom)
2023-09-19 02:06:20,777 [b4ea5f9d-de80-46c5-a4c7-ec8a93521806-groupManagement] INFO  server.RaftServerConfigKeys (ConfUtils.java:logGet(46)) - raft.server.snapshot.auto.trigger.threshold = 10000 (custom)
2023-09-19 02:06:20,777 [b4ea5f9d-de80-46c5-a4c7-ec8a93521806-groupManagement] INFO  server.RaftServerConfigKeys (ConfUtils.java:logGet(46)) - raft.server.snapshot.retention.file.num = 5 (custom)
2023-09-19 02:06:20,777 [b4ea5f9d-de80-46c5-a4c7-ec8a93521806-groupManagement] INFO  server.RaftServerConfigKeys (ConfUtils.java:logGet(46)) - raft.server.log.purge.upto.snapshot.index = false (default)
2023-09-19 02:06:20,777 [PipelineCommandHandlerThread-0] INFO  ratis.XceiverServerRatis (XceiverServerRatis.java:addGroup(804)) - Created group PipelineID=89591f45-51f4-40e8-a68a-94119d575c60
2023-09-19 02:06:20,777 [PipelineCommandHandlerThread-0] INFO  commandhandler.CreatePipelineCommandHandler (CreatePipelineCommandHandler.java:lambda$handle$2(124)) - Created Pipeline RATIS ONE PipelineID=89591f45-51f4-40e8-a68a-94119d575c60.
2023-09-19 02:06:21,753 [main] INFO  ozone.MiniOzoneClusterImpl (MiniOzoneClusterImpl.java:lambda$waitForClusterToBeReady$0(224)) - Nodes are ready. Got 5 of 5 DN Heartbeats.
2023-09-19 02:06:21,754 [main] INFO  ozone.MiniOzoneClusterImpl (MiniOzoneClusterImpl.java:lambda$waitForClusterToBeReady$0(227)) - Waiting for cluster to exit safe mode
2023-09-19 02:06:21,754 [main] INFO  ozone.MiniOzoneClusterImpl (MiniOzoneClusterImpl.java:lambda$waitForClusterToBeReady$0(229)) - SCM became leader
2023-09-19 02:06:22,754 [main] INFO  ozone.MiniOzoneClusterImpl (MiniOzoneClusterImpl.java:lambda$waitForClusterToBeReady$0(224)) - Nodes are ready. Got 5 of 5 DN Heartbeats.
2023-09-19 02:06:22,754 [main] INFO  ozone.MiniOzoneClusterImpl (MiniOzoneClusterImpl.java:lambda$waitForClusterToBeReady$0(227)) - Waiting for cluster to exit safe mode
2023-09-19 02:06:22,754 [main] INFO  ozone.MiniOzoneClusterImpl (MiniOzoneClusterImpl.java:lambda$waitForClusterToBeReady$0(229)) - SCM became leader
2023-09-19 02:06:23,755 [main] INFO  ozone.MiniOzoneClusterImpl (MiniOzoneClusterImpl.java:lambda$waitForClusterToBeReady$0(224)) - Nodes are ready. Got 5 of 5 DN Heartbeats.
2023-09-19 02:06:23,755 [main] INFO  ozone.MiniOzoneClusterImpl (MiniOzoneClusterImpl.java:lambda$waitForClusterToBeReady$0(227)) - Waiting for cluster to exit safe mode
2023-09-19 02:06:23,755 [main] INFO  ozone.MiniOzoneClusterImpl (MiniOzoneClusterImpl.java:lambda$waitForClusterToBeReady$0(229)) - SCM became leader
2023-09-19 02:06:24,755 [main] INFO  ozone.MiniOzoneClusterImpl (MiniOzoneClusterImpl.java:lambda$waitForClusterToBeReady$0(224)) - Nodes are ready. Got 5 of 5 DN Heartbeats.
2023-09-19 02:06:24,755 [main] INFO  ozone.MiniOzoneClusterImpl (MiniOzoneClusterImpl.java:lambda$waitForClusterToBeReady$0(227)) - Waiting for cluster to exit safe mode
2023-09-19 02:06:24,755 [main] INFO  ozone.MiniOzoneClusterImpl (MiniOzoneClusterImpl.java:lambda$waitForClusterToBeReady$0(229)) - SCM became leader
2023-09-19 02:06:24,861 [33cb0de0-5ab7-4f61-b692-731671fbecae@group-C8462E16A55A-FollowerState] INFO  impl.FollowerState (FollowerState.java:run(143)) - 33cb0de0-5ab7-4f61-b692-731671fbecae@group-C8462E16A55A-FollowerState: change to CANDIDATE, lastRpcElapsedTime:5103532688ns, electionTimeout:5102ms
2023-09-19 02:06:24,861 [33cb0de0-5ab7-4f61-b692-731671fbecae@group-C8462E16A55A-FollowerState] INFO  impl.RoleInfo (RoleInfo.java:shutdownFollowerState(110)) - 33cb0de0-5ab7-4f61-b692-731671fbecae: shutdown 33cb0de0-5ab7-4f61-b692-731671fbecae@group-C8462E16A55A-FollowerState
2023-09-19 02:06:24,861 [33cb0de0-5ab7-4f61-b692-731671fbecae@group-C8462E16A55A-FollowerState] INFO  server.RaftServer$Division (RaftServerImpl.java:setRole(329)) - 33cb0de0-5ab7-4f61-b692-731671fbecae@group-C8462E16A55A: changes role from  FOLLOWER to CANDIDATE at term 0 for changeToCandidate
2023-09-19 02:06:24,861 [33cb0de0-5ab7-4f61-b692-731671fbecae@group-C8462E16A55A-FollowerState] INFO  server.RaftServerConfigKeys (ConfUtils.java:logGet(46)) - raft.server.leaderelection.pre-vote = true (default)
2023-09-19 02:06:24,861 [33cb0de0-5ab7-4f61-b692-731671fbecae@group-C8462E16A55A-FollowerState] INFO  impl.RoleInfo (RoleInfo.java:updateAndGet(139)) - 33cb0de0-5ab7-4f61-b692-731671fbecae: start 33cb0de0-5ab7-4f61-b692-731671fbecae@group-C8462E16A55A-LeaderElection20
2023-09-19 02:06:24,864 [33cb0de0-5ab7-4f61-b692-731671fbecae@group-C8462E16A55A-LeaderElection20] INFO  impl.LeaderElection (LeaderElection.java:askForVotes(321)) - 33cb0de0-5ab7-4f61-b692-731671fbecae@group-C8462E16A55A-LeaderElection20 PRE_VOTE round 0: submit vote requests at term 0 for -1: peers:[33cb0de0-5ab7-4f61-b692-731671fbecae|rpc:10.1.0.29:15120|admin:10.1.0.29:15119|client:10.1.0.29:15118|dataStream:10.1.0.29:15121|priority:1|startupRole:FOLLOWER]|listeners:[], old=null
2023-09-19 02:06:24,864 [33cb0de0-5ab7-4f61-b692-731671fbecae@group-C8462E16A55A-LeaderElection20] INFO  impl.LeaderElection (LeaderElection.java:askForVotes(323)) - 33cb0de0-5ab7-4f61-b692-731671fbecae@group-C8462E16A55A-LeaderElection20 PRE_VOTE round 0: result PASSED (term=0)
2023-09-19 02:06:24,865 [33cb0de0-5ab7-4f61-b692-731671fbecae@group-C8462E16A55A-LeaderElection20] INFO  impl.LeaderElection (LeaderElection.java:askForVotes(321)) - 33cb0de0-5ab7-4f61-b692-731671fbecae@group-C8462E16A55A-LeaderElection20 ELECTION round 0: submit vote requests at term 1 for -1: peers:[33cb0de0-5ab7-4f61-b692-731671fbecae|rpc:10.1.0.29:15120|admin:10.1.0.29:15119|client:10.1.0.29:15118|dataStream:10.1.0.29:15121|priority:1|startupRole:FOLLOWER]|listeners:[], old=null
2023-09-19 02:06:24,866 [33cb0de0-5ab7-4f61-b692-731671fbecae@group-C8462E16A55A-LeaderElection20] INFO  impl.LeaderElection (LeaderElection.java:askForVotes(323)) - 33cb0de0-5ab7-4f61-b692-731671fbecae@group-C8462E16A55A-LeaderElection20 ELECTION round 0: result PASSED (term=1)
2023-09-19 02:06:24,866 [33cb0de0-5ab7-4f61-b692-731671fbecae@group-C8462E16A55A-LeaderElection20] INFO  impl.RoleInfo (RoleInfo.java:shutdownLeaderElection(130)) - 33cb0de0-5ab7-4f61-b692-731671fbecae: shutdown 33cb0de0-5ab7-4f61-b692-731671fbecae@group-C8462E16A55A-LeaderElection20
2023-09-19 02:06:24,866 [33cb0de0-5ab7-4f61-b692-731671fbecae@group-C8462E16A55A-LeaderElection20] INFO  server.RaftServer$Division (RaftServerImpl.java:setRole(329)) - 33cb0de0-5ab7-4f61-b692-731671fbecae@group-C8462E16A55A: changes role from CANDIDATE to LEADER at term 1 for changeToLeader
2023-09-19 02:06:24,866 [33cb0de0-5ab7-4f61-b692-731671fbecae@group-C8462E16A55A-LeaderElection20] INFO  ratis.XceiverServerRatis (XceiverServerRatis.java:handleLeaderChangedNotification(902)) - Leader change notification received for group: group-C8462E16A55A with new leaderId: 33cb0de0-5ab7-4f61-b692-731671fbecae
2023-09-19 02:06:24,866 [33cb0de0-5ab7-4f61-b692-731671fbecae@group-C8462E16A55A-LeaderElection20] INFO  server.RaftServer$Division (ServerState.java:setLeader(317)) - 33cb0de0-5ab7-4f61-b692-731671fbecae@group-C8462E16A55A: change Leader from null to 33cb0de0-5ab7-4f61-b692-731671fbecae at term 1 for becomeLeader, leader elected after 5223ms
2023-09-19 02:06:24,866 [33cb0de0-5ab7-4f61-b692-731671fbecae@group-C8462E16A55A-LeaderElection20] INFO  server.RaftServerConfigKeys (ConfUtils.java:logGet(46)) - raft.server.staging.catchup.gap = 1000 (default)
2023-09-19 02:06:24,866 [33cb0de0-5ab7-4f61-b692-731671fbecae@group-C8462E16A55A-LeaderElection20] INFO  server.RaftServerConfigKeys (ConfUtils.java:logGet(46)) - raft.server.write.element-limit = 1024 (custom)
2023-09-19 02:06:24,866 [33cb0de0-5ab7-4f61-b692-731671fbecae@group-C8462E16A55A-LeaderElection20] INFO  server.RaftServerConfigKeys (ConfUtils.java:logGet(46)) - raft.server.write.byte-limit = 1024 M (=1073741824) (custom)
2023-09-19 02:06:24,867 [33cb0de0-5ab7-4f61-b692-731671fbecae@group-C8462E16A55A-LeaderElection20] INFO  server.RaftServerConfigKeys (ConfUtils.java:logGet(46)) - raft.server.watch.timeout = 180s (custom)
2023-09-19 02:06:24,867 [33cb0de0-5ab7-4f61-b692-731671fbecae@group-C8462E16A55A-LeaderElection20] INFO  server.RaftServerConfigKeys (ConfUtils.java:logGet(46)) - raft.server.watch.timeout.denomination = 1s (default)
2023-09-19 02:06:24,867 [33cb0de0-5ab7-4f61-b692-731671fbecae@group-C8462E16A55A-LeaderElection20] INFO  server.RaftServerConfigKeys (ConfUtils.java:logGet(46)) - raft.server.watch.element-limit = 65536 (default)
2023-09-19 02:06:24,867 [33cb0de0-5ab7-4f61-b692-731671fbecae@group-C8462E16A55A-LeaderElection20] INFO  server.RaftServerConfigKeys (ConfUtils.java:logGet(46)) - raft.server.write.element-limit = 1024 (custom)
2023-09-19 02:06:24,867 [33cb0de0-5ab7-4f61-b692-731671fbecae@group-C8462E16A55A-LeaderElection20] INFO  server.RaftServerConfigKeys (ConfUtils.java:logGet(46)) - raft.server.write.follower.gap.ratio.max = -1.0 (default)
2023-09-19 02:06:24,867 [33cb0de0-5ab7-4f61-b692-731671fbecae@group-C8462E16A55A-LeaderElection20] INFO  impl.RoleInfo (RoleInfo.java:updateAndGet(139)) - 33cb0de0-5ab7-4f61-b692-731671fbecae: start 33cb0de0-5ab7-4f61-b692-731671fbecae@group-C8462E16A55A-LeaderStateImpl
2023-09-19 02:06:24,867 [EventQueue-OpenPipelineForHealthyPipelineSafeModeRule] INFO  safemode.SCMSafeModeManager (HealthyPipelineSafeModeRule.java:process(137)) - SCM in safe mode. Healthy pipelines reported count is 0, required healthy pipeline reported count is 1
2023-09-19 02:06:24,867 [33cb0de0-5ab7-4f61-b692-731671fbecae@group-C8462E16A55A-LeaderElection20] INFO  segmented.SegmentedRaftLogWorker (SegmentedRaftLogWorker.java:startLogSegment(447)) - 33cb0de0-5ab7-4f61-b692-731671fbecae@group-C8462E16A55A-SegmentedRaftLogWorker: Starting segment from index:0
2023-09-19 02:06:24,871 [33cb0de0-5ab7-4f61-b692-731671fbecae@group-C8462E16A55A-LeaderElection20] INFO  server.RaftServer$Division (ServerState.java:setRaftConf(434)) - 33cb0de0-5ab7-4f61-b692-731671fbecae@group-C8462E16A55A: set configuration 0: peers:[33cb0de0-5ab7-4f61-b692-731671fbecae|rpc:10.1.0.29:15120|admin:10.1.0.29:15119|client:10.1.0.29:15118|dataStream:10.1.0.29:15121|priority:1|startupRole:FOLLOWER]|listeners:[], old=null
2023-09-19 02:06:24,872 [33cb0de0-5ab7-4f61-b692-731671fbecae@group-C8462E16A55A-SegmentedRaftLogWorker] INFO  segmented.SegmentedRaftLogWorker (SegmentedRaftLogWorker.java:execute(651)) - 33cb0de0-5ab7-4f61-b692-731671fbecae@group-C8462E16A55A-SegmentedRaftLogWorker: created new log segment /home/runner/work/ozone/ozone/hadoop-ozone/integration-test/target/test-dir/MiniOzoneClusterImpl-580a45e0-de24-452d-9431-a8422bda96cb/datanode-0/data/ratis/fbd54519-671e-49f7-9878-c8462e16a55a/current/log_inprogress_0
2023-09-19 02:06:24,896 [33cb0de0-5ab7-4f61-b692-731671fbecae@group-561C02F2D6E3-FollowerState] INFO  impl.FollowerState (FollowerState.java:run(143)) - 33cb0de0-5ab7-4f61-b692-731671fbecae@group-561C02F2D6E3-FollowerState: change to CANDIDATE, lastRpcElapsedTime:5114660792ns, electionTimeout:5109ms
2023-09-19 02:06:24,896 [33cb0de0-5ab7-4f61-b692-731671fbecae@group-561C02F2D6E3-FollowerState] INFO  impl.RoleInfo (RoleInfo.java:shutdownFollowerState(110)) - 33cb0de0-5ab7-4f61-b692-731671fbecae: shutdown 33cb0de0-5ab7-4f61-b692-731671fbecae@group-561C02F2D6E3-FollowerState
2023-09-19 02:06:24,896 [33cb0de0-5ab7-4f61-b692-731671fbecae@group-561C02F2D6E3-FollowerState] INFO  server.RaftServer$Division (RaftServerImpl.java:setRole(329)) - 33cb0de0-5ab7-4f61-b692-731671fbecae@group-561C02F2D6E3: changes role from  FOLLOWER to CANDIDATE at term 0 for changeToCandidate
2023-09-19 02:06:24,896 [33cb0de0-5ab7-4f61-b692-731671fbecae@group-561C02F2D6E3-FollowerState] INFO  server.RaftServerConfigKeys (ConfUtils.java:logGet(46)) - raft.server.leaderelection.pre-vote = true (default)
2023-09-19 02:06:24,896 [33cb0de0-5ab7-4f61-b692-731671fbecae@group-561C02F2D6E3-FollowerState] INFO  impl.RoleInfo (RoleInfo.java:updateAndGet(139)) - 33cb0de0-5ab7-4f61-b692-731671fbecae: start 33cb0de0-5ab7-4f61-b692-731671fbecae@group-561C02F2D6E3-LeaderElection21
2023-09-19 02:06:24,906 [33cb0de0-5ab7-4f61-b692-731671fbecae@group-561C02F2D6E3-LeaderElection21] INFO  impl.LeaderElection (LeaderElection.java:askForVotes(321)) - 33cb0de0-5ab7-4f61-b692-731671fbecae@group-561C02F2D6E3-LeaderElection21 PRE_VOTE round 0: submit vote requests at term 0 for -1: peers:[c519ac42-8cdc-4319-9f51-a3f7e63d0809|rpc:10.1.0.29:15138|admin:10.1.0.29:15137|client:10.1.0.29:15136|dataStream:10.1.0.29:15139|priority:0|startupRole:FOLLOWER, 1fe901b2-7321-49f3-ab84-42b9a15df08a|rpc:10.1.0.29:15129|admin:10.1.0.29:15128|client:10.1.0.29:15127|dataStream:10.1.0.29:15130|priority:1|startupRole:FOLLOWER, 33cb0de0-5ab7-4f61-b692-731671fbecae|rpc:10.1.0.29:15120|admin:10.1.0.29:15119|client:10.1.0.29:15118|dataStream:10.1.0.29:15121|priority:0|startupRole:FOLLOWER]|listeners:[], old=null
2023-09-19 02:06:24,907 [33cb0de0-5ab7-4f61-b692-731671fbecae@group-561C02F2D6E3-LeaderElection21-1] INFO  server.GrpcServerProtocolClient (GrpcServerProtocolClient.java:<init>(65)) - Build channel for c519ac42-8cdc-4319-9f51-a3f7e63d0809
2023-09-19 02:06:24,911 [33cb0de0-5ab7-4f61-b692-731671fbecae@group-561C02F2D6E3-LeaderElection21] INFO  server.RaftServerConfigKeys (ConfUtils.java:logFallback(53)) - raft.server.rpc.first-election.timeout.min = 5s (fallback to raft.server.rpc.timeout.min)
2023-09-19 02:06:24,911 [33cb0de0-5ab7-4f61-b692-731671fbecae@group-561C02F2D6E3-LeaderElection21] INFO  server.RaftServerConfigKeys (ConfUtils.java:logFallback(53)) - raft.server.rpc.first-election.timeout.max = 5200ms (fallback to raft.server.rpc.timeout.max)
2023-09-19 02:06:24,914 [33cb0de0-5ab7-4f61-b692-731671fbecae@group-561C02F2D6E3-LeaderElection21-2] INFO  server.GrpcServerProtocolClient (GrpcServerProtocolClient.java:<init>(65)) - Build channel for 1fe901b2-7321-49f3-ab84-42b9a15df08a
2023-09-19 02:06:24,917 [1fe901b2-7321-49f3-ab84-42b9a15df08a@group-561C02F2D6E3-FollowerState] INFO  impl.FollowerState (FollowerState.java:run(143)) - 1fe901b2-7321-49f3-ab84-42b9a15df08a@group-561C02F2D6E3-FollowerState: change to CANDIDATE, lastRpcElapsedTime:5052179947ns, electionTimeout:5051ms
2023-09-19 02:06:24,917 [1fe901b2-7321-49f3-ab84-42b9a15df08a@group-561C02F2D6E3-FollowerState] INFO  impl.RoleInfo (RoleInfo.java:shutdownFollowerState(110)) - 1fe901b2-7321-49f3-ab84-42b9a15df08a: shutdown 1fe901b2-7321-49f3-ab84-42b9a15df08a@group-561C02F2D6E3-FollowerState
2023-09-19 02:06:24,917 [1fe901b2-7321-49f3-ab84-42b9a15df08a@group-561C02F2D6E3-FollowerState] INFO  server.RaftServer$Division (RaftServerImpl.java:setRole(329)) - 1fe901b2-7321-49f3-ab84-42b9a15df08a@group-561C02F2D6E3: changes role from  FOLLOWER to CANDIDATE at term 0 for changeToCandidate
2023-09-19 02:06:24,917 [1fe901b2-7321-49f3-ab84-42b9a15df08a@group-561C02F2D6E3-FollowerState] INFO  server.RaftServerConfigKeys (ConfUtils.java:logGet(46)) - raft.server.leaderelection.pre-vote = true (default)
2023-09-19 02:06:24,917 [1fe901b2-7321-49f3-ab84-42b9a15df08a@group-561C02F2D6E3-FollowerState] INFO  impl.RoleInfo (RoleInfo.java:updateAndGet(139)) - 1fe901b2-7321-49f3-ab84-42b9a15df08a: start 1fe901b2-7321-49f3-ab84-42b9a15df08a@group-561C02F2D6E3-LeaderElection22
2023-09-19 02:06:24,917 [grpc-default-executor-0] INFO  server.RaftServer$Division (RaftServerImpl.java:requestVote(1302)) - c519ac42-8cdc-4319-9f51-a3f7e63d0809@group-561C02F2D6E3: receive requestVote(PRE_VOTE, 33cb0de0-5ab7-4f61-b692-731671fbecae, group-561C02F2D6E3, 0, (t:0, i:0))
2023-09-19 02:06:24,918 [grpc-default-executor-0] INFO  impl.VoteContext (VoteContext.java:log(49)) - c519ac42-8cdc-4319-9f51-a3f7e63d0809@group-561C02F2D6E3-FOLLOWER: accept PRE_VOTE from 33cb0de0-5ab7-4f61-b692-731671fbecae: our priority 0 <= candidate's priority 0
2023-09-19 02:06:24,918 [grpc-default-executor-0] INFO  server.RaftServer$Division (RaftServerImpl.java:requestVote(1335)) - c519ac42-8cdc-4319-9f51-a3f7e63d0809@group-561C02F2D6E3 replies to PRE_VOTE vote request: 33cb0de0-5ab7-4f61-b692-731671fbecae<-c519ac42-8cdc-4319-9f51-a3f7e63d0809#0:OK-t0. Peer's state: c519ac42-8cdc-4319-9f51-a3f7e63d0809@group-561C02F2D6E3:t0, leader=null, voted=, raftlog=Memoized:c519ac42-8cdc-4319-9f51-a3f7e63d0809@group-561C02F2D6E3-SegmentedRaftLog:OPENED:c-1, conf=-1: peers:[c519ac42-8cdc-4319-9f51-a3f7e63d0809|rpc:10.1.0.29:15138|admin:10.1.0.29:15137|client:10.1.0.29:15136|dataStream:10.1.0.29:15139|priority:0|startupRole:FOLLOWER, 1fe901b2-7321-49f3-ab84-42b9a15df08a|rpc:10.1.0.29:15129|admin:10.1.0.29:15128|client:10.1.0.29:15127|dataStream:10.1.0.29:15130|priority:1|startupRole:FOLLOWER, 33cb0de0-5ab7-4f61-b692-731671fbecae|rpc:10.1.0.29:15120|admin:10.1.0.29:15119|client:10.1.0.29:15118|dataStream:10.1.0.29:15121|priority:0|startupRole:FOLLOWER]|listeners:[], old=null
2023-09-19 02:06:24,931 [1fe901b2-7321-49f3-ab84-42b9a15df08a@group-561C02F2D6E3-LeaderElection22] INFO  impl.LeaderElection (LeaderElection.java:askForVotes(321)) - 1fe901b2-7321-49f3-ab84-42b9a15df08a@group-561C02F2D6E3-LeaderElection22 PRE_VOTE round 0: submit vote requests at term 0 for -1: peers:[c519ac42-8cdc-4319-9f51-a3f7e63d0809|rpc:10.1.0.29:15138|admin:10.1.0.29:15137|client:10.1.0.29:15136|dataStream:10.1.0.29:15139|priority:0|startupRole:FOLLOWER, 1fe901b2-7321-49f3-ab84-42b9a15df08a|rpc:10.1.0.29:15129|admin:10.1.0.29:15128|client:10.1.0.29:15127|dataStream:10.1.0.29:15130|priority:1|startupRole:FOLLOWER, 33cb0de0-5ab7-4f61-b692-731671fbecae|rpc:10.1.0.29:15120|admin:10.1.0.29:15119|client:10.1.0.29:15118|dataStream:10.1.0.29:15121|priority:0|startupRole:FOLLOWER]|listeners:[], old=null
2023-09-19 02:06:24,932 [1fe901b2-7321-49f3-ab84-42b9a15df08a@group-561C02F2D6E3-LeaderElection22] INFO  server.RaftServerConfigKeys (ConfUtils.java:logFallback(53)) - raft.server.rpc.first-election.timeout.min = 5s (fallback to raft.server.rpc.timeout.min)
2023-09-19 02:06:24,932 [1fe901b2-7321-49f3-ab84-42b9a15df08a@group-561C02F2D6E3-LeaderElection22] INFO  server.RaftServerConfigKeys (ConfUtils.java:logFallback(53)) - raft.server.rpc.first-election.timeout.max = 5200ms (fallback to raft.server.rpc.timeout.max)
2023-09-19 02:06:24,933 [1fe901b2-7321-49f3-ab84-42b9a15df08a@group-561C02F2D6E3-LeaderElection22-2] INFO  server.GrpcServerProtocolClient (GrpcServerProtocolClient.java:<init>(65)) - Build channel for 33cb0de0-5ab7-4f61-b692-731671fbecae
2023-09-19 02:06:24,934 [grpc-default-executor-0] INFO  server.RaftServer$Division (RaftServerImpl.java:requestVote(1302)) - 1fe901b2-7321-49f3-ab84-42b9a15df08a@group-561C02F2D6E3: receive requestVote(PRE_VOTE, 33cb0de0-5ab7-4f61-b692-731671fbecae, group-561C02F2D6E3, 0, (t:0, i:0))
2023-09-19 02:06:24,934 [grpc-default-executor-0] INFO  impl.VoteContext (VoteContext.java:log(49)) - 1fe901b2-7321-49f3-ab84-42b9a15df08a@group-561C02F2D6E3-CANDIDATE: reject PRE_VOTE from 33cb0de0-5ab7-4f61-b692-731671fbecae: our priority 1 > candidate's priority 0
2023-09-19 02:06:24,934 [grpc-default-executor-0] INFO  server.RaftServer$Division (RaftServerImpl.java:requestVote(1335)) - 1fe901b2-7321-49f3-ab84-42b9a15df08a@group-561C02F2D6E3 replies to PRE_VOTE vote request: 33cb0de0-5ab7-4f61-b692-731671fbecae<-1fe901b2-7321-49f3-ab84-42b9a15df08a#0:FAIL-t0. Peer's state: 1fe901b2-7321-49f3-ab84-42b9a15df08a@group-561C02F2D6E3:t0, leader=null, voted=, raftlog=Memoized:1fe901b2-7321-49f3-ab84-42b9a15df08a@group-561C02F2D6E3-SegmentedRaftLog:OPENED:c-1, conf=-1: peers:[c519ac42-8cdc-4319-9f51-a3f7e63d0809|rpc:10.1.0.29:15138|admin:10.1.0.29:15137|client:10.1.0.29:15136|dataStream:10.1.0.29:15139|priority:0|startupRole:FOLLOWER, 1fe901b2-7321-49f3-ab84-42b9a15df08a|rpc:10.1.0.29:15129|admin:10.1.0.29:15128|client:10.1.0.29:15127|dataStream:10.1.0.29:15130|priority:1|startupRole:FOLLOWER, 33cb0de0-5ab7-4f61-b692-731671fbecae|rpc:10.1.0.29:15120|admin:10.1.0.29:15119|client:10.1.0.29:15118|dataStream:10.1.0.29:15121|priority:0|startupRole:FOLLOWER]|listeners:[], old=null
2023-09-19 02:06:24,934 [1fe901b2-7321-49f3-ab84-42b9a15df08a@group-561C02F2D6E3-LeaderElection22-1] INFO  server.GrpcServerProtocolClient (GrpcServerProtocolClient.java:<init>(65)) - Build channel for c519ac42-8cdc-4319-9f51-a3f7e63d0809
2023-09-19 02:06:24,940 [33cb0de0-5ab7-4f61-b692-731671fbecae@group-561C02F2D6E3-LeaderElection21] INFO  impl.LeaderElection (LeaderElection.java:logAndReturn(90)) - 33cb0de0-5ab7-4f61-b692-731671fbecae@group-561C02F2D6E3-LeaderElection21: PRE_VOTE REJECTED received 2 response(s) and 0 exception(s):
2023-09-19 02:06:24,940 [33cb0de0-5ab7-4f61-b692-731671fbecae@group-561C02F2D6E3-LeaderElection21] INFO  impl.LeaderElection (LeaderElection.java:logAndReturn(94)) -   Response 0: 33cb0de0-5ab7-4f61-b692-731671fbecae<-c519ac42-8cdc-4319-9f51-a3f7e63d0809#0:OK-t0
2023-09-19 02:06:24,940 [33cb0de0-5ab7-4f61-b692-731671fbecae@group-561C02F2D6E3-LeaderElection21] INFO  impl.LeaderElection (LeaderElection.java:logAndReturn(94)) -   Response 1: 33cb0de0-5ab7-4f61-b692-731671fbecae<-1fe901b2-7321-49f3-ab84-42b9a15df08a#0:FAIL-t0
2023-09-19 02:06:24,940 [33cb0de0-5ab7-4f61-b692-731671fbecae@group-561C02F2D6E3-LeaderElection21] INFO  impl.LeaderElection (LeaderElection.java:askForVotes(323)) - 33cb0de0-5ab7-4f61-b692-731671fbecae@group-561C02F2D6E3-LeaderElection21 PRE_VOTE round 0: result REJECTED
2023-09-19 02:06:24,940 [33cb0de0-5ab7-4f61-b692-731671fbecae@group-561C02F2D6E3-LeaderElection21] INFO  server.RaftServer$Division (RaftServerImpl.java:setRole(329)) - 33cb0de0-5ab7-4f61-b692-731671fbecae@group-561C02F2D6E3: changes role from CANDIDATE to FOLLOWER at term 0 for REJECTED
2023-09-19 02:06:24,940 [33cb0de0-5ab7-4f61-b692-731671fbecae@group-561C02F2D6E3-LeaderElection21] INFO  impl.RoleInfo (RoleInfo.java:shutdownLeaderElection(130)) - 33cb0de0-5ab7-4f61-b692-731671fbecae: shutdown 33cb0de0-5ab7-4f61-b692-731671fbecae@group-561C02F2D6E3-LeaderElection21
2023-09-19 02:06:24,940 [33cb0de0-5ab7-4f61-b692-731671fbecae@group-561C02F2D6E3-LeaderElection21] INFO  impl.RoleInfo (RoleInfo.java:updateAndGet(139)) - 33cb0de0-5ab7-4f61-b692-731671fbecae: start 33cb0de0-5ab7-4f61-b692-731671fbecae@group-561C02F2D6E3-FollowerState
2023-09-19 02:06:24,947 [c519ac42-8cdc-4319-9f51-a3f7e63d0809@group-561C02F2D6E3-FollowerState] INFO  server.RaftServerConfigKeys (ConfUtils.java:logFallback(53)) - raft.server.rpc.first-election.timeout.min = 5s (fallback to raft.server.rpc.timeout.min)
2023-09-19 02:06:24,947 [c519ac42-8cdc-4319-9f51-a3f7e63d0809@group-561C02F2D6E3-FollowerState] INFO  server.RaftServerConfigKeys (ConfUtils.java:logFallback(53)) - raft.server.rpc.first-election.timeout.max = 5200ms (fallback to raft.server.rpc.timeout.max)
2023-09-19 02:06:24,955 [grpc-default-executor-0] INFO  server.RaftServer$Division (RaftServerImpl.java:requestVote(1302)) - c519ac42-8cdc-4319-9f51-a3f7e63d0809@group-561C02F2D6E3: receive requestVote(PRE_VOTE, 1fe901b2-7321-49f3-ab84-42b9a15df08a, group-561C02F2D6E3, 0, (t:0, i:0))
2023-09-19 02:06:24,955 [grpc-default-executor-0] INFO  impl.VoteContext (VoteContext.java:log(49)) - c519ac42-8cdc-4319-9f51-a3f7e63d0809@group-561C02F2D6E3-FOLLOWER: accept PRE_VOTE from 1fe901b2-7321-49f3-ab84-42b9a15df08a: our priority 0 <= candidate's priority 1
2023-09-19 02:06:24,955 [grpc-default-executor-0] INFO  server.RaftServer$Division (RaftServerImpl.java:requestVote(1335)) - c519ac42-8cdc-4319-9f51-a3f7e63d0809@group-561C02F2D6E3 replies to PRE_VOTE vote request: 1fe901b2-7321-49f3-ab84-42b9a15df08a<-c519ac42-8cdc-4319-9f51-a3f7e63d0809#0:OK-t0. Peer's state: c519ac42-8cdc-4319-9f51-a3f7e63d0809@group-561C02F2D6E3:t0, leader=null, voted=, raftlog=Memoized:c519ac42-8cdc-4319-9f51-a3f7e63d0809@group-561C02F2D6E3-SegmentedRaftLog:OPENED:c-1, conf=-1: peers:[c519ac42-8cdc-4319-9f51-a3f7e63d0809|rpc:10.1.0.29:15138|admin:10.1.0.29:15137|client:10.1.0.29:15136|dataStream:10.1.0.29:15139|priority:0|startupRole:FOLLOWER, 1fe901b2-7321-49f3-ab84-42b9a15df08a|rpc:10.1.0.29:15129|admin:10.1.0.29:15128|client:10.1.0.29:15127|dataStream:10.1.0.29:15130|priority:1|startupRole:FOLLOWER, 33cb0de0-5ab7-4f61-b692-731671fbecae|rpc:10.1.0.29:15120|admin:10.1.0.29:15119|client:10.1.0.29:15118|dataStream:10.1.0.29:15121|priority:0|startupRole:FOLLOWER]|listeners:[], old=null
2023-09-19 02:06:24,957 [grpc-default-executor-0] INFO  server.RaftServer$Division (RaftServerImpl.java:requestVote(1302)) - 33cb0de0-5ab7-4f61-b692-731671fbecae@group-561C02F2D6E3: receive requestVote(PRE_VOTE, 1fe901b2-7321-49f3-ab84-42b9a15df08a, group-561C02F2D6E3, 0, (t:0, i:0))
2023-09-19 02:06:24,957 [grpc-default-executor-0] INFO  impl.VoteContext (VoteContext.java:log(49)) - 33cb0de0-5ab7-4f61-b692-731671fbecae@group-561C02F2D6E3-FOLLOWER: accept PRE_VOTE from 1fe901b2-7321-49f3-ab84-42b9a15df08a: our priority 0 <= candidate's priority 1
2023-09-19 02:06:24,957 [grpc-default-executor-0] INFO  server.RaftServer$Division (RaftServerImpl.java:requestVote(1335)) - 33cb0de0-5ab7-4f61-b692-731671fbecae@group-561C02F2D6E3 replies to PRE_VOTE vote request: 1fe901b2-7321-49f3-ab84-42b9a15df08a<-33cb0de0-5ab7-4f61-b692-731671fbecae#0:OK-t0. Peer's state: 33cb0de0-5ab7-4f61-b692-731671fbecae@group-561C02F2D6E3:t0, leader=null, voted=, raftlog=Memoized:33cb0de0-5ab7-4f61-b692-731671fbecae@group-561C02F2D6E3-SegmentedRaftLog:OPENED:c-1, conf=-1: peers:[c519ac42-8cdc-4319-9f51-a3f7e63d0809|rpc:10.1.0.29:15138|admin:10.1.0.29:15137|client:10.1.0.29:15136|dataStream:10.1.0.29:15139|priority:0|startupRole:FOLLOWER, 1fe901b2-7321-49f3-ab84-42b9a15df08a|rpc:10.1.0.29:15129|admin:10.1.0.29:15128|client:10.1.0.29:15127|dataStream:10.1.0.29:15130|priority:1|startupRole:FOLLOWER, 33cb0de0-5ab7-4f61-b692-731671fbecae|rpc:10.1.0.29:15120|admin:10.1.0.29:15119|client:10.1.0.29:15118|dataStream:10.1.0.29:15121|priority:0|startupRole:FOLLOWER]|listeners:[], old=null
2023-09-19 02:06:24,959 [1fe901b2-7321-49f3-ab84-42b9a15df08a@group-561C02F2D6E3-LeaderElection22] INFO  impl.LeaderElection (LeaderElection.java:logAndReturn(90)) - 1fe901b2-7321-49f3-ab84-42b9a15df08a@group-561C02F2D6E3-LeaderElection22: PRE_VOTE PASSED received 1 response(s) and 0 exception(s):
2023-09-19 02:06:24,959 [1fe901b2-7321-49f3-ab84-42b9a15df08a@group-561C02F2D6E3-LeaderElection22] INFO  impl.LeaderElection (LeaderElection.java:logAndReturn(94)) -   Response 0: 1fe901b2-7321-49f3-ab84-42b9a15df08a<-c519ac42-8cdc-4319-9f51-a3f7e63d0809#0:OK-t0
2023-09-19 02:06:24,959 [1fe901b2-7321-49f3-ab84-42b9a15df08a@group-561C02F2D6E3-LeaderElection22] INFO  impl.LeaderElection (LeaderElection.java:askForVotes(323)) - 1fe901b2-7321-49f3-ab84-42b9a15df08a@group-561C02F2D6E3-LeaderElection22 PRE_VOTE round 0: result PASSED
2023-09-19 02:06:24,961 [1fe901b2-7321-49f3-ab84-42b9a15df08a@group-561C02F2D6E3-LeaderElection22] INFO  impl.LeaderElection (LeaderElection.java:askForVotes(321)) - 1fe901b2-7321-49f3-ab84-42b9a15df08a@group-561C02F2D6E3-LeaderElection22 ELECTION round 0: submit vote requests at term 1 for -1: peers:[c519ac42-8cdc-4319-9f51-a3f7e63d0809|rpc:10.1.0.29:15138|admin:10.1.0.29:15137|client:10.1.0.29:15136|dataStream:10.1.0.29:15139|priority:0|startupRole:FOLLOWER, 1fe901b2-7321-49f3-ab84-42b9a15df08a|rpc:10.1.0.29:15129|admin:10.1.0.29:15128|client:10.1.0.29:15127|dataStream:10.1.0.29:15130|priority:1|startupRole:FOLLOWER, 33cb0de0-5ab7-4f61-b692-731671fbecae|rpc:10.1.0.29:15120|admin:10.1.0.29:15119|client:10.1.0.29:15118|dataStream:10.1.0.29:15121|priority:0|startupRole:FOLLOWER]|listeners:[], old=null
2023-09-19 02:06:24,962 [33cb0de0-5ab7-4f61-b692-731671fbecae@group-6DEA495A8084-FollowerState] INFO  impl.FollowerState (FollowerState.java:run(143)) - 33cb0de0-5ab7-4f61-b692-731671fbecae@group-6DEA495A8084-FollowerState: change to CANDIDATE, lastRpcElapsedTime:5074319052ns, electionTimeout:5071ms
2023-09-19 02:06:24,962 [33cb0de0-5ab7-4f61-b692-731671fbecae@group-6DEA495A8084-FollowerState] INFO  impl.RoleInfo (RoleInfo.java:shutdownFollowerState(110)) - 33cb0de0-5ab7-4f61-b692-731671fbecae: shutdown 33cb0de0-5ab7-4f61-b692-731671fbecae@group-6DEA495A8084-FollowerState
2023-09-19 02:06:24,962 [33cb0de0-5ab7-4f61-b692-731671fbecae@group-6DEA495A8084-FollowerState] INFO  server.RaftServer$Division (RaftServerImpl.java:setRole(329)) - 33cb0de0-5ab7-4f61-b692-731671fbecae@group-6DEA495A8084: changes role from  FOLLOWER to CANDIDATE at term 0 for changeToCandidate
2023-09-19 02:06:24,964 [grpc-default-executor-0] INFO  server.RaftServer$Division (RaftServerImpl.java:requestVote(1302)) - c519ac42-8cdc-4319-9f51-a3f7e63d0809@group-561C02F2D6E3: receive requestVote(ELECTION, 1fe901b2-7321-49f3-ab84-42b9a15df08a, group-561C02F2D6E3, 1, (t:0, i:0))
2023-09-19 02:06:24,964 [grpc-default-executor-0] INFO  impl.VoteContext (VoteContext.java:log(49)) - c519ac42-8cdc-4319-9f51-a3f7e63d0809@group-561C02F2D6E3-FOLLOWER: accept ELECTION from 1fe901b2-7321-49f3-ab84-42b9a15df08a: our priority 0 <= candidate's priority 1
2023-09-19 02:06:24,964 [grpc-default-executor-0] INFO  server.RaftServer$Division (RaftServerImpl.java:setRole(329)) - c519ac42-8cdc-4319-9f51-a3f7e63d0809@group-561C02F2D6E3: changes role from  FOLLOWER to FOLLOWER at term 1 for candidate:1fe901b2-7321-49f3-ab84-42b9a15df08a
2023-09-19 02:06:24,964 [grpc-default-executor-0] INFO  impl.RoleInfo (RoleInfo.java:shutdownFollowerState(110)) - c519ac42-8cdc-4319-9f51-a3f7e63d0809: shutdown c519ac42-8cdc-4319-9f51-a3f7e63d0809@group-561C02F2D6E3-FollowerState
2023-09-19 02:06:24,966 [1fe901b2-7321-49f3-ab84-42b9a15df08a@group-561C02F2D6E3-LeaderElection22] INFO  server.RaftServerConfigKeys (ConfUtils.java:logFallback(53)) - raft.server.rpc.first-election.timeout.min = 5s (fallback to raft.server.rpc.timeout.min)
2023-09-19 02:06:24,966 [1fe901b2-7321-49f3-ab84-42b9a15df08a@group-561C02F2D6E3-LeaderElection22] INFO  server.RaftServerConfigKeys (ConfUtils.java:logFallback(53)) - raft.server.rpc.first-election.timeout.max = 5200ms (fallback to raft.server.rpc.timeout.max)
2023-09-19 02:06:24,966 [grpc-default-executor-0] INFO  impl.RoleInfo (RoleInfo.java:updateAndGet(139)) - c519ac42-8cdc-4319-9f51-a3f7e63d0809: start c519ac42-8cdc-4319-9f51-a3f7e63d0809@group-561C02F2D6E3-FollowerState
2023-09-19 02:06:24,966 [c519ac42-8cdc-4319-9f51-a3f7e63d0809@group-561C02F2D6E3-FollowerState] INFO  impl.FollowerState (FollowerState.java:run(152)) - c519ac42-8cdc-4319-9f51-a3f7e63d0809@group-561C02F2D6E3-FollowerState was interrupted
2023-09-19 02:06:24,966 [33cb0de0-5ab7-4f61-b692-731671fbecae@group-6DEA495A8084-FollowerState] INFO  server.RaftServerConfigKeys (ConfUtils.java:logGet(46)) - raft.server.leaderelection.pre-vote = true (default)
2023-09-19 02:06:24,966 [33cb0de0-5ab7-4f61-b692-731671fbecae@group-6DEA495A8084-FollowerState] INFO  impl.RoleInfo (RoleInfo.java:updateAndGet(139)) - 33cb0de0-5ab7-4f61-b692-731671fbecae: start 33cb0de0-5ab7-4f61-b692-731671fbecae@group-6DEA495A8084-LeaderElection23
2023-09-19 02:06:24,971 [grpc-default-executor-0] INFO  server.RaftServer$Division (RaftServerImpl.java:requestVote(1335)) - c519ac42-8cdc-4319-9f51-a3f7e63d0809@group-561C02F2D6E3 replies to ELECTION vote request: 1fe901b2-7321-49f3-ab84-42b9a15df08a<-c519ac42-8cdc-4319-9f51-a3f7e63d0809#0:OK-t1. Peer's state: c519ac42-8cdc-4319-9f51-a3f7e63d0809@group-561C02F2D6E3:t1, leader=null, voted=1fe901b2-7321-49f3-ab84-42b9a15df08a, raftlog=Memoized:c519ac42-8cdc-4319-9f51-a3f7e63d0809@group-561C02F2D6E3-SegmentedRaftLog:OPENED:c-1, conf=-1: peers:[c519ac42-8cdc-4319-9f51-a3f7e63d0809|rpc:10.1.0.29:15138|admin:10.1.0.29:15137|client:10.1.0.29:15136|dataStream:10.1.0.29:15139|priority:0|startupRole:FOLLOWER, 1fe901b2-7321-49f3-ab84-42b9a15df08a|rpc:10.1.0.29:15129|admin:10.1.0.29:15128|client:10.1.0.29:15127|dataStream:10.1.0.29:15130|priority:1|startupRole:FOLLOWER, 33cb0de0-5ab7-4f61-b692-731671fbecae|rpc:10.1.0.29:15120|admin:10.1.0.29:15119|client:10.1.0.29:15118|dataStream:10.1.0.29:15121|priority:0|startupRole:FOLLOWER]|listeners:[], old=null
2023-09-19 02:06:24,972 [1fe901b2-7321-49f3-ab84-42b9a15df08a@group-561C02F2D6E3-LeaderElection22] INFO  impl.LeaderElection (LeaderElection.java:logAndReturn(90)) - 1fe901b2-7321-49f3-ab84-42b9a15df08a@group-561C02F2D6E3-LeaderElection22: ELECTION PASSED received 1 response(s) and 0 exception(s):
2023-09-19 02:06:24,972 [1fe901b2-7321-49f3-ab84-42b9a15df08a@group-561C02F2D6E3-LeaderElection22] INFO  impl.LeaderElection (LeaderElection.java:logAndReturn(94)) -   Response 0: 1fe901b2-7321-49f3-ab84-42b9a15df08a<-c519ac42-8cdc-4319-9f51-a3f7e63d0809#0:OK-t1
2023-09-19 02:06:24,972 [1fe901b2-7321-49f3-ab84-42b9a15df08a@group-561C02F2D6E3-LeaderElection22] INFO  impl.LeaderElection (LeaderElection.java:askForVotes(323)) - 1fe901b2-7321-49f3-ab84-42b9a15df08a@group-561C02F2D6E3-LeaderElection22 ELECTION round 0: result PASSED
2023-09-19 02:06:24,973 [1fe901b2-7321-49f3-ab84-42b9a15df08a@group-561C02F2D6E3-LeaderElection22] INFO  impl.RoleInfo (RoleInfo.java:shutdownLeaderElection(130)) - 1fe901b2-7321-49f3-ab84-42b9a15df08a: shutdown 1fe901b2-7321-49f3-ab84-42b9a15df08a@group-561C02F2D6E3-LeaderElection22
2023-09-19 02:06:24,973 [1fe901b2-7321-49f3-ab84-42b9a15df08a@group-561C02F2D6E3-LeaderElection22] INFO  server.RaftServer$Division (RaftServerImpl.java:setRole(329)) - 1fe901b2-7321-49f3-ab84-42b9a15df08a@group-561C02F2D6E3: changes role from CANDIDATE to LEADER at term 1 for changeToLeader
2023-09-19 02:06:24,973 [1fe901b2-7321-49f3-ab84-42b9a15df08a@group-561C02F2D6E3-LeaderElection22] INFO  ratis.XceiverServerRatis (XceiverServerRatis.java:handleLeaderChangedNotification(902)) - Leader change notification received for group: group-561C02F2D6E3 with new leaderId: 1fe901b2-7321-49f3-ab84-42b9a15df08a
2023-09-19 02:06:24,973 [1fe901b2-7321-49f3-ab84-42b9a15df08a@group-561C02F2D6E3-LeaderElection22] INFO  server.RaftServer$Division (ServerState.java:setLeader(317)) - 1fe901b2-7321-49f3-ab84-42b9a15df08a@group-561C02F2D6E3: change Leader from null to 1fe901b2-7321-49f3-ab84-42b9a15df08a at term 1 for becomeLeader, leader elected after 5120ms
2023-09-19 02:06:24,973 [1fe901b2-7321-49f3-ab84-42b9a15df08a@group-561C02F2D6E3-LeaderElection22] INFO  server.RaftServerConfigKeys (ConfUtils.java:logGet(46)) - raft.server.staging.catchup.gap = 1000 (default)
2023-09-19 02:06:24,973 [1fe901b2-7321-49f3-ab84-42b9a15df08a@group-561C02F2D6E3-LeaderElection22] INFO  server.RaftServerConfigKeys (ConfUtils.java:logGet(46)) - raft.server.write.element-limit = 1024 (custom)
2023-09-19 02:06:24,973 [1fe901b2-7321-49f3-ab84-42b9a15df08a@group-561C02F2D6E3-LeaderElection22] INFO  server.RaftServerConfigKeys (ConfUtils.java:logGet(46)) - raft.server.write.byte-limit = 1024 M (=1073741824) (custom)
2023-09-19 02:06:24,973 [1fe901b2-7321-49f3-ab84-42b9a15df08a@group-561C02F2D6E3-LeaderElection22] INFO  server.RaftServerConfigKeys (ConfUtils.java:logGet(46)) - raft.server.watch.timeout = 180s (custom)
2023-09-19 02:06:24,973 [1fe901b2-7321-49f3-ab84-42b9a15df08a@group-561C02F2D6E3-LeaderElection22] INFO  server.RaftServerConfigKeys (ConfUtils.java:logGet(46)) - raft.server.watch.timeout.denomination = 1s (default)
2023-09-19 02:06:24,973 [1fe901b2-7321-49f3-ab84-42b9a15df08a@group-561C02F2D6E3-LeaderElection22] INFO  server.RaftServerConfigKeys (ConfUtils.java:logGet(46)) - raft.server.watch.element-limit = 65536 (default)
2023-09-19 02:06:24,973 [1fe901b2-7321-49f3-ab84-42b9a15df08a@group-561C02F2D6E3-LeaderElection22] INFO  server.RaftServerConfigKeys (ConfUtils.java:logGet(46)) - raft.server.write.element-limit = 1024 (custom)
2023-09-19 02:06:24,973 [1fe901b2-7321-49f3-ab84-42b9a15df08a@group-561C02F2D6E3-LeaderElection22] INFO  server.RaftServerConfigKeys (ConfUtils.java:logGet(46)) - raft.server.write.follower.gap.ratio.max = -1.0 (default)
2023-09-19 02:06:24,974 [1fe901b2-7321-49f3-ab84-42b9a15df08a@group-561C02F2D6E3-LeaderElection22] INFO  server.RaftServerConfigKeys (ConfUtils.java:logGet(46)) - raft.server.log.appender.snapshot.chunk.size.max = 16MB (=16777216) (default)
2023-09-19 02:06:24,974 [1fe901b2-7321-49f3-ab84-42b9a15df08a@group-561C02F2D6E3-LeaderElection22] INFO  server.RaftServerConfigKeys (ConfUtils.java:logGet(46)) - raft.server.log.appender.buffer.byte-limit = 33554432 (custom)
2023-09-19 02:06:24,974 [1fe901b2-7321-49f3-ab84-42b9a15df08a@group-561C02F2D6E3-LeaderElection22] INFO  server.RaftServerConfigKeys (ConfUtils.java:logGet(46)) - raft.server.log.appender.buffer.element-limit = 1 (custom)
2023-09-19 02:06:24,974 [1fe901b2-7321-49f3-ab84-42b9a15df08a@group-561C02F2D6E3-LeaderElection22] INFO  server.RaftServerConfigKeys (ConfUtils.java:logGet(46)) - raft.server.log.appender.wait-time.min = 10ms (default)
2023-09-19 02:06:24,974 [1fe901b2-7321-49f3-ab84-42b9a15df08a@group-561C02F2D6E3-LeaderElection22] INFO  grpc.GrpcConfigKeys (ConfUtils.java:logGet(46)) - raft.grpc.server.leader.outstanding.appends.max = 128 (default)
2023-09-19 02:06:24,974 [1fe901b2-7321-49f3-ab84-42b9a15df08a@group-561C02F2D6E3-LeaderElection22] INFO  server.RaftServerConfigKeys (ConfUtils.java:logGet(46)) - raft.server.rpc.request.timeout = 60s (custom)
2023-09-19 02:06:24,974 [1fe901b2-7321-49f3-ab84-42b9a15df08a@group-561C02F2D6E3-LeaderElection22] INFO  grpc.GrpcConfigKeys (ConfUtils.java:logGet(46)) - raft.grpc.server.install_snapshot.request.element-limit = 8 (default)
2023-09-19 02:06:24,974 [1fe901b2-7321-49f3-ab84-42b9a15df08a@group-561C02F2D6E3-LeaderElection22] INFO  grpc.GrpcConfigKeys (ConfUtils.java:logGet(46)) - raft.grpc.server.install_snapshot.request.timeout = 3000ms (default)
2023-09-19 02:06:24,974 [1fe901b2-7321-49f3-ab84-42b9a15df08a@group-561C02F2D6E3-LeaderElection22] INFO  server.RaftServerConfigKeys (ConfUtils.java:logGet(46)) - raft.server.log.appender.install.snapshot.enabled = false (custom)
2023-09-19 02:06:24,974 [1fe901b2-7321-49f3-ab84-42b9a15df08a@group-561C02F2D6E3-LeaderElection22] INFO  grpc.GrpcConfigKeys (ConfUtils.java:logGet(46)) - raft.grpc.server.heartbeat.channel = true (default)
2023-09-19 02:06:24,975 [1fe901b2-7321-49f3-ab84-42b9a15df08a@group-561C02F2D6E3-LeaderElection22] INFO  server.RaftServerConfigKeys (ConfUtils.java:logGet(46)) - raft.server.log.appender.snapshot.chunk.size.max = 16MB (=16777216) (default)
2023-09-19 02:06:24,975 [1fe901b2-7321-49f3-ab84-42b9a15df08a@group-561C02F2D6E3-LeaderElection22] INFO  server.RaftServerConfigKeys (ConfUtils.java:logGet(46)) - raft.server.log.appender.buffer.byte-limit = 33554432 (custom)
2023-09-19 02:06:24,975 [1fe901b2-7321-49f3-ab84-42b9a15df08a@group-561C02F2D6E3-LeaderElection22] INFO  server.RaftServerConfigKeys (ConfUtils.java:logGet(46)) - raft.server.log.appender.buffer.element-limit = 1 (custom)
2023-09-19 02:06:24,975 [1fe901b2-7321-49f3-ab84-42b9a15df08a@group-561C02F2D6E3-LeaderElection22] INFO  server.RaftServerConfigKeys (ConfUtils.java:logGet(46)) - raft.server.log.appender.wait-time.min = 10ms (default)
2023-09-19 02:06:24,975 [1fe901b2-7321-49f3-ab84-42b9a15df08a@group-561C02F2D6E3-LeaderElection22] INFO  grpc.GrpcConfigKeys (ConfUtils.java:logGet(46)) - raft.grpc.server.leader.outstanding.appends.max = 128 (default)
2023-09-19 02:06:24,975 [1fe901b2-7321-49f3-ab84-42b9a15df08a@group-561C02F2D6E3-LeaderElection22] INFO  server.RaftServerConfigKeys (ConfUtils.java:logGet(46)) - raft.server.rpc.request.timeout = 60s (custom)
2023-09-19 02:06:24,975 [1fe901b2-7321-49f3-ab84-42b9a15df08a@group-561C02F2D6E3-LeaderElection22] INFO  grpc.GrpcConfigKeys (ConfUtils.java:logGet(46)) - raft.grpc.server.install_snapshot.request.element-limit = 8 (default)
2023-09-19 02:06:24,975 [1fe901b2-7321-49f3-ab84-42b9a15df08a@group-561C02F2D6E3-LeaderElection22] INFO  grpc.GrpcConfigKeys (ConfUtils.java:logGet(46)) - raft.grpc.server.install_snapshot.request.timeout = 3000ms (default)
2023-09-19 02:06:24,975 [1fe901b2-7321-49f3-ab84-42b9a15df08a@group-561C02F2D6E3-LeaderElection22] INFO  server.RaftServerConfigKeys (ConfUtils.java:logGet(46)) - raft.server.log.appender.install.snapshot.enabled = false (custom)
2023-09-19 02:06:24,975 [1fe901b2-7321-49f3-ab84-42b9a15df08a@group-561C02F2D6E3-LeaderElection22] INFO  grpc.GrpcConfigKeys (ConfUtils.java:logGet(46)) - raft.grpc.server.heartbeat.channel = true (default)
2023-09-19 02:06:24,975 [1fe901b2-7321-49f3-ab84-42b9a15df08a@group-561C02F2D6E3-LeaderElection22] INFO  impl.RoleInfo (RoleInfo.java:updateAndGet(139)) - 1fe901b2-7321-49f3-ab84-42b9a15df08a: start 1fe901b2-7321-49f3-ab84-42b9a15df08a@group-561C02F2D6E3-LeaderStateImpl
2023-09-19 02:06:24,975 [1fe901b2-7321-49f3-ab84-42b9a15df08a@group-561C02F2D6E3-LeaderElection22] INFO  segmented.SegmentedRaftLogWorker (SegmentedRaftLogWorker.java:startLogSegment(447)) - 1fe901b2-7321-49f3-ab84-42b9a15df08a@group-561C02F2D6E3-SegmentedRaftLogWorker: Starting segment from index:0
2023-09-19 02:06:24,977 [1fe901b2-7321-49f3-ab84-42b9a15df08a@group-561C02F2D6E3-SegmentedRaftLogWorker] INFO  segmented.SegmentedRaftLogWorker (SegmentedRaftLogWorker.java:execute(651)) - 1fe901b2-7321-49f3-ab84-42b9a15df08a@group-561C02F2D6E3-SegmentedRaftLogWorker: created new log segment /home/runner/work/ozone/ozone/hadoop-ozone/integration-test/target/test-dir/MiniOzoneClusterImpl-580a45e0-de24-452d-9431-a8422bda96cb/datanode-1/data/ratis/a1c1a8f2-c1e3-4da9-a6c3-561c02f2d6e3/current/log_inprogress_0
2023-09-19 02:06:24,981 [1fe901b2-7321-49f3-ab84-42b9a15df08a@group-561C02F2D6E3-LeaderElection22] INFO  server.RaftServer$Division (ServerState.java:setRaftConf(434)) - 1fe901b2-7321-49f3-ab84-42b9a15df08a@group-561C02F2D6E3: set configuration 0: peers:[c519ac42-8cdc-4319-9f51-a3f7e63d0809|rpc:10.1.0.29:15138|admin:10.1.0.29:15137|client:10.1.0.29:15136|dataStream:10.1.0.29:15139|priority:0|startupRole:FOLLOWER, 1fe901b2-7321-49f3-ab84-42b9a15df08a|rpc:10.1.0.29:15129|admin:10.1.0.29:15128|client:10.1.0.29:15127|dataStream:10.1.0.29:15130|priority:1|startupRole:FOLLOWER, 33cb0de0-5ab7-4f61-b692-731671fbecae|rpc:10.1.0.29:15120|admin:10.1.0.29:15119|client:10.1.0.29:15118|dataStream:10.1.0.29:15121|priority:0|startupRole:FOLLOWER]|listeners:[], old=null
2023-09-19 02:06:24,985 [33cb0de0-5ab7-4f61-b692-731671fbecae@group-6DEA495A8084-LeaderElection23] INFO  impl.LeaderElection (LeaderElection.java:askForVotes(321)) - 33cb0de0-5ab7-4f61-b692-731671fbecae@group-6DEA495A8084-LeaderElection23 PRE_VOTE round 0: submit vote requests at term 0 for -1: peers:[c519ac42-8cdc-4319-9f51-a3f7e63d0809|rpc:10.1.0.29:15138|admin:10.1.0.29:15137|client:10.1.0.29:15136|dataStream:10.1.0.29:15139|priority:0|startupRole:FOLLOWER, 1fe901b2-7321-49f3-ab84-42b9a15df08a|rpc:10.1.0.29:15129|admin:10.1.0.29:15128|client:10.1.0.29:15127|dataStream:10.1.0.29:15130|priority:0|startupRole:FOLLOWER, 33cb0de0-5ab7-4f61-b692-731671fbecae|rpc:10.1.0.29:15120|admin:10.1.0.29:15119|client:10.1.0.29:15118|dataStream:10.1.0.29:15121|priority:1|startupRole:FOLLOWER]|listeners:[], old=null
2023-09-19 02:06:24,985 [EventQueue-PipelineReportForPipelineReportHandler] INFO  pipeline.PipelineReportHandler (PipelineReportHandler.java:processPipelineReport(136)) - Opened pipeline PipelineID=a1c1a8f2-c1e3-4da9-a6c3-561c02f2d6e3
2023-09-19 02:06:24,985 [grpc-default-executor-2] INFO  server.RaftServer$Division (RaftServerImpl.java:requestVote(1302)) - 33cb0de0-5ab7-4f61-b692-731671fbecae@group-561C02F2D6E3: receive requestVote(ELECTION, 1fe901b2-7321-49f3-ab84-42b9a15df08a, group-561C02F2D6E3, 1, (t:0, i:0))
2023-09-19 02:06:24,985 [EventQueue-OpenPipelineForHealthyPipelineSafeModeRule] INFO  safemode.SCMSafeModeManager (HealthyPipelineSafeModeRule.java:process(137)) - SCM in safe mode. Healthy pipelines reported count is 1, required healthy pipeline reported count is 1
2023-09-19 02:06:24,985 [EventQueue-OpenPipelineForHealthyPipelineSafeModeRule] INFO  safemode.SCMSafeModeManager (SCMSafeModeManager.java:validateSafeModeExitRules(200)) - HealthyPipelineSafeModeRule rule is successfully validated
2023-09-19 02:06:24,985 [EventQueue-OpenPipelineForHealthyPipelineSafeModeRule] INFO  safemode.SCMSafeModeManager (SCMSafeModeManager.java:validateSafeModeExitRules(215)) - ScmSafeModeManager, all rules are successfully validated
2023-09-19 02:06:24,985 [EventQueue-OpenPipelineForHealthyPipelineSafeModeRule] INFO  safemode.SCMSafeModeManager (SCMSafeModeManager.java:exitSafeMode(244)) - SCM exiting safe mode.
2023-09-19 02:06:24,985 [EventQueue-OpenPipelineForHealthyPipelineSafeModeRule] INFO  ha.SCMContext (SCMContext.java:updateSafeModeStatus(228)) - Update SafeModeStatus from SafeModeStatus{safeModeStatus=true, preCheckPassed=true} to SafeModeStatus{safeModeStatus=false, preCheckPassed=true}.
2023-09-19 02:06:24,985 [EventQueue-OpenPipelineForHealthyPipelineSafeModeRule] INFO  pipeline.BackgroundPipelineCreator (BackgroundPipelineCreator.java:notifyStatusChanged(255)) - Service BackgroundPipelineCreator transitions to RUNNING.
2023-09-19 02:06:24,985 [EventQueue-OpenPipelineForHealthyPipelineSafeModeRule] INFO  BackgroundPipelineScrubber (BackgroundSCMService.java:notifyStatusChanged(82)) - Service BackgroundPipelineScrubber transitions to RUNNING.
2023-09-19 02:06:24,985 [EventQueue-OpenPipelineForHealthyPipelineSafeModeRule] INFO  ExpiredContainerReplicaOpScrubber (BackgroundSCMService.java:notifyStatusChanged(82)) - Service ExpiredContainerReplicaOpScrubber transitions to RUNNING.
2023-09-19 02:06:24,985 [EventQueue-OpenPipelineForHealthyPipelineSafeModeRule] INFO  replication.ReplicationManager (ReplicationManager.java:notifyStatusChanged(1370)) - Service ReplicationManager transitions to RUNNING.
2023-09-19 02:06:24,986 [EventQueue-OpenPipelineForHealthyPipelineSafeModeRule] WARN  balancer.ContainerBalancer (ContainerBalancer.java:shouldRun(134)) - Could not find persisted configuration for ContainerBalancer when checking if ContainerBalancer should run. ContainerBalancer should not run now.
2023-09-19 02:06:24,992 [grpc-default-executor-2] INFO  impl.VoteContext (VoteContext.java:log(49)) - 33cb0de0-5ab7-4f61-b692-731671fbecae@group-561C02F2D6E3-FOLLOWER: accept ELECTION from 1fe901b2-7321-49f3-ab84-42b9a15df08a: our priority 0 <= candidate's priority 1
2023-09-19 02:06:24,992 [grpc-default-executor-2] INFO  server.RaftServer$Division (RaftServerImpl.java:setRole(329)) - 33cb0de0-5ab7-4f61-b692-731671fbecae@group-561C02F2D6E3: changes role from  FOLLOWER to FOLLOWER at term 1 for candidate:1fe901b2-7321-49f3-ab84-42b9a15df08a
2023-09-19 02:06:24,992 [grpc-default-executor-2] INFO  impl.RoleInfo (RoleInfo.java:shutdownFollowerState(110)) - 33cb0de0-5ab7-4f61-b692-731671fbecae: shutdown 33cb0de0-5ab7-4f61-b692-731671fbecae@group-561C02F2D6E3-FollowerState
2023-09-19 02:06:25,007 [33cb0de0-5ab7-4f61-b692-731671fbecae@group-561C02F2D6E3-FollowerState] INFO  impl.FollowerState (FollowerState.java:run(152)) - 33cb0de0-5ab7-4f61-b692-731671fbecae@group-561C02F2D6E3-FollowerState was interrupted
2023-09-19 02:06:25,007 [33cb0de0-5ab7-4f61-b692-731671fbecae@group-6DEA495A8084-LeaderElection23] INFO  server.RaftServerConfigKeys (ConfUtils.java:logFallback(53)) - raft.server.rpc.first-election.timeout.min = 5s (fallback to raft.server.rpc.timeout.min)
2023-09-19 02:06:25,008 [33cb0de0-5ab7-4f61-b692-731671fbecae@group-6DEA495A8084-LeaderElection23] INFO  server.RaftServerConfigKeys (ConfUtils.java:logFallback(53)) - raft.server.rpc.first-election.timeout.max = 5200ms (fallback to raft.server.rpc.timeout.max)
2023-09-19 02:06:25,014 [grpc-default-executor-2] INFO  impl.RoleInfo (RoleInfo.java:updateAndGet(139)) - 33cb0de0-5ab7-4f61-b692-731671fbecae: start 33cb0de0-5ab7-4f61-b692-731671fbecae@group-561C02F2D6E3-FollowerState
2023-09-19 02:06:25,015 [1fe901b2-7321-49f3-ab84-42b9a15df08a@group-73C006F604A6-FollowerState] INFO  impl.FollowerState (FollowerState.java:run(143)) - 1fe901b2-7321-49f3-ab84-42b9a15df08a@group-73C006F604A6-FollowerState: change to CANDIDATE, lastRpcElapsedTime:5060050792ns, electionTimeout:5055ms
2023-09-19 02:06:25,018 [1fe901b2-7321-49f3-ab84-42b9a15df08a@group-73C006F604A6-FollowerState] INFO  impl.RoleInfo (RoleInfo.java:shutdownFollowerState(110)) - 1fe901b2-7321-49f3-ab84-42b9a15df08a: shutdown 1fe901b2-7321-49f3-ab84-42b9a15df08a@group-73C006F604A6-FollowerState
2023-09-19 02:06:25,018 [1fe901b2-7321-49f3-ab84-42b9a15df08a@group-73C006F604A6-FollowerState] INFO  server.RaftServer$Division (RaftServerImpl.java:setRole(329)) - 1fe901b2-7321-49f3-ab84-42b9a15df08a@group-73C006F604A6: changes role from  FOLLOWER to CANDIDATE at term 0 for changeToCandidate
2023-09-19 02:06:25,016 [grpc-default-executor-7] INFO  server.RaftServer$Division (RaftServerImpl.java:requestVote(1302)) - c519ac42-8cdc-4319-9f51-a3f7e63d0809@group-6DEA495A8084: receive requestVote(PRE_VOTE, 33cb0de0-5ab7-4f61-b692-731671fbecae, group-6DEA495A8084, 0, (t:0, i:0))
2023-09-19 02:06:25,018 [grpc-default-executor-7] INFO  impl.VoteContext (VoteContext.java:log(49)) - c519ac42-8cdc-4319-9f51-a3f7e63d0809@group-6DEA495A8084-FOLLOWER: accept PRE_VOTE from 33cb0de0-5ab7-4f61-b692-731671fbecae: our priority 0 <= candidate's priority 1
2023-09-19 02:06:25,019 [grpc-default-executor-7] INFO  server.RaftServer$Division (RaftServerImpl.java:requestVote(1335)) - c519ac42-8cdc-4319-9f51-a3f7e63d0809@group-6DEA495A8084 replies to PRE_VOTE vote request: 33cb0de0-5ab7-4f61-b692-731671fbecae<-c519ac42-8cdc-4319-9f51-a3f7e63d0809#0:OK-t0. Peer's state: c519ac42-8cdc-4319-9f51-a3f7e63d0809@group-6DEA495A8084:t0, leader=null, voted=, raftlog=Memoized:c519ac42-8cdc-4319-9f51-a3f7e63d0809@group-6DEA495A8084-SegmentedRaftLog:OPENED:c-1, conf=-1: peers:[c519ac42-8cdc-4319-9f51-a3f7e63d0809|rpc:10.1.0.29:15138|admin:10.1.0.29:15137|client:10.1.0.29:15136|dataStream:10.1.0.29:15139|priority:0|startupRole:FOLLOWER, 1fe901b2-7321-49f3-ab84-42b9a15df08a|rpc:10.1.0.29:15129|admin:10.1.0.29:15128|client:10.1.0.29:15127|dataStream:10.1.0.29:15130|priority:0|startupRole:FOLLOWER, 33cb0de0-5ab7-4f61-b692-731671fbecae|rpc:10.1.0.29:15120|admin:10.1.0.29:15119|client:10.1.0.29:15118|dataStream:10.1.0.29:15121|priority:1|startupRole:FOLLOWER]|listeners:[], old=null
2023-09-19 02:06:25,019 [1fe901b2-7321-49f3-ab84-42b9a15df08a@group-73C006F604A6-FollowerState] INFO  server.RaftServerConfigKeys (ConfUtils.java:logGet(46)) - raft.server.leaderelection.pre-vote = true (default)
2023-09-19 02:06:25,019 [1fe901b2-7321-49f3-ab84-42b9a15df08a@group-73C006F604A6-FollowerState] INFO  impl.RoleInfo (RoleInfo.java:updateAndGet(139)) - 1fe901b2-7321-49f3-ab84-42b9a15df08a: start 1fe901b2-7321-49f3-ab84-42b9a15df08a@group-73C006F604A6-LeaderElection24
2023-09-19 02:06:25,020 [grpc-default-executor-7] INFO  server.RaftServer$Division (RaftServerImpl.java:requestVote(1302)) - 1fe901b2-7321-49f3-ab84-42b9a15df08a@group-6DEA495A8084: receive requestVote(PRE_VOTE, 33cb0de0-5ab7-4f61-b692-731671fbecae, group-6DEA495A8084, 0, (t:0, i:0))
2023-09-19 02:06:25,020 [grpc-default-executor-2] INFO  server.RaftServer$Division (RaftServerImpl.java:requestVote(1335)) - 33cb0de0-5ab7-4f61-b692-731671fbecae@group-561C02F2D6E3 replies to ELECTION vote request: 1fe901b2-7321-49f3-ab84-42b9a15df08a<-33cb0de0-5ab7-4f61-b692-731671fbecae#0:OK-t1. Peer's state: 33cb0de0-5ab7-4f61-b692-731671fbecae@group-561C02F2D6E3:t1, leader=null, voted=1fe901b2-7321-49f3-ab84-42b9a15df08a, raftlog=Memoized:33cb0de0-5ab7-4f61-b692-731671fbecae@group-561C02F2D6E3-SegmentedRaftLog:OPENED:c-1, conf=-1: peers:[c519ac42-8cdc-4319-9f51-a3f7e63d0809|rpc:10.1.0.29:15138|admin:10.1.0.29:15137|client:10.1.0.29:15136|dataStream:10.1.0.29:15139|priority:0|startupRole:FOLLOWER, 1fe901b2-7321-49f3-ab84-42b9a15df08a|rpc:10.1.0.29:15129|admin:10.1.0.29:15128|client:10.1.0.29:15127|dataStream:10.1.0.29:15130|priority:1|startupRole:FOLLOWER, 33cb0de0-5ab7-4f61-b692-731671fbecae|rpc:10.1.0.29:15120|admin:10.1.0.29:15119|client:10.1.0.29:15118|dataStream:10.1.0.29:15121|priority:0|startupRole:FOLLOWER]|listeners:[], old=null
2023-09-19 02:06:25,021 [33cb0de0-5ab7-4f61-b692-731671fbecae@group-6DEA495A8084-LeaderElection23] INFO  impl.LeaderElection (LeaderElection.java:logAndReturn(90)) - 33cb0de0-5ab7-4f61-b692-731671fbecae@group-6DEA495A8084-LeaderElection23: PRE_VOTE PASSED received 1 response(s) and 0 exception(s):
2023-09-19 02:06:25,021 [33cb0de0-5ab7-4f61-b692-731671fbecae@group-6DEA495A8084-LeaderElection23] INFO  impl.LeaderElection (LeaderElection.java:logAndReturn(94)) -   Response 0: 33cb0de0-5ab7-4f61-b692-731671fbecae<-c519ac42-8cdc-4319-9f51-a3f7e63d0809#0:OK-t0
2023-09-19 02:06:25,021 [33cb0de0-5ab7-4f61-b692-731671fbecae@group-6DEA495A8084-LeaderElection23] INFO  impl.LeaderElection (LeaderElection.java:askForVotes(323)) - 33cb0de0-5ab7-4f61-b692-731671fbecae@group-6DEA495A8084-LeaderElection23 PRE_VOTE round 0: result PASSED
2023-09-19 02:06:25,020 [grpc-default-executor-7] INFO  impl.VoteContext (VoteContext.java:log(49)) - 1fe901b2-7321-49f3-ab84-42b9a15df08a@group-6DEA495A8084-FOLLOWER: accept PRE_VOTE from 33cb0de0-5ab7-4f61-b692-731671fbecae: our priority 0 <= candidate's priority 1
2023-09-19 02:06:25,022 [grpc-default-executor-7] INFO  server.RaftServer$Division (RaftServerImpl.java:requestVote(1335)) - 1fe901b2-7321-49f3-ab84-42b9a15df08a@group-6DEA495A8084 replies to PRE_VOTE vote request: 33cb0de0-5ab7-4f61-b692-731671fbecae<-1fe901b2-7321-49f3-ab84-42b9a15df08a#0:OK-t0. Peer's state: 1fe901b2-7321-49f3-ab84-42b9a15df08a@group-6DEA495A8084:t0, leader=null, voted=, raftlog=Memoized:1fe901b2-7321-49f3-ab84-42b9a15df08a@group-6DEA495A8084-SegmentedRaftLog:OPENED:c-1, conf=-1: peers:[c519ac42-8cdc-4319-9f51-a3f7e63d0809|rpc:10.1.0.29:15138|admin:10.1.0.29:15137|client:10.1.0.29:15136|dataStream:10.1.0.29:15139|priority:0|startupRole:FOLLOWER, 1fe901b2-7321-49f3-ab84-42b9a15df08a|rpc:10.1.0.29:15129|admin:10.1.0.29:15128|client:10.1.0.29:15127|dataStream:10.1.0.29:15130|priority:0|startupRole:FOLLOWER, 33cb0de0-5ab7-4f61-b692-731671fbecae|rpc:10.1.0.29:15120|admin:10.1.0.29:15119|client:10.1.0.29:15118|dataStream:10.1.0.29:15121|priority:1|startupRole:FOLLOWER]|listeners:[], old=null
2023-09-19 02:06:25,022 [33cb0de0-5ab7-4f61-b692-731671fbecae@group-6DEA495A8084-LeaderElection23] INFO  impl.LeaderElection (LeaderElection.java:askForVotes(321)) - 33cb0de0-5ab7-4f61-b692-731671fbecae@group-6DEA495A8084-LeaderElection23 ELECTION round 0: submit vote requests at term 1 for -1: peers:[c519ac42-8cdc-4319-9f51-a3f7e63d0809|rpc:10.1.0.29:15138|admin:10.1.0.29:15137|client:10.1.0.29:15136|dataStream:10.1.0.29:15139|priority:0|startupRole:FOLLOWER, 1fe901b2-7321-49f3-ab84-42b9a15df08a|rpc:10.1.0.29:15129|admin:10.1.0.29:15128|client:10.1.0.29:15127|dataStream:10.1.0.29:15130|priority:0|startupRole:FOLLOWER, 33cb0de0-5ab7-4f61-b692-731671fbecae|rpc:10.1.0.29:15120|admin:10.1.0.29:15119|client:10.1.0.29:15118|dataStream:10.1.0.29:15121|priority:1|startupRole:FOLLOWER]|listeners:[], old=null
2023-09-19 02:06:25,022 [33cb0de0-5ab7-4f61-b692-731671fbecae-server-thread1] INFO  ratis.XceiverServerRatis (XceiverServerRatis.java:handleLeaderChangedNotification(902)) - Leader change notification received for group: group-561C02F2D6E3 with new leaderId: 1fe901b2-7321-49f3-ab84-42b9a15df08a
2023-09-19 02:06:25,022 [33cb0de0-5ab7-4f61-b692-731671fbecae-server-thread1] INFO  server.RaftServer$Division (ServerState.java:setLeader(317)) - 33cb0de0-5ab7-4f61-b692-731671fbecae@group-561C02F2D6E3: change Leader from null to 1fe901b2-7321-49f3-ab84-42b9a15df08a at term 1 for appendEntries, leader elected after 5258ms
2023-09-19 02:06:25,025 [33cb0de0-5ab7-4f61-b692-731671fbecae@group-6DEA495A8084-LeaderElection23] INFO  server.RaftServerConfigKeys (ConfUtils.java:logFallback(53)) - raft.server.rpc.first-election.timeout.min = 5s (fallback to raft.server.rpc.timeout.min)
2023-09-19 02:06:25,025 [33cb0de0-5ab7-4f61-b692-731671fbecae@group-6DEA495A8084-LeaderElection23] INFO  server.RaftServerConfigKeys (ConfUtils.java:logFallback(53)) - raft.server.rpc.first-election.timeout.max = 5200ms (fallback to raft.server.rpc.timeout.max)
2023-09-19 02:06:25,027 [33cb0de0-5ab7-4f61-b692-731671fbecae-server-thread1] INFO  server.RaftServer$Division (ServerState.java:setRaftConf(434)) - 33cb0de0-5ab7-4f61-b692-731671fbecae@group-561C02F2D6E3: set configuration 0: peers:[c519ac42-8cdc-4319-9f51-a3f7e63d0809|rpc:10.1.0.29:15138|admin:10.1.0.29:15137|client:10.1.0.29:15136|dataStream:10.1.0.29:15139|priority:0|startupRole:FOLLOWER, 1fe901b2-7321-49f3-ab84-42b9a15df08a|rpc:10.1.0.29:15129|admin:10.1.0.29:15128|client:10.1.0.29:15127|dataStream:10.1.0.29:15130|priority:1|startupRole:FOLLOWER, 33cb0de0-5ab7-4f61-b692-731671fbecae|rpc:10.1.0.29:15120|admin:10.1.0.29:15119|client:10.1.0.29:15118|dataStream:10.1.0.29:15121|priority:0|startupRole:FOLLOWER]|listeners:[], old=null
2023-09-19 02:06:25,028 [33cb0de0-5ab7-4f61-b692-731671fbecae-server-thread1] INFO  segmented.SegmentedRaftLogWorker (SegmentedRaftLogWorker.java:startLogSegment(447)) - 33cb0de0-5ab7-4f61-b692-731671fbecae@group-561C02F2D6E3-SegmentedRaftLogWorker: Starting segment from index:0
2023-09-19 02:06:25,028 [1fe901b2-7321-49f3-ab84-42b9a15df08a@group-73C006F604A6-LeaderElection24] INFO  impl.LeaderElection (LeaderElection.java:askForVotes(321)) - 1fe901b2-7321-49f3-ab84-42b9a15df08a@group-73C006F604A6-LeaderElection24 PRE_VOTE round 0: submit vote requests at term 0 for -1: peers:[1fe901b2-7321-49f3-ab84-42b9a15df08a|rpc:10.1.0.29:15129|admin:10.1.0.29:15128|client:10.1.0.29:15127|dataStream:10.1.0.29:15130|priority:1|startupRole:FOLLOWER]|listeners:[], old=null
2023-09-19 02:06:25,028 [1fe901b2-7321-49f3-ab84-42b9a15df08a@group-73C006F604A6-LeaderElection24] INFO  impl.LeaderElection (LeaderElection.java:askForVotes(323)) - 1fe901b2-7321-49f3-ab84-42b9a15df08a@group-73C006F604A6-LeaderElection24 PRE_VOTE round 0: result PASSED (term=0)
2023-09-19 02:06:25,029 [grpc-default-executor-3] INFO  server.RaftServer$Division (RaftServerImpl.java:requestVote(1302)) - c519ac42-8cdc-4319-9f51-a3f7e63d0809@group-6DEA495A8084: receive requestVote(ELECTION, 33cb0de0-5ab7-4f61-b692-731671fbecae, group-6DEA495A8084, 1, (t:0, i:0))
2023-09-19 02:06:25,029 [c519ac42-8cdc-4319-9f51-a3f7e63d0809-server-thread1] INFO  ratis.XceiverServerRatis (XceiverServerRatis.java:handleLeaderChangedNotification(902)) - Leader change notification received for group: group-561C02F2D6E3 with new leaderId: 1fe901b2-7321-49f3-ab84-42b9a15df08a
2023-09-19 02:06:25,032 [grpc-default-executor-6] INFO  server.RaftServer$Division (RaftServerImpl.java:requestVote(1302)) - 1fe901b2-7321-49f3-ab84-42b9a15df08a@group-6DEA495A8084: receive requestVote(ELECTION, 33cb0de0-5ab7-4f61-b692-731671fbecae, group-6DEA495A8084, 1, (t:0, i:0))
2023-09-19 02:06:25,032 [c519ac42-8cdc-4319-9f51-a3f7e63d0809-server-thread1] INFO  server.RaftServer$Division (ServerState.java:setLeader(317)) - c519ac42-8cdc-4319-9f51-a3f7e63d0809@group-561C02F2D6E3: change Leader from null to 1fe901b2-7321-49f3-ab84-42b9a15df08a at term 1 for appendEntries, leader elected after 5221ms
2023-09-19 02:06:25,030 [33cb0de0-5ab7-4f61-b692-731671fbecae@group-561C02F2D6E3-SegmentedRaftLogWorker] INFO  segmented.SegmentedRaftLogWorker (SegmentedRaftLogWorker.java:execute(651)) - 33cb0de0-5ab7-4f61-b692-731671fbecae@group-561C02F2D6E3-SegmentedRaftLogWorker: created new log segment /home/runner/work/ozone/ozone/hadoop-ozone/integration-test/target/test-dir/MiniOzoneClusterImpl-580a45e0-de24-452d-9431-a8422bda96cb/datanode-0/data/ratis/a1c1a8f2-c1e3-4da9-a6c3-561c02f2d6e3/current/log_inprogress_0
2023-09-19 02:06:25,030 [1fe901b2-7321-49f3-ab84-42b9a15df08a@group-73C006F604A6-LeaderElection24] INFO  impl.LeaderElection (LeaderElection.java:askForVotes(321)) - 1fe901b2-7321-49f3-ab84-42b9a15df08a@group-73C006F604A6-LeaderElection24 ELECTION round 0: submit vote requests at term 1 for -1: peers:[1fe901b2-7321-49f3-ab84-42b9a15df08a|rpc:10.1.0.29:15129|admin:10.1.0.29:15128|client:10.1.0.29:15127|dataStream:10.1.0.29:15130|priority:1|startupRole:FOLLOWER]|listeners:[], old=null
2023-09-19 02:06:25,035 [1fe901b2-7321-49f3-ab84-42b9a15df08a@group-73C006F604A6-LeaderElection24] INFO  impl.LeaderElection (LeaderElection.java:askForVotes(323)) - 1fe901b2-7321-49f3-ab84-42b9a15df08a@group-73C006F604A6-LeaderElection24 ELECTION round 0: result PASSED (term=1)
2023-09-19 02:06:25,035 [1fe901b2-7321-49f3-ab84-42b9a15df08a@group-73C006F604A6-LeaderElection24] INFO  impl.RoleInfo (RoleInfo.java:shutdownLeaderElection(130)) - 1fe901b2-7321-49f3-ab84-42b9a15df08a: shutdown 1fe901b2-7321-49f3-ab84-42b9a15df08a@group-73C006F604A6-LeaderElection24
2023-09-19 02:06:25,035 [1fe901b2-7321-49f3-ab84-42b9a15df08a@group-73C006F604A6-LeaderElection24] INFO  server.RaftServer$Division (RaftServerImpl.java:setRole(329)) - 1fe901b2-7321-49f3-ab84-42b9a15df08a@group-73C006F604A6: changes role from CANDIDATE to LEADER at term 1 for changeToLeader
2023-09-19 02:06:25,035 [1fe901b2-7321-49f3-ab84-42b9a15df08a@group-73C006F604A6-LeaderElection24] INFO  ratis.XceiverServerRatis (XceiverServerRatis.java:handleLeaderChangedNotification(902)) - Leader change notification received for group: group-73C006F604A6 with new leaderId: 1fe901b2-7321-49f3-ab84-42b9a15df08a
2023-09-19 02:06:25,035 [grpc-default-executor-3] INFO  impl.VoteContext (VoteContext.java:log(49)) - c519ac42-8cdc-4319-9f51-a3f7e63d0809@group-6DEA495A8084-FOLLOWER: accept ELECTION from 33cb0de0-5ab7-4f61-b692-731671fbecae: our priority 0 <= candidate's priority 1
2023-09-19 02:06:25,036 [grpc-default-executor-3] INFO  server.RaftServer$Division (RaftServerImpl.java:setRole(329)) - c519ac42-8cdc-4319-9f51-a3f7e63d0809@group-6DEA495A8084: changes role from  FOLLOWER to FOLLOWER at term 1 for candidate:33cb0de0-5ab7-4f61-b692-731671fbecae
2023-09-19 02:06:25,036 [grpc-default-executor-3] INFO  impl.RoleInfo (RoleInfo.java:shutdownFollowerState(110)) - c519ac42-8cdc-4319-9f51-a3f7e63d0809: shutdown c519ac42-8cdc-4319-9f51-a3f7e63d0809@group-6DEA495A8084-FollowerState
2023-09-19 02:06:25,036 [grpc-default-executor-3] INFO  impl.RoleInfo (RoleInfo.java:updateAndGet(139)) - c519ac42-8cdc-4319-9f51-a3f7e63d0809: start c519ac42-8cdc-4319-9f51-a3f7e63d0809@group-6DEA495A8084-FollowerState
2023-09-19 02:06:25,036 [1fe901b2-7321-49f3-ab84-42b9a15df08a@group-73C006F604A6-LeaderElection24] INFO  server.RaftServer$Division (ServerState.java:setLeader(317)) - 1fe901b2-7321-49f3-ab84-42b9a15df08a@group-73C006F604A6: change Leader from null to 1fe901b2-7321-49f3-ab84-42b9a15df08a at term 1 for becomeLeader, leader elected after 5100ms
2023-09-19 02:06:25,036 [1fe901b2-7321-49f3-ab84-42b9a15df08a@group-73C006F604A6-LeaderElection24] INFO  server.RaftServerConfigKeys (ConfUtils.java:logGet(46)) - raft.server.staging.catchup.gap = 1000 (default)
2023-09-19 02:06:25,035 [c519ac42-8cdc-4319-9f51-a3f7e63d0809-server-thread1] INFO  server.RaftServer$Division (ServerState.java:setRaftConf(434)) - c519ac42-8cdc-4319-9f51-a3f7e63d0809@group-561C02F2D6E3: set configuration 0: peers:[c519ac42-8cdc-4319-9f51-a3f7e63d0809|rpc:10.1.0.29:15138|admin:10.1.0.29:15137|client:10.1.0.29:15136|dataStream:10.1.0.29:15139|priority:0|startupRole:FOLLOWER, 1fe901b2-7321-49f3-ab84-42b9a15df08a|rpc:10.1.0.29:15129|admin:10.1.0.29:15128|client:10.1.0.29:15127|dataStream:10.1.0.29:15130|priority:1|startupRole:FOLLOWER, 33cb0de0-5ab7-4f61-b692-731671fbecae|rpc:10.1.0.29:15120|admin:10.1.0.29:15119|client:10.1.0.29:15118|dataStream:10.1.0.29:15121|priority:0|startupRole:FOLLOWER]|listeners:[], old=null
2023-09-19 02:06:25,035 [grpc-default-executor-6] INFO  impl.VoteContext (VoteContext.java:log(49)) - 1fe901b2-7321-49f3-ab84-42b9a15df08a@group-6DEA495A8084-FOLLOWER: accept ELECTION from 33cb0de0-5ab7-4f61-b692-731671fbecae: our priority 0 <= candidate's priority 1
2023-09-19 02:06:25,036 [grpc-default-executor-6] INFO  server.RaftServer$Division (RaftServerImpl.java:setRole(329)) - 1fe901b2-7321-49f3-ab84-42b9a15df08a@group-6DEA495A8084: changes role from  FOLLOWER to FOLLOWER at term 1 for candidate:33cb0de0-5ab7-4f61-b692-731671fbecae
2023-09-19 02:06:25,036 [grpc-default-executor-6] INFO  impl.RoleInfo (RoleInfo.java:shutdownFollowerState(110)) - 1fe901b2-7321-49f3-ab84-42b9a15df08a: shutdown 1fe901b2-7321-49f3-ab84-42b9a15df08a@group-6DEA495A8084-FollowerState
2023-09-19 02:06:25,036 [c519ac42-8cdc-4319-9f51-a3f7e63d0809@group-6DEA495A8084-FollowerState] INFO  impl.FollowerState (FollowerState.java:run(152)) - c519ac42-8cdc-4319-9f51-a3f7e63d0809@group-6DEA495A8084-FollowerState was interrupted
2023-09-19 02:06:25,038 [grpc-default-executor-6] INFO  impl.RoleInfo (RoleInfo.java:updateAndGet(139)) - 1fe901b2-7321-49f3-ab84-42b9a15df08a: start 1fe901b2-7321-49f3-ab84-42b9a15df08a@group-6DEA495A8084-FollowerState
2023-09-19 02:06:25,038 [1fe901b2-7321-49f3-ab84-42b9a15df08a@group-6DEA495A8084-FollowerState] INFO  impl.FollowerState (FollowerState.java:run(152)) - 1fe901b2-7321-49f3-ab84-42b9a15df08a@group-6DEA495A8084-FollowerState was interrupted
2023-09-19 02:06:25,038 [1fe901b2-7321-49f3-ab84-42b9a15df08a@group-73C006F604A6-LeaderElection24] INFO  server.RaftServerConfigKeys (ConfUtils.java:logGet(46)) - raft.server.write.element-limit = 1024 (custom)
2023-09-19 02:06:25,038 [1fe901b2-7321-49f3-ab84-42b9a15df08a@group-73C006F604A6-LeaderElection24] INFO  server.RaftServerConfigKeys (ConfUtils.java:logGet(46)) - raft.server.write.byte-limit = 1024 M (=1073741824) (custom)
2023-09-19 02:06:25,040 [grpc-default-executor-6] INFO  server.RaftServer$Division (RaftServerImpl.java:requestVote(1335)) - 1fe901b2-7321-49f3-ab84-42b9a15df08a@group-6DEA495A8084 replies to ELECTION vote request: 33cb0de0-5ab7-4f61-b692-731671fbecae<-1fe901b2-7321-49f3-ab84-42b9a15df08a#0:OK-t1. Peer's state: 1fe901b2-7321-49f3-ab84-42b9a15df08a@group-6DEA495A8084:t1, leader=null, voted=33cb0de0-5ab7-4f61-b692-731671fbecae, raftlog=Memoized:1fe901b2-7321-49f3-ab84-42b9a15df08a@group-6DEA495A8084-SegmentedRaftLog:OPENED:c-1, conf=-1: peers:[c519ac42-8cdc-4319-9f51-a3f7e63d0809|rpc:10.1.0.29:15138|admin:10.1.0.29:15137|client:10.1.0.29:15136|dataStream:10.1.0.29:15139|priority:0|startupRole:FOLLOWER, 1fe901b2-7321-49f3-ab84-42b9a15df08a|rpc:10.1.0.29:15129|admin:10.1.0.29:15128|client:10.1.0.29:15127|dataStream:10.1.0.29:15130|priority:0|startupRole:FOLLOWER, 33cb0de0-5ab7-4f61-b692-731671fbecae|rpc:10.1.0.29:15120|admin:10.1.0.29:15119|client:10.1.0.29:15118|dataStream:10.1.0.29:15121|priority:1|startupRole:FOLLOWER]|listeners:[], old=null
2023-09-19 02:06:25,041 [grpc-default-executor-3] INFO  server.RaftServer$Division (RaftServerImpl.java:requestVote(1335)) - c519ac42-8cdc-4319-9f51-a3f7e63d0809@group-6DEA495A8084 replies to ELECTION vote request: 33cb0de0-5ab7-4f61-b692-731671fbecae<-c519ac42-8cdc-4319-9f51-a3f7e63d0809#0:OK-t1. Peer's state: c519ac42-8cdc-4319-9f51-a3f7e63d0809@group-6DEA495A8084:t1, leader=null, voted=33cb0de0-5ab7-4f61-b692-731671fbecae, raftlog=Memoized:c519ac42-8cdc-4319-9f51-a3f7e63d0809@group-6DEA495A8084-SegmentedRaftLog:OPENED:c-1, conf=-1: peers:[c519ac42-8cdc-4319-9f51-a3f7e63d0809|rpc:10.1.0.29:15138|admin:10.1.0.29:15137|client:10.1.0.29:15136|dataStream:10.1.0.29:15139|priority:0|startupRole:FOLLOWER, 1fe901b2-7321-49f3-ab84-42b9a15df08a|rpc:10.1.0.29:15129|admin:10.1.0.29:15128|client:10.1.0.29:15127|dataStream:10.1.0.29:15130|priority:0|startupRole:FOLLOWER, 33cb0de0-5ab7-4f61-b692-731671fbecae|rpc:10.1.0.29:15120|admin:10.1.0.29:15119|client:10.1.0.29:15118|dataStream:10.1.0.29:15121|priority:1|startupRole:FOLLOWER]|listeners:[], old=null
2023-09-19 02:06:25,042 [33cb0de0-5ab7-4f61-b692-731671fbecae@group-6DEA495A8084-LeaderElection23] INFO  impl.LeaderElection (LeaderElection.java:logAndReturn(90)) - 33cb0de0-5ab7-4f61-b692-731671fbecae@group-6DEA495A8084-LeaderElection23: ELECTION PASSED received 1 response(s) and 0 exception(s):
2023-09-19 02:06:25,042 [33cb0de0-5ab7-4f61-b692-731671fbecae@group-6DEA495A8084-LeaderElection23] INFO  impl.LeaderElection (LeaderElection.java:logAndReturn(94)) -   Response 0: 33cb0de0-5ab7-4f61-b692-731671fbecae<-1fe901b2-7321-49f3-ab84-42b9a15df08a#0:OK-t1
2023-09-19 02:06:25,042 [33cb0de0-5ab7-4f61-b692-731671fbecae@group-6DEA495A8084-LeaderElection23] INFO  impl.LeaderElection (LeaderElection.java:askForVotes(323)) - 33cb0de0-5ab7-4f61-b692-731671fbecae@group-6DEA495A8084-LeaderElection23 ELECTION round 0: result PASSED
2023-09-19 02:06:25,042 [33cb0de0-5ab7-4f61-b692-731671fbecae@group-6DEA495A8084-LeaderElection23] INFO  impl.RoleInfo (RoleInfo.java:shutdownLeaderElection(130)) - 33cb0de0-5ab7-4f61-b692-731671fbecae: shutdown 33cb0de0-5ab7-4f61-b692-731671fbecae@group-6DEA495A8084-LeaderElection23
2023-09-19 02:06:25,042 [33cb0de0-5ab7-4f61-b692-731671fbecae@group-6DEA495A8084-LeaderElection23] INFO  server.RaftServer$Division (RaftServerImpl.java:setRole(329)) - 33cb0de0-5ab7-4f61-b692-731671fbecae@group-6DEA495A8084: changes role from CANDIDATE to LEADER at term 1 for changeToLeader
2023-09-19 02:06:25,042 [33cb0de0-5ab7-4f61-b692-731671fbecae@group-6DEA495A8084-LeaderElection23] INFO  ratis.XceiverServerRatis (XceiverServerRatis.java:handleLeaderChangedNotification(902)) - Leader change notification received for group: group-6DEA495A8084 with new leaderId: 33cb0de0-5ab7-4f61-b692-731671fbecae
2023-09-19 02:06:25,042 [33cb0de0-5ab7-4f61-b692-731671fbecae@group-6DEA495A8084-LeaderElection23] INFO  server.RaftServer$Division (ServerState.java:setLeader(317)) - 33cb0de0-5ab7-4f61-b692-731671fbecae@group-6DEA495A8084: change Leader from null to 33cb0de0-5ab7-4f61-b692-731671fbecae at term 1 for becomeLeader, leader elected after 5166ms
2023-09-19 02:06:25,042 [33cb0de0-5ab7-4f61-b692-731671fbecae@group-6DEA495A8084-LeaderElection23] INFO  server.RaftServerConfigKeys (ConfUtils.java:logGet(46)) - raft.server.staging.catchup.gap = 1000 (default)
2023-09-19 02:06:25,042 [33cb0de0-5ab7-4f61-b692-731671fbecae@group-6DEA495A8084-LeaderElection23] INFO  server.RaftServerConfigKeys (ConfUtils.java:logGet(46)) - raft.server.write.element-limit = 1024 (custom)
2023-09-19 02:06:25,042 [33cb0de0-5ab7-4f61-b692-731671fbecae@group-6DEA495A8084-LeaderElection23] INFO  server.RaftServerConfigKeys (ConfUtils.java:logGet(46)) - raft.server.write.byte-limit = 1024 M (=1073741824) (custom)
2023-09-19 02:06:25,045 [EventQueue-PipelineReportForPipelineReportHandler] INFO  pipeline.PipelineReportHandler (PipelineReportHandler.java:processPipelineReport(136)) - Opened pipeline PipelineID=7d7ff0ba-2b2f-46dc-a98b-6dea495a8084
2023-09-19 02:06:25,045 [c519ac42-8cdc-4319-9f51-a3f7e63d0809-server-thread1] INFO  segmented.SegmentedRaftLogWorker (SegmentedRaftLogWorker.java:startLogSegment(447)) - c519ac42-8cdc-4319-9f51-a3f7e63d0809@group-561C02F2D6E3-SegmentedRaftLogWorker: Starting segment from index:0
2023-09-19 02:06:25,046 [1fe901b2-7321-49f3-ab84-42b9a15df08a@group-73C006F604A6-LeaderElection24] INFO  server.RaftServerConfigKeys (ConfUtils.java:logGet(46)) - raft.server.watch.timeout = 180s (custom)
2023-09-19 02:06:25,046 [1fe901b2-7321-49f3-ab84-42b9a15df08a@group-73C006F604A6-LeaderElection24] INFO  server.RaftServerConfigKeys (ConfUtils.java:logGet(46)) - raft.server.watch.timeout.denomination = 1s (default)
2023-09-19 02:06:25,046 [1fe901b2-7321-49f3-ab84-42b9a15df08a@group-73C006F604A6-LeaderElection24] INFO  server.RaftServerConfigKeys (ConfUtils.java:logGet(46)) - raft.server.watch.element-limit = 65536 (default)
2023-09-19 02:06:25,046 [1fe901b2-7321-49f3-ab84-42b9a15df08a@group-73C006F604A6-LeaderElection24] INFO  server.RaftServerConfigKeys (ConfUtils.java:logGet(46)) - raft.server.write.element-limit = 1024 (custom)
2023-09-19 02:06:25,046 [1fe901b2-7321-49f3-ab84-42b9a15df08a@group-73C006F604A6-LeaderElection24] INFO  server.RaftServerConfigKeys (ConfUtils.java:logGet(46)) - raft.server.write.follower.gap.ratio.max = -1.0 (default)
2023-09-19 02:06:25,046 [1fe901b2-7321-49f3-ab84-42b9a15df08a@group-73C006F604A6-LeaderElection24] INFO  impl.RoleInfo (RoleInfo.java:updateAndGet(139)) - 1fe901b2-7321-49f3-ab84-42b9a15df08a: start 1fe901b2-7321-49f3-ab84-42b9a15df08a@group-73C006F604A6-LeaderStateImpl
2023-09-19 02:06:25,048 [33cb0de0-5ab7-4f61-b692-731671fbecae@group-6DEA495A8084-LeaderElection23] INFO  server.RaftServerConfigKeys (ConfUtils.java:logGet(46)) - raft.server.watch.timeout = 180s (custom)
2023-09-19 02:06:25,048 [33cb0de0-5ab7-4f61-b692-731671fbecae@group-6DEA495A8084-LeaderElection23] INFO  server.RaftServerConfigKeys (ConfUtils.java:logGet(46)) - raft.server.watch.timeout.denomination = 1s (default)
2023-09-19 02:06:25,048 [33cb0de0-5ab7-4f61-b692-731671fbecae@group-6DEA495A8084-LeaderElection23] INFO  server.RaftServerConfigKeys (ConfUtils.java:logGet(46)) - raft.server.watch.element-limit = 65536 (default)
2023-09-19 02:06:25,048 [33cb0de0-5ab7-4f61-b692-731671fbecae@group-6DEA495A8084-LeaderElection23] INFO  server.RaftServerConfigKeys (ConfUtils.java:logGet(46)) - raft.server.write.element-limit = 1024 (custom)
2023-09-19 02:06:25,048 [33cb0de0-5ab7-4f61-b692-731671fbecae@group-6DEA495A8084-LeaderElection23] INFO  server.RaftServerConfigKeys (ConfUtils.java:logGet(46)) - raft.server.write.follower.gap.ratio.max = -1.0 (default)
2023-09-19 02:06:25,049 [1fe901b2-7321-49f3-ab84-42b9a15df08a@group-73C006F604A6-LeaderElection24] INFO  segmented.SegmentedRaftLogWorker (SegmentedRaftLogWorker.java:startLogSegment(447)) - 1fe901b2-7321-49f3-ab84-42b9a15df08a@group-73C006F604A6-SegmentedRaftLogWorker: Starting segment from index:0
2023-09-19 02:06:25,049 [c519ac42-8cdc-4319-9f51-a3f7e63d0809@group-561C02F2D6E3-SegmentedRaftLogWorker] INFO  segmented.SegmentedRaftLogWorker (SegmentedRaftLogWorker.java:execute(651)) - c519ac42-8cdc-4319-9f51-a3f7e63d0809@group-561C02F2D6E3-SegmentedRaftLogWorker: created new log segment /home/runner/work/ozone/ozone/hadoop-ozone/integration-test/target/test-dir/MiniOzoneClusterImpl-580a45e0-de24-452d-9431-a8422bda96cb/datanode-2/data/ratis/a1c1a8f2-c1e3-4da9-a6c3-561c02f2d6e3/current/log_inprogress_0
2023-09-19 02:06:25,050 [1fe901b2-7321-49f3-ab84-42b9a15df08a@group-73C006F604A6-SegmentedRaftLogWorker] INFO  segmented.SegmentedRaftLogWorker (SegmentedRaftLogWorker.java:execute(651)) - 1fe901b2-7321-49f3-ab84-42b9a15df08a@group-73C006F604A6-SegmentedRaftLogWorker: created new log segment /home/runner/work/ozone/ozone/hadoop-ozone/integration-test/target/test-dir/MiniOzoneClusterImpl-580a45e0-de24-452d-9431-a8422bda96cb/datanode-1/data/ratis/a4e37b81-ba59-4b88-9554-73c006f604a6/current/log_inprogress_0
2023-09-19 02:06:25,051 [33cb0de0-5ab7-4f61-b692-731671fbecae@group-6DEA495A8084-LeaderElection23] INFO  server.RaftServerConfigKeys (ConfUtils.java:logGet(46)) - raft.server.log.appender.snapshot.chunk.size.max = 16MB (=16777216) (default)
2023-09-19 02:06:25,051 [33cb0de0-5ab7-4f61-b692-731671fbecae@group-6DEA495A8084-LeaderElection23] INFO  server.RaftServerConfigKeys (ConfUtils.java:logGet(46)) - raft.server.log.appender.buffer.byte-limit = 33554432 (custom)
2023-09-19 02:06:25,051 [33cb0de0-5ab7-4f61-b692-731671fbecae@group-6DEA495A8084-LeaderElection23] INFO  server.RaftServerConfigKeys (ConfUtils.java:logGet(46)) - raft.server.log.appender.buffer.element-limit = 1 (custom)
2023-09-19 02:06:25,052 [33cb0de0-5ab7-4f61-b692-731671fbecae@group-6DEA495A8084-LeaderElection23] INFO  server.RaftServerConfigKeys (ConfUtils.java:logGet(46)) - raft.server.log.appender.wait-time.min = 10ms (default)
2023-09-19 02:06:25,052 [33cb0de0-5ab7-4f61-b692-731671fbecae@group-6DEA495A8084-LeaderElection23] INFO  grpc.GrpcConfigKeys (ConfUtils.java:logGet(46)) - raft.grpc.server.leader.outstanding.appends.max = 128 (default)
2023-09-19 02:06:25,052 [33cb0de0-5ab7-4f61-b692-731671fbecae@group-6DEA495A8084-LeaderElection23] INFO  server.RaftServerConfigKeys (ConfUtils.java:logGet(46)) - raft.server.rpc.request.timeout = 60s (custom)
2023-09-19 02:06:25,052 [33cb0de0-5ab7-4f61-b692-731671fbecae@group-6DEA495A8084-LeaderElection23] INFO  grpc.GrpcConfigKeys (ConfUtils.java:logGet(46)) - raft.grpc.server.install_snapshot.request.element-limit = 8 (default)
2023-09-19 02:06:25,052 [33cb0de0-5ab7-4f61-b692-731671fbecae@group-6DEA495A8084-LeaderElection23] INFO  grpc.GrpcConfigKeys (ConfUtils.java:logGet(46)) - raft.grpc.server.install_snapshot.request.timeout = 3000ms (default)
2023-09-19 02:06:25,052 [33cb0de0-5ab7-4f61-b692-731671fbecae@group-6DEA495A8084-LeaderElection23] INFO  server.RaftServerConfigKeys (ConfUtils.java:logGet(46)) - raft.server.log.appender.install.snapshot.enabled = false (custom)
2023-09-19 02:06:25,052 [33cb0de0-5ab7-4f61-b692-731671fbecae@group-6DEA495A8084-LeaderElection23] INFO  grpc.GrpcConfigKeys (ConfUtils.java:logGet(46)) - raft.grpc.server.heartbeat.channel = true (default)
2023-09-19 02:06:25,053 [33cb0de0-5ab7-4f61-b692-731671fbecae@group-6DEA495A8084-LeaderElection23] INFO  server.RaftServerConfigKeys (ConfUtils.java:logGet(46)) - raft.server.log.appender.snapshot.chunk.size.max = 16MB (=16777216) (default)
2023-09-19 02:06:25,053 [33cb0de0-5ab7-4f61-b692-731671fbecae@group-6DEA495A8084-LeaderElection23] INFO  server.RaftServerConfigKeys (ConfUtils.java:logGet(46)) - raft.server.log.appender.buffer.byte-limit = 33554432 (custom)
2023-09-19 02:06:25,053 [33cb0de0-5ab7-4f61-b692-731671fbecae@group-6DEA495A8084-LeaderElection23] INFO  server.RaftServerConfigKeys (ConfUtils.java:logGet(46)) - raft.server.log.appender.buffer.element-limit = 1 (custom)
2023-09-19 02:06:25,053 [33cb0de0-5ab7-4f61-b692-731671fbecae@group-6DEA495A8084-LeaderElection23] INFO  server.RaftServerConfigKeys (ConfUtils.java:logGet(46)) - raft.server.log.appender.wait-time.min = 10ms (default)
2023-09-19 02:06:25,053 [33cb0de0-5ab7-4f61-b692-731671fbecae@group-6DEA495A8084-LeaderElection23] INFO  grpc.GrpcConfigKeys (ConfUtils.java:logGet(46)) - raft.grpc.server.leader.outstanding.appends.max = 128 (default)
2023-09-19 02:06:25,053 [33cb0de0-5ab7-4f61-b692-731671fbecae@group-6DEA495A8084-LeaderElection23] INFO  server.RaftServerConfigKeys (ConfUtils.java:logGet(46)) - raft.server.rpc.request.timeout = 60s (custom)
2023-09-19 02:06:25,053 [33cb0de0-5ab7-4f61-b692-731671fbecae@group-6DEA495A8084-LeaderElection23] INFO  grpc.GrpcConfigKeys (ConfUtils.java:logGet(46)) - raft.grpc.server.install_snapshot.request.element-limit = 8 (default)
2023-09-19 02:06:25,053 [33cb0de0-5ab7-4f61-b692-731671fbecae@group-6DEA495A8084-LeaderElection23] INFO  grpc.GrpcConfigKeys (ConfUtils.java:logGet(46)) - raft.grpc.server.install_snapshot.request.timeout = 3000ms (default)
2023-09-19 02:06:25,053 [33cb0de0-5ab7-4f61-b692-731671fbecae@group-6DEA495A8084-LeaderElection23] INFO  server.RaftServerConfigKeys (ConfUtils.java:logGet(46)) - raft.server.log.appender.install.snapshot.enabled = false (custom)
2023-09-19 02:06:25,053 [33cb0de0-5ab7-4f61-b692-731671fbecae@group-6DEA495A8084-LeaderElection23] INFO  grpc.GrpcConfigKeys (ConfUtils.java:logGet(46)) - raft.grpc.server.heartbeat.channel = true (default)
2023-09-19 02:06:25,053 [33cb0de0-5ab7-4f61-b692-731671fbecae@group-6DEA495A8084-LeaderElection23] INFO  impl.RoleInfo (RoleInfo.java:updateAndGet(139)) - 33cb0de0-5ab7-4f61-b692-731671fbecae: start 33cb0de0-5ab7-4f61-b692-731671fbecae@group-6DEA495A8084-LeaderStateImpl
2023-09-19 02:06:25,053 [33cb0de0-5ab7-4f61-b692-731671fbecae@group-6DEA495A8084-LeaderElection23] INFO  segmented.SegmentedRaftLogWorker (SegmentedRaftLogWorker.java:startLogSegment(447)) - 33cb0de0-5ab7-4f61-b692-731671fbecae@group-6DEA495A8084-SegmentedRaftLogWorker: Starting segment from index:0
2023-09-19 02:06:25,059 [1fe901b2-7321-49f3-ab84-42b9a15df08a@group-73C006F604A6-LeaderElection24] INFO  server.RaftServer$Division (ServerState.java:setRaftConf(434)) - 1fe901b2-7321-49f3-ab84-42b9a15df08a@group-73C006F604A6: set configuration 0: peers:[1fe901b2-7321-49f3-ab84-42b9a15df08a|rpc:10.1.0.29:15129|admin:10.1.0.29:15128|client:10.1.0.29:15127|dataStream:10.1.0.29:15130|priority:1|startupRole:FOLLOWER]|listeners:[], old=null
2023-09-19 02:06:25,061 [33cb0de0-5ab7-4f61-b692-731671fbecae@group-6DEA495A8084-SegmentedRaftLogWorker] INFO  segmented.SegmentedRaftLogWorker (SegmentedRaftLogWorker.java:execute(651)) - 33cb0de0-5ab7-4f61-b692-731671fbecae@group-6DEA495A8084-SegmentedRaftLogWorker: created new log segment /home/runner/work/ozone/ozone/hadoop-ozone/integration-test/target/test-dir/MiniOzoneClusterImpl-580a45e0-de24-452d-9431-a8422bda96cb/datanode-0/data/ratis/7d7ff0ba-2b2f-46dc-a98b-6dea495a8084/current/log_inprogress_0
2023-09-19 02:06:25,062 [33cb0de0-5ab7-4f61-b692-731671fbecae@group-6DEA495A8084-LeaderElection23] INFO  server.RaftServer$Division (ServerState.java:setRaftConf(434)) - 33cb0de0-5ab7-4f61-b692-731671fbecae@group-6DEA495A8084: set configuration 0: peers:[c519ac42-8cdc-4319-9f51-a3f7e63d0809|rpc:10.1.0.29:15138|admin:10.1.0.29:15137|client:10.1.0.29:15136|dataStream:10.1.0.29:15139|priority:0|startupRole:FOLLOWER, 1fe901b2-7321-49f3-ab84-42b9a15df08a|rpc:10.1.0.29:15129|admin:10.1.0.29:15128|client:10.1.0.29:15127|dataStream:10.1.0.29:15130|priority:0|startupRole:FOLLOWER, 33cb0de0-5ab7-4f61-b692-731671fbecae|rpc:10.1.0.29:15120|admin:10.1.0.29:15119|client:10.1.0.29:15118|dataStream:10.1.0.29:15121|priority:1|startupRole:FOLLOWER]|listeners:[], old=null
2023-09-19 02:06:25,071 [1fe901b2-7321-49f3-ab84-42b9a15df08a-server-thread1] INFO  ratis.XceiverServerRatis (XceiverServerRatis.java:handleLeaderChangedNotification(902)) - Leader change notification received for group: group-6DEA495A8084 with new leaderId: 33cb0de0-5ab7-4f61-b692-731671fbecae
2023-09-19 02:06:25,071 [1fe901b2-7321-49f3-ab84-42b9a15df08a-server-thread1] INFO  server.RaftServer$Division (ServerState.java:setLeader(317)) - 1fe901b2-7321-49f3-ab84-42b9a15df08a@group-6DEA495A8084: change Leader from null to 33cb0de0-5ab7-4f61-b692-731671fbecae at term 1 for appendEntries, leader elected after 5153ms
2023-09-19 02:06:25,073 [c519ac42-8cdc-4319-9f51-a3f7e63d0809-server-thread1] INFO  ratis.XceiverServerRatis (XceiverServerRatis.java:handleLeaderChangedNotification(902)) - Leader change notification received for group: group-6DEA495A8084 with new leaderId: 33cb0de0-5ab7-4f61-b692-731671fbecae
2023-09-19 02:06:25,078 [c519ac42-8cdc-4319-9f51-a3f7e63d0809-server-thread1] INFO  server.RaftServer$Division (ServerState.java:setLeader(317)) - c519ac42-8cdc-4319-9f51-a3f7e63d0809@group-6DEA495A8084: change Leader from null to 33cb0de0-5ab7-4f61-b692-731671fbecae at term 1 for appendEntries, leader elected after 5107ms
2023-09-19 02:06:25,077 [1fe901b2-7321-49f3-ab84-42b9a15df08a-server-thread2] INFO  server.RaftServer$Division (ServerState.java:setRaftConf(434)) - 1fe901b2-7321-49f3-ab84-42b9a15df08a@group-6DEA495A8084: set configuration 0: peers:[c519ac42-8cdc-4319-9f51-a3f7e63d0809|rpc:10.1.0.29:15138|admin:10.1.0.29:15137|client:10.1.0.29:15136|dataStream:10.1.0.29:15139|priority:0|startupRole:FOLLOWER, 1fe901b2-7321-49f3-ab84-42b9a15df08a|rpc:10.1.0.29:15129|admin:10.1.0.29:15128|client:10.1.0.29:15127|dataStream:10.1.0.29:15130|priority:0|startupRole:FOLLOWER, 33cb0de0-5ab7-4f61-b692-731671fbecae|rpc:10.1.0.29:15120|admin:10.1.0.29:15119|client:10.1.0.29:15118|dataStream:10.1.0.29:15121|priority:1|startupRole:FOLLOWER]|listeners:[], old=null
2023-09-19 02:06:25,079 [1fe901b2-7321-49f3-ab84-42b9a15df08a-server-thread2] INFO  segmented.SegmentedRaftLogWorker (SegmentedRaftLogWorker.java:startLogSegment(447)) - 1fe901b2-7321-49f3-ab84-42b9a15df08a@group-6DEA495A8084-SegmentedRaftLogWorker: Starting segment from index:0
2023-09-19 02:06:25,081 [1fe901b2-7321-49f3-ab84-42b9a15df08a@group-6DEA495A8084-SegmentedRaftLogWorker] INFO  segmented.SegmentedRaftLogWorker (SegmentedRaftLogWorker.java:execute(651)) - 1fe901b2-7321-49f3-ab84-42b9a15df08a@group-6DEA495A8084-SegmentedRaftLogWorker: created new log segment /home/runner/work/ozone/ozone/hadoop-ozone/integration-test/target/test-dir/MiniOzoneClusterImpl-580a45e0-de24-452d-9431-a8422bda96cb/datanode-1/data/ratis/7d7ff0ba-2b2f-46dc-a98b-6dea495a8084/current/log_inprogress_0
2023-09-19 02:06:25,088 [c519ac42-8cdc-4319-9f51-a3f7e63d0809-server-thread1] INFO  server.RaftServer$Division (ServerState.java:setRaftConf(434)) - c519ac42-8cdc-4319-9f51-a3f7e63d0809@group-6DEA495A8084: set configuration 0: peers:[c519ac42-8cdc-4319-9f51-a3f7e63d0809|rpc:10.1.0.29:15138|admin:10.1.0.29:15137|client:10.1.0.29:15136|dataStream:10.1.0.29:15139|priority:0|startupRole:FOLLOWER, 1fe901b2-7321-49f3-ab84-42b9a15df08a|rpc:10.1.0.29:15129|admin:10.1.0.29:15128|client:10.1.0.29:15127|dataStream:10.1.0.29:15130|priority:0|startupRole:FOLLOWER, 33cb0de0-5ab7-4f61-b692-731671fbecae|rpc:10.1.0.29:15120|admin:10.1.0.29:15119|client:10.1.0.29:15118|dataStream:10.1.0.29:15121|priority:1|startupRole:FOLLOWER]|listeners:[], old=null
2023-09-19 02:06:25,088 [c519ac42-8cdc-4319-9f51-a3f7e63d0809-server-thread1] INFO  segmented.SegmentedRaftLogWorker (SegmentedRaftLogWorker.java:startLogSegment(447)) - c519ac42-8cdc-4319-9f51-a3f7e63d0809@group-6DEA495A8084-SegmentedRaftLogWorker: Starting segment from index:0
2023-09-19 02:06:25,089 [c519ac42-8cdc-4319-9f51-a3f7e63d0809@group-6DEA495A8084-SegmentedRaftLogWorker] INFO  segmented.SegmentedRaftLogWorker (SegmentedRaftLogWorker.java:execute(651)) - c519ac42-8cdc-4319-9f51-a3f7e63d0809@group-6DEA495A8084-SegmentedRaftLogWorker: created new log segment /home/runner/work/ozone/ozone/hadoop-ozone/integration-test/target/test-dir/MiniOzoneClusterImpl-580a45e0-de24-452d-9431-a8422bda96cb/datanode-2/data/ratis/7d7ff0ba-2b2f-46dc-a98b-6dea495a8084/current/log_inprogress_0
2023-09-19 02:06:25,288 [c519ac42-8cdc-4319-9f51-a3f7e63d0809@group-537A09F096B4-FollowerState] INFO  impl.FollowerState (FollowerState.java:run(143)) - c519ac42-8cdc-4319-9f51-a3f7e63d0809@group-537A09F096B4-FollowerState: change to CANDIDATE, lastRpcElapsedTime:5081532574ns, electionTimeout:5081ms
2023-09-19 02:06:25,288 [c519ac42-8cdc-4319-9f51-a3f7e63d0809@group-537A09F096B4-FollowerState] INFO  impl.RoleInfo (RoleInfo.java:shutdownFollowerState(110)) - c519ac42-8cdc-4319-9f51-a3f7e63d0809: shutdown c519ac42-8cdc-4319-9f51-a3f7e63d0809@group-537A09F096B4-FollowerState
2023-09-19 02:06:25,288 [c519ac42-8cdc-4319-9f51-a3f7e63d0809@group-537A09F096B4-FollowerState] INFO  server.RaftServer$Division (RaftServerImpl.java:setRole(329)) - c519ac42-8cdc-4319-9f51-a3f7e63d0809@group-537A09F096B4: changes role from  FOLLOWER to CANDIDATE at term 0 for changeToCandidate
2023-09-19 02:06:25,288 [c519ac42-8cdc-4319-9f51-a3f7e63d0809@group-537A09F096B4-FollowerState] INFO  server.RaftServerConfigKeys (ConfUtils.java:logGet(46)) - raft.server.leaderelection.pre-vote = true (default)
2023-09-19 02:06:25,288 [c519ac42-8cdc-4319-9f51-a3f7e63d0809@group-537A09F096B4-FollowerState] INFO  impl.RoleInfo (RoleInfo.java:updateAndGet(139)) - c519ac42-8cdc-4319-9f51-a3f7e63d0809: start c519ac42-8cdc-4319-9f51-a3f7e63d0809@group-537A09F096B4-LeaderElection25
2023-09-19 02:06:25,291 [c519ac42-8cdc-4319-9f51-a3f7e63d0809@group-537A09F096B4-LeaderElection25] INFO  impl.LeaderElection (LeaderElection.java:askForVotes(321)) - c519ac42-8cdc-4319-9f51-a3f7e63d0809@group-537A09F096B4-LeaderElection25 PRE_VOTE round 0: submit vote requests at term 0 for -1: peers:[c519ac42-8cdc-4319-9f51-a3f7e63d0809|rpc:10.1.0.29:15138|admin:10.1.0.29:15137|client:10.1.0.29:15136|dataStream:10.1.0.29:15139|priority:1|startupRole:FOLLOWER]|listeners:[], old=null
2023-09-19 02:06:25,291 [c519ac42-8cdc-4319-9f51-a3f7e63d0809@group-537A09F096B4-LeaderElection25] INFO  impl.LeaderElection (LeaderElection.java:askForVotes(323)) - c519ac42-8cdc-4319-9f51-a3f7e63d0809@group-537A09F096B4-LeaderElection25 PRE_VOTE round 0: result PASSED (term=0)
2023-09-19 02:06:25,293 [c519ac42-8cdc-4319-9f51-a3f7e63d0809@group-537A09F096B4-LeaderElection25] INFO  impl.LeaderElection (LeaderElection.java:askForVotes(321)) - c519ac42-8cdc-4319-9f51-a3f7e63d0809@group-537A09F096B4-LeaderElection25 ELECTION round 0: submit vote requests at term 1 for -1: peers:[c519ac42-8cdc-4319-9f51-a3f7e63d0809|rpc:10.1.0.29:15138|admin:10.1.0.29:15137|client:10.1.0.29:15136|dataStream:10.1.0.29:15139|priority:1|startupRole:FOLLOWER]|listeners:[], old=null
2023-09-19 02:06:25,293 [c519ac42-8cdc-4319-9f51-a3f7e63d0809@group-537A09F096B4-LeaderElection25] INFO  impl.LeaderElection (LeaderElection.java:askForVotes(323)) - c519ac42-8cdc-4319-9f51-a3f7e63d0809@group-537A09F096B4-LeaderElection25 ELECTION round 0: result PASSED (term=1)
2023-09-19 02:06:25,293 [c519ac42-8cdc-4319-9f51-a3f7e63d0809@group-537A09F096B4-LeaderElection25] INFO  impl.RoleInfo (RoleInfo.java:shutdownLeaderElection(130)) - c519ac42-8cdc-4319-9f51-a3f7e63d0809: shutdown c519ac42-8cdc-4319-9f51-a3f7e63d0809@group-537A09F096B4-LeaderElection25
2023-09-19 02:06:25,293 [c519ac42-8cdc-4319-9f51-a3f7e63d0809@group-537A09F096B4-LeaderElection25] INFO  server.RaftServer$Division (RaftServerImpl.java:setRole(329)) - c519ac42-8cdc-4319-9f51-a3f7e63d0809@group-537A09F096B4: changes role from CANDIDATE to LEADER at term 1 for changeToLeader
2023-09-19 02:06:25,293 [c519ac42-8cdc-4319-9f51-a3f7e63d0809@group-537A09F096B4-LeaderElection25] INFO  ratis.XceiverServerRatis (XceiverServerRatis.java:handleLeaderChangedNotification(902)) - Leader change notification received for group: group-537A09F096B4 with new leaderId: c519ac42-8cdc-4319-9f51-a3f7e63d0809
2023-09-19 02:06:25,293 [c519ac42-8cdc-4319-9f51-a3f7e63d0809@group-537A09F096B4-LeaderElection25] INFO  server.RaftServer$Division (ServerState.java:setLeader(317)) - c519ac42-8cdc-4319-9f51-a3f7e63d0809@group-537A09F096B4: change Leader from null to c519ac42-8cdc-4319-9f51-a3f7e63d0809 at term 1 for becomeLeader, leader elected after 5101ms
2023-09-19 02:06:25,293 [c519ac42-8cdc-4319-9f51-a3f7e63d0809@group-537A09F096B4-LeaderElection25] INFO  server.RaftServerConfigKeys (ConfUtils.java:logGet(46)) - raft.server.staging.catchup.gap = 1000 (default)
2023-09-19 02:06:25,294 [c519ac42-8cdc-4319-9f51-a3f7e63d0809@group-537A09F096B4-LeaderElection25] INFO  server.RaftServerConfigKeys (ConfUtils.java:logGet(46)) - raft.server.write.element-limit = 1024 (custom)
2023-09-19 02:06:25,294 [c519ac42-8cdc-4319-9f51-a3f7e63d0809@group-537A09F096B4-LeaderElection25] INFO  server.RaftServerConfigKeys (ConfUtils.java:logGet(46)) - raft.server.write.byte-limit = 1024 M (=1073741824) (custom)
2023-09-19 02:06:25,294 [c519ac42-8cdc-4319-9f51-a3f7e63d0809@group-537A09F096B4-LeaderElection25] INFO  server.RaftServerConfigKeys (ConfUtils.java:logGet(46)) - raft.server.watch.timeout = 180s (custom)
2023-09-19 02:06:25,294 [c519ac42-8cdc-4319-9f51-a3f7e63d0809@group-537A09F096B4-LeaderElection25] INFO  server.RaftServerConfigKeys (ConfUtils.java:logGet(46)) - raft.server.watch.timeout.denomination = 1s (default)
2023-09-19 02:06:25,294 [c519ac42-8cdc-4319-9f51-a3f7e63d0809@group-537A09F096B4-LeaderElection25] INFO  server.RaftServerConfigKeys (ConfUtils.java:logGet(46)) - raft.server.watch.element-limit = 65536 (default)
2023-09-19 02:06:25,294 [c519ac42-8cdc-4319-9f51-a3f7e63d0809@group-537A09F096B4-LeaderElection25] INFO  server.RaftServerConfigKeys (ConfUtils.java:logGet(46)) - raft.server.write.element-limit = 1024 (custom)
2023-09-19 02:06:25,294 [c519ac42-8cdc-4319-9f51-a3f7e63d0809@group-537A09F096B4-LeaderElection25] INFO  server.RaftServerConfigKeys (ConfUtils.java:logGet(46)) - raft.server.write.follower.gap.ratio.max = -1.0 (default)
2023-09-19 02:06:25,294 [c519ac42-8cdc-4319-9f51-a3f7e63d0809@group-537A09F096B4-LeaderElection25] INFO  impl.RoleInfo (RoleInfo.java:updateAndGet(139)) - c519ac42-8cdc-4319-9f51-a3f7e63d0809: start c519ac42-8cdc-4319-9f51-a3f7e63d0809@group-537A09F096B4-LeaderStateImpl
2023-09-19 02:06:25,294 [c519ac42-8cdc-4319-9f51-a3f7e63d0809@group-537A09F096B4-LeaderElection25] INFO  segmented.SegmentedRaftLogWorker (SegmentedRaftLogWorker.java:startLogSegment(447)) - c519ac42-8cdc-4319-9f51-a3f7e63d0809@group-537A09F096B4-SegmentedRaftLogWorker: Starting segment from index:0
2023-09-19 02:06:25,296 [c519ac42-8cdc-4319-9f51-a3f7e63d0809@group-537A09F096B4-LeaderElection25] INFO  server.RaftServer$Division (ServerState.java:setRaftConf(434)) - c519ac42-8cdc-4319-9f51-a3f7e63d0809@group-537A09F096B4: set configuration 0: peers:[c519ac42-8cdc-4319-9f51-a3f7e63d0809|rpc:10.1.0.29:15138|admin:10.1.0.29:15137|client:10.1.0.29:15136|dataStream:10.1.0.29:15139|priority:1|startupRole:FOLLOWER]|listeners:[], old=null
2023-09-19 02:06:25,296 [c519ac42-8cdc-4319-9f51-a3f7e63d0809@group-537A09F096B4-SegmentedRaftLogWorker] INFO  segmented.SegmentedRaftLogWorker (SegmentedRaftLogWorker.java:execute(651)) - c519ac42-8cdc-4319-9f51-a3f7e63d0809@group-537A09F096B4-SegmentedRaftLogWorker: created new log segment /home/runner/work/ozone/ozone/hadoop-ozone/integration-test/target/test-dir/MiniOzoneClusterImpl-580a45e0-de24-452d-9431-a8422bda96cb/datanode-2/data/ratis/a848868e-104e-4061-a013-537a09f096b4/current/log_inprogress_0
2023-09-19 02:06:25,531 [64a2289b-3939-49a4-b25c-4bba4de7a3bf@group-2499B338F866-FollowerState] INFO  impl.FollowerState (FollowerState.java:run(143)) - 64a2289b-3939-49a4-b25c-4bba4de7a3bf@group-2499B338F866-FollowerState: change to CANDIDATE, lastRpcElapsedTime:5022527674ns, electionTimeout:5022ms
2023-09-19 02:06:25,531 [64a2289b-3939-49a4-b25c-4bba4de7a3bf@group-2499B338F866-FollowerState] INFO  impl.RoleInfo (RoleInfo.java:shutdownFollowerState(110)) - 64a2289b-3939-49a4-b25c-4bba4de7a3bf: shutdown 64a2289b-3939-49a4-b25c-4bba4de7a3bf@group-2499B338F866-FollowerState
2023-09-19 02:06:25,531 [64a2289b-3939-49a4-b25c-4bba4de7a3bf@group-2499B338F866-FollowerState] INFO  server.RaftServer$Division (RaftServerImpl.java:setRole(329)) - 64a2289b-3939-49a4-b25c-4bba4de7a3bf@group-2499B338F866: changes role from  FOLLOWER to CANDIDATE at term 0 for changeToCandidate
2023-09-19 02:06:25,531 [64a2289b-3939-49a4-b25c-4bba4de7a3bf@group-2499B338F866-FollowerState] INFO  server.RaftServerConfigKeys (ConfUtils.java:logGet(46)) - raft.server.leaderelection.pre-vote = true (default)
2023-09-19 02:06:25,531 [64a2289b-3939-49a4-b25c-4bba4de7a3bf@group-2499B338F866-FollowerState] INFO  impl.RoleInfo (RoleInfo.java:updateAndGet(139)) - 64a2289b-3939-49a4-b25c-4bba4de7a3bf: start 64a2289b-3939-49a4-b25c-4bba4de7a3bf@group-2499B338F866-LeaderElection26
2023-09-19 02:06:25,534 [64a2289b-3939-49a4-b25c-4bba4de7a3bf@group-2499B338F866-LeaderElection26] INFO  impl.LeaderElection (LeaderElection.java:askForVotes(321)) - 64a2289b-3939-49a4-b25c-4bba4de7a3bf@group-2499B338F866-LeaderElection26 PRE_VOTE round 0: submit vote requests at term 0 for -1: peers:[64a2289b-3939-49a4-b25c-4bba4de7a3bf|rpc:10.1.0.29:15147|admin:10.1.0.29:15146|client:10.1.0.29:15145|dataStream:10.1.0.29:15148|priority:1|startupRole:FOLLOWER]|listeners:[], old=null
2023-09-19 02:06:25,534 [64a2289b-3939-49a4-b25c-4bba4de7a3bf@group-2499B338F866-LeaderElection26] INFO  impl.LeaderElection (LeaderElection.java:askForVotes(323)) - 64a2289b-3939-49a4-b25c-4bba4de7a3bf@group-2499B338F866-LeaderElection26 PRE_VOTE round 0: result PASSED (term=0)
2023-09-19 02:06:25,535 [64a2289b-3939-49a4-b25c-4bba4de7a3bf@group-2499B338F866-LeaderElection26] INFO  impl.LeaderElection (LeaderElection.java:askForVotes(321)) - 64a2289b-3939-49a4-b25c-4bba4de7a3bf@group-2499B338F866-LeaderElection26 ELECTION round 0: submit vote requests at term 1 for -1: peers:[64a2289b-3939-49a4-b25c-4bba4de7a3bf|rpc:10.1.0.29:15147|admin:10.1.0.29:15146|client:10.1.0.29:15145|dataStream:10.1.0.29:15148|priority:1|startupRole:FOLLOWER]|listeners:[], old=null
2023-09-19 02:06:25,535 [64a2289b-3939-49a4-b25c-4bba4de7a3bf@group-2499B338F866-LeaderElection26] INFO  impl.LeaderElection (LeaderElection.java:askForVotes(323)) - 64a2289b-3939-49a4-b25c-4bba4de7a3bf@group-2499B338F866-LeaderElection26 ELECTION round 0: result PASSED (term=1)
2023-09-19 02:06:25,535 [64a2289b-3939-49a4-b25c-4bba4de7a3bf@group-2499B338F866-LeaderElection26] INFO  impl.RoleInfo (RoleInfo.java:shutdownLeaderElection(130)) - 64a2289b-3939-49a4-b25c-4bba4de7a3bf: shutdown 64a2289b-3939-49a4-b25c-4bba4de7a3bf@group-2499B338F866-LeaderElection26
2023-09-19 02:06:25,536 [64a2289b-3939-49a4-b25c-4bba4de7a3bf@group-2499B338F866-LeaderElection26] INFO  server.RaftServer$Division (RaftServerImpl.java:setRole(329)) - 64a2289b-3939-49a4-b25c-4bba4de7a3bf@group-2499B338F866: changes role from CANDIDATE to LEADER at term 1 for changeToLeader
2023-09-19 02:06:25,536 [64a2289b-3939-49a4-b25c-4bba4de7a3bf@group-2499B338F866-LeaderElection26] INFO  ratis.XceiverServerRatis (XceiverServerRatis.java:handleLeaderChangedNotification(902)) - Leader change notification received for group: group-2499B338F866 with new leaderId: 64a2289b-3939-49a4-b25c-4bba4de7a3bf
2023-09-19 02:06:25,536 [64a2289b-3939-49a4-b25c-4bba4de7a3bf@group-2499B338F866-LeaderElection26] INFO  server.RaftServer$Division (ServerState.java:setLeader(317)) - 64a2289b-3939-49a4-b25c-4bba4de7a3bf@group-2499B338F866: change Leader from null to 64a2289b-3939-49a4-b25c-4bba4de7a3bf at term 1 for becomeLeader, leader elected after 5040ms
2023-09-19 02:06:25,536 [64a2289b-3939-49a4-b25c-4bba4de7a3bf@group-2499B338F866-LeaderElection26] INFO  server.RaftServerConfigKeys (ConfUtils.java:logGet(46)) - raft.server.staging.catchup.gap = 1000 (default)
2023-09-19 02:06:25,536 [64a2289b-3939-49a4-b25c-4bba4de7a3bf@group-2499B338F866-LeaderElection26] INFO  server.RaftServerConfigKeys (ConfUtils.java:logGet(46)) - raft.server.write.element-limit = 1024 (custom)
2023-09-19 02:06:25,536 [64a2289b-3939-49a4-b25c-4bba4de7a3bf@group-2499B338F866-LeaderElection26] INFO  server.RaftServerConfigKeys (ConfUtils.java:logGet(46)) - raft.server.write.byte-limit = 1024 M (=1073741824) (custom)
2023-09-19 02:06:25,536 [64a2289b-3939-49a4-b25c-4bba4de7a3bf@group-2499B338F866-LeaderElection26] INFO  server.RaftServerConfigKeys (ConfUtils.java:logGet(46)) - raft.server.watch.timeout = 180s (custom)
2023-09-19 02:06:25,536 [64a2289b-3939-49a4-b25c-4bba4de7a3bf@group-2499B338F866-LeaderElection26] INFO  server.RaftServerConfigKeys (ConfUtils.java:logGet(46)) - raft.server.watch.timeout.denomination = 1s (default)
2023-09-19 02:06:25,536 [64a2289b-3939-49a4-b25c-4bba4de7a3bf@group-2499B338F866-LeaderElection26] INFO  server.RaftServerConfigKeys (ConfUtils.java:logGet(46)) - raft.server.watch.element-limit = 65536 (default)
2023-09-19 02:06:25,537 [64a2289b-3939-49a4-b25c-4bba4de7a3bf@group-2499B338F866-LeaderElection26] INFO  server.RaftServerConfigKeys (ConfUtils.java:logGet(46)) - raft.server.write.element-limit = 1024 (custom)
2023-09-19 02:06:25,537 [64a2289b-3939-49a4-b25c-4bba4de7a3bf@group-2499B338F866-LeaderElection26] INFO  server.RaftServerConfigKeys (ConfUtils.java:logGet(46)) - raft.server.write.follower.gap.ratio.max = -1.0 (default)
2023-09-19 02:06:25,537 [64a2289b-3939-49a4-b25c-4bba4de7a3bf@group-2499B338F866-LeaderElection26] INFO  impl.RoleInfo (RoleInfo.java:updateAndGet(139)) - 64a2289b-3939-49a4-b25c-4bba4de7a3bf: start 64a2289b-3939-49a4-b25c-4bba4de7a3bf@group-2499B338F866-LeaderStateImpl
2023-09-19 02:06:25,538 [64a2289b-3939-49a4-b25c-4bba4de7a3bf@group-2499B338F866-LeaderElection26] INFO  segmented.SegmentedRaftLogWorker (SegmentedRaftLogWorker.java:startLogSegment(447)) - 64a2289b-3939-49a4-b25c-4bba4de7a3bf@group-2499B338F866-SegmentedRaftLogWorker: Starting segment from index:0
2023-09-19 02:06:25,547 [64a2289b-3939-49a4-b25c-4bba4de7a3bf@group-2499B338F866-LeaderElection26] INFO  server.RaftServer$Division (ServerState.java:setRaftConf(434)) - 64a2289b-3939-49a4-b25c-4bba4de7a3bf@group-2499B338F866: set configuration 0: peers:[64a2289b-3939-49a4-b25c-4bba4de7a3bf|rpc:10.1.0.29:15147|admin:10.1.0.29:15146|client:10.1.0.29:15145|dataStream:10.1.0.29:15148|priority:1|startupRole:FOLLOWER]|listeners:[], old=null
2023-09-19 02:06:25,547 [64a2289b-3939-49a4-b25c-4bba4de7a3bf@group-2499B338F866-SegmentedRaftLogWorker] INFO  segmented.SegmentedRaftLogWorker (SegmentedRaftLogWorker.java:execute(651)) - 64a2289b-3939-49a4-b25c-4bba4de7a3bf@group-2499B338F866-SegmentedRaftLogWorker: created new log segment /home/runner/work/ozone/ozone/hadoop-ozone/integration-test/target/test-dir/MiniOzoneClusterImpl-580a45e0-de24-452d-9431-a8422bda96cb/datanode-3/data/ratis/26406f93-4799-4fc8-baed-2499b338f866/current/log_inprogress_0
2023-09-19 02:06:25,756 [main] INFO  ozone.MiniOzoneClusterImpl (MiniOzoneClusterImpl.java:lambda$waitForClusterToBeReady$0(224)) - Nodes are ready. Got 5 of 5 DN Heartbeats.
2023-09-19 02:06:25,756 [main] INFO  ozone.MiniOzoneClusterImpl (MiniOzoneClusterImpl.java:lambda$waitForClusterToBeReady$0(227)) - Cluster exits safe mode
2023-09-19 02:06:25,756 [main] INFO  ozone.MiniOzoneClusterImpl (MiniOzoneClusterImpl.java:lambda$waitForClusterToBeReady$0(229)) - SCM became leader
2023-09-19 02:06:25,782 [main] INFO  rpc.RpcClient (RpcClient.java:createVolume(461)) - Creating Volume: volume18939, with user29133 as owner and space quota set to -1 bytes, counts quota set to -1
2023-09-19 02:06:25,788 [OM StateMachine ApplyTransaction Thread - 0] INFO  volume.OMVolumeCreateRequest (OMVolumeCreateRequest.java:validateAndUpdateCache(196)) - created volume:volume18939 for user:user29133
2023-09-19 02:06:25,796 [main] INFO  rpc.RpcClient (RpcClient.java:createBucket(688)) - Creating Bucket: volume18939/bucket36089, with bucket layout LEGACY, runner as owner, Versioning false, Storage Type set to DISK and Encryption set to false, Replication Type set to server-side default replication type, Namespace Quota set to -1, Space Quota set to -1 
2023-09-19 02:06:25,798 [OM StateMachine ApplyTransaction Thread - 0] INFO  bucket.OMBucketCreateRequest (OMBucketCreateRequest.java:validateAndUpdateCache(270)) - created bucket: bucket36089 of layout LEGACY in volume: volume18939
]]></system-out>
  </testcase>
  <testcase name="testGetTrashRoot" classname="TestOzoneFileSystem" time="18.537">
    <system-out><![CDATA[2023-09-19 02:07:14,589 [main] INFO  ozone.MiniOzoneClusterImpl (MiniOzoneClusterImpl.java:shutdown(443)) - Shutting down the Mini Ozone Cluster
2023-09-19 02:07:14,589 [main] INFO  ozone.MiniOzoneClusterImpl (MiniOzoneClusterImpl.java:stop(460)) - Stopping the Mini Ozone Cluster
2023-09-19 02:07:14,589 [main] INFO  ozone.MiniOzoneClusterImpl (MiniOzoneClusterImpl.java:stopOM(551)) - Stopping the OzoneManager
2023-09-19 02:07:14,590 [main] INFO  om.OzoneManager (OzoneManager.java:stop(2207)) - om1[localhost:15110]: Stopping Ozone Manager
2023-09-19 02:07:14,590 [main] INFO  ipc.Server (Server.java:stop(3523)) - Stopping server on 15110
2023-09-19 02:07:14,594 [IPC Server handler 12 on default port 15110] WARN  ipc.Server (Server.java:processResponse(1772)) - IPC Server handler 12 on default port 15110, call Call#176750 Retry#0 org.apache.hadoop.ozone.om.protocol.OzoneManagerProtocol.submitRequest from localhost:34442 / 127.0.0.1:34442: output error
2023-09-19 02:07:14,595 [IPC Server handler 12 on default port 15110] INFO  ipc.Server (Server.java:run(3061)) - IPC Server handler 12 on default port 15110 caught an exception
java.nio.channels.ClosedByInterruptException
	at java.nio.channels.spi.AbstractInterruptibleChannel.end(AbstractInterruptibleChannel.java:202)
	at sun.nio.ch.SocketChannelImpl.write(SocketChannelImpl.java:477)
	at org.apache.hadoop.ipc.Server.channelWrite(Server.java:3743)
	at org.apache.hadoop.ipc.Server.access$1800(Server.java:148)
	at org.apache.hadoop.ipc.Server$Responder.processResponse(Server.java:1722)
	at org.apache.hadoop.ipc.Server$Responder.doRespond(Server.java:1792)
	at org.apache.hadoop.ipc.Server$Connection.sendResponse(Server.java:2919)
	at org.apache.hadoop.ipc.Server$Connection.access$400(Server.java:1864)
	at org.apache.hadoop.ipc.Server$RpcCall.doResponse(Server.java:1176)
	at org.apache.hadoop.ipc.Server$Call.doResponse(Server.java:954)
	at org.apache.hadoop.ipc.Server$Call.sendResponse(Server.java:940)
	at org.apache.hadoop.ipc.Server$RpcCall.run(Server.java:1111)
	at org.apache.hadoop.ipc.Server$RpcCall.run(Server.java:1017)
	at java.security.AccessController.doPrivileged(Native Method)
	at javax.security.auth.Subject.doAs(Subject.java:422)
	at org.apache.hadoop.security.UserGroupInformation.doAs(UserGroupInformation.java:1899)
	at org.apache.hadoop.ipc.Server$Handler.run(Server.java:3048)
2023-09-19 02:07:14,595 [IPC Server Responder] INFO  ipc.Server (Server.java:run(1567)) - Stopping IPC Server Responder
2023-09-19 02:07:14,595 [IPC Server listener on 15110] INFO  ipc.Server (Server.java:run(1434)) - Stopping IPC Server listener on 15110
2023-09-19 02:07:14,596 [main] INFO  server.RaftServer (RaftServerProxy.java:lambda$close$6(416)) - om1: close
2023-09-19 02:07:14,596 [main] INFO  server.GrpcService (GrpcService.java:closeImpl(311)) - om1: shutdown server GrpcServerProtocolService now
2023-09-19 02:07:14,597 [om1-impl-thread2] INFO  server.RaftServer$Division (RaftServerImpl.java:lambda$close$4(466)) - om1@group-C5BA1605619E: shutdown
2023-09-19 02:07:14,597 [om1-impl-thread2] INFO  util.JmxRegister (JmxRegister.java:unregister(73)) - Successfully un-registered JMX Bean with object name Ratis:service=RaftServer,group=group-C5BA1605619E,id=om1
2023-09-19 02:07:14,597 [om1-impl-thread2] INFO  impl.RoleInfo (RoleInfo.java:shutdownLeaderState(93)) - om1: shutdown om1@group-C5BA1605619E-LeaderStateImpl
2023-09-19 02:07:14,597 [om1-impl-thread2] INFO  impl.PendingRequests (PendingRequests.java:sendNotLeaderResponses(289)) - om1@group-C5BA1605619E-PendingRequests: sendNotLeaderResponses
2023-09-19 02:07:14,606 [main] INFO  server.GrpcService (GrpcService.java:closeImpl(320)) - om1: shutdown server GrpcServerProtocolService successfully
2023-09-19 02:07:14,606 [om1@group-C5BA1605619E-StateMachineUpdater] INFO  ratis.OzoneManagerStateMachine (OzoneManagerStateMachine.java:takeSnapshot(480)) - Current Snapshot Index (t:1, i:37008)
2023-09-19 02:07:14,606 [om1-impl-thread2] INFO  impl.StateMachineUpdater (StateMachineUpdater.java:stopAndJoin(155)) - om1@group-C5BA1605619E-StateMachineUpdater: set stopIndex = 37008
2023-09-19 02:07:14,633 [om1@group-C5BA1605619E-StateMachineUpdater] INFO  impl.StateMachineUpdater (StateMachineUpdater.java:takeSnapshot(291)) - om1@group-C5BA1605619E-StateMachineUpdater: Took a snapshot at index 37008
2023-09-19 02:07:14,633 [om1@group-C5BA1605619E-StateMachineUpdater] INFO  impl.StateMachineUpdater (StateMachineUpdater.java:lambda$new$0(97)) - om1@group-C5BA1605619E-StateMachineUpdater: snapshotIndex: updateIncreasingly -1 -> 37008
2023-09-19 02:07:14,633 [om1@group-C5BA1605619E-StateMachineUpdater] INFO  ratis.OzoneManagerStateMachine (OzoneManagerStateMachine.java:close(534)) - StateMachine has shutdown. Shutdown OzoneManager if not already shutdown.
2023-09-19 02:07:14,633 [om1@group-C5BA1605619E-StateMachineUpdater] INFO  ratis.OzoneManagerDoubleBuffer (OzoneManagerDoubleBuffer.java:stopDaemon(551)) - Stopping OMDoubleBuffer flush thread
2023-09-19 02:07:14,633 [OMDoubleBufferFlushThread] INFO  ratis.OzoneManagerDoubleBuffer (OzoneManagerDoubleBuffer.java:canFlush(638)) - OMDoubleBuffer flush thread OMDoubleBufferFlushThread is interrupted and will exit.
2023-09-19 02:07:14,636 [om1-impl-thread2] INFO  server.RaftServer$Division (ServerState.java:close(472)) - om1@group-C5BA1605619E: closes. applyIndex: 37008
2023-09-19 02:07:14,691 [BlockDeletingService#0] INFO  interfaces.ContainerDeletionChoosingPolicyTemplate (ContainerDeletionChoosingPolicyTemplate.java:chooseContainerForBlockDeletion(85)) - Chosen 0/5000 blocks from 0 candidate containers.
2023-09-19 02:07:14,964 [BlockDeletingService#0] INFO  interfaces.ContainerDeletionChoosingPolicyTemplate (ContainerDeletionChoosingPolicyTemplate.java:chooseContainerForBlockDeletion(85)) - Chosen 0/5000 blocks from 0 candidate containers.
2023-09-19 02:07:15,252 [BlockDeletingService#0] INFO  interfaces.ContainerDeletionChoosingPolicyTemplate (ContainerDeletionChoosingPolicyTemplate.java:chooseContainerForBlockDeletion(85)) - Chosen 0/5000 blocks from 0 candidate containers.
2023-09-19 02:07:15,537 [BlockDeletingService#0] INFO  interfaces.ContainerDeletionChoosingPolicyTemplate (ContainerDeletionChoosingPolicyTemplate.java:chooseContainerForBlockDeletion(85)) - Chosen 0/5000 blocks from 0 candidate containers.
2023-09-19 02:07:15,583 [om1-impl-thread2] INFO  segmented.SegmentedRaftLogWorker (SegmentedRaftLogWorker.java:close(252)) - om1@group-C5BA1605619E-SegmentedRaftLogWorker close()
2023-09-19 02:07:15,585 [JvmPauseMonitor15] INFO  util.JvmPauseMonitor (JvmPauseMonitor.java:run(109)) - JvmPauseMonitor-om1: Stopped
2023-09-19 02:07:15,585 [main] INFO  ratis.OzoneManagerStateMachine (OzoneManagerStateMachine.java:close(534)) - StateMachine has shutdown. Shutdown OzoneManager if not already shutdown.
2023-09-19 02:07:15,586 [main] INFO  ratis.OzoneManagerDoubleBuffer (OzoneManagerDoubleBuffer.java:stopDaemon(560)) - OMDoubleBuffer flush thread is not running.
2023-09-19 02:07:15,587 [main] INFO  utils.BackgroundService (BackgroundService.java:shutdown(141)) - Shutting down service KeyDeletingService
2023-09-19 02:07:15,587 [main] INFO  utils.BackgroundService (BackgroundService.java:shutdown(141)) - Shutting down service KeyDeletingService
2023-09-19 02:07:15,587 [main] INFO  utils.BackgroundService (BackgroundService.java:shutdown(141)) - Shutting down service OpenKeyCleanupService
2023-09-19 02:07:15,587 [main] INFO  utils.BackgroundService (BackgroundService.java:shutdown(141)) - Shutting down service SstFilteringService
2023-09-19 02:07:15,588 [main] INFO  utils.BackgroundService (BackgroundService.java:shutdown(141)) - Shutting down service SnapshotDeletingService
2023-09-19 02:07:15,588 [main] INFO  handler.ContextHandler (ContextHandler.java:doStop(1159)) - Stopped o.e.j.w.WebAppContext@3a8c6dfc{ozoneManager,/,null,STOPPED}{file:/home/runner/work/ozone/ozone/hadoop-ozone/integration-test/target/test-classes/webapps/ozoneManager}
2023-09-19 02:07:15,589 [main] INFO  server.AbstractConnector (AbstractConnector.java:doStop(383)) - Stopped ServerConnector@509debfe{HTTP/1.1, (http/1.1)}{0.0.0.0:15111}
2023-09-19 02:07:15,589 [main] INFO  server.session (HouseKeeper.java:stopScavenging(149)) - node0 Stopped scavenging
2023-09-19 02:07:15,590 [main] INFO  handler.ContextHandler (ContextHandler.java:doStop(1159)) - Stopped o.e.j.s.ServletContextHandler@5119e907{static,/static,file:///home/runner/work/ozone/ozone/hadoop-ozone/integration-test/target/test-classes/webapps/static,STOPPED}
2023-09-19 02:07:15,590 [main] INFO  handler.ContextHandler (ContextHandler.java:doStop(1159)) - Stopped o.e.j.s.ServletContextHandler@75d64780{logs,/logs,file:///home/runner/work/ozone/ozone/hadoop-ozone/integration-test/target/log,STOPPED}
2023-09-19 02:07:15,591 [main] INFO  rocksdiff.RocksDBCheckpointDiffer (RocksDBCheckpointDiffer.java:close(343)) - Shutting down CompactionDagPruningService.
2023-09-19 02:07:15,591 [Trash Emptier] ERROR om.TrashPolicyOzone (TrashPolicyOzone.java:run(354)) - Error attempting to shutdown
java.lang.InterruptedException
	at java.util.concurrent.locks.AbstractQueuedSynchronizer$ConditionObject.awaitNanos(AbstractQueuedSynchronizer.java:2067)
	at java.util.concurrent.ThreadPoolExecutor.awaitTermination(ThreadPoolExecutor.java:1475)
	at org.apache.hadoop.ozone.om.TrashPolicyOzone$Emptier.run(TrashPolicyOzone.java:352)
	at java.lang.Thread.run(Thread.java:750)
2023-09-19 02:07:15,593 [main] INFO  snapshot.SnapshotDiffManager (SnapshotDiffManager.java:closeExecutorService(1718)) - Shutting down executorService: 'SnapDiffExecutor'
2023-09-19 02:07:15,593 [main] INFO  snapshot.SnapshotDiffManager (SnapshotDiffManager.java:closeExecutorService(1718)) - Shutting down executorService: 'SstDumpToolExecutor'
2023-09-19 02:07:15,593 [main] INFO  utils.BackgroundService (BackgroundService.java:shutdown(141)) - Shutting down service SnapshotDiffCleanupService
2023-09-19 02:07:15,594 [main] INFO  ozone.MiniOzoneClusterImpl (MiniOzoneClusterImpl.java:stopDatanodes(528)) - Stopping the HddsDatanodes
2023-09-19 02:07:15,606 [main] INFO  ozoneimpl.OzoneContainer (OzoneContainer.java:stop(451)) - Attempting to stop container services.
2023-09-19 02:07:15,607 [ForkJoinPool.commonPool-worker-1] INFO  ozoneimpl.OzoneContainer (OzoneContainer.java:stop(451)) - Attempting to stop container services.
2023-09-19 02:07:15,610 [main] INFO  server.RaftServer (RaftServerProxy.java:lambda$close$6(416)) - c519ac42-8cdc-4319-9f51-a3f7e63d0809: close
2023-09-19 02:07:15,610 [ForkJoinPool.commonPool-worker-1] INFO  server.RaftServer (RaftServerProxy.java:lambda$close$6(416)) - 1fe901b2-7321-49f3-ab84-42b9a15df08a: close
2023-09-19 02:07:15,611 [c519ac42-8cdc-4319-9f51-a3f7e63d0809-impl-thread2] INFO  server.RaftServer$Division (RaftServerImpl.java:lambda$close$4(466)) - c519ac42-8cdc-4319-9f51-a3f7e63d0809@group-537A09F096B4: shutdown
2023-09-19 02:07:15,611 [1fe901b2-7321-49f3-ab84-42b9a15df08a-impl-thread2] INFO  server.RaftServer$Division (RaftServerImpl.java:lambda$close$4(466)) - 1fe901b2-7321-49f3-ab84-42b9a15df08a@group-561C02F2D6E3: shutdown
2023-09-19 02:07:15,611 [c519ac42-8cdc-4319-9f51-a3f7e63d0809-impl-thread2] INFO  util.JmxRegister (JmxRegister.java:unregister(73)) - Successfully un-registered JMX Bean with object name Ratis:service=RaftServer,group=group-537A09F096B4,id=c519ac42-8cdc-4319-9f51-a3f7e63d0809
2023-09-19 02:07:15,611 [1fe901b2-7321-49f3-ab84-42b9a15df08a-impl-thread2] INFO  util.JmxRegister (JmxRegister.java:unregister(73)) - Successfully un-registered JMX Bean with object name Ratis:service=RaftServer,group=group-561C02F2D6E3,id=1fe901b2-7321-49f3-ab84-42b9a15df08a
2023-09-19 02:07:15,611 [c519ac42-8cdc-4319-9f51-a3f7e63d0809-impl-thread2] INFO  impl.RoleInfo (RoleInfo.java:shutdownLeaderState(93)) - c519ac42-8cdc-4319-9f51-a3f7e63d0809: shutdown c519ac42-8cdc-4319-9f51-a3f7e63d0809@group-537A09F096B4-LeaderStateImpl
2023-09-19 02:07:15,611 [1fe901b2-7321-49f3-ab84-42b9a15df08a-impl-thread2] INFO  impl.RoleInfo (RoleInfo.java:shutdownLeaderState(93)) - 1fe901b2-7321-49f3-ab84-42b9a15df08a: shutdown 1fe901b2-7321-49f3-ab84-42b9a15df08a@group-561C02F2D6E3-LeaderStateImpl
2023-09-19 02:07:15,611 [c519ac42-8cdc-4319-9f51-a3f7e63d0809-impl-thread2] INFO  impl.PendingRequests (PendingRequests.java:sendNotLeaderResponses(289)) - c519ac42-8cdc-4319-9f51-a3f7e63d0809@group-537A09F096B4-PendingRequests: sendNotLeaderResponses
2023-09-19 02:07:15,611 [1fe901b2-7321-49f3-ab84-42b9a15df08a-impl-thread3] INFO  server.RaftServer$Division (RaftServerImpl.java:lambda$close$4(466)) - 1fe901b2-7321-49f3-ab84-42b9a15df08a@group-73C006F604A6: shutdown
2023-09-19 02:07:15,611 [1fe901b2-7321-49f3-ab84-42b9a15df08a-impl-thread3] INFO  util.JmxRegister (JmxRegister.java:unregister(73)) - Successfully un-registered JMX Bean with object name Ratis:service=RaftServer,group=group-73C006F604A6,id=1fe901b2-7321-49f3-ab84-42b9a15df08a
2023-09-19 02:07:15,611 [1fe901b2-7321-49f3-ab84-42b9a15df08a-impl-thread3] INFO  impl.RoleInfo (RoleInfo.java:shutdownLeaderState(93)) - 1fe901b2-7321-49f3-ab84-42b9a15df08a: shutdown 1fe901b2-7321-49f3-ab84-42b9a15df08a@group-73C006F604A6-LeaderStateImpl
2023-09-19 02:07:15,611 [1fe901b2-7321-49f3-ab84-42b9a15df08a-impl-thread3] INFO  impl.PendingRequests (PendingRequests.java:sendNotLeaderResponses(289)) - 1fe901b2-7321-49f3-ab84-42b9a15df08a@group-73C006F604A6-PendingRequests: sendNotLeaderResponses
2023-09-19 02:07:15,611 [c519ac42-8cdc-4319-9f51-a3f7e63d0809@group-537A09F096B4-StateMachineUpdater] INFO  ratis.ContainerStateMachine (ContainerStateMachine.java:takeSnapshot(330)) - group-537A09F096B4: Taking a snapshot at:(t:1, i:0) file /home/runner/work/ozone/ozone/hadoop-ozone/integration-test/target/test-dir/MiniOzoneClusterImpl-580a45e0-de24-452d-9431-a8422bda96cb/datanode-2/data/ratis/a848868e-104e-4061-a013-537a09f096b4/sm/snapshot.1_0
2023-09-19 02:07:15,612 [1fe901b2-7321-49f3-ab84-42b9a15df08a@group-73C006F604A6-StateMachineUpdater] INFO  ratis.ContainerStateMachine (ContainerStateMachine.java:takeSnapshot(330)) - group-73C006F604A6: Taking a snapshot at:(t:1, i:0) file /home/runner/work/ozone/ozone/hadoop-ozone/integration-test/target/test-dir/MiniOzoneClusterImpl-580a45e0-de24-452d-9431-a8422bda96cb/datanode-1/data/ratis/a4e37b81-ba59-4b88-9554-73c006f604a6/sm/snapshot.1_0
2023-09-19 02:07:15,612 [1fe901b2-7321-49f3-ab84-42b9a15df08a-impl-thread3] INFO  impl.StateMachineUpdater (StateMachineUpdater.java:stopAndJoin(155)) - 1fe901b2-7321-49f3-ab84-42b9a15df08a@group-73C006F604A6-StateMachineUpdater: set stopIndex = 0
2023-09-19 02:07:15,612 [c519ac42-8cdc-4319-9f51-a3f7e63d0809-impl-thread2] INFO  impl.StateMachineUpdater (StateMachineUpdater.java:stopAndJoin(155)) - c519ac42-8cdc-4319-9f51-a3f7e63d0809@group-537A09F096B4-StateMachineUpdater: set stopIndex = 0
2023-09-19 02:07:15,612 [ForkJoinPool.commonPool-worker-1] INFO  server.GrpcService (GrpcService.java:closeImpl(311)) - 1fe901b2-7321-49f3-ab84-42b9a15df08a: shutdown server org.apache.ratis.grpc.server.GrpcClientProtocolService now
2023-09-19 02:07:15,616 [1fe901b2-7321-49f3-ab84-42b9a15df08a-impl-thread2] INFO  impl.PendingRequests (PendingRequests.java:sendNotLeaderResponses(289)) - 1fe901b2-7321-49f3-ab84-42b9a15df08a@group-561C02F2D6E3-PendingRequests: sendNotLeaderResponses
2023-09-19 02:07:15,616 [1fe901b2-7321-49f3-ab84-42b9a15df08a@group-561C02F2D6E3->33cb0de0-5ab7-4f61-b692-731671fbecae-GrpcLogAppender-LogAppenderDaemon] WARN  server.GrpcLogAppender (GrpcLogAppender.java:mayWait(199)) - 1fe901b2-7321-49f3-ab84-42b9a15df08a@group-561C02F2D6E3->33cb0de0-5ab7-4f61-b692-731671fbecae-GrpcLogAppender: Wait interrupted by java.lang.InterruptedException
2023-09-19 02:07:15,616 [1fe901b2-7321-49f3-ab84-42b9a15df08a@group-561C02F2D6E3->c519ac42-8cdc-4319-9f51-a3f7e63d0809-GrpcLogAppender-LogAppenderDaemon] WARN  server.GrpcLogAppender (GrpcLogAppender.java:mayWait(199)) - 1fe901b2-7321-49f3-ab84-42b9a15df08a@group-561C02F2D6E3->c519ac42-8cdc-4319-9f51-a3f7e63d0809-GrpcLogAppender: Wait interrupted by java.lang.InterruptedException
2023-09-19 02:07:15,618 [1fe901b2-7321-49f3-ab84-42b9a15df08a@group-73C006F604A6-StateMachineUpdater] INFO  ratis.ContainerStateMachine (ContainerStateMachine.java:takeSnapshot(341)) - group-73C006F604A6: Finished taking a snapshot at:(t:1, i:0) file:/home/runner/work/ozone/ozone/hadoop-ozone/integration-test/target/test-dir/MiniOzoneClusterImpl-580a45e0-de24-452d-9431-a8422bda96cb/datanode-1/data/ratis/a4e37b81-ba59-4b88-9554-73c006f604a6/sm/snapshot.1_0 took: 6 ms
2023-09-19 02:07:15,618 [1fe901b2-7321-49f3-ab84-42b9a15df08a@group-73C006F604A6-StateMachineUpdater] INFO  impl.StateMachineUpdater (StateMachineUpdater.java:takeSnapshot(291)) - 1fe901b2-7321-49f3-ab84-42b9a15df08a@group-73C006F604A6-StateMachineUpdater: Took a snapshot at index 0
2023-09-19 02:07:15,618 [1fe901b2-7321-49f3-ab84-42b9a15df08a@group-73C006F604A6-StateMachineUpdater] INFO  impl.StateMachineUpdater (StateMachineUpdater.java:lambda$new$0(97)) - 1fe901b2-7321-49f3-ab84-42b9a15df08a@group-73C006F604A6-StateMachineUpdater: snapshotIndex: updateIncreasingly -1 -> 0
2023-09-19 02:07:15,619 [c519ac42-8cdc-4319-9f51-a3f7e63d0809@group-537A09F096B4-StateMachineUpdater] INFO  ratis.ContainerStateMachine (ContainerStateMachine.java:takeSnapshot(341)) - group-537A09F096B4: Finished taking a snapshot at:(t:1, i:0) file:/home/runner/work/ozone/ozone/hadoop-ozone/integration-test/target/test-dir/MiniOzoneClusterImpl-580a45e0-de24-452d-9431-a8422bda96cb/datanode-2/data/ratis/a848868e-104e-4061-a013-537a09f096b4/sm/snapshot.1_0 took: 7 ms
2023-09-19 02:07:15,619 [c519ac42-8cdc-4319-9f51-a3f7e63d0809@group-537A09F096B4-StateMachineUpdater] INFO  impl.StateMachineUpdater (StateMachineUpdater.java:takeSnapshot(291)) - c519ac42-8cdc-4319-9f51-a3f7e63d0809@group-537A09F096B4-StateMachineUpdater: Took a snapshot at index 0
2023-09-19 02:07:15,619 [c519ac42-8cdc-4319-9f51-a3f7e63d0809@group-537A09F096B4-StateMachineUpdater] INFO  impl.StateMachineUpdater (StateMachineUpdater.java:lambda$new$0(97)) - c519ac42-8cdc-4319-9f51-a3f7e63d0809@group-537A09F096B4-StateMachineUpdater: snapshotIndex: updateIncreasingly -1 -> 0
2023-09-19 02:07:15,619 [c519ac42-8cdc-4319-9f51-a3f7e63d0809-impl-thread3] INFO  server.RaftServer$Division (RaftServerImpl.java:lambda$close$4(466)) - c519ac42-8cdc-4319-9f51-a3f7e63d0809@group-561C02F2D6E3: shutdown
2023-09-19 02:07:15,619 [c519ac42-8cdc-4319-9f51-a3f7e63d0809-impl-thread3] INFO  util.JmxRegister (JmxRegister.java:unregister(73)) - Successfully un-registered JMX Bean with object name Ratis:service=RaftServer,group=group-561C02F2D6E3,id=c519ac42-8cdc-4319-9f51-a3f7e63d0809
2023-09-19 02:07:15,619 [c519ac42-8cdc-4319-9f51-a3f7e63d0809-impl-thread3] INFO  impl.RoleInfo (RoleInfo.java:shutdownFollowerState(110)) - c519ac42-8cdc-4319-9f51-a3f7e63d0809: shutdown c519ac42-8cdc-4319-9f51-a3f7e63d0809@group-561C02F2D6E3-FollowerState
2023-09-19 02:07:15,619 [main] INFO  server.GrpcService (GrpcService.java:closeImpl(311)) - c519ac42-8cdc-4319-9f51-a3f7e63d0809: shutdown server org.apache.ratis.grpc.server.GrpcClientProtocolService now
2023-09-19 02:07:15,628 [c519ac42-8cdc-4319-9f51-a3f7e63d0809-impl-thread4] INFO  server.RaftServer$Division (RaftServerImpl.java:lambda$close$4(466)) - c519ac42-8cdc-4319-9f51-a3f7e63d0809@group-6DEA495A8084: shutdown
2023-09-19 02:07:15,627 [Thread-1615] INFO  server.GrpcServerProtocolClient (GrpcServerProtocolClient.java:close(103)) - 33cb0de0-5ab7-4f61-b692-731671fbecae Close channels
2023-09-19 02:07:15,627 [Thread-1613] INFO  server.GrpcServerProtocolClient (GrpcServerProtocolClient.java:close(103)) - c519ac42-8cdc-4319-9f51-a3f7e63d0809 Close channels
2023-09-19 02:07:15,628 [c519ac42-8cdc-4319-9f51-a3f7e63d0809-impl-thread4] INFO  util.JmxRegister (JmxRegister.java:unregister(73)) - Successfully un-registered JMX Bean with object name Ratis:service=RaftServer,group=group-6DEA495A8084,id=c519ac42-8cdc-4319-9f51-a3f7e63d0809
2023-09-19 02:07:15,632 [c519ac42-8cdc-4319-9f51-a3f7e63d0809-impl-thread4] INFO  impl.RoleInfo (RoleInfo.java:shutdownFollowerState(110)) - c519ac42-8cdc-4319-9f51-a3f7e63d0809: shutdown c519ac42-8cdc-4319-9f51-a3f7e63d0809@group-6DEA495A8084-FollowerState
2023-09-19 02:07:15,632 [c519ac42-8cdc-4319-9f51-a3f7e63d0809-impl-thread4] INFO  impl.StateMachineUpdater (StateMachineUpdater.java:stopAndJoin(155)) - c519ac42-8cdc-4319-9f51-a3f7e63d0809@group-6DEA495A8084-StateMachineUpdater: set stopIndex = 26
2023-09-19 02:07:15,632 [c519ac42-8cdc-4319-9f51-a3f7e63d0809-impl-thread2] INFO  server.RaftServer$Division (ServerState.java:close(472)) - c519ac42-8cdc-4319-9f51-a3f7e63d0809@group-537A09F096B4: closes. applyIndex: 0
2023-09-19 02:07:15,633 [c519ac42-8cdc-4319-9f51-a3f7e63d0809@group-6DEA495A8084-FollowerState] INFO  impl.FollowerState (FollowerState.java:run(152)) - c519ac42-8cdc-4319-9f51-a3f7e63d0809@group-6DEA495A8084-FollowerState was interrupted
2023-09-19 02:07:15,632 [grpc-default-executor-3] INFO  server.GrpcServerProtocolService (GrpcServerProtocolService.java:onCompleted(155)) - c519ac42-8cdc-4319-9f51-a3f7e63d0809: Completed APPEND_ENTRIES, lastRequest: null
2023-09-19 02:07:15,633 [grpc-default-executor-3] INFO  server.GrpcServerProtocolService (GrpcServerProtocolService.java:lambda$onCompleted$5(157)) - c519ac42-8cdc-4319-9f51-a3f7e63d0809: Completed APPEND_ENTRIES, lastReply: serverReply {
  requestorId: "1fe901b2-7321-49f3-ab84-42b9a15df08a"
  replyId: "c519ac42-8cdc-4319-9f51-a3f7e63d0809"
  raftGroupId {
    id: "\241\301\250\362\301\343M\251\246\303V\034\002\362\326\343"
  }
  callId: 23
  success: true
}
term: 1
nextIndex: 1
matchIndex: 18446744073709551615
isHearbeat: true

2023-09-19 02:07:15,634 [c519ac42-8cdc-4319-9f51-a3f7e63d0809@group-6DEA495A8084-StateMachineUpdater] INFO  ratis.ContainerStateMachine (ContainerStateMachine.java:takeSnapshot(330)) - group-6DEA495A8084: Taking a snapshot at:(t:1, i:26) file /home/runner/work/ozone/ozone/hadoop-ozone/integration-test/target/test-dir/MiniOzoneClusterImpl-580a45e0-de24-452d-9431-a8422bda96cb/datanode-2/data/ratis/7d7ff0ba-2b2f-46dc-a98b-6dea495a8084/sm/snapshot.1_26
2023-09-19 02:07:15,632 [grpc-default-executor-2] WARN  server.GrpcClientProtocolService (LogUtils.java:warn(122)) - 0-OrderedRequestStreamObserver0: onError: org.apache.ratis.thirdparty.io.grpc.StatusRuntimeException: CANCELLED: client cancelled
2023-09-19 02:07:15,634 [grpc-default-executor-6] INFO  server.GrpcServerProtocolService (GrpcServerProtocolService.java:onCompleted(155)) - c519ac42-8cdc-4319-9f51-a3f7e63d0809: Completed APPEND_ENTRIES, lastRequest: 1fe901b2-7321-49f3-ab84-42b9a15df08a->c519ac42-8cdc-4319-9f51-a3f7e63d0809#27-t1,previous=(t:1, i:3),leaderCommit=2,initializing? true,entries: size=1, first=(t:1, i:4), METADATAENTRY(c:2)
2023-09-19 02:07:15,634 [grpc-default-executor-6] INFO  server.GrpcServerProtocolService (GrpcServerProtocolService.java:lambda$onCompleted$5(157)) - c519ac42-8cdc-4319-9f51-a3f7e63d0809: Completed APPEND_ENTRIES, lastReply: null
2023-09-19 02:07:15,631 [1fe901b2-7321-49f3-ab84-42b9a15df08a-impl-thread3] INFO  server.RaftServer$Division (ServerState.java:close(472)) - 1fe901b2-7321-49f3-ab84-42b9a15df08a@group-73C006F604A6: closes. applyIndex: 0
2023-09-19 02:07:15,634 [main] INFO  server.GrpcService (GrpcService.java:closeImpl(320)) - c519ac42-8cdc-4319-9f51-a3f7e63d0809: shutdown server org.apache.ratis.grpc.server.GrpcClientProtocolService successfully
2023-09-19 02:07:15,634 [main] INFO  server.GrpcService (GrpcService.java:closeImpl(311)) - c519ac42-8cdc-4319-9f51-a3f7e63d0809: shutdown server GrpcServerProtocolService now
2023-09-19 02:07:15,630 [1fe901b2-7321-49f3-ab84-42b9a15df08a@group-561C02F2D6E3-StateMachineUpdater] INFO  ratis.ContainerStateMachine (ContainerStateMachine.java:takeSnapshot(330)) - group-561C02F2D6E3: Taking a snapshot at:(t:1, i:4) file /home/runner/work/ozone/ozone/hadoop-ozone/integration-test/target/test-dir/MiniOzoneClusterImpl-580a45e0-de24-452d-9431-a8422bda96cb/datanode-1/data/ratis/a1c1a8f2-c1e3-4da9-a6c3-561c02f2d6e3/sm/snapshot.1_4
2023-09-19 02:07:15,630 [1fe901b2-7321-49f3-ab84-42b9a15df08a-impl-thread2] INFO  impl.StateMachineUpdater (StateMachineUpdater.java:stopAndJoin(155)) - 1fe901b2-7321-49f3-ab84-42b9a15df08a@group-561C02F2D6E3-StateMachineUpdater: set stopIndex = 4
2023-09-19 02:07:15,630 [grpc-default-executor-7] INFO  server.GrpcServerProtocolService (GrpcServerProtocolService.java:onCompleted(155)) - 33cb0de0-5ab7-4f61-b692-731671fbecae: Completed APPEND_ENTRIES, lastRequest: null
2023-09-19 02:07:15,635 [grpc-default-executor-7] INFO  server.GrpcServerProtocolService (GrpcServerProtocolService.java:lambda$onCompleted$5(157)) - 33cb0de0-5ab7-4f61-b692-731671fbecae: Completed APPEND_ENTRIES, lastReply: serverReply {
  requestorId: "1fe901b2-7321-49f3-ab84-42b9a15df08a"
  replyId: "33cb0de0-5ab7-4f61-b692-731671fbecae"
  raftGroupId {
    id: "\241\301\250\362\301\343M\251\246\303V\034\002\362\326\343"
  }
  callId: 21
  success: true
}
term: 1
nextIndex: 1
matchIndex: 18446744073709551615
isHearbeat: true

2023-09-19 02:07:15,630 [grpc-default-executor-4] INFO  server.GrpcServerProtocolService (GrpcServerProtocolService.java:onCompleted(155)) - 33cb0de0-5ab7-4f61-b692-731671fbecae: Completed APPEND_ENTRIES, lastRequest: 1fe901b2-7321-49f3-ab84-42b9a15df08a->33cb0de0-5ab7-4f61-b692-731671fbecae#25-t1,previous=(t:1, i:3),leaderCommit=3,initializing? true,entries: size=1, first=(t:1, i:4), METADATAENTRY(c:2)
2023-09-19 02:07:15,627 [1fe901b2-7321-49f3-ab84-42b9a15df08a-impl-thread4] INFO  server.RaftServer$Division (RaftServerImpl.java:lambda$close$4(466)) - 1fe901b2-7321-49f3-ab84-42b9a15df08a@group-6DEA495A8084: shutdown
2023-09-19 02:07:15,629 [c519ac42-8cdc-4319-9f51-a3f7e63d0809@group-561C02F2D6E3-StateMachineUpdater] INFO  ratis.ContainerStateMachine (ContainerStateMachine.java:takeSnapshot(330)) - group-561C02F2D6E3: Taking a snapshot at:(t:1, i:2) file /home/runner/work/ozone/ozone/hadoop-ozone/integration-test/target/test-dir/MiniOzoneClusterImpl-580a45e0-de24-452d-9431-a8422bda96cb/datanode-2/data/ratis/a1c1a8f2-c1e3-4da9-a6c3-561c02f2d6e3/sm/snapshot.1_2
2023-09-19 02:07:15,635 [1fe901b2-7321-49f3-ab84-42b9a15df08a-impl-thread4] INFO  util.JmxRegister (JmxRegister.java:unregister(73)) - Successfully un-registered JMX Bean with object name Ratis:service=RaftServer,group=group-6DEA495A8084,id=1fe901b2-7321-49f3-ab84-42b9a15df08a
2023-09-19 02:07:15,635 [1fe901b2-7321-49f3-ab84-42b9a15df08a-impl-thread4] INFO  impl.RoleInfo (RoleInfo.java:shutdownFollowerState(110)) - 1fe901b2-7321-49f3-ab84-42b9a15df08a: shutdown 1fe901b2-7321-49f3-ab84-42b9a15df08a@group-6DEA495A8084-FollowerState
2023-09-19 02:07:15,629 [c519ac42-8cdc-4319-9f51-a3f7e63d0809@group-561C02F2D6E3-FollowerState] INFO  impl.FollowerState (FollowerState.java:run(152)) - c519ac42-8cdc-4319-9f51-a3f7e63d0809@group-561C02F2D6E3-FollowerState was interrupted
2023-09-19 02:07:15,628 [c519ac42-8cdc-4319-9f51-a3f7e63d0809-impl-thread3] INFO  impl.StateMachineUpdater (StateMachineUpdater.java:stopAndJoin(155)) - c519ac42-8cdc-4319-9f51-a3f7e63d0809@group-561C02F2D6E3-StateMachineUpdater: set stopIndex = 2
2023-09-19 02:07:15,635 [grpc-default-executor-4] INFO  server.GrpcServerProtocolService (GrpcServerProtocolService.java:lambda$onCompleted$5(157)) - 33cb0de0-5ab7-4f61-b692-731671fbecae: Completed APPEND_ENTRIES, lastReply: null
2023-09-19 02:07:15,636 [1fe901b2-7321-49f3-ab84-42b9a15df08a-impl-thread4] INFO  impl.StateMachineUpdater (StateMachineUpdater.java:stopAndJoin(155)) - 1fe901b2-7321-49f3-ab84-42b9a15df08a@group-6DEA495A8084-StateMachineUpdater: set stopIndex = 26
2023-09-19 02:07:15,636 [1fe901b2-7321-49f3-ab84-42b9a15df08a@group-6DEA495A8084-FollowerState] INFO  impl.FollowerState (FollowerState.java:run(152)) - 1fe901b2-7321-49f3-ab84-42b9a15df08a@group-6DEA495A8084-FollowerState was interrupted
2023-09-19 02:07:15,636 [1fe901b2-7321-49f3-ab84-42b9a15df08a@group-6DEA495A8084-StateMachineUpdater] INFO  ratis.ContainerStateMachine (ContainerStateMachine.java:takeSnapshot(330)) - group-6DEA495A8084: Taking a snapshot at:(t:1, i:26) file /home/runner/work/ozone/ozone/hadoop-ozone/integration-test/target/test-dir/MiniOzoneClusterImpl-580a45e0-de24-452d-9431-a8422bda96cb/datanode-1/data/ratis/7d7ff0ba-2b2f-46dc-a98b-6dea495a8084/sm/snapshot.1_26
2023-09-19 02:07:15,636 [c519ac42-8cdc-4319-9f51-a3f7e63d0809@group-6DEA495A8084-StateMachineUpdater] INFO  ratis.ContainerStateMachine (ContainerStateMachine.java:takeSnapshot(341)) - group-6DEA495A8084: Finished taking a snapshot at:(t:1, i:26) file:/home/runner/work/ozone/ozone/hadoop-ozone/integration-test/target/test-dir/MiniOzoneClusterImpl-580a45e0-de24-452d-9431-a8422bda96cb/datanode-2/data/ratis/7d7ff0ba-2b2f-46dc-a98b-6dea495a8084/sm/snapshot.1_26 took: 3 ms
2023-09-19 02:07:15,636 [1fe901b2-7321-49f3-ab84-42b9a15df08a@group-561C02F2D6E3-StateMachineUpdater] INFO  ratis.ContainerStateMachine (ContainerStateMachine.java:takeSnapshot(341)) - group-561C02F2D6E3: Finished taking a snapshot at:(t:1, i:4) file:/home/runner/work/ozone/ozone/hadoop-ozone/integration-test/target/test-dir/MiniOzoneClusterImpl-580a45e0-de24-452d-9431-a8422bda96cb/datanode-1/data/ratis/a1c1a8f2-c1e3-4da9-a6c3-561c02f2d6e3/sm/snapshot.1_4 took: 5 ms
2023-09-19 02:07:15,636 [c519ac42-8cdc-4319-9f51-a3f7e63d0809@group-561C02F2D6E3-StateMachineUpdater] INFO  ratis.ContainerStateMachine (ContainerStateMachine.java:takeSnapshot(341)) - group-561C02F2D6E3: Finished taking a snapshot at:(t:1, i:2) file:/home/runner/work/ozone/ozone/hadoop-ozone/integration-test/target/test-dir/MiniOzoneClusterImpl-580a45e0-de24-452d-9431-a8422bda96cb/datanode-2/data/ratis/a1c1a8f2-c1e3-4da9-a6c3-561c02f2d6e3/sm/snapshot.1_2 took: 8 ms
2023-09-19 02:07:15,636 [1fe901b2-7321-49f3-ab84-42b9a15df08a@group-561C02F2D6E3-StateMachineUpdater] INFO  impl.StateMachineUpdater (StateMachineUpdater.java:takeSnapshot(291)) - 1fe901b2-7321-49f3-ab84-42b9a15df08a@group-561C02F2D6E3-StateMachineUpdater: Took a snapshot at index 4
2023-09-19 02:07:15,637 [c519ac42-8cdc-4319-9f51-a3f7e63d0809@group-561C02F2D6E3-StateMachineUpdater] INFO  impl.StateMachineUpdater (StateMachineUpdater.java:takeSnapshot(291)) - c519ac42-8cdc-4319-9f51-a3f7e63d0809@group-561C02F2D6E3-StateMachineUpdater: Took a snapshot at index 2
2023-09-19 02:07:15,637 [c519ac42-8cdc-4319-9f51-a3f7e63d0809@group-561C02F2D6E3-StateMachineUpdater] INFO  impl.StateMachineUpdater (StateMachineUpdater.java:lambda$new$0(97)) - c519ac42-8cdc-4319-9f51-a3f7e63d0809@group-561C02F2D6E3-StateMachineUpdater: snapshotIndex: updateIncreasingly -1 -> 2
2023-09-19 02:07:15,637 [1fe901b2-7321-49f3-ab84-42b9a15df08a@group-6DEA495A8084-StateMachineUpdater] INFO  ratis.ContainerStateMachine (ContainerStateMachine.java:takeSnapshot(341)) - group-6DEA495A8084: Finished taking a snapshot at:(t:1, i:26) file:/home/runner/work/ozone/ozone/hadoop-ozone/integration-test/target/test-dir/MiniOzoneClusterImpl-580a45e0-de24-452d-9431-a8422bda96cb/datanode-1/data/ratis/7d7ff0ba-2b2f-46dc-a98b-6dea495a8084/sm/snapshot.1_26 took: 1 ms
2023-09-19 02:07:15,637 [1fe901b2-7321-49f3-ab84-42b9a15df08a@group-561C02F2D6E3-StateMachineUpdater] INFO  impl.StateMachineUpdater (StateMachineUpdater.java:lambda$new$0(97)) - 1fe901b2-7321-49f3-ab84-42b9a15df08a@group-561C02F2D6E3-StateMachineUpdater: snapshotIndex: updateIncreasingly -1 -> 4
2023-09-19 02:07:15,637 [1fe901b2-7321-49f3-ab84-42b9a15df08a@group-6DEA495A8084-StateMachineUpdater] INFO  impl.StateMachineUpdater (StateMachineUpdater.java:takeSnapshot(291)) - 1fe901b2-7321-49f3-ab84-42b9a15df08a@group-6DEA495A8084-StateMachineUpdater: Took a snapshot at index 26
2023-09-19 02:07:15,637 [1fe901b2-7321-49f3-ab84-42b9a15df08a@group-6DEA495A8084-StateMachineUpdater] INFO  impl.StateMachineUpdater (StateMachineUpdater.java:lambda$new$0(97)) - 1fe901b2-7321-49f3-ab84-42b9a15df08a@group-6DEA495A8084-StateMachineUpdater: snapshotIndex: updateIncreasingly -1 -> 26
2023-09-19 02:07:15,637 [c519ac42-8cdc-4319-9f51-a3f7e63d0809@group-6DEA495A8084-StateMachineUpdater] INFO  impl.StateMachineUpdater (StateMachineUpdater.java:takeSnapshot(291)) - c519ac42-8cdc-4319-9f51-a3f7e63d0809@group-6DEA495A8084-StateMachineUpdater: Took a snapshot at index 26
2023-09-19 02:07:15,637 [c519ac42-8cdc-4319-9f51-a3f7e63d0809@group-6DEA495A8084-StateMachineUpdater] INFO  impl.StateMachineUpdater (StateMachineUpdater.java:lambda$new$0(97)) - c519ac42-8cdc-4319-9f51-a3f7e63d0809@group-6DEA495A8084-StateMachineUpdater: snapshotIndex: updateIncreasingly -1 -> 26
2023-09-19 02:07:15,646 [grpc-default-executor-5] INFO  server.GrpcLogAppender (GrpcLogAppender.java:onCompleted(428)) - 1fe901b2-7321-49f3-ab84-42b9a15df08a@group-561C02F2D6E3->c519ac42-8cdc-4319-9f51-a3f7e63d0809-AppendLogResponseHandler: follower responses appendEntries COMPLETED
2023-09-19 02:07:15,647 [grpc-default-executor-5] WARN  server.GrpcLogAppender (GrpcLogAppender.java:resetClient(137)) - 1fe901b2-7321-49f3-ab84-42b9a15df08a@group-561C02F2D6E3->c519ac42-8cdc-4319-9f51-a3f7e63d0809-GrpcLogAppender: Failed to getClient for c519ac42-8cdc-4319-9f51-a3f7e63d0809
org.apache.ratis.protocol.exceptions.AlreadyClosedException: 1fe901b2-7321-49f3-ab84-42b9a15df08a is already CLOSED
	at org.apache.ratis.util.PeerProxyMap$PeerAndProxy.getProxy(PeerProxyMap.java:61)
	at org.apache.ratis.util.PeerProxyMap.getProxy(PeerProxyMap.java:115)
	at org.apache.ratis.grpc.server.GrpcLogAppender.getClient(GrpcLogAppender.java:112)
	at org.apache.ratis.grpc.server.GrpcLogAppender.resetClient(GrpcLogAppender.java:117)
	at org.apache.ratis.grpc.server.GrpcLogAppender.access$500(GrpcLogAppender.java:56)
	at org.apache.ratis.grpc.server.GrpcLogAppender$AppendLogResponseHandler.onCompleted(GrpcLogAppender.java:429)
	at org.apache.ratis.thirdparty.io.grpc.stub.ClientCalls$StreamObserverToCallListenerAdapter.onClose(ClientCalls.java:485)
	at org.apache.ratis.thirdparty.io.grpc.internal.DelayedClientCall$DelayedListener$3.run(DelayedClientCall.java:471)
	at org.apache.ratis.thirdparty.io.grpc.internal.DelayedClientCall$DelayedListener.delayOrExecute(DelayedClientCall.java:435)
	at org.apache.ratis.thirdparty.io.grpc.internal.DelayedClientCall$DelayedListener.onClose(DelayedClientCall.java:468)
	at org.apache.ratis.thirdparty.io.grpc.internal.ClientCallImpl.closeObserver(ClientCallImpl.java:563)
	at org.apache.ratis.thirdparty.io.grpc.internal.ClientCallImpl.access$300(ClientCallImpl.java:70)
	at org.apache.ratis.thirdparty.io.grpc.internal.ClientCallImpl$ClientStreamListenerImpl$1StreamClosed.runInternal(ClientCallImpl.java:744)
	at org.apache.ratis.thirdparty.io.grpc.internal.ClientCallImpl$ClientStreamListenerImpl$1StreamClosed.runInContext(ClientCallImpl.java:723)
	at org.apache.ratis.thirdparty.io.grpc.internal.ContextRunnable.run(ContextRunnable.java:37)
	at org.apache.ratis.thirdparty.io.grpc.internal.SerializingExecutor.run(SerializingExecutor.java:133)
	at java.util.concurrent.ThreadPoolExecutor.runWorker(ThreadPoolExecutor.java:1149)
	at java.util.concurrent.ThreadPoolExecutor$Worker.run(ThreadPoolExecutor.java:624)
	at java.lang.Thread.run(Thread.java:750)
2023-09-19 02:07:15,648 [grpc-default-executor-7] WARN  server.GrpcServerProtocolService (LogUtils.java:warn(122)) - c519ac42-8cdc-4319-9f51-a3f7e63d0809: APPEND_ENTRIES onError, lastRequest: null: org.apache.ratis.thirdparty.io.grpc.StatusRuntimeException: CANCELLED: client cancelled
2023-09-19 02:07:15,648 [grpc-default-executor-3] WARN  server.GrpcServerProtocolService (LogUtils.java:warn(122)) - c519ac42-8cdc-4319-9f51-a3f7e63d0809: APPEND_ENTRIES onError, lastRequest: 33cb0de0-5ab7-4f61-b692-731671fbecae->c519ac42-8cdc-4319-9f51-a3f7e63d0809#34-t1,previous=(t:1, i:25),leaderCommit=24,initializing? true,entries: size=1, first=(t:1, i:26), METADATAENTRY(c:24): org.apache.ratis.thirdparty.io.grpc.StatusRuntimeException: CANCELLED: client cancelled
2023-09-19 02:07:15,648 [grpc-default-executor-2] INFO  server.GrpcLogAppender (GrpcLogAppender.java:onCompleted(428)) - 1fe901b2-7321-49f3-ab84-42b9a15df08a@group-561C02F2D6E3->c519ac42-8cdc-4319-9f51-a3f7e63d0809-AppendLogResponseHandler: follower responses appendEntries COMPLETED
2023-09-19 02:07:15,648 [grpc-default-executor-2] WARN  server.GrpcLogAppender (GrpcLogAppender.java:resetClient(137)) - 1fe901b2-7321-49f3-ab84-42b9a15df08a@group-561C02F2D6E3->c519ac42-8cdc-4319-9f51-a3f7e63d0809-GrpcLogAppender: Failed to getClient for c519ac42-8cdc-4319-9f51-a3f7e63d0809
org.apache.ratis.protocol.exceptions.AlreadyClosedException: 1fe901b2-7321-49f3-ab84-42b9a15df08a is already CLOSED
	at org.apache.ratis.util.PeerProxyMap$PeerAndProxy.getProxy(PeerProxyMap.java:61)
	at org.apache.ratis.util.PeerProxyMap.getProxy(PeerProxyMap.java:115)
	at org.apache.ratis.grpc.server.GrpcLogAppender.getClient(GrpcLogAppender.java:112)
	at org.apache.ratis.grpc.server.GrpcLogAppender.resetClient(GrpcLogAppender.java:117)
	at org.apache.ratis.grpc.server.GrpcLogAppender.access$500(GrpcLogAppender.java:56)
	at org.apache.ratis.grpc.server.GrpcLogAppender$AppendLogResponseHandler.onCompleted(GrpcLogAppender.java:429)
	at org.apache.ratis.thirdparty.io.grpc.stub.ClientCalls$StreamObserverToCallListenerAdapter.onClose(ClientCalls.java:485)
	at org.apache.ratis.thirdparty.io.grpc.internal.ClientCallImpl.closeObserver(ClientCallImpl.java:563)
	at org.apache.ratis.thirdparty.io.grpc.internal.ClientCallImpl.access$300(ClientCallImpl.java:70)
	at org.apache.ratis.thirdparty.io.grpc.internal.ClientCallImpl$ClientStreamListenerImpl$1StreamClosed.runInternal(ClientCallImpl.java:744)
	at org.apache.ratis.thirdparty.io.grpc.internal.ClientCallImpl$ClientStreamListenerImpl$1StreamClosed.runInContext(ClientCallImpl.java:723)
	at org.apache.ratis.thirdparty.io.grpc.internal.ContextRunnable.run(ContextRunnable.java:37)
	at org.apache.ratis.thirdparty.io.grpc.internal.SerializingExecutor.run(SerializingExecutor.java:133)
	at java.util.concurrent.ThreadPoolExecutor.runWorker(ThreadPoolExecutor.java:1149)
	at java.util.concurrent.ThreadPoolExecutor$Worker.run(ThreadPoolExecutor.java:624)
	at java.lang.Thread.run(Thread.java:750)
2023-09-19 02:07:15,648 [c519ac42-8cdc-4319-9f51-a3f7e63d0809-impl-thread3] INFO  server.RaftServer$Division (ServerState.java:close(472)) - c519ac42-8cdc-4319-9f51-a3f7e63d0809@group-561C02F2D6E3: closes. applyIndex: 2
2023-09-19 02:07:15,648 [main] INFO  server.GrpcService (GrpcService.java:closeImpl(320)) - c519ac42-8cdc-4319-9f51-a3f7e63d0809: shutdown server GrpcServerProtocolService successfully
2023-09-19 02:07:15,648 [1fe901b2-7321-49f3-ab84-42b9a15df08a-impl-thread2] INFO  server.RaftServer$Division (ServerState.java:close(472)) - 1fe901b2-7321-49f3-ab84-42b9a15df08a@group-561C02F2D6E3: closes. applyIndex: 4
2023-09-19 02:07:15,649 [main] INFO  server.GrpcService (GrpcService.java:closeImpl(311)) - c519ac42-8cdc-4319-9f51-a3f7e63d0809: shutdown server org.apache.ratis.grpc.server.GrpcAdminProtocolService now
2023-09-19 02:07:15,648 [1fe901b2-7321-49f3-ab84-42b9a15df08a-impl-thread4] INFO  server.RaftServer$Division (ServerState.java:close(472)) - 1fe901b2-7321-49f3-ab84-42b9a15df08a@group-6DEA495A8084: closes. applyIndex: 26
2023-09-19 02:07:15,648 [c519ac42-8cdc-4319-9f51-a3f7e63d0809-impl-thread4] INFO  server.RaftServer$Division (ServerState.java:close(472)) - c519ac42-8cdc-4319-9f51-a3f7e63d0809@group-6DEA495A8084: closes. applyIndex: 26
2023-09-19 02:07:15,650 [grpc-default-executor-8] WARN  server.GrpcLogAppender (LogUtils.java:warn(122)) - 33cb0de0-5ab7-4f61-b692-731671fbecae@group-6DEA495A8084->c519ac42-8cdc-4319-9f51-a3f7e63d0809-AppendLogResponseHandler: Failed appendEntries: org.apache.ratis.thirdparty.io.grpc.StatusRuntimeException: CANCELLED: RST_STREAM closed stream. HTTP/2 error code: CANCEL
2023-09-19 02:07:15,651 [grpc-default-executor-8] INFO  leader.FollowerInfo (FollowerInfoImpl.java:lambda$new$0(52)) - 33cb0de0-5ab7-4f61-b692-731671fbecae@group-6DEA495A8084->c519ac42-8cdc-4319-9f51-a3f7e63d0809: decreaseNextIndex nextIndex: updateUnconditionally 27 -> 26
2023-09-19 02:07:15,651 [grpc-default-executor-5] INFO  server.GrpcLogAppender (GrpcLogAppender.java:onCompleted(428)) - 1fe901b2-7321-49f3-ab84-42b9a15df08a@group-561C02F2D6E3->33cb0de0-5ab7-4f61-b692-731671fbecae-AppendLogResponseHandler: follower responses appendEntries COMPLETED
2023-09-19 02:07:15,651 [grpc-default-executor-5] WARN  server.GrpcLogAppender (GrpcLogAppender.java:resetClient(137)) - 1fe901b2-7321-49f3-ab84-42b9a15df08a@group-561C02F2D6E3->33cb0de0-5ab7-4f61-b692-731671fbecae-GrpcLogAppender: Failed to getClient for 33cb0de0-5ab7-4f61-b692-731671fbecae
org.apache.ratis.protocol.exceptions.AlreadyClosedException: 1fe901b2-7321-49f3-ab84-42b9a15df08a is already CLOSED
	at org.apache.ratis.util.PeerProxyMap$PeerAndProxy.getProxy(PeerProxyMap.java:61)
	at org.apache.ratis.util.PeerProxyMap.getProxy(PeerProxyMap.java:115)
	at org.apache.ratis.grpc.server.GrpcLogAppender.getClient(GrpcLogAppender.java:112)
	at org.apache.ratis.grpc.server.GrpcLogAppender.resetClient(GrpcLogAppender.java:117)
	at org.apache.ratis.grpc.server.GrpcLogAppender.access$500(GrpcLogAppender.java:56)
	at org.apache.ratis.grpc.server.GrpcLogAppender$AppendLogResponseHandler.onCompleted(GrpcLogAppender.java:429)
	at org.apache.ratis.thirdparty.io.grpc.stub.ClientCalls$StreamObserverToCallListenerAdapter.onClose(ClientCalls.java:485)
	at org.apache.ratis.thirdparty.io.grpc.internal.ClientCallImpl.closeObserver(ClientCallImpl.java:563)
	at org.apache.ratis.thirdparty.io.grpc.internal.ClientCallImpl.access$300(ClientCallImpl.java:70)
	at org.apache.ratis.thirdparty.io.grpc.internal.ClientCallImpl$ClientStreamListenerImpl$1StreamClosed.runInternal(ClientCallImpl.java:744)
	at org.apache.ratis.thirdparty.io.grpc.internal.ClientCallImpl$ClientStreamListenerImpl$1StreamClosed.runInContext(ClientCallImpl.java:723)
	at org.apache.ratis.thirdparty.io.grpc.internal.ContextRunnable.run(ContextRunnable.java:37)
	at org.apache.ratis.thirdparty.io.grpc.internal.SerializingExecutor.run(SerializingExecutor.java:133)
	at java.util.concurrent.ThreadPoolExecutor.runWorker(ThreadPoolExecutor.java:1149)
	at java.util.concurrent.ThreadPoolExecutor$Worker.run(ThreadPoolExecutor.java:624)
	at java.lang.Thread.run(Thread.java:750)
2023-09-19 02:07:15,661 [grpc-default-executor-8] WARN  server.GrpcLogAppender (LogUtils.java:warn(122)) - 33cb0de0-5ab7-4f61-b692-731671fbecae@group-6DEA495A8084->c519ac42-8cdc-4319-9f51-a3f7e63d0809-AppendLogResponseHandler: Failed appendEntries: org.apache.ratis.thirdparty.io.grpc.StatusRuntimeException: CANCELLED: RST_STREAM closed stream. HTTP/2 error code: CANCEL
2023-09-19 02:07:15,662 [grpc-default-executor-8] INFO  leader.FollowerInfo (FollowerInfoImpl.java:lambda$new$0(52)) - 33cb0de0-5ab7-4f61-b692-731671fbecae@group-6DEA495A8084->c519ac42-8cdc-4319-9f51-a3f7e63d0809: decreaseNextIndex nextIndex: updateUnconditionally 26 -> 25
2023-09-19 02:07:15,666 [ForkJoinPool.commonPool-worker-2] INFO  ozoneimpl.OzoneContainer (OzoneContainer.java:stop(451)) - Attempting to stop container services.
2023-09-19 02:07:15,667 [grpc-default-executor-8] INFO  server.GrpcLogAppender (GrpcLogAppender.java:onCompleted(428)) - 1fe901b2-7321-49f3-ab84-42b9a15df08a@group-561C02F2D6E3->33cb0de0-5ab7-4f61-b692-731671fbecae-AppendLogResponseHandler: follower responses appendEntries COMPLETED
2023-09-19 02:07:15,667 [grpc-default-executor-8] WARN  server.GrpcLogAppender (GrpcLogAppender.java:resetClient(137)) - 1fe901b2-7321-49f3-ab84-42b9a15df08a@group-561C02F2D6E3->33cb0de0-5ab7-4f61-b692-731671fbecae-GrpcLogAppender: Failed to getClient for 33cb0de0-5ab7-4f61-b692-731671fbecae
org.apache.ratis.protocol.exceptions.AlreadyClosedException: 1fe901b2-7321-49f3-ab84-42b9a15df08a is already CLOSED
	at org.apache.ratis.util.PeerProxyMap$PeerAndProxy.getProxy(PeerProxyMap.java:61)
	at org.apache.ratis.util.PeerProxyMap.getProxy(PeerProxyMap.java:115)
	at org.apache.ratis.grpc.server.GrpcLogAppender.getClient(GrpcLogAppender.java:112)
	at org.apache.ratis.grpc.server.GrpcLogAppender.resetClient(GrpcLogAppender.java:117)
	at org.apache.ratis.grpc.server.GrpcLogAppender.access$500(GrpcLogAppender.java:56)
	at org.apache.ratis.grpc.server.GrpcLogAppender$AppendLogResponseHandler.onCompleted(GrpcLogAppender.java:429)
	at org.apache.ratis.thirdparty.io.grpc.stub.ClientCalls$StreamObserverToCallListenerAdapter.onClose(ClientCalls.java:485)
	at org.apache.ratis.thirdparty.io.grpc.internal.DelayedClientCall$DelayedListener$3.run(DelayedClientCall.java:471)
	at org.apache.ratis.thirdparty.io.grpc.internal.DelayedClientCall$DelayedListener.delayOrExecute(DelayedClientCall.java:435)
	at org.apache.ratis.thirdparty.io.grpc.internal.DelayedClientCall$DelayedListener.onClose(DelayedClientCall.java:468)
	at org.apache.ratis.thirdparty.io.grpc.internal.ClientCallImpl.closeObserver(ClientCallImpl.java:563)
	at org.apache.ratis.thirdparty.io.grpc.internal.ClientCallImpl.access$300(ClientCallImpl.java:70)
	at org.apache.ratis.thirdparty.io.grpc.internal.ClientCallImpl$ClientStreamListenerImpl$1StreamClosed.runInternal(ClientCallImpl.java:744)
	at org.apache.ratis.thirdparty.io.grpc.internal.ClientCallImpl$ClientStreamListenerImpl$1StreamClosed.runInContext(ClientCallImpl.java:723)
	at org.apache.ratis.thirdparty.io.grpc.internal.ContextRunnable.run(ContextRunnable.java:37)
	at org.apache.ratis.thirdparty.io.grpc.internal.SerializingExecutor.run(SerializingExecutor.java:133)
	at java.util.concurrent.ThreadPoolExecutor.runWorker(ThreadPoolExecutor.java:1149)
	at java.util.concurrent.ThreadPoolExecutor$Worker.run(ThreadPoolExecutor.java:624)
	at java.lang.Thread.run(Thread.java:750)
2023-09-19 02:07:15,668 [ForkJoinPool.commonPool-worker-1] INFO  server.GrpcService (GrpcService.java:closeImpl(320)) - 1fe901b2-7321-49f3-ab84-42b9a15df08a: shutdown server org.apache.ratis.grpc.server.GrpcClientProtocolService successfully
2023-09-19 02:07:15,668 [ForkJoinPool.commonPool-worker-1] INFO  server.GrpcService (GrpcService.java:closeImpl(311)) - 1fe901b2-7321-49f3-ab84-42b9a15df08a: shutdown server GrpcServerProtocolService now
2023-09-19 02:07:15,669 [ForkJoinPool.commonPool-worker-2] INFO  server.RaftServer (RaftServerProxy.java:lambda$close$6(416)) - 33cb0de0-5ab7-4f61-b692-731671fbecae: close
2023-09-19 02:07:15,673 [33cb0de0-5ab7-4f61-b692-731671fbecae-impl-thread2] INFO  server.RaftServer$Division (RaftServerImpl.java:lambda$close$4(466)) - 33cb0de0-5ab7-4f61-b692-731671fbecae@group-C8462E16A55A: shutdown
2023-09-19 02:07:15,673 [33cb0de0-5ab7-4f61-b692-731671fbecae-impl-thread2] INFO  util.JmxRegister (JmxRegister.java:unregister(73)) - Successfully un-registered JMX Bean with object name Ratis:service=RaftServer,group=group-C8462E16A55A,id=33cb0de0-5ab7-4f61-b692-731671fbecae
2023-09-19 02:07:15,673 [33cb0de0-5ab7-4f61-b692-731671fbecae-impl-thread2] INFO  impl.RoleInfo (RoleInfo.java:shutdownLeaderState(93)) - 33cb0de0-5ab7-4f61-b692-731671fbecae: shutdown 33cb0de0-5ab7-4f61-b692-731671fbecae@group-C8462E16A55A-LeaderStateImpl
2023-09-19 02:07:15,673 [33cb0de0-5ab7-4f61-b692-731671fbecae-impl-thread2] INFO  impl.PendingRequests (PendingRequests.java:sendNotLeaderResponses(289)) - 33cb0de0-5ab7-4f61-b692-731671fbecae@group-C8462E16A55A-PendingRequests: sendNotLeaderResponses
2023-09-19 02:07:15,673 [33cb0de0-5ab7-4f61-b692-731671fbecae-impl-thread3] INFO  server.RaftServer$Division (RaftServerImpl.java:lambda$close$4(466)) - 33cb0de0-5ab7-4f61-b692-731671fbecae@group-561C02F2D6E3: shutdown
2023-09-19 02:07:15,673 [33cb0de0-5ab7-4f61-b692-731671fbecae-impl-thread3] INFO  util.JmxRegister (JmxRegister.java:unregister(73)) - Successfully un-registered JMX Bean with object name Ratis:service=RaftServer,group=group-561C02F2D6E3,id=33cb0de0-5ab7-4f61-b692-731671fbecae
2023-09-19 02:07:15,673 [33cb0de0-5ab7-4f61-b692-731671fbecae-impl-thread3] INFO  impl.RoleInfo (RoleInfo.java:shutdownFollowerState(110)) - 33cb0de0-5ab7-4f61-b692-731671fbecae: shutdown 33cb0de0-5ab7-4f61-b692-731671fbecae@group-561C02F2D6E3-FollowerState
2023-09-19 02:07:15,673 [33cb0de0-5ab7-4f61-b692-731671fbecae@group-C8462E16A55A-StateMachineUpdater] INFO  ratis.ContainerStateMachine (ContainerStateMachine.java:takeSnapshot(330)) - group-C8462E16A55A: Taking a snapshot at:(t:1, i:0) file /home/runner/work/ozone/ozone/hadoop-ozone/integration-test/target/test-dir/MiniOzoneClusterImpl-580a45e0-de24-452d-9431-a8422bda96cb/datanode-0/data/ratis/fbd54519-671e-49f7-9878-c8462e16a55a/sm/snapshot.1_0
2023-09-19 02:07:15,674 [33cb0de0-5ab7-4f61-b692-731671fbecae-impl-thread2] INFO  impl.StateMachineUpdater (StateMachineUpdater.java:stopAndJoin(155)) - 33cb0de0-5ab7-4f61-b692-731671fbecae@group-C8462E16A55A-StateMachineUpdater: set stopIndex = 0
2023-09-19 02:07:15,674 [ForkJoinPool.commonPool-worker-2] INFO  server.GrpcService (GrpcService.java:closeImpl(311)) - 33cb0de0-5ab7-4f61-b692-731671fbecae: shutdown server org.apache.ratis.grpc.server.GrpcClientProtocolService now
2023-09-19 02:07:15,674 [33cb0de0-5ab7-4f61-b692-731671fbecae@group-C8462E16A55A-StateMachineUpdater] INFO  ratis.ContainerStateMachine (ContainerStateMachine.java:takeSnapshot(341)) - group-C8462E16A55A: Finished taking a snapshot at:(t:1, i:0) file:/home/runner/work/ozone/ozone/hadoop-ozone/integration-test/target/test-dir/MiniOzoneClusterImpl-580a45e0-de24-452d-9431-a8422bda96cb/datanode-0/data/ratis/fbd54519-671e-49f7-9878-c8462e16a55a/sm/snapshot.1_0 took: 0 ms
2023-09-19 02:07:15,674 [33cb0de0-5ab7-4f61-b692-731671fbecae@group-C8462E16A55A-StateMachineUpdater] INFO  impl.StateMachineUpdater (StateMachineUpdater.java:takeSnapshot(291)) - 33cb0de0-5ab7-4f61-b692-731671fbecae@group-C8462E16A55A-StateMachineUpdater: Took a snapshot at index 0
2023-09-19 02:07:15,674 [33cb0de0-5ab7-4f61-b692-731671fbecae@group-C8462E16A55A-StateMachineUpdater] INFO  impl.StateMachineUpdater (StateMachineUpdater.java:lambda$new$0(97)) - 33cb0de0-5ab7-4f61-b692-731671fbecae@group-C8462E16A55A-StateMachineUpdater: snapshotIndex: updateIncreasingly -1 -> 0
2023-09-19 02:07:15,674 [33cb0de0-5ab7-4f61-b692-731671fbecae-impl-thread2] INFO  server.RaftServer$Division (ServerState.java:close(472)) - 33cb0de0-5ab7-4f61-b692-731671fbecae@group-C8462E16A55A: closes. applyIndex: 0
2023-09-19 02:07:15,674 [33cb0de0-5ab7-4f61-b692-731671fbecae@group-561C02F2D6E3-FollowerState] INFO  impl.FollowerState (FollowerState.java:run(152)) - 33cb0de0-5ab7-4f61-b692-731671fbecae@group-561C02F2D6E3-FollowerState was interrupted
2023-09-19 02:07:15,674 [33cb0de0-5ab7-4f61-b692-731671fbecae-impl-thread3] INFO  impl.StateMachineUpdater (StateMachineUpdater.java:stopAndJoin(155)) - 33cb0de0-5ab7-4f61-b692-731671fbecae@group-561C02F2D6E3-StateMachineUpdater: set stopIndex = 3
2023-09-19 02:07:15,675 [33cb0de0-5ab7-4f61-b692-731671fbecae@group-561C02F2D6E3-StateMachineUpdater] INFO  ratis.ContainerStateMachine (ContainerStateMachine.java:takeSnapshot(330)) - group-561C02F2D6E3: Taking a snapshot at:(t:1, i:3) file /home/runner/work/ozone/ozone/hadoop-ozone/integration-test/target/test-dir/MiniOzoneClusterImpl-580a45e0-de24-452d-9431-a8422bda96cb/datanode-0/data/ratis/a1c1a8f2-c1e3-4da9-a6c3-561c02f2d6e3/sm/snapshot.1_3
2023-09-19 02:07:15,675 [33cb0de0-5ab7-4f61-b692-731671fbecae-impl-thread4] INFO  server.RaftServer$Division (RaftServerImpl.java:lambda$close$4(466)) - 33cb0de0-5ab7-4f61-b692-731671fbecae@group-6DEA495A8084: shutdown
2023-09-19 02:07:15,675 [33cb0de0-5ab7-4f61-b692-731671fbecae-impl-thread4] INFO  util.JmxRegister (JmxRegister.java:unregister(73)) - Successfully un-registered JMX Bean with object name Ratis:service=RaftServer,group=group-6DEA495A8084,id=33cb0de0-5ab7-4f61-b692-731671fbecae
2023-09-19 02:07:15,675 [33cb0de0-5ab7-4f61-b692-731671fbecae-impl-thread4] INFO  impl.RoleInfo (RoleInfo.java:shutdownLeaderState(93)) - 33cb0de0-5ab7-4f61-b692-731671fbecae: shutdown 33cb0de0-5ab7-4f61-b692-731671fbecae@group-6DEA495A8084-LeaderStateImpl
2023-09-19 02:07:15,675 [33cb0de0-5ab7-4f61-b692-731671fbecae@group-6DEA495A8084->c519ac42-8cdc-4319-9f51-a3f7e63d0809-GrpcLogAppender-LogAppenderDaemon] WARN  server.GrpcLogAppender (GrpcLogAppender.java:mayWait(199)) - 33cb0de0-5ab7-4f61-b692-731671fbecae@group-6DEA495A8084->c519ac42-8cdc-4319-9f51-a3f7e63d0809-GrpcLogAppender: Wait interrupted by java.lang.InterruptedException
2023-09-19 02:07:15,681 [33cb0de0-5ab7-4f61-b692-731671fbecae@group-561C02F2D6E3-StateMachineUpdater] INFO  ratis.ContainerStateMachine (ContainerStateMachine.java:takeSnapshot(341)) - group-561C02F2D6E3: Finished taking a snapshot at:(t:1, i:3) file:/home/runner/work/ozone/ozone/hadoop-ozone/integration-test/target/test-dir/MiniOzoneClusterImpl-580a45e0-de24-452d-9431-a8422bda96cb/datanode-0/data/ratis/a1c1a8f2-c1e3-4da9-a6c3-561c02f2d6e3/sm/snapshot.1_3 took: 6 ms
2023-09-19 02:07:15,681 [33cb0de0-5ab7-4f61-b692-731671fbecae@group-561C02F2D6E3-StateMachineUpdater] INFO  impl.StateMachineUpdater (StateMachineUpdater.java:takeSnapshot(291)) - 33cb0de0-5ab7-4f61-b692-731671fbecae@group-561C02F2D6E3-StateMachineUpdater: Took a snapshot at index 3
2023-09-19 02:07:15,681 [main] INFO  server.GrpcService (GrpcService.java:closeImpl(320)) - c519ac42-8cdc-4319-9f51-a3f7e63d0809: shutdown server org.apache.ratis.grpc.server.GrpcAdminProtocolService successfully
2023-09-19 02:07:15,681 [c519ac42-8cdc-4319-9f51-a3f7e63d0809-NettyServerStreamRpc-bossGroup--thread1] INFO  logging.LoggingHandler (AbstractInternalLogger.java:log(148)) - [id: 0xb8edb05f, L:/0:0:0:0:0:0:0:0:15139] CLOSE
2023-09-19 02:07:15,681 [c519ac42-8cdc-4319-9f51-a3f7e63d0809-NettyServerStreamRpc-bossGroup--thread1] INFO  logging.LoggingHandler (AbstractInternalLogger.java:log(148)) - [id: 0xb8edb05f, L:/0:0:0:0:0:0:0:0:15139] INACTIVE
2023-09-19 02:07:15,681 [c519ac42-8cdc-4319-9f51-a3f7e63d0809-NettyServerStreamRpc-bossGroup--thread1] INFO  logging.LoggingHandler (AbstractInternalLogger.java:log(148)) - [id: 0xb8edb05f, L:/0:0:0:0:0:0:0:0:15139] UNREGISTERED
2023-09-19 02:07:15,682 [grpc-default-executor-1] WARN  server.GrpcServerProtocolService (LogUtils.java:warn(122)) - 1fe901b2-7321-49f3-ab84-42b9a15df08a: APPEND_ENTRIES onError, lastRequest: null: org.apache.ratis.thirdparty.io.grpc.StatusRuntimeException: CANCELLED: client cancelled
2023-09-19 02:07:15,682 [ForkJoinPool.commonPool-worker-1] INFO  server.GrpcService (GrpcService.java:closeImpl(320)) - 1fe901b2-7321-49f3-ab84-42b9a15df08a: shutdown server GrpcServerProtocolService successfully
2023-09-19 02:07:15,682 [ForkJoinPool.commonPool-worker-1] INFO  server.GrpcService (GrpcService.java:closeImpl(311)) - 1fe901b2-7321-49f3-ab84-42b9a15df08a: shutdown server org.apache.ratis.grpc.server.GrpcAdminProtocolService now
2023-09-19 02:07:15,682 [grpc-default-executor-0] WARN  server.GrpcLogAppender (LogUtils.java:warn(122)) - 33cb0de0-5ab7-4f61-b692-731671fbecae@group-6DEA495A8084->1fe901b2-7321-49f3-ab84-42b9a15df08a-AppendLogResponseHandler: Failed appendEntries: org.apache.ratis.thirdparty.io.grpc.StatusRuntimeException: CANCELLED: RST_STREAM closed stream. HTTP/2 error code: CANCEL
2023-09-19 02:07:15,682 [grpc-default-executor-0] INFO  leader.FollowerInfo (FollowerInfoImpl.java:lambda$new$0(52)) - 33cb0de0-5ab7-4f61-b692-731671fbecae@group-6DEA495A8084->1fe901b2-7321-49f3-ab84-42b9a15df08a: decreaseNextIndex nextIndex: updateUnconditionally 27 -> 26
2023-09-19 02:07:15,682 [grpc-default-executor-5] WARN  server.GrpcServerProtocolService (LogUtils.java:warn(122)) - 1fe901b2-7321-49f3-ab84-42b9a15df08a: APPEND_ENTRIES onError, lastRequest: 33cb0de0-5ab7-4f61-b692-731671fbecae->1fe901b2-7321-49f3-ab84-42b9a15df08a#37-t1,previous=(t:1, i:25),leaderCommit=24,initializing? true,entries: size=1, first=(t:1, i:26), METADATAENTRY(c:24): org.apache.ratis.thirdparty.io.grpc.StatusRuntimeException: CANCELLED: client cancelled
2023-09-19 02:07:15,683 [grpc-default-executor-0] WARN  server.GrpcLogAppender (LogUtils.java:warn(122)) - 33cb0de0-5ab7-4f61-b692-731671fbecae@group-6DEA495A8084->1fe901b2-7321-49f3-ab84-42b9a15df08a-AppendLogResponseHandler: Failed appendEntries: org.apache.ratis.thirdparty.io.grpc.StatusRuntimeException: CANCELLED: RST_STREAM closed stream. HTTP/2 error code: CANCEL
2023-09-19 02:07:15,683 [grpc-default-executor-0] INFO  leader.FollowerInfo (FollowerInfoImpl.java:lambda$new$0(52)) - 33cb0de0-5ab7-4f61-b692-731671fbecae@group-6DEA495A8084->1fe901b2-7321-49f3-ab84-42b9a15df08a: decreaseNextIndex nextIndex: updateUnconditionally 26 -> 25
2023-09-19 02:07:15,681 [33cb0de0-5ab7-4f61-b692-731671fbecae@group-561C02F2D6E3-StateMachineUpdater] INFO  impl.StateMachineUpdater (StateMachineUpdater.java:lambda$new$0(97)) - 33cb0de0-5ab7-4f61-b692-731671fbecae@group-561C02F2D6E3-StateMachineUpdater: snapshotIndex: updateIncreasingly -1 -> 3
2023-09-19 02:07:15,683 [Thread-1631] INFO  server.GrpcServerProtocolClient (GrpcServerProtocolClient.java:close(103)) - c519ac42-8cdc-4319-9f51-a3f7e63d0809 Close channels
2023-09-19 02:07:15,683 [Thread-1634] INFO  server.GrpcServerProtocolClient (GrpcServerProtocolClient.java:close(103)) - 1fe901b2-7321-49f3-ab84-42b9a15df08a Close channels
2023-09-19 02:07:15,684 [grpc-default-executor-1] WARN  server.GrpcClientProtocolService (LogUtils.java:warn(122)) - 0-OrderedRequestStreamObserver0: onError: org.apache.ratis.thirdparty.io.grpc.StatusRuntimeException: CANCELLED: client cancelled
2023-09-19 02:07:15,685 [grpc-default-executor-0] WARN  server.GrpcClientProtocolService (LogUtils.java:warn(122)) - 1-UnorderedRequestStreamObserver1: onError: org.apache.ratis.thirdparty.io.grpc.StatusRuntimeException: CANCELLED: client cancelled
2023-09-19 02:07:15,692 [33cb0de0-5ab7-4f61-b692-731671fbecae@group-6DEA495A8084->1fe901b2-7321-49f3-ab84-42b9a15df08a-GrpcLogAppender-LogAppenderDaemon] WARN  server.GrpcLogAppender (GrpcLogAppender.java:mayWait(199)) - 33cb0de0-5ab7-4f61-b692-731671fbecae@group-6DEA495A8084->1fe901b2-7321-49f3-ab84-42b9a15df08a-GrpcLogAppender: Wait interrupted by java.lang.InterruptedException
2023-09-19 02:07:15,693 [33cb0de0-5ab7-4f61-b692-731671fbecae-impl-thread3] INFO  server.RaftServer$Division (ServerState.java:close(472)) - 33cb0de0-5ab7-4f61-b692-731671fbecae@group-561C02F2D6E3: closes. applyIndex: 3
2023-09-19 02:07:15,699 [ForkJoinPool.commonPool-worker-2] INFO  server.GrpcService (GrpcService.java:closeImpl(320)) - 33cb0de0-5ab7-4f61-b692-731671fbecae: shutdown server org.apache.ratis.grpc.server.GrpcClientProtocolService successfully
2023-09-19 02:07:15,699 [ForkJoinPool.commonPool-worker-2] INFO  server.GrpcService (GrpcService.java:closeImpl(311)) - 33cb0de0-5ab7-4f61-b692-731671fbecae: shutdown server GrpcServerProtocolService now
2023-09-19 02:07:15,699 [33cb0de0-5ab7-4f61-b692-731671fbecae-impl-thread4] INFO  impl.PendingRequests (PendingRequests.java:sendNotLeaderResponses(289)) - 33cb0de0-5ab7-4f61-b692-731671fbecae@group-6DEA495A8084-PendingRequests: sendNotLeaderResponses
2023-09-19 02:07:15,701 [ForkJoinPool.commonPool-worker-1] INFO  server.GrpcService (GrpcService.java:closeImpl(320)) - 1fe901b2-7321-49f3-ab84-42b9a15df08a: shutdown server org.apache.ratis.grpc.server.GrpcAdminProtocolService successfully
2023-09-19 02:07:15,701 [1fe901b2-7321-49f3-ab84-42b9a15df08a-NettyServerStreamRpc-bossGroup--thread1] INFO  logging.LoggingHandler (AbstractInternalLogger.java:log(148)) - [id: 0x5d1afb36, L:/0:0:0:0:0:0:0:0:15130] CLOSE
2023-09-19 02:07:15,701 [1fe901b2-7321-49f3-ab84-42b9a15df08a-NettyServerStreamRpc-bossGroup--thread1] INFO  logging.LoggingHandler (AbstractInternalLogger.java:log(148)) - [id: 0x5d1afb36, L:/0:0:0:0:0:0:0:0:15130] INACTIVE
2023-09-19 02:07:15,701 [1fe901b2-7321-49f3-ab84-42b9a15df08a-NettyServerStreamRpc-bossGroup--thread1] INFO  logging.LoggingHandler (AbstractInternalLogger.java:log(148)) - [id: 0x5d1afb36, L:/0:0:0:0:0:0:0:0:15130] UNREGISTERED
2023-09-19 02:07:15,705 [ForkJoinPool.commonPool-worker-2] INFO  server.GrpcService (GrpcService.java:closeImpl(320)) - 33cb0de0-5ab7-4f61-b692-731671fbecae: shutdown server GrpcServerProtocolService successfully
2023-09-19 02:07:15,705 [ForkJoinPool.commonPool-worker-2] INFO  server.GrpcService (GrpcService.java:closeImpl(311)) - 33cb0de0-5ab7-4f61-b692-731671fbecae: shutdown server org.apache.ratis.grpc.server.GrpcAdminProtocolService now
2023-09-19 02:07:15,719 [ForkJoinPool.commonPool-worker-2] INFO  server.GrpcService (GrpcService.java:closeImpl(320)) - 33cb0de0-5ab7-4f61-b692-731671fbecae: shutdown server org.apache.ratis.grpc.server.GrpcAdminProtocolService successfully
2023-09-19 02:07:15,727 [33cb0de0-5ab7-4f61-b692-731671fbecae-NettyServerStreamRpc-bossGroup--thread1] INFO  logging.LoggingHandler (AbstractInternalLogger.java:log(148)) - [id: 0x7709391e, L:/0:0:0:0:0:0:0:0:15121] CLOSE
2023-09-19 02:07:15,728 [33cb0de0-5ab7-4f61-b692-731671fbecae-impl-thread4] INFO  impl.StateMachineUpdater (StateMachineUpdater.java:stopAndJoin(155)) - 33cb0de0-5ab7-4f61-b692-731671fbecae@group-6DEA495A8084-StateMachineUpdater: set stopIndex = 26
2023-09-19 02:07:15,728 [33cb0de0-5ab7-4f61-b692-731671fbecae-NettyServerStreamRpc-bossGroup--thread1] INFO  logging.LoggingHandler (AbstractInternalLogger.java:log(148)) - [id: 0x7709391e, L:/0:0:0:0:0:0:0:0:15121] INACTIVE
2023-09-19 02:07:15,728 [33cb0de0-5ab7-4f61-b692-731671fbecae-NettyServerStreamRpc-bossGroup--thread1] INFO  logging.LoggingHandler (AbstractInternalLogger.java:log(148)) - [id: 0x7709391e, L:/0:0:0:0:0:0:0:0:15121] UNREGISTERED
2023-09-19 02:07:15,729 [33cb0de0-5ab7-4f61-b692-731671fbecae@group-6DEA495A8084-StateMachineUpdater] INFO  ratis.ContainerStateMachine (ContainerStateMachine.java:takeSnapshot(330)) - group-6DEA495A8084: Taking a snapshot at:(t:1, i:26) file /home/runner/work/ozone/ozone/hadoop-ozone/integration-test/target/test-dir/MiniOzoneClusterImpl-580a45e0-de24-452d-9431-a8422bda96cb/datanode-0/data/ratis/7d7ff0ba-2b2f-46dc-a98b-6dea495a8084/sm/snapshot.1_26
2023-09-19 02:07:15,730 [33cb0de0-5ab7-4f61-b692-731671fbecae@group-6DEA495A8084-StateMachineUpdater] INFO  ratis.ContainerStateMachine (ContainerStateMachine.java:takeSnapshot(341)) - group-6DEA495A8084: Finished taking a snapshot at:(t:1, i:26) file:/home/runner/work/ozone/ozone/hadoop-ozone/integration-test/target/test-dir/MiniOzoneClusterImpl-580a45e0-de24-452d-9431-a8422bda96cb/datanode-0/data/ratis/7d7ff0ba-2b2f-46dc-a98b-6dea495a8084/sm/snapshot.1_26 took: 1 ms
2023-09-19 02:07:15,730 [33cb0de0-5ab7-4f61-b692-731671fbecae@group-6DEA495A8084-StateMachineUpdater] INFO  impl.StateMachineUpdater (StateMachineUpdater.java:takeSnapshot(291)) - 33cb0de0-5ab7-4f61-b692-731671fbecae@group-6DEA495A8084-StateMachineUpdater: Took a snapshot at index 26
2023-09-19 02:07:15,731 [33cb0de0-5ab7-4f61-b692-731671fbecae@group-6DEA495A8084-StateMachineUpdater] INFO  impl.StateMachineUpdater (StateMachineUpdater.java:lambda$new$0(97)) - 33cb0de0-5ab7-4f61-b692-731671fbecae@group-6DEA495A8084-StateMachineUpdater: snapshotIndex: updateIncreasingly -1 -> 26
2023-09-19 02:07:15,742 [ForkJoinPool.commonPool-worker-3] INFO  ozoneimpl.OzoneContainer (OzoneContainer.java:stop(451)) - Attempting to stop container services.
2023-09-19 02:07:15,743 [ForkJoinPool.commonPool-worker-3] INFO  server.RaftServer (RaftServerProxy.java:lambda$close$6(416)) - b4ea5f9d-de80-46c5-a4c7-ec8a93521806: close
2023-09-19 02:07:15,743 [ForkJoinPool.commonPool-worker-3] INFO  server.GrpcService (GrpcService.java:closeImpl(311)) - b4ea5f9d-de80-46c5-a4c7-ec8a93521806: shutdown server org.apache.ratis.grpc.server.GrpcClientProtocolService now
2023-09-19 02:07:15,744 [b4ea5f9d-de80-46c5-a4c7-ec8a93521806-impl-thread2] INFO  server.RaftServer$Division (RaftServerImpl.java:lambda$close$4(466)) - b4ea5f9d-de80-46c5-a4c7-ec8a93521806@group-94119D575C60: shutdown
2023-09-19 02:07:15,744 [33cb0de0-5ab7-4f61-b692-731671fbecae-impl-thread4] INFO  server.RaftServer$Division (ServerState.java:close(472)) - 33cb0de0-5ab7-4f61-b692-731671fbecae@group-6DEA495A8084: closes. applyIndex: 26
2023-09-19 02:07:15,744 [b4ea5f9d-de80-46c5-a4c7-ec8a93521806-impl-thread2] INFO  util.JmxRegister (JmxRegister.java:unregister(73)) - Successfully un-registered JMX Bean with object name Ratis:service=RaftServer,group=group-94119D575C60,id=b4ea5f9d-de80-46c5-a4c7-ec8a93521806
2023-09-19 02:07:15,744 [b4ea5f9d-de80-46c5-a4c7-ec8a93521806-impl-thread2] INFO  impl.RoleInfo (RoleInfo.java:shutdownLeaderState(93)) - b4ea5f9d-de80-46c5-a4c7-ec8a93521806: shutdown b4ea5f9d-de80-46c5-a4c7-ec8a93521806@group-94119D575C60-LeaderStateImpl
2023-09-19 02:07:15,744 [b4ea5f9d-de80-46c5-a4c7-ec8a93521806-impl-thread2] INFO  impl.PendingRequests (PendingRequests.java:sendNotLeaderResponses(289)) - b4ea5f9d-de80-46c5-a4c7-ec8a93521806@group-94119D575C60-PendingRequests: sendNotLeaderResponses
2023-09-19 02:07:15,744 [b4ea5f9d-de80-46c5-a4c7-ec8a93521806-impl-thread2] INFO  impl.StateMachineUpdater (StateMachineUpdater.java:stopAndJoin(155)) - b4ea5f9d-de80-46c5-a4c7-ec8a93521806@group-94119D575C60-StateMachineUpdater: set stopIndex = 0
2023-09-19 02:07:15,745 [b4ea5f9d-de80-46c5-a4c7-ec8a93521806@group-94119D575C60-StateMachineUpdater] INFO  ratis.ContainerStateMachine (ContainerStateMachine.java:takeSnapshot(330)) - group-94119D575C60: Taking a snapshot at:(t:1, i:0) file /home/runner/work/ozone/ozone/hadoop-ozone/integration-test/target/test-dir/MiniOzoneClusterImpl-580a45e0-de24-452d-9431-a8422bda96cb/datanode-4/data/ratis/89591f45-51f4-40e8-a68a-94119d575c60/sm/snapshot.1_0
2023-09-19 02:07:15,745 [b4ea5f9d-de80-46c5-a4c7-ec8a93521806@group-94119D575C60-StateMachineUpdater] INFO  ratis.ContainerStateMachine (ContainerStateMachine.java:takeSnapshot(341)) - group-94119D575C60: Finished taking a snapshot at:(t:1, i:0) file:/home/runner/work/ozone/ozone/hadoop-ozone/integration-test/target/test-dir/MiniOzoneClusterImpl-580a45e0-de24-452d-9431-a8422bda96cb/datanode-4/data/ratis/89591f45-51f4-40e8-a68a-94119d575c60/sm/snapshot.1_0 took: 1 ms
2023-09-19 02:07:15,746 [b4ea5f9d-de80-46c5-a4c7-ec8a93521806@group-94119D575C60-StateMachineUpdater] INFO  impl.StateMachineUpdater (StateMachineUpdater.java:takeSnapshot(291)) - b4ea5f9d-de80-46c5-a4c7-ec8a93521806@group-94119D575C60-StateMachineUpdater: Took a snapshot at index 0
2023-09-19 02:07:15,746 [b4ea5f9d-de80-46c5-a4c7-ec8a93521806@group-94119D575C60-StateMachineUpdater] INFO  impl.StateMachineUpdater (StateMachineUpdater.java:lambda$new$0(97)) - b4ea5f9d-de80-46c5-a4c7-ec8a93521806@group-94119D575C60-StateMachineUpdater: snapshotIndex: updateIncreasingly -1 -> 0
2023-09-19 02:07:15,746 [b4ea5f9d-de80-46c5-a4c7-ec8a93521806-impl-thread2] INFO  server.RaftServer$Division (ServerState.java:close(472)) - b4ea5f9d-de80-46c5-a4c7-ec8a93521806@group-94119D575C60: closes. applyIndex: 0
2023-09-19 02:07:15,760 [ForkJoinPool.commonPool-worker-3] INFO  server.GrpcService (GrpcService.java:closeImpl(320)) - b4ea5f9d-de80-46c5-a4c7-ec8a93521806: shutdown server org.apache.ratis.grpc.server.GrpcClientProtocolService successfully
2023-09-19 02:07:15,760 [ForkJoinPool.commonPool-worker-3] INFO  server.GrpcService (GrpcService.java:closeImpl(311)) - b4ea5f9d-de80-46c5-a4c7-ec8a93521806: shutdown server GrpcServerProtocolService now
2023-09-19 02:07:15,763 [ForkJoinPool.commonPool-worker-3] INFO  server.GrpcService (GrpcService.java:closeImpl(320)) - b4ea5f9d-de80-46c5-a4c7-ec8a93521806: shutdown server GrpcServerProtocolService successfully
2023-09-19 02:07:15,763 [ForkJoinPool.commonPool-worker-3] INFO  server.GrpcService (GrpcService.java:closeImpl(311)) - b4ea5f9d-de80-46c5-a4c7-ec8a93521806: shutdown server org.apache.ratis.grpc.server.GrpcAdminProtocolService now
2023-09-19 02:07:15,767 [ForkJoinPool.commonPool-worker-0] INFO  ozoneimpl.OzoneContainer (OzoneContainer.java:stop(451)) - Attempting to stop container services.
2023-09-19 02:07:15,768 [ForkJoinPool.commonPool-worker-3] INFO  server.GrpcService (GrpcService.java:closeImpl(320)) - b4ea5f9d-de80-46c5-a4c7-ec8a93521806: shutdown server org.apache.ratis.grpc.server.GrpcAdminProtocolService successfully
2023-09-19 02:07:15,769 [b4ea5f9d-de80-46c5-a4c7-ec8a93521806-NettyServerStreamRpc-bossGroup--thread1] INFO  logging.LoggingHandler (AbstractInternalLogger.java:log(148)) - [id: 0x75971e10, L:/0:0:0:0:0:0:0:0:15157] CLOSE
2023-09-19 02:07:15,769 [b4ea5f9d-de80-46c5-a4c7-ec8a93521806-NettyServerStreamRpc-bossGroup--thread1] INFO  logging.LoggingHandler (AbstractInternalLogger.java:log(148)) - [id: 0x75971e10, L:/0:0:0:0:0:0:0:0:15157] INACTIVE
2023-09-19 02:07:15,769 [b4ea5f9d-de80-46c5-a4c7-ec8a93521806-NettyServerStreamRpc-bossGroup--thread1] INFO  logging.LoggingHandler (AbstractInternalLogger.java:log(148)) - [id: 0x75971e10, L:/0:0:0:0:0:0:0:0:15157] UNREGISTERED
2023-09-19 02:07:15,769 [ForkJoinPool.commonPool-worker-0] INFO  server.RaftServer (RaftServerProxy.java:lambda$close$6(416)) - 64a2289b-3939-49a4-b25c-4bba4de7a3bf: close
2023-09-19 02:07:15,769 [ForkJoinPool.commonPool-worker-0] INFO  server.GrpcService (GrpcService.java:closeImpl(311)) - 64a2289b-3939-49a4-b25c-4bba4de7a3bf: shutdown server org.apache.ratis.grpc.server.GrpcClientProtocolService now
2023-09-19 02:07:15,769 [64a2289b-3939-49a4-b25c-4bba4de7a3bf-impl-thread2] INFO  server.RaftServer$Division (RaftServerImpl.java:lambda$close$4(466)) - 64a2289b-3939-49a4-b25c-4bba4de7a3bf@group-2499B338F866: shutdown
2023-09-19 02:07:15,770 [64a2289b-3939-49a4-b25c-4bba4de7a3bf-impl-thread2] INFO  util.JmxRegister (JmxRegister.java:unregister(73)) - Successfully un-registered JMX Bean with object name Ratis:service=RaftServer,group=group-2499B338F866,id=64a2289b-3939-49a4-b25c-4bba4de7a3bf
2023-09-19 02:07:15,770 [64a2289b-3939-49a4-b25c-4bba4de7a3bf-impl-thread2] INFO  impl.RoleInfo (RoleInfo.java:shutdownLeaderState(93)) - 64a2289b-3939-49a4-b25c-4bba4de7a3bf: shutdown 64a2289b-3939-49a4-b25c-4bba4de7a3bf@group-2499B338F866-LeaderStateImpl
2023-09-19 02:07:15,770 [64a2289b-3939-49a4-b25c-4bba4de7a3bf-impl-thread2] INFO  impl.PendingRequests (PendingRequests.java:sendNotLeaderResponses(289)) - 64a2289b-3939-49a4-b25c-4bba4de7a3bf@group-2499B338F866-PendingRequests: sendNotLeaderResponses
2023-09-19 02:07:15,770 [64a2289b-3939-49a4-b25c-4bba4de7a3bf-impl-thread2] INFO  impl.StateMachineUpdater (StateMachineUpdater.java:stopAndJoin(155)) - 64a2289b-3939-49a4-b25c-4bba4de7a3bf@group-2499B338F866-StateMachineUpdater: set stopIndex = 0
2023-09-19 02:07:15,770 [64a2289b-3939-49a4-b25c-4bba4de7a3bf@group-2499B338F866-StateMachineUpdater] INFO  ratis.ContainerStateMachine (ContainerStateMachine.java:takeSnapshot(330)) - group-2499B338F866: Taking a snapshot at:(t:1, i:0) file /home/runner/work/ozone/ozone/hadoop-ozone/integration-test/target/test-dir/MiniOzoneClusterImpl-580a45e0-de24-452d-9431-a8422bda96cb/datanode-3/data/ratis/26406f93-4799-4fc8-baed-2499b338f866/sm/snapshot.1_0
2023-09-19 02:07:15,771 [ForkJoinPool.commonPool-worker-0] INFO  server.GrpcService (GrpcService.java:closeImpl(320)) - 64a2289b-3939-49a4-b25c-4bba4de7a3bf: shutdown server org.apache.ratis.grpc.server.GrpcClientProtocolService successfully
2023-09-19 02:07:15,771 [ForkJoinPool.commonPool-worker-0] INFO  server.GrpcService (GrpcService.java:closeImpl(311)) - 64a2289b-3939-49a4-b25c-4bba4de7a3bf: shutdown server GrpcServerProtocolService now
2023-09-19 02:07:15,771 [64a2289b-3939-49a4-b25c-4bba4de7a3bf@group-2499B338F866-StateMachineUpdater] INFO  ratis.ContainerStateMachine (ContainerStateMachine.java:takeSnapshot(341)) - group-2499B338F866: Finished taking a snapshot at:(t:1, i:0) file:/home/runner/work/ozone/ozone/hadoop-ozone/integration-test/target/test-dir/MiniOzoneClusterImpl-580a45e0-de24-452d-9431-a8422bda96cb/datanode-3/data/ratis/26406f93-4799-4fc8-baed-2499b338f866/sm/snapshot.1_0 took: 0 ms
2023-09-19 02:07:15,771 [64a2289b-3939-49a4-b25c-4bba4de7a3bf@group-2499B338F866-StateMachineUpdater] INFO  impl.StateMachineUpdater (StateMachineUpdater.java:takeSnapshot(291)) - 64a2289b-3939-49a4-b25c-4bba4de7a3bf@group-2499B338F866-StateMachineUpdater: Took a snapshot at index 0
2023-09-19 02:07:15,771 [64a2289b-3939-49a4-b25c-4bba4de7a3bf@group-2499B338F866-StateMachineUpdater] INFO  impl.StateMachineUpdater (StateMachineUpdater.java:lambda$new$0(97)) - 64a2289b-3939-49a4-b25c-4bba4de7a3bf@group-2499B338F866-StateMachineUpdater: snapshotIndex: updateIncreasingly -1 -> 0
2023-09-19 02:07:15,771 [64a2289b-3939-49a4-b25c-4bba4de7a3bf-impl-thread2] INFO  server.RaftServer$Division (ServerState.java:close(472)) - 64a2289b-3939-49a4-b25c-4bba4de7a3bf@group-2499B338F866: closes. applyIndex: 0
2023-09-19 02:07:15,777 [ForkJoinPool.commonPool-worker-0] INFO  server.GrpcService (GrpcService.java:closeImpl(320)) - 64a2289b-3939-49a4-b25c-4bba4de7a3bf: shutdown server GrpcServerProtocolService successfully
2023-09-19 02:07:15,777 [ForkJoinPool.commonPool-worker-0] INFO  server.GrpcService (GrpcService.java:closeImpl(311)) - 64a2289b-3939-49a4-b25c-4bba4de7a3bf: shutdown server org.apache.ratis.grpc.server.GrpcAdminProtocolService now
2023-09-19 02:07:15,777 [ForkJoinPool.commonPool-worker-0] INFO  server.GrpcService (GrpcService.java:closeImpl(320)) - 64a2289b-3939-49a4-b25c-4bba4de7a3bf: shutdown server org.apache.ratis.grpc.server.GrpcAdminProtocolService successfully
2023-09-19 02:07:15,777 [64a2289b-3939-49a4-b25c-4bba4de7a3bf-NettyServerStreamRpc-bossGroup--thread1] INFO  logging.LoggingHandler (AbstractInternalLogger.java:log(148)) - [id: 0x9e48c0fd, L:/0:0:0:0:0:0:0:0:15148] CLOSE
2023-09-19 02:07:15,778 [64a2289b-3939-49a4-b25c-4bba4de7a3bf-NettyServerStreamRpc-bossGroup--thread1] INFO  logging.LoggingHandler (AbstractInternalLogger.java:log(148)) - [id: 0x9e48c0fd, L:/0:0:0:0:0:0:0:0:15148] INACTIVE
2023-09-19 02:07:15,778 [64a2289b-3939-49a4-b25c-4bba4de7a3bf-NettyServerStreamRpc-bossGroup--thread1] INFO  logging.LoggingHandler (AbstractInternalLogger.java:log(148)) - [id: 0x9e48c0fd, L:/0:0:0:0:0:0:0:0:15148] UNREGISTERED
2023-09-19 02:07:15,815 [BlockDeletingService#0] INFO  interfaces.ContainerDeletionChoosingPolicyTemplate (ContainerDeletionChoosingPolicyTemplate.java:chooseContainerForBlockDeletion(85)) - Chosen 0/5000 blocks from 0 candidate containers.
2023-09-19 02:07:15,838 [1fe901b2-7321-49f3-ab84-42b9a15df08a-impl-thread4] INFO  segmented.SegmentedRaftLogWorker (SegmentedRaftLogWorker.java:close(252)) - 1fe901b2-7321-49f3-ab84-42b9a15df08a@group-6DEA495A8084-SegmentedRaftLogWorker close()
2023-09-19 02:07:15,840 [33cb0de0-5ab7-4f61-b692-731671fbecae-impl-thread4] INFO  segmented.SegmentedRaftLogWorker (SegmentedRaftLogWorker.java:close(252)) - 33cb0de0-5ab7-4f61-b692-731671fbecae@group-6DEA495A8084-SegmentedRaftLogWorker close()
2023-09-19 02:07:15,840 [c519ac42-8cdc-4319-9f51-a3f7e63d0809-impl-thread2] INFO  segmented.SegmentedRaftLogWorker (SegmentedRaftLogWorker.java:close(252)) - c519ac42-8cdc-4319-9f51-a3f7e63d0809@group-537A09F096B4-SegmentedRaftLogWorker close()
2023-09-19 02:07:15,840 [c519ac42-8cdc-4319-9f51-a3f7e63d0809-impl-thread4] INFO  segmented.SegmentedRaftLogWorker (SegmentedRaftLogWorker.java:close(252)) - c519ac42-8cdc-4319-9f51-a3f7e63d0809@group-6DEA495A8084-SegmentedRaftLogWorker close()
2023-09-19 02:07:15,841 [64a2289b-3939-49a4-b25c-4bba4de7a3bf-impl-thread2] INFO  segmented.SegmentedRaftLogWorker (SegmentedRaftLogWorker.java:close(252)) - 64a2289b-3939-49a4-b25c-4bba4de7a3bf@group-2499B338F866-SegmentedRaftLogWorker close()
2023-09-19 02:07:15,843 [JvmPauseMonitor19] INFO  util.JvmPauseMonitor (JvmPauseMonitor.java:run(109)) - JvmPauseMonitor-64a2289b-3939-49a4-b25c-4bba4de7a3bf: Stopped
2023-09-19 02:07:15,879 [33cb0de0-5ab7-4f61-b692-731671fbecae-impl-thread2] INFO  segmented.SegmentedRaftLogWorker (SegmentedRaftLogWorker.java:close(252)) - 33cb0de0-5ab7-4f61-b692-731671fbecae@group-C8462E16A55A-SegmentedRaftLogWorker close()
2023-09-19 02:07:15,990 [b4ea5f9d-de80-46c5-a4c7-ec8a93521806-impl-thread2] INFO  segmented.SegmentedRaftLogWorker (SegmentedRaftLogWorker.java:close(252)) - b4ea5f9d-de80-46c5-a4c7-ec8a93521806@group-94119D575C60-SegmentedRaftLogWorker close()
2023-09-19 02:07:15,992 [JvmPauseMonitor20] INFO  util.JvmPauseMonitor (JvmPauseMonitor.java:run(109)) - JvmPauseMonitor-b4ea5f9d-de80-46c5-a4c7-ec8a93521806: Stopped
2023-09-19 02:07:16,058 [1fe901b2-7321-49f3-ab84-42b9a15df08a-impl-thread3] INFO  segmented.SegmentedRaftLogWorker (SegmentedRaftLogWorker.java:close(252)) - 1fe901b2-7321-49f3-ab84-42b9a15df08a@group-73C006F604A6-SegmentedRaftLogWorker close()
2023-09-19 02:07:16,513 [1fe901b2-7321-49f3-ab84-42b9a15df08a-impl-thread2] INFO  segmented.SegmentedRaftLogWorker (SegmentedRaftLogWorker.java:close(252)) - 1fe901b2-7321-49f3-ab84-42b9a15df08a@group-561C02F2D6E3-SegmentedRaftLogWorker close()
2023-09-19 02:07:16,515 [JvmPauseMonitor17] INFO  util.JvmPauseMonitor (JvmPauseMonitor.java:run(109)) - JvmPauseMonitor-1fe901b2-7321-49f3-ab84-42b9a15df08a: Stopped
2023-09-19 02:07:16,534 [33cb0de0-5ab7-4f61-b692-731671fbecae-impl-thread3] INFO  segmented.SegmentedRaftLogWorker (SegmentedRaftLogWorker.java:close(252)) - 33cb0de0-5ab7-4f61-b692-731671fbecae@group-561C02F2D6E3-SegmentedRaftLogWorker close()
2023-09-19 02:07:16,534 [c519ac42-8cdc-4319-9f51-a3f7e63d0809-impl-thread3] INFO  segmented.SegmentedRaftLogWorker (SegmentedRaftLogWorker.java:close(252)) - c519ac42-8cdc-4319-9f51-a3f7e63d0809@group-561C02F2D6E3-SegmentedRaftLogWorker close()
2023-09-19 02:07:16,536 [JvmPauseMonitor16] INFO  util.JvmPauseMonitor (JvmPauseMonitor.java:run(109)) - JvmPauseMonitor-33cb0de0-5ab7-4f61-b692-731671fbecae: Stopped
2023-09-19 02:07:16,536 [JvmPauseMonitor18] INFO  util.JvmPauseMonitor (JvmPauseMonitor.java:run(109)) - JvmPauseMonitor-c519ac42-8cdc-4319-9f51-a3f7e63d0809: Stopped
2023-09-19 02:07:17,848 [ForkJoinPool.commonPool-worker-0] INFO  utils.DatanodeStoreCache (DatanodeStoreCache.java:shutdownCache(110)) - Skip clearing cache in mini cluster mode. Entries left: [/home/runner/work/ozone/ozone/hadoop-ozone/integration-test/target/test-dir/MiniOzoneClusterImpl-580a45e0-de24-452d-9431-a8422bda96cb/datanode-0/data-0/containers/hdds/580a45e0-de24-452d-9431-a8422bda96cb/DS-0541c6af-9e1a-49a6-bdc5-3136393574b0/container.db, /home/runner/work/ozone/ozone/hadoop-ozone/integration-test/target/test-dir/MiniOzoneClusterImpl-580a45e0-de24-452d-9431-a8422bda96cb/datanode-1/data-0/containers/hdds/580a45e0-de24-452d-9431-a8422bda96cb/DS-912e8264-8810-4213-8842-e68ea4ca1201/container.db, /home/runner/work/ozone/ozone/hadoop-ozone/integration-test/target/test-dir/MiniOzoneClusterImpl-580a45e0-de24-452d-9431-a8422bda96cb/datanode-2/data-0/containers/hdds/580a45e0-de24-452d-9431-a8422bda96cb/DS-ff0d3c9c-a8e2-4060-840d-55683e90d266/container.db, /home/runner/work/ozone/ozone/hadoop-ozone/integration-test/target/test-dir/MiniOzoneClusterImpl-580a45e0-de24-452d-9431-a8422bda96cb/datanode-3/data-0/containers/hdds/580a45e0-de24-452d-9431-a8422bda96cb/DS-e1591666-c6ec-4c2c-9415-4a29b8c9b9a0/container.db, /home/runner/work/ozone/ozone/hadoop-ozone/integration-test/target/test-dir/MiniOzoneClusterImpl-580a45e0-de24-452d-9431-a8422bda96cb/datanode-4/data-0/containers/hdds/580a45e0-de24-452d-9431-a8422bda96cb/DS-be095925-fcf7-471e-8e59-87fc02594a25/container.db]
2023-09-19 02:07:17,853 [ForkJoinPool.commonPool-worker-0] INFO  utils.DatanodeStoreCache (DatanodeStoreCache.java:removeDB(104)) - Removed db /home/runner/work/ozone/ozone/hadoop-ozone/integration-test/target/test-dir/MiniOzoneClusterImpl-580a45e0-de24-452d-9431-a8422bda96cb/datanode-3/data-0/containers/hdds/580a45e0-de24-452d-9431-a8422bda96cb/DS-e1591666-c6ec-4c2c-9415-4a29b8c9b9a0/container.db from cache
2023-09-19 02:07:17,853 [ForkJoinPool.commonPool-worker-0] INFO  volume.HddsVolume (HddsVolume.java:closeDbStore(453)) - SchemaV3 db is stopped at /home/runner/work/ozone/ozone/hadoop-ozone/integration-test/target/test-dir/MiniOzoneClusterImpl-580a45e0-de24-452d-9431-a8422bda96cb/datanode-3/data-0/containers/hdds/580a45e0-de24-452d-9431-a8422bda96cb/DS-e1591666-c6ec-4c2c-9415-4a29b8c9b9a0/container.db for volume DS-e1591666-c6ec-4c2c-9415-4a29b8c9b9a0
2023-09-19 02:07:17,853 [ForkJoinPool.commonPool-worker-0] INFO  utils.BackgroundService (BackgroundService.java:shutdown(141)) - Shutting down service BlockDeletingService
2023-09-19 02:07:17,854 [ForkJoinPool.commonPool-worker-0] INFO  utils.BackgroundService (BackgroundService.java:shutdown(141)) - Shutting down service StaleRecoveringContainerScrubbingService
2023-09-19 02:07:17,857 [ForkJoinPool.commonPool-worker-0] INFO  statemachine.DatanodeStateMachine (DatanodeStateMachine.java:stopDaemon(622)) - Ozone container server stopped.
2023-09-19 02:07:17,867 [ForkJoinPool.commonPool-worker-0] INFO  handler.ContextHandler (ContextHandler.java:doStop(1159)) - Stopped o.e.j.w.WebAppContext@956579b{hddsDatanode,/,null,STOPPED}{jar:file:/home/runner/.m2/repository/org/apache/ozone/hdds-container-service/1.4.0-SNAPSHOT/hdds-container-service-1.4.0-SNAPSHOT.jar!/webapps/hddsDatanode}
2023-09-19 02:07:17,868 [ForkJoinPool.commonPool-worker-0] INFO  server.AbstractConnector (AbstractConnector.java:doStop(383)) - Stopped ServerConnector@62a41f68{HTTP/1.1, (http/1.1)}{0.0.0.0:15142}
2023-09-19 02:07:17,868 [ForkJoinPool.commonPool-worker-0] INFO  server.session (HouseKeeper.java:stopScavenging(149)) - node0 Stopped scavenging
2023-09-19 02:07:17,868 [ForkJoinPool.commonPool-worker-0] INFO  handler.ContextHandler (ContextHandler.java:doStop(1159)) - Stopped o.e.j.s.ServletContextHandler@72ad1402{static,/static,jar:file:/home/runner/.m2/repository/org/apache/ozone/hdds-container-service/1.4.0-SNAPSHOT/hdds-container-service-1.4.0-SNAPSHOT.jar!/webapps/static,STOPPED}
2023-09-19 02:07:17,869 [ForkJoinPool.commonPool-worker-0] INFO  handler.ContextHandler (ContextHandler.java:doStop(1159)) - Stopped o.e.j.s.ServletContextHandler@3a960715{logs,/logs,file:///home/runner/work/ozone/ozone/hadoop-ozone/integration-test/target/log,STOPPED}
2023-09-19 02:07:17,870 [ForkJoinPool.commonPool-worker-0] INFO  ozone.HddsDatanodeClientProtocolServer (HddsDatanodeClientProtocolServer.java:stop(78)) - Stopping the RPC server for Client Protocol
2023-09-19 02:07:17,870 [ForkJoinPool.commonPool-worker-0] INFO  ipc.Server (Server.java:stop(3523)) - Stopping server on 15143
2023-09-19 02:07:17,870 [IPC Server listener on 15143] INFO  ipc.Server (Server.java:run(1434)) - Stopping IPC Server listener on 15143
2023-09-19 02:07:17,871 [IPC Server Responder] INFO  ipc.Server (Server.java:run(1567)) - Stopping IPC Server Responder
2023-09-19 02:07:17,996 [ForkJoinPool.commonPool-worker-3] INFO  utils.DatanodeStoreCache (DatanodeStoreCache.java:shutdownCache(110)) - Skip clearing cache in mini cluster mode. Entries left: [/home/runner/work/ozone/ozone/hadoop-ozone/integration-test/target/test-dir/MiniOzoneClusterImpl-580a45e0-de24-452d-9431-a8422bda96cb/datanode-0/data-0/containers/hdds/580a45e0-de24-452d-9431-a8422bda96cb/DS-0541c6af-9e1a-49a6-bdc5-3136393574b0/container.db, /home/runner/work/ozone/ozone/hadoop-ozone/integration-test/target/test-dir/MiniOzoneClusterImpl-580a45e0-de24-452d-9431-a8422bda96cb/datanode-1/data-0/containers/hdds/580a45e0-de24-452d-9431-a8422bda96cb/DS-912e8264-8810-4213-8842-e68ea4ca1201/container.db, /home/runner/work/ozone/ozone/hadoop-ozone/integration-test/target/test-dir/MiniOzoneClusterImpl-580a45e0-de24-452d-9431-a8422bda96cb/datanode-2/data-0/containers/hdds/580a45e0-de24-452d-9431-a8422bda96cb/DS-ff0d3c9c-a8e2-4060-840d-55683e90d266/container.db, /home/runner/work/ozone/ozone/hadoop-ozone/integration-test/target/test-dir/MiniOzoneClusterImpl-580a45e0-de24-452d-9431-a8422bda96cb/datanode-4/data-0/containers/hdds/580a45e0-de24-452d-9431-a8422bda96cb/DS-be095925-fcf7-471e-8e59-87fc02594a25/container.db]
2023-09-19 02:07:17,999 [ForkJoinPool.commonPool-worker-3] INFO  utils.DatanodeStoreCache (DatanodeStoreCache.java:removeDB(104)) - Removed db /home/runner/work/ozone/ozone/hadoop-ozone/integration-test/target/test-dir/MiniOzoneClusterImpl-580a45e0-de24-452d-9431-a8422bda96cb/datanode-4/data-0/containers/hdds/580a45e0-de24-452d-9431-a8422bda96cb/DS-be095925-fcf7-471e-8e59-87fc02594a25/container.db from cache
2023-09-19 02:07:18,000 [ForkJoinPool.commonPool-worker-3] INFO  volume.HddsVolume (HddsVolume.java:closeDbStore(453)) - SchemaV3 db is stopped at /home/runner/work/ozone/ozone/hadoop-ozone/integration-test/target/test-dir/MiniOzoneClusterImpl-580a45e0-de24-452d-9431-a8422bda96cb/datanode-4/data-0/containers/hdds/580a45e0-de24-452d-9431-a8422bda96cb/DS-be095925-fcf7-471e-8e59-87fc02594a25/container.db for volume DS-be095925-fcf7-471e-8e59-87fc02594a25
2023-09-19 02:07:18,002 [ForkJoinPool.commonPool-worker-3] INFO  utils.BackgroundService (BackgroundService.java:shutdown(141)) - Shutting down service BlockDeletingService
2023-09-19 02:07:18,002 [ForkJoinPool.commonPool-worker-3] INFO  utils.BackgroundService (BackgroundService.java:shutdown(141)) - Shutting down service StaleRecoveringContainerScrubbingService
2023-09-19 02:07:18,002 [ForkJoinPool.commonPool-worker-3] INFO  statemachine.DatanodeStateMachine (DatanodeStateMachine.java:stopDaemon(622)) - Ozone container server stopped.
2023-09-19 02:07:18,013 [ForkJoinPool.commonPool-worker-3] INFO  handler.ContextHandler (ContextHandler.java:doStop(1159)) - Stopped o.e.j.w.WebAppContext@6002379e{hddsDatanode,/,null,STOPPED}{jar:file:/home/runner/.m2/repository/org/apache/ozone/hdds-container-service/1.4.0-SNAPSHOT/hdds-container-service-1.4.0-SNAPSHOT.jar!/webapps/hddsDatanode}
2023-09-19 02:07:18,013 [ForkJoinPool.commonPool-worker-3] INFO  server.AbstractConnector (AbstractConnector.java:doStop(383)) - Stopped ServerConnector@54c784fd{HTTP/1.1, (http/1.1)}{0.0.0.0:15151}
2023-09-19 02:07:18,014 [ForkJoinPool.commonPool-worker-3] INFO  server.session (HouseKeeper.java:stopScavenging(149)) - node0 Stopped scavenging
2023-09-19 02:07:18,015 [ForkJoinPool.commonPool-worker-3] INFO  handler.ContextHandler (ContextHandler.java:doStop(1159)) - Stopped o.e.j.s.ServletContextHandler@156d8f7b{static,/static,jar:file:/home/runner/.m2/repository/org/apache/ozone/hdds-container-service/1.4.0-SNAPSHOT/hdds-container-service-1.4.0-SNAPSHOT.jar!/webapps/static,STOPPED}
2023-09-19 02:07:18,016 [ForkJoinPool.commonPool-worker-3] INFO  handler.ContextHandler (ContextHandler.java:doStop(1159)) - Stopped o.e.j.s.ServletContextHandler@36a0cf2b{logs,/logs,file:///home/runner/work/ozone/ozone/hadoop-ozone/integration-test/target/log,STOPPED}
2023-09-19 02:07:18,017 [ForkJoinPool.commonPool-worker-3] INFO  ozone.HddsDatanodeClientProtocolServer (HddsDatanodeClientProtocolServer.java:stop(78)) - Stopping the RPC server for Client Protocol
2023-09-19 02:07:18,017 [ForkJoinPool.commonPool-worker-3] INFO  ipc.Server (Server.java:stop(3523)) - Stopping server on 15152
2023-09-19 02:07:18,018 [IPC Server listener on 15152] INFO  ipc.Server (Server.java:run(1434)) - Stopping IPC Server listener on 15152
2023-09-19 02:07:18,019 [IPC Server Responder] INFO  ipc.Server (Server.java:run(1567)) - Stopping IPC Server Responder
2023-09-19 02:07:18,517 [ForkJoinPool.commonPool-worker-1] INFO  utils.DatanodeStoreCache (DatanodeStoreCache.java:shutdownCache(110)) - Skip clearing cache in mini cluster mode. Entries left: [/home/runner/work/ozone/ozone/hadoop-ozone/integration-test/target/test-dir/MiniOzoneClusterImpl-580a45e0-de24-452d-9431-a8422bda96cb/datanode-0/data-0/containers/hdds/580a45e0-de24-452d-9431-a8422bda96cb/DS-0541c6af-9e1a-49a6-bdc5-3136393574b0/container.db, /home/runner/work/ozone/ozone/hadoop-ozone/integration-test/target/test-dir/MiniOzoneClusterImpl-580a45e0-de24-452d-9431-a8422bda96cb/datanode-1/data-0/containers/hdds/580a45e0-de24-452d-9431-a8422bda96cb/DS-912e8264-8810-4213-8842-e68ea4ca1201/container.db, /home/runner/work/ozone/ozone/hadoop-ozone/integration-test/target/test-dir/MiniOzoneClusterImpl-580a45e0-de24-452d-9431-a8422bda96cb/datanode-2/data-0/containers/hdds/580a45e0-de24-452d-9431-a8422bda96cb/DS-ff0d3c9c-a8e2-4060-840d-55683e90d266/container.db]
2023-09-19 02:07:18,518 [ForkJoinPool.commonPool-worker-1] INFO  utils.DatanodeStoreCache (DatanodeStoreCache.java:removeDB(104)) - Removed db /home/runner/work/ozone/ozone/hadoop-ozone/integration-test/target/test-dir/MiniOzoneClusterImpl-580a45e0-de24-452d-9431-a8422bda96cb/datanode-1/data-0/containers/hdds/580a45e0-de24-452d-9431-a8422bda96cb/DS-912e8264-8810-4213-8842-e68ea4ca1201/container.db from cache
2023-09-19 02:07:18,519 [ForkJoinPool.commonPool-worker-1] INFO  volume.HddsVolume (HddsVolume.java:closeDbStore(453)) - SchemaV3 db is stopped at /home/runner/work/ozone/ozone/hadoop-ozone/integration-test/target/test-dir/MiniOzoneClusterImpl-580a45e0-de24-452d-9431-a8422bda96cb/datanode-1/data-0/containers/hdds/580a45e0-de24-452d-9431-a8422bda96cb/DS-912e8264-8810-4213-8842-e68ea4ca1201/container.db for volume DS-912e8264-8810-4213-8842-e68ea4ca1201
2023-09-19 02:07:18,519 [ForkJoinPool.commonPool-worker-1] INFO  utils.BackgroundService (BackgroundService.java:shutdown(141)) - Shutting down service BlockDeletingService
2023-09-19 02:07:18,519 [ForkJoinPool.commonPool-worker-1] INFO  utils.BackgroundService (BackgroundService.java:shutdown(141)) - Shutting down service StaleRecoveringContainerScrubbingService
2023-09-19 02:07:18,520 [ForkJoinPool.commonPool-worker-1] INFO  statemachine.DatanodeStateMachine (DatanodeStateMachine.java:stopDaemon(622)) - Ozone container server stopped.
2023-09-19 02:07:18,533 [ForkJoinPool.commonPool-worker-1] INFO  handler.ContextHandler (ContextHandler.java:doStop(1159)) - Stopped o.e.j.w.WebAppContext@4a377a8e{hddsDatanode,/,null,STOPPED}{jar:file:/home/runner/.m2/repository/org/apache/ozone/hdds-container-service/1.4.0-SNAPSHOT/hdds-container-service-1.4.0-SNAPSHOT.jar!/webapps/hddsDatanode}
2023-09-19 02:07:18,533 [ForkJoinPool.commonPool-worker-1] INFO  server.AbstractConnector (AbstractConnector.java:doStop(383)) - Stopped ServerConnector@52a62ecd{HTTP/1.1, (http/1.1)}{0.0.0.0:15124}
2023-09-19 02:07:18,533 [ForkJoinPool.commonPool-worker-1] INFO  server.session (HouseKeeper.java:stopScavenging(149)) - node0 Stopped scavenging
2023-09-19 02:07:18,534 [ForkJoinPool.commonPool-worker-1] INFO  handler.ContextHandler (ContextHandler.java:doStop(1159)) - Stopped o.e.j.s.ServletContextHandler@55fcb8d3{static,/static,jar:file:/home/runner/.m2/repository/org/apache/ozone/hdds-container-service/1.4.0-SNAPSHOT/hdds-container-service-1.4.0-SNAPSHOT.jar!/webapps/static,STOPPED}
2023-09-19 02:07:18,535 [ForkJoinPool.commonPool-worker-1] INFO  handler.ContextHandler (ContextHandler.java:doStop(1159)) - Stopped o.e.j.s.ServletContextHandler@7a970713{logs,/logs,file:///home/runner/work/ozone/ozone/hadoop-ozone/integration-test/target/log,STOPPED}
2023-09-19 02:07:18,535 [ForkJoinPool.commonPool-worker-1] INFO  ozone.HddsDatanodeClientProtocolServer (HddsDatanodeClientProtocolServer.java:stop(78)) - Stopping the RPC server for Client Protocol
2023-09-19 02:07:18,536 [ForkJoinPool.commonPool-worker-1] INFO  ipc.Server (Server.java:stop(3523)) - Stopping server on 15125
2023-09-19 02:07:18,536 [IPC Server listener on 15125] INFO  ipc.Server (Server.java:run(1434)) - Stopping IPC Server listener on 15125
2023-09-19 02:07:18,536 [IPC Server Responder] INFO  ipc.Server (Server.java:run(1567)) - Stopping IPC Server Responder
2023-09-19 02:07:18,538 [ForkJoinPool.commonPool-worker-2] INFO  utils.DatanodeStoreCache (DatanodeStoreCache.java:shutdownCache(110)) - Skip clearing cache in mini cluster mode. Entries left: [/home/runner/work/ozone/ozone/hadoop-ozone/integration-test/target/test-dir/MiniOzoneClusterImpl-580a45e0-de24-452d-9431-a8422bda96cb/datanode-0/data-0/containers/hdds/580a45e0-de24-452d-9431-a8422bda96cb/DS-0541c6af-9e1a-49a6-bdc5-3136393574b0/container.db, /home/runner/work/ozone/ozone/hadoop-ozone/integration-test/target/test-dir/MiniOzoneClusterImpl-580a45e0-de24-452d-9431-a8422bda96cb/datanode-2/data-0/containers/hdds/580a45e0-de24-452d-9431-a8422bda96cb/DS-ff0d3c9c-a8e2-4060-840d-55683e90d266/container.db]
2023-09-19 02:07:18,539 [ForkJoinPool.commonPool-worker-2] INFO  utils.DatanodeStoreCache (DatanodeStoreCache.java:removeDB(104)) - Removed db /home/runner/work/ozone/ozone/hadoop-ozone/integration-test/target/test-dir/MiniOzoneClusterImpl-580a45e0-de24-452d-9431-a8422bda96cb/datanode-0/data-0/containers/hdds/580a45e0-de24-452d-9431-a8422bda96cb/DS-0541c6af-9e1a-49a6-bdc5-3136393574b0/container.db from cache
2023-09-19 02:07:18,540 [ForkJoinPool.commonPool-worker-2] INFO  volume.HddsVolume (HddsVolume.java:closeDbStore(453)) - SchemaV3 db is stopped at /home/runner/work/ozone/ozone/hadoop-ozone/integration-test/target/test-dir/MiniOzoneClusterImpl-580a45e0-de24-452d-9431-a8422bda96cb/datanode-0/data-0/containers/hdds/580a45e0-de24-452d-9431-a8422bda96cb/DS-0541c6af-9e1a-49a6-bdc5-3136393574b0/container.db for volume DS-0541c6af-9e1a-49a6-bdc5-3136393574b0
2023-09-19 02:07:18,540 [ForkJoinPool.commonPool-worker-2] INFO  utils.BackgroundService (BackgroundService.java:shutdown(141)) - Shutting down service BlockDeletingService
2023-09-19 02:07:18,540 [main] INFO  utils.DatanodeStoreCache (DatanodeStoreCache.java:shutdownCache(110)) - Skip clearing cache in mini cluster mode. Entries left: [/home/runner/work/ozone/ozone/hadoop-ozone/integration-test/target/test-dir/MiniOzoneClusterImpl-580a45e0-de24-452d-9431-a8422bda96cb/datanode-2/data-0/containers/hdds/580a45e0-de24-452d-9431-a8422bda96cb/DS-ff0d3c9c-a8e2-4060-840d-55683e90d266/container.db]
2023-09-19 02:07:18,541 [main] INFO  utils.DatanodeStoreCache (DatanodeStoreCache.java:removeDB(104)) - Removed db /home/runner/work/ozone/ozone/hadoop-ozone/integration-test/target/test-dir/MiniOzoneClusterImpl-580a45e0-de24-452d-9431-a8422bda96cb/datanode-2/data-0/containers/hdds/580a45e0-de24-452d-9431-a8422bda96cb/DS-ff0d3c9c-a8e2-4060-840d-55683e90d266/container.db from cache
2023-09-19 02:07:18,541 [main] INFO  volume.HddsVolume (HddsVolume.java:closeDbStore(453)) - SchemaV3 db is stopped at /home/runner/work/ozone/ozone/hadoop-ozone/integration-test/target/test-dir/MiniOzoneClusterImpl-580a45e0-de24-452d-9431-a8422bda96cb/datanode-2/data-0/containers/hdds/580a45e0-de24-452d-9431-a8422bda96cb/DS-ff0d3c9c-a8e2-4060-840d-55683e90d266/container.db for volume DS-ff0d3c9c-a8e2-4060-840d-55683e90d266
2023-09-19 02:07:18,541 [main] INFO  utils.BackgroundService (BackgroundService.java:shutdown(141)) - Shutting down service BlockDeletingService
2023-09-19 02:07:18,542 [ForkJoinPool.commonPool-worker-2] INFO  utils.BackgroundService (BackgroundService.java:shutdown(141)) - Shutting down service StaleRecoveringContainerScrubbingService
2023-09-19 02:07:18,542 [main] INFO  utils.BackgroundService (BackgroundService.java:shutdown(141)) - Shutting down service StaleRecoveringContainerScrubbingService
2023-09-19 02:07:18,543 [main] INFO  statemachine.DatanodeStateMachine (DatanodeStateMachine.java:stopDaemon(622)) - Ozone container server stopped.
2023-09-19 02:07:18,543 [ForkJoinPool.commonPool-worker-2] INFO  statemachine.DatanodeStateMachine (DatanodeStateMachine.java:stopDaemon(622)) - Ozone container server stopped.
2023-09-19 02:07:18,554 [main] INFO  handler.ContextHandler (ContextHandler.java:doStop(1159)) - Stopped o.e.j.w.WebAppContext@366776f7{hddsDatanode,/,null,STOPPED}{jar:file:/home/runner/.m2/repository/org/apache/ozone/hdds-container-service/1.4.0-SNAPSHOT/hdds-container-service-1.4.0-SNAPSHOT.jar!/webapps/hddsDatanode}
2023-09-19 02:07:18,555 [main] INFO  server.AbstractConnector (AbstractConnector.java:doStop(383)) - Stopped ServerConnector@1aa1e49b{HTTP/1.1, (http/1.1)}{0.0.0.0:15133}
2023-09-19 02:07:18,555 [main] INFO  server.session (HouseKeeper.java:stopScavenging(149)) - node0 Stopped scavenging
2023-09-19 02:07:18,555 [main] INFO  handler.ContextHandler (ContextHandler.java:doStop(1159)) - Stopped o.e.j.s.ServletContextHandler@6f11b217{static,/static,jar:file:/home/runner/.m2/repository/org/apache/ozone/hdds-container-service/1.4.0-SNAPSHOT/hdds-container-service-1.4.0-SNAPSHOT.jar!/webapps/static,STOPPED}
2023-09-19 02:07:18,555 [main] INFO  handler.ContextHandler (ContextHandler.java:doStop(1159)) - Stopped o.e.j.s.ServletContextHandler@747e94e4{logs,/logs,file:///home/runner/work/ozone/ozone/hadoop-ozone/integration-test/target/log,STOPPED}
2023-09-19 02:07:18,556 [main] INFO  ozone.HddsDatanodeClientProtocolServer (HddsDatanodeClientProtocolServer.java:stop(78)) - Stopping the RPC server for Client Protocol
2023-09-19 02:07:18,556 [main] INFO  ipc.Server (Server.java:stop(3523)) - Stopping server on 15134
2023-09-19 02:07:18,557 [IPC Server listener on 15134] INFO  ipc.Server (Server.java:run(1434)) - Stopping IPC Server listener on 15134
2023-09-19 02:07:18,558 [IPC Server Responder] INFO  ipc.Server (Server.java:run(1567)) - Stopping IPC Server Responder
2023-09-19 02:07:18,559 [ForkJoinPool.commonPool-worker-2] INFO  handler.ContextHandler (ContextHandler.java:doStop(1159)) - Stopped o.e.j.w.WebAppContext@534a1469{hddsDatanode,/,null,STOPPED}{jar:file:/home/runner/.m2/repository/org/apache/ozone/hdds-container-service/1.4.0-SNAPSHOT/hdds-container-service-1.4.0-SNAPSHOT.jar!/webapps/hddsDatanode}
2023-09-19 02:07:18,560 [ForkJoinPool.commonPool-worker-2] INFO  server.AbstractConnector (AbstractConnector.java:doStop(383)) - Stopped ServerConnector@1a630ad6{HTTP/1.1, (http/1.1)}{0.0.0.0:15115}
2023-09-19 02:07:18,560 [ForkJoinPool.commonPool-worker-2] INFO  server.session (HouseKeeper.java:stopScavenging(149)) - node0 Stopped scavenging
2023-09-19 02:07:18,562 [ForkJoinPool.commonPool-worker-2] INFO  handler.ContextHandler (ContextHandler.java:doStop(1159)) - Stopped o.e.j.s.ServletContextHandler@27de2eda{static,/static,jar:file:/home/runner/.m2/repository/org/apache/ozone/hdds-container-service/1.4.0-SNAPSHOT/hdds-container-service-1.4.0-SNAPSHOT.jar!/webapps/static,STOPPED}
2023-09-19 02:07:18,563 [ForkJoinPool.commonPool-worker-2] INFO  handler.ContextHandler (ContextHandler.java:doStop(1159)) - Stopped o.e.j.s.ServletContextHandler@3e898d36{logs,/logs,file:///home/runner/work/ozone/ozone/hadoop-ozone/integration-test/target/log,STOPPED}
2023-09-19 02:07:18,564 [ForkJoinPool.commonPool-worker-2] INFO  ozone.HddsDatanodeClientProtocolServer (HddsDatanodeClientProtocolServer.java:stop(78)) - Stopping the RPC server for Client Protocol
2023-09-19 02:07:18,564 [ForkJoinPool.commonPool-worker-2] INFO  ipc.Server (Server.java:stop(3523)) - Stopping server on 15116
2023-09-19 02:07:18,565 [IPC Server listener on 15116] INFO  ipc.Server (Server.java:run(1434)) - Stopping IPC Server listener on 15116
2023-09-19 02:07:18,565 [IPC Server Responder] INFO  ipc.Server (Server.java:run(1567)) - Stopping IPC Server Responder
2023-09-19 02:07:18,566 [main] INFO  ozone.MiniOzoneClusterImpl (MiniOzoneClusterImpl.java:stopSCM(543)) - Stopping the StorageContainerManager
2023-09-19 02:07:18,566 [main] INFO  server.StorageContainerManager (StorageContainerManager.java:stop(1591)) - Container Balancer is not running.
2023-09-19 02:07:18,566 [main] INFO  server.StorageContainerManager (StorageContainerManager.java:stopReplicationManager(1724)) - Stopping Replication Manager Service.
2023-09-19 02:07:18,567 [main] INFO  replication.ReplicationManager (ReplicationManager.java:stop(323)) - Stopping Replication Monitor Thread.
2023-09-19 02:07:18,567 [Under Replicated Processor] WARN  replication.UnhealthyReplicationProcessor (UnhealthyReplicationProcessor.java:run(180)) - Under Replicated Processor interrupted. Exiting...
2023-09-19 02:07:18,567 [Over Replicated Processor] WARN  replication.UnhealthyReplicationProcessor (UnhealthyReplicationProcessor.java:run(180)) - Over Replicated Processor interrupted. Exiting...
2023-09-19 02:07:18,567 [main] INFO  server.StorageContainerManager (StorageContainerManager.java:stop(1600)) - Stopping the Datanode Admin Monitor.
2023-09-19 02:07:18,567 [ReplicationMonitor] INFO  replication.ReplicationManager (ReplicationManager.java:run(921)) - Replication Monitor Thread is stopped
2023-09-19 02:07:18,567 [main] INFO  server.StorageContainerManager (StorageContainerManager.java:stop(1607)) - Stopping datanode service RPC server
2023-09-19 02:07:18,567 [main] INFO  server.SCMDatanodeProtocolServer (SCMDatanodeProtocolServer.java:stop(424)) - Stopping the RPC server for DataNodes
2023-09-19 02:07:18,567 [main] INFO  ipc.Server (Server.java:stop(3523)) - Stopping server on 15108
2023-09-19 02:07:18,570 [IPC Server listener on 15108] INFO  ipc.Server (Server.java:run(1434)) - Stopping IPC Server listener on 15108
2023-09-19 02:07:18,571 [IPC Server Responder] INFO  ipc.Server (Server.java:run(1567)) - Stopping IPC Server Responder
2023-09-19 02:07:18,573 [SCM Heartbeat Processing Thread - 0] WARN  node.NodeStateManager (NodeStateManager.java:scheduleNextHealthCheck(874)) - Current Thread is interrupted, shutting down HB processing thread for Node Manager.
2023-09-19 02:07:18,573 [main] INFO  server.StorageContainerManager (StorageContainerManager.java:stop(1615)) - Stopping block service RPC server
2023-09-19 02:07:18,573 [main] INFO  server.SCMBlockProtocolServer (SCMBlockProtocolServer.java:stop(163)) - Stopping the RPC server for Block Protocol
2023-09-19 02:07:18,574 [main] INFO  ipc.Server (Server.java:stop(3523)) - Stopping server on 15107
2023-09-19 02:07:18,574 [IPC Server listener on 15107] INFO  ipc.Server (Server.java:run(1434)) - Stopping IPC Server listener on 15107
2023-09-19 02:07:18,578 [IPC Server Responder] INFO  ipc.Server (Server.java:run(1567)) - Stopping IPC Server Responder
2023-09-19 02:07:18,578 [main] INFO  server.StorageContainerManager (StorageContainerManager.java:stop(1622)) - Stopping the StorageContainerLocationProtocol RPC server
2023-09-19 02:07:18,579 [main] INFO  server.SCMClientProtocolServer (SCMClientProtocolServer.java:stop(210)) - Stopping the RPC server for Client Protocol
2023-09-19 02:07:18,579 [main] INFO  ipc.Server (Server.java:stop(3523)) - Stopping server on 15106
2023-09-19 02:07:18,583 [IPC Server listener on 15106] INFO  ipc.Server (Server.java:run(1434)) - Stopping IPC Server listener on 15106
2023-09-19 02:07:18,583 [IPC Server Responder] INFO  ipc.Server (Server.java:run(1567)) - Stopping IPC Server Responder
2023-09-19 02:07:18,583 [main] INFO  server.StorageContainerManager (StorageContainerManager.java:stop(1629)) - Stopping Storage Container Manager HTTP server.
2023-09-19 02:07:18,584 [main] INFO  handler.ContextHandler (ContextHandler.java:doStop(1159)) - Stopped o.e.j.w.WebAppContext@26a10abd{scm,/,null,STOPPED}{file:/home/runner/work/ozone/ozone/hadoop-ozone/integration-test/target/test-classes/webapps/scm}
2023-09-19 02:07:18,584 [main] INFO  server.AbstractConnector (AbstractConnector.java:doStop(383)) - Stopped ServerConnector@736a8733{HTTP/1.1, (http/1.1)}{0.0.0.0:15109}
2023-09-19 02:07:18,584 [main] INFO  server.session (HouseKeeper.java:stopScavenging(149)) - node0 Stopped scavenging
2023-09-19 02:07:18,585 [main] INFO  handler.ContextHandler (ContextHandler.java:doStop(1159)) - Stopped o.e.j.s.ServletContextHandler@5f9cab77{static,/static,file:///home/runner/work/ozone/ozone/hadoop-ozone/integration-test/target/test-classes/webapps/static,STOPPED}
2023-09-19 02:07:18,585 [main] INFO  handler.ContextHandler (ContextHandler.java:doStop(1159)) - Stopped o.e.j.s.ServletContextHandler@367f3fe5{logs,/logs,file:///home/runner/work/ozone/ozone/hadoop-ozone/integration-test/target/log,STOPPED}
2023-09-19 02:07:18,587 [main] INFO  server.StorageContainerManager (StorageContainerManager.java:stop(1637)) - Stopping SCM LayoutVersionManager Service.
2023-09-19 02:07:18,587 [main] INFO  server.StorageContainerManager (StorageContainerManager.java:stop(1649)) - Stopping Block Manager Service.
2023-09-19 02:07:18,587 [main] INFO  utils.BackgroundService (BackgroundService.java:shutdown(141)) - Shutting down service SCMBlockDeletingService
2023-09-19 02:07:18,588 [main] INFO  utils.BackgroundService (BackgroundService.java:shutdown(141)) - Shutting down service SCMBlockDeletingService
2023-09-19 02:07:18,588 [main] INFO  server.StorageContainerManager (StorageContainerManager.java:stop(1669)) - Stopping SCM Event Queue.
2023-09-19 02:07:18,589 [JvmPauseMonitor14] INFO  util.JvmPauseMonitor (JvmPauseMonitor.java:run(109)) - JvmPauseMonitor-d66e3bd1-d088-463b-bda8-0cf4300067d7: Stopped
2023-09-19 02:07:18,589 [main] INFO  server.StorageContainerManager (StorageContainerManager.java:stop(1680)) - Stopping SCM HA services.
2023-09-19 02:07:18,589 [main] INFO  pipeline.BackgroundPipelineCreator (BackgroundPipelineCreator.java:stop(149)) - Stopping RatisPipelineUtilsThread.
2023-09-19 02:07:18,589 [RatisPipelineUtilsThread - 0] WARN  pipeline.BackgroundPipelineCreator (BackgroundPipelineCreator.java:run(180)) - RatisPipelineUtilsThread is interrupted.
2023-09-19 02:07:18,590 [BackgroundPipelineScrubberThread] WARN  BackgroundPipelineScrubber (BackgroundSCMService.java:run(115)) - BackgroundPipelineScrubber is interrupted, exit
2023-09-19 02:07:18,590 [main] INFO  BackgroundPipelineScrubber (BackgroundSCMService.java:stop(131)) - Stopping BackgroundPipelineScrubber Service.
2023-09-19 02:07:18,590 [main] INFO  impl.MetricsSystemImpl (MetricsSystemImpl.java:stop(210)) - Stopping HddsDatanode metrics system...
2023-09-19 02:07:18,591 [prometheus] INFO  impl.MetricsSinkAdapter (MetricsSinkAdapter.java:publishMetricsFromQueue(141)) - prometheus thread interrupted.
2023-09-19 02:07:18,591 [main] INFO  impl.MetricsSystemImpl (MetricsSystemImpl.java:stop(216)) - HddsDatanode metrics system stopped.
2023-09-19 02:07:18,591 [main] WARN  pipeline.BackgroundPipelineCreator (BackgroundPipelineCreator.java:stop(145)) - RatisPipelineUtilsThread is not running, just ignore.
2023-09-19 02:07:18,591 [main] INFO  BackgroundPipelineScrubber (BackgroundSCMService.java:stop(126)) - BackgroundPipelineScrubber Service is not running, skip stop.
2023-09-19 02:07:18,591 [ExpiredContainerReplicaOpScrubberThread] WARN  ExpiredContainerReplicaOpScrubber (BackgroundSCMService.java:run(115)) - ExpiredContainerReplicaOpScrubber is interrupted, exit
2023-09-19 02:07:18,591 [main] INFO  ExpiredContainerReplicaOpScrubber (BackgroundSCMService.java:stop(131)) - Stopping ExpiredContainerReplicaOpScrubber Service.
2023-09-19 02:07:18,591 [main] INFO  utils.BackgroundService (BackgroundService.java:shutdown(141)) - Shutting down service SCMBlockDeletingService
2023-09-19 02:07:18,591 [main] INFO  replication.ReplicationManager (ReplicationManager.java:stop(333)) - Replication Monitor Thread is not running.
2023-09-19 02:07:18,592 [main] WARN  balancer.ContainerBalancer (ContainerBalancer.java:stop(326)) - Cannot stop Container Balancer because it's not running or stopping
2023-09-19 02:07:18,592 [main] INFO  server.StorageContainerManager (StorageContainerManager.java:stop(1715)) - Stopping SCM MetadataStore.
2023-09-19 02:07:18,643 [main] WARN  server.ServerUtils (ServerUtils.java:getScmDbDir(155)) - ozone.scm.db.dirs is not configured. We recommend adding this setting. Falling back to ozone.metadata.dirs instead.
2023-09-19 02:07:18,647 [main] WARN  server.ServerUtils (ServerUtils.java:getScmDbDir(155)) - ozone.scm.db.dirs is not configured. We recommend adding this setting. Falling back to ozone.metadata.dirs instead.
2023-09-19 02:07:18,647 [main] INFO  ha.SCMHANodeDetails (SCMHANodeDetails.java:loadSCMHAConfig(210)) - ServiceID for StorageContainerManager is null
2023-09-19 02:07:18,647 [main] INFO  ha.SCMHANodeDetails (SCMHANodeDetails.java:loadSCMHAConfig(215)) - ozone.scm.default.service.id is not defined, falling back to ozone.scm.service.ids to find serviceID for StorageContainerManager if it is HA enabled cluster
2023-09-19 02:07:18,647 [main] WARN  utils.HAUtils (HAUtils.java:getMetaDir(339)) - ozone.scm.db.dirs is not configured. We recommend adding this setting. Falling back to ozone.metadata.dirs instead.
2023-09-19 02:07:18,648 [main] WARN  db.DBStoreBuilder (DBStoreBuilder.java:applyDBDefinition(166)) - ozone.scm.db.dirs is not configured. We recommend adding this setting. Falling back to ozone.metadata.dirs instead.
2023-09-19 02:07:18,739 [main] INFO  net.NodeSchemaLoader (NodeSchemaLoader.java:loadSchemaFromFile(129)) - Loading schema from [jar:file:/home/runner/.m2/repository/org/apache/ozone/hdds-common/1.4.0-SNAPSHOT/hdds-common-1.4.0-SNAPSHOT.jar!/network-topology-default.xml]
2023-09-19 02:07:18,739 [main] INFO  net.NodeSchemaLoader (NodeSchemaLoader.java:loadSchema(176)) - Loading network topology layer schema file
2023-09-19 02:07:18,741 [main] INFO  upgrade.AbstractLayoutVersionManager (AbstractLayoutVersionManager.java:init(83)) - Initializing Layout version manager with metadata layout = HADOOP_PRC_PORTS_IN_DATANODEDETAILS (version = 7), software layout = HADOOP_PRC_PORTS_IN_DATANODEDETAILS (version = 7)
2023-09-19 02:07:18,743 [main] INFO  ha.SequenceIdGenerator (SequenceIdGenerator.java:upgradeToSequenceId(365)) - upgrade localId to 111677748019200000
2023-09-19 02:07:18,743 [main] INFO  ha.SequenceIdGenerator (SequenceIdGenerator.java:upgradeToSequenceId(375)) - upgrade delTxnId to 0
2023-09-19 02:07:18,744 [main] INFO  ha.SequenceIdGenerator (SequenceIdGenerator.java:upgradeToSequenceId(392)) - upgrade containerId to 0
2023-09-19 02:07:18,744 [main] INFO  ha.SequenceIdGenerator (SequenceIdGenerator.java:upgradeToSequenceId(428)) - upgrade rootCertificateId to 1
2023-09-19 02:07:18,745 [main] INFO  ha.SequenceIdGenerator (SequenceIdGenerator.java:<init>(236)) - Init the HA SequenceIdGenerator.
2023-09-19 02:07:18,745 [main] WARN  server.ServerUtils (ServerUtils.java:sanitizeUserArgs(80)) - ozone.scm.stale.node.interval value = 300000 is larger than max = 100000 based on the key value of ozone.scm.heartbeat.thread.interval, reset to the max value 100000.
2023-09-19 02:07:18,745 [main] WARN  server.ServerUtils (ServerUtils.java:sanitizeUserArgs(80)) - ozone.scm.stale.node.interval value = 300000 is larger than max = 100000 based on the key value of ozone.scm.heartbeat.thread.interval, reset to the max value 100000.
2023-09-19 02:07:18,745 [main] INFO  node.SCMNodeManager (SCMNodeManager.java:<init>(157)) - Entering startup safe mode.
2023-09-19 02:07:18,746 [main] INFO  algorithms.ContainerPlacementPolicyFactory (ContainerPlacementPolicyFactory.java:getPolicyInternal(86)) - Create container placement policy of type org.apache.hadoop.hdds.scm.container.placement.algorithms.SCMContainerPlacementRackAware
2023-09-19 02:07:18,746 [main] INFO  algorithms.ContainerPlacementPolicyFactory (ContainerPlacementPolicyFactory.java:getPolicyInternal(86)) - Create container placement policy of type org.apache.hadoop.hdds.scm.container.placement.algorithms.SCMContainerPlacementRackScatter
2023-09-19 02:07:18,746 [main] INFO  pipeline.PipelineStateManagerImpl (PipelineStateManagerImpl.java:initialize(78)) - No pipeline exists in current db
2023-09-19 02:07:18,746 [main] INFO  algorithms.LeaderChoosePolicyFactory (LeaderChoosePolicyFactory.java:getPolicy(57)) - Create leader choose policy of type org.apache.hadoop.hdds.scm.pipeline.leader.choose.algorithms.MinLeaderCountChoosePolicy
2023-09-19 02:07:18,746 [main] INFO  algorithms.ContainerPlacementPolicyFactory (ContainerPlacementPolicyFactory.java:getPolicyInternal(86)) - Create container placement policy of type org.apache.hadoop.hdds.scm.container.placement.algorithms.SCMContainerPlacementRackScatter
2023-09-19 02:07:18,746 [main] INFO  ha.SCMServiceManager (SCMServiceManager.java:register(42)) - Registering service BackgroundPipelineCreator.
2023-09-19 02:07:18,746 [main] INFO  pipeline.BackgroundPipelineCreator (BackgroundPipelineCreator.java:start(124)) - Starting RatisPipelineUtilsThread.
2023-09-19 02:07:18,747 [main] INFO  BackgroundPipelineScrubber (BackgroundSCMService.java:start(68)) - Starting BackgroundPipelineScrubber Service.
2023-09-19 02:07:18,747 [main] INFO  ha.SCMServiceManager (SCMServiceManager.java:register(42)) - Registering service BackgroundPipelineScrubber.
2023-09-19 02:07:18,747 [main] INFO  ExpiredContainerReplicaOpScrubber (BackgroundSCMService.java:start(68)) - Starting ExpiredContainerReplicaOpScrubber Service.
2023-09-19 02:07:18,747 [main] INFO  ha.SCMServiceManager (SCMServiceManager.java:register(42)) - Registering service ExpiredContainerReplicaOpScrubber.
2023-09-19 02:07:18,748 [main] INFO  algorithms.PipelineChoosePolicyFactory (PipelineChoosePolicyFactory.java:createPipelineChoosePolicyFromClass(78)) - Create pipeline choose policy of type org.apache.hadoop.hdds.scm.pipeline.choose.algorithms.RandomPipelineChoosePolicy
2023-09-19 02:07:18,748 [main] INFO  algorithms.PipelineChoosePolicyFactory (PipelineChoosePolicyFactory.java:createPipelineChoosePolicyFromClass(78)) - Create pipeline choose policy of type org.apache.hadoop.hdds.scm.pipeline.choose.algorithms.RandomPipelineChoosePolicy
2023-09-19 02:07:18,748 [main] INFO  ha.SCMServiceManager (SCMServiceManager.java:register(42)) - Registering service SCMBlockDeletingService.
2023-09-19 02:07:18,749 [main] INFO  replication.ReplicationManager (ReplicationManager.java:start(291)) - Starting Replication Monitor Thread.
2023-09-19 02:07:18,749 [main] INFO  ha.SCMServiceManager (SCMServiceManager.java:register(42)) - Registering service ReplicationManager.
2023-09-19 02:07:18,749 [main] INFO  safemode.ContainerSafeModeRule (ContainerSafeModeRule.java:<init>(90)) - containers with one replica threshold count 0
2023-09-19 02:07:18,749 [main] INFO  safemode.HealthyPipelineSafeModeRule (HealthyPipelineSafeModeRule.java:initializeRule(169)) - Total pipeline count is 0, healthy pipeline threshold count is 1
2023-09-19 02:07:18,750 [main] INFO  safemode.OneReplicaPipelineSafeModeRule (OneReplicaPipelineSafeModeRule.java:initializeRule(180)) - Total pipeline count is 0, pipeline's with at least one datanode reported threshold count is 0
2023-09-19 02:07:18,750 [main] INFO  server.StorageContainerManager (StorageContainerManager.java:<init>(425)) - SCM start with adminUsers: [runner]
2023-09-19 02:07:18,750 [main] INFO  ipc.CallQueueManager (CallQueueManager.java:<init>(90)) - Using callQueue: class java.util.concurrent.LinkedBlockingQueue, queueCapacity: 2000, scheduler: class org.apache.hadoop.ipc.DefaultRpcScheduler, ipcBackoff: false.
2023-09-19 02:07:18,750 [main] INFO  ipc.Server (Server.java:<init>(1287)) - Listener at 0.0.0.0:15161
2023-09-19 02:07:18,751 [Socket Reader #1 for port 15161] INFO  ipc.Server (Server.java:run(1323)) - Starting Socket Reader #1 for port 15161
2023-09-19 02:07:18,753 [ReplicationMonitor] INFO  replication.ReplicationManager (ReplicationManager.java:processAll(365)) - Replication Manager is not ready to run until 3000ms after safemode exit
2023-09-19 02:07:18,753 [main] INFO  ipc.CallQueueManager (CallQueueManager.java:<init>(90)) - Using callQueue: class java.util.concurrent.LinkedBlockingQueue, queueCapacity: 2000, scheduler: class org.apache.hadoop.ipc.DefaultRpcScheduler, ipcBackoff: false.
2023-09-19 02:07:18,753 [main] INFO  ipc.Server (Server.java:<init>(1287)) - Listener at 0.0.0.0:15160
2023-09-19 02:07:18,754 [main] INFO  ipc.CallQueueManager (CallQueueManager.java:<init>(90)) - Using callQueue: class java.util.concurrent.LinkedBlockingQueue, queueCapacity: 2000, scheduler: class org.apache.hadoop.ipc.DefaultRpcScheduler, ipcBackoff: false.
2023-09-19 02:07:18,754 [main] INFO  ipc.Server (Server.java:<init>(1287)) - Listener at 0.0.0.0:15159
2023-09-19 02:07:18,755 [Socket Reader #1 for port 15160] INFO  ipc.Server (Server.java:run(1323)) - Starting Socket Reader #1 for port 15160
2023-09-19 02:07:18,755 [Socket Reader #1 for port 15159] INFO  ipc.Server (Server.java:run(1323)) - Starting Socket Reader #1 for port 15159
2023-09-19 02:07:18,759 [main] INFO  ha.SCMServiceManager (SCMServiceManager.java:register(42)) - Registering service ContainerBalancer.
2023-09-19 02:07:18,760 [main] INFO  server.StorageContainerManager (StorageContainerManager.java:<init>(438)) - 
Container Balancer status:
Key                            Value
Running                        false
Container Balancer Configuration values:
Key                                                Value
Threshold                                          10
Max Datanodes to Involve per Iteration(percent)    20
Max Size to Move per Iteration                     500GB
Max Size Entering Target per Iteration             26GB
Max Size Leaving Source per Iteration              26GB
Number of Iterations                               10
Time Limit for Single Container's Movement         65min
Time Limit for Single Container's Replication      50min
Interval between each Iteration                    70min
Whether to Enable Network Topology                 false
Whether to Trigger Refresh Datanode Usage Info     false
Container IDs to Exclude from Balancing            None
Datanodes Specified to be Balanced                 None
Datanodes Excluded from Balancing                  None

2023-09-19 02:07:18,760 [main] INFO  ha.SCMContext (SCMContext.java:updateSafeModeStatus(228)) - Update SafeModeStatus from SafeModeStatus{safeModeStatus=true, preCheckPassed=false} to SafeModeStatus{safeModeStatus=true, preCheckPassed=false}.
2023-09-19 02:07:18,760 [main] INFO  server.StorageContainerManager (StorageContainerManager.java:start(1483)) - StorageContainerLocationProtocol RPC server is listening at /0.0.0.0:15159
2023-09-19 02:07:18,761 [main] WARN  impl.MetricsConfig (MetricsConfig.java:loadFirst(136)) - Cannot locate configuration: tried hadoop-metrics2-storagecontainermanager.properties,hadoop-metrics2.properties
2023-09-19 02:07:18,768 [main] INFO  impl.MetricsSystemImpl (MetricsSystemImpl.java:startTimer(378)) - Scheduled Metric snapshot period at 10 second(s).
2023-09-19 02:07:18,768 [main] INFO  impl.MetricsSystemImpl (MetricsSystemImpl.java:start(191)) - StorageContainerManager metrics system started
2023-09-19 02:07:18,771 [main] INFO  impl.MetricsSinkAdapter (MetricsSinkAdapter.java:start(204)) - Sink prometheus started
2023-09-19 02:07:18,771 [main] INFO  impl.MetricsSystemImpl (MetricsSystemImpl.java:registerSink(305)) - Registered sink prometheus
2023-09-19 02:07:18,788 [main] INFO  server.SCMClientProtocolServer (SCMClientProtocolServer.java:start(201)) - RPC server for Client  is listening at /0.0.0.0:15159
2023-09-19 02:07:18,788 [IPC Server Responder] INFO  ipc.Server (Server.java:run(1562)) - IPC Server Responder: starting
2023-09-19 02:07:18,790 [IPC Server listener on 15159] INFO  ipc.Server (Server.java:run(1402)) - IPC Server listener on 15159: starting
2023-09-19 02:07:18,794 [main] INFO  server.StorageContainerManager (StorageContainerManager.java:start(1496)) - ScmBlockLocationProtocol RPC server is listening at /0.0.0.0:15160
2023-09-19 02:07:18,794 [main] INFO  server.SCMBlockProtocolServer (SCMBlockProtocolServer.java:start(154)) - RPC server for Block Protocol is listening at /0.0.0.0:15160
2023-09-19 02:07:18,794 [IPC Server Responder] INFO  ipc.Server (Server.java:run(1562)) - IPC Server Responder: starting
2023-09-19 02:07:18,794 [IPC Server listener on 15160] INFO  ipc.Server (Server.java:run(1402)) - IPC Server listener on 15160: starting
2023-09-19 02:07:18,797 [main] INFO  server.SCMDatanodeProtocolServer (SCMDatanodeProtocolServer.java:start(193)) - ScmDatanodeProtocol RPC server for DataNodes is listening at /0.0.0.0:15161
2023-09-19 02:07:18,797 [IPC Server Responder] INFO  ipc.Server (Server.java:run(1562)) - IPC Server Responder: starting
2023-09-19 02:07:18,797 [IPC Server listener on 15161] INFO  ipc.Server (Server.java:run(1402)) - IPC Server listener on 15161: starting
2023-09-19 02:07:18,806 [main] INFO  http.BaseHttpServer (BaseHttpServer.java:newHttpServer2BuilderForOzone(223)) - Starting Web-server for scm at: http://0.0.0.0:15162
2023-09-19 02:07:18,806 [main] INFO  http.BaseHttpServer (BaseHttpServer.java:<init>(110)) - Hadoop Security Enabled: false Ozone Security Enabled: false Ozone HTTP Security Enabled: false 
2023-09-19 02:07:18,807 [main] WARN  server.AuthenticationFilter (AuthenticationFilter.java:constructSecretProvider(240)) - Unable to initialize FileSignerSecretProvider, falling back to use random secrets. Reason: Could not read signature secret file: /home/runner/hadoop-http-auth-signature-secret
2023-09-19 02:07:18,807 [JvmPauseMonitor21] INFO  util.JvmPauseMonitor (JvmPauseMonitor.java:run(103)) - JvmPauseMonitor-9a01d4d9-68ee-460d-92b3-862a925886e5: Started
2023-09-19 02:07:18,808 [main] INFO  http.HttpRequestLog (HttpRequestLog.java:getRequestLog(86)) - Http request log for http.requests.scm is not defined
2023-09-19 02:07:18,809 [main] INFO  http.HttpServer2 (HttpServer2.java:addGlobalFilter(1031)) - Added global filter 'safety' (class=org.apache.hadoop.hdds.server.http.HttpServer2$QuotingInputFilter)
2023-09-19 02:07:18,809 [main] INFO  http.HttpServer2 (HttpServer2.java:addFilter(1007)) - Added filter static_user_filter (class=org.apache.hadoop.http.lib.StaticUserWebFilter$StaticUserFilter) to context scm
2023-09-19 02:07:18,809 [main] INFO  http.HttpServer2 (HttpServer2.java:addFilter(1015)) - Added filter static_user_filter (class=org.apache.hadoop.http.lib.StaticUserWebFilter$StaticUserFilter) to context logs
2023-09-19 02:07:18,809 [main] INFO  http.HttpServer2 (HttpServer2.java:addFilter(1015)) - Added filter static_user_filter (class=org.apache.hadoop.http.lib.StaticUserWebFilter$StaticUserFilter) to context static
2023-09-19 02:07:18,810 [main] INFO  http.BaseHttpServer (BaseHttpServer.java:<init>(189)) - HTTP server of scm uses base directory /home/runner/work/ozone/ozone/hadoop-ozone/integration-test/target/test-dir/MiniOzoneClusterImpl-42a12def-4a0d-4036-8984-dc8d5bb9e99a/ozone-meta/webserver
2023-09-19 02:07:18,810 [main] INFO  http.HttpServer2 (HttpServer2.java:bindListener(1231)) - Jetty bound to port 15162
2023-09-19 02:07:18,810 [main] INFO  server.Server (Server.java:doStart(375)) - jetty-9.4.52.v20230823; built: 2023-08-23T19:29:37.669Z; git: abdcda73818a1a2c705da276edb0bf6581e7997e; jvm 1.8.0_382-b05
2023-09-19 02:07:18,812 [main] INFO  server.session (DefaultSessionIdManager.java:doStart(334)) - DefaultSessionIdManager workerName=node0
2023-09-19 02:07:18,812 [main] INFO  server.session (DefaultSessionIdManager.java:doStart(339)) - No SessionScavenger set, using defaults
2023-09-19 02:07:18,812 [main] INFO  server.session (HouseKeeper.java:startScavenging(132)) - node0 Scavenging every 660000ms
2023-09-19 02:07:18,813 [main] INFO  handler.ContextHandler (ContextHandler.java:doStart(921)) - Started o.e.j.s.ServletContextHandler@7accdc1d{logs,/logs,file:///home/runner/work/ozone/ozone/hadoop-ozone/integration-test/target/log,AVAILABLE}
2023-09-19 02:07:18,813 [main] INFO  handler.ContextHandler (ContextHandler.java:doStart(921)) - Started o.e.j.s.ServletContextHandler@4624481c{static,/static,file:///home/runner/work/ozone/ozone/hadoop-ozone/integration-test/target/test-classes/webapps/static,AVAILABLE}
2023-09-19 02:07:18,816 [main] INFO  handler.ContextHandler (ContextHandler.java:doStart(921)) - Started o.e.j.w.WebAppContext@72e2192d{scm,/,file:///home/runner/work/ozone/ozone/hadoop-ozone/integration-test/target/test-classes/webapps/scm/,AVAILABLE}{file:/home/runner/work/ozone/ozone/hadoop-ozone/integration-test/target/test-classes/webapps/scm}
2023-09-19 02:07:18,817 [main] INFO  server.AbstractConnector (AbstractConnector.java:doStart(333)) - Started ServerConnector@dfaff72{HTTP/1.1, (http/1.1)}{0.0.0.0:15162}
2023-09-19 02:07:18,817 [main] INFO  server.Server (Server.java:doStart(415)) - Started @219524ms
2023-09-19 02:07:18,817 [main] WARN  impl.MetricsSystemImpl (MetricsSystemImpl.java:register(279)) - Sink prometheus already exists!
2023-09-19 02:07:18,818 [main] INFO  http.BaseHttpServer (BaseHttpServer.java:updateConnectorAddress(354)) - HTTP server of scm listening at http://0.0.0.0:15162
2023-09-19 02:07:18,818 [main] WARN  server.ServerUtils (ServerUtils.java:getDBPath(311)) - ozone.om.db.dirs is not configured. We recommend adding this setting. Falling back to ozone.metadata.dirs instead.
2023-09-19 02:07:18,820 [main] INFO  ha.OMHANodeDetails (OMHANodeDetails.java:loadOMHAConfig(115)) - ozone.om.internal.service.id is not defined, falling back to ozone.om.service.ids to find serviceID for OzoneManager if it is HA enabled cluster
2023-09-19 02:07:18,820 [main] INFO  ha.OMHANodeDetails (OMHANodeDetails.java:loadOMHAConfig(226)) - Configuration does not have ozone.om.address set. Falling back to the default OM address /127.0.0.1:15163
2023-09-19 02:07:18,820 [main] INFO  ha.OMHANodeDetails (OMHANodeDetails.java:getOMNodeDetailsForNonHA(254)) - OM Service ID is not set. Setting it to the default ID: omServiceIdDefault
2023-09-19 02:07:18,820 [main] INFO  ha.OMHANodeDetails (OMHANodeDetails.java:getOMNodeDetailsForNonHA(261)) - OM Node ID is not set. Setting it to the default ID: om1
2023-09-19 02:07:18,820 [main] WARN  server.ServerUtils (ServerUtils.java:getDBPath(311)) - ozone.om.db.dirs is not configured. We recommend adding this setting. Falling back to ozone.metadata.dirs instead.
2023-09-19 02:07:18,821 [main] INFO  upgrade.AbstractLayoutVersionManager (AbstractLayoutVersionManager.java:init(83)) - Initializing Layout version manager with metadata layout = QUOTA (version = 6), software layout = QUOTA (version = 6)
2023-09-19 02:07:18,913 [main] INFO  reflections.Reflections (Reflections.java:scan(232)) - Reflections took 91 ms to scan 2 urls, producing 187 keys and 515 values [using 2 cores]
2023-09-19 02:07:18,913 [main] INFO  upgrade.OMLayoutVersionManager (OMLayoutVersionManager.java:lambda$0(115)) - Skipping Upgrade Action MockOmUpgradeAction since it has been finalized.
2023-09-19 02:07:18,914 [main] INFO  upgrade.OMLayoutVersionManager (OMLayoutVersionManager.java:lambda$0(115)) - Skipping Upgrade Action QuotaRepairUpgradeAction since it has been finalized.
2023-09-19 02:07:18,914 [main] WARN  server.ServerUtils (ServerUtils.java:getDBPath(311)) - ozone.om.db.dirs is not configured. We recommend adding this setting. Falling back to ozone.metadata.dirs instead.
2023-09-19 02:07:18,914 [main] INFO  proxy.SCMBlockLocationFailoverProxyProvider (SCMBlockLocationFailoverProxyProvider.java:<init>(114)) - Created block location fail-over proxy with 1 nodes: [nodeId=scmNodeId,nodeAddress=/0.0.0.0:15160]
2023-09-19 02:07:18,918 [main] INFO  proxy.SCMBlockLocationFailoverProxyProvider (SCMBlockLocationFailoverProxyProvider.java:<init>(114)) - Created block location fail-over proxy with 1 nodes: [nodeId=scmNodeId,nodeAddress=/0.0.0.0:15160]
2023-09-19 02:07:18,924 [main] INFO  om.OzoneManager (OzoneManager.java:<init>(665)) - OM start with adminUsers: [runner]
2023-09-19 02:07:18,925 [main] WARN  server.ServerUtils (ServerUtils.java:getDBPath(311)) - ozone.om.db.dirs is not configured. We recommend adding this setting. Falling back to ozone.metadata.dirs instead.
2023-09-19 02:07:18,925 [main] INFO  helpers.OmKeyInfo (OmKeyInfo.java:getCodec(71)) - OmKeyInfo.getCodec ignorePipeline = true
2023-09-19 02:07:19,113 [main] INFO  om.OzoneManager (OzoneManager.java:instantiateServices(794)) - S3 Multi-Tenancy is disabled
2023-09-19 02:07:19,114 [main] INFO  om.OmSnapshotManager (OmSnapshotManager.java:<init>(174)) - Ozone filesystem snapshot feature is enabled.
2023-09-19 02:07:19,114 [main] WARN  server.ServerUtils (ServerUtils.java:getDBPath(311)) - ozone.om.snapshot.diff.db.dir is not configured. We recommend adding this setting. Falling back to ozone.metadata.dirs instead.
2023-09-19 02:07:19,139 [main] INFO  snapshot.SnapshotDiffManager (SnapshotDiffManager.java:closeExecutorService(1718)) - Shutting down executorService: 'SstDumpToolExecutor'
2023-09-19 02:07:19,140 [main] INFO  om.OzoneManager (OzoneManager.java:addS3GVolumeToDB(4305)) - Created Volume s3v With Owner runner required for S3Gateway operations.
2023-09-19 02:07:19,140 [main] INFO  om.OzoneManager (OzoneManager.java:getRpcServer(1196)) - Creating RPC Server
2023-09-19 02:07:19,603 [main] INFO  reflections.Reflections (Reflections.java:scan(232)) - Reflections took 460 ms to scan 20 urls, producing 70 keys and 6004 values [using 2 cores]
2023-09-19 02:07:19,605 [main] INFO  ipc.CallQueueManager (CallQueueManager.java:<init>(90)) - Using callQueue: class java.util.concurrent.LinkedBlockingQueue, queueCapacity: 2000, scheduler: class org.apache.hadoop.ipc.DefaultRpcScheduler, ipcBackoff: false.
2023-09-19 02:07:19,605 [main] INFO  ipc.Server (Server.java:<init>(1287)) - Listener at 127.0.0.1:15163
2023-09-19 02:07:19,606 [Socket Reader #1 for port 15163] INFO  ipc.Server (Server.java:run(1323)) - Starting Socket Reader #1 for port 15163
2023-09-19 02:07:19,624 [main] INFO  impl.MetricsSystemImpl (MetricsSystemImpl.java:init(158)) - OzoneManager metrics system started (again)
2023-09-19 02:07:19,639 [main] INFO  om.OzoneManager (OzoneManager.java:start(1633)) - OzoneManager RPC server is listening at localhost/127.0.0.1:15163
2023-09-19 02:07:19,640 [main] INFO  om.OzoneManager (OzoneManager.java:start(1649)) - Version File has different layout version (6) than OM DB (null). That is expected if this OM has never been finalized to a newer layout version.
2023-09-19 02:07:19,643 [main] INFO  http.BaseHttpServer (BaseHttpServer.java:newHttpServer2BuilderForOzone(223)) - Starting Web-server for ozoneManager at: http://0.0.0.0:15164
2023-09-19 02:07:19,643 [main] INFO  http.BaseHttpServer (BaseHttpServer.java:<init>(110)) - Hadoop Security Enabled: false Ozone Security Enabled: false Ozone HTTP Security Enabled: false 
2023-09-19 02:07:19,644 [main] WARN  server.AuthenticationFilter (AuthenticationFilter.java:constructSecretProvider(240)) - Unable to initialize FileSignerSecretProvider, falling back to use random secrets. Reason: Could not read signature secret file: /home/runner/hadoop-http-auth-signature-secret
2023-09-19 02:07:19,644 [main] INFO  http.HttpRequestLog (HttpRequestLog.java:getRequestLog(86)) - Http request log for http.requests.ozoneManager is not defined
2023-09-19 02:07:19,645 [main] INFO  http.HttpServer2 (HttpServer2.java:addGlobalFilter(1031)) - Added global filter 'safety' (class=org.apache.hadoop.hdds.server.http.HttpServer2$QuotingInputFilter)
2023-09-19 02:07:19,646 [main] INFO  http.HttpServer2 (HttpServer2.java:addFilter(1007)) - Added filter static_user_filter (class=org.apache.hadoop.http.lib.StaticUserWebFilter$StaticUserFilter) to context ozoneManager
2023-09-19 02:07:19,646 [main] INFO  http.HttpServer2 (HttpServer2.java:addFilter(1015)) - Added filter static_user_filter (class=org.apache.hadoop.http.lib.StaticUserWebFilter$StaticUserFilter) to context logs
2023-09-19 02:07:19,646 [main] INFO  http.HttpServer2 (HttpServer2.java:addFilter(1015)) - Added filter static_user_filter (class=org.apache.hadoop.http.lib.StaticUserWebFilter$StaticUserFilter) to context static
2023-09-19 02:07:19,647 [main] INFO  http.BaseHttpServer (BaseHttpServer.java:<init>(189)) - HTTP server of ozoneManager uses base directory /home/runner/work/ozone/ozone/hadoop-ozone/integration-test/target/test-dir/MiniOzoneClusterImpl-42a12def-4a0d-4036-8984-dc8d5bb9e99a/ozone-meta/webserver
2023-09-19 02:07:19,647 [main] INFO  http.HttpServer2 (HttpServer2.java:bindListener(1231)) - Jetty bound to port 15164
2023-09-19 02:07:19,647 [main] INFO  server.Server (Server.java:doStart(375)) - jetty-9.4.52.v20230823; built: 2023-08-23T19:29:37.669Z; git: abdcda73818a1a2c705da276edb0bf6581e7997e; jvm 1.8.0_382-b05
2023-09-19 02:07:19,648 [main] INFO  server.session (DefaultSessionIdManager.java:doStart(334)) - DefaultSessionIdManager workerName=node0
2023-09-19 02:07:19,648 [main] INFO  server.session (DefaultSessionIdManager.java:doStart(339)) - No SessionScavenger set, using defaults
2023-09-19 02:07:19,648 [main] INFO  server.session (HouseKeeper.java:startScavenging(132)) - node0 Scavenging every 660000ms
2023-09-19 02:07:19,649 [main] INFO  handler.ContextHandler (ContextHandler.java:doStart(921)) - Started o.e.j.s.ServletContextHandler@1767129e{logs,/logs,file:///home/runner/work/ozone/ozone/hadoop-ozone/integration-test/target/log,AVAILABLE}
2023-09-19 02:07:19,649 [main] INFO  handler.ContextHandler (ContextHandler.java:doStart(921)) - Started o.e.j.s.ServletContextHandler@f5e34c3{static,/static,file:///home/runner/work/ozone/ozone/hadoop-ozone/integration-test/target/test-classes/webapps/static,AVAILABLE}
2023-09-19 02:07:19,651 [main] INFO  handler.ContextHandler (ContextHandler.java:doStart(921)) - Started o.e.j.w.WebAppContext@171301f{ozoneManager,/,file:///home/runner/work/ozone/ozone/hadoop-ozone/integration-test/target/test-classes/webapps/ozoneManager/,AVAILABLE}{file:/home/runner/work/ozone/ozone/hadoop-ozone/integration-test/target/test-classes/webapps/ozoneManager}
2023-09-19 02:07:19,652 [main] INFO  server.AbstractConnector (AbstractConnector.java:doStart(333)) - Started ServerConnector@6df3efab{HTTP/1.1, (http/1.1)}{0.0.0.0:15164}
2023-09-19 02:07:19,653 [main] INFO  server.Server (Server.java:doStart(415)) - Started @220360ms
2023-09-19 02:07:19,653 [main] WARN  impl.MetricsSystemImpl (MetricsSystemImpl.java:register(279)) - Sink prometheus already exists!
2023-09-19 02:07:19,653 [main] INFO  http.BaseHttpServer (BaseHttpServer.java:updateConnectorAddress(354)) - HTTP server of ozoneManager listening at http://0.0.0.0:15164
2023-09-19 02:07:19,653 [IPC Server Responder] INFO  ipc.Server (Server.java:run(1562)) - IPC Server Responder: starting
2023-09-19 02:07:19,654 [IPC Server listener on 15163] INFO  ipc.Server (Server.java:run(1402)) - IPC Server listener on 15163: starting
2023-09-19 02:07:19,656 [main] INFO  om.TrashPolicyOzone (TrashPolicyOzone.java:<init>(281)) - Ozone Manager trash configuration: Deletion interval = 0 minutes, Emptier interval = 0 minutes.
2023-09-19 02:07:19,662 [JvmPauseMonitor22] INFO  util.JvmPauseMonitor (JvmPauseMonitor.java:run(103)) - JvmPauseMonitor-127eb655-8dd8-4068-bfab-4b7ada599deb: Started
2023-09-19 02:07:19,681 [main] INFO  impl.MetricsSystemImpl (MetricsSystemImpl.java:init(158)) - HddsDatanode metrics system started (again)
2023-09-19 02:07:19,696 [main] INFO  ozone.HddsDatanodeService (HddsDatanodeService.java:start(237)) - HddsDatanodeService host:fv-az1031-92 ip:10.1.0.29
2023-09-19 02:07:19,719 [main] INFO  upgrade.AbstractLayoutVersionManager (AbstractLayoutVersionManager.java:init(83)) - Initializing Layout version manager with metadata layout = HADOOP_PRC_PORTS_IN_DATANODEDETAILS (version = 7), software layout = HADOOP_PRC_PORTS_IN_DATANODEDETAILS (version = 7)
2023-09-19 02:07:19,720 [main] INFO  statemachine.DatanodeStateMachine (DatanodeStateMachine.java:getEndPointTaskThreadPoolSize(284)) - Datanode State Machine Task Thread Pool size 2
2023-09-19 02:07:19,721 [main] INFO  volume.HddsVolume (HddsVolume.java:<init>(126)) - Creating HddsVolume: /home/runner/work/ozone/ozone/hadoop-ozone/integration-test/target/test-dir/MiniOzoneClusterImpl-42a12def-4a0d-4036-8984-dc8d5bb9e99a/datanode-0/data-0/containers/hdds of storage type : DISK capacity : 9223372036854775807
2023-09-19 02:07:19,721 [main] INFO  volume.MutableVolumeSet (MutableVolumeSet.java:initializeVolumeSet(173)) - Added Volume : /home/runner/work/ozone/ozone/hadoop-ozone/integration-test/target/test-dir/MiniOzoneClusterImpl-42a12def-4a0d-4036-8984-dc8d5bb9e99a/datanode-0/data-0/containers/hdds to VolumeSet
2023-09-19 02:07:19,722 [main] INFO  volume.MutableVolumeSet (MutableVolumeSet.java:initializeVolumeSet(173)) - Added Volume : /home/runner/work/ozone/ozone/hadoop-ozone/integration-test/target/test-dir/MiniOzoneClusterImpl-42a12def-4a0d-4036-8984-dc8d5bb9e99a/datanode-0/data/ratis to VolumeSet
2023-09-19 02:07:19,722 [Thread-1883] INFO  ozoneimpl.ContainerReader (ContainerReader.java:readVolume(177)) - Finish verifying containers on volume /home/runner/work/ozone/ozone/hadoop-ozone/integration-test/target/test-dir/MiniOzoneClusterImpl-42a12def-4a0d-4036-8984-dc8d5bb9e99a/datanode-0/data-0/containers/hdds
2023-09-19 02:07:19,722 [main] INFO  ozoneimpl.OzoneContainer (OzoneContainer.java:buildContainerSet(314)) - Build ContainerSet costs 0s
2023-09-19 02:07:19,724 [main] INFO  server.RaftServer (ConfUtils.java:logGet(46)) - raft.rpc.type = GRPC (default)
2023-09-19 02:07:19,725 [main] INFO  grpc.GrpcConfigKeys (ConfUtils.java:logFallback(53)) - raft.grpc.admin.host = null (fallback to raft.grpc.server.host)
2023-09-19 02:07:19,725 [main] INFO  grpc.GrpcConfigKeys (ConfUtils.java:logGet(46)) - raft.grpc.admin.port = 15172 (custom)
2023-09-19 02:07:19,725 [main] INFO  grpc.GrpcConfigKeys (ConfUtils.java:logFallback(53)) - raft.grpc.client.host = null (fallback to raft.grpc.server.host)
2023-09-19 02:07:19,725 [main] INFO  grpc.GrpcConfigKeys (ConfUtils.java:logGet(46)) - raft.grpc.client.port = 15171 (custom)
2023-09-19 02:07:19,725 [main] INFO  grpc.GrpcConfigKeys (ConfUtils.java:logGet(46)) - raft.grpc.server.host = null (default)
2023-09-19 02:07:19,725 [main] INFO  grpc.GrpcConfigKeys (ConfUtils.java:logGet(46)) - raft.grpc.server.port = 15173 (custom)
2023-09-19 02:07:19,725 [main] INFO  server.GrpcService (ConfUtils.java:logGet(46)) - raft.grpc.message.size.max = 32MB (=33554432) (custom)
2023-09-19 02:07:19,725 [main] INFO  server.RaftServerConfigKeys (ConfUtils.java:logGet(46)) - raft.server.log.appender.buffer.byte-limit = 33554432 (custom)
2023-09-19 02:07:19,725 [main] INFO  server.GrpcService (ConfUtils.java:logGet(46)) - raft.grpc.flow.control.window = 5MB (=5242880) (custom)
2023-09-19 02:07:19,726 [main] INFO  server.RaftServerConfigKeys (ConfUtils.java:logGet(46)) - raft.server.rpc.request.timeout = 60s (custom)
2023-09-19 02:07:19,726 [main] INFO  grpc.GrpcConfigKeys (ConfUtils.java:logGet(46)) - raft.grpc.server.heartbeat.channel = true (default)
2023-09-19 02:07:19,726 [main] INFO  grpc.GrpcConfigKeys (ConfUtils.java:logGet(46)) - raft.grpc.server.async.request.thread.pool.cached = true (default)
2023-09-19 02:07:19,726 [main] INFO  grpc.GrpcConfigKeys (ConfUtils.java:logGet(46)) - raft.grpc.server.async.request.thread.pool.size = 32 (default)
2023-09-19 02:07:19,728 [main] INFO  impl.DataStreamServerImpl (ConfUtils.java:logGet(46)) - raft.datastream.type = NETTY (custom)
2023-09-19 02:07:19,729 [main] INFO  server.RaftServerConfigKeys (ConfUtils.java:logGet(46)) - raft.server.data-stream.async.request.thread.pool.cached = false (default)
2023-09-19 02:07:19,729 [main] INFO  server.RaftServerConfigKeys (ConfUtils.java:logGet(46)) - raft.server.data-stream.async.request.thread.pool.size = 20 (custom)
2023-09-19 02:07:19,729 [main] INFO  server.RaftServerConfigKeys (ConfUtils.java:logGet(46)) - raft.server.data-stream.async.write.thread.pool.size = 16 (default)
2023-09-19 02:07:19,729 [main] INFO  server.RaftServerConfigKeys (ConfUtils.java:logGet(46)) - raft.server.data-stream.client.pool.size = 10 (default)
2023-09-19 02:07:19,730 [main] INFO  netty.NettyConfigKeys$DataStream (ConfUtils.java:logGet(46)) - raft.netty.dataStream.server.use-epoll = false (default)
2023-09-19 02:07:19,730 [main] INFO  netty.NettyConfigKeys$DataStream (ConfUtils.java:logGet(46)) - raft.netty.dataStream.server.boss-group.size = 0 (default)
2023-09-19 02:07:19,730 [main] INFO  netty.NettyConfigKeys$DataStream (ConfUtils.java:logGet(46)) - raft.netty.dataStream.server.worker-group.size = 0 (default)
2023-09-19 02:07:19,731 [main] INFO  netty.NettyConfigKeys$DataStream (ConfUtils.java:logGet(46)) - raft.netty.dataStream.server.tls.conf = null (default)
2023-09-19 02:07:19,731 [main] INFO  netty.NettyConfigKeys$DataStream (ConfUtils.java:logGet(46)) - raft.netty.dataStream.host = null (default)
2023-09-19 02:07:19,731 [main] INFO  netty.NettyConfigKeys$DataStream (ConfUtils.java:logGet(46)) - raft.netty.dataStream.port = 15174 (custom)
2023-09-19 02:07:19,732 [main] INFO  server.RaftServerConfigKeys (ConfUtils.java:logGet(46)) - raft.server.threadpool.proxy.cached = true (default)
2023-09-19 02:07:19,732 [main] INFO  server.RaftServerConfigKeys (ConfUtils.java:logGet(46)) - raft.server.threadpool.proxy.size = 0 (default)
2023-09-19 02:07:19,732 [2a4ddaa6-1a2b-4173-87e0-55a87acfd4f7-NettyServerStreamRpc-bossGroup--thread1] INFO  logging.LoggingHandler (AbstractInternalLogger.java:log(148)) - [id: 0x0ba9f3dd] REGISTERED
2023-09-19 02:07:19,732 [main] INFO  server.RaftServerConfigKeys (ConfUtils.java:logGet(46)) - raft.server.rpc.slowness.timeout = 300s (custom)
2023-09-19 02:07:19,732 [2a4ddaa6-1a2b-4173-87e0-55a87acfd4f7-NettyServerStreamRpc-bossGroup--thread1] INFO  logging.LoggingHandler (AbstractInternalLogger.java:log(148)) - [id: 0x0ba9f3dd] BIND: 0.0.0.0/0.0.0.0:15174
2023-09-19 02:07:19,732 [main] INFO  server.RaftServerConfigKeys (ConfUtils.java:logGet(46)) - raft.server.leaderelection.leader.step-down.wait-time = 10s (default)
2023-09-19 02:07:19,733 [2a4ddaa6-1a2b-4173-87e0-55a87acfd4f7-NettyServerStreamRpc-bossGroup--thread1] INFO  logging.LoggingHandler (AbstractInternalLogger.java:log(148)) - [id: 0x0ba9f3dd, L:/0:0:0:0:0:0:0:0:15174] ACTIVE
2023-09-19 02:07:19,733 [main] INFO  server.RaftServerConfigKeys (ConfUtils.java:logGet(46)) - raft.server.storage.dir = [/home/runner/work/ozone/ozone/hadoop-ozone/integration-test/target/test-dir/MiniOzoneClusterImpl-42a12def-4a0d-4036-8984-dc8d5bb9e99a/datanode-0/data/ratis] (custom)
2023-09-19 02:07:19,733 [2a4ddaa6-1a2b-4173-87e0-55a87acfd4f7-impl-thread1] INFO  server.RaftServer (RaftServerProxy.java:initGroupDir(258)) - 2a4ddaa6-1a2b-4173-87e0-55a87acfd4f7: found a subdirectory /home/runner/work/ozone/ozone/hadoop-ozone/integration-test/target/test-dir/MiniOzoneClusterImpl-42a12def-4a0d-4036-8984-dc8d5bb9e99a/datanode-0/data/ratis/tmp
2023-09-19 02:07:19,733 [2a4ddaa6-1a2b-4173-87e0-55a87acfd4f7-impl-thread1] INFO  server.RaftServer (RaftServerProxy.java:initGroupDir(263)) - 2a4ddaa6-1a2b-4173-87e0-55a87acfd4f7: The directory /home/runner/work/ozone/ozone/hadoop-ozone/integration-test/target/test-dir/MiniOzoneClusterImpl-42a12def-4a0d-4036-8984-dc8d5bb9e99a/datanode-0/data/ratis/tmp is not a group directory; ignoring it. 
2023-09-19 02:07:19,734 [main] INFO  replication.ReplicationServer (ReplicationServer.java:<init>(83)) - Initializing replication server with thread count = 10 queue length = 4096
2023-09-19 02:07:19,735 [main] INFO  server.XceiverServerGrpc (XceiverServerGrpc.java:<init>(132)) - GrpcServer channel type EpollServerSocketChannel
2023-09-19 02:07:19,737 [main] INFO  replication.ReplicationSupervisor (ReplicationSupervisor.java:build(155)) - Initializing replication supervisor with thread count = 10
2023-09-19 02:07:19,737 [main] INFO  replication.ReplicationSupervisor (ReplicationSupervisor.java:nodeStateUpdated(307)) - Node state updated to IN_SERVICE, scaling executor pool size to 10
2023-09-19 02:07:19,741 [main] INFO  http.BaseHttpServer (BaseHttpServer.java:newHttpServer2BuilderForOzone(223)) - Starting Web-server for hddsDatanode at: http://0.0.0.0:15168
2023-09-19 02:07:19,741 [main] INFO  http.BaseHttpServer (BaseHttpServer.java:<init>(110)) - Hadoop Security Enabled: false Ozone Security Enabled: false Ozone HTTP Security Enabled: false 
2023-09-19 02:07:19,743 [main] WARN  server.AuthenticationFilter (AuthenticationFilter.java:constructSecretProvider(240)) - Unable to initialize FileSignerSecretProvider, falling back to use random secrets. Reason: Could not read signature secret file: /home/runner/hadoop-http-auth-signature-secret
2023-09-19 02:07:19,744 [main] INFO  http.HttpRequestLog (HttpRequestLog.java:getRequestLog(86)) - Http request log for http.requests.hddsDatanode is not defined
2023-09-19 02:07:19,747 [main] INFO  http.HttpServer2 (HttpServer2.java:addGlobalFilter(1031)) - Added global filter 'safety' (class=org.apache.hadoop.hdds.server.http.HttpServer2$QuotingInputFilter)
2023-09-19 02:07:19,747 [main] INFO  http.HttpServer2 (HttpServer2.java:addFilter(1007)) - Added filter static_user_filter (class=org.apache.hadoop.http.lib.StaticUserWebFilter$StaticUserFilter) to context hddsDatanode
2023-09-19 02:07:19,747 [main] INFO  http.HttpServer2 (HttpServer2.java:addFilter(1015)) - Added filter static_user_filter (class=org.apache.hadoop.http.lib.StaticUserWebFilter$StaticUserFilter) to context static
2023-09-19 02:07:19,747 [main] INFO  http.HttpServer2 (HttpServer2.java:addFilter(1015)) - Added filter static_user_filter (class=org.apache.hadoop.http.lib.StaticUserWebFilter$StaticUserFilter) to context logs
2023-09-19 02:07:19,748 [main] INFO  http.BaseHttpServer (BaseHttpServer.java:<init>(189)) - HTTP server of hddsDatanode uses base directory /home/runner/work/ozone/ozone/hadoop-ozone/integration-test/target/test-dir/MiniOzoneClusterImpl-42a12def-4a0d-4036-8984-dc8d5bb9e99a/datanode-0/meta/webserver
2023-09-19 02:07:19,748 [main] INFO  http.HttpServer2 (HttpServer2.java:bindListener(1231)) - Jetty bound to port 15168
2023-09-19 02:07:19,748 [main] INFO  server.Server (Server.java:doStart(375)) - jetty-9.4.52.v20230823; built: 2023-08-23T19:29:37.669Z; git: abdcda73818a1a2c705da276edb0bf6581e7997e; jvm 1.8.0_382-b05
2023-09-19 02:07:19,749 [main] INFO  server.session (DefaultSessionIdManager.java:doStart(334)) - DefaultSessionIdManager workerName=node0
2023-09-19 02:07:19,749 [main] INFO  server.session (DefaultSessionIdManager.java:doStart(339)) - No SessionScavenger set, using defaults
2023-09-19 02:07:19,749 [main] INFO  server.session (HouseKeeper.java:startScavenging(132)) - node0 Scavenging every 600000ms
2023-09-19 02:07:19,750 [main] INFO  handler.ContextHandler (ContextHandler.java:doStart(921)) - Started o.e.j.s.ServletContextHandler@4639ca2a{logs,/logs,file:///home/runner/work/ozone/ozone/hadoop-ozone/integration-test/target/log,AVAILABLE}
2023-09-19 02:07:19,751 [main] INFO  handler.ContextHandler (ContextHandler.java:doStart(921)) - Started o.e.j.s.ServletContextHandler@207a6bc8{static,/static,jar:file:/home/runner/.m2/repository/org/apache/ozone/hdds-container-service/1.4.0-SNAPSHOT/hdds-container-service-1.4.0-SNAPSHOT.jar!/webapps/static,AVAILABLE}
2023-09-19 02:07:19,943 [main] INFO  handler.ContextHandler (ContextHandler.java:doStart(921)) - Started o.e.j.w.WebAppContext@12a25d41{hddsDatanode,/,file:///home/runner/work/ozone/ozone/hadoop-ozone/integration-test/target/test-dir/MiniOzoneClusterImpl-42a12def-4a0d-4036-8984-dc8d5bb9e99a/datanode-0/meta/webserver/jetty-0_0_0_0-15168-hdds-container-service-1_4_0-SNAPSHOT_jar-_-any-6129615002925174802/webapp/,AVAILABLE}{jar:file:/home/runner/.m2/repository/org/apache/ozone/hdds-container-service/1.4.0-SNAPSHOT/hdds-container-service-1.4.0-SNAPSHOT.jar!/webapps/hddsDatanode}
2023-09-19 02:07:19,945 [main] INFO  server.AbstractConnector (AbstractConnector.java:doStart(333)) - Started ServerConnector@1b395079{HTTP/1.1, (http/1.1)}{0.0.0.0:15168}
2023-09-19 02:07:19,945 [main] INFO  server.Server (Server.java:doStart(415)) - Started @220652ms
2023-09-19 02:07:19,945 [main] WARN  impl.MetricsSystemImpl (MetricsSystemImpl.java:register(279)) - Sink prometheus already exists!
2023-09-19 02:07:19,945 [main] INFO  http.BaseHttpServer (BaseHttpServer.java:updateConnectorAddress(354)) - HTTP server of hddsDatanode listening at http://0.0.0.0:15168
2023-09-19 02:07:19,946 [main] INFO  ipc.CallQueueManager (CallQueueManager.java:<init>(90)) - Using callQueue: class java.util.concurrent.LinkedBlockingQueue, queueCapacity: 100, scheduler: class org.apache.hadoop.ipc.DefaultRpcScheduler, ipcBackoff: false.
2023-09-19 02:07:19,946 [main] INFO  ipc.Server (Server.java:<init>(1287)) - Listener at 0.0.0.0:15169
2023-09-19 02:07:19,946 [Socket Reader #1 for port 15169] INFO  ipc.Server (Server.java:run(1323)) - Starting Socket Reader #1 for port 15169
2023-09-19 02:07:19,952 [main] INFO  ozone.HddsDatanodeService (HddsDatanodeService.java:start(315)) - Datanode start with admins: [runner]
2023-09-19 02:07:19,952 [main] INFO  ozone.HddsDatanodeClientProtocolServer (HddsDatanodeClientProtocolServer.java:start(72)) - RPC server for Client /0.0.0.0:15169
2023-09-19 02:07:19,953 [IPC Server listener on 15169] INFO  ipc.Server (Server.java:run(1402)) - IPC Server listener on 15169: starting
2023-09-19 02:07:19,953 [IPC Server Responder] INFO  ipc.Server (Server.java:run(1562)) - IPC Server Responder: starting
2023-09-19 02:07:19,953 [main] WARN  impl.MetricRegistriesImpl (MetricRegistriesImpl.java:addReporterRegistration(111)) - New reporters are added after registries were created. Some metrics will be missing from the reporter. Please add reporter before adding any new registry.
2023-09-19 02:07:19,958 [main] WARN  impl.MetricRegistriesImpl (MetricRegistriesImpl.java:addReporterRegistration(111)) - New reporters are added after registries were created. Some metrics will be missing from the reporter. Please add reporter before adding any new registry.
2023-09-19 02:07:19,953 [Datanode State Machine Daemon Thread] INFO  statemachine.DatanodeStateMachine (DatanodeStateMachine.java:lambda$startDaemon$0(540)) - Ozone container server started.
2023-09-19 02:07:19,958 [main] INFO  impl.MetricsSystemImpl (MetricsSystemImpl.java:init(158)) - HddsDatanode metrics system started (again)
2023-09-19 02:07:19,971 [Datanode State Machine Task Thread - 0] INFO  datanode.InitDatanodeState (InitDatanodeState.java:persistContainerDatanodeDetails(138)) - DatanodeDetails is persisted to /home/runner/work/ozone/ozone/hadoop-ozone/integration-test/target/test-dir/MiniOzoneClusterImpl-42a12def-4a0d-4036-8984-dc8d5bb9e99a/datanode-0/meta/datanode.id
2023-09-19 02:07:19,975 [main] INFO  ozone.HddsDatanodeService (HddsDatanodeService.java:start(237)) - HddsDatanodeService host:fv-az1031-92 ip:10.1.0.29
2023-09-19 02:07:19,993 [main] INFO  upgrade.AbstractLayoutVersionManager (AbstractLayoutVersionManager.java:init(83)) - Initializing Layout version manager with metadata layout = HADOOP_PRC_PORTS_IN_DATANODEDETAILS (version = 7), software layout = HADOOP_PRC_PORTS_IN_DATANODEDETAILS (version = 7)
2023-09-19 02:07:19,994 [main] INFO  statemachine.DatanodeStateMachine (DatanodeStateMachine.java:getEndPointTaskThreadPoolSize(284)) - Datanode State Machine Task Thread Pool size 2
2023-09-19 02:07:19,997 [main] INFO  volume.HddsVolume (HddsVolume.java:<init>(126)) - Creating HddsVolume: /home/runner/work/ozone/ozone/hadoop-ozone/integration-test/target/test-dir/MiniOzoneClusterImpl-42a12def-4a0d-4036-8984-dc8d5bb9e99a/datanode-1/data-0/containers/hdds of storage type : DISK capacity : 9223372036854775807
2023-09-19 02:07:19,998 [main] INFO  volume.MutableVolumeSet (MutableVolumeSet.java:initializeVolumeSet(173)) - Added Volume : /home/runner/work/ozone/ozone/hadoop-ozone/integration-test/target/test-dir/MiniOzoneClusterImpl-42a12def-4a0d-4036-8984-dc8d5bb9e99a/datanode-1/data-0/containers/hdds to VolumeSet
2023-09-19 02:07:19,998 [main] INFO  volume.MutableVolumeSet (MutableVolumeSet.java:initializeVolumeSet(173)) - Added Volume : /home/runner/work/ozone/ozone/hadoop-ozone/integration-test/target/test-dir/MiniOzoneClusterImpl-42a12def-4a0d-4036-8984-dc8d5bb9e99a/datanode-1/data/ratis to VolumeSet
2023-09-19 02:07:19,999 [Thread-1900] INFO  ozoneimpl.ContainerReader (ContainerReader.java:readVolume(177)) - Finish verifying containers on volume /home/runner/work/ozone/ozone/hadoop-ozone/integration-test/target/test-dir/MiniOzoneClusterImpl-42a12def-4a0d-4036-8984-dc8d5bb9e99a/datanode-1/data-0/containers/hdds
2023-09-19 02:07:19,999 [main] INFO  ozoneimpl.OzoneContainer (OzoneContainer.java:buildContainerSet(314)) - Build ContainerSet costs 0s
2023-09-19 02:07:20,000 [main] INFO  server.RaftServer (ConfUtils.java:logGet(46)) - raft.rpc.type = GRPC (default)
2023-09-19 02:07:20,001 [main] INFO  grpc.GrpcConfigKeys (ConfUtils.java:logFallback(53)) - raft.grpc.admin.host = null (fallback to raft.grpc.server.host)
2023-09-19 02:07:20,001 [main] INFO  grpc.GrpcConfigKeys (ConfUtils.java:logGet(46)) - raft.grpc.admin.port = 15181 (custom)
2023-09-19 02:07:20,001 [main] INFO  grpc.GrpcConfigKeys (ConfUtils.java:logFallback(53)) - raft.grpc.client.host = null (fallback to raft.grpc.server.host)
2023-09-19 02:07:20,001 [main] INFO  grpc.GrpcConfigKeys (ConfUtils.java:logGet(46)) - raft.grpc.client.port = 15180 (custom)
2023-09-19 02:07:20,001 [main] INFO  grpc.GrpcConfigKeys (ConfUtils.java:logGet(46)) - raft.grpc.server.host = null (default)
2023-09-19 02:07:20,001 [main] INFO  grpc.GrpcConfigKeys (ConfUtils.java:logGet(46)) - raft.grpc.server.port = 15182 (custom)
2023-09-19 02:07:20,001 [main] INFO  server.GrpcService (ConfUtils.java:logGet(46)) - raft.grpc.message.size.max = 32MB (=33554432) (custom)
2023-09-19 02:07:20,001 [main] INFO  server.RaftServerConfigKeys (ConfUtils.java:logGet(46)) - raft.server.log.appender.buffer.byte-limit = 33554432 (custom)
2023-09-19 02:07:20,001 [main] INFO  server.GrpcService (ConfUtils.java:logGet(46)) - raft.grpc.flow.control.window = 5MB (=5242880) (custom)
2023-09-19 02:07:20,001 [main] INFO  server.RaftServerConfigKeys (ConfUtils.java:logGet(46)) - raft.server.rpc.request.timeout = 60s (custom)
2023-09-19 02:07:20,002 [main] INFO  grpc.GrpcConfigKeys (ConfUtils.java:logGet(46)) - raft.grpc.server.heartbeat.channel = true (default)
2023-09-19 02:07:20,002 [main] INFO  grpc.GrpcConfigKeys (ConfUtils.java:logGet(46)) - raft.grpc.server.async.request.thread.pool.cached = true (default)
2023-09-19 02:07:20,002 [main] INFO  grpc.GrpcConfigKeys (ConfUtils.java:logGet(46)) - raft.grpc.server.async.request.thread.pool.size = 32 (default)
2023-09-19 02:07:20,004 [main] INFO  impl.DataStreamServerImpl (ConfUtils.java:logGet(46)) - raft.datastream.type = NETTY (custom)
2023-09-19 02:07:20,005 [main] INFO  server.RaftServerConfigKeys (ConfUtils.java:logGet(46)) - raft.server.data-stream.async.request.thread.pool.cached = false (default)
2023-09-19 02:07:20,005 [main] INFO  server.RaftServerConfigKeys (ConfUtils.java:logGet(46)) - raft.server.data-stream.async.request.thread.pool.size = 20 (custom)
2023-09-19 02:07:20,005 [main] INFO  server.RaftServerConfigKeys (ConfUtils.java:logGet(46)) - raft.server.data-stream.async.write.thread.pool.size = 16 (default)
2023-09-19 02:07:20,005 [main] INFO  server.RaftServerConfigKeys (ConfUtils.java:logGet(46)) - raft.server.data-stream.client.pool.size = 10 (default)
2023-09-19 02:07:20,005 [main] INFO  netty.NettyConfigKeys$DataStream (ConfUtils.java:logGet(46)) - raft.netty.dataStream.server.use-epoll = false (default)
2023-09-19 02:07:20,005 [main] INFO  netty.NettyConfigKeys$DataStream (ConfUtils.java:logGet(46)) - raft.netty.dataStream.server.boss-group.size = 0 (default)
2023-09-19 02:07:20,005 [main] INFO  netty.NettyConfigKeys$DataStream (ConfUtils.java:logGet(46)) - raft.netty.dataStream.server.worker-group.size = 0 (default)
2023-09-19 02:07:20,006 [main] INFO  netty.NettyConfigKeys$DataStream (ConfUtils.java:logGet(46)) - raft.netty.dataStream.server.tls.conf = null (default)
2023-09-19 02:07:20,006 [main] INFO  netty.NettyConfigKeys$DataStream (ConfUtils.java:logGet(46)) - raft.netty.dataStream.host = null (default)
2023-09-19 02:07:20,006 [main] INFO  netty.NettyConfigKeys$DataStream (ConfUtils.java:logGet(46)) - raft.netty.dataStream.port = 15183 (custom)
2023-09-19 02:07:20,006 [main] INFO  server.RaftServerConfigKeys (ConfUtils.java:logGet(46)) - raft.server.threadpool.proxy.cached = true (default)
2023-09-19 02:07:20,006 [main] INFO  server.RaftServerConfigKeys (ConfUtils.java:logGet(46)) - raft.server.threadpool.proxy.size = 0 (default)
2023-09-19 02:07:20,007 [main] INFO  server.RaftServerConfigKeys (ConfUtils.java:logGet(46)) - raft.server.rpc.slowness.timeout = 300s (custom)
2023-09-19 02:07:20,007 [main] INFO  server.RaftServerConfigKeys (ConfUtils.java:logGet(46)) - raft.server.leaderelection.leader.step-down.wait-time = 10s (default)
2023-09-19 02:07:20,007 [main] INFO  server.RaftServerConfigKeys (ConfUtils.java:logGet(46)) - raft.server.storage.dir = [/home/runner/work/ozone/ozone/hadoop-ozone/integration-test/target/test-dir/MiniOzoneClusterImpl-42a12def-4a0d-4036-8984-dc8d5bb9e99a/datanode-1/data/ratis] (custom)
2023-09-19 02:07:20,007 [cb888b2f-aa43-4b14-8a4b-2497c9c1feb0-NettyServerStreamRpc-bossGroup--thread1] INFO  logging.LoggingHandler (AbstractInternalLogger.java:log(148)) - [id: 0x168de136] REGISTERED
2023-09-19 02:07:20,007 [cb888b2f-aa43-4b14-8a4b-2497c9c1feb0-NettyServerStreamRpc-bossGroup--thread1] INFO  logging.LoggingHandler (AbstractInternalLogger.java:log(148)) - [id: 0x168de136] BIND: 0.0.0.0/0.0.0.0:15183
2023-09-19 02:07:20,007 [cb888b2f-aa43-4b14-8a4b-2497c9c1feb0-NettyServerStreamRpc-bossGroup--thread1] INFO  logging.LoggingHandler (AbstractInternalLogger.java:log(148)) - [id: 0x168de136, L:/0:0:0:0:0:0:0:0:15183] ACTIVE
2023-09-19 02:07:20,008 [cb888b2f-aa43-4b14-8a4b-2497c9c1feb0-impl-thread1] INFO  server.RaftServer (RaftServerProxy.java:initGroupDir(258)) - cb888b2f-aa43-4b14-8a4b-2497c9c1feb0: found a subdirectory /home/runner/work/ozone/ozone/hadoop-ozone/integration-test/target/test-dir/MiniOzoneClusterImpl-42a12def-4a0d-4036-8984-dc8d5bb9e99a/datanode-1/data/ratis/tmp
2023-09-19 02:07:20,008 [cb888b2f-aa43-4b14-8a4b-2497c9c1feb0-impl-thread1] INFO  server.RaftServer (RaftServerProxy.java:initGroupDir(263)) - cb888b2f-aa43-4b14-8a4b-2497c9c1feb0: The directory /home/runner/work/ozone/ozone/hadoop-ozone/integration-test/target/test-dir/MiniOzoneClusterImpl-42a12def-4a0d-4036-8984-dc8d5bb9e99a/datanode-1/data/ratis/tmp is not a group directory; ignoring it. 
2023-09-19 02:07:20,008 [main] INFO  replication.ReplicationServer (ReplicationServer.java:<init>(83)) - Initializing replication server with thread count = 10 queue length = 4096
2023-09-19 02:07:20,009 [main] INFO  server.XceiverServerGrpc (XceiverServerGrpc.java:<init>(132)) - GrpcServer channel type EpollServerSocketChannel
2023-09-19 02:07:20,010 [main] INFO  replication.ReplicationSupervisor (ReplicationSupervisor.java:build(155)) - Initializing replication supervisor with thread count = 10
2023-09-19 02:07:20,010 [main] INFO  replication.ReplicationSupervisor (ReplicationSupervisor.java:nodeStateUpdated(307)) - Node state updated to IN_SERVICE, scaling executor pool size to 10
2023-09-19 02:07:20,015 [main] INFO  http.BaseHttpServer (BaseHttpServer.java:newHttpServer2BuilderForOzone(223)) - Starting Web-server for hddsDatanode at: http://0.0.0.0:15177
2023-09-19 02:07:20,015 [main] INFO  http.BaseHttpServer (BaseHttpServer.java:<init>(110)) - Hadoop Security Enabled: false Ozone Security Enabled: false Ozone HTTP Security Enabled: false 
2023-09-19 02:07:20,016 [main] WARN  server.AuthenticationFilter (AuthenticationFilter.java:constructSecretProvider(240)) - Unable to initialize FileSignerSecretProvider, falling back to use random secrets. Reason: Could not read signature secret file: /home/runner/hadoop-http-auth-signature-secret
2023-09-19 02:07:20,019 [main] INFO  http.HttpRequestLog (HttpRequestLog.java:getRequestLog(86)) - Http request log for http.requests.hddsDatanode is not defined
2023-09-19 02:07:20,020 [main] INFO  http.HttpServer2 (HttpServer2.java:addGlobalFilter(1031)) - Added global filter 'safety' (class=org.apache.hadoop.hdds.server.http.HttpServer2$QuotingInputFilter)
2023-09-19 02:07:20,020 [main] INFO  http.HttpServer2 (HttpServer2.java:addFilter(1007)) - Added filter static_user_filter (class=org.apache.hadoop.http.lib.StaticUserWebFilter$StaticUserFilter) to context hddsDatanode
2023-09-19 02:07:20,020 [main] INFO  http.HttpServer2 (HttpServer2.java:addFilter(1015)) - Added filter static_user_filter (class=org.apache.hadoop.http.lib.StaticUserWebFilter$StaticUserFilter) to context static
2023-09-19 02:07:20,020 [main] INFO  http.HttpServer2 (HttpServer2.java:addFilter(1015)) - Added filter static_user_filter (class=org.apache.hadoop.http.lib.StaticUserWebFilter$StaticUserFilter) to context logs
2023-09-19 02:07:20,021 [main] INFO  http.BaseHttpServer (BaseHttpServer.java:<init>(189)) - HTTP server of hddsDatanode uses base directory /home/runner/work/ozone/ozone/hadoop-ozone/integration-test/target/test-dir/MiniOzoneClusterImpl-42a12def-4a0d-4036-8984-dc8d5bb9e99a/datanode-1/meta/webserver
2023-09-19 02:07:20,021 [main] INFO  http.HttpServer2 (HttpServer2.java:bindListener(1231)) - Jetty bound to port 15177
2023-09-19 02:07:20,021 [main] INFO  server.Server (Server.java:doStart(375)) - jetty-9.4.52.v20230823; built: 2023-08-23T19:29:37.669Z; git: abdcda73818a1a2c705da276edb0bf6581e7997e; jvm 1.8.0_382-b05
2023-09-19 02:07:20,022 [main] INFO  server.session (DefaultSessionIdManager.java:doStart(334)) - DefaultSessionIdManager workerName=node0
2023-09-19 02:07:20,023 [main] INFO  server.session (DefaultSessionIdManager.java:doStart(339)) - No SessionScavenger set, using defaults
2023-09-19 02:07:20,023 [main] INFO  server.session (HouseKeeper.java:startScavenging(132)) - node0 Scavenging every 600000ms
2023-09-19 02:07:20,023 [main] INFO  handler.ContextHandler (ContextHandler.java:doStart(921)) - Started o.e.j.s.ServletContextHandler@121bfe76{logs,/logs,file:///home/runner/work/ozone/ozone/hadoop-ozone/integration-test/target/log,AVAILABLE}
2023-09-19 02:07:20,024 [main] INFO  handler.ContextHandler (ContextHandler.java:doStart(921)) - Started o.e.j.s.ServletContextHandler@6aae5a28{static,/static,jar:file:/home/runner/.m2/repository/org/apache/ozone/hdds-container-service/1.4.0-SNAPSHOT/hdds-container-service-1.4.0-SNAPSHOT.jar!/webapps/static,AVAILABLE}
2023-09-19 02:07:20,215 [main] INFO  handler.ContextHandler (ContextHandler.java:doStart(921)) - Started o.e.j.w.WebAppContext@3158d06c{hddsDatanode,/,file:///home/runner/work/ozone/ozone/hadoop-ozone/integration-test/target/test-dir/MiniOzoneClusterImpl-42a12def-4a0d-4036-8984-dc8d5bb9e99a/datanode-1/meta/webserver/jetty-0_0_0_0-15177-hdds-container-service-1_4_0-SNAPSHOT_jar-_-any-4371343552658655859/webapp/,AVAILABLE}{jar:file:/home/runner/.m2/repository/org/apache/ozone/hdds-container-service/1.4.0-SNAPSHOT/hdds-container-service-1.4.0-SNAPSHOT.jar!/webapps/hddsDatanode}
2023-09-19 02:07:20,216 [main] INFO  server.AbstractConnector (AbstractConnector.java:doStart(333)) - Started ServerConnector@4df45a80{HTTP/1.1, (http/1.1)}{0.0.0.0:15177}
2023-09-19 02:07:20,217 [main] INFO  server.Server (Server.java:doStart(415)) - Started @220924ms
2023-09-19 02:07:20,217 [main] WARN  impl.MetricsSystemImpl (MetricsSystemImpl.java:register(279)) - Sink prometheus already exists!
2023-09-19 02:07:20,217 [main] INFO  http.BaseHttpServer (BaseHttpServer.java:updateConnectorAddress(354)) - HTTP server of hddsDatanode listening at http://0.0.0.0:15177
2023-09-19 02:07:20,218 [main] INFO  ipc.CallQueueManager (CallQueueManager.java:<init>(90)) - Using callQueue: class java.util.concurrent.LinkedBlockingQueue, queueCapacity: 100, scheduler: class org.apache.hadoop.ipc.DefaultRpcScheduler, ipcBackoff: false.
2023-09-19 02:07:20,218 [main] INFO  ipc.Server (Server.java:<init>(1287)) - Listener at 0.0.0.0:15178
2023-09-19 02:07:20,219 [Socket Reader #1 for port 15178] INFO  ipc.Server (Server.java:run(1323)) - Starting Socket Reader #1 for port 15178
2023-09-19 02:07:20,221 [main] INFO  ozone.HddsDatanodeService (HddsDatanodeService.java:start(315)) - Datanode start with admins: [runner]
2023-09-19 02:07:20,222 [main] INFO  ozone.HddsDatanodeClientProtocolServer (HddsDatanodeClientProtocolServer.java:start(72)) - RPC server for Client /0.0.0.0:15178
2023-09-19 02:07:20,222 [IPC Server Responder] INFO  ipc.Server (Server.java:run(1562)) - IPC Server Responder: starting
2023-09-19 02:07:20,227 [IPC Server listener on 15178] INFO  ipc.Server (Server.java:run(1402)) - IPC Server listener on 15178: starting
2023-09-19 02:07:20,235 [main] WARN  impl.MetricRegistriesImpl (MetricRegistriesImpl.java:addReporterRegistration(111)) - New reporters are added after registries were created. Some metrics will be missing from the reporter. Please add reporter before adding any new registry.
2023-09-19 02:07:20,235 [main] WARN  impl.MetricRegistriesImpl (MetricRegistriesImpl.java:addReporterRegistration(111)) - New reporters are added after registries were created. Some metrics will be missing from the reporter. Please add reporter before adding any new registry.
2023-09-19 02:07:20,235 [main] INFO  impl.MetricsSystemImpl (MetricsSystemImpl.java:init(158)) - HddsDatanode metrics system started (again)
2023-09-19 02:07:20,238 [Datanode State Machine Daemon Thread] INFO  statemachine.DatanodeStateMachine (DatanodeStateMachine.java:lambda$startDaemon$0(540)) - Ozone container server started.
2023-09-19 02:07:20,244 [Datanode State Machine Task Thread - 0] INFO  datanode.InitDatanodeState (InitDatanodeState.java:persistContainerDatanodeDetails(138)) - DatanodeDetails is persisted to /home/runner/work/ozone/ozone/hadoop-ozone/integration-test/target/test-dir/MiniOzoneClusterImpl-42a12def-4a0d-4036-8984-dc8d5bb9e99a/datanode-1/meta/datanode.id
2023-09-19 02:07:20,248 [main] INFO  ozone.HddsDatanodeService (HddsDatanodeService.java:start(237)) - HddsDatanodeService host:fv-az1031-92 ip:10.1.0.29
2023-09-19 02:07:20,266 [main] INFO  upgrade.AbstractLayoutVersionManager (AbstractLayoutVersionManager.java:init(83)) - Initializing Layout version manager with metadata layout = HADOOP_PRC_PORTS_IN_DATANODEDETAILS (version = 7), software layout = HADOOP_PRC_PORTS_IN_DATANODEDETAILS (version = 7)
2023-09-19 02:07:20,267 [main] INFO  statemachine.DatanodeStateMachine (DatanodeStateMachine.java:getEndPointTaskThreadPoolSize(284)) - Datanode State Machine Task Thread Pool size 2
2023-09-19 02:07:20,268 [main] INFO  volume.HddsVolume (HddsVolume.java:<init>(126)) - Creating HddsVolume: /home/runner/work/ozone/ozone/hadoop-ozone/integration-test/target/test-dir/MiniOzoneClusterImpl-42a12def-4a0d-4036-8984-dc8d5bb9e99a/datanode-2/data-0/containers/hdds of storage type : DISK capacity : 9223372036854775807
2023-09-19 02:07:20,270 [main] INFO  volume.MutableVolumeSet (MutableVolumeSet.java:initializeVolumeSet(173)) - Added Volume : /home/runner/work/ozone/ozone/hadoop-ozone/integration-test/target/test-dir/MiniOzoneClusterImpl-42a12def-4a0d-4036-8984-dc8d5bb9e99a/datanode-2/data-0/containers/hdds to VolumeSet
2023-09-19 02:07:20,270 [main] INFO  volume.MutableVolumeSet (MutableVolumeSet.java:initializeVolumeSet(173)) - Added Volume : /home/runner/work/ozone/ozone/hadoop-ozone/integration-test/target/test-dir/MiniOzoneClusterImpl-42a12def-4a0d-4036-8984-dc8d5bb9e99a/datanode-2/data/ratis to VolumeSet
2023-09-19 02:07:20,271 [Thread-1917] INFO  ozoneimpl.ContainerReader (ContainerReader.java:readVolume(177)) - Finish verifying containers on volume /home/runner/work/ozone/ozone/hadoop-ozone/integration-test/target/test-dir/MiniOzoneClusterImpl-42a12def-4a0d-4036-8984-dc8d5bb9e99a/datanode-2/data-0/containers/hdds
2023-09-19 02:07:20,271 [main] INFO  ozoneimpl.OzoneContainer (OzoneContainer.java:buildContainerSet(314)) - Build ContainerSet costs 0s
2023-09-19 02:07:20,273 [main] INFO  server.RaftServer (ConfUtils.java:logGet(46)) - raft.rpc.type = GRPC (default)
2023-09-19 02:07:20,273 [main] INFO  grpc.GrpcConfigKeys (ConfUtils.java:logFallback(53)) - raft.grpc.admin.host = null (fallback to raft.grpc.server.host)
2023-09-19 02:07:20,273 [main] INFO  grpc.GrpcConfigKeys (ConfUtils.java:logGet(46)) - raft.grpc.admin.port = 15190 (custom)
2023-09-19 02:07:20,273 [main] INFO  grpc.GrpcConfigKeys (ConfUtils.java:logFallback(53)) - raft.grpc.client.host = null (fallback to raft.grpc.server.host)
2023-09-19 02:07:20,273 [main] INFO  grpc.GrpcConfigKeys (ConfUtils.java:logGet(46)) - raft.grpc.client.port = 15189 (custom)
2023-09-19 02:07:20,273 [main] INFO  grpc.GrpcConfigKeys (ConfUtils.java:logGet(46)) - raft.grpc.server.host = null (default)
2023-09-19 02:07:20,273 [main] INFO  grpc.GrpcConfigKeys (ConfUtils.java:logGet(46)) - raft.grpc.server.port = 15191 (custom)
2023-09-19 02:07:20,273 [main] INFO  server.GrpcService (ConfUtils.java:logGet(46)) - raft.grpc.message.size.max = 32MB (=33554432) (custom)
2023-09-19 02:07:20,274 [main] INFO  server.RaftServerConfigKeys (ConfUtils.java:logGet(46)) - raft.server.log.appender.buffer.byte-limit = 33554432 (custom)
2023-09-19 02:07:20,274 [main] INFO  server.GrpcService (ConfUtils.java:logGet(46)) - raft.grpc.flow.control.window = 5MB (=5242880) (custom)
2023-09-19 02:07:20,274 [main] INFO  server.RaftServerConfigKeys (ConfUtils.java:logGet(46)) - raft.server.rpc.request.timeout = 60s (custom)
2023-09-19 02:07:20,274 [main] INFO  grpc.GrpcConfigKeys (ConfUtils.java:logGet(46)) - raft.grpc.server.heartbeat.channel = true (default)
2023-09-19 02:07:20,274 [main] INFO  grpc.GrpcConfigKeys (ConfUtils.java:logGet(46)) - raft.grpc.server.async.request.thread.pool.cached = true (default)
2023-09-19 02:07:20,274 [main] INFO  grpc.GrpcConfigKeys (ConfUtils.java:logGet(46)) - raft.grpc.server.async.request.thread.pool.size = 32 (default)
2023-09-19 02:07:20,276 [main] INFO  impl.DataStreamServerImpl (ConfUtils.java:logGet(46)) - raft.datastream.type = NETTY (custom)
2023-09-19 02:07:20,277 [main] INFO  server.RaftServerConfigKeys (ConfUtils.java:logGet(46)) - raft.server.data-stream.async.request.thread.pool.cached = false (default)
2023-09-19 02:07:20,277 [main] INFO  server.RaftServerConfigKeys (ConfUtils.java:logGet(46)) - raft.server.data-stream.async.request.thread.pool.size = 20 (custom)
2023-09-19 02:07:20,277 [main] INFO  server.RaftServerConfigKeys (ConfUtils.java:logGet(46)) - raft.server.data-stream.async.write.thread.pool.size = 16 (default)
2023-09-19 02:07:20,277 [main] INFO  server.RaftServerConfigKeys (ConfUtils.java:logGet(46)) - raft.server.data-stream.client.pool.size = 10 (default)
2023-09-19 02:07:20,277 [main] INFO  netty.NettyConfigKeys$DataStream (ConfUtils.java:logGet(46)) - raft.netty.dataStream.server.use-epoll = false (default)
2023-09-19 02:07:20,277 [main] INFO  netty.NettyConfigKeys$DataStream (ConfUtils.java:logGet(46)) - raft.netty.dataStream.server.boss-group.size = 0 (default)
2023-09-19 02:07:20,278 [main] INFO  netty.NettyConfigKeys$DataStream (ConfUtils.java:logGet(46)) - raft.netty.dataStream.server.worker-group.size = 0 (default)
2023-09-19 02:07:20,278 [main] INFO  netty.NettyConfigKeys$DataStream (ConfUtils.java:logGet(46)) - raft.netty.dataStream.server.tls.conf = null (default)
2023-09-19 02:07:20,278 [main] INFO  netty.NettyConfigKeys$DataStream (ConfUtils.java:logGet(46)) - raft.netty.dataStream.host = null (default)
2023-09-19 02:07:20,278 [main] INFO  netty.NettyConfigKeys$DataStream (ConfUtils.java:logGet(46)) - raft.netty.dataStream.port = 15192 (custom)
2023-09-19 02:07:20,279 [main] INFO  server.RaftServerConfigKeys (ConfUtils.java:logGet(46)) - raft.server.threadpool.proxy.cached = true (default)
2023-09-19 02:07:20,279 [main] INFO  server.RaftServerConfigKeys (ConfUtils.java:logGet(46)) - raft.server.threadpool.proxy.size = 0 (default)
2023-09-19 02:07:20,279 [main] INFO  server.RaftServerConfigKeys (ConfUtils.java:logGet(46)) - raft.server.rpc.slowness.timeout = 300s (custom)
2023-09-19 02:07:20,279 [main] INFO  server.RaftServerConfigKeys (ConfUtils.java:logGet(46)) - raft.server.leaderelection.leader.step-down.wait-time = 10s (default)
2023-09-19 02:07:20,279 [main] INFO  server.RaftServerConfigKeys (ConfUtils.java:logGet(46)) - raft.server.storage.dir = [/home/runner/work/ozone/ozone/hadoop-ozone/integration-test/target/test-dir/MiniOzoneClusterImpl-42a12def-4a0d-4036-8984-dc8d5bb9e99a/datanode-2/data/ratis] (custom)
2023-09-19 02:07:20,279 [765749c7-07d3-4ecd-8c14-ec59685a04c1-NettyServerStreamRpc-bossGroup--thread1] INFO  logging.LoggingHandler (AbstractInternalLogger.java:log(148)) - [id: 0x34fcd105] REGISTERED
2023-09-19 02:07:20,279 [765749c7-07d3-4ecd-8c14-ec59685a04c1-impl-thread1] INFO  server.RaftServer (RaftServerProxy.java:initGroupDir(258)) - 765749c7-07d3-4ecd-8c14-ec59685a04c1: found a subdirectory /home/runner/work/ozone/ozone/hadoop-ozone/integration-test/target/test-dir/MiniOzoneClusterImpl-42a12def-4a0d-4036-8984-dc8d5bb9e99a/datanode-2/data/ratis/tmp
2023-09-19 02:07:20,279 [765749c7-07d3-4ecd-8c14-ec59685a04c1-NettyServerStreamRpc-bossGroup--thread1] INFO  logging.LoggingHandler (AbstractInternalLogger.java:log(148)) - [id: 0x34fcd105] BIND: 0.0.0.0/0.0.0.0:15192
2023-09-19 02:07:20,279 [765749c7-07d3-4ecd-8c14-ec59685a04c1-impl-thread1] INFO  server.RaftServer (RaftServerProxy.java:initGroupDir(263)) - 765749c7-07d3-4ecd-8c14-ec59685a04c1: The directory /home/runner/work/ozone/ozone/hadoop-ozone/integration-test/target/test-dir/MiniOzoneClusterImpl-42a12def-4a0d-4036-8984-dc8d5bb9e99a/datanode-2/data/ratis/tmp is not a group directory; ignoring it. 
2023-09-19 02:07:20,280 [765749c7-07d3-4ecd-8c14-ec59685a04c1-NettyServerStreamRpc-bossGroup--thread1] INFO  logging.LoggingHandler (AbstractInternalLogger.java:log(148)) - [id: 0x34fcd105, L:/0:0:0:0:0:0:0:0:15192] ACTIVE
2023-09-19 02:07:20,280 [main] INFO  replication.ReplicationServer (ReplicationServer.java:<init>(83)) - Initializing replication server with thread count = 10 queue length = 4096
2023-09-19 02:07:20,281 [main] INFO  server.XceiverServerGrpc (XceiverServerGrpc.java:<init>(132)) - GrpcServer channel type EpollServerSocketChannel
2023-09-19 02:07:20,282 [main] INFO  replication.ReplicationSupervisor (ReplicationSupervisor.java:build(155)) - Initializing replication supervisor with thread count = 10
2023-09-19 02:07:20,282 [main] INFO  replication.ReplicationSupervisor (ReplicationSupervisor.java:nodeStateUpdated(307)) - Node state updated to IN_SERVICE, scaling executor pool size to 10
2023-09-19 02:07:20,284 [main] INFO  http.BaseHttpServer (BaseHttpServer.java:newHttpServer2BuilderForOzone(223)) - Starting Web-server for hddsDatanode at: http://0.0.0.0:15186
2023-09-19 02:07:20,284 [main] INFO  http.BaseHttpServer (BaseHttpServer.java:<init>(110)) - Hadoop Security Enabled: false Ozone Security Enabled: false Ozone HTTP Security Enabled: false 
2023-09-19 02:07:20,285 [main] WARN  server.AuthenticationFilter (AuthenticationFilter.java:constructSecretProvider(240)) - Unable to initialize FileSignerSecretProvider, falling back to use random secrets. Reason: Could not read signature secret file: /home/runner/hadoop-http-auth-signature-secret
2023-09-19 02:07:20,285 [main] INFO  http.HttpRequestLog (HttpRequestLog.java:getRequestLog(86)) - Http request log for http.requests.hddsDatanode is not defined
2023-09-19 02:07:20,286 [main] INFO  http.HttpServer2 (HttpServer2.java:addGlobalFilter(1031)) - Added global filter 'safety' (class=org.apache.hadoop.hdds.server.http.HttpServer2$QuotingInputFilter)
2023-09-19 02:07:20,287 [main] INFO  http.HttpServer2 (HttpServer2.java:addFilter(1007)) - Added filter static_user_filter (class=org.apache.hadoop.http.lib.StaticUserWebFilter$StaticUserFilter) to context hddsDatanode
2023-09-19 02:07:20,287 [main] INFO  http.HttpServer2 (HttpServer2.java:addFilter(1015)) - Added filter static_user_filter (class=org.apache.hadoop.http.lib.StaticUserWebFilter$StaticUserFilter) to context logs
2023-09-19 02:07:20,287 [main] INFO  http.HttpServer2 (HttpServer2.java:addFilter(1015)) - Added filter static_user_filter (class=org.apache.hadoop.http.lib.StaticUserWebFilter$StaticUserFilter) to context static
2023-09-19 02:07:20,287 [main] INFO  http.BaseHttpServer (BaseHttpServer.java:<init>(189)) - HTTP server of hddsDatanode uses base directory /home/runner/work/ozone/ozone/hadoop-ozone/integration-test/target/test-dir/MiniOzoneClusterImpl-42a12def-4a0d-4036-8984-dc8d5bb9e99a/datanode-2/meta/webserver
2023-09-19 02:07:20,288 [main] INFO  http.HttpServer2 (HttpServer2.java:bindListener(1231)) - Jetty bound to port 15186
2023-09-19 02:07:20,288 [main] INFO  server.Server (Server.java:doStart(375)) - jetty-9.4.52.v20230823; built: 2023-08-23T19:29:37.669Z; git: abdcda73818a1a2c705da276edb0bf6581e7997e; jvm 1.8.0_382-b05
2023-09-19 02:07:20,289 [main] INFO  server.session (DefaultSessionIdManager.java:doStart(334)) - DefaultSessionIdManager workerName=node0
2023-09-19 02:07:20,289 [main] INFO  server.session (DefaultSessionIdManager.java:doStart(339)) - No SessionScavenger set, using defaults
2023-09-19 02:07:20,289 [main] INFO  server.session (HouseKeeper.java:startScavenging(132)) - node0 Scavenging every 600000ms
2023-09-19 02:07:20,290 [main] INFO  handler.ContextHandler (ContextHandler.java:doStart(921)) - Started o.e.j.s.ServletContextHandler@7f77b24{logs,/logs,file:///home/runner/work/ozone/ozone/hadoop-ozone/integration-test/target/log,AVAILABLE}
2023-09-19 02:07:20,291 [main] INFO  handler.ContextHandler (ContextHandler.java:doStart(921)) - Started o.e.j.s.ServletContextHandler@5d3498e{static,/static,jar:file:/home/runner/.m2/repository/org/apache/ozone/hdds-container-service/1.4.0-SNAPSHOT/hdds-container-service-1.4.0-SNAPSHOT.jar!/webapps/static,AVAILABLE}
2023-09-19 02:07:20,484 [main] INFO  handler.ContextHandler (ContextHandler.java:doStart(921)) - Started o.e.j.w.WebAppContext@1b2727b4{hddsDatanode,/,file:///home/runner/work/ozone/ozone/hadoop-ozone/integration-test/target/test-dir/MiniOzoneClusterImpl-42a12def-4a0d-4036-8984-dc8d5bb9e99a/datanode-2/meta/webserver/jetty-0_0_0_0-15186-hdds-container-service-1_4_0-SNAPSHOT_jar-_-any-8451276590848091440/webapp/,AVAILABLE}{jar:file:/home/runner/.m2/repository/org/apache/ozone/hdds-container-service/1.4.0-SNAPSHOT/hdds-container-service-1.4.0-SNAPSHOT.jar!/webapps/hddsDatanode}
2023-09-19 02:07:20,486 [main] INFO  server.AbstractConnector (AbstractConnector.java:doStart(333)) - Started ServerConnector@39e2bb89{HTTP/1.1, (http/1.1)}{0.0.0.0:15186}
2023-09-19 02:07:20,486 [main] INFO  server.Server (Server.java:doStart(415)) - Started @221193ms
2023-09-19 02:07:20,486 [main] WARN  impl.MetricsSystemImpl (MetricsSystemImpl.java:register(279)) - Sink prometheus already exists!
2023-09-19 02:07:20,487 [main] INFO  http.BaseHttpServer (BaseHttpServer.java:updateConnectorAddress(354)) - HTTP server of hddsDatanode listening at http://0.0.0.0:15186
2023-09-19 02:07:20,487 [main] INFO  ipc.CallQueueManager (CallQueueManager.java:<init>(90)) - Using callQueue: class java.util.concurrent.LinkedBlockingQueue, queueCapacity: 100, scheduler: class org.apache.hadoop.ipc.DefaultRpcScheduler, ipcBackoff: false.
2023-09-19 02:07:20,487 [main] INFO  ipc.Server (Server.java:<init>(1287)) - Listener at 0.0.0.0:15187
2023-09-19 02:07:20,488 [Socket Reader #1 for port 15187] INFO  ipc.Server (Server.java:run(1323)) - Starting Socket Reader #1 for port 15187
2023-09-19 02:07:20,495 [main] INFO  ozone.HddsDatanodeService (HddsDatanodeService.java:start(315)) - Datanode start with admins: [runner]
2023-09-19 02:07:20,495 [main] INFO  ozone.HddsDatanodeClientProtocolServer (HddsDatanodeClientProtocolServer.java:start(72)) - RPC server for Client /0.0.0.0:15187
2023-09-19 02:07:20,495 [IPC Server Responder] INFO  ipc.Server (Server.java:run(1562)) - IPC Server Responder: starting
2023-09-19 02:07:20,495 [IPC Server listener on 15187] INFO  ipc.Server (Server.java:run(1402)) - IPC Server listener on 15187: starting
2023-09-19 02:07:20,496 [main] WARN  impl.MetricRegistriesImpl (MetricRegistriesImpl.java:addReporterRegistration(111)) - New reporters are added after registries were created. Some metrics will be missing from the reporter. Please add reporter before adding any new registry.
2023-09-19 02:07:20,496 [main] WARN  impl.MetricRegistriesImpl (MetricRegistriesImpl.java:addReporterRegistration(111)) - New reporters are added after registries were created. Some metrics will be missing from the reporter. Please add reporter before adding any new registry.
2023-09-19 02:07:20,496 [main] INFO  impl.MetricsSystemImpl (MetricsSystemImpl.java:init(158)) - HddsDatanode metrics system started (again)
2023-09-19 02:07:20,505 [Datanode State Machine Daemon Thread] INFO  statemachine.DatanodeStateMachine (DatanodeStateMachine.java:lambda$startDaemon$0(540)) - Ozone container server started.
2023-09-19 02:07:20,521 [main] INFO  ozone.HddsDatanodeService (HddsDatanodeService.java:start(237)) - HddsDatanodeService host:fv-az1031-92 ip:10.1.0.29
2023-09-19 02:07:20,534 [Datanode State Machine Task Thread - 0] INFO  datanode.InitDatanodeState (InitDatanodeState.java:persistContainerDatanodeDetails(138)) - DatanodeDetails is persisted to /home/runner/work/ozone/ozone/hadoop-ozone/integration-test/target/test-dir/MiniOzoneClusterImpl-42a12def-4a0d-4036-8984-dc8d5bb9e99a/datanode-2/meta/datanode.id
2023-09-19 02:07:20,557 [main] INFO  upgrade.AbstractLayoutVersionManager (AbstractLayoutVersionManager.java:init(83)) - Initializing Layout version manager with metadata layout = HADOOP_PRC_PORTS_IN_DATANODEDETAILS (version = 7), software layout = HADOOP_PRC_PORTS_IN_DATANODEDETAILS (version = 7)
2023-09-19 02:07:20,560 [main] INFO  statemachine.DatanodeStateMachine (DatanodeStateMachine.java:getEndPointTaskThreadPoolSize(284)) - Datanode State Machine Task Thread Pool size 2
2023-09-19 02:07:20,566 [main] INFO  volume.HddsVolume (HddsVolume.java:<init>(126)) - Creating HddsVolume: /home/runner/work/ozone/ozone/hadoop-ozone/integration-test/target/test-dir/MiniOzoneClusterImpl-42a12def-4a0d-4036-8984-dc8d5bb9e99a/datanode-3/data-0/containers/hdds of storage type : DISK capacity : 9223372036854775807
2023-09-19 02:07:20,566 [main] INFO  volume.MutableVolumeSet (MutableVolumeSet.java:initializeVolumeSet(173)) - Added Volume : /home/runner/work/ozone/ozone/hadoop-ozone/integration-test/target/test-dir/MiniOzoneClusterImpl-42a12def-4a0d-4036-8984-dc8d5bb9e99a/datanode-3/data-0/containers/hdds to VolumeSet
2023-09-19 02:07:20,572 [main] INFO  volume.MutableVolumeSet (MutableVolumeSet.java:initializeVolumeSet(173)) - Added Volume : /home/runner/work/ozone/ozone/hadoop-ozone/integration-test/target/test-dir/MiniOzoneClusterImpl-42a12def-4a0d-4036-8984-dc8d5bb9e99a/datanode-3/data/ratis to VolumeSet
2023-09-19 02:07:20,574 [Thread-1934] INFO  ozoneimpl.ContainerReader (ContainerReader.java:readVolume(177)) - Finish verifying containers on volume /home/runner/work/ozone/ozone/hadoop-ozone/integration-test/target/test-dir/MiniOzoneClusterImpl-42a12def-4a0d-4036-8984-dc8d5bb9e99a/datanode-3/data-0/containers/hdds
2023-09-19 02:07:20,574 [main] INFO  ozoneimpl.OzoneContainer (OzoneContainer.java:buildContainerSet(314)) - Build ContainerSet costs 0s
2023-09-19 02:07:20,577 [main] INFO  server.RaftServer (ConfUtils.java:logGet(46)) - raft.rpc.type = GRPC (default)
2023-09-19 02:07:20,577 [main] INFO  grpc.GrpcConfigKeys (ConfUtils.java:logFallback(53)) - raft.grpc.admin.host = null (fallback to raft.grpc.server.host)
2023-09-19 02:07:20,577 [main] INFO  grpc.GrpcConfigKeys (ConfUtils.java:logGet(46)) - raft.grpc.admin.port = 15199 (custom)
2023-09-19 02:07:20,578 [main] INFO  grpc.GrpcConfigKeys (ConfUtils.java:logFallback(53)) - raft.grpc.client.host = null (fallback to raft.grpc.server.host)
2023-09-19 02:07:20,578 [main] INFO  grpc.GrpcConfigKeys (ConfUtils.java:logGet(46)) - raft.grpc.client.port = 15198 (custom)
2023-09-19 02:07:20,578 [main] INFO  grpc.GrpcConfigKeys (ConfUtils.java:logGet(46)) - raft.grpc.server.host = null (default)
2023-09-19 02:07:20,578 [main] INFO  grpc.GrpcConfigKeys (ConfUtils.java:logGet(46)) - raft.grpc.server.port = 15200 (custom)
2023-09-19 02:07:20,578 [main] INFO  server.GrpcService (ConfUtils.java:logGet(46)) - raft.grpc.message.size.max = 32MB (=33554432) (custom)
2023-09-19 02:07:20,578 [main] INFO  server.RaftServerConfigKeys (ConfUtils.java:logGet(46)) - raft.server.log.appender.buffer.byte-limit = 33554432 (custom)
2023-09-19 02:07:20,578 [main] INFO  server.GrpcService (ConfUtils.java:logGet(46)) - raft.grpc.flow.control.window = 5MB (=5242880) (custom)
2023-09-19 02:07:20,578 [main] INFO  server.RaftServerConfigKeys (ConfUtils.java:logGet(46)) - raft.server.rpc.request.timeout = 60s (custom)
2023-09-19 02:07:20,578 [main] INFO  grpc.GrpcConfigKeys (ConfUtils.java:logGet(46)) - raft.grpc.server.heartbeat.channel = true (default)
2023-09-19 02:07:20,578 [main] INFO  grpc.GrpcConfigKeys (ConfUtils.java:logGet(46)) - raft.grpc.server.async.request.thread.pool.cached = true (default)
2023-09-19 02:07:20,579 [main] INFO  grpc.GrpcConfigKeys (ConfUtils.java:logGet(46)) - raft.grpc.server.async.request.thread.pool.size = 32 (default)
2023-09-19 02:07:20,581 [main] INFO  impl.DataStreamServerImpl (ConfUtils.java:logGet(46)) - raft.datastream.type = NETTY (custom)
2023-09-19 02:07:20,581 [main] INFO  server.RaftServerConfigKeys (ConfUtils.java:logGet(46)) - raft.server.data-stream.async.request.thread.pool.cached = false (default)
2023-09-19 02:07:20,581 [main] INFO  server.RaftServerConfigKeys (ConfUtils.java:logGet(46)) - raft.server.data-stream.async.request.thread.pool.size = 20 (custom)
2023-09-19 02:07:20,582 [main] INFO  server.RaftServerConfigKeys (ConfUtils.java:logGet(46)) - raft.server.data-stream.async.write.thread.pool.size = 16 (default)
2023-09-19 02:07:20,582 [main] INFO  server.RaftServerConfigKeys (ConfUtils.java:logGet(46)) - raft.server.data-stream.client.pool.size = 10 (default)
2023-09-19 02:07:20,582 [main] INFO  netty.NettyConfigKeys$DataStream (ConfUtils.java:logGet(46)) - raft.netty.dataStream.server.use-epoll = false (default)
2023-09-19 02:07:20,582 [main] INFO  netty.NettyConfigKeys$DataStream (ConfUtils.java:logGet(46)) - raft.netty.dataStream.server.boss-group.size = 0 (default)
2023-09-19 02:07:20,582 [main] INFO  netty.NettyConfigKeys$DataStream (ConfUtils.java:logGet(46)) - raft.netty.dataStream.server.worker-group.size = 0 (default)
2023-09-19 02:07:20,582 [main] INFO  netty.NettyConfigKeys$DataStream (ConfUtils.java:logGet(46)) - raft.netty.dataStream.server.tls.conf = null (default)
2023-09-19 02:07:20,583 [main] INFO  netty.NettyConfigKeys$DataStream (ConfUtils.java:logGet(46)) - raft.netty.dataStream.host = null (default)
2023-09-19 02:07:20,583 [main] INFO  netty.NettyConfigKeys$DataStream (ConfUtils.java:logGet(46)) - raft.netty.dataStream.port = 15201 (custom)
2023-09-19 02:07:20,586 [main] INFO  server.RaftServerConfigKeys (ConfUtils.java:logGet(46)) - raft.server.threadpool.proxy.cached = true (default)
2023-09-19 02:07:20,586 [main] INFO  server.RaftServerConfigKeys (ConfUtils.java:logGet(46)) - raft.server.threadpool.proxy.size = 0 (default)
2023-09-19 02:07:20,586 [main] INFO  server.RaftServerConfigKeys (ConfUtils.java:logGet(46)) - raft.server.rpc.slowness.timeout = 300s (custom)
2023-09-19 02:07:20,587 [main] INFO  server.RaftServerConfigKeys (ConfUtils.java:logGet(46)) - raft.server.leaderelection.leader.step-down.wait-time = 10s (default)
2023-09-19 02:07:20,587 [main] INFO  server.RaftServerConfigKeys (ConfUtils.java:logGet(46)) - raft.server.storage.dir = [/home/runner/work/ozone/ozone/hadoop-ozone/integration-test/target/test-dir/MiniOzoneClusterImpl-42a12def-4a0d-4036-8984-dc8d5bb9e99a/datanode-3/data/ratis] (custom)
2023-09-19 02:07:20,587 [7fbbbf63-2234-40cb-a883-34788a40cf43-NettyServerStreamRpc-bossGroup--thread1] INFO  logging.LoggingHandler (AbstractInternalLogger.java:log(148)) - [id: 0x0e31e36b] REGISTERED
2023-09-19 02:07:20,588 [7fbbbf63-2234-40cb-a883-34788a40cf43-NettyServerStreamRpc-bossGroup--thread1] INFO  logging.LoggingHandler (AbstractInternalLogger.java:log(148)) - [id: 0x0e31e36b] BIND: 0.0.0.0/0.0.0.0:15201
2023-09-19 02:07:20,588 [7fbbbf63-2234-40cb-a883-34788a40cf43-NettyServerStreamRpc-bossGroup--thread1] INFO  logging.LoggingHandler (AbstractInternalLogger.java:log(148)) - [id: 0x0e31e36b, L:/0:0:0:0:0:0:0:0:15201] ACTIVE
2023-09-19 02:07:20,590 [7fbbbf63-2234-40cb-a883-34788a40cf43-impl-thread1] INFO  server.RaftServer (RaftServerProxy.java:initGroupDir(258)) - 7fbbbf63-2234-40cb-a883-34788a40cf43: found a subdirectory /home/runner/work/ozone/ozone/hadoop-ozone/integration-test/target/test-dir/MiniOzoneClusterImpl-42a12def-4a0d-4036-8984-dc8d5bb9e99a/datanode-3/data/ratis/tmp
2023-09-19 02:07:20,590 [7fbbbf63-2234-40cb-a883-34788a40cf43-impl-thread1] INFO  server.RaftServer (RaftServerProxy.java:initGroupDir(263)) - 7fbbbf63-2234-40cb-a883-34788a40cf43: The directory /home/runner/work/ozone/ozone/hadoop-ozone/integration-test/target/test-dir/MiniOzoneClusterImpl-42a12def-4a0d-4036-8984-dc8d5bb9e99a/datanode-3/data/ratis/tmp is not a group directory; ignoring it. 
2023-09-19 02:07:20,590 [main] INFO  replication.ReplicationServer (ReplicationServer.java:<init>(83)) - Initializing replication server with thread count = 10 queue length = 4096
2023-09-19 02:07:20,591 [main] INFO  server.XceiverServerGrpc (XceiverServerGrpc.java:<init>(132)) - GrpcServer channel type EpollServerSocketChannel
2023-09-19 02:07:20,592 [main] INFO  replication.ReplicationSupervisor (ReplicationSupervisor.java:build(155)) - Initializing replication supervisor with thread count = 10
2023-09-19 02:07:20,592 [main] INFO  replication.ReplicationSupervisor (ReplicationSupervisor.java:nodeStateUpdated(307)) - Node state updated to IN_SERVICE, scaling executor pool size to 10
2023-09-19 02:07:20,597 [main] INFO  http.BaseHttpServer (BaseHttpServer.java:newHttpServer2BuilderForOzone(223)) - Starting Web-server for hddsDatanode at: http://0.0.0.0:15195
2023-09-19 02:07:20,597 [main] INFO  http.BaseHttpServer (BaseHttpServer.java:<init>(110)) - Hadoop Security Enabled: false Ozone Security Enabled: false Ozone HTTP Security Enabled: false 
2023-09-19 02:07:20,598 [main] WARN  server.AuthenticationFilter (AuthenticationFilter.java:constructSecretProvider(240)) - Unable to initialize FileSignerSecretProvider, falling back to use random secrets. Reason: Could not read signature secret file: /home/runner/hadoop-http-auth-signature-secret
2023-09-19 02:07:20,601 [main] INFO  http.HttpRequestLog (HttpRequestLog.java:getRequestLog(86)) - Http request log for http.requests.hddsDatanode is not defined
2023-09-19 02:07:20,602 [main] INFO  http.HttpServer2 (HttpServer2.java:addGlobalFilter(1031)) - Added global filter 'safety' (class=org.apache.hadoop.hdds.server.http.HttpServer2$QuotingInputFilter)
2023-09-19 02:07:20,603 [main] INFO  http.HttpServer2 (HttpServer2.java:addFilter(1007)) - Added filter static_user_filter (class=org.apache.hadoop.http.lib.StaticUserWebFilter$StaticUserFilter) to context hddsDatanode
2023-09-19 02:07:20,603 [main] INFO  http.HttpServer2 (HttpServer2.java:addFilter(1015)) - Added filter static_user_filter (class=org.apache.hadoop.http.lib.StaticUserWebFilter$StaticUserFilter) to context logs
2023-09-19 02:07:20,603 [main] INFO  http.HttpServer2 (HttpServer2.java:addFilter(1015)) - Added filter static_user_filter (class=org.apache.hadoop.http.lib.StaticUserWebFilter$StaticUserFilter) to context static
2023-09-19 02:07:20,604 [main] INFO  http.BaseHttpServer (BaseHttpServer.java:<init>(189)) - HTTP server of hddsDatanode uses base directory /home/runner/work/ozone/ozone/hadoop-ozone/integration-test/target/test-dir/MiniOzoneClusterImpl-42a12def-4a0d-4036-8984-dc8d5bb9e99a/datanode-3/meta/webserver
2023-09-19 02:07:20,604 [main] INFO  http.HttpServer2 (HttpServer2.java:bindListener(1231)) - Jetty bound to port 15195
2023-09-19 02:07:20,604 [main] INFO  server.Server (Server.java:doStart(375)) - jetty-9.4.52.v20230823; built: 2023-08-23T19:29:37.669Z; git: abdcda73818a1a2c705da276edb0bf6581e7997e; jvm 1.8.0_382-b05
2023-09-19 02:07:20,608 [main] INFO  server.session (DefaultSessionIdManager.java:doStart(334)) - DefaultSessionIdManager workerName=node0
2023-09-19 02:07:20,608 [main] INFO  server.session (DefaultSessionIdManager.java:doStart(339)) - No SessionScavenger set, using defaults
2023-09-19 02:07:20,608 [main] INFO  server.session (HouseKeeper.java:startScavenging(132)) - node0 Scavenging every 660000ms
2023-09-19 02:07:20,609 [main] INFO  handler.ContextHandler (ContextHandler.java:doStart(921)) - Started o.e.j.s.ServletContextHandler@2544f6f1{logs,/logs,file:///home/runner/work/ozone/ozone/hadoop-ozone/integration-test/target/log,AVAILABLE}
2023-09-19 02:07:20,609 [main] INFO  handler.ContextHandler (ContextHandler.java:doStart(921)) - Started o.e.j.s.ServletContextHandler@52991723{static,/static,jar:file:/home/runner/.m2/repository/org/apache/ozone/hdds-container-service/1.4.0-SNAPSHOT/hdds-container-service-1.4.0-SNAPSHOT.jar!/webapps/static,AVAILABLE}
2023-09-19 02:07:20,800 [main] INFO  handler.ContextHandler (ContextHandler.java:doStart(921)) - Started o.e.j.w.WebAppContext@68b512c2{hddsDatanode,/,file:///home/runner/work/ozone/ozone/hadoop-ozone/integration-test/target/test-dir/MiniOzoneClusterImpl-42a12def-4a0d-4036-8984-dc8d5bb9e99a/datanode-3/meta/webserver/jetty-0_0_0_0-15195-hdds-container-service-1_4_0-SNAPSHOT_jar-_-any-8031713261140326870/webapp/,AVAILABLE}{jar:file:/home/runner/.m2/repository/org/apache/ozone/hdds-container-service/1.4.0-SNAPSHOT/hdds-container-service-1.4.0-SNAPSHOT.jar!/webapps/hddsDatanode}
2023-09-19 02:07:20,801 [main] INFO  server.AbstractConnector (AbstractConnector.java:doStart(333)) - Started ServerConnector@268ade97{HTTP/1.1, (http/1.1)}{0.0.0.0:15195}
2023-09-19 02:07:20,802 [main] INFO  server.Server (Server.java:doStart(415)) - Started @221509ms
2023-09-19 02:07:20,802 [main] WARN  impl.MetricsSystemImpl (MetricsSystemImpl.java:register(279)) - Sink prometheus already exists!
2023-09-19 02:07:20,802 [main] INFO  http.BaseHttpServer (BaseHttpServer.java:updateConnectorAddress(354)) - HTTP server of hddsDatanode listening at http://0.0.0.0:15195
2023-09-19 02:07:20,803 [main] INFO  ipc.CallQueueManager (CallQueueManager.java:<init>(90)) - Using callQueue: class java.util.concurrent.LinkedBlockingQueue, queueCapacity: 100, scheduler: class org.apache.hadoop.ipc.DefaultRpcScheduler, ipcBackoff: false.
2023-09-19 02:07:20,803 [main] INFO  ipc.Server (Server.java:<init>(1287)) - Listener at 0.0.0.0:15196
2023-09-19 02:07:20,803 [Socket Reader #1 for port 15196] INFO  ipc.Server (Server.java:run(1323)) - Starting Socket Reader #1 for port 15196
2023-09-19 02:07:20,808 [main] INFO  ozone.HddsDatanodeService (HddsDatanodeService.java:start(315)) - Datanode start with admins: [runner]
2023-09-19 02:07:20,808 [main] INFO  ozone.HddsDatanodeClientProtocolServer (HddsDatanodeClientProtocolServer.java:start(72)) - RPC server for Client /0.0.0.0:15196
2023-09-19 02:07:20,808 [IPC Server Responder] INFO  ipc.Server (Server.java:run(1562)) - IPC Server Responder: starting
2023-09-19 02:07:20,811 [Datanode State Machine Daemon Thread] INFO  statemachine.DatanodeStateMachine (DatanodeStateMachine.java:lambda$startDaemon$0(540)) - Ozone container server started.
2023-09-19 02:07:20,811 [main] WARN  impl.MetricRegistriesImpl (MetricRegistriesImpl.java:addReporterRegistration(111)) - New reporters are added after registries were created. Some metrics will be missing from the reporter. Please add reporter before adding any new registry.
2023-09-19 02:07:20,812 [main] WARN  impl.MetricRegistriesImpl (MetricRegistriesImpl.java:addReporterRegistration(111)) - New reporters are added after registries were created. Some metrics will be missing from the reporter. Please add reporter before adding any new registry.
2023-09-19 02:07:20,812 [main] INFO  impl.MetricsSystemImpl (MetricsSystemImpl.java:init(158)) - HddsDatanode metrics system started (again)
2023-09-19 02:07:20,811 [IPC Server listener on 15196] INFO  ipc.Server (Server.java:run(1402)) - IPC Server listener on 15196: starting
2023-09-19 02:07:20,819 [Datanode State Machine Task Thread - 0] INFO  datanode.InitDatanodeState (InitDatanodeState.java:persistContainerDatanodeDetails(138)) - DatanodeDetails is persisted to /home/runner/work/ozone/ozone/hadoop-ozone/integration-test/target/test-dir/MiniOzoneClusterImpl-42a12def-4a0d-4036-8984-dc8d5bb9e99a/datanode-3/meta/datanode.id
2023-09-19 02:07:20,830 [main] INFO  ozone.HddsDatanodeService (HddsDatanodeService.java:start(237)) - HddsDatanodeService host:fv-az1031-92 ip:10.1.0.29
2023-09-19 02:07:20,849 [main] INFO  upgrade.AbstractLayoutVersionManager (AbstractLayoutVersionManager.java:init(83)) - Initializing Layout version manager with metadata layout = HADOOP_PRC_PORTS_IN_DATANODEDETAILS (version = 7), software layout = HADOOP_PRC_PORTS_IN_DATANODEDETAILS (version = 7)
2023-09-19 02:07:20,850 [main] INFO  statemachine.DatanodeStateMachine (DatanodeStateMachine.java:getEndPointTaskThreadPoolSize(284)) - Datanode State Machine Task Thread Pool size 2
2023-09-19 02:07:20,852 [main] INFO  volume.HddsVolume (HddsVolume.java:<init>(126)) - Creating HddsVolume: /home/runner/work/ozone/ozone/hadoop-ozone/integration-test/target/test-dir/MiniOzoneClusterImpl-42a12def-4a0d-4036-8984-dc8d5bb9e99a/datanode-4/data-0/containers/hdds of storage type : DISK capacity : 9223372036854775807
2023-09-19 02:07:20,852 [main] INFO  volume.MutableVolumeSet (MutableVolumeSet.java:initializeVolumeSet(173)) - Added Volume : /home/runner/work/ozone/ozone/hadoop-ozone/integration-test/target/test-dir/MiniOzoneClusterImpl-42a12def-4a0d-4036-8984-dc8d5bb9e99a/datanode-4/data-0/containers/hdds to VolumeSet
2023-09-19 02:07:20,852 [main] INFO  volume.MutableVolumeSet (MutableVolumeSet.java:initializeVolumeSet(173)) - Added Volume : /home/runner/work/ozone/ozone/hadoop-ozone/integration-test/target/test-dir/MiniOzoneClusterImpl-42a12def-4a0d-4036-8984-dc8d5bb9e99a/datanode-4/data/ratis to VolumeSet
2023-09-19 02:07:20,853 [Thread-1951] INFO  ozoneimpl.ContainerReader (ContainerReader.java:readVolume(177)) - Finish verifying containers on volume /home/runner/work/ozone/ozone/hadoop-ozone/integration-test/target/test-dir/MiniOzoneClusterImpl-42a12def-4a0d-4036-8984-dc8d5bb9e99a/datanode-4/data-0/containers/hdds
2023-09-19 02:07:20,853 [main] INFO  ozoneimpl.OzoneContainer (OzoneContainer.java:buildContainerSet(314)) - Build ContainerSet costs 0s
2023-09-19 02:07:20,854 [main] INFO  server.RaftServer (ConfUtils.java:logGet(46)) - raft.rpc.type = GRPC (default)
2023-09-19 02:07:20,855 [main] INFO  grpc.GrpcConfigKeys (ConfUtils.java:logFallback(53)) - raft.grpc.admin.host = null (fallback to raft.grpc.server.host)
2023-09-19 02:07:20,855 [main] INFO  grpc.GrpcConfigKeys (ConfUtils.java:logGet(46)) - raft.grpc.admin.port = 15208 (custom)
2023-09-19 02:07:20,855 [main] INFO  grpc.GrpcConfigKeys (ConfUtils.java:logFallback(53)) - raft.grpc.client.host = null (fallback to raft.grpc.server.host)
2023-09-19 02:07:20,855 [main] INFO  grpc.GrpcConfigKeys (ConfUtils.java:logGet(46)) - raft.grpc.client.port = 15207 (custom)
2023-09-19 02:07:20,855 [main] INFO  grpc.GrpcConfigKeys (ConfUtils.java:logGet(46)) - raft.grpc.server.host = null (default)
2023-09-19 02:07:20,855 [main] INFO  grpc.GrpcConfigKeys (ConfUtils.java:logGet(46)) - raft.grpc.server.port = 15209 (custom)
2023-09-19 02:07:20,855 [main] INFO  server.GrpcService (ConfUtils.java:logGet(46)) - raft.grpc.message.size.max = 32MB (=33554432) (custom)
2023-09-19 02:07:20,855 [main] INFO  server.RaftServerConfigKeys (ConfUtils.java:logGet(46)) - raft.server.log.appender.buffer.byte-limit = 33554432 (custom)
2023-09-19 02:07:20,855 [main] INFO  server.GrpcService (ConfUtils.java:logGet(46)) - raft.grpc.flow.control.window = 5MB (=5242880) (custom)
2023-09-19 02:07:20,855 [main] INFO  server.RaftServerConfigKeys (ConfUtils.java:logGet(46)) - raft.server.rpc.request.timeout = 60s (custom)
2023-09-19 02:07:20,855 [main] INFO  grpc.GrpcConfigKeys (ConfUtils.java:logGet(46)) - raft.grpc.server.heartbeat.channel = true (default)
2023-09-19 02:07:20,856 [main] INFO  grpc.GrpcConfigKeys (ConfUtils.java:logGet(46)) - raft.grpc.server.async.request.thread.pool.cached = true (default)
2023-09-19 02:07:20,856 [main] INFO  grpc.GrpcConfigKeys (ConfUtils.java:logGet(46)) - raft.grpc.server.async.request.thread.pool.size = 32 (default)
2023-09-19 02:07:20,858 [main] INFO  impl.DataStreamServerImpl (ConfUtils.java:logGet(46)) - raft.datastream.type = NETTY (custom)
2023-09-19 02:07:20,858 [main] INFO  server.RaftServerConfigKeys (ConfUtils.java:logGet(46)) - raft.server.data-stream.async.request.thread.pool.cached = false (default)
2023-09-19 02:07:20,858 [main] INFO  server.RaftServerConfigKeys (ConfUtils.java:logGet(46)) - raft.server.data-stream.async.request.thread.pool.size = 20 (custom)
2023-09-19 02:07:20,858 [main] INFO  server.RaftServerConfigKeys (ConfUtils.java:logGet(46)) - raft.server.data-stream.async.write.thread.pool.size = 16 (default)
2023-09-19 02:07:20,858 [main] INFO  server.RaftServerConfigKeys (ConfUtils.java:logGet(46)) - raft.server.data-stream.client.pool.size = 10 (default)
2023-09-19 02:07:20,859 [main] INFO  netty.NettyConfigKeys$DataStream (ConfUtils.java:logGet(46)) - raft.netty.dataStream.server.use-epoll = false (default)
2023-09-19 02:07:20,859 [main] INFO  netty.NettyConfigKeys$DataStream (ConfUtils.java:logGet(46)) - raft.netty.dataStream.server.boss-group.size = 0 (default)
2023-09-19 02:07:20,859 [main] INFO  netty.NettyConfigKeys$DataStream (ConfUtils.java:logGet(46)) - raft.netty.dataStream.server.worker-group.size = 0 (default)
2023-09-19 02:07:20,859 [main] INFO  netty.NettyConfigKeys$DataStream (ConfUtils.java:logGet(46)) - raft.netty.dataStream.server.tls.conf = null (default)
2023-09-19 02:07:20,859 [main] INFO  netty.NettyConfigKeys$DataStream (ConfUtils.java:logGet(46)) - raft.netty.dataStream.host = null (default)
2023-09-19 02:07:20,859 [main] INFO  netty.NettyConfigKeys$DataStream (ConfUtils.java:logGet(46)) - raft.netty.dataStream.port = 15210 (custom)
2023-09-19 02:07:20,860 [main] INFO  server.RaftServerConfigKeys (ConfUtils.java:logGet(46)) - raft.server.threadpool.proxy.cached = true (default)
2023-09-19 02:07:20,860 [main] INFO  server.RaftServerConfigKeys (ConfUtils.java:logGet(46)) - raft.server.threadpool.proxy.size = 0 (default)
2023-09-19 02:07:20,860 [main] INFO  server.RaftServerConfigKeys (ConfUtils.java:logGet(46)) - raft.server.rpc.slowness.timeout = 300s (custom)
2023-09-19 02:07:20,860 [main] INFO  server.RaftServerConfigKeys (ConfUtils.java:logGet(46)) - raft.server.leaderelection.leader.step-down.wait-time = 10s (default)
2023-09-19 02:07:20,860 [main] INFO  server.RaftServerConfigKeys (ConfUtils.java:logGet(46)) - raft.server.storage.dir = [/home/runner/work/ozone/ozone/hadoop-ozone/integration-test/target/test-dir/MiniOzoneClusterImpl-42a12def-4a0d-4036-8984-dc8d5bb9e99a/datanode-4/data/ratis] (custom)
2023-09-19 02:07:20,861 [92a1afef-9ecd-4787-9981-6f6f5d31539c-impl-thread1] INFO  server.RaftServer (RaftServerProxy.java:initGroupDir(258)) - 92a1afef-9ecd-4787-9981-6f6f5d31539c: found a subdirectory /home/runner/work/ozone/ozone/hadoop-ozone/integration-test/target/test-dir/MiniOzoneClusterImpl-42a12def-4a0d-4036-8984-dc8d5bb9e99a/datanode-4/data/ratis/tmp
2023-09-19 02:07:20,861 [92a1afef-9ecd-4787-9981-6f6f5d31539c-impl-thread1] INFO  server.RaftServer (RaftServerProxy.java:initGroupDir(263)) - 92a1afef-9ecd-4787-9981-6f6f5d31539c: The directory /home/runner/work/ozone/ozone/hadoop-ozone/integration-test/target/test-dir/MiniOzoneClusterImpl-42a12def-4a0d-4036-8984-dc8d5bb9e99a/datanode-4/data/ratis/tmp is not a group directory; ignoring it. 
2023-09-19 02:07:20,861 [main] INFO  replication.ReplicationServer (ReplicationServer.java:<init>(83)) - Initializing replication server with thread count = 10 queue length = 4096
2023-09-19 02:07:20,861 [92a1afef-9ecd-4787-9981-6f6f5d31539c-NettyServerStreamRpc-bossGroup--thread1] INFO  logging.LoggingHandler (AbstractInternalLogger.java:log(148)) - [id: 0x4bb1ec7d] REGISTERED
2023-09-19 02:07:20,861 [92a1afef-9ecd-4787-9981-6f6f5d31539c-NettyServerStreamRpc-bossGroup--thread1] INFO  logging.LoggingHandler (AbstractInternalLogger.java:log(148)) - [id: 0x4bb1ec7d] BIND: 0.0.0.0/0.0.0.0:15210
2023-09-19 02:07:20,861 [92a1afef-9ecd-4787-9981-6f6f5d31539c-NettyServerStreamRpc-bossGroup--thread1] INFO  logging.LoggingHandler (AbstractInternalLogger.java:log(148)) - [id: 0x4bb1ec7d, L:/0:0:0:0:0:0:0:0:15210] ACTIVE
2023-09-19 02:07:20,862 [main] INFO  server.XceiverServerGrpc (XceiverServerGrpc.java:<init>(132)) - GrpcServer channel type EpollServerSocketChannel
2023-09-19 02:07:20,863 [main] INFO  replication.ReplicationSupervisor (ReplicationSupervisor.java:build(155)) - Initializing replication supervisor with thread count = 10
2023-09-19 02:07:20,863 [main] INFO  replication.ReplicationSupervisor (ReplicationSupervisor.java:nodeStateUpdated(307)) - Node state updated to IN_SERVICE, scaling executor pool size to 10
2023-09-19 02:07:20,865 [main] INFO  http.BaseHttpServer (BaseHttpServer.java:newHttpServer2BuilderForOzone(223)) - Starting Web-server for hddsDatanode at: http://0.0.0.0:15204
2023-09-19 02:07:20,865 [main] INFO  http.BaseHttpServer (BaseHttpServer.java:<init>(110)) - Hadoop Security Enabled: false Ozone Security Enabled: false Ozone HTTP Security Enabled: false 
2023-09-19 02:07:20,870 [main] WARN  server.AuthenticationFilter (AuthenticationFilter.java:constructSecretProvider(240)) - Unable to initialize FileSignerSecretProvider, falling back to use random secrets. Reason: Could not read signature secret file: /home/runner/hadoop-http-auth-signature-secret
2023-09-19 02:07:20,871 [main] INFO  http.HttpRequestLog (HttpRequestLog.java:getRequestLog(86)) - Http request log for http.requests.hddsDatanode is not defined
2023-09-19 02:07:20,872 [main] INFO  http.HttpServer2 (HttpServer2.java:addGlobalFilter(1031)) - Added global filter 'safety' (class=org.apache.hadoop.hdds.server.http.HttpServer2$QuotingInputFilter)
2023-09-19 02:07:20,872 [main] INFO  http.HttpServer2 (HttpServer2.java:addFilter(1007)) - Added filter static_user_filter (class=org.apache.hadoop.http.lib.StaticUserWebFilter$StaticUserFilter) to context hddsDatanode
2023-09-19 02:07:20,872 [main] INFO  http.HttpServer2 (HttpServer2.java:addFilter(1015)) - Added filter static_user_filter (class=org.apache.hadoop.http.lib.StaticUserWebFilter$StaticUserFilter) to context static
2023-09-19 02:07:20,872 [main] INFO  http.HttpServer2 (HttpServer2.java:addFilter(1015)) - Added filter static_user_filter (class=org.apache.hadoop.http.lib.StaticUserWebFilter$StaticUserFilter) to context logs
2023-09-19 02:07:20,873 [main] INFO  http.BaseHttpServer (BaseHttpServer.java:<init>(189)) - HTTP server of hddsDatanode uses base directory /home/runner/work/ozone/ozone/hadoop-ozone/integration-test/target/test-dir/MiniOzoneClusterImpl-42a12def-4a0d-4036-8984-dc8d5bb9e99a/datanode-4/meta/webserver
2023-09-19 02:07:20,873 [main] INFO  http.HttpServer2 (HttpServer2.java:bindListener(1231)) - Jetty bound to port 15204
2023-09-19 02:07:20,873 [main] INFO  server.Server (Server.java:doStart(375)) - jetty-9.4.52.v20230823; built: 2023-08-23T19:29:37.669Z; git: abdcda73818a1a2c705da276edb0bf6581e7997e; jvm 1.8.0_382-b05
2023-09-19 02:07:20,879 [main] INFO  server.session (DefaultSessionIdManager.java:doStart(334)) - DefaultSessionIdManager workerName=node0
2023-09-19 02:07:20,879 [main] INFO  server.session (DefaultSessionIdManager.java:doStart(339)) - No SessionScavenger set, using defaults
2023-09-19 02:07:20,879 [main] INFO  server.session (HouseKeeper.java:startScavenging(132)) - node0 Scavenging every 600000ms
2023-09-19 02:07:20,880 [main] INFO  handler.ContextHandler (ContextHandler.java:doStart(921)) - Started o.e.j.s.ServletContextHandler@38217566{logs,/logs,file:///home/runner/work/ozone/ozone/hadoop-ozone/integration-test/target/log,AVAILABLE}
2023-09-19 02:07:20,880 [main] INFO  handler.ContextHandler (ContextHandler.java:doStart(921)) - Started o.e.j.s.ServletContextHandler@f17f3c6{static,/static,jar:file:/home/runner/.m2/repository/org/apache/ozone/hdds-container-service/1.4.0-SNAPSHOT/hdds-container-service-1.4.0-SNAPSHOT.jar!/webapps/static,AVAILABLE}
2023-09-19 02:07:21,069 [main] INFO  handler.ContextHandler (ContextHandler.java:doStart(921)) - Started o.e.j.w.WebAppContext@149d4e72{hddsDatanode,/,file:///home/runner/work/ozone/ozone/hadoop-ozone/integration-test/target/test-dir/MiniOzoneClusterImpl-42a12def-4a0d-4036-8984-dc8d5bb9e99a/datanode-4/meta/webserver/jetty-0_0_0_0-15204-hdds-container-service-1_4_0-SNAPSHOT_jar-_-any-9063705313305415343/webapp/,AVAILABLE}{jar:file:/home/runner/.m2/repository/org/apache/ozone/hdds-container-service/1.4.0-SNAPSHOT/hdds-container-service-1.4.0-SNAPSHOT.jar!/webapps/hddsDatanode}
2023-09-19 02:07:21,071 [main] INFO  server.AbstractConnector (AbstractConnector.java:doStart(333)) - Started ServerConnector@60cb305a{HTTP/1.1, (http/1.1)}{0.0.0.0:15204}
2023-09-19 02:07:21,071 [main] INFO  server.Server (Server.java:doStart(415)) - Started @221778ms
2023-09-19 02:07:21,071 [main] WARN  impl.MetricsSystemImpl (MetricsSystemImpl.java:register(279)) - Sink prometheus already exists!
2023-09-19 02:07:21,071 [main] INFO  http.BaseHttpServer (BaseHttpServer.java:updateConnectorAddress(354)) - HTTP server of hddsDatanode listening at http://0.0.0.0:15204
2023-09-19 02:07:21,072 [main] INFO  ipc.CallQueueManager (CallQueueManager.java:<init>(90)) - Using callQueue: class java.util.concurrent.LinkedBlockingQueue, queueCapacity: 100, scheduler: class org.apache.hadoop.ipc.DefaultRpcScheduler, ipcBackoff: false.
2023-09-19 02:07:21,072 [main] INFO  ipc.Server (Server.java:<init>(1287)) - Listener at 0.0.0.0:15205
2023-09-19 02:07:21,072 [Socket Reader #1 for port 15205] INFO  ipc.Server (Server.java:run(1323)) - Starting Socket Reader #1 for port 15205
2023-09-19 02:07:21,076 [main] INFO  ozone.HddsDatanodeService (HddsDatanodeService.java:start(315)) - Datanode start with admins: [runner]
2023-09-19 02:07:21,076 [main] INFO  ozone.HddsDatanodeClientProtocolServer (HddsDatanodeClientProtocolServer.java:start(72)) - RPC server for Client /0.0.0.0:15205
2023-09-19 02:07:21,076 [IPC Server Responder] INFO  ipc.Server (Server.java:run(1562)) - IPC Server Responder: starting
2023-09-19 02:07:21,076 [IPC Server listener on 15205] INFO  ipc.Server (Server.java:run(1402)) - IPC Server listener on 15205: starting
2023-09-19 02:07:21,077 [Datanode State Machine Daemon Thread] INFO  statemachine.DatanodeStateMachine (DatanodeStateMachine.java:lambda$startDaemon$0(540)) - Ozone container server started.
2023-09-19 02:07:21,077 [main] INFO  ozone.MiniOzoneClusterImpl (MiniOzoneClusterImpl.java:lambda$waitForClusterToBeReady$0(224)) - Waiting for nodes to be ready. Got 0 of 5 DN Heartbeats.
2023-09-19 02:07:21,077 [main] INFO  ozone.MiniOzoneClusterImpl (MiniOzoneClusterImpl.java:lambda$waitForClusterToBeReady$0(227)) - Waiting for cluster to exit safe mode
2023-09-19 02:07:21,077 [main] INFO  ozone.MiniOzoneClusterImpl (MiniOzoneClusterImpl.java:lambda$waitForClusterToBeReady$0(229)) - SCM became leader
2023-09-19 02:07:21,084 [Datanode State Machine Task Thread - 0] INFO  datanode.InitDatanodeState (InitDatanodeState.java:persistContainerDatanodeDetails(138)) - DatanodeDetails is persisted to /home/runner/work/ozone/ozone/hadoop-ozone/integration-test/target/test-dir/MiniOzoneClusterImpl-42a12def-4a0d-4036-8984-dc8d5bb9e99a/datanode-4/meta/datanode.id
2023-09-19 02:07:21,998 [EndpointStateMachine task thread for /0.0.0.0:15161 - 0 ] INFO  utils.DatanodeStoreCache (DatanodeStoreCache.java:addDB(66)) - Added db /home/runner/work/ozone/ozone/hadoop-ozone/integration-test/target/test-dir/MiniOzoneClusterImpl-42a12def-4a0d-4036-8984-dc8d5bb9e99a/datanode-0/data-0/containers/hdds/42a12def-4a0d-4036-8984-dc8d5bb9e99a/DS-3d9cf1c0-658a-4324-9865-de2473554026/container.db to cache
2023-09-19 02:07:21,999 [EndpointStateMachine task thread for /0.0.0.0:15161 - 0 ] INFO  volume.HddsVolume (HddsVolume.java:createDbStore(422)) - SchemaV3 db is created and loaded at /home/runner/work/ozone/ozone/hadoop-ozone/integration-test/target/test-dir/MiniOzoneClusterImpl-42a12def-4a0d-4036-8984-dc8d5bb9e99a/datanode-0/data-0/containers/hdds/42a12def-4a0d-4036-8984-dc8d5bb9e99a/DS-3d9cf1c0-658a-4324-9865-de2473554026/container.db for volume DS-3d9cf1c0-658a-4324-9865-de2473554026
2023-09-19 02:07:22,000 [EndpointStateMachine task thread for /0.0.0.0:15161 - 0 ] INFO  volume.ThrottledAsyncChecker (ThrottledAsyncChecker.java:schedule(141)) - Scheduling a check for /home/runner/work/ozone/ozone/hadoop-ozone/integration-test/target/test-dir/MiniOzoneClusterImpl-42a12def-4a0d-4036-8984-dc8d5bb9e99a/datanode-0/data-0/containers/hdds
2023-09-19 02:07:22,000 [EndpointStateMachine task thread for /0.0.0.0:15161 - 0 ] INFO  volume.StorageVolumeChecker (StorageVolumeChecker.java:checkAllVolumes(213)) - Scheduled health check for volume /home/runner/work/ozone/ozone/hadoop-ozone/integration-test/target/test-dir/MiniOzoneClusterImpl-42a12def-4a0d-4036-8984-dc8d5bb9e99a/datanode-0/data-0/containers/hdds
2023-09-19 02:07:22,002 [EndpointStateMachine task thread for /0.0.0.0:15161 - 0 ] INFO  volume.ThrottledAsyncChecker (ThrottledAsyncChecker.java:schedule(141)) - Scheduling a check for /home/runner/work/ozone/ozone/hadoop-ozone/integration-test/target/test-dir/MiniOzoneClusterImpl-42a12def-4a0d-4036-8984-dc8d5bb9e99a/datanode-0/data/ratis
2023-09-19 02:07:22,002 [EndpointStateMachine task thread for /0.0.0.0:15161 - 0 ] INFO  volume.StorageVolumeChecker (StorageVolumeChecker.java:checkAllVolumes(213)) - Scheduled health check for volume /home/runner/work/ozone/ozone/hadoop-ozone/integration-test/target/test-dir/MiniOzoneClusterImpl-42a12def-4a0d-4036-8984-dc8d5bb9e99a/datanode-0/data/ratis
2023-09-19 02:07:22,003 [EndpointStateMachine task thread for /0.0.0.0:15161 - 0 ] INFO  ozoneimpl.OzoneContainer (OzoneContainer.java:start(429)) - Attempting to start container services.
2023-09-19 02:07:22,004 [EndpointStateMachine task thread for /0.0.0.0:15161 - 0 ] INFO  ozoneimpl.OzoneContainer (OzoneContainer.java:startContainerScrub(325)) - Scheduled background container scanners and the on-demand container scanner have been disabled.
2023-09-19 02:07:22,008 [EndpointStateMachine task thread for /0.0.0.0:15161 - 0 ] INFO  replication.ReplicationServer (ReplicationServer.java:start(134)) - ReplicationServer is started using port 15175
2023-09-19 02:07:22,008 [EndpointStateMachine task thread for /0.0.0.0:15161 - 0 ] INFO  ratis.XceiverServerRatis (XceiverServerRatis.java:start(517)) - Starting XceiverServerRatis 2a4ddaa6-1a2b-4173-87e0-55a87acfd4f7
2023-09-19 02:07:22,009 [EndpointStateMachine task thread for /0.0.0.0:15161 - 0 ] INFO  server.RaftServer (RaftServerProxy.java:startImpl(400)) - 2a4ddaa6-1a2b-4173-87e0-55a87acfd4f7: start RPC server
2023-09-19 02:07:22,010 [EndpointStateMachine task thread for /0.0.0.0:15161 - 0 ] INFO  server.GrpcService (GrpcService.java:startImpl(302)) - 2a4ddaa6-1a2b-4173-87e0-55a87acfd4f7: GrpcService started, listening on 15171
2023-09-19 02:07:22,011 [EndpointStateMachine task thread for /0.0.0.0:15161 - 0 ] INFO  server.GrpcService (GrpcService.java:startImpl(302)) - 2a4ddaa6-1a2b-4173-87e0-55a87acfd4f7: GrpcService started, listening on 15173
2023-09-19 02:07:22,011 [EndpointStateMachine task thread for /0.0.0.0:15161 - 0 ] INFO  server.GrpcService (GrpcService.java:startImpl(302)) - 2a4ddaa6-1a2b-4173-87e0-55a87acfd4f7: GrpcService started, listening on 15172
2023-09-19 02:07:22,012 [EndpointStateMachine task thread for /0.0.0.0:15161 - 0 ] INFO  ratis.XceiverServerRatis (XceiverServerRatis.java:getRealPort(543)) - XceiverServerRatis 2a4ddaa6-1a2b-4173-87e0-55a87acfd4f7 is started using port 15171 for RATIS
2023-09-19 02:07:22,012 [EndpointStateMachine task thread for /0.0.0.0:15161 - 0 ] INFO  ratis.XceiverServerRatis (XceiverServerRatis.java:getRealPort(543)) - XceiverServerRatis 2a4ddaa6-1a2b-4173-87e0-55a87acfd4f7 is started using port 15172 for RATIS_ADMIN
2023-09-19 02:07:22,012 [JvmPauseMonitor23] INFO  util.JvmPauseMonitor (JvmPauseMonitor.java:run(103)) - JvmPauseMonitor-2a4ddaa6-1a2b-4173-87e0-55a87acfd4f7: Started
2023-09-19 02:07:22,012 [EndpointStateMachine task thread for /0.0.0.0:15161 - 0 ] INFO  ratis.XceiverServerRatis (XceiverServerRatis.java:getRealPort(543)) - XceiverServerRatis 2a4ddaa6-1a2b-4173-87e0-55a87acfd4f7 is started using port 15173 for RATIS_SERVER
2023-09-19 02:07:22,012 [EndpointStateMachine task thread for /0.0.0.0:15161 - 0 ] INFO  ratis.XceiverServerRatis (XceiverServerRatis.java:getRealPort(543)) - XceiverServerRatis 2a4ddaa6-1a2b-4173-87e0-55a87acfd4f7 is started using port 15174 for RATIS_DATASTREAM
2023-09-19 02:07:22,013 [BlockDeletingService#0] INFO  interfaces.ContainerDeletionChoosingPolicyTemplate (ContainerDeletionChoosingPolicyTemplate.java:chooseContainerForBlockDeletion(85)) - Chosen 0/5000 blocks from 0 candidate containers.
2023-09-19 02:07:22,077 [main] INFO  ozone.MiniOzoneClusterImpl (MiniOzoneClusterImpl.java:lambda$waitForClusterToBeReady$0(224)) - Waiting for nodes to be ready. Got 0 of 5 DN Heartbeats.
2023-09-19 02:07:22,077 [main] INFO  ozone.MiniOzoneClusterImpl (MiniOzoneClusterImpl.java:lambda$waitForClusterToBeReady$0(227)) - Waiting for cluster to exit safe mode
2023-09-19 02:07:22,077 [main] INFO  ozone.MiniOzoneClusterImpl (MiniOzoneClusterImpl.java:lambda$waitForClusterToBeReady$0(229)) - SCM became leader
2023-09-19 02:07:22,271 [EndpointStateMachine task thread for /0.0.0.0:15161 - 0 ] INFO  utils.DatanodeStoreCache (DatanodeStoreCache.java:addDB(66)) - Added db /home/runner/work/ozone/ozone/hadoop-ozone/integration-test/target/test-dir/MiniOzoneClusterImpl-42a12def-4a0d-4036-8984-dc8d5bb9e99a/datanode-1/data-0/containers/hdds/42a12def-4a0d-4036-8984-dc8d5bb9e99a/DS-a1b9a85b-9944-4073-9b5e-94ca9ea17e93/container.db to cache
2023-09-19 02:07:22,271 [EndpointStateMachine task thread for /0.0.0.0:15161 - 0 ] INFO  volume.HddsVolume (HddsVolume.java:createDbStore(422)) - SchemaV3 db is created and loaded at /home/runner/work/ozone/ozone/hadoop-ozone/integration-test/target/test-dir/MiniOzoneClusterImpl-42a12def-4a0d-4036-8984-dc8d5bb9e99a/datanode-1/data-0/containers/hdds/42a12def-4a0d-4036-8984-dc8d5bb9e99a/DS-a1b9a85b-9944-4073-9b5e-94ca9ea17e93/container.db for volume DS-a1b9a85b-9944-4073-9b5e-94ca9ea17e93
2023-09-19 02:07:22,272 [EndpointStateMachine task thread for /0.0.0.0:15161 - 0 ] INFO  volume.ThrottledAsyncChecker (ThrottledAsyncChecker.java:schedule(141)) - Scheduling a check for /home/runner/work/ozone/ozone/hadoop-ozone/integration-test/target/test-dir/MiniOzoneClusterImpl-42a12def-4a0d-4036-8984-dc8d5bb9e99a/datanode-1/data-0/containers/hdds
2023-09-19 02:07:22,273 [EndpointStateMachine task thread for /0.0.0.0:15161 - 0 ] INFO  volume.StorageVolumeChecker (StorageVolumeChecker.java:checkAllVolumes(213)) - Scheduled health check for volume /home/runner/work/ozone/ozone/hadoop-ozone/integration-test/target/test-dir/MiniOzoneClusterImpl-42a12def-4a0d-4036-8984-dc8d5bb9e99a/datanode-1/data-0/containers/hdds
2023-09-19 02:07:22,275 [EndpointStateMachine task thread for /0.0.0.0:15161 - 0 ] INFO  volume.ThrottledAsyncChecker (ThrottledAsyncChecker.java:schedule(141)) - Scheduling a check for /home/runner/work/ozone/ozone/hadoop-ozone/integration-test/target/test-dir/MiniOzoneClusterImpl-42a12def-4a0d-4036-8984-dc8d5bb9e99a/datanode-1/data/ratis
2023-09-19 02:07:22,275 [EndpointStateMachine task thread for /0.0.0.0:15161 - 0 ] INFO  volume.StorageVolumeChecker (StorageVolumeChecker.java:checkAllVolumes(213)) - Scheduled health check for volume /home/runner/work/ozone/ozone/hadoop-ozone/integration-test/target/test-dir/MiniOzoneClusterImpl-42a12def-4a0d-4036-8984-dc8d5bb9e99a/datanode-1/data/ratis
2023-09-19 02:07:22,276 [EndpointStateMachine task thread for /0.0.0.0:15161 - 0 ] INFO  ozoneimpl.OzoneContainer (OzoneContainer.java:start(429)) - Attempting to start container services.
2023-09-19 02:07:22,276 [EndpointStateMachine task thread for /0.0.0.0:15161 - 0 ] INFO  ozoneimpl.OzoneContainer (OzoneContainer.java:startContainerScrub(325)) - Scheduled background container scanners and the on-demand container scanner have been disabled.
2023-09-19 02:07:22,277 [EndpointStateMachine task thread for /0.0.0.0:15161 - 0 ] INFO  replication.ReplicationServer (ReplicationServer.java:start(134)) - ReplicationServer is started using port 15184
2023-09-19 02:07:22,278 [EndpointStateMachine task thread for /0.0.0.0:15161 - 0 ] INFO  ratis.XceiverServerRatis (XceiverServerRatis.java:start(517)) - Starting XceiverServerRatis cb888b2f-aa43-4b14-8a4b-2497c9c1feb0
2023-09-19 02:07:22,279 [EndpointStateMachine task thread for /0.0.0.0:15161 - 0 ] INFO  server.RaftServer (RaftServerProxy.java:startImpl(400)) - cb888b2f-aa43-4b14-8a4b-2497c9c1feb0: start RPC server
2023-09-19 02:07:22,280 [EndpointStateMachine task thread for /0.0.0.0:15161 - 0 ] INFO  server.GrpcService (GrpcService.java:startImpl(302)) - cb888b2f-aa43-4b14-8a4b-2497c9c1feb0: GrpcService started, listening on 15180
2023-09-19 02:07:22,281 [EndpointStateMachine task thread for /0.0.0.0:15161 - 0 ] INFO  server.GrpcService (GrpcService.java:startImpl(302)) - cb888b2f-aa43-4b14-8a4b-2497c9c1feb0: GrpcService started, listening on 15182
2023-09-19 02:07:22,282 [EndpointStateMachine task thread for /0.0.0.0:15161 - 0 ] INFO  server.GrpcService (GrpcService.java:startImpl(302)) - cb888b2f-aa43-4b14-8a4b-2497c9c1feb0: GrpcService started, listening on 15181
2023-09-19 02:07:22,285 [EndpointStateMachine task thread for /0.0.0.0:15161 - 0 ] INFO  ratis.XceiverServerRatis (XceiverServerRatis.java:getRealPort(543)) - XceiverServerRatis cb888b2f-aa43-4b14-8a4b-2497c9c1feb0 is started using port 15180 for RATIS
2023-09-19 02:07:22,286 [EndpointStateMachine task thread for /0.0.0.0:15161 - 0 ] INFO  ratis.XceiverServerRatis (XceiverServerRatis.java:getRealPort(543)) - XceiverServerRatis cb888b2f-aa43-4b14-8a4b-2497c9c1feb0 is started using port 15181 for RATIS_ADMIN
2023-09-19 02:07:22,286 [JvmPauseMonitor24] INFO  util.JvmPauseMonitor (JvmPauseMonitor.java:run(103)) - JvmPauseMonitor-cb888b2f-aa43-4b14-8a4b-2497c9c1feb0: Started
2023-09-19 02:07:22,286 [EndpointStateMachine task thread for /0.0.0.0:15161 - 0 ] INFO  ratis.XceiverServerRatis (XceiverServerRatis.java:getRealPort(543)) - XceiverServerRatis cb888b2f-aa43-4b14-8a4b-2497c9c1feb0 is started using port 15182 for RATIS_SERVER
2023-09-19 02:07:22,286 [EndpointStateMachine task thread for /0.0.0.0:15161 - 0 ] INFO  ratis.XceiverServerRatis (XceiverServerRatis.java:getRealPort(543)) - XceiverServerRatis cb888b2f-aa43-4b14-8a4b-2497c9c1feb0 is started using port 15183 for RATIS_DATASTREAM
2023-09-19 02:07:22,287 [BlockDeletingService#0] INFO  interfaces.ContainerDeletionChoosingPolicyTemplate (ContainerDeletionChoosingPolicyTemplate.java:chooseContainerForBlockDeletion(85)) - Chosen 0/5000 blocks from 0 candidate containers.
2023-09-19 02:07:22,558 [EndpointStateMachine task thread for /0.0.0.0:15161 - 0 ] INFO  utils.DatanodeStoreCache (DatanodeStoreCache.java:addDB(66)) - Added db /home/runner/work/ozone/ozone/hadoop-ozone/integration-test/target/test-dir/MiniOzoneClusterImpl-42a12def-4a0d-4036-8984-dc8d5bb9e99a/datanode-2/data-0/containers/hdds/42a12def-4a0d-4036-8984-dc8d5bb9e99a/DS-8a8c3606-c687-4e70-899b-c2ffbdfa13d3/container.db to cache
2023-09-19 02:07:22,558 [EndpointStateMachine task thread for /0.0.0.0:15161 - 0 ] INFO  volume.HddsVolume (HddsVolume.java:createDbStore(422)) - SchemaV3 db is created and loaded at /home/runner/work/ozone/ozone/hadoop-ozone/integration-test/target/test-dir/MiniOzoneClusterImpl-42a12def-4a0d-4036-8984-dc8d5bb9e99a/datanode-2/data-0/containers/hdds/42a12def-4a0d-4036-8984-dc8d5bb9e99a/DS-8a8c3606-c687-4e70-899b-c2ffbdfa13d3/container.db for volume DS-8a8c3606-c687-4e70-899b-c2ffbdfa13d3
2023-09-19 02:07:22,562 [EndpointStateMachine task thread for /0.0.0.0:15161 - 0 ] INFO  volume.ThrottledAsyncChecker (ThrottledAsyncChecker.java:schedule(141)) - Scheduling a check for /home/runner/work/ozone/ozone/hadoop-ozone/integration-test/target/test-dir/MiniOzoneClusterImpl-42a12def-4a0d-4036-8984-dc8d5bb9e99a/datanode-2/data-0/containers/hdds
2023-09-19 02:07:22,562 [EndpointStateMachine task thread for /0.0.0.0:15161 - 0 ] INFO  volume.StorageVolumeChecker (StorageVolumeChecker.java:checkAllVolumes(213)) - Scheduled health check for volume /home/runner/work/ozone/ozone/hadoop-ozone/integration-test/target/test-dir/MiniOzoneClusterImpl-42a12def-4a0d-4036-8984-dc8d5bb9e99a/datanode-2/data-0/containers/hdds
2023-09-19 02:07:22,564 [EndpointStateMachine task thread for /0.0.0.0:15161 - 0 ] INFO  volume.ThrottledAsyncChecker (ThrottledAsyncChecker.java:schedule(141)) - Scheduling a check for /home/runner/work/ozone/ozone/hadoop-ozone/integration-test/target/test-dir/MiniOzoneClusterImpl-42a12def-4a0d-4036-8984-dc8d5bb9e99a/datanode-2/data/ratis
2023-09-19 02:07:22,565 [EndpointStateMachine task thread for /0.0.0.0:15161 - 0 ] INFO  volume.StorageVolumeChecker (StorageVolumeChecker.java:checkAllVolumes(213)) - Scheduled health check for volume /home/runner/work/ozone/ozone/hadoop-ozone/integration-test/target/test-dir/MiniOzoneClusterImpl-42a12def-4a0d-4036-8984-dc8d5bb9e99a/datanode-2/data/ratis
2023-09-19 02:07:22,566 [EndpointStateMachine task thread for /0.0.0.0:15161 - 0 ] INFO  ozoneimpl.OzoneContainer (OzoneContainer.java:start(429)) - Attempting to start container services.
2023-09-19 02:07:22,566 [EndpointStateMachine task thread for /0.0.0.0:15161 - 0 ] INFO  ozoneimpl.OzoneContainer (OzoneContainer.java:startContainerScrub(325)) - Scheduled background container scanners and the on-demand container scanner have been disabled.
2023-09-19 02:07:22,567 [EndpointStateMachine task thread for /0.0.0.0:15161 - 0 ] INFO  replication.ReplicationServer (ReplicationServer.java:start(134)) - ReplicationServer is started using port 15193
2023-09-19 02:07:22,567 [EndpointStateMachine task thread for /0.0.0.0:15161 - 0 ] INFO  ratis.XceiverServerRatis (XceiverServerRatis.java:start(517)) - Starting XceiverServerRatis 765749c7-07d3-4ecd-8c14-ec59685a04c1
2023-09-19 02:07:22,568 [EndpointStateMachine task thread for /0.0.0.0:15161 - 0 ] INFO  server.RaftServer (RaftServerProxy.java:startImpl(400)) - 765749c7-07d3-4ecd-8c14-ec59685a04c1: start RPC server
2023-09-19 02:07:22,569 [EndpointStateMachine task thread for /0.0.0.0:15161 - 0 ] INFO  server.GrpcService (GrpcService.java:startImpl(302)) - 765749c7-07d3-4ecd-8c14-ec59685a04c1: GrpcService started, listening on 15189
2023-09-19 02:07:22,570 [EndpointStateMachine task thread for /0.0.0.0:15161 - 0 ] INFO  server.GrpcService (GrpcService.java:startImpl(302)) - 765749c7-07d3-4ecd-8c14-ec59685a04c1: GrpcService started, listening on 15191
2023-09-19 02:07:22,571 [EndpointStateMachine task thread for /0.0.0.0:15161 - 0 ] INFO  server.GrpcService (GrpcService.java:startImpl(302)) - 765749c7-07d3-4ecd-8c14-ec59685a04c1: GrpcService started, listening on 15190
2023-09-19 02:07:22,571 [EndpointStateMachine task thread for /0.0.0.0:15161 - 0 ] INFO  ratis.XceiverServerRatis (XceiverServerRatis.java:getRealPort(543)) - XceiverServerRatis 765749c7-07d3-4ecd-8c14-ec59685a04c1 is started using port 15189 for RATIS
2023-09-19 02:07:22,571 [EndpointStateMachine task thread for /0.0.0.0:15161 - 0 ] INFO  ratis.XceiverServerRatis (XceiverServerRatis.java:getRealPort(543)) - XceiverServerRatis 765749c7-07d3-4ecd-8c14-ec59685a04c1 is started using port 15190 for RATIS_ADMIN
2023-09-19 02:07:22,571 [JvmPauseMonitor25] INFO  util.JvmPauseMonitor (JvmPauseMonitor.java:run(103)) - JvmPauseMonitor-765749c7-07d3-4ecd-8c14-ec59685a04c1: Started
2023-09-19 02:07:22,571 [EndpointStateMachine task thread for /0.0.0.0:15161 - 0 ] INFO  ratis.XceiverServerRatis (XceiverServerRatis.java:getRealPort(543)) - XceiverServerRatis 765749c7-07d3-4ecd-8c14-ec59685a04c1 is started using port 15191 for RATIS_SERVER
2023-09-19 02:07:22,571 [EndpointStateMachine task thread for /0.0.0.0:15161 - 0 ] INFO  ratis.XceiverServerRatis (XceiverServerRatis.java:getRealPort(543)) - XceiverServerRatis 765749c7-07d3-4ecd-8c14-ec59685a04c1 is started using port 15192 for RATIS_DATASTREAM
2023-09-19 02:07:22,573 [BlockDeletingService#0] INFO  interfaces.ContainerDeletionChoosingPolicyTemplate (ContainerDeletionChoosingPolicyTemplate.java:chooseContainerForBlockDeletion(85)) - Chosen 0/5000 blocks from 0 candidate containers.
2023-09-19 02:07:22,842 [EndpointStateMachine task thread for /0.0.0.0:15161 - 0 ] INFO  utils.DatanodeStoreCache (DatanodeStoreCache.java:addDB(66)) - Added db /home/runner/work/ozone/ozone/hadoop-ozone/integration-test/target/test-dir/MiniOzoneClusterImpl-42a12def-4a0d-4036-8984-dc8d5bb9e99a/datanode-3/data-0/containers/hdds/42a12def-4a0d-4036-8984-dc8d5bb9e99a/DS-e12af7b2-02e7-4827-8547-9ed9672cc978/container.db to cache
2023-09-19 02:07:22,842 [EndpointStateMachine task thread for /0.0.0.0:15161 - 0 ] INFO  volume.HddsVolume (HddsVolume.java:createDbStore(422)) - SchemaV3 db is created and loaded at /home/runner/work/ozone/ozone/hadoop-ozone/integration-test/target/test-dir/MiniOzoneClusterImpl-42a12def-4a0d-4036-8984-dc8d5bb9e99a/datanode-3/data-0/containers/hdds/42a12def-4a0d-4036-8984-dc8d5bb9e99a/DS-e12af7b2-02e7-4827-8547-9ed9672cc978/container.db for volume DS-e12af7b2-02e7-4827-8547-9ed9672cc978
2023-09-19 02:07:22,843 [EndpointStateMachine task thread for /0.0.0.0:15161 - 0 ] INFO  volume.ThrottledAsyncChecker (ThrottledAsyncChecker.java:schedule(141)) - Scheduling a check for /home/runner/work/ozone/ozone/hadoop-ozone/integration-test/target/test-dir/MiniOzoneClusterImpl-42a12def-4a0d-4036-8984-dc8d5bb9e99a/datanode-3/data-0/containers/hdds
2023-09-19 02:07:22,843 [EndpointStateMachine task thread for /0.0.0.0:15161 - 0 ] INFO  volume.StorageVolumeChecker (StorageVolumeChecker.java:checkAllVolumes(213)) - Scheduled health check for volume /home/runner/work/ozone/ozone/hadoop-ozone/integration-test/target/test-dir/MiniOzoneClusterImpl-42a12def-4a0d-4036-8984-dc8d5bb9e99a/datanode-3/data-0/containers/hdds
2023-09-19 02:07:22,853 [EndpointStateMachine task thread for /0.0.0.0:15161 - 0 ] INFO  volume.ThrottledAsyncChecker (ThrottledAsyncChecker.java:schedule(141)) - Scheduling a check for /home/runner/work/ozone/ozone/hadoop-ozone/integration-test/target/test-dir/MiniOzoneClusterImpl-42a12def-4a0d-4036-8984-dc8d5bb9e99a/datanode-3/data/ratis
2023-09-19 02:07:22,853 [EndpointStateMachine task thread for /0.0.0.0:15161 - 0 ] INFO  volume.StorageVolumeChecker (StorageVolumeChecker.java:checkAllVolumes(213)) - Scheduled health check for volume /home/runner/work/ozone/ozone/hadoop-ozone/integration-test/target/test-dir/MiniOzoneClusterImpl-42a12def-4a0d-4036-8984-dc8d5bb9e99a/datanode-3/data/ratis
2023-09-19 02:07:22,855 [EndpointStateMachine task thread for /0.0.0.0:15161 - 0 ] INFO  ozoneimpl.OzoneContainer (OzoneContainer.java:start(429)) - Attempting to start container services.
2023-09-19 02:07:22,856 [EndpointStateMachine task thread for /0.0.0.0:15161 - 0 ] INFO  ozoneimpl.OzoneContainer (OzoneContainer.java:startContainerScrub(325)) - Scheduled background container scanners and the on-demand container scanner have been disabled.
2023-09-19 02:07:22,856 [EndpointStateMachine task thread for /0.0.0.0:15161 - 0 ] INFO  replication.ReplicationServer (ReplicationServer.java:start(134)) - ReplicationServer is started using port 15202
2023-09-19 02:07:22,857 [EndpointStateMachine task thread for /0.0.0.0:15161 - 0 ] INFO  ratis.XceiverServerRatis (XceiverServerRatis.java:start(517)) - Starting XceiverServerRatis 7fbbbf63-2234-40cb-a883-34788a40cf43
2023-09-19 02:07:22,857 [EndpointStateMachine task thread for /0.0.0.0:15161 - 0 ] INFO  server.RaftServer (RaftServerProxy.java:startImpl(400)) - 7fbbbf63-2234-40cb-a883-34788a40cf43: start RPC server
2023-09-19 02:07:22,858 [EndpointStateMachine task thread for /0.0.0.0:15161 - 0 ] INFO  server.GrpcService (GrpcService.java:startImpl(302)) - 7fbbbf63-2234-40cb-a883-34788a40cf43: GrpcService started, listening on 15198
2023-09-19 02:07:22,859 [EndpointStateMachine task thread for /0.0.0.0:15161 - 0 ] INFO  server.GrpcService (GrpcService.java:startImpl(302)) - 7fbbbf63-2234-40cb-a883-34788a40cf43: GrpcService started, listening on 15200
2023-09-19 02:07:22,861 [EndpointStateMachine task thread for /0.0.0.0:15161 - 0 ] INFO  server.GrpcService (GrpcService.java:startImpl(302)) - 7fbbbf63-2234-40cb-a883-34788a40cf43: GrpcService started, listening on 15199
2023-09-19 02:07:22,862 [EndpointStateMachine task thread for /0.0.0.0:15161 - 0 ] INFO  ratis.XceiverServerRatis (XceiverServerRatis.java:getRealPort(543)) - XceiverServerRatis 7fbbbf63-2234-40cb-a883-34788a40cf43 is started using port 15198 for RATIS
2023-09-19 02:07:22,862 [EndpointStateMachine task thread for /0.0.0.0:15161 - 0 ] INFO  ratis.XceiverServerRatis (XceiverServerRatis.java:getRealPort(543)) - XceiverServerRatis 7fbbbf63-2234-40cb-a883-34788a40cf43 is started using port 15199 for RATIS_ADMIN
2023-09-19 02:07:22,862 [JvmPauseMonitor26] INFO  util.JvmPauseMonitor (JvmPauseMonitor.java:run(103)) - JvmPauseMonitor-7fbbbf63-2234-40cb-a883-34788a40cf43: Started
2023-09-19 02:07:22,862 [EndpointStateMachine task thread for /0.0.0.0:15161 - 0 ] INFO  ratis.XceiverServerRatis (XceiverServerRatis.java:getRealPort(543)) - XceiverServerRatis 7fbbbf63-2234-40cb-a883-34788a40cf43 is started using port 15200 for RATIS_SERVER
2023-09-19 02:07:22,862 [EndpointStateMachine task thread for /0.0.0.0:15161 - 0 ] INFO  ratis.XceiverServerRatis (XceiverServerRatis.java:getRealPort(543)) - XceiverServerRatis 7fbbbf63-2234-40cb-a883-34788a40cf43 is started using port 15201 for RATIS_DATASTREAM
2023-09-19 02:07:22,866 [BlockDeletingService#0] INFO  interfaces.ContainerDeletionChoosingPolicyTemplate (ContainerDeletionChoosingPolicyTemplate.java:chooseContainerForBlockDeletion(85)) - Chosen 0/5000 blocks from 0 candidate containers.
2023-09-19 02:07:23,078 [main] INFO  ozone.MiniOzoneClusterImpl (MiniOzoneClusterImpl.java:lambda$waitForClusterToBeReady$0(224)) - Waiting for nodes to be ready. Got 0 of 5 DN Heartbeats.
2023-09-19 02:07:23,078 [main] INFO  ozone.MiniOzoneClusterImpl (MiniOzoneClusterImpl.java:lambda$waitForClusterToBeReady$0(227)) - Waiting for cluster to exit safe mode
2023-09-19 02:07:23,078 [main] INFO  ozone.MiniOzoneClusterImpl (MiniOzoneClusterImpl.java:lambda$waitForClusterToBeReady$0(229)) - SCM became leader
2023-09-19 02:07:23,110 [EndpointStateMachine task thread for /0.0.0.0:15161 - 0 ] INFO  utils.DatanodeStoreCache (DatanodeStoreCache.java:addDB(66)) - Added db /home/runner/work/ozone/ozone/hadoop-ozone/integration-test/target/test-dir/MiniOzoneClusterImpl-42a12def-4a0d-4036-8984-dc8d5bb9e99a/datanode-4/data-0/containers/hdds/42a12def-4a0d-4036-8984-dc8d5bb9e99a/DS-9e49e582-b93f-4763-ba50-e9af31cb085b/container.db to cache
2023-09-19 02:07:23,110 [EndpointStateMachine task thread for /0.0.0.0:15161 - 0 ] INFO  volume.HddsVolume (HddsVolume.java:createDbStore(422)) - SchemaV3 db is created and loaded at /home/runner/work/ozone/ozone/hadoop-ozone/integration-test/target/test-dir/MiniOzoneClusterImpl-42a12def-4a0d-4036-8984-dc8d5bb9e99a/datanode-4/data-0/containers/hdds/42a12def-4a0d-4036-8984-dc8d5bb9e99a/DS-9e49e582-b93f-4763-ba50-e9af31cb085b/container.db for volume DS-9e49e582-b93f-4763-ba50-e9af31cb085b
2023-09-19 02:07:23,110 [EndpointStateMachine task thread for /0.0.0.0:15161 - 0 ] INFO  volume.ThrottledAsyncChecker (ThrottledAsyncChecker.java:schedule(141)) - Scheduling a check for /home/runner/work/ozone/ozone/hadoop-ozone/integration-test/target/test-dir/MiniOzoneClusterImpl-42a12def-4a0d-4036-8984-dc8d5bb9e99a/datanode-4/data-0/containers/hdds
2023-09-19 02:07:23,114 [EndpointStateMachine task thread for /0.0.0.0:15161 - 0 ] INFO  volume.StorageVolumeChecker (StorageVolumeChecker.java:checkAllVolumes(213)) - Scheduled health check for volume /home/runner/work/ozone/ozone/hadoop-ozone/integration-test/target/test-dir/MiniOzoneClusterImpl-42a12def-4a0d-4036-8984-dc8d5bb9e99a/datanode-4/data-0/containers/hdds
2023-09-19 02:07:23,116 [EndpointStateMachine task thread for /0.0.0.0:15161 - 0 ] INFO  volume.ThrottledAsyncChecker (ThrottledAsyncChecker.java:schedule(141)) - Scheduling a check for /home/runner/work/ozone/ozone/hadoop-ozone/integration-test/target/test-dir/MiniOzoneClusterImpl-42a12def-4a0d-4036-8984-dc8d5bb9e99a/datanode-4/data/ratis
2023-09-19 02:07:23,116 [EndpointStateMachine task thread for /0.0.0.0:15161 - 0 ] INFO  volume.StorageVolumeChecker (StorageVolumeChecker.java:checkAllVolumes(213)) - Scheduled health check for volume /home/runner/work/ozone/ozone/hadoop-ozone/integration-test/target/test-dir/MiniOzoneClusterImpl-42a12def-4a0d-4036-8984-dc8d5bb9e99a/datanode-4/data/ratis
2023-09-19 02:07:23,118 [EndpointStateMachine task thread for /0.0.0.0:15161 - 0 ] INFO  ozoneimpl.OzoneContainer (OzoneContainer.java:start(429)) - Attempting to start container services.
2023-09-19 02:07:23,118 [EndpointStateMachine task thread for /0.0.0.0:15161 - 0 ] INFO  ozoneimpl.OzoneContainer (OzoneContainer.java:startContainerScrub(325)) - Scheduled background container scanners and the on-demand container scanner have been disabled.
2023-09-19 02:07:23,121 [EndpointStateMachine task thread for /0.0.0.0:15161 - 0 ] INFO  replication.ReplicationServer (ReplicationServer.java:start(134)) - ReplicationServer is started using port 15211
2023-09-19 02:07:23,122 [EndpointStateMachine task thread for /0.0.0.0:15161 - 0 ] INFO  ratis.XceiverServerRatis (XceiverServerRatis.java:start(517)) - Starting XceiverServerRatis 92a1afef-9ecd-4787-9981-6f6f5d31539c
2023-09-19 02:07:23,125 [EndpointStateMachine task thread for /0.0.0.0:15161 - 0 ] INFO  server.RaftServer (RaftServerProxy.java:startImpl(400)) - 92a1afef-9ecd-4787-9981-6f6f5d31539c: start RPC server
2023-09-19 02:07:23,126 [EndpointStateMachine task thread for /0.0.0.0:15161 - 0 ] INFO  server.GrpcService (GrpcService.java:startImpl(302)) - 92a1afef-9ecd-4787-9981-6f6f5d31539c: GrpcService started, listening on 15207
2023-09-19 02:07:23,127 [EndpointStateMachine task thread for /0.0.0.0:15161 - 0 ] INFO  server.GrpcService (GrpcService.java:startImpl(302)) - 92a1afef-9ecd-4787-9981-6f6f5d31539c: GrpcService started, listening on 15209
2023-09-19 02:07:23,127 [EndpointStateMachine task thread for /0.0.0.0:15161 - 0 ] INFO  server.GrpcService (GrpcService.java:startImpl(302)) - 92a1afef-9ecd-4787-9981-6f6f5d31539c: GrpcService started, listening on 15208
2023-09-19 02:07:23,128 [EndpointStateMachine task thread for /0.0.0.0:15161 - 0 ] INFO  ratis.XceiverServerRatis (XceiverServerRatis.java:getRealPort(543)) - XceiverServerRatis 92a1afef-9ecd-4787-9981-6f6f5d31539c is started using port 15207 for RATIS
2023-09-19 02:07:23,128 [EndpointStateMachine task thread for /0.0.0.0:15161 - 0 ] INFO  ratis.XceiverServerRatis (XceiverServerRatis.java:getRealPort(543)) - XceiverServerRatis 92a1afef-9ecd-4787-9981-6f6f5d31539c is started using port 15208 for RATIS_ADMIN
2023-09-19 02:07:23,128 [JvmPauseMonitor27] INFO  util.JvmPauseMonitor (JvmPauseMonitor.java:run(103)) - JvmPauseMonitor-92a1afef-9ecd-4787-9981-6f6f5d31539c: Started
2023-09-19 02:07:23,128 [EndpointStateMachine task thread for /0.0.0.0:15161 - 0 ] INFO  ratis.XceiverServerRatis (XceiverServerRatis.java:getRealPort(543)) - XceiverServerRatis 92a1afef-9ecd-4787-9981-6f6f5d31539c is started using port 15209 for RATIS_SERVER
2023-09-19 02:07:23,128 [EndpointStateMachine task thread for /0.0.0.0:15161 - 0 ] INFO  ratis.XceiverServerRatis (XceiverServerRatis.java:getRealPort(543)) - XceiverServerRatis 92a1afef-9ecd-4787-9981-6f6f5d31539c is started using port 15210 for RATIS_DATASTREAM
2023-09-19 02:07:23,129 [BlockDeletingService#0] INFO  interfaces.ContainerDeletionChoosingPolicyTemplate (ContainerDeletionChoosingPolicyTemplate.java:chooseContainerForBlockDeletion(85)) - Chosen 0/5000 blocks from 0 candidate containers.
2023-09-19 02:07:23,967 [IPC Server handler 1 on default port 15161] INFO  net.NetworkTopologyImpl (NetworkTopologyImpl.java:add(112)) - Added a new node: /default-rack/2a4ddaa6-1a2b-4173-87e0-55a87acfd4f7
2023-09-19 02:07:23,968 [IPC Server handler 1 on default port 15161] INFO  node.SCMNodeManager (SCMNodeManager.java:register(405)) - Registered Data node : 2a4ddaa6-1a2b-4173-87e0-55a87acfd4f7{ip: 10.1.0.29, host: fv-az1031-92, ports: [HTTP=15168, CLIENT_RPC=15169, REPLICATION=15175, RATIS=15171, RATIS_ADMIN=15172, RATIS_SERVER=15173, RATIS_DATASTREAM=15174, STANDALONE=15170], networkLocation: /default-rack, certSerialId: null, persistedOpState: null, persistedOpStateExpiryEpochSec: 0}
2023-09-19 02:07:23,970 [EventQueue-NodeRegistrationContainerReportForContainerSafeModeRule] INFO  safemode.SCMSafeModeManager (SCMSafeModeManager.java:validateSafeModeExitRules(200)) - ContainerSafeModeRule rule is successfully validated
2023-09-19 02:07:23,972 [EventQueue-NodeRegistrationContainerReportForDataNodeSafeModeRule] INFO  safemode.SCMSafeModeManager (DataNodeSafeModeRule.java:process(71)) - SCM in safe mode. 1 DataNodes registered, 3 required.
2023-09-19 02:07:23,979 [EventQueue-NewNodeForNewNodeHandler] INFO  pipeline.BackgroundPipelineCreator (BackgroundPipelineCreator.java:notifyEventTriggered(277)) - trigger a one-shot run on RatisPipelineUtilsThread.
2023-09-19 02:07:23,980 [EventQueue-PipelineReportForOneReplicaPipelineSafeModeRule] INFO  safemode.SCMSafeModeManager (SCMSafeModeManager.java:validateSafeModeExitRules(200)) - AtleastOneDatanodeReportedRule rule is successfully validated
2023-09-19 02:07:23,980 [RatisPipelineUtilsThread - 0] INFO  pipeline.RatisPipelineProvider (RatisPipelineProvider.java:lambda$create$0(206)) - Sending CreatePipelineCommand for pipeline:PipelineID=c11389d8-9bb1-4f5c-b9e8-15d5946bc3b4 to datanode:2a4ddaa6-1a2b-4173-87e0-55a87acfd4f7
2023-09-19 02:07:23,980 [RatisPipelineUtilsThread - 0] INFO  pipeline.BackgroundPipelineCreator (BackgroundPipelineCreator.java:createPipelines(233)) - Created new pipeline Pipeline[ Id: c11389d8-9bb1-4f5c-b9e8-15d5946bc3b4, Nodes: 2a4ddaa6-1a2b-4173-87e0-55a87acfd4f7(fv-az1031-92/10.1.0.29), ReplicationConfig: RATIS/ONE, State:ALLOCATED, leaderId:, CreationTimestamp2023-09-19T02:07:23.980Z[Etc/UTC]]
2023-09-19 02:07:24,078 [main] INFO  ozone.MiniOzoneClusterImpl (MiniOzoneClusterImpl.java:lambda$waitForClusterToBeReady$0(224)) - Waiting for nodes to be ready. Got 1 of 5 DN Heartbeats.
2023-09-19 02:07:24,078 [main] INFO  ozone.MiniOzoneClusterImpl (MiniOzoneClusterImpl.java:lambda$waitForClusterToBeReady$0(227)) - Waiting for cluster to exit safe mode
2023-09-19 02:07:24,079 [main] INFO  ozone.MiniOzoneClusterImpl (MiniOzoneClusterImpl.java:lambda$waitForClusterToBeReady$0(229)) - SCM became leader
2023-09-19 02:07:24,241 [IPC Server handler 2 on default port 15161] INFO  net.NetworkTopologyImpl (NetworkTopologyImpl.java:add(112)) - Added a new node: /default-rack/cb888b2f-aa43-4b14-8a4b-2497c9c1feb0
2023-09-19 02:07:24,241 [IPC Server handler 2 on default port 15161] INFO  node.SCMNodeManager (SCMNodeManager.java:register(405)) - Registered Data node : cb888b2f-aa43-4b14-8a4b-2497c9c1feb0{ip: 10.1.0.29, host: fv-az1031-92, ports: [HTTP=15177, CLIENT_RPC=15178, REPLICATION=15184, RATIS=15180, RATIS_ADMIN=15181, RATIS_SERVER=15182, RATIS_DATASTREAM=15183, STANDALONE=15179], networkLocation: /default-rack, certSerialId: null, persistedOpState: null, persistedOpStateExpiryEpochSec: 0}
2023-09-19 02:07:24,242 [EventQueue-NewNodeForNewNodeHandler] INFO  pipeline.BackgroundPipelineCreator (BackgroundPipelineCreator.java:notifyEventTriggered(277)) - trigger a one-shot run on RatisPipelineUtilsThread.
2023-09-19 02:07:24,242 [EventQueue-NodeRegistrationContainerReportForDataNodeSafeModeRule] INFO  safemode.SCMSafeModeManager (DataNodeSafeModeRule.java:process(71)) - SCM in safe mode. 2 DataNodes registered, 3 required.
2023-09-19 02:07:24,242 [RatisPipelineUtilsThread - 0] INFO  pipeline.RatisPipelineProvider (RatisPipelineProvider.java:lambda$create$0(206)) - Sending CreatePipelineCommand for pipeline:PipelineID=686d0f1f-5198-43e9-a832-71655aa32219 to datanode:cb888b2f-aa43-4b14-8a4b-2497c9c1feb0
2023-09-19 02:07:24,243 [RatisPipelineUtilsThread - 0] INFO  pipeline.BackgroundPipelineCreator (BackgroundPipelineCreator.java:createPipelines(233)) - Created new pipeline Pipeline[ Id: 686d0f1f-5198-43e9-a832-71655aa32219, Nodes: cb888b2f-aa43-4b14-8a4b-2497c9c1feb0(fv-az1031-92/10.1.0.29), ReplicationConfig: RATIS/ONE, State:ALLOCATED, leaderId:, CreationTimestamp2023-09-19T02:07:24.242Z[Etc/UTC]]
2023-09-19 02:07:24,528 [IPC Server handler 3 on default port 15161] INFO  net.NetworkTopologyImpl (NetworkTopologyImpl.java:add(112)) - Added a new node: /default-rack/765749c7-07d3-4ecd-8c14-ec59685a04c1
2023-09-19 02:07:24,528 [IPC Server handler 3 on default port 15161] INFO  node.SCMNodeManager (SCMNodeManager.java:register(405)) - Registered Data node : 765749c7-07d3-4ecd-8c14-ec59685a04c1{ip: 10.1.0.29, host: fv-az1031-92, ports: [HTTP=15186, CLIENT_RPC=15187, REPLICATION=15193, RATIS=15189, RATIS_ADMIN=15190, RATIS_SERVER=15191, RATIS_DATASTREAM=15192, STANDALONE=15188], networkLocation: /default-rack, certSerialId: null, persistedOpState: null, persistedOpStateExpiryEpochSec: 0}
2023-09-19 02:07:24,530 [EventQueue-NodeRegistrationContainerReportForDataNodeSafeModeRule] INFO  safemode.SCMSafeModeManager (DataNodeSafeModeRule.java:process(71)) - SCM in safe mode. 3 DataNodes registered, 3 required.
2023-09-19 02:07:24,530 [EventQueue-NodeRegistrationContainerReportForDataNodeSafeModeRule] INFO  safemode.SCMSafeModeManager (SCMSafeModeManager.java:validateSafeModeExitRules(200)) - DataNodeSafeModeRule rule is successfully validated
2023-09-19 02:07:24,530 [EventQueue-NodeRegistrationContainerReportForDataNodeSafeModeRule] INFO  safemode.SCMSafeModeManager (SCMSafeModeManager.java:completePreCheck(229)) - All SCM safe mode pre check rules have passed
2023-09-19 02:07:24,530 [EventQueue-NodeRegistrationContainerReportForDataNodeSafeModeRule] INFO  ha.SCMContext (SCMContext.java:updateSafeModeStatus(228)) - Update SafeModeStatus from SafeModeStatus{safeModeStatus=true, preCheckPassed=false} to SafeModeStatus{safeModeStatus=true, preCheckPassed=true}.
2023-09-19 02:07:24,530 [EventQueue-NodeRegistrationContainerReportForDataNodeSafeModeRule] INFO  pipeline.BackgroundPipelineCreator (BackgroundPipelineCreator.java:notifyEventTriggered(277)) - trigger a one-shot run on RatisPipelineUtilsThread.
2023-09-19 02:07:24,533 [EventQueue-NewNodeForNewNodeHandler] INFO  pipeline.BackgroundPipelineCreator (BackgroundPipelineCreator.java:notifyEventTriggered(277)) - trigger a one-shot run on RatisPipelineUtilsThread.
2023-09-19 02:07:24,533 [RatisPipelineUtilsThread - 0] INFO  pipeline.RatisPipelineProvider (RatisPipelineProvider.java:lambda$create$0(206)) - Sending CreatePipelineCommand for pipeline:PipelineID=6748c037-e7db-467c-afcb-682b53dcadba to datanode:765749c7-07d3-4ecd-8c14-ec59685a04c1
2023-09-19 02:07:24,533 [RatisPipelineUtilsThread - 0] INFO  pipeline.BackgroundPipelineCreator (BackgroundPipelineCreator.java:createPipelines(233)) - Created new pipeline Pipeline[ Id: 6748c037-e7db-467c-afcb-682b53dcadba, Nodes: 765749c7-07d3-4ecd-8c14-ec59685a04c1(fv-az1031-92/10.1.0.29), ReplicationConfig: RATIS/ONE, State:ALLOCATED, leaderId:, CreationTimestamp2023-09-19T02:07:24.533Z[Etc/UTC]]
2023-09-19 02:07:24,534 [RatisPipelineUtilsThread - 0] INFO  pipeline.RatisPipelineProvider (RatisPipelineProvider.java:lambda$create$0(206)) - Sending CreatePipelineCommand for pipeline:PipelineID=e40f93a8-b250-4f2c-b173-ad064dd7fe69 to datanode:2a4ddaa6-1a2b-4173-87e0-55a87acfd4f7
2023-09-19 02:07:24,534 [RatisPipelineUtilsThread - 0] INFO  pipeline.RatisPipelineProvider (RatisPipelineProvider.java:lambda$create$0(206)) - Sending CreatePipelineCommand for pipeline:PipelineID=e40f93a8-b250-4f2c-b173-ad064dd7fe69 to datanode:cb888b2f-aa43-4b14-8a4b-2497c9c1feb0
2023-09-19 02:07:24,534 [RatisPipelineUtilsThread - 0] INFO  pipeline.RatisPipelineProvider (RatisPipelineProvider.java:lambda$create$0(206)) - Sending CreatePipelineCommand for pipeline:PipelineID=e40f93a8-b250-4f2c-b173-ad064dd7fe69 to datanode:765749c7-07d3-4ecd-8c14-ec59685a04c1
2023-09-19 02:07:24,534 [RatisPipelineUtilsThread - 0] INFO  pipeline.BackgroundPipelineCreator (BackgroundPipelineCreator.java:createPipelines(233)) - Created new pipeline Pipeline[ Id: e40f93a8-b250-4f2c-b173-ad064dd7fe69, Nodes: 2a4ddaa6-1a2b-4173-87e0-55a87acfd4f7(fv-az1031-92/10.1.0.29)cb888b2f-aa43-4b14-8a4b-2497c9c1feb0(fv-az1031-92/10.1.0.29)765749c7-07d3-4ecd-8c14-ec59685a04c1(fv-az1031-92/10.1.0.29), ReplicationConfig: RATIS/THREE, State:ALLOCATED, leaderId:, CreationTimestamp2023-09-19T02:07:24.534Z[Etc/UTC]]
2023-09-19 02:07:24,535 [RatisPipelineUtilsThread - 0] INFO  pipeline.RatisPipelineProvider (RatisPipelineProvider.java:lambda$create$0(206)) - Sending CreatePipelineCommand for pipeline:PipelineID=fc344a9c-40ba-41f9-8083-331bc0ef53b0 to datanode:765749c7-07d3-4ecd-8c14-ec59685a04c1
2023-09-19 02:07:24,538 [RatisPipelineUtilsThread - 0] INFO  pipeline.RatisPipelineProvider (RatisPipelineProvider.java:lambda$create$0(206)) - Sending CreatePipelineCommand for pipeline:PipelineID=fc344a9c-40ba-41f9-8083-331bc0ef53b0 to datanode:2a4ddaa6-1a2b-4173-87e0-55a87acfd4f7
2023-09-19 02:07:24,538 [RatisPipelineUtilsThread - 0] INFO  pipeline.RatisPipelineProvider (RatisPipelineProvider.java:lambda$create$0(206)) - Sending CreatePipelineCommand for pipeline:PipelineID=fc344a9c-40ba-41f9-8083-331bc0ef53b0 to datanode:cb888b2f-aa43-4b14-8a4b-2497c9c1feb0
2023-09-19 02:07:24,539 [RatisPipelineUtilsThread - 0] INFO  pipeline.PipelineManagerImpl (PipelineManagerImpl.java:recordMetricsForPipeline(895)) - Pipeline: PipelineID=fc344a9c-40ba-41f9-8083-331bc0ef53b0 contains same datanodes as previous pipelines: PipelineID=e40f93a8-b250-4f2c-b173-ad064dd7fe69 nodeIds: 765749c7-07d3-4ecd-8c14-ec59685a04c1, 2a4ddaa6-1a2b-4173-87e0-55a87acfd4f7, cb888b2f-aa43-4b14-8a4b-2497c9c1feb0
2023-09-19 02:07:24,539 [RatisPipelineUtilsThread - 0] INFO  pipeline.BackgroundPipelineCreator (BackgroundPipelineCreator.java:createPipelines(233)) - Created new pipeline Pipeline[ Id: fc344a9c-40ba-41f9-8083-331bc0ef53b0, Nodes: 765749c7-07d3-4ecd-8c14-ec59685a04c1(fv-az1031-92/10.1.0.29)2a4ddaa6-1a2b-4173-87e0-55a87acfd4f7(fv-az1031-92/10.1.0.29)cb888b2f-aa43-4b14-8a4b-2497c9c1feb0(fv-az1031-92/10.1.0.29), ReplicationConfig: RATIS/THREE, State:ALLOCATED, leaderId:, CreationTimestamp2023-09-19T02:07:24.535Z[Etc/UTC]]
2023-09-19 02:07:24,814 [IPC Server handler 0 on default port 15161] INFO  net.NetworkTopologyImpl (NetworkTopologyImpl.java:add(112)) - Added a new node: /default-rack/7fbbbf63-2234-40cb-a883-34788a40cf43
2023-09-19 02:07:24,814 [IPC Server handler 0 on default port 15161] INFO  node.SCMNodeManager (SCMNodeManager.java:register(405)) - Registered Data node : 7fbbbf63-2234-40cb-a883-34788a40cf43{ip: 10.1.0.29, host: fv-az1031-92, ports: [HTTP=15195, CLIENT_RPC=15196, REPLICATION=15202, RATIS=15198, RATIS_ADMIN=15199, RATIS_SERVER=15200, RATIS_DATASTREAM=15201, STANDALONE=15197], networkLocation: /default-rack, certSerialId: null, persistedOpState: null, persistedOpStateExpiryEpochSec: 0}
2023-09-19 02:07:24,816 [EventQueue-NewNodeForNewNodeHandler] INFO  pipeline.BackgroundPipelineCreator (BackgroundPipelineCreator.java:notifyEventTriggered(277)) - trigger a one-shot run on RatisPipelineUtilsThread.
2023-09-19 02:07:24,816 [RatisPipelineUtilsThread - 0] INFO  pipeline.RatisPipelineProvider (RatisPipelineProvider.java:lambda$create$0(206)) - Sending CreatePipelineCommand for pipeline:PipelineID=0ee93072-13ee-4721-97a0-24c98c7269aa to datanode:7fbbbf63-2234-40cb-a883-34788a40cf43
2023-09-19 02:07:24,817 [RatisPipelineUtilsThread - 0] INFO  pipeline.BackgroundPipelineCreator (BackgroundPipelineCreator.java:createPipelines(233)) - Created new pipeline Pipeline[ Id: 0ee93072-13ee-4721-97a0-24c98c7269aa, Nodes: 7fbbbf63-2234-40cb-a883-34788a40cf43(fv-az1031-92/10.1.0.29), ReplicationConfig: RATIS/ONE, State:ALLOCATED, leaderId:, CreationTimestamp2023-09-19T02:07:24.816Z[Etc/UTC]]
2023-09-19 02:07:25,079 [main] INFO  ozone.MiniOzoneClusterImpl (MiniOzoneClusterImpl.java:lambda$waitForClusterToBeReady$0(224)) - Waiting for nodes to be ready. Got 4 of 5 DN Heartbeats.
2023-09-19 02:07:25,079 [main] INFO  ozone.MiniOzoneClusterImpl (MiniOzoneClusterImpl.java:lambda$waitForClusterToBeReady$0(227)) - Waiting for cluster to exit safe mode
2023-09-19 02:07:25,079 [main] INFO  ozone.MiniOzoneClusterImpl (MiniOzoneClusterImpl.java:lambda$waitForClusterToBeReady$0(229)) - SCM became leader
2023-09-19 02:07:25,080 [IPC Server handler 2 on default port 15161] INFO  net.NetworkTopologyImpl (NetworkTopologyImpl.java:add(112)) - Added a new node: /default-rack/92a1afef-9ecd-4787-9981-6f6f5d31539c
2023-09-19 02:07:25,080 [IPC Server handler 2 on default port 15161] INFO  node.SCMNodeManager (SCMNodeManager.java:register(405)) - Registered Data node : 92a1afef-9ecd-4787-9981-6f6f5d31539c{ip: 10.1.0.29, host: fv-az1031-92, ports: [HTTP=15204, CLIENT_RPC=15205, REPLICATION=15211, RATIS=15207, RATIS_ADMIN=15208, RATIS_SERVER=15209, RATIS_DATASTREAM=15210, STANDALONE=15206], networkLocation: /default-rack, certSerialId: null, persistedOpState: null, persistedOpStateExpiryEpochSec: 0}
2023-09-19 02:07:25,082 [EventQueue-NewNodeForNewNodeHandler] INFO  pipeline.BackgroundPipelineCreator (BackgroundPipelineCreator.java:notifyEventTriggered(277)) - trigger a one-shot run on RatisPipelineUtilsThread.
2023-09-19 02:07:25,082 [RatisPipelineUtilsThread - 0] INFO  pipeline.RatisPipelineProvider (RatisPipelineProvider.java:lambda$create$0(206)) - Sending CreatePipelineCommand for pipeline:PipelineID=d835ff96-391a-433a-ab49-8ccdddd235ce to datanode:92a1afef-9ecd-4787-9981-6f6f5d31539c
2023-09-19 02:07:25,083 [RatisPipelineUtilsThread - 0] INFO  pipeline.BackgroundPipelineCreator (BackgroundPipelineCreator.java:createPipelines(233)) - Created new pipeline Pipeline[ Id: d835ff96-391a-433a-ab49-8ccdddd235ce, Nodes: 92a1afef-9ecd-4787-9981-6f6f5d31539c(fv-az1031-92/10.1.0.29), ReplicationConfig: RATIS/ONE, State:ALLOCATED, leaderId:, CreationTimestamp2023-09-19T02:07:25.082Z[Etc/UTC]]
2023-09-19 02:07:26,079 [main] INFO  ozone.MiniOzoneClusterImpl (MiniOzoneClusterImpl.java:lambda$waitForClusterToBeReady$0(224)) - Nodes are ready. Got 5 of 5 DN Heartbeats.
2023-09-19 02:07:26,080 [main] INFO  ozone.MiniOzoneClusterImpl (MiniOzoneClusterImpl.java:lambda$waitForClusterToBeReady$0(227)) - Waiting for cluster to exit safe mode
2023-09-19 02:07:26,080 [main] INFO  ozone.MiniOzoneClusterImpl (MiniOzoneClusterImpl.java:lambda$waitForClusterToBeReady$0(229)) - SCM became leader
2023-09-19 02:07:26,968 [PipelineCommandHandlerThread-0] INFO  server.RaftServer (RaftServerProxy.java:addNew(98)) - 2a4ddaa6-1a2b-4173-87e0-55a87acfd4f7: addNew group-15D5946BC3B4:[2a4ddaa6-1a2b-4173-87e0-55a87acfd4f7|rpc:10.1.0.29:15173|admin:10.1.0.29:15172|client:10.1.0.29:15171|dataStream:10.1.0.29:15174|priority:1|startupRole:FOLLOWER] returns group-15D5946BC3B4:java.util.concurrent.CompletableFuture@e938fc6[Not completed]
2023-09-19 02:07:26,970 [2a4ddaa6-1a2b-4173-87e0-55a87acfd4f7-groupManagement] INFO  server.RaftServer$Division (RaftServerImpl.java:<init>(198)) - 2a4ddaa6-1a2b-4173-87e0-55a87acfd4f7: new RaftServerImpl for group-15D5946BC3B4:[2a4ddaa6-1a2b-4173-87e0-55a87acfd4f7|rpc:10.1.0.29:15173|admin:10.1.0.29:15172|client:10.1.0.29:15171|dataStream:10.1.0.29:15174|priority:1|startupRole:FOLLOWER] with ContainerStateMachine:uninitialized
2023-09-19 02:07:26,970 [2a4ddaa6-1a2b-4173-87e0-55a87acfd4f7-groupManagement] INFO  server.RaftServerConfigKeys (ConfUtils.java:logGet(46)) - raft.server.rpc.timeout.min = 5s (custom)
2023-09-19 02:07:26,970 [2a4ddaa6-1a2b-4173-87e0-55a87acfd4f7-groupManagement] INFO  server.RaftServerConfigKeys (ConfUtils.java:logGet(46)) - raft.server.rpc.timeout.max = 5200ms (custom)
2023-09-19 02:07:26,970 [2a4ddaa6-1a2b-4173-87e0-55a87acfd4f7-groupManagement] INFO  server.RaftServerConfigKeys (ConfUtils.java:logGet(46)) - raft.server.rpc.sleep.time = 25ms (default)
2023-09-19 02:07:26,970 [2a4ddaa6-1a2b-4173-87e0-55a87acfd4f7-groupManagement] INFO  server.RaftServerConfigKeys (ConfUtils.java:logGet(46)) - raft.server.rpc.slowness.timeout = 300s (custom)
2023-09-19 02:07:26,970 [2a4ddaa6-1a2b-4173-87e0-55a87acfd4f7-groupManagement] INFO  server.RaftServerConfigKeys (ConfUtils.java:logGet(46)) - raft.server.leaderelection.leader.step-down.wait-time = 10s (default)
2023-09-19 02:07:26,970 [2a4ddaa6-1a2b-4173-87e0-55a87acfd4f7-groupManagement] INFO  server.RaftServerConfigKeys (ConfUtils.java:logGet(46)) - raft.server.sleep.deviation.threshold = 300ms (default)
2023-09-19 02:07:26,970 [2a4ddaa6-1a2b-4173-87e0-55a87acfd4f7-groupManagement] INFO  server.RaftServer$Division (ServerState.java:<init>(120)) - 2a4ddaa6-1a2b-4173-87e0-55a87acfd4f7@group-15D5946BC3B4: ConfigurationManager, init=-1: peers:[2a4ddaa6-1a2b-4173-87e0-55a87acfd4f7|rpc:10.1.0.29:15173|admin:10.1.0.29:15172|client:10.1.0.29:15171|dataStream:10.1.0.29:15174|priority:1|startupRole:FOLLOWER]|listeners:[], old=null, confs=<EMPTY_MAP>
2023-09-19 02:07:26,970 [2a4ddaa6-1a2b-4173-87e0-55a87acfd4f7-groupManagement] INFO  server.RaftServerConfigKeys (ConfUtils.java:logGet(46)) - raft.server.storage.dir = [/home/runner/work/ozone/ozone/hadoop-ozone/integration-test/target/test-dir/MiniOzoneClusterImpl-42a12def-4a0d-4036-8984-dc8d5bb9e99a/datanode-0/data/ratis] (custom)
2023-09-19 02:07:26,970 [2a4ddaa6-1a2b-4173-87e0-55a87acfd4f7-groupManagement] INFO  server.RaftServerConfigKeys (ConfUtils.java:logGet(46)) - raft.server.log.corruption.policy = EXCEPTION (default)
2023-09-19 02:07:26,971 [2a4ddaa6-1a2b-4173-87e0-55a87acfd4f7-groupManagement] INFO  server.RaftServerConfigKeys (ConfUtils.java:logGet(46)) - raft.server.storage.free-space.min = 0MB (=0) (default)
2023-09-19 02:07:26,971 [2a4ddaa6-1a2b-4173-87e0-55a87acfd4f7-groupManagement] INFO  server.RaftServerConfigKeys (ConfUtils.java:logGet(46)) - raft.server.notification.no-leader.timeout = 300s (custom)
2023-09-19 02:07:26,971 [2a4ddaa6-1a2b-4173-87e0-55a87acfd4f7-groupManagement] INFO  server.RaftServerConfigKeys (ConfUtils.java:logGet(46)) - raft.server.read.timeout = 10s (default)
2023-09-19 02:07:26,971 [2a4ddaa6-1a2b-4173-87e0-55a87acfd4f7-groupManagement] INFO  server.RaftServerConfigKeys (ConfUtils.java:logGet(46)) - raft.server.retrycache.expirytime = 600000ms (custom)
2023-09-19 02:07:26,971 [2a4ddaa6-1a2b-4173-87e0-55a87acfd4f7-groupManagement] INFO  server.RaftServerConfigKeys (ConfUtils.java:logGet(46)) - raft.server.retrycache.statistics.expirytime = 100μs (default)
2023-09-19 02:07:26,971 [2a4ddaa6-1a2b-4173-87e0-55a87acfd4f7-groupManagement] INFO  server.RaftServerConfigKeys (ConfUtils.java:logGet(46)) - raft.server.read.option = DEFAULT (default)
2023-09-19 02:07:26,971 [2a4ddaa6-1a2b-4173-87e0-55a87acfd4f7-groupManagement] INFO  server.RaftServerConfigKeys (ConfUtils.java:logGet(46)) - raft.server.rpc.request.timeout = 60s (custom)
2023-09-19 02:07:26,971 [2a4ddaa6-1a2b-4173-87e0-55a87acfd4f7-groupManagement] INFO  server.RaftServerConfigKeys (ConfUtils.java:logGet(46)) - raft.server.log.appender.install.snapshot.enabled = false (custom)
2023-09-19 02:07:26,971 [2a4ddaa6-1a2b-4173-87e0-55a87acfd4f7-groupManagement] INFO  server.RaftServerConfigKeys (ConfUtils.java:logGet(46)) - raft.server.threadpool.server.cached = true (default)
2023-09-19 02:07:26,971 [2a4ddaa6-1a2b-4173-87e0-55a87acfd4f7-groupManagement] INFO  server.RaftServerConfigKeys (ConfUtils.java:logGet(46)) - raft.server.threadpool.server.size = 0 (default)
2023-09-19 02:07:26,972 [2a4ddaa6-1a2b-4173-87e0-55a87acfd4f7-groupManagement] INFO  server.RaftServerConfigKeys (ConfUtils.java:logGet(46)) - raft.server.threadpool.client.cached = true (default)
2023-09-19 02:07:26,972 [2a4ddaa6-1a2b-4173-87e0-55a87acfd4f7-groupManagement] INFO  server.RaftServerConfigKeys (ConfUtils.java:logGet(46)) - raft.server.threadpool.client.size = 0 (default)
2023-09-19 02:07:26,972 [2a4ddaa6-1a2b-4173-87e0-55a87acfd4f7-groupManagement] INFO  storage.RaftStorageDirectory (RaftStorageDirectoryImpl.java:analyzeStorage(137)) - The storage directory /home/runner/work/ozone/ozone/hadoop-ozone/integration-test/target/test-dir/MiniOzoneClusterImpl-42a12def-4a0d-4036-8984-dc8d5bb9e99a/datanode-0/data/ratis/c11389d8-9bb1-4f5c-b9e8-15d5946bc3b4 does not exist. Creating ...
2023-09-19 02:07:26,973 [2a4ddaa6-1a2b-4173-87e0-55a87acfd4f7-groupManagement] INFO  storage.RaftStorageDirectory (RaftStorageDirectoryImpl.java:tryLock(231)) - Lock on /home/runner/work/ozone/ozone/hadoop-ozone/integration-test/target/test-dir/MiniOzoneClusterImpl-42a12def-4a0d-4036-8984-dc8d5bb9e99a/datanode-0/data/ratis/c11389d8-9bb1-4f5c-b9e8-15d5946bc3b4/in_use.lock acquired by nodename 7315@fv-az1031-92
2023-09-19 02:07:26,974 [2a4ddaa6-1a2b-4173-87e0-55a87acfd4f7-groupManagement] INFO  storage.RaftStorage (RaftStorageImpl.java:format(96)) - Storage directory /home/runner/work/ozone/ozone/hadoop-ozone/integration-test/target/test-dir/MiniOzoneClusterImpl-42a12def-4a0d-4036-8984-dc8d5bb9e99a/datanode-0/data/ratis/c11389d8-9bb1-4f5c-b9e8-15d5946bc3b4 has been successfully formatted.
2023-09-19 02:07:26,980 [2a4ddaa6-1a2b-4173-87e0-55a87acfd4f7-groupManagement] INFO  ratis.ContainerStateMachine (ContainerStateMachine.java:loadSnapshot(262)) - group-15D5946BC3B4: The snapshot info is null. Setting the last applied indexto:(t:0, i:~)
2023-09-19 02:07:26,980 [2a4ddaa6-1a2b-4173-87e0-55a87acfd4f7-groupManagement] INFO  server.RaftServerConfigKeys (ConfUtils.java:logGet(46)) - raft.server.log.use.memory = false (default)
2023-09-19 02:07:26,981 [2a4ddaa6-1a2b-4173-87e0-55a87acfd4f7-groupManagement] INFO  server.RaftServerConfigKeys (ConfUtils.java:logGet(46)) - raft.server.log.purge.gap = 1000000 (custom)
2023-09-19 02:07:26,981 [2a4ddaa6-1a2b-4173-87e0-55a87acfd4f7-groupManagement] INFO  server.RaftServerConfigKeys (ConfUtils.java:logGet(46)) - raft.server.log.appender.buffer.byte-limit = 33554432 (custom)
2023-09-19 02:07:26,981 [2a4ddaa6-1a2b-4173-87e0-55a87acfd4f7-groupManagement] INFO  server.RaftServerConfigKeys (ConfUtils.java:logGet(46)) - raft.server.log.statemachine.data.read.timeout = 1000ms (default)
2023-09-19 02:07:26,981 [2a4ddaa6-1a2b-4173-87e0-55a87acfd4f7-groupManagement] INFO  server.RaftServerConfigKeys (ConfUtils.java:logGet(46)) - raft.server.log.purge.preservation.log.num = 0 (default)
2023-09-19 02:07:26,981 [2a4ddaa6-1a2b-4173-87e0-55a87acfd4f7-groupManagement] INFO  server.RaftServerConfigKeys (ConfUtils.java:logGet(46)) - raft.server.log.segment.size.max = 1048576 (custom)
2023-09-19 02:07:26,981 [EventQueue-PipelineReportForPipelineReportHandler] INFO  pipeline.PipelineReportHandler (PipelineReportHandler.java:processPipelineReport(136)) - Opened pipeline PipelineID=c11389d8-9bb1-4f5c-b9e8-15d5946bc3b4
2023-09-19 02:07:26,982 [2a4ddaa6-1a2b-4173-87e0-55a87acfd4f7-groupManagement] INFO  server.RaftServerConfigKeys (ConfUtils.java:logGet(46)) - raft.server.log.segment.cache.num.max = 2 (custom)
2023-09-19 02:07:26,983 [2a4ddaa6-1a2b-4173-87e0-55a87acfd4f7-groupManagement] INFO  server.RaftServerConfigKeys (ConfUtils.java:logGet(46)) - raft.server.log.segment.cache.size.max = 200MB (=209715200) (default)
2023-09-19 02:07:26,983 [2a4ddaa6-1a2b-4173-87e0-55a87acfd4f7-groupManagement] INFO  server.RaftServerConfigKeys (ConfUtils.java:logGet(46)) - raft.server.log.appender.buffer.byte-limit = 33554432 (custom)
2023-09-19 02:07:26,986 [2a4ddaa6-1a2b-4173-87e0-55a87acfd4f7-groupManagement] INFO  segmented.SegmentedRaftLogWorker (SegmentedRaftLogWorker.java:<init>(188)) - new 2a4ddaa6-1a2b-4173-87e0-55a87acfd4f7@group-15D5946BC3B4-SegmentedRaftLogWorker for RaftStorageImpl:Storage Directory /home/runner/work/ozone/ozone/hadoop-ozone/integration-test/target/test-dir/MiniOzoneClusterImpl-42a12def-4a0d-4036-8984-dc8d5bb9e99a/datanode-0/data/ratis/c11389d8-9bb1-4f5c-b9e8-15d5946bc3b4
2023-09-19 02:07:26,986 [EventQueue-OpenPipelineForHealthyPipelineSafeModeRule] INFO  safemode.SCMSafeModeManager (HealthyPipelineSafeModeRule.java:process(137)) - SCM in safe mode. Healthy pipelines reported count is 0, required healthy pipeline reported count is 1
2023-09-19 02:07:26,986 [2a4ddaa6-1a2b-4173-87e0-55a87acfd4f7-groupManagement] INFO  server.RaftServerConfigKeys (ConfUtils.java:logGet(46)) - raft.server.log.queue.byte-limit = 4294967296 (custom)
2023-09-19 02:07:26,986 [2a4ddaa6-1a2b-4173-87e0-55a87acfd4f7-groupManagement] INFO  server.RaftServerConfigKeys (ConfUtils.java:logGet(46)) - raft.server.log.queue.element-limit = 1024 (custom)
2023-09-19 02:07:26,986 [2a4ddaa6-1a2b-4173-87e0-55a87acfd4f7-groupManagement] INFO  server.RaftServerConfigKeys (ConfUtils.java:logGet(46)) - raft.server.log.segment.size.max = 1048576 (custom)
2023-09-19 02:07:26,986 [2a4ddaa6-1a2b-4173-87e0-55a87acfd4f7-groupManagement] INFO  server.RaftServerConfigKeys (ConfUtils.java:logGet(46)) - raft.server.log.preallocated.size = 16384 (custom)
2023-09-19 02:07:26,987 [2a4ddaa6-1a2b-4173-87e0-55a87acfd4f7-groupManagement] INFO  server.RaftServerConfigKeys (ConfUtils.java:logGet(46)) - raft.server.log.force.sync.num = 128 (default)
2023-09-19 02:07:26,987 [2a4ddaa6-1a2b-4173-87e0-55a87acfd4f7-groupManagement] INFO  server.RaftServerConfigKeys (ConfUtils.java:logGet(46)) - raft.server.log.statemachine.data.sync = true (default)
2023-09-19 02:07:26,987 [2a4ddaa6-1a2b-4173-87e0-55a87acfd4f7-groupManagement] INFO  server.RaftServerConfigKeys (ConfUtils.java:logGet(46)) - raft.server.log.statemachine.data.sync.timeout = 10s (default)
2023-09-19 02:07:26,987 [2a4ddaa6-1a2b-4173-87e0-55a87acfd4f7-groupManagement] INFO  server.RaftServerConfigKeys (ConfUtils.java:logGet(46)) - raft.server.log.statemachine.data.sync.timeout.retry = -1 (default)
2023-09-19 02:07:26,987 [2a4ddaa6-1a2b-4173-87e0-55a87acfd4f7-groupManagement] INFO  server.RaftServerConfigKeys (ConfUtils.java:logGet(46)) - raft.server.log.write.buffer.size = 1048576 (custom)
2023-09-19 02:07:26,987 [2a4ddaa6-1a2b-4173-87e0-55a87acfd4f7-groupManagement] INFO  server.RaftServerConfigKeys (ConfUtils.java:logGet(46)) - raft.server.log.appender.buffer.byte-limit = 33554432 (custom)
2023-09-19 02:07:26,992 [2a4ddaa6-1a2b-4173-87e0-55a87acfd4f7-groupManagement] INFO  server.RaftServerConfigKeys (ConfUtils.java:logGet(46)) - raft.server.log.unsafe-flush.enabled = false (default)
2023-09-19 02:07:26,992 [2a4ddaa6-1a2b-4173-87e0-55a87acfd4f7-groupManagement] INFO  server.RaftServerConfigKeys (ConfUtils.java:logGet(46)) - raft.server.log.async-flush.enabled = false (default)
2023-09-19 02:07:26,992 [2a4ddaa6-1a2b-4173-87e0-55a87acfd4f7-groupManagement] INFO  server.RaftServerConfigKeys (ConfUtils.java:logGet(46)) - raft.server.log.statemachine.data.caching.enabled = true (custom)
2023-09-19 02:07:26,992 [2a4ddaa6-1a2b-4173-87e0-55a87acfd4f7-groupManagement] INFO  segmented.SegmentedRaftLogWorker (SegmentedRaftLogWorker.java:lambda$new$0(135)) - 2a4ddaa6-1a2b-4173-87e0-55a87acfd4f7@group-15D5946BC3B4-SegmentedRaftLogWorker: flushIndex: setUnconditionally 0 -> -1
2023-09-19 02:07:26,992 [2a4ddaa6-1a2b-4173-87e0-55a87acfd4f7-groupManagement] INFO  segmented.SegmentedRaftLogWorker (SegmentedRaftLogWorker.java:lambda$new$0(135)) - 2a4ddaa6-1a2b-4173-87e0-55a87acfd4f7@group-15D5946BC3B4-SegmentedRaftLogWorker: safeCacheEvictIndex: setUnconditionally 0 -> -1
2023-09-19 02:07:26,992 [2a4ddaa6-1a2b-4173-87e0-55a87acfd4f7-groupManagement] INFO  server.RaftServer$Division (RaftServerImpl.java:start(342)) - 2a4ddaa6-1a2b-4173-87e0-55a87acfd4f7@group-15D5946BC3B4: start as a follower, conf=-1: peers:[2a4ddaa6-1a2b-4173-87e0-55a87acfd4f7|rpc:10.1.0.29:15173|admin:10.1.0.29:15172|client:10.1.0.29:15171|dataStream:10.1.0.29:15174|priority:1|startupRole:FOLLOWER]|listeners:[], old=null
2023-09-19 02:07:26,992 [2a4ddaa6-1a2b-4173-87e0-55a87acfd4f7-groupManagement] INFO  server.RaftServer$Division (RaftServerImpl.java:setRole(329)) - 2a4ddaa6-1a2b-4173-87e0-55a87acfd4f7@group-15D5946BC3B4: changes role from      null to FOLLOWER at term 0 for startAsFollower
2023-09-19 02:07:26,993 [2a4ddaa6-1a2b-4173-87e0-55a87acfd4f7-groupManagement] INFO  impl.RoleInfo (RoleInfo.java:updateAndGet(139)) - 2a4ddaa6-1a2b-4173-87e0-55a87acfd4f7: start 2a4ddaa6-1a2b-4173-87e0-55a87acfd4f7@group-15D5946BC3B4-FollowerState
2023-09-19 02:07:26,993 [2a4ddaa6-1a2b-4173-87e0-55a87acfd4f7-groupManagement] INFO  util.JmxRegister (JmxRegister.java:tryRegister(44)) - Successfully registered JMX Bean with object name Ratis:service=RaftServer,group=group-15D5946BC3B4,id=2a4ddaa6-1a2b-4173-87e0-55a87acfd4f7
2023-09-19 02:07:26,993 [2a4ddaa6-1a2b-4173-87e0-55a87acfd4f7-groupManagement] INFO  server.RaftServerConfigKeys (ConfUtils.java:logGet(46)) - raft.server.snapshot.auto.trigger.enabled = true (custom)
2023-09-19 02:07:26,993 [2a4ddaa6-1a2b-4173-87e0-55a87acfd4f7-groupManagement] INFO  server.RaftServerConfigKeys (ConfUtils.java:logGet(46)) - raft.server.snapshot.auto.trigger.threshold = 10000 (custom)
2023-09-19 02:07:26,993 [2a4ddaa6-1a2b-4173-87e0-55a87acfd4f7-groupManagement] INFO  server.RaftServerConfigKeys (ConfUtils.java:logGet(46)) - raft.server.snapshot.retention.file.num = 5 (custom)
2023-09-19 02:07:26,993 [2a4ddaa6-1a2b-4173-87e0-55a87acfd4f7-groupManagement] INFO  server.RaftServerConfigKeys (ConfUtils.java:logGet(46)) - raft.server.log.purge.upto.snapshot.index = false (default)
2023-09-19 02:07:26,993 [2a4ddaa6-1a2b-4173-87e0-55a87acfd4f7@group-15D5946BC3B4-FollowerState] INFO  server.RaftServerConfigKeys (ConfUtils.java:logFallback(53)) - raft.server.rpc.first-election.timeout.min = 5s (fallback to raft.server.rpc.timeout.min)
2023-09-19 02:07:26,993 [2a4ddaa6-1a2b-4173-87e0-55a87acfd4f7@group-15D5946BC3B4-FollowerState] INFO  server.RaftServerConfigKeys (ConfUtils.java:logFallback(53)) - raft.server.rpc.first-election.timeout.max = 5200ms (fallback to raft.server.rpc.timeout.max)
2023-09-19 02:07:26,994 [PipelineCommandHandlerThread-0] INFO  ratis.XceiverServerRatis (XceiverServerRatis.java:addGroup(804)) - Created group PipelineID=c11389d8-9bb1-4f5c-b9e8-15d5946bc3b4
2023-09-19 02:07:26,994 [PipelineCommandHandlerThread-0] INFO  commandhandler.CreatePipelineCommandHandler (CreatePipelineCommandHandler.java:lambda$handle$2(124)) - Created Pipeline RATIS ONE PipelineID=c11389d8-9bb1-4f5c-b9e8-15d5946bc3b4.
2023-09-19 02:07:26,994 [PipelineCommandHandlerThread-0] INFO  server.RaftServer (RaftServerProxy.java:addNew(98)) - 2a4ddaa6-1a2b-4173-87e0-55a87acfd4f7: addNew group-AD064DD7FE69:[765749c7-07d3-4ecd-8c14-ec59685a04c1|rpc:10.1.0.29:15191|admin:10.1.0.29:15190|client:10.1.0.29:15189|dataStream:10.1.0.29:15192|priority:0|startupRole:FOLLOWER, 2a4ddaa6-1a2b-4173-87e0-55a87acfd4f7|rpc:10.1.0.29:15173|admin:10.1.0.29:15172|client:10.1.0.29:15171|dataStream:10.1.0.29:15174|priority:1|startupRole:FOLLOWER, cb888b2f-aa43-4b14-8a4b-2497c9c1feb0|rpc:10.1.0.29:15182|admin:10.1.0.29:15181|client:10.1.0.29:15180|dataStream:10.1.0.29:15183|priority:0|startupRole:FOLLOWER] returns group-AD064DD7FE69:java.util.concurrent.CompletableFuture@aac1acc[Not completed]
2023-09-19 02:07:26,995 [2a4ddaa6-1a2b-4173-87e0-55a87acfd4f7-groupManagement] INFO  server.RaftServer$Division (RaftServerImpl.java:<init>(198)) - 2a4ddaa6-1a2b-4173-87e0-55a87acfd4f7: new RaftServerImpl for group-AD064DD7FE69:[765749c7-07d3-4ecd-8c14-ec59685a04c1|rpc:10.1.0.29:15191|admin:10.1.0.29:15190|client:10.1.0.29:15189|dataStream:10.1.0.29:15192|priority:0|startupRole:FOLLOWER, 2a4ddaa6-1a2b-4173-87e0-55a87acfd4f7|rpc:10.1.0.29:15173|admin:10.1.0.29:15172|client:10.1.0.29:15171|dataStream:10.1.0.29:15174|priority:1|startupRole:FOLLOWER, cb888b2f-aa43-4b14-8a4b-2497c9c1feb0|rpc:10.1.0.29:15182|admin:10.1.0.29:15181|client:10.1.0.29:15180|dataStream:10.1.0.29:15183|priority:0|startupRole:FOLLOWER] with ContainerStateMachine:uninitialized
2023-09-19 02:07:26,995 [2a4ddaa6-1a2b-4173-87e0-55a87acfd4f7-groupManagement] INFO  server.RaftServerConfigKeys (ConfUtils.java:logGet(46)) - raft.server.rpc.timeout.min = 5s (custom)
2023-09-19 02:07:26,995 [2a4ddaa6-1a2b-4173-87e0-55a87acfd4f7-groupManagement] INFO  server.RaftServerConfigKeys (ConfUtils.java:logGet(46)) - raft.server.rpc.timeout.max = 5200ms (custom)
2023-09-19 02:07:26,995 [2a4ddaa6-1a2b-4173-87e0-55a87acfd4f7-groupManagement] INFO  server.RaftServerConfigKeys (ConfUtils.java:logGet(46)) - raft.server.rpc.sleep.time = 25ms (default)
2023-09-19 02:07:26,995 [2a4ddaa6-1a2b-4173-87e0-55a87acfd4f7-groupManagement] INFO  server.RaftServerConfigKeys (ConfUtils.java:logGet(46)) - raft.server.rpc.slowness.timeout = 300s (custom)
2023-09-19 02:07:26,995 [2a4ddaa6-1a2b-4173-87e0-55a87acfd4f7-groupManagement] INFO  server.RaftServerConfigKeys (ConfUtils.java:logGet(46)) - raft.server.leaderelection.leader.step-down.wait-time = 10s (default)
2023-09-19 02:07:26,995 [2a4ddaa6-1a2b-4173-87e0-55a87acfd4f7-groupManagement] INFO  server.RaftServerConfigKeys (ConfUtils.java:logGet(46)) - raft.server.sleep.deviation.threshold = 300ms (default)
2023-09-19 02:07:26,995 [2a4ddaa6-1a2b-4173-87e0-55a87acfd4f7-groupManagement] INFO  server.RaftServer$Division (ServerState.java:<init>(120)) - 2a4ddaa6-1a2b-4173-87e0-55a87acfd4f7@group-AD064DD7FE69: ConfigurationManager, init=-1: peers:[765749c7-07d3-4ecd-8c14-ec59685a04c1|rpc:10.1.0.29:15191|admin:10.1.0.29:15190|client:10.1.0.29:15189|dataStream:10.1.0.29:15192|priority:0|startupRole:FOLLOWER, 2a4ddaa6-1a2b-4173-87e0-55a87acfd4f7|rpc:10.1.0.29:15173|admin:10.1.0.29:15172|client:10.1.0.29:15171|dataStream:10.1.0.29:15174|priority:1|startupRole:FOLLOWER, cb888b2f-aa43-4b14-8a4b-2497c9c1feb0|rpc:10.1.0.29:15182|admin:10.1.0.29:15181|client:10.1.0.29:15180|dataStream:10.1.0.29:15183|priority:0|startupRole:FOLLOWER]|listeners:[], old=null, confs=<EMPTY_MAP>
2023-09-19 02:07:26,995 [2a4ddaa6-1a2b-4173-87e0-55a87acfd4f7-groupManagement] INFO  server.RaftServerConfigKeys (ConfUtils.java:logGet(46)) - raft.server.storage.dir = [/home/runner/work/ozone/ozone/hadoop-ozone/integration-test/target/test-dir/MiniOzoneClusterImpl-42a12def-4a0d-4036-8984-dc8d5bb9e99a/datanode-0/data/ratis] (custom)
2023-09-19 02:07:26,995 [2a4ddaa6-1a2b-4173-87e0-55a87acfd4f7-groupManagement] INFO  server.RaftServerConfigKeys (ConfUtils.java:logGet(46)) - raft.server.log.corruption.policy = EXCEPTION (default)
2023-09-19 02:07:26,995 [2a4ddaa6-1a2b-4173-87e0-55a87acfd4f7-groupManagement] INFO  server.RaftServerConfigKeys (ConfUtils.java:logGet(46)) - raft.server.storage.free-space.min = 0MB (=0) (default)
2023-09-19 02:07:26,995 [2a4ddaa6-1a2b-4173-87e0-55a87acfd4f7-groupManagement] INFO  server.RaftServerConfigKeys (ConfUtils.java:logGet(46)) - raft.server.notification.no-leader.timeout = 300s (custom)
2023-09-19 02:07:26,995 [2a4ddaa6-1a2b-4173-87e0-55a87acfd4f7-groupManagement] INFO  server.RaftServerConfigKeys (ConfUtils.java:logGet(46)) - raft.server.read.timeout = 10s (default)
2023-09-19 02:07:26,996 [2a4ddaa6-1a2b-4173-87e0-55a87acfd4f7-groupManagement] INFO  server.RaftServerConfigKeys (ConfUtils.java:logGet(46)) - raft.server.retrycache.expirytime = 600000ms (custom)
2023-09-19 02:07:26,996 [2a4ddaa6-1a2b-4173-87e0-55a87acfd4f7-groupManagement] INFO  server.RaftServerConfigKeys (ConfUtils.java:logGet(46)) - raft.server.retrycache.statistics.expirytime = 100μs (default)
2023-09-19 02:07:26,996 [2a4ddaa6-1a2b-4173-87e0-55a87acfd4f7-groupManagement] INFO  server.RaftServerConfigKeys (ConfUtils.java:logGet(46)) - raft.server.read.option = DEFAULT (default)
2023-09-19 02:07:26,996 [2a4ddaa6-1a2b-4173-87e0-55a87acfd4f7-groupManagement] INFO  server.RaftServerConfigKeys (ConfUtils.java:logGet(46)) - raft.server.rpc.request.timeout = 60s (custom)
2023-09-19 02:07:26,996 [2a4ddaa6-1a2b-4173-87e0-55a87acfd4f7-groupManagement] INFO  server.RaftServerConfigKeys (ConfUtils.java:logGet(46)) - raft.server.log.appender.install.snapshot.enabled = false (custom)
2023-09-19 02:07:26,996 [2a4ddaa6-1a2b-4173-87e0-55a87acfd4f7-groupManagement] INFO  server.RaftServerConfigKeys (ConfUtils.java:logGet(46)) - raft.server.threadpool.server.cached = true (default)
2023-09-19 02:07:26,996 [2a4ddaa6-1a2b-4173-87e0-55a87acfd4f7-groupManagement] INFO  server.RaftServerConfigKeys (ConfUtils.java:logGet(46)) - raft.server.threadpool.server.size = 0 (default)
2023-09-19 02:07:26,996 [2a4ddaa6-1a2b-4173-87e0-55a87acfd4f7-groupManagement] INFO  server.RaftServerConfigKeys (ConfUtils.java:logGet(46)) - raft.server.threadpool.client.cached = true (default)
2023-09-19 02:07:26,996 [2a4ddaa6-1a2b-4173-87e0-55a87acfd4f7-groupManagement] INFO  server.RaftServerConfigKeys (ConfUtils.java:logGet(46)) - raft.server.threadpool.client.size = 0 (default)
2023-09-19 02:07:26,996 [2a4ddaa6-1a2b-4173-87e0-55a87acfd4f7-groupManagement] INFO  storage.RaftStorageDirectory (RaftStorageDirectoryImpl.java:analyzeStorage(137)) - The storage directory /home/runner/work/ozone/ozone/hadoop-ozone/integration-test/target/test-dir/MiniOzoneClusterImpl-42a12def-4a0d-4036-8984-dc8d5bb9e99a/datanode-0/data/ratis/e40f93a8-b250-4f2c-b173-ad064dd7fe69 does not exist. Creating ...
2023-09-19 02:07:26,997 [2a4ddaa6-1a2b-4173-87e0-55a87acfd4f7-groupManagement] INFO  storage.RaftStorageDirectory (RaftStorageDirectoryImpl.java:tryLock(231)) - Lock on /home/runner/work/ozone/ozone/hadoop-ozone/integration-test/target/test-dir/MiniOzoneClusterImpl-42a12def-4a0d-4036-8984-dc8d5bb9e99a/datanode-0/data/ratis/e40f93a8-b250-4f2c-b173-ad064dd7fe69/in_use.lock acquired by nodename 7315@fv-az1031-92
2023-09-19 02:07:26,999 [2a4ddaa6-1a2b-4173-87e0-55a87acfd4f7-groupManagement] INFO  storage.RaftStorage (RaftStorageImpl.java:format(96)) - Storage directory /home/runner/work/ozone/ozone/hadoop-ozone/integration-test/target/test-dir/MiniOzoneClusterImpl-42a12def-4a0d-4036-8984-dc8d5bb9e99a/datanode-0/data/ratis/e40f93a8-b250-4f2c-b173-ad064dd7fe69 has been successfully formatted.
2023-09-19 02:07:26,999 [2a4ddaa6-1a2b-4173-87e0-55a87acfd4f7-groupManagement] INFO  ratis.ContainerStateMachine (ContainerStateMachine.java:loadSnapshot(262)) - group-AD064DD7FE69: The snapshot info is null. Setting the last applied indexto:(t:0, i:~)
2023-09-19 02:07:26,999 [2a4ddaa6-1a2b-4173-87e0-55a87acfd4f7-groupManagement] INFO  server.RaftServerConfigKeys (ConfUtils.java:logGet(46)) - raft.server.log.use.memory = false (default)
2023-09-19 02:07:26,999 [2a4ddaa6-1a2b-4173-87e0-55a87acfd4f7-groupManagement] INFO  server.RaftServerConfigKeys (ConfUtils.java:logGet(46)) - raft.server.log.purge.gap = 1000000 (custom)
2023-09-19 02:07:26,999 [2a4ddaa6-1a2b-4173-87e0-55a87acfd4f7-groupManagement] INFO  server.RaftServerConfigKeys (ConfUtils.java:logGet(46)) - raft.server.log.appender.buffer.byte-limit = 33554432 (custom)
2023-09-19 02:07:26,999 [2a4ddaa6-1a2b-4173-87e0-55a87acfd4f7-groupManagement] INFO  server.RaftServerConfigKeys (ConfUtils.java:logGet(46)) - raft.server.log.statemachine.data.read.timeout = 1000ms (default)
2023-09-19 02:07:27,000 [EventQueue-OpenPipelineForHealthyPipelineSafeModeRule] INFO  safemode.SCMSafeModeManager (HealthyPipelineSafeModeRule.java:process(137)) - SCM in safe mode. Healthy pipelines reported count is 0, required healthy pipeline reported count is 1
2023-09-19 02:07:27,000 [2a4ddaa6-1a2b-4173-87e0-55a87acfd4f7-groupManagement] INFO  server.RaftServerConfigKeys (ConfUtils.java:logGet(46)) - raft.server.log.purge.preservation.log.num = 0 (default)
2023-09-19 02:07:27,000 [2a4ddaa6-1a2b-4173-87e0-55a87acfd4f7-groupManagement] INFO  server.RaftServerConfigKeys (ConfUtils.java:logGet(46)) - raft.server.log.segment.size.max = 1048576 (custom)
2023-09-19 02:07:27,000 [2a4ddaa6-1a2b-4173-87e0-55a87acfd4f7-groupManagement] INFO  server.RaftServerConfigKeys (ConfUtils.java:logGet(46)) - raft.server.log.segment.cache.num.max = 2 (custom)
2023-09-19 02:07:27,000 [2a4ddaa6-1a2b-4173-87e0-55a87acfd4f7-groupManagement] INFO  server.RaftServerConfigKeys (ConfUtils.java:logGet(46)) - raft.server.log.segment.cache.size.max = 200MB (=209715200) (default)
2023-09-19 02:07:27,000 [2a4ddaa6-1a2b-4173-87e0-55a87acfd4f7-groupManagement] INFO  server.RaftServerConfigKeys (ConfUtils.java:logGet(46)) - raft.server.log.appender.buffer.byte-limit = 33554432 (custom)
2023-09-19 02:07:27,000 [2a4ddaa6-1a2b-4173-87e0-55a87acfd4f7-groupManagement] INFO  segmented.SegmentedRaftLogWorker (SegmentedRaftLogWorker.java:<init>(188)) - new 2a4ddaa6-1a2b-4173-87e0-55a87acfd4f7@group-AD064DD7FE69-SegmentedRaftLogWorker for RaftStorageImpl:Storage Directory /home/runner/work/ozone/ozone/hadoop-ozone/integration-test/target/test-dir/MiniOzoneClusterImpl-42a12def-4a0d-4036-8984-dc8d5bb9e99a/datanode-0/data/ratis/e40f93a8-b250-4f2c-b173-ad064dd7fe69
2023-09-19 02:07:27,000 [2a4ddaa6-1a2b-4173-87e0-55a87acfd4f7-groupManagement] INFO  server.RaftServerConfigKeys (ConfUtils.java:logGet(46)) - raft.server.log.queue.byte-limit = 4294967296 (custom)
2023-09-19 02:07:27,000 [2a4ddaa6-1a2b-4173-87e0-55a87acfd4f7-groupManagement] INFO  server.RaftServerConfigKeys (ConfUtils.java:logGet(46)) - raft.server.log.queue.element-limit = 1024 (custom)
2023-09-19 02:07:27,000 [2a4ddaa6-1a2b-4173-87e0-55a87acfd4f7-groupManagement] INFO  server.RaftServerConfigKeys (ConfUtils.java:logGet(46)) - raft.server.log.segment.size.max = 1048576 (custom)
2023-09-19 02:07:27,000 [2a4ddaa6-1a2b-4173-87e0-55a87acfd4f7-groupManagement] INFO  server.RaftServerConfigKeys (ConfUtils.java:logGet(46)) - raft.server.log.preallocated.size = 16384 (custom)
2023-09-19 02:07:27,000 [2a4ddaa6-1a2b-4173-87e0-55a87acfd4f7-groupManagement] INFO  server.RaftServerConfigKeys (ConfUtils.java:logGet(46)) - raft.server.log.force.sync.num = 128 (default)
2023-09-19 02:07:27,000 [2a4ddaa6-1a2b-4173-87e0-55a87acfd4f7-groupManagement] INFO  server.RaftServerConfigKeys (ConfUtils.java:logGet(46)) - raft.server.log.statemachine.data.sync = true (default)
2023-09-19 02:07:27,001 [2a4ddaa6-1a2b-4173-87e0-55a87acfd4f7-groupManagement] INFO  server.RaftServerConfigKeys (ConfUtils.java:logGet(46)) - raft.server.log.statemachine.data.sync.timeout = 10s (default)
2023-09-19 02:07:27,001 [2a4ddaa6-1a2b-4173-87e0-55a87acfd4f7-groupManagement] INFO  server.RaftServerConfigKeys (ConfUtils.java:logGet(46)) - raft.server.log.statemachine.data.sync.timeout.retry = -1 (default)
2023-09-19 02:07:27,001 [2a4ddaa6-1a2b-4173-87e0-55a87acfd4f7-groupManagement] INFO  server.RaftServerConfigKeys (ConfUtils.java:logGet(46)) - raft.server.log.write.buffer.size = 1048576 (custom)
2023-09-19 02:07:27,001 [2a4ddaa6-1a2b-4173-87e0-55a87acfd4f7-groupManagement] INFO  server.RaftServerConfigKeys (ConfUtils.java:logGet(46)) - raft.server.log.appender.buffer.byte-limit = 33554432 (custom)
2023-09-19 02:07:27,006 [2a4ddaa6-1a2b-4173-87e0-55a87acfd4f7-groupManagement] INFO  server.RaftServerConfigKeys (ConfUtils.java:logGet(46)) - raft.server.log.unsafe-flush.enabled = false (default)
2023-09-19 02:07:27,006 [2a4ddaa6-1a2b-4173-87e0-55a87acfd4f7-groupManagement] INFO  server.RaftServerConfigKeys (ConfUtils.java:logGet(46)) - raft.server.log.async-flush.enabled = false (default)
2023-09-19 02:07:27,006 [2a4ddaa6-1a2b-4173-87e0-55a87acfd4f7-groupManagement] INFO  server.RaftServerConfigKeys (ConfUtils.java:logGet(46)) - raft.server.log.statemachine.data.caching.enabled = true (custom)
2023-09-19 02:07:27,006 [2a4ddaa6-1a2b-4173-87e0-55a87acfd4f7-groupManagement] INFO  segmented.SegmentedRaftLogWorker (SegmentedRaftLogWorker.java:lambda$new$0(135)) - 2a4ddaa6-1a2b-4173-87e0-55a87acfd4f7@group-AD064DD7FE69-SegmentedRaftLogWorker: flushIndex: setUnconditionally 0 -> -1
2023-09-19 02:07:27,006 [2a4ddaa6-1a2b-4173-87e0-55a87acfd4f7-groupManagement] INFO  segmented.SegmentedRaftLogWorker (SegmentedRaftLogWorker.java:lambda$new$0(135)) - 2a4ddaa6-1a2b-4173-87e0-55a87acfd4f7@group-AD064DD7FE69-SegmentedRaftLogWorker: safeCacheEvictIndex: setUnconditionally 0 -> -1
2023-09-19 02:07:27,009 [2a4ddaa6-1a2b-4173-87e0-55a87acfd4f7-groupManagement] INFO  server.RaftServer$Division (RaftServerImpl.java:start(342)) - 2a4ddaa6-1a2b-4173-87e0-55a87acfd4f7@group-AD064DD7FE69: start as a follower, conf=-1: peers:[765749c7-07d3-4ecd-8c14-ec59685a04c1|rpc:10.1.0.29:15191|admin:10.1.0.29:15190|client:10.1.0.29:15189|dataStream:10.1.0.29:15192|priority:0|startupRole:FOLLOWER, 2a4ddaa6-1a2b-4173-87e0-55a87acfd4f7|rpc:10.1.0.29:15173|admin:10.1.0.29:15172|client:10.1.0.29:15171|dataStream:10.1.0.29:15174|priority:1|startupRole:FOLLOWER, cb888b2f-aa43-4b14-8a4b-2497c9c1feb0|rpc:10.1.0.29:15182|admin:10.1.0.29:15181|client:10.1.0.29:15180|dataStream:10.1.0.29:15183|priority:0|startupRole:FOLLOWER]|listeners:[], old=null
2023-09-19 02:07:27,009 [2a4ddaa6-1a2b-4173-87e0-55a87acfd4f7-groupManagement] INFO  server.RaftServer$Division (RaftServerImpl.java:setRole(329)) - 2a4ddaa6-1a2b-4173-87e0-55a87acfd4f7@group-AD064DD7FE69: changes role from      null to FOLLOWER at term 0 for startAsFollower
2023-09-19 02:07:27,010 [2a4ddaa6-1a2b-4173-87e0-55a87acfd4f7-groupManagement] INFO  impl.RoleInfo (RoleInfo.java:updateAndGet(139)) - 2a4ddaa6-1a2b-4173-87e0-55a87acfd4f7: start 2a4ddaa6-1a2b-4173-87e0-55a87acfd4f7@group-AD064DD7FE69-FollowerState
2023-09-19 02:07:27,010 [2a4ddaa6-1a2b-4173-87e0-55a87acfd4f7-groupManagement] INFO  util.JmxRegister (JmxRegister.java:tryRegister(44)) - Successfully registered JMX Bean with object name Ratis:service=RaftServer,group=group-AD064DD7FE69,id=2a4ddaa6-1a2b-4173-87e0-55a87acfd4f7
2023-09-19 02:07:27,010 [2a4ddaa6-1a2b-4173-87e0-55a87acfd4f7-groupManagement] INFO  server.RaftServerConfigKeys (ConfUtils.java:logGet(46)) - raft.server.snapshot.auto.trigger.enabled = true (custom)
2023-09-19 02:07:27,010 [2a4ddaa6-1a2b-4173-87e0-55a87acfd4f7-groupManagement] INFO  server.RaftServerConfigKeys (ConfUtils.java:logGet(46)) - raft.server.snapshot.auto.trigger.threshold = 10000 (custom)
2023-09-19 02:07:27,010 [2a4ddaa6-1a2b-4173-87e0-55a87acfd4f7-groupManagement] INFO  server.RaftServerConfigKeys (ConfUtils.java:logGet(46)) - raft.server.snapshot.retention.file.num = 5 (custom)
2023-09-19 02:07:27,010 [2a4ddaa6-1a2b-4173-87e0-55a87acfd4f7-groupManagement] INFO  server.RaftServerConfigKeys (ConfUtils.java:logGet(46)) - raft.server.log.purge.upto.snapshot.index = false (default)
2023-09-19 02:07:27,011 [2a4ddaa6-1a2b-4173-87e0-55a87acfd4f7@group-AD064DD7FE69-FollowerState] INFO  server.RaftServerConfigKeys (ConfUtils.java:logFallback(53)) - raft.server.rpc.first-election.timeout.min = 5s (fallback to raft.server.rpc.timeout.min)
2023-09-19 02:07:27,011 [2a4ddaa6-1a2b-4173-87e0-55a87acfd4f7@group-AD064DD7FE69-FollowerState] INFO  server.RaftServerConfigKeys (ConfUtils.java:logFallback(53)) - raft.server.rpc.first-election.timeout.max = 5200ms (fallback to raft.server.rpc.timeout.max)
2023-09-19 02:07:27,011 [PipelineCommandHandlerThread-0] INFO  ratis.XceiverServerRatis (XceiverServerRatis.java:addGroup(804)) - Created group PipelineID=e40f93a8-b250-4f2c-b173-ad064dd7fe69
2023-09-19 02:07:27,021 [grpc-default-executor-0] INFO  server.RaftServer (RaftServerProxy.java:addNew(98)) - cb888b2f-aa43-4b14-8a4b-2497c9c1feb0: addNew group-AD064DD7FE69:[765749c7-07d3-4ecd-8c14-ec59685a04c1|rpc:10.1.0.29:15191|admin:10.1.0.29:15190|client:10.1.0.29:15189|dataStream:10.1.0.29:15192|priority:0|startupRole:FOLLOWER, 2a4ddaa6-1a2b-4173-87e0-55a87acfd4f7|rpc:10.1.0.29:15173|admin:10.1.0.29:15172|client:10.1.0.29:15171|dataStream:10.1.0.29:15174|priority:1|startupRole:FOLLOWER, cb888b2f-aa43-4b14-8a4b-2497c9c1feb0|rpc:10.1.0.29:15182|admin:10.1.0.29:15181|client:10.1.0.29:15180|dataStream:10.1.0.29:15183|priority:0|startupRole:FOLLOWER] returns group-AD064DD7FE69:java.util.concurrent.CompletableFuture@402f380c[Not completed]
2023-09-19 02:07:27,022 [cb888b2f-aa43-4b14-8a4b-2497c9c1feb0-groupManagement] INFO  server.RaftServer$Division (RaftServerImpl.java:<init>(198)) - cb888b2f-aa43-4b14-8a4b-2497c9c1feb0: new RaftServerImpl for group-AD064DD7FE69:[765749c7-07d3-4ecd-8c14-ec59685a04c1|rpc:10.1.0.29:15191|admin:10.1.0.29:15190|client:10.1.0.29:15189|dataStream:10.1.0.29:15192|priority:0|startupRole:FOLLOWER, 2a4ddaa6-1a2b-4173-87e0-55a87acfd4f7|rpc:10.1.0.29:15173|admin:10.1.0.29:15172|client:10.1.0.29:15171|dataStream:10.1.0.29:15174|priority:1|startupRole:FOLLOWER, cb888b2f-aa43-4b14-8a4b-2497c9c1feb0|rpc:10.1.0.29:15182|admin:10.1.0.29:15181|client:10.1.0.29:15180|dataStream:10.1.0.29:15183|priority:0|startupRole:FOLLOWER] with ContainerStateMachine:uninitialized
2023-09-19 02:07:27,022 [cb888b2f-aa43-4b14-8a4b-2497c9c1feb0-groupManagement] INFO  server.RaftServerConfigKeys (ConfUtils.java:logGet(46)) - raft.server.rpc.timeout.min = 5s (custom)
2023-09-19 02:07:27,022 [cb888b2f-aa43-4b14-8a4b-2497c9c1feb0-groupManagement] INFO  server.RaftServerConfigKeys (ConfUtils.java:logGet(46)) - raft.server.rpc.timeout.max = 5200ms (custom)
2023-09-19 02:07:27,022 [cb888b2f-aa43-4b14-8a4b-2497c9c1feb0-groupManagement] INFO  server.RaftServerConfigKeys (ConfUtils.java:logGet(46)) - raft.server.rpc.sleep.time = 25ms (default)
2023-09-19 02:07:27,022 [cb888b2f-aa43-4b14-8a4b-2497c9c1feb0-groupManagement] INFO  server.RaftServerConfigKeys (ConfUtils.java:logGet(46)) - raft.server.rpc.slowness.timeout = 300s (custom)
2023-09-19 02:07:27,022 [cb888b2f-aa43-4b14-8a4b-2497c9c1feb0-groupManagement] INFO  server.RaftServerConfigKeys (ConfUtils.java:logGet(46)) - raft.server.leaderelection.leader.step-down.wait-time = 10s (default)
2023-09-19 02:07:27,022 [cb888b2f-aa43-4b14-8a4b-2497c9c1feb0-groupManagement] INFO  server.RaftServerConfigKeys (ConfUtils.java:logGet(46)) - raft.server.sleep.deviation.threshold = 300ms (default)
2023-09-19 02:07:27,022 [cb888b2f-aa43-4b14-8a4b-2497c9c1feb0-groupManagement] INFO  server.RaftServer$Division (ServerState.java:<init>(120)) - cb888b2f-aa43-4b14-8a4b-2497c9c1feb0@group-AD064DD7FE69: ConfigurationManager, init=-1: peers:[765749c7-07d3-4ecd-8c14-ec59685a04c1|rpc:10.1.0.29:15191|admin:10.1.0.29:15190|client:10.1.0.29:15189|dataStream:10.1.0.29:15192|priority:0|startupRole:FOLLOWER, 2a4ddaa6-1a2b-4173-87e0-55a87acfd4f7|rpc:10.1.0.29:15173|admin:10.1.0.29:15172|client:10.1.0.29:15171|dataStream:10.1.0.29:15174|priority:1|startupRole:FOLLOWER, cb888b2f-aa43-4b14-8a4b-2497c9c1feb0|rpc:10.1.0.29:15182|admin:10.1.0.29:15181|client:10.1.0.29:15180|dataStream:10.1.0.29:15183|priority:0|startupRole:FOLLOWER]|listeners:[], old=null, confs=<EMPTY_MAP>
2023-09-19 02:07:27,025 [cb888b2f-aa43-4b14-8a4b-2497c9c1feb0-groupManagement] INFO  server.RaftServerConfigKeys (ConfUtils.java:logGet(46)) - raft.server.storage.dir = [/home/runner/work/ozone/ozone/hadoop-ozone/integration-test/target/test-dir/MiniOzoneClusterImpl-42a12def-4a0d-4036-8984-dc8d5bb9e99a/datanode-1/data/ratis] (custom)
2023-09-19 02:07:27,025 [cb888b2f-aa43-4b14-8a4b-2497c9c1feb0-groupManagement] INFO  server.RaftServerConfigKeys (ConfUtils.java:logGet(46)) - raft.server.log.corruption.policy = EXCEPTION (default)
2023-09-19 02:07:27,025 [cb888b2f-aa43-4b14-8a4b-2497c9c1feb0-groupManagement] INFO  server.RaftServerConfigKeys (ConfUtils.java:logGet(46)) - raft.server.storage.free-space.min = 0MB (=0) (default)
2023-09-19 02:07:27,025 [cb888b2f-aa43-4b14-8a4b-2497c9c1feb0-groupManagement] INFO  server.RaftServerConfigKeys (ConfUtils.java:logGet(46)) - raft.server.notification.no-leader.timeout = 300s (custom)
2023-09-19 02:07:27,025 [cb888b2f-aa43-4b14-8a4b-2497c9c1feb0-groupManagement] INFO  server.RaftServerConfigKeys (ConfUtils.java:logGet(46)) - raft.server.read.timeout = 10s (default)
2023-09-19 02:07:27,025 [cb888b2f-aa43-4b14-8a4b-2497c9c1feb0-groupManagement] INFO  server.RaftServerConfigKeys (ConfUtils.java:logGet(46)) - raft.server.retrycache.expirytime = 600000ms (custom)
2023-09-19 02:07:27,025 [cb888b2f-aa43-4b14-8a4b-2497c9c1feb0-groupManagement] INFO  server.RaftServerConfigKeys (ConfUtils.java:logGet(46)) - raft.server.retrycache.statistics.expirytime = 100μs (default)
2023-09-19 02:07:27,025 [cb888b2f-aa43-4b14-8a4b-2497c9c1feb0-groupManagement] INFO  server.RaftServerConfigKeys (ConfUtils.java:logGet(46)) - raft.server.read.option = DEFAULT (default)
2023-09-19 02:07:27,025 [cb888b2f-aa43-4b14-8a4b-2497c9c1feb0-groupManagement] INFO  server.RaftServerConfigKeys (ConfUtils.java:logGet(46)) - raft.server.rpc.request.timeout = 60s (custom)
2023-09-19 02:07:27,026 [cb888b2f-aa43-4b14-8a4b-2497c9c1feb0-groupManagement] INFO  server.RaftServerConfigKeys (ConfUtils.java:logGet(46)) - raft.server.log.appender.install.snapshot.enabled = false (custom)
2023-09-19 02:07:27,026 [cb888b2f-aa43-4b14-8a4b-2497c9c1feb0-groupManagement] INFO  server.RaftServerConfigKeys (ConfUtils.java:logGet(46)) - raft.server.threadpool.server.cached = true (default)
2023-09-19 02:07:27,026 [cb888b2f-aa43-4b14-8a4b-2497c9c1feb0-groupManagement] INFO  server.RaftServerConfigKeys (ConfUtils.java:logGet(46)) - raft.server.threadpool.server.size = 0 (default)
2023-09-19 02:07:27,026 [cb888b2f-aa43-4b14-8a4b-2497c9c1feb0-groupManagement] INFO  server.RaftServerConfigKeys (ConfUtils.java:logGet(46)) - raft.server.threadpool.client.cached = true (default)
2023-09-19 02:07:27,026 [cb888b2f-aa43-4b14-8a4b-2497c9c1feb0-groupManagement] INFO  server.RaftServerConfigKeys (ConfUtils.java:logGet(46)) - raft.server.threadpool.client.size = 0 (default)
2023-09-19 02:07:27,026 [cb888b2f-aa43-4b14-8a4b-2497c9c1feb0-groupManagement] INFO  storage.RaftStorageDirectory (RaftStorageDirectoryImpl.java:analyzeStorage(137)) - The storage directory /home/runner/work/ozone/ozone/hadoop-ozone/integration-test/target/test-dir/MiniOzoneClusterImpl-42a12def-4a0d-4036-8984-dc8d5bb9e99a/datanode-1/data/ratis/e40f93a8-b250-4f2c-b173-ad064dd7fe69 does not exist. Creating ...
2023-09-19 02:07:27,027 [cb888b2f-aa43-4b14-8a4b-2497c9c1feb0-groupManagement] INFO  storage.RaftStorageDirectory (RaftStorageDirectoryImpl.java:tryLock(231)) - Lock on /home/runner/work/ozone/ozone/hadoop-ozone/integration-test/target/test-dir/MiniOzoneClusterImpl-42a12def-4a0d-4036-8984-dc8d5bb9e99a/datanode-1/data/ratis/e40f93a8-b250-4f2c-b173-ad064dd7fe69/in_use.lock acquired by nodename 7315@fv-az1031-92
2023-09-19 02:07:27,028 [cb888b2f-aa43-4b14-8a4b-2497c9c1feb0-groupManagement] INFO  storage.RaftStorage (RaftStorageImpl.java:format(96)) - Storage directory /home/runner/work/ozone/ozone/hadoop-ozone/integration-test/target/test-dir/MiniOzoneClusterImpl-42a12def-4a0d-4036-8984-dc8d5bb9e99a/datanode-1/data/ratis/e40f93a8-b250-4f2c-b173-ad064dd7fe69 has been successfully formatted.
2023-09-19 02:07:27,030 [cb888b2f-aa43-4b14-8a4b-2497c9c1feb0-groupManagement] INFO  ratis.ContainerStateMachine (ContainerStateMachine.java:loadSnapshot(262)) - group-AD064DD7FE69: The snapshot info is null. Setting the last applied indexto:(t:0, i:~)
2023-09-19 02:07:27,030 [cb888b2f-aa43-4b14-8a4b-2497c9c1feb0-groupManagement] INFO  server.RaftServerConfigKeys (ConfUtils.java:logGet(46)) - raft.server.log.use.memory = false (default)
2023-09-19 02:07:27,030 [cb888b2f-aa43-4b14-8a4b-2497c9c1feb0-groupManagement] INFO  server.RaftServerConfigKeys (ConfUtils.java:logGet(46)) - raft.server.log.purge.gap = 1000000 (custom)
2023-09-19 02:07:27,030 [cb888b2f-aa43-4b14-8a4b-2497c9c1feb0-groupManagement] INFO  server.RaftServerConfigKeys (ConfUtils.java:logGet(46)) - raft.server.log.appender.buffer.byte-limit = 33554432 (custom)
2023-09-19 02:07:27,030 [cb888b2f-aa43-4b14-8a4b-2497c9c1feb0-groupManagement] INFO  server.RaftServerConfigKeys (ConfUtils.java:logGet(46)) - raft.server.log.statemachine.data.read.timeout = 1000ms (default)
2023-09-19 02:07:27,030 [cb888b2f-aa43-4b14-8a4b-2497c9c1feb0-groupManagement] INFO  server.RaftServerConfigKeys (ConfUtils.java:logGet(46)) - raft.server.log.purge.preservation.log.num = 0 (default)
2023-09-19 02:07:27,030 [cb888b2f-aa43-4b14-8a4b-2497c9c1feb0-groupManagement] INFO  server.RaftServerConfigKeys (ConfUtils.java:logGet(46)) - raft.server.log.segment.size.max = 1048576 (custom)
2023-09-19 02:07:27,031 [cb888b2f-aa43-4b14-8a4b-2497c9c1feb0-groupManagement] INFO  server.RaftServerConfigKeys (ConfUtils.java:logGet(46)) - raft.server.log.segment.cache.num.max = 2 (custom)
2023-09-19 02:07:27,031 [cb888b2f-aa43-4b14-8a4b-2497c9c1feb0-groupManagement] INFO  server.RaftServerConfigKeys (ConfUtils.java:logGet(46)) - raft.server.log.segment.cache.size.max = 200MB (=209715200) (default)
2023-09-19 02:07:27,031 [cb888b2f-aa43-4b14-8a4b-2497c9c1feb0-groupManagement] INFO  server.RaftServerConfigKeys (ConfUtils.java:logGet(46)) - raft.server.log.appender.buffer.byte-limit = 33554432 (custom)
2023-09-19 02:07:27,031 [cb888b2f-aa43-4b14-8a4b-2497c9c1feb0-groupManagement] INFO  segmented.SegmentedRaftLogWorker (SegmentedRaftLogWorker.java:<init>(188)) - new cb888b2f-aa43-4b14-8a4b-2497c9c1feb0@group-AD064DD7FE69-SegmentedRaftLogWorker for RaftStorageImpl:Storage Directory /home/runner/work/ozone/ozone/hadoop-ozone/integration-test/target/test-dir/MiniOzoneClusterImpl-42a12def-4a0d-4036-8984-dc8d5bb9e99a/datanode-1/data/ratis/e40f93a8-b250-4f2c-b173-ad064dd7fe69
2023-09-19 02:07:27,031 [cb888b2f-aa43-4b14-8a4b-2497c9c1feb0-groupManagement] INFO  server.RaftServerConfigKeys (ConfUtils.java:logGet(46)) - raft.server.log.queue.byte-limit = 4294967296 (custom)
2023-09-19 02:07:27,031 [cb888b2f-aa43-4b14-8a4b-2497c9c1feb0-groupManagement] INFO  server.RaftServerConfigKeys (ConfUtils.java:logGet(46)) - raft.server.log.queue.element-limit = 1024 (custom)
2023-09-19 02:07:27,031 [cb888b2f-aa43-4b14-8a4b-2497c9c1feb0-groupManagement] INFO  server.RaftServerConfigKeys (ConfUtils.java:logGet(46)) - raft.server.log.segment.size.max = 1048576 (custom)
2023-09-19 02:07:27,031 [cb888b2f-aa43-4b14-8a4b-2497c9c1feb0-groupManagement] INFO  server.RaftServerConfigKeys (ConfUtils.java:logGet(46)) - raft.server.log.preallocated.size = 16384 (custom)
2023-09-19 02:07:27,031 [cb888b2f-aa43-4b14-8a4b-2497c9c1feb0-groupManagement] INFO  server.RaftServerConfigKeys (ConfUtils.java:logGet(46)) - raft.server.log.force.sync.num = 128 (default)
2023-09-19 02:07:27,031 [cb888b2f-aa43-4b14-8a4b-2497c9c1feb0-groupManagement] INFO  server.RaftServerConfigKeys (ConfUtils.java:logGet(46)) - raft.server.log.statemachine.data.sync = true (default)
2023-09-19 02:07:27,031 [cb888b2f-aa43-4b14-8a4b-2497c9c1feb0-groupManagement] INFO  server.RaftServerConfigKeys (ConfUtils.java:logGet(46)) - raft.server.log.statemachine.data.sync.timeout = 10s (default)
2023-09-19 02:07:27,031 [cb888b2f-aa43-4b14-8a4b-2497c9c1feb0-groupManagement] INFO  server.RaftServerConfigKeys (ConfUtils.java:logGet(46)) - raft.server.log.statemachine.data.sync.timeout.retry = -1 (default)
2023-09-19 02:07:27,031 [cb888b2f-aa43-4b14-8a4b-2497c9c1feb0-groupManagement] INFO  server.RaftServerConfigKeys (ConfUtils.java:logGet(46)) - raft.server.log.write.buffer.size = 1048576 (custom)
2023-09-19 02:07:27,032 [cb888b2f-aa43-4b14-8a4b-2497c9c1feb0-groupManagement] INFO  server.RaftServerConfigKeys (ConfUtils.java:logGet(46)) - raft.server.log.appender.buffer.byte-limit = 33554432 (custom)
2023-09-19 02:07:27,036 [cb888b2f-aa43-4b14-8a4b-2497c9c1feb0-groupManagement] INFO  server.RaftServerConfigKeys (ConfUtils.java:logGet(46)) - raft.server.log.unsafe-flush.enabled = false (default)
2023-09-19 02:07:27,036 [cb888b2f-aa43-4b14-8a4b-2497c9c1feb0-groupManagement] INFO  server.RaftServerConfigKeys (ConfUtils.java:logGet(46)) - raft.server.log.async-flush.enabled = false (default)
2023-09-19 02:07:27,037 [cb888b2f-aa43-4b14-8a4b-2497c9c1feb0-groupManagement] INFO  server.RaftServerConfigKeys (ConfUtils.java:logGet(46)) - raft.server.log.statemachine.data.caching.enabled = true (custom)
2023-09-19 02:07:27,037 [cb888b2f-aa43-4b14-8a4b-2497c9c1feb0-groupManagement] INFO  segmented.SegmentedRaftLogWorker (SegmentedRaftLogWorker.java:lambda$new$0(135)) - cb888b2f-aa43-4b14-8a4b-2497c9c1feb0@group-AD064DD7FE69-SegmentedRaftLogWorker: flushIndex: setUnconditionally 0 -> -1
2023-09-19 02:07:27,037 [cb888b2f-aa43-4b14-8a4b-2497c9c1feb0-groupManagement] INFO  segmented.SegmentedRaftLogWorker (SegmentedRaftLogWorker.java:lambda$new$0(135)) - cb888b2f-aa43-4b14-8a4b-2497c9c1feb0@group-AD064DD7FE69-SegmentedRaftLogWorker: safeCacheEvictIndex: setUnconditionally 0 -> -1
2023-09-19 02:07:27,037 [cb888b2f-aa43-4b14-8a4b-2497c9c1feb0-groupManagement] INFO  server.RaftServer$Division (RaftServerImpl.java:start(342)) - cb888b2f-aa43-4b14-8a4b-2497c9c1feb0@group-AD064DD7FE69: start as a follower, conf=-1: peers:[765749c7-07d3-4ecd-8c14-ec59685a04c1|rpc:10.1.0.29:15191|admin:10.1.0.29:15190|client:10.1.0.29:15189|dataStream:10.1.0.29:15192|priority:0|startupRole:FOLLOWER, 2a4ddaa6-1a2b-4173-87e0-55a87acfd4f7|rpc:10.1.0.29:15173|admin:10.1.0.29:15172|client:10.1.0.29:15171|dataStream:10.1.0.29:15174|priority:1|startupRole:FOLLOWER, cb888b2f-aa43-4b14-8a4b-2497c9c1feb0|rpc:10.1.0.29:15182|admin:10.1.0.29:15181|client:10.1.0.29:15180|dataStream:10.1.0.29:15183|priority:0|startupRole:FOLLOWER]|listeners:[], old=null
2023-09-19 02:07:27,037 [cb888b2f-aa43-4b14-8a4b-2497c9c1feb0-groupManagement] INFO  server.RaftServer$Division (RaftServerImpl.java:setRole(329)) - cb888b2f-aa43-4b14-8a4b-2497c9c1feb0@group-AD064DD7FE69: changes role from      null to FOLLOWER at term 0 for startAsFollower
2023-09-19 02:07:27,037 [cb888b2f-aa43-4b14-8a4b-2497c9c1feb0-groupManagement] INFO  impl.RoleInfo (RoleInfo.java:updateAndGet(139)) - cb888b2f-aa43-4b14-8a4b-2497c9c1feb0: start cb888b2f-aa43-4b14-8a4b-2497c9c1feb0@group-AD064DD7FE69-FollowerState
2023-09-19 02:07:27,037 [cb888b2f-aa43-4b14-8a4b-2497c9c1feb0@group-AD064DD7FE69-FollowerState] INFO  server.RaftServerConfigKeys (ConfUtils.java:logFallback(53)) - raft.server.rpc.first-election.timeout.min = 5s (fallback to raft.server.rpc.timeout.min)
2023-09-19 02:07:27,037 [cb888b2f-aa43-4b14-8a4b-2497c9c1feb0-groupManagement] INFO  util.JmxRegister (JmxRegister.java:tryRegister(44)) - Successfully registered JMX Bean with object name Ratis:service=RaftServer,group=group-AD064DD7FE69,id=cb888b2f-aa43-4b14-8a4b-2497c9c1feb0
2023-09-19 02:07:27,037 [cb888b2f-aa43-4b14-8a4b-2497c9c1feb0@group-AD064DD7FE69-FollowerState] INFO  server.RaftServerConfigKeys (ConfUtils.java:logFallback(53)) - raft.server.rpc.first-election.timeout.max = 5200ms (fallback to raft.server.rpc.timeout.max)
2023-09-19 02:07:27,038 [cb888b2f-aa43-4b14-8a4b-2497c9c1feb0-groupManagement] INFO  server.RaftServerConfigKeys (ConfUtils.java:logGet(46)) - raft.server.snapshot.auto.trigger.enabled = true (custom)
2023-09-19 02:07:27,038 [cb888b2f-aa43-4b14-8a4b-2497c9c1feb0-groupManagement] INFO  server.RaftServerConfigKeys (ConfUtils.java:logGet(46)) - raft.server.snapshot.auto.trigger.threshold = 10000 (custom)
2023-09-19 02:07:27,038 [cb888b2f-aa43-4b14-8a4b-2497c9c1feb0-groupManagement] INFO  server.RaftServerConfigKeys (ConfUtils.java:logGet(46)) - raft.server.snapshot.retention.file.num = 5 (custom)
2023-09-19 02:07:27,038 [cb888b2f-aa43-4b14-8a4b-2497c9c1feb0-groupManagement] INFO  server.RaftServerConfigKeys (ConfUtils.java:logGet(46)) - raft.server.log.purge.upto.snapshot.index = false (default)
2023-09-19 02:07:27,050 [grpc-default-executor-0] INFO  server.RaftServer (RaftServerProxy.java:addNew(98)) - 765749c7-07d3-4ecd-8c14-ec59685a04c1: addNew group-AD064DD7FE69:[765749c7-07d3-4ecd-8c14-ec59685a04c1|rpc:10.1.0.29:15191|admin:10.1.0.29:15190|client:10.1.0.29:15189|dataStream:10.1.0.29:15192|priority:0|startupRole:FOLLOWER, 2a4ddaa6-1a2b-4173-87e0-55a87acfd4f7|rpc:10.1.0.29:15173|admin:10.1.0.29:15172|client:10.1.0.29:15171|dataStream:10.1.0.29:15174|priority:1|startupRole:FOLLOWER, cb888b2f-aa43-4b14-8a4b-2497c9c1feb0|rpc:10.1.0.29:15182|admin:10.1.0.29:15181|client:10.1.0.29:15180|dataStream:10.1.0.29:15183|priority:0|startupRole:FOLLOWER] returns group-AD064DD7FE69:java.util.concurrent.CompletableFuture@5b5d47ec[Not completed]
2023-09-19 02:07:27,058 [765749c7-07d3-4ecd-8c14-ec59685a04c1-groupManagement] INFO  server.RaftServer$Division (RaftServerImpl.java:<init>(198)) - 765749c7-07d3-4ecd-8c14-ec59685a04c1: new RaftServerImpl for group-AD064DD7FE69:[765749c7-07d3-4ecd-8c14-ec59685a04c1|rpc:10.1.0.29:15191|admin:10.1.0.29:15190|client:10.1.0.29:15189|dataStream:10.1.0.29:15192|priority:0|startupRole:FOLLOWER, 2a4ddaa6-1a2b-4173-87e0-55a87acfd4f7|rpc:10.1.0.29:15173|admin:10.1.0.29:15172|client:10.1.0.29:15171|dataStream:10.1.0.29:15174|priority:1|startupRole:FOLLOWER, cb888b2f-aa43-4b14-8a4b-2497c9c1feb0|rpc:10.1.0.29:15182|admin:10.1.0.29:15181|client:10.1.0.29:15180|dataStream:10.1.0.29:15183|priority:0|startupRole:FOLLOWER] with ContainerStateMachine:uninitialized
2023-09-19 02:07:27,058 [765749c7-07d3-4ecd-8c14-ec59685a04c1-groupManagement] INFO  server.RaftServerConfigKeys (ConfUtils.java:logGet(46)) - raft.server.rpc.timeout.min = 5s (custom)
2023-09-19 02:07:27,058 [765749c7-07d3-4ecd-8c14-ec59685a04c1-groupManagement] INFO  server.RaftServerConfigKeys (ConfUtils.java:logGet(46)) - raft.server.rpc.timeout.max = 5200ms (custom)
2023-09-19 02:07:27,058 [765749c7-07d3-4ecd-8c14-ec59685a04c1-groupManagement] INFO  server.RaftServerConfigKeys (ConfUtils.java:logGet(46)) - raft.server.rpc.sleep.time = 25ms (default)
2023-09-19 02:07:27,058 [765749c7-07d3-4ecd-8c14-ec59685a04c1-groupManagement] INFO  server.RaftServerConfigKeys (ConfUtils.java:logGet(46)) - raft.server.rpc.slowness.timeout = 300s (custom)
2023-09-19 02:07:27,058 [765749c7-07d3-4ecd-8c14-ec59685a04c1-groupManagement] INFO  server.RaftServerConfigKeys (ConfUtils.java:logGet(46)) - raft.server.leaderelection.leader.step-down.wait-time = 10s (default)
2023-09-19 02:07:27,058 [765749c7-07d3-4ecd-8c14-ec59685a04c1-groupManagement] INFO  server.RaftServerConfigKeys (ConfUtils.java:logGet(46)) - raft.server.sleep.deviation.threshold = 300ms (default)
2023-09-19 02:07:27,058 [765749c7-07d3-4ecd-8c14-ec59685a04c1-groupManagement] INFO  server.RaftServer$Division (ServerState.java:<init>(120)) - 765749c7-07d3-4ecd-8c14-ec59685a04c1@group-AD064DD7FE69: ConfigurationManager, init=-1: peers:[765749c7-07d3-4ecd-8c14-ec59685a04c1|rpc:10.1.0.29:15191|admin:10.1.0.29:15190|client:10.1.0.29:15189|dataStream:10.1.0.29:15192|priority:0|startupRole:FOLLOWER, 2a4ddaa6-1a2b-4173-87e0-55a87acfd4f7|rpc:10.1.0.29:15173|admin:10.1.0.29:15172|client:10.1.0.29:15171|dataStream:10.1.0.29:15174|priority:1|startupRole:FOLLOWER, cb888b2f-aa43-4b14-8a4b-2497c9c1feb0|rpc:10.1.0.29:15182|admin:10.1.0.29:15181|client:10.1.0.29:15180|dataStream:10.1.0.29:15183|priority:0|startupRole:FOLLOWER]|listeners:[], old=null, confs=<EMPTY_MAP>
2023-09-19 02:07:27,058 [765749c7-07d3-4ecd-8c14-ec59685a04c1-groupManagement] INFO  server.RaftServerConfigKeys (ConfUtils.java:logGet(46)) - raft.server.storage.dir = [/home/runner/work/ozone/ozone/hadoop-ozone/integration-test/target/test-dir/MiniOzoneClusterImpl-42a12def-4a0d-4036-8984-dc8d5bb9e99a/datanode-2/data/ratis] (custom)
2023-09-19 02:07:27,058 [765749c7-07d3-4ecd-8c14-ec59685a04c1-groupManagement] INFO  server.RaftServerConfigKeys (ConfUtils.java:logGet(46)) - raft.server.log.corruption.policy = EXCEPTION (default)
2023-09-19 02:07:27,058 [765749c7-07d3-4ecd-8c14-ec59685a04c1-groupManagement] INFO  server.RaftServerConfigKeys (ConfUtils.java:logGet(46)) - raft.server.storage.free-space.min = 0MB (=0) (default)
2023-09-19 02:07:27,058 [765749c7-07d3-4ecd-8c14-ec59685a04c1-groupManagement] INFO  server.RaftServerConfigKeys (ConfUtils.java:logGet(46)) - raft.server.notification.no-leader.timeout = 300s (custom)
2023-09-19 02:07:27,058 [765749c7-07d3-4ecd-8c14-ec59685a04c1-groupManagement] INFO  server.RaftServerConfigKeys (ConfUtils.java:logGet(46)) - raft.server.read.timeout = 10s (default)
2023-09-19 02:07:27,058 [765749c7-07d3-4ecd-8c14-ec59685a04c1-groupManagement] INFO  server.RaftServerConfigKeys (ConfUtils.java:logGet(46)) - raft.server.retrycache.expirytime = 600000ms (custom)
2023-09-19 02:07:27,058 [765749c7-07d3-4ecd-8c14-ec59685a04c1-groupManagement] INFO  server.RaftServerConfigKeys (ConfUtils.java:logGet(46)) - raft.server.retrycache.statistics.expirytime = 100μs (default)
2023-09-19 02:07:27,059 [765749c7-07d3-4ecd-8c14-ec59685a04c1-groupManagement] INFO  server.RaftServerConfigKeys (ConfUtils.java:logGet(46)) - raft.server.read.option = DEFAULT (default)
2023-09-19 02:07:27,059 [765749c7-07d3-4ecd-8c14-ec59685a04c1-groupManagement] INFO  server.RaftServerConfigKeys (ConfUtils.java:logGet(46)) - raft.server.rpc.request.timeout = 60s (custom)
2023-09-19 02:07:27,059 [765749c7-07d3-4ecd-8c14-ec59685a04c1-groupManagement] INFO  server.RaftServerConfigKeys (ConfUtils.java:logGet(46)) - raft.server.log.appender.install.snapshot.enabled = false (custom)
2023-09-19 02:07:27,059 [765749c7-07d3-4ecd-8c14-ec59685a04c1-groupManagement] INFO  server.RaftServerConfigKeys (ConfUtils.java:logGet(46)) - raft.server.threadpool.server.cached = true (default)
2023-09-19 02:07:27,059 [765749c7-07d3-4ecd-8c14-ec59685a04c1-groupManagement] INFO  server.RaftServerConfigKeys (ConfUtils.java:logGet(46)) - raft.server.threadpool.server.size = 0 (default)
2023-09-19 02:07:27,059 [765749c7-07d3-4ecd-8c14-ec59685a04c1-groupManagement] INFO  server.RaftServerConfigKeys (ConfUtils.java:logGet(46)) - raft.server.threadpool.client.cached = true (default)
2023-09-19 02:07:27,059 [765749c7-07d3-4ecd-8c14-ec59685a04c1-groupManagement] INFO  server.RaftServerConfigKeys (ConfUtils.java:logGet(46)) - raft.server.threadpool.client.size = 0 (default)
2023-09-19 02:07:27,059 [765749c7-07d3-4ecd-8c14-ec59685a04c1-groupManagement] INFO  storage.RaftStorageDirectory (RaftStorageDirectoryImpl.java:analyzeStorage(137)) - The storage directory /home/runner/work/ozone/ozone/hadoop-ozone/integration-test/target/test-dir/MiniOzoneClusterImpl-42a12def-4a0d-4036-8984-dc8d5bb9e99a/datanode-2/data/ratis/e40f93a8-b250-4f2c-b173-ad064dd7fe69 does not exist. Creating ...
2023-09-19 02:07:27,060 [765749c7-07d3-4ecd-8c14-ec59685a04c1-groupManagement] INFO  storage.RaftStorageDirectory (RaftStorageDirectoryImpl.java:tryLock(231)) - Lock on /home/runner/work/ozone/ozone/hadoop-ozone/integration-test/target/test-dir/MiniOzoneClusterImpl-42a12def-4a0d-4036-8984-dc8d5bb9e99a/datanode-2/data/ratis/e40f93a8-b250-4f2c-b173-ad064dd7fe69/in_use.lock acquired by nodename 7315@fv-az1031-92
2023-09-19 02:07:27,061 [765749c7-07d3-4ecd-8c14-ec59685a04c1-groupManagement] INFO  storage.RaftStorage (RaftStorageImpl.java:format(96)) - Storage directory /home/runner/work/ozone/ozone/hadoop-ozone/integration-test/target/test-dir/MiniOzoneClusterImpl-42a12def-4a0d-4036-8984-dc8d5bb9e99a/datanode-2/data/ratis/e40f93a8-b250-4f2c-b173-ad064dd7fe69 has been successfully formatted.
2023-09-19 02:07:27,063 [765749c7-07d3-4ecd-8c14-ec59685a04c1-groupManagement] INFO  ratis.ContainerStateMachine (ContainerStateMachine.java:loadSnapshot(262)) - group-AD064DD7FE69: The snapshot info is null. Setting the last applied indexto:(t:0, i:~)
2023-09-19 02:07:27,063 [765749c7-07d3-4ecd-8c14-ec59685a04c1-groupManagement] INFO  server.RaftServerConfigKeys (ConfUtils.java:logGet(46)) - raft.server.log.use.memory = false (default)
2023-09-19 02:07:27,063 [765749c7-07d3-4ecd-8c14-ec59685a04c1-groupManagement] INFO  server.RaftServerConfigKeys (ConfUtils.java:logGet(46)) - raft.server.log.purge.gap = 1000000 (custom)
2023-09-19 02:07:27,063 [765749c7-07d3-4ecd-8c14-ec59685a04c1-groupManagement] INFO  server.RaftServerConfigKeys (ConfUtils.java:logGet(46)) - raft.server.log.appender.buffer.byte-limit = 33554432 (custom)
2023-09-19 02:07:27,063 [765749c7-07d3-4ecd-8c14-ec59685a04c1-groupManagement] INFO  server.RaftServerConfigKeys (ConfUtils.java:logGet(46)) - raft.server.log.statemachine.data.read.timeout = 1000ms (default)
2023-09-19 02:07:27,063 [765749c7-07d3-4ecd-8c14-ec59685a04c1-groupManagement] INFO  server.RaftServerConfigKeys (ConfUtils.java:logGet(46)) - raft.server.log.purge.preservation.log.num = 0 (default)
2023-09-19 02:07:27,063 [765749c7-07d3-4ecd-8c14-ec59685a04c1-groupManagement] INFO  server.RaftServerConfigKeys (ConfUtils.java:logGet(46)) - raft.server.log.segment.size.max = 1048576 (custom)
2023-09-19 02:07:27,064 [765749c7-07d3-4ecd-8c14-ec59685a04c1-groupManagement] INFO  server.RaftServerConfigKeys (ConfUtils.java:logGet(46)) - raft.server.log.segment.cache.num.max = 2 (custom)
2023-09-19 02:07:27,064 [765749c7-07d3-4ecd-8c14-ec59685a04c1-groupManagement] INFO  server.RaftServerConfigKeys (ConfUtils.java:logGet(46)) - raft.server.log.segment.cache.size.max = 200MB (=209715200) (default)
2023-09-19 02:07:27,064 [765749c7-07d3-4ecd-8c14-ec59685a04c1-groupManagement] INFO  server.RaftServerConfigKeys (ConfUtils.java:logGet(46)) - raft.server.log.appender.buffer.byte-limit = 33554432 (custom)
2023-09-19 02:07:27,064 [765749c7-07d3-4ecd-8c14-ec59685a04c1-groupManagement] INFO  segmented.SegmentedRaftLogWorker (SegmentedRaftLogWorker.java:<init>(188)) - new 765749c7-07d3-4ecd-8c14-ec59685a04c1@group-AD064DD7FE69-SegmentedRaftLogWorker for RaftStorageImpl:Storage Directory /home/runner/work/ozone/ozone/hadoop-ozone/integration-test/target/test-dir/MiniOzoneClusterImpl-42a12def-4a0d-4036-8984-dc8d5bb9e99a/datanode-2/data/ratis/e40f93a8-b250-4f2c-b173-ad064dd7fe69
2023-09-19 02:07:27,064 [765749c7-07d3-4ecd-8c14-ec59685a04c1-groupManagement] INFO  server.RaftServerConfigKeys (ConfUtils.java:logGet(46)) - raft.server.log.queue.byte-limit = 4294967296 (custom)
2023-09-19 02:07:27,064 [765749c7-07d3-4ecd-8c14-ec59685a04c1-groupManagement] INFO  server.RaftServerConfigKeys (ConfUtils.java:logGet(46)) - raft.server.log.queue.element-limit = 1024 (custom)
2023-09-19 02:07:27,064 [765749c7-07d3-4ecd-8c14-ec59685a04c1-groupManagement] INFO  server.RaftServerConfigKeys (ConfUtils.java:logGet(46)) - raft.server.log.segment.size.max = 1048576 (custom)
2023-09-19 02:07:27,064 [765749c7-07d3-4ecd-8c14-ec59685a04c1-groupManagement] INFO  server.RaftServerConfigKeys (ConfUtils.java:logGet(46)) - raft.server.log.preallocated.size = 16384 (custom)
2023-09-19 02:07:27,064 [765749c7-07d3-4ecd-8c14-ec59685a04c1-groupManagement] INFO  server.RaftServerConfigKeys (ConfUtils.java:logGet(46)) - raft.server.log.force.sync.num = 128 (default)
2023-09-19 02:07:27,064 [765749c7-07d3-4ecd-8c14-ec59685a04c1-groupManagement] INFO  server.RaftServerConfigKeys (ConfUtils.java:logGet(46)) - raft.server.log.statemachine.data.sync = true (default)
2023-09-19 02:07:27,064 [765749c7-07d3-4ecd-8c14-ec59685a04c1-groupManagement] INFO  server.RaftServerConfigKeys (ConfUtils.java:logGet(46)) - raft.server.log.statemachine.data.sync.timeout = 10s (default)
2023-09-19 02:07:27,064 [765749c7-07d3-4ecd-8c14-ec59685a04c1-groupManagement] INFO  server.RaftServerConfigKeys (ConfUtils.java:logGet(46)) - raft.server.log.statemachine.data.sync.timeout.retry = -1 (default)
2023-09-19 02:07:27,066 [765749c7-07d3-4ecd-8c14-ec59685a04c1-groupManagement] INFO  server.RaftServerConfigKeys (ConfUtils.java:logGet(46)) - raft.server.log.write.buffer.size = 1048576 (custom)
2023-09-19 02:07:27,067 [765749c7-07d3-4ecd-8c14-ec59685a04c1-groupManagement] INFO  server.RaftServerConfigKeys (ConfUtils.java:logGet(46)) - raft.server.log.appender.buffer.byte-limit = 33554432 (custom)
2023-09-19 02:07:27,071 [765749c7-07d3-4ecd-8c14-ec59685a04c1-groupManagement] INFO  server.RaftServerConfigKeys (ConfUtils.java:logGet(46)) - raft.server.log.unsafe-flush.enabled = false (default)
2023-09-19 02:07:27,071 [765749c7-07d3-4ecd-8c14-ec59685a04c1-groupManagement] INFO  server.RaftServerConfigKeys (ConfUtils.java:logGet(46)) - raft.server.log.async-flush.enabled = false (default)
2023-09-19 02:07:27,072 [765749c7-07d3-4ecd-8c14-ec59685a04c1-groupManagement] INFO  server.RaftServerConfigKeys (ConfUtils.java:logGet(46)) - raft.server.log.statemachine.data.caching.enabled = true (custom)
2023-09-19 02:07:27,072 [765749c7-07d3-4ecd-8c14-ec59685a04c1-groupManagement] INFO  segmented.SegmentedRaftLogWorker (SegmentedRaftLogWorker.java:lambda$new$0(135)) - 765749c7-07d3-4ecd-8c14-ec59685a04c1@group-AD064DD7FE69-SegmentedRaftLogWorker: flushIndex: setUnconditionally 0 -> -1
2023-09-19 02:07:27,072 [765749c7-07d3-4ecd-8c14-ec59685a04c1-groupManagement] INFO  segmented.SegmentedRaftLogWorker (SegmentedRaftLogWorker.java:lambda$new$0(135)) - 765749c7-07d3-4ecd-8c14-ec59685a04c1@group-AD064DD7FE69-SegmentedRaftLogWorker: safeCacheEvictIndex: setUnconditionally 0 -> -1
2023-09-19 02:07:27,072 [765749c7-07d3-4ecd-8c14-ec59685a04c1-groupManagement] INFO  server.RaftServer$Division (RaftServerImpl.java:start(342)) - 765749c7-07d3-4ecd-8c14-ec59685a04c1@group-AD064DD7FE69: start as a follower, conf=-1: peers:[765749c7-07d3-4ecd-8c14-ec59685a04c1|rpc:10.1.0.29:15191|admin:10.1.0.29:15190|client:10.1.0.29:15189|dataStream:10.1.0.29:15192|priority:0|startupRole:FOLLOWER, 2a4ddaa6-1a2b-4173-87e0-55a87acfd4f7|rpc:10.1.0.29:15173|admin:10.1.0.29:15172|client:10.1.0.29:15171|dataStream:10.1.0.29:15174|priority:1|startupRole:FOLLOWER, cb888b2f-aa43-4b14-8a4b-2497c9c1feb0|rpc:10.1.0.29:15182|admin:10.1.0.29:15181|client:10.1.0.29:15180|dataStream:10.1.0.29:15183|priority:0|startupRole:FOLLOWER]|listeners:[], old=null
2023-09-19 02:07:27,072 [765749c7-07d3-4ecd-8c14-ec59685a04c1-groupManagement] INFO  server.RaftServer$Division (RaftServerImpl.java:setRole(329)) - 765749c7-07d3-4ecd-8c14-ec59685a04c1@group-AD064DD7FE69: changes role from      null to FOLLOWER at term 0 for startAsFollower
2023-09-19 02:07:27,072 [765749c7-07d3-4ecd-8c14-ec59685a04c1-groupManagement] INFO  impl.RoleInfo (RoleInfo.java:updateAndGet(139)) - 765749c7-07d3-4ecd-8c14-ec59685a04c1: start 765749c7-07d3-4ecd-8c14-ec59685a04c1@group-AD064DD7FE69-FollowerState
2023-09-19 02:07:27,072 [765749c7-07d3-4ecd-8c14-ec59685a04c1-groupManagement] INFO  util.JmxRegister (JmxRegister.java:tryRegister(44)) - Successfully registered JMX Bean with object name Ratis:service=RaftServer,group=group-AD064DD7FE69,id=765749c7-07d3-4ecd-8c14-ec59685a04c1
2023-09-19 02:07:27,072 [765749c7-07d3-4ecd-8c14-ec59685a04c1-groupManagement] INFO  server.RaftServerConfigKeys (ConfUtils.java:logGet(46)) - raft.server.snapshot.auto.trigger.enabled = true (custom)
2023-09-19 02:07:27,072 [765749c7-07d3-4ecd-8c14-ec59685a04c1-groupManagement] INFO  server.RaftServerConfigKeys (ConfUtils.java:logGet(46)) - raft.server.snapshot.auto.trigger.threshold = 10000 (custom)
2023-09-19 02:07:27,073 [765749c7-07d3-4ecd-8c14-ec59685a04c1-groupManagement] INFO  server.RaftServerConfigKeys (ConfUtils.java:logGet(46)) - raft.server.snapshot.retention.file.num = 5 (custom)
2023-09-19 02:07:27,073 [765749c7-07d3-4ecd-8c14-ec59685a04c1-groupManagement] INFO  server.RaftServerConfigKeys (ConfUtils.java:logGet(46)) - raft.server.log.purge.upto.snapshot.index = false (default)
2023-09-19 02:07:27,073 [765749c7-07d3-4ecd-8c14-ec59685a04c1@group-AD064DD7FE69-FollowerState] INFO  server.RaftServerConfigKeys (ConfUtils.java:logFallback(53)) - raft.server.rpc.first-election.timeout.min = 5s (fallback to raft.server.rpc.timeout.min)
2023-09-19 02:07:27,073 [765749c7-07d3-4ecd-8c14-ec59685a04c1@group-AD064DD7FE69-FollowerState] INFO  server.RaftServerConfigKeys (ConfUtils.java:logFallback(53)) - raft.server.rpc.first-election.timeout.max = 5200ms (fallback to raft.server.rpc.timeout.max)
2023-09-19 02:07:27,080 [main] INFO  ozone.MiniOzoneClusterImpl (MiniOzoneClusterImpl.java:lambda$waitForClusterToBeReady$0(224)) - Nodes are ready. Got 5 of 5 DN Heartbeats.
2023-09-19 02:07:27,080 [main] INFO  ozone.MiniOzoneClusterImpl (MiniOzoneClusterImpl.java:lambda$waitForClusterToBeReady$0(227)) - Waiting for cluster to exit safe mode
2023-09-19 02:07:27,080 [main] INFO  ozone.MiniOzoneClusterImpl (MiniOzoneClusterImpl.java:lambda$waitForClusterToBeReady$0(229)) - SCM became leader
2023-09-19 02:07:27,089 [PipelineCommandHandlerThread-0] INFO  commandhandler.CreatePipelineCommandHandler (CreatePipelineCommandHandler.java:lambda$handle$2(124)) - Created Pipeline RATIS THREE PipelineID=e40f93a8-b250-4f2c-b173-ad064dd7fe69.
2023-09-19 02:07:27,089 [PipelineCommandHandlerThread-0] INFO  server.RaftServer (RaftServerProxy.java:addNew(98)) - 2a4ddaa6-1a2b-4173-87e0-55a87acfd4f7: addNew group-331BC0EF53B0:[765749c7-07d3-4ecd-8c14-ec59685a04c1|rpc:10.1.0.29:15191|admin:10.1.0.29:15190|client:10.1.0.29:15189|dataStream:10.1.0.29:15192|priority:1|startupRole:FOLLOWER, 2a4ddaa6-1a2b-4173-87e0-55a87acfd4f7|rpc:10.1.0.29:15173|admin:10.1.0.29:15172|client:10.1.0.29:15171|dataStream:10.1.0.29:15174|priority:0|startupRole:FOLLOWER, cb888b2f-aa43-4b14-8a4b-2497c9c1feb0|rpc:10.1.0.29:15182|admin:10.1.0.29:15181|client:10.1.0.29:15180|dataStream:10.1.0.29:15183|priority:0|startupRole:FOLLOWER] returns group-331BC0EF53B0:java.util.concurrent.CompletableFuture@40cd8a04[Not completed]
2023-09-19 02:07:27,090 [2a4ddaa6-1a2b-4173-87e0-55a87acfd4f7-groupManagement] INFO  server.RaftServer$Division (RaftServerImpl.java:<init>(198)) - 2a4ddaa6-1a2b-4173-87e0-55a87acfd4f7: new RaftServerImpl for group-331BC0EF53B0:[765749c7-07d3-4ecd-8c14-ec59685a04c1|rpc:10.1.0.29:15191|admin:10.1.0.29:15190|client:10.1.0.29:15189|dataStream:10.1.0.29:15192|priority:1|startupRole:FOLLOWER, 2a4ddaa6-1a2b-4173-87e0-55a87acfd4f7|rpc:10.1.0.29:15173|admin:10.1.0.29:15172|client:10.1.0.29:15171|dataStream:10.1.0.29:15174|priority:0|startupRole:FOLLOWER, cb888b2f-aa43-4b14-8a4b-2497c9c1feb0|rpc:10.1.0.29:15182|admin:10.1.0.29:15181|client:10.1.0.29:15180|dataStream:10.1.0.29:15183|priority:0|startupRole:FOLLOWER] with ContainerStateMachine:uninitialized
2023-09-19 02:07:27,090 [2a4ddaa6-1a2b-4173-87e0-55a87acfd4f7-groupManagement] INFO  server.RaftServerConfigKeys (ConfUtils.java:logGet(46)) - raft.server.rpc.timeout.min = 5s (custom)
2023-09-19 02:07:27,090 [2a4ddaa6-1a2b-4173-87e0-55a87acfd4f7-groupManagement] INFO  server.RaftServerConfigKeys (ConfUtils.java:logGet(46)) - raft.server.rpc.timeout.max = 5200ms (custom)
2023-09-19 02:07:27,090 [2a4ddaa6-1a2b-4173-87e0-55a87acfd4f7-groupManagement] INFO  server.RaftServerConfigKeys (ConfUtils.java:logGet(46)) - raft.server.rpc.sleep.time = 25ms (default)
2023-09-19 02:07:27,090 [2a4ddaa6-1a2b-4173-87e0-55a87acfd4f7-groupManagement] INFO  server.RaftServerConfigKeys (ConfUtils.java:logGet(46)) - raft.server.rpc.slowness.timeout = 300s (custom)
2023-09-19 02:07:27,090 [2a4ddaa6-1a2b-4173-87e0-55a87acfd4f7-groupManagement] INFO  server.RaftServerConfigKeys (ConfUtils.java:logGet(46)) - raft.server.leaderelection.leader.step-down.wait-time = 10s (default)
2023-09-19 02:07:27,090 [2a4ddaa6-1a2b-4173-87e0-55a87acfd4f7-groupManagement] INFO  server.RaftServerConfigKeys (ConfUtils.java:logGet(46)) - raft.server.sleep.deviation.threshold = 300ms (default)
2023-09-19 02:07:27,090 [2a4ddaa6-1a2b-4173-87e0-55a87acfd4f7-groupManagement] INFO  server.RaftServer$Division (ServerState.java:<init>(120)) - 2a4ddaa6-1a2b-4173-87e0-55a87acfd4f7@group-331BC0EF53B0: ConfigurationManager, init=-1: peers:[765749c7-07d3-4ecd-8c14-ec59685a04c1|rpc:10.1.0.29:15191|admin:10.1.0.29:15190|client:10.1.0.29:15189|dataStream:10.1.0.29:15192|priority:1|startupRole:FOLLOWER, 2a4ddaa6-1a2b-4173-87e0-55a87acfd4f7|rpc:10.1.0.29:15173|admin:10.1.0.29:15172|client:10.1.0.29:15171|dataStream:10.1.0.29:15174|priority:0|startupRole:FOLLOWER, cb888b2f-aa43-4b14-8a4b-2497c9c1feb0|rpc:10.1.0.29:15182|admin:10.1.0.29:15181|client:10.1.0.29:15180|dataStream:10.1.0.29:15183|priority:0|startupRole:FOLLOWER]|listeners:[], old=null, confs=<EMPTY_MAP>
2023-09-19 02:07:27,090 [2a4ddaa6-1a2b-4173-87e0-55a87acfd4f7-groupManagement] INFO  server.RaftServerConfigKeys (ConfUtils.java:logGet(46)) - raft.server.storage.dir = [/home/runner/work/ozone/ozone/hadoop-ozone/integration-test/target/test-dir/MiniOzoneClusterImpl-42a12def-4a0d-4036-8984-dc8d5bb9e99a/datanode-0/data/ratis] (custom)
2023-09-19 02:07:27,090 [2a4ddaa6-1a2b-4173-87e0-55a87acfd4f7-groupManagement] INFO  server.RaftServerConfigKeys (ConfUtils.java:logGet(46)) - raft.server.log.corruption.policy = EXCEPTION (default)
2023-09-19 02:07:27,090 [2a4ddaa6-1a2b-4173-87e0-55a87acfd4f7-groupManagement] INFO  server.RaftServerConfigKeys (ConfUtils.java:logGet(46)) - raft.server.storage.free-space.min = 0MB (=0) (default)
2023-09-19 02:07:27,090 [2a4ddaa6-1a2b-4173-87e0-55a87acfd4f7-groupManagement] INFO  server.RaftServerConfigKeys (ConfUtils.java:logGet(46)) - raft.server.notification.no-leader.timeout = 300s (custom)
2023-09-19 02:07:27,090 [2a4ddaa6-1a2b-4173-87e0-55a87acfd4f7-groupManagement] INFO  server.RaftServerConfigKeys (ConfUtils.java:logGet(46)) - raft.server.read.timeout = 10s (default)
2023-09-19 02:07:27,090 [2a4ddaa6-1a2b-4173-87e0-55a87acfd4f7-groupManagement] INFO  server.RaftServerConfigKeys (ConfUtils.java:logGet(46)) - raft.server.retrycache.expirytime = 600000ms (custom)
2023-09-19 02:07:27,090 [2a4ddaa6-1a2b-4173-87e0-55a87acfd4f7-groupManagement] INFO  server.RaftServerConfigKeys (ConfUtils.java:logGet(46)) - raft.server.retrycache.statistics.expirytime = 100μs (default)
2023-09-19 02:07:27,091 [2a4ddaa6-1a2b-4173-87e0-55a87acfd4f7-groupManagement] INFO  server.RaftServerConfigKeys (ConfUtils.java:logGet(46)) - raft.server.read.option = DEFAULT (default)
2023-09-19 02:07:27,091 [2a4ddaa6-1a2b-4173-87e0-55a87acfd4f7-groupManagement] INFO  server.RaftServerConfigKeys (ConfUtils.java:logGet(46)) - raft.server.rpc.request.timeout = 60s (custom)
2023-09-19 02:07:27,091 [2a4ddaa6-1a2b-4173-87e0-55a87acfd4f7-groupManagement] INFO  server.RaftServerConfigKeys (ConfUtils.java:logGet(46)) - raft.server.log.appender.install.snapshot.enabled = false (custom)
2023-09-19 02:07:27,091 [2a4ddaa6-1a2b-4173-87e0-55a87acfd4f7-groupManagement] INFO  server.RaftServerConfigKeys (ConfUtils.java:logGet(46)) - raft.server.threadpool.server.cached = true (default)
2023-09-19 02:07:27,091 [2a4ddaa6-1a2b-4173-87e0-55a87acfd4f7-groupManagement] INFO  server.RaftServerConfigKeys (ConfUtils.java:logGet(46)) - raft.server.threadpool.server.size = 0 (default)
2023-09-19 02:07:27,091 [2a4ddaa6-1a2b-4173-87e0-55a87acfd4f7-groupManagement] INFO  server.RaftServerConfigKeys (ConfUtils.java:logGet(46)) - raft.server.threadpool.client.cached = true (default)
2023-09-19 02:07:27,091 [2a4ddaa6-1a2b-4173-87e0-55a87acfd4f7-groupManagement] INFO  server.RaftServerConfigKeys (ConfUtils.java:logGet(46)) - raft.server.threadpool.client.size = 0 (default)
2023-09-19 02:07:27,091 [2a4ddaa6-1a2b-4173-87e0-55a87acfd4f7-groupManagement] INFO  storage.RaftStorageDirectory (RaftStorageDirectoryImpl.java:analyzeStorage(137)) - The storage directory /home/runner/work/ozone/ozone/hadoop-ozone/integration-test/target/test-dir/MiniOzoneClusterImpl-42a12def-4a0d-4036-8984-dc8d5bb9e99a/datanode-0/data/ratis/fc344a9c-40ba-41f9-8083-331bc0ef53b0 does not exist. Creating ...
2023-09-19 02:07:27,094 [2a4ddaa6-1a2b-4173-87e0-55a87acfd4f7-groupManagement] INFO  storage.RaftStorageDirectory (RaftStorageDirectoryImpl.java:tryLock(231)) - Lock on /home/runner/work/ozone/ozone/hadoop-ozone/integration-test/target/test-dir/MiniOzoneClusterImpl-42a12def-4a0d-4036-8984-dc8d5bb9e99a/datanode-0/data/ratis/fc344a9c-40ba-41f9-8083-331bc0ef53b0/in_use.lock acquired by nodename 7315@fv-az1031-92
2023-09-19 02:07:27,095 [2a4ddaa6-1a2b-4173-87e0-55a87acfd4f7-groupManagement] INFO  storage.RaftStorage (RaftStorageImpl.java:format(96)) - Storage directory /home/runner/work/ozone/ozone/hadoop-ozone/integration-test/target/test-dir/MiniOzoneClusterImpl-42a12def-4a0d-4036-8984-dc8d5bb9e99a/datanode-0/data/ratis/fc344a9c-40ba-41f9-8083-331bc0ef53b0 has been successfully formatted.
2023-09-19 02:07:27,096 [2a4ddaa6-1a2b-4173-87e0-55a87acfd4f7-groupManagement] INFO  ratis.ContainerStateMachine (ContainerStateMachine.java:loadSnapshot(262)) - group-331BC0EF53B0: The snapshot info is null. Setting the last applied indexto:(t:0, i:~)
2023-09-19 02:07:27,096 [2a4ddaa6-1a2b-4173-87e0-55a87acfd4f7-groupManagement] INFO  server.RaftServerConfigKeys (ConfUtils.java:logGet(46)) - raft.server.log.use.memory = false (default)
2023-09-19 02:07:27,096 [2a4ddaa6-1a2b-4173-87e0-55a87acfd4f7-groupManagement] INFO  server.RaftServerConfigKeys (ConfUtils.java:logGet(46)) - raft.server.log.purge.gap = 1000000 (custom)
2023-09-19 02:07:27,096 [2a4ddaa6-1a2b-4173-87e0-55a87acfd4f7-groupManagement] INFO  server.RaftServerConfigKeys (ConfUtils.java:logGet(46)) - raft.server.log.appender.buffer.byte-limit = 33554432 (custom)
2023-09-19 02:07:27,096 [2a4ddaa6-1a2b-4173-87e0-55a87acfd4f7-groupManagement] INFO  server.RaftServerConfigKeys (ConfUtils.java:logGet(46)) - raft.server.log.statemachine.data.read.timeout = 1000ms (default)
2023-09-19 02:07:27,096 [2a4ddaa6-1a2b-4173-87e0-55a87acfd4f7-groupManagement] INFO  server.RaftServerConfigKeys (ConfUtils.java:logGet(46)) - raft.server.log.purge.preservation.log.num = 0 (default)
2023-09-19 02:07:27,096 [2a4ddaa6-1a2b-4173-87e0-55a87acfd4f7-groupManagement] INFO  server.RaftServerConfigKeys (ConfUtils.java:logGet(46)) - raft.server.log.segment.size.max = 1048576 (custom)
2023-09-19 02:07:27,096 [2a4ddaa6-1a2b-4173-87e0-55a87acfd4f7-groupManagement] INFO  server.RaftServerConfigKeys (ConfUtils.java:logGet(46)) - raft.server.log.segment.cache.num.max = 2 (custom)
2023-09-19 02:07:27,097 [2a4ddaa6-1a2b-4173-87e0-55a87acfd4f7-groupManagement] INFO  server.RaftServerConfigKeys (ConfUtils.java:logGet(46)) - raft.server.log.segment.cache.size.max = 200MB (=209715200) (default)
2023-09-19 02:07:27,097 [2a4ddaa6-1a2b-4173-87e0-55a87acfd4f7-groupManagement] INFO  server.RaftServerConfigKeys (ConfUtils.java:logGet(46)) - raft.server.log.appender.buffer.byte-limit = 33554432 (custom)
2023-09-19 02:07:27,097 [EventQueue-OpenPipelineForHealthyPipelineSafeModeRule] INFO  safemode.SCMSafeModeManager (HealthyPipelineSafeModeRule.java:process(137)) - SCM in safe mode. Healthy pipelines reported count is 0, required healthy pipeline reported count is 1
2023-09-19 02:07:27,097 [2a4ddaa6-1a2b-4173-87e0-55a87acfd4f7-groupManagement] INFO  segmented.SegmentedRaftLogWorker (SegmentedRaftLogWorker.java:<init>(188)) - new 2a4ddaa6-1a2b-4173-87e0-55a87acfd4f7@group-331BC0EF53B0-SegmentedRaftLogWorker for RaftStorageImpl:Storage Directory /home/runner/work/ozone/ozone/hadoop-ozone/integration-test/target/test-dir/MiniOzoneClusterImpl-42a12def-4a0d-4036-8984-dc8d5bb9e99a/datanode-0/data/ratis/fc344a9c-40ba-41f9-8083-331bc0ef53b0
2023-09-19 02:07:27,097 [2a4ddaa6-1a2b-4173-87e0-55a87acfd4f7-groupManagement] INFO  server.RaftServerConfigKeys (ConfUtils.java:logGet(46)) - raft.server.log.queue.byte-limit = 4294967296 (custom)
2023-09-19 02:07:27,097 [2a4ddaa6-1a2b-4173-87e0-55a87acfd4f7-groupManagement] INFO  server.RaftServerConfigKeys (ConfUtils.java:logGet(46)) - raft.server.log.queue.element-limit = 1024 (custom)
2023-09-19 02:07:27,097 [2a4ddaa6-1a2b-4173-87e0-55a87acfd4f7-groupManagement] INFO  server.RaftServerConfigKeys (ConfUtils.java:logGet(46)) - raft.server.log.segment.size.max = 1048576 (custom)
2023-09-19 02:07:27,097 [2a4ddaa6-1a2b-4173-87e0-55a87acfd4f7-groupManagement] INFO  server.RaftServerConfigKeys (ConfUtils.java:logGet(46)) - raft.server.log.preallocated.size = 16384 (custom)
2023-09-19 02:07:27,097 [2a4ddaa6-1a2b-4173-87e0-55a87acfd4f7-groupManagement] INFO  server.RaftServerConfigKeys (ConfUtils.java:logGet(46)) - raft.server.log.force.sync.num = 128 (default)
2023-09-19 02:07:27,097 [2a4ddaa6-1a2b-4173-87e0-55a87acfd4f7-groupManagement] INFO  server.RaftServerConfigKeys (ConfUtils.java:logGet(46)) - raft.server.log.statemachine.data.sync = true (default)
2023-09-19 02:07:27,097 [2a4ddaa6-1a2b-4173-87e0-55a87acfd4f7-groupManagement] INFO  server.RaftServerConfigKeys (ConfUtils.java:logGet(46)) - raft.server.log.statemachine.data.sync.timeout = 10s (default)
2023-09-19 02:07:27,097 [2a4ddaa6-1a2b-4173-87e0-55a87acfd4f7-groupManagement] INFO  server.RaftServerConfigKeys (ConfUtils.java:logGet(46)) - raft.server.log.statemachine.data.sync.timeout.retry = -1 (default)
2023-09-19 02:07:27,098 [2a4ddaa6-1a2b-4173-87e0-55a87acfd4f7-groupManagement] INFO  server.RaftServerConfigKeys (ConfUtils.java:logGet(46)) - raft.server.log.write.buffer.size = 1048576 (custom)
2023-09-19 02:07:27,099 [2a4ddaa6-1a2b-4173-87e0-55a87acfd4f7-groupManagement] INFO  server.RaftServerConfigKeys (ConfUtils.java:logGet(46)) - raft.server.log.appender.buffer.byte-limit = 33554432 (custom)
2023-09-19 02:07:27,107 [2a4ddaa6-1a2b-4173-87e0-55a87acfd4f7-groupManagement] INFO  server.RaftServerConfigKeys (ConfUtils.java:logGet(46)) - raft.server.log.unsafe-flush.enabled = false (default)
2023-09-19 02:07:27,107 [2a4ddaa6-1a2b-4173-87e0-55a87acfd4f7-groupManagement] INFO  server.RaftServerConfigKeys (ConfUtils.java:logGet(46)) - raft.server.log.async-flush.enabled = false (default)
2023-09-19 02:07:27,107 [2a4ddaa6-1a2b-4173-87e0-55a87acfd4f7-groupManagement] INFO  server.RaftServerConfigKeys (ConfUtils.java:logGet(46)) - raft.server.log.statemachine.data.caching.enabled = true (custom)
2023-09-19 02:07:27,107 [2a4ddaa6-1a2b-4173-87e0-55a87acfd4f7-groupManagement] INFO  segmented.SegmentedRaftLogWorker (SegmentedRaftLogWorker.java:lambda$new$0(135)) - 2a4ddaa6-1a2b-4173-87e0-55a87acfd4f7@group-331BC0EF53B0-SegmentedRaftLogWorker: flushIndex: setUnconditionally 0 -> -1
2023-09-19 02:07:27,108 [2a4ddaa6-1a2b-4173-87e0-55a87acfd4f7-groupManagement] INFO  segmented.SegmentedRaftLogWorker (SegmentedRaftLogWorker.java:lambda$new$0(135)) - 2a4ddaa6-1a2b-4173-87e0-55a87acfd4f7@group-331BC0EF53B0-SegmentedRaftLogWorker: safeCacheEvictIndex: setUnconditionally 0 -> -1
2023-09-19 02:07:27,108 [2a4ddaa6-1a2b-4173-87e0-55a87acfd4f7-groupManagement] INFO  server.RaftServer$Division (RaftServerImpl.java:start(342)) - 2a4ddaa6-1a2b-4173-87e0-55a87acfd4f7@group-331BC0EF53B0: start as a follower, conf=-1: peers:[765749c7-07d3-4ecd-8c14-ec59685a04c1|rpc:10.1.0.29:15191|admin:10.1.0.29:15190|client:10.1.0.29:15189|dataStream:10.1.0.29:15192|priority:1|startupRole:FOLLOWER, 2a4ddaa6-1a2b-4173-87e0-55a87acfd4f7|rpc:10.1.0.29:15173|admin:10.1.0.29:15172|client:10.1.0.29:15171|dataStream:10.1.0.29:15174|priority:0|startupRole:FOLLOWER, cb888b2f-aa43-4b14-8a4b-2497c9c1feb0|rpc:10.1.0.29:15182|admin:10.1.0.29:15181|client:10.1.0.29:15180|dataStream:10.1.0.29:15183|priority:0|startupRole:FOLLOWER]|listeners:[], old=null
2023-09-19 02:07:27,108 [2a4ddaa6-1a2b-4173-87e0-55a87acfd4f7-groupManagement] INFO  server.RaftServer$Division (RaftServerImpl.java:setRole(329)) - 2a4ddaa6-1a2b-4173-87e0-55a87acfd4f7@group-331BC0EF53B0: changes role from      null to FOLLOWER at term 0 for startAsFollower
2023-09-19 02:07:27,108 [2a4ddaa6-1a2b-4173-87e0-55a87acfd4f7-groupManagement] INFO  impl.RoleInfo (RoleInfo.java:updateAndGet(139)) - 2a4ddaa6-1a2b-4173-87e0-55a87acfd4f7: start 2a4ddaa6-1a2b-4173-87e0-55a87acfd4f7@group-331BC0EF53B0-FollowerState
2023-09-19 02:07:27,108 [2a4ddaa6-1a2b-4173-87e0-55a87acfd4f7-groupManagement] INFO  util.JmxRegister (JmxRegister.java:tryRegister(44)) - Successfully registered JMX Bean with object name Ratis:service=RaftServer,group=group-331BC0EF53B0,id=2a4ddaa6-1a2b-4173-87e0-55a87acfd4f7
2023-09-19 02:07:27,108 [2a4ddaa6-1a2b-4173-87e0-55a87acfd4f7-groupManagement] INFO  server.RaftServerConfigKeys (ConfUtils.java:logGet(46)) - raft.server.snapshot.auto.trigger.enabled = true (custom)
2023-09-19 02:07:27,108 [2a4ddaa6-1a2b-4173-87e0-55a87acfd4f7-groupManagement] INFO  server.RaftServerConfigKeys (ConfUtils.java:logGet(46)) - raft.server.snapshot.auto.trigger.threshold = 10000 (custom)
2023-09-19 02:07:27,108 [2a4ddaa6-1a2b-4173-87e0-55a87acfd4f7-groupManagement] INFO  server.RaftServerConfigKeys (ConfUtils.java:logGet(46)) - raft.server.snapshot.retention.file.num = 5 (custom)
2023-09-19 02:07:27,108 [2a4ddaa6-1a2b-4173-87e0-55a87acfd4f7-groupManagement] INFO  server.RaftServerConfigKeys (ConfUtils.java:logGet(46)) - raft.server.log.purge.upto.snapshot.index = false (default)
2023-09-19 02:07:27,109 [2a4ddaa6-1a2b-4173-87e0-55a87acfd4f7@group-331BC0EF53B0-FollowerState] INFO  server.RaftServerConfigKeys (ConfUtils.java:logFallback(53)) - raft.server.rpc.first-election.timeout.min = 5s (fallback to raft.server.rpc.timeout.min)
2023-09-19 02:07:27,109 [2a4ddaa6-1a2b-4173-87e0-55a87acfd4f7@group-331BC0EF53B0-FollowerState] INFO  server.RaftServerConfigKeys (ConfUtils.java:logFallback(53)) - raft.server.rpc.first-election.timeout.max = 5200ms (fallback to raft.server.rpc.timeout.max)
2023-09-19 02:07:27,109 [PipelineCommandHandlerThread-0] INFO  ratis.XceiverServerRatis (XceiverServerRatis.java:addGroup(804)) - Created group PipelineID=fc344a9c-40ba-41f9-8083-331bc0ef53b0
2023-09-19 02:07:27,119 [grpc-default-executor-0] INFO  server.RaftServer (RaftServerProxy.java:addNew(98)) - 765749c7-07d3-4ecd-8c14-ec59685a04c1: addNew group-331BC0EF53B0:[765749c7-07d3-4ecd-8c14-ec59685a04c1|rpc:10.1.0.29:15191|admin:10.1.0.29:15190|client:10.1.0.29:15189|dataStream:10.1.0.29:15192|priority:1|startupRole:FOLLOWER, 2a4ddaa6-1a2b-4173-87e0-55a87acfd4f7|rpc:10.1.0.29:15173|admin:10.1.0.29:15172|client:10.1.0.29:15171|dataStream:10.1.0.29:15174|priority:0|startupRole:FOLLOWER, cb888b2f-aa43-4b14-8a4b-2497c9c1feb0|rpc:10.1.0.29:15182|admin:10.1.0.29:15181|client:10.1.0.29:15180|dataStream:10.1.0.29:15183|priority:0|startupRole:FOLLOWER] returns group-331BC0EF53B0:java.util.concurrent.CompletableFuture@62c6187a[Not completed]
2023-09-19 02:07:27,120 [765749c7-07d3-4ecd-8c14-ec59685a04c1-groupManagement] INFO  server.RaftServer$Division (RaftServerImpl.java:<init>(198)) - 765749c7-07d3-4ecd-8c14-ec59685a04c1: new RaftServerImpl for group-331BC0EF53B0:[765749c7-07d3-4ecd-8c14-ec59685a04c1|rpc:10.1.0.29:15191|admin:10.1.0.29:15190|client:10.1.0.29:15189|dataStream:10.1.0.29:15192|priority:1|startupRole:FOLLOWER, 2a4ddaa6-1a2b-4173-87e0-55a87acfd4f7|rpc:10.1.0.29:15173|admin:10.1.0.29:15172|client:10.1.0.29:15171|dataStream:10.1.0.29:15174|priority:0|startupRole:FOLLOWER, cb888b2f-aa43-4b14-8a4b-2497c9c1feb0|rpc:10.1.0.29:15182|admin:10.1.0.29:15181|client:10.1.0.29:15180|dataStream:10.1.0.29:15183|priority:0|startupRole:FOLLOWER] with ContainerStateMachine:uninitialized
2023-09-19 02:07:27,120 [765749c7-07d3-4ecd-8c14-ec59685a04c1-groupManagement] INFO  server.RaftServerConfigKeys (ConfUtils.java:logGet(46)) - raft.server.rpc.timeout.min = 5s (custom)
2023-09-19 02:07:27,120 [765749c7-07d3-4ecd-8c14-ec59685a04c1-groupManagement] INFO  server.RaftServerConfigKeys (ConfUtils.java:logGet(46)) - raft.server.rpc.timeout.max = 5200ms (custom)
2023-09-19 02:07:27,120 [765749c7-07d3-4ecd-8c14-ec59685a04c1-groupManagement] INFO  server.RaftServerConfigKeys (ConfUtils.java:logGet(46)) - raft.server.rpc.sleep.time = 25ms (default)
2023-09-19 02:07:27,120 [765749c7-07d3-4ecd-8c14-ec59685a04c1-groupManagement] INFO  server.RaftServerConfigKeys (ConfUtils.java:logGet(46)) - raft.server.rpc.slowness.timeout = 300s (custom)
2023-09-19 02:07:27,120 [765749c7-07d3-4ecd-8c14-ec59685a04c1-groupManagement] INFO  server.RaftServerConfigKeys (ConfUtils.java:logGet(46)) - raft.server.leaderelection.leader.step-down.wait-time = 10s (default)
2023-09-19 02:07:27,120 [765749c7-07d3-4ecd-8c14-ec59685a04c1-groupManagement] INFO  server.RaftServerConfigKeys (ConfUtils.java:logGet(46)) - raft.server.sleep.deviation.threshold = 300ms (default)
2023-09-19 02:07:27,120 [765749c7-07d3-4ecd-8c14-ec59685a04c1-groupManagement] INFO  server.RaftServer$Division (ServerState.java:<init>(120)) - 765749c7-07d3-4ecd-8c14-ec59685a04c1@group-331BC0EF53B0: ConfigurationManager, init=-1: peers:[765749c7-07d3-4ecd-8c14-ec59685a04c1|rpc:10.1.0.29:15191|admin:10.1.0.29:15190|client:10.1.0.29:15189|dataStream:10.1.0.29:15192|priority:1|startupRole:FOLLOWER, 2a4ddaa6-1a2b-4173-87e0-55a87acfd4f7|rpc:10.1.0.29:15173|admin:10.1.0.29:15172|client:10.1.0.29:15171|dataStream:10.1.0.29:15174|priority:0|startupRole:FOLLOWER, cb888b2f-aa43-4b14-8a4b-2497c9c1feb0|rpc:10.1.0.29:15182|admin:10.1.0.29:15181|client:10.1.0.29:15180|dataStream:10.1.0.29:15183|priority:0|startupRole:FOLLOWER]|listeners:[], old=null, confs=<EMPTY_MAP>
2023-09-19 02:07:27,120 [765749c7-07d3-4ecd-8c14-ec59685a04c1-groupManagement] INFO  server.RaftServerConfigKeys (ConfUtils.java:logGet(46)) - raft.server.storage.dir = [/home/runner/work/ozone/ozone/hadoop-ozone/integration-test/target/test-dir/MiniOzoneClusterImpl-42a12def-4a0d-4036-8984-dc8d5bb9e99a/datanode-2/data/ratis] (custom)
2023-09-19 02:07:27,121 [765749c7-07d3-4ecd-8c14-ec59685a04c1-groupManagement] INFO  server.RaftServerConfigKeys (ConfUtils.java:logGet(46)) - raft.server.log.corruption.policy = EXCEPTION (default)
2023-09-19 02:07:27,121 [765749c7-07d3-4ecd-8c14-ec59685a04c1-groupManagement] INFO  server.RaftServerConfigKeys (ConfUtils.java:logGet(46)) - raft.server.storage.free-space.min = 0MB (=0) (default)
2023-09-19 02:07:27,121 [765749c7-07d3-4ecd-8c14-ec59685a04c1-groupManagement] INFO  server.RaftServerConfigKeys (ConfUtils.java:logGet(46)) - raft.server.notification.no-leader.timeout = 300s (custom)
2023-09-19 02:07:27,121 [765749c7-07d3-4ecd-8c14-ec59685a04c1-groupManagement] INFO  server.RaftServerConfigKeys (ConfUtils.java:logGet(46)) - raft.server.read.timeout = 10s (default)
2023-09-19 02:07:27,121 [765749c7-07d3-4ecd-8c14-ec59685a04c1-groupManagement] INFO  server.RaftServerConfigKeys (ConfUtils.java:logGet(46)) - raft.server.retrycache.expirytime = 600000ms (custom)
2023-09-19 02:07:27,121 [765749c7-07d3-4ecd-8c14-ec59685a04c1-groupManagement] INFO  server.RaftServerConfigKeys (ConfUtils.java:logGet(46)) - raft.server.retrycache.statistics.expirytime = 100μs (default)
2023-09-19 02:07:27,121 [765749c7-07d3-4ecd-8c14-ec59685a04c1-groupManagement] INFO  server.RaftServerConfigKeys (ConfUtils.java:logGet(46)) - raft.server.read.option = DEFAULT (default)
2023-09-19 02:07:27,121 [765749c7-07d3-4ecd-8c14-ec59685a04c1-groupManagement] INFO  server.RaftServerConfigKeys (ConfUtils.java:logGet(46)) - raft.server.rpc.request.timeout = 60s (custom)
2023-09-19 02:07:27,121 [765749c7-07d3-4ecd-8c14-ec59685a04c1-groupManagement] INFO  server.RaftServerConfigKeys (ConfUtils.java:logGet(46)) - raft.server.log.appender.install.snapshot.enabled = false (custom)
2023-09-19 02:07:27,121 [765749c7-07d3-4ecd-8c14-ec59685a04c1-groupManagement] INFO  server.RaftServerConfigKeys (ConfUtils.java:logGet(46)) - raft.server.threadpool.server.cached = true (default)
2023-09-19 02:07:27,121 [765749c7-07d3-4ecd-8c14-ec59685a04c1-groupManagement] INFO  server.RaftServerConfigKeys (ConfUtils.java:logGet(46)) - raft.server.threadpool.server.size = 0 (default)
2023-09-19 02:07:27,121 [765749c7-07d3-4ecd-8c14-ec59685a04c1-groupManagement] INFO  server.RaftServerConfigKeys (ConfUtils.java:logGet(46)) - raft.server.threadpool.client.cached = true (default)
2023-09-19 02:07:27,121 [765749c7-07d3-4ecd-8c14-ec59685a04c1-groupManagement] INFO  server.RaftServerConfigKeys (ConfUtils.java:logGet(46)) - raft.server.threadpool.client.size = 0 (default)
2023-09-19 02:07:27,122 [765749c7-07d3-4ecd-8c14-ec59685a04c1-groupManagement] INFO  storage.RaftStorageDirectory (RaftStorageDirectoryImpl.java:analyzeStorage(137)) - The storage directory /home/runner/work/ozone/ozone/hadoop-ozone/integration-test/target/test-dir/MiniOzoneClusterImpl-42a12def-4a0d-4036-8984-dc8d5bb9e99a/datanode-2/data/ratis/fc344a9c-40ba-41f9-8083-331bc0ef53b0 does not exist. Creating ...
2023-09-19 02:07:27,123 [765749c7-07d3-4ecd-8c14-ec59685a04c1-groupManagement] INFO  storage.RaftStorageDirectory (RaftStorageDirectoryImpl.java:tryLock(231)) - Lock on /home/runner/work/ozone/ozone/hadoop-ozone/integration-test/target/test-dir/MiniOzoneClusterImpl-42a12def-4a0d-4036-8984-dc8d5bb9e99a/datanode-2/data/ratis/fc344a9c-40ba-41f9-8083-331bc0ef53b0/in_use.lock acquired by nodename 7315@fv-az1031-92
2023-09-19 02:07:27,124 [765749c7-07d3-4ecd-8c14-ec59685a04c1-groupManagement] INFO  storage.RaftStorage (RaftStorageImpl.java:format(96)) - Storage directory /home/runner/work/ozone/ozone/hadoop-ozone/integration-test/target/test-dir/MiniOzoneClusterImpl-42a12def-4a0d-4036-8984-dc8d5bb9e99a/datanode-2/data/ratis/fc344a9c-40ba-41f9-8083-331bc0ef53b0 has been successfully formatted.
2023-09-19 02:07:27,124 [765749c7-07d3-4ecd-8c14-ec59685a04c1-groupManagement] INFO  ratis.ContainerStateMachine (ContainerStateMachine.java:loadSnapshot(262)) - group-331BC0EF53B0: The snapshot info is null. Setting the last applied indexto:(t:0, i:~)
2023-09-19 02:07:27,124 [765749c7-07d3-4ecd-8c14-ec59685a04c1-groupManagement] INFO  server.RaftServerConfigKeys (ConfUtils.java:logGet(46)) - raft.server.log.use.memory = false (default)
2023-09-19 02:07:27,124 [765749c7-07d3-4ecd-8c14-ec59685a04c1-groupManagement] INFO  server.RaftServerConfigKeys (ConfUtils.java:logGet(46)) - raft.server.log.purge.gap = 1000000 (custom)
2023-09-19 02:07:27,124 [765749c7-07d3-4ecd-8c14-ec59685a04c1-groupManagement] INFO  server.RaftServerConfigKeys (ConfUtils.java:logGet(46)) - raft.server.log.appender.buffer.byte-limit = 33554432 (custom)
2023-09-19 02:07:27,124 [765749c7-07d3-4ecd-8c14-ec59685a04c1-groupManagement] INFO  server.RaftServerConfigKeys (ConfUtils.java:logGet(46)) - raft.server.log.statemachine.data.read.timeout = 1000ms (default)
2023-09-19 02:07:27,124 [765749c7-07d3-4ecd-8c14-ec59685a04c1-groupManagement] INFO  server.RaftServerConfigKeys (ConfUtils.java:logGet(46)) - raft.server.log.purge.preservation.log.num = 0 (default)
2023-09-19 02:07:27,125 [765749c7-07d3-4ecd-8c14-ec59685a04c1-groupManagement] INFO  server.RaftServerConfigKeys (ConfUtils.java:logGet(46)) - raft.server.log.segment.size.max = 1048576 (custom)
2023-09-19 02:07:27,125 [765749c7-07d3-4ecd-8c14-ec59685a04c1-groupManagement] INFO  server.RaftServerConfigKeys (ConfUtils.java:logGet(46)) - raft.server.log.segment.cache.num.max = 2 (custom)
2023-09-19 02:07:27,125 [765749c7-07d3-4ecd-8c14-ec59685a04c1-groupManagement] INFO  server.RaftServerConfigKeys (ConfUtils.java:logGet(46)) - raft.server.log.segment.cache.size.max = 200MB (=209715200) (default)
2023-09-19 02:07:27,125 [765749c7-07d3-4ecd-8c14-ec59685a04c1-groupManagement] INFO  server.RaftServerConfigKeys (ConfUtils.java:logGet(46)) - raft.server.log.appender.buffer.byte-limit = 33554432 (custom)
2023-09-19 02:07:27,125 [765749c7-07d3-4ecd-8c14-ec59685a04c1-groupManagement] INFO  segmented.SegmentedRaftLogWorker (SegmentedRaftLogWorker.java:<init>(188)) - new 765749c7-07d3-4ecd-8c14-ec59685a04c1@group-331BC0EF53B0-SegmentedRaftLogWorker for RaftStorageImpl:Storage Directory /home/runner/work/ozone/ozone/hadoop-ozone/integration-test/target/test-dir/MiniOzoneClusterImpl-42a12def-4a0d-4036-8984-dc8d5bb9e99a/datanode-2/data/ratis/fc344a9c-40ba-41f9-8083-331bc0ef53b0
2023-09-19 02:07:27,125 [765749c7-07d3-4ecd-8c14-ec59685a04c1-groupManagement] INFO  server.RaftServerConfigKeys (ConfUtils.java:logGet(46)) - raft.server.log.queue.byte-limit = 4294967296 (custom)
2023-09-19 02:07:27,125 [765749c7-07d3-4ecd-8c14-ec59685a04c1-groupManagement] INFO  server.RaftServerConfigKeys (ConfUtils.java:logGet(46)) - raft.server.log.queue.element-limit = 1024 (custom)
2023-09-19 02:07:27,125 [765749c7-07d3-4ecd-8c14-ec59685a04c1-groupManagement] INFO  server.RaftServerConfigKeys (ConfUtils.java:logGet(46)) - raft.server.log.segment.size.max = 1048576 (custom)
2023-09-19 02:07:27,125 [765749c7-07d3-4ecd-8c14-ec59685a04c1-groupManagement] INFO  server.RaftServerConfigKeys (ConfUtils.java:logGet(46)) - raft.server.log.preallocated.size = 16384 (custom)
2023-09-19 02:07:27,125 [765749c7-07d3-4ecd-8c14-ec59685a04c1-groupManagement] INFO  server.RaftServerConfigKeys (ConfUtils.java:logGet(46)) - raft.server.log.force.sync.num = 128 (default)
2023-09-19 02:07:27,125 [765749c7-07d3-4ecd-8c14-ec59685a04c1-groupManagement] INFO  server.RaftServerConfigKeys (ConfUtils.java:logGet(46)) - raft.server.log.statemachine.data.sync = true (default)
2023-09-19 02:07:27,125 [765749c7-07d3-4ecd-8c14-ec59685a04c1-groupManagement] INFO  server.RaftServerConfigKeys (ConfUtils.java:logGet(46)) - raft.server.log.statemachine.data.sync.timeout = 10s (default)
2023-09-19 02:07:27,125 [765749c7-07d3-4ecd-8c14-ec59685a04c1-groupManagement] INFO  server.RaftServerConfigKeys (ConfUtils.java:logGet(46)) - raft.server.log.statemachine.data.sync.timeout.retry = -1 (default)
2023-09-19 02:07:27,126 [765749c7-07d3-4ecd-8c14-ec59685a04c1-groupManagement] INFO  server.RaftServerConfigKeys (ConfUtils.java:logGet(46)) - raft.server.log.write.buffer.size = 1048576 (custom)
2023-09-19 02:07:27,126 [765749c7-07d3-4ecd-8c14-ec59685a04c1-groupManagement] INFO  server.RaftServerConfigKeys (ConfUtils.java:logGet(46)) - raft.server.log.appender.buffer.byte-limit = 33554432 (custom)
2023-09-19 02:07:27,131 [765749c7-07d3-4ecd-8c14-ec59685a04c1-groupManagement] INFO  server.RaftServerConfigKeys (ConfUtils.java:logGet(46)) - raft.server.log.unsafe-flush.enabled = false (default)
2023-09-19 02:07:27,131 [765749c7-07d3-4ecd-8c14-ec59685a04c1-groupManagement] INFO  server.RaftServerConfigKeys (ConfUtils.java:logGet(46)) - raft.server.log.async-flush.enabled = false (default)
2023-09-19 02:07:27,131 [765749c7-07d3-4ecd-8c14-ec59685a04c1-groupManagement] INFO  server.RaftServerConfigKeys (ConfUtils.java:logGet(46)) - raft.server.log.statemachine.data.caching.enabled = true (custom)
2023-09-19 02:07:27,131 [765749c7-07d3-4ecd-8c14-ec59685a04c1-groupManagement] INFO  segmented.SegmentedRaftLogWorker (SegmentedRaftLogWorker.java:lambda$new$0(135)) - 765749c7-07d3-4ecd-8c14-ec59685a04c1@group-331BC0EF53B0-SegmentedRaftLogWorker: flushIndex: setUnconditionally 0 -> -1
2023-09-19 02:07:27,131 [765749c7-07d3-4ecd-8c14-ec59685a04c1-groupManagement] INFO  segmented.SegmentedRaftLogWorker (SegmentedRaftLogWorker.java:lambda$new$0(135)) - 765749c7-07d3-4ecd-8c14-ec59685a04c1@group-331BC0EF53B0-SegmentedRaftLogWorker: safeCacheEvictIndex: setUnconditionally 0 -> -1
2023-09-19 02:07:27,136 [765749c7-07d3-4ecd-8c14-ec59685a04c1-groupManagement] INFO  server.RaftServer$Division (RaftServerImpl.java:start(342)) - 765749c7-07d3-4ecd-8c14-ec59685a04c1@group-331BC0EF53B0: start as a follower, conf=-1: peers:[765749c7-07d3-4ecd-8c14-ec59685a04c1|rpc:10.1.0.29:15191|admin:10.1.0.29:15190|client:10.1.0.29:15189|dataStream:10.1.0.29:15192|priority:1|startupRole:FOLLOWER, 2a4ddaa6-1a2b-4173-87e0-55a87acfd4f7|rpc:10.1.0.29:15173|admin:10.1.0.29:15172|client:10.1.0.29:15171|dataStream:10.1.0.29:15174|priority:0|startupRole:FOLLOWER, cb888b2f-aa43-4b14-8a4b-2497c9c1feb0|rpc:10.1.0.29:15182|admin:10.1.0.29:15181|client:10.1.0.29:15180|dataStream:10.1.0.29:15183|priority:0|startupRole:FOLLOWER]|listeners:[], old=null
2023-09-19 02:07:27,136 [765749c7-07d3-4ecd-8c14-ec59685a04c1-groupManagement] INFO  server.RaftServer$Division (RaftServerImpl.java:setRole(329)) - 765749c7-07d3-4ecd-8c14-ec59685a04c1@group-331BC0EF53B0: changes role from      null to FOLLOWER at term 0 for startAsFollower
2023-09-19 02:07:27,136 [765749c7-07d3-4ecd-8c14-ec59685a04c1-groupManagement] INFO  impl.RoleInfo (RoleInfo.java:updateAndGet(139)) - 765749c7-07d3-4ecd-8c14-ec59685a04c1: start 765749c7-07d3-4ecd-8c14-ec59685a04c1@group-331BC0EF53B0-FollowerState
2023-09-19 02:07:27,136 [765749c7-07d3-4ecd-8c14-ec59685a04c1-groupManagement] INFO  util.JmxRegister (JmxRegister.java:tryRegister(44)) - Successfully registered JMX Bean with object name Ratis:service=RaftServer,group=group-331BC0EF53B0,id=765749c7-07d3-4ecd-8c14-ec59685a04c1
2023-09-19 02:07:27,136 [765749c7-07d3-4ecd-8c14-ec59685a04c1-groupManagement] INFO  server.RaftServerConfigKeys (ConfUtils.java:logGet(46)) - raft.server.snapshot.auto.trigger.enabled = true (custom)
2023-09-19 02:07:27,136 [765749c7-07d3-4ecd-8c14-ec59685a04c1-groupManagement] INFO  server.RaftServerConfigKeys (ConfUtils.java:logGet(46)) - raft.server.snapshot.auto.trigger.threshold = 10000 (custom)
2023-09-19 02:07:27,136 [765749c7-07d3-4ecd-8c14-ec59685a04c1-groupManagement] INFO  server.RaftServerConfigKeys (ConfUtils.java:logGet(46)) - raft.server.snapshot.retention.file.num = 5 (custom)
2023-09-19 02:07:27,136 [765749c7-07d3-4ecd-8c14-ec59685a04c1-groupManagement] INFO  server.RaftServerConfigKeys (ConfUtils.java:logGet(46)) - raft.server.log.purge.upto.snapshot.index = false (default)
2023-09-19 02:07:27,137 [765749c7-07d3-4ecd-8c14-ec59685a04c1@group-331BC0EF53B0-FollowerState] INFO  server.RaftServerConfigKeys (ConfUtils.java:logFallback(53)) - raft.server.rpc.first-election.timeout.min = 5s (fallback to raft.server.rpc.timeout.min)
2023-09-19 02:07:27,137 [765749c7-07d3-4ecd-8c14-ec59685a04c1@group-331BC0EF53B0-FollowerState] INFO  server.RaftServerConfigKeys (ConfUtils.java:logFallback(53)) - raft.server.rpc.first-election.timeout.max = 5200ms (fallback to raft.server.rpc.timeout.max)
2023-09-19 02:07:27,155 [grpc-default-executor-0] INFO  server.RaftServer (RaftServerProxy.java:addNew(98)) - cb888b2f-aa43-4b14-8a4b-2497c9c1feb0: addNew group-331BC0EF53B0:[765749c7-07d3-4ecd-8c14-ec59685a04c1|rpc:10.1.0.29:15191|admin:10.1.0.29:15190|client:10.1.0.29:15189|dataStream:10.1.0.29:15192|priority:1|startupRole:FOLLOWER, 2a4ddaa6-1a2b-4173-87e0-55a87acfd4f7|rpc:10.1.0.29:15173|admin:10.1.0.29:15172|client:10.1.0.29:15171|dataStream:10.1.0.29:15174|priority:0|startupRole:FOLLOWER, cb888b2f-aa43-4b14-8a4b-2497c9c1feb0|rpc:10.1.0.29:15182|admin:10.1.0.29:15181|client:10.1.0.29:15180|dataStream:10.1.0.29:15183|priority:0|startupRole:FOLLOWER] returns group-331BC0EF53B0:java.util.concurrent.CompletableFuture@3d2bf887[Not completed]
2023-09-19 02:07:27,156 [cb888b2f-aa43-4b14-8a4b-2497c9c1feb0-groupManagement] INFO  server.RaftServer$Division (RaftServerImpl.java:<init>(198)) - cb888b2f-aa43-4b14-8a4b-2497c9c1feb0: new RaftServerImpl for group-331BC0EF53B0:[765749c7-07d3-4ecd-8c14-ec59685a04c1|rpc:10.1.0.29:15191|admin:10.1.0.29:15190|client:10.1.0.29:15189|dataStream:10.1.0.29:15192|priority:1|startupRole:FOLLOWER, 2a4ddaa6-1a2b-4173-87e0-55a87acfd4f7|rpc:10.1.0.29:15173|admin:10.1.0.29:15172|client:10.1.0.29:15171|dataStream:10.1.0.29:15174|priority:0|startupRole:FOLLOWER, cb888b2f-aa43-4b14-8a4b-2497c9c1feb0|rpc:10.1.0.29:15182|admin:10.1.0.29:15181|client:10.1.0.29:15180|dataStream:10.1.0.29:15183|priority:0|startupRole:FOLLOWER] with ContainerStateMachine:uninitialized
2023-09-19 02:07:27,156 [cb888b2f-aa43-4b14-8a4b-2497c9c1feb0-groupManagement] INFO  server.RaftServerConfigKeys (ConfUtils.java:logGet(46)) - raft.server.rpc.timeout.min = 5s (custom)
2023-09-19 02:07:27,156 [cb888b2f-aa43-4b14-8a4b-2497c9c1feb0-groupManagement] INFO  server.RaftServerConfigKeys (ConfUtils.java:logGet(46)) - raft.server.rpc.timeout.max = 5200ms (custom)
2023-09-19 02:07:27,156 [cb888b2f-aa43-4b14-8a4b-2497c9c1feb0-groupManagement] INFO  server.RaftServerConfigKeys (ConfUtils.java:logGet(46)) - raft.server.rpc.sleep.time = 25ms (default)
2023-09-19 02:07:27,156 [cb888b2f-aa43-4b14-8a4b-2497c9c1feb0-groupManagement] INFO  server.RaftServerConfigKeys (ConfUtils.java:logGet(46)) - raft.server.rpc.slowness.timeout = 300s (custom)
2023-09-19 02:07:27,156 [cb888b2f-aa43-4b14-8a4b-2497c9c1feb0-groupManagement] INFO  server.RaftServerConfigKeys (ConfUtils.java:logGet(46)) - raft.server.leaderelection.leader.step-down.wait-time = 10s (default)
2023-09-19 02:07:27,156 [cb888b2f-aa43-4b14-8a4b-2497c9c1feb0-groupManagement] INFO  server.RaftServerConfigKeys (ConfUtils.java:logGet(46)) - raft.server.sleep.deviation.threshold = 300ms (default)
2023-09-19 02:07:27,156 [cb888b2f-aa43-4b14-8a4b-2497c9c1feb0-groupManagement] INFO  server.RaftServer$Division (ServerState.java:<init>(120)) - cb888b2f-aa43-4b14-8a4b-2497c9c1feb0@group-331BC0EF53B0: ConfigurationManager, init=-1: peers:[765749c7-07d3-4ecd-8c14-ec59685a04c1|rpc:10.1.0.29:15191|admin:10.1.0.29:15190|client:10.1.0.29:15189|dataStream:10.1.0.29:15192|priority:1|startupRole:FOLLOWER, 2a4ddaa6-1a2b-4173-87e0-55a87acfd4f7|rpc:10.1.0.29:15173|admin:10.1.0.29:15172|client:10.1.0.29:15171|dataStream:10.1.0.29:15174|priority:0|startupRole:FOLLOWER, cb888b2f-aa43-4b14-8a4b-2497c9c1feb0|rpc:10.1.0.29:15182|admin:10.1.0.29:15181|client:10.1.0.29:15180|dataStream:10.1.0.29:15183|priority:0|startupRole:FOLLOWER]|listeners:[], old=null, confs=<EMPTY_MAP>
2023-09-19 02:07:27,156 [cb888b2f-aa43-4b14-8a4b-2497c9c1feb0-groupManagement] INFO  server.RaftServerConfigKeys (ConfUtils.java:logGet(46)) - raft.server.storage.dir = [/home/runner/work/ozone/ozone/hadoop-ozone/integration-test/target/test-dir/MiniOzoneClusterImpl-42a12def-4a0d-4036-8984-dc8d5bb9e99a/datanode-1/data/ratis] (custom)
2023-09-19 02:07:27,156 [cb888b2f-aa43-4b14-8a4b-2497c9c1feb0-groupManagement] INFO  server.RaftServerConfigKeys (ConfUtils.java:logGet(46)) - raft.server.log.corruption.policy = EXCEPTION (default)
2023-09-19 02:07:27,156 [cb888b2f-aa43-4b14-8a4b-2497c9c1feb0-groupManagement] INFO  server.RaftServerConfigKeys (ConfUtils.java:logGet(46)) - raft.server.storage.free-space.min = 0MB (=0) (default)
2023-09-19 02:07:27,157 [cb888b2f-aa43-4b14-8a4b-2497c9c1feb0-groupManagement] INFO  server.RaftServerConfigKeys (ConfUtils.java:logGet(46)) - raft.server.notification.no-leader.timeout = 300s (custom)
2023-09-19 02:07:27,157 [cb888b2f-aa43-4b14-8a4b-2497c9c1feb0-groupManagement] INFO  server.RaftServerConfigKeys (ConfUtils.java:logGet(46)) - raft.server.read.timeout = 10s (default)
2023-09-19 02:07:27,157 [cb888b2f-aa43-4b14-8a4b-2497c9c1feb0-groupManagement] INFO  server.RaftServerConfigKeys (ConfUtils.java:logGet(46)) - raft.server.retrycache.expirytime = 600000ms (custom)
2023-09-19 02:07:27,157 [cb888b2f-aa43-4b14-8a4b-2497c9c1feb0-groupManagement] INFO  server.RaftServerConfigKeys (ConfUtils.java:logGet(46)) - raft.server.retrycache.statistics.expirytime = 100μs (default)
2023-09-19 02:07:27,157 [cb888b2f-aa43-4b14-8a4b-2497c9c1feb0-groupManagement] INFO  server.RaftServerConfigKeys (ConfUtils.java:logGet(46)) - raft.server.read.option = DEFAULT (default)
2023-09-19 02:07:27,157 [cb888b2f-aa43-4b14-8a4b-2497c9c1feb0-groupManagement] INFO  server.RaftServerConfigKeys (ConfUtils.java:logGet(46)) - raft.server.rpc.request.timeout = 60s (custom)
2023-09-19 02:07:27,157 [cb888b2f-aa43-4b14-8a4b-2497c9c1feb0-groupManagement] INFO  server.RaftServerConfigKeys (ConfUtils.java:logGet(46)) - raft.server.log.appender.install.snapshot.enabled = false (custom)
2023-09-19 02:07:27,157 [cb888b2f-aa43-4b14-8a4b-2497c9c1feb0-groupManagement] INFO  server.RaftServerConfigKeys (ConfUtils.java:logGet(46)) - raft.server.threadpool.server.cached = true (default)
2023-09-19 02:07:27,157 [cb888b2f-aa43-4b14-8a4b-2497c9c1feb0-groupManagement] INFO  server.RaftServerConfigKeys (ConfUtils.java:logGet(46)) - raft.server.threadpool.server.size = 0 (default)
2023-09-19 02:07:27,157 [cb888b2f-aa43-4b14-8a4b-2497c9c1feb0-groupManagement] INFO  server.RaftServerConfigKeys (ConfUtils.java:logGet(46)) - raft.server.threadpool.client.cached = true (default)
2023-09-19 02:07:27,157 [cb888b2f-aa43-4b14-8a4b-2497c9c1feb0-groupManagement] INFO  server.RaftServerConfigKeys (ConfUtils.java:logGet(46)) - raft.server.threadpool.client.size = 0 (default)
2023-09-19 02:07:27,158 [cb888b2f-aa43-4b14-8a4b-2497c9c1feb0-groupManagement] INFO  storage.RaftStorageDirectory (RaftStorageDirectoryImpl.java:analyzeStorage(137)) - The storage directory /home/runner/work/ozone/ozone/hadoop-ozone/integration-test/target/test-dir/MiniOzoneClusterImpl-42a12def-4a0d-4036-8984-dc8d5bb9e99a/datanode-1/data/ratis/fc344a9c-40ba-41f9-8083-331bc0ef53b0 does not exist. Creating ...
2023-09-19 02:07:27,160 [cb888b2f-aa43-4b14-8a4b-2497c9c1feb0-groupManagement] INFO  storage.RaftStorageDirectory (RaftStorageDirectoryImpl.java:tryLock(231)) - Lock on /home/runner/work/ozone/ozone/hadoop-ozone/integration-test/target/test-dir/MiniOzoneClusterImpl-42a12def-4a0d-4036-8984-dc8d5bb9e99a/datanode-1/data/ratis/fc344a9c-40ba-41f9-8083-331bc0ef53b0/in_use.lock acquired by nodename 7315@fv-az1031-92
2023-09-19 02:07:27,161 [cb888b2f-aa43-4b14-8a4b-2497c9c1feb0-groupManagement] INFO  storage.RaftStorage (RaftStorageImpl.java:format(96)) - Storage directory /home/runner/work/ozone/ozone/hadoop-ozone/integration-test/target/test-dir/MiniOzoneClusterImpl-42a12def-4a0d-4036-8984-dc8d5bb9e99a/datanode-1/data/ratis/fc344a9c-40ba-41f9-8083-331bc0ef53b0 has been successfully formatted.
2023-09-19 02:07:27,161 [cb888b2f-aa43-4b14-8a4b-2497c9c1feb0-groupManagement] INFO  ratis.ContainerStateMachine (ContainerStateMachine.java:loadSnapshot(262)) - group-331BC0EF53B0: The snapshot info is null. Setting the last applied indexto:(t:0, i:~)
2023-09-19 02:07:27,161 [cb888b2f-aa43-4b14-8a4b-2497c9c1feb0-groupManagement] INFO  server.RaftServerConfigKeys (ConfUtils.java:logGet(46)) - raft.server.log.use.memory = false (default)
2023-09-19 02:07:27,161 [cb888b2f-aa43-4b14-8a4b-2497c9c1feb0-groupManagement] INFO  server.RaftServerConfigKeys (ConfUtils.java:logGet(46)) - raft.server.log.purge.gap = 1000000 (custom)
2023-09-19 02:07:27,161 [cb888b2f-aa43-4b14-8a4b-2497c9c1feb0-groupManagement] INFO  server.RaftServerConfigKeys (ConfUtils.java:logGet(46)) - raft.server.log.appender.buffer.byte-limit = 33554432 (custom)
2023-09-19 02:07:27,161 [cb888b2f-aa43-4b14-8a4b-2497c9c1feb0-groupManagement] INFO  server.RaftServerConfigKeys (ConfUtils.java:logGet(46)) - raft.server.log.statemachine.data.read.timeout = 1000ms (default)
2023-09-19 02:07:27,161 [cb888b2f-aa43-4b14-8a4b-2497c9c1feb0-groupManagement] INFO  server.RaftServerConfigKeys (ConfUtils.java:logGet(46)) - raft.server.log.purge.preservation.log.num = 0 (default)
2023-09-19 02:07:27,162 [cb888b2f-aa43-4b14-8a4b-2497c9c1feb0-groupManagement] INFO  server.RaftServerConfigKeys (ConfUtils.java:logGet(46)) - raft.server.log.segment.size.max = 1048576 (custom)
2023-09-19 02:07:27,162 [cb888b2f-aa43-4b14-8a4b-2497c9c1feb0-groupManagement] INFO  server.RaftServerConfigKeys (ConfUtils.java:logGet(46)) - raft.server.log.segment.cache.num.max = 2 (custom)
2023-09-19 02:07:27,162 [cb888b2f-aa43-4b14-8a4b-2497c9c1feb0-groupManagement] INFO  server.RaftServerConfigKeys (ConfUtils.java:logGet(46)) - raft.server.log.segment.cache.size.max = 200MB (=209715200) (default)
2023-09-19 02:07:27,162 [cb888b2f-aa43-4b14-8a4b-2497c9c1feb0-groupManagement] INFO  server.RaftServerConfigKeys (ConfUtils.java:logGet(46)) - raft.server.log.appender.buffer.byte-limit = 33554432 (custom)
2023-09-19 02:07:27,162 [cb888b2f-aa43-4b14-8a4b-2497c9c1feb0-groupManagement] INFO  segmented.SegmentedRaftLogWorker (SegmentedRaftLogWorker.java:<init>(188)) - new cb888b2f-aa43-4b14-8a4b-2497c9c1feb0@group-331BC0EF53B0-SegmentedRaftLogWorker for RaftStorageImpl:Storage Directory /home/runner/work/ozone/ozone/hadoop-ozone/integration-test/target/test-dir/MiniOzoneClusterImpl-42a12def-4a0d-4036-8984-dc8d5bb9e99a/datanode-1/data/ratis/fc344a9c-40ba-41f9-8083-331bc0ef53b0
2023-09-19 02:07:27,162 [cb888b2f-aa43-4b14-8a4b-2497c9c1feb0-groupManagement] INFO  server.RaftServerConfigKeys (ConfUtils.java:logGet(46)) - raft.server.log.queue.byte-limit = 4294967296 (custom)
2023-09-19 02:07:27,162 [cb888b2f-aa43-4b14-8a4b-2497c9c1feb0-groupManagement] INFO  server.RaftServerConfigKeys (ConfUtils.java:logGet(46)) - raft.server.log.queue.element-limit = 1024 (custom)
2023-09-19 02:07:27,162 [cb888b2f-aa43-4b14-8a4b-2497c9c1feb0-groupManagement] INFO  server.RaftServerConfigKeys (ConfUtils.java:logGet(46)) - raft.server.log.segment.size.max = 1048576 (custom)
2023-09-19 02:07:27,162 [cb888b2f-aa43-4b14-8a4b-2497c9c1feb0-groupManagement] INFO  server.RaftServerConfigKeys (ConfUtils.java:logGet(46)) - raft.server.log.preallocated.size = 16384 (custom)
2023-09-19 02:07:27,163 [cb888b2f-aa43-4b14-8a4b-2497c9c1feb0-groupManagement] INFO  server.RaftServerConfigKeys (ConfUtils.java:logGet(46)) - raft.server.log.force.sync.num = 128 (default)
2023-09-19 02:07:27,163 [cb888b2f-aa43-4b14-8a4b-2497c9c1feb0-groupManagement] INFO  server.RaftServerConfigKeys (ConfUtils.java:logGet(46)) - raft.server.log.statemachine.data.sync = true (default)
2023-09-19 02:07:27,163 [cb888b2f-aa43-4b14-8a4b-2497c9c1feb0-groupManagement] INFO  server.RaftServerConfigKeys (ConfUtils.java:logGet(46)) - raft.server.log.statemachine.data.sync.timeout = 10s (default)
2023-09-19 02:07:27,163 [cb888b2f-aa43-4b14-8a4b-2497c9c1feb0-groupManagement] INFO  server.RaftServerConfigKeys (ConfUtils.java:logGet(46)) - raft.server.log.statemachine.data.sync.timeout.retry = -1 (default)
2023-09-19 02:07:27,163 [cb888b2f-aa43-4b14-8a4b-2497c9c1feb0-groupManagement] INFO  server.RaftServerConfigKeys (ConfUtils.java:logGet(46)) - raft.server.log.write.buffer.size = 1048576 (custom)
2023-09-19 02:07:27,163 [cb888b2f-aa43-4b14-8a4b-2497c9c1feb0-groupManagement] INFO  server.RaftServerConfigKeys (ConfUtils.java:logGet(46)) - raft.server.log.appender.buffer.byte-limit = 33554432 (custom)
2023-09-19 02:07:27,168 [cb888b2f-aa43-4b14-8a4b-2497c9c1feb0-groupManagement] INFO  server.RaftServerConfigKeys (ConfUtils.java:logGet(46)) - raft.server.log.unsafe-flush.enabled = false (default)
2023-09-19 02:07:27,168 [cb888b2f-aa43-4b14-8a4b-2497c9c1feb0-groupManagement] INFO  server.RaftServerConfigKeys (ConfUtils.java:logGet(46)) - raft.server.log.async-flush.enabled = false (default)
2023-09-19 02:07:27,168 [cb888b2f-aa43-4b14-8a4b-2497c9c1feb0-groupManagement] INFO  server.RaftServerConfigKeys (ConfUtils.java:logGet(46)) - raft.server.log.statemachine.data.caching.enabled = true (custom)
2023-09-19 02:07:27,169 [cb888b2f-aa43-4b14-8a4b-2497c9c1feb0-groupManagement] INFO  segmented.SegmentedRaftLogWorker (SegmentedRaftLogWorker.java:lambda$new$0(135)) - cb888b2f-aa43-4b14-8a4b-2497c9c1feb0@group-331BC0EF53B0-SegmentedRaftLogWorker: flushIndex: setUnconditionally 0 -> -1
2023-09-19 02:07:27,169 [cb888b2f-aa43-4b14-8a4b-2497c9c1feb0-groupManagement] INFO  segmented.SegmentedRaftLogWorker (SegmentedRaftLogWorker.java:lambda$new$0(135)) - cb888b2f-aa43-4b14-8a4b-2497c9c1feb0@group-331BC0EF53B0-SegmentedRaftLogWorker: safeCacheEvictIndex: setUnconditionally 0 -> -1
2023-09-19 02:07:27,169 [cb888b2f-aa43-4b14-8a4b-2497c9c1feb0-groupManagement] INFO  server.RaftServer$Division (RaftServerImpl.java:start(342)) - cb888b2f-aa43-4b14-8a4b-2497c9c1feb0@group-331BC0EF53B0: start as a follower, conf=-1: peers:[765749c7-07d3-4ecd-8c14-ec59685a04c1|rpc:10.1.0.29:15191|admin:10.1.0.29:15190|client:10.1.0.29:15189|dataStream:10.1.0.29:15192|priority:1|startupRole:FOLLOWER, 2a4ddaa6-1a2b-4173-87e0-55a87acfd4f7|rpc:10.1.0.29:15173|admin:10.1.0.29:15172|client:10.1.0.29:15171|dataStream:10.1.0.29:15174|priority:0|startupRole:FOLLOWER, cb888b2f-aa43-4b14-8a4b-2497c9c1feb0|rpc:10.1.0.29:15182|admin:10.1.0.29:15181|client:10.1.0.29:15180|dataStream:10.1.0.29:15183|priority:0|startupRole:FOLLOWER]|listeners:[], old=null
2023-09-19 02:07:27,169 [cb888b2f-aa43-4b14-8a4b-2497c9c1feb0-groupManagement] INFO  server.RaftServer$Division (RaftServerImpl.java:setRole(329)) - cb888b2f-aa43-4b14-8a4b-2497c9c1feb0@group-331BC0EF53B0: changes role from      null to FOLLOWER at term 0 for startAsFollower
2023-09-19 02:07:27,169 [cb888b2f-aa43-4b14-8a4b-2497c9c1feb0-groupManagement] INFO  impl.RoleInfo (RoleInfo.java:updateAndGet(139)) - cb888b2f-aa43-4b14-8a4b-2497c9c1feb0: start cb888b2f-aa43-4b14-8a4b-2497c9c1feb0@group-331BC0EF53B0-FollowerState
2023-09-19 02:07:27,170 [cb888b2f-aa43-4b14-8a4b-2497c9c1feb0-groupManagement] INFO  util.JmxRegister (JmxRegister.java:tryRegister(44)) - Successfully registered JMX Bean with object name Ratis:service=RaftServer,group=group-331BC0EF53B0,id=cb888b2f-aa43-4b14-8a4b-2497c9c1feb0
2023-09-19 02:07:27,170 [cb888b2f-aa43-4b14-8a4b-2497c9c1feb0-groupManagement] INFO  server.RaftServerConfigKeys (ConfUtils.java:logGet(46)) - raft.server.snapshot.auto.trigger.enabled = true (custom)
2023-09-19 02:07:27,170 [cb888b2f-aa43-4b14-8a4b-2497c9c1feb0-groupManagement] INFO  server.RaftServerConfigKeys (ConfUtils.java:logGet(46)) - raft.server.snapshot.auto.trigger.threshold = 10000 (custom)
2023-09-19 02:07:27,170 [cb888b2f-aa43-4b14-8a4b-2497c9c1feb0-groupManagement] INFO  server.RaftServerConfigKeys (ConfUtils.java:logGet(46)) - raft.server.snapshot.retention.file.num = 5 (custom)
2023-09-19 02:07:27,170 [cb888b2f-aa43-4b14-8a4b-2497c9c1feb0-groupManagement] INFO  server.RaftServerConfigKeys (ConfUtils.java:logGet(46)) - raft.server.log.purge.upto.snapshot.index = false (default)
2023-09-19 02:07:27,171 [cb888b2f-aa43-4b14-8a4b-2497c9c1feb0@group-331BC0EF53B0-FollowerState] INFO  server.RaftServerConfigKeys (ConfUtils.java:logFallback(53)) - raft.server.rpc.first-election.timeout.min = 5s (fallback to raft.server.rpc.timeout.min)
2023-09-19 02:07:27,171 [cb888b2f-aa43-4b14-8a4b-2497c9c1feb0@group-331BC0EF53B0-FollowerState] INFO  server.RaftServerConfigKeys (ConfUtils.java:logFallback(53)) - raft.server.rpc.first-election.timeout.max = 5200ms (fallback to raft.server.rpc.timeout.max)
2023-09-19 02:07:27,180 [PipelineCommandHandlerThread-0] INFO  commandhandler.CreatePipelineCommandHandler (CreatePipelineCommandHandler.java:lambda$handle$2(124)) - Created Pipeline RATIS THREE PipelineID=fc344a9c-40ba-41f9-8083-331bc0ef53b0.
2023-09-19 02:07:27,241 [PipelineCommandHandlerThread-0] INFO  server.RaftServer (RaftServerProxy.java:addNew(98)) - cb888b2f-aa43-4b14-8a4b-2497c9c1feb0: addNew group-71655AA32219:[cb888b2f-aa43-4b14-8a4b-2497c9c1feb0|rpc:10.1.0.29:15182|admin:10.1.0.29:15181|client:10.1.0.29:15180|dataStream:10.1.0.29:15183|priority:1|startupRole:FOLLOWER] returns group-71655AA32219:java.util.concurrent.CompletableFuture@5c0c2c91[Not completed]
2023-09-19 02:07:27,242 [cb888b2f-aa43-4b14-8a4b-2497c9c1feb0-groupManagement] INFO  server.RaftServer$Division (RaftServerImpl.java:<init>(198)) - cb888b2f-aa43-4b14-8a4b-2497c9c1feb0: new RaftServerImpl for group-71655AA32219:[cb888b2f-aa43-4b14-8a4b-2497c9c1feb0|rpc:10.1.0.29:15182|admin:10.1.0.29:15181|client:10.1.0.29:15180|dataStream:10.1.0.29:15183|priority:1|startupRole:FOLLOWER] with ContainerStateMachine:uninitialized
2023-09-19 02:07:27,242 [cb888b2f-aa43-4b14-8a4b-2497c9c1feb0-groupManagement] INFO  server.RaftServerConfigKeys (ConfUtils.java:logGet(46)) - raft.server.rpc.timeout.min = 5s (custom)
2023-09-19 02:07:27,242 [cb888b2f-aa43-4b14-8a4b-2497c9c1feb0-groupManagement] INFO  server.RaftServerConfigKeys (ConfUtils.java:logGet(46)) - raft.server.rpc.timeout.max = 5200ms (custom)
2023-09-19 02:07:27,242 [cb888b2f-aa43-4b14-8a4b-2497c9c1feb0-groupManagement] INFO  server.RaftServerConfigKeys (ConfUtils.java:logGet(46)) - raft.server.rpc.sleep.time = 25ms (default)
2023-09-19 02:07:27,242 [cb888b2f-aa43-4b14-8a4b-2497c9c1feb0-groupManagement] INFO  server.RaftServerConfigKeys (ConfUtils.java:logGet(46)) - raft.server.rpc.slowness.timeout = 300s (custom)
2023-09-19 02:07:27,242 [cb888b2f-aa43-4b14-8a4b-2497c9c1feb0-groupManagement] INFO  server.RaftServerConfigKeys (ConfUtils.java:logGet(46)) - raft.server.leaderelection.leader.step-down.wait-time = 10s (default)
2023-09-19 02:07:27,242 [cb888b2f-aa43-4b14-8a4b-2497c9c1feb0-groupManagement] INFO  server.RaftServerConfigKeys (ConfUtils.java:logGet(46)) - raft.server.sleep.deviation.threshold = 300ms (default)
2023-09-19 02:07:27,243 [cb888b2f-aa43-4b14-8a4b-2497c9c1feb0-groupManagement] INFO  server.RaftServer$Division (ServerState.java:<init>(120)) - cb888b2f-aa43-4b14-8a4b-2497c9c1feb0@group-71655AA32219: ConfigurationManager, init=-1: peers:[cb888b2f-aa43-4b14-8a4b-2497c9c1feb0|rpc:10.1.0.29:15182|admin:10.1.0.29:15181|client:10.1.0.29:15180|dataStream:10.1.0.29:15183|priority:1|startupRole:FOLLOWER]|listeners:[], old=null, confs=<EMPTY_MAP>
2023-09-19 02:07:27,243 [cb888b2f-aa43-4b14-8a4b-2497c9c1feb0-groupManagement] INFO  server.RaftServerConfigKeys (ConfUtils.java:logGet(46)) - raft.server.storage.dir = [/home/runner/work/ozone/ozone/hadoop-ozone/integration-test/target/test-dir/MiniOzoneClusterImpl-42a12def-4a0d-4036-8984-dc8d5bb9e99a/datanode-1/data/ratis] (custom)
2023-09-19 02:07:27,243 [cb888b2f-aa43-4b14-8a4b-2497c9c1feb0-groupManagement] INFO  server.RaftServerConfigKeys (ConfUtils.java:logGet(46)) - raft.server.log.corruption.policy = EXCEPTION (default)
2023-09-19 02:07:27,243 [cb888b2f-aa43-4b14-8a4b-2497c9c1feb0-groupManagement] INFO  server.RaftServerConfigKeys (ConfUtils.java:logGet(46)) - raft.server.storage.free-space.min = 0MB (=0) (default)
2023-09-19 02:07:27,243 [cb888b2f-aa43-4b14-8a4b-2497c9c1feb0-groupManagement] INFO  server.RaftServerConfigKeys (ConfUtils.java:logGet(46)) - raft.server.notification.no-leader.timeout = 300s (custom)
2023-09-19 02:07:27,243 [cb888b2f-aa43-4b14-8a4b-2497c9c1feb0-groupManagement] INFO  server.RaftServerConfigKeys (ConfUtils.java:logGet(46)) - raft.server.read.timeout = 10s (default)
2023-09-19 02:07:27,243 [cb888b2f-aa43-4b14-8a4b-2497c9c1feb0-groupManagement] INFO  server.RaftServerConfigKeys (ConfUtils.java:logGet(46)) - raft.server.retrycache.expirytime = 600000ms (custom)
2023-09-19 02:07:27,243 [cb888b2f-aa43-4b14-8a4b-2497c9c1feb0-groupManagement] INFO  server.RaftServerConfigKeys (ConfUtils.java:logGet(46)) - raft.server.retrycache.statistics.expirytime = 100μs (default)
2023-09-19 02:07:27,243 [cb888b2f-aa43-4b14-8a4b-2497c9c1feb0-groupManagement] INFO  server.RaftServerConfigKeys (ConfUtils.java:logGet(46)) - raft.server.read.option = DEFAULT (default)
2023-09-19 02:07:27,244 [cb888b2f-aa43-4b14-8a4b-2497c9c1feb0-groupManagement] INFO  server.RaftServerConfigKeys (ConfUtils.java:logGet(46)) - raft.server.rpc.request.timeout = 60s (custom)
2023-09-19 02:07:27,244 [cb888b2f-aa43-4b14-8a4b-2497c9c1feb0-groupManagement] INFO  server.RaftServerConfigKeys (ConfUtils.java:logGet(46)) - raft.server.log.appender.install.snapshot.enabled = false (custom)
2023-09-19 02:07:27,244 [cb888b2f-aa43-4b14-8a4b-2497c9c1feb0-groupManagement] INFO  server.RaftServerConfigKeys (ConfUtils.java:logGet(46)) - raft.server.threadpool.server.cached = true (default)
2023-09-19 02:07:27,244 [cb888b2f-aa43-4b14-8a4b-2497c9c1feb0-groupManagement] INFO  server.RaftServerConfigKeys (ConfUtils.java:logGet(46)) - raft.server.threadpool.server.size = 0 (default)
2023-09-19 02:07:27,244 [cb888b2f-aa43-4b14-8a4b-2497c9c1feb0-groupManagement] INFO  server.RaftServerConfigKeys (ConfUtils.java:logGet(46)) - raft.server.threadpool.client.cached = true (default)
2023-09-19 02:07:27,244 [cb888b2f-aa43-4b14-8a4b-2497c9c1feb0-groupManagement] INFO  server.RaftServerConfigKeys (ConfUtils.java:logGet(46)) - raft.server.threadpool.client.size = 0 (default)
2023-09-19 02:07:27,244 [cb888b2f-aa43-4b14-8a4b-2497c9c1feb0-groupManagement] INFO  storage.RaftStorageDirectory (RaftStorageDirectoryImpl.java:analyzeStorage(137)) - The storage directory /home/runner/work/ozone/ozone/hadoop-ozone/integration-test/target/test-dir/MiniOzoneClusterImpl-42a12def-4a0d-4036-8984-dc8d5bb9e99a/datanode-1/data/ratis/686d0f1f-5198-43e9-a832-71655aa32219 does not exist. Creating ...
2023-09-19 02:07:27,246 [cb888b2f-aa43-4b14-8a4b-2497c9c1feb0-groupManagement] INFO  storage.RaftStorageDirectory (RaftStorageDirectoryImpl.java:tryLock(231)) - Lock on /home/runner/work/ozone/ozone/hadoop-ozone/integration-test/target/test-dir/MiniOzoneClusterImpl-42a12def-4a0d-4036-8984-dc8d5bb9e99a/datanode-1/data/ratis/686d0f1f-5198-43e9-a832-71655aa32219/in_use.lock acquired by nodename 7315@fv-az1031-92
2023-09-19 02:07:27,247 [cb888b2f-aa43-4b14-8a4b-2497c9c1feb0-groupManagement] INFO  storage.RaftStorage (RaftStorageImpl.java:format(96)) - Storage directory /home/runner/work/ozone/ozone/hadoop-ozone/integration-test/target/test-dir/MiniOzoneClusterImpl-42a12def-4a0d-4036-8984-dc8d5bb9e99a/datanode-1/data/ratis/686d0f1f-5198-43e9-a832-71655aa32219 has been successfully formatted.
2023-09-19 02:07:27,248 [cb888b2f-aa43-4b14-8a4b-2497c9c1feb0-groupManagement] INFO  ratis.ContainerStateMachine (ContainerStateMachine.java:loadSnapshot(262)) - group-71655AA32219: The snapshot info is null. Setting the last applied indexto:(t:0, i:~)
2023-09-19 02:07:27,248 [cb888b2f-aa43-4b14-8a4b-2497c9c1feb0-groupManagement] INFO  server.RaftServerConfigKeys (ConfUtils.java:logGet(46)) - raft.server.log.use.memory = false (default)
2023-09-19 02:07:27,248 [cb888b2f-aa43-4b14-8a4b-2497c9c1feb0-groupManagement] INFO  server.RaftServerConfigKeys (ConfUtils.java:logGet(46)) - raft.server.log.purge.gap = 1000000 (custom)
2023-09-19 02:07:27,248 [cb888b2f-aa43-4b14-8a4b-2497c9c1feb0-groupManagement] INFO  server.RaftServerConfigKeys (ConfUtils.java:logGet(46)) - raft.server.log.appender.buffer.byte-limit = 33554432 (custom)
2023-09-19 02:07:27,248 [cb888b2f-aa43-4b14-8a4b-2497c9c1feb0-groupManagement] INFO  server.RaftServerConfigKeys (ConfUtils.java:logGet(46)) - raft.server.log.statemachine.data.read.timeout = 1000ms (default)
2023-09-19 02:07:27,248 [cb888b2f-aa43-4b14-8a4b-2497c9c1feb0-groupManagement] INFO  server.RaftServerConfigKeys (ConfUtils.java:logGet(46)) - raft.server.log.purge.preservation.log.num = 0 (default)
2023-09-19 02:07:27,248 [cb888b2f-aa43-4b14-8a4b-2497c9c1feb0-groupManagement] INFO  server.RaftServerConfigKeys (ConfUtils.java:logGet(46)) - raft.server.log.segment.size.max = 1048576 (custom)
2023-09-19 02:07:27,248 [cb888b2f-aa43-4b14-8a4b-2497c9c1feb0-groupManagement] INFO  server.RaftServerConfigKeys (ConfUtils.java:logGet(46)) - raft.server.log.segment.cache.num.max = 2 (custom)
2023-09-19 02:07:27,248 [cb888b2f-aa43-4b14-8a4b-2497c9c1feb0-groupManagement] INFO  server.RaftServerConfigKeys (ConfUtils.java:logGet(46)) - raft.server.log.segment.cache.size.max = 200MB (=209715200) (default)
2023-09-19 02:07:27,248 [cb888b2f-aa43-4b14-8a4b-2497c9c1feb0-groupManagement] INFO  server.RaftServerConfigKeys (ConfUtils.java:logGet(46)) - raft.server.log.appender.buffer.byte-limit = 33554432 (custom)
2023-09-19 02:07:27,248 [cb888b2f-aa43-4b14-8a4b-2497c9c1feb0-groupManagement] INFO  segmented.SegmentedRaftLogWorker (SegmentedRaftLogWorker.java:<init>(188)) - new cb888b2f-aa43-4b14-8a4b-2497c9c1feb0@group-71655AA32219-SegmentedRaftLogWorker for RaftStorageImpl:Storage Directory /home/runner/work/ozone/ozone/hadoop-ozone/integration-test/target/test-dir/MiniOzoneClusterImpl-42a12def-4a0d-4036-8984-dc8d5bb9e99a/datanode-1/data/ratis/686d0f1f-5198-43e9-a832-71655aa32219
2023-09-19 02:07:27,249 [cb888b2f-aa43-4b14-8a4b-2497c9c1feb0-groupManagement] INFO  server.RaftServerConfigKeys (ConfUtils.java:logGet(46)) - raft.server.log.queue.byte-limit = 4294967296 (custom)
2023-09-19 02:07:27,249 [cb888b2f-aa43-4b14-8a4b-2497c9c1feb0-groupManagement] INFO  server.RaftServerConfigKeys (ConfUtils.java:logGet(46)) - raft.server.log.queue.element-limit = 1024 (custom)
2023-09-19 02:07:27,249 [cb888b2f-aa43-4b14-8a4b-2497c9c1feb0-groupManagement] INFO  server.RaftServerConfigKeys (ConfUtils.java:logGet(46)) - raft.server.log.segment.size.max = 1048576 (custom)
2023-09-19 02:07:27,249 [cb888b2f-aa43-4b14-8a4b-2497c9c1feb0-groupManagement] INFO  server.RaftServerConfigKeys (ConfUtils.java:logGet(46)) - raft.server.log.preallocated.size = 16384 (custom)
2023-09-19 02:07:27,249 [cb888b2f-aa43-4b14-8a4b-2497c9c1feb0-groupManagement] INFO  server.RaftServerConfigKeys (ConfUtils.java:logGet(46)) - raft.server.log.force.sync.num = 128 (default)
2023-09-19 02:07:27,249 [cb888b2f-aa43-4b14-8a4b-2497c9c1feb0-groupManagement] INFO  server.RaftServerConfigKeys (ConfUtils.java:logGet(46)) - raft.server.log.statemachine.data.sync = true (default)
2023-09-19 02:07:27,249 [cb888b2f-aa43-4b14-8a4b-2497c9c1feb0-groupManagement] INFO  server.RaftServerConfigKeys (ConfUtils.java:logGet(46)) - raft.server.log.statemachine.data.sync.timeout = 10s (default)
2023-09-19 02:07:27,249 [cb888b2f-aa43-4b14-8a4b-2497c9c1feb0-groupManagement] INFO  server.RaftServerConfigKeys (ConfUtils.java:logGet(46)) - raft.server.log.statemachine.data.sync.timeout.retry = -1 (default)
2023-09-19 02:07:27,249 [EventQueue-PipelineReportForPipelineReportHandler] INFO  pipeline.PipelineReportHandler (PipelineReportHandler.java:processPipelineReport(136)) - Opened pipeline PipelineID=686d0f1f-5198-43e9-a832-71655aa32219
2023-09-19 02:07:27,249 [EventQueue-OpenPipelineForHealthyPipelineSafeModeRule] INFO  safemode.SCMSafeModeManager (HealthyPipelineSafeModeRule.java:process(137)) - SCM in safe mode. Healthy pipelines reported count is 0, required healthy pipeline reported count is 1
2023-09-19 02:07:27,249 [cb888b2f-aa43-4b14-8a4b-2497c9c1feb0-groupManagement] INFO  server.RaftServerConfigKeys (ConfUtils.java:logGet(46)) - raft.server.log.write.buffer.size = 1048576 (custom)
2023-09-19 02:07:27,249 [cb888b2f-aa43-4b14-8a4b-2497c9c1feb0-groupManagement] INFO  server.RaftServerConfigKeys (ConfUtils.java:logGet(46)) - raft.server.log.appender.buffer.byte-limit = 33554432 (custom)
2023-09-19 02:07:27,254 [cb888b2f-aa43-4b14-8a4b-2497c9c1feb0-groupManagement] INFO  server.RaftServerConfigKeys (ConfUtils.java:logGet(46)) - raft.server.log.unsafe-flush.enabled = false (default)
2023-09-19 02:07:27,254 [cb888b2f-aa43-4b14-8a4b-2497c9c1feb0-groupManagement] INFO  server.RaftServerConfigKeys (ConfUtils.java:logGet(46)) - raft.server.log.async-flush.enabled = false (default)
2023-09-19 02:07:27,254 [cb888b2f-aa43-4b14-8a4b-2497c9c1feb0-groupManagement] INFO  server.RaftServerConfigKeys (ConfUtils.java:logGet(46)) - raft.server.log.statemachine.data.caching.enabled = true (custom)
2023-09-19 02:07:27,255 [cb888b2f-aa43-4b14-8a4b-2497c9c1feb0-groupManagement] INFO  segmented.SegmentedRaftLogWorker (SegmentedRaftLogWorker.java:lambda$new$0(135)) - cb888b2f-aa43-4b14-8a4b-2497c9c1feb0@group-71655AA32219-SegmentedRaftLogWorker: flushIndex: setUnconditionally 0 -> -1
2023-09-19 02:07:27,255 [cb888b2f-aa43-4b14-8a4b-2497c9c1feb0-groupManagement] INFO  segmented.SegmentedRaftLogWorker (SegmentedRaftLogWorker.java:lambda$new$0(135)) - cb888b2f-aa43-4b14-8a4b-2497c9c1feb0@group-71655AA32219-SegmentedRaftLogWorker: safeCacheEvictIndex: setUnconditionally 0 -> -1
2023-09-19 02:07:27,255 [cb888b2f-aa43-4b14-8a4b-2497c9c1feb0-groupManagement] INFO  server.RaftServer$Division (RaftServerImpl.java:start(342)) - cb888b2f-aa43-4b14-8a4b-2497c9c1feb0@group-71655AA32219: start as a follower, conf=-1: peers:[cb888b2f-aa43-4b14-8a4b-2497c9c1feb0|rpc:10.1.0.29:15182|admin:10.1.0.29:15181|client:10.1.0.29:15180|dataStream:10.1.0.29:15183|priority:1|startupRole:FOLLOWER]|listeners:[], old=null
2023-09-19 02:07:27,255 [cb888b2f-aa43-4b14-8a4b-2497c9c1feb0-groupManagement] INFO  server.RaftServer$Division (RaftServerImpl.java:setRole(329)) - cb888b2f-aa43-4b14-8a4b-2497c9c1feb0@group-71655AA32219: changes role from      null to FOLLOWER at term 0 for startAsFollower
2023-09-19 02:07:27,255 [cb888b2f-aa43-4b14-8a4b-2497c9c1feb0-groupManagement] INFO  impl.RoleInfo (RoleInfo.java:updateAndGet(139)) - cb888b2f-aa43-4b14-8a4b-2497c9c1feb0: start cb888b2f-aa43-4b14-8a4b-2497c9c1feb0@group-71655AA32219-FollowerState
2023-09-19 02:07:27,261 [cb888b2f-aa43-4b14-8a4b-2497c9c1feb0-groupManagement] INFO  util.JmxRegister (JmxRegister.java:tryRegister(44)) - Successfully registered JMX Bean with object name Ratis:service=RaftServer,group=group-71655AA32219,id=cb888b2f-aa43-4b14-8a4b-2497c9c1feb0
2023-09-19 02:07:27,261 [cb888b2f-aa43-4b14-8a4b-2497c9c1feb0-groupManagement] INFO  server.RaftServerConfigKeys (ConfUtils.java:logGet(46)) - raft.server.snapshot.auto.trigger.enabled = true (custom)
2023-09-19 02:07:27,261 [cb888b2f-aa43-4b14-8a4b-2497c9c1feb0-groupManagement] INFO  server.RaftServerConfigKeys (ConfUtils.java:logGet(46)) - raft.server.snapshot.auto.trigger.threshold = 10000 (custom)
2023-09-19 02:07:27,261 [cb888b2f-aa43-4b14-8a4b-2497c9c1feb0-groupManagement] INFO  server.RaftServerConfigKeys (ConfUtils.java:logGet(46)) - raft.server.snapshot.retention.file.num = 5 (custom)
2023-09-19 02:07:27,261 [cb888b2f-aa43-4b14-8a4b-2497c9c1feb0-groupManagement] INFO  server.RaftServerConfigKeys (ConfUtils.java:logGet(46)) - raft.server.log.purge.upto.snapshot.index = false (default)
2023-09-19 02:07:27,261 [cb888b2f-aa43-4b14-8a4b-2497c9c1feb0@group-71655AA32219-FollowerState] INFO  server.RaftServerConfigKeys (ConfUtils.java:logFallback(53)) - raft.server.rpc.first-election.timeout.min = 5s (fallback to raft.server.rpc.timeout.min)
2023-09-19 02:07:27,262 [cb888b2f-aa43-4b14-8a4b-2497c9c1feb0@group-71655AA32219-FollowerState] INFO  server.RaftServerConfigKeys (ConfUtils.java:logFallback(53)) - raft.server.rpc.first-election.timeout.max = 5200ms (fallback to raft.server.rpc.timeout.max)
2023-09-19 02:07:27,264 [PipelineCommandHandlerThread-0] INFO  ratis.XceiverServerRatis (XceiverServerRatis.java:addGroup(804)) - Created group PipelineID=686d0f1f-5198-43e9-a832-71655aa32219
2023-09-19 02:07:27,265 [PipelineCommandHandlerThread-0] INFO  commandhandler.CreatePipelineCommandHandler (CreatePipelineCommandHandler.java:lambda$handle$2(124)) - Created Pipeline RATIS ONE PipelineID=686d0f1f-5198-43e9-a832-71655aa32219.
2023-09-19 02:07:27,530 [765749c7-07d3-4ecd-8c14-ec59685a04c1-groupManagement] INFO  server.RaftServer$Division (RaftServerImpl.java:<init>(198)) - 765749c7-07d3-4ecd-8c14-ec59685a04c1: new RaftServerImpl for group-682B53DCADBA:[765749c7-07d3-4ecd-8c14-ec59685a04c1|rpc:10.1.0.29:15191|admin:10.1.0.29:15190|client:10.1.0.29:15189|dataStream:10.1.0.29:15192|priority:1|startupRole:FOLLOWER] with ContainerStateMachine:uninitialized
2023-09-19 02:07:27,530 [765749c7-07d3-4ecd-8c14-ec59685a04c1-groupManagement] INFO  server.RaftServerConfigKeys (ConfUtils.java:logGet(46)) - raft.server.rpc.timeout.min = 5s (custom)
2023-09-19 02:07:27,530 [765749c7-07d3-4ecd-8c14-ec59685a04c1-groupManagement] INFO  server.RaftServerConfigKeys (ConfUtils.java:logGet(46)) - raft.server.rpc.timeout.max = 5200ms (custom)
2023-09-19 02:07:27,530 [765749c7-07d3-4ecd-8c14-ec59685a04c1-groupManagement] INFO  server.RaftServerConfigKeys (ConfUtils.java:logGet(46)) - raft.server.rpc.sleep.time = 25ms (default)
2023-09-19 02:07:27,530 [765749c7-07d3-4ecd-8c14-ec59685a04c1-groupManagement] INFO  server.RaftServerConfigKeys (ConfUtils.java:logGet(46)) - raft.server.rpc.slowness.timeout = 300s (custom)
2023-09-19 02:07:27,530 [765749c7-07d3-4ecd-8c14-ec59685a04c1-groupManagement] INFO  server.RaftServerConfigKeys (ConfUtils.java:logGet(46)) - raft.server.leaderelection.leader.step-down.wait-time = 10s (default)
2023-09-19 02:07:27,530 [765749c7-07d3-4ecd-8c14-ec59685a04c1-groupManagement] INFO  server.RaftServerConfigKeys (ConfUtils.java:logGet(46)) - raft.server.sleep.deviation.threshold = 300ms (default)
2023-09-19 02:07:27,531 [765749c7-07d3-4ecd-8c14-ec59685a04c1-groupManagement] INFO  server.RaftServer$Division (ServerState.java:<init>(120)) - 765749c7-07d3-4ecd-8c14-ec59685a04c1@group-682B53DCADBA: ConfigurationManager, init=-1: peers:[765749c7-07d3-4ecd-8c14-ec59685a04c1|rpc:10.1.0.29:15191|admin:10.1.0.29:15190|client:10.1.0.29:15189|dataStream:10.1.0.29:15192|priority:1|startupRole:FOLLOWER]|listeners:[], old=null, confs=<EMPTY_MAP>
2023-09-19 02:07:27,531 [765749c7-07d3-4ecd-8c14-ec59685a04c1-groupManagement] INFO  server.RaftServerConfigKeys (ConfUtils.java:logGet(46)) - raft.server.storage.dir = [/home/runner/work/ozone/ozone/hadoop-ozone/integration-test/target/test-dir/MiniOzoneClusterImpl-42a12def-4a0d-4036-8984-dc8d5bb9e99a/datanode-2/data/ratis] (custom)
2023-09-19 02:07:27,531 [765749c7-07d3-4ecd-8c14-ec59685a04c1-groupManagement] INFO  server.RaftServerConfigKeys (ConfUtils.java:logGet(46)) - raft.server.log.corruption.policy = EXCEPTION (default)
2023-09-19 02:07:27,531 [765749c7-07d3-4ecd-8c14-ec59685a04c1-groupManagement] INFO  server.RaftServerConfigKeys (ConfUtils.java:logGet(46)) - raft.server.storage.free-space.min = 0MB (=0) (default)
2023-09-19 02:07:27,531 [765749c7-07d3-4ecd-8c14-ec59685a04c1-groupManagement] INFO  server.RaftServerConfigKeys (ConfUtils.java:logGet(46)) - raft.server.notification.no-leader.timeout = 300s (custom)
2023-09-19 02:07:27,531 [765749c7-07d3-4ecd-8c14-ec59685a04c1-groupManagement] INFO  server.RaftServerConfigKeys (ConfUtils.java:logGet(46)) - raft.server.read.timeout = 10s (default)
2023-09-19 02:07:27,531 [765749c7-07d3-4ecd-8c14-ec59685a04c1-groupManagement] INFO  server.RaftServerConfigKeys (ConfUtils.java:logGet(46)) - raft.server.retrycache.expirytime = 600000ms (custom)
2023-09-19 02:07:27,531 [765749c7-07d3-4ecd-8c14-ec59685a04c1-groupManagement] INFO  server.RaftServerConfigKeys (ConfUtils.java:logGet(46)) - raft.server.retrycache.statistics.expirytime = 100μs (default)
2023-09-19 02:07:27,531 [765749c7-07d3-4ecd-8c14-ec59685a04c1-groupManagement] INFO  server.RaftServerConfigKeys (ConfUtils.java:logGet(46)) - raft.server.read.option = DEFAULT (default)
2023-09-19 02:07:27,532 [765749c7-07d3-4ecd-8c14-ec59685a04c1-groupManagement] INFO  server.RaftServerConfigKeys (ConfUtils.java:logGet(46)) - raft.server.rpc.request.timeout = 60s (custom)
2023-09-19 02:07:27,532 [765749c7-07d3-4ecd-8c14-ec59685a04c1-groupManagement] INFO  server.RaftServerConfigKeys (ConfUtils.java:logGet(46)) - raft.server.log.appender.install.snapshot.enabled = false (custom)
2023-09-19 02:07:27,532 [765749c7-07d3-4ecd-8c14-ec59685a04c1-groupManagement] INFO  server.RaftServerConfigKeys (ConfUtils.java:logGet(46)) - raft.server.threadpool.server.cached = true (default)
2023-09-19 02:07:27,532 [765749c7-07d3-4ecd-8c14-ec59685a04c1-groupManagement] INFO  server.RaftServerConfigKeys (ConfUtils.java:logGet(46)) - raft.server.threadpool.server.size = 0 (default)
2023-09-19 02:07:27,532 [765749c7-07d3-4ecd-8c14-ec59685a04c1-groupManagement] INFO  server.RaftServerConfigKeys (ConfUtils.java:logGet(46)) - raft.server.threadpool.client.cached = true (default)
2023-09-19 02:07:27,532 [765749c7-07d3-4ecd-8c14-ec59685a04c1-groupManagement] INFO  server.RaftServerConfigKeys (ConfUtils.java:logGet(46)) - raft.server.threadpool.client.size = 0 (default)
2023-09-19 02:07:27,532 [PipelineCommandHandlerThread-0] INFO  server.RaftServer (RaftServerProxy.java:addNew(98)) - 765749c7-07d3-4ecd-8c14-ec59685a04c1: addNew group-682B53DCADBA:[765749c7-07d3-4ecd-8c14-ec59685a04c1|rpc:10.1.0.29:15191|admin:10.1.0.29:15190|client:10.1.0.29:15189|dataStream:10.1.0.29:15192|priority:1|startupRole:FOLLOWER] returns      null 765749c7-07d3-4ecd-8c14-ec59685a04c1@group-682B53DCADBA:t0, leader=null, voted=null, raftlog=UNINITIALIZED, conf=-1: peers:[765749c7-07d3-4ecd-8c14-ec59685a04c1|rpc:10.1.0.29:15191|admin:10.1.0.29:15190|client:10.1.0.29:15189|dataStream:10.1.0.29:15192|priority:1|startupRole:FOLLOWER]|listeners:[], old=null NEW
2023-09-19 02:07:27,532 [765749c7-07d3-4ecd-8c14-ec59685a04c1-groupManagement] INFO  storage.RaftStorageDirectory (RaftStorageDirectoryImpl.java:analyzeStorage(137)) - The storage directory /home/runner/work/ozone/ozone/hadoop-ozone/integration-test/target/test-dir/MiniOzoneClusterImpl-42a12def-4a0d-4036-8984-dc8d5bb9e99a/datanode-2/data/ratis/6748c037-e7db-467c-afcb-682b53dcadba does not exist. Creating ...
2023-09-19 02:07:27,533 [765749c7-07d3-4ecd-8c14-ec59685a04c1-groupManagement] INFO  storage.RaftStorageDirectory (RaftStorageDirectoryImpl.java:tryLock(231)) - Lock on /home/runner/work/ozone/ozone/hadoop-ozone/integration-test/target/test-dir/MiniOzoneClusterImpl-42a12def-4a0d-4036-8984-dc8d5bb9e99a/datanode-2/data/ratis/6748c037-e7db-467c-afcb-682b53dcadba/in_use.lock acquired by nodename 7315@fv-az1031-92
2023-09-19 02:07:27,534 [765749c7-07d3-4ecd-8c14-ec59685a04c1-groupManagement] INFO  storage.RaftStorage (RaftStorageImpl.java:format(96)) - Storage directory /home/runner/work/ozone/ozone/hadoop-ozone/integration-test/target/test-dir/MiniOzoneClusterImpl-42a12def-4a0d-4036-8984-dc8d5bb9e99a/datanode-2/data/ratis/6748c037-e7db-467c-afcb-682b53dcadba has been successfully formatted.
2023-09-19 02:07:27,534 [765749c7-07d3-4ecd-8c14-ec59685a04c1-groupManagement] INFO  ratis.ContainerStateMachine (ContainerStateMachine.java:loadSnapshot(262)) - group-682B53DCADBA: The snapshot info is null. Setting the last applied indexto:(t:0, i:~)
2023-09-19 02:07:27,535 [765749c7-07d3-4ecd-8c14-ec59685a04c1-groupManagement] INFO  server.RaftServerConfigKeys (ConfUtils.java:logGet(46)) - raft.server.log.use.memory = false (default)
2023-09-19 02:07:27,535 [765749c7-07d3-4ecd-8c14-ec59685a04c1-groupManagement] INFO  server.RaftServerConfigKeys (ConfUtils.java:logGet(46)) - raft.server.log.purge.gap = 1000000 (custom)
2023-09-19 02:07:27,535 [765749c7-07d3-4ecd-8c14-ec59685a04c1-groupManagement] INFO  server.RaftServerConfigKeys (ConfUtils.java:logGet(46)) - raft.server.log.appender.buffer.byte-limit = 33554432 (custom)
2023-09-19 02:07:27,535 [765749c7-07d3-4ecd-8c14-ec59685a04c1-groupManagement] INFO  server.RaftServerConfigKeys (ConfUtils.java:logGet(46)) - raft.server.log.statemachine.data.read.timeout = 1000ms (default)
2023-09-19 02:07:27,535 [765749c7-07d3-4ecd-8c14-ec59685a04c1-groupManagement] INFO  server.RaftServerConfigKeys (ConfUtils.java:logGet(46)) - raft.server.log.purge.preservation.log.num = 0 (default)
2023-09-19 02:07:27,535 [EventQueue-PipelineReportForPipelineReportHandler] INFO  pipeline.PipelineReportHandler (PipelineReportHandler.java:processPipelineReport(136)) - Opened pipeline PipelineID=6748c037-e7db-467c-afcb-682b53dcadba
2023-09-19 02:07:27,536 [EventQueue-OpenPipelineForHealthyPipelineSafeModeRule] INFO  safemode.SCMSafeModeManager (HealthyPipelineSafeModeRule.java:process(137)) - SCM in safe mode. Healthy pipelines reported count is 0, required healthy pipeline reported count is 1
2023-09-19 02:07:27,536 [765749c7-07d3-4ecd-8c14-ec59685a04c1-groupManagement] INFO  server.RaftServerConfigKeys (ConfUtils.java:logGet(46)) - raft.server.log.segment.size.max = 1048576 (custom)
2023-09-19 02:07:27,536 [765749c7-07d3-4ecd-8c14-ec59685a04c1-groupManagement] INFO  server.RaftServerConfigKeys (ConfUtils.java:logGet(46)) - raft.server.log.segment.cache.num.max = 2 (custom)
2023-09-19 02:07:27,536 [765749c7-07d3-4ecd-8c14-ec59685a04c1-groupManagement] INFO  server.RaftServerConfigKeys (ConfUtils.java:logGet(46)) - raft.server.log.segment.cache.size.max = 200MB (=209715200) (default)
2023-09-19 02:07:27,536 [765749c7-07d3-4ecd-8c14-ec59685a04c1-groupManagement] INFO  server.RaftServerConfigKeys (ConfUtils.java:logGet(46)) - raft.server.log.appender.buffer.byte-limit = 33554432 (custom)
2023-09-19 02:07:27,536 [765749c7-07d3-4ecd-8c14-ec59685a04c1-groupManagement] INFO  segmented.SegmentedRaftLogWorker (SegmentedRaftLogWorker.java:<init>(188)) - new 765749c7-07d3-4ecd-8c14-ec59685a04c1@group-682B53DCADBA-SegmentedRaftLogWorker for RaftStorageImpl:Storage Directory /home/runner/work/ozone/ozone/hadoop-ozone/integration-test/target/test-dir/MiniOzoneClusterImpl-42a12def-4a0d-4036-8984-dc8d5bb9e99a/datanode-2/data/ratis/6748c037-e7db-467c-afcb-682b53dcadba
2023-09-19 02:07:27,536 [765749c7-07d3-4ecd-8c14-ec59685a04c1-groupManagement] INFO  server.RaftServerConfigKeys (ConfUtils.java:logGet(46)) - raft.server.log.queue.byte-limit = 4294967296 (custom)
2023-09-19 02:07:27,536 [765749c7-07d3-4ecd-8c14-ec59685a04c1-groupManagement] INFO  server.RaftServerConfigKeys (ConfUtils.java:logGet(46)) - raft.server.log.queue.element-limit = 1024 (custom)
2023-09-19 02:07:27,536 [765749c7-07d3-4ecd-8c14-ec59685a04c1-groupManagement] INFO  server.RaftServerConfigKeys (ConfUtils.java:logGet(46)) - raft.server.log.segment.size.max = 1048576 (custom)
2023-09-19 02:07:27,536 [765749c7-07d3-4ecd-8c14-ec59685a04c1-groupManagement] INFO  server.RaftServerConfigKeys (ConfUtils.java:logGet(46)) - raft.server.log.preallocated.size = 16384 (custom)
2023-09-19 02:07:27,536 [765749c7-07d3-4ecd-8c14-ec59685a04c1-groupManagement] INFO  server.RaftServerConfigKeys (ConfUtils.java:logGet(46)) - raft.server.log.force.sync.num = 128 (default)
2023-09-19 02:07:27,536 [765749c7-07d3-4ecd-8c14-ec59685a04c1-groupManagement] INFO  server.RaftServerConfigKeys (ConfUtils.java:logGet(46)) - raft.server.log.statemachine.data.sync = true (default)
2023-09-19 02:07:27,536 [765749c7-07d3-4ecd-8c14-ec59685a04c1-groupManagement] INFO  server.RaftServerConfigKeys (ConfUtils.java:logGet(46)) - raft.server.log.statemachine.data.sync.timeout = 10s (default)
2023-09-19 02:07:27,536 [765749c7-07d3-4ecd-8c14-ec59685a04c1-groupManagement] INFO  server.RaftServerConfigKeys (ConfUtils.java:logGet(46)) - raft.server.log.statemachine.data.sync.timeout.retry = -1 (default)
2023-09-19 02:07:27,537 [765749c7-07d3-4ecd-8c14-ec59685a04c1-groupManagement] INFO  server.RaftServerConfigKeys (ConfUtils.java:logGet(46)) - raft.server.log.write.buffer.size = 1048576 (custom)
2023-09-19 02:07:27,537 [765749c7-07d3-4ecd-8c14-ec59685a04c1-groupManagement] INFO  server.RaftServerConfigKeys (ConfUtils.java:logGet(46)) - raft.server.log.appender.buffer.byte-limit = 33554432 (custom)
2023-09-19 02:07:27,542 [765749c7-07d3-4ecd-8c14-ec59685a04c1-groupManagement] INFO  server.RaftServerConfigKeys (ConfUtils.java:logGet(46)) - raft.server.log.unsafe-flush.enabled = false (default)
2023-09-19 02:07:27,542 [765749c7-07d3-4ecd-8c14-ec59685a04c1-groupManagement] INFO  server.RaftServerConfigKeys (ConfUtils.java:logGet(46)) - raft.server.log.async-flush.enabled = false (default)
2023-09-19 02:07:27,542 [765749c7-07d3-4ecd-8c14-ec59685a04c1-groupManagement] INFO  server.RaftServerConfigKeys (ConfUtils.java:logGet(46)) - raft.server.log.statemachine.data.caching.enabled = true (custom)
2023-09-19 02:07:27,542 [765749c7-07d3-4ecd-8c14-ec59685a04c1-groupManagement] INFO  segmented.SegmentedRaftLogWorker (SegmentedRaftLogWorker.java:lambda$new$0(135)) - 765749c7-07d3-4ecd-8c14-ec59685a04c1@group-682B53DCADBA-SegmentedRaftLogWorker: flushIndex: setUnconditionally 0 -> -1
2023-09-19 02:07:27,542 [765749c7-07d3-4ecd-8c14-ec59685a04c1-groupManagement] INFO  segmented.SegmentedRaftLogWorker (SegmentedRaftLogWorker.java:lambda$new$0(135)) - 765749c7-07d3-4ecd-8c14-ec59685a04c1@group-682B53DCADBA-SegmentedRaftLogWorker: safeCacheEvictIndex: setUnconditionally 0 -> -1
2023-09-19 02:07:27,542 [765749c7-07d3-4ecd-8c14-ec59685a04c1-groupManagement] INFO  server.RaftServer$Division (RaftServerImpl.java:start(342)) - 765749c7-07d3-4ecd-8c14-ec59685a04c1@group-682B53DCADBA: start as a follower, conf=-1: peers:[765749c7-07d3-4ecd-8c14-ec59685a04c1|rpc:10.1.0.29:15191|admin:10.1.0.29:15190|client:10.1.0.29:15189|dataStream:10.1.0.29:15192|priority:1|startupRole:FOLLOWER]|listeners:[], old=null
2023-09-19 02:07:27,542 [765749c7-07d3-4ecd-8c14-ec59685a04c1-groupManagement] INFO  server.RaftServer$Division (RaftServerImpl.java:setRole(329)) - 765749c7-07d3-4ecd-8c14-ec59685a04c1@group-682B53DCADBA: changes role from      null to FOLLOWER at term 0 for startAsFollower
2023-09-19 02:07:27,542 [765749c7-07d3-4ecd-8c14-ec59685a04c1-groupManagement] INFO  impl.RoleInfo (RoleInfo.java:updateAndGet(139)) - 765749c7-07d3-4ecd-8c14-ec59685a04c1: start 765749c7-07d3-4ecd-8c14-ec59685a04c1@group-682B53DCADBA-FollowerState
2023-09-19 02:07:27,543 [765749c7-07d3-4ecd-8c14-ec59685a04c1@group-682B53DCADBA-FollowerState] INFO  server.RaftServerConfigKeys (ConfUtils.java:logFallback(53)) - raft.server.rpc.first-election.timeout.min = 5s (fallback to raft.server.rpc.timeout.min)
2023-09-19 02:07:27,543 [765749c7-07d3-4ecd-8c14-ec59685a04c1-groupManagement] INFO  util.JmxRegister (JmxRegister.java:tryRegister(44)) - Successfully registered JMX Bean with object name Ratis:service=RaftServer,group=group-682B53DCADBA,id=765749c7-07d3-4ecd-8c14-ec59685a04c1
2023-09-19 02:07:27,543 [765749c7-07d3-4ecd-8c14-ec59685a04c1-groupManagement] INFO  server.RaftServerConfigKeys (ConfUtils.java:logGet(46)) - raft.server.snapshot.auto.trigger.enabled = true (custom)
2023-09-19 02:07:27,543 [765749c7-07d3-4ecd-8c14-ec59685a04c1@group-682B53DCADBA-FollowerState] INFO  server.RaftServerConfigKeys (ConfUtils.java:logFallback(53)) - raft.server.rpc.first-election.timeout.max = 5200ms (fallback to raft.server.rpc.timeout.max)
2023-09-19 02:07:27,543 [765749c7-07d3-4ecd-8c14-ec59685a04c1-groupManagement] INFO  server.RaftServerConfigKeys (ConfUtils.java:logGet(46)) - raft.server.snapshot.auto.trigger.threshold = 10000 (custom)
2023-09-19 02:07:27,543 [765749c7-07d3-4ecd-8c14-ec59685a04c1-groupManagement] INFO  server.RaftServerConfigKeys (ConfUtils.java:logGet(46)) - raft.server.snapshot.retention.file.num = 5 (custom)
2023-09-19 02:07:27,543 [765749c7-07d3-4ecd-8c14-ec59685a04c1-groupManagement] INFO  server.RaftServerConfigKeys (ConfUtils.java:logGet(46)) - raft.server.log.purge.upto.snapshot.index = false (default)
2023-09-19 02:07:27,543 [PipelineCommandHandlerThread-0] INFO  ratis.XceiverServerRatis (XceiverServerRatis.java:addGroup(804)) - Created group PipelineID=6748c037-e7db-467c-afcb-682b53dcadba
2023-09-19 02:07:27,543 [PipelineCommandHandlerThread-0] INFO  commandhandler.CreatePipelineCommandHandler (CreatePipelineCommandHandler.java:lambda$handle$2(124)) - Created Pipeline RATIS ONE PipelineID=6748c037-e7db-467c-afcb-682b53dcadba.
2023-09-19 02:07:27,814 [PipelineCommandHandlerThread-0] INFO  server.RaftServer (RaftServerProxy.java:addNew(98)) - 7fbbbf63-2234-40cb-a883-34788a40cf43: addNew group-24C98C7269AA:[7fbbbf63-2234-40cb-a883-34788a40cf43|rpc:10.1.0.29:15200|admin:10.1.0.29:15199|client:10.1.0.29:15198|dataStream:10.1.0.29:15201|priority:1|startupRole:FOLLOWER] returns group-24C98C7269AA:java.util.concurrent.CompletableFuture@3e9b9c64[Not completed]
2023-09-19 02:07:27,816 [7fbbbf63-2234-40cb-a883-34788a40cf43-groupManagement] INFO  server.RaftServer$Division (RaftServerImpl.java:<init>(198)) - 7fbbbf63-2234-40cb-a883-34788a40cf43: new RaftServerImpl for group-24C98C7269AA:[7fbbbf63-2234-40cb-a883-34788a40cf43|rpc:10.1.0.29:15200|admin:10.1.0.29:15199|client:10.1.0.29:15198|dataStream:10.1.0.29:15201|priority:1|startupRole:FOLLOWER] with ContainerStateMachine:uninitialized
2023-09-19 02:07:27,816 [7fbbbf63-2234-40cb-a883-34788a40cf43-groupManagement] INFO  server.RaftServerConfigKeys (ConfUtils.java:logGet(46)) - raft.server.rpc.timeout.min = 5s (custom)
2023-09-19 02:07:27,816 [7fbbbf63-2234-40cb-a883-34788a40cf43-groupManagement] INFO  server.RaftServerConfigKeys (ConfUtils.java:logGet(46)) - raft.server.rpc.timeout.max = 5200ms (custom)
2023-09-19 02:07:27,816 [7fbbbf63-2234-40cb-a883-34788a40cf43-groupManagement] INFO  server.RaftServerConfigKeys (ConfUtils.java:logGet(46)) - raft.server.rpc.sleep.time = 25ms (default)
2023-09-19 02:07:27,816 [7fbbbf63-2234-40cb-a883-34788a40cf43-groupManagement] INFO  server.RaftServerConfigKeys (ConfUtils.java:logGet(46)) - raft.server.rpc.slowness.timeout = 300s (custom)
2023-09-19 02:07:27,816 [7fbbbf63-2234-40cb-a883-34788a40cf43-groupManagement] INFO  server.RaftServerConfigKeys (ConfUtils.java:logGet(46)) - raft.server.leaderelection.leader.step-down.wait-time = 10s (default)
2023-09-19 02:07:27,816 [7fbbbf63-2234-40cb-a883-34788a40cf43-groupManagement] INFO  server.RaftServerConfigKeys (ConfUtils.java:logGet(46)) - raft.server.sleep.deviation.threshold = 300ms (default)
2023-09-19 02:07:27,816 [7fbbbf63-2234-40cb-a883-34788a40cf43-groupManagement] INFO  server.RaftServer$Division (ServerState.java:<init>(120)) - 7fbbbf63-2234-40cb-a883-34788a40cf43@group-24C98C7269AA: ConfigurationManager, init=-1: peers:[7fbbbf63-2234-40cb-a883-34788a40cf43|rpc:10.1.0.29:15200|admin:10.1.0.29:15199|client:10.1.0.29:15198|dataStream:10.1.0.29:15201|priority:1|startupRole:FOLLOWER]|listeners:[], old=null, confs=<EMPTY_MAP>
2023-09-19 02:07:27,816 [7fbbbf63-2234-40cb-a883-34788a40cf43-groupManagement] INFO  server.RaftServerConfigKeys (ConfUtils.java:logGet(46)) - raft.server.storage.dir = [/home/runner/work/ozone/ozone/hadoop-ozone/integration-test/target/test-dir/MiniOzoneClusterImpl-42a12def-4a0d-4036-8984-dc8d5bb9e99a/datanode-3/data/ratis] (custom)
2023-09-19 02:07:27,816 [7fbbbf63-2234-40cb-a883-34788a40cf43-groupManagement] INFO  server.RaftServerConfigKeys (ConfUtils.java:logGet(46)) - raft.server.log.corruption.policy = EXCEPTION (default)
2023-09-19 02:07:27,816 [7fbbbf63-2234-40cb-a883-34788a40cf43-groupManagement] INFO  server.RaftServerConfigKeys (ConfUtils.java:logGet(46)) - raft.server.storage.free-space.min = 0MB (=0) (default)
2023-09-19 02:07:27,816 [7fbbbf63-2234-40cb-a883-34788a40cf43-groupManagement] INFO  server.RaftServerConfigKeys (ConfUtils.java:logGet(46)) - raft.server.notification.no-leader.timeout = 300s (custom)
2023-09-19 02:07:27,816 [7fbbbf63-2234-40cb-a883-34788a40cf43-groupManagement] INFO  server.RaftServerConfigKeys (ConfUtils.java:logGet(46)) - raft.server.read.timeout = 10s (default)
2023-09-19 02:07:27,817 [7fbbbf63-2234-40cb-a883-34788a40cf43-groupManagement] INFO  server.RaftServerConfigKeys (ConfUtils.java:logGet(46)) - raft.server.retrycache.expirytime = 600000ms (custom)
2023-09-19 02:07:27,817 [7fbbbf63-2234-40cb-a883-34788a40cf43-groupManagement] INFO  server.RaftServerConfigKeys (ConfUtils.java:logGet(46)) - raft.server.retrycache.statistics.expirytime = 100μs (default)
2023-09-19 02:07:27,817 [7fbbbf63-2234-40cb-a883-34788a40cf43-groupManagement] INFO  server.RaftServerConfigKeys (ConfUtils.java:logGet(46)) - raft.server.read.option = DEFAULT (default)
2023-09-19 02:07:27,817 [7fbbbf63-2234-40cb-a883-34788a40cf43-groupManagement] INFO  server.RaftServerConfigKeys (ConfUtils.java:logGet(46)) - raft.server.rpc.request.timeout = 60s (custom)
2023-09-19 02:07:27,817 [7fbbbf63-2234-40cb-a883-34788a40cf43-groupManagement] INFO  server.RaftServerConfigKeys (ConfUtils.java:logGet(46)) - raft.server.log.appender.install.snapshot.enabled = false (custom)
2023-09-19 02:07:27,817 [7fbbbf63-2234-40cb-a883-34788a40cf43-groupManagement] INFO  server.RaftServerConfigKeys (ConfUtils.java:logGet(46)) - raft.server.threadpool.server.cached = true (default)
2023-09-19 02:07:27,817 [7fbbbf63-2234-40cb-a883-34788a40cf43-groupManagement] INFO  server.RaftServerConfigKeys (ConfUtils.java:logGet(46)) - raft.server.threadpool.server.size = 0 (default)
2023-09-19 02:07:27,817 [7fbbbf63-2234-40cb-a883-34788a40cf43-groupManagement] INFO  server.RaftServerConfigKeys (ConfUtils.java:logGet(46)) - raft.server.threadpool.client.cached = true (default)
2023-09-19 02:07:27,817 [7fbbbf63-2234-40cb-a883-34788a40cf43-groupManagement] INFO  server.RaftServerConfigKeys (ConfUtils.java:logGet(46)) - raft.server.threadpool.client.size = 0 (default)
2023-09-19 02:07:27,818 [7fbbbf63-2234-40cb-a883-34788a40cf43-groupManagement] INFO  storage.RaftStorageDirectory (RaftStorageDirectoryImpl.java:analyzeStorage(137)) - The storage directory /home/runner/work/ozone/ozone/hadoop-ozone/integration-test/target/test-dir/MiniOzoneClusterImpl-42a12def-4a0d-4036-8984-dc8d5bb9e99a/datanode-3/data/ratis/0ee93072-13ee-4721-97a0-24c98c7269aa does not exist. Creating ...
2023-09-19 02:07:27,819 [7fbbbf63-2234-40cb-a883-34788a40cf43-groupManagement] INFO  storage.RaftStorageDirectory (RaftStorageDirectoryImpl.java:tryLock(231)) - Lock on /home/runner/work/ozone/ozone/hadoop-ozone/integration-test/target/test-dir/MiniOzoneClusterImpl-42a12def-4a0d-4036-8984-dc8d5bb9e99a/datanode-3/data/ratis/0ee93072-13ee-4721-97a0-24c98c7269aa/in_use.lock acquired by nodename 7315@fv-az1031-92
2023-09-19 02:07:27,820 [7fbbbf63-2234-40cb-a883-34788a40cf43-groupManagement] INFO  storage.RaftStorage (RaftStorageImpl.java:format(96)) - Storage directory /home/runner/work/ozone/ozone/hadoop-ozone/integration-test/target/test-dir/MiniOzoneClusterImpl-42a12def-4a0d-4036-8984-dc8d5bb9e99a/datanode-3/data/ratis/0ee93072-13ee-4721-97a0-24c98c7269aa has been successfully formatted.
2023-09-19 02:07:27,821 [7fbbbf63-2234-40cb-a883-34788a40cf43-groupManagement] INFO  ratis.ContainerStateMachine (ContainerStateMachine.java:loadSnapshot(262)) - group-24C98C7269AA: The snapshot info is null. Setting the last applied indexto:(t:0, i:~)
2023-09-19 02:07:27,821 [7fbbbf63-2234-40cb-a883-34788a40cf43-groupManagement] INFO  server.RaftServerConfigKeys (ConfUtils.java:logGet(46)) - raft.server.log.use.memory = false (default)
2023-09-19 02:07:27,821 [7fbbbf63-2234-40cb-a883-34788a40cf43-groupManagement] INFO  server.RaftServerConfigKeys (ConfUtils.java:logGet(46)) - raft.server.log.purge.gap = 1000000 (custom)
2023-09-19 02:07:27,821 [7fbbbf63-2234-40cb-a883-34788a40cf43-groupManagement] INFO  server.RaftServerConfigKeys (ConfUtils.java:logGet(46)) - raft.server.log.appender.buffer.byte-limit = 33554432 (custom)
2023-09-19 02:07:27,822 [EventQueue-PipelineReportForPipelineReportHandler] INFO  pipeline.PipelineReportHandler (PipelineReportHandler.java:processPipelineReport(136)) - Opened pipeline PipelineID=0ee93072-13ee-4721-97a0-24c98c7269aa
2023-09-19 02:07:27,822 [7fbbbf63-2234-40cb-a883-34788a40cf43-groupManagement] INFO  server.RaftServerConfigKeys (ConfUtils.java:logGet(46)) - raft.server.log.statemachine.data.read.timeout = 1000ms (default)
2023-09-19 02:07:27,822 [7fbbbf63-2234-40cb-a883-34788a40cf43-groupManagement] INFO  server.RaftServerConfigKeys (ConfUtils.java:logGet(46)) - raft.server.log.purge.preservation.log.num = 0 (default)
2023-09-19 02:07:27,822 [EventQueue-OpenPipelineForHealthyPipelineSafeModeRule] INFO  safemode.SCMSafeModeManager (HealthyPipelineSafeModeRule.java:process(137)) - SCM in safe mode. Healthy pipelines reported count is 0, required healthy pipeline reported count is 1
2023-09-19 02:07:27,822 [7fbbbf63-2234-40cb-a883-34788a40cf43-groupManagement] INFO  server.RaftServerConfigKeys (ConfUtils.java:logGet(46)) - raft.server.log.segment.size.max = 1048576 (custom)
2023-09-19 02:07:27,822 [7fbbbf63-2234-40cb-a883-34788a40cf43-groupManagement] INFO  server.RaftServerConfigKeys (ConfUtils.java:logGet(46)) - raft.server.log.segment.cache.num.max = 2 (custom)
2023-09-19 02:07:27,822 [7fbbbf63-2234-40cb-a883-34788a40cf43-groupManagement] INFO  server.RaftServerConfigKeys (ConfUtils.java:logGet(46)) - raft.server.log.segment.cache.size.max = 200MB (=209715200) (default)
2023-09-19 02:07:27,823 [7fbbbf63-2234-40cb-a883-34788a40cf43-groupManagement] INFO  server.RaftServerConfigKeys (ConfUtils.java:logGet(46)) - raft.server.log.appender.buffer.byte-limit = 33554432 (custom)
2023-09-19 02:07:27,823 [7fbbbf63-2234-40cb-a883-34788a40cf43-groupManagement] INFO  segmented.SegmentedRaftLogWorker (SegmentedRaftLogWorker.java:<init>(188)) - new 7fbbbf63-2234-40cb-a883-34788a40cf43@group-24C98C7269AA-SegmentedRaftLogWorker for RaftStorageImpl:Storage Directory /home/runner/work/ozone/ozone/hadoop-ozone/integration-test/target/test-dir/MiniOzoneClusterImpl-42a12def-4a0d-4036-8984-dc8d5bb9e99a/datanode-3/data/ratis/0ee93072-13ee-4721-97a0-24c98c7269aa
2023-09-19 02:07:27,823 [7fbbbf63-2234-40cb-a883-34788a40cf43-groupManagement] INFO  server.RaftServerConfigKeys (ConfUtils.java:logGet(46)) - raft.server.log.queue.byte-limit = 4294967296 (custom)
2023-09-19 02:07:27,823 [7fbbbf63-2234-40cb-a883-34788a40cf43-groupManagement] INFO  server.RaftServerConfigKeys (ConfUtils.java:logGet(46)) - raft.server.log.queue.element-limit = 1024 (custom)
2023-09-19 02:07:27,823 [7fbbbf63-2234-40cb-a883-34788a40cf43-groupManagement] INFO  server.RaftServerConfigKeys (ConfUtils.java:logGet(46)) - raft.server.log.segment.size.max = 1048576 (custom)
2023-09-19 02:07:27,823 [7fbbbf63-2234-40cb-a883-34788a40cf43-groupManagement] INFO  server.RaftServerConfigKeys (ConfUtils.java:logGet(46)) - raft.server.log.preallocated.size = 16384 (custom)
2023-09-19 02:07:27,823 [7fbbbf63-2234-40cb-a883-34788a40cf43-groupManagement] INFO  server.RaftServerConfigKeys (ConfUtils.java:logGet(46)) - raft.server.log.force.sync.num = 128 (default)
2023-09-19 02:07:27,823 [7fbbbf63-2234-40cb-a883-34788a40cf43-groupManagement] INFO  server.RaftServerConfigKeys (ConfUtils.java:logGet(46)) - raft.server.log.statemachine.data.sync = true (default)
2023-09-19 02:07:27,823 [7fbbbf63-2234-40cb-a883-34788a40cf43-groupManagement] INFO  server.RaftServerConfigKeys (ConfUtils.java:logGet(46)) - raft.server.log.statemachine.data.sync.timeout = 10s (default)
2023-09-19 02:07:27,823 [7fbbbf63-2234-40cb-a883-34788a40cf43-groupManagement] INFO  server.RaftServerConfigKeys (ConfUtils.java:logGet(46)) - raft.server.log.statemachine.data.sync.timeout.retry = -1 (default)
2023-09-19 02:07:27,823 [7fbbbf63-2234-40cb-a883-34788a40cf43-groupManagement] INFO  server.RaftServerConfigKeys (ConfUtils.java:logGet(46)) - raft.server.log.write.buffer.size = 1048576 (custom)
2023-09-19 02:07:27,823 [7fbbbf63-2234-40cb-a883-34788a40cf43-groupManagement] INFO  server.RaftServerConfigKeys (ConfUtils.java:logGet(46)) - raft.server.log.appender.buffer.byte-limit = 33554432 (custom)
2023-09-19 02:07:27,937 [7fbbbf63-2234-40cb-a883-34788a40cf43-groupManagement] INFO  server.RaftServerConfigKeys (ConfUtils.java:logGet(46)) - raft.server.log.unsafe-flush.enabled = false (default)
2023-09-19 02:07:27,937 [7fbbbf63-2234-40cb-a883-34788a40cf43-groupManagement] INFO  server.RaftServerConfigKeys (ConfUtils.java:logGet(46)) - raft.server.log.async-flush.enabled = false (default)
2023-09-19 02:07:27,937 [7fbbbf63-2234-40cb-a883-34788a40cf43-groupManagement] INFO  server.RaftServerConfigKeys (ConfUtils.java:logGet(46)) - raft.server.log.statemachine.data.caching.enabled = true (custom)
2023-09-19 02:07:27,937 [7fbbbf63-2234-40cb-a883-34788a40cf43-groupManagement] INFO  segmented.SegmentedRaftLogWorker (SegmentedRaftLogWorker.java:lambda$new$0(135)) - 7fbbbf63-2234-40cb-a883-34788a40cf43@group-24C98C7269AA-SegmentedRaftLogWorker: flushIndex: setUnconditionally 0 -> -1
2023-09-19 02:07:27,937 [7fbbbf63-2234-40cb-a883-34788a40cf43-groupManagement] INFO  segmented.SegmentedRaftLogWorker (SegmentedRaftLogWorker.java:lambda$new$0(135)) - 7fbbbf63-2234-40cb-a883-34788a40cf43@group-24C98C7269AA-SegmentedRaftLogWorker: safeCacheEvictIndex: setUnconditionally 0 -> -1
2023-09-19 02:07:27,937 [7fbbbf63-2234-40cb-a883-34788a40cf43-groupManagement] INFO  server.RaftServer$Division (RaftServerImpl.java:start(342)) - 7fbbbf63-2234-40cb-a883-34788a40cf43@group-24C98C7269AA: start as a follower, conf=-1: peers:[7fbbbf63-2234-40cb-a883-34788a40cf43|rpc:10.1.0.29:15200|admin:10.1.0.29:15199|client:10.1.0.29:15198|dataStream:10.1.0.29:15201|priority:1|startupRole:FOLLOWER]|listeners:[], old=null
2023-09-19 02:07:27,938 [7fbbbf63-2234-40cb-a883-34788a40cf43-groupManagement] INFO  server.RaftServer$Division (RaftServerImpl.java:setRole(329)) - 7fbbbf63-2234-40cb-a883-34788a40cf43@group-24C98C7269AA: changes role from      null to FOLLOWER at term 0 for startAsFollower
2023-09-19 02:07:27,938 [7fbbbf63-2234-40cb-a883-34788a40cf43-groupManagement] INFO  impl.RoleInfo (RoleInfo.java:updateAndGet(139)) - 7fbbbf63-2234-40cb-a883-34788a40cf43: start 7fbbbf63-2234-40cb-a883-34788a40cf43@group-24C98C7269AA-FollowerState
2023-09-19 02:07:27,938 [7fbbbf63-2234-40cb-a883-34788a40cf43-groupManagement] INFO  util.JmxRegister (JmxRegister.java:tryRegister(44)) - Successfully registered JMX Bean with object name Ratis:service=RaftServer,group=group-24C98C7269AA,id=7fbbbf63-2234-40cb-a883-34788a40cf43
2023-09-19 02:07:27,938 [7fbbbf63-2234-40cb-a883-34788a40cf43@group-24C98C7269AA-FollowerState] INFO  server.RaftServerConfigKeys (ConfUtils.java:logFallback(53)) - raft.server.rpc.first-election.timeout.min = 5s (fallback to raft.server.rpc.timeout.min)
2023-09-19 02:07:27,938 [7fbbbf63-2234-40cb-a883-34788a40cf43-groupManagement] INFO  server.RaftServerConfigKeys (ConfUtils.java:logGet(46)) - raft.server.snapshot.auto.trigger.enabled = true (custom)
2023-09-19 02:07:27,938 [7fbbbf63-2234-40cb-a883-34788a40cf43@group-24C98C7269AA-FollowerState] INFO  server.RaftServerConfigKeys (ConfUtils.java:logFallback(53)) - raft.server.rpc.first-election.timeout.max = 5200ms (fallback to raft.server.rpc.timeout.max)
2023-09-19 02:07:27,938 [7fbbbf63-2234-40cb-a883-34788a40cf43-groupManagement] INFO  server.RaftServerConfigKeys (ConfUtils.java:logGet(46)) - raft.server.snapshot.auto.trigger.threshold = 10000 (custom)
2023-09-19 02:07:27,940 [7fbbbf63-2234-40cb-a883-34788a40cf43-groupManagement] INFO  server.RaftServerConfigKeys (ConfUtils.java:logGet(46)) - raft.server.snapshot.retention.file.num = 5 (custom)
2023-09-19 02:07:27,940 [7fbbbf63-2234-40cb-a883-34788a40cf43-groupManagement] INFO  server.RaftServerConfigKeys (ConfUtils.java:logGet(46)) - raft.server.log.purge.upto.snapshot.index = false (default)
2023-09-19 02:07:27,941 [PipelineCommandHandlerThread-0] INFO  ratis.XceiverServerRatis (XceiverServerRatis.java:addGroup(804)) - Created group PipelineID=0ee93072-13ee-4721-97a0-24c98c7269aa
2023-09-19 02:07:27,941 [PipelineCommandHandlerThread-0] INFO  commandhandler.CreatePipelineCommandHandler (CreatePipelineCommandHandler.java:lambda$handle$2(124)) - Created Pipeline RATIS ONE PipelineID=0ee93072-13ee-4721-97a0-24c98c7269aa.
2023-09-19 02:07:28,080 [main] INFO  ozone.MiniOzoneClusterImpl (MiniOzoneClusterImpl.java:lambda$waitForClusterToBeReady$0(224)) - Nodes are ready. Got 5 of 5 DN Heartbeats.
2023-09-19 02:07:28,081 [main] INFO  ozone.MiniOzoneClusterImpl (MiniOzoneClusterImpl.java:lambda$waitForClusterToBeReady$0(227)) - Waiting for cluster to exit safe mode
2023-09-19 02:07:28,081 [main] INFO  ozone.MiniOzoneClusterImpl (MiniOzoneClusterImpl.java:lambda$waitForClusterToBeReady$0(229)) - SCM became leader
2023-09-19 02:07:28,084 [PipelineCommandHandlerThread-0] INFO  server.RaftServer (RaftServerProxy.java:addNew(98)) - 92a1afef-9ecd-4787-9981-6f6f5d31539c: addNew group-8CCDDDD235CE:[92a1afef-9ecd-4787-9981-6f6f5d31539c|rpc:10.1.0.29:15209|admin:10.1.0.29:15208|client:10.1.0.29:15207|dataStream:10.1.0.29:15210|priority:1|startupRole:FOLLOWER] returns group-8CCDDDD235CE:java.util.concurrent.CompletableFuture@2d58c8b5[Not completed]
2023-09-19 02:07:28,085 [92a1afef-9ecd-4787-9981-6f6f5d31539c-groupManagement] INFO  server.RaftServer$Division (RaftServerImpl.java:<init>(198)) - 92a1afef-9ecd-4787-9981-6f6f5d31539c: new RaftServerImpl for group-8CCDDDD235CE:[92a1afef-9ecd-4787-9981-6f6f5d31539c|rpc:10.1.0.29:15209|admin:10.1.0.29:15208|client:10.1.0.29:15207|dataStream:10.1.0.29:15210|priority:1|startupRole:FOLLOWER] with ContainerStateMachine:uninitialized
2023-09-19 02:07:28,085 [92a1afef-9ecd-4787-9981-6f6f5d31539c-groupManagement] INFO  server.RaftServerConfigKeys (ConfUtils.java:logGet(46)) - raft.server.rpc.timeout.min = 5s (custom)
2023-09-19 02:07:28,085 [92a1afef-9ecd-4787-9981-6f6f5d31539c-groupManagement] INFO  server.RaftServerConfigKeys (ConfUtils.java:logGet(46)) - raft.server.rpc.timeout.max = 5200ms (custom)
2023-09-19 02:07:28,085 [92a1afef-9ecd-4787-9981-6f6f5d31539c-groupManagement] INFO  server.RaftServerConfigKeys (ConfUtils.java:logGet(46)) - raft.server.rpc.sleep.time = 25ms (default)
2023-09-19 02:07:28,085 [92a1afef-9ecd-4787-9981-6f6f5d31539c-groupManagement] INFO  server.RaftServerConfigKeys (ConfUtils.java:logGet(46)) - raft.server.rpc.slowness.timeout = 300s (custom)
2023-09-19 02:07:28,085 [92a1afef-9ecd-4787-9981-6f6f5d31539c-groupManagement] INFO  server.RaftServerConfigKeys (ConfUtils.java:logGet(46)) - raft.server.leaderelection.leader.step-down.wait-time = 10s (default)
2023-09-19 02:07:28,085 [92a1afef-9ecd-4787-9981-6f6f5d31539c-groupManagement] INFO  server.RaftServerConfigKeys (ConfUtils.java:logGet(46)) - raft.server.sleep.deviation.threshold = 300ms (default)
2023-09-19 02:07:28,085 [92a1afef-9ecd-4787-9981-6f6f5d31539c-groupManagement] INFO  server.RaftServer$Division (ServerState.java:<init>(120)) - 92a1afef-9ecd-4787-9981-6f6f5d31539c@group-8CCDDDD235CE: ConfigurationManager, init=-1: peers:[92a1afef-9ecd-4787-9981-6f6f5d31539c|rpc:10.1.0.29:15209|admin:10.1.0.29:15208|client:10.1.0.29:15207|dataStream:10.1.0.29:15210|priority:1|startupRole:FOLLOWER]|listeners:[], old=null, confs=<EMPTY_MAP>
2023-09-19 02:07:28,085 [92a1afef-9ecd-4787-9981-6f6f5d31539c-groupManagement] INFO  server.RaftServerConfigKeys (ConfUtils.java:logGet(46)) - raft.server.storage.dir = [/home/runner/work/ozone/ozone/hadoop-ozone/integration-test/target/test-dir/MiniOzoneClusterImpl-42a12def-4a0d-4036-8984-dc8d5bb9e99a/datanode-4/data/ratis] (custom)
2023-09-19 02:07:28,086 [92a1afef-9ecd-4787-9981-6f6f5d31539c-groupManagement] INFO  server.RaftServerConfigKeys (ConfUtils.java:logGet(46)) - raft.server.log.corruption.policy = EXCEPTION (default)
2023-09-19 02:07:28,086 [92a1afef-9ecd-4787-9981-6f6f5d31539c-groupManagement] INFO  server.RaftServerConfigKeys (ConfUtils.java:logGet(46)) - raft.server.storage.free-space.min = 0MB (=0) (default)
2023-09-19 02:07:28,086 [92a1afef-9ecd-4787-9981-6f6f5d31539c-groupManagement] INFO  server.RaftServerConfigKeys (ConfUtils.java:logGet(46)) - raft.server.notification.no-leader.timeout = 300s (custom)
2023-09-19 02:07:28,086 [92a1afef-9ecd-4787-9981-6f6f5d31539c-groupManagement] INFO  server.RaftServerConfigKeys (ConfUtils.java:logGet(46)) - raft.server.read.timeout = 10s (default)
2023-09-19 02:07:28,086 [92a1afef-9ecd-4787-9981-6f6f5d31539c-groupManagement] INFO  server.RaftServerConfigKeys (ConfUtils.java:logGet(46)) - raft.server.retrycache.expirytime = 600000ms (custom)
2023-09-19 02:07:28,086 [92a1afef-9ecd-4787-9981-6f6f5d31539c-groupManagement] INFO  server.RaftServerConfigKeys (ConfUtils.java:logGet(46)) - raft.server.retrycache.statistics.expirytime = 100μs (default)
2023-09-19 02:07:28,086 [92a1afef-9ecd-4787-9981-6f6f5d31539c-groupManagement] INFO  server.RaftServerConfigKeys (ConfUtils.java:logGet(46)) - raft.server.read.option = DEFAULT (default)
2023-09-19 02:07:28,086 [92a1afef-9ecd-4787-9981-6f6f5d31539c-groupManagement] INFO  server.RaftServerConfigKeys (ConfUtils.java:logGet(46)) - raft.server.rpc.request.timeout = 60s (custom)
2023-09-19 02:07:28,086 [92a1afef-9ecd-4787-9981-6f6f5d31539c-groupManagement] INFO  server.RaftServerConfigKeys (ConfUtils.java:logGet(46)) - raft.server.log.appender.install.snapshot.enabled = false (custom)
2023-09-19 02:07:28,086 [92a1afef-9ecd-4787-9981-6f6f5d31539c-groupManagement] INFO  server.RaftServerConfigKeys (ConfUtils.java:logGet(46)) - raft.server.threadpool.server.cached = true (default)
2023-09-19 02:07:28,087 [92a1afef-9ecd-4787-9981-6f6f5d31539c-groupManagement] INFO  server.RaftServerConfigKeys (ConfUtils.java:logGet(46)) - raft.server.threadpool.server.size = 0 (default)
2023-09-19 02:07:28,087 [92a1afef-9ecd-4787-9981-6f6f5d31539c-groupManagement] INFO  server.RaftServerConfigKeys (ConfUtils.java:logGet(46)) - raft.server.threadpool.client.cached = true (default)
2023-09-19 02:07:28,087 [92a1afef-9ecd-4787-9981-6f6f5d31539c-groupManagement] INFO  server.RaftServerConfigKeys (ConfUtils.java:logGet(46)) - raft.server.threadpool.client.size = 0 (default)
2023-09-19 02:07:28,087 [92a1afef-9ecd-4787-9981-6f6f5d31539c-groupManagement] INFO  storage.RaftStorageDirectory (RaftStorageDirectoryImpl.java:analyzeStorage(137)) - The storage directory /home/runner/work/ozone/ozone/hadoop-ozone/integration-test/target/test-dir/MiniOzoneClusterImpl-42a12def-4a0d-4036-8984-dc8d5bb9e99a/datanode-4/data/ratis/d835ff96-391a-433a-ab49-8ccdddd235ce does not exist. Creating ...
2023-09-19 02:07:28,088 [92a1afef-9ecd-4787-9981-6f6f5d31539c-groupManagement] INFO  storage.RaftStorageDirectory (RaftStorageDirectoryImpl.java:tryLock(231)) - Lock on /home/runner/work/ozone/ozone/hadoop-ozone/integration-test/target/test-dir/MiniOzoneClusterImpl-42a12def-4a0d-4036-8984-dc8d5bb9e99a/datanode-4/data/ratis/d835ff96-391a-433a-ab49-8ccdddd235ce/in_use.lock acquired by nodename 7315@fv-az1031-92
2023-09-19 02:07:28,089 [92a1afef-9ecd-4787-9981-6f6f5d31539c-groupManagement] INFO  storage.RaftStorage (RaftStorageImpl.java:format(96)) - Storage directory /home/runner/work/ozone/ozone/hadoop-ozone/integration-test/target/test-dir/MiniOzoneClusterImpl-42a12def-4a0d-4036-8984-dc8d5bb9e99a/datanode-4/data/ratis/d835ff96-391a-433a-ab49-8ccdddd235ce has been successfully formatted.
2023-09-19 02:07:28,094 [92a1afef-9ecd-4787-9981-6f6f5d31539c-groupManagement] INFO  ratis.ContainerStateMachine (ContainerStateMachine.java:loadSnapshot(262)) - group-8CCDDDD235CE: The snapshot info is null. Setting the last applied indexto:(t:0, i:~)
2023-09-19 02:07:28,094 [92a1afef-9ecd-4787-9981-6f6f5d31539c-groupManagement] INFO  server.RaftServerConfigKeys (ConfUtils.java:logGet(46)) - raft.server.log.use.memory = false (default)
2023-09-19 02:07:28,095 [92a1afef-9ecd-4787-9981-6f6f5d31539c-groupManagement] INFO  server.RaftServerConfigKeys (ConfUtils.java:logGet(46)) - raft.server.log.purge.gap = 1000000 (custom)
2023-09-19 02:07:28,095 [92a1afef-9ecd-4787-9981-6f6f5d31539c-groupManagement] INFO  server.RaftServerConfigKeys (ConfUtils.java:logGet(46)) - raft.server.log.appender.buffer.byte-limit = 33554432 (custom)
2023-09-19 02:07:28,095 [92a1afef-9ecd-4787-9981-6f6f5d31539c-groupManagement] INFO  server.RaftServerConfigKeys (ConfUtils.java:logGet(46)) - raft.server.log.statemachine.data.read.timeout = 1000ms (default)
2023-09-19 02:07:28,095 [EventQueue-PipelineReportForPipelineReportHandler] INFO  pipeline.PipelineReportHandler (PipelineReportHandler.java:processPipelineReport(136)) - Opened pipeline PipelineID=d835ff96-391a-433a-ab49-8ccdddd235ce
2023-09-19 02:07:28,095 [EventQueue-OpenPipelineForHealthyPipelineSafeModeRule] INFO  safemode.SCMSafeModeManager (HealthyPipelineSafeModeRule.java:process(137)) - SCM in safe mode. Healthy pipelines reported count is 0, required healthy pipeline reported count is 1
2023-09-19 02:07:28,095 [92a1afef-9ecd-4787-9981-6f6f5d31539c-groupManagement] INFO  server.RaftServerConfigKeys (ConfUtils.java:logGet(46)) - raft.server.log.purge.preservation.log.num = 0 (default)
2023-09-19 02:07:28,096 [92a1afef-9ecd-4787-9981-6f6f5d31539c-groupManagement] INFO  server.RaftServerConfigKeys (ConfUtils.java:logGet(46)) - raft.server.log.segment.size.max = 1048576 (custom)
2023-09-19 02:07:28,096 [92a1afef-9ecd-4787-9981-6f6f5d31539c-groupManagement] INFO  server.RaftServerConfigKeys (ConfUtils.java:logGet(46)) - raft.server.log.segment.cache.num.max = 2 (custom)
2023-09-19 02:07:28,096 [92a1afef-9ecd-4787-9981-6f6f5d31539c-groupManagement] INFO  server.RaftServerConfigKeys (ConfUtils.java:logGet(46)) - raft.server.log.segment.cache.size.max = 200MB (=209715200) (default)
2023-09-19 02:07:28,096 [92a1afef-9ecd-4787-9981-6f6f5d31539c-groupManagement] INFO  server.RaftServerConfigKeys (ConfUtils.java:logGet(46)) - raft.server.log.appender.buffer.byte-limit = 33554432 (custom)
2023-09-19 02:07:28,096 [92a1afef-9ecd-4787-9981-6f6f5d31539c-groupManagement] INFO  segmented.SegmentedRaftLogWorker (SegmentedRaftLogWorker.java:<init>(188)) - new 92a1afef-9ecd-4787-9981-6f6f5d31539c@group-8CCDDDD235CE-SegmentedRaftLogWorker for RaftStorageImpl:Storage Directory /home/runner/work/ozone/ozone/hadoop-ozone/integration-test/target/test-dir/MiniOzoneClusterImpl-42a12def-4a0d-4036-8984-dc8d5bb9e99a/datanode-4/data/ratis/d835ff96-391a-433a-ab49-8ccdddd235ce
2023-09-19 02:07:28,096 [92a1afef-9ecd-4787-9981-6f6f5d31539c-groupManagement] INFO  server.RaftServerConfigKeys (ConfUtils.java:logGet(46)) - raft.server.log.queue.byte-limit = 4294967296 (custom)
2023-09-19 02:07:28,096 [92a1afef-9ecd-4787-9981-6f6f5d31539c-groupManagement] INFO  server.RaftServerConfigKeys (ConfUtils.java:logGet(46)) - raft.server.log.queue.element-limit = 1024 (custom)
2023-09-19 02:07:28,096 [92a1afef-9ecd-4787-9981-6f6f5d31539c-groupManagement] INFO  server.RaftServerConfigKeys (ConfUtils.java:logGet(46)) - raft.server.log.segment.size.max = 1048576 (custom)
2023-09-19 02:07:28,096 [92a1afef-9ecd-4787-9981-6f6f5d31539c-groupManagement] INFO  server.RaftServerConfigKeys (ConfUtils.java:logGet(46)) - raft.server.log.preallocated.size = 16384 (custom)
2023-09-19 02:07:28,096 [92a1afef-9ecd-4787-9981-6f6f5d31539c-groupManagement] INFO  server.RaftServerConfigKeys (ConfUtils.java:logGet(46)) - raft.server.log.force.sync.num = 128 (default)
2023-09-19 02:07:28,097 [92a1afef-9ecd-4787-9981-6f6f5d31539c-groupManagement] INFO  server.RaftServerConfigKeys (ConfUtils.java:logGet(46)) - raft.server.log.statemachine.data.sync = true (default)
2023-09-19 02:07:28,097 [92a1afef-9ecd-4787-9981-6f6f5d31539c-groupManagement] INFO  server.RaftServerConfigKeys (ConfUtils.java:logGet(46)) - raft.server.log.statemachine.data.sync.timeout = 10s (default)
2023-09-19 02:07:28,097 [92a1afef-9ecd-4787-9981-6f6f5d31539c-groupManagement] INFO  server.RaftServerConfigKeys (ConfUtils.java:logGet(46)) - raft.server.log.statemachine.data.sync.timeout.retry = -1 (default)
2023-09-19 02:07:28,097 [92a1afef-9ecd-4787-9981-6f6f5d31539c-groupManagement] INFO  server.RaftServerConfigKeys (ConfUtils.java:logGet(46)) - raft.server.log.write.buffer.size = 1048576 (custom)
2023-09-19 02:07:28,097 [92a1afef-9ecd-4787-9981-6f6f5d31539c-groupManagement] INFO  server.RaftServerConfigKeys (ConfUtils.java:logGet(46)) - raft.server.log.appender.buffer.byte-limit = 33554432 (custom)
2023-09-19 02:07:28,102 [92a1afef-9ecd-4787-9981-6f6f5d31539c-groupManagement] INFO  server.RaftServerConfigKeys (ConfUtils.java:logGet(46)) - raft.server.log.unsafe-flush.enabled = false (default)
2023-09-19 02:07:28,102 [92a1afef-9ecd-4787-9981-6f6f5d31539c-groupManagement] INFO  server.RaftServerConfigKeys (ConfUtils.java:logGet(46)) - raft.server.log.async-flush.enabled = false (default)
2023-09-19 02:07:28,102 [92a1afef-9ecd-4787-9981-6f6f5d31539c-groupManagement] INFO  server.RaftServerConfigKeys (ConfUtils.java:logGet(46)) - raft.server.log.statemachine.data.caching.enabled = true (custom)
2023-09-19 02:07:28,102 [92a1afef-9ecd-4787-9981-6f6f5d31539c-groupManagement] INFO  segmented.SegmentedRaftLogWorker (SegmentedRaftLogWorker.java:lambda$new$0(135)) - 92a1afef-9ecd-4787-9981-6f6f5d31539c@group-8CCDDDD235CE-SegmentedRaftLogWorker: flushIndex: setUnconditionally 0 -> -1
2023-09-19 02:07:28,102 [92a1afef-9ecd-4787-9981-6f6f5d31539c-groupManagement] INFO  segmented.SegmentedRaftLogWorker (SegmentedRaftLogWorker.java:lambda$new$0(135)) - 92a1afef-9ecd-4787-9981-6f6f5d31539c@group-8CCDDDD235CE-SegmentedRaftLogWorker: safeCacheEvictIndex: setUnconditionally 0 -> -1
2023-09-19 02:07:28,103 [92a1afef-9ecd-4787-9981-6f6f5d31539c-groupManagement] INFO  server.RaftServer$Division (RaftServerImpl.java:start(342)) - 92a1afef-9ecd-4787-9981-6f6f5d31539c@group-8CCDDDD235CE: start as a follower, conf=-1: peers:[92a1afef-9ecd-4787-9981-6f6f5d31539c|rpc:10.1.0.29:15209|admin:10.1.0.29:15208|client:10.1.0.29:15207|dataStream:10.1.0.29:15210|priority:1|startupRole:FOLLOWER]|listeners:[], old=null
2023-09-19 02:07:28,103 [92a1afef-9ecd-4787-9981-6f6f5d31539c-groupManagement] INFO  server.RaftServer$Division (RaftServerImpl.java:setRole(329)) - 92a1afef-9ecd-4787-9981-6f6f5d31539c@group-8CCDDDD235CE: changes role from      null to FOLLOWER at term 0 for startAsFollower
2023-09-19 02:07:28,103 [92a1afef-9ecd-4787-9981-6f6f5d31539c-groupManagement] INFO  impl.RoleInfo (RoleInfo.java:updateAndGet(139)) - 92a1afef-9ecd-4787-9981-6f6f5d31539c: start 92a1afef-9ecd-4787-9981-6f6f5d31539c@group-8CCDDDD235CE-FollowerState
2023-09-19 02:07:28,103 [92a1afef-9ecd-4787-9981-6f6f5d31539c@group-8CCDDDD235CE-FollowerState] INFO  server.RaftServerConfigKeys (ConfUtils.java:logFallback(53)) - raft.server.rpc.first-election.timeout.min = 5s (fallback to raft.server.rpc.timeout.min)
2023-09-19 02:07:28,103 [92a1afef-9ecd-4787-9981-6f6f5d31539c-groupManagement] INFO  util.JmxRegister (JmxRegister.java:tryRegister(44)) - Successfully registered JMX Bean with object name Ratis:service=RaftServer,group=group-8CCDDDD235CE,id=92a1afef-9ecd-4787-9981-6f6f5d31539c
2023-09-19 02:07:28,103 [92a1afef-9ecd-4787-9981-6f6f5d31539c@group-8CCDDDD235CE-FollowerState] INFO  server.RaftServerConfigKeys (ConfUtils.java:logFallback(53)) - raft.server.rpc.first-election.timeout.max = 5200ms (fallback to raft.server.rpc.timeout.max)
2023-09-19 02:07:28,103 [92a1afef-9ecd-4787-9981-6f6f5d31539c-groupManagement] INFO  server.RaftServerConfigKeys (ConfUtils.java:logGet(46)) - raft.server.snapshot.auto.trigger.enabled = true (custom)
2023-09-19 02:07:28,103 [92a1afef-9ecd-4787-9981-6f6f5d31539c-groupManagement] INFO  server.RaftServerConfigKeys (ConfUtils.java:logGet(46)) - raft.server.snapshot.auto.trigger.threshold = 10000 (custom)
2023-09-19 02:07:28,103 [92a1afef-9ecd-4787-9981-6f6f5d31539c-groupManagement] INFO  server.RaftServerConfigKeys (ConfUtils.java:logGet(46)) - raft.server.snapshot.retention.file.num = 5 (custom)
2023-09-19 02:07:28,103 [92a1afef-9ecd-4787-9981-6f6f5d31539c-groupManagement] INFO  server.RaftServerConfigKeys (ConfUtils.java:logGet(46)) - raft.server.log.purge.upto.snapshot.index = false (default)
2023-09-19 02:07:28,104 [PipelineCommandHandlerThread-0] INFO  ratis.XceiverServerRatis (XceiverServerRatis.java:addGroup(804)) - Created group PipelineID=d835ff96-391a-433a-ab49-8ccdddd235ce
2023-09-19 02:07:28,104 [PipelineCommandHandlerThread-0] INFO  commandhandler.CreatePipelineCommandHandler (CreatePipelineCommandHandler.java:lambda$handle$2(124)) - Created Pipeline RATIS ONE PipelineID=d835ff96-391a-433a-ab49-8ccdddd235ce.
2023-09-19 02:07:29,081 [main] INFO  ozone.MiniOzoneClusterImpl (MiniOzoneClusterImpl.java:lambda$waitForClusterToBeReady$0(224)) - Nodes are ready. Got 5 of 5 DN Heartbeats.
2023-09-19 02:07:29,081 [main] INFO  ozone.MiniOzoneClusterImpl (MiniOzoneClusterImpl.java:lambda$waitForClusterToBeReady$0(227)) - Waiting for cluster to exit safe mode
2023-09-19 02:07:29,081 [main] INFO  ozone.MiniOzoneClusterImpl (MiniOzoneClusterImpl.java:lambda$waitForClusterToBeReady$0(229)) - SCM became leader
2023-09-19 02:07:30,081 [main] INFO  ozone.MiniOzoneClusterImpl (MiniOzoneClusterImpl.java:lambda$waitForClusterToBeReady$0(224)) - Nodes are ready. Got 5 of 5 DN Heartbeats.
2023-09-19 02:07:30,082 [main] INFO  ozone.MiniOzoneClusterImpl (MiniOzoneClusterImpl.java:lambda$waitForClusterToBeReady$0(227)) - Waiting for cluster to exit safe mode
2023-09-19 02:07:30,082 [main] INFO  ozone.MiniOzoneClusterImpl (MiniOzoneClusterImpl.java:lambda$waitForClusterToBeReady$0(229)) - SCM became leader
2023-09-19 02:07:31,082 [main] INFO  ozone.MiniOzoneClusterImpl (MiniOzoneClusterImpl.java:lambda$waitForClusterToBeReady$0(224)) - Nodes are ready. Got 5 of 5 DN Heartbeats.
2023-09-19 02:07:31,082 [main] INFO  ozone.MiniOzoneClusterImpl (MiniOzoneClusterImpl.java:lambda$waitForClusterToBeReady$0(227)) - Waiting for cluster to exit safe mode
2023-09-19 02:07:31,082 [main] INFO  ozone.MiniOzoneClusterImpl (MiniOzoneClusterImpl.java:lambda$waitForClusterToBeReady$0(229)) - SCM became leader
2023-09-19 02:07:32,081 [2a4ddaa6-1a2b-4173-87e0-55a87acfd4f7@group-AD064DD7FE69-FollowerState] INFO  impl.FollowerState (FollowerState.java:run(143)) - 2a4ddaa6-1a2b-4173-87e0-55a87acfd4f7@group-AD064DD7FE69-FollowerState: change to CANDIDATE, lastRpcElapsedTime:5071161393ns, electionTimeout:5070ms
2023-09-19 02:07:32,081 [2a4ddaa6-1a2b-4173-87e0-55a87acfd4f7@group-AD064DD7FE69-FollowerState] INFO  impl.RoleInfo (RoleInfo.java:shutdownFollowerState(110)) - 2a4ddaa6-1a2b-4173-87e0-55a87acfd4f7: shutdown 2a4ddaa6-1a2b-4173-87e0-55a87acfd4f7@group-AD064DD7FE69-FollowerState
2023-09-19 02:07:32,081 [2a4ddaa6-1a2b-4173-87e0-55a87acfd4f7@group-AD064DD7FE69-FollowerState] INFO  server.RaftServer$Division (RaftServerImpl.java:setRole(329)) - 2a4ddaa6-1a2b-4173-87e0-55a87acfd4f7@group-AD064DD7FE69: changes role from  FOLLOWER to CANDIDATE at term 0 for changeToCandidate
2023-09-19 02:07:32,081 [2a4ddaa6-1a2b-4173-87e0-55a87acfd4f7@group-AD064DD7FE69-FollowerState] INFO  server.RaftServerConfigKeys (ConfUtils.java:logGet(46)) - raft.server.leaderelection.pre-vote = true (default)
2023-09-19 02:07:32,081 [2a4ddaa6-1a2b-4173-87e0-55a87acfd4f7@group-AD064DD7FE69-FollowerState] INFO  impl.RoleInfo (RoleInfo.java:updateAndGet(139)) - 2a4ddaa6-1a2b-4173-87e0-55a87acfd4f7: start 2a4ddaa6-1a2b-4173-87e0-55a87acfd4f7@group-AD064DD7FE69-LeaderElection28
2023-09-19 02:07:32,083 [main] INFO  ozone.MiniOzoneClusterImpl (MiniOzoneClusterImpl.java:lambda$waitForClusterToBeReady$0(224)) - Nodes are ready. Got 5 of 5 DN Heartbeats.
2023-09-19 02:07:32,083 [main] INFO  ozone.MiniOzoneClusterImpl (MiniOzoneClusterImpl.java:lambda$waitForClusterToBeReady$0(227)) - Waiting for cluster to exit safe mode
2023-09-19 02:07:32,083 [main] INFO  ozone.MiniOzoneClusterImpl (MiniOzoneClusterImpl.java:lambda$waitForClusterToBeReady$0(229)) - SCM became leader
2023-09-19 02:07:32,084 [2a4ddaa6-1a2b-4173-87e0-55a87acfd4f7@group-AD064DD7FE69-LeaderElection28] INFO  impl.LeaderElection (LeaderElection.java:askForVotes(321)) - 2a4ddaa6-1a2b-4173-87e0-55a87acfd4f7@group-AD064DD7FE69-LeaderElection28 PRE_VOTE round 0: submit vote requests at term 0 for -1: peers:[765749c7-07d3-4ecd-8c14-ec59685a04c1|rpc:10.1.0.29:15191|admin:10.1.0.29:15190|client:10.1.0.29:15189|dataStream:10.1.0.29:15192|priority:0|startupRole:FOLLOWER, 2a4ddaa6-1a2b-4173-87e0-55a87acfd4f7|rpc:10.1.0.29:15173|admin:10.1.0.29:15172|client:10.1.0.29:15171|dataStream:10.1.0.29:15174|priority:1|startupRole:FOLLOWER, cb888b2f-aa43-4b14-8a4b-2497c9c1feb0|rpc:10.1.0.29:15182|admin:10.1.0.29:15181|client:10.1.0.29:15180|dataStream:10.1.0.29:15183|priority:0|startupRole:FOLLOWER]|listeners:[], old=null
2023-09-19 02:07:32,085 [2a4ddaa6-1a2b-4173-87e0-55a87acfd4f7@group-AD064DD7FE69-LeaderElection28] INFO  server.RaftServerConfigKeys (ConfUtils.java:logFallback(53)) - raft.server.rpc.first-election.timeout.min = 5s (fallback to raft.server.rpc.timeout.min)
2023-09-19 02:07:32,085 [2a4ddaa6-1a2b-4173-87e0-55a87acfd4f7@group-AD064DD7FE69-LeaderElection28] INFO  server.RaftServerConfigKeys (ConfUtils.java:logFallback(53)) - raft.server.rpc.first-election.timeout.max = 5200ms (fallback to raft.server.rpc.timeout.max)
2023-09-19 02:07:32,085 [2a4ddaa6-1a2b-4173-87e0-55a87acfd4f7@group-AD064DD7FE69-LeaderElection28-1] INFO  server.GrpcServerProtocolClient (GrpcServerProtocolClient.java:<init>(65)) - Build channel for 765749c7-07d3-4ecd-8c14-ec59685a04c1
2023-09-19 02:07:32,085 [2a4ddaa6-1a2b-4173-87e0-55a87acfd4f7@group-AD064DD7FE69-LeaderElection28-2] INFO  server.GrpcServerProtocolClient (GrpcServerProtocolClient.java:<init>(65)) - Build channel for cb888b2f-aa43-4b14-8a4b-2497c9c1feb0
2023-09-19 02:07:32,093 [grpc-default-executor-0] INFO  server.RaftServer$Division (RaftServerImpl.java:requestVote(1302)) - 765749c7-07d3-4ecd-8c14-ec59685a04c1@group-AD064DD7FE69: receive requestVote(PRE_VOTE, 2a4ddaa6-1a2b-4173-87e0-55a87acfd4f7, group-AD064DD7FE69, 0, (t:0, i:0))
2023-09-19 02:07:32,093 [grpc-default-executor-0] INFO  impl.VoteContext (VoteContext.java:log(49)) - 765749c7-07d3-4ecd-8c14-ec59685a04c1@group-AD064DD7FE69-FOLLOWER: accept PRE_VOTE from 2a4ddaa6-1a2b-4173-87e0-55a87acfd4f7: our priority 0 <= candidate's priority 1
2023-09-19 02:07:32,093 [grpc-default-executor-0] INFO  server.RaftServer$Division (RaftServerImpl.java:requestVote(1335)) - 765749c7-07d3-4ecd-8c14-ec59685a04c1@group-AD064DD7FE69 replies to PRE_VOTE vote request: 2a4ddaa6-1a2b-4173-87e0-55a87acfd4f7<-765749c7-07d3-4ecd-8c14-ec59685a04c1#0:OK-t0. Peer's state: 765749c7-07d3-4ecd-8c14-ec59685a04c1@group-AD064DD7FE69:t0, leader=null, voted=, raftlog=Memoized:765749c7-07d3-4ecd-8c14-ec59685a04c1@group-AD064DD7FE69-SegmentedRaftLog:OPENED:c-1, conf=-1: peers:[765749c7-07d3-4ecd-8c14-ec59685a04c1|rpc:10.1.0.29:15191|admin:10.1.0.29:15190|client:10.1.0.29:15189|dataStream:10.1.0.29:15192|priority:0|startupRole:FOLLOWER, 2a4ddaa6-1a2b-4173-87e0-55a87acfd4f7|rpc:10.1.0.29:15173|admin:10.1.0.29:15172|client:10.1.0.29:15171|dataStream:10.1.0.29:15174|priority:1|startupRole:FOLLOWER, cb888b2f-aa43-4b14-8a4b-2497c9c1feb0|rpc:10.1.0.29:15182|admin:10.1.0.29:15181|client:10.1.0.29:15180|dataStream:10.1.0.29:15183|priority:0|startupRole:FOLLOWER]|listeners:[], old=null
2023-09-19 02:07:32,096 [2a4ddaa6-1a2b-4173-87e0-55a87acfd4f7@group-AD064DD7FE69-LeaderElection28] INFO  impl.LeaderElection (LeaderElection.java:logAndReturn(90)) - 2a4ddaa6-1a2b-4173-87e0-55a87acfd4f7@group-AD064DD7FE69-LeaderElection28: PRE_VOTE PASSED received 1 response(s) and 0 exception(s):
2023-09-19 02:07:32,096 [2a4ddaa6-1a2b-4173-87e0-55a87acfd4f7@group-AD064DD7FE69-LeaderElection28] INFO  impl.LeaderElection (LeaderElection.java:logAndReturn(94)) -   Response 0: 2a4ddaa6-1a2b-4173-87e0-55a87acfd4f7<-765749c7-07d3-4ecd-8c14-ec59685a04c1#0:OK-t0
2023-09-19 02:07:32,096 [2a4ddaa6-1a2b-4173-87e0-55a87acfd4f7@group-AD064DD7FE69-LeaderElection28] INFO  impl.LeaderElection (LeaderElection.java:askForVotes(323)) - 2a4ddaa6-1a2b-4173-87e0-55a87acfd4f7@group-AD064DD7FE69-LeaderElection28 PRE_VOTE round 0: result PASSED
2023-09-19 02:07:32,098 [2a4ddaa6-1a2b-4173-87e0-55a87acfd4f7@group-AD064DD7FE69-LeaderElection28] INFO  impl.LeaderElection (LeaderElection.java:askForVotes(321)) - 2a4ddaa6-1a2b-4173-87e0-55a87acfd4f7@group-AD064DD7FE69-LeaderElection28 ELECTION round 0: submit vote requests at term 1 for -1: peers:[765749c7-07d3-4ecd-8c14-ec59685a04c1|rpc:10.1.0.29:15191|admin:10.1.0.29:15190|client:10.1.0.29:15189|dataStream:10.1.0.29:15192|priority:0|startupRole:FOLLOWER, 2a4ddaa6-1a2b-4173-87e0-55a87acfd4f7|rpc:10.1.0.29:15173|admin:10.1.0.29:15172|client:10.1.0.29:15171|dataStream:10.1.0.29:15174|priority:1|startupRole:FOLLOWER, cb888b2f-aa43-4b14-8a4b-2497c9c1feb0|rpc:10.1.0.29:15182|admin:10.1.0.29:15181|client:10.1.0.29:15180|dataStream:10.1.0.29:15183|priority:0|startupRole:FOLLOWER]|listeners:[], old=null
2023-09-19 02:07:32,099 [grpc-default-executor-0] INFO  server.RaftServer$Division (RaftServerImpl.java:requestVote(1302)) - cb888b2f-aa43-4b14-8a4b-2497c9c1feb0@group-AD064DD7FE69: receive requestVote(PRE_VOTE, 2a4ddaa6-1a2b-4173-87e0-55a87acfd4f7, group-AD064DD7FE69, 0, (t:0, i:0))
2023-09-19 02:07:32,099 [grpc-default-executor-0] INFO  impl.VoteContext (VoteContext.java:log(49)) - cb888b2f-aa43-4b14-8a4b-2497c9c1feb0@group-AD064DD7FE69-FOLLOWER: accept PRE_VOTE from 2a4ddaa6-1a2b-4173-87e0-55a87acfd4f7: our priority 0 <= candidate's priority 1
2023-09-19 02:07:32,099 [grpc-default-executor-0] INFO  server.RaftServer$Division (RaftServerImpl.java:requestVote(1335)) - cb888b2f-aa43-4b14-8a4b-2497c9c1feb0@group-AD064DD7FE69 replies to PRE_VOTE vote request: 2a4ddaa6-1a2b-4173-87e0-55a87acfd4f7<-cb888b2f-aa43-4b14-8a4b-2497c9c1feb0#0:OK-t0. Peer's state: cb888b2f-aa43-4b14-8a4b-2497c9c1feb0@group-AD064DD7FE69:t0, leader=null, voted=, raftlog=Memoized:cb888b2f-aa43-4b14-8a4b-2497c9c1feb0@group-AD064DD7FE69-SegmentedRaftLog:OPENED:c-1, conf=-1: peers:[765749c7-07d3-4ecd-8c14-ec59685a04c1|rpc:10.1.0.29:15191|admin:10.1.0.29:15190|client:10.1.0.29:15189|dataStream:10.1.0.29:15192|priority:0|startupRole:FOLLOWER, 2a4ddaa6-1a2b-4173-87e0-55a87acfd4f7|rpc:10.1.0.29:15173|admin:10.1.0.29:15172|client:10.1.0.29:15171|dataStream:10.1.0.29:15174|priority:1|startupRole:FOLLOWER, cb888b2f-aa43-4b14-8a4b-2497c9c1feb0|rpc:10.1.0.29:15182|admin:10.1.0.29:15181|client:10.1.0.29:15180|dataStream:10.1.0.29:15183|priority:0|startupRole:FOLLOWER]|listeners:[], old=null
2023-09-19 02:07:32,100 [2a4ddaa6-1a2b-4173-87e0-55a87acfd4f7@group-AD064DD7FE69-LeaderElection28] INFO  server.RaftServerConfigKeys (ConfUtils.java:logFallback(53)) - raft.server.rpc.first-election.timeout.min = 5s (fallback to raft.server.rpc.timeout.min)
2023-09-19 02:07:32,100 [2a4ddaa6-1a2b-4173-87e0-55a87acfd4f7@group-AD064DD7FE69-LeaderElection28] INFO  server.RaftServerConfigKeys (ConfUtils.java:logFallback(53)) - raft.server.rpc.first-election.timeout.max = 5200ms (fallback to raft.server.rpc.timeout.max)
2023-09-19 02:07:32,102 [2a4ddaa6-1a2b-4173-87e0-55a87acfd4f7@group-15D5946BC3B4-FollowerState] INFO  impl.FollowerState (FollowerState.java:run(143)) - 2a4ddaa6-1a2b-4173-87e0-55a87acfd4f7@group-15D5946BC3B4-FollowerState: change to CANDIDATE, lastRpcElapsedTime:5109043688ns, electionTimeout:5108ms
2023-09-19 02:07:32,102 [2a4ddaa6-1a2b-4173-87e0-55a87acfd4f7@group-15D5946BC3B4-FollowerState] INFO  impl.RoleInfo (RoleInfo.java:shutdownFollowerState(110)) - 2a4ddaa6-1a2b-4173-87e0-55a87acfd4f7: shutdown 2a4ddaa6-1a2b-4173-87e0-55a87acfd4f7@group-15D5946BC3B4-FollowerState
2023-09-19 02:07:32,102 [2a4ddaa6-1a2b-4173-87e0-55a87acfd4f7@group-15D5946BC3B4-FollowerState] INFO  server.RaftServer$Division (RaftServerImpl.java:setRole(329)) - 2a4ddaa6-1a2b-4173-87e0-55a87acfd4f7@group-15D5946BC3B4: changes role from  FOLLOWER to CANDIDATE at term 0 for changeToCandidate
2023-09-19 02:07:32,102 [2a4ddaa6-1a2b-4173-87e0-55a87acfd4f7@group-15D5946BC3B4-FollowerState] INFO  server.RaftServerConfigKeys (ConfUtils.java:logGet(46)) - raft.server.leaderelection.pre-vote = true (default)
2023-09-19 02:07:32,102 [2a4ddaa6-1a2b-4173-87e0-55a87acfd4f7@group-15D5946BC3B4-FollowerState] INFO  impl.RoleInfo (RoleInfo.java:updateAndGet(139)) - 2a4ddaa6-1a2b-4173-87e0-55a87acfd4f7: start 2a4ddaa6-1a2b-4173-87e0-55a87acfd4f7@group-15D5946BC3B4-LeaderElection29
2023-09-19 02:07:32,103 [grpc-default-executor-0] INFO  server.RaftServer$Division (RaftServerImpl.java:requestVote(1302)) - 765749c7-07d3-4ecd-8c14-ec59685a04c1@group-AD064DD7FE69: receive requestVote(ELECTION, 2a4ddaa6-1a2b-4173-87e0-55a87acfd4f7, group-AD064DD7FE69, 1, (t:0, i:0))
2023-09-19 02:07:32,103 [grpc-default-executor-0] INFO  impl.VoteContext (VoteContext.java:log(49)) - 765749c7-07d3-4ecd-8c14-ec59685a04c1@group-AD064DD7FE69-FOLLOWER: accept ELECTION from 2a4ddaa6-1a2b-4173-87e0-55a87acfd4f7: our priority 0 <= candidate's priority 1
2023-09-19 02:07:32,103 [grpc-default-executor-0] INFO  server.RaftServer$Division (RaftServerImpl.java:setRole(329)) - 765749c7-07d3-4ecd-8c14-ec59685a04c1@group-AD064DD7FE69: changes role from  FOLLOWER to FOLLOWER at term 1 for candidate:2a4ddaa6-1a2b-4173-87e0-55a87acfd4f7
2023-09-19 02:07:32,103 [grpc-default-executor-0] INFO  impl.RoleInfo (RoleInfo.java:shutdownFollowerState(110)) - 765749c7-07d3-4ecd-8c14-ec59685a04c1: shutdown 765749c7-07d3-4ecd-8c14-ec59685a04c1@group-AD064DD7FE69-FollowerState
2023-09-19 02:07:32,103 [765749c7-07d3-4ecd-8c14-ec59685a04c1@group-AD064DD7FE69-FollowerState] INFO  impl.FollowerState (FollowerState.java:run(152)) - 765749c7-07d3-4ecd-8c14-ec59685a04c1@group-AD064DD7FE69-FollowerState was interrupted
2023-09-19 02:07:32,103 [grpc-default-executor-0] INFO  impl.RoleInfo (RoleInfo.java:updateAndGet(139)) - 765749c7-07d3-4ecd-8c14-ec59685a04c1: start 765749c7-07d3-4ecd-8c14-ec59685a04c1@group-AD064DD7FE69-FollowerState
2023-09-19 02:07:32,111 [grpc-default-executor-0] INFO  server.RaftServer$Division (RaftServerImpl.java:requestVote(1335)) - 765749c7-07d3-4ecd-8c14-ec59685a04c1@group-AD064DD7FE69 replies to ELECTION vote request: 2a4ddaa6-1a2b-4173-87e0-55a87acfd4f7<-765749c7-07d3-4ecd-8c14-ec59685a04c1#0:OK-t1. Peer's state: 765749c7-07d3-4ecd-8c14-ec59685a04c1@group-AD064DD7FE69:t1, leader=null, voted=2a4ddaa6-1a2b-4173-87e0-55a87acfd4f7, raftlog=Memoized:765749c7-07d3-4ecd-8c14-ec59685a04c1@group-AD064DD7FE69-SegmentedRaftLog:OPENED:c-1, conf=-1: peers:[765749c7-07d3-4ecd-8c14-ec59685a04c1|rpc:10.1.0.29:15191|admin:10.1.0.29:15190|client:10.1.0.29:15189|dataStream:10.1.0.29:15192|priority:0|startupRole:FOLLOWER, 2a4ddaa6-1a2b-4173-87e0-55a87acfd4f7|rpc:10.1.0.29:15173|admin:10.1.0.29:15172|client:10.1.0.29:15171|dataStream:10.1.0.29:15174|priority:1|startupRole:FOLLOWER, cb888b2f-aa43-4b14-8a4b-2497c9c1feb0|rpc:10.1.0.29:15182|admin:10.1.0.29:15181|client:10.1.0.29:15180|dataStream:10.1.0.29:15183|priority:0|startupRole:FOLLOWER]|listeners:[], old=null
2023-09-19 02:07:32,115 [2a4ddaa6-1a2b-4173-87e0-55a87acfd4f7@group-AD064DD7FE69-LeaderElection28] INFO  impl.LeaderElection (LeaderElection.java:logAndReturn(90)) - 2a4ddaa6-1a2b-4173-87e0-55a87acfd4f7@group-AD064DD7FE69-LeaderElection28: ELECTION PASSED received 1 response(s) and 0 exception(s):
2023-09-19 02:07:32,115 [2a4ddaa6-1a2b-4173-87e0-55a87acfd4f7@group-15D5946BC3B4-LeaderElection29] INFO  impl.LeaderElection (LeaderElection.java:askForVotes(321)) - 2a4ddaa6-1a2b-4173-87e0-55a87acfd4f7@group-15D5946BC3B4-LeaderElection29 PRE_VOTE round 0: submit vote requests at term 0 for -1: peers:[2a4ddaa6-1a2b-4173-87e0-55a87acfd4f7|rpc:10.1.0.29:15173|admin:10.1.0.29:15172|client:10.1.0.29:15171|dataStream:10.1.0.29:15174|priority:1|startupRole:FOLLOWER]|listeners:[], old=null
2023-09-19 02:07:32,115 [2a4ddaa6-1a2b-4173-87e0-55a87acfd4f7@group-AD064DD7FE69-LeaderElection28] INFO  impl.LeaderElection (LeaderElection.java:logAndReturn(94)) -   Response 0: 2a4ddaa6-1a2b-4173-87e0-55a87acfd4f7<-765749c7-07d3-4ecd-8c14-ec59685a04c1#0:OK-t1
2023-09-19 02:07:32,116 [2a4ddaa6-1a2b-4173-87e0-55a87acfd4f7@group-15D5946BC3B4-LeaderElection29] INFO  impl.LeaderElection (LeaderElection.java:askForVotes(323)) - 2a4ddaa6-1a2b-4173-87e0-55a87acfd4f7@group-15D5946BC3B4-LeaderElection29 PRE_VOTE round 0: result PASSED (term=0)
2023-09-19 02:07:32,116 [2a4ddaa6-1a2b-4173-87e0-55a87acfd4f7@group-AD064DD7FE69-LeaderElection28] INFO  impl.LeaderElection (LeaderElection.java:askForVotes(323)) - 2a4ddaa6-1a2b-4173-87e0-55a87acfd4f7@group-AD064DD7FE69-LeaderElection28 ELECTION round 0: result PASSED
2023-09-19 02:07:32,116 [2a4ddaa6-1a2b-4173-87e0-55a87acfd4f7@group-AD064DD7FE69-LeaderElection28] INFO  impl.RoleInfo (RoleInfo.java:shutdownLeaderElection(130)) - 2a4ddaa6-1a2b-4173-87e0-55a87acfd4f7: shutdown 2a4ddaa6-1a2b-4173-87e0-55a87acfd4f7@group-AD064DD7FE69-LeaderElection28
2023-09-19 02:07:32,116 [2a4ddaa6-1a2b-4173-87e0-55a87acfd4f7@group-AD064DD7FE69-LeaderElection28] INFO  server.RaftServer$Division (RaftServerImpl.java:setRole(329)) - 2a4ddaa6-1a2b-4173-87e0-55a87acfd4f7@group-AD064DD7FE69: changes role from CANDIDATE to LEADER at term 1 for changeToLeader
2023-09-19 02:07:32,116 [2a4ddaa6-1a2b-4173-87e0-55a87acfd4f7@group-AD064DD7FE69-LeaderElection28] INFO  ratis.XceiverServerRatis (XceiverServerRatis.java:handleLeaderChangedNotification(902)) - Leader change notification received for group: group-AD064DD7FE69 with new leaderId: 2a4ddaa6-1a2b-4173-87e0-55a87acfd4f7
2023-09-19 02:07:32,116 [2a4ddaa6-1a2b-4173-87e0-55a87acfd4f7@group-AD064DD7FE69-LeaderElection28] INFO  server.RaftServer$Division (ServerState.java:setLeader(317)) - 2a4ddaa6-1a2b-4173-87e0-55a87acfd4f7@group-AD064DD7FE69: change Leader from null to 2a4ddaa6-1a2b-4173-87e0-55a87acfd4f7 at term 1 for becomeLeader, leader elected after 5120ms
2023-09-19 02:07:32,116 [2a4ddaa6-1a2b-4173-87e0-55a87acfd4f7@group-AD064DD7FE69-LeaderElection28] INFO  server.RaftServerConfigKeys (ConfUtils.java:logGet(46)) - raft.server.staging.catchup.gap = 1000 (default)
2023-09-19 02:07:32,116 [2a4ddaa6-1a2b-4173-87e0-55a87acfd4f7@group-AD064DD7FE69-LeaderElection28] INFO  server.RaftServerConfigKeys (ConfUtils.java:logGet(46)) - raft.server.write.element-limit = 1024 (custom)
2023-09-19 02:07:32,116 [2a4ddaa6-1a2b-4173-87e0-55a87acfd4f7@group-AD064DD7FE69-LeaderElection28] INFO  server.RaftServerConfigKeys (ConfUtils.java:logGet(46)) - raft.server.write.byte-limit = 1024 M (=1073741824) (custom)
2023-09-19 02:07:32,116 [2a4ddaa6-1a2b-4173-87e0-55a87acfd4f7@group-AD064DD7FE69-LeaderElection28] INFO  server.RaftServerConfigKeys (ConfUtils.java:logGet(46)) - raft.server.watch.timeout = 180s (custom)
2023-09-19 02:07:32,116 [2a4ddaa6-1a2b-4173-87e0-55a87acfd4f7@group-AD064DD7FE69-LeaderElection28] INFO  server.RaftServerConfigKeys (ConfUtils.java:logGet(46)) - raft.server.watch.timeout.denomination = 1s (default)
2023-09-19 02:07:32,116 [2a4ddaa6-1a2b-4173-87e0-55a87acfd4f7@group-AD064DD7FE69-LeaderElection28] INFO  server.RaftServerConfigKeys (ConfUtils.java:logGet(46)) - raft.server.watch.element-limit = 65536 (default)
2023-09-19 02:07:32,117 [2a4ddaa6-1a2b-4173-87e0-55a87acfd4f7@group-AD064DD7FE69-LeaderElection28] INFO  server.RaftServerConfigKeys (ConfUtils.java:logGet(46)) - raft.server.write.element-limit = 1024 (custom)
2023-09-19 02:07:32,117 [2a4ddaa6-1a2b-4173-87e0-55a87acfd4f7@group-AD064DD7FE69-LeaderElection28] INFO  server.RaftServerConfigKeys (ConfUtils.java:logGet(46)) - raft.server.write.follower.gap.ratio.max = -1.0 (default)
2023-09-19 02:07:32,117 [2a4ddaa6-1a2b-4173-87e0-55a87acfd4f7@group-AD064DD7FE69-LeaderElection28] INFO  server.RaftServerConfigKeys (ConfUtils.java:logGet(46)) - raft.server.log.appender.snapshot.chunk.size.max = 16MB (=16777216) (default)
2023-09-19 02:07:32,117 [2a4ddaa6-1a2b-4173-87e0-55a87acfd4f7@group-AD064DD7FE69-LeaderElection28] INFO  server.RaftServerConfigKeys (ConfUtils.java:logGet(46)) - raft.server.log.appender.buffer.byte-limit = 33554432 (custom)
2023-09-19 02:07:32,117 [2a4ddaa6-1a2b-4173-87e0-55a87acfd4f7@group-AD064DD7FE69-LeaderElection28] INFO  server.RaftServerConfigKeys (ConfUtils.java:logGet(46)) - raft.server.log.appender.buffer.element-limit = 1 (custom)
2023-09-19 02:07:32,117 [2a4ddaa6-1a2b-4173-87e0-55a87acfd4f7@group-AD064DD7FE69-LeaderElection28] INFO  server.RaftServerConfigKeys (ConfUtils.java:logGet(46)) - raft.server.log.appender.wait-time.min = 10ms (default)
2023-09-19 02:07:32,117 [2a4ddaa6-1a2b-4173-87e0-55a87acfd4f7@group-AD064DD7FE69-LeaderElection28] INFO  grpc.GrpcConfigKeys (ConfUtils.java:logGet(46)) - raft.grpc.server.leader.outstanding.appends.max = 128 (default)
2023-09-19 02:07:32,117 [2a4ddaa6-1a2b-4173-87e0-55a87acfd4f7@group-AD064DD7FE69-LeaderElection28] INFO  server.RaftServerConfigKeys (ConfUtils.java:logGet(46)) - raft.server.rpc.request.timeout = 60s (custom)
2023-09-19 02:07:32,117 [2a4ddaa6-1a2b-4173-87e0-55a87acfd4f7@group-AD064DD7FE69-LeaderElection28] INFO  grpc.GrpcConfigKeys (ConfUtils.java:logGet(46)) - raft.grpc.server.install_snapshot.request.element-limit = 8 (default)
2023-09-19 02:07:32,117 [2a4ddaa6-1a2b-4173-87e0-55a87acfd4f7@group-AD064DD7FE69-LeaderElection28] INFO  grpc.GrpcConfigKeys (ConfUtils.java:logGet(46)) - raft.grpc.server.install_snapshot.request.timeout = 3000ms (default)
2023-09-19 02:07:32,117 [2a4ddaa6-1a2b-4173-87e0-55a87acfd4f7@group-AD064DD7FE69-LeaderElection28] INFO  server.RaftServerConfigKeys (ConfUtils.java:logGet(46)) - raft.server.log.appender.install.snapshot.enabled = false (custom)
2023-09-19 02:07:32,118 [2a4ddaa6-1a2b-4173-87e0-55a87acfd4f7@group-AD064DD7FE69-LeaderElection28] INFO  grpc.GrpcConfigKeys (ConfUtils.java:logGet(46)) - raft.grpc.server.heartbeat.channel = true (default)
2023-09-19 02:07:32,119 [EventQueue-PipelineReportForPipelineReportHandler] INFO  pipeline.PipelineReportHandler (PipelineReportHandler.java:processPipelineReport(136)) - Opened pipeline PipelineID=e40f93a8-b250-4f2c-b173-ad064dd7fe69
2023-09-19 02:07:32,119 [EventQueue-OpenPipelineForHealthyPipelineSafeModeRule] INFO  safemode.SCMSafeModeManager (HealthyPipelineSafeModeRule.java:process(137)) - SCM in safe mode. Healthy pipelines reported count is 1, required healthy pipeline reported count is 1
2023-09-19 02:07:32,119 [EventQueue-OpenPipelineForHealthyPipelineSafeModeRule] INFO  safemode.SCMSafeModeManager (SCMSafeModeManager.java:validateSafeModeExitRules(200)) - HealthyPipelineSafeModeRule rule is successfully validated
2023-09-19 02:07:32,119 [EventQueue-OpenPipelineForHealthyPipelineSafeModeRule] INFO  safemode.SCMSafeModeManager (SCMSafeModeManager.java:validateSafeModeExitRules(215)) - ScmSafeModeManager, all rules are successfully validated
2023-09-19 02:07:32,119 [EventQueue-OpenPipelineForHealthyPipelineSafeModeRule] INFO  safemode.SCMSafeModeManager (SCMSafeModeManager.java:exitSafeMode(244)) - SCM exiting safe mode.
2023-09-19 02:07:32,119 [EventQueue-OpenPipelineForHealthyPipelineSafeModeRule] INFO  ha.SCMContext (SCMContext.java:updateSafeModeStatus(228)) - Update SafeModeStatus from SafeModeStatus{safeModeStatus=true, preCheckPassed=true} to SafeModeStatus{safeModeStatus=false, preCheckPassed=true}.
2023-09-19 02:07:32,119 [EventQueue-OpenPipelineForHealthyPipelineSafeModeRule] INFO  pipeline.BackgroundPipelineCreator (BackgroundPipelineCreator.java:notifyStatusChanged(255)) - Service BackgroundPipelineCreator transitions to RUNNING.
2023-09-19 02:07:32,119 [EventQueue-OpenPipelineForHealthyPipelineSafeModeRule] INFO  BackgroundPipelineScrubber (BackgroundSCMService.java:notifyStatusChanged(82)) - Service BackgroundPipelineScrubber transitions to RUNNING.
2023-09-19 02:07:32,119 [EventQueue-OpenPipelineForHealthyPipelineSafeModeRule] INFO  ExpiredContainerReplicaOpScrubber (BackgroundSCMService.java:notifyStatusChanged(82)) - Service ExpiredContainerReplicaOpScrubber transitions to RUNNING.
2023-09-19 02:07:32,119 [EventQueue-OpenPipelineForHealthyPipelineSafeModeRule] INFO  replication.ReplicationManager (ReplicationManager.java:notifyStatusChanged(1370)) - Service ReplicationManager transitions to RUNNING.
2023-09-19 02:07:32,119 [EventQueue-OpenPipelineForHealthyPipelineSafeModeRule] WARN  balancer.ContainerBalancer (ContainerBalancer.java:shouldRun(134)) - Could not find persisted configuration for ContainerBalancer when checking if ContainerBalancer should run. ContainerBalancer should not run now.
2023-09-19 02:07:32,119 [grpc-default-executor-1] INFO  server.RaftServer$Division (RaftServerImpl.java:requestVote(1302)) - cb888b2f-aa43-4b14-8a4b-2497c9c1feb0@group-AD064DD7FE69: receive requestVote(ELECTION, 2a4ddaa6-1a2b-4173-87e0-55a87acfd4f7, group-AD064DD7FE69, 1, (t:0, i:0))
2023-09-19 02:07:32,119 [2a4ddaa6-1a2b-4173-87e0-55a87acfd4f7@group-AD064DD7FE69-LeaderElection28] INFO  server.RaftServerConfigKeys (ConfUtils.java:logGet(46)) - raft.server.log.appender.snapshot.chunk.size.max = 16MB (=16777216) (default)
2023-09-19 02:07:32,121 [grpc-default-executor-1] INFO  impl.VoteContext (VoteContext.java:log(49)) - cb888b2f-aa43-4b14-8a4b-2497c9c1feb0@group-AD064DD7FE69-FOLLOWER: accept ELECTION from 2a4ddaa6-1a2b-4173-87e0-55a87acfd4f7: our priority 0 <= candidate's priority 1
2023-09-19 02:07:32,121 [grpc-default-executor-1] INFO  server.RaftServer$Division (RaftServerImpl.java:setRole(329)) - cb888b2f-aa43-4b14-8a4b-2497c9c1feb0@group-AD064DD7FE69: changes role from  FOLLOWER to FOLLOWER at term 1 for candidate:2a4ddaa6-1a2b-4173-87e0-55a87acfd4f7
2023-09-19 02:07:32,121 [grpc-default-executor-1] INFO  impl.RoleInfo (RoleInfo.java:shutdownFollowerState(110)) - cb888b2f-aa43-4b14-8a4b-2497c9c1feb0: shutdown cb888b2f-aa43-4b14-8a4b-2497c9c1feb0@group-AD064DD7FE69-FollowerState
2023-09-19 02:07:32,121 [grpc-default-executor-1] INFO  impl.RoleInfo (RoleInfo.java:updateAndGet(139)) - cb888b2f-aa43-4b14-8a4b-2497c9c1feb0: start cb888b2f-aa43-4b14-8a4b-2497c9c1feb0@group-AD064DD7FE69-FollowerState
2023-09-19 02:07:32,122 [cb888b2f-aa43-4b14-8a4b-2497c9c1feb0@group-AD064DD7FE69-FollowerState] INFO  impl.FollowerState (FollowerState.java:run(152)) - cb888b2f-aa43-4b14-8a4b-2497c9c1feb0@group-AD064DD7FE69-FollowerState was interrupted
2023-09-19 02:07:32,121 [2a4ddaa6-1a2b-4173-87e0-55a87acfd4f7@group-AD064DD7FE69-LeaderElection28] INFO  server.RaftServerConfigKeys (ConfUtils.java:logGet(46)) - raft.server.log.appender.buffer.byte-limit = 33554432 (custom)
2023-09-19 02:07:32,125 [2a4ddaa6-1a2b-4173-87e0-55a87acfd4f7@group-AD064DD7FE69-LeaderElection28] INFO  server.RaftServerConfigKeys (ConfUtils.java:logGet(46)) - raft.server.log.appender.buffer.element-limit = 1 (custom)
2023-09-19 02:07:32,125 [2a4ddaa6-1a2b-4173-87e0-55a87acfd4f7@group-15D5946BC3B4-LeaderElection29] INFO  impl.LeaderElection (LeaderElection.java:askForVotes(321)) - 2a4ddaa6-1a2b-4173-87e0-55a87acfd4f7@group-15D5946BC3B4-LeaderElection29 ELECTION round 0: submit vote requests at term 1 for -1: peers:[2a4ddaa6-1a2b-4173-87e0-55a87acfd4f7|rpc:10.1.0.29:15173|admin:10.1.0.29:15172|client:10.1.0.29:15171|dataStream:10.1.0.29:15174|priority:1|startupRole:FOLLOWER]|listeners:[], old=null
2023-09-19 02:07:32,125 [2a4ddaa6-1a2b-4173-87e0-55a87acfd4f7@group-15D5946BC3B4-LeaderElection29] INFO  impl.LeaderElection (LeaderElection.java:askForVotes(323)) - 2a4ddaa6-1a2b-4173-87e0-55a87acfd4f7@group-15D5946BC3B4-LeaderElection29 ELECTION round 0: result PASSED (term=1)
2023-09-19 02:07:32,125 [2a4ddaa6-1a2b-4173-87e0-55a87acfd4f7@group-15D5946BC3B4-LeaderElection29] INFO  impl.RoleInfo (RoleInfo.java:shutdownLeaderElection(130)) - 2a4ddaa6-1a2b-4173-87e0-55a87acfd4f7: shutdown 2a4ddaa6-1a2b-4173-87e0-55a87acfd4f7@group-15D5946BC3B4-LeaderElection29
2023-09-19 02:07:32,125 [2a4ddaa6-1a2b-4173-87e0-55a87acfd4f7@group-15D5946BC3B4-LeaderElection29] INFO  server.RaftServer$Division (RaftServerImpl.java:setRole(329)) - 2a4ddaa6-1a2b-4173-87e0-55a87acfd4f7@group-15D5946BC3B4: changes role from CANDIDATE to LEADER at term 1 for changeToLeader
2023-09-19 02:07:32,125 [2a4ddaa6-1a2b-4173-87e0-55a87acfd4f7@group-15D5946BC3B4-LeaderElection29] INFO  ratis.XceiverServerRatis (XceiverServerRatis.java:handleLeaderChangedNotification(902)) - Leader change notification received for group: group-15D5946BC3B4 with new leaderId: 2a4ddaa6-1a2b-4173-87e0-55a87acfd4f7
2023-09-19 02:07:32,125 [2a4ddaa6-1a2b-4173-87e0-55a87acfd4f7@group-15D5946BC3B4-LeaderElection29] INFO  server.RaftServer$Division (ServerState.java:setLeader(317)) - 2a4ddaa6-1a2b-4173-87e0-55a87acfd4f7@group-15D5946BC3B4: change Leader from null to 2a4ddaa6-1a2b-4173-87e0-55a87acfd4f7 at term 1 for becomeLeader, leader elected after 5154ms
2023-09-19 02:07:32,125 [2a4ddaa6-1a2b-4173-87e0-55a87acfd4f7@group-15D5946BC3B4-LeaderElection29] INFO  server.RaftServerConfigKeys (ConfUtils.java:logGet(46)) - raft.server.staging.catchup.gap = 1000 (default)
2023-09-19 02:07:32,126 [2a4ddaa6-1a2b-4173-87e0-55a87acfd4f7@group-15D5946BC3B4-LeaderElection29] INFO  server.RaftServerConfigKeys (ConfUtils.java:logGet(46)) - raft.server.write.element-limit = 1024 (custom)
2023-09-19 02:07:32,126 [2a4ddaa6-1a2b-4173-87e0-55a87acfd4f7@group-15D5946BC3B4-LeaderElection29] INFO  server.RaftServerConfigKeys (ConfUtils.java:logGet(46)) - raft.server.write.byte-limit = 1024 M (=1073741824) (custom)
2023-09-19 02:07:32,126 [2a4ddaa6-1a2b-4173-87e0-55a87acfd4f7@group-15D5946BC3B4-LeaderElection29] INFO  server.RaftServerConfigKeys (ConfUtils.java:logGet(46)) - raft.server.watch.timeout = 180s (custom)
2023-09-19 02:07:32,126 [2a4ddaa6-1a2b-4173-87e0-55a87acfd4f7@group-15D5946BC3B4-LeaderElection29] INFO  server.RaftServerConfigKeys (ConfUtils.java:logGet(46)) - raft.server.watch.timeout.denomination = 1s (default)
2023-09-19 02:07:32,126 [2a4ddaa6-1a2b-4173-87e0-55a87acfd4f7@group-15D5946BC3B4-LeaderElection29] INFO  server.RaftServerConfigKeys (ConfUtils.java:logGet(46)) - raft.server.watch.element-limit = 65536 (default)
2023-09-19 02:07:32,126 [2a4ddaa6-1a2b-4173-87e0-55a87acfd4f7@group-15D5946BC3B4-LeaderElection29] INFO  server.RaftServerConfigKeys (ConfUtils.java:logGet(46)) - raft.server.write.element-limit = 1024 (custom)
2023-09-19 02:07:32,128 [2a4ddaa6-1a2b-4173-87e0-55a87acfd4f7@group-15D5946BC3B4-LeaderElection29] INFO  server.RaftServerConfigKeys (ConfUtils.java:logGet(46)) - raft.server.write.follower.gap.ratio.max = -1.0 (default)
2023-09-19 02:07:32,128 [2a4ddaa6-1a2b-4173-87e0-55a87acfd4f7@group-15D5946BC3B4-LeaderElection29] INFO  impl.RoleInfo (RoleInfo.java:updateAndGet(139)) - 2a4ddaa6-1a2b-4173-87e0-55a87acfd4f7: start 2a4ddaa6-1a2b-4173-87e0-55a87acfd4f7@group-15D5946BC3B4-LeaderStateImpl
2023-09-19 02:07:32,128 [2a4ddaa6-1a2b-4173-87e0-55a87acfd4f7@group-15D5946BC3B4-LeaderElection29] INFO  segmented.SegmentedRaftLogWorker (SegmentedRaftLogWorker.java:startLogSegment(447)) - 2a4ddaa6-1a2b-4173-87e0-55a87acfd4f7@group-15D5946BC3B4-SegmentedRaftLogWorker: Starting segment from index:0
2023-09-19 02:07:32,126 [2a4ddaa6-1a2b-4173-87e0-55a87acfd4f7@group-AD064DD7FE69-LeaderElection28] INFO  server.RaftServerConfigKeys (ConfUtils.java:logGet(46)) - raft.server.log.appender.wait-time.min = 10ms (default)
2023-09-19 02:07:32,129 [2a4ddaa6-1a2b-4173-87e0-55a87acfd4f7@group-AD064DD7FE69-LeaderElection28] INFO  grpc.GrpcConfigKeys (ConfUtils.java:logGet(46)) - raft.grpc.server.leader.outstanding.appends.max = 128 (default)
2023-09-19 02:07:32,129 [2a4ddaa6-1a2b-4173-87e0-55a87acfd4f7@group-AD064DD7FE69-LeaderElection28] INFO  server.RaftServerConfigKeys (ConfUtils.java:logGet(46)) - raft.server.rpc.request.timeout = 60s (custom)
2023-09-19 02:07:32,129 [2a4ddaa6-1a2b-4173-87e0-55a87acfd4f7@group-AD064DD7FE69-LeaderElection28] INFO  grpc.GrpcConfigKeys (ConfUtils.java:logGet(46)) - raft.grpc.server.install_snapshot.request.element-limit = 8 (default)
2023-09-19 02:07:32,129 [2a4ddaa6-1a2b-4173-87e0-55a87acfd4f7@group-AD064DD7FE69-LeaderElection28] INFO  grpc.GrpcConfigKeys (ConfUtils.java:logGet(46)) - raft.grpc.server.install_snapshot.request.timeout = 3000ms (default)
2023-09-19 02:07:32,129 [2a4ddaa6-1a2b-4173-87e0-55a87acfd4f7@group-AD064DD7FE69-LeaderElection28] INFO  server.RaftServerConfigKeys (ConfUtils.java:logGet(46)) - raft.server.log.appender.install.snapshot.enabled = false (custom)
2023-09-19 02:07:32,129 [2a4ddaa6-1a2b-4173-87e0-55a87acfd4f7@group-AD064DD7FE69-LeaderElection28] INFO  grpc.GrpcConfigKeys (ConfUtils.java:logGet(46)) - raft.grpc.server.heartbeat.channel = true (default)
2023-09-19 02:07:32,129 [2a4ddaa6-1a2b-4173-87e0-55a87acfd4f7@group-AD064DD7FE69-LeaderElection28] INFO  impl.RoleInfo (RoleInfo.java:updateAndGet(139)) - 2a4ddaa6-1a2b-4173-87e0-55a87acfd4f7: start 2a4ddaa6-1a2b-4173-87e0-55a87acfd4f7@group-AD064DD7FE69-LeaderStateImpl
2023-09-19 02:07:32,129 [2a4ddaa6-1a2b-4173-87e0-55a87acfd4f7@group-AD064DD7FE69-LeaderElection28] INFO  segmented.SegmentedRaftLogWorker (SegmentedRaftLogWorker.java:startLogSegment(447)) - 2a4ddaa6-1a2b-4173-87e0-55a87acfd4f7@group-AD064DD7FE69-SegmentedRaftLogWorker: Starting segment from index:0
2023-09-19 02:07:32,130 [grpc-default-executor-1] INFO  server.RaftServer$Division (RaftServerImpl.java:requestVote(1335)) - cb888b2f-aa43-4b14-8a4b-2497c9c1feb0@group-AD064DD7FE69 replies to ELECTION vote request: 2a4ddaa6-1a2b-4173-87e0-55a87acfd4f7<-cb888b2f-aa43-4b14-8a4b-2497c9c1feb0#0:OK-t1. Peer's state: cb888b2f-aa43-4b14-8a4b-2497c9c1feb0@group-AD064DD7FE69:t1, leader=null, voted=2a4ddaa6-1a2b-4173-87e0-55a87acfd4f7, raftlog=Memoized:cb888b2f-aa43-4b14-8a4b-2497c9c1feb0@group-AD064DD7FE69-SegmentedRaftLog:OPENED:c-1, conf=-1: peers:[765749c7-07d3-4ecd-8c14-ec59685a04c1|rpc:10.1.0.29:15191|admin:10.1.0.29:15190|client:10.1.0.29:15189|dataStream:10.1.0.29:15192|priority:0|startupRole:FOLLOWER, 2a4ddaa6-1a2b-4173-87e0-55a87acfd4f7|rpc:10.1.0.29:15173|admin:10.1.0.29:15172|client:10.1.0.29:15171|dataStream:10.1.0.29:15174|priority:1|startupRole:FOLLOWER, cb888b2f-aa43-4b14-8a4b-2497c9c1feb0|rpc:10.1.0.29:15182|admin:10.1.0.29:15181|client:10.1.0.29:15180|dataStream:10.1.0.29:15183|priority:0|startupRole:FOLLOWER]|listeners:[], old=null
2023-09-19 02:07:32,130 [2a4ddaa6-1a2b-4173-87e0-55a87acfd4f7@group-15D5946BC3B4-SegmentedRaftLogWorker] INFO  segmented.SegmentedRaftLogWorker (SegmentedRaftLogWorker.java:execute(651)) - 2a4ddaa6-1a2b-4173-87e0-55a87acfd4f7@group-15D5946BC3B4-SegmentedRaftLogWorker: created new log segment /home/runner/work/ozone/ozone/hadoop-ozone/integration-test/target/test-dir/MiniOzoneClusterImpl-42a12def-4a0d-4036-8984-dc8d5bb9e99a/datanode-0/data/ratis/c11389d8-9bb1-4f5c-b9e8-15d5946bc3b4/current/log_inprogress_0
2023-09-19 02:07:32,131 [2a4ddaa6-1a2b-4173-87e0-55a87acfd4f7@group-AD064DD7FE69-SegmentedRaftLogWorker] INFO  segmented.SegmentedRaftLogWorker (SegmentedRaftLogWorker.java:execute(651)) - 2a4ddaa6-1a2b-4173-87e0-55a87acfd4f7@group-AD064DD7FE69-SegmentedRaftLogWorker: created new log segment /home/runner/work/ozone/ozone/hadoop-ozone/integration-test/target/test-dir/MiniOzoneClusterImpl-42a12def-4a0d-4036-8984-dc8d5bb9e99a/datanode-0/data/ratis/e40f93a8-b250-4f2c-b173-ad064dd7fe69/current/log_inprogress_0
2023-09-19 02:07:32,136 [2a4ddaa6-1a2b-4173-87e0-55a87acfd4f7@group-15D5946BC3B4-LeaderElection29] INFO  server.RaftServer$Division (ServerState.java:setRaftConf(434)) - 2a4ddaa6-1a2b-4173-87e0-55a87acfd4f7@group-15D5946BC3B4: set configuration 0: peers:[2a4ddaa6-1a2b-4173-87e0-55a87acfd4f7|rpc:10.1.0.29:15173|admin:10.1.0.29:15172|client:10.1.0.29:15171|dataStream:10.1.0.29:15174|priority:1|startupRole:FOLLOWER]|listeners:[], old=null
2023-09-19 02:07:32,136 [2a4ddaa6-1a2b-4173-87e0-55a87acfd4f7@group-AD064DD7FE69-LeaderElection28] INFO  server.RaftServer$Division (ServerState.java:setRaftConf(434)) - 2a4ddaa6-1a2b-4173-87e0-55a87acfd4f7@group-AD064DD7FE69: set configuration 0: peers:[765749c7-07d3-4ecd-8c14-ec59685a04c1|rpc:10.1.0.29:15191|admin:10.1.0.29:15190|client:10.1.0.29:15189|dataStream:10.1.0.29:15192|priority:0|startupRole:FOLLOWER, 2a4ddaa6-1a2b-4173-87e0-55a87acfd4f7|rpc:10.1.0.29:15173|admin:10.1.0.29:15172|client:10.1.0.29:15171|dataStream:10.1.0.29:15174|priority:1|startupRole:FOLLOWER, cb888b2f-aa43-4b14-8a4b-2497c9c1feb0|rpc:10.1.0.29:15182|admin:10.1.0.29:15181|client:10.1.0.29:15180|dataStream:10.1.0.29:15183|priority:0|startupRole:FOLLOWER]|listeners:[], old=null
2023-09-19 02:07:32,145 [2a4ddaa6-1a2b-4173-87e0-55a87acfd4f7@group-331BC0EF53B0-FollowerState] INFO  impl.FollowerState (FollowerState.java:run(143)) - 2a4ddaa6-1a2b-4173-87e0-55a87acfd4f7@group-331BC0EF53B0-FollowerState: change to CANDIDATE, lastRpcElapsedTime:5037093968ns, electionTimeout:5033ms
2023-09-19 02:07:32,145 [2a4ddaa6-1a2b-4173-87e0-55a87acfd4f7@group-331BC0EF53B0-FollowerState] INFO  impl.RoleInfo (RoleInfo.java:shutdownFollowerState(110)) - 2a4ddaa6-1a2b-4173-87e0-55a87acfd4f7: shutdown 2a4ddaa6-1a2b-4173-87e0-55a87acfd4f7@group-331BC0EF53B0-FollowerState
2023-09-19 02:07:32,145 [2a4ddaa6-1a2b-4173-87e0-55a87acfd4f7@group-331BC0EF53B0-FollowerState] INFO  server.RaftServer$Division (RaftServerImpl.java:setRole(329)) - 2a4ddaa6-1a2b-4173-87e0-55a87acfd4f7@group-331BC0EF53B0: changes role from  FOLLOWER to CANDIDATE at term 0 for changeToCandidate
2023-09-19 02:07:32,145 [2a4ddaa6-1a2b-4173-87e0-55a87acfd4f7@group-331BC0EF53B0-FollowerState] INFO  server.RaftServerConfigKeys (ConfUtils.java:logGet(46)) - raft.server.leaderelection.pre-vote = true (default)
2023-09-19 02:07:32,145 [2a4ddaa6-1a2b-4173-87e0-55a87acfd4f7@group-331BC0EF53B0-FollowerState] INFO  impl.RoleInfo (RoleInfo.java:updateAndGet(139)) - 2a4ddaa6-1a2b-4173-87e0-55a87acfd4f7: start 2a4ddaa6-1a2b-4173-87e0-55a87acfd4f7@group-331BC0EF53B0-LeaderElection30
2023-09-19 02:07:32,151 [765749c7-07d3-4ecd-8c14-ec59685a04c1-server-thread2] INFO  ratis.XceiverServerRatis (XceiverServerRatis.java:handleLeaderChangedNotification(902)) - Leader change notification received for group: group-AD064DD7FE69 with new leaderId: 2a4ddaa6-1a2b-4173-87e0-55a87acfd4f7
2023-09-19 02:07:32,151 [765749c7-07d3-4ecd-8c14-ec59685a04c1-server-thread2] INFO  server.RaftServer$Division (ServerState.java:setLeader(317)) - 765749c7-07d3-4ecd-8c14-ec59685a04c1@group-AD064DD7FE69: change Leader from null to 2a4ddaa6-1a2b-4173-87e0-55a87acfd4f7 at term 1 for appendEntries, leader elected after 5092ms
2023-09-19 02:07:32,151 [2a4ddaa6-1a2b-4173-87e0-55a87acfd4f7@group-331BC0EF53B0-LeaderElection30] INFO  impl.LeaderElection (LeaderElection.java:askForVotes(321)) - 2a4ddaa6-1a2b-4173-87e0-55a87acfd4f7@group-331BC0EF53B0-LeaderElection30 PRE_VOTE round 0: submit vote requests at term 0 for -1: peers:[765749c7-07d3-4ecd-8c14-ec59685a04c1|rpc:10.1.0.29:15191|admin:10.1.0.29:15190|client:10.1.0.29:15189|dataStream:10.1.0.29:15192|priority:1|startupRole:FOLLOWER, 2a4ddaa6-1a2b-4173-87e0-55a87acfd4f7|rpc:10.1.0.29:15173|admin:10.1.0.29:15172|client:10.1.0.29:15171|dataStream:10.1.0.29:15174|priority:0|startupRole:FOLLOWER, cb888b2f-aa43-4b14-8a4b-2497c9c1feb0|rpc:10.1.0.29:15182|admin:10.1.0.29:15181|client:10.1.0.29:15180|dataStream:10.1.0.29:15183|priority:0|startupRole:FOLLOWER]|listeners:[], old=null
2023-09-19 02:07:32,152 [cb888b2f-aa43-4b14-8a4b-2497c9c1feb0-server-thread2] INFO  ratis.XceiverServerRatis (XceiverServerRatis.java:handleLeaderChangedNotification(902)) - Leader change notification received for group: group-AD064DD7FE69 with new leaderId: 2a4ddaa6-1a2b-4173-87e0-55a87acfd4f7
2023-09-19 02:07:32,152 [cb888b2f-aa43-4b14-8a4b-2497c9c1feb0-server-thread2] INFO  server.RaftServer$Division (ServerState.java:setLeader(317)) - cb888b2f-aa43-4b14-8a4b-2497c9c1feb0@group-AD064DD7FE69: change Leader from null to 2a4ddaa6-1a2b-4173-87e0-55a87acfd4f7 at term 1 for appendEntries, leader elected after 5126ms
2023-09-19 02:07:32,152 [2a4ddaa6-1a2b-4173-87e0-55a87acfd4f7@group-331BC0EF53B0-LeaderElection30] INFO  server.RaftServerConfigKeys (ConfUtils.java:logFallback(53)) - raft.server.rpc.first-election.timeout.min = 5s (fallback to raft.server.rpc.timeout.min)
2023-09-19 02:07:32,152 [2a4ddaa6-1a2b-4173-87e0-55a87acfd4f7@group-331BC0EF53B0-LeaderElection30] INFO  server.RaftServerConfigKeys (ConfUtils.java:logFallback(53)) - raft.server.rpc.first-election.timeout.max = 5200ms (fallback to raft.server.rpc.timeout.max)
2023-09-19 02:07:32,155 [765749c7-07d3-4ecd-8c14-ec59685a04c1-server-thread2] INFO  server.RaftServer$Division (ServerState.java:setRaftConf(434)) - 765749c7-07d3-4ecd-8c14-ec59685a04c1@group-AD064DD7FE69: set configuration 0: peers:[765749c7-07d3-4ecd-8c14-ec59685a04c1|rpc:10.1.0.29:15191|admin:10.1.0.29:15190|client:10.1.0.29:15189|dataStream:10.1.0.29:15192|priority:0|startupRole:FOLLOWER, 2a4ddaa6-1a2b-4173-87e0-55a87acfd4f7|rpc:10.1.0.29:15173|admin:10.1.0.29:15172|client:10.1.0.29:15171|dataStream:10.1.0.29:15174|priority:1|startupRole:FOLLOWER, cb888b2f-aa43-4b14-8a4b-2497c9c1feb0|rpc:10.1.0.29:15182|admin:10.1.0.29:15181|client:10.1.0.29:15180|dataStream:10.1.0.29:15183|priority:0|startupRole:FOLLOWER]|listeners:[], old=null
2023-09-19 02:07:32,155 [765749c7-07d3-4ecd-8c14-ec59685a04c1-server-thread2] INFO  segmented.SegmentedRaftLogWorker (SegmentedRaftLogWorker.java:startLogSegment(447)) - 765749c7-07d3-4ecd-8c14-ec59685a04c1@group-AD064DD7FE69-SegmentedRaftLogWorker: Starting segment from index:0
2023-09-19 02:07:32,156 [cb888b2f-aa43-4b14-8a4b-2497c9c1feb0-server-thread1] INFO  server.RaftServer$Division (ServerState.java:setRaftConf(434)) - cb888b2f-aa43-4b14-8a4b-2497c9c1feb0@group-AD064DD7FE69: set configuration 0: peers:[765749c7-07d3-4ecd-8c14-ec59685a04c1|rpc:10.1.0.29:15191|admin:10.1.0.29:15190|client:10.1.0.29:15189|dataStream:10.1.0.29:15192|priority:0|startupRole:FOLLOWER, 2a4ddaa6-1a2b-4173-87e0-55a87acfd4f7|rpc:10.1.0.29:15173|admin:10.1.0.29:15172|client:10.1.0.29:15171|dataStream:10.1.0.29:15174|priority:1|startupRole:FOLLOWER, cb888b2f-aa43-4b14-8a4b-2497c9c1feb0|rpc:10.1.0.29:15182|admin:10.1.0.29:15181|client:10.1.0.29:15180|dataStream:10.1.0.29:15183|priority:0|startupRole:FOLLOWER]|listeners:[], old=null
2023-09-19 02:07:32,157 [765749c7-07d3-4ecd-8c14-ec59685a04c1@group-AD064DD7FE69-SegmentedRaftLogWorker] INFO  segmented.SegmentedRaftLogWorker (SegmentedRaftLogWorker.java:execute(651)) - 765749c7-07d3-4ecd-8c14-ec59685a04c1@group-AD064DD7FE69-SegmentedRaftLogWorker: created new log segment /home/runner/work/ozone/ozone/hadoop-ozone/integration-test/target/test-dir/MiniOzoneClusterImpl-42a12def-4a0d-4036-8984-dc8d5bb9e99a/datanode-2/data/ratis/e40f93a8-b250-4f2c-b173-ad064dd7fe69/current/log_inprogress_0
2023-09-19 02:07:32,158 [grpc-default-executor-0] INFO  server.RaftServer$Division (RaftServerImpl.java:requestVote(1302)) - 765749c7-07d3-4ecd-8c14-ec59685a04c1@group-331BC0EF53B0: receive requestVote(PRE_VOTE, 2a4ddaa6-1a2b-4173-87e0-55a87acfd4f7, group-331BC0EF53B0, 0, (t:0, i:0))
2023-09-19 02:07:32,159 [grpc-default-executor-0] INFO  impl.VoteContext (VoteContext.java:log(49)) - 765749c7-07d3-4ecd-8c14-ec59685a04c1@group-331BC0EF53B0-FOLLOWER: reject PRE_VOTE from 2a4ddaa6-1a2b-4173-87e0-55a87acfd4f7: our priority 1 > candidate's priority 0
2023-09-19 02:07:32,159 [grpc-default-executor-0] INFO  server.RaftServer$Division (RaftServerImpl.java:requestVote(1335)) - 765749c7-07d3-4ecd-8c14-ec59685a04c1@group-331BC0EF53B0 replies to PRE_VOTE vote request: 2a4ddaa6-1a2b-4173-87e0-55a87acfd4f7<-765749c7-07d3-4ecd-8c14-ec59685a04c1#0:FAIL-t0. Peer's state: 765749c7-07d3-4ecd-8c14-ec59685a04c1@group-331BC0EF53B0:t0, leader=null, voted=, raftlog=Memoized:765749c7-07d3-4ecd-8c14-ec59685a04c1@group-331BC0EF53B0-SegmentedRaftLog:OPENED:c-1, conf=-1: peers:[765749c7-07d3-4ecd-8c14-ec59685a04c1|rpc:10.1.0.29:15191|admin:10.1.0.29:15190|client:10.1.0.29:15189|dataStream:10.1.0.29:15192|priority:1|startupRole:FOLLOWER, 2a4ddaa6-1a2b-4173-87e0-55a87acfd4f7|rpc:10.1.0.29:15173|admin:10.1.0.29:15172|client:10.1.0.29:15171|dataStream:10.1.0.29:15174|priority:0|startupRole:FOLLOWER, cb888b2f-aa43-4b14-8a4b-2497c9c1feb0|rpc:10.1.0.29:15182|admin:10.1.0.29:15181|client:10.1.0.29:15180|dataStream:10.1.0.29:15183|priority:0|startupRole:FOLLOWER]|listeners:[], old=null
2023-09-19 02:07:32,160 [grpc-default-executor-0] INFO  server.RaftServer$Division (RaftServerImpl.java:requestVote(1302)) - cb888b2f-aa43-4b14-8a4b-2497c9c1feb0@group-331BC0EF53B0: receive requestVote(PRE_VOTE, 2a4ddaa6-1a2b-4173-87e0-55a87acfd4f7, group-331BC0EF53B0, 0, (t:0, i:0))
2023-09-19 02:07:32,160 [grpc-default-executor-0] INFO  impl.VoteContext (VoteContext.java:log(49)) - cb888b2f-aa43-4b14-8a4b-2497c9c1feb0@group-331BC0EF53B0-FOLLOWER: accept PRE_VOTE from 2a4ddaa6-1a2b-4173-87e0-55a87acfd4f7: our priority 0 <= candidate's priority 0
2023-09-19 02:07:32,160 [grpc-default-executor-0] INFO  server.RaftServer$Division (RaftServerImpl.java:requestVote(1335)) - cb888b2f-aa43-4b14-8a4b-2497c9c1feb0@group-331BC0EF53B0 replies to PRE_VOTE vote request: 2a4ddaa6-1a2b-4173-87e0-55a87acfd4f7<-cb888b2f-aa43-4b14-8a4b-2497c9c1feb0#0:OK-t0. Peer's state: cb888b2f-aa43-4b14-8a4b-2497c9c1feb0@group-331BC0EF53B0:t0, leader=null, voted=, raftlog=Memoized:cb888b2f-aa43-4b14-8a4b-2497c9c1feb0@group-331BC0EF53B0-SegmentedRaftLog:OPENED:c-1, conf=-1: peers:[765749c7-07d3-4ecd-8c14-ec59685a04c1|rpc:10.1.0.29:15191|admin:10.1.0.29:15190|client:10.1.0.29:15189|dataStream:10.1.0.29:15192|priority:1|startupRole:FOLLOWER, 2a4ddaa6-1a2b-4173-87e0-55a87acfd4f7|rpc:10.1.0.29:15173|admin:10.1.0.29:15172|client:10.1.0.29:15171|dataStream:10.1.0.29:15174|priority:0|startupRole:FOLLOWER, cb888b2f-aa43-4b14-8a4b-2497c9c1feb0|rpc:10.1.0.29:15182|admin:10.1.0.29:15181|client:10.1.0.29:15180|dataStream:10.1.0.29:15183|priority:0|startupRole:FOLLOWER]|listeners:[], old=null
2023-09-19 02:07:32,160 [2a4ddaa6-1a2b-4173-87e0-55a87acfd4f7@group-331BC0EF53B0-LeaderElection30] INFO  impl.LeaderElection (LeaderElection.java:logAndReturn(90)) - 2a4ddaa6-1a2b-4173-87e0-55a87acfd4f7@group-331BC0EF53B0-LeaderElection30: PRE_VOTE REJECTED received 1 response(s) and 0 exception(s):
2023-09-19 02:07:32,161 [2a4ddaa6-1a2b-4173-87e0-55a87acfd4f7@group-331BC0EF53B0-LeaderElection30] INFO  impl.LeaderElection (LeaderElection.java:logAndReturn(94)) -   Response 0: 2a4ddaa6-1a2b-4173-87e0-55a87acfd4f7<-765749c7-07d3-4ecd-8c14-ec59685a04c1#0:FAIL-t0
2023-09-19 02:07:32,161 [2a4ddaa6-1a2b-4173-87e0-55a87acfd4f7@group-331BC0EF53B0-LeaderElection30] INFO  impl.LeaderElection (LeaderElection.java:askForVotes(323)) - 2a4ddaa6-1a2b-4173-87e0-55a87acfd4f7@group-331BC0EF53B0-LeaderElection30 PRE_VOTE round 0: result REJECTED
2023-09-19 02:07:32,161 [2a4ddaa6-1a2b-4173-87e0-55a87acfd4f7@group-331BC0EF53B0-LeaderElection30] INFO  server.RaftServer$Division (RaftServerImpl.java:setRole(329)) - 2a4ddaa6-1a2b-4173-87e0-55a87acfd4f7@group-331BC0EF53B0: changes role from CANDIDATE to FOLLOWER at term 0 for REJECTED
2023-09-19 02:07:32,161 [2a4ddaa6-1a2b-4173-87e0-55a87acfd4f7@group-331BC0EF53B0-LeaderElection30] INFO  impl.RoleInfo (RoleInfo.java:shutdownLeaderElection(130)) - 2a4ddaa6-1a2b-4173-87e0-55a87acfd4f7: shutdown 2a4ddaa6-1a2b-4173-87e0-55a87acfd4f7@group-331BC0EF53B0-LeaderElection30
2023-09-19 02:07:32,161 [2a4ddaa6-1a2b-4173-87e0-55a87acfd4f7@group-331BC0EF53B0-LeaderElection30] INFO  impl.RoleInfo (RoleInfo.java:updateAndGet(139)) - 2a4ddaa6-1a2b-4173-87e0-55a87acfd4f7: start 2a4ddaa6-1a2b-4173-87e0-55a87acfd4f7@group-331BC0EF53B0-FollowerState
2023-09-19 02:07:32,161 [cb888b2f-aa43-4b14-8a4b-2497c9c1feb0-server-thread1] INFO  segmented.SegmentedRaftLogWorker (SegmentedRaftLogWorker.java:startLogSegment(447)) - cb888b2f-aa43-4b14-8a4b-2497c9c1feb0@group-AD064DD7FE69-SegmentedRaftLogWorker: Starting segment from index:0
2023-09-19 02:07:32,164 [cb888b2f-aa43-4b14-8a4b-2497c9c1feb0@group-AD064DD7FE69-SegmentedRaftLogWorker] INFO  segmented.SegmentedRaftLogWorker (SegmentedRaftLogWorker.java:execute(651)) - cb888b2f-aa43-4b14-8a4b-2497c9c1feb0@group-AD064DD7FE69-SegmentedRaftLogWorker: created new log segment /home/runner/work/ozone/ozone/hadoop-ozone/integration-test/target/test-dir/MiniOzoneClusterImpl-42a12def-4a0d-4036-8984-dc8d5bb9e99a/datanode-1/data/ratis/e40f93a8-b250-4f2c-b173-ad064dd7fe69/current/log_inprogress_0
2023-09-19 02:07:32,206 [765749c7-07d3-4ecd-8c14-ec59685a04c1@group-331BC0EF53B0-FollowerState] INFO  impl.FollowerState (FollowerState.java:run(143)) - 765749c7-07d3-4ecd-8c14-ec59685a04c1@group-331BC0EF53B0-FollowerState: change to CANDIDATE, lastRpcElapsedTime:5070471680ns, electionTimeout:5068ms
2023-09-19 02:07:32,207 [765749c7-07d3-4ecd-8c14-ec59685a04c1@group-331BC0EF53B0-FollowerState] INFO  impl.RoleInfo (RoleInfo.java:shutdownFollowerState(110)) - 765749c7-07d3-4ecd-8c14-ec59685a04c1: shutdown 765749c7-07d3-4ecd-8c14-ec59685a04c1@group-331BC0EF53B0-FollowerState
2023-09-19 02:07:32,207 [765749c7-07d3-4ecd-8c14-ec59685a04c1@group-331BC0EF53B0-FollowerState] INFO  server.RaftServer$Division (RaftServerImpl.java:setRole(329)) - 765749c7-07d3-4ecd-8c14-ec59685a04c1@group-331BC0EF53B0: changes role from  FOLLOWER to CANDIDATE at term 0 for changeToCandidate
2023-09-19 02:07:32,207 [765749c7-07d3-4ecd-8c14-ec59685a04c1@group-331BC0EF53B0-FollowerState] INFO  server.RaftServerConfigKeys (ConfUtils.java:logGet(46)) - raft.server.leaderelection.pre-vote = true (default)
2023-09-19 02:07:32,207 [765749c7-07d3-4ecd-8c14-ec59685a04c1@group-331BC0EF53B0-FollowerState] INFO  impl.RoleInfo (RoleInfo.java:updateAndGet(139)) - 765749c7-07d3-4ecd-8c14-ec59685a04c1: start 765749c7-07d3-4ecd-8c14-ec59685a04c1@group-331BC0EF53B0-LeaderElection31
2023-09-19 02:07:32,208 [765749c7-07d3-4ecd-8c14-ec59685a04c1@group-331BC0EF53B0-LeaderElection31] INFO  impl.LeaderElection (LeaderElection.java:askForVotes(321)) - 765749c7-07d3-4ecd-8c14-ec59685a04c1@group-331BC0EF53B0-LeaderElection31 PRE_VOTE round 0: submit vote requests at term 0 for -1: peers:[765749c7-07d3-4ecd-8c14-ec59685a04c1|rpc:10.1.0.29:15191|admin:10.1.0.29:15190|client:10.1.0.29:15189|dataStream:10.1.0.29:15192|priority:1|startupRole:FOLLOWER, 2a4ddaa6-1a2b-4173-87e0-55a87acfd4f7|rpc:10.1.0.29:15173|admin:10.1.0.29:15172|client:10.1.0.29:15171|dataStream:10.1.0.29:15174|priority:0|startupRole:FOLLOWER, cb888b2f-aa43-4b14-8a4b-2497c9c1feb0|rpc:10.1.0.29:15182|admin:10.1.0.29:15181|client:10.1.0.29:15180|dataStream:10.1.0.29:15183|priority:0|startupRole:FOLLOWER]|listeners:[], old=null
2023-09-19 02:07:32,209 [765749c7-07d3-4ecd-8c14-ec59685a04c1@group-331BC0EF53B0-LeaderElection31] INFO  server.RaftServerConfigKeys (ConfUtils.java:logFallback(53)) - raft.server.rpc.first-election.timeout.min = 5s (fallback to raft.server.rpc.timeout.min)
2023-09-19 02:07:32,209 [765749c7-07d3-4ecd-8c14-ec59685a04c1@group-331BC0EF53B0-LeaderElection31-1] INFO  server.GrpcServerProtocolClient (GrpcServerProtocolClient.java:<init>(65)) - Build channel for 2a4ddaa6-1a2b-4173-87e0-55a87acfd4f7
2023-09-19 02:07:32,209 [765749c7-07d3-4ecd-8c14-ec59685a04c1@group-331BC0EF53B0-LeaderElection31] INFO  server.RaftServerConfigKeys (ConfUtils.java:logFallback(53)) - raft.server.rpc.first-election.timeout.max = 5200ms (fallback to raft.server.rpc.timeout.max)
2023-09-19 02:07:32,209 [765749c7-07d3-4ecd-8c14-ec59685a04c1@group-331BC0EF53B0-LeaderElection31-2] INFO  server.GrpcServerProtocolClient (GrpcServerProtocolClient.java:<init>(65)) - Build channel for cb888b2f-aa43-4b14-8a4b-2497c9c1feb0
2023-09-19 02:07:32,221 [grpc-default-executor-2] INFO  server.RaftServer$Division (RaftServerImpl.java:requestVote(1302)) - cb888b2f-aa43-4b14-8a4b-2497c9c1feb0@group-331BC0EF53B0: receive requestVote(PRE_VOTE, 765749c7-07d3-4ecd-8c14-ec59685a04c1, group-331BC0EF53B0, 0, (t:0, i:0))
2023-09-19 02:07:32,224 [grpc-default-executor-2] INFO  impl.VoteContext (VoteContext.java:log(49)) - cb888b2f-aa43-4b14-8a4b-2497c9c1feb0@group-331BC0EF53B0-FOLLOWER: accept PRE_VOTE from 765749c7-07d3-4ecd-8c14-ec59685a04c1: our priority 0 <= candidate's priority 1
2023-09-19 02:07:32,224 [grpc-default-executor-2] INFO  server.RaftServer$Division (RaftServerImpl.java:requestVote(1335)) - cb888b2f-aa43-4b14-8a4b-2497c9c1feb0@group-331BC0EF53B0 replies to PRE_VOTE vote request: 765749c7-07d3-4ecd-8c14-ec59685a04c1<-cb888b2f-aa43-4b14-8a4b-2497c9c1feb0#0:OK-t0. Peer's state: cb888b2f-aa43-4b14-8a4b-2497c9c1feb0@group-331BC0EF53B0:t0, leader=null, voted=, raftlog=Memoized:cb888b2f-aa43-4b14-8a4b-2497c9c1feb0@group-331BC0EF53B0-SegmentedRaftLog:OPENED:c-1, conf=-1: peers:[765749c7-07d3-4ecd-8c14-ec59685a04c1|rpc:10.1.0.29:15191|admin:10.1.0.29:15190|client:10.1.0.29:15189|dataStream:10.1.0.29:15192|priority:1|startupRole:FOLLOWER, 2a4ddaa6-1a2b-4173-87e0-55a87acfd4f7|rpc:10.1.0.29:15173|admin:10.1.0.29:15172|client:10.1.0.29:15171|dataStream:10.1.0.29:15174|priority:0|startupRole:FOLLOWER, cb888b2f-aa43-4b14-8a4b-2497c9c1feb0|rpc:10.1.0.29:15182|admin:10.1.0.29:15181|client:10.1.0.29:15180|dataStream:10.1.0.29:15183|priority:0|startupRole:FOLLOWER]|listeners:[], old=null
2023-09-19 02:07:32,226 [grpc-default-executor-3] INFO  server.RaftServer$Division (RaftServerImpl.java:requestVote(1302)) - 2a4ddaa6-1a2b-4173-87e0-55a87acfd4f7@group-331BC0EF53B0: receive requestVote(PRE_VOTE, 765749c7-07d3-4ecd-8c14-ec59685a04c1, group-331BC0EF53B0, 0, (t:0, i:0))
2023-09-19 02:07:32,226 [grpc-default-executor-3] INFO  impl.VoteContext (VoteContext.java:log(49)) - 2a4ddaa6-1a2b-4173-87e0-55a87acfd4f7@group-331BC0EF53B0-FOLLOWER: accept PRE_VOTE from 765749c7-07d3-4ecd-8c14-ec59685a04c1: our priority 0 <= candidate's priority 1
2023-09-19 02:07:32,226 [grpc-default-executor-3] INFO  server.RaftServer$Division (RaftServerImpl.java:requestVote(1335)) - 2a4ddaa6-1a2b-4173-87e0-55a87acfd4f7@group-331BC0EF53B0 replies to PRE_VOTE vote request: 765749c7-07d3-4ecd-8c14-ec59685a04c1<-2a4ddaa6-1a2b-4173-87e0-55a87acfd4f7#0:OK-t0. Peer's state: 2a4ddaa6-1a2b-4173-87e0-55a87acfd4f7@group-331BC0EF53B0:t0, leader=null, voted=, raftlog=Memoized:2a4ddaa6-1a2b-4173-87e0-55a87acfd4f7@group-331BC0EF53B0-SegmentedRaftLog:OPENED:c-1, conf=-1: peers:[765749c7-07d3-4ecd-8c14-ec59685a04c1|rpc:10.1.0.29:15191|admin:10.1.0.29:15190|client:10.1.0.29:15189|dataStream:10.1.0.29:15192|priority:1|startupRole:FOLLOWER, 2a4ddaa6-1a2b-4173-87e0-55a87acfd4f7|rpc:10.1.0.29:15173|admin:10.1.0.29:15172|client:10.1.0.29:15171|dataStream:10.1.0.29:15174|priority:0|startupRole:FOLLOWER, cb888b2f-aa43-4b14-8a4b-2497c9c1feb0|rpc:10.1.0.29:15182|admin:10.1.0.29:15181|client:10.1.0.29:15180|dataStream:10.1.0.29:15183|priority:0|startupRole:FOLLOWER]|listeners:[], old=null
2023-09-19 02:07:32,232 [765749c7-07d3-4ecd-8c14-ec59685a04c1@group-331BC0EF53B0-LeaderElection31] INFO  impl.LeaderElection (LeaderElection.java:logAndReturn(90)) - 765749c7-07d3-4ecd-8c14-ec59685a04c1@group-331BC0EF53B0-LeaderElection31: PRE_VOTE PASSED received 1 response(s) and 0 exception(s):
2023-09-19 02:07:32,232 [765749c7-07d3-4ecd-8c14-ec59685a04c1@group-331BC0EF53B0-LeaderElection31] INFO  impl.LeaderElection (LeaderElection.java:logAndReturn(94)) -   Response 0: 765749c7-07d3-4ecd-8c14-ec59685a04c1<-cb888b2f-aa43-4b14-8a4b-2497c9c1feb0#0:OK-t0
2023-09-19 02:07:32,232 [765749c7-07d3-4ecd-8c14-ec59685a04c1@group-331BC0EF53B0-LeaderElection31] INFO  impl.LeaderElection (LeaderElection.java:askForVotes(323)) - 765749c7-07d3-4ecd-8c14-ec59685a04c1@group-331BC0EF53B0-LeaderElection31 PRE_VOTE round 0: result PASSED
2023-09-19 02:07:32,233 [765749c7-07d3-4ecd-8c14-ec59685a04c1@group-331BC0EF53B0-LeaderElection31] INFO  impl.LeaderElection (LeaderElection.java:askForVotes(321)) - 765749c7-07d3-4ecd-8c14-ec59685a04c1@group-331BC0EF53B0-LeaderElection31 ELECTION round 0: submit vote requests at term 1 for -1: peers:[765749c7-07d3-4ecd-8c14-ec59685a04c1|rpc:10.1.0.29:15191|admin:10.1.0.29:15190|client:10.1.0.29:15189|dataStream:10.1.0.29:15192|priority:1|startupRole:FOLLOWER, 2a4ddaa6-1a2b-4173-87e0-55a87acfd4f7|rpc:10.1.0.29:15173|admin:10.1.0.29:15172|client:10.1.0.29:15171|dataStream:10.1.0.29:15174|priority:0|startupRole:FOLLOWER, cb888b2f-aa43-4b14-8a4b-2497c9c1feb0|rpc:10.1.0.29:15182|admin:10.1.0.29:15181|client:10.1.0.29:15180|dataStream:10.1.0.29:15183|priority:0|startupRole:FOLLOWER]|listeners:[], old=null
2023-09-19 02:07:32,234 [765749c7-07d3-4ecd-8c14-ec59685a04c1@group-331BC0EF53B0-LeaderElection31] INFO  server.RaftServerConfigKeys (ConfUtils.java:logFallback(53)) - raft.server.rpc.first-election.timeout.min = 5s (fallback to raft.server.rpc.timeout.min)
2023-09-19 02:07:32,234 [765749c7-07d3-4ecd-8c14-ec59685a04c1@group-331BC0EF53B0-LeaderElection31] INFO  server.RaftServerConfigKeys (ConfUtils.java:logFallback(53)) - raft.server.rpc.first-election.timeout.max = 5200ms (fallback to raft.server.rpc.timeout.max)
2023-09-19 02:07:32,235 [grpc-default-executor-3] INFO  server.RaftServer$Division (RaftServerImpl.java:requestVote(1302)) - 2a4ddaa6-1a2b-4173-87e0-55a87acfd4f7@group-331BC0EF53B0: receive requestVote(ELECTION, 765749c7-07d3-4ecd-8c14-ec59685a04c1, group-331BC0EF53B0, 1, (t:0, i:0))
2023-09-19 02:07:32,235 [grpc-default-executor-3] INFO  impl.VoteContext (VoteContext.java:log(49)) - 2a4ddaa6-1a2b-4173-87e0-55a87acfd4f7@group-331BC0EF53B0-FOLLOWER: accept ELECTION from 765749c7-07d3-4ecd-8c14-ec59685a04c1: our priority 0 <= candidate's priority 1
2023-09-19 02:07:32,235 [grpc-default-executor-3] INFO  server.RaftServer$Division (RaftServerImpl.java:setRole(329)) - 2a4ddaa6-1a2b-4173-87e0-55a87acfd4f7@group-331BC0EF53B0: changes role from  FOLLOWER to FOLLOWER at term 1 for candidate:765749c7-07d3-4ecd-8c14-ec59685a04c1
2023-09-19 02:07:32,235 [grpc-default-executor-3] INFO  impl.RoleInfo (RoleInfo.java:shutdownFollowerState(110)) - 2a4ddaa6-1a2b-4173-87e0-55a87acfd4f7: shutdown 2a4ddaa6-1a2b-4173-87e0-55a87acfd4f7@group-331BC0EF53B0-FollowerState
2023-09-19 02:07:32,235 [grpc-default-executor-3] INFO  impl.RoleInfo (RoleInfo.java:updateAndGet(139)) - 2a4ddaa6-1a2b-4173-87e0-55a87acfd4f7: start 2a4ddaa6-1a2b-4173-87e0-55a87acfd4f7@group-331BC0EF53B0-FollowerState
2023-09-19 02:07:32,235 [2a4ddaa6-1a2b-4173-87e0-55a87acfd4f7@group-331BC0EF53B0-FollowerState] INFO  impl.FollowerState (FollowerState.java:run(152)) - 2a4ddaa6-1a2b-4173-87e0-55a87acfd4f7@group-331BC0EF53B0-FollowerState was interrupted
2023-09-19 02:07:32,235 [grpc-default-executor-2] INFO  server.RaftServer$Division (RaftServerImpl.java:requestVote(1302)) - cb888b2f-aa43-4b14-8a4b-2497c9c1feb0@group-331BC0EF53B0: receive requestVote(ELECTION, 765749c7-07d3-4ecd-8c14-ec59685a04c1, group-331BC0EF53B0, 1, (t:0, i:0))
2023-09-19 02:07:32,235 [grpc-default-executor-2] INFO  impl.VoteContext (VoteContext.java:log(49)) - cb888b2f-aa43-4b14-8a4b-2497c9c1feb0@group-331BC0EF53B0-FOLLOWER: accept ELECTION from 765749c7-07d3-4ecd-8c14-ec59685a04c1: our priority 0 <= candidate's priority 1
2023-09-19 02:07:32,235 [grpc-default-executor-2] INFO  server.RaftServer$Division (RaftServerImpl.java:setRole(329)) - cb888b2f-aa43-4b14-8a4b-2497c9c1feb0@group-331BC0EF53B0: changes role from  FOLLOWER to FOLLOWER at term 1 for candidate:765749c7-07d3-4ecd-8c14-ec59685a04c1
2023-09-19 02:07:32,235 [grpc-default-executor-2] INFO  impl.RoleInfo (RoleInfo.java:shutdownFollowerState(110)) - cb888b2f-aa43-4b14-8a4b-2497c9c1feb0: shutdown cb888b2f-aa43-4b14-8a4b-2497c9c1feb0@group-331BC0EF53B0-FollowerState
2023-09-19 02:07:32,235 [grpc-default-executor-2] INFO  impl.RoleInfo (RoleInfo.java:updateAndGet(139)) - cb888b2f-aa43-4b14-8a4b-2497c9c1feb0: start cb888b2f-aa43-4b14-8a4b-2497c9c1feb0@group-331BC0EF53B0-FollowerState
2023-09-19 02:07:32,236 [cb888b2f-aa43-4b14-8a4b-2497c9c1feb0@group-331BC0EF53B0-FollowerState] INFO  impl.FollowerState (FollowerState.java:run(152)) - cb888b2f-aa43-4b14-8a4b-2497c9c1feb0@group-331BC0EF53B0-FollowerState was interrupted
2023-09-19 02:07:32,237 [grpc-default-executor-3] INFO  server.RaftServer$Division (RaftServerImpl.java:requestVote(1335)) - 2a4ddaa6-1a2b-4173-87e0-55a87acfd4f7@group-331BC0EF53B0 replies to ELECTION vote request: 765749c7-07d3-4ecd-8c14-ec59685a04c1<-2a4ddaa6-1a2b-4173-87e0-55a87acfd4f7#0:OK-t1. Peer's state: 2a4ddaa6-1a2b-4173-87e0-55a87acfd4f7@group-331BC0EF53B0:t1, leader=null, voted=765749c7-07d3-4ecd-8c14-ec59685a04c1, raftlog=Memoized:2a4ddaa6-1a2b-4173-87e0-55a87acfd4f7@group-331BC0EF53B0-SegmentedRaftLog:OPENED:c-1, conf=-1: peers:[765749c7-07d3-4ecd-8c14-ec59685a04c1|rpc:10.1.0.29:15191|admin:10.1.0.29:15190|client:10.1.0.29:15189|dataStream:10.1.0.29:15192|priority:1|startupRole:FOLLOWER, 2a4ddaa6-1a2b-4173-87e0-55a87acfd4f7|rpc:10.1.0.29:15173|admin:10.1.0.29:15172|client:10.1.0.29:15171|dataStream:10.1.0.29:15174|priority:0|startupRole:FOLLOWER, cb888b2f-aa43-4b14-8a4b-2497c9c1feb0|rpc:10.1.0.29:15182|admin:10.1.0.29:15181|client:10.1.0.29:15180|dataStream:10.1.0.29:15183|priority:0|startupRole:FOLLOWER]|listeners:[], old=null
2023-09-19 02:07:32,239 [765749c7-07d3-4ecd-8c14-ec59685a04c1@group-331BC0EF53B0-LeaderElection31] INFO  impl.LeaderElection (LeaderElection.java:logAndReturn(90)) - 765749c7-07d3-4ecd-8c14-ec59685a04c1@group-331BC0EF53B0-LeaderElection31: ELECTION PASSED received 1 response(s) and 0 exception(s):
2023-09-19 02:07:32,240 [765749c7-07d3-4ecd-8c14-ec59685a04c1@group-331BC0EF53B0-LeaderElection31] INFO  impl.LeaderElection (LeaderElection.java:logAndReturn(94)) -   Response 0: 765749c7-07d3-4ecd-8c14-ec59685a04c1<-2a4ddaa6-1a2b-4173-87e0-55a87acfd4f7#0:OK-t1
2023-09-19 02:07:32,240 [765749c7-07d3-4ecd-8c14-ec59685a04c1@group-331BC0EF53B0-LeaderElection31] INFO  impl.LeaderElection (LeaderElection.java:askForVotes(323)) - 765749c7-07d3-4ecd-8c14-ec59685a04c1@group-331BC0EF53B0-LeaderElection31 ELECTION round 0: result PASSED
2023-09-19 02:07:32,240 [765749c7-07d3-4ecd-8c14-ec59685a04c1@group-331BC0EF53B0-LeaderElection31] INFO  impl.RoleInfo (RoleInfo.java:shutdownLeaderElection(130)) - 765749c7-07d3-4ecd-8c14-ec59685a04c1: shutdown 765749c7-07d3-4ecd-8c14-ec59685a04c1@group-331BC0EF53B0-LeaderElection31
2023-09-19 02:07:32,240 [765749c7-07d3-4ecd-8c14-ec59685a04c1@group-331BC0EF53B0-LeaderElection31] INFO  server.RaftServer$Division (RaftServerImpl.java:setRole(329)) - 765749c7-07d3-4ecd-8c14-ec59685a04c1@group-331BC0EF53B0: changes role from CANDIDATE to LEADER at term 1 for changeToLeader
2023-09-19 02:07:32,240 [765749c7-07d3-4ecd-8c14-ec59685a04c1@group-331BC0EF53B0-LeaderElection31] INFO  ratis.XceiverServerRatis (XceiverServerRatis.java:handleLeaderChangedNotification(902)) - Leader change notification received for group: group-331BC0EF53B0 with new leaderId: 765749c7-07d3-4ecd-8c14-ec59685a04c1
2023-09-19 02:07:32,240 [765749c7-07d3-4ecd-8c14-ec59685a04c1@group-331BC0EF53B0-LeaderElection31] INFO  server.RaftServer$Division (ServerState.java:setLeader(317)) - 765749c7-07d3-4ecd-8c14-ec59685a04c1@group-331BC0EF53B0: change Leader from null to 765749c7-07d3-4ecd-8c14-ec59685a04c1 at term 1 for becomeLeader, leader elected after 5118ms
2023-09-19 02:07:32,240 [765749c7-07d3-4ecd-8c14-ec59685a04c1@group-331BC0EF53B0-LeaderElection31] INFO  server.RaftServerConfigKeys (ConfUtils.java:logGet(46)) - raft.server.staging.catchup.gap = 1000 (default)
2023-09-19 02:07:32,240 [765749c7-07d3-4ecd-8c14-ec59685a04c1@group-331BC0EF53B0-LeaderElection31] INFO  server.RaftServerConfigKeys (ConfUtils.java:logGet(46)) - raft.server.write.element-limit = 1024 (custom)
2023-09-19 02:07:32,240 [765749c7-07d3-4ecd-8c14-ec59685a04c1@group-331BC0EF53B0-LeaderElection31] INFO  server.RaftServerConfigKeys (ConfUtils.java:logGet(46)) - raft.server.write.byte-limit = 1024 M (=1073741824) (custom)
2023-09-19 02:07:32,240 [765749c7-07d3-4ecd-8c14-ec59685a04c1@group-331BC0EF53B0-LeaderElection31] INFO  server.RaftServerConfigKeys (ConfUtils.java:logGet(46)) - raft.server.watch.timeout = 180s (custom)
2023-09-19 02:07:32,240 [765749c7-07d3-4ecd-8c14-ec59685a04c1@group-331BC0EF53B0-LeaderElection31] INFO  server.RaftServerConfigKeys (ConfUtils.java:logGet(46)) - raft.server.watch.timeout.denomination = 1s (default)
2023-09-19 02:07:32,240 [765749c7-07d3-4ecd-8c14-ec59685a04c1@group-331BC0EF53B0-LeaderElection31] INFO  server.RaftServerConfigKeys (ConfUtils.java:logGet(46)) - raft.server.watch.element-limit = 65536 (default)
2023-09-19 02:07:32,240 [765749c7-07d3-4ecd-8c14-ec59685a04c1@group-331BC0EF53B0-LeaderElection31] INFO  server.RaftServerConfigKeys (ConfUtils.java:logGet(46)) - raft.server.write.element-limit = 1024 (custom)
2023-09-19 02:07:32,240 [765749c7-07d3-4ecd-8c14-ec59685a04c1@group-331BC0EF53B0-LeaderElection31] INFO  server.RaftServerConfigKeys (ConfUtils.java:logGet(46)) - raft.server.write.follower.gap.ratio.max = -1.0 (default)
2023-09-19 02:07:32,241 [765749c7-07d3-4ecd-8c14-ec59685a04c1@group-331BC0EF53B0-LeaderElection31] INFO  server.RaftServerConfigKeys (ConfUtils.java:logGet(46)) - raft.server.log.appender.snapshot.chunk.size.max = 16MB (=16777216) (default)
2023-09-19 02:07:32,241 [765749c7-07d3-4ecd-8c14-ec59685a04c1@group-331BC0EF53B0-LeaderElection31] INFO  server.RaftServerConfigKeys (ConfUtils.java:logGet(46)) - raft.server.log.appender.buffer.byte-limit = 33554432 (custom)
2023-09-19 02:07:32,241 [765749c7-07d3-4ecd-8c14-ec59685a04c1@group-331BC0EF53B0-LeaderElection31] INFO  server.RaftServerConfigKeys (ConfUtils.java:logGet(46)) - raft.server.log.appender.buffer.element-limit = 1 (custom)
2023-09-19 02:07:32,241 [765749c7-07d3-4ecd-8c14-ec59685a04c1@group-331BC0EF53B0-LeaderElection31] INFO  server.RaftServerConfigKeys (ConfUtils.java:logGet(46)) - raft.server.log.appender.wait-time.min = 10ms (default)
2023-09-19 02:07:32,241 [765749c7-07d3-4ecd-8c14-ec59685a04c1@group-331BC0EF53B0-LeaderElection31] INFO  grpc.GrpcConfigKeys (ConfUtils.java:logGet(46)) - raft.grpc.server.leader.outstanding.appends.max = 128 (default)
2023-09-19 02:07:32,241 [765749c7-07d3-4ecd-8c14-ec59685a04c1@group-331BC0EF53B0-LeaderElection31] INFO  server.RaftServerConfigKeys (ConfUtils.java:logGet(46)) - raft.server.rpc.request.timeout = 60s (custom)
2023-09-19 02:07:32,241 [765749c7-07d3-4ecd-8c14-ec59685a04c1@group-331BC0EF53B0-LeaderElection31] INFO  grpc.GrpcConfigKeys (ConfUtils.java:logGet(46)) - raft.grpc.server.install_snapshot.request.element-limit = 8 (default)
2023-09-19 02:07:32,241 [765749c7-07d3-4ecd-8c14-ec59685a04c1@group-331BC0EF53B0-LeaderElection31] INFO  grpc.GrpcConfigKeys (ConfUtils.java:logGet(46)) - raft.grpc.server.install_snapshot.request.timeout = 3000ms (default)
2023-09-19 02:07:32,241 [765749c7-07d3-4ecd-8c14-ec59685a04c1@group-331BC0EF53B0-LeaderElection31] INFO  server.RaftServerConfigKeys (ConfUtils.java:logGet(46)) - raft.server.log.appender.install.snapshot.enabled = false (custom)
2023-09-19 02:07:32,241 [765749c7-07d3-4ecd-8c14-ec59685a04c1@group-331BC0EF53B0-LeaderElection31] INFO  grpc.GrpcConfigKeys (ConfUtils.java:logGet(46)) - raft.grpc.server.heartbeat.channel = true (default)
2023-09-19 02:07:32,241 [765749c7-07d3-4ecd-8c14-ec59685a04c1@group-331BC0EF53B0-LeaderElection31] INFO  server.RaftServerConfigKeys (ConfUtils.java:logGet(46)) - raft.server.log.appender.snapshot.chunk.size.max = 16MB (=16777216) (default)
2023-09-19 02:07:32,241 [765749c7-07d3-4ecd-8c14-ec59685a04c1@group-331BC0EF53B0-LeaderElection31] INFO  server.RaftServerConfigKeys (ConfUtils.java:logGet(46)) - raft.server.log.appender.buffer.byte-limit = 33554432 (custom)
2023-09-19 02:07:32,241 [765749c7-07d3-4ecd-8c14-ec59685a04c1@group-331BC0EF53B0-LeaderElection31] INFO  server.RaftServerConfigKeys (ConfUtils.java:logGet(46)) - raft.server.log.appender.buffer.element-limit = 1 (custom)
2023-09-19 02:07:32,242 [765749c7-07d3-4ecd-8c14-ec59685a04c1@group-331BC0EF53B0-LeaderElection31] INFO  server.RaftServerConfigKeys (ConfUtils.java:logGet(46)) - raft.server.log.appender.wait-time.min = 10ms (default)
2023-09-19 02:07:32,242 [765749c7-07d3-4ecd-8c14-ec59685a04c1@group-331BC0EF53B0-LeaderElection31] INFO  grpc.GrpcConfigKeys (ConfUtils.java:logGet(46)) - raft.grpc.server.leader.outstanding.appends.max = 128 (default)
2023-09-19 02:07:32,242 [765749c7-07d3-4ecd-8c14-ec59685a04c1@group-331BC0EF53B0-LeaderElection31] INFO  server.RaftServerConfigKeys (ConfUtils.java:logGet(46)) - raft.server.rpc.request.timeout = 60s (custom)
2023-09-19 02:07:32,242 [765749c7-07d3-4ecd-8c14-ec59685a04c1@group-331BC0EF53B0-LeaderElection31] INFO  grpc.GrpcConfigKeys (ConfUtils.java:logGet(46)) - raft.grpc.server.install_snapshot.request.element-limit = 8 (default)
2023-09-19 02:07:32,242 [765749c7-07d3-4ecd-8c14-ec59685a04c1@group-331BC0EF53B0-LeaderElection31] INFO  grpc.GrpcConfigKeys (ConfUtils.java:logGet(46)) - raft.grpc.server.install_snapshot.request.timeout = 3000ms (default)
2023-09-19 02:07:32,245 [765749c7-07d3-4ecd-8c14-ec59685a04c1@group-331BC0EF53B0-LeaderElection31] INFO  server.RaftServerConfigKeys (ConfUtils.java:logGet(46)) - raft.server.log.appender.install.snapshot.enabled = false (custom)
2023-09-19 02:07:32,245 [765749c7-07d3-4ecd-8c14-ec59685a04c1@group-331BC0EF53B0-LeaderElection31] INFO  grpc.GrpcConfigKeys (ConfUtils.java:logGet(46)) - raft.grpc.server.heartbeat.channel = true (default)
2023-09-19 02:07:32,245 [765749c7-07d3-4ecd-8c14-ec59685a04c1@group-331BC0EF53B0-LeaderElection31] INFO  impl.RoleInfo (RoleInfo.java:updateAndGet(139)) - 765749c7-07d3-4ecd-8c14-ec59685a04c1: start 765749c7-07d3-4ecd-8c14-ec59685a04c1@group-331BC0EF53B0-LeaderStateImpl
2023-09-19 02:07:32,245 [765749c7-07d3-4ecd-8c14-ec59685a04c1@group-331BC0EF53B0-LeaderElection31] INFO  segmented.SegmentedRaftLogWorker (SegmentedRaftLogWorker.java:startLogSegment(447)) - 765749c7-07d3-4ecd-8c14-ec59685a04c1@group-331BC0EF53B0-SegmentedRaftLogWorker: Starting segment from index:0
2023-09-19 02:07:32,245 [grpc-default-executor-2] INFO  server.RaftServer$Division (RaftServerImpl.java:requestVote(1335)) - cb888b2f-aa43-4b14-8a4b-2497c9c1feb0@group-331BC0EF53B0 replies to ELECTION vote request: 765749c7-07d3-4ecd-8c14-ec59685a04c1<-cb888b2f-aa43-4b14-8a4b-2497c9c1feb0#0:OK-t1. Peer's state: cb888b2f-aa43-4b14-8a4b-2497c9c1feb0@group-331BC0EF53B0:t1, leader=null, voted=765749c7-07d3-4ecd-8c14-ec59685a04c1, raftlog=Memoized:cb888b2f-aa43-4b14-8a4b-2497c9c1feb0@group-331BC0EF53B0-SegmentedRaftLog:OPENED:c-1, conf=-1: peers:[765749c7-07d3-4ecd-8c14-ec59685a04c1|rpc:10.1.0.29:15191|admin:10.1.0.29:15190|client:10.1.0.29:15189|dataStream:10.1.0.29:15192|priority:1|startupRole:FOLLOWER, 2a4ddaa6-1a2b-4173-87e0-55a87acfd4f7|rpc:10.1.0.29:15173|admin:10.1.0.29:15172|client:10.1.0.29:15171|dataStream:10.1.0.29:15174|priority:0|startupRole:FOLLOWER, cb888b2f-aa43-4b14-8a4b-2497c9c1feb0|rpc:10.1.0.29:15182|admin:10.1.0.29:15181|client:10.1.0.29:15180|dataStream:10.1.0.29:15183|priority:0|startupRole:FOLLOWER]|listeners:[], old=null
2023-09-19 02:07:32,244 [EventQueue-PipelineReportForPipelineReportHandler] INFO  pipeline.PipelineReportHandler (PipelineReportHandler.java:processPipelineReport(136)) - Opened pipeline PipelineID=fc344a9c-40ba-41f9-8083-331bc0ef53b0
2023-09-19 02:07:32,247 [765749c7-07d3-4ecd-8c14-ec59685a04c1@group-331BC0EF53B0-SegmentedRaftLogWorker] INFO  segmented.SegmentedRaftLogWorker (SegmentedRaftLogWorker.java:execute(651)) - 765749c7-07d3-4ecd-8c14-ec59685a04c1@group-331BC0EF53B0-SegmentedRaftLogWorker: created new log segment /home/runner/work/ozone/ozone/hadoop-ozone/integration-test/target/test-dir/MiniOzoneClusterImpl-42a12def-4a0d-4036-8984-dc8d5bb9e99a/datanode-2/data/ratis/fc344a9c-40ba-41f9-8083-331bc0ef53b0/current/log_inprogress_0
2023-09-19 02:07:32,252 [765749c7-07d3-4ecd-8c14-ec59685a04c1@group-331BC0EF53B0-LeaderElection31] INFO  server.RaftServer$Division (ServerState.java:setRaftConf(434)) - 765749c7-07d3-4ecd-8c14-ec59685a04c1@group-331BC0EF53B0: set configuration 0: peers:[765749c7-07d3-4ecd-8c14-ec59685a04c1|rpc:10.1.0.29:15191|admin:10.1.0.29:15190|client:10.1.0.29:15189|dataStream:10.1.0.29:15192|priority:1|startupRole:FOLLOWER, 2a4ddaa6-1a2b-4173-87e0-55a87acfd4f7|rpc:10.1.0.29:15173|admin:10.1.0.29:15172|client:10.1.0.29:15171|dataStream:10.1.0.29:15174|priority:0|startupRole:FOLLOWER, cb888b2f-aa43-4b14-8a4b-2497c9c1feb0|rpc:10.1.0.29:15182|admin:10.1.0.29:15181|client:10.1.0.29:15180|dataStream:10.1.0.29:15183|priority:0|startupRole:FOLLOWER]|listeners:[], old=null
2023-09-19 02:07:32,265 [2a4ddaa6-1a2b-4173-87e0-55a87acfd4f7-server-thread1] INFO  ratis.XceiverServerRatis (XceiverServerRatis.java:handleLeaderChangedNotification(902)) - Leader change notification received for group: group-331BC0EF53B0 with new leaderId: 765749c7-07d3-4ecd-8c14-ec59685a04c1
2023-09-19 02:07:32,265 [2a4ddaa6-1a2b-4173-87e0-55a87acfd4f7-server-thread1] INFO  server.RaftServer$Division (ServerState.java:setLeader(317)) - 2a4ddaa6-1a2b-4173-87e0-55a87acfd4f7@group-331BC0EF53B0: change Leader from null to 765749c7-07d3-4ecd-8c14-ec59685a04c1 at term 1 for appendEntries, leader elected after 5174ms
2023-09-19 02:07:32,271 [cb888b2f-aa43-4b14-8a4b-2497c9c1feb0-server-thread2] INFO  ratis.XceiverServerRatis (XceiverServerRatis.java:handleLeaderChangedNotification(902)) - Leader change notification received for group: group-331BC0EF53B0 with new leaderId: 765749c7-07d3-4ecd-8c14-ec59685a04c1
2023-09-19 02:07:32,271 [cb888b2f-aa43-4b14-8a4b-2497c9c1feb0-server-thread2] INFO  server.RaftServer$Division (ServerState.java:setLeader(317)) - cb888b2f-aa43-4b14-8a4b-2497c9c1feb0@group-331BC0EF53B0: change Leader from null to 765749c7-07d3-4ecd-8c14-ec59685a04c1 at term 1 for appendEntries, leader elected after 5114ms
2023-09-19 02:07:32,271 [2a4ddaa6-1a2b-4173-87e0-55a87acfd4f7-server-thread1] INFO  server.RaftServer$Division (ServerState.java:setRaftConf(434)) - 2a4ddaa6-1a2b-4173-87e0-55a87acfd4f7@group-331BC0EF53B0: set configuration 0: peers:[765749c7-07d3-4ecd-8c14-ec59685a04c1|rpc:10.1.0.29:15191|admin:10.1.0.29:15190|client:10.1.0.29:15189|dataStream:10.1.0.29:15192|priority:1|startupRole:FOLLOWER, 2a4ddaa6-1a2b-4173-87e0-55a87acfd4f7|rpc:10.1.0.29:15173|admin:10.1.0.29:15172|client:10.1.0.29:15171|dataStream:10.1.0.29:15174|priority:0|startupRole:FOLLOWER, cb888b2f-aa43-4b14-8a4b-2497c9c1feb0|rpc:10.1.0.29:15182|admin:10.1.0.29:15181|client:10.1.0.29:15180|dataStream:10.1.0.29:15183|priority:0|startupRole:FOLLOWER]|listeners:[], old=null
2023-09-19 02:07:32,271 [2a4ddaa6-1a2b-4173-87e0-55a87acfd4f7-server-thread1] INFO  segmented.SegmentedRaftLogWorker (SegmentedRaftLogWorker.java:startLogSegment(447)) - 2a4ddaa6-1a2b-4173-87e0-55a87acfd4f7@group-331BC0EF53B0-SegmentedRaftLogWorker: Starting segment from index:0
2023-09-19 02:07:32,272 [cb888b2f-aa43-4b14-8a4b-2497c9c1feb0-server-thread2] INFO  server.RaftServer$Division (ServerState.java:setRaftConf(434)) - cb888b2f-aa43-4b14-8a4b-2497c9c1feb0@group-331BC0EF53B0: set configuration 0: peers:[765749c7-07d3-4ecd-8c14-ec59685a04c1|rpc:10.1.0.29:15191|admin:10.1.0.29:15190|client:10.1.0.29:15189|dataStream:10.1.0.29:15192|priority:1|startupRole:FOLLOWER, 2a4ddaa6-1a2b-4173-87e0-55a87acfd4f7|rpc:10.1.0.29:15173|admin:10.1.0.29:15172|client:10.1.0.29:15171|dataStream:10.1.0.29:15174|priority:0|startupRole:FOLLOWER, cb888b2f-aa43-4b14-8a4b-2497c9c1feb0|rpc:10.1.0.29:15182|admin:10.1.0.29:15181|client:10.1.0.29:15180|dataStream:10.1.0.29:15183|priority:0|startupRole:FOLLOWER]|listeners:[], old=null
2023-09-19 02:07:32,272 [cb888b2f-aa43-4b14-8a4b-2497c9c1feb0-server-thread2] INFO  segmented.SegmentedRaftLogWorker (SegmentedRaftLogWorker.java:startLogSegment(447)) - cb888b2f-aa43-4b14-8a4b-2497c9c1feb0@group-331BC0EF53B0-SegmentedRaftLogWorker: Starting segment from index:0
2023-09-19 02:07:32,274 [cb888b2f-aa43-4b14-8a4b-2497c9c1feb0@group-331BC0EF53B0-SegmentedRaftLogWorker] INFO  segmented.SegmentedRaftLogWorker (SegmentedRaftLogWorker.java:execute(651)) - cb888b2f-aa43-4b14-8a4b-2497c9c1feb0@group-331BC0EF53B0-SegmentedRaftLogWorker: created new log segment /home/runner/work/ozone/ozone/hadoop-ozone/integration-test/target/test-dir/MiniOzoneClusterImpl-42a12def-4a0d-4036-8984-dc8d5bb9e99a/datanode-1/data/ratis/fc344a9c-40ba-41f9-8083-331bc0ef53b0/current/log_inprogress_0
2023-09-19 02:07:32,275 [2a4ddaa6-1a2b-4173-87e0-55a87acfd4f7@group-331BC0EF53B0-SegmentedRaftLogWorker] INFO  segmented.SegmentedRaftLogWorker (SegmentedRaftLogWorker.java:execute(651)) - 2a4ddaa6-1a2b-4173-87e0-55a87acfd4f7@group-331BC0EF53B0-SegmentedRaftLogWorker: created new log segment /home/runner/work/ozone/ozone/hadoop-ozone/integration-test/target/test-dir/MiniOzoneClusterImpl-42a12def-4a0d-4036-8984-dc8d5bb9e99a/datanode-0/data/ratis/fc344a9c-40ba-41f9-8083-331bc0ef53b0/current/log_inprogress_0
2023-09-19 02:07:32,407 [cb888b2f-aa43-4b14-8a4b-2497c9c1feb0@group-71655AA32219-FollowerState] INFO  impl.FollowerState (FollowerState.java:run(143)) - cb888b2f-aa43-4b14-8a4b-2497c9c1feb0@group-71655AA32219-FollowerState: change to CANDIDATE, lastRpcElapsedTime:5151653666ns, electionTimeout:5145ms
2023-09-19 02:07:32,407 [cb888b2f-aa43-4b14-8a4b-2497c9c1feb0@group-71655AA32219-FollowerState] INFO  impl.RoleInfo (RoleInfo.java:shutdownFollowerState(110)) - cb888b2f-aa43-4b14-8a4b-2497c9c1feb0: shutdown cb888b2f-aa43-4b14-8a4b-2497c9c1feb0@group-71655AA32219-FollowerState
2023-09-19 02:07:32,407 [cb888b2f-aa43-4b14-8a4b-2497c9c1feb0@group-71655AA32219-FollowerState] INFO  server.RaftServer$Division (RaftServerImpl.java:setRole(329)) - cb888b2f-aa43-4b14-8a4b-2497c9c1feb0@group-71655AA32219: changes role from  FOLLOWER to CANDIDATE at term 0 for changeToCandidate
2023-09-19 02:07:32,407 [cb888b2f-aa43-4b14-8a4b-2497c9c1feb0@group-71655AA32219-FollowerState] INFO  server.RaftServerConfigKeys (ConfUtils.java:logGet(46)) - raft.server.leaderelection.pre-vote = true (default)
2023-09-19 02:07:32,407 [cb888b2f-aa43-4b14-8a4b-2497c9c1feb0@group-71655AA32219-FollowerState] INFO  impl.RoleInfo (RoleInfo.java:updateAndGet(139)) - cb888b2f-aa43-4b14-8a4b-2497c9c1feb0: start cb888b2f-aa43-4b14-8a4b-2497c9c1feb0@group-71655AA32219-LeaderElection32
2023-09-19 02:07:32,410 [cb888b2f-aa43-4b14-8a4b-2497c9c1feb0@group-71655AA32219-LeaderElection32] INFO  impl.LeaderElection (LeaderElection.java:askForVotes(321)) - cb888b2f-aa43-4b14-8a4b-2497c9c1feb0@group-71655AA32219-LeaderElection32 PRE_VOTE round 0: submit vote requests at term 0 for -1: peers:[cb888b2f-aa43-4b14-8a4b-2497c9c1feb0|rpc:10.1.0.29:15182|admin:10.1.0.29:15181|client:10.1.0.29:15180|dataStream:10.1.0.29:15183|priority:1|startupRole:FOLLOWER]|listeners:[], old=null
2023-09-19 02:07:32,410 [cb888b2f-aa43-4b14-8a4b-2497c9c1feb0@group-71655AA32219-LeaderElection32] INFO  impl.LeaderElection (LeaderElection.java:askForVotes(323)) - cb888b2f-aa43-4b14-8a4b-2497c9c1feb0@group-71655AA32219-LeaderElection32 PRE_VOTE round 0: result PASSED (term=0)
2023-09-19 02:07:32,411 [cb888b2f-aa43-4b14-8a4b-2497c9c1feb0@group-71655AA32219-LeaderElection32] INFO  impl.LeaderElection (LeaderElection.java:askForVotes(321)) - cb888b2f-aa43-4b14-8a4b-2497c9c1feb0@group-71655AA32219-LeaderElection32 ELECTION round 0: submit vote requests at term 1 for -1: peers:[cb888b2f-aa43-4b14-8a4b-2497c9c1feb0|rpc:10.1.0.29:15182|admin:10.1.0.29:15181|client:10.1.0.29:15180|dataStream:10.1.0.29:15183|priority:1|startupRole:FOLLOWER]|listeners:[], old=null
2023-09-19 02:07:32,411 [cb888b2f-aa43-4b14-8a4b-2497c9c1feb0@group-71655AA32219-LeaderElection32] INFO  impl.LeaderElection (LeaderElection.java:askForVotes(323)) - cb888b2f-aa43-4b14-8a4b-2497c9c1feb0@group-71655AA32219-LeaderElection32 ELECTION round 0: result PASSED (term=1)
2023-09-19 02:07:32,411 [cb888b2f-aa43-4b14-8a4b-2497c9c1feb0@group-71655AA32219-LeaderElection32] INFO  impl.RoleInfo (RoleInfo.java:shutdownLeaderElection(130)) - cb888b2f-aa43-4b14-8a4b-2497c9c1feb0: shutdown cb888b2f-aa43-4b14-8a4b-2497c9c1feb0@group-71655AA32219-LeaderElection32
2023-09-19 02:07:32,411 [cb888b2f-aa43-4b14-8a4b-2497c9c1feb0@group-71655AA32219-LeaderElection32] INFO  server.RaftServer$Division (RaftServerImpl.java:setRole(329)) - cb888b2f-aa43-4b14-8a4b-2497c9c1feb0@group-71655AA32219: changes role from CANDIDATE to LEADER at term 1 for changeToLeader
2023-09-19 02:07:32,411 [cb888b2f-aa43-4b14-8a4b-2497c9c1feb0@group-71655AA32219-LeaderElection32] INFO  ratis.XceiverServerRatis (XceiverServerRatis.java:handleLeaderChangedNotification(902)) - Leader change notification received for group: group-71655AA32219 with new leaderId: cb888b2f-aa43-4b14-8a4b-2497c9c1feb0
2023-09-19 02:07:32,411 [cb888b2f-aa43-4b14-8a4b-2497c9c1feb0@group-71655AA32219-LeaderElection32] INFO  server.RaftServer$Division (ServerState.java:setLeader(317)) - cb888b2f-aa43-4b14-8a4b-2497c9c1feb0@group-71655AA32219: change Leader from null to cb888b2f-aa43-4b14-8a4b-2497c9c1feb0 at term 1 for becomeLeader, leader elected after 5168ms
2023-09-19 02:07:32,411 [cb888b2f-aa43-4b14-8a4b-2497c9c1feb0@group-71655AA32219-LeaderElection32] INFO  server.RaftServerConfigKeys (ConfUtils.java:logGet(46)) - raft.server.staging.catchup.gap = 1000 (default)
2023-09-19 02:07:32,412 [cb888b2f-aa43-4b14-8a4b-2497c9c1feb0@group-71655AA32219-LeaderElection32] INFO  server.RaftServerConfigKeys (ConfUtils.java:logGet(46)) - raft.server.write.element-limit = 1024 (custom)
2023-09-19 02:07:32,412 [cb888b2f-aa43-4b14-8a4b-2497c9c1feb0@group-71655AA32219-LeaderElection32] INFO  server.RaftServerConfigKeys (ConfUtils.java:logGet(46)) - raft.server.write.byte-limit = 1024 M (=1073741824) (custom)
2023-09-19 02:07:32,412 [cb888b2f-aa43-4b14-8a4b-2497c9c1feb0@group-71655AA32219-LeaderElection32] INFO  server.RaftServerConfigKeys (ConfUtils.java:logGet(46)) - raft.server.watch.timeout = 180s (custom)
2023-09-19 02:07:32,412 [cb888b2f-aa43-4b14-8a4b-2497c9c1feb0@group-71655AA32219-LeaderElection32] INFO  server.RaftServerConfigKeys (ConfUtils.java:logGet(46)) - raft.server.watch.timeout.denomination = 1s (default)
2023-09-19 02:07:32,412 [cb888b2f-aa43-4b14-8a4b-2497c9c1feb0@group-71655AA32219-LeaderElection32] INFO  server.RaftServerConfigKeys (ConfUtils.java:logGet(46)) - raft.server.watch.element-limit = 65536 (default)
2023-09-19 02:07:32,412 [cb888b2f-aa43-4b14-8a4b-2497c9c1feb0@group-71655AA32219-LeaderElection32] INFO  server.RaftServerConfigKeys (ConfUtils.java:logGet(46)) - raft.server.write.element-limit = 1024 (custom)
2023-09-19 02:07:32,412 [cb888b2f-aa43-4b14-8a4b-2497c9c1feb0@group-71655AA32219-LeaderElection32] INFO  server.RaftServerConfigKeys (ConfUtils.java:logGet(46)) - raft.server.write.follower.gap.ratio.max = -1.0 (default)
2023-09-19 02:07:32,412 [cb888b2f-aa43-4b14-8a4b-2497c9c1feb0@group-71655AA32219-LeaderElection32] INFO  impl.RoleInfo (RoleInfo.java:updateAndGet(139)) - cb888b2f-aa43-4b14-8a4b-2497c9c1feb0: start cb888b2f-aa43-4b14-8a4b-2497c9c1feb0@group-71655AA32219-LeaderStateImpl
2023-09-19 02:07:32,412 [cb888b2f-aa43-4b14-8a4b-2497c9c1feb0@group-71655AA32219-LeaderElection32] INFO  segmented.SegmentedRaftLogWorker (SegmentedRaftLogWorker.java:startLogSegment(447)) - cb888b2f-aa43-4b14-8a4b-2497c9c1feb0@group-71655AA32219-SegmentedRaftLogWorker: Starting segment from index:0
2023-09-19 02:07:32,415 [cb888b2f-aa43-4b14-8a4b-2497c9c1feb0@group-71655AA32219-LeaderElection32] INFO  server.RaftServer$Division (ServerState.java:setRaftConf(434)) - cb888b2f-aa43-4b14-8a4b-2497c9c1feb0@group-71655AA32219: set configuration 0: peers:[cb888b2f-aa43-4b14-8a4b-2497c9c1feb0|rpc:10.1.0.29:15182|admin:10.1.0.29:15181|client:10.1.0.29:15180|dataStream:10.1.0.29:15183|priority:1|startupRole:FOLLOWER]|listeners:[], old=null
2023-09-19 02:07:32,417 [cb888b2f-aa43-4b14-8a4b-2497c9c1feb0@group-71655AA32219-SegmentedRaftLogWorker] INFO  segmented.SegmentedRaftLogWorker (SegmentedRaftLogWorker.java:execute(651)) - cb888b2f-aa43-4b14-8a4b-2497c9c1feb0@group-71655AA32219-SegmentedRaftLogWorker: created new log segment /home/runner/work/ozone/ozone/hadoop-ozone/integration-test/target/test-dir/MiniOzoneClusterImpl-42a12def-4a0d-4036-8984-dc8d5bb9e99a/datanode-1/data/ratis/686d0f1f-5198-43e9-a832-71655aa32219/current/log_inprogress_0
2023-09-19 02:07:32,543 [765749c7-07d3-4ecd-8c14-ec59685a04c1@group-682B53DCADBA-FollowerState] INFO  impl.FollowerState (FollowerState.java:run(143)) - 765749c7-07d3-4ecd-8c14-ec59685a04c1@group-682B53DCADBA-FollowerState: change to CANDIDATE, lastRpcElapsedTime:5000560593ns, electionTimeout:5000ms
2023-09-19 02:07:32,543 [765749c7-07d3-4ecd-8c14-ec59685a04c1@group-682B53DCADBA-FollowerState] INFO  impl.RoleInfo (RoleInfo.java:shutdownFollowerState(110)) - 765749c7-07d3-4ecd-8c14-ec59685a04c1: shutdown 765749c7-07d3-4ecd-8c14-ec59685a04c1@group-682B53DCADBA-FollowerState
2023-09-19 02:07:32,543 [765749c7-07d3-4ecd-8c14-ec59685a04c1@group-682B53DCADBA-FollowerState] INFO  server.RaftServer$Division (RaftServerImpl.java:setRole(329)) - 765749c7-07d3-4ecd-8c14-ec59685a04c1@group-682B53DCADBA: changes role from  FOLLOWER to CANDIDATE at term 0 for changeToCandidate
2023-09-19 02:07:32,543 [765749c7-07d3-4ecd-8c14-ec59685a04c1@group-682B53DCADBA-FollowerState] INFO  server.RaftServerConfigKeys (ConfUtils.java:logGet(46)) - raft.server.leaderelection.pre-vote = true (default)
2023-09-19 02:07:32,543 [765749c7-07d3-4ecd-8c14-ec59685a04c1@group-682B53DCADBA-FollowerState] INFO  impl.RoleInfo (RoleInfo.java:updateAndGet(139)) - 765749c7-07d3-4ecd-8c14-ec59685a04c1: start 765749c7-07d3-4ecd-8c14-ec59685a04c1@group-682B53DCADBA-LeaderElection33
2023-09-19 02:07:32,546 [765749c7-07d3-4ecd-8c14-ec59685a04c1@group-682B53DCADBA-LeaderElection33] INFO  impl.LeaderElection (LeaderElection.java:askForVotes(321)) - 765749c7-07d3-4ecd-8c14-ec59685a04c1@group-682B53DCADBA-LeaderElection33 PRE_VOTE round 0: submit vote requests at term 0 for -1: peers:[765749c7-07d3-4ecd-8c14-ec59685a04c1|rpc:10.1.0.29:15191|admin:10.1.0.29:15190|client:10.1.0.29:15189|dataStream:10.1.0.29:15192|priority:1|startupRole:FOLLOWER]|listeners:[], old=null
2023-09-19 02:07:32,546 [765749c7-07d3-4ecd-8c14-ec59685a04c1@group-682B53DCADBA-LeaderElection33] INFO  impl.LeaderElection (LeaderElection.java:askForVotes(323)) - 765749c7-07d3-4ecd-8c14-ec59685a04c1@group-682B53DCADBA-LeaderElection33 PRE_VOTE round 0: result PASSED (term=0)
2023-09-19 02:07:32,547 [765749c7-07d3-4ecd-8c14-ec59685a04c1@group-682B53DCADBA-LeaderElection33] INFO  impl.LeaderElection (LeaderElection.java:askForVotes(321)) - 765749c7-07d3-4ecd-8c14-ec59685a04c1@group-682B53DCADBA-LeaderElection33 ELECTION round 0: submit vote requests at term 1 for -1: peers:[765749c7-07d3-4ecd-8c14-ec59685a04c1|rpc:10.1.0.29:15191|admin:10.1.0.29:15190|client:10.1.0.29:15189|dataStream:10.1.0.29:15192|priority:1|startupRole:FOLLOWER]|listeners:[], old=null
2023-09-19 02:07:32,547 [765749c7-07d3-4ecd-8c14-ec59685a04c1@group-682B53DCADBA-LeaderElection33] INFO  impl.LeaderElection (LeaderElection.java:askForVotes(323)) - 765749c7-07d3-4ecd-8c14-ec59685a04c1@group-682B53DCADBA-LeaderElection33 ELECTION round 0: result PASSED (term=1)
2023-09-19 02:07:32,547 [765749c7-07d3-4ecd-8c14-ec59685a04c1@group-682B53DCADBA-LeaderElection33] INFO  impl.RoleInfo (RoleInfo.java:shutdownLeaderElection(130)) - 765749c7-07d3-4ecd-8c14-ec59685a04c1: shutdown 765749c7-07d3-4ecd-8c14-ec59685a04c1@group-682B53DCADBA-LeaderElection33
2023-09-19 02:07:32,547 [765749c7-07d3-4ecd-8c14-ec59685a04c1@group-682B53DCADBA-LeaderElection33] INFO  server.RaftServer$Division (RaftServerImpl.java:setRole(329)) - 765749c7-07d3-4ecd-8c14-ec59685a04c1@group-682B53DCADBA: changes role from CANDIDATE to LEADER at term 1 for changeToLeader
2023-09-19 02:07:32,547 [765749c7-07d3-4ecd-8c14-ec59685a04c1@group-682B53DCADBA-LeaderElection33] INFO  ratis.XceiverServerRatis (XceiverServerRatis.java:handleLeaderChangedNotification(902)) - Leader change notification received for group: group-682B53DCADBA with new leaderId: 765749c7-07d3-4ecd-8c14-ec59685a04c1
2023-09-19 02:07:32,547 [765749c7-07d3-4ecd-8c14-ec59685a04c1@group-682B53DCADBA-LeaderElection33] INFO  server.RaftServer$Division (ServerState.java:setLeader(317)) - 765749c7-07d3-4ecd-8c14-ec59685a04c1@group-682B53DCADBA: change Leader from null to 765749c7-07d3-4ecd-8c14-ec59685a04c1 at term 1 for becomeLeader, leader elected after 5016ms
2023-09-19 02:07:32,548 [765749c7-07d3-4ecd-8c14-ec59685a04c1@group-682B53DCADBA-LeaderElection33] INFO  server.RaftServerConfigKeys (ConfUtils.java:logGet(46)) - raft.server.staging.catchup.gap = 1000 (default)
2023-09-19 02:07:32,548 [765749c7-07d3-4ecd-8c14-ec59685a04c1@group-682B53DCADBA-LeaderElection33] INFO  server.RaftServerConfigKeys (ConfUtils.java:logGet(46)) - raft.server.write.element-limit = 1024 (custom)
2023-09-19 02:07:32,548 [765749c7-07d3-4ecd-8c14-ec59685a04c1@group-682B53DCADBA-LeaderElection33] INFO  server.RaftServerConfigKeys (ConfUtils.java:logGet(46)) - raft.server.write.byte-limit = 1024 M (=1073741824) (custom)
2023-09-19 02:07:32,548 [765749c7-07d3-4ecd-8c14-ec59685a04c1@group-682B53DCADBA-LeaderElection33] INFO  server.RaftServerConfigKeys (ConfUtils.java:logGet(46)) - raft.server.watch.timeout = 180s (custom)
2023-09-19 02:07:32,548 [765749c7-07d3-4ecd-8c14-ec59685a04c1@group-682B53DCADBA-LeaderElection33] INFO  server.RaftServerConfigKeys (ConfUtils.java:logGet(46)) - raft.server.watch.timeout.denomination = 1s (default)
2023-09-19 02:07:32,548 [765749c7-07d3-4ecd-8c14-ec59685a04c1@group-682B53DCADBA-LeaderElection33] INFO  server.RaftServerConfigKeys (ConfUtils.java:logGet(46)) - raft.server.watch.element-limit = 65536 (default)
2023-09-19 02:07:32,548 [765749c7-07d3-4ecd-8c14-ec59685a04c1@group-682B53DCADBA-LeaderElection33] INFO  server.RaftServerConfigKeys (ConfUtils.java:logGet(46)) - raft.server.write.element-limit = 1024 (custom)
2023-09-19 02:07:32,549 [765749c7-07d3-4ecd-8c14-ec59685a04c1@group-682B53DCADBA-LeaderElection33] INFO  server.RaftServerConfigKeys (ConfUtils.java:logGet(46)) - raft.server.write.follower.gap.ratio.max = -1.0 (default)
2023-09-19 02:07:32,549 [765749c7-07d3-4ecd-8c14-ec59685a04c1@group-682B53DCADBA-LeaderElection33] INFO  impl.RoleInfo (RoleInfo.java:updateAndGet(139)) - 765749c7-07d3-4ecd-8c14-ec59685a04c1: start 765749c7-07d3-4ecd-8c14-ec59685a04c1@group-682B53DCADBA-LeaderStateImpl
2023-09-19 02:07:32,549 [765749c7-07d3-4ecd-8c14-ec59685a04c1@group-682B53DCADBA-LeaderElection33] INFO  segmented.SegmentedRaftLogWorker (SegmentedRaftLogWorker.java:startLogSegment(447)) - 765749c7-07d3-4ecd-8c14-ec59685a04c1@group-682B53DCADBA-SegmentedRaftLogWorker: Starting segment from index:0
2023-09-19 02:07:32,549 [765749c7-07d3-4ecd-8c14-ec59685a04c1@group-682B53DCADBA-LeaderElection33] INFO  server.RaftServer$Division (ServerState.java:setRaftConf(434)) - 765749c7-07d3-4ecd-8c14-ec59685a04c1@group-682B53DCADBA: set configuration 0: peers:[765749c7-07d3-4ecd-8c14-ec59685a04c1|rpc:10.1.0.29:15191|admin:10.1.0.29:15190|client:10.1.0.29:15189|dataStream:10.1.0.29:15192|priority:1|startupRole:FOLLOWER]|listeners:[], old=null
2023-09-19 02:07:32,551 [765749c7-07d3-4ecd-8c14-ec59685a04c1@group-682B53DCADBA-SegmentedRaftLogWorker] INFO  segmented.SegmentedRaftLogWorker (SegmentedRaftLogWorker.java:execute(651)) - 765749c7-07d3-4ecd-8c14-ec59685a04c1@group-682B53DCADBA-SegmentedRaftLogWorker: created new log segment /home/runner/work/ozone/ozone/hadoop-ozone/integration-test/target/test-dir/MiniOzoneClusterImpl-42a12def-4a0d-4036-8984-dc8d5bb9e99a/datanode-2/data/ratis/6748c037-e7db-467c-afcb-682b53dcadba/current/log_inprogress_0
2023-09-19 02:07:33,033 [7fbbbf63-2234-40cb-a883-34788a40cf43@group-24C98C7269AA-FollowerState] INFO  impl.FollowerState (FollowerState.java:run(143)) - 7fbbbf63-2234-40cb-a883-34788a40cf43@group-24C98C7269AA-FollowerState: change to CANDIDATE, lastRpcElapsedTime:5095680534ns, electionTimeout:5095ms
2023-09-19 02:07:33,034 [7fbbbf63-2234-40cb-a883-34788a40cf43@group-24C98C7269AA-FollowerState] INFO  impl.RoleInfo (RoleInfo.java:shutdownFollowerState(110)) - 7fbbbf63-2234-40cb-a883-34788a40cf43: shutdown 7fbbbf63-2234-40cb-a883-34788a40cf43@group-24C98C7269AA-FollowerState
2023-09-19 02:07:33,034 [7fbbbf63-2234-40cb-a883-34788a40cf43@group-24C98C7269AA-FollowerState] INFO  server.RaftServer$Division (RaftServerImpl.java:setRole(329)) - 7fbbbf63-2234-40cb-a883-34788a40cf43@group-24C98C7269AA: changes role from  FOLLOWER to CANDIDATE at term 0 for changeToCandidate
2023-09-19 02:07:33,034 [7fbbbf63-2234-40cb-a883-34788a40cf43@group-24C98C7269AA-FollowerState] INFO  server.RaftServerConfigKeys (ConfUtils.java:logGet(46)) - raft.server.leaderelection.pre-vote = true (default)
2023-09-19 02:07:33,034 [7fbbbf63-2234-40cb-a883-34788a40cf43@group-24C98C7269AA-FollowerState] INFO  impl.RoleInfo (RoleInfo.java:updateAndGet(139)) - 7fbbbf63-2234-40cb-a883-34788a40cf43: start 7fbbbf63-2234-40cb-a883-34788a40cf43@group-24C98C7269AA-LeaderElection34
2023-09-19 02:07:33,040 [7fbbbf63-2234-40cb-a883-34788a40cf43@group-24C98C7269AA-LeaderElection34] INFO  impl.LeaderElection (LeaderElection.java:askForVotes(321)) - 7fbbbf63-2234-40cb-a883-34788a40cf43@group-24C98C7269AA-LeaderElection34 PRE_VOTE round 0: submit vote requests at term 0 for -1: peers:[7fbbbf63-2234-40cb-a883-34788a40cf43|rpc:10.1.0.29:15200|admin:10.1.0.29:15199|client:10.1.0.29:15198|dataStream:10.1.0.29:15201|priority:1|startupRole:FOLLOWER]|listeners:[], old=null
2023-09-19 02:07:33,040 [7fbbbf63-2234-40cb-a883-34788a40cf43@group-24C98C7269AA-LeaderElection34] INFO  impl.LeaderElection (LeaderElection.java:askForVotes(323)) - 7fbbbf63-2234-40cb-a883-34788a40cf43@group-24C98C7269AA-LeaderElection34 PRE_VOTE round 0: result PASSED (term=0)
2023-09-19 02:07:33,043 [7fbbbf63-2234-40cb-a883-34788a40cf43@group-24C98C7269AA-LeaderElection34] INFO  impl.LeaderElection (LeaderElection.java:askForVotes(321)) - 7fbbbf63-2234-40cb-a883-34788a40cf43@group-24C98C7269AA-LeaderElection34 ELECTION round 0: submit vote requests at term 1 for -1: peers:[7fbbbf63-2234-40cb-a883-34788a40cf43|rpc:10.1.0.29:15200|admin:10.1.0.29:15199|client:10.1.0.29:15198|dataStream:10.1.0.29:15201|priority:1|startupRole:FOLLOWER]|listeners:[], old=null
2023-09-19 02:07:33,043 [7fbbbf63-2234-40cb-a883-34788a40cf43@group-24C98C7269AA-LeaderElection34] INFO  impl.LeaderElection (LeaderElection.java:askForVotes(323)) - 7fbbbf63-2234-40cb-a883-34788a40cf43@group-24C98C7269AA-LeaderElection34 ELECTION round 0: result PASSED (term=1)
2023-09-19 02:07:33,043 [7fbbbf63-2234-40cb-a883-34788a40cf43@group-24C98C7269AA-LeaderElection34] INFO  impl.RoleInfo (RoleInfo.java:shutdownLeaderElection(130)) - 7fbbbf63-2234-40cb-a883-34788a40cf43: shutdown 7fbbbf63-2234-40cb-a883-34788a40cf43@group-24C98C7269AA-LeaderElection34
2023-09-19 02:07:33,043 [7fbbbf63-2234-40cb-a883-34788a40cf43@group-24C98C7269AA-LeaderElection34] INFO  server.RaftServer$Division (RaftServerImpl.java:setRole(329)) - 7fbbbf63-2234-40cb-a883-34788a40cf43@group-24C98C7269AA: changes role from CANDIDATE to LEADER at term 1 for changeToLeader
2023-09-19 02:07:33,043 [7fbbbf63-2234-40cb-a883-34788a40cf43@group-24C98C7269AA-LeaderElection34] INFO  ratis.XceiverServerRatis (XceiverServerRatis.java:handleLeaderChangedNotification(902)) - Leader change notification received for group: group-24C98C7269AA with new leaderId: 7fbbbf63-2234-40cb-a883-34788a40cf43
2023-09-19 02:07:33,043 [7fbbbf63-2234-40cb-a883-34788a40cf43@group-24C98C7269AA-LeaderElection34] INFO  server.RaftServer$Division (ServerState.java:setLeader(317)) - 7fbbbf63-2234-40cb-a883-34788a40cf43@group-24C98C7269AA: change Leader from null to 7fbbbf63-2234-40cb-a883-34788a40cf43 at term 1 for becomeLeader, leader elected after 5226ms
2023-09-19 02:07:33,043 [7fbbbf63-2234-40cb-a883-34788a40cf43@group-24C98C7269AA-LeaderElection34] INFO  server.RaftServerConfigKeys (ConfUtils.java:logGet(46)) - raft.server.staging.catchup.gap = 1000 (default)
2023-09-19 02:07:33,044 [7fbbbf63-2234-40cb-a883-34788a40cf43@group-24C98C7269AA-LeaderElection34] INFO  server.RaftServerConfigKeys (ConfUtils.java:logGet(46)) - raft.server.write.element-limit = 1024 (custom)
2023-09-19 02:07:33,044 [7fbbbf63-2234-40cb-a883-34788a40cf43@group-24C98C7269AA-LeaderElection34] INFO  server.RaftServerConfigKeys (ConfUtils.java:logGet(46)) - raft.server.write.byte-limit = 1024 M (=1073741824) (custom)
2023-09-19 02:07:33,044 [7fbbbf63-2234-40cb-a883-34788a40cf43@group-24C98C7269AA-LeaderElection34] INFO  server.RaftServerConfigKeys (ConfUtils.java:logGet(46)) - raft.server.watch.timeout = 180s (custom)
2023-09-19 02:07:33,044 [7fbbbf63-2234-40cb-a883-34788a40cf43@group-24C98C7269AA-LeaderElection34] INFO  server.RaftServerConfigKeys (ConfUtils.java:logGet(46)) - raft.server.watch.timeout.denomination = 1s (default)
2023-09-19 02:07:33,044 [7fbbbf63-2234-40cb-a883-34788a40cf43@group-24C98C7269AA-LeaderElection34] INFO  server.RaftServerConfigKeys (ConfUtils.java:logGet(46)) - raft.server.watch.element-limit = 65536 (default)
2023-09-19 02:07:33,044 [7fbbbf63-2234-40cb-a883-34788a40cf43@group-24C98C7269AA-LeaderElection34] INFO  server.RaftServerConfigKeys (ConfUtils.java:logGet(46)) - raft.server.write.element-limit = 1024 (custom)
2023-09-19 02:07:33,044 [7fbbbf63-2234-40cb-a883-34788a40cf43@group-24C98C7269AA-LeaderElection34] INFO  server.RaftServerConfigKeys (ConfUtils.java:logGet(46)) - raft.server.write.follower.gap.ratio.max = -1.0 (default)
2023-09-19 02:07:33,044 [7fbbbf63-2234-40cb-a883-34788a40cf43@group-24C98C7269AA-LeaderElection34] INFO  impl.RoleInfo (RoleInfo.java:updateAndGet(139)) - 7fbbbf63-2234-40cb-a883-34788a40cf43: start 7fbbbf63-2234-40cb-a883-34788a40cf43@group-24C98C7269AA-LeaderStateImpl
2023-09-19 02:07:33,044 [7fbbbf63-2234-40cb-a883-34788a40cf43@group-24C98C7269AA-LeaderElection34] INFO  segmented.SegmentedRaftLogWorker (SegmentedRaftLogWorker.java:startLogSegment(447)) - 7fbbbf63-2234-40cb-a883-34788a40cf43@group-24C98C7269AA-SegmentedRaftLogWorker: Starting segment from index:0
2023-09-19 02:07:33,045 [7fbbbf63-2234-40cb-a883-34788a40cf43@group-24C98C7269AA-LeaderElection34] INFO  server.RaftServer$Division (ServerState.java:setRaftConf(434)) - 7fbbbf63-2234-40cb-a883-34788a40cf43@group-24C98C7269AA: set configuration 0: peers:[7fbbbf63-2234-40cb-a883-34788a40cf43|rpc:10.1.0.29:15200|admin:10.1.0.29:15199|client:10.1.0.29:15198|dataStream:10.1.0.29:15201|priority:1|startupRole:FOLLOWER]|listeners:[], old=null
2023-09-19 02:07:33,046 [7fbbbf63-2234-40cb-a883-34788a40cf43@group-24C98C7269AA-SegmentedRaftLogWorker] INFO  segmented.SegmentedRaftLogWorker (SegmentedRaftLogWorker.java:execute(651)) - 7fbbbf63-2234-40cb-a883-34788a40cf43@group-24C98C7269AA-SegmentedRaftLogWorker: created new log segment /home/runner/work/ozone/ozone/hadoop-ozone/integration-test/target/test-dir/MiniOzoneClusterImpl-42a12def-4a0d-4036-8984-dc8d5bb9e99a/datanode-3/data/ratis/0ee93072-13ee-4721-97a0-24c98c7269aa/current/log_inprogress_0
2023-09-19 02:07:33,083 [main] INFO  ozone.MiniOzoneClusterImpl (MiniOzoneClusterImpl.java:lambda$waitForClusterToBeReady$0(224)) - Nodes are ready. Got 5 of 5 DN Heartbeats.
2023-09-19 02:07:33,083 [main] INFO  ozone.MiniOzoneClusterImpl (MiniOzoneClusterImpl.java:lambda$waitForClusterToBeReady$0(227)) - Cluster exits safe mode
2023-09-19 02:07:33,083 [main] INFO  ozone.MiniOzoneClusterImpl (MiniOzoneClusterImpl.java:lambda$waitForClusterToBeReady$0(229)) - SCM became leader
2023-09-19 02:07:33,104 [main] INFO  rpc.RpcClient (RpcClient.java:createVolume(461)) - Creating Volume: volume12196, with user01721 as owner and space quota set to -1 bytes, counts quota set to -1
2023-09-19 02:07:33,105 [IPC Server handler 1 on default port 15163] INFO  volume.OMVolumeCreateRequest (OMVolumeCreateRequest.java:validateAndUpdateCache(196)) - created volume:volume12196 for user:user01721
2023-09-19 02:07:33,108 [main] INFO  rpc.RpcClient (RpcClient.java:createBucket(688)) - Creating Bucket: volume12196/bucket58129, with bucket layout LEGACY, runner as owner, Versioning false, Storage Type set to DISK and Encryption set to false, Replication Type set to server-side default replication type, Namespace Quota set to -1, Space Quota set to -1 
2023-09-19 02:07:33,109 [IPC Server handler 0 on default port 15163] INFO  bucket.OMBucketCreateRequest (OMBucketCreateRequest.java:validateAndUpdateCache(270)) - created bucket: bucket58129 of layout LEGACY in volume: volume12196
]]></system-out>
  </testcase>
  <testcase name="testSeekOnFileLength" classname="TestOzoneFileSystem" time="0.799">
    <system-out><![CDATA[2023-09-19 02:04:02,127 [IPC Server handler 17 on default port 15001] INFO  ha.SequenceIdGenerator (SequenceIdGenerator.java:getNextId(140)) - Allocate a batch for containerId, change lastId from 0 to 1000.
2023-09-19 02:04:02,137 [IPC Server handler 17 on default port 15001] WARN  ha.SequenceIdGenerator (SequenceIdGenerator.java:allocateBatch(253)) - Failed to allocate a batch for localId, expected lastId is 0, actual lastId is 111677748019200000.
2023-09-19 02:04:02,137 [IPC Server handler 17 on default port 15001] INFO  ha.SequenceIdGenerator (SequenceIdGenerator.java:getNextId(140)) - Allocate a batch for localId, change lastId from 111677748019200000 to 111677748019201000.
2023-09-19 02:04:02,220 [Time-limited test] INFO  impl.MetricsSystemImpl (MetricsSystemImpl.java:init(158)) - XceiverClientMetrics metrics system started (again)
2023-09-19 02:04:02,221 [Time-limited test] INFO  lib.Interns (Interns.java:removeEldestEntry(50)) - Metrics intern cache overflow at 2011 for MetricsSystem={MetricsSystem=MetricsInfoImpl{name=MetricsSystem, description=MetricsSystem}, MetricsSystem record=MetricsInfoImpl{name=MetricsSystem, description=MetricsSystem record}}
2023-09-19 02:04:02,792 [IPC Server handler 9 on default port 15001] WARN  node.SCMNodeManager (SCMNodeManager.java:getNodesByAddress(1373)) - Cannot find node for address 127.0.0.1
02:04:02.834 [IPC Server handler 4 on default port 15004] ERROR OMAudit - user=runner | ip=127.0.0.1 | op=READ_KEY {volume=volume43289, bucket=bucket29045, key=file_notexist, dataSize=0, replicationConfig=null} | ret=FAILURE
org.apache.hadoop.ozone.om.exceptions.OMException: Key:file_notexist not found
	at org.apache.hadoop.ozone.om.KeyManagerImpl.readKeyInfo(KeyManagerImpl.java:427) ~[ozone-manager-1.4.0-SNAPSHOT.jar:?]
	at org.apache.hadoop.ozone.om.KeyManagerImpl.lambda$9(KeyManagerImpl.java:1942) ~[ozone-manager-1.4.0-SNAPSHOT.jar:?]
	at org.apache.hadoop.util.MetricUtil.captureLatencyNs(MetricUtil.java:39) ~[hdds-common-1.4.0-SNAPSHOT.jar:?]
	at org.apache.hadoop.ozone.om.KeyManagerImpl.getKeyInfo(KeyManagerImpl.java:1940) ~[ozone-manager-1.4.0-SNAPSHOT.jar:?]
	at org.apache.hadoop.ozone.om.OmMetadataReader.getKeyInfo(OmMetadataReader.java:185) ~[ozone-manager-1.4.0-SNAPSHOT.jar:?]
	at org.apache.hadoop.ozone.om.OzoneManager.getKeyInfo(OzoneManager.java:2830) ~[ozone-manager-1.4.0-SNAPSHOT.jar:?]
	at org.apache.hadoop.ozone.protocolPB.OzoneManagerRequestHandler.getKeyInfo(OzoneManagerRequestHandler.java:585) ~[ozone-manager-1.4.0-SNAPSHOT.jar:?]
	at org.apache.hadoop.ozone.protocolPB.OzoneManagerRequestHandler.handleReadRequest(OzoneManagerRequestHandler.java:304) ~[ozone-manager-1.4.0-SNAPSHOT.jar:?]
	at org.apache.hadoop.ozone.protocolPB.OzoneManagerProtocolServerSideTranslatorPB.submitReadRequestToOM(OzoneManagerProtocolServerSideTranslatorPB.java:225) ~[ozone-manager-1.4.0-SNAPSHOT.jar:?]
	at org.apache.hadoop.ozone.protocolPB.OzoneManagerProtocolServerSideTranslatorPB.processRequest(OzoneManagerProtocolServerSideTranslatorPB.java:179) ~[ozone-manager-1.4.0-SNAPSHOT.jar:?]
	at org.apache.hadoop.hdds.server.OzoneProtocolMessageDispatcher.processRequest(OzoneProtocolMessageDispatcher.java:87) [hdds-server-framework-1.4.0-SNAPSHOT.jar:?]
	at org.apache.hadoop.ozone.protocolPB.OzoneManagerProtocolServerSideTranslatorPB.submitRequest(OzoneManagerProtocolServerSideTranslatorPB.java:148) [ozone-manager-1.4.0-SNAPSHOT.jar:?]
	at org.apache.hadoop.ozone.protocol.proto.OzoneManagerProtocolProtos$OzoneManagerService$2.callBlockingMethod(OzoneManagerProtocolProtos.java) [ozone-interface-client-1.4.0-SNAPSHOT.jar:?]
	at org.apache.hadoop.ipc.ProtobufRpcEngine$Server.processCall(ProtobufRpcEngine.java:484) [hadoop-common-3.3.6.jar:?]
	at org.apache.hadoop.ipc.ProtobufRpcEngine2$Server$ProtoBufRpcInvoker.call(ProtobufRpcEngine2.java:595) [hadoop-common-3.3.6.jar:?]
	at org.apache.hadoop.ipc.ProtobufRpcEngine2$Server$ProtoBufRpcInvoker.call(ProtobufRpcEngine2.java:573) [hadoop-common-3.3.6.jar:?]
	at org.apache.hadoop.ipc.RPC$Server.call(RPC.java:1227) [hadoop-common-3.3.6.jar:?]
	at org.apache.hadoop.ipc.Server$RpcCall.run(Server.java:1094) [hadoop-common-3.3.6.jar:?]
	at org.apache.hadoop.ipc.Server$RpcCall.run(Server.java:1017) [hadoop-common-3.3.6.jar:?]
	at java.security.AccessController.doPrivileged(Native Method) ~[?:1.8.0_382]
	at javax.security.auth.Subject.doAs(Subject.java:422) [?:1.8.0_382]
	at org.apache.hadoop.security.UserGroupInformation.doAs(UserGroupInformation.java:1899) [hadoop-common-3.3.6.jar:?]
	at org.apache.hadoop.ipc.Server$Handler.run(Server.java:3048) [hadoop-common-3.3.6.jar:?]
]]></system-out>
  </testcase>
  <testcase name="testSeekOnFileLength" classname="TestOzoneFileSystem" time="0.138">
    <system-out><![CDATA[2023-09-19 02:05:23,272 [IPC Server handler 1 on default port 15054] INFO  ha.SequenceIdGenerator (SequenceIdGenerator.java:getNextId(140)) - Allocate a batch for containerId, change lastId from 0 to 1000.
2023-09-19 02:05:23,272 [IPC Server handler 1 on default port 15054] WARN  ha.SequenceIdGenerator (SequenceIdGenerator.java:allocateBatch(253)) - Failed to allocate a batch for localId, expected lastId is 0, actual lastId is 111677748019200000.
2023-09-19 02:05:23,272 [IPC Server handler 1 on default port 15054] INFO  ha.SequenceIdGenerator (SequenceIdGenerator.java:getNextId(140)) - Allocate a batch for localId, change lastId from 111677748019200000 to 111677748019201000.
2023-09-19 02:05:23,329 [61d89387-692e-45ac-a655-71929b77bbaf@group-A28CA3B95069-FollowerState] INFO  impl.FollowerState (FollowerState.java:run(143)) - 61d89387-692e-45ac-a655-71929b77bbaf@group-A28CA3B95069-FollowerState: change to CANDIDATE, lastRpcElapsedTime:5107526587ns, electionTimeout:5107ms
2023-09-19 02:05:23,329 [61d89387-692e-45ac-a655-71929b77bbaf@group-A28CA3B95069-FollowerState] INFO  impl.RoleInfo (RoleInfo.java:shutdownFollowerState(110)) - 61d89387-692e-45ac-a655-71929b77bbaf: shutdown 61d89387-692e-45ac-a655-71929b77bbaf@group-A28CA3B95069-FollowerState
2023-09-19 02:05:23,329 [61d89387-692e-45ac-a655-71929b77bbaf@group-A28CA3B95069-FollowerState] INFO  server.RaftServer$Division (RaftServerImpl.java:setRole(329)) - 61d89387-692e-45ac-a655-71929b77bbaf@group-A28CA3B95069: changes role from  FOLLOWER to CANDIDATE at term 0 for changeToCandidate
2023-09-19 02:05:23,329 [61d89387-692e-45ac-a655-71929b77bbaf@group-A28CA3B95069-FollowerState] INFO  server.RaftServerConfigKeys (ConfUtils.java:logGet(46)) - raft.server.leaderelection.pre-vote = true (default)
2023-09-19 02:05:23,329 [61d89387-692e-45ac-a655-71929b77bbaf@group-A28CA3B95069-FollowerState] INFO  impl.RoleInfo (RoleInfo.java:updateAndGet(139)) - 61d89387-692e-45ac-a655-71929b77bbaf: start 61d89387-692e-45ac-a655-71929b77bbaf@group-A28CA3B95069-LeaderElection18
2023-09-19 02:05:23,346 [61d89387-692e-45ac-a655-71929b77bbaf@group-A28CA3B95069-LeaderElection18] INFO  impl.LeaderElection (LeaderElection.java:askForVotes(321)) - 61d89387-692e-45ac-a655-71929b77bbaf@group-A28CA3B95069-LeaderElection18 PRE_VOTE round 0: submit vote requests at term 0 for -1: peers:[61d89387-692e-45ac-a655-71929b77bbaf|rpc:10.1.0.29:15103|admin:10.1.0.29:15102|client:10.1.0.29:15101|dataStream:10.1.0.29:15104|priority:1|startupRole:FOLLOWER]|listeners:[], old=null
2023-09-19 02:05:23,346 [61d89387-692e-45ac-a655-71929b77bbaf@group-A28CA3B95069-LeaderElection18] INFO  impl.LeaderElection (LeaderElection.java:askForVotes(323)) - 61d89387-692e-45ac-a655-71929b77bbaf@group-A28CA3B95069-LeaderElection18 PRE_VOTE round 0: result PASSED (term=0)
2023-09-19 02:05:23,350 [61d89387-692e-45ac-a655-71929b77bbaf@group-A28CA3B95069-LeaderElection18] INFO  impl.LeaderElection (LeaderElection.java:askForVotes(321)) - 61d89387-692e-45ac-a655-71929b77bbaf@group-A28CA3B95069-LeaderElection18 ELECTION round 0: submit vote requests at term 1 for -1: peers:[61d89387-692e-45ac-a655-71929b77bbaf|rpc:10.1.0.29:15103|admin:10.1.0.29:15102|client:10.1.0.29:15101|dataStream:10.1.0.29:15104|priority:1|startupRole:FOLLOWER]|listeners:[], old=null
2023-09-19 02:05:23,350 [61d89387-692e-45ac-a655-71929b77bbaf@group-A28CA3B95069-LeaderElection18] INFO  impl.LeaderElection (LeaderElection.java:askForVotes(323)) - 61d89387-692e-45ac-a655-71929b77bbaf@group-A28CA3B95069-LeaderElection18 ELECTION round 0: result PASSED (term=1)
2023-09-19 02:05:23,350 [61d89387-692e-45ac-a655-71929b77bbaf@group-A28CA3B95069-LeaderElection18] INFO  impl.RoleInfo (RoleInfo.java:shutdownLeaderElection(130)) - 61d89387-692e-45ac-a655-71929b77bbaf: shutdown 61d89387-692e-45ac-a655-71929b77bbaf@group-A28CA3B95069-LeaderElection18
2023-09-19 02:05:23,350 [61d89387-692e-45ac-a655-71929b77bbaf@group-A28CA3B95069-LeaderElection18] INFO  server.RaftServer$Division (RaftServerImpl.java:setRole(329)) - 61d89387-692e-45ac-a655-71929b77bbaf@group-A28CA3B95069: changes role from CANDIDATE to LEADER at term 1 for changeToLeader
2023-09-19 02:05:23,350 [61d89387-692e-45ac-a655-71929b77bbaf@group-A28CA3B95069-LeaderElection18] INFO  ratis.XceiverServerRatis (XceiverServerRatis.java:handleLeaderChangedNotification(902)) - Leader change notification received for group: group-A28CA3B95069 with new leaderId: 61d89387-692e-45ac-a655-71929b77bbaf
2023-09-19 02:05:23,356 [61d89387-692e-45ac-a655-71929b77bbaf@group-A28CA3B95069-LeaderElection18] INFO  server.RaftServer$Division (ServerState.java:setLeader(317)) - 61d89387-692e-45ac-a655-71929b77bbaf@group-A28CA3B95069: change Leader from null to 61d89387-692e-45ac-a655-71929b77bbaf at term 1 for becomeLeader, leader elected after 5144ms
2023-09-19 02:05:23,356 [61d89387-692e-45ac-a655-71929b77bbaf@group-A28CA3B95069-LeaderElection18] INFO  server.RaftServerConfigKeys (ConfUtils.java:logGet(46)) - raft.server.staging.catchup.gap = 1000 (default)
2023-09-19 02:05:23,364 [61d89387-692e-45ac-a655-71929b77bbaf@group-A28CA3B95069-LeaderElection18] INFO  server.RaftServerConfigKeys (ConfUtils.java:logGet(46)) - raft.server.write.element-limit = 1024 (custom)
2023-09-19 02:05:23,365 [61d89387-692e-45ac-a655-71929b77bbaf@group-A28CA3B95069-LeaderElection18] INFO  server.RaftServerConfigKeys (ConfUtils.java:logGet(46)) - raft.server.write.byte-limit = 1024 M (=1073741824) (custom)
2023-09-19 02:05:23,366 [61d89387-692e-45ac-a655-71929b77bbaf@group-A28CA3B95069-LeaderElection18] INFO  server.RaftServerConfigKeys (ConfUtils.java:logGet(46)) - raft.server.watch.timeout = 180s (custom)
2023-09-19 02:05:23,366 [61d89387-692e-45ac-a655-71929b77bbaf@group-A28CA3B95069-LeaderElection18] INFO  server.RaftServerConfigKeys (ConfUtils.java:logGet(46)) - raft.server.watch.timeout.denomination = 1s (default)
2023-09-19 02:05:23,366 [61d89387-692e-45ac-a655-71929b77bbaf@group-A28CA3B95069-LeaderElection18] INFO  server.RaftServerConfigKeys (ConfUtils.java:logGet(46)) - raft.server.watch.element-limit = 65536 (default)
2023-09-19 02:05:23,366 [61d89387-692e-45ac-a655-71929b77bbaf@group-A28CA3B95069-LeaderElection18] INFO  server.RaftServerConfigKeys (ConfUtils.java:logGet(46)) - raft.server.write.element-limit = 1024 (custom)
2023-09-19 02:05:23,366 [61d89387-692e-45ac-a655-71929b77bbaf@group-A28CA3B95069-LeaderElection18] INFO  server.RaftServerConfigKeys (ConfUtils.java:logGet(46)) - raft.server.write.follower.gap.ratio.max = -1.0 (default)
2023-09-19 02:05:23,366 [61d89387-692e-45ac-a655-71929b77bbaf@group-A28CA3B95069-LeaderElection18] INFO  impl.RoleInfo (RoleInfo.java:updateAndGet(139)) - 61d89387-692e-45ac-a655-71929b77bbaf: start 61d89387-692e-45ac-a655-71929b77bbaf@group-A28CA3B95069-LeaderStateImpl
2023-09-19 02:05:23,366 [61d89387-692e-45ac-a655-71929b77bbaf@group-A28CA3B95069-LeaderElection18] INFO  segmented.SegmentedRaftLogWorker (SegmentedRaftLogWorker.java:startLogSegment(447)) - 61d89387-692e-45ac-a655-71929b77bbaf@group-A28CA3B95069-SegmentedRaftLogWorker: Starting segment from index:0
2023-09-19 02:05:23,367 [61d89387-692e-45ac-a655-71929b77bbaf@group-A28CA3B95069-SegmentedRaftLogWorker] INFO  segmented.SegmentedRaftLogWorker (SegmentedRaftLogWorker.java:execute(651)) - 61d89387-692e-45ac-a655-71929b77bbaf@group-A28CA3B95069-SegmentedRaftLogWorker: created new log segment /home/runner/work/ozone/ozone/hadoop-ozone/integration-test/target/test-dir/MiniOzoneClusterImpl-5e324384-037a-4cb1-b856-3c07748222cd/datanode-4/data/ratis/2989625a-bc96-46e7-bc96-a28ca3b95069/current/log_inprogress_0
2023-09-19 02:05:23,368 [61d89387-692e-45ac-a655-71929b77bbaf@group-A28CA3B95069-LeaderElection18] INFO  server.RaftServer$Division (ServerState.java:setRaftConf(434)) - 61d89387-692e-45ac-a655-71929b77bbaf@group-A28CA3B95069: set configuration 0: peers:[61d89387-692e-45ac-a655-71929b77bbaf|rpc:10.1.0.29:15103|admin:10.1.0.29:15102|client:10.1.0.29:15101|dataStream:10.1.0.29:15104|priority:1|startupRole:FOLLOWER]|listeners:[], old=null
2023-09-19 02:05:23,387 [IPC Server handler 2 on default port 15054] WARN  node.SCMNodeManager (SCMNodeManager.java:getNodesByAddress(1373)) - Cannot find node for address 127.0.0.1
02:05:23.393 [IPC Server handler 14 on default port 15057] ERROR OMAudit - user=runner | ip=127.0.0.1 | op=READ_KEY {volume=volume43065, bucket=bucket81401, key=file_notexist, dataSize=0, replicationConfig=null} | ret=FAILURE
org.apache.hadoop.ozone.om.exceptions.OMException: Key:file_notexist not found
	at org.apache.hadoop.ozone.om.KeyManagerImpl.readKeyInfo(KeyManagerImpl.java:427) ~[ozone-manager-1.4.0-SNAPSHOT.jar:?]
	at org.apache.hadoop.ozone.om.KeyManagerImpl.lambda$9(KeyManagerImpl.java:1942) ~[ozone-manager-1.4.0-SNAPSHOT.jar:?]
	at org.apache.hadoop.util.MetricUtil.captureLatencyNs(MetricUtil.java:39) ~[hdds-common-1.4.0-SNAPSHOT.jar:?]
	at org.apache.hadoop.ozone.om.KeyManagerImpl.getKeyInfo(KeyManagerImpl.java:1940) ~[ozone-manager-1.4.0-SNAPSHOT.jar:?]
	at org.apache.hadoop.ozone.om.OmMetadataReader.getKeyInfo(OmMetadataReader.java:185) ~[ozone-manager-1.4.0-SNAPSHOT.jar:?]
	at org.apache.hadoop.ozone.om.OzoneManager.getKeyInfo(OzoneManager.java:2830) ~[ozone-manager-1.4.0-SNAPSHOT.jar:?]
	at org.apache.hadoop.ozone.protocolPB.OzoneManagerRequestHandler.getKeyInfo(OzoneManagerRequestHandler.java:585) ~[ozone-manager-1.4.0-SNAPSHOT.jar:?]
	at org.apache.hadoop.ozone.protocolPB.OzoneManagerRequestHandler.handleReadRequest(OzoneManagerRequestHandler.java:304) ~[ozone-manager-1.4.0-SNAPSHOT.jar:?]
	at org.apache.hadoop.ozone.protocolPB.OzoneManagerProtocolServerSideTranslatorPB.submitRequestDirectlyToOM(OzoneManagerProtocolServerSideTranslatorPB.java:274) ~[ozone-manager-1.4.0-SNAPSHOT.jar:?]
	at org.apache.hadoop.ozone.protocolPB.OzoneManagerProtocolServerSideTranslatorPB.processRequest(OzoneManagerProtocolServerSideTranslatorPB.java:175) ~[ozone-manager-1.4.0-SNAPSHOT.jar:?]
	at org.apache.hadoop.hdds.server.OzoneProtocolMessageDispatcher.processRequest(OzoneProtocolMessageDispatcher.java:87) [hdds-server-framework-1.4.0-SNAPSHOT.jar:?]
	at org.apache.hadoop.ozone.protocolPB.OzoneManagerProtocolServerSideTranslatorPB.submitRequest(OzoneManagerProtocolServerSideTranslatorPB.java:148) [ozone-manager-1.4.0-SNAPSHOT.jar:?]
	at org.apache.hadoop.ozone.protocol.proto.OzoneManagerProtocolProtos$OzoneManagerService$2.callBlockingMethod(OzoneManagerProtocolProtos.java) [ozone-interface-client-1.4.0-SNAPSHOT.jar:?]
	at org.apache.hadoop.ipc.ProtobufRpcEngine$Server.processCall(ProtobufRpcEngine.java:484) [hadoop-common-3.3.6.jar:?]
	at org.apache.hadoop.ipc.ProtobufRpcEngine2$Server$ProtoBufRpcInvoker.call(ProtobufRpcEngine2.java:595) [hadoop-common-3.3.6.jar:?]
	at org.apache.hadoop.ipc.ProtobufRpcEngine2$Server$ProtoBufRpcInvoker.call(ProtobufRpcEngine2.java:573) [hadoop-common-3.3.6.jar:?]
	at org.apache.hadoop.ipc.RPC$Server.call(RPC.java:1227) [hadoop-common-3.3.6.jar:?]
	at org.apache.hadoop.ipc.Server$RpcCall.run(Server.java:1094) [hadoop-common-3.3.6.jar:?]
	at org.apache.hadoop.ipc.Server$RpcCall.run(Server.java:1017) [hadoop-common-3.3.6.jar:?]
	at java.security.AccessController.doPrivileged(Native Method) ~[?:1.8.0_382]
	at javax.security.auth.Subject.doAs(Subject.java:422) [?:1.8.0_382]
	at org.apache.hadoop.security.UserGroupInformation.doAs(UserGroupInformation.java:1899) [hadoop-common-3.3.6.jar:?]
	at org.apache.hadoop.ipc.Server$Handler.run(Server.java:3048) [hadoop-common-3.3.6.jar:?]
]]></system-out>
  </testcase>
  <testcase name="testSeekOnFileLength" classname="TestOzoneFileSystem" time="0.129">
    <system-out><![CDATA[2023-09-19 02:06:25,830 [IPC Server handler 2 on default port 15107] INFO  ha.SequenceIdGenerator (SequenceIdGenerator.java:getNextId(140)) - Allocate a batch for containerId, change lastId from 0 to 1000.
2023-09-19 02:06:25,830 [IPC Server handler 2 on default port 15107] WARN  ha.SequenceIdGenerator (SequenceIdGenerator.java:allocateBatch(253)) - Failed to allocate a batch for localId, expected lastId is 0, actual lastId is 111677748019200000.
2023-09-19 02:06:25,830 [IPC Server handler 2 on default port 15107] INFO  ha.SequenceIdGenerator (SequenceIdGenerator.java:getNextId(140)) - Allocate a batch for localId, change lastId from 111677748019200000 to 111677748019201000.
2023-09-19 02:06:25,939 [IPC Server handler 1 on default port 15107] WARN  node.SCMNodeManager (SCMNodeManager.java:getNodesByAddress(1373)) - Cannot find node for address 127.0.0.1
02:06:25.945 [IPC Server handler 16 on default port 15110] ERROR OMAudit - user=runner | ip=127.0.0.1 | op=READ_KEY {volume=volume18939, bucket=bucket36089, key=file_notexist, dataSize=0, replicationConfig=null} | ret=FAILURE
org.apache.hadoop.ozone.om.exceptions.OMException: Key:file_notexist not found
	at org.apache.hadoop.ozone.om.KeyManagerImpl.readKeyInfo(KeyManagerImpl.java:427) ~[ozone-manager-1.4.0-SNAPSHOT.jar:?]
	at org.apache.hadoop.ozone.om.KeyManagerImpl.lambda$9(KeyManagerImpl.java:1942) ~[ozone-manager-1.4.0-SNAPSHOT.jar:?]
	at org.apache.hadoop.util.MetricUtil.captureLatencyNs(MetricUtil.java:39) ~[hdds-common-1.4.0-SNAPSHOT.jar:?]
	at org.apache.hadoop.ozone.om.KeyManagerImpl.getKeyInfo(KeyManagerImpl.java:1940) ~[ozone-manager-1.4.0-SNAPSHOT.jar:?]
	at org.apache.hadoop.ozone.om.OmMetadataReader.getKeyInfo(OmMetadataReader.java:185) ~[ozone-manager-1.4.0-SNAPSHOT.jar:?]
	at org.apache.hadoop.ozone.om.OzoneManager.getKeyInfo(OzoneManager.java:2830) ~[ozone-manager-1.4.0-SNAPSHOT.jar:?]
	at org.apache.hadoop.ozone.protocolPB.OzoneManagerRequestHandler.getKeyInfo(OzoneManagerRequestHandler.java:585) ~[ozone-manager-1.4.0-SNAPSHOT.jar:?]
	at org.apache.hadoop.ozone.protocolPB.OzoneManagerRequestHandler.handleReadRequest(OzoneManagerRequestHandler.java:304) ~[ozone-manager-1.4.0-SNAPSHOT.jar:?]
	at org.apache.hadoop.ozone.protocolPB.OzoneManagerProtocolServerSideTranslatorPB.submitReadRequestToOM(OzoneManagerProtocolServerSideTranslatorPB.java:225) ~[ozone-manager-1.4.0-SNAPSHOT.jar:?]
	at org.apache.hadoop.ozone.protocolPB.OzoneManagerProtocolServerSideTranslatorPB.processRequest(OzoneManagerProtocolServerSideTranslatorPB.java:179) ~[ozone-manager-1.4.0-SNAPSHOT.jar:?]
	at org.apache.hadoop.hdds.server.OzoneProtocolMessageDispatcher.processRequest(OzoneProtocolMessageDispatcher.java:87) [hdds-server-framework-1.4.0-SNAPSHOT.jar:?]
	at org.apache.hadoop.ozone.protocolPB.OzoneManagerProtocolServerSideTranslatorPB.submitRequest(OzoneManagerProtocolServerSideTranslatorPB.java:148) [ozone-manager-1.4.0-SNAPSHOT.jar:?]
	at org.apache.hadoop.ozone.protocol.proto.OzoneManagerProtocolProtos$OzoneManagerService$2.callBlockingMethod(OzoneManagerProtocolProtos.java) [ozone-interface-client-1.4.0-SNAPSHOT.jar:?]
	at org.apache.hadoop.ipc.ProtobufRpcEngine$Server.processCall(ProtobufRpcEngine.java:484) [hadoop-common-3.3.6.jar:?]
	at org.apache.hadoop.ipc.ProtobufRpcEngine2$Server$ProtoBufRpcInvoker.call(ProtobufRpcEngine2.java:595) [hadoop-common-3.3.6.jar:?]
	at org.apache.hadoop.ipc.ProtobufRpcEngine2$Server$ProtoBufRpcInvoker.call(ProtobufRpcEngine2.java:573) [hadoop-common-3.3.6.jar:?]
	at org.apache.hadoop.ipc.RPC$Server.call(RPC.java:1227) [hadoop-common-3.3.6.jar:?]
	at org.apache.hadoop.ipc.Server$RpcCall.run(Server.java:1094) [hadoop-common-3.3.6.jar:?]
	at org.apache.hadoop.ipc.Server$RpcCall.run(Server.java:1017) [hadoop-common-3.3.6.jar:?]
	at java.security.AccessController.doPrivileged(Native Method) ~[?:1.8.0_382]
	at javax.security.auth.Subject.doAs(Subject.java:422) [?:1.8.0_382]
	at org.apache.hadoop.security.UserGroupInformation.doAs(UserGroupInformation.java:1899) [hadoop-common-3.3.6.jar:?]
	at org.apache.hadoop.ipc.Server$Handler.run(Server.java:3048) [hadoop-common-3.3.6.jar:?]
]]></system-out>
  </testcase>
  <testcase name="testSeekOnFileLength" classname="TestOzoneFileSystem" time="0.128">
    <system-out><![CDATA[2023-09-19 02:07:33,143 [IPC Server handler 1 on default port 15160] INFO  ha.SequenceIdGenerator (SequenceIdGenerator.java:getNextId(140)) - Allocate a batch for containerId, change lastId from 0 to 1000.
2023-09-19 02:07:33,144 [IPC Server handler 1 on default port 15160] WARN  ha.SequenceIdGenerator (SequenceIdGenerator.java:allocateBatch(253)) - Failed to allocate a batch for localId, expected lastId is 0, actual lastId is 111677748019200000.
2023-09-19 02:07:33,144 [IPC Server handler 1 on default port 15160] INFO  ha.SequenceIdGenerator (SequenceIdGenerator.java:getNextId(140)) - Allocate a batch for localId, change lastId from 111677748019200000 to 111677748019201000.
2023-09-19 02:07:33,217 [92a1afef-9ecd-4787-9981-6f6f5d31539c@group-8CCDDDD235CE-FollowerState] INFO  impl.FollowerState (FollowerState.java:run(143)) - 92a1afef-9ecd-4787-9981-6f6f5d31539c@group-8CCDDDD235CE-FollowerState: change to CANDIDATE, lastRpcElapsedTime:5114554678ns, electionTimeout:5114ms
2023-09-19 02:07:33,222 [92a1afef-9ecd-4787-9981-6f6f5d31539c@group-8CCDDDD235CE-FollowerState] INFO  impl.RoleInfo (RoleInfo.java:shutdownFollowerState(110)) - 92a1afef-9ecd-4787-9981-6f6f5d31539c: shutdown 92a1afef-9ecd-4787-9981-6f6f5d31539c@group-8CCDDDD235CE-FollowerState
2023-09-19 02:07:33,222 [92a1afef-9ecd-4787-9981-6f6f5d31539c@group-8CCDDDD235CE-FollowerState] INFO  server.RaftServer$Division (RaftServerImpl.java:setRole(329)) - 92a1afef-9ecd-4787-9981-6f6f5d31539c@group-8CCDDDD235CE: changes role from  FOLLOWER to CANDIDATE at term 0 for changeToCandidate
2023-09-19 02:07:33,223 [92a1afef-9ecd-4787-9981-6f6f5d31539c@group-8CCDDDD235CE-FollowerState] INFO  server.RaftServerConfigKeys (ConfUtils.java:logGet(46)) - raft.server.leaderelection.pre-vote = true (default)
2023-09-19 02:07:33,223 [92a1afef-9ecd-4787-9981-6f6f5d31539c@group-8CCDDDD235CE-FollowerState] INFO  impl.RoleInfo (RoleInfo.java:updateAndGet(139)) - 92a1afef-9ecd-4787-9981-6f6f5d31539c: start 92a1afef-9ecd-4787-9981-6f6f5d31539c@group-8CCDDDD235CE-LeaderElection35
2023-09-19 02:07:33,241 [92a1afef-9ecd-4787-9981-6f6f5d31539c@group-8CCDDDD235CE-LeaderElection35] INFO  impl.LeaderElection (LeaderElection.java:askForVotes(321)) - 92a1afef-9ecd-4787-9981-6f6f5d31539c@group-8CCDDDD235CE-LeaderElection35 PRE_VOTE round 0: submit vote requests at term 0 for -1: peers:[92a1afef-9ecd-4787-9981-6f6f5d31539c|rpc:10.1.0.29:15209|admin:10.1.0.29:15208|client:10.1.0.29:15207|dataStream:10.1.0.29:15210|priority:1|startupRole:FOLLOWER]|listeners:[], old=null
2023-09-19 02:07:33,241 [92a1afef-9ecd-4787-9981-6f6f5d31539c@group-8CCDDDD235CE-LeaderElection35] INFO  impl.LeaderElection (LeaderElection.java:askForVotes(323)) - 92a1afef-9ecd-4787-9981-6f6f5d31539c@group-8CCDDDD235CE-LeaderElection35 PRE_VOTE round 0: result PASSED (term=0)
2023-09-19 02:07:33,241 [IPC Server handler 2 on default port 15160] WARN  node.SCMNodeManager (SCMNodeManager.java:getNodesByAddress(1373)) - Cannot find node for address 127.0.0.1
2023-09-19 02:07:33,243 [92a1afef-9ecd-4787-9981-6f6f5d31539c@group-8CCDDDD235CE-LeaderElection35] INFO  impl.LeaderElection (LeaderElection.java:askForVotes(321)) - 92a1afef-9ecd-4787-9981-6f6f5d31539c@group-8CCDDDD235CE-LeaderElection35 ELECTION round 0: submit vote requests at term 1 for -1: peers:[92a1afef-9ecd-4787-9981-6f6f5d31539c|rpc:10.1.0.29:15209|admin:10.1.0.29:15208|client:10.1.0.29:15207|dataStream:10.1.0.29:15210|priority:1|startupRole:FOLLOWER]|listeners:[], old=null
2023-09-19 02:07:33,243 [92a1afef-9ecd-4787-9981-6f6f5d31539c@group-8CCDDDD235CE-LeaderElection35] INFO  impl.LeaderElection (LeaderElection.java:askForVotes(323)) - 92a1afef-9ecd-4787-9981-6f6f5d31539c@group-8CCDDDD235CE-LeaderElection35 ELECTION round 0: result PASSED (term=1)
2023-09-19 02:07:33,244 [92a1afef-9ecd-4787-9981-6f6f5d31539c@group-8CCDDDD235CE-LeaderElection35] INFO  impl.RoleInfo (RoleInfo.java:shutdownLeaderElection(130)) - 92a1afef-9ecd-4787-9981-6f6f5d31539c: shutdown 92a1afef-9ecd-4787-9981-6f6f5d31539c@group-8CCDDDD235CE-LeaderElection35
2023-09-19 02:07:33,244 [92a1afef-9ecd-4787-9981-6f6f5d31539c@group-8CCDDDD235CE-LeaderElection35] INFO  server.RaftServer$Division (RaftServerImpl.java:setRole(329)) - 92a1afef-9ecd-4787-9981-6f6f5d31539c@group-8CCDDDD235CE: changes role from CANDIDATE to LEADER at term 1 for changeToLeader
2023-09-19 02:07:33,244 [92a1afef-9ecd-4787-9981-6f6f5d31539c@group-8CCDDDD235CE-LeaderElection35] INFO  ratis.XceiverServerRatis (XceiverServerRatis.java:handleLeaderChangedNotification(902)) - Leader change notification received for group: group-8CCDDDD235CE with new leaderId: 92a1afef-9ecd-4787-9981-6f6f5d31539c
2023-09-19 02:07:33,244 [92a1afef-9ecd-4787-9981-6f6f5d31539c@group-8CCDDDD235CE-LeaderElection35] INFO  server.RaftServer$Division (ServerState.java:setLeader(317)) - 92a1afef-9ecd-4787-9981-6f6f5d31539c@group-8CCDDDD235CE: change Leader from null to 92a1afef-9ecd-4787-9981-6f6f5d31539c at term 1 for becomeLeader, leader elected after 5157ms
2023-09-19 02:07:33,244 [92a1afef-9ecd-4787-9981-6f6f5d31539c@group-8CCDDDD235CE-LeaderElection35] INFO  server.RaftServerConfigKeys (ConfUtils.java:logGet(46)) - raft.server.staging.catchup.gap = 1000 (default)
2023-09-19 02:07:33,248 [92a1afef-9ecd-4787-9981-6f6f5d31539c@group-8CCDDDD235CE-LeaderElection35] INFO  server.RaftServerConfigKeys (ConfUtils.java:logGet(46)) - raft.server.write.element-limit = 1024 (custom)
2023-09-19 02:07:33,248 [92a1afef-9ecd-4787-9981-6f6f5d31539c@group-8CCDDDD235CE-LeaderElection35] INFO  server.RaftServerConfigKeys (ConfUtils.java:logGet(46)) - raft.server.write.byte-limit = 1024 M (=1073741824) (custom)
02:07:33.249 [IPC Server handler 15 on default port 15163] ERROR OMAudit - user=runner | ip=127.0.0.1 | op=READ_KEY {volume=volume12196, bucket=bucket58129, key=file_notexist, dataSize=0, replicationConfig=null} | ret=FAILURE
org.apache.hadoop.ozone.om.exceptions.OMException: Key:file_notexist not found
	at org.apache.hadoop.ozone.om.KeyManagerImpl.readKeyInfo(KeyManagerImpl.java:427) ~[ozone-manager-1.4.0-SNAPSHOT.jar:?]
	at org.apache.hadoop.ozone.om.KeyManagerImpl.lambda$9(KeyManagerImpl.java:1942) ~[ozone-manager-1.4.0-SNAPSHOT.jar:?]
	at org.apache.hadoop.util.MetricUtil.captureLatencyNs(MetricUtil.java:39) ~[hdds-common-1.4.0-SNAPSHOT.jar:?]
	at org.apache.hadoop.ozone.om.KeyManagerImpl.getKeyInfo(KeyManagerImpl.java:1940) ~[ozone-manager-1.4.0-SNAPSHOT.jar:?]
	at org.apache.hadoop.ozone.om.OmMetadataReader.getKeyInfo(OmMetadataReader.java:185) ~[ozone-manager-1.4.0-SNAPSHOT.jar:?]
	at org.apache.hadoop.ozone.om.OzoneManager.getKeyInfo(OzoneManager.java:2830) ~[ozone-manager-1.4.0-SNAPSHOT.jar:?]
	at org.apache.hadoop.ozone.protocolPB.OzoneManagerRequestHandler.getKeyInfo(OzoneManagerRequestHandler.java:585) ~[ozone-manager-1.4.0-SNAPSHOT.jar:?]
	at org.apache.hadoop.ozone.protocolPB.OzoneManagerRequestHandler.handleReadRequest(OzoneManagerRequestHandler.java:304) ~[ozone-manager-1.4.0-SNAPSHOT.jar:?]
	at org.apache.hadoop.ozone.protocolPB.OzoneManagerProtocolServerSideTranslatorPB.submitRequestDirectlyToOM(OzoneManagerProtocolServerSideTranslatorPB.java:274) ~[ozone-manager-1.4.0-SNAPSHOT.jar:?]
	at org.apache.hadoop.ozone.protocolPB.OzoneManagerProtocolServerSideTranslatorPB.processRequest(OzoneManagerProtocolServerSideTranslatorPB.java:175) ~[ozone-manager-1.4.0-SNAPSHOT.jar:?]
	at org.apache.hadoop.hdds.server.OzoneProtocolMessageDispatcher.processRequest(OzoneProtocolMessageDispatcher.java:87) [hdds-server-framework-1.4.0-SNAPSHOT.jar:?]
	at org.apache.hadoop.ozone.protocolPB.OzoneManagerProtocolServerSideTranslatorPB.submitRequest(OzoneManagerProtocolServerSideTranslatorPB.java:148) [ozone-manager-1.4.0-SNAPSHOT.jar:?]
	at org.apache.hadoop.ozone.protocol.proto.OzoneManagerProtocolProtos$OzoneManagerService$2.callBlockingMethod(OzoneManagerProtocolProtos.java) [ozone-interface-client-1.4.0-SNAPSHOT.jar:?]
	at org.apache.hadoop.ipc.ProtobufRpcEngine$Server.processCall(ProtobufRpcEngine.java:484) [hadoop-common-3.3.6.jar:?]
	at org.apache.hadoop.ipc.ProtobufRpcEngine2$Server$ProtoBufRpcInvoker.call(ProtobufRpcEngine2.java:595) [hadoop-common-3.3.6.jar:?]
	at org.apache.hadoop.ipc.ProtobufRpcEngine2$Server$ProtoBufRpcInvoker.call(ProtobufRpcEngine2.java:573) [hadoop-common-3.3.6.jar:?]
	at org.apache.hadoop.ipc.RPC$Server.call(RPC.java:1227) [hadoop-common-3.3.6.jar:?]
	at org.apache.hadoop.ipc.Server$RpcCall.run(Server.java:1094) [hadoop-common-3.3.6.jar:?]
	at org.apache.hadoop.ipc.Server$RpcCall.run(Server.java:1017) [hadoop-common-3.3.6.jar:?]
	at java.security.AccessController.doPrivileged(Native Method) ~[?:1.8.0_382]
	at javax.security.auth.Subject.doAs(Subject.java:422) [?:1.8.0_382]
	at org.apache.hadoop.security.UserGroupInformation.doAs(UserGroupInformation.java:1899) [hadoop-common-3.3.6.jar:?]
	at org.apache.hadoop.ipc.Server$Handler.run(Server.java:3048) [hadoop-common-3.3.6.jar:?]
2023-09-19 02:07:33,251 [92a1afef-9ecd-4787-9981-6f6f5d31539c@group-8CCDDDD235CE-LeaderElection35] INFO  server.RaftServerConfigKeys (ConfUtils.java:logGet(46)) - raft.server.watch.timeout = 180s (custom)
2023-09-19 02:07:33,251 [92a1afef-9ecd-4787-9981-6f6f5d31539c@group-8CCDDDD235CE-LeaderElection35] INFO  server.RaftServerConfigKeys (ConfUtils.java:logGet(46)) - raft.server.watch.timeout.denomination = 1s (default)
2023-09-19 02:07:33,251 [92a1afef-9ecd-4787-9981-6f6f5d31539c@group-8CCDDDD235CE-LeaderElection35] INFO  server.RaftServerConfigKeys (ConfUtils.java:logGet(46)) - raft.server.watch.element-limit = 65536 (default)
2023-09-19 02:07:33,251 [92a1afef-9ecd-4787-9981-6f6f5d31539c@group-8CCDDDD235CE-LeaderElection35] INFO  server.RaftServerConfigKeys (ConfUtils.java:logGet(46)) - raft.server.write.element-limit = 1024 (custom)
2023-09-19 02:07:33,251 [92a1afef-9ecd-4787-9981-6f6f5d31539c@group-8CCDDDD235CE-LeaderElection35] INFO  server.RaftServerConfigKeys (ConfUtils.java:logGet(46)) - raft.server.write.follower.gap.ratio.max = -1.0 (default)
2023-09-19 02:07:33,251 [92a1afef-9ecd-4787-9981-6f6f5d31539c@group-8CCDDDD235CE-LeaderElection35] INFO  impl.RoleInfo (RoleInfo.java:updateAndGet(139)) - 92a1afef-9ecd-4787-9981-6f6f5d31539c: start 92a1afef-9ecd-4787-9981-6f6f5d31539c@group-8CCDDDD235CE-LeaderStateImpl
2023-09-19 02:07:33,252 [92a1afef-9ecd-4787-9981-6f6f5d31539c@group-8CCDDDD235CE-LeaderElection35] INFO  segmented.SegmentedRaftLogWorker (SegmentedRaftLogWorker.java:startLogSegment(447)) - 92a1afef-9ecd-4787-9981-6f6f5d31539c@group-8CCDDDD235CE-SegmentedRaftLogWorker: Starting segment from index:0
2023-09-19 02:07:33,253 [92a1afef-9ecd-4787-9981-6f6f5d31539c@group-8CCDDDD235CE-SegmentedRaftLogWorker] INFO  segmented.SegmentedRaftLogWorker (SegmentedRaftLogWorker.java:execute(651)) - 92a1afef-9ecd-4787-9981-6f6f5d31539c@group-8CCDDDD235CE-SegmentedRaftLogWorker: created new log segment /home/runner/work/ozone/ozone/hadoop-ozone/integration-test/target/test-dir/MiniOzoneClusterImpl-42a12def-4a0d-4036-8984-dc8d5bb9e99a/datanode-4/data/ratis/d835ff96-391a-433a-ab49-8ccdddd235ce/current/log_inprogress_0
2023-09-19 02:07:33,254 [92a1afef-9ecd-4787-9981-6f6f5d31539c@group-8CCDDDD235CE-LeaderElection35] INFO  server.RaftServer$Division (ServerState.java:setRaftConf(434)) - 92a1afef-9ecd-4787-9981-6f6f5d31539c@group-8CCDDDD235CE: set configuration 0: peers:[92a1afef-9ecd-4787-9981-6f6f5d31539c|rpc:10.1.0.29:15209|admin:10.1.0.29:15208|client:10.1.0.29:15207|dataStream:10.1.0.29:15210|priority:1|startupRole:FOLLOWER]|listeners:[], old=null
]]></system-out>
  </testcase>
  <testcase name="testRenameFile" classname="TestOzoneFileSystem" time="0.146">
    <system-out><![CDATA[02:04:02.921 [IPC Server handler 18 on default port 15004] ERROR OMAudit - user=runner | ip=127.0.0.1 | op=GET_FILE_STATUS {volume=volume43289, bucket=bucket29045, key=root/file1, dataSize=0, replicationConfig=null} | ret=FAILURE
org.apache.hadoop.ozone.om.exceptions.OMException: Unable to get file status: volume: volume43289 bucket: bucket29045 key: root/file1
	at org.apache.hadoop.ozone.om.KeyManagerImpl.getOzoneFileStatus(KeyManagerImpl.java:1195) ~[ozone-manager-1.4.0-SNAPSHOT.jar:?]
	at org.apache.hadoop.ozone.om.KeyManagerImpl.getFileStatus(KeyManagerImpl.java:1113) ~[ozone-manager-1.4.0-SNAPSHOT.jar:?]
	at org.apache.hadoop.ozone.om.OmMetadataReader.getFileStatus(OmMetadataReader.java:262) ~[ozone-manager-1.4.0-SNAPSHOT.jar:?]
	at org.apache.hadoop.ozone.om.OzoneManager.getFileStatus(OzoneManager.java:3533) ~[ozone-manager-1.4.0-SNAPSHOT.jar:?]
	at org.apache.hadoop.ozone.protocolPB.OzoneManagerRequestHandler.getOzoneFileStatus(OzoneManagerRequestHandler.java:971) ~[ozone-manager-1.4.0-SNAPSHOT.jar:?]
	at org.apache.hadoop.ozone.protocolPB.OzoneManagerRequestHandler.handleReadRequest(OzoneManagerRequestHandler.java:250) ~[ozone-manager-1.4.0-SNAPSHOT.jar:?]
	at org.apache.hadoop.ozone.protocolPB.OzoneManagerProtocolServerSideTranslatorPB.submitReadRequestToOM(OzoneManagerProtocolServerSideTranslatorPB.java:225) ~[ozone-manager-1.4.0-SNAPSHOT.jar:?]
	at org.apache.hadoop.ozone.protocolPB.OzoneManagerProtocolServerSideTranslatorPB.processRequest(OzoneManagerProtocolServerSideTranslatorPB.java:179) ~[ozone-manager-1.4.0-SNAPSHOT.jar:?]
	at org.apache.hadoop.hdds.server.OzoneProtocolMessageDispatcher.processRequest(OzoneProtocolMessageDispatcher.java:87) [hdds-server-framework-1.4.0-SNAPSHOT.jar:?]
	at org.apache.hadoop.ozone.protocolPB.OzoneManagerProtocolServerSideTranslatorPB.submitRequest(OzoneManagerProtocolServerSideTranslatorPB.java:148) [ozone-manager-1.4.0-SNAPSHOT.jar:?]
	at org.apache.hadoop.ozone.protocol.proto.OzoneManagerProtocolProtos$OzoneManagerService$2.callBlockingMethod(OzoneManagerProtocolProtos.java) [ozone-interface-client-1.4.0-SNAPSHOT.jar:?]
	at org.apache.hadoop.ipc.ProtobufRpcEngine$Server.processCall(ProtobufRpcEngine.java:484) [hadoop-common-3.3.6.jar:?]
	at org.apache.hadoop.ipc.ProtobufRpcEngine2$Server$ProtoBufRpcInvoker.call(ProtobufRpcEngine2.java:595) [hadoop-common-3.3.6.jar:?]
	at org.apache.hadoop.ipc.ProtobufRpcEngine2$Server$ProtoBufRpcInvoker.call(ProtobufRpcEngine2.java:573) [hadoop-common-3.3.6.jar:?]
	at org.apache.hadoop.ipc.RPC$Server.call(RPC.java:1227) [hadoop-common-3.3.6.jar:?]
	at org.apache.hadoop.ipc.Server$RpcCall.run(Server.java:1094) [hadoop-common-3.3.6.jar:?]
	at org.apache.hadoop.ipc.Server$RpcCall.run(Server.java:1017) [hadoop-common-3.3.6.jar:?]
	at java.security.AccessController.doPrivileged(Native Method) ~[?:1.8.0_382]
	at javax.security.auth.Subject.doAs(Subject.java:422) [?:1.8.0_382]
	at org.apache.hadoop.security.UserGroupInformation.doAs(UserGroupInformation.java:1899) [hadoop-common-3.3.6.jar:?]
	at org.apache.hadoop.ipc.Server$Handler.run(Server.java:3048) [hadoop-common-3.3.6.jar:?]
]]></system-out>
  </testcase>
  <testcase name="testRenameFile" classname="TestOzoneFileSystem" time="0.031">
    <system-out><![CDATA[02:05:23.411 [IPC Server handler 3 on default port 15057] ERROR OMAudit - user=runner | ip=127.0.0.1 | op=GET_FILE_STATUS {volume=volume43065, bucket=bucket81401, key=root/file1, dataSize=0, replicationConfig=null} | ret=FAILURE
org.apache.hadoop.ozone.om.exceptions.OMException: Unable to get file status: volume: volume43065 bucket: bucket81401 key: root/file1
	at org.apache.hadoop.ozone.om.KeyManagerImpl.getOzoneFileStatus(KeyManagerImpl.java:1195) ~[ozone-manager-1.4.0-SNAPSHOT.jar:?]
	at org.apache.hadoop.ozone.om.KeyManagerImpl.getFileStatus(KeyManagerImpl.java:1113) ~[ozone-manager-1.4.0-SNAPSHOT.jar:?]
	at org.apache.hadoop.ozone.om.OmMetadataReader.getFileStatus(OmMetadataReader.java:262) ~[ozone-manager-1.4.0-SNAPSHOT.jar:?]
	at org.apache.hadoop.ozone.om.OzoneManager.getFileStatus(OzoneManager.java:3533) ~[ozone-manager-1.4.0-SNAPSHOT.jar:?]
	at org.apache.hadoop.ozone.protocolPB.OzoneManagerRequestHandler.getOzoneFileStatus(OzoneManagerRequestHandler.java:971) ~[ozone-manager-1.4.0-SNAPSHOT.jar:?]
	at org.apache.hadoop.ozone.protocolPB.OzoneManagerRequestHandler.handleReadRequest(OzoneManagerRequestHandler.java:250) ~[ozone-manager-1.4.0-SNAPSHOT.jar:?]
	at org.apache.hadoop.ozone.protocolPB.OzoneManagerProtocolServerSideTranslatorPB.submitRequestDirectlyToOM(OzoneManagerProtocolServerSideTranslatorPB.java:274) ~[ozone-manager-1.4.0-SNAPSHOT.jar:?]
	at org.apache.hadoop.ozone.protocolPB.OzoneManagerProtocolServerSideTranslatorPB.processRequest(OzoneManagerProtocolServerSideTranslatorPB.java:175) ~[ozone-manager-1.4.0-SNAPSHOT.jar:?]
	at org.apache.hadoop.hdds.server.OzoneProtocolMessageDispatcher.processRequest(OzoneProtocolMessageDispatcher.java:87) [hdds-server-framework-1.4.0-SNAPSHOT.jar:?]
	at org.apache.hadoop.ozone.protocolPB.OzoneManagerProtocolServerSideTranslatorPB.submitRequest(OzoneManagerProtocolServerSideTranslatorPB.java:148) [ozone-manager-1.4.0-SNAPSHOT.jar:?]
	at org.apache.hadoop.ozone.protocol.proto.OzoneManagerProtocolProtos$OzoneManagerService$2.callBlockingMethod(OzoneManagerProtocolProtos.java) [ozone-interface-client-1.4.0-SNAPSHOT.jar:?]
	at org.apache.hadoop.ipc.ProtobufRpcEngine$Server.processCall(ProtobufRpcEngine.java:484) [hadoop-common-3.3.6.jar:?]
	at org.apache.hadoop.ipc.ProtobufRpcEngine2$Server$ProtoBufRpcInvoker.call(ProtobufRpcEngine2.java:595) [hadoop-common-3.3.6.jar:?]
	at org.apache.hadoop.ipc.ProtobufRpcEngine2$Server$ProtoBufRpcInvoker.call(ProtobufRpcEngine2.java:573) [hadoop-common-3.3.6.jar:?]
	at org.apache.hadoop.ipc.RPC$Server.call(RPC.java:1227) [hadoop-common-3.3.6.jar:?]
	at org.apache.hadoop.ipc.Server$RpcCall.run(Server.java:1094) [hadoop-common-3.3.6.jar:?]
	at org.apache.hadoop.ipc.Server$RpcCall.run(Server.java:1017) [hadoop-common-3.3.6.jar:?]
	at java.security.AccessController.doPrivileged(Native Method) ~[?:1.8.0_382]
	at javax.security.auth.Subject.doAs(Subject.java:422) [?:1.8.0_382]
	at org.apache.hadoop.security.UserGroupInformation.doAs(UserGroupInformation.java:1899) [hadoop-common-3.3.6.jar:?]
	at org.apache.hadoop.ipc.Server$Handler.run(Server.java:3048) [hadoop-common-3.3.6.jar:?]
]]></system-out>
  </testcase>
  <testcase name="testRenameFile" classname="TestOzoneFileSystem" time="0.041">
    <system-out><![CDATA[02:06:25.964 [IPC Server handler 3 on default port 15110] ERROR OMAudit - user=runner | ip=127.0.0.1 | op=GET_FILE_STATUS {volume=volume18939, bucket=bucket36089, key=root/file1, dataSize=0, replicationConfig=null} | ret=FAILURE
org.apache.hadoop.ozone.om.exceptions.OMException: Unable to get file status: volume: volume18939 bucket: bucket36089 key: root/file1
	at org.apache.hadoop.ozone.om.KeyManagerImpl.getOzoneFileStatus(KeyManagerImpl.java:1195) ~[ozone-manager-1.4.0-SNAPSHOT.jar:?]
	at org.apache.hadoop.ozone.om.KeyManagerImpl.getFileStatus(KeyManagerImpl.java:1113) ~[ozone-manager-1.4.0-SNAPSHOT.jar:?]
	at org.apache.hadoop.ozone.om.OmMetadataReader.getFileStatus(OmMetadataReader.java:262) ~[ozone-manager-1.4.0-SNAPSHOT.jar:?]
	at org.apache.hadoop.ozone.om.OzoneManager.getFileStatus(OzoneManager.java:3533) ~[ozone-manager-1.4.0-SNAPSHOT.jar:?]
	at org.apache.hadoop.ozone.protocolPB.OzoneManagerRequestHandler.getOzoneFileStatus(OzoneManagerRequestHandler.java:971) ~[ozone-manager-1.4.0-SNAPSHOT.jar:?]
	at org.apache.hadoop.ozone.protocolPB.OzoneManagerRequestHandler.handleReadRequest(OzoneManagerRequestHandler.java:250) ~[ozone-manager-1.4.0-SNAPSHOT.jar:?]
	at org.apache.hadoop.ozone.protocolPB.OzoneManagerProtocolServerSideTranslatorPB.submitReadRequestToOM(OzoneManagerProtocolServerSideTranslatorPB.java:225) ~[ozone-manager-1.4.0-SNAPSHOT.jar:?]
	at org.apache.hadoop.ozone.protocolPB.OzoneManagerProtocolServerSideTranslatorPB.processRequest(OzoneManagerProtocolServerSideTranslatorPB.java:179) ~[ozone-manager-1.4.0-SNAPSHOT.jar:?]
	at org.apache.hadoop.hdds.server.OzoneProtocolMessageDispatcher.processRequest(OzoneProtocolMessageDispatcher.java:87) [hdds-server-framework-1.4.0-SNAPSHOT.jar:?]
	at org.apache.hadoop.ozone.protocolPB.OzoneManagerProtocolServerSideTranslatorPB.submitRequest(OzoneManagerProtocolServerSideTranslatorPB.java:148) [ozone-manager-1.4.0-SNAPSHOT.jar:?]
	at org.apache.hadoop.ozone.protocol.proto.OzoneManagerProtocolProtos$OzoneManagerService$2.callBlockingMethod(OzoneManagerProtocolProtos.java) [ozone-interface-client-1.4.0-SNAPSHOT.jar:?]
	at org.apache.hadoop.ipc.ProtobufRpcEngine$Server.processCall(ProtobufRpcEngine.java:484) [hadoop-common-3.3.6.jar:?]
	at org.apache.hadoop.ipc.ProtobufRpcEngine2$Server$ProtoBufRpcInvoker.call(ProtobufRpcEngine2.java:595) [hadoop-common-3.3.6.jar:?]
	at org.apache.hadoop.ipc.ProtobufRpcEngine2$Server$ProtoBufRpcInvoker.call(ProtobufRpcEngine2.java:573) [hadoop-common-3.3.6.jar:?]
	at org.apache.hadoop.ipc.RPC$Server.call(RPC.java:1227) [hadoop-common-3.3.6.jar:?]
	at org.apache.hadoop.ipc.Server$RpcCall.run(Server.java:1094) [hadoop-common-3.3.6.jar:?]
	at org.apache.hadoop.ipc.Server$RpcCall.run(Server.java:1017) [hadoop-common-3.3.6.jar:?]
	at java.security.AccessController.doPrivileged(Native Method) ~[?:1.8.0_382]
	at javax.security.auth.Subject.doAs(Subject.java:422) [?:1.8.0_382]
	at org.apache.hadoop.security.UserGroupInformation.doAs(UserGroupInformation.java:1899) [hadoop-common-3.3.6.jar:?]
	at org.apache.hadoop.ipc.Server$Handler.run(Server.java:3048) [hadoop-common-3.3.6.jar:?]
2023-09-19 02:06:25,966 [b4ea5f9d-de80-46c5-a4c7-ec8a93521806@group-94119D575C60-FollowerState] INFO  impl.FollowerState (FollowerState.java:run(143)) - b4ea5f9d-de80-46c5-a4c7-ec8a93521806@group-94119D575C60-FollowerState: change to CANDIDATE, lastRpcElapsedTime:5189529002ns, electionTimeout:5189ms
2023-09-19 02:06:25,966 [b4ea5f9d-de80-46c5-a4c7-ec8a93521806@group-94119D575C60-FollowerState] INFO  impl.RoleInfo (RoleInfo.java:shutdownFollowerState(110)) - b4ea5f9d-de80-46c5-a4c7-ec8a93521806: shutdown b4ea5f9d-de80-46c5-a4c7-ec8a93521806@group-94119D575C60-FollowerState
2023-09-19 02:06:25,966 [b4ea5f9d-de80-46c5-a4c7-ec8a93521806@group-94119D575C60-FollowerState] INFO  server.RaftServer$Division (RaftServerImpl.java:setRole(329)) - b4ea5f9d-de80-46c5-a4c7-ec8a93521806@group-94119D575C60: changes role from  FOLLOWER to CANDIDATE at term 0 for changeToCandidate
2023-09-19 02:06:25,966 [b4ea5f9d-de80-46c5-a4c7-ec8a93521806@group-94119D575C60-FollowerState] INFO  server.RaftServerConfigKeys (ConfUtils.java:logGet(46)) - raft.server.leaderelection.pre-vote = true (default)
2023-09-19 02:06:25,966 [b4ea5f9d-de80-46c5-a4c7-ec8a93521806@group-94119D575C60-FollowerState] INFO  impl.RoleInfo (RoleInfo.java:updateAndGet(139)) - b4ea5f9d-de80-46c5-a4c7-ec8a93521806: start b4ea5f9d-de80-46c5-a4c7-ec8a93521806@group-94119D575C60-LeaderElection27
2023-09-19 02:06:25,975 [b4ea5f9d-de80-46c5-a4c7-ec8a93521806@group-94119D575C60-LeaderElection27] INFO  impl.LeaderElection (LeaderElection.java:askForVotes(321)) - b4ea5f9d-de80-46c5-a4c7-ec8a93521806@group-94119D575C60-LeaderElection27 PRE_VOTE round 0: submit vote requests at term 0 for -1: peers:[b4ea5f9d-de80-46c5-a4c7-ec8a93521806|rpc:10.1.0.29:15156|admin:10.1.0.29:15155|client:10.1.0.29:15154|dataStream:10.1.0.29:15157|priority:1|startupRole:FOLLOWER]|listeners:[], old=null
2023-09-19 02:06:25,975 [b4ea5f9d-de80-46c5-a4c7-ec8a93521806@group-94119D575C60-LeaderElection27] INFO  impl.LeaderElection (LeaderElection.java:askForVotes(323)) - b4ea5f9d-de80-46c5-a4c7-ec8a93521806@group-94119D575C60-LeaderElection27 PRE_VOTE round 0: result PASSED (term=0)
2023-09-19 02:06:25,979 [b4ea5f9d-de80-46c5-a4c7-ec8a93521806@group-94119D575C60-LeaderElection27] INFO  impl.LeaderElection (LeaderElection.java:askForVotes(321)) - b4ea5f9d-de80-46c5-a4c7-ec8a93521806@group-94119D575C60-LeaderElection27 ELECTION round 0: submit vote requests at term 1 for -1: peers:[b4ea5f9d-de80-46c5-a4c7-ec8a93521806|rpc:10.1.0.29:15156|admin:10.1.0.29:15155|client:10.1.0.29:15154|dataStream:10.1.0.29:15157|priority:1|startupRole:FOLLOWER]|listeners:[], old=null
2023-09-19 02:06:25,980 [b4ea5f9d-de80-46c5-a4c7-ec8a93521806@group-94119D575C60-LeaderElection27] INFO  impl.LeaderElection (LeaderElection.java:askForVotes(323)) - b4ea5f9d-de80-46c5-a4c7-ec8a93521806@group-94119D575C60-LeaderElection27 ELECTION round 0: result PASSED (term=1)
2023-09-19 02:06:25,980 [b4ea5f9d-de80-46c5-a4c7-ec8a93521806@group-94119D575C60-LeaderElection27] INFO  impl.RoleInfo (RoleInfo.java:shutdownLeaderElection(130)) - b4ea5f9d-de80-46c5-a4c7-ec8a93521806: shutdown b4ea5f9d-de80-46c5-a4c7-ec8a93521806@group-94119D575C60-LeaderElection27
2023-09-19 02:06:25,980 [b4ea5f9d-de80-46c5-a4c7-ec8a93521806@group-94119D575C60-LeaderElection27] INFO  server.RaftServer$Division (RaftServerImpl.java:setRole(329)) - b4ea5f9d-de80-46c5-a4c7-ec8a93521806@group-94119D575C60: changes role from CANDIDATE to LEADER at term 1 for changeToLeader
2023-09-19 02:06:25,980 [b4ea5f9d-de80-46c5-a4c7-ec8a93521806@group-94119D575C60-LeaderElection27] INFO  ratis.XceiverServerRatis (XceiverServerRatis.java:handleLeaderChangedNotification(902)) - Leader change notification received for group: group-94119D575C60 with new leaderId: b4ea5f9d-de80-46c5-a4c7-ec8a93521806
2023-09-19 02:06:25,981 [b4ea5f9d-de80-46c5-a4c7-ec8a93521806@group-94119D575C60-LeaderElection27] INFO  server.RaftServer$Division (ServerState.java:setLeader(317)) - b4ea5f9d-de80-46c5-a4c7-ec8a93521806@group-94119D575C60: change Leader from null to b4ea5f9d-de80-46c5-a4c7-ec8a93521806 at term 1 for becomeLeader, leader elected after 5217ms
2023-09-19 02:06:25,981 [b4ea5f9d-de80-46c5-a4c7-ec8a93521806@group-94119D575C60-LeaderElection27] INFO  server.RaftServerConfigKeys (ConfUtils.java:logGet(46)) - raft.server.staging.catchup.gap = 1000 (default)
2023-09-19 02:06:25,981 [b4ea5f9d-de80-46c5-a4c7-ec8a93521806@group-94119D575C60-LeaderElection27] INFO  server.RaftServerConfigKeys (ConfUtils.java:logGet(46)) - raft.server.write.element-limit = 1024 (custom)
2023-09-19 02:06:25,981 [b4ea5f9d-de80-46c5-a4c7-ec8a93521806@group-94119D575C60-LeaderElection27] INFO  server.RaftServerConfigKeys (ConfUtils.java:logGet(46)) - raft.server.write.byte-limit = 1024 M (=1073741824) (custom)
2023-09-19 02:06:25,981 [b4ea5f9d-de80-46c5-a4c7-ec8a93521806@group-94119D575C60-LeaderElection27] INFO  server.RaftServerConfigKeys (ConfUtils.java:logGet(46)) - raft.server.watch.timeout = 180s (custom)
2023-09-19 02:06:25,981 [b4ea5f9d-de80-46c5-a4c7-ec8a93521806@group-94119D575C60-LeaderElection27] INFO  server.RaftServerConfigKeys (ConfUtils.java:logGet(46)) - raft.server.watch.timeout.denomination = 1s (default)
2023-09-19 02:06:25,981 [b4ea5f9d-de80-46c5-a4c7-ec8a93521806@group-94119D575C60-LeaderElection27] INFO  server.RaftServerConfigKeys (ConfUtils.java:logGet(46)) - raft.server.watch.element-limit = 65536 (default)
2023-09-19 02:06:25,981 [b4ea5f9d-de80-46c5-a4c7-ec8a93521806@group-94119D575C60-LeaderElection27] INFO  server.RaftServerConfigKeys (ConfUtils.java:logGet(46)) - raft.server.write.element-limit = 1024 (custom)
2023-09-19 02:06:25,981 [b4ea5f9d-de80-46c5-a4c7-ec8a93521806@group-94119D575C60-LeaderElection27] INFO  server.RaftServerConfigKeys (ConfUtils.java:logGet(46)) - raft.server.write.follower.gap.ratio.max = -1.0 (default)
2023-09-19 02:06:25,981 [b4ea5f9d-de80-46c5-a4c7-ec8a93521806@group-94119D575C60-LeaderElection27] INFO  impl.RoleInfo (RoleInfo.java:updateAndGet(139)) - b4ea5f9d-de80-46c5-a4c7-ec8a93521806: start b4ea5f9d-de80-46c5-a4c7-ec8a93521806@group-94119D575C60-LeaderStateImpl
2023-09-19 02:06:25,983 [b4ea5f9d-de80-46c5-a4c7-ec8a93521806@group-94119D575C60-LeaderElection27] INFO  segmented.SegmentedRaftLogWorker (SegmentedRaftLogWorker.java:startLogSegment(447)) - b4ea5f9d-de80-46c5-a4c7-ec8a93521806@group-94119D575C60-SegmentedRaftLogWorker: Starting segment from index:0
2023-09-19 02:06:25,985 [b4ea5f9d-de80-46c5-a4c7-ec8a93521806@group-94119D575C60-SegmentedRaftLogWorker] INFO  segmented.SegmentedRaftLogWorker (SegmentedRaftLogWorker.java:execute(651)) - b4ea5f9d-de80-46c5-a4c7-ec8a93521806@group-94119D575C60-SegmentedRaftLogWorker: created new log segment /home/runner/work/ozone/ozone/hadoop-ozone/integration-test/target/test-dir/MiniOzoneClusterImpl-580a45e0-de24-452d-9431-a8422bda96cb/datanode-4/data/ratis/89591f45-51f4-40e8-a68a-94119d575c60/current/log_inprogress_0
2023-09-19 02:06:25,988 [b4ea5f9d-de80-46c5-a4c7-ec8a93521806@group-94119D575C60-LeaderElection27] INFO  server.RaftServer$Division (ServerState.java:setRaftConf(434)) - b4ea5f9d-de80-46c5-a4c7-ec8a93521806@group-94119D575C60: set configuration 0: peers:[b4ea5f9d-de80-46c5-a4c7-ec8a93521806|rpc:10.1.0.29:15156|admin:10.1.0.29:15155|client:10.1.0.29:15154|dataStream:10.1.0.29:15157|priority:1|startupRole:FOLLOWER]|listeners:[], old=null
]]></system-out>
  </testcase>
  <testcase name="testRenameFile" classname="TestOzoneFileSystem" time="0.023">
    <system-out><![CDATA[02:07:33.264 [IPC Server handler 0 on default port 15163] ERROR OMAudit - user=runner | ip=127.0.0.1 | op=GET_FILE_STATUS {volume=volume12196, bucket=bucket58129, key=root/file1, dataSize=0, replicationConfig=null} | ret=FAILURE
org.apache.hadoop.ozone.om.exceptions.OMException: Unable to get file status: volume: volume12196 bucket: bucket58129 key: root/file1
	at org.apache.hadoop.ozone.om.KeyManagerImpl.getOzoneFileStatus(KeyManagerImpl.java:1195) ~[ozone-manager-1.4.0-SNAPSHOT.jar:?]
	at org.apache.hadoop.ozone.om.KeyManagerImpl.getFileStatus(KeyManagerImpl.java:1113) ~[ozone-manager-1.4.0-SNAPSHOT.jar:?]
	at org.apache.hadoop.ozone.om.OmMetadataReader.getFileStatus(OmMetadataReader.java:262) ~[ozone-manager-1.4.0-SNAPSHOT.jar:?]
	at org.apache.hadoop.ozone.om.OzoneManager.getFileStatus(OzoneManager.java:3533) ~[ozone-manager-1.4.0-SNAPSHOT.jar:?]
	at org.apache.hadoop.ozone.protocolPB.OzoneManagerRequestHandler.getOzoneFileStatus(OzoneManagerRequestHandler.java:971) ~[ozone-manager-1.4.0-SNAPSHOT.jar:?]
	at org.apache.hadoop.ozone.protocolPB.OzoneManagerRequestHandler.handleReadRequest(OzoneManagerRequestHandler.java:250) ~[ozone-manager-1.4.0-SNAPSHOT.jar:?]
	at org.apache.hadoop.ozone.protocolPB.OzoneManagerProtocolServerSideTranslatorPB.submitRequestDirectlyToOM(OzoneManagerProtocolServerSideTranslatorPB.java:274) ~[ozone-manager-1.4.0-SNAPSHOT.jar:?]
	at org.apache.hadoop.ozone.protocolPB.OzoneManagerProtocolServerSideTranslatorPB.processRequest(OzoneManagerProtocolServerSideTranslatorPB.java:175) ~[ozone-manager-1.4.0-SNAPSHOT.jar:?]
	at org.apache.hadoop.hdds.server.OzoneProtocolMessageDispatcher.processRequest(OzoneProtocolMessageDispatcher.java:87) [hdds-server-framework-1.4.0-SNAPSHOT.jar:?]
	at org.apache.hadoop.ozone.protocolPB.OzoneManagerProtocolServerSideTranslatorPB.submitRequest(OzoneManagerProtocolServerSideTranslatorPB.java:148) [ozone-manager-1.4.0-SNAPSHOT.jar:?]
	at org.apache.hadoop.ozone.protocol.proto.OzoneManagerProtocolProtos$OzoneManagerService$2.callBlockingMethod(OzoneManagerProtocolProtos.java) [ozone-interface-client-1.4.0-SNAPSHOT.jar:?]
	at org.apache.hadoop.ipc.ProtobufRpcEngine$Server.processCall(ProtobufRpcEngine.java:484) [hadoop-common-3.3.6.jar:?]
	at org.apache.hadoop.ipc.ProtobufRpcEngine2$Server$ProtoBufRpcInvoker.call(ProtobufRpcEngine2.java:595) [hadoop-common-3.3.6.jar:?]
	at org.apache.hadoop.ipc.ProtobufRpcEngine2$Server$ProtoBufRpcInvoker.call(ProtobufRpcEngine2.java:573) [hadoop-common-3.3.6.jar:?]
	at org.apache.hadoop.ipc.RPC$Server.call(RPC.java:1227) [hadoop-common-3.3.6.jar:?]
	at org.apache.hadoop.ipc.Server$RpcCall.run(Server.java:1094) [hadoop-common-3.3.6.jar:?]
	at org.apache.hadoop.ipc.Server$RpcCall.run(Server.java:1017) [hadoop-common-3.3.6.jar:?]
	at java.security.AccessController.doPrivileged(Native Method) ~[?:1.8.0_382]
	at javax.security.auth.Subject.doAs(Subject.java:422) [?:1.8.0_382]
	at org.apache.hadoop.security.UserGroupInformation.doAs(UserGroupInformation.java:1899) [hadoop-common-3.3.6.jar:?]
	at org.apache.hadoop.ipc.Server$Handler.run(Server.java:3048) [hadoop-common-3.3.6.jar:?]
]]></system-out>
  </testcase>
  <testcase name="testRenameDir" classname="TestOzoneFileSystem" time="0.066">
    <system-out><![CDATA[2023-09-19 02:04:03,035 [Time-limited test] INFO  ozone.TestOzoneFileSystem (TestOzoneFileSystem.java:testRenameDir(1438)) - Created dir o3fs://bucket29045.volume43289/root_dir/dir1/sub_dir1
2023-09-19 02:04:03,035 [Time-limited test] INFO  ozone.TestOzoneFileSystem (TestOzoneFileSystem.java:testRenameDir(1439)) - Will move o3fs://bucket29045.volume43289/root_dir/dir1 to o3fs://bucket29045.volume43289/root_dir/dir1.renamed
02:04:03.039 [IPC Server handler 7 on default port 15004] ERROR OMAudit - user=runner | ip=127.0.0.1 | op=GET_FILE_STATUS {volume=volume43289, bucket=bucket29045, key=root_dir/dir1.renamed, dataSize=0, replicationConfig=null} | ret=FAILURE
org.apache.hadoop.ozone.om.exceptions.OMException: Unable to get file status: volume: volume43289 bucket: bucket29045 key: root_dir/dir1.renamed
	at org.apache.hadoop.ozone.om.KeyManagerImpl.getOzoneFileStatus(KeyManagerImpl.java:1195) ~[ozone-manager-1.4.0-SNAPSHOT.jar:?]
	at org.apache.hadoop.ozone.om.KeyManagerImpl.getFileStatus(KeyManagerImpl.java:1113) ~[ozone-manager-1.4.0-SNAPSHOT.jar:?]
	at org.apache.hadoop.ozone.om.OmMetadataReader.getFileStatus(OmMetadataReader.java:262) ~[ozone-manager-1.4.0-SNAPSHOT.jar:?]
	at org.apache.hadoop.ozone.om.OzoneManager.getFileStatus(OzoneManager.java:3533) ~[ozone-manager-1.4.0-SNAPSHOT.jar:?]
	at org.apache.hadoop.ozone.protocolPB.OzoneManagerRequestHandler.getOzoneFileStatus(OzoneManagerRequestHandler.java:971) ~[ozone-manager-1.4.0-SNAPSHOT.jar:?]
	at org.apache.hadoop.ozone.protocolPB.OzoneManagerRequestHandler.handleReadRequest(OzoneManagerRequestHandler.java:250) ~[ozone-manager-1.4.0-SNAPSHOT.jar:?]
	at org.apache.hadoop.ozone.protocolPB.OzoneManagerProtocolServerSideTranslatorPB.submitReadRequestToOM(OzoneManagerProtocolServerSideTranslatorPB.java:225) ~[ozone-manager-1.4.0-SNAPSHOT.jar:?]
	at org.apache.hadoop.ozone.protocolPB.OzoneManagerProtocolServerSideTranslatorPB.processRequest(OzoneManagerProtocolServerSideTranslatorPB.java:179) ~[ozone-manager-1.4.0-SNAPSHOT.jar:?]
	at org.apache.hadoop.hdds.server.OzoneProtocolMessageDispatcher.processRequest(OzoneProtocolMessageDispatcher.java:87) [hdds-server-framework-1.4.0-SNAPSHOT.jar:?]
	at org.apache.hadoop.ozone.protocolPB.OzoneManagerProtocolServerSideTranslatorPB.submitRequest(OzoneManagerProtocolServerSideTranslatorPB.java:148) [ozone-manager-1.4.0-SNAPSHOT.jar:?]
	at org.apache.hadoop.ozone.protocol.proto.OzoneManagerProtocolProtos$OzoneManagerService$2.callBlockingMethod(OzoneManagerProtocolProtos.java) [ozone-interface-client-1.4.0-SNAPSHOT.jar:?]
	at org.apache.hadoop.ipc.ProtobufRpcEngine$Server.processCall(ProtobufRpcEngine.java:484) [hadoop-common-3.3.6.jar:?]
	at org.apache.hadoop.ipc.ProtobufRpcEngine2$Server$ProtoBufRpcInvoker.call(ProtobufRpcEngine2.java:595) [hadoop-common-3.3.6.jar:?]
	at org.apache.hadoop.ipc.ProtobufRpcEngine2$Server$ProtoBufRpcInvoker.call(ProtobufRpcEngine2.java:573) [hadoop-common-3.3.6.jar:?]
	at org.apache.hadoop.ipc.RPC$Server.call(RPC.java:1227) [hadoop-common-3.3.6.jar:?]
	at org.apache.hadoop.ipc.Server$RpcCall.run(Server.java:1094) [hadoop-common-3.3.6.jar:?]
	at org.apache.hadoop.ipc.Server$RpcCall.run(Server.java:1017) [hadoop-common-3.3.6.jar:?]
	at java.security.AccessController.doPrivileged(Native Method) ~[?:1.8.0_382]
	at javax.security.auth.Subject.doAs(Subject.java:422) [?:1.8.0_382]
	at org.apache.hadoop.security.UserGroupInformation.doAs(UserGroupInformation.java:1899) [hadoop-common-3.3.6.jar:?]
	at org.apache.hadoop.ipc.Server$Handler.run(Server.java:3048) [hadoop-common-3.3.6.jar:?]
]]></system-out>
  </testcase>
  <testcase name="testRenameDir" classname="TestOzoneFileSystem" time="0.021">
    <system-out><![CDATA[2023-09-19 02:05:23,438 [Time-limited test] INFO  ozone.TestOzoneFileSystem (TestOzoneFileSystem.java:testRenameDir(1438)) - Created dir o3fs://bucket81401.volume43065/root_dir/dir1/sub_dir1
2023-09-19 02:05:23,438 [Time-limited test] INFO  ozone.TestOzoneFileSystem (TestOzoneFileSystem.java:testRenameDir(1439)) - Will move o3fs://bucket81401.volume43065/root_dir/dir1 to o3fs://bucket81401.volume43065/root_dir/dir1.renamed
02:05:23.439 [IPC Server handler 9 on default port 15057] ERROR OMAudit - user=runner | ip=127.0.0.1 | op=GET_FILE_STATUS {volume=volume43065, bucket=bucket81401, key=root_dir/dir1.renamed, dataSize=0, replicationConfig=null} | ret=FAILURE
org.apache.hadoop.ozone.om.exceptions.OMException: Unable to get file status: volume: volume43065 bucket: bucket81401 key: root_dir/dir1.renamed
	at org.apache.hadoop.ozone.om.KeyManagerImpl.getOzoneFileStatus(KeyManagerImpl.java:1195) ~[ozone-manager-1.4.0-SNAPSHOT.jar:?]
	at org.apache.hadoop.ozone.om.KeyManagerImpl.getFileStatus(KeyManagerImpl.java:1113) ~[ozone-manager-1.4.0-SNAPSHOT.jar:?]
	at org.apache.hadoop.ozone.om.OmMetadataReader.getFileStatus(OmMetadataReader.java:262) ~[ozone-manager-1.4.0-SNAPSHOT.jar:?]
	at org.apache.hadoop.ozone.om.OzoneManager.getFileStatus(OzoneManager.java:3533) ~[ozone-manager-1.4.0-SNAPSHOT.jar:?]
	at org.apache.hadoop.ozone.protocolPB.OzoneManagerRequestHandler.getOzoneFileStatus(OzoneManagerRequestHandler.java:971) ~[ozone-manager-1.4.0-SNAPSHOT.jar:?]
	at org.apache.hadoop.ozone.protocolPB.OzoneManagerRequestHandler.handleReadRequest(OzoneManagerRequestHandler.java:250) ~[ozone-manager-1.4.0-SNAPSHOT.jar:?]
	at org.apache.hadoop.ozone.protocolPB.OzoneManagerProtocolServerSideTranslatorPB.submitRequestDirectlyToOM(OzoneManagerProtocolServerSideTranslatorPB.java:274) ~[ozone-manager-1.4.0-SNAPSHOT.jar:?]
	at org.apache.hadoop.ozone.protocolPB.OzoneManagerProtocolServerSideTranslatorPB.processRequest(OzoneManagerProtocolServerSideTranslatorPB.java:175) ~[ozone-manager-1.4.0-SNAPSHOT.jar:?]
	at org.apache.hadoop.hdds.server.OzoneProtocolMessageDispatcher.processRequest(OzoneProtocolMessageDispatcher.java:87) [hdds-server-framework-1.4.0-SNAPSHOT.jar:?]
	at org.apache.hadoop.ozone.protocolPB.OzoneManagerProtocolServerSideTranslatorPB.submitRequest(OzoneManagerProtocolServerSideTranslatorPB.java:148) [ozone-manager-1.4.0-SNAPSHOT.jar:?]
	at org.apache.hadoop.ozone.protocol.proto.OzoneManagerProtocolProtos$OzoneManagerService$2.callBlockingMethod(OzoneManagerProtocolProtos.java) [ozone-interface-client-1.4.0-SNAPSHOT.jar:?]
	at org.apache.hadoop.ipc.ProtobufRpcEngine$Server.processCall(ProtobufRpcEngine.java:484) [hadoop-common-3.3.6.jar:?]
	at org.apache.hadoop.ipc.ProtobufRpcEngine2$Server$ProtoBufRpcInvoker.call(ProtobufRpcEngine2.java:595) [hadoop-common-3.3.6.jar:?]
	at org.apache.hadoop.ipc.ProtobufRpcEngine2$Server$ProtoBufRpcInvoker.call(ProtobufRpcEngine2.java:573) [hadoop-common-3.3.6.jar:?]
	at org.apache.hadoop.ipc.RPC$Server.call(RPC.java:1227) [hadoop-common-3.3.6.jar:?]
	at org.apache.hadoop.ipc.Server$RpcCall.run(Server.java:1094) [hadoop-common-3.3.6.jar:?]
	at org.apache.hadoop.ipc.Server$RpcCall.run(Server.java:1017) [hadoop-common-3.3.6.jar:?]
	at java.security.AccessController.doPrivileged(Native Method) ~[?:1.8.0_382]
	at javax.security.auth.Subject.doAs(Subject.java:422) [?:1.8.0_382]
	at org.apache.hadoop.security.UserGroupInformation.doAs(UserGroupInformation.java:1899) [hadoop-common-3.3.6.jar:?]
	at org.apache.hadoop.ipc.Server$Handler.run(Server.java:3048) [hadoop-common-3.3.6.jar:?]
]]></system-out>
  </testcase>
  <testcase name="testRenameDir" classname="TestOzoneFileSystem" time="0.015">
    <system-out><![CDATA[2023-09-19 02:06:25,995 [Time-limited test] INFO  ozone.TestOzoneFileSystem (TestOzoneFileSystem.java:testRenameDir(1438)) - Created dir o3fs://bucket36089.volume18939/root_dir/dir1/sub_dir1
2023-09-19 02:06:25,995 [Time-limited test] INFO  ozone.TestOzoneFileSystem (TestOzoneFileSystem.java:testRenameDir(1439)) - Will move o3fs://bucket36089.volume18939/root_dir/dir1 to o3fs://bucket36089.volume18939/root_dir/dir1.renamed
02:06:25.996 [IPC Server handler 9 on default port 15110] ERROR OMAudit - user=runner | ip=127.0.0.1 | op=GET_FILE_STATUS {volume=volume18939, bucket=bucket36089, key=root_dir/dir1.renamed, dataSize=0, replicationConfig=null} | ret=FAILURE
org.apache.hadoop.ozone.om.exceptions.OMException: Unable to get file status: volume: volume18939 bucket: bucket36089 key: root_dir/dir1.renamed
	at org.apache.hadoop.ozone.om.KeyManagerImpl.getOzoneFileStatus(KeyManagerImpl.java:1195) ~[ozone-manager-1.4.0-SNAPSHOT.jar:?]
	at org.apache.hadoop.ozone.om.KeyManagerImpl.getFileStatus(KeyManagerImpl.java:1113) ~[ozone-manager-1.4.0-SNAPSHOT.jar:?]
	at org.apache.hadoop.ozone.om.OmMetadataReader.getFileStatus(OmMetadataReader.java:262) ~[ozone-manager-1.4.0-SNAPSHOT.jar:?]
	at org.apache.hadoop.ozone.om.OzoneManager.getFileStatus(OzoneManager.java:3533) ~[ozone-manager-1.4.0-SNAPSHOT.jar:?]
	at org.apache.hadoop.ozone.protocolPB.OzoneManagerRequestHandler.getOzoneFileStatus(OzoneManagerRequestHandler.java:971) ~[ozone-manager-1.4.0-SNAPSHOT.jar:?]
	at org.apache.hadoop.ozone.protocolPB.OzoneManagerRequestHandler.handleReadRequest(OzoneManagerRequestHandler.java:250) ~[ozone-manager-1.4.0-SNAPSHOT.jar:?]
	at org.apache.hadoop.ozone.protocolPB.OzoneManagerProtocolServerSideTranslatorPB.submitReadRequestToOM(OzoneManagerProtocolServerSideTranslatorPB.java:225) ~[ozone-manager-1.4.0-SNAPSHOT.jar:?]
	at org.apache.hadoop.ozone.protocolPB.OzoneManagerProtocolServerSideTranslatorPB.processRequest(OzoneManagerProtocolServerSideTranslatorPB.java:179) ~[ozone-manager-1.4.0-SNAPSHOT.jar:?]
	at org.apache.hadoop.hdds.server.OzoneProtocolMessageDispatcher.processRequest(OzoneProtocolMessageDispatcher.java:87) [hdds-server-framework-1.4.0-SNAPSHOT.jar:?]
	at org.apache.hadoop.ozone.protocolPB.OzoneManagerProtocolServerSideTranslatorPB.submitRequest(OzoneManagerProtocolServerSideTranslatorPB.java:148) [ozone-manager-1.4.0-SNAPSHOT.jar:?]
	at org.apache.hadoop.ozone.protocol.proto.OzoneManagerProtocolProtos$OzoneManagerService$2.callBlockingMethod(OzoneManagerProtocolProtos.java) [ozone-interface-client-1.4.0-SNAPSHOT.jar:?]
	at org.apache.hadoop.ipc.ProtobufRpcEngine$Server.processCall(ProtobufRpcEngine.java:484) [hadoop-common-3.3.6.jar:?]
	at org.apache.hadoop.ipc.ProtobufRpcEngine2$Server$ProtoBufRpcInvoker.call(ProtobufRpcEngine2.java:595) [hadoop-common-3.3.6.jar:?]
	at org.apache.hadoop.ipc.ProtobufRpcEngine2$Server$ProtoBufRpcInvoker.call(ProtobufRpcEngine2.java:573) [hadoop-common-3.3.6.jar:?]
	at org.apache.hadoop.ipc.RPC$Server.call(RPC.java:1227) [hadoop-common-3.3.6.jar:?]
	at org.apache.hadoop.ipc.Server$RpcCall.run(Server.java:1094) [hadoop-common-3.3.6.jar:?]
	at org.apache.hadoop.ipc.Server$RpcCall.run(Server.java:1017) [hadoop-common-3.3.6.jar:?]
	at java.security.AccessController.doPrivileged(Native Method) ~[?:1.8.0_382]
	at javax.security.auth.Subject.doAs(Subject.java:422) [?:1.8.0_382]
	at org.apache.hadoop.security.UserGroupInformation.doAs(UserGroupInformation.java:1899) [hadoop-common-3.3.6.jar:?]
	at org.apache.hadoop.ipc.Server$Handler.run(Server.java:3048) [hadoop-common-3.3.6.jar:?]
]]></system-out>
  </testcase>
  <testcase name="testRenameDir" classname="TestOzoneFileSystem" time="0.012">
    <system-out><![CDATA[2023-09-19 02:07:33,280 [Time-limited test] INFO  ozone.TestOzoneFileSystem (TestOzoneFileSystem.java:testRenameDir(1438)) - Created dir o3fs://bucket58129.volume12196/root_dir/dir1/sub_dir1
2023-09-19 02:07:33,280 [Time-limited test] INFO  ozone.TestOzoneFileSystem (TestOzoneFileSystem.java:testRenameDir(1439)) - Will move o3fs://bucket58129.volume12196/root_dir/dir1 to o3fs://bucket58129.volume12196/root_dir/dir1.renamed
02:07:33.281 [IPC Server handler 10 on default port 15163] ERROR OMAudit - user=runner | ip=127.0.0.1 | op=GET_FILE_STATUS {volume=volume12196, bucket=bucket58129, key=root_dir/dir1.renamed, dataSize=0, replicationConfig=null} | ret=FAILURE
org.apache.hadoop.ozone.om.exceptions.OMException: Unable to get file status: volume: volume12196 bucket: bucket58129 key: root_dir/dir1.renamed
	at org.apache.hadoop.ozone.om.KeyManagerImpl.getOzoneFileStatus(KeyManagerImpl.java:1195) ~[ozone-manager-1.4.0-SNAPSHOT.jar:?]
	at org.apache.hadoop.ozone.om.KeyManagerImpl.getFileStatus(KeyManagerImpl.java:1113) ~[ozone-manager-1.4.0-SNAPSHOT.jar:?]
	at org.apache.hadoop.ozone.om.OmMetadataReader.getFileStatus(OmMetadataReader.java:262) ~[ozone-manager-1.4.0-SNAPSHOT.jar:?]
	at org.apache.hadoop.ozone.om.OzoneManager.getFileStatus(OzoneManager.java:3533) ~[ozone-manager-1.4.0-SNAPSHOT.jar:?]
	at org.apache.hadoop.ozone.protocolPB.OzoneManagerRequestHandler.getOzoneFileStatus(OzoneManagerRequestHandler.java:971) ~[ozone-manager-1.4.0-SNAPSHOT.jar:?]
	at org.apache.hadoop.ozone.protocolPB.OzoneManagerRequestHandler.handleReadRequest(OzoneManagerRequestHandler.java:250) ~[ozone-manager-1.4.0-SNAPSHOT.jar:?]
	at org.apache.hadoop.ozone.protocolPB.OzoneManagerProtocolServerSideTranslatorPB.submitRequestDirectlyToOM(OzoneManagerProtocolServerSideTranslatorPB.java:274) ~[ozone-manager-1.4.0-SNAPSHOT.jar:?]
	at org.apache.hadoop.ozone.protocolPB.OzoneManagerProtocolServerSideTranslatorPB.processRequest(OzoneManagerProtocolServerSideTranslatorPB.java:175) ~[ozone-manager-1.4.0-SNAPSHOT.jar:?]
	at org.apache.hadoop.hdds.server.OzoneProtocolMessageDispatcher.processRequest(OzoneProtocolMessageDispatcher.java:87) [hdds-server-framework-1.4.0-SNAPSHOT.jar:?]
	at org.apache.hadoop.ozone.protocolPB.OzoneManagerProtocolServerSideTranslatorPB.submitRequest(OzoneManagerProtocolServerSideTranslatorPB.java:148) [ozone-manager-1.4.0-SNAPSHOT.jar:?]
	at org.apache.hadoop.ozone.protocol.proto.OzoneManagerProtocolProtos$OzoneManagerService$2.callBlockingMethod(OzoneManagerProtocolProtos.java) [ozone-interface-client-1.4.0-SNAPSHOT.jar:?]
	at org.apache.hadoop.ipc.ProtobufRpcEngine$Server.processCall(ProtobufRpcEngine.java:484) [hadoop-common-3.3.6.jar:?]
	at org.apache.hadoop.ipc.ProtobufRpcEngine2$Server$ProtoBufRpcInvoker.call(ProtobufRpcEngine2.java:595) [hadoop-common-3.3.6.jar:?]
	at org.apache.hadoop.ipc.ProtobufRpcEngine2$Server$ProtoBufRpcInvoker.call(ProtobufRpcEngine2.java:573) [hadoop-common-3.3.6.jar:?]
	at org.apache.hadoop.ipc.RPC$Server.call(RPC.java:1227) [hadoop-common-3.3.6.jar:?]
	at org.apache.hadoop.ipc.Server$RpcCall.run(Server.java:1094) [hadoop-common-3.3.6.jar:?]
	at org.apache.hadoop.ipc.Server$RpcCall.run(Server.java:1017) [hadoop-common-3.3.6.jar:?]
	at java.security.AccessController.doPrivileged(Native Method) ~[?:1.8.0_382]
	at javax.security.auth.Subject.doAs(Subject.java:422) [?:1.8.0_382]
	at org.apache.hadoop.security.UserGroupInformation.doAs(UserGroupInformation.java:1899) [hadoop-common-3.3.6.jar:?]
	at org.apache.hadoop.ipc.Server$Handler.run(Server.java:3048) [hadoop-common-3.3.6.jar:?]
]]></system-out>
  </testcase>
  <testcase name="testListStatusIteratorOnSubDirs" classname="TestOzoneFileSystem" time="0.081"/>
  <testcase name="testListStatusIteratorOnSubDirs" classname="TestOzoneFileSystem" time="0.025"/>
  <testcase name="testListStatusIteratorOnSubDirs" classname="TestOzoneFileSystem" time="0.022"/>
  <testcase name="testListStatusIteratorOnSubDirs" classname="TestOzoneFileSystem" time="0.015"/>
  <testcase name="testAllocateMoreThanOneBlock" classname="TestOzoneFileSystem" time="0.512">
    <system-out><![CDATA[2023-09-19 02:04:03,635 [IPC Server handler 5 on default port 15001] WARN  node.SCMNodeManager (SCMNodeManager.java:getNodesByAddress(1373)) - Cannot find node for address 127.0.0.1
]]></system-out>
  </testcase>
  <testcase name="testAllocateMoreThanOneBlock" classname="TestOzoneFileSystem" time="0.331">
    <system-out><![CDATA[2023-09-19 02:05:23,800 [IPC Server handler 1 on default port 15054] WARN  node.SCMNodeManager (SCMNodeManager.java:getNodesByAddress(1373)) - Cannot find node for address 127.0.0.1
]]></system-out>
  </testcase>
  <testcase name="testAllocateMoreThanOneBlock" classname="TestOzoneFileSystem" time="0.318">
    <system-out><![CDATA[2023-09-19 02:06:26,340 [IPC Server handler 8 on default port 15107] WARN  node.SCMNodeManager (SCMNodeManager.java:getNodesByAddress(1373)) - Cannot find node for address 127.0.0.1
]]></system-out>
  </testcase>
  <testcase name="testAllocateMoreThanOneBlock" classname="TestOzoneFileSystem" time="0.306">
    <system-out><![CDATA[2023-09-19 02:07:33,602 [IPC Server handler 7 on default port 15160] WARN  node.SCMNodeManager (SCMNodeManager.java:getNodesByAddress(1373)) - Cannot find node for address 127.0.0.1
]]></system-out>
  </testcase>
  <testcase name="testRenameToExistingDir" classname="TestOzoneFileSystem" time="0.095">
    <system-out><![CDATA[02:04:03.723 [IPC Server handler 12 on default port 15004] ERROR OMAudit - user=runner | ip=127.0.0.1 | op=LIST_STATUS {volume=volume43289, bucket=bucket29045, key=b/a, dataSize=0, replicationConfig=null} | ret=FAILURE
org.apache.hadoop.ozone.om.exceptions.OMException: Unable to get file status: volume: volume43289 bucket: bucket29045 key: b/a
	at org.apache.hadoop.ozone.om.KeyManagerImpl.getOzoneFileStatus(KeyManagerImpl.java:1195) ~[ozone-manager-1.4.0-SNAPSHOT.jar:?]
	at org.apache.hadoop.ozone.om.KeyManagerImpl.getFileStatus(KeyManagerImpl.java:1113) ~[ozone-manager-1.4.0-SNAPSHOT.jar:?]
	at org.apache.hadoop.ozone.om.KeyManagerImpl.listStatus(KeyManagerImpl.java:1511) ~[ozone-manager-1.4.0-SNAPSHOT.jar:?]
	at org.apache.hadoop.ozone.om.OmMetadataReader.listStatus(OmMetadataReader.java:235) ~[ozone-manager-1.4.0-SNAPSHOT.jar:?]
	at org.apache.hadoop.ozone.om.OzoneManager.listStatus(OzoneManager.java:3563) ~[ozone-manager-1.4.0-SNAPSHOT.jar:?]
	at org.apache.hadoop.ozone.protocolPB.OzoneManagerRequestHandler.listStatus(OzoneManagerRequestHandler.java:1143) ~[ozone-manager-1.4.0-SNAPSHOT.jar:?]
	at org.apache.hadoop.ozone.protocolPB.OzoneManagerRequestHandler.handleReadRequest(OzoneManagerRequestHandler.java:261) ~[ozone-manager-1.4.0-SNAPSHOT.jar:?]
	at org.apache.hadoop.ozone.protocolPB.OzoneManagerProtocolServerSideTranslatorPB.submitReadRequestToOM(OzoneManagerProtocolServerSideTranslatorPB.java:225) ~[ozone-manager-1.4.0-SNAPSHOT.jar:?]
	at org.apache.hadoop.ozone.protocolPB.OzoneManagerProtocolServerSideTranslatorPB.processRequest(OzoneManagerProtocolServerSideTranslatorPB.java:179) ~[ozone-manager-1.4.0-SNAPSHOT.jar:?]
	at org.apache.hadoop.hdds.server.OzoneProtocolMessageDispatcher.processRequest(OzoneProtocolMessageDispatcher.java:87) [hdds-server-framework-1.4.0-SNAPSHOT.jar:?]
	at org.apache.hadoop.ozone.protocolPB.OzoneManagerProtocolServerSideTranslatorPB.submitRequest(OzoneManagerProtocolServerSideTranslatorPB.java:148) [ozone-manager-1.4.0-SNAPSHOT.jar:?]
	at org.apache.hadoop.ozone.protocol.proto.OzoneManagerProtocolProtos$OzoneManagerService$2.callBlockingMethod(OzoneManagerProtocolProtos.java) [ozone-interface-client-1.4.0-SNAPSHOT.jar:?]
	at org.apache.hadoop.ipc.ProtobufRpcEngine$Server.processCall(ProtobufRpcEngine.java:484) [hadoop-common-3.3.6.jar:?]
	at org.apache.hadoop.ipc.ProtobufRpcEngine2$Server$ProtoBufRpcInvoker.call(ProtobufRpcEngine2.java:595) [hadoop-common-3.3.6.jar:?]
	at org.apache.hadoop.ipc.ProtobufRpcEngine2$Server$ProtoBufRpcInvoker.call(ProtobufRpcEngine2.java:573) [hadoop-common-3.3.6.jar:?]
	at org.apache.hadoop.ipc.RPC$Server.call(RPC.java:1227) [hadoop-common-3.3.6.jar:?]
	at org.apache.hadoop.ipc.Server$RpcCall.run(Server.java:1094) [hadoop-common-3.3.6.jar:?]
	at org.apache.hadoop.ipc.Server$RpcCall.run(Server.java:1017) [hadoop-common-3.3.6.jar:?]
	at java.security.AccessController.doPrivileged(Native Method) ~[?:1.8.0_382]
	at javax.security.auth.Subject.doAs(Subject.java:422) [?:1.8.0_382]
	at org.apache.hadoop.security.UserGroupInformation.doAs(UserGroupInformation.java:1899) [hadoop-common-3.3.6.jar:?]
	at org.apache.hadoop.ipc.Server$Handler.run(Server.java:3048) [hadoop-common-3.3.6.jar:?]
]]></system-out>
  </testcase>
  <testcase name="testRenameToExistingDir" classname="TestOzoneFileSystem" time="0.018">
    <system-out><![CDATA[02:05:23.816 [IPC Server handler 18 on default port 15057] ERROR OMAudit - user=runner | ip=127.0.0.1 | op=LIST_STATUS {volume=volume43065, bucket=bucket81401, key=b/a, dataSize=0, replicationConfig=null} | ret=FAILURE
org.apache.hadoop.ozone.om.exceptions.OMException: Unable to get file status: volume: volume43065 bucket: bucket81401 key: b/a
	at org.apache.hadoop.ozone.om.KeyManagerImpl.getOzoneFileStatus(KeyManagerImpl.java:1195) ~[ozone-manager-1.4.0-SNAPSHOT.jar:?]
	at org.apache.hadoop.ozone.om.KeyManagerImpl.getFileStatus(KeyManagerImpl.java:1113) ~[ozone-manager-1.4.0-SNAPSHOT.jar:?]
	at org.apache.hadoop.ozone.om.KeyManagerImpl.listStatus(KeyManagerImpl.java:1511) ~[ozone-manager-1.4.0-SNAPSHOT.jar:?]
	at org.apache.hadoop.ozone.om.OmMetadataReader.listStatus(OmMetadataReader.java:235) ~[ozone-manager-1.4.0-SNAPSHOT.jar:?]
	at org.apache.hadoop.ozone.om.OzoneManager.listStatus(OzoneManager.java:3563) ~[ozone-manager-1.4.0-SNAPSHOT.jar:?]
	at org.apache.hadoop.ozone.protocolPB.OzoneManagerRequestHandler.listStatus(OzoneManagerRequestHandler.java:1143) ~[ozone-manager-1.4.0-SNAPSHOT.jar:?]
	at org.apache.hadoop.ozone.protocolPB.OzoneManagerRequestHandler.handleReadRequest(OzoneManagerRequestHandler.java:261) ~[ozone-manager-1.4.0-SNAPSHOT.jar:?]
	at org.apache.hadoop.ozone.protocolPB.OzoneManagerProtocolServerSideTranslatorPB.submitRequestDirectlyToOM(OzoneManagerProtocolServerSideTranslatorPB.java:274) ~[ozone-manager-1.4.0-SNAPSHOT.jar:?]
	at org.apache.hadoop.ozone.protocolPB.OzoneManagerProtocolServerSideTranslatorPB.processRequest(OzoneManagerProtocolServerSideTranslatorPB.java:175) ~[ozone-manager-1.4.0-SNAPSHOT.jar:?]
	at org.apache.hadoop.hdds.server.OzoneProtocolMessageDispatcher.processRequest(OzoneProtocolMessageDispatcher.java:87) [hdds-server-framework-1.4.0-SNAPSHOT.jar:?]
	at org.apache.hadoop.ozone.protocolPB.OzoneManagerProtocolServerSideTranslatorPB.submitRequest(OzoneManagerProtocolServerSideTranslatorPB.java:148) [ozone-manager-1.4.0-SNAPSHOT.jar:?]
	at org.apache.hadoop.ozone.protocol.proto.OzoneManagerProtocolProtos$OzoneManagerService$2.callBlockingMethod(OzoneManagerProtocolProtos.java) [ozone-interface-client-1.4.0-SNAPSHOT.jar:?]
	at org.apache.hadoop.ipc.ProtobufRpcEngine$Server.processCall(ProtobufRpcEngine.java:484) [hadoop-common-3.3.6.jar:?]
	at org.apache.hadoop.ipc.ProtobufRpcEngine2$Server$ProtoBufRpcInvoker.call(ProtobufRpcEngine2.java:595) [hadoop-common-3.3.6.jar:?]
	at org.apache.hadoop.ipc.ProtobufRpcEngine2$Server$ProtoBufRpcInvoker.call(ProtobufRpcEngine2.java:573) [hadoop-common-3.3.6.jar:?]
	at org.apache.hadoop.ipc.RPC$Server.call(RPC.java:1227) [hadoop-common-3.3.6.jar:?]
	at org.apache.hadoop.ipc.Server$RpcCall.run(Server.java:1094) [hadoop-common-3.3.6.jar:?]
	at org.apache.hadoop.ipc.Server$RpcCall.run(Server.java:1017) [hadoop-common-3.3.6.jar:?]
	at java.security.AccessController.doPrivileged(Native Method) ~[?:1.8.0_382]
	at javax.security.auth.Subject.doAs(Subject.java:422) [?:1.8.0_382]
	at org.apache.hadoop.security.UserGroupInformation.doAs(UserGroupInformation.java:1899) [hadoop-common-3.3.6.jar:?]
	at org.apache.hadoop.ipc.Server$Handler.run(Server.java:3048) [hadoop-common-3.3.6.jar:?]
]]></system-out>
  </testcase>
  <testcase name="testRenameToExistingDir" classname="TestOzoneFileSystem" time="0.02">
    <system-out><![CDATA[02:06:26.357 [IPC Server handler 11 on default port 15110] ERROR OMAudit - user=runner | ip=127.0.0.1 | op=LIST_STATUS {volume=volume18939, bucket=bucket36089, key=b/a, dataSize=0, replicationConfig=null} | ret=FAILURE
org.apache.hadoop.ozone.om.exceptions.OMException: Unable to get file status: volume: volume18939 bucket: bucket36089 key: b/a
	at org.apache.hadoop.ozone.om.KeyManagerImpl.getOzoneFileStatus(KeyManagerImpl.java:1195) ~[ozone-manager-1.4.0-SNAPSHOT.jar:?]
	at org.apache.hadoop.ozone.om.KeyManagerImpl.getFileStatus(KeyManagerImpl.java:1113) ~[ozone-manager-1.4.0-SNAPSHOT.jar:?]
	at org.apache.hadoop.ozone.om.KeyManagerImpl.listStatus(KeyManagerImpl.java:1511) ~[ozone-manager-1.4.0-SNAPSHOT.jar:?]
	at org.apache.hadoop.ozone.om.OmMetadataReader.listStatus(OmMetadataReader.java:235) ~[ozone-manager-1.4.0-SNAPSHOT.jar:?]
	at org.apache.hadoop.ozone.om.OzoneManager.listStatus(OzoneManager.java:3563) ~[ozone-manager-1.4.0-SNAPSHOT.jar:?]
	at org.apache.hadoop.ozone.protocolPB.OzoneManagerRequestHandler.listStatus(OzoneManagerRequestHandler.java:1143) ~[ozone-manager-1.4.0-SNAPSHOT.jar:?]
	at org.apache.hadoop.ozone.protocolPB.OzoneManagerRequestHandler.handleReadRequest(OzoneManagerRequestHandler.java:261) ~[ozone-manager-1.4.0-SNAPSHOT.jar:?]
	at org.apache.hadoop.ozone.protocolPB.OzoneManagerProtocolServerSideTranslatorPB.submitReadRequestToOM(OzoneManagerProtocolServerSideTranslatorPB.java:225) ~[ozone-manager-1.4.0-SNAPSHOT.jar:?]
	at org.apache.hadoop.ozone.protocolPB.OzoneManagerProtocolServerSideTranslatorPB.processRequest(OzoneManagerProtocolServerSideTranslatorPB.java:179) ~[ozone-manager-1.4.0-SNAPSHOT.jar:?]
	at org.apache.hadoop.hdds.server.OzoneProtocolMessageDispatcher.processRequest(OzoneProtocolMessageDispatcher.java:87) [hdds-server-framework-1.4.0-SNAPSHOT.jar:?]
	at org.apache.hadoop.ozone.protocolPB.OzoneManagerProtocolServerSideTranslatorPB.submitRequest(OzoneManagerProtocolServerSideTranslatorPB.java:148) [ozone-manager-1.4.0-SNAPSHOT.jar:?]
	at org.apache.hadoop.ozone.protocol.proto.OzoneManagerProtocolProtos$OzoneManagerService$2.callBlockingMethod(OzoneManagerProtocolProtos.java) [ozone-interface-client-1.4.0-SNAPSHOT.jar:?]
	at org.apache.hadoop.ipc.ProtobufRpcEngine$Server.processCall(ProtobufRpcEngine.java:484) [hadoop-common-3.3.6.jar:?]
	at org.apache.hadoop.ipc.ProtobufRpcEngine2$Server$ProtoBufRpcInvoker.call(ProtobufRpcEngine2.java:595) [hadoop-common-3.3.6.jar:?]
	at org.apache.hadoop.ipc.ProtobufRpcEngine2$Server$ProtoBufRpcInvoker.call(ProtobufRpcEngine2.java:573) [hadoop-common-3.3.6.jar:?]
	at org.apache.hadoop.ipc.RPC$Server.call(RPC.java:1227) [hadoop-common-3.3.6.jar:?]
	at org.apache.hadoop.ipc.Server$RpcCall.run(Server.java:1094) [hadoop-common-3.3.6.jar:?]
	at org.apache.hadoop.ipc.Server$RpcCall.run(Server.java:1017) [hadoop-common-3.3.6.jar:?]
	at java.security.AccessController.doPrivileged(Native Method) ~[?:1.8.0_382]
	at javax.security.auth.Subject.doAs(Subject.java:422) [?:1.8.0_382]
	at org.apache.hadoop.security.UserGroupInformation.doAs(UserGroupInformation.java:1899) [hadoop-common-3.3.6.jar:?]
	at org.apache.hadoop.ipc.Server$Handler.run(Server.java:3048) [hadoop-common-3.3.6.jar:?]
]]></system-out>
  </testcase>
  <testcase name="testRenameToExistingDir" classname="TestOzoneFileSystem" time="0.022">
    <system-out><![CDATA[02:07:33.626 [IPC Server handler 19 on default port 15163] ERROR OMAudit - user=runner | ip=127.0.0.1 | op=LIST_STATUS {volume=volume12196, bucket=bucket58129, key=b/a, dataSize=0, replicationConfig=null} | ret=FAILURE
org.apache.hadoop.ozone.om.exceptions.OMException: Unable to get file status: volume: volume12196 bucket: bucket58129 key: b/a
	at org.apache.hadoop.ozone.om.KeyManagerImpl.getOzoneFileStatus(KeyManagerImpl.java:1195) ~[ozone-manager-1.4.0-SNAPSHOT.jar:?]
	at org.apache.hadoop.ozone.om.KeyManagerImpl.getFileStatus(KeyManagerImpl.java:1113) ~[ozone-manager-1.4.0-SNAPSHOT.jar:?]
	at org.apache.hadoop.ozone.om.KeyManagerImpl.listStatus(KeyManagerImpl.java:1511) ~[ozone-manager-1.4.0-SNAPSHOT.jar:?]
	at org.apache.hadoop.ozone.om.OmMetadataReader.listStatus(OmMetadataReader.java:235) ~[ozone-manager-1.4.0-SNAPSHOT.jar:?]
	at org.apache.hadoop.ozone.om.OzoneManager.listStatus(OzoneManager.java:3563) ~[ozone-manager-1.4.0-SNAPSHOT.jar:?]
	at org.apache.hadoop.ozone.protocolPB.OzoneManagerRequestHandler.listStatus(OzoneManagerRequestHandler.java:1143) ~[ozone-manager-1.4.0-SNAPSHOT.jar:?]
	at org.apache.hadoop.ozone.protocolPB.OzoneManagerRequestHandler.handleReadRequest(OzoneManagerRequestHandler.java:261) ~[ozone-manager-1.4.0-SNAPSHOT.jar:?]
	at org.apache.hadoop.ozone.protocolPB.OzoneManagerProtocolServerSideTranslatorPB.submitRequestDirectlyToOM(OzoneManagerProtocolServerSideTranslatorPB.java:274) ~[ozone-manager-1.4.0-SNAPSHOT.jar:?]
	at org.apache.hadoop.ozone.protocolPB.OzoneManagerProtocolServerSideTranslatorPB.processRequest(OzoneManagerProtocolServerSideTranslatorPB.java:175) ~[ozone-manager-1.4.0-SNAPSHOT.jar:?]
	at org.apache.hadoop.hdds.server.OzoneProtocolMessageDispatcher.processRequest(OzoneProtocolMessageDispatcher.java:87) [hdds-server-framework-1.4.0-SNAPSHOT.jar:?]
	at org.apache.hadoop.ozone.protocolPB.OzoneManagerProtocolServerSideTranslatorPB.submitRequest(OzoneManagerProtocolServerSideTranslatorPB.java:148) [ozone-manager-1.4.0-SNAPSHOT.jar:?]
	at org.apache.hadoop.ozone.protocol.proto.OzoneManagerProtocolProtos$OzoneManagerService$2.callBlockingMethod(OzoneManagerProtocolProtos.java) [ozone-interface-client-1.4.0-SNAPSHOT.jar:?]
	at org.apache.hadoop.ipc.ProtobufRpcEngine$Server.processCall(ProtobufRpcEngine.java:484) [hadoop-common-3.3.6.jar:?]
	at org.apache.hadoop.ipc.ProtobufRpcEngine2$Server$ProtoBufRpcInvoker.call(ProtobufRpcEngine2.java:595) [hadoop-common-3.3.6.jar:?]
	at org.apache.hadoop.ipc.ProtobufRpcEngine2$Server$ProtoBufRpcInvoker.call(ProtobufRpcEngine2.java:573) [hadoop-common-3.3.6.jar:?]
	at org.apache.hadoop.ipc.RPC$Server.call(RPC.java:1227) [hadoop-common-3.3.6.jar:?]
	at org.apache.hadoop.ipc.Server$RpcCall.run(Server.java:1094) [hadoop-common-3.3.6.jar:?]
	at org.apache.hadoop.ipc.Server$RpcCall.run(Server.java:1017) [hadoop-common-3.3.6.jar:?]
	at java.security.AccessController.doPrivileged(Native Method) ~[?:1.8.0_382]
	at javax.security.auth.Subject.doAs(Subject.java:422) [?:1.8.0_382]
	at org.apache.hadoop.security.UserGroupInformation.doAs(UserGroupInformation.java:1899) [hadoop-common-3.3.6.jar:?]
	at org.apache.hadoop.ipc.Server$Handler.run(Server.java:3048) [hadoop-common-3.3.6.jar:?]
]]></system-out>
  </testcase>
  <testcase name="testRenameDirToItsOwnSubDir" classname="TestOzoneFileSystem" time="0.039">
    <system-out><![CDATA[2023-09-19 02:04:03,800 [Time-limited test] INFO  ozone.TestOzoneFileSystem (TestOzoneFileSystem.java:testRenameDirToItsOwnSubDir(1177)) - Created dir1 o3fs://bucket29045.volume43289/root/dir1/sub_dir1
2023-09-19 02:04:03,800 [Time-limited test] INFO  ozone.TestOzoneFileSystem (TestOzoneFileSystem.java:testRenameDirToItsOwnSubDir(1180)) - Rename op-> source:o3fs://bucket29045.volume43289/root to destin:o3fs://bucket29045.volume43289/root/dir1/sub_dir1
]]></system-out>
  </testcase>
  <testcase name="testRenameDirToItsOwnSubDir" classname="TestOzoneFileSystem" time="0.01">
    <system-out><![CDATA[2023-09-19 02:05:23,831 [Time-limited test] INFO  ozone.TestOzoneFileSystem (TestOzoneFileSystem.java:testRenameDirToItsOwnSubDir(1177)) - Created dir1 o3fs://bucket81401.volume43065/root/dir1/sub_dir1
2023-09-19 02:05:23,831 [Time-limited test] INFO  ozone.TestOzoneFileSystem (TestOzoneFileSystem.java:testRenameDirToItsOwnSubDir(1180)) - Rename op-> source:o3fs://bucket81401.volume43065/root to destin:o3fs://bucket81401.volume43065/root/dir1/sub_dir1
]]></system-out>
  </testcase>
  <testcase name="testRenameDirToItsOwnSubDir" classname="TestOzoneFileSystem" time="0.01">
    <system-out><![CDATA[2023-09-19 02:06:26,371 [Time-limited test] INFO  ozone.TestOzoneFileSystem (TestOzoneFileSystem.java:testRenameDirToItsOwnSubDir(1177)) - Created dir1 o3fs://bucket36089.volume18939/root/dir1/sub_dir1
2023-09-19 02:06:26,371 [Time-limited test] INFO  ozone.TestOzoneFileSystem (TestOzoneFileSystem.java:testRenameDirToItsOwnSubDir(1180)) - Rename op-> source:o3fs://bucket36089.volume18939/root to destin:o3fs://bucket36089.volume18939/root/dir1/sub_dir1
]]></system-out>
  </testcase>
  <testcase name="testRenameDirToItsOwnSubDir" classname="TestOzoneFileSystem" time="0.008">
    <system-out><![CDATA[2023-09-19 02:07:33,639 [Time-limited test] INFO  ozone.TestOzoneFileSystem (TestOzoneFileSystem.java:testRenameDirToItsOwnSubDir(1177)) - Created dir1 o3fs://bucket58129.volume12196/root/dir1/sub_dir1
2023-09-19 02:07:33,639 [Time-limited test] INFO  ozone.TestOzoneFileSystem (TestOzoneFileSystem.java:testRenameDirToItsOwnSubDir(1180)) - Rename op-> source:o3fs://bucket58129.volume12196/root to destin:o3fs://bucket58129.volume12196/root/dir1/sub_dir1
]]></system-out>
  </testcase>
  <testcase name="testGetDirectoryModificationTime" classname="TestOzoneFileSystem" time="0.17"/>
  <testcase name="testGetDirectoryModificationTime" classname="TestOzoneFileSystem" time="0.132"/>
  <testcase name="testGetDirectoryModificationTime" classname="TestOzoneFileSystem" time="0.138"/>
  <testcase name="testGetDirectoryModificationTime" classname="TestOzoneFileSystem" time="0.123"/>
  <testcase name="testOzoneFsServiceLoader" classname="TestOzoneFileSystem" time="0.007"/>
  <testcase name="testOzoneFsServiceLoader" classname="TestOzoneFileSystem" time="0.002"/>
  <testcase name="testOzoneFsServiceLoader" classname="TestOzoneFileSystem" time="0.002"/>
  <testcase name="testOzoneFsServiceLoader" classname="TestOzoneFileSystem" time="0.001"/>
  <testcase name="testTrash" classname="TestOzoneFileSystem" time="3.607">
    <system-out><![CDATA[02:04:04.016 [IPC Server handler 7 on default port 15004] ERROR OMAudit - user=runner | ip=127.0.0.1 | op=GET_FILE_STATUS {volume=volume43289, bucket=bucket29045, key=.Trash/runner, dataSize=0, replicationConfig=null} | ret=FAILURE
org.apache.hadoop.ozone.om.exceptions.OMException: Unable to get file status: volume: volume43289 bucket: bucket29045 key: .Trash/runner
	at org.apache.hadoop.ozone.om.KeyManagerImpl.getOzoneFileStatus(KeyManagerImpl.java:1195) ~[ozone-manager-1.4.0-SNAPSHOT.jar:?]
	at org.apache.hadoop.ozone.om.KeyManagerImpl.getFileStatus(KeyManagerImpl.java:1113) ~[ozone-manager-1.4.0-SNAPSHOT.jar:?]
	at org.apache.hadoop.ozone.om.OmMetadataReader.getFileStatus(OmMetadataReader.java:262) ~[ozone-manager-1.4.0-SNAPSHOT.jar:?]
	at org.apache.hadoop.ozone.om.OzoneManager.getFileStatus(OzoneManager.java:3533) ~[ozone-manager-1.4.0-SNAPSHOT.jar:?]
	at org.apache.hadoop.ozone.protocolPB.OzoneManagerRequestHandler.getOzoneFileStatus(OzoneManagerRequestHandler.java:971) ~[ozone-manager-1.4.0-SNAPSHOT.jar:?]
	at org.apache.hadoop.ozone.protocolPB.OzoneManagerRequestHandler.handleReadRequest(OzoneManagerRequestHandler.java:250) ~[ozone-manager-1.4.0-SNAPSHOT.jar:?]
	at org.apache.hadoop.ozone.protocolPB.OzoneManagerProtocolServerSideTranslatorPB.submitReadRequestToOM(OzoneManagerProtocolServerSideTranslatorPB.java:225) ~[ozone-manager-1.4.0-SNAPSHOT.jar:?]
	at org.apache.hadoop.ozone.protocolPB.OzoneManagerProtocolServerSideTranslatorPB.processRequest(OzoneManagerProtocolServerSideTranslatorPB.java:179) ~[ozone-manager-1.4.0-SNAPSHOT.jar:?]
	at org.apache.hadoop.hdds.server.OzoneProtocolMessageDispatcher.processRequest(OzoneProtocolMessageDispatcher.java:87) [hdds-server-framework-1.4.0-SNAPSHOT.jar:?]
	at org.apache.hadoop.ozone.protocolPB.OzoneManagerProtocolServerSideTranslatorPB.submitRequest(OzoneManagerProtocolServerSideTranslatorPB.java:148) [ozone-manager-1.4.0-SNAPSHOT.jar:?]
	at org.apache.hadoop.ozone.protocol.proto.OzoneManagerProtocolProtos$OzoneManagerService$2.callBlockingMethod(OzoneManagerProtocolProtos.java) [ozone-interface-client-1.4.0-SNAPSHOT.jar:?]
	at org.apache.hadoop.ipc.ProtobufRpcEngine$Server.processCall(ProtobufRpcEngine.java:484) [hadoop-common-3.3.6.jar:?]
	at org.apache.hadoop.ipc.ProtobufRpcEngine2$Server$ProtoBufRpcInvoker.call(ProtobufRpcEngine2.java:595) [hadoop-common-3.3.6.jar:?]
	at org.apache.hadoop.ipc.ProtobufRpcEngine2$Server$ProtoBufRpcInvoker.call(ProtobufRpcEngine2.java:573) [hadoop-common-3.3.6.jar:?]
	at org.apache.hadoop.ipc.RPC$Server.call(RPC.java:1227) [hadoop-common-3.3.6.jar:?]
	at org.apache.hadoop.ipc.Server$RpcCall.run(Server.java:1094) [hadoop-common-3.3.6.jar:?]
	at org.apache.hadoop.ipc.Server$RpcCall.run(Server.java:1017) [hadoop-common-3.3.6.jar:?]
	at java.security.AccessController.doPrivileged(Native Method) ~[?:1.8.0_382]
	at javax.security.auth.Subject.doAs(Subject.java:422) [?:1.8.0_382]
	at org.apache.hadoop.security.UserGroupInformation.doAs(UserGroupInformation.java:1899) [hadoop-common-3.3.6.jar:?]
	at org.apache.hadoop.ipc.Server$Handler.run(Server.java:3048) [hadoop-common-3.3.6.jar:?]
02:04:04.031 [IPC Server handler 13 on default port 15004] ERROR OMAudit - user=runner | ip=127.0.0.1 | op=GET_FILE_STATUS {volume=volume43289, bucket=bucket29045, key=.Trash/runner/Current/testKey2, dataSize=0, replicationConfig=null} | ret=FAILURE
org.apache.hadoop.ozone.om.exceptions.OMException: Unable to get file status: volume: volume43289 bucket: bucket29045 key: .Trash/runner/Current/testKey2
	at org.apache.hadoop.ozone.om.KeyManagerImpl.getOzoneFileStatus(KeyManagerImpl.java:1195) ~[ozone-manager-1.4.0-SNAPSHOT.jar:?]
	at org.apache.hadoop.ozone.om.KeyManagerImpl.getFileStatus(KeyManagerImpl.java:1113) ~[ozone-manager-1.4.0-SNAPSHOT.jar:?]
	at org.apache.hadoop.ozone.om.OmMetadataReader.getFileStatus(OmMetadataReader.java:262) ~[ozone-manager-1.4.0-SNAPSHOT.jar:?]
	at org.apache.hadoop.ozone.om.OzoneManager.getFileStatus(OzoneManager.java:3533) ~[ozone-manager-1.4.0-SNAPSHOT.jar:?]
	at org.apache.hadoop.ozone.protocolPB.OzoneManagerRequestHandler.getOzoneFileStatus(OzoneManagerRequestHandler.java:971) ~[ozone-manager-1.4.0-SNAPSHOT.jar:?]
	at org.apache.hadoop.ozone.protocolPB.OzoneManagerRequestHandler.handleReadRequest(OzoneManagerRequestHandler.java:250) ~[ozone-manager-1.4.0-SNAPSHOT.jar:?]
	at org.apache.hadoop.ozone.protocolPB.OzoneManagerProtocolServerSideTranslatorPB.submitReadRequestToOM(OzoneManagerProtocolServerSideTranslatorPB.java:225) ~[ozone-manager-1.4.0-SNAPSHOT.jar:?]
	at org.apache.hadoop.ozone.protocolPB.OzoneManagerProtocolServerSideTranslatorPB.processRequest(OzoneManagerProtocolServerSideTranslatorPB.java:179) ~[ozone-manager-1.4.0-SNAPSHOT.jar:?]
	at org.apache.hadoop.hdds.server.OzoneProtocolMessageDispatcher.processRequest(OzoneProtocolMessageDispatcher.java:87) [hdds-server-framework-1.4.0-SNAPSHOT.jar:?]
	at org.apache.hadoop.ozone.protocolPB.OzoneManagerProtocolServerSideTranslatorPB.submitRequest(OzoneManagerProtocolServerSideTranslatorPB.java:148) [ozone-manager-1.4.0-SNAPSHOT.jar:?]
	at org.apache.hadoop.ozone.protocol.proto.OzoneManagerProtocolProtos$OzoneManagerService$2.callBlockingMethod(OzoneManagerProtocolProtos.java) [ozone-interface-client-1.4.0-SNAPSHOT.jar:?]
	at org.apache.hadoop.ipc.ProtobufRpcEngine$Server.processCall(ProtobufRpcEngine.java:484) [hadoop-common-3.3.6.jar:?]
	at org.apache.hadoop.ipc.ProtobufRpcEngine2$Server$ProtoBufRpcInvoker.call(ProtobufRpcEngine2.java:595) [hadoop-common-3.3.6.jar:?]
	at org.apache.hadoop.ipc.ProtobufRpcEngine2$Server$ProtoBufRpcInvoker.call(ProtobufRpcEngine2.java:573) [hadoop-common-3.3.6.jar:?]
	at org.apache.hadoop.ipc.RPC$Server.call(RPC.java:1227) [hadoop-common-3.3.6.jar:?]
	at org.apache.hadoop.ipc.Server$RpcCall.run(Server.java:1094) [hadoop-common-3.3.6.jar:?]
	at org.apache.hadoop.ipc.Server$RpcCall.run(Server.java:1017) [hadoop-common-3.3.6.jar:?]
	at java.security.AccessController.doPrivileged(Native Method) ~[?:1.8.0_382]
	at javax.security.auth.Subject.doAs(Subject.java:422) [?:1.8.0_382]
	at org.apache.hadoop.security.UserGroupInformation.doAs(UserGroupInformation.java:1899) [hadoop-common-3.3.6.jar:?]
	at org.apache.hadoop.ipc.Server$Handler.run(Server.java:3048) [hadoop-common-3.3.6.jar:?]
02:04:04.034 [IPC Server handler 0 on default port 15004] ERROR OMAudit - user=runner | ip=127.0.0.1 | op=GET_FILE_STATUS {volume=volume43289, bucket=bucket29045, key=.Trash/runner/Current/testKey2, dataSize=0, replicationConfig=null} | ret=FAILURE
org.apache.hadoop.ozone.om.exceptions.OMException: Unable to get file status: volume: volume43289 bucket: bucket29045 key: .Trash/runner/Current/testKey2
	at org.apache.hadoop.ozone.om.KeyManagerImpl.getOzoneFileStatus(KeyManagerImpl.java:1195) ~[ozone-manager-1.4.0-SNAPSHOT.jar:?]
	at org.apache.hadoop.ozone.om.KeyManagerImpl.getFileStatus(KeyManagerImpl.java:1113) ~[ozone-manager-1.4.0-SNAPSHOT.jar:?]
	at org.apache.hadoop.ozone.om.OmMetadataReader.getFileStatus(OmMetadataReader.java:262) ~[ozone-manager-1.4.0-SNAPSHOT.jar:?]
	at org.apache.hadoop.ozone.om.OzoneManager.getFileStatus(OzoneManager.java:3533) ~[ozone-manager-1.4.0-SNAPSHOT.jar:?]
	at org.apache.hadoop.ozone.protocolPB.OzoneManagerRequestHandler.getOzoneFileStatus(OzoneManagerRequestHandler.java:971) ~[ozone-manager-1.4.0-SNAPSHOT.jar:?]
	at org.apache.hadoop.ozone.protocolPB.OzoneManagerRequestHandler.handleReadRequest(OzoneManagerRequestHandler.java:250) ~[ozone-manager-1.4.0-SNAPSHOT.jar:?]
	at org.apache.hadoop.ozone.protocolPB.OzoneManagerProtocolServerSideTranslatorPB.submitReadRequestToOM(OzoneManagerProtocolServerSideTranslatorPB.java:225) ~[ozone-manager-1.4.0-SNAPSHOT.jar:?]
	at org.apache.hadoop.ozone.protocolPB.OzoneManagerProtocolServerSideTranslatorPB.processRequest(OzoneManagerProtocolServerSideTranslatorPB.java:179) ~[ozone-manager-1.4.0-SNAPSHOT.jar:?]
	at org.apache.hadoop.hdds.server.OzoneProtocolMessageDispatcher.processRequest(OzoneProtocolMessageDispatcher.java:87) [hdds-server-framework-1.4.0-SNAPSHOT.jar:?]
	at org.apache.hadoop.ozone.protocolPB.OzoneManagerProtocolServerSideTranslatorPB.submitRequest(OzoneManagerProtocolServerSideTranslatorPB.java:148) [ozone-manager-1.4.0-SNAPSHOT.jar:?]
	at org.apache.hadoop.ozone.protocol.proto.OzoneManagerProtocolProtos$OzoneManagerService$2.callBlockingMethod(OzoneManagerProtocolProtos.java) [ozone-interface-client-1.4.0-SNAPSHOT.jar:?]
	at org.apache.hadoop.ipc.ProtobufRpcEngine$Server.processCall(ProtobufRpcEngine.java:484) [hadoop-common-3.3.6.jar:?]
	at org.apache.hadoop.ipc.ProtobufRpcEngine2$Server$ProtoBufRpcInvoker.call(ProtobufRpcEngine2.java:595) [hadoop-common-3.3.6.jar:?]
	at org.apache.hadoop.ipc.ProtobufRpcEngine2$Server$ProtoBufRpcInvoker.call(ProtobufRpcEngine2.java:573) [hadoop-common-3.3.6.jar:?]
	at org.apache.hadoop.ipc.RPC$Server.call(RPC.java:1227) [hadoop-common-3.3.6.jar:?]
	at org.apache.hadoop.ipc.Server$RpcCall.run(Server.java:1094) [hadoop-common-3.3.6.jar:?]
	at org.apache.hadoop.ipc.Server$RpcCall.run(Server.java:1017) [hadoop-common-3.3.6.jar:?]
	at java.security.AccessController.doPrivileged(Native Method) ~[?:1.8.0_382]
	at javax.security.auth.Subject.doAs(Subject.java:422) [?:1.8.0_382]
	at org.apache.hadoop.security.UserGroupInformation.doAs(UserGroupInformation.java:1899) [hadoop-common-3.3.6.jar:?]
	at org.apache.hadoop.ipc.Server$Handler.run(Server.java:3048) [hadoop-common-3.3.6.jar:?]
2023-09-19 02:04:04,045 [Time-limited test] INFO  om.TrashPolicyOzone (TrashPolicyOzone.java:moveToTrash(213)) - Moved: '/testKey2' to trash at: o3fs://bucket29045.volume43289/.Trash/runner/Current/testKey2
02:04:04.566 [IPC Server handler 14 on default port 15004] ERROR OMAudit - user=runner | ip=127.0.0.1 | op=GET_FILE_STATUS {volume=volume43289, bucket=bucket29045, key=.Trash/runner/Current/testKey2, dataSize=0, replicationConfig=null} | ret=FAILURE
org.apache.hadoop.ozone.om.exceptions.OMException: Unable to get file status: volume: volume43289 bucket: bucket29045 key: .Trash/runner/Current/testKey2
	at org.apache.hadoop.ozone.om.KeyManagerImpl.getOzoneFileStatus(KeyManagerImpl.java:1195) ~[ozone-manager-1.4.0-SNAPSHOT.jar:?]
	at org.apache.hadoop.ozone.om.KeyManagerImpl.getFileStatus(KeyManagerImpl.java:1113) ~[ozone-manager-1.4.0-SNAPSHOT.jar:?]
	at org.apache.hadoop.ozone.om.OmMetadataReader.getFileStatus(OmMetadataReader.java:262) ~[ozone-manager-1.4.0-SNAPSHOT.jar:?]
	at org.apache.hadoop.ozone.om.OzoneManager.getFileStatus(OzoneManager.java:3533) ~[ozone-manager-1.4.0-SNAPSHOT.jar:?]
	at org.apache.hadoop.ozone.protocolPB.OzoneManagerRequestHandler.getOzoneFileStatus(OzoneManagerRequestHandler.java:971) ~[ozone-manager-1.4.0-SNAPSHOT.jar:?]
	at org.apache.hadoop.ozone.protocolPB.OzoneManagerRequestHandler.handleReadRequest(OzoneManagerRequestHandler.java:250) ~[ozone-manager-1.4.0-SNAPSHOT.jar:?]
	at org.apache.hadoop.ozone.protocolPB.OzoneManagerProtocolServerSideTranslatorPB.submitReadRequestToOM(OzoneManagerProtocolServerSideTranslatorPB.java:225) ~[ozone-manager-1.4.0-SNAPSHOT.jar:?]
	at org.apache.hadoop.ozone.protocolPB.OzoneManagerProtocolServerSideTranslatorPB.processRequest(OzoneManagerProtocolServerSideTranslatorPB.java:179) ~[ozone-manager-1.4.0-SNAPSHOT.jar:?]
	at org.apache.hadoop.hdds.server.OzoneProtocolMessageDispatcher.processRequest(OzoneProtocolMessageDispatcher.java:87) [hdds-server-framework-1.4.0-SNAPSHOT.jar:?]
	at org.apache.hadoop.ozone.protocolPB.OzoneManagerProtocolServerSideTranslatorPB.submitRequest(OzoneManagerProtocolServerSideTranslatorPB.java:148) [ozone-manager-1.4.0-SNAPSHOT.jar:?]
	at org.apache.hadoop.ozone.protocol.proto.OzoneManagerProtocolProtos$OzoneManagerService$2.callBlockingMethod(OzoneManagerProtocolProtos.java) [ozone-interface-client-1.4.0-SNAPSHOT.jar:?]
	at org.apache.hadoop.ipc.ProtobufRpcEngine$Server.processCall(ProtobufRpcEngine.java:484) [hadoop-common-3.3.6.jar:?]
	at org.apache.hadoop.ipc.ProtobufRpcEngine2$Server$ProtoBufRpcInvoker.call(ProtobufRpcEngine2.java:595) [hadoop-common-3.3.6.jar:?]
	at org.apache.hadoop.ipc.ProtobufRpcEngine2$Server$ProtoBufRpcInvoker.call(ProtobufRpcEngine2.java:573) [hadoop-common-3.3.6.jar:?]
	at org.apache.hadoop.ipc.RPC$Server.call(RPC.java:1227) [hadoop-common-3.3.6.jar:?]
	at org.apache.hadoop.ipc.Server$RpcCall.run(Server.java:1094) [hadoop-common-3.3.6.jar:?]
	at org.apache.hadoop.ipc.Server$RpcCall.run(Server.java:1017) [hadoop-common-3.3.6.jar:?]
	at java.security.AccessController.doPrivileged(Native Method) ~[?:1.8.0_382]
	at javax.security.auth.Subject.doAs(Subject.java:422) [?:1.8.0_382]
	at org.apache.hadoop.security.UserGroupInformation.doAs(UserGroupInformation.java:1899) [hadoop-common-3.3.6.jar:?]
	at org.apache.hadoop.ipc.Server$Handler.run(Server.java:3048) [hadoop-common-3.3.6.jar:?]
]]></system-out>
  </testcase>
  <testcase name="testTrash" classname="TestOzoneFileSystem" time="3.139">
    <system-out><![CDATA[02:05:23.982 [IPC Server handler 6 on default port 15057] ERROR OMAudit - user=runner | ip=127.0.0.1 | op=GET_FILE_STATUS {volume=volume43065, bucket=bucket81401, key=.Trash/runner, dataSize=0, replicationConfig=null} | ret=FAILURE
org.apache.hadoop.ozone.om.exceptions.OMException: Unable to get file status: volume: volume43065 bucket: bucket81401 key: .Trash/runner
	at org.apache.hadoop.ozone.om.KeyManagerImpl.getOzoneFileStatus(KeyManagerImpl.java:1195) ~[ozone-manager-1.4.0-SNAPSHOT.jar:?]
	at org.apache.hadoop.ozone.om.KeyManagerImpl.getFileStatus(KeyManagerImpl.java:1113) ~[ozone-manager-1.4.0-SNAPSHOT.jar:?]
	at org.apache.hadoop.ozone.om.OmMetadataReader.getFileStatus(OmMetadataReader.java:262) ~[ozone-manager-1.4.0-SNAPSHOT.jar:?]
	at org.apache.hadoop.ozone.om.OzoneManager.getFileStatus(OzoneManager.java:3533) ~[ozone-manager-1.4.0-SNAPSHOT.jar:?]
	at org.apache.hadoop.ozone.protocolPB.OzoneManagerRequestHandler.getOzoneFileStatus(OzoneManagerRequestHandler.java:971) ~[ozone-manager-1.4.0-SNAPSHOT.jar:?]
	at org.apache.hadoop.ozone.protocolPB.OzoneManagerRequestHandler.handleReadRequest(OzoneManagerRequestHandler.java:250) ~[ozone-manager-1.4.0-SNAPSHOT.jar:?]
	at org.apache.hadoop.ozone.protocolPB.OzoneManagerProtocolServerSideTranslatorPB.submitRequestDirectlyToOM(OzoneManagerProtocolServerSideTranslatorPB.java:274) ~[ozone-manager-1.4.0-SNAPSHOT.jar:?]
	at org.apache.hadoop.ozone.protocolPB.OzoneManagerProtocolServerSideTranslatorPB.processRequest(OzoneManagerProtocolServerSideTranslatorPB.java:175) ~[ozone-manager-1.4.0-SNAPSHOT.jar:?]
	at org.apache.hadoop.hdds.server.OzoneProtocolMessageDispatcher.processRequest(OzoneProtocolMessageDispatcher.java:87) [hdds-server-framework-1.4.0-SNAPSHOT.jar:?]
	at org.apache.hadoop.ozone.protocolPB.OzoneManagerProtocolServerSideTranslatorPB.submitRequest(OzoneManagerProtocolServerSideTranslatorPB.java:148) [ozone-manager-1.4.0-SNAPSHOT.jar:?]
	at org.apache.hadoop.ozone.protocol.proto.OzoneManagerProtocolProtos$OzoneManagerService$2.callBlockingMethod(OzoneManagerProtocolProtos.java) [ozone-interface-client-1.4.0-SNAPSHOT.jar:?]
	at org.apache.hadoop.ipc.ProtobufRpcEngine$Server.processCall(ProtobufRpcEngine.java:484) [hadoop-common-3.3.6.jar:?]
	at org.apache.hadoop.ipc.ProtobufRpcEngine2$Server$ProtoBufRpcInvoker.call(ProtobufRpcEngine2.java:595) [hadoop-common-3.3.6.jar:?]
	at org.apache.hadoop.ipc.ProtobufRpcEngine2$Server$ProtoBufRpcInvoker.call(ProtobufRpcEngine2.java:573) [hadoop-common-3.3.6.jar:?]
	at org.apache.hadoop.ipc.RPC$Server.call(RPC.java:1227) [hadoop-common-3.3.6.jar:?]
	at org.apache.hadoop.ipc.Server$RpcCall.run(Server.java:1094) [hadoop-common-3.3.6.jar:?]
	at org.apache.hadoop.ipc.Server$RpcCall.run(Server.java:1017) [hadoop-common-3.3.6.jar:?]
	at java.security.AccessController.doPrivileged(Native Method) ~[?:1.8.0_382]
	at javax.security.auth.Subject.doAs(Subject.java:422) [?:1.8.0_382]
	at org.apache.hadoop.security.UserGroupInformation.doAs(UserGroupInformation.java:1899) [hadoop-common-3.3.6.jar:?]
	at org.apache.hadoop.ipc.Server$Handler.run(Server.java:3048) [hadoop-common-3.3.6.jar:?]
02:05:23.987 [IPC Server handler 9 on default port 15057] ERROR OMAudit - user=runner | ip=127.0.0.1 | op=GET_FILE_STATUS {volume=volume43065, bucket=bucket81401, key=.Trash/runner/Current/testKey2, dataSize=0, replicationConfig=null} | ret=FAILURE
org.apache.hadoop.ozone.om.exceptions.OMException: Unable to get file status: volume: volume43065 bucket: bucket81401 key: .Trash/runner/Current/testKey2
	at org.apache.hadoop.ozone.om.KeyManagerImpl.getOzoneFileStatus(KeyManagerImpl.java:1195) ~[ozone-manager-1.4.0-SNAPSHOT.jar:?]
	at org.apache.hadoop.ozone.om.KeyManagerImpl.getFileStatus(KeyManagerImpl.java:1113) ~[ozone-manager-1.4.0-SNAPSHOT.jar:?]
	at org.apache.hadoop.ozone.om.OmMetadataReader.getFileStatus(OmMetadataReader.java:262) ~[ozone-manager-1.4.0-SNAPSHOT.jar:?]
	at org.apache.hadoop.ozone.om.OzoneManager.getFileStatus(OzoneManager.java:3533) ~[ozone-manager-1.4.0-SNAPSHOT.jar:?]
	at org.apache.hadoop.ozone.protocolPB.OzoneManagerRequestHandler.getOzoneFileStatus(OzoneManagerRequestHandler.java:971) ~[ozone-manager-1.4.0-SNAPSHOT.jar:?]
	at org.apache.hadoop.ozone.protocolPB.OzoneManagerRequestHandler.handleReadRequest(OzoneManagerRequestHandler.java:250) ~[ozone-manager-1.4.0-SNAPSHOT.jar:?]
	at org.apache.hadoop.ozone.protocolPB.OzoneManagerProtocolServerSideTranslatorPB.submitRequestDirectlyToOM(OzoneManagerProtocolServerSideTranslatorPB.java:274) ~[ozone-manager-1.4.0-SNAPSHOT.jar:?]
	at org.apache.hadoop.ozone.protocolPB.OzoneManagerProtocolServerSideTranslatorPB.processRequest(OzoneManagerProtocolServerSideTranslatorPB.java:175) ~[ozone-manager-1.4.0-SNAPSHOT.jar:?]
	at org.apache.hadoop.hdds.server.OzoneProtocolMessageDispatcher.processRequest(OzoneProtocolMessageDispatcher.java:87) [hdds-server-framework-1.4.0-SNAPSHOT.jar:?]
	at org.apache.hadoop.ozone.protocolPB.OzoneManagerProtocolServerSideTranslatorPB.submitRequest(OzoneManagerProtocolServerSideTranslatorPB.java:148) [ozone-manager-1.4.0-SNAPSHOT.jar:?]
	at org.apache.hadoop.ozone.protocol.proto.OzoneManagerProtocolProtos$OzoneManagerService$2.callBlockingMethod(OzoneManagerProtocolProtos.java) [ozone-interface-client-1.4.0-SNAPSHOT.jar:?]
	at org.apache.hadoop.ipc.ProtobufRpcEngine$Server.processCall(ProtobufRpcEngine.java:484) [hadoop-common-3.3.6.jar:?]
	at org.apache.hadoop.ipc.ProtobufRpcEngine2$Server$ProtoBufRpcInvoker.call(ProtobufRpcEngine2.java:595) [hadoop-common-3.3.6.jar:?]
	at org.apache.hadoop.ipc.ProtobufRpcEngine2$Server$ProtoBufRpcInvoker.call(ProtobufRpcEngine2.java:573) [hadoop-common-3.3.6.jar:?]
	at org.apache.hadoop.ipc.RPC$Server.call(RPC.java:1227) [hadoop-common-3.3.6.jar:?]
	at org.apache.hadoop.ipc.Server$RpcCall.run(Server.java:1094) [hadoop-common-3.3.6.jar:?]
	at org.apache.hadoop.ipc.Server$RpcCall.run(Server.java:1017) [hadoop-common-3.3.6.jar:?]
	at java.security.AccessController.doPrivileged(Native Method) ~[?:1.8.0_382]
	at javax.security.auth.Subject.doAs(Subject.java:422) [?:1.8.0_382]
	at org.apache.hadoop.security.UserGroupInformation.doAs(UserGroupInformation.java:1899) [hadoop-common-3.3.6.jar:?]
	at org.apache.hadoop.ipc.Server$Handler.run(Server.java:3048) [hadoop-common-3.3.6.jar:?]
02:05:23.990 [IPC Server handler 11 on default port 15057] ERROR OMAudit - user=runner | ip=127.0.0.1 | op=GET_FILE_STATUS {volume=volume43065, bucket=bucket81401, key=.Trash/runner/Current/testKey2, dataSize=0, replicationConfig=null} | ret=FAILURE
org.apache.hadoop.ozone.om.exceptions.OMException: Unable to get file status: volume: volume43065 bucket: bucket81401 key: .Trash/runner/Current/testKey2
	at org.apache.hadoop.ozone.om.KeyManagerImpl.getOzoneFileStatus(KeyManagerImpl.java:1195) ~[ozone-manager-1.4.0-SNAPSHOT.jar:?]
	at org.apache.hadoop.ozone.om.KeyManagerImpl.getFileStatus(KeyManagerImpl.java:1113) ~[ozone-manager-1.4.0-SNAPSHOT.jar:?]
	at org.apache.hadoop.ozone.om.OmMetadataReader.getFileStatus(OmMetadataReader.java:262) ~[ozone-manager-1.4.0-SNAPSHOT.jar:?]
	at org.apache.hadoop.ozone.om.OzoneManager.getFileStatus(OzoneManager.java:3533) ~[ozone-manager-1.4.0-SNAPSHOT.jar:?]
	at org.apache.hadoop.ozone.protocolPB.OzoneManagerRequestHandler.getOzoneFileStatus(OzoneManagerRequestHandler.java:971) ~[ozone-manager-1.4.0-SNAPSHOT.jar:?]
	at org.apache.hadoop.ozone.protocolPB.OzoneManagerRequestHandler.handleReadRequest(OzoneManagerRequestHandler.java:250) ~[ozone-manager-1.4.0-SNAPSHOT.jar:?]
	at org.apache.hadoop.ozone.protocolPB.OzoneManagerProtocolServerSideTranslatorPB.submitRequestDirectlyToOM(OzoneManagerProtocolServerSideTranslatorPB.java:274) ~[ozone-manager-1.4.0-SNAPSHOT.jar:?]
	at org.apache.hadoop.ozone.protocolPB.OzoneManagerProtocolServerSideTranslatorPB.processRequest(OzoneManagerProtocolServerSideTranslatorPB.java:175) ~[ozone-manager-1.4.0-SNAPSHOT.jar:?]
	at org.apache.hadoop.hdds.server.OzoneProtocolMessageDispatcher.processRequest(OzoneProtocolMessageDispatcher.java:87) [hdds-server-framework-1.4.0-SNAPSHOT.jar:?]
	at org.apache.hadoop.ozone.protocolPB.OzoneManagerProtocolServerSideTranslatorPB.submitRequest(OzoneManagerProtocolServerSideTranslatorPB.java:148) [ozone-manager-1.4.0-SNAPSHOT.jar:?]
	at org.apache.hadoop.ozone.protocol.proto.OzoneManagerProtocolProtos$OzoneManagerService$2.callBlockingMethod(OzoneManagerProtocolProtos.java) [ozone-interface-client-1.4.0-SNAPSHOT.jar:?]
	at org.apache.hadoop.ipc.ProtobufRpcEngine$Server.processCall(ProtobufRpcEngine.java:484) [hadoop-common-3.3.6.jar:?]
	at org.apache.hadoop.ipc.ProtobufRpcEngine2$Server$ProtoBufRpcInvoker.call(ProtobufRpcEngine2.java:595) [hadoop-common-3.3.6.jar:?]
	at org.apache.hadoop.ipc.ProtobufRpcEngine2$Server$ProtoBufRpcInvoker.call(ProtobufRpcEngine2.java:573) [hadoop-common-3.3.6.jar:?]
	at org.apache.hadoop.ipc.RPC$Server.call(RPC.java:1227) [hadoop-common-3.3.6.jar:?]
	at org.apache.hadoop.ipc.Server$RpcCall.run(Server.java:1094) [hadoop-common-3.3.6.jar:?]
	at org.apache.hadoop.ipc.Server$RpcCall.run(Server.java:1017) [hadoop-common-3.3.6.jar:?]
	at java.security.AccessController.doPrivileged(Native Method) ~[?:1.8.0_382]
	at javax.security.auth.Subject.doAs(Subject.java:422) [?:1.8.0_382]
	at org.apache.hadoop.security.UserGroupInformation.doAs(UserGroupInformation.java:1899) [hadoop-common-3.3.6.jar:?]
	at org.apache.hadoop.ipc.Server$Handler.run(Server.java:3048) [hadoop-common-3.3.6.jar:?]
2023-09-19 02:05:23,994 [Time-limited test] INFO  om.TrashPolicyOzone (TrashPolicyOzone.java:moveToTrash(213)) - Moved: '/testKey2' to trash at: o3fs://bucket81401.volume43065/.Trash/runner/Current/testKey2
02:05:24.097 [IPC Server handler 19 on default port 15057] ERROR OMAudit - user=runner | ip=127.0.0.1 | op=GET_FILE_STATUS {volume=volume43065, bucket=bucket81401, key=.Trash/runner/Current/testKey2, dataSize=0, replicationConfig=null} | ret=FAILURE
org.apache.hadoop.ozone.om.exceptions.OMException: Unable to get file status: volume: volume43065 bucket: bucket81401 key: .Trash/runner/Current/testKey2
	at org.apache.hadoop.ozone.om.KeyManagerImpl.getOzoneFileStatus(KeyManagerImpl.java:1195) ~[ozone-manager-1.4.0-SNAPSHOT.jar:?]
	at org.apache.hadoop.ozone.om.KeyManagerImpl.getFileStatus(KeyManagerImpl.java:1113) ~[ozone-manager-1.4.0-SNAPSHOT.jar:?]
	at org.apache.hadoop.ozone.om.OmMetadataReader.getFileStatus(OmMetadataReader.java:262) ~[ozone-manager-1.4.0-SNAPSHOT.jar:?]
	at org.apache.hadoop.ozone.om.OzoneManager.getFileStatus(OzoneManager.java:3533) ~[ozone-manager-1.4.0-SNAPSHOT.jar:?]
	at org.apache.hadoop.ozone.protocolPB.OzoneManagerRequestHandler.getOzoneFileStatus(OzoneManagerRequestHandler.java:971) ~[ozone-manager-1.4.0-SNAPSHOT.jar:?]
	at org.apache.hadoop.ozone.protocolPB.OzoneManagerRequestHandler.handleReadRequest(OzoneManagerRequestHandler.java:250) ~[ozone-manager-1.4.0-SNAPSHOT.jar:?]
	at org.apache.hadoop.ozone.protocolPB.OzoneManagerProtocolServerSideTranslatorPB.submitRequestDirectlyToOM(OzoneManagerProtocolServerSideTranslatorPB.java:274) ~[ozone-manager-1.4.0-SNAPSHOT.jar:?]
	at org.apache.hadoop.ozone.protocolPB.OzoneManagerProtocolServerSideTranslatorPB.processRequest(OzoneManagerProtocolServerSideTranslatorPB.java:175) ~[ozone-manager-1.4.0-SNAPSHOT.jar:?]
	at org.apache.hadoop.hdds.server.OzoneProtocolMessageDispatcher.processRequest(OzoneProtocolMessageDispatcher.java:87) [hdds-server-framework-1.4.0-SNAPSHOT.jar:?]
	at org.apache.hadoop.ozone.protocolPB.OzoneManagerProtocolServerSideTranslatorPB.submitRequest(OzoneManagerProtocolServerSideTranslatorPB.java:148) [ozone-manager-1.4.0-SNAPSHOT.jar:?]
	at org.apache.hadoop.ozone.protocol.proto.OzoneManagerProtocolProtos$OzoneManagerService$2.callBlockingMethod(OzoneManagerProtocolProtos.java) [ozone-interface-client-1.4.0-SNAPSHOT.jar:?]
	at org.apache.hadoop.ipc.ProtobufRpcEngine$Server.processCall(ProtobufRpcEngine.java:484) [hadoop-common-3.3.6.jar:?]
	at org.apache.hadoop.ipc.ProtobufRpcEngine2$Server$ProtoBufRpcInvoker.call(ProtobufRpcEngine2.java:595) [hadoop-common-3.3.6.jar:?]
	at org.apache.hadoop.ipc.ProtobufRpcEngine2$Server$ProtoBufRpcInvoker.call(ProtobufRpcEngine2.java:573) [hadoop-common-3.3.6.jar:?]
	at org.apache.hadoop.ipc.RPC$Server.call(RPC.java:1227) [hadoop-common-3.3.6.jar:?]
	at org.apache.hadoop.ipc.Server$RpcCall.run(Server.java:1094) [hadoop-common-3.3.6.jar:?]
	at org.apache.hadoop.ipc.Server$RpcCall.run(Server.java:1017) [hadoop-common-3.3.6.jar:?]
	at java.security.AccessController.doPrivileged(Native Method) ~[?:1.8.0_382]
	at javax.security.auth.Subject.doAs(Subject.java:422) [?:1.8.0_382]
	at org.apache.hadoop.security.UserGroupInformation.doAs(UserGroupInformation.java:1899) [hadoop-common-3.3.6.jar:?]
	at org.apache.hadoop.ipc.Server$Handler.run(Server.java:3048) [hadoop-common-3.3.6.jar:?]
]]></system-out>
  </testcase>
  <testcase name="testTrash" classname="TestOzoneFileSystem" time="3.544">
    <system-out><![CDATA[02:06:26.527 [IPC Server handler 6 on default port 15110] ERROR OMAudit - user=runner | ip=127.0.0.1 | op=GET_FILE_STATUS {volume=volume18939, bucket=bucket36089, key=.Trash/runner, dataSize=0, replicationConfig=null} | ret=FAILURE
org.apache.hadoop.ozone.om.exceptions.OMException: Unable to get file status: volume: volume18939 bucket: bucket36089 key: .Trash/runner
	at org.apache.hadoop.ozone.om.KeyManagerImpl.getOzoneFileStatus(KeyManagerImpl.java:1195) ~[ozone-manager-1.4.0-SNAPSHOT.jar:?]
	at org.apache.hadoop.ozone.om.KeyManagerImpl.getFileStatus(KeyManagerImpl.java:1113) ~[ozone-manager-1.4.0-SNAPSHOT.jar:?]
	at org.apache.hadoop.ozone.om.OmMetadataReader.getFileStatus(OmMetadataReader.java:262) ~[ozone-manager-1.4.0-SNAPSHOT.jar:?]
	at org.apache.hadoop.ozone.om.OzoneManager.getFileStatus(OzoneManager.java:3533) ~[ozone-manager-1.4.0-SNAPSHOT.jar:?]
	at org.apache.hadoop.ozone.protocolPB.OzoneManagerRequestHandler.getOzoneFileStatus(OzoneManagerRequestHandler.java:971) ~[ozone-manager-1.4.0-SNAPSHOT.jar:?]
	at org.apache.hadoop.ozone.protocolPB.OzoneManagerRequestHandler.handleReadRequest(OzoneManagerRequestHandler.java:250) ~[ozone-manager-1.4.0-SNAPSHOT.jar:?]
	at org.apache.hadoop.ozone.protocolPB.OzoneManagerProtocolServerSideTranslatorPB.submitReadRequestToOM(OzoneManagerProtocolServerSideTranslatorPB.java:225) ~[ozone-manager-1.4.0-SNAPSHOT.jar:?]
	at org.apache.hadoop.ozone.protocolPB.OzoneManagerProtocolServerSideTranslatorPB.processRequest(OzoneManagerProtocolServerSideTranslatorPB.java:179) ~[ozone-manager-1.4.0-SNAPSHOT.jar:?]
	at org.apache.hadoop.hdds.server.OzoneProtocolMessageDispatcher.processRequest(OzoneProtocolMessageDispatcher.java:87) [hdds-server-framework-1.4.0-SNAPSHOT.jar:?]
	at org.apache.hadoop.ozone.protocolPB.OzoneManagerProtocolServerSideTranslatorPB.submitRequest(OzoneManagerProtocolServerSideTranslatorPB.java:148) [ozone-manager-1.4.0-SNAPSHOT.jar:?]
	at org.apache.hadoop.ozone.protocol.proto.OzoneManagerProtocolProtos$OzoneManagerService$2.callBlockingMethod(OzoneManagerProtocolProtos.java) [ozone-interface-client-1.4.0-SNAPSHOT.jar:?]
	at org.apache.hadoop.ipc.ProtobufRpcEngine$Server.processCall(ProtobufRpcEngine.java:484) [hadoop-common-3.3.6.jar:?]
	at org.apache.hadoop.ipc.ProtobufRpcEngine2$Server$ProtoBufRpcInvoker.call(ProtobufRpcEngine2.java:595) [hadoop-common-3.3.6.jar:?]
	at org.apache.hadoop.ipc.ProtobufRpcEngine2$Server$ProtoBufRpcInvoker.call(ProtobufRpcEngine2.java:573) [hadoop-common-3.3.6.jar:?]
	at org.apache.hadoop.ipc.RPC$Server.call(RPC.java:1227) [hadoop-common-3.3.6.jar:?]
	at org.apache.hadoop.ipc.Server$RpcCall.run(Server.java:1094) [hadoop-common-3.3.6.jar:?]
	at org.apache.hadoop.ipc.Server$RpcCall.run(Server.java:1017) [hadoop-common-3.3.6.jar:?]
	at java.security.AccessController.doPrivileged(Native Method) ~[?:1.8.0_382]
	at javax.security.auth.Subject.doAs(Subject.java:422) [?:1.8.0_382]
	at org.apache.hadoop.security.UserGroupInformation.doAs(UserGroupInformation.java:1899) [hadoop-common-3.3.6.jar:?]
	at org.apache.hadoop.ipc.Server$Handler.run(Server.java:3048) [hadoop-common-3.3.6.jar:?]
02:06:26.531 [IPC Server handler 9 on default port 15110] ERROR OMAudit - user=runner | ip=127.0.0.1 | op=GET_FILE_STATUS {volume=volume18939, bucket=bucket36089, key=.Trash/runner/Current/testKey2, dataSize=0, replicationConfig=null} | ret=FAILURE
org.apache.hadoop.ozone.om.exceptions.OMException: Unable to get file status: volume: volume18939 bucket: bucket36089 key: .Trash/runner/Current/testKey2
	at org.apache.hadoop.ozone.om.KeyManagerImpl.getOzoneFileStatus(KeyManagerImpl.java:1195) ~[ozone-manager-1.4.0-SNAPSHOT.jar:?]
	at org.apache.hadoop.ozone.om.KeyManagerImpl.getFileStatus(KeyManagerImpl.java:1113) ~[ozone-manager-1.4.0-SNAPSHOT.jar:?]
	at org.apache.hadoop.ozone.om.OmMetadataReader.getFileStatus(OmMetadataReader.java:262) ~[ozone-manager-1.4.0-SNAPSHOT.jar:?]
	at org.apache.hadoop.ozone.om.OzoneManager.getFileStatus(OzoneManager.java:3533) ~[ozone-manager-1.4.0-SNAPSHOT.jar:?]
	at org.apache.hadoop.ozone.protocolPB.OzoneManagerRequestHandler.getOzoneFileStatus(OzoneManagerRequestHandler.java:971) ~[ozone-manager-1.4.0-SNAPSHOT.jar:?]
	at org.apache.hadoop.ozone.protocolPB.OzoneManagerRequestHandler.handleReadRequest(OzoneManagerRequestHandler.java:250) ~[ozone-manager-1.4.0-SNAPSHOT.jar:?]
	at org.apache.hadoop.ozone.protocolPB.OzoneManagerProtocolServerSideTranslatorPB.submitReadRequestToOM(OzoneManagerProtocolServerSideTranslatorPB.java:225) ~[ozone-manager-1.4.0-SNAPSHOT.jar:?]
	at org.apache.hadoop.ozone.protocolPB.OzoneManagerProtocolServerSideTranslatorPB.processRequest(OzoneManagerProtocolServerSideTranslatorPB.java:179) ~[ozone-manager-1.4.0-SNAPSHOT.jar:?]
	at org.apache.hadoop.hdds.server.OzoneProtocolMessageDispatcher.processRequest(OzoneProtocolMessageDispatcher.java:87) [hdds-server-framework-1.4.0-SNAPSHOT.jar:?]
	at org.apache.hadoop.ozone.protocolPB.OzoneManagerProtocolServerSideTranslatorPB.submitRequest(OzoneManagerProtocolServerSideTranslatorPB.java:148) [ozone-manager-1.4.0-SNAPSHOT.jar:?]
	at org.apache.hadoop.ozone.protocol.proto.OzoneManagerProtocolProtos$OzoneManagerService$2.callBlockingMethod(OzoneManagerProtocolProtos.java) [ozone-interface-client-1.4.0-SNAPSHOT.jar:?]
	at org.apache.hadoop.ipc.ProtobufRpcEngine$Server.processCall(ProtobufRpcEngine.java:484) [hadoop-common-3.3.6.jar:?]
	at org.apache.hadoop.ipc.ProtobufRpcEngine2$Server$ProtoBufRpcInvoker.call(ProtobufRpcEngine2.java:595) [hadoop-common-3.3.6.jar:?]
	at org.apache.hadoop.ipc.ProtobufRpcEngine2$Server$ProtoBufRpcInvoker.call(ProtobufRpcEngine2.java:573) [hadoop-common-3.3.6.jar:?]
	at org.apache.hadoop.ipc.RPC$Server.call(RPC.java:1227) [hadoop-common-3.3.6.jar:?]
	at org.apache.hadoop.ipc.Server$RpcCall.run(Server.java:1094) [hadoop-common-3.3.6.jar:?]
	at org.apache.hadoop.ipc.Server$RpcCall.run(Server.java:1017) [hadoop-common-3.3.6.jar:?]
	at java.security.AccessController.doPrivileged(Native Method) ~[?:1.8.0_382]
	at javax.security.auth.Subject.doAs(Subject.java:422) [?:1.8.0_382]
	at org.apache.hadoop.security.UserGroupInformation.doAs(UserGroupInformation.java:1899) [hadoop-common-3.3.6.jar:?]
	at org.apache.hadoop.ipc.Server$Handler.run(Server.java:3048) [hadoop-common-3.3.6.jar:?]
02:06:26.533 [IPC Server handler 13 on default port 15110] ERROR OMAudit - user=runner | ip=127.0.0.1 | op=GET_FILE_STATUS {volume=volume18939, bucket=bucket36089, key=.Trash/runner/Current/testKey2, dataSize=0, replicationConfig=null} | ret=FAILURE
org.apache.hadoop.ozone.om.exceptions.OMException: Unable to get file status: volume: volume18939 bucket: bucket36089 key: .Trash/runner/Current/testKey2
	at org.apache.hadoop.ozone.om.KeyManagerImpl.getOzoneFileStatus(KeyManagerImpl.java:1195) ~[ozone-manager-1.4.0-SNAPSHOT.jar:?]
	at org.apache.hadoop.ozone.om.KeyManagerImpl.getFileStatus(KeyManagerImpl.java:1113) ~[ozone-manager-1.4.0-SNAPSHOT.jar:?]
	at org.apache.hadoop.ozone.om.OmMetadataReader.getFileStatus(OmMetadataReader.java:262) ~[ozone-manager-1.4.0-SNAPSHOT.jar:?]
	at org.apache.hadoop.ozone.om.OzoneManager.getFileStatus(OzoneManager.java:3533) ~[ozone-manager-1.4.0-SNAPSHOT.jar:?]
	at org.apache.hadoop.ozone.protocolPB.OzoneManagerRequestHandler.getOzoneFileStatus(OzoneManagerRequestHandler.java:971) ~[ozone-manager-1.4.0-SNAPSHOT.jar:?]
	at org.apache.hadoop.ozone.protocolPB.OzoneManagerRequestHandler.handleReadRequest(OzoneManagerRequestHandler.java:250) ~[ozone-manager-1.4.0-SNAPSHOT.jar:?]
	at org.apache.hadoop.ozone.protocolPB.OzoneManagerProtocolServerSideTranslatorPB.submitReadRequestToOM(OzoneManagerProtocolServerSideTranslatorPB.java:225) ~[ozone-manager-1.4.0-SNAPSHOT.jar:?]
	at org.apache.hadoop.ozone.protocolPB.OzoneManagerProtocolServerSideTranslatorPB.processRequest(OzoneManagerProtocolServerSideTranslatorPB.java:179) ~[ozone-manager-1.4.0-SNAPSHOT.jar:?]
	at org.apache.hadoop.hdds.server.OzoneProtocolMessageDispatcher.processRequest(OzoneProtocolMessageDispatcher.java:87) [hdds-server-framework-1.4.0-SNAPSHOT.jar:?]
	at org.apache.hadoop.ozone.protocolPB.OzoneManagerProtocolServerSideTranslatorPB.submitRequest(OzoneManagerProtocolServerSideTranslatorPB.java:148) [ozone-manager-1.4.0-SNAPSHOT.jar:?]
	at org.apache.hadoop.ozone.protocol.proto.OzoneManagerProtocolProtos$OzoneManagerService$2.callBlockingMethod(OzoneManagerProtocolProtos.java) [ozone-interface-client-1.4.0-SNAPSHOT.jar:?]
	at org.apache.hadoop.ipc.ProtobufRpcEngine$Server.processCall(ProtobufRpcEngine.java:484) [hadoop-common-3.3.6.jar:?]
	at org.apache.hadoop.ipc.ProtobufRpcEngine2$Server$ProtoBufRpcInvoker.call(ProtobufRpcEngine2.java:595) [hadoop-common-3.3.6.jar:?]
	at org.apache.hadoop.ipc.ProtobufRpcEngine2$Server$ProtoBufRpcInvoker.call(ProtobufRpcEngine2.java:573) [hadoop-common-3.3.6.jar:?]
	at org.apache.hadoop.ipc.RPC$Server.call(RPC.java:1227) [hadoop-common-3.3.6.jar:?]
	at org.apache.hadoop.ipc.Server$RpcCall.run(Server.java:1094) [hadoop-common-3.3.6.jar:?]
	at org.apache.hadoop.ipc.Server$RpcCall.run(Server.java:1017) [hadoop-common-3.3.6.jar:?]
	at java.security.AccessController.doPrivileged(Native Method) ~[?:1.8.0_382]
	at javax.security.auth.Subject.doAs(Subject.java:422) [?:1.8.0_382]
	at org.apache.hadoop.security.UserGroupInformation.doAs(UserGroupInformation.java:1899) [hadoop-common-3.3.6.jar:?]
	at org.apache.hadoop.ipc.Server$Handler.run(Server.java:3048) [hadoop-common-3.3.6.jar:?]
2023-09-19 02:06:26,539 [Time-limited test] INFO  om.TrashPolicyOzone (TrashPolicyOzone.java:moveToTrash(213)) - Moved: '/testKey2' to trash at: o3fs://bucket36089.volume18939/.Trash/runner/Current/testKey2
02:06:27.045 [IPC Server handler 3 on default port 15110] ERROR OMAudit - user=runner | ip=127.0.0.1 | op=GET_FILE_STATUS {volume=volume18939, bucket=bucket36089, key=.Trash/runner/Current/testKey2, dataSize=0, replicationConfig=null} | ret=FAILURE
org.apache.hadoop.ozone.om.exceptions.OMException: Unable to get file status: volume: volume18939 bucket: bucket36089 key: .Trash/runner/Current/testKey2
	at org.apache.hadoop.ozone.om.KeyManagerImpl.getOzoneFileStatus(KeyManagerImpl.java:1195) ~[ozone-manager-1.4.0-SNAPSHOT.jar:?]
	at org.apache.hadoop.ozone.om.KeyManagerImpl.getFileStatus(KeyManagerImpl.java:1113) ~[ozone-manager-1.4.0-SNAPSHOT.jar:?]
	at org.apache.hadoop.ozone.om.OmMetadataReader.getFileStatus(OmMetadataReader.java:262) ~[ozone-manager-1.4.0-SNAPSHOT.jar:?]
	at org.apache.hadoop.ozone.om.OzoneManager.getFileStatus(OzoneManager.java:3533) ~[ozone-manager-1.4.0-SNAPSHOT.jar:?]
	at org.apache.hadoop.ozone.protocolPB.OzoneManagerRequestHandler.getOzoneFileStatus(OzoneManagerRequestHandler.java:971) ~[ozone-manager-1.4.0-SNAPSHOT.jar:?]
	at org.apache.hadoop.ozone.protocolPB.OzoneManagerRequestHandler.handleReadRequest(OzoneManagerRequestHandler.java:250) ~[ozone-manager-1.4.0-SNAPSHOT.jar:?]
	at org.apache.hadoop.ozone.protocolPB.OzoneManagerProtocolServerSideTranslatorPB.submitReadRequestToOM(OzoneManagerProtocolServerSideTranslatorPB.java:225) ~[ozone-manager-1.4.0-SNAPSHOT.jar:?]
	at org.apache.hadoop.ozone.protocolPB.OzoneManagerProtocolServerSideTranslatorPB.processRequest(OzoneManagerProtocolServerSideTranslatorPB.java:179) ~[ozone-manager-1.4.0-SNAPSHOT.jar:?]
	at org.apache.hadoop.hdds.server.OzoneProtocolMessageDispatcher.processRequest(OzoneProtocolMessageDispatcher.java:87) [hdds-server-framework-1.4.0-SNAPSHOT.jar:?]
	at org.apache.hadoop.ozone.protocolPB.OzoneManagerProtocolServerSideTranslatorPB.submitRequest(OzoneManagerProtocolServerSideTranslatorPB.java:148) [ozone-manager-1.4.0-SNAPSHOT.jar:?]
	at org.apache.hadoop.ozone.protocol.proto.OzoneManagerProtocolProtos$OzoneManagerService$2.callBlockingMethod(OzoneManagerProtocolProtos.java) [ozone-interface-client-1.4.0-SNAPSHOT.jar:?]
	at org.apache.hadoop.ipc.ProtobufRpcEngine$Server.processCall(ProtobufRpcEngine.java:484) [hadoop-common-3.3.6.jar:?]
	at org.apache.hadoop.ipc.ProtobufRpcEngine2$Server$ProtoBufRpcInvoker.call(ProtobufRpcEngine2.java:595) [hadoop-common-3.3.6.jar:?]
	at org.apache.hadoop.ipc.ProtobufRpcEngine2$Server$ProtoBufRpcInvoker.call(ProtobufRpcEngine2.java:573) [hadoop-common-3.3.6.jar:?]
	at org.apache.hadoop.ipc.RPC$Server.call(RPC.java:1227) [hadoop-common-3.3.6.jar:?]
	at org.apache.hadoop.ipc.Server$RpcCall.run(Server.java:1094) [hadoop-common-3.3.6.jar:?]
	at org.apache.hadoop.ipc.Server$RpcCall.run(Server.java:1017) [hadoop-common-3.3.6.jar:?]
	at java.security.AccessController.doPrivileged(Native Method) ~[?:1.8.0_382]
	at javax.security.auth.Subject.doAs(Subject.java:422) [?:1.8.0_382]
	at org.apache.hadoop.security.UserGroupInformation.doAs(UserGroupInformation.java:1899) [hadoop-common-3.3.6.jar:?]
	at org.apache.hadoop.ipc.Server$Handler.run(Server.java:3048) [hadoop-common-3.3.6.jar:?]
]]></system-out>
  </testcase>
  <testcase name="testTrash" classname="TestOzoneFileSystem" time="3.833">
    <system-out><![CDATA[02:07:33.775 [IPC Server handler 6 on default port 15163] ERROR OMAudit - user=runner | ip=127.0.0.1 | op=GET_FILE_STATUS {volume=volume12196, bucket=bucket58129, key=.Trash/runner, dataSize=0, replicationConfig=null} | ret=FAILURE
org.apache.hadoop.ozone.om.exceptions.OMException: Unable to get file status: volume: volume12196 bucket: bucket58129 key: .Trash/runner
	at org.apache.hadoop.ozone.om.KeyManagerImpl.getOzoneFileStatus(KeyManagerImpl.java:1195) ~[ozone-manager-1.4.0-SNAPSHOT.jar:?]
	at org.apache.hadoop.ozone.om.KeyManagerImpl.getFileStatus(KeyManagerImpl.java:1113) ~[ozone-manager-1.4.0-SNAPSHOT.jar:?]
	at org.apache.hadoop.ozone.om.OmMetadataReader.getFileStatus(OmMetadataReader.java:262) ~[ozone-manager-1.4.0-SNAPSHOT.jar:?]
	at org.apache.hadoop.ozone.om.OzoneManager.getFileStatus(OzoneManager.java:3533) ~[ozone-manager-1.4.0-SNAPSHOT.jar:?]
	at org.apache.hadoop.ozone.protocolPB.OzoneManagerRequestHandler.getOzoneFileStatus(OzoneManagerRequestHandler.java:971) ~[ozone-manager-1.4.0-SNAPSHOT.jar:?]
	at org.apache.hadoop.ozone.protocolPB.OzoneManagerRequestHandler.handleReadRequest(OzoneManagerRequestHandler.java:250) ~[ozone-manager-1.4.0-SNAPSHOT.jar:?]
	at org.apache.hadoop.ozone.protocolPB.OzoneManagerProtocolServerSideTranslatorPB.submitRequestDirectlyToOM(OzoneManagerProtocolServerSideTranslatorPB.java:274) ~[ozone-manager-1.4.0-SNAPSHOT.jar:?]
	at org.apache.hadoop.ozone.protocolPB.OzoneManagerProtocolServerSideTranslatorPB.processRequest(OzoneManagerProtocolServerSideTranslatorPB.java:175) ~[ozone-manager-1.4.0-SNAPSHOT.jar:?]
	at org.apache.hadoop.hdds.server.OzoneProtocolMessageDispatcher.processRequest(OzoneProtocolMessageDispatcher.java:87) [hdds-server-framework-1.4.0-SNAPSHOT.jar:?]
	at org.apache.hadoop.ozone.protocolPB.OzoneManagerProtocolServerSideTranslatorPB.submitRequest(OzoneManagerProtocolServerSideTranslatorPB.java:148) [ozone-manager-1.4.0-SNAPSHOT.jar:?]
	at org.apache.hadoop.ozone.protocol.proto.OzoneManagerProtocolProtos$OzoneManagerService$2.callBlockingMethod(OzoneManagerProtocolProtos.java) [ozone-interface-client-1.4.0-SNAPSHOT.jar:?]
	at org.apache.hadoop.ipc.ProtobufRpcEngine$Server.processCall(ProtobufRpcEngine.java:484) [hadoop-common-3.3.6.jar:?]
	at org.apache.hadoop.ipc.ProtobufRpcEngine2$Server$ProtoBufRpcInvoker.call(ProtobufRpcEngine2.java:595) [hadoop-common-3.3.6.jar:?]
	at org.apache.hadoop.ipc.ProtobufRpcEngine2$Server$ProtoBufRpcInvoker.call(ProtobufRpcEngine2.java:573) [hadoop-common-3.3.6.jar:?]
	at org.apache.hadoop.ipc.RPC$Server.call(RPC.java:1227) [hadoop-common-3.3.6.jar:?]
	at org.apache.hadoop.ipc.Server$RpcCall.run(Server.java:1094) [hadoop-common-3.3.6.jar:?]
	at org.apache.hadoop.ipc.Server$RpcCall.run(Server.java:1017) [hadoop-common-3.3.6.jar:?]
	at java.security.AccessController.doPrivileged(Native Method) ~[?:1.8.0_382]
	at javax.security.auth.Subject.doAs(Subject.java:422) [?:1.8.0_382]
	at org.apache.hadoop.security.UserGroupInformation.doAs(UserGroupInformation.java:1899) [hadoop-common-3.3.6.jar:?]
	at org.apache.hadoop.ipc.Server$Handler.run(Server.java:3048) [hadoop-common-3.3.6.jar:?]
02:07:33.777 [IPC Server handler 10 on default port 15163] ERROR OMAudit - user=runner | ip=127.0.0.1 | op=GET_FILE_STATUS {volume=volume12196, bucket=bucket58129, key=.Trash/runner/Current/testKey2, dataSize=0, replicationConfig=null} | ret=FAILURE
org.apache.hadoop.ozone.om.exceptions.OMException: Unable to get file status: volume: volume12196 bucket: bucket58129 key: .Trash/runner/Current/testKey2
	at org.apache.hadoop.ozone.om.KeyManagerImpl.getOzoneFileStatus(KeyManagerImpl.java:1195) ~[ozone-manager-1.4.0-SNAPSHOT.jar:?]
	at org.apache.hadoop.ozone.om.KeyManagerImpl.getFileStatus(KeyManagerImpl.java:1113) ~[ozone-manager-1.4.0-SNAPSHOT.jar:?]
	at org.apache.hadoop.ozone.om.OmMetadataReader.getFileStatus(OmMetadataReader.java:262) ~[ozone-manager-1.4.0-SNAPSHOT.jar:?]
	at org.apache.hadoop.ozone.om.OzoneManager.getFileStatus(OzoneManager.java:3533) ~[ozone-manager-1.4.0-SNAPSHOT.jar:?]
	at org.apache.hadoop.ozone.protocolPB.OzoneManagerRequestHandler.getOzoneFileStatus(OzoneManagerRequestHandler.java:971) ~[ozone-manager-1.4.0-SNAPSHOT.jar:?]
	at org.apache.hadoop.ozone.protocolPB.OzoneManagerRequestHandler.handleReadRequest(OzoneManagerRequestHandler.java:250) ~[ozone-manager-1.4.0-SNAPSHOT.jar:?]
	at org.apache.hadoop.ozone.protocolPB.OzoneManagerProtocolServerSideTranslatorPB.submitRequestDirectlyToOM(OzoneManagerProtocolServerSideTranslatorPB.java:274) ~[ozone-manager-1.4.0-SNAPSHOT.jar:?]
	at org.apache.hadoop.ozone.protocolPB.OzoneManagerProtocolServerSideTranslatorPB.processRequest(OzoneManagerProtocolServerSideTranslatorPB.java:175) ~[ozone-manager-1.4.0-SNAPSHOT.jar:?]
	at org.apache.hadoop.hdds.server.OzoneProtocolMessageDispatcher.processRequest(OzoneProtocolMessageDispatcher.java:87) [hdds-server-framework-1.4.0-SNAPSHOT.jar:?]
	at org.apache.hadoop.ozone.protocolPB.OzoneManagerProtocolServerSideTranslatorPB.submitRequest(OzoneManagerProtocolServerSideTranslatorPB.java:148) [ozone-manager-1.4.0-SNAPSHOT.jar:?]
	at org.apache.hadoop.ozone.protocol.proto.OzoneManagerProtocolProtos$OzoneManagerService$2.callBlockingMethod(OzoneManagerProtocolProtos.java) [ozone-interface-client-1.4.0-SNAPSHOT.jar:?]
	at org.apache.hadoop.ipc.ProtobufRpcEngine$Server.processCall(ProtobufRpcEngine.java:484) [hadoop-common-3.3.6.jar:?]
	at org.apache.hadoop.ipc.ProtobufRpcEngine2$Server$ProtoBufRpcInvoker.call(ProtobufRpcEngine2.java:595) [hadoop-common-3.3.6.jar:?]
	at org.apache.hadoop.ipc.ProtobufRpcEngine2$Server$ProtoBufRpcInvoker.call(ProtobufRpcEngine2.java:573) [hadoop-common-3.3.6.jar:?]
	at org.apache.hadoop.ipc.RPC$Server.call(RPC.java:1227) [hadoop-common-3.3.6.jar:?]
	at org.apache.hadoop.ipc.Server$RpcCall.run(Server.java:1094) [hadoop-common-3.3.6.jar:?]
	at org.apache.hadoop.ipc.Server$RpcCall.run(Server.java:1017) [hadoop-common-3.3.6.jar:?]
	at java.security.AccessController.doPrivileged(Native Method) ~[?:1.8.0_382]
	at javax.security.auth.Subject.doAs(Subject.java:422) [?:1.8.0_382]
	at org.apache.hadoop.security.UserGroupInformation.doAs(UserGroupInformation.java:1899) [hadoop-common-3.3.6.jar:?]
	at org.apache.hadoop.ipc.Server$Handler.run(Server.java:3048) [hadoop-common-3.3.6.jar:?]
02:07:33.779 [IPC Server handler 12 on default port 15163] ERROR OMAudit - user=runner | ip=127.0.0.1 | op=GET_FILE_STATUS {volume=volume12196, bucket=bucket58129, key=.Trash/runner/Current/testKey2, dataSize=0, replicationConfig=null} | ret=FAILURE
org.apache.hadoop.ozone.om.exceptions.OMException: Unable to get file status: volume: volume12196 bucket: bucket58129 key: .Trash/runner/Current/testKey2
	at org.apache.hadoop.ozone.om.KeyManagerImpl.getOzoneFileStatus(KeyManagerImpl.java:1195) ~[ozone-manager-1.4.0-SNAPSHOT.jar:?]
	at org.apache.hadoop.ozone.om.KeyManagerImpl.getFileStatus(KeyManagerImpl.java:1113) ~[ozone-manager-1.4.0-SNAPSHOT.jar:?]
	at org.apache.hadoop.ozone.om.OmMetadataReader.getFileStatus(OmMetadataReader.java:262) ~[ozone-manager-1.4.0-SNAPSHOT.jar:?]
	at org.apache.hadoop.ozone.om.OzoneManager.getFileStatus(OzoneManager.java:3533) ~[ozone-manager-1.4.0-SNAPSHOT.jar:?]
	at org.apache.hadoop.ozone.protocolPB.OzoneManagerRequestHandler.getOzoneFileStatus(OzoneManagerRequestHandler.java:971) ~[ozone-manager-1.4.0-SNAPSHOT.jar:?]
	at org.apache.hadoop.ozone.protocolPB.OzoneManagerRequestHandler.handleReadRequest(OzoneManagerRequestHandler.java:250) ~[ozone-manager-1.4.0-SNAPSHOT.jar:?]
	at org.apache.hadoop.ozone.protocolPB.OzoneManagerProtocolServerSideTranslatorPB.submitRequestDirectlyToOM(OzoneManagerProtocolServerSideTranslatorPB.java:274) ~[ozone-manager-1.4.0-SNAPSHOT.jar:?]
	at org.apache.hadoop.ozone.protocolPB.OzoneManagerProtocolServerSideTranslatorPB.processRequest(OzoneManagerProtocolServerSideTranslatorPB.java:175) ~[ozone-manager-1.4.0-SNAPSHOT.jar:?]
	at org.apache.hadoop.hdds.server.OzoneProtocolMessageDispatcher.processRequest(OzoneProtocolMessageDispatcher.java:87) [hdds-server-framework-1.4.0-SNAPSHOT.jar:?]
	at org.apache.hadoop.ozone.protocolPB.OzoneManagerProtocolServerSideTranslatorPB.submitRequest(OzoneManagerProtocolServerSideTranslatorPB.java:148) [ozone-manager-1.4.0-SNAPSHOT.jar:?]
	at org.apache.hadoop.ozone.protocol.proto.OzoneManagerProtocolProtos$OzoneManagerService$2.callBlockingMethod(OzoneManagerProtocolProtos.java) [ozone-interface-client-1.4.0-SNAPSHOT.jar:?]
	at org.apache.hadoop.ipc.ProtobufRpcEngine$Server.processCall(ProtobufRpcEngine.java:484) [hadoop-common-3.3.6.jar:?]
	at org.apache.hadoop.ipc.ProtobufRpcEngine2$Server$ProtoBufRpcInvoker.call(ProtobufRpcEngine2.java:595) [hadoop-common-3.3.6.jar:?]
	at org.apache.hadoop.ipc.ProtobufRpcEngine2$Server$ProtoBufRpcInvoker.call(ProtobufRpcEngine2.java:573) [hadoop-common-3.3.6.jar:?]
	at org.apache.hadoop.ipc.RPC$Server.call(RPC.java:1227) [hadoop-common-3.3.6.jar:?]
	at org.apache.hadoop.ipc.Server$RpcCall.run(Server.java:1094) [hadoop-common-3.3.6.jar:?]
	at org.apache.hadoop.ipc.Server$RpcCall.run(Server.java:1017) [hadoop-common-3.3.6.jar:?]
	at java.security.AccessController.doPrivileged(Native Method) ~[?:1.8.0_382]
	at javax.security.auth.Subject.doAs(Subject.java:422) [?:1.8.0_382]
	at org.apache.hadoop.security.UserGroupInformation.doAs(UserGroupInformation.java:1899) [hadoop-common-3.3.6.jar:?]
	at org.apache.hadoop.ipc.Server$Handler.run(Server.java:3048) [hadoop-common-3.3.6.jar:?]
2023-09-19 02:07:33,781 [Time-limited test] INFO  om.TrashPolicyOzone (TrashPolicyOzone.java:moveToTrash(213)) - Moved: '/testKey2' to trash at: o3fs://bucket58129.volume12196/.Trash/runner/Current/testKey2
02:07:34.591 [IPC Server handler 6 on default port 15163] ERROR OMAudit - user=runner | ip=127.0.0.1 | op=GET_FILE_STATUS {volume=volume12196, bucket=bucket58129, key=.Trash/runner/Current/testKey2, dataSize=0, replicationConfig=null} | ret=FAILURE
org.apache.hadoop.ozone.om.exceptions.OMException: Unable to get file status: volume: volume12196 bucket: bucket58129 key: .Trash/runner/Current/testKey2
	at org.apache.hadoop.ozone.om.KeyManagerImpl.getOzoneFileStatus(KeyManagerImpl.java:1195) ~[ozone-manager-1.4.0-SNAPSHOT.jar:?]
	at org.apache.hadoop.ozone.om.KeyManagerImpl.getFileStatus(KeyManagerImpl.java:1113) ~[ozone-manager-1.4.0-SNAPSHOT.jar:?]
	at org.apache.hadoop.ozone.om.OmMetadataReader.getFileStatus(OmMetadataReader.java:262) ~[ozone-manager-1.4.0-SNAPSHOT.jar:?]
	at org.apache.hadoop.ozone.om.OzoneManager.getFileStatus(OzoneManager.java:3533) ~[ozone-manager-1.4.0-SNAPSHOT.jar:?]
	at org.apache.hadoop.ozone.protocolPB.OzoneManagerRequestHandler.getOzoneFileStatus(OzoneManagerRequestHandler.java:971) ~[ozone-manager-1.4.0-SNAPSHOT.jar:?]
	at org.apache.hadoop.ozone.protocolPB.OzoneManagerRequestHandler.handleReadRequest(OzoneManagerRequestHandler.java:250) ~[ozone-manager-1.4.0-SNAPSHOT.jar:?]
	at org.apache.hadoop.ozone.protocolPB.OzoneManagerProtocolServerSideTranslatorPB.submitRequestDirectlyToOM(OzoneManagerProtocolServerSideTranslatorPB.java:274) ~[ozone-manager-1.4.0-SNAPSHOT.jar:?]
	at org.apache.hadoop.ozone.protocolPB.OzoneManagerProtocolServerSideTranslatorPB.processRequest(OzoneManagerProtocolServerSideTranslatorPB.java:175) ~[ozone-manager-1.4.0-SNAPSHOT.jar:?]
	at org.apache.hadoop.hdds.server.OzoneProtocolMessageDispatcher.processRequest(OzoneProtocolMessageDispatcher.java:87) [hdds-server-framework-1.4.0-SNAPSHOT.jar:?]
	at org.apache.hadoop.ozone.protocolPB.OzoneManagerProtocolServerSideTranslatorPB.submitRequest(OzoneManagerProtocolServerSideTranslatorPB.java:148) [ozone-manager-1.4.0-SNAPSHOT.jar:?]
	at org.apache.hadoop.ozone.protocol.proto.OzoneManagerProtocolProtos$OzoneManagerService$2.callBlockingMethod(OzoneManagerProtocolProtos.java) [ozone-interface-client-1.4.0-SNAPSHOT.jar:?]
	at org.apache.hadoop.ipc.ProtobufRpcEngine$Server.processCall(ProtobufRpcEngine.java:484) [hadoop-common-3.3.6.jar:?]
	at org.apache.hadoop.ipc.ProtobufRpcEngine2$Server$ProtoBufRpcInvoker.call(ProtobufRpcEngine2.java:595) [hadoop-common-3.3.6.jar:?]
	at org.apache.hadoop.ipc.ProtobufRpcEngine2$Server$ProtoBufRpcInvoker.call(ProtobufRpcEngine2.java:573) [hadoop-common-3.3.6.jar:?]
	at org.apache.hadoop.ipc.RPC$Server.call(RPC.java:1227) [hadoop-common-3.3.6.jar:?]
	at org.apache.hadoop.ipc.Server$RpcCall.run(Server.java:1094) [hadoop-common-3.3.6.jar:?]
	at org.apache.hadoop.ipc.Server$RpcCall.run(Server.java:1017) [hadoop-common-3.3.6.jar:?]
	at java.security.AccessController.doPrivileged(Native Method) ~[?:1.8.0_382]
	at javax.security.auth.Subject.doAs(Subject.java:422) [?:1.8.0_382]
	at org.apache.hadoop.security.UserGroupInformation.doAs(UserGroupInformation.java:1899) [hadoop-common-3.3.6.jar:?]
	at org.apache.hadoop.ipc.Server$Handler.run(Server.java:3048) [hadoop-common-3.3.6.jar:?]
]]></system-out>
  </testcase>
  <testcase name="testRenameDestinationParentDoesntExist" classname="TestOzoneFileSystem" time="0.05">
    <system-out><![CDATA[02:04:07.620 [IPC Server handler 12 on default port 15004] ERROR OMAudit - user=runner | ip=127.0.0.1 | op=GET_FILE_STATUS {volume=volume43289, bucket=bucket29045, key=root_dir/b/c, dataSize=0, replicationConfig=null} | ret=FAILURE
org.apache.hadoop.ozone.om.exceptions.OMException: Unable to get file status: volume: volume43289 bucket: bucket29045 key: root_dir/b/c
	at org.apache.hadoop.ozone.om.KeyManagerImpl.getOzoneFileStatus(KeyManagerImpl.java:1195) ~[ozone-manager-1.4.0-SNAPSHOT.jar:?]
	at org.apache.hadoop.ozone.om.KeyManagerImpl.getFileStatus(KeyManagerImpl.java:1113) ~[ozone-manager-1.4.0-SNAPSHOT.jar:?]
	at org.apache.hadoop.ozone.om.OmMetadataReader.getFileStatus(OmMetadataReader.java:262) ~[ozone-manager-1.4.0-SNAPSHOT.jar:?]
	at org.apache.hadoop.ozone.om.OzoneManager.getFileStatus(OzoneManager.java:3533) ~[ozone-manager-1.4.0-SNAPSHOT.jar:?]
	at org.apache.hadoop.ozone.protocolPB.OzoneManagerRequestHandler.getOzoneFileStatus(OzoneManagerRequestHandler.java:971) ~[ozone-manager-1.4.0-SNAPSHOT.jar:?]
	at org.apache.hadoop.ozone.protocolPB.OzoneManagerRequestHandler.handleReadRequest(OzoneManagerRequestHandler.java:250) ~[ozone-manager-1.4.0-SNAPSHOT.jar:?]
	at org.apache.hadoop.ozone.protocolPB.OzoneManagerProtocolServerSideTranslatorPB.submitReadRequestToOM(OzoneManagerProtocolServerSideTranslatorPB.java:225) ~[ozone-manager-1.4.0-SNAPSHOT.jar:?]
	at org.apache.hadoop.ozone.protocolPB.OzoneManagerProtocolServerSideTranslatorPB.processRequest(OzoneManagerProtocolServerSideTranslatorPB.java:179) ~[ozone-manager-1.4.0-SNAPSHOT.jar:?]
	at org.apache.hadoop.hdds.server.OzoneProtocolMessageDispatcher.processRequest(OzoneProtocolMessageDispatcher.java:87) [hdds-server-framework-1.4.0-SNAPSHOT.jar:?]
	at org.apache.hadoop.ozone.protocolPB.OzoneManagerProtocolServerSideTranslatorPB.submitRequest(OzoneManagerProtocolServerSideTranslatorPB.java:148) [ozone-manager-1.4.0-SNAPSHOT.jar:?]
	at org.apache.hadoop.ozone.protocol.proto.OzoneManagerProtocolProtos$OzoneManagerService$2.callBlockingMethod(OzoneManagerProtocolProtos.java) [ozone-interface-client-1.4.0-SNAPSHOT.jar:?]
	at org.apache.hadoop.ipc.ProtobufRpcEngine$Server.processCall(ProtobufRpcEngine.java:484) [hadoop-common-3.3.6.jar:?]
	at org.apache.hadoop.ipc.ProtobufRpcEngine2$Server$ProtoBufRpcInvoker.call(ProtobufRpcEngine2.java:595) [hadoop-common-3.3.6.jar:?]
	at org.apache.hadoop.ipc.ProtobufRpcEngine2$Server$ProtoBufRpcInvoker.call(ProtobufRpcEngine2.java:573) [hadoop-common-3.3.6.jar:?]
	at org.apache.hadoop.ipc.RPC$Server.call(RPC.java:1227) [hadoop-common-3.3.6.jar:?]
	at org.apache.hadoop.ipc.Server$RpcCall.run(Server.java:1094) [hadoop-common-3.3.6.jar:?]
	at org.apache.hadoop.ipc.Server$RpcCall.run(Server.java:1017) [hadoop-common-3.3.6.jar:?]
	at java.security.AccessController.doPrivileged(Native Method) ~[?:1.8.0_382]
	at javax.security.auth.Subject.doAs(Subject.java:422) [?:1.8.0_382]
	at org.apache.hadoop.security.UserGroupInformation.doAs(UserGroupInformation.java:1899) [hadoop-common-3.3.6.jar:?]
	at org.apache.hadoop.ipc.Server$Handler.run(Server.java:3048) [hadoop-common-3.3.6.jar:?]
02:04:07.622 [IPC Server handler 11 on default port 15004] ERROR OMAudit - user=runner | ip=127.0.0.1 | op=GET_FILE_STATUS {volume=volume43289, bucket=bucket29045, key=root_dir/b, dataSize=0, replicationConfig=null} | ret=FAILURE
org.apache.hadoop.ozone.om.exceptions.OMException: Unable to get file status: volume: volume43289 bucket: bucket29045 key: root_dir/b
	at org.apache.hadoop.ozone.om.KeyManagerImpl.getOzoneFileStatus(KeyManagerImpl.java:1195) ~[ozone-manager-1.4.0-SNAPSHOT.jar:?]
	at org.apache.hadoop.ozone.om.KeyManagerImpl.getFileStatus(KeyManagerImpl.java:1113) ~[ozone-manager-1.4.0-SNAPSHOT.jar:?]
	at org.apache.hadoop.ozone.om.OmMetadataReader.getFileStatus(OmMetadataReader.java:262) ~[ozone-manager-1.4.0-SNAPSHOT.jar:?]
	at org.apache.hadoop.ozone.om.OzoneManager.getFileStatus(OzoneManager.java:3533) ~[ozone-manager-1.4.0-SNAPSHOT.jar:?]
	at org.apache.hadoop.ozone.protocolPB.OzoneManagerRequestHandler.getOzoneFileStatus(OzoneManagerRequestHandler.java:971) ~[ozone-manager-1.4.0-SNAPSHOT.jar:?]
	at org.apache.hadoop.ozone.protocolPB.OzoneManagerRequestHandler.handleReadRequest(OzoneManagerRequestHandler.java:250) ~[ozone-manager-1.4.0-SNAPSHOT.jar:?]
	at org.apache.hadoop.ozone.protocolPB.OzoneManagerProtocolServerSideTranslatorPB.submitReadRequestToOM(OzoneManagerProtocolServerSideTranslatorPB.java:225) ~[ozone-manager-1.4.0-SNAPSHOT.jar:?]
	at org.apache.hadoop.ozone.protocolPB.OzoneManagerProtocolServerSideTranslatorPB.processRequest(OzoneManagerProtocolServerSideTranslatorPB.java:179) ~[ozone-manager-1.4.0-SNAPSHOT.jar:?]
	at org.apache.hadoop.hdds.server.OzoneProtocolMessageDispatcher.processRequest(OzoneProtocolMessageDispatcher.java:87) [hdds-server-framework-1.4.0-SNAPSHOT.jar:?]
	at org.apache.hadoop.ozone.protocolPB.OzoneManagerProtocolServerSideTranslatorPB.submitRequest(OzoneManagerProtocolServerSideTranslatorPB.java:148) [ozone-manager-1.4.0-SNAPSHOT.jar:?]
	at org.apache.hadoop.ozone.protocol.proto.OzoneManagerProtocolProtos$OzoneManagerService$2.callBlockingMethod(OzoneManagerProtocolProtos.java) [ozone-interface-client-1.4.0-SNAPSHOT.jar:?]
	at org.apache.hadoop.ipc.ProtobufRpcEngine$Server.processCall(ProtobufRpcEngine.java:484) [hadoop-common-3.3.6.jar:?]
	at org.apache.hadoop.ipc.ProtobufRpcEngine2$Server$ProtoBufRpcInvoker.call(ProtobufRpcEngine2.java:595) [hadoop-common-3.3.6.jar:?]
	at org.apache.hadoop.ipc.ProtobufRpcEngine2$Server$ProtoBufRpcInvoker.call(ProtobufRpcEngine2.java:573) [hadoop-common-3.3.6.jar:?]
	at org.apache.hadoop.ipc.RPC$Server.call(RPC.java:1227) [hadoop-common-3.3.6.jar:?]
	at org.apache.hadoop.ipc.Server$RpcCall.run(Server.java:1094) [hadoop-common-3.3.6.jar:?]
	at org.apache.hadoop.ipc.Server$RpcCall.run(Server.java:1017) [hadoop-common-3.3.6.jar:?]
	at java.security.AccessController.doPrivileged(Native Method) ~[?:1.8.0_382]
	at javax.security.auth.Subject.doAs(Subject.java:422) [?:1.8.0_382]
	at org.apache.hadoop.security.UserGroupInformation.doAs(UserGroupInformation.java:1899) [hadoop-common-3.3.6.jar:?]
	at org.apache.hadoop.ipc.Server$Handler.run(Server.java:3048) [hadoop-common-3.3.6.jar:?]
02:04:07.638 [IPC Server handler 14 on default port 15004] ERROR OMAudit - user=runner | ip=127.0.0.1 | op=GET_FILE_STATUS {volume=volume43289, bucket=bucket29045, key=root_dir/file1/c, dataSize=0, replicationConfig=null} | ret=FAILURE
org.apache.hadoop.ozone.om.exceptions.OMException: Unable to get file status: volume: volume43289 bucket: bucket29045 key: root_dir/file1/c
	at org.apache.hadoop.ozone.om.KeyManagerImpl.getOzoneFileStatus(KeyManagerImpl.java:1195) ~[ozone-manager-1.4.0-SNAPSHOT.jar:?]
	at org.apache.hadoop.ozone.om.KeyManagerImpl.getFileStatus(KeyManagerImpl.java:1113) ~[ozone-manager-1.4.0-SNAPSHOT.jar:?]
	at org.apache.hadoop.ozone.om.OmMetadataReader.getFileStatus(OmMetadataReader.java:262) ~[ozone-manager-1.4.0-SNAPSHOT.jar:?]
	at org.apache.hadoop.ozone.om.OzoneManager.getFileStatus(OzoneManager.java:3533) ~[ozone-manager-1.4.0-SNAPSHOT.jar:?]
	at org.apache.hadoop.ozone.protocolPB.OzoneManagerRequestHandler.getOzoneFileStatus(OzoneManagerRequestHandler.java:971) ~[ozone-manager-1.4.0-SNAPSHOT.jar:?]
	at org.apache.hadoop.ozone.protocolPB.OzoneManagerRequestHandler.handleReadRequest(OzoneManagerRequestHandler.java:250) ~[ozone-manager-1.4.0-SNAPSHOT.jar:?]
	at org.apache.hadoop.ozone.protocolPB.OzoneManagerProtocolServerSideTranslatorPB.submitReadRequestToOM(OzoneManagerProtocolServerSideTranslatorPB.java:225) ~[ozone-manager-1.4.0-SNAPSHOT.jar:?]
	at org.apache.hadoop.ozone.protocolPB.OzoneManagerProtocolServerSideTranslatorPB.processRequest(OzoneManagerProtocolServerSideTranslatorPB.java:179) ~[ozone-manager-1.4.0-SNAPSHOT.jar:?]
	at org.apache.hadoop.hdds.server.OzoneProtocolMessageDispatcher.processRequest(OzoneProtocolMessageDispatcher.java:87) [hdds-server-framework-1.4.0-SNAPSHOT.jar:?]
	at org.apache.hadoop.ozone.protocolPB.OzoneManagerProtocolServerSideTranslatorPB.submitRequest(OzoneManagerProtocolServerSideTranslatorPB.java:148) [ozone-manager-1.4.0-SNAPSHOT.jar:?]
	at org.apache.hadoop.ozone.protocol.proto.OzoneManagerProtocolProtos$OzoneManagerService$2.callBlockingMethod(OzoneManagerProtocolProtos.java) [ozone-interface-client-1.4.0-SNAPSHOT.jar:?]
	at org.apache.hadoop.ipc.ProtobufRpcEngine$Server.processCall(ProtobufRpcEngine.java:484) [hadoop-common-3.3.6.jar:?]
	at org.apache.hadoop.ipc.ProtobufRpcEngine2$Server$ProtoBufRpcInvoker.call(ProtobufRpcEngine2.java:595) [hadoop-common-3.3.6.jar:?]
	at org.apache.hadoop.ipc.ProtobufRpcEngine2$Server$ProtoBufRpcInvoker.call(ProtobufRpcEngine2.java:573) [hadoop-common-3.3.6.jar:?]
	at org.apache.hadoop.ipc.RPC$Server.call(RPC.java:1227) [hadoop-common-3.3.6.jar:?]
	at org.apache.hadoop.ipc.Server$RpcCall.run(Server.java:1094) [hadoop-common-3.3.6.jar:?]
	at org.apache.hadoop.ipc.Server$RpcCall.run(Server.java:1017) [hadoop-common-3.3.6.jar:?]
	at java.security.AccessController.doPrivileged(Native Method) ~[?:1.8.0_382]
	at javax.security.auth.Subject.doAs(Subject.java:422) [?:1.8.0_382]
	at org.apache.hadoop.security.UserGroupInformation.doAs(UserGroupInformation.java:1899) [hadoop-common-3.3.6.jar:?]
	at org.apache.hadoop.ipc.Server$Handler.run(Server.java:3048) [hadoop-common-3.3.6.jar:?]
]]></system-out>
  </testcase>
  <testcase name="testRenameDestinationParentDoesntExist" classname="TestOzoneFileSystem" time="0.024">
    <system-out><![CDATA[02:05:27.117 [IPC Server handler 14 on default port 15057] ERROR OMAudit - user=runner | ip=127.0.0.1 | op=GET_FILE_STATUS {volume=volume43065, bucket=bucket81401, key=root_dir/b/c, dataSize=0, replicationConfig=null} | ret=FAILURE
org.apache.hadoop.ozone.om.exceptions.OMException: Unable to get file status: volume: volume43065 bucket: bucket81401 key: root_dir/b/c
	at org.apache.hadoop.ozone.om.KeyManagerImpl.getOzoneFileStatus(KeyManagerImpl.java:1195) ~[ozone-manager-1.4.0-SNAPSHOT.jar:?]
	at org.apache.hadoop.ozone.om.KeyManagerImpl.getFileStatus(KeyManagerImpl.java:1113) ~[ozone-manager-1.4.0-SNAPSHOT.jar:?]
	at org.apache.hadoop.ozone.om.OmMetadataReader.getFileStatus(OmMetadataReader.java:262) ~[ozone-manager-1.4.0-SNAPSHOT.jar:?]
	at org.apache.hadoop.ozone.om.OzoneManager.getFileStatus(OzoneManager.java:3533) ~[ozone-manager-1.4.0-SNAPSHOT.jar:?]
	at org.apache.hadoop.ozone.protocolPB.OzoneManagerRequestHandler.getOzoneFileStatus(OzoneManagerRequestHandler.java:971) ~[ozone-manager-1.4.0-SNAPSHOT.jar:?]
	at org.apache.hadoop.ozone.protocolPB.OzoneManagerRequestHandler.handleReadRequest(OzoneManagerRequestHandler.java:250) ~[ozone-manager-1.4.0-SNAPSHOT.jar:?]
	at org.apache.hadoop.ozone.protocolPB.OzoneManagerProtocolServerSideTranslatorPB.submitRequestDirectlyToOM(OzoneManagerProtocolServerSideTranslatorPB.java:274) ~[ozone-manager-1.4.0-SNAPSHOT.jar:?]
	at org.apache.hadoop.ozone.protocolPB.OzoneManagerProtocolServerSideTranslatorPB.processRequest(OzoneManagerProtocolServerSideTranslatorPB.java:175) ~[ozone-manager-1.4.0-SNAPSHOT.jar:?]
	at org.apache.hadoop.hdds.server.OzoneProtocolMessageDispatcher.processRequest(OzoneProtocolMessageDispatcher.java:87) [hdds-server-framework-1.4.0-SNAPSHOT.jar:?]
	at org.apache.hadoop.ozone.protocolPB.OzoneManagerProtocolServerSideTranslatorPB.submitRequest(OzoneManagerProtocolServerSideTranslatorPB.java:148) [ozone-manager-1.4.0-SNAPSHOT.jar:?]
	at org.apache.hadoop.ozone.protocol.proto.OzoneManagerProtocolProtos$OzoneManagerService$2.callBlockingMethod(OzoneManagerProtocolProtos.java) [ozone-interface-client-1.4.0-SNAPSHOT.jar:?]
	at org.apache.hadoop.ipc.ProtobufRpcEngine$Server.processCall(ProtobufRpcEngine.java:484) [hadoop-common-3.3.6.jar:?]
	at org.apache.hadoop.ipc.ProtobufRpcEngine2$Server$ProtoBufRpcInvoker.call(ProtobufRpcEngine2.java:595) [hadoop-common-3.3.6.jar:?]
	at org.apache.hadoop.ipc.ProtobufRpcEngine2$Server$ProtoBufRpcInvoker.call(ProtobufRpcEngine2.java:573) [hadoop-common-3.3.6.jar:?]
	at org.apache.hadoop.ipc.RPC$Server.call(RPC.java:1227) [hadoop-common-3.3.6.jar:?]
	at org.apache.hadoop.ipc.Server$RpcCall.run(Server.java:1094) [hadoop-common-3.3.6.jar:?]
	at org.apache.hadoop.ipc.Server$RpcCall.run(Server.java:1017) [hadoop-common-3.3.6.jar:?]
	at java.security.AccessController.doPrivileged(Native Method) ~[?:1.8.0_382]
	at javax.security.auth.Subject.doAs(Subject.java:422) [?:1.8.0_382]
	at org.apache.hadoop.security.UserGroupInformation.doAs(UserGroupInformation.java:1899) [hadoop-common-3.3.6.jar:?]
	at org.apache.hadoop.ipc.Server$Handler.run(Server.java:3048) [hadoop-common-3.3.6.jar:?]
02:05:27.118 [IPC Server handler 15 on default port 15057] ERROR OMAudit - user=runner | ip=127.0.0.1 | op=GET_FILE_STATUS {volume=volume43065, bucket=bucket81401, key=root_dir/b, dataSize=0, replicationConfig=null} | ret=FAILURE
org.apache.hadoop.ozone.om.exceptions.OMException: Unable to get file status: volume: volume43065 bucket: bucket81401 key: root_dir/b
	at org.apache.hadoop.ozone.om.KeyManagerImpl.getOzoneFileStatus(KeyManagerImpl.java:1195) ~[ozone-manager-1.4.0-SNAPSHOT.jar:?]
	at org.apache.hadoop.ozone.om.KeyManagerImpl.getFileStatus(KeyManagerImpl.java:1113) ~[ozone-manager-1.4.0-SNAPSHOT.jar:?]
	at org.apache.hadoop.ozone.om.OmMetadataReader.getFileStatus(OmMetadataReader.java:262) ~[ozone-manager-1.4.0-SNAPSHOT.jar:?]
	at org.apache.hadoop.ozone.om.OzoneManager.getFileStatus(OzoneManager.java:3533) ~[ozone-manager-1.4.0-SNAPSHOT.jar:?]
	at org.apache.hadoop.ozone.protocolPB.OzoneManagerRequestHandler.getOzoneFileStatus(OzoneManagerRequestHandler.java:971) ~[ozone-manager-1.4.0-SNAPSHOT.jar:?]
	at org.apache.hadoop.ozone.protocolPB.OzoneManagerRequestHandler.handleReadRequest(OzoneManagerRequestHandler.java:250) ~[ozone-manager-1.4.0-SNAPSHOT.jar:?]
	at org.apache.hadoop.ozone.protocolPB.OzoneManagerProtocolServerSideTranslatorPB.submitRequestDirectlyToOM(OzoneManagerProtocolServerSideTranslatorPB.java:274) ~[ozone-manager-1.4.0-SNAPSHOT.jar:?]
	at org.apache.hadoop.ozone.protocolPB.OzoneManagerProtocolServerSideTranslatorPB.processRequest(OzoneManagerProtocolServerSideTranslatorPB.java:175) ~[ozone-manager-1.4.0-SNAPSHOT.jar:?]
	at org.apache.hadoop.hdds.server.OzoneProtocolMessageDispatcher.processRequest(OzoneProtocolMessageDispatcher.java:87) [hdds-server-framework-1.4.0-SNAPSHOT.jar:?]
	at org.apache.hadoop.ozone.protocolPB.OzoneManagerProtocolServerSideTranslatorPB.submitRequest(OzoneManagerProtocolServerSideTranslatorPB.java:148) [ozone-manager-1.4.0-SNAPSHOT.jar:?]
	at org.apache.hadoop.ozone.protocol.proto.OzoneManagerProtocolProtos$OzoneManagerService$2.callBlockingMethod(OzoneManagerProtocolProtos.java) [ozone-interface-client-1.4.0-SNAPSHOT.jar:?]
	at org.apache.hadoop.ipc.ProtobufRpcEngine$Server.processCall(ProtobufRpcEngine.java:484) [hadoop-common-3.3.6.jar:?]
	at org.apache.hadoop.ipc.ProtobufRpcEngine2$Server$ProtoBufRpcInvoker.call(ProtobufRpcEngine2.java:595) [hadoop-common-3.3.6.jar:?]
	at org.apache.hadoop.ipc.ProtobufRpcEngine2$Server$ProtoBufRpcInvoker.call(ProtobufRpcEngine2.java:573) [hadoop-common-3.3.6.jar:?]
	at org.apache.hadoop.ipc.RPC$Server.call(RPC.java:1227) [hadoop-common-3.3.6.jar:?]
	at org.apache.hadoop.ipc.Server$RpcCall.run(Server.java:1094) [hadoop-common-3.3.6.jar:?]
	at org.apache.hadoop.ipc.Server$RpcCall.run(Server.java:1017) [hadoop-common-3.3.6.jar:?]
	at java.security.AccessController.doPrivileged(Native Method) ~[?:1.8.0_382]
	at javax.security.auth.Subject.doAs(Subject.java:422) [?:1.8.0_382]
	at org.apache.hadoop.security.UserGroupInformation.doAs(UserGroupInformation.java:1899) [hadoop-common-3.3.6.jar:?]
	at org.apache.hadoop.ipc.Server$Handler.run(Server.java:3048) [hadoop-common-3.3.6.jar:?]
02:05:27.130 [IPC Server handler 19 on default port 15057] ERROR OMAudit - user=runner | ip=127.0.0.1 | op=GET_FILE_STATUS {volume=volume43065, bucket=bucket81401, key=root_dir/file1/c, dataSize=0, replicationConfig=null} | ret=FAILURE
org.apache.hadoop.ozone.om.exceptions.OMException: Unable to get file status: volume: volume43065 bucket: bucket81401 key: root_dir/file1/c
	at org.apache.hadoop.ozone.om.KeyManagerImpl.getOzoneFileStatus(KeyManagerImpl.java:1195) ~[ozone-manager-1.4.0-SNAPSHOT.jar:?]
	at org.apache.hadoop.ozone.om.KeyManagerImpl.getFileStatus(KeyManagerImpl.java:1113) ~[ozone-manager-1.4.0-SNAPSHOT.jar:?]
	at org.apache.hadoop.ozone.om.OmMetadataReader.getFileStatus(OmMetadataReader.java:262) ~[ozone-manager-1.4.0-SNAPSHOT.jar:?]
	at org.apache.hadoop.ozone.om.OzoneManager.getFileStatus(OzoneManager.java:3533) ~[ozone-manager-1.4.0-SNAPSHOT.jar:?]
	at org.apache.hadoop.ozone.protocolPB.OzoneManagerRequestHandler.getOzoneFileStatus(OzoneManagerRequestHandler.java:971) ~[ozone-manager-1.4.0-SNAPSHOT.jar:?]
	at org.apache.hadoop.ozone.protocolPB.OzoneManagerRequestHandler.handleReadRequest(OzoneManagerRequestHandler.java:250) ~[ozone-manager-1.4.0-SNAPSHOT.jar:?]
	at org.apache.hadoop.ozone.protocolPB.OzoneManagerProtocolServerSideTranslatorPB.submitRequestDirectlyToOM(OzoneManagerProtocolServerSideTranslatorPB.java:274) ~[ozone-manager-1.4.0-SNAPSHOT.jar:?]
	at org.apache.hadoop.ozone.protocolPB.OzoneManagerProtocolServerSideTranslatorPB.processRequest(OzoneManagerProtocolServerSideTranslatorPB.java:175) ~[ozone-manager-1.4.0-SNAPSHOT.jar:?]
	at org.apache.hadoop.hdds.server.OzoneProtocolMessageDispatcher.processRequest(OzoneProtocolMessageDispatcher.java:87) [hdds-server-framework-1.4.0-SNAPSHOT.jar:?]
	at org.apache.hadoop.ozone.protocolPB.OzoneManagerProtocolServerSideTranslatorPB.submitRequest(OzoneManagerProtocolServerSideTranslatorPB.java:148) [ozone-manager-1.4.0-SNAPSHOT.jar:?]
	at org.apache.hadoop.ozone.protocol.proto.OzoneManagerProtocolProtos$OzoneManagerService$2.callBlockingMethod(OzoneManagerProtocolProtos.java) [ozone-interface-client-1.4.0-SNAPSHOT.jar:?]
	at org.apache.hadoop.ipc.ProtobufRpcEngine$Server.processCall(ProtobufRpcEngine.java:484) [hadoop-common-3.3.6.jar:?]
	at org.apache.hadoop.ipc.ProtobufRpcEngine2$Server$ProtoBufRpcInvoker.call(ProtobufRpcEngine2.java:595) [hadoop-common-3.3.6.jar:?]
	at org.apache.hadoop.ipc.ProtobufRpcEngine2$Server$ProtoBufRpcInvoker.call(ProtobufRpcEngine2.java:573) [hadoop-common-3.3.6.jar:?]
	at org.apache.hadoop.ipc.RPC$Server.call(RPC.java:1227) [hadoop-common-3.3.6.jar:?]
	at org.apache.hadoop.ipc.Server$RpcCall.run(Server.java:1094) [hadoop-common-3.3.6.jar:?]
	at org.apache.hadoop.ipc.Server$RpcCall.run(Server.java:1017) [hadoop-common-3.3.6.jar:?]
	at java.security.AccessController.doPrivileged(Native Method) ~[?:1.8.0_382]
	at javax.security.auth.Subject.doAs(Subject.java:422) [?:1.8.0_382]
	at org.apache.hadoop.security.UserGroupInformation.doAs(UserGroupInformation.java:1899) [hadoop-common-3.3.6.jar:?]
	at org.apache.hadoop.ipc.Server$Handler.run(Server.java:3048) [hadoop-common-3.3.6.jar:?]
]]></system-out>
  </testcase>
  <testcase name="testRenameDestinationParentDoesntExist" classname="TestOzoneFileSystem" time="0.027">
    <system-out><![CDATA[02:06:30.068 [IPC Server handler 11 on default port 15110] ERROR OMAudit - user=runner | ip=127.0.0.1 | op=GET_FILE_STATUS {volume=volume18939, bucket=bucket36089, key=root_dir/b/c, dataSize=0, replicationConfig=null} | ret=FAILURE
org.apache.hadoop.ozone.om.exceptions.OMException: Unable to get file status: volume: volume18939 bucket: bucket36089 key: root_dir/b/c
	at org.apache.hadoop.ozone.om.KeyManagerImpl.getOzoneFileStatus(KeyManagerImpl.java:1195) ~[ozone-manager-1.4.0-SNAPSHOT.jar:?]
	at org.apache.hadoop.ozone.om.KeyManagerImpl.getFileStatus(KeyManagerImpl.java:1113) ~[ozone-manager-1.4.0-SNAPSHOT.jar:?]
	at org.apache.hadoop.ozone.om.OmMetadataReader.getFileStatus(OmMetadataReader.java:262) ~[ozone-manager-1.4.0-SNAPSHOT.jar:?]
	at org.apache.hadoop.ozone.om.OzoneManager.getFileStatus(OzoneManager.java:3533) ~[ozone-manager-1.4.0-SNAPSHOT.jar:?]
	at org.apache.hadoop.ozone.protocolPB.OzoneManagerRequestHandler.getOzoneFileStatus(OzoneManagerRequestHandler.java:971) ~[ozone-manager-1.4.0-SNAPSHOT.jar:?]
	at org.apache.hadoop.ozone.protocolPB.OzoneManagerRequestHandler.handleReadRequest(OzoneManagerRequestHandler.java:250) ~[ozone-manager-1.4.0-SNAPSHOT.jar:?]
	at org.apache.hadoop.ozone.protocolPB.OzoneManagerProtocolServerSideTranslatorPB.submitReadRequestToOM(OzoneManagerProtocolServerSideTranslatorPB.java:225) ~[ozone-manager-1.4.0-SNAPSHOT.jar:?]
	at org.apache.hadoop.ozone.protocolPB.OzoneManagerProtocolServerSideTranslatorPB.processRequest(OzoneManagerProtocolServerSideTranslatorPB.java:179) ~[ozone-manager-1.4.0-SNAPSHOT.jar:?]
	at org.apache.hadoop.hdds.server.OzoneProtocolMessageDispatcher.processRequest(OzoneProtocolMessageDispatcher.java:87) [hdds-server-framework-1.4.0-SNAPSHOT.jar:?]
	at org.apache.hadoop.ozone.protocolPB.OzoneManagerProtocolServerSideTranslatorPB.submitRequest(OzoneManagerProtocolServerSideTranslatorPB.java:148) [ozone-manager-1.4.0-SNAPSHOT.jar:?]
	at org.apache.hadoop.ozone.protocol.proto.OzoneManagerProtocolProtos$OzoneManagerService$2.callBlockingMethod(OzoneManagerProtocolProtos.java) [ozone-interface-client-1.4.0-SNAPSHOT.jar:?]
	at org.apache.hadoop.ipc.ProtobufRpcEngine$Server.processCall(ProtobufRpcEngine.java:484) [hadoop-common-3.3.6.jar:?]
	at org.apache.hadoop.ipc.ProtobufRpcEngine2$Server$ProtoBufRpcInvoker.call(ProtobufRpcEngine2.java:595) [hadoop-common-3.3.6.jar:?]
	at org.apache.hadoop.ipc.ProtobufRpcEngine2$Server$ProtoBufRpcInvoker.call(ProtobufRpcEngine2.java:573) [hadoop-common-3.3.6.jar:?]
	at org.apache.hadoop.ipc.RPC$Server.call(RPC.java:1227) [hadoop-common-3.3.6.jar:?]
	at org.apache.hadoop.ipc.Server$RpcCall.run(Server.java:1094) [hadoop-common-3.3.6.jar:?]
	at org.apache.hadoop.ipc.Server$RpcCall.run(Server.java:1017) [hadoop-common-3.3.6.jar:?]
	at java.security.AccessController.doPrivileged(Native Method) ~[?:1.8.0_382]
	at javax.security.auth.Subject.doAs(Subject.java:422) [?:1.8.0_382]
	at org.apache.hadoop.security.UserGroupInformation.doAs(UserGroupInformation.java:1899) [hadoop-common-3.3.6.jar:?]
	at org.apache.hadoop.ipc.Server$Handler.run(Server.java:3048) [hadoop-common-3.3.6.jar:?]
02:06:30.070 [IPC Server handler 12 on default port 15110] ERROR OMAudit - user=runner | ip=127.0.0.1 | op=GET_FILE_STATUS {volume=volume18939, bucket=bucket36089, key=root_dir/b, dataSize=0, replicationConfig=null} | ret=FAILURE
org.apache.hadoop.ozone.om.exceptions.OMException: Unable to get file status: volume: volume18939 bucket: bucket36089 key: root_dir/b
	at org.apache.hadoop.ozone.om.KeyManagerImpl.getOzoneFileStatus(KeyManagerImpl.java:1195) ~[ozone-manager-1.4.0-SNAPSHOT.jar:?]
	at org.apache.hadoop.ozone.om.KeyManagerImpl.getFileStatus(KeyManagerImpl.java:1113) ~[ozone-manager-1.4.0-SNAPSHOT.jar:?]
	at org.apache.hadoop.ozone.om.OmMetadataReader.getFileStatus(OmMetadataReader.java:262) ~[ozone-manager-1.4.0-SNAPSHOT.jar:?]
	at org.apache.hadoop.ozone.om.OzoneManager.getFileStatus(OzoneManager.java:3533) ~[ozone-manager-1.4.0-SNAPSHOT.jar:?]
	at org.apache.hadoop.ozone.protocolPB.OzoneManagerRequestHandler.getOzoneFileStatus(OzoneManagerRequestHandler.java:971) ~[ozone-manager-1.4.0-SNAPSHOT.jar:?]
	at org.apache.hadoop.ozone.protocolPB.OzoneManagerRequestHandler.handleReadRequest(OzoneManagerRequestHandler.java:250) ~[ozone-manager-1.4.0-SNAPSHOT.jar:?]
	at org.apache.hadoop.ozone.protocolPB.OzoneManagerProtocolServerSideTranslatorPB.submitReadRequestToOM(OzoneManagerProtocolServerSideTranslatorPB.java:225) ~[ozone-manager-1.4.0-SNAPSHOT.jar:?]
	at org.apache.hadoop.ozone.protocolPB.OzoneManagerProtocolServerSideTranslatorPB.processRequest(OzoneManagerProtocolServerSideTranslatorPB.java:179) ~[ozone-manager-1.4.0-SNAPSHOT.jar:?]
	at org.apache.hadoop.hdds.server.OzoneProtocolMessageDispatcher.processRequest(OzoneProtocolMessageDispatcher.java:87) [hdds-server-framework-1.4.0-SNAPSHOT.jar:?]
	at org.apache.hadoop.ozone.protocolPB.OzoneManagerProtocolServerSideTranslatorPB.submitRequest(OzoneManagerProtocolServerSideTranslatorPB.java:148) [ozone-manager-1.4.0-SNAPSHOT.jar:?]
	at org.apache.hadoop.ozone.protocol.proto.OzoneManagerProtocolProtos$OzoneManagerService$2.callBlockingMethod(OzoneManagerProtocolProtos.java) [ozone-interface-client-1.4.0-SNAPSHOT.jar:?]
	at org.apache.hadoop.ipc.ProtobufRpcEngine$Server.processCall(ProtobufRpcEngine.java:484) [hadoop-common-3.3.6.jar:?]
	at org.apache.hadoop.ipc.ProtobufRpcEngine2$Server$ProtoBufRpcInvoker.call(ProtobufRpcEngine2.java:595) [hadoop-common-3.3.6.jar:?]
	at org.apache.hadoop.ipc.ProtobufRpcEngine2$Server$ProtoBufRpcInvoker.call(ProtobufRpcEngine2.java:573) [hadoop-common-3.3.6.jar:?]
	at org.apache.hadoop.ipc.RPC$Server.call(RPC.java:1227) [hadoop-common-3.3.6.jar:?]
	at org.apache.hadoop.ipc.Server$RpcCall.run(Server.java:1094) [hadoop-common-3.3.6.jar:?]
	at org.apache.hadoop.ipc.Server$RpcCall.run(Server.java:1017) [hadoop-common-3.3.6.jar:?]
	at java.security.AccessController.doPrivileged(Native Method) ~[?:1.8.0_382]
	at javax.security.auth.Subject.doAs(Subject.java:422) [?:1.8.0_382]
	at org.apache.hadoop.security.UserGroupInformation.doAs(UserGroupInformation.java:1899) [hadoop-common-3.3.6.jar:?]
	at org.apache.hadoop.ipc.Server$Handler.run(Server.java:3048) [hadoop-common-3.3.6.jar:?]
02:06:30.085 [IPC Server handler 3 on default port 15110] ERROR OMAudit - user=runner | ip=127.0.0.1 | op=GET_FILE_STATUS {volume=volume18939, bucket=bucket36089, key=root_dir/file1/c, dataSize=0, replicationConfig=null} | ret=FAILURE
org.apache.hadoop.ozone.om.exceptions.OMException: Unable to get file status: volume: volume18939 bucket: bucket36089 key: root_dir/file1/c
	at org.apache.hadoop.ozone.om.KeyManagerImpl.getOzoneFileStatus(KeyManagerImpl.java:1195) ~[ozone-manager-1.4.0-SNAPSHOT.jar:?]
	at org.apache.hadoop.ozone.om.KeyManagerImpl.getFileStatus(KeyManagerImpl.java:1113) ~[ozone-manager-1.4.0-SNAPSHOT.jar:?]
	at org.apache.hadoop.ozone.om.OmMetadataReader.getFileStatus(OmMetadataReader.java:262) ~[ozone-manager-1.4.0-SNAPSHOT.jar:?]
	at org.apache.hadoop.ozone.om.OzoneManager.getFileStatus(OzoneManager.java:3533) ~[ozone-manager-1.4.0-SNAPSHOT.jar:?]
	at org.apache.hadoop.ozone.protocolPB.OzoneManagerRequestHandler.getOzoneFileStatus(OzoneManagerRequestHandler.java:971) ~[ozone-manager-1.4.0-SNAPSHOT.jar:?]
	at org.apache.hadoop.ozone.protocolPB.OzoneManagerRequestHandler.handleReadRequest(OzoneManagerRequestHandler.java:250) ~[ozone-manager-1.4.0-SNAPSHOT.jar:?]
	at org.apache.hadoop.ozone.protocolPB.OzoneManagerProtocolServerSideTranslatorPB.submitReadRequestToOM(OzoneManagerProtocolServerSideTranslatorPB.java:225) ~[ozone-manager-1.4.0-SNAPSHOT.jar:?]
	at org.apache.hadoop.ozone.protocolPB.OzoneManagerProtocolServerSideTranslatorPB.processRequest(OzoneManagerProtocolServerSideTranslatorPB.java:179) ~[ozone-manager-1.4.0-SNAPSHOT.jar:?]
	at org.apache.hadoop.hdds.server.OzoneProtocolMessageDispatcher.processRequest(OzoneProtocolMessageDispatcher.java:87) [hdds-server-framework-1.4.0-SNAPSHOT.jar:?]
	at org.apache.hadoop.ozone.protocolPB.OzoneManagerProtocolServerSideTranslatorPB.submitRequest(OzoneManagerProtocolServerSideTranslatorPB.java:148) [ozone-manager-1.4.0-SNAPSHOT.jar:?]
	at org.apache.hadoop.ozone.protocol.proto.OzoneManagerProtocolProtos$OzoneManagerService$2.callBlockingMethod(OzoneManagerProtocolProtos.java) [ozone-interface-client-1.4.0-SNAPSHOT.jar:?]
	at org.apache.hadoop.ipc.ProtobufRpcEngine$Server.processCall(ProtobufRpcEngine.java:484) [hadoop-common-3.3.6.jar:?]
	at org.apache.hadoop.ipc.ProtobufRpcEngine2$Server$ProtoBufRpcInvoker.call(ProtobufRpcEngine2.java:595) [hadoop-common-3.3.6.jar:?]
	at org.apache.hadoop.ipc.ProtobufRpcEngine2$Server$ProtoBufRpcInvoker.call(ProtobufRpcEngine2.java:573) [hadoop-common-3.3.6.jar:?]
	at org.apache.hadoop.ipc.RPC$Server.call(RPC.java:1227) [hadoop-common-3.3.6.jar:?]
	at org.apache.hadoop.ipc.Server$RpcCall.run(Server.java:1094) [hadoop-common-3.3.6.jar:?]
	at org.apache.hadoop.ipc.Server$RpcCall.run(Server.java:1017) [hadoop-common-3.3.6.jar:?]
	at java.security.AccessController.doPrivileged(Native Method) ~[?:1.8.0_382]
	at javax.security.auth.Subject.doAs(Subject.java:422) [?:1.8.0_382]
	at org.apache.hadoop.security.UserGroupInformation.doAs(UserGroupInformation.java:1899) [hadoop-common-3.3.6.jar:?]
	at org.apache.hadoop.ipc.Server$Handler.run(Server.java:3048) [hadoop-common-3.3.6.jar:?]
]]></system-out>
  </testcase>
  <testcase name="testRenameDestinationParentDoesntExist" classname="TestOzoneFileSystem" time="0.015">
    <system-out><![CDATA[02:07:37.605 [IPC Server handler 1 on default port 15163] ERROR OMAudit - user=runner | ip=127.0.0.1 | op=GET_FILE_STATUS {volume=volume12196, bucket=bucket58129, key=root_dir/b/c, dataSize=0, replicationConfig=null} | ret=FAILURE
org.apache.hadoop.ozone.om.exceptions.OMException: Unable to get file status: volume: volume12196 bucket: bucket58129 key: root_dir/b/c
	at org.apache.hadoop.ozone.om.KeyManagerImpl.getOzoneFileStatus(KeyManagerImpl.java:1195) ~[ozone-manager-1.4.0-SNAPSHOT.jar:?]
	at org.apache.hadoop.ozone.om.KeyManagerImpl.getFileStatus(KeyManagerImpl.java:1113) ~[ozone-manager-1.4.0-SNAPSHOT.jar:?]
	at org.apache.hadoop.ozone.om.OmMetadataReader.getFileStatus(OmMetadataReader.java:262) ~[ozone-manager-1.4.0-SNAPSHOT.jar:?]
	at org.apache.hadoop.ozone.om.OzoneManager.getFileStatus(OzoneManager.java:3533) ~[ozone-manager-1.4.0-SNAPSHOT.jar:?]
	at org.apache.hadoop.ozone.protocolPB.OzoneManagerRequestHandler.getOzoneFileStatus(OzoneManagerRequestHandler.java:971) ~[ozone-manager-1.4.0-SNAPSHOT.jar:?]
	at org.apache.hadoop.ozone.protocolPB.OzoneManagerRequestHandler.handleReadRequest(OzoneManagerRequestHandler.java:250) ~[ozone-manager-1.4.0-SNAPSHOT.jar:?]
	at org.apache.hadoop.ozone.protocolPB.OzoneManagerProtocolServerSideTranslatorPB.submitRequestDirectlyToOM(OzoneManagerProtocolServerSideTranslatorPB.java:274) ~[ozone-manager-1.4.0-SNAPSHOT.jar:?]
	at org.apache.hadoop.ozone.protocolPB.OzoneManagerProtocolServerSideTranslatorPB.processRequest(OzoneManagerProtocolServerSideTranslatorPB.java:175) ~[ozone-manager-1.4.0-SNAPSHOT.jar:?]
	at org.apache.hadoop.hdds.server.OzoneProtocolMessageDispatcher.processRequest(OzoneProtocolMessageDispatcher.java:87) [hdds-server-framework-1.4.0-SNAPSHOT.jar:?]
	at org.apache.hadoop.ozone.protocolPB.OzoneManagerProtocolServerSideTranslatorPB.submitRequest(OzoneManagerProtocolServerSideTranslatorPB.java:148) [ozone-manager-1.4.0-SNAPSHOT.jar:?]
	at org.apache.hadoop.ozone.protocol.proto.OzoneManagerProtocolProtos$OzoneManagerService$2.callBlockingMethod(OzoneManagerProtocolProtos.java) [ozone-interface-client-1.4.0-SNAPSHOT.jar:?]
	at org.apache.hadoop.ipc.ProtobufRpcEngine$Server.processCall(ProtobufRpcEngine.java:484) [hadoop-common-3.3.6.jar:?]
	at org.apache.hadoop.ipc.ProtobufRpcEngine2$Server$ProtoBufRpcInvoker.call(ProtobufRpcEngine2.java:595) [hadoop-common-3.3.6.jar:?]
	at org.apache.hadoop.ipc.ProtobufRpcEngine2$Server$ProtoBufRpcInvoker.call(ProtobufRpcEngine2.java:573) [hadoop-common-3.3.6.jar:?]
	at org.apache.hadoop.ipc.RPC$Server.call(RPC.java:1227) [hadoop-common-3.3.6.jar:?]
	at org.apache.hadoop.ipc.Server$RpcCall.run(Server.java:1094) [hadoop-common-3.3.6.jar:?]
	at org.apache.hadoop.ipc.Server$RpcCall.run(Server.java:1017) [hadoop-common-3.3.6.jar:?]
	at java.security.AccessController.doPrivileged(Native Method) ~[?:1.8.0_382]
	at javax.security.auth.Subject.doAs(Subject.java:422) [?:1.8.0_382]
	at org.apache.hadoop.security.UserGroupInformation.doAs(UserGroupInformation.java:1899) [hadoop-common-3.3.6.jar:?]
	at org.apache.hadoop.ipc.Server$Handler.run(Server.java:3048) [hadoop-common-3.3.6.jar:?]
02:07:37.607 [IPC Server handler 3 on default port 15163] ERROR OMAudit - user=runner | ip=127.0.0.1 | op=GET_FILE_STATUS {volume=volume12196, bucket=bucket58129, key=root_dir/b, dataSize=0, replicationConfig=null} | ret=FAILURE
org.apache.hadoop.ozone.om.exceptions.OMException: Unable to get file status: volume: volume12196 bucket: bucket58129 key: root_dir/b
	at org.apache.hadoop.ozone.om.KeyManagerImpl.getOzoneFileStatus(KeyManagerImpl.java:1195) ~[ozone-manager-1.4.0-SNAPSHOT.jar:?]
	at org.apache.hadoop.ozone.om.KeyManagerImpl.getFileStatus(KeyManagerImpl.java:1113) ~[ozone-manager-1.4.0-SNAPSHOT.jar:?]
	at org.apache.hadoop.ozone.om.OmMetadataReader.getFileStatus(OmMetadataReader.java:262) ~[ozone-manager-1.4.0-SNAPSHOT.jar:?]
	at org.apache.hadoop.ozone.om.OzoneManager.getFileStatus(OzoneManager.java:3533) ~[ozone-manager-1.4.0-SNAPSHOT.jar:?]
	at org.apache.hadoop.ozone.protocolPB.OzoneManagerRequestHandler.getOzoneFileStatus(OzoneManagerRequestHandler.java:971) ~[ozone-manager-1.4.0-SNAPSHOT.jar:?]
	at org.apache.hadoop.ozone.protocolPB.OzoneManagerRequestHandler.handleReadRequest(OzoneManagerRequestHandler.java:250) ~[ozone-manager-1.4.0-SNAPSHOT.jar:?]
	at org.apache.hadoop.ozone.protocolPB.OzoneManagerProtocolServerSideTranslatorPB.submitRequestDirectlyToOM(OzoneManagerProtocolServerSideTranslatorPB.java:274) ~[ozone-manager-1.4.0-SNAPSHOT.jar:?]
	at org.apache.hadoop.ozone.protocolPB.OzoneManagerProtocolServerSideTranslatorPB.processRequest(OzoneManagerProtocolServerSideTranslatorPB.java:175) ~[ozone-manager-1.4.0-SNAPSHOT.jar:?]
	at org.apache.hadoop.hdds.server.OzoneProtocolMessageDispatcher.processRequest(OzoneProtocolMessageDispatcher.java:87) [hdds-server-framework-1.4.0-SNAPSHOT.jar:?]
	at org.apache.hadoop.ozone.protocolPB.OzoneManagerProtocolServerSideTranslatorPB.submitRequest(OzoneManagerProtocolServerSideTranslatorPB.java:148) [ozone-manager-1.4.0-SNAPSHOT.jar:?]
	at org.apache.hadoop.ozone.protocol.proto.OzoneManagerProtocolProtos$OzoneManagerService$2.callBlockingMethod(OzoneManagerProtocolProtos.java) [ozone-interface-client-1.4.0-SNAPSHOT.jar:?]
	at org.apache.hadoop.ipc.ProtobufRpcEngine$Server.processCall(ProtobufRpcEngine.java:484) [hadoop-common-3.3.6.jar:?]
	at org.apache.hadoop.ipc.ProtobufRpcEngine2$Server$ProtoBufRpcInvoker.call(ProtobufRpcEngine2.java:595) [hadoop-common-3.3.6.jar:?]
	at org.apache.hadoop.ipc.ProtobufRpcEngine2$Server$ProtoBufRpcInvoker.call(ProtobufRpcEngine2.java:573) [hadoop-common-3.3.6.jar:?]
	at org.apache.hadoop.ipc.RPC$Server.call(RPC.java:1227) [hadoop-common-3.3.6.jar:?]
	at org.apache.hadoop.ipc.Server$RpcCall.run(Server.java:1094) [hadoop-common-3.3.6.jar:?]
	at org.apache.hadoop.ipc.Server$RpcCall.run(Server.java:1017) [hadoop-common-3.3.6.jar:?]
	at java.security.AccessController.doPrivileged(Native Method) ~[?:1.8.0_382]
	at javax.security.auth.Subject.doAs(Subject.java:422) [?:1.8.0_382]
	at org.apache.hadoop.security.UserGroupInformation.doAs(UserGroupInformation.java:1899) [hadoop-common-3.3.6.jar:?]
	at org.apache.hadoop.ipc.Server$Handler.run(Server.java:3048) [hadoop-common-3.3.6.jar:?]
02:07:37.612 [IPC Server handler 6 on default port 15163] ERROR OMAudit - user=runner | ip=127.0.0.1 | op=GET_FILE_STATUS {volume=volume12196, bucket=bucket58129, key=root_dir/file1/c, dataSize=0, replicationConfig=null} | ret=FAILURE
org.apache.hadoop.ozone.om.exceptions.OMException: Unable to get file status: volume: volume12196 bucket: bucket58129 key: root_dir/file1/c
	at org.apache.hadoop.ozone.om.KeyManagerImpl.getOzoneFileStatus(KeyManagerImpl.java:1195) ~[ozone-manager-1.4.0-SNAPSHOT.jar:?]
	at org.apache.hadoop.ozone.om.KeyManagerImpl.getFileStatus(KeyManagerImpl.java:1113) ~[ozone-manager-1.4.0-SNAPSHOT.jar:?]
	at org.apache.hadoop.ozone.om.OmMetadataReader.getFileStatus(OmMetadataReader.java:262) ~[ozone-manager-1.4.0-SNAPSHOT.jar:?]
	at org.apache.hadoop.ozone.om.OzoneManager.getFileStatus(OzoneManager.java:3533) ~[ozone-manager-1.4.0-SNAPSHOT.jar:?]
	at org.apache.hadoop.ozone.protocolPB.OzoneManagerRequestHandler.getOzoneFileStatus(OzoneManagerRequestHandler.java:971) ~[ozone-manager-1.4.0-SNAPSHOT.jar:?]
	at org.apache.hadoop.ozone.protocolPB.OzoneManagerRequestHandler.handleReadRequest(OzoneManagerRequestHandler.java:250) ~[ozone-manager-1.4.0-SNAPSHOT.jar:?]
	at org.apache.hadoop.ozone.protocolPB.OzoneManagerProtocolServerSideTranslatorPB.submitRequestDirectlyToOM(OzoneManagerProtocolServerSideTranslatorPB.java:274) ~[ozone-manager-1.4.0-SNAPSHOT.jar:?]
	at org.apache.hadoop.ozone.protocolPB.OzoneManagerProtocolServerSideTranslatorPB.processRequest(OzoneManagerProtocolServerSideTranslatorPB.java:175) ~[ozone-manager-1.4.0-SNAPSHOT.jar:?]
	at org.apache.hadoop.hdds.server.OzoneProtocolMessageDispatcher.processRequest(OzoneProtocolMessageDispatcher.java:87) [hdds-server-framework-1.4.0-SNAPSHOT.jar:?]
	at org.apache.hadoop.ozone.protocolPB.OzoneManagerProtocolServerSideTranslatorPB.submitRequest(OzoneManagerProtocolServerSideTranslatorPB.java:148) [ozone-manager-1.4.0-SNAPSHOT.jar:?]
	at org.apache.hadoop.ozone.protocol.proto.OzoneManagerProtocolProtos$OzoneManagerService$2.callBlockingMethod(OzoneManagerProtocolProtos.java) [ozone-interface-client-1.4.0-SNAPSHOT.jar:?]
	at org.apache.hadoop.ipc.ProtobufRpcEngine$Server.processCall(ProtobufRpcEngine.java:484) [hadoop-common-3.3.6.jar:?]
	at org.apache.hadoop.ipc.ProtobufRpcEngine2$Server$ProtoBufRpcInvoker.call(ProtobufRpcEngine2.java:595) [hadoop-common-3.3.6.jar:?]
	at org.apache.hadoop.ipc.ProtobufRpcEngine2$Server$ProtoBufRpcInvoker.call(ProtobufRpcEngine2.java:573) [hadoop-common-3.3.6.jar:?]
	at org.apache.hadoop.ipc.RPC$Server.call(RPC.java:1227) [hadoop-common-3.3.6.jar:?]
	at org.apache.hadoop.ipc.Server$RpcCall.run(Server.java:1094) [hadoop-common-3.3.6.jar:?]
	at org.apache.hadoop.ipc.Server$RpcCall.run(Server.java:1017) [hadoop-common-3.3.6.jar:?]
	at java.security.AccessController.doPrivileged(Native Method) ~[?:1.8.0_382]
	at javax.security.auth.Subject.doAs(Subject.java:422) [?:1.8.0_382]
	at org.apache.hadoop.security.UserGroupInformation.doAs(UserGroupInformation.java:1899) [hadoop-common-3.3.6.jar:?]
	at org.apache.hadoop.ipc.Server$Handler.run(Server.java:3048) [hadoop-common-3.3.6.jar:?]
]]></system-out>
  </testcase>
  <testcase name="testCreateWithInvalidPaths" classname="TestOzoneFileSystem" time="0.009"/>
  <testcase name="testCreateWithInvalidPaths" classname="TestOzoneFileSystem" time="0.006"/>
  <testcase name="testCreateWithInvalidPaths" classname="TestOzoneFileSystem" time="0.007"/>
  <testcase name="testCreateWithInvalidPaths" classname="TestOzoneFileSystem" time="0.001"/>
  <testcase name="testListStatusOnRoot" classname="TestOzoneFileSystem" time="0.042"/>
  <testcase name="testListStatusOnRoot" classname="TestOzoneFileSystem" time="0.015"/>
  <testcase name="testListStatusOnRoot" classname="TestOzoneFileSystem" time="0.011"/>
  <testcase name="testListStatusOnRoot" classname="TestOzoneFileSystem" time="0.01"/>
  <testcase name="testRenameWithNonExistentSource" classname="TestOzoneFileSystem" time="0.025">
    <system-out><![CDATA[2023-09-19 02:04:07,716 [Time-limited test] INFO  ozone.TestOzoneFileSystem (TestOzoneFileSystem.java:testRenameWithNonExistentSource(1159)) - Created destin dir: o3fs://bucket29045.volume43289/root/dir2
2023-09-19 02:04:07,716 [Time-limited test] INFO  ozone.TestOzoneFileSystem (TestOzoneFileSystem.java:testRenameWithNonExistentSource(1161)) - Rename op-> source:o3fs://bucket29045.volume43289/root/dir1 to destin:o3fs://bucket29045.volume43289/root/dir2}
02:04:07.718 [IPC Server handler 10 on default port 15004] ERROR OMAudit - user=runner | ip=127.0.0.1 | op=GET_FILE_STATUS {volume=volume43289, bucket=bucket29045, key=root/dir1, dataSize=0, replicationConfig=null} | ret=FAILURE
org.apache.hadoop.ozone.om.exceptions.OMException: Unable to get file status: volume: volume43289 bucket: bucket29045 key: root/dir1
	at org.apache.hadoop.ozone.om.KeyManagerImpl.getOzoneFileStatus(KeyManagerImpl.java:1195) ~[ozone-manager-1.4.0-SNAPSHOT.jar:?]
	at org.apache.hadoop.ozone.om.KeyManagerImpl.getFileStatus(KeyManagerImpl.java:1113) ~[ozone-manager-1.4.0-SNAPSHOT.jar:?]
	at org.apache.hadoop.ozone.om.OmMetadataReader.getFileStatus(OmMetadataReader.java:262) ~[ozone-manager-1.4.0-SNAPSHOT.jar:?]
	at org.apache.hadoop.ozone.om.OzoneManager.getFileStatus(OzoneManager.java:3533) ~[ozone-manager-1.4.0-SNAPSHOT.jar:?]
	at org.apache.hadoop.ozone.protocolPB.OzoneManagerRequestHandler.getOzoneFileStatus(OzoneManagerRequestHandler.java:971) ~[ozone-manager-1.4.0-SNAPSHOT.jar:?]
	at org.apache.hadoop.ozone.protocolPB.OzoneManagerRequestHandler.handleReadRequest(OzoneManagerRequestHandler.java:250) ~[ozone-manager-1.4.0-SNAPSHOT.jar:?]
	at org.apache.hadoop.ozone.protocolPB.OzoneManagerProtocolServerSideTranslatorPB.submitReadRequestToOM(OzoneManagerProtocolServerSideTranslatorPB.java:225) ~[ozone-manager-1.4.0-SNAPSHOT.jar:?]
	at org.apache.hadoop.ozone.protocolPB.OzoneManagerProtocolServerSideTranslatorPB.processRequest(OzoneManagerProtocolServerSideTranslatorPB.java:179) ~[ozone-manager-1.4.0-SNAPSHOT.jar:?]
	at org.apache.hadoop.hdds.server.OzoneProtocolMessageDispatcher.processRequest(OzoneProtocolMessageDispatcher.java:87) [hdds-server-framework-1.4.0-SNAPSHOT.jar:?]
	at org.apache.hadoop.ozone.protocolPB.OzoneManagerProtocolServerSideTranslatorPB.submitRequest(OzoneManagerProtocolServerSideTranslatorPB.java:148) [ozone-manager-1.4.0-SNAPSHOT.jar:?]
	at org.apache.hadoop.ozone.protocol.proto.OzoneManagerProtocolProtos$OzoneManagerService$2.callBlockingMethod(OzoneManagerProtocolProtos.java) [ozone-interface-client-1.4.0-SNAPSHOT.jar:?]
	at org.apache.hadoop.ipc.ProtobufRpcEngine$Server.processCall(ProtobufRpcEngine.java:484) [hadoop-common-3.3.6.jar:?]
	at org.apache.hadoop.ipc.ProtobufRpcEngine2$Server$ProtoBufRpcInvoker.call(ProtobufRpcEngine2.java:595) [hadoop-common-3.3.6.jar:?]
	at org.apache.hadoop.ipc.ProtobufRpcEngine2$Server$ProtoBufRpcInvoker.call(ProtobufRpcEngine2.java:573) [hadoop-common-3.3.6.jar:?]
	at org.apache.hadoop.ipc.RPC$Server.call(RPC.java:1227) [hadoop-common-3.3.6.jar:?]
	at org.apache.hadoop.ipc.Server$RpcCall.run(Server.java:1094) [hadoop-common-3.3.6.jar:?]
	at org.apache.hadoop.ipc.Server$RpcCall.run(Server.java:1017) [hadoop-common-3.3.6.jar:?]
	at java.security.AccessController.doPrivileged(Native Method) ~[?:1.8.0_382]
	at javax.security.auth.Subject.doAs(Subject.java:422) [?:1.8.0_382]
	at org.apache.hadoop.security.UserGroupInformation.doAs(UserGroupInformation.java:1899) [hadoop-common-3.3.6.jar:?]
	at org.apache.hadoop.ipc.Server$Handler.run(Server.java:3048) [hadoop-common-3.3.6.jar:?]
]]></system-out>
  </testcase>
  <testcase name="testRenameWithNonExistentSource" classname="TestOzoneFileSystem" time="0.011">
    <system-out><![CDATA[2023-09-19 02:05:27,164 [Time-limited test] INFO  ozone.TestOzoneFileSystem (TestOzoneFileSystem.java:testRenameWithNonExistentSource(1159)) - Created destin dir: o3fs://bucket81401.volume43065/root/dir2
2023-09-19 02:05:27,164 [Time-limited test] INFO  ozone.TestOzoneFileSystem (TestOzoneFileSystem.java:testRenameWithNonExistentSource(1161)) - Rename op-> source:o3fs://bucket81401.volume43065/root/dir1 to destin:o3fs://bucket81401.volume43065/root/dir2}
02:05:27.164 [IPC Server handler 6 on default port 15057] ERROR OMAudit - user=runner | ip=127.0.0.1 | op=GET_FILE_STATUS {volume=volume43065, bucket=bucket81401, key=root/dir1, dataSize=0, replicationConfig=null} | ret=FAILURE
org.apache.hadoop.ozone.om.exceptions.OMException: Unable to get file status: volume: volume43065 bucket: bucket81401 key: root/dir1
	at org.apache.hadoop.ozone.om.KeyManagerImpl.getOzoneFileStatus(KeyManagerImpl.java:1195) ~[ozone-manager-1.4.0-SNAPSHOT.jar:?]
	at org.apache.hadoop.ozone.om.KeyManagerImpl.getFileStatus(KeyManagerImpl.java:1113) ~[ozone-manager-1.4.0-SNAPSHOT.jar:?]
	at org.apache.hadoop.ozone.om.OmMetadataReader.getFileStatus(OmMetadataReader.java:262) ~[ozone-manager-1.4.0-SNAPSHOT.jar:?]
	at org.apache.hadoop.ozone.om.OzoneManager.getFileStatus(OzoneManager.java:3533) ~[ozone-manager-1.4.0-SNAPSHOT.jar:?]
	at org.apache.hadoop.ozone.protocolPB.OzoneManagerRequestHandler.getOzoneFileStatus(OzoneManagerRequestHandler.java:971) ~[ozone-manager-1.4.0-SNAPSHOT.jar:?]
	at org.apache.hadoop.ozone.protocolPB.OzoneManagerRequestHandler.handleReadRequest(OzoneManagerRequestHandler.java:250) ~[ozone-manager-1.4.0-SNAPSHOT.jar:?]
	at org.apache.hadoop.ozone.protocolPB.OzoneManagerProtocolServerSideTranslatorPB.submitRequestDirectlyToOM(OzoneManagerProtocolServerSideTranslatorPB.java:274) ~[ozone-manager-1.4.0-SNAPSHOT.jar:?]
	at org.apache.hadoop.ozone.protocolPB.OzoneManagerProtocolServerSideTranslatorPB.processRequest(OzoneManagerProtocolServerSideTranslatorPB.java:175) ~[ozone-manager-1.4.0-SNAPSHOT.jar:?]
	at org.apache.hadoop.hdds.server.OzoneProtocolMessageDispatcher.processRequest(OzoneProtocolMessageDispatcher.java:87) [hdds-server-framework-1.4.0-SNAPSHOT.jar:?]
	at org.apache.hadoop.ozone.protocolPB.OzoneManagerProtocolServerSideTranslatorPB.submitRequest(OzoneManagerProtocolServerSideTranslatorPB.java:148) [ozone-manager-1.4.0-SNAPSHOT.jar:?]
	at org.apache.hadoop.ozone.protocol.proto.OzoneManagerProtocolProtos$OzoneManagerService$2.callBlockingMethod(OzoneManagerProtocolProtos.java) [ozone-interface-client-1.4.0-SNAPSHOT.jar:?]
	at org.apache.hadoop.ipc.ProtobufRpcEngine$Server.processCall(ProtobufRpcEngine.java:484) [hadoop-common-3.3.6.jar:?]
	at org.apache.hadoop.ipc.ProtobufRpcEngine2$Server$ProtoBufRpcInvoker.call(ProtobufRpcEngine2.java:595) [hadoop-common-3.3.6.jar:?]
	at org.apache.hadoop.ipc.ProtobufRpcEngine2$Server$ProtoBufRpcInvoker.call(ProtobufRpcEngine2.java:573) [hadoop-common-3.3.6.jar:?]
	at org.apache.hadoop.ipc.RPC$Server.call(RPC.java:1227) [hadoop-common-3.3.6.jar:?]
	at org.apache.hadoop.ipc.Server$RpcCall.run(Server.java:1094) [hadoop-common-3.3.6.jar:?]
	at org.apache.hadoop.ipc.Server$RpcCall.run(Server.java:1017) [hadoop-common-3.3.6.jar:?]
	at java.security.AccessController.doPrivileged(Native Method) ~[?:1.8.0_382]
	at javax.security.auth.Subject.doAs(Subject.java:422) [?:1.8.0_382]
	at org.apache.hadoop.security.UserGroupInformation.doAs(UserGroupInformation.java:1899) [hadoop-common-3.3.6.jar:?]
	at org.apache.hadoop.ipc.Server$Handler.run(Server.java:3048) [hadoop-common-3.3.6.jar:?]
]]></system-out>
  </testcase>
  <testcase name="testRenameWithNonExistentSource" classname="TestOzoneFileSystem" time="0.008">
    <system-out><![CDATA[2023-09-19 02:06:30,114 [Time-limited test] INFO  ozone.TestOzoneFileSystem (TestOzoneFileSystem.java:testRenameWithNonExistentSource(1159)) - Created destin dir: o3fs://bucket36089.volume18939/root/dir2
2023-09-19 02:06:30,114 [Time-limited test] INFO  ozone.TestOzoneFileSystem (TestOzoneFileSystem.java:testRenameWithNonExistentSource(1161)) - Rename op-> source:o3fs://bucket36089.volume18939/root/dir1 to destin:o3fs://bucket36089.volume18939/root/dir2}
02:06:30.114 [IPC Server handler 10 on default port 15110] ERROR OMAudit - user=runner | ip=127.0.0.1 | op=GET_FILE_STATUS {volume=volume18939, bucket=bucket36089, key=root/dir1, dataSize=0, replicationConfig=null} | ret=FAILURE
org.apache.hadoop.ozone.om.exceptions.OMException: Unable to get file status: volume: volume18939 bucket: bucket36089 key: root/dir1
	at org.apache.hadoop.ozone.om.KeyManagerImpl.getOzoneFileStatus(KeyManagerImpl.java:1195) ~[ozone-manager-1.4.0-SNAPSHOT.jar:?]
	at org.apache.hadoop.ozone.om.KeyManagerImpl.getFileStatus(KeyManagerImpl.java:1113) ~[ozone-manager-1.4.0-SNAPSHOT.jar:?]
	at org.apache.hadoop.ozone.om.OmMetadataReader.getFileStatus(OmMetadataReader.java:262) ~[ozone-manager-1.4.0-SNAPSHOT.jar:?]
	at org.apache.hadoop.ozone.om.OzoneManager.getFileStatus(OzoneManager.java:3533) ~[ozone-manager-1.4.0-SNAPSHOT.jar:?]
	at org.apache.hadoop.ozone.protocolPB.OzoneManagerRequestHandler.getOzoneFileStatus(OzoneManagerRequestHandler.java:971) ~[ozone-manager-1.4.0-SNAPSHOT.jar:?]
	at org.apache.hadoop.ozone.protocolPB.OzoneManagerRequestHandler.handleReadRequest(OzoneManagerRequestHandler.java:250) ~[ozone-manager-1.4.0-SNAPSHOT.jar:?]
	at org.apache.hadoop.ozone.protocolPB.OzoneManagerProtocolServerSideTranslatorPB.submitReadRequestToOM(OzoneManagerProtocolServerSideTranslatorPB.java:225) ~[ozone-manager-1.4.0-SNAPSHOT.jar:?]
	at org.apache.hadoop.ozone.protocolPB.OzoneManagerProtocolServerSideTranslatorPB.processRequest(OzoneManagerProtocolServerSideTranslatorPB.java:179) ~[ozone-manager-1.4.0-SNAPSHOT.jar:?]
	at org.apache.hadoop.hdds.server.OzoneProtocolMessageDispatcher.processRequest(OzoneProtocolMessageDispatcher.java:87) [hdds-server-framework-1.4.0-SNAPSHOT.jar:?]
	at org.apache.hadoop.ozone.protocolPB.OzoneManagerProtocolServerSideTranslatorPB.submitRequest(OzoneManagerProtocolServerSideTranslatorPB.java:148) [ozone-manager-1.4.0-SNAPSHOT.jar:?]
	at org.apache.hadoop.ozone.protocol.proto.OzoneManagerProtocolProtos$OzoneManagerService$2.callBlockingMethod(OzoneManagerProtocolProtos.java) [ozone-interface-client-1.4.0-SNAPSHOT.jar:?]
	at org.apache.hadoop.ipc.ProtobufRpcEngine$Server.processCall(ProtobufRpcEngine.java:484) [hadoop-common-3.3.6.jar:?]
	at org.apache.hadoop.ipc.ProtobufRpcEngine2$Server$ProtoBufRpcInvoker.call(ProtobufRpcEngine2.java:595) [hadoop-common-3.3.6.jar:?]
	at org.apache.hadoop.ipc.ProtobufRpcEngine2$Server$ProtoBufRpcInvoker.call(ProtobufRpcEngine2.java:573) [hadoop-common-3.3.6.jar:?]
	at org.apache.hadoop.ipc.RPC$Server.call(RPC.java:1227) [hadoop-common-3.3.6.jar:?]
	at org.apache.hadoop.ipc.Server$RpcCall.run(Server.java:1094) [hadoop-common-3.3.6.jar:?]
	at org.apache.hadoop.ipc.Server$RpcCall.run(Server.java:1017) [hadoop-common-3.3.6.jar:?]
	at java.security.AccessController.doPrivileged(Native Method) ~[?:1.8.0_382]
	at javax.security.auth.Subject.doAs(Subject.java:422) [?:1.8.0_382]
	at org.apache.hadoop.security.UserGroupInformation.doAs(UserGroupInformation.java:1899) [hadoop-common-3.3.6.jar:?]
	at org.apache.hadoop.ipc.Server$Handler.run(Server.java:3048) [hadoop-common-3.3.6.jar:?]
]]></system-out>
  </testcase>
  <testcase name="testRenameWithNonExistentSource" classname="TestOzoneFileSystem" time="0.006">
    <system-out><![CDATA[2023-09-19 02:07:37,632 [Time-limited test] INFO  ozone.TestOzoneFileSystem (TestOzoneFileSystem.java:testRenameWithNonExistentSource(1159)) - Created destin dir: o3fs://bucket58129.volume12196/root/dir2
2023-09-19 02:07:37,632 [Time-limited test] INFO  ozone.TestOzoneFileSystem (TestOzoneFileSystem.java:testRenameWithNonExistentSource(1161)) - Rename op-> source:o3fs://bucket58129.volume12196/root/dir1 to destin:o3fs://bucket58129.volume12196/root/dir2}
02:07:37.633 [IPC Server handler 14 on default port 15163] ERROR OMAudit - user=runner | ip=127.0.0.1 | op=GET_FILE_STATUS {volume=volume12196, bucket=bucket58129, key=root/dir1, dataSize=0, replicationConfig=null} | ret=FAILURE
org.apache.hadoop.ozone.om.exceptions.OMException: Unable to get file status: volume: volume12196 bucket: bucket58129 key: root/dir1
	at org.apache.hadoop.ozone.om.KeyManagerImpl.getOzoneFileStatus(KeyManagerImpl.java:1195) ~[ozone-manager-1.4.0-SNAPSHOT.jar:?]
	at org.apache.hadoop.ozone.om.KeyManagerImpl.getFileStatus(KeyManagerImpl.java:1113) ~[ozone-manager-1.4.0-SNAPSHOT.jar:?]
	at org.apache.hadoop.ozone.om.OmMetadataReader.getFileStatus(OmMetadataReader.java:262) ~[ozone-manager-1.4.0-SNAPSHOT.jar:?]
	at org.apache.hadoop.ozone.om.OzoneManager.getFileStatus(OzoneManager.java:3533) ~[ozone-manager-1.4.0-SNAPSHOT.jar:?]
	at org.apache.hadoop.ozone.protocolPB.OzoneManagerRequestHandler.getOzoneFileStatus(OzoneManagerRequestHandler.java:971) ~[ozone-manager-1.4.0-SNAPSHOT.jar:?]
	at org.apache.hadoop.ozone.protocolPB.OzoneManagerRequestHandler.handleReadRequest(OzoneManagerRequestHandler.java:250) ~[ozone-manager-1.4.0-SNAPSHOT.jar:?]
	at org.apache.hadoop.ozone.protocolPB.OzoneManagerProtocolServerSideTranslatorPB.submitRequestDirectlyToOM(OzoneManagerProtocolServerSideTranslatorPB.java:274) ~[ozone-manager-1.4.0-SNAPSHOT.jar:?]
	at org.apache.hadoop.ozone.protocolPB.OzoneManagerProtocolServerSideTranslatorPB.processRequest(OzoneManagerProtocolServerSideTranslatorPB.java:175) ~[ozone-manager-1.4.0-SNAPSHOT.jar:?]
	at org.apache.hadoop.hdds.server.OzoneProtocolMessageDispatcher.processRequest(OzoneProtocolMessageDispatcher.java:87) [hdds-server-framework-1.4.0-SNAPSHOT.jar:?]
	at org.apache.hadoop.ozone.protocolPB.OzoneManagerProtocolServerSideTranslatorPB.submitRequest(OzoneManagerProtocolServerSideTranslatorPB.java:148) [ozone-manager-1.4.0-SNAPSHOT.jar:?]
	at org.apache.hadoop.ozone.protocol.proto.OzoneManagerProtocolProtos$OzoneManagerService$2.callBlockingMethod(OzoneManagerProtocolProtos.java) [ozone-interface-client-1.4.0-SNAPSHOT.jar:?]
	at org.apache.hadoop.ipc.ProtobufRpcEngine$Server.processCall(ProtobufRpcEngine.java:484) [hadoop-common-3.3.6.jar:?]
	at org.apache.hadoop.ipc.ProtobufRpcEngine2$Server$ProtoBufRpcInvoker.call(ProtobufRpcEngine2.java:595) [hadoop-common-3.3.6.jar:?]
	at org.apache.hadoop.ipc.ProtobufRpcEngine2$Server$ProtoBufRpcInvoker.call(ProtobufRpcEngine2.java:573) [hadoop-common-3.3.6.jar:?]
	at org.apache.hadoop.ipc.RPC$Server.call(RPC.java:1227) [hadoop-common-3.3.6.jar:?]
	at org.apache.hadoop.ipc.Server$RpcCall.run(Server.java:1094) [hadoop-common-3.3.6.jar:?]
	at org.apache.hadoop.ipc.Server$RpcCall.run(Server.java:1017) [hadoop-common-3.3.6.jar:?]
	at java.security.AccessController.doPrivileged(Native Method) ~[?:1.8.0_382]
	at javax.security.auth.Subject.doAs(Subject.java:422) [?:1.8.0_382]
	at org.apache.hadoop.security.UserGroupInformation.doAs(UserGroupInformation.java:1899) [hadoop-common-3.3.6.jar:?]
	at org.apache.hadoop.ipc.Server$Handler.run(Server.java:3048) [hadoop-common-3.3.6.jar:?]
]]></system-out>
  </testcase>
  <testcase name="testRenameToParentDir" classname="TestOzoneFileSystem" time="0.074">
    <system-out><![CDATA[02:04:07.764 [IPC Server handler 14 on default port 15004] ERROR OMAudit - user=runner | ip=127.0.0.1 | op=LIST_STATUS {volume=volume43289, bucket=bucket29045, key=root_dir/dir2, dataSize=0, replicationConfig=null} | ret=FAILURE
org.apache.hadoop.ozone.om.exceptions.OMException: Unable to get file status: volume: volume43289 bucket: bucket29045 key: root_dir/dir2
	at org.apache.hadoop.ozone.om.KeyManagerImpl.getOzoneFileStatus(KeyManagerImpl.java:1195) ~[ozone-manager-1.4.0-SNAPSHOT.jar:?]
	at org.apache.hadoop.ozone.om.KeyManagerImpl.getFileStatus(KeyManagerImpl.java:1113) ~[ozone-manager-1.4.0-SNAPSHOT.jar:?]
	at org.apache.hadoop.ozone.om.KeyManagerImpl.listStatus(KeyManagerImpl.java:1511) ~[ozone-manager-1.4.0-SNAPSHOT.jar:?]
	at org.apache.hadoop.ozone.om.OmMetadataReader.listStatus(OmMetadataReader.java:235) ~[ozone-manager-1.4.0-SNAPSHOT.jar:?]
	at org.apache.hadoop.ozone.om.OzoneManager.listStatus(OzoneManager.java:3563) ~[ozone-manager-1.4.0-SNAPSHOT.jar:?]
	at org.apache.hadoop.ozone.protocolPB.OzoneManagerRequestHandler.listStatus(OzoneManagerRequestHandler.java:1143) ~[ozone-manager-1.4.0-SNAPSHOT.jar:?]
	at org.apache.hadoop.ozone.protocolPB.OzoneManagerRequestHandler.handleReadRequest(OzoneManagerRequestHandler.java:261) ~[ozone-manager-1.4.0-SNAPSHOT.jar:?]
	at org.apache.hadoop.ozone.protocolPB.OzoneManagerProtocolServerSideTranslatorPB.submitReadRequestToOM(OzoneManagerProtocolServerSideTranslatorPB.java:225) ~[ozone-manager-1.4.0-SNAPSHOT.jar:?]
	at org.apache.hadoop.ozone.protocolPB.OzoneManagerProtocolServerSideTranslatorPB.processRequest(OzoneManagerProtocolServerSideTranslatorPB.java:179) ~[ozone-manager-1.4.0-SNAPSHOT.jar:?]
	at org.apache.hadoop.hdds.server.OzoneProtocolMessageDispatcher.processRequest(OzoneProtocolMessageDispatcher.java:87) [hdds-server-framework-1.4.0-SNAPSHOT.jar:?]
	at org.apache.hadoop.ozone.protocolPB.OzoneManagerProtocolServerSideTranslatorPB.submitRequest(OzoneManagerProtocolServerSideTranslatorPB.java:148) [ozone-manager-1.4.0-SNAPSHOT.jar:?]
	at org.apache.hadoop.ozone.protocol.proto.OzoneManagerProtocolProtos$OzoneManagerService$2.callBlockingMethod(OzoneManagerProtocolProtos.java) [ozone-interface-client-1.4.0-SNAPSHOT.jar:?]
	at org.apache.hadoop.ipc.ProtobufRpcEngine$Server.processCall(ProtobufRpcEngine.java:484) [hadoop-common-3.3.6.jar:?]
	at org.apache.hadoop.ipc.ProtobufRpcEngine2$Server$ProtoBufRpcInvoker.call(ProtobufRpcEngine2.java:595) [hadoop-common-3.3.6.jar:?]
	at org.apache.hadoop.ipc.ProtobufRpcEngine2$Server$ProtoBufRpcInvoker.call(ProtobufRpcEngine2.java:573) [hadoop-common-3.3.6.jar:?]
	at org.apache.hadoop.ipc.RPC$Server.call(RPC.java:1227) [hadoop-common-3.3.6.jar:?]
	at org.apache.hadoop.ipc.Server$RpcCall.run(Server.java:1094) [hadoop-common-3.3.6.jar:?]
	at org.apache.hadoop.ipc.Server$RpcCall.run(Server.java:1017) [hadoop-common-3.3.6.jar:?]
	at java.security.AccessController.doPrivileged(Native Method) ~[?:1.8.0_382]
	at javax.security.auth.Subject.doAs(Subject.java:422) [?:1.8.0_382]
	at org.apache.hadoop.security.UserGroupInformation.doAs(UserGroupInformation.java:1899) [hadoop-common-3.3.6.jar:?]
	at org.apache.hadoop.ipc.Server$Handler.run(Server.java:3048) [hadoop-common-3.3.6.jar:?]
02:04:07.782 [IPC Server handler 1 on default port 15004] ERROR OMAudit - user=runner | ip=127.0.0.1 | op=LIST_STATUS {volume=volume43289, bucket=bucket29045, key=root_dir/file2, dataSize=0, replicationConfig=null} | ret=FAILURE
org.apache.hadoop.ozone.om.exceptions.OMException: Unable to get file status: volume: volume43289 bucket: bucket29045 key: root_dir/file2
	at org.apache.hadoop.ozone.om.KeyManagerImpl.getOzoneFileStatus(KeyManagerImpl.java:1195) ~[ozone-manager-1.4.0-SNAPSHOT.jar:?]
	at org.apache.hadoop.ozone.om.KeyManagerImpl.getFileStatus(KeyManagerImpl.java:1113) ~[ozone-manager-1.4.0-SNAPSHOT.jar:?]
	at org.apache.hadoop.ozone.om.KeyManagerImpl.listStatus(KeyManagerImpl.java:1511) ~[ozone-manager-1.4.0-SNAPSHOT.jar:?]
	at org.apache.hadoop.ozone.om.OmMetadataReader.listStatus(OmMetadataReader.java:235) ~[ozone-manager-1.4.0-SNAPSHOT.jar:?]
	at org.apache.hadoop.ozone.om.OzoneManager.listStatus(OzoneManager.java:3563) ~[ozone-manager-1.4.0-SNAPSHOT.jar:?]
	at org.apache.hadoop.ozone.protocolPB.OzoneManagerRequestHandler.listStatus(OzoneManagerRequestHandler.java:1143) ~[ozone-manager-1.4.0-SNAPSHOT.jar:?]
	at org.apache.hadoop.ozone.protocolPB.OzoneManagerRequestHandler.handleReadRequest(OzoneManagerRequestHandler.java:261) ~[ozone-manager-1.4.0-SNAPSHOT.jar:?]
	at org.apache.hadoop.ozone.protocolPB.OzoneManagerProtocolServerSideTranslatorPB.submitReadRequestToOM(OzoneManagerProtocolServerSideTranslatorPB.java:225) ~[ozone-manager-1.4.0-SNAPSHOT.jar:?]
	at org.apache.hadoop.ozone.protocolPB.OzoneManagerProtocolServerSideTranslatorPB.processRequest(OzoneManagerProtocolServerSideTranslatorPB.java:179) ~[ozone-manager-1.4.0-SNAPSHOT.jar:?]
	at org.apache.hadoop.hdds.server.OzoneProtocolMessageDispatcher.processRequest(OzoneProtocolMessageDispatcher.java:87) [hdds-server-framework-1.4.0-SNAPSHOT.jar:?]
	at org.apache.hadoop.ozone.protocolPB.OzoneManagerProtocolServerSideTranslatorPB.submitRequest(OzoneManagerProtocolServerSideTranslatorPB.java:148) [ozone-manager-1.4.0-SNAPSHOT.jar:?]
	at org.apache.hadoop.ozone.protocol.proto.OzoneManagerProtocolProtos$OzoneManagerService$2.callBlockingMethod(OzoneManagerProtocolProtos.java) [ozone-interface-client-1.4.0-SNAPSHOT.jar:?]
	at org.apache.hadoop.ipc.ProtobufRpcEngine$Server.processCall(ProtobufRpcEngine.java:484) [hadoop-common-3.3.6.jar:?]
	at org.apache.hadoop.ipc.ProtobufRpcEngine2$Server$ProtoBufRpcInvoker.call(ProtobufRpcEngine2.java:595) [hadoop-common-3.3.6.jar:?]
	at org.apache.hadoop.ipc.ProtobufRpcEngine2$Server$ProtoBufRpcInvoker.call(ProtobufRpcEngine2.java:573) [hadoop-common-3.3.6.jar:?]
	at org.apache.hadoop.ipc.RPC$Server.call(RPC.java:1227) [hadoop-common-3.3.6.jar:?]
	at org.apache.hadoop.ipc.Server$RpcCall.run(Server.java:1094) [hadoop-common-3.3.6.jar:?]
	at org.apache.hadoop.ipc.Server$RpcCall.run(Server.java:1017) [hadoop-common-3.3.6.jar:?]
	at java.security.AccessController.doPrivileged(Native Method) ~[?:1.8.0_382]
	at javax.security.auth.Subject.doAs(Subject.java:422) [?:1.8.0_382]
	at org.apache.hadoop.security.UserGroupInformation.doAs(UserGroupInformation.java:1899) [hadoop-common-3.3.6.jar:?]
	at org.apache.hadoop.ipc.Server$Handler.run(Server.java:3048) [hadoop-common-3.3.6.jar:?]
]]></system-out>
  </testcase>
  <testcase name="testRenameToParentDir" classname="TestOzoneFileSystem" time="0.031">
    <system-out><![CDATA[02:05:27.183 [IPC Server handler 19 on default port 15057] ERROR OMAudit - user=runner | ip=127.0.0.1 | op=LIST_STATUS {volume=volume43065, bucket=bucket81401, key=root_dir/dir2, dataSize=0, replicationConfig=null} | ret=FAILURE
org.apache.hadoop.ozone.om.exceptions.OMException: Unable to get file status: volume: volume43065 bucket: bucket81401 key: root_dir/dir2
	at org.apache.hadoop.ozone.om.KeyManagerImpl.getOzoneFileStatus(KeyManagerImpl.java:1195) ~[ozone-manager-1.4.0-SNAPSHOT.jar:?]
	at org.apache.hadoop.ozone.om.KeyManagerImpl.getFileStatus(KeyManagerImpl.java:1113) ~[ozone-manager-1.4.0-SNAPSHOT.jar:?]
	at org.apache.hadoop.ozone.om.KeyManagerImpl.listStatus(KeyManagerImpl.java:1511) ~[ozone-manager-1.4.0-SNAPSHOT.jar:?]
	at org.apache.hadoop.ozone.om.OmMetadataReader.listStatus(OmMetadataReader.java:235) ~[ozone-manager-1.4.0-SNAPSHOT.jar:?]
	at org.apache.hadoop.ozone.om.OzoneManager.listStatus(OzoneManager.java:3563) ~[ozone-manager-1.4.0-SNAPSHOT.jar:?]
	at org.apache.hadoop.ozone.protocolPB.OzoneManagerRequestHandler.listStatus(OzoneManagerRequestHandler.java:1143) ~[ozone-manager-1.4.0-SNAPSHOT.jar:?]
	at org.apache.hadoop.ozone.protocolPB.OzoneManagerRequestHandler.handleReadRequest(OzoneManagerRequestHandler.java:261) ~[ozone-manager-1.4.0-SNAPSHOT.jar:?]
	at org.apache.hadoop.ozone.protocolPB.OzoneManagerProtocolServerSideTranslatorPB.submitRequestDirectlyToOM(OzoneManagerProtocolServerSideTranslatorPB.java:274) ~[ozone-manager-1.4.0-SNAPSHOT.jar:?]
	at org.apache.hadoop.ozone.protocolPB.OzoneManagerProtocolServerSideTranslatorPB.processRequest(OzoneManagerProtocolServerSideTranslatorPB.java:175) ~[ozone-manager-1.4.0-SNAPSHOT.jar:?]
	at org.apache.hadoop.hdds.server.OzoneProtocolMessageDispatcher.processRequest(OzoneProtocolMessageDispatcher.java:87) [hdds-server-framework-1.4.0-SNAPSHOT.jar:?]
	at org.apache.hadoop.ozone.protocolPB.OzoneManagerProtocolServerSideTranslatorPB.submitRequest(OzoneManagerProtocolServerSideTranslatorPB.java:148) [ozone-manager-1.4.0-SNAPSHOT.jar:?]
	at org.apache.hadoop.ozone.protocol.proto.OzoneManagerProtocolProtos$OzoneManagerService$2.callBlockingMethod(OzoneManagerProtocolProtos.java) [ozone-interface-client-1.4.0-SNAPSHOT.jar:?]
	at org.apache.hadoop.ipc.ProtobufRpcEngine$Server.processCall(ProtobufRpcEngine.java:484) [hadoop-common-3.3.6.jar:?]
	at org.apache.hadoop.ipc.ProtobufRpcEngine2$Server$ProtoBufRpcInvoker.call(ProtobufRpcEngine2.java:595) [hadoop-common-3.3.6.jar:?]
	at org.apache.hadoop.ipc.ProtobufRpcEngine2$Server$ProtoBufRpcInvoker.call(ProtobufRpcEngine2.java:573) [hadoop-common-3.3.6.jar:?]
	at org.apache.hadoop.ipc.RPC$Server.call(RPC.java:1227) [hadoop-common-3.3.6.jar:?]
	at org.apache.hadoop.ipc.Server$RpcCall.run(Server.java:1094) [hadoop-common-3.3.6.jar:?]
	at org.apache.hadoop.ipc.Server$RpcCall.run(Server.java:1017) [hadoop-common-3.3.6.jar:?]
	at java.security.AccessController.doPrivileged(Native Method) ~[?:1.8.0_382]
	at javax.security.auth.Subject.doAs(Subject.java:422) [?:1.8.0_382]
	at org.apache.hadoop.security.UserGroupInformation.doAs(UserGroupInformation.java:1899) [hadoop-common-3.3.6.jar:?]
	at org.apache.hadoop.ipc.Server$Handler.run(Server.java:3048) [hadoop-common-3.3.6.jar:?]
02:05:27.190 [IPC Server handler 7 on default port 15057] ERROR OMAudit - user=runner | ip=127.0.0.1 | op=LIST_STATUS {volume=volume43065, bucket=bucket81401, key=root_dir/file2, dataSize=0, replicationConfig=null} | ret=FAILURE
org.apache.hadoop.ozone.om.exceptions.OMException: Unable to get file status: volume: volume43065 bucket: bucket81401 key: root_dir/file2
	at org.apache.hadoop.ozone.om.KeyManagerImpl.getOzoneFileStatus(KeyManagerImpl.java:1195) ~[ozone-manager-1.4.0-SNAPSHOT.jar:?]
	at org.apache.hadoop.ozone.om.KeyManagerImpl.getFileStatus(KeyManagerImpl.java:1113) ~[ozone-manager-1.4.0-SNAPSHOT.jar:?]
	at org.apache.hadoop.ozone.om.KeyManagerImpl.listStatus(KeyManagerImpl.java:1511) ~[ozone-manager-1.4.0-SNAPSHOT.jar:?]
	at org.apache.hadoop.ozone.om.OmMetadataReader.listStatus(OmMetadataReader.java:235) ~[ozone-manager-1.4.0-SNAPSHOT.jar:?]
	at org.apache.hadoop.ozone.om.OzoneManager.listStatus(OzoneManager.java:3563) ~[ozone-manager-1.4.0-SNAPSHOT.jar:?]
	at org.apache.hadoop.ozone.protocolPB.OzoneManagerRequestHandler.listStatus(OzoneManagerRequestHandler.java:1143) ~[ozone-manager-1.4.0-SNAPSHOT.jar:?]
	at org.apache.hadoop.ozone.protocolPB.OzoneManagerRequestHandler.handleReadRequest(OzoneManagerRequestHandler.java:261) ~[ozone-manager-1.4.0-SNAPSHOT.jar:?]
	at org.apache.hadoop.ozone.protocolPB.OzoneManagerProtocolServerSideTranslatorPB.submitRequestDirectlyToOM(OzoneManagerProtocolServerSideTranslatorPB.java:274) ~[ozone-manager-1.4.0-SNAPSHOT.jar:?]
	at org.apache.hadoop.ozone.protocolPB.OzoneManagerProtocolServerSideTranslatorPB.processRequest(OzoneManagerProtocolServerSideTranslatorPB.java:175) ~[ozone-manager-1.4.0-SNAPSHOT.jar:?]
	at org.apache.hadoop.hdds.server.OzoneProtocolMessageDispatcher.processRequest(OzoneProtocolMessageDispatcher.java:87) [hdds-server-framework-1.4.0-SNAPSHOT.jar:?]
	at org.apache.hadoop.ozone.protocolPB.OzoneManagerProtocolServerSideTranslatorPB.submitRequest(OzoneManagerProtocolServerSideTranslatorPB.java:148) [ozone-manager-1.4.0-SNAPSHOT.jar:?]
	at org.apache.hadoop.ozone.protocol.proto.OzoneManagerProtocolProtos$OzoneManagerService$2.callBlockingMethod(OzoneManagerProtocolProtos.java) [ozone-interface-client-1.4.0-SNAPSHOT.jar:?]
	at org.apache.hadoop.ipc.ProtobufRpcEngine$Server.processCall(ProtobufRpcEngine.java:484) [hadoop-common-3.3.6.jar:?]
	at org.apache.hadoop.ipc.ProtobufRpcEngine2$Server$ProtoBufRpcInvoker.call(ProtobufRpcEngine2.java:595) [hadoop-common-3.3.6.jar:?]
	at org.apache.hadoop.ipc.ProtobufRpcEngine2$Server$ProtoBufRpcInvoker.call(ProtobufRpcEngine2.java:573) [hadoop-common-3.3.6.jar:?]
	at org.apache.hadoop.ipc.RPC$Server.call(RPC.java:1227) [hadoop-common-3.3.6.jar:?]
	at org.apache.hadoop.ipc.Server$RpcCall.run(Server.java:1094) [hadoop-common-3.3.6.jar:?]
	at org.apache.hadoop.ipc.Server$RpcCall.run(Server.java:1017) [hadoop-common-3.3.6.jar:?]
	at java.security.AccessController.doPrivileged(Native Method) ~[?:1.8.0_382]
	at javax.security.auth.Subject.doAs(Subject.java:422) [?:1.8.0_382]
	at org.apache.hadoop.security.UserGroupInformation.doAs(UserGroupInformation.java:1899) [hadoop-common-3.3.6.jar:?]
	at org.apache.hadoop.ipc.Server$Handler.run(Server.java:3048) [hadoop-common-3.3.6.jar:?]
]]></system-out>
  </testcase>
  <testcase name="testRenameToParentDir" classname="TestOzoneFileSystem" time="0.024">
    <system-out><![CDATA[02:06:30.130 [IPC Server handler 3 on default port 15110] ERROR OMAudit - user=runner | ip=127.0.0.1 | op=LIST_STATUS {volume=volume18939, bucket=bucket36089, key=root_dir/dir2, dataSize=0, replicationConfig=null} | ret=FAILURE
org.apache.hadoop.ozone.om.exceptions.OMException: Unable to get file status: volume: volume18939 bucket: bucket36089 key: root_dir/dir2
	at org.apache.hadoop.ozone.om.KeyManagerImpl.getOzoneFileStatus(KeyManagerImpl.java:1195) ~[ozone-manager-1.4.0-SNAPSHOT.jar:?]
	at org.apache.hadoop.ozone.om.KeyManagerImpl.getFileStatus(KeyManagerImpl.java:1113) ~[ozone-manager-1.4.0-SNAPSHOT.jar:?]
	at org.apache.hadoop.ozone.om.KeyManagerImpl.listStatus(KeyManagerImpl.java:1511) ~[ozone-manager-1.4.0-SNAPSHOT.jar:?]
	at org.apache.hadoop.ozone.om.OmMetadataReader.listStatus(OmMetadataReader.java:235) ~[ozone-manager-1.4.0-SNAPSHOT.jar:?]
	at org.apache.hadoop.ozone.om.OzoneManager.listStatus(OzoneManager.java:3563) ~[ozone-manager-1.4.0-SNAPSHOT.jar:?]
	at org.apache.hadoop.ozone.protocolPB.OzoneManagerRequestHandler.listStatus(OzoneManagerRequestHandler.java:1143) ~[ozone-manager-1.4.0-SNAPSHOT.jar:?]
	at org.apache.hadoop.ozone.protocolPB.OzoneManagerRequestHandler.handleReadRequest(OzoneManagerRequestHandler.java:261) ~[ozone-manager-1.4.0-SNAPSHOT.jar:?]
	at org.apache.hadoop.ozone.protocolPB.OzoneManagerProtocolServerSideTranslatorPB.submitReadRequestToOM(OzoneManagerProtocolServerSideTranslatorPB.java:225) ~[ozone-manager-1.4.0-SNAPSHOT.jar:?]
	at org.apache.hadoop.ozone.protocolPB.OzoneManagerProtocolServerSideTranslatorPB.processRequest(OzoneManagerProtocolServerSideTranslatorPB.java:179) ~[ozone-manager-1.4.0-SNAPSHOT.jar:?]
	at org.apache.hadoop.hdds.server.OzoneProtocolMessageDispatcher.processRequest(OzoneProtocolMessageDispatcher.java:87) [hdds-server-framework-1.4.0-SNAPSHOT.jar:?]
	at org.apache.hadoop.ozone.protocolPB.OzoneManagerProtocolServerSideTranslatorPB.submitRequest(OzoneManagerProtocolServerSideTranslatorPB.java:148) [ozone-manager-1.4.0-SNAPSHOT.jar:?]
	at org.apache.hadoop.ozone.protocol.proto.OzoneManagerProtocolProtos$OzoneManagerService$2.callBlockingMethod(OzoneManagerProtocolProtos.java) [ozone-interface-client-1.4.0-SNAPSHOT.jar:?]
	at org.apache.hadoop.ipc.ProtobufRpcEngine$Server.processCall(ProtobufRpcEngine.java:484) [hadoop-common-3.3.6.jar:?]
	at org.apache.hadoop.ipc.ProtobufRpcEngine2$Server$ProtoBufRpcInvoker.call(ProtobufRpcEngine2.java:595) [hadoop-common-3.3.6.jar:?]
	at org.apache.hadoop.ipc.ProtobufRpcEngine2$Server$ProtoBufRpcInvoker.call(ProtobufRpcEngine2.java:573) [hadoop-common-3.3.6.jar:?]
	at org.apache.hadoop.ipc.RPC$Server.call(RPC.java:1227) [hadoop-common-3.3.6.jar:?]
	at org.apache.hadoop.ipc.Server$RpcCall.run(Server.java:1094) [hadoop-common-3.3.6.jar:?]
	at org.apache.hadoop.ipc.Server$RpcCall.run(Server.java:1017) [hadoop-common-3.3.6.jar:?]
	at java.security.AccessController.doPrivileged(Native Method) ~[?:1.8.0_382]
	at javax.security.auth.Subject.doAs(Subject.java:422) [?:1.8.0_382]
	at org.apache.hadoop.security.UserGroupInformation.doAs(UserGroupInformation.java:1899) [hadoop-common-3.3.6.jar:?]
	at org.apache.hadoop.ipc.Server$Handler.run(Server.java:3048) [hadoop-common-3.3.6.jar:?]
02:06:30.136 [IPC Server handler 14 on default port 15110] ERROR OMAudit - user=runner | ip=127.0.0.1 | op=LIST_STATUS {volume=volume18939, bucket=bucket36089, key=root_dir/file2, dataSize=0, replicationConfig=null} | ret=FAILURE
org.apache.hadoop.ozone.om.exceptions.OMException: Unable to get file status: volume: volume18939 bucket: bucket36089 key: root_dir/file2
	at org.apache.hadoop.ozone.om.KeyManagerImpl.getOzoneFileStatus(KeyManagerImpl.java:1195) ~[ozone-manager-1.4.0-SNAPSHOT.jar:?]
	at org.apache.hadoop.ozone.om.KeyManagerImpl.getFileStatus(KeyManagerImpl.java:1113) ~[ozone-manager-1.4.0-SNAPSHOT.jar:?]
	at org.apache.hadoop.ozone.om.KeyManagerImpl.listStatus(KeyManagerImpl.java:1511) ~[ozone-manager-1.4.0-SNAPSHOT.jar:?]
	at org.apache.hadoop.ozone.om.OmMetadataReader.listStatus(OmMetadataReader.java:235) ~[ozone-manager-1.4.0-SNAPSHOT.jar:?]
	at org.apache.hadoop.ozone.om.OzoneManager.listStatus(OzoneManager.java:3563) ~[ozone-manager-1.4.0-SNAPSHOT.jar:?]
	at org.apache.hadoop.ozone.protocolPB.OzoneManagerRequestHandler.listStatus(OzoneManagerRequestHandler.java:1143) ~[ozone-manager-1.4.0-SNAPSHOT.jar:?]
	at org.apache.hadoop.ozone.protocolPB.OzoneManagerRequestHandler.handleReadRequest(OzoneManagerRequestHandler.java:261) ~[ozone-manager-1.4.0-SNAPSHOT.jar:?]
	at org.apache.hadoop.ozone.protocolPB.OzoneManagerProtocolServerSideTranslatorPB.submitReadRequestToOM(OzoneManagerProtocolServerSideTranslatorPB.java:225) ~[ozone-manager-1.4.0-SNAPSHOT.jar:?]
	at org.apache.hadoop.ozone.protocolPB.OzoneManagerProtocolServerSideTranslatorPB.processRequest(OzoneManagerProtocolServerSideTranslatorPB.java:179) ~[ozone-manager-1.4.0-SNAPSHOT.jar:?]
	at org.apache.hadoop.hdds.server.OzoneProtocolMessageDispatcher.processRequest(OzoneProtocolMessageDispatcher.java:87) [hdds-server-framework-1.4.0-SNAPSHOT.jar:?]
	at org.apache.hadoop.ozone.protocolPB.OzoneManagerProtocolServerSideTranslatorPB.submitRequest(OzoneManagerProtocolServerSideTranslatorPB.java:148) [ozone-manager-1.4.0-SNAPSHOT.jar:?]
	at org.apache.hadoop.ozone.protocol.proto.OzoneManagerProtocolProtos$OzoneManagerService$2.callBlockingMethod(OzoneManagerProtocolProtos.java) [ozone-interface-client-1.4.0-SNAPSHOT.jar:?]
	at org.apache.hadoop.ipc.ProtobufRpcEngine$Server.processCall(ProtobufRpcEngine.java:484) [hadoop-common-3.3.6.jar:?]
	at org.apache.hadoop.ipc.ProtobufRpcEngine2$Server$ProtoBufRpcInvoker.call(ProtobufRpcEngine2.java:595) [hadoop-common-3.3.6.jar:?]
	at org.apache.hadoop.ipc.ProtobufRpcEngine2$Server$ProtoBufRpcInvoker.call(ProtobufRpcEngine2.java:573) [hadoop-common-3.3.6.jar:?]
	at org.apache.hadoop.ipc.RPC$Server.call(RPC.java:1227) [hadoop-common-3.3.6.jar:?]
	at org.apache.hadoop.ipc.Server$RpcCall.run(Server.java:1094) [hadoop-common-3.3.6.jar:?]
	at org.apache.hadoop.ipc.Server$RpcCall.run(Server.java:1017) [hadoop-common-3.3.6.jar:?]
	at java.security.AccessController.doPrivileged(Native Method) ~[?:1.8.0_382]
	at javax.security.auth.Subject.doAs(Subject.java:422) [?:1.8.0_382]
	at org.apache.hadoop.security.UserGroupInformation.doAs(UserGroupInformation.java:1899) [hadoop-common-3.3.6.jar:?]
	at org.apache.hadoop.ipc.Server$Handler.run(Server.java:3048) [hadoop-common-3.3.6.jar:?]
]]></system-out>
  </testcase>
  <testcase name="testRenameToParentDir" classname="TestOzoneFileSystem" time="0.035">
    <system-out><![CDATA[02:07:37.644 [IPC Server handler 6 on default port 15163] ERROR OMAudit - user=runner | ip=127.0.0.1 | op=LIST_STATUS {volume=volume12196, bucket=bucket58129, key=root_dir/dir2, dataSize=0, replicationConfig=null} | ret=FAILURE
org.apache.hadoop.ozone.om.exceptions.OMException: Unable to get file status: volume: volume12196 bucket: bucket58129 key: root_dir/dir2
	at org.apache.hadoop.ozone.om.KeyManagerImpl.getOzoneFileStatus(KeyManagerImpl.java:1195) ~[ozone-manager-1.4.0-SNAPSHOT.jar:?]
	at org.apache.hadoop.ozone.om.KeyManagerImpl.getFileStatus(KeyManagerImpl.java:1113) ~[ozone-manager-1.4.0-SNAPSHOT.jar:?]
	at org.apache.hadoop.ozone.om.KeyManagerImpl.listStatus(KeyManagerImpl.java:1511) ~[ozone-manager-1.4.0-SNAPSHOT.jar:?]
	at org.apache.hadoop.ozone.om.OmMetadataReader.listStatus(OmMetadataReader.java:235) ~[ozone-manager-1.4.0-SNAPSHOT.jar:?]
	at org.apache.hadoop.ozone.om.OzoneManager.listStatus(OzoneManager.java:3563) ~[ozone-manager-1.4.0-SNAPSHOT.jar:?]
	at org.apache.hadoop.ozone.protocolPB.OzoneManagerRequestHandler.listStatus(OzoneManagerRequestHandler.java:1143) ~[ozone-manager-1.4.0-SNAPSHOT.jar:?]
	at org.apache.hadoop.ozone.protocolPB.OzoneManagerRequestHandler.handleReadRequest(OzoneManagerRequestHandler.java:261) ~[ozone-manager-1.4.0-SNAPSHOT.jar:?]
	at org.apache.hadoop.ozone.protocolPB.OzoneManagerProtocolServerSideTranslatorPB.submitRequestDirectlyToOM(OzoneManagerProtocolServerSideTranslatorPB.java:274) ~[ozone-manager-1.4.0-SNAPSHOT.jar:?]
	at org.apache.hadoop.ozone.protocolPB.OzoneManagerProtocolServerSideTranslatorPB.processRequest(OzoneManagerProtocolServerSideTranslatorPB.java:175) ~[ozone-manager-1.4.0-SNAPSHOT.jar:?]
	at org.apache.hadoop.hdds.server.OzoneProtocolMessageDispatcher.processRequest(OzoneProtocolMessageDispatcher.java:87) [hdds-server-framework-1.4.0-SNAPSHOT.jar:?]
	at org.apache.hadoop.ozone.protocolPB.OzoneManagerProtocolServerSideTranslatorPB.submitRequest(OzoneManagerProtocolServerSideTranslatorPB.java:148) [ozone-manager-1.4.0-SNAPSHOT.jar:?]
	at org.apache.hadoop.ozone.protocol.proto.OzoneManagerProtocolProtos$OzoneManagerService$2.callBlockingMethod(OzoneManagerProtocolProtos.java) [ozone-interface-client-1.4.0-SNAPSHOT.jar:?]
	at org.apache.hadoop.ipc.ProtobufRpcEngine$Server.processCall(ProtobufRpcEngine.java:484) [hadoop-common-3.3.6.jar:?]
	at org.apache.hadoop.ipc.ProtobufRpcEngine2$Server$ProtoBufRpcInvoker.call(ProtobufRpcEngine2.java:595) [hadoop-common-3.3.6.jar:?]
	at org.apache.hadoop.ipc.ProtobufRpcEngine2$Server$ProtoBufRpcInvoker.call(ProtobufRpcEngine2.java:573) [hadoop-common-3.3.6.jar:?]
	at org.apache.hadoop.ipc.RPC$Server.call(RPC.java:1227) [hadoop-common-3.3.6.jar:?]
	at org.apache.hadoop.ipc.Server$RpcCall.run(Server.java:1094) [hadoop-common-3.3.6.jar:?]
	at org.apache.hadoop.ipc.Server$RpcCall.run(Server.java:1017) [hadoop-common-3.3.6.jar:?]
	at java.security.AccessController.doPrivileged(Native Method) ~[?:1.8.0_382]
	at javax.security.auth.Subject.doAs(Subject.java:422) [?:1.8.0_382]
	at org.apache.hadoop.security.UserGroupInformation.doAs(UserGroupInformation.java:1899) [hadoop-common-3.3.6.jar:?]
	at org.apache.hadoop.ipc.Server$Handler.run(Server.java:3048) [hadoop-common-3.3.6.jar:?]
02:07:37.650 [IPC Server handler 17 on default port 15163] ERROR OMAudit - user=runner | ip=127.0.0.1 | op=LIST_STATUS {volume=volume12196, bucket=bucket58129, key=root_dir/file2, dataSize=0, replicationConfig=null} | ret=FAILURE
org.apache.hadoop.ozone.om.exceptions.OMException: Unable to get file status: volume: volume12196 bucket: bucket58129 key: root_dir/file2
	at org.apache.hadoop.ozone.om.KeyManagerImpl.getOzoneFileStatus(KeyManagerImpl.java:1195) ~[ozone-manager-1.4.0-SNAPSHOT.jar:?]
	at org.apache.hadoop.ozone.om.KeyManagerImpl.getFileStatus(KeyManagerImpl.java:1113) ~[ozone-manager-1.4.0-SNAPSHOT.jar:?]
	at org.apache.hadoop.ozone.om.KeyManagerImpl.listStatus(KeyManagerImpl.java:1511) ~[ozone-manager-1.4.0-SNAPSHOT.jar:?]
	at org.apache.hadoop.ozone.om.OmMetadataReader.listStatus(OmMetadataReader.java:235) ~[ozone-manager-1.4.0-SNAPSHOT.jar:?]
	at org.apache.hadoop.ozone.om.OzoneManager.listStatus(OzoneManager.java:3563) ~[ozone-manager-1.4.0-SNAPSHOT.jar:?]
	at org.apache.hadoop.ozone.protocolPB.OzoneManagerRequestHandler.listStatus(OzoneManagerRequestHandler.java:1143) ~[ozone-manager-1.4.0-SNAPSHOT.jar:?]
	at org.apache.hadoop.ozone.protocolPB.OzoneManagerRequestHandler.handleReadRequest(OzoneManagerRequestHandler.java:261) ~[ozone-manager-1.4.0-SNAPSHOT.jar:?]
	at org.apache.hadoop.ozone.protocolPB.OzoneManagerProtocolServerSideTranslatorPB.submitRequestDirectlyToOM(OzoneManagerProtocolServerSideTranslatorPB.java:274) ~[ozone-manager-1.4.0-SNAPSHOT.jar:?]
	at org.apache.hadoop.ozone.protocolPB.OzoneManagerProtocolServerSideTranslatorPB.processRequest(OzoneManagerProtocolServerSideTranslatorPB.java:175) ~[ozone-manager-1.4.0-SNAPSHOT.jar:?]
	at org.apache.hadoop.hdds.server.OzoneProtocolMessageDispatcher.processRequest(OzoneProtocolMessageDispatcher.java:87) [hdds-server-framework-1.4.0-SNAPSHOT.jar:?]
	at org.apache.hadoop.ozone.protocolPB.OzoneManagerProtocolServerSideTranslatorPB.submitRequest(OzoneManagerProtocolServerSideTranslatorPB.java:148) [ozone-manager-1.4.0-SNAPSHOT.jar:?]
	at org.apache.hadoop.ozone.protocol.proto.OzoneManagerProtocolProtos$OzoneManagerService$2.callBlockingMethod(OzoneManagerProtocolProtos.java) [ozone-interface-client-1.4.0-SNAPSHOT.jar:?]
	at org.apache.hadoop.ipc.ProtobufRpcEngine$Server.processCall(ProtobufRpcEngine.java:484) [hadoop-common-3.3.6.jar:?]
	at org.apache.hadoop.ipc.ProtobufRpcEngine2$Server$ProtoBufRpcInvoker.call(ProtobufRpcEngine2.java:595) [hadoop-common-3.3.6.jar:?]
	at org.apache.hadoop.ipc.ProtobufRpcEngine2$Server$ProtoBufRpcInvoker.call(ProtobufRpcEngine2.java:573) [hadoop-common-3.3.6.jar:?]
	at org.apache.hadoop.ipc.RPC$Server.call(RPC.java:1227) [hadoop-common-3.3.6.jar:?]
	at org.apache.hadoop.ipc.Server$RpcCall.run(Server.java:1094) [hadoop-common-3.3.6.jar:?]
	at org.apache.hadoop.ipc.Server$RpcCall.run(Server.java:1017) [hadoop-common-3.3.6.jar:?]
	at java.security.AccessController.doPrivileged(Native Method) ~[?:1.8.0_382]
	at javax.security.auth.Subject.doAs(Subject.java:422) [?:1.8.0_382]
	at org.apache.hadoop.security.UserGroupInformation.doAs(UserGroupInformation.java:1899) [hadoop-common-3.3.6.jar:?]
	at org.apache.hadoop.ipc.Server$Handler.run(Server.java:3048) [hadoop-common-3.3.6.jar:?]
]]></system-out>
  </testcase>
  <testcase name="testListStatusOnSubDirs" classname="TestOzoneFileSystem" time="0.055"/>
  <testcase name="testListStatusOnSubDirs" classname="TestOzoneFileSystem" time="0.023"/>
  <testcase name="testListStatusOnSubDirs" classname="TestOzoneFileSystem" time="0.02"/>
  <testcase name="testListStatusOnSubDirs" classname="TestOzoneFileSystem" time="0.021"/>
  <testcase name="testListStatus" classname="TestOzoneFileSystem" time="0.095"/>
  <testcase name="testListStatus" classname="TestOzoneFileSystem" time="0.033"/>
  <testcase name="testListStatus" classname="TestOzoneFileSystem" time="0.033"/>
  <testcase name="testListStatus" classname="TestOzoneFileSystem" time="0.023"/>
  <testcase name="testRecursiveDelete" classname="TestOzoneFileSystem" time="0.377">
    <system-out><![CDATA[02:04:08.126 [IPC Server handler 16 on default port 15004] ERROR OMAudit - user=runner | ip=127.0.0.1 | op=GET_FILE_STATUS {volume=volume43289, bucket=bucket29045, key=gdir1, dataSize=0, replicationConfig=null} | ret=FAILURE
org.apache.hadoop.ozone.om.exceptions.OMException: Unable to get file status: volume: volume43289 bucket: bucket29045 key: gdir1
	at org.apache.hadoop.ozone.om.KeyManagerImpl.getOzoneFileStatus(KeyManagerImpl.java:1195) ~[ozone-manager-1.4.0-SNAPSHOT.jar:?]
	at org.apache.hadoop.ozone.om.KeyManagerImpl.getFileStatus(KeyManagerImpl.java:1113) ~[ozone-manager-1.4.0-SNAPSHOT.jar:?]
	at org.apache.hadoop.ozone.om.OmMetadataReader.getFileStatus(OmMetadataReader.java:262) ~[ozone-manager-1.4.0-SNAPSHOT.jar:?]
	at org.apache.hadoop.ozone.om.OzoneManager.getFileStatus(OzoneManager.java:3533) ~[ozone-manager-1.4.0-SNAPSHOT.jar:?]
	at org.apache.hadoop.ozone.protocolPB.OzoneManagerRequestHandler.getOzoneFileStatus(OzoneManagerRequestHandler.java:971) ~[ozone-manager-1.4.0-SNAPSHOT.jar:?]
	at org.apache.hadoop.ozone.protocolPB.OzoneManagerRequestHandler.handleReadRequest(OzoneManagerRequestHandler.java:250) ~[ozone-manager-1.4.0-SNAPSHOT.jar:?]
	at org.apache.hadoop.ozone.protocolPB.OzoneManagerProtocolServerSideTranslatorPB.submitReadRequestToOM(OzoneManagerProtocolServerSideTranslatorPB.java:225) ~[ozone-manager-1.4.0-SNAPSHOT.jar:?]
	at org.apache.hadoop.ozone.protocolPB.OzoneManagerProtocolServerSideTranslatorPB.processRequest(OzoneManagerProtocolServerSideTranslatorPB.java:179) ~[ozone-manager-1.4.0-SNAPSHOT.jar:?]
	at org.apache.hadoop.hdds.server.OzoneProtocolMessageDispatcher.processRequest(OzoneProtocolMessageDispatcher.java:87) [hdds-server-framework-1.4.0-SNAPSHOT.jar:?]
	at org.apache.hadoop.ozone.protocolPB.OzoneManagerProtocolServerSideTranslatorPB.submitRequest(OzoneManagerProtocolServerSideTranslatorPB.java:148) [ozone-manager-1.4.0-SNAPSHOT.jar:?]
	at org.apache.hadoop.ozone.protocol.proto.OzoneManagerProtocolProtos$OzoneManagerService$2.callBlockingMethod(OzoneManagerProtocolProtos.java) [ozone-interface-client-1.4.0-SNAPSHOT.jar:?]
	at org.apache.hadoop.ipc.ProtobufRpcEngine$Server.processCall(ProtobufRpcEngine.java:484) [hadoop-common-3.3.6.jar:?]
	at org.apache.hadoop.ipc.ProtobufRpcEngine2$Server$ProtoBufRpcInvoker.call(ProtobufRpcEngine2.java:595) [hadoop-common-3.3.6.jar:?]
	at org.apache.hadoop.ipc.ProtobufRpcEngine2$Server$ProtoBufRpcInvoker.call(ProtobufRpcEngine2.java:573) [hadoop-common-3.3.6.jar:?]
	at org.apache.hadoop.ipc.RPC$Server.call(RPC.java:1227) [hadoop-common-3.3.6.jar:?]
	at org.apache.hadoop.ipc.Server$RpcCall.run(Server.java:1094) [hadoop-common-3.3.6.jar:?]
	at org.apache.hadoop.ipc.Server$RpcCall.run(Server.java:1017) [hadoop-common-3.3.6.jar:?]
	at java.security.AccessController.doPrivileged(Native Method) ~[?:1.8.0_382]
	at javax.security.auth.Subject.doAs(Subject.java:422) [?:1.8.0_382]
	at org.apache.hadoop.security.UserGroupInformation.doAs(UserGroupInformation.java:1899) [hadoop-common-3.3.6.jar:?]
	at org.apache.hadoop.ipc.Server$Handler.run(Server.java:3048) [hadoop-common-3.3.6.jar:?]
02:04:08.127 [IPC Server handler 17 on default port 15004] ERROR OMAudit - user=runner | ip=127.0.0.1 | op=GET_FILE_STATUS {volume=volume43289, bucket=bucket29045, key=gdir1/dir1, dataSize=0, replicationConfig=null} | ret=FAILURE
org.apache.hadoop.ozone.om.exceptions.OMException: Unable to get file status: volume: volume43289 bucket: bucket29045 key: gdir1/dir1
	at org.apache.hadoop.ozone.om.KeyManagerImpl.getOzoneFileStatus(KeyManagerImpl.java:1195) ~[ozone-manager-1.4.0-SNAPSHOT.jar:?]
	at org.apache.hadoop.ozone.om.KeyManagerImpl.getFileStatus(KeyManagerImpl.java:1113) ~[ozone-manager-1.4.0-SNAPSHOT.jar:?]
	at org.apache.hadoop.ozone.om.OmMetadataReader.getFileStatus(OmMetadataReader.java:262) ~[ozone-manager-1.4.0-SNAPSHOT.jar:?]
	at org.apache.hadoop.ozone.om.OzoneManager.getFileStatus(OzoneManager.java:3533) ~[ozone-manager-1.4.0-SNAPSHOT.jar:?]
	at org.apache.hadoop.ozone.protocolPB.OzoneManagerRequestHandler.getOzoneFileStatus(OzoneManagerRequestHandler.java:971) ~[ozone-manager-1.4.0-SNAPSHOT.jar:?]
	at org.apache.hadoop.ozone.protocolPB.OzoneManagerRequestHandler.handleReadRequest(OzoneManagerRequestHandler.java:250) ~[ozone-manager-1.4.0-SNAPSHOT.jar:?]
	at org.apache.hadoop.ozone.protocolPB.OzoneManagerProtocolServerSideTranslatorPB.submitReadRequestToOM(OzoneManagerProtocolServerSideTranslatorPB.java:225) ~[ozone-manager-1.4.0-SNAPSHOT.jar:?]
	at org.apache.hadoop.ozone.protocolPB.OzoneManagerProtocolServerSideTranslatorPB.processRequest(OzoneManagerProtocolServerSideTranslatorPB.java:179) ~[ozone-manager-1.4.0-SNAPSHOT.jar:?]
	at org.apache.hadoop.hdds.server.OzoneProtocolMessageDispatcher.processRequest(OzoneProtocolMessageDispatcher.java:87) [hdds-server-framework-1.4.0-SNAPSHOT.jar:?]
	at org.apache.hadoop.ozone.protocolPB.OzoneManagerProtocolServerSideTranslatorPB.submitRequest(OzoneManagerProtocolServerSideTranslatorPB.java:148) [ozone-manager-1.4.0-SNAPSHOT.jar:?]
	at org.apache.hadoop.ozone.protocol.proto.OzoneManagerProtocolProtos$OzoneManagerService$2.callBlockingMethod(OzoneManagerProtocolProtos.java) [ozone-interface-client-1.4.0-SNAPSHOT.jar:?]
	at org.apache.hadoop.ipc.ProtobufRpcEngine$Server.processCall(ProtobufRpcEngine.java:484) [hadoop-common-3.3.6.jar:?]
	at org.apache.hadoop.ipc.ProtobufRpcEngine2$Server$ProtoBufRpcInvoker.call(ProtobufRpcEngine2.java:595) [hadoop-common-3.3.6.jar:?]
	at org.apache.hadoop.ipc.ProtobufRpcEngine2$Server$ProtoBufRpcInvoker.call(ProtobufRpcEngine2.java:573) [hadoop-common-3.3.6.jar:?]
	at org.apache.hadoop.ipc.RPC$Server.call(RPC.java:1227) [hadoop-common-3.3.6.jar:?]
	at org.apache.hadoop.ipc.Server$RpcCall.run(Server.java:1094) [hadoop-common-3.3.6.jar:?]
	at org.apache.hadoop.ipc.Server$RpcCall.run(Server.java:1017) [hadoop-common-3.3.6.jar:?]
	at java.security.AccessController.doPrivileged(Native Method) ~[?:1.8.0_382]
	at javax.security.auth.Subject.doAs(Subject.java:422) [?:1.8.0_382]
	at org.apache.hadoop.security.UserGroupInformation.doAs(UserGroupInformation.java:1899) [hadoop-common-3.3.6.jar:?]
	at org.apache.hadoop.ipc.Server$Handler.run(Server.java:3048) [hadoop-common-3.3.6.jar:?]
02:04:08.129 [IPC Server handler 9 on default port 15004] ERROR OMAudit - user=runner | ip=127.0.0.1 | op=GET_FILE_STATUS {volume=volume43289, bucket=bucket29045, key=gdir1/dir1/child, dataSize=0, replicationConfig=null} | ret=FAILURE
org.apache.hadoop.ozone.om.exceptions.OMException: Unable to get file status: volume: volume43289 bucket: bucket29045 key: gdir1/dir1/child
	at org.apache.hadoop.ozone.om.KeyManagerImpl.getOzoneFileStatus(KeyManagerImpl.java:1195) ~[ozone-manager-1.4.0-SNAPSHOT.jar:?]
	at org.apache.hadoop.ozone.om.KeyManagerImpl.getFileStatus(KeyManagerImpl.java:1113) ~[ozone-manager-1.4.0-SNAPSHOT.jar:?]
	at org.apache.hadoop.ozone.om.OmMetadataReader.getFileStatus(OmMetadataReader.java:262) ~[ozone-manager-1.4.0-SNAPSHOT.jar:?]
	at org.apache.hadoop.ozone.om.OzoneManager.getFileStatus(OzoneManager.java:3533) ~[ozone-manager-1.4.0-SNAPSHOT.jar:?]
	at org.apache.hadoop.ozone.protocolPB.OzoneManagerRequestHandler.getOzoneFileStatus(OzoneManagerRequestHandler.java:971) ~[ozone-manager-1.4.0-SNAPSHOT.jar:?]
	at org.apache.hadoop.ozone.protocolPB.OzoneManagerRequestHandler.handleReadRequest(OzoneManagerRequestHandler.java:250) ~[ozone-manager-1.4.0-SNAPSHOT.jar:?]
	at org.apache.hadoop.ozone.protocolPB.OzoneManagerProtocolServerSideTranslatorPB.submitReadRequestToOM(OzoneManagerProtocolServerSideTranslatorPB.java:225) ~[ozone-manager-1.4.0-SNAPSHOT.jar:?]
	at org.apache.hadoop.ozone.protocolPB.OzoneManagerProtocolServerSideTranslatorPB.processRequest(OzoneManagerProtocolServerSideTranslatorPB.java:179) ~[ozone-manager-1.4.0-SNAPSHOT.jar:?]
	at org.apache.hadoop.hdds.server.OzoneProtocolMessageDispatcher.processRequest(OzoneProtocolMessageDispatcher.java:87) [hdds-server-framework-1.4.0-SNAPSHOT.jar:?]
	at org.apache.hadoop.ozone.protocolPB.OzoneManagerProtocolServerSideTranslatorPB.submitRequest(OzoneManagerProtocolServerSideTranslatorPB.java:148) [ozone-manager-1.4.0-SNAPSHOT.jar:?]
	at org.apache.hadoop.ozone.protocol.proto.OzoneManagerProtocolProtos$OzoneManagerService$2.callBlockingMethod(OzoneManagerProtocolProtos.java) [ozone-interface-client-1.4.0-SNAPSHOT.jar:?]
	at org.apache.hadoop.ipc.ProtobufRpcEngine$Server.processCall(ProtobufRpcEngine.java:484) [hadoop-common-3.3.6.jar:?]
	at org.apache.hadoop.ipc.ProtobufRpcEngine2$Server$ProtoBufRpcInvoker.call(ProtobufRpcEngine2.java:595) [hadoop-common-3.3.6.jar:?]
	at org.apache.hadoop.ipc.ProtobufRpcEngine2$Server$ProtoBufRpcInvoker.call(ProtobufRpcEngine2.java:573) [hadoop-common-3.3.6.jar:?]
	at org.apache.hadoop.ipc.RPC$Server.call(RPC.java:1227) [hadoop-common-3.3.6.jar:?]
	at org.apache.hadoop.ipc.Server$RpcCall.run(Server.java:1094) [hadoop-common-3.3.6.jar:?]
	at org.apache.hadoop.ipc.Server$RpcCall.run(Server.java:1017) [hadoop-common-3.3.6.jar:?]
	at java.security.AccessController.doPrivileged(Native Method) ~[?:1.8.0_382]
	at javax.security.auth.Subject.doAs(Subject.java:422) [?:1.8.0_382]
	at org.apache.hadoop.security.UserGroupInformation.doAs(UserGroupInformation.java:1899) [hadoop-common-3.3.6.jar:?]
	at org.apache.hadoop.ipc.Server$Handler.run(Server.java:3048) [hadoop-common-3.3.6.jar:?]
02:04:08.131 [IPC Server handler 8 on default port 15004] ERROR OMAudit - user=runner | ip=127.0.0.1 | op=GET_FILE_STATUS {volume=volume43289, bucket=bucket29045, key=gdir1/dir2, dataSize=0, replicationConfig=null} | ret=FAILURE
org.apache.hadoop.ozone.om.exceptions.OMException: Unable to get file status: volume: volume43289 bucket: bucket29045 key: gdir1/dir2
	at org.apache.hadoop.ozone.om.KeyManagerImpl.getOzoneFileStatus(KeyManagerImpl.java:1195) ~[ozone-manager-1.4.0-SNAPSHOT.jar:?]
	at org.apache.hadoop.ozone.om.KeyManagerImpl.getFileStatus(KeyManagerImpl.java:1113) ~[ozone-manager-1.4.0-SNAPSHOT.jar:?]
	at org.apache.hadoop.ozone.om.OmMetadataReader.getFileStatus(OmMetadataReader.java:262) ~[ozone-manager-1.4.0-SNAPSHOT.jar:?]
	at org.apache.hadoop.ozone.om.OzoneManager.getFileStatus(OzoneManager.java:3533) ~[ozone-manager-1.4.0-SNAPSHOT.jar:?]
	at org.apache.hadoop.ozone.protocolPB.OzoneManagerRequestHandler.getOzoneFileStatus(OzoneManagerRequestHandler.java:971) ~[ozone-manager-1.4.0-SNAPSHOT.jar:?]
	at org.apache.hadoop.ozone.protocolPB.OzoneManagerRequestHandler.handleReadRequest(OzoneManagerRequestHandler.java:250) ~[ozone-manager-1.4.0-SNAPSHOT.jar:?]
	at org.apache.hadoop.ozone.protocolPB.OzoneManagerProtocolServerSideTranslatorPB.submitReadRequestToOM(OzoneManagerProtocolServerSideTranslatorPB.java:225) ~[ozone-manager-1.4.0-SNAPSHOT.jar:?]
	at org.apache.hadoop.ozone.protocolPB.OzoneManagerProtocolServerSideTranslatorPB.processRequest(OzoneManagerProtocolServerSideTranslatorPB.java:179) ~[ozone-manager-1.4.0-SNAPSHOT.jar:?]
	at org.apache.hadoop.hdds.server.OzoneProtocolMessageDispatcher.processRequest(OzoneProtocolMessageDispatcher.java:87) [hdds-server-framework-1.4.0-SNAPSHOT.jar:?]
	at org.apache.hadoop.ozone.protocolPB.OzoneManagerProtocolServerSideTranslatorPB.submitRequest(OzoneManagerProtocolServerSideTranslatorPB.java:148) [ozone-manager-1.4.0-SNAPSHOT.jar:?]
	at org.apache.hadoop.ozone.protocol.proto.OzoneManagerProtocolProtos$OzoneManagerService$2.callBlockingMethod(OzoneManagerProtocolProtos.java) [ozone-interface-client-1.4.0-SNAPSHOT.jar:?]
	at org.apache.hadoop.ipc.ProtobufRpcEngine$Server.processCall(ProtobufRpcEngine.java:484) [hadoop-common-3.3.6.jar:?]
	at org.apache.hadoop.ipc.ProtobufRpcEngine2$Server$ProtoBufRpcInvoker.call(ProtobufRpcEngine2.java:595) [hadoop-common-3.3.6.jar:?]
	at org.apache.hadoop.ipc.ProtobufRpcEngine2$Server$ProtoBufRpcInvoker.call(ProtobufRpcEngine2.java:573) [hadoop-common-3.3.6.jar:?]
	at org.apache.hadoop.ipc.RPC$Server.call(RPC.java:1227) [hadoop-common-3.3.6.jar:?]
	at org.apache.hadoop.ipc.Server$RpcCall.run(Server.java:1094) [hadoop-common-3.3.6.jar:?]
	at org.apache.hadoop.ipc.Server$RpcCall.run(Server.java:1017) [hadoop-common-3.3.6.jar:?]
	at java.security.AccessController.doPrivileged(Native Method) ~[?:1.8.0_382]
	at javax.security.auth.Subject.doAs(Subject.java:422) [?:1.8.0_382]
	at org.apache.hadoop.security.UserGroupInformation.doAs(UserGroupInformation.java:1899) [hadoop-common-3.3.6.jar:?]
	at org.apache.hadoop.ipc.Server$Handler.run(Server.java:3048) [hadoop-common-3.3.6.jar:?]
02:04:08.132 [IPC Server handler 7 on default port 15004] ERROR OMAudit - user=runner | ip=127.0.0.1 | op=GET_FILE_STATUS {volume=volume43289, bucket=bucket29045, key=gdir1/dir2/child, dataSize=0, replicationConfig=null} | ret=FAILURE
org.apache.hadoop.ozone.om.exceptions.OMException: Unable to get file status: volume: volume43289 bucket: bucket29045 key: gdir1/dir2/child
	at org.apache.hadoop.ozone.om.KeyManagerImpl.getOzoneFileStatus(KeyManagerImpl.java:1195) ~[ozone-manager-1.4.0-SNAPSHOT.jar:?]
	at org.apache.hadoop.ozone.om.KeyManagerImpl.getFileStatus(KeyManagerImpl.java:1113) ~[ozone-manager-1.4.0-SNAPSHOT.jar:?]
	at org.apache.hadoop.ozone.om.OmMetadataReader.getFileStatus(OmMetadataReader.java:262) ~[ozone-manager-1.4.0-SNAPSHOT.jar:?]
	at org.apache.hadoop.ozone.om.OzoneManager.getFileStatus(OzoneManager.java:3533) ~[ozone-manager-1.4.0-SNAPSHOT.jar:?]
	at org.apache.hadoop.ozone.protocolPB.OzoneManagerRequestHandler.getOzoneFileStatus(OzoneManagerRequestHandler.java:971) ~[ozone-manager-1.4.0-SNAPSHOT.jar:?]
	at org.apache.hadoop.ozone.protocolPB.OzoneManagerRequestHandler.handleReadRequest(OzoneManagerRequestHandler.java:250) ~[ozone-manager-1.4.0-SNAPSHOT.jar:?]
	at org.apache.hadoop.ozone.protocolPB.OzoneManagerProtocolServerSideTranslatorPB.submitReadRequestToOM(OzoneManagerProtocolServerSideTranslatorPB.java:225) ~[ozone-manager-1.4.0-SNAPSHOT.jar:?]
	at org.apache.hadoop.ozone.protocolPB.OzoneManagerProtocolServerSideTranslatorPB.processRequest(OzoneManagerProtocolServerSideTranslatorPB.java:179) ~[ozone-manager-1.4.0-SNAPSHOT.jar:?]
	at org.apache.hadoop.hdds.server.OzoneProtocolMessageDispatcher.processRequest(OzoneProtocolMessageDispatcher.java:87) [hdds-server-framework-1.4.0-SNAPSHOT.jar:?]
	at org.apache.hadoop.ozone.protocolPB.OzoneManagerProtocolServerSideTranslatorPB.submitRequest(OzoneManagerProtocolServerSideTranslatorPB.java:148) [ozone-manager-1.4.0-SNAPSHOT.jar:?]
	at org.apache.hadoop.ozone.protocol.proto.OzoneManagerProtocolProtos$OzoneManagerService$2.callBlockingMethod(OzoneManagerProtocolProtos.java) [ozone-interface-client-1.4.0-SNAPSHOT.jar:?]
	at org.apache.hadoop.ipc.ProtobufRpcEngine$Server.processCall(ProtobufRpcEngine.java:484) [hadoop-common-3.3.6.jar:?]
	at org.apache.hadoop.ipc.ProtobufRpcEngine2$Server$ProtoBufRpcInvoker.call(ProtobufRpcEngine2.java:595) [hadoop-common-3.3.6.jar:?]
	at org.apache.hadoop.ipc.ProtobufRpcEngine2$Server$ProtoBufRpcInvoker.call(ProtobufRpcEngine2.java:573) [hadoop-common-3.3.6.jar:?]
	at org.apache.hadoop.ipc.RPC$Server.call(RPC.java:1227) [hadoop-common-3.3.6.jar:?]
	at org.apache.hadoop.ipc.Server$RpcCall.run(Server.java:1094) [hadoop-common-3.3.6.jar:?]
	at org.apache.hadoop.ipc.Server$RpcCall.run(Server.java:1017) [hadoop-common-3.3.6.jar:?]
	at java.security.AccessController.doPrivileged(Native Method) ~[?:1.8.0_382]
	at javax.security.auth.Subject.doAs(Subject.java:422) [?:1.8.0_382]
	at org.apache.hadoop.security.UserGroupInformation.doAs(UserGroupInformation.java:1899) [hadoop-common-3.3.6.jar:?]
	at org.apache.hadoop.ipc.Server$Handler.run(Server.java:3048) [hadoop-common-3.3.6.jar:?]
02:04:08.134 [IPC Server handler 19 on default port 15004] ERROR OMAudit - user=runner | ip=127.0.0.1 | op=GET_FILE_STATUS {volume=volume43289, bucket=bucket29045, key=gdir1/dir3, dataSize=0, replicationConfig=null} | ret=FAILURE
org.apache.hadoop.ozone.om.exceptions.OMException: Unable to get file status: volume: volume43289 bucket: bucket29045 key: gdir1/dir3
	at org.apache.hadoop.ozone.om.KeyManagerImpl.getOzoneFileStatus(KeyManagerImpl.java:1195) ~[ozone-manager-1.4.0-SNAPSHOT.jar:?]
	at org.apache.hadoop.ozone.om.KeyManagerImpl.getFileStatus(KeyManagerImpl.java:1113) ~[ozone-manager-1.4.0-SNAPSHOT.jar:?]
	at org.apache.hadoop.ozone.om.OmMetadataReader.getFileStatus(OmMetadataReader.java:262) ~[ozone-manager-1.4.0-SNAPSHOT.jar:?]
	at org.apache.hadoop.ozone.om.OzoneManager.getFileStatus(OzoneManager.java:3533) ~[ozone-manager-1.4.0-SNAPSHOT.jar:?]
	at org.apache.hadoop.ozone.protocolPB.OzoneManagerRequestHandler.getOzoneFileStatus(OzoneManagerRequestHandler.java:971) ~[ozone-manager-1.4.0-SNAPSHOT.jar:?]
	at org.apache.hadoop.ozone.protocolPB.OzoneManagerRequestHandler.handleReadRequest(OzoneManagerRequestHandler.java:250) ~[ozone-manager-1.4.0-SNAPSHOT.jar:?]
	at org.apache.hadoop.ozone.protocolPB.OzoneManagerProtocolServerSideTranslatorPB.submitReadRequestToOM(OzoneManagerProtocolServerSideTranslatorPB.java:225) ~[ozone-manager-1.4.0-SNAPSHOT.jar:?]
	at org.apache.hadoop.ozone.protocolPB.OzoneManagerProtocolServerSideTranslatorPB.processRequest(OzoneManagerProtocolServerSideTranslatorPB.java:179) ~[ozone-manager-1.4.0-SNAPSHOT.jar:?]
	at org.apache.hadoop.hdds.server.OzoneProtocolMessageDispatcher.processRequest(OzoneProtocolMessageDispatcher.java:87) [hdds-server-framework-1.4.0-SNAPSHOT.jar:?]
	at org.apache.hadoop.ozone.protocolPB.OzoneManagerProtocolServerSideTranslatorPB.submitRequest(OzoneManagerProtocolServerSideTranslatorPB.java:148) [ozone-manager-1.4.0-SNAPSHOT.jar:?]
	at org.apache.hadoop.ozone.protocol.proto.OzoneManagerProtocolProtos$OzoneManagerService$2.callBlockingMethod(OzoneManagerProtocolProtos.java) [ozone-interface-client-1.4.0-SNAPSHOT.jar:?]
	at org.apache.hadoop.ipc.ProtobufRpcEngine$Server.processCall(ProtobufRpcEngine.java:484) [hadoop-common-3.3.6.jar:?]
	at org.apache.hadoop.ipc.ProtobufRpcEngine2$Server$ProtoBufRpcInvoker.call(ProtobufRpcEngine2.java:595) [hadoop-common-3.3.6.jar:?]
	at org.apache.hadoop.ipc.ProtobufRpcEngine2$Server$ProtoBufRpcInvoker.call(ProtobufRpcEngine2.java:573) [hadoop-common-3.3.6.jar:?]
	at org.apache.hadoop.ipc.RPC$Server.call(RPC.java:1227) [hadoop-common-3.3.6.jar:?]
	at org.apache.hadoop.ipc.Server$RpcCall.run(Server.java:1094) [hadoop-common-3.3.6.jar:?]
	at org.apache.hadoop.ipc.Server$RpcCall.run(Server.java:1017) [hadoop-common-3.3.6.jar:?]
	at java.security.AccessController.doPrivileged(Native Method) ~[?:1.8.0_382]
	at javax.security.auth.Subject.doAs(Subject.java:422) [?:1.8.0_382]
	at org.apache.hadoop.security.UserGroupInformation.doAs(UserGroupInformation.java:1899) [hadoop-common-3.3.6.jar:?]
	at org.apache.hadoop.ipc.Server$Handler.run(Server.java:3048) [hadoop-common-3.3.6.jar:?]
02:04:08.135 [IPC Server handler 14 on default port 15004] ERROR OMAudit - user=runner | ip=127.0.0.1 | op=GET_FILE_STATUS {volume=volume43289, bucket=bucket29045, key=gdir1/dir3/child, dataSize=0, replicationConfig=null} | ret=FAILURE
org.apache.hadoop.ozone.om.exceptions.OMException: Unable to get file status: volume: volume43289 bucket: bucket29045 key: gdir1/dir3/child
	at org.apache.hadoop.ozone.om.KeyManagerImpl.getOzoneFileStatus(KeyManagerImpl.java:1195) ~[ozone-manager-1.4.0-SNAPSHOT.jar:?]
	at org.apache.hadoop.ozone.om.KeyManagerImpl.getFileStatus(KeyManagerImpl.java:1113) ~[ozone-manager-1.4.0-SNAPSHOT.jar:?]
	at org.apache.hadoop.ozone.om.OmMetadataReader.getFileStatus(OmMetadataReader.java:262) ~[ozone-manager-1.4.0-SNAPSHOT.jar:?]
	at org.apache.hadoop.ozone.om.OzoneManager.getFileStatus(OzoneManager.java:3533) ~[ozone-manager-1.4.0-SNAPSHOT.jar:?]
	at org.apache.hadoop.ozone.protocolPB.OzoneManagerRequestHandler.getOzoneFileStatus(OzoneManagerRequestHandler.java:971) ~[ozone-manager-1.4.0-SNAPSHOT.jar:?]
	at org.apache.hadoop.ozone.protocolPB.OzoneManagerRequestHandler.handleReadRequest(OzoneManagerRequestHandler.java:250) ~[ozone-manager-1.4.0-SNAPSHOT.jar:?]
	at org.apache.hadoop.ozone.protocolPB.OzoneManagerProtocolServerSideTranslatorPB.submitReadRequestToOM(OzoneManagerProtocolServerSideTranslatorPB.java:225) ~[ozone-manager-1.4.0-SNAPSHOT.jar:?]
	at org.apache.hadoop.ozone.protocolPB.OzoneManagerProtocolServerSideTranslatorPB.processRequest(OzoneManagerProtocolServerSideTranslatorPB.java:179) ~[ozone-manager-1.4.0-SNAPSHOT.jar:?]
	at org.apache.hadoop.hdds.server.OzoneProtocolMessageDispatcher.processRequest(OzoneProtocolMessageDispatcher.java:87) [hdds-server-framework-1.4.0-SNAPSHOT.jar:?]
	at org.apache.hadoop.ozone.protocolPB.OzoneManagerProtocolServerSideTranslatorPB.submitRequest(OzoneManagerProtocolServerSideTranslatorPB.java:148) [ozone-manager-1.4.0-SNAPSHOT.jar:?]
	at org.apache.hadoop.ozone.protocol.proto.OzoneManagerProtocolProtos$OzoneManagerService$2.callBlockingMethod(OzoneManagerProtocolProtos.java) [ozone-interface-client-1.4.0-SNAPSHOT.jar:?]
	at org.apache.hadoop.ipc.ProtobufRpcEngine$Server.processCall(ProtobufRpcEngine.java:484) [hadoop-common-3.3.6.jar:?]
	at org.apache.hadoop.ipc.ProtobufRpcEngine2$Server$ProtoBufRpcInvoker.call(ProtobufRpcEngine2.java:595) [hadoop-common-3.3.6.jar:?]
	at org.apache.hadoop.ipc.ProtobufRpcEngine2$Server$ProtoBufRpcInvoker.call(ProtobufRpcEngine2.java:573) [hadoop-common-3.3.6.jar:?]
	at org.apache.hadoop.ipc.RPC$Server.call(RPC.java:1227) [hadoop-common-3.3.6.jar:?]
	at org.apache.hadoop.ipc.Server$RpcCall.run(Server.java:1094) [hadoop-common-3.3.6.jar:?]
	at org.apache.hadoop.ipc.Server$RpcCall.run(Server.java:1017) [hadoop-common-3.3.6.jar:?]
	at java.security.AccessController.doPrivileged(Native Method) ~[?:1.8.0_382]
	at javax.security.auth.Subject.doAs(Subject.java:422) [?:1.8.0_382]
	at org.apache.hadoop.security.UserGroupInformation.doAs(UserGroupInformation.java:1899) [hadoop-common-3.3.6.jar:?]
	at org.apache.hadoop.ipc.Server$Handler.run(Server.java:3048) [hadoop-common-3.3.6.jar:?]
02:04:08.137 [IPC Server handler 18 on default port 15004] ERROR OMAudit - user=runner | ip=127.0.0.1 | op=GET_FILE_STATUS {volume=volume43289, bucket=bucket29045, key=gdir1/dir4, dataSize=0, replicationConfig=null} | ret=FAILURE
org.apache.hadoop.ozone.om.exceptions.OMException: Unable to get file status: volume: volume43289 bucket: bucket29045 key: gdir1/dir4
	at org.apache.hadoop.ozone.om.KeyManagerImpl.getOzoneFileStatus(KeyManagerImpl.java:1195) ~[ozone-manager-1.4.0-SNAPSHOT.jar:?]
	at org.apache.hadoop.ozone.om.KeyManagerImpl.getFileStatus(KeyManagerImpl.java:1113) ~[ozone-manager-1.4.0-SNAPSHOT.jar:?]
	at org.apache.hadoop.ozone.om.OmMetadataReader.getFileStatus(OmMetadataReader.java:262) ~[ozone-manager-1.4.0-SNAPSHOT.jar:?]
	at org.apache.hadoop.ozone.om.OzoneManager.getFileStatus(OzoneManager.java:3533) ~[ozone-manager-1.4.0-SNAPSHOT.jar:?]
	at org.apache.hadoop.ozone.protocolPB.OzoneManagerRequestHandler.getOzoneFileStatus(OzoneManagerRequestHandler.java:971) ~[ozone-manager-1.4.0-SNAPSHOT.jar:?]
	at org.apache.hadoop.ozone.protocolPB.OzoneManagerRequestHandler.handleReadRequest(OzoneManagerRequestHandler.java:250) ~[ozone-manager-1.4.0-SNAPSHOT.jar:?]
	at org.apache.hadoop.ozone.protocolPB.OzoneManagerProtocolServerSideTranslatorPB.submitReadRequestToOM(OzoneManagerProtocolServerSideTranslatorPB.java:225) ~[ozone-manager-1.4.0-SNAPSHOT.jar:?]
	at org.apache.hadoop.ozone.protocolPB.OzoneManagerProtocolServerSideTranslatorPB.processRequest(OzoneManagerProtocolServerSideTranslatorPB.java:179) ~[ozone-manager-1.4.0-SNAPSHOT.jar:?]
	at org.apache.hadoop.hdds.server.OzoneProtocolMessageDispatcher.processRequest(OzoneProtocolMessageDispatcher.java:87) [hdds-server-framework-1.4.0-SNAPSHOT.jar:?]
	at org.apache.hadoop.ozone.protocolPB.OzoneManagerProtocolServerSideTranslatorPB.submitRequest(OzoneManagerProtocolServerSideTranslatorPB.java:148) [ozone-manager-1.4.0-SNAPSHOT.jar:?]
	at org.apache.hadoop.ozone.protocol.proto.OzoneManagerProtocolProtos$OzoneManagerService$2.callBlockingMethod(OzoneManagerProtocolProtos.java) [ozone-interface-client-1.4.0-SNAPSHOT.jar:?]
	at org.apache.hadoop.ipc.ProtobufRpcEngine$Server.processCall(ProtobufRpcEngine.java:484) [hadoop-common-3.3.6.jar:?]
	at org.apache.hadoop.ipc.ProtobufRpcEngine2$Server$ProtoBufRpcInvoker.call(ProtobufRpcEngine2.java:595) [hadoop-common-3.3.6.jar:?]
	at org.apache.hadoop.ipc.ProtobufRpcEngine2$Server$ProtoBufRpcInvoker.call(ProtobufRpcEngine2.java:573) [hadoop-common-3.3.6.jar:?]
	at org.apache.hadoop.ipc.RPC$Server.call(RPC.java:1227) [hadoop-common-3.3.6.jar:?]
	at org.apache.hadoop.ipc.Server$RpcCall.run(Server.java:1094) [hadoop-common-3.3.6.jar:?]
	at org.apache.hadoop.ipc.Server$RpcCall.run(Server.java:1017) [hadoop-common-3.3.6.jar:?]
	at java.security.AccessController.doPrivileged(Native Method) ~[?:1.8.0_382]
	at javax.security.auth.Subject.doAs(Subject.java:422) [?:1.8.0_382]
	at org.apache.hadoop.security.UserGroupInformation.doAs(UserGroupInformation.java:1899) [hadoop-common-3.3.6.jar:?]
	at org.apache.hadoop.ipc.Server$Handler.run(Server.java:3048) [hadoop-common-3.3.6.jar:?]
02:04:08.139 [IPC Server handler 13 on default port 15004] ERROR OMAudit - user=runner | ip=127.0.0.1 | op=GET_FILE_STATUS {volume=volume43289, bucket=bucket29045, key=gdir1/dir4/child, dataSize=0, replicationConfig=null} | ret=FAILURE
org.apache.hadoop.ozone.om.exceptions.OMException: Unable to get file status: volume: volume43289 bucket: bucket29045 key: gdir1/dir4/child
	at org.apache.hadoop.ozone.om.KeyManagerImpl.getOzoneFileStatus(KeyManagerImpl.java:1195) ~[ozone-manager-1.4.0-SNAPSHOT.jar:?]
	at org.apache.hadoop.ozone.om.KeyManagerImpl.getFileStatus(KeyManagerImpl.java:1113) ~[ozone-manager-1.4.0-SNAPSHOT.jar:?]
	at org.apache.hadoop.ozone.om.OmMetadataReader.getFileStatus(OmMetadataReader.java:262) ~[ozone-manager-1.4.0-SNAPSHOT.jar:?]
	at org.apache.hadoop.ozone.om.OzoneManager.getFileStatus(OzoneManager.java:3533) ~[ozone-manager-1.4.0-SNAPSHOT.jar:?]
	at org.apache.hadoop.ozone.protocolPB.OzoneManagerRequestHandler.getOzoneFileStatus(OzoneManagerRequestHandler.java:971) ~[ozone-manager-1.4.0-SNAPSHOT.jar:?]
	at org.apache.hadoop.ozone.protocolPB.OzoneManagerRequestHandler.handleReadRequest(OzoneManagerRequestHandler.java:250) ~[ozone-manager-1.4.0-SNAPSHOT.jar:?]
	at org.apache.hadoop.ozone.protocolPB.OzoneManagerProtocolServerSideTranslatorPB.submitReadRequestToOM(OzoneManagerProtocolServerSideTranslatorPB.java:225) ~[ozone-manager-1.4.0-SNAPSHOT.jar:?]
	at org.apache.hadoop.ozone.protocolPB.OzoneManagerProtocolServerSideTranslatorPB.processRequest(OzoneManagerProtocolServerSideTranslatorPB.java:179) ~[ozone-manager-1.4.0-SNAPSHOT.jar:?]
	at org.apache.hadoop.hdds.server.OzoneProtocolMessageDispatcher.processRequest(OzoneProtocolMessageDispatcher.java:87) [hdds-server-framework-1.4.0-SNAPSHOT.jar:?]
	at org.apache.hadoop.ozone.protocolPB.OzoneManagerProtocolServerSideTranslatorPB.submitRequest(OzoneManagerProtocolServerSideTranslatorPB.java:148) [ozone-manager-1.4.0-SNAPSHOT.jar:?]
	at org.apache.hadoop.ozone.protocol.proto.OzoneManagerProtocolProtos$OzoneManagerService$2.callBlockingMethod(OzoneManagerProtocolProtos.java) [ozone-interface-client-1.4.0-SNAPSHOT.jar:?]
	at org.apache.hadoop.ipc.ProtobufRpcEngine$Server.processCall(ProtobufRpcEngine.java:484) [hadoop-common-3.3.6.jar:?]
	at org.apache.hadoop.ipc.ProtobufRpcEngine2$Server$ProtoBufRpcInvoker.call(ProtobufRpcEngine2.java:595) [hadoop-common-3.3.6.jar:?]
	at org.apache.hadoop.ipc.ProtobufRpcEngine2$Server$ProtoBufRpcInvoker.call(ProtobufRpcEngine2.java:573) [hadoop-common-3.3.6.jar:?]
	at org.apache.hadoop.ipc.RPC$Server.call(RPC.java:1227) [hadoop-common-3.3.6.jar:?]
	at org.apache.hadoop.ipc.Server$RpcCall.run(Server.java:1094) [hadoop-common-3.3.6.jar:?]
	at org.apache.hadoop.ipc.Server$RpcCall.run(Server.java:1017) [hadoop-common-3.3.6.jar:?]
	at java.security.AccessController.doPrivileged(Native Method) ~[?:1.8.0_382]
	at javax.security.auth.Subject.doAs(Subject.java:422) [?:1.8.0_382]
	at org.apache.hadoop.security.UserGroupInformation.doAs(UserGroupInformation.java:1899) [hadoop-common-3.3.6.jar:?]
	at org.apache.hadoop.ipc.Server$Handler.run(Server.java:3048) [hadoop-common-3.3.6.jar:?]
02:04:08.140 [IPC Server handler 10 on default port 15004] ERROR OMAudit - user=runner | ip=127.0.0.1 | op=GET_FILE_STATUS {volume=volume43289, bucket=bucket29045, key=gdir1/dir5, dataSize=0, replicationConfig=null} | ret=FAILURE
org.apache.hadoop.ozone.om.exceptions.OMException: Unable to get file status: volume: volume43289 bucket: bucket29045 key: gdir1/dir5
	at org.apache.hadoop.ozone.om.KeyManagerImpl.getOzoneFileStatus(KeyManagerImpl.java:1195) ~[ozone-manager-1.4.0-SNAPSHOT.jar:?]
	at org.apache.hadoop.ozone.om.KeyManagerImpl.getFileStatus(KeyManagerImpl.java:1113) ~[ozone-manager-1.4.0-SNAPSHOT.jar:?]
	at org.apache.hadoop.ozone.om.OmMetadataReader.getFileStatus(OmMetadataReader.java:262) ~[ozone-manager-1.4.0-SNAPSHOT.jar:?]
	at org.apache.hadoop.ozone.om.OzoneManager.getFileStatus(OzoneManager.java:3533) ~[ozone-manager-1.4.0-SNAPSHOT.jar:?]
	at org.apache.hadoop.ozone.protocolPB.OzoneManagerRequestHandler.getOzoneFileStatus(OzoneManagerRequestHandler.java:971) ~[ozone-manager-1.4.0-SNAPSHOT.jar:?]
	at org.apache.hadoop.ozone.protocolPB.OzoneManagerRequestHandler.handleReadRequest(OzoneManagerRequestHandler.java:250) ~[ozone-manager-1.4.0-SNAPSHOT.jar:?]
	at org.apache.hadoop.ozone.protocolPB.OzoneManagerProtocolServerSideTranslatorPB.submitReadRequestToOM(OzoneManagerProtocolServerSideTranslatorPB.java:225) ~[ozone-manager-1.4.0-SNAPSHOT.jar:?]
	at org.apache.hadoop.ozone.protocolPB.OzoneManagerProtocolServerSideTranslatorPB.processRequest(OzoneManagerProtocolServerSideTranslatorPB.java:179) ~[ozone-manager-1.4.0-SNAPSHOT.jar:?]
	at org.apache.hadoop.hdds.server.OzoneProtocolMessageDispatcher.processRequest(OzoneProtocolMessageDispatcher.java:87) [hdds-server-framework-1.4.0-SNAPSHOT.jar:?]
	at org.apache.hadoop.ozone.protocolPB.OzoneManagerProtocolServerSideTranslatorPB.submitRequest(OzoneManagerProtocolServerSideTranslatorPB.java:148) [ozone-manager-1.4.0-SNAPSHOT.jar:?]
	at org.apache.hadoop.ozone.protocol.proto.OzoneManagerProtocolProtos$OzoneManagerService$2.callBlockingMethod(OzoneManagerProtocolProtos.java) [ozone-interface-client-1.4.0-SNAPSHOT.jar:?]
	at org.apache.hadoop.ipc.ProtobufRpcEngine$Server.processCall(ProtobufRpcEngine.java:484) [hadoop-common-3.3.6.jar:?]
	at org.apache.hadoop.ipc.ProtobufRpcEngine2$Server$ProtoBufRpcInvoker.call(ProtobufRpcEngine2.java:595) [hadoop-common-3.3.6.jar:?]
	at org.apache.hadoop.ipc.ProtobufRpcEngine2$Server$ProtoBufRpcInvoker.call(ProtobufRpcEngine2.java:573) [hadoop-common-3.3.6.jar:?]
	at org.apache.hadoop.ipc.RPC$Server.call(RPC.java:1227) [hadoop-common-3.3.6.jar:?]
	at org.apache.hadoop.ipc.Server$RpcCall.run(Server.java:1094) [hadoop-common-3.3.6.jar:?]
	at org.apache.hadoop.ipc.Server$RpcCall.run(Server.java:1017) [hadoop-common-3.3.6.jar:?]
	at java.security.AccessController.doPrivileged(Native Method) ~[?:1.8.0_382]
	at javax.security.auth.Subject.doAs(Subject.java:422) [?:1.8.0_382]
	at org.apache.hadoop.security.UserGroupInformation.doAs(UserGroupInformation.java:1899) [hadoop-common-3.3.6.jar:?]
	at org.apache.hadoop.ipc.Server$Handler.run(Server.java:3048) [hadoop-common-3.3.6.jar:?]
02:04:08.142 [IPC Server handler 0 on default port 15004] ERROR OMAudit - user=runner | ip=127.0.0.1 | op=GET_FILE_STATUS {volume=volume43289, bucket=bucket29045, key=gdir1/dir5/child, dataSize=0, replicationConfig=null} | ret=FAILURE
org.apache.hadoop.ozone.om.exceptions.OMException: Unable to get file status: volume: volume43289 bucket: bucket29045 key: gdir1/dir5/child
	at org.apache.hadoop.ozone.om.KeyManagerImpl.getOzoneFileStatus(KeyManagerImpl.java:1195) ~[ozone-manager-1.4.0-SNAPSHOT.jar:?]
	at org.apache.hadoop.ozone.om.KeyManagerImpl.getFileStatus(KeyManagerImpl.java:1113) ~[ozone-manager-1.4.0-SNAPSHOT.jar:?]
	at org.apache.hadoop.ozone.om.OmMetadataReader.getFileStatus(OmMetadataReader.java:262) ~[ozone-manager-1.4.0-SNAPSHOT.jar:?]
	at org.apache.hadoop.ozone.om.OzoneManager.getFileStatus(OzoneManager.java:3533) ~[ozone-manager-1.4.0-SNAPSHOT.jar:?]
	at org.apache.hadoop.ozone.protocolPB.OzoneManagerRequestHandler.getOzoneFileStatus(OzoneManagerRequestHandler.java:971) ~[ozone-manager-1.4.0-SNAPSHOT.jar:?]
	at org.apache.hadoop.ozone.protocolPB.OzoneManagerRequestHandler.handleReadRequest(OzoneManagerRequestHandler.java:250) ~[ozone-manager-1.4.0-SNAPSHOT.jar:?]
	at org.apache.hadoop.ozone.protocolPB.OzoneManagerProtocolServerSideTranslatorPB.submitReadRequestToOM(OzoneManagerProtocolServerSideTranslatorPB.java:225) ~[ozone-manager-1.4.0-SNAPSHOT.jar:?]
	at org.apache.hadoop.ozone.protocolPB.OzoneManagerProtocolServerSideTranslatorPB.processRequest(OzoneManagerProtocolServerSideTranslatorPB.java:179) ~[ozone-manager-1.4.0-SNAPSHOT.jar:?]
	at org.apache.hadoop.hdds.server.OzoneProtocolMessageDispatcher.processRequest(OzoneProtocolMessageDispatcher.java:87) [hdds-server-framework-1.4.0-SNAPSHOT.jar:?]
	at org.apache.hadoop.ozone.protocolPB.OzoneManagerProtocolServerSideTranslatorPB.submitRequest(OzoneManagerProtocolServerSideTranslatorPB.java:148) [ozone-manager-1.4.0-SNAPSHOT.jar:?]
	at org.apache.hadoop.ozone.protocol.proto.OzoneManagerProtocolProtos$OzoneManagerService$2.callBlockingMethod(OzoneManagerProtocolProtos.java) [ozone-interface-client-1.4.0-SNAPSHOT.jar:?]
	at org.apache.hadoop.ipc.ProtobufRpcEngine$Server.processCall(ProtobufRpcEngine.java:484) [hadoop-common-3.3.6.jar:?]
	at org.apache.hadoop.ipc.ProtobufRpcEngine2$Server$ProtoBufRpcInvoker.call(ProtobufRpcEngine2.java:595) [hadoop-common-3.3.6.jar:?]
	at org.apache.hadoop.ipc.ProtobufRpcEngine2$Server$ProtoBufRpcInvoker.call(ProtobufRpcEngine2.java:573) [hadoop-common-3.3.6.jar:?]
	at org.apache.hadoop.ipc.RPC$Server.call(RPC.java:1227) [hadoop-common-3.3.6.jar:?]
	at org.apache.hadoop.ipc.Server$RpcCall.run(Server.java:1094) [hadoop-common-3.3.6.jar:?]
	at org.apache.hadoop.ipc.Server$RpcCall.run(Server.java:1017) [hadoop-common-3.3.6.jar:?]
	at java.security.AccessController.doPrivileged(Native Method) ~[?:1.8.0_382]
	at javax.security.auth.Subject.doAs(Subject.java:422) [?:1.8.0_382]
	at org.apache.hadoop.security.UserGroupInformation.doAs(UserGroupInformation.java:1899) [hadoop-common-3.3.6.jar:?]
	at org.apache.hadoop.ipc.Server$Handler.run(Server.java:3048) [hadoop-common-3.3.6.jar:?]
02:04:08.144 [IPC Server handler 1 on default port 15004] ERROR OMAudit - user=runner | ip=127.0.0.1 | op=GET_FILE_STATUS {volume=volume43289, bucket=bucket29045, key=gdir1/dir6, dataSize=0, replicationConfig=null} | ret=FAILURE
org.apache.hadoop.ozone.om.exceptions.OMException: Unable to get file status: volume: volume43289 bucket: bucket29045 key: gdir1/dir6
	at org.apache.hadoop.ozone.om.KeyManagerImpl.getOzoneFileStatus(KeyManagerImpl.java:1195) ~[ozone-manager-1.4.0-SNAPSHOT.jar:?]
	at org.apache.hadoop.ozone.om.KeyManagerImpl.getFileStatus(KeyManagerImpl.java:1113) ~[ozone-manager-1.4.0-SNAPSHOT.jar:?]
	at org.apache.hadoop.ozone.om.OmMetadataReader.getFileStatus(OmMetadataReader.java:262) ~[ozone-manager-1.4.0-SNAPSHOT.jar:?]
	at org.apache.hadoop.ozone.om.OzoneManager.getFileStatus(OzoneManager.java:3533) ~[ozone-manager-1.4.0-SNAPSHOT.jar:?]
	at org.apache.hadoop.ozone.protocolPB.OzoneManagerRequestHandler.getOzoneFileStatus(OzoneManagerRequestHandler.java:971) ~[ozone-manager-1.4.0-SNAPSHOT.jar:?]
	at org.apache.hadoop.ozone.protocolPB.OzoneManagerRequestHandler.handleReadRequest(OzoneManagerRequestHandler.java:250) ~[ozone-manager-1.4.0-SNAPSHOT.jar:?]
	at org.apache.hadoop.ozone.protocolPB.OzoneManagerProtocolServerSideTranslatorPB.submitReadRequestToOM(OzoneManagerProtocolServerSideTranslatorPB.java:225) ~[ozone-manager-1.4.0-SNAPSHOT.jar:?]
	at org.apache.hadoop.ozone.protocolPB.OzoneManagerProtocolServerSideTranslatorPB.processRequest(OzoneManagerProtocolServerSideTranslatorPB.java:179) ~[ozone-manager-1.4.0-SNAPSHOT.jar:?]
	at org.apache.hadoop.hdds.server.OzoneProtocolMessageDispatcher.processRequest(OzoneProtocolMessageDispatcher.java:87) [hdds-server-framework-1.4.0-SNAPSHOT.jar:?]
	at org.apache.hadoop.ozone.protocolPB.OzoneManagerProtocolServerSideTranslatorPB.submitRequest(OzoneManagerProtocolServerSideTranslatorPB.java:148) [ozone-manager-1.4.0-SNAPSHOT.jar:?]
	at org.apache.hadoop.ozone.protocol.proto.OzoneManagerProtocolProtos$OzoneManagerService$2.callBlockingMethod(OzoneManagerProtocolProtos.java) [ozone-interface-client-1.4.0-SNAPSHOT.jar:?]
	at org.apache.hadoop.ipc.ProtobufRpcEngine$Server.processCall(ProtobufRpcEngine.java:484) [hadoop-common-3.3.6.jar:?]
	at org.apache.hadoop.ipc.ProtobufRpcEngine2$Server$ProtoBufRpcInvoker.call(ProtobufRpcEngine2.java:595) [hadoop-common-3.3.6.jar:?]
	at org.apache.hadoop.ipc.ProtobufRpcEngine2$Server$ProtoBufRpcInvoker.call(ProtobufRpcEngine2.java:573) [hadoop-common-3.3.6.jar:?]
	at org.apache.hadoop.ipc.RPC$Server.call(RPC.java:1227) [hadoop-common-3.3.6.jar:?]
	at org.apache.hadoop.ipc.Server$RpcCall.run(Server.java:1094) [hadoop-common-3.3.6.jar:?]
	at org.apache.hadoop.ipc.Server$RpcCall.run(Server.java:1017) [hadoop-common-3.3.6.jar:?]
	at java.security.AccessController.doPrivileged(Native Method) ~[?:1.8.0_382]
	at javax.security.auth.Subject.doAs(Subject.java:422) [?:1.8.0_382]
	at org.apache.hadoop.security.UserGroupInformation.doAs(UserGroupInformation.java:1899) [hadoop-common-3.3.6.jar:?]
	at org.apache.hadoop.ipc.Server$Handler.run(Server.java:3048) [hadoop-common-3.3.6.jar:?]
02:04:08.145 [IPC Server handler 2 on default port 15004] ERROR OMAudit - user=runner | ip=127.0.0.1 | op=GET_FILE_STATUS {volume=volume43289, bucket=bucket29045, key=gdir1/dir6/child, dataSize=0, replicationConfig=null} | ret=FAILURE
org.apache.hadoop.ozone.om.exceptions.OMException: Unable to get file status: volume: volume43289 bucket: bucket29045 key: gdir1/dir6/child
	at org.apache.hadoop.ozone.om.KeyManagerImpl.getOzoneFileStatus(KeyManagerImpl.java:1195) ~[ozone-manager-1.4.0-SNAPSHOT.jar:?]
	at org.apache.hadoop.ozone.om.KeyManagerImpl.getFileStatus(KeyManagerImpl.java:1113) ~[ozone-manager-1.4.0-SNAPSHOT.jar:?]
	at org.apache.hadoop.ozone.om.OmMetadataReader.getFileStatus(OmMetadataReader.java:262) ~[ozone-manager-1.4.0-SNAPSHOT.jar:?]
	at org.apache.hadoop.ozone.om.OzoneManager.getFileStatus(OzoneManager.java:3533) ~[ozone-manager-1.4.0-SNAPSHOT.jar:?]
	at org.apache.hadoop.ozone.protocolPB.OzoneManagerRequestHandler.getOzoneFileStatus(OzoneManagerRequestHandler.java:971) ~[ozone-manager-1.4.0-SNAPSHOT.jar:?]
	at org.apache.hadoop.ozone.protocolPB.OzoneManagerRequestHandler.handleReadRequest(OzoneManagerRequestHandler.java:250) ~[ozone-manager-1.4.0-SNAPSHOT.jar:?]
	at org.apache.hadoop.ozone.protocolPB.OzoneManagerProtocolServerSideTranslatorPB.submitReadRequestToOM(OzoneManagerProtocolServerSideTranslatorPB.java:225) ~[ozone-manager-1.4.0-SNAPSHOT.jar:?]
	at org.apache.hadoop.ozone.protocolPB.OzoneManagerProtocolServerSideTranslatorPB.processRequest(OzoneManagerProtocolServerSideTranslatorPB.java:179) ~[ozone-manager-1.4.0-SNAPSHOT.jar:?]
	at org.apache.hadoop.hdds.server.OzoneProtocolMessageDispatcher.processRequest(OzoneProtocolMessageDispatcher.java:87) [hdds-server-framework-1.4.0-SNAPSHOT.jar:?]
	at org.apache.hadoop.ozone.protocolPB.OzoneManagerProtocolServerSideTranslatorPB.submitRequest(OzoneManagerProtocolServerSideTranslatorPB.java:148) [ozone-manager-1.4.0-SNAPSHOT.jar:?]
	at org.apache.hadoop.ozone.protocol.proto.OzoneManagerProtocolProtos$OzoneManagerService$2.callBlockingMethod(OzoneManagerProtocolProtos.java) [ozone-interface-client-1.4.0-SNAPSHOT.jar:?]
	at org.apache.hadoop.ipc.ProtobufRpcEngine$Server.processCall(ProtobufRpcEngine.java:484) [hadoop-common-3.3.6.jar:?]
	at org.apache.hadoop.ipc.ProtobufRpcEngine2$Server$ProtoBufRpcInvoker.call(ProtobufRpcEngine2.java:595) [hadoop-common-3.3.6.jar:?]
	at org.apache.hadoop.ipc.ProtobufRpcEngine2$Server$ProtoBufRpcInvoker.call(ProtobufRpcEngine2.java:573) [hadoop-common-3.3.6.jar:?]
	at org.apache.hadoop.ipc.RPC$Server.call(RPC.java:1227) [hadoop-common-3.3.6.jar:?]
	at org.apache.hadoop.ipc.Server$RpcCall.run(Server.java:1094) [hadoop-common-3.3.6.jar:?]
	at org.apache.hadoop.ipc.Server$RpcCall.run(Server.java:1017) [hadoop-common-3.3.6.jar:?]
	at java.security.AccessController.doPrivileged(Native Method) ~[?:1.8.0_382]
	at javax.security.auth.Subject.doAs(Subject.java:422) [?:1.8.0_382]
	at org.apache.hadoop.security.UserGroupInformation.doAs(UserGroupInformation.java:1899) [hadoop-common-3.3.6.jar:?]
	at org.apache.hadoop.ipc.Server$Handler.run(Server.java:3048) [hadoop-common-3.3.6.jar:?]
02:04:08.147 [IPC Server handler 4 on default port 15004] ERROR OMAudit - user=runner | ip=127.0.0.1 | op=GET_FILE_STATUS {volume=volume43289, bucket=bucket29045, key=gdir1/dir7, dataSize=0, replicationConfig=null} | ret=FAILURE
org.apache.hadoop.ozone.om.exceptions.OMException: Unable to get file status: volume: volume43289 bucket: bucket29045 key: gdir1/dir7
	at org.apache.hadoop.ozone.om.KeyManagerImpl.getOzoneFileStatus(KeyManagerImpl.java:1195) ~[ozone-manager-1.4.0-SNAPSHOT.jar:?]
	at org.apache.hadoop.ozone.om.KeyManagerImpl.getFileStatus(KeyManagerImpl.java:1113) ~[ozone-manager-1.4.0-SNAPSHOT.jar:?]
	at org.apache.hadoop.ozone.om.OmMetadataReader.getFileStatus(OmMetadataReader.java:262) ~[ozone-manager-1.4.0-SNAPSHOT.jar:?]
	at org.apache.hadoop.ozone.om.OzoneManager.getFileStatus(OzoneManager.java:3533) ~[ozone-manager-1.4.0-SNAPSHOT.jar:?]
	at org.apache.hadoop.ozone.protocolPB.OzoneManagerRequestHandler.getOzoneFileStatus(OzoneManagerRequestHandler.java:971) ~[ozone-manager-1.4.0-SNAPSHOT.jar:?]
	at org.apache.hadoop.ozone.protocolPB.OzoneManagerRequestHandler.handleReadRequest(OzoneManagerRequestHandler.java:250) ~[ozone-manager-1.4.0-SNAPSHOT.jar:?]
	at org.apache.hadoop.ozone.protocolPB.OzoneManagerProtocolServerSideTranslatorPB.submitReadRequestToOM(OzoneManagerProtocolServerSideTranslatorPB.java:225) ~[ozone-manager-1.4.0-SNAPSHOT.jar:?]
	at org.apache.hadoop.ozone.protocolPB.OzoneManagerProtocolServerSideTranslatorPB.processRequest(OzoneManagerProtocolServerSideTranslatorPB.java:179) ~[ozone-manager-1.4.0-SNAPSHOT.jar:?]
	at org.apache.hadoop.hdds.server.OzoneProtocolMessageDispatcher.processRequest(OzoneProtocolMessageDispatcher.java:87) [hdds-server-framework-1.4.0-SNAPSHOT.jar:?]
	at org.apache.hadoop.ozone.protocolPB.OzoneManagerProtocolServerSideTranslatorPB.submitRequest(OzoneManagerProtocolServerSideTranslatorPB.java:148) [ozone-manager-1.4.0-SNAPSHOT.jar:?]
	at org.apache.hadoop.ozone.protocol.proto.OzoneManagerProtocolProtos$OzoneManagerService$2.callBlockingMethod(OzoneManagerProtocolProtos.java) [ozone-interface-client-1.4.0-SNAPSHOT.jar:?]
	at org.apache.hadoop.ipc.ProtobufRpcEngine$Server.processCall(ProtobufRpcEngine.java:484) [hadoop-common-3.3.6.jar:?]
	at org.apache.hadoop.ipc.ProtobufRpcEngine2$Server$ProtoBufRpcInvoker.call(ProtobufRpcEngine2.java:595) [hadoop-common-3.3.6.jar:?]
	at org.apache.hadoop.ipc.ProtobufRpcEngine2$Server$ProtoBufRpcInvoker.call(ProtobufRpcEngine2.java:573) [hadoop-common-3.3.6.jar:?]
	at org.apache.hadoop.ipc.RPC$Server.call(RPC.java:1227) [hadoop-common-3.3.6.jar:?]
	at org.apache.hadoop.ipc.Server$RpcCall.run(Server.java:1094) [hadoop-common-3.3.6.jar:?]
	at org.apache.hadoop.ipc.Server$RpcCall.run(Server.java:1017) [hadoop-common-3.3.6.jar:?]
	at java.security.AccessController.doPrivileged(Native Method) ~[?:1.8.0_382]
	at javax.security.auth.Subject.doAs(Subject.java:422) [?:1.8.0_382]
	at org.apache.hadoop.security.UserGroupInformation.doAs(UserGroupInformation.java:1899) [hadoop-common-3.3.6.jar:?]
	at org.apache.hadoop.ipc.Server$Handler.run(Server.java:3048) [hadoop-common-3.3.6.jar:?]
02:04:08.148 [IPC Server handler 3 on default port 15004] ERROR OMAudit - user=runner | ip=127.0.0.1 | op=GET_FILE_STATUS {volume=volume43289, bucket=bucket29045, key=gdir1/dir7/child, dataSize=0, replicationConfig=null} | ret=FAILURE
org.apache.hadoop.ozone.om.exceptions.OMException: Unable to get file status: volume: volume43289 bucket: bucket29045 key: gdir1/dir7/child
	at org.apache.hadoop.ozone.om.KeyManagerImpl.getOzoneFileStatus(KeyManagerImpl.java:1195) ~[ozone-manager-1.4.0-SNAPSHOT.jar:?]
	at org.apache.hadoop.ozone.om.KeyManagerImpl.getFileStatus(KeyManagerImpl.java:1113) ~[ozone-manager-1.4.0-SNAPSHOT.jar:?]
	at org.apache.hadoop.ozone.om.OmMetadataReader.getFileStatus(OmMetadataReader.java:262) ~[ozone-manager-1.4.0-SNAPSHOT.jar:?]
	at org.apache.hadoop.ozone.om.OzoneManager.getFileStatus(OzoneManager.java:3533) ~[ozone-manager-1.4.0-SNAPSHOT.jar:?]
	at org.apache.hadoop.ozone.protocolPB.OzoneManagerRequestHandler.getOzoneFileStatus(OzoneManagerRequestHandler.java:971) ~[ozone-manager-1.4.0-SNAPSHOT.jar:?]
	at org.apache.hadoop.ozone.protocolPB.OzoneManagerRequestHandler.handleReadRequest(OzoneManagerRequestHandler.java:250) ~[ozone-manager-1.4.0-SNAPSHOT.jar:?]
	at org.apache.hadoop.ozone.protocolPB.OzoneManagerProtocolServerSideTranslatorPB.submitReadRequestToOM(OzoneManagerProtocolServerSideTranslatorPB.java:225) ~[ozone-manager-1.4.0-SNAPSHOT.jar:?]
	at org.apache.hadoop.ozone.protocolPB.OzoneManagerProtocolServerSideTranslatorPB.processRequest(OzoneManagerProtocolServerSideTranslatorPB.java:179) ~[ozone-manager-1.4.0-SNAPSHOT.jar:?]
	at org.apache.hadoop.hdds.server.OzoneProtocolMessageDispatcher.processRequest(OzoneProtocolMessageDispatcher.java:87) [hdds-server-framework-1.4.0-SNAPSHOT.jar:?]
	at org.apache.hadoop.ozone.protocolPB.OzoneManagerProtocolServerSideTranslatorPB.submitRequest(OzoneManagerProtocolServerSideTranslatorPB.java:148) [ozone-manager-1.4.0-SNAPSHOT.jar:?]
	at org.apache.hadoop.ozone.protocol.proto.OzoneManagerProtocolProtos$OzoneManagerService$2.callBlockingMethod(OzoneManagerProtocolProtos.java) [ozone-interface-client-1.4.0-SNAPSHOT.jar:?]
	at org.apache.hadoop.ipc.ProtobufRpcEngine$Server.processCall(ProtobufRpcEngine.java:484) [hadoop-common-3.3.6.jar:?]
	at org.apache.hadoop.ipc.ProtobufRpcEngine2$Server$ProtoBufRpcInvoker.call(ProtobufRpcEngine2.java:595) [hadoop-common-3.3.6.jar:?]
	at org.apache.hadoop.ipc.ProtobufRpcEngine2$Server$ProtoBufRpcInvoker.call(ProtobufRpcEngine2.java:573) [hadoop-common-3.3.6.jar:?]
	at org.apache.hadoop.ipc.RPC$Server.call(RPC.java:1227) [hadoop-common-3.3.6.jar:?]
	at org.apache.hadoop.ipc.Server$RpcCall.run(Server.java:1094) [hadoop-common-3.3.6.jar:?]
	at org.apache.hadoop.ipc.Server$RpcCall.run(Server.java:1017) [hadoop-common-3.3.6.jar:?]
	at java.security.AccessController.doPrivileged(Native Method) ~[?:1.8.0_382]
	at javax.security.auth.Subject.doAs(Subject.java:422) [?:1.8.0_382]
	at org.apache.hadoop.security.UserGroupInformation.doAs(UserGroupInformation.java:1899) [hadoop-common-3.3.6.jar:?]
	at org.apache.hadoop.ipc.Server$Handler.run(Server.java:3048) [hadoop-common-3.3.6.jar:?]
02:04:08.150 [IPC Server handler 5 on default port 15004] ERROR OMAudit - user=runner | ip=127.0.0.1 | op=GET_FILE_STATUS {volume=volume43289, bucket=bucket29045, key=gdir1/dir8, dataSize=0, replicationConfig=null} | ret=FAILURE
org.apache.hadoop.ozone.om.exceptions.OMException: Unable to get file status: volume: volume43289 bucket: bucket29045 key: gdir1/dir8
	at org.apache.hadoop.ozone.om.KeyManagerImpl.getOzoneFileStatus(KeyManagerImpl.java:1195) ~[ozone-manager-1.4.0-SNAPSHOT.jar:?]
	at org.apache.hadoop.ozone.om.KeyManagerImpl.getFileStatus(KeyManagerImpl.java:1113) ~[ozone-manager-1.4.0-SNAPSHOT.jar:?]
	at org.apache.hadoop.ozone.om.OmMetadataReader.getFileStatus(OmMetadataReader.java:262) ~[ozone-manager-1.4.0-SNAPSHOT.jar:?]
	at org.apache.hadoop.ozone.om.OzoneManager.getFileStatus(OzoneManager.java:3533) ~[ozone-manager-1.4.0-SNAPSHOT.jar:?]
	at org.apache.hadoop.ozone.protocolPB.OzoneManagerRequestHandler.getOzoneFileStatus(OzoneManagerRequestHandler.java:971) ~[ozone-manager-1.4.0-SNAPSHOT.jar:?]
	at org.apache.hadoop.ozone.protocolPB.OzoneManagerRequestHandler.handleReadRequest(OzoneManagerRequestHandler.java:250) ~[ozone-manager-1.4.0-SNAPSHOT.jar:?]
	at org.apache.hadoop.ozone.protocolPB.OzoneManagerProtocolServerSideTranslatorPB.submitReadRequestToOM(OzoneManagerProtocolServerSideTranslatorPB.java:225) ~[ozone-manager-1.4.0-SNAPSHOT.jar:?]
	at org.apache.hadoop.ozone.protocolPB.OzoneManagerProtocolServerSideTranslatorPB.processRequest(OzoneManagerProtocolServerSideTranslatorPB.java:179) ~[ozone-manager-1.4.0-SNAPSHOT.jar:?]
	at org.apache.hadoop.hdds.server.OzoneProtocolMessageDispatcher.processRequest(OzoneProtocolMessageDispatcher.java:87) [hdds-server-framework-1.4.0-SNAPSHOT.jar:?]
	at org.apache.hadoop.ozone.protocolPB.OzoneManagerProtocolServerSideTranslatorPB.submitRequest(OzoneManagerProtocolServerSideTranslatorPB.java:148) [ozone-manager-1.4.0-SNAPSHOT.jar:?]
	at org.apache.hadoop.ozone.protocol.proto.OzoneManagerProtocolProtos$OzoneManagerService$2.callBlockingMethod(OzoneManagerProtocolProtos.java) [ozone-interface-client-1.4.0-SNAPSHOT.jar:?]
	at org.apache.hadoop.ipc.ProtobufRpcEngine$Server.processCall(ProtobufRpcEngine.java:484) [hadoop-common-3.3.6.jar:?]
	at org.apache.hadoop.ipc.ProtobufRpcEngine2$Server$ProtoBufRpcInvoker.call(ProtobufRpcEngine2.java:595) [hadoop-common-3.3.6.jar:?]
	at org.apache.hadoop.ipc.ProtobufRpcEngine2$Server$ProtoBufRpcInvoker.call(ProtobufRpcEngine2.java:573) [hadoop-common-3.3.6.jar:?]
	at org.apache.hadoop.ipc.RPC$Server.call(RPC.java:1227) [hadoop-common-3.3.6.jar:?]
	at org.apache.hadoop.ipc.Server$RpcCall.run(Server.java:1094) [hadoop-common-3.3.6.jar:?]
	at org.apache.hadoop.ipc.Server$RpcCall.run(Server.java:1017) [hadoop-common-3.3.6.jar:?]
	at java.security.AccessController.doPrivileged(Native Method) ~[?:1.8.0_382]
	at javax.security.auth.Subject.doAs(Subject.java:422) [?:1.8.0_382]
	at org.apache.hadoop.security.UserGroupInformation.doAs(UserGroupInformation.java:1899) [hadoop-common-3.3.6.jar:?]
	at org.apache.hadoop.ipc.Server$Handler.run(Server.java:3048) [hadoop-common-3.3.6.jar:?]
02:04:08.153 [IPC Server handler 6 on default port 15004] ERROR OMAudit - user=runner | ip=127.0.0.1 | op=GET_FILE_STATUS {volume=volume43289, bucket=bucket29045, key=gdir1/dir8/child, dataSize=0, replicationConfig=null} | ret=FAILURE
org.apache.hadoop.ozone.om.exceptions.OMException: Unable to get file status: volume: volume43289 bucket: bucket29045 key: gdir1/dir8/child
	at org.apache.hadoop.ozone.om.KeyManagerImpl.getOzoneFileStatus(KeyManagerImpl.java:1195) ~[ozone-manager-1.4.0-SNAPSHOT.jar:?]
	at org.apache.hadoop.ozone.om.KeyManagerImpl.getFileStatus(KeyManagerImpl.java:1113) ~[ozone-manager-1.4.0-SNAPSHOT.jar:?]
	at org.apache.hadoop.ozone.om.OmMetadataReader.getFileStatus(OmMetadataReader.java:262) ~[ozone-manager-1.4.0-SNAPSHOT.jar:?]
	at org.apache.hadoop.ozone.om.OzoneManager.getFileStatus(OzoneManager.java:3533) ~[ozone-manager-1.4.0-SNAPSHOT.jar:?]
	at org.apache.hadoop.ozone.protocolPB.OzoneManagerRequestHandler.getOzoneFileStatus(OzoneManagerRequestHandler.java:971) ~[ozone-manager-1.4.0-SNAPSHOT.jar:?]
	at org.apache.hadoop.ozone.protocolPB.OzoneManagerRequestHandler.handleReadRequest(OzoneManagerRequestHandler.java:250) ~[ozone-manager-1.4.0-SNAPSHOT.jar:?]
	at org.apache.hadoop.ozone.protocolPB.OzoneManagerProtocolServerSideTranslatorPB.submitReadRequestToOM(OzoneManagerProtocolServerSideTranslatorPB.java:225) ~[ozone-manager-1.4.0-SNAPSHOT.jar:?]
	at org.apache.hadoop.ozone.protocolPB.OzoneManagerProtocolServerSideTranslatorPB.processRequest(OzoneManagerProtocolServerSideTranslatorPB.java:179) ~[ozone-manager-1.4.0-SNAPSHOT.jar:?]
	at org.apache.hadoop.hdds.server.OzoneProtocolMessageDispatcher.processRequest(OzoneProtocolMessageDispatcher.java:87) [hdds-server-framework-1.4.0-SNAPSHOT.jar:?]
	at org.apache.hadoop.ozone.protocolPB.OzoneManagerProtocolServerSideTranslatorPB.submitRequest(OzoneManagerProtocolServerSideTranslatorPB.java:148) [ozone-manager-1.4.0-SNAPSHOT.jar:?]
	at org.apache.hadoop.ozone.protocol.proto.OzoneManagerProtocolProtos$OzoneManagerService$2.callBlockingMethod(OzoneManagerProtocolProtos.java) [ozone-interface-client-1.4.0-SNAPSHOT.jar:?]
	at org.apache.hadoop.ipc.ProtobufRpcEngine$Server.processCall(ProtobufRpcEngine.java:484) [hadoop-common-3.3.6.jar:?]
	at org.apache.hadoop.ipc.ProtobufRpcEngine2$Server$ProtoBufRpcInvoker.call(ProtobufRpcEngine2.java:595) [hadoop-common-3.3.6.jar:?]
	at org.apache.hadoop.ipc.ProtobufRpcEngine2$Server$ProtoBufRpcInvoker.call(ProtobufRpcEngine2.java:573) [hadoop-common-3.3.6.jar:?]
	at org.apache.hadoop.ipc.RPC$Server.call(RPC.java:1227) [hadoop-common-3.3.6.jar:?]
	at org.apache.hadoop.ipc.Server$RpcCall.run(Server.java:1094) [hadoop-common-3.3.6.jar:?]
	at org.apache.hadoop.ipc.Server$RpcCall.run(Server.java:1017) [hadoop-common-3.3.6.jar:?]
	at java.security.AccessController.doPrivileged(Native Method) ~[?:1.8.0_382]
	at javax.security.auth.Subject.doAs(Subject.java:422) [?:1.8.0_382]
	at org.apache.hadoop.security.UserGroupInformation.doAs(UserGroupInformation.java:1899) [hadoop-common-3.3.6.jar:?]
	at org.apache.hadoop.ipc.Server$Handler.run(Server.java:3048) [hadoop-common-3.3.6.jar:?]
02:04:08.155 [IPC Server handler 12 on default port 15004] ERROR OMAudit - user=runner | ip=127.0.0.1 | op=GET_FILE_STATUS {volume=volume43289, bucket=bucket29045, key=gdir1/dir9, dataSize=0, replicationConfig=null} | ret=FAILURE
org.apache.hadoop.ozone.om.exceptions.OMException: Unable to get file status: volume: volume43289 bucket: bucket29045 key: gdir1/dir9
	at org.apache.hadoop.ozone.om.KeyManagerImpl.getOzoneFileStatus(KeyManagerImpl.java:1195) ~[ozone-manager-1.4.0-SNAPSHOT.jar:?]
	at org.apache.hadoop.ozone.om.KeyManagerImpl.getFileStatus(KeyManagerImpl.java:1113) ~[ozone-manager-1.4.0-SNAPSHOT.jar:?]
	at org.apache.hadoop.ozone.om.OmMetadataReader.getFileStatus(OmMetadataReader.java:262) ~[ozone-manager-1.4.0-SNAPSHOT.jar:?]
	at org.apache.hadoop.ozone.om.OzoneManager.getFileStatus(OzoneManager.java:3533) ~[ozone-manager-1.4.0-SNAPSHOT.jar:?]
	at org.apache.hadoop.ozone.protocolPB.OzoneManagerRequestHandler.getOzoneFileStatus(OzoneManagerRequestHandler.java:971) ~[ozone-manager-1.4.0-SNAPSHOT.jar:?]
	at org.apache.hadoop.ozone.protocolPB.OzoneManagerRequestHandler.handleReadRequest(OzoneManagerRequestHandler.java:250) ~[ozone-manager-1.4.0-SNAPSHOT.jar:?]
	at org.apache.hadoop.ozone.protocolPB.OzoneManagerProtocolServerSideTranslatorPB.submitReadRequestToOM(OzoneManagerProtocolServerSideTranslatorPB.java:225) ~[ozone-manager-1.4.0-SNAPSHOT.jar:?]
	at org.apache.hadoop.ozone.protocolPB.OzoneManagerProtocolServerSideTranslatorPB.processRequest(OzoneManagerProtocolServerSideTranslatorPB.java:179) ~[ozone-manager-1.4.0-SNAPSHOT.jar:?]
	at org.apache.hadoop.hdds.server.OzoneProtocolMessageDispatcher.processRequest(OzoneProtocolMessageDispatcher.java:87) [hdds-server-framework-1.4.0-SNAPSHOT.jar:?]
	at org.apache.hadoop.ozone.protocolPB.OzoneManagerProtocolServerSideTranslatorPB.submitRequest(OzoneManagerProtocolServerSideTranslatorPB.java:148) [ozone-manager-1.4.0-SNAPSHOT.jar:?]
	at org.apache.hadoop.ozone.protocol.proto.OzoneManagerProtocolProtos$OzoneManagerService$2.callBlockingMethod(OzoneManagerProtocolProtos.java) [ozone-interface-client-1.4.0-SNAPSHOT.jar:?]
	at org.apache.hadoop.ipc.ProtobufRpcEngine$Server.processCall(ProtobufRpcEngine.java:484) [hadoop-common-3.3.6.jar:?]
	at org.apache.hadoop.ipc.ProtobufRpcEngine2$Server$ProtoBufRpcInvoker.call(ProtobufRpcEngine2.java:595) [hadoop-common-3.3.6.jar:?]
	at org.apache.hadoop.ipc.ProtobufRpcEngine2$Server$ProtoBufRpcInvoker.call(ProtobufRpcEngine2.java:573) [hadoop-common-3.3.6.jar:?]
	at org.apache.hadoop.ipc.RPC$Server.call(RPC.java:1227) [hadoop-common-3.3.6.jar:?]
	at org.apache.hadoop.ipc.Server$RpcCall.run(Server.java:1094) [hadoop-common-3.3.6.jar:?]
	at org.apache.hadoop.ipc.Server$RpcCall.run(Server.java:1017) [hadoop-common-3.3.6.jar:?]
	at java.security.AccessController.doPrivileged(Native Method) ~[?:1.8.0_382]
	at javax.security.auth.Subject.doAs(Subject.java:422) [?:1.8.0_382]
	at org.apache.hadoop.security.UserGroupInformation.doAs(UserGroupInformation.java:1899) [hadoop-common-3.3.6.jar:?]
	at org.apache.hadoop.ipc.Server$Handler.run(Server.java:3048) [hadoop-common-3.3.6.jar:?]
02:04:08.156 [IPC Server handler 11 on default port 15004] ERROR OMAudit - user=runner | ip=127.0.0.1 | op=GET_FILE_STATUS {volume=volume43289, bucket=bucket29045, key=gdir1/dir9/child, dataSize=0, replicationConfig=null} | ret=FAILURE
org.apache.hadoop.ozone.om.exceptions.OMException: Unable to get file status: volume: volume43289 bucket: bucket29045 key: gdir1/dir9/child
	at org.apache.hadoop.ozone.om.KeyManagerImpl.getOzoneFileStatus(KeyManagerImpl.java:1195) ~[ozone-manager-1.4.0-SNAPSHOT.jar:?]
	at org.apache.hadoop.ozone.om.KeyManagerImpl.getFileStatus(KeyManagerImpl.java:1113) ~[ozone-manager-1.4.0-SNAPSHOT.jar:?]
	at org.apache.hadoop.ozone.om.OmMetadataReader.getFileStatus(OmMetadataReader.java:262) ~[ozone-manager-1.4.0-SNAPSHOT.jar:?]
	at org.apache.hadoop.ozone.om.OzoneManager.getFileStatus(OzoneManager.java:3533) ~[ozone-manager-1.4.0-SNAPSHOT.jar:?]
	at org.apache.hadoop.ozone.protocolPB.OzoneManagerRequestHandler.getOzoneFileStatus(OzoneManagerRequestHandler.java:971) ~[ozone-manager-1.4.0-SNAPSHOT.jar:?]
	at org.apache.hadoop.ozone.protocolPB.OzoneManagerRequestHandler.handleReadRequest(OzoneManagerRequestHandler.java:250) ~[ozone-manager-1.4.0-SNAPSHOT.jar:?]
	at org.apache.hadoop.ozone.protocolPB.OzoneManagerProtocolServerSideTranslatorPB.submitReadRequestToOM(OzoneManagerProtocolServerSideTranslatorPB.java:225) ~[ozone-manager-1.4.0-SNAPSHOT.jar:?]
	at org.apache.hadoop.ozone.protocolPB.OzoneManagerProtocolServerSideTranslatorPB.processRequest(OzoneManagerProtocolServerSideTranslatorPB.java:179) ~[ozone-manager-1.4.0-SNAPSHOT.jar:?]
	at org.apache.hadoop.hdds.server.OzoneProtocolMessageDispatcher.processRequest(OzoneProtocolMessageDispatcher.java:87) [hdds-server-framework-1.4.0-SNAPSHOT.jar:?]
	at org.apache.hadoop.ozone.protocolPB.OzoneManagerProtocolServerSideTranslatorPB.submitRequest(OzoneManagerProtocolServerSideTranslatorPB.java:148) [ozone-manager-1.4.0-SNAPSHOT.jar:?]
	at org.apache.hadoop.ozone.protocol.proto.OzoneManagerProtocolProtos$OzoneManagerService$2.callBlockingMethod(OzoneManagerProtocolProtos.java) [ozone-interface-client-1.4.0-SNAPSHOT.jar:?]
	at org.apache.hadoop.ipc.ProtobufRpcEngine$Server.processCall(ProtobufRpcEngine.java:484) [hadoop-common-3.3.6.jar:?]
	at org.apache.hadoop.ipc.ProtobufRpcEngine2$Server$ProtoBufRpcInvoker.call(ProtobufRpcEngine2.java:595) [hadoop-common-3.3.6.jar:?]
	at org.apache.hadoop.ipc.ProtobufRpcEngine2$Server$ProtoBufRpcInvoker.call(ProtobufRpcEngine2.java:573) [hadoop-common-3.3.6.jar:?]
	at org.apache.hadoop.ipc.RPC$Server.call(RPC.java:1227) [hadoop-common-3.3.6.jar:?]
	at org.apache.hadoop.ipc.Server$RpcCall.run(Server.java:1094) [hadoop-common-3.3.6.jar:?]
	at org.apache.hadoop.ipc.Server$RpcCall.run(Server.java:1017) [hadoop-common-3.3.6.jar:?]
	at java.security.AccessController.doPrivileged(Native Method) ~[?:1.8.0_382]
	at javax.security.auth.Subject.doAs(Subject.java:422) [?:1.8.0_382]
	at org.apache.hadoop.security.UserGroupInformation.doAs(UserGroupInformation.java:1899) [hadoop-common-3.3.6.jar:?]
	at org.apache.hadoop.ipc.Server$Handler.run(Server.java:3048) [hadoop-common-3.3.6.jar:?]
02:04:08.158 [IPC Server handler 15 on default port 15004] ERROR OMAudit - user=runner | ip=127.0.0.1 | op=GET_FILE_STATUS {volume=volume43289, bucket=bucket29045, key=gdir1/dir10, dataSize=0, replicationConfig=null} | ret=FAILURE
org.apache.hadoop.ozone.om.exceptions.OMException: Unable to get file status: volume: volume43289 bucket: bucket29045 key: gdir1/dir10
	at org.apache.hadoop.ozone.om.KeyManagerImpl.getOzoneFileStatus(KeyManagerImpl.java:1195) ~[ozone-manager-1.4.0-SNAPSHOT.jar:?]
	at org.apache.hadoop.ozone.om.KeyManagerImpl.getFileStatus(KeyManagerImpl.java:1113) ~[ozone-manager-1.4.0-SNAPSHOT.jar:?]
	at org.apache.hadoop.ozone.om.OmMetadataReader.getFileStatus(OmMetadataReader.java:262) ~[ozone-manager-1.4.0-SNAPSHOT.jar:?]
	at org.apache.hadoop.ozone.om.OzoneManager.getFileStatus(OzoneManager.java:3533) ~[ozone-manager-1.4.0-SNAPSHOT.jar:?]
	at org.apache.hadoop.ozone.protocolPB.OzoneManagerRequestHandler.getOzoneFileStatus(OzoneManagerRequestHandler.java:971) ~[ozone-manager-1.4.0-SNAPSHOT.jar:?]
	at org.apache.hadoop.ozone.protocolPB.OzoneManagerRequestHandler.handleReadRequest(OzoneManagerRequestHandler.java:250) ~[ozone-manager-1.4.0-SNAPSHOT.jar:?]
	at org.apache.hadoop.ozone.protocolPB.OzoneManagerProtocolServerSideTranslatorPB.submitReadRequestToOM(OzoneManagerProtocolServerSideTranslatorPB.java:225) ~[ozone-manager-1.4.0-SNAPSHOT.jar:?]
	at org.apache.hadoop.ozone.protocolPB.OzoneManagerProtocolServerSideTranslatorPB.processRequest(OzoneManagerProtocolServerSideTranslatorPB.java:179) ~[ozone-manager-1.4.0-SNAPSHOT.jar:?]
	at org.apache.hadoop.hdds.server.OzoneProtocolMessageDispatcher.processRequest(OzoneProtocolMessageDispatcher.java:87) [hdds-server-framework-1.4.0-SNAPSHOT.jar:?]
	at org.apache.hadoop.ozone.protocolPB.OzoneManagerProtocolServerSideTranslatorPB.submitRequest(OzoneManagerProtocolServerSideTranslatorPB.java:148) [ozone-manager-1.4.0-SNAPSHOT.jar:?]
	at org.apache.hadoop.ozone.protocol.proto.OzoneManagerProtocolProtos$OzoneManagerService$2.callBlockingMethod(OzoneManagerProtocolProtos.java) [ozone-interface-client-1.4.0-SNAPSHOT.jar:?]
	at org.apache.hadoop.ipc.ProtobufRpcEngine$Server.processCall(ProtobufRpcEngine.java:484) [hadoop-common-3.3.6.jar:?]
	at org.apache.hadoop.ipc.ProtobufRpcEngine2$Server$ProtoBufRpcInvoker.call(ProtobufRpcEngine2.java:595) [hadoop-common-3.3.6.jar:?]
	at org.apache.hadoop.ipc.ProtobufRpcEngine2$Server$ProtoBufRpcInvoker.call(ProtobufRpcEngine2.java:573) [hadoop-common-3.3.6.jar:?]
	at org.apache.hadoop.ipc.RPC$Server.call(RPC.java:1227) [hadoop-common-3.3.6.jar:?]
	at org.apache.hadoop.ipc.Server$RpcCall.run(Server.java:1094) [hadoop-common-3.3.6.jar:?]
	at org.apache.hadoop.ipc.Server$RpcCall.run(Server.java:1017) [hadoop-common-3.3.6.jar:?]
	at java.security.AccessController.doPrivileged(Native Method) ~[?:1.8.0_382]
	at javax.security.auth.Subject.doAs(Subject.java:422) [?:1.8.0_382]
	at org.apache.hadoop.security.UserGroupInformation.doAs(UserGroupInformation.java:1899) [hadoop-common-3.3.6.jar:?]
	at org.apache.hadoop.ipc.Server$Handler.run(Server.java:3048) [hadoop-common-3.3.6.jar:?]
02:04:08.159 [IPC Server handler 16 on default port 15004] ERROR OMAudit - user=runner | ip=127.0.0.1 | op=GET_FILE_STATUS {volume=volume43289, bucket=bucket29045, key=gdir1/dir10/child, dataSize=0, replicationConfig=null} | ret=FAILURE
org.apache.hadoop.ozone.om.exceptions.OMException: Unable to get file status: volume: volume43289 bucket: bucket29045 key: gdir1/dir10/child
	at org.apache.hadoop.ozone.om.KeyManagerImpl.getOzoneFileStatus(KeyManagerImpl.java:1195) ~[ozone-manager-1.4.0-SNAPSHOT.jar:?]
	at org.apache.hadoop.ozone.om.KeyManagerImpl.getFileStatus(KeyManagerImpl.java:1113) ~[ozone-manager-1.4.0-SNAPSHOT.jar:?]
	at org.apache.hadoop.ozone.om.OmMetadataReader.getFileStatus(OmMetadataReader.java:262) ~[ozone-manager-1.4.0-SNAPSHOT.jar:?]
	at org.apache.hadoop.ozone.om.OzoneManager.getFileStatus(OzoneManager.java:3533) ~[ozone-manager-1.4.0-SNAPSHOT.jar:?]
	at org.apache.hadoop.ozone.protocolPB.OzoneManagerRequestHandler.getOzoneFileStatus(OzoneManagerRequestHandler.java:971) ~[ozone-manager-1.4.0-SNAPSHOT.jar:?]
	at org.apache.hadoop.ozone.protocolPB.OzoneManagerRequestHandler.handleReadRequest(OzoneManagerRequestHandler.java:250) ~[ozone-manager-1.4.0-SNAPSHOT.jar:?]
	at org.apache.hadoop.ozone.protocolPB.OzoneManagerProtocolServerSideTranslatorPB.submitReadRequestToOM(OzoneManagerProtocolServerSideTranslatorPB.java:225) ~[ozone-manager-1.4.0-SNAPSHOT.jar:?]
	at org.apache.hadoop.ozone.protocolPB.OzoneManagerProtocolServerSideTranslatorPB.processRequest(OzoneManagerProtocolServerSideTranslatorPB.java:179) ~[ozone-manager-1.4.0-SNAPSHOT.jar:?]
	at org.apache.hadoop.hdds.server.OzoneProtocolMessageDispatcher.processRequest(OzoneProtocolMessageDispatcher.java:87) [hdds-server-framework-1.4.0-SNAPSHOT.jar:?]
	at org.apache.hadoop.ozone.protocolPB.OzoneManagerProtocolServerSideTranslatorPB.submitRequest(OzoneManagerProtocolServerSideTranslatorPB.java:148) [ozone-manager-1.4.0-SNAPSHOT.jar:?]
	at org.apache.hadoop.ozone.protocol.proto.OzoneManagerProtocolProtos$OzoneManagerService$2.callBlockingMethod(OzoneManagerProtocolProtos.java) [ozone-interface-client-1.4.0-SNAPSHOT.jar:?]
	at org.apache.hadoop.ipc.ProtobufRpcEngine$Server.processCall(ProtobufRpcEngine.java:484) [hadoop-common-3.3.6.jar:?]
	at org.apache.hadoop.ipc.ProtobufRpcEngine2$Server$ProtoBufRpcInvoker.call(ProtobufRpcEngine2.java:595) [hadoop-common-3.3.6.jar:?]
	at org.apache.hadoop.ipc.ProtobufRpcEngine2$Server$ProtoBufRpcInvoker.call(ProtobufRpcEngine2.java:573) [hadoop-common-3.3.6.jar:?]
	at org.apache.hadoop.ipc.RPC$Server.call(RPC.java:1227) [hadoop-common-3.3.6.jar:?]
	at org.apache.hadoop.ipc.Server$RpcCall.run(Server.java:1094) [hadoop-common-3.3.6.jar:?]
	at org.apache.hadoop.ipc.Server$RpcCall.run(Server.java:1017) [hadoop-common-3.3.6.jar:?]
	at java.security.AccessController.doPrivileged(Native Method) ~[?:1.8.0_382]
	at javax.security.auth.Subject.doAs(Subject.java:422) [?:1.8.0_382]
	at org.apache.hadoop.security.UserGroupInformation.doAs(UserGroupInformation.java:1899) [hadoop-common-3.3.6.jar:?]
	at org.apache.hadoop.ipc.Server$Handler.run(Server.java:3048) [hadoop-common-3.3.6.jar:?]
02:04:08.312 [IPC Server handler 3 on default port 15004] ERROR OMAudit - user=runner | ip=127.0.0.1 | op=GET_FILE_STATUS {volume=volume43289, bucket=bucket29045, key=level0, dataSize=0, replicationConfig=null} | ret=FAILURE
org.apache.hadoop.ozone.om.exceptions.OMException: Unable to get file status: volume: volume43289 bucket: bucket29045 key: level0
	at org.apache.hadoop.ozone.om.KeyManagerImpl.getOzoneFileStatus(KeyManagerImpl.java:1195) ~[ozone-manager-1.4.0-SNAPSHOT.jar:?]
	at org.apache.hadoop.ozone.om.KeyManagerImpl.getFileStatus(KeyManagerImpl.java:1113) ~[ozone-manager-1.4.0-SNAPSHOT.jar:?]
	at org.apache.hadoop.ozone.om.OmMetadataReader.getFileStatus(OmMetadataReader.java:262) ~[ozone-manager-1.4.0-SNAPSHOT.jar:?]
	at org.apache.hadoop.ozone.om.OzoneManager.getFileStatus(OzoneManager.java:3533) ~[ozone-manager-1.4.0-SNAPSHOT.jar:?]
	at org.apache.hadoop.ozone.protocolPB.OzoneManagerRequestHandler.getOzoneFileStatus(OzoneManagerRequestHandler.java:971) ~[ozone-manager-1.4.0-SNAPSHOT.jar:?]
	at org.apache.hadoop.ozone.protocolPB.OzoneManagerRequestHandler.handleReadRequest(OzoneManagerRequestHandler.java:250) ~[ozone-manager-1.4.0-SNAPSHOT.jar:?]
	at org.apache.hadoop.ozone.protocolPB.OzoneManagerProtocolServerSideTranslatorPB.submitReadRequestToOM(OzoneManagerProtocolServerSideTranslatorPB.java:225) ~[ozone-manager-1.4.0-SNAPSHOT.jar:?]
	at org.apache.hadoop.ozone.protocolPB.OzoneManagerProtocolServerSideTranslatorPB.processRequest(OzoneManagerProtocolServerSideTranslatorPB.java:179) ~[ozone-manager-1.4.0-SNAPSHOT.jar:?]
	at org.apache.hadoop.hdds.server.OzoneProtocolMessageDispatcher.processRequest(OzoneProtocolMessageDispatcher.java:87) [hdds-server-framework-1.4.0-SNAPSHOT.jar:?]
	at org.apache.hadoop.ozone.protocolPB.OzoneManagerProtocolServerSideTranslatorPB.submitRequest(OzoneManagerProtocolServerSideTranslatorPB.java:148) [ozone-manager-1.4.0-SNAPSHOT.jar:?]
	at org.apache.hadoop.ozone.protocol.proto.OzoneManagerProtocolProtos$OzoneManagerService$2.callBlockingMethod(OzoneManagerProtocolProtos.java) [ozone-interface-client-1.4.0-SNAPSHOT.jar:?]
	at org.apache.hadoop.ipc.ProtobufRpcEngine$Server.processCall(ProtobufRpcEngine.java:484) [hadoop-common-3.3.6.jar:?]
	at org.apache.hadoop.ipc.ProtobufRpcEngine2$Server$ProtoBufRpcInvoker.call(ProtobufRpcEngine2.java:595) [hadoop-common-3.3.6.jar:?]
	at org.apache.hadoop.ipc.ProtobufRpcEngine2$Server$ProtoBufRpcInvoker.call(ProtobufRpcEngine2.java:573) [hadoop-common-3.3.6.jar:?]
	at org.apache.hadoop.ipc.RPC$Server.call(RPC.java:1227) [hadoop-common-3.3.6.jar:?]
	at org.apache.hadoop.ipc.Server$RpcCall.run(Server.java:1094) [hadoop-common-3.3.6.jar:?]
	at org.apache.hadoop.ipc.Server$RpcCall.run(Server.java:1017) [hadoop-common-3.3.6.jar:?]
	at java.security.AccessController.doPrivileged(Native Method) ~[?:1.8.0_382]
	at javax.security.auth.Subject.doAs(Subject.java:422) [?:1.8.0_382]
	at org.apache.hadoop.security.UserGroupInformation.doAs(UserGroupInformation.java:1899) [hadoop-common-3.3.6.jar:?]
	at org.apache.hadoop.ipc.Server$Handler.run(Server.java:3048) [hadoop-common-3.3.6.jar:?]
02:04:08.314 [IPC Server handler 5 on default port 15004] ERROR OMAudit - user=runner | ip=127.0.0.1 | op=GET_FILE_STATUS {volume=volume43289, bucket=bucket29045, key=level0/level1, dataSize=0, replicationConfig=null} | ret=FAILURE
org.apache.hadoop.ozone.om.exceptions.OMException: Unable to get file status: volume: volume43289 bucket: bucket29045 key: level0/level1
	at org.apache.hadoop.ozone.om.KeyManagerImpl.getOzoneFileStatus(KeyManagerImpl.java:1195) ~[ozone-manager-1.4.0-SNAPSHOT.jar:?]
	at org.apache.hadoop.ozone.om.KeyManagerImpl.getFileStatus(KeyManagerImpl.java:1113) ~[ozone-manager-1.4.0-SNAPSHOT.jar:?]
	at org.apache.hadoop.ozone.om.OmMetadataReader.getFileStatus(OmMetadataReader.java:262) ~[ozone-manager-1.4.0-SNAPSHOT.jar:?]
	at org.apache.hadoop.ozone.om.OzoneManager.getFileStatus(OzoneManager.java:3533) ~[ozone-manager-1.4.0-SNAPSHOT.jar:?]
	at org.apache.hadoop.ozone.protocolPB.OzoneManagerRequestHandler.getOzoneFileStatus(OzoneManagerRequestHandler.java:971) ~[ozone-manager-1.4.0-SNAPSHOT.jar:?]
	at org.apache.hadoop.ozone.protocolPB.OzoneManagerRequestHandler.handleReadRequest(OzoneManagerRequestHandler.java:250) ~[ozone-manager-1.4.0-SNAPSHOT.jar:?]
	at org.apache.hadoop.ozone.protocolPB.OzoneManagerProtocolServerSideTranslatorPB.submitReadRequestToOM(OzoneManagerProtocolServerSideTranslatorPB.java:225) ~[ozone-manager-1.4.0-SNAPSHOT.jar:?]
	at org.apache.hadoop.ozone.protocolPB.OzoneManagerProtocolServerSideTranslatorPB.processRequest(OzoneManagerProtocolServerSideTranslatorPB.java:179) ~[ozone-manager-1.4.0-SNAPSHOT.jar:?]
	at org.apache.hadoop.hdds.server.OzoneProtocolMessageDispatcher.processRequest(OzoneProtocolMessageDispatcher.java:87) [hdds-server-framework-1.4.0-SNAPSHOT.jar:?]
	at org.apache.hadoop.ozone.protocolPB.OzoneManagerProtocolServerSideTranslatorPB.submitRequest(OzoneManagerProtocolServerSideTranslatorPB.java:148) [ozone-manager-1.4.0-SNAPSHOT.jar:?]
	at org.apache.hadoop.ozone.protocol.proto.OzoneManagerProtocolProtos$OzoneManagerService$2.callBlockingMethod(OzoneManagerProtocolProtos.java) [ozone-interface-client-1.4.0-SNAPSHOT.jar:?]
	at org.apache.hadoop.ipc.ProtobufRpcEngine$Server.processCall(ProtobufRpcEngine.java:484) [hadoop-common-3.3.6.jar:?]
	at org.apache.hadoop.ipc.ProtobufRpcEngine2$Server$ProtoBufRpcInvoker.call(ProtobufRpcEngine2.java:595) [hadoop-common-3.3.6.jar:?]
	at org.apache.hadoop.ipc.ProtobufRpcEngine2$Server$ProtoBufRpcInvoker.call(ProtobufRpcEngine2.java:573) [hadoop-common-3.3.6.jar:?]
	at org.apache.hadoop.ipc.RPC$Server.call(RPC.java:1227) [hadoop-common-3.3.6.jar:?]
	at org.apache.hadoop.ipc.Server$RpcCall.run(Server.java:1094) [hadoop-common-3.3.6.jar:?]
	at org.apache.hadoop.ipc.Server$RpcCall.run(Server.java:1017) [hadoop-common-3.3.6.jar:?]
	at java.security.AccessController.doPrivileged(Native Method) ~[?:1.8.0_382]
	at javax.security.auth.Subject.doAs(Subject.java:422) [?:1.8.0_382]
	at org.apache.hadoop.security.UserGroupInformation.doAs(UserGroupInformation.java:1899) [hadoop-common-3.3.6.jar:?]
	at org.apache.hadoop.ipc.Server$Handler.run(Server.java:3048) [hadoop-common-3.3.6.jar:?]
02:04:08.316 [IPC Server handler 6 on default port 15004] ERROR OMAudit - user=runner | ip=127.0.0.1 | op=GET_FILE_STATUS {volume=volume43289, bucket=bucket29045, key=level0/level1/level1, dataSize=0, replicationConfig=null} | ret=FAILURE
org.apache.hadoop.ozone.om.exceptions.OMException: Unable to get file status: volume: volume43289 bucket: bucket29045 key: level0/level1/level1
	at org.apache.hadoop.ozone.om.KeyManagerImpl.getOzoneFileStatus(KeyManagerImpl.java:1195) ~[ozone-manager-1.4.0-SNAPSHOT.jar:?]
	at org.apache.hadoop.ozone.om.KeyManagerImpl.getFileStatus(KeyManagerImpl.java:1113) ~[ozone-manager-1.4.0-SNAPSHOT.jar:?]
	at org.apache.hadoop.ozone.om.OmMetadataReader.getFileStatus(OmMetadataReader.java:262) ~[ozone-manager-1.4.0-SNAPSHOT.jar:?]
	at org.apache.hadoop.ozone.om.OzoneManager.getFileStatus(OzoneManager.java:3533) ~[ozone-manager-1.4.0-SNAPSHOT.jar:?]
	at org.apache.hadoop.ozone.protocolPB.OzoneManagerRequestHandler.getOzoneFileStatus(OzoneManagerRequestHandler.java:971) ~[ozone-manager-1.4.0-SNAPSHOT.jar:?]
	at org.apache.hadoop.ozone.protocolPB.OzoneManagerRequestHandler.handleReadRequest(OzoneManagerRequestHandler.java:250) ~[ozone-manager-1.4.0-SNAPSHOT.jar:?]
	at org.apache.hadoop.ozone.protocolPB.OzoneManagerProtocolServerSideTranslatorPB.submitReadRequestToOM(OzoneManagerProtocolServerSideTranslatorPB.java:225) ~[ozone-manager-1.4.0-SNAPSHOT.jar:?]
	at org.apache.hadoop.ozone.protocolPB.OzoneManagerProtocolServerSideTranslatorPB.processRequest(OzoneManagerProtocolServerSideTranslatorPB.java:179) ~[ozone-manager-1.4.0-SNAPSHOT.jar:?]
	at org.apache.hadoop.hdds.server.OzoneProtocolMessageDispatcher.processRequest(OzoneProtocolMessageDispatcher.java:87) [hdds-server-framework-1.4.0-SNAPSHOT.jar:?]
	at org.apache.hadoop.ozone.protocolPB.OzoneManagerProtocolServerSideTranslatorPB.submitRequest(OzoneManagerProtocolServerSideTranslatorPB.java:148) [ozone-manager-1.4.0-SNAPSHOT.jar:?]
	at org.apache.hadoop.ozone.protocol.proto.OzoneManagerProtocolProtos$OzoneManagerService$2.callBlockingMethod(OzoneManagerProtocolProtos.java) [ozone-interface-client-1.4.0-SNAPSHOT.jar:?]
	at org.apache.hadoop.ipc.ProtobufRpcEngine$Server.processCall(ProtobufRpcEngine.java:484) [hadoop-common-3.3.6.jar:?]
	at org.apache.hadoop.ipc.ProtobufRpcEngine2$Server$ProtoBufRpcInvoker.call(ProtobufRpcEngine2.java:595) [hadoop-common-3.3.6.jar:?]
	at org.apache.hadoop.ipc.ProtobufRpcEngine2$Server$ProtoBufRpcInvoker.call(ProtobufRpcEngine2.java:573) [hadoop-common-3.3.6.jar:?]
	at org.apache.hadoop.ipc.RPC$Server.call(RPC.java:1227) [hadoop-common-3.3.6.jar:?]
	at org.apache.hadoop.ipc.Server$RpcCall.run(Server.java:1094) [hadoop-common-3.3.6.jar:?]
	at org.apache.hadoop.ipc.Server$RpcCall.run(Server.java:1017) [hadoop-common-3.3.6.jar:?]
	at java.security.AccessController.doPrivileged(Native Method) ~[?:1.8.0_382]
	at javax.security.auth.Subject.doAs(Subject.java:422) [?:1.8.0_382]
	at org.apache.hadoop.security.UserGroupInformation.doAs(UserGroupInformation.java:1899) [hadoop-common-3.3.6.jar:?]
	at org.apache.hadoop.ipc.Server$Handler.run(Server.java:3048) [hadoop-common-3.3.6.jar:?]
02:04:08.318 [IPC Server handler 12 on default port 15004] ERROR OMAudit - user=runner | ip=127.0.0.1 | op=GET_FILE_STATUS {volume=volume43289, bucket=bucket29045, key=level0/level1/file1, dataSize=0, replicationConfig=null} | ret=FAILURE
org.apache.hadoop.ozone.om.exceptions.OMException: Unable to get file status: volume: volume43289 bucket: bucket29045 key: level0/level1/file1
	at org.apache.hadoop.ozone.om.KeyManagerImpl.getOzoneFileStatus(KeyManagerImpl.java:1195) ~[ozone-manager-1.4.0-SNAPSHOT.jar:?]
	at org.apache.hadoop.ozone.om.KeyManagerImpl.getFileStatus(KeyManagerImpl.java:1113) ~[ozone-manager-1.4.0-SNAPSHOT.jar:?]
	at org.apache.hadoop.ozone.om.OmMetadataReader.getFileStatus(OmMetadataReader.java:262) ~[ozone-manager-1.4.0-SNAPSHOT.jar:?]
	at org.apache.hadoop.ozone.om.OzoneManager.getFileStatus(OzoneManager.java:3533) ~[ozone-manager-1.4.0-SNAPSHOT.jar:?]
	at org.apache.hadoop.ozone.protocolPB.OzoneManagerRequestHandler.getOzoneFileStatus(OzoneManagerRequestHandler.java:971) ~[ozone-manager-1.4.0-SNAPSHOT.jar:?]
	at org.apache.hadoop.ozone.protocolPB.OzoneManagerRequestHandler.handleReadRequest(OzoneManagerRequestHandler.java:250) ~[ozone-manager-1.4.0-SNAPSHOT.jar:?]
	at org.apache.hadoop.ozone.protocolPB.OzoneManagerProtocolServerSideTranslatorPB.submitReadRequestToOM(OzoneManagerProtocolServerSideTranslatorPB.java:225) ~[ozone-manager-1.4.0-SNAPSHOT.jar:?]
	at org.apache.hadoop.ozone.protocolPB.OzoneManagerProtocolServerSideTranslatorPB.processRequest(OzoneManagerProtocolServerSideTranslatorPB.java:179) ~[ozone-manager-1.4.0-SNAPSHOT.jar:?]
	at org.apache.hadoop.hdds.server.OzoneProtocolMessageDispatcher.processRequest(OzoneProtocolMessageDispatcher.java:87) [hdds-server-framework-1.4.0-SNAPSHOT.jar:?]
	at org.apache.hadoop.ozone.protocolPB.OzoneManagerProtocolServerSideTranslatorPB.submitRequest(OzoneManagerProtocolServerSideTranslatorPB.java:148) [ozone-manager-1.4.0-SNAPSHOT.jar:?]
	at org.apache.hadoop.ozone.protocol.proto.OzoneManagerProtocolProtos$OzoneManagerService$2.callBlockingMethod(OzoneManagerProtocolProtos.java) [ozone-interface-client-1.4.0-SNAPSHOT.jar:?]
	at org.apache.hadoop.ipc.ProtobufRpcEngine$Server.processCall(ProtobufRpcEngine.java:484) [hadoop-common-3.3.6.jar:?]
	at org.apache.hadoop.ipc.ProtobufRpcEngine2$Server$ProtoBufRpcInvoker.call(ProtobufRpcEngine2.java:595) [hadoop-common-3.3.6.jar:?]
	at org.apache.hadoop.ipc.ProtobufRpcEngine2$Server$ProtoBufRpcInvoker.call(ProtobufRpcEngine2.java:573) [hadoop-common-3.3.6.jar:?]
	at org.apache.hadoop.ipc.RPC$Server.call(RPC.java:1227) [hadoop-common-3.3.6.jar:?]
	at org.apache.hadoop.ipc.Server$RpcCall.run(Server.java:1094) [hadoop-common-3.3.6.jar:?]
	at org.apache.hadoop.ipc.Server$RpcCall.run(Server.java:1017) [hadoop-common-3.3.6.jar:?]
	at java.security.AccessController.doPrivileged(Native Method) ~[?:1.8.0_382]
	at javax.security.auth.Subject.doAs(Subject.java:422) [?:1.8.0_382]
	at org.apache.hadoop.security.UserGroupInformation.doAs(UserGroupInformation.java:1899) [hadoop-common-3.3.6.jar:?]
	at org.apache.hadoop.ipc.Server$Handler.run(Server.java:3048) [hadoop-common-3.3.6.jar:?]
02:04:08.320 [IPC Server handler 11 on default port 15004] ERROR OMAudit - user=runner | ip=127.0.0.1 | op=GET_FILE_STATUS {volume=volume43289, bucket=bucket29045, key=level0/level1/level1/file1, dataSize=0, replicationConfig=null} | ret=FAILURE
org.apache.hadoop.ozone.om.exceptions.OMException: Unable to get file status: volume: volume43289 bucket: bucket29045 key: level0/level1/level1/file1
	at org.apache.hadoop.ozone.om.KeyManagerImpl.getOzoneFileStatus(KeyManagerImpl.java:1195) ~[ozone-manager-1.4.0-SNAPSHOT.jar:?]
	at org.apache.hadoop.ozone.om.KeyManagerImpl.getFileStatus(KeyManagerImpl.java:1113) ~[ozone-manager-1.4.0-SNAPSHOT.jar:?]
	at org.apache.hadoop.ozone.om.OmMetadataReader.getFileStatus(OmMetadataReader.java:262) ~[ozone-manager-1.4.0-SNAPSHOT.jar:?]
	at org.apache.hadoop.ozone.om.OzoneManager.getFileStatus(OzoneManager.java:3533) ~[ozone-manager-1.4.0-SNAPSHOT.jar:?]
	at org.apache.hadoop.ozone.protocolPB.OzoneManagerRequestHandler.getOzoneFileStatus(OzoneManagerRequestHandler.java:971) ~[ozone-manager-1.4.0-SNAPSHOT.jar:?]
	at org.apache.hadoop.ozone.protocolPB.OzoneManagerRequestHandler.handleReadRequest(OzoneManagerRequestHandler.java:250) ~[ozone-manager-1.4.0-SNAPSHOT.jar:?]
	at org.apache.hadoop.ozone.protocolPB.OzoneManagerProtocolServerSideTranslatorPB.submitReadRequestToOM(OzoneManagerProtocolServerSideTranslatorPB.java:225) ~[ozone-manager-1.4.0-SNAPSHOT.jar:?]
	at org.apache.hadoop.ozone.protocolPB.OzoneManagerProtocolServerSideTranslatorPB.processRequest(OzoneManagerProtocolServerSideTranslatorPB.java:179) ~[ozone-manager-1.4.0-SNAPSHOT.jar:?]
	at org.apache.hadoop.hdds.server.OzoneProtocolMessageDispatcher.processRequest(OzoneProtocolMessageDispatcher.java:87) [hdds-server-framework-1.4.0-SNAPSHOT.jar:?]
	at org.apache.hadoop.ozone.protocolPB.OzoneManagerProtocolServerSideTranslatorPB.submitRequest(OzoneManagerProtocolServerSideTranslatorPB.java:148) [ozone-manager-1.4.0-SNAPSHOT.jar:?]
	at org.apache.hadoop.ozone.protocol.proto.OzoneManagerProtocolProtos$OzoneManagerService$2.callBlockingMethod(OzoneManagerProtocolProtos.java) [ozone-interface-client-1.4.0-SNAPSHOT.jar:?]
	at org.apache.hadoop.ipc.ProtobufRpcEngine$Server.processCall(ProtobufRpcEngine.java:484) [hadoop-common-3.3.6.jar:?]
	at org.apache.hadoop.ipc.ProtobufRpcEngine2$Server$ProtoBufRpcInvoker.call(ProtobufRpcEngine2.java:595) [hadoop-common-3.3.6.jar:?]
	at org.apache.hadoop.ipc.ProtobufRpcEngine2$Server$ProtoBufRpcInvoker.call(ProtobufRpcEngine2.java:573) [hadoop-common-3.3.6.jar:?]
	at org.apache.hadoop.ipc.RPC$Server.call(RPC.java:1227) [hadoop-common-3.3.6.jar:?]
	at org.apache.hadoop.ipc.Server$RpcCall.run(Server.java:1094) [hadoop-common-3.3.6.jar:?]
	at org.apache.hadoop.ipc.Server$RpcCall.run(Server.java:1017) [hadoop-common-3.3.6.jar:?]
	at java.security.AccessController.doPrivileged(Native Method) ~[?:1.8.0_382]
	at javax.security.auth.Subject.doAs(Subject.java:422) [?:1.8.0_382]
	at org.apache.hadoop.security.UserGroupInformation.doAs(UserGroupInformation.java:1899) [hadoop-common-3.3.6.jar:?]
	at org.apache.hadoop.ipc.Server$Handler.run(Server.java:3048) [hadoop-common-3.3.6.jar:?]
02:04:08.321 [IPC Server handler 15 on default port 15004] ERROR OMAudit - user=runner | ip=127.0.0.1 | op=GET_FILE_STATUS {volume=volume43289, bucket=bucket29045, key=level0/level2, dataSize=0, replicationConfig=null} | ret=FAILURE
org.apache.hadoop.ozone.om.exceptions.OMException: Unable to get file status: volume: volume43289 bucket: bucket29045 key: level0/level2
	at org.apache.hadoop.ozone.om.KeyManagerImpl.getOzoneFileStatus(KeyManagerImpl.java:1195) ~[ozone-manager-1.4.0-SNAPSHOT.jar:?]
	at org.apache.hadoop.ozone.om.KeyManagerImpl.getFileStatus(KeyManagerImpl.java:1113) ~[ozone-manager-1.4.0-SNAPSHOT.jar:?]
	at org.apache.hadoop.ozone.om.OmMetadataReader.getFileStatus(OmMetadataReader.java:262) ~[ozone-manager-1.4.0-SNAPSHOT.jar:?]
	at org.apache.hadoop.ozone.om.OzoneManager.getFileStatus(OzoneManager.java:3533) ~[ozone-manager-1.4.0-SNAPSHOT.jar:?]
	at org.apache.hadoop.ozone.protocolPB.OzoneManagerRequestHandler.getOzoneFileStatus(OzoneManagerRequestHandler.java:971) ~[ozone-manager-1.4.0-SNAPSHOT.jar:?]
	at org.apache.hadoop.ozone.protocolPB.OzoneManagerRequestHandler.handleReadRequest(OzoneManagerRequestHandler.java:250) ~[ozone-manager-1.4.0-SNAPSHOT.jar:?]
	at org.apache.hadoop.ozone.protocolPB.OzoneManagerProtocolServerSideTranslatorPB.submitReadRequestToOM(OzoneManagerProtocolServerSideTranslatorPB.java:225) ~[ozone-manager-1.4.0-SNAPSHOT.jar:?]
	at org.apache.hadoop.ozone.protocolPB.OzoneManagerProtocolServerSideTranslatorPB.processRequest(OzoneManagerProtocolServerSideTranslatorPB.java:179) ~[ozone-manager-1.4.0-SNAPSHOT.jar:?]
	at org.apache.hadoop.hdds.server.OzoneProtocolMessageDispatcher.processRequest(OzoneProtocolMessageDispatcher.java:87) [hdds-server-framework-1.4.0-SNAPSHOT.jar:?]
	at org.apache.hadoop.ozone.protocolPB.OzoneManagerProtocolServerSideTranslatorPB.submitRequest(OzoneManagerProtocolServerSideTranslatorPB.java:148) [ozone-manager-1.4.0-SNAPSHOT.jar:?]
	at org.apache.hadoop.ozone.protocol.proto.OzoneManagerProtocolProtos$OzoneManagerService$2.callBlockingMethod(OzoneManagerProtocolProtos.java) [ozone-interface-client-1.4.0-SNAPSHOT.jar:?]
	at org.apache.hadoop.ipc.ProtobufRpcEngine$Server.processCall(ProtobufRpcEngine.java:484) [hadoop-common-3.3.6.jar:?]
	at org.apache.hadoop.ipc.ProtobufRpcEngine2$Server$ProtoBufRpcInvoker.call(ProtobufRpcEngine2.java:595) [hadoop-common-3.3.6.jar:?]
	at org.apache.hadoop.ipc.ProtobufRpcEngine2$Server$ProtoBufRpcInvoker.call(ProtobufRpcEngine2.java:573) [hadoop-common-3.3.6.jar:?]
	at org.apache.hadoop.ipc.RPC$Server.call(RPC.java:1227) [hadoop-common-3.3.6.jar:?]
	at org.apache.hadoop.ipc.Server$RpcCall.run(Server.java:1094) [hadoop-common-3.3.6.jar:?]
	at org.apache.hadoop.ipc.Server$RpcCall.run(Server.java:1017) [hadoop-common-3.3.6.jar:?]
	at java.security.AccessController.doPrivileged(Native Method) ~[?:1.8.0_382]
	at javax.security.auth.Subject.doAs(Subject.java:422) [?:1.8.0_382]
	at org.apache.hadoop.security.UserGroupInformation.doAs(UserGroupInformation.java:1899) [hadoop-common-3.3.6.jar:?]
	at org.apache.hadoop.ipc.Server$Handler.run(Server.java:3048) [hadoop-common-3.3.6.jar:?]
02:04:08.323 [IPC Server handler 16 on default port 15004] ERROR OMAudit - user=runner | ip=127.0.0.1 | op=GET_FILE_STATUS {volume=volume43289, bucket=bucket29045, key=level0/level2/level2, dataSize=0, replicationConfig=null} | ret=FAILURE
org.apache.hadoop.ozone.om.exceptions.OMException: Unable to get file status: volume: volume43289 bucket: bucket29045 key: level0/level2/level2
	at org.apache.hadoop.ozone.om.KeyManagerImpl.getOzoneFileStatus(KeyManagerImpl.java:1195) ~[ozone-manager-1.4.0-SNAPSHOT.jar:?]
	at org.apache.hadoop.ozone.om.KeyManagerImpl.getFileStatus(KeyManagerImpl.java:1113) ~[ozone-manager-1.4.0-SNAPSHOT.jar:?]
	at org.apache.hadoop.ozone.om.OmMetadataReader.getFileStatus(OmMetadataReader.java:262) ~[ozone-manager-1.4.0-SNAPSHOT.jar:?]
	at org.apache.hadoop.ozone.om.OzoneManager.getFileStatus(OzoneManager.java:3533) ~[ozone-manager-1.4.0-SNAPSHOT.jar:?]
	at org.apache.hadoop.ozone.protocolPB.OzoneManagerRequestHandler.getOzoneFileStatus(OzoneManagerRequestHandler.java:971) ~[ozone-manager-1.4.0-SNAPSHOT.jar:?]
	at org.apache.hadoop.ozone.protocolPB.OzoneManagerRequestHandler.handleReadRequest(OzoneManagerRequestHandler.java:250) ~[ozone-manager-1.4.0-SNAPSHOT.jar:?]
	at org.apache.hadoop.ozone.protocolPB.OzoneManagerProtocolServerSideTranslatorPB.submitReadRequestToOM(OzoneManagerProtocolServerSideTranslatorPB.java:225) ~[ozone-manager-1.4.0-SNAPSHOT.jar:?]
	at org.apache.hadoop.ozone.protocolPB.OzoneManagerProtocolServerSideTranslatorPB.processRequest(OzoneManagerProtocolServerSideTranslatorPB.java:179) ~[ozone-manager-1.4.0-SNAPSHOT.jar:?]
	at org.apache.hadoop.hdds.server.OzoneProtocolMessageDispatcher.processRequest(OzoneProtocolMessageDispatcher.java:87) [hdds-server-framework-1.4.0-SNAPSHOT.jar:?]
	at org.apache.hadoop.ozone.protocolPB.OzoneManagerProtocolServerSideTranslatorPB.submitRequest(OzoneManagerProtocolServerSideTranslatorPB.java:148) [ozone-manager-1.4.0-SNAPSHOT.jar:?]
	at org.apache.hadoop.ozone.protocol.proto.OzoneManagerProtocolProtos$OzoneManagerService$2.callBlockingMethod(OzoneManagerProtocolProtos.java) [ozone-interface-client-1.4.0-SNAPSHOT.jar:?]
	at org.apache.hadoop.ipc.ProtobufRpcEngine$Server.processCall(ProtobufRpcEngine.java:484) [hadoop-common-3.3.6.jar:?]
	at org.apache.hadoop.ipc.ProtobufRpcEngine2$Server$ProtoBufRpcInvoker.call(ProtobufRpcEngine2.java:595) [hadoop-common-3.3.6.jar:?]
	at org.apache.hadoop.ipc.ProtobufRpcEngine2$Server$ProtoBufRpcInvoker.call(ProtobufRpcEngine2.java:573) [hadoop-common-3.3.6.jar:?]
	at org.apache.hadoop.ipc.RPC$Server.call(RPC.java:1227) [hadoop-common-3.3.6.jar:?]
	at org.apache.hadoop.ipc.Server$RpcCall.run(Server.java:1094) [hadoop-common-3.3.6.jar:?]
	at org.apache.hadoop.ipc.Server$RpcCall.run(Server.java:1017) [hadoop-common-3.3.6.jar:?]
	at java.security.AccessController.doPrivileged(Native Method) ~[?:1.8.0_382]
	at javax.security.auth.Subject.doAs(Subject.java:422) [?:1.8.0_382]
	at org.apache.hadoop.security.UserGroupInformation.doAs(UserGroupInformation.java:1899) [hadoop-common-3.3.6.jar:?]
	at org.apache.hadoop.ipc.Server$Handler.run(Server.java:3048) [hadoop-common-3.3.6.jar:?]
02:04:08.324 [IPC Server handler 17 on default port 15004] ERROR OMAudit - user=runner | ip=127.0.0.1 | op=GET_FILE_STATUS {volume=volume43289, bucket=bucket29045, key=level0/level2/file1, dataSize=0, replicationConfig=null} | ret=FAILURE
org.apache.hadoop.ozone.om.exceptions.OMException: Unable to get file status: volume: volume43289 bucket: bucket29045 key: level0/level2/file1
	at org.apache.hadoop.ozone.om.KeyManagerImpl.getOzoneFileStatus(KeyManagerImpl.java:1195) ~[ozone-manager-1.4.0-SNAPSHOT.jar:?]
	at org.apache.hadoop.ozone.om.KeyManagerImpl.getFileStatus(KeyManagerImpl.java:1113) ~[ozone-manager-1.4.0-SNAPSHOT.jar:?]
	at org.apache.hadoop.ozone.om.OmMetadataReader.getFileStatus(OmMetadataReader.java:262) ~[ozone-manager-1.4.0-SNAPSHOT.jar:?]
	at org.apache.hadoop.ozone.om.OzoneManager.getFileStatus(OzoneManager.java:3533) ~[ozone-manager-1.4.0-SNAPSHOT.jar:?]
	at org.apache.hadoop.ozone.protocolPB.OzoneManagerRequestHandler.getOzoneFileStatus(OzoneManagerRequestHandler.java:971) ~[ozone-manager-1.4.0-SNAPSHOT.jar:?]
	at org.apache.hadoop.ozone.protocolPB.OzoneManagerRequestHandler.handleReadRequest(OzoneManagerRequestHandler.java:250) ~[ozone-manager-1.4.0-SNAPSHOT.jar:?]
	at org.apache.hadoop.ozone.protocolPB.OzoneManagerProtocolServerSideTranslatorPB.submitReadRequestToOM(OzoneManagerProtocolServerSideTranslatorPB.java:225) ~[ozone-manager-1.4.0-SNAPSHOT.jar:?]
	at org.apache.hadoop.ozone.protocolPB.OzoneManagerProtocolServerSideTranslatorPB.processRequest(OzoneManagerProtocolServerSideTranslatorPB.java:179) ~[ozone-manager-1.4.0-SNAPSHOT.jar:?]
	at org.apache.hadoop.hdds.server.OzoneProtocolMessageDispatcher.processRequest(OzoneProtocolMessageDispatcher.java:87) [hdds-server-framework-1.4.0-SNAPSHOT.jar:?]
	at org.apache.hadoop.ozone.protocolPB.OzoneManagerProtocolServerSideTranslatorPB.submitRequest(OzoneManagerProtocolServerSideTranslatorPB.java:148) [ozone-manager-1.4.0-SNAPSHOT.jar:?]
	at org.apache.hadoop.ozone.protocol.proto.OzoneManagerProtocolProtos$OzoneManagerService$2.callBlockingMethod(OzoneManagerProtocolProtos.java) [ozone-interface-client-1.4.0-SNAPSHOT.jar:?]
	at org.apache.hadoop.ipc.ProtobufRpcEngine$Server.processCall(ProtobufRpcEngine.java:484) [hadoop-common-3.3.6.jar:?]
	at org.apache.hadoop.ipc.ProtobufRpcEngine2$Server$ProtoBufRpcInvoker.call(ProtobufRpcEngine2.java:595) [hadoop-common-3.3.6.jar:?]
	at org.apache.hadoop.ipc.ProtobufRpcEngine2$Server$ProtoBufRpcInvoker.call(ProtobufRpcEngine2.java:573) [hadoop-common-3.3.6.jar:?]
	at org.apache.hadoop.ipc.RPC$Server.call(RPC.java:1227) [hadoop-common-3.3.6.jar:?]
	at org.apache.hadoop.ipc.Server$RpcCall.run(Server.java:1094) [hadoop-common-3.3.6.jar:?]
	at org.apache.hadoop.ipc.Server$RpcCall.run(Server.java:1017) [hadoop-common-3.3.6.jar:?]
	at java.security.AccessController.doPrivileged(Native Method) ~[?:1.8.0_382]
	at javax.security.auth.Subject.doAs(Subject.java:422) [?:1.8.0_382]
	at org.apache.hadoop.security.UserGroupInformation.doAs(UserGroupInformation.java:1899) [hadoop-common-3.3.6.jar:?]
	at org.apache.hadoop.ipc.Server$Handler.run(Server.java:3048) [hadoop-common-3.3.6.jar:?]
02:04:08.326 [IPC Server handler 9 on default port 15004] ERROR OMAudit - user=runner | ip=127.0.0.1 | op=GET_FILE_STATUS {volume=volume43289, bucket=bucket29045, key=level0/level2/level2/file1, dataSize=0, replicationConfig=null} | ret=FAILURE
org.apache.hadoop.ozone.om.exceptions.OMException: Unable to get file status: volume: volume43289 bucket: bucket29045 key: level0/level2/level2/file1
	at org.apache.hadoop.ozone.om.KeyManagerImpl.getOzoneFileStatus(KeyManagerImpl.java:1195) ~[ozone-manager-1.4.0-SNAPSHOT.jar:?]
	at org.apache.hadoop.ozone.om.KeyManagerImpl.getFileStatus(KeyManagerImpl.java:1113) ~[ozone-manager-1.4.0-SNAPSHOT.jar:?]
	at org.apache.hadoop.ozone.om.OmMetadataReader.getFileStatus(OmMetadataReader.java:262) ~[ozone-manager-1.4.0-SNAPSHOT.jar:?]
	at org.apache.hadoop.ozone.om.OzoneManager.getFileStatus(OzoneManager.java:3533) ~[ozone-manager-1.4.0-SNAPSHOT.jar:?]
	at org.apache.hadoop.ozone.protocolPB.OzoneManagerRequestHandler.getOzoneFileStatus(OzoneManagerRequestHandler.java:971) ~[ozone-manager-1.4.0-SNAPSHOT.jar:?]
	at org.apache.hadoop.ozone.protocolPB.OzoneManagerRequestHandler.handleReadRequest(OzoneManagerRequestHandler.java:250) ~[ozone-manager-1.4.0-SNAPSHOT.jar:?]
	at org.apache.hadoop.ozone.protocolPB.OzoneManagerProtocolServerSideTranslatorPB.submitReadRequestToOM(OzoneManagerProtocolServerSideTranslatorPB.java:225) ~[ozone-manager-1.4.0-SNAPSHOT.jar:?]
	at org.apache.hadoop.ozone.protocolPB.OzoneManagerProtocolServerSideTranslatorPB.processRequest(OzoneManagerProtocolServerSideTranslatorPB.java:179) ~[ozone-manager-1.4.0-SNAPSHOT.jar:?]
	at org.apache.hadoop.hdds.server.OzoneProtocolMessageDispatcher.processRequest(OzoneProtocolMessageDispatcher.java:87) [hdds-server-framework-1.4.0-SNAPSHOT.jar:?]
	at org.apache.hadoop.ozone.protocolPB.OzoneManagerProtocolServerSideTranslatorPB.submitRequest(OzoneManagerProtocolServerSideTranslatorPB.java:148) [ozone-manager-1.4.0-SNAPSHOT.jar:?]
	at org.apache.hadoop.ozone.protocol.proto.OzoneManagerProtocolProtos$OzoneManagerService$2.callBlockingMethod(OzoneManagerProtocolProtos.java) [ozone-interface-client-1.4.0-SNAPSHOT.jar:?]
	at org.apache.hadoop.ipc.ProtobufRpcEngine$Server.processCall(ProtobufRpcEngine.java:484) [hadoop-common-3.3.6.jar:?]
	at org.apache.hadoop.ipc.ProtobufRpcEngine2$Server$ProtoBufRpcInvoker.call(ProtobufRpcEngine2.java:595) [hadoop-common-3.3.6.jar:?]
	at org.apache.hadoop.ipc.ProtobufRpcEngine2$Server$ProtoBufRpcInvoker.call(ProtobufRpcEngine2.java:573) [hadoop-common-3.3.6.jar:?]
	at org.apache.hadoop.ipc.RPC$Server.call(RPC.java:1227) [hadoop-common-3.3.6.jar:?]
	at org.apache.hadoop.ipc.Server$RpcCall.run(Server.java:1094) [hadoop-common-3.3.6.jar:?]
	at org.apache.hadoop.ipc.Server$RpcCall.run(Server.java:1017) [hadoop-common-3.3.6.jar:?]
	at java.security.AccessController.doPrivileged(Native Method) ~[?:1.8.0_382]
	at javax.security.auth.Subject.doAs(Subject.java:422) [?:1.8.0_382]
	at org.apache.hadoop.security.UserGroupInformation.doAs(UserGroupInformation.java:1899) [hadoop-common-3.3.6.jar:?]
	at org.apache.hadoop.ipc.Server$Handler.run(Server.java:3048) [hadoop-common-3.3.6.jar:?]
02:04:08.327 [IPC Server handler 8 on default port 15004] ERROR OMAudit - user=runner | ip=127.0.0.1 | op=GET_FILE_STATUS {volume=volume43289, bucket=bucket29045, key=level0/level3, dataSize=0, replicationConfig=null} | ret=FAILURE
org.apache.hadoop.ozone.om.exceptions.OMException: Unable to get file status: volume: volume43289 bucket: bucket29045 key: level0/level3
	at org.apache.hadoop.ozone.om.KeyManagerImpl.getOzoneFileStatus(KeyManagerImpl.java:1195) ~[ozone-manager-1.4.0-SNAPSHOT.jar:?]
	at org.apache.hadoop.ozone.om.KeyManagerImpl.getFileStatus(KeyManagerImpl.java:1113) ~[ozone-manager-1.4.0-SNAPSHOT.jar:?]
	at org.apache.hadoop.ozone.om.OmMetadataReader.getFileStatus(OmMetadataReader.java:262) ~[ozone-manager-1.4.0-SNAPSHOT.jar:?]
	at org.apache.hadoop.ozone.om.OzoneManager.getFileStatus(OzoneManager.java:3533) ~[ozone-manager-1.4.0-SNAPSHOT.jar:?]
	at org.apache.hadoop.ozone.protocolPB.OzoneManagerRequestHandler.getOzoneFileStatus(OzoneManagerRequestHandler.java:971) ~[ozone-manager-1.4.0-SNAPSHOT.jar:?]
	at org.apache.hadoop.ozone.protocolPB.OzoneManagerRequestHandler.handleReadRequest(OzoneManagerRequestHandler.java:250) ~[ozone-manager-1.4.0-SNAPSHOT.jar:?]
	at org.apache.hadoop.ozone.protocolPB.OzoneManagerProtocolServerSideTranslatorPB.submitReadRequestToOM(OzoneManagerProtocolServerSideTranslatorPB.java:225) ~[ozone-manager-1.4.0-SNAPSHOT.jar:?]
	at org.apache.hadoop.ozone.protocolPB.OzoneManagerProtocolServerSideTranslatorPB.processRequest(OzoneManagerProtocolServerSideTranslatorPB.java:179) ~[ozone-manager-1.4.0-SNAPSHOT.jar:?]
	at org.apache.hadoop.hdds.server.OzoneProtocolMessageDispatcher.processRequest(OzoneProtocolMessageDispatcher.java:87) [hdds-server-framework-1.4.0-SNAPSHOT.jar:?]
	at org.apache.hadoop.ozone.protocolPB.OzoneManagerProtocolServerSideTranslatorPB.submitRequest(OzoneManagerProtocolServerSideTranslatorPB.java:148) [ozone-manager-1.4.0-SNAPSHOT.jar:?]
	at org.apache.hadoop.ozone.protocol.proto.OzoneManagerProtocolProtos$OzoneManagerService$2.callBlockingMethod(OzoneManagerProtocolProtos.java) [ozone-interface-client-1.4.0-SNAPSHOT.jar:?]
	at org.apache.hadoop.ipc.ProtobufRpcEngine$Server.processCall(ProtobufRpcEngine.java:484) [hadoop-common-3.3.6.jar:?]
	at org.apache.hadoop.ipc.ProtobufRpcEngine2$Server$ProtoBufRpcInvoker.call(ProtobufRpcEngine2.java:595) [hadoop-common-3.3.6.jar:?]
	at org.apache.hadoop.ipc.ProtobufRpcEngine2$Server$ProtoBufRpcInvoker.call(ProtobufRpcEngine2.java:573) [hadoop-common-3.3.6.jar:?]
	at org.apache.hadoop.ipc.RPC$Server.call(RPC.java:1227) [hadoop-common-3.3.6.jar:?]
	at org.apache.hadoop.ipc.Server$RpcCall.run(Server.java:1094) [hadoop-common-3.3.6.jar:?]
	at org.apache.hadoop.ipc.Server$RpcCall.run(Server.java:1017) [hadoop-common-3.3.6.jar:?]
	at java.security.AccessController.doPrivileged(Native Method) ~[?:1.8.0_382]
	at javax.security.auth.Subject.doAs(Subject.java:422) [?:1.8.0_382]
	at org.apache.hadoop.security.UserGroupInformation.doAs(UserGroupInformation.java:1899) [hadoop-common-3.3.6.jar:?]
	at org.apache.hadoop.ipc.Server$Handler.run(Server.java:3048) [hadoop-common-3.3.6.jar:?]
02:04:08.330 [IPC Server handler 7 on default port 15004] ERROR OMAudit - user=runner | ip=127.0.0.1 | op=GET_FILE_STATUS {volume=volume43289, bucket=bucket29045, key=level0/level3/level3, dataSize=0, replicationConfig=null} | ret=FAILURE
org.apache.hadoop.ozone.om.exceptions.OMException: Unable to get file status: volume: volume43289 bucket: bucket29045 key: level0/level3/level3
	at org.apache.hadoop.ozone.om.KeyManagerImpl.getOzoneFileStatus(KeyManagerImpl.java:1195) ~[ozone-manager-1.4.0-SNAPSHOT.jar:?]
	at org.apache.hadoop.ozone.om.KeyManagerImpl.getFileStatus(KeyManagerImpl.java:1113) ~[ozone-manager-1.4.0-SNAPSHOT.jar:?]
	at org.apache.hadoop.ozone.om.OmMetadataReader.getFileStatus(OmMetadataReader.java:262) ~[ozone-manager-1.4.0-SNAPSHOT.jar:?]
	at org.apache.hadoop.ozone.om.OzoneManager.getFileStatus(OzoneManager.java:3533) ~[ozone-manager-1.4.0-SNAPSHOT.jar:?]
	at org.apache.hadoop.ozone.protocolPB.OzoneManagerRequestHandler.getOzoneFileStatus(OzoneManagerRequestHandler.java:971) ~[ozone-manager-1.4.0-SNAPSHOT.jar:?]
	at org.apache.hadoop.ozone.protocolPB.OzoneManagerRequestHandler.handleReadRequest(OzoneManagerRequestHandler.java:250) ~[ozone-manager-1.4.0-SNAPSHOT.jar:?]
	at org.apache.hadoop.ozone.protocolPB.OzoneManagerProtocolServerSideTranslatorPB.submitReadRequestToOM(OzoneManagerProtocolServerSideTranslatorPB.java:225) ~[ozone-manager-1.4.0-SNAPSHOT.jar:?]
	at org.apache.hadoop.ozone.protocolPB.OzoneManagerProtocolServerSideTranslatorPB.processRequest(OzoneManagerProtocolServerSideTranslatorPB.java:179) ~[ozone-manager-1.4.0-SNAPSHOT.jar:?]
	at org.apache.hadoop.hdds.server.OzoneProtocolMessageDispatcher.processRequest(OzoneProtocolMessageDispatcher.java:87) [hdds-server-framework-1.4.0-SNAPSHOT.jar:?]
	at org.apache.hadoop.ozone.protocolPB.OzoneManagerProtocolServerSideTranslatorPB.submitRequest(OzoneManagerProtocolServerSideTranslatorPB.java:148) [ozone-manager-1.4.0-SNAPSHOT.jar:?]
	at org.apache.hadoop.ozone.protocol.proto.OzoneManagerProtocolProtos$OzoneManagerService$2.callBlockingMethod(OzoneManagerProtocolProtos.java) [ozone-interface-client-1.4.0-SNAPSHOT.jar:?]
	at org.apache.hadoop.ipc.ProtobufRpcEngine$Server.processCall(ProtobufRpcEngine.java:484) [hadoop-common-3.3.6.jar:?]
	at org.apache.hadoop.ipc.ProtobufRpcEngine2$Server$ProtoBufRpcInvoker.call(ProtobufRpcEngine2.java:595) [hadoop-common-3.3.6.jar:?]
	at org.apache.hadoop.ipc.ProtobufRpcEngine2$Server$ProtoBufRpcInvoker.call(ProtobufRpcEngine2.java:573) [hadoop-common-3.3.6.jar:?]
	at org.apache.hadoop.ipc.RPC$Server.call(RPC.java:1227) [hadoop-common-3.3.6.jar:?]
	at org.apache.hadoop.ipc.Server$RpcCall.run(Server.java:1094) [hadoop-common-3.3.6.jar:?]
	at org.apache.hadoop.ipc.Server$RpcCall.run(Server.java:1017) [hadoop-common-3.3.6.jar:?]
	at java.security.AccessController.doPrivileged(Native Method) ~[?:1.8.0_382]
	at javax.security.auth.Subject.doAs(Subject.java:422) [?:1.8.0_382]
	at org.apache.hadoop.security.UserGroupInformation.doAs(UserGroupInformation.java:1899) [hadoop-common-3.3.6.jar:?]
	at org.apache.hadoop.ipc.Server$Handler.run(Server.java:3048) [hadoop-common-3.3.6.jar:?]
02:04:08.332 [IPC Server handler 19 on default port 15004] ERROR OMAudit - user=runner | ip=127.0.0.1 | op=GET_FILE_STATUS {volume=volume43289, bucket=bucket29045, key=level0/level3/file1, dataSize=0, replicationConfig=null} | ret=FAILURE
org.apache.hadoop.ozone.om.exceptions.OMException: Unable to get file status: volume: volume43289 bucket: bucket29045 key: level0/level3/file1
	at org.apache.hadoop.ozone.om.KeyManagerImpl.getOzoneFileStatus(KeyManagerImpl.java:1195) ~[ozone-manager-1.4.0-SNAPSHOT.jar:?]
	at org.apache.hadoop.ozone.om.KeyManagerImpl.getFileStatus(KeyManagerImpl.java:1113) ~[ozone-manager-1.4.0-SNAPSHOT.jar:?]
	at org.apache.hadoop.ozone.om.OmMetadataReader.getFileStatus(OmMetadataReader.java:262) ~[ozone-manager-1.4.0-SNAPSHOT.jar:?]
	at org.apache.hadoop.ozone.om.OzoneManager.getFileStatus(OzoneManager.java:3533) ~[ozone-manager-1.4.0-SNAPSHOT.jar:?]
	at org.apache.hadoop.ozone.protocolPB.OzoneManagerRequestHandler.getOzoneFileStatus(OzoneManagerRequestHandler.java:971) ~[ozone-manager-1.4.0-SNAPSHOT.jar:?]
	at org.apache.hadoop.ozone.protocolPB.OzoneManagerRequestHandler.handleReadRequest(OzoneManagerRequestHandler.java:250) ~[ozone-manager-1.4.0-SNAPSHOT.jar:?]
	at org.apache.hadoop.ozone.protocolPB.OzoneManagerProtocolServerSideTranslatorPB.submitReadRequestToOM(OzoneManagerProtocolServerSideTranslatorPB.java:225) ~[ozone-manager-1.4.0-SNAPSHOT.jar:?]
	at org.apache.hadoop.ozone.protocolPB.OzoneManagerProtocolServerSideTranslatorPB.processRequest(OzoneManagerProtocolServerSideTranslatorPB.java:179) ~[ozone-manager-1.4.0-SNAPSHOT.jar:?]
	at org.apache.hadoop.hdds.server.OzoneProtocolMessageDispatcher.processRequest(OzoneProtocolMessageDispatcher.java:87) [hdds-server-framework-1.4.0-SNAPSHOT.jar:?]
	at org.apache.hadoop.ozone.protocolPB.OzoneManagerProtocolServerSideTranslatorPB.submitRequest(OzoneManagerProtocolServerSideTranslatorPB.java:148) [ozone-manager-1.4.0-SNAPSHOT.jar:?]
	at org.apache.hadoop.ozone.protocol.proto.OzoneManagerProtocolProtos$OzoneManagerService$2.callBlockingMethod(OzoneManagerProtocolProtos.java) [ozone-interface-client-1.4.0-SNAPSHOT.jar:?]
	at org.apache.hadoop.ipc.ProtobufRpcEngine$Server.processCall(ProtobufRpcEngine.java:484) [hadoop-common-3.3.6.jar:?]
	at org.apache.hadoop.ipc.ProtobufRpcEngine2$Server$ProtoBufRpcInvoker.call(ProtobufRpcEngine2.java:595) [hadoop-common-3.3.6.jar:?]
	at org.apache.hadoop.ipc.ProtobufRpcEngine2$Server$ProtoBufRpcInvoker.call(ProtobufRpcEngine2.java:573) [hadoop-common-3.3.6.jar:?]
	at org.apache.hadoop.ipc.RPC$Server.call(RPC.java:1227) [hadoop-common-3.3.6.jar:?]
	at org.apache.hadoop.ipc.Server$RpcCall.run(Server.java:1094) [hadoop-common-3.3.6.jar:?]
	at org.apache.hadoop.ipc.Server$RpcCall.run(Server.java:1017) [hadoop-common-3.3.6.jar:?]
	at java.security.AccessController.doPrivileged(Native Method) ~[?:1.8.0_382]
	at javax.security.auth.Subject.doAs(Subject.java:422) [?:1.8.0_382]
	at org.apache.hadoop.security.UserGroupInformation.doAs(UserGroupInformation.java:1899) [hadoop-common-3.3.6.jar:?]
	at org.apache.hadoop.ipc.Server$Handler.run(Server.java:3048) [hadoop-common-3.3.6.jar:?]
02:04:08.334 [IPC Server handler 14 on default port 15004] ERROR OMAudit - user=runner | ip=127.0.0.1 | op=GET_FILE_STATUS {volume=volume43289, bucket=bucket29045, key=level0/level3/level3/file1, dataSize=0, replicationConfig=null} | ret=FAILURE
org.apache.hadoop.ozone.om.exceptions.OMException: Unable to get file status: volume: volume43289 bucket: bucket29045 key: level0/level3/level3/file1
	at org.apache.hadoop.ozone.om.KeyManagerImpl.getOzoneFileStatus(KeyManagerImpl.java:1195) ~[ozone-manager-1.4.0-SNAPSHOT.jar:?]
	at org.apache.hadoop.ozone.om.KeyManagerImpl.getFileStatus(KeyManagerImpl.java:1113) ~[ozone-manager-1.4.0-SNAPSHOT.jar:?]
	at org.apache.hadoop.ozone.om.OmMetadataReader.getFileStatus(OmMetadataReader.java:262) ~[ozone-manager-1.4.0-SNAPSHOT.jar:?]
	at org.apache.hadoop.ozone.om.OzoneManager.getFileStatus(OzoneManager.java:3533) ~[ozone-manager-1.4.0-SNAPSHOT.jar:?]
	at org.apache.hadoop.ozone.protocolPB.OzoneManagerRequestHandler.getOzoneFileStatus(OzoneManagerRequestHandler.java:971) ~[ozone-manager-1.4.0-SNAPSHOT.jar:?]
	at org.apache.hadoop.ozone.protocolPB.OzoneManagerRequestHandler.handleReadRequest(OzoneManagerRequestHandler.java:250) ~[ozone-manager-1.4.0-SNAPSHOT.jar:?]
	at org.apache.hadoop.ozone.protocolPB.OzoneManagerProtocolServerSideTranslatorPB.submitReadRequestToOM(OzoneManagerProtocolServerSideTranslatorPB.java:225) ~[ozone-manager-1.4.0-SNAPSHOT.jar:?]
	at org.apache.hadoop.ozone.protocolPB.OzoneManagerProtocolServerSideTranslatorPB.processRequest(OzoneManagerProtocolServerSideTranslatorPB.java:179) ~[ozone-manager-1.4.0-SNAPSHOT.jar:?]
	at org.apache.hadoop.hdds.server.OzoneProtocolMessageDispatcher.processRequest(OzoneProtocolMessageDispatcher.java:87) [hdds-server-framework-1.4.0-SNAPSHOT.jar:?]
	at org.apache.hadoop.ozone.protocolPB.OzoneManagerProtocolServerSideTranslatorPB.submitRequest(OzoneManagerProtocolServerSideTranslatorPB.java:148) [ozone-manager-1.4.0-SNAPSHOT.jar:?]
	at org.apache.hadoop.ozone.protocol.proto.OzoneManagerProtocolProtos$OzoneManagerService$2.callBlockingMethod(OzoneManagerProtocolProtos.java) [ozone-interface-client-1.4.0-SNAPSHOT.jar:?]
	at org.apache.hadoop.ipc.ProtobufRpcEngine$Server.processCall(ProtobufRpcEngine.java:484) [hadoop-common-3.3.6.jar:?]
	at org.apache.hadoop.ipc.ProtobufRpcEngine2$Server$ProtoBufRpcInvoker.call(ProtobufRpcEngine2.java:595) [hadoop-common-3.3.6.jar:?]
	at org.apache.hadoop.ipc.ProtobufRpcEngine2$Server$ProtoBufRpcInvoker.call(ProtobufRpcEngine2.java:573) [hadoop-common-3.3.6.jar:?]
	at org.apache.hadoop.ipc.RPC$Server.call(RPC.java:1227) [hadoop-common-3.3.6.jar:?]
	at org.apache.hadoop.ipc.Server$RpcCall.run(Server.java:1094) [hadoop-common-3.3.6.jar:?]
	at org.apache.hadoop.ipc.Server$RpcCall.run(Server.java:1017) [hadoop-common-3.3.6.jar:?]
	at java.security.AccessController.doPrivileged(Native Method) ~[?:1.8.0_382]
	at javax.security.auth.Subject.doAs(Subject.java:422) [?:1.8.0_382]
	at org.apache.hadoop.security.UserGroupInformation.doAs(UserGroupInformation.java:1899) [hadoop-common-3.3.6.jar:?]
	at org.apache.hadoop.ipc.Server$Handler.run(Server.java:3048) [hadoop-common-3.3.6.jar:?]
]]></system-out>
  </testcase>
  <testcase name="testRecursiveDelete" classname="TestOzoneFileSystem" time="0.872">
    <system-out><![CDATA[02:05:27.335 [IPC Server handler 17 on default port 15057] ERROR OMAudit - user=runner | ip=127.0.0.1 | op=GET_FILE_STATUS {volume=volume43065, bucket=bucket81401, key=gdir1, dataSize=0, replicationConfig=null} | ret=FAILURE
org.apache.hadoop.ozone.om.exceptions.OMException: Unable to get file status: volume: volume43065 bucket: bucket81401 key: gdir1
	at org.apache.hadoop.ozone.om.KeyManagerImpl.getOzoneFileStatus(KeyManagerImpl.java:1195) ~[ozone-manager-1.4.0-SNAPSHOT.jar:?]
	at org.apache.hadoop.ozone.om.KeyManagerImpl.getFileStatus(KeyManagerImpl.java:1113) ~[ozone-manager-1.4.0-SNAPSHOT.jar:?]
	at org.apache.hadoop.ozone.om.OmMetadataReader.getFileStatus(OmMetadataReader.java:262) ~[ozone-manager-1.4.0-SNAPSHOT.jar:?]
	at org.apache.hadoop.ozone.om.OzoneManager.getFileStatus(OzoneManager.java:3533) ~[ozone-manager-1.4.0-SNAPSHOT.jar:?]
	at org.apache.hadoop.ozone.protocolPB.OzoneManagerRequestHandler.getOzoneFileStatus(OzoneManagerRequestHandler.java:971) ~[ozone-manager-1.4.0-SNAPSHOT.jar:?]
	at org.apache.hadoop.ozone.protocolPB.OzoneManagerRequestHandler.handleReadRequest(OzoneManagerRequestHandler.java:250) ~[ozone-manager-1.4.0-SNAPSHOT.jar:?]
	at org.apache.hadoop.ozone.protocolPB.OzoneManagerProtocolServerSideTranslatorPB.submitRequestDirectlyToOM(OzoneManagerProtocolServerSideTranslatorPB.java:274) ~[ozone-manager-1.4.0-SNAPSHOT.jar:?]
	at org.apache.hadoop.ozone.protocolPB.OzoneManagerProtocolServerSideTranslatorPB.processRequest(OzoneManagerProtocolServerSideTranslatorPB.java:175) ~[ozone-manager-1.4.0-SNAPSHOT.jar:?]
	at org.apache.hadoop.hdds.server.OzoneProtocolMessageDispatcher.processRequest(OzoneProtocolMessageDispatcher.java:87) [hdds-server-framework-1.4.0-SNAPSHOT.jar:?]
	at org.apache.hadoop.ozone.protocolPB.OzoneManagerProtocolServerSideTranslatorPB.submitRequest(OzoneManagerProtocolServerSideTranslatorPB.java:148) [ozone-manager-1.4.0-SNAPSHOT.jar:?]
	at org.apache.hadoop.ozone.protocol.proto.OzoneManagerProtocolProtos$OzoneManagerService$2.callBlockingMethod(OzoneManagerProtocolProtos.java) [ozone-interface-client-1.4.0-SNAPSHOT.jar:?]
	at org.apache.hadoop.ipc.ProtobufRpcEngine$Server.processCall(ProtobufRpcEngine.java:484) [hadoop-common-3.3.6.jar:?]
	at org.apache.hadoop.ipc.ProtobufRpcEngine2$Server$ProtoBufRpcInvoker.call(ProtobufRpcEngine2.java:595) [hadoop-common-3.3.6.jar:?]
	at org.apache.hadoop.ipc.ProtobufRpcEngine2$Server$ProtoBufRpcInvoker.call(ProtobufRpcEngine2.java:573) [hadoop-common-3.3.6.jar:?]
	at org.apache.hadoop.ipc.RPC$Server.call(RPC.java:1227) [hadoop-common-3.3.6.jar:?]
	at org.apache.hadoop.ipc.Server$RpcCall.run(Server.java:1094) [hadoop-common-3.3.6.jar:?]
	at org.apache.hadoop.ipc.Server$RpcCall.run(Server.java:1017) [hadoop-common-3.3.6.jar:?]
	at java.security.AccessController.doPrivileged(Native Method) ~[?:1.8.0_382]
	at javax.security.auth.Subject.doAs(Subject.java:422) [?:1.8.0_382]
	at org.apache.hadoop.security.UserGroupInformation.doAs(UserGroupInformation.java:1899) [hadoop-common-3.3.6.jar:?]
	at org.apache.hadoop.ipc.Server$Handler.run(Server.java:3048) [hadoop-common-3.3.6.jar:?]
02:05:27.336 [IPC Server handler 18 on default port 15057] ERROR OMAudit - user=runner | ip=127.0.0.1 | op=GET_FILE_STATUS {volume=volume43065, bucket=bucket81401, key=gdir1/dir1, dataSize=0, replicationConfig=null} | ret=FAILURE
org.apache.hadoop.ozone.om.exceptions.OMException: Unable to get file status: volume: volume43065 bucket: bucket81401 key: gdir1/dir1
	at org.apache.hadoop.ozone.om.KeyManagerImpl.getOzoneFileStatus(KeyManagerImpl.java:1195) ~[ozone-manager-1.4.0-SNAPSHOT.jar:?]
	at org.apache.hadoop.ozone.om.KeyManagerImpl.getFileStatus(KeyManagerImpl.java:1113) ~[ozone-manager-1.4.0-SNAPSHOT.jar:?]
	at org.apache.hadoop.ozone.om.OmMetadataReader.getFileStatus(OmMetadataReader.java:262) ~[ozone-manager-1.4.0-SNAPSHOT.jar:?]
	at org.apache.hadoop.ozone.om.OzoneManager.getFileStatus(OzoneManager.java:3533) ~[ozone-manager-1.4.0-SNAPSHOT.jar:?]
	at org.apache.hadoop.ozone.protocolPB.OzoneManagerRequestHandler.getOzoneFileStatus(OzoneManagerRequestHandler.java:971) ~[ozone-manager-1.4.0-SNAPSHOT.jar:?]
	at org.apache.hadoop.ozone.protocolPB.OzoneManagerRequestHandler.handleReadRequest(OzoneManagerRequestHandler.java:250) ~[ozone-manager-1.4.0-SNAPSHOT.jar:?]
	at org.apache.hadoop.ozone.protocolPB.OzoneManagerProtocolServerSideTranslatorPB.submitRequestDirectlyToOM(OzoneManagerProtocolServerSideTranslatorPB.java:274) ~[ozone-manager-1.4.0-SNAPSHOT.jar:?]
	at org.apache.hadoop.ozone.protocolPB.OzoneManagerProtocolServerSideTranslatorPB.processRequest(OzoneManagerProtocolServerSideTranslatorPB.java:175) ~[ozone-manager-1.4.0-SNAPSHOT.jar:?]
	at org.apache.hadoop.hdds.server.OzoneProtocolMessageDispatcher.processRequest(OzoneProtocolMessageDispatcher.java:87) [hdds-server-framework-1.4.0-SNAPSHOT.jar:?]
	at org.apache.hadoop.ozone.protocolPB.OzoneManagerProtocolServerSideTranslatorPB.submitRequest(OzoneManagerProtocolServerSideTranslatorPB.java:148) [ozone-manager-1.4.0-SNAPSHOT.jar:?]
	at org.apache.hadoop.ozone.protocol.proto.OzoneManagerProtocolProtos$OzoneManagerService$2.callBlockingMethod(OzoneManagerProtocolProtos.java) [ozone-interface-client-1.4.0-SNAPSHOT.jar:?]
	at org.apache.hadoop.ipc.ProtobufRpcEngine$Server.processCall(ProtobufRpcEngine.java:484) [hadoop-common-3.3.6.jar:?]
	at org.apache.hadoop.ipc.ProtobufRpcEngine2$Server$ProtoBufRpcInvoker.call(ProtobufRpcEngine2.java:595) [hadoop-common-3.3.6.jar:?]
	at org.apache.hadoop.ipc.ProtobufRpcEngine2$Server$ProtoBufRpcInvoker.call(ProtobufRpcEngine2.java:573) [hadoop-common-3.3.6.jar:?]
	at org.apache.hadoop.ipc.RPC$Server.call(RPC.java:1227) [hadoop-common-3.3.6.jar:?]
	at org.apache.hadoop.ipc.Server$RpcCall.run(Server.java:1094) [hadoop-common-3.3.6.jar:?]
	at org.apache.hadoop.ipc.Server$RpcCall.run(Server.java:1017) [hadoop-common-3.3.6.jar:?]
	at java.security.AccessController.doPrivileged(Native Method) ~[?:1.8.0_382]
	at javax.security.auth.Subject.doAs(Subject.java:422) [?:1.8.0_382]
	at org.apache.hadoop.security.UserGroupInformation.doAs(UserGroupInformation.java:1899) [hadoop-common-3.3.6.jar:?]
	at org.apache.hadoop.ipc.Server$Handler.run(Server.java:3048) [hadoop-common-3.3.6.jar:?]
02:05:27.337 [IPC Server handler 19 on default port 15057] ERROR OMAudit - user=runner | ip=127.0.0.1 | op=GET_FILE_STATUS {volume=volume43065, bucket=bucket81401, key=gdir1/dir1/child, dataSize=0, replicationConfig=null} | ret=FAILURE
org.apache.hadoop.ozone.om.exceptions.OMException: Unable to get file status: volume: volume43065 bucket: bucket81401 key: gdir1/dir1/child
	at org.apache.hadoop.ozone.om.KeyManagerImpl.getOzoneFileStatus(KeyManagerImpl.java:1195) ~[ozone-manager-1.4.0-SNAPSHOT.jar:?]
	at org.apache.hadoop.ozone.om.KeyManagerImpl.getFileStatus(KeyManagerImpl.java:1113) ~[ozone-manager-1.4.0-SNAPSHOT.jar:?]
	at org.apache.hadoop.ozone.om.OmMetadataReader.getFileStatus(OmMetadataReader.java:262) ~[ozone-manager-1.4.0-SNAPSHOT.jar:?]
	at org.apache.hadoop.ozone.om.OzoneManager.getFileStatus(OzoneManager.java:3533) ~[ozone-manager-1.4.0-SNAPSHOT.jar:?]
	at org.apache.hadoop.ozone.protocolPB.OzoneManagerRequestHandler.getOzoneFileStatus(OzoneManagerRequestHandler.java:971) ~[ozone-manager-1.4.0-SNAPSHOT.jar:?]
	at org.apache.hadoop.ozone.protocolPB.OzoneManagerRequestHandler.handleReadRequest(OzoneManagerRequestHandler.java:250) ~[ozone-manager-1.4.0-SNAPSHOT.jar:?]
	at org.apache.hadoop.ozone.protocolPB.OzoneManagerProtocolServerSideTranslatorPB.submitRequestDirectlyToOM(OzoneManagerProtocolServerSideTranslatorPB.java:274) ~[ozone-manager-1.4.0-SNAPSHOT.jar:?]
	at org.apache.hadoop.ozone.protocolPB.OzoneManagerProtocolServerSideTranslatorPB.processRequest(OzoneManagerProtocolServerSideTranslatorPB.java:175) ~[ozone-manager-1.4.0-SNAPSHOT.jar:?]
	at org.apache.hadoop.hdds.server.OzoneProtocolMessageDispatcher.processRequest(OzoneProtocolMessageDispatcher.java:87) [hdds-server-framework-1.4.0-SNAPSHOT.jar:?]
	at org.apache.hadoop.ozone.protocolPB.OzoneManagerProtocolServerSideTranslatorPB.submitRequest(OzoneManagerProtocolServerSideTranslatorPB.java:148) [ozone-manager-1.4.0-SNAPSHOT.jar:?]
	at org.apache.hadoop.ozone.protocol.proto.OzoneManagerProtocolProtos$OzoneManagerService$2.callBlockingMethod(OzoneManagerProtocolProtos.java) [ozone-interface-client-1.4.0-SNAPSHOT.jar:?]
	at org.apache.hadoop.ipc.ProtobufRpcEngine$Server.processCall(ProtobufRpcEngine.java:484) [hadoop-common-3.3.6.jar:?]
	at org.apache.hadoop.ipc.ProtobufRpcEngine2$Server$ProtoBufRpcInvoker.call(ProtobufRpcEngine2.java:595) [hadoop-common-3.3.6.jar:?]
	at org.apache.hadoop.ipc.ProtobufRpcEngine2$Server$ProtoBufRpcInvoker.call(ProtobufRpcEngine2.java:573) [hadoop-common-3.3.6.jar:?]
	at org.apache.hadoop.ipc.RPC$Server.call(RPC.java:1227) [hadoop-common-3.3.6.jar:?]
	at org.apache.hadoop.ipc.Server$RpcCall.run(Server.java:1094) [hadoop-common-3.3.6.jar:?]
	at org.apache.hadoop.ipc.Server$RpcCall.run(Server.java:1017) [hadoop-common-3.3.6.jar:?]
	at java.security.AccessController.doPrivileged(Native Method) ~[?:1.8.0_382]
	at javax.security.auth.Subject.doAs(Subject.java:422) [?:1.8.0_382]
	at org.apache.hadoop.security.UserGroupInformation.doAs(UserGroupInformation.java:1899) [hadoop-common-3.3.6.jar:?]
	at org.apache.hadoop.ipc.Server$Handler.run(Server.java:3048) [hadoop-common-3.3.6.jar:?]
02:05:27.338 [IPC Server handler 0 on default port 15057] ERROR OMAudit - user=runner | ip=127.0.0.1 | op=GET_FILE_STATUS {volume=volume43065, bucket=bucket81401, key=gdir1/dir2, dataSize=0, replicationConfig=null} | ret=FAILURE
org.apache.hadoop.ozone.om.exceptions.OMException: Unable to get file status: volume: volume43065 bucket: bucket81401 key: gdir1/dir2
	at org.apache.hadoop.ozone.om.KeyManagerImpl.getOzoneFileStatus(KeyManagerImpl.java:1195) ~[ozone-manager-1.4.0-SNAPSHOT.jar:?]
	at org.apache.hadoop.ozone.om.KeyManagerImpl.getFileStatus(KeyManagerImpl.java:1113) ~[ozone-manager-1.4.0-SNAPSHOT.jar:?]
	at org.apache.hadoop.ozone.om.OmMetadataReader.getFileStatus(OmMetadataReader.java:262) ~[ozone-manager-1.4.0-SNAPSHOT.jar:?]
	at org.apache.hadoop.ozone.om.OzoneManager.getFileStatus(OzoneManager.java:3533) ~[ozone-manager-1.4.0-SNAPSHOT.jar:?]
	at org.apache.hadoop.ozone.protocolPB.OzoneManagerRequestHandler.getOzoneFileStatus(OzoneManagerRequestHandler.java:971) ~[ozone-manager-1.4.0-SNAPSHOT.jar:?]
	at org.apache.hadoop.ozone.protocolPB.OzoneManagerRequestHandler.handleReadRequest(OzoneManagerRequestHandler.java:250) ~[ozone-manager-1.4.0-SNAPSHOT.jar:?]
	at org.apache.hadoop.ozone.protocolPB.OzoneManagerProtocolServerSideTranslatorPB.submitRequestDirectlyToOM(OzoneManagerProtocolServerSideTranslatorPB.java:274) ~[ozone-manager-1.4.0-SNAPSHOT.jar:?]
	at org.apache.hadoop.ozone.protocolPB.OzoneManagerProtocolServerSideTranslatorPB.processRequest(OzoneManagerProtocolServerSideTranslatorPB.java:175) ~[ozone-manager-1.4.0-SNAPSHOT.jar:?]
	at org.apache.hadoop.hdds.server.OzoneProtocolMessageDispatcher.processRequest(OzoneProtocolMessageDispatcher.java:87) [hdds-server-framework-1.4.0-SNAPSHOT.jar:?]
	at org.apache.hadoop.ozone.protocolPB.OzoneManagerProtocolServerSideTranslatorPB.submitRequest(OzoneManagerProtocolServerSideTranslatorPB.java:148) [ozone-manager-1.4.0-SNAPSHOT.jar:?]
	at org.apache.hadoop.ozone.protocol.proto.OzoneManagerProtocolProtos$OzoneManagerService$2.callBlockingMethod(OzoneManagerProtocolProtos.java) [ozone-interface-client-1.4.0-SNAPSHOT.jar:?]
	at org.apache.hadoop.ipc.ProtobufRpcEngine$Server.processCall(ProtobufRpcEngine.java:484) [hadoop-common-3.3.6.jar:?]
	at org.apache.hadoop.ipc.ProtobufRpcEngine2$Server$ProtoBufRpcInvoker.call(ProtobufRpcEngine2.java:595) [hadoop-common-3.3.6.jar:?]
	at org.apache.hadoop.ipc.ProtobufRpcEngine2$Server$ProtoBufRpcInvoker.call(ProtobufRpcEngine2.java:573) [hadoop-common-3.3.6.jar:?]
	at org.apache.hadoop.ipc.RPC$Server.call(RPC.java:1227) [hadoop-common-3.3.6.jar:?]
	at org.apache.hadoop.ipc.Server$RpcCall.run(Server.java:1094) [hadoop-common-3.3.6.jar:?]
	at org.apache.hadoop.ipc.Server$RpcCall.run(Server.java:1017) [hadoop-common-3.3.6.jar:?]
	at java.security.AccessController.doPrivileged(Native Method) ~[?:1.8.0_382]
	at javax.security.auth.Subject.doAs(Subject.java:422) [?:1.8.0_382]
	at org.apache.hadoop.security.UserGroupInformation.doAs(UserGroupInformation.java:1899) [hadoop-common-3.3.6.jar:?]
	at org.apache.hadoop.ipc.Server$Handler.run(Server.java:3048) [hadoop-common-3.3.6.jar:?]
02:05:27.339 [IPC Server handler 2 on default port 15057] ERROR OMAudit - user=runner | ip=127.0.0.1 | op=GET_FILE_STATUS {volume=volume43065, bucket=bucket81401, key=gdir1/dir2/child, dataSize=0, replicationConfig=null} | ret=FAILURE
org.apache.hadoop.ozone.om.exceptions.OMException: Unable to get file status: volume: volume43065 bucket: bucket81401 key: gdir1/dir2/child
	at org.apache.hadoop.ozone.om.KeyManagerImpl.getOzoneFileStatus(KeyManagerImpl.java:1195) ~[ozone-manager-1.4.0-SNAPSHOT.jar:?]
	at org.apache.hadoop.ozone.om.KeyManagerImpl.getFileStatus(KeyManagerImpl.java:1113) ~[ozone-manager-1.4.0-SNAPSHOT.jar:?]
	at org.apache.hadoop.ozone.om.OmMetadataReader.getFileStatus(OmMetadataReader.java:262) ~[ozone-manager-1.4.0-SNAPSHOT.jar:?]
	at org.apache.hadoop.ozone.om.OzoneManager.getFileStatus(OzoneManager.java:3533) ~[ozone-manager-1.4.0-SNAPSHOT.jar:?]
	at org.apache.hadoop.ozone.protocolPB.OzoneManagerRequestHandler.getOzoneFileStatus(OzoneManagerRequestHandler.java:971) ~[ozone-manager-1.4.0-SNAPSHOT.jar:?]
	at org.apache.hadoop.ozone.protocolPB.OzoneManagerRequestHandler.handleReadRequest(OzoneManagerRequestHandler.java:250) ~[ozone-manager-1.4.0-SNAPSHOT.jar:?]
	at org.apache.hadoop.ozone.protocolPB.OzoneManagerProtocolServerSideTranslatorPB.submitRequestDirectlyToOM(OzoneManagerProtocolServerSideTranslatorPB.java:274) ~[ozone-manager-1.4.0-SNAPSHOT.jar:?]
	at org.apache.hadoop.ozone.protocolPB.OzoneManagerProtocolServerSideTranslatorPB.processRequest(OzoneManagerProtocolServerSideTranslatorPB.java:175) ~[ozone-manager-1.4.0-SNAPSHOT.jar:?]
	at org.apache.hadoop.hdds.server.OzoneProtocolMessageDispatcher.processRequest(OzoneProtocolMessageDispatcher.java:87) [hdds-server-framework-1.4.0-SNAPSHOT.jar:?]
	at org.apache.hadoop.ozone.protocolPB.OzoneManagerProtocolServerSideTranslatorPB.submitRequest(OzoneManagerProtocolServerSideTranslatorPB.java:148) [ozone-manager-1.4.0-SNAPSHOT.jar:?]
	at org.apache.hadoop.ozone.protocol.proto.OzoneManagerProtocolProtos$OzoneManagerService$2.callBlockingMethod(OzoneManagerProtocolProtos.java) [ozone-interface-client-1.4.0-SNAPSHOT.jar:?]
	at org.apache.hadoop.ipc.ProtobufRpcEngine$Server.processCall(ProtobufRpcEngine.java:484) [hadoop-common-3.3.6.jar:?]
	at org.apache.hadoop.ipc.ProtobufRpcEngine2$Server$ProtoBufRpcInvoker.call(ProtobufRpcEngine2.java:595) [hadoop-common-3.3.6.jar:?]
	at org.apache.hadoop.ipc.ProtobufRpcEngine2$Server$ProtoBufRpcInvoker.call(ProtobufRpcEngine2.java:573) [hadoop-common-3.3.6.jar:?]
	at org.apache.hadoop.ipc.RPC$Server.call(RPC.java:1227) [hadoop-common-3.3.6.jar:?]
	at org.apache.hadoop.ipc.Server$RpcCall.run(Server.java:1094) [hadoop-common-3.3.6.jar:?]
	at org.apache.hadoop.ipc.Server$RpcCall.run(Server.java:1017) [hadoop-common-3.3.6.jar:?]
	at java.security.AccessController.doPrivileged(Native Method) ~[?:1.8.0_382]
	at javax.security.auth.Subject.doAs(Subject.java:422) [?:1.8.0_382]
	at org.apache.hadoop.security.UserGroupInformation.doAs(UserGroupInformation.java:1899) [hadoop-common-3.3.6.jar:?]
	at org.apache.hadoop.ipc.Server$Handler.run(Server.java:3048) [hadoop-common-3.3.6.jar:?]
02:05:27.340 [IPC Server handler 1 on default port 15057] ERROR OMAudit - user=runner | ip=127.0.0.1 | op=GET_FILE_STATUS {volume=volume43065, bucket=bucket81401, key=gdir1/dir3, dataSize=0, replicationConfig=null} | ret=FAILURE
org.apache.hadoop.ozone.om.exceptions.OMException: Unable to get file status: volume: volume43065 bucket: bucket81401 key: gdir1/dir3
	at org.apache.hadoop.ozone.om.KeyManagerImpl.getOzoneFileStatus(KeyManagerImpl.java:1195) ~[ozone-manager-1.4.0-SNAPSHOT.jar:?]
	at org.apache.hadoop.ozone.om.KeyManagerImpl.getFileStatus(KeyManagerImpl.java:1113) ~[ozone-manager-1.4.0-SNAPSHOT.jar:?]
	at org.apache.hadoop.ozone.om.OmMetadataReader.getFileStatus(OmMetadataReader.java:262) ~[ozone-manager-1.4.0-SNAPSHOT.jar:?]
	at org.apache.hadoop.ozone.om.OzoneManager.getFileStatus(OzoneManager.java:3533) ~[ozone-manager-1.4.0-SNAPSHOT.jar:?]
	at org.apache.hadoop.ozone.protocolPB.OzoneManagerRequestHandler.getOzoneFileStatus(OzoneManagerRequestHandler.java:971) ~[ozone-manager-1.4.0-SNAPSHOT.jar:?]
	at org.apache.hadoop.ozone.protocolPB.OzoneManagerRequestHandler.handleReadRequest(OzoneManagerRequestHandler.java:250) ~[ozone-manager-1.4.0-SNAPSHOT.jar:?]
	at org.apache.hadoop.ozone.protocolPB.OzoneManagerProtocolServerSideTranslatorPB.submitRequestDirectlyToOM(OzoneManagerProtocolServerSideTranslatorPB.java:274) ~[ozone-manager-1.4.0-SNAPSHOT.jar:?]
	at org.apache.hadoop.ozone.protocolPB.OzoneManagerProtocolServerSideTranslatorPB.processRequest(OzoneManagerProtocolServerSideTranslatorPB.java:175) ~[ozone-manager-1.4.0-SNAPSHOT.jar:?]
	at org.apache.hadoop.hdds.server.OzoneProtocolMessageDispatcher.processRequest(OzoneProtocolMessageDispatcher.java:87) [hdds-server-framework-1.4.0-SNAPSHOT.jar:?]
	at org.apache.hadoop.ozone.protocolPB.OzoneManagerProtocolServerSideTranslatorPB.submitRequest(OzoneManagerProtocolServerSideTranslatorPB.java:148) [ozone-manager-1.4.0-SNAPSHOT.jar:?]
	at org.apache.hadoop.ozone.protocol.proto.OzoneManagerProtocolProtos$OzoneManagerService$2.callBlockingMethod(OzoneManagerProtocolProtos.java) [ozone-interface-client-1.4.0-SNAPSHOT.jar:?]
	at org.apache.hadoop.ipc.ProtobufRpcEngine$Server.processCall(ProtobufRpcEngine.java:484) [hadoop-common-3.3.6.jar:?]
	at org.apache.hadoop.ipc.ProtobufRpcEngine2$Server$ProtoBufRpcInvoker.call(ProtobufRpcEngine2.java:595) [hadoop-common-3.3.6.jar:?]
	at org.apache.hadoop.ipc.ProtobufRpcEngine2$Server$ProtoBufRpcInvoker.call(ProtobufRpcEngine2.java:573) [hadoop-common-3.3.6.jar:?]
	at org.apache.hadoop.ipc.RPC$Server.call(RPC.java:1227) [hadoop-common-3.3.6.jar:?]
	at org.apache.hadoop.ipc.Server$RpcCall.run(Server.java:1094) [hadoop-common-3.3.6.jar:?]
	at org.apache.hadoop.ipc.Server$RpcCall.run(Server.java:1017) [hadoop-common-3.3.6.jar:?]
	at java.security.AccessController.doPrivileged(Native Method) ~[?:1.8.0_382]
	at javax.security.auth.Subject.doAs(Subject.java:422) [?:1.8.0_382]
	at org.apache.hadoop.security.UserGroupInformation.doAs(UserGroupInformation.java:1899) [hadoop-common-3.3.6.jar:?]
	at org.apache.hadoop.ipc.Server$Handler.run(Server.java:3048) [hadoop-common-3.3.6.jar:?]
02:05:27.341 [IPC Server handler 3 on default port 15057] ERROR OMAudit - user=runner | ip=127.0.0.1 | op=GET_FILE_STATUS {volume=volume43065, bucket=bucket81401, key=gdir1/dir3/child, dataSize=0, replicationConfig=null} | ret=FAILURE
org.apache.hadoop.ozone.om.exceptions.OMException: Unable to get file status: volume: volume43065 bucket: bucket81401 key: gdir1/dir3/child
	at org.apache.hadoop.ozone.om.KeyManagerImpl.getOzoneFileStatus(KeyManagerImpl.java:1195) ~[ozone-manager-1.4.0-SNAPSHOT.jar:?]
	at org.apache.hadoop.ozone.om.KeyManagerImpl.getFileStatus(KeyManagerImpl.java:1113) ~[ozone-manager-1.4.0-SNAPSHOT.jar:?]
	at org.apache.hadoop.ozone.om.OmMetadataReader.getFileStatus(OmMetadataReader.java:262) ~[ozone-manager-1.4.0-SNAPSHOT.jar:?]
	at org.apache.hadoop.ozone.om.OzoneManager.getFileStatus(OzoneManager.java:3533) ~[ozone-manager-1.4.0-SNAPSHOT.jar:?]
	at org.apache.hadoop.ozone.protocolPB.OzoneManagerRequestHandler.getOzoneFileStatus(OzoneManagerRequestHandler.java:971) ~[ozone-manager-1.4.0-SNAPSHOT.jar:?]
	at org.apache.hadoop.ozone.protocolPB.OzoneManagerRequestHandler.handleReadRequest(OzoneManagerRequestHandler.java:250) ~[ozone-manager-1.4.0-SNAPSHOT.jar:?]
	at org.apache.hadoop.ozone.protocolPB.OzoneManagerProtocolServerSideTranslatorPB.submitRequestDirectlyToOM(OzoneManagerProtocolServerSideTranslatorPB.java:274) ~[ozone-manager-1.4.0-SNAPSHOT.jar:?]
	at org.apache.hadoop.ozone.protocolPB.OzoneManagerProtocolServerSideTranslatorPB.processRequest(OzoneManagerProtocolServerSideTranslatorPB.java:175) ~[ozone-manager-1.4.0-SNAPSHOT.jar:?]
	at org.apache.hadoop.hdds.server.OzoneProtocolMessageDispatcher.processRequest(OzoneProtocolMessageDispatcher.java:87) [hdds-server-framework-1.4.0-SNAPSHOT.jar:?]
	at org.apache.hadoop.ozone.protocolPB.OzoneManagerProtocolServerSideTranslatorPB.submitRequest(OzoneManagerProtocolServerSideTranslatorPB.java:148) [ozone-manager-1.4.0-SNAPSHOT.jar:?]
	at org.apache.hadoop.ozone.protocol.proto.OzoneManagerProtocolProtos$OzoneManagerService$2.callBlockingMethod(OzoneManagerProtocolProtos.java) [ozone-interface-client-1.4.0-SNAPSHOT.jar:?]
	at org.apache.hadoop.ipc.ProtobufRpcEngine$Server.processCall(ProtobufRpcEngine.java:484) [hadoop-common-3.3.6.jar:?]
	at org.apache.hadoop.ipc.ProtobufRpcEngine2$Server$ProtoBufRpcInvoker.call(ProtobufRpcEngine2.java:595) [hadoop-common-3.3.6.jar:?]
	at org.apache.hadoop.ipc.ProtobufRpcEngine2$Server$ProtoBufRpcInvoker.call(ProtobufRpcEngine2.java:573) [hadoop-common-3.3.6.jar:?]
	at org.apache.hadoop.ipc.RPC$Server.call(RPC.java:1227) [hadoop-common-3.3.6.jar:?]
	at org.apache.hadoop.ipc.Server$RpcCall.run(Server.java:1094) [hadoop-common-3.3.6.jar:?]
	at org.apache.hadoop.ipc.Server$RpcCall.run(Server.java:1017) [hadoop-common-3.3.6.jar:?]
	at java.security.AccessController.doPrivileged(Native Method) ~[?:1.8.0_382]
	at javax.security.auth.Subject.doAs(Subject.java:422) [?:1.8.0_382]
	at org.apache.hadoop.security.UserGroupInformation.doAs(UserGroupInformation.java:1899) [hadoop-common-3.3.6.jar:?]
	at org.apache.hadoop.ipc.Server$Handler.run(Server.java:3048) [hadoop-common-3.3.6.jar:?]
02:05:27.342 [IPC Server handler 4 on default port 15057] ERROR OMAudit - user=runner | ip=127.0.0.1 | op=GET_FILE_STATUS {volume=volume43065, bucket=bucket81401, key=gdir1/dir4, dataSize=0, replicationConfig=null} | ret=FAILURE
org.apache.hadoop.ozone.om.exceptions.OMException: Unable to get file status: volume: volume43065 bucket: bucket81401 key: gdir1/dir4
	at org.apache.hadoop.ozone.om.KeyManagerImpl.getOzoneFileStatus(KeyManagerImpl.java:1195) ~[ozone-manager-1.4.0-SNAPSHOT.jar:?]
	at org.apache.hadoop.ozone.om.KeyManagerImpl.getFileStatus(KeyManagerImpl.java:1113) ~[ozone-manager-1.4.0-SNAPSHOT.jar:?]
	at org.apache.hadoop.ozone.om.OmMetadataReader.getFileStatus(OmMetadataReader.java:262) ~[ozone-manager-1.4.0-SNAPSHOT.jar:?]
	at org.apache.hadoop.ozone.om.OzoneManager.getFileStatus(OzoneManager.java:3533) ~[ozone-manager-1.4.0-SNAPSHOT.jar:?]
	at org.apache.hadoop.ozone.protocolPB.OzoneManagerRequestHandler.getOzoneFileStatus(OzoneManagerRequestHandler.java:971) ~[ozone-manager-1.4.0-SNAPSHOT.jar:?]
	at org.apache.hadoop.ozone.protocolPB.OzoneManagerRequestHandler.handleReadRequest(OzoneManagerRequestHandler.java:250) ~[ozone-manager-1.4.0-SNAPSHOT.jar:?]
	at org.apache.hadoop.ozone.protocolPB.OzoneManagerProtocolServerSideTranslatorPB.submitRequestDirectlyToOM(OzoneManagerProtocolServerSideTranslatorPB.java:274) ~[ozone-manager-1.4.0-SNAPSHOT.jar:?]
	at org.apache.hadoop.ozone.protocolPB.OzoneManagerProtocolServerSideTranslatorPB.processRequest(OzoneManagerProtocolServerSideTranslatorPB.java:175) ~[ozone-manager-1.4.0-SNAPSHOT.jar:?]
	at org.apache.hadoop.hdds.server.OzoneProtocolMessageDispatcher.processRequest(OzoneProtocolMessageDispatcher.java:87) [hdds-server-framework-1.4.0-SNAPSHOT.jar:?]
	at org.apache.hadoop.ozone.protocolPB.OzoneManagerProtocolServerSideTranslatorPB.submitRequest(OzoneManagerProtocolServerSideTranslatorPB.java:148) [ozone-manager-1.4.0-SNAPSHOT.jar:?]
	at org.apache.hadoop.ozone.protocol.proto.OzoneManagerProtocolProtos$OzoneManagerService$2.callBlockingMethod(OzoneManagerProtocolProtos.java) [ozone-interface-client-1.4.0-SNAPSHOT.jar:?]
	at org.apache.hadoop.ipc.ProtobufRpcEngine$Server.processCall(ProtobufRpcEngine.java:484) [hadoop-common-3.3.6.jar:?]
	at org.apache.hadoop.ipc.ProtobufRpcEngine2$Server$ProtoBufRpcInvoker.call(ProtobufRpcEngine2.java:595) [hadoop-common-3.3.6.jar:?]
	at org.apache.hadoop.ipc.ProtobufRpcEngine2$Server$ProtoBufRpcInvoker.call(ProtobufRpcEngine2.java:573) [hadoop-common-3.3.6.jar:?]
	at org.apache.hadoop.ipc.RPC$Server.call(RPC.java:1227) [hadoop-common-3.3.6.jar:?]
	at org.apache.hadoop.ipc.Server$RpcCall.run(Server.java:1094) [hadoop-common-3.3.6.jar:?]
	at org.apache.hadoop.ipc.Server$RpcCall.run(Server.java:1017) [hadoop-common-3.3.6.jar:?]
	at java.security.AccessController.doPrivileged(Native Method) ~[?:1.8.0_382]
	at javax.security.auth.Subject.doAs(Subject.java:422) [?:1.8.0_382]
	at org.apache.hadoop.security.UserGroupInformation.doAs(UserGroupInformation.java:1899) [hadoop-common-3.3.6.jar:?]
	at org.apache.hadoop.ipc.Server$Handler.run(Server.java:3048) [hadoop-common-3.3.6.jar:?]
02:05:27.343 [IPC Server handler 5 on default port 15057] ERROR OMAudit - user=runner | ip=127.0.0.1 | op=GET_FILE_STATUS {volume=volume43065, bucket=bucket81401, key=gdir1/dir4/child, dataSize=0, replicationConfig=null} | ret=FAILURE
org.apache.hadoop.ozone.om.exceptions.OMException: Unable to get file status: volume: volume43065 bucket: bucket81401 key: gdir1/dir4/child
	at org.apache.hadoop.ozone.om.KeyManagerImpl.getOzoneFileStatus(KeyManagerImpl.java:1195) ~[ozone-manager-1.4.0-SNAPSHOT.jar:?]
	at org.apache.hadoop.ozone.om.KeyManagerImpl.getFileStatus(KeyManagerImpl.java:1113) ~[ozone-manager-1.4.0-SNAPSHOT.jar:?]
	at org.apache.hadoop.ozone.om.OmMetadataReader.getFileStatus(OmMetadataReader.java:262) ~[ozone-manager-1.4.0-SNAPSHOT.jar:?]
	at org.apache.hadoop.ozone.om.OzoneManager.getFileStatus(OzoneManager.java:3533) ~[ozone-manager-1.4.0-SNAPSHOT.jar:?]
	at org.apache.hadoop.ozone.protocolPB.OzoneManagerRequestHandler.getOzoneFileStatus(OzoneManagerRequestHandler.java:971) ~[ozone-manager-1.4.0-SNAPSHOT.jar:?]
	at org.apache.hadoop.ozone.protocolPB.OzoneManagerRequestHandler.handleReadRequest(OzoneManagerRequestHandler.java:250) ~[ozone-manager-1.4.0-SNAPSHOT.jar:?]
	at org.apache.hadoop.ozone.protocolPB.OzoneManagerProtocolServerSideTranslatorPB.submitRequestDirectlyToOM(OzoneManagerProtocolServerSideTranslatorPB.java:274) ~[ozone-manager-1.4.0-SNAPSHOT.jar:?]
	at org.apache.hadoop.ozone.protocolPB.OzoneManagerProtocolServerSideTranslatorPB.processRequest(OzoneManagerProtocolServerSideTranslatorPB.java:175) ~[ozone-manager-1.4.0-SNAPSHOT.jar:?]
	at org.apache.hadoop.hdds.server.OzoneProtocolMessageDispatcher.processRequest(OzoneProtocolMessageDispatcher.java:87) [hdds-server-framework-1.4.0-SNAPSHOT.jar:?]
	at org.apache.hadoop.ozone.protocolPB.OzoneManagerProtocolServerSideTranslatorPB.submitRequest(OzoneManagerProtocolServerSideTranslatorPB.java:148) [ozone-manager-1.4.0-SNAPSHOT.jar:?]
	at org.apache.hadoop.ozone.protocol.proto.OzoneManagerProtocolProtos$OzoneManagerService$2.callBlockingMethod(OzoneManagerProtocolProtos.java) [ozone-interface-client-1.4.0-SNAPSHOT.jar:?]
	at org.apache.hadoop.ipc.ProtobufRpcEngine$Server.processCall(ProtobufRpcEngine.java:484) [hadoop-common-3.3.6.jar:?]
	at org.apache.hadoop.ipc.ProtobufRpcEngine2$Server$ProtoBufRpcInvoker.call(ProtobufRpcEngine2.java:595) [hadoop-common-3.3.6.jar:?]
	at org.apache.hadoop.ipc.ProtobufRpcEngine2$Server$ProtoBufRpcInvoker.call(ProtobufRpcEngine2.java:573) [hadoop-common-3.3.6.jar:?]
	at org.apache.hadoop.ipc.RPC$Server.call(RPC.java:1227) [hadoop-common-3.3.6.jar:?]
	at org.apache.hadoop.ipc.Server$RpcCall.run(Server.java:1094) [hadoop-common-3.3.6.jar:?]
	at org.apache.hadoop.ipc.Server$RpcCall.run(Server.java:1017) [hadoop-common-3.3.6.jar:?]
	at java.security.AccessController.doPrivileged(Native Method) ~[?:1.8.0_382]
	at javax.security.auth.Subject.doAs(Subject.java:422) [?:1.8.0_382]
	at org.apache.hadoop.security.UserGroupInformation.doAs(UserGroupInformation.java:1899) [hadoop-common-3.3.6.jar:?]
	at org.apache.hadoop.ipc.Server$Handler.run(Server.java:3048) [hadoop-common-3.3.6.jar:?]
02:05:27.344 [IPC Server handler 6 on default port 15057] ERROR OMAudit - user=runner | ip=127.0.0.1 | op=GET_FILE_STATUS {volume=volume43065, bucket=bucket81401, key=gdir1/dir5, dataSize=0, replicationConfig=null} | ret=FAILURE
org.apache.hadoop.ozone.om.exceptions.OMException: Unable to get file status: volume: volume43065 bucket: bucket81401 key: gdir1/dir5
	at org.apache.hadoop.ozone.om.KeyManagerImpl.getOzoneFileStatus(KeyManagerImpl.java:1195) ~[ozone-manager-1.4.0-SNAPSHOT.jar:?]
	at org.apache.hadoop.ozone.om.KeyManagerImpl.getFileStatus(KeyManagerImpl.java:1113) ~[ozone-manager-1.4.0-SNAPSHOT.jar:?]
	at org.apache.hadoop.ozone.om.OmMetadataReader.getFileStatus(OmMetadataReader.java:262) ~[ozone-manager-1.4.0-SNAPSHOT.jar:?]
	at org.apache.hadoop.ozone.om.OzoneManager.getFileStatus(OzoneManager.java:3533) ~[ozone-manager-1.4.0-SNAPSHOT.jar:?]
	at org.apache.hadoop.ozone.protocolPB.OzoneManagerRequestHandler.getOzoneFileStatus(OzoneManagerRequestHandler.java:971) ~[ozone-manager-1.4.0-SNAPSHOT.jar:?]
	at org.apache.hadoop.ozone.protocolPB.OzoneManagerRequestHandler.handleReadRequest(OzoneManagerRequestHandler.java:250) ~[ozone-manager-1.4.0-SNAPSHOT.jar:?]
	at org.apache.hadoop.ozone.protocolPB.OzoneManagerProtocolServerSideTranslatorPB.submitRequestDirectlyToOM(OzoneManagerProtocolServerSideTranslatorPB.java:274) ~[ozone-manager-1.4.0-SNAPSHOT.jar:?]
	at org.apache.hadoop.ozone.protocolPB.OzoneManagerProtocolServerSideTranslatorPB.processRequest(OzoneManagerProtocolServerSideTranslatorPB.java:175) ~[ozone-manager-1.4.0-SNAPSHOT.jar:?]
	at org.apache.hadoop.hdds.server.OzoneProtocolMessageDispatcher.processRequest(OzoneProtocolMessageDispatcher.java:87) [hdds-server-framework-1.4.0-SNAPSHOT.jar:?]
	at org.apache.hadoop.ozone.protocolPB.OzoneManagerProtocolServerSideTranslatorPB.submitRequest(OzoneManagerProtocolServerSideTranslatorPB.java:148) [ozone-manager-1.4.0-SNAPSHOT.jar:?]
	at org.apache.hadoop.ozone.protocol.proto.OzoneManagerProtocolProtos$OzoneManagerService$2.callBlockingMethod(OzoneManagerProtocolProtos.java) [ozone-interface-client-1.4.0-SNAPSHOT.jar:?]
	at org.apache.hadoop.ipc.ProtobufRpcEngine$Server.processCall(ProtobufRpcEngine.java:484) [hadoop-common-3.3.6.jar:?]
	at org.apache.hadoop.ipc.ProtobufRpcEngine2$Server$ProtoBufRpcInvoker.call(ProtobufRpcEngine2.java:595) [hadoop-common-3.3.6.jar:?]
	at org.apache.hadoop.ipc.ProtobufRpcEngine2$Server$ProtoBufRpcInvoker.call(ProtobufRpcEngine2.java:573) [hadoop-common-3.3.6.jar:?]
	at org.apache.hadoop.ipc.RPC$Server.call(RPC.java:1227) [hadoop-common-3.3.6.jar:?]
	at org.apache.hadoop.ipc.Server$RpcCall.run(Server.java:1094) [hadoop-common-3.3.6.jar:?]
	at org.apache.hadoop.ipc.Server$RpcCall.run(Server.java:1017) [hadoop-common-3.3.6.jar:?]
	at java.security.AccessController.doPrivileged(Native Method) ~[?:1.8.0_382]
	at javax.security.auth.Subject.doAs(Subject.java:422) [?:1.8.0_382]
	at org.apache.hadoop.security.UserGroupInformation.doAs(UserGroupInformation.java:1899) [hadoop-common-3.3.6.jar:?]
	at org.apache.hadoop.ipc.Server$Handler.run(Server.java:3048) [hadoop-common-3.3.6.jar:?]
02:05:27.345 [IPC Server handler 8 on default port 15057] ERROR OMAudit - user=runner | ip=127.0.0.1 | op=GET_FILE_STATUS {volume=volume43065, bucket=bucket81401, key=gdir1/dir5/child, dataSize=0, replicationConfig=null} | ret=FAILURE
org.apache.hadoop.ozone.om.exceptions.OMException: Unable to get file status: volume: volume43065 bucket: bucket81401 key: gdir1/dir5/child
	at org.apache.hadoop.ozone.om.KeyManagerImpl.getOzoneFileStatus(KeyManagerImpl.java:1195) ~[ozone-manager-1.4.0-SNAPSHOT.jar:?]
	at org.apache.hadoop.ozone.om.KeyManagerImpl.getFileStatus(KeyManagerImpl.java:1113) ~[ozone-manager-1.4.0-SNAPSHOT.jar:?]
	at org.apache.hadoop.ozone.om.OmMetadataReader.getFileStatus(OmMetadataReader.java:262) ~[ozone-manager-1.4.0-SNAPSHOT.jar:?]
	at org.apache.hadoop.ozone.om.OzoneManager.getFileStatus(OzoneManager.java:3533) ~[ozone-manager-1.4.0-SNAPSHOT.jar:?]
	at org.apache.hadoop.ozone.protocolPB.OzoneManagerRequestHandler.getOzoneFileStatus(OzoneManagerRequestHandler.java:971) ~[ozone-manager-1.4.0-SNAPSHOT.jar:?]
	at org.apache.hadoop.ozone.protocolPB.OzoneManagerRequestHandler.handleReadRequest(OzoneManagerRequestHandler.java:250) ~[ozone-manager-1.4.0-SNAPSHOT.jar:?]
	at org.apache.hadoop.ozone.protocolPB.OzoneManagerProtocolServerSideTranslatorPB.submitRequestDirectlyToOM(OzoneManagerProtocolServerSideTranslatorPB.java:274) ~[ozone-manager-1.4.0-SNAPSHOT.jar:?]
	at org.apache.hadoop.ozone.protocolPB.OzoneManagerProtocolServerSideTranslatorPB.processRequest(OzoneManagerProtocolServerSideTranslatorPB.java:175) ~[ozone-manager-1.4.0-SNAPSHOT.jar:?]
	at org.apache.hadoop.hdds.server.OzoneProtocolMessageDispatcher.processRequest(OzoneProtocolMessageDispatcher.java:87) [hdds-server-framework-1.4.0-SNAPSHOT.jar:?]
	at org.apache.hadoop.ozone.protocolPB.OzoneManagerProtocolServerSideTranslatorPB.submitRequest(OzoneManagerProtocolServerSideTranslatorPB.java:148) [ozone-manager-1.4.0-SNAPSHOT.jar:?]
	at org.apache.hadoop.ozone.protocol.proto.OzoneManagerProtocolProtos$OzoneManagerService$2.callBlockingMethod(OzoneManagerProtocolProtos.java) [ozone-interface-client-1.4.0-SNAPSHOT.jar:?]
	at org.apache.hadoop.ipc.ProtobufRpcEngine$Server.processCall(ProtobufRpcEngine.java:484) [hadoop-common-3.3.6.jar:?]
	at org.apache.hadoop.ipc.ProtobufRpcEngine2$Server$ProtoBufRpcInvoker.call(ProtobufRpcEngine2.java:595) [hadoop-common-3.3.6.jar:?]
	at org.apache.hadoop.ipc.ProtobufRpcEngine2$Server$ProtoBufRpcInvoker.call(ProtobufRpcEngine2.java:573) [hadoop-common-3.3.6.jar:?]
	at org.apache.hadoop.ipc.RPC$Server.call(RPC.java:1227) [hadoop-common-3.3.6.jar:?]
	at org.apache.hadoop.ipc.Server$RpcCall.run(Server.java:1094) [hadoop-common-3.3.6.jar:?]
	at org.apache.hadoop.ipc.Server$RpcCall.run(Server.java:1017) [hadoop-common-3.3.6.jar:?]
	at java.security.AccessController.doPrivileged(Native Method) ~[?:1.8.0_382]
	at javax.security.auth.Subject.doAs(Subject.java:422) [?:1.8.0_382]
	at org.apache.hadoop.security.UserGroupInformation.doAs(UserGroupInformation.java:1899) [hadoop-common-3.3.6.jar:?]
	at org.apache.hadoop.ipc.Server$Handler.run(Server.java:3048) [hadoop-common-3.3.6.jar:?]
02:05:27.346 [IPC Server handler 7 on default port 15057] ERROR OMAudit - user=runner | ip=127.0.0.1 | op=GET_FILE_STATUS {volume=volume43065, bucket=bucket81401, key=gdir1/dir6, dataSize=0, replicationConfig=null} | ret=FAILURE
org.apache.hadoop.ozone.om.exceptions.OMException: Unable to get file status: volume: volume43065 bucket: bucket81401 key: gdir1/dir6
	at org.apache.hadoop.ozone.om.KeyManagerImpl.getOzoneFileStatus(KeyManagerImpl.java:1195) ~[ozone-manager-1.4.0-SNAPSHOT.jar:?]
	at org.apache.hadoop.ozone.om.KeyManagerImpl.getFileStatus(KeyManagerImpl.java:1113) ~[ozone-manager-1.4.0-SNAPSHOT.jar:?]
	at org.apache.hadoop.ozone.om.OmMetadataReader.getFileStatus(OmMetadataReader.java:262) ~[ozone-manager-1.4.0-SNAPSHOT.jar:?]
	at org.apache.hadoop.ozone.om.OzoneManager.getFileStatus(OzoneManager.java:3533) ~[ozone-manager-1.4.0-SNAPSHOT.jar:?]
	at org.apache.hadoop.ozone.protocolPB.OzoneManagerRequestHandler.getOzoneFileStatus(OzoneManagerRequestHandler.java:971) ~[ozone-manager-1.4.0-SNAPSHOT.jar:?]
	at org.apache.hadoop.ozone.protocolPB.OzoneManagerRequestHandler.handleReadRequest(OzoneManagerRequestHandler.java:250) ~[ozone-manager-1.4.0-SNAPSHOT.jar:?]
	at org.apache.hadoop.ozone.protocolPB.OzoneManagerProtocolServerSideTranslatorPB.submitRequestDirectlyToOM(OzoneManagerProtocolServerSideTranslatorPB.java:274) ~[ozone-manager-1.4.0-SNAPSHOT.jar:?]
	at org.apache.hadoop.ozone.protocolPB.OzoneManagerProtocolServerSideTranslatorPB.processRequest(OzoneManagerProtocolServerSideTranslatorPB.java:175) ~[ozone-manager-1.4.0-SNAPSHOT.jar:?]
	at org.apache.hadoop.hdds.server.OzoneProtocolMessageDispatcher.processRequest(OzoneProtocolMessageDispatcher.java:87) [hdds-server-framework-1.4.0-SNAPSHOT.jar:?]
	at org.apache.hadoop.ozone.protocolPB.OzoneManagerProtocolServerSideTranslatorPB.submitRequest(OzoneManagerProtocolServerSideTranslatorPB.java:148) [ozone-manager-1.4.0-SNAPSHOT.jar:?]
	at org.apache.hadoop.ozone.protocol.proto.OzoneManagerProtocolProtos$OzoneManagerService$2.callBlockingMethod(OzoneManagerProtocolProtos.java) [ozone-interface-client-1.4.0-SNAPSHOT.jar:?]
	at org.apache.hadoop.ipc.ProtobufRpcEngine$Server.processCall(ProtobufRpcEngine.java:484) [hadoop-common-3.3.6.jar:?]
	at org.apache.hadoop.ipc.ProtobufRpcEngine2$Server$ProtoBufRpcInvoker.call(ProtobufRpcEngine2.java:595) [hadoop-common-3.3.6.jar:?]
	at org.apache.hadoop.ipc.ProtobufRpcEngine2$Server$ProtoBufRpcInvoker.call(ProtobufRpcEngine2.java:573) [hadoop-common-3.3.6.jar:?]
	at org.apache.hadoop.ipc.RPC$Server.call(RPC.java:1227) [hadoop-common-3.3.6.jar:?]
	at org.apache.hadoop.ipc.Server$RpcCall.run(Server.java:1094) [hadoop-common-3.3.6.jar:?]
	at org.apache.hadoop.ipc.Server$RpcCall.run(Server.java:1017) [hadoop-common-3.3.6.jar:?]
	at java.security.AccessController.doPrivileged(Native Method) ~[?:1.8.0_382]
	at javax.security.auth.Subject.doAs(Subject.java:422) [?:1.8.0_382]
	at org.apache.hadoop.security.UserGroupInformation.doAs(UserGroupInformation.java:1899) [hadoop-common-3.3.6.jar:?]
	at org.apache.hadoop.ipc.Server$Handler.run(Server.java:3048) [hadoop-common-3.3.6.jar:?]
02:05:27.347 [IPC Server handler 9 on default port 15057] ERROR OMAudit - user=runner | ip=127.0.0.1 | op=GET_FILE_STATUS {volume=volume43065, bucket=bucket81401, key=gdir1/dir6/child, dataSize=0, replicationConfig=null} | ret=FAILURE
org.apache.hadoop.ozone.om.exceptions.OMException: Unable to get file status: volume: volume43065 bucket: bucket81401 key: gdir1/dir6/child
	at org.apache.hadoop.ozone.om.KeyManagerImpl.getOzoneFileStatus(KeyManagerImpl.java:1195) ~[ozone-manager-1.4.0-SNAPSHOT.jar:?]
	at org.apache.hadoop.ozone.om.KeyManagerImpl.getFileStatus(KeyManagerImpl.java:1113) ~[ozone-manager-1.4.0-SNAPSHOT.jar:?]
	at org.apache.hadoop.ozone.om.OmMetadataReader.getFileStatus(OmMetadataReader.java:262) ~[ozone-manager-1.4.0-SNAPSHOT.jar:?]
	at org.apache.hadoop.ozone.om.OzoneManager.getFileStatus(OzoneManager.java:3533) ~[ozone-manager-1.4.0-SNAPSHOT.jar:?]
	at org.apache.hadoop.ozone.protocolPB.OzoneManagerRequestHandler.getOzoneFileStatus(OzoneManagerRequestHandler.java:971) ~[ozone-manager-1.4.0-SNAPSHOT.jar:?]
	at org.apache.hadoop.ozone.protocolPB.OzoneManagerRequestHandler.handleReadRequest(OzoneManagerRequestHandler.java:250) ~[ozone-manager-1.4.0-SNAPSHOT.jar:?]
	at org.apache.hadoop.ozone.protocolPB.OzoneManagerProtocolServerSideTranslatorPB.submitRequestDirectlyToOM(OzoneManagerProtocolServerSideTranslatorPB.java:274) ~[ozone-manager-1.4.0-SNAPSHOT.jar:?]
	at org.apache.hadoop.ozone.protocolPB.OzoneManagerProtocolServerSideTranslatorPB.processRequest(OzoneManagerProtocolServerSideTranslatorPB.java:175) ~[ozone-manager-1.4.0-SNAPSHOT.jar:?]
	at org.apache.hadoop.hdds.server.OzoneProtocolMessageDispatcher.processRequest(OzoneProtocolMessageDispatcher.java:87) [hdds-server-framework-1.4.0-SNAPSHOT.jar:?]
	at org.apache.hadoop.ozone.protocolPB.OzoneManagerProtocolServerSideTranslatorPB.submitRequest(OzoneManagerProtocolServerSideTranslatorPB.java:148) [ozone-manager-1.4.0-SNAPSHOT.jar:?]
	at org.apache.hadoop.ozone.protocol.proto.OzoneManagerProtocolProtos$OzoneManagerService$2.callBlockingMethod(OzoneManagerProtocolProtos.java) [ozone-interface-client-1.4.0-SNAPSHOT.jar:?]
	at org.apache.hadoop.ipc.ProtobufRpcEngine$Server.processCall(ProtobufRpcEngine.java:484) [hadoop-common-3.3.6.jar:?]
	at org.apache.hadoop.ipc.ProtobufRpcEngine2$Server$ProtoBufRpcInvoker.call(ProtobufRpcEngine2.java:595) [hadoop-common-3.3.6.jar:?]
	at org.apache.hadoop.ipc.ProtobufRpcEngine2$Server$ProtoBufRpcInvoker.call(ProtobufRpcEngine2.java:573) [hadoop-common-3.3.6.jar:?]
	at org.apache.hadoop.ipc.RPC$Server.call(RPC.java:1227) [hadoop-common-3.3.6.jar:?]
	at org.apache.hadoop.ipc.Server$RpcCall.run(Server.java:1094) [hadoop-common-3.3.6.jar:?]
	at org.apache.hadoop.ipc.Server$RpcCall.run(Server.java:1017) [hadoop-common-3.3.6.jar:?]
	at java.security.AccessController.doPrivileged(Native Method) ~[?:1.8.0_382]
	at javax.security.auth.Subject.doAs(Subject.java:422) [?:1.8.0_382]
	at org.apache.hadoop.security.UserGroupInformation.doAs(UserGroupInformation.java:1899) [hadoop-common-3.3.6.jar:?]
	at org.apache.hadoop.ipc.Server$Handler.run(Server.java:3048) [hadoop-common-3.3.6.jar:?]
02:05:27.348 [IPC Server handler 10 on default port 15057] ERROR OMAudit - user=runner | ip=127.0.0.1 | op=GET_FILE_STATUS {volume=volume43065, bucket=bucket81401, key=gdir1/dir7, dataSize=0, replicationConfig=null} | ret=FAILURE
org.apache.hadoop.ozone.om.exceptions.OMException: Unable to get file status: volume: volume43065 bucket: bucket81401 key: gdir1/dir7
	at org.apache.hadoop.ozone.om.KeyManagerImpl.getOzoneFileStatus(KeyManagerImpl.java:1195) ~[ozone-manager-1.4.0-SNAPSHOT.jar:?]
	at org.apache.hadoop.ozone.om.KeyManagerImpl.getFileStatus(KeyManagerImpl.java:1113) ~[ozone-manager-1.4.0-SNAPSHOT.jar:?]
	at org.apache.hadoop.ozone.om.OmMetadataReader.getFileStatus(OmMetadataReader.java:262) ~[ozone-manager-1.4.0-SNAPSHOT.jar:?]
	at org.apache.hadoop.ozone.om.OzoneManager.getFileStatus(OzoneManager.java:3533) ~[ozone-manager-1.4.0-SNAPSHOT.jar:?]
	at org.apache.hadoop.ozone.protocolPB.OzoneManagerRequestHandler.getOzoneFileStatus(OzoneManagerRequestHandler.java:971) ~[ozone-manager-1.4.0-SNAPSHOT.jar:?]
	at org.apache.hadoop.ozone.protocolPB.OzoneManagerRequestHandler.handleReadRequest(OzoneManagerRequestHandler.java:250) ~[ozone-manager-1.4.0-SNAPSHOT.jar:?]
	at org.apache.hadoop.ozone.protocolPB.OzoneManagerProtocolServerSideTranslatorPB.submitRequestDirectlyToOM(OzoneManagerProtocolServerSideTranslatorPB.java:274) ~[ozone-manager-1.4.0-SNAPSHOT.jar:?]
	at org.apache.hadoop.ozone.protocolPB.OzoneManagerProtocolServerSideTranslatorPB.processRequest(OzoneManagerProtocolServerSideTranslatorPB.java:175) ~[ozone-manager-1.4.0-SNAPSHOT.jar:?]
	at org.apache.hadoop.hdds.server.OzoneProtocolMessageDispatcher.processRequest(OzoneProtocolMessageDispatcher.java:87) [hdds-server-framework-1.4.0-SNAPSHOT.jar:?]
	at org.apache.hadoop.ozone.protocolPB.OzoneManagerProtocolServerSideTranslatorPB.submitRequest(OzoneManagerProtocolServerSideTranslatorPB.java:148) [ozone-manager-1.4.0-SNAPSHOT.jar:?]
	at org.apache.hadoop.ozone.protocol.proto.OzoneManagerProtocolProtos$OzoneManagerService$2.callBlockingMethod(OzoneManagerProtocolProtos.java) [ozone-interface-client-1.4.0-SNAPSHOT.jar:?]
	at org.apache.hadoop.ipc.ProtobufRpcEngine$Server.processCall(ProtobufRpcEngine.java:484) [hadoop-common-3.3.6.jar:?]
	at org.apache.hadoop.ipc.ProtobufRpcEngine2$Server$ProtoBufRpcInvoker.call(ProtobufRpcEngine2.java:595) [hadoop-common-3.3.6.jar:?]
	at org.apache.hadoop.ipc.ProtobufRpcEngine2$Server$ProtoBufRpcInvoker.call(ProtobufRpcEngine2.java:573) [hadoop-common-3.3.6.jar:?]
	at org.apache.hadoop.ipc.RPC$Server.call(RPC.java:1227) [hadoop-common-3.3.6.jar:?]
	at org.apache.hadoop.ipc.Server$RpcCall.run(Server.java:1094) [hadoop-common-3.3.6.jar:?]
	at org.apache.hadoop.ipc.Server$RpcCall.run(Server.java:1017) [hadoop-common-3.3.6.jar:?]
	at java.security.AccessController.doPrivileged(Native Method) ~[?:1.8.0_382]
	at javax.security.auth.Subject.doAs(Subject.java:422) [?:1.8.0_382]
	at org.apache.hadoop.security.UserGroupInformation.doAs(UserGroupInformation.java:1899) [hadoop-common-3.3.6.jar:?]
	at org.apache.hadoop.ipc.Server$Handler.run(Server.java:3048) [hadoop-common-3.3.6.jar:?]
02:05:27.349 [IPC Server handler 11 on default port 15057] ERROR OMAudit - user=runner | ip=127.0.0.1 | op=GET_FILE_STATUS {volume=volume43065, bucket=bucket81401, key=gdir1/dir7/child, dataSize=0, replicationConfig=null} | ret=FAILURE
org.apache.hadoop.ozone.om.exceptions.OMException: Unable to get file status: volume: volume43065 bucket: bucket81401 key: gdir1/dir7/child
	at org.apache.hadoop.ozone.om.KeyManagerImpl.getOzoneFileStatus(KeyManagerImpl.java:1195) ~[ozone-manager-1.4.0-SNAPSHOT.jar:?]
	at org.apache.hadoop.ozone.om.KeyManagerImpl.getFileStatus(KeyManagerImpl.java:1113) ~[ozone-manager-1.4.0-SNAPSHOT.jar:?]
	at org.apache.hadoop.ozone.om.OmMetadataReader.getFileStatus(OmMetadataReader.java:262) ~[ozone-manager-1.4.0-SNAPSHOT.jar:?]
	at org.apache.hadoop.ozone.om.OzoneManager.getFileStatus(OzoneManager.java:3533) ~[ozone-manager-1.4.0-SNAPSHOT.jar:?]
	at org.apache.hadoop.ozone.protocolPB.OzoneManagerRequestHandler.getOzoneFileStatus(OzoneManagerRequestHandler.java:971) ~[ozone-manager-1.4.0-SNAPSHOT.jar:?]
	at org.apache.hadoop.ozone.protocolPB.OzoneManagerRequestHandler.handleReadRequest(OzoneManagerRequestHandler.java:250) ~[ozone-manager-1.4.0-SNAPSHOT.jar:?]
	at org.apache.hadoop.ozone.protocolPB.OzoneManagerProtocolServerSideTranslatorPB.submitRequestDirectlyToOM(OzoneManagerProtocolServerSideTranslatorPB.java:274) ~[ozone-manager-1.4.0-SNAPSHOT.jar:?]
	at org.apache.hadoop.ozone.protocolPB.OzoneManagerProtocolServerSideTranslatorPB.processRequest(OzoneManagerProtocolServerSideTranslatorPB.java:175) ~[ozone-manager-1.4.0-SNAPSHOT.jar:?]
	at org.apache.hadoop.hdds.server.OzoneProtocolMessageDispatcher.processRequest(OzoneProtocolMessageDispatcher.java:87) [hdds-server-framework-1.4.0-SNAPSHOT.jar:?]
	at org.apache.hadoop.ozone.protocolPB.OzoneManagerProtocolServerSideTranslatorPB.submitRequest(OzoneManagerProtocolServerSideTranslatorPB.java:148) [ozone-manager-1.4.0-SNAPSHOT.jar:?]
	at org.apache.hadoop.ozone.protocol.proto.OzoneManagerProtocolProtos$OzoneManagerService$2.callBlockingMethod(OzoneManagerProtocolProtos.java) [ozone-interface-client-1.4.0-SNAPSHOT.jar:?]
	at org.apache.hadoop.ipc.ProtobufRpcEngine$Server.processCall(ProtobufRpcEngine.java:484) [hadoop-common-3.3.6.jar:?]
	at org.apache.hadoop.ipc.ProtobufRpcEngine2$Server$ProtoBufRpcInvoker.call(ProtobufRpcEngine2.java:595) [hadoop-common-3.3.6.jar:?]
	at org.apache.hadoop.ipc.ProtobufRpcEngine2$Server$ProtoBufRpcInvoker.call(ProtobufRpcEngine2.java:573) [hadoop-common-3.3.6.jar:?]
	at org.apache.hadoop.ipc.RPC$Server.call(RPC.java:1227) [hadoop-common-3.3.6.jar:?]
	at org.apache.hadoop.ipc.Server$RpcCall.run(Server.java:1094) [hadoop-common-3.3.6.jar:?]
	at org.apache.hadoop.ipc.Server$RpcCall.run(Server.java:1017) [hadoop-common-3.3.6.jar:?]
	at java.security.AccessController.doPrivileged(Native Method) ~[?:1.8.0_382]
	at javax.security.auth.Subject.doAs(Subject.java:422) [?:1.8.0_382]
	at org.apache.hadoop.security.UserGroupInformation.doAs(UserGroupInformation.java:1899) [hadoop-common-3.3.6.jar:?]
	at org.apache.hadoop.ipc.Server$Handler.run(Server.java:3048) [hadoop-common-3.3.6.jar:?]
02:05:27.350 [IPC Server handler 12 on default port 15057] ERROR OMAudit - user=runner | ip=127.0.0.1 | op=GET_FILE_STATUS {volume=volume43065, bucket=bucket81401, key=gdir1/dir8, dataSize=0, replicationConfig=null} | ret=FAILURE
org.apache.hadoop.ozone.om.exceptions.OMException: Unable to get file status: volume: volume43065 bucket: bucket81401 key: gdir1/dir8
	at org.apache.hadoop.ozone.om.KeyManagerImpl.getOzoneFileStatus(KeyManagerImpl.java:1195) ~[ozone-manager-1.4.0-SNAPSHOT.jar:?]
	at org.apache.hadoop.ozone.om.KeyManagerImpl.getFileStatus(KeyManagerImpl.java:1113) ~[ozone-manager-1.4.0-SNAPSHOT.jar:?]
	at org.apache.hadoop.ozone.om.OmMetadataReader.getFileStatus(OmMetadataReader.java:262) ~[ozone-manager-1.4.0-SNAPSHOT.jar:?]
	at org.apache.hadoop.ozone.om.OzoneManager.getFileStatus(OzoneManager.java:3533) ~[ozone-manager-1.4.0-SNAPSHOT.jar:?]
	at org.apache.hadoop.ozone.protocolPB.OzoneManagerRequestHandler.getOzoneFileStatus(OzoneManagerRequestHandler.java:971) ~[ozone-manager-1.4.0-SNAPSHOT.jar:?]
	at org.apache.hadoop.ozone.protocolPB.OzoneManagerRequestHandler.handleReadRequest(OzoneManagerRequestHandler.java:250) ~[ozone-manager-1.4.0-SNAPSHOT.jar:?]
	at org.apache.hadoop.ozone.protocolPB.OzoneManagerProtocolServerSideTranslatorPB.submitRequestDirectlyToOM(OzoneManagerProtocolServerSideTranslatorPB.java:274) ~[ozone-manager-1.4.0-SNAPSHOT.jar:?]
	at org.apache.hadoop.ozone.protocolPB.OzoneManagerProtocolServerSideTranslatorPB.processRequest(OzoneManagerProtocolServerSideTranslatorPB.java:175) ~[ozone-manager-1.4.0-SNAPSHOT.jar:?]
	at org.apache.hadoop.hdds.server.OzoneProtocolMessageDispatcher.processRequest(OzoneProtocolMessageDispatcher.java:87) [hdds-server-framework-1.4.0-SNAPSHOT.jar:?]
	at org.apache.hadoop.ozone.protocolPB.OzoneManagerProtocolServerSideTranslatorPB.submitRequest(OzoneManagerProtocolServerSideTranslatorPB.java:148) [ozone-manager-1.4.0-SNAPSHOT.jar:?]
	at org.apache.hadoop.ozone.protocol.proto.OzoneManagerProtocolProtos$OzoneManagerService$2.callBlockingMethod(OzoneManagerProtocolProtos.java) [ozone-interface-client-1.4.0-SNAPSHOT.jar:?]
	at org.apache.hadoop.ipc.ProtobufRpcEngine$Server.processCall(ProtobufRpcEngine.java:484) [hadoop-common-3.3.6.jar:?]
	at org.apache.hadoop.ipc.ProtobufRpcEngine2$Server$ProtoBufRpcInvoker.call(ProtobufRpcEngine2.java:595) [hadoop-common-3.3.6.jar:?]
	at org.apache.hadoop.ipc.ProtobufRpcEngine2$Server$ProtoBufRpcInvoker.call(ProtobufRpcEngine2.java:573) [hadoop-common-3.3.6.jar:?]
	at org.apache.hadoop.ipc.RPC$Server.call(RPC.java:1227) [hadoop-common-3.3.6.jar:?]
	at org.apache.hadoop.ipc.Server$RpcCall.run(Server.java:1094) [hadoop-common-3.3.6.jar:?]
	at org.apache.hadoop.ipc.Server$RpcCall.run(Server.java:1017) [hadoop-common-3.3.6.jar:?]
	at java.security.AccessController.doPrivileged(Native Method) ~[?:1.8.0_382]
	at javax.security.auth.Subject.doAs(Subject.java:422) [?:1.8.0_382]
	at org.apache.hadoop.security.UserGroupInformation.doAs(UserGroupInformation.java:1899) [hadoop-common-3.3.6.jar:?]
	at org.apache.hadoop.ipc.Server$Handler.run(Server.java:3048) [hadoop-common-3.3.6.jar:?]
02:05:27.352 [IPC Server handler 13 on default port 15057] ERROR OMAudit - user=runner | ip=127.0.0.1 | op=GET_FILE_STATUS {volume=volume43065, bucket=bucket81401, key=gdir1/dir8/child, dataSize=0, replicationConfig=null} | ret=FAILURE
org.apache.hadoop.ozone.om.exceptions.OMException: Unable to get file status: volume: volume43065 bucket: bucket81401 key: gdir1/dir8/child
	at org.apache.hadoop.ozone.om.KeyManagerImpl.getOzoneFileStatus(KeyManagerImpl.java:1195) ~[ozone-manager-1.4.0-SNAPSHOT.jar:?]
	at org.apache.hadoop.ozone.om.KeyManagerImpl.getFileStatus(KeyManagerImpl.java:1113) ~[ozone-manager-1.4.0-SNAPSHOT.jar:?]
	at org.apache.hadoop.ozone.om.OmMetadataReader.getFileStatus(OmMetadataReader.java:262) ~[ozone-manager-1.4.0-SNAPSHOT.jar:?]
	at org.apache.hadoop.ozone.om.OzoneManager.getFileStatus(OzoneManager.java:3533) ~[ozone-manager-1.4.0-SNAPSHOT.jar:?]
	at org.apache.hadoop.ozone.protocolPB.OzoneManagerRequestHandler.getOzoneFileStatus(OzoneManagerRequestHandler.java:971) ~[ozone-manager-1.4.0-SNAPSHOT.jar:?]
	at org.apache.hadoop.ozone.protocolPB.OzoneManagerRequestHandler.handleReadRequest(OzoneManagerRequestHandler.java:250) ~[ozone-manager-1.4.0-SNAPSHOT.jar:?]
	at org.apache.hadoop.ozone.protocolPB.OzoneManagerProtocolServerSideTranslatorPB.submitRequestDirectlyToOM(OzoneManagerProtocolServerSideTranslatorPB.java:274) ~[ozone-manager-1.4.0-SNAPSHOT.jar:?]
	at org.apache.hadoop.ozone.protocolPB.OzoneManagerProtocolServerSideTranslatorPB.processRequest(OzoneManagerProtocolServerSideTranslatorPB.java:175) ~[ozone-manager-1.4.0-SNAPSHOT.jar:?]
	at org.apache.hadoop.hdds.server.OzoneProtocolMessageDispatcher.processRequest(OzoneProtocolMessageDispatcher.java:87) [hdds-server-framework-1.4.0-SNAPSHOT.jar:?]
	at org.apache.hadoop.ozone.protocolPB.OzoneManagerProtocolServerSideTranslatorPB.submitRequest(OzoneManagerProtocolServerSideTranslatorPB.java:148) [ozone-manager-1.4.0-SNAPSHOT.jar:?]
	at org.apache.hadoop.ozone.protocol.proto.OzoneManagerProtocolProtos$OzoneManagerService$2.callBlockingMethod(OzoneManagerProtocolProtos.java) [ozone-interface-client-1.4.0-SNAPSHOT.jar:?]
	at org.apache.hadoop.ipc.ProtobufRpcEngine$Server.processCall(ProtobufRpcEngine.java:484) [hadoop-common-3.3.6.jar:?]
	at org.apache.hadoop.ipc.ProtobufRpcEngine2$Server$ProtoBufRpcInvoker.call(ProtobufRpcEngine2.java:595) [hadoop-common-3.3.6.jar:?]
	at org.apache.hadoop.ipc.ProtobufRpcEngine2$Server$ProtoBufRpcInvoker.call(ProtobufRpcEngine2.java:573) [hadoop-common-3.3.6.jar:?]
	at org.apache.hadoop.ipc.RPC$Server.call(RPC.java:1227) [hadoop-common-3.3.6.jar:?]
	at org.apache.hadoop.ipc.Server$RpcCall.run(Server.java:1094) [hadoop-common-3.3.6.jar:?]
	at org.apache.hadoop.ipc.Server$RpcCall.run(Server.java:1017) [hadoop-common-3.3.6.jar:?]
	at java.security.AccessController.doPrivileged(Native Method) ~[?:1.8.0_382]
	at javax.security.auth.Subject.doAs(Subject.java:422) [?:1.8.0_382]
	at org.apache.hadoop.security.UserGroupInformation.doAs(UserGroupInformation.java:1899) [hadoop-common-3.3.6.jar:?]
	at org.apache.hadoop.ipc.Server$Handler.run(Server.java:3048) [hadoop-common-3.3.6.jar:?]
02:05:27.354 [IPC Server handler 14 on default port 15057] ERROR OMAudit - user=runner | ip=127.0.0.1 | op=GET_FILE_STATUS {volume=volume43065, bucket=bucket81401, key=gdir1/dir9, dataSize=0, replicationConfig=null} | ret=FAILURE
org.apache.hadoop.ozone.om.exceptions.OMException: Unable to get file status: volume: volume43065 bucket: bucket81401 key: gdir1/dir9
	at org.apache.hadoop.ozone.om.KeyManagerImpl.getOzoneFileStatus(KeyManagerImpl.java:1195) ~[ozone-manager-1.4.0-SNAPSHOT.jar:?]
	at org.apache.hadoop.ozone.om.KeyManagerImpl.getFileStatus(KeyManagerImpl.java:1113) ~[ozone-manager-1.4.0-SNAPSHOT.jar:?]
	at org.apache.hadoop.ozone.om.OmMetadataReader.getFileStatus(OmMetadataReader.java:262) ~[ozone-manager-1.4.0-SNAPSHOT.jar:?]
	at org.apache.hadoop.ozone.om.OzoneManager.getFileStatus(OzoneManager.java:3533) ~[ozone-manager-1.4.0-SNAPSHOT.jar:?]
	at org.apache.hadoop.ozone.protocolPB.OzoneManagerRequestHandler.getOzoneFileStatus(OzoneManagerRequestHandler.java:971) ~[ozone-manager-1.4.0-SNAPSHOT.jar:?]
	at org.apache.hadoop.ozone.protocolPB.OzoneManagerRequestHandler.handleReadRequest(OzoneManagerRequestHandler.java:250) ~[ozone-manager-1.4.0-SNAPSHOT.jar:?]
	at org.apache.hadoop.ozone.protocolPB.OzoneManagerProtocolServerSideTranslatorPB.submitRequestDirectlyToOM(OzoneManagerProtocolServerSideTranslatorPB.java:274) ~[ozone-manager-1.4.0-SNAPSHOT.jar:?]
	at org.apache.hadoop.ozone.protocolPB.OzoneManagerProtocolServerSideTranslatorPB.processRequest(OzoneManagerProtocolServerSideTranslatorPB.java:175) ~[ozone-manager-1.4.0-SNAPSHOT.jar:?]
	at org.apache.hadoop.hdds.server.OzoneProtocolMessageDispatcher.processRequest(OzoneProtocolMessageDispatcher.java:87) [hdds-server-framework-1.4.0-SNAPSHOT.jar:?]
	at org.apache.hadoop.ozone.protocolPB.OzoneManagerProtocolServerSideTranslatorPB.submitRequest(OzoneManagerProtocolServerSideTranslatorPB.java:148) [ozone-manager-1.4.0-SNAPSHOT.jar:?]
	at org.apache.hadoop.ozone.protocol.proto.OzoneManagerProtocolProtos$OzoneManagerService$2.callBlockingMethod(OzoneManagerProtocolProtos.java) [ozone-interface-client-1.4.0-SNAPSHOT.jar:?]
	at org.apache.hadoop.ipc.ProtobufRpcEngine$Server.processCall(ProtobufRpcEngine.java:484) [hadoop-common-3.3.6.jar:?]
	at org.apache.hadoop.ipc.ProtobufRpcEngine2$Server$ProtoBufRpcInvoker.call(ProtobufRpcEngine2.java:595) [hadoop-common-3.3.6.jar:?]
	at org.apache.hadoop.ipc.ProtobufRpcEngine2$Server$ProtoBufRpcInvoker.call(ProtobufRpcEngine2.java:573) [hadoop-common-3.3.6.jar:?]
	at org.apache.hadoop.ipc.RPC$Server.call(RPC.java:1227) [hadoop-common-3.3.6.jar:?]
	at org.apache.hadoop.ipc.Server$RpcCall.run(Server.java:1094) [hadoop-common-3.3.6.jar:?]
	at org.apache.hadoop.ipc.Server$RpcCall.run(Server.java:1017) [hadoop-common-3.3.6.jar:?]
	at java.security.AccessController.doPrivileged(Native Method) ~[?:1.8.0_382]
	at javax.security.auth.Subject.doAs(Subject.java:422) [?:1.8.0_382]
	at org.apache.hadoop.security.UserGroupInformation.doAs(UserGroupInformation.java:1899) [hadoop-common-3.3.6.jar:?]
	at org.apache.hadoop.ipc.Server$Handler.run(Server.java:3048) [hadoop-common-3.3.6.jar:?]
02:05:27.355 [IPC Server handler 15 on default port 15057] ERROR OMAudit - user=runner | ip=127.0.0.1 | op=GET_FILE_STATUS {volume=volume43065, bucket=bucket81401, key=gdir1/dir9/child, dataSize=0, replicationConfig=null} | ret=FAILURE
org.apache.hadoop.ozone.om.exceptions.OMException: Unable to get file status: volume: volume43065 bucket: bucket81401 key: gdir1/dir9/child
	at org.apache.hadoop.ozone.om.KeyManagerImpl.getOzoneFileStatus(KeyManagerImpl.java:1195) ~[ozone-manager-1.4.0-SNAPSHOT.jar:?]
	at org.apache.hadoop.ozone.om.KeyManagerImpl.getFileStatus(KeyManagerImpl.java:1113) ~[ozone-manager-1.4.0-SNAPSHOT.jar:?]
	at org.apache.hadoop.ozone.om.OmMetadataReader.getFileStatus(OmMetadataReader.java:262) ~[ozone-manager-1.4.0-SNAPSHOT.jar:?]
	at org.apache.hadoop.ozone.om.OzoneManager.getFileStatus(OzoneManager.java:3533) ~[ozone-manager-1.4.0-SNAPSHOT.jar:?]
	at org.apache.hadoop.ozone.protocolPB.OzoneManagerRequestHandler.getOzoneFileStatus(OzoneManagerRequestHandler.java:971) ~[ozone-manager-1.4.0-SNAPSHOT.jar:?]
	at org.apache.hadoop.ozone.protocolPB.OzoneManagerRequestHandler.handleReadRequest(OzoneManagerRequestHandler.java:250) ~[ozone-manager-1.4.0-SNAPSHOT.jar:?]
	at org.apache.hadoop.ozone.protocolPB.OzoneManagerProtocolServerSideTranslatorPB.submitRequestDirectlyToOM(OzoneManagerProtocolServerSideTranslatorPB.java:274) ~[ozone-manager-1.4.0-SNAPSHOT.jar:?]
	at org.apache.hadoop.ozone.protocolPB.OzoneManagerProtocolServerSideTranslatorPB.processRequest(OzoneManagerProtocolServerSideTranslatorPB.java:175) ~[ozone-manager-1.4.0-SNAPSHOT.jar:?]
	at org.apache.hadoop.hdds.server.OzoneProtocolMessageDispatcher.processRequest(OzoneProtocolMessageDispatcher.java:87) [hdds-server-framework-1.4.0-SNAPSHOT.jar:?]
	at org.apache.hadoop.ozone.protocolPB.OzoneManagerProtocolServerSideTranslatorPB.submitRequest(OzoneManagerProtocolServerSideTranslatorPB.java:148) [ozone-manager-1.4.0-SNAPSHOT.jar:?]
	at org.apache.hadoop.ozone.protocol.proto.OzoneManagerProtocolProtos$OzoneManagerService$2.callBlockingMethod(OzoneManagerProtocolProtos.java) [ozone-interface-client-1.4.0-SNAPSHOT.jar:?]
	at org.apache.hadoop.ipc.ProtobufRpcEngine$Server.processCall(ProtobufRpcEngine.java:484) [hadoop-common-3.3.6.jar:?]
	at org.apache.hadoop.ipc.ProtobufRpcEngine2$Server$ProtoBufRpcInvoker.call(ProtobufRpcEngine2.java:595) [hadoop-common-3.3.6.jar:?]
	at org.apache.hadoop.ipc.ProtobufRpcEngine2$Server$ProtoBufRpcInvoker.call(ProtobufRpcEngine2.java:573) [hadoop-common-3.3.6.jar:?]
	at org.apache.hadoop.ipc.RPC$Server.call(RPC.java:1227) [hadoop-common-3.3.6.jar:?]
	at org.apache.hadoop.ipc.Server$RpcCall.run(Server.java:1094) [hadoop-common-3.3.6.jar:?]
	at org.apache.hadoop.ipc.Server$RpcCall.run(Server.java:1017) [hadoop-common-3.3.6.jar:?]
	at java.security.AccessController.doPrivileged(Native Method) ~[?:1.8.0_382]
	at javax.security.auth.Subject.doAs(Subject.java:422) [?:1.8.0_382]
	at org.apache.hadoop.security.UserGroupInformation.doAs(UserGroupInformation.java:1899) [hadoop-common-3.3.6.jar:?]
	at org.apache.hadoop.ipc.Server$Handler.run(Server.java:3048) [hadoop-common-3.3.6.jar:?]
02:05:27.356 [IPC Server handler 16 on default port 15057] ERROR OMAudit - user=runner | ip=127.0.0.1 | op=GET_FILE_STATUS {volume=volume43065, bucket=bucket81401, key=gdir1/dir10, dataSize=0, replicationConfig=null} | ret=FAILURE
org.apache.hadoop.ozone.om.exceptions.OMException: Unable to get file status: volume: volume43065 bucket: bucket81401 key: gdir1/dir10
	at org.apache.hadoop.ozone.om.KeyManagerImpl.getOzoneFileStatus(KeyManagerImpl.java:1195) ~[ozone-manager-1.4.0-SNAPSHOT.jar:?]
	at org.apache.hadoop.ozone.om.KeyManagerImpl.getFileStatus(KeyManagerImpl.java:1113) ~[ozone-manager-1.4.0-SNAPSHOT.jar:?]
	at org.apache.hadoop.ozone.om.OmMetadataReader.getFileStatus(OmMetadataReader.java:262) ~[ozone-manager-1.4.0-SNAPSHOT.jar:?]
	at org.apache.hadoop.ozone.om.OzoneManager.getFileStatus(OzoneManager.java:3533) ~[ozone-manager-1.4.0-SNAPSHOT.jar:?]
	at org.apache.hadoop.ozone.protocolPB.OzoneManagerRequestHandler.getOzoneFileStatus(OzoneManagerRequestHandler.java:971) ~[ozone-manager-1.4.0-SNAPSHOT.jar:?]
	at org.apache.hadoop.ozone.protocolPB.OzoneManagerRequestHandler.handleReadRequest(OzoneManagerRequestHandler.java:250) ~[ozone-manager-1.4.0-SNAPSHOT.jar:?]
	at org.apache.hadoop.ozone.protocolPB.OzoneManagerProtocolServerSideTranslatorPB.submitRequestDirectlyToOM(OzoneManagerProtocolServerSideTranslatorPB.java:274) ~[ozone-manager-1.4.0-SNAPSHOT.jar:?]
	at org.apache.hadoop.ozone.protocolPB.OzoneManagerProtocolServerSideTranslatorPB.processRequest(OzoneManagerProtocolServerSideTranslatorPB.java:175) ~[ozone-manager-1.4.0-SNAPSHOT.jar:?]
	at org.apache.hadoop.hdds.server.OzoneProtocolMessageDispatcher.processRequest(OzoneProtocolMessageDispatcher.java:87) [hdds-server-framework-1.4.0-SNAPSHOT.jar:?]
	at org.apache.hadoop.ozone.protocolPB.OzoneManagerProtocolServerSideTranslatorPB.submitRequest(OzoneManagerProtocolServerSideTranslatorPB.java:148) [ozone-manager-1.4.0-SNAPSHOT.jar:?]
	at org.apache.hadoop.ozone.protocol.proto.OzoneManagerProtocolProtos$OzoneManagerService$2.callBlockingMethod(OzoneManagerProtocolProtos.java) [ozone-interface-client-1.4.0-SNAPSHOT.jar:?]
	at org.apache.hadoop.ipc.ProtobufRpcEngine$Server.processCall(ProtobufRpcEngine.java:484) [hadoop-common-3.3.6.jar:?]
	at org.apache.hadoop.ipc.ProtobufRpcEngine2$Server$ProtoBufRpcInvoker.call(ProtobufRpcEngine2.java:595) [hadoop-common-3.3.6.jar:?]
	at org.apache.hadoop.ipc.ProtobufRpcEngine2$Server$ProtoBufRpcInvoker.call(ProtobufRpcEngine2.java:573) [hadoop-common-3.3.6.jar:?]
	at org.apache.hadoop.ipc.RPC$Server.call(RPC.java:1227) [hadoop-common-3.3.6.jar:?]
	at org.apache.hadoop.ipc.Server$RpcCall.run(Server.java:1094) [hadoop-common-3.3.6.jar:?]
	at org.apache.hadoop.ipc.Server$RpcCall.run(Server.java:1017) [hadoop-common-3.3.6.jar:?]
	at java.security.AccessController.doPrivileged(Native Method) ~[?:1.8.0_382]
	at javax.security.auth.Subject.doAs(Subject.java:422) [?:1.8.0_382]
	at org.apache.hadoop.security.UserGroupInformation.doAs(UserGroupInformation.java:1899) [hadoop-common-3.3.6.jar:?]
	at org.apache.hadoop.ipc.Server$Handler.run(Server.java:3048) [hadoop-common-3.3.6.jar:?]
02:05:27.357 [IPC Server handler 17 on default port 15057] ERROR OMAudit - user=runner | ip=127.0.0.1 | op=GET_FILE_STATUS {volume=volume43065, bucket=bucket81401, key=gdir1/dir10/child, dataSize=0, replicationConfig=null} | ret=FAILURE
org.apache.hadoop.ozone.om.exceptions.OMException: Unable to get file status: volume: volume43065 bucket: bucket81401 key: gdir1/dir10/child
	at org.apache.hadoop.ozone.om.KeyManagerImpl.getOzoneFileStatus(KeyManagerImpl.java:1195) ~[ozone-manager-1.4.0-SNAPSHOT.jar:?]
	at org.apache.hadoop.ozone.om.KeyManagerImpl.getFileStatus(KeyManagerImpl.java:1113) ~[ozone-manager-1.4.0-SNAPSHOT.jar:?]
	at org.apache.hadoop.ozone.om.OmMetadataReader.getFileStatus(OmMetadataReader.java:262) ~[ozone-manager-1.4.0-SNAPSHOT.jar:?]
	at org.apache.hadoop.ozone.om.OzoneManager.getFileStatus(OzoneManager.java:3533) ~[ozone-manager-1.4.0-SNAPSHOT.jar:?]
	at org.apache.hadoop.ozone.protocolPB.OzoneManagerRequestHandler.getOzoneFileStatus(OzoneManagerRequestHandler.java:971) ~[ozone-manager-1.4.0-SNAPSHOT.jar:?]
	at org.apache.hadoop.ozone.protocolPB.OzoneManagerRequestHandler.handleReadRequest(OzoneManagerRequestHandler.java:250) ~[ozone-manager-1.4.0-SNAPSHOT.jar:?]
	at org.apache.hadoop.ozone.protocolPB.OzoneManagerProtocolServerSideTranslatorPB.submitRequestDirectlyToOM(OzoneManagerProtocolServerSideTranslatorPB.java:274) ~[ozone-manager-1.4.0-SNAPSHOT.jar:?]
	at org.apache.hadoop.ozone.protocolPB.OzoneManagerProtocolServerSideTranslatorPB.processRequest(OzoneManagerProtocolServerSideTranslatorPB.java:175) ~[ozone-manager-1.4.0-SNAPSHOT.jar:?]
	at org.apache.hadoop.hdds.server.OzoneProtocolMessageDispatcher.processRequest(OzoneProtocolMessageDispatcher.java:87) [hdds-server-framework-1.4.0-SNAPSHOT.jar:?]
	at org.apache.hadoop.ozone.protocolPB.OzoneManagerProtocolServerSideTranslatorPB.submitRequest(OzoneManagerProtocolServerSideTranslatorPB.java:148) [ozone-manager-1.4.0-SNAPSHOT.jar:?]
	at org.apache.hadoop.ozone.protocol.proto.OzoneManagerProtocolProtos$OzoneManagerService$2.callBlockingMethod(OzoneManagerProtocolProtos.java) [ozone-interface-client-1.4.0-SNAPSHOT.jar:?]
	at org.apache.hadoop.ipc.ProtobufRpcEngine$Server.processCall(ProtobufRpcEngine.java:484) [hadoop-common-3.3.6.jar:?]
	at org.apache.hadoop.ipc.ProtobufRpcEngine2$Server$ProtoBufRpcInvoker.call(ProtobufRpcEngine2.java:595) [hadoop-common-3.3.6.jar:?]
	at org.apache.hadoop.ipc.ProtobufRpcEngine2$Server$ProtoBufRpcInvoker.call(ProtobufRpcEngine2.java:573) [hadoop-common-3.3.6.jar:?]
	at org.apache.hadoop.ipc.RPC$Server.call(RPC.java:1227) [hadoop-common-3.3.6.jar:?]
	at org.apache.hadoop.ipc.Server$RpcCall.run(Server.java:1094) [hadoop-common-3.3.6.jar:?]
	at org.apache.hadoop.ipc.Server$RpcCall.run(Server.java:1017) [hadoop-common-3.3.6.jar:?]
	at java.security.AccessController.doPrivileged(Native Method) ~[?:1.8.0_382]
	at javax.security.auth.Subject.doAs(Subject.java:422) [?:1.8.0_382]
	at org.apache.hadoop.security.UserGroupInformation.doAs(UserGroupInformation.java:1899) [hadoop-common-3.3.6.jar:?]
	at org.apache.hadoop.ipc.Server$Handler.run(Server.java:3048) [hadoop-common-3.3.6.jar:?]
2023-09-19 02:05:28,091 [JvmPauseMonitor13] WARN  util.JvmPauseMonitor (JvmPauseMonitor.java:detectPause(124)) - JvmPauseMonitor-61d89387-692e-45ac-a655-71929b77bbaf: Detected pause in JVM or host machine approximately 0.308s with 0.674s GC time.
GC pool 'PS MarkSweep' had collection(s): count=1 time=376ms
GC pool 'PS Scavenge' had collection(s): count=1 time=298ms
2023-09-19 02:05:28,096 [JvmPauseMonitor8] WARN  util.JvmPauseMonitor (JvmPauseMonitor.java:detectPause(124)) - JvmPauseMonitor-86bbd1c6-a1a3-4580-bfa9-16be91273ff0: Detected pause in JVM or host machine approximately 0.347s with 0.674s GC time.
GC pool 'PS MarkSweep' had collection(s): count=1 time=376ms
GC pool 'PS Scavenge' had collection(s): count=1 time=298ms
2023-09-19 02:05:28,096 [JvmPauseMonitor11] WARN  util.JvmPauseMonitor (JvmPauseMonitor.java:detectPause(124)) - JvmPauseMonitor-bb1c6357-9327-4202-8734-55e8eab5c756: Detected pause in JVM or host machine approximately 0.419s with 0.674s GC time.
GC pool 'PS MarkSweep' had collection(s): count=1 time=376ms
GC pool 'PS Scavenge' had collection(s): count=1 time=298ms
2023-09-19 02:05:28,097 [JvmPauseMonitor7] WARN  util.JvmPauseMonitor (JvmPauseMonitor.java:detectPause(124)) - JvmPauseMonitor-1912c3a0-f59a-4d86-9664-fcaeeed9cd3b: Detected pause in JVM or host machine approximately 0.454s with 0.674s GC time.
GC pool 'PS MarkSweep' had collection(s): count=1 time=376ms
GC pool 'PS Scavenge' had collection(s): count=1 time=298ms
2023-09-19 02:05:28,101 [JvmPauseMonitor9] WARN  util.JvmPauseMonitor (JvmPauseMonitor.java:detectPause(124)) - JvmPauseMonitor-e39e4681-7919-4d3b-868d-83d4ef0f5b6f: Detected pause in JVM or host machine approximately 0.513s with 0.674s GC time.
GC pool 'PS MarkSweep' had collection(s): count=1 time=376ms
GC pool 'PS Scavenge' had collection(s): count=1 time=298ms
2023-09-19 02:05:28,101 [e39e4681-7919-4d3b-868d-83d4ef0f5b6f@group-59CA478D303A-FollowerState] WARN  impl.FollowerState (FollowerState.java:run(130)) - Unexpected long sleep: sleep 5170ms but took extra 622371587ns (> threshold = 300ms)
2023-09-19 02:05:28,101 [5eadcd64-1d4b-44b8-a1e5-0066e95eb1a1@group-116411D7D5F3-FollowerState] WARN  impl.FollowerState (FollowerState.java:run(130)) - Unexpected long sleep: sleep 5076ms but took extra 625180636ns (> threshold = 300ms)
2023-09-19 02:05:28,102 [5eadcd64-1d4b-44b8-a1e5-0066e95eb1a1@group-59CA478D303A-FollowerState] WARN  impl.FollowerState (FollowerState.java:run(130)) - Unexpected long sleep: sleep 5154ms but took extra 652835550ns (> threshold = 300ms)
2023-09-19 02:05:28,103 [JvmPauseMonitor10] WARN  util.JvmPauseMonitor (JvmPauseMonitor.java:detectPause(124)) - JvmPauseMonitor-5eadcd64-1d4b-44b8-a1e5-0066e95eb1a1: Detected pause in JVM or host machine approximately 0.682s with 0.674s GC time.
GC pool 'PS MarkSweep' had collection(s): count=1 time=376ms
GC pool 'PS Scavenge' had collection(s): count=1 time=298ms
2023-09-19 02:05:28,104 [JvmPauseMonitor12] WARN  util.JvmPauseMonitor (JvmPauseMonitor.java:detectPause(124)) - JvmPauseMonitor-bcaae8f3-caee-42e8-b1a6-86ffb8b58650: Detected pause in JVM or host machine approximately 0.642s with 0.674s GC time.
GC pool 'PS MarkSweep' had collection(s): count=1 time=376ms
GC pool 'PS Scavenge' had collection(s): count=1 time=298ms
02:05:28.110 [IPC Server handler 11 on default port 15057] ERROR OMAudit - user=runner | ip=127.0.0.1 | op=GET_FILE_STATUS {volume=volume43065, bucket=bucket81401, key=level0, dataSize=0, replicationConfig=null} | ret=FAILURE
org.apache.hadoop.ozone.om.exceptions.OMException: Unable to get file status: volume: volume43065 bucket: bucket81401 key: level0
	at org.apache.hadoop.ozone.om.KeyManagerImpl.getOzoneFileStatus(KeyManagerImpl.java:1195) ~[ozone-manager-1.4.0-SNAPSHOT.jar:?]
	at org.apache.hadoop.ozone.om.KeyManagerImpl.getFileStatus(KeyManagerImpl.java:1113) ~[ozone-manager-1.4.0-SNAPSHOT.jar:?]
	at org.apache.hadoop.ozone.om.OmMetadataReader.getFileStatus(OmMetadataReader.java:262) ~[ozone-manager-1.4.0-SNAPSHOT.jar:?]
	at org.apache.hadoop.ozone.om.OzoneManager.getFileStatus(OzoneManager.java:3533) ~[ozone-manager-1.4.0-SNAPSHOT.jar:?]
	at org.apache.hadoop.ozone.protocolPB.OzoneManagerRequestHandler.getOzoneFileStatus(OzoneManagerRequestHandler.java:971) ~[ozone-manager-1.4.0-SNAPSHOT.jar:?]
	at org.apache.hadoop.ozone.protocolPB.OzoneManagerRequestHandler.handleReadRequest(OzoneManagerRequestHandler.java:250) ~[ozone-manager-1.4.0-SNAPSHOT.jar:?]
	at org.apache.hadoop.ozone.protocolPB.OzoneManagerProtocolServerSideTranslatorPB.submitRequestDirectlyToOM(OzoneManagerProtocolServerSideTranslatorPB.java:274) ~[ozone-manager-1.4.0-SNAPSHOT.jar:?]
	at org.apache.hadoop.ozone.protocolPB.OzoneManagerProtocolServerSideTranslatorPB.processRequest(OzoneManagerProtocolServerSideTranslatorPB.java:175) ~[ozone-manager-1.4.0-SNAPSHOT.jar:?]
	at org.apache.hadoop.hdds.server.OzoneProtocolMessageDispatcher.processRequest(OzoneProtocolMessageDispatcher.java:87) [hdds-server-framework-1.4.0-SNAPSHOT.jar:?]
	at org.apache.hadoop.ozone.protocolPB.OzoneManagerProtocolServerSideTranslatorPB.submitRequest(OzoneManagerProtocolServerSideTranslatorPB.java:148) [ozone-manager-1.4.0-SNAPSHOT.jar:?]
	at org.apache.hadoop.ozone.protocol.proto.OzoneManagerProtocolProtos$OzoneManagerService$2.callBlockingMethod(OzoneManagerProtocolProtos.java) [ozone-interface-client-1.4.0-SNAPSHOT.jar:?]
	at org.apache.hadoop.ipc.ProtobufRpcEngine$Server.processCall(ProtobufRpcEngine.java:484) [hadoop-common-3.3.6.jar:?]
	at org.apache.hadoop.ipc.ProtobufRpcEngine2$Server$ProtoBufRpcInvoker.call(ProtobufRpcEngine2.java:595) [hadoop-common-3.3.6.jar:?]
	at org.apache.hadoop.ipc.ProtobufRpcEngine2$Server$ProtoBufRpcInvoker.call(ProtobufRpcEngine2.java:573) [hadoop-common-3.3.6.jar:?]
	at org.apache.hadoop.ipc.RPC$Server.call(RPC.java:1227) [hadoop-common-3.3.6.jar:?]
	at org.apache.hadoop.ipc.Server$RpcCall.run(Server.java:1094) [hadoop-common-3.3.6.jar:?]
	at org.apache.hadoop.ipc.Server$RpcCall.run(Server.java:1017) [hadoop-common-3.3.6.jar:?]
	at java.security.AccessController.doPrivileged(Native Method) ~[?:1.8.0_382]
	at javax.security.auth.Subject.doAs(Subject.java:422) [?:1.8.0_382]
	at org.apache.hadoop.security.UserGroupInformation.doAs(UserGroupInformation.java:1899) [hadoop-common-3.3.6.jar:?]
	at org.apache.hadoop.ipc.Server$Handler.run(Server.java:3048) [hadoop-common-3.3.6.jar:?]
02:05:28.111 [IPC Server handler 12 on default port 15057] ERROR OMAudit - user=runner | ip=127.0.0.1 | op=GET_FILE_STATUS {volume=volume43065, bucket=bucket81401, key=level0/level1, dataSize=0, replicationConfig=null} | ret=FAILURE
org.apache.hadoop.ozone.om.exceptions.OMException: Unable to get file status: volume: volume43065 bucket: bucket81401 key: level0/level1
	at org.apache.hadoop.ozone.om.KeyManagerImpl.getOzoneFileStatus(KeyManagerImpl.java:1195) ~[ozone-manager-1.4.0-SNAPSHOT.jar:?]
	at org.apache.hadoop.ozone.om.KeyManagerImpl.getFileStatus(KeyManagerImpl.java:1113) ~[ozone-manager-1.4.0-SNAPSHOT.jar:?]
	at org.apache.hadoop.ozone.om.OmMetadataReader.getFileStatus(OmMetadataReader.java:262) ~[ozone-manager-1.4.0-SNAPSHOT.jar:?]
	at org.apache.hadoop.ozone.om.OzoneManager.getFileStatus(OzoneManager.java:3533) ~[ozone-manager-1.4.0-SNAPSHOT.jar:?]
	at org.apache.hadoop.ozone.protocolPB.OzoneManagerRequestHandler.getOzoneFileStatus(OzoneManagerRequestHandler.java:971) ~[ozone-manager-1.4.0-SNAPSHOT.jar:?]
	at org.apache.hadoop.ozone.protocolPB.OzoneManagerRequestHandler.handleReadRequest(OzoneManagerRequestHandler.java:250) ~[ozone-manager-1.4.0-SNAPSHOT.jar:?]
	at org.apache.hadoop.ozone.protocolPB.OzoneManagerProtocolServerSideTranslatorPB.submitRequestDirectlyToOM(OzoneManagerProtocolServerSideTranslatorPB.java:274) ~[ozone-manager-1.4.0-SNAPSHOT.jar:?]
	at org.apache.hadoop.ozone.protocolPB.OzoneManagerProtocolServerSideTranslatorPB.processRequest(OzoneManagerProtocolServerSideTranslatorPB.java:175) ~[ozone-manager-1.4.0-SNAPSHOT.jar:?]
	at org.apache.hadoop.hdds.server.OzoneProtocolMessageDispatcher.processRequest(OzoneProtocolMessageDispatcher.java:87) [hdds-server-framework-1.4.0-SNAPSHOT.jar:?]
	at org.apache.hadoop.ozone.protocolPB.OzoneManagerProtocolServerSideTranslatorPB.submitRequest(OzoneManagerProtocolServerSideTranslatorPB.java:148) [ozone-manager-1.4.0-SNAPSHOT.jar:?]
	at org.apache.hadoop.ozone.protocol.proto.OzoneManagerProtocolProtos$OzoneManagerService$2.callBlockingMethod(OzoneManagerProtocolProtos.java) [ozone-interface-client-1.4.0-SNAPSHOT.jar:?]
	at org.apache.hadoop.ipc.ProtobufRpcEngine$Server.processCall(ProtobufRpcEngine.java:484) [hadoop-common-3.3.6.jar:?]
	at org.apache.hadoop.ipc.ProtobufRpcEngine2$Server$ProtoBufRpcInvoker.call(ProtobufRpcEngine2.java:595) [hadoop-common-3.3.6.jar:?]
	at org.apache.hadoop.ipc.ProtobufRpcEngine2$Server$ProtoBufRpcInvoker.call(ProtobufRpcEngine2.java:573) [hadoop-common-3.3.6.jar:?]
	at org.apache.hadoop.ipc.RPC$Server.call(RPC.java:1227) [hadoop-common-3.3.6.jar:?]
	at org.apache.hadoop.ipc.Server$RpcCall.run(Server.java:1094) [hadoop-common-3.3.6.jar:?]
	at org.apache.hadoop.ipc.Server$RpcCall.run(Server.java:1017) [hadoop-common-3.3.6.jar:?]
	at java.security.AccessController.doPrivileged(Native Method) ~[?:1.8.0_382]
	at javax.security.auth.Subject.doAs(Subject.java:422) [?:1.8.0_382]
	at org.apache.hadoop.security.UserGroupInformation.doAs(UserGroupInformation.java:1899) [hadoop-common-3.3.6.jar:?]
	at org.apache.hadoop.ipc.Server$Handler.run(Server.java:3048) [hadoop-common-3.3.6.jar:?]
02:05:28.112 [IPC Server handler 13 on default port 15057] ERROR OMAudit - user=runner | ip=127.0.0.1 | op=GET_FILE_STATUS {volume=volume43065, bucket=bucket81401, key=level0/level1/level1, dataSize=0, replicationConfig=null} | ret=FAILURE
org.apache.hadoop.ozone.om.exceptions.OMException: Unable to get file status: volume: volume43065 bucket: bucket81401 key: level0/level1/level1
	at org.apache.hadoop.ozone.om.KeyManagerImpl.getOzoneFileStatus(KeyManagerImpl.java:1195) ~[ozone-manager-1.4.0-SNAPSHOT.jar:?]
	at org.apache.hadoop.ozone.om.KeyManagerImpl.getFileStatus(KeyManagerImpl.java:1113) ~[ozone-manager-1.4.0-SNAPSHOT.jar:?]
	at org.apache.hadoop.ozone.om.OmMetadataReader.getFileStatus(OmMetadataReader.java:262) ~[ozone-manager-1.4.0-SNAPSHOT.jar:?]
	at org.apache.hadoop.ozone.om.OzoneManager.getFileStatus(OzoneManager.java:3533) ~[ozone-manager-1.4.0-SNAPSHOT.jar:?]
	at org.apache.hadoop.ozone.protocolPB.OzoneManagerRequestHandler.getOzoneFileStatus(OzoneManagerRequestHandler.java:971) ~[ozone-manager-1.4.0-SNAPSHOT.jar:?]
	at org.apache.hadoop.ozone.protocolPB.OzoneManagerRequestHandler.handleReadRequest(OzoneManagerRequestHandler.java:250) ~[ozone-manager-1.4.0-SNAPSHOT.jar:?]
	at org.apache.hadoop.ozone.protocolPB.OzoneManagerProtocolServerSideTranslatorPB.submitRequestDirectlyToOM(OzoneManagerProtocolServerSideTranslatorPB.java:274) ~[ozone-manager-1.4.0-SNAPSHOT.jar:?]
	at org.apache.hadoop.ozone.protocolPB.OzoneManagerProtocolServerSideTranslatorPB.processRequest(OzoneManagerProtocolServerSideTranslatorPB.java:175) ~[ozone-manager-1.4.0-SNAPSHOT.jar:?]
	at org.apache.hadoop.hdds.server.OzoneProtocolMessageDispatcher.processRequest(OzoneProtocolMessageDispatcher.java:87) [hdds-server-framework-1.4.0-SNAPSHOT.jar:?]
	at org.apache.hadoop.ozone.protocolPB.OzoneManagerProtocolServerSideTranslatorPB.submitRequest(OzoneManagerProtocolServerSideTranslatorPB.java:148) [ozone-manager-1.4.0-SNAPSHOT.jar:?]
	at org.apache.hadoop.ozone.protocol.proto.OzoneManagerProtocolProtos$OzoneManagerService$2.callBlockingMethod(OzoneManagerProtocolProtos.java) [ozone-interface-client-1.4.0-SNAPSHOT.jar:?]
	at org.apache.hadoop.ipc.ProtobufRpcEngine$Server.processCall(ProtobufRpcEngine.java:484) [hadoop-common-3.3.6.jar:?]
	at org.apache.hadoop.ipc.ProtobufRpcEngine2$Server$ProtoBufRpcInvoker.call(ProtobufRpcEngine2.java:595) [hadoop-common-3.3.6.jar:?]
	at org.apache.hadoop.ipc.ProtobufRpcEngine2$Server$ProtoBufRpcInvoker.call(ProtobufRpcEngine2.java:573) [hadoop-common-3.3.6.jar:?]
	at org.apache.hadoop.ipc.RPC$Server.call(RPC.java:1227) [hadoop-common-3.3.6.jar:?]
	at org.apache.hadoop.ipc.Server$RpcCall.run(Server.java:1094) [hadoop-common-3.3.6.jar:?]
	at org.apache.hadoop.ipc.Server$RpcCall.run(Server.java:1017) [hadoop-common-3.3.6.jar:?]
	at java.security.AccessController.doPrivileged(Native Method) ~[?:1.8.0_382]
	at javax.security.auth.Subject.doAs(Subject.java:422) [?:1.8.0_382]
	at org.apache.hadoop.security.UserGroupInformation.doAs(UserGroupInformation.java:1899) [hadoop-common-3.3.6.jar:?]
	at org.apache.hadoop.ipc.Server$Handler.run(Server.java:3048) [hadoop-common-3.3.6.jar:?]
02:05:28.114 [IPC Server handler 14 on default port 15057] ERROR OMAudit - user=runner | ip=127.0.0.1 | op=GET_FILE_STATUS {volume=volume43065, bucket=bucket81401, key=level0/level1/file1, dataSize=0, replicationConfig=null} | ret=FAILURE
org.apache.hadoop.ozone.om.exceptions.OMException: Unable to get file status: volume: volume43065 bucket: bucket81401 key: level0/level1/file1
	at org.apache.hadoop.ozone.om.KeyManagerImpl.getOzoneFileStatus(KeyManagerImpl.java:1195) ~[ozone-manager-1.4.0-SNAPSHOT.jar:?]
	at org.apache.hadoop.ozone.om.KeyManagerImpl.getFileStatus(KeyManagerImpl.java:1113) ~[ozone-manager-1.4.0-SNAPSHOT.jar:?]
	at org.apache.hadoop.ozone.om.OmMetadataReader.getFileStatus(OmMetadataReader.java:262) ~[ozone-manager-1.4.0-SNAPSHOT.jar:?]
	at org.apache.hadoop.ozone.om.OzoneManager.getFileStatus(OzoneManager.java:3533) ~[ozone-manager-1.4.0-SNAPSHOT.jar:?]
	at org.apache.hadoop.ozone.protocolPB.OzoneManagerRequestHandler.getOzoneFileStatus(OzoneManagerRequestHandler.java:971) ~[ozone-manager-1.4.0-SNAPSHOT.jar:?]
	at org.apache.hadoop.ozone.protocolPB.OzoneManagerRequestHandler.handleReadRequest(OzoneManagerRequestHandler.java:250) ~[ozone-manager-1.4.0-SNAPSHOT.jar:?]
	at org.apache.hadoop.ozone.protocolPB.OzoneManagerProtocolServerSideTranslatorPB.submitRequestDirectlyToOM(OzoneManagerProtocolServerSideTranslatorPB.java:274) ~[ozone-manager-1.4.0-SNAPSHOT.jar:?]
	at org.apache.hadoop.ozone.protocolPB.OzoneManagerProtocolServerSideTranslatorPB.processRequest(OzoneManagerProtocolServerSideTranslatorPB.java:175) ~[ozone-manager-1.4.0-SNAPSHOT.jar:?]
	at org.apache.hadoop.hdds.server.OzoneProtocolMessageDispatcher.processRequest(OzoneProtocolMessageDispatcher.java:87) [hdds-server-framework-1.4.0-SNAPSHOT.jar:?]
	at org.apache.hadoop.ozone.protocolPB.OzoneManagerProtocolServerSideTranslatorPB.submitRequest(OzoneManagerProtocolServerSideTranslatorPB.java:148) [ozone-manager-1.4.0-SNAPSHOT.jar:?]
	at org.apache.hadoop.ozone.protocol.proto.OzoneManagerProtocolProtos$OzoneManagerService$2.callBlockingMethod(OzoneManagerProtocolProtos.java) [ozone-interface-client-1.4.0-SNAPSHOT.jar:?]
	at org.apache.hadoop.ipc.ProtobufRpcEngine$Server.processCall(ProtobufRpcEngine.java:484) [hadoop-common-3.3.6.jar:?]
	at org.apache.hadoop.ipc.ProtobufRpcEngine2$Server$ProtoBufRpcInvoker.call(ProtobufRpcEngine2.java:595) [hadoop-common-3.3.6.jar:?]
	at org.apache.hadoop.ipc.ProtobufRpcEngine2$Server$ProtoBufRpcInvoker.call(ProtobufRpcEngine2.java:573) [hadoop-common-3.3.6.jar:?]
	at org.apache.hadoop.ipc.RPC$Server.call(RPC.java:1227) [hadoop-common-3.3.6.jar:?]
	at org.apache.hadoop.ipc.Server$RpcCall.run(Server.java:1094) [hadoop-common-3.3.6.jar:?]
	at org.apache.hadoop.ipc.Server$RpcCall.run(Server.java:1017) [hadoop-common-3.3.6.jar:?]
	at java.security.AccessController.doPrivileged(Native Method) ~[?:1.8.0_382]
	at javax.security.auth.Subject.doAs(Subject.java:422) [?:1.8.0_382]
	at org.apache.hadoop.security.UserGroupInformation.doAs(UserGroupInformation.java:1899) [hadoop-common-3.3.6.jar:?]
	at org.apache.hadoop.ipc.Server$Handler.run(Server.java:3048) [hadoop-common-3.3.6.jar:?]
02:05:28.115 [IPC Server handler 15 on default port 15057] ERROR OMAudit - user=runner | ip=127.0.0.1 | op=GET_FILE_STATUS {volume=volume43065, bucket=bucket81401, key=level0/level1/level1/file1, dataSize=0, replicationConfig=null} | ret=FAILURE
org.apache.hadoop.ozone.om.exceptions.OMException: Unable to get file status: volume: volume43065 bucket: bucket81401 key: level0/level1/level1/file1
	at org.apache.hadoop.ozone.om.KeyManagerImpl.getOzoneFileStatus(KeyManagerImpl.java:1195) ~[ozone-manager-1.4.0-SNAPSHOT.jar:?]
	at org.apache.hadoop.ozone.om.KeyManagerImpl.getFileStatus(KeyManagerImpl.java:1113) ~[ozone-manager-1.4.0-SNAPSHOT.jar:?]
	at org.apache.hadoop.ozone.om.OmMetadataReader.getFileStatus(OmMetadataReader.java:262) ~[ozone-manager-1.4.0-SNAPSHOT.jar:?]
	at org.apache.hadoop.ozone.om.OzoneManager.getFileStatus(OzoneManager.java:3533) ~[ozone-manager-1.4.0-SNAPSHOT.jar:?]
	at org.apache.hadoop.ozone.protocolPB.OzoneManagerRequestHandler.getOzoneFileStatus(OzoneManagerRequestHandler.java:971) ~[ozone-manager-1.4.0-SNAPSHOT.jar:?]
	at org.apache.hadoop.ozone.protocolPB.OzoneManagerRequestHandler.handleReadRequest(OzoneManagerRequestHandler.java:250) ~[ozone-manager-1.4.0-SNAPSHOT.jar:?]
	at org.apache.hadoop.ozone.protocolPB.OzoneManagerProtocolServerSideTranslatorPB.submitRequestDirectlyToOM(OzoneManagerProtocolServerSideTranslatorPB.java:274) ~[ozone-manager-1.4.0-SNAPSHOT.jar:?]
	at org.apache.hadoop.ozone.protocolPB.OzoneManagerProtocolServerSideTranslatorPB.processRequest(OzoneManagerProtocolServerSideTranslatorPB.java:175) ~[ozone-manager-1.4.0-SNAPSHOT.jar:?]
	at org.apache.hadoop.hdds.server.OzoneProtocolMessageDispatcher.processRequest(OzoneProtocolMessageDispatcher.java:87) [hdds-server-framework-1.4.0-SNAPSHOT.jar:?]
	at org.apache.hadoop.ozone.protocolPB.OzoneManagerProtocolServerSideTranslatorPB.submitRequest(OzoneManagerProtocolServerSideTranslatorPB.java:148) [ozone-manager-1.4.0-SNAPSHOT.jar:?]
	at org.apache.hadoop.ozone.protocol.proto.OzoneManagerProtocolProtos$OzoneManagerService$2.callBlockingMethod(OzoneManagerProtocolProtos.java) [ozone-interface-client-1.4.0-SNAPSHOT.jar:?]
	at org.apache.hadoop.ipc.ProtobufRpcEngine$Server.processCall(ProtobufRpcEngine.java:484) [hadoop-common-3.3.6.jar:?]
	at org.apache.hadoop.ipc.ProtobufRpcEngine2$Server$ProtoBufRpcInvoker.call(ProtobufRpcEngine2.java:595) [hadoop-common-3.3.6.jar:?]
	at org.apache.hadoop.ipc.ProtobufRpcEngine2$Server$ProtoBufRpcInvoker.call(ProtobufRpcEngine2.java:573) [hadoop-common-3.3.6.jar:?]
	at org.apache.hadoop.ipc.RPC$Server.call(RPC.java:1227) [hadoop-common-3.3.6.jar:?]
	at org.apache.hadoop.ipc.Server$RpcCall.run(Server.java:1094) [hadoop-common-3.3.6.jar:?]
	at org.apache.hadoop.ipc.Server$RpcCall.run(Server.java:1017) [hadoop-common-3.3.6.jar:?]
	at java.security.AccessController.doPrivileged(Native Method) ~[?:1.8.0_382]
	at javax.security.auth.Subject.doAs(Subject.java:422) [?:1.8.0_382]
	at org.apache.hadoop.security.UserGroupInformation.doAs(UserGroupInformation.java:1899) [hadoop-common-3.3.6.jar:?]
	at org.apache.hadoop.ipc.Server$Handler.run(Server.java:3048) [hadoop-common-3.3.6.jar:?]
02:05:28.115 [IPC Server handler 16 on default port 15057] ERROR OMAudit - user=runner | ip=127.0.0.1 | op=GET_FILE_STATUS {volume=volume43065, bucket=bucket81401, key=level0/level2, dataSize=0, replicationConfig=null} | ret=FAILURE
org.apache.hadoop.ozone.om.exceptions.OMException: Unable to get file status: volume: volume43065 bucket: bucket81401 key: level0/level2
	at org.apache.hadoop.ozone.om.KeyManagerImpl.getOzoneFileStatus(KeyManagerImpl.java:1195) ~[ozone-manager-1.4.0-SNAPSHOT.jar:?]
	at org.apache.hadoop.ozone.om.KeyManagerImpl.getFileStatus(KeyManagerImpl.java:1113) ~[ozone-manager-1.4.0-SNAPSHOT.jar:?]
	at org.apache.hadoop.ozone.om.OmMetadataReader.getFileStatus(OmMetadataReader.java:262) ~[ozone-manager-1.4.0-SNAPSHOT.jar:?]
	at org.apache.hadoop.ozone.om.OzoneManager.getFileStatus(OzoneManager.java:3533) ~[ozone-manager-1.4.0-SNAPSHOT.jar:?]
	at org.apache.hadoop.ozone.protocolPB.OzoneManagerRequestHandler.getOzoneFileStatus(OzoneManagerRequestHandler.java:971) ~[ozone-manager-1.4.0-SNAPSHOT.jar:?]
	at org.apache.hadoop.ozone.protocolPB.OzoneManagerRequestHandler.handleReadRequest(OzoneManagerRequestHandler.java:250) ~[ozone-manager-1.4.0-SNAPSHOT.jar:?]
	at org.apache.hadoop.ozone.protocolPB.OzoneManagerProtocolServerSideTranslatorPB.submitRequestDirectlyToOM(OzoneManagerProtocolServerSideTranslatorPB.java:274) ~[ozone-manager-1.4.0-SNAPSHOT.jar:?]
	at org.apache.hadoop.ozone.protocolPB.OzoneManagerProtocolServerSideTranslatorPB.processRequest(OzoneManagerProtocolServerSideTranslatorPB.java:175) ~[ozone-manager-1.4.0-SNAPSHOT.jar:?]
	at org.apache.hadoop.hdds.server.OzoneProtocolMessageDispatcher.processRequest(OzoneProtocolMessageDispatcher.java:87) [hdds-server-framework-1.4.0-SNAPSHOT.jar:?]
	at org.apache.hadoop.ozone.protocolPB.OzoneManagerProtocolServerSideTranslatorPB.submitRequest(OzoneManagerProtocolServerSideTranslatorPB.java:148) [ozone-manager-1.4.0-SNAPSHOT.jar:?]
	at org.apache.hadoop.ozone.protocol.proto.OzoneManagerProtocolProtos$OzoneManagerService$2.callBlockingMethod(OzoneManagerProtocolProtos.java) [ozone-interface-client-1.4.0-SNAPSHOT.jar:?]
	at org.apache.hadoop.ipc.ProtobufRpcEngine$Server.processCall(ProtobufRpcEngine.java:484) [hadoop-common-3.3.6.jar:?]
	at org.apache.hadoop.ipc.ProtobufRpcEngine2$Server$ProtoBufRpcInvoker.call(ProtobufRpcEngine2.java:595) [hadoop-common-3.3.6.jar:?]
	at org.apache.hadoop.ipc.ProtobufRpcEngine2$Server$ProtoBufRpcInvoker.call(ProtobufRpcEngine2.java:573) [hadoop-common-3.3.6.jar:?]
	at org.apache.hadoop.ipc.RPC$Server.call(RPC.java:1227) [hadoop-common-3.3.6.jar:?]
	at org.apache.hadoop.ipc.Server$RpcCall.run(Server.java:1094) [hadoop-common-3.3.6.jar:?]
	at org.apache.hadoop.ipc.Server$RpcCall.run(Server.java:1017) [hadoop-common-3.3.6.jar:?]
	at java.security.AccessController.doPrivileged(Native Method) ~[?:1.8.0_382]
	at javax.security.auth.Subject.doAs(Subject.java:422) [?:1.8.0_382]
	at org.apache.hadoop.security.UserGroupInformation.doAs(UserGroupInformation.java:1899) [hadoop-common-3.3.6.jar:?]
	at org.apache.hadoop.ipc.Server$Handler.run(Server.java:3048) [hadoop-common-3.3.6.jar:?]
02:05:28.117 [IPC Server handler 17 on default port 15057] ERROR OMAudit - user=runner | ip=127.0.0.1 | op=GET_FILE_STATUS {volume=volume43065, bucket=bucket81401, key=level0/level2/level2, dataSize=0, replicationConfig=null} | ret=FAILURE
org.apache.hadoop.ozone.om.exceptions.OMException: Unable to get file status: volume: volume43065 bucket: bucket81401 key: level0/level2/level2
	at org.apache.hadoop.ozone.om.KeyManagerImpl.getOzoneFileStatus(KeyManagerImpl.java:1195) ~[ozone-manager-1.4.0-SNAPSHOT.jar:?]
	at org.apache.hadoop.ozone.om.KeyManagerImpl.getFileStatus(KeyManagerImpl.java:1113) ~[ozone-manager-1.4.0-SNAPSHOT.jar:?]
	at org.apache.hadoop.ozone.om.OmMetadataReader.getFileStatus(OmMetadataReader.java:262) ~[ozone-manager-1.4.0-SNAPSHOT.jar:?]
	at org.apache.hadoop.ozone.om.OzoneManager.getFileStatus(OzoneManager.java:3533) ~[ozone-manager-1.4.0-SNAPSHOT.jar:?]
	at org.apache.hadoop.ozone.protocolPB.OzoneManagerRequestHandler.getOzoneFileStatus(OzoneManagerRequestHandler.java:971) ~[ozone-manager-1.4.0-SNAPSHOT.jar:?]
	at org.apache.hadoop.ozone.protocolPB.OzoneManagerRequestHandler.handleReadRequest(OzoneManagerRequestHandler.java:250) ~[ozone-manager-1.4.0-SNAPSHOT.jar:?]
	at org.apache.hadoop.ozone.protocolPB.OzoneManagerProtocolServerSideTranslatorPB.submitRequestDirectlyToOM(OzoneManagerProtocolServerSideTranslatorPB.java:274) ~[ozone-manager-1.4.0-SNAPSHOT.jar:?]
	at org.apache.hadoop.ozone.protocolPB.OzoneManagerProtocolServerSideTranslatorPB.processRequest(OzoneManagerProtocolServerSideTranslatorPB.java:175) ~[ozone-manager-1.4.0-SNAPSHOT.jar:?]
	at org.apache.hadoop.hdds.server.OzoneProtocolMessageDispatcher.processRequest(OzoneProtocolMessageDispatcher.java:87) [hdds-server-framework-1.4.0-SNAPSHOT.jar:?]
	at org.apache.hadoop.ozone.protocolPB.OzoneManagerProtocolServerSideTranslatorPB.submitRequest(OzoneManagerProtocolServerSideTranslatorPB.java:148) [ozone-manager-1.4.0-SNAPSHOT.jar:?]
	at org.apache.hadoop.ozone.protocol.proto.OzoneManagerProtocolProtos$OzoneManagerService$2.callBlockingMethod(OzoneManagerProtocolProtos.java) [ozone-interface-client-1.4.0-SNAPSHOT.jar:?]
	at org.apache.hadoop.ipc.ProtobufRpcEngine$Server.processCall(ProtobufRpcEngine.java:484) [hadoop-common-3.3.6.jar:?]
	at org.apache.hadoop.ipc.ProtobufRpcEngine2$Server$ProtoBufRpcInvoker.call(ProtobufRpcEngine2.java:595) [hadoop-common-3.3.6.jar:?]
	at org.apache.hadoop.ipc.ProtobufRpcEngine2$Server$ProtoBufRpcInvoker.call(ProtobufRpcEngine2.java:573) [hadoop-common-3.3.6.jar:?]
	at org.apache.hadoop.ipc.RPC$Server.call(RPC.java:1227) [hadoop-common-3.3.6.jar:?]
	at org.apache.hadoop.ipc.Server$RpcCall.run(Server.java:1094) [hadoop-common-3.3.6.jar:?]
	at org.apache.hadoop.ipc.Server$RpcCall.run(Server.java:1017) [hadoop-common-3.3.6.jar:?]
	at java.security.AccessController.doPrivileged(Native Method) ~[?:1.8.0_382]
	at javax.security.auth.Subject.doAs(Subject.java:422) [?:1.8.0_382]
	at org.apache.hadoop.security.UserGroupInformation.doAs(UserGroupInformation.java:1899) [hadoop-common-3.3.6.jar:?]
	at org.apache.hadoop.ipc.Server$Handler.run(Server.java:3048) [hadoop-common-3.3.6.jar:?]
02:05:28.117 [IPC Server handler 18 on default port 15057] ERROR OMAudit - user=runner | ip=127.0.0.1 | op=GET_FILE_STATUS {volume=volume43065, bucket=bucket81401, key=level0/level2/file1, dataSize=0, replicationConfig=null} | ret=FAILURE
org.apache.hadoop.ozone.om.exceptions.OMException: Unable to get file status: volume: volume43065 bucket: bucket81401 key: level0/level2/file1
	at org.apache.hadoop.ozone.om.KeyManagerImpl.getOzoneFileStatus(KeyManagerImpl.java:1195) ~[ozone-manager-1.4.0-SNAPSHOT.jar:?]
	at org.apache.hadoop.ozone.om.KeyManagerImpl.getFileStatus(KeyManagerImpl.java:1113) ~[ozone-manager-1.4.0-SNAPSHOT.jar:?]
	at org.apache.hadoop.ozone.om.OmMetadataReader.getFileStatus(OmMetadataReader.java:262) ~[ozone-manager-1.4.0-SNAPSHOT.jar:?]
	at org.apache.hadoop.ozone.om.OzoneManager.getFileStatus(OzoneManager.java:3533) ~[ozone-manager-1.4.0-SNAPSHOT.jar:?]
	at org.apache.hadoop.ozone.protocolPB.OzoneManagerRequestHandler.getOzoneFileStatus(OzoneManagerRequestHandler.java:971) ~[ozone-manager-1.4.0-SNAPSHOT.jar:?]
	at org.apache.hadoop.ozone.protocolPB.OzoneManagerRequestHandler.handleReadRequest(OzoneManagerRequestHandler.java:250) ~[ozone-manager-1.4.0-SNAPSHOT.jar:?]
	at org.apache.hadoop.ozone.protocolPB.OzoneManagerProtocolServerSideTranslatorPB.submitRequestDirectlyToOM(OzoneManagerProtocolServerSideTranslatorPB.java:274) ~[ozone-manager-1.4.0-SNAPSHOT.jar:?]
	at org.apache.hadoop.ozone.protocolPB.OzoneManagerProtocolServerSideTranslatorPB.processRequest(OzoneManagerProtocolServerSideTranslatorPB.java:175) ~[ozone-manager-1.4.0-SNAPSHOT.jar:?]
	at org.apache.hadoop.hdds.server.OzoneProtocolMessageDispatcher.processRequest(OzoneProtocolMessageDispatcher.java:87) [hdds-server-framework-1.4.0-SNAPSHOT.jar:?]
	at org.apache.hadoop.ozone.protocolPB.OzoneManagerProtocolServerSideTranslatorPB.submitRequest(OzoneManagerProtocolServerSideTranslatorPB.java:148) [ozone-manager-1.4.0-SNAPSHOT.jar:?]
	at org.apache.hadoop.ozone.protocol.proto.OzoneManagerProtocolProtos$OzoneManagerService$2.callBlockingMethod(OzoneManagerProtocolProtos.java) [ozone-interface-client-1.4.0-SNAPSHOT.jar:?]
	at org.apache.hadoop.ipc.ProtobufRpcEngine$Server.processCall(ProtobufRpcEngine.java:484) [hadoop-common-3.3.6.jar:?]
	at org.apache.hadoop.ipc.ProtobufRpcEngine2$Server$ProtoBufRpcInvoker.call(ProtobufRpcEngine2.java:595) [hadoop-common-3.3.6.jar:?]
	at org.apache.hadoop.ipc.ProtobufRpcEngine2$Server$ProtoBufRpcInvoker.call(ProtobufRpcEngine2.java:573) [hadoop-common-3.3.6.jar:?]
	at org.apache.hadoop.ipc.RPC$Server.call(RPC.java:1227) [hadoop-common-3.3.6.jar:?]
	at org.apache.hadoop.ipc.Server$RpcCall.run(Server.java:1094) [hadoop-common-3.3.6.jar:?]
	at org.apache.hadoop.ipc.Server$RpcCall.run(Server.java:1017) [hadoop-common-3.3.6.jar:?]
	at java.security.AccessController.doPrivileged(Native Method) ~[?:1.8.0_382]
	at javax.security.auth.Subject.doAs(Subject.java:422) [?:1.8.0_382]
	at org.apache.hadoop.security.UserGroupInformation.doAs(UserGroupInformation.java:1899) [hadoop-common-3.3.6.jar:?]
	at org.apache.hadoop.ipc.Server$Handler.run(Server.java:3048) [hadoop-common-3.3.6.jar:?]
02:05:28.120 [IPC Server handler 19 on default port 15057] ERROR OMAudit - user=runner | ip=127.0.0.1 | op=GET_FILE_STATUS {volume=volume43065, bucket=bucket81401, key=level0/level2/level2/file1, dataSize=0, replicationConfig=null} | ret=FAILURE
org.apache.hadoop.ozone.om.exceptions.OMException: Unable to get file status: volume: volume43065 bucket: bucket81401 key: level0/level2/level2/file1
	at org.apache.hadoop.ozone.om.KeyManagerImpl.getOzoneFileStatus(KeyManagerImpl.java:1195) ~[ozone-manager-1.4.0-SNAPSHOT.jar:?]
	at org.apache.hadoop.ozone.om.KeyManagerImpl.getFileStatus(KeyManagerImpl.java:1113) ~[ozone-manager-1.4.0-SNAPSHOT.jar:?]
	at org.apache.hadoop.ozone.om.OmMetadataReader.getFileStatus(OmMetadataReader.java:262) ~[ozone-manager-1.4.0-SNAPSHOT.jar:?]
	at org.apache.hadoop.ozone.om.OzoneManager.getFileStatus(OzoneManager.java:3533) ~[ozone-manager-1.4.0-SNAPSHOT.jar:?]
	at org.apache.hadoop.ozone.protocolPB.OzoneManagerRequestHandler.getOzoneFileStatus(OzoneManagerRequestHandler.java:971) ~[ozone-manager-1.4.0-SNAPSHOT.jar:?]
	at org.apache.hadoop.ozone.protocolPB.OzoneManagerRequestHandler.handleReadRequest(OzoneManagerRequestHandler.java:250) ~[ozone-manager-1.4.0-SNAPSHOT.jar:?]
	at org.apache.hadoop.ozone.protocolPB.OzoneManagerProtocolServerSideTranslatorPB.submitRequestDirectlyToOM(OzoneManagerProtocolServerSideTranslatorPB.java:274) ~[ozone-manager-1.4.0-SNAPSHOT.jar:?]
	at org.apache.hadoop.ozone.protocolPB.OzoneManagerProtocolServerSideTranslatorPB.processRequest(OzoneManagerProtocolServerSideTranslatorPB.java:175) ~[ozone-manager-1.4.0-SNAPSHOT.jar:?]
	at org.apache.hadoop.hdds.server.OzoneProtocolMessageDispatcher.processRequest(OzoneProtocolMessageDispatcher.java:87) [hdds-server-framework-1.4.0-SNAPSHOT.jar:?]
	at org.apache.hadoop.ozone.protocolPB.OzoneManagerProtocolServerSideTranslatorPB.submitRequest(OzoneManagerProtocolServerSideTranslatorPB.java:148) [ozone-manager-1.4.0-SNAPSHOT.jar:?]
	at org.apache.hadoop.ozone.protocol.proto.OzoneManagerProtocolProtos$OzoneManagerService$2.callBlockingMethod(OzoneManagerProtocolProtos.java) [ozone-interface-client-1.4.0-SNAPSHOT.jar:?]
	at org.apache.hadoop.ipc.ProtobufRpcEngine$Server.processCall(ProtobufRpcEngine.java:484) [hadoop-common-3.3.6.jar:?]
	at org.apache.hadoop.ipc.ProtobufRpcEngine2$Server$ProtoBufRpcInvoker.call(ProtobufRpcEngine2.java:595) [hadoop-common-3.3.6.jar:?]
	at org.apache.hadoop.ipc.ProtobufRpcEngine2$Server$ProtoBufRpcInvoker.call(ProtobufRpcEngine2.java:573) [hadoop-common-3.3.6.jar:?]
	at org.apache.hadoop.ipc.RPC$Server.call(RPC.java:1227) [hadoop-common-3.3.6.jar:?]
	at org.apache.hadoop.ipc.Server$RpcCall.run(Server.java:1094) [hadoop-common-3.3.6.jar:?]
	at org.apache.hadoop.ipc.Server$RpcCall.run(Server.java:1017) [hadoop-common-3.3.6.jar:?]
	at java.security.AccessController.doPrivileged(Native Method) ~[?:1.8.0_382]
	at javax.security.auth.Subject.doAs(Subject.java:422) [?:1.8.0_382]
	at org.apache.hadoop.security.UserGroupInformation.doAs(UserGroupInformation.java:1899) [hadoop-common-3.3.6.jar:?]
	at org.apache.hadoop.ipc.Server$Handler.run(Server.java:3048) [hadoop-common-3.3.6.jar:?]
02:05:28.121 [IPC Server handler 0 on default port 15057] ERROR OMAudit - user=runner | ip=127.0.0.1 | op=GET_FILE_STATUS {volume=volume43065, bucket=bucket81401, key=level0/level3, dataSize=0, replicationConfig=null} | ret=FAILURE
org.apache.hadoop.ozone.om.exceptions.OMException: Unable to get file status: volume: volume43065 bucket: bucket81401 key: level0/level3
	at org.apache.hadoop.ozone.om.KeyManagerImpl.getOzoneFileStatus(KeyManagerImpl.java:1195) ~[ozone-manager-1.4.0-SNAPSHOT.jar:?]
	at org.apache.hadoop.ozone.om.KeyManagerImpl.getFileStatus(KeyManagerImpl.java:1113) ~[ozone-manager-1.4.0-SNAPSHOT.jar:?]
	at org.apache.hadoop.ozone.om.OmMetadataReader.getFileStatus(OmMetadataReader.java:262) ~[ozone-manager-1.4.0-SNAPSHOT.jar:?]
	at org.apache.hadoop.ozone.om.OzoneManager.getFileStatus(OzoneManager.java:3533) ~[ozone-manager-1.4.0-SNAPSHOT.jar:?]
	at org.apache.hadoop.ozone.protocolPB.OzoneManagerRequestHandler.getOzoneFileStatus(OzoneManagerRequestHandler.java:971) ~[ozone-manager-1.4.0-SNAPSHOT.jar:?]
	at org.apache.hadoop.ozone.protocolPB.OzoneManagerRequestHandler.handleReadRequest(OzoneManagerRequestHandler.java:250) ~[ozone-manager-1.4.0-SNAPSHOT.jar:?]
	at org.apache.hadoop.ozone.protocolPB.OzoneManagerProtocolServerSideTranslatorPB.submitRequestDirectlyToOM(OzoneManagerProtocolServerSideTranslatorPB.java:274) ~[ozone-manager-1.4.0-SNAPSHOT.jar:?]
	at org.apache.hadoop.ozone.protocolPB.OzoneManagerProtocolServerSideTranslatorPB.processRequest(OzoneManagerProtocolServerSideTranslatorPB.java:175) ~[ozone-manager-1.4.0-SNAPSHOT.jar:?]
	at org.apache.hadoop.hdds.server.OzoneProtocolMessageDispatcher.processRequest(OzoneProtocolMessageDispatcher.java:87) [hdds-server-framework-1.4.0-SNAPSHOT.jar:?]
	at org.apache.hadoop.ozone.protocolPB.OzoneManagerProtocolServerSideTranslatorPB.submitRequest(OzoneManagerProtocolServerSideTranslatorPB.java:148) [ozone-manager-1.4.0-SNAPSHOT.jar:?]
	at org.apache.hadoop.ozone.protocol.proto.OzoneManagerProtocolProtos$OzoneManagerService$2.callBlockingMethod(OzoneManagerProtocolProtos.java) [ozone-interface-client-1.4.0-SNAPSHOT.jar:?]
	at org.apache.hadoop.ipc.ProtobufRpcEngine$Server.processCall(ProtobufRpcEngine.java:484) [hadoop-common-3.3.6.jar:?]
	at org.apache.hadoop.ipc.ProtobufRpcEngine2$Server$ProtoBufRpcInvoker.call(ProtobufRpcEngine2.java:595) [hadoop-common-3.3.6.jar:?]
	at org.apache.hadoop.ipc.ProtobufRpcEngine2$Server$ProtoBufRpcInvoker.call(ProtobufRpcEngine2.java:573) [hadoop-common-3.3.6.jar:?]
	at org.apache.hadoop.ipc.RPC$Server.call(RPC.java:1227) [hadoop-common-3.3.6.jar:?]
	at org.apache.hadoop.ipc.Server$RpcCall.run(Server.java:1094) [hadoop-common-3.3.6.jar:?]
	at org.apache.hadoop.ipc.Server$RpcCall.run(Server.java:1017) [hadoop-common-3.3.6.jar:?]
	at java.security.AccessController.doPrivileged(Native Method) ~[?:1.8.0_382]
	at javax.security.auth.Subject.doAs(Subject.java:422) [?:1.8.0_382]
	at org.apache.hadoop.security.UserGroupInformation.doAs(UserGroupInformation.java:1899) [hadoop-common-3.3.6.jar:?]
	at org.apache.hadoop.ipc.Server$Handler.run(Server.java:3048) [hadoop-common-3.3.6.jar:?]
02:05:28.122 [IPC Server handler 2 on default port 15057] ERROR OMAudit - user=runner | ip=127.0.0.1 | op=GET_FILE_STATUS {volume=volume43065, bucket=bucket81401, key=level0/level3/level3, dataSize=0, replicationConfig=null} | ret=FAILURE
org.apache.hadoop.ozone.om.exceptions.OMException: Unable to get file status: volume: volume43065 bucket: bucket81401 key: level0/level3/level3
	at org.apache.hadoop.ozone.om.KeyManagerImpl.getOzoneFileStatus(KeyManagerImpl.java:1195) ~[ozone-manager-1.4.0-SNAPSHOT.jar:?]
	at org.apache.hadoop.ozone.om.KeyManagerImpl.getFileStatus(KeyManagerImpl.java:1113) ~[ozone-manager-1.4.0-SNAPSHOT.jar:?]
	at org.apache.hadoop.ozone.om.OmMetadataReader.getFileStatus(OmMetadataReader.java:262) ~[ozone-manager-1.4.0-SNAPSHOT.jar:?]
	at org.apache.hadoop.ozone.om.OzoneManager.getFileStatus(OzoneManager.java:3533) ~[ozone-manager-1.4.0-SNAPSHOT.jar:?]
	at org.apache.hadoop.ozone.protocolPB.OzoneManagerRequestHandler.getOzoneFileStatus(OzoneManagerRequestHandler.java:971) ~[ozone-manager-1.4.0-SNAPSHOT.jar:?]
	at org.apache.hadoop.ozone.protocolPB.OzoneManagerRequestHandler.handleReadRequest(OzoneManagerRequestHandler.java:250) ~[ozone-manager-1.4.0-SNAPSHOT.jar:?]
	at org.apache.hadoop.ozone.protocolPB.OzoneManagerProtocolServerSideTranslatorPB.submitRequestDirectlyToOM(OzoneManagerProtocolServerSideTranslatorPB.java:274) ~[ozone-manager-1.4.0-SNAPSHOT.jar:?]
	at org.apache.hadoop.ozone.protocolPB.OzoneManagerProtocolServerSideTranslatorPB.processRequest(OzoneManagerProtocolServerSideTranslatorPB.java:175) ~[ozone-manager-1.4.0-SNAPSHOT.jar:?]
	at org.apache.hadoop.hdds.server.OzoneProtocolMessageDispatcher.processRequest(OzoneProtocolMessageDispatcher.java:87) [hdds-server-framework-1.4.0-SNAPSHOT.jar:?]
	at org.apache.hadoop.ozone.protocolPB.OzoneManagerProtocolServerSideTranslatorPB.submitRequest(OzoneManagerProtocolServerSideTranslatorPB.java:148) [ozone-manager-1.4.0-SNAPSHOT.jar:?]
	at org.apache.hadoop.ozone.protocol.proto.OzoneManagerProtocolProtos$OzoneManagerService$2.callBlockingMethod(OzoneManagerProtocolProtos.java) [ozone-interface-client-1.4.0-SNAPSHOT.jar:?]
	at org.apache.hadoop.ipc.ProtobufRpcEngine$Server.processCall(ProtobufRpcEngine.java:484) [hadoop-common-3.3.6.jar:?]
	at org.apache.hadoop.ipc.ProtobufRpcEngine2$Server$ProtoBufRpcInvoker.call(ProtobufRpcEngine2.java:595) [hadoop-common-3.3.6.jar:?]
	at org.apache.hadoop.ipc.ProtobufRpcEngine2$Server$ProtoBufRpcInvoker.call(ProtobufRpcEngine2.java:573) [hadoop-common-3.3.6.jar:?]
	at org.apache.hadoop.ipc.RPC$Server.call(RPC.java:1227) [hadoop-common-3.3.6.jar:?]
	at org.apache.hadoop.ipc.Server$RpcCall.run(Server.java:1094) [hadoop-common-3.3.6.jar:?]
	at org.apache.hadoop.ipc.Server$RpcCall.run(Server.java:1017) [hadoop-common-3.3.6.jar:?]
	at java.security.AccessController.doPrivileged(Native Method) ~[?:1.8.0_382]
	at javax.security.auth.Subject.doAs(Subject.java:422) [?:1.8.0_382]
	at org.apache.hadoop.security.UserGroupInformation.doAs(UserGroupInformation.java:1899) [hadoop-common-3.3.6.jar:?]
	at org.apache.hadoop.ipc.Server$Handler.run(Server.java:3048) [hadoop-common-3.3.6.jar:?]
02:05:28.127 [IPC Server handler 1 on default port 15057] ERROR OMAudit - user=runner | ip=127.0.0.1 | op=GET_FILE_STATUS {volume=volume43065, bucket=bucket81401, key=level0/level3/file1, dataSize=0, replicationConfig=null} | ret=FAILURE
org.apache.hadoop.ozone.om.exceptions.OMException: Unable to get file status: volume: volume43065 bucket: bucket81401 key: level0/level3/file1
	at org.apache.hadoop.ozone.om.KeyManagerImpl.getOzoneFileStatus(KeyManagerImpl.java:1195) ~[ozone-manager-1.4.0-SNAPSHOT.jar:?]
	at org.apache.hadoop.ozone.om.KeyManagerImpl.getFileStatus(KeyManagerImpl.java:1113) ~[ozone-manager-1.4.0-SNAPSHOT.jar:?]
	at org.apache.hadoop.ozone.om.OmMetadataReader.getFileStatus(OmMetadataReader.java:262) ~[ozone-manager-1.4.0-SNAPSHOT.jar:?]
	at org.apache.hadoop.ozone.om.OzoneManager.getFileStatus(OzoneManager.java:3533) ~[ozone-manager-1.4.0-SNAPSHOT.jar:?]
	at org.apache.hadoop.ozone.protocolPB.OzoneManagerRequestHandler.getOzoneFileStatus(OzoneManagerRequestHandler.java:971) ~[ozone-manager-1.4.0-SNAPSHOT.jar:?]
	at org.apache.hadoop.ozone.protocolPB.OzoneManagerRequestHandler.handleReadRequest(OzoneManagerRequestHandler.java:250) ~[ozone-manager-1.4.0-SNAPSHOT.jar:?]
	at org.apache.hadoop.ozone.protocolPB.OzoneManagerProtocolServerSideTranslatorPB.submitRequestDirectlyToOM(OzoneManagerProtocolServerSideTranslatorPB.java:274) ~[ozone-manager-1.4.0-SNAPSHOT.jar:?]
	at org.apache.hadoop.ozone.protocolPB.OzoneManagerProtocolServerSideTranslatorPB.processRequest(OzoneManagerProtocolServerSideTranslatorPB.java:175) ~[ozone-manager-1.4.0-SNAPSHOT.jar:?]
	at org.apache.hadoop.hdds.server.OzoneProtocolMessageDispatcher.processRequest(OzoneProtocolMessageDispatcher.java:87) [hdds-server-framework-1.4.0-SNAPSHOT.jar:?]
	at org.apache.hadoop.ozone.protocolPB.OzoneManagerProtocolServerSideTranslatorPB.submitRequest(OzoneManagerProtocolServerSideTranslatorPB.java:148) [ozone-manager-1.4.0-SNAPSHOT.jar:?]
	at org.apache.hadoop.ozone.protocol.proto.OzoneManagerProtocolProtos$OzoneManagerService$2.callBlockingMethod(OzoneManagerProtocolProtos.java) [ozone-interface-client-1.4.0-SNAPSHOT.jar:?]
	at org.apache.hadoop.ipc.ProtobufRpcEngine$Server.processCall(ProtobufRpcEngine.java:484) [hadoop-common-3.3.6.jar:?]
	at org.apache.hadoop.ipc.ProtobufRpcEngine2$Server$ProtoBufRpcInvoker.call(ProtobufRpcEngine2.java:595) [hadoop-common-3.3.6.jar:?]
	at org.apache.hadoop.ipc.ProtobufRpcEngine2$Server$ProtoBufRpcInvoker.call(ProtobufRpcEngine2.java:573) [hadoop-common-3.3.6.jar:?]
	at org.apache.hadoop.ipc.RPC$Server.call(RPC.java:1227) [hadoop-common-3.3.6.jar:?]
	at org.apache.hadoop.ipc.Server$RpcCall.run(Server.java:1094) [hadoop-common-3.3.6.jar:?]
	at org.apache.hadoop.ipc.Server$RpcCall.run(Server.java:1017) [hadoop-common-3.3.6.jar:?]
	at java.security.AccessController.doPrivileged(Native Method) ~[?:1.8.0_382]
	at javax.security.auth.Subject.doAs(Subject.java:422) [?:1.8.0_382]
	at org.apache.hadoop.security.UserGroupInformation.doAs(UserGroupInformation.java:1899) [hadoop-common-3.3.6.jar:?]
	at org.apache.hadoop.ipc.Server$Handler.run(Server.java:3048) [hadoop-common-3.3.6.jar:?]
02:05:28.128 [IPC Server handler 3 on default port 15057] ERROR OMAudit - user=runner | ip=127.0.0.1 | op=GET_FILE_STATUS {volume=volume43065, bucket=bucket81401, key=level0/level3/level3/file1, dataSize=0, replicationConfig=null} | ret=FAILURE
org.apache.hadoop.ozone.om.exceptions.OMException: Unable to get file status: volume: volume43065 bucket: bucket81401 key: level0/level3/level3/file1
	at org.apache.hadoop.ozone.om.KeyManagerImpl.getOzoneFileStatus(KeyManagerImpl.java:1195) ~[ozone-manager-1.4.0-SNAPSHOT.jar:?]
	at org.apache.hadoop.ozone.om.KeyManagerImpl.getFileStatus(KeyManagerImpl.java:1113) ~[ozone-manager-1.4.0-SNAPSHOT.jar:?]
	at org.apache.hadoop.ozone.om.OmMetadataReader.getFileStatus(OmMetadataReader.java:262) ~[ozone-manager-1.4.0-SNAPSHOT.jar:?]
	at org.apache.hadoop.ozone.om.OzoneManager.getFileStatus(OzoneManager.java:3533) ~[ozone-manager-1.4.0-SNAPSHOT.jar:?]
	at org.apache.hadoop.ozone.protocolPB.OzoneManagerRequestHandler.getOzoneFileStatus(OzoneManagerRequestHandler.java:971) ~[ozone-manager-1.4.0-SNAPSHOT.jar:?]
	at org.apache.hadoop.ozone.protocolPB.OzoneManagerRequestHandler.handleReadRequest(OzoneManagerRequestHandler.java:250) ~[ozone-manager-1.4.0-SNAPSHOT.jar:?]
	at org.apache.hadoop.ozone.protocolPB.OzoneManagerProtocolServerSideTranslatorPB.submitRequestDirectlyToOM(OzoneManagerProtocolServerSideTranslatorPB.java:274) ~[ozone-manager-1.4.0-SNAPSHOT.jar:?]
	at org.apache.hadoop.ozone.protocolPB.OzoneManagerProtocolServerSideTranslatorPB.processRequest(OzoneManagerProtocolServerSideTranslatorPB.java:175) ~[ozone-manager-1.4.0-SNAPSHOT.jar:?]
	at org.apache.hadoop.hdds.server.OzoneProtocolMessageDispatcher.processRequest(OzoneProtocolMessageDispatcher.java:87) [hdds-server-framework-1.4.0-SNAPSHOT.jar:?]
	at org.apache.hadoop.ozone.protocolPB.OzoneManagerProtocolServerSideTranslatorPB.submitRequest(OzoneManagerProtocolServerSideTranslatorPB.java:148) [ozone-manager-1.4.0-SNAPSHOT.jar:?]
	at org.apache.hadoop.ozone.protocol.proto.OzoneManagerProtocolProtos$OzoneManagerService$2.callBlockingMethod(OzoneManagerProtocolProtos.java) [ozone-interface-client-1.4.0-SNAPSHOT.jar:?]
	at org.apache.hadoop.ipc.ProtobufRpcEngine$Server.processCall(ProtobufRpcEngine.java:484) [hadoop-common-3.3.6.jar:?]
	at org.apache.hadoop.ipc.ProtobufRpcEngine2$Server$ProtoBufRpcInvoker.call(ProtobufRpcEngine2.java:595) [hadoop-common-3.3.6.jar:?]
	at org.apache.hadoop.ipc.ProtobufRpcEngine2$Server$ProtoBufRpcInvoker.call(ProtobufRpcEngine2.java:573) [hadoop-common-3.3.6.jar:?]
	at org.apache.hadoop.ipc.RPC$Server.call(RPC.java:1227) [hadoop-common-3.3.6.jar:?]
	at org.apache.hadoop.ipc.Server$RpcCall.run(Server.java:1094) [hadoop-common-3.3.6.jar:?]
	at org.apache.hadoop.ipc.Server$RpcCall.run(Server.java:1017) [hadoop-common-3.3.6.jar:?]
	at java.security.AccessController.doPrivileged(Native Method) ~[?:1.8.0_382]
	at javax.security.auth.Subject.doAs(Subject.java:422) [?:1.8.0_382]
	at org.apache.hadoop.security.UserGroupInformation.doAs(UserGroupInformation.java:1899) [hadoop-common-3.3.6.jar:?]
	at org.apache.hadoop.ipc.Server$Handler.run(Server.java:3048) [hadoop-common-3.3.6.jar:?]
]]></system-out>
  </testcase>
  <testcase name="testRecursiveDelete" classname="TestOzoneFileSystem" time="0.16">
    <system-out><![CDATA[02:06:30.268 [IPC Server handler 1 on default port 15110] ERROR OMAudit - user=runner | ip=127.0.0.1 | op=GET_FILE_STATUS {volume=volume18939, bucket=bucket36089, key=gdir1, dataSize=0, replicationConfig=null} | ret=FAILURE
org.apache.hadoop.ozone.om.exceptions.OMException: Unable to get file status: volume: volume18939 bucket: bucket36089 key: gdir1
	at org.apache.hadoop.ozone.om.KeyManagerImpl.getOzoneFileStatus(KeyManagerImpl.java:1195) ~[ozone-manager-1.4.0-SNAPSHOT.jar:?]
	at org.apache.hadoop.ozone.om.KeyManagerImpl.getFileStatus(KeyManagerImpl.java:1113) ~[ozone-manager-1.4.0-SNAPSHOT.jar:?]
	at org.apache.hadoop.ozone.om.OmMetadataReader.getFileStatus(OmMetadataReader.java:262) ~[ozone-manager-1.4.0-SNAPSHOT.jar:?]
	at org.apache.hadoop.ozone.om.OzoneManager.getFileStatus(OzoneManager.java:3533) ~[ozone-manager-1.4.0-SNAPSHOT.jar:?]
	at org.apache.hadoop.ozone.protocolPB.OzoneManagerRequestHandler.getOzoneFileStatus(OzoneManagerRequestHandler.java:971) ~[ozone-manager-1.4.0-SNAPSHOT.jar:?]
	at org.apache.hadoop.ozone.protocolPB.OzoneManagerRequestHandler.handleReadRequest(OzoneManagerRequestHandler.java:250) ~[ozone-manager-1.4.0-SNAPSHOT.jar:?]
	at org.apache.hadoop.ozone.protocolPB.OzoneManagerProtocolServerSideTranslatorPB.submitReadRequestToOM(OzoneManagerProtocolServerSideTranslatorPB.java:225) ~[ozone-manager-1.4.0-SNAPSHOT.jar:?]
	at org.apache.hadoop.ozone.protocolPB.OzoneManagerProtocolServerSideTranslatorPB.processRequest(OzoneManagerProtocolServerSideTranslatorPB.java:179) ~[ozone-manager-1.4.0-SNAPSHOT.jar:?]
	at org.apache.hadoop.hdds.server.OzoneProtocolMessageDispatcher.processRequest(OzoneProtocolMessageDispatcher.java:87) [hdds-server-framework-1.4.0-SNAPSHOT.jar:?]
	at org.apache.hadoop.ozone.protocolPB.OzoneManagerProtocolServerSideTranslatorPB.submitRequest(OzoneManagerProtocolServerSideTranslatorPB.java:148) [ozone-manager-1.4.0-SNAPSHOT.jar:?]
	at org.apache.hadoop.ozone.protocol.proto.OzoneManagerProtocolProtos$OzoneManagerService$2.callBlockingMethod(OzoneManagerProtocolProtos.java) [ozone-interface-client-1.4.0-SNAPSHOT.jar:?]
	at org.apache.hadoop.ipc.ProtobufRpcEngine$Server.processCall(ProtobufRpcEngine.java:484) [hadoop-common-3.3.6.jar:?]
	at org.apache.hadoop.ipc.ProtobufRpcEngine2$Server$ProtoBufRpcInvoker.call(ProtobufRpcEngine2.java:595) [hadoop-common-3.3.6.jar:?]
	at org.apache.hadoop.ipc.ProtobufRpcEngine2$Server$ProtoBufRpcInvoker.call(ProtobufRpcEngine2.java:573) [hadoop-common-3.3.6.jar:?]
	at org.apache.hadoop.ipc.RPC$Server.call(RPC.java:1227) [hadoop-common-3.3.6.jar:?]
	at org.apache.hadoop.ipc.Server$RpcCall.run(Server.java:1094) [hadoop-common-3.3.6.jar:?]
	at org.apache.hadoop.ipc.Server$RpcCall.run(Server.java:1017) [hadoop-common-3.3.6.jar:?]
	at java.security.AccessController.doPrivileged(Native Method) ~[?:1.8.0_382]
	at javax.security.auth.Subject.doAs(Subject.java:422) [?:1.8.0_382]
	at org.apache.hadoop.security.UserGroupInformation.doAs(UserGroupInformation.java:1899) [hadoop-common-3.3.6.jar:?]
	at org.apache.hadoop.ipc.Server$Handler.run(Server.java:3048) [hadoop-common-3.3.6.jar:?]
02:06:30.269 [IPC Server handler 2 on default port 15110] ERROR OMAudit - user=runner | ip=127.0.0.1 | op=GET_FILE_STATUS {volume=volume18939, bucket=bucket36089, key=gdir1/dir1, dataSize=0, replicationConfig=null} | ret=FAILURE
org.apache.hadoop.ozone.om.exceptions.OMException: Unable to get file status: volume: volume18939 bucket: bucket36089 key: gdir1/dir1
	at org.apache.hadoop.ozone.om.KeyManagerImpl.getOzoneFileStatus(KeyManagerImpl.java:1195) ~[ozone-manager-1.4.0-SNAPSHOT.jar:?]
	at org.apache.hadoop.ozone.om.KeyManagerImpl.getFileStatus(KeyManagerImpl.java:1113) ~[ozone-manager-1.4.0-SNAPSHOT.jar:?]
	at org.apache.hadoop.ozone.om.OmMetadataReader.getFileStatus(OmMetadataReader.java:262) ~[ozone-manager-1.4.0-SNAPSHOT.jar:?]
	at org.apache.hadoop.ozone.om.OzoneManager.getFileStatus(OzoneManager.java:3533) ~[ozone-manager-1.4.0-SNAPSHOT.jar:?]
	at org.apache.hadoop.ozone.protocolPB.OzoneManagerRequestHandler.getOzoneFileStatus(OzoneManagerRequestHandler.java:971) ~[ozone-manager-1.4.0-SNAPSHOT.jar:?]
	at org.apache.hadoop.ozone.protocolPB.OzoneManagerRequestHandler.handleReadRequest(OzoneManagerRequestHandler.java:250) ~[ozone-manager-1.4.0-SNAPSHOT.jar:?]
	at org.apache.hadoop.ozone.protocolPB.OzoneManagerProtocolServerSideTranslatorPB.submitReadRequestToOM(OzoneManagerProtocolServerSideTranslatorPB.java:225) ~[ozone-manager-1.4.0-SNAPSHOT.jar:?]
	at org.apache.hadoop.ozone.protocolPB.OzoneManagerProtocolServerSideTranslatorPB.processRequest(OzoneManagerProtocolServerSideTranslatorPB.java:179) ~[ozone-manager-1.4.0-SNAPSHOT.jar:?]
	at org.apache.hadoop.hdds.server.OzoneProtocolMessageDispatcher.processRequest(OzoneProtocolMessageDispatcher.java:87) [hdds-server-framework-1.4.0-SNAPSHOT.jar:?]
	at org.apache.hadoop.ozone.protocolPB.OzoneManagerProtocolServerSideTranslatorPB.submitRequest(OzoneManagerProtocolServerSideTranslatorPB.java:148) [ozone-manager-1.4.0-SNAPSHOT.jar:?]
	at org.apache.hadoop.ozone.protocol.proto.OzoneManagerProtocolProtos$OzoneManagerService$2.callBlockingMethod(OzoneManagerProtocolProtos.java) [ozone-interface-client-1.4.0-SNAPSHOT.jar:?]
	at org.apache.hadoop.ipc.ProtobufRpcEngine$Server.processCall(ProtobufRpcEngine.java:484) [hadoop-common-3.3.6.jar:?]
	at org.apache.hadoop.ipc.ProtobufRpcEngine2$Server$ProtoBufRpcInvoker.call(ProtobufRpcEngine2.java:595) [hadoop-common-3.3.6.jar:?]
	at org.apache.hadoop.ipc.ProtobufRpcEngine2$Server$ProtoBufRpcInvoker.call(ProtobufRpcEngine2.java:573) [hadoop-common-3.3.6.jar:?]
	at org.apache.hadoop.ipc.RPC$Server.call(RPC.java:1227) [hadoop-common-3.3.6.jar:?]
	at org.apache.hadoop.ipc.Server$RpcCall.run(Server.java:1094) [hadoop-common-3.3.6.jar:?]
	at org.apache.hadoop.ipc.Server$RpcCall.run(Server.java:1017) [hadoop-common-3.3.6.jar:?]
	at java.security.AccessController.doPrivileged(Native Method) ~[?:1.8.0_382]
	at javax.security.auth.Subject.doAs(Subject.java:422) [?:1.8.0_382]
	at org.apache.hadoop.security.UserGroupInformation.doAs(UserGroupInformation.java:1899) [hadoop-common-3.3.6.jar:?]
	at org.apache.hadoop.ipc.Server$Handler.run(Server.java:3048) [hadoop-common-3.3.6.jar:?]
02:06:30.270 [IPC Server handler 3 on default port 15110] ERROR OMAudit - user=runner | ip=127.0.0.1 | op=GET_FILE_STATUS {volume=volume18939, bucket=bucket36089, key=gdir1/dir1/child, dataSize=0, replicationConfig=null} | ret=FAILURE
org.apache.hadoop.ozone.om.exceptions.OMException: Unable to get file status: volume: volume18939 bucket: bucket36089 key: gdir1/dir1/child
	at org.apache.hadoop.ozone.om.KeyManagerImpl.getOzoneFileStatus(KeyManagerImpl.java:1195) ~[ozone-manager-1.4.0-SNAPSHOT.jar:?]
	at org.apache.hadoop.ozone.om.KeyManagerImpl.getFileStatus(KeyManagerImpl.java:1113) ~[ozone-manager-1.4.0-SNAPSHOT.jar:?]
	at org.apache.hadoop.ozone.om.OmMetadataReader.getFileStatus(OmMetadataReader.java:262) ~[ozone-manager-1.4.0-SNAPSHOT.jar:?]
	at org.apache.hadoop.ozone.om.OzoneManager.getFileStatus(OzoneManager.java:3533) ~[ozone-manager-1.4.0-SNAPSHOT.jar:?]
	at org.apache.hadoop.ozone.protocolPB.OzoneManagerRequestHandler.getOzoneFileStatus(OzoneManagerRequestHandler.java:971) ~[ozone-manager-1.4.0-SNAPSHOT.jar:?]
	at org.apache.hadoop.ozone.protocolPB.OzoneManagerRequestHandler.handleReadRequest(OzoneManagerRequestHandler.java:250) ~[ozone-manager-1.4.0-SNAPSHOT.jar:?]
	at org.apache.hadoop.ozone.protocolPB.OzoneManagerProtocolServerSideTranslatorPB.submitReadRequestToOM(OzoneManagerProtocolServerSideTranslatorPB.java:225) ~[ozone-manager-1.4.0-SNAPSHOT.jar:?]
	at org.apache.hadoop.ozone.protocolPB.OzoneManagerProtocolServerSideTranslatorPB.processRequest(OzoneManagerProtocolServerSideTranslatorPB.java:179) ~[ozone-manager-1.4.0-SNAPSHOT.jar:?]
	at org.apache.hadoop.hdds.server.OzoneProtocolMessageDispatcher.processRequest(OzoneProtocolMessageDispatcher.java:87) [hdds-server-framework-1.4.0-SNAPSHOT.jar:?]
	at org.apache.hadoop.ozone.protocolPB.OzoneManagerProtocolServerSideTranslatorPB.submitRequest(OzoneManagerProtocolServerSideTranslatorPB.java:148) [ozone-manager-1.4.0-SNAPSHOT.jar:?]
	at org.apache.hadoop.ozone.protocol.proto.OzoneManagerProtocolProtos$OzoneManagerService$2.callBlockingMethod(OzoneManagerProtocolProtos.java) [ozone-interface-client-1.4.0-SNAPSHOT.jar:?]
	at org.apache.hadoop.ipc.ProtobufRpcEngine$Server.processCall(ProtobufRpcEngine.java:484) [hadoop-common-3.3.6.jar:?]
	at org.apache.hadoop.ipc.ProtobufRpcEngine2$Server$ProtoBufRpcInvoker.call(ProtobufRpcEngine2.java:595) [hadoop-common-3.3.6.jar:?]
	at org.apache.hadoop.ipc.ProtobufRpcEngine2$Server$ProtoBufRpcInvoker.call(ProtobufRpcEngine2.java:573) [hadoop-common-3.3.6.jar:?]
	at org.apache.hadoop.ipc.RPC$Server.call(RPC.java:1227) [hadoop-common-3.3.6.jar:?]
	at org.apache.hadoop.ipc.Server$RpcCall.run(Server.java:1094) [hadoop-common-3.3.6.jar:?]
	at org.apache.hadoop.ipc.Server$RpcCall.run(Server.java:1017) [hadoop-common-3.3.6.jar:?]
	at java.security.AccessController.doPrivileged(Native Method) ~[?:1.8.0_382]
	at javax.security.auth.Subject.doAs(Subject.java:422) [?:1.8.0_382]
	at org.apache.hadoop.security.UserGroupInformation.doAs(UserGroupInformation.java:1899) [hadoop-common-3.3.6.jar:?]
	at org.apache.hadoop.ipc.Server$Handler.run(Server.java:3048) [hadoop-common-3.3.6.jar:?]
02:06:30.271 [IPC Server handler 5 on default port 15110] ERROR OMAudit - user=runner | ip=127.0.0.1 | op=GET_FILE_STATUS {volume=volume18939, bucket=bucket36089, key=gdir1/dir2, dataSize=0, replicationConfig=null} | ret=FAILURE
org.apache.hadoop.ozone.om.exceptions.OMException: Unable to get file status: volume: volume18939 bucket: bucket36089 key: gdir1/dir2
	at org.apache.hadoop.ozone.om.KeyManagerImpl.getOzoneFileStatus(KeyManagerImpl.java:1195) ~[ozone-manager-1.4.0-SNAPSHOT.jar:?]
	at org.apache.hadoop.ozone.om.KeyManagerImpl.getFileStatus(KeyManagerImpl.java:1113) ~[ozone-manager-1.4.0-SNAPSHOT.jar:?]
	at org.apache.hadoop.ozone.om.OmMetadataReader.getFileStatus(OmMetadataReader.java:262) ~[ozone-manager-1.4.0-SNAPSHOT.jar:?]
	at org.apache.hadoop.ozone.om.OzoneManager.getFileStatus(OzoneManager.java:3533) ~[ozone-manager-1.4.0-SNAPSHOT.jar:?]
	at org.apache.hadoop.ozone.protocolPB.OzoneManagerRequestHandler.getOzoneFileStatus(OzoneManagerRequestHandler.java:971) ~[ozone-manager-1.4.0-SNAPSHOT.jar:?]
	at org.apache.hadoop.ozone.protocolPB.OzoneManagerRequestHandler.handleReadRequest(OzoneManagerRequestHandler.java:250) ~[ozone-manager-1.4.0-SNAPSHOT.jar:?]
	at org.apache.hadoop.ozone.protocolPB.OzoneManagerProtocolServerSideTranslatorPB.submitReadRequestToOM(OzoneManagerProtocolServerSideTranslatorPB.java:225) ~[ozone-manager-1.4.0-SNAPSHOT.jar:?]
	at org.apache.hadoop.ozone.protocolPB.OzoneManagerProtocolServerSideTranslatorPB.processRequest(OzoneManagerProtocolServerSideTranslatorPB.java:179) ~[ozone-manager-1.4.0-SNAPSHOT.jar:?]
	at org.apache.hadoop.hdds.server.OzoneProtocolMessageDispatcher.processRequest(OzoneProtocolMessageDispatcher.java:87) [hdds-server-framework-1.4.0-SNAPSHOT.jar:?]
	at org.apache.hadoop.ozone.protocolPB.OzoneManagerProtocolServerSideTranslatorPB.submitRequest(OzoneManagerProtocolServerSideTranslatorPB.java:148) [ozone-manager-1.4.0-SNAPSHOT.jar:?]
	at org.apache.hadoop.ozone.protocol.proto.OzoneManagerProtocolProtos$OzoneManagerService$2.callBlockingMethod(OzoneManagerProtocolProtos.java) [ozone-interface-client-1.4.0-SNAPSHOT.jar:?]
	at org.apache.hadoop.ipc.ProtobufRpcEngine$Server.processCall(ProtobufRpcEngine.java:484) [hadoop-common-3.3.6.jar:?]
	at org.apache.hadoop.ipc.ProtobufRpcEngine2$Server$ProtoBufRpcInvoker.call(ProtobufRpcEngine2.java:595) [hadoop-common-3.3.6.jar:?]
	at org.apache.hadoop.ipc.ProtobufRpcEngine2$Server$ProtoBufRpcInvoker.call(ProtobufRpcEngine2.java:573) [hadoop-common-3.3.6.jar:?]
	at org.apache.hadoop.ipc.RPC$Server.call(RPC.java:1227) [hadoop-common-3.3.6.jar:?]
	at org.apache.hadoop.ipc.Server$RpcCall.run(Server.java:1094) [hadoop-common-3.3.6.jar:?]
	at org.apache.hadoop.ipc.Server$RpcCall.run(Server.java:1017) [hadoop-common-3.3.6.jar:?]
	at java.security.AccessController.doPrivileged(Native Method) ~[?:1.8.0_382]
	at javax.security.auth.Subject.doAs(Subject.java:422) [?:1.8.0_382]
	at org.apache.hadoop.security.UserGroupInformation.doAs(UserGroupInformation.java:1899) [hadoop-common-3.3.6.jar:?]
	at org.apache.hadoop.ipc.Server$Handler.run(Server.java:3048) [hadoop-common-3.3.6.jar:?]
02:06:30.271 [IPC Server handler 4 on default port 15110] ERROR OMAudit - user=runner | ip=127.0.0.1 | op=GET_FILE_STATUS {volume=volume18939, bucket=bucket36089, key=gdir1/dir2/child, dataSize=0, replicationConfig=null} | ret=FAILURE
org.apache.hadoop.ozone.om.exceptions.OMException: Unable to get file status: volume: volume18939 bucket: bucket36089 key: gdir1/dir2/child
	at org.apache.hadoop.ozone.om.KeyManagerImpl.getOzoneFileStatus(KeyManagerImpl.java:1195) ~[ozone-manager-1.4.0-SNAPSHOT.jar:?]
	at org.apache.hadoop.ozone.om.KeyManagerImpl.getFileStatus(KeyManagerImpl.java:1113) ~[ozone-manager-1.4.0-SNAPSHOT.jar:?]
	at org.apache.hadoop.ozone.om.OmMetadataReader.getFileStatus(OmMetadataReader.java:262) ~[ozone-manager-1.4.0-SNAPSHOT.jar:?]
	at org.apache.hadoop.ozone.om.OzoneManager.getFileStatus(OzoneManager.java:3533) ~[ozone-manager-1.4.0-SNAPSHOT.jar:?]
	at org.apache.hadoop.ozone.protocolPB.OzoneManagerRequestHandler.getOzoneFileStatus(OzoneManagerRequestHandler.java:971) ~[ozone-manager-1.4.0-SNAPSHOT.jar:?]
	at org.apache.hadoop.ozone.protocolPB.OzoneManagerRequestHandler.handleReadRequest(OzoneManagerRequestHandler.java:250) ~[ozone-manager-1.4.0-SNAPSHOT.jar:?]
	at org.apache.hadoop.ozone.protocolPB.OzoneManagerProtocolServerSideTranslatorPB.submitReadRequestToOM(OzoneManagerProtocolServerSideTranslatorPB.java:225) ~[ozone-manager-1.4.0-SNAPSHOT.jar:?]
	at org.apache.hadoop.ozone.protocolPB.OzoneManagerProtocolServerSideTranslatorPB.processRequest(OzoneManagerProtocolServerSideTranslatorPB.java:179) ~[ozone-manager-1.4.0-SNAPSHOT.jar:?]
	at org.apache.hadoop.hdds.server.OzoneProtocolMessageDispatcher.processRequest(OzoneProtocolMessageDispatcher.java:87) [hdds-server-framework-1.4.0-SNAPSHOT.jar:?]
	at org.apache.hadoop.ozone.protocolPB.OzoneManagerProtocolServerSideTranslatorPB.submitRequest(OzoneManagerProtocolServerSideTranslatorPB.java:148) [ozone-manager-1.4.0-SNAPSHOT.jar:?]
	at org.apache.hadoop.ozone.protocol.proto.OzoneManagerProtocolProtos$OzoneManagerService$2.callBlockingMethod(OzoneManagerProtocolProtos.java) [ozone-interface-client-1.4.0-SNAPSHOT.jar:?]
	at org.apache.hadoop.ipc.ProtobufRpcEngine$Server.processCall(ProtobufRpcEngine.java:484) [hadoop-common-3.3.6.jar:?]
	at org.apache.hadoop.ipc.ProtobufRpcEngine2$Server$ProtoBufRpcInvoker.call(ProtobufRpcEngine2.java:595) [hadoop-common-3.3.6.jar:?]
	at org.apache.hadoop.ipc.ProtobufRpcEngine2$Server$ProtoBufRpcInvoker.call(ProtobufRpcEngine2.java:573) [hadoop-common-3.3.6.jar:?]
	at org.apache.hadoop.ipc.RPC$Server.call(RPC.java:1227) [hadoop-common-3.3.6.jar:?]
	at org.apache.hadoop.ipc.Server$RpcCall.run(Server.java:1094) [hadoop-common-3.3.6.jar:?]
	at org.apache.hadoop.ipc.Server$RpcCall.run(Server.java:1017) [hadoop-common-3.3.6.jar:?]
	at java.security.AccessController.doPrivileged(Native Method) ~[?:1.8.0_382]
	at javax.security.auth.Subject.doAs(Subject.java:422) [?:1.8.0_382]
	at org.apache.hadoop.security.UserGroupInformation.doAs(UserGroupInformation.java:1899) [hadoop-common-3.3.6.jar:?]
	at org.apache.hadoop.ipc.Server$Handler.run(Server.java:3048) [hadoop-common-3.3.6.jar:?]
02:06:30.272 [IPC Server handler 6 on default port 15110] ERROR OMAudit - user=runner | ip=127.0.0.1 | op=GET_FILE_STATUS {volume=volume18939, bucket=bucket36089, key=gdir1/dir3, dataSize=0, replicationConfig=null} | ret=FAILURE
org.apache.hadoop.ozone.om.exceptions.OMException: Unable to get file status: volume: volume18939 bucket: bucket36089 key: gdir1/dir3
	at org.apache.hadoop.ozone.om.KeyManagerImpl.getOzoneFileStatus(KeyManagerImpl.java:1195) ~[ozone-manager-1.4.0-SNAPSHOT.jar:?]
	at org.apache.hadoop.ozone.om.KeyManagerImpl.getFileStatus(KeyManagerImpl.java:1113) ~[ozone-manager-1.4.0-SNAPSHOT.jar:?]
	at org.apache.hadoop.ozone.om.OmMetadataReader.getFileStatus(OmMetadataReader.java:262) ~[ozone-manager-1.4.0-SNAPSHOT.jar:?]
	at org.apache.hadoop.ozone.om.OzoneManager.getFileStatus(OzoneManager.java:3533) ~[ozone-manager-1.4.0-SNAPSHOT.jar:?]
	at org.apache.hadoop.ozone.protocolPB.OzoneManagerRequestHandler.getOzoneFileStatus(OzoneManagerRequestHandler.java:971) ~[ozone-manager-1.4.0-SNAPSHOT.jar:?]
	at org.apache.hadoop.ozone.protocolPB.OzoneManagerRequestHandler.handleReadRequest(OzoneManagerRequestHandler.java:250) ~[ozone-manager-1.4.0-SNAPSHOT.jar:?]
	at org.apache.hadoop.ozone.protocolPB.OzoneManagerProtocolServerSideTranslatorPB.submitReadRequestToOM(OzoneManagerProtocolServerSideTranslatorPB.java:225) ~[ozone-manager-1.4.0-SNAPSHOT.jar:?]
	at org.apache.hadoop.ozone.protocolPB.OzoneManagerProtocolServerSideTranslatorPB.processRequest(OzoneManagerProtocolServerSideTranslatorPB.java:179) ~[ozone-manager-1.4.0-SNAPSHOT.jar:?]
	at org.apache.hadoop.hdds.server.OzoneProtocolMessageDispatcher.processRequest(OzoneProtocolMessageDispatcher.java:87) [hdds-server-framework-1.4.0-SNAPSHOT.jar:?]
	at org.apache.hadoop.ozone.protocolPB.OzoneManagerProtocolServerSideTranslatorPB.submitRequest(OzoneManagerProtocolServerSideTranslatorPB.java:148) [ozone-manager-1.4.0-SNAPSHOT.jar:?]
	at org.apache.hadoop.ozone.protocol.proto.OzoneManagerProtocolProtos$OzoneManagerService$2.callBlockingMethod(OzoneManagerProtocolProtos.java) [ozone-interface-client-1.4.0-SNAPSHOT.jar:?]
	at org.apache.hadoop.ipc.ProtobufRpcEngine$Server.processCall(ProtobufRpcEngine.java:484) [hadoop-common-3.3.6.jar:?]
	at org.apache.hadoop.ipc.ProtobufRpcEngine2$Server$ProtoBufRpcInvoker.call(ProtobufRpcEngine2.java:595) [hadoop-common-3.3.6.jar:?]
	at org.apache.hadoop.ipc.ProtobufRpcEngine2$Server$ProtoBufRpcInvoker.call(ProtobufRpcEngine2.java:573) [hadoop-common-3.3.6.jar:?]
	at org.apache.hadoop.ipc.RPC$Server.call(RPC.java:1227) [hadoop-common-3.3.6.jar:?]
	at org.apache.hadoop.ipc.Server$RpcCall.run(Server.java:1094) [hadoop-common-3.3.6.jar:?]
	at org.apache.hadoop.ipc.Server$RpcCall.run(Server.java:1017) [hadoop-common-3.3.6.jar:?]
	at java.security.AccessController.doPrivileged(Native Method) ~[?:1.8.0_382]
	at javax.security.auth.Subject.doAs(Subject.java:422) [?:1.8.0_382]
	at org.apache.hadoop.security.UserGroupInformation.doAs(UserGroupInformation.java:1899) [hadoop-common-3.3.6.jar:?]
	at org.apache.hadoop.ipc.Server$Handler.run(Server.java:3048) [hadoop-common-3.3.6.jar:?]
02:06:30.273 [IPC Server handler 7 on default port 15110] ERROR OMAudit - user=runner | ip=127.0.0.1 | op=GET_FILE_STATUS {volume=volume18939, bucket=bucket36089, key=gdir1/dir3/child, dataSize=0, replicationConfig=null} | ret=FAILURE
org.apache.hadoop.ozone.om.exceptions.OMException: Unable to get file status: volume: volume18939 bucket: bucket36089 key: gdir1/dir3/child
	at org.apache.hadoop.ozone.om.KeyManagerImpl.getOzoneFileStatus(KeyManagerImpl.java:1195) ~[ozone-manager-1.4.0-SNAPSHOT.jar:?]
	at org.apache.hadoop.ozone.om.KeyManagerImpl.getFileStatus(KeyManagerImpl.java:1113) ~[ozone-manager-1.4.0-SNAPSHOT.jar:?]
	at org.apache.hadoop.ozone.om.OmMetadataReader.getFileStatus(OmMetadataReader.java:262) ~[ozone-manager-1.4.0-SNAPSHOT.jar:?]
	at org.apache.hadoop.ozone.om.OzoneManager.getFileStatus(OzoneManager.java:3533) ~[ozone-manager-1.4.0-SNAPSHOT.jar:?]
	at org.apache.hadoop.ozone.protocolPB.OzoneManagerRequestHandler.getOzoneFileStatus(OzoneManagerRequestHandler.java:971) ~[ozone-manager-1.4.0-SNAPSHOT.jar:?]
	at org.apache.hadoop.ozone.protocolPB.OzoneManagerRequestHandler.handleReadRequest(OzoneManagerRequestHandler.java:250) ~[ozone-manager-1.4.0-SNAPSHOT.jar:?]
	at org.apache.hadoop.ozone.protocolPB.OzoneManagerProtocolServerSideTranslatorPB.submitReadRequestToOM(OzoneManagerProtocolServerSideTranslatorPB.java:225) ~[ozone-manager-1.4.0-SNAPSHOT.jar:?]
	at org.apache.hadoop.ozone.protocolPB.OzoneManagerProtocolServerSideTranslatorPB.processRequest(OzoneManagerProtocolServerSideTranslatorPB.java:179) ~[ozone-manager-1.4.0-SNAPSHOT.jar:?]
	at org.apache.hadoop.hdds.server.OzoneProtocolMessageDispatcher.processRequest(OzoneProtocolMessageDispatcher.java:87) [hdds-server-framework-1.4.0-SNAPSHOT.jar:?]
	at org.apache.hadoop.ozone.protocolPB.OzoneManagerProtocolServerSideTranslatorPB.submitRequest(OzoneManagerProtocolServerSideTranslatorPB.java:148) [ozone-manager-1.4.0-SNAPSHOT.jar:?]
	at org.apache.hadoop.ozone.protocol.proto.OzoneManagerProtocolProtos$OzoneManagerService$2.callBlockingMethod(OzoneManagerProtocolProtos.java) [ozone-interface-client-1.4.0-SNAPSHOT.jar:?]
	at org.apache.hadoop.ipc.ProtobufRpcEngine$Server.processCall(ProtobufRpcEngine.java:484) [hadoop-common-3.3.6.jar:?]
	at org.apache.hadoop.ipc.ProtobufRpcEngine2$Server$ProtoBufRpcInvoker.call(ProtobufRpcEngine2.java:595) [hadoop-common-3.3.6.jar:?]
	at org.apache.hadoop.ipc.ProtobufRpcEngine2$Server$ProtoBufRpcInvoker.call(ProtobufRpcEngine2.java:573) [hadoop-common-3.3.6.jar:?]
	at org.apache.hadoop.ipc.RPC$Server.call(RPC.java:1227) [hadoop-common-3.3.6.jar:?]
	at org.apache.hadoop.ipc.Server$RpcCall.run(Server.java:1094) [hadoop-common-3.3.6.jar:?]
	at org.apache.hadoop.ipc.Server$RpcCall.run(Server.java:1017) [hadoop-common-3.3.6.jar:?]
	at java.security.AccessController.doPrivileged(Native Method) ~[?:1.8.0_382]
	at javax.security.auth.Subject.doAs(Subject.java:422) [?:1.8.0_382]
	at org.apache.hadoop.security.UserGroupInformation.doAs(UserGroupInformation.java:1899) [hadoop-common-3.3.6.jar:?]
	at org.apache.hadoop.ipc.Server$Handler.run(Server.java:3048) [hadoop-common-3.3.6.jar:?]
02:06:30.274 [IPC Server handler 8 on default port 15110] ERROR OMAudit - user=runner | ip=127.0.0.1 | op=GET_FILE_STATUS {volume=volume18939, bucket=bucket36089, key=gdir1/dir4, dataSize=0, replicationConfig=null} | ret=FAILURE
org.apache.hadoop.ozone.om.exceptions.OMException: Unable to get file status: volume: volume18939 bucket: bucket36089 key: gdir1/dir4
	at org.apache.hadoop.ozone.om.KeyManagerImpl.getOzoneFileStatus(KeyManagerImpl.java:1195) ~[ozone-manager-1.4.0-SNAPSHOT.jar:?]
	at org.apache.hadoop.ozone.om.KeyManagerImpl.getFileStatus(KeyManagerImpl.java:1113) ~[ozone-manager-1.4.0-SNAPSHOT.jar:?]
	at org.apache.hadoop.ozone.om.OmMetadataReader.getFileStatus(OmMetadataReader.java:262) ~[ozone-manager-1.4.0-SNAPSHOT.jar:?]
	at org.apache.hadoop.ozone.om.OzoneManager.getFileStatus(OzoneManager.java:3533) ~[ozone-manager-1.4.0-SNAPSHOT.jar:?]
	at org.apache.hadoop.ozone.protocolPB.OzoneManagerRequestHandler.getOzoneFileStatus(OzoneManagerRequestHandler.java:971) ~[ozone-manager-1.4.0-SNAPSHOT.jar:?]
	at org.apache.hadoop.ozone.protocolPB.OzoneManagerRequestHandler.handleReadRequest(OzoneManagerRequestHandler.java:250) ~[ozone-manager-1.4.0-SNAPSHOT.jar:?]
	at org.apache.hadoop.ozone.protocolPB.OzoneManagerProtocolServerSideTranslatorPB.submitReadRequestToOM(OzoneManagerProtocolServerSideTranslatorPB.java:225) ~[ozone-manager-1.4.0-SNAPSHOT.jar:?]
	at org.apache.hadoop.ozone.protocolPB.OzoneManagerProtocolServerSideTranslatorPB.processRequest(OzoneManagerProtocolServerSideTranslatorPB.java:179) ~[ozone-manager-1.4.0-SNAPSHOT.jar:?]
	at org.apache.hadoop.hdds.server.OzoneProtocolMessageDispatcher.processRequest(OzoneProtocolMessageDispatcher.java:87) [hdds-server-framework-1.4.0-SNAPSHOT.jar:?]
	at org.apache.hadoop.ozone.protocolPB.OzoneManagerProtocolServerSideTranslatorPB.submitRequest(OzoneManagerProtocolServerSideTranslatorPB.java:148) [ozone-manager-1.4.0-SNAPSHOT.jar:?]
	at org.apache.hadoop.ozone.protocol.proto.OzoneManagerProtocolProtos$OzoneManagerService$2.callBlockingMethod(OzoneManagerProtocolProtos.java) [ozone-interface-client-1.4.0-SNAPSHOT.jar:?]
	at org.apache.hadoop.ipc.ProtobufRpcEngine$Server.processCall(ProtobufRpcEngine.java:484) [hadoop-common-3.3.6.jar:?]
	at org.apache.hadoop.ipc.ProtobufRpcEngine2$Server$ProtoBufRpcInvoker.call(ProtobufRpcEngine2.java:595) [hadoop-common-3.3.6.jar:?]
	at org.apache.hadoop.ipc.ProtobufRpcEngine2$Server$ProtoBufRpcInvoker.call(ProtobufRpcEngine2.java:573) [hadoop-common-3.3.6.jar:?]
	at org.apache.hadoop.ipc.RPC$Server.call(RPC.java:1227) [hadoop-common-3.3.6.jar:?]
	at org.apache.hadoop.ipc.Server$RpcCall.run(Server.java:1094) [hadoop-common-3.3.6.jar:?]
	at org.apache.hadoop.ipc.Server$RpcCall.run(Server.java:1017) [hadoop-common-3.3.6.jar:?]
	at java.security.AccessController.doPrivileged(Native Method) ~[?:1.8.0_382]
	at javax.security.auth.Subject.doAs(Subject.java:422) [?:1.8.0_382]
	at org.apache.hadoop.security.UserGroupInformation.doAs(UserGroupInformation.java:1899) [hadoop-common-3.3.6.jar:?]
	at org.apache.hadoop.ipc.Server$Handler.run(Server.java:3048) [hadoop-common-3.3.6.jar:?]
02:06:30.275 [IPC Server handler 9 on default port 15110] ERROR OMAudit - user=runner | ip=127.0.0.1 | op=GET_FILE_STATUS {volume=volume18939, bucket=bucket36089, key=gdir1/dir4/child, dataSize=0, replicationConfig=null} | ret=FAILURE
org.apache.hadoop.ozone.om.exceptions.OMException: Unable to get file status: volume: volume18939 bucket: bucket36089 key: gdir1/dir4/child
	at org.apache.hadoop.ozone.om.KeyManagerImpl.getOzoneFileStatus(KeyManagerImpl.java:1195) ~[ozone-manager-1.4.0-SNAPSHOT.jar:?]
	at org.apache.hadoop.ozone.om.KeyManagerImpl.getFileStatus(KeyManagerImpl.java:1113) ~[ozone-manager-1.4.0-SNAPSHOT.jar:?]
	at org.apache.hadoop.ozone.om.OmMetadataReader.getFileStatus(OmMetadataReader.java:262) ~[ozone-manager-1.4.0-SNAPSHOT.jar:?]
	at org.apache.hadoop.ozone.om.OzoneManager.getFileStatus(OzoneManager.java:3533) ~[ozone-manager-1.4.0-SNAPSHOT.jar:?]
	at org.apache.hadoop.ozone.protocolPB.OzoneManagerRequestHandler.getOzoneFileStatus(OzoneManagerRequestHandler.java:971) ~[ozone-manager-1.4.0-SNAPSHOT.jar:?]
	at org.apache.hadoop.ozone.protocolPB.OzoneManagerRequestHandler.handleReadRequest(OzoneManagerRequestHandler.java:250) ~[ozone-manager-1.4.0-SNAPSHOT.jar:?]
	at org.apache.hadoop.ozone.protocolPB.OzoneManagerProtocolServerSideTranslatorPB.submitReadRequestToOM(OzoneManagerProtocolServerSideTranslatorPB.java:225) ~[ozone-manager-1.4.0-SNAPSHOT.jar:?]
	at org.apache.hadoop.ozone.protocolPB.OzoneManagerProtocolServerSideTranslatorPB.processRequest(OzoneManagerProtocolServerSideTranslatorPB.java:179) ~[ozone-manager-1.4.0-SNAPSHOT.jar:?]
	at org.apache.hadoop.hdds.server.OzoneProtocolMessageDispatcher.processRequest(OzoneProtocolMessageDispatcher.java:87) [hdds-server-framework-1.4.0-SNAPSHOT.jar:?]
	at org.apache.hadoop.ozone.protocolPB.OzoneManagerProtocolServerSideTranslatorPB.submitRequest(OzoneManagerProtocolServerSideTranslatorPB.java:148) [ozone-manager-1.4.0-SNAPSHOT.jar:?]
	at org.apache.hadoop.ozone.protocol.proto.OzoneManagerProtocolProtos$OzoneManagerService$2.callBlockingMethod(OzoneManagerProtocolProtos.java) [ozone-interface-client-1.4.0-SNAPSHOT.jar:?]
	at org.apache.hadoop.ipc.ProtobufRpcEngine$Server.processCall(ProtobufRpcEngine.java:484) [hadoop-common-3.3.6.jar:?]
	at org.apache.hadoop.ipc.ProtobufRpcEngine2$Server$ProtoBufRpcInvoker.call(ProtobufRpcEngine2.java:595) [hadoop-common-3.3.6.jar:?]
	at org.apache.hadoop.ipc.ProtobufRpcEngine2$Server$ProtoBufRpcInvoker.call(ProtobufRpcEngine2.java:573) [hadoop-common-3.3.6.jar:?]
	at org.apache.hadoop.ipc.RPC$Server.call(RPC.java:1227) [hadoop-common-3.3.6.jar:?]
	at org.apache.hadoop.ipc.Server$RpcCall.run(Server.java:1094) [hadoop-common-3.3.6.jar:?]
	at org.apache.hadoop.ipc.Server$RpcCall.run(Server.java:1017) [hadoop-common-3.3.6.jar:?]
	at java.security.AccessController.doPrivileged(Native Method) ~[?:1.8.0_382]
	at javax.security.auth.Subject.doAs(Subject.java:422) [?:1.8.0_382]
	at org.apache.hadoop.security.UserGroupInformation.doAs(UserGroupInformation.java:1899) [hadoop-common-3.3.6.jar:?]
	at org.apache.hadoop.ipc.Server$Handler.run(Server.java:3048) [hadoop-common-3.3.6.jar:?]
02:06:30.275 [IPC Server handler 10 on default port 15110] ERROR OMAudit - user=runner | ip=127.0.0.1 | op=GET_FILE_STATUS {volume=volume18939, bucket=bucket36089, key=gdir1/dir5, dataSize=0, replicationConfig=null} | ret=FAILURE
org.apache.hadoop.ozone.om.exceptions.OMException: Unable to get file status: volume: volume18939 bucket: bucket36089 key: gdir1/dir5
	at org.apache.hadoop.ozone.om.KeyManagerImpl.getOzoneFileStatus(KeyManagerImpl.java:1195) ~[ozone-manager-1.4.0-SNAPSHOT.jar:?]
	at org.apache.hadoop.ozone.om.KeyManagerImpl.getFileStatus(KeyManagerImpl.java:1113) ~[ozone-manager-1.4.0-SNAPSHOT.jar:?]
	at org.apache.hadoop.ozone.om.OmMetadataReader.getFileStatus(OmMetadataReader.java:262) ~[ozone-manager-1.4.0-SNAPSHOT.jar:?]
	at org.apache.hadoop.ozone.om.OzoneManager.getFileStatus(OzoneManager.java:3533) ~[ozone-manager-1.4.0-SNAPSHOT.jar:?]
	at org.apache.hadoop.ozone.protocolPB.OzoneManagerRequestHandler.getOzoneFileStatus(OzoneManagerRequestHandler.java:971) ~[ozone-manager-1.4.0-SNAPSHOT.jar:?]
	at org.apache.hadoop.ozone.protocolPB.OzoneManagerRequestHandler.handleReadRequest(OzoneManagerRequestHandler.java:250) ~[ozone-manager-1.4.0-SNAPSHOT.jar:?]
	at org.apache.hadoop.ozone.protocolPB.OzoneManagerProtocolServerSideTranslatorPB.submitReadRequestToOM(OzoneManagerProtocolServerSideTranslatorPB.java:225) ~[ozone-manager-1.4.0-SNAPSHOT.jar:?]
	at org.apache.hadoop.ozone.protocolPB.OzoneManagerProtocolServerSideTranslatorPB.processRequest(OzoneManagerProtocolServerSideTranslatorPB.java:179) ~[ozone-manager-1.4.0-SNAPSHOT.jar:?]
	at org.apache.hadoop.hdds.server.OzoneProtocolMessageDispatcher.processRequest(OzoneProtocolMessageDispatcher.java:87) [hdds-server-framework-1.4.0-SNAPSHOT.jar:?]
	at org.apache.hadoop.ozone.protocolPB.OzoneManagerProtocolServerSideTranslatorPB.submitRequest(OzoneManagerProtocolServerSideTranslatorPB.java:148) [ozone-manager-1.4.0-SNAPSHOT.jar:?]
	at org.apache.hadoop.ozone.protocol.proto.OzoneManagerProtocolProtos$OzoneManagerService$2.callBlockingMethod(OzoneManagerProtocolProtos.java) [ozone-interface-client-1.4.0-SNAPSHOT.jar:?]
	at org.apache.hadoop.ipc.ProtobufRpcEngine$Server.processCall(ProtobufRpcEngine.java:484) [hadoop-common-3.3.6.jar:?]
	at org.apache.hadoop.ipc.ProtobufRpcEngine2$Server$ProtoBufRpcInvoker.call(ProtobufRpcEngine2.java:595) [hadoop-common-3.3.6.jar:?]
	at org.apache.hadoop.ipc.ProtobufRpcEngine2$Server$ProtoBufRpcInvoker.call(ProtobufRpcEngine2.java:573) [hadoop-common-3.3.6.jar:?]
	at org.apache.hadoop.ipc.RPC$Server.call(RPC.java:1227) [hadoop-common-3.3.6.jar:?]
	at org.apache.hadoop.ipc.Server$RpcCall.run(Server.java:1094) [hadoop-common-3.3.6.jar:?]
	at org.apache.hadoop.ipc.Server$RpcCall.run(Server.java:1017) [hadoop-common-3.3.6.jar:?]
	at java.security.AccessController.doPrivileged(Native Method) ~[?:1.8.0_382]
	at javax.security.auth.Subject.doAs(Subject.java:422) [?:1.8.0_382]
	at org.apache.hadoop.security.UserGroupInformation.doAs(UserGroupInformation.java:1899) [hadoop-common-3.3.6.jar:?]
	at org.apache.hadoop.ipc.Server$Handler.run(Server.java:3048) [hadoop-common-3.3.6.jar:?]
02:06:30.276 [IPC Server handler 13 on default port 15110] ERROR OMAudit - user=runner | ip=127.0.0.1 | op=GET_FILE_STATUS {volume=volume18939, bucket=bucket36089, key=gdir1/dir5/child, dataSize=0, replicationConfig=null} | ret=FAILURE
org.apache.hadoop.ozone.om.exceptions.OMException: Unable to get file status: volume: volume18939 bucket: bucket36089 key: gdir1/dir5/child
	at org.apache.hadoop.ozone.om.KeyManagerImpl.getOzoneFileStatus(KeyManagerImpl.java:1195) ~[ozone-manager-1.4.0-SNAPSHOT.jar:?]
	at org.apache.hadoop.ozone.om.KeyManagerImpl.getFileStatus(KeyManagerImpl.java:1113) ~[ozone-manager-1.4.0-SNAPSHOT.jar:?]
	at org.apache.hadoop.ozone.om.OmMetadataReader.getFileStatus(OmMetadataReader.java:262) ~[ozone-manager-1.4.0-SNAPSHOT.jar:?]
	at org.apache.hadoop.ozone.om.OzoneManager.getFileStatus(OzoneManager.java:3533) ~[ozone-manager-1.4.0-SNAPSHOT.jar:?]
	at org.apache.hadoop.ozone.protocolPB.OzoneManagerRequestHandler.getOzoneFileStatus(OzoneManagerRequestHandler.java:971) ~[ozone-manager-1.4.0-SNAPSHOT.jar:?]
	at org.apache.hadoop.ozone.protocolPB.OzoneManagerRequestHandler.handleReadRequest(OzoneManagerRequestHandler.java:250) ~[ozone-manager-1.4.0-SNAPSHOT.jar:?]
	at org.apache.hadoop.ozone.protocolPB.OzoneManagerProtocolServerSideTranslatorPB.submitReadRequestToOM(OzoneManagerProtocolServerSideTranslatorPB.java:225) ~[ozone-manager-1.4.0-SNAPSHOT.jar:?]
	at org.apache.hadoop.ozone.protocolPB.OzoneManagerProtocolServerSideTranslatorPB.processRequest(OzoneManagerProtocolServerSideTranslatorPB.java:179) ~[ozone-manager-1.4.0-SNAPSHOT.jar:?]
	at org.apache.hadoop.hdds.server.OzoneProtocolMessageDispatcher.processRequest(OzoneProtocolMessageDispatcher.java:87) [hdds-server-framework-1.4.0-SNAPSHOT.jar:?]
	at org.apache.hadoop.ozone.protocolPB.OzoneManagerProtocolServerSideTranslatorPB.submitRequest(OzoneManagerProtocolServerSideTranslatorPB.java:148) [ozone-manager-1.4.0-SNAPSHOT.jar:?]
	at org.apache.hadoop.ozone.protocol.proto.OzoneManagerProtocolProtos$OzoneManagerService$2.callBlockingMethod(OzoneManagerProtocolProtos.java) [ozone-interface-client-1.4.0-SNAPSHOT.jar:?]
	at org.apache.hadoop.ipc.ProtobufRpcEngine$Server.processCall(ProtobufRpcEngine.java:484) [hadoop-common-3.3.6.jar:?]
	at org.apache.hadoop.ipc.ProtobufRpcEngine2$Server$ProtoBufRpcInvoker.call(ProtobufRpcEngine2.java:595) [hadoop-common-3.3.6.jar:?]
	at org.apache.hadoop.ipc.ProtobufRpcEngine2$Server$ProtoBufRpcInvoker.call(ProtobufRpcEngine2.java:573) [hadoop-common-3.3.6.jar:?]
	at org.apache.hadoop.ipc.RPC$Server.call(RPC.java:1227) [hadoop-common-3.3.6.jar:?]
	at org.apache.hadoop.ipc.Server$RpcCall.run(Server.java:1094) [hadoop-common-3.3.6.jar:?]
	at org.apache.hadoop.ipc.Server$RpcCall.run(Server.java:1017) [hadoop-common-3.3.6.jar:?]
	at java.security.AccessController.doPrivileged(Native Method) ~[?:1.8.0_382]
	at javax.security.auth.Subject.doAs(Subject.java:422) [?:1.8.0_382]
	at org.apache.hadoop.security.UserGroupInformation.doAs(UserGroupInformation.java:1899) [hadoop-common-3.3.6.jar:?]
	at org.apache.hadoop.ipc.Server$Handler.run(Server.java:3048) [hadoop-common-3.3.6.jar:?]
02:06:30.277 [IPC Server handler 14 on default port 15110] ERROR OMAudit - user=runner | ip=127.0.0.1 | op=GET_FILE_STATUS {volume=volume18939, bucket=bucket36089, key=gdir1/dir6, dataSize=0, replicationConfig=null} | ret=FAILURE
org.apache.hadoop.ozone.om.exceptions.OMException: Unable to get file status: volume: volume18939 bucket: bucket36089 key: gdir1/dir6
	at org.apache.hadoop.ozone.om.KeyManagerImpl.getOzoneFileStatus(KeyManagerImpl.java:1195) ~[ozone-manager-1.4.0-SNAPSHOT.jar:?]
	at org.apache.hadoop.ozone.om.KeyManagerImpl.getFileStatus(KeyManagerImpl.java:1113) ~[ozone-manager-1.4.0-SNAPSHOT.jar:?]
	at org.apache.hadoop.ozone.om.OmMetadataReader.getFileStatus(OmMetadataReader.java:262) ~[ozone-manager-1.4.0-SNAPSHOT.jar:?]
	at org.apache.hadoop.ozone.om.OzoneManager.getFileStatus(OzoneManager.java:3533) ~[ozone-manager-1.4.0-SNAPSHOT.jar:?]
	at org.apache.hadoop.ozone.protocolPB.OzoneManagerRequestHandler.getOzoneFileStatus(OzoneManagerRequestHandler.java:971) ~[ozone-manager-1.4.0-SNAPSHOT.jar:?]
	at org.apache.hadoop.ozone.protocolPB.OzoneManagerRequestHandler.handleReadRequest(OzoneManagerRequestHandler.java:250) ~[ozone-manager-1.4.0-SNAPSHOT.jar:?]
	at org.apache.hadoop.ozone.protocolPB.OzoneManagerProtocolServerSideTranslatorPB.submitReadRequestToOM(OzoneManagerProtocolServerSideTranslatorPB.java:225) ~[ozone-manager-1.4.0-SNAPSHOT.jar:?]
	at org.apache.hadoop.ozone.protocolPB.OzoneManagerProtocolServerSideTranslatorPB.processRequest(OzoneManagerProtocolServerSideTranslatorPB.java:179) ~[ozone-manager-1.4.0-SNAPSHOT.jar:?]
	at org.apache.hadoop.hdds.server.OzoneProtocolMessageDispatcher.processRequest(OzoneProtocolMessageDispatcher.java:87) [hdds-server-framework-1.4.0-SNAPSHOT.jar:?]
	at org.apache.hadoop.ozone.protocolPB.OzoneManagerProtocolServerSideTranslatorPB.submitRequest(OzoneManagerProtocolServerSideTranslatorPB.java:148) [ozone-manager-1.4.0-SNAPSHOT.jar:?]
	at org.apache.hadoop.ozone.protocol.proto.OzoneManagerProtocolProtos$OzoneManagerService$2.callBlockingMethod(OzoneManagerProtocolProtos.java) [ozone-interface-client-1.4.0-SNAPSHOT.jar:?]
	at org.apache.hadoop.ipc.ProtobufRpcEngine$Server.processCall(ProtobufRpcEngine.java:484) [hadoop-common-3.3.6.jar:?]
	at org.apache.hadoop.ipc.ProtobufRpcEngine2$Server$ProtoBufRpcInvoker.call(ProtobufRpcEngine2.java:595) [hadoop-common-3.3.6.jar:?]
	at org.apache.hadoop.ipc.ProtobufRpcEngine2$Server$ProtoBufRpcInvoker.call(ProtobufRpcEngine2.java:573) [hadoop-common-3.3.6.jar:?]
	at org.apache.hadoop.ipc.RPC$Server.call(RPC.java:1227) [hadoop-common-3.3.6.jar:?]
	at org.apache.hadoop.ipc.Server$RpcCall.run(Server.java:1094) [hadoop-common-3.3.6.jar:?]
	at org.apache.hadoop.ipc.Server$RpcCall.run(Server.java:1017) [hadoop-common-3.3.6.jar:?]
	at java.security.AccessController.doPrivileged(Native Method) ~[?:1.8.0_382]
	at javax.security.auth.Subject.doAs(Subject.java:422) [?:1.8.0_382]
	at org.apache.hadoop.security.UserGroupInformation.doAs(UserGroupInformation.java:1899) [hadoop-common-3.3.6.jar:?]
	at org.apache.hadoop.ipc.Server$Handler.run(Server.java:3048) [hadoop-common-3.3.6.jar:?]
02:06:30.278 [IPC Server handler 15 on default port 15110] ERROR OMAudit - user=runner | ip=127.0.0.1 | op=GET_FILE_STATUS {volume=volume18939, bucket=bucket36089, key=gdir1/dir6/child, dataSize=0, replicationConfig=null} | ret=FAILURE
org.apache.hadoop.ozone.om.exceptions.OMException: Unable to get file status: volume: volume18939 bucket: bucket36089 key: gdir1/dir6/child
	at org.apache.hadoop.ozone.om.KeyManagerImpl.getOzoneFileStatus(KeyManagerImpl.java:1195) ~[ozone-manager-1.4.0-SNAPSHOT.jar:?]
	at org.apache.hadoop.ozone.om.KeyManagerImpl.getFileStatus(KeyManagerImpl.java:1113) ~[ozone-manager-1.4.0-SNAPSHOT.jar:?]
	at org.apache.hadoop.ozone.om.OmMetadataReader.getFileStatus(OmMetadataReader.java:262) ~[ozone-manager-1.4.0-SNAPSHOT.jar:?]
	at org.apache.hadoop.ozone.om.OzoneManager.getFileStatus(OzoneManager.java:3533) ~[ozone-manager-1.4.0-SNAPSHOT.jar:?]
	at org.apache.hadoop.ozone.protocolPB.OzoneManagerRequestHandler.getOzoneFileStatus(OzoneManagerRequestHandler.java:971) ~[ozone-manager-1.4.0-SNAPSHOT.jar:?]
	at org.apache.hadoop.ozone.protocolPB.OzoneManagerRequestHandler.handleReadRequest(OzoneManagerRequestHandler.java:250) ~[ozone-manager-1.4.0-SNAPSHOT.jar:?]
	at org.apache.hadoop.ozone.protocolPB.OzoneManagerProtocolServerSideTranslatorPB.submitReadRequestToOM(OzoneManagerProtocolServerSideTranslatorPB.java:225) ~[ozone-manager-1.4.0-SNAPSHOT.jar:?]
	at org.apache.hadoop.ozone.protocolPB.OzoneManagerProtocolServerSideTranslatorPB.processRequest(OzoneManagerProtocolServerSideTranslatorPB.java:179) ~[ozone-manager-1.4.0-SNAPSHOT.jar:?]
	at org.apache.hadoop.hdds.server.OzoneProtocolMessageDispatcher.processRequest(OzoneProtocolMessageDispatcher.java:87) [hdds-server-framework-1.4.0-SNAPSHOT.jar:?]
	at org.apache.hadoop.ozone.protocolPB.OzoneManagerProtocolServerSideTranslatorPB.submitRequest(OzoneManagerProtocolServerSideTranslatorPB.java:148) [ozone-manager-1.4.0-SNAPSHOT.jar:?]
	at org.apache.hadoop.ozone.protocol.proto.OzoneManagerProtocolProtos$OzoneManagerService$2.callBlockingMethod(OzoneManagerProtocolProtos.java) [ozone-interface-client-1.4.0-SNAPSHOT.jar:?]
	at org.apache.hadoop.ipc.ProtobufRpcEngine$Server.processCall(ProtobufRpcEngine.java:484) [hadoop-common-3.3.6.jar:?]
	at org.apache.hadoop.ipc.ProtobufRpcEngine2$Server$ProtoBufRpcInvoker.call(ProtobufRpcEngine2.java:595) [hadoop-common-3.3.6.jar:?]
	at org.apache.hadoop.ipc.ProtobufRpcEngine2$Server$ProtoBufRpcInvoker.call(ProtobufRpcEngine2.java:573) [hadoop-common-3.3.6.jar:?]
	at org.apache.hadoop.ipc.RPC$Server.call(RPC.java:1227) [hadoop-common-3.3.6.jar:?]
	at org.apache.hadoop.ipc.Server$RpcCall.run(Server.java:1094) [hadoop-common-3.3.6.jar:?]
	at org.apache.hadoop.ipc.Server$RpcCall.run(Server.java:1017) [hadoop-common-3.3.6.jar:?]
	at java.security.AccessController.doPrivileged(Native Method) ~[?:1.8.0_382]
	at javax.security.auth.Subject.doAs(Subject.java:422) [?:1.8.0_382]
	at org.apache.hadoop.security.UserGroupInformation.doAs(UserGroupInformation.java:1899) [hadoop-common-3.3.6.jar:?]
	at org.apache.hadoop.ipc.Server$Handler.run(Server.java:3048) [hadoop-common-3.3.6.jar:?]
02:06:30.280 [IPC Server handler 16 on default port 15110] ERROR OMAudit - user=runner | ip=127.0.0.1 | op=GET_FILE_STATUS {volume=volume18939, bucket=bucket36089, key=gdir1/dir7, dataSize=0, replicationConfig=null} | ret=FAILURE
org.apache.hadoop.ozone.om.exceptions.OMException: Unable to get file status: volume: volume18939 bucket: bucket36089 key: gdir1/dir7
	at org.apache.hadoop.ozone.om.KeyManagerImpl.getOzoneFileStatus(KeyManagerImpl.java:1195) ~[ozone-manager-1.4.0-SNAPSHOT.jar:?]
	at org.apache.hadoop.ozone.om.KeyManagerImpl.getFileStatus(KeyManagerImpl.java:1113) ~[ozone-manager-1.4.0-SNAPSHOT.jar:?]
	at org.apache.hadoop.ozone.om.OmMetadataReader.getFileStatus(OmMetadataReader.java:262) ~[ozone-manager-1.4.0-SNAPSHOT.jar:?]
	at org.apache.hadoop.ozone.om.OzoneManager.getFileStatus(OzoneManager.java:3533) ~[ozone-manager-1.4.0-SNAPSHOT.jar:?]
	at org.apache.hadoop.ozone.protocolPB.OzoneManagerRequestHandler.getOzoneFileStatus(OzoneManagerRequestHandler.java:971) ~[ozone-manager-1.4.0-SNAPSHOT.jar:?]
	at org.apache.hadoop.ozone.protocolPB.OzoneManagerRequestHandler.handleReadRequest(OzoneManagerRequestHandler.java:250) ~[ozone-manager-1.4.0-SNAPSHOT.jar:?]
	at org.apache.hadoop.ozone.protocolPB.OzoneManagerProtocolServerSideTranslatorPB.submitReadRequestToOM(OzoneManagerProtocolServerSideTranslatorPB.java:225) ~[ozone-manager-1.4.0-SNAPSHOT.jar:?]
	at org.apache.hadoop.ozone.protocolPB.OzoneManagerProtocolServerSideTranslatorPB.processRequest(OzoneManagerProtocolServerSideTranslatorPB.java:179) ~[ozone-manager-1.4.0-SNAPSHOT.jar:?]
	at org.apache.hadoop.hdds.server.OzoneProtocolMessageDispatcher.processRequest(OzoneProtocolMessageDispatcher.java:87) [hdds-server-framework-1.4.0-SNAPSHOT.jar:?]
	at org.apache.hadoop.ozone.protocolPB.OzoneManagerProtocolServerSideTranslatorPB.submitRequest(OzoneManagerProtocolServerSideTranslatorPB.java:148) [ozone-manager-1.4.0-SNAPSHOT.jar:?]
	at org.apache.hadoop.ozone.protocol.proto.OzoneManagerProtocolProtos$OzoneManagerService$2.callBlockingMethod(OzoneManagerProtocolProtos.java) [ozone-interface-client-1.4.0-SNAPSHOT.jar:?]
	at org.apache.hadoop.ipc.ProtobufRpcEngine$Server.processCall(ProtobufRpcEngine.java:484) [hadoop-common-3.3.6.jar:?]
	at org.apache.hadoop.ipc.ProtobufRpcEngine2$Server$ProtoBufRpcInvoker.call(ProtobufRpcEngine2.java:595) [hadoop-common-3.3.6.jar:?]
	at org.apache.hadoop.ipc.ProtobufRpcEngine2$Server$ProtoBufRpcInvoker.call(ProtobufRpcEngine2.java:573) [hadoop-common-3.3.6.jar:?]
	at org.apache.hadoop.ipc.RPC$Server.call(RPC.java:1227) [hadoop-common-3.3.6.jar:?]
	at org.apache.hadoop.ipc.Server$RpcCall.run(Server.java:1094) [hadoop-common-3.3.6.jar:?]
	at org.apache.hadoop.ipc.Server$RpcCall.run(Server.java:1017) [hadoop-common-3.3.6.jar:?]
	at java.security.AccessController.doPrivileged(Native Method) ~[?:1.8.0_382]
	at javax.security.auth.Subject.doAs(Subject.java:422) [?:1.8.0_382]
	at org.apache.hadoop.security.UserGroupInformation.doAs(UserGroupInformation.java:1899) [hadoop-common-3.3.6.jar:?]
	at org.apache.hadoop.ipc.Server$Handler.run(Server.java:3048) [hadoop-common-3.3.6.jar:?]
02:06:30.281 [IPC Server handler 17 on default port 15110] ERROR OMAudit - user=runner | ip=127.0.0.1 | op=GET_FILE_STATUS {volume=volume18939, bucket=bucket36089, key=gdir1/dir7/child, dataSize=0, replicationConfig=null} | ret=FAILURE
org.apache.hadoop.ozone.om.exceptions.OMException: Unable to get file status: volume: volume18939 bucket: bucket36089 key: gdir1/dir7/child
	at org.apache.hadoop.ozone.om.KeyManagerImpl.getOzoneFileStatus(KeyManagerImpl.java:1195) ~[ozone-manager-1.4.0-SNAPSHOT.jar:?]
	at org.apache.hadoop.ozone.om.KeyManagerImpl.getFileStatus(KeyManagerImpl.java:1113) ~[ozone-manager-1.4.0-SNAPSHOT.jar:?]
	at org.apache.hadoop.ozone.om.OmMetadataReader.getFileStatus(OmMetadataReader.java:262) ~[ozone-manager-1.4.0-SNAPSHOT.jar:?]
	at org.apache.hadoop.ozone.om.OzoneManager.getFileStatus(OzoneManager.java:3533) ~[ozone-manager-1.4.0-SNAPSHOT.jar:?]
	at org.apache.hadoop.ozone.protocolPB.OzoneManagerRequestHandler.getOzoneFileStatus(OzoneManagerRequestHandler.java:971) ~[ozone-manager-1.4.0-SNAPSHOT.jar:?]
	at org.apache.hadoop.ozone.protocolPB.OzoneManagerRequestHandler.handleReadRequest(OzoneManagerRequestHandler.java:250) ~[ozone-manager-1.4.0-SNAPSHOT.jar:?]
	at org.apache.hadoop.ozone.protocolPB.OzoneManagerProtocolServerSideTranslatorPB.submitReadRequestToOM(OzoneManagerProtocolServerSideTranslatorPB.java:225) ~[ozone-manager-1.4.0-SNAPSHOT.jar:?]
	at org.apache.hadoop.ozone.protocolPB.OzoneManagerProtocolServerSideTranslatorPB.processRequest(OzoneManagerProtocolServerSideTranslatorPB.java:179) ~[ozone-manager-1.4.0-SNAPSHOT.jar:?]
	at org.apache.hadoop.hdds.server.OzoneProtocolMessageDispatcher.processRequest(OzoneProtocolMessageDispatcher.java:87) [hdds-server-framework-1.4.0-SNAPSHOT.jar:?]
	at org.apache.hadoop.ozone.protocolPB.OzoneManagerProtocolServerSideTranslatorPB.submitRequest(OzoneManagerProtocolServerSideTranslatorPB.java:148) [ozone-manager-1.4.0-SNAPSHOT.jar:?]
	at org.apache.hadoop.ozone.protocol.proto.OzoneManagerProtocolProtos$OzoneManagerService$2.callBlockingMethod(OzoneManagerProtocolProtos.java) [ozone-interface-client-1.4.0-SNAPSHOT.jar:?]
	at org.apache.hadoop.ipc.ProtobufRpcEngine$Server.processCall(ProtobufRpcEngine.java:484) [hadoop-common-3.3.6.jar:?]
	at org.apache.hadoop.ipc.ProtobufRpcEngine2$Server$ProtoBufRpcInvoker.call(ProtobufRpcEngine2.java:595) [hadoop-common-3.3.6.jar:?]
	at org.apache.hadoop.ipc.ProtobufRpcEngine2$Server$ProtoBufRpcInvoker.call(ProtobufRpcEngine2.java:573) [hadoop-common-3.3.6.jar:?]
	at org.apache.hadoop.ipc.RPC$Server.call(RPC.java:1227) [hadoop-common-3.3.6.jar:?]
	at org.apache.hadoop.ipc.Server$RpcCall.run(Server.java:1094) [hadoop-common-3.3.6.jar:?]
	at org.apache.hadoop.ipc.Server$RpcCall.run(Server.java:1017) [hadoop-common-3.3.6.jar:?]
	at java.security.AccessController.doPrivileged(Native Method) ~[?:1.8.0_382]
	at javax.security.auth.Subject.doAs(Subject.java:422) [?:1.8.0_382]
	at org.apache.hadoop.security.UserGroupInformation.doAs(UserGroupInformation.java:1899) [hadoop-common-3.3.6.jar:?]
	at org.apache.hadoop.ipc.Server$Handler.run(Server.java:3048) [hadoop-common-3.3.6.jar:?]
02:06:30.281 [IPC Server handler 18 on default port 15110] ERROR OMAudit - user=runner | ip=127.0.0.1 | op=GET_FILE_STATUS {volume=volume18939, bucket=bucket36089, key=gdir1/dir8, dataSize=0, replicationConfig=null} | ret=FAILURE
org.apache.hadoop.ozone.om.exceptions.OMException: Unable to get file status: volume: volume18939 bucket: bucket36089 key: gdir1/dir8
	at org.apache.hadoop.ozone.om.KeyManagerImpl.getOzoneFileStatus(KeyManagerImpl.java:1195) ~[ozone-manager-1.4.0-SNAPSHOT.jar:?]
	at org.apache.hadoop.ozone.om.KeyManagerImpl.getFileStatus(KeyManagerImpl.java:1113) ~[ozone-manager-1.4.0-SNAPSHOT.jar:?]
	at org.apache.hadoop.ozone.om.OmMetadataReader.getFileStatus(OmMetadataReader.java:262) ~[ozone-manager-1.4.0-SNAPSHOT.jar:?]
	at org.apache.hadoop.ozone.om.OzoneManager.getFileStatus(OzoneManager.java:3533) ~[ozone-manager-1.4.0-SNAPSHOT.jar:?]
	at org.apache.hadoop.ozone.protocolPB.OzoneManagerRequestHandler.getOzoneFileStatus(OzoneManagerRequestHandler.java:971) ~[ozone-manager-1.4.0-SNAPSHOT.jar:?]
	at org.apache.hadoop.ozone.protocolPB.OzoneManagerRequestHandler.handleReadRequest(OzoneManagerRequestHandler.java:250) ~[ozone-manager-1.4.0-SNAPSHOT.jar:?]
	at org.apache.hadoop.ozone.protocolPB.OzoneManagerProtocolServerSideTranslatorPB.submitReadRequestToOM(OzoneManagerProtocolServerSideTranslatorPB.java:225) ~[ozone-manager-1.4.0-SNAPSHOT.jar:?]
	at org.apache.hadoop.ozone.protocolPB.OzoneManagerProtocolServerSideTranslatorPB.processRequest(OzoneManagerProtocolServerSideTranslatorPB.java:179) ~[ozone-manager-1.4.0-SNAPSHOT.jar:?]
	at org.apache.hadoop.hdds.server.OzoneProtocolMessageDispatcher.processRequest(OzoneProtocolMessageDispatcher.java:87) [hdds-server-framework-1.4.0-SNAPSHOT.jar:?]
	at org.apache.hadoop.ozone.protocolPB.OzoneManagerProtocolServerSideTranslatorPB.submitRequest(OzoneManagerProtocolServerSideTranslatorPB.java:148) [ozone-manager-1.4.0-SNAPSHOT.jar:?]
	at org.apache.hadoop.ozone.protocol.proto.OzoneManagerProtocolProtos$OzoneManagerService$2.callBlockingMethod(OzoneManagerProtocolProtos.java) [ozone-interface-client-1.4.0-SNAPSHOT.jar:?]
	at org.apache.hadoop.ipc.ProtobufRpcEngine$Server.processCall(ProtobufRpcEngine.java:484) [hadoop-common-3.3.6.jar:?]
	at org.apache.hadoop.ipc.ProtobufRpcEngine2$Server$ProtoBufRpcInvoker.call(ProtobufRpcEngine2.java:595) [hadoop-common-3.3.6.jar:?]
	at org.apache.hadoop.ipc.ProtobufRpcEngine2$Server$ProtoBufRpcInvoker.call(ProtobufRpcEngine2.java:573) [hadoop-common-3.3.6.jar:?]
	at org.apache.hadoop.ipc.RPC$Server.call(RPC.java:1227) [hadoop-common-3.3.6.jar:?]
	at org.apache.hadoop.ipc.Server$RpcCall.run(Server.java:1094) [hadoop-common-3.3.6.jar:?]
	at org.apache.hadoop.ipc.Server$RpcCall.run(Server.java:1017) [hadoop-common-3.3.6.jar:?]
	at java.security.AccessController.doPrivileged(Native Method) ~[?:1.8.0_382]
	at javax.security.auth.Subject.doAs(Subject.java:422) [?:1.8.0_382]
	at org.apache.hadoop.security.UserGroupInformation.doAs(UserGroupInformation.java:1899) [hadoop-common-3.3.6.jar:?]
	at org.apache.hadoop.ipc.Server$Handler.run(Server.java:3048) [hadoop-common-3.3.6.jar:?]
02:06:30.284 [IPC Server handler 19 on default port 15110] ERROR OMAudit - user=runner | ip=127.0.0.1 | op=GET_FILE_STATUS {volume=volume18939, bucket=bucket36089, key=gdir1/dir8/child, dataSize=0, replicationConfig=null} | ret=FAILURE
org.apache.hadoop.ozone.om.exceptions.OMException: Unable to get file status: volume: volume18939 bucket: bucket36089 key: gdir1/dir8/child
	at org.apache.hadoop.ozone.om.KeyManagerImpl.getOzoneFileStatus(KeyManagerImpl.java:1195) ~[ozone-manager-1.4.0-SNAPSHOT.jar:?]
	at org.apache.hadoop.ozone.om.KeyManagerImpl.getFileStatus(KeyManagerImpl.java:1113) ~[ozone-manager-1.4.0-SNAPSHOT.jar:?]
	at org.apache.hadoop.ozone.om.OmMetadataReader.getFileStatus(OmMetadataReader.java:262) ~[ozone-manager-1.4.0-SNAPSHOT.jar:?]
	at org.apache.hadoop.ozone.om.OzoneManager.getFileStatus(OzoneManager.java:3533) ~[ozone-manager-1.4.0-SNAPSHOT.jar:?]
	at org.apache.hadoop.ozone.protocolPB.OzoneManagerRequestHandler.getOzoneFileStatus(OzoneManagerRequestHandler.java:971) ~[ozone-manager-1.4.0-SNAPSHOT.jar:?]
	at org.apache.hadoop.ozone.protocolPB.OzoneManagerRequestHandler.handleReadRequest(OzoneManagerRequestHandler.java:250) ~[ozone-manager-1.4.0-SNAPSHOT.jar:?]
	at org.apache.hadoop.ozone.protocolPB.OzoneManagerProtocolServerSideTranslatorPB.submitReadRequestToOM(OzoneManagerProtocolServerSideTranslatorPB.java:225) ~[ozone-manager-1.4.0-SNAPSHOT.jar:?]
	at org.apache.hadoop.ozone.protocolPB.OzoneManagerProtocolServerSideTranslatorPB.processRequest(OzoneManagerProtocolServerSideTranslatorPB.java:179) ~[ozone-manager-1.4.0-SNAPSHOT.jar:?]
	at org.apache.hadoop.hdds.server.OzoneProtocolMessageDispatcher.processRequest(OzoneProtocolMessageDispatcher.java:87) [hdds-server-framework-1.4.0-SNAPSHOT.jar:?]
	at org.apache.hadoop.ozone.protocolPB.OzoneManagerProtocolServerSideTranslatorPB.submitRequest(OzoneManagerProtocolServerSideTranslatorPB.java:148) [ozone-manager-1.4.0-SNAPSHOT.jar:?]
	at org.apache.hadoop.ozone.protocol.proto.OzoneManagerProtocolProtos$OzoneManagerService$2.callBlockingMethod(OzoneManagerProtocolProtos.java) [ozone-interface-client-1.4.0-SNAPSHOT.jar:?]
	at org.apache.hadoop.ipc.ProtobufRpcEngine$Server.processCall(ProtobufRpcEngine.java:484) [hadoop-common-3.3.6.jar:?]
	at org.apache.hadoop.ipc.ProtobufRpcEngine2$Server$ProtoBufRpcInvoker.call(ProtobufRpcEngine2.java:595) [hadoop-common-3.3.6.jar:?]
	at org.apache.hadoop.ipc.ProtobufRpcEngine2$Server$ProtoBufRpcInvoker.call(ProtobufRpcEngine2.java:573) [hadoop-common-3.3.6.jar:?]
	at org.apache.hadoop.ipc.RPC$Server.call(RPC.java:1227) [hadoop-common-3.3.6.jar:?]
	at org.apache.hadoop.ipc.Server$RpcCall.run(Server.java:1094) [hadoop-common-3.3.6.jar:?]
	at org.apache.hadoop.ipc.Server$RpcCall.run(Server.java:1017) [hadoop-common-3.3.6.jar:?]
	at java.security.AccessController.doPrivileged(Native Method) ~[?:1.8.0_382]
	at javax.security.auth.Subject.doAs(Subject.java:422) [?:1.8.0_382]
	at org.apache.hadoop.security.UserGroupInformation.doAs(UserGroupInformation.java:1899) [hadoop-common-3.3.6.jar:?]
	at org.apache.hadoop.ipc.Server$Handler.run(Server.java:3048) [hadoop-common-3.3.6.jar:?]
02:06:30.284 [IPC Server handler 11 on default port 15110] ERROR OMAudit - user=runner | ip=127.0.0.1 | op=GET_FILE_STATUS {volume=volume18939, bucket=bucket36089, key=gdir1/dir9, dataSize=0, replicationConfig=null} | ret=FAILURE
org.apache.hadoop.ozone.om.exceptions.OMException: Unable to get file status: volume: volume18939 bucket: bucket36089 key: gdir1/dir9
	at org.apache.hadoop.ozone.om.KeyManagerImpl.getOzoneFileStatus(KeyManagerImpl.java:1195) ~[ozone-manager-1.4.0-SNAPSHOT.jar:?]
	at org.apache.hadoop.ozone.om.KeyManagerImpl.getFileStatus(KeyManagerImpl.java:1113) ~[ozone-manager-1.4.0-SNAPSHOT.jar:?]
	at org.apache.hadoop.ozone.om.OmMetadataReader.getFileStatus(OmMetadataReader.java:262) ~[ozone-manager-1.4.0-SNAPSHOT.jar:?]
	at org.apache.hadoop.ozone.om.OzoneManager.getFileStatus(OzoneManager.java:3533) ~[ozone-manager-1.4.0-SNAPSHOT.jar:?]
	at org.apache.hadoop.ozone.protocolPB.OzoneManagerRequestHandler.getOzoneFileStatus(OzoneManagerRequestHandler.java:971) ~[ozone-manager-1.4.0-SNAPSHOT.jar:?]
	at org.apache.hadoop.ozone.protocolPB.OzoneManagerRequestHandler.handleReadRequest(OzoneManagerRequestHandler.java:250) ~[ozone-manager-1.4.0-SNAPSHOT.jar:?]
	at org.apache.hadoop.ozone.protocolPB.OzoneManagerProtocolServerSideTranslatorPB.submitReadRequestToOM(OzoneManagerProtocolServerSideTranslatorPB.java:225) ~[ozone-manager-1.4.0-SNAPSHOT.jar:?]
	at org.apache.hadoop.ozone.protocolPB.OzoneManagerProtocolServerSideTranslatorPB.processRequest(OzoneManagerProtocolServerSideTranslatorPB.java:179) ~[ozone-manager-1.4.0-SNAPSHOT.jar:?]
	at org.apache.hadoop.hdds.server.OzoneProtocolMessageDispatcher.processRequest(OzoneProtocolMessageDispatcher.java:87) [hdds-server-framework-1.4.0-SNAPSHOT.jar:?]
	at org.apache.hadoop.ozone.protocolPB.OzoneManagerProtocolServerSideTranslatorPB.submitRequest(OzoneManagerProtocolServerSideTranslatorPB.java:148) [ozone-manager-1.4.0-SNAPSHOT.jar:?]
	at org.apache.hadoop.ozone.protocol.proto.OzoneManagerProtocolProtos$OzoneManagerService$2.callBlockingMethod(OzoneManagerProtocolProtos.java) [ozone-interface-client-1.4.0-SNAPSHOT.jar:?]
	at org.apache.hadoop.ipc.ProtobufRpcEngine$Server.processCall(ProtobufRpcEngine.java:484) [hadoop-common-3.3.6.jar:?]
	at org.apache.hadoop.ipc.ProtobufRpcEngine2$Server$ProtoBufRpcInvoker.call(ProtobufRpcEngine2.java:595) [hadoop-common-3.3.6.jar:?]
	at org.apache.hadoop.ipc.ProtobufRpcEngine2$Server$ProtoBufRpcInvoker.call(ProtobufRpcEngine2.java:573) [hadoop-common-3.3.6.jar:?]
	at org.apache.hadoop.ipc.RPC$Server.call(RPC.java:1227) [hadoop-common-3.3.6.jar:?]
	at org.apache.hadoop.ipc.Server$RpcCall.run(Server.java:1094) [hadoop-common-3.3.6.jar:?]
	at org.apache.hadoop.ipc.Server$RpcCall.run(Server.java:1017) [hadoop-common-3.3.6.jar:?]
	at java.security.AccessController.doPrivileged(Native Method) ~[?:1.8.0_382]
	at javax.security.auth.Subject.doAs(Subject.java:422) [?:1.8.0_382]
	at org.apache.hadoop.security.UserGroupInformation.doAs(UserGroupInformation.java:1899) [hadoop-common-3.3.6.jar:?]
	at org.apache.hadoop.ipc.Server$Handler.run(Server.java:3048) [hadoop-common-3.3.6.jar:?]
02:06:30.285 [IPC Server handler 12 on default port 15110] ERROR OMAudit - user=runner | ip=127.0.0.1 | op=GET_FILE_STATUS {volume=volume18939, bucket=bucket36089, key=gdir1/dir9/child, dataSize=0, replicationConfig=null} | ret=FAILURE
org.apache.hadoop.ozone.om.exceptions.OMException: Unable to get file status: volume: volume18939 bucket: bucket36089 key: gdir1/dir9/child
	at org.apache.hadoop.ozone.om.KeyManagerImpl.getOzoneFileStatus(KeyManagerImpl.java:1195) ~[ozone-manager-1.4.0-SNAPSHOT.jar:?]
	at org.apache.hadoop.ozone.om.KeyManagerImpl.getFileStatus(KeyManagerImpl.java:1113) ~[ozone-manager-1.4.0-SNAPSHOT.jar:?]
	at org.apache.hadoop.ozone.om.OmMetadataReader.getFileStatus(OmMetadataReader.java:262) ~[ozone-manager-1.4.0-SNAPSHOT.jar:?]
	at org.apache.hadoop.ozone.om.OzoneManager.getFileStatus(OzoneManager.java:3533) ~[ozone-manager-1.4.0-SNAPSHOT.jar:?]
	at org.apache.hadoop.ozone.protocolPB.OzoneManagerRequestHandler.getOzoneFileStatus(OzoneManagerRequestHandler.java:971) ~[ozone-manager-1.4.0-SNAPSHOT.jar:?]
	at org.apache.hadoop.ozone.protocolPB.OzoneManagerRequestHandler.handleReadRequest(OzoneManagerRequestHandler.java:250) ~[ozone-manager-1.4.0-SNAPSHOT.jar:?]
	at org.apache.hadoop.ozone.protocolPB.OzoneManagerProtocolServerSideTranslatorPB.submitReadRequestToOM(OzoneManagerProtocolServerSideTranslatorPB.java:225) ~[ozone-manager-1.4.0-SNAPSHOT.jar:?]
	at org.apache.hadoop.ozone.protocolPB.OzoneManagerProtocolServerSideTranslatorPB.processRequest(OzoneManagerProtocolServerSideTranslatorPB.java:179) ~[ozone-manager-1.4.0-SNAPSHOT.jar:?]
	at org.apache.hadoop.hdds.server.OzoneProtocolMessageDispatcher.processRequest(OzoneProtocolMessageDispatcher.java:87) [hdds-server-framework-1.4.0-SNAPSHOT.jar:?]
	at org.apache.hadoop.ozone.protocolPB.OzoneManagerProtocolServerSideTranslatorPB.submitRequest(OzoneManagerProtocolServerSideTranslatorPB.java:148) [ozone-manager-1.4.0-SNAPSHOT.jar:?]
	at org.apache.hadoop.ozone.protocol.proto.OzoneManagerProtocolProtos$OzoneManagerService$2.callBlockingMethod(OzoneManagerProtocolProtos.java) [ozone-interface-client-1.4.0-SNAPSHOT.jar:?]
	at org.apache.hadoop.ipc.ProtobufRpcEngine$Server.processCall(ProtobufRpcEngine.java:484) [hadoop-common-3.3.6.jar:?]
	at org.apache.hadoop.ipc.ProtobufRpcEngine2$Server$ProtoBufRpcInvoker.call(ProtobufRpcEngine2.java:595) [hadoop-common-3.3.6.jar:?]
	at org.apache.hadoop.ipc.ProtobufRpcEngine2$Server$ProtoBufRpcInvoker.call(ProtobufRpcEngine2.java:573) [hadoop-common-3.3.6.jar:?]
	at org.apache.hadoop.ipc.RPC$Server.call(RPC.java:1227) [hadoop-common-3.3.6.jar:?]
	at org.apache.hadoop.ipc.Server$RpcCall.run(Server.java:1094) [hadoop-common-3.3.6.jar:?]
	at org.apache.hadoop.ipc.Server$RpcCall.run(Server.java:1017) [hadoop-common-3.3.6.jar:?]
	at java.security.AccessController.doPrivileged(Native Method) ~[?:1.8.0_382]
	at javax.security.auth.Subject.doAs(Subject.java:422) [?:1.8.0_382]
	at org.apache.hadoop.security.UserGroupInformation.doAs(UserGroupInformation.java:1899) [hadoop-common-3.3.6.jar:?]
	at org.apache.hadoop.ipc.Server$Handler.run(Server.java:3048) [hadoop-common-3.3.6.jar:?]
02:06:30.286 [IPC Server handler 0 on default port 15110] ERROR OMAudit - user=runner | ip=127.0.0.1 | op=GET_FILE_STATUS {volume=volume18939, bucket=bucket36089, key=gdir1/dir10, dataSize=0, replicationConfig=null} | ret=FAILURE
org.apache.hadoop.ozone.om.exceptions.OMException: Unable to get file status: volume: volume18939 bucket: bucket36089 key: gdir1/dir10
	at org.apache.hadoop.ozone.om.KeyManagerImpl.getOzoneFileStatus(KeyManagerImpl.java:1195) ~[ozone-manager-1.4.0-SNAPSHOT.jar:?]
	at org.apache.hadoop.ozone.om.KeyManagerImpl.getFileStatus(KeyManagerImpl.java:1113) ~[ozone-manager-1.4.0-SNAPSHOT.jar:?]
	at org.apache.hadoop.ozone.om.OmMetadataReader.getFileStatus(OmMetadataReader.java:262) ~[ozone-manager-1.4.0-SNAPSHOT.jar:?]
	at org.apache.hadoop.ozone.om.OzoneManager.getFileStatus(OzoneManager.java:3533) ~[ozone-manager-1.4.0-SNAPSHOT.jar:?]
	at org.apache.hadoop.ozone.protocolPB.OzoneManagerRequestHandler.getOzoneFileStatus(OzoneManagerRequestHandler.java:971) ~[ozone-manager-1.4.0-SNAPSHOT.jar:?]
	at org.apache.hadoop.ozone.protocolPB.OzoneManagerRequestHandler.handleReadRequest(OzoneManagerRequestHandler.java:250) ~[ozone-manager-1.4.0-SNAPSHOT.jar:?]
	at org.apache.hadoop.ozone.protocolPB.OzoneManagerProtocolServerSideTranslatorPB.submitReadRequestToOM(OzoneManagerProtocolServerSideTranslatorPB.java:225) ~[ozone-manager-1.4.0-SNAPSHOT.jar:?]
	at org.apache.hadoop.ozone.protocolPB.OzoneManagerProtocolServerSideTranslatorPB.processRequest(OzoneManagerProtocolServerSideTranslatorPB.java:179) ~[ozone-manager-1.4.0-SNAPSHOT.jar:?]
	at org.apache.hadoop.hdds.server.OzoneProtocolMessageDispatcher.processRequest(OzoneProtocolMessageDispatcher.java:87) [hdds-server-framework-1.4.0-SNAPSHOT.jar:?]
	at org.apache.hadoop.ozone.protocolPB.OzoneManagerProtocolServerSideTranslatorPB.submitRequest(OzoneManagerProtocolServerSideTranslatorPB.java:148) [ozone-manager-1.4.0-SNAPSHOT.jar:?]
	at org.apache.hadoop.ozone.protocol.proto.OzoneManagerProtocolProtos$OzoneManagerService$2.callBlockingMethod(OzoneManagerProtocolProtos.java) [ozone-interface-client-1.4.0-SNAPSHOT.jar:?]
	at org.apache.hadoop.ipc.ProtobufRpcEngine$Server.processCall(ProtobufRpcEngine.java:484) [hadoop-common-3.3.6.jar:?]
	at org.apache.hadoop.ipc.ProtobufRpcEngine2$Server$ProtoBufRpcInvoker.call(ProtobufRpcEngine2.java:595) [hadoop-common-3.3.6.jar:?]
	at org.apache.hadoop.ipc.ProtobufRpcEngine2$Server$ProtoBufRpcInvoker.call(ProtobufRpcEngine2.java:573) [hadoop-common-3.3.6.jar:?]
	at org.apache.hadoop.ipc.RPC$Server.call(RPC.java:1227) [hadoop-common-3.3.6.jar:?]
	at org.apache.hadoop.ipc.Server$RpcCall.run(Server.java:1094) [hadoop-common-3.3.6.jar:?]
	at org.apache.hadoop.ipc.Server$RpcCall.run(Server.java:1017) [hadoop-common-3.3.6.jar:?]
	at java.security.AccessController.doPrivileged(Native Method) ~[?:1.8.0_382]
	at javax.security.auth.Subject.doAs(Subject.java:422) [?:1.8.0_382]
	at org.apache.hadoop.security.UserGroupInformation.doAs(UserGroupInformation.java:1899) [hadoop-common-3.3.6.jar:?]
	at org.apache.hadoop.ipc.Server$Handler.run(Server.java:3048) [hadoop-common-3.3.6.jar:?]
02:06:30.287 [IPC Server handler 1 on default port 15110] ERROR OMAudit - user=runner | ip=127.0.0.1 | op=GET_FILE_STATUS {volume=volume18939, bucket=bucket36089, key=gdir1/dir10/child, dataSize=0, replicationConfig=null} | ret=FAILURE
org.apache.hadoop.ozone.om.exceptions.OMException: Unable to get file status: volume: volume18939 bucket: bucket36089 key: gdir1/dir10/child
	at org.apache.hadoop.ozone.om.KeyManagerImpl.getOzoneFileStatus(KeyManagerImpl.java:1195) ~[ozone-manager-1.4.0-SNAPSHOT.jar:?]
	at org.apache.hadoop.ozone.om.KeyManagerImpl.getFileStatus(KeyManagerImpl.java:1113) ~[ozone-manager-1.4.0-SNAPSHOT.jar:?]
	at org.apache.hadoop.ozone.om.OmMetadataReader.getFileStatus(OmMetadataReader.java:262) ~[ozone-manager-1.4.0-SNAPSHOT.jar:?]
	at org.apache.hadoop.ozone.om.OzoneManager.getFileStatus(OzoneManager.java:3533) ~[ozone-manager-1.4.0-SNAPSHOT.jar:?]
	at org.apache.hadoop.ozone.protocolPB.OzoneManagerRequestHandler.getOzoneFileStatus(OzoneManagerRequestHandler.java:971) ~[ozone-manager-1.4.0-SNAPSHOT.jar:?]
	at org.apache.hadoop.ozone.protocolPB.OzoneManagerRequestHandler.handleReadRequest(OzoneManagerRequestHandler.java:250) ~[ozone-manager-1.4.0-SNAPSHOT.jar:?]
	at org.apache.hadoop.ozone.protocolPB.OzoneManagerProtocolServerSideTranslatorPB.submitReadRequestToOM(OzoneManagerProtocolServerSideTranslatorPB.java:225) ~[ozone-manager-1.4.0-SNAPSHOT.jar:?]
	at org.apache.hadoop.ozone.protocolPB.OzoneManagerProtocolServerSideTranslatorPB.processRequest(OzoneManagerProtocolServerSideTranslatorPB.java:179) ~[ozone-manager-1.4.0-SNAPSHOT.jar:?]
	at org.apache.hadoop.hdds.server.OzoneProtocolMessageDispatcher.processRequest(OzoneProtocolMessageDispatcher.java:87) [hdds-server-framework-1.4.0-SNAPSHOT.jar:?]
	at org.apache.hadoop.ozone.protocolPB.OzoneManagerProtocolServerSideTranslatorPB.submitRequest(OzoneManagerProtocolServerSideTranslatorPB.java:148) [ozone-manager-1.4.0-SNAPSHOT.jar:?]
	at org.apache.hadoop.ozone.protocol.proto.OzoneManagerProtocolProtos$OzoneManagerService$2.callBlockingMethod(OzoneManagerProtocolProtos.java) [ozone-interface-client-1.4.0-SNAPSHOT.jar:?]
	at org.apache.hadoop.ipc.ProtobufRpcEngine$Server.processCall(ProtobufRpcEngine.java:484) [hadoop-common-3.3.6.jar:?]
	at org.apache.hadoop.ipc.ProtobufRpcEngine2$Server$ProtoBufRpcInvoker.call(ProtobufRpcEngine2.java:595) [hadoop-common-3.3.6.jar:?]
	at org.apache.hadoop.ipc.ProtobufRpcEngine2$Server$ProtoBufRpcInvoker.call(ProtobufRpcEngine2.java:573) [hadoop-common-3.3.6.jar:?]
	at org.apache.hadoop.ipc.RPC$Server.call(RPC.java:1227) [hadoop-common-3.3.6.jar:?]
	at org.apache.hadoop.ipc.Server$RpcCall.run(Server.java:1094) [hadoop-common-3.3.6.jar:?]
	at org.apache.hadoop.ipc.Server$RpcCall.run(Server.java:1017) [hadoop-common-3.3.6.jar:?]
	at java.security.AccessController.doPrivileged(Native Method) ~[?:1.8.0_382]
	at javax.security.auth.Subject.doAs(Subject.java:422) [?:1.8.0_382]
	at org.apache.hadoop.security.UserGroupInformation.doAs(UserGroupInformation.java:1899) [hadoop-common-3.3.6.jar:?]
	at org.apache.hadoop.ipc.Server$Handler.run(Server.java:3048) [hadoop-common-3.3.6.jar:?]
02:06:30.347 [IPC Server handler 17 on default port 15110] ERROR OMAudit - user=runner | ip=127.0.0.1 | op=GET_FILE_STATUS {volume=volume18939, bucket=bucket36089, key=level0, dataSize=0, replicationConfig=null} | ret=FAILURE
org.apache.hadoop.ozone.om.exceptions.OMException: Unable to get file status: volume: volume18939 bucket: bucket36089 key: level0
	at org.apache.hadoop.ozone.om.KeyManagerImpl.getOzoneFileStatus(KeyManagerImpl.java:1195) ~[ozone-manager-1.4.0-SNAPSHOT.jar:?]
	at org.apache.hadoop.ozone.om.KeyManagerImpl.getFileStatus(KeyManagerImpl.java:1113) ~[ozone-manager-1.4.0-SNAPSHOT.jar:?]
	at org.apache.hadoop.ozone.om.OmMetadataReader.getFileStatus(OmMetadataReader.java:262) ~[ozone-manager-1.4.0-SNAPSHOT.jar:?]
	at org.apache.hadoop.ozone.om.OzoneManager.getFileStatus(OzoneManager.java:3533) ~[ozone-manager-1.4.0-SNAPSHOT.jar:?]
	at org.apache.hadoop.ozone.protocolPB.OzoneManagerRequestHandler.getOzoneFileStatus(OzoneManagerRequestHandler.java:971) ~[ozone-manager-1.4.0-SNAPSHOT.jar:?]
	at org.apache.hadoop.ozone.protocolPB.OzoneManagerRequestHandler.handleReadRequest(OzoneManagerRequestHandler.java:250) ~[ozone-manager-1.4.0-SNAPSHOT.jar:?]
	at org.apache.hadoop.ozone.protocolPB.OzoneManagerProtocolServerSideTranslatorPB.submitReadRequestToOM(OzoneManagerProtocolServerSideTranslatorPB.java:225) ~[ozone-manager-1.4.0-SNAPSHOT.jar:?]
	at org.apache.hadoop.ozone.protocolPB.OzoneManagerProtocolServerSideTranslatorPB.processRequest(OzoneManagerProtocolServerSideTranslatorPB.java:179) ~[ozone-manager-1.4.0-SNAPSHOT.jar:?]
	at org.apache.hadoop.hdds.server.OzoneProtocolMessageDispatcher.processRequest(OzoneProtocolMessageDispatcher.java:87) [hdds-server-framework-1.4.0-SNAPSHOT.jar:?]
	at org.apache.hadoop.ozone.protocolPB.OzoneManagerProtocolServerSideTranslatorPB.submitRequest(OzoneManagerProtocolServerSideTranslatorPB.java:148) [ozone-manager-1.4.0-SNAPSHOT.jar:?]
	at org.apache.hadoop.ozone.protocol.proto.OzoneManagerProtocolProtos$OzoneManagerService$2.callBlockingMethod(OzoneManagerProtocolProtos.java) [ozone-interface-client-1.4.0-SNAPSHOT.jar:?]
	at org.apache.hadoop.ipc.ProtobufRpcEngine$Server.processCall(ProtobufRpcEngine.java:484) [hadoop-common-3.3.6.jar:?]
	at org.apache.hadoop.ipc.ProtobufRpcEngine2$Server$ProtoBufRpcInvoker.call(ProtobufRpcEngine2.java:595) [hadoop-common-3.3.6.jar:?]
	at org.apache.hadoop.ipc.ProtobufRpcEngine2$Server$ProtoBufRpcInvoker.call(ProtobufRpcEngine2.java:573) [hadoop-common-3.3.6.jar:?]
	at org.apache.hadoop.ipc.RPC$Server.call(RPC.java:1227) [hadoop-common-3.3.6.jar:?]
	at org.apache.hadoop.ipc.Server$RpcCall.run(Server.java:1094) [hadoop-common-3.3.6.jar:?]
	at org.apache.hadoop.ipc.Server$RpcCall.run(Server.java:1017) [hadoop-common-3.3.6.jar:?]
	at java.security.AccessController.doPrivileged(Native Method) ~[?:1.8.0_382]
	at javax.security.auth.Subject.doAs(Subject.java:422) [?:1.8.0_382]
	at org.apache.hadoop.security.UserGroupInformation.doAs(UserGroupInformation.java:1899) [hadoop-common-3.3.6.jar:?]
	at org.apache.hadoop.ipc.Server$Handler.run(Server.java:3048) [hadoop-common-3.3.6.jar:?]
02:06:30.348 [IPC Server handler 18 on default port 15110] ERROR OMAudit - user=runner | ip=127.0.0.1 | op=GET_FILE_STATUS {volume=volume18939, bucket=bucket36089, key=level0/level1, dataSize=0, replicationConfig=null} | ret=FAILURE
org.apache.hadoop.ozone.om.exceptions.OMException: Unable to get file status: volume: volume18939 bucket: bucket36089 key: level0/level1
	at org.apache.hadoop.ozone.om.KeyManagerImpl.getOzoneFileStatus(KeyManagerImpl.java:1195) ~[ozone-manager-1.4.0-SNAPSHOT.jar:?]
	at org.apache.hadoop.ozone.om.KeyManagerImpl.getFileStatus(KeyManagerImpl.java:1113) ~[ozone-manager-1.4.0-SNAPSHOT.jar:?]
	at org.apache.hadoop.ozone.om.OmMetadataReader.getFileStatus(OmMetadataReader.java:262) ~[ozone-manager-1.4.0-SNAPSHOT.jar:?]
	at org.apache.hadoop.ozone.om.OzoneManager.getFileStatus(OzoneManager.java:3533) ~[ozone-manager-1.4.0-SNAPSHOT.jar:?]
	at org.apache.hadoop.ozone.protocolPB.OzoneManagerRequestHandler.getOzoneFileStatus(OzoneManagerRequestHandler.java:971) ~[ozone-manager-1.4.0-SNAPSHOT.jar:?]
	at org.apache.hadoop.ozone.protocolPB.OzoneManagerRequestHandler.handleReadRequest(OzoneManagerRequestHandler.java:250) ~[ozone-manager-1.4.0-SNAPSHOT.jar:?]
	at org.apache.hadoop.ozone.protocolPB.OzoneManagerProtocolServerSideTranslatorPB.submitReadRequestToOM(OzoneManagerProtocolServerSideTranslatorPB.java:225) ~[ozone-manager-1.4.0-SNAPSHOT.jar:?]
	at org.apache.hadoop.ozone.protocolPB.OzoneManagerProtocolServerSideTranslatorPB.processRequest(OzoneManagerProtocolServerSideTranslatorPB.java:179) ~[ozone-manager-1.4.0-SNAPSHOT.jar:?]
	at org.apache.hadoop.hdds.server.OzoneProtocolMessageDispatcher.processRequest(OzoneProtocolMessageDispatcher.java:87) [hdds-server-framework-1.4.0-SNAPSHOT.jar:?]
	at org.apache.hadoop.ozone.protocolPB.OzoneManagerProtocolServerSideTranslatorPB.submitRequest(OzoneManagerProtocolServerSideTranslatorPB.java:148) [ozone-manager-1.4.0-SNAPSHOT.jar:?]
	at org.apache.hadoop.ozone.protocol.proto.OzoneManagerProtocolProtos$OzoneManagerService$2.callBlockingMethod(OzoneManagerProtocolProtos.java) [ozone-interface-client-1.4.0-SNAPSHOT.jar:?]
	at org.apache.hadoop.ipc.ProtobufRpcEngine$Server.processCall(ProtobufRpcEngine.java:484) [hadoop-common-3.3.6.jar:?]
	at org.apache.hadoop.ipc.ProtobufRpcEngine2$Server$ProtoBufRpcInvoker.call(ProtobufRpcEngine2.java:595) [hadoop-common-3.3.6.jar:?]
	at org.apache.hadoop.ipc.ProtobufRpcEngine2$Server$ProtoBufRpcInvoker.call(ProtobufRpcEngine2.java:573) [hadoop-common-3.3.6.jar:?]
	at org.apache.hadoop.ipc.RPC$Server.call(RPC.java:1227) [hadoop-common-3.3.6.jar:?]
	at org.apache.hadoop.ipc.Server$RpcCall.run(Server.java:1094) [hadoop-common-3.3.6.jar:?]
	at org.apache.hadoop.ipc.Server$RpcCall.run(Server.java:1017) [hadoop-common-3.3.6.jar:?]
	at java.security.AccessController.doPrivileged(Native Method) ~[?:1.8.0_382]
	at javax.security.auth.Subject.doAs(Subject.java:422) [?:1.8.0_382]
	at org.apache.hadoop.security.UserGroupInformation.doAs(UserGroupInformation.java:1899) [hadoop-common-3.3.6.jar:?]
	at org.apache.hadoop.ipc.Server$Handler.run(Server.java:3048) [hadoop-common-3.3.6.jar:?]
02:06:30.349 [IPC Server handler 19 on default port 15110] ERROR OMAudit - user=runner | ip=127.0.0.1 | op=GET_FILE_STATUS {volume=volume18939, bucket=bucket36089, key=level0/level1/level1, dataSize=0, replicationConfig=null} | ret=FAILURE
org.apache.hadoop.ozone.om.exceptions.OMException: Unable to get file status: volume: volume18939 bucket: bucket36089 key: level0/level1/level1
	at org.apache.hadoop.ozone.om.KeyManagerImpl.getOzoneFileStatus(KeyManagerImpl.java:1195) ~[ozone-manager-1.4.0-SNAPSHOT.jar:?]
	at org.apache.hadoop.ozone.om.KeyManagerImpl.getFileStatus(KeyManagerImpl.java:1113) ~[ozone-manager-1.4.0-SNAPSHOT.jar:?]
	at org.apache.hadoop.ozone.om.OmMetadataReader.getFileStatus(OmMetadataReader.java:262) ~[ozone-manager-1.4.0-SNAPSHOT.jar:?]
	at org.apache.hadoop.ozone.om.OzoneManager.getFileStatus(OzoneManager.java:3533) ~[ozone-manager-1.4.0-SNAPSHOT.jar:?]
	at org.apache.hadoop.ozone.protocolPB.OzoneManagerRequestHandler.getOzoneFileStatus(OzoneManagerRequestHandler.java:971) ~[ozone-manager-1.4.0-SNAPSHOT.jar:?]
	at org.apache.hadoop.ozone.protocolPB.OzoneManagerRequestHandler.handleReadRequest(OzoneManagerRequestHandler.java:250) ~[ozone-manager-1.4.0-SNAPSHOT.jar:?]
	at org.apache.hadoop.ozone.protocolPB.OzoneManagerProtocolServerSideTranslatorPB.submitReadRequestToOM(OzoneManagerProtocolServerSideTranslatorPB.java:225) ~[ozone-manager-1.4.0-SNAPSHOT.jar:?]
	at org.apache.hadoop.ozone.protocolPB.OzoneManagerProtocolServerSideTranslatorPB.processRequest(OzoneManagerProtocolServerSideTranslatorPB.java:179) ~[ozone-manager-1.4.0-SNAPSHOT.jar:?]
	at org.apache.hadoop.hdds.server.OzoneProtocolMessageDispatcher.processRequest(OzoneProtocolMessageDispatcher.java:87) [hdds-server-framework-1.4.0-SNAPSHOT.jar:?]
	at org.apache.hadoop.ozone.protocolPB.OzoneManagerProtocolServerSideTranslatorPB.submitRequest(OzoneManagerProtocolServerSideTranslatorPB.java:148) [ozone-manager-1.4.0-SNAPSHOT.jar:?]
	at org.apache.hadoop.ozone.protocol.proto.OzoneManagerProtocolProtos$OzoneManagerService$2.callBlockingMethod(OzoneManagerProtocolProtos.java) [ozone-interface-client-1.4.0-SNAPSHOT.jar:?]
	at org.apache.hadoop.ipc.ProtobufRpcEngine$Server.processCall(ProtobufRpcEngine.java:484) [hadoop-common-3.3.6.jar:?]
	at org.apache.hadoop.ipc.ProtobufRpcEngine2$Server$ProtoBufRpcInvoker.call(ProtobufRpcEngine2.java:595) [hadoop-common-3.3.6.jar:?]
	at org.apache.hadoop.ipc.ProtobufRpcEngine2$Server$ProtoBufRpcInvoker.call(ProtobufRpcEngine2.java:573) [hadoop-common-3.3.6.jar:?]
	at org.apache.hadoop.ipc.RPC$Server.call(RPC.java:1227) [hadoop-common-3.3.6.jar:?]
	at org.apache.hadoop.ipc.Server$RpcCall.run(Server.java:1094) [hadoop-common-3.3.6.jar:?]
	at org.apache.hadoop.ipc.Server$RpcCall.run(Server.java:1017) [hadoop-common-3.3.6.jar:?]
	at java.security.AccessController.doPrivileged(Native Method) ~[?:1.8.0_382]
	at javax.security.auth.Subject.doAs(Subject.java:422) [?:1.8.0_382]
	at org.apache.hadoop.security.UserGroupInformation.doAs(UserGroupInformation.java:1899) [hadoop-common-3.3.6.jar:?]
	at org.apache.hadoop.ipc.Server$Handler.run(Server.java:3048) [hadoop-common-3.3.6.jar:?]
02:06:30.350 [IPC Server handler 11 on default port 15110] ERROR OMAudit - user=runner | ip=127.0.0.1 | op=GET_FILE_STATUS {volume=volume18939, bucket=bucket36089, key=level0/level1/file1, dataSize=0, replicationConfig=null} | ret=FAILURE
org.apache.hadoop.ozone.om.exceptions.OMException: Unable to get file status: volume: volume18939 bucket: bucket36089 key: level0/level1/file1
	at org.apache.hadoop.ozone.om.KeyManagerImpl.getOzoneFileStatus(KeyManagerImpl.java:1195) ~[ozone-manager-1.4.0-SNAPSHOT.jar:?]
	at org.apache.hadoop.ozone.om.KeyManagerImpl.getFileStatus(KeyManagerImpl.java:1113) ~[ozone-manager-1.4.0-SNAPSHOT.jar:?]
	at org.apache.hadoop.ozone.om.OmMetadataReader.getFileStatus(OmMetadataReader.java:262) ~[ozone-manager-1.4.0-SNAPSHOT.jar:?]
	at org.apache.hadoop.ozone.om.OzoneManager.getFileStatus(OzoneManager.java:3533) ~[ozone-manager-1.4.0-SNAPSHOT.jar:?]
	at org.apache.hadoop.ozone.protocolPB.OzoneManagerRequestHandler.getOzoneFileStatus(OzoneManagerRequestHandler.java:971) ~[ozone-manager-1.4.0-SNAPSHOT.jar:?]
	at org.apache.hadoop.ozone.protocolPB.OzoneManagerRequestHandler.handleReadRequest(OzoneManagerRequestHandler.java:250) ~[ozone-manager-1.4.0-SNAPSHOT.jar:?]
	at org.apache.hadoop.ozone.protocolPB.OzoneManagerProtocolServerSideTranslatorPB.submitReadRequestToOM(OzoneManagerProtocolServerSideTranslatorPB.java:225) ~[ozone-manager-1.4.0-SNAPSHOT.jar:?]
	at org.apache.hadoop.ozone.protocolPB.OzoneManagerProtocolServerSideTranslatorPB.processRequest(OzoneManagerProtocolServerSideTranslatorPB.java:179) ~[ozone-manager-1.4.0-SNAPSHOT.jar:?]
	at org.apache.hadoop.hdds.server.OzoneProtocolMessageDispatcher.processRequest(OzoneProtocolMessageDispatcher.java:87) [hdds-server-framework-1.4.0-SNAPSHOT.jar:?]
	at org.apache.hadoop.ozone.protocolPB.OzoneManagerProtocolServerSideTranslatorPB.submitRequest(OzoneManagerProtocolServerSideTranslatorPB.java:148) [ozone-manager-1.4.0-SNAPSHOT.jar:?]
	at org.apache.hadoop.ozone.protocol.proto.OzoneManagerProtocolProtos$OzoneManagerService$2.callBlockingMethod(OzoneManagerProtocolProtos.java) [ozone-interface-client-1.4.0-SNAPSHOT.jar:?]
	at org.apache.hadoop.ipc.ProtobufRpcEngine$Server.processCall(ProtobufRpcEngine.java:484) [hadoop-common-3.3.6.jar:?]
	at org.apache.hadoop.ipc.ProtobufRpcEngine2$Server$ProtoBufRpcInvoker.call(ProtobufRpcEngine2.java:595) [hadoop-common-3.3.6.jar:?]
	at org.apache.hadoop.ipc.ProtobufRpcEngine2$Server$ProtoBufRpcInvoker.call(ProtobufRpcEngine2.java:573) [hadoop-common-3.3.6.jar:?]
	at org.apache.hadoop.ipc.RPC$Server.call(RPC.java:1227) [hadoop-common-3.3.6.jar:?]
	at org.apache.hadoop.ipc.Server$RpcCall.run(Server.java:1094) [hadoop-common-3.3.6.jar:?]
	at org.apache.hadoop.ipc.Server$RpcCall.run(Server.java:1017) [hadoop-common-3.3.6.jar:?]
	at java.security.AccessController.doPrivileged(Native Method) ~[?:1.8.0_382]
	at javax.security.auth.Subject.doAs(Subject.java:422) [?:1.8.0_382]
	at org.apache.hadoop.security.UserGroupInformation.doAs(UserGroupInformation.java:1899) [hadoop-common-3.3.6.jar:?]
	at org.apache.hadoop.ipc.Server$Handler.run(Server.java:3048) [hadoop-common-3.3.6.jar:?]
02:06:30.350 [IPC Server handler 12 on default port 15110] ERROR OMAudit - user=runner | ip=127.0.0.1 | op=GET_FILE_STATUS {volume=volume18939, bucket=bucket36089, key=level0/level1/level1/file1, dataSize=0, replicationConfig=null} | ret=FAILURE
org.apache.hadoop.ozone.om.exceptions.OMException: Unable to get file status: volume: volume18939 bucket: bucket36089 key: level0/level1/level1/file1
	at org.apache.hadoop.ozone.om.KeyManagerImpl.getOzoneFileStatus(KeyManagerImpl.java:1195) ~[ozone-manager-1.4.0-SNAPSHOT.jar:?]
	at org.apache.hadoop.ozone.om.KeyManagerImpl.getFileStatus(KeyManagerImpl.java:1113) ~[ozone-manager-1.4.0-SNAPSHOT.jar:?]
	at org.apache.hadoop.ozone.om.OmMetadataReader.getFileStatus(OmMetadataReader.java:262) ~[ozone-manager-1.4.0-SNAPSHOT.jar:?]
	at org.apache.hadoop.ozone.om.OzoneManager.getFileStatus(OzoneManager.java:3533) ~[ozone-manager-1.4.0-SNAPSHOT.jar:?]
	at org.apache.hadoop.ozone.protocolPB.OzoneManagerRequestHandler.getOzoneFileStatus(OzoneManagerRequestHandler.java:971) ~[ozone-manager-1.4.0-SNAPSHOT.jar:?]
	at org.apache.hadoop.ozone.protocolPB.OzoneManagerRequestHandler.handleReadRequest(OzoneManagerRequestHandler.java:250) ~[ozone-manager-1.4.0-SNAPSHOT.jar:?]
	at org.apache.hadoop.ozone.protocolPB.OzoneManagerProtocolServerSideTranslatorPB.submitReadRequestToOM(OzoneManagerProtocolServerSideTranslatorPB.java:225) ~[ozone-manager-1.4.0-SNAPSHOT.jar:?]
	at org.apache.hadoop.ozone.protocolPB.OzoneManagerProtocolServerSideTranslatorPB.processRequest(OzoneManagerProtocolServerSideTranslatorPB.java:179) ~[ozone-manager-1.4.0-SNAPSHOT.jar:?]
	at org.apache.hadoop.hdds.server.OzoneProtocolMessageDispatcher.processRequest(OzoneProtocolMessageDispatcher.java:87) [hdds-server-framework-1.4.0-SNAPSHOT.jar:?]
	at org.apache.hadoop.ozone.protocolPB.OzoneManagerProtocolServerSideTranslatorPB.submitRequest(OzoneManagerProtocolServerSideTranslatorPB.java:148) [ozone-manager-1.4.0-SNAPSHOT.jar:?]
	at org.apache.hadoop.ozone.protocol.proto.OzoneManagerProtocolProtos$OzoneManagerService$2.callBlockingMethod(OzoneManagerProtocolProtos.java) [ozone-interface-client-1.4.0-SNAPSHOT.jar:?]
	at org.apache.hadoop.ipc.ProtobufRpcEngine$Server.processCall(ProtobufRpcEngine.java:484) [hadoop-common-3.3.6.jar:?]
	at org.apache.hadoop.ipc.ProtobufRpcEngine2$Server$ProtoBufRpcInvoker.call(ProtobufRpcEngine2.java:595) [hadoop-common-3.3.6.jar:?]
	at org.apache.hadoop.ipc.ProtobufRpcEngine2$Server$ProtoBufRpcInvoker.call(ProtobufRpcEngine2.java:573) [hadoop-common-3.3.6.jar:?]
	at org.apache.hadoop.ipc.RPC$Server.call(RPC.java:1227) [hadoop-common-3.3.6.jar:?]
	at org.apache.hadoop.ipc.Server$RpcCall.run(Server.java:1094) [hadoop-common-3.3.6.jar:?]
	at org.apache.hadoop.ipc.Server$RpcCall.run(Server.java:1017) [hadoop-common-3.3.6.jar:?]
	at java.security.AccessController.doPrivileged(Native Method) ~[?:1.8.0_382]
	at javax.security.auth.Subject.doAs(Subject.java:422) [?:1.8.0_382]
	at org.apache.hadoop.security.UserGroupInformation.doAs(UserGroupInformation.java:1899) [hadoop-common-3.3.6.jar:?]
	at org.apache.hadoop.ipc.Server$Handler.run(Server.java:3048) [hadoop-common-3.3.6.jar:?]
02:06:30.351 [IPC Server handler 0 on default port 15110] ERROR OMAudit - user=runner | ip=127.0.0.1 | op=GET_FILE_STATUS {volume=volume18939, bucket=bucket36089, key=level0/level2, dataSize=0, replicationConfig=null} | ret=FAILURE
org.apache.hadoop.ozone.om.exceptions.OMException: Unable to get file status: volume: volume18939 bucket: bucket36089 key: level0/level2
	at org.apache.hadoop.ozone.om.KeyManagerImpl.getOzoneFileStatus(KeyManagerImpl.java:1195) ~[ozone-manager-1.4.0-SNAPSHOT.jar:?]
	at org.apache.hadoop.ozone.om.KeyManagerImpl.getFileStatus(KeyManagerImpl.java:1113) ~[ozone-manager-1.4.0-SNAPSHOT.jar:?]
	at org.apache.hadoop.ozone.om.OmMetadataReader.getFileStatus(OmMetadataReader.java:262) ~[ozone-manager-1.4.0-SNAPSHOT.jar:?]
	at org.apache.hadoop.ozone.om.OzoneManager.getFileStatus(OzoneManager.java:3533) ~[ozone-manager-1.4.0-SNAPSHOT.jar:?]
	at org.apache.hadoop.ozone.protocolPB.OzoneManagerRequestHandler.getOzoneFileStatus(OzoneManagerRequestHandler.java:971) ~[ozone-manager-1.4.0-SNAPSHOT.jar:?]
	at org.apache.hadoop.ozone.protocolPB.OzoneManagerRequestHandler.handleReadRequest(OzoneManagerRequestHandler.java:250) ~[ozone-manager-1.4.0-SNAPSHOT.jar:?]
	at org.apache.hadoop.ozone.protocolPB.OzoneManagerProtocolServerSideTranslatorPB.submitReadRequestToOM(OzoneManagerProtocolServerSideTranslatorPB.java:225) ~[ozone-manager-1.4.0-SNAPSHOT.jar:?]
	at org.apache.hadoop.ozone.protocolPB.OzoneManagerProtocolServerSideTranslatorPB.processRequest(OzoneManagerProtocolServerSideTranslatorPB.java:179) ~[ozone-manager-1.4.0-SNAPSHOT.jar:?]
	at org.apache.hadoop.hdds.server.OzoneProtocolMessageDispatcher.processRequest(OzoneProtocolMessageDispatcher.java:87) [hdds-server-framework-1.4.0-SNAPSHOT.jar:?]
	at org.apache.hadoop.ozone.protocolPB.OzoneManagerProtocolServerSideTranslatorPB.submitRequest(OzoneManagerProtocolServerSideTranslatorPB.java:148) [ozone-manager-1.4.0-SNAPSHOT.jar:?]
	at org.apache.hadoop.ozone.protocol.proto.OzoneManagerProtocolProtos$OzoneManagerService$2.callBlockingMethod(OzoneManagerProtocolProtos.java) [ozone-interface-client-1.4.0-SNAPSHOT.jar:?]
	at org.apache.hadoop.ipc.ProtobufRpcEngine$Server.processCall(ProtobufRpcEngine.java:484) [hadoop-common-3.3.6.jar:?]
	at org.apache.hadoop.ipc.ProtobufRpcEngine2$Server$ProtoBufRpcInvoker.call(ProtobufRpcEngine2.java:595) [hadoop-common-3.3.6.jar:?]
	at org.apache.hadoop.ipc.ProtobufRpcEngine2$Server$ProtoBufRpcInvoker.call(ProtobufRpcEngine2.java:573) [hadoop-common-3.3.6.jar:?]
	at org.apache.hadoop.ipc.RPC$Server.call(RPC.java:1227) [hadoop-common-3.3.6.jar:?]
	at org.apache.hadoop.ipc.Server$RpcCall.run(Server.java:1094) [hadoop-common-3.3.6.jar:?]
	at org.apache.hadoop.ipc.Server$RpcCall.run(Server.java:1017) [hadoop-common-3.3.6.jar:?]
	at java.security.AccessController.doPrivileged(Native Method) ~[?:1.8.0_382]
	at javax.security.auth.Subject.doAs(Subject.java:422) [?:1.8.0_382]
	at org.apache.hadoop.security.UserGroupInformation.doAs(UserGroupInformation.java:1899) [hadoop-common-3.3.6.jar:?]
	at org.apache.hadoop.ipc.Server$Handler.run(Server.java:3048) [hadoop-common-3.3.6.jar:?]
02:06:30.352 [IPC Server handler 1 on default port 15110] ERROR OMAudit - user=runner | ip=127.0.0.1 | op=GET_FILE_STATUS {volume=volume18939, bucket=bucket36089, key=level0/level2/level2, dataSize=0, replicationConfig=null} | ret=FAILURE
org.apache.hadoop.ozone.om.exceptions.OMException: Unable to get file status: volume: volume18939 bucket: bucket36089 key: level0/level2/level2
	at org.apache.hadoop.ozone.om.KeyManagerImpl.getOzoneFileStatus(KeyManagerImpl.java:1195) ~[ozone-manager-1.4.0-SNAPSHOT.jar:?]
	at org.apache.hadoop.ozone.om.KeyManagerImpl.getFileStatus(KeyManagerImpl.java:1113) ~[ozone-manager-1.4.0-SNAPSHOT.jar:?]
	at org.apache.hadoop.ozone.om.OmMetadataReader.getFileStatus(OmMetadataReader.java:262) ~[ozone-manager-1.4.0-SNAPSHOT.jar:?]
	at org.apache.hadoop.ozone.om.OzoneManager.getFileStatus(OzoneManager.java:3533) ~[ozone-manager-1.4.0-SNAPSHOT.jar:?]
	at org.apache.hadoop.ozone.protocolPB.OzoneManagerRequestHandler.getOzoneFileStatus(OzoneManagerRequestHandler.java:971) ~[ozone-manager-1.4.0-SNAPSHOT.jar:?]
	at org.apache.hadoop.ozone.protocolPB.OzoneManagerRequestHandler.handleReadRequest(OzoneManagerRequestHandler.java:250) ~[ozone-manager-1.4.0-SNAPSHOT.jar:?]
	at org.apache.hadoop.ozone.protocolPB.OzoneManagerProtocolServerSideTranslatorPB.submitReadRequestToOM(OzoneManagerProtocolServerSideTranslatorPB.java:225) ~[ozone-manager-1.4.0-SNAPSHOT.jar:?]
	at org.apache.hadoop.ozone.protocolPB.OzoneManagerProtocolServerSideTranslatorPB.processRequest(OzoneManagerProtocolServerSideTranslatorPB.java:179) ~[ozone-manager-1.4.0-SNAPSHOT.jar:?]
	at org.apache.hadoop.hdds.server.OzoneProtocolMessageDispatcher.processRequest(OzoneProtocolMessageDispatcher.java:87) [hdds-server-framework-1.4.0-SNAPSHOT.jar:?]
	at org.apache.hadoop.ozone.protocolPB.OzoneManagerProtocolServerSideTranslatorPB.submitRequest(OzoneManagerProtocolServerSideTranslatorPB.java:148) [ozone-manager-1.4.0-SNAPSHOT.jar:?]
	at org.apache.hadoop.ozone.protocol.proto.OzoneManagerProtocolProtos$OzoneManagerService$2.callBlockingMethod(OzoneManagerProtocolProtos.java) [ozone-interface-client-1.4.0-SNAPSHOT.jar:?]
	at org.apache.hadoop.ipc.ProtobufRpcEngine$Server.processCall(ProtobufRpcEngine.java:484) [hadoop-common-3.3.6.jar:?]
	at org.apache.hadoop.ipc.ProtobufRpcEngine2$Server$ProtoBufRpcInvoker.call(ProtobufRpcEngine2.java:595) [hadoop-common-3.3.6.jar:?]
	at org.apache.hadoop.ipc.ProtobufRpcEngine2$Server$ProtoBufRpcInvoker.call(ProtobufRpcEngine2.java:573) [hadoop-common-3.3.6.jar:?]
	at org.apache.hadoop.ipc.RPC$Server.call(RPC.java:1227) [hadoop-common-3.3.6.jar:?]
	at org.apache.hadoop.ipc.Server$RpcCall.run(Server.java:1094) [hadoop-common-3.3.6.jar:?]
	at org.apache.hadoop.ipc.Server$RpcCall.run(Server.java:1017) [hadoop-common-3.3.6.jar:?]
	at java.security.AccessController.doPrivileged(Native Method) ~[?:1.8.0_382]
	at javax.security.auth.Subject.doAs(Subject.java:422) [?:1.8.0_382]
	at org.apache.hadoop.security.UserGroupInformation.doAs(UserGroupInformation.java:1899) [hadoop-common-3.3.6.jar:?]
	at org.apache.hadoop.ipc.Server$Handler.run(Server.java:3048) [hadoop-common-3.3.6.jar:?]
02:06:30.353 [IPC Server handler 2 on default port 15110] ERROR OMAudit - user=runner | ip=127.0.0.1 | op=GET_FILE_STATUS {volume=volume18939, bucket=bucket36089, key=level0/level2/file1, dataSize=0, replicationConfig=null} | ret=FAILURE
org.apache.hadoop.ozone.om.exceptions.OMException: Unable to get file status: volume: volume18939 bucket: bucket36089 key: level0/level2/file1
	at org.apache.hadoop.ozone.om.KeyManagerImpl.getOzoneFileStatus(KeyManagerImpl.java:1195) ~[ozone-manager-1.4.0-SNAPSHOT.jar:?]
	at org.apache.hadoop.ozone.om.KeyManagerImpl.getFileStatus(KeyManagerImpl.java:1113) ~[ozone-manager-1.4.0-SNAPSHOT.jar:?]
	at org.apache.hadoop.ozone.om.OmMetadataReader.getFileStatus(OmMetadataReader.java:262) ~[ozone-manager-1.4.0-SNAPSHOT.jar:?]
	at org.apache.hadoop.ozone.om.OzoneManager.getFileStatus(OzoneManager.java:3533) ~[ozone-manager-1.4.0-SNAPSHOT.jar:?]
	at org.apache.hadoop.ozone.protocolPB.OzoneManagerRequestHandler.getOzoneFileStatus(OzoneManagerRequestHandler.java:971) ~[ozone-manager-1.4.0-SNAPSHOT.jar:?]
	at org.apache.hadoop.ozone.protocolPB.OzoneManagerRequestHandler.handleReadRequest(OzoneManagerRequestHandler.java:250) ~[ozone-manager-1.4.0-SNAPSHOT.jar:?]
	at org.apache.hadoop.ozone.protocolPB.OzoneManagerProtocolServerSideTranslatorPB.submitReadRequestToOM(OzoneManagerProtocolServerSideTranslatorPB.java:225) ~[ozone-manager-1.4.0-SNAPSHOT.jar:?]
	at org.apache.hadoop.ozone.protocolPB.OzoneManagerProtocolServerSideTranslatorPB.processRequest(OzoneManagerProtocolServerSideTranslatorPB.java:179) ~[ozone-manager-1.4.0-SNAPSHOT.jar:?]
	at org.apache.hadoop.hdds.server.OzoneProtocolMessageDispatcher.processRequest(OzoneProtocolMessageDispatcher.java:87) [hdds-server-framework-1.4.0-SNAPSHOT.jar:?]
	at org.apache.hadoop.ozone.protocolPB.OzoneManagerProtocolServerSideTranslatorPB.submitRequest(OzoneManagerProtocolServerSideTranslatorPB.java:148) [ozone-manager-1.4.0-SNAPSHOT.jar:?]
	at org.apache.hadoop.ozone.protocol.proto.OzoneManagerProtocolProtos$OzoneManagerService$2.callBlockingMethod(OzoneManagerProtocolProtos.java) [ozone-interface-client-1.4.0-SNAPSHOT.jar:?]
	at org.apache.hadoop.ipc.ProtobufRpcEngine$Server.processCall(ProtobufRpcEngine.java:484) [hadoop-common-3.3.6.jar:?]
	at org.apache.hadoop.ipc.ProtobufRpcEngine2$Server$ProtoBufRpcInvoker.call(ProtobufRpcEngine2.java:595) [hadoop-common-3.3.6.jar:?]
	at org.apache.hadoop.ipc.ProtobufRpcEngine2$Server$ProtoBufRpcInvoker.call(ProtobufRpcEngine2.java:573) [hadoop-common-3.3.6.jar:?]
	at org.apache.hadoop.ipc.RPC$Server.call(RPC.java:1227) [hadoop-common-3.3.6.jar:?]
	at org.apache.hadoop.ipc.Server$RpcCall.run(Server.java:1094) [hadoop-common-3.3.6.jar:?]
	at org.apache.hadoop.ipc.Server$RpcCall.run(Server.java:1017) [hadoop-common-3.3.6.jar:?]
	at java.security.AccessController.doPrivileged(Native Method) ~[?:1.8.0_382]
	at javax.security.auth.Subject.doAs(Subject.java:422) [?:1.8.0_382]
	at org.apache.hadoop.security.UserGroupInformation.doAs(UserGroupInformation.java:1899) [hadoop-common-3.3.6.jar:?]
	at org.apache.hadoop.ipc.Server$Handler.run(Server.java:3048) [hadoop-common-3.3.6.jar:?]
02:06:30.354 [IPC Server handler 3 on default port 15110] ERROR OMAudit - user=runner | ip=127.0.0.1 | op=GET_FILE_STATUS {volume=volume18939, bucket=bucket36089, key=level0/level2/level2/file1, dataSize=0, replicationConfig=null} | ret=FAILURE
org.apache.hadoop.ozone.om.exceptions.OMException: Unable to get file status: volume: volume18939 bucket: bucket36089 key: level0/level2/level2/file1
	at org.apache.hadoop.ozone.om.KeyManagerImpl.getOzoneFileStatus(KeyManagerImpl.java:1195) ~[ozone-manager-1.4.0-SNAPSHOT.jar:?]
	at org.apache.hadoop.ozone.om.KeyManagerImpl.getFileStatus(KeyManagerImpl.java:1113) ~[ozone-manager-1.4.0-SNAPSHOT.jar:?]
	at org.apache.hadoop.ozone.om.OmMetadataReader.getFileStatus(OmMetadataReader.java:262) ~[ozone-manager-1.4.0-SNAPSHOT.jar:?]
	at org.apache.hadoop.ozone.om.OzoneManager.getFileStatus(OzoneManager.java:3533) ~[ozone-manager-1.4.0-SNAPSHOT.jar:?]
	at org.apache.hadoop.ozone.protocolPB.OzoneManagerRequestHandler.getOzoneFileStatus(OzoneManagerRequestHandler.java:971) ~[ozone-manager-1.4.0-SNAPSHOT.jar:?]
	at org.apache.hadoop.ozone.protocolPB.OzoneManagerRequestHandler.handleReadRequest(OzoneManagerRequestHandler.java:250) ~[ozone-manager-1.4.0-SNAPSHOT.jar:?]
	at org.apache.hadoop.ozone.protocolPB.OzoneManagerProtocolServerSideTranslatorPB.submitReadRequestToOM(OzoneManagerProtocolServerSideTranslatorPB.java:225) ~[ozone-manager-1.4.0-SNAPSHOT.jar:?]
	at org.apache.hadoop.ozone.protocolPB.OzoneManagerProtocolServerSideTranslatorPB.processRequest(OzoneManagerProtocolServerSideTranslatorPB.java:179) ~[ozone-manager-1.4.0-SNAPSHOT.jar:?]
	at org.apache.hadoop.hdds.server.OzoneProtocolMessageDispatcher.processRequest(OzoneProtocolMessageDispatcher.java:87) [hdds-server-framework-1.4.0-SNAPSHOT.jar:?]
	at org.apache.hadoop.ozone.protocolPB.OzoneManagerProtocolServerSideTranslatorPB.submitRequest(OzoneManagerProtocolServerSideTranslatorPB.java:148) [ozone-manager-1.4.0-SNAPSHOT.jar:?]
	at org.apache.hadoop.ozone.protocol.proto.OzoneManagerProtocolProtos$OzoneManagerService$2.callBlockingMethod(OzoneManagerProtocolProtos.java) [ozone-interface-client-1.4.0-SNAPSHOT.jar:?]
	at org.apache.hadoop.ipc.ProtobufRpcEngine$Server.processCall(ProtobufRpcEngine.java:484) [hadoop-common-3.3.6.jar:?]
	at org.apache.hadoop.ipc.ProtobufRpcEngine2$Server$ProtoBufRpcInvoker.call(ProtobufRpcEngine2.java:595) [hadoop-common-3.3.6.jar:?]
	at org.apache.hadoop.ipc.ProtobufRpcEngine2$Server$ProtoBufRpcInvoker.call(ProtobufRpcEngine2.java:573) [hadoop-common-3.3.6.jar:?]
	at org.apache.hadoop.ipc.RPC$Server.call(RPC.java:1227) [hadoop-common-3.3.6.jar:?]
	at org.apache.hadoop.ipc.Server$RpcCall.run(Server.java:1094) [hadoop-common-3.3.6.jar:?]
	at org.apache.hadoop.ipc.Server$RpcCall.run(Server.java:1017) [hadoop-common-3.3.6.jar:?]
	at java.security.AccessController.doPrivileged(Native Method) ~[?:1.8.0_382]
	at javax.security.auth.Subject.doAs(Subject.java:422) [?:1.8.0_382]
	at org.apache.hadoop.security.UserGroupInformation.doAs(UserGroupInformation.java:1899) [hadoop-common-3.3.6.jar:?]
	at org.apache.hadoop.ipc.Server$Handler.run(Server.java:3048) [hadoop-common-3.3.6.jar:?]
02:06:30.354 [IPC Server handler 5 on default port 15110] ERROR OMAudit - user=runner | ip=127.0.0.1 | op=GET_FILE_STATUS {volume=volume18939, bucket=bucket36089, key=level0/level3, dataSize=0, replicationConfig=null} | ret=FAILURE
org.apache.hadoop.ozone.om.exceptions.OMException: Unable to get file status: volume: volume18939 bucket: bucket36089 key: level0/level3
	at org.apache.hadoop.ozone.om.KeyManagerImpl.getOzoneFileStatus(KeyManagerImpl.java:1195) ~[ozone-manager-1.4.0-SNAPSHOT.jar:?]
	at org.apache.hadoop.ozone.om.KeyManagerImpl.getFileStatus(KeyManagerImpl.java:1113) ~[ozone-manager-1.4.0-SNAPSHOT.jar:?]
	at org.apache.hadoop.ozone.om.OmMetadataReader.getFileStatus(OmMetadataReader.java:262) ~[ozone-manager-1.4.0-SNAPSHOT.jar:?]
	at org.apache.hadoop.ozone.om.OzoneManager.getFileStatus(OzoneManager.java:3533) ~[ozone-manager-1.4.0-SNAPSHOT.jar:?]
	at org.apache.hadoop.ozone.protocolPB.OzoneManagerRequestHandler.getOzoneFileStatus(OzoneManagerRequestHandler.java:971) ~[ozone-manager-1.4.0-SNAPSHOT.jar:?]
	at org.apache.hadoop.ozone.protocolPB.OzoneManagerRequestHandler.handleReadRequest(OzoneManagerRequestHandler.java:250) ~[ozone-manager-1.4.0-SNAPSHOT.jar:?]
	at org.apache.hadoop.ozone.protocolPB.OzoneManagerProtocolServerSideTranslatorPB.submitReadRequestToOM(OzoneManagerProtocolServerSideTranslatorPB.java:225) ~[ozone-manager-1.4.0-SNAPSHOT.jar:?]
	at org.apache.hadoop.ozone.protocolPB.OzoneManagerProtocolServerSideTranslatorPB.processRequest(OzoneManagerProtocolServerSideTranslatorPB.java:179) ~[ozone-manager-1.4.0-SNAPSHOT.jar:?]
	at org.apache.hadoop.hdds.server.OzoneProtocolMessageDispatcher.processRequest(OzoneProtocolMessageDispatcher.java:87) [hdds-server-framework-1.4.0-SNAPSHOT.jar:?]
	at org.apache.hadoop.ozone.protocolPB.OzoneManagerProtocolServerSideTranslatorPB.submitRequest(OzoneManagerProtocolServerSideTranslatorPB.java:148) [ozone-manager-1.4.0-SNAPSHOT.jar:?]
	at org.apache.hadoop.ozone.protocol.proto.OzoneManagerProtocolProtos$OzoneManagerService$2.callBlockingMethod(OzoneManagerProtocolProtos.java) [ozone-interface-client-1.4.0-SNAPSHOT.jar:?]
	at org.apache.hadoop.ipc.ProtobufRpcEngine$Server.processCall(ProtobufRpcEngine.java:484) [hadoop-common-3.3.6.jar:?]
	at org.apache.hadoop.ipc.ProtobufRpcEngine2$Server$ProtoBufRpcInvoker.call(ProtobufRpcEngine2.java:595) [hadoop-common-3.3.6.jar:?]
	at org.apache.hadoop.ipc.ProtobufRpcEngine2$Server$ProtoBufRpcInvoker.call(ProtobufRpcEngine2.java:573) [hadoop-common-3.3.6.jar:?]
	at org.apache.hadoop.ipc.RPC$Server.call(RPC.java:1227) [hadoop-common-3.3.6.jar:?]
	at org.apache.hadoop.ipc.Server$RpcCall.run(Server.java:1094) [hadoop-common-3.3.6.jar:?]
	at org.apache.hadoop.ipc.Server$RpcCall.run(Server.java:1017) [hadoop-common-3.3.6.jar:?]
	at java.security.AccessController.doPrivileged(Native Method) ~[?:1.8.0_382]
	at javax.security.auth.Subject.doAs(Subject.java:422) [?:1.8.0_382]
	at org.apache.hadoop.security.UserGroupInformation.doAs(UserGroupInformation.java:1899) [hadoop-common-3.3.6.jar:?]
	at org.apache.hadoop.ipc.Server$Handler.run(Server.java:3048) [hadoop-common-3.3.6.jar:?]
02:06:30.356 [IPC Server handler 4 on default port 15110] ERROR OMAudit - user=runner | ip=127.0.0.1 | op=GET_FILE_STATUS {volume=volume18939, bucket=bucket36089, key=level0/level3/level3, dataSize=0, replicationConfig=null} | ret=FAILURE
org.apache.hadoop.ozone.om.exceptions.OMException: Unable to get file status: volume: volume18939 bucket: bucket36089 key: level0/level3/level3
	at org.apache.hadoop.ozone.om.KeyManagerImpl.getOzoneFileStatus(KeyManagerImpl.java:1195) ~[ozone-manager-1.4.0-SNAPSHOT.jar:?]
	at org.apache.hadoop.ozone.om.KeyManagerImpl.getFileStatus(KeyManagerImpl.java:1113) ~[ozone-manager-1.4.0-SNAPSHOT.jar:?]
	at org.apache.hadoop.ozone.om.OmMetadataReader.getFileStatus(OmMetadataReader.java:262) ~[ozone-manager-1.4.0-SNAPSHOT.jar:?]
	at org.apache.hadoop.ozone.om.OzoneManager.getFileStatus(OzoneManager.java:3533) ~[ozone-manager-1.4.0-SNAPSHOT.jar:?]
	at org.apache.hadoop.ozone.protocolPB.OzoneManagerRequestHandler.getOzoneFileStatus(OzoneManagerRequestHandler.java:971) ~[ozone-manager-1.4.0-SNAPSHOT.jar:?]
	at org.apache.hadoop.ozone.protocolPB.OzoneManagerRequestHandler.handleReadRequest(OzoneManagerRequestHandler.java:250) ~[ozone-manager-1.4.0-SNAPSHOT.jar:?]
	at org.apache.hadoop.ozone.protocolPB.OzoneManagerProtocolServerSideTranslatorPB.submitReadRequestToOM(OzoneManagerProtocolServerSideTranslatorPB.java:225) ~[ozone-manager-1.4.0-SNAPSHOT.jar:?]
	at org.apache.hadoop.ozone.protocolPB.OzoneManagerProtocolServerSideTranslatorPB.processRequest(OzoneManagerProtocolServerSideTranslatorPB.java:179) ~[ozone-manager-1.4.0-SNAPSHOT.jar:?]
	at org.apache.hadoop.hdds.server.OzoneProtocolMessageDispatcher.processRequest(OzoneProtocolMessageDispatcher.java:87) [hdds-server-framework-1.4.0-SNAPSHOT.jar:?]
	at org.apache.hadoop.ozone.protocolPB.OzoneManagerProtocolServerSideTranslatorPB.submitRequest(OzoneManagerProtocolServerSideTranslatorPB.java:148) [ozone-manager-1.4.0-SNAPSHOT.jar:?]
	at org.apache.hadoop.ozone.protocol.proto.OzoneManagerProtocolProtos$OzoneManagerService$2.callBlockingMethod(OzoneManagerProtocolProtos.java) [ozone-interface-client-1.4.0-SNAPSHOT.jar:?]
	at org.apache.hadoop.ipc.ProtobufRpcEngine$Server.processCall(ProtobufRpcEngine.java:484) [hadoop-common-3.3.6.jar:?]
	at org.apache.hadoop.ipc.ProtobufRpcEngine2$Server$ProtoBufRpcInvoker.call(ProtobufRpcEngine2.java:595) [hadoop-common-3.3.6.jar:?]
	at org.apache.hadoop.ipc.ProtobufRpcEngine2$Server$ProtoBufRpcInvoker.call(ProtobufRpcEngine2.java:573) [hadoop-common-3.3.6.jar:?]
	at org.apache.hadoop.ipc.RPC$Server.call(RPC.java:1227) [hadoop-common-3.3.6.jar:?]
	at org.apache.hadoop.ipc.Server$RpcCall.run(Server.java:1094) [hadoop-common-3.3.6.jar:?]
	at org.apache.hadoop.ipc.Server$RpcCall.run(Server.java:1017) [hadoop-common-3.3.6.jar:?]
	at java.security.AccessController.doPrivileged(Native Method) ~[?:1.8.0_382]
	at javax.security.auth.Subject.doAs(Subject.java:422) [?:1.8.0_382]
	at org.apache.hadoop.security.UserGroupInformation.doAs(UserGroupInformation.java:1899) [hadoop-common-3.3.6.jar:?]
	at org.apache.hadoop.ipc.Server$Handler.run(Server.java:3048) [hadoop-common-3.3.6.jar:?]
02:06:30.357 [IPC Server handler 6 on default port 15110] ERROR OMAudit - user=runner | ip=127.0.0.1 | op=GET_FILE_STATUS {volume=volume18939, bucket=bucket36089, key=level0/level3/file1, dataSize=0, replicationConfig=null} | ret=FAILURE
org.apache.hadoop.ozone.om.exceptions.OMException: Unable to get file status: volume: volume18939 bucket: bucket36089 key: level0/level3/file1
	at org.apache.hadoop.ozone.om.KeyManagerImpl.getOzoneFileStatus(KeyManagerImpl.java:1195) ~[ozone-manager-1.4.0-SNAPSHOT.jar:?]
	at org.apache.hadoop.ozone.om.KeyManagerImpl.getFileStatus(KeyManagerImpl.java:1113) ~[ozone-manager-1.4.0-SNAPSHOT.jar:?]
	at org.apache.hadoop.ozone.om.OmMetadataReader.getFileStatus(OmMetadataReader.java:262) ~[ozone-manager-1.4.0-SNAPSHOT.jar:?]
	at org.apache.hadoop.ozone.om.OzoneManager.getFileStatus(OzoneManager.java:3533) ~[ozone-manager-1.4.0-SNAPSHOT.jar:?]
	at org.apache.hadoop.ozone.protocolPB.OzoneManagerRequestHandler.getOzoneFileStatus(OzoneManagerRequestHandler.java:971) ~[ozone-manager-1.4.0-SNAPSHOT.jar:?]
	at org.apache.hadoop.ozone.protocolPB.OzoneManagerRequestHandler.handleReadRequest(OzoneManagerRequestHandler.java:250) ~[ozone-manager-1.4.0-SNAPSHOT.jar:?]
	at org.apache.hadoop.ozone.protocolPB.OzoneManagerProtocolServerSideTranslatorPB.submitReadRequestToOM(OzoneManagerProtocolServerSideTranslatorPB.java:225) ~[ozone-manager-1.4.0-SNAPSHOT.jar:?]
	at org.apache.hadoop.ozone.protocolPB.OzoneManagerProtocolServerSideTranslatorPB.processRequest(OzoneManagerProtocolServerSideTranslatorPB.java:179) ~[ozone-manager-1.4.0-SNAPSHOT.jar:?]
	at org.apache.hadoop.hdds.server.OzoneProtocolMessageDispatcher.processRequest(OzoneProtocolMessageDispatcher.java:87) [hdds-server-framework-1.4.0-SNAPSHOT.jar:?]
	at org.apache.hadoop.ozone.protocolPB.OzoneManagerProtocolServerSideTranslatorPB.submitRequest(OzoneManagerProtocolServerSideTranslatorPB.java:148) [ozone-manager-1.4.0-SNAPSHOT.jar:?]
	at org.apache.hadoop.ozone.protocol.proto.OzoneManagerProtocolProtos$OzoneManagerService$2.callBlockingMethod(OzoneManagerProtocolProtos.java) [ozone-interface-client-1.4.0-SNAPSHOT.jar:?]
	at org.apache.hadoop.ipc.ProtobufRpcEngine$Server.processCall(ProtobufRpcEngine.java:484) [hadoop-common-3.3.6.jar:?]
	at org.apache.hadoop.ipc.ProtobufRpcEngine2$Server$ProtoBufRpcInvoker.call(ProtobufRpcEngine2.java:595) [hadoop-common-3.3.6.jar:?]
	at org.apache.hadoop.ipc.ProtobufRpcEngine2$Server$ProtoBufRpcInvoker.call(ProtobufRpcEngine2.java:573) [hadoop-common-3.3.6.jar:?]
	at org.apache.hadoop.ipc.RPC$Server.call(RPC.java:1227) [hadoop-common-3.3.6.jar:?]
	at org.apache.hadoop.ipc.Server$RpcCall.run(Server.java:1094) [hadoop-common-3.3.6.jar:?]
	at org.apache.hadoop.ipc.Server$RpcCall.run(Server.java:1017) [hadoop-common-3.3.6.jar:?]
	at java.security.AccessController.doPrivileged(Native Method) ~[?:1.8.0_382]
	at javax.security.auth.Subject.doAs(Subject.java:422) [?:1.8.0_382]
	at org.apache.hadoop.security.UserGroupInformation.doAs(UserGroupInformation.java:1899) [hadoop-common-3.3.6.jar:?]
	at org.apache.hadoop.ipc.Server$Handler.run(Server.java:3048) [hadoop-common-3.3.6.jar:?]
02:06:30.358 [IPC Server handler 7 on default port 15110] ERROR OMAudit - user=runner | ip=127.0.0.1 | op=GET_FILE_STATUS {volume=volume18939, bucket=bucket36089, key=level0/level3/level3/file1, dataSize=0, replicationConfig=null} | ret=FAILURE
org.apache.hadoop.ozone.om.exceptions.OMException: Unable to get file status: volume: volume18939 bucket: bucket36089 key: level0/level3/level3/file1
	at org.apache.hadoop.ozone.om.KeyManagerImpl.getOzoneFileStatus(KeyManagerImpl.java:1195) ~[ozone-manager-1.4.0-SNAPSHOT.jar:?]
	at org.apache.hadoop.ozone.om.KeyManagerImpl.getFileStatus(KeyManagerImpl.java:1113) ~[ozone-manager-1.4.0-SNAPSHOT.jar:?]
	at org.apache.hadoop.ozone.om.OmMetadataReader.getFileStatus(OmMetadataReader.java:262) ~[ozone-manager-1.4.0-SNAPSHOT.jar:?]
	at org.apache.hadoop.ozone.om.OzoneManager.getFileStatus(OzoneManager.java:3533) ~[ozone-manager-1.4.0-SNAPSHOT.jar:?]
	at org.apache.hadoop.ozone.protocolPB.OzoneManagerRequestHandler.getOzoneFileStatus(OzoneManagerRequestHandler.java:971) ~[ozone-manager-1.4.0-SNAPSHOT.jar:?]
	at org.apache.hadoop.ozone.protocolPB.OzoneManagerRequestHandler.handleReadRequest(OzoneManagerRequestHandler.java:250) ~[ozone-manager-1.4.0-SNAPSHOT.jar:?]
	at org.apache.hadoop.ozone.protocolPB.OzoneManagerProtocolServerSideTranslatorPB.submitReadRequestToOM(OzoneManagerProtocolServerSideTranslatorPB.java:225) ~[ozone-manager-1.4.0-SNAPSHOT.jar:?]
	at org.apache.hadoop.ozone.protocolPB.OzoneManagerProtocolServerSideTranslatorPB.processRequest(OzoneManagerProtocolServerSideTranslatorPB.java:179) ~[ozone-manager-1.4.0-SNAPSHOT.jar:?]
	at org.apache.hadoop.hdds.server.OzoneProtocolMessageDispatcher.processRequest(OzoneProtocolMessageDispatcher.java:87) [hdds-server-framework-1.4.0-SNAPSHOT.jar:?]
	at org.apache.hadoop.ozone.protocolPB.OzoneManagerProtocolServerSideTranslatorPB.submitRequest(OzoneManagerProtocolServerSideTranslatorPB.java:148) [ozone-manager-1.4.0-SNAPSHOT.jar:?]
	at org.apache.hadoop.ozone.protocol.proto.OzoneManagerProtocolProtos$OzoneManagerService$2.callBlockingMethod(OzoneManagerProtocolProtos.java) [ozone-interface-client-1.4.0-SNAPSHOT.jar:?]
	at org.apache.hadoop.ipc.ProtobufRpcEngine$Server.processCall(ProtobufRpcEngine.java:484) [hadoop-common-3.3.6.jar:?]
	at org.apache.hadoop.ipc.ProtobufRpcEngine2$Server$ProtoBufRpcInvoker.call(ProtobufRpcEngine2.java:595) [hadoop-common-3.3.6.jar:?]
	at org.apache.hadoop.ipc.ProtobufRpcEngine2$Server$ProtoBufRpcInvoker.call(ProtobufRpcEngine2.java:573) [hadoop-common-3.3.6.jar:?]
	at org.apache.hadoop.ipc.RPC$Server.call(RPC.java:1227) [hadoop-common-3.3.6.jar:?]
	at org.apache.hadoop.ipc.Server$RpcCall.run(Server.java:1094) [hadoop-common-3.3.6.jar:?]
	at org.apache.hadoop.ipc.Server$RpcCall.run(Server.java:1017) [hadoop-common-3.3.6.jar:?]
	at java.security.AccessController.doPrivileged(Native Method) ~[?:1.8.0_382]
	at javax.security.auth.Subject.doAs(Subject.java:422) [?:1.8.0_382]
	at org.apache.hadoop.security.UserGroupInformation.doAs(UserGroupInformation.java:1899) [hadoop-common-3.3.6.jar:?]
	at org.apache.hadoop.ipc.Server$Handler.run(Server.java:3048) [hadoop-common-3.3.6.jar:?]
]]></system-out>
  </testcase>
  <testcase name="testRecursiveDelete" classname="TestOzoneFileSystem" time="0.127">
    <system-out><![CDATA[02:07:37.767 [IPC Server handler 4 on default port 15163] ERROR OMAudit - user=runner | ip=127.0.0.1 | op=GET_FILE_STATUS {volume=volume12196, bucket=bucket58129, key=gdir1, dataSize=0, replicationConfig=null} | ret=FAILURE
org.apache.hadoop.ozone.om.exceptions.OMException: Unable to get file status: volume: volume12196 bucket: bucket58129 key: gdir1
	at org.apache.hadoop.ozone.om.KeyManagerImpl.getOzoneFileStatus(KeyManagerImpl.java:1195) ~[ozone-manager-1.4.0-SNAPSHOT.jar:?]
	at org.apache.hadoop.ozone.om.KeyManagerImpl.getFileStatus(KeyManagerImpl.java:1113) ~[ozone-manager-1.4.0-SNAPSHOT.jar:?]
	at org.apache.hadoop.ozone.om.OmMetadataReader.getFileStatus(OmMetadataReader.java:262) ~[ozone-manager-1.4.0-SNAPSHOT.jar:?]
	at org.apache.hadoop.ozone.om.OzoneManager.getFileStatus(OzoneManager.java:3533) ~[ozone-manager-1.4.0-SNAPSHOT.jar:?]
	at org.apache.hadoop.ozone.protocolPB.OzoneManagerRequestHandler.getOzoneFileStatus(OzoneManagerRequestHandler.java:971) ~[ozone-manager-1.4.0-SNAPSHOT.jar:?]
	at org.apache.hadoop.ozone.protocolPB.OzoneManagerRequestHandler.handleReadRequest(OzoneManagerRequestHandler.java:250) ~[ozone-manager-1.4.0-SNAPSHOT.jar:?]
	at org.apache.hadoop.ozone.protocolPB.OzoneManagerProtocolServerSideTranslatorPB.submitRequestDirectlyToOM(OzoneManagerProtocolServerSideTranslatorPB.java:274) ~[ozone-manager-1.4.0-SNAPSHOT.jar:?]
	at org.apache.hadoop.ozone.protocolPB.OzoneManagerProtocolServerSideTranslatorPB.processRequest(OzoneManagerProtocolServerSideTranslatorPB.java:175) ~[ozone-manager-1.4.0-SNAPSHOT.jar:?]
	at org.apache.hadoop.hdds.server.OzoneProtocolMessageDispatcher.processRequest(OzoneProtocolMessageDispatcher.java:87) [hdds-server-framework-1.4.0-SNAPSHOT.jar:?]
	at org.apache.hadoop.ozone.protocolPB.OzoneManagerProtocolServerSideTranslatorPB.submitRequest(OzoneManagerProtocolServerSideTranslatorPB.java:148) [ozone-manager-1.4.0-SNAPSHOT.jar:?]
	at org.apache.hadoop.ozone.protocol.proto.OzoneManagerProtocolProtos$OzoneManagerService$2.callBlockingMethod(OzoneManagerProtocolProtos.java) [ozone-interface-client-1.4.0-SNAPSHOT.jar:?]
	at org.apache.hadoop.ipc.ProtobufRpcEngine$Server.processCall(ProtobufRpcEngine.java:484) [hadoop-common-3.3.6.jar:?]
	at org.apache.hadoop.ipc.ProtobufRpcEngine2$Server$ProtoBufRpcInvoker.call(ProtobufRpcEngine2.java:595) [hadoop-common-3.3.6.jar:?]
	at org.apache.hadoop.ipc.ProtobufRpcEngine2$Server$ProtoBufRpcInvoker.call(ProtobufRpcEngine2.java:573) [hadoop-common-3.3.6.jar:?]
	at org.apache.hadoop.ipc.RPC$Server.call(RPC.java:1227) [hadoop-common-3.3.6.jar:?]
	at org.apache.hadoop.ipc.Server$RpcCall.run(Server.java:1094) [hadoop-common-3.3.6.jar:?]
	at org.apache.hadoop.ipc.Server$RpcCall.run(Server.java:1017) [hadoop-common-3.3.6.jar:?]
	at java.security.AccessController.doPrivileged(Native Method) ~[?:1.8.0_382]
	at javax.security.auth.Subject.doAs(Subject.java:422) [?:1.8.0_382]
	at org.apache.hadoop.security.UserGroupInformation.doAs(UserGroupInformation.java:1899) [hadoop-common-3.3.6.jar:?]
	at org.apache.hadoop.ipc.Server$Handler.run(Server.java:3048) [hadoop-common-3.3.6.jar:?]
02:07:37.768 [IPC Server handler 5 on default port 15163] ERROR OMAudit - user=runner | ip=127.0.0.1 | op=GET_FILE_STATUS {volume=volume12196, bucket=bucket58129, key=gdir1/dir1, dataSize=0, replicationConfig=null} | ret=FAILURE
org.apache.hadoop.ozone.om.exceptions.OMException: Unable to get file status: volume: volume12196 bucket: bucket58129 key: gdir1/dir1
	at org.apache.hadoop.ozone.om.KeyManagerImpl.getOzoneFileStatus(KeyManagerImpl.java:1195) ~[ozone-manager-1.4.0-SNAPSHOT.jar:?]
	at org.apache.hadoop.ozone.om.KeyManagerImpl.getFileStatus(KeyManagerImpl.java:1113) ~[ozone-manager-1.4.0-SNAPSHOT.jar:?]
	at org.apache.hadoop.ozone.om.OmMetadataReader.getFileStatus(OmMetadataReader.java:262) ~[ozone-manager-1.4.0-SNAPSHOT.jar:?]
	at org.apache.hadoop.ozone.om.OzoneManager.getFileStatus(OzoneManager.java:3533) ~[ozone-manager-1.4.0-SNAPSHOT.jar:?]
	at org.apache.hadoop.ozone.protocolPB.OzoneManagerRequestHandler.getOzoneFileStatus(OzoneManagerRequestHandler.java:971) ~[ozone-manager-1.4.0-SNAPSHOT.jar:?]
	at org.apache.hadoop.ozone.protocolPB.OzoneManagerRequestHandler.handleReadRequest(OzoneManagerRequestHandler.java:250) ~[ozone-manager-1.4.0-SNAPSHOT.jar:?]
	at org.apache.hadoop.ozone.protocolPB.OzoneManagerProtocolServerSideTranslatorPB.submitRequestDirectlyToOM(OzoneManagerProtocolServerSideTranslatorPB.java:274) ~[ozone-manager-1.4.0-SNAPSHOT.jar:?]
	at org.apache.hadoop.ozone.protocolPB.OzoneManagerProtocolServerSideTranslatorPB.processRequest(OzoneManagerProtocolServerSideTranslatorPB.java:175) ~[ozone-manager-1.4.0-SNAPSHOT.jar:?]
	at org.apache.hadoop.hdds.server.OzoneProtocolMessageDispatcher.processRequest(OzoneProtocolMessageDispatcher.java:87) [hdds-server-framework-1.4.0-SNAPSHOT.jar:?]
	at org.apache.hadoop.ozone.protocolPB.OzoneManagerProtocolServerSideTranslatorPB.submitRequest(OzoneManagerProtocolServerSideTranslatorPB.java:148) [ozone-manager-1.4.0-SNAPSHOT.jar:?]
	at org.apache.hadoop.ozone.protocol.proto.OzoneManagerProtocolProtos$OzoneManagerService$2.callBlockingMethod(OzoneManagerProtocolProtos.java) [ozone-interface-client-1.4.0-SNAPSHOT.jar:?]
	at org.apache.hadoop.ipc.ProtobufRpcEngine$Server.processCall(ProtobufRpcEngine.java:484) [hadoop-common-3.3.6.jar:?]
	at org.apache.hadoop.ipc.ProtobufRpcEngine2$Server$ProtoBufRpcInvoker.call(ProtobufRpcEngine2.java:595) [hadoop-common-3.3.6.jar:?]
	at org.apache.hadoop.ipc.ProtobufRpcEngine2$Server$ProtoBufRpcInvoker.call(ProtobufRpcEngine2.java:573) [hadoop-common-3.3.6.jar:?]
	at org.apache.hadoop.ipc.RPC$Server.call(RPC.java:1227) [hadoop-common-3.3.6.jar:?]
	at org.apache.hadoop.ipc.Server$RpcCall.run(Server.java:1094) [hadoop-common-3.3.6.jar:?]
	at org.apache.hadoop.ipc.Server$RpcCall.run(Server.java:1017) [hadoop-common-3.3.6.jar:?]
	at java.security.AccessController.doPrivileged(Native Method) ~[?:1.8.0_382]
	at javax.security.auth.Subject.doAs(Subject.java:422) [?:1.8.0_382]
	at org.apache.hadoop.security.UserGroupInformation.doAs(UserGroupInformation.java:1899) [hadoop-common-3.3.6.jar:?]
	at org.apache.hadoop.ipc.Server$Handler.run(Server.java:3048) [hadoop-common-3.3.6.jar:?]
02:07:37.769 [IPC Server handler 6 on default port 15163] ERROR OMAudit - user=runner | ip=127.0.0.1 | op=GET_FILE_STATUS {volume=volume12196, bucket=bucket58129, key=gdir1/dir1/child, dataSize=0, replicationConfig=null} | ret=FAILURE
org.apache.hadoop.ozone.om.exceptions.OMException: Unable to get file status: volume: volume12196 bucket: bucket58129 key: gdir1/dir1/child
	at org.apache.hadoop.ozone.om.KeyManagerImpl.getOzoneFileStatus(KeyManagerImpl.java:1195) ~[ozone-manager-1.4.0-SNAPSHOT.jar:?]
	at org.apache.hadoop.ozone.om.KeyManagerImpl.getFileStatus(KeyManagerImpl.java:1113) ~[ozone-manager-1.4.0-SNAPSHOT.jar:?]
	at org.apache.hadoop.ozone.om.OmMetadataReader.getFileStatus(OmMetadataReader.java:262) ~[ozone-manager-1.4.0-SNAPSHOT.jar:?]
	at org.apache.hadoop.ozone.om.OzoneManager.getFileStatus(OzoneManager.java:3533) ~[ozone-manager-1.4.0-SNAPSHOT.jar:?]
	at org.apache.hadoop.ozone.protocolPB.OzoneManagerRequestHandler.getOzoneFileStatus(OzoneManagerRequestHandler.java:971) ~[ozone-manager-1.4.0-SNAPSHOT.jar:?]
	at org.apache.hadoop.ozone.protocolPB.OzoneManagerRequestHandler.handleReadRequest(OzoneManagerRequestHandler.java:250) ~[ozone-manager-1.4.0-SNAPSHOT.jar:?]
	at org.apache.hadoop.ozone.protocolPB.OzoneManagerProtocolServerSideTranslatorPB.submitRequestDirectlyToOM(OzoneManagerProtocolServerSideTranslatorPB.java:274) ~[ozone-manager-1.4.0-SNAPSHOT.jar:?]
	at org.apache.hadoop.ozone.protocolPB.OzoneManagerProtocolServerSideTranslatorPB.processRequest(OzoneManagerProtocolServerSideTranslatorPB.java:175) ~[ozone-manager-1.4.0-SNAPSHOT.jar:?]
	at org.apache.hadoop.hdds.server.OzoneProtocolMessageDispatcher.processRequest(OzoneProtocolMessageDispatcher.java:87) [hdds-server-framework-1.4.0-SNAPSHOT.jar:?]
	at org.apache.hadoop.ozone.protocolPB.OzoneManagerProtocolServerSideTranslatorPB.submitRequest(OzoneManagerProtocolServerSideTranslatorPB.java:148) [ozone-manager-1.4.0-SNAPSHOT.jar:?]
	at org.apache.hadoop.ozone.protocol.proto.OzoneManagerProtocolProtos$OzoneManagerService$2.callBlockingMethod(OzoneManagerProtocolProtos.java) [ozone-interface-client-1.4.0-SNAPSHOT.jar:?]
	at org.apache.hadoop.ipc.ProtobufRpcEngine$Server.processCall(ProtobufRpcEngine.java:484) [hadoop-common-3.3.6.jar:?]
	at org.apache.hadoop.ipc.ProtobufRpcEngine2$Server$ProtoBufRpcInvoker.call(ProtobufRpcEngine2.java:595) [hadoop-common-3.3.6.jar:?]
	at org.apache.hadoop.ipc.ProtobufRpcEngine2$Server$ProtoBufRpcInvoker.call(ProtobufRpcEngine2.java:573) [hadoop-common-3.3.6.jar:?]
	at org.apache.hadoop.ipc.RPC$Server.call(RPC.java:1227) [hadoop-common-3.3.6.jar:?]
	at org.apache.hadoop.ipc.Server$RpcCall.run(Server.java:1094) [hadoop-common-3.3.6.jar:?]
	at org.apache.hadoop.ipc.Server$RpcCall.run(Server.java:1017) [hadoop-common-3.3.6.jar:?]
	at java.security.AccessController.doPrivileged(Native Method) ~[?:1.8.0_382]
	at javax.security.auth.Subject.doAs(Subject.java:422) [?:1.8.0_382]
	at org.apache.hadoop.security.UserGroupInformation.doAs(UserGroupInformation.java:1899) [hadoop-common-3.3.6.jar:?]
	at org.apache.hadoop.ipc.Server$Handler.run(Server.java:3048) [hadoop-common-3.3.6.jar:?]
02:07:37.770 [IPC Server handler 7 on default port 15163] ERROR OMAudit - user=runner | ip=127.0.0.1 | op=GET_FILE_STATUS {volume=volume12196, bucket=bucket58129, key=gdir1/dir2, dataSize=0, replicationConfig=null} | ret=FAILURE
org.apache.hadoop.ozone.om.exceptions.OMException: Unable to get file status: volume: volume12196 bucket: bucket58129 key: gdir1/dir2
	at org.apache.hadoop.ozone.om.KeyManagerImpl.getOzoneFileStatus(KeyManagerImpl.java:1195) ~[ozone-manager-1.4.0-SNAPSHOT.jar:?]
	at org.apache.hadoop.ozone.om.KeyManagerImpl.getFileStatus(KeyManagerImpl.java:1113) ~[ozone-manager-1.4.0-SNAPSHOT.jar:?]
	at org.apache.hadoop.ozone.om.OmMetadataReader.getFileStatus(OmMetadataReader.java:262) ~[ozone-manager-1.4.0-SNAPSHOT.jar:?]
	at org.apache.hadoop.ozone.om.OzoneManager.getFileStatus(OzoneManager.java:3533) ~[ozone-manager-1.4.0-SNAPSHOT.jar:?]
	at org.apache.hadoop.ozone.protocolPB.OzoneManagerRequestHandler.getOzoneFileStatus(OzoneManagerRequestHandler.java:971) ~[ozone-manager-1.4.0-SNAPSHOT.jar:?]
	at org.apache.hadoop.ozone.protocolPB.OzoneManagerRequestHandler.handleReadRequest(OzoneManagerRequestHandler.java:250) ~[ozone-manager-1.4.0-SNAPSHOT.jar:?]
	at org.apache.hadoop.ozone.protocolPB.OzoneManagerProtocolServerSideTranslatorPB.submitRequestDirectlyToOM(OzoneManagerProtocolServerSideTranslatorPB.java:274) ~[ozone-manager-1.4.0-SNAPSHOT.jar:?]
	at org.apache.hadoop.ozone.protocolPB.OzoneManagerProtocolServerSideTranslatorPB.processRequest(OzoneManagerProtocolServerSideTranslatorPB.java:175) ~[ozone-manager-1.4.0-SNAPSHOT.jar:?]
	at org.apache.hadoop.hdds.server.OzoneProtocolMessageDispatcher.processRequest(OzoneProtocolMessageDispatcher.java:87) [hdds-server-framework-1.4.0-SNAPSHOT.jar:?]
	at org.apache.hadoop.ozone.protocolPB.OzoneManagerProtocolServerSideTranslatorPB.submitRequest(OzoneManagerProtocolServerSideTranslatorPB.java:148) [ozone-manager-1.4.0-SNAPSHOT.jar:?]
	at org.apache.hadoop.ozone.protocol.proto.OzoneManagerProtocolProtos$OzoneManagerService$2.callBlockingMethod(OzoneManagerProtocolProtos.java) [ozone-interface-client-1.4.0-SNAPSHOT.jar:?]
	at org.apache.hadoop.ipc.ProtobufRpcEngine$Server.processCall(ProtobufRpcEngine.java:484) [hadoop-common-3.3.6.jar:?]
	at org.apache.hadoop.ipc.ProtobufRpcEngine2$Server$ProtoBufRpcInvoker.call(ProtobufRpcEngine2.java:595) [hadoop-common-3.3.6.jar:?]
	at org.apache.hadoop.ipc.ProtobufRpcEngine2$Server$ProtoBufRpcInvoker.call(ProtobufRpcEngine2.java:573) [hadoop-common-3.3.6.jar:?]
	at org.apache.hadoop.ipc.RPC$Server.call(RPC.java:1227) [hadoop-common-3.3.6.jar:?]
	at org.apache.hadoop.ipc.Server$RpcCall.run(Server.java:1094) [hadoop-common-3.3.6.jar:?]
	at org.apache.hadoop.ipc.Server$RpcCall.run(Server.java:1017) [hadoop-common-3.3.6.jar:?]
	at java.security.AccessController.doPrivileged(Native Method) ~[?:1.8.0_382]
	at javax.security.auth.Subject.doAs(Subject.java:422) [?:1.8.0_382]
	at org.apache.hadoop.security.UserGroupInformation.doAs(UserGroupInformation.java:1899) [hadoop-common-3.3.6.jar:?]
	at org.apache.hadoop.ipc.Server$Handler.run(Server.java:3048) [hadoop-common-3.3.6.jar:?]
02:07:37.771 [IPC Server handler 9 on default port 15163] ERROR OMAudit - user=runner | ip=127.0.0.1 | op=GET_FILE_STATUS {volume=volume12196, bucket=bucket58129, key=gdir1/dir2/child, dataSize=0, replicationConfig=null} | ret=FAILURE
org.apache.hadoop.ozone.om.exceptions.OMException: Unable to get file status: volume: volume12196 bucket: bucket58129 key: gdir1/dir2/child
	at org.apache.hadoop.ozone.om.KeyManagerImpl.getOzoneFileStatus(KeyManagerImpl.java:1195) ~[ozone-manager-1.4.0-SNAPSHOT.jar:?]
	at org.apache.hadoop.ozone.om.KeyManagerImpl.getFileStatus(KeyManagerImpl.java:1113) ~[ozone-manager-1.4.0-SNAPSHOT.jar:?]
	at org.apache.hadoop.ozone.om.OmMetadataReader.getFileStatus(OmMetadataReader.java:262) ~[ozone-manager-1.4.0-SNAPSHOT.jar:?]
	at org.apache.hadoop.ozone.om.OzoneManager.getFileStatus(OzoneManager.java:3533) ~[ozone-manager-1.4.0-SNAPSHOT.jar:?]
	at org.apache.hadoop.ozone.protocolPB.OzoneManagerRequestHandler.getOzoneFileStatus(OzoneManagerRequestHandler.java:971) ~[ozone-manager-1.4.0-SNAPSHOT.jar:?]
	at org.apache.hadoop.ozone.protocolPB.OzoneManagerRequestHandler.handleReadRequest(OzoneManagerRequestHandler.java:250) ~[ozone-manager-1.4.0-SNAPSHOT.jar:?]
	at org.apache.hadoop.ozone.protocolPB.OzoneManagerProtocolServerSideTranslatorPB.submitRequestDirectlyToOM(OzoneManagerProtocolServerSideTranslatorPB.java:274) ~[ozone-manager-1.4.0-SNAPSHOT.jar:?]
	at org.apache.hadoop.ozone.protocolPB.OzoneManagerProtocolServerSideTranslatorPB.processRequest(OzoneManagerProtocolServerSideTranslatorPB.java:175) ~[ozone-manager-1.4.0-SNAPSHOT.jar:?]
	at org.apache.hadoop.hdds.server.OzoneProtocolMessageDispatcher.processRequest(OzoneProtocolMessageDispatcher.java:87) [hdds-server-framework-1.4.0-SNAPSHOT.jar:?]
	at org.apache.hadoop.ozone.protocolPB.OzoneManagerProtocolServerSideTranslatorPB.submitRequest(OzoneManagerProtocolServerSideTranslatorPB.java:148) [ozone-manager-1.4.0-SNAPSHOT.jar:?]
	at org.apache.hadoop.ozone.protocol.proto.OzoneManagerProtocolProtos$OzoneManagerService$2.callBlockingMethod(OzoneManagerProtocolProtos.java) [ozone-interface-client-1.4.0-SNAPSHOT.jar:?]
	at org.apache.hadoop.ipc.ProtobufRpcEngine$Server.processCall(ProtobufRpcEngine.java:484) [hadoop-common-3.3.6.jar:?]
	at org.apache.hadoop.ipc.ProtobufRpcEngine2$Server$ProtoBufRpcInvoker.call(ProtobufRpcEngine2.java:595) [hadoop-common-3.3.6.jar:?]
	at org.apache.hadoop.ipc.ProtobufRpcEngine2$Server$ProtoBufRpcInvoker.call(ProtobufRpcEngine2.java:573) [hadoop-common-3.3.6.jar:?]
	at org.apache.hadoop.ipc.RPC$Server.call(RPC.java:1227) [hadoop-common-3.3.6.jar:?]
	at org.apache.hadoop.ipc.Server$RpcCall.run(Server.java:1094) [hadoop-common-3.3.6.jar:?]
	at org.apache.hadoop.ipc.Server$RpcCall.run(Server.java:1017) [hadoop-common-3.3.6.jar:?]
	at java.security.AccessController.doPrivileged(Native Method) ~[?:1.8.0_382]
	at javax.security.auth.Subject.doAs(Subject.java:422) [?:1.8.0_382]
	at org.apache.hadoop.security.UserGroupInformation.doAs(UserGroupInformation.java:1899) [hadoop-common-3.3.6.jar:?]
	at org.apache.hadoop.ipc.Server$Handler.run(Server.java:3048) [hadoop-common-3.3.6.jar:?]
02:07:37.771 [IPC Server handler 10 on default port 15163] ERROR OMAudit - user=runner | ip=127.0.0.1 | op=GET_FILE_STATUS {volume=volume12196, bucket=bucket58129, key=gdir1/dir3, dataSize=0, replicationConfig=null} | ret=FAILURE
org.apache.hadoop.ozone.om.exceptions.OMException: Unable to get file status: volume: volume12196 bucket: bucket58129 key: gdir1/dir3
	at org.apache.hadoop.ozone.om.KeyManagerImpl.getOzoneFileStatus(KeyManagerImpl.java:1195) ~[ozone-manager-1.4.0-SNAPSHOT.jar:?]
	at org.apache.hadoop.ozone.om.KeyManagerImpl.getFileStatus(KeyManagerImpl.java:1113) ~[ozone-manager-1.4.0-SNAPSHOT.jar:?]
	at org.apache.hadoop.ozone.om.OmMetadataReader.getFileStatus(OmMetadataReader.java:262) ~[ozone-manager-1.4.0-SNAPSHOT.jar:?]
	at org.apache.hadoop.ozone.om.OzoneManager.getFileStatus(OzoneManager.java:3533) ~[ozone-manager-1.4.0-SNAPSHOT.jar:?]
	at org.apache.hadoop.ozone.protocolPB.OzoneManagerRequestHandler.getOzoneFileStatus(OzoneManagerRequestHandler.java:971) ~[ozone-manager-1.4.0-SNAPSHOT.jar:?]
	at org.apache.hadoop.ozone.protocolPB.OzoneManagerRequestHandler.handleReadRequest(OzoneManagerRequestHandler.java:250) ~[ozone-manager-1.4.0-SNAPSHOT.jar:?]
	at org.apache.hadoop.ozone.protocolPB.OzoneManagerProtocolServerSideTranslatorPB.submitRequestDirectlyToOM(OzoneManagerProtocolServerSideTranslatorPB.java:274) ~[ozone-manager-1.4.0-SNAPSHOT.jar:?]
	at org.apache.hadoop.ozone.protocolPB.OzoneManagerProtocolServerSideTranslatorPB.processRequest(OzoneManagerProtocolServerSideTranslatorPB.java:175) ~[ozone-manager-1.4.0-SNAPSHOT.jar:?]
	at org.apache.hadoop.hdds.server.OzoneProtocolMessageDispatcher.processRequest(OzoneProtocolMessageDispatcher.java:87) [hdds-server-framework-1.4.0-SNAPSHOT.jar:?]
	at org.apache.hadoop.ozone.protocolPB.OzoneManagerProtocolServerSideTranslatorPB.submitRequest(OzoneManagerProtocolServerSideTranslatorPB.java:148) [ozone-manager-1.4.0-SNAPSHOT.jar:?]
	at org.apache.hadoop.ozone.protocol.proto.OzoneManagerProtocolProtos$OzoneManagerService$2.callBlockingMethod(OzoneManagerProtocolProtos.java) [ozone-interface-client-1.4.0-SNAPSHOT.jar:?]
	at org.apache.hadoop.ipc.ProtobufRpcEngine$Server.processCall(ProtobufRpcEngine.java:484) [hadoop-common-3.3.6.jar:?]
	at org.apache.hadoop.ipc.ProtobufRpcEngine2$Server$ProtoBufRpcInvoker.call(ProtobufRpcEngine2.java:595) [hadoop-common-3.3.6.jar:?]
	at org.apache.hadoop.ipc.ProtobufRpcEngine2$Server$ProtoBufRpcInvoker.call(ProtobufRpcEngine2.java:573) [hadoop-common-3.3.6.jar:?]
	at org.apache.hadoop.ipc.RPC$Server.call(RPC.java:1227) [hadoop-common-3.3.6.jar:?]
	at org.apache.hadoop.ipc.Server$RpcCall.run(Server.java:1094) [hadoop-common-3.3.6.jar:?]
	at org.apache.hadoop.ipc.Server$RpcCall.run(Server.java:1017) [hadoop-common-3.3.6.jar:?]
	at java.security.AccessController.doPrivileged(Native Method) ~[?:1.8.0_382]
	at javax.security.auth.Subject.doAs(Subject.java:422) [?:1.8.0_382]
	at org.apache.hadoop.security.UserGroupInformation.doAs(UserGroupInformation.java:1899) [hadoop-common-3.3.6.jar:?]
	at org.apache.hadoop.ipc.Server$Handler.run(Server.java:3048) [hadoop-common-3.3.6.jar:?]
02:07:37.772 [IPC Server handler 11 on default port 15163] ERROR OMAudit - user=runner | ip=127.0.0.1 | op=GET_FILE_STATUS {volume=volume12196, bucket=bucket58129, key=gdir1/dir3/child, dataSize=0, replicationConfig=null} | ret=FAILURE
org.apache.hadoop.ozone.om.exceptions.OMException: Unable to get file status: volume: volume12196 bucket: bucket58129 key: gdir1/dir3/child
	at org.apache.hadoop.ozone.om.KeyManagerImpl.getOzoneFileStatus(KeyManagerImpl.java:1195) ~[ozone-manager-1.4.0-SNAPSHOT.jar:?]
	at org.apache.hadoop.ozone.om.KeyManagerImpl.getFileStatus(KeyManagerImpl.java:1113) ~[ozone-manager-1.4.0-SNAPSHOT.jar:?]
	at org.apache.hadoop.ozone.om.OmMetadataReader.getFileStatus(OmMetadataReader.java:262) ~[ozone-manager-1.4.0-SNAPSHOT.jar:?]
	at org.apache.hadoop.ozone.om.OzoneManager.getFileStatus(OzoneManager.java:3533) ~[ozone-manager-1.4.0-SNAPSHOT.jar:?]
	at org.apache.hadoop.ozone.protocolPB.OzoneManagerRequestHandler.getOzoneFileStatus(OzoneManagerRequestHandler.java:971) ~[ozone-manager-1.4.0-SNAPSHOT.jar:?]
	at org.apache.hadoop.ozone.protocolPB.OzoneManagerRequestHandler.handleReadRequest(OzoneManagerRequestHandler.java:250) ~[ozone-manager-1.4.0-SNAPSHOT.jar:?]
	at org.apache.hadoop.ozone.protocolPB.OzoneManagerProtocolServerSideTranslatorPB.submitRequestDirectlyToOM(OzoneManagerProtocolServerSideTranslatorPB.java:274) ~[ozone-manager-1.4.0-SNAPSHOT.jar:?]
	at org.apache.hadoop.ozone.protocolPB.OzoneManagerProtocolServerSideTranslatorPB.processRequest(OzoneManagerProtocolServerSideTranslatorPB.java:175) ~[ozone-manager-1.4.0-SNAPSHOT.jar:?]
	at org.apache.hadoop.hdds.server.OzoneProtocolMessageDispatcher.processRequest(OzoneProtocolMessageDispatcher.java:87) [hdds-server-framework-1.4.0-SNAPSHOT.jar:?]
	at org.apache.hadoop.ozone.protocolPB.OzoneManagerProtocolServerSideTranslatorPB.submitRequest(OzoneManagerProtocolServerSideTranslatorPB.java:148) [ozone-manager-1.4.0-SNAPSHOT.jar:?]
	at org.apache.hadoop.ozone.protocol.proto.OzoneManagerProtocolProtos$OzoneManagerService$2.callBlockingMethod(OzoneManagerProtocolProtos.java) [ozone-interface-client-1.4.0-SNAPSHOT.jar:?]
	at org.apache.hadoop.ipc.ProtobufRpcEngine$Server.processCall(ProtobufRpcEngine.java:484) [hadoop-common-3.3.6.jar:?]
	at org.apache.hadoop.ipc.ProtobufRpcEngine2$Server$ProtoBufRpcInvoker.call(ProtobufRpcEngine2.java:595) [hadoop-common-3.3.6.jar:?]
	at org.apache.hadoop.ipc.ProtobufRpcEngine2$Server$ProtoBufRpcInvoker.call(ProtobufRpcEngine2.java:573) [hadoop-common-3.3.6.jar:?]
	at org.apache.hadoop.ipc.RPC$Server.call(RPC.java:1227) [hadoop-common-3.3.6.jar:?]
	at org.apache.hadoop.ipc.Server$RpcCall.run(Server.java:1094) [hadoop-common-3.3.6.jar:?]
	at org.apache.hadoop.ipc.Server$RpcCall.run(Server.java:1017) [hadoop-common-3.3.6.jar:?]
	at java.security.AccessController.doPrivileged(Native Method) ~[?:1.8.0_382]
	at javax.security.auth.Subject.doAs(Subject.java:422) [?:1.8.0_382]
	at org.apache.hadoop.security.UserGroupInformation.doAs(UserGroupInformation.java:1899) [hadoop-common-3.3.6.jar:?]
	at org.apache.hadoop.ipc.Server$Handler.run(Server.java:3048) [hadoop-common-3.3.6.jar:?]
02:07:37.773 [IPC Server handler 12 on default port 15163] ERROR OMAudit - user=runner | ip=127.0.0.1 | op=GET_FILE_STATUS {volume=volume12196, bucket=bucket58129, key=gdir1/dir4, dataSize=0, replicationConfig=null} | ret=FAILURE
org.apache.hadoop.ozone.om.exceptions.OMException: Unable to get file status: volume: volume12196 bucket: bucket58129 key: gdir1/dir4
	at org.apache.hadoop.ozone.om.KeyManagerImpl.getOzoneFileStatus(KeyManagerImpl.java:1195) ~[ozone-manager-1.4.0-SNAPSHOT.jar:?]
	at org.apache.hadoop.ozone.om.KeyManagerImpl.getFileStatus(KeyManagerImpl.java:1113) ~[ozone-manager-1.4.0-SNAPSHOT.jar:?]
	at org.apache.hadoop.ozone.om.OmMetadataReader.getFileStatus(OmMetadataReader.java:262) ~[ozone-manager-1.4.0-SNAPSHOT.jar:?]
	at org.apache.hadoop.ozone.om.OzoneManager.getFileStatus(OzoneManager.java:3533) ~[ozone-manager-1.4.0-SNAPSHOT.jar:?]
	at org.apache.hadoop.ozone.protocolPB.OzoneManagerRequestHandler.getOzoneFileStatus(OzoneManagerRequestHandler.java:971) ~[ozone-manager-1.4.0-SNAPSHOT.jar:?]
	at org.apache.hadoop.ozone.protocolPB.OzoneManagerRequestHandler.handleReadRequest(OzoneManagerRequestHandler.java:250) ~[ozone-manager-1.4.0-SNAPSHOT.jar:?]
	at org.apache.hadoop.ozone.protocolPB.OzoneManagerProtocolServerSideTranslatorPB.submitRequestDirectlyToOM(OzoneManagerProtocolServerSideTranslatorPB.java:274) ~[ozone-manager-1.4.0-SNAPSHOT.jar:?]
	at org.apache.hadoop.ozone.protocolPB.OzoneManagerProtocolServerSideTranslatorPB.processRequest(OzoneManagerProtocolServerSideTranslatorPB.java:175) ~[ozone-manager-1.4.0-SNAPSHOT.jar:?]
	at org.apache.hadoop.hdds.server.OzoneProtocolMessageDispatcher.processRequest(OzoneProtocolMessageDispatcher.java:87) [hdds-server-framework-1.4.0-SNAPSHOT.jar:?]
	at org.apache.hadoop.ozone.protocolPB.OzoneManagerProtocolServerSideTranslatorPB.submitRequest(OzoneManagerProtocolServerSideTranslatorPB.java:148) [ozone-manager-1.4.0-SNAPSHOT.jar:?]
	at org.apache.hadoop.ozone.protocol.proto.OzoneManagerProtocolProtos$OzoneManagerService$2.callBlockingMethod(OzoneManagerProtocolProtos.java) [ozone-interface-client-1.4.0-SNAPSHOT.jar:?]
	at org.apache.hadoop.ipc.ProtobufRpcEngine$Server.processCall(ProtobufRpcEngine.java:484) [hadoop-common-3.3.6.jar:?]
	at org.apache.hadoop.ipc.ProtobufRpcEngine2$Server$ProtoBufRpcInvoker.call(ProtobufRpcEngine2.java:595) [hadoop-common-3.3.6.jar:?]
	at org.apache.hadoop.ipc.ProtobufRpcEngine2$Server$ProtoBufRpcInvoker.call(ProtobufRpcEngine2.java:573) [hadoop-common-3.3.6.jar:?]
	at org.apache.hadoop.ipc.RPC$Server.call(RPC.java:1227) [hadoop-common-3.3.6.jar:?]
	at org.apache.hadoop.ipc.Server$RpcCall.run(Server.java:1094) [hadoop-common-3.3.6.jar:?]
	at org.apache.hadoop.ipc.Server$RpcCall.run(Server.java:1017) [hadoop-common-3.3.6.jar:?]
	at java.security.AccessController.doPrivileged(Native Method) ~[?:1.8.0_382]
	at javax.security.auth.Subject.doAs(Subject.java:422) [?:1.8.0_382]
	at org.apache.hadoop.security.UserGroupInformation.doAs(UserGroupInformation.java:1899) [hadoop-common-3.3.6.jar:?]
	at org.apache.hadoop.ipc.Server$Handler.run(Server.java:3048) [hadoop-common-3.3.6.jar:?]
02:07:37.774 [IPC Server handler 13 on default port 15163] ERROR OMAudit - user=runner | ip=127.0.0.1 | op=GET_FILE_STATUS {volume=volume12196, bucket=bucket58129, key=gdir1/dir4/child, dataSize=0, replicationConfig=null} | ret=FAILURE
org.apache.hadoop.ozone.om.exceptions.OMException: Unable to get file status: volume: volume12196 bucket: bucket58129 key: gdir1/dir4/child
	at org.apache.hadoop.ozone.om.KeyManagerImpl.getOzoneFileStatus(KeyManagerImpl.java:1195) ~[ozone-manager-1.4.0-SNAPSHOT.jar:?]
	at org.apache.hadoop.ozone.om.KeyManagerImpl.getFileStatus(KeyManagerImpl.java:1113) ~[ozone-manager-1.4.0-SNAPSHOT.jar:?]
	at org.apache.hadoop.ozone.om.OmMetadataReader.getFileStatus(OmMetadataReader.java:262) ~[ozone-manager-1.4.0-SNAPSHOT.jar:?]
	at org.apache.hadoop.ozone.om.OzoneManager.getFileStatus(OzoneManager.java:3533) ~[ozone-manager-1.4.0-SNAPSHOT.jar:?]
	at org.apache.hadoop.ozone.protocolPB.OzoneManagerRequestHandler.getOzoneFileStatus(OzoneManagerRequestHandler.java:971) ~[ozone-manager-1.4.0-SNAPSHOT.jar:?]
	at org.apache.hadoop.ozone.protocolPB.OzoneManagerRequestHandler.handleReadRequest(OzoneManagerRequestHandler.java:250) ~[ozone-manager-1.4.0-SNAPSHOT.jar:?]
	at org.apache.hadoop.ozone.protocolPB.OzoneManagerProtocolServerSideTranslatorPB.submitRequestDirectlyToOM(OzoneManagerProtocolServerSideTranslatorPB.java:274) ~[ozone-manager-1.4.0-SNAPSHOT.jar:?]
	at org.apache.hadoop.ozone.protocolPB.OzoneManagerProtocolServerSideTranslatorPB.processRequest(OzoneManagerProtocolServerSideTranslatorPB.java:175) ~[ozone-manager-1.4.0-SNAPSHOT.jar:?]
	at org.apache.hadoop.hdds.server.OzoneProtocolMessageDispatcher.processRequest(OzoneProtocolMessageDispatcher.java:87) [hdds-server-framework-1.4.0-SNAPSHOT.jar:?]
	at org.apache.hadoop.ozone.protocolPB.OzoneManagerProtocolServerSideTranslatorPB.submitRequest(OzoneManagerProtocolServerSideTranslatorPB.java:148) [ozone-manager-1.4.0-SNAPSHOT.jar:?]
	at org.apache.hadoop.ozone.protocol.proto.OzoneManagerProtocolProtos$OzoneManagerService$2.callBlockingMethod(OzoneManagerProtocolProtos.java) [ozone-interface-client-1.4.0-SNAPSHOT.jar:?]
	at org.apache.hadoop.ipc.ProtobufRpcEngine$Server.processCall(ProtobufRpcEngine.java:484) [hadoop-common-3.3.6.jar:?]
	at org.apache.hadoop.ipc.ProtobufRpcEngine2$Server$ProtoBufRpcInvoker.call(ProtobufRpcEngine2.java:595) [hadoop-common-3.3.6.jar:?]
	at org.apache.hadoop.ipc.ProtobufRpcEngine2$Server$ProtoBufRpcInvoker.call(ProtobufRpcEngine2.java:573) [hadoop-common-3.3.6.jar:?]
	at org.apache.hadoop.ipc.RPC$Server.call(RPC.java:1227) [hadoop-common-3.3.6.jar:?]
	at org.apache.hadoop.ipc.Server$RpcCall.run(Server.java:1094) [hadoop-common-3.3.6.jar:?]
	at org.apache.hadoop.ipc.Server$RpcCall.run(Server.java:1017) [hadoop-common-3.3.6.jar:?]
	at java.security.AccessController.doPrivileged(Native Method) ~[?:1.8.0_382]
	at javax.security.auth.Subject.doAs(Subject.java:422) [?:1.8.0_382]
	at org.apache.hadoop.security.UserGroupInformation.doAs(UserGroupInformation.java:1899) [hadoop-common-3.3.6.jar:?]
	at org.apache.hadoop.ipc.Server$Handler.run(Server.java:3048) [hadoop-common-3.3.6.jar:?]
02:07:37.774 [IPC Server handler 14 on default port 15163] ERROR OMAudit - user=runner | ip=127.0.0.1 | op=GET_FILE_STATUS {volume=volume12196, bucket=bucket58129, key=gdir1/dir5, dataSize=0, replicationConfig=null} | ret=FAILURE
org.apache.hadoop.ozone.om.exceptions.OMException: Unable to get file status: volume: volume12196 bucket: bucket58129 key: gdir1/dir5
	at org.apache.hadoop.ozone.om.KeyManagerImpl.getOzoneFileStatus(KeyManagerImpl.java:1195) ~[ozone-manager-1.4.0-SNAPSHOT.jar:?]
	at org.apache.hadoop.ozone.om.KeyManagerImpl.getFileStatus(KeyManagerImpl.java:1113) ~[ozone-manager-1.4.0-SNAPSHOT.jar:?]
	at org.apache.hadoop.ozone.om.OmMetadataReader.getFileStatus(OmMetadataReader.java:262) ~[ozone-manager-1.4.0-SNAPSHOT.jar:?]
	at org.apache.hadoop.ozone.om.OzoneManager.getFileStatus(OzoneManager.java:3533) ~[ozone-manager-1.4.0-SNAPSHOT.jar:?]
	at org.apache.hadoop.ozone.protocolPB.OzoneManagerRequestHandler.getOzoneFileStatus(OzoneManagerRequestHandler.java:971) ~[ozone-manager-1.4.0-SNAPSHOT.jar:?]
	at org.apache.hadoop.ozone.protocolPB.OzoneManagerRequestHandler.handleReadRequest(OzoneManagerRequestHandler.java:250) ~[ozone-manager-1.4.0-SNAPSHOT.jar:?]
	at org.apache.hadoop.ozone.protocolPB.OzoneManagerProtocolServerSideTranslatorPB.submitRequestDirectlyToOM(OzoneManagerProtocolServerSideTranslatorPB.java:274) ~[ozone-manager-1.4.0-SNAPSHOT.jar:?]
	at org.apache.hadoop.ozone.protocolPB.OzoneManagerProtocolServerSideTranslatorPB.processRequest(OzoneManagerProtocolServerSideTranslatorPB.java:175) ~[ozone-manager-1.4.0-SNAPSHOT.jar:?]
	at org.apache.hadoop.hdds.server.OzoneProtocolMessageDispatcher.processRequest(OzoneProtocolMessageDispatcher.java:87) [hdds-server-framework-1.4.0-SNAPSHOT.jar:?]
	at org.apache.hadoop.ozone.protocolPB.OzoneManagerProtocolServerSideTranslatorPB.submitRequest(OzoneManagerProtocolServerSideTranslatorPB.java:148) [ozone-manager-1.4.0-SNAPSHOT.jar:?]
	at org.apache.hadoop.ozone.protocol.proto.OzoneManagerProtocolProtos$OzoneManagerService$2.callBlockingMethod(OzoneManagerProtocolProtos.java) [ozone-interface-client-1.4.0-SNAPSHOT.jar:?]
	at org.apache.hadoop.ipc.ProtobufRpcEngine$Server.processCall(ProtobufRpcEngine.java:484) [hadoop-common-3.3.6.jar:?]
	at org.apache.hadoop.ipc.ProtobufRpcEngine2$Server$ProtoBufRpcInvoker.call(ProtobufRpcEngine2.java:595) [hadoop-common-3.3.6.jar:?]
	at org.apache.hadoop.ipc.ProtobufRpcEngine2$Server$ProtoBufRpcInvoker.call(ProtobufRpcEngine2.java:573) [hadoop-common-3.3.6.jar:?]
	at org.apache.hadoop.ipc.RPC$Server.call(RPC.java:1227) [hadoop-common-3.3.6.jar:?]
	at org.apache.hadoop.ipc.Server$RpcCall.run(Server.java:1094) [hadoop-common-3.3.6.jar:?]
	at org.apache.hadoop.ipc.Server$RpcCall.run(Server.java:1017) [hadoop-common-3.3.6.jar:?]
	at java.security.AccessController.doPrivileged(Native Method) ~[?:1.8.0_382]
	at javax.security.auth.Subject.doAs(Subject.java:422) [?:1.8.0_382]
	at org.apache.hadoop.security.UserGroupInformation.doAs(UserGroupInformation.java:1899) [hadoop-common-3.3.6.jar:?]
	at org.apache.hadoop.ipc.Server$Handler.run(Server.java:3048) [hadoop-common-3.3.6.jar:?]
02:07:37.775 [IPC Server handler 15 on default port 15163] ERROR OMAudit - user=runner | ip=127.0.0.1 | op=GET_FILE_STATUS {volume=volume12196, bucket=bucket58129, key=gdir1/dir5/child, dataSize=0, replicationConfig=null} | ret=FAILURE
org.apache.hadoop.ozone.om.exceptions.OMException: Unable to get file status: volume: volume12196 bucket: bucket58129 key: gdir1/dir5/child
	at org.apache.hadoop.ozone.om.KeyManagerImpl.getOzoneFileStatus(KeyManagerImpl.java:1195) ~[ozone-manager-1.4.0-SNAPSHOT.jar:?]
	at org.apache.hadoop.ozone.om.KeyManagerImpl.getFileStatus(KeyManagerImpl.java:1113) ~[ozone-manager-1.4.0-SNAPSHOT.jar:?]
	at org.apache.hadoop.ozone.om.OmMetadataReader.getFileStatus(OmMetadataReader.java:262) ~[ozone-manager-1.4.0-SNAPSHOT.jar:?]
	at org.apache.hadoop.ozone.om.OzoneManager.getFileStatus(OzoneManager.java:3533) ~[ozone-manager-1.4.0-SNAPSHOT.jar:?]
	at org.apache.hadoop.ozone.protocolPB.OzoneManagerRequestHandler.getOzoneFileStatus(OzoneManagerRequestHandler.java:971) ~[ozone-manager-1.4.0-SNAPSHOT.jar:?]
	at org.apache.hadoop.ozone.protocolPB.OzoneManagerRequestHandler.handleReadRequest(OzoneManagerRequestHandler.java:250) ~[ozone-manager-1.4.0-SNAPSHOT.jar:?]
	at org.apache.hadoop.ozone.protocolPB.OzoneManagerProtocolServerSideTranslatorPB.submitRequestDirectlyToOM(OzoneManagerProtocolServerSideTranslatorPB.java:274) ~[ozone-manager-1.4.0-SNAPSHOT.jar:?]
	at org.apache.hadoop.ozone.protocolPB.OzoneManagerProtocolServerSideTranslatorPB.processRequest(OzoneManagerProtocolServerSideTranslatorPB.java:175) ~[ozone-manager-1.4.0-SNAPSHOT.jar:?]
	at org.apache.hadoop.hdds.server.OzoneProtocolMessageDispatcher.processRequest(OzoneProtocolMessageDispatcher.java:87) [hdds-server-framework-1.4.0-SNAPSHOT.jar:?]
	at org.apache.hadoop.ozone.protocolPB.OzoneManagerProtocolServerSideTranslatorPB.submitRequest(OzoneManagerProtocolServerSideTranslatorPB.java:148) [ozone-manager-1.4.0-SNAPSHOT.jar:?]
	at org.apache.hadoop.ozone.protocol.proto.OzoneManagerProtocolProtos$OzoneManagerService$2.callBlockingMethod(OzoneManagerProtocolProtos.java) [ozone-interface-client-1.4.0-SNAPSHOT.jar:?]
	at org.apache.hadoop.ipc.ProtobufRpcEngine$Server.processCall(ProtobufRpcEngine.java:484) [hadoop-common-3.3.6.jar:?]
	at org.apache.hadoop.ipc.ProtobufRpcEngine2$Server$ProtoBufRpcInvoker.call(ProtobufRpcEngine2.java:595) [hadoop-common-3.3.6.jar:?]
	at org.apache.hadoop.ipc.ProtobufRpcEngine2$Server$ProtoBufRpcInvoker.call(ProtobufRpcEngine2.java:573) [hadoop-common-3.3.6.jar:?]
	at org.apache.hadoop.ipc.RPC$Server.call(RPC.java:1227) [hadoop-common-3.3.6.jar:?]
	at org.apache.hadoop.ipc.Server$RpcCall.run(Server.java:1094) [hadoop-common-3.3.6.jar:?]
	at org.apache.hadoop.ipc.Server$RpcCall.run(Server.java:1017) [hadoop-common-3.3.6.jar:?]
	at java.security.AccessController.doPrivileged(Native Method) ~[?:1.8.0_382]
	at javax.security.auth.Subject.doAs(Subject.java:422) [?:1.8.0_382]
	at org.apache.hadoop.security.UserGroupInformation.doAs(UserGroupInformation.java:1899) [hadoop-common-3.3.6.jar:?]
	at org.apache.hadoop.ipc.Server$Handler.run(Server.java:3048) [hadoop-common-3.3.6.jar:?]
02:07:37.776 [IPC Server handler 17 on default port 15163] ERROR OMAudit - user=runner | ip=127.0.0.1 | op=GET_FILE_STATUS {volume=volume12196, bucket=bucket58129, key=gdir1/dir6, dataSize=0, replicationConfig=null} | ret=FAILURE
org.apache.hadoop.ozone.om.exceptions.OMException: Unable to get file status: volume: volume12196 bucket: bucket58129 key: gdir1/dir6
	at org.apache.hadoop.ozone.om.KeyManagerImpl.getOzoneFileStatus(KeyManagerImpl.java:1195) ~[ozone-manager-1.4.0-SNAPSHOT.jar:?]
	at org.apache.hadoop.ozone.om.KeyManagerImpl.getFileStatus(KeyManagerImpl.java:1113) ~[ozone-manager-1.4.0-SNAPSHOT.jar:?]
	at org.apache.hadoop.ozone.om.OmMetadataReader.getFileStatus(OmMetadataReader.java:262) ~[ozone-manager-1.4.0-SNAPSHOT.jar:?]
	at org.apache.hadoop.ozone.om.OzoneManager.getFileStatus(OzoneManager.java:3533) ~[ozone-manager-1.4.0-SNAPSHOT.jar:?]
	at org.apache.hadoop.ozone.protocolPB.OzoneManagerRequestHandler.getOzoneFileStatus(OzoneManagerRequestHandler.java:971) ~[ozone-manager-1.4.0-SNAPSHOT.jar:?]
	at org.apache.hadoop.ozone.protocolPB.OzoneManagerRequestHandler.handleReadRequest(OzoneManagerRequestHandler.java:250) ~[ozone-manager-1.4.0-SNAPSHOT.jar:?]
	at org.apache.hadoop.ozone.protocolPB.OzoneManagerProtocolServerSideTranslatorPB.submitRequestDirectlyToOM(OzoneManagerProtocolServerSideTranslatorPB.java:274) ~[ozone-manager-1.4.0-SNAPSHOT.jar:?]
	at org.apache.hadoop.ozone.protocolPB.OzoneManagerProtocolServerSideTranslatorPB.processRequest(OzoneManagerProtocolServerSideTranslatorPB.java:175) ~[ozone-manager-1.4.0-SNAPSHOT.jar:?]
	at org.apache.hadoop.hdds.server.OzoneProtocolMessageDispatcher.processRequest(OzoneProtocolMessageDispatcher.java:87) [hdds-server-framework-1.4.0-SNAPSHOT.jar:?]
	at org.apache.hadoop.ozone.protocolPB.OzoneManagerProtocolServerSideTranslatorPB.submitRequest(OzoneManagerProtocolServerSideTranslatorPB.java:148) [ozone-manager-1.4.0-SNAPSHOT.jar:?]
	at org.apache.hadoop.ozone.protocol.proto.OzoneManagerProtocolProtos$OzoneManagerService$2.callBlockingMethod(OzoneManagerProtocolProtos.java) [ozone-interface-client-1.4.0-SNAPSHOT.jar:?]
	at org.apache.hadoop.ipc.ProtobufRpcEngine$Server.processCall(ProtobufRpcEngine.java:484) [hadoop-common-3.3.6.jar:?]
	at org.apache.hadoop.ipc.ProtobufRpcEngine2$Server$ProtoBufRpcInvoker.call(ProtobufRpcEngine2.java:595) [hadoop-common-3.3.6.jar:?]
	at org.apache.hadoop.ipc.ProtobufRpcEngine2$Server$ProtoBufRpcInvoker.call(ProtobufRpcEngine2.java:573) [hadoop-common-3.3.6.jar:?]
	at org.apache.hadoop.ipc.RPC$Server.call(RPC.java:1227) [hadoop-common-3.3.6.jar:?]
	at org.apache.hadoop.ipc.Server$RpcCall.run(Server.java:1094) [hadoop-common-3.3.6.jar:?]
	at org.apache.hadoop.ipc.Server$RpcCall.run(Server.java:1017) [hadoop-common-3.3.6.jar:?]
	at java.security.AccessController.doPrivileged(Native Method) ~[?:1.8.0_382]
	at javax.security.auth.Subject.doAs(Subject.java:422) [?:1.8.0_382]
	at org.apache.hadoop.security.UserGroupInformation.doAs(UserGroupInformation.java:1899) [hadoop-common-3.3.6.jar:?]
	at org.apache.hadoop.ipc.Server$Handler.run(Server.java:3048) [hadoop-common-3.3.6.jar:?]
02:07:37.777 [IPC Server handler 16 on default port 15163] ERROR OMAudit - user=runner | ip=127.0.0.1 | op=GET_FILE_STATUS {volume=volume12196, bucket=bucket58129, key=gdir1/dir6/child, dataSize=0, replicationConfig=null} | ret=FAILURE
org.apache.hadoop.ozone.om.exceptions.OMException: Unable to get file status: volume: volume12196 bucket: bucket58129 key: gdir1/dir6/child
	at org.apache.hadoop.ozone.om.KeyManagerImpl.getOzoneFileStatus(KeyManagerImpl.java:1195) ~[ozone-manager-1.4.0-SNAPSHOT.jar:?]
	at org.apache.hadoop.ozone.om.KeyManagerImpl.getFileStatus(KeyManagerImpl.java:1113) ~[ozone-manager-1.4.0-SNAPSHOT.jar:?]
	at org.apache.hadoop.ozone.om.OmMetadataReader.getFileStatus(OmMetadataReader.java:262) ~[ozone-manager-1.4.0-SNAPSHOT.jar:?]
	at org.apache.hadoop.ozone.om.OzoneManager.getFileStatus(OzoneManager.java:3533) ~[ozone-manager-1.4.0-SNAPSHOT.jar:?]
	at org.apache.hadoop.ozone.protocolPB.OzoneManagerRequestHandler.getOzoneFileStatus(OzoneManagerRequestHandler.java:971) ~[ozone-manager-1.4.0-SNAPSHOT.jar:?]
	at org.apache.hadoop.ozone.protocolPB.OzoneManagerRequestHandler.handleReadRequest(OzoneManagerRequestHandler.java:250) ~[ozone-manager-1.4.0-SNAPSHOT.jar:?]
	at org.apache.hadoop.ozone.protocolPB.OzoneManagerProtocolServerSideTranslatorPB.submitRequestDirectlyToOM(OzoneManagerProtocolServerSideTranslatorPB.java:274) ~[ozone-manager-1.4.0-SNAPSHOT.jar:?]
	at org.apache.hadoop.ozone.protocolPB.OzoneManagerProtocolServerSideTranslatorPB.processRequest(OzoneManagerProtocolServerSideTranslatorPB.java:175) ~[ozone-manager-1.4.0-SNAPSHOT.jar:?]
	at org.apache.hadoop.hdds.server.OzoneProtocolMessageDispatcher.processRequest(OzoneProtocolMessageDispatcher.java:87) [hdds-server-framework-1.4.0-SNAPSHOT.jar:?]
	at org.apache.hadoop.ozone.protocolPB.OzoneManagerProtocolServerSideTranslatorPB.submitRequest(OzoneManagerProtocolServerSideTranslatorPB.java:148) [ozone-manager-1.4.0-SNAPSHOT.jar:?]
	at org.apache.hadoop.ozone.protocol.proto.OzoneManagerProtocolProtos$OzoneManagerService$2.callBlockingMethod(OzoneManagerProtocolProtos.java) [ozone-interface-client-1.4.0-SNAPSHOT.jar:?]
	at org.apache.hadoop.ipc.ProtobufRpcEngine$Server.processCall(ProtobufRpcEngine.java:484) [hadoop-common-3.3.6.jar:?]
	at org.apache.hadoop.ipc.ProtobufRpcEngine2$Server$ProtoBufRpcInvoker.call(ProtobufRpcEngine2.java:595) [hadoop-common-3.3.6.jar:?]
	at org.apache.hadoop.ipc.ProtobufRpcEngine2$Server$ProtoBufRpcInvoker.call(ProtobufRpcEngine2.java:573) [hadoop-common-3.3.6.jar:?]
	at org.apache.hadoop.ipc.RPC$Server.call(RPC.java:1227) [hadoop-common-3.3.6.jar:?]
	at org.apache.hadoop.ipc.Server$RpcCall.run(Server.java:1094) [hadoop-common-3.3.6.jar:?]
	at org.apache.hadoop.ipc.Server$RpcCall.run(Server.java:1017) [hadoop-common-3.3.6.jar:?]
	at java.security.AccessController.doPrivileged(Native Method) ~[?:1.8.0_382]
	at javax.security.auth.Subject.doAs(Subject.java:422) [?:1.8.0_382]
	at org.apache.hadoop.security.UserGroupInformation.doAs(UserGroupInformation.java:1899) [hadoop-common-3.3.6.jar:?]
	at org.apache.hadoop.ipc.Server$Handler.run(Server.java:3048) [hadoop-common-3.3.6.jar:?]
02:07:37.777 [IPC Server handler 18 on default port 15163] ERROR OMAudit - user=runner | ip=127.0.0.1 | op=GET_FILE_STATUS {volume=volume12196, bucket=bucket58129, key=gdir1/dir7, dataSize=0, replicationConfig=null} | ret=FAILURE
org.apache.hadoop.ozone.om.exceptions.OMException: Unable to get file status: volume: volume12196 bucket: bucket58129 key: gdir1/dir7
	at org.apache.hadoop.ozone.om.KeyManagerImpl.getOzoneFileStatus(KeyManagerImpl.java:1195) ~[ozone-manager-1.4.0-SNAPSHOT.jar:?]
	at org.apache.hadoop.ozone.om.KeyManagerImpl.getFileStatus(KeyManagerImpl.java:1113) ~[ozone-manager-1.4.0-SNAPSHOT.jar:?]
	at org.apache.hadoop.ozone.om.OmMetadataReader.getFileStatus(OmMetadataReader.java:262) ~[ozone-manager-1.4.0-SNAPSHOT.jar:?]
	at org.apache.hadoop.ozone.om.OzoneManager.getFileStatus(OzoneManager.java:3533) ~[ozone-manager-1.4.0-SNAPSHOT.jar:?]
	at org.apache.hadoop.ozone.protocolPB.OzoneManagerRequestHandler.getOzoneFileStatus(OzoneManagerRequestHandler.java:971) ~[ozone-manager-1.4.0-SNAPSHOT.jar:?]
	at org.apache.hadoop.ozone.protocolPB.OzoneManagerRequestHandler.handleReadRequest(OzoneManagerRequestHandler.java:250) ~[ozone-manager-1.4.0-SNAPSHOT.jar:?]
	at org.apache.hadoop.ozone.protocolPB.OzoneManagerProtocolServerSideTranslatorPB.submitRequestDirectlyToOM(OzoneManagerProtocolServerSideTranslatorPB.java:274) ~[ozone-manager-1.4.0-SNAPSHOT.jar:?]
	at org.apache.hadoop.ozone.protocolPB.OzoneManagerProtocolServerSideTranslatorPB.processRequest(OzoneManagerProtocolServerSideTranslatorPB.java:175) ~[ozone-manager-1.4.0-SNAPSHOT.jar:?]
	at org.apache.hadoop.hdds.server.OzoneProtocolMessageDispatcher.processRequest(OzoneProtocolMessageDispatcher.java:87) [hdds-server-framework-1.4.0-SNAPSHOT.jar:?]
	at org.apache.hadoop.ozone.protocolPB.OzoneManagerProtocolServerSideTranslatorPB.submitRequest(OzoneManagerProtocolServerSideTranslatorPB.java:148) [ozone-manager-1.4.0-SNAPSHOT.jar:?]
	at org.apache.hadoop.ozone.protocol.proto.OzoneManagerProtocolProtos$OzoneManagerService$2.callBlockingMethod(OzoneManagerProtocolProtos.java) [ozone-interface-client-1.4.0-SNAPSHOT.jar:?]
	at org.apache.hadoop.ipc.ProtobufRpcEngine$Server.processCall(ProtobufRpcEngine.java:484) [hadoop-common-3.3.6.jar:?]
	at org.apache.hadoop.ipc.ProtobufRpcEngine2$Server$ProtoBufRpcInvoker.call(ProtobufRpcEngine2.java:595) [hadoop-common-3.3.6.jar:?]
	at org.apache.hadoop.ipc.ProtobufRpcEngine2$Server$ProtoBufRpcInvoker.call(ProtobufRpcEngine2.java:573) [hadoop-common-3.3.6.jar:?]
	at org.apache.hadoop.ipc.RPC$Server.call(RPC.java:1227) [hadoop-common-3.3.6.jar:?]
	at org.apache.hadoop.ipc.Server$RpcCall.run(Server.java:1094) [hadoop-common-3.3.6.jar:?]
	at org.apache.hadoop.ipc.Server$RpcCall.run(Server.java:1017) [hadoop-common-3.3.6.jar:?]
	at java.security.AccessController.doPrivileged(Native Method) ~[?:1.8.0_382]
	at javax.security.auth.Subject.doAs(Subject.java:422) [?:1.8.0_382]
	at org.apache.hadoop.security.UserGroupInformation.doAs(UserGroupInformation.java:1899) [hadoop-common-3.3.6.jar:?]
	at org.apache.hadoop.ipc.Server$Handler.run(Server.java:3048) [hadoop-common-3.3.6.jar:?]
02:07:37.778 [IPC Server handler 19 on default port 15163] ERROR OMAudit - user=runner | ip=127.0.0.1 | op=GET_FILE_STATUS {volume=volume12196, bucket=bucket58129, key=gdir1/dir7/child, dataSize=0, replicationConfig=null} | ret=FAILURE
org.apache.hadoop.ozone.om.exceptions.OMException: Unable to get file status: volume: volume12196 bucket: bucket58129 key: gdir1/dir7/child
	at org.apache.hadoop.ozone.om.KeyManagerImpl.getOzoneFileStatus(KeyManagerImpl.java:1195) ~[ozone-manager-1.4.0-SNAPSHOT.jar:?]
	at org.apache.hadoop.ozone.om.KeyManagerImpl.getFileStatus(KeyManagerImpl.java:1113) ~[ozone-manager-1.4.0-SNAPSHOT.jar:?]
	at org.apache.hadoop.ozone.om.OmMetadataReader.getFileStatus(OmMetadataReader.java:262) ~[ozone-manager-1.4.0-SNAPSHOT.jar:?]
	at org.apache.hadoop.ozone.om.OzoneManager.getFileStatus(OzoneManager.java:3533) ~[ozone-manager-1.4.0-SNAPSHOT.jar:?]
	at org.apache.hadoop.ozone.protocolPB.OzoneManagerRequestHandler.getOzoneFileStatus(OzoneManagerRequestHandler.java:971) ~[ozone-manager-1.4.0-SNAPSHOT.jar:?]
	at org.apache.hadoop.ozone.protocolPB.OzoneManagerRequestHandler.handleReadRequest(OzoneManagerRequestHandler.java:250) ~[ozone-manager-1.4.0-SNAPSHOT.jar:?]
	at org.apache.hadoop.ozone.protocolPB.OzoneManagerProtocolServerSideTranslatorPB.submitRequestDirectlyToOM(OzoneManagerProtocolServerSideTranslatorPB.java:274) ~[ozone-manager-1.4.0-SNAPSHOT.jar:?]
	at org.apache.hadoop.ozone.protocolPB.OzoneManagerProtocolServerSideTranslatorPB.processRequest(OzoneManagerProtocolServerSideTranslatorPB.java:175) ~[ozone-manager-1.4.0-SNAPSHOT.jar:?]
	at org.apache.hadoop.hdds.server.OzoneProtocolMessageDispatcher.processRequest(OzoneProtocolMessageDispatcher.java:87) [hdds-server-framework-1.4.0-SNAPSHOT.jar:?]
	at org.apache.hadoop.ozone.protocolPB.OzoneManagerProtocolServerSideTranslatorPB.submitRequest(OzoneManagerProtocolServerSideTranslatorPB.java:148) [ozone-manager-1.4.0-SNAPSHOT.jar:?]
	at org.apache.hadoop.ozone.protocol.proto.OzoneManagerProtocolProtos$OzoneManagerService$2.callBlockingMethod(OzoneManagerProtocolProtos.java) [ozone-interface-client-1.4.0-SNAPSHOT.jar:?]
	at org.apache.hadoop.ipc.ProtobufRpcEngine$Server.processCall(ProtobufRpcEngine.java:484) [hadoop-common-3.3.6.jar:?]
	at org.apache.hadoop.ipc.ProtobufRpcEngine2$Server$ProtoBufRpcInvoker.call(ProtobufRpcEngine2.java:595) [hadoop-common-3.3.6.jar:?]
	at org.apache.hadoop.ipc.ProtobufRpcEngine2$Server$ProtoBufRpcInvoker.call(ProtobufRpcEngine2.java:573) [hadoop-common-3.3.6.jar:?]
	at org.apache.hadoop.ipc.RPC$Server.call(RPC.java:1227) [hadoop-common-3.3.6.jar:?]
	at org.apache.hadoop.ipc.Server$RpcCall.run(Server.java:1094) [hadoop-common-3.3.6.jar:?]
	at org.apache.hadoop.ipc.Server$RpcCall.run(Server.java:1017) [hadoop-common-3.3.6.jar:?]
	at java.security.AccessController.doPrivileged(Native Method) ~[?:1.8.0_382]
	at javax.security.auth.Subject.doAs(Subject.java:422) [?:1.8.0_382]
	at org.apache.hadoop.security.UserGroupInformation.doAs(UserGroupInformation.java:1899) [hadoop-common-3.3.6.jar:?]
	at org.apache.hadoop.ipc.Server$Handler.run(Server.java:3048) [hadoop-common-3.3.6.jar:?]
02:07:37.779 [IPC Server handler 8 on default port 15163] ERROR OMAudit - user=runner | ip=127.0.0.1 | op=GET_FILE_STATUS {volume=volume12196, bucket=bucket58129, key=gdir1/dir8, dataSize=0, replicationConfig=null} | ret=FAILURE
org.apache.hadoop.ozone.om.exceptions.OMException: Unable to get file status: volume: volume12196 bucket: bucket58129 key: gdir1/dir8
	at org.apache.hadoop.ozone.om.KeyManagerImpl.getOzoneFileStatus(KeyManagerImpl.java:1195) ~[ozone-manager-1.4.0-SNAPSHOT.jar:?]
	at org.apache.hadoop.ozone.om.KeyManagerImpl.getFileStatus(KeyManagerImpl.java:1113) ~[ozone-manager-1.4.0-SNAPSHOT.jar:?]
	at org.apache.hadoop.ozone.om.OmMetadataReader.getFileStatus(OmMetadataReader.java:262) ~[ozone-manager-1.4.0-SNAPSHOT.jar:?]
	at org.apache.hadoop.ozone.om.OzoneManager.getFileStatus(OzoneManager.java:3533) ~[ozone-manager-1.4.0-SNAPSHOT.jar:?]
	at org.apache.hadoop.ozone.protocolPB.OzoneManagerRequestHandler.getOzoneFileStatus(OzoneManagerRequestHandler.java:971) ~[ozone-manager-1.4.0-SNAPSHOT.jar:?]
	at org.apache.hadoop.ozone.protocolPB.OzoneManagerRequestHandler.handleReadRequest(OzoneManagerRequestHandler.java:250) ~[ozone-manager-1.4.0-SNAPSHOT.jar:?]
	at org.apache.hadoop.ozone.protocolPB.OzoneManagerProtocolServerSideTranslatorPB.submitRequestDirectlyToOM(OzoneManagerProtocolServerSideTranslatorPB.java:274) ~[ozone-manager-1.4.0-SNAPSHOT.jar:?]
	at org.apache.hadoop.ozone.protocolPB.OzoneManagerProtocolServerSideTranslatorPB.processRequest(OzoneManagerProtocolServerSideTranslatorPB.java:175) ~[ozone-manager-1.4.0-SNAPSHOT.jar:?]
	at org.apache.hadoop.hdds.server.OzoneProtocolMessageDispatcher.processRequest(OzoneProtocolMessageDispatcher.java:87) [hdds-server-framework-1.4.0-SNAPSHOT.jar:?]
	at org.apache.hadoop.ozone.protocolPB.OzoneManagerProtocolServerSideTranslatorPB.submitRequest(OzoneManagerProtocolServerSideTranslatorPB.java:148) [ozone-manager-1.4.0-SNAPSHOT.jar:?]
	at org.apache.hadoop.ozone.protocol.proto.OzoneManagerProtocolProtos$OzoneManagerService$2.callBlockingMethod(OzoneManagerProtocolProtos.java) [ozone-interface-client-1.4.0-SNAPSHOT.jar:?]
	at org.apache.hadoop.ipc.ProtobufRpcEngine$Server.processCall(ProtobufRpcEngine.java:484) [hadoop-common-3.3.6.jar:?]
	at org.apache.hadoop.ipc.ProtobufRpcEngine2$Server$ProtoBufRpcInvoker.call(ProtobufRpcEngine2.java:595) [hadoop-common-3.3.6.jar:?]
	at org.apache.hadoop.ipc.ProtobufRpcEngine2$Server$ProtoBufRpcInvoker.call(ProtobufRpcEngine2.java:573) [hadoop-common-3.3.6.jar:?]
	at org.apache.hadoop.ipc.RPC$Server.call(RPC.java:1227) [hadoop-common-3.3.6.jar:?]
	at org.apache.hadoop.ipc.Server$RpcCall.run(Server.java:1094) [hadoop-common-3.3.6.jar:?]
	at org.apache.hadoop.ipc.Server$RpcCall.run(Server.java:1017) [hadoop-common-3.3.6.jar:?]
	at java.security.AccessController.doPrivileged(Native Method) ~[?:1.8.0_382]
	at javax.security.auth.Subject.doAs(Subject.java:422) [?:1.8.0_382]
	at org.apache.hadoop.security.UserGroupInformation.doAs(UserGroupInformation.java:1899) [hadoop-common-3.3.6.jar:?]
	at org.apache.hadoop.ipc.Server$Handler.run(Server.java:3048) [hadoop-common-3.3.6.jar:?]
02:07:37.781 [IPC Server handler 1 on default port 15163] ERROR OMAudit - user=runner | ip=127.0.0.1 | op=GET_FILE_STATUS {volume=volume12196, bucket=bucket58129, key=gdir1/dir8/child, dataSize=0, replicationConfig=null} | ret=FAILURE
org.apache.hadoop.ozone.om.exceptions.OMException: Unable to get file status: volume: volume12196 bucket: bucket58129 key: gdir1/dir8/child
	at org.apache.hadoop.ozone.om.KeyManagerImpl.getOzoneFileStatus(KeyManagerImpl.java:1195) ~[ozone-manager-1.4.0-SNAPSHOT.jar:?]
	at org.apache.hadoop.ozone.om.KeyManagerImpl.getFileStatus(KeyManagerImpl.java:1113) ~[ozone-manager-1.4.0-SNAPSHOT.jar:?]
	at org.apache.hadoop.ozone.om.OmMetadataReader.getFileStatus(OmMetadataReader.java:262) ~[ozone-manager-1.4.0-SNAPSHOT.jar:?]
	at org.apache.hadoop.ozone.om.OzoneManager.getFileStatus(OzoneManager.java:3533) ~[ozone-manager-1.4.0-SNAPSHOT.jar:?]
	at org.apache.hadoop.ozone.protocolPB.OzoneManagerRequestHandler.getOzoneFileStatus(OzoneManagerRequestHandler.java:971) ~[ozone-manager-1.4.0-SNAPSHOT.jar:?]
	at org.apache.hadoop.ozone.protocolPB.OzoneManagerRequestHandler.handleReadRequest(OzoneManagerRequestHandler.java:250) ~[ozone-manager-1.4.0-SNAPSHOT.jar:?]
	at org.apache.hadoop.ozone.protocolPB.OzoneManagerProtocolServerSideTranslatorPB.submitRequestDirectlyToOM(OzoneManagerProtocolServerSideTranslatorPB.java:274) ~[ozone-manager-1.4.0-SNAPSHOT.jar:?]
	at org.apache.hadoop.ozone.protocolPB.OzoneManagerProtocolServerSideTranslatorPB.processRequest(OzoneManagerProtocolServerSideTranslatorPB.java:175) ~[ozone-manager-1.4.0-SNAPSHOT.jar:?]
	at org.apache.hadoop.hdds.server.OzoneProtocolMessageDispatcher.processRequest(OzoneProtocolMessageDispatcher.java:87) [hdds-server-framework-1.4.0-SNAPSHOT.jar:?]
	at org.apache.hadoop.ozone.protocolPB.OzoneManagerProtocolServerSideTranslatorPB.submitRequest(OzoneManagerProtocolServerSideTranslatorPB.java:148) [ozone-manager-1.4.0-SNAPSHOT.jar:?]
	at org.apache.hadoop.ozone.protocol.proto.OzoneManagerProtocolProtos$OzoneManagerService$2.callBlockingMethod(OzoneManagerProtocolProtos.java) [ozone-interface-client-1.4.0-SNAPSHOT.jar:?]
	at org.apache.hadoop.ipc.ProtobufRpcEngine$Server.processCall(ProtobufRpcEngine.java:484) [hadoop-common-3.3.6.jar:?]
	at org.apache.hadoop.ipc.ProtobufRpcEngine2$Server$ProtoBufRpcInvoker.call(ProtobufRpcEngine2.java:595) [hadoop-common-3.3.6.jar:?]
	at org.apache.hadoop.ipc.ProtobufRpcEngine2$Server$ProtoBufRpcInvoker.call(ProtobufRpcEngine2.java:573) [hadoop-common-3.3.6.jar:?]
	at org.apache.hadoop.ipc.RPC$Server.call(RPC.java:1227) [hadoop-common-3.3.6.jar:?]
	at org.apache.hadoop.ipc.Server$RpcCall.run(Server.java:1094) [hadoop-common-3.3.6.jar:?]
	at org.apache.hadoop.ipc.Server$RpcCall.run(Server.java:1017) [hadoop-common-3.3.6.jar:?]
	at java.security.AccessController.doPrivileged(Native Method) ~[?:1.8.0_382]
	at javax.security.auth.Subject.doAs(Subject.java:422) [?:1.8.0_382]
	at org.apache.hadoop.security.UserGroupInformation.doAs(UserGroupInformation.java:1899) [hadoop-common-3.3.6.jar:?]
	at org.apache.hadoop.ipc.Server$Handler.run(Server.java:3048) [hadoop-common-3.3.6.jar:?]
02:07:37.782 [IPC Server handler 2 on default port 15163] ERROR OMAudit - user=runner | ip=127.0.0.1 | op=GET_FILE_STATUS {volume=volume12196, bucket=bucket58129, key=gdir1/dir9, dataSize=0, replicationConfig=null} | ret=FAILURE
org.apache.hadoop.ozone.om.exceptions.OMException: Unable to get file status: volume: volume12196 bucket: bucket58129 key: gdir1/dir9
	at org.apache.hadoop.ozone.om.KeyManagerImpl.getOzoneFileStatus(KeyManagerImpl.java:1195) ~[ozone-manager-1.4.0-SNAPSHOT.jar:?]
	at org.apache.hadoop.ozone.om.KeyManagerImpl.getFileStatus(KeyManagerImpl.java:1113) ~[ozone-manager-1.4.0-SNAPSHOT.jar:?]
	at org.apache.hadoop.ozone.om.OmMetadataReader.getFileStatus(OmMetadataReader.java:262) ~[ozone-manager-1.4.0-SNAPSHOT.jar:?]
	at org.apache.hadoop.ozone.om.OzoneManager.getFileStatus(OzoneManager.java:3533) ~[ozone-manager-1.4.0-SNAPSHOT.jar:?]
	at org.apache.hadoop.ozone.protocolPB.OzoneManagerRequestHandler.getOzoneFileStatus(OzoneManagerRequestHandler.java:971) ~[ozone-manager-1.4.0-SNAPSHOT.jar:?]
	at org.apache.hadoop.ozone.protocolPB.OzoneManagerRequestHandler.handleReadRequest(OzoneManagerRequestHandler.java:250) ~[ozone-manager-1.4.0-SNAPSHOT.jar:?]
	at org.apache.hadoop.ozone.protocolPB.OzoneManagerProtocolServerSideTranslatorPB.submitRequestDirectlyToOM(OzoneManagerProtocolServerSideTranslatorPB.java:274) ~[ozone-manager-1.4.0-SNAPSHOT.jar:?]
	at org.apache.hadoop.ozone.protocolPB.OzoneManagerProtocolServerSideTranslatorPB.processRequest(OzoneManagerProtocolServerSideTranslatorPB.java:175) ~[ozone-manager-1.4.0-SNAPSHOT.jar:?]
	at org.apache.hadoop.hdds.server.OzoneProtocolMessageDispatcher.processRequest(OzoneProtocolMessageDispatcher.java:87) [hdds-server-framework-1.4.0-SNAPSHOT.jar:?]
	at org.apache.hadoop.ozone.protocolPB.OzoneManagerProtocolServerSideTranslatorPB.submitRequest(OzoneManagerProtocolServerSideTranslatorPB.java:148) [ozone-manager-1.4.0-SNAPSHOT.jar:?]
	at org.apache.hadoop.ozone.protocol.proto.OzoneManagerProtocolProtos$OzoneManagerService$2.callBlockingMethod(OzoneManagerProtocolProtos.java) [ozone-interface-client-1.4.0-SNAPSHOT.jar:?]
	at org.apache.hadoop.ipc.ProtobufRpcEngine$Server.processCall(ProtobufRpcEngine.java:484) [hadoop-common-3.3.6.jar:?]
	at org.apache.hadoop.ipc.ProtobufRpcEngine2$Server$ProtoBufRpcInvoker.call(ProtobufRpcEngine2.java:595) [hadoop-common-3.3.6.jar:?]
	at org.apache.hadoop.ipc.ProtobufRpcEngine2$Server$ProtoBufRpcInvoker.call(ProtobufRpcEngine2.java:573) [hadoop-common-3.3.6.jar:?]
	at org.apache.hadoop.ipc.RPC$Server.call(RPC.java:1227) [hadoop-common-3.3.6.jar:?]
	at org.apache.hadoop.ipc.Server$RpcCall.run(Server.java:1094) [hadoop-common-3.3.6.jar:?]
	at org.apache.hadoop.ipc.Server$RpcCall.run(Server.java:1017) [hadoop-common-3.3.6.jar:?]
	at java.security.AccessController.doPrivileged(Native Method) ~[?:1.8.0_382]
	at javax.security.auth.Subject.doAs(Subject.java:422) [?:1.8.0_382]
	at org.apache.hadoop.security.UserGroupInformation.doAs(UserGroupInformation.java:1899) [hadoop-common-3.3.6.jar:?]
	at org.apache.hadoop.ipc.Server$Handler.run(Server.java:3048) [hadoop-common-3.3.6.jar:?]
02:07:37.783 [IPC Server handler 3 on default port 15163] ERROR OMAudit - user=runner | ip=127.0.0.1 | op=GET_FILE_STATUS {volume=volume12196, bucket=bucket58129, key=gdir1/dir9/child, dataSize=0, replicationConfig=null} | ret=FAILURE
org.apache.hadoop.ozone.om.exceptions.OMException: Unable to get file status: volume: volume12196 bucket: bucket58129 key: gdir1/dir9/child
	at org.apache.hadoop.ozone.om.KeyManagerImpl.getOzoneFileStatus(KeyManagerImpl.java:1195) ~[ozone-manager-1.4.0-SNAPSHOT.jar:?]
	at org.apache.hadoop.ozone.om.KeyManagerImpl.getFileStatus(KeyManagerImpl.java:1113) ~[ozone-manager-1.4.0-SNAPSHOT.jar:?]
	at org.apache.hadoop.ozone.om.OmMetadataReader.getFileStatus(OmMetadataReader.java:262) ~[ozone-manager-1.4.0-SNAPSHOT.jar:?]
	at org.apache.hadoop.ozone.om.OzoneManager.getFileStatus(OzoneManager.java:3533) ~[ozone-manager-1.4.0-SNAPSHOT.jar:?]
	at org.apache.hadoop.ozone.protocolPB.OzoneManagerRequestHandler.getOzoneFileStatus(OzoneManagerRequestHandler.java:971) ~[ozone-manager-1.4.0-SNAPSHOT.jar:?]
	at org.apache.hadoop.ozone.protocolPB.OzoneManagerRequestHandler.handleReadRequest(OzoneManagerRequestHandler.java:250) ~[ozone-manager-1.4.0-SNAPSHOT.jar:?]
	at org.apache.hadoop.ozone.protocolPB.OzoneManagerProtocolServerSideTranslatorPB.submitRequestDirectlyToOM(OzoneManagerProtocolServerSideTranslatorPB.java:274) ~[ozone-manager-1.4.0-SNAPSHOT.jar:?]
	at org.apache.hadoop.ozone.protocolPB.OzoneManagerProtocolServerSideTranslatorPB.processRequest(OzoneManagerProtocolServerSideTranslatorPB.java:175) ~[ozone-manager-1.4.0-SNAPSHOT.jar:?]
	at org.apache.hadoop.hdds.server.OzoneProtocolMessageDispatcher.processRequest(OzoneProtocolMessageDispatcher.java:87) [hdds-server-framework-1.4.0-SNAPSHOT.jar:?]
	at org.apache.hadoop.ozone.protocolPB.OzoneManagerProtocolServerSideTranslatorPB.submitRequest(OzoneManagerProtocolServerSideTranslatorPB.java:148) [ozone-manager-1.4.0-SNAPSHOT.jar:?]
	at org.apache.hadoop.ozone.protocol.proto.OzoneManagerProtocolProtos$OzoneManagerService$2.callBlockingMethod(OzoneManagerProtocolProtos.java) [ozone-interface-client-1.4.0-SNAPSHOT.jar:?]
	at org.apache.hadoop.ipc.ProtobufRpcEngine$Server.processCall(ProtobufRpcEngine.java:484) [hadoop-common-3.3.6.jar:?]
	at org.apache.hadoop.ipc.ProtobufRpcEngine2$Server$ProtoBufRpcInvoker.call(ProtobufRpcEngine2.java:595) [hadoop-common-3.3.6.jar:?]
	at org.apache.hadoop.ipc.ProtobufRpcEngine2$Server$ProtoBufRpcInvoker.call(ProtobufRpcEngine2.java:573) [hadoop-common-3.3.6.jar:?]
	at org.apache.hadoop.ipc.RPC$Server.call(RPC.java:1227) [hadoop-common-3.3.6.jar:?]
	at org.apache.hadoop.ipc.Server$RpcCall.run(Server.java:1094) [hadoop-common-3.3.6.jar:?]
	at org.apache.hadoop.ipc.Server$RpcCall.run(Server.java:1017) [hadoop-common-3.3.6.jar:?]
	at java.security.AccessController.doPrivileged(Native Method) ~[?:1.8.0_382]
	at javax.security.auth.Subject.doAs(Subject.java:422) [?:1.8.0_382]
	at org.apache.hadoop.security.UserGroupInformation.doAs(UserGroupInformation.java:1899) [hadoop-common-3.3.6.jar:?]
	at org.apache.hadoop.ipc.Server$Handler.run(Server.java:3048) [hadoop-common-3.3.6.jar:?]
02:07:37.783 [IPC Server handler 0 on default port 15163] ERROR OMAudit - user=runner | ip=127.0.0.1 | op=GET_FILE_STATUS {volume=volume12196, bucket=bucket58129, key=gdir1/dir10, dataSize=0, replicationConfig=null} | ret=FAILURE
org.apache.hadoop.ozone.om.exceptions.OMException: Unable to get file status: volume: volume12196 bucket: bucket58129 key: gdir1/dir10
	at org.apache.hadoop.ozone.om.KeyManagerImpl.getOzoneFileStatus(KeyManagerImpl.java:1195) ~[ozone-manager-1.4.0-SNAPSHOT.jar:?]
	at org.apache.hadoop.ozone.om.KeyManagerImpl.getFileStatus(KeyManagerImpl.java:1113) ~[ozone-manager-1.4.0-SNAPSHOT.jar:?]
	at org.apache.hadoop.ozone.om.OmMetadataReader.getFileStatus(OmMetadataReader.java:262) ~[ozone-manager-1.4.0-SNAPSHOT.jar:?]
	at org.apache.hadoop.ozone.om.OzoneManager.getFileStatus(OzoneManager.java:3533) ~[ozone-manager-1.4.0-SNAPSHOT.jar:?]
	at org.apache.hadoop.ozone.protocolPB.OzoneManagerRequestHandler.getOzoneFileStatus(OzoneManagerRequestHandler.java:971) ~[ozone-manager-1.4.0-SNAPSHOT.jar:?]
	at org.apache.hadoop.ozone.protocolPB.OzoneManagerRequestHandler.handleReadRequest(OzoneManagerRequestHandler.java:250) ~[ozone-manager-1.4.0-SNAPSHOT.jar:?]
	at org.apache.hadoop.ozone.protocolPB.OzoneManagerProtocolServerSideTranslatorPB.submitRequestDirectlyToOM(OzoneManagerProtocolServerSideTranslatorPB.java:274) ~[ozone-manager-1.4.0-SNAPSHOT.jar:?]
	at org.apache.hadoop.ozone.protocolPB.OzoneManagerProtocolServerSideTranslatorPB.processRequest(OzoneManagerProtocolServerSideTranslatorPB.java:175) ~[ozone-manager-1.4.0-SNAPSHOT.jar:?]
	at org.apache.hadoop.hdds.server.OzoneProtocolMessageDispatcher.processRequest(OzoneProtocolMessageDispatcher.java:87) [hdds-server-framework-1.4.0-SNAPSHOT.jar:?]
	at org.apache.hadoop.ozone.protocolPB.OzoneManagerProtocolServerSideTranslatorPB.submitRequest(OzoneManagerProtocolServerSideTranslatorPB.java:148) [ozone-manager-1.4.0-SNAPSHOT.jar:?]
	at org.apache.hadoop.ozone.protocol.proto.OzoneManagerProtocolProtos$OzoneManagerService$2.callBlockingMethod(OzoneManagerProtocolProtos.java) [ozone-interface-client-1.4.0-SNAPSHOT.jar:?]
	at org.apache.hadoop.ipc.ProtobufRpcEngine$Server.processCall(ProtobufRpcEngine.java:484) [hadoop-common-3.3.6.jar:?]
	at org.apache.hadoop.ipc.ProtobufRpcEngine2$Server$ProtoBufRpcInvoker.call(ProtobufRpcEngine2.java:595) [hadoop-common-3.3.6.jar:?]
	at org.apache.hadoop.ipc.ProtobufRpcEngine2$Server$ProtoBufRpcInvoker.call(ProtobufRpcEngine2.java:573) [hadoop-common-3.3.6.jar:?]
	at org.apache.hadoop.ipc.RPC$Server.call(RPC.java:1227) [hadoop-common-3.3.6.jar:?]
	at org.apache.hadoop.ipc.Server$RpcCall.run(Server.java:1094) [hadoop-common-3.3.6.jar:?]
	at org.apache.hadoop.ipc.Server$RpcCall.run(Server.java:1017) [hadoop-common-3.3.6.jar:?]
	at java.security.AccessController.doPrivileged(Native Method) ~[?:1.8.0_382]
	at javax.security.auth.Subject.doAs(Subject.java:422) [?:1.8.0_382]
	at org.apache.hadoop.security.UserGroupInformation.doAs(UserGroupInformation.java:1899) [hadoop-common-3.3.6.jar:?]
	at org.apache.hadoop.ipc.Server$Handler.run(Server.java:3048) [hadoop-common-3.3.6.jar:?]
02:07:37.784 [IPC Server handler 4 on default port 15163] ERROR OMAudit - user=runner | ip=127.0.0.1 | op=GET_FILE_STATUS {volume=volume12196, bucket=bucket58129, key=gdir1/dir10/child, dataSize=0, replicationConfig=null} | ret=FAILURE
org.apache.hadoop.ozone.om.exceptions.OMException: Unable to get file status: volume: volume12196 bucket: bucket58129 key: gdir1/dir10/child
	at org.apache.hadoop.ozone.om.KeyManagerImpl.getOzoneFileStatus(KeyManagerImpl.java:1195) ~[ozone-manager-1.4.0-SNAPSHOT.jar:?]
	at org.apache.hadoop.ozone.om.KeyManagerImpl.getFileStatus(KeyManagerImpl.java:1113) ~[ozone-manager-1.4.0-SNAPSHOT.jar:?]
	at org.apache.hadoop.ozone.om.OmMetadataReader.getFileStatus(OmMetadataReader.java:262) ~[ozone-manager-1.4.0-SNAPSHOT.jar:?]
	at org.apache.hadoop.ozone.om.OzoneManager.getFileStatus(OzoneManager.java:3533) ~[ozone-manager-1.4.0-SNAPSHOT.jar:?]
	at org.apache.hadoop.ozone.protocolPB.OzoneManagerRequestHandler.getOzoneFileStatus(OzoneManagerRequestHandler.java:971) ~[ozone-manager-1.4.0-SNAPSHOT.jar:?]
	at org.apache.hadoop.ozone.protocolPB.OzoneManagerRequestHandler.handleReadRequest(OzoneManagerRequestHandler.java:250) ~[ozone-manager-1.4.0-SNAPSHOT.jar:?]
	at org.apache.hadoop.ozone.protocolPB.OzoneManagerProtocolServerSideTranslatorPB.submitRequestDirectlyToOM(OzoneManagerProtocolServerSideTranslatorPB.java:274) ~[ozone-manager-1.4.0-SNAPSHOT.jar:?]
	at org.apache.hadoop.ozone.protocolPB.OzoneManagerProtocolServerSideTranslatorPB.processRequest(OzoneManagerProtocolServerSideTranslatorPB.java:175) ~[ozone-manager-1.4.0-SNAPSHOT.jar:?]
	at org.apache.hadoop.hdds.server.OzoneProtocolMessageDispatcher.processRequest(OzoneProtocolMessageDispatcher.java:87) [hdds-server-framework-1.4.0-SNAPSHOT.jar:?]
	at org.apache.hadoop.ozone.protocolPB.OzoneManagerProtocolServerSideTranslatorPB.submitRequest(OzoneManagerProtocolServerSideTranslatorPB.java:148) [ozone-manager-1.4.0-SNAPSHOT.jar:?]
	at org.apache.hadoop.ozone.protocol.proto.OzoneManagerProtocolProtos$OzoneManagerService$2.callBlockingMethod(OzoneManagerProtocolProtos.java) [ozone-interface-client-1.4.0-SNAPSHOT.jar:?]
	at org.apache.hadoop.ipc.ProtobufRpcEngine$Server.processCall(ProtobufRpcEngine.java:484) [hadoop-common-3.3.6.jar:?]
	at org.apache.hadoop.ipc.ProtobufRpcEngine2$Server$ProtoBufRpcInvoker.call(ProtobufRpcEngine2.java:595) [hadoop-common-3.3.6.jar:?]
	at org.apache.hadoop.ipc.ProtobufRpcEngine2$Server$ProtoBufRpcInvoker.call(ProtobufRpcEngine2.java:573) [hadoop-common-3.3.6.jar:?]
	at org.apache.hadoop.ipc.RPC$Server.call(RPC.java:1227) [hadoop-common-3.3.6.jar:?]
	at org.apache.hadoop.ipc.Server$RpcCall.run(Server.java:1094) [hadoop-common-3.3.6.jar:?]
	at org.apache.hadoop.ipc.Server$RpcCall.run(Server.java:1017) [hadoop-common-3.3.6.jar:?]
	at java.security.AccessController.doPrivileged(Native Method) ~[?:1.8.0_382]
	at javax.security.auth.Subject.doAs(Subject.java:422) [?:1.8.0_382]
	at org.apache.hadoop.security.UserGroupInformation.doAs(UserGroupInformation.java:1899) [hadoop-common-3.3.6.jar:?]
	at org.apache.hadoop.ipc.Server$Handler.run(Server.java:3048) [hadoop-common-3.3.6.jar:?]
02:07:37.827 [IPC Server handler 19 on default port 15163] ERROR OMAudit - user=runner | ip=127.0.0.1 | op=GET_FILE_STATUS {volume=volume12196, bucket=bucket58129, key=level0, dataSize=0, replicationConfig=null} | ret=FAILURE
org.apache.hadoop.ozone.om.exceptions.OMException: Unable to get file status: volume: volume12196 bucket: bucket58129 key: level0
	at org.apache.hadoop.ozone.om.KeyManagerImpl.getOzoneFileStatus(KeyManagerImpl.java:1195) ~[ozone-manager-1.4.0-SNAPSHOT.jar:?]
	at org.apache.hadoop.ozone.om.KeyManagerImpl.getFileStatus(KeyManagerImpl.java:1113) ~[ozone-manager-1.4.0-SNAPSHOT.jar:?]
	at org.apache.hadoop.ozone.om.OmMetadataReader.getFileStatus(OmMetadataReader.java:262) ~[ozone-manager-1.4.0-SNAPSHOT.jar:?]
	at org.apache.hadoop.ozone.om.OzoneManager.getFileStatus(OzoneManager.java:3533) ~[ozone-manager-1.4.0-SNAPSHOT.jar:?]
	at org.apache.hadoop.ozone.protocolPB.OzoneManagerRequestHandler.getOzoneFileStatus(OzoneManagerRequestHandler.java:971) ~[ozone-manager-1.4.0-SNAPSHOT.jar:?]
	at org.apache.hadoop.ozone.protocolPB.OzoneManagerRequestHandler.handleReadRequest(OzoneManagerRequestHandler.java:250) ~[ozone-manager-1.4.0-SNAPSHOT.jar:?]
	at org.apache.hadoop.ozone.protocolPB.OzoneManagerProtocolServerSideTranslatorPB.submitRequestDirectlyToOM(OzoneManagerProtocolServerSideTranslatorPB.java:274) ~[ozone-manager-1.4.0-SNAPSHOT.jar:?]
	at org.apache.hadoop.ozone.protocolPB.OzoneManagerProtocolServerSideTranslatorPB.processRequest(OzoneManagerProtocolServerSideTranslatorPB.java:175) ~[ozone-manager-1.4.0-SNAPSHOT.jar:?]
	at org.apache.hadoop.hdds.server.OzoneProtocolMessageDispatcher.processRequest(OzoneProtocolMessageDispatcher.java:87) [hdds-server-framework-1.4.0-SNAPSHOT.jar:?]
	at org.apache.hadoop.ozone.protocolPB.OzoneManagerProtocolServerSideTranslatorPB.submitRequest(OzoneManagerProtocolServerSideTranslatorPB.java:148) [ozone-manager-1.4.0-SNAPSHOT.jar:?]
	at org.apache.hadoop.ozone.protocol.proto.OzoneManagerProtocolProtos$OzoneManagerService$2.callBlockingMethod(OzoneManagerProtocolProtos.java) [ozone-interface-client-1.4.0-SNAPSHOT.jar:?]
	at org.apache.hadoop.ipc.ProtobufRpcEngine$Server.processCall(ProtobufRpcEngine.java:484) [hadoop-common-3.3.6.jar:?]
	at org.apache.hadoop.ipc.ProtobufRpcEngine2$Server$ProtoBufRpcInvoker.call(ProtobufRpcEngine2.java:595) [hadoop-common-3.3.6.jar:?]
	at org.apache.hadoop.ipc.ProtobufRpcEngine2$Server$ProtoBufRpcInvoker.call(ProtobufRpcEngine2.java:573) [hadoop-common-3.3.6.jar:?]
	at org.apache.hadoop.ipc.RPC$Server.call(RPC.java:1227) [hadoop-common-3.3.6.jar:?]
	at org.apache.hadoop.ipc.Server$RpcCall.run(Server.java:1094) [hadoop-common-3.3.6.jar:?]
	at org.apache.hadoop.ipc.Server$RpcCall.run(Server.java:1017) [hadoop-common-3.3.6.jar:?]
	at java.security.AccessController.doPrivileged(Native Method) ~[?:1.8.0_382]
	at javax.security.auth.Subject.doAs(Subject.java:422) [?:1.8.0_382]
	at org.apache.hadoop.security.UserGroupInformation.doAs(UserGroupInformation.java:1899) [hadoop-common-3.3.6.jar:?]
	at org.apache.hadoop.ipc.Server$Handler.run(Server.java:3048) [hadoop-common-3.3.6.jar:?]
02:07:37.828 [IPC Server handler 8 on default port 15163] ERROR OMAudit - user=runner | ip=127.0.0.1 | op=GET_FILE_STATUS {volume=volume12196, bucket=bucket58129, key=level0/level1, dataSize=0, replicationConfig=null} | ret=FAILURE
org.apache.hadoop.ozone.om.exceptions.OMException: Unable to get file status: volume: volume12196 bucket: bucket58129 key: level0/level1
	at org.apache.hadoop.ozone.om.KeyManagerImpl.getOzoneFileStatus(KeyManagerImpl.java:1195) ~[ozone-manager-1.4.0-SNAPSHOT.jar:?]
	at org.apache.hadoop.ozone.om.KeyManagerImpl.getFileStatus(KeyManagerImpl.java:1113) ~[ozone-manager-1.4.0-SNAPSHOT.jar:?]
	at org.apache.hadoop.ozone.om.OmMetadataReader.getFileStatus(OmMetadataReader.java:262) ~[ozone-manager-1.4.0-SNAPSHOT.jar:?]
	at org.apache.hadoop.ozone.om.OzoneManager.getFileStatus(OzoneManager.java:3533) ~[ozone-manager-1.4.0-SNAPSHOT.jar:?]
	at org.apache.hadoop.ozone.protocolPB.OzoneManagerRequestHandler.getOzoneFileStatus(OzoneManagerRequestHandler.java:971) ~[ozone-manager-1.4.0-SNAPSHOT.jar:?]
	at org.apache.hadoop.ozone.protocolPB.OzoneManagerRequestHandler.handleReadRequest(OzoneManagerRequestHandler.java:250) ~[ozone-manager-1.4.0-SNAPSHOT.jar:?]
	at org.apache.hadoop.ozone.protocolPB.OzoneManagerProtocolServerSideTranslatorPB.submitRequestDirectlyToOM(OzoneManagerProtocolServerSideTranslatorPB.java:274) ~[ozone-manager-1.4.0-SNAPSHOT.jar:?]
	at org.apache.hadoop.ozone.protocolPB.OzoneManagerProtocolServerSideTranslatorPB.processRequest(OzoneManagerProtocolServerSideTranslatorPB.java:175) ~[ozone-manager-1.4.0-SNAPSHOT.jar:?]
	at org.apache.hadoop.hdds.server.OzoneProtocolMessageDispatcher.processRequest(OzoneProtocolMessageDispatcher.java:87) [hdds-server-framework-1.4.0-SNAPSHOT.jar:?]
	at org.apache.hadoop.ozone.protocolPB.OzoneManagerProtocolServerSideTranslatorPB.submitRequest(OzoneManagerProtocolServerSideTranslatorPB.java:148) [ozone-manager-1.4.0-SNAPSHOT.jar:?]
	at org.apache.hadoop.ozone.protocol.proto.OzoneManagerProtocolProtos$OzoneManagerService$2.callBlockingMethod(OzoneManagerProtocolProtos.java) [ozone-interface-client-1.4.0-SNAPSHOT.jar:?]
	at org.apache.hadoop.ipc.ProtobufRpcEngine$Server.processCall(ProtobufRpcEngine.java:484) [hadoop-common-3.3.6.jar:?]
	at org.apache.hadoop.ipc.ProtobufRpcEngine2$Server$ProtoBufRpcInvoker.call(ProtobufRpcEngine2.java:595) [hadoop-common-3.3.6.jar:?]
	at org.apache.hadoop.ipc.ProtobufRpcEngine2$Server$ProtoBufRpcInvoker.call(ProtobufRpcEngine2.java:573) [hadoop-common-3.3.6.jar:?]
	at org.apache.hadoop.ipc.RPC$Server.call(RPC.java:1227) [hadoop-common-3.3.6.jar:?]
	at org.apache.hadoop.ipc.Server$RpcCall.run(Server.java:1094) [hadoop-common-3.3.6.jar:?]
	at org.apache.hadoop.ipc.Server$RpcCall.run(Server.java:1017) [hadoop-common-3.3.6.jar:?]
	at java.security.AccessController.doPrivileged(Native Method) ~[?:1.8.0_382]
	at javax.security.auth.Subject.doAs(Subject.java:422) [?:1.8.0_382]
	at org.apache.hadoop.security.UserGroupInformation.doAs(UserGroupInformation.java:1899) [hadoop-common-3.3.6.jar:?]
	at org.apache.hadoop.ipc.Server$Handler.run(Server.java:3048) [hadoop-common-3.3.6.jar:?]
02:07:37.829 [IPC Server handler 1 on default port 15163] ERROR OMAudit - user=runner | ip=127.0.0.1 | op=GET_FILE_STATUS {volume=volume12196, bucket=bucket58129, key=level0/level1/level1, dataSize=0, replicationConfig=null} | ret=FAILURE
org.apache.hadoop.ozone.om.exceptions.OMException: Unable to get file status: volume: volume12196 bucket: bucket58129 key: level0/level1/level1
	at org.apache.hadoop.ozone.om.KeyManagerImpl.getOzoneFileStatus(KeyManagerImpl.java:1195) ~[ozone-manager-1.4.0-SNAPSHOT.jar:?]
	at org.apache.hadoop.ozone.om.KeyManagerImpl.getFileStatus(KeyManagerImpl.java:1113) ~[ozone-manager-1.4.0-SNAPSHOT.jar:?]
	at org.apache.hadoop.ozone.om.OmMetadataReader.getFileStatus(OmMetadataReader.java:262) ~[ozone-manager-1.4.0-SNAPSHOT.jar:?]
	at org.apache.hadoop.ozone.om.OzoneManager.getFileStatus(OzoneManager.java:3533) ~[ozone-manager-1.4.0-SNAPSHOT.jar:?]
	at org.apache.hadoop.ozone.protocolPB.OzoneManagerRequestHandler.getOzoneFileStatus(OzoneManagerRequestHandler.java:971) ~[ozone-manager-1.4.0-SNAPSHOT.jar:?]
	at org.apache.hadoop.ozone.protocolPB.OzoneManagerRequestHandler.handleReadRequest(OzoneManagerRequestHandler.java:250) ~[ozone-manager-1.4.0-SNAPSHOT.jar:?]
	at org.apache.hadoop.ozone.protocolPB.OzoneManagerProtocolServerSideTranslatorPB.submitRequestDirectlyToOM(OzoneManagerProtocolServerSideTranslatorPB.java:274) ~[ozone-manager-1.4.0-SNAPSHOT.jar:?]
	at org.apache.hadoop.ozone.protocolPB.OzoneManagerProtocolServerSideTranslatorPB.processRequest(OzoneManagerProtocolServerSideTranslatorPB.java:175) ~[ozone-manager-1.4.0-SNAPSHOT.jar:?]
	at org.apache.hadoop.hdds.server.OzoneProtocolMessageDispatcher.processRequest(OzoneProtocolMessageDispatcher.java:87) [hdds-server-framework-1.4.0-SNAPSHOT.jar:?]
	at org.apache.hadoop.ozone.protocolPB.OzoneManagerProtocolServerSideTranslatorPB.submitRequest(OzoneManagerProtocolServerSideTranslatorPB.java:148) [ozone-manager-1.4.0-SNAPSHOT.jar:?]
	at org.apache.hadoop.ozone.protocol.proto.OzoneManagerProtocolProtos$OzoneManagerService$2.callBlockingMethod(OzoneManagerProtocolProtos.java) [ozone-interface-client-1.4.0-SNAPSHOT.jar:?]
	at org.apache.hadoop.ipc.ProtobufRpcEngine$Server.processCall(ProtobufRpcEngine.java:484) [hadoop-common-3.3.6.jar:?]
	at org.apache.hadoop.ipc.ProtobufRpcEngine2$Server$ProtoBufRpcInvoker.call(ProtobufRpcEngine2.java:595) [hadoop-common-3.3.6.jar:?]
	at org.apache.hadoop.ipc.ProtobufRpcEngine2$Server$ProtoBufRpcInvoker.call(ProtobufRpcEngine2.java:573) [hadoop-common-3.3.6.jar:?]
	at org.apache.hadoop.ipc.RPC$Server.call(RPC.java:1227) [hadoop-common-3.3.6.jar:?]
	at org.apache.hadoop.ipc.Server$RpcCall.run(Server.java:1094) [hadoop-common-3.3.6.jar:?]
	at org.apache.hadoop.ipc.Server$RpcCall.run(Server.java:1017) [hadoop-common-3.3.6.jar:?]
	at java.security.AccessController.doPrivileged(Native Method) ~[?:1.8.0_382]
	at javax.security.auth.Subject.doAs(Subject.java:422) [?:1.8.0_382]
	at org.apache.hadoop.security.UserGroupInformation.doAs(UserGroupInformation.java:1899) [hadoop-common-3.3.6.jar:?]
	at org.apache.hadoop.ipc.Server$Handler.run(Server.java:3048) [hadoop-common-3.3.6.jar:?]
02:07:37.829 [IPC Server handler 2 on default port 15163] ERROR OMAudit - user=runner | ip=127.0.0.1 | op=GET_FILE_STATUS {volume=volume12196, bucket=bucket58129, key=level0/level1/file1, dataSize=0, replicationConfig=null} | ret=FAILURE
org.apache.hadoop.ozone.om.exceptions.OMException: Unable to get file status: volume: volume12196 bucket: bucket58129 key: level0/level1/file1
	at org.apache.hadoop.ozone.om.KeyManagerImpl.getOzoneFileStatus(KeyManagerImpl.java:1195) ~[ozone-manager-1.4.0-SNAPSHOT.jar:?]
	at org.apache.hadoop.ozone.om.KeyManagerImpl.getFileStatus(KeyManagerImpl.java:1113) ~[ozone-manager-1.4.0-SNAPSHOT.jar:?]
	at org.apache.hadoop.ozone.om.OmMetadataReader.getFileStatus(OmMetadataReader.java:262) ~[ozone-manager-1.4.0-SNAPSHOT.jar:?]
	at org.apache.hadoop.ozone.om.OzoneManager.getFileStatus(OzoneManager.java:3533) ~[ozone-manager-1.4.0-SNAPSHOT.jar:?]
	at org.apache.hadoop.ozone.protocolPB.OzoneManagerRequestHandler.getOzoneFileStatus(OzoneManagerRequestHandler.java:971) ~[ozone-manager-1.4.0-SNAPSHOT.jar:?]
	at org.apache.hadoop.ozone.protocolPB.OzoneManagerRequestHandler.handleReadRequest(OzoneManagerRequestHandler.java:250) ~[ozone-manager-1.4.0-SNAPSHOT.jar:?]
	at org.apache.hadoop.ozone.protocolPB.OzoneManagerProtocolServerSideTranslatorPB.submitRequestDirectlyToOM(OzoneManagerProtocolServerSideTranslatorPB.java:274) ~[ozone-manager-1.4.0-SNAPSHOT.jar:?]
	at org.apache.hadoop.ozone.protocolPB.OzoneManagerProtocolServerSideTranslatorPB.processRequest(OzoneManagerProtocolServerSideTranslatorPB.java:175) ~[ozone-manager-1.4.0-SNAPSHOT.jar:?]
	at org.apache.hadoop.hdds.server.OzoneProtocolMessageDispatcher.processRequest(OzoneProtocolMessageDispatcher.java:87) [hdds-server-framework-1.4.0-SNAPSHOT.jar:?]
	at org.apache.hadoop.ozone.protocolPB.OzoneManagerProtocolServerSideTranslatorPB.submitRequest(OzoneManagerProtocolServerSideTranslatorPB.java:148) [ozone-manager-1.4.0-SNAPSHOT.jar:?]
	at org.apache.hadoop.ozone.protocol.proto.OzoneManagerProtocolProtos$OzoneManagerService$2.callBlockingMethod(OzoneManagerProtocolProtos.java) [ozone-interface-client-1.4.0-SNAPSHOT.jar:?]
	at org.apache.hadoop.ipc.ProtobufRpcEngine$Server.processCall(ProtobufRpcEngine.java:484) [hadoop-common-3.3.6.jar:?]
	at org.apache.hadoop.ipc.ProtobufRpcEngine2$Server$ProtoBufRpcInvoker.call(ProtobufRpcEngine2.java:595) [hadoop-common-3.3.6.jar:?]
	at org.apache.hadoop.ipc.ProtobufRpcEngine2$Server$ProtoBufRpcInvoker.call(ProtobufRpcEngine2.java:573) [hadoop-common-3.3.6.jar:?]
	at org.apache.hadoop.ipc.RPC$Server.call(RPC.java:1227) [hadoop-common-3.3.6.jar:?]
	at org.apache.hadoop.ipc.Server$RpcCall.run(Server.java:1094) [hadoop-common-3.3.6.jar:?]
	at org.apache.hadoop.ipc.Server$RpcCall.run(Server.java:1017) [hadoop-common-3.3.6.jar:?]
	at java.security.AccessController.doPrivileged(Native Method) ~[?:1.8.0_382]
	at javax.security.auth.Subject.doAs(Subject.java:422) [?:1.8.0_382]
	at org.apache.hadoop.security.UserGroupInformation.doAs(UserGroupInformation.java:1899) [hadoop-common-3.3.6.jar:?]
	at org.apache.hadoop.ipc.Server$Handler.run(Server.java:3048) [hadoop-common-3.3.6.jar:?]
02:07:37.830 [IPC Server handler 3 on default port 15163] ERROR OMAudit - user=runner | ip=127.0.0.1 | op=GET_FILE_STATUS {volume=volume12196, bucket=bucket58129, key=level0/level1/level1/file1, dataSize=0, replicationConfig=null} | ret=FAILURE
org.apache.hadoop.ozone.om.exceptions.OMException: Unable to get file status: volume: volume12196 bucket: bucket58129 key: level0/level1/level1/file1
	at org.apache.hadoop.ozone.om.KeyManagerImpl.getOzoneFileStatus(KeyManagerImpl.java:1195) ~[ozone-manager-1.4.0-SNAPSHOT.jar:?]
	at org.apache.hadoop.ozone.om.KeyManagerImpl.getFileStatus(KeyManagerImpl.java:1113) ~[ozone-manager-1.4.0-SNAPSHOT.jar:?]
	at org.apache.hadoop.ozone.om.OmMetadataReader.getFileStatus(OmMetadataReader.java:262) ~[ozone-manager-1.4.0-SNAPSHOT.jar:?]
	at org.apache.hadoop.ozone.om.OzoneManager.getFileStatus(OzoneManager.java:3533) ~[ozone-manager-1.4.0-SNAPSHOT.jar:?]
	at org.apache.hadoop.ozone.protocolPB.OzoneManagerRequestHandler.getOzoneFileStatus(OzoneManagerRequestHandler.java:971) ~[ozone-manager-1.4.0-SNAPSHOT.jar:?]
	at org.apache.hadoop.ozone.protocolPB.OzoneManagerRequestHandler.handleReadRequest(OzoneManagerRequestHandler.java:250) ~[ozone-manager-1.4.0-SNAPSHOT.jar:?]
	at org.apache.hadoop.ozone.protocolPB.OzoneManagerProtocolServerSideTranslatorPB.submitRequestDirectlyToOM(OzoneManagerProtocolServerSideTranslatorPB.java:274) ~[ozone-manager-1.4.0-SNAPSHOT.jar:?]
	at org.apache.hadoop.ozone.protocolPB.OzoneManagerProtocolServerSideTranslatorPB.processRequest(OzoneManagerProtocolServerSideTranslatorPB.java:175) ~[ozone-manager-1.4.0-SNAPSHOT.jar:?]
	at org.apache.hadoop.hdds.server.OzoneProtocolMessageDispatcher.processRequest(OzoneProtocolMessageDispatcher.java:87) [hdds-server-framework-1.4.0-SNAPSHOT.jar:?]
	at org.apache.hadoop.ozone.protocolPB.OzoneManagerProtocolServerSideTranslatorPB.submitRequest(OzoneManagerProtocolServerSideTranslatorPB.java:148) [ozone-manager-1.4.0-SNAPSHOT.jar:?]
	at org.apache.hadoop.ozone.protocol.proto.OzoneManagerProtocolProtos$OzoneManagerService$2.callBlockingMethod(OzoneManagerProtocolProtos.java) [ozone-interface-client-1.4.0-SNAPSHOT.jar:?]
	at org.apache.hadoop.ipc.ProtobufRpcEngine$Server.processCall(ProtobufRpcEngine.java:484) [hadoop-common-3.3.6.jar:?]
	at org.apache.hadoop.ipc.ProtobufRpcEngine2$Server$ProtoBufRpcInvoker.call(ProtobufRpcEngine2.java:595) [hadoop-common-3.3.6.jar:?]
	at org.apache.hadoop.ipc.ProtobufRpcEngine2$Server$ProtoBufRpcInvoker.call(ProtobufRpcEngine2.java:573) [hadoop-common-3.3.6.jar:?]
	at org.apache.hadoop.ipc.RPC$Server.call(RPC.java:1227) [hadoop-common-3.3.6.jar:?]
	at org.apache.hadoop.ipc.Server$RpcCall.run(Server.java:1094) [hadoop-common-3.3.6.jar:?]
	at org.apache.hadoop.ipc.Server$RpcCall.run(Server.java:1017) [hadoop-common-3.3.6.jar:?]
	at java.security.AccessController.doPrivileged(Native Method) ~[?:1.8.0_382]
	at javax.security.auth.Subject.doAs(Subject.java:422) [?:1.8.0_382]
	at org.apache.hadoop.security.UserGroupInformation.doAs(UserGroupInformation.java:1899) [hadoop-common-3.3.6.jar:?]
	at org.apache.hadoop.ipc.Server$Handler.run(Server.java:3048) [hadoop-common-3.3.6.jar:?]
02:07:37.831 [IPC Server handler 0 on default port 15163] ERROR OMAudit - user=runner | ip=127.0.0.1 | op=GET_FILE_STATUS {volume=volume12196, bucket=bucket58129, key=level0/level2, dataSize=0, replicationConfig=null} | ret=FAILURE
org.apache.hadoop.ozone.om.exceptions.OMException: Unable to get file status: volume: volume12196 bucket: bucket58129 key: level0/level2
	at org.apache.hadoop.ozone.om.KeyManagerImpl.getOzoneFileStatus(KeyManagerImpl.java:1195) ~[ozone-manager-1.4.0-SNAPSHOT.jar:?]
	at org.apache.hadoop.ozone.om.KeyManagerImpl.getFileStatus(KeyManagerImpl.java:1113) ~[ozone-manager-1.4.0-SNAPSHOT.jar:?]
	at org.apache.hadoop.ozone.om.OmMetadataReader.getFileStatus(OmMetadataReader.java:262) ~[ozone-manager-1.4.0-SNAPSHOT.jar:?]
	at org.apache.hadoop.ozone.om.OzoneManager.getFileStatus(OzoneManager.java:3533) ~[ozone-manager-1.4.0-SNAPSHOT.jar:?]
	at org.apache.hadoop.ozone.protocolPB.OzoneManagerRequestHandler.getOzoneFileStatus(OzoneManagerRequestHandler.java:971) ~[ozone-manager-1.4.0-SNAPSHOT.jar:?]
	at org.apache.hadoop.ozone.protocolPB.OzoneManagerRequestHandler.handleReadRequest(OzoneManagerRequestHandler.java:250) ~[ozone-manager-1.4.0-SNAPSHOT.jar:?]
	at org.apache.hadoop.ozone.protocolPB.OzoneManagerProtocolServerSideTranslatorPB.submitRequestDirectlyToOM(OzoneManagerProtocolServerSideTranslatorPB.java:274) ~[ozone-manager-1.4.0-SNAPSHOT.jar:?]
	at org.apache.hadoop.ozone.protocolPB.OzoneManagerProtocolServerSideTranslatorPB.processRequest(OzoneManagerProtocolServerSideTranslatorPB.java:175) ~[ozone-manager-1.4.0-SNAPSHOT.jar:?]
	at org.apache.hadoop.hdds.server.OzoneProtocolMessageDispatcher.processRequest(OzoneProtocolMessageDispatcher.java:87) [hdds-server-framework-1.4.0-SNAPSHOT.jar:?]
	at org.apache.hadoop.ozone.protocolPB.OzoneManagerProtocolServerSideTranslatorPB.submitRequest(OzoneManagerProtocolServerSideTranslatorPB.java:148) [ozone-manager-1.4.0-SNAPSHOT.jar:?]
	at org.apache.hadoop.ozone.protocol.proto.OzoneManagerProtocolProtos$OzoneManagerService$2.callBlockingMethod(OzoneManagerProtocolProtos.java) [ozone-interface-client-1.4.0-SNAPSHOT.jar:?]
	at org.apache.hadoop.ipc.ProtobufRpcEngine$Server.processCall(ProtobufRpcEngine.java:484) [hadoop-common-3.3.6.jar:?]
	at org.apache.hadoop.ipc.ProtobufRpcEngine2$Server$ProtoBufRpcInvoker.call(ProtobufRpcEngine2.java:595) [hadoop-common-3.3.6.jar:?]
	at org.apache.hadoop.ipc.ProtobufRpcEngine2$Server$ProtoBufRpcInvoker.call(ProtobufRpcEngine2.java:573) [hadoop-common-3.3.6.jar:?]
	at org.apache.hadoop.ipc.RPC$Server.call(RPC.java:1227) [hadoop-common-3.3.6.jar:?]
	at org.apache.hadoop.ipc.Server$RpcCall.run(Server.java:1094) [hadoop-common-3.3.6.jar:?]
	at org.apache.hadoop.ipc.Server$RpcCall.run(Server.java:1017) [hadoop-common-3.3.6.jar:?]
	at java.security.AccessController.doPrivileged(Native Method) ~[?:1.8.0_382]
	at javax.security.auth.Subject.doAs(Subject.java:422) [?:1.8.0_382]
	at org.apache.hadoop.security.UserGroupInformation.doAs(UserGroupInformation.java:1899) [hadoop-common-3.3.6.jar:?]
	at org.apache.hadoop.ipc.Server$Handler.run(Server.java:3048) [hadoop-common-3.3.6.jar:?]
02:07:37.832 [IPC Server handler 4 on default port 15163] ERROR OMAudit - user=runner | ip=127.0.0.1 | op=GET_FILE_STATUS {volume=volume12196, bucket=bucket58129, key=level0/level2/level2, dataSize=0, replicationConfig=null} | ret=FAILURE
org.apache.hadoop.ozone.om.exceptions.OMException: Unable to get file status: volume: volume12196 bucket: bucket58129 key: level0/level2/level2
	at org.apache.hadoop.ozone.om.KeyManagerImpl.getOzoneFileStatus(KeyManagerImpl.java:1195) ~[ozone-manager-1.4.0-SNAPSHOT.jar:?]
	at org.apache.hadoop.ozone.om.KeyManagerImpl.getFileStatus(KeyManagerImpl.java:1113) ~[ozone-manager-1.4.0-SNAPSHOT.jar:?]
	at org.apache.hadoop.ozone.om.OmMetadataReader.getFileStatus(OmMetadataReader.java:262) ~[ozone-manager-1.4.0-SNAPSHOT.jar:?]
	at org.apache.hadoop.ozone.om.OzoneManager.getFileStatus(OzoneManager.java:3533) ~[ozone-manager-1.4.0-SNAPSHOT.jar:?]
	at org.apache.hadoop.ozone.protocolPB.OzoneManagerRequestHandler.getOzoneFileStatus(OzoneManagerRequestHandler.java:971) ~[ozone-manager-1.4.0-SNAPSHOT.jar:?]
	at org.apache.hadoop.ozone.protocolPB.OzoneManagerRequestHandler.handleReadRequest(OzoneManagerRequestHandler.java:250) ~[ozone-manager-1.4.0-SNAPSHOT.jar:?]
	at org.apache.hadoop.ozone.protocolPB.OzoneManagerProtocolServerSideTranslatorPB.submitRequestDirectlyToOM(OzoneManagerProtocolServerSideTranslatorPB.java:274) ~[ozone-manager-1.4.0-SNAPSHOT.jar:?]
	at org.apache.hadoop.ozone.protocolPB.OzoneManagerProtocolServerSideTranslatorPB.processRequest(OzoneManagerProtocolServerSideTranslatorPB.java:175) ~[ozone-manager-1.4.0-SNAPSHOT.jar:?]
	at org.apache.hadoop.hdds.server.OzoneProtocolMessageDispatcher.processRequest(OzoneProtocolMessageDispatcher.java:87) [hdds-server-framework-1.4.0-SNAPSHOT.jar:?]
	at org.apache.hadoop.ozone.protocolPB.OzoneManagerProtocolServerSideTranslatorPB.submitRequest(OzoneManagerProtocolServerSideTranslatorPB.java:148) [ozone-manager-1.4.0-SNAPSHOT.jar:?]
	at org.apache.hadoop.ozone.protocol.proto.OzoneManagerProtocolProtos$OzoneManagerService$2.callBlockingMethod(OzoneManagerProtocolProtos.java) [ozone-interface-client-1.4.0-SNAPSHOT.jar:?]
	at org.apache.hadoop.ipc.ProtobufRpcEngine$Server.processCall(ProtobufRpcEngine.java:484) [hadoop-common-3.3.6.jar:?]
	at org.apache.hadoop.ipc.ProtobufRpcEngine2$Server$ProtoBufRpcInvoker.call(ProtobufRpcEngine2.java:595) [hadoop-common-3.3.6.jar:?]
	at org.apache.hadoop.ipc.ProtobufRpcEngine2$Server$ProtoBufRpcInvoker.call(ProtobufRpcEngine2.java:573) [hadoop-common-3.3.6.jar:?]
	at org.apache.hadoop.ipc.RPC$Server.call(RPC.java:1227) [hadoop-common-3.3.6.jar:?]
	at org.apache.hadoop.ipc.Server$RpcCall.run(Server.java:1094) [hadoop-common-3.3.6.jar:?]
	at org.apache.hadoop.ipc.Server$RpcCall.run(Server.java:1017) [hadoop-common-3.3.6.jar:?]
	at java.security.AccessController.doPrivileged(Native Method) ~[?:1.8.0_382]
	at javax.security.auth.Subject.doAs(Subject.java:422) [?:1.8.0_382]
	at org.apache.hadoop.security.UserGroupInformation.doAs(UserGroupInformation.java:1899) [hadoop-common-3.3.6.jar:?]
	at org.apache.hadoop.ipc.Server$Handler.run(Server.java:3048) [hadoop-common-3.3.6.jar:?]
02:07:37.836 [IPC Server handler 5 on default port 15163] ERROR OMAudit - user=runner | ip=127.0.0.1 | op=GET_FILE_STATUS {volume=volume12196, bucket=bucket58129, key=level0/level2/file1, dataSize=0, replicationConfig=null} | ret=FAILURE
org.apache.hadoop.ozone.om.exceptions.OMException: Unable to get file status: volume: volume12196 bucket: bucket58129 key: level0/level2/file1
	at org.apache.hadoop.ozone.om.KeyManagerImpl.getOzoneFileStatus(KeyManagerImpl.java:1195) ~[ozone-manager-1.4.0-SNAPSHOT.jar:?]
	at org.apache.hadoop.ozone.om.KeyManagerImpl.getFileStatus(KeyManagerImpl.java:1113) ~[ozone-manager-1.4.0-SNAPSHOT.jar:?]
	at org.apache.hadoop.ozone.om.OmMetadataReader.getFileStatus(OmMetadataReader.java:262) ~[ozone-manager-1.4.0-SNAPSHOT.jar:?]
	at org.apache.hadoop.ozone.om.OzoneManager.getFileStatus(OzoneManager.java:3533) ~[ozone-manager-1.4.0-SNAPSHOT.jar:?]
	at org.apache.hadoop.ozone.protocolPB.OzoneManagerRequestHandler.getOzoneFileStatus(OzoneManagerRequestHandler.java:971) ~[ozone-manager-1.4.0-SNAPSHOT.jar:?]
	at org.apache.hadoop.ozone.protocolPB.OzoneManagerRequestHandler.handleReadRequest(OzoneManagerRequestHandler.java:250) ~[ozone-manager-1.4.0-SNAPSHOT.jar:?]
	at org.apache.hadoop.ozone.protocolPB.OzoneManagerProtocolServerSideTranslatorPB.submitRequestDirectlyToOM(OzoneManagerProtocolServerSideTranslatorPB.java:274) ~[ozone-manager-1.4.0-SNAPSHOT.jar:?]
	at org.apache.hadoop.ozone.protocolPB.OzoneManagerProtocolServerSideTranslatorPB.processRequest(OzoneManagerProtocolServerSideTranslatorPB.java:175) ~[ozone-manager-1.4.0-SNAPSHOT.jar:?]
	at org.apache.hadoop.hdds.server.OzoneProtocolMessageDispatcher.processRequest(OzoneProtocolMessageDispatcher.java:87) [hdds-server-framework-1.4.0-SNAPSHOT.jar:?]
	at org.apache.hadoop.ozone.protocolPB.OzoneManagerProtocolServerSideTranslatorPB.submitRequest(OzoneManagerProtocolServerSideTranslatorPB.java:148) [ozone-manager-1.4.0-SNAPSHOT.jar:?]
	at org.apache.hadoop.ozone.protocol.proto.OzoneManagerProtocolProtos$OzoneManagerService$2.callBlockingMethod(OzoneManagerProtocolProtos.java) [ozone-interface-client-1.4.0-SNAPSHOT.jar:?]
	at org.apache.hadoop.ipc.ProtobufRpcEngine$Server.processCall(ProtobufRpcEngine.java:484) [hadoop-common-3.3.6.jar:?]
	at org.apache.hadoop.ipc.ProtobufRpcEngine2$Server$ProtoBufRpcInvoker.call(ProtobufRpcEngine2.java:595) [hadoop-common-3.3.6.jar:?]
	at org.apache.hadoop.ipc.ProtobufRpcEngine2$Server$ProtoBufRpcInvoker.call(ProtobufRpcEngine2.java:573) [hadoop-common-3.3.6.jar:?]
	at org.apache.hadoop.ipc.RPC$Server.call(RPC.java:1227) [hadoop-common-3.3.6.jar:?]
	at org.apache.hadoop.ipc.Server$RpcCall.run(Server.java:1094) [hadoop-common-3.3.6.jar:?]
	at org.apache.hadoop.ipc.Server$RpcCall.run(Server.java:1017) [hadoop-common-3.3.6.jar:?]
	at java.security.AccessController.doPrivileged(Native Method) ~[?:1.8.0_382]
	at javax.security.auth.Subject.doAs(Subject.java:422) [?:1.8.0_382]
	at org.apache.hadoop.security.UserGroupInformation.doAs(UserGroupInformation.java:1899) [hadoop-common-3.3.6.jar:?]
	at org.apache.hadoop.ipc.Server$Handler.run(Server.java:3048) [hadoop-common-3.3.6.jar:?]
02:07:37.836 [IPC Server handler 6 on default port 15163] ERROR OMAudit - user=runner | ip=127.0.0.1 | op=GET_FILE_STATUS {volume=volume12196, bucket=bucket58129, key=level0/level2/level2/file1, dataSize=0, replicationConfig=null} | ret=FAILURE
org.apache.hadoop.ozone.om.exceptions.OMException: Unable to get file status: volume: volume12196 bucket: bucket58129 key: level0/level2/level2/file1
	at org.apache.hadoop.ozone.om.KeyManagerImpl.getOzoneFileStatus(KeyManagerImpl.java:1195) ~[ozone-manager-1.4.0-SNAPSHOT.jar:?]
	at org.apache.hadoop.ozone.om.KeyManagerImpl.getFileStatus(KeyManagerImpl.java:1113) ~[ozone-manager-1.4.0-SNAPSHOT.jar:?]
	at org.apache.hadoop.ozone.om.OmMetadataReader.getFileStatus(OmMetadataReader.java:262) ~[ozone-manager-1.4.0-SNAPSHOT.jar:?]
	at org.apache.hadoop.ozone.om.OzoneManager.getFileStatus(OzoneManager.java:3533) ~[ozone-manager-1.4.0-SNAPSHOT.jar:?]
	at org.apache.hadoop.ozone.protocolPB.OzoneManagerRequestHandler.getOzoneFileStatus(OzoneManagerRequestHandler.java:971) ~[ozone-manager-1.4.0-SNAPSHOT.jar:?]
	at org.apache.hadoop.ozone.protocolPB.OzoneManagerRequestHandler.handleReadRequest(OzoneManagerRequestHandler.java:250) ~[ozone-manager-1.4.0-SNAPSHOT.jar:?]
	at org.apache.hadoop.ozone.protocolPB.OzoneManagerProtocolServerSideTranslatorPB.submitRequestDirectlyToOM(OzoneManagerProtocolServerSideTranslatorPB.java:274) ~[ozone-manager-1.4.0-SNAPSHOT.jar:?]
	at org.apache.hadoop.ozone.protocolPB.OzoneManagerProtocolServerSideTranslatorPB.processRequest(OzoneManagerProtocolServerSideTranslatorPB.java:175) ~[ozone-manager-1.4.0-SNAPSHOT.jar:?]
	at org.apache.hadoop.hdds.server.OzoneProtocolMessageDispatcher.processRequest(OzoneProtocolMessageDispatcher.java:87) [hdds-server-framework-1.4.0-SNAPSHOT.jar:?]
	at org.apache.hadoop.ozone.protocolPB.OzoneManagerProtocolServerSideTranslatorPB.submitRequest(OzoneManagerProtocolServerSideTranslatorPB.java:148) [ozone-manager-1.4.0-SNAPSHOT.jar:?]
	at org.apache.hadoop.ozone.protocol.proto.OzoneManagerProtocolProtos$OzoneManagerService$2.callBlockingMethod(OzoneManagerProtocolProtos.java) [ozone-interface-client-1.4.0-SNAPSHOT.jar:?]
	at org.apache.hadoop.ipc.ProtobufRpcEngine$Server.processCall(ProtobufRpcEngine.java:484) [hadoop-common-3.3.6.jar:?]
	at org.apache.hadoop.ipc.ProtobufRpcEngine2$Server$ProtoBufRpcInvoker.call(ProtobufRpcEngine2.java:595) [hadoop-common-3.3.6.jar:?]
	at org.apache.hadoop.ipc.ProtobufRpcEngine2$Server$ProtoBufRpcInvoker.call(ProtobufRpcEngine2.java:573) [hadoop-common-3.3.6.jar:?]
	at org.apache.hadoop.ipc.RPC$Server.call(RPC.java:1227) [hadoop-common-3.3.6.jar:?]
	at org.apache.hadoop.ipc.Server$RpcCall.run(Server.java:1094) [hadoop-common-3.3.6.jar:?]
	at org.apache.hadoop.ipc.Server$RpcCall.run(Server.java:1017) [hadoop-common-3.3.6.jar:?]
	at java.security.AccessController.doPrivileged(Native Method) ~[?:1.8.0_382]
	at javax.security.auth.Subject.doAs(Subject.java:422) [?:1.8.0_382]
	at org.apache.hadoop.security.UserGroupInformation.doAs(UserGroupInformation.java:1899) [hadoop-common-3.3.6.jar:?]
	at org.apache.hadoop.ipc.Server$Handler.run(Server.java:3048) [hadoop-common-3.3.6.jar:?]
02:07:37.837 [IPC Server handler 7 on default port 15163] ERROR OMAudit - user=runner | ip=127.0.0.1 | op=GET_FILE_STATUS {volume=volume12196, bucket=bucket58129, key=level0/level3, dataSize=0, replicationConfig=null} | ret=FAILURE
org.apache.hadoop.ozone.om.exceptions.OMException: Unable to get file status: volume: volume12196 bucket: bucket58129 key: level0/level3
	at org.apache.hadoop.ozone.om.KeyManagerImpl.getOzoneFileStatus(KeyManagerImpl.java:1195) ~[ozone-manager-1.4.0-SNAPSHOT.jar:?]
	at org.apache.hadoop.ozone.om.KeyManagerImpl.getFileStatus(KeyManagerImpl.java:1113) ~[ozone-manager-1.4.0-SNAPSHOT.jar:?]
	at org.apache.hadoop.ozone.om.OmMetadataReader.getFileStatus(OmMetadataReader.java:262) ~[ozone-manager-1.4.0-SNAPSHOT.jar:?]
	at org.apache.hadoop.ozone.om.OzoneManager.getFileStatus(OzoneManager.java:3533) ~[ozone-manager-1.4.0-SNAPSHOT.jar:?]
	at org.apache.hadoop.ozone.protocolPB.OzoneManagerRequestHandler.getOzoneFileStatus(OzoneManagerRequestHandler.java:971) ~[ozone-manager-1.4.0-SNAPSHOT.jar:?]
	at org.apache.hadoop.ozone.protocolPB.OzoneManagerRequestHandler.handleReadRequest(OzoneManagerRequestHandler.java:250) ~[ozone-manager-1.4.0-SNAPSHOT.jar:?]
	at org.apache.hadoop.ozone.protocolPB.OzoneManagerProtocolServerSideTranslatorPB.submitRequestDirectlyToOM(OzoneManagerProtocolServerSideTranslatorPB.java:274) ~[ozone-manager-1.4.0-SNAPSHOT.jar:?]
	at org.apache.hadoop.ozone.protocolPB.OzoneManagerProtocolServerSideTranslatorPB.processRequest(OzoneManagerProtocolServerSideTranslatorPB.java:175) ~[ozone-manager-1.4.0-SNAPSHOT.jar:?]
	at org.apache.hadoop.hdds.server.OzoneProtocolMessageDispatcher.processRequest(OzoneProtocolMessageDispatcher.java:87) [hdds-server-framework-1.4.0-SNAPSHOT.jar:?]
	at org.apache.hadoop.ozone.protocolPB.OzoneManagerProtocolServerSideTranslatorPB.submitRequest(OzoneManagerProtocolServerSideTranslatorPB.java:148) [ozone-manager-1.4.0-SNAPSHOT.jar:?]
	at org.apache.hadoop.ozone.protocol.proto.OzoneManagerProtocolProtos$OzoneManagerService$2.callBlockingMethod(OzoneManagerProtocolProtos.java) [ozone-interface-client-1.4.0-SNAPSHOT.jar:?]
	at org.apache.hadoop.ipc.ProtobufRpcEngine$Server.processCall(ProtobufRpcEngine.java:484) [hadoop-common-3.3.6.jar:?]
	at org.apache.hadoop.ipc.ProtobufRpcEngine2$Server$ProtoBufRpcInvoker.call(ProtobufRpcEngine2.java:595) [hadoop-common-3.3.6.jar:?]
	at org.apache.hadoop.ipc.ProtobufRpcEngine2$Server$ProtoBufRpcInvoker.call(ProtobufRpcEngine2.java:573) [hadoop-common-3.3.6.jar:?]
	at org.apache.hadoop.ipc.RPC$Server.call(RPC.java:1227) [hadoop-common-3.3.6.jar:?]
	at org.apache.hadoop.ipc.Server$RpcCall.run(Server.java:1094) [hadoop-common-3.3.6.jar:?]
	at org.apache.hadoop.ipc.Server$RpcCall.run(Server.java:1017) [hadoop-common-3.3.6.jar:?]
	at java.security.AccessController.doPrivileged(Native Method) ~[?:1.8.0_382]
	at javax.security.auth.Subject.doAs(Subject.java:422) [?:1.8.0_382]
	at org.apache.hadoop.security.UserGroupInformation.doAs(UserGroupInformation.java:1899) [hadoop-common-3.3.6.jar:?]
	at org.apache.hadoop.ipc.Server$Handler.run(Server.java:3048) [hadoop-common-3.3.6.jar:?]
02:07:37.839 [IPC Server handler 9 on default port 15163] ERROR OMAudit - user=runner | ip=127.0.0.1 | op=GET_FILE_STATUS {volume=volume12196, bucket=bucket58129, key=level0/level3/level3, dataSize=0, replicationConfig=null} | ret=FAILURE
org.apache.hadoop.ozone.om.exceptions.OMException: Unable to get file status: volume: volume12196 bucket: bucket58129 key: level0/level3/level3
	at org.apache.hadoop.ozone.om.KeyManagerImpl.getOzoneFileStatus(KeyManagerImpl.java:1195) ~[ozone-manager-1.4.0-SNAPSHOT.jar:?]
	at org.apache.hadoop.ozone.om.KeyManagerImpl.getFileStatus(KeyManagerImpl.java:1113) ~[ozone-manager-1.4.0-SNAPSHOT.jar:?]
	at org.apache.hadoop.ozone.om.OmMetadataReader.getFileStatus(OmMetadataReader.java:262) ~[ozone-manager-1.4.0-SNAPSHOT.jar:?]
	at org.apache.hadoop.ozone.om.OzoneManager.getFileStatus(OzoneManager.java:3533) ~[ozone-manager-1.4.0-SNAPSHOT.jar:?]
	at org.apache.hadoop.ozone.protocolPB.OzoneManagerRequestHandler.getOzoneFileStatus(OzoneManagerRequestHandler.java:971) ~[ozone-manager-1.4.0-SNAPSHOT.jar:?]
	at org.apache.hadoop.ozone.protocolPB.OzoneManagerRequestHandler.handleReadRequest(OzoneManagerRequestHandler.java:250) ~[ozone-manager-1.4.0-SNAPSHOT.jar:?]
	at org.apache.hadoop.ozone.protocolPB.OzoneManagerProtocolServerSideTranslatorPB.submitRequestDirectlyToOM(OzoneManagerProtocolServerSideTranslatorPB.java:274) ~[ozone-manager-1.4.0-SNAPSHOT.jar:?]
	at org.apache.hadoop.ozone.protocolPB.OzoneManagerProtocolServerSideTranslatorPB.processRequest(OzoneManagerProtocolServerSideTranslatorPB.java:175) ~[ozone-manager-1.4.0-SNAPSHOT.jar:?]
	at org.apache.hadoop.hdds.server.OzoneProtocolMessageDispatcher.processRequest(OzoneProtocolMessageDispatcher.java:87) [hdds-server-framework-1.4.0-SNAPSHOT.jar:?]
	at org.apache.hadoop.ozone.protocolPB.OzoneManagerProtocolServerSideTranslatorPB.submitRequest(OzoneManagerProtocolServerSideTranslatorPB.java:148) [ozone-manager-1.4.0-SNAPSHOT.jar:?]
	at org.apache.hadoop.ozone.protocol.proto.OzoneManagerProtocolProtos$OzoneManagerService$2.callBlockingMethod(OzoneManagerProtocolProtos.java) [ozone-interface-client-1.4.0-SNAPSHOT.jar:?]
	at org.apache.hadoop.ipc.ProtobufRpcEngine$Server.processCall(ProtobufRpcEngine.java:484) [hadoop-common-3.3.6.jar:?]
	at org.apache.hadoop.ipc.ProtobufRpcEngine2$Server$ProtoBufRpcInvoker.call(ProtobufRpcEngine2.java:595) [hadoop-common-3.3.6.jar:?]
	at org.apache.hadoop.ipc.ProtobufRpcEngine2$Server$ProtoBufRpcInvoker.call(ProtobufRpcEngine2.java:573) [hadoop-common-3.3.6.jar:?]
	at org.apache.hadoop.ipc.RPC$Server.call(RPC.java:1227) [hadoop-common-3.3.6.jar:?]
	at org.apache.hadoop.ipc.Server$RpcCall.run(Server.java:1094) [hadoop-common-3.3.6.jar:?]
	at org.apache.hadoop.ipc.Server$RpcCall.run(Server.java:1017) [hadoop-common-3.3.6.jar:?]
	at java.security.AccessController.doPrivileged(Native Method) ~[?:1.8.0_382]
	at javax.security.auth.Subject.doAs(Subject.java:422) [?:1.8.0_382]
	at org.apache.hadoop.security.UserGroupInformation.doAs(UserGroupInformation.java:1899) [hadoop-common-3.3.6.jar:?]
	at org.apache.hadoop.ipc.Server$Handler.run(Server.java:3048) [hadoop-common-3.3.6.jar:?]
02:07:37.840 [IPC Server handler 10 on default port 15163] ERROR OMAudit - user=runner | ip=127.0.0.1 | op=GET_FILE_STATUS {volume=volume12196, bucket=bucket58129, key=level0/level3/file1, dataSize=0, replicationConfig=null} | ret=FAILURE
org.apache.hadoop.ozone.om.exceptions.OMException: Unable to get file status: volume: volume12196 bucket: bucket58129 key: level0/level3/file1
	at org.apache.hadoop.ozone.om.KeyManagerImpl.getOzoneFileStatus(KeyManagerImpl.java:1195) ~[ozone-manager-1.4.0-SNAPSHOT.jar:?]
	at org.apache.hadoop.ozone.om.KeyManagerImpl.getFileStatus(KeyManagerImpl.java:1113) ~[ozone-manager-1.4.0-SNAPSHOT.jar:?]
	at org.apache.hadoop.ozone.om.OmMetadataReader.getFileStatus(OmMetadataReader.java:262) ~[ozone-manager-1.4.0-SNAPSHOT.jar:?]
	at org.apache.hadoop.ozone.om.OzoneManager.getFileStatus(OzoneManager.java:3533) ~[ozone-manager-1.4.0-SNAPSHOT.jar:?]
	at org.apache.hadoop.ozone.protocolPB.OzoneManagerRequestHandler.getOzoneFileStatus(OzoneManagerRequestHandler.java:971) ~[ozone-manager-1.4.0-SNAPSHOT.jar:?]
	at org.apache.hadoop.ozone.protocolPB.OzoneManagerRequestHandler.handleReadRequest(OzoneManagerRequestHandler.java:250) ~[ozone-manager-1.4.0-SNAPSHOT.jar:?]
	at org.apache.hadoop.ozone.protocolPB.OzoneManagerProtocolServerSideTranslatorPB.submitRequestDirectlyToOM(OzoneManagerProtocolServerSideTranslatorPB.java:274) ~[ozone-manager-1.4.0-SNAPSHOT.jar:?]
	at org.apache.hadoop.ozone.protocolPB.OzoneManagerProtocolServerSideTranslatorPB.processRequest(OzoneManagerProtocolServerSideTranslatorPB.java:175) ~[ozone-manager-1.4.0-SNAPSHOT.jar:?]
	at org.apache.hadoop.hdds.server.OzoneProtocolMessageDispatcher.processRequest(OzoneProtocolMessageDispatcher.java:87) [hdds-server-framework-1.4.0-SNAPSHOT.jar:?]
	at org.apache.hadoop.ozone.protocolPB.OzoneManagerProtocolServerSideTranslatorPB.submitRequest(OzoneManagerProtocolServerSideTranslatorPB.java:148) [ozone-manager-1.4.0-SNAPSHOT.jar:?]
	at org.apache.hadoop.ozone.protocol.proto.OzoneManagerProtocolProtos$OzoneManagerService$2.callBlockingMethod(OzoneManagerProtocolProtos.java) [ozone-interface-client-1.4.0-SNAPSHOT.jar:?]
	at org.apache.hadoop.ipc.ProtobufRpcEngine$Server.processCall(ProtobufRpcEngine.java:484) [hadoop-common-3.3.6.jar:?]
	at org.apache.hadoop.ipc.ProtobufRpcEngine2$Server$ProtoBufRpcInvoker.call(ProtobufRpcEngine2.java:595) [hadoop-common-3.3.6.jar:?]
	at org.apache.hadoop.ipc.ProtobufRpcEngine2$Server$ProtoBufRpcInvoker.call(ProtobufRpcEngine2.java:573) [hadoop-common-3.3.6.jar:?]
	at org.apache.hadoop.ipc.RPC$Server.call(RPC.java:1227) [hadoop-common-3.3.6.jar:?]
	at org.apache.hadoop.ipc.Server$RpcCall.run(Server.java:1094) [hadoop-common-3.3.6.jar:?]
	at org.apache.hadoop.ipc.Server$RpcCall.run(Server.java:1017) [hadoop-common-3.3.6.jar:?]
	at java.security.AccessController.doPrivileged(Native Method) ~[?:1.8.0_382]
	at javax.security.auth.Subject.doAs(Subject.java:422) [?:1.8.0_382]
	at org.apache.hadoop.security.UserGroupInformation.doAs(UserGroupInformation.java:1899) [hadoop-common-3.3.6.jar:?]
	at org.apache.hadoop.ipc.Server$Handler.run(Server.java:3048) [hadoop-common-3.3.6.jar:?]
02:07:37.841 [IPC Server handler 11 on default port 15163] ERROR OMAudit - user=runner | ip=127.0.0.1 | op=GET_FILE_STATUS {volume=volume12196, bucket=bucket58129, key=level0/level3/level3/file1, dataSize=0, replicationConfig=null} | ret=FAILURE
org.apache.hadoop.ozone.om.exceptions.OMException: Unable to get file status: volume: volume12196 bucket: bucket58129 key: level0/level3/level3/file1
	at org.apache.hadoop.ozone.om.KeyManagerImpl.getOzoneFileStatus(KeyManagerImpl.java:1195) ~[ozone-manager-1.4.0-SNAPSHOT.jar:?]
	at org.apache.hadoop.ozone.om.KeyManagerImpl.getFileStatus(KeyManagerImpl.java:1113) ~[ozone-manager-1.4.0-SNAPSHOT.jar:?]
	at org.apache.hadoop.ozone.om.OmMetadataReader.getFileStatus(OmMetadataReader.java:262) ~[ozone-manager-1.4.0-SNAPSHOT.jar:?]
	at org.apache.hadoop.ozone.om.OzoneManager.getFileStatus(OzoneManager.java:3533) ~[ozone-manager-1.4.0-SNAPSHOT.jar:?]
	at org.apache.hadoop.ozone.protocolPB.OzoneManagerRequestHandler.getOzoneFileStatus(OzoneManagerRequestHandler.java:971) ~[ozone-manager-1.4.0-SNAPSHOT.jar:?]
	at org.apache.hadoop.ozone.protocolPB.OzoneManagerRequestHandler.handleReadRequest(OzoneManagerRequestHandler.java:250) ~[ozone-manager-1.4.0-SNAPSHOT.jar:?]
	at org.apache.hadoop.ozone.protocolPB.OzoneManagerProtocolServerSideTranslatorPB.submitRequestDirectlyToOM(OzoneManagerProtocolServerSideTranslatorPB.java:274) ~[ozone-manager-1.4.0-SNAPSHOT.jar:?]
	at org.apache.hadoop.ozone.protocolPB.OzoneManagerProtocolServerSideTranslatorPB.processRequest(OzoneManagerProtocolServerSideTranslatorPB.java:175) ~[ozone-manager-1.4.0-SNAPSHOT.jar:?]
	at org.apache.hadoop.hdds.server.OzoneProtocolMessageDispatcher.processRequest(OzoneProtocolMessageDispatcher.java:87) [hdds-server-framework-1.4.0-SNAPSHOT.jar:?]
	at org.apache.hadoop.ozone.protocolPB.OzoneManagerProtocolServerSideTranslatorPB.submitRequest(OzoneManagerProtocolServerSideTranslatorPB.java:148) [ozone-manager-1.4.0-SNAPSHOT.jar:?]
	at org.apache.hadoop.ozone.protocol.proto.OzoneManagerProtocolProtos$OzoneManagerService$2.callBlockingMethod(OzoneManagerProtocolProtos.java) [ozone-interface-client-1.4.0-SNAPSHOT.jar:?]
	at org.apache.hadoop.ipc.ProtobufRpcEngine$Server.processCall(ProtobufRpcEngine.java:484) [hadoop-common-3.3.6.jar:?]
	at org.apache.hadoop.ipc.ProtobufRpcEngine2$Server$ProtoBufRpcInvoker.call(ProtobufRpcEngine2.java:595) [hadoop-common-3.3.6.jar:?]
	at org.apache.hadoop.ipc.ProtobufRpcEngine2$Server$ProtoBufRpcInvoker.call(ProtobufRpcEngine2.java:573) [hadoop-common-3.3.6.jar:?]
	at org.apache.hadoop.ipc.RPC$Server.call(RPC.java:1227) [hadoop-common-3.3.6.jar:?]
	at org.apache.hadoop.ipc.Server$RpcCall.run(Server.java:1094) [hadoop-common-3.3.6.jar:?]
	at org.apache.hadoop.ipc.Server$RpcCall.run(Server.java:1017) [hadoop-common-3.3.6.jar:?]
	at java.security.AccessController.doPrivileged(Native Method) ~[?:1.8.0_382]
	at javax.security.auth.Subject.doAs(Subject.java:422) [?:1.8.0_382]
	at org.apache.hadoop.security.UserGroupInformation.doAs(UserGroupInformation.java:1899) [hadoop-common-3.3.6.jar:?]
	at org.apache.hadoop.ipc.Server$Handler.run(Server.java:3048) [hadoop-common-3.3.6.jar:?]
]]></system-out>
  </testcase>
  <testcase name="testGetTrashRoots" classname="TestOzoneFileSystem" time="0.066">
    <system-out><![CDATA[02:04:08.340 [IPC Server handler 10 on default port 15004] ERROR OMAudit - user=runner | ip=127.0.0.1 | op=GET_FILE_STATUS {volume=volume43289, bucket=bucket29045, key=.Trash/runner, dataSize=0, replicationConfig=null} | ret=FAILURE
org.apache.hadoop.ozone.om.exceptions.OMException: Unable to get file status: volume: volume43289 bucket: bucket29045 key: .Trash/runner
	at org.apache.hadoop.ozone.om.KeyManagerImpl.getOzoneFileStatus(KeyManagerImpl.java:1195) ~[ozone-manager-1.4.0-SNAPSHOT.jar:?]
	at org.apache.hadoop.ozone.om.KeyManagerImpl.getFileStatus(KeyManagerImpl.java:1113) ~[ozone-manager-1.4.0-SNAPSHOT.jar:?]
	at org.apache.hadoop.ozone.om.OmMetadataReader.getFileStatus(OmMetadataReader.java:262) ~[ozone-manager-1.4.0-SNAPSHOT.jar:?]
	at org.apache.hadoop.ozone.om.OzoneManager.getFileStatus(OzoneManager.java:3533) ~[ozone-manager-1.4.0-SNAPSHOT.jar:?]
	at org.apache.hadoop.ozone.protocolPB.OzoneManagerRequestHandler.getOzoneFileStatus(OzoneManagerRequestHandler.java:971) ~[ozone-manager-1.4.0-SNAPSHOT.jar:?]
	at org.apache.hadoop.ozone.protocolPB.OzoneManagerRequestHandler.handleReadRequest(OzoneManagerRequestHandler.java:250) ~[ozone-manager-1.4.0-SNAPSHOT.jar:?]
	at org.apache.hadoop.ozone.protocolPB.OzoneManagerProtocolServerSideTranslatorPB.submitReadRequestToOM(OzoneManagerProtocolServerSideTranslatorPB.java:225) ~[ozone-manager-1.4.0-SNAPSHOT.jar:?]
	at org.apache.hadoop.ozone.protocolPB.OzoneManagerProtocolServerSideTranslatorPB.processRequest(OzoneManagerProtocolServerSideTranslatorPB.java:179) ~[ozone-manager-1.4.0-SNAPSHOT.jar:?]
	at org.apache.hadoop.hdds.server.OzoneProtocolMessageDispatcher.processRequest(OzoneProtocolMessageDispatcher.java:87) [hdds-server-framework-1.4.0-SNAPSHOT.jar:?]
	at org.apache.hadoop.ozone.protocolPB.OzoneManagerProtocolServerSideTranslatorPB.submitRequest(OzoneManagerProtocolServerSideTranslatorPB.java:148) [ozone-manager-1.4.0-SNAPSHOT.jar:?]
	at org.apache.hadoop.ozone.protocol.proto.OzoneManagerProtocolProtos$OzoneManagerService$2.callBlockingMethod(OzoneManagerProtocolProtos.java) [ozone-interface-client-1.4.0-SNAPSHOT.jar:?]
	at org.apache.hadoop.ipc.ProtobufRpcEngine$Server.processCall(ProtobufRpcEngine.java:484) [hadoop-common-3.3.6.jar:?]
	at org.apache.hadoop.ipc.ProtobufRpcEngine2$Server$ProtoBufRpcInvoker.call(ProtobufRpcEngine2.java:595) [hadoop-common-3.3.6.jar:?]
	at org.apache.hadoop.ipc.ProtobufRpcEngine2$Server$ProtoBufRpcInvoker.call(ProtobufRpcEngine2.java:573) [hadoop-common-3.3.6.jar:?]
	at org.apache.hadoop.ipc.RPC$Server.call(RPC.java:1227) [hadoop-common-3.3.6.jar:?]
	at org.apache.hadoop.ipc.Server$RpcCall.run(Server.java:1094) [hadoop-common-3.3.6.jar:?]
	at org.apache.hadoop.ipc.Server$RpcCall.run(Server.java:1017) [hadoop-common-3.3.6.jar:?]
	at java.security.AccessController.doPrivileged(Native Method) ~[?:1.8.0_382]
	at javax.security.auth.Subject.doAs(Subject.java:422) [?:1.8.0_382]
	at org.apache.hadoop.security.UserGroupInformation.doAs(UserGroupInformation.java:1899) [hadoop-common-3.3.6.jar:?]
	at org.apache.hadoop.ipc.Server$Handler.run(Server.java:3048) [hadoop-common-3.3.6.jar:?]
]]></system-out>
  </testcase>
  <testcase name="testGetTrashRoots" classname="TestOzoneFileSystem" time="0.038">
    <system-out><![CDATA[02:05:28.139 [IPC Server handler 6 on default port 15057] ERROR OMAudit - user=runner | ip=127.0.0.1 | op=GET_FILE_STATUS {volume=volume43065, bucket=bucket81401, key=.Trash/runner, dataSize=0, replicationConfig=null} | ret=FAILURE
org.apache.hadoop.ozone.om.exceptions.OMException: Unable to get file status: volume: volume43065 bucket: bucket81401 key: .Trash/runner
	at org.apache.hadoop.ozone.om.KeyManagerImpl.getOzoneFileStatus(KeyManagerImpl.java:1195) ~[ozone-manager-1.4.0-SNAPSHOT.jar:?]
	at org.apache.hadoop.ozone.om.KeyManagerImpl.getFileStatus(KeyManagerImpl.java:1113) ~[ozone-manager-1.4.0-SNAPSHOT.jar:?]
	at org.apache.hadoop.ozone.om.OmMetadataReader.getFileStatus(OmMetadataReader.java:262) ~[ozone-manager-1.4.0-SNAPSHOT.jar:?]
	at org.apache.hadoop.ozone.om.OzoneManager.getFileStatus(OzoneManager.java:3533) ~[ozone-manager-1.4.0-SNAPSHOT.jar:?]
	at org.apache.hadoop.ozone.protocolPB.OzoneManagerRequestHandler.getOzoneFileStatus(OzoneManagerRequestHandler.java:971) ~[ozone-manager-1.4.0-SNAPSHOT.jar:?]
	at org.apache.hadoop.ozone.protocolPB.OzoneManagerRequestHandler.handleReadRequest(OzoneManagerRequestHandler.java:250) ~[ozone-manager-1.4.0-SNAPSHOT.jar:?]
	at org.apache.hadoop.ozone.protocolPB.OzoneManagerProtocolServerSideTranslatorPB.submitRequestDirectlyToOM(OzoneManagerProtocolServerSideTranslatorPB.java:274) ~[ozone-manager-1.4.0-SNAPSHOT.jar:?]
	at org.apache.hadoop.ozone.protocolPB.OzoneManagerProtocolServerSideTranslatorPB.processRequest(OzoneManagerProtocolServerSideTranslatorPB.java:175) ~[ozone-manager-1.4.0-SNAPSHOT.jar:?]
	at org.apache.hadoop.hdds.server.OzoneProtocolMessageDispatcher.processRequest(OzoneProtocolMessageDispatcher.java:87) [hdds-server-framework-1.4.0-SNAPSHOT.jar:?]
	at org.apache.hadoop.ozone.protocolPB.OzoneManagerProtocolServerSideTranslatorPB.submitRequest(OzoneManagerProtocolServerSideTranslatorPB.java:148) [ozone-manager-1.4.0-SNAPSHOT.jar:?]
	at org.apache.hadoop.ozone.protocol.proto.OzoneManagerProtocolProtos$OzoneManagerService$2.callBlockingMethod(OzoneManagerProtocolProtos.java) [ozone-interface-client-1.4.0-SNAPSHOT.jar:?]
	at org.apache.hadoop.ipc.ProtobufRpcEngine$Server.processCall(ProtobufRpcEngine.java:484) [hadoop-common-3.3.6.jar:?]
	at org.apache.hadoop.ipc.ProtobufRpcEngine2$Server$ProtoBufRpcInvoker.call(ProtobufRpcEngine2.java:595) [hadoop-common-3.3.6.jar:?]
	at org.apache.hadoop.ipc.ProtobufRpcEngine2$Server$ProtoBufRpcInvoker.call(ProtobufRpcEngine2.java:573) [hadoop-common-3.3.6.jar:?]
	at org.apache.hadoop.ipc.RPC$Server.call(RPC.java:1227) [hadoop-common-3.3.6.jar:?]
	at org.apache.hadoop.ipc.Server$RpcCall.run(Server.java:1094) [hadoop-common-3.3.6.jar:?]
	at org.apache.hadoop.ipc.Server$RpcCall.run(Server.java:1017) [hadoop-common-3.3.6.jar:?]
	at java.security.AccessController.doPrivileged(Native Method) ~[?:1.8.0_382]
	at javax.security.auth.Subject.doAs(Subject.java:422) [?:1.8.0_382]
	at org.apache.hadoop.security.UserGroupInformation.doAs(UserGroupInformation.java:1899) [hadoop-common-3.3.6.jar:?]
	at org.apache.hadoop.ipc.Server$Handler.run(Server.java:3048) [hadoop-common-3.3.6.jar:?]
]]></system-out>
  </testcase>
  <testcase name="testGetTrashRoots" classname="TestOzoneFileSystem" time="0.026">
    <system-out><![CDATA[02:06:30.361 [IPC Server handler 10 on default port 15110] ERROR OMAudit - user=runner | ip=127.0.0.1 | op=GET_FILE_STATUS {volume=volume18939, bucket=bucket36089, key=.Trash/runner, dataSize=0, replicationConfig=null} | ret=FAILURE
org.apache.hadoop.ozone.om.exceptions.OMException: Unable to get file status: volume: volume18939 bucket: bucket36089 key: .Trash/runner
	at org.apache.hadoop.ozone.om.KeyManagerImpl.getOzoneFileStatus(KeyManagerImpl.java:1195) ~[ozone-manager-1.4.0-SNAPSHOT.jar:?]
	at org.apache.hadoop.ozone.om.KeyManagerImpl.getFileStatus(KeyManagerImpl.java:1113) ~[ozone-manager-1.4.0-SNAPSHOT.jar:?]
	at org.apache.hadoop.ozone.om.OmMetadataReader.getFileStatus(OmMetadataReader.java:262) ~[ozone-manager-1.4.0-SNAPSHOT.jar:?]
	at org.apache.hadoop.ozone.om.OzoneManager.getFileStatus(OzoneManager.java:3533) ~[ozone-manager-1.4.0-SNAPSHOT.jar:?]
	at org.apache.hadoop.ozone.protocolPB.OzoneManagerRequestHandler.getOzoneFileStatus(OzoneManagerRequestHandler.java:971) ~[ozone-manager-1.4.0-SNAPSHOT.jar:?]
	at org.apache.hadoop.ozone.protocolPB.OzoneManagerRequestHandler.handleReadRequest(OzoneManagerRequestHandler.java:250) ~[ozone-manager-1.4.0-SNAPSHOT.jar:?]
	at org.apache.hadoop.ozone.protocolPB.OzoneManagerProtocolServerSideTranslatorPB.submitReadRequestToOM(OzoneManagerProtocolServerSideTranslatorPB.java:225) ~[ozone-manager-1.4.0-SNAPSHOT.jar:?]
	at org.apache.hadoop.ozone.protocolPB.OzoneManagerProtocolServerSideTranslatorPB.processRequest(OzoneManagerProtocolServerSideTranslatorPB.java:179) ~[ozone-manager-1.4.0-SNAPSHOT.jar:?]
	at org.apache.hadoop.hdds.server.OzoneProtocolMessageDispatcher.processRequest(OzoneProtocolMessageDispatcher.java:87) [hdds-server-framework-1.4.0-SNAPSHOT.jar:?]
	at org.apache.hadoop.ozone.protocolPB.OzoneManagerProtocolServerSideTranslatorPB.submitRequest(OzoneManagerProtocolServerSideTranslatorPB.java:148) [ozone-manager-1.4.0-SNAPSHOT.jar:?]
	at org.apache.hadoop.ozone.protocol.proto.OzoneManagerProtocolProtos$OzoneManagerService$2.callBlockingMethod(OzoneManagerProtocolProtos.java) [ozone-interface-client-1.4.0-SNAPSHOT.jar:?]
	at org.apache.hadoop.ipc.ProtobufRpcEngine$Server.processCall(ProtobufRpcEngine.java:484) [hadoop-common-3.3.6.jar:?]
	at org.apache.hadoop.ipc.ProtobufRpcEngine2$Server$ProtoBufRpcInvoker.call(ProtobufRpcEngine2.java:595) [hadoop-common-3.3.6.jar:?]
	at org.apache.hadoop.ipc.ProtobufRpcEngine2$Server$ProtoBufRpcInvoker.call(ProtobufRpcEngine2.java:573) [hadoop-common-3.3.6.jar:?]
	at org.apache.hadoop.ipc.RPC$Server.call(RPC.java:1227) [hadoop-common-3.3.6.jar:?]
	at org.apache.hadoop.ipc.Server$RpcCall.run(Server.java:1094) [hadoop-common-3.3.6.jar:?]
	at org.apache.hadoop.ipc.Server$RpcCall.run(Server.java:1017) [hadoop-common-3.3.6.jar:?]
	at java.security.AccessController.doPrivileged(Native Method) ~[?:1.8.0_382]
	at javax.security.auth.Subject.doAs(Subject.java:422) [?:1.8.0_382]
	at org.apache.hadoop.security.UserGroupInformation.doAs(UserGroupInformation.java:1899) [hadoop-common-3.3.6.jar:?]
	at org.apache.hadoop.ipc.Server$Handler.run(Server.java:3048) [hadoop-common-3.3.6.jar:?]
]]></system-out>
  </testcase>
  <testcase name="testGetTrashRoots" classname="TestOzoneFileSystem" time="0.021">
    <system-out><![CDATA[02:07:37.844 [IPC Server handler 14 on default port 15163] ERROR OMAudit - user=runner | ip=127.0.0.1 | op=GET_FILE_STATUS {volume=volume12196, bucket=bucket58129, key=.Trash/runner, dataSize=0, replicationConfig=null} | ret=FAILURE
org.apache.hadoop.ozone.om.exceptions.OMException: Unable to get file status: volume: volume12196 bucket: bucket58129 key: .Trash/runner
	at org.apache.hadoop.ozone.om.KeyManagerImpl.getOzoneFileStatus(KeyManagerImpl.java:1195) ~[ozone-manager-1.4.0-SNAPSHOT.jar:?]
	at org.apache.hadoop.ozone.om.KeyManagerImpl.getFileStatus(KeyManagerImpl.java:1113) ~[ozone-manager-1.4.0-SNAPSHOT.jar:?]
	at org.apache.hadoop.ozone.om.OmMetadataReader.getFileStatus(OmMetadataReader.java:262) ~[ozone-manager-1.4.0-SNAPSHOT.jar:?]
	at org.apache.hadoop.ozone.om.OzoneManager.getFileStatus(OzoneManager.java:3533) ~[ozone-manager-1.4.0-SNAPSHOT.jar:?]
	at org.apache.hadoop.ozone.protocolPB.OzoneManagerRequestHandler.getOzoneFileStatus(OzoneManagerRequestHandler.java:971) ~[ozone-manager-1.4.0-SNAPSHOT.jar:?]
	at org.apache.hadoop.ozone.protocolPB.OzoneManagerRequestHandler.handleReadRequest(OzoneManagerRequestHandler.java:250) ~[ozone-manager-1.4.0-SNAPSHOT.jar:?]
	at org.apache.hadoop.ozone.protocolPB.OzoneManagerProtocolServerSideTranslatorPB.submitRequestDirectlyToOM(OzoneManagerProtocolServerSideTranslatorPB.java:274) ~[ozone-manager-1.4.0-SNAPSHOT.jar:?]
	at org.apache.hadoop.ozone.protocolPB.OzoneManagerProtocolServerSideTranslatorPB.processRequest(OzoneManagerProtocolServerSideTranslatorPB.java:175) ~[ozone-manager-1.4.0-SNAPSHOT.jar:?]
	at org.apache.hadoop.hdds.server.OzoneProtocolMessageDispatcher.processRequest(OzoneProtocolMessageDispatcher.java:87) [hdds-server-framework-1.4.0-SNAPSHOT.jar:?]
	at org.apache.hadoop.ozone.protocolPB.OzoneManagerProtocolServerSideTranslatorPB.submitRequest(OzoneManagerProtocolServerSideTranslatorPB.java:148) [ozone-manager-1.4.0-SNAPSHOT.jar:?]
	at org.apache.hadoop.ozone.protocol.proto.OzoneManagerProtocolProtos$OzoneManagerService$2.callBlockingMethod(OzoneManagerProtocolProtos.java) [ozone-interface-client-1.4.0-SNAPSHOT.jar:?]
	at org.apache.hadoop.ipc.ProtobufRpcEngine$Server.processCall(ProtobufRpcEngine.java:484) [hadoop-common-3.3.6.jar:?]
	at org.apache.hadoop.ipc.ProtobufRpcEngine2$Server$ProtoBufRpcInvoker.call(ProtobufRpcEngine2.java:595) [hadoop-common-3.3.6.jar:?]
	at org.apache.hadoop.ipc.ProtobufRpcEngine2$Server$ProtoBufRpcInvoker.call(ProtobufRpcEngine2.java:573) [hadoop-common-3.3.6.jar:?]
	at org.apache.hadoop.ipc.RPC$Server.call(RPC.java:1227) [hadoop-common-3.3.6.jar:?]
	at org.apache.hadoop.ipc.Server$RpcCall.run(Server.java:1094) [hadoop-common-3.3.6.jar:?]
	at org.apache.hadoop.ipc.Server$RpcCall.run(Server.java:1017) [hadoop-common-3.3.6.jar:?]
	at java.security.AccessController.doPrivileged(Native Method) ~[?:1.8.0_382]
	at javax.security.auth.Subject.doAs(Subject.java:422) [?:1.8.0_382]
	at org.apache.hadoop.security.UserGroupInformation.doAs(UserGroupInformation.java:1899) [hadoop-common-3.3.6.jar:?]
	at org.apache.hadoop.ipc.Server$Handler.run(Server.java:3048) [hadoop-common-3.3.6.jar:?]
]]></system-out>
  </testcase>
  <testcase name="testCreateDoesNotAddParentDirKeys" classname="TestOzoneFileSystem" time="0.041">
    <system-out><![CDATA[02:04:08.427 [IPC Server handler 9 on default port 15004] ERROR OMAudit - user=runner | ip=127.0.0.1 | op=READ_KEY {volume=volume43289, bucket=bucket29045, key=testCreateDoesNotAddParentDirKeys/parent/, dataSize=0, replicationConfig=null} | ret=FAILURE
org.apache.hadoop.ozone.om.exceptions.OMException: Key:testCreateDoesNotAddParentDirKeys/parent not found
	at org.apache.hadoop.ozone.om.KeyManagerImpl.readKeyInfo(KeyManagerImpl.java:427) ~[ozone-manager-1.4.0-SNAPSHOT.jar:?]
	at org.apache.hadoop.ozone.om.KeyManagerImpl.lambda$9(KeyManagerImpl.java:1942) ~[ozone-manager-1.4.0-SNAPSHOT.jar:?]
	at org.apache.hadoop.util.MetricUtil.captureLatencyNs(MetricUtil.java:39) ~[hdds-common-1.4.0-SNAPSHOT.jar:?]
	at org.apache.hadoop.ozone.om.KeyManagerImpl.getKeyInfo(KeyManagerImpl.java:1940) ~[ozone-manager-1.4.0-SNAPSHOT.jar:?]
	at org.apache.hadoop.ozone.om.OmMetadataReader.getKeyInfo(OmMetadataReader.java:185) ~[ozone-manager-1.4.0-SNAPSHOT.jar:?]
	at org.apache.hadoop.ozone.om.OzoneManager.getKeyInfo(OzoneManager.java:2830) ~[ozone-manager-1.4.0-SNAPSHOT.jar:?]
	at org.apache.hadoop.ozone.protocolPB.OzoneManagerRequestHandler.getKeyInfo(OzoneManagerRequestHandler.java:585) ~[ozone-manager-1.4.0-SNAPSHOT.jar:?]
	at org.apache.hadoop.ozone.protocolPB.OzoneManagerRequestHandler.handleReadRequest(OzoneManagerRequestHandler.java:304) ~[ozone-manager-1.4.0-SNAPSHOT.jar:?]
	at org.apache.hadoop.ozone.protocolPB.OzoneManagerProtocolServerSideTranslatorPB.submitReadRequestToOM(OzoneManagerProtocolServerSideTranslatorPB.java:225) ~[ozone-manager-1.4.0-SNAPSHOT.jar:?]
	at org.apache.hadoop.ozone.protocolPB.OzoneManagerProtocolServerSideTranslatorPB.processRequest(OzoneManagerProtocolServerSideTranslatorPB.java:179) ~[ozone-manager-1.4.0-SNAPSHOT.jar:?]
	at org.apache.hadoop.hdds.server.OzoneProtocolMessageDispatcher.processRequest(OzoneProtocolMessageDispatcher.java:87) [hdds-server-framework-1.4.0-SNAPSHOT.jar:?]
	at org.apache.hadoop.ozone.protocolPB.OzoneManagerProtocolServerSideTranslatorPB.submitRequest(OzoneManagerProtocolServerSideTranslatorPB.java:148) [ozone-manager-1.4.0-SNAPSHOT.jar:?]
	at org.apache.hadoop.ozone.protocol.proto.OzoneManagerProtocolProtos$OzoneManagerService$2.callBlockingMethod(OzoneManagerProtocolProtos.java) [ozone-interface-client-1.4.0-SNAPSHOT.jar:?]
	at org.apache.hadoop.ipc.ProtobufRpcEngine$Server.processCall(ProtobufRpcEngine.java:484) [hadoop-common-3.3.6.jar:?]
	at org.apache.hadoop.ipc.ProtobufRpcEngine2$Server$ProtoBufRpcInvoker.call(ProtobufRpcEngine2.java:595) [hadoop-common-3.3.6.jar:?]
	at org.apache.hadoop.ipc.ProtobufRpcEngine2$Server$ProtoBufRpcInvoker.call(ProtobufRpcEngine2.java:573) [hadoop-common-3.3.6.jar:?]
	at org.apache.hadoop.ipc.RPC$Server.call(RPC.java:1227) [hadoop-common-3.3.6.jar:?]
	at org.apache.hadoop.ipc.Server$RpcCall.run(Server.java:1094) [hadoop-common-3.3.6.jar:?]
	at org.apache.hadoop.ipc.Server$RpcCall.run(Server.java:1017) [hadoop-common-3.3.6.jar:?]
	at java.security.AccessController.doPrivileged(Native Method) ~[?:1.8.0_382]
	at javax.security.auth.Subject.doAs(Subject.java:422) [?:1.8.0_382]
	at org.apache.hadoop.security.UserGroupInformation.doAs(UserGroupInformation.java:1899) [hadoop-common-3.3.6.jar:?]
	at org.apache.hadoop.ipc.Server$Handler.run(Server.java:3048) [hadoop-common-3.3.6.jar:?]
]]></system-out>
  </testcase>
  <testcase name="testCreateDoesNotAddParentDirKeys" classname="TestOzoneFileSystem" time="0.025">
    <system-out><![CDATA[02:05:28.184 [IPC Server handler 19 on default port 15057] ERROR OMAudit - user=runner | ip=127.0.0.1 | op=READ_KEY {volume=volume43065, bucket=bucket81401, key=testCreateDoesNotAddParentDirKeys/parent/, dataSize=0, replicationConfig=null} | ret=FAILURE
org.apache.hadoop.ozone.om.exceptions.OMException: Key:testCreateDoesNotAddParentDirKeys/parent not found
	at org.apache.hadoop.ozone.om.KeyManagerImpl.readKeyInfo(KeyManagerImpl.java:427) ~[ozone-manager-1.4.0-SNAPSHOT.jar:?]
	at org.apache.hadoop.ozone.om.KeyManagerImpl.lambda$9(KeyManagerImpl.java:1942) ~[ozone-manager-1.4.0-SNAPSHOT.jar:?]
	at org.apache.hadoop.util.MetricUtil.captureLatencyNs(MetricUtil.java:39) ~[hdds-common-1.4.0-SNAPSHOT.jar:?]
	at org.apache.hadoop.ozone.om.KeyManagerImpl.getKeyInfo(KeyManagerImpl.java:1940) ~[ozone-manager-1.4.0-SNAPSHOT.jar:?]
	at org.apache.hadoop.ozone.om.OmMetadataReader.getKeyInfo(OmMetadataReader.java:185) ~[ozone-manager-1.4.0-SNAPSHOT.jar:?]
	at org.apache.hadoop.ozone.om.OzoneManager.getKeyInfo(OzoneManager.java:2830) ~[ozone-manager-1.4.0-SNAPSHOT.jar:?]
	at org.apache.hadoop.ozone.protocolPB.OzoneManagerRequestHandler.getKeyInfo(OzoneManagerRequestHandler.java:585) ~[ozone-manager-1.4.0-SNAPSHOT.jar:?]
	at org.apache.hadoop.ozone.protocolPB.OzoneManagerRequestHandler.handleReadRequest(OzoneManagerRequestHandler.java:304) ~[ozone-manager-1.4.0-SNAPSHOT.jar:?]
	at org.apache.hadoop.ozone.protocolPB.OzoneManagerProtocolServerSideTranslatorPB.submitRequestDirectlyToOM(OzoneManagerProtocolServerSideTranslatorPB.java:274) ~[ozone-manager-1.4.0-SNAPSHOT.jar:?]
	at org.apache.hadoop.ozone.protocolPB.OzoneManagerProtocolServerSideTranslatorPB.processRequest(OzoneManagerProtocolServerSideTranslatorPB.java:175) ~[ozone-manager-1.4.0-SNAPSHOT.jar:?]
	at org.apache.hadoop.hdds.server.OzoneProtocolMessageDispatcher.processRequest(OzoneProtocolMessageDispatcher.java:87) [hdds-server-framework-1.4.0-SNAPSHOT.jar:?]
	at org.apache.hadoop.ozone.protocolPB.OzoneManagerProtocolServerSideTranslatorPB.submitRequest(OzoneManagerProtocolServerSideTranslatorPB.java:148) [ozone-manager-1.4.0-SNAPSHOT.jar:?]
	at org.apache.hadoop.ozone.protocol.proto.OzoneManagerProtocolProtos$OzoneManagerService$2.callBlockingMethod(OzoneManagerProtocolProtos.java) [ozone-interface-client-1.4.0-SNAPSHOT.jar:?]
	at org.apache.hadoop.ipc.ProtobufRpcEngine$Server.processCall(ProtobufRpcEngine.java:484) [hadoop-common-3.3.6.jar:?]
	at org.apache.hadoop.ipc.ProtobufRpcEngine2$Server$ProtoBufRpcInvoker.call(ProtobufRpcEngine2.java:595) [hadoop-common-3.3.6.jar:?]
	at org.apache.hadoop.ipc.ProtobufRpcEngine2$Server$ProtoBufRpcInvoker.call(ProtobufRpcEngine2.java:573) [hadoop-common-3.3.6.jar:?]
	at org.apache.hadoop.ipc.RPC$Server.call(RPC.java:1227) [hadoop-common-3.3.6.jar:?]
	at org.apache.hadoop.ipc.Server$RpcCall.run(Server.java:1094) [hadoop-common-3.3.6.jar:?]
	at org.apache.hadoop.ipc.Server$RpcCall.run(Server.java:1017) [hadoop-common-3.3.6.jar:?]
	at java.security.AccessController.doPrivileged(Native Method) ~[?:1.8.0_382]
	at javax.security.auth.Subject.doAs(Subject.java:422) [?:1.8.0_382]
	at org.apache.hadoop.security.UserGroupInformation.doAs(UserGroupInformation.java:1899) [hadoop-common-3.3.6.jar:?]
	at org.apache.hadoop.ipc.Server$Handler.run(Server.java:3048) [hadoop-common-3.3.6.jar:?]
]]></system-out>
  </testcase>
  <testcase name="testCreateDoesNotAddParentDirKeys" classname="TestOzoneFileSystem" time="0.019"/>
  <testcase name="testCreateDoesNotAddParentDirKeys" classname="TestOzoneFileSystem" time="0.017"/>
  <testcase name="testDeleteRootWithTrash" classname="TestOzoneFileSystem" time="0.018"/>
  <testcase name="testDeleteRootWithTrash" classname="TestOzoneFileSystem" time="0.003"/>
  <testcase name="testDeleteRootWithTrash" classname="TestOzoneFileSystem" time="0.003"/>
  <testcase name="testDeleteRootWithTrash" classname="TestOzoneFileSystem" time="0.008"/>
  <testcase name="testDeleteCreatesFakeParentDir" classname="TestOzoneFileSystem" time="0.041">
    <system-out><![CDATA[02:04:08.483 [IPC Server handler 15 on default port 15004] ERROR OMAudit - user=runner | ip=127.0.0.1 | op=READ_KEY {volume=volume43289, bucket=bucket29045, key=testDeleteCreatesFakeParentDir/parent/, dataSize=0, replicationConfig=null} | ret=FAILURE
org.apache.hadoop.ozone.om.exceptions.OMException: Key:testDeleteCreatesFakeParentDir/parent not found
	at org.apache.hadoop.ozone.om.KeyManagerImpl.readKeyInfo(KeyManagerImpl.java:427) ~[ozone-manager-1.4.0-SNAPSHOT.jar:?]
	at org.apache.hadoop.ozone.om.KeyManagerImpl.lambda$9(KeyManagerImpl.java:1942) ~[ozone-manager-1.4.0-SNAPSHOT.jar:?]
	at org.apache.hadoop.util.MetricUtil.captureLatencyNs(MetricUtil.java:39) ~[hdds-common-1.4.0-SNAPSHOT.jar:?]
	at org.apache.hadoop.ozone.om.KeyManagerImpl.getKeyInfo(KeyManagerImpl.java:1940) ~[ozone-manager-1.4.0-SNAPSHOT.jar:?]
	at org.apache.hadoop.ozone.om.OmMetadataReader.getKeyInfo(OmMetadataReader.java:185) ~[ozone-manager-1.4.0-SNAPSHOT.jar:?]
	at org.apache.hadoop.ozone.om.OzoneManager.getKeyInfo(OzoneManager.java:2830) ~[ozone-manager-1.4.0-SNAPSHOT.jar:?]
	at org.apache.hadoop.ozone.protocolPB.OzoneManagerRequestHandler.getKeyInfo(OzoneManagerRequestHandler.java:585) ~[ozone-manager-1.4.0-SNAPSHOT.jar:?]
	at org.apache.hadoop.ozone.protocolPB.OzoneManagerRequestHandler.handleReadRequest(OzoneManagerRequestHandler.java:304) ~[ozone-manager-1.4.0-SNAPSHOT.jar:?]
	at org.apache.hadoop.ozone.protocolPB.OzoneManagerProtocolServerSideTranslatorPB.submitReadRequestToOM(OzoneManagerProtocolServerSideTranslatorPB.java:225) ~[ozone-manager-1.4.0-SNAPSHOT.jar:?]
	at org.apache.hadoop.ozone.protocolPB.OzoneManagerProtocolServerSideTranslatorPB.processRequest(OzoneManagerProtocolServerSideTranslatorPB.java:179) ~[ozone-manager-1.4.0-SNAPSHOT.jar:?]
	at org.apache.hadoop.hdds.server.OzoneProtocolMessageDispatcher.processRequest(OzoneProtocolMessageDispatcher.java:87) [hdds-server-framework-1.4.0-SNAPSHOT.jar:?]
	at org.apache.hadoop.ozone.protocolPB.OzoneManagerProtocolServerSideTranslatorPB.submitRequest(OzoneManagerProtocolServerSideTranslatorPB.java:148) [ozone-manager-1.4.0-SNAPSHOT.jar:?]
	at org.apache.hadoop.ozone.protocol.proto.OzoneManagerProtocolProtos$OzoneManagerService$2.callBlockingMethod(OzoneManagerProtocolProtos.java) [ozone-interface-client-1.4.0-SNAPSHOT.jar:?]
	at org.apache.hadoop.ipc.ProtobufRpcEngine$Server.processCall(ProtobufRpcEngine.java:484) [hadoop-common-3.3.6.jar:?]
	at org.apache.hadoop.ipc.ProtobufRpcEngine2$Server$ProtoBufRpcInvoker.call(ProtobufRpcEngine2.java:595) [hadoop-common-3.3.6.jar:?]
	at org.apache.hadoop.ipc.ProtobufRpcEngine2$Server$ProtoBufRpcInvoker.call(ProtobufRpcEngine2.java:573) [hadoop-common-3.3.6.jar:?]
	at org.apache.hadoop.ipc.RPC$Server.call(RPC.java:1227) [hadoop-common-3.3.6.jar:?]
	at org.apache.hadoop.ipc.Server$RpcCall.run(Server.java:1094) [hadoop-common-3.3.6.jar:?]
	at org.apache.hadoop.ipc.Server$RpcCall.run(Server.java:1017) [hadoop-common-3.3.6.jar:?]
	at java.security.AccessController.doPrivileged(Native Method) ~[?:1.8.0_382]
	at javax.security.auth.Subject.doAs(Subject.java:422) [?:1.8.0_382]
	at org.apache.hadoop.security.UserGroupInformation.doAs(UserGroupInformation.java:1899) [hadoop-common-3.3.6.jar:?]
	at org.apache.hadoop.ipc.Server$Handler.run(Server.java:3048) [hadoop-common-3.3.6.jar:?]
]]></system-out>
  </testcase>
  <testcase name="testDeleteCreatesFakeParentDir" classname="TestOzoneFileSystem" time="0.023">
    <system-out><![CDATA[02:05:28.210 [IPC Server handler 16 on default port 15057] ERROR OMAudit - user=runner | ip=127.0.0.1 | op=READ_KEY {volume=volume43065, bucket=bucket81401, key=testDeleteCreatesFakeParentDir/parent/, dataSize=0, replicationConfig=null} | ret=FAILURE
org.apache.hadoop.ozone.om.exceptions.OMException: Key:testDeleteCreatesFakeParentDir/parent not found
	at org.apache.hadoop.ozone.om.KeyManagerImpl.readKeyInfo(KeyManagerImpl.java:427) ~[ozone-manager-1.4.0-SNAPSHOT.jar:?]
	at org.apache.hadoop.ozone.om.KeyManagerImpl.lambda$9(KeyManagerImpl.java:1942) ~[ozone-manager-1.4.0-SNAPSHOT.jar:?]
	at org.apache.hadoop.util.MetricUtil.captureLatencyNs(MetricUtil.java:39) ~[hdds-common-1.4.0-SNAPSHOT.jar:?]
	at org.apache.hadoop.ozone.om.KeyManagerImpl.getKeyInfo(KeyManagerImpl.java:1940) ~[ozone-manager-1.4.0-SNAPSHOT.jar:?]
	at org.apache.hadoop.ozone.om.OmMetadataReader.getKeyInfo(OmMetadataReader.java:185) ~[ozone-manager-1.4.0-SNAPSHOT.jar:?]
	at org.apache.hadoop.ozone.om.OzoneManager.getKeyInfo(OzoneManager.java:2830) ~[ozone-manager-1.4.0-SNAPSHOT.jar:?]
	at org.apache.hadoop.ozone.protocolPB.OzoneManagerRequestHandler.getKeyInfo(OzoneManagerRequestHandler.java:585) ~[ozone-manager-1.4.0-SNAPSHOT.jar:?]
	at org.apache.hadoop.ozone.protocolPB.OzoneManagerRequestHandler.handleReadRequest(OzoneManagerRequestHandler.java:304) ~[ozone-manager-1.4.0-SNAPSHOT.jar:?]
	at org.apache.hadoop.ozone.protocolPB.OzoneManagerProtocolServerSideTranslatorPB.submitRequestDirectlyToOM(OzoneManagerProtocolServerSideTranslatorPB.java:274) ~[ozone-manager-1.4.0-SNAPSHOT.jar:?]
	at org.apache.hadoop.ozone.protocolPB.OzoneManagerProtocolServerSideTranslatorPB.processRequest(OzoneManagerProtocolServerSideTranslatorPB.java:175) ~[ozone-manager-1.4.0-SNAPSHOT.jar:?]
	at org.apache.hadoop.hdds.server.OzoneProtocolMessageDispatcher.processRequest(OzoneProtocolMessageDispatcher.java:87) [hdds-server-framework-1.4.0-SNAPSHOT.jar:?]
	at org.apache.hadoop.ozone.protocolPB.OzoneManagerProtocolServerSideTranslatorPB.submitRequest(OzoneManagerProtocolServerSideTranslatorPB.java:148) [ozone-manager-1.4.0-SNAPSHOT.jar:?]
	at org.apache.hadoop.ozone.protocol.proto.OzoneManagerProtocolProtos$OzoneManagerService$2.callBlockingMethod(OzoneManagerProtocolProtos.java) [ozone-interface-client-1.4.0-SNAPSHOT.jar:?]
	at org.apache.hadoop.ipc.ProtobufRpcEngine$Server.processCall(ProtobufRpcEngine.java:484) [hadoop-common-3.3.6.jar:?]
	at org.apache.hadoop.ipc.ProtobufRpcEngine2$Server$ProtoBufRpcInvoker.call(ProtobufRpcEngine2.java:595) [hadoop-common-3.3.6.jar:?]
	at org.apache.hadoop.ipc.ProtobufRpcEngine2$Server$ProtoBufRpcInvoker.call(ProtobufRpcEngine2.java:573) [hadoop-common-3.3.6.jar:?]
	at org.apache.hadoop.ipc.RPC$Server.call(RPC.java:1227) [hadoop-common-3.3.6.jar:?]
	at org.apache.hadoop.ipc.Server$RpcCall.run(Server.java:1094) [hadoop-common-3.3.6.jar:?]
	at org.apache.hadoop.ipc.Server$RpcCall.run(Server.java:1017) [hadoop-common-3.3.6.jar:?]
	at java.security.AccessController.doPrivileged(Native Method) ~[?:1.8.0_382]
	at javax.security.auth.Subject.doAs(Subject.java:422) [?:1.8.0_382]
	at org.apache.hadoop.security.UserGroupInformation.doAs(UserGroupInformation.java:1899) [hadoop-common-3.3.6.jar:?]
	at org.apache.hadoop.ipc.Server$Handler.run(Server.java:3048) [hadoop-common-3.3.6.jar:?]
]]></system-out>
  </testcase>
  <testcase name="testDeleteCreatesFakeParentDir" classname="TestOzoneFileSystem" time="0.014"/>
  <testcase name="testDeleteCreatesFakeParentDir" classname="TestOzoneFileSystem" time="0.016"/>
  <testcase name="testListStatusOnKeyNameContainDelimiter" classname="TestOzoneFileSystem" time="0.048"/>
  <testcase name="testListStatusOnKeyNameContainDelimiter" classname="TestOzoneFileSystem" time="0.021"/>
  <testcase name="testListStatusOnKeyNameContainDelimiter" classname="TestOzoneFileSystem" time="0.017">
    <failure type="java.lang.AssertionError"><![CDATA[java.lang.AssertionError: expected:<1> but was:<0>
	at org.junit.Assert.fail(Assert.java:89)
	at org.junit.Assert.failNotEquals(Assert.java:835)
	at org.junit.Assert.assertEquals(Assert.java:647)
	at org.junit.Assert.assertEquals(Assert.java:633)
	at org.apache.hadoop.fs.ozone.TestOzoneFileSystem.testListStatusOnKeyNameContainDelimiter(TestOzoneFileSystem.java:778)
	at sun.reflect.NativeMethodAccessorImpl.invoke0(Native Method)
	at sun.reflect.NativeMethodAccessorImpl.invoke(NativeMethodAccessorImpl.java:62)
	at sun.reflect.DelegatingMethodAccessorImpl.invoke(DelegatingMethodAccessorImpl.java:43)
	at java.lang.reflect.Method.invoke(Method.java:498)
	at org.junit.runners.model.FrameworkMethod$1.runReflectiveCall(FrameworkMethod.java:59)
	at org.junit.internal.runners.model.ReflectiveCallable.run(ReflectiveCallable.java:12)
	at org.junit.runners.model.FrameworkMethod.invokeExplosively(FrameworkMethod.java:56)
	at org.junit.internal.runners.statements.InvokeMethod.evaluate(InvokeMethod.java:17)
	at org.junit.internal.runners.statements.RunAfters.evaluate(RunAfters.java:27)
	at org.junit.internal.runners.statements.FailOnTimeout$CallableStatement.call(FailOnTimeout.java:288)
	at org.junit.internal.runners.statements.FailOnTimeout$CallableStatement.call(FailOnTimeout.java:282)
	at java.util.concurrent.FutureTask.run(FutureTask.java:266)
	at java.lang.Thread.run(Thread.java:750)
]]></failure>
  </testcase>
  <testcase name="testListStatusOnKeyNameContainDelimiter" classname="TestOzoneFileSystem" time="0.019"/>
  <testcase name="testNonExplicitlyCreatedPathExistsAfterItsLeafsWereRemoved" classname="TestOzoneFileSystem" time="0.054">
    <system-out><![CDATA[02:04:08.568 [IPC Server handler 18 on default port 15004] ERROR OMAudit - user=runner | ip=127.0.0.1 | op=GET_FILE_STATUS {volume=volume43289, bucket=bucket29045, key=target/leaf, dataSize=0, replicationConfig=null} | ret=FAILURE
org.apache.hadoop.ozone.om.exceptions.OMException: Unable to get file status: volume: volume43289 bucket: bucket29045 key: target/leaf
	at org.apache.hadoop.ozone.om.KeyManagerImpl.getOzoneFileStatus(KeyManagerImpl.java:1195) ~[ozone-manager-1.4.0-SNAPSHOT.jar:?]
	at org.apache.hadoop.ozone.om.KeyManagerImpl.getFileStatus(KeyManagerImpl.java:1113) ~[ozone-manager-1.4.0-SNAPSHOT.jar:?]
	at org.apache.hadoop.ozone.om.OmMetadataReader.getFileStatus(OmMetadataReader.java:262) ~[ozone-manager-1.4.0-SNAPSHOT.jar:?]
	at org.apache.hadoop.ozone.om.OzoneManager.getFileStatus(OzoneManager.java:3533) ~[ozone-manager-1.4.0-SNAPSHOT.jar:?]
	at org.apache.hadoop.ozone.protocolPB.OzoneManagerRequestHandler.getOzoneFileStatus(OzoneManagerRequestHandler.java:971) ~[ozone-manager-1.4.0-SNAPSHOT.jar:?]
	at org.apache.hadoop.ozone.protocolPB.OzoneManagerRequestHandler.handleReadRequest(OzoneManagerRequestHandler.java:250) ~[ozone-manager-1.4.0-SNAPSHOT.jar:?]
	at org.apache.hadoop.ozone.protocolPB.OzoneManagerProtocolServerSideTranslatorPB.submitReadRequestToOM(OzoneManagerProtocolServerSideTranslatorPB.java:225) ~[ozone-manager-1.4.0-SNAPSHOT.jar:?]
	at org.apache.hadoop.ozone.protocolPB.OzoneManagerProtocolServerSideTranslatorPB.processRequest(OzoneManagerProtocolServerSideTranslatorPB.java:179) ~[ozone-manager-1.4.0-SNAPSHOT.jar:?]
	at org.apache.hadoop.hdds.server.OzoneProtocolMessageDispatcher.processRequest(OzoneProtocolMessageDispatcher.java:87) [hdds-server-framework-1.4.0-SNAPSHOT.jar:?]
	at org.apache.hadoop.ozone.protocolPB.OzoneManagerProtocolServerSideTranslatorPB.submitRequest(OzoneManagerProtocolServerSideTranslatorPB.java:148) [ozone-manager-1.4.0-SNAPSHOT.jar:?]
	at org.apache.hadoop.ozone.protocol.proto.OzoneManagerProtocolProtos$OzoneManagerService$2.callBlockingMethod(OzoneManagerProtocolProtos.java) [ozone-interface-client-1.4.0-SNAPSHOT.jar:?]
	at org.apache.hadoop.ipc.ProtobufRpcEngine$Server.processCall(ProtobufRpcEngine.java:484) [hadoop-common-3.3.6.jar:?]
	at org.apache.hadoop.ipc.ProtobufRpcEngine2$Server$ProtoBufRpcInvoker.call(ProtobufRpcEngine2.java:595) [hadoop-common-3.3.6.jar:?]
	at org.apache.hadoop.ipc.ProtobufRpcEngine2$Server$ProtoBufRpcInvoker.call(ProtobufRpcEngine2.java:573) [hadoop-common-3.3.6.jar:?]
	at org.apache.hadoop.ipc.RPC$Server.call(RPC.java:1227) [hadoop-common-3.3.6.jar:?]
	at org.apache.hadoop.ipc.Server$RpcCall.run(Server.java:1094) [hadoop-common-3.3.6.jar:?]
	at org.apache.hadoop.ipc.Server$RpcCall.run(Server.java:1017) [hadoop-common-3.3.6.jar:?]
	at java.security.AccessController.doPrivileged(Native Method) ~[?:1.8.0_382]
	at javax.security.auth.Subject.doAs(Subject.java:422) [?:1.8.0_382]
	at org.apache.hadoop.security.UserGroupInformation.doAs(UserGroupInformation.java:1899) [hadoop-common-3.3.6.jar:?]
	at org.apache.hadoop.ipc.Server$Handler.run(Server.java:3048) [hadoop-common-3.3.6.jar:?]
]]></system-out>
  </testcase>
  <testcase name="testNonExplicitlyCreatedPathExistsAfterItsLeafsWereRemoved" classname="TestOzoneFileSystem" time="0.029">
    <system-out><![CDATA[02:05:28.251 [IPC Server handler 4 on default port 15057] ERROR OMAudit - user=runner | ip=127.0.0.1 | op=GET_FILE_STATUS {volume=volume43065, bucket=bucket81401, key=target/leaf, dataSize=0, replicationConfig=null} | ret=FAILURE
org.apache.hadoop.ozone.om.exceptions.OMException: Unable to get file status: volume: volume43065 bucket: bucket81401 key: target/leaf
	at org.apache.hadoop.ozone.om.KeyManagerImpl.getOzoneFileStatus(KeyManagerImpl.java:1195) ~[ozone-manager-1.4.0-SNAPSHOT.jar:?]
	at org.apache.hadoop.ozone.om.KeyManagerImpl.getFileStatus(KeyManagerImpl.java:1113) ~[ozone-manager-1.4.0-SNAPSHOT.jar:?]
	at org.apache.hadoop.ozone.om.OmMetadataReader.getFileStatus(OmMetadataReader.java:262) ~[ozone-manager-1.4.0-SNAPSHOT.jar:?]
	at org.apache.hadoop.ozone.om.OzoneManager.getFileStatus(OzoneManager.java:3533) ~[ozone-manager-1.4.0-SNAPSHOT.jar:?]
	at org.apache.hadoop.ozone.protocolPB.OzoneManagerRequestHandler.getOzoneFileStatus(OzoneManagerRequestHandler.java:971) ~[ozone-manager-1.4.0-SNAPSHOT.jar:?]
	at org.apache.hadoop.ozone.protocolPB.OzoneManagerRequestHandler.handleReadRequest(OzoneManagerRequestHandler.java:250) ~[ozone-manager-1.4.0-SNAPSHOT.jar:?]
	at org.apache.hadoop.ozone.protocolPB.OzoneManagerProtocolServerSideTranslatorPB.submitRequestDirectlyToOM(OzoneManagerProtocolServerSideTranslatorPB.java:274) ~[ozone-manager-1.4.0-SNAPSHOT.jar:?]
	at org.apache.hadoop.ozone.protocolPB.OzoneManagerProtocolServerSideTranslatorPB.processRequest(OzoneManagerProtocolServerSideTranslatorPB.java:175) ~[ozone-manager-1.4.0-SNAPSHOT.jar:?]
	at org.apache.hadoop.hdds.server.OzoneProtocolMessageDispatcher.processRequest(OzoneProtocolMessageDispatcher.java:87) [hdds-server-framework-1.4.0-SNAPSHOT.jar:?]
	at org.apache.hadoop.ozone.protocolPB.OzoneManagerProtocolServerSideTranslatorPB.submitRequest(OzoneManagerProtocolServerSideTranslatorPB.java:148) [ozone-manager-1.4.0-SNAPSHOT.jar:?]
	at org.apache.hadoop.ozone.protocol.proto.OzoneManagerProtocolProtos$OzoneManagerService$2.callBlockingMethod(OzoneManagerProtocolProtos.java) [ozone-interface-client-1.4.0-SNAPSHOT.jar:?]
	at org.apache.hadoop.ipc.ProtobufRpcEngine$Server.processCall(ProtobufRpcEngine.java:484) [hadoop-common-3.3.6.jar:?]
	at org.apache.hadoop.ipc.ProtobufRpcEngine2$Server$ProtoBufRpcInvoker.call(ProtobufRpcEngine2.java:595) [hadoop-common-3.3.6.jar:?]
	at org.apache.hadoop.ipc.ProtobufRpcEngine2$Server$ProtoBufRpcInvoker.call(ProtobufRpcEngine2.java:573) [hadoop-common-3.3.6.jar:?]
	at org.apache.hadoop.ipc.RPC$Server.call(RPC.java:1227) [hadoop-common-3.3.6.jar:?]
	at org.apache.hadoop.ipc.Server$RpcCall.run(Server.java:1094) [hadoop-common-3.3.6.jar:?]
	at org.apache.hadoop.ipc.Server$RpcCall.run(Server.java:1017) [hadoop-common-3.3.6.jar:?]
	at java.security.AccessController.doPrivileged(Native Method) ~[?:1.8.0_382]
	at javax.security.auth.Subject.doAs(Subject.java:422) [?:1.8.0_382]
	at org.apache.hadoop.security.UserGroupInformation.doAs(UserGroupInformation.java:1899) [hadoop-common-3.3.6.jar:?]
	at org.apache.hadoop.ipc.Server$Handler.run(Server.java:3048) [hadoop-common-3.3.6.jar:?]
]]></system-out>
  </testcase>
  <testcase name="testNonExplicitlyCreatedPathExistsAfterItsLeafsWereRemoved" classname="TestOzoneFileSystem" time="0.031">
    <system-out><![CDATA[02:06:30.453 [IPC Server handler 6 on default port 15110] ERROR OMAudit - user=runner | ip=127.0.0.1 | op=GET_FILE_STATUS {volume=volume18939, bucket=bucket36089, key=target/leaf, dataSize=0, replicationConfig=null} | ret=FAILURE
org.apache.hadoop.ozone.om.exceptions.OMException: Unable to get file status: volume: volume18939 bucket: bucket36089 key: target/leaf
	at org.apache.hadoop.ozone.om.KeyManagerImpl.getOzoneFileStatus(KeyManagerImpl.java:1195) ~[ozone-manager-1.4.0-SNAPSHOT.jar:?]
	at org.apache.hadoop.ozone.om.KeyManagerImpl.getFileStatus(KeyManagerImpl.java:1113) ~[ozone-manager-1.4.0-SNAPSHOT.jar:?]
	at org.apache.hadoop.ozone.om.OmMetadataReader.getFileStatus(OmMetadataReader.java:262) ~[ozone-manager-1.4.0-SNAPSHOT.jar:?]
	at org.apache.hadoop.ozone.om.OzoneManager.getFileStatus(OzoneManager.java:3533) ~[ozone-manager-1.4.0-SNAPSHOT.jar:?]
	at org.apache.hadoop.ozone.protocolPB.OzoneManagerRequestHandler.getOzoneFileStatus(OzoneManagerRequestHandler.java:971) ~[ozone-manager-1.4.0-SNAPSHOT.jar:?]
	at org.apache.hadoop.ozone.protocolPB.OzoneManagerRequestHandler.handleReadRequest(OzoneManagerRequestHandler.java:250) ~[ozone-manager-1.4.0-SNAPSHOT.jar:?]
	at org.apache.hadoop.ozone.protocolPB.OzoneManagerProtocolServerSideTranslatorPB.submitReadRequestToOM(OzoneManagerProtocolServerSideTranslatorPB.java:225) ~[ozone-manager-1.4.0-SNAPSHOT.jar:?]
	at org.apache.hadoop.ozone.protocolPB.OzoneManagerProtocolServerSideTranslatorPB.processRequest(OzoneManagerProtocolServerSideTranslatorPB.java:179) ~[ozone-manager-1.4.0-SNAPSHOT.jar:?]
	at org.apache.hadoop.hdds.server.OzoneProtocolMessageDispatcher.processRequest(OzoneProtocolMessageDispatcher.java:87) [hdds-server-framework-1.4.0-SNAPSHOT.jar:?]
	at org.apache.hadoop.ozone.protocolPB.OzoneManagerProtocolServerSideTranslatorPB.submitRequest(OzoneManagerProtocolServerSideTranslatorPB.java:148) [ozone-manager-1.4.0-SNAPSHOT.jar:?]
	at org.apache.hadoop.ozone.protocol.proto.OzoneManagerProtocolProtos$OzoneManagerService$2.callBlockingMethod(OzoneManagerProtocolProtos.java) [ozone-interface-client-1.4.0-SNAPSHOT.jar:?]
	at org.apache.hadoop.ipc.ProtobufRpcEngine$Server.processCall(ProtobufRpcEngine.java:484) [hadoop-common-3.3.6.jar:?]
	at org.apache.hadoop.ipc.ProtobufRpcEngine2$Server$ProtoBufRpcInvoker.call(ProtobufRpcEngine2.java:595) [hadoop-common-3.3.6.jar:?]
	at org.apache.hadoop.ipc.ProtobufRpcEngine2$Server$ProtoBufRpcInvoker.call(ProtobufRpcEngine2.java:573) [hadoop-common-3.3.6.jar:?]
	at org.apache.hadoop.ipc.RPC$Server.call(RPC.java:1227) [hadoop-common-3.3.6.jar:?]
	at org.apache.hadoop.ipc.Server$RpcCall.run(Server.java:1094) [hadoop-common-3.3.6.jar:?]
	at org.apache.hadoop.ipc.Server$RpcCall.run(Server.java:1017) [hadoop-common-3.3.6.jar:?]
	at java.security.AccessController.doPrivileged(Native Method) ~[?:1.8.0_382]
	at javax.security.auth.Subject.doAs(Subject.java:422) [?:1.8.0_382]
	at org.apache.hadoop.security.UserGroupInformation.doAs(UserGroupInformation.java:1899) [hadoop-common-3.3.6.jar:?]
	at org.apache.hadoop.ipc.Server$Handler.run(Server.java:3048) [hadoop-common-3.3.6.jar:?]
]]></system-out>
  </testcase>
  <testcase name="testNonExplicitlyCreatedPathExistsAfterItsLeafsWereRemoved" classname="TestOzoneFileSystem" time="0.016">
    <system-out><![CDATA[02:07:37.929 [IPC Server handler 12 on default port 15163] ERROR OMAudit - user=runner | ip=127.0.0.1 | op=GET_FILE_STATUS {volume=volume12196, bucket=bucket58129, key=target/leaf, dataSize=0, replicationConfig=null} | ret=FAILURE
org.apache.hadoop.ozone.om.exceptions.OMException: Unable to get file status: volume: volume12196 bucket: bucket58129 key: target/leaf
	at org.apache.hadoop.ozone.om.KeyManagerImpl.getOzoneFileStatus(KeyManagerImpl.java:1195) ~[ozone-manager-1.4.0-SNAPSHOT.jar:?]
	at org.apache.hadoop.ozone.om.KeyManagerImpl.getFileStatus(KeyManagerImpl.java:1113) ~[ozone-manager-1.4.0-SNAPSHOT.jar:?]
	at org.apache.hadoop.ozone.om.OmMetadataReader.getFileStatus(OmMetadataReader.java:262) ~[ozone-manager-1.4.0-SNAPSHOT.jar:?]
	at org.apache.hadoop.ozone.om.OzoneManager.getFileStatus(OzoneManager.java:3533) ~[ozone-manager-1.4.0-SNAPSHOT.jar:?]
	at org.apache.hadoop.ozone.protocolPB.OzoneManagerRequestHandler.getOzoneFileStatus(OzoneManagerRequestHandler.java:971) ~[ozone-manager-1.4.0-SNAPSHOT.jar:?]
	at org.apache.hadoop.ozone.protocolPB.OzoneManagerRequestHandler.handleReadRequest(OzoneManagerRequestHandler.java:250) ~[ozone-manager-1.4.0-SNAPSHOT.jar:?]
	at org.apache.hadoop.ozone.protocolPB.OzoneManagerProtocolServerSideTranslatorPB.submitRequestDirectlyToOM(OzoneManagerProtocolServerSideTranslatorPB.java:274) ~[ozone-manager-1.4.0-SNAPSHOT.jar:?]
	at org.apache.hadoop.ozone.protocolPB.OzoneManagerProtocolServerSideTranslatorPB.processRequest(OzoneManagerProtocolServerSideTranslatorPB.java:175) ~[ozone-manager-1.4.0-SNAPSHOT.jar:?]
	at org.apache.hadoop.hdds.server.OzoneProtocolMessageDispatcher.processRequest(OzoneProtocolMessageDispatcher.java:87) [hdds-server-framework-1.4.0-SNAPSHOT.jar:?]
	at org.apache.hadoop.ozone.protocolPB.OzoneManagerProtocolServerSideTranslatorPB.submitRequest(OzoneManagerProtocolServerSideTranslatorPB.java:148) [ozone-manager-1.4.0-SNAPSHOT.jar:?]
	at org.apache.hadoop.ozone.protocol.proto.OzoneManagerProtocolProtos$OzoneManagerService$2.callBlockingMethod(OzoneManagerProtocolProtos.java) [ozone-interface-client-1.4.0-SNAPSHOT.jar:?]
	at org.apache.hadoop.ipc.ProtobufRpcEngine$Server.processCall(ProtobufRpcEngine.java:484) [hadoop-common-3.3.6.jar:?]
	at org.apache.hadoop.ipc.ProtobufRpcEngine2$Server$ProtoBufRpcInvoker.call(ProtobufRpcEngine2.java:595) [hadoop-common-3.3.6.jar:?]
	at org.apache.hadoop.ipc.ProtobufRpcEngine2$Server$ProtoBufRpcInvoker.call(ProtobufRpcEngine2.java:573) [hadoop-common-3.3.6.jar:?]
	at org.apache.hadoop.ipc.RPC$Server.call(RPC.java:1227) [hadoop-common-3.3.6.jar:?]
	at org.apache.hadoop.ipc.Server$RpcCall.run(Server.java:1094) [hadoop-common-3.3.6.jar:?]
	at org.apache.hadoop.ipc.Server$RpcCall.run(Server.java:1017) [hadoop-common-3.3.6.jar:?]
	at java.security.AccessController.doPrivileged(Native Method) ~[?:1.8.0_382]
	at javax.security.auth.Subject.doAs(Subject.java:422) [?:1.8.0_382]
	at org.apache.hadoop.security.UserGroupInformation.doAs(UserGroupInformation.java:1899) [hadoop-common-3.3.6.jar:?]
	at org.apache.hadoop.ipc.Server$Handler.run(Server.java:3048) [hadoop-common-3.3.6.jar:?]
]]></system-out>
  </testcase>
  <testcase name="testCreateFileShouldCheckExistenceOfDirWithSameName" classname="TestOzoneFileSystem" time="0.071">
    <system-out><![CDATA[02:04:08.633 [OM StateMachine ApplyTransaction Thread - 0] ERROR OMAudit - user=runner | ip=127.0.0.1 | op=CREATE_FILE {volume=volume43289, bucket=bucket29045, key=d1/d2/d3/d4/key2, dataSize=4194304, replicationType=RATIS, replicationFactor=THREE} | ret=FAILURE
org.apache.hadoop.ozone.om.exceptions.OMException: Can not write to directory: d1/d2/d3/d4/key2
	at org.apache.hadoop.ozone.om.request.file.OMFileCreateRequest.checkDirectoryResult(OMFileCreateRequest.java:363) ~[ozone-manager-1.4.0-SNAPSHOT.jar:?]
	at org.apache.hadoop.ozone.om.request.file.OMFileCreateRequest.validateAndUpdateCache(OMFileCreateRequest.java:237) ~[ozone-manager-1.4.0-SNAPSHOT.jar:?]
	at org.apache.hadoop.ozone.protocolPB.OzoneManagerRequestHandler.handleWriteRequest(OzoneManagerRequestHandler.java:373) ~[ozone-manager-1.4.0-SNAPSHOT.jar:?]
	at org.apache.hadoop.ozone.om.ratis.OzoneManagerStateMachine.runCommand(OzoneManagerStateMachine.java:568) ~[ozone-manager-1.4.0-SNAPSHOT.jar:?]
	at org.apache.hadoop.ozone.om.ratis.OzoneManagerStateMachine.lambda$1(OzoneManagerStateMachine.java:359) ~[ozone-manager-1.4.0-SNAPSHOT.jar:?]
	at java.util.concurrent.CompletableFuture$AsyncSupply.run(CompletableFuture.java:1604) [?:1.8.0_382]
	at java.util.concurrent.ThreadPoolExecutor.runWorker(ThreadPoolExecutor.java:1149) [?:1.8.0_382]
	at java.util.concurrent.ThreadPoolExecutor$Worker.run(ThreadPoolExecutor.java:624) [?:1.8.0_382]
	at java.lang.Thread.run(Thread.java:750) [?:1.8.0_382]
2023-09-19 02:04:08,634 [OM StateMachine ApplyTransaction Thread - 0] ERROR file.OMFileCreateRequest (OMFileCreateRequest.java:validateAndUpdateCache(336)) - File create failed. Volume:volume43289, Bucket:bucket29045, Keyd1/d2/d3/d4/key2.
NOT_A_FILE org.apache.hadoop.ozone.om.exceptions.OMException: Can not write to directory: d1/d2/d3/d4/key2
	at org.apache.hadoop.ozone.om.request.file.OMFileCreateRequest.checkDirectoryResult(OMFileCreateRequest.java:363)
	at org.apache.hadoop.ozone.om.request.file.OMFileCreateRequest.validateAndUpdateCache(OMFileCreateRequest.java:237)
	at org.apache.hadoop.ozone.protocolPB.OzoneManagerRequestHandler.handleWriteRequest(OzoneManagerRequestHandler.java:373)
	at org.apache.hadoop.ozone.om.ratis.OzoneManagerStateMachine.runCommand(OzoneManagerStateMachine.java:568)
	at org.apache.hadoop.ozone.om.ratis.OzoneManagerStateMachine.lambda$1(OzoneManagerStateMachine.java:359)
	at java.util.concurrent.CompletableFuture$AsyncSupply.run(CompletableFuture.java:1604)
	at java.util.concurrent.ThreadPoolExecutor.runWorker(ThreadPoolExecutor.java:1149)
	at java.util.concurrent.ThreadPoolExecutor$Worker.run(ThreadPoolExecutor.java:624)
	at java.lang.Thread.run(Thread.java:750)
02:04:08.651 [OM StateMachine ApplyTransaction Thread - 0] ERROR OMAudit - user=runner | ip=127.0.0.1 | op=CREATE_DIRECTORY {volume=volume43289, bucket=bucket29045, key=d1/d2/d3/d4/key3, dataSize=0, replicationType=NONE, replicationFactor=ZERO} | ret=FAILURE
org.apache.hadoop.ozone.om.exceptions.OMException: Unable to create directory: d1/d2/d3/d4/key3 in volume/bucket: volume43289/bucket29045
	at org.apache.hadoop.ozone.om.request.file.OMDirectoryCreateRequest.validateAndUpdateCache(OMDirectoryCreateRequest.java:194) ~[ozone-manager-1.4.0-SNAPSHOT.jar:?]
	at org.apache.hadoop.ozone.protocolPB.OzoneManagerRequestHandler.handleWriteRequest(OzoneManagerRequestHandler.java:373) ~[ozone-manager-1.4.0-SNAPSHOT.jar:?]
	at org.apache.hadoop.ozone.om.ratis.OzoneManagerStateMachine.runCommand(OzoneManagerStateMachine.java:568) ~[ozone-manager-1.4.0-SNAPSHOT.jar:?]
	at org.apache.hadoop.ozone.om.ratis.OzoneManagerStateMachine.lambda$1(OzoneManagerStateMachine.java:359) ~[ozone-manager-1.4.0-SNAPSHOT.jar:?]
	at java.util.concurrent.CompletableFuture$AsyncSupply.run(CompletableFuture.java:1604) [?:1.8.0_382]
	at java.util.concurrent.ThreadPoolExecutor.runWorker(ThreadPoolExecutor.java:1149) [?:1.8.0_382]
	at java.util.concurrent.ThreadPoolExecutor$Worker.run(ThreadPoolExecutor.java:624) [?:1.8.0_382]
	at java.lang.Thread.run(Thread.java:750) [?:1.8.0_382]
2023-09-19 02:04:08,651 [OM StateMachine ApplyTransaction Thread - 0] ERROR file.OMDirectoryCreateRequest (OMDirectoryCreateRequest.java:logResult(334)) - Directory creation failed. Volume:volume43289, Bucket:bucket29045, Keyd1/d2/d3/d4/key3. Exception:{}
FILE_ALREADY_EXISTS org.apache.hadoop.ozone.om.exceptions.OMException: Unable to create directory: d1/d2/d3/d4/key3 in volume/bucket: volume43289/bucket29045
	at org.apache.hadoop.ozone.om.request.file.OMDirectoryCreateRequest.validateAndUpdateCache(OMDirectoryCreateRequest.java:194)
	at org.apache.hadoop.ozone.protocolPB.OzoneManagerRequestHandler.handleWriteRequest(OzoneManagerRequestHandler.java:373)
	at org.apache.hadoop.ozone.om.ratis.OzoneManagerStateMachine.runCommand(OzoneManagerStateMachine.java:568)
	at org.apache.hadoop.ozone.om.ratis.OzoneManagerStateMachine.lambda$1(OzoneManagerStateMachine.java:359)
	at java.util.concurrent.CompletableFuture$AsyncSupply.run(CompletableFuture.java:1604)
	at java.util.concurrent.ThreadPoolExecutor.runWorker(ThreadPoolExecutor.java:1149)
	at java.util.concurrent.ThreadPoolExecutor$Worker.run(ThreadPoolExecutor.java:624)
	at java.lang.Thread.run(Thread.java:750)
02:04:08.657 [OM StateMachine ApplyTransaction Thread - 0] ERROR OMAudit - user=runner | ip=127.0.0.1 | op=CREATE_FILE {volume=volume43289, bucket=bucket29045, key=d1/d2/d3, dataSize=4194304, replicationType=RATIS, replicationFactor=THREE} | ret=FAILURE
org.apache.hadoop.ozone.om.exceptions.OMException: Can not write to directory: d1/d2/d3
	at org.apache.hadoop.ozone.om.request.file.OMFileCreateRequest.checkDirectoryResult(OMFileCreateRequest.java:363) ~[ozone-manager-1.4.0-SNAPSHOT.jar:?]
	at org.apache.hadoop.ozone.om.request.file.OMFileCreateRequest.validateAndUpdateCache(OMFileCreateRequest.java:237) ~[ozone-manager-1.4.0-SNAPSHOT.jar:?]
	at org.apache.hadoop.ozone.protocolPB.OzoneManagerRequestHandler.handleWriteRequest(OzoneManagerRequestHandler.java:373) ~[ozone-manager-1.4.0-SNAPSHOT.jar:?]
	at org.apache.hadoop.ozone.om.ratis.OzoneManagerStateMachine.runCommand(OzoneManagerStateMachine.java:568) ~[ozone-manager-1.4.0-SNAPSHOT.jar:?]
	at org.apache.hadoop.ozone.om.ratis.OzoneManagerStateMachine.lambda$1(OzoneManagerStateMachine.java:359) ~[ozone-manager-1.4.0-SNAPSHOT.jar:?]
	at java.util.concurrent.CompletableFuture$AsyncSupply.run(CompletableFuture.java:1604) [?:1.8.0_382]
	at java.util.concurrent.ThreadPoolExecutor.runWorker(ThreadPoolExecutor.java:1149) [?:1.8.0_382]
	at java.util.concurrent.ThreadPoolExecutor$Worker.run(ThreadPoolExecutor.java:624) [?:1.8.0_382]
	at java.lang.Thread.run(Thread.java:750) [?:1.8.0_382]
2023-09-19 02:04:08,657 [OM StateMachine ApplyTransaction Thread - 0] ERROR file.OMFileCreateRequest (OMFileCreateRequest.java:validateAndUpdateCache(336)) - File create failed. Volume:volume43289, Bucket:bucket29045, Keyd1/d2/d3.
NOT_A_FILE org.apache.hadoop.ozone.om.exceptions.OMException: Can not write to directory: d1/d2/d3
	at org.apache.hadoop.ozone.om.request.file.OMFileCreateRequest.checkDirectoryResult(OMFileCreateRequest.java:363)
	at org.apache.hadoop.ozone.om.request.file.OMFileCreateRequest.validateAndUpdateCache(OMFileCreateRequest.java:237)
	at org.apache.hadoop.ozone.protocolPB.OzoneManagerRequestHandler.handleWriteRequest(OzoneManagerRequestHandler.java:373)
	at org.apache.hadoop.ozone.om.ratis.OzoneManagerStateMachine.runCommand(OzoneManagerStateMachine.java:568)
	at org.apache.hadoop.ozone.om.ratis.OzoneManagerStateMachine.lambda$1(OzoneManagerStateMachine.java:359)
	at java.util.concurrent.CompletableFuture$AsyncSupply.run(CompletableFuture.java:1604)
	at java.util.concurrent.ThreadPoolExecutor.runWorker(ThreadPoolExecutor.java:1149)
	at java.util.concurrent.ThreadPoolExecutor$Worker.run(ThreadPoolExecutor.java:624)
	at java.lang.Thread.run(Thread.java:750)
02:04:08.660 [IPC Server handler 12 on default port 15004] ERROR OMAudit - user=runner | ip=127.0.0.1 | op=GET_FILE_STATUS {volume=volume43289, bucket=bucket29045, key=d1/d2/d3/d4/key3/invalid, dataSize=0, replicationConfig=null} | ret=FAILURE
org.apache.hadoop.ozone.om.exceptions.OMException: Unable to get file status: volume: volume43289 bucket: bucket29045 key: d1/d2/d3/d4/key3/invalid
	at org.apache.hadoop.ozone.om.KeyManagerImpl.getOzoneFileStatus(KeyManagerImpl.java:1195) ~[ozone-manager-1.4.0-SNAPSHOT.jar:?]
	at org.apache.hadoop.ozone.om.KeyManagerImpl.getFileStatus(KeyManagerImpl.java:1113) ~[ozone-manager-1.4.0-SNAPSHOT.jar:?]
	at org.apache.hadoop.ozone.om.OmMetadataReader.getFileStatus(OmMetadataReader.java:262) ~[ozone-manager-1.4.0-SNAPSHOT.jar:?]
	at org.apache.hadoop.ozone.om.OzoneManager.getFileStatus(OzoneManager.java:3533) ~[ozone-manager-1.4.0-SNAPSHOT.jar:?]
	at org.apache.hadoop.ozone.protocolPB.OzoneManagerRequestHandler.getOzoneFileStatus(OzoneManagerRequestHandler.java:971) ~[ozone-manager-1.4.0-SNAPSHOT.jar:?]
	at org.apache.hadoop.ozone.protocolPB.OzoneManagerRequestHandler.handleReadRequest(OzoneManagerRequestHandler.java:250) ~[ozone-manager-1.4.0-SNAPSHOT.jar:?]
	at org.apache.hadoop.ozone.protocolPB.OzoneManagerProtocolServerSideTranslatorPB.submitReadRequestToOM(OzoneManagerProtocolServerSideTranslatorPB.java:225) ~[ozone-manager-1.4.0-SNAPSHOT.jar:?]
	at org.apache.hadoop.ozone.protocolPB.OzoneManagerProtocolServerSideTranslatorPB.processRequest(OzoneManagerProtocolServerSideTranslatorPB.java:179) ~[ozone-manager-1.4.0-SNAPSHOT.jar:?]
	at org.apache.hadoop.hdds.server.OzoneProtocolMessageDispatcher.processRequest(OzoneProtocolMessageDispatcher.java:87) [hdds-server-framework-1.4.0-SNAPSHOT.jar:?]
	at org.apache.hadoop.ozone.protocolPB.OzoneManagerProtocolServerSideTranslatorPB.submitRequest(OzoneManagerProtocolServerSideTranslatorPB.java:148) [ozone-manager-1.4.0-SNAPSHOT.jar:?]
	at org.apache.hadoop.ozone.protocol.proto.OzoneManagerProtocolProtos$OzoneManagerService$2.callBlockingMethod(OzoneManagerProtocolProtos.java) [ozone-interface-client-1.4.0-SNAPSHOT.jar:?]
	at org.apache.hadoop.ipc.ProtobufRpcEngine$Server.processCall(ProtobufRpcEngine.java:484) [hadoop-common-3.3.6.jar:?]
	at org.apache.hadoop.ipc.ProtobufRpcEngine2$Server$ProtoBufRpcInvoker.call(ProtobufRpcEngine2.java:595) [hadoop-common-3.3.6.jar:?]
	at org.apache.hadoop.ipc.ProtobufRpcEngine2$Server$ProtoBufRpcInvoker.call(ProtobufRpcEngine2.java:573) [hadoop-common-3.3.6.jar:?]
	at org.apache.hadoop.ipc.RPC$Server.call(RPC.java:1227) [hadoop-common-3.3.6.jar:?]
	at org.apache.hadoop.ipc.Server$RpcCall.run(Server.java:1094) [hadoop-common-3.3.6.jar:?]
	at org.apache.hadoop.ipc.Server$RpcCall.run(Server.java:1017) [hadoop-common-3.3.6.jar:?]
	at java.security.AccessController.doPrivileged(Native Method) ~[?:1.8.0_382]
	at javax.security.auth.Subject.doAs(Subject.java:422) [?:1.8.0_382]
	at org.apache.hadoop.security.UserGroupInformation.doAs(UserGroupInformation.java:1899) [hadoop-common-3.3.6.jar:?]
	at org.apache.hadoop.ipc.Server$Handler.run(Server.java:3048) [hadoop-common-3.3.6.jar:?]
02:04:08.662 [IPC Server handler 11 on default port 15004] ERROR OMAudit - user=runner | ip=127.0.0.1 | op=GET_FILE_STATUS {volume=volume43289, bucket=bucket29045, key=d1/d2/d3/d4/invalidkey, dataSize=0, replicationConfig=null} | ret=FAILURE
org.apache.hadoop.ozone.om.exceptions.OMException: Unable to get file status: volume: volume43289 bucket: bucket29045 key: d1/d2/d3/d4/invalidkey
	at org.apache.hadoop.ozone.om.KeyManagerImpl.getOzoneFileStatus(KeyManagerImpl.java:1195) ~[ozone-manager-1.4.0-SNAPSHOT.jar:?]
	at org.apache.hadoop.ozone.om.KeyManagerImpl.getFileStatus(KeyManagerImpl.java:1113) ~[ozone-manager-1.4.0-SNAPSHOT.jar:?]
	at org.apache.hadoop.ozone.om.OmMetadataReader.getFileStatus(OmMetadataReader.java:262) ~[ozone-manager-1.4.0-SNAPSHOT.jar:?]
	at org.apache.hadoop.ozone.om.OzoneManager.getFileStatus(OzoneManager.java:3533) ~[ozone-manager-1.4.0-SNAPSHOT.jar:?]
	at org.apache.hadoop.ozone.protocolPB.OzoneManagerRequestHandler.getOzoneFileStatus(OzoneManagerRequestHandler.java:971) ~[ozone-manager-1.4.0-SNAPSHOT.jar:?]
	at org.apache.hadoop.ozone.protocolPB.OzoneManagerRequestHandler.handleReadRequest(OzoneManagerRequestHandler.java:250) ~[ozone-manager-1.4.0-SNAPSHOT.jar:?]
	at org.apache.hadoop.ozone.protocolPB.OzoneManagerProtocolServerSideTranslatorPB.submitReadRequestToOM(OzoneManagerProtocolServerSideTranslatorPB.java:225) ~[ozone-manager-1.4.0-SNAPSHOT.jar:?]
	at org.apache.hadoop.ozone.protocolPB.OzoneManagerProtocolServerSideTranslatorPB.processRequest(OzoneManagerProtocolServerSideTranslatorPB.java:179) ~[ozone-manager-1.4.0-SNAPSHOT.jar:?]
	at org.apache.hadoop.hdds.server.OzoneProtocolMessageDispatcher.processRequest(OzoneProtocolMessageDispatcher.java:87) [hdds-server-framework-1.4.0-SNAPSHOT.jar:?]
	at org.apache.hadoop.ozone.protocolPB.OzoneManagerProtocolServerSideTranslatorPB.submitRequest(OzoneManagerProtocolServerSideTranslatorPB.java:148) [ozone-manager-1.4.0-SNAPSHOT.jar:?]
	at org.apache.hadoop.ozone.protocol.proto.OzoneManagerProtocolProtos$OzoneManagerService$2.callBlockingMethod(OzoneManagerProtocolProtos.java) [ozone-interface-client-1.4.0-SNAPSHOT.jar:?]
	at org.apache.hadoop.ipc.ProtobufRpcEngine$Server.processCall(ProtobufRpcEngine.java:484) [hadoop-common-3.3.6.jar:?]
	at org.apache.hadoop.ipc.ProtobufRpcEngine2$Server$ProtoBufRpcInvoker.call(ProtobufRpcEngine2.java:595) [hadoop-common-3.3.6.jar:?]
	at org.apache.hadoop.ipc.ProtobufRpcEngine2$Server$ProtoBufRpcInvoker.call(ProtobufRpcEngine2.java:573) [hadoop-common-3.3.6.jar:?]
	at org.apache.hadoop.ipc.RPC$Server.call(RPC.java:1227) [hadoop-common-3.3.6.jar:?]
	at org.apache.hadoop.ipc.Server$RpcCall.run(Server.java:1094) [hadoop-common-3.3.6.jar:?]
	at org.apache.hadoop.ipc.Server$RpcCall.run(Server.java:1017) [hadoop-common-3.3.6.jar:?]
	at java.security.AccessController.doPrivileged(Native Method) ~[?:1.8.0_382]
	at javax.security.auth.Subject.doAs(Subject.java:422) [?:1.8.0_382]
	at org.apache.hadoop.security.UserGroupInformation.doAs(UserGroupInformation.java:1899) [hadoop-common-3.3.6.jar:?]
	at org.apache.hadoop.ipc.Server$Handler.run(Server.java:3048) [hadoop-common-3.3.6.jar:?]
]]></system-out>
  </testcase>
  <testcase name="testCreateFileShouldCheckExistenceOfDirWithSameName" classname="TestOzoneFileSystem" time="0.039">
    <system-out><![CDATA[02:05:28.284 [IPC Server handler 7 on default port 15057] ERROR OMAudit - user=runner | ip=127.0.0.1 | op=CREATE_FILE {volume=volume43065, bucket=bucket81401, key=d1/d2/d3/d4/key2, dataSize=4194304, replicationType=RATIS, replicationFactor=THREE} | ret=FAILURE
org.apache.hadoop.ozone.om.exceptions.OMException: Can not write to directory: d1/d2/d3/d4/key2
	at org.apache.hadoop.ozone.om.request.file.OMFileCreateRequest.checkDirectoryResult(OMFileCreateRequest.java:363) ~[ozone-manager-1.4.0-SNAPSHOT.jar:?]
	at org.apache.hadoop.ozone.om.request.file.OMFileCreateRequest.validateAndUpdateCache(OMFileCreateRequest.java:237) ~[ozone-manager-1.4.0-SNAPSHOT.jar:?]
	at org.apache.hadoop.ozone.protocolPB.OzoneManagerRequestHandler.handleWriteRequest(OzoneManagerRequestHandler.java:373) ~[ozone-manager-1.4.0-SNAPSHOT.jar:?]
	at org.apache.hadoop.ozone.protocolPB.OzoneManagerProtocolServerSideTranslatorPB.submitRequestDirectlyToOM(OzoneManagerProtocolServerSideTranslatorPB.java:280) ~[ozone-manager-1.4.0-SNAPSHOT.jar:?]
	at org.apache.hadoop.ozone.protocolPB.OzoneManagerProtocolServerSideTranslatorPB.processRequest(OzoneManagerProtocolServerSideTranslatorPB.java:175) ~[ozone-manager-1.4.0-SNAPSHOT.jar:?]
	at org.apache.hadoop.hdds.server.OzoneProtocolMessageDispatcher.processRequest(OzoneProtocolMessageDispatcher.java:87) [hdds-server-framework-1.4.0-SNAPSHOT.jar:?]
	at org.apache.hadoop.ozone.protocolPB.OzoneManagerProtocolServerSideTranslatorPB.submitRequest(OzoneManagerProtocolServerSideTranslatorPB.java:148) [ozone-manager-1.4.0-SNAPSHOT.jar:?]
	at org.apache.hadoop.ozone.protocol.proto.OzoneManagerProtocolProtos$OzoneManagerService$2.callBlockingMethod(OzoneManagerProtocolProtos.java) [ozone-interface-client-1.4.0-SNAPSHOT.jar:?]
	at org.apache.hadoop.ipc.ProtobufRpcEngine$Server.processCall(ProtobufRpcEngine.java:484) [hadoop-common-3.3.6.jar:?]
	at org.apache.hadoop.ipc.ProtobufRpcEngine2$Server$ProtoBufRpcInvoker.call(ProtobufRpcEngine2.java:595) [hadoop-common-3.3.6.jar:?]
	at org.apache.hadoop.ipc.ProtobufRpcEngine2$Server$ProtoBufRpcInvoker.call(ProtobufRpcEngine2.java:573) [hadoop-common-3.3.6.jar:?]
	at org.apache.hadoop.ipc.RPC$Server.call(RPC.java:1227) [hadoop-common-3.3.6.jar:?]
	at org.apache.hadoop.ipc.Server$RpcCall.run(Server.java:1094) [hadoop-common-3.3.6.jar:?]
	at org.apache.hadoop.ipc.Server$RpcCall.run(Server.java:1017) [hadoop-common-3.3.6.jar:?]
	at java.security.AccessController.doPrivileged(Native Method) ~[?:1.8.0_382]
	at javax.security.auth.Subject.doAs(Subject.java:422) [?:1.8.0_382]
	at org.apache.hadoop.security.UserGroupInformation.doAs(UserGroupInformation.java:1899) [hadoop-common-3.3.6.jar:?]
	at org.apache.hadoop.ipc.Server$Handler.run(Server.java:3048) [hadoop-common-3.3.6.jar:?]
2023-09-19 02:05:28,284 [IPC Server handler 7 on default port 15057] ERROR file.OMFileCreateRequest (OMFileCreateRequest.java:validateAndUpdateCache(336)) - File create failed. Volume:volume43065, Bucket:bucket81401, Keyd1/d2/d3/d4/key2.
NOT_A_FILE org.apache.hadoop.ozone.om.exceptions.OMException: Can not write to directory: d1/d2/d3/d4/key2
	at org.apache.hadoop.ozone.om.request.file.OMFileCreateRequest.checkDirectoryResult(OMFileCreateRequest.java:363)
	at org.apache.hadoop.ozone.om.request.file.OMFileCreateRequest.validateAndUpdateCache(OMFileCreateRequest.java:237)
	at org.apache.hadoop.ozone.protocolPB.OzoneManagerRequestHandler.handleWriteRequest(OzoneManagerRequestHandler.java:373)
	at org.apache.hadoop.ozone.protocolPB.OzoneManagerProtocolServerSideTranslatorPB.submitRequestDirectlyToOM(OzoneManagerProtocolServerSideTranslatorPB.java:280)
	at org.apache.hadoop.ozone.protocolPB.OzoneManagerProtocolServerSideTranslatorPB.processRequest(OzoneManagerProtocolServerSideTranslatorPB.java:175)
	at org.apache.hadoop.hdds.server.OzoneProtocolMessageDispatcher.processRequest(OzoneProtocolMessageDispatcher.java:87)
	at org.apache.hadoop.ozone.protocolPB.OzoneManagerProtocolServerSideTranslatorPB.submitRequest(OzoneManagerProtocolServerSideTranslatorPB.java:148)
	at org.apache.hadoop.ozone.protocol.proto.OzoneManagerProtocolProtos$OzoneManagerService$2.callBlockingMethod(OzoneManagerProtocolProtos.java)
	at org.apache.hadoop.ipc.ProtobufRpcEngine$Server.processCall(ProtobufRpcEngine.java:484)
	at org.apache.hadoop.ipc.ProtobufRpcEngine2$Server$ProtoBufRpcInvoker.call(ProtobufRpcEngine2.java:595)
	at org.apache.hadoop.ipc.ProtobufRpcEngine2$Server$ProtoBufRpcInvoker.call(ProtobufRpcEngine2.java:573)
	at org.apache.hadoop.ipc.RPC$Server.call(RPC.java:1227)
	at org.apache.hadoop.ipc.Server$RpcCall.run(Server.java:1094)
	at org.apache.hadoop.ipc.Server$RpcCall.run(Server.java:1017)
	at java.security.AccessController.doPrivileged(Native Method)
	at javax.security.auth.Subject.doAs(Subject.java:422)
	at org.apache.hadoop.security.UserGroupInformation.doAs(UserGroupInformation.java:1899)
	at org.apache.hadoop.ipc.Server$Handler.run(Server.java:3048)
02:05:28.293 [IPC Server handler 11 on default port 15057] ERROR OMAudit - user=runner | ip=127.0.0.1 | op=CREATE_DIRECTORY {volume=volume43065, bucket=bucket81401, key=d1/d2/d3/d4/key3, dataSize=0, replicationType=NONE, replicationFactor=ZERO} | ret=FAILURE
org.apache.hadoop.ozone.om.exceptions.OMException: Unable to create directory: d1/d2/d3/d4/key3 in volume/bucket: volume43065/bucket81401
	at org.apache.hadoop.ozone.om.request.file.OMDirectoryCreateRequest.validateAndUpdateCache(OMDirectoryCreateRequest.java:194) ~[ozone-manager-1.4.0-SNAPSHOT.jar:?]
	at org.apache.hadoop.ozone.protocolPB.OzoneManagerRequestHandler.handleWriteRequest(OzoneManagerRequestHandler.java:373) ~[ozone-manager-1.4.0-SNAPSHOT.jar:?]
	at org.apache.hadoop.ozone.protocolPB.OzoneManagerProtocolServerSideTranslatorPB.submitRequestDirectlyToOM(OzoneManagerProtocolServerSideTranslatorPB.java:280) ~[ozone-manager-1.4.0-SNAPSHOT.jar:?]
	at org.apache.hadoop.ozone.protocolPB.OzoneManagerProtocolServerSideTranslatorPB.processRequest(OzoneManagerProtocolServerSideTranslatorPB.java:175) ~[ozone-manager-1.4.0-SNAPSHOT.jar:?]
	at org.apache.hadoop.hdds.server.OzoneProtocolMessageDispatcher.processRequest(OzoneProtocolMessageDispatcher.java:87) [hdds-server-framework-1.4.0-SNAPSHOT.jar:?]
	at org.apache.hadoop.ozone.protocolPB.OzoneManagerProtocolServerSideTranslatorPB.submitRequest(OzoneManagerProtocolServerSideTranslatorPB.java:148) [ozone-manager-1.4.0-SNAPSHOT.jar:?]
	at org.apache.hadoop.ozone.protocol.proto.OzoneManagerProtocolProtos$OzoneManagerService$2.callBlockingMethod(OzoneManagerProtocolProtos.java) [ozone-interface-client-1.4.0-SNAPSHOT.jar:?]
	at org.apache.hadoop.ipc.ProtobufRpcEngine$Server.processCall(ProtobufRpcEngine.java:484) [hadoop-common-3.3.6.jar:?]
	at org.apache.hadoop.ipc.ProtobufRpcEngine2$Server$ProtoBufRpcInvoker.call(ProtobufRpcEngine2.java:595) [hadoop-common-3.3.6.jar:?]
	at org.apache.hadoop.ipc.ProtobufRpcEngine2$Server$ProtoBufRpcInvoker.call(ProtobufRpcEngine2.java:573) [hadoop-common-3.3.6.jar:?]
	at org.apache.hadoop.ipc.RPC$Server.call(RPC.java:1227) [hadoop-common-3.3.6.jar:?]
	at org.apache.hadoop.ipc.Server$RpcCall.run(Server.java:1094) [hadoop-common-3.3.6.jar:?]
	at org.apache.hadoop.ipc.Server$RpcCall.run(Server.java:1017) [hadoop-common-3.3.6.jar:?]
	at java.security.AccessController.doPrivileged(Native Method) ~[?:1.8.0_382]
	at javax.security.auth.Subject.doAs(Subject.java:422) [?:1.8.0_382]
	at org.apache.hadoop.security.UserGroupInformation.doAs(UserGroupInformation.java:1899) [hadoop-common-3.3.6.jar:?]
	at org.apache.hadoop.ipc.Server$Handler.run(Server.java:3048) [hadoop-common-3.3.6.jar:?]
2023-09-19 02:05:28,293 [IPC Server handler 11 on default port 15057] ERROR file.OMDirectoryCreateRequest (OMDirectoryCreateRequest.java:logResult(334)) - Directory creation failed. Volume:volume43065, Bucket:bucket81401, Keyd1/d2/d3/d4/key3. Exception:{}
FILE_ALREADY_EXISTS org.apache.hadoop.ozone.om.exceptions.OMException: Unable to create directory: d1/d2/d3/d4/key3 in volume/bucket: volume43065/bucket81401
	at org.apache.hadoop.ozone.om.request.file.OMDirectoryCreateRequest.validateAndUpdateCache(OMDirectoryCreateRequest.java:194)
	at org.apache.hadoop.ozone.protocolPB.OzoneManagerRequestHandler.handleWriteRequest(OzoneManagerRequestHandler.java:373)
	at org.apache.hadoop.ozone.protocolPB.OzoneManagerProtocolServerSideTranslatorPB.submitRequestDirectlyToOM(OzoneManagerProtocolServerSideTranslatorPB.java:280)
	at org.apache.hadoop.ozone.protocolPB.OzoneManagerProtocolServerSideTranslatorPB.processRequest(OzoneManagerProtocolServerSideTranslatorPB.java:175)
	at org.apache.hadoop.hdds.server.OzoneProtocolMessageDispatcher.processRequest(OzoneProtocolMessageDispatcher.java:87)
	at org.apache.hadoop.ozone.protocolPB.OzoneManagerProtocolServerSideTranslatorPB.submitRequest(OzoneManagerProtocolServerSideTranslatorPB.java:148)
	at org.apache.hadoop.ozone.protocol.proto.OzoneManagerProtocolProtos$OzoneManagerService$2.callBlockingMethod(OzoneManagerProtocolProtos.java)
	at org.apache.hadoop.ipc.ProtobufRpcEngine$Server.processCall(ProtobufRpcEngine.java:484)
	at org.apache.hadoop.ipc.ProtobufRpcEngine2$Server$ProtoBufRpcInvoker.call(ProtobufRpcEngine2.java:595)
	at org.apache.hadoop.ipc.ProtobufRpcEngine2$Server$ProtoBufRpcInvoker.call(ProtobufRpcEngine2.java:573)
	at org.apache.hadoop.ipc.RPC$Server.call(RPC.java:1227)
	at org.apache.hadoop.ipc.Server$RpcCall.run(Server.java:1094)
	at org.apache.hadoop.ipc.Server$RpcCall.run(Server.java:1017)
	at java.security.AccessController.doPrivileged(Native Method)
	at javax.security.auth.Subject.doAs(Subject.java:422)
	at org.apache.hadoop.security.UserGroupInformation.doAs(UserGroupInformation.java:1899)
	at org.apache.hadoop.ipc.Server$Handler.run(Server.java:3048)
02:05:28.300 [IPC Server handler 12 on default port 15057] ERROR OMAudit - user=runner | ip=127.0.0.1 | op=CREATE_FILE {volume=volume43065, bucket=bucket81401, key=d1/d2/d3, dataSize=4194304, replicationType=RATIS, replicationFactor=THREE} | ret=FAILURE
org.apache.hadoop.ozone.om.exceptions.OMException: Can not write to directory: d1/d2/d3
	at org.apache.hadoop.ozone.om.request.file.OMFileCreateRequest.checkDirectoryResult(OMFileCreateRequest.java:363) ~[ozone-manager-1.4.0-SNAPSHOT.jar:?]
	at org.apache.hadoop.ozone.om.request.file.OMFileCreateRequest.validateAndUpdateCache(OMFileCreateRequest.java:237) ~[ozone-manager-1.4.0-SNAPSHOT.jar:?]
	at org.apache.hadoop.ozone.protocolPB.OzoneManagerRequestHandler.handleWriteRequest(OzoneManagerRequestHandler.java:373) ~[ozone-manager-1.4.0-SNAPSHOT.jar:?]
	at org.apache.hadoop.ozone.protocolPB.OzoneManagerProtocolServerSideTranslatorPB.submitRequestDirectlyToOM(OzoneManagerProtocolServerSideTranslatorPB.java:280) ~[ozone-manager-1.4.0-SNAPSHOT.jar:?]
	at org.apache.hadoop.ozone.protocolPB.OzoneManagerProtocolServerSideTranslatorPB.processRequest(OzoneManagerProtocolServerSideTranslatorPB.java:175) ~[ozone-manager-1.4.0-SNAPSHOT.jar:?]
	at org.apache.hadoop.hdds.server.OzoneProtocolMessageDispatcher.processRequest(OzoneProtocolMessageDispatcher.java:87) [hdds-server-framework-1.4.0-SNAPSHOT.jar:?]
	at org.apache.hadoop.ozone.protocolPB.OzoneManagerProtocolServerSideTranslatorPB.submitRequest(OzoneManagerProtocolServerSideTranslatorPB.java:148) [ozone-manager-1.4.0-SNAPSHOT.jar:?]
	at org.apache.hadoop.ozone.protocol.proto.OzoneManagerProtocolProtos$OzoneManagerService$2.callBlockingMethod(OzoneManagerProtocolProtos.java) [ozone-interface-client-1.4.0-SNAPSHOT.jar:?]
	at org.apache.hadoop.ipc.ProtobufRpcEngine$Server.processCall(ProtobufRpcEngine.java:484) [hadoop-common-3.3.6.jar:?]
	at org.apache.hadoop.ipc.ProtobufRpcEngine2$Server$ProtoBufRpcInvoker.call(ProtobufRpcEngine2.java:595) [hadoop-common-3.3.6.jar:?]
	at org.apache.hadoop.ipc.ProtobufRpcEngine2$Server$ProtoBufRpcInvoker.call(ProtobufRpcEngine2.java:573) [hadoop-common-3.3.6.jar:?]
	at org.apache.hadoop.ipc.RPC$Server.call(RPC.java:1227) [hadoop-common-3.3.6.jar:?]
	at org.apache.hadoop.ipc.Server$RpcCall.run(Server.java:1094) [hadoop-common-3.3.6.jar:?]
	at org.apache.hadoop.ipc.Server$RpcCall.run(Server.java:1017) [hadoop-common-3.3.6.jar:?]
	at java.security.AccessController.doPrivileged(Native Method) ~[?:1.8.0_382]
	at javax.security.auth.Subject.doAs(Subject.java:422) [?:1.8.0_382]
	at org.apache.hadoop.security.UserGroupInformation.doAs(UserGroupInformation.java:1899) [hadoop-common-3.3.6.jar:?]
	at org.apache.hadoop.ipc.Server$Handler.run(Server.java:3048) [hadoop-common-3.3.6.jar:?]
2023-09-19 02:05:28,300 [IPC Server handler 12 on default port 15057] ERROR file.OMFileCreateRequest (OMFileCreateRequest.java:validateAndUpdateCache(336)) - File create failed. Volume:volume43065, Bucket:bucket81401, Keyd1/d2/d3.
NOT_A_FILE org.apache.hadoop.ozone.om.exceptions.OMException: Can not write to directory: d1/d2/d3
	at org.apache.hadoop.ozone.om.request.file.OMFileCreateRequest.checkDirectoryResult(OMFileCreateRequest.java:363)
	at org.apache.hadoop.ozone.om.request.file.OMFileCreateRequest.validateAndUpdateCache(OMFileCreateRequest.java:237)
	at org.apache.hadoop.ozone.protocolPB.OzoneManagerRequestHandler.handleWriteRequest(OzoneManagerRequestHandler.java:373)
	at org.apache.hadoop.ozone.protocolPB.OzoneManagerProtocolServerSideTranslatorPB.submitRequestDirectlyToOM(OzoneManagerProtocolServerSideTranslatorPB.java:280)
	at org.apache.hadoop.ozone.protocolPB.OzoneManagerProtocolServerSideTranslatorPB.processRequest(OzoneManagerProtocolServerSideTranslatorPB.java:175)
	at org.apache.hadoop.hdds.server.OzoneProtocolMessageDispatcher.processRequest(OzoneProtocolMessageDispatcher.java:87)
	at org.apache.hadoop.ozone.protocolPB.OzoneManagerProtocolServerSideTranslatorPB.submitRequest(OzoneManagerProtocolServerSideTranslatorPB.java:148)
	at org.apache.hadoop.ozone.protocol.proto.OzoneManagerProtocolProtos$OzoneManagerService$2.callBlockingMethod(OzoneManagerProtocolProtos.java)
	at org.apache.hadoop.ipc.ProtobufRpcEngine$Server.processCall(ProtobufRpcEngine.java:484)
	at org.apache.hadoop.ipc.ProtobufRpcEngine2$Server$ProtoBufRpcInvoker.call(ProtobufRpcEngine2.java:595)
	at org.apache.hadoop.ipc.ProtobufRpcEngine2$Server$ProtoBufRpcInvoker.call(ProtobufRpcEngine2.java:573)
	at org.apache.hadoop.ipc.RPC$Server.call(RPC.java:1227)
	at org.apache.hadoop.ipc.Server$RpcCall.run(Server.java:1094)
	at org.apache.hadoop.ipc.Server$RpcCall.run(Server.java:1017)
	at java.security.AccessController.doPrivileged(Native Method)
	at javax.security.auth.Subject.doAs(Subject.java:422)
	at org.apache.hadoop.security.UserGroupInformation.doAs(UserGroupInformation.java:1899)
	at org.apache.hadoop.ipc.Server$Handler.run(Server.java:3048)
02:05:28.302 [IPC Server handler 14 on default port 15057] ERROR OMAudit - user=runner | ip=127.0.0.1 | op=GET_FILE_STATUS {volume=volume43065, bucket=bucket81401, key=d1/d2/d3/d4/key3/invalid, dataSize=0, replicationConfig=null} | ret=FAILURE
org.apache.hadoop.ozone.om.exceptions.OMException: Unable to get file status: volume: volume43065 bucket: bucket81401 key: d1/d2/d3/d4/key3/invalid
	at org.apache.hadoop.ozone.om.KeyManagerImpl.getOzoneFileStatus(KeyManagerImpl.java:1195) ~[ozone-manager-1.4.0-SNAPSHOT.jar:?]
	at org.apache.hadoop.ozone.om.KeyManagerImpl.getFileStatus(KeyManagerImpl.java:1113) ~[ozone-manager-1.4.0-SNAPSHOT.jar:?]
	at org.apache.hadoop.ozone.om.OmMetadataReader.getFileStatus(OmMetadataReader.java:262) ~[ozone-manager-1.4.0-SNAPSHOT.jar:?]
	at org.apache.hadoop.ozone.om.OzoneManager.getFileStatus(OzoneManager.java:3533) ~[ozone-manager-1.4.0-SNAPSHOT.jar:?]
	at org.apache.hadoop.ozone.protocolPB.OzoneManagerRequestHandler.getOzoneFileStatus(OzoneManagerRequestHandler.java:971) ~[ozone-manager-1.4.0-SNAPSHOT.jar:?]
	at org.apache.hadoop.ozone.protocolPB.OzoneManagerRequestHandler.handleReadRequest(OzoneManagerRequestHandler.java:250) ~[ozone-manager-1.4.0-SNAPSHOT.jar:?]
	at org.apache.hadoop.ozone.protocolPB.OzoneManagerProtocolServerSideTranslatorPB.submitRequestDirectlyToOM(OzoneManagerProtocolServerSideTranslatorPB.java:274) ~[ozone-manager-1.4.0-SNAPSHOT.jar:?]
	at org.apache.hadoop.ozone.protocolPB.OzoneManagerProtocolServerSideTranslatorPB.processRequest(OzoneManagerProtocolServerSideTranslatorPB.java:175) ~[ozone-manager-1.4.0-SNAPSHOT.jar:?]
	at org.apache.hadoop.hdds.server.OzoneProtocolMessageDispatcher.processRequest(OzoneProtocolMessageDispatcher.java:87) [hdds-server-framework-1.4.0-SNAPSHOT.jar:?]
	at org.apache.hadoop.ozone.protocolPB.OzoneManagerProtocolServerSideTranslatorPB.submitRequest(OzoneManagerProtocolServerSideTranslatorPB.java:148) [ozone-manager-1.4.0-SNAPSHOT.jar:?]
	at org.apache.hadoop.ozone.protocol.proto.OzoneManagerProtocolProtos$OzoneManagerService$2.callBlockingMethod(OzoneManagerProtocolProtos.java) [ozone-interface-client-1.4.0-SNAPSHOT.jar:?]
	at org.apache.hadoop.ipc.ProtobufRpcEngine$Server.processCall(ProtobufRpcEngine.java:484) [hadoop-common-3.3.6.jar:?]
	at org.apache.hadoop.ipc.ProtobufRpcEngine2$Server$ProtoBufRpcInvoker.call(ProtobufRpcEngine2.java:595) [hadoop-common-3.3.6.jar:?]
	at org.apache.hadoop.ipc.ProtobufRpcEngine2$Server$ProtoBufRpcInvoker.call(ProtobufRpcEngine2.java:573) [hadoop-common-3.3.6.jar:?]
	at org.apache.hadoop.ipc.RPC$Server.call(RPC.java:1227) [hadoop-common-3.3.6.jar:?]
	at org.apache.hadoop.ipc.Server$RpcCall.run(Server.java:1094) [hadoop-common-3.3.6.jar:?]
	at org.apache.hadoop.ipc.Server$RpcCall.run(Server.java:1017) [hadoop-common-3.3.6.jar:?]
	at java.security.AccessController.doPrivileged(Native Method) ~[?:1.8.0_382]
	at javax.security.auth.Subject.doAs(Subject.java:422) [?:1.8.0_382]
	at org.apache.hadoop.security.UserGroupInformation.doAs(UserGroupInformation.java:1899) [hadoop-common-3.3.6.jar:?]
	at org.apache.hadoop.ipc.Server$Handler.run(Server.java:3048) [hadoop-common-3.3.6.jar:?]
02:05:28.304 [IPC Server handler 15 on default port 15057] ERROR OMAudit - user=runner | ip=127.0.0.1 | op=GET_FILE_STATUS {volume=volume43065, bucket=bucket81401, key=d1/d2/d3/d4/invalidkey, dataSize=0, replicationConfig=null} | ret=FAILURE
org.apache.hadoop.ozone.om.exceptions.OMException: Unable to get file status: volume: volume43065 bucket: bucket81401 key: d1/d2/d3/d4/invalidkey
	at org.apache.hadoop.ozone.om.KeyManagerImpl.getOzoneFileStatus(KeyManagerImpl.java:1195) ~[ozone-manager-1.4.0-SNAPSHOT.jar:?]
	at org.apache.hadoop.ozone.om.KeyManagerImpl.getFileStatus(KeyManagerImpl.java:1113) ~[ozone-manager-1.4.0-SNAPSHOT.jar:?]
	at org.apache.hadoop.ozone.om.OmMetadataReader.getFileStatus(OmMetadataReader.java:262) ~[ozone-manager-1.4.0-SNAPSHOT.jar:?]
	at org.apache.hadoop.ozone.om.OzoneManager.getFileStatus(OzoneManager.java:3533) ~[ozone-manager-1.4.0-SNAPSHOT.jar:?]
	at org.apache.hadoop.ozone.protocolPB.OzoneManagerRequestHandler.getOzoneFileStatus(OzoneManagerRequestHandler.java:971) ~[ozone-manager-1.4.0-SNAPSHOT.jar:?]
	at org.apache.hadoop.ozone.protocolPB.OzoneManagerRequestHandler.handleReadRequest(OzoneManagerRequestHandler.java:250) ~[ozone-manager-1.4.0-SNAPSHOT.jar:?]
	at org.apache.hadoop.ozone.protocolPB.OzoneManagerProtocolServerSideTranslatorPB.submitRequestDirectlyToOM(OzoneManagerProtocolServerSideTranslatorPB.java:274) ~[ozone-manager-1.4.0-SNAPSHOT.jar:?]
	at org.apache.hadoop.ozone.protocolPB.OzoneManagerProtocolServerSideTranslatorPB.processRequest(OzoneManagerProtocolServerSideTranslatorPB.java:175) ~[ozone-manager-1.4.0-SNAPSHOT.jar:?]
	at org.apache.hadoop.hdds.server.OzoneProtocolMessageDispatcher.processRequest(OzoneProtocolMessageDispatcher.java:87) [hdds-server-framework-1.4.0-SNAPSHOT.jar:?]
	at org.apache.hadoop.ozone.protocolPB.OzoneManagerProtocolServerSideTranslatorPB.submitRequest(OzoneManagerProtocolServerSideTranslatorPB.java:148) [ozone-manager-1.4.0-SNAPSHOT.jar:?]
	at org.apache.hadoop.ozone.protocol.proto.OzoneManagerProtocolProtos$OzoneManagerService$2.callBlockingMethod(OzoneManagerProtocolProtos.java) [ozone-interface-client-1.4.0-SNAPSHOT.jar:?]
	at org.apache.hadoop.ipc.ProtobufRpcEngine$Server.processCall(ProtobufRpcEngine.java:484) [hadoop-common-3.3.6.jar:?]
	at org.apache.hadoop.ipc.ProtobufRpcEngine2$Server$ProtoBufRpcInvoker.call(ProtobufRpcEngine2.java:595) [hadoop-common-3.3.6.jar:?]
	at org.apache.hadoop.ipc.ProtobufRpcEngine2$Server$ProtoBufRpcInvoker.call(ProtobufRpcEngine2.java:573) [hadoop-common-3.3.6.jar:?]
	at org.apache.hadoop.ipc.RPC$Server.call(RPC.java:1227) [hadoop-common-3.3.6.jar:?]
	at org.apache.hadoop.ipc.Server$RpcCall.run(Server.java:1094) [hadoop-common-3.3.6.jar:?]
	at org.apache.hadoop.ipc.Server$RpcCall.run(Server.java:1017) [hadoop-common-3.3.6.jar:?]
	at java.security.AccessController.doPrivileged(Native Method) ~[?:1.8.0_382]
	at javax.security.auth.Subject.doAs(Subject.java:422) [?:1.8.0_382]
	at org.apache.hadoop.security.UserGroupInformation.doAs(UserGroupInformation.java:1899) [hadoop-common-3.3.6.jar:?]
	at org.apache.hadoop.ipc.Server$Handler.run(Server.java:3048) [hadoop-common-3.3.6.jar:?]
]]></system-out>
  </testcase>
  <testcase name="testCreateFileShouldCheckExistenceOfDirWithSameName" classname="TestOzoneFileSystem" time="0.033">
    <system-out><![CDATA[02:06:30.487 [OM StateMachine ApplyTransaction Thread - 0] ERROR OMAudit - user=runner | ip=127.0.0.1 | op=CREATE_FILE {volume=volume18939, bucket=bucket36089, key=d1/d2/d3/d4/key2, dataSize=4194304, replicationType=RATIS, replicationFactor=THREE} | ret=FAILURE
org.apache.hadoop.ozone.om.exceptions.OMException: Can not write to directory: d1/d2/d3/d4/key2
	at org.apache.hadoop.ozone.om.request.file.OMFileCreateRequest.checkDirectoryResult(OMFileCreateRequest.java:363) ~[ozone-manager-1.4.0-SNAPSHOT.jar:?]
	at org.apache.hadoop.ozone.om.request.file.OMFileCreateRequest.validateAndUpdateCache(OMFileCreateRequest.java:237) ~[ozone-manager-1.4.0-SNAPSHOT.jar:?]
	at org.apache.hadoop.ozone.protocolPB.OzoneManagerRequestHandler.handleWriteRequest(OzoneManagerRequestHandler.java:373) ~[ozone-manager-1.4.0-SNAPSHOT.jar:?]
	at org.apache.hadoop.ozone.om.ratis.OzoneManagerStateMachine.runCommand(OzoneManagerStateMachine.java:568) ~[ozone-manager-1.4.0-SNAPSHOT.jar:?]
	at org.apache.hadoop.ozone.om.ratis.OzoneManagerStateMachine.lambda$1(OzoneManagerStateMachine.java:359) ~[ozone-manager-1.4.0-SNAPSHOT.jar:?]
	at java.util.concurrent.CompletableFuture$AsyncSupply.run(CompletableFuture.java:1604) [?:1.8.0_382]
	at java.util.concurrent.ThreadPoolExecutor.runWorker(ThreadPoolExecutor.java:1149) [?:1.8.0_382]
	at java.util.concurrent.ThreadPoolExecutor$Worker.run(ThreadPoolExecutor.java:624) [?:1.8.0_382]
	at java.lang.Thread.run(Thread.java:750) [?:1.8.0_382]
2023-09-19 02:06:30,487 [OM StateMachine ApplyTransaction Thread - 0] ERROR file.OMFileCreateRequest (OMFileCreateRequest.java:validateAndUpdateCache(336)) - File create failed. Volume:volume18939, Bucket:bucket36089, Keyd1/d2/d3/d4/key2.
NOT_A_FILE org.apache.hadoop.ozone.om.exceptions.OMException: Can not write to directory: d1/d2/d3/d4/key2
	at org.apache.hadoop.ozone.om.request.file.OMFileCreateRequest.checkDirectoryResult(OMFileCreateRequest.java:363)
	at org.apache.hadoop.ozone.om.request.file.OMFileCreateRequest.validateAndUpdateCache(OMFileCreateRequest.java:237)
	at org.apache.hadoop.ozone.protocolPB.OzoneManagerRequestHandler.handleWriteRequest(OzoneManagerRequestHandler.java:373)
	at org.apache.hadoop.ozone.om.ratis.OzoneManagerStateMachine.runCommand(OzoneManagerStateMachine.java:568)
	at org.apache.hadoop.ozone.om.ratis.OzoneManagerStateMachine.lambda$1(OzoneManagerStateMachine.java:359)
	at java.util.concurrent.CompletableFuture$AsyncSupply.run(CompletableFuture.java:1604)
	at java.util.concurrent.ThreadPoolExecutor.runWorker(ThreadPoolExecutor.java:1149)
	at java.util.concurrent.ThreadPoolExecutor$Worker.run(ThreadPoolExecutor.java:624)
	at java.lang.Thread.run(Thread.java:750)
02:06:30.496 [OM StateMachine ApplyTransaction Thread - 0] ERROR OMAudit - user=runner | ip=127.0.0.1 | op=CREATE_DIRECTORY {volume=volume18939, bucket=bucket36089, key=d1/d2/d3/d4/key3, dataSize=0, replicationType=NONE, replicationFactor=ZERO} | ret=FAILURE
org.apache.hadoop.ozone.om.exceptions.OMException: Unable to create directory: d1/d2/d3/d4/key3 in volume/bucket: volume18939/bucket36089
	at org.apache.hadoop.ozone.om.request.file.OMDirectoryCreateRequest.validateAndUpdateCache(OMDirectoryCreateRequest.java:194) ~[ozone-manager-1.4.0-SNAPSHOT.jar:?]
	at org.apache.hadoop.ozone.protocolPB.OzoneManagerRequestHandler.handleWriteRequest(OzoneManagerRequestHandler.java:373) ~[ozone-manager-1.4.0-SNAPSHOT.jar:?]
	at org.apache.hadoop.ozone.om.ratis.OzoneManagerStateMachine.runCommand(OzoneManagerStateMachine.java:568) ~[ozone-manager-1.4.0-SNAPSHOT.jar:?]
	at org.apache.hadoop.ozone.om.ratis.OzoneManagerStateMachine.lambda$1(OzoneManagerStateMachine.java:359) ~[ozone-manager-1.4.0-SNAPSHOT.jar:?]
	at java.util.concurrent.CompletableFuture$AsyncSupply.run(CompletableFuture.java:1604) [?:1.8.0_382]
	at java.util.concurrent.ThreadPoolExecutor.runWorker(ThreadPoolExecutor.java:1149) [?:1.8.0_382]
	at java.util.concurrent.ThreadPoolExecutor$Worker.run(ThreadPoolExecutor.java:624) [?:1.8.0_382]
	at java.lang.Thread.run(Thread.java:750) [?:1.8.0_382]
2023-09-19 02:06:30,497 [OM StateMachine ApplyTransaction Thread - 0] ERROR file.OMDirectoryCreateRequest (OMDirectoryCreateRequest.java:logResult(334)) - Directory creation failed. Volume:volume18939, Bucket:bucket36089, Keyd1/d2/d3/d4/key3. Exception:{}
FILE_ALREADY_EXISTS org.apache.hadoop.ozone.om.exceptions.OMException: Unable to create directory: d1/d2/d3/d4/key3 in volume/bucket: volume18939/bucket36089
	at org.apache.hadoop.ozone.om.request.file.OMDirectoryCreateRequest.validateAndUpdateCache(OMDirectoryCreateRequest.java:194)
	at org.apache.hadoop.ozone.protocolPB.OzoneManagerRequestHandler.handleWriteRequest(OzoneManagerRequestHandler.java:373)
	at org.apache.hadoop.ozone.om.ratis.OzoneManagerStateMachine.runCommand(OzoneManagerStateMachine.java:568)
	at org.apache.hadoop.ozone.om.ratis.OzoneManagerStateMachine.lambda$1(OzoneManagerStateMachine.java:359)
	at java.util.concurrent.CompletableFuture$AsyncSupply.run(CompletableFuture.java:1604)
	at java.util.concurrent.ThreadPoolExecutor.runWorker(ThreadPoolExecutor.java:1149)
	at java.util.concurrent.ThreadPoolExecutor$Worker.run(ThreadPoolExecutor.java:624)
	at java.lang.Thread.run(Thread.java:750)
02:06:30.500 [OM StateMachine ApplyTransaction Thread - 0] ERROR OMAudit - user=runner | ip=127.0.0.1 | op=CREATE_FILE {volume=volume18939, bucket=bucket36089, key=d1/d2/d3, dataSize=4194304, replicationType=RATIS, replicationFactor=THREE} | ret=FAILURE
org.apache.hadoop.ozone.om.exceptions.OMException: Can not write to directory: d1/d2/d3
	at org.apache.hadoop.ozone.om.request.file.OMFileCreateRequest.checkDirectoryResult(OMFileCreateRequest.java:363) ~[ozone-manager-1.4.0-SNAPSHOT.jar:?]
	at org.apache.hadoop.ozone.om.request.file.OMFileCreateRequest.validateAndUpdateCache(OMFileCreateRequest.java:237) ~[ozone-manager-1.4.0-SNAPSHOT.jar:?]
	at org.apache.hadoop.ozone.protocolPB.OzoneManagerRequestHandler.handleWriteRequest(OzoneManagerRequestHandler.java:373) ~[ozone-manager-1.4.0-SNAPSHOT.jar:?]
	at org.apache.hadoop.ozone.om.ratis.OzoneManagerStateMachine.runCommand(OzoneManagerStateMachine.java:568) ~[ozone-manager-1.4.0-SNAPSHOT.jar:?]
	at org.apache.hadoop.ozone.om.ratis.OzoneManagerStateMachine.lambda$1(OzoneManagerStateMachine.java:359) ~[ozone-manager-1.4.0-SNAPSHOT.jar:?]
	at java.util.concurrent.CompletableFuture$AsyncSupply.run(CompletableFuture.java:1604) [?:1.8.0_382]
	at java.util.concurrent.ThreadPoolExecutor.runWorker(ThreadPoolExecutor.java:1149) [?:1.8.0_382]
	at java.util.concurrent.ThreadPoolExecutor$Worker.run(ThreadPoolExecutor.java:624) [?:1.8.0_382]
	at java.lang.Thread.run(Thread.java:750) [?:1.8.0_382]
2023-09-19 02:06:30,501 [OM StateMachine ApplyTransaction Thread - 0] ERROR file.OMFileCreateRequest (OMFileCreateRequest.java:validateAndUpdateCache(336)) - File create failed. Volume:volume18939, Bucket:bucket36089, Keyd1/d2/d3.
NOT_A_FILE org.apache.hadoop.ozone.om.exceptions.OMException: Can not write to directory: d1/d2/d3
	at org.apache.hadoop.ozone.om.request.file.OMFileCreateRequest.checkDirectoryResult(OMFileCreateRequest.java:363)
	at org.apache.hadoop.ozone.om.request.file.OMFileCreateRequest.validateAndUpdateCache(OMFileCreateRequest.java:237)
	at org.apache.hadoop.ozone.protocolPB.OzoneManagerRequestHandler.handleWriteRequest(OzoneManagerRequestHandler.java:373)
	at org.apache.hadoop.ozone.om.ratis.OzoneManagerStateMachine.runCommand(OzoneManagerStateMachine.java:568)
	at org.apache.hadoop.ozone.om.ratis.OzoneManagerStateMachine.lambda$1(OzoneManagerStateMachine.java:359)
	at java.util.concurrent.CompletableFuture$AsyncSupply.run(CompletableFuture.java:1604)
	at java.util.concurrent.ThreadPoolExecutor.runWorker(ThreadPoolExecutor.java:1149)
	at java.util.concurrent.ThreadPoolExecutor$Worker.run(ThreadPoolExecutor.java:624)
	at java.lang.Thread.run(Thread.java:750)
02:06:30.502 [IPC Server handler 18 on default port 15110] ERROR OMAudit - user=runner | ip=127.0.0.1 | op=GET_FILE_STATUS {volume=volume18939, bucket=bucket36089, key=d1/d2/d3/d4/key3/invalid, dataSize=0, replicationConfig=null} | ret=FAILURE
org.apache.hadoop.ozone.om.exceptions.OMException: Unable to get file status: volume: volume18939 bucket: bucket36089 key: d1/d2/d3/d4/key3/invalid
	at org.apache.hadoop.ozone.om.KeyManagerImpl.getOzoneFileStatus(KeyManagerImpl.java:1195) ~[ozone-manager-1.4.0-SNAPSHOT.jar:?]
	at org.apache.hadoop.ozone.om.KeyManagerImpl.getFileStatus(KeyManagerImpl.java:1113) ~[ozone-manager-1.4.0-SNAPSHOT.jar:?]
	at org.apache.hadoop.ozone.om.OmMetadataReader.getFileStatus(OmMetadataReader.java:262) ~[ozone-manager-1.4.0-SNAPSHOT.jar:?]
	at org.apache.hadoop.ozone.om.OzoneManager.getFileStatus(OzoneManager.java:3533) ~[ozone-manager-1.4.0-SNAPSHOT.jar:?]
	at org.apache.hadoop.ozone.protocolPB.OzoneManagerRequestHandler.getOzoneFileStatus(OzoneManagerRequestHandler.java:971) ~[ozone-manager-1.4.0-SNAPSHOT.jar:?]
	at org.apache.hadoop.ozone.protocolPB.OzoneManagerRequestHandler.handleReadRequest(OzoneManagerRequestHandler.java:250) ~[ozone-manager-1.4.0-SNAPSHOT.jar:?]
	at org.apache.hadoop.ozone.protocolPB.OzoneManagerProtocolServerSideTranslatorPB.submitReadRequestToOM(OzoneManagerProtocolServerSideTranslatorPB.java:225) ~[ozone-manager-1.4.0-SNAPSHOT.jar:?]
	at org.apache.hadoop.ozone.protocolPB.OzoneManagerProtocolServerSideTranslatorPB.processRequest(OzoneManagerProtocolServerSideTranslatorPB.java:179) ~[ozone-manager-1.4.0-SNAPSHOT.jar:?]
	at org.apache.hadoop.hdds.server.OzoneProtocolMessageDispatcher.processRequest(OzoneProtocolMessageDispatcher.java:87) [hdds-server-framework-1.4.0-SNAPSHOT.jar:?]
	at org.apache.hadoop.ozone.protocolPB.OzoneManagerProtocolServerSideTranslatorPB.submitRequest(OzoneManagerProtocolServerSideTranslatorPB.java:148) [ozone-manager-1.4.0-SNAPSHOT.jar:?]
	at org.apache.hadoop.ozone.protocol.proto.OzoneManagerProtocolProtos$OzoneManagerService$2.callBlockingMethod(OzoneManagerProtocolProtos.java) [ozone-interface-client-1.4.0-SNAPSHOT.jar:?]
	at org.apache.hadoop.ipc.ProtobufRpcEngine$Server.processCall(ProtobufRpcEngine.java:484) [hadoop-common-3.3.6.jar:?]
	at org.apache.hadoop.ipc.ProtobufRpcEngine2$Server$ProtoBufRpcInvoker.call(ProtobufRpcEngine2.java:595) [hadoop-common-3.3.6.jar:?]
	at org.apache.hadoop.ipc.ProtobufRpcEngine2$Server$ProtoBufRpcInvoker.call(ProtobufRpcEngine2.java:573) [hadoop-common-3.3.6.jar:?]
	at org.apache.hadoop.ipc.RPC$Server.call(RPC.java:1227) [hadoop-common-3.3.6.jar:?]
	at org.apache.hadoop.ipc.Server$RpcCall.run(Server.java:1094) [hadoop-common-3.3.6.jar:?]
	at org.apache.hadoop.ipc.Server$RpcCall.run(Server.java:1017) [hadoop-common-3.3.6.jar:?]
	at java.security.AccessController.doPrivileged(Native Method) ~[?:1.8.0_382]
	at javax.security.auth.Subject.doAs(Subject.java:422) [?:1.8.0_382]
	at org.apache.hadoop.security.UserGroupInformation.doAs(UserGroupInformation.java:1899) [hadoop-common-3.3.6.jar:?]
	at org.apache.hadoop.ipc.Server$Handler.run(Server.java:3048) [hadoop-common-3.3.6.jar:?]
02:06:30.503 [IPC Server handler 19 on default port 15110] ERROR OMAudit - user=runner | ip=127.0.0.1 | op=GET_FILE_STATUS {volume=volume18939, bucket=bucket36089, key=d1/d2/d3/d4/invalidkey, dataSize=0, replicationConfig=null} | ret=FAILURE
org.apache.hadoop.ozone.om.exceptions.OMException: Unable to get file status: volume: volume18939 bucket: bucket36089 key: d1/d2/d3/d4/invalidkey
	at org.apache.hadoop.ozone.om.KeyManagerImpl.getOzoneFileStatus(KeyManagerImpl.java:1195) ~[ozone-manager-1.4.0-SNAPSHOT.jar:?]
	at org.apache.hadoop.ozone.om.KeyManagerImpl.getFileStatus(KeyManagerImpl.java:1113) ~[ozone-manager-1.4.0-SNAPSHOT.jar:?]
	at org.apache.hadoop.ozone.om.OmMetadataReader.getFileStatus(OmMetadataReader.java:262) ~[ozone-manager-1.4.0-SNAPSHOT.jar:?]
	at org.apache.hadoop.ozone.om.OzoneManager.getFileStatus(OzoneManager.java:3533) ~[ozone-manager-1.4.0-SNAPSHOT.jar:?]
	at org.apache.hadoop.ozone.protocolPB.OzoneManagerRequestHandler.getOzoneFileStatus(OzoneManagerRequestHandler.java:971) ~[ozone-manager-1.4.0-SNAPSHOT.jar:?]
	at org.apache.hadoop.ozone.protocolPB.OzoneManagerRequestHandler.handleReadRequest(OzoneManagerRequestHandler.java:250) ~[ozone-manager-1.4.0-SNAPSHOT.jar:?]
	at org.apache.hadoop.ozone.protocolPB.OzoneManagerProtocolServerSideTranslatorPB.submitReadRequestToOM(OzoneManagerProtocolServerSideTranslatorPB.java:225) ~[ozone-manager-1.4.0-SNAPSHOT.jar:?]
	at org.apache.hadoop.ozone.protocolPB.OzoneManagerProtocolServerSideTranslatorPB.processRequest(OzoneManagerProtocolServerSideTranslatorPB.java:179) ~[ozone-manager-1.4.0-SNAPSHOT.jar:?]
	at org.apache.hadoop.hdds.server.OzoneProtocolMessageDispatcher.processRequest(OzoneProtocolMessageDispatcher.java:87) [hdds-server-framework-1.4.0-SNAPSHOT.jar:?]
	at org.apache.hadoop.ozone.protocolPB.OzoneManagerProtocolServerSideTranslatorPB.submitRequest(OzoneManagerProtocolServerSideTranslatorPB.java:148) [ozone-manager-1.4.0-SNAPSHOT.jar:?]
	at org.apache.hadoop.ozone.protocol.proto.OzoneManagerProtocolProtos$OzoneManagerService$2.callBlockingMethod(OzoneManagerProtocolProtos.java) [ozone-interface-client-1.4.0-SNAPSHOT.jar:?]
	at org.apache.hadoop.ipc.ProtobufRpcEngine$Server.processCall(ProtobufRpcEngine.java:484) [hadoop-common-3.3.6.jar:?]
	at org.apache.hadoop.ipc.ProtobufRpcEngine2$Server$ProtoBufRpcInvoker.call(ProtobufRpcEngine2.java:595) [hadoop-common-3.3.6.jar:?]
	at org.apache.hadoop.ipc.ProtobufRpcEngine2$Server$ProtoBufRpcInvoker.call(ProtobufRpcEngine2.java:573) [hadoop-common-3.3.6.jar:?]
	at org.apache.hadoop.ipc.RPC$Server.call(RPC.java:1227) [hadoop-common-3.3.6.jar:?]
	at org.apache.hadoop.ipc.Server$RpcCall.run(Server.java:1094) [hadoop-common-3.3.6.jar:?]
	at org.apache.hadoop.ipc.Server$RpcCall.run(Server.java:1017) [hadoop-common-3.3.6.jar:?]
	at java.security.AccessController.doPrivileged(Native Method) ~[?:1.8.0_382]
	at javax.security.auth.Subject.doAs(Subject.java:422) [?:1.8.0_382]
	at org.apache.hadoop.security.UserGroupInformation.doAs(UserGroupInformation.java:1899) [hadoop-common-3.3.6.jar:?]
	at org.apache.hadoop.ipc.Server$Handler.run(Server.java:3048) [hadoop-common-3.3.6.jar:?]
]]></system-out>
  </testcase>
  <testcase name="testCreateFileShouldCheckExistenceOfDirWithSameName" classname="TestOzoneFileSystem" time="0.027">
    <system-out><![CDATA[02:07:37.951 [IPC Server handler 17 on default port 15163] ERROR OMAudit - user=runner | ip=127.0.0.1 | op=CREATE_FILE {volume=volume12196, bucket=bucket58129, key=d1/d2/d3/d4/key2, dataSize=4194304, replicationType=RATIS, replicationFactor=THREE} | ret=FAILURE
org.apache.hadoop.ozone.om.exceptions.OMException: Can not write to directory: d1/d2/d3/d4/key2
	at org.apache.hadoop.ozone.om.request.file.OMFileCreateRequest.checkDirectoryResult(OMFileCreateRequest.java:363) ~[ozone-manager-1.4.0-SNAPSHOT.jar:?]
	at org.apache.hadoop.ozone.om.request.file.OMFileCreateRequest.validateAndUpdateCache(OMFileCreateRequest.java:237) ~[ozone-manager-1.4.0-SNAPSHOT.jar:?]
	at org.apache.hadoop.ozone.protocolPB.OzoneManagerRequestHandler.handleWriteRequest(OzoneManagerRequestHandler.java:373) ~[ozone-manager-1.4.0-SNAPSHOT.jar:?]
	at org.apache.hadoop.ozone.protocolPB.OzoneManagerProtocolServerSideTranslatorPB.submitRequestDirectlyToOM(OzoneManagerProtocolServerSideTranslatorPB.java:280) ~[ozone-manager-1.4.0-SNAPSHOT.jar:?]
	at org.apache.hadoop.ozone.protocolPB.OzoneManagerProtocolServerSideTranslatorPB.processRequest(OzoneManagerProtocolServerSideTranslatorPB.java:175) ~[ozone-manager-1.4.0-SNAPSHOT.jar:?]
	at org.apache.hadoop.hdds.server.OzoneProtocolMessageDispatcher.processRequest(OzoneProtocolMessageDispatcher.java:87) [hdds-server-framework-1.4.0-SNAPSHOT.jar:?]
	at org.apache.hadoop.ozone.protocolPB.OzoneManagerProtocolServerSideTranslatorPB.submitRequest(OzoneManagerProtocolServerSideTranslatorPB.java:148) [ozone-manager-1.4.0-SNAPSHOT.jar:?]
	at org.apache.hadoop.ozone.protocol.proto.OzoneManagerProtocolProtos$OzoneManagerService$2.callBlockingMethod(OzoneManagerProtocolProtos.java) [ozone-interface-client-1.4.0-SNAPSHOT.jar:?]
	at org.apache.hadoop.ipc.ProtobufRpcEngine$Server.processCall(ProtobufRpcEngine.java:484) [hadoop-common-3.3.6.jar:?]
	at org.apache.hadoop.ipc.ProtobufRpcEngine2$Server$ProtoBufRpcInvoker.call(ProtobufRpcEngine2.java:595) [hadoop-common-3.3.6.jar:?]
	at org.apache.hadoop.ipc.ProtobufRpcEngine2$Server$ProtoBufRpcInvoker.call(ProtobufRpcEngine2.java:573) [hadoop-common-3.3.6.jar:?]
	at org.apache.hadoop.ipc.RPC$Server.call(RPC.java:1227) [hadoop-common-3.3.6.jar:?]
	at org.apache.hadoop.ipc.Server$RpcCall.run(Server.java:1094) [hadoop-common-3.3.6.jar:?]
	at org.apache.hadoop.ipc.Server$RpcCall.run(Server.java:1017) [hadoop-common-3.3.6.jar:?]
	at java.security.AccessController.doPrivileged(Native Method) ~[?:1.8.0_382]
	at javax.security.auth.Subject.doAs(Subject.java:422) [?:1.8.0_382]
	at org.apache.hadoop.security.UserGroupInformation.doAs(UserGroupInformation.java:1899) [hadoop-common-3.3.6.jar:?]
	at org.apache.hadoop.ipc.Server$Handler.run(Server.java:3048) [hadoop-common-3.3.6.jar:?]
2023-09-19 02:07:37,951 [IPC Server handler 17 on default port 15163] ERROR file.OMFileCreateRequest (OMFileCreateRequest.java:validateAndUpdateCache(336)) - File create failed. Volume:volume12196, Bucket:bucket58129, Keyd1/d2/d3/d4/key2.
NOT_A_FILE org.apache.hadoop.ozone.om.exceptions.OMException: Can not write to directory: d1/d2/d3/d4/key2
	at org.apache.hadoop.ozone.om.request.file.OMFileCreateRequest.checkDirectoryResult(OMFileCreateRequest.java:363)
	at org.apache.hadoop.ozone.om.request.file.OMFileCreateRequest.validateAndUpdateCache(OMFileCreateRequest.java:237)
	at org.apache.hadoop.ozone.protocolPB.OzoneManagerRequestHandler.handleWriteRequest(OzoneManagerRequestHandler.java:373)
	at org.apache.hadoop.ozone.protocolPB.OzoneManagerProtocolServerSideTranslatorPB.submitRequestDirectlyToOM(OzoneManagerProtocolServerSideTranslatorPB.java:280)
	at org.apache.hadoop.ozone.protocolPB.OzoneManagerProtocolServerSideTranslatorPB.processRequest(OzoneManagerProtocolServerSideTranslatorPB.java:175)
	at org.apache.hadoop.hdds.server.OzoneProtocolMessageDispatcher.processRequest(OzoneProtocolMessageDispatcher.java:87)
	at org.apache.hadoop.ozone.protocolPB.OzoneManagerProtocolServerSideTranslatorPB.submitRequest(OzoneManagerProtocolServerSideTranslatorPB.java:148)
	at org.apache.hadoop.ozone.protocol.proto.OzoneManagerProtocolProtos$OzoneManagerService$2.callBlockingMethod(OzoneManagerProtocolProtos.java)
	at org.apache.hadoop.ipc.ProtobufRpcEngine$Server.processCall(ProtobufRpcEngine.java:484)
	at org.apache.hadoop.ipc.ProtobufRpcEngine2$Server$ProtoBufRpcInvoker.call(ProtobufRpcEngine2.java:595)
	at org.apache.hadoop.ipc.ProtobufRpcEngine2$Server$ProtoBufRpcInvoker.call(ProtobufRpcEngine2.java:573)
	at org.apache.hadoop.ipc.RPC$Server.call(RPC.java:1227)
	at org.apache.hadoop.ipc.Server$RpcCall.run(Server.java:1094)
	at org.apache.hadoop.ipc.Server$RpcCall.run(Server.java:1017)
	at java.security.AccessController.doPrivileged(Native Method)
	at javax.security.auth.Subject.doAs(Subject.java:422)
	at org.apache.hadoop.security.UserGroupInformation.doAs(UserGroupInformation.java:1899)
	at org.apache.hadoop.ipc.Server$Handler.run(Server.java:3048)
02:07:37.956 [IPC Server handler 19 on default port 15163] ERROR OMAudit - user=runner | ip=127.0.0.1 | op=CREATE_DIRECTORY {volume=volume12196, bucket=bucket58129, key=d1/d2/d3/d4/key3, dataSize=0, replicationType=NONE, replicationFactor=ZERO} | ret=FAILURE
org.apache.hadoop.ozone.om.exceptions.OMException: Unable to create directory: d1/d2/d3/d4/key3 in volume/bucket: volume12196/bucket58129
	at org.apache.hadoop.ozone.om.request.file.OMDirectoryCreateRequest.validateAndUpdateCache(OMDirectoryCreateRequest.java:194) ~[ozone-manager-1.4.0-SNAPSHOT.jar:?]
	at org.apache.hadoop.ozone.protocolPB.OzoneManagerRequestHandler.handleWriteRequest(OzoneManagerRequestHandler.java:373) ~[ozone-manager-1.4.0-SNAPSHOT.jar:?]
	at org.apache.hadoop.ozone.protocolPB.OzoneManagerProtocolServerSideTranslatorPB.submitRequestDirectlyToOM(OzoneManagerProtocolServerSideTranslatorPB.java:280) ~[ozone-manager-1.4.0-SNAPSHOT.jar:?]
	at org.apache.hadoop.ozone.protocolPB.OzoneManagerProtocolServerSideTranslatorPB.processRequest(OzoneManagerProtocolServerSideTranslatorPB.java:175) ~[ozone-manager-1.4.0-SNAPSHOT.jar:?]
	at org.apache.hadoop.hdds.server.OzoneProtocolMessageDispatcher.processRequest(OzoneProtocolMessageDispatcher.java:87) [hdds-server-framework-1.4.0-SNAPSHOT.jar:?]
	at org.apache.hadoop.ozone.protocolPB.OzoneManagerProtocolServerSideTranslatorPB.submitRequest(OzoneManagerProtocolServerSideTranslatorPB.java:148) [ozone-manager-1.4.0-SNAPSHOT.jar:?]
	at org.apache.hadoop.ozone.protocol.proto.OzoneManagerProtocolProtos$OzoneManagerService$2.callBlockingMethod(OzoneManagerProtocolProtos.java) [ozone-interface-client-1.4.0-SNAPSHOT.jar:?]
	at org.apache.hadoop.ipc.ProtobufRpcEngine$Server.processCall(ProtobufRpcEngine.java:484) [hadoop-common-3.3.6.jar:?]
	at org.apache.hadoop.ipc.ProtobufRpcEngine2$Server$ProtoBufRpcInvoker.call(ProtobufRpcEngine2.java:595) [hadoop-common-3.3.6.jar:?]
	at org.apache.hadoop.ipc.ProtobufRpcEngine2$Server$ProtoBufRpcInvoker.call(ProtobufRpcEngine2.java:573) [hadoop-common-3.3.6.jar:?]
	at org.apache.hadoop.ipc.RPC$Server.call(RPC.java:1227) [hadoop-common-3.3.6.jar:?]
	at org.apache.hadoop.ipc.Server$RpcCall.run(Server.java:1094) [hadoop-common-3.3.6.jar:?]
	at org.apache.hadoop.ipc.Server$RpcCall.run(Server.java:1017) [hadoop-common-3.3.6.jar:?]
	at java.security.AccessController.doPrivileged(Native Method) ~[?:1.8.0_382]
	at javax.security.auth.Subject.doAs(Subject.java:422) [?:1.8.0_382]
	at org.apache.hadoop.security.UserGroupInformation.doAs(UserGroupInformation.java:1899) [hadoop-common-3.3.6.jar:?]
	at org.apache.hadoop.ipc.Server$Handler.run(Server.java:3048) [hadoop-common-3.3.6.jar:?]
2023-09-19 02:07:37,956 [IPC Server handler 19 on default port 15163] ERROR file.OMDirectoryCreateRequest (OMDirectoryCreateRequest.java:logResult(334)) - Directory creation failed. Volume:volume12196, Bucket:bucket58129, Keyd1/d2/d3/d4/key3. Exception:{}
FILE_ALREADY_EXISTS org.apache.hadoop.ozone.om.exceptions.OMException: Unable to create directory: d1/d2/d3/d4/key3 in volume/bucket: volume12196/bucket58129
	at org.apache.hadoop.ozone.om.request.file.OMDirectoryCreateRequest.validateAndUpdateCache(OMDirectoryCreateRequest.java:194)
	at org.apache.hadoop.ozone.protocolPB.OzoneManagerRequestHandler.handleWriteRequest(OzoneManagerRequestHandler.java:373)
	at org.apache.hadoop.ozone.protocolPB.OzoneManagerProtocolServerSideTranslatorPB.submitRequestDirectlyToOM(OzoneManagerProtocolServerSideTranslatorPB.java:280)
	at org.apache.hadoop.ozone.protocolPB.OzoneManagerProtocolServerSideTranslatorPB.processRequest(OzoneManagerProtocolServerSideTranslatorPB.java:175)
	at org.apache.hadoop.hdds.server.OzoneProtocolMessageDispatcher.processRequest(OzoneProtocolMessageDispatcher.java:87)
	at org.apache.hadoop.ozone.protocolPB.OzoneManagerProtocolServerSideTranslatorPB.submitRequest(OzoneManagerProtocolServerSideTranslatorPB.java:148)
	at org.apache.hadoop.ozone.protocol.proto.OzoneManagerProtocolProtos$OzoneManagerService$2.callBlockingMethod(OzoneManagerProtocolProtos.java)
	at org.apache.hadoop.ipc.ProtobufRpcEngine$Server.processCall(ProtobufRpcEngine.java:484)
	at org.apache.hadoop.ipc.ProtobufRpcEngine2$Server$ProtoBufRpcInvoker.call(ProtobufRpcEngine2.java:595)
	at org.apache.hadoop.ipc.ProtobufRpcEngine2$Server$ProtoBufRpcInvoker.call(ProtobufRpcEngine2.java:573)
	at org.apache.hadoop.ipc.RPC$Server.call(RPC.java:1227)
	at org.apache.hadoop.ipc.Server$RpcCall.run(Server.java:1094)
	at org.apache.hadoop.ipc.Server$RpcCall.run(Server.java:1017)
	at java.security.AccessController.doPrivileged(Native Method)
	at javax.security.auth.Subject.doAs(Subject.java:422)
	at org.apache.hadoop.security.UserGroupInformation.doAs(UserGroupInformation.java:1899)
	at org.apache.hadoop.ipc.Server$Handler.run(Server.java:3048)
02:07:37.958 [IPC Server handler 8 on default port 15163] ERROR OMAudit - user=runner | ip=127.0.0.1 | op=CREATE_FILE {volume=volume12196, bucket=bucket58129, key=d1/d2/d3, dataSize=4194304, replicationType=RATIS, replicationFactor=THREE} | ret=FAILURE
org.apache.hadoop.ozone.om.exceptions.OMException: Can not write to directory: d1/d2/d3
	at org.apache.hadoop.ozone.om.request.file.OMFileCreateRequest.checkDirectoryResult(OMFileCreateRequest.java:363) ~[ozone-manager-1.4.0-SNAPSHOT.jar:?]
	at org.apache.hadoop.ozone.om.request.file.OMFileCreateRequest.validateAndUpdateCache(OMFileCreateRequest.java:237) ~[ozone-manager-1.4.0-SNAPSHOT.jar:?]
	at org.apache.hadoop.ozone.protocolPB.OzoneManagerRequestHandler.handleWriteRequest(OzoneManagerRequestHandler.java:373) ~[ozone-manager-1.4.0-SNAPSHOT.jar:?]
	at org.apache.hadoop.ozone.protocolPB.OzoneManagerProtocolServerSideTranslatorPB.submitRequestDirectlyToOM(OzoneManagerProtocolServerSideTranslatorPB.java:280) ~[ozone-manager-1.4.0-SNAPSHOT.jar:?]
	at org.apache.hadoop.ozone.protocolPB.OzoneManagerProtocolServerSideTranslatorPB.processRequest(OzoneManagerProtocolServerSideTranslatorPB.java:175) ~[ozone-manager-1.4.0-SNAPSHOT.jar:?]
	at org.apache.hadoop.hdds.server.OzoneProtocolMessageDispatcher.processRequest(OzoneProtocolMessageDispatcher.java:87) [hdds-server-framework-1.4.0-SNAPSHOT.jar:?]
	at org.apache.hadoop.ozone.protocolPB.OzoneManagerProtocolServerSideTranslatorPB.submitRequest(OzoneManagerProtocolServerSideTranslatorPB.java:148) [ozone-manager-1.4.0-SNAPSHOT.jar:?]
	at org.apache.hadoop.ozone.protocol.proto.OzoneManagerProtocolProtos$OzoneManagerService$2.callBlockingMethod(OzoneManagerProtocolProtos.java) [ozone-interface-client-1.4.0-SNAPSHOT.jar:?]
	at org.apache.hadoop.ipc.ProtobufRpcEngine$Server.processCall(ProtobufRpcEngine.java:484) [hadoop-common-3.3.6.jar:?]
	at org.apache.hadoop.ipc.ProtobufRpcEngine2$Server$ProtoBufRpcInvoker.call(ProtobufRpcEngine2.java:595) [hadoop-common-3.3.6.jar:?]
	at org.apache.hadoop.ipc.ProtobufRpcEngine2$Server$ProtoBufRpcInvoker.call(ProtobufRpcEngine2.java:573) [hadoop-common-3.3.6.jar:?]
	at org.apache.hadoop.ipc.RPC$Server.call(RPC.java:1227) [hadoop-common-3.3.6.jar:?]
	at org.apache.hadoop.ipc.Server$RpcCall.run(Server.java:1094) [hadoop-common-3.3.6.jar:?]
	at org.apache.hadoop.ipc.Server$RpcCall.run(Server.java:1017) [hadoop-common-3.3.6.jar:?]
	at java.security.AccessController.doPrivileged(Native Method) ~[?:1.8.0_382]
	at javax.security.auth.Subject.doAs(Subject.java:422) [?:1.8.0_382]
	at org.apache.hadoop.security.UserGroupInformation.doAs(UserGroupInformation.java:1899) [hadoop-common-3.3.6.jar:?]
	at org.apache.hadoop.ipc.Server$Handler.run(Server.java:3048) [hadoop-common-3.3.6.jar:?]
2023-09-19 02:07:37,958 [IPC Server handler 8 on default port 15163] ERROR file.OMFileCreateRequest (OMFileCreateRequest.java:validateAndUpdateCache(336)) - File create failed. Volume:volume12196, Bucket:bucket58129, Keyd1/d2/d3.
NOT_A_FILE org.apache.hadoop.ozone.om.exceptions.OMException: Can not write to directory: d1/d2/d3
	at org.apache.hadoop.ozone.om.request.file.OMFileCreateRequest.checkDirectoryResult(OMFileCreateRequest.java:363)
	at org.apache.hadoop.ozone.om.request.file.OMFileCreateRequest.validateAndUpdateCache(OMFileCreateRequest.java:237)
	at org.apache.hadoop.ozone.protocolPB.OzoneManagerRequestHandler.handleWriteRequest(OzoneManagerRequestHandler.java:373)
	at org.apache.hadoop.ozone.protocolPB.OzoneManagerProtocolServerSideTranslatorPB.submitRequestDirectlyToOM(OzoneManagerProtocolServerSideTranslatorPB.java:280)
	at org.apache.hadoop.ozone.protocolPB.OzoneManagerProtocolServerSideTranslatorPB.processRequest(OzoneManagerProtocolServerSideTranslatorPB.java:175)
	at org.apache.hadoop.hdds.server.OzoneProtocolMessageDispatcher.processRequest(OzoneProtocolMessageDispatcher.java:87)
	at org.apache.hadoop.ozone.protocolPB.OzoneManagerProtocolServerSideTranslatorPB.submitRequest(OzoneManagerProtocolServerSideTranslatorPB.java:148)
	at org.apache.hadoop.ozone.protocol.proto.OzoneManagerProtocolProtos$OzoneManagerService$2.callBlockingMethod(OzoneManagerProtocolProtos.java)
	at org.apache.hadoop.ipc.ProtobufRpcEngine$Server.processCall(ProtobufRpcEngine.java:484)
	at org.apache.hadoop.ipc.ProtobufRpcEngine2$Server$ProtoBufRpcInvoker.call(ProtobufRpcEngine2.java:595)
	at org.apache.hadoop.ipc.ProtobufRpcEngine2$Server$ProtoBufRpcInvoker.call(ProtobufRpcEngine2.java:573)
	at org.apache.hadoop.ipc.RPC$Server.call(RPC.java:1227)
	at org.apache.hadoop.ipc.Server$RpcCall.run(Server.java:1094)
	at org.apache.hadoop.ipc.Server$RpcCall.run(Server.java:1017)
	at java.security.AccessController.doPrivileged(Native Method)
	at javax.security.auth.Subject.doAs(Subject.java:422)
	at org.apache.hadoop.security.UserGroupInformation.doAs(UserGroupInformation.java:1899)
	at org.apache.hadoop.ipc.Server$Handler.run(Server.java:3048)
02:07:37.961 [IPC Server handler 2 on default port 15163] ERROR OMAudit - user=runner | ip=127.0.0.1 | op=GET_FILE_STATUS {volume=volume12196, bucket=bucket58129, key=d1/d2/d3/d4/key3/invalid, dataSize=0, replicationConfig=null} | ret=FAILURE
org.apache.hadoop.ozone.om.exceptions.OMException: Unable to get file status: volume: volume12196 bucket: bucket58129 key: d1/d2/d3/d4/key3/invalid
	at org.apache.hadoop.ozone.om.KeyManagerImpl.getOzoneFileStatus(KeyManagerImpl.java:1195) ~[ozone-manager-1.4.0-SNAPSHOT.jar:?]
	at org.apache.hadoop.ozone.om.KeyManagerImpl.getFileStatus(KeyManagerImpl.java:1113) ~[ozone-manager-1.4.0-SNAPSHOT.jar:?]
	at org.apache.hadoop.ozone.om.OmMetadataReader.getFileStatus(OmMetadataReader.java:262) ~[ozone-manager-1.4.0-SNAPSHOT.jar:?]
	at org.apache.hadoop.ozone.om.OzoneManager.getFileStatus(OzoneManager.java:3533) ~[ozone-manager-1.4.0-SNAPSHOT.jar:?]
	at org.apache.hadoop.ozone.protocolPB.OzoneManagerRequestHandler.getOzoneFileStatus(OzoneManagerRequestHandler.java:971) ~[ozone-manager-1.4.0-SNAPSHOT.jar:?]
	at org.apache.hadoop.ozone.protocolPB.OzoneManagerRequestHandler.handleReadRequest(OzoneManagerRequestHandler.java:250) ~[ozone-manager-1.4.0-SNAPSHOT.jar:?]
	at org.apache.hadoop.ozone.protocolPB.OzoneManagerProtocolServerSideTranslatorPB.submitRequestDirectlyToOM(OzoneManagerProtocolServerSideTranslatorPB.java:274) ~[ozone-manager-1.4.0-SNAPSHOT.jar:?]
	at org.apache.hadoop.ozone.protocolPB.OzoneManagerProtocolServerSideTranslatorPB.processRequest(OzoneManagerProtocolServerSideTranslatorPB.java:175) ~[ozone-manager-1.4.0-SNAPSHOT.jar:?]
	at org.apache.hadoop.hdds.server.OzoneProtocolMessageDispatcher.processRequest(OzoneProtocolMessageDispatcher.java:87) [hdds-server-framework-1.4.0-SNAPSHOT.jar:?]
	at org.apache.hadoop.ozone.protocolPB.OzoneManagerProtocolServerSideTranslatorPB.submitRequest(OzoneManagerProtocolServerSideTranslatorPB.java:148) [ozone-manager-1.4.0-SNAPSHOT.jar:?]
	at org.apache.hadoop.ozone.protocol.proto.OzoneManagerProtocolProtos$OzoneManagerService$2.callBlockingMethod(OzoneManagerProtocolProtos.java) [ozone-interface-client-1.4.0-SNAPSHOT.jar:?]
	at org.apache.hadoop.ipc.ProtobufRpcEngine$Server.processCall(ProtobufRpcEngine.java:484) [hadoop-common-3.3.6.jar:?]
	at org.apache.hadoop.ipc.ProtobufRpcEngine2$Server$ProtoBufRpcInvoker.call(ProtobufRpcEngine2.java:595) [hadoop-common-3.3.6.jar:?]
	at org.apache.hadoop.ipc.ProtobufRpcEngine2$Server$ProtoBufRpcInvoker.call(ProtobufRpcEngine2.java:573) [hadoop-common-3.3.6.jar:?]
	at org.apache.hadoop.ipc.RPC$Server.call(RPC.java:1227) [hadoop-common-3.3.6.jar:?]
	at org.apache.hadoop.ipc.Server$RpcCall.run(Server.java:1094) [hadoop-common-3.3.6.jar:?]
	at org.apache.hadoop.ipc.Server$RpcCall.run(Server.java:1017) [hadoop-common-3.3.6.jar:?]
	at java.security.AccessController.doPrivileged(Native Method) ~[?:1.8.0_382]
	at javax.security.auth.Subject.doAs(Subject.java:422) [?:1.8.0_382]
	at org.apache.hadoop.security.UserGroupInformation.doAs(UserGroupInformation.java:1899) [hadoop-common-3.3.6.jar:?]
	at org.apache.hadoop.ipc.Server$Handler.run(Server.java:3048) [hadoop-common-3.3.6.jar:?]
02:07:37.962 [IPC Server handler 3 on default port 15163] ERROR OMAudit - user=runner | ip=127.0.0.1 | op=GET_FILE_STATUS {volume=volume12196, bucket=bucket58129, key=d1/d2/d3/d4/invalidkey, dataSize=0, replicationConfig=null} | ret=FAILURE
org.apache.hadoop.ozone.om.exceptions.OMException: Unable to get file status: volume: volume12196 bucket: bucket58129 key: d1/d2/d3/d4/invalidkey
	at org.apache.hadoop.ozone.om.KeyManagerImpl.getOzoneFileStatus(KeyManagerImpl.java:1195) ~[ozone-manager-1.4.0-SNAPSHOT.jar:?]
	at org.apache.hadoop.ozone.om.KeyManagerImpl.getFileStatus(KeyManagerImpl.java:1113) ~[ozone-manager-1.4.0-SNAPSHOT.jar:?]
	at org.apache.hadoop.ozone.om.OmMetadataReader.getFileStatus(OmMetadataReader.java:262) ~[ozone-manager-1.4.0-SNAPSHOT.jar:?]
	at org.apache.hadoop.ozone.om.OzoneManager.getFileStatus(OzoneManager.java:3533) ~[ozone-manager-1.4.0-SNAPSHOT.jar:?]
	at org.apache.hadoop.ozone.protocolPB.OzoneManagerRequestHandler.getOzoneFileStatus(OzoneManagerRequestHandler.java:971) ~[ozone-manager-1.4.0-SNAPSHOT.jar:?]
	at org.apache.hadoop.ozone.protocolPB.OzoneManagerRequestHandler.handleReadRequest(OzoneManagerRequestHandler.java:250) ~[ozone-manager-1.4.0-SNAPSHOT.jar:?]
	at org.apache.hadoop.ozone.protocolPB.OzoneManagerProtocolServerSideTranslatorPB.submitRequestDirectlyToOM(OzoneManagerProtocolServerSideTranslatorPB.java:274) ~[ozone-manager-1.4.0-SNAPSHOT.jar:?]
	at org.apache.hadoop.ozone.protocolPB.OzoneManagerProtocolServerSideTranslatorPB.processRequest(OzoneManagerProtocolServerSideTranslatorPB.java:175) ~[ozone-manager-1.4.0-SNAPSHOT.jar:?]
	at org.apache.hadoop.hdds.server.OzoneProtocolMessageDispatcher.processRequest(OzoneProtocolMessageDispatcher.java:87) [hdds-server-framework-1.4.0-SNAPSHOT.jar:?]
	at org.apache.hadoop.ozone.protocolPB.OzoneManagerProtocolServerSideTranslatorPB.submitRequest(OzoneManagerProtocolServerSideTranslatorPB.java:148) [ozone-manager-1.4.0-SNAPSHOT.jar:?]
	at org.apache.hadoop.ozone.protocol.proto.OzoneManagerProtocolProtos$OzoneManagerService$2.callBlockingMethod(OzoneManagerProtocolProtos.java) [ozone-interface-client-1.4.0-SNAPSHOT.jar:?]
	at org.apache.hadoop.ipc.ProtobufRpcEngine$Server.processCall(ProtobufRpcEngine.java:484) [hadoop-common-3.3.6.jar:?]
	at org.apache.hadoop.ipc.ProtobufRpcEngine2$Server$ProtoBufRpcInvoker.call(ProtobufRpcEngine2.java:595) [hadoop-common-3.3.6.jar:?]
	at org.apache.hadoop.ipc.ProtobufRpcEngine2$Server$ProtoBufRpcInvoker.call(ProtobufRpcEngine2.java:573) [hadoop-common-3.3.6.jar:?]
	at org.apache.hadoop.ipc.RPC$Server.call(RPC.java:1227) [hadoop-common-3.3.6.jar:?]
	at org.apache.hadoop.ipc.Server$RpcCall.run(Server.java:1094) [hadoop-common-3.3.6.jar:?]
	at org.apache.hadoop.ipc.Server$RpcCall.run(Server.java:1017) [hadoop-common-3.3.6.jar:?]
	at java.security.AccessController.doPrivileged(Native Method) ~[?:1.8.0_382]
	at javax.security.auth.Subject.doAs(Subject.java:422) [?:1.8.0_382]
	at org.apache.hadoop.security.UserGroupInformation.doAs(UserGroupInformation.java:1899) [hadoop-common-3.3.6.jar:?]
	at org.apache.hadoop.ipc.Server$Handler.run(Server.java:3048) [hadoop-common-3.3.6.jar:?]
]]></system-out>
  </testcase>
  <testcase name="testRenameContainDelimiterFile" classname="TestOzoneFileSystem" time="0.046">
    <system-out><![CDATA[02:04:08.699 [IPC Server handler 0 on default port 15004] ERROR OMAudit - user=runner | ip=127.0.0.1 | op=GET_FILE_STATUS {volume=volume43289, bucket=bucket29045, key=dir1/dir2/key2, dataSize=0, replicationConfig=null} | ret=FAILURE
org.apache.hadoop.ozone.om.exceptions.OMException: Unable to get file status: volume: volume43289 bucket: bucket29045 key: dir1/dir2/key2
	at org.apache.hadoop.ozone.om.KeyManagerImpl.getOzoneFileStatus(KeyManagerImpl.java:1195) ~[ozone-manager-1.4.0-SNAPSHOT.jar:?]
	at org.apache.hadoop.ozone.om.KeyManagerImpl.getFileStatus(KeyManagerImpl.java:1113) ~[ozone-manager-1.4.0-SNAPSHOT.jar:?]
	at org.apache.hadoop.ozone.om.OmMetadataReader.getFileStatus(OmMetadataReader.java:262) ~[ozone-manager-1.4.0-SNAPSHOT.jar:?]
	at org.apache.hadoop.ozone.om.OzoneManager.getFileStatus(OzoneManager.java:3533) ~[ozone-manager-1.4.0-SNAPSHOT.jar:?]
	at org.apache.hadoop.ozone.protocolPB.OzoneManagerRequestHandler.getOzoneFileStatus(OzoneManagerRequestHandler.java:971) ~[ozone-manager-1.4.0-SNAPSHOT.jar:?]
	at org.apache.hadoop.ozone.protocolPB.OzoneManagerRequestHandler.handleReadRequest(OzoneManagerRequestHandler.java:250) ~[ozone-manager-1.4.0-SNAPSHOT.jar:?]
	at org.apache.hadoop.ozone.protocolPB.OzoneManagerProtocolServerSideTranslatorPB.submitReadRequestToOM(OzoneManagerProtocolServerSideTranslatorPB.java:225) ~[ozone-manager-1.4.0-SNAPSHOT.jar:?]
	at org.apache.hadoop.ozone.protocolPB.OzoneManagerProtocolServerSideTranslatorPB.processRequest(OzoneManagerProtocolServerSideTranslatorPB.java:179) ~[ozone-manager-1.4.0-SNAPSHOT.jar:?]
	at org.apache.hadoop.hdds.server.OzoneProtocolMessageDispatcher.processRequest(OzoneProtocolMessageDispatcher.java:87) [hdds-server-framework-1.4.0-SNAPSHOT.jar:?]
	at org.apache.hadoop.ozone.protocolPB.OzoneManagerProtocolServerSideTranslatorPB.submitRequest(OzoneManagerProtocolServerSideTranslatorPB.java:148) [ozone-manager-1.4.0-SNAPSHOT.jar:?]
	at org.apache.hadoop.ozone.protocol.proto.OzoneManagerProtocolProtos$OzoneManagerService$2.callBlockingMethod(OzoneManagerProtocolProtos.java) [ozone-interface-client-1.4.0-SNAPSHOT.jar:?]
	at org.apache.hadoop.ipc.ProtobufRpcEngine$Server.processCall(ProtobufRpcEngine.java:484) [hadoop-common-3.3.6.jar:?]
	at org.apache.hadoop.ipc.ProtobufRpcEngine2$Server$ProtoBufRpcInvoker.call(ProtobufRpcEngine2.java:595) [hadoop-common-3.3.6.jar:?]
	at org.apache.hadoop.ipc.ProtobufRpcEngine2$Server$ProtoBufRpcInvoker.call(ProtobufRpcEngine2.java:573) [hadoop-common-3.3.6.jar:?]
	at org.apache.hadoop.ipc.RPC$Server.call(RPC.java:1227) [hadoop-common-3.3.6.jar:?]
	at org.apache.hadoop.ipc.Server$RpcCall.run(Server.java:1094) [hadoop-common-3.3.6.jar:?]
	at org.apache.hadoop.ipc.Server$RpcCall.run(Server.java:1017) [hadoop-common-3.3.6.jar:?]
	at java.security.AccessController.doPrivileged(Native Method) ~[?:1.8.0_382]
	at javax.security.auth.Subject.doAs(Subject.java:422) [?:1.8.0_382]
	at org.apache.hadoop.security.UserGroupInformation.doAs(UserGroupInformation.java:1899) [hadoop-common-3.3.6.jar:?]
	at org.apache.hadoop.ipc.Server$Handler.run(Server.java:3048) [hadoop-common-3.3.6.jar:?]
02:04:08.708 [IPC Server handler 6 on default port 15004] ERROR OMAudit - user=runner | ip=127.0.0.1 | op=GET_FILE_STATUS {volume=volume43289, bucket=bucket29045, key=dir1/dir2/key1, dataSize=0, replicationConfig=null} | ret=FAILURE
org.apache.hadoop.ozone.om.exceptions.OMException: Unable to get file status: volume: volume43289 bucket: bucket29045 key: dir1/dir2/key1
	at org.apache.hadoop.ozone.om.KeyManagerImpl.getOzoneFileStatus(KeyManagerImpl.java:1195) ~[ozone-manager-1.4.0-SNAPSHOT.jar:?]
	at org.apache.hadoop.ozone.om.KeyManagerImpl.getFileStatus(KeyManagerImpl.java:1113) ~[ozone-manager-1.4.0-SNAPSHOT.jar:?]
	at org.apache.hadoop.ozone.om.OmMetadataReader.getFileStatus(OmMetadataReader.java:262) ~[ozone-manager-1.4.0-SNAPSHOT.jar:?]
	at org.apache.hadoop.ozone.om.OzoneManager.getFileStatus(OzoneManager.java:3533) ~[ozone-manager-1.4.0-SNAPSHOT.jar:?]
	at org.apache.hadoop.ozone.protocolPB.OzoneManagerRequestHandler.getOzoneFileStatus(OzoneManagerRequestHandler.java:971) ~[ozone-manager-1.4.0-SNAPSHOT.jar:?]
	at org.apache.hadoop.ozone.protocolPB.OzoneManagerRequestHandler.handleReadRequest(OzoneManagerRequestHandler.java:250) ~[ozone-manager-1.4.0-SNAPSHOT.jar:?]
	at org.apache.hadoop.ozone.protocolPB.OzoneManagerProtocolServerSideTranslatorPB.submitReadRequestToOM(OzoneManagerProtocolServerSideTranslatorPB.java:225) ~[ozone-manager-1.4.0-SNAPSHOT.jar:?]
	at org.apache.hadoop.ozone.protocolPB.OzoneManagerProtocolServerSideTranslatorPB.processRequest(OzoneManagerProtocolServerSideTranslatorPB.java:179) ~[ozone-manager-1.4.0-SNAPSHOT.jar:?]
	at org.apache.hadoop.hdds.server.OzoneProtocolMessageDispatcher.processRequest(OzoneProtocolMessageDispatcher.java:87) [hdds-server-framework-1.4.0-SNAPSHOT.jar:?]
	at org.apache.hadoop.ozone.protocolPB.OzoneManagerProtocolServerSideTranslatorPB.submitRequest(OzoneManagerProtocolServerSideTranslatorPB.java:148) [ozone-manager-1.4.0-SNAPSHOT.jar:?]
	at org.apache.hadoop.ozone.protocol.proto.OzoneManagerProtocolProtos$OzoneManagerService$2.callBlockingMethod(OzoneManagerProtocolProtos.java) [ozone-interface-client-1.4.0-SNAPSHOT.jar:?]
	at org.apache.hadoop.ipc.ProtobufRpcEngine$Server.processCall(ProtobufRpcEngine.java:484) [hadoop-common-3.3.6.jar:?]
	at org.apache.hadoop.ipc.ProtobufRpcEngine2$Server$ProtoBufRpcInvoker.call(ProtobufRpcEngine2.java:595) [hadoop-common-3.3.6.jar:?]
	at org.apache.hadoop.ipc.ProtobufRpcEngine2$Server$ProtoBufRpcInvoker.call(ProtobufRpcEngine2.java:573) [hadoop-common-3.3.6.jar:?]
	at org.apache.hadoop.ipc.RPC$Server.call(RPC.java:1227) [hadoop-common-3.3.6.jar:?]
	at org.apache.hadoop.ipc.Server$RpcCall.run(Server.java:1094) [hadoop-common-3.3.6.jar:?]
	at org.apache.hadoop.ipc.Server$RpcCall.run(Server.java:1017) [hadoop-common-3.3.6.jar:?]
	at java.security.AccessController.doPrivileged(Native Method) ~[?:1.8.0_382]
	at javax.security.auth.Subject.doAs(Subject.java:422) [?:1.8.0_382]
	at org.apache.hadoop.security.UserGroupInformation.doAs(UserGroupInformation.java:1899) [hadoop-common-3.3.6.jar:?]
	at org.apache.hadoop.ipc.Server$Handler.run(Server.java:3048) [hadoop-common-3.3.6.jar:?]
02:04:08.711 [IPC Server handler 11 on default port 15004] ERROR OMAudit - user=runner | ip=127.0.0.1 | op=GET_FILE_STATUS {volume=volume43289, bucket=bucket29045, key=user/runner/dir1, dataSize=0, replicationConfig=null} | ret=FAILURE
org.apache.hadoop.ozone.om.exceptions.OMException: Unable to get file status: volume: volume43289 bucket: bucket29045 key: user/runner/dir1
	at org.apache.hadoop.ozone.om.KeyManagerImpl.getOzoneFileStatus(KeyManagerImpl.java:1195) ~[ozone-manager-1.4.0-SNAPSHOT.jar:?]
	at org.apache.hadoop.ozone.om.KeyManagerImpl.getFileStatus(KeyManagerImpl.java:1113) ~[ozone-manager-1.4.0-SNAPSHOT.jar:?]
	at org.apache.hadoop.ozone.om.OmMetadataReader.getFileStatus(OmMetadataReader.java:262) ~[ozone-manager-1.4.0-SNAPSHOT.jar:?]
	at org.apache.hadoop.ozone.om.OzoneManager.getFileStatus(OzoneManager.java:3533) ~[ozone-manager-1.4.0-SNAPSHOT.jar:?]
	at org.apache.hadoop.ozone.protocolPB.OzoneManagerRequestHandler.getOzoneFileStatus(OzoneManagerRequestHandler.java:971) ~[ozone-manager-1.4.0-SNAPSHOT.jar:?]
	at org.apache.hadoop.ozone.protocolPB.OzoneManagerRequestHandler.handleReadRequest(OzoneManagerRequestHandler.java:250) ~[ozone-manager-1.4.0-SNAPSHOT.jar:?]
	at org.apache.hadoop.ozone.protocolPB.OzoneManagerProtocolServerSideTranslatorPB.submitReadRequestToOM(OzoneManagerProtocolServerSideTranslatorPB.java:225) ~[ozone-manager-1.4.0-SNAPSHOT.jar:?]
	at org.apache.hadoop.ozone.protocolPB.OzoneManagerProtocolServerSideTranslatorPB.processRequest(OzoneManagerProtocolServerSideTranslatorPB.java:179) ~[ozone-manager-1.4.0-SNAPSHOT.jar:?]
	at org.apache.hadoop.hdds.server.OzoneProtocolMessageDispatcher.processRequest(OzoneProtocolMessageDispatcher.java:87) [hdds-server-framework-1.4.0-SNAPSHOT.jar:?]
	at org.apache.hadoop.ozone.protocolPB.OzoneManagerProtocolServerSideTranslatorPB.submitRequest(OzoneManagerProtocolServerSideTranslatorPB.java:148) [ozone-manager-1.4.0-SNAPSHOT.jar:?]
	at org.apache.hadoop.ozone.protocol.proto.OzoneManagerProtocolProtos$OzoneManagerService$2.callBlockingMethod(OzoneManagerProtocolProtos.java) [ozone-interface-client-1.4.0-SNAPSHOT.jar:?]
	at org.apache.hadoop.ipc.ProtobufRpcEngine$Server.processCall(ProtobufRpcEngine.java:484) [hadoop-common-3.3.6.jar:?]
	at org.apache.hadoop.ipc.ProtobufRpcEngine2$Server$ProtoBufRpcInvoker.call(ProtobufRpcEngine2.java:595) [hadoop-common-3.3.6.jar:?]
	at org.apache.hadoop.ipc.ProtobufRpcEngine2$Server$ProtoBufRpcInvoker.call(ProtobufRpcEngine2.java:573) [hadoop-common-3.3.6.jar:?]
	at org.apache.hadoop.ipc.RPC$Server.call(RPC.java:1227) [hadoop-common-3.3.6.jar:?]
	at org.apache.hadoop.ipc.Server$RpcCall.run(Server.java:1094) [hadoop-common-3.3.6.jar:?]
	at org.apache.hadoop.ipc.Server$RpcCall.run(Server.java:1017) [hadoop-common-3.3.6.jar:?]
	at java.security.AccessController.doPrivileged(Native Method) ~[?:1.8.0_382]
	at javax.security.auth.Subject.doAs(Subject.java:422) [?:1.8.0_382]
	at org.apache.hadoop.security.UserGroupInformation.doAs(UserGroupInformation.java:1899) [hadoop-common-3.3.6.jar:?]
	at org.apache.hadoop.ipc.Server$Handler.run(Server.java:3048) [hadoop-common-3.3.6.jar:?]
02:04:08.713 [IPC Server handler 15 on default port 15004] ERROR OMAudit - user=runner | ip=127.0.0.1 | op=GET_FILE_STATUS {volume=volume43289, bucket=bucket29045, key=user/runner/dir1/dir2, dataSize=0, replicationConfig=null} | ret=FAILURE
org.apache.hadoop.ozone.om.exceptions.OMException: Unable to get file status: volume: volume43289 bucket: bucket29045 key: user/runner/dir1/dir2
	at org.apache.hadoop.ozone.om.KeyManagerImpl.getOzoneFileStatus(KeyManagerImpl.java:1195) ~[ozone-manager-1.4.0-SNAPSHOT.jar:?]
	at org.apache.hadoop.ozone.om.KeyManagerImpl.getFileStatus(KeyManagerImpl.java:1113) ~[ozone-manager-1.4.0-SNAPSHOT.jar:?]
	at org.apache.hadoop.ozone.om.OmMetadataReader.getFileStatus(OmMetadataReader.java:262) ~[ozone-manager-1.4.0-SNAPSHOT.jar:?]
	at org.apache.hadoop.ozone.om.OzoneManager.getFileStatus(OzoneManager.java:3533) ~[ozone-manager-1.4.0-SNAPSHOT.jar:?]
	at org.apache.hadoop.ozone.protocolPB.OzoneManagerRequestHandler.getOzoneFileStatus(OzoneManagerRequestHandler.java:971) ~[ozone-manager-1.4.0-SNAPSHOT.jar:?]
	at org.apache.hadoop.ozone.protocolPB.OzoneManagerRequestHandler.handleReadRequest(OzoneManagerRequestHandler.java:250) ~[ozone-manager-1.4.0-SNAPSHOT.jar:?]
	at org.apache.hadoop.ozone.protocolPB.OzoneManagerProtocolServerSideTranslatorPB.submitReadRequestToOM(OzoneManagerProtocolServerSideTranslatorPB.java:225) ~[ozone-manager-1.4.0-SNAPSHOT.jar:?]
	at org.apache.hadoop.ozone.protocolPB.OzoneManagerProtocolServerSideTranslatorPB.processRequest(OzoneManagerProtocolServerSideTranslatorPB.java:179) ~[ozone-manager-1.4.0-SNAPSHOT.jar:?]
	at org.apache.hadoop.hdds.server.OzoneProtocolMessageDispatcher.processRequest(OzoneProtocolMessageDispatcher.java:87) [hdds-server-framework-1.4.0-SNAPSHOT.jar:?]
	at org.apache.hadoop.ozone.protocolPB.OzoneManagerProtocolServerSideTranslatorPB.submitRequest(OzoneManagerProtocolServerSideTranslatorPB.java:148) [ozone-manager-1.4.0-SNAPSHOT.jar:?]
	at org.apache.hadoop.ozone.protocol.proto.OzoneManagerProtocolProtos$OzoneManagerService$2.callBlockingMethod(OzoneManagerProtocolProtos.java) [ozone-interface-client-1.4.0-SNAPSHOT.jar:?]
	at org.apache.hadoop.ipc.ProtobufRpcEngine$Server.processCall(ProtobufRpcEngine.java:484) [hadoop-common-3.3.6.jar:?]
	at org.apache.hadoop.ipc.ProtobufRpcEngine2$Server$ProtoBufRpcInvoker.call(ProtobufRpcEngine2.java:595) [hadoop-common-3.3.6.jar:?]
	at org.apache.hadoop.ipc.ProtobufRpcEngine2$Server$ProtoBufRpcInvoker.call(ProtobufRpcEngine2.java:573) [hadoop-common-3.3.6.jar:?]
	at org.apache.hadoop.ipc.RPC$Server.call(RPC.java:1227) [hadoop-common-3.3.6.jar:?]
	at org.apache.hadoop.ipc.Server$RpcCall.run(Server.java:1094) [hadoop-common-3.3.6.jar:?]
	at org.apache.hadoop.ipc.Server$RpcCall.run(Server.java:1017) [hadoop-common-3.3.6.jar:?]
	at java.security.AccessController.doPrivileged(Native Method) ~[?:1.8.0_382]
	at javax.security.auth.Subject.doAs(Subject.java:422) [?:1.8.0_382]
	at org.apache.hadoop.security.UserGroupInformation.doAs(UserGroupInformation.java:1899) [hadoop-common-3.3.6.jar:?]
	at org.apache.hadoop.ipc.Server$Handler.run(Server.java:3048) [hadoop-common-3.3.6.jar:?]
]]></system-out>
  </testcase>
  <testcase name="testRenameContainDelimiterFile" classname="TestOzoneFileSystem" time="0.029">
    <system-out><![CDATA[02:05:28.320 [IPC Server handler 8 on default port 15057] ERROR OMAudit - user=runner | ip=127.0.0.1 | op=GET_FILE_STATUS {volume=volume43065, bucket=bucket81401, key=dir1/dir2/key2, dataSize=0, replicationConfig=null} | ret=FAILURE
org.apache.hadoop.ozone.om.exceptions.OMException: Unable to get file status: volume: volume43065 bucket: bucket81401 key: dir1/dir2/key2
	at org.apache.hadoop.ozone.om.KeyManagerImpl.getOzoneFileStatus(KeyManagerImpl.java:1195) ~[ozone-manager-1.4.0-SNAPSHOT.jar:?]
	at org.apache.hadoop.ozone.om.KeyManagerImpl.getFileStatus(KeyManagerImpl.java:1113) ~[ozone-manager-1.4.0-SNAPSHOT.jar:?]
	at org.apache.hadoop.ozone.om.OmMetadataReader.getFileStatus(OmMetadataReader.java:262) ~[ozone-manager-1.4.0-SNAPSHOT.jar:?]
	at org.apache.hadoop.ozone.om.OzoneManager.getFileStatus(OzoneManager.java:3533) ~[ozone-manager-1.4.0-SNAPSHOT.jar:?]
	at org.apache.hadoop.ozone.protocolPB.OzoneManagerRequestHandler.getOzoneFileStatus(OzoneManagerRequestHandler.java:971) ~[ozone-manager-1.4.0-SNAPSHOT.jar:?]
	at org.apache.hadoop.ozone.protocolPB.OzoneManagerRequestHandler.handleReadRequest(OzoneManagerRequestHandler.java:250) ~[ozone-manager-1.4.0-SNAPSHOT.jar:?]
	at org.apache.hadoop.ozone.protocolPB.OzoneManagerProtocolServerSideTranslatorPB.submitRequestDirectlyToOM(OzoneManagerProtocolServerSideTranslatorPB.java:274) ~[ozone-manager-1.4.0-SNAPSHOT.jar:?]
	at org.apache.hadoop.ozone.protocolPB.OzoneManagerProtocolServerSideTranslatorPB.processRequest(OzoneManagerProtocolServerSideTranslatorPB.java:175) ~[ozone-manager-1.4.0-SNAPSHOT.jar:?]
	at org.apache.hadoop.hdds.server.OzoneProtocolMessageDispatcher.processRequest(OzoneProtocolMessageDispatcher.java:87) [hdds-server-framework-1.4.0-SNAPSHOT.jar:?]
	at org.apache.hadoop.ozone.protocolPB.OzoneManagerProtocolServerSideTranslatorPB.submitRequest(OzoneManagerProtocolServerSideTranslatorPB.java:148) [ozone-manager-1.4.0-SNAPSHOT.jar:?]
	at org.apache.hadoop.ozone.protocol.proto.OzoneManagerProtocolProtos$OzoneManagerService$2.callBlockingMethod(OzoneManagerProtocolProtos.java) [ozone-interface-client-1.4.0-SNAPSHOT.jar:?]
	at org.apache.hadoop.ipc.ProtobufRpcEngine$Server.processCall(ProtobufRpcEngine.java:484) [hadoop-common-3.3.6.jar:?]
	at org.apache.hadoop.ipc.ProtobufRpcEngine2$Server$ProtoBufRpcInvoker.call(ProtobufRpcEngine2.java:595) [hadoop-common-3.3.6.jar:?]
	at org.apache.hadoop.ipc.ProtobufRpcEngine2$Server$ProtoBufRpcInvoker.call(ProtobufRpcEngine2.java:573) [hadoop-common-3.3.6.jar:?]
	at org.apache.hadoop.ipc.RPC$Server.call(RPC.java:1227) [hadoop-common-3.3.6.jar:?]
	at org.apache.hadoop.ipc.Server$RpcCall.run(Server.java:1094) [hadoop-common-3.3.6.jar:?]
	at org.apache.hadoop.ipc.Server$RpcCall.run(Server.java:1017) [hadoop-common-3.3.6.jar:?]
	at java.security.AccessController.doPrivileged(Native Method) ~[?:1.8.0_382]
	at javax.security.auth.Subject.doAs(Subject.java:422) [?:1.8.0_382]
	at org.apache.hadoop.security.UserGroupInformation.doAs(UserGroupInformation.java:1899) [hadoop-common-3.3.6.jar:?]
	at org.apache.hadoop.ipc.Server$Handler.run(Server.java:3048) [hadoop-common-3.3.6.jar:?]
02:05:28.325 [IPC Server handler 13 on default port 15057] ERROR OMAudit - user=runner | ip=127.0.0.1 | op=GET_FILE_STATUS {volume=volume43065, bucket=bucket81401, key=dir1/dir2/key1, dataSize=0, replicationConfig=null} | ret=FAILURE
org.apache.hadoop.ozone.om.exceptions.OMException: Unable to get file status: volume: volume43065 bucket: bucket81401 key: dir1/dir2/key1
	at org.apache.hadoop.ozone.om.KeyManagerImpl.getOzoneFileStatus(KeyManagerImpl.java:1195) ~[ozone-manager-1.4.0-SNAPSHOT.jar:?]
	at org.apache.hadoop.ozone.om.KeyManagerImpl.getFileStatus(KeyManagerImpl.java:1113) ~[ozone-manager-1.4.0-SNAPSHOT.jar:?]
	at org.apache.hadoop.ozone.om.OmMetadataReader.getFileStatus(OmMetadataReader.java:262) ~[ozone-manager-1.4.0-SNAPSHOT.jar:?]
	at org.apache.hadoop.ozone.om.OzoneManager.getFileStatus(OzoneManager.java:3533) ~[ozone-manager-1.4.0-SNAPSHOT.jar:?]
	at org.apache.hadoop.ozone.protocolPB.OzoneManagerRequestHandler.getOzoneFileStatus(OzoneManagerRequestHandler.java:971) ~[ozone-manager-1.4.0-SNAPSHOT.jar:?]
	at org.apache.hadoop.ozone.protocolPB.OzoneManagerRequestHandler.handleReadRequest(OzoneManagerRequestHandler.java:250) ~[ozone-manager-1.4.0-SNAPSHOT.jar:?]
	at org.apache.hadoop.ozone.protocolPB.OzoneManagerProtocolServerSideTranslatorPB.submitRequestDirectlyToOM(OzoneManagerProtocolServerSideTranslatorPB.java:274) ~[ozone-manager-1.4.0-SNAPSHOT.jar:?]
	at org.apache.hadoop.ozone.protocolPB.OzoneManagerProtocolServerSideTranslatorPB.processRequest(OzoneManagerProtocolServerSideTranslatorPB.java:175) ~[ozone-manager-1.4.0-SNAPSHOT.jar:?]
	at org.apache.hadoop.hdds.server.OzoneProtocolMessageDispatcher.processRequest(OzoneProtocolMessageDispatcher.java:87) [hdds-server-framework-1.4.0-SNAPSHOT.jar:?]
	at org.apache.hadoop.ozone.protocolPB.OzoneManagerProtocolServerSideTranslatorPB.submitRequest(OzoneManagerProtocolServerSideTranslatorPB.java:148) [ozone-manager-1.4.0-SNAPSHOT.jar:?]
	at org.apache.hadoop.ozone.protocol.proto.OzoneManagerProtocolProtos$OzoneManagerService$2.callBlockingMethod(OzoneManagerProtocolProtos.java) [ozone-interface-client-1.4.0-SNAPSHOT.jar:?]
	at org.apache.hadoop.ipc.ProtobufRpcEngine$Server.processCall(ProtobufRpcEngine.java:484) [hadoop-common-3.3.6.jar:?]
	at org.apache.hadoop.ipc.ProtobufRpcEngine2$Server$ProtoBufRpcInvoker.call(ProtobufRpcEngine2.java:595) [hadoop-common-3.3.6.jar:?]
	at org.apache.hadoop.ipc.ProtobufRpcEngine2$Server$ProtoBufRpcInvoker.call(ProtobufRpcEngine2.java:573) [hadoop-common-3.3.6.jar:?]
	at org.apache.hadoop.ipc.RPC$Server.call(RPC.java:1227) [hadoop-common-3.3.6.jar:?]
	at org.apache.hadoop.ipc.Server$RpcCall.run(Server.java:1094) [hadoop-common-3.3.6.jar:?]
	at org.apache.hadoop.ipc.Server$RpcCall.run(Server.java:1017) [hadoop-common-3.3.6.jar:?]
	at java.security.AccessController.doPrivileged(Native Method) ~[?:1.8.0_382]
	at javax.security.auth.Subject.doAs(Subject.java:422) [?:1.8.0_382]
	at org.apache.hadoop.security.UserGroupInformation.doAs(UserGroupInformation.java:1899) [hadoop-common-3.3.6.jar:?]
	at org.apache.hadoop.ipc.Server$Handler.run(Server.java:3048) [hadoop-common-3.3.6.jar:?]
02:05:28.327 [IPC Server handler 15 on default port 15057] ERROR OMAudit - user=runner | ip=127.0.0.1 | op=GET_FILE_STATUS {volume=volume43065, bucket=bucket81401, key=user/runner/dir1, dataSize=0, replicationConfig=null} | ret=FAILURE
org.apache.hadoop.ozone.om.exceptions.OMException: Unable to get file status: volume: volume43065 bucket: bucket81401 key: user/runner/dir1
	at org.apache.hadoop.ozone.om.KeyManagerImpl.getOzoneFileStatus(KeyManagerImpl.java:1195) ~[ozone-manager-1.4.0-SNAPSHOT.jar:?]
	at org.apache.hadoop.ozone.om.KeyManagerImpl.getFileStatus(KeyManagerImpl.java:1113) ~[ozone-manager-1.4.0-SNAPSHOT.jar:?]
	at org.apache.hadoop.ozone.om.OmMetadataReader.getFileStatus(OmMetadataReader.java:262) ~[ozone-manager-1.4.0-SNAPSHOT.jar:?]
	at org.apache.hadoop.ozone.om.OzoneManager.getFileStatus(OzoneManager.java:3533) ~[ozone-manager-1.4.0-SNAPSHOT.jar:?]
	at org.apache.hadoop.ozone.protocolPB.OzoneManagerRequestHandler.getOzoneFileStatus(OzoneManagerRequestHandler.java:971) ~[ozone-manager-1.4.0-SNAPSHOT.jar:?]
	at org.apache.hadoop.ozone.protocolPB.OzoneManagerRequestHandler.handleReadRequest(OzoneManagerRequestHandler.java:250) ~[ozone-manager-1.4.0-SNAPSHOT.jar:?]
	at org.apache.hadoop.ozone.protocolPB.OzoneManagerProtocolServerSideTranslatorPB.submitRequestDirectlyToOM(OzoneManagerProtocolServerSideTranslatorPB.java:274) ~[ozone-manager-1.4.0-SNAPSHOT.jar:?]
	at org.apache.hadoop.ozone.protocolPB.OzoneManagerProtocolServerSideTranslatorPB.processRequest(OzoneManagerProtocolServerSideTranslatorPB.java:175) ~[ozone-manager-1.4.0-SNAPSHOT.jar:?]
	at org.apache.hadoop.hdds.server.OzoneProtocolMessageDispatcher.processRequest(OzoneProtocolMessageDispatcher.java:87) [hdds-server-framework-1.4.0-SNAPSHOT.jar:?]
	at org.apache.hadoop.ozone.protocolPB.OzoneManagerProtocolServerSideTranslatorPB.submitRequest(OzoneManagerProtocolServerSideTranslatorPB.java:148) [ozone-manager-1.4.0-SNAPSHOT.jar:?]
	at org.apache.hadoop.ozone.protocol.proto.OzoneManagerProtocolProtos$OzoneManagerService$2.callBlockingMethod(OzoneManagerProtocolProtos.java) [ozone-interface-client-1.4.0-SNAPSHOT.jar:?]
	at org.apache.hadoop.ipc.ProtobufRpcEngine$Server.processCall(ProtobufRpcEngine.java:484) [hadoop-common-3.3.6.jar:?]
	at org.apache.hadoop.ipc.ProtobufRpcEngine2$Server$ProtoBufRpcInvoker.call(ProtobufRpcEngine2.java:595) [hadoop-common-3.3.6.jar:?]
	at org.apache.hadoop.ipc.ProtobufRpcEngine2$Server$ProtoBufRpcInvoker.call(ProtobufRpcEngine2.java:573) [hadoop-common-3.3.6.jar:?]
	at org.apache.hadoop.ipc.RPC$Server.call(RPC.java:1227) [hadoop-common-3.3.6.jar:?]
	at org.apache.hadoop.ipc.Server$RpcCall.run(Server.java:1094) [hadoop-common-3.3.6.jar:?]
	at org.apache.hadoop.ipc.Server$RpcCall.run(Server.java:1017) [hadoop-common-3.3.6.jar:?]
	at java.security.AccessController.doPrivileged(Native Method) ~[?:1.8.0_382]
	at javax.security.auth.Subject.doAs(Subject.java:422) [?:1.8.0_382]
	at org.apache.hadoop.security.UserGroupInformation.doAs(UserGroupInformation.java:1899) [hadoop-common-3.3.6.jar:?]
	at org.apache.hadoop.ipc.Server$Handler.run(Server.java:3048) [hadoop-common-3.3.6.jar:?]
02:05:28.330 [IPC Server handler 16 on default port 15057] ERROR OMAudit - user=runner | ip=127.0.0.1 | op=GET_FILE_STATUS {volume=volume43065, bucket=bucket81401, key=user/runner/dir1/dir2, dataSize=0, replicationConfig=null} | ret=FAILURE
org.apache.hadoop.ozone.om.exceptions.OMException: Unable to get file status: volume: volume43065 bucket: bucket81401 key: user/runner/dir1/dir2
	at org.apache.hadoop.ozone.om.KeyManagerImpl.getOzoneFileStatus(KeyManagerImpl.java:1195) ~[ozone-manager-1.4.0-SNAPSHOT.jar:?]
	at org.apache.hadoop.ozone.om.KeyManagerImpl.getFileStatus(KeyManagerImpl.java:1113) ~[ozone-manager-1.4.0-SNAPSHOT.jar:?]
	at org.apache.hadoop.ozone.om.OmMetadataReader.getFileStatus(OmMetadataReader.java:262) ~[ozone-manager-1.4.0-SNAPSHOT.jar:?]
	at org.apache.hadoop.ozone.om.OzoneManager.getFileStatus(OzoneManager.java:3533) ~[ozone-manager-1.4.0-SNAPSHOT.jar:?]
	at org.apache.hadoop.ozone.protocolPB.OzoneManagerRequestHandler.getOzoneFileStatus(OzoneManagerRequestHandler.java:971) ~[ozone-manager-1.4.0-SNAPSHOT.jar:?]
	at org.apache.hadoop.ozone.protocolPB.OzoneManagerRequestHandler.handleReadRequest(OzoneManagerRequestHandler.java:250) ~[ozone-manager-1.4.0-SNAPSHOT.jar:?]
	at org.apache.hadoop.ozone.protocolPB.OzoneManagerProtocolServerSideTranslatorPB.submitRequestDirectlyToOM(OzoneManagerProtocolServerSideTranslatorPB.java:274) ~[ozone-manager-1.4.0-SNAPSHOT.jar:?]
	at org.apache.hadoop.ozone.protocolPB.OzoneManagerProtocolServerSideTranslatorPB.processRequest(OzoneManagerProtocolServerSideTranslatorPB.java:175) ~[ozone-manager-1.4.0-SNAPSHOT.jar:?]
	at org.apache.hadoop.hdds.server.OzoneProtocolMessageDispatcher.processRequest(OzoneProtocolMessageDispatcher.java:87) [hdds-server-framework-1.4.0-SNAPSHOT.jar:?]
	at org.apache.hadoop.ozone.protocolPB.OzoneManagerProtocolServerSideTranslatorPB.submitRequest(OzoneManagerProtocolServerSideTranslatorPB.java:148) [ozone-manager-1.4.0-SNAPSHOT.jar:?]
	at org.apache.hadoop.ozone.protocol.proto.OzoneManagerProtocolProtos$OzoneManagerService$2.callBlockingMethod(OzoneManagerProtocolProtos.java) [ozone-interface-client-1.4.0-SNAPSHOT.jar:?]
	at org.apache.hadoop.ipc.ProtobufRpcEngine$Server.processCall(ProtobufRpcEngine.java:484) [hadoop-common-3.3.6.jar:?]
	at org.apache.hadoop.ipc.ProtobufRpcEngine2$Server$ProtoBufRpcInvoker.call(ProtobufRpcEngine2.java:595) [hadoop-common-3.3.6.jar:?]
	at org.apache.hadoop.ipc.ProtobufRpcEngine2$Server$ProtoBufRpcInvoker.call(ProtobufRpcEngine2.java:573) [hadoop-common-3.3.6.jar:?]
	at org.apache.hadoop.ipc.RPC$Server.call(RPC.java:1227) [hadoop-common-3.3.6.jar:?]
	at org.apache.hadoop.ipc.Server$RpcCall.run(Server.java:1094) [hadoop-common-3.3.6.jar:?]
	at org.apache.hadoop.ipc.Server$RpcCall.run(Server.java:1017) [hadoop-common-3.3.6.jar:?]
	at java.security.AccessController.doPrivileged(Native Method) ~[?:1.8.0_382]
	at javax.security.auth.Subject.doAs(Subject.java:422) [?:1.8.0_382]
	at org.apache.hadoop.security.UserGroupInformation.doAs(UserGroupInformation.java:1899) [hadoop-common-3.3.6.jar:?]
	at org.apache.hadoop.ipc.Server$Handler.run(Server.java:3048) [hadoop-common-3.3.6.jar:?]
]]></system-out>
  </testcase>
  <testcase name="testRenameContainDelimiterFile" classname="TestOzoneFileSystem" time="0.022">
    <system-out><![CDATA[02:06:30.520 [IPC Server handler 9 on default port 15110] ERROR OMAudit - user=runner | ip=127.0.0.1 | op=GET_FILE_STATUS {volume=volume18939, bucket=bucket36089, key=dir1/dir2/key2, dataSize=0, replicationConfig=null} | ret=FAILURE
org.apache.hadoop.ozone.om.exceptions.OMException: Unable to get file status: volume: volume18939 bucket: bucket36089 key: dir1/dir2/key2
	at org.apache.hadoop.ozone.om.KeyManagerImpl.getOzoneFileStatus(KeyManagerImpl.java:1195) ~[ozone-manager-1.4.0-SNAPSHOT.jar:?]
	at org.apache.hadoop.ozone.om.KeyManagerImpl.getFileStatus(KeyManagerImpl.java:1113) ~[ozone-manager-1.4.0-SNAPSHOT.jar:?]
	at org.apache.hadoop.ozone.om.OmMetadataReader.getFileStatus(OmMetadataReader.java:262) ~[ozone-manager-1.4.0-SNAPSHOT.jar:?]
	at org.apache.hadoop.ozone.om.OzoneManager.getFileStatus(OzoneManager.java:3533) ~[ozone-manager-1.4.0-SNAPSHOT.jar:?]
	at org.apache.hadoop.ozone.protocolPB.OzoneManagerRequestHandler.getOzoneFileStatus(OzoneManagerRequestHandler.java:971) ~[ozone-manager-1.4.0-SNAPSHOT.jar:?]
	at org.apache.hadoop.ozone.protocolPB.OzoneManagerRequestHandler.handleReadRequest(OzoneManagerRequestHandler.java:250) ~[ozone-manager-1.4.0-SNAPSHOT.jar:?]
	at org.apache.hadoop.ozone.protocolPB.OzoneManagerProtocolServerSideTranslatorPB.submitReadRequestToOM(OzoneManagerProtocolServerSideTranslatorPB.java:225) ~[ozone-manager-1.4.0-SNAPSHOT.jar:?]
	at org.apache.hadoop.ozone.protocolPB.OzoneManagerProtocolServerSideTranslatorPB.processRequest(OzoneManagerProtocolServerSideTranslatorPB.java:179) ~[ozone-manager-1.4.0-SNAPSHOT.jar:?]
	at org.apache.hadoop.hdds.server.OzoneProtocolMessageDispatcher.processRequest(OzoneProtocolMessageDispatcher.java:87) [hdds-server-framework-1.4.0-SNAPSHOT.jar:?]
	at org.apache.hadoop.ozone.protocolPB.OzoneManagerProtocolServerSideTranslatorPB.submitRequest(OzoneManagerProtocolServerSideTranslatorPB.java:148) [ozone-manager-1.4.0-SNAPSHOT.jar:?]
	at org.apache.hadoop.ozone.protocol.proto.OzoneManagerProtocolProtos$OzoneManagerService$2.callBlockingMethod(OzoneManagerProtocolProtos.java) [ozone-interface-client-1.4.0-SNAPSHOT.jar:?]
	at org.apache.hadoop.ipc.ProtobufRpcEngine$Server.processCall(ProtobufRpcEngine.java:484) [hadoop-common-3.3.6.jar:?]
	at org.apache.hadoop.ipc.ProtobufRpcEngine2$Server$ProtoBufRpcInvoker.call(ProtobufRpcEngine2.java:595) [hadoop-common-3.3.6.jar:?]
	at org.apache.hadoop.ipc.ProtobufRpcEngine2$Server$ProtoBufRpcInvoker.call(ProtobufRpcEngine2.java:573) [hadoop-common-3.3.6.jar:?]
	at org.apache.hadoop.ipc.RPC$Server.call(RPC.java:1227) [hadoop-common-3.3.6.jar:?]
	at org.apache.hadoop.ipc.Server$RpcCall.run(Server.java:1094) [hadoop-common-3.3.6.jar:?]
	at org.apache.hadoop.ipc.Server$RpcCall.run(Server.java:1017) [hadoop-common-3.3.6.jar:?]
	at java.security.AccessController.doPrivileged(Native Method) ~[?:1.8.0_382]
	at javax.security.auth.Subject.doAs(Subject.java:422) [?:1.8.0_382]
	at org.apache.hadoop.security.UserGroupInformation.doAs(UserGroupInformation.java:1899) [hadoop-common-3.3.6.jar:?]
	at org.apache.hadoop.ipc.Server$Handler.run(Server.java:3048) [hadoop-common-3.3.6.jar:?]
02:06:30.525 [IPC Server handler 17 on default port 15110] ERROR OMAudit - user=runner | ip=127.0.0.1 | op=GET_FILE_STATUS {volume=volume18939, bucket=bucket36089, key=dir1/dir2/key1, dataSize=0, replicationConfig=null} | ret=FAILURE
org.apache.hadoop.ozone.om.exceptions.OMException: Unable to get file status: volume: volume18939 bucket: bucket36089 key: dir1/dir2/key1
	at org.apache.hadoop.ozone.om.KeyManagerImpl.getOzoneFileStatus(KeyManagerImpl.java:1195) ~[ozone-manager-1.4.0-SNAPSHOT.jar:?]
	at org.apache.hadoop.ozone.om.KeyManagerImpl.getFileStatus(KeyManagerImpl.java:1113) ~[ozone-manager-1.4.0-SNAPSHOT.jar:?]
	at org.apache.hadoop.ozone.om.OmMetadataReader.getFileStatus(OmMetadataReader.java:262) ~[ozone-manager-1.4.0-SNAPSHOT.jar:?]
	at org.apache.hadoop.ozone.om.OzoneManager.getFileStatus(OzoneManager.java:3533) ~[ozone-manager-1.4.0-SNAPSHOT.jar:?]
	at org.apache.hadoop.ozone.protocolPB.OzoneManagerRequestHandler.getOzoneFileStatus(OzoneManagerRequestHandler.java:971) ~[ozone-manager-1.4.0-SNAPSHOT.jar:?]
	at org.apache.hadoop.ozone.protocolPB.OzoneManagerRequestHandler.handleReadRequest(OzoneManagerRequestHandler.java:250) ~[ozone-manager-1.4.0-SNAPSHOT.jar:?]
	at org.apache.hadoop.ozone.protocolPB.OzoneManagerProtocolServerSideTranslatorPB.submitReadRequestToOM(OzoneManagerProtocolServerSideTranslatorPB.java:225) ~[ozone-manager-1.4.0-SNAPSHOT.jar:?]
	at org.apache.hadoop.ozone.protocolPB.OzoneManagerProtocolServerSideTranslatorPB.processRequest(OzoneManagerProtocolServerSideTranslatorPB.java:179) ~[ozone-manager-1.4.0-SNAPSHOT.jar:?]
	at org.apache.hadoop.hdds.server.OzoneProtocolMessageDispatcher.processRequest(OzoneProtocolMessageDispatcher.java:87) [hdds-server-framework-1.4.0-SNAPSHOT.jar:?]
	at org.apache.hadoop.ozone.protocolPB.OzoneManagerProtocolServerSideTranslatorPB.submitRequest(OzoneManagerProtocolServerSideTranslatorPB.java:148) [ozone-manager-1.4.0-SNAPSHOT.jar:?]
	at org.apache.hadoop.ozone.protocol.proto.OzoneManagerProtocolProtos$OzoneManagerService$2.callBlockingMethod(OzoneManagerProtocolProtos.java) [ozone-interface-client-1.4.0-SNAPSHOT.jar:?]
	at org.apache.hadoop.ipc.ProtobufRpcEngine$Server.processCall(ProtobufRpcEngine.java:484) [hadoop-common-3.3.6.jar:?]
	at org.apache.hadoop.ipc.ProtobufRpcEngine2$Server$ProtoBufRpcInvoker.call(ProtobufRpcEngine2.java:595) [hadoop-common-3.3.6.jar:?]
	at org.apache.hadoop.ipc.ProtobufRpcEngine2$Server$ProtoBufRpcInvoker.call(ProtobufRpcEngine2.java:573) [hadoop-common-3.3.6.jar:?]
	at org.apache.hadoop.ipc.RPC$Server.call(RPC.java:1227) [hadoop-common-3.3.6.jar:?]
	at org.apache.hadoop.ipc.Server$RpcCall.run(Server.java:1094) [hadoop-common-3.3.6.jar:?]
	at org.apache.hadoop.ipc.Server$RpcCall.run(Server.java:1017) [hadoop-common-3.3.6.jar:?]
	at java.security.AccessController.doPrivileged(Native Method) ~[?:1.8.0_382]
	at javax.security.auth.Subject.doAs(Subject.java:422) [?:1.8.0_382]
	at org.apache.hadoop.security.UserGroupInformation.doAs(UserGroupInformation.java:1899) [hadoop-common-3.3.6.jar:?]
	at org.apache.hadoop.ipc.Server$Handler.run(Server.java:3048) [hadoop-common-3.3.6.jar:?]
02:06:30.526 [IPC Server handler 19 on default port 15110] ERROR OMAudit - user=runner | ip=127.0.0.1 | op=GET_FILE_STATUS {volume=volume18939, bucket=bucket36089, key=user/runner/dir1, dataSize=0, replicationConfig=null} | ret=FAILURE
org.apache.hadoop.ozone.om.exceptions.OMException: Unable to get file status: volume: volume18939 bucket: bucket36089 key: user/runner/dir1
	at org.apache.hadoop.ozone.om.KeyManagerImpl.getOzoneFileStatus(KeyManagerImpl.java:1195) ~[ozone-manager-1.4.0-SNAPSHOT.jar:?]
	at org.apache.hadoop.ozone.om.KeyManagerImpl.getFileStatus(KeyManagerImpl.java:1113) ~[ozone-manager-1.4.0-SNAPSHOT.jar:?]
	at org.apache.hadoop.ozone.om.OmMetadataReader.getFileStatus(OmMetadataReader.java:262) ~[ozone-manager-1.4.0-SNAPSHOT.jar:?]
	at org.apache.hadoop.ozone.om.OzoneManager.getFileStatus(OzoneManager.java:3533) ~[ozone-manager-1.4.0-SNAPSHOT.jar:?]
	at org.apache.hadoop.ozone.protocolPB.OzoneManagerRequestHandler.getOzoneFileStatus(OzoneManagerRequestHandler.java:971) ~[ozone-manager-1.4.0-SNAPSHOT.jar:?]
	at org.apache.hadoop.ozone.protocolPB.OzoneManagerRequestHandler.handleReadRequest(OzoneManagerRequestHandler.java:250) ~[ozone-manager-1.4.0-SNAPSHOT.jar:?]
	at org.apache.hadoop.ozone.protocolPB.OzoneManagerProtocolServerSideTranslatorPB.submitReadRequestToOM(OzoneManagerProtocolServerSideTranslatorPB.java:225) ~[ozone-manager-1.4.0-SNAPSHOT.jar:?]
	at org.apache.hadoop.ozone.protocolPB.OzoneManagerProtocolServerSideTranslatorPB.processRequest(OzoneManagerProtocolServerSideTranslatorPB.java:179) ~[ozone-manager-1.4.0-SNAPSHOT.jar:?]
	at org.apache.hadoop.hdds.server.OzoneProtocolMessageDispatcher.processRequest(OzoneProtocolMessageDispatcher.java:87) [hdds-server-framework-1.4.0-SNAPSHOT.jar:?]
	at org.apache.hadoop.ozone.protocolPB.OzoneManagerProtocolServerSideTranslatorPB.submitRequest(OzoneManagerProtocolServerSideTranslatorPB.java:148) [ozone-manager-1.4.0-SNAPSHOT.jar:?]
	at org.apache.hadoop.ozone.protocol.proto.OzoneManagerProtocolProtos$OzoneManagerService$2.callBlockingMethod(OzoneManagerProtocolProtos.java) [ozone-interface-client-1.4.0-SNAPSHOT.jar:?]
	at org.apache.hadoop.ipc.ProtobufRpcEngine$Server.processCall(ProtobufRpcEngine.java:484) [hadoop-common-3.3.6.jar:?]
	at org.apache.hadoop.ipc.ProtobufRpcEngine2$Server$ProtoBufRpcInvoker.call(ProtobufRpcEngine2.java:595) [hadoop-common-3.3.6.jar:?]
	at org.apache.hadoop.ipc.ProtobufRpcEngine2$Server$ProtoBufRpcInvoker.call(ProtobufRpcEngine2.java:573) [hadoop-common-3.3.6.jar:?]
	at org.apache.hadoop.ipc.RPC$Server.call(RPC.java:1227) [hadoop-common-3.3.6.jar:?]
	at org.apache.hadoop.ipc.Server$RpcCall.run(Server.java:1094) [hadoop-common-3.3.6.jar:?]
	at org.apache.hadoop.ipc.Server$RpcCall.run(Server.java:1017) [hadoop-common-3.3.6.jar:?]
	at java.security.AccessController.doPrivileged(Native Method) ~[?:1.8.0_382]
	at javax.security.auth.Subject.doAs(Subject.java:422) [?:1.8.0_382]
	at org.apache.hadoop.security.UserGroupInformation.doAs(UserGroupInformation.java:1899) [hadoop-common-3.3.6.jar:?]
	at org.apache.hadoop.ipc.Server$Handler.run(Server.java:3048) [hadoop-common-3.3.6.jar:?]
02:06:30.527 [IPC Server handler 11 on default port 15110] ERROR OMAudit - user=runner | ip=127.0.0.1 | op=GET_FILE_STATUS {volume=volume18939, bucket=bucket36089, key=user/runner/dir1/dir2, dataSize=0, replicationConfig=null} | ret=FAILURE
org.apache.hadoop.ozone.om.exceptions.OMException: Unable to get file status: volume: volume18939 bucket: bucket36089 key: user/runner/dir1/dir2
	at org.apache.hadoop.ozone.om.KeyManagerImpl.getOzoneFileStatus(KeyManagerImpl.java:1195) ~[ozone-manager-1.4.0-SNAPSHOT.jar:?]
	at org.apache.hadoop.ozone.om.KeyManagerImpl.getFileStatus(KeyManagerImpl.java:1113) ~[ozone-manager-1.4.0-SNAPSHOT.jar:?]
	at org.apache.hadoop.ozone.om.OmMetadataReader.getFileStatus(OmMetadataReader.java:262) ~[ozone-manager-1.4.0-SNAPSHOT.jar:?]
	at org.apache.hadoop.ozone.om.OzoneManager.getFileStatus(OzoneManager.java:3533) ~[ozone-manager-1.4.0-SNAPSHOT.jar:?]
	at org.apache.hadoop.ozone.protocolPB.OzoneManagerRequestHandler.getOzoneFileStatus(OzoneManagerRequestHandler.java:971) ~[ozone-manager-1.4.0-SNAPSHOT.jar:?]
	at org.apache.hadoop.ozone.protocolPB.OzoneManagerRequestHandler.handleReadRequest(OzoneManagerRequestHandler.java:250) ~[ozone-manager-1.4.0-SNAPSHOT.jar:?]
	at org.apache.hadoop.ozone.protocolPB.OzoneManagerProtocolServerSideTranslatorPB.submitReadRequestToOM(OzoneManagerProtocolServerSideTranslatorPB.java:225) ~[ozone-manager-1.4.0-SNAPSHOT.jar:?]
	at org.apache.hadoop.ozone.protocolPB.OzoneManagerProtocolServerSideTranslatorPB.processRequest(OzoneManagerProtocolServerSideTranslatorPB.java:179) ~[ozone-manager-1.4.0-SNAPSHOT.jar:?]
	at org.apache.hadoop.hdds.server.OzoneProtocolMessageDispatcher.processRequest(OzoneProtocolMessageDispatcher.java:87) [hdds-server-framework-1.4.0-SNAPSHOT.jar:?]
	at org.apache.hadoop.ozone.protocolPB.OzoneManagerProtocolServerSideTranslatorPB.submitRequest(OzoneManagerProtocolServerSideTranslatorPB.java:148) [ozone-manager-1.4.0-SNAPSHOT.jar:?]
	at org.apache.hadoop.ozone.protocol.proto.OzoneManagerProtocolProtos$OzoneManagerService$2.callBlockingMethod(OzoneManagerProtocolProtos.java) [ozone-interface-client-1.4.0-SNAPSHOT.jar:?]
	at org.apache.hadoop.ipc.ProtobufRpcEngine$Server.processCall(ProtobufRpcEngine.java:484) [hadoop-common-3.3.6.jar:?]
	at org.apache.hadoop.ipc.ProtobufRpcEngine2$Server$ProtoBufRpcInvoker.call(ProtobufRpcEngine2.java:595) [hadoop-common-3.3.6.jar:?]
	at org.apache.hadoop.ipc.ProtobufRpcEngine2$Server$ProtoBufRpcInvoker.call(ProtobufRpcEngine2.java:573) [hadoop-common-3.3.6.jar:?]
	at org.apache.hadoop.ipc.RPC$Server.call(RPC.java:1227) [hadoop-common-3.3.6.jar:?]
	at org.apache.hadoop.ipc.Server$RpcCall.run(Server.java:1094) [hadoop-common-3.3.6.jar:?]
	at org.apache.hadoop.ipc.Server$RpcCall.run(Server.java:1017) [hadoop-common-3.3.6.jar:?]
	at java.security.AccessController.doPrivileged(Native Method) ~[?:1.8.0_382]
	at javax.security.auth.Subject.doAs(Subject.java:422) [?:1.8.0_382]
	at org.apache.hadoop.security.UserGroupInformation.doAs(UserGroupInformation.java:1899) [hadoop-common-3.3.6.jar:?]
	at org.apache.hadoop.ipc.Server$Handler.run(Server.java:3048) [hadoop-common-3.3.6.jar:?]
]]></system-out>
  </testcase>
  <testcase name="testRenameContainDelimiterFile" classname="TestOzoneFileSystem" time="0.017">
    <system-out><![CDATA[02:07:37.973 [IPC Server handler 15 on default port 15163] ERROR OMAudit - user=runner | ip=127.0.0.1 | op=GET_FILE_STATUS {volume=volume12196, bucket=bucket58129, key=dir1/dir2/key2, dataSize=0, replicationConfig=null} | ret=FAILURE
org.apache.hadoop.ozone.om.exceptions.OMException: Unable to get file status: volume: volume12196 bucket: bucket58129 key: dir1/dir2/key2
	at org.apache.hadoop.ozone.om.KeyManagerImpl.getOzoneFileStatus(KeyManagerImpl.java:1195) ~[ozone-manager-1.4.0-SNAPSHOT.jar:?]
	at org.apache.hadoop.ozone.om.KeyManagerImpl.getFileStatus(KeyManagerImpl.java:1113) ~[ozone-manager-1.4.0-SNAPSHOT.jar:?]
	at org.apache.hadoop.ozone.om.OmMetadataReader.getFileStatus(OmMetadataReader.java:262) ~[ozone-manager-1.4.0-SNAPSHOT.jar:?]
	at org.apache.hadoop.ozone.om.OzoneManager.getFileStatus(OzoneManager.java:3533) ~[ozone-manager-1.4.0-SNAPSHOT.jar:?]
	at org.apache.hadoop.ozone.protocolPB.OzoneManagerRequestHandler.getOzoneFileStatus(OzoneManagerRequestHandler.java:971) ~[ozone-manager-1.4.0-SNAPSHOT.jar:?]
	at org.apache.hadoop.ozone.protocolPB.OzoneManagerRequestHandler.handleReadRequest(OzoneManagerRequestHandler.java:250) ~[ozone-manager-1.4.0-SNAPSHOT.jar:?]
	at org.apache.hadoop.ozone.protocolPB.OzoneManagerProtocolServerSideTranslatorPB.submitRequestDirectlyToOM(OzoneManagerProtocolServerSideTranslatorPB.java:274) ~[ozone-manager-1.4.0-SNAPSHOT.jar:?]
	at org.apache.hadoop.ozone.protocolPB.OzoneManagerProtocolServerSideTranslatorPB.processRequest(OzoneManagerProtocolServerSideTranslatorPB.java:175) ~[ozone-manager-1.4.0-SNAPSHOT.jar:?]
	at org.apache.hadoop.hdds.server.OzoneProtocolMessageDispatcher.processRequest(OzoneProtocolMessageDispatcher.java:87) [hdds-server-framework-1.4.0-SNAPSHOT.jar:?]
	at org.apache.hadoop.ozone.protocolPB.OzoneManagerProtocolServerSideTranslatorPB.submitRequest(OzoneManagerProtocolServerSideTranslatorPB.java:148) [ozone-manager-1.4.0-SNAPSHOT.jar:?]
	at org.apache.hadoop.ozone.protocol.proto.OzoneManagerProtocolProtos$OzoneManagerService$2.callBlockingMethod(OzoneManagerProtocolProtos.java) [ozone-interface-client-1.4.0-SNAPSHOT.jar:?]
	at org.apache.hadoop.ipc.ProtobufRpcEngine$Server.processCall(ProtobufRpcEngine.java:484) [hadoop-common-3.3.6.jar:?]
	at org.apache.hadoop.ipc.ProtobufRpcEngine2$Server$ProtoBufRpcInvoker.call(ProtobufRpcEngine2.java:595) [hadoop-common-3.3.6.jar:?]
	at org.apache.hadoop.ipc.ProtobufRpcEngine2$Server$ProtoBufRpcInvoker.call(ProtobufRpcEngine2.java:573) [hadoop-common-3.3.6.jar:?]
	at org.apache.hadoop.ipc.RPC$Server.call(RPC.java:1227) [hadoop-common-3.3.6.jar:?]
	at org.apache.hadoop.ipc.Server$RpcCall.run(Server.java:1094) [hadoop-common-3.3.6.jar:?]
	at org.apache.hadoop.ipc.Server$RpcCall.run(Server.java:1017) [hadoop-common-3.3.6.jar:?]
	at java.security.AccessController.doPrivileged(Native Method) ~[?:1.8.0_382]
	at javax.security.auth.Subject.doAs(Subject.java:422) [?:1.8.0_382]
	at org.apache.hadoop.security.UserGroupInformation.doAs(UserGroupInformation.java:1899) [hadoop-common-3.3.6.jar:?]
	at org.apache.hadoop.ipc.Server$Handler.run(Server.java:3048) [hadoop-common-3.3.6.jar:?]
02:07:37.978 [IPC Server handler 1 on default port 15163] ERROR OMAudit - user=runner | ip=127.0.0.1 | op=GET_FILE_STATUS {volume=volume12196, bucket=bucket58129, key=dir1/dir2/key1, dataSize=0, replicationConfig=null} | ret=FAILURE
org.apache.hadoop.ozone.om.exceptions.OMException: Unable to get file status: volume: volume12196 bucket: bucket58129 key: dir1/dir2/key1
	at org.apache.hadoop.ozone.om.KeyManagerImpl.getOzoneFileStatus(KeyManagerImpl.java:1195) ~[ozone-manager-1.4.0-SNAPSHOT.jar:?]
	at org.apache.hadoop.ozone.om.KeyManagerImpl.getFileStatus(KeyManagerImpl.java:1113) ~[ozone-manager-1.4.0-SNAPSHOT.jar:?]
	at org.apache.hadoop.ozone.om.OmMetadataReader.getFileStatus(OmMetadataReader.java:262) ~[ozone-manager-1.4.0-SNAPSHOT.jar:?]
	at org.apache.hadoop.ozone.om.OzoneManager.getFileStatus(OzoneManager.java:3533) ~[ozone-manager-1.4.0-SNAPSHOT.jar:?]
	at org.apache.hadoop.ozone.protocolPB.OzoneManagerRequestHandler.getOzoneFileStatus(OzoneManagerRequestHandler.java:971) ~[ozone-manager-1.4.0-SNAPSHOT.jar:?]
	at org.apache.hadoop.ozone.protocolPB.OzoneManagerRequestHandler.handleReadRequest(OzoneManagerRequestHandler.java:250) ~[ozone-manager-1.4.0-SNAPSHOT.jar:?]
	at org.apache.hadoop.ozone.protocolPB.OzoneManagerProtocolServerSideTranslatorPB.submitRequestDirectlyToOM(OzoneManagerProtocolServerSideTranslatorPB.java:274) ~[ozone-manager-1.4.0-SNAPSHOT.jar:?]
	at org.apache.hadoop.ozone.protocolPB.OzoneManagerProtocolServerSideTranslatorPB.processRequest(OzoneManagerProtocolServerSideTranslatorPB.java:175) ~[ozone-manager-1.4.0-SNAPSHOT.jar:?]
	at org.apache.hadoop.hdds.server.OzoneProtocolMessageDispatcher.processRequest(OzoneProtocolMessageDispatcher.java:87) [hdds-server-framework-1.4.0-SNAPSHOT.jar:?]
	at org.apache.hadoop.ozone.protocolPB.OzoneManagerProtocolServerSideTranslatorPB.submitRequest(OzoneManagerProtocolServerSideTranslatorPB.java:148) [ozone-manager-1.4.0-SNAPSHOT.jar:?]
	at org.apache.hadoop.ozone.protocol.proto.OzoneManagerProtocolProtos$OzoneManagerService$2.callBlockingMethod(OzoneManagerProtocolProtos.java) [ozone-interface-client-1.4.0-SNAPSHOT.jar:?]
	at org.apache.hadoop.ipc.ProtobufRpcEngine$Server.processCall(ProtobufRpcEngine.java:484) [hadoop-common-3.3.6.jar:?]
	at org.apache.hadoop.ipc.ProtobufRpcEngine2$Server$ProtoBufRpcInvoker.call(ProtobufRpcEngine2.java:595) [hadoop-common-3.3.6.jar:?]
	at org.apache.hadoop.ipc.ProtobufRpcEngine2$Server$ProtoBufRpcInvoker.call(ProtobufRpcEngine2.java:573) [hadoop-common-3.3.6.jar:?]
	at org.apache.hadoop.ipc.RPC$Server.call(RPC.java:1227) [hadoop-common-3.3.6.jar:?]
	at org.apache.hadoop.ipc.Server$RpcCall.run(Server.java:1094) [hadoop-common-3.3.6.jar:?]
	at org.apache.hadoop.ipc.Server$RpcCall.run(Server.java:1017) [hadoop-common-3.3.6.jar:?]
	at java.security.AccessController.doPrivileged(Native Method) ~[?:1.8.0_382]
	at javax.security.auth.Subject.doAs(Subject.java:422) [?:1.8.0_382]
	at org.apache.hadoop.security.UserGroupInformation.doAs(UserGroupInformation.java:1899) [hadoop-common-3.3.6.jar:?]
	at org.apache.hadoop.ipc.Server$Handler.run(Server.java:3048) [hadoop-common-3.3.6.jar:?]
02:07:37.979 [IPC Server handler 3 on default port 15163] ERROR OMAudit - user=runner | ip=127.0.0.1 | op=GET_FILE_STATUS {volume=volume12196, bucket=bucket58129, key=user/runner/dir1, dataSize=0, replicationConfig=null} | ret=FAILURE
org.apache.hadoop.ozone.om.exceptions.OMException: Unable to get file status: volume: volume12196 bucket: bucket58129 key: user/runner/dir1
	at org.apache.hadoop.ozone.om.KeyManagerImpl.getOzoneFileStatus(KeyManagerImpl.java:1195) ~[ozone-manager-1.4.0-SNAPSHOT.jar:?]
	at org.apache.hadoop.ozone.om.KeyManagerImpl.getFileStatus(KeyManagerImpl.java:1113) ~[ozone-manager-1.4.0-SNAPSHOT.jar:?]
	at org.apache.hadoop.ozone.om.OmMetadataReader.getFileStatus(OmMetadataReader.java:262) ~[ozone-manager-1.4.0-SNAPSHOT.jar:?]
	at org.apache.hadoop.ozone.om.OzoneManager.getFileStatus(OzoneManager.java:3533) ~[ozone-manager-1.4.0-SNAPSHOT.jar:?]
	at org.apache.hadoop.ozone.protocolPB.OzoneManagerRequestHandler.getOzoneFileStatus(OzoneManagerRequestHandler.java:971) ~[ozone-manager-1.4.0-SNAPSHOT.jar:?]
	at org.apache.hadoop.ozone.protocolPB.OzoneManagerRequestHandler.handleReadRequest(OzoneManagerRequestHandler.java:250) ~[ozone-manager-1.4.0-SNAPSHOT.jar:?]
	at org.apache.hadoop.ozone.protocolPB.OzoneManagerProtocolServerSideTranslatorPB.submitRequestDirectlyToOM(OzoneManagerProtocolServerSideTranslatorPB.java:274) ~[ozone-manager-1.4.0-SNAPSHOT.jar:?]
	at org.apache.hadoop.ozone.protocolPB.OzoneManagerProtocolServerSideTranslatorPB.processRequest(OzoneManagerProtocolServerSideTranslatorPB.java:175) ~[ozone-manager-1.4.0-SNAPSHOT.jar:?]
	at org.apache.hadoop.hdds.server.OzoneProtocolMessageDispatcher.processRequest(OzoneProtocolMessageDispatcher.java:87) [hdds-server-framework-1.4.0-SNAPSHOT.jar:?]
	at org.apache.hadoop.ozone.protocolPB.OzoneManagerProtocolServerSideTranslatorPB.submitRequest(OzoneManagerProtocolServerSideTranslatorPB.java:148) [ozone-manager-1.4.0-SNAPSHOT.jar:?]
	at org.apache.hadoop.ozone.protocol.proto.OzoneManagerProtocolProtos$OzoneManagerService$2.callBlockingMethod(OzoneManagerProtocolProtos.java) [ozone-interface-client-1.4.0-SNAPSHOT.jar:?]
	at org.apache.hadoop.ipc.ProtobufRpcEngine$Server.processCall(ProtobufRpcEngine.java:484) [hadoop-common-3.3.6.jar:?]
	at org.apache.hadoop.ipc.ProtobufRpcEngine2$Server$ProtoBufRpcInvoker.call(ProtobufRpcEngine2.java:595) [hadoop-common-3.3.6.jar:?]
	at org.apache.hadoop.ipc.ProtobufRpcEngine2$Server$ProtoBufRpcInvoker.call(ProtobufRpcEngine2.java:573) [hadoop-common-3.3.6.jar:?]
	at org.apache.hadoop.ipc.RPC$Server.call(RPC.java:1227) [hadoop-common-3.3.6.jar:?]
	at org.apache.hadoop.ipc.Server$RpcCall.run(Server.java:1094) [hadoop-common-3.3.6.jar:?]
	at org.apache.hadoop.ipc.Server$RpcCall.run(Server.java:1017) [hadoop-common-3.3.6.jar:?]
	at java.security.AccessController.doPrivileged(Native Method) ~[?:1.8.0_382]
	at javax.security.auth.Subject.doAs(Subject.java:422) [?:1.8.0_382]
	at org.apache.hadoop.security.UserGroupInformation.doAs(UserGroupInformation.java:1899) [hadoop-common-3.3.6.jar:?]
	at org.apache.hadoop.ipc.Server$Handler.run(Server.java:3048) [hadoop-common-3.3.6.jar:?]
02:07:37.980 [IPC Server handler 0 on default port 15163] ERROR OMAudit - user=runner | ip=127.0.0.1 | op=GET_FILE_STATUS {volume=volume12196, bucket=bucket58129, key=user/runner/dir1/dir2, dataSize=0, replicationConfig=null} | ret=FAILURE
org.apache.hadoop.ozone.om.exceptions.OMException: Unable to get file status: volume: volume12196 bucket: bucket58129 key: user/runner/dir1/dir2
	at org.apache.hadoop.ozone.om.KeyManagerImpl.getOzoneFileStatus(KeyManagerImpl.java:1195) ~[ozone-manager-1.4.0-SNAPSHOT.jar:?]
	at org.apache.hadoop.ozone.om.KeyManagerImpl.getFileStatus(KeyManagerImpl.java:1113) ~[ozone-manager-1.4.0-SNAPSHOT.jar:?]
	at org.apache.hadoop.ozone.om.OmMetadataReader.getFileStatus(OmMetadataReader.java:262) ~[ozone-manager-1.4.0-SNAPSHOT.jar:?]
	at org.apache.hadoop.ozone.om.OzoneManager.getFileStatus(OzoneManager.java:3533) ~[ozone-manager-1.4.0-SNAPSHOT.jar:?]
	at org.apache.hadoop.ozone.protocolPB.OzoneManagerRequestHandler.getOzoneFileStatus(OzoneManagerRequestHandler.java:971) ~[ozone-manager-1.4.0-SNAPSHOT.jar:?]
	at org.apache.hadoop.ozone.protocolPB.OzoneManagerRequestHandler.handleReadRequest(OzoneManagerRequestHandler.java:250) ~[ozone-manager-1.4.0-SNAPSHOT.jar:?]
	at org.apache.hadoop.ozone.protocolPB.OzoneManagerProtocolServerSideTranslatorPB.submitRequestDirectlyToOM(OzoneManagerProtocolServerSideTranslatorPB.java:274) ~[ozone-manager-1.4.0-SNAPSHOT.jar:?]
	at org.apache.hadoop.ozone.protocolPB.OzoneManagerProtocolServerSideTranslatorPB.processRequest(OzoneManagerProtocolServerSideTranslatorPB.java:175) ~[ozone-manager-1.4.0-SNAPSHOT.jar:?]
	at org.apache.hadoop.hdds.server.OzoneProtocolMessageDispatcher.processRequest(OzoneProtocolMessageDispatcher.java:87) [hdds-server-framework-1.4.0-SNAPSHOT.jar:?]
	at org.apache.hadoop.ozone.protocolPB.OzoneManagerProtocolServerSideTranslatorPB.submitRequest(OzoneManagerProtocolServerSideTranslatorPB.java:148) [ozone-manager-1.4.0-SNAPSHOT.jar:?]
	at org.apache.hadoop.ozone.protocol.proto.OzoneManagerProtocolProtos$OzoneManagerService$2.callBlockingMethod(OzoneManagerProtocolProtos.java) [ozone-interface-client-1.4.0-SNAPSHOT.jar:?]
	at org.apache.hadoop.ipc.ProtobufRpcEngine$Server.processCall(ProtobufRpcEngine.java:484) [hadoop-common-3.3.6.jar:?]
	at org.apache.hadoop.ipc.ProtobufRpcEngine2$Server$ProtoBufRpcInvoker.call(ProtobufRpcEngine2.java:595) [hadoop-common-3.3.6.jar:?]
	at org.apache.hadoop.ipc.ProtobufRpcEngine2$Server$ProtoBufRpcInvoker.call(ProtobufRpcEngine2.java:573) [hadoop-common-3.3.6.jar:?]
	at org.apache.hadoop.ipc.RPC$Server.call(RPC.java:1227) [hadoop-common-3.3.6.jar:?]
	at org.apache.hadoop.ipc.Server$RpcCall.run(Server.java:1094) [hadoop-common-3.3.6.jar:?]
	at org.apache.hadoop.ipc.Server$RpcCall.run(Server.java:1017) [hadoop-common-3.3.6.jar:?]
	at java.security.AccessController.doPrivileged(Native Method) ~[?:1.8.0_382]
	at javax.security.auth.Subject.doAs(Subject.java:422) [?:1.8.0_382]
	at org.apache.hadoop.security.UserGroupInformation.doAs(UserGroupInformation.java:1899) [hadoop-common-3.3.6.jar:?]
	at org.apache.hadoop.ipc.Server$Handler.run(Server.java:3048) [hadoop-common-3.3.6.jar:?]
]]></system-out>
  </testcase>
  <testcase name="testMakeDirsWithAnFakeDirectory" classname="TestOzoneFileSystem" time="0.045">
    <system-out><![CDATA[02:04:08.739 [IPC Server handler 10 on default port 15004] ERROR OMAudit - user=runner | ip=127.0.0.1 | op=GET_FILE_STATUS {volume=volume43289, bucket=bucket29045, key=user/runner/dir1/dir2, dataSize=0, replicationConfig=null} | ret=FAILURE
org.apache.hadoop.ozone.om.exceptions.OMException: Unable to get file status: volume: volume43289 bucket: bucket29045 key: user/runner/dir1/dir2
	at org.apache.hadoop.ozone.om.KeyManagerImpl.getOzoneFileStatus(KeyManagerImpl.java:1195) ~[ozone-manager-1.4.0-SNAPSHOT.jar:?]
	at org.apache.hadoop.ozone.om.KeyManagerImpl.getFileStatus(KeyManagerImpl.java:1113) ~[ozone-manager-1.4.0-SNAPSHOT.jar:?]
	at org.apache.hadoop.ozone.om.OmMetadataReader.getFileStatus(OmMetadataReader.java:262) ~[ozone-manager-1.4.0-SNAPSHOT.jar:?]
	at org.apache.hadoop.ozone.om.OzoneManager.getFileStatus(OzoneManager.java:3533) ~[ozone-manager-1.4.0-SNAPSHOT.jar:?]
	at org.apache.hadoop.ozone.protocolPB.OzoneManagerRequestHandler.getOzoneFileStatus(OzoneManagerRequestHandler.java:971) ~[ozone-manager-1.4.0-SNAPSHOT.jar:?]
	at org.apache.hadoop.ozone.protocolPB.OzoneManagerRequestHandler.handleReadRequest(OzoneManagerRequestHandler.java:250) ~[ozone-manager-1.4.0-SNAPSHOT.jar:?]
	at org.apache.hadoop.ozone.protocolPB.OzoneManagerProtocolServerSideTranslatorPB.submitReadRequestToOM(OzoneManagerProtocolServerSideTranslatorPB.java:225) ~[ozone-manager-1.4.0-SNAPSHOT.jar:?]
	at org.apache.hadoop.ozone.protocolPB.OzoneManagerProtocolServerSideTranslatorPB.processRequest(OzoneManagerProtocolServerSideTranslatorPB.java:179) ~[ozone-manager-1.4.0-SNAPSHOT.jar:?]
	at org.apache.hadoop.hdds.server.OzoneProtocolMessageDispatcher.processRequest(OzoneProtocolMessageDispatcher.java:87) [hdds-server-framework-1.4.0-SNAPSHOT.jar:?]
	at org.apache.hadoop.ozone.protocolPB.OzoneManagerProtocolServerSideTranslatorPB.submitRequest(OzoneManagerProtocolServerSideTranslatorPB.java:148) [ozone-manager-1.4.0-SNAPSHOT.jar:?]
	at org.apache.hadoop.ozone.protocol.proto.OzoneManagerProtocolProtos$OzoneManagerService$2.callBlockingMethod(OzoneManagerProtocolProtos.java) [ozone-interface-client-1.4.0-SNAPSHOT.jar:?]
	at org.apache.hadoop.ipc.ProtobufRpcEngine$Server.processCall(ProtobufRpcEngine.java:484) [hadoop-common-3.3.6.jar:?]
	at org.apache.hadoop.ipc.ProtobufRpcEngine2$Server$ProtoBufRpcInvoker.call(ProtobufRpcEngine2.java:595) [hadoop-common-3.3.6.jar:?]
	at org.apache.hadoop.ipc.ProtobufRpcEngine2$Server$ProtoBufRpcInvoker.call(ProtobufRpcEngine2.java:573) [hadoop-common-3.3.6.jar:?]
	at org.apache.hadoop.ipc.RPC$Server.call(RPC.java:1227) [hadoop-common-3.3.6.jar:?]
	at org.apache.hadoop.ipc.Server$RpcCall.run(Server.java:1094) [hadoop-common-3.3.6.jar:?]
	at org.apache.hadoop.ipc.Server$RpcCall.run(Server.java:1017) [hadoop-common-3.3.6.jar:?]
	at java.security.AccessController.doPrivileged(Native Method) ~[?:1.8.0_382]
	at javax.security.auth.Subject.doAs(Subject.java:422) [?:1.8.0_382]
	at org.apache.hadoop.security.UserGroupInformation.doAs(UserGroupInformation.java:1899) [hadoop-common-3.3.6.jar:?]
	at org.apache.hadoop.ipc.Server$Handler.run(Server.java:3048) [hadoop-common-3.3.6.jar:?]
]]></system-out>
  </testcase>
  <testcase name="testMakeDirsWithAnFakeDirectory" classname="TestOzoneFileSystem" time="0.025">
    <system-out><![CDATA[02:05:28.352 [IPC Server handler 6 on default port 15057] ERROR OMAudit - user=runner | ip=127.0.0.1 | op=GET_FILE_STATUS {volume=volume43065, bucket=bucket81401, key=user/runner/dir1/dir2, dataSize=0, replicationConfig=null} | ret=FAILURE
org.apache.hadoop.ozone.om.exceptions.OMException: Unable to get file status: volume: volume43065 bucket: bucket81401 key: user/runner/dir1/dir2
	at org.apache.hadoop.ozone.om.KeyManagerImpl.getOzoneFileStatus(KeyManagerImpl.java:1195) ~[ozone-manager-1.4.0-SNAPSHOT.jar:?]
	at org.apache.hadoop.ozone.om.KeyManagerImpl.getFileStatus(KeyManagerImpl.java:1113) ~[ozone-manager-1.4.0-SNAPSHOT.jar:?]
	at org.apache.hadoop.ozone.om.OmMetadataReader.getFileStatus(OmMetadataReader.java:262) ~[ozone-manager-1.4.0-SNAPSHOT.jar:?]
	at org.apache.hadoop.ozone.om.OzoneManager.getFileStatus(OzoneManager.java:3533) ~[ozone-manager-1.4.0-SNAPSHOT.jar:?]
	at org.apache.hadoop.ozone.protocolPB.OzoneManagerRequestHandler.getOzoneFileStatus(OzoneManagerRequestHandler.java:971) ~[ozone-manager-1.4.0-SNAPSHOT.jar:?]
	at org.apache.hadoop.ozone.protocolPB.OzoneManagerRequestHandler.handleReadRequest(OzoneManagerRequestHandler.java:250) ~[ozone-manager-1.4.0-SNAPSHOT.jar:?]
	at org.apache.hadoop.ozone.protocolPB.OzoneManagerProtocolServerSideTranslatorPB.submitRequestDirectlyToOM(OzoneManagerProtocolServerSideTranslatorPB.java:274) ~[ozone-manager-1.4.0-SNAPSHOT.jar:?]
	at org.apache.hadoop.ozone.protocolPB.OzoneManagerProtocolServerSideTranslatorPB.processRequest(OzoneManagerProtocolServerSideTranslatorPB.java:175) ~[ozone-manager-1.4.0-SNAPSHOT.jar:?]
	at org.apache.hadoop.hdds.server.OzoneProtocolMessageDispatcher.processRequest(OzoneProtocolMessageDispatcher.java:87) [hdds-server-framework-1.4.0-SNAPSHOT.jar:?]
	at org.apache.hadoop.ozone.protocolPB.OzoneManagerProtocolServerSideTranslatorPB.submitRequest(OzoneManagerProtocolServerSideTranslatorPB.java:148) [ozone-manager-1.4.0-SNAPSHOT.jar:?]
	at org.apache.hadoop.ozone.protocol.proto.OzoneManagerProtocolProtos$OzoneManagerService$2.callBlockingMethod(OzoneManagerProtocolProtos.java) [ozone-interface-client-1.4.0-SNAPSHOT.jar:?]
	at org.apache.hadoop.ipc.ProtobufRpcEngine$Server.processCall(ProtobufRpcEngine.java:484) [hadoop-common-3.3.6.jar:?]
	at org.apache.hadoop.ipc.ProtobufRpcEngine2$Server$ProtoBufRpcInvoker.call(ProtobufRpcEngine2.java:595) [hadoop-common-3.3.6.jar:?]
	at org.apache.hadoop.ipc.ProtobufRpcEngine2$Server$ProtoBufRpcInvoker.call(ProtobufRpcEngine2.java:573) [hadoop-common-3.3.6.jar:?]
	at org.apache.hadoop.ipc.RPC$Server.call(RPC.java:1227) [hadoop-common-3.3.6.jar:?]
	at org.apache.hadoop.ipc.Server$RpcCall.run(Server.java:1094) [hadoop-common-3.3.6.jar:?]
	at org.apache.hadoop.ipc.Server$RpcCall.run(Server.java:1017) [hadoop-common-3.3.6.jar:?]
	at java.security.AccessController.doPrivileged(Native Method) ~[?:1.8.0_382]
	at javax.security.auth.Subject.doAs(Subject.java:422) [?:1.8.0_382]
	at org.apache.hadoop.security.UserGroupInformation.doAs(UserGroupInformation.java:1899) [hadoop-common-3.3.6.jar:?]
	at org.apache.hadoop.ipc.Server$Handler.run(Server.java:3048) [hadoop-common-3.3.6.jar:?]
]]></system-out>
  </testcase>
  <testcase name="testMakeDirsWithAnFakeDirectory" classname="TestOzoneFileSystem" time="0.018">
    <system-out><![CDATA[02:06:30.539 [IPC Server handler 8 on default port 15110] ERROR OMAudit - user=runner | ip=127.0.0.1 | op=GET_FILE_STATUS {volume=volume18939, bucket=bucket36089, key=user/runner/dir1/dir2, dataSize=0, replicationConfig=null} | ret=FAILURE
org.apache.hadoop.ozone.om.exceptions.OMException: Unable to get file status: volume: volume18939 bucket: bucket36089 key: user/runner/dir1/dir2
	at org.apache.hadoop.ozone.om.KeyManagerImpl.getOzoneFileStatus(KeyManagerImpl.java:1195) ~[ozone-manager-1.4.0-SNAPSHOT.jar:?]
	at org.apache.hadoop.ozone.om.KeyManagerImpl.getFileStatus(KeyManagerImpl.java:1113) ~[ozone-manager-1.4.0-SNAPSHOT.jar:?]
	at org.apache.hadoop.ozone.om.OmMetadataReader.getFileStatus(OmMetadataReader.java:262) ~[ozone-manager-1.4.0-SNAPSHOT.jar:?]
	at org.apache.hadoop.ozone.om.OzoneManager.getFileStatus(OzoneManager.java:3533) ~[ozone-manager-1.4.0-SNAPSHOT.jar:?]
	at org.apache.hadoop.ozone.protocolPB.OzoneManagerRequestHandler.getOzoneFileStatus(OzoneManagerRequestHandler.java:971) ~[ozone-manager-1.4.0-SNAPSHOT.jar:?]
	at org.apache.hadoop.ozone.protocolPB.OzoneManagerRequestHandler.handleReadRequest(OzoneManagerRequestHandler.java:250) ~[ozone-manager-1.4.0-SNAPSHOT.jar:?]
	at org.apache.hadoop.ozone.protocolPB.OzoneManagerProtocolServerSideTranslatorPB.submitReadRequestToOM(OzoneManagerProtocolServerSideTranslatorPB.java:225) ~[ozone-manager-1.4.0-SNAPSHOT.jar:?]
	at org.apache.hadoop.ozone.protocolPB.OzoneManagerProtocolServerSideTranslatorPB.processRequest(OzoneManagerProtocolServerSideTranslatorPB.java:179) ~[ozone-manager-1.4.0-SNAPSHOT.jar:?]
	at org.apache.hadoop.hdds.server.OzoneProtocolMessageDispatcher.processRequest(OzoneProtocolMessageDispatcher.java:87) [hdds-server-framework-1.4.0-SNAPSHOT.jar:?]
	at org.apache.hadoop.ozone.protocolPB.OzoneManagerProtocolServerSideTranslatorPB.submitRequest(OzoneManagerProtocolServerSideTranslatorPB.java:148) [ozone-manager-1.4.0-SNAPSHOT.jar:?]
	at org.apache.hadoop.ozone.protocol.proto.OzoneManagerProtocolProtos$OzoneManagerService$2.callBlockingMethod(OzoneManagerProtocolProtos.java) [ozone-interface-client-1.4.0-SNAPSHOT.jar:?]
	at org.apache.hadoop.ipc.ProtobufRpcEngine$Server.processCall(ProtobufRpcEngine.java:484) [hadoop-common-3.3.6.jar:?]
	at org.apache.hadoop.ipc.ProtobufRpcEngine2$Server$ProtoBufRpcInvoker.call(ProtobufRpcEngine2.java:595) [hadoop-common-3.3.6.jar:?]
	at org.apache.hadoop.ipc.ProtobufRpcEngine2$Server$ProtoBufRpcInvoker.call(ProtobufRpcEngine2.java:573) [hadoop-common-3.3.6.jar:?]
	at org.apache.hadoop.ipc.RPC$Server.call(RPC.java:1227) [hadoop-common-3.3.6.jar:?]
	at org.apache.hadoop.ipc.Server$RpcCall.run(Server.java:1094) [hadoop-common-3.3.6.jar:?]
	at org.apache.hadoop.ipc.Server$RpcCall.run(Server.java:1017) [hadoop-common-3.3.6.jar:?]
	at java.security.AccessController.doPrivileged(Native Method) ~[?:1.8.0_382]
	at javax.security.auth.Subject.doAs(Subject.java:422) [?:1.8.0_382]
	at org.apache.hadoop.security.UserGroupInformation.doAs(UserGroupInformation.java:1899) [hadoop-common-3.3.6.jar:?]
	at org.apache.hadoop.ipc.Server$Handler.run(Server.java:3048) [hadoop-common-3.3.6.jar:?]
]]></system-out>
  </testcase>
  <testcase name="testMakeDirsWithAnFakeDirectory" classname="TestOzoneFileSystem" time="0.019">
    <system-out><![CDATA[02:07:37.993 [IPC Server handler 14 on default port 15163] ERROR OMAudit - user=runner | ip=127.0.0.1 | op=GET_FILE_STATUS {volume=volume12196, bucket=bucket58129, key=user/runner/dir1/dir2, dataSize=0, replicationConfig=null} | ret=FAILURE
org.apache.hadoop.ozone.om.exceptions.OMException: Unable to get file status: volume: volume12196 bucket: bucket58129 key: user/runner/dir1/dir2
	at org.apache.hadoop.ozone.om.KeyManagerImpl.getOzoneFileStatus(KeyManagerImpl.java:1195) ~[ozone-manager-1.4.0-SNAPSHOT.jar:?]
	at org.apache.hadoop.ozone.om.KeyManagerImpl.getFileStatus(KeyManagerImpl.java:1113) ~[ozone-manager-1.4.0-SNAPSHOT.jar:?]
	at org.apache.hadoop.ozone.om.OmMetadataReader.getFileStatus(OmMetadataReader.java:262) ~[ozone-manager-1.4.0-SNAPSHOT.jar:?]
	at org.apache.hadoop.ozone.om.OzoneManager.getFileStatus(OzoneManager.java:3533) ~[ozone-manager-1.4.0-SNAPSHOT.jar:?]
	at org.apache.hadoop.ozone.protocolPB.OzoneManagerRequestHandler.getOzoneFileStatus(OzoneManagerRequestHandler.java:971) ~[ozone-manager-1.4.0-SNAPSHOT.jar:?]
	at org.apache.hadoop.ozone.protocolPB.OzoneManagerRequestHandler.handleReadRequest(OzoneManagerRequestHandler.java:250) ~[ozone-manager-1.4.0-SNAPSHOT.jar:?]
	at org.apache.hadoop.ozone.protocolPB.OzoneManagerProtocolServerSideTranslatorPB.submitRequestDirectlyToOM(OzoneManagerProtocolServerSideTranslatorPB.java:274) ~[ozone-manager-1.4.0-SNAPSHOT.jar:?]
	at org.apache.hadoop.ozone.protocolPB.OzoneManagerProtocolServerSideTranslatorPB.processRequest(OzoneManagerProtocolServerSideTranslatorPB.java:175) ~[ozone-manager-1.4.0-SNAPSHOT.jar:?]
	at org.apache.hadoop.hdds.server.OzoneProtocolMessageDispatcher.processRequest(OzoneProtocolMessageDispatcher.java:87) [hdds-server-framework-1.4.0-SNAPSHOT.jar:?]
	at org.apache.hadoop.ozone.protocolPB.OzoneManagerProtocolServerSideTranslatorPB.submitRequest(OzoneManagerProtocolServerSideTranslatorPB.java:148) [ozone-manager-1.4.0-SNAPSHOT.jar:?]
	at org.apache.hadoop.ozone.protocol.proto.OzoneManagerProtocolProtos$OzoneManagerService$2.callBlockingMethod(OzoneManagerProtocolProtos.java) [ozone-interface-client-1.4.0-SNAPSHOT.jar:?]
	at org.apache.hadoop.ipc.ProtobufRpcEngine$Server.processCall(ProtobufRpcEngine.java:484) [hadoop-common-3.3.6.jar:?]
	at org.apache.hadoop.ipc.ProtobufRpcEngine2$Server$ProtoBufRpcInvoker.call(ProtobufRpcEngine2.java:595) [hadoop-common-3.3.6.jar:?]
	at org.apache.hadoop.ipc.ProtobufRpcEngine2$Server$ProtoBufRpcInvoker.call(ProtobufRpcEngine2.java:573) [hadoop-common-3.3.6.jar:?]
	at org.apache.hadoop.ipc.RPC$Server.call(RPC.java:1227) [hadoop-common-3.3.6.jar:?]
	at org.apache.hadoop.ipc.Server$RpcCall.run(Server.java:1094) [hadoop-common-3.3.6.jar:?]
	at org.apache.hadoop.ipc.Server$RpcCall.run(Server.java:1017) [hadoop-common-3.3.6.jar:?]
	at java.security.AccessController.doPrivileged(Native Method) ~[?:1.8.0_382]
	at javax.security.auth.Subject.doAs(Subject.java:422) [?:1.8.0_382]
	at org.apache.hadoop.security.UserGroupInformation.doAs(UserGroupInformation.java:1899) [hadoop-common-3.3.6.jar:?]
	at org.apache.hadoop.ipc.Server$Handler.run(Server.java:3048) [hadoop-common-3.3.6.jar:?]
]]></system-out>
  </testcase>
  <testcase name="testFileDelete" classname="TestOzoneFileSystem" time="0.237">
    <system-out><![CDATA[02:04:08.977 [IPC Server handler 13 on default port 15004] ERROR OMAudit - user=runner | ip=127.0.0.1 | op=GET_FILE_STATUS {volume=volume43289, bucket=bucket29045, key=testBatchDelete, dataSize=0, replicationConfig=null} | ret=FAILURE
org.apache.hadoop.ozone.om.exceptions.OMException: Unable to get file status: volume: volume43289 bucket: bucket29045 key: testBatchDelete
	at org.apache.hadoop.ozone.om.KeyManagerImpl.getOzoneFileStatus(KeyManagerImpl.java:1195) ~[ozone-manager-1.4.0-SNAPSHOT.jar:?]
	at org.apache.hadoop.ozone.om.KeyManagerImpl.getFileStatus(KeyManagerImpl.java:1113) ~[ozone-manager-1.4.0-SNAPSHOT.jar:?]
	at org.apache.hadoop.ozone.om.OmMetadataReader.getFileStatus(OmMetadataReader.java:262) ~[ozone-manager-1.4.0-SNAPSHOT.jar:?]
	at org.apache.hadoop.ozone.om.OzoneManager.getFileStatus(OzoneManager.java:3533) ~[ozone-manager-1.4.0-SNAPSHOT.jar:?]
	at org.apache.hadoop.ozone.protocolPB.OzoneManagerRequestHandler.getOzoneFileStatus(OzoneManagerRequestHandler.java:971) ~[ozone-manager-1.4.0-SNAPSHOT.jar:?]
	at org.apache.hadoop.ozone.protocolPB.OzoneManagerRequestHandler.handleReadRequest(OzoneManagerRequestHandler.java:250) ~[ozone-manager-1.4.0-SNAPSHOT.jar:?]
	at org.apache.hadoop.ozone.protocolPB.OzoneManagerProtocolServerSideTranslatorPB.submitReadRequestToOM(OzoneManagerProtocolServerSideTranslatorPB.java:225) ~[ozone-manager-1.4.0-SNAPSHOT.jar:?]
	at org.apache.hadoop.ozone.protocolPB.OzoneManagerProtocolServerSideTranslatorPB.processRequest(OzoneManagerProtocolServerSideTranslatorPB.java:179) ~[ozone-manager-1.4.0-SNAPSHOT.jar:?]
	at org.apache.hadoop.hdds.server.OzoneProtocolMessageDispatcher.processRequest(OzoneProtocolMessageDispatcher.java:87) [hdds-server-framework-1.4.0-SNAPSHOT.jar:?]
	at org.apache.hadoop.ozone.protocolPB.OzoneManagerProtocolServerSideTranslatorPB.submitRequest(OzoneManagerProtocolServerSideTranslatorPB.java:148) [ozone-manager-1.4.0-SNAPSHOT.jar:?]
	at org.apache.hadoop.ozone.protocol.proto.OzoneManagerProtocolProtos$OzoneManagerService$2.callBlockingMethod(OzoneManagerProtocolProtos.java) [ozone-interface-client-1.4.0-SNAPSHOT.jar:?]
	at org.apache.hadoop.ipc.ProtobufRpcEngine$Server.processCall(ProtobufRpcEngine.java:484) [hadoop-common-3.3.6.jar:?]
	at org.apache.hadoop.ipc.ProtobufRpcEngine2$Server$ProtoBufRpcInvoker.call(ProtobufRpcEngine2.java:595) [hadoop-common-3.3.6.jar:?]
	at org.apache.hadoop.ipc.ProtobufRpcEngine2$Server$ProtoBufRpcInvoker.call(ProtobufRpcEngine2.java:573) [hadoop-common-3.3.6.jar:?]
	at org.apache.hadoop.ipc.RPC$Server.call(RPC.java:1227) [hadoop-common-3.3.6.jar:?]
	at org.apache.hadoop.ipc.Server$RpcCall.run(Server.java:1094) [hadoop-common-3.3.6.jar:?]
	at org.apache.hadoop.ipc.Server$RpcCall.run(Server.java:1017) [hadoop-common-3.3.6.jar:?]
	at java.security.AccessController.doPrivileged(Native Method) ~[?:1.8.0_382]
	at javax.security.auth.Subject.doAs(Subject.java:422) [?:1.8.0_382]
	at org.apache.hadoop.security.UserGroupInformation.doAs(UserGroupInformation.java:1899) [hadoop-common-3.3.6.jar:?]
	at org.apache.hadoop.ipc.Server$Handler.run(Server.java:3048) [hadoop-common-3.3.6.jar:?]
02:04:08.978 [IPC Server handler 10 on default port 15004] ERROR OMAudit - user=runner | ip=127.0.0.1 | op=GET_FILE_STATUS {volume=volume43289, bucket=bucket29045, key=testBatchDelete/parent/child0, dataSize=0, replicationConfig=null} | ret=FAILURE
org.apache.hadoop.ozone.om.exceptions.OMException: Unable to get file status: volume: volume43289 bucket: bucket29045 key: testBatchDelete/parent/child0
	at org.apache.hadoop.ozone.om.KeyManagerImpl.getOzoneFileStatus(KeyManagerImpl.java:1195) ~[ozone-manager-1.4.0-SNAPSHOT.jar:?]
	at org.apache.hadoop.ozone.om.KeyManagerImpl.getFileStatus(KeyManagerImpl.java:1113) ~[ozone-manager-1.4.0-SNAPSHOT.jar:?]
	at org.apache.hadoop.ozone.om.OmMetadataReader.getFileStatus(OmMetadataReader.java:262) ~[ozone-manager-1.4.0-SNAPSHOT.jar:?]
	at org.apache.hadoop.ozone.om.OzoneManager.getFileStatus(OzoneManager.java:3533) ~[ozone-manager-1.4.0-SNAPSHOT.jar:?]
	at org.apache.hadoop.ozone.protocolPB.OzoneManagerRequestHandler.getOzoneFileStatus(OzoneManagerRequestHandler.java:971) ~[ozone-manager-1.4.0-SNAPSHOT.jar:?]
	at org.apache.hadoop.ozone.protocolPB.OzoneManagerRequestHandler.handleReadRequest(OzoneManagerRequestHandler.java:250) ~[ozone-manager-1.4.0-SNAPSHOT.jar:?]
	at org.apache.hadoop.ozone.protocolPB.OzoneManagerProtocolServerSideTranslatorPB.submitReadRequestToOM(OzoneManagerProtocolServerSideTranslatorPB.java:225) ~[ozone-manager-1.4.0-SNAPSHOT.jar:?]
	at org.apache.hadoop.ozone.protocolPB.OzoneManagerProtocolServerSideTranslatorPB.processRequest(OzoneManagerProtocolServerSideTranslatorPB.java:179) ~[ozone-manager-1.4.0-SNAPSHOT.jar:?]
	at org.apache.hadoop.hdds.server.OzoneProtocolMessageDispatcher.processRequest(OzoneProtocolMessageDispatcher.java:87) [hdds-server-framework-1.4.0-SNAPSHOT.jar:?]
	at org.apache.hadoop.ozone.protocolPB.OzoneManagerProtocolServerSideTranslatorPB.submitRequest(OzoneManagerProtocolServerSideTranslatorPB.java:148) [ozone-manager-1.4.0-SNAPSHOT.jar:?]
	at org.apache.hadoop.ozone.protocol.proto.OzoneManagerProtocolProtos$OzoneManagerService$2.callBlockingMethod(OzoneManagerProtocolProtos.java) [ozone-interface-client-1.4.0-SNAPSHOT.jar:?]
	at org.apache.hadoop.ipc.ProtobufRpcEngine$Server.processCall(ProtobufRpcEngine.java:484) [hadoop-common-3.3.6.jar:?]
	at org.apache.hadoop.ipc.ProtobufRpcEngine2$Server$ProtoBufRpcInvoker.call(ProtobufRpcEngine2.java:595) [hadoop-common-3.3.6.jar:?]
	at org.apache.hadoop.ipc.ProtobufRpcEngine2$Server$ProtoBufRpcInvoker.call(ProtobufRpcEngine2.java:573) [hadoop-common-3.3.6.jar:?]
	at org.apache.hadoop.ipc.RPC$Server.call(RPC.java:1227) [hadoop-common-3.3.6.jar:?]
	at org.apache.hadoop.ipc.Server$RpcCall.run(Server.java:1094) [hadoop-common-3.3.6.jar:?]
	at org.apache.hadoop.ipc.Server$RpcCall.run(Server.java:1017) [hadoop-common-3.3.6.jar:?]
	at java.security.AccessController.doPrivileged(Native Method) ~[?:1.8.0_382]
	at javax.security.auth.Subject.doAs(Subject.java:422) [?:1.8.0_382]
	at org.apache.hadoop.security.UserGroupInformation.doAs(UserGroupInformation.java:1899) [hadoop-common-3.3.6.jar:?]
	at org.apache.hadoop.ipc.Server$Handler.run(Server.java:3048) [hadoop-common-3.3.6.jar:?]
02:04:08.981 [IPC Server handler 0 on default port 15004] ERROR OMAudit - user=runner | ip=127.0.0.1 | op=GET_FILE_STATUS {volume=volume43289, bucket=bucket29045, key=testBatchDelete/parent/childFolder/child0, dataSize=0, replicationConfig=null} | ret=FAILURE
org.apache.hadoop.ozone.om.exceptions.OMException: Unable to get file status: volume: volume43289 bucket: bucket29045 key: testBatchDelete/parent/childFolder/child0
	at org.apache.hadoop.ozone.om.KeyManagerImpl.getOzoneFileStatus(KeyManagerImpl.java:1195) ~[ozone-manager-1.4.0-SNAPSHOT.jar:?]
	at org.apache.hadoop.ozone.om.KeyManagerImpl.getFileStatus(KeyManagerImpl.java:1113) ~[ozone-manager-1.4.0-SNAPSHOT.jar:?]
	at org.apache.hadoop.ozone.om.OmMetadataReader.getFileStatus(OmMetadataReader.java:262) ~[ozone-manager-1.4.0-SNAPSHOT.jar:?]
	at org.apache.hadoop.ozone.om.OzoneManager.getFileStatus(OzoneManager.java:3533) ~[ozone-manager-1.4.0-SNAPSHOT.jar:?]
	at org.apache.hadoop.ozone.protocolPB.OzoneManagerRequestHandler.getOzoneFileStatus(OzoneManagerRequestHandler.java:971) ~[ozone-manager-1.4.0-SNAPSHOT.jar:?]
	at org.apache.hadoop.ozone.protocolPB.OzoneManagerRequestHandler.handleReadRequest(OzoneManagerRequestHandler.java:250) ~[ozone-manager-1.4.0-SNAPSHOT.jar:?]
	at org.apache.hadoop.ozone.protocolPB.OzoneManagerProtocolServerSideTranslatorPB.submitReadRequestToOM(OzoneManagerProtocolServerSideTranslatorPB.java:225) ~[ozone-manager-1.4.0-SNAPSHOT.jar:?]
	at org.apache.hadoop.ozone.protocolPB.OzoneManagerProtocolServerSideTranslatorPB.processRequest(OzoneManagerProtocolServerSideTranslatorPB.java:179) ~[ozone-manager-1.4.0-SNAPSHOT.jar:?]
	at org.apache.hadoop.hdds.server.OzoneProtocolMessageDispatcher.processRequest(OzoneProtocolMessageDispatcher.java:87) [hdds-server-framework-1.4.0-SNAPSHOT.jar:?]
	at org.apache.hadoop.ozone.protocolPB.OzoneManagerProtocolServerSideTranslatorPB.submitRequest(OzoneManagerProtocolServerSideTranslatorPB.java:148) [ozone-manager-1.4.0-SNAPSHOT.jar:?]
	at org.apache.hadoop.ozone.protocol.proto.OzoneManagerProtocolProtos$OzoneManagerService$2.callBlockingMethod(OzoneManagerProtocolProtos.java) [ozone-interface-client-1.4.0-SNAPSHOT.jar:?]
	at org.apache.hadoop.ipc.ProtobufRpcEngine$Server.processCall(ProtobufRpcEngine.java:484) [hadoop-common-3.3.6.jar:?]
	at org.apache.hadoop.ipc.ProtobufRpcEngine2$Server$ProtoBufRpcInvoker.call(ProtobufRpcEngine2.java:595) [hadoop-common-3.3.6.jar:?]
	at org.apache.hadoop.ipc.ProtobufRpcEngine2$Server$ProtoBufRpcInvoker.call(ProtobufRpcEngine2.java:573) [hadoop-common-3.3.6.jar:?]
	at org.apache.hadoop.ipc.RPC$Server.call(RPC.java:1227) [hadoop-common-3.3.6.jar:?]
	at org.apache.hadoop.ipc.Server$RpcCall.run(Server.java:1094) [hadoop-common-3.3.6.jar:?]
	at org.apache.hadoop.ipc.Server$RpcCall.run(Server.java:1017) [hadoop-common-3.3.6.jar:?]
	at java.security.AccessController.doPrivileged(Native Method) ~[?:1.8.0_382]
	at javax.security.auth.Subject.doAs(Subject.java:422) [?:1.8.0_382]
	at org.apache.hadoop.security.UserGroupInformation.doAs(UserGroupInformation.java:1899) [hadoop-common-3.3.6.jar:?]
	at org.apache.hadoop.ipc.Server$Handler.run(Server.java:3048) [hadoop-common-3.3.6.jar:?]
02:04:08.982 [IPC Server handler 1 on default port 15004] ERROR OMAudit - user=runner | ip=127.0.0.1 | op=GET_FILE_STATUS {volume=volume43289, bucket=bucket29045, key=testBatchDelete/parent/child1, dataSize=0, replicationConfig=null} | ret=FAILURE
org.apache.hadoop.ozone.om.exceptions.OMException: Unable to get file status: volume: volume43289 bucket: bucket29045 key: testBatchDelete/parent/child1
	at org.apache.hadoop.ozone.om.KeyManagerImpl.getOzoneFileStatus(KeyManagerImpl.java:1195) ~[ozone-manager-1.4.0-SNAPSHOT.jar:?]
	at org.apache.hadoop.ozone.om.KeyManagerImpl.getFileStatus(KeyManagerImpl.java:1113) ~[ozone-manager-1.4.0-SNAPSHOT.jar:?]
	at org.apache.hadoop.ozone.om.OmMetadataReader.getFileStatus(OmMetadataReader.java:262) ~[ozone-manager-1.4.0-SNAPSHOT.jar:?]
	at org.apache.hadoop.ozone.om.OzoneManager.getFileStatus(OzoneManager.java:3533) ~[ozone-manager-1.4.0-SNAPSHOT.jar:?]
	at org.apache.hadoop.ozone.protocolPB.OzoneManagerRequestHandler.getOzoneFileStatus(OzoneManagerRequestHandler.java:971) ~[ozone-manager-1.4.0-SNAPSHOT.jar:?]
	at org.apache.hadoop.ozone.protocolPB.OzoneManagerRequestHandler.handleReadRequest(OzoneManagerRequestHandler.java:250) ~[ozone-manager-1.4.0-SNAPSHOT.jar:?]
	at org.apache.hadoop.ozone.protocolPB.OzoneManagerProtocolServerSideTranslatorPB.submitReadRequestToOM(OzoneManagerProtocolServerSideTranslatorPB.java:225) ~[ozone-manager-1.4.0-SNAPSHOT.jar:?]
	at org.apache.hadoop.ozone.protocolPB.OzoneManagerProtocolServerSideTranslatorPB.processRequest(OzoneManagerProtocolServerSideTranslatorPB.java:179) ~[ozone-manager-1.4.0-SNAPSHOT.jar:?]
	at org.apache.hadoop.hdds.server.OzoneProtocolMessageDispatcher.processRequest(OzoneProtocolMessageDispatcher.java:87) [hdds-server-framework-1.4.0-SNAPSHOT.jar:?]
	at org.apache.hadoop.ozone.protocolPB.OzoneManagerProtocolServerSideTranslatorPB.submitRequest(OzoneManagerProtocolServerSideTranslatorPB.java:148) [ozone-manager-1.4.0-SNAPSHOT.jar:?]
	at org.apache.hadoop.ozone.protocol.proto.OzoneManagerProtocolProtos$OzoneManagerService$2.callBlockingMethod(OzoneManagerProtocolProtos.java) [ozone-interface-client-1.4.0-SNAPSHOT.jar:?]
	at org.apache.hadoop.ipc.ProtobufRpcEngine$Server.processCall(ProtobufRpcEngine.java:484) [hadoop-common-3.3.6.jar:?]
	at org.apache.hadoop.ipc.ProtobufRpcEngine2$Server$ProtoBufRpcInvoker.call(ProtobufRpcEngine2.java:595) [hadoop-common-3.3.6.jar:?]
	at org.apache.hadoop.ipc.ProtobufRpcEngine2$Server$ProtoBufRpcInvoker.call(ProtobufRpcEngine2.java:573) [hadoop-common-3.3.6.jar:?]
	at org.apache.hadoop.ipc.RPC$Server.call(RPC.java:1227) [hadoop-common-3.3.6.jar:?]
	at org.apache.hadoop.ipc.Server$RpcCall.run(Server.java:1094) [hadoop-common-3.3.6.jar:?]
	at org.apache.hadoop.ipc.Server$RpcCall.run(Server.java:1017) [hadoop-common-3.3.6.jar:?]
	at java.security.AccessController.doPrivileged(Native Method) ~[?:1.8.0_382]
	at javax.security.auth.Subject.doAs(Subject.java:422) [?:1.8.0_382]
	at org.apache.hadoop.security.UserGroupInformation.doAs(UserGroupInformation.java:1899) [hadoop-common-3.3.6.jar:?]
	at org.apache.hadoop.ipc.Server$Handler.run(Server.java:3048) [hadoop-common-3.3.6.jar:?]
02:04:08.984 [IPC Server handler 2 on default port 15004] ERROR OMAudit - user=runner | ip=127.0.0.1 | op=GET_FILE_STATUS {volume=volume43289, bucket=bucket29045, key=testBatchDelete/parent/childFolder/child1, dataSize=0, replicationConfig=null} | ret=FAILURE
org.apache.hadoop.ozone.om.exceptions.OMException: Unable to get file status: volume: volume43289 bucket: bucket29045 key: testBatchDelete/parent/childFolder/child1
	at org.apache.hadoop.ozone.om.KeyManagerImpl.getOzoneFileStatus(KeyManagerImpl.java:1195) ~[ozone-manager-1.4.0-SNAPSHOT.jar:?]
	at org.apache.hadoop.ozone.om.KeyManagerImpl.getFileStatus(KeyManagerImpl.java:1113) ~[ozone-manager-1.4.0-SNAPSHOT.jar:?]
	at org.apache.hadoop.ozone.om.OmMetadataReader.getFileStatus(OmMetadataReader.java:262) ~[ozone-manager-1.4.0-SNAPSHOT.jar:?]
	at org.apache.hadoop.ozone.om.OzoneManager.getFileStatus(OzoneManager.java:3533) ~[ozone-manager-1.4.0-SNAPSHOT.jar:?]
	at org.apache.hadoop.ozone.protocolPB.OzoneManagerRequestHandler.getOzoneFileStatus(OzoneManagerRequestHandler.java:971) ~[ozone-manager-1.4.0-SNAPSHOT.jar:?]
	at org.apache.hadoop.ozone.protocolPB.OzoneManagerRequestHandler.handleReadRequest(OzoneManagerRequestHandler.java:250) ~[ozone-manager-1.4.0-SNAPSHOT.jar:?]
	at org.apache.hadoop.ozone.protocolPB.OzoneManagerProtocolServerSideTranslatorPB.submitReadRequestToOM(OzoneManagerProtocolServerSideTranslatorPB.java:225) ~[ozone-manager-1.4.0-SNAPSHOT.jar:?]
	at org.apache.hadoop.ozone.protocolPB.OzoneManagerProtocolServerSideTranslatorPB.processRequest(OzoneManagerProtocolServerSideTranslatorPB.java:179) ~[ozone-manager-1.4.0-SNAPSHOT.jar:?]
	at org.apache.hadoop.hdds.server.OzoneProtocolMessageDispatcher.processRequest(OzoneProtocolMessageDispatcher.java:87) [hdds-server-framework-1.4.0-SNAPSHOT.jar:?]
	at org.apache.hadoop.ozone.protocolPB.OzoneManagerProtocolServerSideTranslatorPB.submitRequest(OzoneManagerProtocolServerSideTranslatorPB.java:148) [ozone-manager-1.4.0-SNAPSHOT.jar:?]
	at org.apache.hadoop.ozone.protocol.proto.OzoneManagerProtocolProtos$OzoneManagerService$2.callBlockingMethod(OzoneManagerProtocolProtos.java) [ozone-interface-client-1.4.0-SNAPSHOT.jar:?]
	at org.apache.hadoop.ipc.ProtobufRpcEngine$Server.processCall(ProtobufRpcEngine.java:484) [hadoop-common-3.3.6.jar:?]
	at org.apache.hadoop.ipc.ProtobufRpcEngine2$Server$ProtoBufRpcInvoker.call(ProtobufRpcEngine2.java:595) [hadoop-common-3.3.6.jar:?]
	at org.apache.hadoop.ipc.ProtobufRpcEngine2$Server$ProtoBufRpcInvoker.call(ProtobufRpcEngine2.java:573) [hadoop-common-3.3.6.jar:?]
	at org.apache.hadoop.ipc.RPC$Server.call(RPC.java:1227) [hadoop-common-3.3.6.jar:?]
	at org.apache.hadoop.ipc.Server$RpcCall.run(Server.java:1094) [hadoop-common-3.3.6.jar:?]
	at org.apache.hadoop.ipc.Server$RpcCall.run(Server.java:1017) [hadoop-common-3.3.6.jar:?]
	at java.security.AccessController.doPrivileged(Native Method) ~[?:1.8.0_382]
	at javax.security.auth.Subject.doAs(Subject.java:422) [?:1.8.0_382]
	at org.apache.hadoop.security.UserGroupInformation.doAs(UserGroupInformation.java:1899) [hadoop-common-3.3.6.jar:?]
	at org.apache.hadoop.ipc.Server$Handler.run(Server.java:3048) [hadoop-common-3.3.6.jar:?]
02:04:08.985 [IPC Server handler 4 on default port 15004] ERROR OMAudit - user=runner | ip=127.0.0.1 | op=GET_FILE_STATUS {volume=volume43289, bucket=bucket29045, key=testBatchDelete/parent/child2, dataSize=0, replicationConfig=null} | ret=FAILURE
org.apache.hadoop.ozone.om.exceptions.OMException: Unable to get file status: volume: volume43289 bucket: bucket29045 key: testBatchDelete/parent/child2
	at org.apache.hadoop.ozone.om.KeyManagerImpl.getOzoneFileStatus(KeyManagerImpl.java:1195) ~[ozone-manager-1.4.0-SNAPSHOT.jar:?]
	at org.apache.hadoop.ozone.om.KeyManagerImpl.getFileStatus(KeyManagerImpl.java:1113) ~[ozone-manager-1.4.0-SNAPSHOT.jar:?]
	at org.apache.hadoop.ozone.om.OmMetadataReader.getFileStatus(OmMetadataReader.java:262) ~[ozone-manager-1.4.0-SNAPSHOT.jar:?]
	at org.apache.hadoop.ozone.om.OzoneManager.getFileStatus(OzoneManager.java:3533) ~[ozone-manager-1.4.0-SNAPSHOT.jar:?]
	at org.apache.hadoop.ozone.protocolPB.OzoneManagerRequestHandler.getOzoneFileStatus(OzoneManagerRequestHandler.java:971) ~[ozone-manager-1.4.0-SNAPSHOT.jar:?]
	at org.apache.hadoop.ozone.protocolPB.OzoneManagerRequestHandler.handleReadRequest(OzoneManagerRequestHandler.java:250) ~[ozone-manager-1.4.0-SNAPSHOT.jar:?]
	at org.apache.hadoop.ozone.protocolPB.OzoneManagerProtocolServerSideTranslatorPB.submitReadRequestToOM(OzoneManagerProtocolServerSideTranslatorPB.java:225) ~[ozone-manager-1.4.0-SNAPSHOT.jar:?]
	at org.apache.hadoop.ozone.protocolPB.OzoneManagerProtocolServerSideTranslatorPB.processRequest(OzoneManagerProtocolServerSideTranslatorPB.java:179) ~[ozone-manager-1.4.0-SNAPSHOT.jar:?]
	at org.apache.hadoop.hdds.server.OzoneProtocolMessageDispatcher.processRequest(OzoneProtocolMessageDispatcher.java:87) [hdds-server-framework-1.4.0-SNAPSHOT.jar:?]
	at org.apache.hadoop.ozone.protocolPB.OzoneManagerProtocolServerSideTranslatorPB.submitRequest(OzoneManagerProtocolServerSideTranslatorPB.java:148) [ozone-manager-1.4.0-SNAPSHOT.jar:?]
	at org.apache.hadoop.ozone.protocol.proto.OzoneManagerProtocolProtos$OzoneManagerService$2.callBlockingMethod(OzoneManagerProtocolProtos.java) [ozone-interface-client-1.4.0-SNAPSHOT.jar:?]
	at org.apache.hadoop.ipc.ProtobufRpcEngine$Server.processCall(ProtobufRpcEngine.java:484) [hadoop-common-3.3.6.jar:?]
	at org.apache.hadoop.ipc.ProtobufRpcEngine2$Server$ProtoBufRpcInvoker.call(ProtobufRpcEngine2.java:595) [hadoop-common-3.3.6.jar:?]
	at org.apache.hadoop.ipc.ProtobufRpcEngine2$Server$ProtoBufRpcInvoker.call(ProtobufRpcEngine2.java:573) [hadoop-common-3.3.6.jar:?]
	at org.apache.hadoop.ipc.RPC$Server.call(RPC.java:1227) [hadoop-common-3.3.6.jar:?]
	at org.apache.hadoop.ipc.Server$RpcCall.run(Server.java:1094) [hadoop-common-3.3.6.jar:?]
	at org.apache.hadoop.ipc.Server$RpcCall.run(Server.java:1017) [hadoop-common-3.3.6.jar:?]
	at java.security.AccessController.doPrivileged(Native Method) ~[?:1.8.0_382]
	at javax.security.auth.Subject.doAs(Subject.java:422) [?:1.8.0_382]
	at org.apache.hadoop.security.UserGroupInformation.doAs(UserGroupInformation.java:1899) [hadoop-common-3.3.6.jar:?]
	at org.apache.hadoop.ipc.Server$Handler.run(Server.java:3048) [hadoop-common-3.3.6.jar:?]
02:04:08.987 [IPC Server handler 3 on default port 15004] ERROR OMAudit - user=runner | ip=127.0.0.1 | op=GET_FILE_STATUS {volume=volume43289, bucket=bucket29045, key=testBatchDelete/parent/childFolder/child2, dataSize=0, replicationConfig=null} | ret=FAILURE
org.apache.hadoop.ozone.om.exceptions.OMException: Unable to get file status: volume: volume43289 bucket: bucket29045 key: testBatchDelete/parent/childFolder/child2
	at org.apache.hadoop.ozone.om.KeyManagerImpl.getOzoneFileStatus(KeyManagerImpl.java:1195) ~[ozone-manager-1.4.0-SNAPSHOT.jar:?]
	at org.apache.hadoop.ozone.om.KeyManagerImpl.getFileStatus(KeyManagerImpl.java:1113) ~[ozone-manager-1.4.0-SNAPSHOT.jar:?]
	at org.apache.hadoop.ozone.om.OmMetadataReader.getFileStatus(OmMetadataReader.java:262) ~[ozone-manager-1.4.0-SNAPSHOT.jar:?]
	at org.apache.hadoop.ozone.om.OzoneManager.getFileStatus(OzoneManager.java:3533) ~[ozone-manager-1.4.0-SNAPSHOT.jar:?]
	at org.apache.hadoop.ozone.protocolPB.OzoneManagerRequestHandler.getOzoneFileStatus(OzoneManagerRequestHandler.java:971) ~[ozone-manager-1.4.0-SNAPSHOT.jar:?]
	at org.apache.hadoop.ozone.protocolPB.OzoneManagerRequestHandler.handleReadRequest(OzoneManagerRequestHandler.java:250) ~[ozone-manager-1.4.0-SNAPSHOT.jar:?]
	at org.apache.hadoop.ozone.protocolPB.OzoneManagerProtocolServerSideTranslatorPB.submitReadRequestToOM(OzoneManagerProtocolServerSideTranslatorPB.java:225) ~[ozone-manager-1.4.0-SNAPSHOT.jar:?]
	at org.apache.hadoop.ozone.protocolPB.OzoneManagerProtocolServerSideTranslatorPB.processRequest(OzoneManagerProtocolServerSideTranslatorPB.java:179) ~[ozone-manager-1.4.0-SNAPSHOT.jar:?]
	at org.apache.hadoop.hdds.server.OzoneProtocolMessageDispatcher.processRequest(OzoneProtocolMessageDispatcher.java:87) [hdds-server-framework-1.4.0-SNAPSHOT.jar:?]
	at org.apache.hadoop.ozone.protocolPB.OzoneManagerProtocolServerSideTranslatorPB.submitRequest(OzoneManagerProtocolServerSideTranslatorPB.java:148) [ozone-manager-1.4.0-SNAPSHOT.jar:?]
	at org.apache.hadoop.ozone.protocol.proto.OzoneManagerProtocolProtos$OzoneManagerService$2.callBlockingMethod(OzoneManagerProtocolProtos.java) [ozone-interface-client-1.4.0-SNAPSHOT.jar:?]
	at org.apache.hadoop.ipc.ProtobufRpcEngine$Server.processCall(ProtobufRpcEngine.java:484) [hadoop-common-3.3.6.jar:?]
	at org.apache.hadoop.ipc.ProtobufRpcEngine2$Server$ProtoBufRpcInvoker.call(ProtobufRpcEngine2.java:595) [hadoop-common-3.3.6.jar:?]
	at org.apache.hadoop.ipc.ProtobufRpcEngine2$Server$ProtoBufRpcInvoker.call(ProtobufRpcEngine2.java:573) [hadoop-common-3.3.6.jar:?]
	at org.apache.hadoop.ipc.RPC$Server.call(RPC.java:1227) [hadoop-common-3.3.6.jar:?]
	at org.apache.hadoop.ipc.Server$RpcCall.run(Server.java:1094) [hadoop-common-3.3.6.jar:?]
	at org.apache.hadoop.ipc.Server$RpcCall.run(Server.java:1017) [hadoop-common-3.3.6.jar:?]
	at java.security.AccessController.doPrivileged(Native Method) ~[?:1.8.0_382]
	at javax.security.auth.Subject.doAs(Subject.java:422) [?:1.8.0_382]
	at org.apache.hadoop.security.UserGroupInformation.doAs(UserGroupInformation.java:1899) [hadoop-common-3.3.6.jar:?]
	at org.apache.hadoop.ipc.Server$Handler.run(Server.java:3048) [hadoop-common-3.3.6.jar:?]
02:04:08.988 [IPC Server handler 5 on default port 15004] ERROR OMAudit - user=runner | ip=127.0.0.1 | op=GET_FILE_STATUS {volume=volume43289, bucket=bucket29045, key=testBatchDelete/parent/child3, dataSize=0, replicationConfig=null} | ret=FAILURE
org.apache.hadoop.ozone.om.exceptions.OMException: Unable to get file status: volume: volume43289 bucket: bucket29045 key: testBatchDelete/parent/child3
	at org.apache.hadoop.ozone.om.KeyManagerImpl.getOzoneFileStatus(KeyManagerImpl.java:1195) ~[ozone-manager-1.4.0-SNAPSHOT.jar:?]
	at org.apache.hadoop.ozone.om.KeyManagerImpl.getFileStatus(KeyManagerImpl.java:1113) ~[ozone-manager-1.4.0-SNAPSHOT.jar:?]
	at org.apache.hadoop.ozone.om.OmMetadataReader.getFileStatus(OmMetadataReader.java:262) ~[ozone-manager-1.4.0-SNAPSHOT.jar:?]
	at org.apache.hadoop.ozone.om.OzoneManager.getFileStatus(OzoneManager.java:3533) ~[ozone-manager-1.4.0-SNAPSHOT.jar:?]
	at org.apache.hadoop.ozone.protocolPB.OzoneManagerRequestHandler.getOzoneFileStatus(OzoneManagerRequestHandler.java:971) ~[ozone-manager-1.4.0-SNAPSHOT.jar:?]
	at org.apache.hadoop.ozone.protocolPB.OzoneManagerRequestHandler.handleReadRequest(OzoneManagerRequestHandler.java:250) ~[ozone-manager-1.4.0-SNAPSHOT.jar:?]
	at org.apache.hadoop.ozone.protocolPB.OzoneManagerProtocolServerSideTranslatorPB.submitReadRequestToOM(OzoneManagerProtocolServerSideTranslatorPB.java:225) ~[ozone-manager-1.4.0-SNAPSHOT.jar:?]
	at org.apache.hadoop.ozone.protocolPB.OzoneManagerProtocolServerSideTranslatorPB.processRequest(OzoneManagerProtocolServerSideTranslatorPB.java:179) ~[ozone-manager-1.4.0-SNAPSHOT.jar:?]
	at org.apache.hadoop.hdds.server.OzoneProtocolMessageDispatcher.processRequest(OzoneProtocolMessageDispatcher.java:87) [hdds-server-framework-1.4.0-SNAPSHOT.jar:?]
	at org.apache.hadoop.ozone.protocolPB.OzoneManagerProtocolServerSideTranslatorPB.submitRequest(OzoneManagerProtocolServerSideTranslatorPB.java:148) [ozone-manager-1.4.0-SNAPSHOT.jar:?]
	at org.apache.hadoop.ozone.protocol.proto.OzoneManagerProtocolProtos$OzoneManagerService$2.callBlockingMethod(OzoneManagerProtocolProtos.java) [ozone-interface-client-1.4.0-SNAPSHOT.jar:?]
	at org.apache.hadoop.ipc.ProtobufRpcEngine$Server.processCall(ProtobufRpcEngine.java:484) [hadoop-common-3.3.6.jar:?]
	at org.apache.hadoop.ipc.ProtobufRpcEngine2$Server$ProtoBufRpcInvoker.call(ProtobufRpcEngine2.java:595) [hadoop-common-3.3.6.jar:?]
	at org.apache.hadoop.ipc.ProtobufRpcEngine2$Server$ProtoBufRpcInvoker.call(ProtobufRpcEngine2.java:573) [hadoop-common-3.3.6.jar:?]
	at org.apache.hadoop.ipc.RPC$Server.call(RPC.java:1227) [hadoop-common-3.3.6.jar:?]
	at org.apache.hadoop.ipc.Server$RpcCall.run(Server.java:1094) [hadoop-common-3.3.6.jar:?]
	at org.apache.hadoop.ipc.Server$RpcCall.run(Server.java:1017) [hadoop-common-3.3.6.jar:?]
	at java.security.AccessController.doPrivileged(Native Method) ~[?:1.8.0_382]
	at javax.security.auth.Subject.doAs(Subject.java:422) [?:1.8.0_382]
	at org.apache.hadoop.security.UserGroupInformation.doAs(UserGroupInformation.java:1899) [hadoop-common-3.3.6.jar:?]
	at org.apache.hadoop.ipc.Server$Handler.run(Server.java:3048) [hadoop-common-3.3.6.jar:?]
02:04:08.989 [IPC Server handler 6 on default port 15004] ERROR OMAudit - user=runner | ip=127.0.0.1 | op=GET_FILE_STATUS {volume=volume43289, bucket=bucket29045, key=testBatchDelete/parent/childFolder/child3, dataSize=0, replicationConfig=null} | ret=FAILURE
org.apache.hadoop.ozone.om.exceptions.OMException: Unable to get file status: volume: volume43289 bucket: bucket29045 key: testBatchDelete/parent/childFolder/child3
	at org.apache.hadoop.ozone.om.KeyManagerImpl.getOzoneFileStatus(KeyManagerImpl.java:1195) ~[ozone-manager-1.4.0-SNAPSHOT.jar:?]
	at org.apache.hadoop.ozone.om.KeyManagerImpl.getFileStatus(KeyManagerImpl.java:1113) ~[ozone-manager-1.4.0-SNAPSHOT.jar:?]
	at org.apache.hadoop.ozone.om.OmMetadataReader.getFileStatus(OmMetadataReader.java:262) ~[ozone-manager-1.4.0-SNAPSHOT.jar:?]
	at org.apache.hadoop.ozone.om.OzoneManager.getFileStatus(OzoneManager.java:3533) ~[ozone-manager-1.4.0-SNAPSHOT.jar:?]
	at org.apache.hadoop.ozone.protocolPB.OzoneManagerRequestHandler.getOzoneFileStatus(OzoneManagerRequestHandler.java:971) ~[ozone-manager-1.4.0-SNAPSHOT.jar:?]
	at org.apache.hadoop.ozone.protocolPB.OzoneManagerRequestHandler.handleReadRequest(OzoneManagerRequestHandler.java:250) ~[ozone-manager-1.4.0-SNAPSHOT.jar:?]
	at org.apache.hadoop.ozone.protocolPB.OzoneManagerProtocolServerSideTranslatorPB.submitReadRequestToOM(OzoneManagerProtocolServerSideTranslatorPB.java:225) ~[ozone-manager-1.4.0-SNAPSHOT.jar:?]
	at org.apache.hadoop.ozone.protocolPB.OzoneManagerProtocolServerSideTranslatorPB.processRequest(OzoneManagerProtocolServerSideTranslatorPB.java:179) ~[ozone-manager-1.4.0-SNAPSHOT.jar:?]
	at org.apache.hadoop.hdds.server.OzoneProtocolMessageDispatcher.processRequest(OzoneProtocolMessageDispatcher.java:87) [hdds-server-framework-1.4.0-SNAPSHOT.jar:?]
	at org.apache.hadoop.ozone.protocolPB.OzoneManagerProtocolServerSideTranslatorPB.submitRequest(OzoneManagerProtocolServerSideTranslatorPB.java:148) [ozone-manager-1.4.0-SNAPSHOT.jar:?]
	at org.apache.hadoop.ozone.protocol.proto.OzoneManagerProtocolProtos$OzoneManagerService$2.callBlockingMethod(OzoneManagerProtocolProtos.java) [ozone-interface-client-1.4.0-SNAPSHOT.jar:?]
	at org.apache.hadoop.ipc.ProtobufRpcEngine$Server.processCall(ProtobufRpcEngine.java:484) [hadoop-common-3.3.6.jar:?]
	at org.apache.hadoop.ipc.ProtobufRpcEngine2$Server$ProtoBufRpcInvoker.call(ProtobufRpcEngine2.java:595) [hadoop-common-3.3.6.jar:?]
	at org.apache.hadoop.ipc.ProtobufRpcEngine2$Server$ProtoBufRpcInvoker.call(ProtobufRpcEngine2.java:573) [hadoop-common-3.3.6.jar:?]
	at org.apache.hadoop.ipc.RPC$Server.call(RPC.java:1227) [hadoop-common-3.3.6.jar:?]
	at org.apache.hadoop.ipc.Server$RpcCall.run(Server.java:1094) [hadoop-common-3.3.6.jar:?]
	at org.apache.hadoop.ipc.Server$RpcCall.run(Server.java:1017) [hadoop-common-3.3.6.jar:?]
	at java.security.AccessController.doPrivileged(Native Method) ~[?:1.8.0_382]
	at javax.security.auth.Subject.doAs(Subject.java:422) [?:1.8.0_382]
	at org.apache.hadoop.security.UserGroupInformation.doAs(UserGroupInformation.java:1899) [hadoop-common-3.3.6.jar:?]
	at org.apache.hadoop.ipc.Server$Handler.run(Server.java:3048) [hadoop-common-3.3.6.jar:?]
02:04:08.991 [IPC Server handler 12 on default port 15004] ERROR OMAudit - user=runner | ip=127.0.0.1 | op=GET_FILE_STATUS {volume=volume43289, bucket=bucket29045, key=testBatchDelete/parent/child4, dataSize=0, replicationConfig=null} | ret=FAILURE
org.apache.hadoop.ozone.om.exceptions.OMException: Unable to get file status: volume: volume43289 bucket: bucket29045 key: testBatchDelete/parent/child4
	at org.apache.hadoop.ozone.om.KeyManagerImpl.getOzoneFileStatus(KeyManagerImpl.java:1195) ~[ozone-manager-1.4.0-SNAPSHOT.jar:?]
	at org.apache.hadoop.ozone.om.KeyManagerImpl.getFileStatus(KeyManagerImpl.java:1113) ~[ozone-manager-1.4.0-SNAPSHOT.jar:?]
	at org.apache.hadoop.ozone.om.OmMetadataReader.getFileStatus(OmMetadataReader.java:262) ~[ozone-manager-1.4.0-SNAPSHOT.jar:?]
	at org.apache.hadoop.ozone.om.OzoneManager.getFileStatus(OzoneManager.java:3533) ~[ozone-manager-1.4.0-SNAPSHOT.jar:?]
	at org.apache.hadoop.ozone.protocolPB.OzoneManagerRequestHandler.getOzoneFileStatus(OzoneManagerRequestHandler.java:971) ~[ozone-manager-1.4.0-SNAPSHOT.jar:?]
	at org.apache.hadoop.ozone.protocolPB.OzoneManagerRequestHandler.handleReadRequest(OzoneManagerRequestHandler.java:250) ~[ozone-manager-1.4.0-SNAPSHOT.jar:?]
	at org.apache.hadoop.ozone.protocolPB.OzoneManagerProtocolServerSideTranslatorPB.submitReadRequestToOM(OzoneManagerProtocolServerSideTranslatorPB.java:225) ~[ozone-manager-1.4.0-SNAPSHOT.jar:?]
	at org.apache.hadoop.ozone.protocolPB.OzoneManagerProtocolServerSideTranslatorPB.processRequest(OzoneManagerProtocolServerSideTranslatorPB.java:179) ~[ozone-manager-1.4.0-SNAPSHOT.jar:?]
	at org.apache.hadoop.hdds.server.OzoneProtocolMessageDispatcher.processRequest(OzoneProtocolMessageDispatcher.java:87) [hdds-server-framework-1.4.0-SNAPSHOT.jar:?]
	at org.apache.hadoop.ozone.protocolPB.OzoneManagerProtocolServerSideTranslatorPB.submitRequest(OzoneManagerProtocolServerSideTranslatorPB.java:148) [ozone-manager-1.4.0-SNAPSHOT.jar:?]
	at org.apache.hadoop.ozone.protocol.proto.OzoneManagerProtocolProtos$OzoneManagerService$2.callBlockingMethod(OzoneManagerProtocolProtos.java) [ozone-interface-client-1.4.0-SNAPSHOT.jar:?]
	at org.apache.hadoop.ipc.ProtobufRpcEngine$Server.processCall(ProtobufRpcEngine.java:484) [hadoop-common-3.3.6.jar:?]
	at org.apache.hadoop.ipc.ProtobufRpcEngine2$Server$ProtoBufRpcInvoker.call(ProtobufRpcEngine2.java:595) [hadoop-common-3.3.6.jar:?]
	at org.apache.hadoop.ipc.ProtobufRpcEngine2$Server$ProtoBufRpcInvoker.call(ProtobufRpcEngine2.java:573) [hadoop-common-3.3.6.jar:?]
	at org.apache.hadoop.ipc.RPC$Server.call(RPC.java:1227) [hadoop-common-3.3.6.jar:?]
	at org.apache.hadoop.ipc.Server$RpcCall.run(Server.java:1094) [hadoop-common-3.3.6.jar:?]
	at org.apache.hadoop.ipc.Server$RpcCall.run(Server.java:1017) [hadoop-common-3.3.6.jar:?]
	at java.security.AccessController.doPrivileged(Native Method) ~[?:1.8.0_382]
	at javax.security.auth.Subject.doAs(Subject.java:422) [?:1.8.0_382]
	at org.apache.hadoop.security.UserGroupInformation.doAs(UserGroupInformation.java:1899) [hadoop-common-3.3.6.jar:?]
	at org.apache.hadoop.ipc.Server$Handler.run(Server.java:3048) [hadoop-common-3.3.6.jar:?]
02:04:08.992 [IPC Server handler 11 on default port 15004] ERROR OMAudit - user=runner | ip=127.0.0.1 | op=GET_FILE_STATUS {volume=volume43289, bucket=bucket29045, key=testBatchDelete/parent/childFolder/child4, dataSize=0, replicationConfig=null} | ret=FAILURE
org.apache.hadoop.ozone.om.exceptions.OMException: Unable to get file status: volume: volume43289 bucket: bucket29045 key: testBatchDelete/parent/childFolder/child4
	at org.apache.hadoop.ozone.om.KeyManagerImpl.getOzoneFileStatus(KeyManagerImpl.java:1195) ~[ozone-manager-1.4.0-SNAPSHOT.jar:?]
	at org.apache.hadoop.ozone.om.KeyManagerImpl.getFileStatus(KeyManagerImpl.java:1113) ~[ozone-manager-1.4.0-SNAPSHOT.jar:?]
	at org.apache.hadoop.ozone.om.OmMetadataReader.getFileStatus(OmMetadataReader.java:262) ~[ozone-manager-1.4.0-SNAPSHOT.jar:?]
	at org.apache.hadoop.ozone.om.OzoneManager.getFileStatus(OzoneManager.java:3533) ~[ozone-manager-1.4.0-SNAPSHOT.jar:?]
	at org.apache.hadoop.ozone.protocolPB.OzoneManagerRequestHandler.getOzoneFileStatus(OzoneManagerRequestHandler.java:971) ~[ozone-manager-1.4.0-SNAPSHOT.jar:?]
	at org.apache.hadoop.ozone.protocolPB.OzoneManagerRequestHandler.handleReadRequest(OzoneManagerRequestHandler.java:250) ~[ozone-manager-1.4.0-SNAPSHOT.jar:?]
	at org.apache.hadoop.ozone.protocolPB.OzoneManagerProtocolServerSideTranslatorPB.submitReadRequestToOM(OzoneManagerProtocolServerSideTranslatorPB.java:225) ~[ozone-manager-1.4.0-SNAPSHOT.jar:?]
	at org.apache.hadoop.ozone.protocolPB.OzoneManagerProtocolServerSideTranslatorPB.processRequest(OzoneManagerProtocolServerSideTranslatorPB.java:179) ~[ozone-manager-1.4.0-SNAPSHOT.jar:?]
	at org.apache.hadoop.hdds.server.OzoneProtocolMessageDispatcher.processRequest(OzoneProtocolMessageDispatcher.java:87) [hdds-server-framework-1.4.0-SNAPSHOT.jar:?]
	at org.apache.hadoop.ozone.protocolPB.OzoneManagerProtocolServerSideTranslatorPB.submitRequest(OzoneManagerProtocolServerSideTranslatorPB.java:148) [ozone-manager-1.4.0-SNAPSHOT.jar:?]
	at org.apache.hadoop.ozone.protocol.proto.OzoneManagerProtocolProtos$OzoneManagerService$2.callBlockingMethod(OzoneManagerProtocolProtos.java) [ozone-interface-client-1.4.0-SNAPSHOT.jar:?]
	at org.apache.hadoop.ipc.ProtobufRpcEngine$Server.processCall(ProtobufRpcEngine.java:484) [hadoop-common-3.3.6.jar:?]
	at org.apache.hadoop.ipc.ProtobufRpcEngine2$Server$ProtoBufRpcInvoker.call(ProtobufRpcEngine2.java:595) [hadoop-common-3.3.6.jar:?]
	at org.apache.hadoop.ipc.ProtobufRpcEngine2$Server$ProtoBufRpcInvoker.call(ProtobufRpcEngine2.java:573) [hadoop-common-3.3.6.jar:?]
	at org.apache.hadoop.ipc.RPC$Server.call(RPC.java:1227) [hadoop-common-3.3.6.jar:?]
	at org.apache.hadoop.ipc.Server$RpcCall.run(Server.java:1094) [hadoop-common-3.3.6.jar:?]
	at org.apache.hadoop.ipc.Server$RpcCall.run(Server.java:1017) [hadoop-common-3.3.6.jar:?]
	at java.security.AccessController.doPrivileged(Native Method) ~[?:1.8.0_382]
	at javax.security.auth.Subject.doAs(Subject.java:422) [?:1.8.0_382]
	at org.apache.hadoop.security.UserGroupInformation.doAs(UserGroupInformation.java:1899) [hadoop-common-3.3.6.jar:?]
	at org.apache.hadoop.ipc.Server$Handler.run(Server.java:3048) [hadoop-common-3.3.6.jar:?]
02:04:08.994 [IPC Server handler 15 on default port 15004] ERROR OMAudit - user=runner | ip=127.0.0.1 | op=GET_FILE_STATUS {volume=volume43289, bucket=bucket29045, key=testBatchDelete/parent/child5, dataSize=0, replicationConfig=null} | ret=FAILURE
org.apache.hadoop.ozone.om.exceptions.OMException: Unable to get file status: volume: volume43289 bucket: bucket29045 key: testBatchDelete/parent/child5
	at org.apache.hadoop.ozone.om.KeyManagerImpl.getOzoneFileStatus(KeyManagerImpl.java:1195) ~[ozone-manager-1.4.0-SNAPSHOT.jar:?]
	at org.apache.hadoop.ozone.om.KeyManagerImpl.getFileStatus(KeyManagerImpl.java:1113) ~[ozone-manager-1.4.0-SNAPSHOT.jar:?]
	at org.apache.hadoop.ozone.om.OmMetadataReader.getFileStatus(OmMetadataReader.java:262) ~[ozone-manager-1.4.0-SNAPSHOT.jar:?]
	at org.apache.hadoop.ozone.om.OzoneManager.getFileStatus(OzoneManager.java:3533) ~[ozone-manager-1.4.0-SNAPSHOT.jar:?]
	at org.apache.hadoop.ozone.protocolPB.OzoneManagerRequestHandler.getOzoneFileStatus(OzoneManagerRequestHandler.java:971) ~[ozone-manager-1.4.0-SNAPSHOT.jar:?]
	at org.apache.hadoop.ozone.protocolPB.OzoneManagerRequestHandler.handleReadRequest(OzoneManagerRequestHandler.java:250) ~[ozone-manager-1.4.0-SNAPSHOT.jar:?]
	at org.apache.hadoop.ozone.protocolPB.OzoneManagerProtocolServerSideTranslatorPB.submitReadRequestToOM(OzoneManagerProtocolServerSideTranslatorPB.java:225) ~[ozone-manager-1.4.0-SNAPSHOT.jar:?]
	at org.apache.hadoop.ozone.protocolPB.OzoneManagerProtocolServerSideTranslatorPB.processRequest(OzoneManagerProtocolServerSideTranslatorPB.java:179) ~[ozone-manager-1.4.0-SNAPSHOT.jar:?]
	at org.apache.hadoop.hdds.server.OzoneProtocolMessageDispatcher.processRequest(OzoneProtocolMessageDispatcher.java:87) [hdds-server-framework-1.4.0-SNAPSHOT.jar:?]
	at org.apache.hadoop.ozone.protocolPB.OzoneManagerProtocolServerSideTranslatorPB.submitRequest(OzoneManagerProtocolServerSideTranslatorPB.java:148) [ozone-manager-1.4.0-SNAPSHOT.jar:?]
	at org.apache.hadoop.ozone.protocol.proto.OzoneManagerProtocolProtos$OzoneManagerService$2.callBlockingMethod(OzoneManagerProtocolProtos.java) [ozone-interface-client-1.4.0-SNAPSHOT.jar:?]
	at org.apache.hadoop.ipc.ProtobufRpcEngine$Server.processCall(ProtobufRpcEngine.java:484) [hadoop-common-3.3.6.jar:?]
	at org.apache.hadoop.ipc.ProtobufRpcEngine2$Server$ProtoBufRpcInvoker.call(ProtobufRpcEngine2.java:595) [hadoop-common-3.3.6.jar:?]
	at org.apache.hadoop.ipc.ProtobufRpcEngine2$Server$ProtoBufRpcInvoker.call(ProtobufRpcEngine2.java:573) [hadoop-common-3.3.6.jar:?]
	at org.apache.hadoop.ipc.RPC$Server.call(RPC.java:1227) [hadoop-common-3.3.6.jar:?]
	at org.apache.hadoop.ipc.Server$RpcCall.run(Server.java:1094) [hadoop-common-3.3.6.jar:?]
	at org.apache.hadoop.ipc.Server$RpcCall.run(Server.java:1017) [hadoop-common-3.3.6.jar:?]
	at java.security.AccessController.doPrivileged(Native Method) ~[?:1.8.0_382]
	at javax.security.auth.Subject.doAs(Subject.java:422) [?:1.8.0_382]
	at org.apache.hadoop.security.UserGroupInformation.doAs(UserGroupInformation.java:1899) [hadoop-common-3.3.6.jar:?]
	at org.apache.hadoop.ipc.Server$Handler.run(Server.java:3048) [hadoop-common-3.3.6.jar:?]
02:04:08.995 [IPC Server handler 15 on default port 15004] ERROR OMAudit - user=runner | ip=127.0.0.1 | op=GET_FILE_STATUS {volume=volume43289, bucket=bucket29045, key=testBatchDelete/parent/childFolder/child5, dataSize=0, replicationConfig=null} | ret=FAILURE
org.apache.hadoop.ozone.om.exceptions.OMException: Unable to get file status: volume: volume43289 bucket: bucket29045 key: testBatchDelete/parent/childFolder/child5
	at org.apache.hadoop.ozone.om.KeyManagerImpl.getOzoneFileStatus(KeyManagerImpl.java:1195) ~[ozone-manager-1.4.0-SNAPSHOT.jar:?]
	at org.apache.hadoop.ozone.om.KeyManagerImpl.getFileStatus(KeyManagerImpl.java:1113) ~[ozone-manager-1.4.0-SNAPSHOT.jar:?]
	at org.apache.hadoop.ozone.om.OmMetadataReader.getFileStatus(OmMetadataReader.java:262) ~[ozone-manager-1.4.0-SNAPSHOT.jar:?]
	at org.apache.hadoop.ozone.om.OzoneManager.getFileStatus(OzoneManager.java:3533) ~[ozone-manager-1.4.0-SNAPSHOT.jar:?]
	at org.apache.hadoop.ozone.protocolPB.OzoneManagerRequestHandler.getOzoneFileStatus(OzoneManagerRequestHandler.java:971) ~[ozone-manager-1.4.0-SNAPSHOT.jar:?]
	at org.apache.hadoop.ozone.protocolPB.OzoneManagerRequestHandler.handleReadRequest(OzoneManagerRequestHandler.java:250) ~[ozone-manager-1.4.0-SNAPSHOT.jar:?]
	at org.apache.hadoop.ozone.protocolPB.OzoneManagerProtocolServerSideTranslatorPB.submitReadRequestToOM(OzoneManagerProtocolServerSideTranslatorPB.java:225) ~[ozone-manager-1.4.0-SNAPSHOT.jar:?]
	at org.apache.hadoop.ozone.protocolPB.OzoneManagerProtocolServerSideTranslatorPB.processRequest(OzoneManagerProtocolServerSideTranslatorPB.java:179) ~[ozone-manager-1.4.0-SNAPSHOT.jar:?]
	at org.apache.hadoop.hdds.server.OzoneProtocolMessageDispatcher.processRequest(OzoneProtocolMessageDispatcher.java:87) [hdds-server-framework-1.4.0-SNAPSHOT.jar:?]
	at org.apache.hadoop.ozone.protocolPB.OzoneManagerProtocolServerSideTranslatorPB.submitRequest(OzoneManagerProtocolServerSideTranslatorPB.java:148) [ozone-manager-1.4.0-SNAPSHOT.jar:?]
	at org.apache.hadoop.ozone.protocol.proto.OzoneManagerProtocolProtos$OzoneManagerService$2.callBlockingMethod(OzoneManagerProtocolProtos.java) [ozone-interface-client-1.4.0-SNAPSHOT.jar:?]
	at org.apache.hadoop.ipc.ProtobufRpcEngine$Server.processCall(ProtobufRpcEngine.java:484) [hadoop-common-3.3.6.jar:?]
	at org.apache.hadoop.ipc.ProtobufRpcEngine2$Server$ProtoBufRpcInvoker.call(ProtobufRpcEngine2.java:595) [hadoop-common-3.3.6.jar:?]
	at org.apache.hadoop.ipc.ProtobufRpcEngine2$Server$ProtoBufRpcInvoker.call(ProtobufRpcEngine2.java:573) [hadoop-common-3.3.6.jar:?]
	at org.apache.hadoop.ipc.RPC$Server.call(RPC.java:1227) [hadoop-common-3.3.6.jar:?]
	at org.apache.hadoop.ipc.Server$RpcCall.run(Server.java:1094) [hadoop-common-3.3.6.jar:?]
	at org.apache.hadoop.ipc.Server$RpcCall.run(Server.java:1017) [hadoop-common-3.3.6.jar:?]
	at java.security.AccessController.doPrivileged(Native Method) ~[?:1.8.0_382]
	at javax.security.auth.Subject.doAs(Subject.java:422) [?:1.8.0_382]
	at org.apache.hadoop.security.UserGroupInformation.doAs(UserGroupInformation.java:1899) [hadoop-common-3.3.6.jar:?]
	at org.apache.hadoop.ipc.Server$Handler.run(Server.java:3048) [hadoop-common-3.3.6.jar:?]
02:04:08.996 [IPC Server handler 17 on default port 15004] ERROR OMAudit - user=runner | ip=127.0.0.1 | op=GET_FILE_STATUS {volume=volume43289, bucket=bucket29045, key=testBatchDelete/parent/child6, dataSize=0, replicationConfig=null} | ret=FAILURE
org.apache.hadoop.ozone.om.exceptions.OMException: Unable to get file status: volume: volume43289 bucket: bucket29045 key: testBatchDelete/parent/child6
	at org.apache.hadoop.ozone.om.KeyManagerImpl.getOzoneFileStatus(KeyManagerImpl.java:1195) ~[ozone-manager-1.4.0-SNAPSHOT.jar:?]
	at org.apache.hadoop.ozone.om.KeyManagerImpl.getFileStatus(KeyManagerImpl.java:1113) ~[ozone-manager-1.4.0-SNAPSHOT.jar:?]
	at org.apache.hadoop.ozone.om.OmMetadataReader.getFileStatus(OmMetadataReader.java:262) ~[ozone-manager-1.4.0-SNAPSHOT.jar:?]
	at org.apache.hadoop.ozone.om.OzoneManager.getFileStatus(OzoneManager.java:3533) ~[ozone-manager-1.4.0-SNAPSHOT.jar:?]
	at org.apache.hadoop.ozone.protocolPB.OzoneManagerRequestHandler.getOzoneFileStatus(OzoneManagerRequestHandler.java:971) ~[ozone-manager-1.4.0-SNAPSHOT.jar:?]
	at org.apache.hadoop.ozone.protocolPB.OzoneManagerRequestHandler.handleReadRequest(OzoneManagerRequestHandler.java:250) ~[ozone-manager-1.4.0-SNAPSHOT.jar:?]
	at org.apache.hadoop.ozone.protocolPB.OzoneManagerProtocolServerSideTranslatorPB.submitReadRequestToOM(OzoneManagerProtocolServerSideTranslatorPB.java:225) ~[ozone-manager-1.4.0-SNAPSHOT.jar:?]
	at org.apache.hadoop.ozone.protocolPB.OzoneManagerProtocolServerSideTranslatorPB.processRequest(OzoneManagerProtocolServerSideTranslatorPB.java:179) ~[ozone-manager-1.4.0-SNAPSHOT.jar:?]
	at org.apache.hadoop.hdds.server.OzoneProtocolMessageDispatcher.processRequest(OzoneProtocolMessageDispatcher.java:87) [hdds-server-framework-1.4.0-SNAPSHOT.jar:?]
	at org.apache.hadoop.ozone.protocolPB.OzoneManagerProtocolServerSideTranslatorPB.submitRequest(OzoneManagerProtocolServerSideTranslatorPB.java:148) [ozone-manager-1.4.0-SNAPSHOT.jar:?]
	at org.apache.hadoop.ozone.protocol.proto.OzoneManagerProtocolProtos$OzoneManagerService$2.callBlockingMethod(OzoneManagerProtocolProtos.java) [ozone-interface-client-1.4.0-SNAPSHOT.jar:?]
	at org.apache.hadoop.ipc.ProtobufRpcEngine$Server.processCall(ProtobufRpcEngine.java:484) [hadoop-common-3.3.6.jar:?]
	at org.apache.hadoop.ipc.ProtobufRpcEngine2$Server$ProtoBufRpcInvoker.call(ProtobufRpcEngine2.java:595) [hadoop-common-3.3.6.jar:?]
	at org.apache.hadoop.ipc.ProtobufRpcEngine2$Server$ProtoBufRpcInvoker.call(ProtobufRpcEngine2.java:573) [hadoop-common-3.3.6.jar:?]
	at org.apache.hadoop.ipc.RPC$Server.call(RPC.java:1227) [hadoop-common-3.3.6.jar:?]
	at org.apache.hadoop.ipc.Server$RpcCall.run(Server.java:1094) [hadoop-common-3.3.6.jar:?]
	at org.apache.hadoop.ipc.Server$RpcCall.run(Server.java:1017) [hadoop-common-3.3.6.jar:?]
	at java.security.AccessController.doPrivileged(Native Method) ~[?:1.8.0_382]
	at javax.security.auth.Subject.doAs(Subject.java:422) [?:1.8.0_382]
	at org.apache.hadoop.security.UserGroupInformation.doAs(UserGroupInformation.java:1899) [hadoop-common-3.3.6.jar:?]
	at org.apache.hadoop.ipc.Server$Handler.run(Server.java:3048) [hadoop-common-3.3.6.jar:?]
02:04:08.998 [IPC Server handler 9 on default port 15004] ERROR OMAudit - user=runner | ip=127.0.0.1 | op=GET_FILE_STATUS {volume=volume43289, bucket=bucket29045, key=testBatchDelete/parent/childFolder/child6, dataSize=0, replicationConfig=null} | ret=FAILURE
org.apache.hadoop.ozone.om.exceptions.OMException: Unable to get file status: volume: volume43289 bucket: bucket29045 key: testBatchDelete/parent/childFolder/child6
	at org.apache.hadoop.ozone.om.KeyManagerImpl.getOzoneFileStatus(KeyManagerImpl.java:1195) ~[ozone-manager-1.4.0-SNAPSHOT.jar:?]
	at org.apache.hadoop.ozone.om.KeyManagerImpl.getFileStatus(KeyManagerImpl.java:1113) ~[ozone-manager-1.4.0-SNAPSHOT.jar:?]
	at org.apache.hadoop.ozone.om.OmMetadataReader.getFileStatus(OmMetadataReader.java:262) ~[ozone-manager-1.4.0-SNAPSHOT.jar:?]
	at org.apache.hadoop.ozone.om.OzoneManager.getFileStatus(OzoneManager.java:3533) ~[ozone-manager-1.4.0-SNAPSHOT.jar:?]
	at org.apache.hadoop.ozone.protocolPB.OzoneManagerRequestHandler.getOzoneFileStatus(OzoneManagerRequestHandler.java:971) ~[ozone-manager-1.4.0-SNAPSHOT.jar:?]
	at org.apache.hadoop.ozone.protocolPB.OzoneManagerRequestHandler.handleReadRequest(OzoneManagerRequestHandler.java:250) ~[ozone-manager-1.4.0-SNAPSHOT.jar:?]
	at org.apache.hadoop.ozone.protocolPB.OzoneManagerProtocolServerSideTranslatorPB.submitReadRequestToOM(OzoneManagerProtocolServerSideTranslatorPB.java:225) ~[ozone-manager-1.4.0-SNAPSHOT.jar:?]
	at org.apache.hadoop.ozone.protocolPB.OzoneManagerProtocolServerSideTranslatorPB.processRequest(OzoneManagerProtocolServerSideTranslatorPB.java:179) ~[ozone-manager-1.4.0-SNAPSHOT.jar:?]
	at org.apache.hadoop.hdds.server.OzoneProtocolMessageDispatcher.processRequest(OzoneProtocolMessageDispatcher.java:87) [hdds-server-framework-1.4.0-SNAPSHOT.jar:?]
	at org.apache.hadoop.ozone.protocolPB.OzoneManagerProtocolServerSideTranslatorPB.submitRequest(OzoneManagerProtocolServerSideTranslatorPB.java:148) [ozone-manager-1.4.0-SNAPSHOT.jar:?]
	at org.apache.hadoop.ozone.protocol.proto.OzoneManagerProtocolProtos$OzoneManagerService$2.callBlockingMethod(OzoneManagerProtocolProtos.java) [ozone-interface-client-1.4.0-SNAPSHOT.jar:?]
	at org.apache.hadoop.ipc.ProtobufRpcEngine$Server.processCall(ProtobufRpcEngine.java:484) [hadoop-common-3.3.6.jar:?]
	at org.apache.hadoop.ipc.ProtobufRpcEngine2$Server$ProtoBufRpcInvoker.call(ProtobufRpcEngine2.java:595) [hadoop-common-3.3.6.jar:?]
	at org.apache.hadoop.ipc.ProtobufRpcEngine2$Server$ProtoBufRpcInvoker.call(ProtobufRpcEngine2.java:573) [hadoop-common-3.3.6.jar:?]
	at org.apache.hadoop.ipc.RPC$Server.call(RPC.java:1227) [hadoop-common-3.3.6.jar:?]
	at org.apache.hadoop.ipc.Server$RpcCall.run(Server.java:1094) [hadoop-common-3.3.6.jar:?]
	at org.apache.hadoop.ipc.Server$RpcCall.run(Server.java:1017) [hadoop-common-3.3.6.jar:?]
	at java.security.AccessController.doPrivileged(Native Method) ~[?:1.8.0_382]
	at javax.security.auth.Subject.doAs(Subject.java:422) [?:1.8.0_382]
	at org.apache.hadoop.security.UserGroupInformation.doAs(UserGroupInformation.java:1899) [hadoop-common-3.3.6.jar:?]
	at org.apache.hadoop.ipc.Server$Handler.run(Server.java:3048) [hadoop-common-3.3.6.jar:?]
02:04:08.999 [IPC Server handler 8 on default port 15004] ERROR OMAudit - user=runner | ip=127.0.0.1 | op=GET_FILE_STATUS {volume=volume43289, bucket=bucket29045, key=testBatchDelete/parent/child7, dataSize=0, replicationConfig=null} | ret=FAILURE
org.apache.hadoop.ozone.om.exceptions.OMException: Unable to get file status: volume: volume43289 bucket: bucket29045 key: testBatchDelete/parent/child7
	at org.apache.hadoop.ozone.om.KeyManagerImpl.getOzoneFileStatus(KeyManagerImpl.java:1195) ~[ozone-manager-1.4.0-SNAPSHOT.jar:?]
	at org.apache.hadoop.ozone.om.KeyManagerImpl.getFileStatus(KeyManagerImpl.java:1113) ~[ozone-manager-1.4.0-SNAPSHOT.jar:?]
	at org.apache.hadoop.ozone.om.OmMetadataReader.getFileStatus(OmMetadataReader.java:262) ~[ozone-manager-1.4.0-SNAPSHOT.jar:?]
	at org.apache.hadoop.ozone.om.OzoneManager.getFileStatus(OzoneManager.java:3533) ~[ozone-manager-1.4.0-SNAPSHOT.jar:?]
	at org.apache.hadoop.ozone.protocolPB.OzoneManagerRequestHandler.getOzoneFileStatus(OzoneManagerRequestHandler.java:971) ~[ozone-manager-1.4.0-SNAPSHOT.jar:?]
	at org.apache.hadoop.ozone.protocolPB.OzoneManagerRequestHandler.handleReadRequest(OzoneManagerRequestHandler.java:250) ~[ozone-manager-1.4.0-SNAPSHOT.jar:?]
	at org.apache.hadoop.ozone.protocolPB.OzoneManagerProtocolServerSideTranslatorPB.submitReadRequestToOM(OzoneManagerProtocolServerSideTranslatorPB.java:225) ~[ozone-manager-1.4.0-SNAPSHOT.jar:?]
	at org.apache.hadoop.ozone.protocolPB.OzoneManagerProtocolServerSideTranslatorPB.processRequest(OzoneManagerProtocolServerSideTranslatorPB.java:179) ~[ozone-manager-1.4.0-SNAPSHOT.jar:?]
	at org.apache.hadoop.hdds.server.OzoneProtocolMessageDispatcher.processRequest(OzoneProtocolMessageDispatcher.java:87) [hdds-server-framework-1.4.0-SNAPSHOT.jar:?]
	at org.apache.hadoop.ozone.protocolPB.OzoneManagerProtocolServerSideTranslatorPB.submitRequest(OzoneManagerProtocolServerSideTranslatorPB.java:148) [ozone-manager-1.4.0-SNAPSHOT.jar:?]
	at org.apache.hadoop.ozone.protocol.proto.OzoneManagerProtocolProtos$OzoneManagerService$2.callBlockingMethod(OzoneManagerProtocolProtos.java) [ozone-interface-client-1.4.0-SNAPSHOT.jar:?]
	at org.apache.hadoop.ipc.ProtobufRpcEngine$Server.processCall(ProtobufRpcEngine.java:484) [hadoop-common-3.3.6.jar:?]
	at org.apache.hadoop.ipc.ProtobufRpcEngine2$Server$ProtoBufRpcInvoker.call(ProtobufRpcEngine2.java:595) [hadoop-common-3.3.6.jar:?]
	at org.apache.hadoop.ipc.ProtobufRpcEngine2$Server$ProtoBufRpcInvoker.call(ProtobufRpcEngine2.java:573) [hadoop-common-3.3.6.jar:?]
	at org.apache.hadoop.ipc.RPC$Server.call(RPC.java:1227) [hadoop-common-3.3.6.jar:?]
	at org.apache.hadoop.ipc.Server$RpcCall.run(Server.java:1094) [hadoop-common-3.3.6.jar:?]
	at org.apache.hadoop.ipc.Server$RpcCall.run(Server.java:1017) [hadoop-common-3.3.6.jar:?]
	at java.security.AccessController.doPrivileged(Native Method) ~[?:1.8.0_382]
	at javax.security.auth.Subject.doAs(Subject.java:422) [?:1.8.0_382]
	at org.apache.hadoop.security.UserGroupInformation.doAs(UserGroupInformation.java:1899) [hadoop-common-3.3.6.jar:?]
	at org.apache.hadoop.ipc.Server$Handler.run(Server.java:3048) [hadoop-common-3.3.6.jar:?]
02:04:09.002 [IPC Server handler 7 on default port 15004] ERROR OMAudit - user=runner | ip=127.0.0.1 | op=GET_FILE_STATUS {volume=volume43289, bucket=bucket29045, key=testBatchDelete/parent/childFolder/child7, dataSize=0, replicationConfig=null} | ret=FAILURE
org.apache.hadoop.ozone.om.exceptions.OMException: Unable to get file status: volume: volume43289 bucket: bucket29045 key: testBatchDelete/parent/childFolder/child7
	at org.apache.hadoop.ozone.om.KeyManagerImpl.getOzoneFileStatus(KeyManagerImpl.java:1195) ~[ozone-manager-1.4.0-SNAPSHOT.jar:?]
	at org.apache.hadoop.ozone.om.KeyManagerImpl.getFileStatus(KeyManagerImpl.java:1113) ~[ozone-manager-1.4.0-SNAPSHOT.jar:?]
	at org.apache.hadoop.ozone.om.OmMetadataReader.getFileStatus(OmMetadataReader.java:262) ~[ozone-manager-1.4.0-SNAPSHOT.jar:?]
	at org.apache.hadoop.ozone.om.OzoneManager.getFileStatus(OzoneManager.java:3533) ~[ozone-manager-1.4.0-SNAPSHOT.jar:?]
	at org.apache.hadoop.ozone.protocolPB.OzoneManagerRequestHandler.getOzoneFileStatus(OzoneManagerRequestHandler.java:971) ~[ozone-manager-1.4.0-SNAPSHOT.jar:?]
	at org.apache.hadoop.ozone.protocolPB.OzoneManagerRequestHandler.handleReadRequest(OzoneManagerRequestHandler.java:250) ~[ozone-manager-1.4.0-SNAPSHOT.jar:?]
	at org.apache.hadoop.ozone.protocolPB.OzoneManagerProtocolServerSideTranslatorPB.submitReadRequestToOM(OzoneManagerProtocolServerSideTranslatorPB.java:225) ~[ozone-manager-1.4.0-SNAPSHOT.jar:?]
	at org.apache.hadoop.ozone.protocolPB.OzoneManagerProtocolServerSideTranslatorPB.processRequest(OzoneManagerProtocolServerSideTranslatorPB.java:179) ~[ozone-manager-1.4.0-SNAPSHOT.jar:?]
	at org.apache.hadoop.hdds.server.OzoneProtocolMessageDispatcher.processRequest(OzoneProtocolMessageDispatcher.java:87) [hdds-server-framework-1.4.0-SNAPSHOT.jar:?]
	at org.apache.hadoop.ozone.protocolPB.OzoneManagerProtocolServerSideTranslatorPB.submitRequest(OzoneManagerProtocolServerSideTranslatorPB.java:148) [ozone-manager-1.4.0-SNAPSHOT.jar:?]
	at org.apache.hadoop.ozone.protocol.proto.OzoneManagerProtocolProtos$OzoneManagerService$2.callBlockingMethod(OzoneManagerProtocolProtos.java) [ozone-interface-client-1.4.0-SNAPSHOT.jar:?]
	at org.apache.hadoop.ipc.ProtobufRpcEngine$Server.processCall(ProtobufRpcEngine.java:484) [hadoop-common-3.3.6.jar:?]
	at org.apache.hadoop.ipc.ProtobufRpcEngine2$Server$ProtoBufRpcInvoker.call(ProtobufRpcEngine2.java:595) [hadoop-common-3.3.6.jar:?]
	at org.apache.hadoop.ipc.ProtobufRpcEngine2$Server$ProtoBufRpcInvoker.call(ProtobufRpcEngine2.java:573) [hadoop-common-3.3.6.jar:?]
	at org.apache.hadoop.ipc.RPC$Server.call(RPC.java:1227) [hadoop-common-3.3.6.jar:?]
	at org.apache.hadoop.ipc.Server$RpcCall.run(Server.java:1094) [hadoop-common-3.3.6.jar:?]
	at org.apache.hadoop.ipc.Server$RpcCall.run(Server.java:1017) [hadoop-common-3.3.6.jar:?]
	at java.security.AccessController.doPrivileged(Native Method) ~[?:1.8.0_382]
	at javax.security.auth.Subject.doAs(Subject.java:422) [?:1.8.0_382]
	at org.apache.hadoop.security.UserGroupInformation.doAs(UserGroupInformation.java:1899) [hadoop-common-3.3.6.jar:?]
	at org.apache.hadoop.ipc.Server$Handler.run(Server.java:3048) [hadoop-common-3.3.6.jar:?]
02:04:09.004 [IPC Server handler 19 on default port 15004] ERROR OMAudit - user=runner | ip=127.0.0.1 | op=GET_FILE_STATUS {volume=volume43289, bucket=bucket29045, key=testBatchDelete/parent, dataSize=0, replicationConfig=null} | ret=FAILURE
org.apache.hadoop.ozone.om.exceptions.OMException: Unable to get file status: volume: volume43289 bucket: bucket29045 key: testBatchDelete/parent
	at org.apache.hadoop.ozone.om.KeyManagerImpl.getOzoneFileStatus(KeyManagerImpl.java:1195) ~[ozone-manager-1.4.0-SNAPSHOT.jar:?]
	at org.apache.hadoop.ozone.om.KeyManagerImpl.getFileStatus(KeyManagerImpl.java:1113) ~[ozone-manager-1.4.0-SNAPSHOT.jar:?]
	at org.apache.hadoop.ozone.om.OmMetadataReader.getFileStatus(OmMetadataReader.java:262) ~[ozone-manager-1.4.0-SNAPSHOT.jar:?]
	at org.apache.hadoop.ozone.om.OzoneManager.getFileStatus(OzoneManager.java:3533) ~[ozone-manager-1.4.0-SNAPSHOT.jar:?]
	at org.apache.hadoop.ozone.protocolPB.OzoneManagerRequestHandler.getOzoneFileStatus(OzoneManagerRequestHandler.java:971) ~[ozone-manager-1.4.0-SNAPSHOT.jar:?]
	at org.apache.hadoop.ozone.protocolPB.OzoneManagerRequestHandler.handleReadRequest(OzoneManagerRequestHandler.java:250) ~[ozone-manager-1.4.0-SNAPSHOT.jar:?]
	at org.apache.hadoop.ozone.protocolPB.OzoneManagerProtocolServerSideTranslatorPB.submitReadRequestToOM(OzoneManagerProtocolServerSideTranslatorPB.java:225) ~[ozone-manager-1.4.0-SNAPSHOT.jar:?]
	at org.apache.hadoop.ozone.protocolPB.OzoneManagerProtocolServerSideTranslatorPB.processRequest(OzoneManagerProtocolServerSideTranslatorPB.java:179) ~[ozone-manager-1.4.0-SNAPSHOT.jar:?]
	at org.apache.hadoop.hdds.server.OzoneProtocolMessageDispatcher.processRequest(OzoneProtocolMessageDispatcher.java:87) [hdds-server-framework-1.4.0-SNAPSHOT.jar:?]
	at org.apache.hadoop.ozone.protocolPB.OzoneManagerProtocolServerSideTranslatorPB.submitRequest(OzoneManagerProtocolServerSideTranslatorPB.java:148) [ozone-manager-1.4.0-SNAPSHOT.jar:?]
	at org.apache.hadoop.ozone.protocol.proto.OzoneManagerProtocolProtos$OzoneManagerService$2.callBlockingMethod(OzoneManagerProtocolProtos.java) [ozone-interface-client-1.4.0-SNAPSHOT.jar:?]
	at org.apache.hadoop.ipc.ProtobufRpcEngine$Server.processCall(ProtobufRpcEngine.java:484) [hadoop-common-3.3.6.jar:?]
	at org.apache.hadoop.ipc.ProtobufRpcEngine2$Server$ProtoBufRpcInvoker.call(ProtobufRpcEngine2.java:595) [hadoop-common-3.3.6.jar:?]
	at org.apache.hadoop.ipc.ProtobufRpcEngine2$Server$ProtoBufRpcInvoker.call(ProtobufRpcEngine2.java:573) [hadoop-common-3.3.6.jar:?]
	at org.apache.hadoop.ipc.RPC$Server.call(RPC.java:1227) [hadoop-common-3.3.6.jar:?]
	at org.apache.hadoop.ipc.Server$RpcCall.run(Server.java:1094) [hadoop-common-3.3.6.jar:?]
	at org.apache.hadoop.ipc.Server$RpcCall.run(Server.java:1017) [hadoop-common-3.3.6.jar:?]
	at java.security.AccessController.doPrivileged(Native Method) ~[?:1.8.0_382]
	at javax.security.auth.Subject.doAs(Subject.java:422) [?:1.8.0_382]
	at org.apache.hadoop.security.UserGroupInformation.doAs(UserGroupInformation.java:1899) [hadoop-common-3.3.6.jar:?]
	at org.apache.hadoop.ipc.Server$Handler.run(Server.java:3048) [hadoop-common-3.3.6.jar:?]
2023-09-19 02:04:09,004 [Time-limited test] WARN  ozone.BasicOzoneFileSystem (BasicOzoneFileSystem.java:delete(607)) - delete: Path does not exist: /testBatchDelete/parent
]]></system-out>
  </testcase>
  <testcase name="testFileDelete" classname="TestOzoneFileSystem" time="0.106">
    <system-out><![CDATA[02:05:28.454 [IPC Server handler 5 on default port 15057] ERROR OMAudit - user=runner | ip=127.0.0.1 | op=GET_FILE_STATUS {volume=volume43065, bucket=bucket81401, key=testBatchDelete, dataSize=0, replicationConfig=null} | ret=FAILURE
org.apache.hadoop.ozone.om.exceptions.OMException: Unable to get file status: volume: volume43065 bucket: bucket81401 key: testBatchDelete
	at org.apache.hadoop.ozone.om.KeyManagerImpl.getOzoneFileStatus(KeyManagerImpl.java:1195) ~[ozone-manager-1.4.0-SNAPSHOT.jar:?]
	at org.apache.hadoop.ozone.om.KeyManagerImpl.getFileStatus(KeyManagerImpl.java:1113) ~[ozone-manager-1.4.0-SNAPSHOT.jar:?]
	at org.apache.hadoop.ozone.om.OmMetadataReader.getFileStatus(OmMetadataReader.java:262) ~[ozone-manager-1.4.0-SNAPSHOT.jar:?]
	at org.apache.hadoop.ozone.om.OzoneManager.getFileStatus(OzoneManager.java:3533) ~[ozone-manager-1.4.0-SNAPSHOT.jar:?]
	at org.apache.hadoop.ozone.protocolPB.OzoneManagerRequestHandler.getOzoneFileStatus(OzoneManagerRequestHandler.java:971) ~[ozone-manager-1.4.0-SNAPSHOT.jar:?]
	at org.apache.hadoop.ozone.protocolPB.OzoneManagerRequestHandler.handleReadRequest(OzoneManagerRequestHandler.java:250) ~[ozone-manager-1.4.0-SNAPSHOT.jar:?]
	at org.apache.hadoop.ozone.protocolPB.OzoneManagerProtocolServerSideTranslatorPB.submitRequestDirectlyToOM(OzoneManagerProtocolServerSideTranslatorPB.java:274) ~[ozone-manager-1.4.0-SNAPSHOT.jar:?]
	at org.apache.hadoop.ozone.protocolPB.OzoneManagerProtocolServerSideTranslatorPB.processRequest(OzoneManagerProtocolServerSideTranslatorPB.java:175) ~[ozone-manager-1.4.0-SNAPSHOT.jar:?]
	at org.apache.hadoop.hdds.server.OzoneProtocolMessageDispatcher.processRequest(OzoneProtocolMessageDispatcher.java:87) [hdds-server-framework-1.4.0-SNAPSHOT.jar:?]
	at org.apache.hadoop.ozone.protocolPB.OzoneManagerProtocolServerSideTranslatorPB.submitRequest(OzoneManagerProtocolServerSideTranslatorPB.java:148) [ozone-manager-1.4.0-SNAPSHOT.jar:?]
	at org.apache.hadoop.ozone.protocol.proto.OzoneManagerProtocolProtos$OzoneManagerService$2.callBlockingMethod(OzoneManagerProtocolProtos.java) [ozone-interface-client-1.4.0-SNAPSHOT.jar:?]
	at org.apache.hadoop.ipc.ProtobufRpcEngine$Server.processCall(ProtobufRpcEngine.java:484) [hadoop-common-3.3.6.jar:?]
	at org.apache.hadoop.ipc.ProtobufRpcEngine2$Server$ProtoBufRpcInvoker.call(ProtobufRpcEngine2.java:595) [hadoop-common-3.3.6.jar:?]
	at org.apache.hadoop.ipc.ProtobufRpcEngine2$Server$ProtoBufRpcInvoker.call(ProtobufRpcEngine2.java:573) [hadoop-common-3.3.6.jar:?]
	at org.apache.hadoop.ipc.RPC$Server.call(RPC.java:1227) [hadoop-common-3.3.6.jar:?]
	at org.apache.hadoop.ipc.Server$RpcCall.run(Server.java:1094) [hadoop-common-3.3.6.jar:?]
	at org.apache.hadoop.ipc.Server$RpcCall.run(Server.java:1017) [hadoop-common-3.3.6.jar:?]
	at java.security.AccessController.doPrivileged(Native Method) ~[?:1.8.0_382]
	at javax.security.auth.Subject.doAs(Subject.java:422) [?:1.8.0_382]
	at org.apache.hadoop.security.UserGroupInformation.doAs(UserGroupInformation.java:1899) [hadoop-common-3.3.6.jar:?]
	at org.apache.hadoop.ipc.Server$Handler.run(Server.java:3048) [hadoop-common-3.3.6.jar:?]
02:05:28.455 [IPC Server handler 6 on default port 15057] ERROR OMAudit - user=runner | ip=127.0.0.1 | op=GET_FILE_STATUS {volume=volume43065, bucket=bucket81401, key=testBatchDelete/parent/child0, dataSize=0, replicationConfig=null} | ret=FAILURE
org.apache.hadoop.ozone.om.exceptions.OMException: Unable to get file status: volume: volume43065 bucket: bucket81401 key: testBatchDelete/parent/child0
	at org.apache.hadoop.ozone.om.KeyManagerImpl.getOzoneFileStatus(KeyManagerImpl.java:1195) ~[ozone-manager-1.4.0-SNAPSHOT.jar:?]
	at org.apache.hadoop.ozone.om.KeyManagerImpl.getFileStatus(KeyManagerImpl.java:1113) ~[ozone-manager-1.4.0-SNAPSHOT.jar:?]
	at org.apache.hadoop.ozone.om.OmMetadataReader.getFileStatus(OmMetadataReader.java:262) ~[ozone-manager-1.4.0-SNAPSHOT.jar:?]
	at org.apache.hadoop.ozone.om.OzoneManager.getFileStatus(OzoneManager.java:3533) ~[ozone-manager-1.4.0-SNAPSHOT.jar:?]
	at org.apache.hadoop.ozone.protocolPB.OzoneManagerRequestHandler.getOzoneFileStatus(OzoneManagerRequestHandler.java:971) ~[ozone-manager-1.4.0-SNAPSHOT.jar:?]
	at org.apache.hadoop.ozone.protocolPB.OzoneManagerRequestHandler.handleReadRequest(OzoneManagerRequestHandler.java:250) ~[ozone-manager-1.4.0-SNAPSHOT.jar:?]
	at org.apache.hadoop.ozone.protocolPB.OzoneManagerProtocolServerSideTranslatorPB.submitRequestDirectlyToOM(OzoneManagerProtocolServerSideTranslatorPB.java:274) ~[ozone-manager-1.4.0-SNAPSHOT.jar:?]
	at org.apache.hadoop.ozone.protocolPB.OzoneManagerProtocolServerSideTranslatorPB.processRequest(OzoneManagerProtocolServerSideTranslatorPB.java:175) ~[ozone-manager-1.4.0-SNAPSHOT.jar:?]
	at org.apache.hadoop.hdds.server.OzoneProtocolMessageDispatcher.processRequest(OzoneProtocolMessageDispatcher.java:87) [hdds-server-framework-1.4.0-SNAPSHOT.jar:?]
	at org.apache.hadoop.ozone.protocolPB.OzoneManagerProtocolServerSideTranslatorPB.submitRequest(OzoneManagerProtocolServerSideTranslatorPB.java:148) [ozone-manager-1.4.0-SNAPSHOT.jar:?]
	at org.apache.hadoop.ozone.protocol.proto.OzoneManagerProtocolProtos$OzoneManagerService$2.callBlockingMethod(OzoneManagerProtocolProtos.java) [ozone-interface-client-1.4.0-SNAPSHOT.jar:?]
	at org.apache.hadoop.ipc.ProtobufRpcEngine$Server.processCall(ProtobufRpcEngine.java:484) [hadoop-common-3.3.6.jar:?]
	at org.apache.hadoop.ipc.ProtobufRpcEngine2$Server$ProtoBufRpcInvoker.call(ProtobufRpcEngine2.java:595) [hadoop-common-3.3.6.jar:?]
	at org.apache.hadoop.ipc.ProtobufRpcEngine2$Server$ProtoBufRpcInvoker.call(ProtobufRpcEngine2.java:573) [hadoop-common-3.3.6.jar:?]
	at org.apache.hadoop.ipc.RPC$Server.call(RPC.java:1227) [hadoop-common-3.3.6.jar:?]
	at org.apache.hadoop.ipc.Server$RpcCall.run(Server.java:1094) [hadoop-common-3.3.6.jar:?]
	at org.apache.hadoop.ipc.Server$RpcCall.run(Server.java:1017) [hadoop-common-3.3.6.jar:?]
	at java.security.AccessController.doPrivileged(Native Method) ~[?:1.8.0_382]
	at javax.security.auth.Subject.doAs(Subject.java:422) [?:1.8.0_382]
	at org.apache.hadoop.security.UserGroupInformation.doAs(UserGroupInformation.java:1899) [hadoop-common-3.3.6.jar:?]
	at org.apache.hadoop.ipc.Server$Handler.run(Server.java:3048) [hadoop-common-3.3.6.jar:?]
02:05:28.456 [IPC Server handler 8 on default port 15057] ERROR OMAudit - user=runner | ip=127.0.0.1 | op=GET_FILE_STATUS {volume=volume43065, bucket=bucket81401, key=testBatchDelete/parent/childFolder/child0, dataSize=0, replicationConfig=null} | ret=FAILURE
org.apache.hadoop.ozone.om.exceptions.OMException: Unable to get file status: volume: volume43065 bucket: bucket81401 key: testBatchDelete/parent/childFolder/child0
	at org.apache.hadoop.ozone.om.KeyManagerImpl.getOzoneFileStatus(KeyManagerImpl.java:1195) ~[ozone-manager-1.4.0-SNAPSHOT.jar:?]
	at org.apache.hadoop.ozone.om.KeyManagerImpl.getFileStatus(KeyManagerImpl.java:1113) ~[ozone-manager-1.4.0-SNAPSHOT.jar:?]
	at org.apache.hadoop.ozone.om.OmMetadataReader.getFileStatus(OmMetadataReader.java:262) ~[ozone-manager-1.4.0-SNAPSHOT.jar:?]
	at org.apache.hadoop.ozone.om.OzoneManager.getFileStatus(OzoneManager.java:3533) ~[ozone-manager-1.4.0-SNAPSHOT.jar:?]
	at org.apache.hadoop.ozone.protocolPB.OzoneManagerRequestHandler.getOzoneFileStatus(OzoneManagerRequestHandler.java:971) ~[ozone-manager-1.4.0-SNAPSHOT.jar:?]
	at org.apache.hadoop.ozone.protocolPB.OzoneManagerRequestHandler.handleReadRequest(OzoneManagerRequestHandler.java:250) ~[ozone-manager-1.4.0-SNAPSHOT.jar:?]
	at org.apache.hadoop.ozone.protocolPB.OzoneManagerProtocolServerSideTranslatorPB.submitRequestDirectlyToOM(OzoneManagerProtocolServerSideTranslatorPB.java:274) ~[ozone-manager-1.4.0-SNAPSHOT.jar:?]
	at org.apache.hadoop.ozone.protocolPB.OzoneManagerProtocolServerSideTranslatorPB.processRequest(OzoneManagerProtocolServerSideTranslatorPB.java:175) ~[ozone-manager-1.4.0-SNAPSHOT.jar:?]
	at org.apache.hadoop.hdds.server.OzoneProtocolMessageDispatcher.processRequest(OzoneProtocolMessageDispatcher.java:87) [hdds-server-framework-1.4.0-SNAPSHOT.jar:?]
	at org.apache.hadoop.ozone.protocolPB.OzoneManagerProtocolServerSideTranslatorPB.submitRequest(OzoneManagerProtocolServerSideTranslatorPB.java:148) [ozone-manager-1.4.0-SNAPSHOT.jar:?]
	at org.apache.hadoop.ozone.protocol.proto.OzoneManagerProtocolProtos$OzoneManagerService$2.callBlockingMethod(OzoneManagerProtocolProtos.java) [ozone-interface-client-1.4.0-SNAPSHOT.jar:?]
	at org.apache.hadoop.ipc.ProtobufRpcEngine$Server.processCall(ProtobufRpcEngine.java:484) [hadoop-common-3.3.6.jar:?]
	at org.apache.hadoop.ipc.ProtobufRpcEngine2$Server$ProtoBufRpcInvoker.call(ProtobufRpcEngine2.java:595) [hadoop-common-3.3.6.jar:?]
	at org.apache.hadoop.ipc.ProtobufRpcEngine2$Server$ProtoBufRpcInvoker.call(ProtobufRpcEngine2.java:573) [hadoop-common-3.3.6.jar:?]
	at org.apache.hadoop.ipc.RPC$Server.call(RPC.java:1227) [hadoop-common-3.3.6.jar:?]
	at org.apache.hadoop.ipc.Server$RpcCall.run(Server.java:1094) [hadoop-common-3.3.6.jar:?]
	at org.apache.hadoop.ipc.Server$RpcCall.run(Server.java:1017) [hadoop-common-3.3.6.jar:?]
	at java.security.AccessController.doPrivileged(Native Method) ~[?:1.8.0_382]
	at javax.security.auth.Subject.doAs(Subject.java:422) [?:1.8.0_382]
	at org.apache.hadoop.security.UserGroupInformation.doAs(UserGroupInformation.java:1899) [hadoop-common-3.3.6.jar:?]
	at org.apache.hadoop.ipc.Server$Handler.run(Server.java:3048) [hadoop-common-3.3.6.jar:?]
02:05:28.457 [IPC Server handler 7 on default port 15057] ERROR OMAudit - user=runner | ip=127.0.0.1 | op=GET_FILE_STATUS {volume=volume43065, bucket=bucket81401, key=testBatchDelete/parent/child1, dataSize=0, replicationConfig=null} | ret=FAILURE
org.apache.hadoop.ozone.om.exceptions.OMException: Unable to get file status: volume: volume43065 bucket: bucket81401 key: testBatchDelete/parent/child1
	at org.apache.hadoop.ozone.om.KeyManagerImpl.getOzoneFileStatus(KeyManagerImpl.java:1195) ~[ozone-manager-1.4.0-SNAPSHOT.jar:?]
	at org.apache.hadoop.ozone.om.KeyManagerImpl.getFileStatus(KeyManagerImpl.java:1113) ~[ozone-manager-1.4.0-SNAPSHOT.jar:?]
	at org.apache.hadoop.ozone.om.OmMetadataReader.getFileStatus(OmMetadataReader.java:262) ~[ozone-manager-1.4.0-SNAPSHOT.jar:?]
	at org.apache.hadoop.ozone.om.OzoneManager.getFileStatus(OzoneManager.java:3533) ~[ozone-manager-1.4.0-SNAPSHOT.jar:?]
	at org.apache.hadoop.ozone.protocolPB.OzoneManagerRequestHandler.getOzoneFileStatus(OzoneManagerRequestHandler.java:971) ~[ozone-manager-1.4.0-SNAPSHOT.jar:?]
	at org.apache.hadoop.ozone.protocolPB.OzoneManagerRequestHandler.handleReadRequest(OzoneManagerRequestHandler.java:250) ~[ozone-manager-1.4.0-SNAPSHOT.jar:?]
	at org.apache.hadoop.ozone.protocolPB.OzoneManagerProtocolServerSideTranslatorPB.submitRequestDirectlyToOM(OzoneManagerProtocolServerSideTranslatorPB.java:274) ~[ozone-manager-1.4.0-SNAPSHOT.jar:?]
	at org.apache.hadoop.ozone.protocolPB.OzoneManagerProtocolServerSideTranslatorPB.processRequest(OzoneManagerProtocolServerSideTranslatorPB.java:175) ~[ozone-manager-1.4.0-SNAPSHOT.jar:?]
	at org.apache.hadoop.hdds.server.OzoneProtocolMessageDispatcher.processRequest(OzoneProtocolMessageDispatcher.java:87) [hdds-server-framework-1.4.0-SNAPSHOT.jar:?]
	at org.apache.hadoop.ozone.protocolPB.OzoneManagerProtocolServerSideTranslatorPB.submitRequest(OzoneManagerProtocolServerSideTranslatorPB.java:148) [ozone-manager-1.4.0-SNAPSHOT.jar:?]
	at org.apache.hadoop.ozone.protocol.proto.OzoneManagerProtocolProtos$OzoneManagerService$2.callBlockingMethod(OzoneManagerProtocolProtos.java) [ozone-interface-client-1.4.0-SNAPSHOT.jar:?]
	at org.apache.hadoop.ipc.ProtobufRpcEngine$Server.processCall(ProtobufRpcEngine.java:484) [hadoop-common-3.3.6.jar:?]
	at org.apache.hadoop.ipc.ProtobufRpcEngine2$Server$ProtoBufRpcInvoker.call(ProtobufRpcEngine2.java:595) [hadoop-common-3.3.6.jar:?]
	at org.apache.hadoop.ipc.ProtobufRpcEngine2$Server$ProtoBufRpcInvoker.call(ProtobufRpcEngine2.java:573) [hadoop-common-3.3.6.jar:?]
	at org.apache.hadoop.ipc.RPC$Server.call(RPC.java:1227) [hadoop-common-3.3.6.jar:?]
	at org.apache.hadoop.ipc.Server$RpcCall.run(Server.java:1094) [hadoop-common-3.3.6.jar:?]
	at org.apache.hadoop.ipc.Server$RpcCall.run(Server.java:1017) [hadoop-common-3.3.6.jar:?]
	at java.security.AccessController.doPrivileged(Native Method) ~[?:1.8.0_382]
	at javax.security.auth.Subject.doAs(Subject.java:422) [?:1.8.0_382]
	at org.apache.hadoop.security.UserGroupInformation.doAs(UserGroupInformation.java:1899) [hadoop-common-3.3.6.jar:?]
	at org.apache.hadoop.ipc.Server$Handler.run(Server.java:3048) [hadoop-common-3.3.6.jar:?]
02:05:28.458 [IPC Server handler 9 on default port 15057] ERROR OMAudit - user=runner | ip=127.0.0.1 | op=GET_FILE_STATUS {volume=volume43065, bucket=bucket81401, key=testBatchDelete/parent/childFolder/child1, dataSize=0, replicationConfig=null} | ret=FAILURE
org.apache.hadoop.ozone.om.exceptions.OMException: Unable to get file status: volume: volume43065 bucket: bucket81401 key: testBatchDelete/parent/childFolder/child1
	at org.apache.hadoop.ozone.om.KeyManagerImpl.getOzoneFileStatus(KeyManagerImpl.java:1195) ~[ozone-manager-1.4.0-SNAPSHOT.jar:?]
	at org.apache.hadoop.ozone.om.KeyManagerImpl.getFileStatus(KeyManagerImpl.java:1113) ~[ozone-manager-1.4.0-SNAPSHOT.jar:?]
	at org.apache.hadoop.ozone.om.OmMetadataReader.getFileStatus(OmMetadataReader.java:262) ~[ozone-manager-1.4.0-SNAPSHOT.jar:?]
	at org.apache.hadoop.ozone.om.OzoneManager.getFileStatus(OzoneManager.java:3533) ~[ozone-manager-1.4.0-SNAPSHOT.jar:?]
	at org.apache.hadoop.ozone.protocolPB.OzoneManagerRequestHandler.getOzoneFileStatus(OzoneManagerRequestHandler.java:971) ~[ozone-manager-1.4.0-SNAPSHOT.jar:?]
	at org.apache.hadoop.ozone.protocolPB.OzoneManagerRequestHandler.handleReadRequest(OzoneManagerRequestHandler.java:250) ~[ozone-manager-1.4.0-SNAPSHOT.jar:?]
	at org.apache.hadoop.ozone.protocolPB.OzoneManagerProtocolServerSideTranslatorPB.submitRequestDirectlyToOM(OzoneManagerProtocolServerSideTranslatorPB.java:274) ~[ozone-manager-1.4.0-SNAPSHOT.jar:?]
	at org.apache.hadoop.ozone.protocolPB.OzoneManagerProtocolServerSideTranslatorPB.processRequest(OzoneManagerProtocolServerSideTranslatorPB.java:175) ~[ozone-manager-1.4.0-SNAPSHOT.jar:?]
	at org.apache.hadoop.hdds.server.OzoneProtocolMessageDispatcher.processRequest(OzoneProtocolMessageDispatcher.java:87) [hdds-server-framework-1.4.0-SNAPSHOT.jar:?]
	at org.apache.hadoop.ozone.protocolPB.OzoneManagerProtocolServerSideTranslatorPB.submitRequest(OzoneManagerProtocolServerSideTranslatorPB.java:148) [ozone-manager-1.4.0-SNAPSHOT.jar:?]
	at org.apache.hadoop.ozone.protocol.proto.OzoneManagerProtocolProtos$OzoneManagerService$2.callBlockingMethod(OzoneManagerProtocolProtos.java) [ozone-interface-client-1.4.0-SNAPSHOT.jar:?]
	at org.apache.hadoop.ipc.ProtobufRpcEngine$Server.processCall(ProtobufRpcEngine.java:484) [hadoop-common-3.3.6.jar:?]
	at org.apache.hadoop.ipc.ProtobufRpcEngine2$Server$ProtoBufRpcInvoker.call(ProtobufRpcEngine2.java:595) [hadoop-common-3.3.6.jar:?]
	at org.apache.hadoop.ipc.ProtobufRpcEngine2$Server$ProtoBufRpcInvoker.call(ProtobufRpcEngine2.java:573) [hadoop-common-3.3.6.jar:?]
	at org.apache.hadoop.ipc.RPC$Server.call(RPC.java:1227) [hadoop-common-3.3.6.jar:?]
	at org.apache.hadoop.ipc.Server$RpcCall.run(Server.java:1094) [hadoop-common-3.3.6.jar:?]
	at org.apache.hadoop.ipc.Server$RpcCall.run(Server.java:1017) [hadoop-common-3.3.6.jar:?]
	at java.security.AccessController.doPrivileged(Native Method) ~[?:1.8.0_382]
	at javax.security.auth.Subject.doAs(Subject.java:422) [?:1.8.0_382]
	at org.apache.hadoop.security.UserGroupInformation.doAs(UserGroupInformation.java:1899) [hadoop-common-3.3.6.jar:?]
	at org.apache.hadoop.ipc.Server$Handler.run(Server.java:3048) [hadoop-common-3.3.6.jar:?]
02:05:28.459 [IPC Server handler 10 on default port 15057] ERROR OMAudit - user=runner | ip=127.0.0.1 | op=GET_FILE_STATUS {volume=volume43065, bucket=bucket81401, key=testBatchDelete/parent/child2, dataSize=0, replicationConfig=null} | ret=FAILURE
org.apache.hadoop.ozone.om.exceptions.OMException: Unable to get file status: volume: volume43065 bucket: bucket81401 key: testBatchDelete/parent/child2
	at org.apache.hadoop.ozone.om.KeyManagerImpl.getOzoneFileStatus(KeyManagerImpl.java:1195) ~[ozone-manager-1.4.0-SNAPSHOT.jar:?]
	at org.apache.hadoop.ozone.om.KeyManagerImpl.getFileStatus(KeyManagerImpl.java:1113) ~[ozone-manager-1.4.0-SNAPSHOT.jar:?]
	at org.apache.hadoop.ozone.om.OmMetadataReader.getFileStatus(OmMetadataReader.java:262) ~[ozone-manager-1.4.0-SNAPSHOT.jar:?]
	at org.apache.hadoop.ozone.om.OzoneManager.getFileStatus(OzoneManager.java:3533) ~[ozone-manager-1.4.0-SNAPSHOT.jar:?]
	at org.apache.hadoop.ozone.protocolPB.OzoneManagerRequestHandler.getOzoneFileStatus(OzoneManagerRequestHandler.java:971) ~[ozone-manager-1.4.0-SNAPSHOT.jar:?]
	at org.apache.hadoop.ozone.protocolPB.OzoneManagerRequestHandler.handleReadRequest(OzoneManagerRequestHandler.java:250) ~[ozone-manager-1.4.0-SNAPSHOT.jar:?]
	at org.apache.hadoop.ozone.protocolPB.OzoneManagerProtocolServerSideTranslatorPB.submitRequestDirectlyToOM(OzoneManagerProtocolServerSideTranslatorPB.java:274) ~[ozone-manager-1.4.0-SNAPSHOT.jar:?]
	at org.apache.hadoop.ozone.protocolPB.OzoneManagerProtocolServerSideTranslatorPB.processRequest(OzoneManagerProtocolServerSideTranslatorPB.java:175) ~[ozone-manager-1.4.0-SNAPSHOT.jar:?]
	at org.apache.hadoop.hdds.server.OzoneProtocolMessageDispatcher.processRequest(OzoneProtocolMessageDispatcher.java:87) [hdds-server-framework-1.4.0-SNAPSHOT.jar:?]
	at org.apache.hadoop.ozone.protocolPB.OzoneManagerProtocolServerSideTranslatorPB.submitRequest(OzoneManagerProtocolServerSideTranslatorPB.java:148) [ozone-manager-1.4.0-SNAPSHOT.jar:?]
	at org.apache.hadoop.ozone.protocol.proto.OzoneManagerProtocolProtos$OzoneManagerService$2.callBlockingMethod(OzoneManagerProtocolProtos.java) [ozone-interface-client-1.4.0-SNAPSHOT.jar:?]
	at org.apache.hadoop.ipc.ProtobufRpcEngine$Server.processCall(ProtobufRpcEngine.java:484) [hadoop-common-3.3.6.jar:?]
	at org.apache.hadoop.ipc.ProtobufRpcEngine2$Server$ProtoBufRpcInvoker.call(ProtobufRpcEngine2.java:595) [hadoop-common-3.3.6.jar:?]
	at org.apache.hadoop.ipc.ProtobufRpcEngine2$Server$ProtoBufRpcInvoker.call(ProtobufRpcEngine2.java:573) [hadoop-common-3.3.6.jar:?]
	at org.apache.hadoop.ipc.RPC$Server.call(RPC.java:1227) [hadoop-common-3.3.6.jar:?]
	at org.apache.hadoop.ipc.Server$RpcCall.run(Server.java:1094) [hadoop-common-3.3.6.jar:?]
	at org.apache.hadoop.ipc.Server$RpcCall.run(Server.java:1017) [hadoop-common-3.3.6.jar:?]
	at java.security.AccessController.doPrivileged(Native Method) ~[?:1.8.0_382]
	at javax.security.auth.Subject.doAs(Subject.java:422) [?:1.8.0_382]
	at org.apache.hadoop.security.UserGroupInformation.doAs(UserGroupInformation.java:1899) [hadoop-common-3.3.6.jar:?]
	at org.apache.hadoop.ipc.Server$Handler.run(Server.java:3048) [hadoop-common-3.3.6.jar:?]
02:05:28.460 [IPC Server handler 11 on default port 15057] ERROR OMAudit - user=runner | ip=127.0.0.1 | op=GET_FILE_STATUS {volume=volume43065, bucket=bucket81401, key=testBatchDelete/parent/childFolder/child2, dataSize=0, replicationConfig=null} | ret=FAILURE
org.apache.hadoop.ozone.om.exceptions.OMException: Unable to get file status: volume: volume43065 bucket: bucket81401 key: testBatchDelete/parent/childFolder/child2
	at org.apache.hadoop.ozone.om.KeyManagerImpl.getOzoneFileStatus(KeyManagerImpl.java:1195) ~[ozone-manager-1.4.0-SNAPSHOT.jar:?]
	at org.apache.hadoop.ozone.om.KeyManagerImpl.getFileStatus(KeyManagerImpl.java:1113) ~[ozone-manager-1.4.0-SNAPSHOT.jar:?]
	at org.apache.hadoop.ozone.om.OmMetadataReader.getFileStatus(OmMetadataReader.java:262) ~[ozone-manager-1.4.0-SNAPSHOT.jar:?]
	at org.apache.hadoop.ozone.om.OzoneManager.getFileStatus(OzoneManager.java:3533) ~[ozone-manager-1.4.0-SNAPSHOT.jar:?]
	at org.apache.hadoop.ozone.protocolPB.OzoneManagerRequestHandler.getOzoneFileStatus(OzoneManagerRequestHandler.java:971) ~[ozone-manager-1.4.0-SNAPSHOT.jar:?]
	at org.apache.hadoop.ozone.protocolPB.OzoneManagerRequestHandler.handleReadRequest(OzoneManagerRequestHandler.java:250) ~[ozone-manager-1.4.0-SNAPSHOT.jar:?]
	at org.apache.hadoop.ozone.protocolPB.OzoneManagerProtocolServerSideTranslatorPB.submitRequestDirectlyToOM(OzoneManagerProtocolServerSideTranslatorPB.java:274) ~[ozone-manager-1.4.0-SNAPSHOT.jar:?]
	at org.apache.hadoop.ozone.protocolPB.OzoneManagerProtocolServerSideTranslatorPB.processRequest(OzoneManagerProtocolServerSideTranslatorPB.java:175) ~[ozone-manager-1.4.0-SNAPSHOT.jar:?]
	at org.apache.hadoop.hdds.server.OzoneProtocolMessageDispatcher.processRequest(OzoneProtocolMessageDispatcher.java:87) [hdds-server-framework-1.4.0-SNAPSHOT.jar:?]
	at org.apache.hadoop.ozone.protocolPB.OzoneManagerProtocolServerSideTranslatorPB.submitRequest(OzoneManagerProtocolServerSideTranslatorPB.java:148) [ozone-manager-1.4.0-SNAPSHOT.jar:?]
	at org.apache.hadoop.ozone.protocol.proto.OzoneManagerProtocolProtos$OzoneManagerService$2.callBlockingMethod(OzoneManagerProtocolProtos.java) [ozone-interface-client-1.4.0-SNAPSHOT.jar:?]
	at org.apache.hadoop.ipc.ProtobufRpcEngine$Server.processCall(ProtobufRpcEngine.java:484) [hadoop-common-3.3.6.jar:?]
	at org.apache.hadoop.ipc.ProtobufRpcEngine2$Server$ProtoBufRpcInvoker.call(ProtobufRpcEngine2.java:595) [hadoop-common-3.3.6.jar:?]
	at org.apache.hadoop.ipc.ProtobufRpcEngine2$Server$ProtoBufRpcInvoker.call(ProtobufRpcEngine2.java:573) [hadoop-common-3.3.6.jar:?]
	at org.apache.hadoop.ipc.RPC$Server.call(RPC.java:1227) [hadoop-common-3.3.6.jar:?]
	at org.apache.hadoop.ipc.Server$RpcCall.run(Server.java:1094) [hadoop-common-3.3.6.jar:?]
	at org.apache.hadoop.ipc.Server$RpcCall.run(Server.java:1017) [hadoop-common-3.3.6.jar:?]
	at java.security.AccessController.doPrivileged(Native Method) ~[?:1.8.0_382]
	at javax.security.auth.Subject.doAs(Subject.java:422) [?:1.8.0_382]
	at org.apache.hadoop.security.UserGroupInformation.doAs(UserGroupInformation.java:1899) [hadoop-common-3.3.6.jar:?]
	at org.apache.hadoop.ipc.Server$Handler.run(Server.java:3048) [hadoop-common-3.3.6.jar:?]
02:05:28.461 [IPC Server handler 12 on default port 15057] ERROR OMAudit - user=runner | ip=127.0.0.1 | op=GET_FILE_STATUS {volume=volume43065, bucket=bucket81401, key=testBatchDelete/parent/child3, dataSize=0, replicationConfig=null} | ret=FAILURE
org.apache.hadoop.ozone.om.exceptions.OMException: Unable to get file status: volume: volume43065 bucket: bucket81401 key: testBatchDelete/parent/child3
	at org.apache.hadoop.ozone.om.KeyManagerImpl.getOzoneFileStatus(KeyManagerImpl.java:1195) ~[ozone-manager-1.4.0-SNAPSHOT.jar:?]
	at org.apache.hadoop.ozone.om.KeyManagerImpl.getFileStatus(KeyManagerImpl.java:1113) ~[ozone-manager-1.4.0-SNAPSHOT.jar:?]
	at org.apache.hadoop.ozone.om.OmMetadataReader.getFileStatus(OmMetadataReader.java:262) ~[ozone-manager-1.4.0-SNAPSHOT.jar:?]
	at org.apache.hadoop.ozone.om.OzoneManager.getFileStatus(OzoneManager.java:3533) ~[ozone-manager-1.4.0-SNAPSHOT.jar:?]
	at org.apache.hadoop.ozone.protocolPB.OzoneManagerRequestHandler.getOzoneFileStatus(OzoneManagerRequestHandler.java:971) ~[ozone-manager-1.4.0-SNAPSHOT.jar:?]
	at org.apache.hadoop.ozone.protocolPB.OzoneManagerRequestHandler.handleReadRequest(OzoneManagerRequestHandler.java:250) ~[ozone-manager-1.4.0-SNAPSHOT.jar:?]
	at org.apache.hadoop.ozone.protocolPB.OzoneManagerProtocolServerSideTranslatorPB.submitRequestDirectlyToOM(OzoneManagerProtocolServerSideTranslatorPB.java:274) ~[ozone-manager-1.4.0-SNAPSHOT.jar:?]
	at org.apache.hadoop.ozone.protocolPB.OzoneManagerProtocolServerSideTranslatorPB.processRequest(OzoneManagerProtocolServerSideTranslatorPB.java:175) ~[ozone-manager-1.4.0-SNAPSHOT.jar:?]
	at org.apache.hadoop.hdds.server.OzoneProtocolMessageDispatcher.processRequest(OzoneProtocolMessageDispatcher.java:87) [hdds-server-framework-1.4.0-SNAPSHOT.jar:?]
	at org.apache.hadoop.ozone.protocolPB.OzoneManagerProtocolServerSideTranslatorPB.submitRequest(OzoneManagerProtocolServerSideTranslatorPB.java:148) [ozone-manager-1.4.0-SNAPSHOT.jar:?]
	at org.apache.hadoop.ozone.protocol.proto.OzoneManagerProtocolProtos$OzoneManagerService$2.callBlockingMethod(OzoneManagerProtocolProtos.java) [ozone-interface-client-1.4.0-SNAPSHOT.jar:?]
	at org.apache.hadoop.ipc.ProtobufRpcEngine$Server.processCall(ProtobufRpcEngine.java:484) [hadoop-common-3.3.6.jar:?]
	at org.apache.hadoop.ipc.ProtobufRpcEngine2$Server$ProtoBufRpcInvoker.call(ProtobufRpcEngine2.java:595) [hadoop-common-3.3.6.jar:?]
	at org.apache.hadoop.ipc.ProtobufRpcEngine2$Server$ProtoBufRpcInvoker.call(ProtobufRpcEngine2.java:573) [hadoop-common-3.3.6.jar:?]
	at org.apache.hadoop.ipc.RPC$Server.call(RPC.java:1227) [hadoop-common-3.3.6.jar:?]
	at org.apache.hadoop.ipc.Server$RpcCall.run(Server.java:1094) [hadoop-common-3.3.6.jar:?]
	at org.apache.hadoop.ipc.Server$RpcCall.run(Server.java:1017) [hadoop-common-3.3.6.jar:?]
	at java.security.AccessController.doPrivileged(Native Method) ~[?:1.8.0_382]
	at javax.security.auth.Subject.doAs(Subject.java:422) [?:1.8.0_382]
	at org.apache.hadoop.security.UserGroupInformation.doAs(UserGroupInformation.java:1899) [hadoop-common-3.3.6.jar:?]
	at org.apache.hadoop.ipc.Server$Handler.run(Server.java:3048) [hadoop-common-3.3.6.jar:?]
02:05:28.462 [IPC Server handler 13 on default port 15057] ERROR OMAudit - user=runner | ip=127.0.0.1 | op=GET_FILE_STATUS {volume=volume43065, bucket=bucket81401, key=testBatchDelete/parent/childFolder/child3, dataSize=0, replicationConfig=null} | ret=FAILURE
org.apache.hadoop.ozone.om.exceptions.OMException: Unable to get file status: volume: volume43065 bucket: bucket81401 key: testBatchDelete/parent/childFolder/child3
	at org.apache.hadoop.ozone.om.KeyManagerImpl.getOzoneFileStatus(KeyManagerImpl.java:1195) ~[ozone-manager-1.4.0-SNAPSHOT.jar:?]
	at org.apache.hadoop.ozone.om.KeyManagerImpl.getFileStatus(KeyManagerImpl.java:1113) ~[ozone-manager-1.4.0-SNAPSHOT.jar:?]
	at org.apache.hadoop.ozone.om.OmMetadataReader.getFileStatus(OmMetadataReader.java:262) ~[ozone-manager-1.4.0-SNAPSHOT.jar:?]
	at org.apache.hadoop.ozone.om.OzoneManager.getFileStatus(OzoneManager.java:3533) ~[ozone-manager-1.4.0-SNAPSHOT.jar:?]
	at org.apache.hadoop.ozone.protocolPB.OzoneManagerRequestHandler.getOzoneFileStatus(OzoneManagerRequestHandler.java:971) ~[ozone-manager-1.4.0-SNAPSHOT.jar:?]
	at org.apache.hadoop.ozone.protocolPB.OzoneManagerRequestHandler.handleReadRequest(OzoneManagerRequestHandler.java:250) ~[ozone-manager-1.4.0-SNAPSHOT.jar:?]
	at org.apache.hadoop.ozone.protocolPB.OzoneManagerProtocolServerSideTranslatorPB.submitRequestDirectlyToOM(OzoneManagerProtocolServerSideTranslatorPB.java:274) ~[ozone-manager-1.4.0-SNAPSHOT.jar:?]
	at org.apache.hadoop.ozone.protocolPB.OzoneManagerProtocolServerSideTranslatorPB.processRequest(OzoneManagerProtocolServerSideTranslatorPB.java:175) ~[ozone-manager-1.4.0-SNAPSHOT.jar:?]
	at org.apache.hadoop.hdds.server.OzoneProtocolMessageDispatcher.processRequest(OzoneProtocolMessageDispatcher.java:87) [hdds-server-framework-1.4.0-SNAPSHOT.jar:?]
	at org.apache.hadoop.ozone.protocolPB.OzoneManagerProtocolServerSideTranslatorPB.submitRequest(OzoneManagerProtocolServerSideTranslatorPB.java:148) [ozone-manager-1.4.0-SNAPSHOT.jar:?]
	at org.apache.hadoop.ozone.protocol.proto.OzoneManagerProtocolProtos$OzoneManagerService$2.callBlockingMethod(OzoneManagerProtocolProtos.java) [ozone-interface-client-1.4.0-SNAPSHOT.jar:?]
	at org.apache.hadoop.ipc.ProtobufRpcEngine$Server.processCall(ProtobufRpcEngine.java:484) [hadoop-common-3.3.6.jar:?]
	at org.apache.hadoop.ipc.ProtobufRpcEngine2$Server$ProtoBufRpcInvoker.call(ProtobufRpcEngine2.java:595) [hadoop-common-3.3.6.jar:?]
	at org.apache.hadoop.ipc.ProtobufRpcEngine2$Server$ProtoBufRpcInvoker.call(ProtobufRpcEngine2.java:573) [hadoop-common-3.3.6.jar:?]
	at org.apache.hadoop.ipc.RPC$Server.call(RPC.java:1227) [hadoop-common-3.3.6.jar:?]
	at org.apache.hadoop.ipc.Server$RpcCall.run(Server.java:1094) [hadoop-common-3.3.6.jar:?]
	at org.apache.hadoop.ipc.Server$RpcCall.run(Server.java:1017) [hadoop-common-3.3.6.jar:?]
	at java.security.AccessController.doPrivileged(Native Method) ~[?:1.8.0_382]
	at javax.security.auth.Subject.doAs(Subject.java:422) [?:1.8.0_382]
	at org.apache.hadoop.security.UserGroupInformation.doAs(UserGroupInformation.java:1899) [hadoop-common-3.3.6.jar:?]
	at org.apache.hadoop.ipc.Server$Handler.run(Server.java:3048) [hadoop-common-3.3.6.jar:?]
02:05:28.463 [IPC Server handler 14 on default port 15057] ERROR OMAudit - user=runner | ip=127.0.0.1 | op=GET_FILE_STATUS {volume=volume43065, bucket=bucket81401, key=testBatchDelete/parent/child4, dataSize=0, replicationConfig=null} | ret=FAILURE
org.apache.hadoop.ozone.om.exceptions.OMException: Unable to get file status: volume: volume43065 bucket: bucket81401 key: testBatchDelete/parent/child4
	at org.apache.hadoop.ozone.om.KeyManagerImpl.getOzoneFileStatus(KeyManagerImpl.java:1195) ~[ozone-manager-1.4.0-SNAPSHOT.jar:?]
	at org.apache.hadoop.ozone.om.KeyManagerImpl.getFileStatus(KeyManagerImpl.java:1113) ~[ozone-manager-1.4.0-SNAPSHOT.jar:?]
	at org.apache.hadoop.ozone.om.OmMetadataReader.getFileStatus(OmMetadataReader.java:262) ~[ozone-manager-1.4.0-SNAPSHOT.jar:?]
	at org.apache.hadoop.ozone.om.OzoneManager.getFileStatus(OzoneManager.java:3533) ~[ozone-manager-1.4.0-SNAPSHOT.jar:?]
	at org.apache.hadoop.ozone.protocolPB.OzoneManagerRequestHandler.getOzoneFileStatus(OzoneManagerRequestHandler.java:971) ~[ozone-manager-1.4.0-SNAPSHOT.jar:?]
	at org.apache.hadoop.ozone.protocolPB.OzoneManagerRequestHandler.handleReadRequest(OzoneManagerRequestHandler.java:250) ~[ozone-manager-1.4.0-SNAPSHOT.jar:?]
	at org.apache.hadoop.ozone.protocolPB.OzoneManagerProtocolServerSideTranslatorPB.submitRequestDirectlyToOM(OzoneManagerProtocolServerSideTranslatorPB.java:274) ~[ozone-manager-1.4.0-SNAPSHOT.jar:?]
	at org.apache.hadoop.ozone.protocolPB.OzoneManagerProtocolServerSideTranslatorPB.processRequest(OzoneManagerProtocolServerSideTranslatorPB.java:175) ~[ozone-manager-1.4.0-SNAPSHOT.jar:?]
	at org.apache.hadoop.hdds.server.OzoneProtocolMessageDispatcher.processRequest(OzoneProtocolMessageDispatcher.java:87) [hdds-server-framework-1.4.0-SNAPSHOT.jar:?]
	at org.apache.hadoop.ozone.protocolPB.OzoneManagerProtocolServerSideTranslatorPB.submitRequest(OzoneManagerProtocolServerSideTranslatorPB.java:148) [ozone-manager-1.4.0-SNAPSHOT.jar:?]
	at org.apache.hadoop.ozone.protocol.proto.OzoneManagerProtocolProtos$OzoneManagerService$2.callBlockingMethod(OzoneManagerProtocolProtos.java) [ozone-interface-client-1.4.0-SNAPSHOT.jar:?]
	at org.apache.hadoop.ipc.ProtobufRpcEngine$Server.processCall(ProtobufRpcEngine.java:484) [hadoop-common-3.3.6.jar:?]
	at org.apache.hadoop.ipc.ProtobufRpcEngine2$Server$ProtoBufRpcInvoker.call(ProtobufRpcEngine2.java:595) [hadoop-common-3.3.6.jar:?]
	at org.apache.hadoop.ipc.ProtobufRpcEngine2$Server$ProtoBufRpcInvoker.call(ProtobufRpcEngine2.java:573) [hadoop-common-3.3.6.jar:?]
	at org.apache.hadoop.ipc.RPC$Server.call(RPC.java:1227) [hadoop-common-3.3.6.jar:?]
	at org.apache.hadoop.ipc.Server$RpcCall.run(Server.java:1094) [hadoop-common-3.3.6.jar:?]
	at org.apache.hadoop.ipc.Server$RpcCall.run(Server.java:1017) [hadoop-common-3.3.6.jar:?]
	at java.security.AccessController.doPrivileged(Native Method) ~[?:1.8.0_382]
	at javax.security.auth.Subject.doAs(Subject.java:422) [?:1.8.0_382]
	at org.apache.hadoop.security.UserGroupInformation.doAs(UserGroupInformation.java:1899) [hadoop-common-3.3.6.jar:?]
	at org.apache.hadoop.ipc.Server$Handler.run(Server.java:3048) [hadoop-common-3.3.6.jar:?]
02:05:28.464 [IPC Server handler 15 on default port 15057] ERROR OMAudit - user=runner | ip=127.0.0.1 | op=GET_FILE_STATUS {volume=volume43065, bucket=bucket81401, key=testBatchDelete/parent/childFolder/child4, dataSize=0, replicationConfig=null} | ret=FAILURE
org.apache.hadoop.ozone.om.exceptions.OMException: Unable to get file status: volume: volume43065 bucket: bucket81401 key: testBatchDelete/parent/childFolder/child4
	at org.apache.hadoop.ozone.om.KeyManagerImpl.getOzoneFileStatus(KeyManagerImpl.java:1195) ~[ozone-manager-1.4.0-SNAPSHOT.jar:?]
	at org.apache.hadoop.ozone.om.KeyManagerImpl.getFileStatus(KeyManagerImpl.java:1113) ~[ozone-manager-1.4.0-SNAPSHOT.jar:?]
	at org.apache.hadoop.ozone.om.OmMetadataReader.getFileStatus(OmMetadataReader.java:262) ~[ozone-manager-1.4.0-SNAPSHOT.jar:?]
	at org.apache.hadoop.ozone.om.OzoneManager.getFileStatus(OzoneManager.java:3533) ~[ozone-manager-1.4.0-SNAPSHOT.jar:?]
	at org.apache.hadoop.ozone.protocolPB.OzoneManagerRequestHandler.getOzoneFileStatus(OzoneManagerRequestHandler.java:971) ~[ozone-manager-1.4.0-SNAPSHOT.jar:?]
	at org.apache.hadoop.ozone.protocolPB.OzoneManagerRequestHandler.handleReadRequest(OzoneManagerRequestHandler.java:250) ~[ozone-manager-1.4.0-SNAPSHOT.jar:?]
	at org.apache.hadoop.ozone.protocolPB.OzoneManagerProtocolServerSideTranslatorPB.submitRequestDirectlyToOM(OzoneManagerProtocolServerSideTranslatorPB.java:274) ~[ozone-manager-1.4.0-SNAPSHOT.jar:?]
	at org.apache.hadoop.ozone.protocolPB.OzoneManagerProtocolServerSideTranslatorPB.processRequest(OzoneManagerProtocolServerSideTranslatorPB.java:175) ~[ozone-manager-1.4.0-SNAPSHOT.jar:?]
	at org.apache.hadoop.hdds.server.OzoneProtocolMessageDispatcher.processRequest(OzoneProtocolMessageDispatcher.java:87) [hdds-server-framework-1.4.0-SNAPSHOT.jar:?]
	at org.apache.hadoop.ozone.protocolPB.OzoneManagerProtocolServerSideTranslatorPB.submitRequest(OzoneManagerProtocolServerSideTranslatorPB.java:148) [ozone-manager-1.4.0-SNAPSHOT.jar:?]
	at org.apache.hadoop.ozone.protocol.proto.OzoneManagerProtocolProtos$OzoneManagerService$2.callBlockingMethod(OzoneManagerProtocolProtos.java) [ozone-interface-client-1.4.0-SNAPSHOT.jar:?]
	at org.apache.hadoop.ipc.ProtobufRpcEngine$Server.processCall(ProtobufRpcEngine.java:484) [hadoop-common-3.3.6.jar:?]
	at org.apache.hadoop.ipc.ProtobufRpcEngine2$Server$ProtoBufRpcInvoker.call(ProtobufRpcEngine2.java:595) [hadoop-common-3.3.6.jar:?]
	at org.apache.hadoop.ipc.ProtobufRpcEngine2$Server$ProtoBufRpcInvoker.call(ProtobufRpcEngine2.java:573) [hadoop-common-3.3.6.jar:?]
	at org.apache.hadoop.ipc.RPC$Server.call(RPC.java:1227) [hadoop-common-3.3.6.jar:?]
	at org.apache.hadoop.ipc.Server$RpcCall.run(Server.java:1094) [hadoop-common-3.3.6.jar:?]
	at org.apache.hadoop.ipc.Server$RpcCall.run(Server.java:1017) [hadoop-common-3.3.6.jar:?]
	at java.security.AccessController.doPrivileged(Native Method) ~[?:1.8.0_382]
	at javax.security.auth.Subject.doAs(Subject.java:422) [?:1.8.0_382]
	at org.apache.hadoop.security.UserGroupInformation.doAs(UserGroupInformation.java:1899) [hadoop-common-3.3.6.jar:?]
	at org.apache.hadoop.ipc.Server$Handler.run(Server.java:3048) [hadoop-common-3.3.6.jar:?]
02:05:28.465 [IPC Server handler 16 on default port 15057] ERROR OMAudit - user=runner | ip=127.0.0.1 | op=GET_FILE_STATUS {volume=volume43065, bucket=bucket81401, key=testBatchDelete/parent/child5, dataSize=0, replicationConfig=null} | ret=FAILURE
org.apache.hadoop.ozone.om.exceptions.OMException: Unable to get file status: volume: volume43065 bucket: bucket81401 key: testBatchDelete/parent/child5
	at org.apache.hadoop.ozone.om.KeyManagerImpl.getOzoneFileStatus(KeyManagerImpl.java:1195) ~[ozone-manager-1.4.0-SNAPSHOT.jar:?]
	at org.apache.hadoop.ozone.om.KeyManagerImpl.getFileStatus(KeyManagerImpl.java:1113) ~[ozone-manager-1.4.0-SNAPSHOT.jar:?]
	at org.apache.hadoop.ozone.om.OmMetadataReader.getFileStatus(OmMetadataReader.java:262) ~[ozone-manager-1.4.0-SNAPSHOT.jar:?]
	at org.apache.hadoop.ozone.om.OzoneManager.getFileStatus(OzoneManager.java:3533) ~[ozone-manager-1.4.0-SNAPSHOT.jar:?]
	at org.apache.hadoop.ozone.protocolPB.OzoneManagerRequestHandler.getOzoneFileStatus(OzoneManagerRequestHandler.java:971) ~[ozone-manager-1.4.0-SNAPSHOT.jar:?]
	at org.apache.hadoop.ozone.protocolPB.OzoneManagerRequestHandler.handleReadRequest(OzoneManagerRequestHandler.java:250) ~[ozone-manager-1.4.0-SNAPSHOT.jar:?]
	at org.apache.hadoop.ozone.protocolPB.OzoneManagerProtocolServerSideTranslatorPB.submitRequestDirectlyToOM(OzoneManagerProtocolServerSideTranslatorPB.java:274) ~[ozone-manager-1.4.0-SNAPSHOT.jar:?]
	at org.apache.hadoop.ozone.protocolPB.OzoneManagerProtocolServerSideTranslatorPB.processRequest(OzoneManagerProtocolServerSideTranslatorPB.java:175) ~[ozone-manager-1.4.0-SNAPSHOT.jar:?]
	at org.apache.hadoop.hdds.server.OzoneProtocolMessageDispatcher.processRequest(OzoneProtocolMessageDispatcher.java:87) [hdds-server-framework-1.4.0-SNAPSHOT.jar:?]
	at org.apache.hadoop.ozone.protocolPB.OzoneManagerProtocolServerSideTranslatorPB.submitRequest(OzoneManagerProtocolServerSideTranslatorPB.java:148) [ozone-manager-1.4.0-SNAPSHOT.jar:?]
	at org.apache.hadoop.ozone.protocol.proto.OzoneManagerProtocolProtos$OzoneManagerService$2.callBlockingMethod(OzoneManagerProtocolProtos.java) [ozone-interface-client-1.4.0-SNAPSHOT.jar:?]
	at org.apache.hadoop.ipc.ProtobufRpcEngine$Server.processCall(ProtobufRpcEngine.java:484) [hadoop-common-3.3.6.jar:?]
	at org.apache.hadoop.ipc.ProtobufRpcEngine2$Server$ProtoBufRpcInvoker.call(ProtobufRpcEngine2.java:595) [hadoop-common-3.3.6.jar:?]
	at org.apache.hadoop.ipc.ProtobufRpcEngine2$Server$ProtoBufRpcInvoker.call(ProtobufRpcEngine2.java:573) [hadoop-common-3.3.6.jar:?]
	at org.apache.hadoop.ipc.RPC$Server.call(RPC.java:1227) [hadoop-common-3.3.6.jar:?]
	at org.apache.hadoop.ipc.Server$RpcCall.run(Server.java:1094) [hadoop-common-3.3.6.jar:?]
	at org.apache.hadoop.ipc.Server$RpcCall.run(Server.java:1017) [hadoop-common-3.3.6.jar:?]
	at java.security.AccessController.doPrivileged(Native Method) ~[?:1.8.0_382]
	at javax.security.auth.Subject.doAs(Subject.java:422) [?:1.8.0_382]
	at org.apache.hadoop.security.UserGroupInformation.doAs(UserGroupInformation.java:1899) [hadoop-common-3.3.6.jar:?]
	at org.apache.hadoop.ipc.Server$Handler.run(Server.java:3048) [hadoop-common-3.3.6.jar:?]
02:05:28.466 [IPC Server handler 17 on default port 15057] ERROR OMAudit - user=runner | ip=127.0.0.1 | op=GET_FILE_STATUS {volume=volume43065, bucket=bucket81401, key=testBatchDelete/parent/childFolder/child5, dataSize=0, replicationConfig=null} | ret=FAILURE
org.apache.hadoop.ozone.om.exceptions.OMException: Unable to get file status: volume: volume43065 bucket: bucket81401 key: testBatchDelete/parent/childFolder/child5
	at org.apache.hadoop.ozone.om.KeyManagerImpl.getOzoneFileStatus(KeyManagerImpl.java:1195) ~[ozone-manager-1.4.0-SNAPSHOT.jar:?]
	at org.apache.hadoop.ozone.om.KeyManagerImpl.getFileStatus(KeyManagerImpl.java:1113) ~[ozone-manager-1.4.0-SNAPSHOT.jar:?]
	at org.apache.hadoop.ozone.om.OmMetadataReader.getFileStatus(OmMetadataReader.java:262) ~[ozone-manager-1.4.0-SNAPSHOT.jar:?]
	at org.apache.hadoop.ozone.om.OzoneManager.getFileStatus(OzoneManager.java:3533) ~[ozone-manager-1.4.0-SNAPSHOT.jar:?]
	at org.apache.hadoop.ozone.protocolPB.OzoneManagerRequestHandler.getOzoneFileStatus(OzoneManagerRequestHandler.java:971) ~[ozone-manager-1.4.0-SNAPSHOT.jar:?]
	at org.apache.hadoop.ozone.protocolPB.OzoneManagerRequestHandler.handleReadRequest(OzoneManagerRequestHandler.java:250) ~[ozone-manager-1.4.0-SNAPSHOT.jar:?]
	at org.apache.hadoop.ozone.protocolPB.OzoneManagerProtocolServerSideTranslatorPB.submitRequestDirectlyToOM(OzoneManagerProtocolServerSideTranslatorPB.java:274) ~[ozone-manager-1.4.0-SNAPSHOT.jar:?]
	at org.apache.hadoop.ozone.protocolPB.OzoneManagerProtocolServerSideTranslatorPB.processRequest(OzoneManagerProtocolServerSideTranslatorPB.java:175) ~[ozone-manager-1.4.0-SNAPSHOT.jar:?]
	at org.apache.hadoop.hdds.server.OzoneProtocolMessageDispatcher.processRequest(OzoneProtocolMessageDispatcher.java:87) [hdds-server-framework-1.4.0-SNAPSHOT.jar:?]
	at org.apache.hadoop.ozone.protocolPB.OzoneManagerProtocolServerSideTranslatorPB.submitRequest(OzoneManagerProtocolServerSideTranslatorPB.java:148) [ozone-manager-1.4.0-SNAPSHOT.jar:?]
	at org.apache.hadoop.ozone.protocol.proto.OzoneManagerProtocolProtos$OzoneManagerService$2.callBlockingMethod(OzoneManagerProtocolProtos.java) [ozone-interface-client-1.4.0-SNAPSHOT.jar:?]
	at org.apache.hadoop.ipc.ProtobufRpcEngine$Server.processCall(ProtobufRpcEngine.java:484) [hadoop-common-3.3.6.jar:?]
	at org.apache.hadoop.ipc.ProtobufRpcEngine2$Server$ProtoBufRpcInvoker.call(ProtobufRpcEngine2.java:595) [hadoop-common-3.3.6.jar:?]
	at org.apache.hadoop.ipc.ProtobufRpcEngine2$Server$ProtoBufRpcInvoker.call(ProtobufRpcEngine2.java:573) [hadoop-common-3.3.6.jar:?]
	at org.apache.hadoop.ipc.RPC$Server.call(RPC.java:1227) [hadoop-common-3.3.6.jar:?]
	at org.apache.hadoop.ipc.Server$RpcCall.run(Server.java:1094) [hadoop-common-3.3.6.jar:?]
	at org.apache.hadoop.ipc.Server$RpcCall.run(Server.java:1017) [hadoop-common-3.3.6.jar:?]
	at java.security.AccessController.doPrivileged(Native Method) ~[?:1.8.0_382]
	at javax.security.auth.Subject.doAs(Subject.java:422) [?:1.8.0_382]
	at org.apache.hadoop.security.UserGroupInformation.doAs(UserGroupInformation.java:1899) [hadoop-common-3.3.6.jar:?]
	at org.apache.hadoop.ipc.Server$Handler.run(Server.java:3048) [hadoop-common-3.3.6.jar:?]
02:05:28.467 [IPC Server handler 18 on default port 15057] ERROR OMAudit - user=runner | ip=127.0.0.1 | op=GET_FILE_STATUS {volume=volume43065, bucket=bucket81401, key=testBatchDelete/parent/child6, dataSize=0, replicationConfig=null} | ret=FAILURE
org.apache.hadoop.ozone.om.exceptions.OMException: Unable to get file status: volume: volume43065 bucket: bucket81401 key: testBatchDelete/parent/child6
	at org.apache.hadoop.ozone.om.KeyManagerImpl.getOzoneFileStatus(KeyManagerImpl.java:1195) ~[ozone-manager-1.4.0-SNAPSHOT.jar:?]
	at org.apache.hadoop.ozone.om.KeyManagerImpl.getFileStatus(KeyManagerImpl.java:1113) ~[ozone-manager-1.4.0-SNAPSHOT.jar:?]
	at org.apache.hadoop.ozone.om.OmMetadataReader.getFileStatus(OmMetadataReader.java:262) ~[ozone-manager-1.4.0-SNAPSHOT.jar:?]
	at org.apache.hadoop.ozone.om.OzoneManager.getFileStatus(OzoneManager.java:3533) ~[ozone-manager-1.4.0-SNAPSHOT.jar:?]
	at org.apache.hadoop.ozone.protocolPB.OzoneManagerRequestHandler.getOzoneFileStatus(OzoneManagerRequestHandler.java:971) ~[ozone-manager-1.4.0-SNAPSHOT.jar:?]
	at org.apache.hadoop.ozone.protocolPB.OzoneManagerRequestHandler.handleReadRequest(OzoneManagerRequestHandler.java:250) ~[ozone-manager-1.4.0-SNAPSHOT.jar:?]
	at org.apache.hadoop.ozone.protocolPB.OzoneManagerProtocolServerSideTranslatorPB.submitRequestDirectlyToOM(OzoneManagerProtocolServerSideTranslatorPB.java:274) ~[ozone-manager-1.4.0-SNAPSHOT.jar:?]
	at org.apache.hadoop.ozone.protocolPB.OzoneManagerProtocolServerSideTranslatorPB.processRequest(OzoneManagerProtocolServerSideTranslatorPB.java:175) ~[ozone-manager-1.4.0-SNAPSHOT.jar:?]
	at org.apache.hadoop.hdds.server.OzoneProtocolMessageDispatcher.processRequest(OzoneProtocolMessageDispatcher.java:87) [hdds-server-framework-1.4.0-SNAPSHOT.jar:?]
	at org.apache.hadoop.ozone.protocolPB.OzoneManagerProtocolServerSideTranslatorPB.submitRequest(OzoneManagerProtocolServerSideTranslatorPB.java:148) [ozone-manager-1.4.0-SNAPSHOT.jar:?]
	at org.apache.hadoop.ozone.protocol.proto.OzoneManagerProtocolProtos$OzoneManagerService$2.callBlockingMethod(OzoneManagerProtocolProtos.java) [ozone-interface-client-1.4.0-SNAPSHOT.jar:?]
	at org.apache.hadoop.ipc.ProtobufRpcEngine$Server.processCall(ProtobufRpcEngine.java:484) [hadoop-common-3.3.6.jar:?]
	at org.apache.hadoop.ipc.ProtobufRpcEngine2$Server$ProtoBufRpcInvoker.call(ProtobufRpcEngine2.java:595) [hadoop-common-3.3.6.jar:?]
	at org.apache.hadoop.ipc.ProtobufRpcEngine2$Server$ProtoBufRpcInvoker.call(ProtobufRpcEngine2.java:573) [hadoop-common-3.3.6.jar:?]
	at org.apache.hadoop.ipc.RPC$Server.call(RPC.java:1227) [hadoop-common-3.3.6.jar:?]
	at org.apache.hadoop.ipc.Server$RpcCall.run(Server.java:1094) [hadoop-common-3.3.6.jar:?]
	at org.apache.hadoop.ipc.Server$RpcCall.run(Server.java:1017) [hadoop-common-3.3.6.jar:?]
	at java.security.AccessController.doPrivileged(Native Method) ~[?:1.8.0_382]
	at javax.security.auth.Subject.doAs(Subject.java:422) [?:1.8.0_382]
	at org.apache.hadoop.security.UserGroupInformation.doAs(UserGroupInformation.java:1899) [hadoop-common-3.3.6.jar:?]
	at org.apache.hadoop.ipc.Server$Handler.run(Server.java:3048) [hadoop-common-3.3.6.jar:?]
02:05:28.468 [IPC Server handler 19 on default port 15057] ERROR OMAudit - user=runner | ip=127.0.0.1 | op=GET_FILE_STATUS {volume=volume43065, bucket=bucket81401, key=testBatchDelete/parent/childFolder/child6, dataSize=0, replicationConfig=null} | ret=FAILURE
org.apache.hadoop.ozone.om.exceptions.OMException: Unable to get file status: volume: volume43065 bucket: bucket81401 key: testBatchDelete/parent/childFolder/child6
	at org.apache.hadoop.ozone.om.KeyManagerImpl.getOzoneFileStatus(KeyManagerImpl.java:1195) ~[ozone-manager-1.4.0-SNAPSHOT.jar:?]
	at org.apache.hadoop.ozone.om.KeyManagerImpl.getFileStatus(KeyManagerImpl.java:1113) ~[ozone-manager-1.4.0-SNAPSHOT.jar:?]
	at org.apache.hadoop.ozone.om.OmMetadataReader.getFileStatus(OmMetadataReader.java:262) ~[ozone-manager-1.4.0-SNAPSHOT.jar:?]
	at org.apache.hadoop.ozone.om.OzoneManager.getFileStatus(OzoneManager.java:3533) ~[ozone-manager-1.4.0-SNAPSHOT.jar:?]
	at org.apache.hadoop.ozone.protocolPB.OzoneManagerRequestHandler.getOzoneFileStatus(OzoneManagerRequestHandler.java:971) ~[ozone-manager-1.4.0-SNAPSHOT.jar:?]
	at org.apache.hadoop.ozone.protocolPB.OzoneManagerRequestHandler.handleReadRequest(OzoneManagerRequestHandler.java:250) ~[ozone-manager-1.4.0-SNAPSHOT.jar:?]
	at org.apache.hadoop.ozone.protocolPB.OzoneManagerProtocolServerSideTranslatorPB.submitRequestDirectlyToOM(OzoneManagerProtocolServerSideTranslatorPB.java:274) ~[ozone-manager-1.4.0-SNAPSHOT.jar:?]
	at org.apache.hadoop.ozone.protocolPB.OzoneManagerProtocolServerSideTranslatorPB.processRequest(OzoneManagerProtocolServerSideTranslatorPB.java:175) ~[ozone-manager-1.4.0-SNAPSHOT.jar:?]
	at org.apache.hadoop.hdds.server.OzoneProtocolMessageDispatcher.processRequest(OzoneProtocolMessageDispatcher.java:87) [hdds-server-framework-1.4.0-SNAPSHOT.jar:?]
	at org.apache.hadoop.ozone.protocolPB.OzoneManagerProtocolServerSideTranslatorPB.submitRequest(OzoneManagerProtocolServerSideTranslatorPB.java:148) [ozone-manager-1.4.0-SNAPSHOT.jar:?]
	at org.apache.hadoop.ozone.protocol.proto.OzoneManagerProtocolProtos$OzoneManagerService$2.callBlockingMethod(OzoneManagerProtocolProtos.java) [ozone-interface-client-1.4.0-SNAPSHOT.jar:?]
	at org.apache.hadoop.ipc.ProtobufRpcEngine$Server.processCall(ProtobufRpcEngine.java:484) [hadoop-common-3.3.6.jar:?]
	at org.apache.hadoop.ipc.ProtobufRpcEngine2$Server$ProtoBufRpcInvoker.call(ProtobufRpcEngine2.java:595) [hadoop-common-3.3.6.jar:?]
	at org.apache.hadoop.ipc.ProtobufRpcEngine2$Server$ProtoBufRpcInvoker.call(ProtobufRpcEngine2.java:573) [hadoop-common-3.3.6.jar:?]
	at org.apache.hadoop.ipc.RPC$Server.call(RPC.java:1227) [hadoop-common-3.3.6.jar:?]
	at org.apache.hadoop.ipc.Server$RpcCall.run(Server.java:1094) [hadoop-common-3.3.6.jar:?]
	at org.apache.hadoop.ipc.Server$RpcCall.run(Server.java:1017) [hadoop-common-3.3.6.jar:?]
	at java.security.AccessController.doPrivileged(Native Method) ~[?:1.8.0_382]
	at javax.security.auth.Subject.doAs(Subject.java:422) [?:1.8.0_382]
	at org.apache.hadoop.security.UserGroupInformation.doAs(UserGroupInformation.java:1899) [hadoop-common-3.3.6.jar:?]
	at org.apache.hadoop.ipc.Server$Handler.run(Server.java:3048) [hadoop-common-3.3.6.jar:?]
02:05:28.469 [IPC Server handler 0 on default port 15057] ERROR OMAudit - user=runner | ip=127.0.0.1 | op=GET_FILE_STATUS {volume=volume43065, bucket=bucket81401, key=testBatchDelete/parent/child7, dataSize=0, replicationConfig=null} | ret=FAILURE
org.apache.hadoop.ozone.om.exceptions.OMException: Unable to get file status: volume: volume43065 bucket: bucket81401 key: testBatchDelete/parent/child7
	at org.apache.hadoop.ozone.om.KeyManagerImpl.getOzoneFileStatus(KeyManagerImpl.java:1195) ~[ozone-manager-1.4.0-SNAPSHOT.jar:?]
	at org.apache.hadoop.ozone.om.KeyManagerImpl.getFileStatus(KeyManagerImpl.java:1113) ~[ozone-manager-1.4.0-SNAPSHOT.jar:?]
	at org.apache.hadoop.ozone.om.OmMetadataReader.getFileStatus(OmMetadataReader.java:262) ~[ozone-manager-1.4.0-SNAPSHOT.jar:?]
	at org.apache.hadoop.ozone.om.OzoneManager.getFileStatus(OzoneManager.java:3533) ~[ozone-manager-1.4.0-SNAPSHOT.jar:?]
	at org.apache.hadoop.ozone.protocolPB.OzoneManagerRequestHandler.getOzoneFileStatus(OzoneManagerRequestHandler.java:971) ~[ozone-manager-1.4.0-SNAPSHOT.jar:?]
	at org.apache.hadoop.ozone.protocolPB.OzoneManagerRequestHandler.handleReadRequest(OzoneManagerRequestHandler.java:250) ~[ozone-manager-1.4.0-SNAPSHOT.jar:?]
	at org.apache.hadoop.ozone.protocolPB.OzoneManagerProtocolServerSideTranslatorPB.submitRequestDirectlyToOM(OzoneManagerProtocolServerSideTranslatorPB.java:274) ~[ozone-manager-1.4.0-SNAPSHOT.jar:?]
	at org.apache.hadoop.ozone.protocolPB.OzoneManagerProtocolServerSideTranslatorPB.processRequest(OzoneManagerProtocolServerSideTranslatorPB.java:175) ~[ozone-manager-1.4.0-SNAPSHOT.jar:?]
	at org.apache.hadoop.hdds.server.OzoneProtocolMessageDispatcher.processRequest(OzoneProtocolMessageDispatcher.java:87) [hdds-server-framework-1.4.0-SNAPSHOT.jar:?]
	at org.apache.hadoop.ozone.protocolPB.OzoneManagerProtocolServerSideTranslatorPB.submitRequest(OzoneManagerProtocolServerSideTranslatorPB.java:148) [ozone-manager-1.4.0-SNAPSHOT.jar:?]
	at org.apache.hadoop.ozone.protocol.proto.OzoneManagerProtocolProtos$OzoneManagerService$2.callBlockingMethod(OzoneManagerProtocolProtos.java) [ozone-interface-client-1.4.0-SNAPSHOT.jar:?]
	at org.apache.hadoop.ipc.ProtobufRpcEngine$Server.processCall(ProtobufRpcEngine.java:484) [hadoop-common-3.3.6.jar:?]
	at org.apache.hadoop.ipc.ProtobufRpcEngine2$Server$ProtoBufRpcInvoker.call(ProtobufRpcEngine2.java:595) [hadoop-common-3.3.6.jar:?]
	at org.apache.hadoop.ipc.ProtobufRpcEngine2$Server$ProtoBufRpcInvoker.call(ProtobufRpcEngine2.java:573) [hadoop-common-3.3.6.jar:?]
	at org.apache.hadoop.ipc.RPC$Server.call(RPC.java:1227) [hadoop-common-3.3.6.jar:?]
	at org.apache.hadoop.ipc.Server$RpcCall.run(Server.java:1094) [hadoop-common-3.3.6.jar:?]
	at org.apache.hadoop.ipc.Server$RpcCall.run(Server.java:1017) [hadoop-common-3.3.6.jar:?]
	at java.security.AccessController.doPrivileged(Native Method) ~[?:1.8.0_382]
	at javax.security.auth.Subject.doAs(Subject.java:422) [?:1.8.0_382]
	at org.apache.hadoop.security.UserGroupInformation.doAs(UserGroupInformation.java:1899) [hadoop-common-3.3.6.jar:?]
	at org.apache.hadoop.ipc.Server$Handler.run(Server.java:3048) [hadoop-common-3.3.6.jar:?]
02:05:28.470 [IPC Server handler 2 on default port 15057] ERROR OMAudit - user=runner | ip=127.0.0.1 | op=GET_FILE_STATUS {volume=volume43065, bucket=bucket81401, key=testBatchDelete/parent/childFolder/child7, dataSize=0, replicationConfig=null} | ret=FAILURE
org.apache.hadoop.ozone.om.exceptions.OMException: Unable to get file status: volume: volume43065 bucket: bucket81401 key: testBatchDelete/parent/childFolder/child7
	at org.apache.hadoop.ozone.om.KeyManagerImpl.getOzoneFileStatus(KeyManagerImpl.java:1195) ~[ozone-manager-1.4.0-SNAPSHOT.jar:?]
	at org.apache.hadoop.ozone.om.KeyManagerImpl.getFileStatus(KeyManagerImpl.java:1113) ~[ozone-manager-1.4.0-SNAPSHOT.jar:?]
	at org.apache.hadoop.ozone.om.OmMetadataReader.getFileStatus(OmMetadataReader.java:262) ~[ozone-manager-1.4.0-SNAPSHOT.jar:?]
	at org.apache.hadoop.ozone.om.OzoneManager.getFileStatus(OzoneManager.java:3533) ~[ozone-manager-1.4.0-SNAPSHOT.jar:?]
	at org.apache.hadoop.ozone.protocolPB.OzoneManagerRequestHandler.getOzoneFileStatus(OzoneManagerRequestHandler.java:971) ~[ozone-manager-1.4.0-SNAPSHOT.jar:?]
	at org.apache.hadoop.ozone.protocolPB.OzoneManagerRequestHandler.handleReadRequest(OzoneManagerRequestHandler.java:250) ~[ozone-manager-1.4.0-SNAPSHOT.jar:?]
	at org.apache.hadoop.ozone.protocolPB.OzoneManagerProtocolServerSideTranslatorPB.submitRequestDirectlyToOM(OzoneManagerProtocolServerSideTranslatorPB.java:274) ~[ozone-manager-1.4.0-SNAPSHOT.jar:?]
	at org.apache.hadoop.ozone.protocolPB.OzoneManagerProtocolServerSideTranslatorPB.processRequest(OzoneManagerProtocolServerSideTranslatorPB.java:175) ~[ozone-manager-1.4.0-SNAPSHOT.jar:?]
	at org.apache.hadoop.hdds.server.OzoneProtocolMessageDispatcher.processRequest(OzoneProtocolMessageDispatcher.java:87) [hdds-server-framework-1.4.0-SNAPSHOT.jar:?]
	at org.apache.hadoop.ozone.protocolPB.OzoneManagerProtocolServerSideTranslatorPB.submitRequest(OzoneManagerProtocolServerSideTranslatorPB.java:148) [ozone-manager-1.4.0-SNAPSHOT.jar:?]
	at org.apache.hadoop.ozone.protocol.proto.OzoneManagerProtocolProtos$OzoneManagerService$2.callBlockingMethod(OzoneManagerProtocolProtos.java) [ozone-interface-client-1.4.0-SNAPSHOT.jar:?]
	at org.apache.hadoop.ipc.ProtobufRpcEngine$Server.processCall(ProtobufRpcEngine.java:484) [hadoop-common-3.3.6.jar:?]
	at org.apache.hadoop.ipc.ProtobufRpcEngine2$Server$ProtoBufRpcInvoker.call(ProtobufRpcEngine2.java:595) [hadoop-common-3.3.6.jar:?]
	at org.apache.hadoop.ipc.ProtobufRpcEngine2$Server$ProtoBufRpcInvoker.call(ProtobufRpcEngine2.java:573) [hadoop-common-3.3.6.jar:?]
	at org.apache.hadoop.ipc.RPC$Server.call(RPC.java:1227) [hadoop-common-3.3.6.jar:?]
	at org.apache.hadoop.ipc.Server$RpcCall.run(Server.java:1094) [hadoop-common-3.3.6.jar:?]
	at org.apache.hadoop.ipc.Server$RpcCall.run(Server.java:1017) [hadoop-common-3.3.6.jar:?]
	at java.security.AccessController.doPrivileged(Native Method) ~[?:1.8.0_382]
	at javax.security.auth.Subject.doAs(Subject.java:422) [?:1.8.0_382]
	at org.apache.hadoop.security.UserGroupInformation.doAs(UserGroupInformation.java:1899) [hadoop-common-3.3.6.jar:?]
	at org.apache.hadoop.ipc.Server$Handler.run(Server.java:3048) [hadoop-common-3.3.6.jar:?]
02:05:28.471 [IPC Server handler 1 on default port 15057] ERROR OMAudit - user=runner | ip=127.0.0.1 | op=GET_FILE_STATUS {volume=volume43065, bucket=bucket81401, key=testBatchDelete/parent, dataSize=0, replicationConfig=null} | ret=FAILURE
org.apache.hadoop.ozone.om.exceptions.OMException: Unable to get file status: volume: volume43065 bucket: bucket81401 key: testBatchDelete/parent
	at org.apache.hadoop.ozone.om.KeyManagerImpl.getOzoneFileStatus(KeyManagerImpl.java:1195) ~[ozone-manager-1.4.0-SNAPSHOT.jar:?]
	at org.apache.hadoop.ozone.om.KeyManagerImpl.getFileStatus(KeyManagerImpl.java:1113) ~[ozone-manager-1.4.0-SNAPSHOT.jar:?]
	at org.apache.hadoop.ozone.om.OmMetadataReader.getFileStatus(OmMetadataReader.java:262) ~[ozone-manager-1.4.0-SNAPSHOT.jar:?]
	at org.apache.hadoop.ozone.om.OzoneManager.getFileStatus(OzoneManager.java:3533) ~[ozone-manager-1.4.0-SNAPSHOT.jar:?]
	at org.apache.hadoop.ozone.protocolPB.OzoneManagerRequestHandler.getOzoneFileStatus(OzoneManagerRequestHandler.java:971) ~[ozone-manager-1.4.0-SNAPSHOT.jar:?]
	at org.apache.hadoop.ozone.protocolPB.OzoneManagerRequestHandler.handleReadRequest(OzoneManagerRequestHandler.java:250) ~[ozone-manager-1.4.0-SNAPSHOT.jar:?]
	at org.apache.hadoop.ozone.protocolPB.OzoneManagerProtocolServerSideTranslatorPB.submitRequestDirectlyToOM(OzoneManagerProtocolServerSideTranslatorPB.java:274) ~[ozone-manager-1.4.0-SNAPSHOT.jar:?]
	at org.apache.hadoop.ozone.protocolPB.OzoneManagerProtocolServerSideTranslatorPB.processRequest(OzoneManagerProtocolServerSideTranslatorPB.java:175) ~[ozone-manager-1.4.0-SNAPSHOT.jar:?]
	at org.apache.hadoop.hdds.server.OzoneProtocolMessageDispatcher.processRequest(OzoneProtocolMessageDispatcher.java:87) [hdds-server-framework-1.4.0-SNAPSHOT.jar:?]
	at org.apache.hadoop.ozone.protocolPB.OzoneManagerProtocolServerSideTranslatorPB.submitRequest(OzoneManagerProtocolServerSideTranslatorPB.java:148) [ozone-manager-1.4.0-SNAPSHOT.jar:?]
	at org.apache.hadoop.ozone.protocol.proto.OzoneManagerProtocolProtos$OzoneManagerService$2.callBlockingMethod(OzoneManagerProtocolProtos.java) [ozone-interface-client-1.4.0-SNAPSHOT.jar:?]
	at org.apache.hadoop.ipc.ProtobufRpcEngine$Server.processCall(ProtobufRpcEngine.java:484) [hadoop-common-3.3.6.jar:?]
	at org.apache.hadoop.ipc.ProtobufRpcEngine2$Server$ProtoBufRpcInvoker.call(ProtobufRpcEngine2.java:595) [hadoop-common-3.3.6.jar:?]
	at org.apache.hadoop.ipc.ProtobufRpcEngine2$Server$ProtoBufRpcInvoker.call(ProtobufRpcEngine2.java:573) [hadoop-common-3.3.6.jar:?]
	at org.apache.hadoop.ipc.RPC$Server.call(RPC.java:1227) [hadoop-common-3.3.6.jar:?]
	at org.apache.hadoop.ipc.Server$RpcCall.run(Server.java:1094) [hadoop-common-3.3.6.jar:?]
	at org.apache.hadoop.ipc.Server$RpcCall.run(Server.java:1017) [hadoop-common-3.3.6.jar:?]
	at java.security.AccessController.doPrivileged(Native Method) ~[?:1.8.0_382]
	at javax.security.auth.Subject.doAs(Subject.java:422) [?:1.8.0_382]
	at org.apache.hadoop.security.UserGroupInformation.doAs(UserGroupInformation.java:1899) [hadoop-common-3.3.6.jar:?]
	at org.apache.hadoop.ipc.Server$Handler.run(Server.java:3048) [hadoop-common-3.3.6.jar:?]
2023-09-19 02:05:28,471 [Time-limited test] WARN  ozone.BasicOzoneFileSystem (BasicOzoneFileSystem.java:delete(607)) - delete: Path does not exist: /testBatchDelete/parent
]]></system-out>
  </testcase>
  <testcase name="testFileDelete" classname="TestOzoneFileSystem" time="0.103">
    <system-out><![CDATA[02:06:30.638 [IPC Server handler 7 on default port 15110] ERROR OMAudit - user=runner | ip=127.0.0.1 | op=GET_FILE_STATUS {volume=volume18939, bucket=bucket36089, key=testBatchDelete, dataSize=0, replicationConfig=null} | ret=FAILURE
org.apache.hadoop.ozone.om.exceptions.OMException: Unable to get file status: volume: volume18939 bucket: bucket36089 key: testBatchDelete
	at org.apache.hadoop.ozone.om.KeyManagerImpl.getOzoneFileStatus(KeyManagerImpl.java:1195) ~[ozone-manager-1.4.0-SNAPSHOT.jar:?]
	at org.apache.hadoop.ozone.om.KeyManagerImpl.getFileStatus(KeyManagerImpl.java:1113) ~[ozone-manager-1.4.0-SNAPSHOT.jar:?]
	at org.apache.hadoop.ozone.om.OmMetadataReader.getFileStatus(OmMetadataReader.java:262) ~[ozone-manager-1.4.0-SNAPSHOT.jar:?]
	at org.apache.hadoop.ozone.om.OzoneManager.getFileStatus(OzoneManager.java:3533) ~[ozone-manager-1.4.0-SNAPSHOT.jar:?]
	at org.apache.hadoop.ozone.protocolPB.OzoneManagerRequestHandler.getOzoneFileStatus(OzoneManagerRequestHandler.java:971) ~[ozone-manager-1.4.0-SNAPSHOT.jar:?]
	at org.apache.hadoop.ozone.protocolPB.OzoneManagerRequestHandler.handleReadRequest(OzoneManagerRequestHandler.java:250) ~[ozone-manager-1.4.0-SNAPSHOT.jar:?]
	at org.apache.hadoop.ozone.protocolPB.OzoneManagerProtocolServerSideTranslatorPB.submitReadRequestToOM(OzoneManagerProtocolServerSideTranslatorPB.java:225) ~[ozone-manager-1.4.0-SNAPSHOT.jar:?]
	at org.apache.hadoop.ozone.protocolPB.OzoneManagerProtocolServerSideTranslatorPB.processRequest(OzoneManagerProtocolServerSideTranslatorPB.java:179) ~[ozone-manager-1.4.0-SNAPSHOT.jar:?]
	at org.apache.hadoop.hdds.server.OzoneProtocolMessageDispatcher.processRequest(OzoneProtocolMessageDispatcher.java:87) [hdds-server-framework-1.4.0-SNAPSHOT.jar:?]
	at org.apache.hadoop.ozone.protocolPB.OzoneManagerProtocolServerSideTranslatorPB.submitRequest(OzoneManagerProtocolServerSideTranslatorPB.java:148) [ozone-manager-1.4.0-SNAPSHOT.jar:?]
	at org.apache.hadoop.ozone.protocol.proto.OzoneManagerProtocolProtos$OzoneManagerService$2.callBlockingMethod(OzoneManagerProtocolProtos.java) [ozone-interface-client-1.4.0-SNAPSHOT.jar:?]
	at org.apache.hadoop.ipc.ProtobufRpcEngine$Server.processCall(ProtobufRpcEngine.java:484) [hadoop-common-3.3.6.jar:?]
	at org.apache.hadoop.ipc.ProtobufRpcEngine2$Server$ProtoBufRpcInvoker.call(ProtobufRpcEngine2.java:595) [hadoop-common-3.3.6.jar:?]
	at org.apache.hadoop.ipc.ProtobufRpcEngine2$Server$ProtoBufRpcInvoker.call(ProtobufRpcEngine2.java:573) [hadoop-common-3.3.6.jar:?]
	at org.apache.hadoop.ipc.RPC$Server.call(RPC.java:1227) [hadoop-common-3.3.6.jar:?]
	at org.apache.hadoop.ipc.Server$RpcCall.run(Server.java:1094) [hadoop-common-3.3.6.jar:?]
	at org.apache.hadoop.ipc.Server$RpcCall.run(Server.java:1017) [hadoop-common-3.3.6.jar:?]
	at java.security.AccessController.doPrivileged(Native Method) ~[?:1.8.0_382]
	at javax.security.auth.Subject.doAs(Subject.java:422) [?:1.8.0_382]
	at org.apache.hadoop.security.UserGroupInformation.doAs(UserGroupInformation.java:1899) [hadoop-common-3.3.6.jar:?]
	at org.apache.hadoop.ipc.Server$Handler.run(Server.java:3048) [hadoop-common-3.3.6.jar:?]
02:06:30.639 [IPC Server handler 8 on default port 15110] ERROR OMAudit - user=runner | ip=127.0.0.1 | op=GET_FILE_STATUS {volume=volume18939, bucket=bucket36089, key=testBatchDelete/parent/child0, dataSize=0, replicationConfig=null} | ret=FAILURE
org.apache.hadoop.ozone.om.exceptions.OMException: Unable to get file status: volume: volume18939 bucket: bucket36089 key: testBatchDelete/parent/child0
	at org.apache.hadoop.ozone.om.KeyManagerImpl.getOzoneFileStatus(KeyManagerImpl.java:1195) ~[ozone-manager-1.4.0-SNAPSHOT.jar:?]
	at org.apache.hadoop.ozone.om.KeyManagerImpl.getFileStatus(KeyManagerImpl.java:1113) ~[ozone-manager-1.4.0-SNAPSHOT.jar:?]
	at org.apache.hadoop.ozone.om.OmMetadataReader.getFileStatus(OmMetadataReader.java:262) ~[ozone-manager-1.4.0-SNAPSHOT.jar:?]
	at org.apache.hadoop.ozone.om.OzoneManager.getFileStatus(OzoneManager.java:3533) ~[ozone-manager-1.4.0-SNAPSHOT.jar:?]
	at org.apache.hadoop.ozone.protocolPB.OzoneManagerRequestHandler.getOzoneFileStatus(OzoneManagerRequestHandler.java:971) ~[ozone-manager-1.4.0-SNAPSHOT.jar:?]
	at org.apache.hadoop.ozone.protocolPB.OzoneManagerRequestHandler.handleReadRequest(OzoneManagerRequestHandler.java:250) ~[ozone-manager-1.4.0-SNAPSHOT.jar:?]
	at org.apache.hadoop.ozone.protocolPB.OzoneManagerProtocolServerSideTranslatorPB.submitReadRequestToOM(OzoneManagerProtocolServerSideTranslatorPB.java:225) ~[ozone-manager-1.4.0-SNAPSHOT.jar:?]
	at org.apache.hadoop.ozone.protocolPB.OzoneManagerProtocolServerSideTranslatorPB.processRequest(OzoneManagerProtocolServerSideTranslatorPB.java:179) ~[ozone-manager-1.4.0-SNAPSHOT.jar:?]
	at org.apache.hadoop.hdds.server.OzoneProtocolMessageDispatcher.processRequest(OzoneProtocolMessageDispatcher.java:87) [hdds-server-framework-1.4.0-SNAPSHOT.jar:?]
	at org.apache.hadoop.ozone.protocolPB.OzoneManagerProtocolServerSideTranslatorPB.submitRequest(OzoneManagerProtocolServerSideTranslatorPB.java:148) [ozone-manager-1.4.0-SNAPSHOT.jar:?]
	at org.apache.hadoop.ozone.protocol.proto.OzoneManagerProtocolProtos$OzoneManagerService$2.callBlockingMethod(OzoneManagerProtocolProtos.java) [ozone-interface-client-1.4.0-SNAPSHOT.jar:?]
	at org.apache.hadoop.ipc.ProtobufRpcEngine$Server.processCall(ProtobufRpcEngine.java:484) [hadoop-common-3.3.6.jar:?]
	at org.apache.hadoop.ipc.ProtobufRpcEngine2$Server$ProtoBufRpcInvoker.call(ProtobufRpcEngine2.java:595) [hadoop-common-3.3.6.jar:?]
	at org.apache.hadoop.ipc.ProtobufRpcEngine2$Server$ProtoBufRpcInvoker.call(ProtobufRpcEngine2.java:573) [hadoop-common-3.3.6.jar:?]
	at org.apache.hadoop.ipc.RPC$Server.call(RPC.java:1227) [hadoop-common-3.3.6.jar:?]
	at org.apache.hadoop.ipc.Server$RpcCall.run(Server.java:1094) [hadoop-common-3.3.6.jar:?]
	at org.apache.hadoop.ipc.Server$RpcCall.run(Server.java:1017) [hadoop-common-3.3.6.jar:?]
	at java.security.AccessController.doPrivileged(Native Method) ~[?:1.8.0_382]
	at javax.security.auth.Subject.doAs(Subject.java:422) [?:1.8.0_382]
	at org.apache.hadoop.security.UserGroupInformation.doAs(UserGroupInformation.java:1899) [hadoop-common-3.3.6.jar:?]
	at org.apache.hadoop.ipc.Server$Handler.run(Server.java:3048) [hadoop-common-3.3.6.jar:?]
02:06:30.640 [IPC Server handler 9 on default port 15110] ERROR OMAudit - user=runner | ip=127.0.0.1 | op=GET_FILE_STATUS {volume=volume18939, bucket=bucket36089, key=testBatchDelete/parent/childFolder/child0, dataSize=0, replicationConfig=null} | ret=FAILURE
org.apache.hadoop.ozone.om.exceptions.OMException: Unable to get file status: volume: volume18939 bucket: bucket36089 key: testBatchDelete/parent/childFolder/child0
	at org.apache.hadoop.ozone.om.KeyManagerImpl.getOzoneFileStatus(KeyManagerImpl.java:1195) ~[ozone-manager-1.4.0-SNAPSHOT.jar:?]
	at org.apache.hadoop.ozone.om.KeyManagerImpl.getFileStatus(KeyManagerImpl.java:1113) ~[ozone-manager-1.4.0-SNAPSHOT.jar:?]
	at org.apache.hadoop.ozone.om.OmMetadataReader.getFileStatus(OmMetadataReader.java:262) ~[ozone-manager-1.4.0-SNAPSHOT.jar:?]
	at org.apache.hadoop.ozone.om.OzoneManager.getFileStatus(OzoneManager.java:3533) ~[ozone-manager-1.4.0-SNAPSHOT.jar:?]
	at org.apache.hadoop.ozone.protocolPB.OzoneManagerRequestHandler.getOzoneFileStatus(OzoneManagerRequestHandler.java:971) ~[ozone-manager-1.4.0-SNAPSHOT.jar:?]
	at org.apache.hadoop.ozone.protocolPB.OzoneManagerRequestHandler.handleReadRequest(OzoneManagerRequestHandler.java:250) ~[ozone-manager-1.4.0-SNAPSHOT.jar:?]
	at org.apache.hadoop.ozone.protocolPB.OzoneManagerProtocolServerSideTranslatorPB.submitReadRequestToOM(OzoneManagerProtocolServerSideTranslatorPB.java:225) ~[ozone-manager-1.4.0-SNAPSHOT.jar:?]
	at org.apache.hadoop.ozone.protocolPB.OzoneManagerProtocolServerSideTranslatorPB.processRequest(OzoneManagerProtocolServerSideTranslatorPB.java:179) ~[ozone-manager-1.4.0-SNAPSHOT.jar:?]
	at org.apache.hadoop.hdds.server.OzoneProtocolMessageDispatcher.processRequest(OzoneProtocolMessageDispatcher.java:87) [hdds-server-framework-1.4.0-SNAPSHOT.jar:?]
	at org.apache.hadoop.ozone.protocolPB.OzoneManagerProtocolServerSideTranslatorPB.submitRequest(OzoneManagerProtocolServerSideTranslatorPB.java:148) [ozone-manager-1.4.0-SNAPSHOT.jar:?]
	at org.apache.hadoop.ozone.protocol.proto.OzoneManagerProtocolProtos$OzoneManagerService$2.callBlockingMethod(OzoneManagerProtocolProtos.java) [ozone-interface-client-1.4.0-SNAPSHOT.jar:?]
	at org.apache.hadoop.ipc.ProtobufRpcEngine$Server.processCall(ProtobufRpcEngine.java:484) [hadoop-common-3.3.6.jar:?]
	at org.apache.hadoop.ipc.ProtobufRpcEngine2$Server$ProtoBufRpcInvoker.call(ProtobufRpcEngine2.java:595) [hadoop-common-3.3.6.jar:?]
	at org.apache.hadoop.ipc.ProtobufRpcEngine2$Server$ProtoBufRpcInvoker.call(ProtobufRpcEngine2.java:573) [hadoop-common-3.3.6.jar:?]
	at org.apache.hadoop.ipc.RPC$Server.call(RPC.java:1227) [hadoop-common-3.3.6.jar:?]
	at org.apache.hadoop.ipc.Server$RpcCall.run(Server.java:1094) [hadoop-common-3.3.6.jar:?]
	at org.apache.hadoop.ipc.Server$RpcCall.run(Server.java:1017) [hadoop-common-3.3.6.jar:?]
	at java.security.AccessController.doPrivileged(Native Method) ~[?:1.8.0_382]
	at javax.security.auth.Subject.doAs(Subject.java:422) [?:1.8.0_382]
	at org.apache.hadoop.security.UserGroupInformation.doAs(UserGroupInformation.java:1899) [hadoop-common-3.3.6.jar:?]
	at org.apache.hadoop.ipc.Server$Handler.run(Server.java:3048) [hadoop-common-3.3.6.jar:?]
02:06:30.640 [IPC Server handler 10 on default port 15110] ERROR OMAudit - user=runner | ip=127.0.0.1 | op=GET_FILE_STATUS {volume=volume18939, bucket=bucket36089, key=testBatchDelete/parent/child1, dataSize=0, replicationConfig=null} | ret=FAILURE
org.apache.hadoop.ozone.om.exceptions.OMException: Unable to get file status: volume: volume18939 bucket: bucket36089 key: testBatchDelete/parent/child1
	at org.apache.hadoop.ozone.om.KeyManagerImpl.getOzoneFileStatus(KeyManagerImpl.java:1195) ~[ozone-manager-1.4.0-SNAPSHOT.jar:?]
	at org.apache.hadoop.ozone.om.KeyManagerImpl.getFileStatus(KeyManagerImpl.java:1113) ~[ozone-manager-1.4.0-SNAPSHOT.jar:?]
	at org.apache.hadoop.ozone.om.OmMetadataReader.getFileStatus(OmMetadataReader.java:262) ~[ozone-manager-1.4.0-SNAPSHOT.jar:?]
	at org.apache.hadoop.ozone.om.OzoneManager.getFileStatus(OzoneManager.java:3533) ~[ozone-manager-1.4.0-SNAPSHOT.jar:?]
	at org.apache.hadoop.ozone.protocolPB.OzoneManagerRequestHandler.getOzoneFileStatus(OzoneManagerRequestHandler.java:971) ~[ozone-manager-1.4.0-SNAPSHOT.jar:?]
	at org.apache.hadoop.ozone.protocolPB.OzoneManagerRequestHandler.handleReadRequest(OzoneManagerRequestHandler.java:250) ~[ozone-manager-1.4.0-SNAPSHOT.jar:?]
	at org.apache.hadoop.ozone.protocolPB.OzoneManagerProtocolServerSideTranslatorPB.submitReadRequestToOM(OzoneManagerProtocolServerSideTranslatorPB.java:225) ~[ozone-manager-1.4.0-SNAPSHOT.jar:?]
	at org.apache.hadoop.ozone.protocolPB.OzoneManagerProtocolServerSideTranslatorPB.processRequest(OzoneManagerProtocolServerSideTranslatorPB.java:179) ~[ozone-manager-1.4.0-SNAPSHOT.jar:?]
	at org.apache.hadoop.hdds.server.OzoneProtocolMessageDispatcher.processRequest(OzoneProtocolMessageDispatcher.java:87) [hdds-server-framework-1.4.0-SNAPSHOT.jar:?]
	at org.apache.hadoop.ozone.protocolPB.OzoneManagerProtocolServerSideTranslatorPB.submitRequest(OzoneManagerProtocolServerSideTranslatorPB.java:148) [ozone-manager-1.4.0-SNAPSHOT.jar:?]
	at org.apache.hadoop.ozone.protocol.proto.OzoneManagerProtocolProtos$OzoneManagerService$2.callBlockingMethod(OzoneManagerProtocolProtos.java) [ozone-interface-client-1.4.0-SNAPSHOT.jar:?]
	at org.apache.hadoop.ipc.ProtobufRpcEngine$Server.processCall(ProtobufRpcEngine.java:484) [hadoop-common-3.3.6.jar:?]
	at org.apache.hadoop.ipc.ProtobufRpcEngine2$Server$ProtoBufRpcInvoker.call(ProtobufRpcEngine2.java:595) [hadoop-common-3.3.6.jar:?]
	at org.apache.hadoop.ipc.ProtobufRpcEngine2$Server$ProtoBufRpcInvoker.call(ProtobufRpcEngine2.java:573) [hadoop-common-3.3.6.jar:?]
	at org.apache.hadoop.ipc.RPC$Server.call(RPC.java:1227) [hadoop-common-3.3.6.jar:?]
	at org.apache.hadoop.ipc.Server$RpcCall.run(Server.java:1094) [hadoop-common-3.3.6.jar:?]
	at org.apache.hadoop.ipc.Server$RpcCall.run(Server.java:1017) [hadoop-common-3.3.6.jar:?]
	at java.security.AccessController.doPrivileged(Native Method) ~[?:1.8.0_382]
	at javax.security.auth.Subject.doAs(Subject.java:422) [?:1.8.0_382]
	at org.apache.hadoop.security.UserGroupInformation.doAs(UserGroupInformation.java:1899) [hadoop-common-3.3.6.jar:?]
	at org.apache.hadoop.ipc.Server$Handler.run(Server.java:3048) [hadoop-common-3.3.6.jar:?]
02:06:30.641 [IPC Server handler 13 on default port 15110] ERROR OMAudit - user=runner | ip=127.0.0.1 | op=GET_FILE_STATUS {volume=volume18939, bucket=bucket36089, key=testBatchDelete/parent/childFolder/child1, dataSize=0, replicationConfig=null} | ret=FAILURE
org.apache.hadoop.ozone.om.exceptions.OMException: Unable to get file status: volume: volume18939 bucket: bucket36089 key: testBatchDelete/parent/childFolder/child1
	at org.apache.hadoop.ozone.om.KeyManagerImpl.getOzoneFileStatus(KeyManagerImpl.java:1195) ~[ozone-manager-1.4.0-SNAPSHOT.jar:?]
	at org.apache.hadoop.ozone.om.KeyManagerImpl.getFileStatus(KeyManagerImpl.java:1113) ~[ozone-manager-1.4.0-SNAPSHOT.jar:?]
	at org.apache.hadoop.ozone.om.OmMetadataReader.getFileStatus(OmMetadataReader.java:262) ~[ozone-manager-1.4.0-SNAPSHOT.jar:?]
	at org.apache.hadoop.ozone.om.OzoneManager.getFileStatus(OzoneManager.java:3533) ~[ozone-manager-1.4.0-SNAPSHOT.jar:?]
	at org.apache.hadoop.ozone.protocolPB.OzoneManagerRequestHandler.getOzoneFileStatus(OzoneManagerRequestHandler.java:971) ~[ozone-manager-1.4.0-SNAPSHOT.jar:?]
	at org.apache.hadoop.ozone.protocolPB.OzoneManagerRequestHandler.handleReadRequest(OzoneManagerRequestHandler.java:250) ~[ozone-manager-1.4.0-SNAPSHOT.jar:?]
	at org.apache.hadoop.ozone.protocolPB.OzoneManagerProtocolServerSideTranslatorPB.submitReadRequestToOM(OzoneManagerProtocolServerSideTranslatorPB.java:225) ~[ozone-manager-1.4.0-SNAPSHOT.jar:?]
	at org.apache.hadoop.ozone.protocolPB.OzoneManagerProtocolServerSideTranslatorPB.processRequest(OzoneManagerProtocolServerSideTranslatorPB.java:179) ~[ozone-manager-1.4.0-SNAPSHOT.jar:?]
	at org.apache.hadoop.hdds.server.OzoneProtocolMessageDispatcher.processRequest(OzoneProtocolMessageDispatcher.java:87) [hdds-server-framework-1.4.0-SNAPSHOT.jar:?]
	at org.apache.hadoop.ozone.protocolPB.OzoneManagerProtocolServerSideTranslatorPB.submitRequest(OzoneManagerProtocolServerSideTranslatorPB.java:148) [ozone-manager-1.4.0-SNAPSHOT.jar:?]
	at org.apache.hadoop.ozone.protocol.proto.OzoneManagerProtocolProtos$OzoneManagerService$2.callBlockingMethod(OzoneManagerProtocolProtos.java) [ozone-interface-client-1.4.0-SNAPSHOT.jar:?]
	at org.apache.hadoop.ipc.ProtobufRpcEngine$Server.processCall(ProtobufRpcEngine.java:484) [hadoop-common-3.3.6.jar:?]
	at org.apache.hadoop.ipc.ProtobufRpcEngine2$Server$ProtoBufRpcInvoker.call(ProtobufRpcEngine2.java:595) [hadoop-common-3.3.6.jar:?]
	at org.apache.hadoop.ipc.ProtobufRpcEngine2$Server$ProtoBufRpcInvoker.call(ProtobufRpcEngine2.java:573) [hadoop-common-3.3.6.jar:?]
	at org.apache.hadoop.ipc.RPC$Server.call(RPC.java:1227) [hadoop-common-3.3.6.jar:?]
	at org.apache.hadoop.ipc.Server$RpcCall.run(Server.java:1094) [hadoop-common-3.3.6.jar:?]
	at org.apache.hadoop.ipc.Server$RpcCall.run(Server.java:1017) [hadoop-common-3.3.6.jar:?]
	at java.security.AccessController.doPrivileged(Native Method) ~[?:1.8.0_382]
	at javax.security.auth.Subject.doAs(Subject.java:422) [?:1.8.0_382]
	at org.apache.hadoop.security.UserGroupInformation.doAs(UserGroupInformation.java:1899) [hadoop-common-3.3.6.jar:?]
	at org.apache.hadoop.ipc.Server$Handler.run(Server.java:3048) [hadoop-common-3.3.6.jar:?]
02:06:30.642 [IPC Server handler 14 on default port 15110] ERROR OMAudit - user=runner | ip=127.0.0.1 | op=GET_FILE_STATUS {volume=volume18939, bucket=bucket36089, key=testBatchDelete/parent/child2, dataSize=0, replicationConfig=null} | ret=FAILURE
org.apache.hadoop.ozone.om.exceptions.OMException: Unable to get file status: volume: volume18939 bucket: bucket36089 key: testBatchDelete/parent/child2
	at org.apache.hadoop.ozone.om.KeyManagerImpl.getOzoneFileStatus(KeyManagerImpl.java:1195) ~[ozone-manager-1.4.0-SNAPSHOT.jar:?]
	at org.apache.hadoop.ozone.om.KeyManagerImpl.getFileStatus(KeyManagerImpl.java:1113) ~[ozone-manager-1.4.0-SNAPSHOT.jar:?]
	at org.apache.hadoop.ozone.om.OmMetadataReader.getFileStatus(OmMetadataReader.java:262) ~[ozone-manager-1.4.0-SNAPSHOT.jar:?]
	at org.apache.hadoop.ozone.om.OzoneManager.getFileStatus(OzoneManager.java:3533) ~[ozone-manager-1.4.0-SNAPSHOT.jar:?]
	at org.apache.hadoop.ozone.protocolPB.OzoneManagerRequestHandler.getOzoneFileStatus(OzoneManagerRequestHandler.java:971) ~[ozone-manager-1.4.0-SNAPSHOT.jar:?]
	at org.apache.hadoop.ozone.protocolPB.OzoneManagerRequestHandler.handleReadRequest(OzoneManagerRequestHandler.java:250) ~[ozone-manager-1.4.0-SNAPSHOT.jar:?]
	at org.apache.hadoop.ozone.protocolPB.OzoneManagerProtocolServerSideTranslatorPB.submitReadRequestToOM(OzoneManagerProtocolServerSideTranslatorPB.java:225) ~[ozone-manager-1.4.0-SNAPSHOT.jar:?]
	at org.apache.hadoop.ozone.protocolPB.OzoneManagerProtocolServerSideTranslatorPB.processRequest(OzoneManagerProtocolServerSideTranslatorPB.java:179) ~[ozone-manager-1.4.0-SNAPSHOT.jar:?]
	at org.apache.hadoop.hdds.server.OzoneProtocolMessageDispatcher.processRequest(OzoneProtocolMessageDispatcher.java:87) [hdds-server-framework-1.4.0-SNAPSHOT.jar:?]
	at org.apache.hadoop.ozone.protocolPB.OzoneManagerProtocolServerSideTranslatorPB.submitRequest(OzoneManagerProtocolServerSideTranslatorPB.java:148) [ozone-manager-1.4.0-SNAPSHOT.jar:?]
	at org.apache.hadoop.ozone.protocol.proto.OzoneManagerProtocolProtos$OzoneManagerService$2.callBlockingMethod(OzoneManagerProtocolProtos.java) [ozone-interface-client-1.4.0-SNAPSHOT.jar:?]
	at org.apache.hadoop.ipc.ProtobufRpcEngine$Server.processCall(ProtobufRpcEngine.java:484) [hadoop-common-3.3.6.jar:?]
	at org.apache.hadoop.ipc.ProtobufRpcEngine2$Server$ProtoBufRpcInvoker.call(ProtobufRpcEngine2.java:595) [hadoop-common-3.3.6.jar:?]
	at org.apache.hadoop.ipc.ProtobufRpcEngine2$Server$ProtoBufRpcInvoker.call(ProtobufRpcEngine2.java:573) [hadoop-common-3.3.6.jar:?]
	at org.apache.hadoop.ipc.RPC$Server.call(RPC.java:1227) [hadoop-common-3.3.6.jar:?]
	at org.apache.hadoop.ipc.Server$RpcCall.run(Server.java:1094) [hadoop-common-3.3.6.jar:?]
	at org.apache.hadoop.ipc.Server$RpcCall.run(Server.java:1017) [hadoop-common-3.3.6.jar:?]
	at java.security.AccessController.doPrivileged(Native Method) ~[?:1.8.0_382]
	at javax.security.auth.Subject.doAs(Subject.java:422) [?:1.8.0_382]
	at org.apache.hadoop.security.UserGroupInformation.doAs(UserGroupInformation.java:1899) [hadoop-common-3.3.6.jar:?]
	at org.apache.hadoop.ipc.Server$Handler.run(Server.java:3048) [hadoop-common-3.3.6.jar:?]
02:06:30.643 [IPC Server handler 15 on default port 15110] ERROR OMAudit - user=runner | ip=127.0.0.1 | op=GET_FILE_STATUS {volume=volume18939, bucket=bucket36089, key=testBatchDelete/parent/childFolder/child2, dataSize=0, replicationConfig=null} | ret=FAILURE
org.apache.hadoop.ozone.om.exceptions.OMException: Unable to get file status: volume: volume18939 bucket: bucket36089 key: testBatchDelete/parent/childFolder/child2
	at org.apache.hadoop.ozone.om.KeyManagerImpl.getOzoneFileStatus(KeyManagerImpl.java:1195) ~[ozone-manager-1.4.0-SNAPSHOT.jar:?]
	at org.apache.hadoop.ozone.om.KeyManagerImpl.getFileStatus(KeyManagerImpl.java:1113) ~[ozone-manager-1.4.0-SNAPSHOT.jar:?]
	at org.apache.hadoop.ozone.om.OmMetadataReader.getFileStatus(OmMetadataReader.java:262) ~[ozone-manager-1.4.0-SNAPSHOT.jar:?]
	at org.apache.hadoop.ozone.om.OzoneManager.getFileStatus(OzoneManager.java:3533) ~[ozone-manager-1.4.0-SNAPSHOT.jar:?]
	at org.apache.hadoop.ozone.protocolPB.OzoneManagerRequestHandler.getOzoneFileStatus(OzoneManagerRequestHandler.java:971) ~[ozone-manager-1.4.0-SNAPSHOT.jar:?]
	at org.apache.hadoop.ozone.protocolPB.OzoneManagerRequestHandler.handleReadRequest(OzoneManagerRequestHandler.java:250) ~[ozone-manager-1.4.0-SNAPSHOT.jar:?]
	at org.apache.hadoop.ozone.protocolPB.OzoneManagerProtocolServerSideTranslatorPB.submitReadRequestToOM(OzoneManagerProtocolServerSideTranslatorPB.java:225) ~[ozone-manager-1.4.0-SNAPSHOT.jar:?]
	at org.apache.hadoop.ozone.protocolPB.OzoneManagerProtocolServerSideTranslatorPB.processRequest(OzoneManagerProtocolServerSideTranslatorPB.java:179) ~[ozone-manager-1.4.0-SNAPSHOT.jar:?]
	at org.apache.hadoop.hdds.server.OzoneProtocolMessageDispatcher.processRequest(OzoneProtocolMessageDispatcher.java:87) [hdds-server-framework-1.4.0-SNAPSHOT.jar:?]
	at org.apache.hadoop.ozone.protocolPB.OzoneManagerProtocolServerSideTranslatorPB.submitRequest(OzoneManagerProtocolServerSideTranslatorPB.java:148) [ozone-manager-1.4.0-SNAPSHOT.jar:?]
	at org.apache.hadoop.ozone.protocol.proto.OzoneManagerProtocolProtos$OzoneManagerService$2.callBlockingMethod(OzoneManagerProtocolProtos.java) [ozone-interface-client-1.4.0-SNAPSHOT.jar:?]
	at org.apache.hadoop.ipc.ProtobufRpcEngine$Server.processCall(ProtobufRpcEngine.java:484) [hadoop-common-3.3.6.jar:?]
	at org.apache.hadoop.ipc.ProtobufRpcEngine2$Server$ProtoBufRpcInvoker.call(ProtobufRpcEngine2.java:595) [hadoop-common-3.3.6.jar:?]
	at org.apache.hadoop.ipc.ProtobufRpcEngine2$Server$ProtoBufRpcInvoker.call(ProtobufRpcEngine2.java:573) [hadoop-common-3.3.6.jar:?]
	at org.apache.hadoop.ipc.RPC$Server.call(RPC.java:1227) [hadoop-common-3.3.6.jar:?]
	at org.apache.hadoop.ipc.Server$RpcCall.run(Server.java:1094) [hadoop-common-3.3.6.jar:?]
	at org.apache.hadoop.ipc.Server$RpcCall.run(Server.java:1017) [hadoop-common-3.3.6.jar:?]
	at java.security.AccessController.doPrivileged(Native Method) ~[?:1.8.0_382]
	at javax.security.auth.Subject.doAs(Subject.java:422) [?:1.8.0_382]
	at org.apache.hadoop.security.UserGroupInformation.doAs(UserGroupInformation.java:1899) [hadoop-common-3.3.6.jar:?]
	at org.apache.hadoop.ipc.Server$Handler.run(Server.java:3048) [hadoop-common-3.3.6.jar:?]
02:06:30.644 [IPC Server handler 16 on default port 15110] ERROR OMAudit - user=runner | ip=127.0.0.1 | op=GET_FILE_STATUS {volume=volume18939, bucket=bucket36089, key=testBatchDelete/parent/child3, dataSize=0, replicationConfig=null} | ret=FAILURE
org.apache.hadoop.ozone.om.exceptions.OMException: Unable to get file status: volume: volume18939 bucket: bucket36089 key: testBatchDelete/parent/child3
	at org.apache.hadoop.ozone.om.KeyManagerImpl.getOzoneFileStatus(KeyManagerImpl.java:1195) ~[ozone-manager-1.4.0-SNAPSHOT.jar:?]
	at org.apache.hadoop.ozone.om.KeyManagerImpl.getFileStatus(KeyManagerImpl.java:1113) ~[ozone-manager-1.4.0-SNAPSHOT.jar:?]
	at org.apache.hadoop.ozone.om.OmMetadataReader.getFileStatus(OmMetadataReader.java:262) ~[ozone-manager-1.4.0-SNAPSHOT.jar:?]
	at org.apache.hadoop.ozone.om.OzoneManager.getFileStatus(OzoneManager.java:3533) ~[ozone-manager-1.4.0-SNAPSHOT.jar:?]
	at org.apache.hadoop.ozone.protocolPB.OzoneManagerRequestHandler.getOzoneFileStatus(OzoneManagerRequestHandler.java:971) ~[ozone-manager-1.4.0-SNAPSHOT.jar:?]
	at org.apache.hadoop.ozone.protocolPB.OzoneManagerRequestHandler.handleReadRequest(OzoneManagerRequestHandler.java:250) ~[ozone-manager-1.4.0-SNAPSHOT.jar:?]
	at org.apache.hadoop.ozone.protocolPB.OzoneManagerProtocolServerSideTranslatorPB.submitReadRequestToOM(OzoneManagerProtocolServerSideTranslatorPB.java:225) ~[ozone-manager-1.4.0-SNAPSHOT.jar:?]
	at org.apache.hadoop.ozone.protocolPB.OzoneManagerProtocolServerSideTranslatorPB.processRequest(OzoneManagerProtocolServerSideTranslatorPB.java:179) ~[ozone-manager-1.4.0-SNAPSHOT.jar:?]
	at org.apache.hadoop.hdds.server.OzoneProtocolMessageDispatcher.processRequest(OzoneProtocolMessageDispatcher.java:87) [hdds-server-framework-1.4.0-SNAPSHOT.jar:?]
	at org.apache.hadoop.ozone.protocolPB.OzoneManagerProtocolServerSideTranslatorPB.submitRequest(OzoneManagerProtocolServerSideTranslatorPB.java:148) [ozone-manager-1.4.0-SNAPSHOT.jar:?]
	at org.apache.hadoop.ozone.protocol.proto.OzoneManagerProtocolProtos$OzoneManagerService$2.callBlockingMethod(OzoneManagerProtocolProtos.java) [ozone-interface-client-1.4.0-SNAPSHOT.jar:?]
	at org.apache.hadoop.ipc.ProtobufRpcEngine$Server.processCall(ProtobufRpcEngine.java:484) [hadoop-common-3.3.6.jar:?]
	at org.apache.hadoop.ipc.ProtobufRpcEngine2$Server$ProtoBufRpcInvoker.call(ProtobufRpcEngine2.java:595) [hadoop-common-3.3.6.jar:?]
	at org.apache.hadoop.ipc.ProtobufRpcEngine2$Server$ProtoBufRpcInvoker.call(ProtobufRpcEngine2.java:573) [hadoop-common-3.3.6.jar:?]
	at org.apache.hadoop.ipc.RPC$Server.call(RPC.java:1227) [hadoop-common-3.3.6.jar:?]
	at org.apache.hadoop.ipc.Server$RpcCall.run(Server.java:1094) [hadoop-common-3.3.6.jar:?]
	at org.apache.hadoop.ipc.Server$RpcCall.run(Server.java:1017) [hadoop-common-3.3.6.jar:?]
	at java.security.AccessController.doPrivileged(Native Method) ~[?:1.8.0_382]
	at javax.security.auth.Subject.doAs(Subject.java:422) [?:1.8.0_382]
	at org.apache.hadoop.security.UserGroupInformation.doAs(UserGroupInformation.java:1899) [hadoop-common-3.3.6.jar:?]
	at org.apache.hadoop.ipc.Server$Handler.run(Server.java:3048) [hadoop-common-3.3.6.jar:?]
02:06:30.644 [IPC Server handler 17 on default port 15110] ERROR OMAudit - user=runner | ip=127.0.0.1 | op=GET_FILE_STATUS {volume=volume18939, bucket=bucket36089, key=testBatchDelete/parent/childFolder/child3, dataSize=0, replicationConfig=null} | ret=FAILURE
org.apache.hadoop.ozone.om.exceptions.OMException: Unable to get file status: volume: volume18939 bucket: bucket36089 key: testBatchDelete/parent/childFolder/child3
	at org.apache.hadoop.ozone.om.KeyManagerImpl.getOzoneFileStatus(KeyManagerImpl.java:1195) ~[ozone-manager-1.4.0-SNAPSHOT.jar:?]
	at org.apache.hadoop.ozone.om.KeyManagerImpl.getFileStatus(KeyManagerImpl.java:1113) ~[ozone-manager-1.4.0-SNAPSHOT.jar:?]
	at org.apache.hadoop.ozone.om.OmMetadataReader.getFileStatus(OmMetadataReader.java:262) ~[ozone-manager-1.4.0-SNAPSHOT.jar:?]
	at org.apache.hadoop.ozone.om.OzoneManager.getFileStatus(OzoneManager.java:3533) ~[ozone-manager-1.4.0-SNAPSHOT.jar:?]
	at org.apache.hadoop.ozone.protocolPB.OzoneManagerRequestHandler.getOzoneFileStatus(OzoneManagerRequestHandler.java:971) ~[ozone-manager-1.4.0-SNAPSHOT.jar:?]
	at org.apache.hadoop.ozone.protocolPB.OzoneManagerRequestHandler.handleReadRequest(OzoneManagerRequestHandler.java:250) ~[ozone-manager-1.4.0-SNAPSHOT.jar:?]
	at org.apache.hadoop.ozone.protocolPB.OzoneManagerProtocolServerSideTranslatorPB.submitReadRequestToOM(OzoneManagerProtocolServerSideTranslatorPB.java:225) ~[ozone-manager-1.4.0-SNAPSHOT.jar:?]
	at org.apache.hadoop.ozone.protocolPB.OzoneManagerProtocolServerSideTranslatorPB.processRequest(OzoneManagerProtocolServerSideTranslatorPB.java:179) ~[ozone-manager-1.4.0-SNAPSHOT.jar:?]
	at org.apache.hadoop.hdds.server.OzoneProtocolMessageDispatcher.processRequest(OzoneProtocolMessageDispatcher.java:87) [hdds-server-framework-1.4.0-SNAPSHOT.jar:?]
	at org.apache.hadoop.ozone.protocolPB.OzoneManagerProtocolServerSideTranslatorPB.submitRequest(OzoneManagerProtocolServerSideTranslatorPB.java:148) [ozone-manager-1.4.0-SNAPSHOT.jar:?]
	at org.apache.hadoop.ozone.protocol.proto.OzoneManagerProtocolProtos$OzoneManagerService$2.callBlockingMethod(OzoneManagerProtocolProtos.java) [ozone-interface-client-1.4.0-SNAPSHOT.jar:?]
	at org.apache.hadoop.ipc.ProtobufRpcEngine$Server.processCall(ProtobufRpcEngine.java:484) [hadoop-common-3.3.6.jar:?]
	at org.apache.hadoop.ipc.ProtobufRpcEngine2$Server$ProtoBufRpcInvoker.call(ProtobufRpcEngine2.java:595) [hadoop-common-3.3.6.jar:?]
	at org.apache.hadoop.ipc.ProtobufRpcEngine2$Server$ProtoBufRpcInvoker.call(ProtobufRpcEngine2.java:573) [hadoop-common-3.3.6.jar:?]
	at org.apache.hadoop.ipc.RPC$Server.call(RPC.java:1227) [hadoop-common-3.3.6.jar:?]
	at org.apache.hadoop.ipc.Server$RpcCall.run(Server.java:1094) [hadoop-common-3.3.6.jar:?]
	at org.apache.hadoop.ipc.Server$RpcCall.run(Server.java:1017) [hadoop-common-3.3.6.jar:?]
	at java.security.AccessController.doPrivileged(Native Method) ~[?:1.8.0_382]
	at javax.security.auth.Subject.doAs(Subject.java:422) [?:1.8.0_382]
	at org.apache.hadoop.security.UserGroupInformation.doAs(UserGroupInformation.java:1899) [hadoop-common-3.3.6.jar:?]
	at org.apache.hadoop.ipc.Server$Handler.run(Server.java:3048) [hadoop-common-3.3.6.jar:?]
02:06:30.645 [IPC Server handler 18 on default port 15110] ERROR OMAudit - user=runner | ip=127.0.0.1 | op=GET_FILE_STATUS {volume=volume18939, bucket=bucket36089, key=testBatchDelete/parent/child4, dataSize=0, replicationConfig=null} | ret=FAILURE
org.apache.hadoop.ozone.om.exceptions.OMException: Unable to get file status: volume: volume18939 bucket: bucket36089 key: testBatchDelete/parent/child4
	at org.apache.hadoop.ozone.om.KeyManagerImpl.getOzoneFileStatus(KeyManagerImpl.java:1195) ~[ozone-manager-1.4.0-SNAPSHOT.jar:?]
	at org.apache.hadoop.ozone.om.KeyManagerImpl.getFileStatus(KeyManagerImpl.java:1113) ~[ozone-manager-1.4.0-SNAPSHOT.jar:?]
	at org.apache.hadoop.ozone.om.OmMetadataReader.getFileStatus(OmMetadataReader.java:262) ~[ozone-manager-1.4.0-SNAPSHOT.jar:?]
	at org.apache.hadoop.ozone.om.OzoneManager.getFileStatus(OzoneManager.java:3533) ~[ozone-manager-1.4.0-SNAPSHOT.jar:?]
	at org.apache.hadoop.ozone.protocolPB.OzoneManagerRequestHandler.getOzoneFileStatus(OzoneManagerRequestHandler.java:971) ~[ozone-manager-1.4.0-SNAPSHOT.jar:?]
	at org.apache.hadoop.ozone.protocolPB.OzoneManagerRequestHandler.handleReadRequest(OzoneManagerRequestHandler.java:250) ~[ozone-manager-1.4.0-SNAPSHOT.jar:?]
	at org.apache.hadoop.ozone.protocolPB.OzoneManagerProtocolServerSideTranslatorPB.submitReadRequestToOM(OzoneManagerProtocolServerSideTranslatorPB.java:225) ~[ozone-manager-1.4.0-SNAPSHOT.jar:?]
	at org.apache.hadoop.ozone.protocolPB.OzoneManagerProtocolServerSideTranslatorPB.processRequest(OzoneManagerProtocolServerSideTranslatorPB.java:179) ~[ozone-manager-1.4.0-SNAPSHOT.jar:?]
	at org.apache.hadoop.hdds.server.OzoneProtocolMessageDispatcher.processRequest(OzoneProtocolMessageDispatcher.java:87) [hdds-server-framework-1.4.0-SNAPSHOT.jar:?]
	at org.apache.hadoop.ozone.protocolPB.OzoneManagerProtocolServerSideTranslatorPB.submitRequest(OzoneManagerProtocolServerSideTranslatorPB.java:148) [ozone-manager-1.4.0-SNAPSHOT.jar:?]
	at org.apache.hadoop.ozone.protocol.proto.OzoneManagerProtocolProtos$OzoneManagerService$2.callBlockingMethod(OzoneManagerProtocolProtos.java) [ozone-interface-client-1.4.0-SNAPSHOT.jar:?]
	at org.apache.hadoop.ipc.ProtobufRpcEngine$Server.processCall(ProtobufRpcEngine.java:484) [hadoop-common-3.3.6.jar:?]
	at org.apache.hadoop.ipc.ProtobufRpcEngine2$Server$ProtoBufRpcInvoker.call(ProtobufRpcEngine2.java:595) [hadoop-common-3.3.6.jar:?]
	at org.apache.hadoop.ipc.ProtobufRpcEngine2$Server$ProtoBufRpcInvoker.call(ProtobufRpcEngine2.java:573) [hadoop-common-3.3.6.jar:?]
	at org.apache.hadoop.ipc.RPC$Server.call(RPC.java:1227) [hadoop-common-3.3.6.jar:?]
	at org.apache.hadoop.ipc.Server$RpcCall.run(Server.java:1094) [hadoop-common-3.3.6.jar:?]
	at org.apache.hadoop.ipc.Server$RpcCall.run(Server.java:1017) [hadoop-common-3.3.6.jar:?]
	at java.security.AccessController.doPrivileged(Native Method) ~[?:1.8.0_382]
	at javax.security.auth.Subject.doAs(Subject.java:422) [?:1.8.0_382]
	at org.apache.hadoop.security.UserGroupInformation.doAs(UserGroupInformation.java:1899) [hadoop-common-3.3.6.jar:?]
	at org.apache.hadoop.ipc.Server$Handler.run(Server.java:3048) [hadoop-common-3.3.6.jar:?]
02:06:30.646 [IPC Server handler 19 on default port 15110] ERROR OMAudit - user=runner | ip=127.0.0.1 | op=GET_FILE_STATUS {volume=volume18939, bucket=bucket36089, key=testBatchDelete/parent/childFolder/child4, dataSize=0, replicationConfig=null} | ret=FAILURE
org.apache.hadoop.ozone.om.exceptions.OMException: Unable to get file status: volume: volume18939 bucket: bucket36089 key: testBatchDelete/parent/childFolder/child4
	at org.apache.hadoop.ozone.om.KeyManagerImpl.getOzoneFileStatus(KeyManagerImpl.java:1195) ~[ozone-manager-1.4.0-SNAPSHOT.jar:?]
	at org.apache.hadoop.ozone.om.KeyManagerImpl.getFileStatus(KeyManagerImpl.java:1113) ~[ozone-manager-1.4.0-SNAPSHOT.jar:?]
	at org.apache.hadoop.ozone.om.OmMetadataReader.getFileStatus(OmMetadataReader.java:262) ~[ozone-manager-1.4.0-SNAPSHOT.jar:?]
	at org.apache.hadoop.ozone.om.OzoneManager.getFileStatus(OzoneManager.java:3533) ~[ozone-manager-1.4.0-SNAPSHOT.jar:?]
	at org.apache.hadoop.ozone.protocolPB.OzoneManagerRequestHandler.getOzoneFileStatus(OzoneManagerRequestHandler.java:971) ~[ozone-manager-1.4.0-SNAPSHOT.jar:?]
	at org.apache.hadoop.ozone.protocolPB.OzoneManagerRequestHandler.handleReadRequest(OzoneManagerRequestHandler.java:250) ~[ozone-manager-1.4.0-SNAPSHOT.jar:?]
	at org.apache.hadoop.ozone.protocolPB.OzoneManagerProtocolServerSideTranslatorPB.submitReadRequestToOM(OzoneManagerProtocolServerSideTranslatorPB.java:225) ~[ozone-manager-1.4.0-SNAPSHOT.jar:?]
	at org.apache.hadoop.ozone.protocolPB.OzoneManagerProtocolServerSideTranslatorPB.processRequest(OzoneManagerProtocolServerSideTranslatorPB.java:179) ~[ozone-manager-1.4.0-SNAPSHOT.jar:?]
	at org.apache.hadoop.hdds.server.OzoneProtocolMessageDispatcher.processRequest(OzoneProtocolMessageDispatcher.java:87) [hdds-server-framework-1.4.0-SNAPSHOT.jar:?]
	at org.apache.hadoop.ozone.protocolPB.OzoneManagerProtocolServerSideTranslatorPB.submitRequest(OzoneManagerProtocolServerSideTranslatorPB.java:148) [ozone-manager-1.4.0-SNAPSHOT.jar:?]
	at org.apache.hadoop.ozone.protocol.proto.OzoneManagerProtocolProtos$OzoneManagerService$2.callBlockingMethod(OzoneManagerProtocolProtos.java) [ozone-interface-client-1.4.0-SNAPSHOT.jar:?]
	at org.apache.hadoop.ipc.ProtobufRpcEngine$Server.processCall(ProtobufRpcEngine.java:484) [hadoop-common-3.3.6.jar:?]
	at org.apache.hadoop.ipc.ProtobufRpcEngine2$Server$ProtoBufRpcInvoker.call(ProtobufRpcEngine2.java:595) [hadoop-common-3.3.6.jar:?]
	at org.apache.hadoop.ipc.ProtobufRpcEngine2$Server$ProtoBufRpcInvoker.call(ProtobufRpcEngine2.java:573) [hadoop-common-3.3.6.jar:?]
	at org.apache.hadoop.ipc.RPC$Server.call(RPC.java:1227) [hadoop-common-3.3.6.jar:?]
	at org.apache.hadoop.ipc.Server$RpcCall.run(Server.java:1094) [hadoop-common-3.3.6.jar:?]
	at org.apache.hadoop.ipc.Server$RpcCall.run(Server.java:1017) [hadoop-common-3.3.6.jar:?]
	at java.security.AccessController.doPrivileged(Native Method) ~[?:1.8.0_382]
	at javax.security.auth.Subject.doAs(Subject.java:422) [?:1.8.0_382]
	at org.apache.hadoop.security.UserGroupInformation.doAs(UserGroupInformation.java:1899) [hadoop-common-3.3.6.jar:?]
	at org.apache.hadoop.ipc.Server$Handler.run(Server.java:3048) [hadoop-common-3.3.6.jar:?]
02:06:30.647 [IPC Server handler 11 on default port 15110] ERROR OMAudit - user=runner | ip=127.0.0.1 | op=GET_FILE_STATUS {volume=volume18939, bucket=bucket36089, key=testBatchDelete/parent/child5, dataSize=0, replicationConfig=null} | ret=FAILURE
org.apache.hadoop.ozone.om.exceptions.OMException: Unable to get file status: volume: volume18939 bucket: bucket36089 key: testBatchDelete/parent/child5
	at org.apache.hadoop.ozone.om.KeyManagerImpl.getOzoneFileStatus(KeyManagerImpl.java:1195) ~[ozone-manager-1.4.0-SNAPSHOT.jar:?]
	at org.apache.hadoop.ozone.om.KeyManagerImpl.getFileStatus(KeyManagerImpl.java:1113) ~[ozone-manager-1.4.0-SNAPSHOT.jar:?]
	at org.apache.hadoop.ozone.om.OmMetadataReader.getFileStatus(OmMetadataReader.java:262) ~[ozone-manager-1.4.0-SNAPSHOT.jar:?]
	at org.apache.hadoop.ozone.om.OzoneManager.getFileStatus(OzoneManager.java:3533) ~[ozone-manager-1.4.0-SNAPSHOT.jar:?]
	at org.apache.hadoop.ozone.protocolPB.OzoneManagerRequestHandler.getOzoneFileStatus(OzoneManagerRequestHandler.java:971) ~[ozone-manager-1.4.0-SNAPSHOT.jar:?]
	at org.apache.hadoop.ozone.protocolPB.OzoneManagerRequestHandler.handleReadRequest(OzoneManagerRequestHandler.java:250) ~[ozone-manager-1.4.0-SNAPSHOT.jar:?]
	at org.apache.hadoop.ozone.protocolPB.OzoneManagerProtocolServerSideTranslatorPB.submitReadRequestToOM(OzoneManagerProtocolServerSideTranslatorPB.java:225) ~[ozone-manager-1.4.0-SNAPSHOT.jar:?]
	at org.apache.hadoop.ozone.protocolPB.OzoneManagerProtocolServerSideTranslatorPB.processRequest(OzoneManagerProtocolServerSideTranslatorPB.java:179) ~[ozone-manager-1.4.0-SNAPSHOT.jar:?]
	at org.apache.hadoop.hdds.server.OzoneProtocolMessageDispatcher.processRequest(OzoneProtocolMessageDispatcher.java:87) [hdds-server-framework-1.4.0-SNAPSHOT.jar:?]
	at org.apache.hadoop.ozone.protocolPB.OzoneManagerProtocolServerSideTranslatorPB.submitRequest(OzoneManagerProtocolServerSideTranslatorPB.java:148) [ozone-manager-1.4.0-SNAPSHOT.jar:?]
	at org.apache.hadoop.ozone.protocol.proto.OzoneManagerProtocolProtos$OzoneManagerService$2.callBlockingMethod(OzoneManagerProtocolProtos.java) [ozone-interface-client-1.4.0-SNAPSHOT.jar:?]
	at org.apache.hadoop.ipc.ProtobufRpcEngine$Server.processCall(ProtobufRpcEngine.java:484) [hadoop-common-3.3.6.jar:?]
	at org.apache.hadoop.ipc.ProtobufRpcEngine2$Server$ProtoBufRpcInvoker.call(ProtobufRpcEngine2.java:595) [hadoop-common-3.3.6.jar:?]
	at org.apache.hadoop.ipc.ProtobufRpcEngine2$Server$ProtoBufRpcInvoker.call(ProtobufRpcEngine2.java:573) [hadoop-common-3.3.6.jar:?]
	at org.apache.hadoop.ipc.RPC$Server.call(RPC.java:1227) [hadoop-common-3.3.6.jar:?]
	at org.apache.hadoop.ipc.Server$RpcCall.run(Server.java:1094) [hadoop-common-3.3.6.jar:?]
	at org.apache.hadoop.ipc.Server$RpcCall.run(Server.java:1017) [hadoop-common-3.3.6.jar:?]
	at java.security.AccessController.doPrivileged(Native Method) ~[?:1.8.0_382]
	at javax.security.auth.Subject.doAs(Subject.java:422) [?:1.8.0_382]
	at org.apache.hadoop.security.UserGroupInformation.doAs(UserGroupInformation.java:1899) [hadoop-common-3.3.6.jar:?]
	at org.apache.hadoop.ipc.Server$Handler.run(Server.java:3048) [hadoop-common-3.3.6.jar:?]
02:06:30.647 [IPC Server handler 12 on default port 15110] ERROR OMAudit - user=runner | ip=127.0.0.1 | op=GET_FILE_STATUS {volume=volume18939, bucket=bucket36089, key=testBatchDelete/parent/childFolder/child5, dataSize=0, replicationConfig=null} | ret=FAILURE
org.apache.hadoop.ozone.om.exceptions.OMException: Unable to get file status: volume: volume18939 bucket: bucket36089 key: testBatchDelete/parent/childFolder/child5
	at org.apache.hadoop.ozone.om.KeyManagerImpl.getOzoneFileStatus(KeyManagerImpl.java:1195) ~[ozone-manager-1.4.0-SNAPSHOT.jar:?]
	at org.apache.hadoop.ozone.om.KeyManagerImpl.getFileStatus(KeyManagerImpl.java:1113) ~[ozone-manager-1.4.0-SNAPSHOT.jar:?]
	at org.apache.hadoop.ozone.om.OmMetadataReader.getFileStatus(OmMetadataReader.java:262) ~[ozone-manager-1.4.0-SNAPSHOT.jar:?]
	at org.apache.hadoop.ozone.om.OzoneManager.getFileStatus(OzoneManager.java:3533) ~[ozone-manager-1.4.0-SNAPSHOT.jar:?]
	at org.apache.hadoop.ozone.protocolPB.OzoneManagerRequestHandler.getOzoneFileStatus(OzoneManagerRequestHandler.java:971) ~[ozone-manager-1.4.0-SNAPSHOT.jar:?]
	at org.apache.hadoop.ozone.protocolPB.OzoneManagerRequestHandler.handleReadRequest(OzoneManagerRequestHandler.java:250) ~[ozone-manager-1.4.0-SNAPSHOT.jar:?]
	at org.apache.hadoop.ozone.protocolPB.OzoneManagerProtocolServerSideTranslatorPB.submitReadRequestToOM(OzoneManagerProtocolServerSideTranslatorPB.java:225) ~[ozone-manager-1.4.0-SNAPSHOT.jar:?]
	at org.apache.hadoop.ozone.protocolPB.OzoneManagerProtocolServerSideTranslatorPB.processRequest(OzoneManagerProtocolServerSideTranslatorPB.java:179) ~[ozone-manager-1.4.0-SNAPSHOT.jar:?]
	at org.apache.hadoop.hdds.server.OzoneProtocolMessageDispatcher.processRequest(OzoneProtocolMessageDispatcher.java:87) [hdds-server-framework-1.4.0-SNAPSHOT.jar:?]
	at org.apache.hadoop.ozone.protocolPB.OzoneManagerProtocolServerSideTranslatorPB.submitRequest(OzoneManagerProtocolServerSideTranslatorPB.java:148) [ozone-manager-1.4.0-SNAPSHOT.jar:?]
	at org.apache.hadoop.ozone.protocol.proto.OzoneManagerProtocolProtos$OzoneManagerService$2.callBlockingMethod(OzoneManagerProtocolProtos.java) [ozone-interface-client-1.4.0-SNAPSHOT.jar:?]
	at org.apache.hadoop.ipc.ProtobufRpcEngine$Server.processCall(ProtobufRpcEngine.java:484) [hadoop-common-3.3.6.jar:?]
	at org.apache.hadoop.ipc.ProtobufRpcEngine2$Server$ProtoBufRpcInvoker.call(ProtobufRpcEngine2.java:595) [hadoop-common-3.3.6.jar:?]
	at org.apache.hadoop.ipc.ProtobufRpcEngine2$Server$ProtoBufRpcInvoker.call(ProtobufRpcEngine2.java:573) [hadoop-common-3.3.6.jar:?]
	at org.apache.hadoop.ipc.RPC$Server.call(RPC.java:1227) [hadoop-common-3.3.6.jar:?]
	at org.apache.hadoop.ipc.Server$RpcCall.run(Server.java:1094) [hadoop-common-3.3.6.jar:?]
	at org.apache.hadoop.ipc.Server$RpcCall.run(Server.java:1017) [hadoop-common-3.3.6.jar:?]
	at java.security.AccessController.doPrivileged(Native Method) ~[?:1.8.0_382]
	at javax.security.auth.Subject.doAs(Subject.java:422) [?:1.8.0_382]
	at org.apache.hadoop.security.UserGroupInformation.doAs(UserGroupInformation.java:1899) [hadoop-common-3.3.6.jar:?]
	at org.apache.hadoop.ipc.Server$Handler.run(Server.java:3048) [hadoop-common-3.3.6.jar:?]
02:06:30.648 [IPC Server handler 0 on default port 15110] ERROR OMAudit - user=runner | ip=127.0.0.1 | op=GET_FILE_STATUS {volume=volume18939, bucket=bucket36089, key=testBatchDelete/parent/child6, dataSize=0, replicationConfig=null} | ret=FAILURE
org.apache.hadoop.ozone.om.exceptions.OMException: Unable to get file status: volume: volume18939 bucket: bucket36089 key: testBatchDelete/parent/child6
	at org.apache.hadoop.ozone.om.KeyManagerImpl.getOzoneFileStatus(KeyManagerImpl.java:1195) ~[ozone-manager-1.4.0-SNAPSHOT.jar:?]
	at org.apache.hadoop.ozone.om.KeyManagerImpl.getFileStatus(KeyManagerImpl.java:1113) ~[ozone-manager-1.4.0-SNAPSHOT.jar:?]
	at org.apache.hadoop.ozone.om.OmMetadataReader.getFileStatus(OmMetadataReader.java:262) ~[ozone-manager-1.4.0-SNAPSHOT.jar:?]
	at org.apache.hadoop.ozone.om.OzoneManager.getFileStatus(OzoneManager.java:3533) ~[ozone-manager-1.4.0-SNAPSHOT.jar:?]
	at org.apache.hadoop.ozone.protocolPB.OzoneManagerRequestHandler.getOzoneFileStatus(OzoneManagerRequestHandler.java:971) ~[ozone-manager-1.4.0-SNAPSHOT.jar:?]
	at org.apache.hadoop.ozone.protocolPB.OzoneManagerRequestHandler.handleReadRequest(OzoneManagerRequestHandler.java:250) ~[ozone-manager-1.4.0-SNAPSHOT.jar:?]
	at org.apache.hadoop.ozone.protocolPB.OzoneManagerProtocolServerSideTranslatorPB.submitReadRequestToOM(OzoneManagerProtocolServerSideTranslatorPB.java:225) ~[ozone-manager-1.4.0-SNAPSHOT.jar:?]
	at org.apache.hadoop.ozone.protocolPB.OzoneManagerProtocolServerSideTranslatorPB.processRequest(OzoneManagerProtocolServerSideTranslatorPB.java:179) ~[ozone-manager-1.4.0-SNAPSHOT.jar:?]
	at org.apache.hadoop.hdds.server.OzoneProtocolMessageDispatcher.processRequest(OzoneProtocolMessageDispatcher.java:87) [hdds-server-framework-1.4.0-SNAPSHOT.jar:?]
	at org.apache.hadoop.ozone.protocolPB.OzoneManagerProtocolServerSideTranslatorPB.submitRequest(OzoneManagerProtocolServerSideTranslatorPB.java:148) [ozone-manager-1.4.0-SNAPSHOT.jar:?]
	at org.apache.hadoop.ozone.protocol.proto.OzoneManagerProtocolProtos$OzoneManagerService$2.callBlockingMethod(OzoneManagerProtocolProtos.java) [ozone-interface-client-1.4.0-SNAPSHOT.jar:?]
	at org.apache.hadoop.ipc.ProtobufRpcEngine$Server.processCall(ProtobufRpcEngine.java:484) [hadoop-common-3.3.6.jar:?]
	at org.apache.hadoop.ipc.ProtobufRpcEngine2$Server$ProtoBufRpcInvoker.call(ProtobufRpcEngine2.java:595) [hadoop-common-3.3.6.jar:?]
	at org.apache.hadoop.ipc.ProtobufRpcEngine2$Server$ProtoBufRpcInvoker.call(ProtobufRpcEngine2.java:573) [hadoop-common-3.3.6.jar:?]
	at org.apache.hadoop.ipc.RPC$Server.call(RPC.java:1227) [hadoop-common-3.3.6.jar:?]
	at org.apache.hadoop.ipc.Server$RpcCall.run(Server.java:1094) [hadoop-common-3.3.6.jar:?]
	at org.apache.hadoop.ipc.Server$RpcCall.run(Server.java:1017) [hadoop-common-3.3.6.jar:?]
	at java.security.AccessController.doPrivileged(Native Method) ~[?:1.8.0_382]
	at javax.security.auth.Subject.doAs(Subject.java:422) [?:1.8.0_382]
	at org.apache.hadoop.security.UserGroupInformation.doAs(UserGroupInformation.java:1899) [hadoop-common-3.3.6.jar:?]
	at org.apache.hadoop.ipc.Server$Handler.run(Server.java:3048) [hadoop-common-3.3.6.jar:?]
02:06:30.649 [IPC Server handler 1 on default port 15110] ERROR OMAudit - user=runner | ip=127.0.0.1 | op=GET_FILE_STATUS {volume=volume18939, bucket=bucket36089, key=testBatchDelete/parent/childFolder/child6, dataSize=0, replicationConfig=null} | ret=FAILURE
org.apache.hadoop.ozone.om.exceptions.OMException: Unable to get file status: volume: volume18939 bucket: bucket36089 key: testBatchDelete/parent/childFolder/child6
	at org.apache.hadoop.ozone.om.KeyManagerImpl.getOzoneFileStatus(KeyManagerImpl.java:1195) ~[ozone-manager-1.4.0-SNAPSHOT.jar:?]
	at org.apache.hadoop.ozone.om.KeyManagerImpl.getFileStatus(KeyManagerImpl.java:1113) ~[ozone-manager-1.4.0-SNAPSHOT.jar:?]
	at org.apache.hadoop.ozone.om.OmMetadataReader.getFileStatus(OmMetadataReader.java:262) ~[ozone-manager-1.4.0-SNAPSHOT.jar:?]
	at org.apache.hadoop.ozone.om.OzoneManager.getFileStatus(OzoneManager.java:3533) ~[ozone-manager-1.4.0-SNAPSHOT.jar:?]
	at org.apache.hadoop.ozone.protocolPB.OzoneManagerRequestHandler.getOzoneFileStatus(OzoneManagerRequestHandler.java:971) ~[ozone-manager-1.4.0-SNAPSHOT.jar:?]
	at org.apache.hadoop.ozone.protocolPB.OzoneManagerRequestHandler.handleReadRequest(OzoneManagerRequestHandler.java:250) ~[ozone-manager-1.4.0-SNAPSHOT.jar:?]
	at org.apache.hadoop.ozone.protocolPB.OzoneManagerProtocolServerSideTranslatorPB.submitReadRequestToOM(OzoneManagerProtocolServerSideTranslatorPB.java:225) ~[ozone-manager-1.4.0-SNAPSHOT.jar:?]
	at org.apache.hadoop.ozone.protocolPB.OzoneManagerProtocolServerSideTranslatorPB.processRequest(OzoneManagerProtocolServerSideTranslatorPB.java:179) ~[ozone-manager-1.4.0-SNAPSHOT.jar:?]
	at org.apache.hadoop.hdds.server.OzoneProtocolMessageDispatcher.processRequest(OzoneProtocolMessageDispatcher.java:87) [hdds-server-framework-1.4.0-SNAPSHOT.jar:?]
	at org.apache.hadoop.ozone.protocolPB.OzoneManagerProtocolServerSideTranslatorPB.submitRequest(OzoneManagerProtocolServerSideTranslatorPB.java:148) [ozone-manager-1.4.0-SNAPSHOT.jar:?]
	at org.apache.hadoop.ozone.protocol.proto.OzoneManagerProtocolProtos$OzoneManagerService$2.callBlockingMethod(OzoneManagerProtocolProtos.java) [ozone-interface-client-1.4.0-SNAPSHOT.jar:?]
	at org.apache.hadoop.ipc.ProtobufRpcEngine$Server.processCall(ProtobufRpcEngine.java:484) [hadoop-common-3.3.6.jar:?]
	at org.apache.hadoop.ipc.ProtobufRpcEngine2$Server$ProtoBufRpcInvoker.call(ProtobufRpcEngine2.java:595) [hadoop-common-3.3.6.jar:?]
	at org.apache.hadoop.ipc.ProtobufRpcEngine2$Server$ProtoBufRpcInvoker.call(ProtobufRpcEngine2.java:573) [hadoop-common-3.3.6.jar:?]
	at org.apache.hadoop.ipc.RPC$Server.call(RPC.java:1227) [hadoop-common-3.3.6.jar:?]
	at org.apache.hadoop.ipc.Server$RpcCall.run(Server.java:1094) [hadoop-common-3.3.6.jar:?]
	at org.apache.hadoop.ipc.Server$RpcCall.run(Server.java:1017) [hadoop-common-3.3.6.jar:?]
	at java.security.AccessController.doPrivileged(Native Method) ~[?:1.8.0_382]
	at javax.security.auth.Subject.doAs(Subject.java:422) [?:1.8.0_382]
	at org.apache.hadoop.security.UserGroupInformation.doAs(UserGroupInformation.java:1899) [hadoop-common-3.3.6.jar:?]
	at org.apache.hadoop.ipc.Server$Handler.run(Server.java:3048) [hadoop-common-3.3.6.jar:?]
02:06:30.650 [IPC Server handler 2 on default port 15110] ERROR OMAudit - user=runner | ip=127.0.0.1 | op=GET_FILE_STATUS {volume=volume18939, bucket=bucket36089, key=testBatchDelete/parent/child7, dataSize=0, replicationConfig=null} | ret=FAILURE
org.apache.hadoop.ozone.om.exceptions.OMException: Unable to get file status: volume: volume18939 bucket: bucket36089 key: testBatchDelete/parent/child7
	at org.apache.hadoop.ozone.om.KeyManagerImpl.getOzoneFileStatus(KeyManagerImpl.java:1195) ~[ozone-manager-1.4.0-SNAPSHOT.jar:?]
	at org.apache.hadoop.ozone.om.KeyManagerImpl.getFileStatus(KeyManagerImpl.java:1113) ~[ozone-manager-1.4.0-SNAPSHOT.jar:?]
	at org.apache.hadoop.ozone.om.OmMetadataReader.getFileStatus(OmMetadataReader.java:262) ~[ozone-manager-1.4.0-SNAPSHOT.jar:?]
	at org.apache.hadoop.ozone.om.OzoneManager.getFileStatus(OzoneManager.java:3533) ~[ozone-manager-1.4.0-SNAPSHOT.jar:?]
	at org.apache.hadoop.ozone.protocolPB.OzoneManagerRequestHandler.getOzoneFileStatus(OzoneManagerRequestHandler.java:971) ~[ozone-manager-1.4.0-SNAPSHOT.jar:?]
	at org.apache.hadoop.ozone.protocolPB.OzoneManagerRequestHandler.handleReadRequest(OzoneManagerRequestHandler.java:250) ~[ozone-manager-1.4.0-SNAPSHOT.jar:?]
	at org.apache.hadoop.ozone.protocolPB.OzoneManagerProtocolServerSideTranslatorPB.submitReadRequestToOM(OzoneManagerProtocolServerSideTranslatorPB.java:225) ~[ozone-manager-1.4.0-SNAPSHOT.jar:?]
	at org.apache.hadoop.ozone.protocolPB.OzoneManagerProtocolServerSideTranslatorPB.processRequest(OzoneManagerProtocolServerSideTranslatorPB.java:179) ~[ozone-manager-1.4.0-SNAPSHOT.jar:?]
	at org.apache.hadoop.hdds.server.OzoneProtocolMessageDispatcher.processRequest(OzoneProtocolMessageDispatcher.java:87) [hdds-server-framework-1.4.0-SNAPSHOT.jar:?]
	at org.apache.hadoop.ozone.protocolPB.OzoneManagerProtocolServerSideTranslatorPB.submitRequest(OzoneManagerProtocolServerSideTranslatorPB.java:148) [ozone-manager-1.4.0-SNAPSHOT.jar:?]
	at org.apache.hadoop.ozone.protocol.proto.OzoneManagerProtocolProtos$OzoneManagerService$2.callBlockingMethod(OzoneManagerProtocolProtos.java) [ozone-interface-client-1.4.0-SNAPSHOT.jar:?]
	at org.apache.hadoop.ipc.ProtobufRpcEngine$Server.processCall(ProtobufRpcEngine.java:484) [hadoop-common-3.3.6.jar:?]
	at org.apache.hadoop.ipc.ProtobufRpcEngine2$Server$ProtoBufRpcInvoker.call(ProtobufRpcEngine2.java:595) [hadoop-common-3.3.6.jar:?]
	at org.apache.hadoop.ipc.ProtobufRpcEngine2$Server$ProtoBufRpcInvoker.call(ProtobufRpcEngine2.java:573) [hadoop-common-3.3.6.jar:?]
	at org.apache.hadoop.ipc.RPC$Server.call(RPC.java:1227) [hadoop-common-3.3.6.jar:?]
	at org.apache.hadoop.ipc.Server$RpcCall.run(Server.java:1094) [hadoop-common-3.3.6.jar:?]
	at org.apache.hadoop.ipc.Server$RpcCall.run(Server.java:1017) [hadoop-common-3.3.6.jar:?]
	at java.security.AccessController.doPrivileged(Native Method) ~[?:1.8.0_382]
	at javax.security.auth.Subject.doAs(Subject.java:422) [?:1.8.0_382]
	at org.apache.hadoop.security.UserGroupInformation.doAs(UserGroupInformation.java:1899) [hadoop-common-3.3.6.jar:?]
	at org.apache.hadoop.ipc.Server$Handler.run(Server.java:3048) [hadoop-common-3.3.6.jar:?]
02:06:30.652 [IPC Server handler 3 on default port 15110] ERROR OMAudit - user=runner | ip=127.0.0.1 | op=GET_FILE_STATUS {volume=volume18939, bucket=bucket36089, key=testBatchDelete/parent/childFolder/child7, dataSize=0, replicationConfig=null} | ret=FAILURE
org.apache.hadoop.ozone.om.exceptions.OMException: Unable to get file status: volume: volume18939 bucket: bucket36089 key: testBatchDelete/parent/childFolder/child7
	at org.apache.hadoop.ozone.om.KeyManagerImpl.getOzoneFileStatus(KeyManagerImpl.java:1195) ~[ozone-manager-1.4.0-SNAPSHOT.jar:?]
	at org.apache.hadoop.ozone.om.KeyManagerImpl.getFileStatus(KeyManagerImpl.java:1113) ~[ozone-manager-1.4.0-SNAPSHOT.jar:?]
	at org.apache.hadoop.ozone.om.OmMetadataReader.getFileStatus(OmMetadataReader.java:262) ~[ozone-manager-1.4.0-SNAPSHOT.jar:?]
	at org.apache.hadoop.ozone.om.OzoneManager.getFileStatus(OzoneManager.java:3533) ~[ozone-manager-1.4.0-SNAPSHOT.jar:?]
	at org.apache.hadoop.ozone.protocolPB.OzoneManagerRequestHandler.getOzoneFileStatus(OzoneManagerRequestHandler.java:971) ~[ozone-manager-1.4.0-SNAPSHOT.jar:?]
	at org.apache.hadoop.ozone.protocolPB.OzoneManagerRequestHandler.handleReadRequest(OzoneManagerRequestHandler.java:250) ~[ozone-manager-1.4.0-SNAPSHOT.jar:?]
	at org.apache.hadoop.ozone.protocolPB.OzoneManagerProtocolServerSideTranslatorPB.submitReadRequestToOM(OzoneManagerProtocolServerSideTranslatorPB.java:225) ~[ozone-manager-1.4.0-SNAPSHOT.jar:?]
	at org.apache.hadoop.ozone.protocolPB.OzoneManagerProtocolServerSideTranslatorPB.processRequest(OzoneManagerProtocolServerSideTranslatorPB.java:179) ~[ozone-manager-1.4.0-SNAPSHOT.jar:?]
	at org.apache.hadoop.hdds.server.OzoneProtocolMessageDispatcher.processRequest(OzoneProtocolMessageDispatcher.java:87) [hdds-server-framework-1.4.0-SNAPSHOT.jar:?]
	at org.apache.hadoop.ozone.protocolPB.OzoneManagerProtocolServerSideTranslatorPB.submitRequest(OzoneManagerProtocolServerSideTranslatorPB.java:148) [ozone-manager-1.4.0-SNAPSHOT.jar:?]
	at org.apache.hadoop.ozone.protocol.proto.OzoneManagerProtocolProtos$OzoneManagerService$2.callBlockingMethod(OzoneManagerProtocolProtos.java) [ozone-interface-client-1.4.0-SNAPSHOT.jar:?]
	at org.apache.hadoop.ipc.ProtobufRpcEngine$Server.processCall(ProtobufRpcEngine.java:484) [hadoop-common-3.3.6.jar:?]
	at org.apache.hadoop.ipc.ProtobufRpcEngine2$Server$ProtoBufRpcInvoker.call(ProtobufRpcEngine2.java:595) [hadoop-common-3.3.6.jar:?]
	at org.apache.hadoop.ipc.ProtobufRpcEngine2$Server$ProtoBufRpcInvoker.call(ProtobufRpcEngine2.java:573) [hadoop-common-3.3.6.jar:?]
	at org.apache.hadoop.ipc.RPC$Server.call(RPC.java:1227) [hadoop-common-3.3.6.jar:?]
	at org.apache.hadoop.ipc.Server$RpcCall.run(Server.java:1094) [hadoop-common-3.3.6.jar:?]
	at org.apache.hadoop.ipc.Server$RpcCall.run(Server.java:1017) [hadoop-common-3.3.6.jar:?]
	at java.security.AccessController.doPrivileged(Native Method) ~[?:1.8.0_382]
	at javax.security.auth.Subject.doAs(Subject.java:422) [?:1.8.0_382]
	at org.apache.hadoop.security.UserGroupInformation.doAs(UserGroupInformation.java:1899) [hadoop-common-3.3.6.jar:?]
	at org.apache.hadoop.ipc.Server$Handler.run(Server.java:3048) [hadoop-common-3.3.6.jar:?]
02:06:30.652 [IPC Server handler 5 on default port 15110] ERROR OMAudit - user=runner | ip=127.0.0.1 | op=GET_FILE_STATUS {volume=volume18939, bucket=bucket36089, key=testBatchDelete/parent, dataSize=0, replicationConfig=null} | ret=FAILURE
org.apache.hadoop.ozone.om.exceptions.OMException: Unable to get file status: volume: volume18939 bucket: bucket36089 key: testBatchDelete/parent
	at org.apache.hadoop.ozone.om.KeyManagerImpl.getOzoneFileStatus(KeyManagerImpl.java:1195) ~[ozone-manager-1.4.0-SNAPSHOT.jar:?]
	at org.apache.hadoop.ozone.om.KeyManagerImpl.getFileStatus(KeyManagerImpl.java:1113) ~[ozone-manager-1.4.0-SNAPSHOT.jar:?]
	at org.apache.hadoop.ozone.om.OmMetadataReader.getFileStatus(OmMetadataReader.java:262) ~[ozone-manager-1.4.0-SNAPSHOT.jar:?]
	at org.apache.hadoop.ozone.om.OzoneManager.getFileStatus(OzoneManager.java:3533) ~[ozone-manager-1.4.0-SNAPSHOT.jar:?]
	at org.apache.hadoop.ozone.protocolPB.OzoneManagerRequestHandler.getOzoneFileStatus(OzoneManagerRequestHandler.java:971) ~[ozone-manager-1.4.0-SNAPSHOT.jar:?]
	at org.apache.hadoop.ozone.protocolPB.OzoneManagerRequestHandler.handleReadRequest(OzoneManagerRequestHandler.java:250) ~[ozone-manager-1.4.0-SNAPSHOT.jar:?]
	at org.apache.hadoop.ozone.protocolPB.OzoneManagerProtocolServerSideTranslatorPB.submitReadRequestToOM(OzoneManagerProtocolServerSideTranslatorPB.java:225) ~[ozone-manager-1.4.0-SNAPSHOT.jar:?]
	at org.apache.hadoop.ozone.protocolPB.OzoneManagerProtocolServerSideTranslatorPB.processRequest(OzoneManagerProtocolServerSideTranslatorPB.java:179) ~[ozone-manager-1.4.0-SNAPSHOT.jar:?]
	at org.apache.hadoop.hdds.server.OzoneProtocolMessageDispatcher.processRequest(OzoneProtocolMessageDispatcher.java:87) [hdds-server-framework-1.4.0-SNAPSHOT.jar:?]
	at org.apache.hadoop.ozone.protocolPB.OzoneManagerProtocolServerSideTranslatorPB.submitRequest(OzoneManagerProtocolServerSideTranslatorPB.java:148) [ozone-manager-1.4.0-SNAPSHOT.jar:?]
	at org.apache.hadoop.ozone.protocol.proto.OzoneManagerProtocolProtos$OzoneManagerService$2.callBlockingMethod(OzoneManagerProtocolProtos.java) [ozone-interface-client-1.4.0-SNAPSHOT.jar:?]
	at org.apache.hadoop.ipc.ProtobufRpcEngine$Server.processCall(ProtobufRpcEngine.java:484) [hadoop-common-3.3.6.jar:?]
	at org.apache.hadoop.ipc.ProtobufRpcEngine2$Server$ProtoBufRpcInvoker.call(ProtobufRpcEngine2.java:595) [hadoop-common-3.3.6.jar:?]
	at org.apache.hadoop.ipc.ProtobufRpcEngine2$Server$ProtoBufRpcInvoker.call(ProtobufRpcEngine2.java:573) [hadoop-common-3.3.6.jar:?]
	at org.apache.hadoop.ipc.RPC$Server.call(RPC.java:1227) [hadoop-common-3.3.6.jar:?]
	at org.apache.hadoop.ipc.Server$RpcCall.run(Server.java:1094) [hadoop-common-3.3.6.jar:?]
	at org.apache.hadoop.ipc.Server$RpcCall.run(Server.java:1017) [hadoop-common-3.3.6.jar:?]
	at java.security.AccessController.doPrivileged(Native Method) ~[?:1.8.0_382]
	at javax.security.auth.Subject.doAs(Subject.java:422) [?:1.8.0_382]
	at org.apache.hadoop.security.UserGroupInformation.doAs(UserGroupInformation.java:1899) [hadoop-common-3.3.6.jar:?]
	at org.apache.hadoop.ipc.Server$Handler.run(Server.java:3048) [hadoop-common-3.3.6.jar:?]
2023-09-19 02:06:30,653 [Time-limited test] WARN  ozone.BasicOzoneFileSystem (BasicOzoneFileSystem.java:delete(607)) - delete: Path does not exist: /testBatchDelete/parent
]]></system-out>
  </testcase>
  <testcase name="testFileDelete" classname="TestOzoneFileSystem" time="0.084">
    <system-out><![CDATA[02:07:38.072 [IPC Server handler 13 on default port 15163] ERROR OMAudit - user=runner | ip=127.0.0.1 | op=GET_FILE_STATUS {volume=volume12196, bucket=bucket58129, key=testBatchDelete, dataSize=0, replicationConfig=null} | ret=FAILURE
org.apache.hadoop.ozone.om.exceptions.OMException: Unable to get file status: volume: volume12196 bucket: bucket58129 key: testBatchDelete
	at org.apache.hadoop.ozone.om.KeyManagerImpl.getOzoneFileStatus(KeyManagerImpl.java:1195) ~[ozone-manager-1.4.0-SNAPSHOT.jar:?]
	at org.apache.hadoop.ozone.om.KeyManagerImpl.getFileStatus(KeyManagerImpl.java:1113) ~[ozone-manager-1.4.0-SNAPSHOT.jar:?]
	at org.apache.hadoop.ozone.om.OmMetadataReader.getFileStatus(OmMetadataReader.java:262) ~[ozone-manager-1.4.0-SNAPSHOT.jar:?]
	at org.apache.hadoop.ozone.om.OzoneManager.getFileStatus(OzoneManager.java:3533) ~[ozone-manager-1.4.0-SNAPSHOT.jar:?]
	at org.apache.hadoop.ozone.protocolPB.OzoneManagerRequestHandler.getOzoneFileStatus(OzoneManagerRequestHandler.java:971) ~[ozone-manager-1.4.0-SNAPSHOT.jar:?]
	at org.apache.hadoop.ozone.protocolPB.OzoneManagerRequestHandler.handleReadRequest(OzoneManagerRequestHandler.java:250) ~[ozone-manager-1.4.0-SNAPSHOT.jar:?]
	at org.apache.hadoop.ozone.protocolPB.OzoneManagerProtocolServerSideTranslatorPB.submitRequestDirectlyToOM(OzoneManagerProtocolServerSideTranslatorPB.java:274) ~[ozone-manager-1.4.0-SNAPSHOT.jar:?]
	at org.apache.hadoop.ozone.protocolPB.OzoneManagerProtocolServerSideTranslatorPB.processRequest(OzoneManagerProtocolServerSideTranslatorPB.java:175) ~[ozone-manager-1.4.0-SNAPSHOT.jar:?]
	at org.apache.hadoop.hdds.server.OzoneProtocolMessageDispatcher.processRequest(OzoneProtocolMessageDispatcher.java:87) [hdds-server-framework-1.4.0-SNAPSHOT.jar:?]
	at org.apache.hadoop.ozone.protocolPB.OzoneManagerProtocolServerSideTranslatorPB.submitRequest(OzoneManagerProtocolServerSideTranslatorPB.java:148) [ozone-manager-1.4.0-SNAPSHOT.jar:?]
	at org.apache.hadoop.ozone.protocol.proto.OzoneManagerProtocolProtos$OzoneManagerService$2.callBlockingMethod(OzoneManagerProtocolProtos.java) [ozone-interface-client-1.4.0-SNAPSHOT.jar:?]
	at org.apache.hadoop.ipc.ProtobufRpcEngine$Server.processCall(ProtobufRpcEngine.java:484) [hadoop-common-3.3.6.jar:?]
	at org.apache.hadoop.ipc.ProtobufRpcEngine2$Server$ProtoBufRpcInvoker.call(ProtobufRpcEngine2.java:595) [hadoop-common-3.3.6.jar:?]
	at org.apache.hadoop.ipc.ProtobufRpcEngine2$Server$ProtoBufRpcInvoker.call(ProtobufRpcEngine2.java:573) [hadoop-common-3.3.6.jar:?]
	at org.apache.hadoop.ipc.RPC$Server.call(RPC.java:1227) [hadoop-common-3.3.6.jar:?]
	at org.apache.hadoop.ipc.Server$RpcCall.run(Server.java:1094) [hadoop-common-3.3.6.jar:?]
	at org.apache.hadoop.ipc.Server$RpcCall.run(Server.java:1017) [hadoop-common-3.3.6.jar:?]
	at java.security.AccessController.doPrivileged(Native Method) ~[?:1.8.0_382]
	at javax.security.auth.Subject.doAs(Subject.java:422) [?:1.8.0_382]
	at org.apache.hadoop.security.UserGroupInformation.doAs(UserGroupInformation.java:1899) [hadoop-common-3.3.6.jar:?]
	at org.apache.hadoop.ipc.Server$Handler.run(Server.java:3048) [hadoop-common-3.3.6.jar:?]
02:07:38.073 [IPC Server handler 14 on default port 15163] ERROR OMAudit - user=runner | ip=127.0.0.1 | op=GET_FILE_STATUS {volume=volume12196, bucket=bucket58129, key=testBatchDelete/parent/child0, dataSize=0, replicationConfig=null} | ret=FAILURE
org.apache.hadoop.ozone.om.exceptions.OMException: Unable to get file status: volume: volume12196 bucket: bucket58129 key: testBatchDelete/parent/child0
	at org.apache.hadoop.ozone.om.KeyManagerImpl.getOzoneFileStatus(KeyManagerImpl.java:1195) ~[ozone-manager-1.4.0-SNAPSHOT.jar:?]
	at org.apache.hadoop.ozone.om.KeyManagerImpl.getFileStatus(KeyManagerImpl.java:1113) ~[ozone-manager-1.4.0-SNAPSHOT.jar:?]
	at org.apache.hadoop.ozone.om.OmMetadataReader.getFileStatus(OmMetadataReader.java:262) ~[ozone-manager-1.4.0-SNAPSHOT.jar:?]
	at org.apache.hadoop.ozone.om.OzoneManager.getFileStatus(OzoneManager.java:3533) ~[ozone-manager-1.4.0-SNAPSHOT.jar:?]
	at org.apache.hadoop.ozone.protocolPB.OzoneManagerRequestHandler.getOzoneFileStatus(OzoneManagerRequestHandler.java:971) ~[ozone-manager-1.4.0-SNAPSHOT.jar:?]
	at org.apache.hadoop.ozone.protocolPB.OzoneManagerRequestHandler.handleReadRequest(OzoneManagerRequestHandler.java:250) ~[ozone-manager-1.4.0-SNAPSHOT.jar:?]
	at org.apache.hadoop.ozone.protocolPB.OzoneManagerProtocolServerSideTranslatorPB.submitRequestDirectlyToOM(OzoneManagerProtocolServerSideTranslatorPB.java:274) ~[ozone-manager-1.4.0-SNAPSHOT.jar:?]
	at org.apache.hadoop.ozone.protocolPB.OzoneManagerProtocolServerSideTranslatorPB.processRequest(OzoneManagerProtocolServerSideTranslatorPB.java:175) ~[ozone-manager-1.4.0-SNAPSHOT.jar:?]
	at org.apache.hadoop.hdds.server.OzoneProtocolMessageDispatcher.processRequest(OzoneProtocolMessageDispatcher.java:87) [hdds-server-framework-1.4.0-SNAPSHOT.jar:?]
	at org.apache.hadoop.ozone.protocolPB.OzoneManagerProtocolServerSideTranslatorPB.submitRequest(OzoneManagerProtocolServerSideTranslatorPB.java:148) [ozone-manager-1.4.0-SNAPSHOT.jar:?]
	at org.apache.hadoop.ozone.protocol.proto.OzoneManagerProtocolProtos$OzoneManagerService$2.callBlockingMethod(OzoneManagerProtocolProtos.java) [ozone-interface-client-1.4.0-SNAPSHOT.jar:?]
	at org.apache.hadoop.ipc.ProtobufRpcEngine$Server.processCall(ProtobufRpcEngine.java:484) [hadoop-common-3.3.6.jar:?]
	at org.apache.hadoop.ipc.ProtobufRpcEngine2$Server$ProtoBufRpcInvoker.call(ProtobufRpcEngine2.java:595) [hadoop-common-3.3.6.jar:?]
	at org.apache.hadoop.ipc.ProtobufRpcEngine2$Server$ProtoBufRpcInvoker.call(ProtobufRpcEngine2.java:573) [hadoop-common-3.3.6.jar:?]
	at org.apache.hadoop.ipc.RPC$Server.call(RPC.java:1227) [hadoop-common-3.3.6.jar:?]
	at org.apache.hadoop.ipc.Server$RpcCall.run(Server.java:1094) [hadoop-common-3.3.6.jar:?]
	at org.apache.hadoop.ipc.Server$RpcCall.run(Server.java:1017) [hadoop-common-3.3.6.jar:?]
	at java.security.AccessController.doPrivileged(Native Method) ~[?:1.8.0_382]
	at javax.security.auth.Subject.doAs(Subject.java:422) [?:1.8.0_382]
	at org.apache.hadoop.security.UserGroupInformation.doAs(UserGroupInformation.java:1899) [hadoop-common-3.3.6.jar:?]
	at org.apache.hadoop.ipc.Server$Handler.run(Server.java:3048) [hadoop-common-3.3.6.jar:?]
02:07:38.074 [IPC Server handler 15 on default port 15163] ERROR OMAudit - user=runner | ip=127.0.0.1 | op=GET_FILE_STATUS {volume=volume12196, bucket=bucket58129, key=testBatchDelete/parent/childFolder/child0, dataSize=0, replicationConfig=null} | ret=FAILURE
org.apache.hadoop.ozone.om.exceptions.OMException: Unable to get file status: volume: volume12196 bucket: bucket58129 key: testBatchDelete/parent/childFolder/child0
	at org.apache.hadoop.ozone.om.KeyManagerImpl.getOzoneFileStatus(KeyManagerImpl.java:1195) ~[ozone-manager-1.4.0-SNAPSHOT.jar:?]
	at org.apache.hadoop.ozone.om.KeyManagerImpl.getFileStatus(KeyManagerImpl.java:1113) ~[ozone-manager-1.4.0-SNAPSHOT.jar:?]
	at org.apache.hadoop.ozone.om.OmMetadataReader.getFileStatus(OmMetadataReader.java:262) ~[ozone-manager-1.4.0-SNAPSHOT.jar:?]
	at org.apache.hadoop.ozone.om.OzoneManager.getFileStatus(OzoneManager.java:3533) ~[ozone-manager-1.4.0-SNAPSHOT.jar:?]
	at org.apache.hadoop.ozone.protocolPB.OzoneManagerRequestHandler.getOzoneFileStatus(OzoneManagerRequestHandler.java:971) ~[ozone-manager-1.4.0-SNAPSHOT.jar:?]
	at org.apache.hadoop.ozone.protocolPB.OzoneManagerRequestHandler.handleReadRequest(OzoneManagerRequestHandler.java:250) ~[ozone-manager-1.4.0-SNAPSHOT.jar:?]
	at org.apache.hadoop.ozone.protocolPB.OzoneManagerProtocolServerSideTranslatorPB.submitRequestDirectlyToOM(OzoneManagerProtocolServerSideTranslatorPB.java:274) ~[ozone-manager-1.4.0-SNAPSHOT.jar:?]
	at org.apache.hadoop.ozone.protocolPB.OzoneManagerProtocolServerSideTranslatorPB.processRequest(OzoneManagerProtocolServerSideTranslatorPB.java:175) ~[ozone-manager-1.4.0-SNAPSHOT.jar:?]
	at org.apache.hadoop.hdds.server.OzoneProtocolMessageDispatcher.processRequest(OzoneProtocolMessageDispatcher.java:87) [hdds-server-framework-1.4.0-SNAPSHOT.jar:?]
	at org.apache.hadoop.ozone.protocolPB.OzoneManagerProtocolServerSideTranslatorPB.submitRequest(OzoneManagerProtocolServerSideTranslatorPB.java:148) [ozone-manager-1.4.0-SNAPSHOT.jar:?]
	at org.apache.hadoop.ozone.protocol.proto.OzoneManagerProtocolProtos$OzoneManagerService$2.callBlockingMethod(OzoneManagerProtocolProtos.java) [ozone-interface-client-1.4.0-SNAPSHOT.jar:?]
	at org.apache.hadoop.ipc.ProtobufRpcEngine$Server.processCall(ProtobufRpcEngine.java:484) [hadoop-common-3.3.6.jar:?]
	at org.apache.hadoop.ipc.ProtobufRpcEngine2$Server$ProtoBufRpcInvoker.call(ProtobufRpcEngine2.java:595) [hadoop-common-3.3.6.jar:?]
	at org.apache.hadoop.ipc.ProtobufRpcEngine2$Server$ProtoBufRpcInvoker.call(ProtobufRpcEngine2.java:573) [hadoop-common-3.3.6.jar:?]
	at org.apache.hadoop.ipc.RPC$Server.call(RPC.java:1227) [hadoop-common-3.3.6.jar:?]
	at org.apache.hadoop.ipc.Server$RpcCall.run(Server.java:1094) [hadoop-common-3.3.6.jar:?]
	at org.apache.hadoop.ipc.Server$RpcCall.run(Server.java:1017) [hadoop-common-3.3.6.jar:?]
	at java.security.AccessController.doPrivileged(Native Method) ~[?:1.8.0_382]
	at javax.security.auth.Subject.doAs(Subject.java:422) [?:1.8.0_382]
	at org.apache.hadoop.security.UserGroupInformation.doAs(UserGroupInformation.java:1899) [hadoop-common-3.3.6.jar:?]
	at org.apache.hadoop.ipc.Server$Handler.run(Server.java:3048) [hadoop-common-3.3.6.jar:?]
02:07:38.074 [IPC Server handler 17 on default port 15163] ERROR OMAudit - user=runner | ip=127.0.0.1 | op=GET_FILE_STATUS {volume=volume12196, bucket=bucket58129, key=testBatchDelete/parent/child1, dataSize=0, replicationConfig=null} | ret=FAILURE
org.apache.hadoop.ozone.om.exceptions.OMException: Unable to get file status: volume: volume12196 bucket: bucket58129 key: testBatchDelete/parent/child1
	at org.apache.hadoop.ozone.om.KeyManagerImpl.getOzoneFileStatus(KeyManagerImpl.java:1195) ~[ozone-manager-1.4.0-SNAPSHOT.jar:?]
	at org.apache.hadoop.ozone.om.KeyManagerImpl.getFileStatus(KeyManagerImpl.java:1113) ~[ozone-manager-1.4.0-SNAPSHOT.jar:?]
	at org.apache.hadoop.ozone.om.OmMetadataReader.getFileStatus(OmMetadataReader.java:262) ~[ozone-manager-1.4.0-SNAPSHOT.jar:?]
	at org.apache.hadoop.ozone.om.OzoneManager.getFileStatus(OzoneManager.java:3533) ~[ozone-manager-1.4.0-SNAPSHOT.jar:?]
	at org.apache.hadoop.ozone.protocolPB.OzoneManagerRequestHandler.getOzoneFileStatus(OzoneManagerRequestHandler.java:971) ~[ozone-manager-1.4.0-SNAPSHOT.jar:?]
	at org.apache.hadoop.ozone.protocolPB.OzoneManagerRequestHandler.handleReadRequest(OzoneManagerRequestHandler.java:250) ~[ozone-manager-1.4.0-SNAPSHOT.jar:?]
	at org.apache.hadoop.ozone.protocolPB.OzoneManagerProtocolServerSideTranslatorPB.submitRequestDirectlyToOM(OzoneManagerProtocolServerSideTranslatorPB.java:274) ~[ozone-manager-1.4.0-SNAPSHOT.jar:?]
	at org.apache.hadoop.ozone.protocolPB.OzoneManagerProtocolServerSideTranslatorPB.processRequest(OzoneManagerProtocolServerSideTranslatorPB.java:175) ~[ozone-manager-1.4.0-SNAPSHOT.jar:?]
	at org.apache.hadoop.hdds.server.OzoneProtocolMessageDispatcher.processRequest(OzoneProtocolMessageDispatcher.java:87) [hdds-server-framework-1.4.0-SNAPSHOT.jar:?]
	at org.apache.hadoop.ozone.protocolPB.OzoneManagerProtocolServerSideTranslatorPB.submitRequest(OzoneManagerProtocolServerSideTranslatorPB.java:148) [ozone-manager-1.4.0-SNAPSHOT.jar:?]
	at org.apache.hadoop.ozone.protocol.proto.OzoneManagerProtocolProtos$OzoneManagerService$2.callBlockingMethod(OzoneManagerProtocolProtos.java) [ozone-interface-client-1.4.0-SNAPSHOT.jar:?]
	at org.apache.hadoop.ipc.ProtobufRpcEngine$Server.processCall(ProtobufRpcEngine.java:484) [hadoop-common-3.3.6.jar:?]
	at org.apache.hadoop.ipc.ProtobufRpcEngine2$Server$ProtoBufRpcInvoker.call(ProtobufRpcEngine2.java:595) [hadoop-common-3.3.6.jar:?]
	at org.apache.hadoop.ipc.ProtobufRpcEngine2$Server$ProtoBufRpcInvoker.call(ProtobufRpcEngine2.java:573) [hadoop-common-3.3.6.jar:?]
	at org.apache.hadoop.ipc.RPC$Server.call(RPC.java:1227) [hadoop-common-3.3.6.jar:?]
	at org.apache.hadoop.ipc.Server$RpcCall.run(Server.java:1094) [hadoop-common-3.3.6.jar:?]
	at org.apache.hadoop.ipc.Server$RpcCall.run(Server.java:1017) [hadoop-common-3.3.6.jar:?]
	at java.security.AccessController.doPrivileged(Native Method) ~[?:1.8.0_382]
	at javax.security.auth.Subject.doAs(Subject.java:422) [?:1.8.0_382]
	at org.apache.hadoop.security.UserGroupInformation.doAs(UserGroupInformation.java:1899) [hadoop-common-3.3.6.jar:?]
	at org.apache.hadoop.ipc.Server$Handler.run(Server.java:3048) [hadoop-common-3.3.6.jar:?]
02:07:38.075 [IPC Server handler 16 on default port 15163] ERROR OMAudit - user=runner | ip=127.0.0.1 | op=GET_FILE_STATUS {volume=volume12196, bucket=bucket58129, key=testBatchDelete/parent/childFolder/child1, dataSize=0, replicationConfig=null} | ret=FAILURE
org.apache.hadoop.ozone.om.exceptions.OMException: Unable to get file status: volume: volume12196 bucket: bucket58129 key: testBatchDelete/parent/childFolder/child1
	at org.apache.hadoop.ozone.om.KeyManagerImpl.getOzoneFileStatus(KeyManagerImpl.java:1195) ~[ozone-manager-1.4.0-SNAPSHOT.jar:?]
	at org.apache.hadoop.ozone.om.KeyManagerImpl.getFileStatus(KeyManagerImpl.java:1113) ~[ozone-manager-1.4.0-SNAPSHOT.jar:?]
	at org.apache.hadoop.ozone.om.OmMetadataReader.getFileStatus(OmMetadataReader.java:262) ~[ozone-manager-1.4.0-SNAPSHOT.jar:?]
	at org.apache.hadoop.ozone.om.OzoneManager.getFileStatus(OzoneManager.java:3533) ~[ozone-manager-1.4.0-SNAPSHOT.jar:?]
	at org.apache.hadoop.ozone.protocolPB.OzoneManagerRequestHandler.getOzoneFileStatus(OzoneManagerRequestHandler.java:971) ~[ozone-manager-1.4.0-SNAPSHOT.jar:?]
	at org.apache.hadoop.ozone.protocolPB.OzoneManagerRequestHandler.handleReadRequest(OzoneManagerRequestHandler.java:250) ~[ozone-manager-1.4.0-SNAPSHOT.jar:?]
	at org.apache.hadoop.ozone.protocolPB.OzoneManagerProtocolServerSideTranslatorPB.submitRequestDirectlyToOM(OzoneManagerProtocolServerSideTranslatorPB.java:274) ~[ozone-manager-1.4.0-SNAPSHOT.jar:?]
	at org.apache.hadoop.ozone.protocolPB.OzoneManagerProtocolServerSideTranslatorPB.processRequest(OzoneManagerProtocolServerSideTranslatorPB.java:175) ~[ozone-manager-1.4.0-SNAPSHOT.jar:?]
	at org.apache.hadoop.hdds.server.OzoneProtocolMessageDispatcher.processRequest(OzoneProtocolMessageDispatcher.java:87) [hdds-server-framework-1.4.0-SNAPSHOT.jar:?]
	at org.apache.hadoop.ozone.protocolPB.OzoneManagerProtocolServerSideTranslatorPB.submitRequest(OzoneManagerProtocolServerSideTranslatorPB.java:148) [ozone-manager-1.4.0-SNAPSHOT.jar:?]
	at org.apache.hadoop.ozone.protocol.proto.OzoneManagerProtocolProtos$OzoneManagerService$2.callBlockingMethod(OzoneManagerProtocolProtos.java) [ozone-interface-client-1.4.0-SNAPSHOT.jar:?]
	at org.apache.hadoop.ipc.ProtobufRpcEngine$Server.processCall(ProtobufRpcEngine.java:484) [hadoop-common-3.3.6.jar:?]
	at org.apache.hadoop.ipc.ProtobufRpcEngine2$Server$ProtoBufRpcInvoker.call(ProtobufRpcEngine2.java:595) [hadoop-common-3.3.6.jar:?]
	at org.apache.hadoop.ipc.ProtobufRpcEngine2$Server$ProtoBufRpcInvoker.call(ProtobufRpcEngine2.java:573) [hadoop-common-3.3.6.jar:?]
	at org.apache.hadoop.ipc.RPC$Server.call(RPC.java:1227) [hadoop-common-3.3.6.jar:?]
	at org.apache.hadoop.ipc.Server$RpcCall.run(Server.java:1094) [hadoop-common-3.3.6.jar:?]
	at org.apache.hadoop.ipc.Server$RpcCall.run(Server.java:1017) [hadoop-common-3.3.6.jar:?]
	at java.security.AccessController.doPrivileged(Native Method) ~[?:1.8.0_382]
	at javax.security.auth.Subject.doAs(Subject.java:422) [?:1.8.0_382]
	at org.apache.hadoop.security.UserGroupInformation.doAs(UserGroupInformation.java:1899) [hadoop-common-3.3.6.jar:?]
	at org.apache.hadoop.ipc.Server$Handler.run(Server.java:3048) [hadoop-common-3.3.6.jar:?]
02:07:38.076 [IPC Server handler 18 on default port 15163] ERROR OMAudit - user=runner | ip=127.0.0.1 | op=GET_FILE_STATUS {volume=volume12196, bucket=bucket58129, key=testBatchDelete/parent/child2, dataSize=0, replicationConfig=null} | ret=FAILURE
org.apache.hadoop.ozone.om.exceptions.OMException: Unable to get file status: volume: volume12196 bucket: bucket58129 key: testBatchDelete/parent/child2
	at org.apache.hadoop.ozone.om.KeyManagerImpl.getOzoneFileStatus(KeyManagerImpl.java:1195) ~[ozone-manager-1.4.0-SNAPSHOT.jar:?]
	at org.apache.hadoop.ozone.om.KeyManagerImpl.getFileStatus(KeyManagerImpl.java:1113) ~[ozone-manager-1.4.0-SNAPSHOT.jar:?]
	at org.apache.hadoop.ozone.om.OmMetadataReader.getFileStatus(OmMetadataReader.java:262) ~[ozone-manager-1.4.0-SNAPSHOT.jar:?]
	at org.apache.hadoop.ozone.om.OzoneManager.getFileStatus(OzoneManager.java:3533) ~[ozone-manager-1.4.0-SNAPSHOT.jar:?]
	at org.apache.hadoop.ozone.protocolPB.OzoneManagerRequestHandler.getOzoneFileStatus(OzoneManagerRequestHandler.java:971) ~[ozone-manager-1.4.0-SNAPSHOT.jar:?]
	at org.apache.hadoop.ozone.protocolPB.OzoneManagerRequestHandler.handleReadRequest(OzoneManagerRequestHandler.java:250) ~[ozone-manager-1.4.0-SNAPSHOT.jar:?]
	at org.apache.hadoop.ozone.protocolPB.OzoneManagerProtocolServerSideTranslatorPB.submitRequestDirectlyToOM(OzoneManagerProtocolServerSideTranslatorPB.java:274) ~[ozone-manager-1.4.0-SNAPSHOT.jar:?]
	at org.apache.hadoop.ozone.protocolPB.OzoneManagerProtocolServerSideTranslatorPB.processRequest(OzoneManagerProtocolServerSideTranslatorPB.java:175) ~[ozone-manager-1.4.0-SNAPSHOT.jar:?]
	at org.apache.hadoop.hdds.server.OzoneProtocolMessageDispatcher.processRequest(OzoneProtocolMessageDispatcher.java:87) [hdds-server-framework-1.4.0-SNAPSHOT.jar:?]
	at org.apache.hadoop.ozone.protocolPB.OzoneManagerProtocolServerSideTranslatorPB.submitRequest(OzoneManagerProtocolServerSideTranslatorPB.java:148) [ozone-manager-1.4.0-SNAPSHOT.jar:?]
	at org.apache.hadoop.ozone.protocol.proto.OzoneManagerProtocolProtos$OzoneManagerService$2.callBlockingMethod(OzoneManagerProtocolProtos.java) [ozone-interface-client-1.4.0-SNAPSHOT.jar:?]
	at org.apache.hadoop.ipc.ProtobufRpcEngine$Server.processCall(ProtobufRpcEngine.java:484) [hadoop-common-3.3.6.jar:?]
	at org.apache.hadoop.ipc.ProtobufRpcEngine2$Server$ProtoBufRpcInvoker.call(ProtobufRpcEngine2.java:595) [hadoop-common-3.3.6.jar:?]
	at org.apache.hadoop.ipc.ProtobufRpcEngine2$Server$ProtoBufRpcInvoker.call(ProtobufRpcEngine2.java:573) [hadoop-common-3.3.6.jar:?]
	at org.apache.hadoop.ipc.RPC$Server.call(RPC.java:1227) [hadoop-common-3.3.6.jar:?]
	at org.apache.hadoop.ipc.Server$RpcCall.run(Server.java:1094) [hadoop-common-3.3.6.jar:?]
	at org.apache.hadoop.ipc.Server$RpcCall.run(Server.java:1017) [hadoop-common-3.3.6.jar:?]
	at java.security.AccessController.doPrivileged(Native Method) ~[?:1.8.0_382]
	at javax.security.auth.Subject.doAs(Subject.java:422) [?:1.8.0_382]
	at org.apache.hadoop.security.UserGroupInformation.doAs(UserGroupInformation.java:1899) [hadoop-common-3.3.6.jar:?]
	at org.apache.hadoop.ipc.Server$Handler.run(Server.java:3048) [hadoop-common-3.3.6.jar:?]
02:07:38.077 [IPC Server handler 19 on default port 15163] ERROR OMAudit - user=runner | ip=127.0.0.1 | op=GET_FILE_STATUS {volume=volume12196, bucket=bucket58129, key=testBatchDelete/parent/childFolder/child2, dataSize=0, replicationConfig=null} | ret=FAILURE
org.apache.hadoop.ozone.om.exceptions.OMException: Unable to get file status: volume: volume12196 bucket: bucket58129 key: testBatchDelete/parent/childFolder/child2
	at org.apache.hadoop.ozone.om.KeyManagerImpl.getOzoneFileStatus(KeyManagerImpl.java:1195) ~[ozone-manager-1.4.0-SNAPSHOT.jar:?]
	at org.apache.hadoop.ozone.om.KeyManagerImpl.getFileStatus(KeyManagerImpl.java:1113) ~[ozone-manager-1.4.0-SNAPSHOT.jar:?]
	at org.apache.hadoop.ozone.om.OmMetadataReader.getFileStatus(OmMetadataReader.java:262) ~[ozone-manager-1.4.0-SNAPSHOT.jar:?]
	at org.apache.hadoop.ozone.om.OzoneManager.getFileStatus(OzoneManager.java:3533) ~[ozone-manager-1.4.0-SNAPSHOT.jar:?]
	at org.apache.hadoop.ozone.protocolPB.OzoneManagerRequestHandler.getOzoneFileStatus(OzoneManagerRequestHandler.java:971) ~[ozone-manager-1.4.0-SNAPSHOT.jar:?]
	at org.apache.hadoop.ozone.protocolPB.OzoneManagerRequestHandler.handleReadRequest(OzoneManagerRequestHandler.java:250) ~[ozone-manager-1.4.0-SNAPSHOT.jar:?]
	at org.apache.hadoop.ozone.protocolPB.OzoneManagerProtocolServerSideTranslatorPB.submitRequestDirectlyToOM(OzoneManagerProtocolServerSideTranslatorPB.java:274) ~[ozone-manager-1.4.0-SNAPSHOT.jar:?]
	at org.apache.hadoop.ozone.protocolPB.OzoneManagerProtocolServerSideTranslatorPB.processRequest(OzoneManagerProtocolServerSideTranslatorPB.java:175) ~[ozone-manager-1.4.0-SNAPSHOT.jar:?]
	at org.apache.hadoop.hdds.server.OzoneProtocolMessageDispatcher.processRequest(OzoneProtocolMessageDispatcher.java:87) [hdds-server-framework-1.4.0-SNAPSHOT.jar:?]
	at org.apache.hadoop.ozone.protocolPB.OzoneManagerProtocolServerSideTranslatorPB.submitRequest(OzoneManagerProtocolServerSideTranslatorPB.java:148) [ozone-manager-1.4.0-SNAPSHOT.jar:?]
	at org.apache.hadoop.ozone.protocol.proto.OzoneManagerProtocolProtos$OzoneManagerService$2.callBlockingMethod(OzoneManagerProtocolProtos.java) [ozone-interface-client-1.4.0-SNAPSHOT.jar:?]
	at org.apache.hadoop.ipc.ProtobufRpcEngine$Server.processCall(ProtobufRpcEngine.java:484) [hadoop-common-3.3.6.jar:?]
	at org.apache.hadoop.ipc.ProtobufRpcEngine2$Server$ProtoBufRpcInvoker.call(ProtobufRpcEngine2.java:595) [hadoop-common-3.3.6.jar:?]
	at org.apache.hadoop.ipc.ProtobufRpcEngine2$Server$ProtoBufRpcInvoker.call(ProtobufRpcEngine2.java:573) [hadoop-common-3.3.6.jar:?]
	at org.apache.hadoop.ipc.RPC$Server.call(RPC.java:1227) [hadoop-common-3.3.6.jar:?]
	at org.apache.hadoop.ipc.Server$RpcCall.run(Server.java:1094) [hadoop-common-3.3.6.jar:?]
	at org.apache.hadoop.ipc.Server$RpcCall.run(Server.java:1017) [hadoop-common-3.3.6.jar:?]
	at java.security.AccessController.doPrivileged(Native Method) ~[?:1.8.0_382]
	at javax.security.auth.Subject.doAs(Subject.java:422) [?:1.8.0_382]
	at org.apache.hadoop.security.UserGroupInformation.doAs(UserGroupInformation.java:1899) [hadoop-common-3.3.6.jar:?]
	at org.apache.hadoop.ipc.Server$Handler.run(Server.java:3048) [hadoop-common-3.3.6.jar:?]
02:07:38.077 [IPC Server handler 8 on default port 15163] ERROR OMAudit - user=runner | ip=127.0.0.1 | op=GET_FILE_STATUS {volume=volume12196, bucket=bucket58129, key=testBatchDelete/parent/child3, dataSize=0, replicationConfig=null} | ret=FAILURE
org.apache.hadoop.ozone.om.exceptions.OMException: Unable to get file status: volume: volume12196 bucket: bucket58129 key: testBatchDelete/parent/child3
	at org.apache.hadoop.ozone.om.KeyManagerImpl.getOzoneFileStatus(KeyManagerImpl.java:1195) ~[ozone-manager-1.4.0-SNAPSHOT.jar:?]
	at org.apache.hadoop.ozone.om.KeyManagerImpl.getFileStatus(KeyManagerImpl.java:1113) ~[ozone-manager-1.4.0-SNAPSHOT.jar:?]
	at org.apache.hadoop.ozone.om.OmMetadataReader.getFileStatus(OmMetadataReader.java:262) ~[ozone-manager-1.4.0-SNAPSHOT.jar:?]
	at org.apache.hadoop.ozone.om.OzoneManager.getFileStatus(OzoneManager.java:3533) ~[ozone-manager-1.4.0-SNAPSHOT.jar:?]
	at org.apache.hadoop.ozone.protocolPB.OzoneManagerRequestHandler.getOzoneFileStatus(OzoneManagerRequestHandler.java:971) ~[ozone-manager-1.4.0-SNAPSHOT.jar:?]
	at org.apache.hadoop.ozone.protocolPB.OzoneManagerRequestHandler.handleReadRequest(OzoneManagerRequestHandler.java:250) ~[ozone-manager-1.4.0-SNAPSHOT.jar:?]
	at org.apache.hadoop.ozone.protocolPB.OzoneManagerProtocolServerSideTranslatorPB.submitRequestDirectlyToOM(OzoneManagerProtocolServerSideTranslatorPB.java:274) ~[ozone-manager-1.4.0-SNAPSHOT.jar:?]
	at org.apache.hadoop.ozone.protocolPB.OzoneManagerProtocolServerSideTranslatorPB.processRequest(OzoneManagerProtocolServerSideTranslatorPB.java:175) ~[ozone-manager-1.4.0-SNAPSHOT.jar:?]
	at org.apache.hadoop.hdds.server.OzoneProtocolMessageDispatcher.processRequest(OzoneProtocolMessageDispatcher.java:87) [hdds-server-framework-1.4.0-SNAPSHOT.jar:?]
	at org.apache.hadoop.ozone.protocolPB.OzoneManagerProtocolServerSideTranslatorPB.submitRequest(OzoneManagerProtocolServerSideTranslatorPB.java:148) [ozone-manager-1.4.0-SNAPSHOT.jar:?]
	at org.apache.hadoop.ozone.protocol.proto.OzoneManagerProtocolProtos$OzoneManagerService$2.callBlockingMethod(OzoneManagerProtocolProtos.java) [ozone-interface-client-1.4.0-SNAPSHOT.jar:?]
	at org.apache.hadoop.ipc.ProtobufRpcEngine$Server.processCall(ProtobufRpcEngine.java:484) [hadoop-common-3.3.6.jar:?]
	at org.apache.hadoop.ipc.ProtobufRpcEngine2$Server$ProtoBufRpcInvoker.call(ProtobufRpcEngine2.java:595) [hadoop-common-3.3.6.jar:?]
	at org.apache.hadoop.ipc.ProtobufRpcEngine2$Server$ProtoBufRpcInvoker.call(ProtobufRpcEngine2.java:573) [hadoop-common-3.3.6.jar:?]
	at org.apache.hadoop.ipc.RPC$Server.call(RPC.java:1227) [hadoop-common-3.3.6.jar:?]
	at org.apache.hadoop.ipc.Server$RpcCall.run(Server.java:1094) [hadoop-common-3.3.6.jar:?]
	at org.apache.hadoop.ipc.Server$RpcCall.run(Server.java:1017) [hadoop-common-3.3.6.jar:?]
	at java.security.AccessController.doPrivileged(Native Method) ~[?:1.8.0_382]
	at javax.security.auth.Subject.doAs(Subject.java:422) [?:1.8.0_382]
	at org.apache.hadoop.security.UserGroupInformation.doAs(UserGroupInformation.java:1899) [hadoop-common-3.3.6.jar:?]
	at org.apache.hadoop.ipc.Server$Handler.run(Server.java:3048) [hadoop-common-3.3.6.jar:?]
02:07:38.078 [IPC Server handler 1 on default port 15163] ERROR OMAudit - user=runner | ip=127.0.0.1 | op=GET_FILE_STATUS {volume=volume12196, bucket=bucket58129, key=testBatchDelete/parent/childFolder/child3, dataSize=0, replicationConfig=null} | ret=FAILURE
org.apache.hadoop.ozone.om.exceptions.OMException: Unable to get file status: volume: volume12196 bucket: bucket58129 key: testBatchDelete/parent/childFolder/child3
	at org.apache.hadoop.ozone.om.KeyManagerImpl.getOzoneFileStatus(KeyManagerImpl.java:1195) ~[ozone-manager-1.4.0-SNAPSHOT.jar:?]
	at org.apache.hadoop.ozone.om.KeyManagerImpl.getFileStatus(KeyManagerImpl.java:1113) ~[ozone-manager-1.4.0-SNAPSHOT.jar:?]
	at org.apache.hadoop.ozone.om.OmMetadataReader.getFileStatus(OmMetadataReader.java:262) ~[ozone-manager-1.4.0-SNAPSHOT.jar:?]
	at org.apache.hadoop.ozone.om.OzoneManager.getFileStatus(OzoneManager.java:3533) ~[ozone-manager-1.4.0-SNAPSHOT.jar:?]
	at org.apache.hadoop.ozone.protocolPB.OzoneManagerRequestHandler.getOzoneFileStatus(OzoneManagerRequestHandler.java:971) ~[ozone-manager-1.4.0-SNAPSHOT.jar:?]
	at org.apache.hadoop.ozone.protocolPB.OzoneManagerRequestHandler.handleReadRequest(OzoneManagerRequestHandler.java:250) ~[ozone-manager-1.4.0-SNAPSHOT.jar:?]
	at org.apache.hadoop.ozone.protocolPB.OzoneManagerProtocolServerSideTranslatorPB.submitRequestDirectlyToOM(OzoneManagerProtocolServerSideTranslatorPB.java:274) ~[ozone-manager-1.4.0-SNAPSHOT.jar:?]
	at org.apache.hadoop.ozone.protocolPB.OzoneManagerProtocolServerSideTranslatorPB.processRequest(OzoneManagerProtocolServerSideTranslatorPB.java:175) ~[ozone-manager-1.4.0-SNAPSHOT.jar:?]
	at org.apache.hadoop.hdds.server.OzoneProtocolMessageDispatcher.processRequest(OzoneProtocolMessageDispatcher.java:87) [hdds-server-framework-1.4.0-SNAPSHOT.jar:?]
	at org.apache.hadoop.ozone.protocolPB.OzoneManagerProtocolServerSideTranslatorPB.submitRequest(OzoneManagerProtocolServerSideTranslatorPB.java:148) [ozone-manager-1.4.0-SNAPSHOT.jar:?]
	at org.apache.hadoop.ozone.protocol.proto.OzoneManagerProtocolProtos$OzoneManagerService$2.callBlockingMethod(OzoneManagerProtocolProtos.java) [ozone-interface-client-1.4.0-SNAPSHOT.jar:?]
	at org.apache.hadoop.ipc.ProtobufRpcEngine$Server.processCall(ProtobufRpcEngine.java:484) [hadoop-common-3.3.6.jar:?]
	at org.apache.hadoop.ipc.ProtobufRpcEngine2$Server$ProtoBufRpcInvoker.call(ProtobufRpcEngine2.java:595) [hadoop-common-3.3.6.jar:?]
	at org.apache.hadoop.ipc.ProtobufRpcEngine2$Server$ProtoBufRpcInvoker.call(ProtobufRpcEngine2.java:573) [hadoop-common-3.3.6.jar:?]
	at org.apache.hadoop.ipc.RPC$Server.call(RPC.java:1227) [hadoop-common-3.3.6.jar:?]
	at org.apache.hadoop.ipc.Server$RpcCall.run(Server.java:1094) [hadoop-common-3.3.6.jar:?]
	at org.apache.hadoop.ipc.Server$RpcCall.run(Server.java:1017) [hadoop-common-3.3.6.jar:?]
	at java.security.AccessController.doPrivileged(Native Method) ~[?:1.8.0_382]
	at javax.security.auth.Subject.doAs(Subject.java:422) [?:1.8.0_382]
	at org.apache.hadoop.security.UserGroupInformation.doAs(UserGroupInformation.java:1899) [hadoop-common-3.3.6.jar:?]
	at org.apache.hadoop.ipc.Server$Handler.run(Server.java:3048) [hadoop-common-3.3.6.jar:?]
02:07:38.079 [IPC Server handler 2 on default port 15163] ERROR OMAudit - user=runner | ip=127.0.0.1 | op=GET_FILE_STATUS {volume=volume12196, bucket=bucket58129, key=testBatchDelete/parent/child4, dataSize=0, replicationConfig=null} | ret=FAILURE
org.apache.hadoop.ozone.om.exceptions.OMException: Unable to get file status: volume: volume12196 bucket: bucket58129 key: testBatchDelete/parent/child4
	at org.apache.hadoop.ozone.om.KeyManagerImpl.getOzoneFileStatus(KeyManagerImpl.java:1195) ~[ozone-manager-1.4.0-SNAPSHOT.jar:?]
	at org.apache.hadoop.ozone.om.KeyManagerImpl.getFileStatus(KeyManagerImpl.java:1113) ~[ozone-manager-1.4.0-SNAPSHOT.jar:?]
	at org.apache.hadoop.ozone.om.OmMetadataReader.getFileStatus(OmMetadataReader.java:262) ~[ozone-manager-1.4.0-SNAPSHOT.jar:?]
	at org.apache.hadoop.ozone.om.OzoneManager.getFileStatus(OzoneManager.java:3533) ~[ozone-manager-1.4.0-SNAPSHOT.jar:?]
	at org.apache.hadoop.ozone.protocolPB.OzoneManagerRequestHandler.getOzoneFileStatus(OzoneManagerRequestHandler.java:971) ~[ozone-manager-1.4.0-SNAPSHOT.jar:?]
	at org.apache.hadoop.ozone.protocolPB.OzoneManagerRequestHandler.handleReadRequest(OzoneManagerRequestHandler.java:250) ~[ozone-manager-1.4.0-SNAPSHOT.jar:?]
	at org.apache.hadoop.ozone.protocolPB.OzoneManagerProtocolServerSideTranslatorPB.submitRequestDirectlyToOM(OzoneManagerProtocolServerSideTranslatorPB.java:274) ~[ozone-manager-1.4.0-SNAPSHOT.jar:?]
	at org.apache.hadoop.ozone.protocolPB.OzoneManagerProtocolServerSideTranslatorPB.processRequest(OzoneManagerProtocolServerSideTranslatorPB.java:175) ~[ozone-manager-1.4.0-SNAPSHOT.jar:?]
	at org.apache.hadoop.hdds.server.OzoneProtocolMessageDispatcher.processRequest(OzoneProtocolMessageDispatcher.java:87) [hdds-server-framework-1.4.0-SNAPSHOT.jar:?]
	at org.apache.hadoop.ozone.protocolPB.OzoneManagerProtocolServerSideTranslatorPB.submitRequest(OzoneManagerProtocolServerSideTranslatorPB.java:148) [ozone-manager-1.4.0-SNAPSHOT.jar:?]
	at org.apache.hadoop.ozone.protocol.proto.OzoneManagerProtocolProtos$OzoneManagerService$2.callBlockingMethod(OzoneManagerProtocolProtos.java) [ozone-interface-client-1.4.0-SNAPSHOT.jar:?]
	at org.apache.hadoop.ipc.ProtobufRpcEngine$Server.processCall(ProtobufRpcEngine.java:484) [hadoop-common-3.3.6.jar:?]
	at org.apache.hadoop.ipc.ProtobufRpcEngine2$Server$ProtoBufRpcInvoker.call(ProtobufRpcEngine2.java:595) [hadoop-common-3.3.6.jar:?]
	at org.apache.hadoop.ipc.ProtobufRpcEngine2$Server$ProtoBufRpcInvoker.call(ProtobufRpcEngine2.java:573) [hadoop-common-3.3.6.jar:?]
	at org.apache.hadoop.ipc.RPC$Server.call(RPC.java:1227) [hadoop-common-3.3.6.jar:?]
	at org.apache.hadoop.ipc.Server$RpcCall.run(Server.java:1094) [hadoop-common-3.3.6.jar:?]
	at org.apache.hadoop.ipc.Server$RpcCall.run(Server.java:1017) [hadoop-common-3.3.6.jar:?]
	at java.security.AccessController.doPrivileged(Native Method) ~[?:1.8.0_382]
	at javax.security.auth.Subject.doAs(Subject.java:422) [?:1.8.0_382]
	at org.apache.hadoop.security.UserGroupInformation.doAs(UserGroupInformation.java:1899) [hadoop-common-3.3.6.jar:?]
	at org.apache.hadoop.ipc.Server$Handler.run(Server.java:3048) [hadoop-common-3.3.6.jar:?]
02:07:38.080 [IPC Server handler 3 on default port 15163] ERROR OMAudit - user=runner | ip=127.0.0.1 | op=GET_FILE_STATUS {volume=volume12196, bucket=bucket58129, key=testBatchDelete/parent/childFolder/child4, dataSize=0, replicationConfig=null} | ret=FAILURE
org.apache.hadoop.ozone.om.exceptions.OMException: Unable to get file status: volume: volume12196 bucket: bucket58129 key: testBatchDelete/parent/childFolder/child4
	at org.apache.hadoop.ozone.om.KeyManagerImpl.getOzoneFileStatus(KeyManagerImpl.java:1195) ~[ozone-manager-1.4.0-SNAPSHOT.jar:?]
	at org.apache.hadoop.ozone.om.KeyManagerImpl.getFileStatus(KeyManagerImpl.java:1113) ~[ozone-manager-1.4.0-SNAPSHOT.jar:?]
	at org.apache.hadoop.ozone.om.OmMetadataReader.getFileStatus(OmMetadataReader.java:262) ~[ozone-manager-1.4.0-SNAPSHOT.jar:?]
	at org.apache.hadoop.ozone.om.OzoneManager.getFileStatus(OzoneManager.java:3533) ~[ozone-manager-1.4.0-SNAPSHOT.jar:?]
	at org.apache.hadoop.ozone.protocolPB.OzoneManagerRequestHandler.getOzoneFileStatus(OzoneManagerRequestHandler.java:971) ~[ozone-manager-1.4.0-SNAPSHOT.jar:?]
	at org.apache.hadoop.ozone.protocolPB.OzoneManagerRequestHandler.handleReadRequest(OzoneManagerRequestHandler.java:250) ~[ozone-manager-1.4.0-SNAPSHOT.jar:?]
	at org.apache.hadoop.ozone.protocolPB.OzoneManagerProtocolServerSideTranslatorPB.submitRequestDirectlyToOM(OzoneManagerProtocolServerSideTranslatorPB.java:274) ~[ozone-manager-1.4.0-SNAPSHOT.jar:?]
	at org.apache.hadoop.ozone.protocolPB.OzoneManagerProtocolServerSideTranslatorPB.processRequest(OzoneManagerProtocolServerSideTranslatorPB.java:175) ~[ozone-manager-1.4.0-SNAPSHOT.jar:?]
	at org.apache.hadoop.hdds.server.OzoneProtocolMessageDispatcher.processRequest(OzoneProtocolMessageDispatcher.java:87) [hdds-server-framework-1.4.0-SNAPSHOT.jar:?]
	at org.apache.hadoop.ozone.protocolPB.OzoneManagerProtocolServerSideTranslatorPB.submitRequest(OzoneManagerProtocolServerSideTranslatorPB.java:148) [ozone-manager-1.4.0-SNAPSHOT.jar:?]
	at org.apache.hadoop.ozone.protocol.proto.OzoneManagerProtocolProtos$OzoneManagerService$2.callBlockingMethod(OzoneManagerProtocolProtos.java) [ozone-interface-client-1.4.0-SNAPSHOT.jar:?]
	at org.apache.hadoop.ipc.ProtobufRpcEngine$Server.processCall(ProtobufRpcEngine.java:484) [hadoop-common-3.3.6.jar:?]
	at org.apache.hadoop.ipc.ProtobufRpcEngine2$Server$ProtoBufRpcInvoker.call(ProtobufRpcEngine2.java:595) [hadoop-common-3.3.6.jar:?]
	at org.apache.hadoop.ipc.ProtobufRpcEngine2$Server$ProtoBufRpcInvoker.call(ProtobufRpcEngine2.java:573) [hadoop-common-3.3.6.jar:?]
	at org.apache.hadoop.ipc.RPC$Server.call(RPC.java:1227) [hadoop-common-3.3.6.jar:?]
	at org.apache.hadoop.ipc.Server$RpcCall.run(Server.java:1094) [hadoop-common-3.3.6.jar:?]
	at org.apache.hadoop.ipc.Server$RpcCall.run(Server.java:1017) [hadoop-common-3.3.6.jar:?]
	at java.security.AccessController.doPrivileged(Native Method) ~[?:1.8.0_382]
	at javax.security.auth.Subject.doAs(Subject.java:422) [?:1.8.0_382]
	at org.apache.hadoop.security.UserGroupInformation.doAs(UserGroupInformation.java:1899) [hadoop-common-3.3.6.jar:?]
	at org.apache.hadoop.ipc.Server$Handler.run(Server.java:3048) [hadoop-common-3.3.6.jar:?]
02:07:38.080 [IPC Server handler 0 on default port 15163] ERROR OMAudit - user=runner | ip=127.0.0.1 | op=GET_FILE_STATUS {volume=volume12196, bucket=bucket58129, key=testBatchDelete/parent/child5, dataSize=0, replicationConfig=null} | ret=FAILURE
org.apache.hadoop.ozone.om.exceptions.OMException: Unable to get file status: volume: volume12196 bucket: bucket58129 key: testBatchDelete/parent/child5
	at org.apache.hadoop.ozone.om.KeyManagerImpl.getOzoneFileStatus(KeyManagerImpl.java:1195) ~[ozone-manager-1.4.0-SNAPSHOT.jar:?]
	at org.apache.hadoop.ozone.om.KeyManagerImpl.getFileStatus(KeyManagerImpl.java:1113) ~[ozone-manager-1.4.0-SNAPSHOT.jar:?]
	at org.apache.hadoop.ozone.om.OmMetadataReader.getFileStatus(OmMetadataReader.java:262) ~[ozone-manager-1.4.0-SNAPSHOT.jar:?]
	at org.apache.hadoop.ozone.om.OzoneManager.getFileStatus(OzoneManager.java:3533) ~[ozone-manager-1.4.0-SNAPSHOT.jar:?]
	at org.apache.hadoop.ozone.protocolPB.OzoneManagerRequestHandler.getOzoneFileStatus(OzoneManagerRequestHandler.java:971) ~[ozone-manager-1.4.0-SNAPSHOT.jar:?]
	at org.apache.hadoop.ozone.protocolPB.OzoneManagerRequestHandler.handleReadRequest(OzoneManagerRequestHandler.java:250) ~[ozone-manager-1.4.0-SNAPSHOT.jar:?]
	at org.apache.hadoop.ozone.protocolPB.OzoneManagerProtocolServerSideTranslatorPB.submitRequestDirectlyToOM(OzoneManagerProtocolServerSideTranslatorPB.java:274) ~[ozone-manager-1.4.0-SNAPSHOT.jar:?]
	at org.apache.hadoop.ozone.protocolPB.OzoneManagerProtocolServerSideTranslatorPB.processRequest(OzoneManagerProtocolServerSideTranslatorPB.java:175) ~[ozone-manager-1.4.0-SNAPSHOT.jar:?]
	at org.apache.hadoop.hdds.server.OzoneProtocolMessageDispatcher.processRequest(OzoneProtocolMessageDispatcher.java:87) [hdds-server-framework-1.4.0-SNAPSHOT.jar:?]
	at org.apache.hadoop.ozone.protocolPB.OzoneManagerProtocolServerSideTranslatorPB.submitRequest(OzoneManagerProtocolServerSideTranslatorPB.java:148) [ozone-manager-1.4.0-SNAPSHOT.jar:?]
	at org.apache.hadoop.ozone.protocol.proto.OzoneManagerProtocolProtos$OzoneManagerService$2.callBlockingMethod(OzoneManagerProtocolProtos.java) [ozone-interface-client-1.4.0-SNAPSHOT.jar:?]
	at org.apache.hadoop.ipc.ProtobufRpcEngine$Server.processCall(ProtobufRpcEngine.java:484) [hadoop-common-3.3.6.jar:?]
	at org.apache.hadoop.ipc.ProtobufRpcEngine2$Server$ProtoBufRpcInvoker.call(ProtobufRpcEngine2.java:595) [hadoop-common-3.3.6.jar:?]
	at org.apache.hadoop.ipc.ProtobufRpcEngine2$Server$ProtoBufRpcInvoker.call(ProtobufRpcEngine2.java:573) [hadoop-common-3.3.6.jar:?]
	at org.apache.hadoop.ipc.RPC$Server.call(RPC.java:1227) [hadoop-common-3.3.6.jar:?]
	at org.apache.hadoop.ipc.Server$RpcCall.run(Server.java:1094) [hadoop-common-3.3.6.jar:?]
	at org.apache.hadoop.ipc.Server$RpcCall.run(Server.java:1017) [hadoop-common-3.3.6.jar:?]
	at java.security.AccessController.doPrivileged(Native Method) ~[?:1.8.0_382]
	at javax.security.auth.Subject.doAs(Subject.java:422) [?:1.8.0_382]
	at org.apache.hadoop.security.UserGroupInformation.doAs(UserGroupInformation.java:1899) [hadoop-common-3.3.6.jar:?]
	at org.apache.hadoop.ipc.Server$Handler.run(Server.java:3048) [hadoop-common-3.3.6.jar:?]
02:07:38.081 [IPC Server handler 4 on default port 15163] ERROR OMAudit - user=runner | ip=127.0.0.1 | op=GET_FILE_STATUS {volume=volume12196, bucket=bucket58129, key=testBatchDelete/parent/childFolder/child5, dataSize=0, replicationConfig=null} | ret=FAILURE
org.apache.hadoop.ozone.om.exceptions.OMException: Unable to get file status: volume: volume12196 bucket: bucket58129 key: testBatchDelete/parent/childFolder/child5
	at org.apache.hadoop.ozone.om.KeyManagerImpl.getOzoneFileStatus(KeyManagerImpl.java:1195) ~[ozone-manager-1.4.0-SNAPSHOT.jar:?]
	at org.apache.hadoop.ozone.om.KeyManagerImpl.getFileStatus(KeyManagerImpl.java:1113) ~[ozone-manager-1.4.0-SNAPSHOT.jar:?]
	at org.apache.hadoop.ozone.om.OmMetadataReader.getFileStatus(OmMetadataReader.java:262) ~[ozone-manager-1.4.0-SNAPSHOT.jar:?]
	at org.apache.hadoop.ozone.om.OzoneManager.getFileStatus(OzoneManager.java:3533) ~[ozone-manager-1.4.0-SNAPSHOT.jar:?]
	at org.apache.hadoop.ozone.protocolPB.OzoneManagerRequestHandler.getOzoneFileStatus(OzoneManagerRequestHandler.java:971) ~[ozone-manager-1.4.0-SNAPSHOT.jar:?]
	at org.apache.hadoop.ozone.protocolPB.OzoneManagerRequestHandler.handleReadRequest(OzoneManagerRequestHandler.java:250) ~[ozone-manager-1.4.0-SNAPSHOT.jar:?]
	at org.apache.hadoop.ozone.protocolPB.OzoneManagerProtocolServerSideTranslatorPB.submitRequestDirectlyToOM(OzoneManagerProtocolServerSideTranslatorPB.java:274) ~[ozone-manager-1.4.0-SNAPSHOT.jar:?]
	at org.apache.hadoop.ozone.protocolPB.OzoneManagerProtocolServerSideTranslatorPB.processRequest(OzoneManagerProtocolServerSideTranslatorPB.java:175) ~[ozone-manager-1.4.0-SNAPSHOT.jar:?]
	at org.apache.hadoop.hdds.server.OzoneProtocolMessageDispatcher.processRequest(OzoneProtocolMessageDispatcher.java:87) [hdds-server-framework-1.4.0-SNAPSHOT.jar:?]
	at org.apache.hadoop.ozone.protocolPB.OzoneManagerProtocolServerSideTranslatorPB.submitRequest(OzoneManagerProtocolServerSideTranslatorPB.java:148) [ozone-manager-1.4.0-SNAPSHOT.jar:?]
	at org.apache.hadoop.ozone.protocol.proto.OzoneManagerProtocolProtos$OzoneManagerService$2.callBlockingMethod(OzoneManagerProtocolProtos.java) [ozone-interface-client-1.4.0-SNAPSHOT.jar:?]
	at org.apache.hadoop.ipc.ProtobufRpcEngine$Server.processCall(ProtobufRpcEngine.java:484) [hadoop-common-3.3.6.jar:?]
	at org.apache.hadoop.ipc.ProtobufRpcEngine2$Server$ProtoBufRpcInvoker.call(ProtobufRpcEngine2.java:595) [hadoop-common-3.3.6.jar:?]
	at org.apache.hadoop.ipc.ProtobufRpcEngine2$Server$ProtoBufRpcInvoker.call(ProtobufRpcEngine2.java:573) [hadoop-common-3.3.6.jar:?]
	at org.apache.hadoop.ipc.RPC$Server.call(RPC.java:1227) [hadoop-common-3.3.6.jar:?]
	at org.apache.hadoop.ipc.Server$RpcCall.run(Server.java:1094) [hadoop-common-3.3.6.jar:?]
	at org.apache.hadoop.ipc.Server$RpcCall.run(Server.java:1017) [hadoop-common-3.3.6.jar:?]
	at java.security.AccessController.doPrivileged(Native Method) ~[?:1.8.0_382]
	at javax.security.auth.Subject.doAs(Subject.java:422) [?:1.8.0_382]
	at org.apache.hadoop.security.UserGroupInformation.doAs(UserGroupInformation.java:1899) [hadoop-common-3.3.6.jar:?]
	at org.apache.hadoop.ipc.Server$Handler.run(Server.java:3048) [hadoop-common-3.3.6.jar:?]
02:07:38.082 [IPC Server handler 5 on default port 15163] ERROR OMAudit - user=runner | ip=127.0.0.1 | op=GET_FILE_STATUS {volume=volume12196, bucket=bucket58129, key=testBatchDelete/parent/child6, dataSize=0, replicationConfig=null} | ret=FAILURE
org.apache.hadoop.ozone.om.exceptions.OMException: Unable to get file status: volume: volume12196 bucket: bucket58129 key: testBatchDelete/parent/child6
	at org.apache.hadoop.ozone.om.KeyManagerImpl.getOzoneFileStatus(KeyManagerImpl.java:1195) ~[ozone-manager-1.4.0-SNAPSHOT.jar:?]
	at org.apache.hadoop.ozone.om.KeyManagerImpl.getFileStatus(KeyManagerImpl.java:1113) ~[ozone-manager-1.4.0-SNAPSHOT.jar:?]
	at org.apache.hadoop.ozone.om.OmMetadataReader.getFileStatus(OmMetadataReader.java:262) ~[ozone-manager-1.4.0-SNAPSHOT.jar:?]
	at org.apache.hadoop.ozone.om.OzoneManager.getFileStatus(OzoneManager.java:3533) ~[ozone-manager-1.4.0-SNAPSHOT.jar:?]
	at org.apache.hadoop.ozone.protocolPB.OzoneManagerRequestHandler.getOzoneFileStatus(OzoneManagerRequestHandler.java:971) ~[ozone-manager-1.4.0-SNAPSHOT.jar:?]
	at org.apache.hadoop.ozone.protocolPB.OzoneManagerRequestHandler.handleReadRequest(OzoneManagerRequestHandler.java:250) ~[ozone-manager-1.4.0-SNAPSHOT.jar:?]
	at org.apache.hadoop.ozone.protocolPB.OzoneManagerProtocolServerSideTranslatorPB.submitRequestDirectlyToOM(OzoneManagerProtocolServerSideTranslatorPB.java:274) ~[ozone-manager-1.4.0-SNAPSHOT.jar:?]
	at org.apache.hadoop.ozone.protocolPB.OzoneManagerProtocolServerSideTranslatorPB.processRequest(OzoneManagerProtocolServerSideTranslatorPB.java:175) ~[ozone-manager-1.4.0-SNAPSHOT.jar:?]
	at org.apache.hadoop.hdds.server.OzoneProtocolMessageDispatcher.processRequest(OzoneProtocolMessageDispatcher.java:87) [hdds-server-framework-1.4.0-SNAPSHOT.jar:?]
	at org.apache.hadoop.ozone.protocolPB.OzoneManagerProtocolServerSideTranslatorPB.submitRequest(OzoneManagerProtocolServerSideTranslatorPB.java:148) [ozone-manager-1.4.0-SNAPSHOT.jar:?]
	at org.apache.hadoop.ozone.protocol.proto.OzoneManagerProtocolProtos$OzoneManagerService$2.callBlockingMethod(OzoneManagerProtocolProtos.java) [ozone-interface-client-1.4.0-SNAPSHOT.jar:?]
	at org.apache.hadoop.ipc.ProtobufRpcEngine$Server.processCall(ProtobufRpcEngine.java:484) [hadoop-common-3.3.6.jar:?]
	at org.apache.hadoop.ipc.ProtobufRpcEngine2$Server$ProtoBufRpcInvoker.call(ProtobufRpcEngine2.java:595) [hadoop-common-3.3.6.jar:?]
	at org.apache.hadoop.ipc.ProtobufRpcEngine2$Server$ProtoBufRpcInvoker.call(ProtobufRpcEngine2.java:573) [hadoop-common-3.3.6.jar:?]
	at org.apache.hadoop.ipc.RPC$Server.call(RPC.java:1227) [hadoop-common-3.3.6.jar:?]
	at org.apache.hadoop.ipc.Server$RpcCall.run(Server.java:1094) [hadoop-common-3.3.6.jar:?]
	at org.apache.hadoop.ipc.Server$RpcCall.run(Server.java:1017) [hadoop-common-3.3.6.jar:?]
	at java.security.AccessController.doPrivileged(Native Method) ~[?:1.8.0_382]
	at javax.security.auth.Subject.doAs(Subject.java:422) [?:1.8.0_382]
	at org.apache.hadoop.security.UserGroupInformation.doAs(UserGroupInformation.java:1899) [hadoop-common-3.3.6.jar:?]
	at org.apache.hadoop.ipc.Server$Handler.run(Server.java:3048) [hadoop-common-3.3.6.jar:?]
02:07:38.082 [IPC Server handler 6 on default port 15163] ERROR OMAudit - user=runner | ip=127.0.0.1 | op=GET_FILE_STATUS {volume=volume12196, bucket=bucket58129, key=testBatchDelete/parent/childFolder/child6, dataSize=0, replicationConfig=null} | ret=FAILURE
org.apache.hadoop.ozone.om.exceptions.OMException: Unable to get file status: volume: volume12196 bucket: bucket58129 key: testBatchDelete/parent/childFolder/child6
	at org.apache.hadoop.ozone.om.KeyManagerImpl.getOzoneFileStatus(KeyManagerImpl.java:1195) ~[ozone-manager-1.4.0-SNAPSHOT.jar:?]
	at org.apache.hadoop.ozone.om.KeyManagerImpl.getFileStatus(KeyManagerImpl.java:1113) ~[ozone-manager-1.4.0-SNAPSHOT.jar:?]
	at org.apache.hadoop.ozone.om.OmMetadataReader.getFileStatus(OmMetadataReader.java:262) ~[ozone-manager-1.4.0-SNAPSHOT.jar:?]
	at org.apache.hadoop.ozone.om.OzoneManager.getFileStatus(OzoneManager.java:3533) ~[ozone-manager-1.4.0-SNAPSHOT.jar:?]
	at org.apache.hadoop.ozone.protocolPB.OzoneManagerRequestHandler.getOzoneFileStatus(OzoneManagerRequestHandler.java:971) ~[ozone-manager-1.4.0-SNAPSHOT.jar:?]
	at org.apache.hadoop.ozone.protocolPB.OzoneManagerRequestHandler.handleReadRequest(OzoneManagerRequestHandler.java:250) ~[ozone-manager-1.4.0-SNAPSHOT.jar:?]
	at org.apache.hadoop.ozone.protocolPB.OzoneManagerProtocolServerSideTranslatorPB.submitRequestDirectlyToOM(OzoneManagerProtocolServerSideTranslatorPB.java:274) ~[ozone-manager-1.4.0-SNAPSHOT.jar:?]
	at org.apache.hadoop.ozone.protocolPB.OzoneManagerProtocolServerSideTranslatorPB.processRequest(OzoneManagerProtocolServerSideTranslatorPB.java:175) ~[ozone-manager-1.4.0-SNAPSHOT.jar:?]
	at org.apache.hadoop.hdds.server.OzoneProtocolMessageDispatcher.processRequest(OzoneProtocolMessageDispatcher.java:87) [hdds-server-framework-1.4.0-SNAPSHOT.jar:?]
	at org.apache.hadoop.ozone.protocolPB.OzoneManagerProtocolServerSideTranslatorPB.submitRequest(OzoneManagerProtocolServerSideTranslatorPB.java:148) [ozone-manager-1.4.0-SNAPSHOT.jar:?]
	at org.apache.hadoop.ozone.protocol.proto.OzoneManagerProtocolProtos$OzoneManagerService$2.callBlockingMethod(OzoneManagerProtocolProtos.java) [ozone-interface-client-1.4.0-SNAPSHOT.jar:?]
	at org.apache.hadoop.ipc.ProtobufRpcEngine$Server.processCall(ProtobufRpcEngine.java:484) [hadoop-common-3.3.6.jar:?]
	at org.apache.hadoop.ipc.ProtobufRpcEngine2$Server$ProtoBufRpcInvoker.call(ProtobufRpcEngine2.java:595) [hadoop-common-3.3.6.jar:?]
	at org.apache.hadoop.ipc.ProtobufRpcEngine2$Server$ProtoBufRpcInvoker.call(ProtobufRpcEngine2.java:573) [hadoop-common-3.3.6.jar:?]
	at org.apache.hadoop.ipc.RPC$Server.call(RPC.java:1227) [hadoop-common-3.3.6.jar:?]
	at org.apache.hadoop.ipc.Server$RpcCall.run(Server.java:1094) [hadoop-common-3.3.6.jar:?]
	at org.apache.hadoop.ipc.Server$RpcCall.run(Server.java:1017) [hadoop-common-3.3.6.jar:?]
	at java.security.AccessController.doPrivileged(Native Method) ~[?:1.8.0_382]
	at javax.security.auth.Subject.doAs(Subject.java:422) [?:1.8.0_382]
	at org.apache.hadoop.security.UserGroupInformation.doAs(UserGroupInformation.java:1899) [hadoop-common-3.3.6.jar:?]
	at org.apache.hadoop.ipc.Server$Handler.run(Server.java:3048) [hadoop-common-3.3.6.jar:?]
02:07:38.083 [IPC Server handler 7 on default port 15163] ERROR OMAudit - user=runner | ip=127.0.0.1 | op=GET_FILE_STATUS {volume=volume12196, bucket=bucket58129, key=testBatchDelete/parent/child7, dataSize=0, replicationConfig=null} | ret=FAILURE
org.apache.hadoop.ozone.om.exceptions.OMException: Unable to get file status: volume: volume12196 bucket: bucket58129 key: testBatchDelete/parent/child7
	at org.apache.hadoop.ozone.om.KeyManagerImpl.getOzoneFileStatus(KeyManagerImpl.java:1195) ~[ozone-manager-1.4.0-SNAPSHOT.jar:?]
	at org.apache.hadoop.ozone.om.KeyManagerImpl.getFileStatus(KeyManagerImpl.java:1113) ~[ozone-manager-1.4.0-SNAPSHOT.jar:?]
	at org.apache.hadoop.ozone.om.OmMetadataReader.getFileStatus(OmMetadataReader.java:262) ~[ozone-manager-1.4.0-SNAPSHOT.jar:?]
	at org.apache.hadoop.ozone.om.OzoneManager.getFileStatus(OzoneManager.java:3533) ~[ozone-manager-1.4.0-SNAPSHOT.jar:?]
	at org.apache.hadoop.ozone.protocolPB.OzoneManagerRequestHandler.getOzoneFileStatus(OzoneManagerRequestHandler.java:971) ~[ozone-manager-1.4.0-SNAPSHOT.jar:?]
	at org.apache.hadoop.ozone.protocolPB.OzoneManagerRequestHandler.handleReadRequest(OzoneManagerRequestHandler.java:250) ~[ozone-manager-1.4.0-SNAPSHOT.jar:?]
	at org.apache.hadoop.ozone.protocolPB.OzoneManagerProtocolServerSideTranslatorPB.submitRequestDirectlyToOM(OzoneManagerProtocolServerSideTranslatorPB.java:274) ~[ozone-manager-1.4.0-SNAPSHOT.jar:?]
	at org.apache.hadoop.ozone.protocolPB.OzoneManagerProtocolServerSideTranslatorPB.processRequest(OzoneManagerProtocolServerSideTranslatorPB.java:175) ~[ozone-manager-1.4.0-SNAPSHOT.jar:?]
	at org.apache.hadoop.hdds.server.OzoneProtocolMessageDispatcher.processRequest(OzoneProtocolMessageDispatcher.java:87) [hdds-server-framework-1.4.0-SNAPSHOT.jar:?]
	at org.apache.hadoop.ozone.protocolPB.OzoneManagerProtocolServerSideTranslatorPB.submitRequest(OzoneManagerProtocolServerSideTranslatorPB.java:148) [ozone-manager-1.4.0-SNAPSHOT.jar:?]
	at org.apache.hadoop.ozone.protocol.proto.OzoneManagerProtocolProtos$OzoneManagerService$2.callBlockingMethod(OzoneManagerProtocolProtos.java) [ozone-interface-client-1.4.0-SNAPSHOT.jar:?]
	at org.apache.hadoop.ipc.ProtobufRpcEngine$Server.processCall(ProtobufRpcEngine.java:484) [hadoop-common-3.3.6.jar:?]
	at org.apache.hadoop.ipc.ProtobufRpcEngine2$Server$ProtoBufRpcInvoker.call(ProtobufRpcEngine2.java:595) [hadoop-common-3.3.6.jar:?]
	at org.apache.hadoop.ipc.ProtobufRpcEngine2$Server$ProtoBufRpcInvoker.call(ProtobufRpcEngine2.java:573) [hadoop-common-3.3.6.jar:?]
	at org.apache.hadoop.ipc.RPC$Server.call(RPC.java:1227) [hadoop-common-3.3.6.jar:?]
	at org.apache.hadoop.ipc.Server$RpcCall.run(Server.java:1094) [hadoop-common-3.3.6.jar:?]
	at org.apache.hadoop.ipc.Server$RpcCall.run(Server.java:1017) [hadoop-common-3.3.6.jar:?]
	at java.security.AccessController.doPrivileged(Native Method) ~[?:1.8.0_382]
	at javax.security.auth.Subject.doAs(Subject.java:422) [?:1.8.0_382]
	at org.apache.hadoop.security.UserGroupInformation.doAs(UserGroupInformation.java:1899) [hadoop-common-3.3.6.jar:?]
	at org.apache.hadoop.ipc.Server$Handler.run(Server.java:3048) [hadoop-common-3.3.6.jar:?]
02:07:38.085 [IPC Server handler 9 on default port 15163] ERROR OMAudit - user=runner | ip=127.0.0.1 | op=GET_FILE_STATUS {volume=volume12196, bucket=bucket58129, key=testBatchDelete/parent/childFolder/child7, dataSize=0, replicationConfig=null} | ret=FAILURE
org.apache.hadoop.ozone.om.exceptions.OMException: Unable to get file status: volume: volume12196 bucket: bucket58129 key: testBatchDelete/parent/childFolder/child7
	at org.apache.hadoop.ozone.om.KeyManagerImpl.getOzoneFileStatus(KeyManagerImpl.java:1195) ~[ozone-manager-1.4.0-SNAPSHOT.jar:?]
	at org.apache.hadoop.ozone.om.KeyManagerImpl.getFileStatus(KeyManagerImpl.java:1113) ~[ozone-manager-1.4.0-SNAPSHOT.jar:?]
	at org.apache.hadoop.ozone.om.OmMetadataReader.getFileStatus(OmMetadataReader.java:262) ~[ozone-manager-1.4.0-SNAPSHOT.jar:?]
	at org.apache.hadoop.ozone.om.OzoneManager.getFileStatus(OzoneManager.java:3533) ~[ozone-manager-1.4.0-SNAPSHOT.jar:?]
	at org.apache.hadoop.ozone.protocolPB.OzoneManagerRequestHandler.getOzoneFileStatus(OzoneManagerRequestHandler.java:971) ~[ozone-manager-1.4.0-SNAPSHOT.jar:?]
	at org.apache.hadoop.ozone.protocolPB.OzoneManagerRequestHandler.handleReadRequest(OzoneManagerRequestHandler.java:250) ~[ozone-manager-1.4.0-SNAPSHOT.jar:?]
	at org.apache.hadoop.ozone.protocolPB.OzoneManagerProtocolServerSideTranslatorPB.submitRequestDirectlyToOM(OzoneManagerProtocolServerSideTranslatorPB.java:274) ~[ozone-manager-1.4.0-SNAPSHOT.jar:?]
	at org.apache.hadoop.ozone.protocolPB.OzoneManagerProtocolServerSideTranslatorPB.processRequest(OzoneManagerProtocolServerSideTranslatorPB.java:175) ~[ozone-manager-1.4.0-SNAPSHOT.jar:?]
	at org.apache.hadoop.hdds.server.OzoneProtocolMessageDispatcher.processRequest(OzoneProtocolMessageDispatcher.java:87) [hdds-server-framework-1.4.0-SNAPSHOT.jar:?]
	at org.apache.hadoop.ozone.protocolPB.OzoneManagerProtocolServerSideTranslatorPB.submitRequest(OzoneManagerProtocolServerSideTranslatorPB.java:148) [ozone-manager-1.4.0-SNAPSHOT.jar:?]
	at org.apache.hadoop.ozone.protocol.proto.OzoneManagerProtocolProtos$OzoneManagerService$2.callBlockingMethod(OzoneManagerProtocolProtos.java) [ozone-interface-client-1.4.0-SNAPSHOT.jar:?]
	at org.apache.hadoop.ipc.ProtobufRpcEngine$Server.processCall(ProtobufRpcEngine.java:484) [hadoop-common-3.3.6.jar:?]
	at org.apache.hadoop.ipc.ProtobufRpcEngine2$Server$ProtoBufRpcInvoker.call(ProtobufRpcEngine2.java:595) [hadoop-common-3.3.6.jar:?]
	at org.apache.hadoop.ipc.ProtobufRpcEngine2$Server$ProtoBufRpcInvoker.call(ProtobufRpcEngine2.java:573) [hadoop-common-3.3.6.jar:?]
	at org.apache.hadoop.ipc.RPC$Server.call(RPC.java:1227) [hadoop-common-3.3.6.jar:?]
	at org.apache.hadoop.ipc.Server$RpcCall.run(Server.java:1094) [hadoop-common-3.3.6.jar:?]
	at org.apache.hadoop.ipc.Server$RpcCall.run(Server.java:1017) [hadoop-common-3.3.6.jar:?]
	at java.security.AccessController.doPrivileged(Native Method) ~[?:1.8.0_382]
	at javax.security.auth.Subject.doAs(Subject.java:422) [?:1.8.0_382]
	at org.apache.hadoop.security.UserGroupInformation.doAs(UserGroupInformation.java:1899) [hadoop-common-3.3.6.jar:?]
	at org.apache.hadoop.ipc.Server$Handler.run(Server.java:3048) [hadoop-common-3.3.6.jar:?]
02:07:38.086 [IPC Server handler 10 on default port 15163] ERROR OMAudit - user=runner | ip=127.0.0.1 | op=GET_FILE_STATUS {volume=volume12196, bucket=bucket58129, key=testBatchDelete/parent, dataSize=0, replicationConfig=null} | ret=FAILURE
org.apache.hadoop.ozone.om.exceptions.OMException: Unable to get file status: volume: volume12196 bucket: bucket58129 key: testBatchDelete/parent
	at org.apache.hadoop.ozone.om.KeyManagerImpl.getOzoneFileStatus(KeyManagerImpl.java:1195) ~[ozone-manager-1.4.0-SNAPSHOT.jar:?]
	at org.apache.hadoop.ozone.om.KeyManagerImpl.getFileStatus(KeyManagerImpl.java:1113) ~[ozone-manager-1.4.0-SNAPSHOT.jar:?]
	at org.apache.hadoop.ozone.om.OmMetadataReader.getFileStatus(OmMetadataReader.java:262) ~[ozone-manager-1.4.0-SNAPSHOT.jar:?]
	at org.apache.hadoop.ozone.om.OzoneManager.getFileStatus(OzoneManager.java:3533) ~[ozone-manager-1.4.0-SNAPSHOT.jar:?]
	at org.apache.hadoop.ozone.protocolPB.OzoneManagerRequestHandler.getOzoneFileStatus(OzoneManagerRequestHandler.java:971) ~[ozone-manager-1.4.0-SNAPSHOT.jar:?]
	at org.apache.hadoop.ozone.protocolPB.OzoneManagerRequestHandler.handleReadRequest(OzoneManagerRequestHandler.java:250) ~[ozone-manager-1.4.0-SNAPSHOT.jar:?]
	at org.apache.hadoop.ozone.protocolPB.OzoneManagerProtocolServerSideTranslatorPB.submitRequestDirectlyToOM(OzoneManagerProtocolServerSideTranslatorPB.java:274) ~[ozone-manager-1.4.0-SNAPSHOT.jar:?]
	at org.apache.hadoop.ozone.protocolPB.OzoneManagerProtocolServerSideTranslatorPB.processRequest(OzoneManagerProtocolServerSideTranslatorPB.java:175) ~[ozone-manager-1.4.0-SNAPSHOT.jar:?]
	at org.apache.hadoop.hdds.server.OzoneProtocolMessageDispatcher.processRequest(OzoneProtocolMessageDispatcher.java:87) [hdds-server-framework-1.4.0-SNAPSHOT.jar:?]
	at org.apache.hadoop.ozone.protocolPB.OzoneManagerProtocolServerSideTranslatorPB.submitRequest(OzoneManagerProtocolServerSideTranslatorPB.java:148) [ozone-manager-1.4.0-SNAPSHOT.jar:?]
	at org.apache.hadoop.ozone.protocol.proto.OzoneManagerProtocolProtos$OzoneManagerService$2.callBlockingMethod(OzoneManagerProtocolProtos.java) [ozone-interface-client-1.4.0-SNAPSHOT.jar:?]
	at org.apache.hadoop.ipc.ProtobufRpcEngine$Server.processCall(ProtobufRpcEngine.java:484) [hadoop-common-3.3.6.jar:?]
	at org.apache.hadoop.ipc.ProtobufRpcEngine2$Server$ProtoBufRpcInvoker.call(ProtobufRpcEngine2.java:595) [hadoop-common-3.3.6.jar:?]
	at org.apache.hadoop.ipc.ProtobufRpcEngine2$Server$ProtoBufRpcInvoker.call(ProtobufRpcEngine2.java:573) [hadoop-common-3.3.6.jar:?]
	at org.apache.hadoop.ipc.RPC$Server.call(RPC.java:1227) [hadoop-common-3.3.6.jar:?]
	at org.apache.hadoop.ipc.Server$RpcCall.run(Server.java:1094) [hadoop-common-3.3.6.jar:?]
	at org.apache.hadoop.ipc.Server$RpcCall.run(Server.java:1017) [hadoop-common-3.3.6.jar:?]
	at java.security.AccessController.doPrivileged(Native Method) ~[?:1.8.0_382]
	at javax.security.auth.Subject.doAs(Subject.java:422) [?:1.8.0_382]
	at org.apache.hadoop.security.UserGroupInformation.doAs(UserGroupInformation.java:1899) [hadoop-common-3.3.6.jar:?]
	at org.apache.hadoop.ipc.Server$Handler.run(Server.java:3048) [hadoop-common-3.3.6.jar:?]
2023-09-19 02:07:38,086 [Time-limited test] WARN  ozone.BasicOzoneFileSystem (BasicOzoneFileSystem.java:delete(607)) - delete: Path does not exist: /testBatchDelete/parent
]]></system-out>
  </testcase>
  <testcase name="testListStatusIteratorOnPageSize" classname="TestOzoneFileSystem" time="43.1">
    <system-out><![CDATA[2023-09-19 02:04:47,482 [IPC Server handler 2 on default port 15001] INFO  ha.SequenceIdGenerator (SequenceIdGenerator.java:getNextId(140)) - Allocate a batch for delTxnId, change lastId from 0 to 1000.
2023-09-19 02:04:50,575 [BlockDeletingService#0] INFO  interfaces.ContainerDeletionChoosingPolicyTemplate (ContainerDeletionChoosingPolicyTemplate.java:chooseContainerForBlockDeletion(85)) - Chosen 0/5000 blocks from 0 candidate containers.
2023-09-19 02:04:50,927 [BlockDeletingService#0] INFO  interfaces.ContainerDeletionChoosingPolicyTemplate (ContainerDeletionChoosingPolicyTemplate.java:chooseContainerForBlockDeletion(85)) - Chosen 0/5000 blocks from 0 candidate containers.
2023-09-19 02:04:51,265 [BlockDeletingService#0] INFO  interfaces.ContainerDeletionChoosingPolicyTemplate (ContainerDeletionChoosingPolicyTemplate.java:chooseContainerForBlockDeletion(85)) - Chosen 0/5000 blocks from 0 candidate containers.
2023-09-19 02:04:51,611 [BlockDeletingService#0] INFO  interfaces.ContainerDeletionChoosingPolicyTemplate (ContainerDeletionChoosingPolicyTemplate.java:chooseContainerForBlockDeletion(85)) - Chosen 0/5000 blocks from 0 candidate containers.
2023-09-19 02:04:51,933 [BlockDeletingService#0] INFO  interfaces.ContainerDeletionChoosingPolicyTemplate (ContainerDeletionChoosingPolicyTemplate.java:chooseContainerForBlockDeletion(85)) - Chosen 0/5000 blocks from 0 candidate containers.
]]></system-out>
  </testcase>
  <testcase name="testListStatusIteratorOnPageSize" classname="TestOzoneFileSystem" time="30.725"/>
  <testcase name="testListStatusIteratorOnPageSize" classname="TestOzoneFileSystem" time="33.557">
    <system-out><![CDATA[2023-09-19 02:06:33,763 [JvmPauseMonitor19] WARN  util.JvmPauseMonitor (JvmPauseMonitor.java:detectPause(124)) - JvmPauseMonitor-64a2289b-3939-49a4-b25c-4bba4de7a3bf: Detected pause in JVM or host machine approximately 0.224s with 0.548s GC time.
GC pool 'PS MarkSweep' had collection(s): count=1 time=430ms
GC pool 'PS Scavenge' had collection(s): count=1 time=118ms
2023-09-19 02:06:33,771 [JvmPauseMonitor17] WARN  util.JvmPauseMonitor (JvmPauseMonitor.java:detectPause(124)) - JvmPauseMonitor-1fe901b2-7321-49f3-ab84-42b9a15df08a: Detected pause in JVM or host machine approximately 0.305s with 0.548s GC time.
GC pool 'PS MarkSweep' had collection(s): count=1 time=430ms
GC pool 'PS Scavenge' had collection(s): count=1 time=118ms
2023-09-19 02:06:33,771 [JvmPauseMonitor20] WARN  util.JvmPauseMonitor (JvmPauseMonitor.java:detectPause(124)) - JvmPauseMonitor-b4ea5f9d-de80-46c5-a4c7-ec8a93521806: Detected pause in JVM or host machine approximately 0.445s with 0.548s GC time.
GC pool 'PS MarkSweep' had collection(s): count=1 time=430ms
GC pool 'PS Scavenge' had collection(s): count=1 time=118ms
2023-09-19 02:06:33,778 [JvmPauseMonitor15] WARN  util.JvmPauseMonitor (JvmPauseMonitor.java:detectPause(124)) - JvmPauseMonitor-om1: Detected pause in JVM or host machine approximately 0.483s with 0.548s GC time.
GC pool 'PS MarkSweep' had collection(s): count=1 time=430ms
GC pool 'PS Scavenge' had collection(s): count=1 time=118ms
2023-09-19 02:06:33,779 [JvmPauseMonitor16] WARN  util.JvmPauseMonitor (JvmPauseMonitor.java:detectPause(124)) - JvmPauseMonitor-33cb0de0-5ab7-4f61-b692-731671fbecae: Detected pause in JVM or host machine approximately 0.525s with 0.548s GC time.
GC pool 'PS MarkSweep' had collection(s): count=1 time=430ms
GC pool 'PS Scavenge' had collection(s): count=1 time=118ms
2023-09-19 02:06:33,779 [JvmPauseMonitor18] WARN  util.JvmPauseMonitor (JvmPauseMonitor.java:detectPause(124)) - JvmPauseMonitor-c519ac42-8cdc-4319-9f51-a3f7e63d0809: Detected pause in JVM or host machine approximately 0.526s with 0.548s GC time.
GC pool 'PS MarkSweep' had collection(s): count=1 time=430ms
GC pool 'PS Scavenge' had collection(s): count=1 time=118ms
2023-09-19 02:06:33,779 [JvmPauseMonitor14] WARN  util.JvmPauseMonitor (JvmPauseMonitor.java:detectPause(124)) - JvmPauseMonitor-d66e3bd1-d088-463b-bda8-0cf4300067d7: Detected pause in JVM or host machine approximately 0.274s with 0.548s GC time.
GC pool 'PS MarkSweep' had collection(s): count=1 time=430ms
GC pool 'PS Scavenge' had collection(s): count=1 time=118ms
]]></system-out>
  </testcase>
  <testcase name="testListStatusIteratorOnPageSize" classname="TestOzoneFileSystem" time="28.717">
    <system-out><![CDATA[2023-09-19 02:07:41,135 [JvmPauseMonitor23] WARN  util.JvmPauseMonitor (JvmPauseMonitor.java:detectPause(124)) - JvmPauseMonitor-2a4ddaa6-1a2b-4173-87e0-55a87acfd4f7: Detected pause in JVM or host machine approximately 0.119s with 0.126s GC time.
GC pool 'PS Scavenge' had collection(s): count=1 time=126ms
2023-09-19 02:07:59,911 [JvmPauseMonitor24] WARN  util.JvmPauseMonitor (JvmPauseMonitor.java:detectPause(124)) - JvmPauseMonitor-cb888b2f-aa43-4b14-8a4b-2497c9c1feb0: Detected pause in JVM or host machine approximately 0.113s with 0.113s GC time.
GC pool 'PS Scavenge' had collection(s): count=1 time=113ms
2023-09-19 02:08:04,113 [JvmPauseMonitor22] WARN  util.JvmPauseMonitor (JvmPauseMonitor.java:detectPause(124)) - JvmPauseMonitor-127eb655-8dd8-4068-bfab-4b7ada599deb: Detected pause in JVM or host machine approximately 0.419s with 0.784s GC time.
GC pool 'PS MarkSweep' had collection(s): count=1 time=512ms
GC pool 'PS Scavenge' had collection(s): count=1 time=272ms
2023-09-19 02:08:04,113 [JvmPauseMonitor25] WARN  util.JvmPauseMonitor (JvmPauseMonitor.java:detectPause(124)) - JvmPauseMonitor-765749c7-07d3-4ecd-8c14-ec59685a04c1: Detected pause in JVM or host machine approximately 0.420s with 0.784s GC time.
GC pool 'PS MarkSweep' had collection(s): count=1 time=512ms
GC pool 'PS Scavenge' had collection(s): count=1 time=272ms
2023-09-19 02:08:04,113 [JvmPauseMonitor23] WARN  util.JvmPauseMonitor (JvmPauseMonitor.java:detectPause(124)) - JvmPauseMonitor-2a4ddaa6-1a2b-4173-87e0-55a87acfd4f7: Detected pause in JVM or host machine approximately 0.420s with 0.784s GC time.
GC pool 'PS MarkSweep' had collection(s): count=1 time=512ms
GC pool 'PS Scavenge' had collection(s): count=1 time=272ms
2023-09-19 02:08:04,114 [JvmPauseMonitor27] WARN  util.JvmPauseMonitor (JvmPauseMonitor.java:detectPause(124)) - JvmPauseMonitor-92a1afef-9ecd-4787-9981-6f6f5d31539c: Detected pause in JVM or host machine approximately 0.420s with 0.784s GC time.
GC pool 'PS MarkSweep' had collection(s): count=1 time=512ms
GC pool 'PS Scavenge' had collection(s): count=1 time=272ms
2023-09-19 02:08:04,115 [JvmPauseMonitor21] WARN  util.JvmPauseMonitor (JvmPauseMonitor.java:detectPause(124)) - JvmPauseMonitor-9a01d4d9-68ee-460d-92b3-862a925886e5: Detected pause in JVM or host machine approximately 0.618s with 0.784s GC time.
GC pool 'PS MarkSweep' had collection(s): count=1 time=512ms
GC pool 'PS Scavenge' had collection(s): count=1 time=272ms
2023-09-19 02:08:04,116 [JvmPauseMonitor26] WARN  util.JvmPauseMonitor (JvmPauseMonitor.java:detectPause(124)) - JvmPauseMonitor-7fbbbf63-2234-40cb-a883-34788a40cf43: Detected pause in JVM or host machine approximately 0.618s with 0.784s GC time.
GC pool 'PS MarkSweep' had collection(s): count=1 time=512ms
GC pool 'PS Scavenge' had collection(s): count=1 time=272ms
2023-09-19 02:08:04,118 [JvmPauseMonitor24] WARN  util.JvmPauseMonitor (JvmPauseMonitor.java:detectPause(124)) - JvmPauseMonitor-cb888b2f-aa43-4b14-8a4b-2497c9c1feb0: Detected pause in JVM or host machine approximately 0.707s with 0.784s GC time.
GC pool 'PS MarkSweep' had collection(s): count=1 time=512ms
GC pool 'PS Scavenge' had collection(s): count=1 time=272ms
]]></system-out>
  </testcase>
  <testcase name="testListStatusWithIntermediateDir" classname="TestOzoneFileSystem" time="0.054">
    <system-out><![CDATA[2023-09-19 02:04:52,130 [OM StateMachine ApplyTransaction Thread - 0] WARN  helpers.QuotaUtil (QuotaUtil.java:getReplicatedSize(63)) - Unknown replication type 'STAND_ALONE'. Returning original data size.
2023-09-19 02:04:52,136 [Time-limited test] WARN  helpers.QuotaUtil (QuotaUtil.java:getReplicatedSize(63)) - Unknown replication type 'STAND_ALONE'. Returning original data size.
2023-09-19 02:04:52,145 [Time-limited test] WARN  helpers.QuotaUtil (QuotaUtil.java:getReplicatedSize(63)) - Unknown replication type 'STAND_ALONE'. Returning original data size.
2023-09-19 02:04:52,146 [Time-limited test] WARN  helpers.QuotaUtil (QuotaUtil.java:getReplicatedSize(63)) - Unknown replication type 'STAND_ALONE'. Returning original data size.
2023-09-19 02:04:52,146 [Time-limited test] WARN  helpers.QuotaUtil (QuotaUtil.java:getReplicatedSize(63)) - Unknown replication type 'STAND_ALONE'. Returning original data size.
]]></system-out>
  </testcase>
  <testcase name="testListStatusWithIntermediateDir" classname="TestOzoneFileSystem" time="0.043">
    <system-out><![CDATA[2023-09-19 02:05:59,216 [IPC Server handler 4 on default port 15057] WARN  helpers.QuotaUtil (QuotaUtil.java:getReplicatedSize(63)) - Unknown replication type 'STAND_ALONE'. Returning original data size.
2023-09-19 02:05:59,222 [Time-limited test] WARN  helpers.QuotaUtil (QuotaUtil.java:getReplicatedSize(63)) - Unknown replication type 'STAND_ALONE'. Returning original data size.
2023-09-19 02:05:59,228 [Time-limited test] WARN  helpers.QuotaUtil (QuotaUtil.java:getReplicatedSize(63)) - Unknown replication type 'STAND_ALONE'. Returning original data size.
2023-09-19 02:05:59,229 [Time-limited test] WARN  helpers.QuotaUtil (QuotaUtil.java:getReplicatedSize(63)) - Unknown replication type 'STAND_ALONE'. Returning original data size.
2023-09-19 02:05:59,230 [Time-limited test] WARN  helpers.QuotaUtil (QuotaUtil.java:getReplicatedSize(63)) - Unknown replication type 'STAND_ALONE'. Returning original data size.
]]></system-out>
  </testcase>
  <testcase name="testListStatusWithIntermediateDir" classname="TestOzoneFileSystem" time="0.043">
    <system-out><![CDATA[2023-09-19 02:07:04,231 [OM StateMachine ApplyTransaction Thread - 0] WARN  helpers.QuotaUtil (QuotaUtil.java:getReplicatedSize(63)) - Unknown replication type 'STAND_ALONE'. Returning original data size.
2023-09-19 02:07:04,239 [Time-limited test] WARN  helpers.QuotaUtil (QuotaUtil.java:getReplicatedSize(63)) - Unknown replication type 'STAND_ALONE'. Returning original data size.
2023-09-19 02:07:04,244 [Time-limited test] WARN  helpers.QuotaUtil (QuotaUtil.java:getReplicatedSize(63)) - Unknown replication type 'STAND_ALONE'. Returning original data size.
]]></system-out>
  </testcase>
  <testcase name="testListStatusWithIntermediateDir" classname="TestOzoneFileSystem" time="0.039">
    <system-out><![CDATA[2023-09-19 02:08:06,822 [IPC Server handler 13 on default port 15163] WARN  helpers.QuotaUtil (QuotaUtil.java:getReplicatedSize(63)) - Unknown replication type 'STAND_ALONE'. Returning original data size.
2023-09-19 02:08:06,829 [Time-limited test] WARN  helpers.QuotaUtil (QuotaUtil.java:getReplicatedSize(63)) - Unknown replication type 'STAND_ALONE'. Returning original data size.
2023-09-19 02:08:06,834 [Time-limited test] WARN  helpers.QuotaUtil (QuotaUtil.java:getReplicatedSize(63)) - Unknown replication type 'STAND_ALONE'. Returning original data size.
]]></system-out>
  </testcase>
  <testcase name="testRenameSourceAndDestinAreSame" classname="TestOzoneFileSystem" time="0.04"/>
  <testcase name="testRenameSourceAndDestinAreSame" classname="TestOzoneFileSystem" time="0.027"/>
  <testcase name="testRenameSourceAndDestinAreSame" classname="TestOzoneFileSystem" time="0.025"/>
  <testcase name="testRenameSourceAndDestinAreSame" classname="TestOzoneFileSystem" time="0.022"/>
  <testcase name="testListStatusIteratorWithDir" classname="TestOzoneFileSystem" time="0.066"/>
  <testcase name="testListStatusIteratorWithDir" classname="TestOzoneFileSystem" time="0.056"/>
  <testcase name="testListStatusIteratorWithDir" classname="TestOzoneFileSystem" time="0.058"/>
  <testcase name="testListStatusIteratorWithDir" classname="TestOzoneFileSystem" time="0.048"/>
  <testcase name="testListStatusOnLargeDirectory" classname="TestOzoneFileSystem" time="7.603"/>
  <testcase name="testListStatusOnLargeDirectory" classname="TestOzoneFileSystem" time="5.848"/>
  <testcase name="testListStatusOnLargeDirectory" classname="TestOzoneFileSystem" time="6.66"/>
  <testcase name="testListStatusOnLargeDirectory" classname="TestOzoneFileSystem" time="5.78"/>
  <testcase name="testFileSystemDeclaresCapability" classname="TestOzoneFileSystem" time="0.014"/>
  <testcase name="testFileSystemDeclaresCapability" classname="TestOzoneFileSystem" time="0.012"/>
  <testcase name="testFileSystemDeclaresCapability" classname="TestOzoneFileSystem" time="0.012"/>
  <testcase name="testFileSystemDeclaresCapability" classname="TestOzoneFileSystem" time="0.011"/>
  <testcase name="testCreateKeyShouldUseRefreshedBucketReplicationConfig" classname="TestOzoneFileSystem" time="0.34">
    <system-out><![CDATA[2023-09-19 02:04:59,906 [Time-limited test] INFO  rpc.RpcClient (RpcClient.java:createVolume(461)) - Creating Volume: volume22970, with user33178 as owner and space quota set to -1 bytes, counts quota set to -1
2023-09-19 02:04:59,912 [OM StateMachine ApplyTransaction Thread - 0] INFO  volume.OMVolumeCreateRequest (OMVolumeCreateRequest.java:validateAndUpdateCache(196)) - created volume:volume22970 for user:user33178
2023-09-19 02:04:59,914 [Time-limited test] INFO  rpc.RpcClient (RpcClient.java:createBucket(688)) - Creating Bucket: volume22970/bucket95686, with bucket layout LEGACY, runner as owner, Versioning false, Storage Type set to DISK and Encryption set to false, Replication Type set to server-side default replication type, Namespace Quota set to -1, Space Quota set to -1 
2023-09-19 02:04:59,916 [OM StateMachine ApplyTransaction Thread - 0] INFO  bucket.OMBucketCreateRequest (OMBucketCreateRequest.java:validateAndUpdateCache(270)) - created bucket: bucket95686 of layout LEGACY in volume: volume22970
2023-09-19 02:04:59,991 [IPC Server handler 6 on default port 15001] INFO  algorithms.SCMContainerPlacementRackScatter (SCMContainerPlacementRackScatter.java:chooseDatanodesInternal(370)) - Chosen nodes: [5318791c-eaf4-4a3a-8c62-f5bfab93a736(fv-az1031-92/10.1.0.29), 251b4ee7-4683-41e7-a4df-609a9bc3ccca(fv-az1031-92/10.1.0.29), b1558ce8-bc2f-4c62-aaec-0278e14522f1(fv-az1031-92/10.1.0.29), 3d8e742d-6d38-4fa1-811b-6a8dd626afd2(fv-az1031-92/10.1.0.29), e775f47d-b5dc-484c-be98-194b1f285975(fv-az1031-92/10.1.0.29)]. isPolicySatisfied: true.
2023-09-19 02:04:59,993 [IPC Server handler 6 on default port 15001] INFO  pipeline.WritableECContainerProvider (WritableECContainerProvider.java:allocateContainer(211)) - Created and opened new pipeline Pipeline[ Id: a6fee84a-245f-45f6-8ebf-3e3a9fb596fa, Nodes: 5318791c-eaf4-4a3a-8c62-f5bfab93a736(fv-az1031-92/10.1.0.29)251b4ee7-4683-41e7-a4df-609a9bc3ccca(fv-az1031-92/10.1.0.29)b1558ce8-bc2f-4c62-aaec-0278e14522f1(fv-az1031-92/10.1.0.29)3d8e742d-6d38-4fa1-811b-6a8dd626afd2(fv-az1031-92/10.1.0.29)e775f47d-b5dc-484c-be98-194b1f285975(fv-az1031-92/10.1.0.29), ReplicationConfig: EC{rs-3-2-1024k}, State:ALLOCATED, leaderId:, CreationTimestamp2023-09-19T02:04:59.991Z[Etc/UTC]]
2023-09-19 02:05:00,044 [Time-limited test] WARN  erasurecode.ErasureCodeNative (ErasureCodeNative.java:<clinit>(55)) - ISA-L support is not available in your platform... using builtin-java codec where applicable
2023-09-19 02:05:00,166 [IPC Server handler 14 on default port 15001] INFO  algorithms.SCMContainerPlacementRackScatter (SCMContainerPlacementRackScatter.java:chooseDatanodesInternal(370)) - Chosen nodes: [e775f47d-b5dc-484c-be98-194b1f285975(fv-az1031-92/10.1.0.29), 251b4ee7-4683-41e7-a4df-609a9bc3ccca(fv-az1031-92/10.1.0.29), 5318791c-eaf4-4a3a-8c62-f5bfab93a736(fv-az1031-92/10.1.0.29), b1558ce8-bc2f-4c62-aaec-0278e14522f1(fv-az1031-92/10.1.0.29), 3d8e742d-6d38-4fa1-811b-6a8dd626afd2(fv-az1031-92/10.1.0.29)]. isPolicySatisfied: true.
2023-09-19 02:05:00,168 [IPC Server handler 14 on default port 15001] INFO  pipeline.WritableECContainerProvider (WritableECContainerProvider.java:allocateContainer(211)) - Created and opened new pipeline Pipeline[ Id: 74a09be4-1e62-4f02-82fc-9a95760f6c8e, Nodes: e775f47d-b5dc-484c-be98-194b1f285975(fv-az1031-92/10.1.0.29)251b4ee7-4683-41e7-a4df-609a9bc3ccca(fv-az1031-92/10.1.0.29)5318791c-eaf4-4a3a-8c62-f5bfab93a736(fv-az1031-92/10.1.0.29)b1558ce8-bc2f-4c62-aaec-0278e14522f1(fv-az1031-92/10.1.0.29)3d8e742d-6d38-4fa1-811b-6a8dd626afd2(fv-az1031-92/10.1.0.29), ReplicationConfig: EC{rs-3-2-1024k}, State:ALLOCATED, leaderId:, CreationTimestamp2023-09-19T02:05:00.166Z[Etc/UTC]]
]]></system-out>
  </testcase>
  <testcase name="testCreateKeyShouldUseRefreshedBucketReplicationConfig" classname="TestOzoneFileSystem" time="0.126">
    <system-out><![CDATA[2023-09-19 02:06:05,200 [Time-limited test] INFO  rpc.RpcClient (RpcClient.java:createVolume(461)) - Creating Volume: volume01435, with user74120 as owner and space quota set to -1 bytes, counts quota set to -1
2023-09-19 02:06:05,202 [IPC Server handler 10 on default port 15057] INFO  volume.OMVolumeCreateRequest (OMVolumeCreateRequest.java:validateAndUpdateCache(196)) - created volume:volume01435 for user:user74120
2023-09-19 02:06:05,203 [Time-limited test] INFO  rpc.RpcClient (RpcClient.java:createBucket(688)) - Creating Bucket: volume01435/bucket89432, with bucket layout LEGACY, runner as owner, Versioning false, Storage Type set to DISK and Encryption set to false, Replication Type set to server-side default replication type, Namespace Quota set to -1, Space Quota set to -1 
2023-09-19 02:06:05,203 [IPC Server handler 12 on default port 15057] INFO  bucket.OMBucketCreateRequest (OMBucketCreateRequest.java:validateAndUpdateCache(270)) - created bucket: bucket89432 of layout LEGACY in volume: volume01435
2023-09-19 02:06:05,242 [IPC Server handler 18 on default port 15054] INFO  algorithms.SCMContainerPlacementRackScatter (SCMContainerPlacementRackScatter.java:chooseDatanodesInternal(370)) - Chosen nodes: [5eadcd64-1d4b-44b8-a1e5-0066e95eb1a1(fv-az1031-92/10.1.0.29), e39e4681-7919-4d3b-868d-83d4ef0f5b6f(fv-az1031-92/10.1.0.29), bcaae8f3-caee-42e8-b1a6-86ffb8b58650(fv-az1031-92/10.1.0.29), bb1c6357-9327-4202-8734-55e8eab5c756(fv-az1031-92/10.1.0.29), 61d89387-692e-45ac-a655-71929b77bbaf(fv-az1031-92/10.1.0.29)]. isPolicySatisfied: true.
2023-09-19 02:06:05,244 [IPC Server handler 18 on default port 15054] INFO  pipeline.WritableECContainerProvider (WritableECContainerProvider.java:allocateContainer(211)) - Created and opened new pipeline Pipeline[ Id: 0f26cf39-59ca-4271-924d-32eac86b128e, Nodes: 5eadcd64-1d4b-44b8-a1e5-0066e95eb1a1(fv-az1031-92/10.1.0.29)e39e4681-7919-4d3b-868d-83d4ef0f5b6f(fv-az1031-92/10.1.0.29)bcaae8f3-caee-42e8-b1a6-86ffb8b58650(fv-az1031-92/10.1.0.29)bb1c6357-9327-4202-8734-55e8eab5c756(fv-az1031-92/10.1.0.29)61d89387-692e-45ac-a655-71929b77bbaf(fv-az1031-92/10.1.0.29), ReplicationConfig: EC{rs-3-2-1024k}, State:ALLOCATED, leaderId:, CreationTimestamp2023-09-19T02:06:05.242Z[Etc/UTC]]
2023-09-19 02:06:05,271 [IPC Server handler 19 on default port 15054] INFO  algorithms.SCMContainerPlacementRackScatter (SCMContainerPlacementRackScatter.java:chooseDatanodesInternal(370)) - Chosen nodes: [bcaae8f3-caee-42e8-b1a6-86ffb8b58650(fv-az1031-92/10.1.0.29), 61d89387-692e-45ac-a655-71929b77bbaf(fv-az1031-92/10.1.0.29), 5eadcd64-1d4b-44b8-a1e5-0066e95eb1a1(fv-az1031-92/10.1.0.29), bb1c6357-9327-4202-8734-55e8eab5c756(fv-az1031-92/10.1.0.29), e39e4681-7919-4d3b-868d-83d4ef0f5b6f(fv-az1031-92/10.1.0.29)]. isPolicySatisfied: true.
2023-09-19 02:06:05,273 [IPC Server handler 19 on default port 15054] INFO  pipeline.WritableECContainerProvider (WritableECContainerProvider.java:allocateContainer(211)) - Created and opened new pipeline Pipeline[ Id: 60cfe33f-af0e-4acf-be13-28de105a095b, Nodes: bcaae8f3-caee-42e8-b1a6-86ffb8b58650(fv-az1031-92/10.1.0.29)61d89387-692e-45ac-a655-71929b77bbaf(fv-az1031-92/10.1.0.29)5eadcd64-1d4b-44b8-a1e5-0066e95eb1a1(fv-az1031-92/10.1.0.29)bb1c6357-9327-4202-8734-55e8eab5c756(fv-az1031-92/10.1.0.29)e39e4681-7919-4d3b-868d-83d4ef0f5b6f(fv-az1031-92/10.1.0.29), ReplicationConfig: EC{rs-3-2-1024k}, State:ALLOCATED, leaderId:, CreationTimestamp2023-09-19T02:06:05.271Z[Etc/UTC]]
]]></system-out>
  </testcase>
  <testcase name="testCreateKeyShouldUseRefreshedBucketReplicationConfig" classname="TestOzoneFileSystem" time="0.126">
    <system-out><![CDATA[2023-09-19 02:07:11,027 [Time-limited test] INFO  rpc.RpcClient (RpcClient.java:createVolume(461)) - Creating Volume: volume96217, with user72502 as owner and space quota set to -1 bytes, counts quota set to -1
2023-09-19 02:07:11,029 [OM StateMachine ApplyTransaction Thread - 0] INFO  volume.OMVolumeCreateRequest (OMVolumeCreateRequest.java:validateAndUpdateCache(196)) - created volume:volume96217 for user:user72502
2023-09-19 02:07:11,030 [Time-limited test] INFO  rpc.RpcClient (RpcClient.java:createBucket(688)) - Creating Bucket: volume96217/bucket88693, with bucket layout LEGACY, runner as owner, Versioning false, Storage Type set to DISK and Encryption set to false, Replication Type set to server-side default replication type, Namespace Quota set to -1, Space Quota set to -1 
2023-09-19 02:07:11,031 [OM StateMachine ApplyTransaction Thread - 0] INFO  bucket.OMBucketCreateRequest (OMBucketCreateRequest.java:validateAndUpdateCache(270)) - created bucket: bucket88693 of layout LEGACY in volume: volume96217
2023-09-19 02:07:11,058 [IPC Server handler 17 on default port 15107] INFO  algorithms.SCMContainerPlacementRackScatter (SCMContainerPlacementRackScatter.java:chooseDatanodesInternal(370)) - Chosen nodes: [33cb0de0-5ab7-4f61-b692-731671fbecae(fv-az1031-92/10.1.0.29), 64a2289b-3939-49a4-b25c-4bba4de7a3bf(fv-az1031-92/10.1.0.29), 1fe901b2-7321-49f3-ab84-42b9a15df08a(fv-az1031-92/10.1.0.29), c519ac42-8cdc-4319-9f51-a3f7e63d0809(fv-az1031-92/10.1.0.29), b4ea5f9d-de80-46c5-a4c7-ec8a93521806(fv-az1031-92/10.1.0.29)]. isPolicySatisfied: true.
2023-09-19 02:07:11,059 [IPC Server handler 17 on default port 15107] INFO  pipeline.WritableECContainerProvider (WritableECContainerProvider.java:allocateContainer(211)) - Created and opened new pipeline Pipeline[ Id: b9a95bc6-67e1-4ff3-a900-7d8d03affc16, Nodes: 33cb0de0-5ab7-4f61-b692-731671fbecae(fv-az1031-92/10.1.0.29)64a2289b-3939-49a4-b25c-4bba4de7a3bf(fv-az1031-92/10.1.0.29)1fe901b2-7321-49f3-ab84-42b9a15df08a(fv-az1031-92/10.1.0.29)c519ac42-8cdc-4319-9f51-a3f7e63d0809(fv-az1031-92/10.1.0.29)b4ea5f9d-de80-46c5-a4c7-ec8a93521806(fv-az1031-92/10.1.0.29), ReplicationConfig: EC{rs-3-2-1024k}, State:ALLOCATED, leaderId:, CreationTimestamp2023-09-19T02:07:11.058Z[Etc/UTC]]
2023-09-19 02:07:11,091 [IPC Server handler 1 on default port 15107] INFO  algorithms.SCMContainerPlacementRackScatter (SCMContainerPlacementRackScatter.java:chooseDatanodesInternal(370)) - Chosen nodes: [c519ac42-8cdc-4319-9f51-a3f7e63d0809(fv-az1031-92/10.1.0.29), b4ea5f9d-de80-46c5-a4c7-ec8a93521806(fv-az1031-92/10.1.0.29), 64a2289b-3939-49a4-b25c-4bba4de7a3bf(fv-az1031-92/10.1.0.29), 1fe901b2-7321-49f3-ab84-42b9a15df08a(fv-az1031-92/10.1.0.29), 33cb0de0-5ab7-4f61-b692-731671fbecae(fv-az1031-92/10.1.0.29)]. isPolicySatisfied: true.
2023-09-19 02:07:11,093 [IPC Server handler 1 on default port 15107] INFO  pipeline.WritableECContainerProvider (WritableECContainerProvider.java:allocateContainer(211)) - Created and opened new pipeline Pipeline[ Id: fd09aeef-e519-4b31-8686-08d47838dfc7, Nodes: c519ac42-8cdc-4319-9f51-a3f7e63d0809(fv-az1031-92/10.1.0.29)b4ea5f9d-de80-46c5-a4c7-ec8a93521806(fv-az1031-92/10.1.0.29)64a2289b-3939-49a4-b25c-4bba4de7a3bf(fv-az1031-92/10.1.0.29)1fe901b2-7321-49f3-ab84-42b9a15df08a(fv-az1031-92/10.1.0.29)33cb0de0-5ab7-4f61-b692-731671fbecae(fv-az1031-92/10.1.0.29), ReplicationConfig: EC{rs-3-2-1024k}, State:ALLOCATED, leaderId:, CreationTimestamp2023-09-19T02:07:11.091Z[Etc/UTC]]
]]></system-out>
  </testcase>
  <testcase name="testCreateKeyShouldUseRefreshedBucketReplicationConfig" classname="TestOzoneFileSystem" time="0.117">
    <system-out><![CDATA[2023-09-19 02:08:12,720 [Time-limited test] INFO  rpc.RpcClient (RpcClient.java:createVolume(461)) - Creating Volume: volume26831, with user21208 as owner and space quota set to -1 bytes, counts quota set to -1
2023-09-19 02:08:12,721 [IPC Server handler 14 on default port 15163] INFO  volume.OMVolumeCreateRequest (OMVolumeCreateRequest.java:validateAndUpdateCache(196)) - created volume:volume26831 for user:user21208
2023-09-19 02:08:12,722 [Time-limited test] INFO  rpc.RpcClient (RpcClient.java:createBucket(688)) - Creating Bucket: volume26831/bucket67585, with bucket layout LEGACY, runner as owner, Versioning false, Storage Type set to DISK and Encryption set to false, Replication Type set to server-side default replication type, Namespace Quota set to -1, Space Quota set to -1 
2023-09-19 02:08:12,722 [IPC Server handler 17 on default port 15163] INFO  bucket.OMBucketCreateRequest (OMBucketCreateRequest.java:validateAndUpdateCache(270)) - created bucket: bucket67585 of layout LEGACY in volume: volume26831
2023-09-19 02:08:12,750 [IPC Server handler 19 on default port 15160] INFO  algorithms.SCMContainerPlacementRackScatter (SCMContainerPlacementRackScatter.java:chooseDatanodesInternal(370)) - Chosen nodes: [765749c7-07d3-4ecd-8c14-ec59685a04c1(fv-az1031-92/10.1.0.29), cb888b2f-aa43-4b14-8a4b-2497c9c1feb0(fv-az1031-92/10.1.0.29), 7fbbbf63-2234-40cb-a883-34788a40cf43(fv-az1031-92/10.1.0.29), 2a4ddaa6-1a2b-4173-87e0-55a87acfd4f7(fv-az1031-92/10.1.0.29), 92a1afef-9ecd-4787-9981-6f6f5d31539c(fv-az1031-92/10.1.0.29)]. isPolicySatisfied: true.
2023-09-19 02:08:12,752 [IPC Server handler 19 on default port 15160] INFO  pipeline.WritableECContainerProvider (WritableECContainerProvider.java:allocateContainer(211)) - Created and opened new pipeline Pipeline[ Id: 69f0f6ec-5f9b-4bf3-a570-b82a246a12b1, Nodes: 765749c7-07d3-4ecd-8c14-ec59685a04c1(fv-az1031-92/10.1.0.29)cb888b2f-aa43-4b14-8a4b-2497c9c1feb0(fv-az1031-92/10.1.0.29)7fbbbf63-2234-40cb-a883-34788a40cf43(fv-az1031-92/10.1.0.29)2a4ddaa6-1a2b-4173-87e0-55a87acfd4f7(fv-az1031-92/10.1.0.29)92a1afef-9ecd-4787-9981-6f6f5d31539c(fv-az1031-92/10.1.0.29), ReplicationConfig: EC{rs-3-2-1024k}, State:ALLOCATED, leaderId:, CreationTimestamp2023-09-19T02:08:12.751Z[Etc/UTC]]
2023-09-19 02:08:12,781 [IPC Server handler 18 on default port 15160] INFO  algorithms.SCMContainerPlacementRackScatter (SCMContainerPlacementRackScatter.java:chooseDatanodesInternal(370)) - Chosen nodes: [765749c7-07d3-4ecd-8c14-ec59685a04c1(fv-az1031-92/10.1.0.29), 92a1afef-9ecd-4787-9981-6f6f5d31539c(fv-az1031-92/10.1.0.29), 2a4ddaa6-1a2b-4173-87e0-55a87acfd4f7(fv-az1031-92/10.1.0.29), cb888b2f-aa43-4b14-8a4b-2497c9c1feb0(fv-az1031-92/10.1.0.29), 7fbbbf63-2234-40cb-a883-34788a40cf43(fv-az1031-92/10.1.0.29)]. isPolicySatisfied: true.
2023-09-19 02:08:12,782 [IPC Server handler 18 on default port 15160] INFO  pipeline.WritableECContainerProvider (WritableECContainerProvider.java:allocateContainer(211)) - Created and opened new pipeline Pipeline[ Id: e139af61-b089-4c44-a0e2-8d9d6128a7b8, Nodes: 765749c7-07d3-4ecd-8c14-ec59685a04c1(fv-az1031-92/10.1.0.29)92a1afef-9ecd-4787-9981-6f6f5d31539c(fv-az1031-92/10.1.0.29)2a4ddaa6-1a2b-4173-87e0-55a87acfd4f7(fv-az1031-92/10.1.0.29)cb888b2f-aa43-4b14-8a4b-2497c9c1feb0(fv-az1031-92/10.1.0.29)7fbbbf63-2234-40cb-a883-34788a40cf43(fv-az1031-92/10.1.0.29), ReplicationConfig: EC{rs-3-2-1024k}, State:ALLOCATED, leaderId:, CreationTimestamp2023-09-19T02:08:12.781Z[Etc/UTC]]
]]></system-out>
  </testcase>
  <testcase name="testListStatusIteratorOnRoot" classname="TestOzoneFileSystem" time="0.048"/>
  <testcase name="testListStatusIteratorOnRoot" classname="TestOzoneFileSystem" time="0.031"/>
  <testcase name="testListStatusIteratorOnRoot" classname="TestOzoneFileSystem" time="0.041"/>
  <testcase name="testListStatusIteratorOnRoot" classname="TestOzoneFileSystem" time="0.041"/>
  <testcase name="testRenameDirToFile" classname="TestOzoneFileSystem" time="0.036">
    <system-out><![CDATA[2023-09-19 02:05:00,290 [Time-limited test] WARN  ozone.BasicOzoneFileSystem (BasicOzoneFileSystem.java:rename(471)) - Failed to rename o3fs://bucket29045.volume43289/a/b/c to o3fs://bucket29045.volume43289/root/file1, file already exists!
]]></system-out>
  </testcase>
  <testcase name="testRenameDirToFile" classname="TestOzoneFileSystem" time="0.025">
    <system-out><![CDATA[2023-09-19 02:06:05,351 [Time-limited test] WARN  ozone.BasicOzoneFileSystem (BasicOzoneFileSystem.java:rename(471)) - Failed to rename o3fs://bucket81401.volume43065/a/b/c to o3fs://bucket81401.volume43065/root/file1, file already exists!
]]></system-out>
  </testcase>
  <testcase name="testRenameDirToFile" classname="TestOzoneFileSystem" time="0.04">
    <system-out><![CDATA[2023-09-19 02:07:11,194 [Time-limited test] WARN  ozone.BasicOzoneFileSystem (BasicOzoneFileSystem.java:rename(471)) - Failed to rename o3fs://bucket36089.volume18939/a/b/c to o3fs://bucket36089.volume18939/root/file1, file already exists!
]]></system-out>
  </testcase>
  <testcase name="testRenameDirToFile" classname="TestOzoneFileSystem" time="0.031">
    <system-out><![CDATA[2023-09-19 02:08:12,874 [Time-limited test] WARN  ozone.BasicOzoneFileSystem (BasicOzoneFileSystem.java:rename(471)) - Failed to rename o3fs://bucket58129.volume12196/a/b/c to o3fs://bucket58129.volume12196/root/file1, file already exists!
]]></system-out>
  </testcase>
  <testcase name="testRenameToNewSubDirShouldNotExist" classname="TestOzoneFileSystem" time="0.052">
    <system-out><![CDATA[2023-09-19 02:05:00,327 [Time-limited test] WARN  ozone.BasicOzoneFileSystem (BasicOzoneFileSystem.java:rename(465)) - Failed to rename o3fs://bucket29045.volume43289/a to o3fs://bucket29045.volume43289/b/a, file already exists or not empty!
2023-09-19 02:05:00,341 [Time-limited test] WARN  ozone.BasicOzoneFileSystem (BasicOzoneFileSystem.java:rename(465)) - Failed to rename o3fs://bucket29045.volume43289/file1 to o3fs://bucket29045.volume43289/a/file1, file already exists or not empty!
]]></system-out>
  </testcase>
  <testcase name="testRenameToNewSubDirShouldNotExist" classname="TestOzoneFileSystem" time="0.039">
    <system-out><![CDATA[2023-09-19 02:06:05,378 [Time-limited test] WARN  ozone.BasicOzoneFileSystem (BasicOzoneFileSystem.java:rename(465)) - Failed to rename o3fs://bucket81401.volume43065/a to o3fs://bucket81401.volume43065/b/a, file already exists or not empty!
2023-09-19 02:06:05,389 [Time-limited test] WARN  ozone.BasicOzoneFileSystem (BasicOzoneFileSystem.java:rename(465)) - Failed to rename o3fs://bucket81401.volume43065/file1 to o3fs://bucket81401.volume43065/a/file1, file already exists or not empty!
]]></system-out>
  </testcase>
  <testcase name="testRenameToNewSubDirShouldNotExist" classname="TestOzoneFileSystem" time="0.06">
    <system-out><![CDATA[2023-09-19 02:07:11,230 [Time-limited test] WARN  ozone.BasicOzoneFileSystem (BasicOzoneFileSystem.java:rename(465)) - Failed to rename o3fs://bucket36089.volume18939/a to o3fs://bucket36089.volume18939/b/a, file already exists or not empty!
2023-09-19 02:07:11,244 [Time-limited test] WARN  ozone.BasicOzoneFileSystem (BasicOzoneFileSystem.java:rename(465)) - Failed to rename o3fs://bucket36089.volume18939/file1 to o3fs://bucket36089.volume18939/a/file1, file already exists or not empty!
]]></system-out>
  </testcase>
  <testcase name="testRenameToNewSubDirShouldNotExist" classname="TestOzoneFileSystem" time="0.052">
    <system-out><![CDATA[2023-09-19 02:08:12,912 [Time-limited test] WARN  ozone.BasicOzoneFileSystem (BasicOzoneFileSystem.java:rename(465)) - Failed to rename o3fs://bucket58129.volume12196/a to o3fs://bucket58129.volume12196/b/a, file already exists or not empty!
2023-09-19 02:08:12,924 [Time-limited test] WARN  ozone.BasicOzoneFileSystem (BasicOzoneFileSystem.java:rename(465)) - Failed to rename o3fs://bucket58129.volume12196/file1 to o3fs://bucket58129.volume12196/a/file1, file already exists or not empty!
]]></system-out>
  </testcase>
  <testcase name="testListStatusOnLargeDirectoryForACLCheck" classname="TestOzoneFileSystem" time="3.64">
    <system-out><![CDATA[2023-09-19 02:05:03,173 [JvmPauseMonitor4] WARN  util.JvmPauseMonitor (JvmPauseMonitor.java:detectPause(124)) - JvmPauseMonitor-251b4ee7-4683-41e7-a4df-609a9bc3ccca: Detected pause in JVM or host machine approximately 0.144s with 0.181s GC time.
GC pool 'PS Scavenge' had collection(s): count=1 time=181ms
2023-09-19 02:05:03,173 [JvmPauseMonitor3] WARN  util.JvmPauseMonitor (JvmPauseMonitor.java:detectPause(124)) - JvmPauseMonitor-3d8e742d-6d38-4fa1-811b-6a8dd626afd2: Detected pause in JVM or host machine approximately 0.145s with 0.181s GC time.
GC pool 'PS Scavenge' had collection(s): count=1 time=181ms
2023-09-19 02:05:03,174 [JvmPauseMonitor2] WARN  util.JvmPauseMonitor (JvmPauseMonitor.java:detectPause(124)) - JvmPauseMonitor-b1558ce8-bc2f-4c62-aaec-0278e14522f1: Detected pause in JVM or host machine approximately 0.145s with 0.181s GC time.
GC pool 'PS Scavenge' had collection(s): count=1 time=181ms
2023-09-19 02:05:03,174 [JvmPauseMonitor6] WARN  util.JvmPauseMonitor (JvmPauseMonitor.java:detectPause(124)) - JvmPauseMonitor-e775f47d-b5dc-484c-be98-194b1f285975: Detected pause in JVM or host machine approximately 0.146s with 0.181s GC time.
GC pool 'PS Scavenge' had collection(s): count=1 time=181ms
2023-09-19 02:05:03,174 [JvmPauseMonitor0] WARN  util.JvmPauseMonitor (JvmPauseMonitor.java:detectPause(124)) - JvmPauseMonitor-9c1e2547-9c3d-4dba-a105-f0bac784045d: Detected pause in JVM or host machine approximately 0.147s with 0.181s GC time.
GC pool 'PS Scavenge' had collection(s): count=1 time=181ms
2023-09-19 02:05:03,178 [JvmPauseMonitor1] WARN  util.JvmPauseMonitor (JvmPauseMonitor.java:detectPause(124)) - JvmPauseMonitor-om1: Detected pause in JVM or host machine approximately 0.146s with 0.181s GC time.
GC pool 'PS Scavenge' had collection(s): count=1 time=181ms
2023-09-19 02:05:03,173 [JvmPauseMonitor5] WARN  util.JvmPauseMonitor (JvmPauseMonitor.java:detectPause(124)) - JvmPauseMonitor-5318791c-eaf4-4a3a-8c62-f5bfab93a736: Detected pause in JVM or host machine approximately 0.145s with 0.181s GC time.
GC pool 'PS Scavenge' had collection(s): count=1 time=181ms
2023-09-19 02:05:03,933 [om1@group-C5BA1605619E-LeaderStateImpl] INFO  segmented.SegmentedRaftLogWorker (SegmentedRaftLogWorker.java:rollLogSegment(452)) - om1@group-C5BA1605619E-SegmentedRaftLogWorker: Rolling segment log-0_36921 to index:36921
2023-09-19 02:05:03,934 [om1@group-C5BA1605619E-SegmentedRaftLogWorker] INFO  segmented.SegmentedRaftLogWorker (SegmentedRaftLogWorker.java:execute(608)) - om1@group-C5BA1605619E-SegmentedRaftLogWorker: Rolled log segment from /home/runner/work/ozone/ozone/hadoop-ozone/integration-test/target/test-dir/MiniOzoneClusterImpl-9bcb963b-3a30-483e-aad5-953c8710d6fd/ozone-meta/ratis/bf265839-605b-3f16-9796-c5ba1605619e/current/log_inprogress_0 to /home/runner/work/ozone/ozone/hadoop-ozone/integration-test/target/test-dir/MiniOzoneClusterImpl-9bcb963b-3a30-483e-aad5-953c8710d6fd/ozone-meta/ratis/bf265839-605b-3f16-9796-c5ba1605619e/current/log_0-36921
2023-09-19 02:05:03,944 [om1@group-C5BA1605619E-SegmentedRaftLogWorker] INFO  segmented.SegmentedRaftLogWorker (SegmentedRaftLogWorker.java:execute(651)) - om1@group-C5BA1605619E-SegmentedRaftLogWorker: created new log segment /home/runner/work/ozone/ozone/hadoop-ozone/integration-test/target/test-dir/MiniOzoneClusterImpl-9bcb963b-3a30-483e-aad5-953c8710d6fd/ozone-meta/ratis/bf265839-605b-3f16-9796-c5ba1605619e/current/log_inprogress_36922
]]></system-out>
  </testcase>
  <testcase name="testListStatusOnLargeDirectoryForACLCheck" classname="TestOzoneFileSystem" time="2.353"/>
  <testcase name="testListStatusOnLargeDirectoryForACLCheck" classname="TestOzoneFileSystem" time="3.066">
    <system-out><![CDATA[2023-09-19 02:07:12,295 [IPC Server handler 9 on default port 15107] INFO  ha.SequenceIdGenerator (SequenceIdGenerator.java:getNextId(140)) - Allocate a batch for delTxnId, change lastId from 0 to 1000.
2023-09-19 02:07:14,279 [om1-client-thread1] INFO  segmented.SegmentedRaftLogWorker (SegmentedRaftLogWorker.java:rollLogSegment(452)) - om1@group-C5BA1605619E-SegmentedRaftLogWorker: Rolling segment log-0_36892 to index:36892
2023-09-19 02:07:14,279 [om1@group-C5BA1605619E-SegmentedRaftLogWorker] INFO  segmented.SegmentedRaftLogWorker (SegmentedRaftLogWorker.java:execute(608)) - om1@group-C5BA1605619E-SegmentedRaftLogWorker: Rolled log segment from /home/runner/work/ozone/ozone/hadoop-ozone/integration-test/target/test-dir/MiniOzoneClusterImpl-580a45e0-de24-452d-9431-a8422bda96cb/ozone-meta/ratis/bf265839-605b-3f16-9796-c5ba1605619e/current/log_inprogress_0 to /home/runner/work/ozone/ozone/hadoop-ozone/integration-test/target/test-dir/MiniOzoneClusterImpl-580a45e0-de24-452d-9431-a8422bda96cb/ozone-meta/ratis/bf265839-605b-3f16-9796-c5ba1605619e/current/log_0-36892
2023-09-19 02:07:14,289 [om1@group-C5BA1605619E-SegmentedRaftLogWorker] INFO  segmented.SegmentedRaftLogWorker (SegmentedRaftLogWorker.java:execute(651)) - om1@group-C5BA1605619E-SegmentedRaftLogWorker: created new log segment /home/runner/work/ozone/ozone/hadoop-ozone/integration-test/target/test-dir/MiniOzoneClusterImpl-580a45e0-de24-452d-9431-a8422bda96cb/ozone-meta/ratis/bf265839-605b-3f16-9796-c5ba1605619e/current/log_inprogress_36893
]]></system-out>
  </testcase>
  <testcase name="testListStatusOnLargeDirectoryForACLCheck" classname="TestOzoneFileSystem" time="2.82"/>
  <testcase name="testRenameFileToDir" classname="TestOzoneFileSystem" time="0.056">
    <system-out><![CDATA[02:05:04.021 [IPC Server handler 11 on default port 15004] ERROR OMAudit - user=runner | ip=127.0.0.1 | op=LIST_STATUS {volume=volume43289, bucket=bucket29045, key=a/b/c/file1, dataSize=0, replicationConfig=null} | ret=FAILURE
org.apache.hadoop.ozone.om.exceptions.OMException: Unable to get file status: volume: volume43289 bucket: bucket29045 key: a/b/c/file1
	at org.apache.hadoop.ozone.om.KeyManagerImpl.getOzoneFileStatus(KeyManagerImpl.java:1195) ~[ozone-manager-1.4.0-SNAPSHOT.jar:?]
	at org.apache.hadoop.ozone.om.KeyManagerImpl.getFileStatus(KeyManagerImpl.java:1113) ~[ozone-manager-1.4.0-SNAPSHOT.jar:?]
	at org.apache.hadoop.ozone.om.KeyManagerImpl.listStatus(KeyManagerImpl.java:1511) ~[ozone-manager-1.4.0-SNAPSHOT.jar:?]
	at org.apache.hadoop.ozone.om.OmMetadataReader.listStatus(OmMetadataReader.java:235) ~[ozone-manager-1.4.0-SNAPSHOT.jar:?]
	at org.apache.hadoop.ozone.om.OzoneManager.listStatus(OzoneManager.java:3563) ~[ozone-manager-1.4.0-SNAPSHOT.jar:?]
	at org.apache.hadoop.ozone.protocolPB.OzoneManagerRequestHandler.listStatus(OzoneManagerRequestHandler.java:1143) ~[ozone-manager-1.4.0-SNAPSHOT.jar:?]
	at org.apache.hadoop.ozone.protocolPB.OzoneManagerRequestHandler.handleReadRequest(OzoneManagerRequestHandler.java:261) ~[ozone-manager-1.4.0-SNAPSHOT.jar:?]
	at org.apache.hadoop.ozone.protocolPB.OzoneManagerProtocolServerSideTranslatorPB.submitReadRequestToOM(OzoneManagerProtocolServerSideTranslatorPB.java:225) ~[ozone-manager-1.4.0-SNAPSHOT.jar:?]
	at org.apache.hadoop.ozone.protocolPB.OzoneManagerProtocolServerSideTranslatorPB.processRequest(OzoneManagerProtocolServerSideTranslatorPB.java:179) ~[ozone-manager-1.4.0-SNAPSHOT.jar:?]
	at org.apache.hadoop.hdds.server.OzoneProtocolMessageDispatcher.processRequest(OzoneProtocolMessageDispatcher.java:87) [hdds-server-framework-1.4.0-SNAPSHOT.jar:?]
	at org.apache.hadoop.ozone.protocolPB.OzoneManagerProtocolServerSideTranslatorPB.submitRequest(OzoneManagerProtocolServerSideTranslatorPB.java:148) [ozone-manager-1.4.0-SNAPSHOT.jar:?]
	at org.apache.hadoop.ozone.protocol.proto.OzoneManagerProtocolProtos$OzoneManagerService$2.callBlockingMethod(OzoneManagerProtocolProtos.java) [ozone-interface-client-1.4.0-SNAPSHOT.jar:?]
	at org.apache.hadoop.ipc.ProtobufRpcEngine$Server.processCall(ProtobufRpcEngine.java:484) [hadoop-common-3.3.6.jar:?]
	at org.apache.hadoop.ipc.ProtobufRpcEngine2$Server$ProtoBufRpcInvoker.call(ProtobufRpcEngine2.java:595) [hadoop-common-3.3.6.jar:?]
	at org.apache.hadoop.ipc.ProtobufRpcEngine2$Server$ProtoBufRpcInvoker.call(ProtobufRpcEngine2.java:573) [hadoop-common-3.3.6.jar:?]
	at org.apache.hadoop.ipc.RPC$Server.call(RPC.java:1227) [hadoop-common-3.3.6.jar:?]
	at org.apache.hadoop.ipc.Server$RpcCall.run(Server.java:1094) [hadoop-common-3.3.6.jar:?]
	at org.apache.hadoop.ipc.Server$RpcCall.run(Server.java:1017) [hadoop-common-3.3.6.jar:?]
	at java.security.AccessController.doPrivileged(Native Method) ~[?:1.8.0_382]
	at javax.security.auth.Subject.doAs(Subject.java:422) [?:1.8.0_382]
	at org.apache.hadoop.security.UserGroupInformation.doAs(UserGroupInformation.java:1899) [hadoop-common-3.3.6.jar:?]
	at org.apache.hadoop.ipc.Server$Handler.run(Server.java:3048) [hadoop-common-3.3.6.jar:?]
]]></system-out>
  </testcase>
  <testcase name="testRenameFileToDir" classname="TestOzoneFileSystem" time="0.043">
    <system-out><![CDATA[02:06:07.774 [IPC Server handler 16 on default port 15057] ERROR OMAudit - user=runner | ip=127.0.0.1 | op=LIST_STATUS {volume=volume43065, bucket=bucket81401, key=a/b/c/file1, dataSize=0, replicationConfig=null} | ret=FAILURE
org.apache.hadoop.ozone.om.exceptions.OMException: Unable to get file status: volume: volume43065 bucket: bucket81401 key: a/b/c/file1
	at org.apache.hadoop.ozone.om.KeyManagerImpl.getOzoneFileStatus(KeyManagerImpl.java:1195) ~[ozone-manager-1.4.0-SNAPSHOT.jar:?]
	at org.apache.hadoop.ozone.om.KeyManagerImpl.getFileStatus(KeyManagerImpl.java:1113) ~[ozone-manager-1.4.0-SNAPSHOT.jar:?]
	at org.apache.hadoop.ozone.om.KeyManagerImpl.listStatus(KeyManagerImpl.java:1511) ~[ozone-manager-1.4.0-SNAPSHOT.jar:?]
	at org.apache.hadoop.ozone.om.OmMetadataReader.listStatus(OmMetadataReader.java:235) ~[ozone-manager-1.4.0-SNAPSHOT.jar:?]
	at org.apache.hadoop.ozone.om.OzoneManager.listStatus(OzoneManager.java:3563) ~[ozone-manager-1.4.0-SNAPSHOT.jar:?]
	at org.apache.hadoop.ozone.protocolPB.OzoneManagerRequestHandler.listStatus(OzoneManagerRequestHandler.java:1143) ~[ozone-manager-1.4.0-SNAPSHOT.jar:?]
	at org.apache.hadoop.ozone.protocolPB.OzoneManagerRequestHandler.handleReadRequest(OzoneManagerRequestHandler.java:261) ~[ozone-manager-1.4.0-SNAPSHOT.jar:?]
	at org.apache.hadoop.ozone.protocolPB.OzoneManagerProtocolServerSideTranslatorPB.submitRequestDirectlyToOM(OzoneManagerProtocolServerSideTranslatorPB.java:274) ~[ozone-manager-1.4.0-SNAPSHOT.jar:?]
	at org.apache.hadoop.ozone.protocolPB.OzoneManagerProtocolServerSideTranslatorPB.processRequest(OzoneManagerProtocolServerSideTranslatorPB.java:175) ~[ozone-manager-1.4.0-SNAPSHOT.jar:?]
	at org.apache.hadoop.hdds.server.OzoneProtocolMessageDispatcher.processRequest(OzoneProtocolMessageDispatcher.java:87) [hdds-server-framework-1.4.0-SNAPSHOT.jar:?]
	at org.apache.hadoop.ozone.protocolPB.OzoneManagerProtocolServerSideTranslatorPB.submitRequest(OzoneManagerProtocolServerSideTranslatorPB.java:148) [ozone-manager-1.4.0-SNAPSHOT.jar:?]
	at org.apache.hadoop.ozone.protocol.proto.OzoneManagerProtocolProtos$OzoneManagerService$2.callBlockingMethod(OzoneManagerProtocolProtos.java) [ozone-interface-client-1.4.0-SNAPSHOT.jar:?]
	at org.apache.hadoop.ipc.ProtobufRpcEngine$Server.processCall(ProtobufRpcEngine.java:484) [hadoop-common-3.3.6.jar:?]
	at org.apache.hadoop.ipc.ProtobufRpcEngine2$Server$ProtoBufRpcInvoker.call(ProtobufRpcEngine2.java:595) [hadoop-common-3.3.6.jar:?]
	at org.apache.hadoop.ipc.ProtobufRpcEngine2$Server$ProtoBufRpcInvoker.call(ProtobufRpcEngine2.java:573) [hadoop-common-3.3.6.jar:?]
	at org.apache.hadoop.ipc.RPC$Server.call(RPC.java:1227) [hadoop-common-3.3.6.jar:?]
	at org.apache.hadoop.ipc.Server$RpcCall.run(Server.java:1094) [hadoop-common-3.3.6.jar:?]
	at org.apache.hadoop.ipc.Server$RpcCall.run(Server.java:1017) [hadoop-common-3.3.6.jar:?]
	at java.security.AccessController.doPrivileged(Native Method) ~[?:1.8.0_382]
	at javax.security.auth.Subject.doAs(Subject.java:422) [?:1.8.0_382]
	at org.apache.hadoop.security.UserGroupInformation.doAs(UserGroupInformation.java:1899) [hadoop-common-3.3.6.jar:?]
	at org.apache.hadoop.ipc.Server$Handler.run(Server.java:3048) [hadoop-common-3.3.6.jar:?]
]]></system-out>
  </testcase>
  <testcase name="testRenameFileToDir" classname="TestOzoneFileSystem" time="0.051">
    <system-out><![CDATA[02:07:14.359 [IPC Server handler 16 on default port 15110] ERROR OMAudit - user=runner | ip=127.0.0.1 | op=LIST_STATUS {volume=volume18939, bucket=bucket36089, key=a/b/c/file1, dataSize=0, replicationConfig=null} | ret=FAILURE
org.apache.hadoop.ozone.om.exceptions.OMException: Unable to get file status: volume: volume18939 bucket: bucket36089 key: a/b/c/file1
	at org.apache.hadoop.ozone.om.KeyManagerImpl.getOzoneFileStatus(KeyManagerImpl.java:1195) ~[ozone-manager-1.4.0-SNAPSHOT.jar:?]
	at org.apache.hadoop.ozone.om.KeyManagerImpl.getFileStatus(KeyManagerImpl.java:1113) ~[ozone-manager-1.4.0-SNAPSHOT.jar:?]
	at org.apache.hadoop.ozone.om.KeyManagerImpl.listStatus(KeyManagerImpl.java:1511) ~[ozone-manager-1.4.0-SNAPSHOT.jar:?]
	at org.apache.hadoop.ozone.om.OmMetadataReader.listStatus(OmMetadataReader.java:235) ~[ozone-manager-1.4.0-SNAPSHOT.jar:?]
	at org.apache.hadoop.ozone.om.OzoneManager.listStatus(OzoneManager.java:3563) ~[ozone-manager-1.4.0-SNAPSHOT.jar:?]
	at org.apache.hadoop.ozone.protocolPB.OzoneManagerRequestHandler.listStatus(OzoneManagerRequestHandler.java:1143) ~[ozone-manager-1.4.0-SNAPSHOT.jar:?]
	at org.apache.hadoop.ozone.protocolPB.OzoneManagerRequestHandler.handleReadRequest(OzoneManagerRequestHandler.java:261) ~[ozone-manager-1.4.0-SNAPSHOT.jar:?]
	at org.apache.hadoop.ozone.protocolPB.OzoneManagerProtocolServerSideTranslatorPB.submitReadRequestToOM(OzoneManagerProtocolServerSideTranslatorPB.java:225) ~[ozone-manager-1.4.0-SNAPSHOT.jar:?]
	at org.apache.hadoop.ozone.protocolPB.OzoneManagerProtocolServerSideTranslatorPB.processRequest(OzoneManagerProtocolServerSideTranslatorPB.java:179) ~[ozone-manager-1.4.0-SNAPSHOT.jar:?]
	at org.apache.hadoop.hdds.server.OzoneProtocolMessageDispatcher.processRequest(OzoneProtocolMessageDispatcher.java:87) [hdds-server-framework-1.4.0-SNAPSHOT.jar:?]
	at org.apache.hadoop.ozone.protocolPB.OzoneManagerProtocolServerSideTranslatorPB.submitRequest(OzoneManagerProtocolServerSideTranslatorPB.java:148) [ozone-manager-1.4.0-SNAPSHOT.jar:?]
	at org.apache.hadoop.ozone.protocol.proto.OzoneManagerProtocolProtos$OzoneManagerService$2.callBlockingMethod(OzoneManagerProtocolProtos.java) [ozone-interface-client-1.4.0-SNAPSHOT.jar:?]
	at org.apache.hadoop.ipc.ProtobufRpcEngine$Server.processCall(ProtobufRpcEngine.java:484) [hadoop-common-3.3.6.jar:?]
	at org.apache.hadoop.ipc.ProtobufRpcEngine2$Server$ProtoBufRpcInvoker.call(ProtobufRpcEngine2.java:595) [hadoop-common-3.3.6.jar:?]
	at org.apache.hadoop.ipc.ProtobufRpcEngine2$Server$ProtoBufRpcInvoker.call(ProtobufRpcEngine2.java:573) [hadoop-common-3.3.6.jar:?]
	at org.apache.hadoop.ipc.RPC$Server.call(RPC.java:1227) [hadoop-common-3.3.6.jar:?]
	at org.apache.hadoop.ipc.Server$RpcCall.run(Server.java:1094) [hadoop-common-3.3.6.jar:?]
	at org.apache.hadoop.ipc.Server$RpcCall.run(Server.java:1017) [hadoop-common-3.3.6.jar:?]
	at java.security.AccessController.doPrivileged(Native Method) ~[?:1.8.0_382]
	at javax.security.auth.Subject.doAs(Subject.java:422) [?:1.8.0_382]
	at org.apache.hadoop.security.UserGroupInformation.doAs(UserGroupInformation.java:1899) [hadoop-common-3.3.6.jar:?]
	at org.apache.hadoop.ipc.Server$Handler.run(Server.java:3048) [hadoop-common-3.3.6.jar:?]
]]></system-out>
  </testcase>
  <testcase name="testRenameFileToDir" classname="TestOzoneFileSystem" time="0.045">
    <system-out><![CDATA[02:08:15.778 [IPC Server handler 1 on default port 15163] ERROR OMAudit - user=runner | ip=127.0.0.1 | op=LIST_STATUS {volume=volume12196, bucket=bucket58129, key=a/b/c/file1, dataSize=0, replicationConfig=null} | ret=FAILURE
org.apache.hadoop.ozone.om.exceptions.OMException: Unable to get file status: volume: volume12196 bucket: bucket58129 key: a/b/c/file1
	at org.apache.hadoop.ozone.om.KeyManagerImpl.getOzoneFileStatus(KeyManagerImpl.java:1195) ~[ozone-manager-1.4.0-SNAPSHOT.jar:?]
	at org.apache.hadoop.ozone.om.KeyManagerImpl.getFileStatus(KeyManagerImpl.java:1113) ~[ozone-manager-1.4.0-SNAPSHOT.jar:?]
	at org.apache.hadoop.ozone.om.KeyManagerImpl.listStatus(KeyManagerImpl.java:1511) ~[ozone-manager-1.4.0-SNAPSHOT.jar:?]
	at org.apache.hadoop.ozone.om.OmMetadataReader.listStatus(OmMetadataReader.java:235) ~[ozone-manager-1.4.0-SNAPSHOT.jar:?]
	at org.apache.hadoop.ozone.om.OzoneManager.listStatus(OzoneManager.java:3563) ~[ozone-manager-1.4.0-SNAPSHOT.jar:?]
	at org.apache.hadoop.ozone.protocolPB.OzoneManagerRequestHandler.listStatus(OzoneManagerRequestHandler.java:1143) ~[ozone-manager-1.4.0-SNAPSHOT.jar:?]
	at org.apache.hadoop.ozone.protocolPB.OzoneManagerRequestHandler.handleReadRequest(OzoneManagerRequestHandler.java:261) ~[ozone-manager-1.4.0-SNAPSHOT.jar:?]
	at org.apache.hadoop.ozone.protocolPB.OzoneManagerProtocolServerSideTranslatorPB.submitRequestDirectlyToOM(OzoneManagerProtocolServerSideTranslatorPB.java:274) ~[ozone-manager-1.4.0-SNAPSHOT.jar:?]
	at org.apache.hadoop.ozone.protocolPB.OzoneManagerProtocolServerSideTranslatorPB.processRequest(OzoneManagerProtocolServerSideTranslatorPB.java:175) ~[ozone-manager-1.4.0-SNAPSHOT.jar:?]
	at org.apache.hadoop.hdds.server.OzoneProtocolMessageDispatcher.processRequest(OzoneProtocolMessageDispatcher.java:87) [hdds-server-framework-1.4.0-SNAPSHOT.jar:?]
	at org.apache.hadoop.ozone.protocolPB.OzoneManagerProtocolServerSideTranslatorPB.submitRequest(OzoneManagerProtocolServerSideTranslatorPB.java:148) [ozone-manager-1.4.0-SNAPSHOT.jar:?]
	at org.apache.hadoop.ozone.protocol.proto.OzoneManagerProtocolProtos$OzoneManagerService$2.callBlockingMethod(OzoneManagerProtocolProtos.java) [ozone-interface-client-1.4.0-SNAPSHOT.jar:?]
	at org.apache.hadoop.ipc.ProtobufRpcEngine$Server.processCall(ProtobufRpcEngine.java:484) [hadoop-common-3.3.6.jar:?]
	at org.apache.hadoop.ipc.ProtobufRpcEngine2$Server$ProtoBufRpcInvoker.call(ProtobufRpcEngine2.java:595) [hadoop-common-3.3.6.jar:?]
	at org.apache.hadoop.ipc.ProtobufRpcEngine2$Server$ProtoBufRpcInvoker.call(ProtobufRpcEngine2.java:573) [hadoop-common-3.3.6.jar:?]
	at org.apache.hadoop.ipc.RPC$Server.call(RPC.java:1227) [hadoop-common-3.3.6.jar:?]
	at org.apache.hadoop.ipc.Server$RpcCall.run(Server.java:1094) [hadoop-common-3.3.6.jar:?]
	at org.apache.hadoop.ipc.Server$RpcCall.run(Server.java:1017) [hadoop-common-3.3.6.jar:?]
	at java.security.AccessController.doPrivileged(Native Method) ~[?:1.8.0_382]
	at javax.security.auth.Subject.doAs(Subject.java:422) [?:1.8.0_382]
	at org.apache.hadoop.security.UserGroupInformation.doAs(UserGroupInformation.java:1899) [hadoop-common-3.3.6.jar:?]
	at org.apache.hadoop.ipc.Server$Handler.run(Server.java:3048) [hadoop-common-3.3.6.jar:?]
]]></system-out>
  </testcase>
  <testcase name="testListStatusWithIntermediateDirWithECEnabled" classname="TestOzoneFileSystem" time="0.038">
    <system-out><![CDATA[2023-09-19 02:05:04,067 [IPC Server handler 2 on default port 15001] INFO  algorithms.SCMContainerPlacementRackScatter (SCMContainerPlacementRackScatter.java:chooseDatanodesInternal(370)) - Chosen nodes: [b1558ce8-bc2f-4c62-aaec-0278e14522f1(fv-az1031-92/10.1.0.29), 3d8e742d-6d38-4fa1-811b-6a8dd626afd2(fv-az1031-92/10.1.0.29), 5318791c-eaf4-4a3a-8c62-f5bfab93a736(fv-az1031-92/10.1.0.29), e775f47d-b5dc-484c-be98-194b1f285975(fv-az1031-92/10.1.0.29), 251b4ee7-4683-41e7-a4df-609a9bc3ccca(fv-az1031-92/10.1.0.29)]. isPolicySatisfied: true.
2023-09-19 02:05:04,069 [IPC Server handler 2 on default port 15001] INFO  pipeline.WritableECContainerProvider (WritableECContainerProvider.java:allocateContainer(211)) - Created and opened new pipeline Pipeline[ Id: 2f73476c-5d36-42fb-bc21-49bc88d52772, Nodes: b1558ce8-bc2f-4c62-aaec-0278e14522f1(fv-az1031-92/10.1.0.29)3d8e742d-6d38-4fa1-811b-6a8dd626afd2(fv-az1031-92/10.1.0.29)5318791c-eaf4-4a3a-8c62-f5bfab93a736(fv-az1031-92/10.1.0.29)e775f47d-b5dc-484c-be98-194b1f285975(fv-az1031-92/10.1.0.29)251b4ee7-4683-41e7-a4df-609a9bc3ccca(fv-az1031-92/10.1.0.29), ReplicationConfig: EC{rs-3-2-1024k}, State:ALLOCATED, leaderId:, CreationTimestamp2023-09-19T02:05:04.067Z[Etc/UTC]]
]]></system-out>
  </testcase>
  <testcase name="testListStatusWithIntermediateDirWithECEnabled" classname="TestOzoneFileSystem" time="0.028">
    <system-out><![CDATA[2023-09-19 02:06:07,806 [IPC Server handler 0 on default port 15054] INFO  algorithms.SCMContainerPlacementRackScatter (SCMContainerPlacementRackScatter.java:chooseDatanodesInternal(370)) - Chosen nodes: [61d89387-692e-45ac-a655-71929b77bbaf(fv-az1031-92/10.1.0.29), 5eadcd64-1d4b-44b8-a1e5-0066e95eb1a1(fv-az1031-92/10.1.0.29), bcaae8f3-caee-42e8-b1a6-86ffb8b58650(fv-az1031-92/10.1.0.29), e39e4681-7919-4d3b-868d-83d4ef0f5b6f(fv-az1031-92/10.1.0.29), bb1c6357-9327-4202-8734-55e8eab5c756(fv-az1031-92/10.1.0.29)]. isPolicySatisfied: true.
2023-09-19 02:06:07,808 [IPC Server handler 0 on default port 15054] INFO  pipeline.WritableECContainerProvider (WritableECContainerProvider.java:allocateContainer(211)) - Created and opened new pipeline Pipeline[ Id: e43d13ae-6d65-4935-9189-9d21657a253d, Nodes: 61d89387-692e-45ac-a655-71929b77bbaf(fv-az1031-92/10.1.0.29)5eadcd64-1d4b-44b8-a1e5-0066e95eb1a1(fv-az1031-92/10.1.0.29)bcaae8f3-caee-42e8-b1a6-86ffb8b58650(fv-az1031-92/10.1.0.29)e39e4681-7919-4d3b-868d-83d4ef0f5b6f(fv-az1031-92/10.1.0.29)bb1c6357-9327-4202-8734-55e8eab5c756(fv-az1031-92/10.1.0.29), ReplicationConfig: EC{rs-3-2-1024k}, State:ALLOCATED, leaderId:, CreationTimestamp2023-09-19T02:06:07.807Z[Etc/UTC]]
]]></system-out>
  </testcase>
  <testcase name="testListStatusWithIntermediateDirWithECEnabled" classname="TestOzoneFileSystem" time="0.036">
    <system-out><![CDATA[2023-09-19 02:07:14,397 [IPC Server handler 8 on default port 15107] INFO  algorithms.SCMContainerPlacementRackScatter (SCMContainerPlacementRackScatter.java:chooseDatanodesInternal(370)) - Chosen nodes: [b4ea5f9d-de80-46c5-a4c7-ec8a93521806(fv-az1031-92/10.1.0.29), 33cb0de0-5ab7-4f61-b692-731671fbecae(fv-az1031-92/10.1.0.29), c519ac42-8cdc-4319-9f51-a3f7e63d0809(fv-az1031-92/10.1.0.29), 1fe901b2-7321-49f3-ab84-42b9a15df08a(fv-az1031-92/10.1.0.29), 64a2289b-3939-49a4-b25c-4bba4de7a3bf(fv-az1031-92/10.1.0.29)]. isPolicySatisfied: true.
2023-09-19 02:07:14,399 [IPC Server handler 8 on default port 15107] INFO  pipeline.WritableECContainerProvider (WritableECContainerProvider.java:allocateContainer(211)) - Created and opened new pipeline Pipeline[ Id: e77f87e6-eba2-4e9a-8c47-1106a4731879, Nodes: b4ea5f9d-de80-46c5-a4c7-ec8a93521806(fv-az1031-92/10.1.0.29)33cb0de0-5ab7-4f61-b692-731671fbecae(fv-az1031-92/10.1.0.29)c519ac42-8cdc-4319-9f51-a3f7e63d0809(fv-az1031-92/10.1.0.29)1fe901b2-7321-49f3-ab84-42b9a15df08a(fv-az1031-92/10.1.0.29)64a2289b-3939-49a4-b25c-4bba4de7a3bf(fv-az1031-92/10.1.0.29), ReplicationConfig: EC{rs-3-2-1024k}, State:ALLOCATED, leaderId:, CreationTimestamp2023-09-19T02:07:14.397Z[Etc/UTC]]
]]></system-out>
  </testcase>
  <testcase name="testListStatusWithIntermediateDirWithECEnabled" classname="TestOzoneFileSystem" time="0.036">
    <system-out><![CDATA[2023-09-19 02:08:15,815 [IPC Server handler 16 on default port 15160] INFO  algorithms.SCMContainerPlacementRackScatter (SCMContainerPlacementRackScatter.java:chooseDatanodesInternal(370)) - Chosen nodes: [2a4ddaa6-1a2b-4173-87e0-55a87acfd4f7(fv-az1031-92/10.1.0.29), 765749c7-07d3-4ecd-8c14-ec59685a04c1(fv-az1031-92/10.1.0.29), 92a1afef-9ecd-4787-9981-6f6f5d31539c(fv-az1031-92/10.1.0.29), cb888b2f-aa43-4b14-8a4b-2497c9c1feb0(fv-az1031-92/10.1.0.29), 7fbbbf63-2234-40cb-a883-34788a40cf43(fv-az1031-92/10.1.0.29)]. isPolicySatisfied: true.
2023-09-19 02:08:15,816 [IPC Server handler 16 on default port 15160] INFO  pipeline.WritableECContainerProvider (WritableECContainerProvider.java:allocateContainer(211)) - Created and opened new pipeline Pipeline[ Id: c874e88d-a312-464d-bc1c-e114190ecdaf, Nodes: 2a4ddaa6-1a2b-4173-87e0-55a87acfd4f7(fv-az1031-92/10.1.0.29)765749c7-07d3-4ecd-8c14-ec59685a04c1(fv-az1031-92/10.1.0.29)92a1afef-9ecd-4787-9981-6f6f5d31539c(fv-az1031-92/10.1.0.29)cb888b2f-aa43-4b14-8a4b-2497c9c1feb0(fv-az1031-92/10.1.0.29)7fbbbf63-2234-40cb-a883-34788a40cf43(fv-az1031-92/10.1.0.29), ReplicationConfig: EC{rs-3-2-1024k}, State:ALLOCATED, leaderId:, CreationTimestamp2023-09-19T02:08:15.815Z[Etc/UTC]]
]]></system-out>
  </testcase>
  <testcase name="testMakeDirsWithAnExistingDirectoryPath" classname="TestOzoneFileSystem" time="0.026"/>
  <testcase name="testMakeDirsWithAnExistingDirectoryPath" classname="TestOzoneFileSystem" time="0.027"/>
  <testcase name="testMakeDirsWithAnExistingDirectoryPath" classname="TestOzoneFileSystem" time="0.027"/>
  <testcase name="testMakeDirsWithAnExistingDirectoryPath" classname="TestOzoneFileSystem" time="0.027"/>
  <testcase name="testSetTimes" classname="TestOzoneFileSystem" time="0.164"/>
  <testcase name="testSetTimes" classname="TestOzoneFileSystem" time="0.159"/>
  <testcase name="testSetTimes" classname="TestOzoneFileSystem" time="0.13"/>
  <testcase name="testSetTimes" classname="TestOzoneFileSystem" time="0.108"/>
</testsuite>