<?xml version="1.0" encoding="UTF-8"?>
<testsuite xmlns:xsi="http://www.w3.org/2001/XMLSchema-instance" xsi:noNamespaceSchemaLocation="https://maven.apache.org/surefire/maven-surefire-plugin/xsd/surefire-test-report.xsd" name="org.apache.hadoop.ozone.client.rpc.TestBlockOutputStreamWithFailures" time="451.465" tests="5" errors="0" skipped="0" failures="1">
  <properties>
    <property name="awt.toolkit" value="sun.awt.X11.XToolkit"/>
    <property name="file.encoding.pkg" value="sun.io"/>
    <property name="java.specification.version" value="1.8"/>
    <property name="sun.cpu.isalist" value=""/>
    <property name="sun.jnu.encoding" value="UTF-8"/>
    <property name="java.class.path" value="/home/runner/work/ozone/ozone/hadoop-ozone/integration-test/target/test-classes:/home/runner/work/ozone/ozone/hadoop-ozone/integration-test/target/classes:/home/runner/.m2/repository/org/apache/ozone/ozone-common/1.3.0-SNAPSHOT/ozone-common-1.3.0-SNAPSHOT.jar:/home/runner/.m2/repository/org/apache/commons/commons-compress/1.21/commons-compress-1.21.jar:/home/runner/.m2/repository/org/apache/ozone/hdds-common/1.3.0-SNAPSHOT/hdds-common-1.3.0-SNAPSHOT.jar:/home/runner/.m2/repository/org/apache/ozone/hdds-client/1.3.0-SNAPSHOT/hdds-client-1.3.0-SNAPSHOT.jar:/home/runner/.m2/repository/org/apache/ozone/ozone-interface-client/1.3.0-SNAPSHOT/ozone-interface-client-1.3.0-SNAPSHOT.jar:/home/runner/.m2/repository/org/apache/ozone/hdds-test-utils/1.3.0-SNAPSHOT/hdds-test-utils-1.3.0-SNAPSHOT.jar:/home/runner/.m2/repository/com/google/guava/guava/30.1.1-jre/guava-30.1.1-jre.jar:/home/runner/.m2/repository/com/google/guava/failureaccess/1.0.1/failureaccess-1.0.1.jar:/home/runner/.m2/repository/com/google/guava/listenablefuture/9999.0-empty-to-avoid-conflict-with-guava/listenablefuture-9999.0-empty-to-avoid-conflict-with-guava.jar:/home/runner/.m2/repository/com/google/code/findbugs/jsr305/3.0.0/jsr305-3.0.0.jar:/home/runner/.m2/repository/org/checkerframework/checker-qual/3.8.0/checker-qual-3.8.0.jar:/home/runner/.m2/repository/com/google/errorprone/error_prone_annotations/2.2.0/error_prone_annotations-2.2.0.jar:/home/runner/.m2/repository/com/google/j2objc/j2objc-annotations/1.3/j2objc-annotations-1.3.jar:/home/runner/.m2/repository/commons-io/commons-io/2.11.0/commons-io-2.11.0.jar:/home/runner/.m2/repository/commons-logging/commons-logging/1.2/commons-logging-1.2.jar:/home/runner/.m2/repository/log4j/log4j/1.2.17/log4j-1.2.17.jar:/home/runner/.m2/repository/org/slf4j/slf4j-api/1.7.30/slf4j-api-1.7.30.jar:/home/runner/.m2/repository/org/apache/ozone/hdds-server-scm/1.3.0-SNAPSHOT/hdds-server-scm-1.3.0-SNAPSHOT.jar:/home/runner/.m2/repository/org/apache/ozone/hdds-container-service/1.3.0-SNAPSHOT/hdds-container-service-1.3.0-SNAPSHOT.jar:/home/runner/.m2/repository/org/apache/ozone/hdds-hadoop-dependency-server/1.3.0-SNAPSHOT/hdds-hadoop-dependency-server-1.3.0-SNAPSHOT.jar:/home/runner/.m2/repository/org/apache/hadoop/hadoop-hdfs/3.3.1/hadoop-hdfs-3.3.1.jar:/home/runner/.m2/repository/org/apache/ozone/hdds-server-framework/1.3.0-SNAPSHOT/hdds-server-framework-1.3.0-SNAPSHOT.jar:/home/runner/.m2/repository/org/apache/ozone/hdds-interface-server/1.3.0-SNAPSHOT/hdds-interface-server-1.3.0-SNAPSHOT.jar:/home/runner/.m2/repository/org/eclipse/jetty/jetty-servlet/9.4.43.v20210629/jetty-servlet-9.4.43.v20210629.jar:/home/runner/.m2/repository/org/eclipse/jetty/jetty-security/9.4.43.v20210629/jetty-security-9.4.43.v20210629.jar:/home/runner/.m2/repository/org/rocksdb/rocksdbjni/6.25.3/rocksdbjni-6.25.3.jar:/home/runner/.m2/repository/io/prometheus/simpleclient_dropwizard/0.7.0/simpleclient_dropwizard-0.7.0.jar:/home/runner/.m2/repository/io/prometheus/simpleclient/0.7.0/simpleclient-0.7.0.jar:/home/runner/.m2/repository/io/prometheus/simpleclient_common/0.7.0/simpleclient_common-0.7.0.jar:/home/runner/.m2/repository/com/fasterxml/jackson/datatype/jackson-datatype-jsr310/2.12.1/jackson-datatype-jsr310-2.12.1.jar:/home/runner/.m2/repository/io/dropwizard/metrics/metrics-core/3.2.4/metrics-core-3.2.4.jar:/home/runner/.m2/repository/org/apache/hadoop/hadoop-hdfs-client/3.3.1/hadoop-hdfs-client-3.3.1.jar:/home/runner/.m2/repository/org/bouncycastle/bcprov-jdk15on/1.67/bcprov-jdk15on-1.67.jar:/home/runner/.m2/repository/com/google/protobuf/protobuf-java/2.5.0/protobuf-java-2.5.0.jar:/home/runner/.m2/repository/org/apache/ozone/ozone-manager/1.3.0-SNAPSHOT/ozone-manager-1.3.0-SNAPSHOT.jar:/home/runner/.m2/repository/org/aspectj/aspectjrt/1.9.7/aspectjrt-1.9.7.jar:/home/runner/.m2/repository/org/aspectj/aspectjweaver/1.9.7/aspectjweaver-1.9.7.jar:/home/runner/.m2/repository/org/apache/ozone/hdds-interface-client/1.3.0-SNAPSHOT/hdds-interface-client-1.3.0-SNAPSHOT.jar:/home/runner/.m2/repository/org/apache/hadoop/thirdparty/hadoop-shaded-protobuf_3_7/1.1.1/hadoop-shaded-protobuf_3_7-1.1.1.jar:/home/runner/.m2/repository/org/apache/ozone/ozone-interface-storage/1.3.0-SNAPSHOT/ozone-interface-storage-1.3.0-SNAPSHOT.jar:/home/runner/.m2/repository/org/reflections/reflections/0.9.11/reflections-0.9.11.jar:/home/runner/.m2/repository/org/apache/hadoop/hadoop-minikdc/3.3.1/hadoop-minikdc-3.3.1.jar:/home/runner/.m2/repository/org/apache/kerby/kerb-simplekdc/1.0.1/kerb-simplekdc-1.0.1.jar:/home/runner/.m2/repository/org/apache/kerby/kerb-client/1.0.1/kerb-client-1.0.1.jar:/home/runner/.m2/repository/org/apache/kerby/kerby-config/1.0.1/kerby-config-1.0.1.jar:/home/runner/.m2/repository/org/apache/kerby/kerb-common/1.0.1/kerb-common-1.0.1.jar:/home/runner/.m2/repository/org/apache/kerby/kerb-crypto/1.0.1/kerb-crypto-1.0.1.jar:/home/runner/.m2/repository/org/apache/kerby/kerb-util/1.0.1/kerb-util-1.0.1.jar:/home/runner/.m2/repository/org/apache/kerby/token-provider/1.0.1/token-provider-1.0.1.jar:/home/runner/.m2/repository/org/apache/kerby/kerb-admin/1.0.1/kerb-admin-1.0.1.jar:/home/runner/.m2/repository/org/apache/kerby/kerb-server/1.0.1/kerb-server-1.0.1.jar:/home/runner/.m2/repository/org/apache/kerby/kerb-identity/1.0.1/kerb-identity-1.0.1.jar:/home/runner/.m2/repository/org/apache/kerby/kerby-xdr/1.0.1/kerby-xdr-1.0.1.jar:/home/runner/.m2/repository/org/slf4j/slf4j-log4j12/1.7.30/slf4j-log4j12-1.7.30.jar:/home/runner/.m2/repository/org/apache/ozone/ozone-s3gateway/1.3.0-SNAPSHOT/ozone-s3gateway-1.3.0-SNAPSHOT.jar:/home/runner/.m2/repository/org/javassist/javassist/3.21.0-GA/javassist-3.21.0-GA.jar:/home/runner/.m2/repository/org/jboss/weld/servlet/weld-servlet/2.4.7.Final/weld-servlet-2.4.7.Final.jar:/home/runner/.m2/repository/org/glassfish/jersey/containers/jersey-container-servlet-core/2.33/jersey-container-servlet-core-2.33.jar:/home/runner/.m2/repository/org/glassfish/hk2/external/jakarta.inject/2.6.1/jakarta.inject-2.6.1.jar:/home/runner/.m2/repository/org/glassfish/jersey/core/jersey-common/2.33/jersey-common-2.33.jar:/home/runner/.m2/repository/jakarta/ws/rs/jakarta.ws.rs-api/2.1.6/jakarta.ws.rs-api-2.1.6.jar:/home/runner/.m2/repository/org/glassfish/jersey/ext/cdi/jersey-cdi1x/2.33/jersey-cdi1x-2.33.jar:/home/runner/.m2/repository/org/glassfish/jersey/inject/jersey-hk2/2.33/jersey-hk2-2.33.jar:/home/runner/.m2/repository/org/glassfish/hk2/hk2-locator/2.6.1/hk2-locator-2.6.1.jar:/home/runner/.m2/repository/org/glassfish/jersey/media/jersey-media-jaxb/2.33/jersey-media-jaxb-2.33.jar:/home/runner/.m2/repository/org/glassfish/hk2/osgi-resource-locator/1.0.3/osgi-resource-locator-1.0.3.jar:/home/runner/.m2/repository/org/glassfish/hk2/hk2-api/2.5.0/hk2-api-2.5.0.jar:/home/runner/.m2/repository/org/glassfish/hk2/hk2-utils/2.5.0/hk2-utils-2.5.0.jar:/home/runner/.m2/repository/org/glassfish/hk2/external/aopalliance-repackaged/2.5.0/aopalliance-repackaged-2.5.0.jar:/home/runner/.m2/repository/com/fasterxml/jackson/dataformat/jackson-dataformat-xml/2.12.1/jackson-dataformat-xml-2.12.1.jar:/home/runner/.m2/repository/com/fasterxml/jackson/core/jackson-core/2.12.1/jackson-core-2.12.1.jar:/home/runner/.m2/repository/com/fasterxml/jackson/module/jackson-module-jaxb-annotations/2.12.1/jackson-module-jaxb-annotations-2.12.1.jar:/home/runner/.m2/repository/jakarta/xml/bind/jakarta.xml.bind-api/2.3.2/jakarta.xml.bind-api-2.3.2.jar:/home/runner/.m2/repository/org/codehaus/woodstox/stax2-api/3.1.4/stax2-api-3.1.4.jar:/home/runner/.m2/repository/com/fasterxml/woodstox/woodstox-core/5.0.3/woodstox-core-5.0.3.jar:/home/runner/.m2/repository/javax/enterprise/cdi-api/1.2/cdi-api-1.2.jar:/home/runner/.m2/repository/javax/el/javax.el-api/3.0.0/javax.el-api-3.0.0.jar:/home/runner/.m2/repository/javax/interceptor/javax.interceptor-api/1.2/javax.interceptor-api-1.2.jar:/home/runner/.m2/repository/javax/inject/javax.inject/1/javax.inject-1.jar:/home/runner/.m2/repository/javax/xml/bind/jaxb-api/2.3.0/jaxb-api-2.3.0.jar:/home/runner/.m2/repository/org/glassfish/jaxb/jaxb-runtime/2.3.0.1/jaxb-runtime-2.3.0.1.jar:/home/runner/.m2/repository/org/glassfish/jaxb/jaxb-core/2.3.0.1/jaxb-core-2.3.0.1.jar:/home/runner/.m2/repository/org/glassfish/jaxb/txw2/2.3.0.1/txw2-2.3.0.1.jar:/home/runner/.m2/repository/com/sun/istack/istack-commons-runtime/3.0.5/istack-commons-runtime-3.0.5.jar:/home/runner/.m2/repository/org/jvnet/staxex/stax-ex/1.7.8/stax-ex-1.7.8.jar:/home/runner/.m2/repository/com/sun/xml/fastinfoset/FastInfoset/1.2.13/FastInfoset-1.2.13.jar:/home/runner/.m2/repository/javax/activation/activation/1.1.1/activation-1.1.1.jar:/home/runner/.m2/repository/org/apache/ozone/ozone-csi/1.3.0-SNAPSHOT/ozone-csi-1.3.0-SNAPSHOT.jar:/home/runner/.m2/repository/com/google/protobuf/protobuf-java-util/3.12.0/protobuf-java-util-3.12.0.jar:/home/runner/.m2/repository/com/google/code/gson/gson/2.2.4/gson-2.2.4.jar:/home/runner/.m2/repository/org/apache/ozone/hdds-config/1.3.0-SNAPSHOT/hdds-config-1.3.0-SNAPSHOT.jar:/home/runner/.m2/repository/io/grpc/grpc-netty/1.33.0/grpc-netty-1.33.0.jar:/home/runner/.m2/repository/io/grpc/grpc-core/1.33.0/grpc-core-1.33.0.jar:/home/runner/.m2/repository/com/google/android/annotations/4.1.1.4/annotations-4.1.1.4.jar:/home/runner/.m2/repository/io/netty/netty-codec-http2/4.1.63.Final/netty-codec-http2-4.1.63.Final.jar:/home/runner/.m2/repository/io/netty/netty-codec-http/4.1.63.Final/netty-codec-http-4.1.63.Final.jar:/home/runner/.m2/repository/io/netty/netty-handler-proxy/4.1.63.Final/netty-handler-proxy-4.1.63.Final.jar:/home/runner/.m2/repository/io/netty/netty-codec-socks/4.1.63.Final/netty-codec-socks-4.1.63.Final.jar:/home/runner/.m2/repository/io/perfmark/perfmark-api/0.19.0/perfmark-api-0.19.0.jar:/home/runner/.m2/repository/org/codehaus/mojo/animal-sniffer-annotations/1.18/animal-sniffer-annotations-1.18.jar:/home/runner/.m2/repository/io/netty/netty-transport-native-epoll/4.1.63.Final/netty-transport-native-epoll-4.1.63.Final.jar:/home/runner/.m2/repository/io/netty/netty-common/4.1.63.Final/netty-common-4.1.63.Final.jar:/home/runner/.m2/repository/io/netty/netty-buffer/4.1.63.Final/netty-buffer-4.1.63.Final.jar:/home/runner/.m2/repository/io/netty/netty-transport-native-unix-common/4.1.63.Final/netty-transport-native-unix-common-4.1.63.Final.jar:/home/runner/.m2/repository/io/grpc/grpc-protobuf/1.33.0/grpc-protobuf-1.33.0.jar:/home/runner/.m2/repository/io/grpc/grpc-api/1.33.0/grpc-api-1.33.0.jar:/home/runner/.m2/repository/io/grpc/grpc-context/1.33.0/grpc-context-1.33.0.jar:/home/runner/.m2/repository/com/google/api/grpc/proto-google-common-protos/1.17.0/proto-google-common-protos-1.17.0.jar:/home/runner/.m2/repository/io/grpc/grpc-protobuf-lite/1.33.0/grpc-protobuf-lite-1.33.0.jar:/home/runner/.m2/repository/io/grpc/grpc-stub/1.33.0/grpc-stub-1.33.0.jar:/home/runner/.m2/repository/org/apache/ozone/ozone-recon/1.3.0-SNAPSHOT/ozone-recon-1.3.0-SNAPSHOT.jar:/home/runner/.m2/repository/org/apache/ozone/ozone-reconcodegen/1.3.0-SNAPSHOT/ozone-reconcodegen-1.3.0-SNAPSHOT.jar:/home/runner/.m2/repository/com/google/inject/extensions/guice-multibindings/4.0/guice-multibindings-4.0.jar:/home/runner/.m2/repository/com/google/inject/guice/4.0/guice-4.0.jar:/home/runner/.m2/repository/aopalliance/aopalliance/1.0/aopalliance-1.0.jar:/home/runner/.m2/repository/com/google/inject/extensions/guice-assistedinject/4.0/guice-assistedinject-4.0.jar:/home/runner/.m2/repository/com/google/inject/extensions/guice-servlet/4.0/guice-servlet-4.0.jar:/home/runner/.m2/repository/org/glassfish/jersey/containers/jersey-container-servlet/2.33/jersey-container-servlet-2.33.jar:/home/runner/.m2/repository/org/glassfish/hk2/guice-bridge/2.5.0/guice-bridge-2.5.0.jar:/home/runner/.m2/repository/org/glassfish/jersey/core/jersey-server/2.33/jersey-server-2.33.jar:/home/runner/.m2/repository/org/glassfish/jersey/core/jersey-client/2.33/jersey-client-2.33.jar:/home/runner/.m2/repository/jakarta/annotation/jakarta.annotation-api/1.3.5/jakarta.annotation-api-1.3.5.jar:/home/runner/.m2/repository/jakarta/validation/jakarta.validation-api/2.0.2/jakarta.validation-api-2.0.2.jar:/home/runner/.m2/repository/org/glassfish/jersey/media/jersey-media-json-jackson/2.33/jersey-media-json-jackson-2.33.jar:/home/runner/.m2/repository/org/glassfish/jersey/ext/jersey-entity-filtering/2.33/jersey-entity-filtering-2.33.jar:/home/runner/.m2/repository/org/jooq/jooq/3.11.10/jooq-3.11.10.jar:/home/runner/.m2/repository/org/jooq/jooq-meta/3.11.10/jooq-meta-3.11.10.jar:/home/runner/.m2/repository/org/jooq/jooq-codegen/3.11.10/jooq-codegen-3.11.10.jar:/home/runner/.m2/repository/com/jolbox/bonecp/0.8.0.RELEASE/bonecp-0.8.0.RELEASE.jar:/home/runner/.m2/repository/org/apache/derby/derby/10.14.2.0/derby-10.14.2.0.jar:/home/runner/.m2/repository/org/xerial/sqlite-jdbc/3.25.2/sqlite-jdbc-3.25.2.jar:/home/runner/.m2/repository/org/springframework/spring-jdbc/5.2.18.RELEASE/spring-jdbc-5.2.18.RELEASE.jar:/home/runner/.m2/repository/org/springframework/spring-beans/5.2.18.RELEASE/spring-beans-5.2.18.RELEASE.jar:/home/runner/.m2/repository/org/springframework/spring-core/5.2.18.RELEASE/spring-core-5.2.18.RELEASE.jar:/home/runner/.m2/repository/org/springframework/spring-jcl/5.2.18.RELEASE/spring-jcl-5.2.18.RELEASE.jar:/home/runner/.m2/repository/org/springframework/spring-tx/5.2.18.RELEASE/spring-tx-5.2.18.RELEASE.jar:/home/runner/.m2/repository/org/apache/ozone/ozone-client/1.3.0-SNAPSHOT/ozone-client-1.3.0-SNAPSHOT.jar:/home/runner/.m2/repository/org/apache/ozone/ozone-filesystem/1.3.0-SNAPSHOT/ozone-filesystem-1.3.0-SNAPSHOT.jar:/home/runner/.m2/repository/org/apache/ozone/ozone-filesystem-common/1.3.0-SNAPSHOT/ozone-filesystem-common-1.3.0-SNAPSHOT.jar:/home/runner/.m2/repository/org/apache/ozone/ozone-tools/1.3.0-SNAPSHOT/ozone-tools-1.3.0-SNAPSHOT.jar:/home/runner/.m2/repository/org/apache/ratis/ratis-tools/2.2.0/ratis-tools-2.2.0.jar:/home/runner/.m2/repository/com/amazonaws/aws-java-sdk-core/1.11.1034/aws-java-sdk-core-1.11.1034.jar:/home/runner/.m2/repository/org/apache/httpcomponents/httpclient/4.5.13/httpclient-4.5.13.jar:/home/runner/.m2/repository/org/apache/httpcomponents/httpcore/4.4.13/httpcore-4.4.13.jar:/home/runner/.m2/repository/software/amazon/ion/ion-java/1.0.2/ion-java-1.0.2.jar:/home/runner/.m2/repository/com/fasterxml/jackson/dataformat/jackson-dataformat-cbor/2.12.1/jackson-dataformat-cbor-2.12.1.jar:/home/runner/.m2/repository/joda-time/joda-time/2.8.1/joda-time-2.8.1.jar:/home/runner/.m2/repository/com/amazonaws/aws-java-sdk-s3/1.11.1034/aws-java-sdk-s3-1.11.1034.jar:/home/runner/.m2/repository/com/amazonaws/aws-java-sdk-kms/1.11.1034/aws-java-sdk-kms-1.11.1034.jar:/home/runner/.m2/repository/com/amazonaws/jmespath-java/1.11.1034/jmespath-java-1.11.1034.jar:/home/runner/.m2/repository/org/kohsuke/metainf-services/metainf-services/1.8/metainf-services-1.8.jar:/home/runner/.m2/repository/org/apache/ozone/hdds-tools/1.3.0-SNAPSHOT/hdds-tools-1.3.0-SNAPSHOT.jar:/home/runner/.m2/repository/commons-cli/commons-cli/1.2/commons-cli-1.2.jar:/home/runner/.m2/repository/org/apache/commons/commons-lang3/3.7/commons-lang3-3.7.jar:/home/runner/.m2/repository/org/apache/ozone/ozone-manager/1.3.0-SNAPSHOT/ozone-manager-1.3.0-SNAPSHOT-tests.jar:/home/runner/.m2/repository/org/apache/ozone/hdds-common/1.3.0-SNAPSHOT/hdds-common-1.3.0-SNAPSHOT-tests.jar:/home/runner/.m2/repository/org/apache/ozone/hdds-hadoop-dependency-client/1.3.0-SNAPSHOT/hdds-hadoop-dependency-client-1.3.0-SNAPSHOT.jar:/home/runner/.m2/repository/info/picocli/picocli/4.6.1/picocli-4.6.1.jar:/home/runner/.m2/repository/com/fasterxml/jackson/core/jackson-annotations/2.12.1/jackson-annotations-2.12.1.jar:/home/runner/.m2/repository/javax/annotation/javax.annotation-api/1.2/javax.annotation-api-1.2.jar:/home/runner/.m2/repository/org/apache/ratis/ratis-server/2.2.0/ratis-server-2.2.0.jar:/home/runner/.m2/repository/org/apache/ratis/ratis-client/2.2.0/ratis-client-2.2.0.jar:/home/runner/.m2/repository/org/apache/ratis/ratis-server-api/2.2.0/ratis-server-api-2.2.0.jar:/home/runner/.m2/repository/org/apache/ratis/ratis-metrics/2.2.0/ratis-metrics-2.2.0.jar:/home/runner/.m2/repository/org/apache/ratis/ratis-netty/2.2.0/ratis-netty-2.2.0.jar:/home/runner/.m2/repository/org/apache/ratis/ratis-grpc/2.2.0/ratis-grpc-2.2.0.jar:/home/runner/.m2/repository/org/apache/logging/log4j/log4j-api/2.13.3/log4j-api-2.13.3.jar:/home/runner/.m2/repository/org/apache/logging/log4j/log4j-core/2.13.3/log4j-core-2.13.3.jar:/home/runner/.m2/repository/com/lmax/disruptor/3.4.2/disruptor-3.4.2.jar:/home/runner/.m2/repository/org/apache/commons/commons-pool2/2.6.0/commons-pool2-2.6.0.jar:/home/runner/.m2/repository/org/bouncycastle/bcpkix-jdk15on/1.67/bcpkix-jdk15on-1.67.jar:/home/runner/.m2/repository/commons-validator/commons-validator/1.6/commons-validator-1.6.jar:/home/runner/.m2/repository/commons-beanutils/commons-beanutils/1.9.4/commons-beanutils-1.9.4.jar:/home/runner/.m2/repository/commons-digester/commons-digester/1.8.1/commons-digester-1.8.1.jar:/home/runner/.m2/repository/commons-collections/commons-collections/3.2.2/commons-collections-3.2.2.jar:/home/runner/.m2/repository/io/jaegertracing/jaeger-client/1.6.0/jaeger-client-1.6.0.jar:/home/runner/.m2/repository/io/jaegertracing/jaeger-thrift/1.6.0/jaeger-thrift-1.6.0.jar:/home/runner/.m2/repository/org/apache/thrift/libthrift/0.14.1/libthrift-0.14.1.jar:/home/runner/.m2/repository/com/squareup/okhttp3/okhttp/4.9.0/okhttp-4.9.0.jar:/home/runner/.m2/repository/com/squareup/okio/okio/2.8.0/okio-2.8.0.jar:/home/runner/.m2/repository/io/jaegertracing/jaeger-core/1.6.0/jaeger-core-1.6.0.jar:/home/runner/.m2/repository/io/jaegertracing/jaeger-tracerresolver/1.6.0/jaeger-tracerresolver-1.6.0.jar:/home/runner/.m2/repository/io/opentracing/contrib/opentracing-tracerresolver/0.1.8/opentracing-tracerresolver-0.1.8.jar:/home/runner/.m2/repository/org/jetbrains/kotlin/kotlin-stdlib/1.4.31/kotlin-stdlib-1.4.31.jar:/home/runner/.m2/repository/org/jetbrains/kotlin/kotlin-stdlib-common/1.4.31/kotlin-stdlib-common-1.4.31.jar:/home/runner/.m2/repository/org/jetbrains/annotations/13.0/annotations-13.0.jar:/home/runner/.m2/repository/io/opentracing/opentracing-util/0.33.0/opentracing-util-0.33.0.jar:/home/runner/.m2/repository/io/opentracing/opentracing-api/0.33.0/opentracing-api-0.33.0.jar:/home/runner/.m2/repository/io/opentracing/opentracing-noop/0.33.0/opentracing-noop-0.33.0.jar:/home/runner/.m2/repository/org/yaml/snakeyaml/1.26/snakeyaml-1.26.jar:/home/runner/.m2/repository/org/apache/ozone/hdds-interface-admin/1.3.0-SNAPSHOT/hdds-interface-admin-1.3.0-SNAPSHOT.jar:/home/runner/.m2/repository/junit/junit/4.13.1/junit-4.13.1.jar:/home/runner/.m2/repository/org/hamcrest/hamcrest-core/1.3/hamcrest-core-1.3.jar:/home/runner/.m2/repository/org/junit/jupiter/junit-jupiter-api/5.7.0/junit-jupiter-api-5.7.0.jar:/home/runner/.m2/repository/org/apiguardian/apiguardian-api/1.1.0/apiguardian-api-1.1.0.jar:/home/runner/.m2/repository/org/opentest4j/opentest4j/1.2.0/opentest4j-1.2.0.jar:/home/runner/.m2/repository/org/junit/platform/junit-platform-commons/1.7.0/junit-platform-commons-1.7.0.jar:/home/runner/.m2/repository/org/junit/jupiter/junit-jupiter-engine/5.7.0/junit-jupiter-engine-5.7.0.jar:/home/runner/.m2/repository/org/junit/platform/junit-platform-engine/1.7.0/junit-platform-engine-1.7.0.jar:/home/runner/.m2/repository/org/junit/vintage/junit-vintage-engine/5.7.0/junit-vintage-engine-5.7.0.jar:/home/runner/.m2/repository/org/junit/platform/junit-platform-launcher/1.7.0/junit-platform-launcher-1.7.0.jar:/home/runner/.m2/repository/org/openjdk/jmh/jmh-core/1.19/jmh-core-1.19.jar:/home/runner/.m2/repository/net/sf/jopt-simple/jopt-simple/4.6/jopt-simple-4.6.jar:/home/runner/.m2/repository/org/apache/commons/commons-math3/3.1.1/commons-math3-3.1.1.jar:/home/runner/.m2/repository/org/openjdk/jmh/jmh-generator-annprocess/1.19/jmh-generator-annprocess-1.19.jar:/home/runner/.m2/repository/org/mockito/mockito-core/2.28.2/mockito-core-2.28.2.jar:/home/runner/.m2/repository/net/bytebuddy/byte-buddy/1.9.10/byte-buddy-1.9.10.jar:/home/runner/.m2/repository/net/bytebuddy/byte-buddy-agent/1.9.10/byte-buddy-agent-1.9.10.jar:/home/runner/.m2/repository/org/objenesis/objenesis/1.0/objenesis-1.0.jar:/home/runner/.m2/repository/org/apache/hadoop/hadoop-kms/3.3.1/hadoop-kms-3.3.1.jar:/home/runner/.m2/repository/org/apache/hadoop/hadoop-auth/3.3.1/hadoop-auth-3.3.1.jar:/home/runner/.m2/repository/com/nimbusds/nimbus-jose-jwt/7.9/nimbus-jose-jwt-7.9.jar:/home/runner/.m2/repository/com/github/stephenc/jcip/jcip-annotations/1.0-1/jcip-annotations-1.0-1.jar:/home/runner/.m2/repository/net/minidev/json-smart/2.3.1/json-smart-2.3.1.jar:/home/runner/.m2/repository/net/minidev/accessors-smart/2.3.1/accessors-smart-2.3.1.jar:/home/runner/.m2/repository/org/ow2/asm/asm/5.0.4/asm-5.0.4.jar:/home/runner/.m2/repository/org/apache/zookeeper/zookeeper/3.5.6/zookeeper-3.5.6.jar:/home/runner/.m2/repository/org/apache/zookeeper/zookeeper-jute/3.5.6/zookeeper-jute-3.5.6.jar:/home/runner/.m2/repository/org/apache/yetus/audience-annotations/0.5.0/audience-annotations-0.5.0.jar:/home/runner/.m2/repository/org/apache/curator/curator-framework/4.2.0/curator-framework-4.2.0.jar:/home/runner/.m2/repository/org/apache/hadoop/thirdparty/hadoop-shaded-guava/1.1.1/hadoop-shaded-guava-1.1.1.jar:/home/runner/.m2/repository/com/sun/jersey/jersey-core/1.19/jersey-core-1.19.jar:/home/runner/.m2/repository/javax/ws/rs/jsr311-api/1.1.1/jsr311-api-1.1.1.jar:/home/runner/.m2/repository/com/sun/jersey/jersey-server/1.19/jersey-server-1.19.jar:/home/runner/.m2/repository/javax/servlet/javax.servlet-api/3.1.0/javax.servlet-api-3.1.0.jar:/home/runner/.m2/repository/org/eclipse/jetty/jetty-server/9.4.43.v20210629/jetty-server-9.4.43.v20210629.jar:/home/runner/.m2/repository/org/eclipse/jetty/jetty-http/9.4.43.v20210629/jetty-http-9.4.43.v20210629.jar:/home/runner/.m2/repository/org/eclipse/jetty/jetty-io/9.4.43.v20210629/jetty-io-9.4.43.v20210629.jar:/home/runner/.m2/repository/org/eclipse/jetty/jetty-webapp/9.4.43.v20210629/jetty-webapp-9.4.43.v20210629.jar:/home/runner/.m2/repository/org/eclipse/jetty/jetty-xml/9.4.43.v20210629/jetty-xml-9.4.43.v20210629.jar:/home/runner/.m2/repository/org/apache/hadoop/hadoop-common/3.3.1/hadoop-common-3.3.1.jar:/home/runner/.m2/repository/commons-net/commons-net/3.6/commons-net-3.6.jar:/home/runner/.m2/repository/jakarta/activation/jakarta.activation-api/1.2.1/jakarta.activation-api-1.2.1.jar:/home/runner/.m2/repository/com/sun/jersey/jersey-servlet/1.19/jersey-servlet-1.19.jar:/home/runner/.m2/repository/com/sun/jersey/jersey-json/1.19/jersey-json-1.19.jar:/home/runner/.m2/repository/org/codehaus/jettison/jettison/1.1/jettison-1.1.jar:/home/runner/.m2/repository/com/sun/xml/bind/jaxb-impl/2.2.3-1/jaxb-impl-2.2.3-1.jar:/home/runner/.m2/repository/org/codehaus/jackson/jackson-jaxrs/1.9.2/jackson-jaxrs-1.9.2.jar:/home/runner/.m2/repository/org/codehaus/jackson/jackson-xc/1.9.2/jackson-xc-1.9.2.jar:/home/runner/.m2/repository/org/apache/commons/commons-configuration2/2.1.1/commons-configuration2-2.1.1.jar:/home/runner/.m2/repository/org/apache/commons/commons-text/1.4/commons-text-1.4.jar:/home/runner/.m2/repository/com/google/re2j/re2j/1.1/re2j-1.1.jar:/home/runner/.m2/repository/com/jcraft/jsch/0.1.54/jsch-0.1.54.jar:/home/runner/.m2/repository/org/apache/curator/curator-client/4.2.0/curator-client-4.2.0.jar:/home/runner/.m2/repository/org/apache/curator/curator-recipes/4.2.0/curator-recipes-4.2.0.jar:/home/runner/.m2/repository/org/apache/kerby/kerb-core/1.0.1/kerb-core-1.0.1.jar:/home/runner/.m2/repository/org/apache/kerby/kerby-pkix/1.0.1/kerby-pkix-1.0.1.jar:/home/runner/.m2/repository/org/apache/kerby/kerby-asn1/1.0.1/kerby-asn1-1.0.1.jar:/home/runner/.m2/repository/org/apache/kerby/kerby-util/1.0.1/kerby-util-1.0.1.jar:/home/runner/.m2/repository/dnsjava/dnsjava/2.1.7/dnsjava-2.1.7.jar:/home/runner/.m2/repository/org/xerial/snappy/snappy-java/1.1.8.2/snappy-java-1.1.8.2.jar:/home/runner/.m2/repository/org/slf4j/jul-to-slf4j/1.7.30/jul-to-slf4j-1.7.30.jar:/home/runner/.m2/repository/org/eclipse/jetty/jetty-util/9.4.43.v20210629/jetty-util-9.4.43.v20210629.jar:/home/runner/.m2/repository/com/fasterxml/jackson/core/jackson-databind/2.12.1/jackson-databind-2.12.1.jar:/home/runner/.m2/repository/org/apache/hadoop/hadoop-kms/3.3.1/hadoop-kms-3.3.1-tests.jar:/home/runner/.m2/repository/org/apache/ozone/hdds-server-scm/1.3.0-SNAPSHOT/hdds-server-scm-1.3.0-SNAPSHOT-tests.jar:/home/runner/.m2/repository/org/apache/ozone/hdds-container-service/1.3.0-SNAPSHOT/hdds-container-service-1.3.0-SNAPSHOT-tests.jar:/home/runner/.m2/repository/commons-codec/commons-codec/1.11/commons-codec-1.11.jar:/home/runner/.m2/repository/io/netty/netty-transport/4.1.63.Final/netty-transport-4.1.63.Final.jar:/home/runner/.m2/repository/io/netty/netty-resolver/4.1.63.Final/netty-resolver-4.1.63.Final.jar:/home/runner/.m2/repository/io/netty/netty-codec/4.1.63.Final/netty-codec-4.1.63.Final.jar:/home/runner/.m2/repository/io/netty/netty-handler/4.1.63.Final/netty-handler-4.1.63.Final.jar:/home/runner/.m2/repository/org/apache/ozone/hdds-hadoop-dependency-test/1.3.0-SNAPSHOT/hdds-hadoop-dependency-test-1.3.0-SNAPSHOT.jar:/home/runner/.m2/repository/org/apache/hadoop/hadoop-common/3.3.1/hadoop-common-3.3.1-tests.jar:/home/runner/.m2/repository/org/assertj/assertj-core/3.12.2/assertj-core-3.12.2.jar:/home/runner/.m2/repository/org/apache/hadoop/hadoop-hdfs/3.3.1/hadoop-hdfs-3.3.1-tests.jar:/home/runner/.m2/repository/org/eclipse/jetty/jetty-util-ajax/9.4.43.v20210629/jetty-util-ajax-9.4.43.v20210629.jar:/home/runner/.m2/repository/commons-daemon/commons-daemon/1.0.13/commons-daemon-1.0.13.jar:/home/runner/.m2/repository/io/netty/netty/3.10.6.Final/netty-3.10.6.Final.jar:/home/runner/.m2/repository/io/netty/netty-all/4.1.63.Final/netty-all-4.1.63.Final.jar:/home/runner/.m2/repository/org/apache/htrace/htrace-core4/4.1.0-incubating/htrace-core4-4.1.0-incubating.jar:/home/runner/.m2/repository/org/fusesource/leveldbjni/leveldbjni-all/1.8/leveldbjni-all-1.8.jar:/home/runner/.m2/repository/org/apache/hadoop/hadoop-distcp/3.3.1/hadoop-distcp-3.3.1.jar:/home/runner/.m2/repository/org/apache/hadoop/hadoop-mapreduce-client-jobclient/3.3.1/hadoop-mapreduce-client-jobclient-3.3.1.jar:/home/runner/.m2/repository/org/apache/hadoop/hadoop-mapreduce-client-common/3.3.1/hadoop-mapreduce-client-common-3.3.1.jar:/home/runner/.m2/repository/org/apache/hadoop/hadoop-yarn-common/3.3.1/hadoop-yarn-common-3.3.1.jar:/home/runner/.m2/repository/org/apache/hadoop/hadoop-yarn-api/3.3.1/hadoop-yarn-api-3.3.1.jar:/home/runner/.m2/repository/com/sun/jersey/jersey-client/1.19/jersey-client-1.19.jar:/home/runner/.m2/repository/com/sun/jersey/contribs/jersey-guice/1.19/jersey-guice-1.19.jar:/home/runner/.m2/repository/com/fasterxml/jackson/jaxrs/jackson-jaxrs-json-provider/2.12.1/jackson-jaxrs-json-provider-2.12.1.jar:/home/runner/.m2/repository/com/fasterxml/jackson/jaxrs/jackson-jaxrs-base/2.12.1/jackson-jaxrs-base-2.12.1.jar:/home/runner/.m2/repository/org/apache/hadoop/hadoop-yarn-client/3.3.1/hadoop-yarn-client-3.3.1.jar:/home/runner/.m2/repository/org/eclipse/jetty/websocket/websocket-client/9.4.40.v20210413/websocket-client-9.4.40.v20210413.jar:/home/runner/.m2/repository/org/eclipse/jetty/jetty-client/9.4.40.v20210413/jetty-client-9.4.40.v20210413.jar:/home/runner/.m2/repository/org/eclipse/jetty/websocket/websocket-common/9.4.40.v20210413/websocket-common-9.4.40.v20210413.jar:/home/runner/.m2/repository/org/eclipse/jetty/websocket/websocket-api/9.4.40.v20210413/websocket-api-9.4.40.v20210413.jar:/home/runner/.m2/repository/org/jline/jline/3.9.0/jline-3.9.0.jar:/home/runner/.m2/repository/org/apache/hadoop/hadoop-mapreduce-client-core/3.3.1/hadoop-mapreduce-client-core-3.3.1.jar:/home/runner/.m2/repository/org/apache/avro/avro/1.7.7/avro-1.7.7.jar:/home/runner/.m2/repository/org/codehaus/jackson/jackson-core-asl/1.9.13/jackson-core-asl-1.9.13.jar:/home/runner/.m2/repository/org/codehaus/jackson/jackson-mapper-asl/1.9.13/jackson-mapper-asl-1.9.13.jar:/home/runner/.m2/repository/com/thoughtworks/paranamer/paranamer/2.3/paranamer-2.3.jar:/home/runner/.m2/repository/org/apache/hadoop/hadoop-annotations/3.3.1/hadoop-annotations-3.3.1.jar:/usr/lib/jvm/adoptopenjdk-8-hotspot-amd64/jre/../lib/tools.jar:/home/runner/.m2/repository/org/apache/hadoop/hadoop-distcp/3.3.1/hadoop-distcp-3.3.1-tests.jar:/home/runner/.m2/repository/org/apache/ratis/ratis-common/2.2.0/ratis-common-2.2.0.jar:/home/runner/.m2/repository/org/apache/ratis/ratis-thirdparty-misc/0.7.0/ratis-thirdparty-misc-0.7.0.jar:/home/runner/.m2/repository/org/apache/ratis/ratis-proto/2.2.0/ratis-proto-2.2.0.jar:"/>
    <property name="java.vm.vendor" value="AdoptOpenJDK"/>
    <property name="sun.arch.data.model" value="64"/>
    <property name="test.build.dir" value="/home/runner/work/ozone/ozone/hadoop-ozone/integration-test/target/test-dir"/>
    <property name="test.cache.data" value=""/>
    <property name="java.vendor.url" value="https://adoptopenjdk.net/"/>
    <property name="user.timezone" value=""/>
    <property name="java.vm.specification.version" value="1.8"/>
    <property name="os.name" value="Linux"/>
    <property name="test.build.data" value="/home/runner/work/ozone/ozone/hadoop-ozone/integration-test/target/test-dir"/>
    <property name="sun.java.launcher" value="SUN_STANDARD"/>
    <property name="sun.boot.library.path" value="/usr/lib/jvm/adoptopenjdk-8-hotspot-amd64/jre/lib/amd64"/>
    <property name="sun.java.command" value="/home/runner/work/ozone/ozone/hadoop-ozone/integration-test/target/surefire/surefirebooter6797985595316148531.jar /home/runner/work/ozone/ozone/hadoop-ozone/integration-test/target/surefire 2021-12-02T13-25-13_994-jvmRun1 surefire5858977710345253220tmp surefire_315433862580512018293tmp"/>
    <property name="surefire.test.class.path" value="/home/runner/work/ozone/ozone/hadoop-ozone/integration-test/target/test-classes:/home/runner/work/ozone/ozone/hadoop-ozone/integration-test/target/classes:/home/runner/.m2/repository/org/apache/ozone/ozone-common/1.3.0-SNAPSHOT/ozone-common-1.3.0-SNAPSHOT.jar:/home/runner/.m2/repository/org/apache/commons/commons-compress/1.21/commons-compress-1.21.jar:/home/runner/.m2/repository/org/apache/ozone/hdds-common/1.3.0-SNAPSHOT/hdds-common-1.3.0-SNAPSHOT.jar:/home/runner/.m2/repository/org/apache/ozone/hdds-client/1.3.0-SNAPSHOT/hdds-client-1.3.0-SNAPSHOT.jar:/home/runner/.m2/repository/org/apache/ozone/ozone-interface-client/1.3.0-SNAPSHOT/ozone-interface-client-1.3.0-SNAPSHOT.jar:/home/runner/.m2/repository/org/apache/ozone/hdds-test-utils/1.3.0-SNAPSHOT/hdds-test-utils-1.3.0-SNAPSHOT.jar:/home/runner/.m2/repository/com/google/guava/guava/30.1.1-jre/guava-30.1.1-jre.jar:/home/runner/.m2/repository/com/google/guava/failureaccess/1.0.1/failureaccess-1.0.1.jar:/home/runner/.m2/repository/com/google/guava/listenablefuture/9999.0-empty-to-avoid-conflict-with-guava/listenablefuture-9999.0-empty-to-avoid-conflict-with-guava.jar:/home/runner/.m2/repository/com/google/code/findbugs/jsr305/3.0.0/jsr305-3.0.0.jar:/home/runner/.m2/repository/org/checkerframework/checker-qual/3.8.0/checker-qual-3.8.0.jar:/home/runner/.m2/repository/com/google/errorprone/error_prone_annotations/2.2.0/error_prone_annotations-2.2.0.jar:/home/runner/.m2/repository/com/google/j2objc/j2objc-annotations/1.3/j2objc-annotations-1.3.jar:/home/runner/.m2/repository/commons-io/commons-io/2.11.0/commons-io-2.11.0.jar:/home/runner/.m2/repository/commons-logging/commons-logging/1.2/commons-logging-1.2.jar:/home/runner/.m2/repository/log4j/log4j/1.2.17/log4j-1.2.17.jar:/home/runner/.m2/repository/org/slf4j/slf4j-api/1.7.30/slf4j-api-1.7.30.jar:/home/runner/.m2/repository/org/apache/ozone/hdds-server-scm/1.3.0-SNAPSHOT/hdds-server-scm-1.3.0-SNAPSHOT.jar:/home/runner/.m2/repository/org/apache/ozone/hdds-container-service/1.3.0-SNAPSHOT/hdds-container-service-1.3.0-SNAPSHOT.jar:/home/runner/.m2/repository/org/apache/ozone/hdds-hadoop-dependency-server/1.3.0-SNAPSHOT/hdds-hadoop-dependency-server-1.3.0-SNAPSHOT.jar:/home/runner/.m2/repository/org/apache/hadoop/hadoop-hdfs/3.3.1/hadoop-hdfs-3.3.1.jar:/home/runner/.m2/repository/org/apache/ozone/hdds-server-framework/1.3.0-SNAPSHOT/hdds-server-framework-1.3.0-SNAPSHOT.jar:/home/runner/.m2/repository/org/apache/ozone/hdds-interface-server/1.3.0-SNAPSHOT/hdds-interface-server-1.3.0-SNAPSHOT.jar:/home/runner/.m2/repository/org/eclipse/jetty/jetty-servlet/9.4.43.v20210629/jetty-servlet-9.4.43.v20210629.jar:/home/runner/.m2/repository/org/eclipse/jetty/jetty-security/9.4.43.v20210629/jetty-security-9.4.43.v20210629.jar:/home/runner/.m2/repository/org/rocksdb/rocksdbjni/6.25.3/rocksdbjni-6.25.3.jar:/home/runner/.m2/repository/io/prometheus/simpleclient_dropwizard/0.7.0/simpleclient_dropwizard-0.7.0.jar:/home/runner/.m2/repository/io/prometheus/simpleclient/0.7.0/simpleclient-0.7.0.jar:/home/runner/.m2/repository/io/prometheus/simpleclient_common/0.7.0/simpleclient_common-0.7.0.jar:/home/runner/.m2/repository/com/fasterxml/jackson/datatype/jackson-datatype-jsr310/2.12.1/jackson-datatype-jsr310-2.12.1.jar:/home/runner/.m2/repository/io/dropwizard/metrics/metrics-core/3.2.4/metrics-core-3.2.4.jar:/home/runner/.m2/repository/org/apache/hadoop/hadoop-hdfs-client/3.3.1/hadoop-hdfs-client-3.3.1.jar:/home/runner/.m2/repository/org/bouncycastle/bcprov-jdk15on/1.67/bcprov-jdk15on-1.67.jar:/home/runner/.m2/repository/com/google/protobuf/protobuf-java/2.5.0/protobuf-java-2.5.0.jar:/home/runner/.m2/repository/org/apache/ozone/ozone-manager/1.3.0-SNAPSHOT/ozone-manager-1.3.0-SNAPSHOT.jar:/home/runner/.m2/repository/org/aspectj/aspectjrt/1.9.7/aspectjrt-1.9.7.jar:/home/runner/.m2/repository/org/aspectj/aspectjweaver/1.9.7/aspectjweaver-1.9.7.jar:/home/runner/.m2/repository/org/apache/ozone/hdds-interface-client/1.3.0-SNAPSHOT/hdds-interface-client-1.3.0-SNAPSHOT.jar:/home/runner/.m2/repository/org/apache/hadoop/thirdparty/hadoop-shaded-protobuf_3_7/1.1.1/hadoop-shaded-protobuf_3_7-1.1.1.jar:/home/runner/.m2/repository/org/apache/ozone/ozone-interface-storage/1.3.0-SNAPSHOT/ozone-interface-storage-1.3.0-SNAPSHOT.jar:/home/runner/.m2/repository/org/reflections/reflections/0.9.11/reflections-0.9.11.jar:/home/runner/.m2/repository/org/apache/hadoop/hadoop-minikdc/3.3.1/hadoop-minikdc-3.3.1.jar:/home/runner/.m2/repository/org/apache/kerby/kerb-simplekdc/1.0.1/kerb-simplekdc-1.0.1.jar:/home/runner/.m2/repository/org/apache/kerby/kerb-client/1.0.1/kerb-client-1.0.1.jar:/home/runner/.m2/repository/org/apache/kerby/kerby-config/1.0.1/kerby-config-1.0.1.jar:/home/runner/.m2/repository/org/apache/kerby/kerb-common/1.0.1/kerb-common-1.0.1.jar:/home/runner/.m2/repository/org/apache/kerby/kerb-crypto/1.0.1/kerb-crypto-1.0.1.jar:/home/runner/.m2/repository/org/apache/kerby/kerb-util/1.0.1/kerb-util-1.0.1.jar:/home/runner/.m2/repository/org/apache/kerby/token-provider/1.0.1/token-provider-1.0.1.jar:/home/runner/.m2/repository/org/apache/kerby/kerb-admin/1.0.1/kerb-admin-1.0.1.jar:/home/runner/.m2/repository/org/apache/kerby/kerb-server/1.0.1/kerb-server-1.0.1.jar:/home/runner/.m2/repository/org/apache/kerby/kerb-identity/1.0.1/kerb-identity-1.0.1.jar:/home/runner/.m2/repository/org/apache/kerby/kerby-xdr/1.0.1/kerby-xdr-1.0.1.jar:/home/runner/.m2/repository/org/slf4j/slf4j-log4j12/1.7.30/slf4j-log4j12-1.7.30.jar:/home/runner/.m2/repository/org/apache/ozone/ozone-s3gateway/1.3.0-SNAPSHOT/ozone-s3gateway-1.3.0-SNAPSHOT.jar:/home/runner/.m2/repository/org/javassist/javassist/3.21.0-GA/javassist-3.21.0-GA.jar:/home/runner/.m2/repository/org/jboss/weld/servlet/weld-servlet/2.4.7.Final/weld-servlet-2.4.7.Final.jar:/home/runner/.m2/repository/org/glassfish/jersey/containers/jersey-container-servlet-core/2.33/jersey-container-servlet-core-2.33.jar:/home/runner/.m2/repository/org/glassfish/hk2/external/jakarta.inject/2.6.1/jakarta.inject-2.6.1.jar:/home/runner/.m2/repository/org/glassfish/jersey/core/jersey-common/2.33/jersey-common-2.33.jar:/home/runner/.m2/repository/jakarta/ws/rs/jakarta.ws.rs-api/2.1.6/jakarta.ws.rs-api-2.1.6.jar:/home/runner/.m2/repository/org/glassfish/jersey/ext/cdi/jersey-cdi1x/2.33/jersey-cdi1x-2.33.jar:/home/runner/.m2/repository/org/glassfish/jersey/inject/jersey-hk2/2.33/jersey-hk2-2.33.jar:/home/runner/.m2/repository/org/glassfish/hk2/hk2-locator/2.6.1/hk2-locator-2.6.1.jar:/home/runner/.m2/repository/org/glassfish/jersey/media/jersey-media-jaxb/2.33/jersey-media-jaxb-2.33.jar:/home/runner/.m2/repository/org/glassfish/hk2/osgi-resource-locator/1.0.3/osgi-resource-locator-1.0.3.jar:/home/runner/.m2/repository/org/glassfish/hk2/hk2-api/2.5.0/hk2-api-2.5.0.jar:/home/runner/.m2/repository/org/glassfish/hk2/hk2-utils/2.5.0/hk2-utils-2.5.0.jar:/home/runner/.m2/repository/org/glassfish/hk2/external/aopalliance-repackaged/2.5.0/aopalliance-repackaged-2.5.0.jar:/home/runner/.m2/repository/com/fasterxml/jackson/dataformat/jackson-dataformat-xml/2.12.1/jackson-dataformat-xml-2.12.1.jar:/home/runner/.m2/repository/com/fasterxml/jackson/core/jackson-core/2.12.1/jackson-core-2.12.1.jar:/home/runner/.m2/repository/com/fasterxml/jackson/module/jackson-module-jaxb-annotations/2.12.1/jackson-module-jaxb-annotations-2.12.1.jar:/home/runner/.m2/repository/jakarta/xml/bind/jakarta.xml.bind-api/2.3.2/jakarta.xml.bind-api-2.3.2.jar:/home/runner/.m2/repository/org/codehaus/woodstox/stax2-api/3.1.4/stax2-api-3.1.4.jar:/home/runner/.m2/repository/com/fasterxml/woodstox/woodstox-core/5.0.3/woodstox-core-5.0.3.jar:/home/runner/.m2/repository/javax/enterprise/cdi-api/1.2/cdi-api-1.2.jar:/home/runner/.m2/repository/javax/el/javax.el-api/3.0.0/javax.el-api-3.0.0.jar:/home/runner/.m2/repository/javax/interceptor/javax.interceptor-api/1.2/javax.interceptor-api-1.2.jar:/home/runner/.m2/repository/javax/inject/javax.inject/1/javax.inject-1.jar:/home/runner/.m2/repository/javax/xml/bind/jaxb-api/2.3.0/jaxb-api-2.3.0.jar:/home/runner/.m2/repository/org/glassfish/jaxb/jaxb-runtime/2.3.0.1/jaxb-runtime-2.3.0.1.jar:/home/runner/.m2/repository/org/glassfish/jaxb/jaxb-core/2.3.0.1/jaxb-core-2.3.0.1.jar:/home/runner/.m2/repository/org/glassfish/jaxb/txw2/2.3.0.1/txw2-2.3.0.1.jar:/home/runner/.m2/repository/com/sun/istack/istack-commons-runtime/3.0.5/istack-commons-runtime-3.0.5.jar:/home/runner/.m2/repository/org/jvnet/staxex/stax-ex/1.7.8/stax-ex-1.7.8.jar:/home/runner/.m2/repository/com/sun/xml/fastinfoset/FastInfoset/1.2.13/FastInfoset-1.2.13.jar:/home/runner/.m2/repository/javax/activation/activation/1.1.1/activation-1.1.1.jar:/home/runner/.m2/repository/org/apache/ozone/ozone-csi/1.3.0-SNAPSHOT/ozone-csi-1.3.0-SNAPSHOT.jar:/home/runner/.m2/repository/com/google/protobuf/protobuf-java-util/3.12.0/protobuf-java-util-3.12.0.jar:/home/runner/.m2/repository/com/google/code/gson/gson/2.2.4/gson-2.2.4.jar:/home/runner/.m2/repository/org/apache/ozone/hdds-config/1.3.0-SNAPSHOT/hdds-config-1.3.0-SNAPSHOT.jar:/home/runner/.m2/repository/io/grpc/grpc-netty/1.33.0/grpc-netty-1.33.0.jar:/home/runner/.m2/repository/io/grpc/grpc-core/1.33.0/grpc-core-1.33.0.jar:/home/runner/.m2/repository/com/google/android/annotations/4.1.1.4/annotations-4.1.1.4.jar:/home/runner/.m2/repository/io/netty/netty-codec-http2/4.1.63.Final/netty-codec-http2-4.1.63.Final.jar:/home/runner/.m2/repository/io/netty/netty-codec-http/4.1.63.Final/netty-codec-http-4.1.63.Final.jar:/home/runner/.m2/repository/io/netty/netty-handler-proxy/4.1.63.Final/netty-handler-proxy-4.1.63.Final.jar:/home/runner/.m2/repository/io/netty/netty-codec-socks/4.1.63.Final/netty-codec-socks-4.1.63.Final.jar:/home/runner/.m2/repository/io/perfmark/perfmark-api/0.19.0/perfmark-api-0.19.0.jar:/home/runner/.m2/repository/org/codehaus/mojo/animal-sniffer-annotations/1.18/animal-sniffer-annotations-1.18.jar:/home/runner/.m2/repository/io/netty/netty-transport-native-epoll/4.1.63.Final/netty-transport-native-epoll-4.1.63.Final.jar:/home/runner/.m2/repository/io/netty/netty-common/4.1.63.Final/netty-common-4.1.63.Final.jar:/home/runner/.m2/repository/io/netty/netty-buffer/4.1.63.Final/netty-buffer-4.1.63.Final.jar:/home/runner/.m2/repository/io/netty/netty-transport-native-unix-common/4.1.63.Final/netty-transport-native-unix-common-4.1.63.Final.jar:/home/runner/.m2/repository/io/grpc/grpc-protobuf/1.33.0/grpc-protobuf-1.33.0.jar:/home/runner/.m2/repository/io/grpc/grpc-api/1.33.0/grpc-api-1.33.0.jar:/home/runner/.m2/repository/io/grpc/grpc-context/1.33.0/grpc-context-1.33.0.jar:/home/runner/.m2/repository/com/google/api/grpc/proto-google-common-protos/1.17.0/proto-google-common-protos-1.17.0.jar:/home/runner/.m2/repository/io/grpc/grpc-protobuf-lite/1.33.0/grpc-protobuf-lite-1.33.0.jar:/home/runner/.m2/repository/io/grpc/grpc-stub/1.33.0/grpc-stub-1.33.0.jar:/home/runner/.m2/repository/org/apache/ozone/ozone-recon/1.3.0-SNAPSHOT/ozone-recon-1.3.0-SNAPSHOT.jar:/home/runner/.m2/repository/org/apache/ozone/ozone-reconcodegen/1.3.0-SNAPSHOT/ozone-reconcodegen-1.3.0-SNAPSHOT.jar:/home/runner/.m2/repository/com/google/inject/extensions/guice-multibindings/4.0/guice-multibindings-4.0.jar:/home/runner/.m2/repository/com/google/inject/guice/4.0/guice-4.0.jar:/home/runner/.m2/repository/aopalliance/aopalliance/1.0/aopalliance-1.0.jar:/home/runner/.m2/repository/com/google/inject/extensions/guice-assistedinject/4.0/guice-assistedinject-4.0.jar:/home/runner/.m2/repository/com/google/inject/extensions/guice-servlet/4.0/guice-servlet-4.0.jar:/home/runner/.m2/repository/org/glassfish/jersey/containers/jersey-container-servlet/2.33/jersey-container-servlet-2.33.jar:/home/runner/.m2/repository/org/glassfish/hk2/guice-bridge/2.5.0/guice-bridge-2.5.0.jar:/home/runner/.m2/repository/org/glassfish/jersey/core/jersey-server/2.33/jersey-server-2.33.jar:/home/runner/.m2/repository/org/glassfish/jersey/core/jersey-client/2.33/jersey-client-2.33.jar:/home/runner/.m2/repository/jakarta/annotation/jakarta.annotation-api/1.3.5/jakarta.annotation-api-1.3.5.jar:/home/runner/.m2/repository/jakarta/validation/jakarta.validation-api/2.0.2/jakarta.validation-api-2.0.2.jar:/home/runner/.m2/repository/org/glassfish/jersey/media/jersey-media-json-jackson/2.33/jersey-media-json-jackson-2.33.jar:/home/runner/.m2/repository/org/glassfish/jersey/ext/jersey-entity-filtering/2.33/jersey-entity-filtering-2.33.jar:/home/runner/.m2/repository/org/jooq/jooq/3.11.10/jooq-3.11.10.jar:/home/runner/.m2/repository/org/jooq/jooq-meta/3.11.10/jooq-meta-3.11.10.jar:/home/runner/.m2/repository/org/jooq/jooq-codegen/3.11.10/jooq-codegen-3.11.10.jar:/home/runner/.m2/repository/com/jolbox/bonecp/0.8.0.RELEASE/bonecp-0.8.0.RELEASE.jar:/home/runner/.m2/repository/org/apache/derby/derby/10.14.2.0/derby-10.14.2.0.jar:/home/runner/.m2/repository/org/xerial/sqlite-jdbc/3.25.2/sqlite-jdbc-3.25.2.jar:/home/runner/.m2/repository/org/springframework/spring-jdbc/5.2.18.RELEASE/spring-jdbc-5.2.18.RELEASE.jar:/home/runner/.m2/repository/org/springframework/spring-beans/5.2.18.RELEASE/spring-beans-5.2.18.RELEASE.jar:/home/runner/.m2/repository/org/springframework/spring-core/5.2.18.RELEASE/spring-core-5.2.18.RELEASE.jar:/home/runner/.m2/repository/org/springframework/spring-jcl/5.2.18.RELEASE/spring-jcl-5.2.18.RELEASE.jar:/home/runner/.m2/repository/org/springframework/spring-tx/5.2.18.RELEASE/spring-tx-5.2.18.RELEASE.jar:/home/runner/.m2/repository/org/apache/ozone/ozone-client/1.3.0-SNAPSHOT/ozone-client-1.3.0-SNAPSHOT.jar:/home/runner/.m2/repository/org/apache/ozone/ozone-filesystem/1.3.0-SNAPSHOT/ozone-filesystem-1.3.0-SNAPSHOT.jar:/home/runner/.m2/repository/org/apache/ozone/ozone-filesystem-common/1.3.0-SNAPSHOT/ozone-filesystem-common-1.3.0-SNAPSHOT.jar:/home/runner/.m2/repository/org/apache/ozone/ozone-tools/1.3.0-SNAPSHOT/ozone-tools-1.3.0-SNAPSHOT.jar:/home/runner/.m2/repository/org/apache/ratis/ratis-tools/2.2.0/ratis-tools-2.2.0.jar:/home/runner/.m2/repository/com/amazonaws/aws-java-sdk-core/1.11.1034/aws-java-sdk-core-1.11.1034.jar:/home/runner/.m2/repository/org/apache/httpcomponents/httpclient/4.5.13/httpclient-4.5.13.jar:/home/runner/.m2/repository/org/apache/httpcomponents/httpcore/4.4.13/httpcore-4.4.13.jar:/home/runner/.m2/repository/software/amazon/ion/ion-java/1.0.2/ion-java-1.0.2.jar:/home/runner/.m2/repository/com/fasterxml/jackson/dataformat/jackson-dataformat-cbor/2.12.1/jackson-dataformat-cbor-2.12.1.jar:/home/runner/.m2/repository/joda-time/joda-time/2.8.1/joda-time-2.8.1.jar:/home/runner/.m2/repository/com/amazonaws/aws-java-sdk-s3/1.11.1034/aws-java-sdk-s3-1.11.1034.jar:/home/runner/.m2/repository/com/amazonaws/aws-java-sdk-kms/1.11.1034/aws-java-sdk-kms-1.11.1034.jar:/home/runner/.m2/repository/com/amazonaws/jmespath-java/1.11.1034/jmespath-java-1.11.1034.jar:/home/runner/.m2/repository/org/kohsuke/metainf-services/metainf-services/1.8/metainf-services-1.8.jar:/home/runner/.m2/repository/org/apache/ozone/hdds-tools/1.3.0-SNAPSHOT/hdds-tools-1.3.0-SNAPSHOT.jar:/home/runner/.m2/repository/commons-cli/commons-cli/1.2/commons-cli-1.2.jar:/home/runner/.m2/repository/org/apache/commons/commons-lang3/3.7/commons-lang3-3.7.jar:/home/runner/.m2/repository/org/apache/ozone/ozone-manager/1.3.0-SNAPSHOT/ozone-manager-1.3.0-SNAPSHOT-tests.jar:/home/runner/.m2/repository/org/apache/ozone/hdds-common/1.3.0-SNAPSHOT/hdds-common-1.3.0-SNAPSHOT-tests.jar:/home/runner/.m2/repository/org/apache/ozone/hdds-hadoop-dependency-client/1.3.0-SNAPSHOT/hdds-hadoop-dependency-client-1.3.0-SNAPSHOT.jar:/home/runner/.m2/repository/info/picocli/picocli/4.6.1/picocli-4.6.1.jar:/home/runner/.m2/repository/com/fasterxml/jackson/core/jackson-annotations/2.12.1/jackson-annotations-2.12.1.jar:/home/runner/.m2/repository/javax/annotation/javax.annotation-api/1.2/javax.annotation-api-1.2.jar:/home/runner/.m2/repository/org/apache/ratis/ratis-server/2.2.0/ratis-server-2.2.0.jar:/home/runner/.m2/repository/org/apache/ratis/ratis-client/2.2.0/ratis-client-2.2.0.jar:/home/runner/.m2/repository/org/apache/ratis/ratis-server-api/2.2.0/ratis-server-api-2.2.0.jar:/home/runner/.m2/repository/org/apache/ratis/ratis-metrics/2.2.0/ratis-metrics-2.2.0.jar:/home/runner/.m2/repository/org/apache/ratis/ratis-netty/2.2.0/ratis-netty-2.2.0.jar:/home/runner/.m2/repository/org/apache/ratis/ratis-grpc/2.2.0/ratis-grpc-2.2.0.jar:/home/runner/.m2/repository/org/apache/logging/log4j/log4j-api/2.13.3/log4j-api-2.13.3.jar:/home/runner/.m2/repository/org/apache/logging/log4j/log4j-core/2.13.3/log4j-core-2.13.3.jar:/home/runner/.m2/repository/com/lmax/disruptor/3.4.2/disruptor-3.4.2.jar:/home/runner/.m2/repository/org/apache/commons/commons-pool2/2.6.0/commons-pool2-2.6.0.jar:/home/runner/.m2/repository/org/bouncycastle/bcpkix-jdk15on/1.67/bcpkix-jdk15on-1.67.jar:/home/runner/.m2/repository/commons-validator/commons-validator/1.6/commons-validator-1.6.jar:/home/runner/.m2/repository/commons-beanutils/commons-beanutils/1.9.4/commons-beanutils-1.9.4.jar:/home/runner/.m2/repository/commons-digester/commons-digester/1.8.1/commons-digester-1.8.1.jar:/home/runner/.m2/repository/commons-collections/commons-collections/3.2.2/commons-collections-3.2.2.jar:/home/runner/.m2/repository/io/jaegertracing/jaeger-client/1.6.0/jaeger-client-1.6.0.jar:/home/runner/.m2/repository/io/jaegertracing/jaeger-thrift/1.6.0/jaeger-thrift-1.6.0.jar:/home/runner/.m2/repository/org/apache/thrift/libthrift/0.14.1/libthrift-0.14.1.jar:/home/runner/.m2/repository/com/squareup/okhttp3/okhttp/4.9.0/okhttp-4.9.0.jar:/home/runner/.m2/repository/com/squareup/okio/okio/2.8.0/okio-2.8.0.jar:/home/runner/.m2/repository/io/jaegertracing/jaeger-core/1.6.0/jaeger-core-1.6.0.jar:/home/runner/.m2/repository/io/jaegertracing/jaeger-tracerresolver/1.6.0/jaeger-tracerresolver-1.6.0.jar:/home/runner/.m2/repository/io/opentracing/contrib/opentracing-tracerresolver/0.1.8/opentracing-tracerresolver-0.1.8.jar:/home/runner/.m2/repository/org/jetbrains/kotlin/kotlin-stdlib/1.4.31/kotlin-stdlib-1.4.31.jar:/home/runner/.m2/repository/org/jetbrains/kotlin/kotlin-stdlib-common/1.4.31/kotlin-stdlib-common-1.4.31.jar:/home/runner/.m2/repository/org/jetbrains/annotations/13.0/annotations-13.0.jar:/home/runner/.m2/repository/io/opentracing/opentracing-util/0.33.0/opentracing-util-0.33.0.jar:/home/runner/.m2/repository/io/opentracing/opentracing-api/0.33.0/opentracing-api-0.33.0.jar:/home/runner/.m2/repository/io/opentracing/opentracing-noop/0.33.0/opentracing-noop-0.33.0.jar:/home/runner/.m2/repository/org/yaml/snakeyaml/1.26/snakeyaml-1.26.jar:/home/runner/.m2/repository/org/apache/ozone/hdds-interface-admin/1.3.0-SNAPSHOT/hdds-interface-admin-1.3.0-SNAPSHOT.jar:/home/runner/.m2/repository/junit/junit/4.13.1/junit-4.13.1.jar:/home/runner/.m2/repository/org/hamcrest/hamcrest-core/1.3/hamcrest-core-1.3.jar:/home/runner/.m2/repository/org/junit/jupiter/junit-jupiter-api/5.7.0/junit-jupiter-api-5.7.0.jar:/home/runner/.m2/repository/org/apiguardian/apiguardian-api/1.1.0/apiguardian-api-1.1.0.jar:/home/runner/.m2/repository/org/opentest4j/opentest4j/1.2.0/opentest4j-1.2.0.jar:/home/runner/.m2/repository/org/junit/platform/junit-platform-commons/1.7.0/junit-platform-commons-1.7.0.jar:/home/runner/.m2/repository/org/junit/jupiter/junit-jupiter-engine/5.7.0/junit-jupiter-engine-5.7.0.jar:/home/runner/.m2/repository/org/junit/platform/junit-platform-engine/1.7.0/junit-platform-engine-1.7.0.jar:/home/runner/.m2/repository/org/junit/vintage/junit-vintage-engine/5.7.0/junit-vintage-engine-5.7.0.jar:/home/runner/.m2/repository/org/junit/platform/junit-platform-launcher/1.7.0/junit-platform-launcher-1.7.0.jar:/home/runner/.m2/repository/org/openjdk/jmh/jmh-core/1.19/jmh-core-1.19.jar:/home/runner/.m2/repository/net/sf/jopt-simple/jopt-simple/4.6/jopt-simple-4.6.jar:/home/runner/.m2/repository/org/apache/commons/commons-math3/3.1.1/commons-math3-3.1.1.jar:/home/runner/.m2/repository/org/openjdk/jmh/jmh-generator-annprocess/1.19/jmh-generator-annprocess-1.19.jar:/home/runner/.m2/repository/org/mockito/mockito-core/2.28.2/mockito-core-2.28.2.jar:/home/runner/.m2/repository/net/bytebuddy/byte-buddy/1.9.10/byte-buddy-1.9.10.jar:/home/runner/.m2/repository/net/bytebuddy/byte-buddy-agent/1.9.10/byte-buddy-agent-1.9.10.jar:/home/runner/.m2/repository/org/objenesis/objenesis/1.0/objenesis-1.0.jar:/home/runner/.m2/repository/org/apache/hadoop/hadoop-kms/3.3.1/hadoop-kms-3.3.1.jar:/home/runner/.m2/repository/org/apache/hadoop/hadoop-auth/3.3.1/hadoop-auth-3.3.1.jar:/home/runner/.m2/repository/com/nimbusds/nimbus-jose-jwt/7.9/nimbus-jose-jwt-7.9.jar:/home/runner/.m2/repository/com/github/stephenc/jcip/jcip-annotations/1.0-1/jcip-annotations-1.0-1.jar:/home/runner/.m2/repository/net/minidev/json-smart/2.3.1/json-smart-2.3.1.jar:/home/runner/.m2/repository/net/minidev/accessors-smart/2.3.1/accessors-smart-2.3.1.jar:/home/runner/.m2/repository/org/ow2/asm/asm/5.0.4/asm-5.0.4.jar:/home/runner/.m2/repository/org/apache/zookeeper/zookeeper/3.5.6/zookeeper-3.5.6.jar:/home/runner/.m2/repository/org/apache/zookeeper/zookeeper-jute/3.5.6/zookeeper-jute-3.5.6.jar:/home/runner/.m2/repository/org/apache/yetus/audience-annotations/0.5.0/audience-annotations-0.5.0.jar:/home/runner/.m2/repository/org/apache/curator/curator-framework/4.2.0/curator-framework-4.2.0.jar:/home/runner/.m2/repository/org/apache/hadoop/thirdparty/hadoop-shaded-guava/1.1.1/hadoop-shaded-guava-1.1.1.jar:/home/runner/.m2/repository/com/sun/jersey/jersey-core/1.19/jersey-core-1.19.jar:/home/runner/.m2/repository/javax/ws/rs/jsr311-api/1.1.1/jsr311-api-1.1.1.jar:/home/runner/.m2/repository/com/sun/jersey/jersey-server/1.19/jersey-server-1.19.jar:/home/runner/.m2/repository/javax/servlet/javax.servlet-api/3.1.0/javax.servlet-api-3.1.0.jar:/home/runner/.m2/repository/org/eclipse/jetty/jetty-server/9.4.43.v20210629/jetty-server-9.4.43.v20210629.jar:/home/runner/.m2/repository/org/eclipse/jetty/jetty-http/9.4.43.v20210629/jetty-http-9.4.43.v20210629.jar:/home/runner/.m2/repository/org/eclipse/jetty/jetty-io/9.4.43.v20210629/jetty-io-9.4.43.v20210629.jar:/home/runner/.m2/repository/org/eclipse/jetty/jetty-webapp/9.4.43.v20210629/jetty-webapp-9.4.43.v20210629.jar:/home/runner/.m2/repository/org/eclipse/jetty/jetty-xml/9.4.43.v20210629/jetty-xml-9.4.43.v20210629.jar:/home/runner/.m2/repository/org/apache/hadoop/hadoop-common/3.3.1/hadoop-common-3.3.1.jar:/home/runner/.m2/repository/commons-net/commons-net/3.6/commons-net-3.6.jar:/home/runner/.m2/repository/jakarta/activation/jakarta.activation-api/1.2.1/jakarta.activation-api-1.2.1.jar:/home/runner/.m2/repository/com/sun/jersey/jersey-servlet/1.19/jersey-servlet-1.19.jar:/home/runner/.m2/repository/com/sun/jersey/jersey-json/1.19/jersey-json-1.19.jar:/home/runner/.m2/repository/org/codehaus/jettison/jettison/1.1/jettison-1.1.jar:/home/runner/.m2/repository/com/sun/xml/bind/jaxb-impl/2.2.3-1/jaxb-impl-2.2.3-1.jar:/home/runner/.m2/repository/org/codehaus/jackson/jackson-jaxrs/1.9.2/jackson-jaxrs-1.9.2.jar:/home/runner/.m2/repository/org/codehaus/jackson/jackson-xc/1.9.2/jackson-xc-1.9.2.jar:/home/runner/.m2/repository/org/apache/commons/commons-configuration2/2.1.1/commons-configuration2-2.1.1.jar:/home/runner/.m2/repository/org/apache/commons/commons-text/1.4/commons-text-1.4.jar:/home/runner/.m2/repository/com/google/re2j/re2j/1.1/re2j-1.1.jar:/home/runner/.m2/repository/com/jcraft/jsch/0.1.54/jsch-0.1.54.jar:/home/runner/.m2/repository/org/apache/curator/curator-client/4.2.0/curator-client-4.2.0.jar:/home/runner/.m2/repository/org/apache/curator/curator-recipes/4.2.0/curator-recipes-4.2.0.jar:/home/runner/.m2/repository/org/apache/kerby/kerb-core/1.0.1/kerb-core-1.0.1.jar:/home/runner/.m2/repository/org/apache/kerby/kerby-pkix/1.0.1/kerby-pkix-1.0.1.jar:/home/runner/.m2/repository/org/apache/kerby/kerby-asn1/1.0.1/kerby-asn1-1.0.1.jar:/home/runner/.m2/repository/org/apache/kerby/kerby-util/1.0.1/kerby-util-1.0.1.jar:/home/runner/.m2/repository/dnsjava/dnsjava/2.1.7/dnsjava-2.1.7.jar:/home/runner/.m2/repository/org/xerial/snappy/snappy-java/1.1.8.2/snappy-java-1.1.8.2.jar:/home/runner/.m2/repository/org/slf4j/jul-to-slf4j/1.7.30/jul-to-slf4j-1.7.30.jar:/home/runner/.m2/repository/org/eclipse/jetty/jetty-util/9.4.43.v20210629/jetty-util-9.4.43.v20210629.jar:/home/runner/.m2/repository/com/fasterxml/jackson/core/jackson-databind/2.12.1/jackson-databind-2.12.1.jar:/home/runner/.m2/repository/org/apache/hadoop/hadoop-kms/3.3.1/hadoop-kms-3.3.1-tests.jar:/home/runner/.m2/repository/org/apache/ozone/hdds-server-scm/1.3.0-SNAPSHOT/hdds-server-scm-1.3.0-SNAPSHOT-tests.jar:/home/runner/.m2/repository/org/apache/ozone/hdds-container-service/1.3.0-SNAPSHOT/hdds-container-service-1.3.0-SNAPSHOT-tests.jar:/home/runner/.m2/repository/commons-codec/commons-codec/1.11/commons-codec-1.11.jar:/home/runner/.m2/repository/io/netty/netty-transport/4.1.63.Final/netty-transport-4.1.63.Final.jar:/home/runner/.m2/repository/io/netty/netty-resolver/4.1.63.Final/netty-resolver-4.1.63.Final.jar:/home/runner/.m2/repository/io/netty/netty-codec/4.1.63.Final/netty-codec-4.1.63.Final.jar:/home/runner/.m2/repository/io/netty/netty-handler/4.1.63.Final/netty-handler-4.1.63.Final.jar:/home/runner/.m2/repository/org/apache/ozone/hdds-hadoop-dependency-test/1.3.0-SNAPSHOT/hdds-hadoop-dependency-test-1.3.0-SNAPSHOT.jar:/home/runner/.m2/repository/org/apache/hadoop/hadoop-common/3.3.1/hadoop-common-3.3.1-tests.jar:/home/runner/.m2/repository/org/assertj/assertj-core/3.12.2/assertj-core-3.12.2.jar:/home/runner/.m2/repository/org/apache/hadoop/hadoop-hdfs/3.3.1/hadoop-hdfs-3.3.1-tests.jar:/home/runner/.m2/repository/org/eclipse/jetty/jetty-util-ajax/9.4.43.v20210629/jetty-util-ajax-9.4.43.v20210629.jar:/home/runner/.m2/repository/commons-daemon/commons-daemon/1.0.13/commons-daemon-1.0.13.jar:/home/runner/.m2/repository/io/netty/netty/3.10.6.Final/netty-3.10.6.Final.jar:/home/runner/.m2/repository/io/netty/netty-all/4.1.63.Final/netty-all-4.1.63.Final.jar:/home/runner/.m2/repository/org/apache/htrace/htrace-core4/4.1.0-incubating/htrace-core4-4.1.0-incubating.jar:/home/runner/.m2/repository/org/fusesource/leveldbjni/leveldbjni-all/1.8/leveldbjni-all-1.8.jar:/home/runner/.m2/repository/org/apache/hadoop/hadoop-distcp/3.3.1/hadoop-distcp-3.3.1.jar:/home/runner/.m2/repository/org/apache/hadoop/hadoop-mapreduce-client-jobclient/3.3.1/hadoop-mapreduce-client-jobclient-3.3.1.jar:/home/runner/.m2/repository/org/apache/hadoop/hadoop-mapreduce-client-common/3.3.1/hadoop-mapreduce-client-common-3.3.1.jar:/home/runner/.m2/repository/org/apache/hadoop/hadoop-yarn-common/3.3.1/hadoop-yarn-common-3.3.1.jar:/home/runner/.m2/repository/org/apache/hadoop/hadoop-yarn-api/3.3.1/hadoop-yarn-api-3.3.1.jar:/home/runner/.m2/repository/com/sun/jersey/jersey-client/1.19/jersey-client-1.19.jar:/home/runner/.m2/repository/com/sun/jersey/contribs/jersey-guice/1.19/jersey-guice-1.19.jar:/home/runner/.m2/repository/com/fasterxml/jackson/jaxrs/jackson-jaxrs-json-provider/2.12.1/jackson-jaxrs-json-provider-2.12.1.jar:/home/runner/.m2/repository/com/fasterxml/jackson/jaxrs/jackson-jaxrs-base/2.12.1/jackson-jaxrs-base-2.12.1.jar:/home/runner/.m2/repository/org/apache/hadoop/hadoop-yarn-client/3.3.1/hadoop-yarn-client-3.3.1.jar:/home/runner/.m2/repository/org/eclipse/jetty/websocket/websocket-client/9.4.40.v20210413/websocket-client-9.4.40.v20210413.jar:/home/runner/.m2/repository/org/eclipse/jetty/jetty-client/9.4.40.v20210413/jetty-client-9.4.40.v20210413.jar:/home/runner/.m2/repository/org/eclipse/jetty/websocket/websocket-common/9.4.40.v20210413/websocket-common-9.4.40.v20210413.jar:/home/runner/.m2/repository/org/eclipse/jetty/websocket/websocket-api/9.4.40.v20210413/websocket-api-9.4.40.v20210413.jar:/home/runner/.m2/repository/org/jline/jline/3.9.0/jline-3.9.0.jar:/home/runner/.m2/repository/org/apache/hadoop/hadoop-mapreduce-client-core/3.3.1/hadoop-mapreduce-client-core-3.3.1.jar:/home/runner/.m2/repository/org/apache/avro/avro/1.7.7/avro-1.7.7.jar:/home/runner/.m2/repository/org/codehaus/jackson/jackson-core-asl/1.9.13/jackson-core-asl-1.9.13.jar:/home/runner/.m2/repository/org/codehaus/jackson/jackson-mapper-asl/1.9.13/jackson-mapper-asl-1.9.13.jar:/home/runner/.m2/repository/com/thoughtworks/paranamer/paranamer/2.3/paranamer-2.3.jar:/home/runner/.m2/repository/org/apache/hadoop/hadoop-annotations/3.3.1/hadoop-annotations-3.3.1.jar:/usr/lib/jvm/adoptopenjdk-8-hotspot-amd64/jre/../lib/tools.jar:/home/runner/.m2/repository/org/apache/hadoop/hadoop-distcp/3.3.1/hadoop-distcp-3.3.1-tests.jar:/home/runner/.m2/repository/org/apache/ratis/ratis-common/2.2.0/ratis-common-2.2.0.jar:/home/runner/.m2/repository/org/apache/ratis/ratis-thirdparty-misc/0.7.0/ratis-thirdparty-misc-0.7.0.jar:/home/runner/.m2/repository/org/apache/ratis/ratis-proto/2.2.0/ratis-proto-2.2.0.jar:"/>
    <property name="sun.cpu.endian" value="little"/>
    <property name="user.home" value="/home/runner"/>
    <property name="user.language" value="en"/>
    <property name="java.specification.vendor" value="Oracle Corporation"/>
    <property name="java.home" value="/usr/lib/jvm/adoptopenjdk-8-hotspot-amd64/jre"/>
    <property name="java.security.krb5.conf" value="/home/runner/work/ozone/ozone/hadoop-ozone/integration-test/target/test-classes/krb5.conf"/>
    <property name="basedir" value="/home/runner/work/ozone/ozone/hadoop-ozone/integration-test"/>
    <property name="file.separator" value="/"/>
    <property name="line.separator" value="&#10;"/>
    <property name="java.vm.specification.vendor" value="Oracle Corporation"/>
    <property name="java.specification.name" value="Java Platform API Specification"/>
    <property name="java.awt.graphicsenv" value="sun.awt.X11GraphicsEnvironment"/>
    <property name="skip.installnpx" value="true"/>
    <property name="surefire.real.class.path" value="/home/runner/work/ozone/ozone/hadoop-ozone/integration-test/target/surefire/surefirebooter6797985595316148531.jar:/home/runner/.m2/repository/org/jacoco/org.jacoco.agent/0.8.5/org.jacoco.agent-0.8.5-runtime.jar"/>
    <property name="hadoop.log.dir" value="/home/runner/work/ozone/ozone/hadoop-ozone/integration-test/target/log"/>
    <property name="sun.boot.class.path" value="/usr/lib/jvm/adoptopenjdk-8-hotspot-amd64/jre/lib/resources.jar:/usr/lib/jvm/adoptopenjdk-8-hotspot-amd64/jre/lib/rt.jar:/usr/lib/jvm/adoptopenjdk-8-hotspot-amd64/jre/lib/sunrsasign.jar:/usr/lib/jvm/adoptopenjdk-8-hotspot-amd64/jre/lib/jsse.jar:/usr/lib/jvm/adoptopenjdk-8-hotspot-amd64/jre/lib/jce.jar:/usr/lib/jvm/adoptopenjdk-8-hotspot-amd64/jre/lib/charsets.jar:/usr/lib/jvm/adoptopenjdk-8-hotspot-amd64/jre/lib/jfr.jar:/usr/lib/jvm/adoptopenjdk-8-hotspot-amd64/jre/classes"/>
    <property name="sun.management.compiler" value="HotSpot 64-Bit Tiered Compilers"/>
    <property name="skip.npx" value="true"/>
    <property name="java.runtime.version" value="1.8.0_292-b10"/>
    <property name="java.net.preferIPv4Stack" value="true"/>
    <property name="user.name" value="runner"/>
    <property name="path.separator" value=":"/>
    <property name="java.security.egd" value="file:///dev/urandom"/>
    <property name="os.version" value="5.4.0-1063-azure"/>
    <property name="java.endorsed.dirs" value="/usr/lib/jvm/adoptopenjdk-8-hotspot-amd64/jre/lib/endorsed"/>
    <property name="java.runtime.name" value="OpenJDK Runtime Environment"/>
    <property name="file.encoding" value="UTF-8"/>
    <property name="java.vm.name" value="OpenJDK 64-Bit Server VM"/>
    <property name="test.build.webapps" value=""/>
    <property name="localRepository" value="/home/runner/.m2/repository"/>
    <property name="java.vendor.url.bug" value="https://github.com/AdoptOpenJDK/openjdk-support/issues"/>
    <property name="java.io.tmpdir" value="/tmp"/>
    <property name="require.test.libhadoop" value=""/>
    <property name="java.version" value="1.8.0_292"/>
    <property name="user.dir" value="/home/runner/work/ozone/ozone/hadoop-ozone/integration-test"/>
    <property name="os.arch" value="amd64"/>
    <property name="java.vm.specification.name" value="Java Virtual Machine Specification"/>
    <property name="test.build.classes" value="/home/runner/work/ozone/ozone/hadoop-ozone/integration-test/target/test-classes"/>
    <property name="java.awt.printerjob" value="sun.print.PSPrinterJob"/>
    <property name="sun.os.patch.level" value="unknown"/>
    <property name="hadoop.tmp.dir" value="/home/runner/work/ozone/ozone/hadoop-ozone/integration-test/target/tmp"/>
    <property name="java.library.path" value="/usr/java/packages/lib/amd64:/usr/lib64:/lib64:/lib:/usr/lib"/>
    <property name="java.vm.info" value="mixed mode"/>
    <property name="java.vendor" value="AdoptOpenJDK"/>
    <property name="java.vm.version" value="25.292-b10"/>
    <property name="java.ext.dirs" value="/usr/lib/jvm/adoptopenjdk-8-hotspot-amd64/jre/lib/ext:/usr/java/packages/lib/ext"/>
    <property name="sun.io.unicode.encoding" value="UnicodeLittle"/>
    <property name="java.class.version" value="52.0"/>
  </properties>
  <testcase name="test2DatanodesFailure" classname="org.apache.hadoop.ozone.client.rpc.TestBlockOutputStreamWithFailures" time="89.445"/>
  <testcase name="testDatanodeFailureWithPreAllocation" classname="org.apache.hadoop.ozone.client.rpc.TestBlockOutputStreamWithFailures" time="109.562"/>
  <testcase name="testDatanodeFailureWithSingleNodeRatis" classname="org.apache.hadoop.ozone.client.rpc.TestBlockOutputStreamWithFailures" time="109.427"/>
  <testcase name="testWatchForCommitDatanodeFailure" classname="org.apache.hadoop.ozone.client.rpc.TestBlockOutputStreamWithFailures" time="57.914"/>
  <testcase name="testContainerClose" classname="org.apache.hadoop.ozone.client.rpc.TestBlockOutputStreamWithFailures" time="85.099">
    <failure message="expected:&lt;2&gt; but was:&lt;3&gt;" type="java.lang.AssertionError"><![CDATA[java.lang.AssertionError: expected:<2> but was:<3>
	at org.junit.Assert.fail(Assert.java:89)
	at org.junit.Assert.failNotEquals(Assert.java:835)
	at org.junit.Assert.assertEquals(Assert.java:647)
	at org.junit.Assert.assertEquals(Assert.java:633)
	at org.apache.hadoop.ozone.client.rpc.TestBlockOutputStreamWithFailures.testWatchForCommitWithCloseContainerException(TestBlockOutputStreamWithFailures.java:239)
	at org.apache.hadoop.ozone.client.rpc.TestBlockOutputStreamWithFailures.testContainerClose(TestBlockOutputStreamWithFailures.java:165)
	at sun.reflect.NativeMethodAccessorImpl.invoke0(Native Method)
	at sun.reflect.NativeMethodAccessorImpl.invoke(NativeMethodAccessorImpl.java:62)
	at sun.reflect.DelegatingMethodAccessorImpl.invoke(DelegatingMethodAccessorImpl.java:43)
	at java.lang.reflect.Method.invoke(Method.java:498)
	at org.junit.runners.model.FrameworkMethod$1.runReflectiveCall(FrameworkMethod.java:59)
	at org.junit.internal.runners.model.ReflectiveCallable.run(ReflectiveCallable.java:12)
	at org.junit.runners.model.FrameworkMethod.invokeExplosively(FrameworkMethod.java:56)
	at org.junit.internal.runners.statements.InvokeMethod.evaluate(InvokeMethod.java:17)
	at org.junit.internal.runners.statements.RunBefores.evaluate(RunBefores.java:26)
	at org.junit.internal.runners.statements.RunAfters.evaluate(RunAfters.java:27)
	at org.junit.internal.runners.statements.FailOnTimeout$CallableStatement.call(FailOnTimeout.java:288)
	at org.junit.internal.runners.statements.FailOnTimeout$CallableStatement.call(FailOnTimeout.java:282)
	at java.util.concurrent.FutureTask.run(FutureTask.java:266)
	at java.lang.Thread.run(Thread.java:748)
]]></failure>
    <system-out><![CDATA[2021-12-02 14:31:21,331 [Time-limited test] WARN  server.ServerUtils (ServerUtils.java:getScmDbDir(148)) - ozone.scm.db.dirs is not configured. We recommend adding this setting. Falling back to ozone.metadata.dirs instead.
2021-12-02 14:31:21,346 [Time-limited test] INFO  ha.SCMHANodeDetails (SCMHANodeDetails.java:loadSCMHAConfig(157)) - ServiceID for StorageContainerManager is null
2021-12-02 14:31:21,346 [Time-limited test] INFO  ha.SCMHANodeDetails (SCMHANodeDetails.java:loadSCMHAConfig(162)) - ozone.scm.default.service.id is not defined, falling back to ozone.scm.service.ids to find serviceID for StorageContainerManager if it is HA enabled cluster
2021-12-02 14:31:21,348 [Time-limited test] WARN  server.ServerUtils (ServerUtils.java:getScmDbDir(148)) - ozone.scm.db.dirs is not configured. We recommend adding this setting. Falling back to ozone.metadata.dirs instead.
2021-12-02 14:31:21,349 [Time-limited test] INFO  upgrade.AbstractLayoutVersionManager (AbstractLayoutVersionManager.java:init(79)) - Initializing Layout version manager with metadata layout = SCM_HA (version = 2), software layout = SCM_HA (version = 2)
2021-12-02 14:31:21,401 [Time-limited test] INFO  reflections.Reflections (Reflections.java:scan(232)) - Reflections took 51 ms to scan 7 urls, producing 119 keys and 279 values 
2021-12-02 14:31:21,402 [Time-limited test] WARN  utils.HAUtils (HAUtils.java:getMetaDir(342)) - ozone.scm.db.dirs is not configured. We recommend adding this setting. Falling back to ozone.metadata.dirs instead.
2021-12-02 14:31:21,406 [Time-limited test] WARN  db.DBStoreBuilder (DBStoreBuilder.java:applyDBDefinition(145)) - ozone.scm.db.dirs is not configured. We recommend adding this setting. Falling back to ozone.metadata.dirs instead.
2021-12-02 14:31:21,642 [Time-limited test] INFO  net.NodeSchemaLoader (NodeSchemaLoader.java:loadSchemaFromFile(129)) - Loading schema from [jar:file:/home/runner/.m2/repository/org/apache/ozone/hdds-common/1.3.0-SNAPSHOT/hdds-common-1.3.0-SNAPSHOT.jar!/network-topology-default.xml]
2021-12-02 14:31:21,642 [Time-limited test] INFO  net.NodeSchemaLoader (NodeSchemaLoader.java:loadSchema(176)) - Loading network topology layer schema file
2021-12-02 14:31:21,664 [Time-limited test] WARN  impl.MetricRegistriesImpl (MetricRegistriesImpl.java:addReporterRegistration(111)) - New reporters are added after registries were created. Some metrics will be missing from the reporter. Please add reporter before adding any new registry.
2021-12-02 14:31:21,664 [Time-limited test] WARN  impl.MetricRegistriesImpl (MetricRegistriesImpl.java:addReporterRegistration(111)) - New reporters are added after registries were created. Some metrics will be missing from the reporter. Please add reporter before adding any new registry.
2021-12-02 14:31:21,665 [Time-limited test] INFO  ha.SequenceIdGenerator (SequenceIdGenerator.java:upgradeToSequenceId(347)) - upgrade localId to 107544261427200000
2021-12-02 14:31:21,665 [Time-limited test] INFO  ha.SequenceIdGenerator (SequenceIdGenerator.java:upgradeToSequenceId(357)) - upgrade delTxnId to 0
2021-12-02 14:31:21,665 [Time-limited test] INFO  ha.SequenceIdGenerator (SequenceIdGenerator.java:upgradeToSequenceId(371)) - upgrade containerId to 0
2021-12-02 14:31:21,665 [Time-limited test] INFO  ha.SequenceIdGenerator (SequenceIdGenerator.java:<init>(218)) - Init the HA SequenceIdGenerator.
2021-12-02 14:31:21,666 [Time-limited test] WARN  server.ServerUtils (ServerUtils.java:sanitizeUserArgs(67)) - ozone.scm.dead.node.interval value = 10000 is smaller than min = 20000 based on the key value of ozone.scm.stale.node.interval, reset to the min value 20000.
2021-12-02 14:31:21,721 [Time-limited test] INFO  node.SCMNodeManager (SCMNodeManager.java:<init>(144)) - Entering startup safe mode.
2021-12-02 14:31:21,722 [Time-limited test] INFO  algorithms.ContainerPlacementPolicyFactory (ContainerPlacementPolicyFactory.java:getPolicy(60)) - Create container placement policy of type org.apache.hadoop.hdds.scm.container.placement.algorithms.SCMContainerPlacementRandom
2021-12-02 14:31:21,722 [Time-limited test] INFO  pipeline.PipelineStateManagerImpl (PipelineStateManagerImpl.java:initialize(78)) - No pipeline exists in current db
2021-12-02 14:31:21,722 [Time-limited test] INFO  algorithms.LeaderChoosePolicyFactory (LeaderChoosePolicyFactory.java:getPolicy(57)) - Create leader choose policy of type org.apache.hadoop.hdds.scm.pipeline.leader.choose.algorithms.MinLeaderCountChoosePolicy
2021-12-02 14:31:21,722 [Time-limited test] INFO  ha.SCMServiceManager (SCMServiceManager.java:register(43)) - Registering service BackgroundPipelineCreator.
2021-12-02 14:31:21,722 [Time-limited test] INFO  pipeline.BackgroundPipelineCreator (BackgroundPipelineCreator.java:start(130)) - Starting RatisPipelineUtilsThread.
2021-12-02 14:31:21,723 [Time-limited test] INFO  algorithms.PipelineChoosePolicyFactory (PipelineChoosePolicyFactory.java:createPipelineChoosePolicyFromClass(73)) - Create pipeline choose policy of type org.apache.hadoop.hdds.scm.pipeline.choose.algorithms.RandomPipelineChoosePolicy
2021-12-02 14:31:21,723 [Time-limited test] INFO  ha.SCMServiceManager (SCMServiceManager.java:register(43)) - Registering service SCMBlockDeletingService.
2021-12-02 14:31:21,723 [Time-limited test] INFO  ha.SCMServiceManager (SCMServiceManager.java:register(43)) - Registering service ReplicationManager.
2021-12-02 14:31:21,723 [Time-limited test] INFO  container.ReplicationManager (ReplicationManager.java:start(319)) - Starting Replication Monitor Thread.
2021-12-02 14:31:21,725 [Time-limited test] INFO  safemode.ContainerSafeModeRule (ContainerSafeModeRule.java:<init>(89)) - containers with one replica threshold count 0
2021-12-02 14:31:21,725 [Time-limited test] INFO  safemode.HealthyPipelineSafeModeRule (HealthyPipelineSafeModeRule.java:initializeRule(156)) - Total pipeline count is 0, healthy pipeline threshold count is 1
2021-12-02 14:31:21,725 [Time-limited test] INFO  safemode.OneReplicaPipelineSafeModeRule (OneReplicaPipelineSafeModeRule.java:initializeRule(180)) - Total pipeline count is 0, pipeline's with at least one datanode reported threshold count is 0
2021-12-02 14:31:21,726 [Time-limited test] INFO  ipc.CallQueueManager (CallQueueManager.java:<init>(90)) - Using callQueue: class java.util.concurrent.LinkedBlockingQueue, queueCapacity: 2000, scheduler: class org.apache.hadoop.ipc.DefaultRpcScheduler, ipcBackoff: false.
2021-12-02 14:31:21,726 [Socket Reader #1 for port 0] INFO  ipc.Server (Server.java:run(1265)) - Starting Socket Reader #1 for port 0
2021-12-02 14:31:21,727 [Listener at 0.0.0.0/33397] INFO  ipc.CallQueueManager (CallQueueManager.java:<init>(90)) - Using callQueue: class java.util.concurrent.LinkedBlockingQueue, queueCapacity: 2000, scheduler: class org.apache.hadoop.ipc.DefaultRpcScheduler, ipcBackoff: false.
2021-12-02 14:31:21,741 [Socket Reader #1 for port 0] INFO  ipc.Server (Server.java:run(1265)) - Starting Socket Reader #1 for port 0
2021-12-02 14:31:21,741 [Listener at 0.0.0.0/40913] INFO  ipc.CallQueueManager (CallQueueManager.java:<init>(90)) - Using callQueue: class java.util.concurrent.LinkedBlockingQueue, queueCapacity: 2000, scheduler: class org.apache.hadoop.ipc.DefaultRpcScheduler, ipcBackoff: false.
2021-12-02 14:31:21,751 [Socket Reader #1 for port 0] INFO  ipc.Server (Server.java:run(1265)) - Starting Socket Reader #1 for port 0
2021-12-02 14:31:21,760 [ReplicationMonitor] INFO  container.ReplicationManager (ReplicationManager.java:processAll(371)) - Replication Monitor Thread took 0 milliseconds for processing 0 containers.
2021-12-02 14:31:21,817 [Listener at 0.0.0.0/36007] INFO  algorithms.ContainerPlacementPolicyFactory (ContainerPlacementPolicyFactory.java:getPolicy(60)) - Create container placement policy of type org.apache.hadoop.hdds.scm.container.placement.algorithms.SCMContainerPlacementRandom
2021-12-02 14:31:21,817 [Listener at 0.0.0.0/36007] INFO  server.StorageContainerManager (StorageContainerManager.java:<init>(388)) - 
Container Balancer status:
Key                            Value
Running                        false
Container Balancer Configuration values:
Key                                                Value
Threshold                                          0.1
Max Datanodes to Involve per Iteration(ratio)      0.2
Max Size to Move per Iteration                     30GB
Max Size Entering Target per Iteration             1GB
Max Size Leaving Source per Iteration              1GB

2021-12-02 14:31:21,818 [Listener at 0.0.0.0/36007] WARN  events.EventQueue (EventQueue.java:fireEvent(194)) - No event handler registered for event TypedEvent{payloadType=SafeModeStatus, name='Safe mode status'}
2021-12-02 14:31:21,818 [Listener at 0.0.0.0/36007] INFO  ha.SCMContext (SCMContext.java:updateSafeModeStatus(205)) - Update SafeModeStatus from SafeModeStatus{safeModeStatus=true, preCheckPassed=false} to SafeModeStatus{safeModeStatus=true, preCheckPassed=false}.
2021-12-02 14:31:21,819 [Listener at 0.0.0.0/36007] INFO  server.StorageContainerManager (StorageContainerManager.java:start(1303)) - StorageContainerLocationProtocol RPC server is listening at /0.0.0.0:36007
2021-12-02 14:31:21,821 [Listener at 0.0.0.0/36007] WARN  impl.MetricsConfig (MetricsConfig.java:loadFirst(136)) - Cannot locate configuration: tried hadoop-metrics2-storagecontainermanager.properties,hadoop-metrics2.properties
2021-12-02 14:31:21,821 [Listener at 0.0.0.0/36007] INFO  impl.MetricsSystemImpl (MetricsSystemImpl.java:startTimer(378)) - Scheduled Metric snapshot period at 10 second(s).
2021-12-02 14:31:21,821 [Listener at 0.0.0.0/36007] INFO  impl.MetricsSystemImpl (MetricsSystemImpl.java:start(191)) - StorageContainerManager metrics system started
2021-12-02 14:31:21,835 [Listener at 0.0.0.0/36007] INFO  impl.MetricsSinkAdapter (MetricsSinkAdapter.java:start(204)) - Sink prometheus started
2021-12-02 14:31:21,835 [Listener at 0.0.0.0/36007] INFO  impl.MetricsSystemImpl (MetricsSystemImpl.java:registerSink(305)) - Registered sink prometheus
2021-12-02 14:31:21,891 [Listener at 0.0.0.0/36007] INFO  server.SCMClientProtocolServer (SCMClientProtocolServer.java:start(164)) - RPC server for Client  is listening at /0.0.0.0:36007
2021-12-02 14:31:21,891 [IPC Server Responder] INFO  ipc.Server (Server.java:run(1507)) - IPC Server Responder: starting
2021-12-02 14:31:21,891 [IPC Server listener on 0] INFO  ipc.Server (Server.java:run(1344)) - IPC Server listener on 0: starting
2021-12-02 14:31:21,893 [Listener at 0.0.0.0/36007] INFO  server.StorageContainerManager (StorageContainerManager.java:start(1318)) - ScmBlockLocationProtocol RPC server is listening at /0.0.0.0:40913
2021-12-02 14:31:21,893 [Listener at 0.0.0.0/36007] INFO  server.SCMBlockProtocolServer (SCMBlockProtocolServer.java:start(151)) - RPC server for Block Protocol is listening at /0.0.0.0:40913
2021-12-02 14:31:21,894 [IPC Server Responder] INFO  ipc.Server (Server.java:run(1507)) - IPC Server Responder: starting
2021-12-02 14:31:21,894 [IPC Server listener on 0] INFO  ipc.Server (Server.java:run(1344)) - IPC Server listener on 0: starting
2021-12-02 14:31:21,961 [Listener at 0.0.0.0/36007] INFO  server.StorageContainerManager (StorageContainerManager.java:start(1324)) - ScmDatanodeProtocl RPC server is listening at /0.0.0.0:33397
2021-12-02 14:31:21,961 [Listener at 0.0.0.0/36007] INFO  server.SCMDatanodeProtocolServer (SCMDatanodeProtocolServer.java:start(181)) - RPC server for DataNodes is listening at /0.0.0.0:33397
2021-12-02 14:31:21,961 [IPC Server Responder] INFO  ipc.Server (Server.java:run(1507)) - IPC Server Responder: starting
2021-12-02 14:31:21,962 [IPC Server listener on 0] INFO  ipc.Server (Server.java:run(1344)) - IPC Server listener on 0: starting
2021-12-02 14:31:21,990 [Listener at 0.0.0.0/36007] INFO  http.BaseHttpServer (BaseHttpServer.java:newHttpServer2BuilderForOzone(209)) - Starting Web-server for scm at: http://0.0.0.0:0
2021-12-02 14:31:21,990 [Listener at 0.0.0.0/36007] INFO  http.BaseHttpServer (BaseHttpServer.java:<init>(107)) - Hadoop Security Enabled: false Ozone Security Enabled: false Ozone HTTP Security Enabled: false 
2021-12-02 14:31:21,991 [Listener at 0.0.0.0/36007] INFO  server.AuthenticationFilter (AuthenticationFilter.java:constructSecretProvider(240)) - Unable to initialize FileSignerSecretProvider, falling back to use random secrets.
2021-12-02 14:31:21,992 [org.apache.hadoop.util.JvmPauseMonitor$Monitor@3806b5f9] INFO  util.JvmPauseMonitor (JvmPauseMonitor.java:run(188)) - Starting JVM pause monitor
2021-12-02 14:31:21,992 [Listener at 0.0.0.0/36007] WARN  http.HttpRequestLog (HttpRequestLog.java:getRequestLog(103)) - Jetty request log can only be enabled using Log4j
2021-12-02 14:31:21,992 [Listener at 0.0.0.0/36007] INFO  http.HttpServer2 (HttpServer2.java:addGlobalFilter(1030)) - Added global filter 'safety' (class=org.apache.hadoop.hdds.server.http.HttpServer2$QuotingInputFilter)
2021-12-02 14:31:21,993 [Listener at 0.0.0.0/36007] INFO  http.HttpServer2 (HttpServer2.java:addFilter(1006)) - Added filter static_user_filter (class=org.apache.hadoop.http.lib.StaticUserWebFilter$StaticUserFilter) to context scm
2021-12-02 14:31:21,993 [Listener at 0.0.0.0/36007] INFO  http.HttpServer2 (HttpServer2.java:addFilter(1014)) - Added filter static_user_filter (class=org.apache.hadoop.http.lib.StaticUserWebFilter$StaticUserFilter) to context static
2021-12-02 14:31:21,993 [Listener at 0.0.0.0/36007] INFO  http.HttpServer2 (HttpServer2.java:addFilter(1014)) - Added filter static_user_filter (class=org.apache.hadoop.http.lib.StaticUserWebFilter$StaticUserFilter) to context logs
2021-12-02 14:31:21,993 [Listener at 0.0.0.0/36007] INFO  http.HttpServer2 (HttpServer2.java:bindListener(1249)) - Jetty bound to port 35487
2021-12-02 14:31:21,993 [Listener at 0.0.0.0/36007] INFO  server.Server (Server.java:doStart(375)) - jetty-9.4.43.v20210629; built: 2021-06-30T11:07:22.254Z; git: 526006ecfa3af7f1a27ef3a288e2bef7ea9dd7e8; jvm 1.8.0_292-b10
2021-12-02 14:31:21,995 [Listener at 0.0.0.0/36007] INFO  server.session (DefaultSessionIdManager.java:doStart(334)) - DefaultSessionIdManager workerName=node0
2021-12-02 14:31:21,995 [Listener at 0.0.0.0/36007] INFO  server.session (DefaultSessionIdManager.java:doStart(339)) - No SessionScavenger set, using defaults
2021-12-02 14:31:21,995 [Listener at 0.0.0.0/36007] INFO  server.session (HouseKeeper.java:startScavenging(132)) - node0 Scavenging every 600000ms
2021-12-02 14:31:21,996 [Listener at 0.0.0.0/36007] INFO  handler.ContextHandler (ContextHandler.java:doStart(915)) - Started o.e.j.s.ServletContextHandler@6dca013d{logs,/logs,file:///home/runner/work/ozone/ozone/hadoop-ozone/integration-test/target/log,AVAILABLE}
2021-12-02 14:31:21,996 [Listener at 0.0.0.0/36007] INFO  handler.ContextHandler (ContextHandler.java:doStart(915)) - Started o.e.j.s.ServletContextHandler@6cefe85d{static,/static,file:///home/runner/work/ozone/ozone/hadoop-ozone/integration-test/target/test-classes/webapps/static,AVAILABLE}
2021-12-02 14:31:21,998 [Listener at 0.0.0.0/36007] INFO  handler.ContextHandler (ContextHandler.java:doStart(915)) - Started o.e.j.w.WebAppContext@6662a8bc{scm,/,file:///home/runner/work/ozone/ozone/hadoop-ozone/integration-test/target/test-classes/webapps/scm/,AVAILABLE}{file:/home/runner/work/ozone/ozone/hadoop-ozone/integration-test/target/test-classes/webapps/scm}
2021-12-02 14:31:22,032 [Listener at 0.0.0.0/36007] INFO  server.AbstractConnector (AbstractConnector.java:doStart(331)) - Started ServerConnector@9c1952c{HTTP/1.1, (http/1.1)}{0.0.0.0:35487}
2021-12-02 14:31:22,032 [Listener at 0.0.0.0/36007] INFO  server.Server (Server.java:doStart(415)) - Started @368064ms
2021-12-02 14:31:22,032 [Listener at 0.0.0.0/36007] WARN  impl.MetricsSystemImpl (MetricsSystemImpl.java:register(279)) - Sink prometheus already exists!
2021-12-02 14:31:22,033 [Listener at 0.0.0.0/36007] INFO  http.BaseHttpServer (BaseHttpServer.java:updateConnectorAddress(329)) - HTTP server of scm listening at http://0.0.0.0:35487
2021-12-02 14:31:22,033 [Listener at 0.0.0.0/36007] WARN  server.ServerUtils (ServerUtils.java:getDBPath(225)) - ozone.om.db.dirs is not configured. We recommend adding this setting. Falling back to ozone.metadata.dirs instead.
2021-12-02 14:31:22,038 [Listener at 0.0.0.0/36007] INFO  ha.OMHANodeDetails (OMHANodeDetails.java:loadOMHAConfig(112)) - ozone.om.internal.service.id is not defined, falling back to ozone.om.service.ids to find serviceID for OzoneManager if it is HA enabled cluster
2021-12-02 14:31:22,039 [Listener at 0.0.0.0/36007] INFO  ha.OMHANodeDetails (OMHANodeDetails.java:loadOMHAConfig(217)) - Configuration does not have ozone.om.address set. Falling back to the default OM address /127.0.0.1:0
2021-12-02 14:31:22,039 [Listener at 0.0.0.0/36007] INFO  ha.OMHANodeDetails (OMHANodeDetails.java:getOMNodeDetailsForNonHA(245)) - OM Service ID is not set. Setting it to the default ID: omServiceIdDefault
2021-12-02 14:31:22,039 [Listener at 0.0.0.0/36007] INFO  ha.OMHANodeDetails (OMHANodeDetails.java:getOMNodeDetailsForNonHA(252)) - OM Node ID is not set. Setting it to the default ID: om1
2021-12-02 14:31:22,039 [Listener at 0.0.0.0/36007] WARN  server.ServerUtils (ServerUtils.java:getDBPath(225)) - ozone.om.db.dirs is not configured. We recommend adding this setting. Falling back to ozone.metadata.dirs instead.
2021-12-02 14:31:22,039 [Listener at 0.0.0.0/36007] INFO  upgrade.AbstractLayoutVersionManager (AbstractLayoutVersionManager.java:init(79)) - Initializing Layout version manager with metadata layout = INITIAL_VERSION (version = 0), software layout = INITIAL_VERSION (version = 0)
2021-12-02 14:31:22,125 [Listener at 0.0.0.0/36007] INFO  reflections.Reflections (Reflections.java:scan(232)) - Reflections took 82 ms to scan 2 urls, producing 132 keys and 344 values [using 2 cores]
2021-12-02 14:31:22,125 [Listener at 0.0.0.0/36007] INFO  upgrade.OMLayoutVersionManager (OMLayoutVersionManager.java:lambda$0(115)) - Skipping Upgrade Action MockOmUpgradeAction since it has been finalized.
2021-12-02 14:31:22,125 [Listener at 0.0.0.0/36007] WARN  server.ServerUtils (ServerUtils.java:getDBPath(225)) - ozone.om.db.dirs is not configured. We recommend adding this setting. Falling back to ozone.metadata.dirs instead.
2021-12-02 14:31:22,215 [Listener at 0.0.0.0/36007] WARN  server.ServerUtils (ServerUtils.java:getDBPath(225)) - ozone.om.db.dirs is not configured. We recommend adding this setting. Falling back to ozone.metadata.dirs instead.
2021-12-02 14:31:22,216 [Listener at 0.0.0.0/36007] INFO  codec.OmKeyInfoCodec (OmKeyInfoCodec.java:<init>(50)) - OmKeyInfoCodec ignorePipeline = true
2021-12-02 14:31:22,216 [Listener at 0.0.0.0/36007] INFO  codec.RepeatedOmKeyInfoCodec (RepeatedOmKeyInfoCodec.java:<init>(42)) - RepeatedOmKeyInfoCodec ignorePipeline = true
2021-12-02 14:31:22,487 [Listener at 0.0.0.0/36007] INFO  om.OzoneManager (OzoneManager.java:addS3GVolumeToDB(3609)) - Created Volume s3v With Owner runner required for S3Gateway operations.
2021-12-02 14:31:22,487 [Listener at 0.0.0.0/36007] WARN  server.ServerUtils (ServerUtils.java:getDefaultRatisDirectory(237)) - Storage directory for Ratis is not configured. It is a good idea to map this to an SSD disk. Falling back to ozone.metadata.dirs
2021-12-02 14:31:22,487 [Listener at 0.0.0.0/36007] WARN  utils.OzoneManagerRatisUtils (OzoneManagerRatisUtils.java:getOMRatisSnapshotDirectory(323)) - ozone.om.ratis.snapshot.dir is not configured. Falling back to ozone.metadata.dirs config
2021-12-02 14:31:22,488 [Listener at 0.0.0.0/36007] WARN  impl.MetricRegistriesImpl (MetricRegistriesImpl.java:addReporterRegistration(111)) - New reporters are added after registries were created. Some metrics will be missing from the reporter. Please add reporter before adding any new registry.
2021-12-02 14:31:22,488 [Listener at 0.0.0.0/36007] WARN  impl.MetricRegistriesImpl (MetricRegistriesImpl.java:addReporterRegistration(111)) - New reporters are added after registries were created. Some metrics will be missing from the reporter. Please add reporter before adding any new registry.
2021-12-02 14:31:22,488 [Listener at 0.0.0.0/36007] WARN  server.ServerUtils (ServerUtils.java:getDefaultRatisDirectory(237)) - Storage directory for Ratis is not configured. It is a good idea to map this to an SSD disk. Falling back to ozone.metadata.dirs
2021-12-02 14:31:22,489 [Listener at 0.0.0.0/36007] INFO  ratis.OzoneManagerRatisServer (OzoneManagerRatisServer.java:<init>(159)) - Instantiating OM Ratis server with groupID: omServiceIdDefault and peers: localhost:9872
2021-12-02 14:31:22,489 [Listener at 0.0.0.0/36007] INFO  ratis.OzoneManagerStateMachine (OzoneManagerStateMachine.java:loadSnapshotInfoFromDB(605)) - LastAppliedIndex is set from TransactionInfo from OM DB as (t:0, i:~)
2021-12-02 14:31:22,489 [Listener at 0.0.0.0/36007] INFO  server.RaftServer (ConfUtils.java:logGet(44)) - raft.rpc.type = GRPC (default)
2021-12-02 14:31:22,489 [Listener at 0.0.0.0/36007] INFO  grpc.GrpcFactory (GrpcFactory.java:checkPooledByteBufAllocatorUseCacheForAllThreads(48)) - PERFORMANCE WARNING: useCacheForAllThreads is true that may cause Netty to create a lot garbage objects and, as a result, trigger GC.
	It is recommended to disable useCacheForAllThreads by setting -Dorg.apache.ratis.thirdparty.io.netty.allocator.useCacheForAllThreads=false in command line.
2021-12-02 14:31:22,489 [Listener at 0.0.0.0/36007] INFO  grpc.GrpcConfigKeys (ConfUtils.java:logGet(44)) - raft.grpc.admin.port = -1 (default)
2021-12-02 14:31:22,489 [Listener at 0.0.0.0/36007] INFO  grpc.GrpcConfigKeys (ConfUtils.java:logGet(44)) - raft.grpc.server.port = 9872 (custom)
2021-12-02 14:31:22,489 [Listener at 0.0.0.0/36007] INFO  grpc.GrpcConfigKeys (ConfUtils.java:logGet(44)) - raft.grpc.client.port = -1 (default)
2021-12-02 14:31:22,490 [Listener at 0.0.0.0/36007] INFO  grpc.GrpcConfigKeys (ConfUtils.java:logGet(44)) - raft.grpc.server.port = 9872 (custom)
2021-12-02 14:31:22,490 [Listener at 0.0.0.0/36007] INFO  grpc.GrpcConfigKeys (ConfUtils.java:logGet(44)) - raft.grpc.server.port = 9872 (custom)
2021-12-02 14:31:22,490 [Listener at 0.0.0.0/36007] INFO  server.GrpcService (ConfUtils.java:logGet(44)) - raft.grpc.message.size.max = 33554432 (custom)
2021-12-02 14:31:22,490 [Listener at 0.0.0.0/36007] INFO  server.RaftServerConfigKeys (ConfUtils.java:logGet(44)) - raft.server.log.appender.buffer.byte-limit = 33554432 (custom)
2021-12-02 14:31:22,490 [Listener at 0.0.0.0/36007] INFO  server.GrpcService (ConfUtils.java:logGet(44)) - raft.grpc.flow.control.window = 1MB (=1048576) (default)
2021-12-02 14:31:22,490 [Listener at 0.0.0.0/36007] INFO  server.RaftServerConfigKeys (ConfUtils.java:logGet(44)) - raft.server.rpc.request.timeout = 3000ms (default)
2021-12-02 14:31:22,491 [Listener at 0.0.0.0/36007] INFO  impl.DataStreamServerImpl (ConfUtils.java:logGet(44)) - raft.datastream.type = DISABLED (default)
2021-12-02 14:31:22,491 [Listener at 0.0.0.0/36007] INFO  server.RaftServerConfigKeys (ConfUtils.java:logGet(44)) - raft.server.rpc.slowness.timeout = 120s (custom)
2021-12-02 14:31:22,491 [Listener at 0.0.0.0/36007] INFO  server.RaftServerConfigKeys (ConfUtils.java:logGet(44)) - raft.server.leaderelection.leader.step-down.wait-time = 10s (default)
2021-12-02 14:31:22,492 [Listener at 0.0.0.0/36007] INFO  server.RaftServerConfigKeys (ConfUtils.java:logGet(44)) - raft.server.storage.dir = [/home/runner/work/ozone/ozone/hadoop-ozone/integration-test/target/test-dir/MiniOzoneClusterImpl-fd94144e-5974-489a-b79f-b066564ba6f5/ozone-meta/ratis] (custom)
2021-12-02 14:31:22,503 [Listener at 0.0.0.0/36007] INFO  server.RaftServer (RaftServerProxy.java:addNew(95)) - om1: addNew group-C5BA1605619E:[om1|rpc:localhost:9872|priority:0] returns group-C5BA1605619E:java.util.concurrent.CompletableFuture@4be3a7c9[Not completed]
2021-12-02 14:31:22,503 [Listener at 0.0.0.0/36007] INFO  om.OzoneManager (OzoneManager.java:initializeRatisServer(1771)) - OzoneManager Ratis server initialized at port 9872
2021-12-02 14:31:22,504 [Listener at 0.0.0.0/36007] INFO  ipc.CallQueueManager (CallQueueManager.java:<init>(90)) - Using callQueue: class java.util.concurrent.LinkedBlockingQueue, queueCapacity: 2000, scheduler: class org.apache.hadoop.ipc.DefaultRpcScheduler, ipcBackoff: false.
2021-12-02 14:31:22,504 [pool-941-thread-1] INFO  server.RaftServer$Division (RaftServerImpl.java:<init>(184)) - om1: new RaftServerImpl for group-C5BA1605619E:[om1|rpc:localhost:9872|priority:0] with OzoneManagerStateMachine:uninitialized
2021-12-02 14:31:22,505 [Socket Reader #1 for port 0] INFO  ipc.Server (Server.java:run(1265)) - Starting Socket Reader #1 for port 0
2021-12-02 14:31:22,512 [pool-941-thread-1] INFO  server.RaftServerConfigKeys (ConfUtils.java:logGet(44)) - raft.server.rpc.timeout.min = 1s (custom)
2021-12-02 14:31:22,512 [pool-941-thread-1] INFO  server.RaftServerConfigKeys (ConfUtils.java:logGet(44)) - raft.server.rpc.timeout.max = 1200ms (custom)
2021-12-02 14:31:22,512 [pool-941-thread-1] INFO  server.RaftServerConfigKeys (ConfUtils.java:logGet(44)) - raft.server.rpc.sleep.time = 25ms (default)
2021-12-02 14:31:22,512 [pool-941-thread-1] INFO  server.RaftServerConfigKeys (ConfUtils.java:logGet(44)) - raft.server.rpc.slowness.timeout = 120s (custom)
2021-12-02 14:31:22,512 [pool-941-thread-1] INFO  server.RaftServerConfigKeys (ConfUtils.java:logGet(44)) - raft.server.leaderelection.leader.step-down.wait-time = 10s (default)
2021-12-02 14:31:22,512 [pool-941-thread-1] INFO  server.RaftServerConfigKeys (ConfUtils.java:logGet(44)) - raft.server.sleep.deviation.threshold = 300ms (default)
2021-12-02 14:31:22,512 [pool-941-thread-1] INFO  server.RaftServerConfigKeys (ConfUtils.java:logGet(44)) - raft.server.log.appender.install.snapshot.enabled = false (custom)
2021-12-02 14:31:22,512 [pool-941-thread-1] INFO  server.RaftServer$Division (ServerState.java:<init>(105)) - om1@group-C5BA1605619E: ConfigurationManager, init=-1: [om1|rpc:localhost:9872|priority:0], old=null, confs=<EMPTY_MAP>
2021-12-02 14:31:22,512 [pool-941-thread-1] INFO  server.RaftServerConfigKeys (ConfUtils.java:logGet(44)) - raft.server.storage.dir = [/home/runner/work/ozone/ozone/hadoop-ozone/integration-test/target/test-dir/MiniOzoneClusterImpl-fd94144e-5974-489a-b79f-b066564ba6f5/ozone-meta/ratis] (custom)
2021-12-02 14:31:22,512 [pool-941-thread-1] INFO  server.RaftServerConfigKeys (ConfUtils.java:logGet(44)) - raft.server.log.corruption.policy = EXCEPTION (default)
2021-12-02 14:31:22,512 [pool-941-thread-1] INFO  server.RaftServerConfigKeys (ConfUtils.java:logGet(44)) - raft.server.storage.free-space.min = 0MB (=0) (default)
2021-12-02 14:31:22,516 [pool-941-thread-1] INFO  storage.RaftStorageDirectory (RaftStorageDirectoryImpl.java:analyzeStorage(135)) - The storage directory /home/runner/work/ozone/ozone/hadoop-ozone/integration-test/target/test-dir/MiniOzoneClusterImpl-fd94144e-5974-489a-b79f-b066564ba6f5/ozone-meta/ratis/bf265839-605b-3f16-9796-c5ba1605619e does not exist. Creating ...
2021-12-02 14:31:22,524 [pool-941-thread-1] INFO  storage.RaftStorageDirectory (RaftStorageDirectoryImpl.java:tryLock(230)) - Lock on /home/runner/work/ozone/ozone/hadoop-ozone/integration-test/target/test-dir/MiniOzoneClusterImpl-fd94144e-5974-489a-b79f-b066564ba6f5/ozone-meta/ratis/bf265839-605b-3f16-9796-c5ba1605619e/in_use.lock acquired by nodename 19423@fv-az59-375
2021-12-02 14:31:22,539 [pool-941-thread-1] INFO  storage.RaftStorage (RaftStorageImpl.java:format(89)) - Storage directory /home/runner/work/ozone/ozone/hadoop-ozone/integration-test/target/test-dir/MiniOzoneClusterImpl-fd94144e-5974-489a-b79f-b066564ba6f5/ozone-meta/ratis/bf265839-605b-3f16-9796-c5ba1605619e has been successfully formatted.
2021-12-02 14:31:22,539 [pool-941-thread-1] INFO  server.RaftServerConfigKeys (ConfUtils.java:logGet(44)) - raft.server.notification.no-leader.timeout = 120s (custom)
2021-12-02 14:31:22,539 [pool-941-thread-1] INFO  server.RaftServerConfigKeys (ConfUtils.java:logGet(44)) - raft.server.log.use.memory = false (default)
2021-12-02 14:31:22,539 [pool-941-thread-1] INFO  server.RaftServerConfigKeys (ConfUtils.java:logGet(44)) - raft.server.log.purge.gap = 1000000 (custom)
2021-12-02 14:31:22,539 [pool-941-thread-1] INFO  server.RaftServerConfigKeys (ConfUtils.java:logGet(44)) - raft.server.log.appender.buffer.byte-limit = 33554432 (custom)
2021-12-02 14:31:22,539 [pool-941-thread-1] INFO  server.RaftServerConfigKeys (ConfUtils.java:logGet(44)) - raft.server.log.segment.size.max = 4194304 (custom)
2021-12-02 14:31:22,540 [pool-941-thread-1] INFO  server.RaftServerConfigKeys (ConfUtils.java:logGet(44)) - raft.server.log.segment.cache.num.max = 2 (custom)
2021-12-02 14:31:22,540 [pool-941-thread-1] INFO  server.RaftServerConfigKeys (ConfUtils.java:logGet(44)) - raft.server.log.segment.cache.size.max = 200MB (=209715200) (default)
2021-12-02 14:31:22,540 [pool-941-thread-1] INFO  segmented.SegmentedRaftLogWorker (SegmentedRaftLogWorker.java:<init>(182)) - new om1@group-C5BA1605619E-SegmentedRaftLogWorker for RaftStorageImpl:Storage Directory /home/runner/work/ozone/ozone/hadoop-ozone/integration-test/target/test-dir/MiniOzoneClusterImpl-fd94144e-5974-489a-b79f-b066564ba6f5/ozone-meta/ratis/bf265839-605b-3f16-9796-c5ba1605619e
2021-12-02 14:31:22,540 [pool-941-thread-1] INFO  server.RaftServerConfigKeys (ConfUtils.java:logGet(44)) - raft.server.log.queue.byte-limit = 64MB (=67108864) (default)
2021-12-02 14:31:22,540 [pool-941-thread-1] INFO  server.RaftServerConfigKeys (ConfUtils.java:logGet(44)) - raft.server.log.queue.element-limit = 4096 (default)
2021-12-02 14:31:22,540 [pool-941-thread-1] INFO  server.RaftServerConfigKeys (ConfUtils.java:logGet(44)) - raft.server.log.segment.size.max = 4194304 (custom)
2021-12-02 14:31:22,540 [pool-941-thread-1] INFO  server.RaftServerConfigKeys (ConfUtils.java:logGet(44)) - raft.server.log.preallocated.size = 4194304 (custom)
2021-12-02 14:31:22,540 [pool-941-thread-1] INFO  server.RaftServerConfigKeys (ConfUtils.java:logGet(44)) - raft.server.log.force.sync.num = 128 (default)
2021-12-02 14:31:22,540 [pool-941-thread-1] INFO  server.RaftServerConfigKeys (ConfUtils.java:logGet(44)) - raft.server.log.statemachine.data.sync = true (default)
2021-12-02 14:31:22,540 [pool-941-thread-1] INFO  server.RaftServerConfigKeys (ConfUtils.java:logGet(44)) - raft.server.log.statemachine.data.sync.timeout = 10s (default)
2021-12-02 14:31:22,540 [pool-941-thread-1] INFO  server.RaftServerConfigKeys (ConfUtils.java:logGet(44)) - raft.server.log.statemachine.data.sync.timeout.retry = -1 (default)
2021-12-02 14:31:22,542 [pool-941-thread-1] INFO  server.RaftServerConfigKeys (ConfUtils.java:logGet(44)) - raft.server.log.write.buffer.size = 64KB (=65536) (default)
2021-12-02 14:31:22,542 [pool-941-thread-1] INFO  server.RaftServerConfigKeys (ConfUtils.java:logGet(44)) - raft.server.log.statemachine.data.caching.enabled = false (default)
2021-12-02 14:31:22,542 [pool-941-thread-1] INFO  segmented.SegmentedRaftLogWorker (SegmentedRaftLogWorker.java:lambda$new$0(133)) - om1@group-C5BA1605619E-SegmentedRaftLogWorker: flushIndex: setUnconditionally 0 -> -1
2021-12-02 14:31:22,542 [pool-941-thread-1] INFO  segmented.SegmentedRaftLogWorker (SegmentedRaftLogWorker.java:lambda$new$0(133)) - om1@group-C5BA1605619E-SegmentedRaftLogWorker: safeCacheEvictIndex: setUnconditionally 0 -> -1
2021-12-02 14:31:22,542 [pool-941-thread-1] INFO  server.RaftServerConfigKeys (ConfUtils.java:logGet(44)) - raft.server.snapshot.auto.trigger.enabled = true (custom)
2021-12-02 14:31:22,542 [pool-941-thread-1] INFO  server.RaftServerConfigKeys (ConfUtils.java:logGet(44)) - raft.server.snapshot.auto.trigger.threshold = 400000 (default)
2021-12-02 14:31:22,542 [pool-941-thread-1] INFO  server.RaftServerConfigKeys (ConfUtils.java:logGet(44)) - raft.server.snapshot.retention.file.num = -1 (default)
2021-12-02 14:31:22,542 [pool-941-thread-1] INFO  server.RaftServerConfigKeys (ConfUtils.java:logGet(44)) - raft.server.log.purge.upto.snapshot.index = true (custom)
2021-12-02 14:31:22,543 [pool-941-thread-1] INFO  server.RaftServerConfigKeys (ConfUtils.java:logGet(44)) - raft.server.retrycache.expirytime = 300s (custom)
2021-12-02 14:31:22,543 [pool-941-thread-1] INFO  server.RaftServerConfigKeys (ConfUtils.java:logGet(44)) - raft.server.retrycache.statistics.expirytime = 100μs (default)
2021-12-02 14:31:22,562 [Listener at 127.0.0.1/39245] INFO  om.OzoneManager (OzoneManager.java:initFSOLayout(3786)) - Configured ozone.om.metadata.layout=SIMPLE and disabled optimized OM FS operations
2021-12-02 14:31:22,563 [Listener at 127.0.0.1/39245] INFO  impl.MetricsSystemImpl (MetricsSystemImpl.java:init(158)) - OzoneManager metrics system started (again)
2021-12-02 14:31:22,585 [Listener at 127.0.0.1/39245] INFO  om.OzoneManager (OzoneManager.java:start(1365)) - OzoneManager RPC server is listening at localhost/127.0.0.1:39245
2021-12-02 14:31:22,594 [Listener at 127.0.0.1/39245] INFO  ratis.OzoneManagerRatisServer (OzoneManagerRatisServer.java:start(516)) - Starting OzoneManagerRatisServer om1 at port 9872
2021-12-02 14:31:22,595 [Listener at 127.0.0.1/39245] INFO  server.RaftServer$Division (RaftServerImpl.java:start(301)) - om1@group-C5BA1605619E: start as a follower, conf=-1: [om1|rpc:localhost:9872|priority:0], old=null
2021-12-02 14:31:22,595 [Listener at 127.0.0.1/39245] INFO  server.RaftServer$Division (RaftServerImpl.java:setRole(290)) - om1@group-C5BA1605619E: changes role from      null to FOLLOWER at term 0 for startAsFollower
2021-12-02 14:31:22,595 [Listener at 127.0.0.1/39245] INFO  impl.RoleInfo (RoleInfo.java:updateAndGet(130)) - om1: start om1@group-C5BA1605619E-FollowerState
2021-12-02 14:31:22,612 [Listener at 127.0.0.1/39245] INFO  util.JmxRegister (JmxRegister.java:tryRegister(44)) - Successfully registered JMX Bean with object name Ratis:service=RaftServer,group=group-C5BA1605619E,id=om1
2021-12-02 14:31:22,624 [Listener at 127.0.0.1/39245] INFO  server.RaftServer (RaftServerProxy.java:lambda$start$5(374)) - om1: start RPC server
2021-12-02 14:31:22,635 [Listener at 127.0.0.1/39245] INFO  server.GrpcService (GrpcService.java:startImpl(253)) - om1: GrpcService started, listening on 9872
2021-12-02 14:31:22,652 [Listener at 127.0.0.1/39245] INFO  om.OzoneManager (OzoneManager.java:start(1381)) - Version File has different layout version (0) than OM DB (null). That is expected if this OM has never been finalized to a newer layout version.
2021-12-02 14:31:22,653 [org.apache.ratis.util.JvmPauseMonitor$$Lambda$533/748004564@68c71e3c] INFO  util.JvmPauseMonitor (JvmPauseMonitor.java:run(103)) - JvmPauseMonitor-om1: Started
2021-12-02 14:31:22,662 [Listener at 127.0.0.1/39245] INFO  http.BaseHttpServer (BaseHttpServer.java:newHttpServer2BuilderForOzone(209)) - Starting Web-server for ozoneManager at: http://0.0.0.0:0
2021-12-02 14:31:22,662 [Listener at 127.0.0.1/39245] INFO  http.BaseHttpServer (BaseHttpServer.java:<init>(107)) - Hadoop Security Enabled: false Ozone Security Enabled: false Ozone HTTP Security Enabled: false 
2021-12-02 14:31:22,662 [Listener at 127.0.0.1/39245] INFO  server.AuthenticationFilter (AuthenticationFilter.java:constructSecretProvider(240)) - Unable to initialize FileSignerSecretProvider, falling back to use random secrets.
2021-12-02 14:31:22,663 [Listener at 127.0.0.1/39245] WARN  http.HttpRequestLog (HttpRequestLog.java:getRequestLog(103)) - Jetty request log can only be enabled using Log4j
2021-12-02 14:31:22,663 [Listener at 127.0.0.1/39245] INFO  http.HttpServer2 (HttpServer2.java:addGlobalFilter(1030)) - Added global filter 'safety' (class=org.apache.hadoop.hdds.server.http.HttpServer2$QuotingInputFilter)
2021-12-02 14:31:22,663 [Listener at 127.0.0.1/39245] INFO  http.HttpServer2 (HttpServer2.java:addFilter(1006)) - Added filter static_user_filter (class=org.apache.hadoop.http.lib.StaticUserWebFilter$StaticUserFilter) to context ozoneManager
2021-12-02 14:31:22,664 [Listener at 127.0.0.1/39245] INFO  http.HttpServer2 (HttpServer2.java:addFilter(1014)) - Added filter static_user_filter (class=org.apache.hadoop.http.lib.StaticUserWebFilter$StaticUserFilter) to context static
2021-12-02 14:31:22,664 [Listener at 127.0.0.1/39245] INFO  http.HttpServer2 (HttpServer2.java:addFilter(1014)) - Added filter static_user_filter (class=org.apache.hadoop.http.lib.StaticUserWebFilter$StaticUserFilter) to context logs
2021-12-02 14:31:22,664 [Listener at 127.0.0.1/39245] INFO  http.HttpServer2 (HttpServer2.java:bindListener(1249)) - Jetty bound to port 37893
2021-12-02 14:31:22,664 [Listener at 127.0.0.1/39245] INFO  server.Server (Server.java:doStart(375)) - jetty-9.4.43.v20210629; built: 2021-06-30T11:07:22.254Z; git: 526006ecfa3af7f1a27ef3a288e2bef7ea9dd7e8; jvm 1.8.0_292-b10
2021-12-02 14:31:22,681 [Listener at 127.0.0.1/39245] INFO  server.session (DefaultSessionIdManager.java:doStart(334)) - DefaultSessionIdManager workerName=node0
2021-12-02 14:31:22,681 [Listener at 127.0.0.1/39245] INFO  server.session (DefaultSessionIdManager.java:doStart(339)) - No SessionScavenger set, using defaults
2021-12-02 14:31:22,681 [Listener at 127.0.0.1/39245] INFO  server.session (HouseKeeper.java:startScavenging(132)) - node0 Scavenging every 600000ms
2021-12-02 14:31:22,683 [Listener at 127.0.0.1/39245] INFO  handler.ContextHandler (ContextHandler.java:doStart(915)) - Started o.e.j.s.ServletContextHandler@3e573120{logs,/logs,file:///home/runner/work/ozone/ozone/hadoop-ozone/integration-test/target/log,AVAILABLE}
2021-12-02 14:31:22,683 [Listener at 127.0.0.1/39245] INFO  handler.ContextHandler (ContextHandler.java:doStart(915)) - Started o.e.j.s.ServletContextHandler@397e554a{static,/static,file:///home/runner/work/ozone/ozone/hadoop-ozone/integration-test/target/test-classes/webapps/static,AVAILABLE}
2021-12-02 14:31:22,685 [Listener at 127.0.0.1/39245] INFO  handler.ContextHandler (ContextHandler.java:doStart(915)) - Started o.e.j.w.WebAppContext@661cc7d1{ozoneManager,/,file:///home/runner/work/ozone/ozone/hadoop-ozone/integration-test/target/test-classes/webapps/ozoneManager/,AVAILABLE}{file:/home/runner/work/ozone/ozone/hadoop-ozone/integration-test/target/test-classes/webapps/ozoneManager}
2021-12-02 14:31:22,689 [Listener at 127.0.0.1/39245] INFO  server.AbstractConnector (AbstractConnector.java:doStart(331)) - Started ServerConnector@1674d430{HTTP/1.1, (http/1.1)}{0.0.0.0:37893}
2021-12-02 14:31:22,689 [Listener at 127.0.0.1/39245] INFO  server.Server (Server.java:doStart(415)) - Started @368721ms
2021-12-02 14:31:22,690 [Listener at 127.0.0.1/39245] WARN  impl.MetricsSystemImpl (MetricsSystemImpl.java:register(279)) - Sink prometheus already exists!
2021-12-02 14:31:22,690 [Listener at 127.0.0.1/39245] INFO  http.BaseHttpServer (BaseHttpServer.java:updateConnectorAddress(329)) - HTTP server of ozoneManager listening at http://0.0.0.0:37893
2021-12-02 14:31:22,699 [IPC Server Responder] INFO  ipc.Server (Server.java:run(1507)) - IPC Server Responder: starting
2021-12-02 14:31:22,704 [IPC Server listener on 0] INFO  ipc.Server (Server.java:run(1344)) - IPC Server listener on 0: starting
2021-12-02 14:31:22,706 [Listener at 127.0.0.1/39245] INFO  om.OzoneManager (OzoneManager.java:startTrashEmptier(1729)) - Trash Interval set to 0. Files deleted will not move to trash
2021-12-02 14:31:22,719 [org.apache.hadoop.util.JvmPauseMonitor$Monitor@1f52cc94] INFO  util.JvmPauseMonitor (JvmPauseMonitor.java:run(188)) - Starting JVM pause monitor
2021-12-02 14:31:22,801 [Listener at 127.0.0.1/39245] WARN  impl.MetricRegistriesImpl (MetricRegistriesImpl.java:addReporterRegistration(111)) - New reporters are added after registries were created. Some metrics will be missing from the reporter. Please add reporter before adding any new registry.
2021-12-02 14:31:22,801 [Listener at 127.0.0.1/39245] WARN  impl.MetricRegistriesImpl (MetricRegistriesImpl.java:addReporterRegistration(111)) - New reporters are added after registries were created. Some metrics will be missing from the reporter. Please add reporter before adding any new registry.
2021-12-02 14:31:22,801 [Listener at 127.0.0.1/39245] INFO  impl.MetricsSystemImpl (MetricsSystemImpl.java:init(158)) - HddsDatanode metrics system started (again)
2021-12-02 14:31:22,814 [Listener at 127.0.0.1/39245] INFO  ozone.HddsDatanodeService (HddsDatanodeService.java:start(234)) - HddsDatanodeService host:fv-az59-375.csjynl4pkq3e1pkirw3ssqjfoh.cx.internal.cloudapp.net ip:10.1.0.16
2021-12-02 14:31:22,878 [Listener at 127.0.0.1/39245] INFO  upgrade.AbstractLayoutVersionManager (AbstractLayoutVersionManager.java:init(79)) - Initializing Layout version manager with metadata layout = SCM_HA (version = 2), software layout = SCM_HA (version = 2)
2021-12-02 14:31:22,925 [Listener at 127.0.0.1/39245] INFO  reflections.Reflections (Reflections.java:scan(232)) - Reflections took 46 ms to scan 7 urls, producing 119 keys and 279 values 
2021-12-02 14:31:22,926 [Listener at 127.0.0.1/39245] INFO  statemachine.DatanodeStateMachine (DatanodeStateMachine.java:getEndPointTaskThreadPoolSize(219)) - Datanode State Machine Task Thread Pool size 2
2021-12-02 14:31:22,941 [Listener at 127.0.0.1/39245] INFO  volume.HddsVolume (HddsVolume.java:<init>(120)) - Creating HddsVolume: /home/runner/work/ozone/ozone/hadoop-ozone/integration-test/target/test-dir/MiniOzoneClusterImpl-fd94144e-5974-489a-b79f-b066564ba6f5/datanode-0/data-0/containers/hdds of storage type : DISK capacity : 9223372036854775807
2021-12-02 14:31:22,941 [Listener at 127.0.0.1/39245] INFO  volume.MutableVolumeSet (MutableVolumeSet.java:initializeVolumeSet(168)) - Added Volume : /home/runner/work/ozone/ozone/hadoop-ozone/integration-test/target/test-dir/MiniOzoneClusterImpl-fd94144e-5974-489a-b79f-b066564ba6f5/datanode-0/data-0/containers/hdds to VolumeSet
2021-12-02 14:31:22,941 [Listener at 127.0.0.1/39245] INFO  volume.ThrottledAsyncChecker (ThrottledAsyncChecker.java:schedule(141)) - Scheduling a check for /home/runner/work/ozone/ozone/hadoop-ozone/integration-test/target/test-dir/MiniOzoneClusterImpl-fd94144e-5974-489a-b79f-b066564ba6f5/datanode-0/data-0/containers/hdds
2021-12-02 14:31:22,947 [Listener at 127.0.0.1/39245] INFO  volume.StorageVolumeChecker (StorageVolumeChecker.java:checkAllVolumes(202)) - Scheduled health check for volume /home/runner/work/ozone/ozone/hadoop-ozone/integration-test/target/test-dir/MiniOzoneClusterImpl-fd94144e-5974-489a-b79f-b066564ba6f5/datanode-0/data-0/containers/hdds
2021-12-02 14:31:22,976 [Listener at 127.0.0.1/39245] INFO  volume.MutableVolumeSet (MutableVolumeSet.java:initializeVolumeSet(168)) - Added Volume : /home/runner/work/ozone/ozone/hadoop-ozone/integration-test/target/test-dir/MiniOzoneClusterImpl-fd94144e-5974-489a-b79f-b066564ba6f5/datanode-0/data/ratis to VolumeSet
2021-12-02 14:31:22,976 [Listener at 127.0.0.1/39245] INFO  volume.ThrottledAsyncChecker (ThrottledAsyncChecker.java:schedule(141)) - Scheduling a check for /home/runner/work/ozone/ozone/hadoop-ozone/integration-test/target/test-dir/MiniOzoneClusterImpl-fd94144e-5974-489a-b79f-b066564ba6f5/datanode-0/data/ratis
2021-12-02 14:31:22,976 [Listener at 127.0.0.1/39245] INFO  volume.StorageVolumeChecker (StorageVolumeChecker.java:checkAllVolumes(202)) - Scheduled health check for volume /home/runner/work/ozone/ozone/hadoop-ozone/integration-test/target/test-dir/MiniOzoneClusterImpl-fd94144e-5974-489a-b79f-b066564ba6f5/datanode-0/data/ratis
2021-12-02 14:31:23,027 [Thread-2616] INFO  ozoneimpl.ContainerReader (ContainerReader.java:readVolume(172)) - Finish verifying containers on volume /home/runner/work/ozone/ozone/hadoop-ozone/integration-test/target/test-dir/MiniOzoneClusterImpl-fd94144e-5974-489a-b79f-b066564ba6f5/datanode-0/data-0/containers/hdds
2021-12-02 14:31:23,028 [Listener at 127.0.0.1/39245] INFO  ozoneimpl.OzoneContainer (OzoneContainer.java:buildContainerSet(236)) - Build ContainerSet costs 0s
2021-12-02 14:31:23,030 [Listener at 127.0.0.1/39245] INFO  server.RaftServer (ConfUtils.java:logGet(44)) - raft.rpc.type = GRPC (default)
2021-12-02 14:31:23,030 [Listener at 127.0.0.1/39245] INFO  grpc.GrpcFactory (GrpcFactory.java:checkPooledByteBufAllocatorUseCacheForAllThreads(48)) - PERFORMANCE WARNING: useCacheForAllThreads is true that may cause Netty to create a lot garbage objects and, as a result, trigger GC.
	It is recommended to disable useCacheForAllThreads by setting -Dorg.apache.ratis.thirdparty.io.netty.allocator.useCacheForAllThreads=false in command line.
2021-12-02 14:31:23,030 [Listener at 127.0.0.1/39245] INFO  grpc.GrpcConfigKeys (ConfUtils.java:logGet(44)) - raft.grpc.admin.port = 0 (custom)
2021-12-02 14:31:23,030 [Listener at 127.0.0.1/39245] INFO  grpc.GrpcConfigKeys (ConfUtils.java:logGet(44)) - raft.grpc.client.port = 0 (custom)
2021-12-02 14:31:23,030 [Listener at 127.0.0.1/39245] INFO  grpc.GrpcConfigKeys (ConfUtils.java:logGet(44)) - raft.grpc.server.port = 0 (default)
2021-12-02 14:31:23,030 [Listener at 127.0.0.1/39245] INFO  server.GrpcService (ConfUtils.java:logGet(44)) - raft.grpc.message.size.max = 32MB (=33554432) (custom)
2021-12-02 14:31:23,030 [Listener at 127.0.0.1/39245] INFO  server.RaftServerConfigKeys (ConfUtils.java:logGet(44)) - raft.server.log.appender.buffer.byte-limit = 33554432 (custom)
2021-12-02 14:31:23,030 [Listener at 127.0.0.1/39245] INFO  server.GrpcService (ConfUtils.java:logGet(44)) - raft.grpc.flow.control.window = 5MB (=5242880) (custom)
2021-12-02 14:31:23,030 [Listener at 127.0.0.1/39245] INFO  server.RaftServerConfigKeys (ConfUtils.java:logGet(44)) - raft.server.rpc.request.timeout = 3000ms (default)
2021-12-02 14:31:23,031 [Listener at 127.0.0.1/39245] INFO  impl.DataStreamServerImpl (ConfUtils.java:logGet(44)) - raft.datastream.type = DISABLED (default)
2021-12-02 14:31:23,031 [Listener at 127.0.0.1/39245] INFO  server.RaftServerConfigKeys (ConfUtils.java:logGet(44)) - raft.server.rpc.slowness.timeout = 300000ms (custom)
2021-12-02 14:31:23,032 [Listener at 127.0.0.1/39245] INFO  server.RaftServerConfigKeys (ConfUtils.java:logGet(44)) - raft.server.leaderelection.leader.step-down.wait-time = 10s (default)
2021-12-02 14:31:23,032 [Listener at 127.0.0.1/39245] INFO  server.RaftServerConfigKeys (ConfUtils.java:logGet(44)) - raft.server.storage.dir = [/home/runner/work/ozone/ozone/hadoop-ozone/integration-test/target/test-dir/MiniOzoneClusterImpl-fd94144e-5974-489a-b79f-b066564ba6f5/datanode-0/data/ratis] (custom)
2021-12-02 14:31:23,044 [Listener at 127.0.0.1/39245] INFO  http.BaseHttpServer (BaseHttpServer.java:newHttpServer2BuilderForOzone(209)) - Starting Web-server for hddsDatanode at: http://0.0.0.0:0
2021-12-02 14:31:23,044 [Listener at 127.0.0.1/39245] INFO  http.BaseHttpServer (BaseHttpServer.java:<init>(107)) - Hadoop Security Enabled: false Ozone Security Enabled: false Ozone HTTP Security Enabled: false 
2021-12-02 14:31:23,045 [Listener at 127.0.0.1/39245] INFO  server.AuthenticationFilter (AuthenticationFilter.java:constructSecretProvider(240)) - Unable to initialize FileSignerSecretProvider, falling back to use random secrets.
2021-12-02 14:31:23,055 [Listener at 127.0.0.1/39245] WARN  http.HttpRequestLog (HttpRequestLog.java:getRequestLog(103)) - Jetty request log can only be enabled using Log4j
2021-12-02 14:31:23,055 [Listener at 127.0.0.1/39245] INFO  http.HttpServer2 (HttpServer2.java:addGlobalFilter(1030)) - Added global filter 'safety' (class=org.apache.hadoop.hdds.server.http.HttpServer2$QuotingInputFilter)
2021-12-02 14:31:23,055 [Listener at 127.0.0.1/39245] INFO  http.HttpServer2 (HttpServer2.java:addFilter(1006)) - Added filter static_user_filter (class=org.apache.hadoop.http.lib.StaticUserWebFilter$StaticUserFilter) to context hddsDatanode
2021-12-02 14:31:23,056 [Listener at 127.0.0.1/39245] INFO  http.HttpServer2 (HttpServer2.java:addFilter(1014)) - Added filter static_user_filter (class=org.apache.hadoop.http.lib.StaticUserWebFilter$StaticUserFilter) to context logs
2021-12-02 14:31:23,056 [Listener at 127.0.0.1/39245] INFO  http.HttpServer2 (HttpServer2.java:addFilter(1014)) - Added filter static_user_filter (class=org.apache.hadoop.http.lib.StaticUserWebFilter$StaticUserFilter) to context static
2021-12-02 14:31:23,056 [Listener at 127.0.0.1/39245] INFO  http.HttpServer2 (HttpServer2.java:bindListener(1249)) - Jetty bound to port 42269
2021-12-02 14:31:23,056 [Listener at 127.0.0.1/39245] INFO  server.Server (Server.java:doStart(375)) - jetty-9.4.43.v20210629; built: 2021-06-30T11:07:22.254Z; git: 526006ecfa3af7f1a27ef3a288e2bef7ea9dd7e8; jvm 1.8.0_292-b10
2021-12-02 14:31:23,074 [Listener at 127.0.0.1/39245] INFO  server.session (DefaultSessionIdManager.java:doStart(334)) - DefaultSessionIdManager workerName=node0
2021-12-02 14:31:23,075 [Listener at 127.0.0.1/39245] INFO  server.session (DefaultSessionIdManager.java:doStart(339)) - No SessionScavenger set, using defaults
2021-12-02 14:31:23,075 [Listener at 127.0.0.1/39245] INFO  server.session (HouseKeeper.java:startScavenging(132)) - node0 Scavenging every 600000ms
2021-12-02 14:31:23,076 [Listener at 127.0.0.1/39245] INFO  handler.ContextHandler (ContextHandler.java:doStart(915)) - Started o.e.j.s.ServletContextHandler@7168fb1c{logs,/logs,file:///home/runner/work/ozone/ozone/hadoop-ozone/integration-test/target/log,AVAILABLE}
2021-12-02 14:31:23,076 [Listener at 127.0.0.1/39245] INFO  handler.ContextHandler (ContextHandler.java:doStart(915)) - Started o.e.j.s.ServletContextHandler@31d0883{static,/static,jar:file:/home/runner/.m2/repository/org/apache/ozone/hdds-container-service/1.3.0-SNAPSHOT/hdds-container-service-1.3.0-SNAPSHOT.jar!/webapps/static,AVAILABLE}
2021-12-02 14:31:23,145 [Listener at 127.0.0.1/39245] INFO  handler.ContextHandler (ContextHandler.java:doStart(915)) - Started o.e.j.w.WebAppContext@688c7347{hddsDatanode,/,file:///tmp/jetty-0_0_0_0-42269-hdds-container-service-1_3_0-SNAPSHOT_jar-_-any-96797110379262955/webapp/,AVAILABLE}{jar:file:/home/runner/.m2/repository/org/apache/ozone/hdds-container-service/1.3.0-SNAPSHOT/hdds-container-service-1.3.0-SNAPSHOT.jar!/webapps/hddsDatanode}
2021-12-02 14:31:23,147 [Listener at 127.0.0.1/39245] INFO  server.AbstractConnector (AbstractConnector.java:doStart(331)) - Started ServerConnector@3f38bd27{HTTP/1.1, (http/1.1)}{0.0.0.0:42269}
2021-12-02 14:31:23,147 [Listener at 127.0.0.1/39245] INFO  server.Server (Server.java:doStart(415)) - Started @369179ms
2021-12-02 14:31:23,147 [Listener at 127.0.0.1/39245] WARN  impl.MetricsSystemImpl (MetricsSystemImpl.java:register(279)) - Sink prometheus already exists!
2021-12-02 14:31:23,159 [Listener at 127.0.0.1/39245] INFO  http.BaseHttpServer (BaseHttpServer.java:updateConnectorAddress(329)) - HTTP server of hddsDatanode listening at http://0.0.0.0:42269
2021-12-02 14:31:23,163 [Listener at 127.0.0.1/39245] WARN  impl.MetricRegistriesImpl (MetricRegistriesImpl.java:addReporterRegistration(111)) - New reporters are added after registries were created. Some metrics will be missing from the reporter. Please add reporter before adding any new registry.
2021-12-02 14:31:23,163 [Listener at 127.0.0.1/39245] WARN  impl.MetricRegistriesImpl (MetricRegistriesImpl.java:addReporterRegistration(111)) - New reporters are added after registries were created. Some metrics will be missing from the reporter. Please add reporter before adding any new registry.
2021-12-02 14:31:23,163 [Listener at 127.0.0.1/39245] INFO  impl.MetricsSystemImpl (MetricsSystemImpl.java:init(158)) - HddsDatanode metrics system started (again)
2021-12-02 14:31:23,181 [Datanode State Machine Daemon Thread] INFO  statemachine.DatanodeStateMachine (DatanodeStateMachine.java:lambda$startDaemon$0(467)) - Ozone container server started.
2021-12-02 14:31:23,188 [Listener at 127.0.0.1/39245] INFO  ozone.HddsDatanodeService (HddsDatanodeService.java:start(234)) - HddsDatanodeService host:fv-az59-375.csjynl4pkq3e1pkirw3ssqjfoh.cx.internal.cloudapp.net ip:10.1.0.16
2021-12-02 14:31:23,239 [org.apache.hadoop.util.JvmPauseMonitor$Monitor@3184ecc7] INFO  util.JvmPauseMonitor (JvmPauseMonitor.java:run(188)) - Starting JVM pause monitor
2021-12-02 14:31:23,265 [Datanode State Machine Task Thread - 0] INFO  datanode.InitDatanodeState (InitDatanodeState.java:persistContainerDatanodeDetails(145)) - DatanodeDetails is persisted to /home/runner/work/ozone/ozone/hadoop-ozone/integration-test/target/test-dir/MiniOzoneClusterImpl-fd94144e-5974-489a-b79f-b066564ba6f5/datanode-0/meta/datanode.id
2021-12-02 14:31:23,307 [Listener at 127.0.0.1/39245] INFO  upgrade.AbstractLayoutVersionManager (AbstractLayoutVersionManager.java:init(79)) - Initializing Layout version manager with metadata layout = SCM_HA (version = 2), software layout = SCM_HA (version = 2)
2021-12-02 14:31:23,391 [Listener at 127.0.0.1/39245] INFO  reflections.Reflections (Reflections.java:scan(232)) - Reflections took 82 ms to scan 7 urls, producing 119 keys and 279 values 
2021-12-02 14:31:23,403 [Listener at 127.0.0.1/39245] INFO  statemachine.DatanodeStateMachine (DatanodeStateMachine.java:getEndPointTaskThreadPoolSize(219)) - Datanode State Machine Task Thread Pool size 2
2021-12-02 14:31:23,404 [Listener at 127.0.0.1/39245] INFO  volume.HddsVolume (HddsVolume.java:<init>(120)) - Creating HddsVolume: /home/runner/work/ozone/ozone/hadoop-ozone/integration-test/target/test-dir/MiniOzoneClusterImpl-fd94144e-5974-489a-b79f-b066564ba6f5/datanode-1/data-0/containers/hdds of storage type : DISK capacity : 9223372036854775807
2021-12-02 14:31:23,405 [Listener at 127.0.0.1/39245] INFO  volume.MutableVolumeSet (MutableVolumeSet.java:initializeVolumeSet(168)) - Added Volume : /home/runner/work/ozone/ozone/hadoop-ozone/integration-test/target/test-dir/MiniOzoneClusterImpl-fd94144e-5974-489a-b79f-b066564ba6f5/datanode-1/data-0/containers/hdds to VolumeSet
2021-12-02 14:31:23,405 [Listener at 127.0.0.1/39245] INFO  volume.ThrottledAsyncChecker (ThrottledAsyncChecker.java:schedule(141)) - Scheduling a check for /home/runner/work/ozone/ozone/hadoop-ozone/integration-test/target/test-dir/MiniOzoneClusterImpl-fd94144e-5974-489a-b79f-b066564ba6f5/datanode-1/data-0/containers/hdds
2021-12-02 14:31:23,411 [Listener at 127.0.0.1/39245] INFO  volume.StorageVolumeChecker (StorageVolumeChecker.java:checkAllVolumes(202)) - Scheduled health check for volume /home/runner/work/ozone/ozone/hadoop-ozone/integration-test/target/test-dir/MiniOzoneClusterImpl-fd94144e-5974-489a-b79f-b066564ba6f5/datanode-1/data-0/containers/hdds
2021-12-02 14:31:23,434 [Listener at 127.0.0.1/39245] INFO  volume.MutableVolumeSet (MutableVolumeSet.java:initializeVolumeSet(168)) - Added Volume : /home/runner/work/ozone/ozone/hadoop-ozone/integration-test/target/test-dir/MiniOzoneClusterImpl-fd94144e-5974-489a-b79f-b066564ba6f5/datanode-1/data/ratis to VolumeSet
2021-12-02 14:31:23,435 [Listener at 127.0.0.1/39245] INFO  volume.ThrottledAsyncChecker (ThrottledAsyncChecker.java:schedule(141)) - Scheduling a check for /home/runner/work/ozone/ozone/hadoop-ozone/integration-test/target/test-dir/MiniOzoneClusterImpl-fd94144e-5974-489a-b79f-b066564ba6f5/datanode-1/data/ratis
2021-12-02 14:31:23,435 [Listener at 127.0.0.1/39245] INFO  volume.StorageVolumeChecker (StorageVolumeChecker.java:checkAllVolumes(202)) - Scheduled health check for volume /home/runner/work/ozone/ozone/hadoop-ozone/integration-test/target/test-dir/MiniOzoneClusterImpl-fd94144e-5974-489a-b79f-b066564ba6f5/datanode-1/data/ratis
2021-12-02 14:31:23,503 [Thread-2628] INFO  ozoneimpl.ContainerReader (ContainerReader.java:readVolume(172)) - Finish verifying containers on volume /home/runner/work/ozone/ozone/hadoop-ozone/integration-test/target/test-dir/MiniOzoneClusterImpl-fd94144e-5974-489a-b79f-b066564ba6f5/datanode-1/data-0/containers/hdds
2021-12-02 14:31:23,503 [Listener at 127.0.0.1/39245] INFO  ozoneimpl.OzoneContainer (OzoneContainer.java:buildContainerSet(236)) - Build ContainerSet costs 0s
2021-12-02 14:31:23,504 [Listener at 127.0.0.1/39245] INFO  server.RaftServer (ConfUtils.java:logGet(44)) - raft.rpc.type = GRPC (default)
2021-12-02 14:31:23,505 [Listener at 127.0.0.1/39245] INFO  grpc.GrpcFactory (GrpcFactory.java:checkPooledByteBufAllocatorUseCacheForAllThreads(48)) - PERFORMANCE WARNING: useCacheForAllThreads is true that may cause Netty to create a lot garbage objects and, as a result, trigger GC.
	It is recommended to disable useCacheForAllThreads by setting -Dorg.apache.ratis.thirdparty.io.netty.allocator.useCacheForAllThreads=false in command line.
2021-12-02 14:31:23,505 [Listener at 127.0.0.1/39245] INFO  grpc.GrpcConfigKeys (ConfUtils.java:logGet(44)) - raft.grpc.admin.port = 0 (custom)
2021-12-02 14:31:23,505 [Listener at 127.0.0.1/39245] INFO  grpc.GrpcConfigKeys (ConfUtils.java:logGet(44)) - raft.grpc.client.port = 0 (custom)
2021-12-02 14:31:23,505 [Listener at 127.0.0.1/39245] INFO  grpc.GrpcConfigKeys (ConfUtils.java:logGet(44)) - raft.grpc.server.port = 0 (default)
2021-12-02 14:31:23,505 [Listener at 127.0.0.1/39245] INFO  server.GrpcService (ConfUtils.java:logGet(44)) - raft.grpc.message.size.max = 32MB (=33554432) (custom)
2021-12-02 14:31:23,505 [Listener at 127.0.0.1/39245] INFO  server.RaftServerConfigKeys (ConfUtils.java:logGet(44)) - raft.server.log.appender.buffer.byte-limit = 33554432 (custom)
2021-12-02 14:31:23,505 [Listener at 127.0.0.1/39245] INFO  server.GrpcService (ConfUtils.java:logGet(44)) - raft.grpc.flow.control.window = 5MB (=5242880) (custom)
2021-12-02 14:31:23,505 [Listener at 127.0.0.1/39245] INFO  server.RaftServerConfigKeys (ConfUtils.java:logGet(44)) - raft.server.rpc.request.timeout = 3000ms (default)
2021-12-02 14:31:23,506 [Listener at 127.0.0.1/39245] INFO  impl.DataStreamServerImpl (ConfUtils.java:logGet(44)) - raft.datastream.type = DISABLED (default)
2021-12-02 14:31:23,506 [Listener at 127.0.0.1/39245] INFO  server.RaftServerConfigKeys (ConfUtils.java:logGet(44)) - raft.server.rpc.slowness.timeout = 300000ms (custom)
2021-12-02 14:31:23,506 [Listener at 127.0.0.1/39245] INFO  server.RaftServerConfigKeys (ConfUtils.java:logGet(44)) - raft.server.leaderelection.leader.step-down.wait-time = 10s (default)
2021-12-02 14:31:23,506 [Listener at 127.0.0.1/39245] INFO  server.RaftServerConfigKeys (ConfUtils.java:logGet(44)) - raft.server.storage.dir = [/home/runner/work/ozone/ozone/hadoop-ozone/integration-test/target/test-dir/MiniOzoneClusterImpl-fd94144e-5974-489a-b79f-b066564ba6f5/datanode-1/data/ratis] (custom)
2021-12-02 14:31:23,525 [Listener at 127.0.0.1/39245] INFO  http.BaseHttpServer (BaseHttpServer.java:newHttpServer2BuilderForOzone(209)) - Starting Web-server for hddsDatanode at: http://0.0.0.0:0
2021-12-02 14:31:23,525 [Listener at 127.0.0.1/39245] INFO  http.BaseHttpServer (BaseHttpServer.java:<init>(107)) - Hadoop Security Enabled: false Ozone Security Enabled: false Ozone HTTP Security Enabled: false 
2021-12-02 14:31:23,525 [Listener at 127.0.0.1/39245] INFO  server.AuthenticationFilter (AuthenticationFilter.java:constructSecretProvider(240)) - Unable to initialize FileSignerSecretProvider, falling back to use random secrets.
2021-12-02 14:31:23,526 [Listener at 127.0.0.1/39245] WARN  http.HttpRequestLog (HttpRequestLog.java:getRequestLog(103)) - Jetty request log can only be enabled using Log4j
2021-12-02 14:31:23,527 [Listener at 127.0.0.1/39245] INFO  http.HttpServer2 (HttpServer2.java:addGlobalFilter(1030)) - Added global filter 'safety' (class=org.apache.hadoop.hdds.server.http.HttpServer2$QuotingInputFilter)
2021-12-02 14:31:23,527 [Listener at 127.0.0.1/39245] INFO  http.HttpServer2 (HttpServer2.java:addFilter(1006)) - Added filter static_user_filter (class=org.apache.hadoop.http.lib.StaticUserWebFilter$StaticUserFilter) to context hddsDatanode
2021-12-02 14:31:23,527 [Listener at 127.0.0.1/39245] INFO  http.HttpServer2 (HttpServer2.java:addFilter(1014)) - Added filter static_user_filter (class=org.apache.hadoop.http.lib.StaticUserWebFilter$StaticUserFilter) to context static
2021-12-02 14:31:23,527 [Listener at 127.0.0.1/39245] INFO  http.HttpServer2 (HttpServer2.java:addFilter(1014)) - Added filter static_user_filter (class=org.apache.hadoop.http.lib.StaticUserWebFilter$StaticUserFilter) to context logs
2021-12-02 14:31:23,527 [Listener at 127.0.0.1/39245] INFO  http.HttpServer2 (HttpServer2.java:bindListener(1249)) - Jetty bound to port 46511
2021-12-02 14:31:23,528 [Listener at 127.0.0.1/39245] INFO  server.Server (Server.java:doStart(375)) - jetty-9.4.43.v20210629; built: 2021-06-30T11:07:22.254Z; git: 526006ecfa3af7f1a27ef3a288e2bef7ea9dd7e8; jvm 1.8.0_292-b10
2021-12-02 14:31:23,565 [Listener at 127.0.0.1/39245] INFO  server.session (DefaultSessionIdManager.java:doStart(334)) - DefaultSessionIdManager workerName=node0
2021-12-02 14:31:23,565 [Listener at 127.0.0.1/39245] INFO  server.session (DefaultSessionIdManager.java:doStart(339)) - No SessionScavenger set, using defaults
2021-12-02 14:31:23,565 [Listener at 127.0.0.1/39245] INFO  server.session (HouseKeeper.java:startScavenging(132)) - node0 Scavenging every 600000ms
2021-12-02 14:31:23,566 [Listener at 127.0.0.1/39245] INFO  handler.ContextHandler (ContextHandler.java:doStart(915)) - Started o.e.j.s.ServletContextHandler@12bb47d4{logs,/logs,file:///home/runner/work/ozone/ozone/hadoop-ozone/integration-test/target/log,AVAILABLE}
2021-12-02 14:31:23,566 [Listener at 127.0.0.1/39245] INFO  handler.ContextHandler (ContextHandler.java:doStart(915)) - Started o.e.j.s.ServletContextHandler@6f707c05{static,/static,jar:file:/home/runner/.m2/repository/org/apache/ozone/hdds-container-service/1.3.0-SNAPSHOT/hdds-container-service-1.3.0-SNAPSHOT.jar!/webapps/static,AVAILABLE}
2021-12-02 14:31:23,708 [Listener at 127.0.0.1/39245] INFO  handler.ContextHandler (ContextHandler.java:doStart(915)) - Started o.e.j.w.WebAppContext@69357209{hddsDatanode,/,file:///tmp/jetty-0_0_0_0-46511-hdds-container-service-1_3_0-SNAPSHOT_jar-_-any-2516667716583727253/webapp/,AVAILABLE}{jar:file:/home/runner/.m2/repository/org/apache/ozone/hdds-container-service/1.3.0-SNAPSHOT/hdds-container-service-1.3.0-SNAPSHOT.jar!/webapps/hddsDatanode}
2021-12-02 14:31:23,734 [Listener at 127.0.0.1/39245] INFO  server.AbstractConnector (AbstractConnector.java:doStart(331)) - Started ServerConnector@64e768c8{HTTP/1.1, (http/1.1)}{0.0.0.0:46511}
2021-12-02 14:31:23,734 [Listener at 127.0.0.1/39245] INFO  server.Server (Server.java:doStart(415)) - Started @369766ms
2021-12-02 14:31:23,734 [Listener at 127.0.0.1/39245] WARN  impl.MetricsSystemImpl (MetricsSystemImpl.java:register(279)) - Sink prometheus already exists!
2021-12-02 14:31:23,735 [Listener at 127.0.0.1/39245] INFO  http.BaseHttpServer (BaseHttpServer.java:updateConnectorAddress(329)) - HTTP server of hddsDatanode listening at http://0.0.0.0:46511
2021-12-02 14:31:23,735 [Listener at 127.0.0.1/39245] WARN  impl.MetricRegistriesImpl (MetricRegistriesImpl.java:addReporterRegistration(111)) - New reporters are added after registries were created. Some metrics will be missing from the reporter. Please add reporter before adding any new registry.
2021-12-02 14:31:23,735 [Listener at 127.0.0.1/39245] WARN  impl.MetricRegistriesImpl (MetricRegistriesImpl.java:addReporterRegistration(111)) - New reporters are added after registries were created. Some metrics will be missing from the reporter. Please add reporter before adding any new registry.
2021-12-02 14:31:23,735 [Listener at 127.0.0.1/39245] INFO  impl.MetricsSystemImpl (MetricsSystemImpl.java:init(158)) - HddsDatanode metrics system started (again)
2021-12-02 14:31:23,742 [Datanode State Machine Daemon Thread] INFO  statemachine.DatanodeStateMachine (DatanodeStateMachine.java:lambda$startDaemon$0(467)) - Ozone container server started.
2021-12-02 14:31:23,775 [org.apache.hadoop.util.JvmPauseMonitor$Monitor@5506ba42] INFO  util.JvmPauseMonitor (JvmPauseMonitor.java:run(188)) - Starting JVM pause monitor
2021-12-02 14:31:23,791 [om1@group-C5BA1605619E-FollowerState] INFO  impl.FollowerState (FollowerState.java:run(134)) - om1@group-C5BA1605619E-FollowerState: change to CANDIDATE, lastRpcElapsedTime:1195638994ns, electionTimeout:1176ms
2021-12-02 14:31:23,791 [om1@group-C5BA1605619E-FollowerState] INFO  impl.RoleInfo (RoleInfo.java:shutdownFollowerState(108)) - om1: shutdown om1@group-C5BA1605619E-FollowerState
2021-12-02 14:31:23,791 [om1@group-C5BA1605619E-FollowerState] INFO  server.RaftServer$Division (RaftServerImpl.java:setRole(290)) - om1@group-C5BA1605619E: changes role from  FOLLOWER to CANDIDATE at term 0 for changeToCandidate
2021-12-02 14:31:23,791 [om1@group-C5BA1605619E-FollowerState] INFO  server.RaftServerConfigKeys (ConfUtils.java:logGet(44)) - raft.server.leaderelection.pre-vote = false (custom)
2021-12-02 14:31:23,791 [om1@group-C5BA1605619E-FollowerState] INFO  impl.RoleInfo (RoleInfo.java:updateAndGet(130)) - om1: start om1@group-C5BA1605619E-LeaderElection107
2021-12-02 14:31:23,804 [Listener at 127.0.0.1/39245] INFO  ozone.HddsDatanodeService (HddsDatanodeService.java:start(234)) - HddsDatanodeService host:fv-az59-375.csjynl4pkq3e1pkirw3ssqjfoh.cx.internal.cloudapp.net ip:10.1.0.16
2021-12-02 14:31:23,885 [Datanode State Machine Task Thread - 0] INFO  datanode.InitDatanodeState (InitDatanodeState.java:persistContainerDatanodeDetails(145)) - DatanodeDetails is persisted to /home/runner/work/ozone/ozone/hadoop-ozone/integration-test/target/test-dir/MiniOzoneClusterImpl-fd94144e-5974-489a-b79f-b066564ba6f5/datanode-1/meta/datanode.id
2021-12-02 14:31:23,931 [Listener at 127.0.0.1/39245] INFO  upgrade.AbstractLayoutVersionManager (AbstractLayoutVersionManager.java:init(79)) - Initializing Layout version manager with metadata layout = SCM_HA (version = 2), software layout = SCM_HA (version = 2)
2021-12-02 14:31:23,937 [om1@group-C5BA1605619E-LeaderElection107] INFO  impl.LeaderElection (LeaderElection.java:askForVotes(306)) - om1@group-C5BA1605619E-LeaderElection107 ELECTION round 0: submit vote requests at term 1 for -1: [om1|rpc:localhost:9872|priority:0], old=null
2021-12-02 14:31:23,937 [om1@group-C5BA1605619E-LeaderElection107] INFO  impl.LeaderElection (LeaderElection.java:askForVotes(308)) - om1@group-C5BA1605619E-LeaderElection107 ELECTION round 0: result PASSED (term=1)
2021-12-02 14:31:23,937 [om1@group-C5BA1605619E-LeaderElection107] INFO  impl.RoleInfo (RoleInfo.java:shutdownLeaderElection(121)) - om1: shutdown om1@group-C5BA1605619E-LeaderElection107
2021-12-02 14:31:23,937 [om1@group-C5BA1605619E-LeaderElection107] INFO  server.RaftServer$Division (RaftServerImpl.java:setRole(290)) - om1@group-C5BA1605619E: changes role from CANDIDATE to LEADER at term 1 for changeToLeader
2021-12-02 14:31:23,937 [om1@group-C5BA1605619E-LeaderElection107] INFO  server.RaftServer$Division (ServerState.java:setLeader(285)) - om1@group-C5BA1605619E: change Leader from null to om1 at term 1 for becomeLeader, leader elected after 1398ms
2021-12-02 14:31:23,937 [om1@group-C5BA1605619E-LeaderElection107] INFO  server.RaftServerConfigKeys (ConfUtils.java:logGet(44)) - raft.server.staging.catchup.gap = 1000 (default)
2021-12-02 14:31:23,938 [om1@group-C5BA1605619E-LeaderElection107] INFO  server.RaftServerConfigKeys (ConfUtils.java:logGet(44)) - raft.server.write.element-limit = 4096 (default)
2021-12-02 14:31:23,938 [om1@group-C5BA1605619E-LeaderElection107] INFO  server.RaftServerConfigKeys (ConfUtils.java:logGet(44)) - raft.server.write.byte-limit = 64MB (=67108864) (default)
2021-12-02 14:31:23,938 [om1@group-C5BA1605619E-LeaderElection107] INFO  server.RaftServerConfigKeys (ConfUtils.java:logGet(44)) - raft.server.watch.timeout = 10s (default)
2021-12-02 14:31:23,941 [om1@group-C5BA1605619E-LeaderElection107] INFO  server.RaftServerConfigKeys (ConfUtils.java:logGet(44)) - raft.server.watch.timeout.denomination = 1s (default)
2021-12-02 14:31:23,941 [om1@group-C5BA1605619E-LeaderElection107] INFO  server.RaftServerConfigKeys (ConfUtils.java:logGet(44)) - raft.server.watch.element-limit = 65536 (default)
2021-12-02 14:31:23,941 [om1@group-C5BA1605619E-LeaderElection107] INFO  server.RaftServerConfigKeys (ConfUtils.java:logGet(44)) - raft.server.write.element-limit = 4096 (default)
2021-12-02 14:31:23,941 [om1@group-C5BA1605619E-LeaderElection107] INFO  server.RaftServerConfigKeys (ConfUtils.java:logGet(44)) - raft.server.write.follower.gap.ratio.max = -1.0 (default)
2021-12-02 14:31:23,941 [om1@group-C5BA1605619E-LeaderElection107] INFO  impl.RoleInfo (RoleInfo.java:updateAndGet(130)) - om1: start om1@group-C5BA1605619E-LeaderStateImpl
2021-12-02 14:31:23,955 [om1@group-C5BA1605619E-LeaderElection107] INFO  segmented.SegmentedRaftLogWorker (SegmentedRaftLogWorker.java:startLogSegment(394)) - om1@group-C5BA1605619E-SegmentedRaftLogWorker: Starting segment from index:0
2021-12-02 14:31:23,969 [om1@group-C5BA1605619E-SegmentedRaftLogWorker] INFO  segmented.SegmentedRaftLogWorker (SegmentedRaftLogWorker.java:execute(601)) - om1@group-C5BA1605619E-SegmentedRaftLogWorker: created new log segment /home/runner/work/ozone/ozone/hadoop-ozone/integration-test/target/test-dir/MiniOzoneClusterImpl-fd94144e-5974-489a-b79f-b066564ba6f5/ozone-meta/ratis/bf265839-605b-3f16-9796-c5ba1605619e/current/log_inprogress_0
2021-12-02 14:31:23,993 [om1@group-C5BA1605619E-LeaderElection107] INFO  server.RaftServer$Division (ServerState.java:setRaftConf(387)) - om1@group-C5BA1605619E: set configuration 0: [om1|rpc:localhost:9872|admin:|client:|dataStream:|priority:0], old=null
2021-12-02 14:31:24,003 [om1@group-C5BA1605619E-StateMachineUpdater] INFO  ratis.OzoneManagerStateMachine (OzoneManagerStateMachine.java:notifyConfigurationChanged(188)) - Received Configuration change notification from Ratis. New Peer list:
[id: "om1"
address: "localhost:9872"
]
2021-12-02 14:31:24,016 [Listener at 127.0.0.1/39245] INFO  reflections.Reflections (Reflections.java:scan(232)) - Reflections took 84 ms to scan 7 urls, producing 119 keys and 279 values 
2021-12-02 14:31:24,017 [Listener at 127.0.0.1/39245] INFO  statemachine.DatanodeStateMachine (DatanodeStateMachine.java:getEndPointTaskThreadPoolSize(219)) - Datanode State Machine Task Thread Pool size 2
2021-12-02 14:31:24,018 [Listener at 127.0.0.1/39245] INFO  volume.HddsVolume (HddsVolume.java:<init>(120)) - Creating HddsVolume: /home/runner/work/ozone/ozone/hadoop-ozone/integration-test/target/test-dir/MiniOzoneClusterImpl-fd94144e-5974-489a-b79f-b066564ba6f5/datanode-2/data-0/containers/hdds of storage type : DISK capacity : 9223372036854775807
2021-12-02 14:31:24,018 [Listener at 127.0.0.1/39245] INFO  volume.MutableVolumeSet (MutableVolumeSet.java:initializeVolumeSet(168)) - Added Volume : /home/runner/work/ozone/ozone/hadoop-ozone/integration-test/target/test-dir/MiniOzoneClusterImpl-fd94144e-5974-489a-b79f-b066564ba6f5/datanode-2/data-0/containers/hdds to VolumeSet
2021-12-02 14:31:24,019 [Listener at 127.0.0.1/39245] INFO  volume.ThrottledAsyncChecker (ThrottledAsyncChecker.java:schedule(141)) - Scheduling a check for /home/runner/work/ozone/ozone/hadoop-ozone/integration-test/target/test-dir/MiniOzoneClusterImpl-fd94144e-5974-489a-b79f-b066564ba6f5/datanode-2/data-0/containers/hdds
2021-12-02 14:31:24,020 [Listener at 127.0.0.1/39245] INFO  volume.StorageVolumeChecker (StorageVolumeChecker.java:checkAllVolumes(202)) - Scheduled health check for volume /home/runner/work/ozone/ozone/hadoop-ozone/integration-test/target/test-dir/MiniOzoneClusterImpl-fd94144e-5974-489a-b79f-b066564ba6f5/datanode-2/data-0/containers/hdds
2021-12-02 14:31:24,042 [Listener at 127.0.0.1/39245] INFO  volume.MutableVolumeSet (MutableVolumeSet.java:initializeVolumeSet(168)) - Added Volume : /home/runner/work/ozone/ozone/hadoop-ozone/integration-test/target/test-dir/MiniOzoneClusterImpl-fd94144e-5974-489a-b79f-b066564ba6f5/datanode-2/data/ratis to VolumeSet
2021-12-02 14:31:24,043 [Listener at 127.0.0.1/39245] INFO  volume.ThrottledAsyncChecker (ThrottledAsyncChecker.java:schedule(141)) - Scheduling a check for /home/runner/work/ozone/ozone/hadoop-ozone/integration-test/target/test-dir/MiniOzoneClusterImpl-fd94144e-5974-489a-b79f-b066564ba6f5/datanode-2/data/ratis
2021-12-02 14:31:24,043 [Listener at 127.0.0.1/39245] INFO  volume.StorageVolumeChecker (StorageVolumeChecker.java:checkAllVolumes(202)) - Scheduled health check for volume /home/runner/work/ozone/ozone/hadoop-ozone/integration-test/target/test-dir/MiniOzoneClusterImpl-fd94144e-5974-489a-b79f-b066564ba6f5/datanode-2/data/ratis
2021-12-02 14:31:24,080 [Thread-2642] INFO  ozoneimpl.ContainerReader (ContainerReader.java:readVolume(172)) - Finish verifying containers on volume /home/runner/work/ozone/ozone/hadoop-ozone/integration-test/target/test-dir/MiniOzoneClusterImpl-fd94144e-5974-489a-b79f-b066564ba6f5/datanode-2/data-0/containers/hdds
2021-12-02 14:31:24,080 [Listener at 127.0.0.1/39245] INFO  ozoneimpl.OzoneContainer (OzoneContainer.java:buildContainerSet(236)) - Build ContainerSet costs 0s
2021-12-02 14:31:24,082 [Listener at 127.0.0.1/39245] INFO  server.RaftServer (ConfUtils.java:logGet(44)) - raft.rpc.type = GRPC (default)
2021-12-02 14:31:24,085 [Listener at 127.0.0.1/39245] INFO  grpc.GrpcFactory (GrpcFactory.java:checkPooledByteBufAllocatorUseCacheForAllThreads(48)) - PERFORMANCE WARNING: useCacheForAllThreads is true that may cause Netty to create a lot garbage objects and, as a result, trigger GC.
	It is recommended to disable useCacheForAllThreads by setting -Dorg.apache.ratis.thirdparty.io.netty.allocator.useCacheForAllThreads=false in command line.
2021-12-02 14:31:24,085 [Listener at 127.0.0.1/39245] INFO  grpc.GrpcConfigKeys (ConfUtils.java:logGet(44)) - raft.grpc.admin.port = 0 (custom)
2021-12-02 14:31:24,085 [Listener at 127.0.0.1/39245] INFO  grpc.GrpcConfigKeys (ConfUtils.java:logGet(44)) - raft.grpc.client.port = 0 (custom)
2021-12-02 14:31:24,085 [Listener at 127.0.0.1/39245] INFO  grpc.GrpcConfigKeys (ConfUtils.java:logGet(44)) - raft.grpc.server.port = 0 (default)
2021-12-02 14:31:24,085 [Listener at 127.0.0.1/39245] INFO  server.GrpcService (ConfUtils.java:logGet(44)) - raft.grpc.message.size.max = 32MB (=33554432) (custom)
2021-12-02 14:31:24,085 [Listener at 127.0.0.1/39245] INFO  server.RaftServerConfigKeys (ConfUtils.java:logGet(44)) - raft.server.log.appender.buffer.byte-limit = 33554432 (custom)
2021-12-02 14:31:24,085 [Listener at 127.0.0.1/39245] INFO  server.GrpcService (ConfUtils.java:logGet(44)) - raft.grpc.flow.control.window = 5MB (=5242880) (custom)
2021-12-02 14:31:24,085 [Listener at 127.0.0.1/39245] INFO  server.RaftServerConfigKeys (ConfUtils.java:logGet(44)) - raft.server.rpc.request.timeout = 3000ms (default)
2021-12-02 14:31:24,086 [Listener at 127.0.0.1/39245] INFO  impl.DataStreamServerImpl (ConfUtils.java:logGet(44)) - raft.datastream.type = DISABLED (default)
2021-12-02 14:31:24,086 [Listener at 127.0.0.1/39245] INFO  server.RaftServerConfigKeys (ConfUtils.java:logGet(44)) - raft.server.rpc.slowness.timeout = 300000ms (custom)
2021-12-02 14:31:24,087 [Listener at 127.0.0.1/39245] INFO  server.RaftServerConfigKeys (ConfUtils.java:logGet(44)) - raft.server.leaderelection.leader.step-down.wait-time = 10s (default)
2021-12-02 14:31:24,087 [Listener at 127.0.0.1/39245] INFO  server.RaftServerConfigKeys (ConfUtils.java:logGet(44)) - raft.server.storage.dir = [/home/runner/work/ozone/ozone/hadoop-ozone/integration-test/target/test-dir/MiniOzoneClusterImpl-fd94144e-5974-489a-b79f-b066564ba6f5/datanode-2/data/ratis] (custom)
2021-12-02 14:31:24,102 [Listener at 127.0.0.1/39245] INFO  http.BaseHttpServer (BaseHttpServer.java:newHttpServer2BuilderForOzone(209)) - Starting Web-server for hddsDatanode at: http://0.0.0.0:0
2021-12-02 14:31:24,102 [Listener at 127.0.0.1/39245] INFO  http.BaseHttpServer (BaseHttpServer.java:<init>(107)) - Hadoop Security Enabled: false Ozone Security Enabled: false Ozone HTTP Security Enabled: false 
2021-12-02 14:31:24,102 [Listener at 127.0.0.1/39245] INFO  server.AuthenticationFilter (AuthenticationFilter.java:constructSecretProvider(240)) - Unable to initialize FileSignerSecretProvider, falling back to use random secrets.
2021-12-02 14:31:24,109 [Listener at 127.0.0.1/39245] WARN  http.HttpRequestLog (HttpRequestLog.java:getRequestLog(103)) - Jetty request log can only be enabled using Log4j
2021-12-02 14:31:24,110 [Listener at 127.0.0.1/39245] INFO  http.HttpServer2 (HttpServer2.java:addGlobalFilter(1030)) - Added global filter 'safety' (class=org.apache.hadoop.hdds.server.http.HttpServer2$QuotingInputFilter)
2021-12-02 14:31:24,110 [Listener at 127.0.0.1/39245] INFO  http.HttpServer2 (HttpServer2.java:addFilter(1006)) - Added filter static_user_filter (class=org.apache.hadoop.http.lib.StaticUserWebFilter$StaticUserFilter) to context hddsDatanode
2021-12-02 14:31:24,111 [Listener at 127.0.0.1/39245] INFO  http.HttpServer2 (HttpServer2.java:addFilter(1014)) - Added filter static_user_filter (class=org.apache.hadoop.http.lib.StaticUserWebFilter$StaticUserFilter) to context logs
2021-12-02 14:31:24,111 [Listener at 127.0.0.1/39245] INFO  http.HttpServer2 (HttpServer2.java:addFilter(1014)) - Added filter static_user_filter (class=org.apache.hadoop.http.lib.StaticUserWebFilter$StaticUserFilter) to context static
2021-12-02 14:31:24,111 [Listener at 127.0.0.1/39245] INFO  http.HttpServer2 (HttpServer2.java:bindListener(1249)) - Jetty bound to port 37713
2021-12-02 14:31:24,111 [Listener at 127.0.0.1/39245] INFO  server.Server (Server.java:doStart(375)) - jetty-9.4.43.v20210629; built: 2021-06-30T11:07:22.254Z; git: 526006ecfa3af7f1a27ef3a288e2bef7ea9dd7e8; jvm 1.8.0_292-b10
2021-12-02 14:31:24,124 [Listener at 127.0.0.1/39245] INFO  server.session (DefaultSessionIdManager.java:doStart(334)) - DefaultSessionIdManager workerName=node0
2021-12-02 14:31:24,124 [Listener at 127.0.0.1/39245] INFO  server.session (DefaultSessionIdManager.java:doStart(339)) - No SessionScavenger set, using defaults
2021-12-02 14:31:24,124 [Listener at 127.0.0.1/39245] INFO  server.session (HouseKeeper.java:startScavenging(132)) - node0 Scavenging every 660000ms
2021-12-02 14:31:24,125 [Listener at 127.0.0.1/39245] INFO  handler.ContextHandler (ContextHandler.java:doStart(915)) - Started o.e.j.s.ServletContextHandler@3f36ee35{logs,/logs,file:///home/runner/work/ozone/ozone/hadoop-ozone/integration-test/target/log,AVAILABLE}
2021-12-02 14:31:24,125 [Listener at 127.0.0.1/39245] INFO  handler.ContextHandler (ContextHandler.java:doStart(915)) - Started o.e.j.s.ServletContextHandler@1140715f{static,/static,jar:file:/home/runner/.m2/repository/org/apache/ozone/hdds-container-service/1.3.0-SNAPSHOT/hdds-container-service-1.3.0-SNAPSHOT.jar!/webapps/static,AVAILABLE}
2021-12-02 14:31:24,191 [Listener at 127.0.0.1/39245] INFO  handler.ContextHandler (ContextHandler.java:doStart(915)) - Started o.e.j.w.WebAppContext@712fefa{hddsDatanode,/,file:///tmp/jetty-0_0_0_0-37713-hdds-container-service-1_3_0-SNAPSHOT_jar-_-any-1847138190972561002/webapp/,AVAILABLE}{jar:file:/home/runner/.m2/repository/org/apache/ozone/hdds-container-service/1.3.0-SNAPSHOT/hdds-container-service-1.3.0-SNAPSHOT.jar!/webapps/hddsDatanode}
2021-12-02 14:31:24,219 [Listener at 127.0.0.1/39245] INFO  server.AbstractConnector (AbstractConnector.java:doStart(331)) - Started ServerConnector@583b7371{HTTP/1.1, (http/1.1)}{0.0.0.0:37713}
2021-12-02 14:31:24,220 [Listener at 127.0.0.1/39245] INFO  server.Server (Server.java:doStart(415)) - Started @370251ms
2021-12-02 14:31:24,220 [Listener at 127.0.0.1/39245] WARN  impl.MetricsSystemImpl (MetricsSystemImpl.java:register(279)) - Sink prometheus already exists!
2021-12-02 14:31:24,223 [Listener at 127.0.0.1/39245] INFO  http.BaseHttpServer (BaseHttpServer.java:updateConnectorAddress(329)) - HTTP server of hddsDatanode listening at http://0.0.0.0:37713
2021-12-02 14:31:24,224 [Listener at 127.0.0.1/39245] WARN  impl.MetricRegistriesImpl (MetricRegistriesImpl.java:addReporterRegistration(111)) - New reporters are added after registries were created. Some metrics will be missing from the reporter. Please add reporter before adding any new registry.
2021-12-02 14:31:24,224 [Listener at 127.0.0.1/39245] WARN  impl.MetricRegistriesImpl (MetricRegistriesImpl.java:addReporterRegistration(111)) - New reporters are added after registries were created. Some metrics will be missing from the reporter. Please add reporter before adding any new registry.
2021-12-02 14:31:24,224 [Listener at 127.0.0.1/39245] INFO  impl.MetricsSystemImpl (MetricsSystemImpl.java:init(158)) - HddsDatanode metrics system started (again)
2021-12-02 14:31:24,224 [Datanode State Machine Daemon Thread] INFO  statemachine.DatanodeStateMachine (DatanodeStateMachine.java:lambda$startDaemon$0(467)) - Ozone container server started.
2021-12-02 14:31:24,255 [org.apache.hadoop.util.JvmPauseMonitor$Monitor@34486d20] INFO  util.JvmPauseMonitor (JvmPauseMonitor.java:run(188)) - Starting JVM pause monitor
2021-12-02 14:31:24,267 [Datanode State Machine Task Thread - 0] INFO  datanode.InitDatanodeState (InitDatanodeState.java:persistContainerDatanodeDetails(145)) - DatanodeDetails is persisted to /home/runner/work/ozone/ozone/hadoop-ozone/integration-test/target/test-dir/MiniOzoneClusterImpl-fd94144e-5974-489a-b79f-b066564ba6f5/datanode-2/meta/datanode.id
2021-12-02 14:31:24,268 [Listener at 127.0.0.1/39245] INFO  ozone.HddsDatanodeService (HddsDatanodeService.java:start(234)) - HddsDatanodeService host:fv-az59-375.csjynl4pkq3e1pkirw3ssqjfoh.cx.internal.cloudapp.net ip:10.1.0.16
2021-12-02 14:31:24,322 [Listener at 127.0.0.1/39245] INFO  upgrade.AbstractLayoutVersionManager (AbstractLayoutVersionManager.java:init(79)) - Initializing Layout version manager with metadata layout = SCM_HA (version = 2), software layout = SCM_HA (version = 2)
2021-12-02 14:31:24,376 [Listener at 127.0.0.1/39245] INFO  reflections.Reflections (Reflections.java:scan(232)) - Reflections took 52 ms to scan 7 urls, producing 119 keys and 279 values 
2021-12-02 14:31:24,381 [Listener at 127.0.0.1/39245] INFO  statemachine.DatanodeStateMachine (DatanodeStateMachine.java:getEndPointTaskThreadPoolSize(219)) - Datanode State Machine Task Thread Pool size 2
2021-12-02 14:31:24,383 [Listener at 127.0.0.1/39245] INFO  volume.HddsVolume (HddsVolume.java:<init>(120)) - Creating HddsVolume: /home/runner/work/ozone/ozone/hadoop-ozone/integration-test/target/test-dir/MiniOzoneClusterImpl-fd94144e-5974-489a-b79f-b066564ba6f5/datanode-3/data-0/containers/hdds of storage type : DISK capacity : 9223372036854775807
2021-12-02 14:31:24,383 [Listener at 127.0.0.1/39245] INFO  volume.MutableVolumeSet (MutableVolumeSet.java:initializeVolumeSet(168)) - Added Volume : /home/runner/work/ozone/ozone/hadoop-ozone/integration-test/target/test-dir/MiniOzoneClusterImpl-fd94144e-5974-489a-b79f-b066564ba6f5/datanode-3/data-0/containers/hdds to VolumeSet
2021-12-02 14:31:24,383 [Listener at 127.0.0.1/39245] INFO  volume.ThrottledAsyncChecker (ThrottledAsyncChecker.java:schedule(141)) - Scheduling a check for /home/runner/work/ozone/ozone/hadoop-ozone/integration-test/target/test-dir/MiniOzoneClusterImpl-fd94144e-5974-489a-b79f-b066564ba6f5/datanode-3/data-0/containers/hdds
2021-12-02 14:31:24,384 [Listener at 127.0.0.1/39245] INFO  volume.StorageVolumeChecker (StorageVolumeChecker.java:checkAllVolumes(202)) - Scheduled health check for volume /home/runner/work/ozone/ozone/hadoop-ozone/integration-test/target/test-dir/MiniOzoneClusterImpl-fd94144e-5974-489a-b79f-b066564ba6f5/datanode-3/data-0/containers/hdds
2021-12-02 14:31:24,398 [Listener at 127.0.0.1/39245] INFO  volume.MutableVolumeSet (MutableVolumeSet.java:initializeVolumeSet(168)) - Added Volume : /home/runner/work/ozone/ozone/hadoop-ozone/integration-test/target/test-dir/MiniOzoneClusterImpl-fd94144e-5974-489a-b79f-b066564ba6f5/datanode-3/data/ratis to VolumeSet
2021-12-02 14:31:24,398 [Listener at 127.0.0.1/39245] INFO  volume.ThrottledAsyncChecker (ThrottledAsyncChecker.java:schedule(141)) - Scheduling a check for /home/runner/work/ozone/ozone/hadoop-ozone/integration-test/target/test-dir/MiniOzoneClusterImpl-fd94144e-5974-489a-b79f-b066564ba6f5/datanode-3/data/ratis
2021-12-02 14:31:24,399 [Listener at 127.0.0.1/39245] INFO  volume.StorageVolumeChecker (StorageVolumeChecker.java:checkAllVolumes(202)) - Scheduled health check for volume /home/runner/work/ozone/ozone/hadoop-ozone/integration-test/target/test-dir/MiniOzoneClusterImpl-fd94144e-5974-489a-b79f-b066564ba6f5/datanode-3/data/ratis
2021-12-02 14:31:24,409 [Thread-2654] INFO  ozoneimpl.ContainerReader (ContainerReader.java:readVolume(172)) - Finish verifying containers on volume /home/runner/work/ozone/ozone/hadoop-ozone/integration-test/target/test-dir/MiniOzoneClusterImpl-fd94144e-5974-489a-b79f-b066564ba6f5/datanode-3/data-0/containers/hdds
2021-12-02 14:31:24,409 [Listener at 127.0.0.1/39245] INFO  ozoneimpl.OzoneContainer (OzoneContainer.java:buildContainerSet(236)) - Build ContainerSet costs 0s
2021-12-02 14:31:24,410 [Listener at 127.0.0.1/39245] INFO  server.RaftServer (ConfUtils.java:logGet(44)) - raft.rpc.type = GRPC (default)
2021-12-02 14:31:24,411 [Listener at 127.0.0.1/39245] INFO  grpc.GrpcFactory (GrpcFactory.java:checkPooledByteBufAllocatorUseCacheForAllThreads(48)) - PERFORMANCE WARNING: useCacheForAllThreads is true that may cause Netty to create a lot garbage objects and, as a result, trigger GC.
	It is recommended to disable useCacheForAllThreads by setting -Dorg.apache.ratis.thirdparty.io.netty.allocator.useCacheForAllThreads=false in command line.
2021-12-02 14:31:24,411 [Listener at 127.0.0.1/39245] INFO  grpc.GrpcConfigKeys (ConfUtils.java:logGet(44)) - raft.grpc.admin.port = 0 (custom)
2021-12-02 14:31:24,412 [Listener at 127.0.0.1/39245] INFO  grpc.GrpcConfigKeys (ConfUtils.java:logGet(44)) - raft.grpc.client.port = 0 (custom)
2021-12-02 14:31:24,412 [Listener at 127.0.0.1/39245] INFO  grpc.GrpcConfigKeys (ConfUtils.java:logGet(44)) - raft.grpc.server.port = 0 (default)
2021-12-02 14:31:24,412 [Listener at 127.0.0.1/39245] INFO  server.GrpcService (ConfUtils.java:logGet(44)) - raft.grpc.message.size.max = 32MB (=33554432) (custom)
2021-12-02 14:31:24,412 [Listener at 127.0.0.1/39245] INFO  server.RaftServerConfigKeys (ConfUtils.java:logGet(44)) - raft.server.log.appender.buffer.byte-limit = 33554432 (custom)
2021-12-02 14:31:24,412 [Listener at 127.0.0.1/39245] INFO  server.GrpcService (ConfUtils.java:logGet(44)) - raft.grpc.flow.control.window = 5MB (=5242880) (custom)
2021-12-02 14:31:24,412 [Listener at 127.0.0.1/39245] INFO  server.RaftServerConfigKeys (ConfUtils.java:logGet(44)) - raft.server.rpc.request.timeout = 3000ms (default)
2021-12-02 14:31:24,413 [Listener at 127.0.0.1/39245] INFO  impl.DataStreamServerImpl (ConfUtils.java:logGet(44)) - raft.datastream.type = DISABLED (default)
2021-12-02 14:31:24,413 [Listener at 127.0.0.1/39245] INFO  server.RaftServerConfigKeys (ConfUtils.java:logGet(44)) - raft.server.rpc.slowness.timeout = 300000ms (custom)
2021-12-02 14:31:24,413 [Listener at 127.0.0.1/39245] INFO  server.RaftServerConfigKeys (ConfUtils.java:logGet(44)) - raft.server.leaderelection.leader.step-down.wait-time = 10s (default)
2021-12-02 14:31:24,413 [Listener at 127.0.0.1/39245] INFO  server.RaftServerConfigKeys (ConfUtils.java:logGet(44)) - raft.server.storage.dir = [/home/runner/work/ozone/ozone/hadoop-ozone/integration-test/target/test-dir/MiniOzoneClusterImpl-fd94144e-5974-489a-b79f-b066564ba6f5/datanode-3/data/ratis] (custom)
2021-12-02 14:31:24,416 [Listener at 127.0.0.1/39245] INFO  http.BaseHttpServer (BaseHttpServer.java:newHttpServer2BuilderForOzone(209)) - Starting Web-server for hddsDatanode at: http://0.0.0.0:0
2021-12-02 14:31:24,416 [Listener at 127.0.0.1/39245] INFO  http.BaseHttpServer (BaseHttpServer.java:<init>(107)) - Hadoop Security Enabled: false Ozone Security Enabled: false Ozone HTTP Security Enabled: false 
2021-12-02 14:31:24,416 [Listener at 127.0.0.1/39245] INFO  server.AuthenticationFilter (AuthenticationFilter.java:constructSecretProvider(240)) - Unable to initialize FileSignerSecretProvider, falling back to use random secrets.
2021-12-02 14:31:24,425 [Listener at 127.0.0.1/39245] WARN  http.HttpRequestLog (HttpRequestLog.java:getRequestLog(103)) - Jetty request log can only be enabled using Log4j
2021-12-02 14:31:24,426 [Listener at 127.0.0.1/39245] INFO  http.HttpServer2 (HttpServer2.java:addGlobalFilter(1030)) - Added global filter 'safety' (class=org.apache.hadoop.hdds.server.http.HttpServer2$QuotingInputFilter)
2021-12-02 14:31:24,426 [Listener at 127.0.0.1/39245] INFO  http.HttpServer2 (HttpServer2.java:addFilter(1006)) - Added filter static_user_filter (class=org.apache.hadoop.http.lib.StaticUserWebFilter$StaticUserFilter) to context hddsDatanode
2021-12-02 14:31:24,426 [Listener at 127.0.0.1/39245] INFO  http.HttpServer2 (HttpServer2.java:addFilter(1014)) - Added filter static_user_filter (class=org.apache.hadoop.http.lib.StaticUserWebFilter$StaticUserFilter) to context static
2021-12-02 14:31:24,426 [Listener at 127.0.0.1/39245] INFO  http.HttpServer2 (HttpServer2.java:addFilter(1014)) - Added filter static_user_filter (class=org.apache.hadoop.http.lib.StaticUserWebFilter$StaticUserFilter) to context logs
2021-12-02 14:31:24,426 [Listener at 127.0.0.1/39245] INFO  http.HttpServer2 (HttpServer2.java:bindListener(1249)) - Jetty bound to port 37407
2021-12-02 14:31:24,426 [Listener at 127.0.0.1/39245] INFO  server.Server (Server.java:doStart(375)) - jetty-9.4.43.v20210629; built: 2021-06-30T11:07:22.254Z; git: 526006ecfa3af7f1a27ef3a288e2bef7ea9dd7e8; jvm 1.8.0_292-b10
2021-12-02 14:31:24,443 [Listener at 127.0.0.1/39245] INFO  server.session (DefaultSessionIdManager.java:doStart(334)) - DefaultSessionIdManager workerName=node0
2021-12-02 14:31:24,443 [Listener at 127.0.0.1/39245] INFO  server.session (DefaultSessionIdManager.java:doStart(339)) - No SessionScavenger set, using defaults
2021-12-02 14:31:24,444 [Listener at 127.0.0.1/39245] INFO  server.session (HouseKeeper.java:startScavenging(132)) - node0 Scavenging every 660000ms
2021-12-02 14:31:24,447 [Listener at 127.0.0.1/39245] INFO  handler.ContextHandler (ContextHandler.java:doStart(915)) - Started o.e.j.s.ServletContextHandler@708b7b31{logs,/logs,file:///home/runner/work/ozone/ozone/hadoop-ozone/integration-test/target/log,AVAILABLE}
2021-12-02 14:31:24,448 [Listener at 127.0.0.1/39245] INFO  handler.ContextHandler (ContextHandler.java:doStart(915)) - Started o.e.j.s.ServletContextHandler@57c993c1{static,/static,jar:file:/home/runner/.m2/repository/org/apache/ozone/hdds-container-service/1.3.0-SNAPSHOT/hdds-container-service-1.3.0-SNAPSHOT.jar!/webapps/static,AVAILABLE}
2021-12-02 14:31:24,503 [Listener at 127.0.0.1/39245] INFO  handler.ContextHandler (ContextHandler.java:doStart(915)) - Started o.e.j.w.WebAppContext@722b0b33{hddsDatanode,/,file:///tmp/jetty-0_0_0_0-37407-hdds-container-service-1_3_0-SNAPSHOT_jar-_-any-7719137082843687004/webapp/,AVAILABLE}{jar:file:/home/runner/.m2/repository/org/apache/ozone/hdds-container-service/1.3.0-SNAPSHOT/hdds-container-service-1.3.0-SNAPSHOT.jar!/webapps/hddsDatanode}
2021-12-02 14:31:24,534 [Listener at 127.0.0.1/39245] INFO  server.AbstractConnector (AbstractConnector.java:doStart(331)) - Started ServerConnector@7df33c01{HTTP/1.1, (http/1.1)}{0.0.0.0:37407}
2021-12-02 14:31:24,535 [Listener at 127.0.0.1/39245] INFO  server.Server (Server.java:doStart(415)) - Started @370566ms
2021-12-02 14:31:24,535 [Listener at 127.0.0.1/39245] WARN  impl.MetricsSystemImpl (MetricsSystemImpl.java:register(279)) - Sink prometheus already exists!
2021-12-02 14:31:24,536 [Listener at 127.0.0.1/39245] INFO  http.BaseHttpServer (BaseHttpServer.java:updateConnectorAddress(329)) - HTTP server of hddsDatanode listening at http://0.0.0.0:37407
2021-12-02 14:31:24,537 [Listener at 127.0.0.1/39245] WARN  impl.MetricRegistriesImpl (MetricRegistriesImpl.java:addReporterRegistration(111)) - New reporters are added after registries were created. Some metrics will be missing from the reporter. Please add reporter before adding any new registry.
2021-12-02 14:31:24,537 [Listener at 127.0.0.1/39245] WARN  impl.MetricRegistriesImpl (MetricRegistriesImpl.java:addReporterRegistration(111)) - New reporters are added after registries were created. Some metrics will be missing from the reporter. Please add reporter before adding any new registry.
2021-12-02 14:31:24,537 [Listener at 127.0.0.1/39245] INFO  impl.MetricsSystemImpl (MetricsSystemImpl.java:init(158)) - HddsDatanode metrics system started (again)
2021-12-02 14:31:24,551 [Listener at 127.0.0.1/39245] INFO  ozone.HddsDatanodeService (HddsDatanodeService.java:start(234)) - HddsDatanodeService host:fv-az59-375.csjynl4pkq3e1pkirw3ssqjfoh.cx.internal.cloudapp.net ip:10.1.0.16
2021-12-02 14:31:24,556 [Datanode State Machine Daemon Thread] INFO  statemachine.DatanodeStateMachine (DatanodeStateMachine.java:lambda$startDaemon$0(467)) - Ozone container server started.
2021-12-02 14:31:24,649 [org.apache.hadoop.util.JvmPauseMonitor$Monitor@56540f3f] INFO  util.JvmPauseMonitor (JvmPauseMonitor.java:run(188)) - Starting JVM pause monitor
2021-12-02 14:31:24,684 [Listener at 127.0.0.1/39245] INFO  upgrade.AbstractLayoutVersionManager (AbstractLayoutVersionManager.java:init(79)) - Initializing Layout version manager with metadata layout = SCM_HA (version = 2), software layout = SCM_HA (version = 2)
2021-12-02 14:31:24,688 [Datanode State Machine Task Thread - 0] INFO  datanode.InitDatanodeState (InitDatanodeState.java:persistContainerDatanodeDetails(145)) - DatanodeDetails is persisted to /home/runner/work/ozone/ozone/hadoop-ozone/integration-test/target/test-dir/MiniOzoneClusterImpl-fd94144e-5974-489a-b79f-b066564ba6f5/datanode-3/meta/datanode.id
2021-12-02 14:31:24,732 [Listener at 127.0.0.1/39245] INFO  reflections.Reflections (Reflections.java:scan(232)) - Reflections took 47 ms to scan 7 urls, producing 119 keys and 279 values 
2021-12-02 14:31:24,733 [Listener at 127.0.0.1/39245] INFO  statemachine.DatanodeStateMachine (DatanodeStateMachine.java:getEndPointTaskThreadPoolSize(219)) - Datanode State Machine Task Thread Pool size 2
2021-12-02 14:31:24,737 [Listener at 127.0.0.1/39245] INFO  volume.HddsVolume (HddsVolume.java:<init>(120)) - Creating HddsVolume: /home/runner/work/ozone/ozone/hadoop-ozone/integration-test/target/test-dir/MiniOzoneClusterImpl-fd94144e-5974-489a-b79f-b066564ba6f5/datanode-4/data-0/containers/hdds of storage type : DISK capacity : 9223372036854775807
2021-12-02 14:31:24,737 [Listener at 127.0.0.1/39245] INFO  volume.MutableVolumeSet (MutableVolumeSet.java:initializeVolumeSet(168)) - Added Volume : /home/runner/work/ozone/ozone/hadoop-ozone/integration-test/target/test-dir/MiniOzoneClusterImpl-fd94144e-5974-489a-b79f-b066564ba6f5/datanode-4/data-0/containers/hdds to VolumeSet
2021-12-02 14:31:24,737 [Listener at 127.0.0.1/39245] INFO  volume.ThrottledAsyncChecker (ThrottledAsyncChecker.java:schedule(141)) - Scheduling a check for /home/runner/work/ozone/ozone/hadoop-ozone/integration-test/target/test-dir/MiniOzoneClusterImpl-fd94144e-5974-489a-b79f-b066564ba6f5/datanode-4/data-0/containers/hdds
2021-12-02 14:31:24,742 [Listener at 127.0.0.1/39245] INFO  volume.StorageVolumeChecker (StorageVolumeChecker.java:checkAllVolumes(202)) - Scheduled health check for volume /home/runner/work/ozone/ozone/hadoop-ozone/integration-test/target/test-dir/MiniOzoneClusterImpl-fd94144e-5974-489a-b79f-b066564ba6f5/datanode-4/data-0/containers/hdds
2021-12-02 14:31:24,753 [Listener at 127.0.0.1/39245] INFO  volume.MutableVolumeSet (MutableVolumeSet.java:initializeVolumeSet(168)) - Added Volume : /home/runner/work/ozone/ozone/hadoop-ozone/integration-test/target/test-dir/MiniOzoneClusterImpl-fd94144e-5974-489a-b79f-b066564ba6f5/datanode-4/data/ratis to VolumeSet
2021-12-02 14:31:24,753 [Listener at 127.0.0.1/39245] INFO  volume.ThrottledAsyncChecker (ThrottledAsyncChecker.java:schedule(141)) - Scheduling a check for /home/runner/work/ozone/ozone/hadoop-ozone/integration-test/target/test-dir/MiniOzoneClusterImpl-fd94144e-5974-489a-b79f-b066564ba6f5/datanode-4/data/ratis
2021-12-02 14:31:24,754 [Listener at 127.0.0.1/39245] INFO  volume.StorageVolumeChecker (StorageVolumeChecker.java:checkAllVolumes(202)) - Scheduled health check for volume /home/runner/work/ozone/ozone/hadoop-ozone/integration-test/target/test-dir/MiniOzoneClusterImpl-fd94144e-5974-489a-b79f-b066564ba6f5/datanode-4/data/ratis
2021-12-02 14:31:24,787 [Thread-2666] INFO  ozoneimpl.ContainerReader (ContainerReader.java:readVolume(172)) - Finish verifying containers on volume /home/runner/work/ozone/ozone/hadoop-ozone/integration-test/target/test-dir/MiniOzoneClusterImpl-fd94144e-5974-489a-b79f-b066564ba6f5/datanode-4/data-0/containers/hdds
2021-12-02 14:31:24,787 [Listener at 127.0.0.1/39245] INFO  ozoneimpl.OzoneContainer (OzoneContainer.java:buildContainerSet(236)) - Build ContainerSet costs 0s
2021-12-02 14:31:24,789 [Listener at 127.0.0.1/39245] INFO  server.RaftServer (ConfUtils.java:logGet(44)) - raft.rpc.type = GRPC (default)
2021-12-02 14:31:24,789 [Listener at 127.0.0.1/39245] INFO  grpc.GrpcFactory (GrpcFactory.java:checkPooledByteBufAllocatorUseCacheForAllThreads(48)) - PERFORMANCE WARNING: useCacheForAllThreads is true that may cause Netty to create a lot garbage objects and, as a result, trigger GC.
	It is recommended to disable useCacheForAllThreads by setting -Dorg.apache.ratis.thirdparty.io.netty.allocator.useCacheForAllThreads=false in command line.
2021-12-02 14:31:24,789 [Listener at 127.0.0.1/39245] INFO  grpc.GrpcConfigKeys (ConfUtils.java:logGet(44)) - raft.grpc.admin.port = 0 (custom)
2021-12-02 14:31:24,789 [Listener at 127.0.0.1/39245] INFO  grpc.GrpcConfigKeys (ConfUtils.java:logGet(44)) - raft.grpc.client.port = 0 (custom)
2021-12-02 14:31:24,789 [Listener at 127.0.0.1/39245] INFO  grpc.GrpcConfigKeys (ConfUtils.java:logGet(44)) - raft.grpc.server.port = 0 (default)
2021-12-02 14:31:24,789 [Listener at 127.0.0.1/39245] INFO  server.GrpcService (ConfUtils.java:logGet(44)) - raft.grpc.message.size.max = 32MB (=33554432) (custom)
2021-12-02 14:31:24,789 [Listener at 127.0.0.1/39245] INFO  server.RaftServerConfigKeys (ConfUtils.java:logGet(44)) - raft.server.log.appender.buffer.byte-limit = 33554432 (custom)
2021-12-02 14:31:24,789 [Listener at 127.0.0.1/39245] INFO  server.GrpcService (ConfUtils.java:logGet(44)) - raft.grpc.flow.control.window = 5MB (=5242880) (custom)
2021-12-02 14:31:24,789 [Listener at 127.0.0.1/39245] INFO  server.RaftServerConfigKeys (ConfUtils.java:logGet(44)) - raft.server.rpc.request.timeout = 3000ms (default)
2021-12-02 14:31:24,790 [Listener at 127.0.0.1/39245] INFO  impl.DataStreamServerImpl (ConfUtils.java:logGet(44)) - raft.datastream.type = DISABLED (default)
2021-12-02 14:31:24,790 [Listener at 127.0.0.1/39245] INFO  server.RaftServerConfigKeys (ConfUtils.java:logGet(44)) - raft.server.rpc.slowness.timeout = 300000ms (custom)
2021-12-02 14:31:24,794 [Listener at 127.0.0.1/39245] INFO  server.RaftServerConfigKeys (ConfUtils.java:logGet(44)) - raft.server.leaderelection.leader.step-down.wait-time = 10s (default)
2021-12-02 14:31:24,794 [Listener at 127.0.0.1/39245] INFO  server.RaftServerConfigKeys (ConfUtils.java:logGet(44)) - raft.server.storage.dir = [/home/runner/work/ozone/ozone/hadoop-ozone/integration-test/target/test-dir/MiniOzoneClusterImpl-fd94144e-5974-489a-b79f-b066564ba6f5/datanode-4/data/ratis] (custom)
2021-12-02 14:31:24,810 [Listener at 127.0.0.1/39245] INFO  http.BaseHttpServer (BaseHttpServer.java:newHttpServer2BuilderForOzone(209)) - Starting Web-server for hddsDatanode at: http://0.0.0.0:0
2021-12-02 14:31:24,810 [Listener at 127.0.0.1/39245] INFO  http.BaseHttpServer (BaseHttpServer.java:<init>(107)) - Hadoop Security Enabled: false Ozone Security Enabled: false Ozone HTTP Security Enabled: false 
2021-12-02 14:31:24,810 [Listener at 127.0.0.1/39245] INFO  server.AuthenticationFilter (AuthenticationFilter.java:constructSecretProvider(240)) - Unable to initialize FileSignerSecretProvider, falling back to use random secrets.
2021-12-02 14:31:24,813 [Listener at 127.0.0.1/39245] WARN  http.HttpRequestLog (HttpRequestLog.java:getRequestLog(103)) - Jetty request log can only be enabled using Log4j
2021-12-02 14:31:24,813 [Listener at 127.0.0.1/39245] INFO  http.HttpServer2 (HttpServer2.java:addGlobalFilter(1030)) - Added global filter 'safety' (class=org.apache.hadoop.hdds.server.http.HttpServer2$QuotingInputFilter)
2021-12-02 14:31:24,814 [Listener at 127.0.0.1/39245] INFO  http.HttpServer2 (HttpServer2.java:addFilter(1006)) - Added filter static_user_filter (class=org.apache.hadoop.http.lib.StaticUserWebFilter$StaticUserFilter) to context hddsDatanode
2021-12-02 14:31:24,814 [Listener at 127.0.0.1/39245] INFO  http.HttpServer2 (HttpServer2.java:addFilter(1014)) - Added filter static_user_filter (class=org.apache.hadoop.http.lib.StaticUserWebFilter$StaticUserFilter) to context logs
2021-12-02 14:31:24,814 [Listener at 127.0.0.1/39245] INFO  http.HttpServer2 (HttpServer2.java:addFilter(1014)) - Added filter static_user_filter (class=org.apache.hadoop.http.lib.StaticUserWebFilter$StaticUserFilter) to context static
2021-12-02 14:31:24,814 [Listener at 127.0.0.1/39245] INFO  http.HttpServer2 (HttpServer2.java:bindListener(1249)) - Jetty bound to port 42575
2021-12-02 14:31:24,814 [Listener at 127.0.0.1/39245] INFO  server.Server (Server.java:doStart(375)) - jetty-9.4.43.v20210629; built: 2021-06-30T11:07:22.254Z; git: 526006ecfa3af7f1a27ef3a288e2bef7ea9dd7e8; jvm 1.8.0_292-b10
2021-12-02 14:31:24,816 [Listener at 127.0.0.1/39245] INFO  server.session (DefaultSessionIdManager.java:doStart(334)) - DefaultSessionIdManager workerName=node0
2021-12-02 14:31:24,817 [Listener at 127.0.0.1/39245] INFO  server.session (DefaultSessionIdManager.java:doStart(339)) - No SessionScavenger set, using defaults
2021-12-02 14:31:24,817 [Listener at 127.0.0.1/39245] INFO  server.session (HouseKeeper.java:startScavenging(132)) - node0 Scavenging every 600000ms
2021-12-02 14:31:24,817 [Listener at 127.0.0.1/39245] INFO  handler.ContextHandler (ContextHandler.java:doStart(915)) - Started o.e.j.s.ServletContextHandler@7107a4ea{logs,/logs,file:///home/runner/work/ozone/ozone/hadoop-ozone/integration-test/target/log,AVAILABLE}
2021-12-02 14:31:24,817 [Listener at 127.0.0.1/39245] INFO  handler.ContextHandler (ContextHandler.java:doStart(915)) - Started o.e.j.s.ServletContextHandler@5ea315fd{static,/static,jar:file:/home/runner/.m2/repository/org/apache/ozone/hdds-container-service/1.3.0-SNAPSHOT/hdds-container-service-1.3.0-SNAPSHOT.jar!/webapps/static,AVAILABLE}
2021-12-02 14:31:24,873 [Listener at 127.0.0.1/39245] INFO  handler.ContextHandler (ContextHandler.java:doStart(915)) - Started o.e.j.w.WebAppContext@4947bebb{hddsDatanode,/,file:///tmp/jetty-0_0_0_0-42575-hdds-container-service-1_3_0-SNAPSHOT_jar-_-any-3064889517807989689/webapp/,AVAILABLE}{jar:file:/home/runner/.m2/repository/org/apache/ozone/hdds-container-service/1.3.0-SNAPSHOT/hdds-container-service-1.3.0-SNAPSHOT.jar!/webapps/hddsDatanode}
2021-12-02 14:31:24,904 [Listener at 127.0.0.1/39245] INFO  server.AbstractConnector (AbstractConnector.java:doStart(331)) - Started ServerConnector@4ab63745{HTTP/1.1, (http/1.1)}{0.0.0.0:42575}
2021-12-02 14:31:24,904 [Listener at 127.0.0.1/39245] INFO  server.Server (Server.java:doStart(415)) - Started @370936ms
2021-12-02 14:31:24,904 [Listener at 127.0.0.1/39245] WARN  impl.MetricsSystemImpl (MetricsSystemImpl.java:register(279)) - Sink prometheus already exists!
2021-12-02 14:31:24,905 [Listener at 127.0.0.1/39245] INFO  http.BaseHttpServer (BaseHttpServer.java:updateConnectorAddress(329)) - HTTP server of hddsDatanode listening at http://0.0.0.0:42575
2021-12-02 14:31:24,905 [Listener at 127.0.0.1/39245] WARN  impl.MetricRegistriesImpl (MetricRegistriesImpl.java:addReporterRegistration(111)) - New reporters are added after registries were created. Some metrics will be missing from the reporter. Please add reporter before adding any new registry.
2021-12-02 14:31:24,905 [Listener at 127.0.0.1/39245] WARN  impl.MetricRegistriesImpl (MetricRegistriesImpl.java:addReporterRegistration(111)) - New reporters are added after registries were created. Some metrics will be missing from the reporter. Please add reporter before adding any new registry.
2021-12-02 14:31:24,905 [Listener at 127.0.0.1/39245] INFO  impl.MetricsSystemImpl (MetricsSystemImpl.java:init(158)) - HddsDatanode metrics system started (again)
2021-12-02 14:31:24,925 [Datanode State Machine Daemon Thread] INFO  statemachine.DatanodeStateMachine (DatanodeStateMachine.java:lambda$startDaemon$0(467)) - Ozone container server started.
2021-12-02 14:31:24,973 [org.apache.hadoop.util.JvmPauseMonitor$Monitor@5761b147] INFO  util.JvmPauseMonitor (JvmPauseMonitor.java:run(188)) - Starting JVM pause monitor
2021-12-02 14:31:24,975 [Datanode State Machine Task Thread - 0] INFO  datanode.InitDatanodeState (InitDatanodeState.java:persistContainerDatanodeDetails(145)) - DatanodeDetails is persisted to /home/runner/work/ozone/ozone/hadoop-ozone/integration-test/target/test-dir/MiniOzoneClusterImpl-fd94144e-5974-489a-b79f-b066564ba6f5/datanode-4/meta/datanode.id
2021-12-02 14:31:24,989 [Listener at 127.0.0.1/39245] INFO  ozone.HddsDatanodeService (HddsDatanodeService.java:start(234)) - HddsDatanodeService host:fv-az59-375.csjynl4pkq3e1pkirw3ssqjfoh.cx.internal.cloudapp.net ip:10.1.0.16
2021-12-02 14:31:25,077 [Listener at 127.0.0.1/39245] INFO  upgrade.AbstractLayoutVersionManager (AbstractLayoutVersionManager.java:init(79)) - Initializing Layout version manager with metadata layout = SCM_HA (version = 2), software layout = SCM_HA (version = 2)
2021-12-02 14:31:25,114 [Listener at 127.0.0.1/39245] INFO  reflections.Reflections (Reflections.java:scan(232)) - Reflections took 36 ms to scan 7 urls, producing 119 keys and 279 values 
2021-12-02 14:31:25,122 [Listener at 127.0.0.1/39245] INFO  statemachine.DatanodeStateMachine (DatanodeStateMachine.java:getEndPointTaskThreadPoolSize(219)) - Datanode State Machine Task Thread Pool size 2
2021-12-02 14:31:25,123 [Listener at 127.0.0.1/39245] INFO  volume.HddsVolume (HddsVolume.java:<init>(120)) - Creating HddsVolume: /home/runner/work/ozone/ozone/hadoop-ozone/integration-test/target/test-dir/MiniOzoneClusterImpl-fd94144e-5974-489a-b79f-b066564ba6f5/datanode-5/data-0/containers/hdds of storage type : DISK capacity : 9223372036854775807
2021-12-02 14:31:25,124 [Listener at 127.0.0.1/39245] INFO  volume.MutableVolumeSet (MutableVolumeSet.java:initializeVolumeSet(168)) - Added Volume : /home/runner/work/ozone/ozone/hadoop-ozone/integration-test/target/test-dir/MiniOzoneClusterImpl-fd94144e-5974-489a-b79f-b066564ba6f5/datanode-5/data-0/containers/hdds to VolumeSet
2021-12-02 14:31:25,124 [Listener at 127.0.0.1/39245] INFO  volume.ThrottledAsyncChecker (ThrottledAsyncChecker.java:schedule(141)) - Scheduling a check for /home/runner/work/ozone/ozone/hadoop-ozone/integration-test/target/test-dir/MiniOzoneClusterImpl-fd94144e-5974-489a-b79f-b066564ba6f5/datanode-5/data-0/containers/hdds
2021-12-02 14:31:25,129 [Listener at 127.0.0.1/39245] INFO  volume.StorageVolumeChecker (StorageVolumeChecker.java:checkAllVolumes(202)) - Scheduled health check for volume /home/runner/work/ozone/ozone/hadoop-ozone/integration-test/target/test-dir/MiniOzoneClusterImpl-fd94144e-5974-489a-b79f-b066564ba6f5/datanode-5/data-0/containers/hdds
2021-12-02 14:31:25,147 [Listener at 127.0.0.1/39245] INFO  volume.MutableVolumeSet (MutableVolumeSet.java:initializeVolumeSet(168)) - Added Volume : /home/runner/work/ozone/ozone/hadoop-ozone/integration-test/target/test-dir/MiniOzoneClusterImpl-fd94144e-5974-489a-b79f-b066564ba6f5/datanode-5/data/ratis to VolumeSet
2021-12-02 14:31:25,147 [Listener at 127.0.0.1/39245] INFO  volume.ThrottledAsyncChecker (ThrottledAsyncChecker.java:schedule(141)) - Scheduling a check for /home/runner/work/ozone/ozone/hadoop-ozone/integration-test/target/test-dir/MiniOzoneClusterImpl-fd94144e-5974-489a-b79f-b066564ba6f5/datanode-5/data/ratis
2021-12-02 14:31:25,147 [Listener at 127.0.0.1/39245] INFO  volume.StorageVolumeChecker (StorageVolumeChecker.java:checkAllVolumes(202)) - Scheduled health check for volume /home/runner/work/ozone/ozone/hadoop-ozone/integration-test/target/test-dir/MiniOzoneClusterImpl-fd94144e-5974-489a-b79f-b066564ba6f5/datanode-5/data/ratis
2021-12-02 14:31:25,165 [Thread-2678] INFO  ozoneimpl.ContainerReader (ContainerReader.java:readVolume(172)) - Finish verifying containers on volume /home/runner/work/ozone/ozone/hadoop-ozone/integration-test/target/test-dir/MiniOzoneClusterImpl-fd94144e-5974-489a-b79f-b066564ba6f5/datanode-5/data-0/containers/hdds
2021-12-02 14:31:25,165 [Listener at 127.0.0.1/39245] INFO  ozoneimpl.OzoneContainer (OzoneContainer.java:buildContainerSet(236)) - Build ContainerSet costs 0s
2021-12-02 14:31:25,167 [Listener at 127.0.0.1/39245] INFO  server.RaftServer (ConfUtils.java:logGet(44)) - raft.rpc.type = GRPC (default)
2021-12-02 14:31:25,167 [Listener at 127.0.0.1/39245] INFO  grpc.GrpcFactory (GrpcFactory.java:checkPooledByteBufAllocatorUseCacheForAllThreads(48)) - PERFORMANCE WARNING: useCacheForAllThreads is true that may cause Netty to create a lot garbage objects and, as a result, trigger GC.
	It is recommended to disable useCacheForAllThreads by setting -Dorg.apache.ratis.thirdparty.io.netty.allocator.useCacheForAllThreads=false in command line.
2021-12-02 14:31:25,167 [Listener at 127.0.0.1/39245] INFO  grpc.GrpcConfigKeys (ConfUtils.java:logGet(44)) - raft.grpc.admin.port = 0 (custom)
2021-12-02 14:31:25,167 [Listener at 127.0.0.1/39245] INFO  grpc.GrpcConfigKeys (ConfUtils.java:logGet(44)) - raft.grpc.client.port = 0 (custom)
2021-12-02 14:31:25,167 [Listener at 127.0.0.1/39245] INFO  grpc.GrpcConfigKeys (ConfUtils.java:logGet(44)) - raft.grpc.server.port = 0 (default)
2021-12-02 14:31:25,167 [Listener at 127.0.0.1/39245] INFO  server.GrpcService (ConfUtils.java:logGet(44)) - raft.grpc.message.size.max = 32MB (=33554432) (custom)
2021-12-02 14:31:25,167 [Listener at 127.0.0.1/39245] INFO  server.RaftServerConfigKeys (ConfUtils.java:logGet(44)) - raft.server.log.appender.buffer.byte-limit = 33554432 (custom)
2021-12-02 14:31:25,167 [Listener at 127.0.0.1/39245] INFO  server.GrpcService (ConfUtils.java:logGet(44)) - raft.grpc.flow.control.window = 5MB (=5242880) (custom)
2021-12-02 14:31:25,167 [Listener at 127.0.0.1/39245] INFO  server.RaftServerConfigKeys (ConfUtils.java:logGet(44)) - raft.server.rpc.request.timeout = 3000ms (default)
2021-12-02 14:31:25,168 [Listener at 127.0.0.1/39245] INFO  impl.DataStreamServerImpl (ConfUtils.java:logGet(44)) - raft.datastream.type = DISABLED (default)
2021-12-02 14:31:25,169 [Listener at 127.0.0.1/39245] INFO  server.RaftServerConfigKeys (ConfUtils.java:logGet(44)) - raft.server.rpc.slowness.timeout = 300000ms (custom)
2021-12-02 14:31:25,169 [Listener at 127.0.0.1/39245] INFO  server.RaftServerConfigKeys (ConfUtils.java:logGet(44)) - raft.server.leaderelection.leader.step-down.wait-time = 10s (default)
2021-12-02 14:31:25,169 [Listener at 127.0.0.1/39245] INFO  server.RaftServerConfigKeys (ConfUtils.java:logGet(44)) - raft.server.storage.dir = [/home/runner/work/ozone/ozone/hadoop-ozone/integration-test/target/test-dir/MiniOzoneClusterImpl-fd94144e-5974-489a-b79f-b066564ba6f5/datanode-5/data/ratis] (custom)
2021-12-02 14:31:25,186 [Listener at 127.0.0.1/39245] INFO  http.BaseHttpServer (BaseHttpServer.java:newHttpServer2BuilderForOzone(209)) - Starting Web-server for hddsDatanode at: http://0.0.0.0:0
2021-12-02 14:31:25,186 [Listener at 127.0.0.1/39245] INFO  http.BaseHttpServer (BaseHttpServer.java:<init>(107)) - Hadoop Security Enabled: false Ozone Security Enabled: false Ozone HTTP Security Enabled: false 
2021-12-02 14:31:25,191 [Listener at 127.0.0.1/39245] INFO  server.AuthenticationFilter (AuthenticationFilter.java:constructSecretProvider(240)) - Unable to initialize FileSignerSecretProvider, falling back to use random secrets.
2021-12-02 14:31:25,196 [Listener at 127.0.0.1/39245] WARN  http.HttpRequestLog (HttpRequestLog.java:getRequestLog(103)) - Jetty request log can only be enabled using Log4j
2021-12-02 14:31:25,196 [Listener at 127.0.0.1/39245] INFO  http.HttpServer2 (HttpServer2.java:addGlobalFilter(1030)) - Added global filter 'safety' (class=org.apache.hadoop.hdds.server.http.HttpServer2$QuotingInputFilter)
2021-12-02 14:31:25,197 [Listener at 127.0.0.1/39245] INFO  http.HttpServer2 (HttpServer2.java:addFilter(1006)) - Added filter static_user_filter (class=org.apache.hadoop.http.lib.StaticUserWebFilter$StaticUserFilter) to context hddsDatanode
2021-12-02 14:31:25,197 [Listener at 127.0.0.1/39245] INFO  http.HttpServer2 (HttpServer2.java:addFilter(1014)) - Added filter static_user_filter (class=org.apache.hadoop.http.lib.StaticUserWebFilter$StaticUserFilter) to context static
2021-12-02 14:31:25,197 [Listener at 127.0.0.1/39245] INFO  http.HttpServer2 (HttpServer2.java:addFilter(1014)) - Added filter static_user_filter (class=org.apache.hadoop.http.lib.StaticUserWebFilter$StaticUserFilter) to context logs
2021-12-02 14:31:25,197 [Listener at 127.0.0.1/39245] INFO  http.HttpServer2 (HttpServer2.java:bindListener(1249)) - Jetty bound to port 33051
2021-12-02 14:31:25,197 [Listener at 127.0.0.1/39245] INFO  server.Server (Server.java:doStart(375)) - jetty-9.4.43.v20210629; built: 2021-06-30T11:07:22.254Z; git: 526006ecfa3af7f1a27ef3a288e2bef7ea9dd7e8; jvm 1.8.0_292-b10
2021-12-02 14:31:25,207 [Listener at 127.0.0.1/39245] INFO  server.session (DefaultSessionIdManager.java:doStart(334)) - DefaultSessionIdManager workerName=node0
2021-12-02 14:31:25,207 [Listener at 127.0.0.1/39245] INFO  server.session (DefaultSessionIdManager.java:doStart(339)) - No SessionScavenger set, using defaults
2021-12-02 14:31:25,207 [Listener at 127.0.0.1/39245] INFO  server.session (HouseKeeper.java:startScavenging(132)) - node0 Scavenging every 600000ms
2021-12-02 14:31:25,208 [Listener at 127.0.0.1/39245] INFO  handler.ContextHandler (ContextHandler.java:doStart(915)) - Started o.e.j.s.ServletContextHandler@21413838{logs,/logs,file:///home/runner/work/ozone/ozone/hadoop-ozone/integration-test/target/log,AVAILABLE}
2021-12-02 14:31:25,208 [Listener at 127.0.0.1/39245] INFO  handler.ContextHandler (ContextHandler.java:doStart(915)) - Started o.e.j.s.ServletContextHandler@49315e61{static,/static,jar:file:/home/runner/.m2/repository/org/apache/ozone/hdds-container-service/1.3.0-SNAPSHOT/hdds-container-service-1.3.0-SNAPSHOT.jar!/webapps/static,AVAILABLE}
2021-12-02 14:31:25,357 [EndpointStateMachine task thread for /0.0.0.0:33397 - 0 ] INFO  ozoneimpl.OzoneContainer (OzoneContainer.java:start(304)) - Attempting to start container services.
2021-12-02 14:31:25,357 [EndpointStateMachine task thread for /0.0.0.0:33397 - 0 ] INFO  ozoneimpl.OzoneContainer (OzoneContainer.java:startContainerScrub(249)) - Background container scanner has been disabled.
2021-12-02 14:31:25,358 [EndpointStateMachine task thread for /0.0.0.0:33397 - 0 ] INFO  replication.ReplicationServer (ReplicationServer.java:start(107)) - ReplicationServer is started using port 41607
2021-12-02 14:31:25,359 [EndpointStateMachine task thread for /0.0.0.0:33397 - 0 ] INFO  ratis.XceiverServerRatis (XceiverServerRatis.java:start(484)) - Starting XceiverServerRatis 277b06ce-74e8-46b5-b9ba-0eaaec62ec87
2021-12-02 14:31:25,363 [EndpointStateMachine task thread for /0.0.0.0:33397 - 0 ] INFO  server.RaftServer (RaftServerProxy.java:lambda$start$5(374)) - 277b06ce-74e8-46b5-b9ba-0eaaec62ec87: start RPC server
2021-12-02 14:31:25,390 [EndpointStateMachine task thread for /0.0.0.0:33397 - 0 ] INFO  server.GrpcService (GrpcService.java:startImpl(253)) - 277b06ce-74e8-46b5-b9ba-0eaaec62ec87: GrpcService started, listening on 37685
2021-12-02 14:31:25,397 [Listener at 127.0.0.1/39245] INFO  handler.ContextHandler (ContextHandler.java:doStart(915)) - Started o.e.j.w.WebAppContext@1236596d{hddsDatanode,/,file:///tmp/jetty-0_0_0_0-33051-hdds-container-service-1_3_0-SNAPSHOT_jar-_-any-2189544157015006535/webapp/,AVAILABLE}{jar:file:/home/runner/.m2/repository/org/apache/ozone/hdds-container-service/1.3.0-SNAPSHOT/hdds-container-service-1.3.0-SNAPSHOT.jar!/webapps/hddsDatanode}
2021-12-02 14:31:25,399 [EndpointStateMachine task thread for /0.0.0.0:33397 - 0 ] INFO  ratis.XceiverServerRatis (XceiverServerRatis.java:getRealPort(505)) - XceiverServerRatis 277b06ce-74e8-46b5-b9ba-0eaaec62ec87 is started using port 37685 for RATIS
2021-12-02 14:31:25,399 [EndpointStateMachine task thread for /0.0.0.0:33397 - 0 ] INFO  ratis.XceiverServerRatis (XceiverServerRatis.java:getRealPort(505)) - XceiverServerRatis 277b06ce-74e8-46b5-b9ba-0eaaec62ec87 is started using port 37685 for RATIS_ADMIN
2021-12-02 14:31:25,399 [EndpointStateMachine task thread for /0.0.0.0:33397 - 0 ] INFO  ratis.XceiverServerRatis (XceiverServerRatis.java:getRealPort(505)) - XceiverServerRatis 277b06ce-74e8-46b5-b9ba-0eaaec62ec87 is started using port 37685 for RATIS_SERVER
2021-12-02 14:31:25,400 [EndpointStateMachine task thread for /0.0.0.0:33397 - 0 ] INFO  server.XceiverServerGrpc (XceiverServerGrpc.java:start(135)) - XceiverServerGrpc 277b06ce-74e8-46b5-b9ba-0eaaec62ec87 is started using port 37559
2021-12-02 14:31:25,435 [org.apache.ratis.util.JvmPauseMonitor$$Lambda$533/748004564@56598c1a] INFO  util.JvmPauseMonitor (JvmPauseMonitor.java:run(103)) - JvmPauseMonitor-277b06ce-74e8-46b5-b9ba-0eaaec62ec87: Started
2021-12-02 14:31:25,436 [Listener at 127.0.0.1/39245] INFO  server.AbstractConnector (AbstractConnector.java:doStart(331)) - Started ServerConnector@5618c837{HTTP/1.1, (http/1.1)}{0.0.0.0:33051}
2021-12-02 14:31:25,436 [Listener at 127.0.0.1/39245] INFO  server.Server (Server.java:doStart(415)) - Started @371467ms
2021-12-02 14:31:25,436 [Listener at 127.0.0.1/39245] WARN  impl.MetricsSystemImpl (MetricsSystemImpl.java:register(279)) - Sink prometheus already exists!
2021-12-02 14:31:25,437 [Listener at 127.0.0.1/39245] INFO  http.BaseHttpServer (BaseHttpServer.java:updateConnectorAddress(329)) - HTTP server of hddsDatanode listening at http://0.0.0.0:33051
2021-12-02 14:31:25,438 [Listener at 127.0.0.1/39245] WARN  impl.MetricRegistriesImpl (MetricRegistriesImpl.java:addReporterRegistration(111)) - New reporters are added after registries were created. Some metrics will be missing from the reporter. Please add reporter before adding any new registry.
2021-12-02 14:31:25,438 [Listener at 127.0.0.1/39245] WARN  impl.MetricRegistriesImpl (MetricRegistriesImpl.java:addReporterRegistration(111)) - New reporters are added after registries were created. Some metrics will be missing from the reporter. Please add reporter before adding any new registry.
2021-12-02 14:31:25,438 [Listener at 127.0.0.1/39245] INFO  impl.MetricsSystemImpl (MetricsSystemImpl.java:init(158)) - HddsDatanode metrics system started (again)
2021-12-02 14:31:25,450 [Datanode State Machine Daemon Thread] INFO  statemachine.DatanodeStateMachine (DatanodeStateMachine.java:lambda$startDaemon$0(467)) - Ozone container server started.
2021-12-02 14:31:25,453 [Listener at 127.0.0.1/39245] INFO  ozone.HddsDatanodeService (HddsDatanodeService.java:start(234)) - HddsDatanodeService host:fv-az59-375.csjynl4pkq3e1pkirw3ssqjfoh.cx.internal.cloudapp.net ip:10.1.0.16
2021-12-02 14:31:25,479 [org.apache.hadoop.util.JvmPauseMonitor$Monitor@77cd9358] INFO  util.JvmPauseMonitor (JvmPauseMonitor.java:run(188)) - Starting JVM pause monitor
2021-12-02 14:31:25,490 [Datanode State Machine Task Thread - 0] INFO  datanode.InitDatanodeState (InitDatanodeState.java:persistContainerDatanodeDetails(145)) - DatanodeDetails is persisted to /home/runner/work/ozone/ozone/hadoop-ozone/integration-test/target/test-dir/MiniOzoneClusterImpl-fd94144e-5974-489a-b79f-b066564ba6f5/datanode-5/meta/datanode.id
2021-12-02 14:31:25,557 [Listener at 127.0.0.1/39245] INFO  upgrade.AbstractLayoutVersionManager (AbstractLayoutVersionManager.java:init(79)) - Initializing Layout version manager with metadata layout = SCM_HA (version = 2), software layout = SCM_HA (version = 2)
2021-12-02 14:31:25,602 [Listener at 127.0.0.1/39245] INFO  reflections.Reflections (Reflections.java:scan(232)) - Reflections took 44 ms to scan 7 urls, producing 119 keys and 279 values 
2021-12-02 14:31:25,603 [Listener at 127.0.0.1/39245] INFO  statemachine.DatanodeStateMachine (DatanodeStateMachine.java:getEndPointTaskThreadPoolSize(219)) - Datanode State Machine Task Thread Pool size 2
2021-12-02 14:31:25,607 [Listener at 127.0.0.1/39245] INFO  volume.HddsVolume (HddsVolume.java:<init>(120)) - Creating HddsVolume: /home/runner/work/ozone/ozone/hadoop-ozone/integration-test/target/test-dir/MiniOzoneClusterImpl-fd94144e-5974-489a-b79f-b066564ba6f5/datanode-6/data-0/containers/hdds of storage type : DISK capacity : 9223372036854775807
2021-12-02 14:31:25,607 [Listener at 127.0.0.1/39245] INFO  volume.MutableVolumeSet (MutableVolumeSet.java:initializeVolumeSet(168)) - Added Volume : /home/runner/work/ozone/ozone/hadoop-ozone/integration-test/target/test-dir/MiniOzoneClusterImpl-fd94144e-5974-489a-b79f-b066564ba6f5/datanode-6/data-0/containers/hdds to VolumeSet
2021-12-02 14:31:25,607 [Listener at 127.0.0.1/39245] INFO  volume.ThrottledAsyncChecker (ThrottledAsyncChecker.java:schedule(141)) - Scheduling a check for /home/runner/work/ozone/ozone/hadoop-ozone/integration-test/target/test-dir/MiniOzoneClusterImpl-fd94144e-5974-489a-b79f-b066564ba6f5/datanode-6/data-0/containers/hdds
2021-12-02 14:31:25,608 [Listener at 127.0.0.1/39245] INFO  volume.StorageVolumeChecker (StorageVolumeChecker.java:checkAllVolumes(202)) - Scheduled health check for volume /home/runner/work/ozone/ozone/hadoop-ozone/integration-test/target/test-dir/MiniOzoneClusterImpl-fd94144e-5974-489a-b79f-b066564ba6f5/datanode-6/data-0/containers/hdds
2021-12-02 14:31:25,619 [Listener at 127.0.0.1/39245] INFO  volume.MutableVolumeSet (MutableVolumeSet.java:initializeVolumeSet(168)) - Added Volume : /home/runner/work/ozone/ozone/hadoop-ozone/integration-test/target/test-dir/MiniOzoneClusterImpl-fd94144e-5974-489a-b79f-b066564ba6f5/datanode-6/data/ratis to VolumeSet
2021-12-02 14:31:25,619 [Listener at 127.0.0.1/39245] INFO  volume.ThrottledAsyncChecker (ThrottledAsyncChecker.java:schedule(141)) - Scheduling a check for /home/runner/work/ozone/ozone/hadoop-ozone/integration-test/target/test-dir/MiniOzoneClusterImpl-fd94144e-5974-489a-b79f-b066564ba6f5/datanode-6/data/ratis
2021-12-02 14:31:25,619 [Listener at 127.0.0.1/39245] INFO  volume.StorageVolumeChecker (StorageVolumeChecker.java:checkAllVolumes(202)) - Scheduled health check for volume /home/runner/work/ozone/ozone/hadoop-ozone/integration-test/target/test-dir/MiniOzoneClusterImpl-fd94144e-5974-489a-b79f-b066564ba6f5/datanode-6/data/ratis
2021-12-02 14:31:25,633 [Thread-2694] INFO  ozoneimpl.ContainerReader (ContainerReader.java:readVolume(172)) - Finish verifying containers on volume /home/runner/work/ozone/ozone/hadoop-ozone/integration-test/target/test-dir/MiniOzoneClusterImpl-fd94144e-5974-489a-b79f-b066564ba6f5/datanode-6/data-0/containers/hdds
2021-12-02 14:31:25,634 [Listener at 127.0.0.1/39245] INFO  ozoneimpl.OzoneContainer (OzoneContainer.java:buildContainerSet(236)) - Build ContainerSet costs 0s
2021-12-02 14:31:25,635 [Listener at 127.0.0.1/39245] INFO  server.RaftServer (ConfUtils.java:logGet(44)) - raft.rpc.type = GRPC (default)
2021-12-02 14:31:25,635 [Listener at 127.0.0.1/39245] INFO  grpc.GrpcFactory (GrpcFactory.java:checkPooledByteBufAllocatorUseCacheForAllThreads(48)) - PERFORMANCE WARNING: useCacheForAllThreads is true that may cause Netty to create a lot garbage objects and, as a result, trigger GC.
	It is recommended to disable useCacheForAllThreads by setting -Dorg.apache.ratis.thirdparty.io.netty.allocator.useCacheForAllThreads=false in command line.
2021-12-02 14:31:25,635 [Listener at 127.0.0.1/39245] INFO  grpc.GrpcConfigKeys (ConfUtils.java:logGet(44)) - raft.grpc.admin.port = 0 (custom)
2021-12-02 14:31:25,635 [Listener at 127.0.0.1/39245] INFO  grpc.GrpcConfigKeys (ConfUtils.java:logGet(44)) - raft.grpc.client.port = 0 (custom)
2021-12-02 14:31:25,635 [Listener at 127.0.0.1/39245] INFO  grpc.GrpcConfigKeys (ConfUtils.java:logGet(44)) - raft.grpc.server.port = 0 (default)
2021-12-02 14:31:25,635 [Listener at 127.0.0.1/39245] INFO  server.GrpcService (ConfUtils.java:logGet(44)) - raft.grpc.message.size.max = 32MB (=33554432) (custom)
2021-12-02 14:31:25,635 [Listener at 127.0.0.1/39245] INFO  server.RaftServerConfigKeys (ConfUtils.java:logGet(44)) - raft.server.log.appender.buffer.byte-limit = 33554432 (custom)
2021-12-02 14:31:25,635 [Listener at 127.0.0.1/39245] INFO  server.GrpcService (ConfUtils.java:logGet(44)) - raft.grpc.flow.control.window = 5MB (=5242880) (custom)
2021-12-02 14:31:25,635 [Listener at 127.0.0.1/39245] INFO  server.RaftServerConfigKeys (ConfUtils.java:logGet(44)) - raft.server.rpc.request.timeout = 3000ms (default)
2021-12-02 14:31:25,637 [Listener at 127.0.0.1/39245] INFO  impl.DataStreamServerImpl (ConfUtils.java:logGet(44)) - raft.datastream.type = DISABLED (default)
2021-12-02 14:31:25,637 [Listener at 127.0.0.1/39245] INFO  server.RaftServerConfigKeys (ConfUtils.java:logGet(44)) - raft.server.rpc.slowness.timeout = 300000ms (custom)
2021-12-02 14:31:25,637 [Listener at 127.0.0.1/39245] INFO  server.RaftServerConfigKeys (ConfUtils.java:logGet(44)) - raft.server.leaderelection.leader.step-down.wait-time = 10s (default)
2021-12-02 14:31:25,637 [Listener at 127.0.0.1/39245] INFO  server.RaftServerConfigKeys (ConfUtils.java:logGet(44)) - raft.server.storage.dir = [/home/runner/work/ozone/ozone/hadoop-ozone/integration-test/target/test-dir/MiniOzoneClusterImpl-fd94144e-5974-489a-b79f-b066564ba6f5/datanode-6/data/ratis] (custom)
2021-12-02 14:31:25,640 [Listener at 127.0.0.1/39245] INFO  http.BaseHttpServer (BaseHttpServer.java:newHttpServer2BuilderForOzone(209)) - Starting Web-server for hddsDatanode at: http://0.0.0.0:0
2021-12-02 14:31:25,640 [Listener at 127.0.0.1/39245] INFO  http.BaseHttpServer (BaseHttpServer.java:<init>(107)) - Hadoop Security Enabled: false Ozone Security Enabled: false Ozone HTTP Security Enabled: false 
2021-12-02 14:31:25,640 [Listener at 127.0.0.1/39245] INFO  server.AuthenticationFilter (AuthenticationFilter.java:constructSecretProvider(240)) - Unable to initialize FileSignerSecretProvider, falling back to use random secrets.
2021-12-02 14:31:25,649 [Listener at 127.0.0.1/39245] WARN  http.HttpRequestLog (HttpRequestLog.java:getRequestLog(103)) - Jetty request log can only be enabled using Log4j
2021-12-02 14:31:25,666 [Listener at 127.0.0.1/39245] INFO  http.HttpServer2 (HttpServer2.java:addGlobalFilter(1030)) - Added global filter 'safety' (class=org.apache.hadoop.hdds.server.http.HttpServer2$QuotingInputFilter)
2021-12-02 14:31:25,666 [Listener at 127.0.0.1/39245] INFO  http.HttpServer2 (HttpServer2.java:addFilter(1006)) - Added filter static_user_filter (class=org.apache.hadoop.http.lib.StaticUserWebFilter$StaticUserFilter) to context hddsDatanode
2021-12-02 14:31:25,666 [Listener at 127.0.0.1/39245] INFO  http.HttpServer2 (HttpServer2.java:addFilter(1014)) - Added filter static_user_filter (class=org.apache.hadoop.http.lib.StaticUserWebFilter$StaticUserFilter) to context logs
2021-12-02 14:31:25,666 [Listener at 127.0.0.1/39245] INFO  http.HttpServer2 (HttpServer2.java:addFilter(1014)) - Added filter static_user_filter (class=org.apache.hadoop.http.lib.StaticUserWebFilter$StaticUserFilter) to context static
2021-12-02 14:31:25,667 [Listener at 127.0.0.1/39245] INFO  http.HttpServer2 (HttpServer2.java:bindListener(1249)) - Jetty bound to port 42689
2021-12-02 14:31:25,667 [Listener at 127.0.0.1/39245] INFO  server.Server (Server.java:doStart(375)) - jetty-9.4.43.v20210629; built: 2021-06-30T11:07:22.254Z; git: 526006ecfa3af7f1a27ef3a288e2bef7ea9dd7e8; jvm 1.8.0_292-b10
2021-12-02 14:31:25,668 [Listener at 127.0.0.1/39245] INFO  server.session (DefaultSessionIdManager.java:doStart(334)) - DefaultSessionIdManager workerName=node0
2021-12-02 14:31:25,669 [Listener at 127.0.0.1/39245] INFO  server.session (DefaultSessionIdManager.java:doStart(339)) - No SessionScavenger set, using defaults
2021-12-02 14:31:25,669 [Listener at 127.0.0.1/39245] INFO  server.session (HouseKeeper.java:startScavenging(132)) - node0 Scavenging every 600000ms
2021-12-02 14:31:25,669 [Listener at 127.0.0.1/39245] INFO  handler.ContextHandler (ContextHandler.java:doStart(915)) - Started o.e.j.s.ServletContextHandler@7455c287{logs,/logs,file:///home/runner/work/ozone/ozone/hadoop-ozone/integration-test/target/log,AVAILABLE}
2021-12-02 14:31:25,670 [Listener at 127.0.0.1/39245] INFO  handler.ContextHandler (ContextHandler.java:doStart(915)) - Started o.e.j.s.ServletContextHandler@2598c4a5{static,/static,jar:file:/home/runner/.m2/repository/org/apache/ozone/hdds-container-service/1.3.0-SNAPSHOT/hdds-container-service-1.3.0-SNAPSHOT.jar!/webapps/static,AVAILABLE}
2021-12-02 14:31:25,735 [Listener at 127.0.0.1/39245] INFO  handler.ContextHandler (ContextHandler.java:doStart(915)) - Started o.e.j.w.WebAppContext@ed2924{hddsDatanode,/,file:///tmp/jetty-0_0_0_0-42689-hdds-container-service-1_3_0-SNAPSHOT_jar-_-any-5370820791496768804/webapp/,AVAILABLE}{jar:file:/home/runner/.m2/repository/org/apache/ozone/hdds-container-service/1.3.0-SNAPSHOT/hdds-container-service-1.3.0-SNAPSHOT.jar!/webapps/hddsDatanode}
2021-12-02 14:31:25,744 [Listener at 127.0.0.1/39245] INFO  server.AbstractConnector (AbstractConnector.java:doStart(331)) - Started ServerConnector@664b9514{HTTP/1.1, (http/1.1)}{0.0.0.0:42689}
2021-12-02 14:31:25,745 [Listener at 127.0.0.1/39245] INFO  server.Server (Server.java:doStart(415)) - Started @371776ms
2021-12-02 14:31:25,745 [Listener at 127.0.0.1/39245] WARN  impl.MetricsSystemImpl (MetricsSystemImpl.java:register(279)) - Sink prometheus already exists!
2021-12-02 14:31:25,745 [Listener at 127.0.0.1/39245] INFO  http.BaseHttpServer (BaseHttpServer.java:updateConnectorAddress(329)) - HTTP server of hddsDatanode listening at http://0.0.0.0:42689
2021-12-02 14:31:25,751 [Listener at 127.0.0.1/39245] INFO  ozone.MiniOzoneClusterImpl (MiniOzoneClusterImpl.java:lambda$waitForClusterToBeReady$0(235)) - Waiting for nodes to be ready. Got 0 of 7 DN Heartbeats.
2021-12-02 14:31:25,751 [Listener at 127.0.0.1/39245] INFO  ozone.MiniOzoneClusterImpl (MiniOzoneClusterImpl.java:lambda$waitForClusterToBeReady$0(238)) - Waiting for cluster to exit safe mode
2021-12-02 14:31:25,751 [Listener at 127.0.0.1/39245] INFO  ozone.MiniOzoneClusterImpl (MiniOzoneClusterImpl.java:lambda$waitForClusterToBeReady$0(240)) - SCM became leader
2021-12-02 14:31:25,751 [Datanode State Machine Daemon Thread] INFO  statemachine.DatanodeStateMachine (DatanodeStateMachine.java:lambda$startDaemon$0(467)) - Ozone container server started.
2021-12-02 14:31:25,827 [EndpointStateMachine task thread for /0.0.0.0:33397 - 0 ] INFO  ozoneimpl.OzoneContainer (OzoneContainer.java:start(304)) - Attempting to start container services.
2021-12-02 14:31:25,842 [EndpointStateMachine task thread for /0.0.0.0:33397 - 0 ] INFO  ozoneimpl.OzoneContainer (OzoneContainer.java:startContainerScrub(249)) - Background container scanner has been disabled.
2021-12-02 14:31:25,843 [org.apache.hadoop.util.JvmPauseMonitor$Monitor@1764c587] INFO  util.JvmPauseMonitor (JvmPauseMonitor.java:run(188)) - Starting JVM pause monitor
2021-12-02 14:31:25,847 [EndpointStateMachine task thread for /0.0.0.0:33397 - 0 ] INFO  replication.ReplicationServer (ReplicationServer.java:start(107)) - ReplicationServer is started using port 41303
2021-12-02 14:31:25,855 [EndpointStateMachine task thread for /0.0.0.0:33397 - 0 ] INFO  ratis.XceiverServerRatis (XceiverServerRatis.java:start(484)) - Starting XceiverServerRatis a7b6a586-909c-47a7-a818-e434e5672216
2021-12-02 14:31:25,875 [EndpointStateMachine task thread for /0.0.0.0:33397 - 0 ] INFO  server.RaftServer (RaftServerProxy.java:lambda$start$5(374)) - a7b6a586-909c-47a7-a818-e434e5672216: start RPC server
2021-12-02 14:31:25,882 [EndpointStateMachine task thread for /0.0.0.0:33397 - 0 ] INFO  server.GrpcService (GrpcService.java:startImpl(253)) - a7b6a586-909c-47a7-a818-e434e5672216: GrpcService started, listening on 38677
2021-12-02 14:31:25,883 [EndpointStateMachine task thread for /0.0.0.0:33397 - 0 ] INFO  ratis.XceiverServerRatis (XceiverServerRatis.java:getRealPort(505)) - XceiverServerRatis a7b6a586-909c-47a7-a818-e434e5672216 is started using port 38677 for RATIS
2021-12-02 14:31:25,883 [EndpointStateMachine task thread for /0.0.0.0:33397 - 0 ] INFO  ratis.XceiverServerRatis (XceiverServerRatis.java:getRealPort(505)) - XceiverServerRatis a7b6a586-909c-47a7-a818-e434e5672216 is started using port 38677 for RATIS_ADMIN
2021-12-02 14:31:25,883 [EndpointStateMachine task thread for /0.0.0.0:33397 - 0 ] INFO  ratis.XceiverServerRatis (XceiverServerRatis.java:getRealPort(505)) - XceiverServerRatis a7b6a586-909c-47a7-a818-e434e5672216 is started using port 38677 for RATIS_SERVER
2021-12-02 14:31:25,884 [EndpointStateMachine task thread for /0.0.0.0:33397 - 0 ] INFO  server.XceiverServerGrpc (XceiverServerGrpc.java:start(135)) - XceiverServerGrpc a7b6a586-909c-47a7-a818-e434e5672216 is started using port 45225
2021-12-02 14:31:25,894 [Datanode State Machine Task Thread - 0] INFO  datanode.InitDatanodeState (InitDatanodeState.java:persistContainerDatanodeDetails(145)) - DatanodeDetails is persisted to /home/runner/work/ozone/ozone/hadoop-ozone/integration-test/target/test-dir/MiniOzoneClusterImpl-fd94144e-5974-489a-b79f-b066564ba6f5/datanode-6/meta/datanode.id
2021-12-02 14:31:25,908 [org.apache.ratis.util.JvmPauseMonitor$$Lambda$533/748004564@52a817f9] INFO  util.JvmPauseMonitor (JvmPauseMonitor.java:run(103)) - JvmPauseMonitor-a7b6a586-909c-47a7-a818-e434e5672216: Started
2021-12-02 14:31:26,262 [EndpointStateMachine task thread for /0.0.0.0:33397 - 0 ] INFO  ozoneimpl.OzoneContainer (OzoneContainer.java:start(304)) - Attempting to start container services.
2021-12-02 14:31:26,262 [EndpointStateMachine task thread for /0.0.0.0:33397 - 0 ] INFO  ozoneimpl.OzoneContainer (OzoneContainer.java:startContainerScrub(249)) - Background container scanner has been disabled.
2021-12-02 14:31:26,263 [EndpointStateMachine task thread for /0.0.0.0:33397 - 0 ] INFO  replication.ReplicationServer (ReplicationServer.java:start(107)) - ReplicationServer is started using port 42607
2021-12-02 14:31:26,287 [EndpointStateMachine task thread for /0.0.0.0:33397 - 0 ] INFO  ratis.XceiverServerRatis (XceiverServerRatis.java:start(484)) - Starting XceiverServerRatis 8698f9c0-0d63-4edb-bf8f-bb1ca05694ae
2021-12-02 14:31:26,288 [EndpointStateMachine task thread for /0.0.0.0:33397 - 0 ] INFO  server.RaftServer (RaftServerProxy.java:lambda$start$5(374)) - 8698f9c0-0d63-4edb-bf8f-bb1ca05694ae: start RPC server
2021-12-02 14:31:26,288 [EndpointStateMachine task thread for /0.0.0.0:33397 - 0 ] INFO  server.GrpcService (GrpcService.java:startImpl(253)) - 8698f9c0-0d63-4edb-bf8f-bb1ca05694ae: GrpcService started, listening on 46057
2021-12-02 14:31:26,295 [EndpointStateMachine task thread for /0.0.0.0:33397 - 0 ] INFO  ratis.XceiverServerRatis (XceiverServerRatis.java:getRealPort(505)) - XceiverServerRatis 8698f9c0-0d63-4edb-bf8f-bb1ca05694ae is started using port 46057 for RATIS
2021-12-02 14:31:26,295 [EndpointStateMachine task thread for /0.0.0.0:33397 - 0 ] INFO  ratis.XceiverServerRatis (XceiverServerRatis.java:getRealPort(505)) - XceiverServerRatis 8698f9c0-0d63-4edb-bf8f-bb1ca05694ae is started using port 46057 for RATIS_ADMIN
2021-12-02 14:31:26,295 [EndpointStateMachine task thread for /0.0.0.0:33397 - 0 ] INFO  ratis.XceiverServerRatis (XceiverServerRatis.java:getRealPort(505)) - XceiverServerRatis 8698f9c0-0d63-4edb-bf8f-bb1ca05694ae is started using port 46057 for RATIS_SERVER
2021-12-02 14:31:26,296 [EndpointStateMachine task thread for /0.0.0.0:33397 - 0 ] INFO  server.XceiverServerGrpc (XceiverServerGrpc.java:start(135)) - XceiverServerGrpc 8698f9c0-0d63-4edb-bf8f-bb1ca05694ae is started using port 45611
2021-12-02 14:31:26,326 [org.apache.ratis.util.JvmPauseMonitor$$Lambda$533/748004564@cf879d7] INFO  util.JvmPauseMonitor (JvmPauseMonitor.java:run(103)) - JvmPauseMonitor-8698f9c0-0d63-4edb-bf8f-bb1ca05694ae: Started
2021-12-02 14:31:26,645 [EndpointStateMachine task thread for /0.0.0.0:33397 - 0 ] INFO  ozoneimpl.OzoneContainer (OzoneContainer.java:start(304)) - Attempting to start container services.
2021-12-02 14:31:26,645 [EndpointStateMachine task thread for /0.0.0.0:33397 - 0 ] INFO  ozoneimpl.OzoneContainer (OzoneContainer.java:startContainerScrub(249)) - Background container scanner has been disabled.
2021-12-02 14:31:26,645 [EndpointStateMachine task thread for /0.0.0.0:33397 - 0 ] INFO  replication.ReplicationServer (ReplicationServer.java:start(107)) - ReplicationServer is started using port 40215
2021-12-02 14:31:26,677 [EndpointStateMachine task thread for /0.0.0.0:33397 - 0 ] INFO  ratis.XceiverServerRatis (XceiverServerRatis.java:start(484)) - Starting XceiverServerRatis ecb5ef9a-e3c1-46e1-bc6e-74dcb14bbdd1
2021-12-02 14:31:26,687 [EndpointStateMachine task thread for /0.0.0.0:33397 - 0 ] INFO  server.RaftServer (RaftServerProxy.java:lambda$start$5(374)) - ecb5ef9a-e3c1-46e1-bc6e-74dcb14bbdd1: start RPC server
2021-12-02 14:31:26,689 [EndpointStateMachine task thread for /0.0.0.0:33397 - 0 ] INFO  server.GrpcService (GrpcService.java:startImpl(253)) - ecb5ef9a-e3c1-46e1-bc6e-74dcb14bbdd1: GrpcService started, listening on 41883
2021-12-02 14:31:26,697 [EndpointStateMachine task thread for /0.0.0.0:33397 - 0 ] INFO  ratis.XceiverServerRatis (XceiverServerRatis.java:getRealPort(505)) - XceiverServerRatis ecb5ef9a-e3c1-46e1-bc6e-74dcb14bbdd1 is started using port 41883 for RATIS
2021-12-02 14:31:26,697 [EndpointStateMachine task thread for /0.0.0.0:33397 - 0 ] INFO  ratis.XceiverServerRatis (XceiverServerRatis.java:getRealPort(505)) - XceiverServerRatis ecb5ef9a-e3c1-46e1-bc6e-74dcb14bbdd1 is started using port 41883 for RATIS_ADMIN
2021-12-02 14:31:26,697 [EndpointStateMachine task thread for /0.0.0.0:33397 - 0 ] INFO  ratis.XceiverServerRatis (XceiverServerRatis.java:getRealPort(505)) - XceiverServerRatis ecb5ef9a-e3c1-46e1-bc6e-74dcb14bbdd1 is started using port 41883 for RATIS_SERVER
2021-12-02 14:31:26,698 [EndpointStateMachine task thread for /0.0.0.0:33397 - 0 ] INFO  server.XceiverServerGrpc (XceiverServerGrpc.java:start(135)) - XceiverServerGrpc ecb5ef9a-e3c1-46e1-bc6e-74dcb14bbdd1 is started using port 34895
2021-12-02 14:31:26,737 [org.apache.ratis.util.JvmPauseMonitor$$Lambda$533/748004564@3fabb25] INFO  util.JvmPauseMonitor (JvmPauseMonitor.java:run(103)) - JvmPauseMonitor-ecb5ef9a-e3c1-46e1-bc6e-74dcb14bbdd1: Started
2021-12-02 14:31:26,751 [Listener at 127.0.0.1/39245] INFO  ozone.MiniOzoneClusterImpl (MiniOzoneClusterImpl.java:lambda$waitForClusterToBeReady$0(235)) - Waiting for nodes to be ready. Got 0 of 7 DN Heartbeats.
2021-12-02 14:31:26,751 [Listener at 127.0.0.1/39245] INFO  ozone.MiniOzoneClusterImpl (MiniOzoneClusterImpl.java:lambda$waitForClusterToBeReady$0(238)) - Waiting for cluster to exit safe mode
2021-12-02 14:31:26,751 [Listener at 127.0.0.1/39245] INFO  ozone.MiniOzoneClusterImpl (MiniOzoneClusterImpl.java:lambda$waitForClusterToBeReady$0(240)) - SCM became leader
2021-12-02 14:31:26,976 [EndpointStateMachine task thread for /0.0.0.0:33397 - 0 ] INFO  ozoneimpl.OzoneContainer (OzoneContainer.java:start(304)) - Attempting to start container services.
2021-12-02 14:31:26,977 [EndpointStateMachine task thread for /0.0.0.0:33397 - 0 ] INFO  ozoneimpl.OzoneContainer (OzoneContainer.java:startContainerScrub(249)) - Background container scanner has been disabled.
2021-12-02 14:31:26,978 [EndpointStateMachine task thread for /0.0.0.0:33397 - 0 ] INFO  replication.ReplicationServer (ReplicationServer.java:start(107)) - ReplicationServer is started using port 44029
2021-12-02 14:31:27,010 [EndpointStateMachine task thread for /0.0.0.0:33397 - 0 ] INFO  ratis.XceiverServerRatis (XceiverServerRatis.java:start(484)) - Starting XceiverServerRatis 880aaef5-a54e-4898-af17-abc2dce457d4
2021-12-02 14:31:27,015 [EndpointStateMachine task thread for /0.0.0.0:33397 - 0 ] INFO  server.RaftServer (RaftServerProxy.java:lambda$start$5(374)) - 880aaef5-a54e-4898-af17-abc2dce457d4: start RPC server
2021-12-02 14:31:27,016 [EndpointStateMachine task thread for /0.0.0.0:33397 - 0 ] INFO  server.GrpcService (GrpcService.java:startImpl(253)) - 880aaef5-a54e-4898-af17-abc2dce457d4: GrpcService started, listening on 38967
2021-12-02 14:31:27,020 [EndpointStateMachine task thread for /0.0.0.0:33397 - 0 ] INFO  ratis.XceiverServerRatis (XceiverServerRatis.java:getRealPort(505)) - XceiverServerRatis 880aaef5-a54e-4898-af17-abc2dce457d4 is started using port 38967 for RATIS
2021-12-02 14:31:27,020 [EndpointStateMachine task thread for /0.0.0.0:33397 - 0 ] INFO  ratis.XceiverServerRatis (XceiverServerRatis.java:getRealPort(505)) - XceiverServerRatis 880aaef5-a54e-4898-af17-abc2dce457d4 is started using port 38967 for RATIS_ADMIN
2021-12-02 14:31:27,020 [EndpointStateMachine task thread for /0.0.0.0:33397 - 0 ] INFO  ratis.XceiverServerRatis (XceiverServerRatis.java:getRealPort(505)) - XceiverServerRatis 880aaef5-a54e-4898-af17-abc2dce457d4 is started using port 38967 for RATIS_SERVER
2021-12-02 14:31:27,020 [EndpointStateMachine task thread for /0.0.0.0:33397 - 0 ] INFO  server.XceiverServerGrpc (XceiverServerGrpc.java:start(135)) - XceiverServerGrpc 880aaef5-a54e-4898-af17-abc2dce457d4 is started using port 44995
2021-12-02 14:31:27,049 [org.apache.ratis.util.JvmPauseMonitor$$Lambda$533/748004564@333182f0] INFO  util.JvmPauseMonitor (JvmPauseMonitor.java:run(103)) - JvmPauseMonitor-880aaef5-a54e-4898-af17-abc2dce457d4: Started
2021-12-02 14:31:27,241 [IPC Server handler 7 on default port 33397] INFO  net.NetworkTopologyImpl (NetworkTopologyImpl.java:add(112)) - Added a new node: /default-rack/277b06ce-74e8-46b5-b9ba-0eaaec62ec87
2021-12-02 14:31:27,241 [IPC Server handler 7 on default port 33397] INFO  node.SCMNodeManager (SCMNodeManager.java:register(389)) - Registered Data node : 277b06ce-74e8-46b5-b9ba-0eaaec62ec87{ip: 10.1.0.16, host: fv-az59-375.csjynl4pkq3e1pkirw3ssqjfoh.cx.internal.cloudapp.net, ports: [REPLICATION=41607, RATIS=37685, RATIS_ADMIN=37685, RATIS_SERVER=37685, STANDALONE=37559], networkLocation: /default-rack, certSerialId: null, persistedOpState: null, persistedOpStateExpiryEpochSec: 0}
2021-12-02 14:31:27,245 [EventQueue-NodeRegistrationContainerReportForDataNodeSafeModeRule] INFO  safemode.SCMSafeModeManager (DataNodeSafeModeRule.java:process(71)) - SCM in safe mode. 1 DataNodes registered, 3 required.
2021-12-02 14:31:27,246 [EventQueue-PipelineReportForOneReplicaPipelineSafeModeRule] INFO  safemode.SCMSafeModeManager (SCMSafeModeManager.java:validateSafeModeExitRules(204)) - AtleastOneDatanodeReportedRule rule is successfully validated
2021-12-02 14:31:27,270 [EventQueue-NewNodeForNewNodeHandler] INFO  pipeline.BackgroundPipelineCreator (BackgroundPipelineCreator.java:notifyEventTriggered(285)) - trigger a one-shot run on RatisPipelineUtilsThread.
2021-12-02 14:31:27,270 [EventQueue-NodeRegistrationContainerReportForContainerSafeModeRule] INFO  safemode.SCMSafeModeManager (SCMSafeModeManager.java:validateSafeModeExitRules(204)) - ContainerSafeModeRule rule is successfully validated
2021-12-02 14:31:27,271 [RatisPipelineUtilsThread - 0] INFO  pipeline.RatisPipelineProvider (RatisPipelineProvider.java:lambda$create$0(183)) - Sending CreatePipelineCommand for pipeline:PipelineID=b29925cd-c2d0-41ea-b9bb-93e5fedebbb8 to datanode:277b06ce-74e8-46b5-b9ba-0eaaec62ec87
2021-12-02 14:31:27,272 [RatisPipelineUtilsThread - 0] INFO  pipeline.PipelineStateManagerImpl (PipelineStateManagerImpl.java:addPipeline(101)) - Created pipeline Pipeline[ Id: b29925cd-c2d0-41ea-b9bb-93e5fedebbb8, Nodes: 277b06ce-74e8-46b5-b9ba-0eaaec62ec87{ip: 10.1.0.16, host: fv-az59-375.csjynl4pkq3e1pkirw3ssqjfoh.cx.internal.cloudapp.net, ports: [REPLICATION=41607, RATIS=37685, RATIS_ADMIN=37685, RATIS_SERVER=37685, STANDALONE=37559], networkLocation: /default-rack, certSerialId: null, persistedOpState: IN_SERVICE, persistedOpStateExpiryEpochSec: 0}, ReplicationConfig: RATIS/ONE, State:ALLOCATED, leaderId:, CreationTimestamp2021-12-02T14:31:27.271Z[Etc/UTC]].
2021-12-02 14:31:27,507 [EndpointStateMachine task thread for /0.0.0.0:33397 - 0 ] INFO  ozoneimpl.OzoneContainer (OzoneContainer.java:start(304)) - Attempting to start container services.
2021-12-02 14:31:27,507 [EndpointStateMachine task thread for /0.0.0.0:33397 - 0 ] INFO  ozoneimpl.OzoneContainer (OzoneContainer.java:startContainerScrub(249)) - Background container scanner has been disabled.
2021-12-02 14:31:27,515 [EndpointStateMachine task thread for /0.0.0.0:33397 - 0 ] INFO  replication.ReplicationServer (ReplicationServer.java:start(107)) - ReplicationServer is started using port 39567
2021-12-02 14:31:27,519 [EndpointStateMachine task thread for /0.0.0.0:33397 - 0 ] INFO  ratis.XceiverServerRatis (XceiverServerRatis.java:start(484)) - Starting XceiverServerRatis 378d0879-743d-4e9f-84ed-de5a08f6d2b8
2021-12-02 14:31:27,533 [EndpointStateMachine task thread for /0.0.0.0:33397 - 0 ] INFO  server.RaftServer (RaftServerProxy.java:lambda$start$5(374)) - 378d0879-743d-4e9f-84ed-de5a08f6d2b8: start RPC server
2021-12-02 14:31:27,547 [EndpointStateMachine task thread for /0.0.0.0:33397 - 0 ] INFO  server.GrpcService (GrpcService.java:startImpl(253)) - 378d0879-743d-4e9f-84ed-de5a08f6d2b8: GrpcService started, listening on 33383
2021-12-02 14:31:27,559 [EndpointStateMachine task thread for /0.0.0.0:33397 - 0 ] INFO  ratis.XceiverServerRatis (XceiverServerRatis.java:getRealPort(505)) - XceiverServerRatis 378d0879-743d-4e9f-84ed-de5a08f6d2b8 is started using port 33383 for RATIS
2021-12-02 14:31:27,559 [EndpointStateMachine task thread for /0.0.0.0:33397 - 0 ] INFO  ratis.XceiverServerRatis (XceiverServerRatis.java:getRealPort(505)) - XceiverServerRatis 378d0879-743d-4e9f-84ed-de5a08f6d2b8 is started using port 33383 for RATIS_ADMIN
2021-12-02 14:31:27,559 [EndpointStateMachine task thread for /0.0.0.0:33397 - 0 ] INFO  ratis.XceiverServerRatis (XceiverServerRatis.java:getRealPort(505)) - XceiverServerRatis 378d0879-743d-4e9f-84ed-de5a08f6d2b8 is started using port 33383 for RATIS_SERVER
2021-12-02 14:31:27,559 [org.apache.ratis.util.JvmPauseMonitor$$Lambda$533/748004564@745b0377] INFO  util.JvmPauseMonitor (JvmPauseMonitor.java:run(103)) - JvmPauseMonitor-378d0879-743d-4e9f-84ed-de5a08f6d2b8: Started
2021-12-02 14:31:27,559 [EndpointStateMachine task thread for /0.0.0.0:33397 - 0 ] INFO  server.XceiverServerGrpc (XceiverServerGrpc.java:start(135)) - XceiverServerGrpc 378d0879-743d-4e9f-84ed-de5a08f6d2b8 is started using port 41955
2021-12-02 14:31:27,751 [Listener at 127.0.0.1/39245] INFO  ozone.MiniOzoneClusterImpl (MiniOzoneClusterImpl.java:lambda$waitForClusterToBeReady$0(235)) - Waiting for nodes to be ready. Got 1 of 7 DN Heartbeats.
2021-12-02 14:31:27,751 [Listener at 127.0.0.1/39245] INFO  ozone.MiniOzoneClusterImpl (MiniOzoneClusterImpl.java:lambda$waitForClusterToBeReady$0(238)) - Waiting for cluster to exit safe mode
2021-12-02 14:31:27,751 [Listener at 127.0.0.1/39245] INFO  ozone.MiniOzoneClusterImpl (MiniOzoneClusterImpl.java:lambda$waitForClusterToBeReady$0(240)) - SCM became leader
2021-12-02 14:31:27,776 [IPC Server handler 3 on default port 33397] INFO  net.NetworkTopologyImpl (NetworkTopologyImpl.java:add(112)) - Added a new node: /default-rack/a7b6a586-909c-47a7-a818-e434e5672216
2021-12-02 14:31:27,776 [IPC Server handler 3 on default port 33397] INFO  node.SCMNodeManager (SCMNodeManager.java:register(389)) - Registered Data node : a7b6a586-909c-47a7-a818-e434e5672216{ip: 10.1.0.16, host: fv-az59-375.csjynl4pkq3e1pkirw3ssqjfoh.cx.internal.cloudapp.net, ports: [REPLICATION=41303, RATIS=38677, RATIS_ADMIN=38677, RATIS_SERVER=38677, STANDALONE=45225], networkLocation: /default-rack, certSerialId: null, persistedOpState: null, persistedOpStateExpiryEpochSec: 0}
2021-12-02 14:31:27,777 [EventQueue-NewNodeForNewNodeHandler] INFO  pipeline.BackgroundPipelineCreator (BackgroundPipelineCreator.java:notifyEventTriggered(285)) - trigger a one-shot run on RatisPipelineUtilsThread.
2021-12-02 14:31:27,779 [EventQueue-NodeRegistrationContainerReportForDataNodeSafeModeRule] INFO  safemode.SCMSafeModeManager (DataNodeSafeModeRule.java:process(71)) - SCM in safe mode. 2 DataNodes registered, 3 required.
2021-12-02 14:31:27,779 [RatisPipelineUtilsThread - 0] INFO  pipeline.RatisPipelineProvider (RatisPipelineProvider.java:lambda$create$0(183)) - Sending CreatePipelineCommand for pipeline:PipelineID=c0c5fcd2-e210-4ac4-97db-fb5afe99d0ab to datanode:a7b6a586-909c-47a7-a818-e434e5672216
2021-12-02 14:31:27,780 [RatisPipelineUtilsThread - 0] INFO  pipeline.PipelineStateManagerImpl (PipelineStateManagerImpl.java:addPipeline(101)) - Created pipeline Pipeline[ Id: c0c5fcd2-e210-4ac4-97db-fb5afe99d0ab, Nodes: a7b6a586-909c-47a7-a818-e434e5672216{ip: 10.1.0.16, host: fv-az59-375.csjynl4pkq3e1pkirw3ssqjfoh.cx.internal.cloudapp.net, ports: [REPLICATION=41303, RATIS=38677, RATIS_ADMIN=38677, RATIS_SERVER=38677, STANDALONE=45225], networkLocation: /default-rack, certSerialId: null, persistedOpState: IN_SERVICE, persistedOpStateExpiryEpochSec: 0}, ReplicationConfig: RATIS/ONE, State:ALLOCATED, leaderId:, CreationTimestamp2021-12-02T14:31:27.779Z[Etc/UTC]].
2021-12-02 14:31:27,857 [EndpointStateMachine task thread for /0.0.0.0:33397 - 0 ] INFO  ozoneimpl.OzoneContainer (OzoneContainer.java:start(304)) - Attempting to start container services.
2021-12-02 14:31:27,858 [EndpointStateMachine task thread for /0.0.0.0:33397 - 0 ] INFO  ozoneimpl.OzoneContainer (OzoneContainer.java:startContainerScrub(249)) - Background container scanner has been disabled.
2021-12-02 14:31:27,859 [EndpointStateMachine task thread for /0.0.0.0:33397 - 0 ] INFO  replication.ReplicationServer (ReplicationServer.java:start(107)) - ReplicationServer is started using port 33655
2021-12-02 14:31:27,860 [EndpointStateMachine task thread for /0.0.0.0:33397 - 0 ] INFO  ratis.XceiverServerRatis (XceiverServerRatis.java:start(484)) - Starting XceiverServerRatis 090cecd5-a27b-490f-ac32-d0e1b4d1b6f6
2021-12-02 14:31:27,863 [EndpointStateMachine task thread for /0.0.0.0:33397 - 0 ] INFO  server.RaftServer (RaftServerProxy.java:lambda$start$5(374)) - 090cecd5-a27b-490f-ac32-d0e1b4d1b6f6: start RPC server
2021-12-02 14:31:27,864 [EndpointStateMachine task thread for /0.0.0.0:33397 - 0 ] INFO  server.GrpcService (GrpcService.java:startImpl(253)) - 090cecd5-a27b-490f-ac32-d0e1b4d1b6f6: GrpcService started, listening on 46119
2021-12-02 14:31:27,868 [EndpointStateMachine task thread for /0.0.0.0:33397 - 0 ] INFO  ratis.XceiverServerRatis (XceiverServerRatis.java:getRealPort(505)) - XceiverServerRatis 090cecd5-a27b-490f-ac32-d0e1b4d1b6f6 is started using port 46119 for RATIS
2021-12-02 14:31:27,868 [EndpointStateMachine task thread for /0.0.0.0:33397 - 0 ] INFO  ratis.XceiverServerRatis (XceiverServerRatis.java:getRealPort(505)) - XceiverServerRatis 090cecd5-a27b-490f-ac32-d0e1b4d1b6f6 is started using port 46119 for RATIS_ADMIN
2021-12-02 14:31:27,868 [EndpointStateMachine task thread for /0.0.0.0:33397 - 0 ] INFO  ratis.XceiverServerRatis (XceiverServerRatis.java:getRealPort(505)) - XceiverServerRatis 090cecd5-a27b-490f-ac32-d0e1b4d1b6f6 is started using port 46119 for RATIS_SERVER
2021-12-02 14:31:27,868 [EndpointStateMachine task thread for /0.0.0.0:33397 - 0 ] INFO  server.XceiverServerGrpc (XceiverServerGrpc.java:start(135)) - XceiverServerGrpc 090cecd5-a27b-490f-ac32-d0e1b4d1b6f6 is started using port 41395
2021-12-02 14:31:27,870 [org.apache.ratis.util.JvmPauseMonitor$$Lambda$533/748004564@419e0665] INFO  util.JvmPauseMonitor (JvmPauseMonitor.java:run(103)) - JvmPauseMonitor-090cecd5-a27b-490f-ac32-d0e1b4d1b6f6: Started
2021-12-02 14:31:28,262 [IPC Server handler 2 on default port 33397] INFO  net.NetworkTopologyImpl (NetworkTopologyImpl.java:add(112)) - Added a new node: /default-rack/8698f9c0-0d63-4edb-bf8f-bb1ca05694ae
2021-12-02 14:31:28,262 [IPC Server handler 2 on default port 33397] INFO  node.SCMNodeManager (SCMNodeManager.java:register(389)) - Registered Data node : 8698f9c0-0d63-4edb-bf8f-bb1ca05694ae{ip: 10.1.0.16, host: fv-az59-375.csjynl4pkq3e1pkirw3ssqjfoh.cx.internal.cloudapp.net, ports: [REPLICATION=42607, RATIS=46057, RATIS_ADMIN=46057, RATIS_SERVER=46057, STANDALONE=45611], networkLocation: /default-rack, certSerialId: null, persistedOpState: null, persistedOpStateExpiryEpochSec: 0}
2021-12-02 14:31:28,264 [EventQueue-NewNodeForNewNodeHandler] INFO  pipeline.BackgroundPipelineCreator (BackgroundPipelineCreator.java:notifyEventTriggered(285)) - trigger a one-shot run on RatisPipelineUtilsThread.
2021-12-02 14:31:28,272 [EventQueue-NodeRegistrationContainerReportForDataNodeSafeModeRule] INFO  safemode.SCMSafeModeManager (DataNodeSafeModeRule.java:process(71)) - SCM in safe mode. 3 DataNodes registered, 3 required.
2021-12-02 14:31:28,272 [EventQueue-NodeRegistrationContainerReportForDataNodeSafeModeRule] INFO  safemode.SCMSafeModeManager (SCMSafeModeManager.java:validateSafeModeExitRules(204)) - DataNodeSafeModeRule rule is successfully validated
2021-12-02 14:31:28,272 [EventQueue-NodeRegistrationContainerReportForDataNodeSafeModeRule] INFO  safemode.SCMSafeModeManager (SCMSafeModeManager.java:completePreCheck(233)) - All SCM safe mode pre check rules have passed
2021-12-02 14:31:28,273 [EventQueue-NodeRegistrationContainerReportForDataNodeSafeModeRule] WARN  events.EventQueue (EventQueue.java:fireEvent(194)) - No event handler registered for event TypedEvent{payloadType=SafeModeStatus, name='Safe mode status'}
2021-12-02 14:31:28,273 [EventQueue-NodeRegistrationContainerReportForDataNodeSafeModeRule] INFO  ha.SCMContext (SCMContext.java:updateSafeModeStatus(205)) - Update SafeModeStatus from SafeModeStatus{safeModeStatus=true, preCheckPassed=false} to SafeModeStatus{safeModeStatus=true, preCheckPassed=true}.
2021-12-02 14:31:28,273 [EventQueue-NodeRegistrationContainerReportForDataNodeSafeModeRule] INFO  pipeline.BackgroundPipelineCreator (BackgroundPipelineCreator.java:notifyEventTriggered(285)) - trigger a one-shot run on RatisPipelineUtilsThread.
2021-12-02 14:31:28,273 [RatisPipelineUtilsThread - 0] INFO  pipeline.RatisPipelineProvider (RatisPipelineProvider.java:lambda$create$0(183)) - Sending CreatePipelineCommand for pipeline:PipelineID=ad76ff9c-4ca6-4f86-9f39-af37f28d5c2b to datanode:8698f9c0-0d63-4edb-bf8f-bb1ca05694ae
2021-12-02 14:31:28,273 [RatisPipelineUtilsThread - 0] INFO  pipeline.PipelineStateManagerImpl (PipelineStateManagerImpl.java:addPipeline(101)) - Created pipeline Pipeline[ Id: ad76ff9c-4ca6-4f86-9f39-af37f28d5c2b, Nodes: 8698f9c0-0d63-4edb-bf8f-bb1ca05694ae{ip: 10.1.0.16, host: fv-az59-375.csjynl4pkq3e1pkirw3ssqjfoh.cx.internal.cloudapp.net, ports: [REPLICATION=42607, RATIS=46057, RATIS_ADMIN=46057, RATIS_SERVER=46057, STANDALONE=45611], networkLocation: /default-rack, certSerialId: null, persistedOpState: IN_SERVICE, persistedOpStateExpiryEpochSec: 0}, ReplicationConfig: RATIS/ONE, State:ALLOCATED, leaderId:, CreationTimestamp2021-12-02T14:31:28.273Z[Etc/UTC]].
2021-12-02 14:31:28,273 [RatisPipelineUtilsThread - 0] INFO  pipeline.RatisPipelineProvider (RatisPipelineProvider.java:lambda$create$0(183)) - Sending CreatePipelineCommand for pipeline:PipelineID=4d19a40b-ff18-4e92-ae45-f34a6d962fbb to datanode:a7b6a586-909c-47a7-a818-e434e5672216
2021-12-02 14:31:28,273 [RatisPipelineUtilsThread - 0] INFO  pipeline.RatisPipelineProvider (RatisPipelineProvider.java:lambda$create$0(183)) - Sending CreatePipelineCommand for pipeline:PipelineID=4d19a40b-ff18-4e92-ae45-f34a6d962fbb to datanode:8698f9c0-0d63-4edb-bf8f-bb1ca05694ae
2021-12-02 14:31:28,274 [RatisPipelineUtilsThread - 0] INFO  pipeline.RatisPipelineProvider (RatisPipelineProvider.java:lambda$create$0(183)) - Sending CreatePipelineCommand for pipeline:PipelineID=4d19a40b-ff18-4e92-ae45-f34a6d962fbb to datanode:277b06ce-74e8-46b5-b9ba-0eaaec62ec87
2021-12-02 14:31:28,274 [RatisPipelineUtilsThread - 0] INFO  pipeline.PipelineStateManagerImpl (PipelineStateManagerImpl.java:addPipeline(101)) - Created pipeline Pipeline[ Id: 4d19a40b-ff18-4e92-ae45-f34a6d962fbb, Nodes: a7b6a586-909c-47a7-a818-e434e5672216{ip: 10.1.0.16, host: fv-az59-375.csjynl4pkq3e1pkirw3ssqjfoh.cx.internal.cloudapp.net, ports: [REPLICATION=41303, RATIS=38677, RATIS_ADMIN=38677, RATIS_SERVER=38677, STANDALONE=45225], networkLocation: /default-rack, certSerialId: null, persistedOpState: IN_SERVICE, persistedOpStateExpiryEpochSec: 0}8698f9c0-0d63-4edb-bf8f-bb1ca05694ae{ip: 10.1.0.16, host: fv-az59-375.csjynl4pkq3e1pkirw3ssqjfoh.cx.internal.cloudapp.net, ports: [REPLICATION=42607, RATIS=46057, RATIS_ADMIN=46057, RATIS_SERVER=46057, STANDALONE=45611], networkLocation: /default-rack, certSerialId: null, persistedOpState: IN_SERVICE, persistedOpStateExpiryEpochSec: 0}277b06ce-74e8-46b5-b9ba-0eaaec62ec87{ip: 10.1.0.16, host: fv-az59-375.csjynl4pkq3e1pkirw3ssqjfoh.cx.internal.cloudapp.net, ports: [REPLICATION=41607, RATIS=37685, RATIS_ADMIN=37685, RATIS_SERVER=37685, STANDALONE=37559], networkLocation: /default-rack, certSerialId: null, persistedOpState: IN_SERVICE, persistedOpStateExpiryEpochSec: 0}, ReplicationConfig: RATIS/THREE, State:ALLOCATED, leaderId:, CreationTimestamp2021-12-02T14:31:28.273Z[Etc/UTC]].
2021-12-02 14:31:28,274 [RatisPipelineUtilsThread - 0] INFO  pipeline.RatisPipelineProvider (RatisPipelineProvider.java:lambda$create$0(183)) - Sending CreatePipelineCommand for pipeline:PipelineID=86fd732d-83db-4bb4-8521-218c52d3b0e5 to datanode:8698f9c0-0d63-4edb-bf8f-bb1ca05694ae
2021-12-02 14:31:28,274 [RatisPipelineUtilsThread - 0] INFO  pipeline.RatisPipelineProvider (RatisPipelineProvider.java:lambda$create$0(183)) - Sending CreatePipelineCommand for pipeline:PipelineID=86fd732d-83db-4bb4-8521-218c52d3b0e5 to datanode:277b06ce-74e8-46b5-b9ba-0eaaec62ec87
2021-12-02 14:31:28,274 [RatisPipelineUtilsThread - 0] INFO  pipeline.RatisPipelineProvider (RatisPipelineProvider.java:lambda$create$0(183)) - Sending CreatePipelineCommand for pipeline:PipelineID=86fd732d-83db-4bb4-8521-218c52d3b0e5 to datanode:a7b6a586-909c-47a7-a818-e434e5672216
2021-12-02 14:31:28,274 [RatisPipelineUtilsThread - 0] INFO  pipeline.PipelineStateManagerImpl (PipelineStateManagerImpl.java:addPipeline(101)) - Created pipeline Pipeline[ Id: 86fd732d-83db-4bb4-8521-218c52d3b0e5, Nodes: 8698f9c0-0d63-4edb-bf8f-bb1ca05694ae{ip: 10.1.0.16, host: fv-az59-375.csjynl4pkq3e1pkirw3ssqjfoh.cx.internal.cloudapp.net, ports: [REPLICATION=42607, RATIS=46057, RATIS_ADMIN=46057, RATIS_SERVER=46057, STANDALONE=45611], networkLocation: /default-rack, certSerialId: null, persistedOpState: IN_SERVICE, persistedOpStateExpiryEpochSec: 0}277b06ce-74e8-46b5-b9ba-0eaaec62ec87{ip: 10.1.0.16, host: fv-az59-375.csjynl4pkq3e1pkirw3ssqjfoh.cx.internal.cloudapp.net, ports: [REPLICATION=41607, RATIS=37685, RATIS_ADMIN=37685, RATIS_SERVER=37685, STANDALONE=37559], networkLocation: /default-rack, certSerialId: null, persistedOpState: IN_SERVICE, persistedOpStateExpiryEpochSec: 0}a7b6a586-909c-47a7-a818-e434e5672216{ip: 10.1.0.16, host: fv-az59-375.csjynl4pkq3e1pkirw3ssqjfoh.cx.internal.cloudapp.net, ports: [REPLICATION=41303, RATIS=38677, RATIS_ADMIN=38677, RATIS_SERVER=38677, STANDALONE=45225], networkLocation: /default-rack, certSerialId: null, persistedOpState: IN_SERVICE, persistedOpStateExpiryEpochSec: 0}, ReplicationConfig: RATIS/THREE, State:ALLOCATED, leaderId:, CreationTimestamp2021-12-02T14:31:28.274Z[Etc/UTC]].
2021-12-02 14:31:28,277 [RatisPipelineUtilsThread - 0] INFO  pipeline.PipelineManagerImpl (PipelineManagerImpl.java:recordMetricsForPipeline(620)) - Pipeline: PipelineID=86fd732d-83db-4bb4-8521-218c52d3b0e5 contains same datanodes as previous pipelines: PipelineID=4d19a40b-ff18-4e92-ae45-f34a6d962fbb nodeIds: 8698f9c0-0d63-4edb-bf8f-bb1ca05694ae, 277b06ce-74e8-46b5-b9ba-0eaaec62ec87, a7b6a586-909c-47a7-a818-e434e5672216
2021-12-02 14:31:28,628 [IPC Server handler 3 on default port 33397] INFO  net.NetworkTopologyImpl (NetworkTopologyImpl.java:add(112)) - Added a new node: /default-rack/ecb5ef9a-e3c1-46e1-bc6e-74dcb14bbdd1
2021-12-02 14:31:28,629 [IPC Server handler 3 on default port 33397] INFO  node.SCMNodeManager (SCMNodeManager.java:register(389)) - Registered Data node : ecb5ef9a-e3c1-46e1-bc6e-74dcb14bbdd1{ip: 10.1.0.16, host: fv-az59-375.csjynl4pkq3e1pkirw3ssqjfoh.cx.internal.cloudapp.net, ports: [REPLICATION=40215, RATIS=41883, RATIS_ADMIN=41883, RATIS_SERVER=41883, STANDALONE=34895], networkLocation: /default-rack, certSerialId: null, persistedOpState: null, persistedOpStateExpiryEpochSec: 0}
2021-12-02 14:31:28,629 [EventQueue-NewNodeForNewNodeHandler] INFO  pipeline.BackgroundPipelineCreator (BackgroundPipelineCreator.java:notifyEventTriggered(285)) - trigger a one-shot run on RatisPipelineUtilsThread.
2021-12-02 14:31:28,630 [RatisPipelineUtilsThread - 0] INFO  pipeline.RatisPipelineProvider (RatisPipelineProvider.java:lambda$create$0(183)) - Sending CreatePipelineCommand for pipeline:PipelineID=d25f02da-a277-4466-a3ea-a6321d7c8b44 to datanode:ecb5ef9a-e3c1-46e1-bc6e-74dcb14bbdd1
2021-12-02 14:31:28,630 [RatisPipelineUtilsThread - 0] INFO  pipeline.PipelineStateManagerImpl (PipelineStateManagerImpl.java:addPipeline(101)) - Created pipeline Pipeline[ Id: d25f02da-a277-4466-a3ea-a6321d7c8b44, Nodes: ecb5ef9a-e3c1-46e1-bc6e-74dcb14bbdd1{ip: 10.1.0.16, host: fv-az59-375.csjynl4pkq3e1pkirw3ssqjfoh.cx.internal.cloudapp.net, ports: [REPLICATION=40215, RATIS=41883, RATIS_ADMIN=41883, RATIS_SERVER=41883, STANDALONE=34895], networkLocation: /default-rack, certSerialId: null, persistedOpState: IN_SERVICE, persistedOpStateExpiryEpochSec: 0}, ReplicationConfig: RATIS/ONE, State:ALLOCATED, leaderId:, CreationTimestamp2021-12-02T14:31:28.629Z[Etc/UTC]].
2021-12-02 14:31:28,752 [Listener at 127.0.0.1/39245] INFO  ozone.MiniOzoneClusterImpl (MiniOzoneClusterImpl.java:lambda$waitForClusterToBeReady$0(235)) - Waiting for nodes to be ready. Got 4 of 7 DN Heartbeats.
2021-12-02 14:31:28,752 [Listener at 127.0.0.1/39245] INFO  ozone.MiniOzoneClusterImpl (MiniOzoneClusterImpl.java:lambda$waitForClusterToBeReady$0(238)) - Waiting for cluster to exit safe mode
2021-12-02 14:31:28,752 [Listener at 127.0.0.1/39245] INFO  ozone.MiniOzoneClusterImpl (MiniOzoneClusterImpl.java:lambda$waitForClusterToBeReady$0(240)) - SCM became leader
2021-12-02 14:31:28,971 [IPC Server handler 8 on default port 33397] INFO  net.NetworkTopologyImpl (NetworkTopologyImpl.java:add(112)) - Added a new node: /default-rack/880aaef5-a54e-4898-af17-abc2dce457d4
2021-12-02 14:31:28,972 [IPC Server handler 8 on default port 33397] INFO  node.SCMNodeManager (SCMNodeManager.java:register(389)) - Registered Data node : 880aaef5-a54e-4898-af17-abc2dce457d4{ip: 10.1.0.16, host: fv-az59-375.csjynl4pkq3e1pkirw3ssqjfoh.cx.internal.cloudapp.net, ports: [REPLICATION=44029, RATIS=38967, RATIS_ADMIN=38967, RATIS_SERVER=38967, STANDALONE=44995], networkLocation: /default-rack, certSerialId: null, persistedOpState: null, persistedOpStateExpiryEpochSec: 0}
2021-12-02 14:31:28,972 [EventQueue-NewNodeForNewNodeHandler] INFO  pipeline.BackgroundPipelineCreator (BackgroundPipelineCreator.java:notifyEventTriggered(285)) - trigger a one-shot run on RatisPipelineUtilsThread.
2021-12-02 14:31:28,972 [RatisPipelineUtilsThread - 0] INFO  pipeline.RatisPipelineProvider (RatisPipelineProvider.java:lambda$create$0(183)) - Sending CreatePipelineCommand for pipeline:PipelineID=c684c223-e4a5-4ecd-928a-ddb2a36c08ac to datanode:880aaef5-a54e-4898-af17-abc2dce457d4
2021-12-02 14:31:28,973 [RatisPipelineUtilsThread - 0] INFO  pipeline.PipelineStateManagerImpl (PipelineStateManagerImpl.java:addPipeline(101)) - Created pipeline Pipeline[ Id: c684c223-e4a5-4ecd-928a-ddb2a36c08ac, Nodes: 880aaef5-a54e-4898-af17-abc2dce457d4{ip: 10.1.0.16, host: fv-az59-375.csjynl4pkq3e1pkirw3ssqjfoh.cx.internal.cloudapp.net, ports: [REPLICATION=44029, RATIS=38967, RATIS_ADMIN=38967, RATIS_SERVER=38967, STANDALONE=44995], networkLocation: /default-rack, certSerialId: null, persistedOpState: IN_SERVICE, persistedOpStateExpiryEpochSec: 0}, ReplicationConfig: RATIS/ONE, State:ALLOCATED, leaderId:, CreationTimestamp2021-12-02T14:31:28.972Z[Etc/UTC]].
2021-12-02 14:31:29,481 [IPC Server handler 3 on default port 33397] INFO  net.NetworkTopologyImpl (NetworkTopologyImpl.java:add(112)) - Added a new node: /default-rack/378d0879-743d-4e9f-84ed-de5a08f6d2b8
2021-12-02 14:31:29,481 [IPC Server handler 3 on default port 33397] INFO  node.SCMNodeManager (SCMNodeManager.java:register(389)) - Registered Data node : 378d0879-743d-4e9f-84ed-de5a08f6d2b8{ip: 10.1.0.16, host: fv-az59-375.csjynl4pkq3e1pkirw3ssqjfoh.cx.internal.cloudapp.net, ports: [REPLICATION=39567, RATIS=33383, RATIS_ADMIN=33383, RATIS_SERVER=33383, STANDALONE=41955], networkLocation: /default-rack, certSerialId: null, persistedOpState: null, persistedOpStateExpiryEpochSec: 0}
2021-12-02 14:31:29,481 [EventQueue-NewNodeForNewNodeHandler] INFO  pipeline.BackgroundPipelineCreator (BackgroundPipelineCreator.java:notifyEventTriggered(285)) - trigger a one-shot run on RatisPipelineUtilsThread.
2021-12-02 14:31:29,482 [RatisPipelineUtilsThread - 0] INFO  pipeline.RatisPipelineProvider (RatisPipelineProvider.java:lambda$create$0(183)) - Sending CreatePipelineCommand for pipeline:PipelineID=eaae410a-8b87-45eb-abaa-e7bc8a180859 to datanode:378d0879-743d-4e9f-84ed-de5a08f6d2b8
2021-12-02 14:31:29,482 [RatisPipelineUtilsThread - 0] INFO  pipeline.PipelineStateManagerImpl (PipelineStateManagerImpl.java:addPipeline(101)) - Created pipeline Pipeline[ Id: eaae410a-8b87-45eb-abaa-e7bc8a180859, Nodes: 378d0879-743d-4e9f-84ed-de5a08f6d2b8{ip: 10.1.0.16, host: fv-az59-375.csjynl4pkq3e1pkirw3ssqjfoh.cx.internal.cloudapp.net, ports: [REPLICATION=39567, RATIS=33383, RATIS_ADMIN=33383, RATIS_SERVER=33383, STANDALONE=41955], networkLocation: /default-rack, certSerialId: null, persistedOpState: IN_SERVICE, persistedOpStateExpiryEpochSec: 0}, ReplicationConfig: RATIS/ONE, State:ALLOCATED, leaderId:, CreationTimestamp2021-12-02T14:31:29.482Z[Etc/UTC]].
2021-12-02 14:31:29,482 [RatisPipelineUtilsThread - 0] INFO  pipeline.RatisPipelineProvider (RatisPipelineProvider.java:lambda$create$0(183)) - Sending CreatePipelineCommand for pipeline:PipelineID=323063ed-2383-4d68-970b-796b449faa69 to datanode:880aaef5-a54e-4898-af17-abc2dce457d4
2021-12-02 14:31:29,483 [RatisPipelineUtilsThread - 0] INFO  pipeline.RatisPipelineProvider (RatisPipelineProvider.java:lambda$create$0(183)) - Sending CreatePipelineCommand for pipeline:PipelineID=323063ed-2383-4d68-970b-796b449faa69 to datanode:ecb5ef9a-e3c1-46e1-bc6e-74dcb14bbdd1
2021-12-02 14:31:29,483 [RatisPipelineUtilsThread - 0] INFO  pipeline.RatisPipelineProvider (RatisPipelineProvider.java:lambda$create$0(183)) - Sending CreatePipelineCommand for pipeline:PipelineID=323063ed-2383-4d68-970b-796b449faa69 to datanode:378d0879-743d-4e9f-84ed-de5a08f6d2b8
2021-12-02 14:31:29,483 [RatisPipelineUtilsThread - 0] INFO  pipeline.PipelineStateManagerImpl (PipelineStateManagerImpl.java:addPipeline(101)) - Created pipeline Pipeline[ Id: 323063ed-2383-4d68-970b-796b449faa69, Nodes: 880aaef5-a54e-4898-af17-abc2dce457d4{ip: 10.1.0.16, host: fv-az59-375.csjynl4pkq3e1pkirw3ssqjfoh.cx.internal.cloudapp.net, ports: [REPLICATION=44029, RATIS=38967, RATIS_ADMIN=38967, RATIS_SERVER=38967, STANDALONE=44995], networkLocation: /default-rack, certSerialId: null, persistedOpState: IN_SERVICE, persistedOpStateExpiryEpochSec: 0}ecb5ef9a-e3c1-46e1-bc6e-74dcb14bbdd1{ip: 10.1.0.16, host: fv-az59-375.csjynl4pkq3e1pkirw3ssqjfoh.cx.internal.cloudapp.net, ports: [REPLICATION=40215, RATIS=41883, RATIS_ADMIN=41883, RATIS_SERVER=41883, STANDALONE=34895], networkLocation: /default-rack, certSerialId: null, persistedOpState: IN_SERVICE, persistedOpStateExpiryEpochSec: 0}378d0879-743d-4e9f-84ed-de5a08f6d2b8{ip: 10.1.0.16, host: fv-az59-375.csjynl4pkq3e1pkirw3ssqjfoh.cx.internal.cloudapp.net, ports: [REPLICATION=39567, RATIS=33383, RATIS_ADMIN=33383, RATIS_SERVER=33383, STANDALONE=41955], networkLocation: /default-rack, certSerialId: null, persistedOpState: IN_SERVICE, persistedOpStateExpiryEpochSec: 0}, ReplicationConfig: RATIS/THREE, State:ALLOCATED, leaderId:, CreationTimestamp2021-12-02T14:31:29.482Z[Etc/UTC]].
2021-12-02 14:31:29,483 [RatisPipelineUtilsThread - 0] INFO  pipeline.RatisPipelineProvider (RatisPipelineProvider.java:lambda$create$0(183)) - Sending CreatePipelineCommand for pipeline:PipelineID=a4f3e589-f13b-489d-90d4-2df00e79ab8c to datanode:378d0879-743d-4e9f-84ed-de5a08f6d2b8
2021-12-02 14:31:29,483 [RatisPipelineUtilsThread - 0] INFO  pipeline.RatisPipelineProvider (RatisPipelineProvider.java:lambda$create$0(183)) - Sending CreatePipelineCommand for pipeline:PipelineID=a4f3e589-f13b-489d-90d4-2df00e79ab8c to datanode:880aaef5-a54e-4898-af17-abc2dce457d4
2021-12-02 14:31:29,483 [RatisPipelineUtilsThread - 0] INFO  pipeline.RatisPipelineProvider (RatisPipelineProvider.java:lambda$create$0(183)) - Sending CreatePipelineCommand for pipeline:PipelineID=a4f3e589-f13b-489d-90d4-2df00e79ab8c to datanode:ecb5ef9a-e3c1-46e1-bc6e-74dcb14bbdd1
2021-12-02 14:31:29,483 [RatisPipelineUtilsThread - 0] INFO  pipeline.PipelineStateManagerImpl (PipelineStateManagerImpl.java:addPipeline(101)) - Created pipeline Pipeline[ Id: a4f3e589-f13b-489d-90d4-2df00e79ab8c, Nodes: 378d0879-743d-4e9f-84ed-de5a08f6d2b8{ip: 10.1.0.16, host: fv-az59-375.csjynl4pkq3e1pkirw3ssqjfoh.cx.internal.cloudapp.net, ports: [REPLICATION=39567, RATIS=33383, RATIS_ADMIN=33383, RATIS_SERVER=33383, STANDALONE=41955], networkLocation: /default-rack, certSerialId: null, persistedOpState: IN_SERVICE, persistedOpStateExpiryEpochSec: 0}880aaef5-a54e-4898-af17-abc2dce457d4{ip: 10.1.0.16, host: fv-az59-375.csjynl4pkq3e1pkirw3ssqjfoh.cx.internal.cloudapp.net, ports: [REPLICATION=44029, RATIS=38967, RATIS_ADMIN=38967, RATIS_SERVER=38967, STANDALONE=44995], networkLocation: /default-rack, certSerialId: null, persistedOpState: IN_SERVICE, persistedOpStateExpiryEpochSec: 0}ecb5ef9a-e3c1-46e1-bc6e-74dcb14bbdd1{ip: 10.1.0.16, host: fv-az59-375.csjynl4pkq3e1pkirw3ssqjfoh.cx.internal.cloudapp.net, ports: [REPLICATION=40215, RATIS=41883, RATIS_ADMIN=41883, RATIS_SERVER=41883, STANDALONE=34895], networkLocation: /default-rack, certSerialId: null, persistedOpState: IN_SERVICE, persistedOpStateExpiryEpochSec: 0}, ReplicationConfig: RATIS/THREE, State:ALLOCATED, leaderId:, CreationTimestamp2021-12-02T14:31:29.483Z[Etc/UTC]].
2021-12-02 14:31:29,483 [RatisPipelineUtilsThread - 0] INFO  pipeline.PipelineManagerImpl (PipelineManagerImpl.java:recordMetricsForPipeline(620)) - Pipeline: PipelineID=a4f3e589-f13b-489d-90d4-2df00e79ab8c contains same datanodes as previous pipelines: PipelineID=323063ed-2383-4d68-970b-796b449faa69 nodeIds: 378d0879-743d-4e9f-84ed-de5a08f6d2b8, 880aaef5-a54e-4898-af17-abc2dce457d4, ecb5ef9a-e3c1-46e1-bc6e-74dcb14bbdd1
2021-12-02 14:31:29,752 [Listener at 127.0.0.1/39245] INFO  ozone.MiniOzoneClusterImpl (MiniOzoneClusterImpl.java:lambda$waitForClusterToBeReady$0(235)) - Waiting for nodes to be ready. Got 6 of 7 DN Heartbeats.
2021-12-02 14:31:29,752 [Listener at 127.0.0.1/39245] INFO  ozone.MiniOzoneClusterImpl (MiniOzoneClusterImpl.java:lambda$waitForClusterToBeReady$0(238)) - Waiting for cluster to exit safe mode
2021-12-02 14:31:29,752 [Listener at 127.0.0.1/39245] INFO  ozone.MiniOzoneClusterImpl (MiniOzoneClusterImpl.java:lambda$waitForClusterToBeReady$0(240)) - SCM became leader
2021-12-02 14:31:29,845 [IPC Server handler 5 on default port 33397] INFO  net.NetworkTopologyImpl (NetworkTopologyImpl.java:add(112)) - Added a new node: /default-rack/090cecd5-a27b-490f-ac32-d0e1b4d1b6f6
2021-12-02 14:31:29,846 [IPC Server handler 5 on default port 33397] INFO  node.SCMNodeManager (SCMNodeManager.java:register(389)) - Registered Data node : 090cecd5-a27b-490f-ac32-d0e1b4d1b6f6{ip: 10.1.0.16, host: fv-az59-375.csjynl4pkq3e1pkirw3ssqjfoh.cx.internal.cloudapp.net, ports: [REPLICATION=33655, RATIS=46119, RATIS_ADMIN=46119, RATIS_SERVER=46119, STANDALONE=41395], networkLocation: /default-rack, certSerialId: null, persistedOpState: null, persistedOpStateExpiryEpochSec: 0}
2021-12-02 14:31:29,846 [EventQueue-NewNodeForNewNodeHandler] INFO  pipeline.BackgroundPipelineCreator (BackgroundPipelineCreator.java:notifyEventTriggered(285)) - trigger a one-shot run on RatisPipelineUtilsThread.
2021-12-02 14:31:29,846 [RatisPipelineUtilsThread - 0] INFO  pipeline.RatisPipelineProvider (RatisPipelineProvider.java:lambda$create$0(183)) - Sending CreatePipelineCommand for pipeline:PipelineID=f4991f24-d948-41ce-bb8a-3d43b4623503 to datanode:090cecd5-a27b-490f-ac32-d0e1b4d1b6f6
2021-12-02 14:31:29,847 [RatisPipelineUtilsThread - 0] INFO  pipeline.PipelineStateManagerImpl (PipelineStateManagerImpl.java:addPipeline(101)) - Created pipeline Pipeline[ Id: f4991f24-d948-41ce-bb8a-3d43b4623503, Nodes: 090cecd5-a27b-490f-ac32-d0e1b4d1b6f6{ip: 10.1.0.16, host: fv-az59-375.csjynl4pkq3e1pkirw3ssqjfoh.cx.internal.cloudapp.net, ports: [REPLICATION=33655, RATIS=46119, RATIS_ADMIN=46119, RATIS_SERVER=46119, STANDALONE=41395], networkLocation: /default-rack, certSerialId: null, persistedOpState: IN_SERVICE, persistedOpStateExpiryEpochSec: 0}, ReplicationConfig: RATIS/ONE, State:ALLOCATED, leaderId:, CreationTimestamp2021-12-02T14:31:29.846Z[Etc/UTC]].
2021-12-02 14:31:30,243 [Command processor thread] INFO  server.RaftServer (RaftServerProxy.java:addNew(95)) - 277b06ce-74e8-46b5-b9ba-0eaaec62ec87: addNew group-93E5FEDEBBB8:[277b06ce-74e8-46b5-b9ba-0eaaec62ec87|rpc:10.1.0.16:37685|priority:1] returns group-93E5FEDEBBB8:java.util.concurrent.CompletableFuture@1311479e[Not completed]
2021-12-02 14:31:30,249 [pool-954-thread-1] INFO  server.RaftServer$Division (RaftServerImpl.java:<init>(184)) - 277b06ce-74e8-46b5-b9ba-0eaaec62ec87: new RaftServerImpl for group-93E5FEDEBBB8:[277b06ce-74e8-46b5-b9ba-0eaaec62ec87|rpc:10.1.0.16:37685|priority:1] with ContainerStateMachine:uninitialized
2021-12-02 14:31:30,280 [pool-954-thread-1] INFO  server.RaftServerConfigKeys (ConfUtils.java:logGet(44)) - raft.server.rpc.timeout.min = 5s (custom)
2021-12-02 14:31:30,280 [pool-954-thread-1] INFO  server.RaftServerConfigKeys (ConfUtils.java:logGet(44)) - raft.server.rpc.timeout.max = 5200ms (custom)
2021-12-02 14:31:30,280 [pool-954-thread-1] INFO  server.RaftServerConfigKeys (ConfUtils.java:logGet(44)) - raft.server.rpc.sleep.time = 25ms (default)
2021-12-02 14:31:30,280 [pool-954-thread-1] INFO  server.RaftServerConfigKeys (ConfUtils.java:logGet(44)) - raft.server.rpc.slowness.timeout = 300000ms (custom)
2021-12-02 14:31:30,280 [pool-954-thread-1] INFO  server.RaftServerConfigKeys (ConfUtils.java:logGet(44)) - raft.server.leaderelection.leader.step-down.wait-time = 10s (default)
2021-12-02 14:31:30,280 [pool-954-thread-1] INFO  server.RaftServerConfigKeys (ConfUtils.java:logGet(44)) - raft.server.sleep.deviation.threshold = 300ms (default)
2021-12-02 14:31:30,280 [pool-954-thread-1] INFO  server.RaftServerConfigKeys (ConfUtils.java:logGet(44)) - raft.server.log.appender.install.snapshot.enabled = false (custom)
2021-12-02 14:31:30,280 [pool-954-thread-1] INFO  server.RaftServer$Division (ServerState.java:<init>(105)) - 277b06ce-74e8-46b5-b9ba-0eaaec62ec87@group-93E5FEDEBBB8: ConfigurationManager, init=-1: [277b06ce-74e8-46b5-b9ba-0eaaec62ec87|rpc:10.1.0.16:37685|priority:1], old=null, confs=<EMPTY_MAP>
2021-12-02 14:31:30,280 [pool-954-thread-1] INFO  server.RaftServerConfigKeys (ConfUtils.java:logGet(44)) - raft.server.storage.dir = [/home/runner/work/ozone/ozone/hadoop-ozone/integration-test/target/test-dir/MiniOzoneClusterImpl-fd94144e-5974-489a-b79f-b066564ba6f5/datanode-0/data/ratis] (custom)
2021-12-02 14:31:30,280 [pool-954-thread-1] INFO  server.RaftServerConfigKeys (ConfUtils.java:logGet(44)) - raft.server.log.corruption.policy = EXCEPTION (default)
2021-12-02 14:31:30,280 [pool-954-thread-1] INFO  server.RaftServerConfigKeys (ConfUtils.java:logGet(44)) - raft.server.storage.free-space.min = 0MB (=0) (default)
2021-12-02 14:31:30,280 [pool-954-thread-1] INFO  storage.RaftStorageDirectory (RaftStorageDirectoryImpl.java:analyzeStorage(135)) - The storage directory /home/runner/work/ozone/ozone/hadoop-ozone/integration-test/target/test-dir/MiniOzoneClusterImpl-fd94144e-5974-489a-b79f-b066564ba6f5/datanode-0/data/ratis/b29925cd-c2d0-41ea-b9bb-93e5fedebbb8 does not exist. Creating ...
2021-12-02 14:31:30,284 [pool-954-thread-1] INFO  storage.RaftStorageDirectory (RaftStorageDirectoryImpl.java:tryLock(230)) - Lock on /home/runner/work/ozone/ozone/hadoop-ozone/integration-test/target/test-dir/MiniOzoneClusterImpl-fd94144e-5974-489a-b79f-b066564ba6f5/datanode-0/data/ratis/b29925cd-c2d0-41ea-b9bb-93e5fedebbb8/in_use.lock acquired by nodename 19423@fv-az59-375
2021-12-02 14:31:30,287 [pool-954-thread-1] INFO  storage.RaftStorage (RaftStorageImpl.java:format(89)) - Storage directory /home/runner/work/ozone/ozone/hadoop-ozone/integration-test/target/test-dir/MiniOzoneClusterImpl-fd94144e-5974-489a-b79f-b066564ba6f5/datanode-0/data/ratis/b29925cd-c2d0-41ea-b9bb-93e5fedebbb8 has been successfully formatted.
2021-12-02 14:31:30,288 [EventQueue-PipelineReportForPipelineReportHandler] INFO  pipeline.PipelineManagerImpl (PipelineManagerImpl.java:openPipeline(289)) - Pipeline Pipeline[ Id: b29925cd-c2d0-41ea-b9bb-93e5fedebbb8, Nodes: 277b06ce-74e8-46b5-b9ba-0eaaec62ec87{ip: 10.1.0.16, host: fv-az59-375.csjynl4pkq3e1pkirw3ssqjfoh.cx.internal.cloudapp.net, ports: [REPLICATION=41607, RATIS=37685, RATIS_ADMIN=37685, RATIS_SERVER=37685, STANDALONE=37559], networkLocation: /default-rack, certSerialId: null, persistedOpState: IN_SERVICE, persistedOpStateExpiryEpochSec: 0}, ReplicationConfig: RATIS/ONE, State:ALLOCATED, leaderId:277b06ce-74e8-46b5-b9ba-0eaaec62ec87, CreationTimestamp2021-12-02T14:31:27.271Z[Etc/UTC]] moved to OPEN state
2021-12-02 14:31:30,311 [EventQueue-OpenPipelineForHealthyPipelineSafeModeRule] INFO  safemode.SCMSafeModeManager (HealthyPipelineSafeModeRule.java:process(124)) - SCM in safe mode. Healthy pipelines reported count is 0, required healthy pipeline reported count is 1
2021-12-02 14:31:30,317 [pool-954-thread-1] INFO  ratis.ContainerStateMachine (ContainerStateMachine.java:loadSnapshot(224)) - group-93E5FEDEBBB8: The snapshot info is null. Setting the last applied indexto:(t:0, i:~)
2021-12-02 14:31:30,317 [pool-954-thread-1] INFO  server.RaftServerConfigKeys (ConfUtils.java:logGet(44)) - raft.server.notification.no-leader.timeout = 300000ms (custom)
2021-12-02 14:31:30,317 [pool-954-thread-1] INFO  server.RaftServerConfigKeys (ConfUtils.java:logGet(44)) - raft.server.log.use.memory = false (default)
2021-12-02 14:31:30,317 [pool-954-thread-1] INFO  server.RaftServerConfigKeys (ConfUtils.java:logGet(44)) - raft.server.log.purge.gap = 1000000 (custom)
2021-12-02 14:31:30,317 [pool-954-thread-1] INFO  server.RaftServerConfigKeys (ConfUtils.java:logGet(44)) - raft.server.log.appender.buffer.byte-limit = 33554432 (custom)
2021-12-02 14:31:30,317 [pool-954-thread-1] INFO  server.RaftServerConfigKeys (ConfUtils.java:logGet(44)) - raft.server.log.segment.size.max = 1048576 (custom)
2021-12-02 14:31:30,318 [pool-954-thread-1] INFO  server.RaftServerConfigKeys (ConfUtils.java:logGet(44)) - raft.server.log.segment.cache.num.max = 2 (custom)
2021-12-02 14:31:30,318 [pool-954-thread-1] INFO  server.RaftServerConfigKeys (ConfUtils.java:logGet(44)) - raft.server.log.segment.cache.size.max = 200MB (=209715200) (default)
2021-12-02 14:31:30,318 [pool-954-thread-1] INFO  segmented.SegmentedRaftLogWorker (SegmentedRaftLogWorker.java:<init>(182)) - new 277b06ce-74e8-46b5-b9ba-0eaaec62ec87@group-93E5FEDEBBB8-SegmentedRaftLogWorker for RaftStorageImpl:Storage Directory /home/runner/work/ozone/ozone/hadoop-ozone/integration-test/target/test-dir/MiniOzoneClusterImpl-fd94144e-5974-489a-b79f-b066564ba6f5/datanode-0/data/ratis/b29925cd-c2d0-41ea-b9bb-93e5fedebbb8
2021-12-02 14:31:30,318 [pool-954-thread-1] INFO  server.RaftServerConfigKeys (ConfUtils.java:logGet(44)) - raft.server.log.queue.byte-limit = 2147483647 (custom)
2021-12-02 14:31:30,318 [pool-954-thread-1] INFO  server.RaftServerConfigKeys (ConfUtils.java:logGet(44)) - raft.server.log.queue.element-limit = 1024 (custom)
2021-12-02 14:31:30,318 [pool-954-thread-1] INFO  server.RaftServerConfigKeys (ConfUtils.java:logGet(44)) - raft.server.log.segment.size.max = 1048576 (custom)
2021-12-02 14:31:30,318 [pool-954-thread-1] INFO  server.RaftServerConfigKeys (ConfUtils.java:logGet(44)) - raft.server.log.preallocated.size = 16384 (custom)
2021-12-02 14:31:30,318 [pool-954-thread-1] INFO  server.RaftServerConfigKeys (ConfUtils.java:logGet(44)) - raft.server.log.force.sync.num = 128 (default)
2021-12-02 14:31:30,318 [pool-954-thread-1] INFO  server.RaftServerConfigKeys (ConfUtils.java:logGet(44)) - raft.server.log.statemachine.data.sync = true (default)
2021-12-02 14:31:30,318 [pool-954-thread-1] INFO  server.RaftServerConfigKeys (ConfUtils.java:logGet(44)) - raft.server.log.statemachine.data.sync.timeout = 10s (default)
2021-12-02 14:31:30,318 [pool-954-thread-1] INFO  server.RaftServerConfigKeys (ConfUtils.java:logGet(44)) - raft.server.log.statemachine.data.sync.timeout.retry = -1 (default)
2021-12-02 14:31:30,320 [pool-954-thread-1] INFO  server.RaftServerConfigKeys (ConfUtils.java:logGet(44)) - raft.server.log.write.buffer.size = 1048576 (custom)
2021-12-02 14:31:30,321 [pool-954-thread-1] INFO  server.RaftServerConfigKeys (ConfUtils.java:logGet(44)) - raft.server.log.statemachine.data.caching.enabled = true (custom)
2021-12-02 14:31:30,321 [pool-954-thread-1] INFO  segmented.SegmentedRaftLogWorker (SegmentedRaftLogWorker.java:lambda$new$0(133)) - 277b06ce-74e8-46b5-b9ba-0eaaec62ec87@group-93E5FEDEBBB8-SegmentedRaftLogWorker: flushIndex: setUnconditionally 0 -> -1
2021-12-02 14:31:30,321 [pool-954-thread-1] INFO  segmented.SegmentedRaftLogWorker (SegmentedRaftLogWorker.java:lambda$new$0(133)) - 277b06ce-74e8-46b5-b9ba-0eaaec62ec87@group-93E5FEDEBBB8-SegmentedRaftLogWorker: safeCacheEvictIndex: setUnconditionally 0 -> -1
2021-12-02 14:31:30,322 [pool-954-thread-1] INFO  server.RaftServerConfigKeys (ConfUtils.java:logGet(44)) - raft.server.snapshot.auto.trigger.enabled = true (custom)
2021-12-02 14:31:30,322 [pool-954-thread-1] INFO  server.RaftServerConfigKeys (ConfUtils.java:logGet(44)) - raft.server.snapshot.auto.trigger.threshold = 10000 (custom)
2021-12-02 14:31:30,322 [pool-954-thread-1] INFO  server.RaftServerConfigKeys (ConfUtils.java:logGet(44)) - raft.server.snapshot.retention.file.num = 5 (custom)
2021-12-02 14:31:30,322 [pool-954-thread-1] INFO  server.RaftServerConfigKeys (ConfUtils.java:logGet(44)) - raft.server.log.purge.upto.snapshot.index = false (default)
2021-12-02 14:31:30,322 [pool-954-thread-1] INFO  server.RaftServerConfigKeys (ConfUtils.java:logGet(44)) - raft.server.retrycache.expirytime = 600000ms (custom)
2021-12-02 14:31:30,322 [pool-954-thread-1] INFO  server.RaftServerConfigKeys (ConfUtils.java:logGet(44)) - raft.server.retrycache.statistics.expirytime = 100μs (default)
2021-12-02 14:31:30,325 [pool-954-thread-1] INFO  server.RaftServer$Division (RaftServerImpl.java:start(301)) - 277b06ce-74e8-46b5-b9ba-0eaaec62ec87@group-93E5FEDEBBB8: start as a follower, conf=-1: [277b06ce-74e8-46b5-b9ba-0eaaec62ec87|rpc:10.1.0.16:37685|priority:1], old=null
2021-12-02 14:31:30,325 [pool-954-thread-1] INFO  server.RaftServer$Division (RaftServerImpl.java:setRole(290)) - 277b06ce-74e8-46b5-b9ba-0eaaec62ec87@group-93E5FEDEBBB8: changes role from      null to FOLLOWER at term 0 for startAsFollower
2021-12-02 14:31:30,325 [pool-954-thread-1] INFO  impl.RoleInfo (RoleInfo.java:updateAndGet(130)) - 277b06ce-74e8-46b5-b9ba-0eaaec62ec87: start 277b06ce-74e8-46b5-b9ba-0eaaec62ec87@group-93E5FEDEBBB8-FollowerState
2021-12-02 14:31:30,325 [pool-954-thread-1] INFO  util.JmxRegister (JmxRegister.java:tryRegister(44)) - Successfully registered JMX Bean with object name Ratis:service=RaftServer,group=group-93E5FEDEBBB8,id=277b06ce-74e8-46b5-b9ba-0eaaec62ec87
2021-12-02 14:31:30,327 [Command processor thread] INFO  ratis.XceiverServerRatis (XceiverServerRatis.java:addGroup(768)) - Created group PipelineID=b29925cd-c2d0-41ea-b9bb-93e5fedebbb8
2021-12-02 14:31:30,327 [Command processor thread] INFO  commandhandler.CreatePipelineCommandHandler (CreatePipelineCommandHandler.java:handle(106)) - Created Pipeline RATIS ONE PipelineID=b29925cd-c2d0-41ea-b9bb-93e5fedebbb8.
2021-12-02 14:31:30,327 [Command processor thread] INFO  server.RaftServer (RaftServerProxy.java:addNew(95)) - 277b06ce-74e8-46b5-b9ba-0eaaec62ec87: addNew group-F34A6D962FBB:[a7b6a586-909c-47a7-a818-e434e5672216|rpc:10.1.0.16:38677|priority:1, 8698f9c0-0d63-4edb-bf8f-bb1ca05694ae|rpc:10.1.0.16:46057|priority:0, 277b06ce-74e8-46b5-b9ba-0eaaec62ec87|rpc:10.1.0.16:37685|priority:0] returns group-F34A6D962FBB:java.util.concurrent.CompletableFuture@172ec124[Not completed]
2021-12-02 14:31:30,327 [pool-954-thread-1] INFO  server.RaftServer$Division (RaftServerImpl.java:<init>(184)) - 277b06ce-74e8-46b5-b9ba-0eaaec62ec87: new RaftServerImpl for group-F34A6D962FBB:[a7b6a586-909c-47a7-a818-e434e5672216|rpc:10.1.0.16:38677|priority:1, 8698f9c0-0d63-4edb-bf8f-bb1ca05694ae|rpc:10.1.0.16:46057|priority:0, 277b06ce-74e8-46b5-b9ba-0eaaec62ec87|rpc:10.1.0.16:37685|priority:0] with ContainerStateMachine:uninitialized
2021-12-02 14:31:30,328 [pool-954-thread-1] INFO  server.RaftServerConfigKeys (ConfUtils.java:logGet(44)) - raft.server.rpc.timeout.min = 5s (custom)
2021-12-02 14:31:30,328 [pool-954-thread-1] INFO  server.RaftServerConfigKeys (ConfUtils.java:logGet(44)) - raft.server.rpc.timeout.max = 5200ms (custom)
2021-12-02 14:31:30,328 [pool-954-thread-1] INFO  server.RaftServerConfigKeys (ConfUtils.java:logGet(44)) - raft.server.rpc.sleep.time = 25ms (default)
2021-12-02 14:31:30,328 [pool-954-thread-1] INFO  server.RaftServerConfigKeys (ConfUtils.java:logGet(44)) - raft.server.rpc.slowness.timeout = 300000ms (custom)
2021-12-02 14:31:30,328 [pool-954-thread-1] INFO  server.RaftServerConfigKeys (ConfUtils.java:logGet(44)) - raft.server.leaderelection.leader.step-down.wait-time = 10s (default)
2021-12-02 14:31:30,328 [pool-954-thread-1] INFO  server.RaftServerConfigKeys (ConfUtils.java:logGet(44)) - raft.server.sleep.deviation.threshold = 300ms (default)
2021-12-02 14:31:30,328 [pool-954-thread-1] INFO  server.RaftServerConfigKeys (ConfUtils.java:logGet(44)) - raft.server.log.appender.install.snapshot.enabled = false (custom)
2021-12-02 14:31:30,328 [pool-954-thread-1] INFO  server.RaftServer$Division (ServerState.java:<init>(105)) - 277b06ce-74e8-46b5-b9ba-0eaaec62ec87@group-F34A6D962FBB: ConfigurationManager, init=-1: [a7b6a586-909c-47a7-a818-e434e5672216|rpc:10.1.0.16:38677|priority:1, 8698f9c0-0d63-4edb-bf8f-bb1ca05694ae|rpc:10.1.0.16:46057|priority:0, 277b06ce-74e8-46b5-b9ba-0eaaec62ec87|rpc:10.1.0.16:37685|priority:0], old=null, confs=<EMPTY_MAP>
2021-12-02 14:31:30,328 [pool-954-thread-1] INFO  server.RaftServerConfigKeys (ConfUtils.java:logGet(44)) - raft.server.storage.dir = [/home/runner/work/ozone/ozone/hadoop-ozone/integration-test/target/test-dir/MiniOzoneClusterImpl-fd94144e-5974-489a-b79f-b066564ba6f5/datanode-0/data/ratis] (custom)
2021-12-02 14:31:30,328 [pool-954-thread-1] INFO  server.RaftServerConfigKeys (ConfUtils.java:logGet(44)) - raft.server.log.corruption.policy = EXCEPTION (default)
2021-12-02 14:31:30,328 [pool-954-thread-1] INFO  server.RaftServerConfigKeys (ConfUtils.java:logGet(44)) - raft.server.storage.free-space.min = 0MB (=0) (default)
2021-12-02 14:31:30,328 [pool-954-thread-1] INFO  storage.RaftStorageDirectory (RaftStorageDirectoryImpl.java:analyzeStorage(135)) - The storage directory /home/runner/work/ozone/ozone/hadoop-ozone/integration-test/target/test-dir/MiniOzoneClusterImpl-fd94144e-5974-489a-b79f-b066564ba6f5/datanode-0/data/ratis/4d19a40b-ff18-4e92-ae45-f34a6d962fbb does not exist. Creating ...
2021-12-02 14:31:30,329 [pool-954-thread-1] INFO  storage.RaftStorageDirectory (RaftStorageDirectoryImpl.java:tryLock(230)) - Lock on /home/runner/work/ozone/ozone/hadoop-ozone/integration-test/target/test-dir/MiniOzoneClusterImpl-fd94144e-5974-489a-b79f-b066564ba6f5/datanode-0/data/ratis/4d19a40b-ff18-4e92-ae45-f34a6d962fbb/in_use.lock acquired by nodename 19423@fv-az59-375
2021-12-02 14:31:30,330 [pool-954-thread-1] INFO  storage.RaftStorage (RaftStorageImpl.java:format(89)) - Storage directory /home/runner/work/ozone/ozone/hadoop-ozone/integration-test/target/test-dir/MiniOzoneClusterImpl-fd94144e-5974-489a-b79f-b066564ba6f5/datanode-0/data/ratis/4d19a40b-ff18-4e92-ae45-f34a6d962fbb has been successfully formatted.
2021-12-02 14:31:30,331 [pool-954-thread-1] INFO  ratis.ContainerStateMachine (ContainerStateMachine.java:loadSnapshot(224)) - group-F34A6D962FBB: The snapshot info is null. Setting the last applied indexto:(t:0, i:~)
2021-12-02 14:31:30,331 [pool-954-thread-1] INFO  server.RaftServerConfigKeys (ConfUtils.java:logGet(44)) - raft.server.notification.no-leader.timeout = 300000ms (custom)
2021-12-02 14:31:30,331 [pool-954-thread-1] INFO  server.RaftServerConfigKeys (ConfUtils.java:logGet(44)) - raft.server.log.use.memory = false (default)
2021-12-02 14:31:30,331 [pool-954-thread-1] INFO  server.RaftServerConfigKeys (ConfUtils.java:logGet(44)) - raft.server.log.purge.gap = 1000000 (custom)
2021-12-02 14:31:30,331 [pool-954-thread-1] INFO  server.RaftServerConfigKeys (ConfUtils.java:logGet(44)) - raft.server.log.appender.buffer.byte-limit = 33554432 (custom)
2021-12-02 14:31:30,331 [pool-954-thread-1] INFO  server.RaftServerConfigKeys (ConfUtils.java:logGet(44)) - raft.server.log.segment.size.max = 1048576 (custom)
2021-12-02 14:31:30,332 [pool-954-thread-1] INFO  server.RaftServerConfigKeys (ConfUtils.java:logGet(44)) - raft.server.log.segment.cache.num.max = 2 (custom)
2021-12-02 14:31:30,332 [pool-954-thread-1] INFO  server.RaftServerConfigKeys (ConfUtils.java:logGet(44)) - raft.server.log.segment.cache.size.max = 200MB (=209715200) (default)
2021-12-02 14:31:30,332 [pool-954-thread-1] INFO  segmented.SegmentedRaftLogWorker (SegmentedRaftLogWorker.java:<init>(182)) - new 277b06ce-74e8-46b5-b9ba-0eaaec62ec87@group-F34A6D962FBB-SegmentedRaftLogWorker for RaftStorageImpl:Storage Directory /home/runner/work/ozone/ozone/hadoop-ozone/integration-test/target/test-dir/MiniOzoneClusterImpl-fd94144e-5974-489a-b79f-b066564ba6f5/datanode-0/data/ratis/4d19a40b-ff18-4e92-ae45-f34a6d962fbb
2021-12-02 14:31:30,332 [pool-954-thread-1] INFO  server.RaftServerConfigKeys (ConfUtils.java:logGet(44)) - raft.server.log.queue.byte-limit = 2147483647 (custom)
2021-12-02 14:31:30,332 [pool-954-thread-1] INFO  server.RaftServerConfigKeys (ConfUtils.java:logGet(44)) - raft.server.log.queue.element-limit = 1024 (custom)
2021-12-02 14:31:30,332 [pool-954-thread-1] INFO  server.RaftServerConfigKeys (ConfUtils.java:logGet(44)) - raft.server.log.segment.size.max = 1048576 (custom)
2021-12-02 14:31:30,332 [pool-954-thread-1] INFO  server.RaftServerConfigKeys (ConfUtils.java:logGet(44)) - raft.server.log.preallocated.size = 16384 (custom)
2021-12-02 14:31:30,332 [pool-954-thread-1] INFO  server.RaftServerConfigKeys (ConfUtils.java:logGet(44)) - raft.server.log.force.sync.num = 128 (default)
2021-12-02 14:31:30,332 [pool-954-thread-1] INFO  server.RaftServerConfigKeys (ConfUtils.java:logGet(44)) - raft.server.log.statemachine.data.sync = true (default)
2021-12-02 14:31:30,332 [pool-954-thread-1] INFO  server.RaftServerConfigKeys (ConfUtils.java:logGet(44)) - raft.server.log.statemachine.data.sync.timeout = 10s (default)
2021-12-02 14:31:30,332 [pool-954-thread-1] INFO  server.RaftServerConfigKeys (ConfUtils.java:logGet(44)) - raft.server.log.statemachine.data.sync.timeout.retry = -1 (default)
2021-12-02 14:31:30,333 [pool-954-thread-1] INFO  server.RaftServerConfigKeys (ConfUtils.java:logGet(44)) - raft.server.log.write.buffer.size = 1048576 (custom)
2021-12-02 14:31:30,334 [pool-954-thread-1] INFO  server.RaftServerConfigKeys (ConfUtils.java:logGet(44)) - raft.server.log.statemachine.data.caching.enabled = true (custom)
2021-12-02 14:31:30,334 [pool-954-thread-1] INFO  segmented.SegmentedRaftLogWorker (SegmentedRaftLogWorker.java:lambda$new$0(133)) - 277b06ce-74e8-46b5-b9ba-0eaaec62ec87@group-F34A6D962FBB-SegmentedRaftLogWorker: flushIndex: setUnconditionally 0 -> -1
2021-12-02 14:31:30,334 [pool-954-thread-1] INFO  segmented.SegmentedRaftLogWorker (SegmentedRaftLogWorker.java:lambda$new$0(133)) - 277b06ce-74e8-46b5-b9ba-0eaaec62ec87@group-F34A6D962FBB-SegmentedRaftLogWorker: safeCacheEvictIndex: setUnconditionally 0 -> -1
2021-12-02 14:31:30,334 [pool-954-thread-1] INFO  server.RaftServerConfigKeys (ConfUtils.java:logGet(44)) - raft.server.snapshot.auto.trigger.enabled = true (custom)
2021-12-02 14:31:30,335 [pool-954-thread-1] INFO  server.RaftServerConfigKeys (ConfUtils.java:logGet(44)) - raft.server.snapshot.auto.trigger.threshold = 10000 (custom)
2021-12-02 14:31:30,335 [pool-954-thread-1] INFO  server.RaftServerConfigKeys (ConfUtils.java:logGet(44)) - raft.server.snapshot.retention.file.num = 5 (custom)
2021-12-02 14:31:30,335 [pool-954-thread-1] INFO  server.RaftServerConfigKeys (ConfUtils.java:logGet(44)) - raft.server.log.purge.upto.snapshot.index = false (default)
2021-12-02 14:31:30,335 [pool-954-thread-1] INFO  server.RaftServerConfigKeys (ConfUtils.java:logGet(44)) - raft.server.retrycache.expirytime = 600000ms (custom)
2021-12-02 14:31:30,335 [pool-954-thread-1] INFO  server.RaftServerConfigKeys (ConfUtils.java:logGet(44)) - raft.server.retrycache.statistics.expirytime = 100μs (default)
2021-12-02 14:31:30,336 [pool-954-thread-1] INFO  server.RaftServer$Division (RaftServerImpl.java:start(301)) - 277b06ce-74e8-46b5-b9ba-0eaaec62ec87@group-F34A6D962FBB: start as a follower, conf=-1: [a7b6a586-909c-47a7-a818-e434e5672216|rpc:10.1.0.16:38677|priority:1, 8698f9c0-0d63-4edb-bf8f-bb1ca05694ae|rpc:10.1.0.16:46057|priority:0, 277b06ce-74e8-46b5-b9ba-0eaaec62ec87|rpc:10.1.0.16:37685|priority:0], old=null
2021-12-02 14:31:30,336 [pool-954-thread-1] INFO  server.RaftServer$Division (RaftServerImpl.java:setRole(290)) - 277b06ce-74e8-46b5-b9ba-0eaaec62ec87@group-F34A6D962FBB: changes role from      null to FOLLOWER at term 0 for startAsFollower
2021-12-02 14:31:30,337 [pool-954-thread-1] INFO  impl.RoleInfo (RoleInfo.java:updateAndGet(130)) - 277b06ce-74e8-46b5-b9ba-0eaaec62ec87: start 277b06ce-74e8-46b5-b9ba-0eaaec62ec87@group-F34A6D962FBB-FollowerState
2021-12-02 14:31:30,340 [pool-954-thread-1] INFO  util.JmxRegister (JmxRegister.java:tryRegister(44)) - Successfully registered JMX Bean with object name Ratis:service=RaftServer,group=group-F34A6D962FBB,id=277b06ce-74e8-46b5-b9ba-0eaaec62ec87
2021-12-02 14:31:30,341 [Command processor thread] INFO  ratis.XceiverServerRatis (XceiverServerRatis.java:addGroup(768)) - Created group PipelineID=4d19a40b-ff18-4e92-ae45-f34a6d962fbb
2021-12-02 14:31:30,343 [EventQueue-OpenPipelineForHealthyPipelineSafeModeRule] INFO  safemode.SCMSafeModeManager (HealthyPipelineSafeModeRule.java:process(124)) - SCM in safe mode. Healthy pipelines reported count is 0, required healthy pipeline reported count is 1
2021-12-02 14:31:30,350 [grpc-default-executor-5] INFO  server.RaftServer (RaftServerProxy.java:addNew(95)) - a7b6a586-909c-47a7-a818-e434e5672216: addNew group-F34A6D962FBB:[a7b6a586-909c-47a7-a818-e434e5672216|rpc:10.1.0.16:38677|dataStream:|priority:1, 8698f9c0-0d63-4edb-bf8f-bb1ca05694ae|rpc:10.1.0.16:46057|dataStream:|priority:0, 277b06ce-74e8-46b5-b9ba-0eaaec62ec87|rpc:10.1.0.16:37685|dataStream:|priority:0] returns group-F34A6D962FBB:java.util.concurrent.CompletableFuture@7fb9e02c[Not completed]
2021-12-02 14:31:30,351 [pool-973-thread-1] INFO  server.RaftServer$Division (RaftServerImpl.java:<init>(184)) - a7b6a586-909c-47a7-a818-e434e5672216: new RaftServerImpl for group-F34A6D962FBB:[a7b6a586-909c-47a7-a818-e434e5672216|rpc:10.1.0.16:38677|dataStream:|priority:1, 8698f9c0-0d63-4edb-bf8f-bb1ca05694ae|rpc:10.1.0.16:46057|dataStream:|priority:0, 277b06ce-74e8-46b5-b9ba-0eaaec62ec87|rpc:10.1.0.16:37685|dataStream:|priority:0] with ContainerStateMachine:uninitialized
2021-12-02 14:31:30,387 [pool-973-thread-1] INFO  server.RaftServerConfigKeys (ConfUtils.java:logGet(44)) - raft.server.rpc.timeout.min = 5s (custom)
2021-12-02 14:31:30,387 [pool-973-thread-1] INFO  server.RaftServerConfigKeys (ConfUtils.java:logGet(44)) - raft.server.rpc.timeout.max = 5200ms (custom)
2021-12-02 14:31:30,387 [pool-973-thread-1] INFO  server.RaftServerConfigKeys (ConfUtils.java:logGet(44)) - raft.server.rpc.sleep.time = 25ms (default)
2021-12-02 14:31:30,388 [pool-973-thread-1] INFO  server.RaftServerConfigKeys (ConfUtils.java:logGet(44)) - raft.server.rpc.slowness.timeout = 300000ms (custom)
2021-12-02 14:31:30,388 [pool-973-thread-1] INFO  server.RaftServerConfigKeys (ConfUtils.java:logGet(44)) - raft.server.leaderelection.leader.step-down.wait-time = 10s (default)
2021-12-02 14:31:30,388 [pool-973-thread-1] INFO  server.RaftServerConfigKeys (ConfUtils.java:logGet(44)) - raft.server.sleep.deviation.threshold = 300ms (default)
2021-12-02 14:31:30,388 [pool-973-thread-1] INFO  server.RaftServerConfigKeys (ConfUtils.java:logGet(44)) - raft.server.log.appender.install.snapshot.enabled = false (custom)
2021-12-02 14:31:30,388 [pool-973-thread-1] INFO  server.RaftServer$Division (ServerState.java:<init>(105)) - a7b6a586-909c-47a7-a818-e434e5672216@group-F34A6D962FBB: ConfigurationManager, init=-1: [a7b6a586-909c-47a7-a818-e434e5672216|rpc:10.1.0.16:38677|dataStream:|priority:1, 8698f9c0-0d63-4edb-bf8f-bb1ca05694ae|rpc:10.1.0.16:46057|dataStream:|priority:0, 277b06ce-74e8-46b5-b9ba-0eaaec62ec87|rpc:10.1.0.16:37685|dataStream:|priority:0], old=null, confs=<EMPTY_MAP>
2021-12-02 14:31:30,388 [pool-973-thread-1] INFO  server.RaftServerConfigKeys (ConfUtils.java:logGet(44)) - raft.server.storage.dir = [/home/runner/work/ozone/ozone/hadoop-ozone/integration-test/target/test-dir/MiniOzoneClusterImpl-fd94144e-5974-489a-b79f-b066564ba6f5/datanode-1/data/ratis] (custom)
2021-12-02 14:31:30,388 [pool-973-thread-1] INFO  server.RaftServerConfigKeys (ConfUtils.java:logGet(44)) - raft.server.log.corruption.policy = EXCEPTION (default)
2021-12-02 14:31:30,388 [pool-973-thread-1] INFO  server.RaftServerConfigKeys (ConfUtils.java:logGet(44)) - raft.server.storage.free-space.min = 0MB (=0) (default)
2021-12-02 14:31:30,388 [pool-973-thread-1] INFO  storage.RaftStorageDirectory (RaftStorageDirectoryImpl.java:analyzeStorage(135)) - The storage directory /home/runner/work/ozone/ozone/hadoop-ozone/integration-test/target/test-dir/MiniOzoneClusterImpl-fd94144e-5974-489a-b79f-b066564ba6f5/datanode-1/data/ratis/4d19a40b-ff18-4e92-ae45-f34a6d962fbb does not exist. Creating ...
2021-12-02 14:31:30,394 [pool-973-thread-1] INFO  storage.RaftStorageDirectory (RaftStorageDirectoryImpl.java:tryLock(230)) - Lock on /home/runner/work/ozone/ozone/hadoop-ozone/integration-test/target/test-dir/MiniOzoneClusterImpl-fd94144e-5974-489a-b79f-b066564ba6f5/datanode-1/data/ratis/4d19a40b-ff18-4e92-ae45-f34a6d962fbb/in_use.lock acquired by nodename 19423@fv-az59-375
2021-12-02 14:31:30,406 [pool-973-thread-1] INFO  storage.RaftStorage (RaftStorageImpl.java:format(89)) - Storage directory /home/runner/work/ozone/ozone/hadoop-ozone/integration-test/target/test-dir/MiniOzoneClusterImpl-fd94144e-5974-489a-b79f-b066564ba6f5/datanode-1/data/ratis/4d19a40b-ff18-4e92-ae45-f34a6d962fbb has been successfully formatted.
2021-12-02 14:31:30,440 [pool-973-thread-1] INFO  ratis.ContainerStateMachine (ContainerStateMachine.java:loadSnapshot(224)) - group-F34A6D962FBB: The snapshot info is null. Setting the last applied indexto:(t:0, i:~)
2021-12-02 14:31:30,440 [pool-973-thread-1] INFO  server.RaftServerConfigKeys (ConfUtils.java:logGet(44)) - raft.server.notification.no-leader.timeout = 300000ms (custom)
2021-12-02 14:31:30,440 [pool-973-thread-1] INFO  server.RaftServerConfigKeys (ConfUtils.java:logGet(44)) - raft.server.log.use.memory = false (default)
2021-12-02 14:31:30,440 [pool-973-thread-1] INFO  server.RaftServerConfigKeys (ConfUtils.java:logGet(44)) - raft.server.log.purge.gap = 1000000 (custom)
2021-12-02 14:31:30,440 [pool-973-thread-1] INFO  server.RaftServerConfigKeys (ConfUtils.java:logGet(44)) - raft.server.log.appender.buffer.byte-limit = 33554432 (custom)
2021-12-02 14:31:30,441 [pool-973-thread-1] INFO  server.RaftServerConfigKeys (ConfUtils.java:logGet(44)) - raft.server.log.segment.size.max = 1048576 (custom)
2021-12-02 14:31:30,441 [pool-973-thread-1] INFO  server.RaftServerConfigKeys (ConfUtils.java:logGet(44)) - raft.server.log.segment.cache.num.max = 2 (custom)
2021-12-02 14:31:30,441 [pool-973-thread-1] INFO  server.RaftServerConfigKeys (ConfUtils.java:logGet(44)) - raft.server.log.segment.cache.size.max = 200MB (=209715200) (default)
2021-12-02 14:31:30,441 [pool-973-thread-1] INFO  segmented.SegmentedRaftLogWorker (SegmentedRaftLogWorker.java:<init>(182)) - new a7b6a586-909c-47a7-a818-e434e5672216@group-F34A6D962FBB-SegmentedRaftLogWorker for RaftStorageImpl:Storage Directory /home/runner/work/ozone/ozone/hadoop-ozone/integration-test/target/test-dir/MiniOzoneClusterImpl-fd94144e-5974-489a-b79f-b066564ba6f5/datanode-1/data/ratis/4d19a40b-ff18-4e92-ae45-f34a6d962fbb
2021-12-02 14:31:30,441 [pool-973-thread-1] INFO  server.RaftServerConfigKeys (ConfUtils.java:logGet(44)) - raft.server.log.queue.byte-limit = 2147483647 (custom)
2021-12-02 14:31:30,459 [pool-973-thread-1] INFO  server.RaftServerConfigKeys (ConfUtils.java:logGet(44)) - raft.server.log.queue.element-limit = 1024 (custom)
2021-12-02 14:31:30,460 [pool-973-thread-1] INFO  server.RaftServerConfigKeys (ConfUtils.java:logGet(44)) - raft.server.log.segment.size.max = 1048576 (custom)
2021-12-02 14:31:30,460 [pool-973-thread-1] INFO  server.RaftServerConfigKeys (ConfUtils.java:logGet(44)) - raft.server.log.preallocated.size = 16384 (custom)
2021-12-02 14:31:30,460 [pool-973-thread-1] INFO  server.RaftServerConfigKeys (ConfUtils.java:logGet(44)) - raft.server.log.force.sync.num = 128 (default)
2021-12-02 14:31:30,460 [pool-973-thread-1] INFO  server.RaftServerConfigKeys (ConfUtils.java:logGet(44)) - raft.server.log.statemachine.data.sync = true (default)
2021-12-02 14:31:30,460 [pool-973-thread-1] INFO  server.RaftServerConfigKeys (ConfUtils.java:logGet(44)) - raft.server.log.statemachine.data.sync.timeout = 10s (default)
2021-12-02 14:31:30,460 [pool-973-thread-1] INFO  server.RaftServerConfigKeys (ConfUtils.java:logGet(44)) - raft.server.log.statemachine.data.sync.timeout.retry = -1 (default)
2021-12-02 14:31:30,461 [pool-973-thread-1] INFO  server.RaftServerConfigKeys (ConfUtils.java:logGet(44)) - raft.server.log.write.buffer.size = 1048576 (custom)
2021-12-02 14:31:30,462 [pool-973-thread-1] INFO  server.RaftServerConfigKeys (ConfUtils.java:logGet(44)) - raft.server.log.statemachine.data.caching.enabled = true (custom)
2021-12-02 14:31:30,462 [pool-973-thread-1] INFO  segmented.SegmentedRaftLogWorker (SegmentedRaftLogWorker.java:lambda$new$0(133)) - a7b6a586-909c-47a7-a818-e434e5672216@group-F34A6D962FBB-SegmentedRaftLogWorker: flushIndex: setUnconditionally 0 -> -1
2021-12-02 14:31:30,462 [pool-973-thread-1] INFO  segmented.SegmentedRaftLogWorker (SegmentedRaftLogWorker.java:lambda$new$0(133)) - a7b6a586-909c-47a7-a818-e434e5672216@group-F34A6D962FBB-SegmentedRaftLogWorker: safeCacheEvictIndex: setUnconditionally 0 -> -1
2021-12-02 14:31:30,469 [pool-973-thread-1] INFO  server.RaftServerConfigKeys (ConfUtils.java:logGet(44)) - raft.server.snapshot.auto.trigger.enabled = true (custom)
2021-12-02 14:31:30,469 [pool-973-thread-1] INFO  server.RaftServerConfigKeys (ConfUtils.java:logGet(44)) - raft.server.snapshot.auto.trigger.threshold = 10000 (custom)
2021-12-02 14:31:30,469 [pool-973-thread-1] INFO  server.RaftServerConfigKeys (ConfUtils.java:logGet(44)) - raft.server.snapshot.retention.file.num = 5 (custom)
2021-12-02 14:31:30,469 [pool-973-thread-1] INFO  server.RaftServerConfigKeys (ConfUtils.java:logGet(44)) - raft.server.log.purge.upto.snapshot.index = false (default)
2021-12-02 14:31:30,469 [pool-973-thread-1] INFO  server.RaftServerConfigKeys (ConfUtils.java:logGet(44)) - raft.server.retrycache.expirytime = 600000ms (custom)
2021-12-02 14:31:30,469 [pool-973-thread-1] INFO  server.RaftServerConfigKeys (ConfUtils.java:logGet(44)) - raft.server.retrycache.statistics.expirytime = 100μs (default)
2021-12-02 14:31:30,471 [pool-973-thread-1] INFO  server.RaftServer$Division (RaftServerImpl.java:start(301)) - a7b6a586-909c-47a7-a818-e434e5672216@group-F34A6D962FBB: start as a follower, conf=-1: [a7b6a586-909c-47a7-a818-e434e5672216|rpc:10.1.0.16:38677|dataStream:|priority:1, 8698f9c0-0d63-4edb-bf8f-bb1ca05694ae|rpc:10.1.0.16:46057|dataStream:|priority:0, 277b06ce-74e8-46b5-b9ba-0eaaec62ec87|rpc:10.1.0.16:37685|dataStream:|priority:0], old=null
2021-12-02 14:31:30,471 [pool-973-thread-1] INFO  server.RaftServer$Division (RaftServerImpl.java:setRole(290)) - a7b6a586-909c-47a7-a818-e434e5672216@group-F34A6D962FBB: changes role from      null to FOLLOWER at term 0 for startAsFollower
2021-12-02 14:31:30,471 [pool-973-thread-1] INFO  impl.RoleInfo (RoleInfo.java:updateAndGet(130)) - a7b6a586-909c-47a7-a818-e434e5672216: start a7b6a586-909c-47a7-a818-e434e5672216@group-F34A6D962FBB-FollowerState
2021-12-02 14:31:30,472 [pool-973-thread-1] INFO  util.JmxRegister (JmxRegister.java:tryRegister(44)) - Successfully registered JMX Bean with object name Ratis:service=RaftServer,group=group-F34A6D962FBB,id=a7b6a586-909c-47a7-a818-e434e5672216
2021-12-02 14:31:30,495 [grpc-default-executor-5] INFO  server.RaftServer (RaftServerProxy.java:addNew(95)) - 8698f9c0-0d63-4edb-bf8f-bb1ca05694ae: addNew group-F34A6D962FBB:[a7b6a586-909c-47a7-a818-e434e5672216|rpc:10.1.0.16:38677|dataStream:|priority:1, 8698f9c0-0d63-4edb-bf8f-bb1ca05694ae|rpc:10.1.0.16:46057|dataStream:|priority:0, 277b06ce-74e8-46b5-b9ba-0eaaec62ec87|rpc:10.1.0.16:37685|dataStream:|priority:0] returns group-F34A6D962FBB:java.util.concurrent.CompletableFuture@4cb17eee[Not completed]
2021-12-02 14:31:30,505 [pool-992-thread-1] INFO  server.RaftServer$Division (RaftServerImpl.java:<init>(184)) - 8698f9c0-0d63-4edb-bf8f-bb1ca05694ae: new RaftServerImpl for group-F34A6D962FBB:[a7b6a586-909c-47a7-a818-e434e5672216|rpc:10.1.0.16:38677|dataStream:|priority:1, 8698f9c0-0d63-4edb-bf8f-bb1ca05694ae|rpc:10.1.0.16:46057|dataStream:|priority:0, 277b06ce-74e8-46b5-b9ba-0eaaec62ec87|rpc:10.1.0.16:37685|dataStream:|priority:0] with ContainerStateMachine:uninitialized
2021-12-02 14:31:30,505 [pool-992-thread-1] INFO  server.RaftServerConfigKeys (ConfUtils.java:logGet(44)) - raft.server.rpc.timeout.min = 5s (custom)
2021-12-02 14:31:30,505 [pool-992-thread-1] INFO  server.RaftServerConfigKeys (ConfUtils.java:logGet(44)) - raft.server.rpc.timeout.max = 5200ms (custom)
2021-12-02 14:31:30,505 [pool-992-thread-1] INFO  server.RaftServerConfigKeys (ConfUtils.java:logGet(44)) - raft.server.rpc.sleep.time = 25ms (default)
2021-12-02 14:31:30,505 [pool-992-thread-1] INFO  server.RaftServerConfigKeys (ConfUtils.java:logGet(44)) - raft.server.rpc.slowness.timeout = 300000ms (custom)
2021-12-02 14:31:30,505 [pool-992-thread-1] INFO  server.RaftServerConfigKeys (ConfUtils.java:logGet(44)) - raft.server.leaderelection.leader.step-down.wait-time = 10s (default)
2021-12-02 14:31:30,505 [pool-992-thread-1] INFO  server.RaftServerConfigKeys (ConfUtils.java:logGet(44)) - raft.server.sleep.deviation.threshold = 300ms (default)
2021-12-02 14:31:30,505 [pool-992-thread-1] INFO  server.RaftServerConfigKeys (ConfUtils.java:logGet(44)) - raft.server.log.appender.install.snapshot.enabled = false (custom)
2021-12-02 14:31:30,506 [pool-992-thread-1] INFO  server.RaftServer$Division (ServerState.java:<init>(105)) - 8698f9c0-0d63-4edb-bf8f-bb1ca05694ae@group-F34A6D962FBB: ConfigurationManager, init=-1: [a7b6a586-909c-47a7-a818-e434e5672216|rpc:10.1.0.16:38677|dataStream:|priority:1, 8698f9c0-0d63-4edb-bf8f-bb1ca05694ae|rpc:10.1.0.16:46057|dataStream:|priority:0, 277b06ce-74e8-46b5-b9ba-0eaaec62ec87|rpc:10.1.0.16:37685|dataStream:|priority:0], old=null, confs=<EMPTY_MAP>
2021-12-02 14:31:30,506 [pool-992-thread-1] INFO  server.RaftServerConfigKeys (ConfUtils.java:logGet(44)) - raft.server.storage.dir = [/home/runner/work/ozone/ozone/hadoop-ozone/integration-test/target/test-dir/MiniOzoneClusterImpl-fd94144e-5974-489a-b79f-b066564ba6f5/datanode-2/data/ratis] (custom)
2021-12-02 14:31:30,506 [pool-992-thread-1] INFO  server.RaftServerConfigKeys (ConfUtils.java:logGet(44)) - raft.server.log.corruption.policy = EXCEPTION (default)
2021-12-02 14:31:30,506 [pool-992-thread-1] INFO  server.RaftServerConfigKeys (ConfUtils.java:logGet(44)) - raft.server.storage.free-space.min = 0MB (=0) (default)
2021-12-02 14:31:30,506 [pool-992-thread-1] INFO  storage.RaftStorageDirectory (RaftStorageDirectoryImpl.java:analyzeStorage(135)) - The storage directory /home/runner/work/ozone/ozone/hadoop-ozone/integration-test/target/test-dir/MiniOzoneClusterImpl-fd94144e-5974-489a-b79f-b066564ba6f5/datanode-2/data/ratis/4d19a40b-ff18-4e92-ae45-f34a6d962fbb does not exist. Creating ...
2021-12-02 14:31:30,507 [pool-992-thread-1] INFO  storage.RaftStorageDirectory (RaftStorageDirectoryImpl.java:tryLock(230)) - Lock on /home/runner/work/ozone/ozone/hadoop-ozone/integration-test/target/test-dir/MiniOzoneClusterImpl-fd94144e-5974-489a-b79f-b066564ba6f5/datanode-2/data/ratis/4d19a40b-ff18-4e92-ae45-f34a6d962fbb/in_use.lock acquired by nodename 19423@fv-az59-375
2021-12-02 14:31:30,525 [pool-992-thread-1] INFO  storage.RaftStorage (RaftStorageImpl.java:format(89)) - Storage directory /home/runner/work/ozone/ozone/hadoop-ozone/integration-test/target/test-dir/MiniOzoneClusterImpl-fd94144e-5974-489a-b79f-b066564ba6f5/datanode-2/data/ratis/4d19a40b-ff18-4e92-ae45-f34a6d962fbb has been successfully formatted.
2021-12-02 14:31:30,530 [pool-992-thread-1] INFO  ratis.ContainerStateMachine (ContainerStateMachine.java:loadSnapshot(224)) - group-F34A6D962FBB: The snapshot info is null. Setting the last applied indexto:(t:0, i:~)
2021-12-02 14:31:30,530 [pool-992-thread-1] INFO  server.RaftServerConfigKeys (ConfUtils.java:logGet(44)) - raft.server.notification.no-leader.timeout = 300000ms (custom)
2021-12-02 14:31:30,531 [pool-992-thread-1] INFO  server.RaftServerConfigKeys (ConfUtils.java:logGet(44)) - raft.server.log.use.memory = false (default)
2021-12-02 14:31:30,531 [pool-992-thread-1] INFO  server.RaftServerConfigKeys (ConfUtils.java:logGet(44)) - raft.server.log.purge.gap = 1000000 (custom)
2021-12-02 14:31:30,531 [pool-992-thread-1] INFO  server.RaftServerConfigKeys (ConfUtils.java:logGet(44)) - raft.server.log.appender.buffer.byte-limit = 33554432 (custom)
2021-12-02 14:31:30,531 [pool-992-thread-1] INFO  server.RaftServerConfigKeys (ConfUtils.java:logGet(44)) - raft.server.log.segment.size.max = 1048576 (custom)
2021-12-02 14:31:30,532 [pool-992-thread-1] INFO  server.RaftServerConfigKeys (ConfUtils.java:logGet(44)) - raft.server.log.segment.cache.num.max = 2 (custom)
2021-12-02 14:31:30,532 [pool-992-thread-1] INFO  server.RaftServerConfigKeys (ConfUtils.java:logGet(44)) - raft.server.log.segment.cache.size.max = 200MB (=209715200) (default)
2021-12-02 14:31:30,532 [pool-992-thread-1] INFO  segmented.SegmentedRaftLogWorker (SegmentedRaftLogWorker.java:<init>(182)) - new 8698f9c0-0d63-4edb-bf8f-bb1ca05694ae@group-F34A6D962FBB-SegmentedRaftLogWorker for RaftStorageImpl:Storage Directory /home/runner/work/ozone/ozone/hadoop-ozone/integration-test/target/test-dir/MiniOzoneClusterImpl-fd94144e-5974-489a-b79f-b066564ba6f5/datanode-2/data/ratis/4d19a40b-ff18-4e92-ae45-f34a6d962fbb
2021-12-02 14:31:30,532 [pool-992-thread-1] INFO  server.RaftServerConfigKeys (ConfUtils.java:logGet(44)) - raft.server.log.queue.byte-limit = 2147483647 (custom)
2021-12-02 14:31:30,532 [pool-992-thread-1] INFO  server.RaftServerConfigKeys (ConfUtils.java:logGet(44)) - raft.server.log.queue.element-limit = 1024 (custom)
2021-12-02 14:31:30,532 [pool-992-thread-1] INFO  server.RaftServerConfigKeys (ConfUtils.java:logGet(44)) - raft.server.log.segment.size.max = 1048576 (custom)
2021-12-02 14:31:30,532 [pool-992-thread-1] INFO  server.RaftServerConfigKeys (ConfUtils.java:logGet(44)) - raft.server.log.preallocated.size = 16384 (custom)
2021-12-02 14:31:30,532 [pool-992-thread-1] INFO  server.RaftServerConfigKeys (ConfUtils.java:logGet(44)) - raft.server.log.force.sync.num = 128 (default)
2021-12-02 14:31:30,532 [pool-992-thread-1] INFO  server.RaftServerConfigKeys (ConfUtils.java:logGet(44)) - raft.server.log.statemachine.data.sync = true (default)
2021-12-02 14:31:30,532 [pool-992-thread-1] INFO  server.RaftServerConfigKeys (ConfUtils.java:logGet(44)) - raft.server.log.statemachine.data.sync.timeout = 10s (default)
2021-12-02 14:31:30,532 [pool-992-thread-1] INFO  server.RaftServerConfigKeys (ConfUtils.java:logGet(44)) - raft.server.log.statemachine.data.sync.timeout.retry = -1 (default)
2021-12-02 14:31:30,534 [pool-992-thread-1] INFO  server.RaftServerConfigKeys (ConfUtils.java:logGet(44)) - raft.server.log.write.buffer.size = 1048576 (custom)
2021-12-02 14:31:30,536 [pool-992-thread-1] INFO  server.RaftServerConfigKeys (ConfUtils.java:logGet(44)) - raft.server.log.statemachine.data.caching.enabled = true (custom)
2021-12-02 14:31:30,536 [pool-992-thread-1] INFO  segmented.SegmentedRaftLogWorker (SegmentedRaftLogWorker.java:lambda$new$0(133)) - 8698f9c0-0d63-4edb-bf8f-bb1ca05694ae@group-F34A6D962FBB-SegmentedRaftLogWorker: flushIndex: setUnconditionally 0 -> -1
2021-12-02 14:31:30,536 [pool-992-thread-1] INFO  segmented.SegmentedRaftLogWorker (SegmentedRaftLogWorker.java:lambda$new$0(133)) - 8698f9c0-0d63-4edb-bf8f-bb1ca05694ae@group-F34A6D962FBB-SegmentedRaftLogWorker: safeCacheEvictIndex: setUnconditionally 0 -> -1
2021-12-02 14:31:30,536 [pool-992-thread-1] INFO  server.RaftServerConfigKeys (ConfUtils.java:logGet(44)) - raft.server.snapshot.auto.trigger.enabled = true (custom)
2021-12-02 14:31:30,536 [pool-992-thread-1] INFO  server.RaftServerConfigKeys (ConfUtils.java:logGet(44)) - raft.server.snapshot.auto.trigger.threshold = 10000 (custom)
2021-12-02 14:31:30,536 [pool-992-thread-1] INFO  server.RaftServerConfigKeys (ConfUtils.java:logGet(44)) - raft.server.snapshot.retention.file.num = 5 (custom)
2021-12-02 14:31:30,536 [pool-992-thread-1] INFO  server.RaftServerConfigKeys (ConfUtils.java:logGet(44)) - raft.server.log.purge.upto.snapshot.index = false (default)
2021-12-02 14:31:30,536 [pool-992-thread-1] INFO  server.RaftServerConfigKeys (ConfUtils.java:logGet(44)) - raft.server.retrycache.expirytime = 600000ms (custom)
2021-12-02 14:31:30,536 [pool-992-thread-1] INFO  server.RaftServerConfigKeys (ConfUtils.java:logGet(44)) - raft.server.retrycache.statistics.expirytime = 100μs (default)
2021-12-02 14:31:30,538 [pool-992-thread-1] INFO  server.RaftServer$Division (RaftServerImpl.java:start(301)) - 8698f9c0-0d63-4edb-bf8f-bb1ca05694ae@group-F34A6D962FBB: start as a follower, conf=-1: [a7b6a586-909c-47a7-a818-e434e5672216|rpc:10.1.0.16:38677|dataStream:|priority:1, 8698f9c0-0d63-4edb-bf8f-bb1ca05694ae|rpc:10.1.0.16:46057|dataStream:|priority:0, 277b06ce-74e8-46b5-b9ba-0eaaec62ec87|rpc:10.1.0.16:37685|dataStream:|priority:0], old=null
2021-12-02 14:31:30,538 [pool-992-thread-1] INFO  server.RaftServer$Division (RaftServerImpl.java:setRole(290)) - 8698f9c0-0d63-4edb-bf8f-bb1ca05694ae@group-F34A6D962FBB: changes role from      null to FOLLOWER at term 0 for startAsFollower
2021-12-02 14:31:30,538 [pool-992-thread-1] INFO  impl.RoleInfo (RoleInfo.java:updateAndGet(130)) - 8698f9c0-0d63-4edb-bf8f-bb1ca05694ae: start 8698f9c0-0d63-4edb-bf8f-bb1ca05694ae@group-F34A6D962FBB-FollowerState
2021-12-02 14:31:30,549 [pool-992-thread-1] INFO  util.JmxRegister (JmxRegister.java:tryRegister(44)) - Successfully registered JMX Bean with object name Ratis:service=RaftServer,group=group-F34A6D962FBB,id=8698f9c0-0d63-4edb-bf8f-bb1ca05694ae
2021-12-02 14:31:30,573 [Command processor thread] INFO  commandhandler.CreatePipelineCommandHandler (CreatePipelineCommandHandler.java:handle(106)) - Created Pipeline RATIS THREE PipelineID=4d19a40b-ff18-4e92-ae45-f34a6d962fbb.
2021-12-02 14:31:30,573 [Command processor thread] INFO  server.RaftServer (RaftServerProxy.java:addNew(95)) - 277b06ce-74e8-46b5-b9ba-0eaaec62ec87: addNew group-218C52D3B0E5:[a7b6a586-909c-47a7-a818-e434e5672216|rpc:10.1.0.16:38677|priority:0, 8698f9c0-0d63-4edb-bf8f-bb1ca05694ae|rpc:10.1.0.16:46057|priority:1, 277b06ce-74e8-46b5-b9ba-0eaaec62ec87|rpc:10.1.0.16:37685|priority:0] returns group-218C52D3B0E5:java.util.concurrent.CompletableFuture@2cdf57d8[Not completed]
2021-12-02 14:31:30,575 [pool-954-thread-1] INFO  server.RaftServer$Division (RaftServerImpl.java:<init>(184)) - 277b06ce-74e8-46b5-b9ba-0eaaec62ec87: new RaftServerImpl for group-218C52D3B0E5:[a7b6a586-909c-47a7-a818-e434e5672216|rpc:10.1.0.16:38677|priority:0, 8698f9c0-0d63-4edb-bf8f-bb1ca05694ae|rpc:10.1.0.16:46057|priority:1, 277b06ce-74e8-46b5-b9ba-0eaaec62ec87|rpc:10.1.0.16:37685|priority:0] with ContainerStateMachine:uninitialized
2021-12-02 14:31:30,575 [pool-954-thread-1] INFO  server.RaftServerConfigKeys (ConfUtils.java:logGet(44)) - raft.server.rpc.timeout.min = 5s (custom)
2021-12-02 14:31:30,575 [pool-954-thread-1] INFO  server.RaftServerConfigKeys (ConfUtils.java:logGet(44)) - raft.server.rpc.timeout.max = 5200ms (custom)
2021-12-02 14:31:30,575 [pool-954-thread-1] INFO  server.RaftServerConfigKeys (ConfUtils.java:logGet(44)) - raft.server.rpc.sleep.time = 25ms (default)
2021-12-02 14:31:30,575 [pool-954-thread-1] INFO  server.RaftServerConfigKeys (ConfUtils.java:logGet(44)) - raft.server.rpc.slowness.timeout = 300000ms (custom)
2021-12-02 14:31:30,575 [pool-954-thread-1] INFO  server.RaftServerConfigKeys (ConfUtils.java:logGet(44)) - raft.server.leaderelection.leader.step-down.wait-time = 10s (default)
2021-12-02 14:31:30,575 [pool-954-thread-1] INFO  server.RaftServerConfigKeys (ConfUtils.java:logGet(44)) - raft.server.sleep.deviation.threshold = 300ms (default)
2021-12-02 14:31:30,575 [pool-954-thread-1] INFO  server.RaftServerConfigKeys (ConfUtils.java:logGet(44)) - raft.server.log.appender.install.snapshot.enabled = false (custom)
2021-12-02 14:31:30,575 [pool-954-thread-1] INFO  server.RaftServer$Division (ServerState.java:<init>(105)) - 277b06ce-74e8-46b5-b9ba-0eaaec62ec87@group-218C52D3B0E5: ConfigurationManager, init=-1: [a7b6a586-909c-47a7-a818-e434e5672216|rpc:10.1.0.16:38677|priority:0, 8698f9c0-0d63-4edb-bf8f-bb1ca05694ae|rpc:10.1.0.16:46057|priority:1, 277b06ce-74e8-46b5-b9ba-0eaaec62ec87|rpc:10.1.0.16:37685|priority:0], old=null, confs=<EMPTY_MAP>
2021-12-02 14:31:30,575 [pool-954-thread-1] INFO  server.RaftServerConfigKeys (ConfUtils.java:logGet(44)) - raft.server.storage.dir = [/home/runner/work/ozone/ozone/hadoop-ozone/integration-test/target/test-dir/MiniOzoneClusterImpl-fd94144e-5974-489a-b79f-b066564ba6f5/datanode-0/data/ratis] (custom)
2021-12-02 14:31:30,576 [pool-954-thread-1] INFO  server.RaftServerConfigKeys (ConfUtils.java:logGet(44)) - raft.server.log.corruption.policy = EXCEPTION (default)
2021-12-02 14:31:30,576 [pool-954-thread-1] INFO  server.RaftServerConfigKeys (ConfUtils.java:logGet(44)) - raft.server.storage.free-space.min = 0MB (=0) (default)
2021-12-02 14:31:30,576 [pool-954-thread-1] INFO  storage.RaftStorageDirectory (RaftStorageDirectoryImpl.java:analyzeStorage(135)) - The storage directory /home/runner/work/ozone/ozone/hadoop-ozone/integration-test/target/test-dir/MiniOzoneClusterImpl-fd94144e-5974-489a-b79f-b066564ba6f5/datanode-0/data/ratis/86fd732d-83db-4bb4-8521-218c52d3b0e5 does not exist. Creating ...
2021-12-02 14:31:30,583 [pool-954-thread-1] INFO  storage.RaftStorageDirectory (RaftStorageDirectoryImpl.java:tryLock(230)) - Lock on /home/runner/work/ozone/ozone/hadoop-ozone/integration-test/target/test-dir/MiniOzoneClusterImpl-fd94144e-5974-489a-b79f-b066564ba6f5/datanode-0/data/ratis/86fd732d-83db-4bb4-8521-218c52d3b0e5/in_use.lock acquired by nodename 19423@fv-az59-375
2021-12-02 14:31:30,588 [pool-954-thread-1] INFO  storage.RaftStorage (RaftStorageImpl.java:format(89)) - Storage directory /home/runner/work/ozone/ozone/hadoop-ozone/integration-test/target/test-dir/MiniOzoneClusterImpl-fd94144e-5974-489a-b79f-b066564ba6f5/datanode-0/data/ratis/86fd732d-83db-4bb4-8521-218c52d3b0e5 has been successfully formatted.
2021-12-02 14:31:30,588 [pool-954-thread-1] INFO  ratis.ContainerStateMachine (ContainerStateMachine.java:loadSnapshot(224)) - group-218C52D3B0E5: The snapshot info is null. Setting the last applied indexto:(t:0, i:~)
2021-12-02 14:31:30,589 [pool-954-thread-1] INFO  server.RaftServerConfigKeys (ConfUtils.java:logGet(44)) - raft.server.notification.no-leader.timeout = 300000ms (custom)
2021-12-02 14:31:30,589 [pool-954-thread-1] INFO  server.RaftServerConfigKeys (ConfUtils.java:logGet(44)) - raft.server.log.use.memory = false (default)
2021-12-02 14:31:30,589 [pool-954-thread-1] INFO  server.RaftServerConfigKeys (ConfUtils.java:logGet(44)) - raft.server.log.purge.gap = 1000000 (custom)
2021-12-02 14:31:30,589 [pool-954-thread-1] INFO  server.RaftServerConfigKeys (ConfUtils.java:logGet(44)) - raft.server.log.appender.buffer.byte-limit = 33554432 (custom)
2021-12-02 14:31:30,589 [pool-954-thread-1] INFO  server.RaftServerConfigKeys (ConfUtils.java:logGet(44)) - raft.server.log.segment.size.max = 1048576 (custom)
2021-12-02 14:31:30,590 [pool-954-thread-1] INFO  server.RaftServerConfigKeys (ConfUtils.java:logGet(44)) - raft.server.log.segment.cache.num.max = 2 (custom)
2021-12-02 14:31:30,591 [EventQueue-OpenPipelineForHealthyPipelineSafeModeRule] INFO  safemode.SCMSafeModeManager (HealthyPipelineSafeModeRule.java:process(124)) - SCM in safe mode. Healthy pipelines reported count is 0, required healthy pipeline reported count is 1
2021-12-02 14:31:30,591 [pool-954-thread-1] INFO  server.RaftServerConfigKeys (ConfUtils.java:logGet(44)) - raft.server.log.segment.cache.size.max = 200MB (=209715200) (default)
2021-12-02 14:31:30,594 [pool-954-thread-1] INFO  segmented.SegmentedRaftLogWorker (SegmentedRaftLogWorker.java:<init>(182)) - new 277b06ce-74e8-46b5-b9ba-0eaaec62ec87@group-218C52D3B0E5-SegmentedRaftLogWorker for RaftStorageImpl:Storage Directory /home/runner/work/ozone/ozone/hadoop-ozone/integration-test/target/test-dir/MiniOzoneClusterImpl-fd94144e-5974-489a-b79f-b066564ba6f5/datanode-0/data/ratis/86fd732d-83db-4bb4-8521-218c52d3b0e5
2021-12-02 14:31:30,594 [pool-954-thread-1] INFO  server.RaftServerConfigKeys (ConfUtils.java:logGet(44)) - raft.server.log.queue.byte-limit = 2147483647 (custom)
2021-12-02 14:31:30,594 [pool-954-thread-1] INFO  server.RaftServerConfigKeys (ConfUtils.java:logGet(44)) - raft.server.log.queue.element-limit = 1024 (custom)
2021-12-02 14:31:30,594 [pool-954-thread-1] INFO  server.RaftServerConfigKeys (ConfUtils.java:logGet(44)) - raft.server.log.segment.size.max = 1048576 (custom)
2021-12-02 14:31:30,594 [pool-954-thread-1] INFO  server.RaftServerConfigKeys (ConfUtils.java:logGet(44)) - raft.server.log.preallocated.size = 16384 (custom)
2021-12-02 14:31:30,595 [pool-954-thread-1] INFO  server.RaftServerConfigKeys (ConfUtils.java:logGet(44)) - raft.server.log.force.sync.num = 128 (default)
2021-12-02 14:31:30,595 [pool-954-thread-1] INFO  server.RaftServerConfigKeys (ConfUtils.java:logGet(44)) - raft.server.log.statemachine.data.sync = true (default)
2021-12-02 14:31:30,595 [pool-954-thread-1] INFO  server.RaftServerConfigKeys (ConfUtils.java:logGet(44)) - raft.server.log.statemachine.data.sync.timeout = 10s (default)
2021-12-02 14:31:30,595 [pool-954-thread-1] INFO  server.RaftServerConfigKeys (ConfUtils.java:logGet(44)) - raft.server.log.statemachine.data.sync.timeout.retry = -1 (default)
2021-12-02 14:31:30,596 [pool-954-thread-1] INFO  server.RaftServerConfigKeys (ConfUtils.java:logGet(44)) - raft.server.log.write.buffer.size = 1048576 (custom)
2021-12-02 14:31:30,597 [pool-954-thread-1] INFO  server.RaftServerConfigKeys (ConfUtils.java:logGet(44)) - raft.server.log.statemachine.data.caching.enabled = true (custom)
2021-12-02 14:31:30,601 [pool-954-thread-1] INFO  segmented.SegmentedRaftLogWorker (SegmentedRaftLogWorker.java:lambda$new$0(133)) - 277b06ce-74e8-46b5-b9ba-0eaaec62ec87@group-218C52D3B0E5-SegmentedRaftLogWorker: flushIndex: setUnconditionally 0 -> -1
2021-12-02 14:31:30,601 [pool-954-thread-1] INFO  segmented.SegmentedRaftLogWorker (SegmentedRaftLogWorker.java:lambda$new$0(133)) - 277b06ce-74e8-46b5-b9ba-0eaaec62ec87@group-218C52D3B0E5-SegmentedRaftLogWorker: safeCacheEvictIndex: setUnconditionally 0 -> -1
2021-12-02 14:31:30,601 [pool-954-thread-1] INFO  server.RaftServerConfigKeys (ConfUtils.java:logGet(44)) - raft.server.snapshot.auto.trigger.enabled = true (custom)
2021-12-02 14:31:30,601 [pool-954-thread-1] INFO  server.RaftServerConfigKeys (ConfUtils.java:logGet(44)) - raft.server.snapshot.auto.trigger.threshold = 10000 (custom)
2021-12-02 14:31:30,601 [pool-954-thread-1] INFO  server.RaftServerConfigKeys (ConfUtils.java:logGet(44)) - raft.server.snapshot.retention.file.num = 5 (custom)
2021-12-02 14:31:30,601 [pool-954-thread-1] INFO  server.RaftServerConfigKeys (ConfUtils.java:logGet(44)) - raft.server.log.purge.upto.snapshot.index = false (default)
2021-12-02 14:31:30,601 [pool-954-thread-1] INFO  server.RaftServerConfigKeys (ConfUtils.java:logGet(44)) - raft.server.retrycache.expirytime = 600000ms (custom)
2021-12-02 14:31:30,601 [pool-954-thread-1] INFO  server.RaftServerConfigKeys (ConfUtils.java:logGet(44)) - raft.server.retrycache.statistics.expirytime = 100μs (default)
2021-12-02 14:31:30,603 [pool-954-thread-1] INFO  server.RaftServer$Division (RaftServerImpl.java:start(301)) - 277b06ce-74e8-46b5-b9ba-0eaaec62ec87@group-218C52D3B0E5: start as a follower, conf=-1: [a7b6a586-909c-47a7-a818-e434e5672216|rpc:10.1.0.16:38677|priority:0, 8698f9c0-0d63-4edb-bf8f-bb1ca05694ae|rpc:10.1.0.16:46057|priority:1, 277b06ce-74e8-46b5-b9ba-0eaaec62ec87|rpc:10.1.0.16:37685|priority:0], old=null
2021-12-02 14:31:30,603 [pool-954-thread-1] INFO  server.RaftServer$Division (RaftServerImpl.java:setRole(290)) - 277b06ce-74e8-46b5-b9ba-0eaaec62ec87@group-218C52D3B0E5: changes role from      null to FOLLOWER at term 0 for startAsFollower
2021-12-02 14:31:30,603 [pool-954-thread-1] INFO  impl.RoleInfo (RoleInfo.java:updateAndGet(130)) - 277b06ce-74e8-46b5-b9ba-0eaaec62ec87: start 277b06ce-74e8-46b5-b9ba-0eaaec62ec87@group-218C52D3B0E5-FollowerState
2021-12-02 14:31:30,609 [pool-954-thread-1] INFO  util.JmxRegister (JmxRegister.java:tryRegister(44)) - Successfully registered JMX Bean with object name Ratis:service=RaftServer,group=group-218C52D3B0E5,id=277b06ce-74e8-46b5-b9ba-0eaaec62ec87
2021-12-02 14:31:30,627 [Command processor thread] INFO  ratis.XceiverServerRatis (XceiverServerRatis.java:addGroup(768)) - Created group PipelineID=86fd732d-83db-4bb4-8521-218c52d3b0e5
2021-12-02 14:31:30,643 [grpc-default-executor-5] INFO  server.RaftServer (RaftServerProxy.java:addNew(95)) - 8698f9c0-0d63-4edb-bf8f-bb1ca05694ae: addNew group-218C52D3B0E5:[a7b6a586-909c-47a7-a818-e434e5672216|rpc:10.1.0.16:38677|dataStream:|priority:0, 8698f9c0-0d63-4edb-bf8f-bb1ca05694ae|rpc:10.1.0.16:46057|dataStream:|priority:1, 277b06ce-74e8-46b5-b9ba-0eaaec62ec87|rpc:10.1.0.16:37685|dataStream:|priority:0] returns group-218C52D3B0E5:java.util.concurrent.CompletableFuture@eb70bf7[Not completed]
2021-12-02 14:31:30,643 [pool-992-thread-1] INFO  server.RaftServer$Division (RaftServerImpl.java:<init>(184)) - 8698f9c0-0d63-4edb-bf8f-bb1ca05694ae: new RaftServerImpl for group-218C52D3B0E5:[a7b6a586-909c-47a7-a818-e434e5672216|rpc:10.1.0.16:38677|dataStream:|priority:0, 8698f9c0-0d63-4edb-bf8f-bb1ca05694ae|rpc:10.1.0.16:46057|dataStream:|priority:1, 277b06ce-74e8-46b5-b9ba-0eaaec62ec87|rpc:10.1.0.16:37685|dataStream:|priority:0] with ContainerStateMachine:uninitialized
2021-12-02 14:31:30,643 [pool-992-thread-1] INFO  server.RaftServerConfigKeys (ConfUtils.java:logGet(44)) - raft.server.rpc.timeout.min = 5s (custom)
2021-12-02 14:31:30,643 [pool-992-thread-1] INFO  server.RaftServerConfigKeys (ConfUtils.java:logGet(44)) - raft.server.rpc.timeout.max = 5200ms (custom)
2021-12-02 14:31:30,643 [pool-992-thread-1] INFO  server.RaftServerConfigKeys (ConfUtils.java:logGet(44)) - raft.server.rpc.sleep.time = 25ms (default)
2021-12-02 14:31:30,643 [pool-992-thread-1] INFO  server.RaftServerConfigKeys (ConfUtils.java:logGet(44)) - raft.server.rpc.slowness.timeout = 300000ms (custom)
2021-12-02 14:31:30,644 [pool-992-thread-1] INFO  server.RaftServerConfigKeys (ConfUtils.java:logGet(44)) - raft.server.leaderelection.leader.step-down.wait-time = 10s (default)
2021-12-02 14:31:30,644 [pool-992-thread-1] INFO  server.RaftServerConfigKeys (ConfUtils.java:logGet(44)) - raft.server.sleep.deviation.threshold = 300ms (default)
2021-12-02 14:31:30,644 [pool-992-thread-1] INFO  server.RaftServerConfigKeys (ConfUtils.java:logGet(44)) - raft.server.log.appender.install.snapshot.enabled = false (custom)
2021-12-02 14:31:30,644 [pool-992-thread-1] INFO  server.RaftServer$Division (ServerState.java:<init>(105)) - 8698f9c0-0d63-4edb-bf8f-bb1ca05694ae@group-218C52D3B0E5: ConfigurationManager, init=-1: [a7b6a586-909c-47a7-a818-e434e5672216|rpc:10.1.0.16:38677|dataStream:|priority:0, 8698f9c0-0d63-4edb-bf8f-bb1ca05694ae|rpc:10.1.0.16:46057|dataStream:|priority:1, 277b06ce-74e8-46b5-b9ba-0eaaec62ec87|rpc:10.1.0.16:37685|dataStream:|priority:0], old=null, confs=<EMPTY_MAP>
2021-12-02 14:31:30,644 [pool-992-thread-1] INFO  server.RaftServerConfigKeys (ConfUtils.java:logGet(44)) - raft.server.storage.dir = [/home/runner/work/ozone/ozone/hadoop-ozone/integration-test/target/test-dir/MiniOzoneClusterImpl-fd94144e-5974-489a-b79f-b066564ba6f5/datanode-2/data/ratis] (custom)
2021-12-02 14:31:30,644 [pool-992-thread-1] INFO  server.RaftServerConfigKeys (ConfUtils.java:logGet(44)) - raft.server.log.corruption.policy = EXCEPTION (default)
2021-12-02 14:31:30,644 [pool-992-thread-1] INFO  server.RaftServerConfigKeys (ConfUtils.java:logGet(44)) - raft.server.storage.free-space.min = 0MB (=0) (default)
2021-12-02 14:31:30,644 [pool-992-thread-1] INFO  storage.RaftStorageDirectory (RaftStorageDirectoryImpl.java:analyzeStorage(135)) - The storage directory /home/runner/work/ozone/ozone/hadoop-ozone/integration-test/target/test-dir/MiniOzoneClusterImpl-fd94144e-5974-489a-b79f-b066564ba6f5/datanode-2/data/ratis/86fd732d-83db-4bb4-8521-218c52d3b0e5 does not exist. Creating ...
2021-12-02 14:31:30,645 [pool-992-thread-1] INFO  storage.RaftStorageDirectory (RaftStorageDirectoryImpl.java:tryLock(230)) - Lock on /home/runner/work/ozone/ozone/hadoop-ozone/integration-test/target/test-dir/MiniOzoneClusterImpl-fd94144e-5974-489a-b79f-b066564ba6f5/datanode-2/data/ratis/86fd732d-83db-4bb4-8521-218c52d3b0e5/in_use.lock acquired by nodename 19423@fv-az59-375
2021-12-02 14:31:30,646 [pool-992-thread-1] INFO  storage.RaftStorage (RaftStorageImpl.java:format(89)) - Storage directory /home/runner/work/ozone/ozone/hadoop-ozone/integration-test/target/test-dir/MiniOzoneClusterImpl-fd94144e-5974-489a-b79f-b066564ba6f5/datanode-2/data/ratis/86fd732d-83db-4bb4-8521-218c52d3b0e5 has been successfully formatted.
2021-12-02 14:31:30,646 [pool-992-thread-1] INFO  ratis.ContainerStateMachine (ContainerStateMachine.java:loadSnapshot(224)) - group-218C52D3B0E5: The snapshot info is null. Setting the last applied indexto:(t:0, i:~)
2021-12-02 14:31:30,647 [pool-992-thread-1] INFO  server.RaftServerConfigKeys (ConfUtils.java:logGet(44)) - raft.server.notification.no-leader.timeout = 300000ms (custom)
2021-12-02 14:31:30,647 [pool-992-thread-1] INFO  server.RaftServerConfigKeys (ConfUtils.java:logGet(44)) - raft.server.log.use.memory = false (default)
2021-12-02 14:31:30,647 [pool-992-thread-1] INFO  server.RaftServerConfigKeys (ConfUtils.java:logGet(44)) - raft.server.log.purge.gap = 1000000 (custom)
2021-12-02 14:31:30,647 [pool-992-thread-1] INFO  server.RaftServerConfigKeys (ConfUtils.java:logGet(44)) - raft.server.log.appender.buffer.byte-limit = 33554432 (custom)
2021-12-02 14:31:30,648 [pool-992-thread-1] INFO  server.RaftServerConfigKeys (ConfUtils.java:logGet(44)) - raft.server.log.segment.size.max = 1048576 (custom)
2021-12-02 14:31:30,648 [pool-992-thread-1] INFO  server.RaftServerConfigKeys (ConfUtils.java:logGet(44)) - raft.server.log.segment.cache.num.max = 2 (custom)
2021-12-02 14:31:30,648 [pool-992-thread-1] INFO  server.RaftServerConfigKeys (ConfUtils.java:logGet(44)) - raft.server.log.segment.cache.size.max = 200MB (=209715200) (default)
2021-12-02 14:31:30,648 [pool-992-thread-1] INFO  segmented.SegmentedRaftLogWorker (SegmentedRaftLogWorker.java:<init>(182)) - new 8698f9c0-0d63-4edb-bf8f-bb1ca05694ae@group-218C52D3B0E5-SegmentedRaftLogWorker for RaftStorageImpl:Storage Directory /home/runner/work/ozone/ozone/hadoop-ozone/integration-test/target/test-dir/MiniOzoneClusterImpl-fd94144e-5974-489a-b79f-b066564ba6f5/datanode-2/data/ratis/86fd732d-83db-4bb4-8521-218c52d3b0e5
2021-12-02 14:31:30,648 [pool-992-thread-1] INFO  server.RaftServerConfigKeys (ConfUtils.java:logGet(44)) - raft.server.log.queue.byte-limit = 2147483647 (custom)
2021-12-02 14:31:30,648 [pool-992-thread-1] INFO  server.RaftServerConfigKeys (ConfUtils.java:logGet(44)) - raft.server.log.queue.element-limit = 1024 (custom)
2021-12-02 14:31:30,649 [pool-992-thread-1] INFO  server.RaftServerConfigKeys (ConfUtils.java:logGet(44)) - raft.server.log.segment.size.max = 1048576 (custom)
2021-12-02 14:31:30,649 [pool-992-thread-1] INFO  server.RaftServerConfigKeys (ConfUtils.java:logGet(44)) - raft.server.log.preallocated.size = 16384 (custom)
2021-12-02 14:31:30,649 [pool-992-thread-1] INFO  server.RaftServerConfigKeys (ConfUtils.java:logGet(44)) - raft.server.log.force.sync.num = 128 (default)
2021-12-02 14:31:30,649 [pool-992-thread-1] INFO  server.RaftServerConfigKeys (ConfUtils.java:logGet(44)) - raft.server.log.statemachine.data.sync = true (default)
2021-12-02 14:31:30,649 [pool-992-thread-1] INFO  server.RaftServerConfigKeys (ConfUtils.java:logGet(44)) - raft.server.log.statemachine.data.sync.timeout = 10s (default)
2021-12-02 14:31:30,649 [pool-992-thread-1] INFO  server.RaftServerConfigKeys (ConfUtils.java:logGet(44)) - raft.server.log.statemachine.data.sync.timeout.retry = -1 (default)
2021-12-02 14:31:30,650 [pool-992-thread-1] INFO  server.RaftServerConfigKeys (ConfUtils.java:logGet(44)) - raft.server.log.write.buffer.size = 1048576 (custom)
2021-12-02 14:31:30,651 [pool-992-thread-1] INFO  server.RaftServerConfigKeys (ConfUtils.java:logGet(44)) - raft.server.log.statemachine.data.caching.enabled = true (custom)
2021-12-02 14:31:30,651 [pool-992-thread-1] INFO  segmented.SegmentedRaftLogWorker (SegmentedRaftLogWorker.java:lambda$new$0(133)) - 8698f9c0-0d63-4edb-bf8f-bb1ca05694ae@group-218C52D3B0E5-SegmentedRaftLogWorker: flushIndex: setUnconditionally 0 -> -1
2021-12-02 14:31:30,651 [pool-992-thread-1] INFO  segmented.SegmentedRaftLogWorker (SegmentedRaftLogWorker.java:lambda$new$0(133)) - 8698f9c0-0d63-4edb-bf8f-bb1ca05694ae@group-218C52D3B0E5-SegmentedRaftLogWorker: safeCacheEvictIndex: setUnconditionally 0 -> -1
2021-12-02 14:31:30,651 [pool-992-thread-1] INFO  server.RaftServerConfigKeys (ConfUtils.java:logGet(44)) - raft.server.snapshot.auto.trigger.enabled = true (custom)
2021-12-02 14:31:30,651 [pool-992-thread-1] INFO  server.RaftServerConfigKeys (ConfUtils.java:logGet(44)) - raft.server.snapshot.auto.trigger.threshold = 10000 (custom)
2021-12-02 14:31:30,651 [pool-992-thread-1] INFO  server.RaftServerConfigKeys (ConfUtils.java:logGet(44)) - raft.server.snapshot.retention.file.num = 5 (custom)
2021-12-02 14:31:30,651 [pool-992-thread-1] INFO  server.RaftServerConfigKeys (ConfUtils.java:logGet(44)) - raft.server.log.purge.upto.snapshot.index = false (default)
2021-12-02 14:31:30,652 [pool-992-thread-1] INFO  server.RaftServerConfigKeys (ConfUtils.java:logGet(44)) - raft.server.retrycache.expirytime = 600000ms (custom)
2021-12-02 14:31:30,652 [pool-992-thread-1] INFO  server.RaftServerConfigKeys (ConfUtils.java:logGet(44)) - raft.server.retrycache.statistics.expirytime = 100μs (default)
2021-12-02 14:31:30,653 [pool-992-thread-1] INFO  server.RaftServer$Division (RaftServerImpl.java:start(301)) - 8698f9c0-0d63-4edb-bf8f-bb1ca05694ae@group-218C52D3B0E5: start as a follower, conf=-1: [a7b6a586-909c-47a7-a818-e434e5672216|rpc:10.1.0.16:38677|dataStream:|priority:0, 8698f9c0-0d63-4edb-bf8f-bb1ca05694ae|rpc:10.1.0.16:46057|dataStream:|priority:1, 277b06ce-74e8-46b5-b9ba-0eaaec62ec87|rpc:10.1.0.16:37685|dataStream:|priority:0], old=null
2021-12-02 14:31:30,653 [pool-992-thread-1] INFO  server.RaftServer$Division (RaftServerImpl.java:setRole(290)) - 8698f9c0-0d63-4edb-bf8f-bb1ca05694ae@group-218C52D3B0E5: changes role from      null to FOLLOWER at term 0 for startAsFollower
2021-12-02 14:31:30,655 [pool-992-thread-1] INFO  impl.RoleInfo (RoleInfo.java:updateAndGet(130)) - 8698f9c0-0d63-4edb-bf8f-bb1ca05694ae: start 8698f9c0-0d63-4edb-bf8f-bb1ca05694ae@group-218C52D3B0E5-FollowerState
2021-12-02 14:31:30,659 [pool-992-thread-1] INFO  util.JmxRegister (JmxRegister.java:tryRegister(44)) - Successfully registered JMX Bean with object name Ratis:service=RaftServer,group=group-218C52D3B0E5,id=8698f9c0-0d63-4edb-bf8f-bb1ca05694ae
2021-12-02 14:31:30,716 [grpc-default-executor-5] INFO  server.RaftServer (RaftServerProxy.java:addNew(95)) - a7b6a586-909c-47a7-a818-e434e5672216: addNew group-218C52D3B0E5:[a7b6a586-909c-47a7-a818-e434e5672216|rpc:10.1.0.16:38677|dataStream:|priority:0, 8698f9c0-0d63-4edb-bf8f-bb1ca05694ae|rpc:10.1.0.16:46057|dataStream:|priority:1, 277b06ce-74e8-46b5-b9ba-0eaaec62ec87|rpc:10.1.0.16:37685|dataStream:|priority:0] returns group-218C52D3B0E5:java.util.concurrent.CompletableFuture@142a9e02[Not completed]
2021-12-02 14:31:30,717 [pool-973-thread-1] INFO  server.RaftServer$Division (RaftServerImpl.java:<init>(184)) - a7b6a586-909c-47a7-a818-e434e5672216: new RaftServerImpl for group-218C52D3B0E5:[a7b6a586-909c-47a7-a818-e434e5672216|rpc:10.1.0.16:38677|dataStream:|priority:0, 8698f9c0-0d63-4edb-bf8f-bb1ca05694ae|rpc:10.1.0.16:46057|dataStream:|priority:1, 277b06ce-74e8-46b5-b9ba-0eaaec62ec87|rpc:10.1.0.16:37685|dataStream:|priority:0] with ContainerStateMachine:uninitialized
2021-12-02 14:31:30,717 [pool-973-thread-1] INFO  server.RaftServerConfigKeys (ConfUtils.java:logGet(44)) - raft.server.rpc.timeout.min = 5s (custom)
2021-12-02 14:31:30,717 [pool-973-thread-1] INFO  server.RaftServerConfigKeys (ConfUtils.java:logGet(44)) - raft.server.rpc.timeout.max = 5200ms (custom)
2021-12-02 14:31:30,717 [pool-973-thread-1] INFO  server.RaftServerConfigKeys (ConfUtils.java:logGet(44)) - raft.server.rpc.sleep.time = 25ms (default)
2021-12-02 14:31:30,717 [pool-973-thread-1] INFO  server.RaftServerConfigKeys (ConfUtils.java:logGet(44)) - raft.server.rpc.slowness.timeout = 300000ms (custom)
2021-12-02 14:31:30,717 [pool-973-thread-1] INFO  server.RaftServerConfigKeys (ConfUtils.java:logGet(44)) - raft.server.leaderelection.leader.step-down.wait-time = 10s (default)
2021-12-02 14:31:30,717 [pool-973-thread-1] INFO  server.RaftServerConfigKeys (ConfUtils.java:logGet(44)) - raft.server.sleep.deviation.threshold = 300ms (default)
2021-12-02 14:31:30,717 [pool-973-thread-1] INFO  server.RaftServerConfigKeys (ConfUtils.java:logGet(44)) - raft.server.log.appender.install.snapshot.enabled = false (custom)
2021-12-02 14:31:30,718 [pool-973-thread-1] INFO  server.RaftServer$Division (ServerState.java:<init>(105)) - a7b6a586-909c-47a7-a818-e434e5672216@group-218C52D3B0E5: ConfigurationManager, init=-1: [a7b6a586-909c-47a7-a818-e434e5672216|rpc:10.1.0.16:38677|dataStream:|priority:0, 8698f9c0-0d63-4edb-bf8f-bb1ca05694ae|rpc:10.1.0.16:46057|dataStream:|priority:1, 277b06ce-74e8-46b5-b9ba-0eaaec62ec87|rpc:10.1.0.16:37685|dataStream:|priority:0], old=null, confs=<EMPTY_MAP>
2021-12-02 14:31:30,718 [pool-973-thread-1] INFO  server.RaftServerConfigKeys (ConfUtils.java:logGet(44)) - raft.server.storage.dir = [/home/runner/work/ozone/ozone/hadoop-ozone/integration-test/target/test-dir/MiniOzoneClusterImpl-fd94144e-5974-489a-b79f-b066564ba6f5/datanode-1/data/ratis] (custom)
2021-12-02 14:31:30,718 [pool-973-thread-1] INFO  server.RaftServerConfigKeys (ConfUtils.java:logGet(44)) - raft.server.log.corruption.policy = EXCEPTION (default)
2021-12-02 14:31:30,718 [pool-973-thread-1] INFO  server.RaftServerConfigKeys (ConfUtils.java:logGet(44)) - raft.server.storage.free-space.min = 0MB (=0) (default)
2021-12-02 14:31:30,718 [pool-973-thread-1] INFO  storage.RaftStorageDirectory (RaftStorageDirectoryImpl.java:analyzeStorage(135)) - The storage directory /home/runner/work/ozone/ozone/hadoop-ozone/integration-test/target/test-dir/MiniOzoneClusterImpl-fd94144e-5974-489a-b79f-b066564ba6f5/datanode-1/data/ratis/86fd732d-83db-4bb4-8521-218c52d3b0e5 does not exist. Creating ...
2021-12-02 14:31:30,725 [pool-973-thread-1] INFO  storage.RaftStorageDirectory (RaftStorageDirectoryImpl.java:tryLock(230)) - Lock on /home/runner/work/ozone/ozone/hadoop-ozone/integration-test/target/test-dir/MiniOzoneClusterImpl-fd94144e-5974-489a-b79f-b066564ba6f5/datanode-1/data/ratis/86fd732d-83db-4bb4-8521-218c52d3b0e5/in_use.lock acquired by nodename 19423@fv-az59-375
2021-12-02 14:31:30,726 [pool-973-thread-1] INFO  storage.RaftStorage (RaftStorageImpl.java:format(89)) - Storage directory /home/runner/work/ozone/ozone/hadoop-ozone/integration-test/target/test-dir/MiniOzoneClusterImpl-fd94144e-5974-489a-b79f-b066564ba6f5/datanode-1/data/ratis/86fd732d-83db-4bb4-8521-218c52d3b0e5 has been successfully formatted.
2021-12-02 14:31:30,726 [pool-973-thread-1] INFO  ratis.ContainerStateMachine (ContainerStateMachine.java:loadSnapshot(224)) - group-218C52D3B0E5: The snapshot info is null. Setting the last applied indexto:(t:0, i:~)
2021-12-02 14:31:30,727 [pool-973-thread-1] INFO  server.RaftServerConfigKeys (ConfUtils.java:logGet(44)) - raft.server.notification.no-leader.timeout = 300000ms (custom)
2021-12-02 14:31:30,727 [pool-973-thread-1] INFO  server.RaftServerConfigKeys (ConfUtils.java:logGet(44)) - raft.server.log.use.memory = false (default)
2021-12-02 14:31:30,727 [pool-973-thread-1] INFO  server.RaftServerConfigKeys (ConfUtils.java:logGet(44)) - raft.server.log.purge.gap = 1000000 (custom)
2021-12-02 14:31:30,727 [pool-973-thread-1] INFO  server.RaftServerConfigKeys (ConfUtils.java:logGet(44)) - raft.server.log.appender.buffer.byte-limit = 33554432 (custom)
2021-12-02 14:31:30,727 [pool-973-thread-1] INFO  server.RaftServerConfigKeys (ConfUtils.java:logGet(44)) - raft.server.log.segment.size.max = 1048576 (custom)
2021-12-02 14:31:30,728 [pool-973-thread-1] INFO  server.RaftServerConfigKeys (ConfUtils.java:logGet(44)) - raft.server.log.segment.cache.num.max = 2 (custom)
2021-12-02 14:31:30,728 [pool-973-thread-1] INFO  server.RaftServerConfigKeys (ConfUtils.java:logGet(44)) - raft.server.log.segment.cache.size.max = 200MB (=209715200) (default)
2021-12-02 14:31:30,728 [pool-973-thread-1] INFO  segmented.SegmentedRaftLogWorker (SegmentedRaftLogWorker.java:<init>(182)) - new a7b6a586-909c-47a7-a818-e434e5672216@group-218C52D3B0E5-SegmentedRaftLogWorker for RaftStorageImpl:Storage Directory /home/runner/work/ozone/ozone/hadoop-ozone/integration-test/target/test-dir/MiniOzoneClusterImpl-fd94144e-5974-489a-b79f-b066564ba6f5/datanode-1/data/ratis/86fd732d-83db-4bb4-8521-218c52d3b0e5
2021-12-02 14:31:30,728 [pool-973-thread-1] INFO  server.RaftServerConfigKeys (ConfUtils.java:logGet(44)) - raft.server.log.queue.byte-limit = 2147483647 (custom)
2021-12-02 14:31:30,728 [pool-973-thread-1] INFO  server.RaftServerConfigKeys (ConfUtils.java:logGet(44)) - raft.server.log.queue.element-limit = 1024 (custom)
2021-12-02 14:31:30,729 [pool-973-thread-1] INFO  server.RaftServerConfigKeys (ConfUtils.java:logGet(44)) - raft.server.log.segment.size.max = 1048576 (custom)
2021-12-02 14:31:30,729 [pool-973-thread-1] INFO  server.RaftServerConfigKeys (ConfUtils.java:logGet(44)) - raft.server.log.preallocated.size = 16384 (custom)
2021-12-02 14:31:30,729 [pool-973-thread-1] INFO  server.RaftServerConfigKeys (ConfUtils.java:logGet(44)) - raft.server.log.force.sync.num = 128 (default)
2021-12-02 14:31:30,729 [pool-973-thread-1] INFO  server.RaftServerConfigKeys (ConfUtils.java:logGet(44)) - raft.server.log.statemachine.data.sync = true (default)
2021-12-02 14:31:30,729 [pool-973-thread-1] INFO  server.RaftServerConfigKeys (ConfUtils.java:logGet(44)) - raft.server.log.statemachine.data.sync.timeout = 10s (default)
2021-12-02 14:31:30,729 [pool-973-thread-1] INFO  server.RaftServerConfigKeys (ConfUtils.java:logGet(44)) - raft.server.log.statemachine.data.sync.timeout.retry = -1 (default)
2021-12-02 14:31:30,735 [pool-973-thread-1] INFO  server.RaftServerConfigKeys (ConfUtils.java:logGet(44)) - raft.server.log.write.buffer.size = 1048576 (custom)
2021-12-02 14:31:30,736 [pool-973-thread-1] INFO  server.RaftServerConfigKeys (ConfUtils.java:logGet(44)) - raft.server.log.statemachine.data.caching.enabled = true (custom)
2021-12-02 14:31:30,736 [pool-973-thread-1] INFO  segmented.SegmentedRaftLogWorker (SegmentedRaftLogWorker.java:lambda$new$0(133)) - a7b6a586-909c-47a7-a818-e434e5672216@group-218C52D3B0E5-SegmentedRaftLogWorker: flushIndex: setUnconditionally 0 -> -1
2021-12-02 14:31:30,736 [pool-973-thread-1] INFO  segmented.SegmentedRaftLogWorker (SegmentedRaftLogWorker.java:lambda$new$0(133)) - a7b6a586-909c-47a7-a818-e434e5672216@group-218C52D3B0E5-SegmentedRaftLogWorker: safeCacheEvictIndex: setUnconditionally 0 -> -1
2021-12-02 14:31:30,736 [pool-973-thread-1] INFO  server.RaftServerConfigKeys (ConfUtils.java:logGet(44)) - raft.server.snapshot.auto.trigger.enabled = true (custom)
2021-12-02 14:31:30,736 [pool-973-thread-1] INFO  server.RaftServerConfigKeys (ConfUtils.java:logGet(44)) - raft.server.snapshot.auto.trigger.threshold = 10000 (custom)
2021-12-02 14:31:30,736 [pool-973-thread-1] INFO  server.RaftServerConfigKeys (ConfUtils.java:logGet(44)) - raft.server.snapshot.retention.file.num = 5 (custom)
2021-12-02 14:31:30,736 [pool-973-thread-1] INFO  server.RaftServerConfigKeys (ConfUtils.java:logGet(44)) - raft.server.log.purge.upto.snapshot.index = false (default)
2021-12-02 14:31:30,736 [pool-973-thread-1] INFO  server.RaftServerConfigKeys (ConfUtils.java:logGet(44)) - raft.server.retrycache.expirytime = 600000ms (custom)
2021-12-02 14:31:30,736 [pool-973-thread-1] INFO  server.RaftServerConfigKeys (ConfUtils.java:logGet(44)) - raft.server.retrycache.statistics.expirytime = 100μs (default)
2021-12-02 14:31:30,739 [pool-973-thread-1] INFO  server.RaftServer$Division (RaftServerImpl.java:start(301)) - a7b6a586-909c-47a7-a818-e434e5672216@group-218C52D3B0E5: start as a follower, conf=-1: [a7b6a586-909c-47a7-a818-e434e5672216|rpc:10.1.0.16:38677|dataStream:|priority:0, 8698f9c0-0d63-4edb-bf8f-bb1ca05694ae|rpc:10.1.0.16:46057|dataStream:|priority:1, 277b06ce-74e8-46b5-b9ba-0eaaec62ec87|rpc:10.1.0.16:37685|dataStream:|priority:0], old=null
2021-12-02 14:31:30,739 [pool-973-thread-1] INFO  server.RaftServer$Division (RaftServerImpl.java:setRole(290)) - a7b6a586-909c-47a7-a818-e434e5672216@group-218C52D3B0E5: changes role from      null to FOLLOWER at term 0 for startAsFollower
2021-12-02 14:31:30,739 [pool-973-thread-1] INFO  impl.RoleInfo (RoleInfo.java:updateAndGet(130)) - a7b6a586-909c-47a7-a818-e434e5672216: start a7b6a586-909c-47a7-a818-e434e5672216@group-218C52D3B0E5-FollowerState
2021-12-02 14:31:30,739 [pool-973-thread-1] INFO  util.JmxRegister (JmxRegister.java:tryRegister(44)) - Successfully registered JMX Bean with object name Ratis:service=RaftServer,group=group-218C52D3B0E5,id=a7b6a586-909c-47a7-a818-e434e5672216
2021-12-02 14:31:30,753 [Listener at 127.0.0.1/39245] INFO  ozone.MiniOzoneClusterImpl (MiniOzoneClusterImpl.java:lambda$waitForClusterToBeReady$0(235)) - Nodes are ready. Got 7 of 7 DN Heartbeats.
2021-12-02 14:31:30,753 [Listener at 127.0.0.1/39245] INFO  ozone.MiniOzoneClusterImpl (MiniOzoneClusterImpl.java:lambda$waitForClusterToBeReady$0(238)) - Waiting for cluster to exit safe mode
2021-12-02 14:31:30,753 [Listener at 127.0.0.1/39245] INFO  ozone.MiniOzoneClusterImpl (MiniOzoneClusterImpl.java:lambda$waitForClusterToBeReady$0(240)) - SCM became leader
2021-12-02 14:31:30,769 [Command processor thread] INFO  commandhandler.CreatePipelineCommandHandler (CreatePipelineCommandHandler.java:handle(106)) - Created Pipeline RATIS THREE PipelineID=86fd732d-83db-4bb4-8521-218c52d3b0e5.
2021-12-02 14:31:30,778 [Command processor thread] INFO  server.RaftServer (RaftServerProxy.java:addNew(95)) - a7b6a586-909c-47a7-a818-e434e5672216: addNew group-FB5AFE99D0AB:[a7b6a586-909c-47a7-a818-e434e5672216|rpc:10.1.0.16:38677|priority:1] returns group-FB5AFE99D0AB:java.util.concurrent.CompletableFuture@148534f6[Not completed]
2021-12-02 14:31:30,779 [pool-973-thread-1] INFO  server.RaftServer$Division (RaftServerImpl.java:<init>(184)) - a7b6a586-909c-47a7-a818-e434e5672216: new RaftServerImpl for group-FB5AFE99D0AB:[a7b6a586-909c-47a7-a818-e434e5672216|rpc:10.1.0.16:38677|priority:1] with ContainerStateMachine:uninitialized
2021-12-02 14:31:30,779 [pool-973-thread-1] INFO  server.RaftServerConfigKeys (ConfUtils.java:logGet(44)) - raft.server.rpc.timeout.min = 5s (custom)
2021-12-02 14:31:30,779 [pool-973-thread-1] INFO  server.RaftServerConfigKeys (ConfUtils.java:logGet(44)) - raft.server.rpc.timeout.max = 5200ms (custom)
2021-12-02 14:31:30,779 [pool-973-thread-1] INFO  server.RaftServerConfigKeys (ConfUtils.java:logGet(44)) - raft.server.rpc.sleep.time = 25ms (default)
2021-12-02 14:31:30,779 [pool-973-thread-1] INFO  server.RaftServerConfigKeys (ConfUtils.java:logGet(44)) - raft.server.rpc.slowness.timeout = 300000ms (custom)
2021-12-02 14:31:30,779 [pool-973-thread-1] INFO  server.RaftServerConfigKeys (ConfUtils.java:logGet(44)) - raft.server.leaderelection.leader.step-down.wait-time = 10s (default)
2021-12-02 14:31:30,779 [pool-973-thread-1] INFO  server.RaftServerConfigKeys (ConfUtils.java:logGet(44)) - raft.server.sleep.deviation.threshold = 300ms (default)
2021-12-02 14:31:30,779 [pool-973-thread-1] INFO  server.RaftServerConfigKeys (ConfUtils.java:logGet(44)) - raft.server.log.appender.install.snapshot.enabled = false (custom)
2021-12-02 14:31:30,779 [pool-973-thread-1] INFO  server.RaftServer$Division (ServerState.java:<init>(105)) - a7b6a586-909c-47a7-a818-e434e5672216@group-FB5AFE99D0AB: ConfigurationManager, init=-1: [a7b6a586-909c-47a7-a818-e434e5672216|rpc:10.1.0.16:38677|priority:1], old=null, confs=<EMPTY_MAP>
2021-12-02 14:31:30,779 [pool-973-thread-1] INFO  server.RaftServerConfigKeys (ConfUtils.java:logGet(44)) - raft.server.storage.dir = [/home/runner/work/ozone/ozone/hadoop-ozone/integration-test/target/test-dir/MiniOzoneClusterImpl-fd94144e-5974-489a-b79f-b066564ba6f5/datanode-1/data/ratis] (custom)
2021-12-02 14:31:30,779 [pool-973-thread-1] INFO  server.RaftServerConfigKeys (ConfUtils.java:logGet(44)) - raft.server.log.corruption.policy = EXCEPTION (default)
2021-12-02 14:31:30,779 [pool-973-thread-1] INFO  server.RaftServerConfigKeys (ConfUtils.java:logGet(44)) - raft.server.storage.free-space.min = 0MB (=0) (default)
2021-12-02 14:31:30,779 [pool-973-thread-1] INFO  storage.RaftStorageDirectory (RaftStorageDirectoryImpl.java:analyzeStorage(135)) - The storage directory /home/runner/work/ozone/ozone/hadoop-ozone/integration-test/target/test-dir/MiniOzoneClusterImpl-fd94144e-5974-489a-b79f-b066564ba6f5/datanode-1/data/ratis/c0c5fcd2-e210-4ac4-97db-fb5afe99d0ab does not exist. Creating ...
2021-12-02 14:31:30,784 [pool-973-thread-1] INFO  storage.RaftStorageDirectory (RaftStorageDirectoryImpl.java:tryLock(230)) - Lock on /home/runner/work/ozone/ozone/hadoop-ozone/integration-test/target/test-dir/MiniOzoneClusterImpl-fd94144e-5974-489a-b79f-b066564ba6f5/datanode-1/data/ratis/c0c5fcd2-e210-4ac4-97db-fb5afe99d0ab/in_use.lock acquired by nodename 19423@fv-az59-375
2021-12-02 14:31:30,803 [pool-973-thread-1] INFO  storage.RaftStorage (RaftStorageImpl.java:format(89)) - Storage directory /home/runner/work/ozone/ozone/hadoop-ozone/integration-test/target/test-dir/MiniOzoneClusterImpl-fd94144e-5974-489a-b79f-b066564ba6f5/datanode-1/data/ratis/c0c5fcd2-e210-4ac4-97db-fb5afe99d0ab has been successfully formatted.
2021-12-02 14:31:30,804 [pool-973-thread-1] INFO  ratis.ContainerStateMachine (ContainerStateMachine.java:loadSnapshot(224)) - group-FB5AFE99D0AB: The snapshot info is null. Setting the last applied indexto:(t:0, i:~)
2021-12-02 14:31:30,804 [pool-973-thread-1] INFO  server.RaftServerConfigKeys (ConfUtils.java:logGet(44)) - raft.server.notification.no-leader.timeout = 300000ms (custom)
2021-12-02 14:31:30,804 [pool-973-thread-1] INFO  server.RaftServerConfigKeys (ConfUtils.java:logGet(44)) - raft.server.log.use.memory = false (default)
2021-12-02 14:31:30,804 [pool-973-thread-1] INFO  server.RaftServerConfigKeys (ConfUtils.java:logGet(44)) - raft.server.log.purge.gap = 1000000 (custom)
2021-12-02 14:31:30,804 [pool-973-thread-1] INFO  server.RaftServerConfigKeys (ConfUtils.java:logGet(44)) - raft.server.log.appender.buffer.byte-limit = 33554432 (custom)
2021-12-02 14:31:30,804 [pool-973-thread-1] INFO  server.RaftServerConfigKeys (ConfUtils.java:logGet(44)) - raft.server.log.segment.size.max = 1048576 (custom)
2021-12-02 14:31:30,805 [pool-973-thread-1] INFO  server.RaftServerConfigKeys (ConfUtils.java:logGet(44)) - raft.server.log.segment.cache.num.max = 2 (custom)
2021-12-02 14:31:30,805 [pool-973-thread-1] INFO  server.RaftServerConfigKeys (ConfUtils.java:logGet(44)) - raft.server.log.segment.cache.size.max = 200MB (=209715200) (default)
2021-12-02 14:31:30,805 [pool-973-thread-1] INFO  segmented.SegmentedRaftLogWorker (SegmentedRaftLogWorker.java:<init>(182)) - new a7b6a586-909c-47a7-a818-e434e5672216@group-FB5AFE99D0AB-SegmentedRaftLogWorker for RaftStorageImpl:Storage Directory /home/runner/work/ozone/ozone/hadoop-ozone/integration-test/target/test-dir/MiniOzoneClusterImpl-fd94144e-5974-489a-b79f-b066564ba6f5/datanode-1/data/ratis/c0c5fcd2-e210-4ac4-97db-fb5afe99d0ab
2021-12-02 14:31:30,805 [pool-973-thread-1] INFO  server.RaftServerConfigKeys (ConfUtils.java:logGet(44)) - raft.server.log.queue.byte-limit = 2147483647 (custom)
2021-12-02 14:31:30,805 [pool-973-thread-1] INFO  server.RaftServerConfigKeys (ConfUtils.java:logGet(44)) - raft.server.log.queue.element-limit = 1024 (custom)
2021-12-02 14:31:30,805 [pool-973-thread-1] INFO  server.RaftServerConfigKeys (ConfUtils.java:logGet(44)) - raft.server.log.segment.size.max = 1048576 (custom)
2021-12-02 14:31:30,805 [pool-973-thread-1] INFO  server.RaftServerConfigKeys (ConfUtils.java:logGet(44)) - raft.server.log.preallocated.size = 16384 (custom)
2021-12-02 14:31:30,805 [pool-973-thread-1] INFO  server.RaftServerConfigKeys (ConfUtils.java:logGet(44)) - raft.server.log.force.sync.num = 128 (default)
2021-12-02 14:31:30,805 [pool-973-thread-1] INFO  server.RaftServerConfigKeys (ConfUtils.java:logGet(44)) - raft.server.log.statemachine.data.sync = true (default)
2021-12-02 14:31:30,805 [pool-973-thread-1] INFO  server.RaftServerConfigKeys (ConfUtils.java:logGet(44)) - raft.server.log.statemachine.data.sync.timeout = 10s (default)
2021-12-02 14:31:30,805 [pool-973-thread-1] INFO  server.RaftServerConfigKeys (ConfUtils.java:logGet(44)) - raft.server.log.statemachine.data.sync.timeout.retry = -1 (default)
2021-12-02 14:31:30,807 [pool-973-thread-1] INFO  server.RaftServerConfigKeys (ConfUtils.java:logGet(44)) - raft.server.log.write.buffer.size = 1048576 (custom)
2021-12-02 14:31:30,808 [pool-973-thread-1] INFO  server.RaftServerConfigKeys (ConfUtils.java:logGet(44)) - raft.server.log.statemachine.data.caching.enabled = true (custom)
2021-12-02 14:31:30,808 [pool-973-thread-1] INFO  segmented.SegmentedRaftLogWorker (SegmentedRaftLogWorker.java:lambda$new$0(133)) - a7b6a586-909c-47a7-a818-e434e5672216@group-FB5AFE99D0AB-SegmentedRaftLogWorker: flushIndex: setUnconditionally 0 -> -1
2021-12-02 14:31:30,808 [pool-973-thread-1] INFO  segmented.SegmentedRaftLogWorker (SegmentedRaftLogWorker.java:lambda$new$0(133)) - a7b6a586-909c-47a7-a818-e434e5672216@group-FB5AFE99D0AB-SegmentedRaftLogWorker: safeCacheEvictIndex: setUnconditionally 0 -> -1
2021-12-02 14:31:30,808 [pool-973-thread-1] INFO  server.RaftServerConfigKeys (ConfUtils.java:logGet(44)) - raft.server.snapshot.auto.trigger.enabled = true (custom)
2021-12-02 14:31:30,808 [pool-973-thread-1] INFO  server.RaftServerConfigKeys (ConfUtils.java:logGet(44)) - raft.server.snapshot.auto.trigger.threshold = 10000 (custom)
2021-12-02 14:31:30,808 [pool-973-thread-1] INFO  server.RaftServerConfigKeys (ConfUtils.java:logGet(44)) - raft.server.snapshot.retention.file.num = 5 (custom)
2021-12-02 14:31:30,808 [pool-973-thread-1] INFO  server.RaftServerConfigKeys (ConfUtils.java:logGet(44)) - raft.server.log.purge.upto.snapshot.index = false (default)
2021-12-02 14:31:30,808 [pool-973-thread-1] INFO  server.RaftServerConfigKeys (ConfUtils.java:logGet(44)) - raft.server.retrycache.expirytime = 600000ms (custom)
2021-12-02 14:31:30,808 [pool-973-thread-1] INFO  server.RaftServerConfigKeys (ConfUtils.java:logGet(44)) - raft.server.retrycache.statistics.expirytime = 100μs (default)
2021-12-02 14:31:30,811 [pool-973-thread-1] INFO  server.RaftServer$Division (RaftServerImpl.java:start(301)) - a7b6a586-909c-47a7-a818-e434e5672216@group-FB5AFE99D0AB: start as a follower, conf=-1: [a7b6a586-909c-47a7-a818-e434e5672216|rpc:10.1.0.16:38677|priority:1], old=null
2021-12-02 14:31:30,811 [pool-973-thread-1] INFO  server.RaftServer$Division (RaftServerImpl.java:setRole(290)) - a7b6a586-909c-47a7-a818-e434e5672216@group-FB5AFE99D0AB: changes role from      null to FOLLOWER at term 0 for startAsFollower
2021-12-02 14:31:30,811 [pool-973-thread-1] INFO  impl.RoleInfo (RoleInfo.java:updateAndGet(130)) - a7b6a586-909c-47a7-a818-e434e5672216: start a7b6a586-909c-47a7-a818-e434e5672216@group-FB5AFE99D0AB-FollowerState
2021-12-02 14:31:30,811 [pool-973-thread-1] INFO  util.JmxRegister (JmxRegister.java:tryRegister(44)) - Successfully registered JMX Bean with object name Ratis:service=RaftServer,group=group-FB5AFE99D0AB,id=a7b6a586-909c-47a7-a818-e434e5672216
2021-12-02 14:31:30,812 [Command processor thread] INFO  ratis.XceiverServerRatis (XceiverServerRatis.java:addGroup(768)) - Created group PipelineID=c0c5fcd2-e210-4ac4-97db-fb5afe99d0ab
2021-12-02 14:31:30,812 [Command processor thread] INFO  commandhandler.CreatePipelineCommandHandler (CreatePipelineCommandHandler.java:handle(106)) - Created Pipeline RATIS ONE PipelineID=c0c5fcd2-e210-4ac4-97db-fb5afe99d0ab.
2021-12-02 14:31:30,815 [EventQueue-PipelineReportForPipelineReportHandler] INFO  pipeline.PipelineManagerImpl (PipelineManagerImpl.java:openPipeline(289)) - Pipeline Pipeline[ Id: c0c5fcd2-e210-4ac4-97db-fb5afe99d0ab, Nodes: a7b6a586-909c-47a7-a818-e434e5672216{ip: 10.1.0.16, host: fv-az59-375.csjynl4pkq3e1pkirw3ssqjfoh.cx.internal.cloudapp.net, ports: [REPLICATION=41303, RATIS=38677, RATIS_ADMIN=38677, RATIS_SERVER=38677, STANDALONE=45225], networkLocation: /default-rack, certSerialId: null, persistedOpState: IN_SERVICE, persistedOpStateExpiryEpochSec: 0}, ReplicationConfig: RATIS/ONE, State:ALLOCATED, leaderId:a7b6a586-909c-47a7-a818-e434e5672216, CreationTimestamp2021-12-02T14:31:27.779Z[Etc/UTC]] moved to OPEN state
2021-12-02 14:31:30,816 [EventQueue-OpenPipelineForHealthyPipelineSafeModeRule] INFO  safemode.SCMSafeModeManager (HealthyPipelineSafeModeRule.java:process(124)) - SCM in safe mode. Healthy pipelines reported count is 0, required healthy pipeline reported count is 1
2021-12-02 14:31:31,256 [Command processor thread] INFO  server.RaftServer (RaftServerProxy.java:addNew(95)) - 8698f9c0-0d63-4edb-bf8f-bb1ca05694ae: addNew group-AF37F28D5C2B:[8698f9c0-0d63-4edb-bf8f-bb1ca05694ae|rpc:10.1.0.16:46057|priority:1] returns group-AF37F28D5C2B:java.util.concurrent.CompletableFuture@5bb5707c[Not completed]
2021-12-02 14:31:31,256 [pool-992-thread-1] INFO  server.RaftServer$Division (RaftServerImpl.java:<init>(184)) - 8698f9c0-0d63-4edb-bf8f-bb1ca05694ae: new RaftServerImpl for group-AF37F28D5C2B:[8698f9c0-0d63-4edb-bf8f-bb1ca05694ae|rpc:10.1.0.16:46057|priority:1] with ContainerStateMachine:uninitialized
2021-12-02 14:31:31,256 [pool-992-thread-1] INFO  server.RaftServerConfigKeys (ConfUtils.java:logGet(44)) - raft.server.rpc.timeout.min = 5s (custom)
2021-12-02 14:31:31,256 [pool-992-thread-1] INFO  server.RaftServerConfigKeys (ConfUtils.java:logGet(44)) - raft.server.rpc.timeout.max = 5200ms (custom)
2021-12-02 14:31:31,256 [pool-992-thread-1] INFO  server.RaftServerConfigKeys (ConfUtils.java:logGet(44)) - raft.server.rpc.sleep.time = 25ms (default)
2021-12-02 14:31:31,256 [pool-992-thread-1] INFO  server.RaftServerConfigKeys (ConfUtils.java:logGet(44)) - raft.server.rpc.slowness.timeout = 300000ms (custom)
2021-12-02 14:31:31,256 [pool-992-thread-1] INFO  server.RaftServerConfigKeys (ConfUtils.java:logGet(44)) - raft.server.leaderelection.leader.step-down.wait-time = 10s (default)
2021-12-02 14:31:31,256 [pool-992-thread-1] INFO  server.RaftServerConfigKeys (ConfUtils.java:logGet(44)) - raft.server.sleep.deviation.threshold = 300ms (default)
2021-12-02 14:31:31,257 [pool-992-thread-1] INFO  server.RaftServerConfigKeys (ConfUtils.java:logGet(44)) - raft.server.log.appender.install.snapshot.enabled = false (custom)
2021-12-02 14:31:31,257 [pool-992-thread-1] INFO  server.RaftServer$Division (ServerState.java:<init>(105)) - 8698f9c0-0d63-4edb-bf8f-bb1ca05694ae@group-AF37F28D5C2B: ConfigurationManager, init=-1: [8698f9c0-0d63-4edb-bf8f-bb1ca05694ae|rpc:10.1.0.16:46057|priority:1], old=null, confs=<EMPTY_MAP>
2021-12-02 14:31:31,257 [pool-992-thread-1] INFO  server.RaftServerConfigKeys (ConfUtils.java:logGet(44)) - raft.server.storage.dir = [/home/runner/work/ozone/ozone/hadoop-ozone/integration-test/target/test-dir/MiniOzoneClusterImpl-fd94144e-5974-489a-b79f-b066564ba6f5/datanode-2/data/ratis] (custom)
2021-12-02 14:31:31,257 [pool-992-thread-1] INFO  server.RaftServerConfigKeys (ConfUtils.java:logGet(44)) - raft.server.log.corruption.policy = EXCEPTION (default)
2021-12-02 14:31:31,257 [pool-992-thread-1] INFO  server.RaftServerConfigKeys (ConfUtils.java:logGet(44)) - raft.server.storage.free-space.min = 0MB (=0) (default)
2021-12-02 14:31:31,257 [pool-992-thread-1] INFO  storage.RaftStorageDirectory (RaftStorageDirectoryImpl.java:analyzeStorage(135)) - The storage directory /home/runner/work/ozone/ozone/hadoop-ozone/integration-test/target/test-dir/MiniOzoneClusterImpl-fd94144e-5974-489a-b79f-b066564ba6f5/datanode-2/data/ratis/ad76ff9c-4ca6-4f86-9f39-af37f28d5c2b does not exist. Creating ...
2021-12-02 14:31:31,260 [pool-992-thread-1] INFO  storage.RaftStorageDirectory (RaftStorageDirectoryImpl.java:tryLock(230)) - Lock on /home/runner/work/ozone/ozone/hadoop-ozone/integration-test/target/test-dir/MiniOzoneClusterImpl-fd94144e-5974-489a-b79f-b066564ba6f5/datanode-2/data/ratis/ad76ff9c-4ca6-4f86-9f39-af37f28d5c2b/in_use.lock acquired by nodename 19423@fv-az59-375
2021-12-02 14:31:31,262 [pool-992-thread-1] INFO  storage.RaftStorage (RaftStorageImpl.java:format(89)) - Storage directory /home/runner/work/ozone/ozone/hadoop-ozone/integration-test/target/test-dir/MiniOzoneClusterImpl-fd94144e-5974-489a-b79f-b066564ba6f5/datanode-2/data/ratis/ad76ff9c-4ca6-4f86-9f39-af37f28d5c2b has been successfully formatted.
2021-12-02 14:31:31,263 [pool-992-thread-1] INFO  ratis.ContainerStateMachine (ContainerStateMachine.java:loadSnapshot(224)) - group-AF37F28D5C2B: The snapshot info is null. Setting the last applied indexto:(t:0, i:~)
2021-12-02 14:31:31,263 [pool-992-thread-1] INFO  server.RaftServerConfigKeys (ConfUtils.java:logGet(44)) - raft.server.notification.no-leader.timeout = 300000ms (custom)
2021-12-02 14:31:31,263 [pool-992-thread-1] INFO  server.RaftServerConfigKeys (ConfUtils.java:logGet(44)) - raft.server.log.use.memory = false (default)
2021-12-02 14:31:31,263 [pool-992-thread-1] INFO  server.RaftServerConfigKeys (ConfUtils.java:logGet(44)) - raft.server.log.purge.gap = 1000000 (custom)
2021-12-02 14:31:31,263 [pool-992-thread-1] INFO  server.RaftServerConfigKeys (ConfUtils.java:logGet(44)) - raft.server.log.appender.buffer.byte-limit = 33554432 (custom)
2021-12-02 14:31:31,264 [pool-992-thread-1] INFO  server.RaftServerConfigKeys (ConfUtils.java:logGet(44)) - raft.server.log.segment.size.max = 1048576 (custom)
2021-12-02 14:31:31,264 [EventQueue-PipelineReportForPipelineReportHandler] INFO  pipeline.PipelineManagerImpl (PipelineManagerImpl.java:openPipeline(289)) - Pipeline Pipeline[ Id: ad76ff9c-4ca6-4f86-9f39-af37f28d5c2b, Nodes: 8698f9c0-0d63-4edb-bf8f-bb1ca05694ae{ip: 10.1.0.16, host: fv-az59-375.csjynl4pkq3e1pkirw3ssqjfoh.cx.internal.cloudapp.net, ports: [REPLICATION=42607, RATIS=46057, RATIS_ADMIN=46057, RATIS_SERVER=46057, STANDALONE=45611], networkLocation: /default-rack, certSerialId: null, persistedOpState: IN_SERVICE, persistedOpStateExpiryEpochSec: 0}, ReplicationConfig: RATIS/ONE, State:ALLOCATED, leaderId:8698f9c0-0d63-4edb-bf8f-bb1ca05694ae, CreationTimestamp2021-12-02T14:31:28.273Z[Etc/UTC]] moved to OPEN state
2021-12-02 14:31:31,264 [pool-992-thread-1] INFO  server.RaftServerConfigKeys (ConfUtils.java:logGet(44)) - raft.server.log.segment.cache.num.max = 2 (custom)
2021-12-02 14:31:31,265 [pool-992-thread-1] INFO  server.RaftServerConfigKeys (ConfUtils.java:logGet(44)) - raft.server.log.segment.cache.size.max = 200MB (=209715200) (default)
2021-12-02 14:31:31,265 [pool-992-thread-1] INFO  segmented.SegmentedRaftLogWorker (SegmentedRaftLogWorker.java:<init>(182)) - new 8698f9c0-0d63-4edb-bf8f-bb1ca05694ae@group-AF37F28D5C2B-SegmentedRaftLogWorker for RaftStorageImpl:Storage Directory /home/runner/work/ozone/ozone/hadoop-ozone/integration-test/target/test-dir/MiniOzoneClusterImpl-fd94144e-5974-489a-b79f-b066564ba6f5/datanode-2/data/ratis/ad76ff9c-4ca6-4f86-9f39-af37f28d5c2b
2021-12-02 14:31:31,265 [pool-992-thread-1] INFO  server.RaftServerConfigKeys (ConfUtils.java:logGet(44)) - raft.server.log.queue.byte-limit = 2147483647 (custom)
2021-12-02 14:31:31,265 [pool-992-thread-1] INFO  server.RaftServerConfigKeys (ConfUtils.java:logGet(44)) - raft.server.log.queue.element-limit = 1024 (custom)
2021-12-02 14:31:31,265 [pool-992-thread-1] INFO  server.RaftServerConfigKeys (ConfUtils.java:logGet(44)) - raft.server.log.segment.size.max = 1048576 (custom)
2021-12-02 14:31:31,265 [pool-992-thread-1] INFO  server.RaftServerConfigKeys (ConfUtils.java:logGet(44)) - raft.server.log.preallocated.size = 16384 (custom)
2021-12-02 14:31:31,265 [EventQueue-OpenPipelineForHealthyPipelineSafeModeRule] INFO  safemode.SCMSafeModeManager (HealthyPipelineSafeModeRule.java:process(124)) - SCM in safe mode. Healthy pipelines reported count is 0, required healthy pipeline reported count is 1
2021-12-02 14:31:31,265 [pool-992-thread-1] INFO  server.RaftServerConfigKeys (ConfUtils.java:logGet(44)) - raft.server.log.force.sync.num = 128 (default)
2021-12-02 14:31:31,265 [pool-992-thread-1] INFO  server.RaftServerConfigKeys (ConfUtils.java:logGet(44)) - raft.server.log.statemachine.data.sync = true (default)
2021-12-02 14:31:31,265 [pool-992-thread-1] INFO  server.RaftServerConfigKeys (ConfUtils.java:logGet(44)) - raft.server.log.statemachine.data.sync.timeout = 10s (default)
2021-12-02 14:31:31,265 [pool-992-thread-1] INFO  server.RaftServerConfigKeys (ConfUtils.java:logGet(44)) - raft.server.log.statemachine.data.sync.timeout.retry = -1 (default)
2021-12-02 14:31:31,267 [pool-992-thread-1] INFO  server.RaftServerConfigKeys (ConfUtils.java:logGet(44)) - raft.server.log.write.buffer.size = 1048576 (custom)
2021-12-02 14:31:31,268 [pool-992-thread-1] INFO  server.RaftServerConfigKeys (ConfUtils.java:logGet(44)) - raft.server.log.statemachine.data.caching.enabled = true (custom)
2021-12-02 14:31:31,268 [pool-992-thread-1] INFO  segmented.SegmentedRaftLogWorker (SegmentedRaftLogWorker.java:lambda$new$0(133)) - 8698f9c0-0d63-4edb-bf8f-bb1ca05694ae@group-AF37F28D5C2B-SegmentedRaftLogWorker: flushIndex: setUnconditionally 0 -> -1
2021-12-02 14:31:31,268 [pool-992-thread-1] INFO  segmented.SegmentedRaftLogWorker (SegmentedRaftLogWorker.java:lambda$new$0(133)) - 8698f9c0-0d63-4edb-bf8f-bb1ca05694ae@group-AF37F28D5C2B-SegmentedRaftLogWorker: safeCacheEvictIndex: setUnconditionally 0 -> -1
2021-12-02 14:31:31,269 [pool-992-thread-1] INFO  server.RaftServerConfigKeys (ConfUtils.java:logGet(44)) - raft.server.snapshot.auto.trigger.enabled = true (custom)
2021-12-02 14:31:31,269 [pool-992-thread-1] INFO  server.RaftServerConfigKeys (ConfUtils.java:logGet(44)) - raft.server.snapshot.auto.trigger.threshold = 10000 (custom)
2021-12-02 14:31:31,269 [pool-992-thread-1] INFO  server.RaftServerConfigKeys (ConfUtils.java:logGet(44)) - raft.server.snapshot.retention.file.num = 5 (custom)
2021-12-02 14:31:31,269 [pool-992-thread-1] INFO  server.RaftServerConfigKeys (ConfUtils.java:logGet(44)) - raft.server.log.purge.upto.snapshot.index = false (default)
2021-12-02 14:31:31,269 [pool-992-thread-1] INFO  server.RaftServerConfigKeys (ConfUtils.java:logGet(44)) - raft.server.retrycache.expirytime = 600000ms (custom)
2021-12-02 14:31:31,269 [pool-992-thread-1] INFO  server.RaftServerConfigKeys (ConfUtils.java:logGet(44)) - raft.server.retrycache.statistics.expirytime = 100μs (default)
2021-12-02 14:31:31,271 [pool-992-thread-1] INFO  server.RaftServer$Division (RaftServerImpl.java:start(301)) - 8698f9c0-0d63-4edb-bf8f-bb1ca05694ae@group-AF37F28D5C2B: start as a follower, conf=-1: [8698f9c0-0d63-4edb-bf8f-bb1ca05694ae|rpc:10.1.0.16:46057|priority:1], old=null
2021-12-02 14:31:31,271 [pool-992-thread-1] INFO  server.RaftServer$Division (RaftServerImpl.java:setRole(290)) - 8698f9c0-0d63-4edb-bf8f-bb1ca05694ae@group-AF37F28D5C2B: changes role from      null to FOLLOWER at term 0 for startAsFollower
2021-12-02 14:31:31,271 [pool-992-thread-1] INFO  impl.RoleInfo (RoleInfo.java:updateAndGet(130)) - 8698f9c0-0d63-4edb-bf8f-bb1ca05694ae: start 8698f9c0-0d63-4edb-bf8f-bb1ca05694ae@group-AF37F28D5C2B-FollowerState
2021-12-02 14:31:31,271 [pool-992-thread-1] INFO  util.JmxRegister (JmxRegister.java:tryRegister(44)) - Successfully registered JMX Bean with object name Ratis:service=RaftServer,group=group-AF37F28D5C2B,id=8698f9c0-0d63-4edb-bf8f-bb1ca05694ae
2021-12-02 14:31:31,272 [Command processor thread] INFO  ratis.XceiverServerRatis (XceiverServerRatis.java:addGroup(768)) - Created group PipelineID=ad76ff9c-4ca6-4f86-9f39-af37f28d5c2b
2021-12-02 14:31:31,272 [Command processor thread] INFO  commandhandler.CreatePipelineCommandHandler (CreatePipelineCommandHandler.java:handle(106)) - Created Pipeline RATIS ONE PipelineID=ad76ff9c-4ca6-4f86-9f39-af37f28d5c2b.
2021-12-02 14:31:31,643 [Command processor thread] INFO  server.RaftServer (RaftServerProxy.java:addNew(95)) - ecb5ef9a-e3c1-46e1-bc6e-74dcb14bbdd1: addNew group-A6321D7C8B44:[ecb5ef9a-e3c1-46e1-bc6e-74dcb14bbdd1|rpc:10.1.0.16:41883|priority:1] returns group-A6321D7C8B44:java.util.concurrent.CompletableFuture@ac37917[Not completed]
2021-12-02 14:31:31,647 [pool-1011-thread-1] INFO  server.RaftServer$Division (RaftServerImpl.java:<init>(184)) - ecb5ef9a-e3c1-46e1-bc6e-74dcb14bbdd1: new RaftServerImpl for group-A6321D7C8B44:[ecb5ef9a-e3c1-46e1-bc6e-74dcb14bbdd1|rpc:10.1.0.16:41883|priority:1] with ContainerStateMachine:uninitialized
2021-12-02 14:31:31,648 [pool-1011-thread-1] INFO  server.RaftServerConfigKeys (ConfUtils.java:logGet(44)) - raft.server.rpc.timeout.min = 5s (custom)
2021-12-02 14:31:31,648 [pool-1011-thread-1] INFO  server.RaftServerConfigKeys (ConfUtils.java:logGet(44)) - raft.server.rpc.timeout.max = 5200ms (custom)
2021-12-02 14:31:31,648 [pool-1011-thread-1] INFO  server.RaftServerConfigKeys (ConfUtils.java:logGet(44)) - raft.server.rpc.sleep.time = 25ms (default)
2021-12-02 14:31:31,648 [pool-1011-thread-1] INFO  server.RaftServerConfigKeys (ConfUtils.java:logGet(44)) - raft.server.rpc.slowness.timeout = 300000ms (custom)
2021-12-02 14:31:31,648 [pool-1011-thread-1] INFO  server.RaftServerConfigKeys (ConfUtils.java:logGet(44)) - raft.server.leaderelection.leader.step-down.wait-time = 10s (default)
2021-12-02 14:31:31,648 [pool-1011-thread-1] INFO  server.RaftServerConfigKeys (ConfUtils.java:logGet(44)) - raft.server.sleep.deviation.threshold = 300ms (default)
2021-12-02 14:31:31,648 [pool-1011-thread-1] INFO  server.RaftServerConfigKeys (ConfUtils.java:logGet(44)) - raft.server.log.appender.install.snapshot.enabled = false (custom)
2021-12-02 14:31:31,648 [pool-1011-thread-1] INFO  server.RaftServer$Division (ServerState.java:<init>(105)) - ecb5ef9a-e3c1-46e1-bc6e-74dcb14bbdd1@group-A6321D7C8B44: ConfigurationManager, init=-1: [ecb5ef9a-e3c1-46e1-bc6e-74dcb14bbdd1|rpc:10.1.0.16:41883|priority:1], old=null, confs=<EMPTY_MAP>
2021-12-02 14:31:31,648 [pool-1011-thread-1] INFO  server.RaftServerConfigKeys (ConfUtils.java:logGet(44)) - raft.server.storage.dir = [/home/runner/work/ozone/ozone/hadoop-ozone/integration-test/target/test-dir/MiniOzoneClusterImpl-fd94144e-5974-489a-b79f-b066564ba6f5/datanode-3/data/ratis] (custom)
2021-12-02 14:31:31,648 [pool-1011-thread-1] INFO  server.RaftServerConfigKeys (ConfUtils.java:logGet(44)) - raft.server.log.corruption.policy = EXCEPTION (default)
2021-12-02 14:31:31,649 [pool-1011-thread-1] INFO  server.RaftServerConfigKeys (ConfUtils.java:logGet(44)) - raft.server.storage.free-space.min = 0MB (=0) (default)
2021-12-02 14:31:31,649 [pool-1011-thread-1] INFO  storage.RaftStorageDirectory (RaftStorageDirectoryImpl.java:analyzeStorage(135)) - The storage directory /home/runner/work/ozone/ozone/hadoop-ozone/integration-test/target/test-dir/MiniOzoneClusterImpl-fd94144e-5974-489a-b79f-b066564ba6f5/datanode-3/data/ratis/d25f02da-a277-4466-a3ea-a6321d7c8b44 does not exist. Creating ...
2021-12-02 14:31:31,660 [pool-1011-thread-1] INFO  storage.RaftStorageDirectory (RaftStorageDirectoryImpl.java:tryLock(230)) - Lock on /home/runner/work/ozone/ozone/hadoop-ozone/integration-test/target/test-dir/MiniOzoneClusterImpl-fd94144e-5974-489a-b79f-b066564ba6f5/datanode-3/data/ratis/d25f02da-a277-4466-a3ea-a6321d7c8b44/in_use.lock acquired by nodename 19423@fv-az59-375
2021-12-02 14:31:31,661 [pool-1011-thread-1] INFO  storage.RaftStorage (RaftStorageImpl.java:format(89)) - Storage directory /home/runner/work/ozone/ozone/hadoop-ozone/integration-test/target/test-dir/MiniOzoneClusterImpl-fd94144e-5974-489a-b79f-b066564ba6f5/datanode-3/data/ratis/d25f02da-a277-4466-a3ea-a6321d7c8b44 has been successfully formatted.
2021-12-02 14:31:31,691 [pool-1011-thread-1] INFO  ratis.ContainerStateMachine (ContainerStateMachine.java:loadSnapshot(224)) - group-A6321D7C8B44: The snapshot info is null. Setting the last applied indexto:(t:0, i:~)
2021-12-02 14:31:31,692 [pool-1011-thread-1] INFO  server.RaftServerConfigKeys (ConfUtils.java:logGet(44)) - raft.server.notification.no-leader.timeout = 300000ms (custom)
2021-12-02 14:31:31,692 [pool-1011-thread-1] INFO  server.RaftServerConfigKeys (ConfUtils.java:logGet(44)) - raft.server.log.use.memory = false (default)
2021-12-02 14:31:31,692 [pool-1011-thread-1] INFO  server.RaftServerConfigKeys (ConfUtils.java:logGet(44)) - raft.server.log.purge.gap = 1000000 (custom)
2021-12-02 14:31:31,692 [pool-1011-thread-1] INFO  server.RaftServerConfigKeys (ConfUtils.java:logGet(44)) - raft.server.log.appender.buffer.byte-limit = 33554432 (custom)
2021-12-02 14:31:31,692 [pool-1011-thread-1] INFO  server.RaftServerConfigKeys (ConfUtils.java:logGet(44)) - raft.server.log.segment.size.max = 1048576 (custom)
2021-12-02 14:31:31,693 [pool-1011-thread-1] INFO  server.RaftServerConfigKeys (ConfUtils.java:logGet(44)) - raft.server.log.segment.cache.num.max = 2 (custom)
2021-12-02 14:31:31,693 [pool-1011-thread-1] INFO  server.RaftServerConfigKeys (ConfUtils.java:logGet(44)) - raft.server.log.segment.cache.size.max = 200MB (=209715200) (default)
2021-12-02 14:31:31,693 [pool-1011-thread-1] INFO  segmented.SegmentedRaftLogWorker (SegmentedRaftLogWorker.java:<init>(182)) - new ecb5ef9a-e3c1-46e1-bc6e-74dcb14bbdd1@group-A6321D7C8B44-SegmentedRaftLogWorker for RaftStorageImpl:Storage Directory /home/runner/work/ozone/ozone/hadoop-ozone/integration-test/target/test-dir/MiniOzoneClusterImpl-fd94144e-5974-489a-b79f-b066564ba6f5/datanode-3/data/ratis/d25f02da-a277-4466-a3ea-a6321d7c8b44
2021-12-02 14:31:31,693 [pool-1011-thread-1] INFO  server.RaftServerConfigKeys (ConfUtils.java:logGet(44)) - raft.server.log.queue.byte-limit = 2147483647 (custom)
2021-12-02 14:31:31,693 [pool-1011-thread-1] INFO  server.RaftServerConfigKeys (ConfUtils.java:logGet(44)) - raft.server.log.queue.element-limit = 1024 (custom)
2021-12-02 14:31:31,693 [pool-1011-thread-1] INFO  server.RaftServerConfigKeys (ConfUtils.java:logGet(44)) - raft.server.log.segment.size.max = 1048576 (custom)
2021-12-02 14:31:31,693 [pool-1011-thread-1] INFO  server.RaftServerConfigKeys (ConfUtils.java:logGet(44)) - raft.server.log.preallocated.size = 16384 (custom)
2021-12-02 14:31:31,693 [pool-1011-thread-1] INFO  server.RaftServerConfigKeys (ConfUtils.java:logGet(44)) - raft.server.log.force.sync.num = 128 (default)
2021-12-02 14:31:31,693 [pool-1011-thread-1] INFO  server.RaftServerConfigKeys (ConfUtils.java:logGet(44)) - raft.server.log.statemachine.data.sync = true (default)
2021-12-02 14:31:31,693 [pool-1011-thread-1] INFO  server.RaftServerConfigKeys (ConfUtils.java:logGet(44)) - raft.server.log.statemachine.data.sync.timeout = 10s (default)
2021-12-02 14:31:31,693 [pool-1011-thread-1] INFO  server.RaftServerConfigKeys (ConfUtils.java:logGet(44)) - raft.server.log.statemachine.data.sync.timeout.retry = -1 (default)
2021-12-02 14:31:31,695 [EventQueue-PipelineReportForPipelineReportHandler] INFO  pipeline.PipelineManagerImpl (PipelineManagerImpl.java:openPipeline(289)) - Pipeline Pipeline[ Id: d25f02da-a277-4466-a3ea-a6321d7c8b44, Nodes: ecb5ef9a-e3c1-46e1-bc6e-74dcb14bbdd1{ip: 10.1.0.16, host: fv-az59-375.csjynl4pkq3e1pkirw3ssqjfoh.cx.internal.cloudapp.net, ports: [REPLICATION=40215, RATIS=41883, RATIS_ADMIN=41883, RATIS_SERVER=41883, STANDALONE=34895], networkLocation: /default-rack, certSerialId: null, persistedOpState: IN_SERVICE, persistedOpStateExpiryEpochSec: 0}, ReplicationConfig: RATIS/ONE, State:ALLOCATED, leaderId:ecb5ef9a-e3c1-46e1-bc6e-74dcb14bbdd1, CreationTimestamp2021-12-02T14:31:28.629Z[Etc/UTC]] moved to OPEN state
2021-12-02 14:31:31,695 [EventQueue-OpenPipelineForHealthyPipelineSafeModeRule] INFO  safemode.SCMSafeModeManager (HealthyPipelineSafeModeRule.java:process(124)) - SCM in safe mode. Healthy pipelines reported count is 0, required healthy pipeline reported count is 1
2021-12-02 14:31:31,702 [pool-1011-thread-1] INFO  server.RaftServerConfigKeys (ConfUtils.java:logGet(44)) - raft.server.log.write.buffer.size = 1048576 (custom)
2021-12-02 14:31:31,702 [pool-1011-thread-1] INFO  server.RaftServerConfigKeys (ConfUtils.java:logGet(44)) - raft.server.log.statemachine.data.caching.enabled = true (custom)
2021-12-02 14:31:31,703 [pool-1011-thread-1] INFO  segmented.SegmentedRaftLogWorker (SegmentedRaftLogWorker.java:lambda$new$0(133)) - ecb5ef9a-e3c1-46e1-bc6e-74dcb14bbdd1@group-A6321D7C8B44-SegmentedRaftLogWorker: flushIndex: setUnconditionally 0 -> -1
2021-12-02 14:31:31,703 [pool-1011-thread-1] INFO  segmented.SegmentedRaftLogWorker (SegmentedRaftLogWorker.java:lambda$new$0(133)) - ecb5ef9a-e3c1-46e1-bc6e-74dcb14bbdd1@group-A6321D7C8B44-SegmentedRaftLogWorker: safeCacheEvictIndex: setUnconditionally 0 -> -1
2021-12-02 14:31:31,708 [pool-1011-thread-1] INFO  server.RaftServerConfigKeys (ConfUtils.java:logGet(44)) - raft.server.snapshot.auto.trigger.enabled = true (custom)
2021-12-02 14:31:31,708 [pool-1011-thread-1] INFO  server.RaftServerConfigKeys (ConfUtils.java:logGet(44)) - raft.server.snapshot.auto.trigger.threshold = 10000 (custom)
2021-12-02 14:31:31,708 [pool-1011-thread-1] INFO  server.RaftServerConfigKeys (ConfUtils.java:logGet(44)) - raft.server.snapshot.retention.file.num = 5 (custom)
2021-12-02 14:31:31,708 [pool-1011-thread-1] INFO  server.RaftServerConfigKeys (ConfUtils.java:logGet(44)) - raft.server.log.purge.upto.snapshot.index = false (default)
2021-12-02 14:31:31,708 [pool-1011-thread-1] INFO  server.RaftServerConfigKeys (ConfUtils.java:logGet(44)) - raft.server.retrycache.expirytime = 600000ms (custom)
2021-12-02 14:31:31,708 [pool-1011-thread-1] INFO  server.RaftServerConfigKeys (ConfUtils.java:logGet(44)) - raft.server.retrycache.statistics.expirytime = 100μs (default)
2021-12-02 14:31:31,714 [pool-1011-thread-1] INFO  server.RaftServer$Division (RaftServerImpl.java:start(301)) - ecb5ef9a-e3c1-46e1-bc6e-74dcb14bbdd1@group-A6321D7C8B44: start as a follower, conf=-1: [ecb5ef9a-e3c1-46e1-bc6e-74dcb14bbdd1|rpc:10.1.0.16:41883|priority:1], old=null
2021-12-02 14:31:31,715 [pool-1011-thread-1] INFO  server.RaftServer$Division (RaftServerImpl.java:setRole(290)) - ecb5ef9a-e3c1-46e1-bc6e-74dcb14bbdd1@group-A6321D7C8B44: changes role from      null to FOLLOWER at term 0 for startAsFollower
2021-12-02 14:31:31,715 [pool-1011-thread-1] INFO  impl.RoleInfo (RoleInfo.java:updateAndGet(130)) - ecb5ef9a-e3c1-46e1-bc6e-74dcb14bbdd1: start ecb5ef9a-e3c1-46e1-bc6e-74dcb14bbdd1@group-A6321D7C8B44-FollowerState
2021-12-02 14:31:31,721 [pool-1011-thread-1] INFO  util.JmxRegister (JmxRegister.java:tryRegister(44)) - Successfully registered JMX Bean with object name Ratis:service=RaftServer,group=group-A6321D7C8B44,id=ecb5ef9a-e3c1-46e1-bc6e-74dcb14bbdd1
2021-12-02 14:31:31,722 [Command processor thread] INFO  ratis.XceiverServerRatis (XceiverServerRatis.java:addGroup(768)) - Created group PipelineID=d25f02da-a277-4466-a3ea-a6321d7c8b44
2021-12-02 14:31:31,722 [Command processor thread] INFO  commandhandler.CreatePipelineCommandHandler (CreatePipelineCommandHandler.java:handle(106)) - Created Pipeline RATIS ONE PipelineID=d25f02da-a277-4466-a3ea-a6321d7c8b44.
2021-12-02 14:31:31,723 [Command processor thread] INFO  server.RaftServer (RaftServerProxy.java:addNew(95)) - ecb5ef9a-e3c1-46e1-bc6e-74dcb14bbdd1: addNew group-796B449FAA69:[ecb5ef9a-e3c1-46e1-bc6e-74dcb14bbdd1|rpc:10.1.0.16:41883|priority:1, 378d0879-743d-4e9f-84ed-de5a08f6d2b8|rpc:10.1.0.16:33383|priority:0, 880aaef5-a54e-4898-af17-abc2dce457d4|rpc:10.1.0.16:38967|priority:0] returns group-796B449FAA69:java.util.concurrent.CompletableFuture@efcec97[Not completed]
2021-12-02 14:31:31,723 [pool-1011-thread-1] INFO  server.RaftServer$Division (RaftServerImpl.java:<init>(184)) - ecb5ef9a-e3c1-46e1-bc6e-74dcb14bbdd1: new RaftServerImpl for group-796B449FAA69:[ecb5ef9a-e3c1-46e1-bc6e-74dcb14bbdd1|rpc:10.1.0.16:41883|priority:1, 378d0879-743d-4e9f-84ed-de5a08f6d2b8|rpc:10.1.0.16:33383|priority:0, 880aaef5-a54e-4898-af17-abc2dce457d4|rpc:10.1.0.16:38967|priority:0] with ContainerStateMachine:uninitialized
2021-12-02 14:31:31,723 [pool-1011-thread-1] INFO  server.RaftServerConfigKeys (ConfUtils.java:logGet(44)) - raft.server.rpc.timeout.min = 5s (custom)
2021-12-02 14:31:31,724 [pool-1011-thread-1] INFO  server.RaftServerConfigKeys (ConfUtils.java:logGet(44)) - raft.server.rpc.timeout.max = 5200ms (custom)
2021-12-02 14:31:31,724 [pool-1011-thread-1] INFO  server.RaftServerConfigKeys (ConfUtils.java:logGet(44)) - raft.server.rpc.sleep.time = 25ms (default)
2021-12-02 14:31:31,724 [pool-1011-thread-1] INFO  server.RaftServerConfigKeys (ConfUtils.java:logGet(44)) - raft.server.rpc.slowness.timeout = 300000ms (custom)
2021-12-02 14:31:31,724 [pool-1011-thread-1] INFO  server.RaftServerConfigKeys (ConfUtils.java:logGet(44)) - raft.server.leaderelection.leader.step-down.wait-time = 10s (default)
2021-12-02 14:31:31,724 [pool-1011-thread-1] INFO  server.RaftServerConfigKeys (ConfUtils.java:logGet(44)) - raft.server.sleep.deviation.threshold = 300ms (default)
2021-12-02 14:31:31,724 [pool-1011-thread-1] INFO  server.RaftServerConfigKeys (ConfUtils.java:logGet(44)) - raft.server.log.appender.install.snapshot.enabled = false (custom)
2021-12-02 14:31:31,724 [pool-1011-thread-1] INFO  server.RaftServer$Division (ServerState.java:<init>(105)) - ecb5ef9a-e3c1-46e1-bc6e-74dcb14bbdd1@group-796B449FAA69: ConfigurationManager, init=-1: [ecb5ef9a-e3c1-46e1-bc6e-74dcb14bbdd1|rpc:10.1.0.16:41883|priority:1, 378d0879-743d-4e9f-84ed-de5a08f6d2b8|rpc:10.1.0.16:33383|priority:0, 880aaef5-a54e-4898-af17-abc2dce457d4|rpc:10.1.0.16:38967|priority:0], old=null, confs=<EMPTY_MAP>
2021-12-02 14:31:31,724 [pool-1011-thread-1] INFO  server.RaftServerConfigKeys (ConfUtils.java:logGet(44)) - raft.server.storage.dir = [/home/runner/work/ozone/ozone/hadoop-ozone/integration-test/target/test-dir/MiniOzoneClusterImpl-fd94144e-5974-489a-b79f-b066564ba6f5/datanode-3/data/ratis] (custom)
2021-12-02 14:31:31,724 [pool-1011-thread-1] INFO  server.RaftServerConfigKeys (ConfUtils.java:logGet(44)) - raft.server.log.corruption.policy = EXCEPTION (default)
2021-12-02 14:31:31,724 [pool-1011-thread-1] INFO  server.RaftServerConfigKeys (ConfUtils.java:logGet(44)) - raft.server.storage.free-space.min = 0MB (=0) (default)
2021-12-02 14:31:31,724 [pool-1011-thread-1] INFO  storage.RaftStorageDirectory (RaftStorageDirectoryImpl.java:analyzeStorage(135)) - The storage directory /home/runner/work/ozone/ozone/hadoop-ozone/integration-test/target/test-dir/MiniOzoneClusterImpl-fd94144e-5974-489a-b79f-b066564ba6f5/datanode-3/data/ratis/323063ed-2383-4d68-970b-796b449faa69 does not exist. Creating ...
2021-12-02 14:31:31,725 [pool-1011-thread-1] INFO  storage.RaftStorageDirectory (RaftStorageDirectoryImpl.java:tryLock(230)) - Lock on /home/runner/work/ozone/ozone/hadoop-ozone/integration-test/target/test-dir/MiniOzoneClusterImpl-fd94144e-5974-489a-b79f-b066564ba6f5/datanode-3/data/ratis/323063ed-2383-4d68-970b-796b449faa69/in_use.lock acquired by nodename 19423@fv-az59-375
2021-12-02 14:31:31,726 [pool-1011-thread-1] INFO  storage.RaftStorage (RaftStorageImpl.java:format(89)) - Storage directory /home/runner/work/ozone/ozone/hadoop-ozone/integration-test/target/test-dir/MiniOzoneClusterImpl-fd94144e-5974-489a-b79f-b066564ba6f5/datanode-3/data/ratis/323063ed-2383-4d68-970b-796b449faa69 has been successfully formatted.
2021-12-02 14:31:31,727 [pool-1011-thread-1] INFO  ratis.ContainerStateMachine (ContainerStateMachine.java:loadSnapshot(224)) - group-796B449FAA69: The snapshot info is null. Setting the last applied indexto:(t:0, i:~)
2021-12-02 14:31:31,727 [pool-1011-thread-1] INFO  server.RaftServerConfigKeys (ConfUtils.java:logGet(44)) - raft.server.notification.no-leader.timeout = 300000ms (custom)
2021-12-02 14:31:31,727 [pool-1011-thread-1] INFO  server.RaftServerConfigKeys (ConfUtils.java:logGet(44)) - raft.server.log.use.memory = false (default)
2021-12-02 14:31:31,727 [EventQueue-OpenPipelineForHealthyPipelineSafeModeRule] INFO  safemode.SCMSafeModeManager (HealthyPipelineSafeModeRule.java:process(124)) - SCM in safe mode. Healthy pipelines reported count is 0, required healthy pipeline reported count is 1
2021-12-02 14:31:31,728 [pool-1011-thread-1] INFO  server.RaftServerConfigKeys (ConfUtils.java:logGet(44)) - raft.server.log.purge.gap = 1000000 (custom)
2021-12-02 14:31:31,728 [pool-1011-thread-1] INFO  server.RaftServerConfigKeys (ConfUtils.java:logGet(44)) - raft.server.log.appender.buffer.byte-limit = 33554432 (custom)
2021-12-02 14:31:31,728 [pool-1011-thread-1] INFO  server.RaftServerConfigKeys (ConfUtils.java:logGet(44)) - raft.server.log.segment.size.max = 1048576 (custom)
2021-12-02 14:31:31,729 [pool-1011-thread-1] INFO  server.RaftServerConfigKeys (ConfUtils.java:logGet(44)) - raft.server.log.segment.cache.num.max = 2 (custom)
2021-12-02 14:31:31,729 [pool-1011-thread-1] INFO  server.RaftServerConfigKeys (ConfUtils.java:logGet(44)) - raft.server.log.segment.cache.size.max = 200MB (=209715200) (default)
2021-12-02 14:31:31,729 [pool-1011-thread-1] INFO  segmented.SegmentedRaftLogWorker (SegmentedRaftLogWorker.java:<init>(182)) - new ecb5ef9a-e3c1-46e1-bc6e-74dcb14bbdd1@group-796B449FAA69-SegmentedRaftLogWorker for RaftStorageImpl:Storage Directory /home/runner/work/ozone/ozone/hadoop-ozone/integration-test/target/test-dir/MiniOzoneClusterImpl-fd94144e-5974-489a-b79f-b066564ba6f5/datanode-3/data/ratis/323063ed-2383-4d68-970b-796b449faa69
2021-12-02 14:31:31,729 [pool-1011-thread-1] INFO  server.RaftServerConfigKeys (ConfUtils.java:logGet(44)) - raft.server.log.queue.byte-limit = 2147483647 (custom)
2021-12-02 14:31:31,729 [pool-1011-thread-1] INFO  server.RaftServerConfigKeys (ConfUtils.java:logGet(44)) - raft.server.log.queue.element-limit = 1024 (custom)
2021-12-02 14:31:31,729 [pool-1011-thread-1] INFO  server.RaftServerConfigKeys (ConfUtils.java:logGet(44)) - raft.server.log.segment.size.max = 1048576 (custom)
2021-12-02 14:31:31,729 [pool-1011-thread-1] INFO  server.RaftServerConfigKeys (ConfUtils.java:logGet(44)) - raft.server.log.preallocated.size = 16384 (custom)
2021-12-02 14:31:31,730 [pool-1011-thread-1] INFO  server.RaftServerConfigKeys (ConfUtils.java:logGet(44)) - raft.server.log.force.sync.num = 128 (default)
2021-12-02 14:31:31,730 [pool-1011-thread-1] INFO  server.RaftServerConfigKeys (ConfUtils.java:logGet(44)) - raft.server.log.statemachine.data.sync = true (default)
2021-12-02 14:31:31,730 [pool-1011-thread-1] INFO  server.RaftServerConfigKeys (ConfUtils.java:logGet(44)) - raft.server.log.statemachine.data.sync.timeout = 10s (default)
2021-12-02 14:31:31,730 [pool-1011-thread-1] INFO  server.RaftServerConfigKeys (ConfUtils.java:logGet(44)) - raft.server.log.statemachine.data.sync.timeout.retry = -1 (default)
2021-12-02 14:31:31,731 [pool-1011-thread-1] INFO  server.RaftServerConfigKeys (ConfUtils.java:logGet(44)) - raft.server.log.write.buffer.size = 1048576 (custom)
2021-12-02 14:31:31,732 [pool-1011-thread-1] INFO  server.RaftServerConfigKeys (ConfUtils.java:logGet(44)) - raft.server.log.statemachine.data.caching.enabled = true (custom)
2021-12-02 14:31:31,732 [pool-1011-thread-1] INFO  segmented.SegmentedRaftLogWorker (SegmentedRaftLogWorker.java:lambda$new$0(133)) - ecb5ef9a-e3c1-46e1-bc6e-74dcb14bbdd1@group-796B449FAA69-SegmentedRaftLogWorker: flushIndex: setUnconditionally 0 -> -1
2021-12-02 14:31:31,732 [pool-1011-thread-1] INFO  segmented.SegmentedRaftLogWorker (SegmentedRaftLogWorker.java:lambda$new$0(133)) - ecb5ef9a-e3c1-46e1-bc6e-74dcb14bbdd1@group-796B449FAA69-SegmentedRaftLogWorker: safeCacheEvictIndex: setUnconditionally 0 -> -1
2021-12-02 14:31:31,732 [pool-1011-thread-1] INFO  server.RaftServerConfigKeys (ConfUtils.java:logGet(44)) - raft.server.snapshot.auto.trigger.enabled = true (custom)
2021-12-02 14:31:31,732 [pool-1011-thread-1] INFO  server.RaftServerConfigKeys (ConfUtils.java:logGet(44)) - raft.server.snapshot.auto.trigger.threshold = 10000 (custom)
2021-12-02 14:31:31,733 [pool-1011-thread-1] INFO  server.RaftServerConfigKeys (ConfUtils.java:logGet(44)) - raft.server.snapshot.retention.file.num = 5 (custom)
2021-12-02 14:31:31,733 [pool-1011-thread-1] INFO  server.RaftServerConfigKeys (ConfUtils.java:logGet(44)) - raft.server.log.purge.upto.snapshot.index = false (default)
2021-12-02 14:31:31,733 [pool-1011-thread-1] INFO  server.RaftServerConfigKeys (ConfUtils.java:logGet(44)) - raft.server.retrycache.expirytime = 600000ms (custom)
2021-12-02 14:31:31,733 [pool-1011-thread-1] INFO  server.RaftServerConfigKeys (ConfUtils.java:logGet(44)) - raft.server.retrycache.statistics.expirytime = 100μs (default)
2021-12-02 14:31:31,742 [pool-1011-thread-1] INFO  server.RaftServer$Division (RaftServerImpl.java:start(301)) - ecb5ef9a-e3c1-46e1-bc6e-74dcb14bbdd1@group-796B449FAA69: start as a follower, conf=-1: [ecb5ef9a-e3c1-46e1-bc6e-74dcb14bbdd1|rpc:10.1.0.16:41883|priority:1, 378d0879-743d-4e9f-84ed-de5a08f6d2b8|rpc:10.1.0.16:33383|priority:0, 880aaef5-a54e-4898-af17-abc2dce457d4|rpc:10.1.0.16:38967|priority:0], old=null
2021-12-02 14:31:31,742 [pool-1011-thread-1] INFO  server.RaftServer$Division (RaftServerImpl.java:setRole(290)) - ecb5ef9a-e3c1-46e1-bc6e-74dcb14bbdd1@group-796B449FAA69: changes role from      null to FOLLOWER at term 0 for startAsFollower
2021-12-02 14:31:31,742 [pool-1011-thread-1] INFO  impl.RoleInfo (RoleInfo.java:updateAndGet(130)) - ecb5ef9a-e3c1-46e1-bc6e-74dcb14bbdd1: start ecb5ef9a-e3c1-46e1-bc6e-74dcb14bbdd1@group-796B449FAA69-FollowerState
2021-12-02 14:31:31,753 [Listener at 127.0.0.1/39245] INFO  ozone.MiniOzoneClusterImpl (MiniOzoneClusterImpl.java:lambda$waitForClusterToBeReady$0(235)) - Nodes are ready. Got 7 of 7 DN Heartbeats.
2021-12-02 14:31:31,753 [Listener at 127.0.0.1/39245] INFO  ozone.MiniOzoneClusterImpl (MiniOzoneClusterImpl.java:lambda$waitForClusterToBeReady$0(238)) - Waiting for cluster to exit safe mode
2021-12-02 14:31:31,753 [Listener at 127.0.0.1/39245] INFO  ozone.MiniOzoneClusterImpl (MiniOzoneClusterImpl.java:lambda$waitForClusterToBeReady$0(240)) - SCM became leader
2021-12-02 14:31:31,759 [pool-1011-thread-1] INFO  util.JmxRegister (JmxRegister.java:tryRegister(44)) - Successfully registered JMX Bean with object name Ratis:service=RaftServer,group=group-796B449FAA69,id=ecb5ef9a-e3c1-46e1-bc6e-74dcb14bbdd1
2021-12-02 14:31:31,765 [Command processor thread] INFO  ratis.XceiverServerRatis (XceiverServerRatis.java:addGroup(768)) - Created group PipelineID=323063ed-2383-4d68-970b-796b449faa69
2021-12-02 14:31:31,777 [grpc-default-executor-5] INFO  server.RaftServer (RaftServerProxy.java:addNew(95)) - 880aaef5-a54e-4898-af17-abc2dce457d4: addNew group-796B449FAA69:[ecb5ef9a-e3c1-46e1-bc6e-74dcb14bbdd1|rpc:10.1.0.16:41883|dataStream:|priority:1, 378d0879-743d-4e9f-84ed-de5a08f6d2b8|rpc:10.1.0.16:33383|dataStream:|priority:0, 880aaef5-a54e-4898-af17-abc2dce457d4|rpc:10.1.0.16:38967|dataStream:|priority:0] returns group-796B449FAA69:java.util.concurrent.CompletableFuture@78b82ce0[Not completed]
2021-12-02 14:31:31,799 [pool-1030-thread-1] INFO  server.RaftServer$Division (RaftServerImpl.java:<init>(184)) - 880aaef5-a54e-4898-af17-abc2dce457d4: new RaftServerImpl for group-796B449FAA69:[ecb5ef9a-e3c1-46e1-bc6e-74dcb14bbdd1|rpc:10.1.0.16:41883|dataStream:|priority:1, 378d0879-743d-4e9f-84ed-de5a08f6d2b8|rpc:10.1.0.16:33383|dataStream:|priority:0, 880aaef5-a54e-4898-af17-abc2dce457d4|rpc:10.1.0.16:38967|dataStream:|priority:0] with ContainerStateMachine:uninitialized
2021-12-02 14:31:31,799 [pool-1030-thread-1] INFO  server.RaftServerConfigKeys (ConfUtils.java:logGet(44)) - raft.server.rpc.timeout.min = 5s (custom)
2021-12-02 14:31:31,799 [pool-1030-thread-1] INFO  server.RaftServerConfigKeys (ConfUtils.java:logGet(44)) - raft.server.rpc.timeout.max = 5200ms (custom)
2021-12-02 14:31:31,799 [pool-1030-thread-1] INFO  server.RaftServerConfigKeys (ConfUtils.java:logGet(44)) - raft.server.rpc.sleep.time = 25ms (default)
2021-12-02 14:31:31,799 [pool-1030-thread-1] INFO  server.RaftServerConfigKeys (ConfUtils.java:logGet(44)) - raft.server.rpc.slowness.timeout = 300000ms (custom)
2021-12-02 14:31:31,799 [pool-1030-thread-1] INFO  server.RaftServerConfigKeys (ConfUtils.java:logGet(44)) - raft.server.leaderelection.leader.step-down.wait-time = 10s (default)
2021-12-02 14:31:31,799 [pool-1030-thread-1] INFO  server.RaftServerConfigKeys (ConfUtils.java:logGet(44)) - raft.server.sleep.deviation.threshold = 300ms (default)
2021-12-02 14:31:31,799 [pool-1030-thread-1] INFO  server.RaftServerConfigKeys (ConfUtils.java:logGet(44)) - raft.server.log.appender.install.snapshot.enabled = false (custom)
2021-12-02 14:31:31,799 [pool-1030-thread-1] INFO  server.RaftServer$Division (ServerState.java:<init>(105)) - 880aaef5-a54e-4898-af17-abc2dce457d4@group-796B449FAA69: ConfigurationManager, init=-1: [ecb5ef9a-e3c1-46e1-bc6e-74dcb14bbdd1|rpc:10.1.0.16:41883|dataStream:|priority:1, 378d0879-743d-4e9f-84ed-de5a08f6d2b8|rpc:10.1.0.16:33383|dataStream:|priority:0, 880aaef5-a54e-4898-af17-abc2dce457d4|rpc:10.1.0.16:38967|dataStream:|priority:0], old=null, confs=<EMPTY_MAP>
2021-12-02 14:31:31,800 [pool-1030-thread-1] INFO  server.RaftServerConfigKeys (ConfUtils.java:logGet(44)) - raft.server.storage.dir = [/home/runner/work/ozone/ozone/hadoop-ozone/integration-test/target/test-dir/MiniOzoneClusterImpl-fd94144e-5974-489a-b79f-b066564ba6f5/datanode-4/data/ratis] (custom)
2021-12-02 14:31:31,800 [pool-1030-thread-1] INFO  server.RaftServerConfigKeys (ConfUtils.java:logGet(44)) - raft.server.log.corruption.policy = EXCEPTION (default)
2021-12-02 14:31:31,800 [pool-1030-thread-1] INFO  server.RaftServerConfigKeys (ConfUtils.java:logGet(44)) - raft.server.storage.free-space.min = 0MB (=0) (default)
2021-12-02 14:31:31,800 [pool-1030-thread-1] INFO  storage.RaftStorageDirectory (RaftStorageDirectoryImpl.java:analyzeStorage(135)) - The storage directory /home/runner/work/ozone/ozone/hadoop-ozone/integration-test/target/test-dir/MiniOzoneClusterImpl-fd94144e-5974-489a-b79f-b066564ba6f5/datanode-4/data/ratis/323063ed-2383-4d68-970b-796b449faa69 does not exist. Creating ...
2021-12-02 14:31:31,810 [pool-1030-thread-1] INFO  storage.RaftStorageDirectory (RaftStorageDirectoryImpl.java:tryLock(230)) - Lock on /home/runner/work/ozone/ozone/hadoop-ozone/integration-test/target/test-dir/MiniOzoneClusterImpl-fd94144e-5974-489a-b79f-b066564ba6f5/datanode-4/data/ratis/323063ed-2383-4d68-970b-796b449faa69/in_use.lock acquired by nodename 19423@fv-az59-375
2021-12-02 14:31:31,815 [pool-1030-thread-1] INFO  storage.RaftStorage (RaftStorageImpl.java:format(89)) - Storage directory /home/runner/work/ozone/ozone/hadoop-ozone/integration-test/target/test-dir/MiniOzoneClusterImpl-fd94144e-5974-489a-b79f-b066564ba6f5/datanode-4/data/ratis/323063ed-2383-4d68-970b-796b449faa69 has been successfully formatted.
2021-12-02 14:31:31,899 [pool-1030-thread-1] INFO  ratis.ContainerStateMachine (ContainerStateMachine.java:loadSnapshot(224)) - group-796B449FAA69: The snapshot info is null. Setting the last applied indexto:(t:0, i:~)
2021-12-02 14:31:31,899 [pool-1030-thread-1] INFO  server.RaftServerConfigKeys (ConfUtils.java:logGet(44)) - raft.server.notification.no-leader.timeout = 300000ms (custom)
2021-12-02 14:31:31,899 [pool-1030-thread-1] INFO  server.RaftServerConfigKeys (ConfUtils.java:logGet(44)) - raft.server.log.use.memory = false (default)
2021-12-02 14:31:31,923 [pool-1030-thread-1] INFO  server.RaftServerConfigKeys (ConfUtils.java:logGet(44)) - raft.server.log.purge.gap = 1000000 (custom)
2021-12-02 14:31:31,923 [pool-1030-thread-1] INFO  server.RaftServerConfigKeys (ConfUtils.java:logGet(44)) - raft.server.log.appender.buffer.byte-limit = 33554432 (custom)
2021-12-02 14:31:31,923 [pool-1030-thread-1] INFO  server.RaftServerConfigKeys (ConfUtils.java:logGet(44)) - raft.server.log.segment.size.max = 1048576 (custom)
2021-12-02 14:31:31,924 [pool-1030-thread-1] INFO  server.RaftServerConfigKeys (ConfUtils.java:logGet(44)) - raft.server.log.segment.cache.num.max = 2 (custom)
2021-12-02 14:31:31,924 [pool-1030-thread-1] INFO  server.RaftServerConfigKeys (ConfUtils.java:logGet(44)) - raft.server.log.segment.cache.size.max = 200MB (=209715200) (default)
2021-12-02 14:31:31,924 [pool-1030-thread-1] INFO  segmented.SegmentedRaftLogWorker (SegmentedRaftLogWorker.java:<init>(182)) - new 880aaef5-a54e-4898-af17-abc2dce457d4@group-796B449FAA69-SegmentedRaftLogWorker for RaftStorageImpl:Storage Directory /home/runner/work/ozone/ozone/hadoop-ozone/integration-test/target/test-dir/MiniOzoneClusterImpl-fd94144e-5974-489a-b79f-b066564ba6f5/datanode-4/data/ratis/323063ed-2383-4d68-970b-796b449faa69
2021-12-02 14:31:31,924 [pool-1030-thread-1] INFO  server.RaftServerConfigKeys (ConfUtils.java:logGet(44)) - raft.server.log.queue.byte-limit = 2147483647 (custom)
2021-12-02 14:31:31,924 [pool-1030-thread-1] INFO  server.RaftServerConfigKeys (ConfUtils.java:logGet(44)) - raft.server.log.queue.element-limit = 1024 (custom)
2021-12-02 14:31:31,924 [pool-1030-thread-1] INFO  server.RaftServerConfigKeys (ConfUtils.java:logGet(44)) - raft.server.log.segment.size.max = 1048576 (custom)
2021-12-02 14:31:31,924 [pool-1030-thread-1] INFO  server.RaftServerConfigKeys (ConfUtils.java:logGet(44)) - raft.server.log.preallocated.size = 16384 (custom)
2021-12-02 14:31:31,924 [pool-1030-thread-1] INFO  server.RaftServerConfigKeys (ConfUtils.java:logGet(44)) - raft.server.log.force.sync.num = 128 (default)
2021-12-02 14:31:31,924 [pool-1030-thread-1] INFO  server.RaftServerConfigKeys (ConfUtils.java:logGet(44)) - raft.server.log.statemachine.data.sync = true (default)
2021-12-02 14:31:31,924 [pool-1030-thread-1] INFO  server.RaftServerConfigKeys (ConfUtils.java:logGet(44)) - raft.server.log.statemachine.data.sync.timeout = 10s (default)
2021-12-02 14:31:31,924 [pool-1030-thread-1] INFO  server.RaftServerConfigKeys (ConfUtils.java:logGet(44)) - raft.server.log.statemachine.data.sync.timeout.retry = -1 (default)
2021-12-02 14:31:31,925 [pool-1030-thread-1] INFO  server.RaftServerConfigKeys (ConfUtils.java:logGet(44)) - raft.server.log.write.buffer.size = 1048576 (custom)
2021-12-02 14:31:31,926 [pool-1030-thread-1] INFO  server.RaftServerConfigKeys (ConfUtils.java:logGet(44)) - raft.server.log.statemachine.data.caching.enabled = true (custom)
2021-12-02 14:31:31,926 [pool-1030-thread-1] INFO  segmented.SegmentedRaftLogWorker (SegmentedRaftLogWorker.java:lambda$new$0(133)) - 880aaef5-a54e-4898-af17-abc2dce457d4@group-796B449FAA69-SegmentedRaftLogWorker: flushIndex: setUnconditionally 0 -> -1
2021-12-02 14:31:31,926 [pool-1030-thread-1] INFO  segmented.SegmentedRaftLogWorker (SegmentedRaftLogWorker.java:lambda$new$0(133)) - 880aaef5-a54e-4898-af17-abc2dce457d4@group-796B449FAA69-SegmentedRaftLogWorker: safeCacheEvictIndex: setUnconditionally 0 -> -1
2021-12-02 14:31:31,937 [pool-1030-thread-1] INFO  server.RaftServerConfigKeys (ConfUtils.java:logGet(44)) - raft.server.snapshot.auto.trigger.enabled = true (custom)
2021-12-02 14:31:31,937 [pool-1030-thread-1] INFO  server.RaftServerConfigKeys (ConfUtils.java:logGet(44)) - raft.server.snapshot.auto.trigger.threshold = 10000 (custom)
2021-12-02 14:31:31,937 [pool-1030-thread-1] INFO  server.RaftServerConfigKeys (ConfUtils.java:logGet(44)) - raft.server.snapshot.retention.file.num = 5 (custom)
2021-12-02 14:31:31,937 [pool-1030-thread-1] INFO  server.RaftServerConfigKeys (ConfUtils.java:logGet(44)) - raft.server.log.purge.upto.snapshot.index = false (default)
2021-12-02 14:31:31,937 [pool-1030-thread-1] INFO  server.RaftServerConfigKeys (ConfUtils.java:logGet(44)) - raft.server.retrycache.expirytime = 600000ms (custom)
2021-12-02 14:31:31,937 [pool-1030-thread-1] INFO  server.RaftServerConfigKeys (ConfUtils.java:logGet(44)) - raft.server.retrycache.statistics.expirytime = 100μs (default)
2021-12-02 14:31:31,939 [pool-1030-thread-1] INFO  server.RaftServer$Division (RaftServerImpl.java:start(301)) - 880aaef5-a54e-4898-af17-abc2dce457d4@group-796B449FAA69: start as a follower, conf=-1: [ecb5ef9a-e3c1-46e1-bc6e-74dcb14bbdd1|rpc:10.1.0.16:41883|dataStream:|priority:1, 378d0879-743d-4e9f-84ed-de5a08f6d2b8|rpc:10.1.0.16:33383|dataStream:|priority:0, 880aaef5-a54e-4898-af17-abc2dce457d4|rpc:10.1.0.16:38967|dataStream:|priority:0], old=null
2021-12-02 14:31:31,939 [pool-1030-thread-1] INFO  server.RaftServer$Division (RaftServerImpl.java:setRole(290)) - 880aaef5-a54e-4898-af17-abc2dce457d4@group-796B449FAA69: changes role from      null to FOLLOWER at term 0 for startAsFollower
2021-12-02 14:31:31,940 [pool-1030-thread-1] INFO  impl.RoleInfo (RoleInfo.java:updateAndGet(130)) - 880aaef5-a54e-4898-af17-abc2dce457d4: start 880aaef5-a54e-4898-af17-abc2dce457d4@group-796B449FAA69-FollowerState
2021-12-02 14:31:31,945 [pool-1030-thread-1] INFO  util.JmxRegister (JmxRegister.java:tryRegister(44)) - Successfully registered JMX Bean with object name Ratis:service=RaftServer,group=group-796B449FAA69,id=880aaef5-a54e-4898-af17-abc2dce457d4
2021-12-02 14:31:31,972 [Command processor thread] INFO  server.RaftServer (RaftServerProxy.java:addNew(95)) - 880aaef5-a54e-4898-af17-abc2dce457d4: addNew group-DDB2A36C08AC:[880aaef5-a54e-4898-af17-abc2dce457d4|rpc:10.1.0.16:38967|priority:1] returns group-DDB2A36C08AC:java.util.concurrent.CompletableFuture@3d86a31f[Not completed]
2021-12-02 14:31:32,140 [grpc-default-executor-5] INFO  server.RaftServer (RaftServerProxy.java:addNew(95)) - 378d0879-743d-4e9f-84ed-de5a08f6d2b8: addNew group-796B449FAA69:[ecb5ef9a-e3c1-46e1-bc6e-74dcb14bbdd1|rpc:10.1.0.16:41883|dataStream:|priority:1, 378d0879-743d-4e9f-84ed-de5a08f6d2b8|rpc:10.1.0.16:33383|dataStream:|priority:0, 880aaef5-a54e-4898-af17-abc2dce457d4|rpc:10.1.0.16:38967|dataStream:|priority:0] returns group-796B449FAA69:java.util.concurrent.CompletableFuture@6d192cd7[Not completed]
2021-12-02 14:31:32,231 [pool-1049-thread-1] INFO  server.RaftServer$Division (RaftServerImpl.java:<init>(184)) - 378d0879-743d-4e9f-84ed-de5a08f6d2b8: new RaftServerImpl for group-796B449FAA69:[ecb5ef9a-e3c1-46e1-bc6e-74dcb14bbdd1|rpc:10.1.0.16:41883|dataStream:|priority:1, 378d0879-743d-4e9f-84ed-de5a08f6d2b8|rpc:10.1.0.16:33383|dataStream:|priority:0, 880aaef5-a54e-4898-af17-abc2dce457d4|rpc:10.1.0.16:38967|dataStream:|priority:0] with ContainerStateMachine:uninitialized
2021-12-02 14:31:32,232 [pool-1049-thread-1] INFO  server.RaftServerConfigKeys (ConfUtils.java:logGet(44)) - raft.server.rpc.timeout.min = 5s (custom)
2021-12-02 14:31:32,232 [pool-1049-thread-1] INFO  server.RaftServerConfigKeys (ConfUtils.java:logGet(44)) - raft.server.rpc.timeout.max = 5200ms (custom)
2021-12-02 14:31:32,232 [pool-1049-thread-1] INFO  server.RaftServerConfigKeys (ConfUtils.java:logGet(44)) - raft.server.rpc.sleep.time = 25ms (default)
2021-12-02 14:31:32,232 [pool-1049-thread-1] INFO  server.RaftServerConfigKeys (ConfUtils.java:logGet(44)) - raft.server.rpc.slowness.timeout = 300000ms (custom)
2021-12-02 14:31:32,232 [pool-1049-thread-1] INFO  server.RaftServerConfigKeys (ConfUtils.java:logGet(44)) - raft.server.leaderelection.leader.step-down.wait-time = 10s (default)
2021-12-02 14:31:32,232 [pool-1049-thread-1] INFO  server.RaftServerConfigKeys (ConfUtils.java:logGet(44)) - raft.server.sleep.deviation.threshold = 300ms (default)
2021-12-02 14:31:32,232 [pool-1049-thread-1] INFO  server.RaftServerConfigKeys (ConfUtils.java:logGet(44)) - raft.server.log.appender.install.snapshot.enabled = false (custom)
2021-12-02 14:31:32,232 [pool-1049-thread-1] INFO  server.RaftServer$Division (ServerState.java:<init>(105)) - 378d0879-743d-4e9f-84ed-de5a08f6d2b8@group-796B449FAA69: ConfigurationManager, init=-1: [ecb5ef9a-e3c1-46e1-bc6e-74dcb14bbdd1|rpc:10.1.0.16:41883|dataStream:|priority:1, 378d0879-743d-4e9f-84ed-de5a08f6d2b8|rpc:10.1.0.16:33383|dataStream:|priority:0, 880aaef5-a54e-4898-af17-abc2dce457d4|rpc:10.1.0.16:38967|dataStream:|priority:0], old=null, confs=<EMPTY_MAP>
2021-12-02 14:31:32,232 [pool-1049-thread-1] INFO  server.RaftServerConfigKeys (ConfUtils.java:logGet(44)) - raft.server.storage.dir = [/home/runner/work/ozone/ozone/hadoop-ozone/integration-test/target/test-dir/MiniOzoneClusterImpl-fd94144e-5974-489a-b79f-b066564ba6f5/datanode-5/data/ratis] (custom)
2021-12-02 14:31:32,232 [pool-1049-thread-1] INFO  server.RaftServerConfigKeys (ConfUtils.java:logGet(44)) - raft.server.log.corruption.policy = EXCEPTION (default)
2021-12-02 14:31:32,232 [pool-1049-thread-1] INFO  server.RaftServerConfigKeys (ConfUtils.java:logGet(44)) - raft.server.storage.free-space.min = 0MB (=0) (default)
2021-12-02 14:31:32,232 [pool-1049-thread-1] INFO  storage.RaftStorageDirectory (RaftStorageDirectoryImpl.java:analyzeStorage(135)) - The storage directory /home/runner/work/ozone/ozone/hadoop-ozone/integration-test/target/test-dir/MiniOzoneClusterImpl-fd94144e-5974-489a-b79f-b066564ba6f5/datanode-5/data/ratis/323063ed-2383-4d68-970b-796b449faa69 does not exist. Creating ...
2021-12-02 14:31:32,233 [pool-1030-thread-1] INFO  server.RaftServer$Division (RaftServerImpl.java:<init>(184)) - 880aaef5-a54e-4898-af17-abc2dce457d4: new RaftServerImpl for group-DDB2A36C08AC:[880aaef5-a54e-4898-af17-abc2dce457d4|rpc:10.1.0.16:38967|priority:1] with ContainerStateMachine:uninitialized
2021-12-02 14:31:32,233 [pool-1030-thread-1] INFO  server.RaftServerConfigKeys (ConfUtils.java:logGet(44)) - raft.server.rpc.timeout.min = 5s (custom)
2021-12-02 14:31:32,233 [pool-1030-thread-1] INFO  server.RaftServerConfigKeys (ConfUtils.java:logGet(44)) - raft.server.rpc.timeout.max = 5200ms (custom)
2021-12-02 14:31:32,233 [pool-1030-thread-1] INFO  server.RaftServerConfigKeys (ConfUtils.java:logGet(44)) - raft.server.rpc.sleep.time = 25ms (default)
2021-12-02 14:31:32,233 [pool-1030-thread-1] INFO  server.RaftServerConfigKeys (ConfUtils.java:logGet(44)) - raft.server.rpc.slowness.timeout = 300000ms (custom)
2021-12-02 14:31:32,233 [pool-1030-thread-1] INFO  server.RaftServerConfigKeys (ConfUtils.java:logGet(44)) - raft.server.leaderelection.leader.step-down.wait-time = 10s (default)
2021-12-02 14:31:32,233 [pool-1030-thread-1] INFO  server.RaftServerConfigKeys (ConfUtils.java:logGet(44)) - raft.server.sleep.deviation.threshold = 300ms (default)
2021-12-02 14:31:32,233 [pool-1030-thread-1] INFO  server.RaftServerConfigKeys (ConfUtils.java:logGet(44)) - raft.server.log.appender.install.snapshot.enabled = false (custom)
2021-12-02 14:31:32,233 [pool-1030-thread-1] INFO  server.RaftServer$Division (ServerState.java:<init>(105)) - 880aaef5-a54e-4898-af17-abc2dce457d4@group-DDB2A36C08AC: ConfigurationManager, init=-1: [880aaef5-a54e-4898-af17-abc2dce457d4|rpc:10.1.0.16:38967|priority:1], old=null, confs=<EMPTY_MAP>
2021-12-02 14:31:32,233 [pool-1030-thread-1] INFO  server.RaftServerConfigKeys (ConfUtils.java:logGet(44)) - raft.server.storage.dir = [/home/runner/work/ozone/ozone/hadoop-ozone/integration-test/target/test-dir/MiniOzoneClusterImpl-fd94144e-5974-489a-b79f-b066564ba6f5/datanode-4/data/ratis] (custom)
2021-12-02 14:31:32,233 [pool-1030-thread-1] INFO  server.RaftServerConfigKeys (ConfUtils.java:logGet(44)) - raft.server.log.corruption.policy = EXCEPTION (default)
2021-12-02 14:31:32,233 [pool-1030-thread-1] INFO  server.RaftServerConfigKeys (ConfUtils.java:logGet(44)) - raft.server.storage.free-space.min = 0MB (=0) (default)
2021-12-02 14:31:32,233 [pool-1030-thread-1] INFO  storage.RaftStorageDirectory (RaftStorageDirectoryImpl.java:analyzeStorage(135)) - The storage directory /home/runner/work/ozone/ozone/hadoop-ozone/integration-test/target/test-dir/MiniOzoneClusterImpl-fd94144e-5974-489a-b79f-b066564ba6f5/datanode-4/data/ratis/c684c223-e4a5-4ecd-928a-ddb2a36c08ac does not exist. Creating ...
2021-12-02 14:31:32,277 [pool-1030-thread-1] INFO  storage.RaftStorageDirectory (RaftStorageDirectoryImpl.java:tryLock(230)) - Lock on /home/runner/work/ozone/ozone/hadoop-ozone/integration-test/target/test-dir/MiniOzoneClusterImpl-fd94144e-5974-489a-b79f-b066564ba6f5/datanode-4/data/ratis/c684c223-e4a5-4ecd-928a-ddb2a36c08ac/in_use.lock acquired by nodename 19423@fv-az59-375
2021-12-02 14:31:32,277 [pool-1049-thread-1] INFO  storage.RaftStorageDirectory (RaftStorageDirectoryImpl.java:tryLock(230)) - Lock on /home/runner/work/ozone/ozone/hadoop-ozone/integration-test/target/test-dir/MiniOzoneClusterImpl-fd94144e-5974-489a-b79f-b066564ba6f5/datanode-5/data/ratis/323063ed-2383-4d68-970b-796b449faa69/in_use.lock acquired by nodename 19423@fv-az59-375
2021-12-02 14:31:32,280 [pool-1049-thread-1] INFO  storage.RaftStorage (RaftStorageImpl.java:format(89)) - Storage directory /home/runner/work/ozone/ozone/hadoop-ozone/integration-test/target/test-dir/MiniOzoneClusterImpl-fd94144e-5974-489a-b79f-b066564ba6f5/datanode-5/data/ratis/323063ed-2383-4d68-970b-796b449faa69 has been successfully formatted.
2021-12-02 14:31:32,280 [pool-1030-thread-1] INFO  storage.RaftStorage (RaftStorageImpl.java:format(89)) - Storage directory /home/runner/work/ozone/ozone/hadoop-ozone/integration-test/target/test-dir/MiniOzoneClusterImpl-fd94144e-5974-489a-b79f-b066564ba6f5/datanode-4/data/ratis/c684c223-e4a5-4ecd-928a-ddb2a36c08ac has been successfully formatted.
2021-12-02 14:31:32,280 [pool-1030-thread-1] INFO  ratis.ContainerStateMachine (ContainerStateMachine.java:loadSnapshot(224)) - group-DDB2A36C08AC: The snapshot info is null. Setting the last applied indexto:(t:0, i:~)
2021-12-02 14:31:32,280 [pool-1030-thread-1] INFO  server.RaftServerConfigKeys (ConfUtils.java:logGet(44)) - raft.server.notification.no-leader.timeout = 300000ms (custom)
2021-12-02 14:31:32,280 [pool-1030-thread-1] INFO  server.RaftServerConfigKeys (ConfUtils.java:logGet(44)) - raft.server.log.use.memory = false (default)
2021-12-02 14:31:32,281 [pool-1030-thread-1] INFO  server.RaftServerConfigKeys (ConfUtils.java:logGet(44)) - raft.server.log.purge.gap = 1000000 (custom)
2021-12-02 14:31:32,281 [pool-1030-thread-1] INFO  server.RaftServerConfigKeys (ConfUtils.java:logGet(44)) - raft.server.log.appender.buffer.byte-limit = 33554432 (custom)
2021-12-02 14:31:32,281 [pool-1030-thread-1] INFO  server.RaftServerConfigKeys (ConfUtils.java:logGet(44)) - raft.server.log.segment.size.max = 1048576 (custom)
2021-12-02 14:31:32,281 [pool-1030-thread-1] INFO  server.RaftServerConfigKeys (ConfUtils.java:logGet(44)) - raft.server.log.segment.cache.num.max = 2 (custom)
2021-12-02 14:31:32,281 [pool-1030-thread-1] INFO  server.RaftServerConfigKeys (ConfUtils.java:logGet(44)) - raft.server.log.segment.cache.size.max = 200MB (=209715200) (default)
2021-12-02 14:31:32,281 [pool-1030-thread-1] INFO  segmented.SegmentedRaftLogWorker (SegmentedRaftLogWorker.java:<init>(182)) - new 880aaef5-a54e-4898-af17-abc2dce457d4@group-DDB2A36C08AC-SegmentedRaftLogWorker for RaftStorageImpl:Storage Directory /home/runner/work/ozone/ozone/hadoop-ozone/integration-test/target/test-dir/MiniOzoneClusterImpl-fd94144e-5974-489a-b79f-b066564ba6f5/datanode-4/data/ratis/c684c223-e4a5-4ecd-928a-ddb2a36c08ac
2021-12-02 14:31:32,282 [pool-1030-thread-1] INFO  server.RaftServerConfigKeys (ConfUtils.java:logGet(44)) - raft.server.log.queue.byte-limit = 2147483647 (custom)
2021-12-02 14:31:32,282 [pool-1030-thread-1] INFO  server.RaftServerConfigKeys (ConfUtils.java:logGet(44)) - raft.server.log.queue.element-limit = 1024 (custom)
2021-12-02 14:31:32,282 [pool-1030-thread-1] INFO  server.RaftServerConfigKeys (ConfUtils.java:logGet(44)) - raft.server.log.segment.size.max = 1048576 (custom)
2021-12-02 14:31:32,282 [pool-1030-thread-1] INFO  server.RaftServerConfigKeys (ConfUtils.java:logGet(44)) - raft.server.log.preallocated.size = 16384 (custom)
2021-12-02 14:31:32,282 [pool-1030-thread-1] INFO  server.RaftServerConfigKeys (ConfUtils.java:logGet(44)) - raft.server.log.force.sync.num = 128 (default)
2021-12-02 14:31:32,282 [pool-1030-thread-1] INFO  server.RaftServerConfigKeys (ConfUtils.java:logGet(44)) - raft.server.log.statemachine.data.sync = true (default)
2021-12-02 14:31:32,282 [pool-1030-thread-1] INFO  server.RaftServerConfigKeys (ConfUtils.java:logGet(44)) - raft.server.log.statemachine.data.sync.timeout = 10s (default)
2021-12-02 14:31:32,282 [pool-1030-thread-1] INFO  server.RaftServerConfigKeys (ConfUtils.java:logGet(44)) - raft.server.log.statemachine.data.sync.timeout.retry = -1 (default)
2021-12-02 14:31:32,283 [EventQueue-PipelineReportForPipelineReportHandler] INFO  pipeline.PipelineManagerImpl (PipelineManagerImpl.java:openPipeline(289)) - Pipeline Pipeline[ Id: c684c223-e4a5-4ecd-928a-ddb2a36c08ac, Nodes: 880aaef5-a54e-4898-af17-abc2dce457d4{ip: 10.1.0.16, host: fv-az59-375.csjynl4pkq3e1pkirw3ssqjfoh.cx.internal.cloudapp.net, ports: [REPLICATION=44029, RATIS=38967, RATIS_ADMIN=38967, RATIS_SERVER=38967, STANDALONE=44995], networkLocation: /default-rack, certSerialId: null, persistedOpState: IN_SERVICE, persistedOpStateExpiryEpochSec: 0}, ReplicationConfig: RATIS/ONE, State:ALLOCATED, leaderId:880aaef5-a54e-4898-af17-abc2dce457d4, CreationTimestamp2021-12-02T14:31:28.972Z[Etc/UTC]] moved to OPEN state
2021-12-02 14:31:32,284 [EventQueue-OpenPipelineForHealthyPipelineSafeModeRule] INFO  safemode.SCMSafeModeManager (HealthyPipelineSafeModeRule.java:process(124)) - SCM in safe mode. Healthy pipelines reported count is 0, required healthy pipeline reported count is 1
2021-12-02 14:31:32,285 [pool-1030-thread-1] INFO  server.RaftServerConfigKeys (ConfUtils.java:logGet(44)) - raft.server.log.write.buffer.size = 1048576 (custom)
2021-12-02 14:31:32,286 [pool-1030-thread-1] INFO  server.RaftServerConfigKeys (ConfUtils.java:logGet(44)) - raft.server.log.statemachine.data.caching.enabled = true (custom)
2021-12-02 14:31:32,286 [pool-1030-thread-1] INFO  segmented.SegmentedRaftLogWorker (SegmentedRaftLogWorker.java:lambda$new$0(133)) - 880aaef5-a54e-4898-af17-abc2dce457d4@group-DDB2A36C08AC-SegmentedRaftLogWorker: flushIndex: setUnconditionally 0 -> -1
2021-12-02 14:31:32,286 [pool-1030-thread-1] INFO  segmented.SegmentedRaftLogWorker (SegmentedRaftLogWorker.java:lambda$new$0(133)) - 880aaef5-a54e-4898-af17-abc2dce457d4@group-DDB2A36C08AC-SegmentedRaftLogWorker: safeCacheEvictIndex: setUnconditionally 0 -> -1
2021-12-02 14:31:32,286 [pool-1030-thread-1] INFO  server.RaftServerConfigKeys (ConfUtils.java:logGet(44)) - raft.server.snapshot.auto.trigger.enabled = true (custom)
2021-12-02 14:31:32,286 [pool-1030-thread-1] INFO  server.RaftServerConfigKeys (ConfUtils.java:logGet(44)) - raft.server.snapshot.auto.trigger.threshold = 10000 (custom)
2021-12-02 14:31:32,286 [pool-1030-thread-1] INFO  server.RaftServerConfigKeys (ConfUtils.java:logGet(44)) - raft.server.snapshot.retention.file.num = 5 (custom)
2021-12-02 14:31:32,286 [pool-1030-thread-1] INFO  server.RaftServerConfigKeys (ConfUtils.java:logGet(44)) - raft.server.log.purge.upto.snapshot.index = false (default)
2021-12-02 14:31:32,286 [pool-1030-thread-1] INFO  server.RaftServerConfigKeys (ConfUtils.java:logGet(44)) - raft.server.retrycache.expirytime = 600000ms (custom)
2021-12-02 14:31:32,286 [pool-1030-thread-1] INFO  server.RaftServerConfigKeys (ConfUtils.java:logGet(44)) - raft.server.retrycache.statistics.expirytime = 100μs (default)
2021-12-02 14:31:32,288 [pool-1030-thread-1] INFO  server.RaftServer$Division (RaftServerImpl.java:start(301)) - 880aaef5-a54e-4898-af17-abc2dce457d4@group-DDB2A36C08AC: start as a follower, conf=-1: [880aaef5-a54e-4898-af17-abc2dce457d4|rpc:10.1.0.16:38967|priority:1], old=null
2021-12-02 14:31:32,288 [pool-1030-thread-1] INFO  server.RaftServer$Division (RaftServerImpl.java:setRole(290)) - 880aaef5-a54e-4898-af17-abc2dce457d4@group-DDB2A36C08AC: changes role from      null to FOLLOWER at term 0 for startAsFollower
2021-12-02 14:31:32,300 [pool-1049-thread-1] INFO  ratis.ContainerStateMachine (ContainerStateMachine.java:loadSnapshot(224)) - group-796B449FAA69: The snapshot info is null. Setting the last applied indexto:(t:0, i:~)
2021-12-02 14:31:32,359 [pool-1049-thread-1] INFO  server.RaftServerConfigKeys (ConfUtils.java:logGet(44)) - raft.server.notification.no-leader.timeout = 300000ms (custom)
2021-12-02 14:31:32,359 [pool-1049-thread-1] INFO  server.RaftServerConfigKeys (ConfUtils.java:logGet(44)) - raft.server.log.use.memory = false (default)
2021-12-02 14:31:32,359 [pool-1049-thread-1] INFO  server.RaftServerConfigKeys (ConfUtils.java:logGet(44)) - raft.server.log.purge.gap = 1000000 (custom)
2021-12-02 14:31:32,359 [pool-1049-thread-1] INFO  server.RaftServerConfigKeys (ConfUtils.java:logGet(44)) - raft.server.log.appender.buffer.byte-limit = 33554432 (custom)
2021-12-02 14:31:32,359 [pool-1049-thread-1] INFO  server.RaftServerConfigKeys (ConfUtils.java:logGet(44)) - raft.server.log.segment.size.max = 1048576 (custom)
2021-12-02 14:31:32,360 [pool-1049-thread-1] INFO  server.RaftServerConfigKeys (ConfUtils.java:logGet(44)) - raft.server.log.segment.cache.num.max = 2 (custom)
2021-12-02 14:31:32,360 [pool-1049-thread-1] INFO  server.RaftServerConfigKeys (ConfUtils.java:logGet(44)) - raft.server.log.segment.cache.size.max = 200MB (=209715200) (default)
2021-12-02 14:31:32,360 [pool-1049-thread-1] INFO  segmented.SegmentedRaftLogWorker (SegmentedRaftLogWorker.java:<init>(182)) - new 378d0879-743d-4e9f-84ed-de5a08f6d2b8@group-796B449FAA69-SegmentedRaftLogWorker for RaftStorageImpl:Storage Directory /home/runner/work/ozone/ozone/hadoop-ozone/integration-test/target/test-dir/MiniOzoneClusterImpl-fd94144e-5974-489a-b79f-b066564ba6f5/datanode-5/data/ratis/323063ed-2383-4d68-970b-796b449faa69
2021-12-02 14:31:32,360 [pool-1049-thread-1] INFO  server.RaftServerConfigKeys (ConfUtils.java:logGet(44)) - raft.server.log.queue.byte-limit = 2147483647 (custom)
2021-12-02 14:31:32,360 [pool-1049-thread-1] INFO  server.RaftServerConfigKeys (ConfUtils.java:logGet(44)) - raft.server.log.queue.element-limit = 1024 (custom)
2021-12-02 14:31:32,360 [pool-1049-thread-1] INFO  server.RaftServerConfigKeys (ConfUtils.java:logGet(44)) - raft.server.log.segment.size.max = 1048576 (custom)
2021-12-02 14:31:32,360 [pool-1049-thread-1] INFO  server.RaftServerConfigKeys (ConfUtils.java:logGet(44)) - raft.server.log.preallocated.size = 16384 (custom)
2021-12-02 14:31:32,360 [pool-1049-thread-1] INFO  server.RaftServerConfigKeys (ConfUtils.java:logGet(44)) - raft.server.log.force.sync.num = 128 (default)
2021-12-02 14:31:32,360 [pool-1049-thread-1] INFO  server.RaftServerConfigKeys (ConfUtils.java:logGet(44)) - raft.server.log.statemachine.data.sync = true (default)
2021-12-02 14:31:32,360 [pool-1049-thread-1] INFO  server.RaftServerConfigKeys (ConfUtils.java:logGet(44)) - raft.server.log.statemachine.data.sync.timeout = 10s (default)
2021-12-02 14:31:32,360 [pool-1049-thread-1] INFO  server.RaftServerConfigKeys (ConfUtils.java:logGet(44)) - raft.server.log.statemachine.data.sync.timeout.retry = -1 (default)
2021-12-02 14:31:32,362 [pool-1049-thread-1] INFO  server.RaftServerConfigKeys (ConfUtils.java:logGet(44)) - raft.server.log.write.buffer.size = 1048576 (custom)
2021-12-02 14:31:32,362 [pool-1049-thread-1] INFO  server.RaftServerConfigKeys (ConfUtils.java:logGet(44)) - raft.server.log.statemachine.data.caching.enabled = true (custom)
2021-12-02 14:31:32,362 [pool-1049-thread-1] INFO  segmented.SegmentedRaftLogWorker (SegmentedRaftLogWorker.java:lambda$new$0(133)) - 378d0879-743d-4e9f-84ed-de5a08f6d2b8@group-796B449FAA69-SegmentedRaftLogWorker: flushIndex: setUnconditionally 0 -> -1
2021-12-02 14:31:32,362 [pool-1049-thread-1] INFO  segmented.SegmentedRaftLogWorker (SegmentedRaftLogWorker.java:lambda$new$0(133)) - 378d0879-743d-4e9f-84ed-de5a08f6d2b8@group-796B449FAA69-SegmentedRaftLogWorker: safeCacheEvictIndex: setUnconditionally 0 -> -1
2021-12-02 14:31:32,359 [pool-1030-thread-1] INFO  impl.RoleInfo (RoleInfo.java:updateAndGet(130)) - 880aaef5-a54e-4898-af17-abc2dce457d4: start 880aaef5-a54e-4898-af17-abc2dce457d4@group-DDB2A36C08AC-FollowerState
2021-12-02 14:31:32,393 [pool-1049-thread-1] INFO  server.RaftServerConfigKeys (ConfUtils.java:logGet(44)) - raft.server.snapshot.auto.trigger.enabled = true (custom)
2021-12-02 14:31:32,393 [pool-1049-thread-1] INFO  server.RaftServerConfigKeys (ConfUtils.java:logGet(44)) - raft.server.snapshot.auto.trigger.threshold = 10000 (custom)
2021-12-02 14:31:32,393 [pool-1049-thread-1] INFO  server.RaftServerConfigKeys (ConfUtils.java:logGet(44)) - raft.server.snapshot.retention.file.num = 5 (custom)
2021-12-02 14:31:32,393 [pool-1049-thread-1] INFO  server.RaftServerConfigKeys (ConfUtils.java:logGet(44)) - raft.server.log.purge.upto.snapshot.index = false (default)
2021-12-02 14:31:32,393 [pool-1049-thread-1] INFO  server.RaftServerConfigKeys (ConfUtils.java:logGet(44)) - raft.server.retrycache.expirytime = 600000ms (custom)
2021-12-02 14:31:32,393 [pool-1049-thread-1] INFO  server.RaftServerConfigKeys (ConfUtils.java:logGet(44)) - raft.server.retrycache.statistics.expirytime = 100μs (default)
2021-12-02 14:31:32,395 [pool-1049-thread-1] INFO  server.RaftServer$Division (RaftServerImpl.java:start(301)) - 378d0879-743d-4e9f-84ed-de5a08f6d2b8@group-796B449FAA69: start as a follower, conf=-1: [ecb5ef9a-e3c1-46e1-bc6e-74dcb14bbdd1|rpc:10.1.0.16:41883|dataStream:|priority:1, 378d0879-743d-4e9f-84ed-de5a08f6d2b8|rpc:10.1.0.16:33383|dataStream:|priority:0, 880aaef5-a54e-4898-af17-abc2dce457d4|rpc:10.1.0.16:38967|dataStream:|priority:0], old=null
2021-12-02 14:31:32,395 [pool-1049-thread-1] INFO  server.RaftServer$Division (RaftServerImpl.java:setRole(290)) - 378d0879-743d-4e9f-84ed-de5a08f6d2b8@group-796B449FAA69: changes role from      null to FOLLOWER at term 0 for startAsFollower
2021-12-02 14:31:32,395 [pool-1049-thread-1] INFO  impl.RoleInfo (RoleInfo.java:updateAndGet(130)) - 378d0879-743d-4e9f-84ed-de5a08f6d2b8: start 378d0879-743d-4e9f-84ed-de5a08f6d2b8@group-796B449FAA69-FollowerState
2021-12-02 14:31:32,400 [pool-1049-thread-1] INFO  util.JmxRegister (JmxRegister.java:tryRegister(44)) - Successfully registered JMX Bean with object name Ratis:service=RaftServer,group=group-796B449FAA69,id=378d0879-743d-4e9f-84ed-de5a08f6d2b8
2021-12-02 14:31:32,430 [Command processor thread] INFO  commandhandler.CreatePipelineCommandHandler (CreatePipelineCommandHandler.java:handle(106)) - Created Pipeline RATIS THREE PipelineID=323063ed-2383-4d68-970b-796b449faa69.
2021-12-02 14:31:32,430 [Command processor thread] INFO  server.RaftServer (RaftServerProxy.java:addNew(95)) - ecb5ef9a-e3c1-46e1-bc6e-74dcb14bbdd1: addNew group-2DF00E79AB8C:[ecb5ef9a-e3c1-46e1-bc6e-74dcb14bbdd1|rpc:10.1.0.16:41883|priority:0, 378d0879-743d-4e9f-84ed-de5a08f6d2b8|rpc:10.1.0.16:33383|priority:0, 880aaef5-a54e-4898-af17-abc2dce457d4|rpc:10.1.0.16:38967|priority:1] returns group-2DF00E79AB8C:java.util.concurrent.CompletableFuture@9d2bd68[Not completed]
2021-12-02 14:31:32,431 [pool-1011-thread-1] INFO  server.RaftServer$Division (RaftServerImpl.java:<init>(184)) - ecb5ef9a-e3c1-46e1-bc6e-74dcb14bbdd1: new RaftServerImpl for group-2DF00E79AB8C:[ecb5ef9a-e3c1-46e1-bc6e-74dcb14bbdd1|rpc:10.1.0.16:41883|priority:0, 378d0879-743d-4e9f-84ed-de5a08f6d2b8|rpc:10.1.0.16:33383|priority:0, 880aaef5-a54e-4898-af17-abc2dce457d4|rpc:10.1.0.16:38967|priority:1] with ContainerStateMachine:uninitialized
2021-12-02 14:31:32,431 [pool-1011-thread-1] INFO  server.RaftServerConfigKeys (ConfUtils.java:logGet(44)) - raft.server.rpc.timeout.min = 5s (custom)
2021-12-02 14:31:32,431 [pool-1011-thread-1] INFO  server.RaftServerConfigKeys (ConfUtils.java:logGet(44)) - raft.server.rpc.timeout.max = 5200ms (custom)
2021-12-02 14:31:32,431 [pool-1011-thread-1] INFO  server.RaftServerConfigKeys (ConfUtils.java:logGet(44)) - raft.server.rpc.sleep.time = 25ms (default)
2021-12-02 14:31:32,431 [pool-1011-thread-1] INFO  server.RaftServerConfigKeys (ConfUtils.java:logGet(44)) - raft.server.rpc.slowness.timeout = 300000ms (custom)
2021-12-02 14:31:32,431 [pool-1011-thread-1] INFO  server.RaftServerConfigKeys (ConfUtils.java:logGet(44)) - raft.server.leaderelection.leader.step-down.wait-time = 10s (default)
2021-12-02 14:31:32,431 [pool-1011-thread-1] INFO  server.RaftServerConfigKeys (ConfUtils.java:logGet(44)) - raft.server.sleep.deviation.threshold = 300ms (default)
2021-12-02 14:31:32,431 [pool-1011-thread-1] INFO  server.RaftServerConfigKeys (ConfUtils.java:logGet(44)) - raft.server.log.appender.install.snapshot.enabled = false (custom)
2021-12-02 14:31:32,431 [pool-1011-thread-1] INFO  server.RaftServer$Division (ServerState.java:<init>(105)) - ecb5ef9a-e3c1-46e1-bc6e-74dcb14bbdd1@group-2DF00E79AB8C: ConfigurationManager, init=-1: [ecb5ef9a-e3c1-46e1-bc6e-74dcb14bbdd1|rpc:10.1.0.16:41883|priority:0, 378d0879-743d-4e9f-84ed-de5a08f6d2b8|rpc:10.1.0.16:33383|priority:0, 880aaef5-a54e-4898-af17-abc2dce457d4|rpc:10.1.0.16:38967|priority:1], old=null, confs=<EMPTY_MAP>
2021-12-02 14:31:32,431 [pool-1011-thread-1] INFO  server.RaftServerConfigKeys (ConfUtils.java:logGet(44)) - raft.server.storage.dir = [/home/runner/work/ozone/ozone/hadoop-ozone/integration-test/target/test-dir/MiniOzoneClusterImpl-fd94144e-5974-489a-b79f-b066564ba6f5/datanode-3/data/ratis] (custom)
2021-12-02 14:31:32,432 [pool-1011-thread-1] INFO  server.RaftServerConfigKeys (ConfUtils.java:logGet(44)) - raft.server.log.corruption.policy = EXCEPTION (default)
2021-12-02 14:31:32,432 [pool-1011-thread-1] INFO  server.RaftServerConfigKeys (ConfUtils.java:logGet(44)) - raft.server.storage.free-space.min = 0MB (=0) (default)
2021-12-02 14:31:32,432 [pool-1011-thread-1] INFO  storage.RaftStorageDirectory (RaftStorageDirectoryImpl.java:analyzeStorage(135)) - The storage directory /home/runner/work/ozone/ozone/hadoop-ozone/integration-test/target/test-dir/MiniOzoneClusterImpl-fd94144e-5974-489a-b79f-b066564ba6f5/datanode-3/data/ratis/a4f3e589-f13b-489d-90d4-2df00e79ab8c does not exist. Creating ...
2021-12-02 14:31:32,436 [pool-1011-thread-1] INFO  storage.RaftStorageDirectory (RaftStorageDirectoryImpl.java:tryLock(230)) - Lock on /home/runner/work/ozone/ozone/hadoop-ozone/integration-test/target/test-dir/MiniOzoneClusterImpl-fd94144e-5974-489a-b79f-b066564ba6f5/datanode-3/data/ratis/a4f3e589-f13b-489d-90d4-2df00e79ab8c/in_use.lock acquired by nodename 19423@fv-az59-375
2021-12-02 14:31:32,439 [pool-1011-thread-1] INFO  storage.RaftStorage (RaftStorageImpl.java:format(89)) - Storage directory /home/runner/work/ozone/ozone/hadoop-ozone/integration-test/target/test-dir/MiniOzoneClusterImpl-fd94144e-5974-489a-b79f-b066564ba6f5/datanode-3/data/ratis/a4f3e589-f13b-489d-90d4-2df00e79ab8c has been successfully formatted.
2021-12-02 14:31:32,441 [pool-1011-thread-1] INFO  ratis.ContainerStateMachine (ContainerStateMachine.java:loadSnapshot(224)) - group-2DF00E79AB8C: The snapshot info is null. Setting the last applied indexto:(t:0, i:~)
2021-12-02 14:31:32,441 [pool-1011-thread-1] INFO  server.RaftServerConfigKeys (ConfUtils.java:logGet(44)) - raft.server.notification.no-leader.timeout = 300000ms (custom)
2021-12-02 14:31:32,441 [pool-1011-thread-1] INFO  server.RaftServerConfigKeys (ConfUtils.java:logGet(44)) - raft.server.log.use.memory = false (default)
2021-12-02 14:31:32,441 [EventQueue-OpenPipelineForHealthyPipelineSafeModeRule] INFO  safemode.SCMSafeModeManager (HealthyPipelineSafeModeRule.java:process(124)) - SCM in safe mode. Healthy pipelines reported count is 0, required healthy pipeline reported count is 1
2021-12-02 14:31:32,441 [pool-1011-thread-1] INFO  server.RaftServerConfigKeys (ConfUtils.java:logGet(44)) - raft.server.log.purge.gap = 1000000 (custom)
2021-12-02 14:31:32,441 [pool-1011-thread-1] INFO  server.RaftServerConfigKeys (ConfUtils.java:logGet(44)) - raft.server.log.appender.buffer.byte-limit = 33554432 (custom)
2021-12-02 14:31:32,441 [pool-1011-thread-1] INFO  server.RaftServerConfigKeys (ConfUtils.java:logGet(44)) - raft.server.log.segment.size.max = 1048576 (custom)
2021-12-02 14:31:32,442 [pool-1011-thread-1] INFO  server.RaftServerConfigKeys (ConfUtils.java:logGet(44)) - raft.server.log.segment.cache.num.max = 2 (custom)
2021-12-02 14:31:32,442 [pool-1011-thread-1] INFO  server.RaftServerConfigKeys (ConfUtils.java:logGet(44)) - raft.server.log.segment.cache.size.max = 200MB (=209715200) (default)
2021-12-02 14:31:32,442 [pool-1011-thread-1] INFO  segmented.SegmentedRaftLogWorker (SegmentedRaftLogWorker.java:<init>(182)) - new ecb5ef9a-e3c1-46e1-bc6e-74dcb14bbdd1@group-2DF00E79AB8C-SegmentedRaftLogWorker for RaftStorageImpl:Storage Directory /home/runner/work/ozone/ozone/hadoop-ozone/integration-test/target/test-dir/MiniOzoneClusterImpl-fd94144e-5974-489a-b79f-b066564ba6f5/datanode-3/data/ratis/a4f3e589-f13b-489d-90d4-2df00e79ab8c
2021-12-02 14:31:32,442 [pool-1011-thread-1] INFO  server.RaftServerConfigKeys (ConfUtils.java:logGet(44)) - raft.server.log.queue.byte-limit = 2147483647 (custom)
2021-12-02 14:31:32,442 [pool-1011-thread-1] INFO  server.RaftServerConfigKeys (ConfUtils.java:logGet(44)) - raft.server.log.queue.element-limit = 1024 (custom)
2021-12-02 14:31:32,442 [pool-1011-thread-1] INFO  server.RaftServerConfigKeys (ConfUtils.java:logGet(44)) - raft.server.log.segment.size.max = 1048576 (custom)
2021-12-02 14:31:32,442 [pool-1011-thread-1] INFO  server.RaftServerConfigKeys (ConfUtils.java:logGet(44)) - raft.server.log.preallocated.size = 16384 (custom)
2021-12-02 14:31:32,442 [pool-1011-thread-1] INFO  server.RaftServerConfigKeys (ConfUtils.java:logGet(44)) - raft.server.log.force.sync.num = 128 (default)
2021-12-02 14:31:32,442 [pool-1011-thread-1] INFO  server.RaftServerConfigKeys (ConfUtils.java:logGet(44)) - raft.server.log.statemachine.data.sync = true (default)
2021-12-02 14:31:32,442 [pool-1011-thread-1] INFO  server.RaftServerConfigKeys (ConfUtils.java:logGet(44)) - raft.server.log.statemachine.data.sync.timeout = 10s (default)
2021-12-02 14:31:32,442 [pool-1011-thread-1] INFO  server.RaftServerConfigKeys (ConfUtils.java:logGet(44)) - raft.server.log.statemachine.data.sync.timeout.retry = -1 (default)
2021-12-02 14:31:32,444 [pool-1011-thread-1] INFO  server.RaftServerConfigKeys (ConfUtils.java:logGet(44)) - raft.server.log.write.buffer.size = 1048576 (custom)
2021-12-02 14:31:32,445 [pool-1011-thread-1] INFO  server.RaftServerConfigKeys (ConfUtils.java:logGet(44)) - raft.server.log.statemachine.data.caching.enabled = true (custom)
2021-12-02 14:31:32,445 [pool-1011-thread-1] INFO  segmented.SegmentedRaftLogWorker (SegmentedRaftLogWorker.java:lambda$new$0(133)) - ecb5ef9a-e3c1-46e1-bc6e-74dcb14bbdd1@group-2DF00E79AB8C-SegmentedRaftLogWorker: flushIndex: setUnconditionally 0 -> -1
2021-12-02 14:31:32,445 [pool-1011-thread-1] INFO  segmented.SegmentedRaftLogWorker (SegmentedRaftLogWorker.java:lambda$new$0(133)) - ecb5ef9a-e3c1-46e1-bc6e-74dcb14bbdd1@group-2DF00E79AB8C-SegmentedRaftLogWorker: safeCacheEvictIndex: setUnconditionally 0 -> -1
2021-12-02 14:31:32,453 [pool-1011-thread-1] INFO  server.RaftServerConfigKeys (ConfUtils.java:logGet(44)) - raft.server.snapshot.auto.trigger.enabled = true (custom)
2021-12-02 14:31:32,453 [pool-1011-thread-1] INFO  server.RaftServerConfigKeys (ConfUtils.java:logGet(44)) - raft.server.snapshot.auto.trigger.threshold = 10000 (custom)
2021-12-02 14:31:32,453 [pool-1011-thread-1] INFO  server.RaftServerConfigKeys (ConfUtils.java:logGet(44)) - raft.server.snapshot.retention.file.num = 5 (custom)
2021-12-02 14:31:32,453 [pool-1011-thread-1] INFO  server.RaftServerConfigKeys (ConfUtils.java:logGet(44)) - raft.server.log.purge.upto.snapshot.index = false (default)
2021-12-02 14:31:32,454 [pool-1011-thread-1] INFO  server.RaftServerConfigKeys (ConfUtils.java:logGet(44)) - raft.server.retrycache.expirytime = 600000ms (custom)
2021-12-02 14:31:32,454 [pool-1011-thread-1] INFO  server.RaftServerConfigKeys (ConfUtils.java:logGet(44)) - raft.server.retrycache.statistics.expirytime = 100μs (default)
2021-12-02 14:31:32,455 [pool-1011-thread-1] INFO  server.RaftServer$Division (RaftServerImpl.java:start(301)) - ecb5ef9a-e3c1-46e1-bc6e-74dcb14bbdd1@group-2DF00E79AB8C: start as a follower, conf=-1: [ecb5ef9a-e3c1-46e1-bc6e-74dcb14bbdd1|rpc:10.1.0.16:41883|priority:0, 378d0879-743d-4e9f-84ed-de5a08f6d2b8|rpc:10.1.0.16:33383|priority:0, 880aaef5-a54e-4898-af17-abc2dce457d4|rpc:10.1.0.16:38967|priority:1], old=null
2021-12-02 14:31:32,455 [pool-1011-thread-1] INFO  server.RaftServer$Division (RaftServerImpl.java:setRole(290)) - ecb5ef9a-e3c1-46e1-bc6e-74dcb14bbdd1@group-2DF00E79AB8C: changes role from      null to FOLLOWER at term 0 for startAsFollower
2021-12-02 14:31:32,456 [pool-1011-thread-1] INFO  impl.RoleInfo (RoleInfo.java:updateAndGet(130)) - ecb5ef9a-e3c1-46e1-bc6e-74dcb14bbdd1: start ecb5ef9a-e3c1-46e1-bc6e-74dcb14bbdd1@group-2DF00E79AB8C-FollowerState
2021-12-02 14:31:32,471 [pool-1011-thread-1] INFO  util.JmxRegister (JmxRegister.java:tryRegister(44)) - Successfully registered JMX Bean with object name Ratis:service=RaftServer,group=group-2DF00E79AB8C,id=ecb5ef9a-e3c1-46e1-bc6e-74dcb14bbdd1
2021-12-02 14:31:32,481 [Command processor thread] INFO  ratis.XceiverServerRatis (XceiverServerRatis.java:addGroup(768)) - Created group PipelineID=a4f3e589-f13b-489d-90d4-2df00e79ab8c
2021-12-02 14:31:32,514 [pool-1030-thread-1] INFO  util.JmxRegister (JmxRegister.java:tryRegister(44)) - Successfully registered JMX Bean with object name Ratis:service=RaftServer,group=group-DDB2A36C08AC,id=880aaef5-a54e-4898-af17-abc2dce457d4
2021-12-02 14:31:32,523 [Command processor thread] INFO  ratis.XceiverServerRatis (XceiverServerRatis.java:addGroup(768)) - Created group PipelineID=c684c223-e4a5-4ecd-928a-ddb2a36c08ac
2021-12-02 14:31:32,523 [Command processor thread] INFO  commandhandler.CreatePipelineCommandHandler (CreatePipelineCommandHandler.java:handle(106)) - Created Pipeline RATIS ONE PipelineID=c684c223-e4a5-4ecd-928a-ddb2a36c08ac.
2021-12-02 14:31:32,523 [Command processor thread] INFO  server.RaftServer (RaftServerProxy.java:addNew(95)) - 880aaef5-a54e-4898-af17-abc2dce457d4: addNew group-2DF00E79AB8C:[ecb5ef9a-e3c1-46e1-bc6e-74dcb14bbdd1|rpc:10.1.0.16:41883|priority:0, 378d0879-743d-4e9f-84ed-de5a08f6d2b8|rpc:10.1.0.16:33383|priority:0, 880aaef5-a54e-4898-af17-abc2dce457d4|rpc:10.1.0.16:38967|priority:1] returns group-2DF00E79AB8C:java.util.concurrent.CompletableFuture@33415adf[Not completed]
2021-12-02 14:31:32,524 [pool-1030-thread-1] INFO  server.RaftServer$Division (RaftServerImpl.java:<init>(184)) - 880aaef5-a54e-4898-af17-abc2dce457d4: new RaftServerImpl for group-2DF00E79AB8C:[ecb5ef9a-e3c1-46e1-bc6e-74dcb14bbdd1|rpc:10.1.0.16:41883|priority:0, 378d0879-743d-4e9f-84ed-de5a08f6d2b8|rpc:10.1.0.16:33383|priority:0, 880aaef5-a54e-4898-af17-abc2dce457d4|rpc:10.1.0.16:38967|priority:1] with ContainerStateMachine:uninitialized
2021-12-02 14:31:32,524 [pool-1030-thread-1] INFO  server.RaftServerConfigKeys (ConfUtils.java:logGet(44)) - raft.server.rpc.timeout.min = 5s (custom)
2021-12-02 14:31:32,524 [pool-1030-thread-1] INFO  server.RaftServerConfigKeys (ConfUtils.java:logGet(44)) - raft.server.rpc.timeout.max = 5200ms (custom)
2021-12-02 14:31:32,524 [pool-1030-thread-1] INFO  server.RaftServerConfigKeys (ConfUtils.java:logGet(44)) - raft.server.rpc.sleep.time = 25ms (default)
2021-12-02 14:31:32,524 [pool-1030-thread-1] INFO  server.RaftServerConfigKeys (ConfUtils.java:logGet(44)) - raft.server.rpc.slowness.timeout = 300000ms (custom)
2021-12-02 14:31:32,524 [pool-1030-thread-1] INFO  server.RaftServerConfigKeys (ConfUtils.java:logGet(44)) - raft.server.leaderelection.leader.step-down.wait-time = 10s (default)
2021-12-02 14:31:32,524 [pool-1030-thread-1] INFO  server.RaftServerConfigKeys (ConfUtils.java:logGet(44)) - raft.server.sleep.deviation.threshold = 300ms (default)
2021-12-02 14:31:32,524 [pool-1030-thread-1] INFO  server.RaftServerConfigKeys (ConfUtils.java:logGet(44)) - raft.server.log.appender.install.snapshot.enabled = false (custom)
2021-12-02 14:31:32,524 [pool-1030-thread-1] INFO  server.RaftServer$Division (ServerState.java:<init>(105)) - 880aaef5-a54e-4898-af17-abc2dce457d4@group-2DF00E79AB8C: ConfigurationManager, init=-1: [ecb5ef9a-e3c1-46e1-bc6e-74dcb14bbdd1|rpc:10.1.0.16:41883|priority:0, 378d0879-743d-4e9f-84ed-de5a08f6d2b8|rpc:10.1.0.16:33383|priority:0, 880aaef5-a54e-4898-af17-abc2dce457d4|rpc:10.1.0.16:38967|priority:1], old=null, confs=<EMPTY_MAP>
2021-12-02 14:31:32,524 [pool-1030-thread-1] INFO  server.RaftServerConfigKeys (ConfUtils.java:logGet(44)) - raft.server.storage.dir = [/home/runner/work/ozone/ozone/hadoop-ozone/integration-test/target/test-dir/MiniOzoneClusterImpl-fd94144e-5974-489a-b79f-b066564ba6f5/datanode-4/data/ratis] (custom)
2021-12-02 14:31:32,525 [pool-1030-thread-1] INFO  server.RaftServerConfigKeys (ConfUtils.java:logGet(44)) - raft.server.log.corruption.policy = EXCEPTION (default)
2021-12-02 14:31:32,525 [pool-1030-thread-1] INFO  server.RaftServerConfigKeys (ConfUtils.java:logGet(44)) - raft.server.storage.free-space.min = 0MB (=0) (default)
2021-12-02 14:31:32,525 [pool-1030-thread-1] INFO  storage.RaftStorageDirectory (RaftStorageDirectoryImpl.java:analyzeStorage(135)) - The storage directory /home/runner/work/ozone/ozone/hadoop-ozone/integration-test/target/test-dir/MiniOzoneClusterImpl-fd94144e-5974-489a-b79f-b066564ba6f5/datanode-4/data/ratis/a4f3e589-f13b-489d-90d4-2df00e79ab8c does not exist. Creating ...
2021-12-02 14:31:32,527 [Command processor thread] INFO  server.RaftServer (RaftServerProxy.java:addNew(95)) - 378d0879-743d-4e9f-84ed-de5a08f6d2b8: addNew group-E7BC8A180859:[378d0879-743d-4e9f-84ed-de5a08f6d2b8|rpc:10.1.0.16:33383|priority:1] returns group-E7BC8A180859:java.util.concurrent.CompletableFuture@47d930cd[Not completed]
2021-12-02 14:31:32,528 [grpc-default-executor-5] INFO  server.RaftServer (RaftServerProxy.java:addNew(95)) - 378d0879-743d-4e9f-84ed-de5a08f6d2b8: addNew group-2DF00E79AB8C:[ecb5ef9a-e3c1-46e1-bc6e-74dcb14bbdd1|rpc:10.1.0.16:41883|dataStream:|priority:0, 378d0879-743d-4e9f-84ed-de5a08f6d2b8|rpc:10.1.0.16:33383|dataStream:|priority:0, 880aaef5-a54e-4898-af17-abc2dce457d4|rpc:10.1.0.16:38967|dataStream:|priority:1] returns group-2DF00E79AB8C:java.util.concurrent.CompletableFuture@70d79fe6[Not completed]
2021-12-02 14:31:32,528 [pool-1049-thread-1] INFO  server.RaftServer$Division (RaftServerImpl.java:<init>(184)) - 378d0879-743d-4e9f-84ed-de5a08f6d2b8: new RaftServerImpl for group-E7BC8A180859:[378d0879-743d-4e9f-84ed-de5a08f6d2b8|rpc:10.1.0.16:33383|priority:1] with ContainerStateMachine:uninitialized
2021-12-02 14:31:32,529 [pool-1049-thread-1] INFO  server.RaftServerConfigKeys (ConfUtils.java:logGet(44)) - raft.server.rpc.timeout.min = 5s (custom)
2021-12-02 14:31:32,529 [pool-1049-thread-1] INFO  server.RaftServerConfigKeys (ConfUtils.java:logGet(44)) - raft.server.rpc.timeout.max = 5200ms (custom)
2021-12-02 14:31:32,529 [pool-1049-thread-1] INFO  server.RaftServerConfigKeys (ConfUtils.java:logGet(44)) - raft.server.rpc.sleep.time = 25ms (default)
2021-12-02 14:31:32,529 [pool-1049-thread-1] INFO  server.RaftServerConfigKeys (ConfUtils.java:logGet(44)) - raft.server.rpc.slowness.timeout = 300000ms (custom)
2021-12-02 14:31:32,529 [pool-1049-thread-1] INFO  server.RaftServerConfigKeys (ConfUtils.java:logGet(44)) - raft.server.leaderelection.leader.step-down.wait-time = 10s (default)
2021-12-02 14:31:32,529 [pool-1049-thread-1] INFO  server.RaftServerConfigKeys (ConfUtils.java:logGet(44)) - raft.server.sleep.deviation.threshold = 300ms (default)
2021-12-02 14:31:32,529 [pool-1049-thread-1] INFO  server.RaftServerConfigKeys (ConfUtils.java:logGet(44)) - raft.server.log.appender.install.snapshot.enabled = false (custom)
2021-12-02 14:31:32,529 [pool-1049-thread-1] INFO  server.RaftServer$Division (ServerState.java:<init>(105)) - 378d0879-743d-4e9f-84ed-de5a08f6d2b8@group-E7BC8A180859: ConfigurationManager, init=-1: [378d0879-743d-4e9f-84ed-de5a08f6d2b8|rpc:10.1.0.16:33383|priority:1], old=null, confs=<EMPTY_MAP>
2021-12-02 14:31:32,529 [pool-1049-thread-1] INFO  server.RaftServerConfigKeys (ConfUtils.java:logGet(44)) - raft.server.storage.dir = [/home/runner/work/ozone/ozone/hadoop-ozone/integration-test/target/test-dir/MiniOzoneClusterImpl-fd94144e-5974-489a-b79f-b066564ba6f5/datanode-5/data/ratis] (custom)
2021-12-02 14:31:32,529 [pool-1049-thread-1] INFO  server.RaftServerConfigKeys (ConfUtils.java:logGet(44)) - raft.server.log.corruption.policy = EXCEPTION (default)
2021-12-02 14:31:32,529 [pool-1049-thread-1] INFO  server.RaftServerConfigKeys (ConfUtils.java:logGet(44)) - raft.server.storage.free-space.min = 0MB (=0) (default)
2021-12-02 14:31:32,529 [pool-1049-thread-1] INFO  storage.RaftStorageDirectory (RaftStorageDirectoryImpl.java:analyzeStorage(135)) - The storage directory /home/runner/work/ozone/ozone/hadoop-ozone/integration-test/target/test-dir/MiniOzoneClusterImpl-fd94144e-5974-489a-b79f-b066564ba6f5/datanode-5/data/ratis/eaae410a-8b87-45eb-abaa-e7bc8a180859 does not exist. Creating ...
2021-12-02 14:31:32,532 [pool-1030-thread-1] INFO  storage.RaftStorageDirectory (RaftStorageDirectoryImpl.java:tryLock(230)) - Lock on /home/runner/work/ozone/ozone/hadoop-ozone/integration-test/target/test-dir/MiniOzoneClusterImpl-fd94144e-5974-489a-b79f-b066564ba6f5/datanode-4/data/ratis/a4f3e589-f13b-489d-90d4-2df00e79ab8c/in_use.lock acquired by nodename 19423@fv-az59-375
2021-12-02 14:31:32,534 [pool-1030-thread-1] INFO  storage.RaftStorage (RaftStorageImpl.java:format(89)) - Storage directory /home/runner/work/ozone/ozone/hadoop-ozone/integration-test/target/test-dir/MiniOzoneClusterImpl-fd94144e-5974-489a-b79f-b066564ba6f5/datanode-4/data/ratis/a4f3e589-f13b-489d-90d4-2df00e79ab8c has been successfully formatted.
2021-12-02 14:31:32,534 [pool-1030-thread-1] INFO  ratis.ContainerStateMachine (ContainerStateMachine.java:loadSnapshot(224)) - group-2DF00E79AB8C: The snapshot info is null. Setting the last applied indexto:(t:0, i:~)
2021-12-02 14:31:32,534 [pool-1030-thread-1] INFO  server.RaftServerConfigKeys (ConfUtils.java:logGet(44)) - raft.server.notification.no-leader.timeout = 300000ms (custom)
2021-12-02 14:31:32,534 [pool-1030-thread-1] INFO  server.RaftServerConfigKeys (ConfUtils.java:logGet(44)) - raft.server.log.use.memory = false (default)
2021-12-02 14:31:32,534 [pool-1030-thread-1] INFO  server.RaftServerConfigKeys (ConfUtils.java:logGet(44)) - raft.server.log.purge.gap = 1000000 (custom)
2021-12-02 14:31:32,534 [pool-1030-thread-1] INFO  server.RaftServerConfigKeys (ConfUtils.java:logGet(44)) - raft.server.log.appender.buffer.byte-limit = 33554432 (custom)
2021-12-02 14:31:32,535 [pool-1049-thread-1] INFO  storage.RaftStorageDirectory (RaftStorageDirectoryImpl.java:tryLock(230)) - Lock on /home/runner/work/ozone/ozone/hadoop-ozone/integration-test/target/test-dir/MiniOzoneClusterImpl-fd94144e-5974-489a-b79f-b066564ba6f5/datanode-5/data/ratis/eaae410a-8b87-45eb-abaa-e7bc8a180859/in_use.lock acquired by nodename 19423@fv-az59-375
2021-12-02 14:31:32,535 [pool-1030-thread-1] INFO  server.RaftServerConfigKeys (ConfUtils.java:logGet(44)) - raft.server.log.segment.size.max = 1048576 (custom)
2021-12-02 14:31:32,536 [EventQueue-OpenPipelineForHealthyPipelineSafeModeRule] INFO  safemode.SCMSafeModeManager (HealthyPipelineSafeModeRule.java:process(124)) - SCM in safe mode. Healthy pipelines reported count is 0, required healthy pipeline reported count is 1
2021-12-02 14:31:32,536 [pool-1049-thread-1] INFO  storage.RaftStorage (RaftStorageImpl.java:format(89)) - Storage directory /home/runner/work/ozone/ozone/hadoop-ozone/integration-test/target/test-dir/MiniOzoneClusterImpl-fd94144e-5974-489a-b79f-b066564ba6f5/datanode-5/data/ratis/eaae410a-8b87-45eb-abaa-e7bc8a180859 has been successfully formatted.
2021-12-02 14:31:32,536 [pool-1049-thread-1] INFO  ratis.ContainerStateMachine (ContainerStateMachine.java:loadSnapshot(224)) - group-E7BC8A180859: The snapshot info is null. Setting the last applied indexto:(t:0, i:~)
2021-12-02 14:31:32,537 [pool-1049-thread-1] INFO  server.RaftServerConfigKeys (ConfUtils.java:logGet(44)) - raft.server.notification.no-leader.timeout = 300000ms (custom)
2021-12-02 14:31:32,537 [EventQueue-PipelineReportForPipelineReportHandler] INFO  pipeline.PipelineManagerImpl (PipelineManagerImpl.java:openPipeline(289)) - Pipeline Pipeline[ Id: eaae410a-8b87-45eb-abaa-e7bc8a180859, Nodes: 378d0879-743d-4e9f-84ed-de5a08f6d2b8{ip: 10.1.0.16, host: fv-az59-375.csjynl4pkq3e1pkirw3ssqjfoh.cx.internal.cloudapp.net, ports: [REPLICATION=39567, RATIS=33383, RATIS_ADMIN=33383, RATIS_SERVER=33383, STANDALONE=41955], networkLocation: /default-rack, certSerialId: null, persistedOpState: IN_SERVICE, persistedOpStateExpiryEpochSec: 0}, ReplicationConfig: RATIS/ONE, State:ALLOCATED, leaderId:378d0879-743d-4e9f-84ed-de5a08f6d2b8, CreationTimestamp2021-12-02T14:31:29.482Z[Etc/UTC]] moved to OPEN state
2021-12-02 14:31:32,537 [EventQueue-OpenPipelineForHealthyPipelineSafeModeRule] INFO  safemode.SCMSafeModeManager (HealthyPipelineSafeModeRule.java:process(124)) - SCM in safe mode. Healthy pipelines reported count is 0, required healthy pipeline reported count is 1
2021-12-02 14:31:32,537 [pool-1030-thread-1] INFO  server.RaftServerConfigKeys (ConfUtils.java:logGet(44)) - raft.server.log.segment.cache.num.max = 2 (custom)
2021-12-02 14:31:32,537 [pool-1049-thread-1] INFO  server.RaftServerConfigKeys (ConfUtils.java:logGet(44)) - raft.server.log.use.memory = false (default)
2021-12-02 14:31:32,555 [pool-1049-thread-1] INFO  server.RaftServerConfigKeys (ConfUtils.java:logGet(44)) - raft.server.log.purge.gap = 1000000 (custom)
2021-12-02 14:31:32,556 [pool-1049-thread-1] INFO  server.RaftServerConfigKeys (ConfUtils.java:logGet(44)) - raft.server.log.appender.buffer.byte-limit = 33554432 (custom)
2021-12-02 14:31:32,556 [pool-1049-thread-1] INFO  server.RaftServerConfigKeys (ConfUtils.java:logGet(44)) - raft.server.log.segment.size.max = 1048576 (custom)
2021-12-02 14:31:32,556 [pool-1049-thread-1] INFO  server.RaftServerConfigKeys (ConfUtils.java:logGet(44)) - raft.server.log.segment.cache.num.max = 2 (custom)
2021-12-02 14:31:32,556 [pool-1049-thread-1] INFO  server.RaftServerConfigKeys (ConfUtils.java:logGet(44)) - raft.server.log.segment.cache.size.max = 200MB (=209715200) (default)
2021-12-02 14:31:32,556 [pool-1049-thread-1] INFO  segmented.SegmentedRaftLogWorker (SegmentedRaftLogWorker.java:<init>(182)) - new 378d0879-743d-4e9f-84ed-de5a08f6d2b8@group-E7BC8A180859-SegmentedRaftLogWorker for RaftStorageImpl:Storage Directory /home/runner/work/ozone/ozone/hadoop-ozone/integration-test/target/test-dir/MiniOzoneClusterImpl-fd94144e-5974-489a-b79f-b066564ba6f5/datanode-5/data/ratis/eaae410a-8b87-45eb-abaa-e7bc8a180859
2021-12-02 14:31:32,556 [pool-1049-thread-1] INFO  server.RaftServerConfigKeys (ConfUtils.java:logGet(44)) - raft.server.log.queue.byte-limit = 2147483647 (custom)
2021-12-02 14:31:32,556 [pool-1049-thread-1] INFO  server.RaftServerConfigKeys (ConfUtils.java:logGet(44)) - raft.server.log.queue.element-limit = 1024 (custom)
2021-12-02 14:31:32,557 [pool-1049-thread-1] INFO  server.RaftServerConfigKeys (ConfUtils.java:logGet(44)) - raft.server.log.segment.size.max = 1048576 (custom)
2021-12-02 14:31:32,557 [pool-1049-thread-1] INFO  server.RaftServerConfigKeys (ConfUtils.java:logGet(44)) - raft.server.log.preallocated.size = 16384 (custom)
2021-12-02 14:31:32,557 [pool-1049-thread-1] INFO  server.RaftServerConfigKeys (ConfUtils.java:logGet(44)) - raft.server.log.force.sync.num = 128 (default)
2021-12-02 14:31:32,557 [pool-1049-thread-1] INFO  server.RaftServerConfigKeys (ConfUtils.java:logGet(44)) - raft.server.log.statemachine.data.sync = true (default)
2021-12-02 14:31:32,557 [pool-1049-thread-1] INFO  server.RaftServerConfigKeys (ConfUtils.java:logGet(44)) - raft.server.log.statemachine.data.sync.timeout = 10s (default)
2021-12-02 14:31:32,557 [pool-1049-thread-1] INFO  server.RaftServerConfigKeys (ConfUtils.java:logGet(44)) - raft.server.log.statemachine.data.sync.timeout.retry = -1 (default)
2021-12-02 14:31:32,558 [pool-1049-thread-1] INFO  server.RaftServerConfigKeys (ConfUtils.java:logGet(44)) - raft.server.log.write.buffer.size = 1048576 (custom)
2021-12-02 14:31:32,554 [pool-1030-thread-1] INFO  server.RaftServerConfigKeys (ConfUtils.java:logGet(44)) - raft.server.log.segment.cache.size.max = 200MB (=209715200) (default)
2021-12-02 14:31:32,559 [pool-1030-thread-1] INFO  segmented.SegmentedRaftLogWorker (SegmentedRaftLogWorker.java:<init>(182)) - new 880aaef5-a54e-4898-af17-abc2dce457d4@group-2DF00E79AB8C-SegmentedRaftLogWorker for RaftStorageImpl:Storage Directory /home/runner/work/ozone/ozone/hadoop-ozone/integration-test/target/test-dir/MiniOzoneClusterImpl-fd94144e-5974-489a-b79f-b066564ba6f5/datanode-4/data/ratis/a4f3e589-f13b-489d-90d4-2df00e79ab8c
2021-12-02 14:31:32,559 [pool-1030-thread-1] INFO  server.RaftServerConfigKeys (ConfUtils.java:logGet(44)) - raft.server.log.queue.byte-limit = 2147483647 (custom)
2021-12-02 14:31:32,559 [pool-1030-thread-1] INFO  server.RaftServerConfigKeys (ConfUtils.java:logGet(44)) - raft.server.log.queue.element-limit = 1024 (custom)
2021-12-02 14:31:32,559 [pool-1030-thread-1] INFO  server.RaftServerConfigKeys (ConfUtils.java:logGet(44)) - raft.server.log.segment.size.max = 1048576 (custom)
2021-12-02 14:31:32,559 [pool-1030-thread-1] INFO  server.RaftServerConfigKeys (ConfUtils.java:logGet(44)) - raft.server.log.preallocated.size = 16384 (custom)
2021-12-02 14:31:32,559 [pool-1030-thread-1] INFO  server.RaftServerConfigKeys (ConfUtils.java:logGet(44)) - raft.server.log.force.sync.num = 128 (default)
2021-12-02 14:31:32,559 [pool-1030-thread-1] INFO  server.RaftServerConfigKeys (ConfUtils.java:logGet(44)) - raft.server.log.statemachine.data.sync = true (default)
2021-12-02 14:31:32,559 [pool-1030-thread-1] INFO  server.RaftServerConfigKeys (ConfUtils.java:logGet(44)) - raft.server.log.statemachine.data.sync.timeout = 10s (default)
2021-12-02 14:31:32,560 [pool-1030-thread-1] INFO  server.RaftServerConfigKeys (ConfUtils.java:logGet(44)) - raft.server.log.statemachine.data.sync.timeout.retry = -1 (default)
2021-12-02 14:31:32,561 [pool-1030-thread-1] INFO  server.RaftServerConfigKeys (ConfUtils.java:logGet(44)) - raft.server.log.write.buffer.size = 1048576 (custom)
2021-12-02 14:31:32,563 [pool-1030-thread-1] INFO  server.RaftServerConfigKeys (ConfUtils.java:logGet(44)) - raft.server.log.statemachine.data.caching.enabled = true (custom)
2021-12-02 14:31:32,563 [pool-1030-thread-1] INFO  segmented.SegmentedRaftLogWorker (SegmentedRaftLogWorker.java:lambda$new$0(133)) - 880aaef5-a54e-4898-af17-abc2dce457d4@group-2DF00E79AB8C-SegmentedRaftLogWorker: flushIndex: setUnconditionally 0 -> -1
2021-12-02 14:31:32,563 [pool-1049-thread-1] INFO  server.RaftServerConfigKeys (ConfUtils.java:logGet(44)) - raft.server.log.statemachine.data.caching.enabled = true (custom)
2021-12-02 14:31:32,575 [pool-1049-thread-1] INFO  segmented.SegmentedRaftLogWorker (SegmentedRaftLogWorker.java:lambda$new$0(133)) - 378d0879-743d-4e9f-84ed-de5a08f6d2b8@group-E7BC8A180859-SegmentedRaftLogWorker: flushIndex: setUnconditionally 0 -> -1
2021-12-02 14:31:32,575 [pool-1049-thread-1] INFO  segmented.SegmentedRaftLogWorker (SegmentedRaftLogWorker.java:lambda$new$0(133)) - 378d0879-743d-4e9f-84ed-de5a08f6d2b8@group-E7BC8A180859-SegmentedRaftLogWorker: safeCacheEvictIndex: setUnconditionally 0 -> -1
2021-12-02 14:31:32,575 [pool-1030-thread-1] INFO  segmented.SegmentedRaftLogWorker (SegmentedRaftLogWorker.java:lambda$new$0(133)) - 880aaef5-a54e-4898-af17-abc2dce457d4@group-2DF00E79AB8C-SegmentedRaftLogWorker: safeCacheEvictIndex: setUnconditionally 0 -> -1
2021-12-02 14:31:32,583 [pool-1049-thread-1] INFO  server.RaftServerConfigKeys (ConfUtils.java:logGet(44)) - raft.server.snapshot.auto.trigger.enabled = true (custom)
2021-12-02 14:31:32,583 [pool-1049-thread-1] INFO  server.RaftServerConfigKeys (ConfUtils.java:logGet(44)) - raft.server.snapshot.auto.trigger.threshold = 10000 (custom)
2021-12-02 14:31:32,583 [pool-1049-thread-1] INFO  server.RaftServerConfigKeys (ConfUtils.java:logGet(44)) - raft.server.snapshot.retention.file.num = 5 (custom)
2021-12-02 14:31:32,583 [pool-1049-thread-1] INFO  server.RaftServerConfigKeys (ConfUtils.java:logGet(44)) - raft.server.log.purge.upto.snapshot.index = false (default)
2021-12-02 14:31:32,583 [pool-1049-thread-1] INFO  server.RaftServerConfigKeys (ConfUtils.java:logGet(44)) - raft.server.retrycache.expirytime = 600000ms (custom)
2021-12-02 14:31:32,583 [pool-1049-thread-1] INFO  server.RaftServerConfigKeys (ConfUtils.java:logGet(44)) - raft.server.retrycache.statistics.expirytime = 100μs (default)
2021-12-02 14:31:32,585 [pool-1030-thread-1] INFO  server.RaftServerConfigKeys (ConfUtils.java:logGet(44)) - raft.server.snapshot.auto.trigger.enabled = true (custom)
2021-12-02 14:31:32,586 [pool-1030-thread-1] INFO  server.RaftServerConfigKeys (ConfUtils.java:logGet(44)) - raft.server.snapshot.auto.trigger.threshold = 10000 (custom)
2021-12-02 14:31:32,586 [pool-1030-thread-1] INFO  server.RaftServerConfigKeys (ConfUtils.java:logGet(44)) - raft.server.snapshot.retention.file.num = 5 (custom)
2021-12-02 14:31:32,586 [pool-1030-thread-1] INFO  server.RaftServerConfigKeys (ConfUtils.java:logGet(44)) - raft.server.log.purge.upto.snapshot.index = false (default)
2021-12-02 14:31:32,586 [pool-1030-thread-1] INFO  server.RaftServerConfigKeys (ConfUtils.java:logGet(44)) - raft.server.retrycache.expirytime = 600000ms (custom)
2021-12-02 14:31:32,586 [pool-1030-thread-1] INFO  server.RaftServerConfigKeys (ConfUtils.java:logGet(44)) - raft.server.retrycache.statistics.expirytime = 100μs (default)
2021-12-02 14:31:32,588 [pool-1030-thread-1] INFO  server.RaftServer$Division (RaftServerImpl.java:start(301)) - 880aaef5-a54e-4898-af17-abc2dce457d4@group-2DF00E79AB8C: start as a follower, conf=-1: [ecb5ef9a-e3c1-46e1-bc6e-74dcb14bbdd1|rpc:10.1.0.16:41883|priority:0, 378d0879-743d-4e9f-84ed-de5a08f6d2b8|rpc:10.1.0.16:33383|priority:0, 880aaef5-a54e-4898-af17-abc2dce457d4|rpc:10.1.0.16:38967|priority:1], old=null
2021-12-02 14:31:32,588 [pool-1030-thread-1] INFO  server.RaftServer$Division (RaftServerImpl.java:setRole(290)) - 880aaef5-a54e-4898-af17-abc2dce457d4@group-2DF00E79AB8C: changes role from      null to FOLLOWER at term 0 for startAsFollower
2021-12-02 14:31:32,588 [pool-1030-thread-1] INFO  impl.RoleInfo (RoleInfo.java:updateAndGet(130)) - 880aaef5-a54e-4898-af17-abc2dce457d4: start 880aaef5-a54e-4898-af17-abc2dce457d4@group-2DF00E79AB8C-FollowerState
2021-12-02 14:31:32,589 [pool-1030-thread-1] INFO  util.JmxRegister (JmxRegister.java:tryRegister(44)) - Successfully registered JMX Bean with object name Ratis:service=RaftServer,group=group-2DF00E79AB8C,id=880aaef5-a54e-4898-af17-abc2dce457d4
2021-12-02 14:31:32,590 [Command processor thread] INFO  ratis.XceiverServerRatis (XceiverServerRatis.java:addGroup(768)) - Created group PipelineID=a4f3e589-f13b-489d-90d4-2df00e79ab8c
2021-12-02 14:31:32,605 [pool-1049-thread-1] INFO  server.RaftServer$Division (RaftServerImpl.java:<init>(184)) - 378d0879-743d-4e9f-84ed-de5a08f6d2b8: new RaftServerImpl for group-2DF00E79AB8C:[ecb5ef9a-e3c1-46e1-bc6e-74dcb14bbdd1|rpc:10.1.0.16:41883|dataStream:|priority:0, 378d0879-743d-4e9f-84ed-de5a08f6d2b8|rpc:10.1.0.16:33383|dataStream:|priority:0, 880aaef5-a54e-4898-af17-abc2dce457d4|rpc:10.1.0.16:38967|dataStream:|priority:1] with ContainerStateMachine:uninitialized
2021-12-02 14:31:32,606 [pool-1049-thread-1] INFO  server.RaftServerConfigKeys (ConfUtils.java:logGet(44)) - raft.server.rpc.timeout.min = 5s (custom)
2021-12-02 14:31:32,607 [pool-1049-thread-1] INFO  server.RaftServerConfigKeys (ConfUtils.java:logGet(44)) - raft.server.rpc.timeout.max = 5200ms (custom)
2021-12-02 14:31:32,607 [pool-1049-thread-1] INFO  server.RaftServerConfigKeys (ConfUtils.java:logGet(44)) - raft.server.rpc.sleep.time = 25ms (default)
2021-12-02 14:31:32,607 [pool-1049-thread-1] INFO  server.RaftServerConfigKeys (ConfUtils.java:logGet(44)) - raft.server.rpc.slowness.timeout = 300000ms (custom)
2021-12-02 14:31:32,607 [pool-1049-thread-1] INFO  server.RaftServerConfigKeys (ConfUtils.java:logGet(44)) - raft.server.leaderelection.leader.step-down.wait-time = 10s (default)
2021-12-02 14:31:32,607 [pool-1049-thread-1] INFO  server.RaftServerConfigKeys (ConfUtils.java:logGet(44)) - raft.server.sleep.deviation.threshold = 300ms (default)
2021-12-02 14:31:32,607 [pool-1049-thread-1] INFO  server.RaftServerConfigKeys (ConfUtils.java:logGet(44)) - raft.server.log.appender.install.snapshot.enabled = false (custom)
2021-12-02 14:31:32,607 [pool-1049-thread-1] INFO  server.RaftServer$Division (ServerState.java:<init>(105)) - 378d0879-743d-4e9f-84ed-de5a08f6d2b8@group-2DF00E79AB8C: ConfigurationManager, init=-1: [ecb5ef9a-e3c1-46e1-bc6e-74dcb14bbdd1|rpc:10.1.0.16:41883|dataStream:|priority:0, 378d0879-743d-4e9f-84ed-de5a08f6d2b8|rpc:10.1.0.16:33383|dataStream:|priority:0, 880aaef5-a54e-4898-af17-abc2dce457d4|rpc:10.1.0.16:38967|dataStream:|priority:1], old=null, confs=<EMPTY_MAP>
2021-12-02 14:31:32,607 [pool-1049-thread-1] INFO  server.RaftServerConfigKeys (ConfUtils.java:logGet(44)) - raft.server.storage.dir = [/home/runner/work/ozone/ozone/hadoop-ozone/integration-test/target/test-dir/MiniOzoneClusterImpl-fd94144e-5974-489a-b79f-b066564ba6f5/datanode-5/data/ratis] (custom)
2021-12-02 14:31:32,611 [pool-1049-thread-1] INFO  server.RaftServerConfigKeys (ConfUtils.java:logGet(44)) - raft.server.log.corruption.policy = EXCEPTION (default)
2021-12-02 14:31:32,611 [pool-1049-thread-1] INFO  server.RaftServerConfigKeys (ConfUtils.java:logGet(44)) - raft.server.storage.free-space.min = 0MB (=0) (default)
2021-12-02 14:31:32,612 [pool-1049-thread-1] INFO  storage.RaftStorageDirectory (RaftStorageDirectoryImpl.java:analyzeStorage(135)) - The storage directory /home/runner/work/ozone/ozone/hadoop-ozone/integration-test/target/test-dir/MiniOzoneClusterImpl-fd94144e-5974-489a-b79f-b066564ba6f5/datanode-5/data/ratis/a4f3e589-f13b-489d-90d4-2df00e79ab8c does not exist. Creating ...
2021-12-02 14:31:32,620 [pool-1049-thread-1] INFO  storage.RaftStorageDirectory (RaftStorageDirectoryImpl.java:tryLock(230)) - Lock on /home/runner/work/ozone/ozone/hadoop-ozone/integration-test/target/test-dir/MiniOzoneClusterImpl-fd94144e-5974-489a-b79f-b066564ba6f5/datanode-5/data/ratis/a4f3e589-f13b-489d-90d4-2df00e79ab8c/in_use.lock acquired by nodename 19423@fv-az59-375
2021-12-02 14:31:32,659 [pool-1049-thread-1] INFO  storage.RaftStorage (RaftStorageImpl.java:format(89)) - Storage directory /home/runner/work/ozone/ozone/hadoop-ozone/integration-test/target/test-dir/MiniOzoneClusterImpl-fd94144e-5974-489a-b79f-b066564ba6f5/datanode-5/data/ratis/a4f3e589-f13b-489d-90d4-2df00e79ab8c has been successfully formatted.
2021-12-02 14:31:32,660 [pool-1049-thread-1] INFO  ratis.ContainerStateMachine (ContainerStateMachine.java:loadSnapshot(224)) - group-2DF00E79AB8C: The snapshot info is null. Setting the last applied indexto:(t:0, i:~)
2021-12-02 14:31:32,660 [pool-1049-thread-1] INFO  server.RaftServerConfigKeys (ConfUtils.java:logGet(44)) - raft.server.notification.no-leader.timeout = 300000ms (custom)
2021-12-02 14:31:32,660 [pool-1049-thread-1] INFO  server.RaftServerConfigKeys (ConfUtils.java:logGet(44)) - raft.server.log.use.memory = false (default)
2021-12-02 14:31:32,660 [pool-1049-thread-1] INFO  server.RaftServerConfigKeys (ConfUtils.java:logGet(44)) - raft.server.log.purge.gap = 1000000 (custom)
2021-12-02 14:31:32,660 [pool-1049-thread-1] INFO  server.RaftServerConfigKeys (ConfUtils.java:logGet(44)) - raft.server.log.appender.buffer.byte-limit = 33554432 (custom)
2021-12-02 14:31:32,660 [pool-1049-thread-1] INFO  server.RaftServerConfigKeys (ConfUtils.java:logGet(44)) - raft.server.log.segment.size.max = 1048576 (custom)
2021-12-02 14:31:32,661 [pool-1049-thread-1] INFO  server.RaftServerConfigKeys (ConfUtils.java:logGet(44)) - raft.server.log.segment.cache.num.max = 2 (custom)
2021-12-02 14:31:32,661 [pool-1049-thread-1] INFO  server.RaftServerConfigKeys (ConfUtils.java:logGet(44)) - raft.server.log.segment.cache.size.max = 200MB (=209715200) (default)
2021-12-02 14:31:32,661 [pool-1049-thread-1] INFO  segmented.SegmentedRaftLogWorker (SegmentedRaftLogWorker.java:<init>(182)) - new 378d0879-743d-4e9f-84ed-de5a08f6d2b8@group-2DF00E79AB8C-SegmentedRaftLogWorker for RaftStorageImpl:Storage Directory /home/runner/work/ozone/ozone/hadoop-ozone/integration-test/target/test-dir/MiniOzoneClusterImpl-fd94144e-5974-489a-b79f-b066564ba6f5/datanode-5/data/ratis/a4f3e589-f13b-489d-90d4-2df00e79ab8c
2021-12-02 14:31:32,661 [pool-1049-thread-1] INFO  server.RaftServerConfigKeys (ConfUtils.java:logGet(44)) - raft.server.log.queue.byte-limit = 2147483647 (custom)
2021-12-02 14:31:32,661 [pool-1049-thread-1] INFO  server.RaftServerConfigKeys (ConfUtils.java:logGet(44)) - raft.server.log.queue.element-limit = 1024 (custom)
2021-12-02 14:31:32,661 [pool-1049-thread-1] INFO  server.RaftServerConfigKeys (ConfUtils.java:logGet(44)) - raft.server.log.segment.size.max = 1048576 (custom)
2021-12-02 14:31:32,661 [pool-1049-thread-1] INFO  server.RaftServerConfigKeys (ConfUtils.java:logGet(44)) - raft.server.log.preallocated.size = 16384 (custom)
2021-12-02 14:31:32,661 [pool-1049-thread-1] INFO  server.RaftServerConfigKeys (ConfUtils.java:logGet(44)) - raft.server.log.force.sync.num = 128 (default)
2021-12-02 14:31:32,661 [pool-1049-thread-1] INFO  server.RaftServerConfigKeys (ConfUtils.java:logGet(44)) - raft.server.log.statemachine.data.sync = true (default)
2021-12-02 14:31:32,661 [pool-1049-thread-1] INFO  server.RaftServerConfigKeys (ConfUtils.java:logGet(44)) - raft.server.log.statemachine.data.sync.timeout = 10s (default)
2021-12-02 14:31:32,661 [pool-1049-thread-1] INFO  server.RaftServerConfigKeys (ConfUtils.java:logGet(44)) - raft.server.log.statemachine.data.sync.timeout.retry = -1 (default)
2021-12-02 14:31:32,662 [pool-1049-thread-1] INFO  server.RaftServerConfigKeys (ConfUtils.java:logGet(44)) - raft.server.log.write.buffer.size = 1048576 (custom)
2021-12-02 14:31:32,663 [EventQueue-OpenPipelineForHealthyPipelineSafeModeRule] INFO  safemode.SCMSafeModeManager (HealthyPipelineSafeModeRule.java:process(124)) - SCM in safe mode. Healthy pipelines reported count is 0, required healthy pipeline reported count is 1
2021-12-02 14:31:32,672 [pool-1049-thread-1] INFO  server.RaftServerConfigKeys (ConfUtils.java:logGet(44)) - raft.server.log.statemachine.data.caching.enabled = true (custom)
2021-12-02 14:31:32,672 [pool-1049-thread-1] INFO  segmented.SegmentedRaftLogWorker (SegmentedRaftLogWorker.java:lambda$new$0(133)) - 378d0879-743d-4e9f-84ed-de5a08f6d2b8@group-2DF00E79AB8C-SegmentedRaftLogWorker: flushIndex: setUnconditionally 0 -> -1
2021-12-02 14:31:32,672 [pool-1049-thread-1] INFO  segmented.SegmentedRaftLogWorker (SegmentedRaftLogWorker.java:lambda$new$0(133)) - 378d0879-743d-4e9f-84ed-de5a08f6d2b8@group-2DF00E79AB8C-SegmentedRaftLogWorker: safeCacheEvictIndex: setUnconditionally 0 -> -1
2021-12-02 14:31:32,717 [pool-1049-thread-1] INFO  server.RaftServerConfigKeys (ConfUtils.java:logGet(44)) - raft.server.snapshot.auto.trigger.enabled = true (custom)
2021-12-02 14:31:32,717 [pool-1049-thread-1] INFO  server.RaftServerConfigKeys (ConfUtils.java:logGet(44)) - raft.server.snapshot.auto.trigger.threshold = 10000 (custom)
2021-12-02 14:31:32,717 [pool-1049-thread-1] INFO  server.RaftServerConfigKeys (ConfUtils.java:logGet(44)) - raft.server.snapshot.retention.file.num = 5 (custom)
2021-12-02 14:31:32,717 [pool-1049-thread-1] INFO  server.RaftServerConfigKeys (ConfUtils.java:logGet(44)) - raft.server.log.purge.upto.snapshot.index = false (default)
2021-12-02 14:31:32,717 [pool-1049-thread-1] INFO  server.RaftServerConfigKeys (ConfUtils.java:logGet(44)) - raft.server.retrycache.expirytime = 600000ms (custom)
2021-12-02 14:31:32,717 [pool-1049-thread-1] INFO  server.RaftServerConfigKeys (ConfUtils.java:logGet(44)) - raft.server.retrycache.statistics.expirytime = 100μs (default)
2021-12-02 14:31:32,719 [pool-1049-thread-1] INFO  server.RaftServer$Division (RaftServerImpl.java:start(301)) - 378d0879-743d-4e9f-84ed-de5a08f6d2b8@group-E7BC8A180859: start as a follower, conf=-1: [378d0879-743d-4e9f-84ed-de5a08f6d2b8|rpc:10.1.0.16:33383|priority:1], old=null
2021-12-02 14:31:32,719 [pool-1049-thread-1] INFO  server.RaftServer$Division (RaftServerImpl.java:setRole(290)) - 378d0879-743d-4e9f-84ed-de5a08f6d2b8@group-E7BC8A180859: changes role from      null to FOLLOWER at term 0 for startAsFollower
2021-12-02 14:31:32,719 [pool-1049-thread-1] INFO  impl.RoleInfo (RoleInfo.java:updateAndGet(130)) - 378d0879-743d-4e9f-84ed-de5a08f6d2b8: start 378d0879-743d-4e9f-84ed-de5a08f6d2b8@group-E7BC8A180859-FollowerState
2021-12-02 14:31:32,719 [pool-1049-thread-1] INFO  util.JmxRegister (JmxRegister.java:tryRegister(44)) - Successfully registered JMX Bean with object name Ratis:service=RaftServer,group=group-E7BC8A180859,id=378d0879-743d-4e9f-84ed-de5a08f6d2b8
2021-12-02 14:31:32,720 [pool-1049-thread-1] INFO  server.RaftServer$Division (RaftServerImpl.java:start(301)) - 378d0879-743d-4e9f-84ed-de5a08f6d2b8@group-2DF00E79AB8C: start as a follower, conf=-1: [ecb5ef9a-e3c1-46e1-bc6e-74dcb14bbdd1|rpc:10.1.0.16:41883|dataStream:|priority:0, 378d0879-743d-4e9f-84ed-de5a08f6d2b8|rpc:10.1.0.16:33383|dataStream:|priority:0, 880aaef5-a54e-4898-af17-abc2dce457d4|rpc:10.1.0.16:38967|dataStream:|priority:1], old=null
2021-12-02 14:31:32,720 [pool-1049-thread-1] INFO  server.RaftServer$Division (RaftServerImpl.java:setRole(290)) - 378d0879-743d-4e9f-84ed-de5a08f6d2b8@group-2DF00E79AB8C: changes role from      null to FOLLOWER at term 0 for startAsFollower
2021-12-02 14:31:32,720 [pool-1049-thread-1] INFO  impl.RoleInfo (RoleInfo.java:updateAndGet(130)) - 378d0879-743d-4e9f-84ed-de5a08f6d2b8: start 378d0879-743d-4e9f-84ed-de5a08f6d2b8@group-2DF00E79AB8C-FollowerState
2021-12-02 14:31:32,720 [Command processor thread] INFO  ratis.XceiverServerRatis (XceiverServerRatis.java:addGroup(768)) - Created group PipelineID=eaae410a-8b87-45eb-abaa-e7bc8a180859
2021-12-02 14:31:32,720 [Command processor thread] INFO  commandhandler.CreatePipelineCommandHandler (CreatePipelineCommandHandler.java:handle(106)) - Created Pipeline RATIS ONE PipelineID=eaae410a-8b87-45eb-abaa-e7bc8a180859.
2021-12-02 14:31:32,723 [pool-1049-thread-1] INFO  util.JmxRegister (JmxRegister.java:tryRegister(44)) - Successfully registered JMX Bean with object name Ratis:service=RaftServer,group=group-2DF00E79AB8C,id=378d0879-743d-4e9f-84ed-de5a08f6d2b8
2021-12-02 14:31:32,753 [Listener at 127.0.0.1/39245] INFO  ozone.MiniOzoneClusterImpl (MiniOzoneClusterImpl.java:lambda$waitForClusterToBeReady$0(235)) - Nodes are ready. Got 7 of 7 DN Heartbeats.
2021-12-02 14:31:32,753 [Listener at 127.0.0.1/39245] INFO  ozone.MiniOzoneClusterImpl (MiniOzoneClusterImpl.java:lambda$waitForClusterToBeReady$0(238)) - Waiting for cluster to exit safe mode
2021-12-02 14:31:32,753 [Listener at 127.0.0.1/39245] INFO  ozone.MiniOzoneClusterImpl (MiniOzoneClusterImpl.java:lambda$waitForClusterToBeReady$0(240)) - SCM became leader
2021-12-02 14:31:32,807 [Command processor thread] INFO  commandhandler.CreatePipelineCommandHandler (CreatePipelineCommandHandler.java:handle(106)) - Created Pipeline RATIS THREE PipelineID=a4f3e589-f13b-489d-90d4-2df00e79ab8c.
2021-12-02 14:31:32,905 [Command processor thread] INFO  server.RaftServer (RaftServerProxy.java:addNew(95)) - 090cecd5-a27b-490f-ac32-d0e1b4d1b6f6: addNew group-3D43B4623503:[090cecd5-a27b-490f-ac32-d0e1b4d1b6f6|rpc:10.1.0.16:46119|priority:1] returns group-3D43B4623503:java.util.concurrent.CompletableFuture@61bdb83d[Not completed]
2021-12-02 14:31:32,939 [pool-1068-thread-1] INFO  server.RaftServer$Division (RaftServerImpl.java:<init>(184)) - 090cecd5-a27b-490f-ac32-d0e1b4d1b6f6: new RaftServerImpl for group-3D43B4623503:[090cecd5-a27b-490f-ac32-d0e1b4d1b6f6|rpc:10.1.0.16:46119|priority:1] with ContainerStateMachine:uninitialized
2021-12-02 14:31:32,939 [pool-1068-thread-1] INFO  server.RaftServerConfigKeys (ConfUtils.java:logGet(44)) - raft.server.rpc.timeout.min = 5s (custom)
2021-12-02 14:31:32,940 [pool-1068-thread-1] INFO  server.RaftServerConfigKeys (ConfUtils.java:logGet(44)) - raft.server.rpc.timeout.max = 5200ms (custom)
2021-12-02 14:31:32,940 [pool-1068-thread-1] INFO  server.RaftServerConfigKeys (ConfUtils.java:logGet(44)) - raft.server.rpc.sleep.time = 25ms (default)
2021-12-02 14:31:32,940 [pool-1068-thread-1] INFO  server.RaftServerConfigKeys (ConfUtils.java:logGet(44)) - raft.server.rpc.slowness.timeout = 300000ms (custom)
2021-12-02 14:31:32,940 [pool-1068-thread-1] INFO  server.RaftServerConfigKeys (ConfUtils.java:logGet(44)) - raft.server.leaderelection.leader.step-down.wait-time = 10s (default)
2021-12-02 14:31:32,940 [pool-1068-thread-1] INFO  server.RaftServerConfigKeys (ConfUtils.java:logGet(44)) - raft.server.sleep.deviation.threshold = 300ms (default)
2021-12-02 14:31:32,940 [pool-1068-thread-1] INFO  server.RaftServerConfigKeys (ConfUtils.java:logGet(44)) - raft.server.log.appender.install.snapshot.enabled = false (custom)
2021-12-02 14:31:32,940 [pool-1068-thread-1] INFO  server.RaftServer$Division (ServerState.java:<init>(105)) - 090cecd5-a27b-490f-ac32-d0e1b4d1b6f6@group-3D43B4623503: ConfigurationManager, init=-1: [090cecd5-a27b-490f-ac32-d0e1b4d1b6f6|rpc:10.1.0.16:46119|priority:1], old=null, confs=<EMPTY_MAP>
2021-12-02 14:31:32,940 [pool-1068-thread-1] INFO  server.RaftServerConfigKeys (ConfUtils.java:logGet(44)) - raft.server.storage.dir = [/home/runner/work/ozone/ozone/hadoop-ozone/integration-test/target/test-dir/MiniOzoneClusterImpl-fd94144e-5974-489a-b79f-b066564ba6f5/datanode-6/data/ratis] (custom)
2021-12-02 14:31:32,940 [pool-1068-thread-1] INFO  server.RaftServerConfigKeys (ConfUtils.java:logGet(44)) - raft.server.log.corruption.policy = EXCEPTION (default)
2021-12-02 14:31:32,940 [pool-1068-thread-1] INFO  server.RaftServerConfigKeys (ConfUtils.java:logGet(44)) - raft.server.storage.free-space.min = 0MB (=0) (default)
2021-12-02 14:31:32,941 [pool-1068-thread-1] INFO  storage.RaftStorageDirectory (RaftStorageDirectoryImpl.java:analyzeStorage(135)) - The storage directory /home/runner/work/ozone/ozone/hadoop-ozone/integration-test/target/test-dir/MiniOzoneClusterImpl-fd94144e-5974-489a-b79f-b066564ba6f5/datanode-6/data/ratis/f4991f24-d948-41ce-bb8a-3d43b4623503 does not exist. Creating ...
2021-12-02 14:31:32,942 [pool-1068-thread-1] INFO  storage.RaftStorageDirectory (RaftStorageDirectoryImpl.java:tryLock(230)) - Lock on /home/runner/work/ozone/ozone/hadoop-ozone/integration-test/target/test-dir/MiniOzoneClusterImpl-fd94144e-5974-489a-b79f-b066564ba6f5/datanode-6/data/ratis/f4991f24-d948-41ce-bb8a-3d43b4623503/in_use.lock acquired by nodename 19423@fv-az59-375
2021-12-02 14:31:32,943 [pool-1068-thread-1] INFO  storage.RaftStorage (RaftStorageImpl.java:format(89)) - Storage directory /home/runner/work/ozone/ozone/hadoop-ozone/integration-test/target/test-dir/MiniOzoneClusterImpl-fd94144e-5974-489a-b79f-b066564ba6f5/datanode-6/data/ratis/f4991f24-d948-41ce-bb8a-3d43b4623503 has been successfully formatted.
2021-12-02 14:31:32,951 [pool-1068-thread-1] INFO  ratis.ContainerStateMachine (ContainerStateMachine.java:loadSnapshot(224)) - group-3D43B4623503: The snapshot info is null. Setting the last applied indexto:(t:0, i:~)
2021-12-02 14:31:32,951 [pool-1068-thread-1] INFO  server.RaftServerConfigKeys (ConfUtils.java:logGet(44)) - raft.server.notification.no-leader.timeout = 300000ms (custom)
2021-12-02 14:31:32,951 [pool-1068-thread-1] INFO  server.RaftServerConfigKeys (ConfUtils.java:logGet(44)) - raft.server.log.use.memory = false (default)
2021-12-02 14:31:32,951 [pool-1068-thread-1] INFO  server.RaftServerConfigKeys (ConfUtils.java:logGet(44)) - raft.server.log.purge.gap = 1000000 (custom)
2021-12-02 14:31:32,951 [pool-1068-thread-1] INFO  server.RaftServerConfigKeys (ConfUtils.java:logGet(44)) - raft.server.log.appender.buffer.byte-limit = 33554432 (custom)
2021-12-02 14:31:32,951 [pool-1068-thread-1] INFO  server.RaftServerConfigKeys (ConfUtils.java:logGet(44)) - raft.server.log.segment.size.max = 1048576 (custom)
2021-12-02 14:31:32,952 [EventQueue-PipelineReportForPipelineReportHandler] INFO  pipeline.PipelineManagerImpl (PipelineManagerImpl.java:openPipeline(289)) - Pipeline Pipeline[ Id: f4991f24-d948-41ce-bb8a-3d43b4623503, Nodes: 090cecd5-a27b-490f-ac32-d0e1b4d1b6f6{ip: 10.1.0.16, host: fv-az59-375.csjynl4pkq3e1pkirw3ssqjfoh.cx.internal.cloudapp.net, ports: [REPLICATION=33655, RATIS=46119, RATIS_ADMIN=46119, RATIS_SERVER=46119, STANDALONE=41395], networkLocation: /default-rack, certSerialId: null, persistedOpState: IN_SERVICE, persistedOpStateExpiryEpochSec: 0}, ReplicationConfig: RATIS/ONE, State:ALLOCATED, leaderId:090cecd5-a27b-490f-ac32-d0e1b4d1b6f6, CreationTimestamp2021-12-02T14:31:29.846Z[Etc/UTC]] moved to OPEN state
2021-12-02 14:31:32,952 [EventQueue-OpenPipelineForHealthyPipelineSafeModeRule] INFO  safemode.SCMSafeModeManager (HealthyPipelineSafeModeRule.java:process(124)) - SCM in safe mode. Healthy pipelines reported count is 0, required healthy pipeline reported count is 1
2021-12-02 14:31:32,953 [pool-1068-thread-1] INFO  server.RaftServerConfigKeys (ConfUtils.java:logGet(44)) - raft.server.log.segment.cache.num.max = 2 (custom)
2021-12-02 14:31:32,953 [pool-1068-thread-1] INFO  server.RaftServerConfigKeys (ConfUtils.java:logGet(44)) - raft.server.log.segment.cache.size.max = 200MB (=209715200) (default)
2021-12-02 14:31:32,953 [pool-1068-thread-1] INFO  segmented.SegmentedRaftLogWorker (SegmentedRaftLogWorker.java:<init>(182)) - new 090cecd5-a27b-490f-ac32-d0e1b4d1b6f6@group-3D43B4623503-SegmentedRaftLogWorker for RaftStorageImpl:Storage Directory /home/runner/work/ozone/ozone/hadoop-ozone/integration-test/target/test-dir/MiniOzoneClusterImpl-fd94144e-5974-489a-b79f-b066564ba6f5/datanode-6/data/ratis/f4991f24-d948-41ce-bb8a-3d43b4623503
2021-12-02 14:31:32,953 [pool-1068-thread-1] INFO  server.RaftServerConfigKeys (ConfUtils.java:logGet(44)) - raft.server.log.queue.byte-limit = 2147483647 (custom)
2021-12-02 14:31:32,953 [pool-1068-thread-1] INFO  server.RaftServerConfigKeys (ConfUtils.java:logGet(44)) - raft.server.log.queue.element-limit = 1024 (custom)
2021-12-02 14:31:32,953 [pool-1068-thread-1] INFO  server.RaftServerConfigKeys (ConfUtils.java:logGet(44)) - raft.server.log.segment.size.max = 1048576 (custom)
2021-12-02 14:31:32,953 [pool-1068-thread-1] INFO  server.RaftServerConfigKeys (ConfUtils.java:logGet(44)) - raft.server.log.preallocated.size = 16384 (custom)
2021-12-02 14:31:32,953 [pool-1068-thread-1] INFO  server.RaftServerConfigKeys (ConfUtils.java:logGet(44)) - raft.server.log.force.sync.num = 128 (default)
2021-12-02 14:31:32,953 [pool-1068-thread-1] INFO  server.RaftServerConfigKeys (ConfUtils.java:logGet(44)) - raft.server.log.statemachine.data.sync = true (default)
2021-12-02 14:31:32,953 [pool-1068-thread-1] INFO  server.RaftServerConfigKeys (ConfUtils.java:logGet(44)) - raft.server.log.statemachine.data.sync.timeout = 10s (default)
2021-12-02 14:31:32,953 [pool-1068-thread-1] INFO  server.RaftServerConfigKeys (ConfUtils.java:logGet(44)) - raft.server.log.statemachine.data.sync.timeout.retry = -1 (default)
2021-12-02 14:31:32,955 [pool-1068-thread-1] INFO  server.RaftServerConfigKeys (ConfUtils.java:logGet(44)) - raft.server.log.write.buffer.size = 1048576 (custom)
2021-12-02 14:31:32,956 [pool-1068-thread-1] INFO  server.RaftServerConfigKeys (ConfUtils.java:logGet(44)) - raft.server.log.statemachine.data.caching.enabled = true (custom)
2021-12-02 14:31:32,956 [pool-1068-thread-1] INFO  segmented.SegmentedRaftLogWorker (SegmentedRaftLogWorker.java:lambda$new$0(133)) - 090cecd5-a27b-490f-ac32-d0e1b4d1b6f6@group-3D43B4623503-SegmentedRaftLogWorker: flushIndex: setUnconditionally 0 -> -1
2021-12-02 14:31:32,972 [pool-1068-thread-1] INFO  segmented.SegmentedRaftLogWorker (SegmentedRaftLogWorker.java:lambda$new$0(133)) - 090cecd5-a27b-490f-ac32-d0e1b4d1b6f6@group-3D43B4623503-SegmentedRaftLogWorker: safeCacheEvictIndex: setUnconditionally 0 -> -1
2021-12-02 14:31:33,001 [pool-1068-thread-1] INFO  server.RaftServerConfigKeys (ConfUtils.java:logGet(44)) - raft.server.snapshot.auto.trigger.enabled = true (custom)
2021-12-02 14:31:33,001 [pool-1068-thread-1] INFO  server.RaftServerConfigKeys (ConfUtils.java:logGet(44)) - raft.server.snapshot.auto.trigger.threshold = 10000 (custom)
2021-12-02 14:31:33,001 [pool-1068-thread-1] INFO  server.RaftServerConfigKeys (ConfUtils.java:logGet(44)) - raft.server.snapshot.retention.file.num = 5 (custom)
2021-12-02 14:31:33,001 [pool-1068-thread-1] INFO  server.RaftServerConfigKeys (ConfUtils.java:logGet(44)) - raft.server.log.purge.upto.snapshot.index = false (default)
2021-12-02 14:31:33,001 [pool-1068-thread-1] INFO  server.RaftServerConfigKeys (ConfUtils.java:logGet(44)) - raft.server.retrycache.expirytime = 600000ms (custom)
2021-12-02 14:31:33,001 [pool-1068-thread-1] INFO  server.RaftServerConfigKeys (ConfUtils.java:logGet(44)) - raft.server.retrycache.statistics.expirytime = 100μs (default)
2021-12-02 14:31:33,003 [pool-1068-thread-1] INFO  server.RaftServer$Division (RaftServerImpl.java:start(301)) - 090cecd5-a27b-490f-ac32-d0e1b4d1b6f6@group-3D43B4623503: start as a follower, conf=-1: [090cecd5-a27b-490f-ac32-d0e1b4d1b6f6|rpc:10.1.0.16:46119|priority:1], old=null
2021-12-02 14:31:33,004 [pool-1068-thread-1] INFO  server.RaftServer$Division (RaftServerImpl.java:setRole(290)) - 090cecd5-a27b-490f-ac32-d0e1b4d1b6f6@group-3D43B4623503: changes role from      null to FOLLOWER at term 0 for startAsFollower
2021-12-02 14:31:33,004 [pool-1068-thread-1] INFO  impl.RoleInfo (RoleInfo.java:updateAndGet(130)) - 090cecd5-a27b-490f-ac32-d0e1b4d1b6f6: start 090cecd5-a27b-490f-ac32-d0e1b4d1b6f6@group-3D43B4623503-FollowerState
2021-12-02 14:31:33,018 [pool-1068-thread-1] INFO  util.JmxRegister (JmxRegister.java:tryRegister(44)) - Successfully registered JMX Bean with object name Ratis:service=RaftServer,group=group-3D43B4623503,id=090cecd5-a27b-490f-ac32-d0e1b4d1b6f6
2021-12-02 14:31:33,019 [Command processor thread] INFO  commandhandler.CreatePipelineCommandHandler (CreatePipelineCommandHandler.java:handle(106)) - Created Pipeline RATIS THREE PipelineID=a4f3e589-f13b-489d-90d4-2df00e79ab8c.
2021-12-02 14:31:33,019 [Command processor thread] INFO  ratis.XceiverServerRatis (XceiverServerRatis.java:addGroup(768)) - Created group PipelineID=f4991f24-d948-41ce-bb8a-3d43b4623503
2021-12-02 14:31:33,019 [Command processor thread] INFO  commandhandler.CreatePipelineCommandHandler (CreatePipelineCommandHandler.java:handle(106)) - Created Pipeline RATIS ONE PipelineID=f4991f24-d948-41ce-bb8a-3d43b4623503.
2021-12-02 14:31:33,754 [Listener at 127.0.0.1/39245] INFO  ozone.MiniOzoneClusterImpl (MiniOzoneClusterImpl.java:lambda$waitForClusterToBeReady$0(235)) - Nodes are ready. Got 7 of 7 DN Heartbeats.
2021-12-02 14:31:33,754 [Listener at 127.0.0.1/39245] INFO  ozone.MiniOzoneClusterImpl (MiniOzoneClusterImpl.java:lambda$waitForClusterToBeReady$0(238)) - Waiting for cluster to exit safe mode
2021-12-02 14:31:33,754 [Listener at 127.0.0.1/39245] INFO  ozone.MiniOzoneClusterImpl (MiniOzoneClusterImpl.java:lambda$waitForClusterToBeReady$0(240)) - SCM became leader
2021-12-02 14:31:34,761 [Listener at 127.0.0.1/39245] INFO  ozone.MiniOzoneClusterImpl (MiniOzoneClusterImpl.java:lambda$waitForClusterToBeReady$0(235)) - Nodes are ready. Got 7 of 7 DN Heartbeats.
2021-12-02 14:31:34,761 [Listener at 127.0.0.1/39245] INFO  ozone.MiniOzoneClusterImpl (MiniOzoneClusterImpl.java:lambda$waitForClusterToBeReady$0(238)) - Waiting for cluster to exit safe mode
2021-12-02 14:31:34,761 [Listener at 127.0.0.1/39245] INFO  ozone.MiniOzoneClusterImpl (MiniOzoneClusterImpl.java:lambda$waitForClusterToBeReady$0(240)) - SCM became leader
2021-12-02 14:31:35,471 [277b06ce-74e8-46b5-b9ba-0eaaec62ec87@group-F34A6D962FBB-FollowerState] INFO  impl.FollowerState (FollowerState.java:run(134)) - 277b06ce-74e8-46b5-b9ba-0eaaec62ec87@group-F34A6D962FBB-FollowerState: change to CANDIDATE, lastRpcElapsedTime:5134049201ns, electionTimeout:5130ms
2021-12-02 14:31:35,471 [277b06ce-74e8-46b5-b9ba-0eaaec62ec87@group-F34A6D962FBB-FollowerState] INFO  impl.RoleInfo (RoleInfo.java:shutdownFollowerState(108)) - 277b06ce-74e8-46b5-b9ba-0eaaec62ec87: shutdown 277b06ce-74e8-46b5-b9ba-0eaaec62ec87@group-F34A6D962FBB-FollowerState
2021-12-02 14:31:35,471 [277b06ce-74e8-46b5-b9ba-0eaaec62ec87@group-F34A6D962FBB-FollowerState] INFO  server.RaftServer$Division (RaftServerImpl.java:setRole(290)) - 277b06ce-74e8-46b5-b9ba-0eaaec62ec87@group-F34A6D962FBB: changes role from  FOLLOWER to CANDIDATE at term 0 for changeToCandidate
2021-12-02 14:31:35,471 [277b06ce-74e8-46b5-b9ba-0eaaec62ec87@group-F34A6D962FBB-FollowerState] INFO  server.RaftServerConfigKeys (ConfUtils.java:logGet(44)) - raft.server.leaderelection.pre-vote = false (custom)
2021-12-02 14:31:35,471 [277b06ce-74e8-46b5-b9ba-0eaaec62ec87@group-F34A6D962FBB-FollowerState] INFO  impl.RoleInfo (RoleInfo.java:updateAndGet(130)) - 277b06ce-74e8-46b5-b9ba-0eaaec62ec87: start 277b06ce-74e8-46b5-b9ba-0eaaec62ec87@group-F34A6D962FBB-LeaderElection108
2021-12-02 14:31:35,505 [277b06ce-74e8-46b5-b9ba-0eaaec62ec87@group-93E5FEDEBBB8-FollowerState] INFO  impl.FollowerState (FollowerState.java:run(134)) - 277b06ce-74e8-46b5-b9ba-0eaaec62ec87@group-93E5FEDEBBB8-FollowerState: change to CANDIDATE, lastRpcElapsedTime:5180517517ns, electionTimeout:5179ms
2021-12-02 14:31:35,506 [277b06ce-74e8-46b5-b9ba-0eaaec62ec87@group-93E5FEDEBBB8-FollowerState] INFO  impl.RoleInfo (RoleInfo.java:shutdownFollowerState(108)) - 277b06ce-74e8-46b5-b9ba-0eaaec62ec87: shutdown 277b06ce-74e8-46b5-b9ba-0eaaec62ec87@group-93E5FEDEBBB8-FollowerState
2021-12-02 14:31:35,506 [277b06ce-74e8-46b5-b9ba-0eaaec62ec87@group-93E5FEDEBBB8-FollowerState] INFO  server.RaftServer$Division (RaftServerImpl.java:setRole(290)) - 277b06ce-74e8-46b5-b9ba-0eaaec62ec87@group-93E5FEDEBBB8: changes role from  FOLLOWER to CANDIDATE at term 0 for changeToCandidate
2021-12-02 14:31:35,506 [277b06ce-74e8-46b5-b9ba-0eaaec62ec87@group-93E5FEDEBBB8-FollowerState] INFO  server.RaftServerConfigKeys (ConfUtils.java:logGet(44)) - raft.server.leaderelection.pre-vote = false (custom)
2021-12-02 14:31:35,506 [277b06ce-74e8-46b5-b9ba-0eaaec62ec87@group-93E5FEDEBBB8-FollowerState] INFO  impl.RoleInfo (RoleInfo.java:updateAndGet(130)) - 277b06ce-74e8-46b5-b9ba-0eaaec62ec87: start 277b06ce-74e8-46b5-b9ba-0eaaec62ec87@group-93E5FEDEBBB8-LeaderElection109
2021-12-02 14:31:35,521 [a7b6a586-909c-47a7-a818-e434e5672216@group-F34A6D962FBB-FollowerState] INFO  impl.FollowerState (FollowerState.java:run(134)) - a7b6a586-909c-47a7-a818-e434e5672216@group-F34A6D962FBB-FollowerState: change to CANDIDATE, lastRpcElapsedTime:5049259389ns, electionTimeout:5048ms
2021-12-02 14:31:35,521 [a7b6a586-909c-47a7-a818-e434e5672216@group-F34A6D962FBB-FollowerState] INFO  impl.RoleInfo (RoleInfo.java:shutdownFollowerState(108)) - a7b6a586-909c-47a7-a818-e434e5672216: shutdown a7b6a586-909c-47a7-a818-e434e5672216@group-F34A6D962FBB-FollowerState
2021-12-02 14:31:35,521 [a7b6a586-909c-47a7-a818-e434e5672216@group-F34A6D962FBB-FollowerState] INFO  server.RaftServer$Division (RaftServerImpl.java:setRole(290)) - a7b6a586-909c-47a7-a818-e434e5672216@group-F34A6D962FBB: changes role from  FOLLOWER to CANDIDATE at term 0 for changeToCandidate
2021-12-02 14:31:35,538 [a7b6a586-909c-47a7-a818-e434e5672216@group-F34A6D962FBB-FollowerState] INFO  server.RaftServerConfigKeys (ConfUtils.java:logGet(44)) - raft.server.leaderelection.pre-vote = false (custom)
2021-12-02 14:31:35,538 [a7b6a586-909c-47a7-a818-e434e5672216@group-F34A6D962FBB-FollowerState] INFO  impl.RoleInfo (RoleInfo.java:updateAndGet(130)) - a7b6a586-909c-47a7-a818-e434e5672216: start a7b6a586-909c-47a7-a818-e434e5672216@group-F34A6D962FBB-LeaderElection110
2021-12-02 14:31:35,561 [277b06ce-74e8-46b5-b9ba-0eaaec62ec87@group-F34A6D962FBB-LeaderElection108] INFO  impl.LeaderElection (LeaderElection.java:askForVotes(306)) - 277b06ce-74e8-46b5-b9ba-0eaaec62ec87@group-F34A6D962FBB-LeaderElection108 ELECTION round 0: submit vote requests at term 1 for -1: [a7b6a586-909c-47a7-a818-e434e5672216|rpc:10.1.0.16:38677|priority:1, 8698f9c0-0d63-4edb-bf8f-bb1ca05694ae|rpc:10.1.0.16:46057|priority:0, 277b06ce-74e8-46b5-b9ba-0eaaec62ec87|rpc:10.1.0.16:37685|priority:0], old=null
2021-12-02 14:31:35,567 [277b06ce-74e8-46b5-b9ba-0eaaec62ec87@group-93E5FEDEBBB8-LeaderElection109] INFO  impl.LeaderElection (LeaderElection.java:askForVotes(306)) - 277b06ce-74e8-46b5-b9ba-0eaaec62ec87@group-93E5FEDEBBB8-LeaderElection109 ELECTION round 0: submit vote requests at term 1 for -1: [277b06ce-74e8-46b5-b9ba-0eaaec62ec87|rpc:10.1.0.16:37685|priority:1], old=null
2021-12-02 14:31:35,568 [277b06ce-74e8-46b5-b9ba-0eaaec62ec87@group-93E5FEDEBBB8-LeaderElection109] INFO  impl.LeaderElection (LeaderElection.java:askForVotes(308)) - 277b06ce-74e8-46b5-b9ba-0eaaec62ec87@group-93E5FEDEBBB8-LeaderElection109 ELECTION round 0: result PASSED (term=1)
2021-12-02 14:31:35,568 [277b06ce-74e8-46b5-b9ba-0eaaec62ec87@group-93E5FEDEBBB8-LeaderElection109] INFO  impl.RoleInfo (RoleInfo.java:shutdownLeaderElection(121)) - 277b06ce-74e8-46b5-b9ba-0eaaec62ec87: shutdown 277b06ce-74e8-46b5-b9ba-0eaaec62ec87@group-93E5FEDEBBB8-LeaderElection109
2021-12-02 14:31:35,568 [277b06ce-74e8-46b5-b9ba-0eaaec62ec87@group-93E5FEDEBBB8-LeaderElection109] INFO  server.RaftServer$Division (RaftServerImpl.java:setRole(290)) - 277b06ce-74e8-46b5-b9ba-0eaaec62ec87@group-93E5FEDEBBB8: changes role from CANDIDATE to LEADER at term 1 for changeToLeader
2021-12-02 14:31:35,568 [277b06ce-74e8-46b5-b9ba-0eaaec62ec87@group-93E5FEDEBBB8-LeaderElection109] INFO  ratis.XceiverServerRatis (XceiverServerRatis.java:handleLeaderChangedNotification(866)) - Leader change notification received for group: group-93E5FEDEBBB8 with new leaderId: 277b06ce-74e8-46b5-b9ba-0eaaec62ec87
2021-12-02 14:31:35,575 [277b06ce-74e8-46b5-b9ba-0eaaec62ec87@group-93E5FEDEBBB8-LeaderElection109] INFO  server.RaftServer$Division (ServerState.java:setLeader(285)) - 277b06ce-74e8-46b5-b9ba-0eaaec62ec87@group-93E5FEDEBBB8: change Leader from null to 277b06ce-74e8-46b5-b9ba-0eaaec62ec87 at term 1 for becomeLeader, leader elected after 5250ms
2021-12-02 14:31:35,575 [277b06ce-74e8-46b5-b9ba-0eaaec62ec87@group-93E5FEDEBBB8-LeaderElection109] INFO  server.RaftServerConfigKeys (ConfUtils.java:logGet(44)) - raft.server.staging.catchup.gap = 1000 (default)
2021-12-02 14:31:35,575 [277b06ce-74e8-46b5-b9ba-0eaaec62ec87@group-93E5FEDEBBB8-LeaderElection109] INFO  server.RaftServerConfigKeys (ConfUtils.java:logGet(44)) - raft.server.write.element-limit = 1024 (custom)
2021-12-02 14:31:35,575 [277b06ce-74e8-46b5-b9ba-0eaaec62ec87@group-93E5FEDEBBB8-LeaderElection109] INFO  server.RaftServerConfigKeys (ConfUtils.java:logGet(44)) - raft.server.write.byte-limit = 1024 M (=1073741824) (custom)
2021-12-02 14:31:35,575 [277b06ce-74e8-46b5-b9ba-0eaaec62ec87@group-93E5FEDEBBB8-LeaderElection109] INFO  server.RaftServerConfigKeys (ConfUtils.java:logGet(44)) - raft.server.watch.timeout = 3000ms (custom)
2021-12-02 14:31:35,575 [277b06ce-74e8-46b5-b9ba-0eaaec62ec87@group-93E5FEDEBBB8-LeaderElection109] INFO  server.RaftServerConfigKeys (ConfUtils.java:logGet(44)) - raft.server.watch.timeout.denomination = 1s (default)
2021-12-02 14:31:35,575 [277b06ce-74e8-46b5-b9ba-0eaaec62ec87@group-93E5FEDEBBB8-LeaderElection109] INFO  server.RaftServerConfigKeys (ConfUtils.java:logGet(44)) - raft.server.watch.element-limit = 65536 (default)
2021-12-02 14:31:35,576 [277b06ce-74e8-46b5-b9ba-0eaaec62ec87@group-93E5FEDEBBB8-LeaderElection109] INFO  server.RaftServerConfigKeys (ConfUtils.java:logGet(44)) - raft.server.write.element-limit = 1024 (custom)
2021-12-02 14:31:35,576 [277b06ce-74e8-46b5-b9ba-0eaaec62ec87@group-93E5FEDEBBB8-LeaderElection109] INFO  server.RaftServerConfigKeys (ConfUtils.java:logGet(44)) - raft.server.write.follower.gap.ratio.max = -1.0 (default)
2021-12-02 14:31:35,576 [277b06ce-74e8-46b5-b9ba-0eaaec62ec87@group-93E5FEDEBBB8-LeaderElection109] INFO  impl.RoleInfo (RoleInfo.java:updateAndGet(130)) - 277b06ce-74e8-46b5-b9ba-0eaaec62ec87: start 277b06ce-74e8-46b5-b9ba-0eaaec62ec87@group-93E5FEDEBBB8-LeaderStateImpl
2021-12-02 14:31:35,576 [277b06ce-74e8-46b5-b9ba-0eaaec62ec87@group-93E5FEDEBBB8-LeaderElection109] INFO  segmented.SegmentedRaftLogWorker (SegmentedRaftLogWorker.java:startLogSegment(394)) - 277b06ce-74e8-46b5-b9ba-0eaaec62ec87@group-93E5FEDEBBB8-SegmentedRaftLogWorker: Starting segment from index:0
2021-12-02 14:31:35,578 [EventQueue-OpenPipelineForHealthyPipelineSafeModeRule] INFO  safemode.SCMSafeModeManager (HealthyPipelineSafeModeRule.java:process(124)) - SCM in safe mode. Healthy pipelines reported count is 0, required healthy pipeline reported count is 1
2021-12-02 14:31:35,580 [277b06ce-74e8-46b5-b9ba-0eaaec62ec87@group-93E5FEDEBBB8-SegmentedRaftLogWorker] INFO  segmented.SegmentedRaftLogWorker (SegmentedRaftLogWorker.java:execute(601)) - 277b06ce-74e8-46b5-b9ba-0eaaec62ec87@group-93E5FEDEBBB8-SegmentedRaftLogWorker: created new log segment /home/runner/work/ozone/ozone/hadoop-ozone/integration-test/target/test-dir/MiniOzoneClusterImpl-fd94144e-5974-489a-b79f-b066564ba6f5/datanode-0/data/ratis/b29925cd-c2d0-41ea-b9bb-93e5fedebbb8/current/log_inprogress_0
2021-12-02 14:31:35,617 [277b06ce-74e8-46b5-b9ba-0eaaec62ec87@group-93E5FEDEBBB8-LeaderElection109] INFO  server.RaftServer$Division (ServerState.java:setRaftConf(387)) - 277b06ce-74e8-46b5-b9ba-0eaaec62ec87@group-93E5FEDEBBB8: set configuration 0: [277b06ce-74e8-46b5-b9ba-0eaaec62ec87|rpc:10.1.0.16:37685|dataStream:|priority:1], old=null
2021-12-02 14:31:35,620 [a7b6a586-909c-47a7-a818-e434e5672216@group-F34A6D962FBB-LeaderElection110] INFO  impl.LeaderElection (LeaderElection.java:askForVotes(306)) - a7b6a586-909c-47a7-a818-e434e5672216@group-F34A6D962FBB-LeaderElection110 ELECTION round 0: submit vote requests at term 1 for -1: [a7b6a586-909c-47a7-a818-e434e5672216|rpc:10.1.0.16:38677|dataStream:|priority:1, 8698f9c0-0d63-4edb-bf8f-bb1ca05694ae|rpc:10.1.0.16:46057|dataStream:|priority:0, 277b06ce-74e8-46b5-b9ba-0eaaec62ec87|rpc:10.1.0.16:37685|dataStream:|priority:0], old=null
2021-12-02 14:31:35,630 [277b06ce-74e8-46b5-b9ba-0eaaec62ec87@group-218C52D3B0E5-FollowerState] INFO  impl.FollowerState (FollowerState.java:run(134)) - 277b06ce-74e8-46b5-b9ba-0eaaec62ec87@group-218C52D3B0E5-FollowerState: change to CANDIDATE, lastRpcElapsedTime:5026813432ns, electionTimeout:5020ms
2021-12-02 14:31:35,630 [277b06ce-74e8-46b5-b9ba-0eaaec62ec87@group-218C52D3B0E5-FollowerState] INFO  impl.RoleInfo (RoleInfo.java:shutdownFollowerState(108)) - 277b06ce-74e8-46b5-b9ba-0eaaec62ec87: shutdown 277b06ce-74e8-46b5-b9ba-0eaaec62ec87@group-218C52D3B0E5-FollowerState
2021-12-02 14:31:35,630 [277b06ce-74e8-46b5-b9ba-0eaaec62ec87@group-218C52D3B0E5-FollowerState] INFO  server.RaftServer$Division (RaftServerImpl.java:setRole(290)) - 277b06ce-74e8-46b5-b9ba-0eaaec62ec87@group-218C52D3B0E5: changes role from  FOLLOWER to CANDIDATE at term 0 for changeToCandidate
2021-12-02 14:31:35,630 [277b06ce-74e8-46b5-b9ba-0eaaec62ec87@group-218C52D3B0E5-FollowerState] INFO  server.RaftServerConfigKeys (ConfUtils.java:logGet(44)) - raft.server.leaderelection.pre-vote = false (custom)
2021-12-02 14:31:35,635 [grpc-default-executor-1] INFO  server.RaftServer$Division (RaftServerImpl.java:requestVote(1046)) - 8698f9c0-0d63-4edb-bf8f-bb1ca05694ae@group-F34A6D962FBB: receive requestVote(ELECTION, 277b06ce-74e8-46b5-b9ba-0eaaec62ec87, group-F34A6D962FBB, 1, (t:0, i:0))
2021-12-02 14:31:35,636 [grpc-default-executor-1] INFO  impl.VoteContext (VoteContext.java:log(48)) - 8698f9c0-0d63-4edb-bf8f-bb1ca05694ae@group-F34A6D962FBB-FOLLOWER: accept ELECTION from 277b06ce-74e8-46b5-b9ba-0eaaec62ec87: our priority 0 <= candidate's priority 0
2021-12-02 14:31:35,636 [grpc-default-executor-1] INFO  server.RaftServer$Division (RaftServerImpl.java:setRole(290)) - 8698f9c0-0d63-4edb-bf8f-bb1ca05694ae@group-F34A6D962FBB: changes role from  FOLLOWER to FOLLOWER at term 1 for candidate:277b06ce-74e8-46b5-b9ba-0eaaec62ec87
2021-12-02 14:31:35,636 [grpc-default-executor-1] INFO  impl.RoleInfo (RoleInfo.java:shutdownFollowerState(108)) - 8698f9c0-0d63-4edb-bf8f-bb1ca05694ae: shutdown 8698f9c0-0d63-4edb-bf8f-bb1ca05694ae@group-F34A6D962FBB-FollowerState
2021-12-02 14:31:35,636 [grpc-default-executor-1] INFO  impl.RoleInfo (RoleInfo.java:updateAndGet(130)) - 8698f9c0-0d63-4edb-bf8f-bb1ca05694ae: start 8698f9c0-0d63-4edb-bf8f-bb1ca05694ae@group-F34A6D962FBB-FollowerState
2021-12-02 14:31:35,637 [8698f9c0-0d63-4edb-bf8f-bb1ca05694ae@group-F34A6D962FBB-FollowerState] INFO  impl.FollowerState (FollowerState.java:run(143)) - 8698f9c0-0d63-4edb-bf8f-bb1ca05694ae@group-F34A6D962FBB-FollowerState was interrupted: {}
java.lang.InterruptedException: sleep interrupted
	at java.lang.Thread.sleep(Native Method)
	at java.lang.Thread.sleep(Thread.java:340)
	at java.util.concurrent.TimeUnit.sleep(TimeUnit.java:386)
	at org.apache.ratis.util.TimeDuration.sleep(TimeDuration.java:324)
	at org.apache.ratis.util.TimeDuration.sleep(TimeDuration.java:309)
	at org.apache.ratis.server.impl.FollowerState.run(FollowerState.java:118)
2021-12-02 14:31:35,635 [277b06ce-74e8-46b5-b9ba-0eaaec62ec87@group-218C52D3B0E5-FollowerState] INFO  impl.RoleInfo (RoleInfo.java:updateAndGet(130)) - 277b06ce-74e8-46b5-b9ba-0eaaec62ec87: start 277b06ce-74e8-46b5-b9ba-0eaaec62ec87@group-218C52D3B0E5-LeaderElection111
2021-12-02 14:31:35,642 [grpc-default-executor-1] INFO  server.RaftServer$Division (RaftServerImpl.java:requestVote(1078)) - 8698f9c0-0d63-4edb-bf8f-bb1ca05694ae@group-F34A6D962FBB replies to ELECTION vote request: 277b06ce-74e8-46b5-b9ba-0eaaec62ec87<-8698f9c0-0d63-4edb-bf8f-bb1ca05694ae#0:OK-t1. Peer's state: 8698f9c0-0d63-4edb-bf8f-bb1ca05694ae@group-F34A6D962FBB:t1, leader=null, voted=277b06ce-74e8-46b5-b9ba-0eaaec62ec87, raftlog=8698f9c0-0d63-4edb-bf8f-bb1ca05694ae@group-F34A6D962FBB-SegmentedRaftLog:OPENED:c-1, conf=-1: [a7b6a586-909c-47a7-a818-e434e5672216|rpc:10.1.0.16:38677|dataStream:|priority:1, 8698f9c0-0d63-4edb-bf8f-bb1ca05694ae|rpc:10.1.0.16:46057|dataStream:|priority:0, 277b06ce-74e8-46b5-b9ba-0eaaec62ec87|rpc:10.1.0.16:37685|dataStream:|priority:0], old=null
2021-12-02 14:31:35,661 [grpc-default-executor-5] INFO  server.RaftServer$Division (RaftServerImpl.java:requestVote(1046)) - a7b6a586-909c-47a7-a818-e434e5672216@group-F34A6D962FBB: receive requestVote(ELECTION, 277b06ce-74e8-46b5-b9ba-0eaaec62ec87, group-F34A6D962FBB, 1, (t:0, i:0))
2021-12-02 14:31:35,662 [grpc-default-executor-5] INFO  impl.VoteContext (VoteContext.java:log(48)) - a7b6a586-909c-47a7-a818-e434e5672216@group-F34A6D962FBB-CANDIDATE: reject ELECTION from 277b06ce-74e8-46b5-b9ba-0eaaec62ec87: already has voted for a7b6a586-909c-47a7-a818-e434e5672216 at current term 1
2021-12-02 14:31:35,662 [grpc-default-executor-5] INFO  server.RaftServer$Division (RaftServerImpl.java:requestVote(1078)) - a7b6a586-909c-47a7-a818-e434e5672216@group-F34A6D962FBB replies to ELECTION vote request: 277b06ce-74e8-46b5-b9ba-0eaaec62ec87<-a7b6a586-909c-47a7-a818-e434e5672216#0:FAIL-t1. Peer's state: a7b6a586-909c-47a7-a818-e434e5672216@group-F34A6D962FBB:t1, leader=null, voted=a7b6a586-909c-47a7-a818-e434e5672216, raftlog=a7b6a586-909c-47a7-a818-e434e5672216@group-F34A6D962FBB-SegmentedRaftLog:OPENED:c-1, conf=-1: [a7b6a586-909c-47a7-a818-e434e5672216|rpc:10.1.0.16:38677|dataStream:|priority:1, 8698f9c0-0d63-4edb-bf8f-bb1ca05694ae|rpc:10.1.0.16:46057|dataStream:|priority:0, 277b06ce-74e8-46b5-b9ba-0eaaec62ec87|rpc:10.1.0.16:37685|dataStream:|priority:0], old=null
2021-12-02 14:31:35,679 [277b06ce-74e8-46b5-b9ba-0eaaec62ec87@group-F34A6D962FBB-LeaderElection108] INFO  impl.LeaderElection (LeaderElection.java:logAndReturn(89)) - 277b06ce-74e8-46b5-b9ba-0eaaec62ec87@group-F34A6D962FBB-LeaderElection108: ELECTION REJECTED received 2 response(s) and 0 exception(s):
2021-12-02 14:31:35,679 [277b06ce-74e8-46b5-b9ba-0eaaec62ec87@group-F34A6D962FBB-LeaderElection108] INFO  impl.LeaderElection (LeaderElection.java:logAndReturn(93)) -   Response 0: 277b06ce-74e8-46b5-b9ba-0eaaec62ec87<-a7b6a586-909c-47a7-a818-e434e5672216#0:FAIL-t1
2021-12-02 14:31:35,680 [277b06ce-74e8-46b5-b9ba-0eaaec62ec87@group-F34A6D962FBB-LeaderElection108] INFO  impl.LeaderElection (LeaderElection.java:logAndReturn(93)) -   Response 1: 277b06ce-74e8-46b5-b9ba-0eaaec62ec87<-8698f9c0-0d63-4edb-bf8f-bb1ca05694ae#0:OK-t1
2021-12-02 14:31:35,680 [277b06ce-74e8-46b5-b9ba-0eaaec62ec87@group-F34A6D962FBB-LeaderElection108] INFO  impl.LeaderElection (LeaderElection.java:askForVotes(308)) - 277b06ce-74e8-46b5-b9ba-0eaaec62ec87@group-F34A6D962FBB-LeaderElection108 ELECTION round 0: result REJECTED
2021-12-02 14:31:35,680 [277b06ce-74e8-46b5-b9ba-0eaaec62ec87@group-F34A6D962FBB-LeaderElection108] INFO  server.RaftServer$Division (RaftServerImpl.java:setRole(290)) - 277b06ce-74e8-46b5-b9ba-0eaaec62ec87@group-F34A6D962FBB: changes role from CANDIDATE to FOLLOWER at term 1 for REJECTED
2021-12-02 14:31:35,680 [277b06ce-74e8-46b5-b9ba-0eaaec62ec87@group-F34A6D962FBB-LeaderElection108] INFO  impl.RoleInfo (RoleInfo.java:shutdownLeaderElection(121)) - 277b06ce-74e8-46b5-b9ba-0eaaec62ec87: shutdown 277b06ce-74e8-46b5-b9ba-0eaaec62ec87@group-F34A6D962FBB-LeaderElection108
2021-12-02 14:31:35,680 [277b06ce-74e8-46b5-b9ba-0eaaec62ec87@group-F34A6D962FBB-LeaderElection108] INFO  impl.RoleInfo (RoleInfo.java:updateAndGet(130)) - 277b06ce-74e8-46b5-b9ba-0eaaec62ec87: start 277b06ce-74e8-46b5-b9ba-0eaaec62ec87@group-F34A6D962FBB-FollowerState
2021-12-02 14:31:35,680 [grpc-default-executor-1] INFO  server.RaftServer$Division (RaftServerImpl.java:requestVote(1046)) - 277b06ce-74e8-46b5-b9ba-0eaaec62ec87@group-F34A6D962FBB: receive requestVote(ELECTION, a7b6a586-909c-47a7-a818-e434e5672216, group-F34A6D962FBB, 1, (t:0, i:0))
2021-12-02 14:31:35,680 [grpc-default-executor-1] INFO  impl.VoteContext (VoteContext.java:log(48)) - 277b06ce-74e8-46b5-b9ba-0eaaec62ec87@group-F34A6D962FBB-FOLLOWER: reject ELECTION from a7b6a586-909c-47a7-a818-e434e5672216: already has voted for 277b06ce-74e8-46b5-b9ba-0eaaec62ec87 at current term 1
2021-12-02 14:31:35,682 [grpc-default-executor-1] INFO  server.RaftServer$Division (RaftServerImpl.java:requestVote(1078)) - 277b06ce-74e8-46b5-b9ba-0eaaec62ec87@group-F34A6D962FBB replies to ELECTION vote request: a7b6a586-909c-47a7-a818-e434e5672216<-277b06ce-74e8-46b5-b9ba-0eaaec62ec87#0:FAIL-t1. Peer's state: 277b06ce-74e8-46b5-b9ba-0eaaec62ec87@group-F34A6D962FBB:t1, leader=null, voted=277b06ce-74e8-46b5-b9ba-0eaaec62ec87, raftlog=277b06ce-74e8-46b5-b9ba-0eaaec62ec87@group-F34A6D962FBB-SegmentedRaftLog:OPENED:c-1, conf=-1: [a7b6a586-909c-47a7-a818-e434e5672216|rpc:10.1.0.16:38677|priority:1, 8698f9c0-0d63-4edb-bf8f-bb1ca05694ae|rpc:10.1.0.16:46057|priority:0, 277b06ce-74e8-46b5-b9ba-0eaaec62ec87|rpc:10.1.0.16:37685|priority:0], old=null
2021-12-02 14:31:35,683 [grpc-default-executor-1] INFO  server.RaftServer$Division (RaftServerImpl.java:requestVote(1046)) - 8698f9c0-0d63-4edb-bf8f-bb1ca05694ae@group-F34A6D962FBB: receive requestVote(ELECTION, a7b6a586-909c-47a7-a818-e434e5672216, group-F34A6D962FBB, 1, (t:0, i:0))
2021-12-02 14:31:35,683 [grpc-default-executor-1] INFO  impl.VoteContext (VoteContext.java:log(48)) - 8698f9c0-0d63-4edb-bf8f-bb1ca05694ae@group-F34A6D962FBB-FOLLOWER: reject ELECTION from a7b6a586-909c-47a7-a818-e434e5672216: already has voted for 277b06ce-74e8-46b5-b9ba-0eaaec62ec87 at current term 1
2021-12-02 14:31:35,683 [grpc-default-executor-1] INFO  server.RaftServer$Division (RaftServerImpl.java:requestVote(1078)) - 8698f9c0-0d63-4edb-bf8f-bb1ca05694ae@group-F34A6D962FBB replies to ELECTION vote request: a7b6a586-909c-47a7-a818-e434e5672216<-8698f9c0-0d63-4edb-bf8f-bb1ca05694ae#0:FAIL-t1. Peer's state: 8698f9c0-0d63-4edb-bf8f-bb1ca05694ae@group-F34A6D962FBB:t1, leader=null, voted=277b06ce-74e8-46b5-b9ba-0eaaec62ec87, raftlog=8698f9c0-0d63-4edb-bf8f-bb1ca05694ae@group-F34A6D962FBB-SegmentedRaftLog:OPENED:c-1, conf=-1: [a7b6a586-909c-47a7-a818-e434e5672216|rpc:10.1.0.16:38677|dataStream:|priority:1, 8698f9c0-0d63-4edb-bf8f-bb1ca05694ae|rpc:10.1.0.16:46057|dataStream:|priority:0, 277b06ce-74e8-46b5-b9ba-0eaaec62ec87|rpc:10.1.0.16:37685|dataStream:|priority:0], old=null
2021-12-02 14:31:35,710 [a7b6a586-909c-47a7-a818-e434e5672216@group-F34A6D962FBB-LeaderElection110] INFO  impl.LeaderElection (LeaderElection.java:logAndReturn(89)) - a7b6a586-909c-47a7-a818-e434e5672216@group-F34A6D962FBB-LeaderElection110: ELECTION REJECTED received 2 response(s) and 0 exception(s):
2021-12-02 14:31:35,710 [a7b6a586-909c-47a7-a818-e434e5672216@group-F34A6D962FBB-LeaderElection110] INFO  impl.LeaderElection (LeaderElection.java:logAndReturn(93)) -   Response 0: a7b6a586-909c-47a7-a818-e434e5672216<-277b06ce-74e8-46b5-b9ba-0eaaec62ec87#0:FAIL-t1
2021-12-02 14:31:35,710 [a7b6a586-909c-47a7-a818-e434e5672216@group-F34A6D962FBB-LeaderElection110] INFO  impl.LeaderElection (LeaderElection.java:logAndReturn(93)) -   Response 1: a7b6a586-909c-47a7-a818-e434e5672216<-8698f9c0-0d63-4edb-bf8f-bb1ca05694ae#0:FAIL-t1
2021-12-02 14:31:35,710 [a7b6a586-909c-47a7-a818-e434e5672216@group-F34A6D962FBB-LeaderElection110] INFO  impl.LeaderElection (LeaderElection.java:askForVotes(308)) - a7b6a586-909c-47a7-a818-e434e5672216@group-F34A6D962FBB-LeaderElection110 ELECTION round 0: result REJECTED
2021-12-02 14:31:35,710 [a7b6a586-909c-47a7-a818-e434e5672216@group-F34A6D962FBB-LeaderElection110] INFO  server.RaftServer$Division (RaftServerImpl.java:setRole(290)) - a7b6a586-909c-47a7-a818-e434e5672216@group-F34A6D962FBB: changes role from CANDIDATE to FOLLOWER at term 1 for REJECTED
2021-12-02 14:31:35,710 [a7b6a586-909c-47a7-a818-e434e5672216@group-F34A6D962FBB-LeaderElection110] INFO  impl.RoleInfo (RoleInfo.java:shutdownLeaderElection(121)) - a7b6a586-909c-47a7-a818-e434e5672216: shutdown a7b6a586-909c-47a7-a818-e434e5672216@group-F34A6D962FBB-LeaderElection110
2021-12-02 14:31:35,710 [a7b6a586-909c-47a7-a818-e434e5672216@group-F34A6D962FBB-LeaderElection110] INFO  impl.RoleInfo (RoleInfo.java:updateAndGet(130)) - a7b6a586-909c-47a7-a818-e434e5672216: start a7b6a586-909c-47a7-a818-e434e5672216@group-F34A6D962FBB-FollowerState
2021-12-02 14:31:35,742 [277b06ce-74e8-46b5-b9ba-0eaaec62ec87@group-218C52D3B0E5-LeaderElection111] INFO  impl.LeaderElection (LeaderElection.java:askForVotes(306)) - 277b06ce-74e8-46b5-b9ba-0eaaec62ec87@group-218C52D3B0E5-LeaderElection111 ELECTION round 0: submit vote requests at term 1 for -1: [a7b6a586-909c-47a7-a818-e434e5672216|rpc:10.1.0.16:38677|priority:0, 8698f9c0-0d63-4edb-bf8f-bb1ca05694ae|rpc:10.1.0.16:46057|priority:1, 277b06ce-74e8-46b5-b9ba-0eaaec62ec87|rpc:10.1.0.16:37685|priority:0], old=null
2021-12-02 14:31:35,751 [grpc-default-executor-1] INFO  server.RaftServer$Division (RaftServerImpl.java:requestVote(1046)) - a7b6a586-909c-47a7-a818-e434e5672216@group-218C52D3B0E5: receive requestVote(ELECTION, 277b06ce-74e8-46b5-b9ba-0eaaec62ec87, group-218C52D3B0E5, 1, (t:0, i:0))
2021-12-02 14:31:35,751 [grpc-default-executor-1] INFO  impl.VoteContext (VoteContext.java:log(48)) - a7b6a586-909c-47a7-a818-e434e5672216@group-218C52D3B0E5-FOLLOWER: accept ELECTION from 277b06ce-74e8-46b5-b9ba-0eaaec62ec87: our priority 0 <= candidate's priority 0
2021-12-02 14:31:35,751 [grpc-default-executor-1] INFO  server.RaftServer$Division (RaftServerImpl.java:setRole(290)) - a7b6a586-909c-47a7-a818-e434e5672216@group-218C52D3B0E5: changes role from  FOLLOWER to FOLLOWER at term 1 for candidate:277b06ce-74e8-46b5-b9ba-0eaaec62ec87
2021-12-02 14:31:35,751 [grpc-default-executor-1] INFO  impl.RoleInfo (RoleInfo.java:shutdownFollowerState(108)) - a7b6a586-909c-47a7-a818-e434e5672216: shutdown a7b6a586-909c-47a7-a818-e434e5672216@group-218C52D3B0E5-FollowerState
2021-12-02 14:31:35,760 [8698f9c0-0d63-4edb-bf8f-bb1ca05694ae@group-218C52D3B0E5-FollowerState] INFO  impl.FollowerState (FollowerState.java:run(134)) - 8698f9c0-0d63-4edb-bf8f-bb1ca05694ae@group-218C52D3B0E5-FollowerState: change to CANDIDATE, lastRpcElapsedTime:5106603831ns, electionTimeout:5100ms
2021-12-02 14:31:35,760 [8698f9c0-0d63-4edb-bf8f-bb1ca05694ae@group-218C52D3B0E5-FollowerState] INFO  impl.RoleInfo (RoleInfo.java:shutdownFollowerState(108)) - 8698f9c0-0d63-4edb-bf8f-bb1ca05694ae: shutdown 8698f9c0-0d63-4edb-bf8f-bb1ca05694ae@group-218C52D3B0E5-FollowerState
2021-12-02 14:31:35,760 [8698f9c0-0d63-4edb-bf8f-bb1ca05694ae@group-218C52D3B0E5-FollowerState] INFO  server.RaftServer$Division (RaftServerImpl.java:setRole(290)) - 8698f9c0-0d63-4edb-bf8f-bb1ca05694ae@group-218C52D3B0E5: changes role from  FOLLOWER to CANDIDATE at term 0 for changeToCandidate
2021-12-02 14:31:35,762 [8698f9c0-0d63-4edb-bf8f-bb1ca05694ae@group-218C52D3B0E5-FollowerState] INFO  server.RaftServerConfigKeys (ConfUtils.java:logGet(44)) - raft.server.leaderelection.pre-vote = false (custom)
2021-12-02 14:31:35,762 [8698f9c0-0d63-4edb-bf8f-bb1ca05694ae@group-218C52D3B0E5-FollowerState] INFO  impl.RoleInfo (RoleInfo.java:updateAndGet(130)) - 8698f9c0-0d63-4edb-bf8f-bb1ca05694ae: start 8698f9c0-0d63-4edb-bf8f-bb1ca05694ae@group-218C52D3B0E5-LeaderElection112
2021-12-02 14:31:35,778 [a7b6a586-909c-47a7-a818-e434e5672216@group-218C52D3B0E5-FollowerState] INFO  impl.FollowerState (FollowerState.java:run(127)) - a7b6a586-909c-47a7-a818-e434e5672216@group-218C52D3B0E5-FollowerState: Stopping now (isRunning? false, isFollower? true)
2021-12-02 14:31:35,811 [Listener at 127.0.0.1/39245] INFO  ozone.MiniOzoneClusterImpl (MiniOzoneClusterImpl.java:lambda$waitForClusterToBeReady$0(235)) - Nodes are ready. Got 7 of 7 DN Heartbeats.
2021-12-02 14:31:35,811 [Listener at 127.0.0.1/39245] INFO  ozone.MiniOzoneClusterImpl (MiniOzoneClusterImpl.java:lambda$waitForClusterToBeReady$0(238)) - Waiting for cluster to exit safe mode
2021-12-02 14:31:35,811 [Listener at 127.0.0.1/39245] INFO  ozone.MiniOzoneClusterImpl (MiniOzoneClusterImpl.java:lambda$waitForClusterToBeReady$0(240)) - SCM became leader
2021-12-02 14:31:35,819 [grpc-default-executor-1] INFO  impl.RoleInfo (RoleInfo.java:updateAndGet(130)) - a7b6a586-909c-47a7-a818-e434e5672216: start a7b6a586-909c-47a7-a818-e434e5672216@group-218C52D3B0E5-FollowerState
2021-12-02 14:31:35,819 [grpc-default-executor-5] INFO  server.RaftServer$Division (RaftServerImpl.java:requestVote(1046)) - 8698f9c0-0d63-4edb-bf8f-bb1ca05694ae@group-218C52D3B0E5: receive requestVote(ELECTION, 277b06ce-74e8-46b5-b9ba-0eaaec62ec87, group-218C52D3B0E5, 1, (t:0, i:0))
2021-12-02 14:31:35,819 [grpc-default-executor-5] INFO  impl.VoteContext (VoteContext.java:log(48)) - 8698f9c0-0d63-4edb-bf8f-bb1ca05694ae@group-218C52D3B0E5-CANDIDATE: reject ELECTION from 277b06ce-74e8-46b5-b9ba-0eaaec62ec87: our priority 1 > candidate's priority 0
2021-12-02 14:31:35,819 [grpc-default-executor-5] INFO  server.RaftServer$Division (RaftServerImpl.java:setRole(290)) - 8698f9c0-0d63-4edb-bf8f-bb1ca05694ae@group-218C52D3B0E5: changes role from CANDIDATE to FOLLOWER at term 1 for candidate:277b06ce-74e8-46b5-b9ba-0eaaec62ec87
2021-12-02 14:31:35,819 [grpc-default-executor-5] INFO  impl.RoleInfo (RoleInfo.java:shutdownLeaderElection(121)) - 8698f9c0-0d63-4edb-bf8f-bb1ca05694ae: shutdown 8698f9c0-0d63-4edb-bf8f-bb1ca05694ae@group-218C52D3B0E5-LeaderElection112
2021-12-02 14:31:35,822 [a7b6a586-909c-47a7-a818-e434e5672216@group-FB5AFE99D0AB-FollowerState] INFO  impl.FollowerState (FollowerState.java:run(134)) - a7b6a586-909c-47a7-a818-e434e5672216@group-FB5AFE99D0AB-FollowerState: change to CANDIDATE, lastRpcElapsedTime:5011255992ns, electionTimeout:5010ms
2021-12-02 14:31:35,822 [a7b6a586-909c-47a7-a818-e434e5672216@group-FB5AFE99D0AB-FollowerState] INFO  impl.RoleInfo (RoleInfo.java:shutdownFollowerState(108)) - a7b6a586-909c-47a7-a818-e434e5672216: shutdown a7b6a586-909c-47a7-a818-e434e5672216@group-FB5AFE99D0AB-FollowerState
2021-12-02 14:31:35,822 [a7b6a586-909c-47a7-a818-e434e5672216@group-FB5AFE99D0AB-FollowerState] INFO  server.RaftServer$Division (RaftServerImpl.java:setRole(290)) - a7b6a586-909c-47a7-a818-e434e5672216@group-FB5AFE99D0AB: changes role from  FOLLOWER to CANDIDATE at term 0 for changeToCandidate
2021-12-02 14:31:35,831 [grpc-default-executor-1] INFO  server.RaftServer$Division (RaftServerImpl.java:requestVote(1078)) - a7b6a586-909c-47a7-a818-e434e5672216@group-218C52D3B0E5 replies to ELECTION vote request: 277b06ce-74e8-46b5-b9ba-0eaaec62ec87<-a7b6a586-909c-47a7-a818-e434e5672216#0:OK-t1. Peer's state: a7b6a586-909c-47a7-a818-e434e5672216@group-218C52D3B0E5:t1, leader=null, voted=277b06ce-74e8-46b5-b9ba-0eaaec62ec87, raftlog=a7b6a586-909c-47a7-a818-e434e5672216@group-218C52D3B0E5-SegmentedRaftLog:OPENED:c-1, conf=-1: [a7b6a586-909c-47a7-a818-e434e5672216|rpc:10.1.0.16:38677|dataStream:|priority:0, 8698f9c0-0d63-4edb-bf8f-bb1ca05694ae|rpc:10.1.0.16:46057|dataStream:|priority:1, 277b06ce-74e8-46b5-b9ba-0eaaec62ec87|rpc:10.1.0.16:37685|dataStream:|priority:0], old=null
2021-12-02 14:31:35,844 [a7b6a586-909c-47a7-a818-e434e5672216@group-FB5AFE99D0AB-FollowerState] INFO  server.RaftServerConfigKeys (ConfUtils.java:logGet(44)) - raft.server.leaderelection.pre-vote = false (custom)
2021-12-02 14:31:35,844 [a7b6a586-909c-47a7-a818-e434e5672216@group-FB5AFE99D0AB-FollowerState] INFO  impl.RoleInfo (RoleInfo.java:updateAndGet(130)) - a7b6a586-909c-47a7-a818-e434e5672216: start a7b6a586-909c-47a7-a818-e434e5672216@group-FB5AFE99D0AB-LeaderElection113
2021-12-02 14:31:35,852 [grpc-default-executor-5] INFO  impl.RoleInfo (RoleInfo.java:updateAndGet(130)) - 8698f9c0-0d63-4edb-bf8f-bb1ca05694ae: start 8698f9c0-0d63-4edb-bf8f-bb1ca05694ae@group-218C52D3B0E5-FollowerState
2021-12-02 14:31:35,857 [grpc-default-executor-5] INFO  server.RaftServer$Division (RaftServerImpl.java:requestVote(1078)) - 8698f9c0-0d63-4edb-bf8f-bb1ca05694ae@group-218C52D3B0E5 replies to ELECTION vote request: 277b06ce-74e8-46b5-b9ba-0eaaec62ec87<-8698f9c0-0d63-4edb-bf8f-bb1ca05694ae#0:FAIL-t1. Peer's state: 8698f9c0-0d63-4edb-bf8f-bb1ca05694ae@group-218C52D3B0E5:t1, leader=null, voted=null, raftlog=8698f9c0-0d63-4edb-bf8f-bb1ca05694ae@group-218C52D3B0E5-SegmentedRaftLog:OPENED:c-1, conf=-1: [a7b6a586-909c-47a7-a818-e434e5672216|rpc:10.1.0.16:38677|dataStream:|priority:0, 8698f9c0-0d63-4edb-bf8f-bb1ca05694ae|rpc:10.1.0.16:46057|dataStream:|priority:1, 277b06ce-74e8-46b5-b9ba-0eaaec62ec87|rpc:10.1.0.16:37685|dataStream:|priority:0], old=null
2021-12-02 14:31:35,857 [277b06ce-74e8-46b5-b9ba-0eaaec62ec87@group-218C52D3B0E5-LeaderElection111] INFO  impl.LeaderElection (LeaderElection.java:logAndReturn(89)) - 277b06ce-74e8-46b5-b9ba-0eaaec62ec87@group-218C52D3B0E5-LeaderElection111: ELECTION REJECTED received 2 response(s) and 0 exception(s):
2021-12-02 14:31:35,858 [277b06ce-74e8-46b5-b9ba-0eaaec62ec87@group-218C52D3B0E5-LeaderElection111] INFO  impl.LeaderElection (LeaderElection.java:logAndReturn(93)) -   Response 0: 277b06ce-74e8-46b5-b9ba-0eaaec62ec87<-a7b6a586-909c-47a7-a818-e434e5672216#0:OK-t1
2021-12-02 14:31:35,858 [277b06ce-74e8-46b5-b9ba-0eaaec62ec87@group-218C52D3B0E5-LeaderElection111] INFO  impl.LeaderElection (LeaderElection.java:logAndReturn(93)) -   Response 1: 277b06ce-74e8-46b5-b9ba-0eaaec62ec87<-8698f9c0-0d63-4edb-bf8f-bb1ca05694ae#0:FAIL-t1
2021-12-02 14:31:35,858 [277b06ce-74e8-46b5-b9ba-0eaaec62ec87@group-218C52D3B0E5-LeaderElection111] INFO  impl.LeaderElection (LeaderElection.java:askForVotes(308)) - 277b06ce-74e8-46b5-b9ba-0eaaec62ec87@group-218C52D3B0E5-LeaderElection111 ELECTION round 0: result REJECTED
2021-12-02 14:31:35,858 [277b06ce-74e8-46b5-b9ba-0eaaec62ec87@group-218C52D3B0E5-LeaderElection111] INFO  server.RaftServer$Division (RaftServerImpl.java:setRole(290)) - 277b06ce-74e8-46b5-b9ba-0eaaec62ec87@group-218C52D3B0E5: changes role from CANDIDATE to FOLLOWER at term 1 for REJECTED
2021-12-02 14:31:35,858 [277b06ce-74e8-46b5-b9ba-0eaaec62ec87@group-218C52D3B0E5-LeaderElection111] INFO  impl.RoleInfo (RoleInfo.java:shutdownLeaderElection(121)) - 277b06ce-74e8-46b5-b9ba-0eaaec62ec87: shutdown 277b06ce-74e8-46b5-b9ba-0eaaec62ec87@group-218C52D3B0E5-LeaderElection111
2021-12-02 14:31:35,858 [277b06ce-74e8-46b5-b9ba-0eaaec62ec87@group-218C52D3B0E5-LeaderElection111] INFO  impl.RoleInfo (RoleInfo.java:updateAndGet(130)) - 277b06ce-74e8-46b5-b9ba-0eaaec62ec87: start 277b06ce-74e8-46b5-b9ba-0eaaec62ec87@group-218C52D3B0E5-FollowerState
2021-12-02 14:31:35,889 [a7b6a586-909c-47a7-a818-e434e5672216@group-FB5AFE99D0AB-LeaderElection113] INFO  impl.LeaderElection (LeaderElection.java:askForVotes(306)) - a7b6a586-909c-47a7-a818-e434e5672216@group-FB5AFE99D0AB-LeaderElection113 ELECTION round 0: submit vote requests at term 1 for -1: [a7b6a586-909c-47a7-a818-e434e5672216|rpc:10.1.0.16:38677|priority:1], old=null
2021-12-02 14:31:35,889 [a7b6a586-909c-47a7-a818-e434e5672216@group-FB5AFE99D0AB-LeaderElection113] INFO  impl.LeaderElection (LeaderElection.java:askForVotes(308)) - a7b6a586-909c-47a7-a818-e434e5672216@group-FB5AFE99D0AB-LeaderElection113 ELECTION round 0: result PASSED (term=1)
2021-12-02 14:31:35,889 [a7b6a586-909c-47a7-a818-e434e5672216@group-FB5AFE99D0AB-LeaderElection113] INFO  impl.RoleInfo (RoleInfo.java:shutdownLeaderElection(121)) - a7b6a586-909c-47a7-a818-e434e5672216: shutdown a7b6a586-909c-47a7-a818-e434e5672216@group-FB5AFE99D0AB-LeaderElection113
2021-12-02 14:31:35,889 [a7b6a586-909c-47a7-a818-e434e5672216@group-FB5AFE99D0AB-LeaderElection113] INFO  server.RaftServer$Division (RaftServerImpl.java:setRole(290)) - a7b6a586-909c-47a7-a818-e434e5672216@group-FB5AFE99D0AB: changes role from CANDIDATE to LEADER at term 1 for changeToLeader
2021-12-02 14:31:35,889 [a7b6a586-909c-47a7-a818-e434e5672216@group-FB5AFE99D0AB-LeaderElection113] INFO  ratis.XceiverServerRatis (XceiverServerRatis.java:handleLeaderChangedNotification(866)) - Leader change notification received for group: group-FB5AFE99D0AB with new leaderId: a7b6a586-909c-47a7-a818-e434e5672216
2021-12-02 14:31:35,889 [a7b6a586-909c-47a7-a818-e434e5672216@group-FB5AFE99D0AB-LeaderElection113] INFO  server.RaftServer$Division (ServerState.java:setLeader(285)) - a7b6a586-909c-47a7-a818-e434e5672216@group-FB5AFE99D0AB: change Leader from null to a7b6a586-909c-47a7-a818-e434e5672216 at term 1 for becomeLeader, leader elected after 5085ms
2021-12-02 14:31:35,889 [a7b6a586-909c-47a7-a818-e434e5672216@group-FB5AFE99D0AB-LeaderElection113] INFO  server.RaftServerConfigKeys (ConfUtils.java:logGet(44)) - raft.server.staging.catchup.gap = 1000 (default)
2021-12-02 14:31:35,890 [a7b6a586-909c-47a7-a818-e434e5672216@group-FB5AFE99D0AB-LeaderElection113] INFO  server.RaftServerConfigKeys (ConfUtils.java:logGet(44)) - raft.server.write.element-limit = 1024 (custom)
2021-12-02 14:31:35,890 [a7b6a586-909c-47a7-a818-e434e5672216@group-FB5AFE99D0AB-LeaderElection113] INFO  server.RaftServerConfigKeys (ConfUtils.java:logGet(44)) - raft.server.write.byte-limit = 1024 M (=1073741824) (custom)
2021-12-02 14:31:35,890 [a7b6a586-909c-47a7-a818-e434e5672216@group-FB5AFE99D0AB-LeaderElection113] INFO  server.RaftServerConfigKeys (ConfUtils.java:logGet(44)) - raft.server.watch.timeout = 3000ms (custom)
2021-12-02 14:31:35,890 [a7b6a586-909c-47a7-a818-e434e5672216@group-FB5AFE99D0AB-LeaderElection113] INFO  server.RaftServerConfigKeys (ConfUtils.java:logGet(44)) - raft.server.watch.timeout.denomination = 1s (default)
2021-12-02 14:31:35,890 [a7b6a586-909c-47a7-a818-e434e5672216@group-FB5AFE99D0AB-LeaderElection113] INFO  server.RaftServerConfigKeys (ConfUtils.java:logGet(44)) - raft.server.watch.element-limit = 65536 (default)
2021-12-02 14:31:35,890 [a7b6a586-909c-47a7-a818-e434e5672216@group-FB5AFE99D0AB-LeaderElection113] INFO  server.RaftServerConfigKeys (ConfUtils.java:logGet(44)) - raft.server.write.element-limit = 1024 (custom)
2021-12-02 14:31:35,890 [a7b6a586-909c-47a7-a818-e434e5672216@group-FB5AFE99D0AB-LeaderElection113] INFO  server.RaftServerConfigKeys (ConfUtils.java:logGet(44)) - raft.server.write.follower.gap.ratio.max = -1.0 (default)
2021-12-02 14:31:35,890 [a7b6a586-909c-47a7-a818-e434e5672216@group-FB5AFE99D0AB-LeaderElection113] INFO  impl.RoleInfo (RoleInfo.java:updateAndGet(130)) - a7b6a586-909c-47a7-a818-e434e5672216: start a7b6a586-909c-47a7-a818-e434e5672216@group-FB5AFE99D0AB-LeaderStateImpl
2021-12-02 14:31:35,891 [a7b6a586-909c-47a7-a818-e434e5672216@group-FB5AFE99D0AB-LeaderElection113] INFO  segmented.SegmentedRaftLogWorker (SegmentedRaftLogWorker.java:startLogSegment(394)) - a7b6a586-909c-47a7-a818-e434e5672216@group-FB5AFE99D0AB-SegmentedRaftLogWorker: Starting segment from index:0
2021-12-02 14:31:35,892 [EventQueue-OpenPipelineForHealthyPipelineSafeModeRule] INFO  safemode.SCMSafeModeManager (HealthyPipelineSafeModeRule.java:process(124)) - SCM in safe mode. Healthy pipelines reported count is 0, required healthy pipeline reported count is 1
2021-12-02 14:31:35,893 [a7b6a586-909c-47a7-a818-e434e5672216@group-FB5AFE99D0AB-SegmentedRaftLogWorker] INFO  segmented.SegmentedRaftLogWorker (SegmentedRaftLogWorker.java:execute(601)) - a7b6a586-909c-47a7-a818-e434e5672216@group-FB5AFE99D0AB-SegmentedRaftLogWorker: created new log segment /home/runner/work/ozone/ozone/hadoop-ozone/integration-test/target/test-dir/MiniOzoneClusterImpl-fd94144e-5974-489a-b79f-b066564ba6f5/datanode-1/data/ratis/c0c5fcd2-e210-4ac4-97db-fb5afe99d0ab/current/log_inprogress_0
2021-12-02 14:31:35,895 [a7b6a586-909c-47a7-a818-e434e5672216@group-FB5AFE99D0AB-LeaderElection113] INFO  server.RaftServer$Division (ServerState.java:setRaftConf(387)) - a7b6a586-909c-47a7-a818-e434e5672216@group-FB5AFE99D0AB: set configuration 0: [a7b6a586-909c-47a7-a818-e434e5672216|rpc:10.1.0.16:38677|dataStream:|priority:1], old=null
2021-12-02 14:31:36,285 [8698f9c0-0d63-4edb-bf8f-bb1ca05694ae@group-AF37F28D5C2B-FollowerState] INFO  impl.FollowerState (FollowerState.java:run(134)) - 8698f9c0-0d63-4edb-bf8f-bb1ca05694ae@group-AF37F28D5C2B-FollowerState: change to CANDIDATE, lastRpcElapsedTime:5014243297ns, electionTimeout:5013ms
2021-12-02 14:31:36,286 [8698f9c0-0d63-4edb-bf8f-bb1ca05694ae@group-AF37F28D5C2B-FollowerState] INFO  impl.RoleInfo (RoleInfo.java:shutdownFollowerState(108)) - 8698f9c0-0d63-4edb-bf8f-bb1ca05694ae: shutdown 8698f9c0-0d63-4edb-bf8f-bb1ca05694ae@group-AF37F28D5C2B-FollowerState
2021-12-02 14:31:36,286 [8698f9c0-0d63-4edb-bf8f-bb1ca05694ae@group-AF37F28D5C2B-FollowerState] INFO  server.RaftServer$Division (RaftServerImpl.java:setRole(290)) - 8698f9c0-0d63-4edb-bf8f-bb1ca05694ae@group-AF37F28D5C2B: changes role from  FOLLOWER to CANDIDATE at term 0 for changeToCandidate
2021-12-02 14:31:36,286 [8698f9c0-0d63-4edb-bf8f-bb1ca05694ae@group-AF37F28D5C2B-FollowerState] INFO  server.RaftServerConfigKeys (ConfUtils.java:logGet(44)) - raft.server.leaderelection.pre-vote = false (custom)
2021-12-02 14:31:36,286 [8698f9c0-0d63-4edb-bf8f-bb1ca05694ae@group-AF37F28D5C2B-FollowerState] INFO  impl.RoleInfo (RoleInfo.java:updateAndGet(130)) - 8698f9c0-0d63-4edb-bf8f-bb1ca05694ae: start 8698f9c0-0d63-4edb-bf8f-bb1ca05694ae@group-AF37F28D5C2B-LeaderElection114
2021-12-02 14:31:36,319 [8698f9c0-0d63-4edb-bf8f-bb1ca05694ae@group-AF37F28D5C2B-LeaderElection114] INFO  impl.LeaderElection (LeaderElection.java:askForVotes(306)) - 8698f9c0-0d63-4edb-bf8f-bb1ca05694ae@group-AF37F28D5C2B-LeaderElection114 ELECTION round 0: submit vote requests at term 1 for -1: [8698f9c0-0d63-4edb-bf8f-bb1ca05694ae|rpc:10.1.0.16:46057|priority:1], old=null
2021-12-02 14:31:36,319 [8698f9c0-0d63-4edb-bf8f-bb1ca05694ae@group-AF37F28D5C2B-LeaderElection114] INFO  impl.LeaderElection (LeaderElection.java:askForVotes(308)) - 8698f9c0-0d63-4edb-bf8f-bb1ca05694ae@group-AF37F28D5C2B-LeaderElection114 ELECTION round 0: result PASSED (term=1)
2021-12-02 14:31:36,319 [8698f9c0-0d63-4edb-bf8f-bb1ca05694ae@group-AF37F28D5C2B-LeaderElection114] INFO  impl.RoleInfo (RoleInfo.java:shutdownLeaderElection(121)) - 8698f9c0-0d63-4edb-bf8f-bb1ca05694ae: shutdown 8698f9c0-0d63-4edb-bf8f-bb1ca05694ae@group-AF37F28D5C2B-LeaderElection114
2021-12-02 14:31:36,319 [8698f9c0-0d63-4edb-bf8f-bb1ca05694ae@group-AF37F28D5C2B-LeaderElection114] INFO  server.RaftServer$Division (RaftServerImpl.java:setRole(290)) - 8698f9c0-0d63-4edb-bf8f-bb1ca05694ae@group-AF37F28D5C2B: changes role from CANDIDATE to LEADER at term 1 for changeToLeader
2021-12-02 14:31:36,319 [8698f9c0-0d63-4edb-bf8f-bb1ca05694ae@group-AF37F28D5C2B-LeaderElection114] INFO  ratis.XceiverServerRatis (XceiverServerRatis.java:handleLeaderChangedNotification(866)) - Leader change notification received for group: group-AF37F28D5C2B with new leaderId: 8698f9c0-0d63-4edb-bf8f-bb1ca05694ae
2021-12-02 14:31:36,319 [8698f9c0-0d63-4edb-bf8f-bb1ca05694ae@group-AF37F28D5C2B-LeaderElection114] INFO  server.RaftServer$Division (ServerState.java:setLeader(285)) - 8698f9c0-0d63-4edb-bf8f-bb1ca05694ae@group-AF37F28D5C2B: change Leader from null to 8698f9c0-0d63-4edb-bf8f-bb1ca05694ae at term 1 for becomeLeader, leader elected after 5056ms
2021-12-02 14:31:36,319 [8698f9c0-0d63-4edb-bf8f-bb1ca05694ae@group-AF37F28D5C2B-LeaderElection114] INFO  server.RaftServerConfigKeys (ConfUtils.java:logGet(44)) - raft.server.staging.catchup.gap = 1000 (default)
2021-12-02 14:31:36,319 [8698f9c0-0d63-4edb-bf8f-bb1ca05694ae@group-AF37F28D5C2B-LeaderElection114] INFO  server.RaftServerConfigKeys (ConfUtils.java:logGet(44)) - raft.server.write.element-limit = 1024 (custom)
2021-12-02 14:31:36,319 [8698f9c0-0d63-4edb-bf8f-bb1ca05694ae@group-AF37F28D5C2B-LeaderElection114] INFO  server.RaftServerConfigKeys (ConfUtils.java:logGet(44)) - raft.server.write.byte-limit = 1024 M (=1073741824) (custom)
2021-12-02 14:31:36,320 [8698f9c0-0d63-4edb-bf8f-bb1ca05694ae@group-AF37F28D5C2B-LeaderElection114] INFO  server.RaftServerConfigKeys (ConfUtils.java:logGet(44)) - raft.server.watch.timeout = 3000ms (custom)
2021-12-02 14:31:36,320 [8698f9c0-0d63-4edb-bf8f-bb1ca05694ae@group-AF37F28D5C2B-LeaderElection114] INFO  server.RaftServerConfigKeys (ConfUtils.java:logGet(44)) - raft.server.watch.timeout.denomination = 1s (default)
2021-12-02 14:31:36,320 [8698f9c0-0d63-4edb-bf8f-bb1ca05694ae@group-AF37F28D5C2B-LeaderElection114] INFO  server.RaftServerConfigKeys (ConfUtils.java:logGet(44)) - raft.server.watch.element-limit = 65536 (default)
2021-12-02 14:31:36,320 [8698f9c0-0d63-4edb-bf8f-bb1ca05694ae@group-AF37F28D5C2B-LeaderElection114] INFO  server.RaftServerConfigKeys (ConfUtils.java:logGet(44)) - raft.server.write.element-limit = 1024 (custom)
2021-12-02 14:31:36,320 [8698f9c0-0d63-4edb-bf8f-bb1ca05694ae@group-AF37F28D5C2B-LeaderElection114] INFO  server.RaftServerConfigKeys (ConfUtils.java:logGet(44)) - raft.server.write.follower.gap.ratio.max = -1.0 (default)
2021-12-02 14:31:36,320 [8698f9c0-0d63-4edb-bf8f-bb1ca05694ae@group-AF37F28D5C2B-LeaderElection114] INFO  impl.RoleInfo (RoleInfo.java:updateAndGet(130)) - 8698f9c0-0d63-4edb-bf8f-bb1ca05694ae: start 8698f9c0-0d63-4edb-bf8f-bb1ca05694ae@group-AF37F28D5C2B-LeaderStateImpl
2021-12-02 14:31:36,321 [8698f9c0-0d63-4edb-bf8f-bb1ca05694ae@group-AF37F28D5C2B-LeaderElection114] INFO  segmented.SegmentedRaftLogWorker (SegmentedRaftLogWorker.java:startLogSegment(394)) - 8698f9c0-0d63-4edb-bf8f-bb1ca05694ae@group-AF37F28D5C2B-SegmentedRaftLogWorker: Starting segment from index:0
2021-12-02 14:31:36,322 [8698f9c0-0d63-4edb-bf8f-bb1ca05694ae@group-AF37F28D5C2B-SegmentedRaftLogWorker] INFO  segmented.SegmentedRaftLogWorker (SegmentedRaftLogWorker.java:execute(601)) - 8698f9c0-0d63-4edb-bf8f-bb1ca05694ae@group-AF37F28D5C2B-SegmentedRaftLogWorker: created new log segment /home/runner/work/ozone/ozone/hadoop-ozone/integration-test/target/test-dir/MiniOzoneClusterImpl-fd94144e-5974-489a-b79f-b066564ba6f5/datanode-2/data/ratis/ad76ff9c-4ca6-4f86-9f39-af37f28d5c2b/current/log_inprogress_0
2021-12-02 14:31:36,331 [EventQueue-OpenPipelineForHealthyPipelineSafeModeRule] INFO  safemode.SCMSafeModeManager (HealthyPipelineSafeModeRule.java:process(124)) - SCM in safe mode. Healthy pipelines reported count is 0, required healthy pipeline reported count is 1
2021-12-02 14:31:36,341 [8698f9c0-0d63-4edb-bf8f-bb1ca05694ae@group-AF37F28D5C2B-LeaderElection114] INFO  server.RaftServer$Division (ServerState.java:setRaftConf(387)) - 8698f9c0-0d63-4edb-bf8f-bb1ca05694ae@group-AF37F28D5C2B: set configuration 0: [8698f9c0-0d63-4edb-bf8f-bb1ca05694ae|rpc:10.1.0.16:46057|dataStream:|priority:1], old=null
2021-12-02 14:31:36,795 [ecb5ef9a-e3c1-46e1-bc6e-74dcb14bbdd1@group-A6321D7C8B44-FollowerState] INFO  impl.FollowerState (FollowerState.java:run(134)) - ecb5ef9a-e3c1-46e1-bc6e-74dcb14bbdd1@group-A6321D7C8B44-FollowerState: change to CANDIDATE, lastRpcElapsedTime:5080121859ns, electionTimeout:5073ms
2021-12-02 14:31:36,796 [ecb5ef9a-e3c1-46e1-bc6e-74dcb14bbdd1@group-A6321D7C8B44-FollowerState] INFO  impl.RoleInfo (RoleInfo.java:shutdownFollowerState(108)) - ecb5ef9a-e3c1-46e1-bc6e-74dcb14bbdd1: shutdown ecb5ef9a-e3c1-46e1-bc6e-74dcb14bbdd1@group-A6321D7C8B44-FollowerState
2021-12-02 14:31:36,796 [ecb5ef9a-e3c1-46e1-bc6e-74dcb14bbdd1@group-A6321D7C8B44-FollowerState] INFO  server.RaftServer$Division (RaftServerImpl.java:setRole(290)) - ecb5ef9a-e3c1-46e1-bc6e-74dcb14bbdd1@group-A6321D7C8B44: changes role from  FOLLOWER to CANDIDATE at term 0 for changeToCandidate
2021-12-02 14:31:36,797 [ecb5ef9a-e3c1-46e1-bc6e-74dcb14bbdd1@group-A6321D7C8B44-FollowerState] INFO  server.RaftServerConfigKeys (ConfUtils.java:logGet(44)) - raft.server.leaderelection.pre-vote = false (custom)
2021-12-02 14:31:36,797 [ecb5ef9a-e3c1-46e1-bc6e-74dcb14bbdd1@group-A6321D7C8B44-FollowerState] INFO  impl.RoleInfo (RoleInfo.java:updateAndGet(130)) - ecb5ef9a-e3c1-46e1-bc6e-74dcb14bbdd1: start ecb5ef9a-e3c1-46e1-bc6e-74dcb14bbdd1@group-A6321D7C8B44-LeaderElection115
2021-12-02 14:31:36,811 [Listener at 127.0.0.1/39245] INFO  ozone.MiniOzoneClusterImpl (MiniOzoneClusterImpl.java:lambda$waitForClusterToBeReady$0(235)) - Nodes are ready. Got 7 of 7 DN Heartbeats.
2021-12-02 14:31:36,811 [Listener at 127.0.0.1/39245] INFO  ozone.MiniOzoneClusterImpl (MiniOzoneClusterImpl.java:lambda$waitForClusterToBeReady$0(238)) - Waiting for cluster to exit safe mode
2021-12-02 14:31:36,812 [Listener at 127.0.0.1/39245] INFO  ozone.MiniOzoneClusterImpl (MiniOzoneClusterImpl.java:lambda$waitForClusterToBeReady$0(240)) - SCM became leader
2021-12-02 14:31:36,846 [ecb5ef9a-e3c1-46e1-bc6e-74dcb14bbdd1@group-A6321D7C8B44-LeaderElection115] INFO  impl.LeaderElection (LeaderElection.java:askForVotes(306)) - ecb5ef9a-e3c1-46e1-bc6e-74dcb14bbdd1@group-A6321D7C8B44-LeaderElection115 ELECTION round 0: submit vote requests at term 1 for -1: [ecb5ef9a-e3c1-46e1-bc6e-74dcb14bbdd1|rpc:10.1.0.16:41883|priority:1], old=null
2021-12-02 14:31:36,846 [ecb5ef9a-e3c1-46e1-bc6e-74dcb14bbdd1@group-A6321D7C8B44-LeaderElection115] INFO  impl.LeaderElection (LeaderElection.java:askForVotes(308)) - ecb5ef9a-e3c1-46e1-bc6e-74dcb14bbdd1@group-A6321D7C8B44-LeaderElection115 ELECTION round 0: result PASSED (term=1)
2021-12-02 14:31:36,846 [ecb5ef9a-e3c1-46e1-bc6e-74dcb14bbdd1@group-A6321D7C8B44-LeaderElection115] INFO  impl.RoleInfo (RoleInfo.java:shutdownLeaderElection(121)) - ecb5ef9a-e3c1-46e1-bc6e-74dcb14bbdd1: shutdown ecb5ef9a-e3c1-46e1-bc6e-74dcb14bbdd1@group-A6321D7C8B44-LeaderElection115
2021-12-02 14:31:36,846 [ecb5ef9a-e3c1-46e1-bc6e-74dcb14bbdd1@group-A6321D7C8B44-LeaderElection115] INFO  server.RaftServer$Division (RaftServerImpl.java:setRole(290)) - ecb5ef9a-e3c1-46e1-bc6e-74dcb14bbdd1@group-A6321D7C8B44: changes role from CANDIDATE to LEADER at term 1 for changeToLeader
2021-12-02 14:31:36,846 [ecb5ef9a-e3c1-46e1-bc6e-74dcb14bbdd1@group-A6321D7C8B44-LeaderElection115] INFO  ratis.XceiverServerRatis (XceiverServerRatis.java:handleLeaderChangedNotification(866)) - Leader change notification received for group: group-A6321D7C8B44 with new leaderId: ecb5ef9a-e3c1-46e1-bc6e-74dcb14bbdd1
2021-12-02 14:31:36,846 [ecb5ef9a-e3c1-46e1-bc6e-74dcb14bbdd1@group-A6321D7C8B44-LeaderElection115] INFO  server.RaftServer$Division (ServerState.java:setLeader(285)) - ecb5ef9a-e3c1-46e1-bc6e-74dcb14bbdd1@group-A6321D7C8B44: change Leader from null to ecb5ef9a-e3c1-46e1-bc6e-74dcb14bbdd1 at term 1 for becomeLeader, leader elected after 5154ms
2021-12-02 14:31:36,846 [ecb5ef9a-e3c1-46e1-bc6e-74dcb14bbdd1@group-A6321D7C8B44-LeaderElection115] INFO  server.RaftServerConfigKeys (ConfUtils.java:logGet(44)) - raft.server.staging.catchup.gap = 1000 (default)
2021-12-02 14:31:36,847 [ecb5ef9a-e3c1-46e1-bc6e-74dcb14bbdd1@group-A6321D7C8B44-LeaderElection115] INFO  server.RaftServerConfigKeys (ConfUtils.java:logGet(44)) - raft.server.write.element-limit = 1024 (custom)
2021-12-02 14:31:36,847 [ecb5ef9a-e3c1-46e1-bc6e-74dcb14bbdd1@group-A6321D7C8B44-LeaderElection115] INFO  server.RaftServerConfigKeys (ConfUtils.java:logGet(44)) - raft.server.write.byte-limit = 1024 M (=1073741824) (custom)
2021-12-02 14:31:36,847 [ecb5ef9a-e3c1-46e1-bc6e-74dcb14bbdd1@group-A6321D7C8B44-LeaderElection115] INFO  server.RaftServerConfigKeys (ConfUtils.java:logGet(44)) - raft.server.watch.timeout = 3000ms (custom)
2021-12-02 14:31:36,847 [ecb5ef9a-e3c1-46e1-bc6e-74dcb14bbdd1@group-A6321D7C8B44-LeaderElection115] INFO  server.RaftServerConfigKeys (ConfUtils.java:logGet(44)) - raft.server.watch.timeout.denomination = 1s (default)
2021-12-02 14:31:36,847 [ecb5ef9a-e3c1-46e1-bc6e-74dcb14bbdd1@group-A6321D7C8B44-LeaderElection115] INFO  server.RaftServerConfigKeys (ConfUtils.java:logGet(44)) - raft.server.watch.element-limit = 65536 (default)
2021-12-02 14:31:36,847 [ecb5ef9a-e3c1-46e1-bc6e-74dcb14bbdd1@group-A6321D7C8B44-LeaderElection115] INFO  server.RaftServerConfigKeys (ConfUtils.java:logGet(44)) - raft.server.write.element-limit = 1024 (custom)
2021-12-02 14:31:36,847 [ecb5ef9a-e3c1-46e1-bc6e-74dcb14bbdd1@group-A6321D7C8B44-LeaderElection115] INFO  server.RaftServerConfigKeys (ConfUtils.java:logGet(44)) - raft.server.write.follower.gap.ratio.max = -1.0 (default)
2021-12-02 14:31:36,849 [ecb5ef9a-e3c1-46e1-bc6e-74dcb14bbdd1@group-A6321D7C8B44-LeaderElection115] INFO  impl.RoleInfo (RoleInfo.java:updateAndGet(130)) - ecb5ef9a-e3c1-46e1-bc6e-74dcb14bbdd1: start ecb5ef9a-e3c1-46e1-bc6e-74dcb14bbdd1@group-A6321D7C8B44-LeaderStateImpl
2021-12-02 14:31:36,849 [ecb5ef9a-e3c1-46e1-bc6e-74dcb14bbdd1@group-A6321D7C8B44-LeaderElection115] INFO  segmented.SegmentedRaftLogWorker (SegmentedRaftLogWorker.java:startLogSegment(394)) - ecb5ef9a-e3c1-46e1-bc6e-74dcb14bbdd1@group-A6321D7C8B44-SegmentedRaftLogWorker: Starting segment from index:0
2021-12-02 14:31:36,850 [EventQueue-OpenPipelineForHealthyPipelineSafeModeRule] INFO  safemode.SCMSafeModeManager (HealthyPipelineSafeModeRule.java:process(124)) - SCM in safe mode. Healthy pipelines reported count is 0, required healthy pipeline reported count is 1
2021-12-02 14:31:36,853 [ecb5ef9a-e3c1-46e1-bc6e-74dcb14bbdd1@group-A6321D7C8B44-SegmentedRaftLogWorker] INFO  segmented.SegmentedRaftLogWorker (SegmentedRaftLogWorker.java:execute(601)) - ecb5ef9a-e3c1-46e1-bc6e-74dcb14bbdd1@group-A6321D7C8B44-SegmentedRaftLogWorker: created new log segment /home/runner/work/ozone/ozone/hadoop-ozone/integration-test/target/test-dir/MiniOzoneClusterImpl-fd94144e-5974-489a-b79f-b066564ba6f5/datanode-3/data/ratis/d25f02da-a277-4466-a3ea-a6321d7c8b44/current/log_inprogress_0
2021-12-02 14:31:36,883 [ecb5ef9a-e3c1-46e1-bc6e-74dcb14bbdd1@group-A6321D7C8B44-LeaderElection115] INFO  server.RaftServer$Division (ServerState.java:setRaftConf(387)) - ecb5ef9a-e3c1-46e1-bc6e-74dcb14bbdd1@group-A6321D7C8B44: set configuration 0: [ecb5ef9a-e3c1-46e1-bc6e-74dcb14bbdd1|rpc:10.1.0.16:41883|dataStream:|priority:1], old=null
2021-12-02 14:31:36,893 [ecb5ef9a-e3c1-46e1-bc6e-74dcb14bbdd1@group-796B449FAA69-FollowerState] INFO  impl.FollowerState (FollowerState.java:run(134)) - ecb5ef9a-e3c1-46e1-bc6e-74dcb14bbdd1@group-796B449FAA69-FollowerState: change to CANDIDATE, lastRpcElapsedTime:5150643034ns, electionTimeout:5133ms
2021-12-02 14:31:36,893 [ecb5ef9a-e3c1-46e1-bc6e-74dcb14bbdd1@group-796B449FAA69-FollowerState] INFO  impl.RoleInfo (RoleInfo.java:shutdownFollowerState(108)) - ecb5ef9a-e3c1-46e1-bc6e-74dcb14bbdd1: shutdown ecb5ef9a-e3c1-46e1-bc6e-74dcb14bbdd1@group-796B449FAA69-FollowerState
2021-12-02 14:31:36,893 [ecb5ef9a-e3c1-46e1-bc6e-74dcb14bbdd1@group-796B449FAA69-FollowerState] INFO  server.RaftServer$Division (RaftServerImpl.java:setRole(290)) - ecb5ef9a-e3c1-46e1-bc6e-74dcb14bbdd1@group-796B449FAA69: changes role from  FOLLOWER to CANDIDATE at term 0 for changeToCandidate
2021-12-02 14:31:36,894 [ecb5ef9a-e3c1-46e1-bc6e-74dcb14bbdd1@group-796B449FAA69-FollowerState] INFO  server.RaftServerConfigKeys (ConfUtils.java:logGet(44)) - raft.server.leaderelection.pre-vote = false (custom)
2021-12-02 14:31:36,894 [ecb5ef9a-e3c1-46e1-bc6e-74dcb14bbdd1@group-796B449FAA69-FollowerState] INFO  impl.RoleInfo (RoleInfo.java:updateAndGet(130)) - ecb5ef9a-e3c1-46e1-bc6e-74dcb14bbdd1: start ecb5ef9a-e3c1-46e1-bc6e-74dcb14bbdd1@group-796B449FAA69-LeaderElection116
2021-12-02 14:31:36,941 [ecb5ef9a-e3c1-46e1-bc6e-74dcb14bbdd1@group-796B449FAA69-LeaderElection116] INFO  impl.LeaderElection (LeaderElection.java:askForVotes(306)) - ecb5ef9a-e3c1-46e1-bc6e-74dcb14bbdd1@group-796B449FAA69-LeaderElection116 ELECTION round 0: submit vote requests at term 1 for -1: [ecb5ef9a-e3c1-46e1-bc6e-74dcb14bbdd1|rpc:10.1.0.16:41883|priority:1, 378d0879-743d-4e9f-84ed-de5a08f6d2b8|rpc:10.1.0.16:33383|priority:0, 880aaef5-a54e-4898-af17-abc2dce457d4|rpc:10.1.0.16:38967|priority:0], old=null
2021-12-02 14:31:36,963 [grpc-default-executor-5] INFO  server.RaftServer$Division (RaftServerImpl.java:requestVote(1046)) - 378d0879-743d-4e9f-84ed-de5a08f6d2b8@group-796B449FAA69: receive requestVote(ELECTION, ecb5ef9a-e3c1-46e1-bc6e-74dcb14bbdd1, group-796B449FAA69, 1, (t:0, i:0))
2021-12-02 14:31:36,963 [grpc-default-executor-5] INFO  impl.VoteContext (VoteContext.java:log(48)) - 378d0879-743d-4e9f-84ed-de5a08f6d2b8@group-796B449FAA69-FOLLOWER: accept ELECTION from ecb5ef9a-e3c1-46e1-bc6e-74dcb14bbdd1: our priority 0 <= candidate's priority 1
2021-12-02 14:31:36,963 [grpc-default-executor-5] INFO  server.RaftServer$Division (RaftServerImpl.java:setRole(290)) - 378d0879-743d-4e9f-84ed-de5a08f6d2b8@group-796B449FAA69: changes role from  FOLLOWER to FOLLOWER at term 1 for candidate:ecb5ef9a-e3c1-46e1-bc6e-74dcb14bbdd1
2021-12-02 14:31:36,963 [grpc-default-executor-5] INFO  impl.RoleInfo (RoleInfo.java:shutdownFollowerState(108)) - 378d0879-743d-4e9f-84ed-de5a08f6d2b8: shutdown 378d0879-743d-4e9f-84ed-de5a08f6d2b8@group-796B449FAA69-FollowerState
2021-12-02 14:31:36,963 [grpc-default-executor-5] INFO  impl.RoleInfo (RoleInfo.java:updateAndGet(130)) - 378d0879-743d-4e9f-84ed-de5a08f6d2b8: start 378d0879-743d-4e9f-84ed-de5a08f6d2b8@group-796B449FAA69-FollowerState
2021-12-02 14:31:36,963 [378d0879-743d-4e9f-84ed-de5a08f6d2b8@group-796B449FAA69-FollowerState] INFO  impl.FollowerState (FollowerState.java:run(143)) - 378d0879-743d-4e9f-84ed-de5a08f6d2b8@group-796B449FAA69-FollowerState was interrupted: {}
java.lang.InterruptedException: sleep interrupted
	at java.lang.Thread.sleep(Native Method)
	at java.lang.Thread.sleep(Thread.java:340)
	at java.util.concurrent.TimeUnit.sleep(TimeUnit.java:386)
	at org.apache.ratis.util.TimeDuration.sleep(TimeDuration.java:324)
	at org.apache.ratis.util.TimeDuration.sleep(TimeDuration.java:309)
	at org.apache.ratis.server.impl.FollowerState.run(FollowerState.java:118)
2021-12-02 14:31:36,970 [880aaef5-a54e-4898-af17-abc2dce457d4@group-796B449FAA69-FollowerState] INFO  impl.FollowerState (FollowerState.java:run(134)) - 880aaef5-a54e-4898-af17-abc2dce457d4@group-796B449FAA69-FollowerState: change to CANDIDATE, lastRpcElapsedTime:5030346534ns, electionTimeout:5022ms
2021-12-02 14:31:36,970 [880aaef5-a54e-4898-af17-abc2dce457d4@group-796B449FAA69-FollowerState] INFO  impl.RoleInfo (RoleInfo.java:shutdownFollowerState(108)) - 880aaef5-a54e-4898-af17-abc2dce457d4: shutdown 880aaef5-a54e-4898-af17-abc2dce457d4@group-796B449FAA69-FollowerState
2021-12-02 14:31:36,970 [880aaef5-a54e-4898-af17-abc2dce457d4@group-796B449FAA69-FollowerState] INFO  server.RaftServer$Division (RaftServerImpl.java:setRole(290)) - 880aaef5-a54e-4898-af17-abc2dce457d4@group-796B449FAA69: changes role from  FOLLOWER to CANDIDATE at term 0 for changeToCandidate
2021-12-02 14:31:36,993 [880aaef5-a54e-4898-af17-abc2dce457d4@group-796B449FAA69-FollowerState] INFO  server.RaftServerConfigKeys (ConfUtils.java:logGet(44)) - raft.server.leaderelection.pre-vote = false (custom)
2021-12-02 14:31:36,993 [880aaef5-a54e-4898-af17-abc2dce457d4@group-796B449FAA69-FollowerState] INFO  impl.RoleInfo (RoleInfo.java:updateAndGet(130)) - 880aaef5-a54e-4898-af17-abc2dce457d4: start 880aaef5-a54e-4898-af17-abc2dce457d4@group-796B449FAA69-LeaderElection117
2021-12-02 14:31:37,001 [grpc-default-executor-5] INFO  server.RaftServer$Division (RaftServerImpl.java:requestVote(1078)) - 378d0879-743d-4e9f-84ed-de5a08f6d2b8@group-796B449FAA69 replies to ELECTION vote request: ecb5ef9a-e3c1-46e1-bc6e-74dcb14bbdd1<-378d0879-743d-4e9f-84ed-de5a08f6d2b8#0:OK-t1. Peer's state: 378d0879-743d-4e9f-84ed-de5a08f6d2b8@group-796B449FAA69:t1, leader=null, voted=ecb5ef9a-e3c1-46e1-bc6e-74dcb14bbdd1, raftlog=378d0879-743d-4e9f-84ed-de5a08f6d2b8@group-796B449FAA69-SegmentedRaftLog:OPENED:c-1, conf=-1: [ecb5ef9a-e3c1-46e1-bc6e-74dcb14bbdd1|rpc:10.1.0.16:41883|dataStream:|priority:1, 378d0879-743d-4e9f-84ed-de5a08f6d2b8|rpc:10.1.0.16:33383|dataStream:|priority:0, 880aaef5-a54e-4898-af17-abc2dce457d4|rpc:10.1.0.16:38967|dataStream:|priority:0], old=null
2021-12-02 14:31:37,005 [ecb5ef9a-e3c1-46e1-bc6e-74dcb14bbdd1@group-796B449FAA69-LeaderElection116] INFO  impl.LeaderElection (LeaderElection.java:logAndReturn(89)) - ecb5ef9a-e3c1-46e1-bc6e-74dcb14bbdd1@group-796B449FAA69-LeaderElection116: ELECTION PASSED received 1 response(s) and 0 exception(s):
2021-12-02 14:31:37,005 [ecb5ef9a-e3c1-46e1-bc6e-74dcb14bbdd1@group-796B449FAA69-LeaderElection116] INFO  impl.LeaderElection (LeaderElection.java:logAndReturn(93)) -   Response 0: ecb5ef9a-e3c1-46e1-bc6e-74dcb14bbdd1<-378d0879-743d-4e9f-84ed-de5a08f6d2b8#0:OK-t1
2021-12-02 14:31:37,005 [ecb5ef9a-e3c1-46e1-bc6e-74dcb14bbdd1@group-796B449FAA69-LeaderElection116] INFO  impl.LeaderElection (LeaderElection.java:askForVotes(308)) - ecb5ef9a-e3c1-46e1-bc6e-74dcb14bbdd1@group-796B449FAA69-LeaderElection116 ELECTION round 0: result PASSED
2021-12-02 14:31:37,005 [ecb5ef9a-e3c1-46e1-bc6e-74dcb14bbdd1@group-796B449FAA69-LeaderElection116] INFO  impl.RoleInfo (RoleInfo.java:shutdownLeaderElection(121)) - ecb5ef9a-e3c1-46e1-bc6e-74dcb14bbdd1: shutdown ecb5ef9a-e3c1-46e1-bc6e-74dcb14bbdd1@group-796B449FAA69-LeaderElection116
2021-12-02 14:31:37,005 [ecb5ef9a-e3c1-46e1-bc6e-74dcb14bbdd1@group-796B449FAA69-LeaderElection116] INFO  server.RaftServer$Division (RaftServerImpl.java:setRole(290)) - ecb5ef9a-e3c1-46e1-bc6e-74dcb14bbdd1@group-796B449FAA69: changes role from CANDIDATE to LEADER at term 1 for changeToLeader
2021-12-02 14:31:37,005 [ecb5ef9a-e3c1-46e1-bc6e-74dcb14bbdd1@group-796B449FAA69-LeaderElection116] INFO  ratis.XceiverServerRatis (XceiverServerRatis.java:handleLeaderChangedNotification(866)) - Leader change notification received for group: group-796B449FAA69 with new leaderId: ecb5ef9a-e3c1-46e1-bc6e-74dcb14bbdd1
2021-12-02 14:31:37,005 [ecb5ef9a-e3c1-46e1-bc6e-74dcb14bbdd1@group-796B449FAA69-LeaderElection116] INFO  server.RaftServer$Division (ServerState.java:setLeader(285)) - ecb5ef9a-e3c1-46e1-bc6e-74dcb14bbdd1@group-796B449FAA69: change Leader from null to ecb5ef9a-e3c1-46e1-bc6e-74dcb14bbdd1 at term 1 for becomeLeader, leader elected after 5278ms
2021-12-02 14:31:37,005 [ecb5ef9a-e3c1-46e1-bc6e-74dcb14bbdd1@group-796B449FAA69-LeaderElection116] INFO  server.RaftServerConfigKeys (ConfUtils.java:logGet(44)) - raft.server.staging.catchup.gap = 1000 (default)
2021-12-02 14:31:37,006 [ecb5ef9a-e3c1-46e1-bc6e-74dcb14bbdd1@group-796B449FAA69-LeaderElection116] INFO  server.RaftServerConfigKeys (ConfUtils.java:logGet(44)) - raft.server.write.element-limit = 1024 (custom)
2021-12-02 14:31:37,006 [ecb5ef9a-e3c1-46e1-bc6e-74dcb14bbdd1@group-796B449FAA69-LeaderElection116] INFO  server.RaftServerConfigKeys (ConfUtils.java:logGet(44)) - raft.server.write.byte-limit = 1024 M (=1073741824) (custom)
2021-12-02 14:31:37,006 [ecb5ef9a-e3c1-46e1-bc6e-74dcb14bbdd1@group-796B449FAA69-LeaderElection116] INFO  server.RaftServerConfigKeys (ConfUtils.java:logGet(44)) - raft.server.watch.timeout = 3000ms (custom)
2021-12-02 14:31:37,006 [ecb5ef9a-e3c1-46e1-bc6e-74dcb14bbdd1@group-796B449FAA69-LeaderElection116] INFO  server.RaftServerConfigKeys (ConfUtils.java:logGet(44)) - raft.server.watch.timeout.denomination = 1s (default)
2021-12-02 14:31:37,006 [ecb5ef9a-e3c1-46e1-bc6e-74dcb14bbdd1@group-796B449FAA69-LeaderElection116] INFO  server.RaftServerConfigKeys (ConfUtils.java:logGet(44)) - raft.server.watch.element-limit = 65536 (default)
2021-12-02 14:31:37,006 [ecb5ef9a-e3c1-46e1-bc6e-74dcb14bbdd1@group-796B449FAA69-LeaderElection116] INFO  server.RaftServerConfigKeys (ConfUtils.java:logGet(44)) - raft.server.write.element-limit = 1024 (custom)
2021-12-02 14:31:37,006 [ecb5ef9a-e3c1-46e1-bc6e-74dcb14bbdd1@group-796B449FAA69-LeaderElection116] INFO  server.RaftServerConfigKeys (ConfUtils.java:logGet(44)) - raft.server.write.follower.gap.ratio.max = -1.0 (default)
2021-12-02 14:31:37,006 [ecb5ef9a-e3c1-46e1-bc6e-74dcb14bbdd1@group-796B449FAA69-LeaderElection116] INFO  server.RaftServerConfigKeys (ConfUtils.java:logGet(44)) - raft.server.log.appender.snapshot.chunk.size.max = 16MB (=16777216) (default)
2021-12-02 14:31:37,007 [ecb5ef9a-e3c1-46e1-bc6e-74dcb14bbdd1@group-796B449FAA69-LeaderElection116] INFO  server.RaftServerConfigKeys (ConfUtils.java:logGet(44)) - raft.server.log.appender.buffer.byte-limit = 33554432 (custom)
2021-12-02 14:31:37,007 [ecb5ef9a-e3c1-46e1-bc6e-74dcb14bbdd1@group-796B449FAA69-LeaderElection116] INFO  server.RaftServerConfigKeys (ConfUtils.java:logGet(44)) - raft.server.log.appender.buffer.element-limit = 1 (custom)
2021-12-02 14:31:37,007 [ecb5ef9a-e3c1-46e1-bc6e-74dcb14bbdd1@group-796B449FAA69-LeaderElection116] INFO  grpc.GrpcConfigKeys (ConfUtils.java:logGet(44)) - raft.grpc.server.leader.outstanding.appends.max = 128 (default)
2021-12-02 14:31:37,007 [ecb5ef9a-e3c1-46e1-bc6e-74dcb14bbdd1@group-796B449FAA69-LeaderElection116] INFO  server.RaftServerConfigKeys (ConfUtils.java:logGet(44)) - raft.server.rpc.request.timeout = 3000ms (default)
2021-12-02 14:31:37,007 [ecb5ef9a-e3c1-46e1-bc6e-74dcb14bbdd1@group-796B449FAA69-LeaderElection116] INFO  server.RaftServerConfigKeys (ConfUtils.java:logGet(44)) - raft.server.log.appender.install.snapshot.enabled = false (custom)
2021-12-02 14:31:37,010 [EventQueue-PipelineReportForPipelineReportHandler] INFO  pipeline.PipelineManagerImpl (PipelineManagerImpl.java:openPipeline(289)) - Pipeline Pipeline[ Id: 323063ed-2383-4d68-970b-796b449faa69, Nodes: 880aaef5-a54e-4898-af17-abc2dce457d4{ip: 10.1.0.16, host: fv-az59-375.csjynl4pkq3e1pkirw3ssqjfoh.cx.internal.cloudapp.net, ports: [REPLICATION=44029, RATIS=38967, RATIS_ADMIN=38967, RATIS_SERVER=38967, STANDALONE=44995], networkLocation: /default-rack, certSerialId: null, persistedOpState: IN_SERVICE, persistedOpStateExpiryEpochSec: 0}ecb5ef9a-e3c1-46e1-bc6e-74dcb14bbdd1{ip: 10.1.0.16, host: fv-az59-375.csjynl4pkq3e1pkirw3ssqjfoh.cx.internal.cloudapp.net, ports: [REPLICATION=40215, RATIS=41883, RATIS_ADMIN=41883, RATIS_SERVER=41883, STANDALONE=34895], networkLocation: /default-rack, certSerialId: null, persistedOpState: IN_SERVICE, persistedOpStateExpiryEpochSec: 0}378d0879-743d-4e9f-84ed-de5a08f6d2b8{ip: 10.1.0.16, host: fv-az59-375.csjynl4pkq3e1pkirw3ssqjfoh.cx.internal.cloudapp.net, ports: [REPLICATION=39567, RATIS=33383, RATIS_ADMIN=33383, RATIS_SERVER=33383, STANDALONE=41955], networkLocation: /default-rack, certSerialId: null, persistedOpState: IN_SERVICE, persistedOpStateExpiryEpochSec: 0}, ReplicationConfig: RATIS/THREE, State:ALLOCATED, leaderId:ecb5ef9a-e3c1-46e1-bc6e-74dcb14bbdd1, CreationTimestamp2021-12-02T14:31:29.482Z[Etc/UTC]] moved to OPEN state
2021-12-02 14:31:37,010 [EventQueue-OpenPipelineForHealthyPipelineSafeModeRule] INFO  safemode.SCMSafeModeManager (HealthyPipelineSafeModeRule.java:process(124)) - SCM in safe mode. Healthy pipelines reported count is 1, required healthy pipeline reported count is 1
2021-12-02 14:31:37,010 [EventQueue-OpenPipelineForHealthyPipelineSafeModeRule] INFO  safemode.SCMSafeModeManager (SCMSafeModeManager.java:validateSafeModeExitRules(204)) - HealthyPipelineSafeModeRule rule is successfully validated
2021-12-02 14:31:37,010 [EventQueue-OpenPipelineForHealthyPipelineSafeModeRule] INFO  safemode.SCMSafeModeManager (SCMSafeModeManager.java:validateSafeModeExitRules(219)) - ScmSafeModeManager, all rules are successfully validated
2021-12-02 14:31:37,010 [EventQueue-OpenPipelineForHealthyPipelineSafeModeRule] INFO  safemode.SCMSafeModeManager (SCMSafeModeManager.java:exitSafeMode(248)) - SCM exiting safe mode.
2021-12-02 14:31:37,010 [EventQueue-OpenPipelineForHealthyPipelineSafeModeRule] WARN  events.EventQueue (EventQueue.java:fireEvent(194)) - No event handler registered for event TypedEvent{payloadType=SafeModeStatus, name='Safe mode status'}
2021-12-02 14:31:37,010 [EventQueue-OpenPipelineForHealthyPipelineSafeModeRule] INFO  ha.SCMContext (SCMContext.java:updateSafeModeStatus(205)) - Update SafeModeStatus from SafeModeStatus{safeModeStatus=true, preCheckPassed=true} to SafeModeStatus{safeModeStatus=false, preCheckPassed=true}.
2021-12-02 14:31:37,010 [EventQueue-OpenPipelineForHealthyPipelineSafeModeRule] INFO  pipeline.BackgroundPipelineCreator (BackgroundPipelineCreator.java:notifyStatusChanged(264)) - Service BackgroundPipelineCreator transitions to RUNNING.
2021-12-02 14:31:37,010 [EventQueue-OpenPipelineForHealthyPipelineSafeModeRule] INFO  container.ReplicationManager (ReplicationManager.java:notifyStatusChanged(1756)) - Service ReplicationManager transitions to RUNNING.
2021-12-02 14:31:37,016 [ecb5ef9a-e3c1-46e1-bc6e-74dcb14bbdd1@group-796B449FAA69-LeaderElection116] INFO  server.RaftServerConfigKeys (ConfUtils.java:logGet(44)) - raft.server.log.appender.snapshot.chunk.size.max = 16MB (=16777216) (default)
2021-12-02 14:31:37,026 [ecb5ef9a-e3c1-46e1-bc6e-74dcb14bbdd1@group-796B449FAA69-LeaderElection116] INFO  server.RaftServerConfigKeys (ConfUtils.java:logGet(44)) - raft.server.log.appender.buffer.byte-limit = 33554432 (custom)
2021-12-02 14:31:37,026 [ecb5ef9a-e3c1-46e1-bc6e-74dcb14bbdd1@group-796B449FAA69-LeaderElection116] INFO  server.RaftServerConfigKeys (ConfUtils.java:logGet(44)) - raft.server.log.appender.buffer.element-limit = 1 (custom)
2021-12-02 14:31:37,026 [ecb5ef9a-e3c1-46e1-bc6e-74dcb14bbdd1@group-796B449FAA69-LeaderElection116] INFO  grpc.GrpcConfigKeys (ConfUtils.java:logGet(44)) - raft.grpc.server.leader.outstanding.appends.max = 128 (default)
2021-12-02 14:31:37,026 [ecb5ef9a-e3c1-46e1-bc6e-74dcb14bbdd1@group-796B449FAA69-LeaderElection116] INFO  server.RaftServerConfigKeys (ConfUtils.java:logGet(44)) - raft.server.rpc.request.timeout = 3000ms (default)
2021-12-02 14:31:37,026 [ecb5ef9a-e3c1-46e1-bc6e-74dcb14bbdd1@group-796B449FAA69-LeaderElection116] INFO  server.RaftServerConfigKeys (ConfUtils.java:logGet(44)) - raft.server.log.appender.install.snapshot.enabled = false (custom)
2021-12-02 14:31:37,028 [ecb5ef9a-e3c1-46e1-bc6e-74dcb14bbdd1@group-796B449FAA69-LeaderElection116] INFO  impl.RoleInfo (RoleInfo.java:updateAndGet(130)) - ecb5ef9a-e3c1-46e1-bc6e-74dcb14bbdd1: start ecb5ef9a-e3c1-46e1-bc6e-74dcb14bbdd1@group-796B449FAA69-LeaderStateImpl
2021-12-02 14:31:37,028 [ecb5ef9a-e3c1-46e1-bc6e-74dcb14bbdd1@group-796B449FAA69-LeaderElection116] INFO  segmented.SegmentedRaftLogWorker (SegmentedRaftLogWorker.java:startLogSegment(394)) - ecb5ef9a-e3c1-46e1-bc6e-74dcb14bbdd1@group-796B449FAA69-SegmentedRaftLogWorker: Starting segment from index:0
2021-12-02 14:31:37,032 [ecb5ef9a-e3c1-46e1-bc6e-74dcb14bbdd1@group-796B449FAA69-SegmentedRaftLogWorker] INFO  segmented.SegmentedRaftLogWorker (SegmentedRaftLogWorker.java:execute(601)) - ecb5ef9a-e3c1-46e1-bc6e-74dcb14bbdd1@group-796B449FAA69-SegmentedRaftLogWorker: created new log segment /home/runner/work/ozone/ozone/hadoop-ozone/integration-test/target/test-dir/MiniOzoneClusterImpl-fd94144e-5974-489a-b79f-b066564ba6f5/datanode-3/data/ratis/323063ed-2383-4d68-970b-796b449faa69/current/log_inprogress_0
2021-12-02 14:31:37,047 [grpc-default-executor-1] INFO  server.RaftServer$Division (RaftServerImpl.java:requestVote(1046)) - 880aaef5-a54e-4898-af17-abc2dce457d4@group-796B449FAA69: receive requestVote(ELECTION, ecb5ef9a-e3c1-46e1-bc6e-74dcb14bbdd1, group-796B449FAA69, 1, (t:0, i:0))
2021-12-02 14:31:37,048 [grpc-default-executor-1] INFO  impl.VoteContext (VoteContext.java:log(48)) - 880aaef5-a54e-4898-af17-abc2dce457d4@group-796B449FAA69-CANDIDATE: accept ELECTION from ecb5ef9a-e3c1-46e1-bc6e-74dcb14bbdd1: our priority 0 <= candidate's priority 1
2021-12-02 14:31:37,049 [grpc-default-executor-1] INFO  server.RaftServer$Division (RaftServerImpl.java:setRole(290)) - 880aaef5-a54e-4898-af17-abc2dce457d4@group-796B449FAA69: changes role from CANDIDATE to FOLLOWER at term 1 for candidate:ecb5ef9a-e3c1-46e1-bc6e-74dcb14bbdd1
2021-12-02 14:31:37,049 [grpc-default-executor-1] INFO  impl.RoleInfo (RoleInfo.java:shutdownLeaderElection(121)) - 880aaef5-a54e-4898-af17-abc2dce457d4: shutdown 880aaef5-a54e-4898-af17-abc2dce457d4@group-796B449FAA69-LeaderElection117
2021-12-02 14:31:37,049 [grpc-default-executor-1] INFO  impl.RoleInfo (RoleInfo.java:updateAndGet(130)) - 880aaef5-a54e-4898-af17-abc2dce457d4: start 880aaef5-a54e-4898-af17-abc2dce457d4@group-796B449FAA69-FollowerState
2021-12-02 14:31:37,050 [grpc-default-executor-1] INFO  server.RaftServer$Division (RaftServerImpl.java:requestVote(1078)) - 880aaef5-a54e-4898-af17-abc2dce457d4@group-796B449FAA69 replies to ELECTION vote request: ecb5ef9a-e3c1-46e1-bc6e-74dcb14bbdd1<-880aaef5-a54e-4898-af17-abc2dce457d4#0:OK-t1. Peer's state: 880aaef5-a54e-4898-af17-abc2dce457d4@group-796B449FAA69:t1, leader=null, voted=ecb5ef9a-e3c1-46e1-bc6e-74dcb14bbdd1, raftlog=880aaef5-a54e-4898-af17-abc2dce457d4@group-796B449FAA69-SegmentedRaftLog:OPENED:c-1, conf=-1: [ecb5ef9a-e3c1-46e1-bc6e-74dcb14bbdd1|rpc:10.1.0.16:41883|dataStream:|priority:1, 378d0879-743d-4e9f-84ed-de5a08f6d2b8|rpc:10.1.0.16:33383|dataStream:|priority:0, 880aaef5-a54e-4898-af17-abc2dce457d4|rpc:10.1.0.16:38967|dataStream:|priority:0], old=null
2021-12-02 14:31:37,055 [880aaef5-a54e-4898-af17-abc2dce457d4@group-796B449FAA69-LeaderElection117] INFO  impl.LeaderElection (LeaderElection.java:run(230)) - 880aaef5-a54e-4898-af17-abc2dce457d4@group-796B449FAA69-LeaderElection117: skip running since this is already CLOSING
2021-12-02 14:31:37,101 [ecb5ef9a-e3c1-46e1-bc6e-74dcb14bbdd1@group-796B449FAA69-LeaderElection116] INFO  server.RaftServer$Division (ServerState.java:setRaftConf(387)) - ecb5ef9a-e3c1-46e1-bc6e-74dcb14bbdd1@group-796B449FAA69: set configuration 0: [ecb5ef9a-e3c1-46e1-bc6e-74dcb14bbdd1|rpc:10.1.0.16:41883|dataStream:|priority:1, 378d0879-743d-4e9f-84ed-de5a08f6d2b8|rpc:10.1.0.16:33383|dataStream:|priority:0, 880aaef5-a54e-4898-af17-abc2dce457d4|rpc:10.1.0.16:38967|dataStream:|priority:0], old=null
2021-12-02 14:31:37,139 [grpc-default-executor-5] INFO  ratis.XceiverServerRatis (XceiverServerRatis.java:handleLeaderChangedNotification(866)) - Leader change notification received for group: group-796B449FAA69 with new leaderId: ecb5ef9a-e3c1-46e1-bc6e-74dcb14bbdd1
2021-12-02 14:31:37,139 [grpc-default-executor-5] INFO  server.RaftServer$Division (ServerState.java:setLeader(285)) - 880aaef5-a54e-4898-af17-abc2dce457d4@group-796B449FAA69: change Leader from null to ecb5ef9a-e3c1-46e1-bc6e-74dcb14bbdd1 at term 1 for appendEntries, leader elected after 5240ms
2021-12-02 14:31:37,144 [grpc-default-executor-5] INFO  server.RaftServer$Division (ServerState.java:setRaftConf(387)) - 880aaef5-a54e-4898-af17-abc2dce457d4@group-796B449FAA69: set configuration 0: [ecb5ef9a-e3c1-46e1-bc6e-74dcb14bbdd1|rpc:10.1.0.16:41883|dataStream:|priority:1, 378d0879-743d-4e9f-84ed-de5a08f6d2b8|rpc:10.1.0.16:33383|dataStream:|priority:0, 880aaef5-a54e-4898-af17-abc2dce457d4|rpc:10.1.0.16:38967|dataStream:|priority:0], old=null
2021-12-02 14:31:37,145 [grpc-default-executor-5] INFO  segmented.SegmentedRaftLogWorker (SegmentedRaftLogWorker.java:startLogSegment(394)) - 880aaef5-a54e-4898-af17-abc2dce457d4@group-796B449FAA69-SegmentedRaftLogWorker: Starting segment from index:0
2021-12-02 14:31:37,146 [880aaef5-a54e-4898-af17-abc2dce457d4@group-796B449FAA69-SegmentedRaftLogWorker] INFO  segmented.SegmentedRaftLogWorker (SegmentedRaftLogWorker.java:execute(601)) - 880aaef5-a54e-4898-af17-abc2dce457d4@group-796B449FAA69-SegmentedRaftLogWorker: created new log segment /home/runner/work/ozone/ozone/hadoop-ozone/integration-test/target/test-dir/MiniOzoneClusterImpl-fd94144e-5974-489a-b79f-b066564ba6f5/datanode-4/data/ratis/323063ed-2383-4d68-970b-796b449faa69/current/log_inprogress_0
2021-12-02 14:31:37,166 [grpc-default-executor-5] INFO  ratis.XceiverServerRatis (XceiverServerRatis.java:handleLeaderChangedNotification(866)) - Leader change notification received for group: group-796B449FAA69 with new leaderId: ecb5ef9a-e3c1-46e1-bc6e-74dcb14bbdd1
2021-12-02 14:31:37,166 [grpc-default-executor-5] INFO  server.RaftServer$Division (ServerState.java:setLeader(285)) - 378d0879-743d-4e9f-84ed-de5a08f6d2b8@group-796B449FAA69: change Leader from null to ecb5ef9a-e3c1-46e1-bc6e-74dcb14bbdd1 at term 1 for appendEntries, leader elected after 4807ms
2021-12-02 14:31:37,211 [grpc-default-executor-5] INFO  server.RaftServer$Division (ServerState.java:setRaftConf(387)) - 378d0879-743d-4e9f-84ed-de5a08f6d2b8@group-796B449FAA69: set configuration 0: [ecb5ef9a-e3c1-46e1-bc6e-74dcb14bbdd1|rpc:10.1.0.16:41883|dataStream:|priority:1, 378d0879-743d-4e9f-84ed-de5a08f6d2b8|rpc:10.1.0.16:33383|dataStream:|priority:0, 880aaef5-a54e-4898-af17-abc2dce457d4|rpc:10.1.0.16:38967|dataStream:|priority:0], old=null
2021-12-02 14:31:37,211 [grpc-default-executor-5] INFO  segmented.SegmentedRaftLogWorker (SegmentedRaftLogWorker.java:startLogSegment(394)) - 378d0879-743d-4e9f-84ed-de5a08f6d2b8@group-796B449FAA69-SegmentedRaftLogWorker: Starting segment from index:0
2021-12-02 14:31:37,232 [378d0879-743d-4e9f-84ed-de5a08f6d2b8@group-796B449FAA69-SegmentedRaftLogWorker] INFO  segmented.SegmentedRaftLogWorker (SegmentedRaftLogWorker.java:execute(601)) - 378d0879-743d-4e9f-84ed-de5a08f6d2b8@group-796B449FAA69-SegmentedRaftLogWorker: created new log segment /home/runner/work/ozone/ozone/hadoop-ozone/integration-test/target/test-dir/MiniOzoneClusterImpl-fd94144e-5974-489a-b79f-b066564ba6f5/datanode-5/data/ratis/323063ed-2383-4d68-970b-796b449faa69/current/log_inprogress_0
2021-12-02 14:31:37,576 [ecb5ef9a-e3c1-46e1-bc6e-74dcb14bbdd1@group-2DF00E79AB8C-FollowerState] INFO  impl.FollowerState (FollowerState.java:run(134)) - ecb5ef9a-e3c1-46e1-bc6e-74dcb14bbdd1@group-2DF00E79AB8C-FollowerState: change to CANDIDATE, lastRpcElapsedTime:5120064454ns, electionTimeout:5101ms
2021-12-02 14:31:37,576 [ecb5ef9a-e3c1-46e1-bc6e-74dcb14bbdd1@group-2DF00E79AB8C-FollowerState] INFO  impl.RoleInfo (RoleInfo.java:shutdownFollowerState(108)) - ecb5ef9a-e3c1-46e1-bc6e-74dcb14bbdd1: shutdown ecb5ef9a-e3c1-46e1-bc6e-74dcb14bbdd1@group-2DF00E79AB8C-FollowerState
2021-12-02 14:31:37,576 [ecb5ef9a-e3c1-46e1-bc6e-74dcb14bbdd1@group-2DF00E79AB8C-FollowerState] INFO  server.RaftServer$Division (RaftServerImpl.java:setRole(290)) - ecb5ef9a-e3c1-46e1-bc6e-74dcb14bbdd1@group-2DF00E79AB8C: changes role from  FOLLOWER to CANDIDATE at term 0 for changeToCandidate
2021-12-02 14:31:37,576 [ecb5ef9a-e3c1-46e1-bc6e-74dcb14bbdd1@group-2DF00E79AB8C-FollowerState] INFO  server.RaftServerConfigKeys (ConfUtils.java:logGet(44)) - raft.server.leaderelection.pre-vote = false (custom)
2021-12-02 14:31:37,576 [ecb5ef9a-e3c1-46e1-bc6e-74dcb14bbdd1@group-2DF00E79AB8C-FollowerState] INFO  impl.RoleInfo (RoleInfo.java:updateAndGet(130)) - ecb5ef9a-e3c1-46e1-bc6e-74dcb14bbdd1: start ecb5ef9a-e3c1-46e1-bc6e-74dcb14bbdd1@group-2DF00E79AB8C-LeaderElection118
2021-12-02 14:31:37,594 [880aaef5-a54e-4898-af17-abc2dce457d4@group-DDB2A36C08AC-FollowerState] INFO  impl.FollowerState (FollowerState.java:run(134)) - 880aaef5-a54e-4898-af17-abc2dce457d4@group-DDB2A36C08AC-FollowerState: change to CANDIDATE, lastRpcElapsedTime:5235937843ns, electionTimeout:5078ms
2021-12-02 14:31:37,595 [880aaef5-a54e-4898-af17-abc2dce457d4@group-DDB2A36C08AC-FollowerState] INFO  impl.RoleInfo (RoleInfo.java:shutdownFollowerState(108)) - 880aaef5-a54e-4898-af17-abc2dce457d4: shutdown 880aaef5-a54e-4898-af17-abc2dce457d4@group-DDB2A36C08AC-FollowerState
2021-12-02 14:31:37,595 [880aaef5-a54e-4898-af17-abc2dce457d4@group-DDB2A36C08AC-FollowerState] INFO  server.RaftServer$Division (RaftServerImpl.java:setRole(290)) - 880aaef5-a54e-4898-af17-abc2dce457d4@group-DDB2A36C08AC: changes role from  FOLLOWER to CANDIDATE at term 0 for changeToCandidate
2021-12-02 14:31:37,595 [880aaef5-a54e-4898-af17-abc2dce457d4@group-DDB2A36C08AC-FollowerState] INFO  server.RaftServerConfigKeys (ConfUtils.java:logGet(44)) - raft.server.leaderelection.pre-vote = false (custom)
2021-12-02 14:31:37,595 [880aaef5-a54e-4898-af17-abc2dce457d4@group-DDB2A36C08AC-FollowerState] INFO  impl.RoleInfo (RoleInfo.java:updateAndGet(130)) - 880aaef5-a54e-4898-af17-abc2dce457d4: start 880aaef5-a54e-4898-af17-abc2dce457d4@group-DDB2A36C08AC-LeaderElection119
2021-12-02 14:31:37,606 [880aaef5-a54e-4898-af17-abc2dce457d4@group-2DF00E79AB8C-FollowerState] INFO  impl.FollowerState (FollowerState.java:run(134)) - 880aaef5-a54e-4898-af17-abc2dce457d4@group-2DF00E79AB8C-FollowerState: change to CANDIDATE, lastRpcElapsedTime:5017374498ns, electionTimeout:5014ms
2021-12-02 14:31:37,606 [880aaef5-a54e-4898-af17-abc2dce457d4@group-2DF00E79AB8C-FollowerState] INFO  impl.RoleInfo (RoleInfo.java:shutdownFollowerState(108)) - 880aaef5-a54e-4898-af17-abc2dce457d4: shutdown 880aaef5-a54e-4898-af17-abc2dce457d4@group-2DF00E79AB8C-FollowerState
2021-12-02 14:31:37,606 [880aaef5-a54e-4898-af17-abc2dce457d4@group-2DF00E79AB8C-FollowerState] INFO  server.RaftServer$Division (RaftServerImpl.java:setRole(290)) - 880aaef5-a54e-4898-af17-abc2dce457d4@group-2DF00E79AB8C: changes role from  FOLLOWER to CANDIDATE at term 0 for changeToCandidate
2021-12-02 14:31:37,606 [880aaef5-a54e-4898-af17-abc2dce457d4@group-2DF00E79AB8C-FollowerState] INFO  server.RaftServerConfigKeys (ConfUtils.java:logGet(44)) - raft.server.leaderelection.pre-vote = false (custom)
2021-12-02 14:31:37,606 [880aaef5-a54e-4898-af17-abc2dce457d4@group-2DF00E79AB8C-FollowerState] INFO  impl.RoleInfo (RoleInfo.java:updateAndGet(130)) - 880aaef5-a54e-4898-af17-abc2dce457d4: start 880aaef5-a54e-4898-af17-abc2dce457d4@group-2DF00E79AB8C-LeaderElection120
2021-12-02 14:31:37,623 [880aaef5-a54e-4898-af17-abc2dce457d4@group-DDB2A36C08AC-LeaderElection119] INFO  impl.LeaderElection (LeaderElection.java:askForVotes(306)) - 880aaef5-a54e-4898-af17-abc2dce457d4@group-DDB2A36C08AC-LeaderElection119 ELECTION round 0: submit vote requests at term 1 for -1: [880aaef5-a54e-4898-af17-abc2dce457d4|rpc:10.1.0.16:38967|priority:1], old=null
2021-12-02 14:31:37,623 [880aaef5-a54e-4898-af17-abc2dce457d4@group-DDB2A36C08AC-LeaderElection119] INFO  impl.LeaderElection (LeaderElection.java:askForVotes(308)) - 880aaef5-a54e-4898-af17-abc2dce457d4@group-DDB2A36C08AC-LeaderElection119 ELECTION round 0: result PASSED (term=1)
2021-12-02 14:31:37,624 [880aaef5-a54e-4898-af17-abc2dce457d4@group-DDB2A36C08AC-LeaderElection119] INFO  impl.RoleInfo (RoleInfo.java:shutdownLeaderElection(121)) - 880aaef5-a54e-4898-af17-abc2dce457d4: shutdown 880aaef5-a54e-4898-af17-abc2dce457d4@group-DDB2A36C08AC-LeaderElection119
2021-12-02 14:31:37,624 [880aaef5-a54e-4898-af17-abc2dce457d4@group-DDB2A36C08AC-LeaderElection119] INFO  server.RaftServer$Division (RaftServerImpl.java:setRole(290)) - 880aaef5-a54e-4898-af17-abc2dce457d4@group-DDB2A36C08AC: changes role from CANDIDATE to LEADER at term 1 for changeToLeader
2021-12-02 14:31:37,624 [880aaef5-a54e-4898-af17-abc2dce457d4@group-DDB2A36C08AC-LeaderElection119] INFO  ratis.XceiverServerRatis (XceiverServerRatis.java:handleLeaderChangedNotification(866)) - Leader change notification received for group: group-DDB2A36C08AC with new leaderId: 880aaef5-a54e-4898-af17-abc2dce457d4
2021-12-02 14:31:37,624 [880aaef5-a54e-4898-af17-abc2dce457d4@group-DDB2A36C08AC-LeaderElection119] INFO  server.RaftServer$Division (ServerState.java:setLeader(285)) - 880aaef5-a54e-4898-af17-abc2dce457d4@group-DDB2A36C08AC: change Leader from null to 880aaef5-a54e-4898-af17-abc2dce457d4 at term 1 for becomeLeader, leader elected after 5343ms
2021-12-02 14:31:37,630 [880aaef5-a54e-4898-af17-abc2dce457d4@group-DDB2A36C08AC-LeaderElection119] INFO  server.RaftServerConfigKeys (ConfUtils.java:logGet(44)) - raft.server.staging.catchup.gap = 1000 (default)
2021-12-02 14:31:37,630 [880aaef5-a54e-4898-af17-abc2dce457d4@group-DDB2A36C08AC-LeaderElection119] INFO  server.RaftServerConfigKeys (ConfUtils.java:logGet(44)) - raft.server.write.element-limit = 1024 (custom)
2021-12-02 14:31:37,645 [880aaef5-a54e-4898-af17-abc2dce457d4@group-DDB2A36C08AC-LeaderElection119] INFO  server.RaftServerConfigKeys (ConfUtils.java:logGet(44)) - raft.server.write.byte-limit = 1024 M (=1073741824) (custom)
2021-12-02 14:31:37,646 [880aaef5-a54e-4898-af17-abc2dce457d4@group-DDB2A36C08AC-LeaderElection119] INFO  server.RaftServerConfigKeys (ConfUtils.java:logGet(44)) - raft.server.watch.timeout = 3000ms (custom)
2021-12-02 14:31:37,646 [880aaef5-a54e-4898-af17-abc2dce457d4@group-DDB2A36C08AC-LeaderElection119] INFO  server.RaftServerConfigKeys (ConfUtils.java:logGet(44)) - raft.server.watch.timeout.denomination = 1s (default)
2021-12-02 14:31:37,646 [880aaef5-a54e-4898-af17-abc2dce457d4@group-DDB2A36C08AC-LeaderElection119] INFO  server.RaftServerConfigKeys (ConfUtils.java:logGet(44)) - raft.server.watch.element-limit = 65536 (default)
2021-12-02 14:31:37,646 [880aaef5-a54e-4898-af17-abc2dce457d4@group-DDB2A36C08AC-LeaderElection119] INFO  server.RaftServerConfigKeys (ConfUtils.java:logGet(44)) - raft.server.write.element-limit = 1024 (custom)
2021-12-02 14:31:37,646 [880aaef5-a54e-4898-af17-abc2dce457d4@group-DDB2A36C08AC-LeaderElection119] INFO  server.RaftServerConfigKeys (ConfUtils.java:logGet(44)) - raft.server.write.follower.gap.ratio.max = -1.0 (default)
2021-12-02 14:31:37,646 [880aaef5-a54e-4898-af17-abc2dce457d4@group-DDB2A36C08AC-LeaderElection119] INFO  impl.RoleInfo (RoleInfo.java:updateAndGet(130)) - 880aaef5-a54e-4898-af17-abc2dce457d4: start 880aaef5-a54e-4898-af17-abc2dce457d4@group-DDB2A36C08AC-LeaderStateImpl
2021-12-02 14:31:37,635 [ecb5ef9a-e3c1-46e1-bc6e-74dcb14bbdd1@group-2DF00E79AB8C-LeaderElection118] INFO  impl.LeaderElection (LeaderElection.java:askForVotes(306)) - ecb5ef9a-e3c1-46e1-bc6e-74dcb14bbdd1@group-2DF00E79AB8C-LeaderElection118 ELECTION round 0: submit vote requests at term 1 for -1: [ecb5ef9a-e3c1-46e1-bc6e-74dcb14bbdd1|rpc:10.1.0.16:41883|priority:0, 378d0879-743d-4e9f-84ed-de5a08f6d2b8|rpc:10.1.0.16:33383|priority:0, 880aaef5-a54e-4898-af17-abc2dce457d4|rpc:10.1.0.16:38967|priority:1], old=null
2021-12-02 14:31:37,647 [880aaef5-a54e-4898-af17-abc2dce457d4@group-DDB2A36C08AC-LeaderElection119] INFO  segmented.SegmentedRaftLogWorker (SegmentedRaftLogWorker.java:startLogSegment(394)) - 880aaef5-a54e-4898-af17-abc2dce457d4@group-DDB2A36C08AC-SegmentedRaftLogWorker: Starting segment from index:0
2021-12-02 14:31:37,648 [grpc-default-executor-5] INFO  server.RaftServer$Division (RaftServerImpl.java:requestVote(1046)) - 378d0879-743d-4e9f-84ed-de5a08f6d2b8@group-2DF00E79AB8C: receive requestVote(ELECTION, ecb5ef9a-e3c1-46e1-bc6e-74dcb14bbdd1, group-2DF00E79AB8C, 1, (t:0, i:0))
2021-12-02 14:31:37,649 [grpc-default-executor-5] INFO  impl.VoteContext (VoteContext.java:log(48)) - 378d0879-743d-4e9f-84ed-de5a08f6d2b8@group-2DF00E79AB8C-FOLLOWER: accept ELECTION from ecb5ef9a-e3c1-46e1-bc6e-74dcb14bbdd1: our priority 0 <= candidate's priority 0
2021-12-02 14:31:37,649 [grpc-default-executor-5] INFO  server.RaftServer$Division (RaftServerImpl.java:setRole(290)) - 378d0879-743d-4e9f-84ed-de5a08f6d2b8@group-2DF00E79AB8C: changes role from  FOLLOWER to FOLLOWER at term 1 for candidate:ecb5ef9a-e3c1-46e1-bc6e-74dcb14bbdd1
2021-12-02 14:31:37,649 [grpc-default-executor-5] INFO  impl.RoleInfo (RoleInfo.java:shutdownFollowerState(108)) - 378d0879-743d-4e9f-84ed-de5a08f6d2b8: shutdown 378d0879-743d-4e9f-84ed-de5a08f6d2b8@group-2DF00E79AB8C-FollowerState
2021-12-02 14:31:37,653 [880aaef5-a54e-4898-af17-abc2dce457d4@group-2DF00E79AB8C-LeaderElection120] INFO  impl.LeaderElection (LeaderElection.java:askForVotes(306)) - 880aaef5-a54e-4898-af17-abc2dce457d4@group-2DF00E79AB8C-LeaderElection120 ELECTION round 0: submit vote requests at term 1 for -1: [ecb5ef9a-e3c1-46e1-bc6e-74dcb14bbdd1|rpc:10.1.0.16:41883|priority:0, 378d0879-743d-4e9f-84ed-de5a08f6d2b8|rpc:10.1.0.16:33383|priority:0, 880aaef5-a54e-4898-af17-abc2dce457d4|rpc:10.1.0.16:38967|priority:1], old=null
2021-12-02 14:31:37,670 [grpc-default-executor-1] INFO  server.RaftServer$Division (RaftServerImpl.java:requestVote(1046)) - 880aaef5-a54e-4898-af17-abc2dce457d4@group-2DF00E79AB8C: receive requestVote(ELECTION, ecb5ef9a-e3c1-46e1-bc6e-74dcb14bbdd1, group-2DF00E79AB8C, 1, (t:0, i:0))
2021-12-02 14:31:37,671 [grpc-default-executor-1] INFO  impl.VoteContext (VoteContext.java:log(48)) - 880aaef5-a54e-4898-af17-abc2dce457d4@group-2DF00E79AB8C-CANDIDATE: reject ELECTION from ecb5ef9a-e3c1-46e1-bc6e-74dcb14bbdd1: already has voted for 880aaef5-a54e-4898-af17-abc2dce457d4 at current term 1
2021-12-02 14:31:37,671 [grpc-default-executor-1] INFO  server.RaftServer$Division (RaftServerImpl.java:requestVote(1078)) - 880aaef5-a54e-4898-af17-abc2dce457d4@group-2DF00E79AB8C replies to ELECTION vote request: ecb5ef9a-e3c1-46e1-bc6e-74dcb14bbdd1<-880aaef5-a54e-4898-af17-abc2dce457d4#0:FAIL-t1. Peer's state: 880aaef5-a54e-4898-af17-abc2dce457d4@group-2DF00E79AB8C:t1, leader=null, voted=880aaef5-a54e-4898-af17-abc2dce457d4, raftlog=880aaef5-a54e-4898-af17-abc2dce457d4@group-2DF00E79AB8C-SegmentedRaftLog:OPENED:c-1, conf=-1: [ecb5ef9a-e3c1-46e1-bc6e-74dcb14bbdd1|rpc:10.1.0.16:41883|priority:0, 378d0879-743d-4e9f-84ed-de5a08f6d2b8|rpc:10.1.0.16:33383|priority:0, 880aaef5-a54e-4898-af17-abc2dce457d4|rpc:10.1.0.16:38967|priority:1], old=null
2021-12-02 14:31:37,679 [grpc-default-executor-5] INFO  impl.RoleInfo (RoleInfo.java:updateAndGet(130)) - 378d0879-743d-4e9f-84ed-de5a08f6d2b8: start 378d0879-743d-4e9f-84ed-de5a08f6d2b8@group-2DF00E79AB8C-FollowerState
2021-12-02 14:31:37,689 [ecb5ef9a-e3c1-46e1-bc6e-74dcb14bbdd1@group-2DF00E79AB8C-LeaderElection118] INFO  impl.LeaderElection (LeaderElection.java:logAndReturn(89)) - ecb5ef9a-e3c1-46e1-bc6e-74dcb14bbdd1@group-2DF00E79AB8C-LeaderElection118: ELECTION REJECTED received 1 response(s) and 0 exception(s):
2021-12-02 14:31:37,689 [ecb5ef9a-e3c1-46e1-bc6e-74dcb14bbdd1@group-2DF00E79AB8C-LeaderElection118] INFO  impl.LeaderElection (LeaderElection.java:logAndReturn(93)) -   Response 0: ecb5ef9a-e3c1-46e1-bc6e-74dcb14bbdd1<-880aaef5-a54e-4898-af17-abc2dce457d4#0:FAIL-t1
2021-12-02 14:31:37,689 [ecb5ef9a-e3c1-46e1-bc6e-74dcb14bbdd1@group-2DF00E79AB8C-LeaderElection118] INFO  impl.LeaderElection (LeaderElection.java:askForVotes(308)) - ecb5ef9a-e3c1-46e1-bc6e-74dcb14bbdd1@group-2DF00E79AB8C-LeaderElection118 ELECTION round 0: result REJECTED
2021-12-02 14:31:37,689 [ecb5ef9a-e3c1-46e1-bc6e-74dcb14bbdd1@group-2DF00E79AB8C-LeaderElection118] INFO  server.RaftServer$Division (RaftServerImpl.java:setRole(290)) - ecb5ef9a-e3c1-46e1-bc6e-74dcb14bbdd1@group-2DF00E79AB8C: changes role from CANDIDATE to FOLLOWER at term 1 for REJECTED
2021-12-02 14:31:37,689 [ecb5ef9a-e3c1-46e1-bc6e-74dcb14bbdd1@group-2DF00E79AB8C-LeaderElection118] INFO  impl.RoleInfo (RoleInfo.java:shutdownLeaderElection(121)) - ecb5ef9a-e3c1-46e1-bc6e-74dcb14bbdd1: shutdown ecb5ef9a-e3c1-46e1-bc6e-74dcb14bbdd1@group-2DF00E79AB8C-LeaderElection118
2021-12-02 14:31:37,689 [ecb5ef9a-e3c1-46e1-bc6e-74dcb14bbdd1@group-2DF00E79AB8C-LeaderElection118] INFO  impl.RoleInfo (RoleInfo.java:updateAndGet(130)) - ecb5ef9a-e3c1-46e1-bc6e-74dcb14bbdd1: start ecb5ef9a-e3c1-46e1-bc6e-74dcb14bbdd1@group-2DF00E79AB8C-FollowerState
2021-12-02 14:31:37,691 [grpc-default-executor-5] INFO  server.RaftServer$Division (RaftServerImpl.java:requestVote(1078)) - 378d0879-743d-4e9f-84ed-de5a08f6d2b8@group-2DF00E79AB8C replies to ELECTION vote request: ecb5ef9a-e3c1-46e1-bc6e-74dcb14bbdd1<-378d0879-743d-4e9f-84ed-de5a08f6d2b8#0:OK-t1. Peer's state: 378d0879-743d-4e9f-84ed-de5a08f6d2b8@group-2DF00E79AB8C:t1, leader=null, voted=ecb5ef9a-e3c1-46e1-bc6e-74dcb14bbdd1, raftlog=378d0879-743d-4e9f-84ed-de5a08f6d2b8@group-2DF00E79AB8C-SegmentedRaftLog:OPENED:c-1, conf=-1: [ecb5ef9a-e3c1-46e1-bc6e-74dcb14bbdd1|rpc:10.1.0.16:41883|dataStream:|priority:0, 378d0879-743d-4e9f-84ed-de5a08f6d2b8|rpc:10.1.0.16:33383|dataStream:|priority:0, 880aaef5-a54e-4898-af17-abc2dce457d4|rpc:10.1.0.16:38967|dataStream:|priority:1], old=null
2021-12-02 14:31:37,699 [880aaef5-a54e-4898-af17-abc2dce457d4@group-DDB2A36C08AC-SegmentedRaftLogWorker] INFO  segmented.SegmentedRaftLogWorker (SegmentedRaftLogWorker.java:execute(601)) - 880aaef5-a54e-4898-af17-abc2dce457d4@group-DDB2A36C08AC-SegmentedRaftLogWorker: created new log segment /home/runner/work/ozone/ozone/hadoop-ozone/integration-test/target/test-dir/MiniOzoneClusterImpl-fd94144e-5974-489a-b79f-b066564ba6f5/datanode-4/data/ratis/c684c223-e4a5-4ecd-928a-ddb2a36c08ac/current/log_inprogress_0
2021-12-02 14:31:37,708 [880aaef5-a54e-4898-af17-abc2dce457d4@group-DDB2A36C08AC-LeaderElection119] INFO  server.RaftServer$Division (ServerState.java:setRaftConf(387)) - 880aaef5-a54e-4898-af17-abc2dce457d4@group-DDB2A36C08AC: set configuration 0: [880aaef5-a54e-4898-af17-abc2dce457d4|rpc:10.1.0.16:38967|dataStream:|priority:1], old=null
2021-12-02 14:31:37,709 [grpc-default-executor-5] INFO  server.RaftServer$Division (RaftServerImpl.java:requestVote(1046)) - 378d0879-743d-4e9f-84ed-de5a08f6d2b8@group-2DF00E79AB8C: receive requestVote(ELECTION, 880aaef5-a54e-4898-af17-abc2dce457d4, group-2DF00E79AB8C, 1, (t:0, i:0))
2021-12-02 14:31:37,710 [grpc-default-executor-5] INFO  impl.VoteContext (VoteContext.java:log(48)) - 378d0879-743d-4e9f-84ed-de5a08f6d2b8@group-2DF00E79AB8C-FOLLOWER: reject ELECTION from 880aaef5-a54e-4898-af17-abc2dce457d4: already has voted for ecb5ef9a-e3c1-46e1-bc6e-74dcb14bbdd1 at current term 1
2021-12-02 14:31:37,710 [grpc-default-executor-5] INFO  server.RaftServer$Division (RaftServerImpl.java:requestVote(1078)) - 378d0879-743d-4e9f-84ed-de5a08f6d2b8@group-2DF00E79AB8C replies to ELECTION vote request: 880aaef5-a54e-4898-af17-abc2dce457d4<-378d0879-743d-4e9f-84ed-de5a08f6d2b8#0:FAIL-t1. Peer's state: 378d0879-743d-4e9f-84ed-de5a08f6d2b8@group-2DF00E79AB8C:t1, leader=null, voted=ecb5ef9a-e3c1-46e1-bc6e-74dcb14bbdd1, raftlog=378d0879-743d-4e9f-84ed-de5a08f6d2b8@group-2DF00E79AB8C-SegmentedRaftLog:OPENED:c-1, conf=-1: [ecb5ef9a-e3c1-46e1-bc6e-74dcb14bbdd1|rpc:10.1.0.16:41883|dataStream:|priority:0, 378d0879-743d-4e9f-84ed-de5a08f6d2b8|rpc:10.1.0.16:33383|dataStream:|priority:0, 880aaef5-a54e-4898-af17-abc2dce457d4|rpc:10.1.0.16:38967|dataStream:|priority:1], old=null
2021-12-02 14:31:37,711 [grpc-default-executor-5] INFO  server.RaftServer$Division (RaftServerImpl.java:requestVote(1046)) - ecb5ef9a-e3c1-46e1-bc6e-74dcb14bbdd1@group-2DF00E79AB8C: receive requestVote(ELECTION, 880aaef5-a54e-4898-af17-abc2dce457d4, group-2DF00E79AB8C, 1, (t:0, i:0))
2021-12-02 14:31:37,711 [grpc-default-executor-5] INFO  impl.VoteContext (VoteContext.java:log(48)) - ecb5ef9a-e3c1-46e1-bc6e-74dcb14bbdd1@group-2DF00E79AB8C-FOLLOWER: reject ELECTION from 880aaef5-a54e-4898-af17-abc2dce457d4: already has voted for ecb5ef9a-e3c1-46e1-bc6e-74dcb14bbdd1 at current term 1
2021-12-02 14:31:37,711 [grpc-default-executor-5] INFO  server.RaftServer$Division (RaftServerImpl.java:requestVote(1078)) - ecb5ef9a-e3c1-46e1-bc6e-74dcb14bbdd1@group-2DF00E79AB8C replies to ELECTION vote request: 880aaef5-a54e-4898-af17-abc2dce457d4<-ecb5ef9a-e3c1-46e1-bc6e-74dcb14bbdd1#0:FAIL-t1. Peer's state: ecb5ef9a-e3c1-46e1-bc6e-74dcb14bbdd1@group-2DF00E79AB8C:t1, leader=null, voted=ecb5ef9a-e3c1-46e1-bc6e-74dcb14bbdd1, raftlog=ecb5ef9a-e3c1-46e1-bc6e-74dcb14bbdd1@group-2DF00E79AB8C-SegmentedRaftLog:OPENED:c-1, conf=-1: [ecb5ef9a-e3c1-46e1-bc6e-74dcb14bbdd1|rpc:10.1.0.16:41883|priority:0, 378d0879-743d-4e9f-84ed-de5a08f6d2b8|rpc:10.1.0.16:33383|priority:0, 880aaef5-a54e-4898-af17-abc2dce457d4|rpc:10.1.0.16:38967|priority:1], old=null
2021-12-02 14:31:37,714 [880aaef5-a54e-4898-af17-abc2dce457d4@group-2DF00E79AB8C-LeaderElection120] INFO  impl.LeaderElection (LeaderElection.java:logAndReturn(89)) - 880aaef5-a54e-4898-af17-abc2dce457d4@group-2DF00E79AB8C-LeaderElection120: ELECTION REJECTED received 2 response(s) and 0 exception(s):
2021-12-02 14:31:37,714 [880aaef5-a54e-4898-af17-abc2dce457d4@group-2DF00E79AB8C-LeaderElection120] INFO  impl.LeaderElection (LeaderElection.java:logAndReturn(93)) -   Response 0: 880aaef5-a54e-4898-af17-abc2dce457d4<-ecb5ef9a-e3c1-46e1-bc6e-74dcb14bbdd1#0:FAIL-t1
2021-12-02 14:31:37,714 [880aaef5-a54e-4898-af17-abc2dce457d4@group-2DF00E79AB8C-LeaderElection120] INFO  impl.LeaderElection (LeaderElection.java:logAndReturn(93)) -   Response 1: 880aaef5-a54e-4898-af17-abc2dce457d4<-378d0879-743d-4e9f-84ed-de5a08f6d2b8#0:FAIL-t1
2021-12-02 14:31:37,714 [880aaef5-a54e-4898-af17-abc2dce457d4@group-2DF00E79AB8C-LeaderElection120] INFO  impl.LeaderElection (LeaderElection.java:askForVotes(308)) - 880aaef5-a54e-4898-af17-abc2dce457d4@group-2DF00E79AB8C-LeaderElection120 ELECTION round 0: result REJECTED
2021-12-02 14:31:37,714 [880aaef5-a54e-4898-af17-abc2dce457d4@group-2DF00E79AB8C-LeaderElection120] INFO  server.RaftServer$Division (RaftServerImpl.java:setRole(290)) - 880aaef5-a54e-4898-af17-abc2dce457d4@group-2DF00E79AB8C: changes role from CANDIDATE to FOLLOWER at term 1 for REJECTED
2021-12-02 14:31:37,714 [880aaef5-a54e-4898-af17-abc2dce457d4@group-2DF00E79AB8C-LeaderElection120] INFO  impl.RoleInfo (RoleInfo.java:shutdownLeaderElection(121)) - 880aaef5-a54e-4898-af17-abc2dce457d4: shutdown 880aaef5-a54e-4898-af17-abc2dce457d4@group-2DF00E79AB8C-LeaderElection120
2021-12-02 14:31:37,714 [880aaef5-a54e-4898-af17-abc2dce457d4@group-2DF00E79AB8C-LeaderElection120] INFO  impl.RoleInfo (RoleInfo.java:updateAndGet(130)) - 880aaef5-a54e-4898-af17-abc2dce457d4: start 880aaef5-a54e-4898-af17-abc2dce457d4@group-2DF00E79AB8C-FollowerState
2021-12-02 14:31:37,731 [378d0879-743d-4e9f-84ed-de5a08f6d2b8@group-2DF00E79AB8C-FollowerState] INFO  impl.FollowerState (FollowerState.java:run(143)) - 378d0879-743d-4e9f-84ed-de5a08f6d2b8@group-2DF00E79AB8C-FollowerState was interrupted: {}
java.lang.InterruptedException: sleep interrupted
	at java.lang.Thread.sleep(Native Method)
	at java.lang.Thread.sleep(Thread.java:340)
	at java.util.concurrent.TimeUnit.sleep(TimeUnit.java:386)
	at org.apache.ratis.util.TimeDuration.sleep(TimeDuration.java:324)
	at org.apache.ratis.util.TimeDuration.sleep(TimeDuration.java:309)
	at org.apache.ratis.server.impl.FollowerState.run(FollowerState.java:118)
2021-12-02 14:31:37,812 [Listener at 127.0.0.1/39245] INFO  ozone.MiniOzoneClusterImpl (MiniOzoneClusterImpl.java:lambda$waitForClusterToBeReady$0(235)) - Nodes are ready. Got 7 of 7 DN Heartbeats.
2021-12-02 14:31:37,812 [Listener at 127.0.0.1/39245] INFO  ozone.MiniOzoneClusterImpl (MiniOzoneClusterImpl.java:lambda$waitForClusterToBeReady$0(238)) - Cluster exits safe mode
2021-12-02 14:31:37,812 [Listener at 127.0.0.1/39245] INFO  ozone.MiniOzoneClusterImpl (MiniOzoneClusterImpl.java:lambda$waitForClusterToBeReady$0(240)) - SCM became leader
2021-12-02 14:31:37,813 [Listener at 127.0.0.1/39245] INFO  rpc.RpcClient (RpcClient.java:createVolume(389)) - Creating Volume: testblockoutputstream, with runner as owner and space quota set to -1 bytes, counts quota set to -1
2021-12-02 14:31:37,841 [378d0879-743d-4e9f-84ed-de5a08f6d2b8@group-E7BC8A180859-FollowerState] INFO  impl.FollowerState (FollowerState.java:run(134)) - 378d0879-743d-4e9f-84ed-de5a08f6d2b8@group-E7BC8A180859-FollowerState: change to CANDIDATE, lastRpcElapsedTime:5122149558ns, electionTimeout:5121ms
2021-12-02 14:31:37,842 [378d0879-743d-4e9f-84ed-de5a08f6d2b8@group-E7BC8A180859-FollowerState] INFO  impl.RoleInfo (RoleInfo.java:shutdownFollowerState(108)) - 378d0879-743d-4e9f-84ed-de5a08f6d2b8: shutdown 378d0879-743d-4e9f-84ed-de5a08f6d2b8@group-E7BC8A180859-FollowerState
2021-12-02 14:31:37,842 [378d0879-743d-4e9f-84ed-de5a08f6d2b8@group-E7BC8A180859-FollowerState] INFO  server.RaftServer$Division (RaftServerImpl.java:setRole(290)) - 378d0879-743d-4e9f-84ed-de5a08f6d2b8@group-E7BC8A180859: changes role from  FOLLOWER to CANDIDATE at term 0 for changeToCandidate
2021-12-02 14:31:37,850 [OM StateMachine ApplyTransaction Thread - 0] INFO  volume.OMVolumeCreateRequest (OMVolumeCreateRequest.java:validateAndUpdateCache(195)) - created volume:testblockoutputstream for user:runner
2021-12-02 14:31:37,990 [378d0879-743d-4e9f-84ed-de5a08f6d2b8@group-E7BC8A180859-FollowerState] INFO  server.RaftServerConfigKeys (ConfUtils.java:logGet(44)) - raft.server.leaderelection.pre-vote = false (custom)
2021-12-02 14:31:37,990 [378d0879-743d-4e9f-84ed-de5a08f6d2b8@group-E7BC8A180859-FollowerState] INFO  impl.RoleInfo (RoleInfo.java:updateAndGet(130)) - 378d0879-743d-4e9f-84ed-de5a08f6d2b8: start 378d0879-743d-4e9f-84ed-de5a08f6d2b8@group-E7BC8A180859-LeaderElection121
2021-12-02 14:31:38,014 [Listener at 127.0.0.1/39245] INFO  rpc.RpcClient (RpcClient.java:createBucket(549)) - Creating Bucket: testblockoutputstream/testblockoutputstream, with Versioning false and Storage Type set to DISK and Encryption set to false 
2021-12-02 14:31:38,054 [378d0879-743d-4e9f-84ed-de5a08f6d2b8@group-E7BC8A180859-LeaderElection121] INFO  impl.LeaderElection (LeaderElection.java:askForVotes(306)) - 378d0879-743d-4e9f-84ed-de5a08f6d2b8@group-E7BC8A180859-LeaderElection121 ELECTION round 0: submit vote requests at term 1 for -1: [378d0879-743d-4e9f-84ed-de5a08f6d2b8|rpc:10.1.0.16:33383|priority:1], old=null
2021-12-02 14:31:38,054 [378d0879-743d-4e9f-84ed-de5a08f6d2b8@group-E7BC8A180859-LeaderElection121] INFO  impl.LeaderElection (LeaderElection.java:askForVotes(308)) - 378d0879-743d-4e9f-84ed-de5a08f6d2b8@group-E7BC8A180859-LeaderElection121 ELECTION round 0: result PASSED (term=1)
2021-12-02 14:31:38,054 [378d0879-743d-4e9f-84ed-de5a08f6d2b8@group-E7BC8A180859-LeaderElection121] INFO  impl.RoleInfo (RoleInfo.java:shutdownLeaderElection(121)) - 378d0879-743d-4e9f-84ed-de5a08f6d2b8: shutdown 378d0879-743d-4e9f-84ed-de5a08f6d2b8@group-E7BC8A180859-LeaderElection121
2021-12-02 14:31:38,054 [378d0879-743d-4e9f-84ed-de5a08f6d2b8@group-E7BC8A180859-LeaderElection121] INFO  server.RaftServer$Division (RaftServerImpl.java:setRole(290)) - 378d0879-743d-4e9f-84ed-de5a08f6d2b8@group-E7BC8A180859: changes role from CANDIDATE to LEADER at term 1 for changeToLeader
2021-12-02 14:31:38,054 [378d0879-743d-4e9f-84ed-de5a08f6d2b8@group-E7BC8A180859-LeaderElection121] INFO  ratis.XceiverServerRatis (XceiverServerRatis.java:handleLeaderChangedNotification(866)) - Leader change notification received for group: group-E7BC8A180859 with new leaderId: 378d0879-743d-4e9f-84ed-de5a08f6d2b8
2021-12-02 14:31:38,054 [378d0879-743d-4e9f-84ed-de5a08f6d2b8@group-E7BC8A180859-LeaderElection121] INFO  server.RaftServer$Division (ServerState.java:setLeader(285)) - 378d0879-743d-4e9f-84ed-de5a08f6d2b8@group-E7BC8A180859: change Leader from null to 378d0879-743d-4e9f-84ed-de5a08f6d2b8 at term 1 for becomeLeader, leader elected after 5517ms
2021-12-02 14:31:38,055 [378d0879-743d-4e9f-84ed-de5a08f6d2b8@group-E7BC8A180859-LeaderElection121] INFO  server.RaftServerConfigKeys (ConfUtils.java:logGet(44)) - raft.server.staging.catchup.gap = 1000 (default)
2021-12-02 14:31:38,055 [378d0879-743d-4e9f-84ed-de5a08f6d2b8@group-E7BC8A180859-LeaderElection121] INFO  server.RaftServerConfigKeys (ConfUtils.java:logGet(44)) - raft.server.write.element-limit = 1024 (custom)
2021-12-02 14:31:38,055 [378d0879-743d-4e9f-84ed-de5a08f6d2b8@group-E7BC8A180859-LeaderElection121] INFO  server.RaftServerConfigKeys (ConfUtils.java:logGet(44)) - raft.server.write.byte-limit = 1024 M (=1073741824) (custom)
2021-12-02 14:31:38,055 [378d0879-743d-4e9f-84ed-de5a08f6d2b8@group-E7BC8A180859-LeaderElection121] INFO  server.RaftServerConfigKeys (ConfUtils.java:logGet(44)) - raft.server.watch.timeout = 3000ms (custom)
2021-12-02 14:31:38,056 [378d0879-743d-4e9f-84ed-de5a08f6d2b8@group-E7BC8A180859-LeaderElection121] INFO  server.RaftServerConfigKeys (ConfUtils.java:logGet(44)) - raft.server.watch.timeout.denomination = 1s (default)
2021-12-02 14:31:38,056 [378d0879-743d-4e9f-84ed-de5a08f6d2b8@group-E7BC8A180859-LeaderElection121] INFO  server.RaftServerConfigKeys (ConfUtils.java:logGet(44)) - raft.server.watch.element-limit = 65536 (default)
2021-12-02 14:31:38,056 [378d0879-743d-4e9f-84ed-de5a08f6d2b8@group-E7BC8A180859-LeaderElection121] INFO  server.RaftServerConfigKeys (ConfUtils.java:logGet(44)) - raft.server.write.element-limit = 1024 (custom)
2021-12-02 14:31:38,056 [378d0879-743d-4e9f-84ed-de5a08f6d2b8@group-E7BC8A180859-LeaderElection121] INFO  server.RaftServerConfigKeys (ConfUtils.java:logGet(44)) - raft.server.write.follower.gap.ratio.max = -1.0 (default)
2021-12-02 14:31:38,056 [378d0879-743d-4e9f-84ed-de5a08f6d2b8@group-E7BC8A180859-LeaderElection121] INFO  impl.RoleInfo (RoleInfo.java:updateAndGet(130)) - 378d0879-743d-4e9f-84ed-de5a08f6d2b8: start 378d0879-743d-4e9f-84ed-de5a08f6d2b8@group-E7BC8A180859-LeaderStateImpl
2021-12-02 14:31:38,056 [378d0879-743d-4e9f-84ed-de5a08f6d2b8@group-E7BC8A180859-LeaderElection121] INFO  segmented.SegmentedRaftLogWorker (SegmentedRaftLogWorker.java:startLogSegment(394)) - 378d0879-743d-4e9f-84ed-de5a08f6d2b8@group-E7BC8A180859-SegmentedRaftLogWorker: Starting segment from index:0
2021-12-02 14:31:38,058 [378d0879-743d-4e9f-84ed-de5a08f6d2b8@group-E7BC8A180859-SegmentedRaftLogWorker] INFO  segmented.SegmentedRaftLogWorker (SegmentedRaftLogWorker.java:execute(601)) - 378d0879-743d-4e9f-84ed-de5a08f6d2b8@group-E7BC8A180859-SegmentedRaftLogWorker: created new log segment /home/runner/work/ozone/ozone/hadoop-ozone/integration-test/target/test-dir/MiniOzoneClusterImpl-fd94144e-5974-489a-b79f-b066564ba6f5/datanode-5/data/ratis/eaae410a-8b87-45eb-abaa-e7bc8a180859/current/log_inprogress_0
2021-12-02 14:31:38,063 [378d0879-743d-4e9f-84ed-de5a08f6d2b8@group-E7BC8A180859-LeaderElection121] INFO  server.RaftServer$Division (ServerState.java:setRaftConf(387)) - 378d0879-743d-4e9f-84ed-de5a08f6d2b8@group-E7BC8A180859: set configuration 0: [378d0879-743d-4e9f-84ed-de5a08f6d2b8|rpc:10.1.0.16:33383|dataStream:|priority:1], old=null
2021-12-02 14:31:38,127 [IPC Server handler 0 on default port 40913] INFO  ha.SequenceIdGenerator (SequenceIdGenerator.java:getNextId(127)) - Allocate a batch for containerId, change lastId from 0 to 1000.
2021-12-02 14:31:38,128 [IPC Server handler 0 on default port 40913] WARN  ha.SequenceIdGenerator (SequenceIdGenerator.java:allocateBatch(235)) - Failed to allocate a batch for localId, expected lastId is 0, actual lastId is 107544261427200000.
2021-12-02 14:31:38,128 [IPC Server handler 0 on default port 40913] INFO  ha.SequenceIdGenerator (SequenceIdGenerator.java:getNextId(127)) - Allocate a batch for localId, change lastId from 107544261427200000 to 107544261427201000.
2021-12-02 14:31:38,150 [090cecd5-a27b-490f-ac32-d0e1b4d1b6f6@group-3D43B4623503-FollowerState] INFO  impl.FollowerState (FollowerState.java:run(134)) - 090cecd5-a27b-490f-ac32-d0e1b4d1b6f6@group-3D43B4623503-FollowerState: change to CANDIDATE, lastRpcElapsedTime:5146884217ns, electionTimeout:5106ms
2021-12-02 14:31:38,151 [090cecd5-a27b-490f-ac32-d0e1b4d1b6f6@group-3D43B4623503-FollowerState] INFO  impl.RoleInfo (RoleInfo.java:shutdownFollowerState(108)) - 090cecd5-a27b-490f-ac32-d0e1b4d1b6f6: shutdown 090cecd5-a27b-490f-ac32-d0e1b4d1b6f6@group-3D43B4623503-FollowerState
2021-12-02 14:31:38,151 [090cecd5-a27b-490f-ac32-d0e1b4d1b6f6@group-3D43B4623503-FollowerState] INFO  server.RaftServer$Division (RaftServerImpl.java:setRole(290)) - 090cecd5-a27b-490f-ac32-d0e1b4d1b6f6@group-3D43B4623503: changes role from  FOLLOWER to CANDIDATE at term 0 for changeToCandidate
2021-12-02 14:31:38,155 [090cecd5-a27b-490f-ac32-d0e1b4d1b6f6@group-3D43B4623503-FollowerState] INFO  server.RaftServerConfigKeys (ConfUtils.java:logGet(44)) - raft.server.leaderelection.pre-vote = false (custom)
2021-12-02 14:31:38,155 [090cecd5-a27b-490f-ac32-d0e1b4d1b6f6@group-3D43B4623503-FollowerState] INFO  impl.RoleInfo (RoleInfo.java:updateAndGet(130)) - 090cecd5-a27b-490f-ac32-d0e1b4d1b6f6: start 090cecd5-a27b-490f-ac32-d0e1b4d1b6f6@group-3D43B4623503-LeaderElection122
2021-12-02 14:31:38,196 [090cecd5-a27b-490f-ac32-d0e1b4d1b6f6@group-3D43B4623503-LeaderElection122] INFO  impl.LeaderElection (LeaderElection.java:askForVotes(306)) - 090cecd5-a27b-490f-ac32-d0e1b4d1b6f6@group-3D43B4623503-LeaderElection122 ELECTION round 0: submit vote requests at term 1 for -1: [090cecd5-a27b-490f-ac32-d0e1b4d1b6f6|rpc:10.1.0.16:46119|priority:1], old=null
2021-12-02 14:31:38,196 [090cecd5-a27b-490f-ac32-d0e1b4d1b6f6@group-3D43B4623503-LeaderElection122] INFO  impl.LeaderElection (LeaderElection.java:askForVotes(308)) - 090cecd5-a27b-490f-ac32-d0e1b4d1b6f6@group-3D43B4623503-LeaderElection122 ELECTION round 0: result PASSED (term=1)
2021-12-02 14:31:38,196 [090cecd5-a27b-490f-ac32-d0e1b4d1b6f6@group-3D43B4623503-LeaderElection122] INFO  impl.RoleInfo (RoleInfo.java:shutdownLeaderElection(121)) - 090cecd5-a27b-490f-ac32-d0e1b4d1b6f6: shutdown 090cecd5-a27b-490f-ac32-d0e1b4d1b6f6@group-3D43B4623503-LeaderElection122
2021-12-02 14:31:38,196 [090cecd5-a27b-490f-ac32-d0e1b4d1b6f6@group-3D43B4623503-LeaderElection122] INFO  server.RaftServer$Division (RaftServerImpl.java:setRole(290)) - 090cecd5-a27b-490f-ac32-d0e1b4d1b6f6@group-3D43B4623503: changes role from CANDIDATE to LEADER at term 1 for changeToLeader
2021-12-02 14:31:38,196 [090cecd5-a27b-490f-ac32-d0e1b4d1b6f6@group-3D43B4623503-LeaderElection122] INFO  ratis.XceiverServerRatis (XceiverServerRatis.java:handleLeaderChangedNotification(866)) - Leader change notification received for group: group-3D43B4623503 with new leaderId: 090cecd5-a27b-490f-ac32-d0e1b4d1b6f6
2021-12-02 14:31:38,207 [090cecd5-a27b-490f-ac32-d0e1b4d1b6f6@group-3D43B4623503-LeaderElection122] INFO  server.RaftServer$Division (ServerState.java:setLeader(285)) - 090cecd5-a27b-490f-ac32-d0e1b4d1b6f6@group-3D43B4623503: change Leader from null to 090cecd5-a27b-490f-ac32-d0e1b4d1b6f6 at term 1 for becomeLeader, leader elected after 5245ms
2021-12-02 14:31:38,207 [090cecd5-a27b-490f-ac32-d0e1b4d1b6f6@group-3D43B4623503-LeaderElection122] INFO  server.RaftServerConfigKeys (ConfUtils.java:logGet(44)) - raft.server.staging.catchup.gap = 1000 (default)
2021-12-02 14:31:38,207 [090cecd5-a27b-490f-ac32-d0e1b4d1b6f6@group-3D43B4623503-LeaderElection122] INFO  server.RaftServerConfigKeys (ConfUtils.java:logGet(44)) - raft.server.write.element-limit = 1024 (custom)
2021-12-02 14:31:38,207 [090cecd5-a27b-490f-ac32-d0e1b4d1b6f6@group-3D43B4623503-LeaderElection122] INFO  server.RaftServerConfigKeys (ConfUtils.java:logGet(44)) - raft.server.write.byte-limit = 1024 M (=1073741824) (custom)
2021-12-02 14:31:38,208 [090cecd5-a27b-490f-ac32-d0e1b4d1b6f6@group-3D43B4623503-LeaderElection122] INFO  server.RaftServerConfigKeys (ConfUtils.java:logGet(44)) - raft.server.watch.timeout = 3000ms (custom)
2021-12-02 14:31:38,208 [090cecd5-a27b-490f-ac32-d0e1b4d1b6f6@group-3D43B4623503-LeaderElection122] INFO  server.RaftServerConfigKeys (ConfUtils.java:logGet(44)) - raft.server.watch.timeout.denomination = 1s (default)
2021-12-02 14:31:38,208 [090cecd5-a27b-490f-ac32-d0e1b4d1b6f6@group-3D43B4623503-LeaderElection122] INFO  server.RaftServerConfigKeys (ConfUtils.java:logGet(44)) - raft.server.watch.element-limit = 65536 (default)
2021-12-02 14:31:38,208 [090cecd5-a27b-490f-ac32-d0e1b4d1b6f6@group-3D43B4623503-LeaderElection122] INFO  server.RaftServerConfigKeys (ConfUtils.java:logGet(44)) - raft.server.write.element-limit = 1024 (custom)
2021-12-02 14:31:38,208 [090cecd5-a27b-490f-ac32-d0e1b4d1b6f6@group-3D43B4623503-LeaderElection122] INFO  server.RaftServerConfigKeys (ConfUtils.java:logGet(44)) - raft.server.write.follower.gap.ratio.max = -1.0 (default)
2021-12-02 14:31:38,208 [090cecd5-a27b-490f-ac32-d0e1b4d1b6f6@group-3D43B4623503-LeaderElection122] INFO  impl.RoleInfo (RoleInfo.java:updateAndGet(130)) - 090cecd5-a27b-490f-ac32-d0e1b4d1b6f6: start 090cecd5-a27b-490f-ac32-d0e1b4d1b6f6@group-3D43B4623503-LeaderStateImpl
2021-12-02 14:31:38,208 [090cecd5-a27b-490f-ac32-d0e1b4d1b6f6@group-3D43B4623503-LeaderElection122] INFO  segmented.SegmentedRaftLogWorker (SegmentedRaftLogWorker.java:startLogSegment(394)) - 090cecd5-a27b-490f-ac32-d0e1b4d1b6f6@group-3D43B4623503-SegmentedRaftLogWorker: Starting segment from index:0
2021-12-02 14:31:38,213 [090cecd5-a27b-490f-ac32-d0e1b4d1b6f6@group-3D43B4623503-SegmentedRaftLogWorker] INFO  segmented.SegmentedRaftLogWorker (SegmentedRaftLogWorker.java:execute(601)) - 090cecd5-a27b-490f-ac32-d0e1b4d1b6f6@group-3D43B4623503-SegmentedRaftLogWorker: created new log segment /home/runner/work/ozone/ozone/hadoop-ozone/integration-test/target/test-dir/MiniOzoneClusterImpl-fd94144e-5974-489a-b79f-b066564ba6f5/datanode-6/data/ratis/f4991f24-d948-41ce-bb8a-3d43b4623503/current/log_inprogress_0
2021-12-02 14:31:38,233 [090cecd5-a27b-490f-ac32-d0e1b4d1b6f6@group-3D43B4623503-LeaderElection122] INFO  server.RaftServer$Division (ServerState.java:setRaftConf(387)) - 090cecd5-a27b-490f-ac32-d0e1b4d1b6f6@group-3D43B4623503: set configuration 0: [090cecd5-a27b-490f-ac32-d0e1b4d1b6f6|rpc:10.1.0.16:46119|dataStream:|priority:1], old=null
2021-12-02 14:31:38,691 [EventQueue-CloseContainerForCloseContainerEventHandler] INFO  container.CloseContainerEventHandler (CloseContainerEventHandler.java:onMessage(69)) - Close container Event triggered for container : #1
2021-12-02 14:31:38,691 [EventQueue-CloseContainerForCloseContainerEventHandler] INFO  container.CloseContainerEventHandler (CloseContainerEventHandler.java:onMessage(69)) - Close container Event triggered for container : #1
2021-12-02 14:31:38,691 [EventQueue-CloseContainerForCloseContainerEventHandler] INFO  container.CloseContainerEventHandler (CloseContainerEventHandler.java:onMessage(69)) - Close container Event triggered for container : #1
2021-12-02 14:31:40,374 [pool-1086-thread-9] INFO  keyvalue.KeyValueContainer (KeyValueContainer.java:flushAndSyncDB(397)) - Container 1 is synced with bcsId 12.
2021-12-02 14:31:40,374 [pool-1086-thread-9] INFO  keyvalue.KeyValueContainer (KeyValueContainer.java:flushAndSyncDB(397)) - Container 1 is synced with bcsId 12.
2021-12-02 14:31:40,386 [pool-1086-thread-9] INFO  keyvalue.KeyValueContainer (KeyValueContainer.java:close(334)) - Container 1 is closed with bcsId 12.
2021-12-02 14:31:40,428 [EventQueue-IncrementalContainerReportForIncrementalContainerReportHandler] INFO  container.IncrementalContainerReportHandler (AbstractContainerReportHandler.java:updateContainerState(223)) - Moving container #1 to CLOSED state, datanode ecb5ef9a-e3c1-46e1-bc6e-74dcb14bbdd1{ip: 10.1.0.16, host: fv-az59-375.csjynl4pkq3e1pkirw3ssqjfoh.cx.internal.cloudapp.net, ports: [REPLICATION=40215, RATIS=41883, RATIS_ADMIN=41883, RATIS_SERVER=41883, STANDALONE=34895], networkLocation: /default-rack, certSerialId: null, persistedOpState: IN_SERVICE, persistedOpStateExpiryEpochSec: 0} reported CLOSED replica.
2021-12-02 14:31:40,430 [pool-1088-thread-9] INFO  keyvalue.KeyValueContainer (KeyValueContainer.java:flushAndSyncDB(397)) - Container 1 is synced with bcsId 12.
2021-12-02 14:31:40,430 [pool-1088-thread-9] INFO  keyvalue.KeyValueContainer (KeyValueContainer.java:flushAndSyncDB(397)) - Container 1 is synced with bcsId 12.
2021-12-02 14:31:40,433 [pool-1087-thread-9] INFO  keyvalue.KeyValueContainer (KeyValueContainer.java:flushAndSyncDB(397)) - Container 1 is synced with bcsId 12.
2021-12-02 14:31:40,434 [pool-1087-thread-9] INFO  keyvalue.KeyValueContainer (KeyValueContainer.java:flushAndSyncDB(397)) - Container 1 is synced with bcsId 12.
2021-12-02 14:31:40,437 [pool-1088-thread-9] INFO  keyvalue.KeyValueContainer (KeyValueContainer.java:close(334)) - Container 1 is closed with bcsId 12.
2021-12-02 14:31:40,461 [pool-1087-thread-9] INFO  keyvalue.KeyValueContainer (KeyValueContainer.java:close(334)) - Container 1 is closed with bcsId 12.
14:31:40.695 [grpc-default-executor-1] ERROR DNAudit - user=null | ip=null | op=WRITE_CHUNK {blockData=conID: 1 locID: 107544261427200001 bcsId: 12} | ret=FAILURE
org.apache.hadoop.hdds.scm.container.common.helpers.ContainerNotOpenException: Container 1 in CLOSED state
	at org.apache.hadoop.ozone.container.common.impl.HddsDispatcher.validateContainerCommand(HddsDispatcher.java:481) ~[hdds-container-service-1.3.0-SNAPSHOT.jar:?]
	at org.apache.hadoop.ozone.container.common.transport.server.ratis.ContainerStateMachine.startTransaction(ContainerStateMachine.java:318) ~[hdds-container-service-1.3.0-SNAPSHOT.jar:?]
	at org.apache.ratis.server.impl.RaftServerImpl.submitClientRequestAsync(RaftServerImpl.java:797) ~[ratis-server-2.2.0.jar:2.2.0]
	at org.apache.ratis.server.impl.RaftServerProxy.lambda$submitClientRequestAsync$9(RaftServerProxy.java:417) ~[ratis-server-2.2.0.jar:2.2.0]
	at org.apache.ratis.server.impl.RaftServerProxy.lambda$null$7(RaftServerProxy.java:412) ~[ratis-server-2.2.0.jar:2.2.0]
	at org.apache.ratis.util.JavaUtils.callAsUnchecked(JavaUtils.java:115) ~[ratis-common-2.2.0.jar:2.2.0]
	at org.apache.ratis.server.impl.RaftServerProxy.lambda$submitRequest$8(RaftServerProxy.java:412) ~[ratis-server-2.2.0.jar:2.2.0]
	at java.util.concurrent.CompletableFuture.uniComposeStage(CompletableFuture.java:995) ~[?:1.8.0_292]
	at java.util.concurrent.CompletableFuture.thenCompose(CompletableFuture.java:2137) ~[?:1.8.0_292]
	at org.apache.ratis.server.impl.RaftServerProxy.submitRequest(RaftServerProxy.java:411) ~[ratis-server-2.2.0.jar:2.2.0]
	at org.apache.ratis.server.impl.RaftServerProxy.submitClientRequestAsync(RaftServerProxy.java:417) ~[ratis-server-2.2.0.jar:2.2.0]
	at org.apache.ratis.grpc.client.GrpcClientProtocolService$RequestStreamObserver.processClientRequest(GrpcClientProtocolService.java:222) ~[ratis-grpc-2.2.0.jar:2.2.0]
	at org.apache.ratis.grpc.client.GrpcClientProtocolService$OrderedRequestStreamObserver.processClientRequest(GrpcClientProtocolService.java:328) ~[ratis-grpc-2.2.0.jar:2.2.0]
	at org.apache.ratis.util.SlidingWindow$Server.processRequestsFromHead(SlidingWindow.java:431) [ratis-common-2.2.0.jar:2.2.0]
	at org.apache.ratis.util.SlidingWindow$Server.receivedRequest(SlidingWindow.java:423) [ratis-common-2.2.0.jar:2.2.0]
	at org.apache.ratis.grpc.client.GrpcClientProtocolService$OrderedRequestStreamObserver.processClientRequest(GrpcClientProtocolService.java:352) [ratis-grpc-2.2.0.jar:2.2.0]
	at org.apache.ratis.grpc.client.GrpcClientProtocolService$RequestStreamObserver.onNext(GrpcClientProtocolService.java:242) [ratis-grpc-2.2.0.jar:2.2.0]
	at org.apache.ratis.grpc.client.GrpcClientProtocolService$RequestStreamObserver.onNext(GrpcClientProtocolService.java:165) [ratis-grpc-2.2.0.jar:2.2.0]
	at org.apache.ratis.thirdparty.io.grpc.stub.ServerCalls$StreamingServerCallHandler$StreamingServerCallListener.onMessage(ServerCalls.java:255) [ratis-thirdparty-misc-0.7.0.jar:0.7.0]
	at org.apache.ratis.thirdparty.io.grpc.ForwardingServerCallListener.onMessage(ForwardingServerCallListener.java:33) [ratis-thirdparty-misc-0.7.0.jar:0.7.0]
	at org.apache.ratis.thirdparty.io.grpc.internal.ServerCallImpl$ServerStreamListenerImpl.messagesAvailableInternal(ServerCallImpl.java:309) [ratis-thirdparty-misc-0.7.0.jar:0.7.0]
	at org.apache.ratis.thirdparty.io.grpc.internal.ServerCallImpl$ServerStreamListenerImpl.messagesAvailable(ServerCallImpl.java:292) [ratis-thirdparty-misc-0.7.0.jar:0.7.0]
	at org.apache.ratis.thirdparty.io.grpc.internal.ServerImpl$JumpToApplicationThreadServerStreamListener$1MessagesAvailable.runInContext(ServerImpl.java:782) [ratis-thirdparty-misc-0.7.0.jar:0.7.0]
	at org.apache.ratis.thirdparty.io.grpc.internal.ContextRunnable.run(ContextRunnable.java:37) [ratis-thirdparty-misc-0.7.0.jar:0.7.0]
	at org.apache.ratis.thirdparty.io.grpc.internal.SerializingExecutor.run(SerializingExecutor.java:123) [ratis-thirdparty-misc-0.7.0.jar:0.7.0]
	at java.util.concurrent.ThreadPoolExecutor.runWorker(ThreadPoolExecutor.java:1149) [?:1.8.0_292]
	at java.util.concurrent.ThreadPoolExecutor$Worker.run(ThreadPoolExecutor.java:624) [?:1.8.0_292]
	at java.lang.Thread.run(Thread.java:748) [?:1.8.0_292]
14:31:40.700 [grpc-default-executor-1] ERROR DNAudit - user=null | ip=null | op=WRITE_CHUNK {blockData=conID: 1 locID: 107544261427200001 bcsId: 12} | ret=FAILURE
org.apache.hadoop.hdds.scm.container.common.helpers.ContainerNotOpenException: Container 1 in CLOSED state
	at org.apache.hadoop.ozone.container.common.impl.HddsDispatcher.validateContainerCommand(HddsDispatcher.java:481) ~[hdds-container-service-1.3.0-SNAPSHOT.jar:?]
	at org.apache.hadoop.ozone.container.common.transport.server.ratis.ContainerStateMachine.startTransaction(ContainerStateMachine.java:318) ~[hdds-container-service-1.3.0-SNAPSHOT.jar:?]
	at org.apache.ratis.server.impl.RaftServerImpl.submitClientRequestAsync(RaftServerImpl.java:797) ~[ratis-server-2.2.0.jar:2.2.0]
	at org.apache.ratis.server.impl.RaftServerProxy.lambda$submitClientRequestAsync$9(RaftServerProxy.java:417) ~[ratis-server-2.2.0.jar:2.2.0]
	at org.apache.ratis.server.impl.RaftServerProxy.lambda$null$7(RaftServerProxy.java:412) ~[ratis-server-2.2.0.jar:2.2.0]
	at org.apache.ratis.util.JavaUtils.callAsUnchecked(JavaUtils.java:115) ~[ratis-common-2.2.0.jar:2.2.0]
	at org.apache.ratis.server.impl.RaftServerProxy.lambda$submitRequest$8(RaftServerProxy.java:412) ~[ratis-server-2.2.0.jar:2.2.0]
	at java.util.concurrent.CompletableFuture.uniComposeStage(CompletableFuture.java:995) ~[?:1.8.0_292]
	at java.util.concurrent.CompletableFuture.thenCompose(CompletableFuture.java:2137) ~[?:1.8.0_292]
	at org.apache.ratis.server.impl.RaftServerProxy.submitRequest(RaftServerProxy.java:411) ~[ratis-server-2.2.0.jar:2.2.0]
	at org.apache.ratis.server.impl.RaftServerProxy.submitClientRequestAsync(RaftServerProxy.java:417) ~[ratis-server-2.2.0.jar:2.2.0]
	at org.apache.ratis.grpc.client.GrpcClientProtocolService$RequestStreamObserver.processClientRequest(GrpcClientProtocolService.java:222) ~[ratis-grpc-2.2.0.jar:2.2.0]
	at org.apache.ratis.grpc.client.GrpcClientProtocolService$OrderedRequestStreamObserver.processClientRequest(GrpcClientProtocolService.java:328) ~[ratis-grpc-2.2.0.jar:2.2.0]
	at org.apache.ratis.util.SlidingWindow$Server.processRequestsFromHead(SlidingWindow.java:431) [ratis-common-2.2.0.jar:2.2.0]
	at org.apache.ratis.util.SlidingWindow$Server.receivedRequest(SlidingWindow.java:423) [ratis-common-2.2.0.jar:2.2.0]
	at org.apache.ratis.grpc.client.GrpcClientProtocolService$OrderedRequestStreamObserver.processClientRequest(GrpcClientProtocolService.java:352) [ratis-grpc-2.2.0.jar:2.2.0]
	at org.apache.ratis.grpc.client.GrpcClientProtocolService$RequestStreamObserver.onNext(GrpcClientProtocolService.java:242) [ratis-grpc-2.2.0.jar:2.2.0]
	at org.apache.ratis.grpc.client.GrpcClientProtocolService$RequestStreamObserver.onNext(GrpcClientProtocolService.java:165) [ratis-grpc-2.2.0.jar:2.2.0]
	at org.apache.ratis.thirdparty.io.grpc.stub.ServerCalls$StreamingServerCallHandler$StreamingServerCallListener.onMessage(ServerCalls.java:255) [ratis-thirdparty-misc-0.7.0.jar:0.7.0]
	at org.apache.ratis.thirdparty.io.grpc.ForwardingServerCallListener.onMessage(ForwardingServerCallListener.java:33) [ratis-thirdparty-misc-0.7.0.jar:0.7.0]
	at org.apache.ratis.thirdparty.io.grpc.internal.ServerCallImpl$ServerStreamListenerImpl.messagesAvailableInternal(ServerCallImpl.java:309) [ratis-thirdparty-misc-0.7.0.jar:0.7.0]
	at org.apache.ratis.thirdparty.io.grpc.internal.ServerCallImpl$ServerStreamListenerImpl.messagesAvailable(ServerCallImpl.java:292) [ratis-thirdparty-misc-0.7.0.jar:0.7.0]
	at org.apache.ratis.thirdparty.io.grpc.internal.ServerImpl$JumpToApplicationThreadServerStreamListener$1MessagesAvailable.runInContext(ServerImpl.java:782) [ratis-thirdparty-misc-0.7.0.jar:0.7.0]
	at org.apache.ratis.thirdparty.io.grpc.internal.ContextRunnable.run(ContextRunnable.java:37) [ratis-thirdparty-misc-0.7.0.jar:0.7.0]
	at org.apache.ratis.thirdparty.io.grpc.internal.SerializingExecutor.run(SerializingExecutor.java:123) [ratis-thirdparty-misc-0.7.0.jar:0.7.0]
	at java.util.concurrent.ThreadPoolExecutor.runWorker(ThreadPoolExecutor.java:1149) [?:1.8.0_292]
	at java.util.concurrent.ThreadPoolExecutor$Worker.run(ThreadPoolExecutor.java:624) [?:1.8.0_292]
	at java.lang.Thread.run(Thread.java:748) [?:1.8.0_292]
2021-12-02 14:31:40,715 [8698f9c0-0d63-4edb-bf8f-bb1ca05694ae@group-F34A6D962FBB-FollowerState] INFO  impl.FollowerState (FollowerState.java:run(134)) - 8698f9c0-0d63-4edb-bf8f-bb1ca05694ae@group-F34A6D962FBB-FollowerState: change to CANDIDATE, lastRpcElapsedTime:5072192417ns, electionTimeout:5065ms
2021-12-02 14:31:40,718 [8698f9c0-0d63-4edb-bf8f-bb1ca05694ae@group-F34A6D962FBB-FollowerState] INFO  impl.RoleInfo (RoleInfo.java:shutdownFollowerState(108)) - 8698f9c0-0d63-4edb-bf8f-bb1ca05694ae: shutdown 8698f9c0-0d63-4edb-bf8f-bb1ca05694ae@group-F34A6D962FBB-FollowerState
2021-12-02 14:31:40,747 [8698f9c0-0d63-4edb-bf8f-bb1ca05694ae@group-F34A6D962FBB-FollowerState] INFO  server.RaftServer$Division (RaftServerImpl.java:setRole(290)) - 8698f9c0-0d63-4edb-bf8f-bb1ca05694ae@group-F34A6D962FBB: changes role from  FOLLOWER to CANDIDATE at term 1 for changeToCandidate
2021-12-02 14:31:40,747 [8698f9c0-0d63-4edb-bf8f-bb1ca05694ae@group-F34A6D962FBB-FollowerState] INFO  server.RaftServerConfigKeys (ConfUtils.java:logGet(44)) - raft.server.leaderelection.pre-vote = false (custom)
2021-12-02 14:31:40,747 [8698f9c0-0d63-4edb-bf8f-bb1ca05694ae@group-F34A6D962FBB-FollowerState] INFO  impl.RoleInfo (RoleInfo.java:updateAndGet(130)) - 8698f9c0-0d63-4edb-bf8f-bb1ca05694ae: start 8698f9c0-0d63-4edb-bf8f-bb1ca05694ae@group-F34A6D962FBB-LeaderElection123
2021-12-02 14:31:40,753 [8698f9c0-0d63-4edb-bf8f-bb1ca05694ae@group-F34A6D962FBB-LeaderElection123] INFO  impl.LeaderElection (LeaderElection.java:askForVotes(306)) - 8698f9c0-0d63-4edb-bf8f-bb1ca05694ae@group-F34A6D962FBB-LeaderElection123 ELECTION round 0: submit vote requests at term 2 for -1: [a7b6a586-909c-47a7-a818-e434e5672216|rpc:10.1.0.16:38677|dataStream:|priority:1, 8698f9c0-0d63-4edb-bf8f-bb1ca05694ae|rpc:10.1.0.16:46057|dataStream:|priority:0, 277b06ce-74e8-46b5-b9ba-0eaaec62ec87|rpc:10.1.0.16:37685|dataStream:|priority:0], old=null
2021-12-02 14:31:40,757 [grpc-default-executor-5] INFO  server.RaftServer$Division (RaftServerImpl.java:requestVote(1046)) - a7b6a586-909c-47a7-a818-e434e5672216@group-F34A6D962FBB: receive requestVote(ELECTION, 8698f9c0-0d63-4edb-bf8f-bb1ca05694ae, group-F34A6D962FBB, 2, (t:0, i:0))
2021-12-02 14:31:40,757 [grpc-default-executor-5] INFO  impl.VoteContext (VoteContext.java:log(48)) - a7b6a586-909c-47a7-a818-e434e5672216@group-F34A6D962FBB-FOLLOWER: reject ELECTION from 8698f9c0-0d63-4edb-bf8f-bb1ca05694ae: our priority 1 > candidate's priority 0
2021-12-02 14:31:40,757 [grpc-default-executor-5] INFO  server.RaftServer$Division (RaftServerImpl.java:setRole(290)) - a7b6a586-909c-47a7-a818-e434e5672216@group-F34A6D962FBB: changes role from  FOLLOWER to FOLLOWER at term 2 for candidate:8698f9c0-0d63-4edb-bf8f-bb1ca05694ae
2021-12-02 14:31:40,757 [grpc-default-executor-5] INFO  impl.RoleInfo (RoleInfo.java:shutdownFollowerState(108)) - a7b6a586-909c-47a7-a818-e434e5672216: shutdown a7b6a586-909c-47a7-a818-e434e5672216@group-F34A6D962FBB-FollowerState
2021-12-02 14:31:40,758 [grpc-default-executor-5] INFO  impl.RoleInfo (RoleInfo.java:updateAndGet(130)) - a7b6a586-909c-47a7-a818-e434e5672216: start a7b6a586-909c-47a7-a818-e434e5672216@group-F34A6D962FBB-FollowerState
2021-12-02 14:31:40,765 [grpc-default-executor-5] INFO  server.RaftServer$Division (RaftServerImpl.java:requestVote(1078)) - a7b6a586-909c-47a7-a818-e434e5672216@group-F34A6D962FBB replies to ELECTION vote request: 8698f9c0-0d63-4edb-bf8f-bb1ca05694ae<-a7b6a586-909c-47a7-a818-e434e5672216#0:FAIL-t2. Peer's state: a7b6a586-909c-47a7-a818-e434e5672216@group-F34A6D962FBB:t2, leader=null, voted=null, raftlog=a7b6a586-909c-47a7-a818-e434e5672216@group-F34A6D962FBB-SegmentedRaftLog:OPENED:c-1, conf=-1: [a7b6a586-909c-47a7-a818-e434e5672216|rpc:10.1.0.16:38677|dataStream:|priority:1, 8698f9c0-0d63-4edb-bf8f-bb1ca05694ae|rpc:10.1.0.16:46057|dataStream:|priority:0, 277b06ce-74e8-46b5-b9ba-0eaaec62ec87|rpc:10.1.0.16:37685|dataStream:|priority:0], old=null
2021-12-02 14:31:40,766 [8698f9c0-0d63-4edb-bf8f-bb1ca05694ae@group-F34A6D962FBB-LeaderElection123] INFO  impl.LeaderElection (LeaderElection.java:logAndReturn(89)) - 8698f9c0-0d63-4edb-bf8f-bb1ca05694ae@group-F34A6D962FBB-LeaderElection123: ELECTION REJECTED received 1 response(s) and 0 exception(s):
2021-12-02 14:31:40,766 [8698f9c0-0d63-4edb-bf8f-bb1ca05694ae@group-F34A6D962FBB-LeaderElection123] INFO  impl.LeaderElection (LeaderElection.java:logAndReturn(93)) -   Response 0: 8698f9c0-0d63-4edb-bf8f-bb1ca05694ae<-a7b6a586-909c-47a7-a818-e434e5672216#0:FAIL-t2
2021-12-02 14:31:40,766 [8698f9c0-0d63-4edb-bf8f-bb1ca05694ae@group-F34A6D962FBB-LeaderElection123] INFO  impl.LeaderElection (LeaderElection.java:askForVotes(308)) - 8698f9c0-0d63-4edb-bf8f-bb1ca05694ae@group-F34A6D962FBB-LeaderElection123 ELECTION round 0: result REJECTED
2021-12-02 14:31:40,766 [8698f9c0-0d63-4edb-bf8f-bb1ca05694ae@group-F34A6D962FBB-LeaderElection123] INFO  server.RaftServer$Division (RaftServerImpl.java:setRole(290)) - 8698f9c0-0d63-4edb-bf8f-bb1ca05694ae@group-F34A6D962FBB: changes role from CANDIDATE to FOLLOWER at term 2 for REJECTED
2021-12-02 14:31:40,766 [8698f9c0-0d63-4edb-bf8f-bb1ca05694ae@group-F34A6D962FBB-LeaderElection123] INFO  impl.RoleInfo (RoleInfo.java:shutdownLeaderElection(121)) - 8698f9c0-0d63-4edb-bf8f-bb1ca05694ae: shutdown 8698f9c0-0d63-4edb-bf8f-bb1ca05694ae@group-F34A6D962FBB-LeaderElection123
2021-12-02 14:31:40,766 [8698f9c0-0d63-4edb-bf8f-bb1ca05694ae@group-F34A6D962FBB-LeaderElection123] INFO  impl.RoleInfo (RoleInfo.java:updateAndGet(130)) - 8698f9c0-0d63-4edb-bf8f-bb1ca05694ae: start 8698f9c0-0d63-4edb-bf8f-bb1ca05694ae@group-F34A6D962FBB-FollowerState
2021-12-02 14:31:40,767 [grpc-default-executor-2] INFO  server.RaftServer$Division (RaftServerImpl.java:requestVote(1046)) - 277b06ce-74e8-46b5-b9ba-0eaaec62ec87@group-F34A6D962FBB: receive requestVote(ELECTION, 8698f9c0-0d63-4edb-bf8f-bb1ca05694ae, group-F34A6D962FBB, 2, (t:0, i:0))
2021-12-02 14:31:40,767 [grpc-default-executor-2] INFO  impl.VoteContext (VoteContext.java:log(48)) - 277b06ce-74e8-46b5-b9ba-0eaaec62ec87@group-F34A6D962FBB-FOLLOWER: accept ELECTION from 8698f9c0-0d63-4edb-bf8f-bb1ca05694ae: our priority 0 <= candidate's priority 0
2021-12-02 14:31:40,767 [grpc-default-executor-2] INFO  server.RaftServer$Division (RaftServerImpl.java:setRole(290)) - 277b06ce-74e8-46b5-b9ba-0eaaec62ec87@group-F34A6D962FBB: changes role from  FOLLOWER to FOLLOWER at term 2 for candidate:8698f9c0-0d63-4edb-bf8f-bb1ca05694ae
2021-12-02 14:31:40,767 [grpc-default-executor-2] INFO  impl.RoleInfo (RoleInfo.java:shutdownFollowerState(108)) - 277b06ce-74e8-46b5-b9ba-0eaaec62ec87: shutdown 277b06ce-74e8-46b5-b9ba-0eaaec62ec87@group-F34A6D962FBB-FollowerState
2021-12-02 14:31:40,769 [277b06ce-74e8-46b5-b9ba-0eaaec62ec87@group-F34A6D962FBB-FollowerState] INFO  impl.FollowerState (FollowerState.java:run(127)) - 277b06ce-74e8-46b5-b9ba-0eaaec62ec87@group-F34A6D962FBB-FollowerState: Stopping now (isRunning? false, isFollower? true)
2021-12-02 14:31:40,796 [a7b6a586-909c-47a7-a818-e434e5672216@group-F34A6D962FBB-FollowerState] INFO  impl.FollowerState (FollowerState.java:run(143)) - a7b6a586-909c-47a7-a818-e434e5672216@group-F34A6D962FBB-FollowerState was interrupted: {}
java.lang.InterruptedException: sleep interrupted
	at java.lang.Thread.sleep(Native Method)
	at java.lang.Thread.sleep(Thread.java:340)
	at java.util.concurrent.TimeUnit.sleep(TimeUnit.java:386)
	at org.apache.ratis.util.TimeDuration.sleep(TimeDuration.java:324)
	at org.apache.ratis.util.TimeDuration.sleep(TimeDuration.java:309)
	at org.apache.ratis.server.impl.FollowerState.run(FollowerState.java:118)
2021-12-02 14:31:40,797 [grpc-default-executor-2] INFO  impl.RoleInfo (RoleInfo.java:updateAndGet(130)) - 277b06ce-74e8-46b5-b9ba-0eaaec62ec87: start 277b06ce-74e8-46b5-b9ba-0eaaec62ec87@group-F34A6D962FBB-FollowerState
2021-12-02 14:31:40,819 [grpc-default-executor-2] INFO  server.RaftServer$Division (RaftServerImpl.java:requestVote(1078)) - 277b06ce-74e8-46b5-b9ba-0eaaec62ec87@group-F34A6D962FBB replies to ELECTION vote request: 8698f9c0-0d63-4edb-bf8f-bb1ca05694ae<-277b06ce-74e8-46b5-b9ba-0eaaec62ec87#0:OK-t2. Peer's state: 277b06ce-74e8-46b5-b9ba-0eaaec62ec87@group-F34A6D962FBB:t2, leader=null, voted=8698f9c0-0d63-4edb-bf8f-bb1ca05694ae, raftlog=277b06ce-74e8-46b5-b9ba-0eaaec62ec87@group-F34A6D962FBB-SegmentedRaftLog:OPENED:c-1, conf=-1: [a7b6a586-909c-47a7-a818-e434e5672216|rpc:10.1.0.16:38677|priority:1, 8698f9c0-0d63-4edb-bf8f-bb1ca05694ae|rpc:10.1.0.16:46057|priority:0, 277b06ce-74e8-46b5-b9ba-0eaaec62ec87|rpc:10.1.0.16:37685|priority:0], old=null
14:31:40.837 [grpc-default-executor-1] ERROR DNAudit - user=null | ip=null | op=PUT_BLOCK {blockData=[blockId=conID: 1 locID: 107544261427200001 bcsId: 0, size=650]} | ret=FAILURE
org.apache.hadoop.hdds.scm.container.common.helpers.ContainerNotOpenException: Container 1 in CLOSED state
	at org.apache.hadoop.ozone.container.common.impl.HddsDispatcher.validateContainerCommand(HddsDispatcher.java:481) ~[hdds-container-service-1.3.0-SNAPSHOT.jar:?]
	at org.apache.hadoop.ozone.container.common.transport.server.ratis.ContainerStateMachine.startTransaction(ContainerStateMachine.java:318) ~[hdds-container-service-1.3.0-SNAPSHOT.jar:?]
	at org.apache.ratis.server.impl.RaftServerImpl.submitClientRequestAsync(RaftServerImpl.java:797) ~[ratis-server-2.2.0.jar:2.2.0]
	at org.apache.ratis.server.impl.RaftServerProxy.lambda$submitClientRequestAsync$9(RaftServerProxy.java:417) ~[ratis-server-2.2.0.jar:2.2.0]
	at org.apache.ratis.server.impl.RaftServerProxy.lambda$null$7(RaftServerProxy.java:412) ~[ratis-server-2.2.0.jar:2.2.0]
	at org.apache.ratis.util.JavaUtils.callAsUnchecked(JavaUtils.java:115) ~[ratis-common-2.2.0.jar:2.2.0]
	at org.apache.ratis.server.impl.RaftServerProxy.lambda$submitRequest$8(RaftServerProxy.java:412) ~[ratis-server-2.2.0.jar:2.2.0]
	at java.util.concurrent.CompletableFuture.uniComposeStage(CompletableFuture.java:995) ~[?:1.8.0_292]
	at java.util.concurrent.CompletableFuture.thenCompose(CompletableFuture.java:2137) ~[?:1.8.0_292]
	at org.apache.ratis.server.impl.RaftServerProxy.submitRequest(RaftServerProxy.java:411) ~[ratis-server-2.2.0.jar:2.2.0]
	at org.apache.ratis.server.impl.RaftServerProxy.submitClientRequestAsync(RaftServerProxy.java:417) ~[ratis-server-2.2.0.jar:2.2.0]
	at org.apache.ratis.grpc.client.GrpcClientProtocolService$RequestStreamObserver.processClientRequest(GrpcClientProtocolService.java:222) ~[ratis-grpc-2.2.0.jar:2.2.0]
	at org.apache.ratis.grpc.client.GrpcClientProtocolService$OrderedRequestStreamObserver.processClientRequest(GrpcClientProtocolService.java:328) ~[ratis-grpc-2.2.0.jar:2.2.0]
	at org.apache.ratis.util.SlidingWindow$Server.processRequestsFromHead(SlidingWindow.java:431) [ratis-common-2.2.0.jar:2.2.0]
	at org.apache.ratis.util.SlidingWindow$Server.receivedRequest(SlidingWindow.java:423) [ratis-common-2.2.0.jar:2.2.0]
	at org.apache.ratis.grpc.client.GrpcClientProtocolService$OrderedRequestStreamObserver.processClientRequest(GrpcClientProtocolService.java:352) [ratis-grpc-2.2.0.jar:2.2.0]
	at org.apache.ratis.grpc.client.GrpcClientProtocolService$RequestStreamObserver.onNext(GrpcClientProtocolService.java:242) [ratis-grpc-2.2.0.jar:2.2.0]
	at org.apache.ratis.grpc.client.GrpcClientProtocolService$RequestStreamObserver.onNext(GrpcClientProtocolService.java:165) [ratis-grpc-2.2.0.jar:2.2.0]
	at org.apache.ratis.thirdparty.io.grpc.stub.ServerCalls$StreamingServerCallHandler$StreamingServerCallListener.onMessage(ServerCalls.java:255) [ratis-thirdparty-misc-0.7.0.jar:0.7.0]
	at org.apache.ratis.thirdparty.io.grpc.ForwardingServerCallListener.onMessage(ForwardingServerCallListener.java:33) [ratis-thirdparty-misc-0.7.0.jar:0.7.0]
	at org.apache.ratis.thirdparty.io.grpc.internal.ServerCallImpl$ServerStreamListenerImpl.messagesAvailableInternal(ServerCallImpl.java:309) [ratis-thirdparty-misc-0.7.0.jar:0.7.0]
	at org.apache.ratis.thirdparty.io.grpc.internal.ServerCallImpl$ServerStreamListenerImpl.messagesAvailable(ServerCallImpl.java:292) [ratis-thirdparty-misc-0.7.0.jar:0.7.0]
	at org.apache.ratis.thirdparty.io.grpc.internal.ServerImpl$JumpToApplicationThreadServerStreamListener$1MessagesAvailable.runInContext(ServerImpl.java:782) [ratis-thirdparty-misc-0.7.0.jar:0.7.0]
	at org.apache.ratis.thirdparty.io.grpc.internal.ContextRunnable.run(ContextRunnable.java:37) [ratis-thirdparty-misc-0.7.0.jar:0.7.0]
	at org.apache.ratis.thirdparty.io.grpc.internal.SerializingExecutor.run(SerializingExecutor.java:123) [ratis-thirdparty-misc-0.7.0.jar:0.7.0]
	at java.util.concurrent.ThreadPoolExecutor.runWorker(ThreadPoolExecutor.java:1149) [?:1.8.0_292]
	at java.util.concurrent.ThreadPoolExecutor$Worker.run(ThreadPoolExecutor.java:624) [?:1.8.0_292]
	at java.lang.Thread.run(Thread.java:748) [?:1.8.0_292]
2021-12-02 14:31:40,864 [8698f9c0-0d63-4edb-bf8f-bb1ca05694ae@group-218C52D3B0E5-FollowerState] INFO  impl.FollowerState (FollowerState.java:run(134)) - 8698f9c0-0d63-4edb-bf8f-bb1ca05694ae@group-218C52D3B0E5-FollowerState: change to CANDIDATE, lastRpcElapsedTime:5016382377ns, electionTimeout:5003ms
2021-12-02 14:31:40,864 [8698f9c0-0d63-4edb-bf8f-bb1ca05694ae@group-218C52D3B0E5-FollowerState] INFO  impl.RoleInfo (RoleInfo.java:shutdownFollowerState(108)) - 8698f9c0-0d63-4edb-bf8f-bb1ca05694ae: shutdown 8698f9c0-0d63-4edb-bf8f-bb1ca05694ae@group-218C52D3B0E5-FollowerState
2021-12-02 14:31:40,864 [8698f9c0-0d63-4edb-bf8f-bb1ca05694ae@group-218C52D3B0E5-FollowerState] INFO  server.RaftServer$Division (RaftServerImpl.java:setRole(290)) - 8698f9c0-0d63-4edb-bf8f-bb1ca05694ae@group-218C52D3B0E5: changes role from  FOLLOWER to CANDIDATE at term 1 for changeToCandidate
2021-12-02 14:31:40,864 [8698f9c0-0d63-4edb-bf8f-bb1ca05694ae@group-218C52D3B0E5-FollowerState] INFO  server.RaftServerConfigKeys (ConfUtils.java:logGet(44)) - raft.server.leaderelection.pre-vote = false (custom)
2021-12-02 14:31:40,865 [8698f9c0-0d63-4edb-bf8f-bb1ca05694ae@group-218C52D3B0E5-FollowerState] INFO  impl.RoleInfo (RoleInfo.java:updateAndGet(130)) - 8698f9c0-0d63-4edb-bf8f-bb1ca05694ae: start 8698f9c0-0d63-4edb-bf8f-bb1ca05694ae@group-218C52D3B0E5-LeaderElection124
2021-12-02 14:31:40,896 [8698f9c0-0d63-4edb-bf8f-bb1ca05694ae@group-218C52D3B0E5-LeaderElection124] INFO  impl.LeaderElection (LeaderElection.java:askForVotes(306)) - 8698f9c0-0d63-4edb-bf8f-bb1ca05694ae@group-218C52D3B0E5-LeaderElection124 ELECTION round 0: submit vote requests at term 2 for -1: [a7b6a586-909c-47a7-a818-e434e5672216|rpc:10.1.0.16:38677|dataStream:|priority:0, 8698f9c0-0d63-4edb-bf8f-bb1ca05694ae|rpc:10.1.0.16:46057|dataStream:|priority:1, 277b06ce-74e8-46b5-b9ba-0eaaec62ec87|rpc:10.1.0.16:37685|dataStream:|priority:0], old=null
2021-12-02 14:31:40,897 [grpc-default-executor-2] INFO  server.RaftServer$Division (RaftServerImpl.java:requestVote(1046)) - a7b6a586-909c-47a7-a818-e434e5672216@group-218C52D3B0E5: receive requestVote(ELECTION, 8698f9c0-0d63-4edb-bf8f-bb1ca05694ae, group-218C52D3B0E5, 2, (t:0, i:0))
2021-12-02 14:31:40,898 [grpc-default-executor-5] INFO  server.RaftServer$Division (RaftServerImpl.java:requestVote(1046)) - 277b06ce-74e8-46b5-b9ba-0eaaec62ec87@group-218C52D3B0E5: receive requestVote(ELECTION, 8698f9c0-0d63-4edb-bf8f-bb1ca05694ae, group-218C52D3B0E5, 2, (t:0, i:0))
2021-12-02 14:31:40,898 [grpc-default-executor-5] INFO  impl.VoteContext (VoteContext.java:log(48)) - 277b06ce-74e8-46b5-b9ba-0eaaec62ec87@group-218C52D3B0E5-FOLLOWER: accept ELECTION from 8698f9c0-0d63-4edb-bf8f-bb1ca05694ae: our priority 0 <= candidate's priority 1
2021-12-02 14:31:40,898 [grpc-default-executor-5] INFO  server.RaftServer$Division (RaftServerImpl.java:setRole(290)) - 277b06ce-74e8-46b5-b9ba-0eaaec62ec87@group-218C52D3B0E5: changes role from  FOLLOWER to FOLLOWER at term 2 for candidate:8698f9c0-0d63-4edb-bf8f-bb1ca05694ae
2021-12-02 14:31:40,898 [grpc-default-executor-5] INFO  impl.RoleInfo (RoleInfo.java:shutdownFollowerState(108)) - 277b06ce-74e8-46b5-b9ba-0eaaec62ec87: shutdown 277b06ce-74e8-46b5-b9ba-0eaaec62ec87@group-218C52D3B0E5-FollowerState
2021-12-02 14:31:40,898 [grpc-default-executor-5] INFO  impl.RoleInfo (RoleInfo.java:updateAndGet(130)) - 277b06ce-74e8-46b5-b9ba-0eaaec62ec87: start 277b06ce-74e8-46b5-b9ba-0eaaec62ec87@group-218C52D3B0E5-FollowerState
2021-12-02 14:31:40,898 [277b06ce-74e8-46b5-b9ba-0eaaec62ec87@group-218C52D3B0E5-FollowerState] INFO  impl.FollowerState (FollowerState.java:run(143)) - 277b06ce-74e8-46b5-b9ba-0eaaec62ec87@group-218C52D3B0E5-FollowerState was interrupted: {}
java.lang.InterruptedException: sleep interrupted
	at java.lang.Thread.sleep(Native Method)
	at java.lang.Thread.sleep(Thread.java:340)
	at java.util.concurrent.TimeUnit.sleep(TimeUnit.java:386)
	at org.apache.ratis.util.TimeDuration.sleep(TimeDuration.java:324)
	at org.apache.ratis.util.TimeDuration.sleep(TimeDuration.java:309)
	at org.apache.ratis.server.impl.FollowerState.run(FollowerState.java:118)
2021-12-02 14:31:40,951 [grpc-default-executor-2] INFO  impl.VoteContext (VoteContext.java:log(48)) - a7b6a586-909c-47a7-a818-e434e5672216@group-218C52D3B0E5-FOLLOWER: accept ELECTION from 8698f9c0-0d63-4edb-bf8f-bb1ca05694ae: our priority 0 <= candidate's priority 1
2021-12-02 14:31:40,951 [grpc-default-executor-2] INFO  server.RaftServer$Division (RaftServerImpl.java:setRole(290)) - a7b6a586-909c-47a7-a818-e434e5672216@group-218C52D3B0E5: changes role from  FOLLOWER to FOLLOWER at term 2 for candidate:8698f9c0-0d63-4edb-bf8f-bb1ca05694ae
2021-12-02 14:31:40,951 [grpc-default-executor-2] INFO  impl.RoleInfo (RoleInfo.java:shutdownFollowerState(108)) - a7b6a586-909c-47a7-a818-e434e5672216: shutdown a7b6a586-909c-47a7-a818-e434e5672216@group-218C52D3B0E5-FollowerState
2021-12-02 14:31:40,951 [grpc-default-executor-2] INFO  impl.RoleInfo (RoleInfo.java:updateAndGet(130)) - a7b6a586-909c-47a7-a818-e434e5672216: start a7b6a586-909c-47a7-a818-e434e5672216@group-218C52D3B0E5-FollowerState
14:31:40.962 [grpc-default-executor-1] ERROR DNAudit - user=null | ip=null | op=WRITE_CHUNK {blockData=conID: 1 locID: 107544261427200001 bcsId: 12} | ret=FAILURE
org.apache.hadoop.hdds.scm.container.common.helpers.ContainerNotOpenException: Container 1 in CLOSED state
	at org.apache.hadoop.ozone.container.common.impl.HddsDispatcher.validateContainerCommand(HddsDispatcher.java:481) ~[hdds-container-service-1.3.0-SNAPSHOT.jar:?]
	at org.apache.hadoop.ozone.container.common.transport.server.ratis.ContainerStateMachine.startTransaction(ContainerStateMachine.java:318) ~[hdds-container-service-1.3.0-SNAPSHOT.jar:?]
	at org.apache.ratis.server.impl.RaftServerImpl.submitClientRequestAsync(RaftServerImpl.java:797) ~[ratis-server-2.2.0.jar:2.2.0]
	at org.apache.ratis.server.impl.RaftServerProxy.lambda$submitClientRequestAsync$9(RaftServerProxy.java:417) ~[ratis-server-2.2.0.jar:2.2.0]
	at org.apache.ratis.server.impl.RaftServerProxy.lambda$null$7(RaftServerProxy.java:412) ~[ratis-server-2.2.0.jar:2.2.0]
	at org.apache.ratis.util.JavaUtils.callAsUnchecked(JavaUtils.java:115) ~[ratis-common-2.2.0.jar:2.2.0]
	at org.apache.ratis.server.impl.RaftServerProxy.lambda$submitRequest$8(RaftServerProxy.java:412) ~[ratis-server-2.2.0.jar:2.2.0]
	at java.util.concurrent.CompletableFuture.uniComposeStage(CompletableFuture.java:995) ~[?:1.8.0_292]
	at java.util.concurrent.CompletableFuture.thenCompose(CompletableFuture.java:2137) ~[?:1.8.0_292]
	at org.apache.ratis.server.impl.RaftServerProxy.submitRequest(RaftServerProxy.java:411) ~[ratis-server-2.2.0.jar:2.2.0]
	at org.apache.ratis.server.impl.RaftServerProxy.submitClientRequestAsync(RaftServerProxy.java:417) ~[ratis-server-2.2.0.jar:2.2.0]
	at org.apache.ratis.grpc.client.GrpcClientProtocolService$RequestStreamObserver.processClientRequest(GrpcClientProtocolService.java:222) ~[ratis-grpc-2.2.0.jar:2.2.0]
	at org.apache.ratis.grpc.client.GrpcClientProtocolService$OrderedRequestStreamObserver.processClientRequest(GrpcClientProtocolService.java:328) ~[ratis-grpc-2.2.0.jar:2.2.0]
	at org.apache.ratis.util.SlidingWindow$Server.processRequestsFromHead(SlidingWindow.java:431) [ratis-common-2.2.0.jar:2.2.0]
	at org.apache.ratis.util.SlidingWindow$Server.receivedRequest(SlidingWindow.java:423) [ratis-common-2.2.0.jar:2.2.0]
	at org.apache.ratis.grpc.client.GrpcClientProtocolService$OrderedRequestStreamObserver.processClientRequest(GrpcClientProtocolService.java:352) [ratis-grpc-2.2.0.jar:2.2.0]
	at org.apache.ratis.grpc.client.GrpcClientProtocolService$RequestStreamObserver.onNext(GrpcClientProtocolService.java:242) [ratis-grpc-2.2.0.jar:2.2.0]
	at org.apache.ratis.grpc.client.GrpcClientProtocolService$RequestStreamObserver.onNext(GrpcClientProtocolService.java:165) [ratis-grpc-2.2.0.jar:2.2.0]
	at org.apache.ratis.thirdparty.io.grpc.stub.ServerCalls$StreamingServerCallHandler$StreamingServerCallListener.onMessage(ServerCalls.java:255) [ratis-thirdparty-misc-0.7.0.jar:0.7.0]
	at org.apache.ratis.thirdparty.io.grpc.ForwardingServerCallListener.onMessage(ForwardingServerCallListener.java:33) [ratis-thirdparty-misc-0.7.0.jar:0.7.0]
	at org.apache.ratis.thirdparty.io.grpc.internal.ServerCallImpl$ServerStreamListenerImpl.messagesAvailableInternal(ServerCallImpl.java:309) [ratis-thirdparty-misc-0.7.0.jar:0.7.0]
	at org.apache.ratis.thirdparty.io.grpc.internal.ServerCallImpl$ServerStreamListenerImpl.messagesAvailable(ServerCallImpl.java:292) [ratis-thirdparty-misc-0.7.0.jar:0.7.0]
	at org.apache.ratis.thirdparty.io.grpc.internal.ServerImpl$JumpToApplicationThreadServerStreamListener$1MessagesAvailable.runInContext(ServerImpl.java:782) [ratis-thirdparty-misc-0.7.0.jar:0.7.0]
	at org.apache.ratis.thirdparty.io.grpc.internal.ContextRunnable.run(ContextRunnable.java:37) [ratis-thirdparty-misc-0.7.0.jar:0.7.0]
	at org.apache.ratis.thirdparty.io.grpc.internal.SerializingExecutor.run(SerializingExecutor.java:123) [ratis-thirdparty-misc-0.7.0.jar:0.7.0]
	at java.util.concurrent.ThreadPoolExecutor.runWorker(ThreadPoolExecutor.java:1149) [?:1.8.0_292]
	at java.util.concurrent.ThreadPoolExecutor$Worker.run(ThreadPoolExecutor.java:624) [?:1.8.0_292]
	at java.lang.Thread.run(Thread.java:748) [?:1.8.0_292]
2021-12-02 14:31:40,976 [grpc-default-executor-2] INFO  server.RaftServer$Division (RaftServerImpl.java:requestVote(1078)) - a7b6a586-909c-47a7-a818-e434e5672216@group-218C52D3B0E5 replies to ELECTION vote request: 8698f9c0-0d63-4edb-bf8f-bb1ca05694ae<-a7b6a586-909c-47a7-a818-e434e5672216#0:OK-t2. Peer's state: a7b6a586-909c-47a7-a818-e434e5672216@group-218C52D3B0E5:t2, leader=null, voted=8698f9c0-0d63-4edb-bf8f-bb1ca05694ae, raftlog=a7b6a586-909c-47a7-a818-e434e5672216@group-218C52D3B0E5-SegmentedRaftLog:OPENED:c-1, conf=-1: [a7b6a586-909c-47a7-a818-e434e5672216|rpc:10.1.0.16:38677|dataStream:|priority:0, 8698f9c0-0d63-4edb-bf8f-bb1ca05694ae|rpc:10.1.0.16:46057|dataStream:|priority:1, 277b06ce-74e8-46b5-b9ba-0eaaec62ec87|rpc:10.1.0.16:37685|dataStream:|priority:0], old=null
2021-12-02 14:31:40,977 [grpc-default-executor-5] INFO  server.RaftServer$Division (RaftServerImpl.java:requestVote(1078)) - 277b06ce-74e8-46b5-b9ba-0eaaec62ec87@group-218C52D3B0E5 replies to ELECTION vote request: 8698f9c0-0d63-4edb-bf8f-bb1ca05694ae<-277b06ce-74e8-46b5-b9ba-0eaaec62ec87#0:OK-t2. Peer's state: 277b06ce-74e8-46b5-b9ba-0eaaec62ec87@group-218C52D3B0E5:t2, leader=null, voted=8698f9c0-0d63-4edb-bf8f-bb1ca05694ae, raftlog=277b06ce-74e8-46b5-b9ba-0eaaec62ec87@group-218C52D3B0E5-SegmentedRaftLog:OPENED:c-1, conf=-1: [a7b6a586-909c-47a7-a818-e434e5672216|rpc:10.1.0.16:38677|priority:0, 8698f9c0-0d63-4edb-bf8f-bb1ca05694ae|rpc:10.1.0.16:46057|priority:1, 277b06ce-74e8-46b5-b9ba-0eaaec62ec87|rpc:10.1.0.16:37685|priority:0], old=null
2021-12-02 14:31:40,977 [a7b6a586-909c-47a7-a818-e434e5672216@group-218C52D3B0E5-FollowerState] INFO  impl.FollowerState (FollowerState.java:run(134)) - a7b6a586-909c-47a7-a818-e434e5672216@group-218C52D3B0E5-FollowerState: change to CANDIDATE, lastRpcElapsedTime:5145924199ns, electionTimeout:5036ms
2021-12-02 14:31:40,977 [a7b6a586-909c-47a7-a818-e434e5672216@group-218C52D3B0E5-FollowerState] INFO  impl.RoleInfo (RoleInfo.java:shutdownFollowerState(108)) - a7b6a586-909c-47a7-a818-e434e5672216: shutdown a7b6a586-909c-47a7-a818-e434e5672216@group-218C52D3B0E5-FollowerState
2021-12-02 14:31:40,977 [a7b6a586-909c-47a7-a818-e434e5672216@group-218C52D3B0E5-FollowerState] INFO  server.RaftServer$Division (RaftServerImpl.java:setRole(290)) - a7b6a586-909c-47a7-a818-e434e5672216@group-218C52D3B0E5: changes role from  FOLLOWER to CANDIDATE at term 2 for changeToCandidate
2021-12-02 14:31:40,977 [a7b6a586-909c-47a7-a818-e434e5672216@group-218C52D3B0E5-FollowerState] INFO  server.RaftServerConfigKeys (ConfUtils.java:logGet(44)) - raft.server.leaderelection.pre-vote = false (custom)
2021-12-02 14:31:40,977 [a7b6a586-909c-47a7-a818-e434e5672216@group-218C52D3B0E5-FollowerState] INFO  impl.RoleInfo (RoleInfo.java:updateAndGet(130)) - a7b6a586-909c-47a7-a818-e434e5672216: start a7b6a586-909c-47a7-a818-e434e5672216@group-218C52D3B0E5-LeaderElection125
2021-12-02 14:31:40,979 [a7b6a586-909c-47a7-a818-e434e5672216@group-218C52D3B0E5-FollowerState] INFO  impl.FollowerState (FollowerState.java:run(143)) - a7b6a586-909c-47a7-a818-e434e5672216@group-218C52D3B0E5-FollowerState was interrupted: {}
java.lang.InterruptedException: sleep interrupted
	at java.lang.Thread.sleep(Native Method)
	at java.lang.Thread.sleep(Thread.java:340)
	at java.util.concurrent.TimeUnit.sleep(TimeUnit.java:386)
	at org.apache.ratis.util.TimeDuration.sleep(TimeDuration.java:324)
	at org.apache.ratis.util.TimeDuration.sleep(TimeDuration.java:309)
	at org.apache.ratis.server.impl.FollowerState.run(FollowerState.java:118)
2021-12-02 14:31:40,982 [8698f9c0-0d63-4edb-bf8f-bb1ca05694ae@group-218C52D3B0E5-LeaderElection124] INFO  impl.LeaderElection (LeaderElection.java:logAndReturn(89)) - 8698f9c0-0d63-4edb-bf8f-bb1ca05694ae@group-218C52D3B0E5-LeaderElection124: ELECTION PASSED received 1 response(s) and 0 exception(s):
2021-12-02 14:31:40,982 [8698f9c0-0d63-4edb-bf8f-bb1ca05694ae@group-218C52D3B0E5-LeaderElection124] INFO  impl.LeaderElection (LeaderElection.java:logAndReturn(93)) -   Response 0: 8698f9c0-0d63-4edb-bf8f-bb1ca05694ae<-a7b6a586-909c-47a7-a818-e434e5672216#0:OK-t2
2021-12-02 14:31:40,982 [8698f9c0-0d63-4edb-bf8f-bb1ca05694ae@group-218C52D3B0E5-LeaderElection124] INFO  impl.LeaderElection (LeaderElection.java:askForVotes(308)) - 8698f9c0-0d63-4edb-bf8f-bb1ca05694ae@group-218C52D3B0E5-LeaderElection124 ELECTION round 0: result PASSED
2021-12-02 14:31:40,982 [8698f9c0-0d63-4edb-bf8f-bb1ca05694ae@group-218C52D3B0E5-LeaderElection124] INFO  impl.RoleInfo (RoleInfo.java:shutdownLeaderElection(121)) - 8698f9c0-0d63-4edb-bf8f-bb1ca05694ae: shutdown 8698f9c0-0d63-4edb-bf8f-bb1ca05694ae@group-218C52D3B0E5-LeaderElection124
2021-12-02 14:31:40,982 [8698f9c0-0d63-4edb-bf8f-bb1ca05694ae@group-218C52D3B0E5-LeaderElection124] INFO  server.RaftServer$Division (RaftServerImpl.java:setRole(290)) - 8698f9c0-0d63-4edb-bf8f-bb1ca05694ae@group-218C52D3B0E5: changes role from CANDIDATE to LEADER at term 2 for changeToLeader
2021-12-02 14:31:40,982 [8698f9c0-0d63-4edb-bf8f-bb1ca05694ae@group-218C52D3B0E5-LeaderElection124] INFO  ratis.XceiverServerRatis (XceiverServerRatis.java:handleLeaderChangedNotification(866)) - Leader change notification received for group: group-218C52D3B0E5 with new leaderId: 8698f9c0-0d63-4edb-bf8f-bb1ca05694ae
2021-12-02 14:31:40,982 [8698f9c0-0d63-4edb-bf8f-bb1ca05694ae@group-218C52D3B0E5-LeaderElection124] INFO  server.RaftServer$Division (ServerState.java:setLeader(285)) - 8698f9c0-0d63-4edb-bf8f-bb1ca05694ae@group-218C52D3B0E5: change Leader from null to 8698f9c0-0d63-4edb-bf8f-bb1ca05694ae at term 2 for becomeLeader, leader elected after 10334ms
2021-12-02 14:31:40,982 [8698f9c0-0d63-4edb-bf8f-bb1ca05694ae@group-218C52D3B0E5-LeaderElection124] INFO  server.RaftServerConfigKeys (ConfUtils.java:logGet(44)) - raft.server.staging.catchup.gap = 1000 (default)
2021-12-02 14:31:40,983 [EventQueue-PipelineReportForPipelineReportHandler] INFO  pipeline.PipelineManagerImpl (PipelineManagerImpl.java:openPipeline(289)) - Pipeline Pipeline[ Id: 86fd732d-83db-4bb4-8521-218c52d3b0e5, Nodes: 8698f9c0-0d63-4edb-bf8f-bb1ca05694ae{ip: 10.1.0.16, host: fv-az59-375.csjynl4pkq3e1pkirw3ssqjfoh.cx.internal.cloudapp.net, ports: [REPLICATION=42607, RATIS=46057, RATIS_ADMIN=46057, RATIS_SERVER=46057, STANDALONE=45611], networkLocation: /default-rack, certSerialId: null, persistedOpState: IN_SERVICE, persistedOpStateExpiryEpochSec: 0}277b06ce-74e8-46b5-b9ba-0eaaec62ec87{ip: 10.1.0.16, host: fv-az59-375.csjynl4pkq3e1pkirw3ssqjfoh.cx.internal.cloudapp.net, ports: [REPLICATION=41607, RATIS=37685, RATIS_ADMIN=37685, RATIS_SERVER=37685, STANDALONE=37559], networkLocation: /default-rack, certSerialId: null, persistedOpState: IN_SERVICE, persistedOpStateExpiryEpochSec: 0}a7b6a586-909c-47a7-a818-e434e5672216{ip: 10.1.0.16, host: fv-az59-375.csjynl4pkq3e1pkirw3ssqjfoh.cx.internal.cloudapp.net, ports: [REPLICATION=41303, RATIS=38677, RATIS_ADMIN=38677, RATIS_SERVER=38677, STANDALONE=45225], networkLocation: /default-rack, certSerialId: null, persistedOpState: IN_SERVICE, persistedOpStateExpiryEpochSec: 0}, ReplicationConfig: RATIS/THREE, State:ALLOCATED, leaderId:8698f9c0-0d63-4edb-bf8f-bb1ca05694ae, CreationTimestamp2021-12-02T14:31:28.274Z[Etc/UTC]] moved to OPEN state
2021-12-02 14:31:40,984 [8698f9c0-0d63-4edb-bf8f-bb1ca05694ae@group-218C52D3B0E5-LeaderElection124] INFO  server.RaftServerConfigKeys (ConfUtils.java:logGet(44)) - raft.server.write.element-limit = 1024 (custom)
2021-12-02 14:31:40,984 [8698f9c0-0d63-4edb-bf8f-bb1ca05694ae@group-218C52D3B0E5-LeaderElection124] INFO  server.RaftServerConfigKeys (ConfUtils.java:logGet(44)) - raft.server.write.byte-limit = 1024 M (=1073741824) (custom)
2021-12-02 14:31:40,985 [8698f9c0-0d63-4edb-bf8f-bb1ca05694ae@group-218C52D3B0E5-LeaderElection124] INFO  server.RaftServerConfigKeys (ConfUtils.java:logGet(44)) - raft.server.watch.timeout = 3000ms (custom)
2021-12-02 14:31:40,985 [8698f9c0-0d63-4edb-bf8f-bb1ca05694ae@group-218C52D3B0E5-LeaderElection124] INFO  server.RaftServerConfigKeys (ConfUtils.java:logGet(44)) - raft.server.watch.timeout.denomination = 1s (default)
2021-12-02 14:31:40,985 [8698f9c0-0d63-4edb-bf8f-bb1ca05694ae@group-218C52D3B0E5-LeaderElection124] INFO  server.RaftServerConfigKeys (ConfUtils.java:logGet(44)) - raft.server.watch.element-limit = 65536 (default)
2021-12-02 14:31:40,985 [8698f9c0-0d63-4edb-bf8f-bb1ca05694ae@group-218C52D3B0E5-LeaderElection124] INFO  server.RaftServerConfigKeys (ConfUtils.java:logGet(44)) - raft.server.write.element-limit = 1024 (custom)
2021-12-02 14:31:40,985 [8698f9c0-0d63-4edb-bf8f-bb1ca05694ae@group-218C52D3B0E5-LeaderElection124] INFO  server.RaftServerConfigKeys (ConfUtils.java:logGet(44)) - raft.server.write.follower.gap.ratio.max = -1.0 (default)
2021-12-02 14:31:40,985 [8698f9c0-0d63-4edb-bf8f-bb1ca05694ae@group-218C52D3B0E5-LeaderElection124] INFO  server.RaftServerConfigKeys (ConfUtils.java:logGet(44)) - raft.server.log.appender.snapshot.chunk.size.max = 16MB (=16777216) (default)
2021-12-02 14:31:40,985 [8698f9c0-0d63-4edb-bf8f-bb1ca05694ae@group-218C52D3B0E5-LeaderElection124] INFO  server.RaftServerConfigKeys (ConfUtils.java:logGet(44)) - raft.server.log.appender.buffer.byte-limit = 33554432 (custom)
2021-12-02 14:31:40,985 [8698f9c0-0d63-4edb-bf8f-bb1ca05694ae@group-218C52D3B0E5-LeaderElection124] INFO  server.RaftServerConfigKeys (ConfUtils.java:logGet(44)) - raft.server.log.appender.buffer.element-limit = 1 (custom)
2021-12-02 14:31:40,986 [8698f9c0-0d63-4edb-bf8f-bb1ca05694ae@group-218C52D3B0E5-LeaderElection124] INFO  grpc.GrpcConfigKeys (ConfUtils.java:logGet(44)) - raft.grpc.server.leader.outstanding.appends.max = 128 (default)
2021-12-02 14:31:40,986 [8698f9c0-0d63-4edb-bf8f-bb1ca05694ae@group-218C52D3B0E5-LeaderElection124] INFO  server.RaftServerConfigKeys (ConfUtils.java:logGet(44)) - raft.server.rpc.request.timeout = 3000ms (default)
2021-12-02 14:31:40,986 [8698f9c0-0d63-4edb-bf8f-bb1ca05694ae@group-218C52D3B0E5-LeaderElection124] INFO  server.RaftServerConfigKeys (ConfUtils.java:logGet(44)) - raft.server.log.appender.install.snapshot.enabled = false (custom)
2021-12-02 14:31:40,987 [8698f9c0-0d63-4edb-bf8f-bb1ca05694ae@group-218C52D3B0E5-LeaderElection124] INFO  server.RaftServerConfigKeys (ConfUtils.java:logGet(44)) - raft.server.log.appender.snapshot.chunk.size.max = 16MB (=16777216) (default)
2021-12-02 14:31:40,987 [8698f9c0-0d63-4edb-bf8f-bb1ca05694ae@group-218C52D3B0E5-LeaderElection124] INFO  server.RaftServerConfigKeys (ConfUtils.java:logGet(44)) - raft.server.log.appender.buffer.byte-limit = 33554432 (custom)
2021-12-02 14:31:40,988 [8698f9c0-0d63-4edb-bf8f-bb1ca05694ae@group-218C52D3B0E5-LeaderElection124] INFO  server.RaftServerConfigKeys (ConfUtils.java:logGet(44)) - raft.server.log.appender.buffer.element-limit = 1 (custom)
2021-12-02 14:31:40,988 [8698f9c0-0d63-4edb-bf8f-bb1ca05694ae@group-218C52D3B0E5-LeaderElection124] INFO  grpc.GrpcConfigKeys (ConfUtils.java:logGet(44)) - raft.grpc.server.leader.outstanding.appends.max = 128 (default)
2021-12-02 14:31:40,988 [8698f9c0-0d63-4edb-bf8f-bb1ca05694ae@group-218C52D3B0E5-LeaderElection124] INFO  server.RaftServerConfigKeys (ConfUtils.java:logGet(44)) - raft.server.rpc.request.timeout = 3000ms (default)
2021-12-02 14:31:40,988 [8698f9c0-0d63-4edb-bf8f-bb1ca05694ae@group-218C52D3B0E5-LeaderElection124] INFO  server.RaftServerConfigKeys (ConfUtils.java:logGet(44)) - raft.server.log.appender.install.snapshot.enabled = false (custom)
2021-12-02 14:31:40,989 [8698f9c0-0d63-4edb-bf8f-bb1ca05694ae@group-218C52D3B0E5-LeaderElection124] INFO  impl.RoleInfo (RoleInfo.java:updateAndGet(130)) - 8698f9c0-0d63-4edb-bf8f-bb1ca05694ae: start 8698f9c0-0d63-4edb-bf8f-bb1ca05694ae@group-218C52D3B0E5-LeaderStateImpl
2021-12-02 14:31:40,989 [8698f9c0-0d63-4edb-bf8f-bb1ca05694ae@group-218C52D3B0E5-LeaderElection124] INFO  segmented.SegmentedRaftLogWorker (SegmentedRaftLogWorker.java:startLogSegment(394)) - 8698f9c0-0d63-4edb-bf8f-bb1ca05694ae@group-218C52D3B0E5-SegmentedRaftLogWorker: Starting segment from index:0
2021-12-02 14:31:40,993 [8698f9c0-0d63-4edb-bf8f-bb1ca05694ae@group-218C52D3B0E5-SegmentedRaftLogWorker] INFO  segmented.SegmentedRaftLogWorker (SegmentedRaftLogWorker.java:execute(601)) - 8698f9c0-0d63-4edb-bf8f-bb1ca05694ae@group-218C52D3B0E5-SegmentedRaftLogWorker: created new log segment /home/runner/work/ozone/ozone/hadoop-ozone/integration-test/target/test-dir/MiniOzoneClusterImpl-fd94144e-5974-489a-b79f-b066564ba6f5/datanode-2/data/ratis/86fd732d-83db-4bb4-8521-218c52d3b0e5/current/log_inprogress_0
2021-12-02 14:31:40,999 [a7b6a586-909c-47a7-a818-e434e5672216@group-218C52D3B0E5-LeaderElection125] INFO  impl.LeaderElection (LeaderElection.java:askForVotes(306)) - a7b6a586-909c-47a7-a818-e434e5672216@group-218C52D3B0E5-LeaderElection125 ELECTION round 0: submit vote requests at term 3 for -1: [a7b6a586-909c-47a7-a818-e434e5672216|rpc:10.1.0.16:38677|dataStream:|priority:0, 8698f9c0-0d63-4edb-bf8f-bb1ca05694ae|rpc:10.1.0.16:46057|dataStream:|priority:1, 277b06ce-74e8-46b5-b9ba-0eaaec62ec87|rpc:10.1.0.16:37685|dataStream:|priority:0], old=null
14:31:41.025 [grpc-default-executor-2] ERROR DNAudit - user=null | ip=null | op=WRITE_CHUNK {blockData=conID: 1 locID: 107544261427200001 bcsId: 12} | ret=FAILURE
org.apache.hadoop.hdds.scm.container.common.helpers.ContainerNotOpenException: Container 1 in CLOSED state
	at org.apache.hadoop.ozone.container.common.impl.HddsDispatcher.validateContainerCommand(HddsDispatcher.java:481) ~[hdds-container-service-1.3.0-SNAPSHOT.jar:?]
	at org.apache.hadoop.ozone.container.common.transport.server.ratis.ContainerStateMachine.startTransaction(ContainerStateMachine.java:318) ~[hdds-container-service-1.3.0-SNAPSHOT.jar:?]
	at org.apache.ratis.server.impl.RaftServerImpl.submitClientRequestAsync(RaftServerImpl.java:797) ~[ratis-server-2.2.0.jar:2.2.0]
	at org.apache.ratis.server.impl.RaftServerProxy.lambda$submitClientRequestAsync$9(RaftServerProxy.java:417) ~[ratis-server-2.2.0.jar:2.2.0]
	at org.apache.ratis.server.impl.RaftServerProxy.lambda$null$7(RaftServerProxy.java:412) ~[ratis-server-2.2.0.jar:2.2.0]
	at org.apache.ratis.util.JavaUtils.callAsUnchecked(JavaUtils.java:115) ~[ratis-common-2.2.0.jar:2.2.0]
	at org.apache.ratis.server.impl.RaftServerProxy.lambda$submitRequest$8(RaftServerProxy.java:412) ~[ratis-server-2.2.0.jar:2.2.0]
	at java.util.concurrent.CompletableFuture.uniComposeStage(CompletableFuture.java:995) ~[?:1.8.0_292]
	at java.util.concurrent.CompletableFuture.thenCompose(CompletableFuture.java:2137) ~[?:1.8.0_292]
	at org.apache.ratis.server.impl.RaftServerProxy.submitRequest(RaftServerProxy.java:411) ~[ratis-server-2.2.0.jar:2.2.0]
	at org.apache.ratis.server.impl.RaftServerProxy.submitClientRequestAsync(RaftServerProxy.java:417) ~[ratis-server-2.2.0.jar:2.2.0]
	at org.apache.ratis.grpc.client.GrpcClientProtocolService$RequestStreamObserver.processClientRequest(GrpcClientProtocolService.java:222) ~[ratis-grpc-2.2.0.jar:2.2.0]
	at org.apache.ratis.grpc.client.GrpcClientProtocolService$OrderedRequestStreamObserver.processClientRequest(GrpcClientProtocolService.java:328) ~[ratis-grpc-2.2.0.jar:2.2.0]
	at org.apache.ratis.util.SlidingWindow$Server.processRequestsFromHead(SlidingWindow.java:431) [ratis-common-2.2.0.jar:2.2.0]
	at org.apache.ratis.util.SlidingWindow$Server.receivedRequest(SlidingWindow.java:423) [ratis-common-2.2.0.jar:2.2.0]
	at org.apache.ratis.grpc.client.GrpcClientProtocolService$OrderedRequestStreamObserver.processClientRequest(GrpcClientProtocolService.java:352) [ratis-grpc-2.2.0.jar:2.2.0]
	at org.apache.ratis.grpc.client.GrpcClientProtocolService$RequestStreamObserver.onNext(GrpcClientProtocolService.java:242) [ratis-grpc-2.2.0.jar:2.2.0]
	at org.apache.ratis.grpc.client.GrpcClientProtocolService$RequestStreamObserver.onNext(GrpcClientProtocolService.java:165) [ratis-grpc-2.2.0.jar:2.2.0]
	at org.apache.ratis.thirdparty.io.grpc.stub.ServerCalls$StreamingServerCallHandler$StreamingServerCallListener.onMessage(ServerCalls.java:255) [ratis-thirdparty-misc-0.7.0.jar:0.7.0]
	at org.apache.ratis.thirdparty.io.grpc.ForwardingServerCallListener.onMessage(ForwardingServerCallListener.java:33) [ratis-thirdparty-misc-0.7.0.jar:0.7.0]
	at org.apache.ratis.thirdparty.io.grpc.internal.ServerCallImpl$ServerStreamListenerImpl.messagesAvailableInternal(ServerCallImpl.java:309) [ratis-thirdparty-misc-0.7.0.jar:0.7.0]
	at org.apache.ratis.thirdparty.io.grpc.internal.ServerCallImpl$ServerStreamListenerImpl.messagesAvailable(ServerCallImpl.java:292) [ratis-thirdparty-misc-0.7.0.jar:0.7.0]
	at org.apache.ratis.thirdparty.io.grpc.internal.ServerImpl$JumpToApplicationThreadServerStreamListener$1MessagesAvailable.runInContext(ServerImpl.java:782) [ratis-thirdparty-misc-0.7.0.jar:0.7.0]
	at org.apache.ratis.thirdparty.io.grpc.internal.ContextRunnable.run(ContextRunnable.java:37) [ratis-thirdparty-misc-0.7.0.jar:0.7.0]
	at org.apache.ratis.thirdparty.io.grpc.internal.SerializingExecutor.run(SerializingExecutor.java:123) [ratis-thirdparty-misc-0.7.0.jar:0.7.0]
	at java.util.concurrent.ThreadPoolExecutor.runWorker(ThreadPoolExecutor.java:1149) [?:1.8.0_292]
	at java.util.concurrent.ThreadPoolExecutor$Worker.run(ThreadPoolExecutor.java:624) [?:1.8.0_292]
	at java.lang.Thread.run(Thread.java:748) [?:1.8.0_292]
2021-12-02 14:31:41,036 [grpc-default-executor-1] INFO  ratis.XceiverServerRatis (XceiverServerRatis.java:handleLeaderChangedNotification(866)) - Leader change notification received for group: group-218C52D3B0E5 with new leaderId: 8698f9c0-0d63-4edb-bf8f-bb1ca05694ae
2021-12-02 14:31:41,037 [grpc-default-executor-1] INFO  server.RaftServer$Division (ServerState.java:setLeader(285)) - 277b06ce-74e8-46b5-b9ba-0eaaec62ec87@group-218C52D3B0E5: change Leader from null to 8698f9c0-0d63-4edb-bf8f-bb1ca05694ae at term 2 for appendEntries, leader elected after 10447ms
14:31:41.037 [grpc-default-executor-2] ERROR DNAudit - user=null | ip=null | op=PUT_BLOCK {blockData=[blockId=conID: 1 locID: 107544261427200001 bcsId: 0, size=800]} | ret=FAILURE
org.apache.hadoop.hdds.scm.container.common.helpers.ContainerNotOpenException: Container 1 in CLOSED state
	at org.apache.hadoop.ozone.container.common.impl.HddsDispatcher.validateContainerCommand(HddsDispatcher.java:481) ~[hdds-container-service-1.3.0-SNAPSHOT.jar:?]
	at org.apache.hadoop.ozone.container.common.transport.server.ratis.ContainerStateMachine.startTransaction(ContainerStateMachine.java:318) ~[hdds-container-service-1.3.0-SNAPSHOT.jar:?]
	at org.apache.ratis.server.impl.RaftServerImpl.submitClientRequestAsync(RaftServerImpl.java:797) ~[ratis-server-2.2.0.jar:2.2.0]
	at org.apache.ratis.server.impl.RaftServerProxy.lambda$submitClientRequestAsync$9(RaftServerProxy.java:417) ~[ratis-server-2.2.0.jar:2.2.0]
	at org.apache.ratis.server.impl.RaftServerProxy.lambda$null$7(RaftServerProxy.java:412) ~[ratis-server-2.2.0.jar:2.2.0]
	at org.apache.ratis.util.JavaUtils.callAsUnchecked(JavaUtils.java:115) ~[ratis-common-2.2.0.jar:2.2.0]
	at org.apache.ratis.server.impl.RaftServerProxy.lambda$submitRequest$8(RaftServerProxy.java:412) ~[ratis-server-2.2.0.jar:2.2.0]
	at java.util.concurrent.CompletableFuture.uniComposeStage(CompletableFuture.java:995) ~[?:1.8.0_292]
	at java.util.concurrent.CompletableFuture.thenCompose(CompletableFuture.java:2137) ~[?:1.8.0_292]
	at org.apache.ratis.server.impl.RaftServerProxy.submitRequest(RaftServerProxy.java:411) ~[ratis-server-2.2.0.jar:2.2.0]
	at org.apache.ratis.server.impl.RaftServerProxy.submitClientRequestAsync(RaftServerProxy.java:417) ~[ratis-server-2.2.0.jar:2.2.0]
	at org.apache.ratis.grpc.client.GrpcClientProtocolService$RequestStreamObserver.processClientRequest(GrpcClientProtocolService.java:222) ~[ratis-grpc-2.2.0.jar:2.2.0]
	at org.apache.ratis.grpc.client.GrpcClientProtocolService$OrderedRequestStreamObserver.processClientRequest(GrpcClientProtocolService.java:328) ~[ratis-grpc-2.2.0.jar:2.2.0]
	at org.apache.ratis.util.SlidingWindow$Server.processRequestsFromHead(SlidingWindow.java:431) [ratis-common-2.2.0.jar:2.2.0]
	at org.apache.ratis.util.SlidingWindow$Server.receivedRequest(SlidingWindow.java:423) [ratis-common-2.2.0.jar:2.2.0]
	at org.apache.ratis.grpc.client.GrpcClientProtocolService$OrderedRequestStreamObserver.processClientRequest(GrpcClientProtocolService.java:352) [ratis-grpc-2.2.0.jar:2.2.0]
	at org.apache.ratis.grpc.client.GrpcClientProtocolService$RequestStreamObserver.onNext(GrpcClientProtocolService.java:242) [ratis-grpc-2.2.0.jar:2.2.0]
	at org.apache.ratis.grpc.client.GrpcClientProtocolService$RequestStreamObserver.onNext(GrpcClientProtocolService.java:165) [ratis-grpc-2.2.0.jar:2.2.0]
	at org.apache.ratis.thirdparty.io.grpc.stub.ServerCalls$StreamingServerCallHandler$StreamingServerCallListener.onMessage(ServerCalls.java:255) [ratis-thirdparty-misc-0.7.0.jar:0.7.0]
	at org.apache.ratis.thirdparty.io.grpc.ForwardingServerCallListener.onMessage(ForwardingServerCallListener.java:33) [ratis-thirdparty-misc-0.7.0.jar:0.7.0]
	at org.apache.ratis.thirdparty.io.grpc.internal.ServerCallImpl$ServerStreamListenerImpl.messagesAvailableInternal(ServerCallImpl.java:309) [ratis-thirdparty-misc-0.7.0.jar:0.7.0]
	at org.apache.ratis.thirdparty.io.grpc.internal.ServerCallImpl$ServerStreamListenerImpl.messagesAvailable(ServerCallImpl.java:292) [ratis-thirdparty-misc-0.7.0.jar:0.7.0]
	at org.apache.ratis.thirdparty.io.grpc.internal.ServerImpl$JumpToApplicationThreadServerStreamListener$1MessagesAvailable.runInContext(ServerImpl.java:782) [ratis-thirdparty-misc-0.7.0.jar:0.7.0]
	at org.apache.ratis.thirdparty.io.grpc.internal.ContextRunnable.run(ContextRunnable.java:37) [ratis-thirdparty-misc-0.7.0.jar:0.7.0]
	at org.apache.ratis.thirdparty.io.grpc.internal.SerializingExecutor.run(SerializingExecutor.java:123) [ratis-thirdparty-misc-0.7.0.jar:0.7.0]
	at java.util.concurrent.ThreadPoolExecutor.runWorker(ThreadPoolExecutor.java:1149) [?:1.8.0_292]
	at java.util.concurrent.ThreadPoolExecutor$Worker.run(ThreadPoolExecutor.java:624) [?:1.8.0_292]
	at java.lang.Thread.run(Thread.java:748) [?:1.8.0_292]
2021-12-02 14:31:41,078 [grpc-default-executor-2] INFO  server.RaftServer$Division (RaftServerImpl.java:requestVote(1046)) - 8698f9c0-0d63-4edb-bf8f-bb1ca05694ae@group-218C52D3B0E5: receive requestVote(ELECTION, a7b6a586-909c-47a7-a818-e434e5672216, group-218C52D3B0E5, 3, (t:0, i:0))
2021-12-02 14:31:41,088 [8698f9c0-0d63-4edb-bf8f-bb1ca05694ae@group-218C52D3B0E5-LeaderElection124] INFO  server.RaftServer$Division (ServerState.java:setRaftConf(387)) - 8698f9c0-0d63-4edb-bf8f-bb1ca05694ae@group-218C52D3B0E5: set configuration 0: [a7b6a586-909c-47a7-a818-e434e5672216|rpc:10.1.0.16:38677|dataStream:|priority:0, 8698f9c0-0d63-4edb-bf8f-bb1ca05694ae|rpc:10.1.0.16:46057|dataStream:|priority:1, 277b06ce-74e8-46b5-b9ba-0eaaec62ec87|rpc:10.1.0.16:37685|dataStream:|priority:0], old=null
2021-12-02 14:31:41,089 [grpc-default-executor-2] INFO  impl.VoteContext (VoteContext.java:log(48)) - 8698f9c0-0d63-4edb-bf8f-bb1ca05694ae@group-218C52D3B0E5-LEADER: reject ELECTION from a7b6a586-909c-47a7-a818-e434e5672216: our last entry (t:2, i:0) > candidate's last entry (t:0, i:0)
2021-12-02 14:31:41,089 [grpc-default-executor-2] INFO  server.RaftServer$Division (ServerState.java:setLeader(285)) - 8698f9c0-0d63-4edb-bf8f-bb1ca05694ae@group-218C52D3B0E5: change Leader from 8698f9c0-0d63-4edb-bf8f-bb1ca05694ae to null at term 3 for updateCurrentTerm
2021-12-02 14:31:41,089 [grpc-default-executor-2] INFO  server.RaftServer$Division (RaftServerImpl.java:setRole(290)) - 8698f9c0-0d63-4edb-bf8f-bb1ca05694ae@group-218C52D3B0E5: changes role from    LEADER to FOLLOWER at term 3 for candidate:a7b6a586-909c-47a7-a818-e434e5672216
2021-12-02 14:31:41,089 [grpc-default-executor-2] INFO  impl.RoleInfo (RoleInfo.java:shutdownLeaderState(91)) - 8698f9c0-0d63-4edb-bf8f-bb1ca05694ae: shutdown 8698f9c0-0d63-4edb-bf8f-bb1ca05694ae@group-218C52D3B0E5-LeaderStateImpl
2021-12-02 14:31:41,089 [grpc-default-executor-2] INFO  impl.PendingRequests (PendingRequests.java:sendNotLeaderResponses(282)) - 8698f9c0-0d63-4edb-bf8f-bb1ca05694ae@group-218C52D3B0E5-PendingRequests: sendNotLeaderResponses
2021-12-02 14:31:41,090 [grpc-default-executor-2] INFO  impl.RoleInfo (RoleInfo.java:updateAndGet(130)) - 8698f9c0-0d63-4edb-bf8f-bb1ca05694ae: start 8698f9c0-0d63-4edb-bf8f-bb1ca05694ae@group-218C52D3B0E5-FollowerState
2021-12-02 14:31:41,091 [8698f9c0-0d63-4edb-bf8f-bb1ca05694ae@group-218C52D3B0E5->a7b6a586-909c-47a7-a818-e434e5672216-GrpcLogAppender-LogAppenderDaemon] WARN  server.GrpcLogAppender (GrpcLogAppender.java:mayWait(177)) - 8698f9c0-0d63-4edb-bf8f-bb1ca05694ae@group-218C52D3B0E5->a7b6a586-909c-47a7-a818-e434e5672216-GrpcLogAppender: Wait interrupted by java.lang.InterruptedException
2021-12-02 14:31:41,091 [8698f9c0-0d63-4edb-bf8f-bb1ca05694ae@group-218C52D3B0E5->277b06ce-74e8-46b5-b9ba-0eaaec62ec87-GrpcLogAppender-LogAppenderDaemon] WARN  server.GrpcLogAppender (GrpcLogAppender.java:mayWait(177)) - 8698f9c0-0d63-4edb-bf8f-bb1ca05694ae@group-218C52D3B0E5->277b06ce-74e8-46b5-b9ba-0eaaec62ec87-GrpcLogAppender: Wait interrupted by java.lang.InterruptedException
2021-12-02 14:31:41,091 [grpc-default-executor-1] INFO  server.RaftServer$Division (ServerState.java:setRaftConf(387)) - 277b06ce-74e8-46b5-b9ba-0eaaec62ec87@group-218C52D3B0E5: set configuration 0: [a7b6a586-909c-47a7-a818-e434e5672216|rpc:10.1.0.16:38677|dataStream:|priority:0, 8698f9c0-0d63-4edb-bf8f-bb1ca05694ae|rpc:10.1.0.16:46057|dataStream:|priority:1, 277b06ce-74e8-46b5-b9ba-0eaaec62ec87|rpc:10.1.0.16:37685|dataStream:|priority:0], old=null
2021-12-02 14:31:41,092 [grpc-default-executor-1] INFO  segmented.SegmentedRaftLogWorker (SegmentedRaftLogWorker.java:startLogSegment(394)) - 277b06ce-74e8-46b5-b9ba-0eaaec62ec87@group-218C52D3B0E5-SegmentedRaftLogWorker: Starting segment from index:0
2021-12-02 14:31:41,092 [grpc-default-executor-5] INFO  server.GrpcServerProtocolService (GrpcServerProtocolService.java:onCompleted(140)) - a7b6a586-909c-47a7-a818-e434e5672216: Completed APPEND_ENTRIES, lastRequest: 8698f9c0-0d63-4edb-bf8f-bb1ca05694ae->a7b6a586-909c-47a7-a818-e434e5672216#1-t2,previous=(t:0, i:0),leaderCommit=-1,initializing? true,entries: size=1, first=(t:2, i:0), CONFIGURATIONENTRY
2021-12-02 14:31:41,098 [grpc-default-executor-2] INFO  server.RaftServer$Division (RaftServerImpl.java:requestVote(1078)) - 8698f9c0-0d63-4edb-bf8f-bb1ca05694ae@group-218C52D3B0E5 replies to ELECTION vote request: a7b6a586-909c-47a7-a818-e434e5672216<-8698f9c0-0d63-4edb-bf8f-bb1ca05694ae#0:FAIL-t3. Peer's state: 8698f9c0-0d63-4edb-bf8f-bb1ca05694ae@group-218C52D3B0E5:t3, leader=null, voted=null, raftlog=8698f9c0-0d63-4edb-bf8f-bb1ca05694ae@group-218C52D3B0E5-SegmentedRaftLog:OPENED:c-1, conf=0: [a7b6a586-909c-47a7-a818-e434e5672216|rpc:10.1.0.16:38677|dataStream:|priority:0, 8698f9c0-0d63-4edb-bf8f-bb1ca05694ae|rpc:10.1.0.16:46057|dataStream:|priority:1, 277b06ce-74e8-46b5-b9ba-0eaaec62ec87|rpc:10.1.0.16:37685|dataStream:|priority:0], old=null
2021-12-02 14:31:41,101 [a7b6a586-909c-47a7-a818-e434e5672216@group-218C52D3B0E5-LeaderElection125] INFO  impl.LeaderElection (LeaderElection.java:logAndReturn(89)) - a7b6a586-909c-47a7-a818-e434e5672216@group-218C52D3B0E5-LeaderElection125: ELECTION REJECTED received 1 response(s) and 0 exception(s):
2021-12-02 14:31:41,101 [a7b6a586-909c-47a7-a818-e434e5672216@group-218C52D3B0E5-LeaderElection125] INFO  impl.LeaderElection (LeaderElection.java:logAndReturn(93)) -   Response 0: a7b6a586-909c-47a7-a818-e434e5672216<-8698f9c0-0d63-4edb-bf8f-bb1ca05694ae#0:FAIL-t3
2021-12-02 14:31:41,101 [a7b6a586-909c-47a7-a818-e434e5672216@group-218C52D3B0E5-LeaderElection125] INFO  impl.LeaderElection (LeaderElection.java:askForVotes(308)) - a7b6a586-909c-47a7-a818-e434e5672216@group-218C52D3B0E5-LeaderElection125 ELECTION round 0: result REJECTED
2021-12-02 14:31:41,101 [a7b6a586-909c-47a7-a818-e434e5672216@group-218C52D3B0E5-LeaderElection125] INFO  server.RaftServer$Division (RaftServerImpl.java:setRole(290)) - a7b6a586-909c-47a7-a818-e434e5672216@group-218C52D3B0E5: changes role from CANDIDATE to FOLLOWER at term 3 for REJECTED
2021-12-02 14:31:41,101 [a7b6a586-909c-47a7-a818-e434e5672216@group-218C52D3B0E5-LeaderElection125] INFO  impl.RoleInfo (RoleInfo.java:shutdownLeaderElection(121)) - a7b6a586-909c-47a7-a818-e434e5672216: shutdown a7b6a586-909c-47a7-a818-e434e5672216@group-218C52D3B0E5-LeaderElection125
2021-12-02 14:31:41,101 [a7b6a586-909c-47a7-a818-e434e5672216@group-218C52D3B0E5-LeaderElection125] INFO  impl.RoleInfo (RoleInfo.java:updateAndGet(130)) - a7b6a586-909c-47a7-a818-e434e5672216: start a7b6a586-909c-47a7-a818-e434e5672216@group-218C52D3B0E5-FollowerState
2021-12-02 14:31:41,101 [grpc-default-executor-2] INFO  server.GrpcLogAppender (GrpcLogAppender.java:onCompleted(346)) - 8698f9c0-0d63-4edb-bf8f-bb1ca05694ae@group-218C52D3B0E5->a7b6a586-909c-47a7-a818-e434e5672216-AppendLogResponseHandler: follower responses appendEntries COMPLETED
2021-12-02 14:31:41,102 [grpc-default-executor-2] INFO  leader.FollowerInfo (FollowerInfoImpl.java:lambda$new$0(47)) - 8698f9c0-0d63-4edb-bf8f-bb1ca05694ae@group-218C52D3B0E5->a7b6a586-909c-47a7-a818-e434e5672216: nextIndex: updateUnconditionally 1 -> 0
2021-12-02 14:31:41,137 [grpc-default-executor-1] INFO  server.GrpcServerProtocolService (GrpcServerProtocolService.java:onCompleted(140)) - 277b06ce-74e8-46b5-b9ba-0eaaec62ec87: Completed APPEND_ENTRIES, lastRequest: 8698f9c0-0d63-4edb-bf8f-bb1ca05694ae->277b06ce-74e8-46b5-b9ba-0eaaec62ec87#1-t2,previous=(t:0, i:0),leaderCommit=-1,initializing? true,entries: size=1, first=(t:2, i:0), CONFIGURATIONENTRY
2021-12-02 14:31:41,175 [grpc-default-executor-6] INFO  server.RaftServer$Division (RaftServerImpl.java:requestVote(1046)) - 277b06ce-74e8-46b5-b9ba-0eaaec62ec87@group-218C52D3B0E5: receive requestVote(ELECTION, a7b6a586-909c-47a7-a818-e434e5672216, group-218C52D3B0E5, 3, (t:0, i:0))
2021-12-02 14:31:41,175 [grpc-default-executor-6] INFO  impl.VoteContext (VoteContext.java:log(48)) - 277b06ce-74e8-46b5-b9ba-0eaaec62ec87@group-218C52D3B0E5-FOLLOWER: reject ELECTION from a7b6a586-909c-47a7-a818-e434e5672216: our last entry (t:2, i:0) > candidate's last entry (t:0, i:0)
2021-12-02 14:31:41,175 [grpc-default-executor-6] INFO  server.RaftServer$Division (ServerState.java:setLeader(285)) - 277b06ce-74e8-46b5-b9ba-0eaaec62ec87@group-218C52D3B0E5: change Leader from 8698f9c0-0d63-4edb-bf8f-bb1ca05694ae to null at term 3 for updateCurrentTerm
2021-12-02 14:31:41,175 [grpc-default-executor-6] INFO  server.RaftServer$Division (RaftServerImpl.java:setRole(290)) - 277b06ce-74e8-46b5-b9ba-0eaaec62ec87@group-218C52D3B0E5: changes role from  FOLLOWER to FOLLOWER at term 3 for candidate:a7b6a586-909c-47a7-a818-e434e5672216
2021-12-02 14:31:41,176 [grpc-default-executor-6] INFO  impl.RoleInfo (RoleInfo.java:shutdownFollowerState(108)) - 277b06ce-74e8-46b5-b9ba-0eaaec62ec87: shutdown 277b06ce-74e8-46b5-b9ba-0eaaec62ec87@group-218C52D3B0E5-FollowerState
2021-12-02 14:31:41,176 [grpc-default-executor-6] INFO  impl.RoleInfo (RoleInfo.java:updateAndGet(130)) - 277b06ce-74e8-46b5-b9ba-0eaaec62ec87: start 277b06ce-74e8-46b5-b9ba-0eaaec62ec87@group-218C52D3B0E5-FollowerState
2021-12-02 14:31:41,176 [277b06ce-74e8-46b5-b9ba-0eaaec62ec87@group-218C52D3B0E5-FollowerState] INFO  impl.FollowerState (FollowerState.java:run(143)) - 277b06ce-74e8-46b5-b9ba-0eaaec62ec87@group-218C52D3B0E5-FollowerState was interrupted: {}
java.lang.InterruptedException: sleep interrupted
	at java.lang.Thread.sleep(Native Method)
	at java.lang.Thread.sleep(Thread.java:340)
	at java.util.concurrent.TimeUnit.sleep(TimeUnit.java:386)
	at org.apache.ratis.util.TimeDuration.sleep(TimeDuration.java:324)
	at org.apache.ratis.util.TimeDuration.sleep(TimeDuration.java:309)
	at org.apache.ratis.server.impl.FollowerState.run(FollowerState.java:118)
2021-12-02 14:31:41,179 [grpc-default-executor-6] INFO  server.RaftServer$Division (RaftServerImpl.java:requestVote(1078)) - 277b06ce-74e8-46b5-b9ba-0eaaec62ec87@group-218C52D3B0E5 replies to ELECTION vote request: a7b6a586-909c-47a7-a818-e434e5672216<-277b06ce-74e8-46b5-b9ba-0eaaec62ec87#0:FAIL-t3. Peer's state: 277b06ce-74e8-46b5-b9ba-0eaaec62ec87@group-218C52D3B0E5:t3, leader=null, voted=null, raftlog=277b06ce-74e8-46b5-b9ba-0eaaec62ec87@group-218C52D3B0E5-SegmentedRaftLog:OPENED:c-1, conf=0: [a7b6a586-909c-47a7-a818-e434e5672216|rpc:10.1.0.16:38677|dataStream:|priority:0, 8698f9c0-0d63-4edb-bf8f-bb1ca05694ae|rpc:10.1.0.16:46057|dataStream:|priority:1, 277b06ce-74e8-46b5-b9ba-0eaaec62ec87|rpc:10.1.0.16:37685|dataStream:|priority:0], old=null
2021-12-02 14:31:41,223 [277b06ce-74e8-46b5-b9ba-0eaaec62ec87@group-218C52D3B0E5-SegmentedRaftLogWorker] INFO  segmented.SegmentedRaftLogWorker (SegmentedRaftLogWorker.java:execute(601)) - 277b06ce-74e8-46b5-b9ba-0eaaec62ec87@group-218C52D3B0E5-SegmentedRaftLogWorker: created new log segment /home/runner/work/ozone/ozone/hadoop-ozone/integration-test/target/test-dir/MiniOzoneClusterImpl-fd94144e-5974-489a-b79f-b066564ba6f5/datanode-0/data/ratis/86fd732d-83db-4bb4-8521-218c52d3b0e5/current/log_inprogress_0
2021-12-02 14:31:41,251 [grpc-default-executor-6] INFO  server.GrpcLogAppender (GrpcLogAppender.java:onCompleted(346)) - 8698f9c0-0d63-4edb-bf8f-bb1ca05694ae@group-218C52D3B0E5->277b06ce-74e8-46b5-b9ba-0eaaec62ec87-AppendLogResponseHandler: follower responses appendEntries COMPLETED
2021-12-02 14:31:41,251 [grpc-default-executor-6] INFO  leader.FollowerInfo (FollowerInfoImpl.java:lambda$new$0(47)) - 8698f9c0-0d63-4edb-bf8f-bb1ca05694ae@group-218C52D3B0E5->277b06ce-74e8-46b5-b9ba-0eaaec62ec87: nextIndex: updateUnconditionally 1 -> 0
2021-12-02 14:31:42,744 [ecb5ef9a-e3c1-46e1-bc6e-74dcb14bbdd1@group-2DF00E79AB8C-FollowerState] INFO  impl.FollowerState (FollowerState.java:run(134)) - ecb5ef9a-e3c1-46e1-bc6e-74dcb14bbdd1@group-2DF00E79AB8C-FollowerState: change to CANDIDATE, lastRpcElapsedTime:5054645863ns, electionTimeout:5012ms
2021-12-02 14:31:42,744 [ecb5ef9a-e3c1-46e1-bc6e-74dcb14bbdd1@group-2DF00E79AB8C-FollowerState] INFO  impl.RoleInfo (RoleInfo.java:shutdownFollowerState(108)) - ecb5ef9a-e3c1-46e1-bc6e-74dcb14bbdd1: shutdown ecb5ef9a-e3c1-46e1-bc6e-74dcb14bbdd1@group-2DF00E79AB8C-FollowerState
2021-12-02 14:31:42,744 [ecb5ef9a-e3c1-46e1-bc6e-74dcb14bbdd1@group-2DF00E79AB8C-FollowerState] INFO  server.RaftServer$Division (RaftServerImpl.java:setRole(290)) - ecb5ef9a-e3c1-46e1-bc6e-74dcb14bbdd1@group-2DF00E79AB8C: changes role from  FOLLOWER to CANDIDATE at term 1 for changeToCandidate
2021-12-02 14:31:42,744 [ecb5ef9a-e3c1-46e1-bc6e-74dcb14bbdd1@group-2DF00E79AB8C-FollowerState] INFO  server.RaftServerConfigKeys (ConfUtils.java:logGet(44)) - raft.server.leaderelection.pre-vote = false (custom)
2021-12-02 14:31:42,744 [ecb5ef9a-e3c1-46e1-bc6e-74dcb14bbdd1@group-2DF00E79AB8C-FollowerState] INFO  impl.RoleInfo (RoleInfo.java:updateAndGet(130)) - ecb5ef9a-e3c1-46e1-bc6e-74dcb14bbdd1: start ecb5ef9a-e3c1-46e1-bc6e-74dcb14bbdd1@group-2DF00E79AB8C-LeaderElection126
2021-12-02 14:31:42,761 [ecb5ef9a-e3c1-46e1-bc6e-74dcb14bbdd1@group-2DF00E79AB8C-LeaderElection126] INFO  impl.LeaderElection (LeaderElection.java:askForVotes(306)) - ecb5ef9a-e3c1-46e1-bc6e-74dcb14bbdd1@group-2DF00E79AB8C-LeaderElection126 ELECTION round 0: submit vote requests at term 2 for -1: [ecb5ef9a-e3c1-46e1-bc6e-74dcb14bbdd1|rpc:10.1.0.16:41883|priority:0, 378d0879-743d-4e9f-84ed-de5a08f6d2b8|rpc:10.1.0.16:33383|priority:0, 880aaef5-a54e-4898-af17-abc2dce457d4|rpc:10.1.0.16:38967|priority:1], old=null
2021-12-02 14:31:42,772 [grpc-default-executor-6] INFO  server.RaftServer$Division (RaftServerImpl.java:requestVote(1046)) - 378d0879-743d-4e9f-84ed-de5a08f6d2b8@group-2DF00E79AB8C: receive requestVote(ELECTION, ecb5ef9a-e3c1-46e1-bc6e-74dcb14bbdd1, group-2DF00E79AB8C, 2, (t:0, i:0))
2021-12-02 14:31:42,772 [grpc-default-executor-6] INFO  impl.VoteContext (VoteContext.java:log(48)) - 378d0879-743d-4e9f-84ed-de5a08f6d2b8@group-2DF00E79AB8C-FOLLOWER: accept ELECTION from ecb5ef9a-e3c1-46e1-bc6e-74dcb14bbdd1: our priority 0 <= candidate's priority 0
2021-12-02 14:31:42,772 [grpc-default-executor-6] INFO  server.RaftServer$Division (RaftServerImpl.java:setRole(290)) - 378d0879-743d-4e9f-84ed-de5a08f6d2b8@group-2DF00E79AB8C: changes role from  FOLLOWER to FOLLOWER at term 2 for candidate:ecb5ef9a-e3c1-46e1-bc6e-74dcb14bbdd1
2021-12-02 14:31:42,772 [grpc-default-executor-6] INFO  impl.RoleInfo (RoleInfo.java:shutdownFollowerState(108)) - 378d0879-743d-4e9f-84ed-de5a08f6d2b8: shutdown 378d0879-743d-4e9f-84ed-de5a08f6d2b8@group-2DF00E79AB8C-FollowerState
2021-12-02 14:31:42,777 [grpc-default-executor-1] INFO  server.RaftServer$Division (RaftServerImpl.java:requestVote(1046)) - 880aaef5-a54e-4898-af17-abc2dce457d4@group-2DF00E79AB8C: receive requestVote(ELECTION, ecb5ef9a-e3c1-46e1-bc6e-74dcb14bbdd1, group-2DF00E79AB8C, 2, (t:0, i:0))
2021-12-02 14:31:42,777 [grpc-default-executor-1] INFO  impl.VoteContext (VoteContext.java:log(48)) - 880aaef5-a54e-4898-af17-abc2dce457d4@group-2DF00E79AB8C-FOLLOWER: reject ELECTION from ecb5ef9a-e3c1-46e1-bc6e-74dcb14bbdd1: our priority 1 > candidate's priority 0
2021-12-02 14:31:42,777 [grpc-default-executor-1] INFO  server.RaftServer$Division (RaftServerImpl.java:setRole(290)) - 880aaef5-a54e-4898-af17-abc2dce457d4@group-2DF00E79AB8C: changes role from  FOLLOWER to FOLLOWER at term 2 for candidate:ecb5ef9a-e3c1-46e1-bc6e-74dcb14bbdd1
2021-12-02 14:31:42,777 [grpc-default-executor-1] INFO  impl.RoleInfo (RoleInfo.java:shutdownFollowerState(108)) - 880aaef5-a54e-4898-af17-abc2dce457d4: shutdown 880aaef5-a54e-4898-af17-abc2dce457d4@group-2DF00E79AB8C-FollowerState
2021-12-02 14:31:42,777 [grpc-default-executor-1] INFO  impl.RoleInfo (RoleInfo.java:updateAndGet(130)) - 880aaef5-a54e-4898-af17-abc2dce457d4: start 880aaef5-a54e-4898-af17-abc2dce457d4@group-2DF00E79AB8C-FollowerState
2021-12-02 14:31:42,777 [880aaef5-a54e-4898-af17-abc2dce457d4@group-2DF00E79AB8C-FollowerState] INFO  impl.FollowerState (FollowerState.java:run(143)) - 880aaef5-a54e-4898-af17-abc2dce457d4@group-2DF00E79AB8C-FollowerState was interrupted: {}
java.lang.InterruptedException: sleep interrupted
	at java.lang.Thread.sleep(Native Method)
	at java.lang.Thread.sleep(Thread.java:340)
	at java.util.concurrent.TimeUnit.sleep(TimeUnit.java:386)
	at org.apache.ratis.util.TimeDuration.sleep(TimeDuration.java:324)
	at org.apache.ratis.util.TimeDuration.sleep(TimeDuration.java:309)
	at org.apache.ratis.server.impl.FollowerState.run(FollowerState.java:118)
2021-12-02 14:31:42,782 [grpc-default-executor-1] INFO  server.RaftServer$Division (RaftServerImpl.java:requestVote(1078)) - 880aaef5-a54e-4898-af17-abc2dce457d4@group-2DF00E79AB8C replies to ELECTION vote request: ecb5ef9a-e3c1-46e1-bc6e-74dcb14bbdd1<-880aaef5-a54e-4898-af17-abc2dce457d4#0:FAIL-t2. Peer's state: 880aaef5-a54e-4898-af17-abc2dce457d4@group-2DF00E79AB8C:t2, leader=null, voted=null, raftlog=880aaef5-a54e-4898-af17-abc2dce457d4@group-2DF00E79AB8C-SegmentedRaftLog:OPENED:c-1, conf=-1: [ecb5ef9a-e3c1-46e1-bc6e-74dcb14bbdd1|rpc:10.1.0.16:41883|priority:0, 378d0879-743d-4e9f-84ed-de5a08f6d2b8|rpc:10.1.0.16:33383|priority:0, 880aaef5-a54e-4898-af17-abc2dce457d4|rpc:10.1.0.16:38967|priority:1], old=null
2021-12-02 14:31:42,783 [ecb5ef9a-e3c1-46e1-bc6e-74dcb14bbdd1@group-2DF00E79AB8C-LeaderElection126] INFO  impl.LeaderElection (LeaderElection.java:logAndReturn(89)) - ecb5ef9a-e3c1-46e1-bc6e-74dcb14bbdd1@group-2DF00E79AB8C-LeaderElection126: ELECTION REJECTED received 1 response(s) and 0 exception(s):
2021-12-02 14:31:42,783 [ecb5ef9a-e3c1-46e1-bc6e-74dcb14bbdd1@group-2DF00E79AB8C-LeaderElection126] INFO  impl.LeaderElection (LeaderElection.java:logAndReturn(93)) -   Response 0: ecb5ef9a-e3c1-46e1-bc6e-74dcb14bbdd1<-880aaef5-a54e-4898-af17-abc2dce457d4#0:FAIL-t2
2021-12-02 14:31:42,783 [ecb5ef9a-e3c1-46e1-bc6e-74dcb14bbdd1@group-2DF00E79AB8C-LeaderElection126] INFO  impl.LeaderElection (LeaderElection.java:askForVotes(308)) - ecb5ef9a-e3c1-46e1-bc6e-74dcb14bbdd1@group-2DF00E79AB8C-LeaderElection126 ELECTION round 0: result REJECTED
2021-12-02 14:31:42,783 [ecb5ef9a-e3c1-46e1-bc6e-74dcb14bbdd1@group-2DF00E79AB8C-LeaderElection126] INFO  server.RaftServer$Division (RaftServerImpl.java:setRole(290)) - ecb5ef9a-e3c1-46e1-bc6e-74dcb14bbdd1@group-2DF00E79AB8C: changes role from CANDIDATE to FOLLOWER at term 2 for REJECTED
2021-12-02 14:31:42,783 [ecb5ef9a-e3c1-46e1-bc6e-74dcb14bbdd1@group-2DF00E79AB8C-LeaderElection126] INFO  impl.RoleInfo (RoleInfo.java:shutdownLeaderElection(121)) - ecb5ef9a-e3c1-46e1-bc6e-74dcb14bbdd1: shutdown ecb5ef9a-e3c1-46e1-bc6e-74dcb14bbdd1@group-2DF00E79AB8C-LeaderElection126
2021-12-02 14:31:42,783 [ecb5ef9a-e3c1-46e1-bc6e-74dcb14bbdd1@group-2DF00E79AB8C-LeaderElection126] INFO  impl.RoleInfo (RoleInfo.java:updateAndGet(130)) - ecb5ef9a-e3c1-46e1-bc6e-74dcb14bbdd1: start ecb5ef9a-e3c1-46e1-bc6e-74dcb14bbdd1@group-2DF00E79AB8C-FollowerState
2021-12-02 14:31:42,800 [grpc-default-executor-6] INFO  impl.RoleInfo (RoleInfo.java:updateAndGet(130)) - 378d0879-743d-4e9f-84ed-de5a08f6d2b8: start 378d0879-743d-4e9f-84ed-de5a08f6d2b8@group-2DF00E79AB8C-FollowerState
2021-12-02 14:31:42,800 [378d0879-743d-4e9f-84ed-de5a08f6d2b8@group-2DF00E79AB8C-FollowerState] INFO  impl.FollowerState (FollowerState.java:run(143)) - 378d0879-743d-4e9f-84ed-de5a08f6d2b8@group-2DF00E79AB8C-FollowerState was interrupted: {}
java.lang.InterruptedException: sleep interrupted
	at java.lang.Thread.sleep(Native Method)
	at java.lang.Thread.sleep(Thread.java:340)
	at java.util.concurrent.TimeUnit.sleep(TimeUnit.java:386)
	at org.apache.ratis.util.TimeDuration.sleep(TimeDuration.java:324)
	at org.apache.ratis.util.TimeDuration.sleep(TimeDuration.java:309)
	at org.apache.ratis.server.impl.FollowerState.run(FollowerState.java:118)
2021-12-02 14:31:42,805 [grpc-default-executor-6] INFO  server.RaftServer$Division (RaftServerImpl.java:requestVote(1078)) - 378d0879-743d-4e9f-84ed-de5a08f6d2b8@group-2DF00E79AB8C replies to ELECTION vote request: ecb5ef9a-e3c1-46e1-bc6e-74dcb14bbdd1<-378d0879-743d-4e9f-84ed-de5a08f6d2b8#0:OK-t2. Peer's state: 378d0879-743d-4e9f-84ed-de5a08f6d2b8@group-2DF00E79AB8C:t2, leader=null, voted=ecb5ef9a-e3c1-46e1-bc6e-74dcb14bbdd1, raftlog=378d0879-743d-4e9f-84ed-de5a08f6d2b8@group-2DF00E79AB8C-SegmentedRaftLog:OPENED:c-1, conf=-1: [ecb5ef9a-e3c1-46e1-bc6e-74dcb14bbdd1|rpc:10.1.0.16:41883|dataStream:|priority:0, 378d0879-743d-4e9f-84ed-de5a08f6d2b8|rpc:10.1.0.16:33383|dataStream:|priority:0, 880aaef5-a54e-4898-af17-abc2dce457d4|rpc:10.1.0.16:38967|dataStream:|priority:1], old=null
2021-12-02 14:31:45,898 [8698f9c0-0d63-4edb-bf8f-bb1ca05694ae@group-F34A6D962FBB-FollowerState] INFO  impl.FollowerState (FollowerState.java:run(134)) - 8698f9c0-0d63-4edb-bf8f-bb1ca05694ae@group-F34A6D962FBB-FollowerState: change to CANDIDATE, lastRpcElapsedTime:5131581635ns, electionTimeout:5123ms
2021-12-02 14:31:45,898 [8698f9c0-0d63-4edb-bf8f-bb1ca05694ae@group-F34A6D962FBB-FollowerState] INFO  impl.RoleInfo (RoleInfo.java:shutdownFollowerState(108)) - 8698f9c0-0d63-4edb-bf8f-bb1ca05694ae: shutdown 8698f9c0-0d63-4edb-bf8f-bb1ca05694ae@group-F34A6D962FBB-FollowerState
2021-12-02 14:31:45,898 [8698f9c0-0d63-4edb-bf8f-bb1ca05694ae@group-F34A6D962FBB-FollowerState] INFO  server.RaftServer$Division (RaftServerImpl.java:setRole(290)) - 8698f9c0-0d63-4edb-bf8f-bb1ca05694ae@group-F34A6D962FBB: changes role from  FOLLOWER to CANDIDATE at term 2 for changeToCandidate
2021-12-02 14:31:45,898 [8698f9c0-0d63-4edb-bf8f-bb1ca05694ae@group-F34A6D962FBB-FollowerState] INFO  server.RaftServerConfigKeys (ConfUtils.java:logGet(44)) - raft.server.leaderelection.pre-vote = false (custom)
2021-12-02 14:31:45,898 [8698f9c0-0d63-4edb-bf8f-bb1ca05694ae@group-F34A6D962FBB-FollowerState] INFO  impl.RoleInfo (RoleInfo.java:updateAndGet(130)) - 8698f9c0-0d63-4edb-bf8f-bb1ca05694ae: start 8698f9c0-0d63-4edb-bf8f-bb1ca05694ae@group-F34A6D962FBB-LeaderElection127
2021-12-02 14:31:45,932 [8698f9c0-0d63-4edb-bf8f-bb1ca05694ae@group-F34A6D962FBB-LeaderElection127] INFO  impl.LeaderElection (LeaderElection.java:askForVotes(306)) - 8698f9c0-0d63-4edb-bf8f-bb1ca05694ae@group-F34A6D962FBB-LeaderElection127 ELECTION round 0: submit vote requests at term 3 for -1: [a7b6a586-909c-47a7-a818-e434e5672216|rpc:10.1.0.16:38677|dataStream:|priority:1, 8698f9c0-0d63-4edb-bf8f-bb1ca05694ae|rpc:10.1.0.16:46057|dataStream:|priority:0, 277b06ce-74e8-46b5-b9ba-0eaaec62ec87|rpc:10.1.0.16:37685|dataStream:|priority:0], old=null
2021-12-02 14:31:45,967 [a7b6a586-909c-47a7-a818-e434e5672216@group-F34A6D962FBB-FollowerState] INFO  impl.FollowerState (FollowerState.java:run(134)) - a7b6a586-909c-47a7-a818-e434e5672216@group-F34A6D962FBB-FollowerState: change to CANDIDATE, lastRpcElapsedTime:5209711729ns, electionTimeout:5170ms
2021-12-02 14:31:45,967 [a7b6a586-909c-47a7-a818-e434e5672216@group-F34A6D962FBB-FollowerState] INFO  impl.RoleInfo (RoleInfo.java:shutdownFollowerState(108)) - a7b6a586-909c-47a7-a818-e434e5672216: shutdown a7b6a586-909c-47a7-a818-e434e5672216@group-F34A6D962FBB-FollowerState
2021-12-02 14:31:45,967 [a7b6a586-909c-47a7-a818-e434e5672216@group-F34A6D962FBB-FollowerState] INFO  server.RaftServer$Division (RaftServerImpl.java:setRole(290)) - a7b6a586-909c-47a7-a818-e434e5672216@group-F34A6D962FBB: changes role from  FOLLOWER to CANDIDATE at term 2 for changeToCandidate
2021-12-02 14:31:45,968 [a7b6a586-909c-47a7-a818-e434e5672216@group-F34A6D962FBB-FollowerState] INFO  server.RaftServerConfigKeys (ConfUtils.java:logGet(44)) - raft.server.leaderelection.pre-vote = false (custom)
2021-12-02 14:31:45,968 [a7b6a586-909c-47a7-a818-e434e5672216@group-F34A6D962FBB-FollowerState] INFO  impl.RoleInfo (RoleInfo.java:updateAndGet(130)) - a7b6a586-909c-47a7-a818-e434e5672216: start a7b6a586-909c-47a7-a818-e434e5672216@group-F34A6D962FBB-LeaderElection128
2021-12-02 14:31:46,000 [grpc-default-executor-6] INFO  server.RaftServer$Division (RaftServerImpl.java:requestVote(1046)) - 277b06ce-74e8-46b5-b9ba-0eaaec62ec87@group-F34A6D962FBB: receive requestVote(ELECTION, 8698f9c0-0d63-4edb-bf8f-bb1ca05694ae, group-F34A6D962FBB, 3, (t:0, i:0))
2021-12-02 14:31:46,001 [grpc-default-executor-6] INFO  impl.VoteContext (VoteContext.java:log(48)) - 277b06ce-74e8-46b5-b9ba-0eaaec62ec87@group-F34A6D962FBB-FOLLOWER: accept ELECTION from 8698f9c0-0d63-4edb-bf8f-bb1ca05694ae: our priority 0 <= candidate's priority 0
2021-12-02 14:31:46,001 [grpc-default-executor-6] INFO  server.RaftServer$Division (RaftServerImpl.java:setRole(290)) - 277b06ce-74e8-46b5-b9ba-0eaaec62ec87@group-F34A6D962FBB: changes role from  FOLLOWER to FOLLOWER at term 3 for candidate:8698f9c0-0d63-4edb-bf8f-bb1ca05694ae
2021-12-02 14:31:46,001 [grpc-default-executor-6] INFO  impl.RoleInfo (RoleInfo.java:shutdownFollowerState(108)) - 277b06ce-74e8-46b5-b9ba-0eaaec62ec87: shutdown 277b06ce-74e8-46b5-b9ba-0eaaec62ec87@group-F34A6D962FBB-FollowerState
2021-12-02 14:31:46,001 [grpc-default-executor-6] INFO  impl.RoleInfo (RoleInfo.java:updateAndGet(130)) - 277b06ce-74e8-46b5-b9ba-0eaaec62ec87: start 277b06ce-74e8-46b5-b9ba-0eaaec62ec87@group-F34A6D962FBB-FollowerState
2021-12-02 14:31:46,001 [277b06ce-74e8-46b5-b9ba-0eaaec62ec87@group-F34A6D962FBB-FollowerState] INFO  impl.FollowerState (FollowerState.java:run(143)) - 277b06ce-74e8-46b5-b9ba-0eaaec62ec87@group-F34A6D962FBB-FollowerState was interrupted: {}
java.lang.InterruptedException: sleep interrupted
	at java.lang.Thread.sleep(Native Method)
	at java.lang.Thread.sleep(Thread.java:340)
	at java.util.concurrent.TimeUnit.sleep(TimeUnit.java:386)
	at org.apache.ratis.util.TimeDuration.sleep(TimeDuration.java:324)
	at org.apache.ratis.util.TimeDuration.sleep(TimeDuration.java:309)
	at org.apache.ratis.server.impl.FollowerState.run(FollowerState.java:118)
2021-12-02 14:31:46,001 [grpc-default-executor-1] INFO  server.RaftServer$Division (RaftServerImpl.java:requestVote(1046)) - a7b6a586-909c-47a7-a818-e434e5672216@group-F34A6D962FBB: receive requestVote(ELECTION, 8698f9c0-0d63-4edb-bf8f-bb1ca05694ae, group-F34A6D962FBB, 3, (t:0, i:0))
2021-12-02 14:31:46,055 [a7b6a586-909c-47a7-a818-e434e5672216@group-F34A6D962FBB-LeaderElection128] INFO  impl.LeaderElection (LeaderElection.java:askForVotes(306)) - a7b6a586-909c-47a7-a818-e434e5672216@group-F34A6D962FBB-LeaderElection128 ELECTION round 0: submit vote requests at term 3 for -1: [a7b6a586-909c-47a7-a818-e434e5672216|rpc:10.1.0.16:38677|dataStream:|priority:1, 8698f9c0-0d63-4edb-bf8f-bb1ca05694ae|rpc:10.1.0.16:46057|dataStream:|priority:0, 277b06ce-74e8-46b5-b9ba-0eaaec62ec87|rpc:10.1.0.16:37685|dataStream:|priority:0], old=null
2021-12-02 14:31:46,055 [grpc-default-executor-1] INFO  impl.VoteContext (VoteContext.java:log(48)) - a7b6a586-909c-47a7-a818-e434e5672216@group-F34A6D962FBB-CANDIDATE: reject ELECTION from 8698f9c0-0d63-4edb-bf8f-bb1ca05694ae: already has voted for a7b6a586-909c-47a7-a818-e434e5672216 at current term 3
2021-12-02 14:31:46,055 [grpc-default-executor-1] INFO  server.RaftServer$Division (RaftServerImpl.java:requestVote(1078)) - a7b6a586-909c-47a7-a818-e434e5672216@group-F34A6D962FBB replies to ELECTION vote request: 8698f9c0-0d63-4edb-bf8f-bb1ca05694ae<-a7b6a586-909c-47a7-a818-e434e5672216#0:FAIL-t3. Peer's state: a7b6a586-909c-47a7-a818-e434e5672216@group-F34A6D962FBB:t3, leader=null, voted=a7b6a586-909c-47a7-a818-e434e5672216, raftlog=a7b6a586-909c-47a7-a818-e434e5672216@group-F34A6D962FBB-SegmentedRaftLog:OPENED:c-1, conf=-1: [a7b6a586-909c-47a7-a818-e434e5672216|rpc:10.1.0.16:38677|dataStream:|priority:1, 8698f9c0-0d63-4edb-bf8f-bb1ca05694ae|rpc:10.1.0.16:46057|dataStream:|priority:0, 277b06ce-74e8-46b5-b9ba-0eaaec62ec87|rpc:10.1.0.16:37685|dataStream:|priority:0], old=null
2021-12-02 14:31:46,055 [grpc-default-executor-6] INFO  server.RaftServer$Division (RaftServerImpl.java:requestVote(1078)) - 277b06ce-74e8-46b5-b9ba-0eaaec62ec87@group-F34A6D962FBB replies to ELECTION vote request: 8698f9c0-0d63-4edb-bf8f-bb1ca05694ae<-277b06ce-74e8-46b5-b9ba-0eaaec62ec87#0:OK-t3. Peer's state: 277b06ce-74e8-46b5-b9ba-0eaaec62ec87@group-F34A6D962FBB:t3, leader=null, voted=8698f9c0-0d63-4edb-bf8f-bb1ca05694ae, raftlog=277b06ce-74e8-46b5-b9ba-0eaaec62ec87@group-F34A6D962FBB-SegmentedRaftLog:OPENED:c-1, conf=-1: [a7b6a586-909c-47a7-a818-e434e5672216|rpc:10.1.0.16:38677|priority:1, 8698f9c0-0d63-4edb-bf8f-bb1ca05694ae|rpc:10.1.0.16:46057|priority:0, 277b06ce-74e8-46b5-b9ba-0eaaec62ec87|rpc:10.1.0.16:37685|priority:0], old=null
2021-12-02 14:31:46,060 [8698f9c0-0d63-4edb-bf8f-bb1ca05694ae@group-F34A6D962FBB-LeaderElection127] INFO  impl.LeaderElection (LeaderElection.java:logAndReturn(89)) - 8698f9c0-0d63-4edb-bf8f-bb1ca05694ae@group-F34A6D962FBB-LeaderElection127: ELECTION REJECTED received 1 response(s) and 0 exception(s):
2021-12-02 14:31:46,060 [8698f9c0-0d63-4edb-bf8f-bb1ca05694ae@group-F34A6D962FBB-LeaderElection127] INFO  impl.LeaderElection (LeaderElection.java:logAndReturn(93)) -   Response 0: 8698f9c0-0d63-4edb-bf8f-bb1ca05694ae<-a7b6a586-909c-47a7-a818-e434e5672216#0:FAIL-t3
2021-12-02 14:31:46,060 [8698f9c0-0d63-4edb-bf8f-bb1ca05694ae@group-F34A6D962FBB-LeaderElection127] INFO  impl.LeaderElection (LeaderElection.java:askForVotes(308)) - 8698f9c0-0d63-4edb-bf8f-bb1ca05694ae@group-F34A6D962FBB-LeaderElection127 ELECTION round 0: result REJECTED
2021-12-02 14:31:46,060 [8698f9c0-0d63-4edb-bf8f-bb1ca05694ae@group-F34A6D962FBB-LeaderElection127] INFO  server.RaftServer$Division (RaftServerImpl.java:setRole(290)) - 8698f9c0-0d63-4edb-bf8f-bb1ca05694ae@group-F34A6D962FBB: changes role from CANDIDATE to FOLLOWER at term 3 for REJECTED
2021-12-02 14:31:46,060 [8698f9c0-0d63-4edb-bf8f-bb1ca05694ae@group-F34A6D962FBB-LeaderElection127] INFO  impl.RoleInfo (RoleInfo.java:shutdownLeaderElection(121)) - 8698f9c0-0d63-4edb-bf8f-bb1ca05694ae: shutdown 8698f9c0-0d63-4edb-bf8f-bb1ca05694ae@group-F34A6D962FBB-LeaderElection127
2021-12-02 14:31:46,060 [8698f9c0-0d63-4edb-bf8f-bb1ca05694ae@group-F34A6D962FBB-LeaderElection127] INFO  impl.RoleInfo (RoleInfo.java:updateAndGet(130)) - 8698f9c0-0d63-4edb-bf8f-bb1ca05694ae: start 8698f9c0-0d63-4edb-bf8f-bb1ca05694ae@group-F34A6D962FBB-FollowerState
2021-12-02 14:31:46,061 [grpc-default-executor-1] INFO  server.RaftServer$Division (RaftServerImpl.java:requestVote(1046)) - 277b06ce-74e8-46b5-b9ba-0eaaec62ec87@group-F34A6D962FBB: receive requestVote(ELECTION, a7b6a586-909c-47a7-a818-e434e5672216, group-F34A6D962FBB, 3, (t:0, i:0))
2021-12-02 14:31:46,061 [grpc-default-executor-1] INFO  impl.VoteContext (VoteContext.java:log(48)) - 277b06ce-74e8-46b5-b9ba-0eaaec62ec87@group-F34A6D962FBB-FOLLOWER: reject ELECTION from a7b6a586-909c-47a7-a818-e434e5672216: already has voted for 8698f9c0-0d63-4edb-bf8f-bb1ca05694ae at current term 3
2021-12-02 14:31:46,061 [grpc-default-executor-1] INFO  server.RaftServer$Division (RaftServerImpl.java:requestVote(1078)) - 277b06ce-74e8-46b5-b9ba-0eaaec62ec87@group-F34A6D962FBB replies to ELECTION vote request: a7b6a586-909c-47a7-a818-e434e5672216<-277b06ce-74e8-46b5-b9ba-0eaaec62ec87#0:FAIL-t3. Peer's state: 277b06ce-74e8-46b5-b9ba-0eaaec62ec87@group-F34A6D962FBB:t3, leader=null, voted=8698f9c0-0d63-4edb-bf8f-bb1ca05694ae, raftlog=277b06ce-74e8-46b5-b9ba-0eaaec62ec87@group-F34A6D962FBB-SegmentedRaftLog:OPENED:c-1, conf=-1: [a7b6a586-909c-47a7-a818-e434e5672216|rpc:10.1.0.16:38677|priority:1, 8698f9c0-0d63-4edb-bf8f-bb1ca05694ae|rpc:10.1.0.16:46057|priority:0, 277b06ce-74e8-46b5-b9ba-0eaaec62ec87|rpc:10.1.0.16:37685|priority:0], old=null
2021-12-02 14:31:46,073 [grpc-default-executor-6] INFO  server.RaftServer$Division (RaftServerImpl.java:requestVote(1046)) - 8698f9c0-0d63-4edb-bf8f-bb1ca05694ae@group-F34A6D962FBB: receive requestVote(ELECTION, a7b6a586-909c-47a7-a818-e434e5672216, group-F34A6D962FBB, 3, (t:0, i:0))
2021-12-02 14:31:46,073 [grpc-default-executor-6] INFO  impl.VoteContext (VoteContext.java:log(48)) - 8698f9c0-0d63-4edb-bf8f-bb1ca05694ae@group-F34A6D962FBB-FOLLOWER: reject ELECTION from a7b6a586-909c-47a7-a818-e434e5672216: already has voted for 8698f9c0-0d63-4edb-bf8f-bb1ca05694ae at current term 3
2021-12-02 14:31:46,073 [grpc-default-executor-6] INFO  server.RaftServer$Division (RaftServerImpl.java:requestVote(1078)) - 8698f9c0-0d63-4edb-bf8f-bb1ca05694ae@group-F34A6D962FBB replies to ELECTION vote request: a7b6a586-909c-47a7-a818-e434e5672216<-8698f9c0-0d63-4edb-bf8f-bb1ca05694ae#0:FAIL-t3. Peer's state: 8698f9c0-0d63-4edb-bf8f-bb1ca05694ae@group-F34A6D962FBB:t3, leader=null, voted=8698f9c0-0d63-4edb-bf8f-bb1ca05694ae, raftlog=8698f9c0-0d63-4edb-bf8f-bb1ca05694ae@group-F34A6D962FBB-SegmentedRaftLog:OPENED:c-1, conf=-1: [a7b6a586-909c-47a7-a818-e434e5672216|rpc:10.1.0.16:38677|dataStream:|priority:1, 8698f9c0-0d63-4edb-bf8f-bb1ca05694ae|rpc:10.1.0.16:46057|dataStream:|priority:0, 277b06ce-74e8-46b5-b9ba-0eaaec62ec87|rpc:10.1.0.16:37685|dataStream:|priority:0], old=null
2021-12-02 14:31:46,077 [a7b6a586-909c-47a7-a818-e434e5672216@group-F34A6D962FBB-LeaderElection128] INFO  impl.LeaderElection (LeaderElection.java:logAndReturn(89)) - a7b6a586-909c-47a7-a818-e434e5672216@group-F34A6D962FBB-LeaderElection128: ELECTION REJECTED received 2 response(s) and 0 exception(s):
2021-12-02 14:31:46,077 [a7b6a586-909c-47a7-a818-e434e5672216@group-F34A6D962FBB-LeaderElection128] INFO  impl.LeaderElection (LeaderElection.java:logAndReturn(93)) -   Response 0: a7b6a586-909c-47a7-a818-e434e5672216<-8698f9c0-0d63-4edb-bf8f-bb1ca05694ae#0:FAIL-t3
2021-12-02 14:31:46,077 [a7b6a586-909c-47a7-a818-e434e5672216@group-F34A6D962FBB-LeaderElection128] INFO  impl.LeaderElection (LeaderElection.java:logAndReturn(93)) -   Response 1: a7b6a586-909c-47a7-a818-e434e5672216<-277b06ce-74e8-46b5-b9ba-0eaaec62ec87#0:FAIL-t3
2021-12-02 14:31:46,077 [a7b6a586-909c-47a7-a818-e434e5672216@group-F34A6D962FBB-LeaderElection128] INFO  impl.LeaderElection (LeaderElection.java:askForVotes(308)) - a7b6a586-909c-47a7-a818-e434e5672216@group-F34A6D962FBB-LeaderElection128 ELECTION round 0: result REJECTED
2021-12-02 14:31:46,077 [a7b6a586-909c-47a7-a818-e434e5672216@group-F34A6D962FBB-LeaderElection128] INFO  server.RaftServer$Division (RaftServerImpl.java:setRole(290)) - a7b6a586-909c-47a7-a818-e434e5672216@group-F34A6D962FBB: changes role from CANDIDATE to FOLLOWER at term 3 for REJECTED
2021-12-02 14:31:46,077 [a7b6a586-909c-47a7-a818-e434e5672216@group-F34A6D962FBB-LeaderElection128] INFO  impl.RoleInfo (RoleInfo.java:shutdownLeaderElection(121)) - a7b6a586-909c-47a7-a818-e434e5672216: shutdown a7b6a586-909c-47a7-a818-e434e5672216@group-F34A6D962FBB-LeaderElection128
2021-12-02 14:31:46,077 [a7b6a586-909c-47a7-a818-e434e5672216@group-F34A6D962FBB-LeaderElection128] INFO  impl.RoleInfo (RoleInfo.java:updateAndGet(130)) - a7b6a586-909c-47a7-a818-e434e5672216: start a7b6a586-909c-47a7-a818-e434e5672216@group-F34A6D962FBB-FollowerState
2021-12-02 14:31:46,169 [a7b6a586-909c-47a7-a818-e434e5672216@group-218C52D3B0E5-FollowerState] INFO  impl.FollowerState (FollowerState.java:run(134)) - a7b6a586-909c-47a7-a818-e434e5672216@group-218C52D3B0E5-FollowerState: change to CANDIDATE, lastRpcElapsedTime:5068001977ns, electionTimeout:5064ms
2021-12-02 14:31:46,169 [a7b6a586-909c-47a7-a818-e434e5672216@group-218C52D3B0E5-FollowerState] INFO  impl.RoleInfo (RoleInfo.java:shutdownFollowerState(108)) - a7b6a586-909c-47a7-a818-e434e5672216: shutdown a7b6a586-909c-47a7-a818-e434e5672216@group-218C52D3B0E5-FollowerState
2021-12-02 14:31:46,169 [a7b6a586-909c-47a7-a818-e434e5672216@group-218C52D3B0E5-FollowerState] INFO  server.RaftServer$Division (RaftServerImpl.java:setRole(290)) - a7b6a586-909c-47a7-a818-e434e5672216@group-218C52D3B0E5: changes role from  FOLLOWER to CANDIDATE at term 3 for changeToCandidate
2021-12-02 14:31:46,169 [a7b6a586-909c-47a7-a818-e434e5672216@group-218C52D3B0E5-FollowerState] INFO  server.RaftServerConfigKeys (ConfUtils.java:logGet(44)) - raft.server.leaderelection.pre-vote = false (custom)
2021-12-02 14:31:46,170 [a7b6a586-909c-47a7-a818-e434e5672216@group-218C52D3B0E5-FollowerState] INFO  impl.RoleInfo (RoleInfo.java:updateAndGet(130)) - a7b6a586-909c-47a7-a818-e434e5672216: start a7b6a586-909c-47a7-a818-e434e5672216@group-218C52D3B0E5-LeaderElection129
2021-12-02 14:31:46,209 [a7b6a586-909c-47a7-a818-e434e5672216@group-218C52D3B0E5-LeaderElection129] INFO  impl.LeaderElection (LeaderElection.java:askForVotes(306)) - a7b6a586-909c-47a7-a818-e434e5672216@group-218C52D3B0E5-LeaderElection129 ELECTION round 0: submit vote requests at term 4 for -1: [a7b6a586-909c-47a7-a818-e434e5672216|rpc:10.1.0.16:38677|dataStream:|priority:0, 8698f9c0-0d63-4edb-bf8f-bb1ca05694ae|rpc:10.1.0.16:46057|dataStream:|priority:1, 277b06ce-74e8-46b5-b9ba-0eaaec62ec87|rpc:10.1.0.16:37685|dataStream:|priority:0], old=null
2021-12-02 14:31:46,214 [grpc-default-executor-6] INFO  server.RaftServer$Division (RaftServerImpl.java:requestVote(1046)) - 8698f9c0-0d63-4edb-bf8f-bb1ca05694ae@group-218C52D3B0E5: receive requestVote(ELECTION, a7b6a586-909c-47a7-a818-e434e5672216, group-218C52D3B0E5, 4, (t:0, i:0))
2021-12-02 14:31:46,214 [grpc-default-executor-6] INFO  impl.VoteContext (VoteContext.java:log(48)) - 8698f9c0-0d63-4edb-bf8f-bb1ca05694ae@group-218C52D3B0E5-FOLLOWER: reject ELECTION from a7b6a586-909c-47a7-a818-e434e5672216: our last entry (t:2, i:0) > candidate's last entry (t:0, i:0)
2021-12-02 14:31:46,214 [grpc-default-executor-6] INFO  server.RaftServer$Division (RaftServerImpl.java:setRole(290)) - 8698f9c0-0d63-4edb-bf8f-bb1ca05694ae@group-218C52D3B0E5: changes role from  FOLLOWER to FOLLOWER at term 4 for candidate:a7b6a586-909c-47a7-a818-e434e5672216
2021-12-02 14:31:46,214 [grpc-default-executor-6] INFO  impl.RoleInfo (RoleInfo.java:shutdownFollowerState(108)) - 8698f9c0-0d63-4edb-bf8f-bb1ca05694ae: shutdown 8698f9c0-0d63-4edb-bf8f-bb1ca05694ae@group-218C52D3B0E5-FollowerState
2021-12-02 14:31:46,215 [grpc-default-executor-6] INFO  impl.RoleInfo (RoleInfo.java:updateAndGet(130)) - 8698f9c0-0d63-4edb-bf8f-bb1ca05694ae: start 8698f9c0-0d63-4edb-bf8f-bb1ca05694ae@group-218C52D3B0E5-FollowerState
2021-12-02 14:31:46,216 [grpc-default-executor-1] INFO  server.RaftServer$Division (RaftServerImpl.java:requestVote(1046)) - 277b06ce-74e8-46b5-b9ba-0eaaec62ec87@group-218C52D3B0E5: receive requestVote(ELECTION, a7b6a586-909c-47a7-a818-e434e5672216, group-218C52D3B0E5, 4, (t:0, i:0))
2021-12-02 14:31:46,216 [grpc-default-executor-1] INFO  impl.VoteContext (VoteContext.java:log(48)) - 277b06ce-74e8-46b5-b9ba-0eaaec62ec87@group-218C52D3B0E5-FOLLOWER: reject ELECTION from a7b6a586-909c-47a7-a818-e434e5672216: our last entry (t:2, i:0) > candidate's last entry (t:0, i:0)
2021-12-02 14:31:46,216 [grpc-default-executor-1] INFO  server.RaftServer$Division (RaftServerImpl.java:setRole(290)) - 277b06ce-74e8-46b5-b9ba-0eaaec62ec87@group-218C52D3B0E5: changes role from  FOLLOWER to FOLLOWER at term 4 for candidate:a7b6a586-909c-47a7-a818-e434e5672216
2021-12-02 14:31:46,216 [grpc-default-executor-1] INFO  impl.RoleInfo (RoleInfo.java:shutdownFollowerState(108)) - 277b06ce-74e8-46b5-b9ba-0eaaec62ec87: shutdown 277b06ce-74e8-46b5-b9ba-0eaaec62ec87@group-218C52D3B0E5-FollowerState
2021-12-02 14:31:46,217 [grpc-default-executor-1] INFO  impl.RoleInfo (RoleInfo.java:updateAndGet(130)) - 277b06ce-74e8-46b5-b9ba-0eaaec62ec87: start 277b06ce-74e8-46b5-b9ba-0eaaec62ec87@group-218C52D3B0E5-FollowerState
2021-12-02 14:31:46,217 [277b06ce-74e8-46b5-b9ba-0eaaec62ec87@group-218C52D3B0E5-FollowerState] INFO  impl.FollowerState (FollowerState.java:run(143)) - 277b06ce-74e8-46b5-b9ba-0eaaec62ec87@group-218C52D3B0E5-FollowerState was interrupted: {}
java.lang.InterruptedException: sleep interrupted
	at java.lang.Thread.sleep(Native Method)
	at java.lang.Thread.sleep(Thread.java:340)
	at java.util.concurrent.TimeUnit.sleep(TimeUnit.java:386)
	at org.apache.ratis.util.TimeDuration.sleep(TimeDuration.java:324)
	at org.apache.ratis.util.TimeDuration.sleep(TimeDuration.java:309)
	at org.apache.ratis.server.impl.FollowerState.run(FollowerState.java:118)
2021-12-02 14:31:46,267 [grpc-default-executor-6] INFO  server.RaftServer$Division (RaftServerImpl.java:requestVote(1078)) - 8698f9c0-0d63-4edb-bf8f-bb1ca05694ae@group-218C52D3B0E5 replies to ELECTION vote request: a7b6a586-909c-47a7-a818-e434e5672216<-8698f9c0-0d63-4edb-bf8f-bb1ca05694ae#0:FAIL-t4. Peer's state: 8698f9c0-0d63-4edb-bf8f-bb1ca05694ae@group-218C52D3B0E5:t4, leader=null, voted=null, raftlog=8698f9c0-0d63-4edb-bf8f-bb1ca05694ae@group-218C52D3B0E5-SegmentedRaftLog:OPENED:c-1, conf=0: [a7b6a586-909c-47a7-a818-e434e5672216|rpc:10.1.0.16:38677|dataStream:|priority:0, 8698f9c0-0d63-4edb-bf8f-bb1ca05694ae|rpc:10.1.0.16:46057|dataStream:|priority:1, 277b06ce-74e8-46b5-b9ba-0eaaec62ec87|rpc:10.1.0.16:37685|dataStream:|priority:0], old=null
2021-12-02 14:31:46,267 [8698f9c0-0d63-4edb-bf8f-bb1ca05694ae@group-218C52D3B0E5-FollowerState] INFO  impl.FollowerState (FollowerState.java:run(143)) - 8698f9c0-0d63-4edb-bf8f-bb1ca05694ae@group-218C52D3B0E5-FollowerState was interrupted: {}
java.lang.InterruptedException: sleep interrupted
	at java.lang.Thread.sleep(Native Method)
	at java.lang.Thread.sleep(Thread.java:340)
	at java.util.concurrent.TimeUnit.sleep(TimeUnit.java:386)
	at org.apache.ratis.util.TimeDuration.sleep(TimeDuration.java:324)
	at org.apache.ratis.util.TimeDuration.sleep(TimeDuration.java:309)
	at org.apache.ratis.server.impl.FollowerState.run(FollowerState.java:118)
2021-12-02 14:31:46,270 [grpc-default-executor-1] INFO  server.RaftServer$Division (RaftServerImpl.java:requestVote(1078)) - 277b06ce-74e8-46b5-b9ba-0eaaec62ec87@group-218C52D3B0E5 replies to ELECTION vote request: a7b6a586-909c-47a7-a818-e434e5672216<-277b06ce-74e8-46b5-b9ba-0eaaec62ec87#0:FAIL-t4. Peer's state: 277b06ce-74e8-46b5-b9ba-0eaaec62ec87@group-218C52D3B0E5:t4, leader=null, voted=null, raftlog=277b06ce-74e8-46b5-b9ba-0eaaec62ec87@group-218C52D3B0E5-SegmentedRaftLog:OPENED:c-1, conf=0: [a7b6a586-909c-47a7-a818-e434e5672216|rpc:10.1.0.16:38677|dataStream:|priority:0, 8698f9c0-0d63-4edb-bf8f-bb1ca05694ae|rpc:10.1.0.16:46057|dataStream:|priority:1, 277b06ce-74e8-46b5-b9ba-0eaaec62ec87|rpc:10.1.0.16:37685|dataStream:|priority:0], old=null
2021-12-02 14:31:46,297 [a7b6a586-909c-47a7-a818-e434e5672216@group-218C52D3B0E5-LeaderElection129] INFO  impl.LeaderElection (LeaderElection.java:logAndReturn(89)) - a7b6a586-909c-47a7-a818-e434e5672216@group-218C52D3B0E5-LeaderElection129: ELECTION REJECTED received 2 response(s) and 0 exception(s):
2021-12-02 14:31:46,297 [a7b6a586-909c-47a7-a818-e434e5672216@group-218C52D3B0E5-LeaderElection129] INFO  impl.LeaderElection (LeaderElection.java:logAndReturn(93)) -   Response 0: a7b6a586-909c-47a7-a818-e434e5672216<-277b06ce-74e8-46b5-b9ba-0eaaec62ec87#0:FAIL-t4
2021-12-02 14:31:46,297 [a7b6a586-909c-47a7-a818-e434e5672216@group-218C52D3B0E5-LeaderElection129] INFO  impl.LeaderElection (LeaderElection.java:logAndReturn(93)) -   Response 1: a7b6a586-909c-47a7-a818-e434e5672216<-8698f9c0-0d63-4edb-bf8f-bb1ca05694ae#0:FAIL-t4
2021-12-02 14:31:46,297 [a7b6a586-909c-47a7-a818-e434e5672216@group-218C52D3B0E5-LeaderElection129] INFO  impl.LeaderElection (LeaderElection.java:askForVotes(308)) - a7b6a586-909c-47a7-a818-e434e5672216@group-218C52D3B0E5-LeaderElection129 ELECTION round 0: result REJECTED
2021-12-02 14:31:46,297 [a7b6a586-909c-47a7-a818-e434e5672216@group-218C52D3B0E5-LeaderElection129] INFO  server.RaftServer$Division (RaftServerImpl.java:setRole(290)) - a7b6a586-909c-47a7-a818-e434e5672216@group-218C52D3B0E5: changes role from CANDIDATE to FOLLOWER at term 4 for REJECTED
2021-12-02 14:31:46,298 [a7b6a586-909c-47a7-a818-e434e5672216@group-218C52D3B0E5-LeaderElection129] INFO  impl.RoleInfo (RoleInfo.java:shutdownLeaderElection(121)) - a7b6a586-909c-47a7-a818-e434e5672216: shutdown a7b6a586-909c-47a7-a818-e434e5672216@group-218C52D3B0E5-LeaderElection129
2021-12-02 14:31:46,298 [a7b6a586-909c-47a7-a818-e434e5672216@group-218C52D3B0E5-LeaderElection129] INFO  impl.RoleInfo (RoleInfo.java:updateAndGet(130)) - a7b6a586-909c-47a7-a818-e434e5672216: start a7b6a586-909c-47a7-a818-e434e5672216@group-218C52D3B0E5-FollowerState
2021-12-02 14:31:47,859 [880aaef5-a54e-4898-af17-abc2dce457d4@group-2DF00E79AB8C-FollowerState] INFO  impl.FollowerState (FollowerState.java:run(134)) - 880aaef5-a54e-4898-af17-abc2dce457d4@group-2DF00E79AB8C-FollowerState: change to CANDIDATE, lastRpcElapsedTime:5082428403ns, electionTimeout:5076ms
2021-12-02 14:31:47,859 [880aaef5-a54e-4898-af17-abc2dce457d4@group-2DF00E79AB8C-FollowerState] INFO  impl.RoleInfo (RoleInfo.java:shutdownFollowerState(108)) - 880aaef5-a54e-4898-af17-abc2dce457d4: shutdown 880aaef5-a54e-4898-af17-abc2dce457d4@group-2DF00E79AB8C-FollowerState
2021-12-02 14:31:47,860 [880aaef5-a54e-4898-af17-abc2dce457d4@group-2DF00E79AB8C-FollowerState] INFO  server.RaftServer$Division (RaftServerImpl.java:setRole(290)) - 880aaef5-a54e-4898-af17-abc2dce457d4@group-2DF00E79AB8C: changes role from  FOLLOWER to CANDIDATE at term 2 for changeToCandidate
2021-12-02 14:31:47,860 [880aaef5-a54e-4898-af17-abc2dce457d4@group-2DF00E79AB8C-FollowerState] INFO  server.RaftServerConfigKeys (ConfUtils.java:logGet(44)) - raft.server.leaderelection.pre-vote = false (custom)
2021-12-02 14:31:47,860 [880aaef5-a54e-4898-af17-abc2dce457d4@group-2DF00E79AB8C-FollowerState] INFO  impl.RoleInfo (RoleInfo.java:updateAndGet(130)) - 880aaef5-a54e-4898-af17-abc2dce457d4: start 880aaef5-a54e-4898-af17-abc2dce457d4@group-2DF00E79AB8C-LeaderElection130
2021-12-02 14:31:47,894 [880aaef5-a54e-4898-af17-abc2dce457d4@group-2DF00E79AB8C-LeaderElection130] INFO  impl.LeaderElection (LeaderElection.java:askForVotes(306)) - 880aaef5-a54e-4898-af17-abc2dce457d4@group-2DF00E79AB8C-LeaderElection130 ELECTION round 0: submit vote requests at term 3 for -1: [ecb5ef9a-e3c1-46e1-bc6e-74dcb14bbdd1|rpc:10.1.0.16:41883|priority:0, 378d0879-743d-4e9f-84ed-de5a08f6d2b8|rpc:10.1.0.16:33383|priority:0, 880aaef5-a54e-4898-af17-abc2dce457d4|rpc:10.1.0.16:38967|priority:1], old=null
2021-12-02 14:31:47,896 [grpc-default-executor-1] INFO  server.RaftServer$Division (RaftServerImpl.java:requestVote(1046)) - ecb5ef9a-e3c1-46e1-bc6e-74dcb14bbdd1@group-2DF00E79AB8C: receive requestVote(ELECTION, 880aaef5-a54e-4898-af17-abc2dce457d4, group-2DF00E79AB8C, 3, (t:0, i:0))
2021-12-02 14:31:47,896 [grpc-default-executor-1] INFO  impl.VoteContext (VoteContext.java:log(48)) - ecb5ef9a-e3c1-46e1-bc6e-74dcb14bbdd1@group-2DF00E79AB8C-FOLLOWER: accept ELECTION from 880aaef5-a54e-4898-af17-abc2dce457d4: our priority 0 <= candidate's priority 1
2021-12-02 14:31:47,896 [grpc-default-executor-1] INFO  server.RaftServer$Division (RaftServerImpl.java:setRole(290)) - ecb5ef9a-e3c1-46e1-bc6e-74dcb14bbdd1@group-2DF00E79AB8C: changes role from  FOLLOWER to FOLLOWER at term 3 for candidate:880aaef5-a54e-4898-af17-abc2dce457d4
2021-12-02 14:31:47,896 [grpc-default-executor-1] INFO  impl.RoleInfo (RoleInfo.java:shutdownFollowerState(108)) - ecb5ef9a-e3c1-46e1-bc6e-74dcb14bbdd1: shutdown ecb5ef9a-e3c1-46e1-bc6e-74dcb14bbdd1@group-2DF00E79AB8C-FollowerState
2021-12-02 14:31:47,896 [grpc-default-executor-1] INFO  impl.RoleInfo (RoleInfo.java:updateAndGet(130)) - ecb5ef9a-e3c1-46e1-bc6e-74dcb14bbdd1: start ecb5ef9a-e3c1-46e1-bc6e-74dcb14bbdd1@group-2DF00E79AB8C-FollowerState
2021-12-02 14:31:47,896 [ecb5ef9a-e3c1-46e1-bc6e-74dcb14bbdd1@group-2DF00E79AB8C-FollowerState] INFO  impl.FollowerState (FollowerState.java:run(143)) - ecb5ef9a-e3c1-46e1-bc6e-74dcb14bbdd1@group-2DF00E79AB8C-FollowerState was interrupted: {}
java.lang.InterruptedException: sleep interrupted
	at java.lang.Thread.sleep(Native Method)
	at java.lang.Thread.sleep(Thread.java:340)
	at java.util.concurrent.TimeUnit.sleep(TimeUnit.java:386)
	at org.apache.ratis.util.TimeDuration.sleep(TimeDuration.java:324)
	at org.apache.ratis.util.TimeDuration.sleep(TimeDuration.java:309)
	at org.apache.ratis.server.impl.FollowerState.run(FollowerState.java:118)
2021-12-02 14:31:47,897 [grpc-default-executor-6] INFO  server.RaftServer$Division (RaftServerImpl.java:requestVote(1046)) - 378d0879-743d-4e9f-84ed-de5a08f6d2b8@group-2DF00E79AB8C: receive requestVote(ELECTION, 880aaef5-a54e-4898-af17-abc2dce457d4, group-2DF00E79AB8C, 3, (t:0, i:0))
2021-12-02 14:31:47,897 [grpc-default-executor-6] INFO  impl.VoteContext (VoteContext.java:log(48)) - 378d0879-743d-4e9f-84ed-de5a08f6d2b8@group-2DF00E79AB8C-FOLLOWER: accept ELECTION from 880aaef5-a54e-4898-af17-abc2dce457d4: our priority 0 <= candidate's priority 1
2021-12-02 14:31:47,897 [grpc-default-executor-6] INFO  server.RaftServer$Division (RaftServerImpl.java:setRole(290)) - 378d0879-743d-4e9f-84ed-de5a08f6d2b8@group-2DF00E79AB8C: changes role from  FOLLOWER to FOLLOWER at term 3 for candidate:880aaef5-a54e-4898-af17-abc2dce457d4
2021-12-02 14:31:47,897 [grpc-default-executor-6] INFO  impl.RoleInfo (RoleInfo.java:shutdownFollowerState(108)) - 378d0879-743d-4e9f-84ed-de5a08f6d2b8: shutdown 378d0879-743d-4e9f-84ed-de5a08f6d2b8@group-2DF00E79AB8C-FollowerState
2021-12-02 14:31:47,898 [grpc-default-executor-6] INFO  impl.RoleInfo (RoleInfo.java:updateAndGet(130)) - 378d0879-743d-4e9f-84ed-de5a08f6d2b8: start 378d0879-743d-4e9f-84ed-de5a08f6d2b8@group-2DF00E79AB8C-FollowerState
2021-12-02 14:31:47,898 [378d0879-743d-4e9f-84ed-de5a08f6d2b8@group-2DF00E79AB8C-FollowerState] INFO  impl.FollowerState (FollowerState.java:run(143)) - 378d0879-743d-4e9f-84ed-de5a08f6d2b8@group-2DF00E79AB8C-FollowerState was interrupted: {}
java.lang.InterruptedException: sleep interrupted
	at java.lang.Thread.sleep(Native Method)
	at java.lang.Thread.sleep(Thread.java:340)
	at java.util.concurrent.TimeUnit.sleep(TimeUnit.java:386)
	at org.apache.ratis.util.TimeDuration.sleep(TimeDuration.java:324)
	at org.apache.ratis.util.TimeDuration.sleep(TimeDuration.java:309)
	at org.apache.ratis.server.impl.FollowerState.run(FollowerState.java:118)
2021-12-02 14:31:47,904 [grpc-default-executor-1] INFO  server.RaftServer$Division (RaftServerImpl.java:requestVote(1078)) - ecb5ef9a-e3c1-46e1-bc6e-74dcb14bbdd1@group-2DF00E79AB8C replies to ELECTION vote request: 880aaef5-a54e-4898-af17-abc2dce457d4<-ecb5ef9a-e3c1-46e1-bc6e-74dcb14bbdd1#0:OK-t3. Peer's state: ecb5ef9a-e3c1-46e1-bc6e-74dcb14bbdd1@group-2DF00E79AB8C:t3, leader=null, voted=880aaef5-a54e-4898-af17-abc2dce457d4, raftlog=ecb5ef9a-e3c1-46e1-bc6e-74dcb14bbdd1@group-2DF00E79AB8C-SegmentedRaftLog:OPENED:c-1, conf=-1: [ecb5ef9a-e3c1-46e1-bc6e-74dcb14bbdd1|rpc:10.1.0.16:41883|priority:0, 378d0879-743d-4e9f-84ed-de5a08f6d2b8|rpc:10.1.0.16:33383|priority:0, 880aaef5-a54e-4898-af17-abc2dce457d4|rpc:10.1.0.16:38967|priority:1], old=null
2021-12-02 14:31:47,946 [grpc-default-executor-6] INFO  server.RaftServer$Division (RaftServerImpl.java:requestVote(1078)) - 378d0879-743d-4e9f-84ed-de5a08f6d2b8@group-2DF00E79AB8C replies to ELECTION vote request: 880aaef5-a54e-4898-af17-abc2dce457d4<-378d0879-743d-4e9f-84ed-de5a08f6d2b8#0:OK-t3. Peer's state: 378d0879-743d-4e9f-84ed-de5a08f6d2b8@group-2DF00E79AB8C:t3, leader=null, voted=880aaef5-a54e-4898-af17-abc2dce457d4, raftlog=378d0879-743d-4e9f-84ed-de5a08f6d2b8@group-2DF00E79AB8C-SegmentedRaftLog:OPENED:c-1, conf=-1: [ecb5ef9a-e3c1-46e1-bc6e-74dcb14bbdd1|rpc:10.1.0.16:41883|dataStream:|priority:0, 378d0879-743d-4e9f-84ed-de5a08f6d2b8|rpc:10.1.0.16:33383|dataStream:|priority:0, 880aaef5-a54e-4898-af17-abc2dce457d4|rpc:10.1.0.16:38967|dataStream:|priority:1], old=null
2021-12-02 14:31:47,947 [880aaef5-a54e-4898-af17-abc2dce457d4@group-2DF00E79AB8C-LeaderElection130] INFO  impl.LeaderElection (LeaderElection.java:logAndReturn(89)) - 880aaef5-a54e-4898-af17-abc2dce457d4@group-2DF00E79AB8C-LeaderElection130: ELECTION PASSED received 1 response(s) and 0 exception(s):
2021-12-02 14:31:47,947 [880aaef5-a54e-4898-af17-abc2dce457d4@group-2DF00E79AB8C-LeaderElection130] INFO  impl.LeaderElection (LeaderElection.java:logAndReturn(93)) -   Response 0: 880aaef5-a54e-4898-af17-abc2dce457d4<-ecb5ef9a-e3c1-46e1-bc6e-74dcb14bbdd1#0:OK-t3
2021-12-02 14:31:47,955 [880aaef5-a54e-4898-af17-abc2dce457d4@group-2DF00E79AB8C-LeaderElection130] INFO  impl.LeaderElection (LeaderElection.java:askForVotes(308)) - 880aaef5-a54e-4898-af17-abc2dce457d4@group-2DF00E79AB8C-LeaderElection130 ELECTION round 0: result PASSED
2021-12-02 14:31:47,955 [880aaef5-a54e-4898-af17-abc2dce457d4@group-2DF00E79AB8C-LeaderElection130] INFO  impl.RoleInfo (RoleInfo.java:shutdownLeaderElection(121)) - 880aaef5-a54e-4898-af17-abc2dce457d4: shutdown 880aaef5-a54e-4898-af17-abc2dce457d4@group-2DF00E79AB8C-LeaderElection130
2021-12-02 14:31:47,955 [880aaef5-a54e-4898-af17-abc2dce457d4@group-2DF00E79AB8C-LeaderElection130] INFO  server.RaftServer$Division (RaftServerImpl.java:setRole(290)) - 880aaef5-a54e-4898-af17-abc2dce457d4@group-2DF00E79AB8C: changes role from CANDIDATE to LEADER at term 3 for changeToLeader
2021-12-02 14:31:47,955 [880aaef5-a54e-4898-af17-abc2dce457d4@group-2DF00E79AB8C-LeaderElection130] INFO  ratis.XceiverServerRatis (XceiverServerRatis.java:handleLeaderChangedNotification(866)) - Leader change notification received for group: group-2DF00E79AB8C with new leaderId: 880aaef5-a54e-4898-af17-abc2dce457d4
2021-12-02 14:31:47,955 [880aaef5-a54e-4898-af17-abc2dce457d4@group-2DF00E79AB8C-LeaderElection130] INFO  server.RaftServer$Division (ServerState.java:setLeader(285)) - 880aaef5-a54e-4898-af17-abc2dce457d4@group-2DF00E79AB8C: change Leader from null to 880aaef5-a54e-4898-af17-abc2dce457d4 at term 3 for becomeLeader, leader elected after 15420ms
2021-12-02 14:31:47,955 [880aaef5-a54e-4898-af17-abc2dce457d4@group-2DF00E79AB8C-LeaderElection130] INFO  server.RaftServerConfigKeys (ConfUtils.java:logGet(44)) - raft.server.staging.catchup.gap = 1000 (default)
2021-12-02 14:31:47,955 [880aaef5-a54e-4898-af17-abc2dce457d4@group-2DF00E79AB8C-LeaderElection130] INFO  server.RaftServerConfigKeys (ConfUtils.java:logGet(44)) - raft.server.write.element-limit = 1024 (custom)
2021-12-02 14:31:47,955 [880aaef5-a54e-4898-af17-abc2dce457d4@group-2DF00E79AB8C-LeaderElection130] INFO  server.RaftServerConfigKeys (ConfUtils.java:logGet(44)) - raft.server.write.byte-limit = 1024 M (=1073741824) (custom)
2021-12-02 14:31:47,956 [880aaef5-a54e-4898-af17-abc2dce457d4@group-2DF00E79AB8C-LeaderElection130] INFO  server.RaftServerConfigKeys (ConfUtils.java:logGet(44)) - raft.server.watch.timeout = 3000ms (custom)
2021-12-02 14:31:47,956 [880aaef5-a54e-4898-af17-abc2dce457d4@group-2DF00E79AB8C-LeaderElection130] INFO  server.RaftServerConfigKeys (ConfUtils.java:logGet(44)) - raft.server.watch.timeout.denomination = 1s (default)
2021-12-02 14:31:47,957 [880aaef5-a54e-4898-af17-abc2dce457d4@group-2DF00E79AB8C-LeaderElection130] INFO  server.RaftServerConfigKeys (ConfUtils.java:logGet(44)) - raft.server.watch.element-limit = 65536 (default)
2021-12-02 14:31:47,957 [880aaef5-a54e-4898-af17-abc2dce457d4@group-2DF00E79AB8C-LeaderElection130] INFO  server.RaftServerConfigKeys (ConfUtils.java:logGet(44)) - raft.server.write.element-limit = 1024 (custom)
2021-12-02 14:31:47,957 [880aaef5-a54e-4898-af17-abc2dce457d4@group-2DF00E79AB8C-LeaderElection130] INFO  server.RaftServerConfigKeys (ConfUtils.java:logGet(44)) - raft.server.write.follower.gap.ratio.max = -1.0 (default)
2021-12-02 14:31:47,957 [880aaef5-a54e-4898-af17-abc2dce457d4@group-2DF00E79AB8C-LeaderElection130] INFO  server.RaftServerConfigKeys (ConfUtils.java:logGet(44)) - raft.server.log.appender.snapshot.chunk.size.max = 16MB (=16777216) (default)
2021-12-02 14:31:47,957 [880aaef5-a54e-4898-af17-abc2dce457d4@group-2DF00E79AB8C-LeaderElection130] INFO  server.RaftServerConfigKeys (ConfUtils.java:logGet(44)) - raft.server.log.appender.buffer.byte-limit = 33554432 (custom)
2021-12-02 14:31:47,957 [880aaef5-a54e-4898-af17-abc2dce457d4@group-2DF00E79AB8C-LeaderElection130] INFO  server.RaftServerConfigKeys (ConfUtils.java:logGet(44)) - raft.server.log.appender.buffer.element-limit = 1 (custom)
2021-12-02 14:31:47,957 [880aaef5-a54e-4898-af17-abc2dce457d4@group-2DF00E79AB8C-LeaderElection130] INFO  grpc.GrpcConfigKeys (ConfUtils.java:logGet(44)) - raft.grpc.server.leader.outstanding.appends.max = 128 (default)
2021-12-02 14:31:47,957 [880aaef5-a54e-4898-af17-abc2dce457d4@group-2DF00E79AB8C-LeaderElection130] INFO  server.RaftServerConfigKeys (ConfUtils.java:logGet(44)) - raft.server.rpc.request.timeout = 3000ms (default)
2021-12-02 14:31:47,957 [880aaef5-a54e-4898-af17-abc2dce457d4@group-2DF00E79AB8C-LeaderElection130] INFO  server.RaftServerConfigKeys (ConfUtils.java:logGet(44)) - raft.server.log.appender.install.snapshot.enabled = false (custom)
2021-12-02 14:31:47,960 [EventQueue-PipelineReportForPipelineReportHandler] INFO  pipeline.PipelineManagerImpl (PipelineManagerImpl.java:openPipeline(289)) - Pipeline Pipeline[ Id: a4f3e589-f13b-489d-90d4-2df00e79ab8c, Nodes: 378d0879-743d-4e9f-84ed-de5a08f6d2b8{ip: 10.1.0.16, host: fv-az59-375.csjynl4pkq3e1pkirw3ssqjfoh.cx.internal.cloudapp.net, ports: [REPLICATION=39567, RATIS=33383, RATIS_ADMIN=33383, RATIS_SERVER=33383, STANDALONE=41955], networkLocation: /default-rack, certSerialId: null, persistedOpState: IN_SERVICE, persistedOpStateExpiryEpochSec: 0}880aaef5-a54e-4898-af17-abc2dce457d4{ip: 10.1.0.16, host: fv-az59-375.csjynl4pkq3e1pkirw3ssqjfoh.cx.internal.cloudapp.net, ports: [REPLICATION=44029, RATIS=38967, RATIS_ADMIN=38967, RATIS_SERVER=38967, STANDALONE=44995], networkLocation: /default-rack, certSerialId: null, persistedOpState: IN_SERVICE, persistedOpStateExpiryEpochSec: 0}ecb5ef9a-e3c1-46e1-bc6e-74dcb14bbdd1{ip: 10.1.0.16, host: fv-az59-375.csjynl4pkq3e1pkirw3ssqjfoh.cx.internal.cloudapp.net, ports: [REPLICATION=40215, RATIS=41883, RATIS_ADMIN=41883, RATIS_SERVER=41883, STANDALONE=34895], networkLocation: /default-rack, certSerialId: null, persistedOpState: IN_SERVICE, persistedOpStateExpiryEpochSec: 0}, ReplicationConfig: RATIS/THREE, State:ALLOCATED, leaderId:880aaef5-a54e-4898-af17-abc2dce457d4, CreationTimestamp2021-12-02T14:31:29.483Z[Etc/UTC]] moved to OPEN state
2021-12-02 14:31:47,962 [880aaef5-a54e-4898-af17-abc2dce457d4@group-2DF00E79AB8C-LeaderElection130] INFO  server.RaftServerConfigKeys (ConfUtils.java:logGet(44)) - raft.server.log.appender.snapshot.chunk.size.max = 16MB (=16777216) (default)
2021-12-02 14:31:47,963 [880aaef5-a54e-4898-af17-abc2dce457d4@group-2DF00E79AB8C-LeaderElection130] INFO  server.RaftServerConfigKeys (ConfUtils.java:logGet(44)) - raft.server.log.appender.buffer.byte-limit = 33554432 (custom)
2021-12-02 14:31:47,963 [880aaef5-a54e-4898-af17-abc2dce457d4@group-2DF00E79AB8C-LeaderElection130] INFO  server.RaftServerConfigKeys (ConfUtils.java:logGet(44)) - raft.server.log.appender.buffer.element-limit = 1 (custom)
2021-12-02 14:31:47,963 [880aaef5-a54e-4898-af17-abc2dce457d4@group-2DF00E79AB8C-LeaderElection130] INFO  grpc.GrpcConfigKeys (ConfUtils.java:logGet(44)) - raft.grpc.server.leader.outstanding.appends.max = 128 (default)
2021-12-02 14:31:47,963 [880aaef5-a54e-4898-af17-abc2dce457d4@group-2DF00E79AB8C-LeaderElection130] INFO  server.RaftServerConfigKeys (ConfUtils.java:logGet(44)) - raft.server.rpc.request.timeout = 3000ms (default)
2021-12-02 14:31:47,963 [880aaef5-a54e-4898-af17-abc2dce457d4@group-2DF00E79AB8C-LeaderElection130] INFO  server.RaftServerConfigKeys (ConfUtils.java:logGet(44)) - raft.server.log.appender.install.snapshot.enabled = false (custom)
2021-12-02 14:31:47,965 [880aaef5-a54e-4898-af17-abc2dce457d4@group-2DF00E79AB8C-LeaderElection130] INFO  impl.RoleInfo (RoleInfo.java:updateAndGet(130)) - 880aaef5-a54e-4898-af17-abc2dce457d4: start 880aaef5-a54e-4898-af17-abc2dce457d4@group-2DF00E79AB8C-LeaderStateImpl
2021-12-02 14:31:47,966 [880aaef5-a54e-4898-af17-abc2dce457d4@group-2DF00E79AB8C-LeaderElection130] INFO  segmented.SegmentedRaftLogWorker (SegmentedRaftLogWorker.java:startLogSegment(394)) - 880aaef5-a54e-4898-af17-abc2dce457d4@group-2DF00E79AB8C-SegmentedRaftLogWorker: Starting segment from index:0
2021-12-02 14:31:47,972 [880aaef5-a54e-4898-af17-abc2dce457d4@group-2DF00E79AB8C-SegmentedRaftLogWorker] INFO  segmented.SegmentedRaftLogWorker (SegmentedRaftLogWorker.java:execute(601)) - 880aaef5-a54e-4898-af17-abc2dce457d4@group-2DF00E79AB8C-SegmentedRaftLogWorker: created new log segment /home/runner/work/ozone/ozone/hadoop-ozone/integration-test/target/test-dir/MiniOzoneClusterImpl-fd94144e-5974-489a-b79f-b066564ba6f5/datanode-4/data/ratis/a4f3e589-f13b-489d-90d4-2df00e79ab8c/current/log_inprogress_0
2021-12-02 14:31:47,988 [grpc-default-executor-1] INFO  ratis.XceiverServerRatis (XceiverServerRatis.java:handleLeaderChangedNotification(866)) - Leader change notification received for group: group-2DF00E79AB8C with new leaderId: 880aaef5-a54e-4898-af17-abc2dce457d4
2021-12-02 14:31:47,988 [grpc-default-executor-1] INFO  server.RaftServer$Division (ServerState.java:setLeader(285)) - 378d0879-743d-4e9f-84ed-de5a08f6d2b8@group-2DF00E79AB8C: change Leader from null to 880aaef5-a54e-4898-af17-abc2dce457d4 at term 3 for appendEntries, leader elected after 15328ms
2021-12-02 14:31:47,991 [grpc-default-executor-1] INFO  server.RaftServer$Division (ServerState.java:setRaftConf(387)) - 378d0879-743d-4e9f-84ed-de5a08f6d2b8@group-2DF00E79AB8C: set configuration 0: [ecb5ef9a-e3c1-46e1-bc6e-74dcb14bbdd1|rpc:10.1.0.16:41883|dataStream:|priority:0, 378d0879-743d-4e9f-84ed-de5a08f6d2b8|rpc:10.1.0.16:33383|dataStream:|priority:0, 880aaef5-a54e-4898-af17-abc2dce457d4|rpc:10.1.0.16:38967|dataStream:|priority:1], old=null
2021-12-02 14:31:47,992 [grpc-default-executor-1] INFO  segmented.SegmentedRaftLogWorker (SegmentedRaftLogWorker.java:startLogSegment(394)) - 378d0879-743d-4e9f-84ed-de5a08f6d2b8@group-2DF00E79AB8C-SegmentedRaftLogWorker: Starting segment from index:0
2021-12-02 14:31:48,026 [880aaef5-a54e-4898-af17-abc2dce457d4@group-2DF00E79AB8C-LeaderElection130] INFO  server.RaftServer$Division (ServerState.java:setRaftConf(387)) - 880aaef5-a54e-4898-af17-abc2dce457d4@group-2DF00E79AB8C: set configuration 0: [ecb5ef9a-e3c1-46e1-bc6e-74dcb14bbdd1|rpc:10.1.0.16:41883|dataStream:|priority:0, 378d0879-743d-4e9f-84ed-de5a08f6d2b8|rpc:10.1.0.16:33383|dataStream:|priority:0, 880aaef5-a54e-4898-af17-abc2dce457d4|rpc:10.1.0.16:38967|dataStream:|priority:1], old=null
2021-12-02 14:31:48,055 [378d0879-743d-4e9f-84ed-de5a08f6d2b8@group-2DF00E79AB8C-SegmentedRaftLogWorker] INFO  segmented.SegmentedRaftLogWorker (SegmentedRaftLogWorker.java:execute(601)) - 378d0879-743d-4e9f-84ed-de5a08f6d2b8@group-2DF00E79AB8C-SegmentedRaftLogWorker: created new log segment /home/runner/work/ozone/ozone/hadoop-ozone/integration-test/target/test-dir/MiniOzoneClusterImpl-fd94144e-5974-489a-b79f-b066564ba6f5/datanode-5/data/ratis/a4f3e589-f13b-489d-90d4-2df00e79ab8c/current/log_inprogress_0
2021-12-02 14:31:48,109 [grpc-default-executor-6] INFO  ratis.XceiverServerRatis (XceiverServerRatis.java:handleLeaderChangedNotification(866)) - Leader change notification received for group: group-2DF00E79AB8C with new leaderId: 880aaef5-a54e-4898-af17-abc2dce457d4
2021-12-02 14:31:48,109 [grpc-default-executor-6] INFO  server.RaftServer$Division (ServerState.java:setLeader(285)) - ecb5ef9a-e3c1-46e1-bc6e-74dcb14bbdd1@group-2DF00E79AB8C: change Leader from null to 880aaef5-a54e-4898-af17-abc2dce457d4 at term 3 for appendEntries, leader elected after 15667ms
2021-12-02 14:31:48,116 [grpc-default-executor-6] INFO  server.RaftServer$Division (ServerState.java:setRaftConf(387)) - ecb5ef9a-e3c1-46e1-bc6e-74dcb14bbdd1@group-2DF00E79AB8C: set configuration 0: [ecb5ef9a-e3c1-46e1-bc6e-74dcb14bbdd1|rpc:10.1.0.16:41883|dataStream:|priority:0, 378d0879-743d-4e9f-84ed-de5a08f6d2b8|rpc:10.1.0.16:33383|dataStream:|priority:0, 880aaef5-a54e-4898-af17-abc2dce457d4|rpc:10.1.0.16:38967|dataStream:|priority:1], old=null
2021-12-02 14:31:48,116 [grpc-default-executor-6] INFO  segmented.SegmentedRaftLogWorker (SegmentedRaftLogWorker.java:startLogSegment(394)) - ecb5ef9a-e3c1-46e1-bc6e-74dcb14bbdd1@group-2DF00E79AB8C-SegmentedRaftLogWorker: Starting segment from index:0
2021-12-02 14:31:48,119 [ecb5ef9a-e3c1-46e1-bc6e-74dcb14bbdd1@group-2DF00E79AB8C-SegmentedRaftLogWorker] INFO  segmented.SegmentedRaftLogWorker (SegmentedRaftLogWorker.java:execute(601)) - ecb5ef9a-e3c1-46e1-bc6e-74dcb14bbdd1@group-2DF00E79AB8C-SegmentedRaftLogWorker: created new log segment /home/runner/work/ozone/ozone/hadoop-ozone/integration-test/target/test-dir/MiniOzoneClusterImpl-fd94144e-5974-489a-b79f-b066564ba6f5/datanode-3/data/ratis/a4f3e589-f13b-489d-90d4-2df00e79ab8c/current/log_inprogress_0
2021-12-02 14:31:51,117 [277b06ce-74e8-46b5-b9ba-0eaaec62ec87@group-F34A6D962FBB-FollowerState] INFO  impl.FollowerState (FollowerState.java:run(134)) - 277b06ce-74e8-46b5-b9ba-0eaaec62ec87@group-F34A6D962FBB-FollowerState: change to CANDIDATE, lastRpcElapsedTime:5062331435ns, electionTimeout:5062ms
2021-12-02 14:31:51,117 [277b06ce-74e8-46b5-b9ba-0eaaec62ec87@group-F34A6D962FBB-FollowerState] INFO  impl.RoleInfo (RoleInfo.java:shutdownFollowerState(108)) - 277b06ce-74e8-46b5-b9ba-0eaaec62ec87: shutdown 277b06ce-74e8-46b5-b9ba-0eaaec62ec87@group-F34A6D962FBB-FollowerState
2021-12-02 14:31:51,117 [277b06ce-74e8-46b5-b9ba-0eaaec62ec87@group-F34A6D962FBB-FollowerState] INFO  server.RaftServer$Division (RaftServerImpl.java:setRole(290)) - 277b06ce-74e8-46b5-b9ba-0eaaec62ec87@group-F34A6D962FBB: changes role from  FOLLOWER to CANDIDATE at term 3 for changeToCandidate
2021-12-02 14:31:51,117 [277b06ce-74e8-46b5-b9ba-0eaaec62ec87@group-F34A6D962FBB-FollowerState] INFO  server.RaftServerConfigKeys (ConfUtils.java:logGet(44)) - raft.server.leaderelection.pre-vote = false (custom)
2021-12-02 14:31:51,117 [277b06ce-74e8-46b5-b9ba-0eaaec62ec87@group-F34A6D962FBB-FollowerState] INFO  impl.RoleInfo (RoleInfo.java:updateAndGet(130)) - 277b06ce-74e8-46b5-b9ba-0eaaec62ec87: start 277b06ce-74e8-46b5-b9ba-0eaaec62ec87@group-F34A6D962FBB-LeaderElection131
2021-12-02 14:31:51,157 [277b06ce-74e8-46b5-b9ba-0eaaec62ec87@group-F34A6D962FBB-LeaderElection131] INFO  impl.LeaderElection (LeaderElection.java:askForVotes(306)) - 277b06ce-74e8-46b5-b9ba-0eaaec62ec87@group-F34A6D962FBB-LeaderElection131 ELECTION round 0: submit vote requests at term 4 for -1: [a7b6a586-909c-47a7-a818-e434e5672216|rpc:10.1.0.16:38677|priority:1, 8698f9c0-0d63-4edb-bf8f-bb1ca05694ae|rpc:10.1.0.16:46057|priority:0, 277b06ce-74e8-46b5-b9ba-0eaaec62ec87|rpc:10.1.0.16:37685|priority:0], old=null
2021-12-02 14:31:51,159 [grpc-default-executor-6] INFO  server.RaftServer$Division (RaftServerImpl.java:requestVote(1046)) - a7b6a586-909c-47a7-a818-e434e5672216@group-F34A6D962FBB: receive requestVote(ELECTION, 277b06ce-74e8-46b5-b9ba-0eaaec62ec87, group-F34A6D962FBB, 4, (t:0, i:0))
2021-12-02 14:31:51,159 [grpc-default-executor-6] INFO  impl.VoteContext (VoteContext.java:log(48)) - a7b6a586-909c-47a7-a818-e434e5672216@group-F34A6D962FBB-FOLLOWER: reject ELECTION from 277b06ce-74e8-46b5-b9ba-0eaaec62ec87: our priority 1 > candidate's priority 0
2021-12-02 14:31:51,159 [grpc-default-executor-6] INFO  server.RaftServer$Division (RaftServerImpl.java:setRole(290)) - a7b6a586-909c-47a7-a818-e434e5672216@group-F34A6D962FBB: changes role from  FOLLOWER to FOLLOWER at term 4 for candidate:277b06ce-74e8-46b5-b9ba-0eaaec62ec87
2021-12-02 14:31:51,159 [grpc-default-executor-6] INFO  impl.RoleInfo (RoleInfo.java:shutdownFollowerState(108)) - a7b6a586-909c-47a7-a818-e434e5672216: shutdown a7b6a586-909c-47a7-a818-e434e5672216@group-F34A6D962FBB-FollowerState
2021-12-02 14:31:51,159 [grpc-default-executor-6] INFO  impl.RoleInfo (RoleInfo.java:updateAndGet(130)) - a7b6a586-909c-47a7-a818-e434e5672216: start a7b6a586-909c-47a7-a818-e434e5672216@group-F34A6D962FBB-FollowerState
2021-12-02 14:31:51,159 [a7b6a586-909c-47a7-a818-e434e5672216@group-F34A6D962FBB-FollowerState] INFO  impl.FollowerState (FollowerState.java:run(143)) - a7b6a586-909c-47a7-a818-e434e5672216@group-F34A6D962FBB-FollowerState was interrupted: {}
java.lang.InterruptedException: sleep interrupted
	at java.lang.Thread.sleep(Native Method)
	at java.lang.Thread.sleep(Thread.java:340)
	at java.util.concurrent.TimeUnit.sleep(TimeUnit.java:386)
	at org.apache.ratis.util.TimeDuration.sleep(TimeDuration.java:324)
	at org.apache.ratis.util.TimeDuration.sleep(TimeDuration.java:309)
	at org.apache.ratis.server.impl.FollowerState.run(FollowerState.java:118)
2021-12-02 14:31:51,163 [grpc-default-executor-1] INFO  server.RaftServer$Division (RaftServerImpl.java:requestVote(1046)) - 8698f9c0-0d63-4edb-bf8f-bb1ca05694ae@group-F34A6D962FBB: receive requestVote(ELECTION, 277b06ce-74e8-46b5-b9ba-0eaaec62ec87, group-F34A6D962FBB, 4, (t:0, i:0))
2021-12-02 14:31:51,163 [grpc-default-executor-1] INFO  impl.VoteContext (VoteContext.java:log(48)) - 8698f9c0-0d63-4edb-bf8f-bb1ca05694ae@group-F34A6D962FBB-FOLLOWER: accept ELECTION from 277b06ce-74e8-46b5-b9ba-0eaaec62ec87: our priority 0 <= candidate's priority 0
2021-12-02 14:31:51,163 [grpc-default-executor-1] INFO  server.RaftServer$Division (RaftServerImpl.java:setRole(290)) - 8698f9c0-0d63-4edb-bf8f-bb1ca05694ae@group-F34A6D962FBB: changes role from  FOLLOWER to FOLLOWER at term 4 for candidate:277b06ce-74e8-46b5-b9ba-0eaaec62ec87
2021-12-02 14:31:51,163 [grpc-default-executor-1] INFO  impl.RoleInfo (RoleInfo.java:shutdownFollowerState(108)) - 8698f9c0-0d63-4edb-bf8f-bb1ca05694ae: shutdown 8698f9c0-0d63-4edb-bf8f-bb1ca05694ae@group-F34A6D962FBB-FollowerState
2021-12-02 14:31:51,171 [grpc-default-executor-1] INFO  impl.RoleInfo (RoleInfo.java:updateAndGet(130)) - 8698f9c0-0d63-4edb-bf8f-bb1ca05694ae: start 8698f9c0-0d63-4edb-bf8f-bb1ca05694ae@group-F34A6D962FBB-FollowerState
2021-12-02 14:31:51,171 [8698f9c0-0d63-4edb-bf8f-bb1ca05694ae@group-F34A6D962FBB-FollowerState] INFO  impl.FollowerState (FollowerState.java:run(143)) - 8698f9c0-0d63-4edb-bf8f-bb1ca05694ae@group-F34A6D962FBB-FollowerState was interrupted: {}
java.lang.InterruptedException: sleep interrupted
	at java.lang.Thread.sleep(Native Method)
	at java.lang.Thread.sleep(Thread.java:340)
	at java.util.concurrent.TimeUnit.sleep(TimeUnit.java:386)
	at org.apache.ratis.util.TimeDuration.sleep(TimeDuration.java:324)
	at org.apache.ratis.util.TimeDuration.sleep(TimeDuration.java:309)
	at org.apache.ratis.server.impl.FollowerState.run(FollowerState.java:118)
2021-12-02 14:31:51,172 [grpc-default-executor-6] INFO  server.RaftServer$Division (RaftServerImpl.java:requestVote(1078)) - a7b6a586-909c-47a7-a818-e434e5672216@group-F34A6D962FBB replies to ELECTION vote request: 277b06ce-74e8-46b5-b9ba-0eaaec62ec87<-a7b6a586-909c-47a7-a818-e434e5672216#0:FAIL-t4. Peer's state: a7b6a586-909c-47a7-a818-e434e5672216@group-F34A6D962FBB:t4, leader=null, voted=null, raftlog=a7b6a586-909c-47a7-a818-e434e5672216@group-F34A6D962FBB-SegmentedRaftLog:OPENED:c-1, conf=-1: [a7b6a586-909c-47a7-a818-e434e5672216|rpc:10.1.0.16:38677|dataStream:|priority:1, 8698f9c0-0d63-4edb-bf8f-bb1ca05694ae|rpc:10.1.0.16:46057|dataStream:|priority:0, 277b06ce-74e8-46b5-b9ba-0eaaec62ec87|rpc:10.1.0.16:37685|dataStream:|priority:0], old=null
2021-12-02 14:31:51,189 [grpc-default-executor-1] INFO  server.RaftServer$Division (RaftServerImpl.java:requestVote(1078)) - 8698f9c0-0d63-4edb-bf8f-bb1ca05694ae@group-F34A6D962FBB replies to ELECTION vote request: 277b06ce-74e8-46b5-b9ba-0eaaec62ec87<-8698f9c0-0d63-4edb-bf8f-bb1ca05694ae#0:OK-t4. Peer's state: 8698f9c0-0d63-4edb-bf8f-bb1ca05694ae@group-F34A6D962FBB:t4, leader=null, voted=277b06ce-74e8-46b5-b9ba-0eaaec62ec87, raftlog=8698f9c0-0d63-4edb-bf8f-bb1ca05694ae@group-F34A6D962FBB-SegmentedRaftLog:OPENED:c-1, conf=-1: [a7b6a586-909c-47a7-a818-e434e5672216|rpc:10.1.0.16:38677|dataStream:|priority:1, 8698f9c0-0d63-4edb-bf8f-bb1ca05694ae|rpc:10.1.0.16:46057|dataStream:|priority:0, 277b06ce-74e8-46b5-b9ba-0eaaec62ec87|rpc:10.1.0.16:37685|dataStream:|priority:0], old=null
2021-12-02 14:31:51,226 [277b06ce-74e8-46b5-b9ba-0eaaec62ec87@group-F34A6D962FBB-LeaderElection131] INFO  impl.LeaderElection (LeaderElection.java:logAndReturn(89)) - 277b06ce-74e8-46b5-b9ba-0eaaec62ec87@group-F34A6D962FBB-LeaderElection131: ELECTION REJECTED received 1 response(s) and 0 exception(s):
2021-12-02 14:31:51,226 [277b06ce-74e8-46b5-b9ba-0eaaec62ec87@group-F34A6D962FBB-LeaderElection131] INFO  impl.LeaderElection (LeaderElection.java:logAndReturn(93)) -   Response 0: 277b06ce-74e8-46b5-b9ba-0eaaec62ec87<-a7b6a586-909c-47a7-a818-e434e5672216#0:FAIL-t4
2021-12-02 14:31:51,226 [277b06ce-74e8-46b5-b9ba-0eaaec62ec87@group-F34A6D962FBB-LeaderElection131] INFO  impl.LeaderElection (LeaderElection.java:askForVotes(308)) - 277b06ce-74e8-46b5-b9ba-0eaaec62ec87@group-F34A6D962FBB-LeaderElection131 ELECTION round 0: result REJECTED
2021-12-02 14:31:51,226 [277b06ce-74e8-46b5-b9ba-0eaaec62ec87@group-F34A6D962FBB-LeaderElection131] INFO  server.RaftServer$Division (RaftServerImpl.java:setRole(290)) - 277b06ce-74e8-46b5-b9ba-0eaaec62ec87@group-F34A6D962FBB: changes role from CANDIDATE to FOLLOWER at term 4 for REJECTED
2021-12-02 14:31:51,226 [277b06ce-74e8-46b5-b9ba-0eaaec62ec87@group-F34A6D962FBB-LeaderElection131] INFO  impl.RoleInfo (RoleInfo.java:shutdownLeaderElection(121)) - 277b06ce-74e8-46b5-b9ba-0eaaec62ec87: shutdown 277b06ce-74e8-46b5-b9ba-0eaaec62ec87@group-F34A6D962FBB-LeaderElection131
2021-12-02 14:31:51,226 [277b06ce-74e8-46b5-b9ba-0eaaec62ec87@group-F34A6D962FBB-LeaderElection131] INFO  impl.RoleInfo (RoleInfo.java:updateAndGet(130)) - 277b06ce-74e8-46b5-b9ba-0eaaec62ec87: start 277b06ce-74e8-46b5-b9ba-0eaaec62ec87@group-F34A6D962FBB-FollowerState
2021-12-02 14:31:51,288 [277b06ce-74e8-46b5-b9ba-0eaaec62ec87@group-218C52D3B0E5-FollowerState] INFO  impl.FollowerState (FollowerState.java:run(134)) - 277b06ce-74e8-46b5-b9ba-0eaaec62ec87@group-218C52D3B0E5-FollowerState: change to CANDIDATE, lastRpcElapsedTime:5071449957ns, electionTimeout:5021ms
2021-12-02 14:31:51,288 [277b06ce-74e8-46b5-b9ba-0eaaec62ec87@group-218C52D3B0E5-FollowerState] INFO  impl.RoleInfo (RoleInfo.java:shutdownFollowerState(108)) - 277b06ce-74e8-46b5-b9ba-0eaaec62ec87: shutdown 277b06ce-74e8-46b5-b9ba-0eaaec62ec87@group-218C52D3B0E5-FollowerState
2021-12-02 14:31:51,289 [277b06ce-74e8-46b5-b9ba-0eaaec62ec87@group-218C52D3B0E5-FollowerState] INFO  server.RaftServer$Division (RaftServerImpl.java:setRole(290)) - 277b06ce-74e8-46b5-b9ba-0eaaec62ec87@group-218C52D3B0E5: changes role from  FOLLOWER to CANDIDATE at term 4 for changeToCandidate
2021-12-02 14:31:51,289 [277b06ce-74e8-46b5-b9ba-0eaaec62ec87@group-218C52D3B0E5-FollowerState] INFO  server.RaftServerConfigKeys (ConfUtils.java:logGet(44)) - raft.server.leaderelection.pre-vote = false (custom)
2021-12-02 14:31:51,289 [277b06ce-74e8-46b5-b9ba-0eaaec62ec87@group-218C52D3B0E5-FollowerState] INFO  impl.RoleInfo (RoleInfo.java:updateAndGet(130)) - 277b06ce-74e8-46b5-b9ba-0eaaec62ec87: start 277b06ce-74e8-46b5-b9ba-0eaaec62ec87@group-218C52D3B0E5-LeaderElection132
2021-12-02 14:31:51,303 [a7b6a586-909c-47a7-a818-e434e5672216@group-218C52D3B0E5-FollowerState] INFO  impl.FollowerState (FollowerState.java:run(134)) - a7b6a586-909c-47a7-a818-e434e5672216@group-218C52D3B0E5-FollowerState: change to CANDIDATE, lastRpcElapsedTime:5005267893ns, electionTimeout:5000ms
2021-12-02 14:31:51,303 [a7b6a586-909c-47a7-a818-e434e5672216@group-218C52D3B0E5-FollowerState] INFO  impl.RoleInfo (RoleInfo.java:shutdownFollowerState(108)) - a7b6a586-909c-47a7-a818-e434e5672216: shutdown a7b6a586-909c-47a7-a818-e434e5672216@group-218C52D3B0E5-FollowerState
2021-12-02 14:31:51,303 [a7b6a586-909c-47a7-a818-e434e5672216@group-218C52D3B0E5-FollowerState] INFO  server.RaftServer$Division (RaftServerImpl.java:setRole(290)) - a7b6a586-909c-47a7-a818-e434e5672216@group-218C52D3B0E5: changes role from  FOLLOWER to CANDIDATE at term 4 for changeToCandidate
2021-12-02 14:31:51,303 [a7b6a586-909c-47a7-a818-e434e5672216@group-218C52D3B0E5-FollowerState] INFO  server.RaftServerConfigKeys (ConfUtils.java:logGet(44)) - raft.server.leaderelection.pre-vote = false (custom)
2021-12-02 14:31:51,303 [a7b6a586-909c-47a7-a818-e434e5672216@group-218C52D3B0E5-FollowerState] INFO  impl.RoleInfo (RoleInfo.java:updateAndGet(130)) - a7b6a586-909c-47a7-a818-e434e5672216: start a7b6a586-909c-47a7-a818-e434e5672216@group-218C52D3B0E5-LeaderElection133
2021-12-02 14:31:51,305 [a7b6a586-909c-47a7-a818-e434e5672216@group-218C52D3B0E5-LeaderElection133] INFO  impl.LeaderElection (LeaderElection.java:askForVotes(306)) - a7b6a586-909c-47a7-a818-e434e5672216@group-218C52D3B0E5-LeaderElection133 ELECTION round 0: submit vote requests at term 5 for -1: [a7b6a586-909c-47a7-a818-e434e5672216|rpc:10.1.0.16:38677|dataStream:|priority:0, 8698f9c0-0d63-4edb-bf8f-bb1ca05694ae|rpc:10.1.0.16:46057|dataStream:|priority:1, 277b06ce-74e8-46b5-b9ba-0eaaec62ec87|rpc:10.1.0.16:37685|dataStream:|priority:0], old=null
2021-12-02 14:31:51,311 [8698f9c0-0d63-4edb-bf8f-bb1ca05694ae@group-218C52D3B0E5-FollowerState] INFO  impl.FollowerState (FollowerState.java:run(134)) - 8698f9c0-0d63-4edb-bf8f-bb1ca05694ae@group-218C52D3B0E5-FollowerState: change to CANDIDATE, lastRpcElapsedTime:5095251816ns, electionTimeout:5093ms
2021-12-02 14:31:51,311 [8698f9c0-0d63-4edb-bf8f-bb1ca05694ae@group-218C52D3B0E5-FollowerState] INFO  impl.RoleInfo (RoleInfo.java:shutdownFollowerState(108)) - 8698f9c0-0d63-4edb-bf8f-bb1ca05694ae: shutdown 8698f9c0-0d63-4edb-bf8f-bb1ca05694ae@group-218C52D3B0E5-FollowerState
2021-12-02 14:31:51,311 [8698f9c0-0d63-4edb-bf8f-bb1ca05694ae@group-218C52D3B0E5-FollowerState] INFO  server.RaftServer$Division (RaftServerImpl.java:setRole(290)) - 8698f9c0-0d63-4edb-bf8f-bb1ca05694ae@group-218C52D3B0E5: changes role from  FOLLOWER to CANDIDATE at term 4 for changeToCandidate
2021-12-02 14:31:51,311 [8698f9c0-0d63-4edb-bf8f-bb1ca05694ae@group-218C52D3B0E5-FollowerState] INFO  server.RaftServerConfigKeys (ConfUtils.java:logGet(44)) - raft.server.leaderelection.pre-vote = false (custom)
2021-12-02 14:31:51,311 [8698f9c0-0d63-4edb-bf8f-bb1ca05694ae@group-218C52D3B0E5-FollowerState] INFO  impl.RoleInfo (RoleInfo.java:updateAndGet(130)) - 8698f9c0-0d63-4edb-bf8f-bb1ca05694ae: start 8698f9c0-0d63-4edb-bf8f-bb1ca05694ae@group-218C52D3B0E5-LeaderElection134
2021-12-02 14:31:51,352 [grpc-default-executor-1] INFO  server.RaftServer$Division (RaftServerImpl.java:requestVote(1046)) - 277b06ce-74e8-46b5-b9ba-0eaaec62ec87@group-218C52D3B0E5: receive requestVote(ELECTION, a7b6a586-909c-47a7-a818-e434e5672216, group-218C52D3B0E5, 5, (t:0, i:0))
2021-12-02 14:31:51,354 [grpc-default-executor-6] INFO  server.RaftServer$Division (RaftServerImpl.java:requestVote(1046)) - 8698f9c0-0d63-4edb-bf8f-bb1ca05694ae@group-218C52D3B0E5: receive requestVote(ELECTION, a7b6a586-909c-47a7-a818-e434e5672216, group-218C52D3B0E5, 5, (t:0, i:0))
2021-12-02 14:31:51,355 [277b06ce-74e8-46b5-b9ba-0eaaec62ec87@group-218C52D3B0E5-LeaderElection132] INFO  impl.LeaderElection (LeaderElection.java:askForVotes(306)) - 277b06ce-74e8-46b5-b9ba-0eaaec62ec87@group-218C52D3B0E5-LeaderElection132 ELECTION round 0: submit vote requests at term 5 for 0: [a7b6a586-909c-47a7-a818-e434e5672216|rpc:10.1.0.16:38677|dataStream:|priority:0, 8698f9c0-0d63-4edb-bf8f-bb1ca05694ae|rpc:10.1.0.16:46057|dataStream:|priority:1, 277b06ce-74e8-46b5-b9ba-0eaaec62ec87|rpc:10.1.0.16:37685|dataStream:|priority:0], old=null
2021-12-02 14:31:51,355 [grpc-default-executor-6] INFO  impl.VoteContext (VoteContext.java:log(48)) - 8698f9c0-0d63-4edb-bf8f-bb1ca05694ae@group-218C52D3B0E5-CANDIDATE: reject ELECTION from a7b6a586-909c-47a7-a818-e434e5672216: already has voted for 8698f9c0-0d63-4edb-bf8f-bb1ca05694ae at current term 5
2021-12-02 14:31:51,355 [grpc-default-executor-6] INFO  server.RaftServer$Division (RaftServerImpl.java:requestVote(1078)) - 8698f9c0-0d63-4edb-bf8f-bb1ca05694ae@group-218C52D3B0E5 replies to ELECTION vote request: a7b6a586-909c-47a7-a818-e434e5672216<-8698f9c0-0d63-4edb-bf8f-bb1ca05694ae#0:FAIL-t5. Peer's state: 8698f9c0-0d63-4edb-bf8f-bb1ca05694ae@group-218C52D3B0E5:t5, leader=null, voted=8698f9c0-0d63-4edb-bf8f-bb1ca05694ae, raftlog=8698f9c0-0d63-4edb-bf8f-bb1ca05694ae@group-218C52D3B0E5-SegmentedRaftLog:OPENED:c-1, conf=0: [a7b6a586-909c-47a7-a818-e434e5672216|rpc:10.1.0.16:38677|dataStream:|priority:0, 8698f9c0-0d63-4edb-bf8f-bb1ca05694ae|rpc:10.1.0.16:46057|dataStream:|priority:1, 277b06ce-74e8-46b5-b9ba-0eaaec62ec87|rpc:10.1.0.16:37685|dataStream:|priority:0], old=null
2021-12-02 14:31:51,356 [8698f9c0-0d63-4edb-bf8f-bb1ca05694ae@group-218C52D3B0E5-LeaderElection134] INFO  impl.LeaderElection (LeaderElection.java:askForVotes(306)) - 8698f9c0-0d63-4edb-bf8f-bb1ca05694ae@group-218C52D3B0E5-LeaderElection134 ELECTION round 0: submit vote requests at term 5 for 0: [a7b6a586-909c-47a7-a818-e434e5672216|rpc:10.1.0.16:38677|dataStream:|priority:0, 8698f9c0-0d63-4edb-bf8f-bb1ca05694ae|rpc:10.1.0.16:46057|dataStream:|priority:1, 277b06ce-74e8-46b5-b9ba-0eaaec62ec87|rpc:10.1.0.16:37685|dataStream:|priority:0], old=null
2021-12-02 14:31:51,358 [grpc-default-executor-1] INFO  impl.VoteContext (VoteContext.java:log(48)) - 277b06ce-74e8-46b5-b9ba-0eaaec62ec87@group-218C52D3B0E5-CANDIDATE: reject ELECTION from a7b6a586-909c-47a7-a818-e434e5672216: already has voted for 277b06ce-74e8-46b5-b9ba-0eaaec62ec87 at current term 5
2021-12-02 14:31:51,358 [grpc-default-executor-1] INFO  server.RaftServer$Division (RaftServerImpl.java:requestVote(1078)) - 277b06ce-74e8-46b5-b9ba-0eaaec62ec87@group-218C52D3B0E5 replies to ELECTION vote request: a7b6a586-909c-47a7-a818-e434e5672216<-277b06ce-74e8-46b5-b9ba-0eaaec62ec87#0:FAIL-t5. Peer's state: 277b06ce-74e8-46b5-b9ba-0eaaec62ec87@group-218C52D3B0E5:t5, leader=null, voted=277b06ce-74e8-46b5-b9ba-0eaaec62ec87, raftlog=277b06ce-74e8-46b5-b9ba-0eaaec62ec87@group-218C52D3B0E5-SegmentedRaftLog:OPENED:c-1, conf=0: [a7b6a586-909c-47a7-a818-e434e5672216|rpc:10.1.0.16:38677|dataStream:|priority:0, 8698f9c0-0d63-4edb-bf8f-bb1ca05694ae|rpc:10.1.0.16:46057|dataStream:|priority:1, 277b06ce-74e8-46b5-b9ba-0eaaec62ec87|rpc:10.1.0.16:37685|dataStream:|priority:0], old=null
2021-12-02 14:31:51,408 [grpc-default-executor-1] INFO  server.RaftServer$Division (RaftServerImpl.java:requestVote(1046)) - a7b6a586-909c-47a7-a818-e434e5672216@group-218C52D3B0E5: receive requestVote(ELECTION, 8698f9c0-0d63-4edb-bf8f-bb1ca05694ae, group-218C52D3B0E5, 5, (t:2, i:0))
2021-12-02 14:31:51,408 [grpc-default-executor-1] INFO  impl.VoteContext (VoteContext.java:log(48)) - a7b6a586-909c-47a7-a818-e434e5672216@group-218C52D3B0E5-CANDIDATE: reject ELECTION from 8698f9c0-0d63-4edb-bf8f-bb1ca05694ae: already has voted for a7b6a586-909c-47a7-a818-e434e5672216 at current term 5
2021-12-02 14:31:51,408 [grpc-default-executor-1] INFO  server.RaftServer$Division (RaftServerImpl.java:requestVote(1078)) - a7b6a586-909c-47a7-a818-e434e5672216@group-218C52D3B0E5 replies to ELECTION vote request: 8698f9c0-0d63-4edb-bf8f-bb1ca05694ae<-a7b6a586-909c-47a7-a818-e434e5672216#0:FAIL-t5. Peer's state: a7b6a586-909c-47a7-a818-e434e5672216@group-218C52D3B0E5:t5, leader=null, voted=a7b6a586-909c-47a7-a818-e434e5672216, raftlog=a7b6a586-909c-47a7-a818-e434e5672216@group-218C52D3B0E5-SegmentedRaftLog:OPENED:c-1, conf=-1: [a7b6a586-909c-47a7-a818-e434e5672216|rpc:10.1.0.16:38677|dataStream:|priority:0, 8698f9c0-0d63-4edb-bf8f-bb1ca05694ae|rpc:10.1.0.16:46057|dataStream:|priority:1, 277b06ce-74e8-46b5-b9ba-0eaaec62ec87|rpc:10.1.0.16:37685|dataStream:|priority:0], old=null
2021-12-02 14:31:51,414 [grpc-default-executor-6] INFO  server.RaftServer$Division (RaftServerImpl.java:requestVote(1046)) - a7b6a586-909c-47a7-a818-e434e5672216@group-218C52D3B0E5: receive requestVote(ELECTION, 277b06ce-74e8-46b5-b9ba-0eaaec62ec87, group-218C52D3B0E5, 5, (t:2, i:0))
2021-12-02 14:31:51,414 [grpc-default-executor-6] INFO  impl.VoteContext (VoteContext.java:log(48)) - a7b6a586-909c-47a7-a818-e434e5672216@group-218C52D3B0E5-CANDIDATE: reject ELECTION from 277b06ce-74e8-46b5-b9ba-0eaaec62ec87: already has voted for a7b6a586-909c-47a7-a818-e434e5672216 at current term 5
2021-12-02 14:31:51,414 [grpc-default-executor-6] INFO  server.RaftServer$Division (RaftServerImpl.java:requestVote(1078)) - a7b6a586-909c-47a7-a818-e434e5672216@group-218C52D3B0E5 replies to ELECTION vote request: 277b06ce-74e8-46b5-b9ba-0eaaec62ec87<-a7b6a586-909c-47a7-a818-e434e5672216#0:FAIL-t5. Peer's state: a7b6a586-909c-47a7-a818-e434e5672216@group-218C52D3B0E5:t5, leader=null, voted=a7b6a586-909c-47a7-a818-e434e5672216, raftlog=a7b6a586-909c-47a7-a818-e434e5672216@group-218C52D3B0E5-SegmentedRaftLog:OPENED:c-1, conf=-1: [a7b6a586-909c-47a7-a818-e434e5672216|rpc:10.1.0.16:38677|dataStream:|priority:0, 8698f9c0-0d63-4edb-bf8f-bb1ca05694ae|rpc:10.1.0.16:46057|dataStream:|priority:1, 277b06ce-74e8-46b5-b9ba-0eaaec62ec87|rpc:10.1.0.16:37685|dataStream:|priority:0], old=null
2021-12-02 14:31:51,434 [grpc-default-executor-6] INFO  server.RaftServer$Division (RaftServerImpl.java:requestVote(1046)) - 8698f9c0-0d63-4edb-bf8f-bb1ca05694ae@group-218C52D3B0E5: receive requestVote(ELECTION, 277b06ce-74e8-46b5-b9ba-0eaaec62ec87, group-218C52D3B0E5, 5, (t:2, i:0))
2021-12-02 14:31:51,434 [grpc-default-executor-6] INFO  impl.VoteContext (VoteContext.java:log(48)) - 8698f9c0-0d63-4edb-bf8f-bb1ca05694ae@group-218C52D3B0E5-CANDIDATE: reject ELECTION from 277b06ce-74e8-46b5-b9ba-0eaaec62ec87: already has voted for 8698f9c0-0d63-4edb-bf8f-bb1ca05694ae at current term 5
2021-12-02 14:31:51,434 [grpc-default-executor-6] INFO  server.RaftServer$Division (RaftServerImpl.java:requestVote(1078)) - 8698f9c0-0d63-4edb-bf8f-bb1ca05694ae@group-218C52D3B0E5 replies to ELECTION vote request: 277b06ce-74e8-46b5-b9ba-0eaaec62ec87<-8698f9c0-0d63-4edb-bf8f-bb1ca05694ae#0:FAIL-t5. Peer's state: 8698f9c0-0d63-4edb-bf8f-bb1ca05694ae@group-218C52D3B0E5:t5, leader=null, voted=8698f9c0-0d63-4edb-bf8f-bb1ca05694ae, raftlog=8698f9c0-0d63-4edb-bf8f-bb1ca05694ae@group-218C52D3B0E5-SegmentedRaftLog:OPENED:c-1, conf=0: [a7b6a586-909c-47a7-a818-e434e5672216|rpc:10.1.0.16:38677|dataStream:|priority:0, 8698f9c0-0d63-4edb-bf8f-bb1ca05694ae|rpc:10.1.0.16:46057|dataStream:|priority:1, 277b06ce-74e8-46b5-b9ba-0eaaec62ec87|rpc:10.1.0.16:37685|dataStream:|priority:0], old=null
2021-12-02 14:31:51,438 [277b06ce-74e8-46b5-b9ba-0eaaec62ec87@group-218C52D3B0E5-LeaderElection132] INFO  impl.LeaderElection (LeaderElection.java:logAndReturn(89)) - 277b06ce-74e8-46b5-b9ba-0eaaec62ec87@group-218C52D3B0E5-LeaderElection132: ELECTION REJECTED received 2 response(s) and 0 exception(s):
2021-12-02 14:31:51,438 [277b06ce-74e8-46b5-b9ba-0eaaec62ec87@group-218C52D3B0E5-LeaderElection132] INFO  impl.LeaderElection (LeaderElection.java:logAndReturn(93)) -   Response 0: 277b06ce-74e8-46b5-b9ba-0eaaec62ec87<-a7b6a586-909c-47a7-a818-e434e5672216#0:FAIL-t5
2021-12-02 14:31:51,438 [277b06ce-74e8-46b5-b9ba-0eaaec62ec87@group-218C52D3B0E5-LeaderElection132] INFO  impl.LeaderElection (LeaderElection.java:logAndReturn(93)) -   Response 1: 277b06ce-74e8-46b5-b9ba-0eaaec62ec87<-8698f9c0-0d63-4edb-bf8f-bb1ca05694ae#0:FAIL-t5
2021-12-02 14:31:51,438 [277b06ce-74e8-46b5-b9ba-0eaaec62ec87@group-218C52D3B0E5-LeaderElection132] INFO  impl.LeaderElection (LeaderElection.java:askForVotes(308)) - 277b06ce-74e8-46b5-b9ba-0eaaec62ec87@group-218C52D3B0E5-LeaderElection132 ELECTION round 0: result REJECTED
2021-12-02 14:31:51,438 [277b06ce-74e8-46b5-b9ba-0eaaec62ec87@group-218C52D3B0E5-LeaderElection132] INFO  server.RaftServer$Division (RaftServerImpl.java:setRole(290)) - 277b06ce-74e8-46b5-b9ba-0eaaec62ec87@group-218C52D3B0E5: changes role from CANDIDATE to FOLLOWER at term 5 for REJECTED
2021-12-02 14:31:51,438 [277b06ce-74e8-46b5-b9ba-0eaaec62ec87@group-218C52D3B0E5-LeaderElection132] INFO  impl.RoleInfo (RoleInfo.java:shutdownLeaderElection(121)) - 277b06ce-74e8-46b5-b9ba-0eaaec62ec87: shutdown 277b06ce-74e8-46b5-b9ba-0eaaec62ec87@group-218C52D3B0E5-LeaderElection132
2021-12-02 14:31:51,438 [277b06ce-74e8-46b5-b9ba-0eaaec62ec87@group-218C52D3B0E5-LeaderElection132] INFO  impl.RoleInfo (RoleInfo.java:updateAndGet(130)) - 277b06ce-74e8-46b5-b9ba-0eaaec62ec87: start 277b06ce-74e8-46b5-b9ba-0eaaec62ec87@group-218C52D3B0E5-FollowerState
2021-12-02 14:31:51,476 [a7b6a586-909c-47a7-a818-e434e5672216@group-218C52D3B0E5-LeaderElection133] INFO  impl.LeaderElection (LeaderElection.java:logAndReturn(89)) - a7b6a586-909c-47a7-a818-e434e5672216@group-218C52D3B0E5-LeaderElection133: ELECTION REJECTED received 2 response(s) and 0 exception(s):
2021-12-02 14:31:51,476 [a7b6a586-909c-47a7-a818-e434e5672216@group-218C52D3B0E5-LeaderElection133] INFO  impl.LeaderElection (LeaderElection.java:logAndReturn(93)) -   Response 0: a7b6a586-909c-47a7-a818-e434e5672216<-277b06ce-74e8-46b5-b9ba-0eaaec62ec87#0:FAIL-t5
2021-12-02 14:31:51,476 [a7b6a586-909c-47a7-a818-e434e5672216@group-218C52D3B0E5-LeaderElection133] INFO  impl.LeaderElection (LeaderElection.java:logAndReturn(93)) -   Response 1: a7b6a586-909c-47a7-a818-e434e5672216<-8698f9c0-0d63-4edb-bf8f-bb1ca05694ae#0:FAIL-t5
2021-12-02 14:31:51,476 [a7b6a586-909c-47a7-a818-e434e5672216@group-218C52D3B0E5-LeaderElection133] INFO  impl.LeaderElection (LeaderElection.java:askForVotes(308)) - a7b6a586-909c-47a7-a818-e434e5672216@group-218C52D3B0E5-LeaderElection133 ELECTION round 0: result REJECTED
2021-12-02 14:31:51,476 [a7b6a586-909c-47a7-a818-e434e5672216@group-218C52D3B0E5-LeaderElection133] INFO  server.RaftServer$Division (RaftServerImpl.java:setRole(290)) - a7b6a586-909c-47a7-a818-e434e5672216@group-218C52D3B0E5: changes role from CANDIDATE to FOLLOWER at term 5 for REJECTED
2021-12-02 14:31:51,476 [a7b6a586-909c-47a7-a818-e434e5672216@group-218C52D3B0E5-LeaderElection133] INFO  impl.RoleInfo (RoleInfo.java:shutdownLeaderElection(121)) - a7b6a586-909c-47a7-a818-e434e5672216: shutdown a7b6a586-909c-47a7-a818-e434e5672216@group-218C52D3B0E5-LeaderElection133
2021-12-02 14:31:51,476 [a7b6a586-909c-47a7-a818-e434e5672216@group-218C52D3B0E5-LeaderElection133] INFO  impl.RoleInfo (RoleInfo.java:updateAndGet(130)) - a7b6a586-909c-47a7-a818-e434e5672216: start a7b6a586-909c-47a7-a818-e434e5672216@group-218C52D3B0E5-FollowerState
2021-12-02 14:31:51,477 [grpc-default-executor-6] INFO  server.RaftServer$Division (RaftServerImpl.java:requestVote(1046)) - 277b06ce-74e8-46b5-b9ba-0eaaec62ec87@group-218C52D3B0E5: receive requestVote(ELECTION, 8698f9c0-0d63-4edb-bf8f-bb1ca05694ae, group-218C52D3B0E5, 5, (t:2, i:0))
2021-12-02 14:31:51,477 [grpc-default-executor-6] INFO  impl.VoteContext (VoteContext.java:log(48)) - 277b06ce-74e8-46b5-b9ba-0eaaec62ec87@group-218C52D3B0E5-FOLLOWER: reject ELECTION from 8698f9c0-0d63-4edb-bf8f-bb1ca05694ae: already has voted for 277b06ce-74e8-46b5-b9ba-0eaaec62ec87 at current term 5
2021-12-02 14:31:51,477 [grpc-default-executor-6] INFO  server.RaftServer$Division (RaftServerImpl.java:requestVote(1078)) - 277b06ce-74e8-46b5-b9ba-0eaaec62ec87@group-218C52D3B0E5 replies to ELECTION vote request: 8698f9c0-0d63-4edb-bf8f-bb1ca05694ae<-277b06ce-74e8-46b5-b9ba-0eaaec62ec87#0:FAIL-t5. Peer's state: 277b06ce-74e8-46b5-b9ba-0eaaec62ec87@group-218C52D3B0E5:t5, leader=null, voted=277b06ce-74e8-46b5-b9ba-0eaaec62ec87, raftlog=277b06ce-74e8-46b5-b9ba-0eaaec62ec87@group-218C52D3B0E5-SegmentedRaftLog:OPENED:c-1, conf=0: [a7b6a586-909c-47a7-a818-e434e5672216|rpc:10.1.0.16:38677|dataStream:|priority:0, 8698f9c0-0d63-4edb-bf8f-bb1ca05694ae|rpc:10.1.0.16:46057|dataStream:|priority:1, 277b06ce-74e8-46b5-b9ba-0eaaec62ec87|rpc:10.1.0.16:37685|dataStream:|priority:0], old=null
2021-12-02 14:31:51,480 [8698f9c0-0d63-4edb-bf8f-bb1ca05694ae@group-218C52D3B0E5-LeaderElection134] INFO  impl.LeaderElection (LeaderElection.java:logAndReturn(89)) - 8698f9c0-0d63-4edb-bf8f-bb1ca05694ae@group-218C52D3B0E5-LeaderElection134: ELECTION REJECTED received 2 response(s) and 0 exception(s):
2021-12-02 14:31:51,480 [8698f9c0-0d63-4edb-bf8f-bb1ca05694ae@group-218C52D3B0E5-LeaderElection134] INFO  impl.LeaderElection (LeaderElection.java:logAndReturn(93)) -   Response 0: 8698f9c0-0d63-4edb-bf8f-bb1ca05694ae<-a7b6a586-909c-47a7-a818-e434e5672216#0:FAIL-t5
2021-12-02 14:31:51,480 [8698f9c0-0d63-4edb-bf8f-bb1ca05694ae@group-218C52D3B0E5-LeaderElection134] INFO  impl.LeaderElection (LeaderElection.java:logAndReturn(93)) -   Response 1: 8698f9c0-0d63-4edb-bf8f-bb1ca05694ae<-277b06ce-74e8-46b5-b9ba-0eaaec62ec87#0:FAIL-t5
2021-12-02 14:31:51,480 [8698f9c0-0d63-4edb-bf8f-bb1ca05694ae@group-218C52D3B0E5-LeaderElection134] INFO  impl.LeaderElection (LeaderElection.java:askForVotes(308)) - 8698f9c0-0d63-4edb-bf8f-bb1ca05694ae@group-218C52D3B0E5-LeaderElection134 ELECTION round 0: result REJECTED
2021-12-02 14:31:51,480 [8698f9c0-0d63-4edb-bf8f-bb1ca05694ae@group-218C52D3B0E5-LeaderElection134] INFO  server.RaftServer$Division (RaftServerImpl.java:setRole(290)) - 8698f9c0-0d63-4edb-bf8f-bb1ca05694ae@group-218C52D3B0E5: changes role from CANDIDATE to FOLLOWER at term 5 for REJECTED
2021-12-02 14:31:51,480 [8698f9c0-0d63-4edb-bf8f-bb1ca05694ae@group-218C52D3B0E5-LeaderElection134] INFO  impl.RoleInfo (RoleInfo.java:shutdownLeaderElection(121)) - 8698f9c0-0d63-4edb-bf8f-bb1ca05694ae: shutdown 8698f9c0-0d63-4edb-bf8f-bb1ca05694ae@group-218C52D3B0E5-LeaderElection134
2021-12-02 14:31:51,480 [8698f9c0-0d63-4edb-bf8f-bb1ca05694ae@group-218C52D3B0E5-LeaderElection134] INFO  impl.RoleInfo (RoleInfo.java:updateAndGet(130)) - 8698f9c0-0d63-4edb-bf8f-bb1ca05694ae: start 8698f9c0-0d63-4edb-bf8f-bb1ca05694ae@group-218C52D3B0E5-FollowerState
2021-12-02 14:31:56,283 [8698f9c0-0d63-4edb-bf8f-bb1ca05694ae@group-F34A6D962FBB-FollowerState] INFO  impl.FollowerState (FollowerState.java:run(134)) - 8698f9c0-0d63-4edb-bf8f-bb1ca05694ae@group-F34A6D962FBB-FollowerState: change to CANDIDATE, lastRpcElapsedTime:5093896685ns, electionTimeout:5061ms
2021-12-02 14:31:56,284 [8698f9c0-0d63-4edb-bf8f-bb1ca05694ae@group-F34A6D962FBB-FollowerState] INFO  impl.RoleInfo (RoleInfo.java:shutdownFollowerState(108)) - 8698f9c0-0d63-4edb-bf8f-bb1ca05694ae: shutdown 8698f9c0-0d63-4edb-bf8f-bb1ca05694ae@group-F34A6D962FBB-FollowerState
2021-12-02 14:31:56,284 [8698f9c0-0d63-4edb-bf8f-bb1ca05694ae@group-F34A6D962FBB-FollowerState] INFO  server.RaftServer$Division (RaftServerImpl.java:setRole(290)) - 8698f9c0-0d63-4edb-bf8f-bb1ca05694ae@group-F34A6D962FBB: changes role from  FOLLOWER to CANDIDATE at term 4 for changeToCandidate
2021-12-02 14:31:56,285 [8698f9c0-0d63-4edb-bf8f-bb1ca05694ae@group-F34A6D962FBB-FollowerState] INFO  server.RaftServerConfigKeys (ConfUtils.java:logGet(44)) - raft.server.leaderelection.pre-vote = false (custom)
2021-12-02 14:31:56,285 [8698f9c0-0d63-4edb-bf8f-bb1ca05694ae@group-F34A6D962FBB-FollowerState] INFO  impl.RoleInfo (RoleInfo.java:updateAndGet(130)) - 8698f9c0-0d63-4edb-bf8f-bb1ca05694ae: start 8698f9c0-0d63-4edb-bf8f-bb1ca05694ae@group-F34A6D962FBB-LeaderElection135
2021-12-02 14:31:56,292 [8698f9c0-0d63-4edb-bf8f-bb1ca05694ae@group-F34A6D962FBB-LeaderElection135] INFO  impl.LeaderElection (LeaderElection.java:askForVotes(306)) - 8698f9c0-0d63-4edb-bf8f-bb1ca05694ae@group-F34A6D962FBB-LeaderElection135 ELECTION round 0: submit vote requests at term 5 for -1: [a7b6a586-909c-47a7-a818-e434e5672216|rpc:10.1.0.16:38677|dataStream:|priority:1, 8698f9c0-0d63-4edb-bf8f-bb1ca05694ae|rpc:10.1.0.16:46057|dataStream:|priority:0, 277b06ce-74e8-46b5-b9ba-0eaaec62ec87|rpc:10.1.0.16:37685|dataStream:|priority:0], old=null
2021-12-02 14:31:56,293 [a7b6a586-909c-47a7-a818-e434e5672216@group-F34A6D962FBB-FollowerState] INFO  impl.FollowerState (FollowerState.java:run(134)) - a7b6a586-909c-47a7-a818-e434e5672216@group-F34A6D962FBB-FollowerState: change to CANDIDATE, lastRpcElapsedTime:5133283883ns, electionTimeout:5120ms
2021-12-02 14:31:56,293 [a7b6a586-909c-47a7-a818-e434e5672216@group-F34A6D962FBB-FollowerState] INFO  impl.RoleInfo (RoleInfo.java:shutdownFollowerState(108)) - a7b6a586-909c-47a7-a818-e434e5672216: shutdown a7b6a586-909c-47a7-a818-e434e5672216@group-F34A6D962FBB-FollowerState
2021-12-02 14:31:56,293 [a7b6a586-909c-47a7-a818-e434e5672216@group-F34A6D962FBB-FollowerState] INFO  server.RaftServer$Division (RaftServerImpl.java:setRole(290)) - a7b6a586-909c-47a7-a818-e434e5672216@group-F34A6D962FBB: changes role from  FOLLOWER to CANDIDATE at term 4 for changeToCandidate
2021-12-02 14:31:56,294 [277b06ce-74e8-46b5-b9ba-0eaaec62ec87@group-F34A6D962FBB-FollowerState] INFO  impl.FollowerState (FollowerState.java:run(134)) - 277b06ce-74e8-46b5-b9ba-0eaaec62ec87@group-F34A6D962FBB-FollowerState: change to CANDIDATE, lastRpcElapsedTime:5068050921ns, electionTimeout:5056ms
2021-12-02 14:31:56,295 [277b06ce-74e8-46b5-b9ba-0eaaec62ec87@group-F34A6D962FBB-FollowerState] INFO  impl.RoleInfo (RoleInfo.java:shutdownFollowerState(108)) - 277b06ce-74e8-46b5-b9ba-0eaaec62ec87: shutdown 277b06ce-74e8-46b5-b9ba-0eaaec62ec87@group-F34A6D962FBB-FollowerState
2021-12-02 14:31:56,295 [277b06ce-74e8-46b5-b9ba-0eaaec62ec87@group-F34A6D962FBB-FollowerState] INFO  server.RaftServer$Division (RaftServerImpl.java:setRole(290)) - 277b06ce-74e8-46b5-b9ba-0eaaec62ec87@group-F34A6D962FBB: changes role from  FOLLOWER to CANDIDATE at term 4 for changeToCandidate
2021-12-02 14:31:56,298 [grpc-default-executor-6] INFO  server.RaftServer$Division (RaftServerImpl.java:requestVote(1046)) - a7b6a586-909c-47a7-a818-e434e5672216@group-F34A6D962FBB: receive requestVote(ELECTION, 8698f9c0-0d63-4edb-bf8f-bb1ca05694ae, group-F34A6D962FBB, 5, (t:0, i:0))
2021-12-02 14:31:56,299 [277b06ce-74e8-46b5-b9ba-0eaaec62ec87@group-F34A6D962FBB-FollowerState] INFO  server.RaftServerConfigKeys (ConfUtils.java:logGet(44)) - raft.server.leaderelection.pre-vote = false (custom)
2021-12-02 14:31:56,299 [277b06ce-74e8-46b5-b9ba-0eaaec62ec87@group-F34A6D962FBB-FollowerState] INFO  impl.RoleInfo (RoleInfo.java:updateAndGet(130)) - 277b06ce-74e8-46b5-b9ba-0eaaec62ec87: start 277b06ce-74e8-46b5-b9ba-0eaaec62ec87@group-F34A6D962FBB-LeaderElection137
2021-12-02 14:31:56,300 [grpc-default-executor-1] INFO  server.RaftServer$Division (RaftServerImpl.java:requestVote(1046)) - 277b06ce-74e8-46b5-b9ba-0eaaec62ec87@group-F34A6D962FBB: receive requestVote(ELECTION, 8698f9c0-0d63-4edb-bf8f-bb1ca05694ae, group-F34A6D962FBB, 5, (t:0, i:0))
2021-12-02 14:31:56,302 [a7b6a586-909c-47a7-a818-e434e5672216@group-F34A6D962FBB-FollowerState] INFO  server.RaftServerConfigKeys (ConfUtils.java:logGet(44)) - raft.server.leaderelection.pre-vote = false (custom)
2021-12-02 14:31:56,302 [a7b6a586-909c-47a7-a818-e434e5672216@group-F34A6D962FBB-FollowerState] INFO  impl.RoleInfo (RoleInfo.java:updateAndGet(130)) - a7b6a586-909c-47a7-a818-e434e5672216: start a7b6a586-909c-47a7-a818-e434e5672216@group-F34A6D962FBB-LeaderElection136
2021-12-02 14:31:56,302 [grpc-default-executor-1] INFO  impl.VoteContext (VoteContext.java:log(48)) - 277b06ce-74e8-46b5-b9ba-0eaaec62ec87@group-F34A6D962FBB-CANDIDATE: accept ELECTION from 8698f9c0-0d63-4edb-bf8f-bb1ca05694ae: our priority 0 <= candidate's priority 0
2021-12-02 14:31:56,302 [grpc-default-executor-1] INFO  server.RaftServer$Division (RaftServerImpl.java:setRole(290)) - 277b06ce-74e8-46b5-b9ba-0eaaec62ec87@group-F34A6D962FBB: changes role from CANDIDATE to FOLLOWER at term 5 for candidate:8698f9c0-0d63-4edb-bf8f-bb1ca05694ae
2021-12-02 14:31:56,302 [grpc-default-executor-1] INFO  impl.RoleInfo (RoleInfo.java:shutdownLeaderElection(121)) - 277b06ce-74e8-46b5-b9ba-0eaaec62ec87: shutdown 277b06ce-74e8-46b5-b9ba-0eaaec62ec87@group-F34A6D962FBB-LeaderElection137
2021-12-02 14:31:56,302 [277b06ce-74e8-46b5-b9ba-0eaaec62ec87@group-F34A6D962FBB-LeaderElection137] INFO  impl.LeaderElection (LeaderElection.java:run(230)) - 277b06ce-74e8-46b5-b9ba-0eaaec62ec87@group-F34A6D962FBB-LeaderElection137: skip running since this is already CLOSING
2021-12-02 14:31:56,303 [grpc-default-executor-6] INFO  impl.VoteContext (VoteContext.java:log(48)) - a7b6a586-909c-47a7-a818-e434e5672216@group-F34A6D962FBB-CANDIDATE: reject ELECTION from 8698f9c0-0d63-4edb-bf8f-bb1ca05694ae: our priority 1 > candidate's priority 0
2021-12-02 14:31:56,303 [grpc-default-executor-6] INFO  server.RaftServer$Division (RaftServerImpl.java:setRole(290)) - a7b6a586-909c-47a7-a818-e434e5672216@group-F34A6D962FBB: changes role from CANDIDATE to FOLLOWER at term 5 for candidate:8698f9c0-0d63-4edb-bf8f-bb1ca05694ae
2021-12-02 14:31:56,303 [grpc-default-executor-6] INFO  impl.RoleInfo (RoleInfo.java:shutdownLeaderElection(121)) - a7b6a586-909c-47a7-a818-e434e5672216: shutdown a7b6a586-909c-47a7-a818-e434e5672216@group-F34A6D962FBB-LeaderElection136
2021-12-02 14:31:56,303 [grpc-default-executor-6] INFO  impl.RoleInfo (RoleInfo.java:updateAndGet(130)) - a7b6a586-909c-47a7-a818-e434e5672216: start a7b6a586-909c-47a7-a818-e434e5672216@group-F34A6D962FBB-FollowerState
2021-12-02 14:31:56,303 [a7b6a586-909c-47a7-a818-e434e5672216@group-F34A6D962FBB-LeaderElection136] INFO  impl.LeaderElection (LeaderElection.java:run(230)) - a7b6a586-909c-47a7-a818-e434e5672216@group-F34A6D962FBB-LeaderElection136: skip running since this is already CLOSING
2021-12-02 14:31:56,304 [grpc-default-executor-1] INFO  impl.RoleInfo (RoleInfo.java:updateAndGet(130)) - 277b06ce-74e8-46b5-b9ba-0eaaec62ec87: start 277b06ce-74e8-46b5-b9ba-0eaaec62ec87@group-F34A6D962FBB-FollowerState
2021-12-02 14:31:56,306 [grpc-default-executor-6] INFO  server.RaftServer$Division (RaftServerImpl.java:requestVote(1078)) - a7b6a586-909c-47a7-a818-e434e5672216@group-F34A6D962FBB replies to ELECTION vote request: 8698f9c0-0d63-4edb-bf8f-bb1ca05694ae<-a7b6a586-909c-47a7-a818-e434e5672216#0:FAIL-t5. Peer's state: a7b6a586-909c-47a7-a818-e434e5672216@group-F34A6D962FBB:t5, leader=null, voted=null, raftlog=a7b6a586-909c-47a7-a818-e434e5672216@group-F34A6D962FBB-SegmentedRaftLog:OPENED:c-1, conf=-1: [a7b6a586-909c-47a7-a818-e434e5672216|rpc:10.1.0.16:38677|dataStream:|priority:1, 8698f9c0-0d63-4edb-bf8f-bb1ca05694ae|rpc:10.1.0.16:46057|dataStream:|priority:0, 277b06ce-74e8-46b5-b9ba-0eaaec62ec87|rpc:10.1.0.16:37685|dataStream:|priority:0], old=null
2021-12-02 14:31:56,311 [8698f9c0-0d63-4edb-bf8f-bb1ca05694ae@group-F34A6D962FBB-LeaderElection135] INFO  impl.LeaderElection (LeaderElection.java:logAndReturn(89)) - 8698f9c0-0d63-4edb-bf8f-bb1ca05694ae@group-F34A6D962FBB-LeaderElection135: ELECTION REJECTED received 1 response(s) and 0 exception(s):
2021-12-02 14:31:56,311 [8698f9c0-0d63-4edb-bf8f-bb1ca05694ae@group-F34A6D962FBB-LeaderElection135] INFO  impl.LeaderElection (LeaderElection.java:logAndReturn(93)) -   Response 0: 8698f9c0-0d63-4edb-bf8f-bb1ca05694ae<-a7b6a586-909c-47a7-a818-e434e5672216#0:FAIL-t5
2021-12-02 14:31:56,311 [8698f9c0-0d63-4edb-bf8f-bb1ca05694ae@group-F34A6D962FBB-LeaderElection135] INFO  impl.LeaderElection (LeaderElection.java:askForVotes(308)) - 8698f9c0-0d63-4edb-bf8f-bb1ca05694ae@group-F34A6D962FBB-LeaderElection135 ELECTION round 0: result REJECTED
2021-12-02 14:31:56,311 [8698f9c0-0d63-4edb-bf8f-bb1ca05694ae@group-F34A6D962FBB-LeaderElection135] INFO  server.RaftServer$Division (RaftServerImpl.java:setRole(290)) - 8698f9c0-0d63-4edb-bf8f-bb1ca05694ae@group-F34A6D962FBB: changes role from CANDIDATE to FOLLOWER at term 5 for REJECTED
2021-12-02 14:31:56,311 [8698f9c0-0d63-4edb-bf8f-bb1ca05694ae@group-F34A6D962FBB-LeaderElection135] INFO  impl.RoleInfo (RoleInfo.java:shutdownLeaderElection(121)) - 8698f9c0-0d63-4edb-bf8f-bb1ca05694ae: shutdown 8698f9c0-0d63-4edb-bf8f-bb1ca05694ae@group-F34A6D962FBB-LeaderElection135
2021-12-02 14:31:56,311 [8698f9c0-0d63-4edb-bf8f-bb1ca05694ae@group-F34A6D962FBB-LeaderElection135] INFO  impl.RoleInfo (RoleInfo.java:updateAndGet(130)) - 8698f9c0-0d63-4edb-bf8f-bb1ca05694ae: start 8698f9c0-0d63-4edb-bf8f-bb1ca05694ae@group-F34A6D962FBB-FollowerState
2021-12-02 14:31:56,311 [grpc-default-executor-1] INFO  server.RaftServer$Division (RaftServerImpl.java:requestVote(1078)) - 277b06ce-74e8-46b5-b9ba-0eaaec62ec87@group-F34A6D962FBB replies to ELECTION vote request: 8698f9c0-0d63-4edb-bf8f-bb1ca05694ae<-277b06ce-74e8-46b5-b9ba-0eaaec62ec87#0:OK-t5. Peer's state: 277b06ce-74e8-46b5-b9ba-0eaaec62ec87@group-F34A6D962FBB:t5, leader=null, voted=8698f9c0-0d63-4edb-bf8f-bb1ca05694ae, raftlog=277b06ce-74e8-46b5-b9ba-0eaaec62ec87@group-F34A6D962FBB-SegmentedRaftLog:OPENED:c-1, conf=-1: [a7b6a586-909c-47a7-a818-e434e5672216|rpc:10.1.0.16:38677|priority:1, 8698f9c0-0d63-4edb-bf8f-bb1ca05694ae|rpc:10.1.0.16:46057|priority:0, 277b06ce-74e8-46b5-b9ba-0eaaec62ec87|rpc:10.1.0.16:37685|priority:0], old=null
2021-12-02 14:31:56,525 [a7b6a586-909c-47a7-a818-e434e5672216@group-218C52D3B0E5-FollowerState] INFO  impl.FollowerState (FollowerState.java:run(134)) - a7b6a586-909c-47a7-a818-e434e5672216@group-218C52D3B0E5-FollowerState: change to CANDIDATE, lastRpcElapsedTime:5048818472ns, electionTimeout:5044ms
2021-12-02 14:31:56,525 [a7b6a586-909c-47a7-a818-e434e5672216@group-218C52D3B0E5-FollowerState] INFO  impl.RoleInfo (RoleInfo.java:shutdownFollowerState(108)) - a7b6a586-909c-47a7-a818-e434e5672216: shutdown a7b6a586-909c-47a7-a818-e434e5672216@group-218C52D3B0E5-FollowerState
2021-12-02 14:31:56,525 [a7b6a586-909c-47a7-a818-e434e5672216@group-218C52D3B0E5-FollowerState] INFO  server.RaftServer$Division (RaftServerImpl.java:setRole(290)) - a7b6a586-909c-47a7-a818-e434e5672216@group-218C52D3B0E5: changes role from  FOLLOWER to CANDIDATE at term 5 for changeToCandidate
2021-12-02 14:31:56,525 [a7b6a586-909c-47a7-a818-e434e5672216@group-218C52D3B0E5-FollowerState] INFO  server.RaftServerConfigKeys (ConfUtils.java:logGet(44)) - raft.server.leaderelection.pre-vote = false (custom)
2021-12-02 14:31:56,525 [a7b6a586-909c-47a7-a818-e434e5672216@group-218C52D3B0E5-FollowerState] INFO  impl.RoleInfo (RoleInfo.java:updateAndGet(130)) - a7b6a586-909c-47a7-a818-e434e5672216: start a7b6a586-909c-47a7-a818-e434e5672216@group-218C52D3B0E5-LeaderElection138
2021-12-02 14:31:56,529 [a7b6a586-909c-47a7-a818-e434e5672216@group-218C52D3B0E5-LeaderElection138] INFO  impl.LeaderElection (LeaderElection.java:askForVotes(306)) - a7b6a586-909c-47a7-a818-e434e5672216@group-218C52D3B0E5-LeaderElection138 ELECTION round 0: submit vote requests at term 6 for -1: [a7b6a586-909c-47a7-a818-e434e5672216|rpc:10.1.0.16:38677|dataStream:|priority:0, 8698f9c0-0d63-4edb-bf8f-bb1ca05694ae|rpc:10.1.0.16:46057|dataStream:|priority:1, 277b06ce-74e8-46b5-b9ba-0eaaec62ec87|rpc:10.1.0.16:37685|dataStream:|priority:0], old=null
2021-12-02 14:31:56,535 [grpc-default-executor-1] INFO  server.RaftServer$Division (RaftServerImpl.java:requestVote(1046)) - 277b06ce-74e8-46b5-b9ba-0eaaec62ec87@group-218C52D3B0E5: receive requestVote(ELECTION, a7b6a586-909c-47a7-a818-e434e5672216, group-218C52D3B0E5, 6, (t:0, i:0))
2021-12-02 14:31:56,535 [grpc-default-executor-1] INFO  impl.VoteContext (VoteContext.java:log(48)) - 277b06ce-74e8-46b5-b9ba-0eaaec62ec87@group-218C52D3B0E5-FOLLOWER: reject ELECTION from a7b6a586-909c-47a7-a818-e434e5672216: our last entry (t:2, i:0) > candidate's last entry (t:0, i:0)
2021-12-02 14:31:56,535 [grpc-default-executor-1] INFO  server.RaftServer$Division (RaftServerImpl.java:setRole(290)) - 277b06ce-74e8-46b5-b9ba-0eaaec62ec87@group-218C52D3B0E5: changes role from  FOLLOWER to FOLLOWER at term 6 for candidate:a7b6a586-909c-47a7-a818-e434e5672216
2021-12-02 14:31:56,535 [grpc-default-executor-1] INFO  impl.RoleInfo (RoleInfo.java:shutdownFollowerState(108)) - 277b06ce-74e8-46b5-b9ba-0eaaec62ec87: shutdown 277b06ce-74e8-46b5-b9ba-0eaaec62ec87@group-218C52D3B0E5-FollowerState
2021-12-02 14:31:56,535 [grpc-default-executor-1] INFO  impl.RoleInfo (RoleInfo.java:updateAndGet(130)) - 277b06ce-74e8-46b5-b9ba-0eaaec62ec87: start 277b06ce-74e8-46b5-b9ba-0eaaec62ec87@group-218C52D3B0E5-FollowerState
2021-12-02 14:31:56,535 [277b06ce-74e8-46b5-b9ba-0eaaec62ec87@group-218C52D3B0E5-FollowerState] INFO  impl.FollowerState (FollowerState.java:run(143)) - 277b06ce-74e8-46b5-b9ba-0eaaec62ec87@group-218C52D3B0E5-FollowerState was interrupted: {}
java.lang.InterruptedException: sleep interrupted
	at java.lang.Thread.sleep(Native Method)
	at java.lang.Thread.sleep(Thread.java:340)
	at java.util.concurrent.TimeUnit.sleep(TimeUnit.java:386)
	at org.apache.ratis.util.TimeDuration.sleep(TimeDuration.java:324)
	at org.apache.ratis.util.TimeDuration.sleep(TimeDuration.java:309)
	at org.apache.ratis.server.impl.FollowerState.run(FollowerState.java:118)
2021-12-02 14:31:56,535 [grpc-default-executor-6] INFO  server.RaftServer$Division (RaftServerImpl.java:requestVote(1046)) - 8698f9c0-0d63-4edb-bf8f-bb1ca05694ae@group-218C52D3B0E5: receive requestVote(ELECTION, a7b6a586-909c-47a7-a818-e434e5672216, group-218C52D3B0E5, 6, (t:0, i:0))
2021-12-02 14:31:56,559 [grpc-default-executor-6] INFO  impl.VoteContext (VoteContext.java:log(48)) - 8698f9c0-0d63-4edb-bf8f-bb1ca05694ae@group-218C52D3B0E5-FOLLOWER: reject ELECTION from a7b6a586-909c-47a7-a818-e434e5672216: our last entry (t:2, i:0) > candidate's last entry (t:0, i:0)
2021-12-02 14:31:56,559 [grpc-default-executor-6] INFO  server.RaftServer$Division (RaftServerImpl.java:setRole(290)) - 8698f9c0-0d63-4edb-bf8f-bb1ca05694ae@group-218C52D3B0E5: changes role from  FOLLOWER to FOLLOWER at term 6 for candidate:a7b6a586-909c-47a7-a818-e434e5672216
2021-12-02 14:31:56,559 [grpc-default-executor-6] INFO  impl.RoleInfo (RoleInfo.java:shutdownFollowerState(108)) - 8698f9c0-0d63-4edb-bf8f-bb1ca05694ae: shutdown 8698f9c0-0d63-4edb-bf8f-bb1ca05694ae@group-218C52D3B0E5-FollowerState
2021-12-02 14:31:56,559 [grpc-default-executor-6] INFO  impl.RoleInfo (RoleInfo.java:updateAndGet(130)) - 8698f9c0-0d63-4edb-bf8f-bb1ca05694ae: start 8698f9c0-0d63-4edb-bf8f-bb1ca05694ae@group-218C52D3B0E5-FollowerState
2021-12-02 14:31:56,559 [8698f9c0-0d63-4edb-bf8f-bb1ca05694ae@group-218C52D3B0E5-FollowerState] INFO  impl.FollowerState (FollowerState.java:run(143)) - 8698f9c0-0d63-4edb-bf8f-bb1ca05694ae@group-218C52D3B0E5-FollowerState was interrupted: {}
java.lang.InterruptedException: sleep interrupted
	at java.lang.Thread.sleep(Native Method)
	at java.lang.Thread.sleep(Thread.java:340)
	at java.util.concurrent.TimeUnit.sleep(TimeUnit.java:386)
	at org.apache.ratis.util.TimeDuration.sleep(TimeDuration.java:324)
	at org.apache.ratis.util.TimeDuration.sleep(TimeDuration.java:309)
	at org.apache.ratis.server.impl.FollowerState.run(FollowerState.java:118)
2021-12-02 14:31:56,560 [grpc-default-executor-6] INFO  server.RaftServer$Division (RaftServerImpl.java:requestVote(1078)) - 8698f9c0-0d63-4edb-bf8f-bb1ca05694ae@group-218C52D3B0E5 replies to ELECTION vote request: a7b6a586-909c-47a7-a818-e434e5672216<-8698f9c0-0d63-4edb-bf8f-bb1ca05694ae#0:FAIL-t6. Peer's state: 8698f9c0-0d63-4edb-bf8f-bb1ca05694ae@group-218C52D3B0E5:t6, leader=null, voted=null, raftlog=8698f9c0-0d63-4edb-bf8f-bb1ca05694ae@group-218C52D3B0E5-SegmentedRaftLog:OPENED:c-1, conf=0: [a7b6a586-909c-47a7-a818-e434e5672216|rpc:10.1.0.16:38677|dataStream:|priority:0, 8698f9c0-0d63-4edb-bf8f-bb1ca05694ae|rpc:10.1.0.16:46057|dataStream:|priority:1, 277b06ce-74e8-46b5-b9ba-0eaaec62ec87|rpc:10.1.0.16:37685|dataStream:|priority:0], old=null
2021-12-02 14:31:56,563 [a7b6a586-909c-47a7-a818-e434e5672216@group-218C52D3B0E5-LeaderElection138] INFO  impl.LeaderElection (LeaderElection.java:logAndReturn(89)) - a7b6a586-909c-47a7-a818-e434e5672216@group-218C52D3B0E5-LeaderElection138: ELECTION REJECTED received 1 response(s) and 0 exception(s):
2021-12-02 14:31:56,563 [a7b6a586-909c-47a7-a818-e434e5672216@group-218C52D3B0E5-LeaderElection138] INFO  impl.LeaderElection (LeaderElection.java:logAndReturn(93)) -   Response 0: a7b6a586-909c-47a7-a818-e434e5672216<-8698f9c0-0d63-4edb-bf8f-bb1ca05694ae#0:FAIL-t6
2021-12-02 14:31:56,563 [a7b6a586-909c-47a7-a818-e434e5672216@group-218C52D3B0E5-LeaderElection138] INFO  impl.LeaderElection (LeaderElection.java:askForVotes(308)) - a7b6a586-909c-47a7-a818-e434e5672216@group-218C52D3B0E5-LeaderElection138 ELECTION round 0: result REJECTED
2021-12-02 14:31:56,587 [grpc-default-executor-1] INFO  server.RaftServer$Division (RaftServerImpl.java:requestVote(1078)) - 277b06ce-74e8-46b5-b9ba-0eaaec62ec87@group-218C52D3B0E5 replies to ELECTION vote request: a7b6a586-909c-47a7-a818-e434e5672216<-277b06ce-74e8-46b5-b9ba-0eaaec62ec87#0:FAIL-t6. Peer's state: 277b06ce-74e8-46b5-b9ba-0eaaec62ec87@group-218C52D3B0E5:t6, leader=null, voted=null, raftlog=277b06ce-74e8-46b5-b9ba-0eaaec62ec87@group-218C52D3B0E5-SegmentedRaftLog:OPENED:c-1, conf=0: [a7b6a586-909c-47a7-a818-e434e5672216|rpc:10.1.0.16:38677|dataStream:|priority:0, 8698f9c0-0d63-4edb-bf8f-bb1ca05694ae|rpc:10.1.0.16:46057|dataStream:|priority:1, 277b06ce-74e8-46b5-b9ba-0eaaec62ec87|rpc:10.1.0.16:37685|dataStream:|priority:0], old=null
2021-12-02 14:31:56,590 [a7b6a586-909c-47a7-a818-e434e5672216@group-218C52D3B0E5-LeaderElection138] INFO  server.RaftServer$Division (RaftServerImpl.java:setRole(290)) - a7b6a586-909c-47a7-a818-e434e5672216@group-218C52D3B0E5: changes role from CANDIDATE to FOLLOWER at term 6 for REJECTED
2021-12-02 14:31:56,590 [a7b6a586-909c-47a7-a818-e434e5672216@group-218C52D3B0E5-LeaderElection138] INFO  impl.RoleInfo (RoleInfo.java:shutdownLeaderElection(121)) - a7b6a586-909c-47a7-a818-e434e5672216: shutdown a7b6a586-909c-47a7-a818-e434e5672216@group-218C52D3B0E5-LeaderElection138
2021-12-02 14:31:56,590 [a7b6a586-909c-47a7-a818-e434e5672216@group-218C52D3B0E5-LeaderElection138] INFO  impl.RoleInfo (RoleInfo.java:updateAndGet(130)) - a7b6a586-909c-47a7-a818-e434e5672216: start a7b6a586-909c-47a7-a818-e434e5672216@group-218C52D3B0E5-FollowerState
2021-12-02 14:32:01,412 [8698f9c0-0d63-4edb-bf8f-bb1ca05694ae@group-F34A6D962FBB-FollowerState] INFO  impl.FollowerState (FollowerState.java:run(134)) - 8698f9c0-0d63-4edb-bf8f-bb1ca05694ae@group-F34A6D962FBB-FollowerState: change to CANDIDATE, lastRpcElapsedTime:5101295476ns, electionTimeout:5100ms
2021-12-02 14:32:01,412 [8698f9c0-0d63-4edb-bf8f-bb1ca05694ae@group-F34A6D962FBB-FollowerState] INFO  impl.RoleInfo (RoleInfo.java:shutdownFollowerState(108)) - 8698f9c0-0d63-4edb-bf8f-bb1ca05694ae: shutdown 8698f9c0-0d63-4edb-bf8f-bb1ca05694ae@group-F34A6D962FBB-FollowerState
2021-12-02 14:32:01,413 [8698f9c0-0d63-4edb-bf8f-bb1ca05694ae@group-F34A6D962FBB-FollowerState] INFO  server.RaftServer$Division (RaftServerImpl.java:setRole(290)) - 8698f9c0-0d63-4edb-bf8f-bb1ca05694ae@group-F34A6D962FBB: changes role from  FOLLOWER to CANDIDATE at term 5 for changeToCandidate
2021-12-02 14:32:01,413 [8698f9c0-0d63-4edb-bf8f-bb1ca05694ae@group-F34A6D962FBB-FollowerState] INFO  server.RaftServerConfigKeys (ConfUtils.java:logGet(44)) - raft.server.leaderelection.pre-vote = false (custom)
2021-12-02 14:32:01,413 [8698f9c0-0d63-4edb-bf8f-bb1ca05694ae@group-F34A6D962FBB-FollowerState] INFO  impl.RoleInfo (RoleInfo.java:updateAndGet(130)) - 8698f9c0-0d63-4edb-bf8f-bb1ca05694ae: start 8698f9c0-0d63-4edb-bf8f-bb1ca05694ae@group-F34A6D962FBB-LeaderElection139
2021-12-02 14:32:01,421 [8698f9c0-0d63-4edb-bf8f-bb1ca05694ae@group-F34A6D962FBB-LeaderElection139] INFO  impl.LeaderElection (LeaderElection.java:askForVotes(306)) - 8698f9c0-0d63-4edb-bf8f-bb1ca05694ae@group-F34A6D962FBB-LeaderElection139 ELECTION round 0: submit vote requests at term 6 for -1: [a7b6a586-909c-47a7-a818-e434e5672216|rpc:10.1.0.16:38677|dataStream:|priority:1, 8698f9c0-0d63-4edb-bf8f-bb1ca05694ae|rpc:10.1.0.16:46057|dataStream:|priority:0, 277b06ce-74e8-46b5-b9ba-0eaaec62ec87|rpc:10.1.0.16:37685|dataStream:|priority:0], old=null
2021-12-02 14:32:01,422 [grpc-default-executor-1] INFO  server.RaftServer$Division (RaftServerImpl.java:requestVote(1046)) - a7b6a586-909c-47a7-a818-e434e5672216@group-F34A6D962FBB: receive requestVote(ELECTION, 8698f9c0-0d63-4edb-bf8f-bb1ca05694ae, group-F34A6D962FBB, 6, (t:0, i:0))
2021-12-02 14:32:01,422 [grpc-default-executor-1] INFO  impl.VoteContext (VoteContext.java:log(48)) - a7b6a586-909c-47a7-a818-e434e5672216@group-F34A6D962FBB-FOLLOWER: reject ELECTION from 8698f9c0-0d63-4edb-bf8f-bb1ca05694ae: our priority 1 > candidate's priority 0
2021-12-02 14:32:01,422 [grpc-default-executor-1] INFO  server.RaftServer$Division (RaftServerImpl.java:setRole(290)) - a7b6a586-909c-47a7-a818-e434e5672216@group-F34A6D962FBB: changes role from  FOLLOWER to FOLLOWER at term 6 for candidate:8698f9c0-0d63-4edb-bf8f-bb1ca05694ae
2021-12-02 14:32:01,423 [grpc-default-executor-1] INFO  impl.RoleInfo (RoleInfo.java:shutdownFollowerState(108)) - a7b6a586-909c-47a7-a818-e434e5672216: shutdown a7b6a586-909c-47a7-a818-e434e5672216@group-F34A6D962FBB-FollowerState
2021-12-02 14:32:01,423 [grpc-default-executor-1] INFO  impl.RoleInfo (RoleInfo.java:updateAndGet(130)) - a7b6a586-909c-47a7-a818-e434e5672216: start a7b6a586-909c-47a7-a818-e434e5672216@group-F34A6D962FBB-FollowerState
2021-12-02 14:32:01,426 [grpc-default-executor-6] INFO  server.RaftServer$Division (RaftServerImpl.java:requestVote(1046)) - 277b06ce-74e8-46b5-b9ba-0eaaec62ec87@group-F34A6D962FBB: receive requestVote(ELECTION, 8698f9c0-0d63-4edb-bf8f-bb1ca05694ae, group-F34A6D962FBB, 6, (t:0, i:0))
2021-12-02 14:32:01,426 [grpc-default-executor-6] INFO  impl.VoteContext (VoteContext.java:log(48)) - 277b06ce-74e8-46b5-b9ba-0eaaec62ec87@group-F34A6D962FBB-FOLLOWER: accept ELECTION from 8698f9c0-0d63-4edb-bf8f-bb1ca05694ae: our priority 0 <= candidate's priority 0
2021-12-02 14:32:01,426 [grpc-default-executor-6] INFO  server.RaftServer$Division (RaftServerImpl.java:setRole(290)) - 277b06ce-74e8-46b5-b9ba-0eaaec62ec87@group-F34A6D962FBB: changes role from  FOLLOWER to FOLLOWER at term 6 for candidate:8698f9c0-0d63-4edb-bf8f-bb1ca05694ae
2021-12-02 14:32:01,426 [grpc-default-executor-6] INFO  impl.RoleInfo (RoleInfo.java:shutdownFollowerState(108)) - 277b06ce-74e8-46b5-b9ba-0eaaec62ec87: shutdown 277b06ce-74e8-46b5-b9ba-0eaaec62ec87@group-F34A6D962FBB-FollowerState
2021-12-02 14:32:01,426 [grpc-default-executor-6] INFO  impl.RoleInfo (RoleInfo.java:updateAndGet(130)) - 277b06ce-74e8-46b5-b9ba-0eaaec62ec87: start 277b06ce-74e8-46b5-b9ba-0eaaec62ec87@group-F34A6D962FBB-FollowerState
2021-12-02 14:32:01,426 [277b06ce-74e8-46b5-b9ba-0eaaec62ec87@group-F34A6D962FBB-FollowerState] INFO  impl.FollowerState (FollowerState.java:run(143)) - 277b06ce-74e8-46b5-b9ba-0eaaec62ec87@group-F34A6D962FBB-FollowerState was interrupted: {}
java.lang.InterruptedException: sleep interrupted
	at java.lang.Thread.sleep(Native Method)
	at java.lang.Thread.sleep(Thread.java:340)
	at java.util.concurrent.TimeUnit.sleep(TimeUnit.java:386)
	at org.apache.ratis.util.TimeDuration.sleep(TimeDuration.java:324)
	at org.apache.ratis.util.TimeDuration.sleep(TimeDuration.java:309)
	at org.apache.ratis.server.impl.FollowerState.run(FollowerState.java:118)
2021-12-02 14:32:01,427 [a7b6a586-909c-47a7-a818-e434e5672216@group-F34A6D962FBB-FollowerState] INFO  impl.FollowerState (FollowerState.java:run(143)) - a7b6a586-909c-47a7-a818-e434e5672216@group-F34A6D962FBB-FollowerState was interrupted: {}
java.lang.InterruptedException: sleep interrupted
	at java.lang.Thread.sleep(Native Method)
	at java.lang.Thread.sleep(Thread.java:340)
	at java.util.concurrent.TimeUnit.sleep(TimeUnit.java:386)
	at org.apache.ratis.util.TimeDuration.sleep(TimeDuration.java:324)
	at org.apache.ratis.util.TimeDuration.sleep(TimeDuration.java:309)
	at org.apache.ratis.server.impl.FollowerState.run(FollowerState.java:118)
2021-12-02 14:32:01,427 [grpc-default-executor-1] INFO  server.RaftServer$Division (RaftServerImpl.java:requestVote(1078)) - a7b6a586-909c-47a7-a818-e434e5672216@group-F34A6D962FBB replies to ELECTION vote request: 8698f9c0-0d63-4edb-bf8f-bb1ca05694ae<-a7b6a586-909c-47a7-a818-e434e5672216#0:FAIL-t6. Peer's state: a7b6a586-909c-47a7-a818-e434e5672216@group-F34A6D962FBB:t6, leader=null, voted=null, raftlog=a7b6a586-909c-47a7-a818-e434e5672216@group-F34A6D962FBB-SegmentedRaftLog:OPENED:c-1, conf=-1: [a7b6a586-909c-47a7-a818-e434e5672216|rpc:10.1.0.16:38677|dataStream:|priority:1, 8698f9c0-0d63-4edb-bf8f-bb1ca05694ae|rpc:10.1.0.16:46057|dataStream:|priority:0, 277b06ce-74e8-46b5-b9ba-0eaaec62ec87|rpc:10.1.0.16:37685|dataStream:|priority:0], old=null
2021-12-02 14:32:01,428 [8698f9c0-0d63-4edb-bf8f-bb1ca05694ae@group-F34A6D962FBB-LeaderElection139] INFO  impl.LeaderElection (LeaderElection.java:logAndReturn(89)) - 8698f9c0-0d63-4edb-bf8f-bb1ca05694ae@group-F34A6D962FBB-LeaderElection139: ELECTION REJECTED received 1 response(s) and 0 exception(s):
2021-12-02 14:32:01,428 [8698f9c0-0d63-4edb-bf8f-bb1ca05694ae@group-F34A6D962FBB-LeaderElection139] INFO  impl.LeaderElection (LeaderElection.java:logAndReturn(93)) -   Response 0: 8698f9c0-0d63-4edb-bf8f-bb1ca05694ae<-a7b6a586-909c-47a7-a818-e434e5672216#0:FAIL-t6
2021-12-02 14:32:01,428 [8698f9c0-0d63-4edb-bf8f-bb1ca05694ae@group-F34A6D962FBB-LeaderElection139] INFO  impl.LeaderElection (LeaderElection.java:askForVotes(308)) - 8698f9c0-0d63-4edb-bf8f-bb1ca05694ae@group-F34A6D962FBB-LeaderElection139 ELECTION round 0: result REJECTED
2021-12-02 14:32:01,428 [8698f9c0-0d63-4edb-bf8f-bb1ca05694ae@group-F34A6D962FBB-LeaderElection139] INFO  server.RaftServer$Division (RaftServerImpl.java:setRole(290)) - 8698f9c0-0d63-4edb-bf8f-bb1ca05694ae@group-F34A6D962FBB: changes role from CANDIDATE to FOLLOWER at term 6 for REJECTED
2021-12-02 14:32:01,428 [8698f9c0-0d63-4edb-bf8f-bb1ca05694ae@group-F34A6D962FBB-LeaderElection139] INFO  impl.RoleInfo (RoleInfo.java:shutdownLeaderElection(121)) - 8698f9c0-0d63-4edb-bf8f-bb1ca05694ae: shutdown 8698f9c0-0d63-4edb-bf8f-bb1ca05694ae@group-F34A6D962FBB-LeaderElection139
2021-12-02 14:32:01,428 [8698f9c0-0d63-4edb-bf8f-bb1ca05694ae@group-F34A6D962FBB-LeaderElection139] INFO  impl.RoleInfo (RoleInfo.java:updateAndGet(130)) - 8698f9c0-0d63-4edb-bf8f-bb1ca05694ae: start 8698f9c0-0d63-4edb-bf8f-bb1ca05694ae@group-F34A6D962FBB-FollowerState
2021-12-02 14:32:01,429 [grpc-default-executor-6] INFO  server.RaftServer$Division (RaftServerImpl.java:requestVote(1078)) - 277b06ce-74e8-46b5-b9ba-0eaaec62ec87@group-F34A6D962FBB replies to ELECTION vote request: 8698f9c0-0d63-4edb-bf8f-bb1ca05694ae<-277b06ce-74e8-46b5-b9ba-0eaaec62ec87#0:OK-t6. Peer's state: 277b06ce-74e8-46b5-b9ba-0eaaec62ec87@group-F34A6D962FBB:t6, leader=null, voted=8698f9c0-0d63-4edb-bf8f-bb1ca05694ae, raftlog=277b06ce-74e8-46b5-b9ba-0eaaec62ec87@group-F34A6D962FBB-SegmentedRaftLog:OPENED:c-1, conf=-1: [a7b6a586-909c-47a7-a818-e434e5672216|rpc:10.1.0.16:38677|priority:1, 8698f9c0-0d63-4edb-bf8f-bb1ca05694ae|rpc:10.1.0.16:46057|priority:0, 277b06ce-74e8-46b5-b9ba-0eaaec62ec87|rpc:10.1.0.16:37685|priority:0], old=null
2021-12-02 14:32:01,608 [277b06ce-74e8-46b5-b9ba-0eaaec62ec87@group-218C52D3B0E5-FollowerState] INFO  impl.FollowerState (FollowerState.java:run(134)) - 277b06ce-74e8-46b5-b9ba-0eaaec62ec87@group-218C52D3B0E5-FollowerState: change to CANDIDATE, lastRpcElapsedTime:5073496106ns, electionTimeout:5021ms
2021-12-02 14:32:01,609 [277b06ce-74e8-46b5-b9ba-0eaaec62ec87@group-218C52D3B0E5-FollowerState] INFO  impl.RoleInfo (RoleInfo.java:shutdownFollowerState(108)) - 277b06ce-74e8-46b5-b9ba-0eaaec62ec87: shutdown 277b06ce-74e8-46b5-b9ba-0eaaec62ec87@group-218C52D3B0E5-FollowerState
2021-12-02 14:32:01,609 [277b06ce-74e8-46b5-b9ba-0eaaec62ec87@group-218C52D3B0E5-FollowerState] INFO  server.RaftServer$Division (RaftServerImpl.java:setRole(290)) - 277b06ce-74e8-46b5-b9ba-0eaaec62ec87@group-218C52D3B0E5: changes role from  FOLLOWER to CANDIDATE at term 6 for changeToCandidate
2021-12-02 14:32:01,609 [277b06ce-74e8-46b5-b9ba-0eaaec62ec87@group-218C52D3B0E5-FollowerState] INFO  server.RaftServerConfigKeys (ConfUtils.java:logGet(44)) - raft.server.leaderelection.pre-vote = false (custom)
2021-12-02 14:32:01,609 [277b06ce-74e8-46b5-b9ba-0eaaec62ec87@group-218C52D3B0E5-FollowerState] INFO  impl.RoleInfo (RoleInfo.java:updateAndGet(130)) - 277b06ce-74e8-46b5-b9ba-0eaaec62ec87: start 277b06ce-74e8-46b5-b9ba-0eaaec62ec87@group-218C52D3B0E5-LeaderElection140
2021-12-02 14:32:01,615 [277b06ce-74e8-46b5-b9ba-0eaaec62ec87@group-218C52D3B0E5-LeaderElection140] INFO  impl.LeaderElection (LeaderElection.java:askForVotes(306)) - 277b06ce-74e8-46b5-b9ba-0eaaec62ec87@group-218C52D3B0E5-LeaderElection140 ELECTION round 0: submit vote requests at term 7 for 0: [a7b6a586-909c-47a7-a818-e434e5672216|rpc:10.1.0.16:38677|dataStream:|priority:0, 8698f9c0-0d63-4edb-bf8f-bb1ca05694ae|rpc:10.1.0.16:46057|dataStream:|priority:1, 277b06ce-74e8-46b5-b9ba-0eaaec62ec87|rpc:10.1.0.16:37685|dataStream:|priority:0], old=null
2021-12-02 14:32:01,617 [grpc-default-executor-6] INFO  server.RaftServer$Division (RaftServerImpl.java:requestVote(1046)) - a7b6a586-909c-47a7-a818-e434e5672216@group-218C52D3B0E5: receive requestVote(ELECTION, 277b06ce-74e8-46b5-b9ba-0eaaec62ec87, group-218C52D3B0E5, 7, (t:2, i:0))
2021-12-02 14:32:01,618 [grpc-default-executor-6] INFO  impl.VoteContext (VoteContext.java:log(48)) - a7b6a586-909c-47a7-a818-e434e5672216@group-218C52D3B0E5-FOLLOWER: accept ELECTION from 277b06ce-74e8-46b5-b9ba-0eaaec62ec87: our last entry null < candidate's last entry (t:2, i:0)
2021-12-02 14:32:01,618 [grpc-default-executor-6] INFO  server.RaftServer$Division (RaftServerImpl.java:setRole(290)) - a7b6a586-909c-47a7-a818-e434e5672216@group-218C52D3B0E5: changes role from  FOLLOWER to FOLLOWER at term 7 for candidate:277b06ce-74e8-46b5-b9ba-0eaaec62ec87
2021-12-02 14:32:01,618 [grpc-default-executor-6] INFO  impl.RoleInfo (RoleInfo.java:shutdownFollowerState(108)) - a7b6a586-909c-47a7-a818-e434e5672216: shutdown a7b6a586-909c-47a7-a818-e434e5672216@group-218C52D3B0E5-FollowerState
2021-12-02 14:32:01,618 [grpc-default-executor-6] INFO  impl.RoleInfo (RoleInfo.java:updateAndGet(130)) - a7b6a586-909c-47a7-a818-e434e5672216: start a7b6a586-909c-47a7-a818-e434e5672216@group-218C52D3B0E5-FollowerState
2021-12-02 14:32:01,618 [a7b6a586-909c-47a7-a818-e434e5672216@group-218C52D3B0E5-FollowerState] INFO  impl.FollowerState (FollowerState.java:run(143)) - a7b6a586-909c-47a7-a818-e434e5672216@group-218C52D3B0E5-FollowerState was interrupted: {}
java.lang.InterruptedException: sleep interrupted
	at java.lang.Thread.sleep(Native Method)
	at java.lang.Thread.sleep(Thread.java:340)
	at java.util.concurrent.TimeUnit.sleep(TimeUnit.java:386)
	at org.apache.ratis.util.TimeDuration.sleep(TimeDuration.java:324)
	at org.apache.ratis.util.TimeDuration.sleep(TimeDuration.java:309)
	at org.apache.ratis.server.impl.FollowerState.run(FollowerState.java:118)
2021-12-02 14:32:01,619 [grpc-default-executor-1] INFO  server.RaftServer$Division (RaftServerImpl.java:requestVote(1046)) - 8698f9c0-0d63-4edb-bf8f-bb1ca05694ae@group-218C52D3B0E5: receive requestVote(ELECTION, 277b06ce-74e8-46b5-b9ba-0eaaec62ec87, group-218C52D3B0E5, 7, (t:2, i:0))
2021-12-02 14:32:01,619 [grpc-default-executor-1] INFO  impl.VoteContext (VoteContext.java:log(48)) - 8698f9c0-0d63-4edb-bf8f-bb1ca05694ae@group-218C52D3B0E5-FOLLOWER: reject ELECTION from 277b06ce-74e8-46b5-b9ba-0eaaec62ec87: our priority 1 > candidate's priority 0
2021-12-02 14:32:01,619 [grpc-default-executor-1] INFO  server.RaftServer$Division (RaftServerImpl.java:setRole(290)) - 8698f9c0-0d63-4edb-bf8f-bb1ca05694ae@group-218C52D3B0E5: changes role from  FOLLOWER to FOLLOWER at term 7 for candidate:277b06ce-74e8-46b5-b9ba-0eaaec62ec87
2021-12-02 14:32:01,619 [grpc-default-executor-1] INFO  impl.RoleInfo (RoleInfo.java:shutdownFollowerState(108)) - 8698f9c0-0d63-4edb-bf8f-bb1ca05694ae: shutdown 8698f9c0-0d63-4edb-bf8f-bb1ca05694ae@group-218C52D3B0E5-FollowerState
2021-12-02 14:32:01,620 [grpc-default-executor-1] INFO  impl.RoleInfo (RoleInfo.java:updateAndGet(130)) - 8698f9c0-0d63-4edb-bf8f-bb1ca05694ae: start 8698f9c0-0d63-4edb-bf8f-bb1ca05694ae@group-218C52D3B0E5-FollowerState
2021-12-02 14:32:01,620 [8698f9c0-0d63-4edb-bf8f-bb1ca05694ae@group-218C52D3B0E5-FollowerState] INFO  impl.FollowerState (FollowerState.java:run(143)) - 8698f9c0-0d63-4edb-bf8f-bb1ca05694ae@group-218C52D3B0E5-FollowerState was interrupted: {}
java.lang.InterruptedException: sleep interrupted
	at java.lang.Thread.sleep(Native Method)
	at java.lang.Thread.sleep(Thread.java:340)
	at java.util.concurrent.TimeUnit.sleep(TimeUnit.java:386)
	at org.apache.ratis.util.TimeDuration.sleep(TimeDuration.java:324)
	at org.apache.ratis.util.TimeDuration.sleep(TimeDuration.java:309)
	at org.apache.ratis.server.impl.FollowerState.run(FollowerState.java:118)
2021-12-02 14:32:01,624 [grpc-default-executor-6] INFO  server.RaftServer$Division (RaftServerImpl.java:requestVote(1078)) - a7b6a586-909c-47a7-a818-e434e5672216@group-218C52D3B0E5 replies to ELECTION vote request: 277b06ce-74e8-46b5-b9ba-0eaaec62ec87<-a7b6a586-909c-47a7-a818-e434e5672216#0:OK-t7. Peer's state: a7b6a586-909c-47a7-a818-e434e5672216@group-218C52D3B0E5:t7, leader=null, voted=277b06ce-74e8-46b5-b9ba-0eaaec62ec87, raftlog=a7b6a586-909c-47a7-a818-e434e5672216@group-218C52D3B0E5-SegmentedRaftLog:OPENED:c-1, conf=-1: [a7b6a586-909c-47a7-a818-e434e5672216|rpc:10.1.0.16:38677|dataStream:|priority:0, 8698f9c0-0d63-4edb-bf8f-bb1ca05694ae|rpc:10.1.0.16:46057|dataStream:|priority:1, 277b06ce-74e8-46b5-b9ba-0eaaec62ec87|rpc:10.1.0.16:37685|dataStream:|priority:0], old=null
2021-12-02 14:32:01,630 [grpc-default-executor-1] INFO  server.RaftServer$Division (RaftServerImpl.java:requestVote(1078)) - 8698f9c0-0d63-4edb-bf8f-bb1ca05694ae@group-218C52D3B0E5 replies to ELECTION vote request: 277b06ce-74e8-46b5-b9ba-0eaaec62ec87<-8698f9c0-0d63-4edb-bf8f-bb1ca05694ae#0:FAIL-t7. Peer's state: 8698f9c0-0d63-4edb-bf8f-bb1ca05694ae@group-218C52D3B0E5:t7, leader=null, voted=null, raftlog=8698f9c0-0d63-4edb-bf8f-bb1ca05694ae@group-218C52D3B0E5-SegmentedRaftLog:OPENED:c-1, conf=0: [a7b6a586-909c-47a7-a818-e434e5672216|rpc:10.1.0.16:38677|dataStream:|priority:0, 8698f9c0-0d63-4edb-bf8f-bb1ca05694ae|rpc:10.1.0.16:46057|dataStream:|priority:1, 277b06ce-74e8-46b5-b9ba-0eaaec62ec87|rpc:10.1.0.16:37685|dataStream:|priority:0], old=null
2021-12-02 14:32:01,630 [277b06ce-74e8-46b5-b9ba-0eaaec62ec87@group-218C52D3B0E5-LeaderElection140] INFO  impl.LeaderElection (LeaderElection.java:logAndReturn(89)) - 277b06ce-74e8-46b5-b9ba-0eaaec62ec87@group-218C52D3B0E5-LeaderElection140: ELECTION REJECTED received 2 response(s) and 0 exception(s):
2021-12-02 14:32:01,630 [277b06ce-74e8-46b5-b9ba-0eaaec62ec87@group-218C52D3B0E5-LeaderElection140] INFO  impl.LeaderElection (LeaderElection.java:logAndReturn(93)) -   Response 0: 277b06ce-74e8-46b5-b9ba-0eaaec62ec87<-a7b6a586-909c-47a7-a818-e434e5672216#0:OK-t7
2021-12-02 14:32:01,630 [277b06ce-74e8-46b5-b9ba-0eaaec62ec87@group-218C52D3B0E5-LeaderElection140] INFO  impl.LeaderElection (LeaderElection.java:logAndReturn(93)) -   Response 1: 277b06ce-74e8-46b5-b9ba-0eaaec62ec87<-8698f9c0-0d63-4edb-bf8f-bb1ca05694ae#0:FAIL-t7
2021-12-02 14:32:01,630 [277b06ce-74e8-46b5-b9ba-0eaaec62ec87@group-218C52D3B0E5-LeaderElection140] INFO  impl.LeaderElection (LeaderElection.java:askForVotes(308)) - 277b06ce-74e8-46b5-b9ba-0eaaec62ec87@group-218C52D3B0E5-LeaderElection140 ELECTION round 0: result REJECTED
2021-12-02 14:32:01,630 [277b06ce-74e8-46b5-b9ba-0eaaec62ec87@group-218C52D3B0E5-LeaderElection140] INFO  server.RaftServer$Division (RaftServerImpl.java:setRole(290)) - 277b06ce-74e8-46b5-b9ba-0eaaec62ec87@group-218C52D3B0E5: changes role from CANDIDATE to FOLLOWER at term 7 for REJECTED
2021-12-02 14:32:01,630 [277b06ce-74e8-46b5-b9ba-0eaaec62ec87@group-218C52D3B0E5-LeaderElection140] INFO  impl.RoleInfo (RoleInfo.java:shutdownLeaderElection(121)) - 277b06ce-74e8-46b5-b9ba-0eaaec62ec87: shutdown 277b06ce-74e8-46b5-b9ba-0eaaec62ec87@group-218C52D3B0E5-LeaderElection140
2021-12-02 14:32:01,630 [277b06ce-74e8-46b5-b9ba-0eaaec62ec87@group-218C52D3B0E5-LeaderElection140] INFO  impl.RoleInfo (RoleInfo.java:updateAndGet(130)) - 277b06ce-74e8-46b5-b9ba-0eaaec62ec87: start 277b06ce-74e8-46b5-b9ba-0eaaec62ec87@group-218C52D3B0E5-FollowerState
2021-12-02 14:32:06,540 [a7b6a586-909c-47a7-a818-e434e5672216@group-F34A6D962FBB-FollowerState] INFO  impl.FollowerState (FollowerState.java:run(134)) - a7b6a586-909c-47a7-a818-e434e5672216@group-F34A6D962FBB-FollowerState: change to CANDIDATE, lastRpcElapsedTime:5116938987ns, electionTimeout:5113ms
2021-12-02 14:32:06,540 [a7b6a586-909c-47a7-a818-e434e5672216@group-F34A6D962FBB-FollowerState] INFO  impl.RoleInfo (RoleInfo.java:shutdownFollowerState(108)) - a7b6a586-909c-47a7-a818-e434e5672216: shutdown a7b6a586-909c-47a7-a818-e434e5672216@group-F34A6D962FBB-FollowerState
2021-12-02 14:32:06,540 [a7b6a586-909c-47a7-a818-e434e5672216@group-F34A6D962FBB-FollowerState] INFO  server.RaftServer$Division (RaftServerImpl.java:setRole(290)) - a7b6a586-909c-47a7-a818-e434e5672216@group-F34A6D962FBB: changes role from  FOLLOWER to CANDIDATE at term 6 for changeToCandidate
2021-12-02 14:32:06,540 [a7b6a586-909c-47a7-a818-e434e5672216@group-F34A6D962FBB-FollowerState] INFO  server.RaftServerConfigKeys (ConfUtils.java:logGet(44)) - raft.server.leaderelection.pre-vote = false (custom)
2021-12-02 14:32:06,540 [a7b6a586-909c-47a7-a818-e434e5672216@group-F34A6D962FBB-FollowerState] INFO  impl.RoleInfo (RoleInfo.java:updateAndGet(130)) - a7b6a586-909c-47a7-a818-e434e5672216: start a7b6a586-909c-47a7-a818-e434e5672216@group-F34A6D962FBB-LeaderElection141
2021-12-02 14:32:06,542 [a7b6a586-909c-47a7-a818-e434e5672216@group-F34A6D962FBB-LeaderElection141] INFO  impl.LeaderElection (LeaderElection.java:askForVotes(306)) - a7b6a586-909c-47a7-a818-e434e5672216@group-F34A6D962FBB-LeaderElection141 ELECTION round 0: submit vote requests at term 7 for -1: [a7b6a586-909c-47a7-a818-e434e5672216|rpc:10.1.0.16:38677|dataStream:|priority:1, 8698f9c0-0d63-4edb-bf8f-bb1ca05694ae|rpc:10.1.0.16:46057|dataStream:|priority:0, 277b06ce-74e8-46b5-b9ba-0eaaec62ec87|rpc:10.1.0.16:37685|dataStream:|priority:0], old=null
2021-12-02 14:32:06,544 [grpc-default-executor-1] INFO  server.RaftServer$Division (RaftServerImpl.java:requestVote(1046)) - 8698f9c0-0d63-4edb-bf8f-bb1ca05694ae@group-F34A6D962FBB: receive requestVote(ELECTION, a7b6a586-909c-47a7-a818-e434e5672216, group-F34A6D962FBB, 7, (t:0, i:0))
2021-12-02 14:32:06,544 [grpc-default-executor-1] INFO  impl.VoteContext (VoteContext.java:log(48)) - 8698f9c0-0d63-4edb-bf8f-bb1ca05694ae@group-F34A6D962FBB-FOLLOWER: accept ELECTION from a7b6a586-909c-47a7-a818-e434e5672216: our priority 0 <= candidate's priority 1
2021-12-02 14:32:06,544 [grpc-default-executor-1] INFO  server.RaftServer$Division (RaftServerImpl.java:setRole(290)) - 8698f9c0-0d63-4edb-bf8f-bb1ca05694ae@group-F34A6D962FBB: changes role from  FOLLOWER to FOLLOWER at term 7 for candidate:a7b6a586-909c-47a7-a818-e434e5672216
2021-12-02 14:32:06,544 [grpc-default-executor-1] INFO  impl.RoleInfo (RoleInfo.java:shutdownFollowerState(108)) - 8698f9c0-0d63-4edb-bf8f-bb1ca05694ae: shutdown 8698f9c0-0d63-4edb-bf8f-bb1ca05694ae@group-F34A6D962FBB-FollowerState
2021-12-02 14:32:06,545 [grpc-default-executor-6] INFO  server.RaftServer$Division (RaftServerImpl.java:requestVote(1046)) - 277b06ce-74e8-46b5-b9ba-0eaaec62ec87@group-F34A6D962FBB: receive requestVote(ELECTION, a7b6a586-909c-47a7-a818-e434e5672216, group-F34A6D962FBB, 7, (t:0, i:0))
2021-12-02 14:32:06,545 [grpc-default-executor-6] INFO  impl.VoteContext (VoteContext.java:log(48)) - 277b06ce-74e8-46b5-b9ba-0eaaec62ec87@group-F34A6D962FBB-FOLLOWER: accept ELECTION from a7b6a586-909c-47a7-a818-e434e5672216: our priority 0 <= candidate's priority 1
2021-12-02 14:32:06,545 [grpc-default-executor-6] INFO  server.RaftServer$Division (RaftServerImpl.java:setRole(290)) - 277b06ce-74e8-46b5-b9ba-0eaaec62ec87@group-F34A6D962FBB: changes role from  FOLLOWER to FOLLOWER at term 7 for candidate:a7b6a586-909c-47a7-a818-e434e5672216
2021-12-02 14:32:06,545 [grpc-default-executor-6] INFO  impl.RoleInfo (RoleInfo.java:shutdownFollowerState(108)) - 277b06ce-74e8-46b5-b9ba-0eaaec62ec87: shutdown 277b06ce-74e8-46b5-b9ba-0eaaec62ec87@group-F34A6D962FBB-FollowerState
2021-12-02 14:32:06,545 [grpc-default-executor-6] INFO  impl.RoleInfo (RoleInfo.java:updateAndGet(130)) - 277b06ce-74e8-46b5-b9ba-0eaaec62ec87: start 277b06ce-74e8-46b5-b9ba-0eaaec62ec87@group-F34A6D962FBB-FollowerState
2021-12-02 14:32:06,545 [277b06ce-74e8-46b5-b9ba-0eaaec62ec87@group-F34A6D962FBB-FollowerState] INFO  impl.FollowerState (FollowerState.java:run(143)) - 277b06ce-74e8-46b5-b9ba-0eaaec62ec87@group-F34A6D962FBB-FollowerState was interrupted: {}
java.lang.InterruptedException: sleep interrupted
	at java.lang.Thread.sleep(Native Method)
	at java.lang.Thread.sleep(Thread.java:340)
	at java.util.concurrent.TimeUnit.sleep(TimeUnit.java:386)
	at org.apache.ratis.util.TimeDuration.sleep(TimeDuration.java:324)
	at org.apache.ratis.util.TimeDuration.sleep(TimeDuration.java:309)
	at org.apache.ratis.server.impl.FollowerState.run(FollowerState.java:118)
2021-12-02 14:32:06,551 [grpc-default-executor-1] INFO  impl.RoleInfo (RoleInfo.java:updateAndGet(130)) - 8698f9c0-0d63-4edb-bf8f-bb1ca05694ae: start 8698f9c0-0d63-4edb-bf8f-bb1ca05694ae@group-F34A6D962FBB-FollowerState
2021-12-02 14:32:06,553 [grpc-default-executor-6] INFO  server.RaftServer$Division (RaftServerImpl.java:requestVote(1078)) - 277b06ce-74e8-46b5-b9ba-0eaaec62ec87@group-F34A6D962FBB replies to ELECTION vote request: a7b6a586-909c-47a7-a818-e434e5672216<-277b06ce-74e8-46b5-b9ba-0eaaec62ec87#0:OK-t7. Peer's state: 277b06ce-74e8-46b5-b9ba-0eaaec62ec87@group-F34A6D962FBB:t7, leader=null, voted=a7b6a586-909c-47a7-a818-e434e5672216, raftlog=277b06ce-74e8-46b5-b9ba-0eaaec62ec87@group-F34A6D962FBB-SegmentedRaftLog:OPENED:c-1, conf=-1: [a7b6a586-909c-47a7-a818-e434e5672216|rpc:10.1.0.16:38677|priority:1, 8698f9c0-0d63-4edb-bf8f-bb1ca05694ae|rpc:10.1.0.16:46057|priority:0, 277b06ce-74e8-46b5-b9ba-0eaaec62ec87|rpc:10.1.0.16:37685|priority:0], old=null
2021-12-02 14:32:06,553 [grpc-default-executor-1] INFO  server.RaftServer$Division (RaftServerImpl.java:requestVote(1078)) - 8698f9c0-0d63-4edb-bf8f-bb1ca05694ae@group-F34A6D962FBB replies to ELECTION vote request: a7b6a586-909c-47a7-a818-e434e5672216<-8698f9c0-0d63-4edb-bf8f-bb1ca05694ae#0:OK-t7. Peer's state: 8698f9c0-0d63-4edb-bf8f-bb1ca05694ae@group-F34A6D962FBB:t7, leader=null, voted=a7b6a586-909c-47a7-a818-e434e5672216, raftlog=8698f9c0-0d63-4edb-bf8f-bb1ca05694ae@group-F34A6D962FBB-SegmentedRaftLog:OPENED:c-1, conf=-1: [a7b6a586-909c-47a7-a818-e434e5672216|rpc:10.1.0.16:38677|dataStream:|priority:1, 8698f9c0-0d63-4edb-bf8f-bb1ca05694ae|rpc:10.1.0.16:46057|dataStream:|priority:0, 277b06ce-74e8-46b5-b9ba-0eaaec62ec87|rpc:10.1.0.16:37685|dataStream:|priority:0], old=null
2021-12-02 14:32:06,554 [a7b6a586-909c-47a7-a818-e434e5672216@group-F34A6D962FBB-LeaderElection141] INFO  impl.LeaderElection (LeaderElection.java:logAndReturn(89)) - a7b6a586-909c-47a7-a818-e434e5672216@group-F34A6D962FBB-LeaderElection141: ELECTION PASSED received 1 response(s) and 0 exception(s):
2021-12-02 14:32:06,554 [a7b6a586-909c-47a7-a818-e434e5672216@group-F34A6D962FBB-LeaderElection141] INFO  impl.LeaderElection (LeaderElection.java:logAndReturn(93)) -   Response 0: a7b6a586-909c-47a7-a818-e434e5672216<-8698f9c0-0d63-4edb-bf8f-bb1ca05694ae#0:OK-t7
2021-12-02 14:32:06,554 [a7b6a586-909c-47a7-a818-e434e5672216@group-F34A6D962FBB-LeaderElection141] INFO  impl.LeaderElection (LeaderElection.java:askForVotes(308)) - a7b6a586-909c-47a7-a818-e434e5672216@group-F34A6D962FBB-LeaderElection141 ELECTION round 0: result PASSED
2021-12-02 14:32:06,554 [a7b6a586-909c-47a7-a818-e434e5672216@group-F34A6D962FBB-LeaderElection141] INFO  impl.RoleInfo (RoleInfo.java:shutdownLeaderElection(121)) - a7b6a586-909c-47a7-a818-e434e5672216: shutdown a7b6a586-909c-47a7-a818-e434e5672216@group-F34A6D962FBB-LeaderElection141
2021-12-02 14:32:06,554 [a7b6a586-909c-47a7-a818-e434e5672216@group-F34A6D962FBB-LeaderElection141] INFO  server.RaftServer$Division (RaftServerImpl.java:setRole(290)) - a7b6a586-909c-47a7-a818-e434e5672216@group-F34A6D962FBB: changes role from CANDIDATE to LEADER at term 7 for changeToLeader
2021-12-02 14:32:06,554 [a7b6a586-909c-47a7-a818-e434e5672216@group-F34A6D962FBB-LeaderElection141] INFO  ratis.XceiverServerRatis (XceiverServerRatis.java:handleLeaderChangedNotification(866)) - Leader change notification received for group: group-F34A6D962FBB with new leaderId: a7b6a586-909c-47a7-a818-e434e5672216
2021-12-02 14:32:06,555 [a7b6a586-909c-47a7-a818-e434e5672216@group-F34A6D962FBB-LeaderElection141] INFO  server.RaftServer$Division (ServerState.java:setLeader(285)) - a7b6a586-909c-47a7-a818-e434e5672216@group-F34A6D962FBB: change Leader from null to a7b6a586-909c-47a7-a818-e434e5672216 at term 7 for becomeLeader, leader elected after 36114ms
2021-12-02 14:32:06,555 [a7b6a586-909c-47a7-a818-e434e5672216@group-F34A6D962FBB-LeaderElection141] INFO  server.RaftServerConfigKeys (ConfUtils.java:logGet(44)) - raft.server.staging.catchup.gap = 1000 (default)
2021-12-02 14:32:06,555 [a7b6a586-909c-47a7-a818-e434e5672216@group-F34A6D962FBB-LeaderElection141] INFO  server.RaftServerConfigKeys (ConfUtils.java:logGet(44)) - raft.server.write.element-limit = 1024 (custom)
2021-12-02 14:32:06,555 [a7b6a586-909c-47a7-a818-e434e5672216@group-F34A6D962FBB-LeaderElection141] INFO  server.RaftServerConfigKeys (ConfUtils.java:logGet(44)) - raft.server.write.byte-limit = 1024 M (=1073741824) (custom)
2021-12-02 14:32:06,555 [a7b6a586-909c-47a7-a818-e434e5672216@group-F34A6D962FBB-LeaderElection141] INFO  server.RaftServerConfigKeys (ConfUtils.java:logGet(44)) - raft.server.watch.timeout = 3000ms (custom)
2021-12-02 14:32:06,556 [a7b6a586-909c-47a7-a818-e434e5672216@group-F34A6D962FBB-LeaderElection141] INFO  server.RaftServerConfigKeys (ConfUtils.java:logGet(44)) - raft.server.watch.timeout.denomination = 1s (default)
2021-12-02 14:32:06,556 [a7b6a586-909c-47a7-a818-e434e5672216@group-F34A6D962FBB-LeaderElection141] INFO  server.RaftServerConfigKeys (ConfUtils.java:logGet(44)) - raft.server.watch.element-limit = 65536 (default)
2021-12-02 14:32:06,556 [a7b6a586-909c-47a7-a818-e434e5672216@group-F34A6D962FBB-LeaderElection141] INFO  server.RaftServerConfigKeys (ConfUtils.java:logGet(44)) - raft.server.write.element-limit = 1024 (custom)
2021-12-02 14:32:06,556 [a7b6a586-909c-47a7-a818-e434e5672216@group-F34A6D962FBB-LeaderElection141] INFO  server.RaftServerConfigKeys (ConfUtils.java:logGet(44)) - raft.server.write.follower.gap.ratio.max = -1.0 (default)
2021-12-02 14:32:06,556 [a7b6a586-909c-47a7-a818-e434e5672216@group-F34A6D962FBB-LeaderElection141] INFO  server.RaftServerConfigKeys (ConfUtils.java:logGet(44)) - raft.server.log.appender.snapshot.chunk.size.max = 16MB (=16777216) (default)
2021-12-02 14:32:06,556 [a7b6a586-909c-47a7-a818-e434e5672216@group-F34A6D962FBB-LeaderElection141] INFO  server.RaftServerConfigKeys (ConfUtils.java:logGet(44)) - raft.server.log.appender.buffer.byte-limit = 33554432 (custom)
2021-12-02 14:32:06,556 [a7b6a586-909c-47a7-a818-e434e5672216@group-F34A6D962FBB-LeaderElection141] INFO  server.RaftServerConfigKeys (ConfUtils.java:logGet(44)) - raft.server.log.appender.buffer.element-limit = 1 (custom)
2021-12-02 14:32:06,556 [a7b6a586-909c-47a7-a818-e434e5672216@group-F34A6D962FBB-LeaderElection141] INFO  grpc.GrpcConfigKeys (ConfUtils.java:logGet(44)) - raft.grpc.server.leader.outstanding.appends.max = 128 (default)
2021-12-02 14:32:06,556 [a7b6a586-909c-47a7-a818-e434e5672216@group-F34A6D962FBB-LeaderElection141] INFO  server.RaftServerConfigKeys (ConfUtils.java:logGet(44)) - raft.server.rpc.request.timeout = 3000ms (default)
2021-12-02 14:32:06,556 [a7b6a586-909c-47a7-a818-e434e5672216@group-F34A6D962FBB-LeaderElection141] INFO  server.RaftServerConfigKeys (ConfUtils.java:logGet(44)) - raft.server.log.appender.install.snapshot.enabled = false (custom)
2021-12-02 14:32:06,558 [a7b6a586-909c-47a7-a818-e434e5672216@group-F34A6D962FBB-LeaderElection141] INFO  server.RaftServerConfigKeys (ConfUtils.java:logGet(44)) - raft.server.log.appender.snapshot.chunk.size.max = 16MB (=16777216) (default)
2021-12-02 14:32:06,558 [a7b6a586-909c-47a7-a818-e434e5672216@group-F34A6D962FBB-LeaderElection141] INFO  server.RaftServerConfigKeys (ConfUtils.java:logGet(44)) - raft.server.log.appender.buffer.byte-limit = 33554432 (custom)
2021-12-02 14:32:06,558 [a7b6a586-909c-47a7-a818-e434e5672216@group-F34A6D962FBB-LeaderElection141] INFO  server.RaftServerConfigKeys (ConfUtils.java:logGet(44)) - raft.server.log.appender.buffer.element-limit = 1 (custom)
2021-12-02 14:32:06,558 [a7b6a586-909c-47a7-a818-e434e5672216@group-F34A6D962FBB-LeaderElection141] INFO  grpc.GrpcConfigKeys (ConfUtils.java:logGet(44)) - raft.grpc.server.leader.outstanding.appends.max = 128 (default)
2021-12-02 14:32:06,558 [a7b6a586-909c-47a7-a818-e434e5672216@group-F34A6D962FBB-LeaderElection141] INFO  server.RaftServerConfigKeys (ConfUtils.java:logGet(44)) - raft.server.rpc.request.timeout = 3000ms (default)
2021-12-02 14:32:06,558 [a7b6a586-909c-47a7-a818-e434e5672216@group-F34A6D962FBB-LeaderElection141] INFO  server.RaftServerConfigKeys (ConfUtils.java:logGet(44)) - raft.server.log.appender.install.snapshot.enabled = false (custom)
2021-12-02 14:32:06,563 [EventQueue-PipelineReportForPipelineReportHandler] INFO  pipeline.PipelineManagerImpl (PipelineManagerImpl.java:openPipeline(289)) - Pipeline Pipeline[ Id: 4d19a40b-ff18-4e92-ae45-f34a6d962fbb, Nodes: a7b6a586-909c-47a7-a818-e434e5672216{ip: 10.1.0.16, host: fv-az59-375.csjynl4pkq3e1pkirw3ssqjfoh.cx.internal.cloudapp.net, ports: [REPLICATION=41303, RATIS=38677, RATIS_ADMIN=38677, RATIS_SERVER=38677, STANDALONE=45225], networkLocation: /default-rack, certSerialId: null, persistedOpState: IN_SERVICE, persistedOpStateExpiryEpochSec: 0}8698f9c0-0d63-4edb-bf8f-bb1ca05694ae{ip: 10.1.0.16, host: fv-az59-375.csjynl4pkq3e1pkirw3ssqjfoh.cx.internal.cloudapp.net, ports: [REPLICATION=42607, RATIS=46057, RATIS_ADMIN=46057, RATIS_SERVER=46057, STANDALONE=45611], networkLocation: /default-rack, certSerialId: null, persistedOpState: IN_SERVICE, persistedOpStateExpiryEpochSec: 0}277b06ce-74e8-46b5-b9ba-0eaaec62ec87{ip: 10.1.0.16, host: fv-az59-375.csjynl4pkq3e1pkirw3ssqjfoh.cx.internal.cloudapp.net, ports: [REPLICATION=41607, RATIS=37685, RATIS_ADMIN=37685, RATIS_SERVER=37685, STANDALONE=37559], networkLocation: /default-rack, certSerialId: null, persistedOpState: IN_SERVICE, persistedOpStateExpiryEpochSec: 0}, ReplicationConfig: RATIS/THREE, State:ALLOCATED, leaderId:a7b6a586-909c-47a7-a818-e434e5672216, CreationTimestamp2021-12-02T14:31:28.273Z[Etc/UTC]] moved to OPEN state
2021-12-02 14:32:06,566 [a7b6a586-909c-47a7-a818-e434e5672216@group-F34A6D962FBB-LeaderElection141] INFO  impl.RoleInfo (RoleInfo.java:updateAndGet(130)) - a7b6a586-909c-47a7-a818-e434e5672216: start a7b6a586-909c-47a7-a818-e434e5672216@group-F34A6D962FBB-LeaderStateImpl
2021-12-02 14:32:06,567 [a7b6a586-909c-47a7-a818-e434e5672216@group-F34A6D962FBB-LeaderElection141] INFO  segmented.SegmentedRaftLogWorker (SegmentedRaftLogWorker.java:startLogSegment(394)) - a7b6a586-909c-47a7-a818-e434e5672216@group-F34A6D962FBB-SegmentedRaftLogWorker: Starting segment from index:0
2021-12-02 14:32:06,568 [8698f9c0-0d63-4edb-bf8f-bb1ca05694ae@group-F34A6D962FBB-FollowerState] INFO  impl.FollowerState (FollowerState.java:run(143)) - 8698f9c0-0d63-4edb-bf8f-bb1ca05694ae@group-F34A6D962FBB-FollowerState was interrupted: {}
java.lang.InterruptedException: sleep interrupted
	at java.lang.Thread.sleep(Native Method)
	at java.lang.Thread.sleep(Thread.java:340)
	at java.util.concurrent.TimeUnit.sleep(TimeUnit.java:386)
	at org.apache.ratis.util.TimeDuration.sleep(TimeDuration.java:324)
	at org.apache.ratis.util.TimeDuration.sleep(TimeDuration.java:309)
	at org.apache.ratis.server.impl.FollowerState.run(FollowerState.java:118)
2021-12-02 14:32:06,569 [a7b6a586-909c-47a7-a818-e434e5672216@group-F34A6D962FBB-SegmentedRaftLogWorker] INFO  segmented.SegmentedRaftLogWorker (SegmentedRaftLogWorker.java:execute(601)) - a7b6a586-909c-47a7-a818-e434e5672216@group-F34A6D962FBB-SegmentedRaftLogWorker: created new log segment /home/runner/work/ozone/ozone/hadoop-ozone/integration-test/target/test-dir/MiniOzoneClusterImpl-fd94144e-5974-489a-b79f-b066564ba6f5/datanode-1/data/ratis/4d19a40b-ff18-4e92-ae45-f34a6d962fbb/current/log_inprogress_0
2021-12-02 14:32:06,577 [grpc-default-executor-6] INFO  ratis.XceiverServerRatis (XceiverServerRatis.java:handleLeaderChangedNotification(866)) - Leader change notification received for group: group-F34A6D962FBB with new leaderId: a7b6a586-909c-47a7-a818-e434e5672216
2021-12-02 14:32:06,577 [grpc-default-executor-6] INFO  server.RaftServer$Division (ServerState.java:setLeader(285)) - 277b06ce-74e8-46b5-b9ba-0eaaec62ec87@group-F34A6D962FBB: change Leader from null to a7b6a586-909c-47a7-a818-e434e5672216 at term 7 for appendEntries, leader elected after 36246ms
2021-12-02 14:32:06,593 [a7b6a586-909c-47a7-a818-e434e5672216@group-F34A6D962FBB-LeaderElection141] INFO  server.RaftServer$Division (ServerState.java:setRaftConf(387)) - a7b6a586-909c-47a7-a818-e434e5672216@group-F34A6D962FBB: set configuration 0: [a7b6a586-909c-47a7-a818-e434e5672216|rpc:10.1.0.16:38677|dataStream:|priority:1, 8698f9c0-0d63-4edb-bf8f-bb1ca05694ae|rpc:10.1.0.16:46057|dataStream:|priority:0, 277b06ce-74e8-46b5-b9ba-0eaaec62ec87|rpc:10.1.0.16:37685|dataStream:|priority:0], old=null
2021-12-02 14:32:06,593 [grpc-default-executor-6] INFO  server.RaftServer$Division (ServerState.java:setRaftConf(387)) - 277b06ce-74e8-46b5-b9ba-0eaaec62ec87@group-F34A6D962FBB: set configuration 0: [a7b6a586-909c-47a7-a818-e434e5672216|rpc:10.1.0.16:38677|dataStream:|priority:1, 8698f9c0-0d63-4edb-bf8f-bb1ca05694ae|rpc:10.1.0.16:46057|dataStream:|priority:0, 277b06ce-74e8-46b5-b9ba-0eaaec62ec87|rpc:10.1.0.16:37685|dataStream:|priority:0], old=null
2021-12-02 14:32:06,601 [grpc-default-executor-6] INFO  segmented.SegmentedRaftLogWorker (SegmentedRaftLogWorker.java:startLogSegment(394)) - 277b06ce-74e8-46b5-b9ba-0eaaec62ec87@group-F34A6D962FBB-SegmentedRaftLogWorker: Starting segment from index:0
2021-12-02 14:32:06,612 [277b06ce-74e8-46b5-b9ba-0eaaec62ec87@group-F34A6D962FBB-SegmentedRaftLogWorker] INFO  segmented.SegmentedRaftLogWorker (SegmentedRaftLogWorker.java:execute(601)) - 277b06ce-74e8-46b5-b9ba-0eaaec62ec87@group-F34A6D962FBB-SegmentedRaftLogWorker: created new log segment /home/runner/work/ozone/ozone/hadoop-ozone/integration-test/target/test-dir/MiniOzoneClusterImpl-fd94144e-5974-489a-b79f-b066564ba6f5/datanode-0/data/ratis/4d19a40b-ff18-4e92-ae45-f34a6d962fbb/current/log_inprogress_0
2021-12-02 14:32:06,637 [grpc-default-executor-6] INFO  ratis.XceiverServerRatis (XceiverServerRatis.java:handleLeaderChangedNotification(866)) - Leader change notification received for group: group-F34A6D962FBB with new leaderId: a7b6a586-909c-47a7-a818-e434e5672216
2021-12-02 14:32:06,637 [grpc-default-executor-6] INFO  server.RaftServer$Division (ServerState.java:setLeader(285)) - 8698f9c0-0d63-4edb-bf8f-bb1ca05694ae@group-F34A6D962FBB: change Leader from null to a7b6a586-909c-47a7-a818-e434e5672216 at term 7 for appendEntries, leader elected after 36106ms
2021-12-02 14:32:06,648 [grpc-default-executor-6] INFO  server.RaftServer$Division (ServerState.java:setRaftConf(387)) - 8698f9c0-0d63-4edb-bf8f-bb1ca05694ae@group-F34A6D962FBB: set configuration 0: [a7b6a586-909c-47a7-a818-e434e5672216|rpc:10.1.0.16:38677|dataStream:|priority:1, 8698f9c0-0d63-4edb-bf8f-bb1ca05694ae|rpc:10.1.0.16:46057|dataStream:|priority:0, 277b06ce-74e8-46b5-b9ba-0eaaec62ec87|rpc:10.1.0.16:37685|dataStream:|priority:0], old=null
2021-12-02 14:32:06,648 [grpc-default-executor-6] INFO  segmented.SegmentedRaftLogWorker (SegmentedRaftLogWorker.java:startLogSegment(394)) - 8698f9c0-0d63-4edb-bf8f-bb1ca05694ae@group-F34A6D962FBB-SegmentedRaftLogWorker: Starting segment from index:0
2021-12-02 14:32:06,651 [8698f9c0-0d63-4edb-bf8f-bb1ca05694ae@group-F34A6D962FBB-SegmentedRaftLogWorker] INFO  segmented.SegmentedRaftLogWorker (SegmentedRaftLogWorker.java:execute(601)) - 8698f9c0-0d63-4edb-bf8f-bb1ca05694ae@group-F34A6D962FBB-SegmentedRaftLogWorker: created new log segment /home/runner/work/ozone/ozone/hadoop-ozone/integration-test/target/test-dir/MiniOzoneClusterImpl-fd94144e-5974-489a-b79f-b066564ba6f5/datanode-2/data/ratis/4d19a40b-ff18-4e92-ae45-f34a6d962fbb/current/log_inprogress_0
2021-12-02 14:32:06,679 [277b06ce-74e8-46b5-b9ba-0eaaec62ec87@group-218C52D3B0E5-FollowerState] INFO  impl.FollowerState (FollowerState.java:run(134)) - 277b06ce-74e8-46b5-b9ba-0eaaec62ec87@group-218C52D3B0E5-FollowerState: change to CANDIDATE, lastRpcElapsedTime:5048708318ns, electionTimeout:5045ms
2021-12-02 14:32:06,679 [277b06ce-74e8-46b5-b9ba-0eaaec62ec87@group-218C52D3B0E5-FollowerState] INFO  impl.RoleInfo (RoleInfo.java:shutdownFollowerState(108)) - 277b06ce-74e8-46b5-b9ba-0eaaec62ec87: shutdown 277b06ce-74e8-46b5-b9ba-0eaaec62ec87@group-218C52D3B0E5-FollowerState
2021-12-02 14:32:06,679 [277b06ce-74e8-46b5-b9ba-0eaaec62ec87@group-218C52D3B0E5-FollowerState] INFO  server.RaftServer$Division (RaftServerImpl.java:setRole(290)) - 277b06ce-74e8-46b5-b9ba-0eaaec62ec87@group-218C52D3B0E5: changes role from  FOLLOWER to CANDIDATE at term 7 for changeToCandidate
2021-12-02 14:32:06,679 [277b06ce-74e8-46b5-b9ba-0eaaec62ec87@group-218C52D3B0E5-FollowerState] INFO  server.RaftServerConfigKeys (ConfUtils.java:logGet(44)) - raft.server.leaderelection.pre-vote = false (custom)
2021-12-02 14:32:06,679 [277b06ce-74e8-46b5-b9ba-0eaaec62ec87@group-218C52D3B0E5-FollowerState] INFO  impl.RoleInfo (RoleInfo.java:updateAndGet(130)) - 277b06ce-74e8-46b5-b9ba-0eaaec62ec87: start 277b06ce-74e8-46b5-b9ba-0eaaec62ec87@group-218C52D3B0E5-LeaderElection142
2021-12-02 14:32:06,716 [277b06ce-74e8-46b5-b9ba-0eaaec62ec87@group-218C52D3B0E5-LeaderElection142] INFO  impl.LeaderElection (LeaderElection.java:askForVotes(306)) - 277b06ce-74e8-46b5-b9ba-0eaaec62ec87@group-218C52D3B0E5-LeaderElection142 ELECTION round 0: submit vote requests at term 8 for 0: [a7b6a586-909c-47a7-a818-e434e5672216|rpc:10.1.0.16:38677|dataStream:|priority:0, 8698f9c0-0d63-4edb-bf8f-bb1ca05694ae|rpc:10.1.0.16:46057|dataStream:|priority:1, 277b06ce-74e8-46b5-b9ba-0eaaec62ec87|rpc:10.1.0.16:37685|dataStream:|priority:0], old=null
2021-12-02 14:32:06,727 [grpc-default-executor-6] INFO  server.RaftServer$Division (RaftServerImpl.java:requestVote(1046)) - a7b6a586-909c-47a7-a818-e434e5672216@group-218C52D3B0E5: receive requestVote(ELECTION, 277b06ce-74e8-46b5-b9ba-0eaaec62ec87, group-218C52D3B0E5, 8, (t:2, i:0))
2021-12-02 14:32:06,727 [grpc-default-executor-6] INFO  impl.VoteContext (VoteContext.java:log(48)) - a7b6a586-909c-47a7-a818-e434e5672216@group-218C52D3B0E5-FOLLOWER: accept ELECTION from 277b06ce-74e8-46b5-b9ba-0eaaec62ec87: our last entry null < candidate's last entry (t:2, i:0)
2021-12-02 14:32:06,727 [grpc-default-executor-6] INFO  server.RaftServer$Division (RaftServerImpl.java:setRole(290)) - a7b6a586-909c-47a7-a818-e434e5672216@group-218C52D3B0E5: changes role from  FOLLOWER to FOLLOWER at term 8 for candidate:277b06ce-74e8-46b5-b9ba-0eaaec62ec87
2021-12-02 14:32:06,727 [grpc-default-executor-6] INFO  impl.RoleInfo (RoleInfo.java:shutdownFollowerState(108)) - a7b6a586-909c-47a7-a818-e434e5672216: shutdown a7b6a586-909c-47a7-a818-e434e5672216@group-218C52D3B0E5-FollowerState
2021-12-02 14:32:06,733 [grpc-default-executor-2] INFO  server.RaftServer$Division (RaftServerImpl.java:requestVote(1046)) - 8698f9c0-0d63-4edb-bf8f-bb1ca05694ae@group-218C52D3B0E5: receive requestVote(ELECTION, 277b06ce-74e8-46b5-b9ba-0eaaec62ec87, group-218C52D3B0E5, 8, (t:2, i:0))
2021-12-02 14:32:06,733 [grpc-default-executor-2] INFO  impl.VoteContext (VoteContext.java:log(48)) - 8698f9c0-0d63-4edb-bf8f-bb1ca05694ae@group-218C52D3B0E5-FOLLOWER: reject ELECTION from 277b06ce-74e8-46b5-b9ba-0eaaec62ec87: our priority 1 > candidate's priority 0
2021-12-02 14:32:06,733 [grpc-default-executor-2] INFO  server.RaftServer$Division (RaftServerImpl.java:setRole(290)) - 8698f9c0-0d63-4edb-bf8f-bb1ca05694ae@group-218C52D3B0E5: changes role from  FOLLOWER to FOLLOWER at term 8 for candidate:277b06ce-74e8-46b5-b9ba-0eaaec62ec87
2021-12-02 14:32:06,733 [grpc-default-executor-2] INFO  impl.RoleInfo (RoleInfo.java:shutdownFollowerState(108)) - 8698f9c0-0d63-4edb-bf8f-bb1ca05694ae: shutdown 8698f9c0-0d63-4edb-bf8f-bb1ca05694ae@group-218C52D3B0E5-FollowerState
2021-12-02 14:32:06,734 [grpc-default-executor-2] INFO  impl.RoleInfo (RoleInfo.java:updateAndGet(130)) - 8698f9c0-0d63-4edb-bf8f-bb1ca05694ae: start 8698f9c0-0d63-4edb-bf8f-bb1ca05694ae@group-218C52D3B0E5-FollowerState
2021-12-02 14:32:06,734 [8698f9c0-0d63-4edb-bf8f-bb1ca05694ae@group-218C52D3B0E5-FollowerState] INFO  impl.FollowerState (FollowerState.java:run(143)) - 8698f9c0-0d63-4edb-bf8f-bb1ca05694ae@group-218C52D3B0E5-FollowerState was interrupted: {}
java.lang.InterruptedException: sleep interrupted
	at java.lang.Thread.sleep(Native Method)
	at java.lang.Thread.sleep(Thread.java:340)
	at java.util.concurrent.TimeUnit.sleep(TimeUnit.java:386)
	at org.apache.ratis.util.TimeDuration.sleep(TimeDuration.java:324)
	at org.apache.ratis.util.TimeDuration.sleep(TimeDuration.java:309)
	at org.apache.ratis.server.impl.FollowerState.run(FollowerState.java:118)
2021-12-02 14:32:06,735 [grpc-default-executor-2] INFO  server.RaftServer$Division (RaftServerImpl.java:requestVote(1078)) - 8698f9c0-0d63-4edb-bf8f-bb1ca05694ae@group-218C52D3B0E5 replies to ELECTION vote request: 277b06ce-74e8-46b5-b9ba-0eaaec62ec87<-8698f9c0-0d63-4edb-bf8f-bb1ca05694ae#0:FAIL-t8. Peer's state: 8698f9c0-0d63-4edb-bf8f-bb1ca05694ae@group-218C52D3B0E5:t8, leader=null, voted=null, raftlog=8698f9c0-0d63-4edb-bf8f-bb1ca05694ae@group-218C52D3B0E5-SegmentedRaftLog:OPENED:c-1, conf=0: [a7b6a586-909c-47a7-a818-e434e5672216|rpc:10.1.0.16:38677|dataStream:|priority:0, 8698f9c0-0d63-4edb-bf8f-bb1ca05694ae|rpc:10.1.0.16:46057|dataStream:|priority:1, 277b06ce-74e8-46b5-b9ba-0eaaec62ec87|rpc:10.1.0.16:37685|dataStream:|priority:0], old=null
2021-12-02 14:32:06,736 [277b06ce-74e8-46b5-b9ba-0eaaec62ec87@group-218C52D3B0E5-LeaderElection142] INFO  impl.LeaderElection (LeaderElection.java:logAndReturn(89)) - 277b06ce-74e8-46b5-b9ba-0eaaec62ec87@group-218C52D3B0E5-LeaderElection142: ELECTION REJECTED received 1 response(s) and 0 exception(s):
2021-12-02 14:32:06,736 [277b06ce-74e8-46b5-b9ba-0eaaec62ec87@group-218C52D3B0E5-LeaderElection142] INFO  impl.LeaderElection (LeaderElection.java:logAndReturn(93)) -   Response 0: 277b06ce-74e8-46b5-b9ba-0eaaec62ec87<-8698f9c0-0d63-4edb-bf8f-bb1ca05694ae#0:FAIL-t8
2021-12-02 14:32:06,736 [277b06ce-74e8-46b5-b9ba-0eaaec62ec87@group-218C52D3B0E5-LeaderElection142] INFO  impl.LeaderElection (LeaderElection.java:askForVotes(308)) - 277b06ce-74e8-46b5-b9ba-0eaaec62ec87@group-218C52D3B0E5-LeaderElection142 ELECTION round 0: result REJECTED
2021-12-02 14:32:06,736 [277b06ce-74e8-46b5-b9ba-0eaaec62ec87@group-218C52D3B0E5-LeaderElection142] INFO  server.RaftServer$Division (RaftServerImpl.java:setRole(290)) - 277b06ce-74e8-46b5-b9ba-0eaaec62ec87@group-218C52D3B0E5: changes role from CANDIDATE to FOLLOWER at term 8 for REJECTED
2021-12-02 14:32:06,736 [277b06ce-74e8-46b5-b9ba-0eaaec62ec87@group-218C52D3B0E5-LeaderElection142] INFO  impl.RoleInfo (RoleInfo.java:shutdownLeaderElection(121)) - 277b06ce-74e8-46b5-b9ba-0eaaec62ec87: shutdown 277b06ce-74e8-46b5-b9ba-0eaaec62ec87@group-218C52D3B0E5-LeaderElection142
2021-12-02 14:32:06,736 [277b06ce-74e8-46b5-b9ba-0eaaec62ec87@group-218C52D3B0E5-LeaderElection142] INFO  impl.RoleInfo (RoleInfo.java:updateAndGet(130)) - 277b06ce-74e8-46b5-b9ba-0eaaec62ec87: start 277b06ce-74e8-46b5-b9ba-0eaaec62ec87@group-218C52D3B0E5-FollowerState
2021-12-02 14:32:06,751 [grpc-default-executor-6] INFO  impl.RoleInfo (RoleInfo.java:updateAndGet(130)) - a7b6a586-909c-47a7-a818-e434e5672216: start a7b6a586-909c-47a7-a818-e434e5672216@group-218C52D3B0E5-FollowerState
2021-12-02 14:32:06,751 [a7b6a586-909c-47a7-a818-e434e5672216@group-218C52D3B0E5-FollowerState] INFO  impl.FollowerState (FollowerState.java:run(143)) - a7b6a586-909c-47a7-a818-e434e5672216@group-218C52D3B0E5-FollowerState was interrupted: {}
java.lang.InterruptedException: sleep interrupted
	at java.lang.Thread.sleep(Native Method)
	at java.lang.Thread.sleep(Thread.java:340)
	at java.util.concurrent.TimeUnit.sleep(TimeUnit.java:386)
	at org.apache.ratis.util.TimeDuration.sleep(TimeDuration.java:324)
	at org.apache.ratis.util.TimeDuration.sleep(TimeDuration.java:309)
	at org.apache.ratis.server.impl.FollowerState.run(FollowerState.java:118)
2021-12-02 14:32:06,759 [grpc-default-executor-6] INFO  server.RaftServer$Division (RaftServerImpl.java:requestVote(1078)) - a7b6a586-909c-47a7-a818-e434e5672216@group-218C52D3B0E5 replies to ELECTION vote request: 277b06ce-74e8-46b5-b9ba-0eaaec62ec87<-a7b6a586-909c-47a7-a818-e434e5672216#0:OK-t8. Peer's state: a7b6a586-909c-47a7-a818-e434e5672216@group-218C52D3B0E5:t8, leader=null, voted=277b06ce-74e8-46b5-b9ba-0eaaec62ec87, raftlog=a7b6a586-909c-47a7-a818-e434e5672216@group-218C52D3B0E5-SegmentedRaftLog:OPENED:c-1, conf=-1: [a7b6a586-909c-47a7-a818-e434e5672216|rpc:10.1.0.16:38677|dataStream:|priority:0, 8698f9c0-0d63-4edb-bf8f-bb1ca05694ae|rpc:10.1.0.16:46057|dataStream:|priority:1, 277b06ce-74e8-46b5-b9ba-0eaaec62ec87|rpc:10.1.0.16:37685|dataStream:|priority:0], old=null
2021-12-02 14:32:11,781 [8698f9c0-0d63-4edb-bf8f-bb1ca05694ae@group-218C52D3B0E5-FollowerState] INFO  impl.FollowerState (FollowerState.java:run(134)) - 8698f9c0-0d63-4edb-bf8f-bb1ca05694ae@group-218C52D3B0E5-FollowerState: change to CANDIDATE, lastRpcElapsedTime:5047737289ns, electionTimeout:5047ms
2021-12-02 14:32:11,781 [8698f9c0-0d63-4edb-bf8f-bb1ca05694ae@group-218C52D3B0E5-FollowerState] INFO  impl.RoleInfo (RoleInfo.java:shutdownFollowerState(108)) - 8698f9c0-0d63-4edb-bf8f-bb1ca05694ae: shutdown 8698f9c0-0d63-4edb-bf8f-bb1ca05694ae@group-218C52D3B0E5-FollowerState
2021-12-02 14:32:11,782 [8698f9c0-0d63-4edb-bf8f-bb1ca05694ae@group-218C52D3B0E5-FollowerState] INFO  server.RaftServer$Division (RaftServerImpl.java:setRole(290)) - 8698f9c0-0d63-4edb-bf8f-bb1ca05694ae@group-218C52D3B0E5: changes role from  FOLLOWER to CANDIDATE at term 8 for changeToCandidate
2021-12-02 14:32:11,782 [8698f9c0-0d63-4edb-bf8f-bb1ca05694ae@group-218C52D3B0E5-FollowerState] INFO  server.RaftServerConfigKeys (ConfUtils.java:logGet(44)) - raft.server.leaderelection.pre-vote = false (custom)
2021-12-02 14:32:11,782 [8698f9c0-0d63-4edb-bf8f-bb1ca05694ae@group-218C52D3B0E5-FollowerState] INFO  impl.RoleInfo (RoleInfo.java:updateAndGet(130)) - 8698f9c0-0d63-4edb-bf8f-bb1ca05694ae: start 8698f9c0-0d63-4edb-bf8f-bb1ca05694ae@group-218C52D3B0E5-LeaderElection143
2021-12-02 14:32:11,785 [8698f9c0-0d63-4edb-bf8f-bb1ca05694ae@group-218C52D3B0E5-LeaderElection143] INFO  impl.LeaderElection (LeaderElection.java:askForVotes(306)) - 8698f9c0-0d63-4edb-bf8f-bb1ca05694ae@group-218C52D3B0E5-LeaderElection143 ELECTION round 0: submit vote requests at term 9 for 0: [a7b6a586-909c-47a7-a818-e434e5672216|rpc:10.1.0.16:38677|dataStream:|priority:0, 8698f9c0-0d63-4edb-bf8f-bb1ca05694ae|rpc:10.1.0.16:46057|dataStream:|priority:1, 277b06ce-74e8-46b5-b9ba-0eaaec62ec87|rpc:10.1.0.16:37685|dataStream:|priority:0], old=null
2021-12-02 14:32:11,787 [grpc-default-executor-6] INFO  server.RaftServer$Division (RaftServerImpl.java:requestVote(1046)) - a7b6a586-909c-47a7-a818-e434e5672216@group-218C52D3B0E5: receive requestVote(ELECTION, 8698f9c0-0d63-4edb-bf8f-bb1ca05694ae, group-218C52D3B0E5, 9, (t:2, i:0))
2021-12-02 14:32:11,787 [grpc-default-executor-6] INFO  impl.VoteContext (VoteContext.java:log(48)) - a7b6a586-909c-47a7-a818-e434e5672216@group-218C52D3B0E5-FOLLOWER: accept ELECTION from 8698f9c0-0d63-4edb-bf8f-bb1ca05694ae: our last entry null < candidate's last entry (t:2, i:0)
2021-12-02 14:32:11,787 [grpc-default-executor-6] INFO  server.RaftServer$Division (RaftServerImpl.java:setRole(290)) - a7b6a586-909c-47a7-a818-e434e5672216@group-218C52D3B0E5: changes role from  FOLLOWER to FOLLOWER at term 9 for candidate:8698f9c0-0d63-4edb-bf8f-bb1ca05694ae
2021-12-02 14:32:11,787 [grpc-default-executor-6] INFO  impl.RoleInfo (RoleInfo.java:shutdownFollowerState(108)) - a7b6a586-909c-47a7-a818-e434e5672216: shutdown a7b6a586-909c-47a7-a818-e434e5672216@group-218C52D3B0E5-FollowerState
2021-12-02 14:32:11,792 [grpc-default-executor-6] INFO  impl.RoleInfo (RoleInfo.java:updateAndGet(130)) - a7b6a586-909c-47a7-a818-e434e5672216: start a7b6a586-909c-47a7-a818-e434e5672216@group-218C52D3B0E5-FollowerState
2021-12-02 14:32:11,792 [a7b6a586-909c-47a7-a818-e434e5672216@group-218C52D3B0E5-FollowerState] INFO  impl.FollowerState (FollowerState.java:run(143)) - a7b6a586-909c-47a7-a818-e434e5672216@group-218C52D3B0E5-FollowerState was interrupted: {}
java.lang.InterruptedException: sleep interrupted
	at java.lang.Thread.sleep(Native Method)
	at java.lang.Thread.sleep(Thread.java:340)
	at java.util.concurrent.TimeUnit.sleep(TimeUnit.java:386)
	at org.apache.ratis.util.TimeDuration.sleep(TimeDuration.java:324)
	at org.apache.ratis.util.TimeDuration.sleep(TimeDuration.java:309)
	at org.apache.ratis.server.impl.FollowerState.run(FollowerState.java:118)
2021-12-02 14:32:11,793 [grpc-default-executor-2] INFO  server.RaftServer$Division (RaftServerImpl.java:requestVote(1046)) - 277b06ce-74e8-46b5-b9ba-0eaaec62ec87@group-218C52D3B0E5: receive requestVote(ELECTION, 8698f9c0-0d63-4edb-bf8f-bb1ca05694ae, group-218C52D3B0E5, 9, (t:2, i:0))
2021-12-02 14:32:11,793 [grpc-default-executor-2] INFO  impl.VoteContext (VoteContext.java:log(48)) - 277b06ce-74e8-46b5-b9ba-0eaaec62ec87@group-218C52D3B0E5-FOLLOWER: accept ELECTION from 8698f9c0-0d63-4edb-bf8f-bb1ca05694ae: our priority 0 <= candidate's priority 1
2021-12-02 14:32:11,793 [grpc-default-executor-2] INFO  server.RaftServer$Division (RaftServerImpl.java:setRole(290)) - 277b06ce-74e8-46b5-b9ba-0eaaec62ec87@group-218C52D3B0E5: changes role from  FOLLOWER to FOLLOWER at term 9 for candidate:8698f9c0-0d63-4edb-bf8f-bb1ca05694ae
2021-12-02 14:32:11,793 [grpc-default-executor-2] INFO  impl.RoleInfo (RoleInfo.java:shutdownFollowerState(108)) - 277b06ce-74e8-46b5-b9ba-0eaaec62ec87: shutdown 277b06ce-74e8-46b5-b9ba-0eaaec62ec87@group-218C52D3B0E5-FollowerState
2021-12-02 14:32:11,797 [grpc-default-executor-2] INFO  impl.RoleInfo (RoleInfo.java:updateAndGet(130)) - 277b06ce-74e8-46b5-b9ba-0eaaec62ec87: start 277b06ce-74e8-46b5-b9ba-0eaaec62ec87@group-218C52D3B0E5-FollowerState
2021-12-02 14:32:11,799 [277b06ce-74e8-46b5-b9ba-0eaaec62ec87@group-218C52D3B0E5-FollowerState] INFO  impl.FollowerState (FollowerState.java:run(143)) - 277b06ce-74e8-46b5-b9ba-0eaaec62ec87@group-218C52D3B0E5-FollowerState was interrupted: {}
java.lang.InterruptedException: sleep interrupted
	at java.lang.Thread.sleep(Native Method)
	at java.lang.Thread.sleep(Thread.java:340)
	at java.util.concurrent.TimeUnit.sleep(TimeUnit.java:386)
	at org.apache.ratis.util.TimeDuration.sleep(TimeDuration.java:324)
	at org.apache.ratis.util.TimeDuration.sleep(TimeDuration.java:309)
	at org.apache.ratis.server.impl.FollowerState.run(FollowerState.java:118)
2021-12-02 14:32:11,799 [grpc-default-executor-6] INFO  server.RaftServer$Division (RaftServerImpl.java:requestVote(1078)) - a7b6a586-909c-47a7-a818-e434e5672216@group-218C52D3B0E5 replies to ELECTION vote request: 8698f9c0-0d63-4edb-bf8f-bb1ca05694ae<-a7b6a586-909c-47a7-a818-e434e5672216#0:OK-t9. Peer's state: a7b6a586-909c-47a7-a818-e434e5672216@group-218C52D3B0E5:t9, leader=null, voted=8698f9c0-0d63-4edb-bf8f-bb1ca05694ae, raftlog=a7b6a586-909c-47a7-a818-e434e5672216@group-218C52D3B0E5-SegmentedRaftLog:OPENED:c-1, conf=-1: [a7b6a586-909c-47a7-a818-e434e5672216|rpc:10.1.0.16:38677|dataStream:|priority:0, 8698f9c0-0d63-4edb-bf8f-bb1ca05694ae|rpc:10.1.0.16:46057|dataStream:|priority:1, 277b06ce-74e8-46b5-b9ba-0eaaec62ec87|rpc:10.1.0.16:37685|dataStream:|priority:0], old=null
2021-12-02 14:32:11,800 [grpc-default-executor-2] INFO  server.RaftServer$Division (RaftServerImpl.java:requestVote(1078)) - 277b06ce-74e8-46b5-b9ba-0eaaec62ec87@group-218C52D3B0E5 replies to ELECTION vote request: 8698f9c0-0d63-4edb-bf8f-bb1ca05694ae<-277b06ce-74e8-46b5-b9ba-0eaaec62ec87#0:OK-t9. Peer's state: 277b06ce-74e8-46b5-b9ba-0eaaec62ec87@group-218C52D3B0E5:t9, leader=null, voted=8698f9c0-0d63-4edb-bf8f-bb1ca05694ae, raftlog=277b06ce-74e8-46b5-b9ba-0eaaec62ec87@group-218C52D3B0E5-SegmentedRaftLog:OPENED:c-1, conf=0: [a7b6a586-909c-47a7-a818-e434e5672216|rpc:10.1.0.16:38677|dataStream:|priority:0, 8698f9c0-0d63-4edb-bf8f-bb1ca05694ae|rpc:10.1.0.16:46057|dataStream:|priority:1, 277b06ce-74e8-46b5-b9ba-0eaaec62ec87|rpc:10.1.0.16:37685|dataStream:|priority:0], old=null
2021-12-02 14:32:11,808 [8698f9c0-0d63-4edb-bf8f-bb1ca05694ae@group-218C52D3B0E5-LeaderElection143] INFO  impl.LeaderElection (LeaderElection.java:logAndReturn(89)) - 8698f9c0-0d63-4edb-bf8f-bb1ca05694ae@group-218C52D3B0E5-LeaderElection143: ELECTION PASSED received 1 response(s) and 0 exception(s):
2021-12-02 14:32:11,808 [8698f9c0-0d63-4edb-bf8f-bb1ca05694ae@group-218C52D3B0E5-LeaderElection143] INFO  impl.LeaderElection (LeaderElection.java:logAndReturn(93)) -   Response 0: 8698f9c0-0d63-4edb-bf8f-bb1ca05694ae<-a7b6a586-909c-47a7-a818-e434e5672216#0:OK-t9
2021-12-02 14:32:11,808 [8698f9c0-0d63-4edb-bf8f-bb1ca05694ae@group-218C52D3B0E5-LeaderElection143] INFO  impl.LeaderElection (LeaderElection.java:askForVotes(308)) - 8698f9c0-0d63-4edb-bf8f-bb1ca05694ae@group-218C52D3B0E5-LeaderElection143 ELECTION round 0: result PASSED
2021-12-02 14:32:11,808 [8698f9c0-0d63-4edb-bf8f-bb1ca05694ae@group-218C52D3B0E5-LeaderElection143] INFO  impl.RoleInfo (RoleInfo.java:shutdownLeaderElection(121)) - 8698f9c0-0d63-4edb-bf8f-bb1ca05694ae: shutdown 8698f9c0-0d63-4edb-bf8f-bb1ca05694ae@group-218C52D3B0E5-LeaderElection143
2021-12-02 14:32:11,808 [8698f9c0-0d63-4edb-bf8f-bb1ca05694ae@group-218C52D3B0E5-LeaderElection143] INFO  server.RaftServer$Division (RaftServerImpl.java:setRole(290)) - 8698f9c0-0d63-4edb-bf8f-bb1ca05694ae@group-218C52D3B0E5: changes role from CANDIDATE to LEADER at term 9 for changeToLeader
2021-12-02 14:32:11,808 [8698f9c0-0d63-4edb-bf8f-bb1ca05694ae@group-218C52D3B0E5-LeaderElection143] INFO  ratis.XceiverServerRatis (XceiverServerRatis.java:handleLeaderChangedNotification(866)) - Leader change notification received for group: group-218C52D3B0E5 with new leaderId: 8698f9c0-0d63-4edb-bf8f-bb1ca05694ae
2021-12-02 14:32:11,808 [8698f9c0-0d63-4edb-bf8f-bb1ca05694ae@group-218C52D3B0E5-LeaderElection143] INFO  server.RaftServer$Division (ServerState.java:setLeader(285)) - 8698f9c0-0d63-4edb-bf8f-bb1ca05694ae@group-218C52D3B0E5: change Leader from null to 8698f9c0-0d63-4edb-bf8f-bb1ca05694ae at term 9 for becomeLeader, leader elected after 30718ms
2021-12-02 14:32:11,808 [8698f9c0-0d63-4edb-bf8f-bb1ca05694ae@group-218C52D3B0E5-LeaderElection143] INFO  server.RaftServerConfigKeys (ConfUtils.java:logGet(44)) - raft.server.staging.catchup.gap = 1000 (default)
2021-12-02 14:32:11,808 [8698f9c0-0d63-4edb-bf8f-bb1ca05694ae@group-218C52D3B0E5-LeaderElection143] INFO  server.RaftServerConfigKeys (ConfUtils.java:logGet(44)) - raft.server.write.element-limit = 1024 (custom)
2021-12-02 14:32:11,808 [8698f9c0-0d63-4edb-bf8f-bb1ca05694ae@group-218C52D3B0E5-LeaderElection143] INFO  server.RaftServerConfigKeys (ConfUtils.java:logGet(44)) - raft.server.write.byte-limit = 1024 M (=1073741824) (custom)
2021-12-02 14:32:11,809 [8698f9c0-0d63-4edb-bf8f-bb1ca05694ae@group-218C52D3B0E5-LeaderElection143] INFO  server.RaftServerConfigKeys (ConfUtils.java:logGet(44)) - raft.server.watch.timeout = 3000ms (custom)
2021-12-02 14:32:11,809 [8698f9c0-0d63-4edb-bf8f-bb1ca05694ae@group-218C52D3B0E5-LeaderElection143] INFO  server.RaftServerConfigKeys (ConfUtils.java:logGet(44)) - raft.server.watch.timeout.denomination = 1s (default)
2021-12-02 14:32:11,809 [8698f9c0-0d63-4edb-bf8f-bb1ca05694ae@group-218C52D3B0E5-LeaderElection143] INFO  server.RaftServerConfigKeys (ConfUtils.java:logGet(44)) - raft.server.watch.element-limit = 65536 (default)
2021-12-02 14:32:11,809 [8698f9c0-0d63-4edb-bf8f-bb1ca05694ae@group-218C52D3B0E5-LeaderElection143] INFO  server.RaftServerConfigKeys (ConfUtils.java:logGet(44)) - raft.server.write.element-limit = 1024 (custom)
2021-12-02 14:32:11,809 [8698f9c0-0d63-4edb-bf8f-bb1ca05694ae@group-218C52D3B0E5-LeaderElection143] INFO  server.RaftServerConfigKeys (ConfUtils.java:logGet(44)) - raft.server.write.follower.gap.ratio.max = -1.0 (default)
2021-12-02 14:32:11,809 [8698f9c0-0d63-4edb-bf8f-bb1ca05694ae@group-218C52D3B0E5-LeaderElection143] INFO  server.RaftServerConfigKeys (ConfUtils.java:logGet(44)) - raft.server.log.appender.snapshot.chunk.size.max = 16MB (=16777216) (default)
2021-12-02 14:32:11,809 [8698f9c0-0d63-4edb-bf8f-bb1ca05694ae@group-218C52D3B0E5-LeaderElection143] INFO  server.RaftServerConfigKeys (ConfUtils.java:logGet(44)) - raft.server.log.appender.buffer.byte-limit = 33554432 (custom)
2021-12-02 14:32:11,809 [8698f9c0-0d63-4edb-bf8f-bb1ca05694ae@group-218C52D3B0E5-LeaderElection143] INFO  server.RaftServerConfigKeys (ConfUtils.java:logGet(44)) - raft.server.log.appender.buffer.element-limit = 1 (custom)
2021-12-02 14:32:11,809 [8698f9c0-0d63-4edb-bf8f-bb1ca05694ae@group-218C52D3B0E5-LeaderElection143] INFO  grpc.GrpcConfigKeys (ConfUtils.java:logGet(44)) - raft.grpc.server.leader.outstanding.appends.max = 128 (default)
2021-12-02 14:32:11,809 [8698f9c0-0d63-4edb-bf8f-bb1ca05694ae@group-218C52D3B0E5-LeaderElection143] INFO  server.RaftServerConfigKeys (ConfUtils.java:logGet(44)) - raft.server.rpc.request.timeout = 3000ms (default)
2021-12-02 14:32:11,809 [8698f9c0-0d63-4edb-bf8f-bb1ca05694ae@group-218C52D3B0E5-LeaderElection143] INFO  server.RaftServerConfigKeys (ConfUtils.java:logGet(44)) - raft.server.log.appender.install.snapshot.enabled = false (custom)
2021-12-02 14:32:11,818 [8698f9c0-0d63-4edb-bf8f-bb1ca05694ae@group-218C52D3B0E5-LeaderElection143] INFO  server.RaftServerConfigKeys (ConfUtils.java:logGet(44)) - raft.server.log.appender.snapshot.chunk.size.max = 16MB (=16777216) (default)
2021-12-02 14:32:11,820 [8698f9c0-0d63-4edb-bf8f-bb1ca05694ae@group-218C52D3B0E5-LeaderElection143] INFO  server.RaftServerConfigKeys (ConfUtils.java:logGet(44)) - raft.server.log.appender.buffer.byte-limit = 33554432 (custom)
2021-12-02 14:32:11,820 [8698f9c0-0d63-4edb-bf8f-bb1ca05694ae@group-218C52D3B0E5-LeaderElection143] INFO  server.RaftServerConfigKeys (ConfUtils.java:logGet(44)) - raft.server.log.appender.buffer.element-limit = 1 (custom)
2021-12-02 14:32:11,820 [8698f9c0-0d63-4edb-bf8f-bb1ca05694ae@group-218C52D3B0E5-LeaderElection143] INFO  grpc.GrpcConfigKeys (ConfUtils.java:logGet(44)) - raft.grpc.server.leader.outstanding.appends.max = 128 (default)
2021-12-02 14:32:11,821 [8698f9c0-0d63-4edb-bf8f-bb1ca05694ae@group-218C52D3B0E5-LeaderElection143] INFO  server.RaftServerConfigKeys (ConfUtils.java:logGet(44)) - raft.server.rpc.request.timeout = 3000ms (default)
2021-12-02 14:32:11,821 [8698f9c0-0d63-4edb-bf8f-bb1ca05694ae@group-218C52D3B0E5-LeaderElection143] INFO  server.RaftServerConfigKeys (ConfUtils.java:logGet(44)) - raft.server.log.appender.install.snapshot.enabled = false (custom)
2021-12-02 14:32:11,843 [8698f9c0-0d63-4edb-bf8f-bb1ca05694ae@group-218C52D3B0E5-LeaderElection143] INFO  impl.RoleInfo (RoleInfo.java:updateAndGet(130)) - 8698f9c0-0d63-4edb-bf8f-bb1ca05694ae: start 8698f9c0-0d63-4edb-bf8f-bb1ca05694ae@group-218C52D3B0E5-LeaderStateImpl
2021-12-02 14:32:11,848 [8698f9c0-0d63-4edb-bf8f-bb1ca05694ae@group-218C52D3B0E5-LeaderElection143] INFO  segmented.SegmentedRaftLogWorker (SegmentedRaftLogWorker.java:rollLogSegment(399)) - 8698f9c0-0d63-4edb-bf8f-bb1ca05694ae@group-218C52D3B0E5-SegmentedRaftLogWorker: Rolling segment log-0_0 to index:0
2021-12-02 14:32:11,849 [8698f9c0-0d63-4edb-bf8f-bb1ca05694ae@group-218C52D3B0E5-SegmentedRaftLogWorker] INFO  segmented.SegmentedRaftLogWorker (SegmentedRaftLogWorker.java:execute(558)) - 8698f9c0-0d63-4edb-bf8f-bb1ca05694ae@group-218C52D3B0E5-SegmentedRaftLogWorker: Rolled log segment from /home/runner/work/ozone/ozone/hadoop-ozone/integration-test/target/test-dir/MiniOzoneClusterImpl-fd94144e-5974-489a-b79f-b066564ba6f5/datanode-2/data/ratis/86fd732d-83db-4bb4-8521-218c52d3b0e5/current/log_inprogress_0 to /home/runner/work/ozone/ozone/hadoop-ozone/integration-test/target/test-dir/MiniOzoneClusterImpl-fd94144e-5974-489a-b79f-b066564ba6f5/datanode-2/data/ratis/86fd732d-83db-4bb4-8521-218c52d3b0e5/current/log_0-0
2021-12-02 14:32:11,851 [8698f9c0-0d63-4edb-bf8f-bb1ca05694ae@group-218C52D3B0E5-SegmentedRaftLogWorker] INFO  segmented.SegmentedRaftLogWorker (SegmentedRaftLogWorker.java:execute(601)) - 8698f9c0-0d63-4edb-bf8f-bb1ca05694ae@group-218C52D3B0E5-SegmentedRaftLogWorker: created new log segment /home/runner/work/ozone/ozone/hadoop-ozone/integration-test/target/test-dir/MiniOzoneClusterImpl-fd94144e-5974-489a-b79f-b066564ba6f5/datanode-2/data/ratis/86fd732d-83db-4bb4-8521-218c52d3b0e5/current/log_inprogress_1
2021-12-02 14:32:11,855 [8698f9c0-0d63-4edb-bf8f-bb1ca05694ae@group-218C52D3B0E5-LeaderElection143] INFO  server.RaftServer$Division (ServerState.java:setRaftConf(387)) - 8698f9c0-0d63-4edb-bf8f-bb1ca05694ae@group-218C52D3B0E5: set configuration 1: [a7b6a586-909c-47a7-a818-e434e5672216|rpc:10.1.0.16:38677|dataStream:|priority:0, 8698f9c0-0d63-4edb-bf8f-bb1ca05694ae|rpc:10.1.0.16:46057|dataStream:|priority:1, 277b06ce-74e8-46b5-b9ba-0eaaec62ec87|rpc:10.1.0.16:37685|dataStream:|priority:0], old=null
2021-12-02 14:32:11,868 [grpc-default-executor-6] INFO  ratis.XceiverServerRatis (XceiverServerRatis.java:handleLeaderChangedNotification(866)) - Leader change notification received for group: group-218C52D3B0E5 with new leaderId: 8698f9c0-0d63-4edb-bf8f-bb1ca05694ae
2021-12-02 14:32:11,868 [grpc-default-executor-6] INFO  server.RaftServer$Division (ServerState.java:setLeader(285)) - 277b06ce-74e8-46b5-b9ba-0eaaec62ec87@group-218C52D3B0E5: change Leader from null to 8698f9c0-0d63-4edb-bf8f-bb1ca05694ae at term 9 for appendEntries, leader elected after 30692ms
2021-12-02 14:32:11,875 [grpc-default-executor-6] INFO  ratis.XceiverServerRatis (XceiverServerRatis.java:handleLeaderChangedNotification(866)) - Leader change notification received for group: group-218C52D3B0E5 with new leaderId: 8698f9c0-0d63-4edb-bf8f-bb1ca05694ae
2021-12-02 14:32:11,875 [grpc-default-executor-6] INFO  server.RaftServer$Division (ServerState.java:setLeader(285)) - a7b6a586-909c-47a7-a818-e434e5672216@group-218C52D3B0E5: change Leader from null to 8698f9c0-0d63-4edb-bf8f-bb1ca05694ae at term 9 for appendEntries, leader elected after 41148ms
2021-12-02 14:32:11,875 [grpc-default-executor-6] INFO  server.RaftServer$Division (RaftServerImpl.java:checkInconsistentAppendEntries(1322)) - a7b6a586-909c-47a7-a818-e434e5672216@group-218C52D3B0E5: Failed appendEntries as previous log entry ((t:2, i:0)) is not found
2021-12-02 14:32:11,875 [grpc-default-executor-6] INFO  server.RaftServer$Division (RaftServerImpl.java:checkInconsistentAppendEntries(1288)) - a7b6a586-909c-47a7-a818-e434e5672216@group-218C52D3B0E5: inconsistency entries. Reply:8698f9c0-0d63-4edb-bf8f-bb1ca05694ae<-a7b6a586-909c-47a7-a818-e434e5672216#0:FAIL-t9,INCONSISTENCY,nextIndex=0,followerCommit=-1
2021-12-02 14:32:11,876 [grpc-default-executor-6] INFO  server.RaftServer$Division (RaftServerImpl.java:checkInconsistentAppendEntries(1322)) - a7b6a586-909c-47a7-a818-e434e5672216@group-218C52D3B0E5: Failed appendEntries as previous log entry ((t:2, i:0)) is not found
2021-12-02 14:32:11,876 [grpc-default-executor-6] INFO  server.RaftServer$Division (RaftServerImpl.java:checkInconsistentAppendEntries(1288)) - a7b6a586-909c-47a7-a818-e434e5672216@group-218C52D3B0E5: inconsistency entries. Reply:8698f9c0-0d63-4edb-bf8f-bb1ca05694ae<-a7b6a586-909c-47a7-a818-e434e5672216#1:FAIL-t9,INCONSISTENCY,nextIndex=0,followerCommit=-1
2021-12-02 14:32:11,877 [grpc-default-executor-2] INFO  leader.FollowerInfo (FollowerInfoImpl.java:lambda$new$0(47)) - 8698f9c0-0d63-4edb-bf8f-bb1ca05694ae@group-218C52D3B0E5->a7b6a586-909c-47a7-a818-e434e5672216: nextIndex: updateUnconditionally 2 -> 0
2021-12-02 14:32:11,878 [grpc-default-executor-2] INFO  leader.FollowerInfo (FollowerInfoImpl.java:lambda$new$0(47)) - 8698f9c0-0d63-4edb-bf8f-bb1ca05694ae@group-218C52D3B0E5->a7b6a586-909c-47a7-a818-e434e5672216: nextIndex: updateUnconditionally 0 -> 0
2021-12-02 14:32:11,884 [grpc-default-executor-2] INFO  server.RaftServer$Division (ServerState.java:setRaftConf(387)) - a7b6a586-909c-47a7-a818-e434e5672216@group-218C52D3B0E5: set configuration 0: [a7b6a586-909c-47a7-a818-e434e5672216|rpc:10.1.0.16:38677|dataStream:|priority:0, 8698f9c0-0d63-4edb-bf8f-bb1ca05694ae|rpc:10.1.0.16:46057|dataStream:|priority:1, 277b06ce-74e8-46b5-b9ba-0eaaec62ec87|rpc:10.1.0.16:37685|dataStream:|priority:0], old=null
2021-12-02 14:32:11,884 [grpc-default-executor-2] INFO  segmented.SegmentedRaftLogWorker (SegmentedRaftLogWorker.java:startLogSegment(394)) - a7b6a586-909c-47a7-a818-e434e5672216@group-218C52D3B0E5-SegmentedRaftLogWorker: Starting segment from index:0
2021-12-02 14:32:11,904 [a7b6a586-909c-47a7-a818-e434e5672216@group-218C52D3B0E5-SegmentedRaftLogWorker] INFO  segmented.SegmentedRaftLogWorker (SegmentedRaftLogWorker.java:execute(601)) - a7b6a586-909c-47a7-a818-e434e5672216@group-218C52D3B0E5-SegmentedRaftLogWorker: created new log segment /home/runner/work/ozone/ozone/hadoop-ozone/integration-test/target/test-dir/MiniOzoneClusterImpl-fd94144e-5974-489a-b79f-b066564ba6f5/datanode-1/data/ratis/86fd732d-83db-4bb4-8521-218c52d3b0e5/current/log_inprogress_0
2021-12-02 14:32:11,927 [grpc-default-executor-2] INFO  server.RaftServer$Division (ServerState.java:setRaftConf(387)) - a7b6a586-909c-47a7-a818-e434e5672216@group-218C52D3B0E5: set configuration 1: [a7b6a586-909c-47a7-a818-e434e5672216|rpc:10.1.0.16:38677|dataStream:|priority:0, 8698f9c0-0d63-4edb-bf8f-bb1ca05694ae|rpc:10.1.0.16:46057|dataStream:|priority:1, 277b06ce-74e8-46b5-b9ba-0eaaec62ec87|rpc:10.1.0.16:37685|dataStream:|priority:0], old=null
2021-12-02 14:32:11,927 [grpc-default-executor-2] INFO  segmented.SegmentedRaftLogWorker (SegmentedRaftLogWorker.java:rollLogSegment(399)) - a7b6a586-909c-47a7-a818-e434e5672216@group-218C52D3B0E5-SegmentedRaftLogWorker: Rolling segment log-0_0 to index:0
2021-12-02 14:32:11,928 [a7b6a586-909c-47a7-a818-e434e5672216@group-218C52D3B0E5-SegmentedRaftLogWorker] INFO  segmented.SegmentedRaftLogWorker (SegmentedRaftLogWorker.java:execute(558)) - a7b6a586-909c-47a7-a818-e434e5672216@group-218C52D3B0E5-SegmentedRaftLogWorker: Rolled log segment from /home/runner/work/ozone/ozone/hadoop-ozone/integration-test/target/test-dir/MiniOzoneClusterImpl-fd94144e-5974-489a-b79f-b066564ba6f5/datanode-1/data/ratis/86fd732d-83db-4bb4-8521-218c52d3b0e5/current/log_inprogress_0 to /home/runner/work/ozone/ozone/hadoop-ozone/integration-test/target/test-dir/MiniOzoneClusterImpl-fd94144e-5974-489a-b79f-b066564ba6f5/datanode-1/data/ratis/86fd732d-83db-4bb4-8521-218c52d3b0e5/current/log_0-0
2021-12-02 14:32:11,929 [grpc-default-executor-6] INFO  server.RaftServer$Division (ServerState.java:setRaftConf(387)) - 277b06ce-74e8-46b5-b9ba-0eaaec62ec87@group-218C52D3B0E5: set configuration 1: [a7b6a586-909c-47a7-a818-e434e5672216|rpc:10.1.0.16:38677|dataStream:|priority:0, 8698f9c0-0d63-4edb-bf8f-bb1ca05694ae|rpc:10.1.0.16:46057|dataStream:|priority:1, 277b06ce-74e8-46b5-b9ba-0eaaec62ec87|rpc:10.1.0.16:37685|dataStream:|priority:0], old=null
2021-12-02 14:32:11,929 [grpc-default-executor-6] INFO  segmented.SegmentedRaftLogWorker (SegmentedRaftLogWorker.java:rollLogSegment(399)) - 277b06ce-74e8-46b5-b9ba-0eaaec62ec87@group-218C52D3B0E5-SegmentedRaftLogWorker: Rolling segment log-0_0 to index:0
2021-12-02 14:32:11,931 [277b06ce-74e8-46b5-b9ba-0eaaec62ec87@group-218C52D3B0E5-SegmentedRaftLogWorker] INFO  segmented.SegmentedRaftLogWorker (SegmentedRaftLogWorker.java:execute(558)) - 277b06ce-74e8-46b5-b9ba-0eaaec62ec87@group-218C52D3B0E5-SegmentedRaftLogWorker: Rolled log segment from /home/runner/work/ozone/ozone/hadoop-ozone/integration-test/target/test-dir/MiniOzoneClusterImpl-fd94144e-5974-489a-b79f-b066564ba6f5/datanode-0/data/ratis/86fd732d-83db-4bb4-8521-218c52d3b0e5/current/log_inprogress_0 to /home/runner/work/ozone/ozone/hadoop-ozone/integration-test/target/test-dir/MiniOzoneClusterImpl-fd94144e-5974-489a-b79f-b066564ba6f5/datanode-0/data/ratis/86fd732d-83db-4bb4-8521-218c52d3b0e5/current/log_0-0
2021-12-02 14:32:11,934 [a7b6a586-909c-47a7-a818-e434e5672216@group-218C52D3B0E5-SegmentedRaftLogWorker] INFO  segmented.SegmentedRaftLogWorker (SegmentedRaftLogWorker.java:execute(601)) - a7b6a586-909c-47a7-a818-e434e5672216@group-218C52D3B0E5-SegmentedRaftLogWorker: created new log segment /home/runner/work/ozone/ozone/hadoop-ozone/integration-test/target/test-dir/MiniOzoneClusterImpl-fd94144e-5974-489a-b79f-b066564ba6f5/datanode-1/data/ratis/86fd732d-83db-4bb4-8521-218c52d3b0e5/current/log_inprogress_1
2021-12-02 14:32:11,937 [277b06ce-74e8-46b5-b9ba-0eaaec62ec87@group-218C52D3B0E5-SegmentedRaftLogWorker] INFO  segmented.SegmentedRaftLogWorker (SegmentedRaftLogWorker.java:execute(601)) - 277b06ce-74e8-46b5-b9ba-0eaaec62ec87@group-218C52D3B0E5-SegmentedRaftLogWorker: created new log segment /home/runner/work/ozone/ozone/hadoop-ozone/integration-test/target/test-dir/MiniOzoneClusterImpl-fd94144e-5974-489a-b79f-b066564ba6f5/datanode-0/data/ratis/86fd732d-83db-4bb4-8521-218c52d3b0e5/current/log_inprogress_1
2021-12-02 14:32:12,280 [org.apache.ratis.util.JvmPauseMonitor$$Lambda$533/748004564@745b0377] WARN  util.JvmPauseMonitor (JvmPauseMonitor.java:detectPause(124)) - JvmPauseMonitor-378d0879-743d-4e9f-84ed-de5a08f6d2b8: Detected pause in JVM or host machine (eg GC): pause of approximately 191297795ns.
GC pool 'PS MarkSweep' had collection(s): count=1 time=280ms
GC pool 'PS Scavenge' had collection(s): count=1 time=22ms
2021-12-02 14:32:12,280 [org.apache.ratis.util.JvmPauseMonitor$$Lambda$533/748004564@333182f0] WARN  util.JvmPauseMonitor (JvmPauseMonitor.java:detectPause(124)) - JvmPauseMonitor-880aaef5-a54e-4898-af17-abc2dce457d4: Detected pause in JVM or host machine (eg GC): pause of approximately 192027197ns.
GC pool 'PS MarkSweep' had collection(s): count=1 time=280ms
GC pool 'PS Scavenge' had collection(s): count=1 time=22ms
2021-12-02 14:32:12,281 [org.apache.ratis.util.JvmPauseMonitor$$Lambda$533/748004564@56598c1a] WARN  util.JvmPauseMonitor (JvmPauseMonitor.java:detectPause(124)) - JvmPauseMonitor-277b06ce-74e8-46b5-b9ba-0eaaec62ec87: Detected pause in JVM or host machine (eg GC): pause of approximately 264877775ns.
GC pool 'PS MarkSweep' had collection(s): count=1 time=280ms
GC pool 'PS Scavenge' had collection(s): count=1 time=22ms
2021-12-02 14:32:12,283 [org.apache.ratis.util.JvmPauseMonitor$$Lambda$533/748004564@419e0665] WARN  util.JvmPauseMonitor (JvmPauseMonitor.java:detectPause(124)) - JvmPauseMonitor-090cecd5-a27b-490f-ac32-d0e1b4d1b6f6: Detected pause in JVM or host machine (eg GC): pause of approximately 313733395ns.
GC pool 'PS MarkSweep' had collection(s): count=1 time=280ms
GC pool 'PS Scavenge' had collection(s): count=1 time=22ms
2021-12-02 14:32:12,476 [Listener at 127.0.0.1/39245] WARN  io.KeyOutputStream (KeyOutputStream.java:handleException(310)) - Encountered exception java.io.IOException: Unexpected Storage Container Exception: java.util.concurrent.CompletionException: Failed to write chunk 107544261427200002_chunk_1 into block conID: 2 locID: 107544261427200002 bcsId: 0 on the pipeline Pipeline[ Id: 86fd732d-83db-4bb4-8521-218c52d3b0e5, Nodes: 8698f9c0-0d63-4edb-bf8f-bb1ca05694ae{ip: 10.1.0.16, host: fv-az59-375.csjynl4pkq3e1pkirw3ssqjfoh.cx.internal.cloudapp.net, ports: [REPLICATION=42607, RATIS=46057, RATIS_ADMIN=46057, RATIS_SERVER=46057, STANDALONE=45611], networkLocation: /default-rack, certSerialId: null, persistedOpState: IN_SERVICE, persistedOpStateExpiryEpochSec: 0}277b06ce-74e8-46b5-b9ba-0eaaec62ec87{ip: 10.1.0.16, host: fv-az59-375.csjynl4pkq3e1pkirw3ssqjfoh.cx.internal.cloudapp.net, ports: [REPLICATION=41607, RATIS=37685, RATIS_ADMIN=37685, RATIS_SERVER=37685, STANDALONE=37559], networkLocation: /default-rack, certSerialId: null, persistedOpState: IN_SERVICE, persistedOpStateExpiryEpochSec: 0}a7b6a586-909c-47a7-a818-e434e5672216{ip: 10.1.0.16, host: fv-az59-375.csjynl4pkq3e1pkirw3ssqjfoh.cx.internal.cloudapp.net, ports: [REPLICATION=41303, RATIS=38677, RATIS_ADMIN=38677, RATIS_SERVER=38677, STANDALONE=45225], networkLocation: /default-rack, certSerialId: null, persistedOpState: IN_SERVICE, persistedOpStateExpiryEpochSec: 0}, ReplicationConfig: RATIS/THREE, State:OPEN, leaderId:8698f9c0-0d63-4edb-bf8f-bb1ca05694ae, CreationTimestamp2021-12-02T14:31:28.274Z[Etc/UTC]]. The last committed block length is 0, uncommitted data length is 400 retry count 0
2021-12-02 14:32:13,125 [Listener at 127.0.0.1/39245] INFO  ozone.MiniOzoneClusterImpl (MiniOzoneClusterImpl.java:shutdown(453)) - Shutting down the Mini Ozone Cluster
2021-12-02 14:32:13,125 [Listener at 127.0.0.1/39245] INFO  ozone.MiniOzoneClusterImpl (MiniOzoneClusterImpl.java:stop(468)) - Stopping the Mini Ozone Cluster
2021-12-02 14:32:13,125 [Listener at 127.0.0.1/39245] INFO  ozone.MiniOzoneClusterImpl (MiniOzoneClusterImpl.java:stopOM(550)) - Stopping the OzoneManager
2021-12-02 14:32:13,125 [Listener at 127.0.0.1/39245] INFO  om.OzoneManager (OzoneManager.java:stop(1830)) - om1[localhost:0]: Stopping Ozone Manager
2021-12-02 14:32:13,125 [Listener at 127.0.0.1/39245] INFO  ipc.Server (Server.java:stop(3414)) - Stopping server on 39245
2021-12-02 14:32:13,171 [IPC Server listener on 0] INFO  ipc.Server (Server.java:run(1376)) - Stopping IPC Server listener on 0
2021-12-02 14:32:13,171 [IPC Server Responder] INFO  ipc.Server (Server.java:run(1512)) - Stopping IPC Server Responder
2021-12-02 14:32:13,172 [Listener at 127.0.0.1/39245] INFO  server.RaftServer (RaftServerProxy.java:lambda$close$6(391)) - om1: close
2021-12-02 14:32:13,172 [Listener at 127.0.0.1/39245] INFO  server.RaftServer$Division (RaftServerImpl.java:lambda$close$4(412)) - om1@group-C5BA1605619E: shutdown
2021-12-02 14:32:13,172 [Listener at 127.0.0.1/39245] INFO  util.JmxRegister (JmxRegister.java:unregister(73)) - Successfully un-registered JMX Bean with object name Ratis:service=RaftServer,group=group-C5BA1605619E,id=om1
2021-12-02 14:32:13,172 [Listener at 127.0.0.1/39245] INFO  impl.RoleInfo (RoleInfo.java:shutdownLeaderState(91)) - om1: shutdown om1@group-C5BA1605619E-LeaderStateImpl
2021-12-02 14:32:13,172 [Listener at 127.0.0.1/39245] INFO  impl.PendingRequests (PendingRequests.java:sendNotLeaderResponses(282)) - om1@group-C5BA1605619E-PendingRequests: sendNotLeaderResponses
2021-12-02 14:32:13,177 [Listener at 127.0.0.1/39245] INFO  impl.StateMachineUpdater (StateMachineUpdater.java:stopAndJoin(149)) - om1@group-C5BA1605619E-StateMachineUpdater: set stopIndex = 10
2021-12-02 14:32:13,179 [om1@group-C5BA1605619E-StateMachineUpdater] INFO  ratis.OzoneManagerStateMachine (OzoneManagerStateMachine.java:takeSnapshot(417)) - Current Snapshot Index (t:1, i:10)
2021-12-02 14:32:13,179 [om1@group-C5BA1605619E-StateMachineUpdater] INFO  impl.StateMachineUpdater (StateMachineUpdater.java:takeSnapshot(281)) - om1@group-C5BA1605619E-StateMachineUpdater: Took a snapshot at index 10
2021-12-02 14:32:13,179 [om1@group-C5BA1605619E-StateMachineUpdater] INFO  impl.StateMachineUpdater (StateMachineUpdater.java:lambda$new$0(89)) - om1@group-C5BA1605619E-StateMachineUpdater: snapshotIndex: updateIncreasingly -1 -> 10
2021-12-02 14:32:13,179 [om1@group-C5BA1605619E-StateMachineUpdater] INFO  ratis.OzoneManagerStateMachine (OzoneManagerStateMachine.java:close(471)) - StateMachine has shutdown. Shutdown OzoneManager if not already shutdown.
2021-12-02 14:32:13,179 [Listener at 127.0.0.1/39245] INFO  server.RaftServer$Division (ServerState.java:close(419)) - om1@group-C5BA1605619E: closes. applyIndex: 10
2021-12-02 14:32:13,179 [om1@group-C5BA1605619E-SegmentedRaftLogWorker] INFO  segmented.SegmentedRaftLogWorker (SegmentedRaftLogWorker.java:run(327)) - om1@group-C5BA1605619E-SegmentedRaftLogWorker was interrupted, exiting. There are 0 tasks remaining in the queue.
2021-12-02 14:32:13,181 [Listener at 127.0.0.1/39245] INFO  segmented.SegmentedRaftLogWorker (SegmentedRaftLogWorker.java:close(237)) - om1@group-C5BA1605619E-SegmentedRaftLogWorker close()
2021-12-02 14:32:13,183 [Listener at 127.0.0.1/39245] INFO  server.GrpcService (GrpcService.java:closeImpl(262)) - om1: shutdown server with port 9872 now
2021-12-02 14:32:13,183 [Listener at 127.0.0.1/39245] INFO  server.GrpcService (GrpcService.java:closeImpl(271)) - om1: shutdown server with port 9872 successfully
2021-12-02 14:32:13,185 [org.apache.ratis.util.JvmPauseMonitor$$Lambda$533/748004564@68c71e3c] INFO  util.JvmPauseMonitor (JvmPauseMonitor.java:run(109)) - JvmPauseMonitor-om1: Stopped
2021-12-02 14:32:13,185 [Listener at 127.0.0.1/39245] INFO  ratis.OzoneManagerDoubleBuffer (OzoneManagerDoubleBuffer.java:stop(437)) - Stopping OMDoubleBuffer flush thread
2021-12-02 14:32:13,185 [OMDoubleBufferFlushThread] INFO  ratis.OzoneManagerDoubleBuffer (OzoneManagerDoubleBuffer.java:flushTransactions(356)) - OMDoubleBuffer flush thread OMDoubleBufferFlushThread is interrupted and will exit. OMDoubleBufferFlushThread
2021-12-02 14:32:13,187 [Listener at 127.0.0.1/39245] INFO  utils.BackgroundService (BackgroundService.java:shutdown(132)) - Shutting down service KeyDeletingService
2021-12-02 14:32:13,187 [Listener at 127.0.0.1/39245] INFO  utils.BackgroundService (BackgroundService.java:shutdown(132)) - Shutting down service DirectoryDeletingService
2021-12-02 14:32:13,193 [Listener at 127.0.0.1/39245] INFO  handler.ContextHandler (ContextHandler.java:doStop(1153)) - Stopped o.e.j.w.WebAppContext@661cc7d1{ozoneManager,/,null,STOPPED}{file:/home/runner/work/ozone/ozone/hadoop-ozone/integration-test/target/test-classes/webapps/ozoneManager}
2021-12-02 14:32:13,194 [Listener at 127.0.0.1/39245] INFO  server.AbstractConnector (AbstractConnector.java:doStop(381)) - Stopped ServerConnector@1674d430{HTTP/1.1, (http/1.1)}{0.0.0.0:0}
2021-12-02 14:32:13,194 [Listener at 127.0.0.1/39245] INFO  server.session (HouseKeeper.java:stopScavenging(149)) - node0 Stopped scavenging
2021-12-02 14:32:13,196 [Listener at 127.0.0.1/39245] INFO  handler.ContextHandler (ContextHandler.java:doStop(1153)) - Stopped o.e.j.s.ServletContextHandler@397e554a{static,/static,file:///home/runner/work/ozone/ozone/hadoop-ozone/integration-test/target/test-classes/webapps/static,STOPPED}
2021-12-02 14:32:13,196 [Listener at 127.0.0.1/39245] INFO  handler.ContextHandler (ContextHandler.java:doStop(1153)) - Stopped o.e.j.s.ServletContextHandler@3e573120{logs,/logs,file:///home/runner/work/ozone/ozone/hadoop-ozone/integration-test/target/log,STOPPED}
2021-12-02 14:32:13,212 [Listener at 127.0.0.1/39245] INFO  ozone.MiniOzoneClusterImpl (MiniOzoneClusterImpl.java:stopDatanodes(527)) - Stopping the HddsDatanodes
2021-12-02 14:32:18,231 [ForkJoinPool.commonPool-worker-0] INFO  ozoneimpl.OzoneContainer (OzoneContainer.java:stop(325)) - Attempting to stop container services.
2021-12-02 14:32:18,232 [ForkJoinPool.commonPool-worker-0] INFO  server.RaftServer (RaftServerProxy.java:lambda$close$6(391)) - a7b6a586-909c-47a7-a818-e434e5672216: close
2021-12-02 14:32:18,232 [ForkJoinPool.commonPool-worker-0] INFO  server.RaftServer$Division (RaftServerImpl.java:lambda$close$4(412)) - a7b6a586-909c-47a7-a818-e434e5672216@group-FB5AFE99D0AB: shutdown
2021-12-02 14:32:18,233 [ForkJoinPool.commonPool-worker-0] INFO  util.JmxRegister (JmxRegister.java:unregister(73)) - Successfully un-registered JMX Bean with object name Ratis:service=RaftServer,group=group-FB5AFE99D0AB,id=a7b6a586-909c-47a7-a818-e434e5672216
2021-12-02 14:32:18,233 [ForkJoinPool.commonPool-worker-0] INFO  impl.RoleInfo (RoleInfo.java:shutdownLeaderState(91)) - a7b6a586-909c-47a7-a818-e434e5672216: shutdown a7b6a586-909c-47a7-a818-e434e5672216@group-FB5AFE99D0AB-LeaderStateImpl
2021-12-02 14:32:18,233 [ForkJoinPool.commonPool-worker-0] INFO  impl.PendingRequests (PendingRequests.java:sendNotLeaderResponses(282)) - a7b6a586-909c-47a7-a818-e434e5672216@group-FB5AFE99D0AB-PendingRequests: sendNotLeaderResponses
2021-12-02 14:32:18,238 [a7b6a586-909c-47a7-a818-e434e5672216@group-FB5AFE99D0AB-StateMachineUpdater] INFO  ratis.ContainerStateMachine (ContainerStateMachine.java:takeSnapshot(292)) - group-FB5AFE99D0AB: Taking a snapshot at:(t:1, i:0) file /home/runner/work/ozone/ozone/hadoop-ozone/integration-test/target/test-dir/MiniOzoneClusterImpl-fd94144e-5974-489a-b79f-b066564ba6f5/datanode-1/data/ratis/c0c5fcd2-e210-4ac4-97db-fb5afe99d0ab/sm/snapshot.1_0
2021-12-02 14:32:18,238 [ForkJoinPool.commonPool-worker-0] INFO  impl.StateMachineUpdater (StateMachineUpdater.java:stopAndJoin(149)) - a7b6a586-909c-47a7-a818-e434e5672216@group-FB5AFE99D0AB-StateMachineUpdater: set stopIndex = 0
2021-12-02 14:32:18,239 [a7b6a586-909c-47a7-a818-e434e5672216@group-FB5AFE99D0AB-StateMachineUpdater] INFO  ratis.ContainerStateMachine (ContainerStateMachine.java:takeSnapshot(303)) - group-FB5AFE99D0AB: Finished taking a snapshot at:(t:1, i:0) file:/home/runner/work/ozone/ozone/hadoop-ozone/integration-test/target/test-dir/MiniOzoneClusterImpl-fd94144e-5974-489a-b79f-b066564ba6f5/datanode-1/data/ratis/c0c5fcd2-e210-4ac4-97db-fb5afe99d0ab/sm/snapshot.1_0 took: 1 ms
2021-12-02 14:32:18,242 [a7b6a586-909c-47a7-a818-e434e5672216@group-FB5AFE99D0AB-StateMachineUpdater] INFO  impl.StateMachineUpdater (StateMachineUpdater.java:takeSnapshot(281)) - a7b6a586-909c-47a7-a818-e434e5672216@group-FB5AFE99D0AB-StateMachineUpdater: Took a snapshot at index 0
2021-12-02 14:32:18,242 [a7b6a586-909c-47a7-a818-e434e5672216@group-FB5AFE99D0AB-StateMachineUpdater] INFO  impl.StateMachineUpdater (StateMachineUpdater.java:lambda$new$0(89)) - a7b6a586-909c-47a7-a818-e434e5672216@group-FB5AFE99D0AB-StateMachineUpdater: snapshotIndex: updateIncreasingly -1 -> 0
2021-12-02 14:32:18,239 [Listener at 127.0.0.1/39245] INFO  ozoneimpl.OzoneContainer (OzoneContainer.java:stop(325)) - Attempting to stop container services.
2021-12-02 14:32:18,247 [ForkJoinPool.commonPool-worker-0] INFO  server.RaftServer$Division (ServerState.java:close(419)) - a7b6a586-909c-47a7-a818-e434e5672216@group-FB5AFE99D0AB: closes. applyIndex: 0
2021-12-02 14:32:18,247 [a7b6a586-909c-47a7-a818-e434e5672216@group-FB5AFE99D0AB-SegmentedRaftLogWorker] INFO  segmented.SegmentedRaftLogWorker (SegmentedRaftLogWorker.java:run(327)) - a7b6a586-909c-47a7-a818-e434e5672216@group-FB5AFE99D0AB-SegmentedRaftLogWorker was interrupted, exiting. There are 0 tasks remaining in the queue.
2021-12-02 14:32:18,249 [Listener at 127.0.0.1/39245] INFO  server.RaftServer (RaftServerProxy.java:lambda$close$6(391)) - 880aaef5-a54e-4898-af17-abc2dce457d4: close
2021-12-02 14:32:18,249 [Listener at 127.0.0.1/39245] INFO  server.RaftServer$Division (RaftServerImpl.java:lambda$close$4(412)) - 880aaef5-a54e-4898-af17-abc2dce457d4@group-796B449FAA69: shutdown
2021-12-02 14:32:18,249 [Listener at 127.0.0.1/39245] INFO  util.JmxRegister (JmxRegister.java:unregister(73)) - Successfully un-registered JMX Bean with object name Ratis:service=RaftServer,group=group-796B449FAA69,id=880aaef5-a54e-4898-af17-abc2dce457d4
2021-12-02 14:32:18,250 [Listener at 127.0.0.1/39245] INFO  impl.RoleInfo (RoleInfo.java:shutdownFollowerState(108)) - 880aaef5-a54e-4898-af17-abc2dce457d4: shutdown 880aaef5-a54e-4898-af17-abc2dce457d4@group-796B449FAA69-FollowerState
2021-12-02 14:32:18,250 [Listener at 127.0.0.1/39245] INFO  impl.StateMachineUpdater (StateMachineUpdater.java:stopAndJoin(149)) - 880aaef5-a54e-4898-af17-abc2dce457d4@group-796B449FAA69-StateMachineUpdater: set stopIndex = 27
2021-12-02 14:32:18,250 [ForkJoinPool.commonPool-worker-0] INFO  segmented.SegmentedRaftLogWorker (SegmentedRaftLogWorker.java:close(237)) - a7b6a586-909c-47a7-a818-e434e5672216@group-FB5AFE99D0AB-SegmentedRaftLogWorker close()
2021-12-02 14:32:18,250 [880aaef5-a54e-4898-af17-abc2dce457d4@group-796B449FAA69-StateMachineUpdater] INFO  ratis.ContainerStateMachine (ContainerStateMachine.java:takeSnapshot(292)) - group-796B449FAA69: Taking a snapshot at:(t:1, i:27) file /home/runner/work/ozone/ozone/hadoop-ozone/integration-test/target/test-dir/MiniOzoneClusterImpl-fd94144e-5974-489a-b79f-b066564ba6f5/datanode-4/data/ratis/323063ed-2383-4d68-970b-796b449faa69/sm/snapshot.1_27
2021-12-02 14:32:18,250 [880aaef5-a54e-4898-af17-abc2dce457d4@group-796B449FAA69-FollowerState] INFO  impl.FollowerState (FollowerState.java:run(143)) - 880aaef5-a54e-4898-af17-abc2dce457d4@group-796B449FAA69-FollowerState was interrupted: {}
java.lang.InterruptedException: sleep interrupted
	at java.lang.Thread.sleep(Native Method)
	at java.lang.Thread.sleep(Thread.java:340)
	at java.util.concurrent.TimeUnit.sleep(TimeUnit.java:386)
	at org.apache.ratis.util.TimeDuration.sleep(TimeDuration.java:324)
	at org.apache.ratis.util.TimeDuration.sleep(TimeDuration.java:309)
	at org.apache.ratis.server.impl.FollowerState.run(FollowerState.java:118)
2021-12-02 14:32:18,252 [ForkJoinPool.commonPool-worker-0] INFO  server.RaftServer$Division (RaftServerImpl.java:lambda$close$4(412)) - a7b6a586-909c-47a7-a818-e434e5672216@group-218C52D3B0E5: shutdown
2021-12-02 14:32:18,254 [ForkJoinPool.commonPool-worker-0] INFO  util.JmxRegister (JmxRegister.java:unregister(73)) - Successfully un-registered JMX Bean with object name Ratis:service=RaftServer,group=group-218C52D3B0E5,id=a7b6a586-909c-47a7-a818-e434e5672216
2021-12-02 14:32:18,254 [ForkJoinPool.commonPool-worker-0] INFO  impl.RoleInfo (RoleInfo.java:shutdownFollowerState(108)) - a7b6a586-909c-47a7-a818-e434e5672216: shutdown a7b6a586-909c-47a7-a818-e434e5672216@group-218C52D3B0E5-FollowerState
2021-12-02 14:32:18,254 [a7b6a586-909c-47a7-a818-e434e5672216@group-218C52D3B0E5-FollowerState] INFO  impl.FollowerState (FollowerState.java:run(143)) - a7b6a586-909c-47a7-a818-e434e5672216@group-218C52D3B0E5-FollowerState was interrupted: {}
java.lang.InterruptedException: sleep interrupted
	at java.lang.Thread.sleep(Native Method)
	at java.lang.Thread.sleep(Thread.java:340)
	at java.util.concurrent.TimeUnit.sleep(TimeUnit.java:386)
	at org.apache.ratis.util.TimeDuration.sleep(TimeDuration.java:324)
	at org.apache.ratis.util.TimeDuration.sleep(TimeDuration.java:309)
	at org.apache.ratis.server.impl.FollowerState.run(FollowerState.java:118)
2021-12-02 14:32:18,255 [a7b6a586-909c-47a7-a818-e434e5672216@group-218C52D3B0E5-StateMachineUpdater] INFO  ratis.ContainerStateMachine (ContainerStateMachine.java:takeSnapshot(292)) - group-218C52D3B0E5: Taking a snapshot at:(t:9, i:2) file /home/runner/work/ozone/ozone/hadoop-ozone/integration-test/target/test-dir/MiniOzoneClusterImpl-fd94144e-5974-489a-b79f-b066564ba6f5/datanode-1/data/ratis/86fd732d-83db-4bb4-8521-218c52d3b0e5/sm/snapshot.9_2
2021-12-02 14:32:18,255 [ForkJoinPool.commonPool-worker-0] INFO  impl.StateMachineUpdater (StateMachineUpdater.java:stopAndJoin(149)) - a7b6a586-909c-47a7-a818-e434e5672216@group-218C52D3B0E5-StateMachineUpdater: set stopIndex = 2
2021-12-02 14:32:18,256 [a7b6a586-909c-47a7-a818-e434e5672216@group-218C52D3B0E5-StateMachineUpdater] INFO  ratis.ContainerStateMachine (ContainerStateMachine.java:takeSnapshot(303)) - group-218C52D3B0E5: Finished taking a snapshot at:(t:9, i:2) file:/home/runner/work/ozone/ozone/hadoop-ozone/integration-test/target/test-dir/MiniOzoneClusterImpl-fd94144e-5974-489a-b79f-b066564ba6f5/datanode-1/data/ratis/86fd732d-83db-4bb4-8521-218c52d3b0e5/sm/snapshot.9_2 took: 0 ms
2021-12-02 14:32:18,256 [a7b6a586-909c-47a7-a818-e434e5672216@group-218C52D3B0E5-StateMachineUpdater] INFO  impl.StateMachineUpdater (StateMachineUpdater.java:takeSnapshot(281)) - a7b6a586-909c-47a7-a818-e434e5672216@group-218C52D3B0E5-StateMachineUpdater: Took a snapshot at index 2
2021-12-02 14:32:18,256 [a7b6a586-909c-47a7-a818-e434e5672216@group-218C52D3B0E5-StateMachineUpdater] INFO  impl.StateMachineUpdater (StateMachineUpdater.java:lambda$new$0(89)) - a7b6a586-909c-47a7-a818-e434e5672216@group-218C52D3B0E5-StateMachineUpdater: snapshotIndex: updateIncreasingly -1 -> 2
2021-12-02 14:32:18,258 [ForkJoinPool.commonPool-worker-0] INFO  server.RaftServer$Division (ServerState.java:close(419)) - a7b6a586-909c-47a7-a818-e434e5672216@group-218C52D3B0E5: closes. applyIndex: 2
2021-12-02 14:32:18,258 [a7b6a586-909c-47a7-a818-e434e5672216@group-218C52D3B0E5-SegmentedRaftLogWorker] INFO  segmented.SegmentedRaftLogWorker (SegmentedRaftLogWorker.java:run(327)) - a7b6a586-909c-47a7-a818-e434e5672216@group-218C52D3B0E5-SegmentedRaftLogWorker was interrupted, exiting. There are 0 tasks remaining in the queue.
2021-12-02 14:32:18,259 [ForkJoinPool.commonPool-worker-0] INFO  segmented.SegmentedRaftLogWorker (SegmentedRaftLogWorker.java:close(237)) - a7b6a586-909c-47a7-a818-e434e5672216@group-218C52D3B0E5-SegmentedRaftLogWorker close()
2021-12-02 14:32:18,260 [880aaef5-a54e-4898-af17-abc2dce457d4@group-796B449FAA69-StateMachineUpdater] INFO  ratis.ContainerStateMachine (ContainerStateMachine.java:takeSnapshot(303)) - group-796B449FAA69: Finished taking a snapshot at:(t:1, i:27) file:/home/runner/work/ozone/ozone/hadoop-ozone/integration-test/target/test-dir/MiniOzoneClusterImpl-fd94144e-5974-489a-b79f-b066564ba6f5/datanode-4/data/ratis/323063ed-2383-4d68-970b-796b449faa69/sm/snapshot.1_27 took: 10 ms
2021-12-02 14:32:18,260 [880aaef5-a54e-4898-af17-abc2dce457d4@group-796B449FAA69-StateMachineUpdater] INFO  impl.StateMachineUpdater (StateMachineUpdater.java:takeSnapshot(281)) - 880aaef5-a54e-4898-af17-abc2dce457d4@group-796B449FAA69-StateMachineUpdater: Took a snapshot at index 27
2021-12-02 14:32:18,260 [880aaef5-a54e-4898-af17-abc2dce457d4@group-796B449FAA69-StateMachineUpdater] INFO  impl.StateMachineUpdater (StateMachineUpdater.java:lambda$new$0(89)) - 880aaef5-a54e-4898-af17-abc2dce457d4@group-796B449FAA69-StateMachineUpdater: snapshotIndex: updateIncreasingly -1 -> 27
2021-12-02 14:32:18,263 [Listener at 127.0.0.1/39245] INFO  server.RaftServer$Division (ServerState.java:close(419)) - 880aaef5-a54e-4898-af17-abc2dce457d4@group-796B449FAA69: closes. applyIndex: 27
2021-12-02 14:32:18,264 [880aaef5-a54e-4898-af17-abc2dce457d4@group-796B449FAA69-SegmentedRaftLogWorker] INFO  segmented.SegmentedRaftLogWorker (SegmentedRaftLogWorker.java:run(327)) - 880aaef5-a54e-4898-af17-abc2dce457d4@group-796B449FAA69-SegmentedRaftLogWorker was interrupted, exiting. There are 0 tasks remaining in the queue.
2021-12-02 14:32:18,265 [Listener at 127.0.0.1/39245] INFO  segmented.SegmentedRaftLogWorker (SegmentedRaftLogWorker.java:close(237)) - 880aaef5-a54e-4898-af17-abc2dce457d4@group-796B449FAA69-SegmentedRaftLogWorker close()
2021-12-02 14:32:18,265 [ForkJoinPool.commonPool-worker-0] INFO  server.RaftServer$Division (RaftServerImpl.java:lambda$close$4(412)) - a7b6a586-909c-47a7-a818-e434e5672216@group-F34A6D962FBB: shutdown
2021-12-02 14:32:18,265 [ForkJoinPool.commonPool-worker-0] INFO  util.JmxRegister (JmxRegister.java:unregister(73)) - Successfully un-registered JMX Bean with object name Ratis:service=RaftServer,group=group-F34A6D962FBB,id=a7b6a586-909c-47a7-a818-e434e5672216
2021-12-02 14:32:18,265 [ForkJoinPool.commonPool-worker-0] INFO  impl.RoleInfo (RoleInfo.java:shutdownLeaderState(91)) - a7b6a586-909c-47a7-a818-e434e5672216: shutdown a7b6a586-909c-47a7-a818-e434e5672216@group-F34A6D962FBB-LeaderStateImpl
2021-12-02 14:32:18,265 [a7b6a586-909c-47a7-a818-e434e5672216@group-F34A6D962FBB->8698f9c0-0d63-4edb-bf8f-bb1ca05694ae-GrpcLogAppender-LogAppenderDaemon] WARN  server.GrpcLogAppender (GrpcLogAppender.java:mayWait(177)) - a7b6a586-909c-47a7-a818-e434e5672216@group-F34A6D962FBB->8698f9c0-0d63-4edb-bf8f-bb1ca05694ae-GrpcLogAppender: Wait interrupted by java.lang.InterruptedException
2021-12-02 14:32:18,266 [ForkJoinPool.commonPool-worker-0] INFO  impl.PendingRequests (PendingRequests.java:sendNotLeaderResponses(282)) - a7b6a586-909c-47a7-a818-e434e5672216@group-F34A6D962FBB-PendingRequests: sendNotLeaderResponses
2021-12-02 14:32:18,266 [grpc-default-executor-2] INFO  server.GrpcServerProtocolService (GrpcServerProtocolService.java:onCompleted(140)) - 8698f9c0-0d63-4edb-bf8f-bb1ca05694ae: Completed APPEND_ENTRIES, lastRequest: a7b6a586-909c-47a7-a818-e434e5672216->8698f9c0-0d63-4edb-bf8f-bb1ca05694ae#1-t7,previous=(t:0, i:0),leaderCommit=0,initializing? true,entries: size=1, first=(t:7, i:0), CONFIGURATIONENTRY
2021-12-02 14:32:18,267 [grpc-default-executor-6] INFO  server.GrpcLogAppender (GrpcLogAppender.java:onCompleted(346)) - a7b6a586-909c-47a7-a818-e434e5672216@group-F34A6D962FBB->8698f9c0-0d63-4edb-bf8f-bb1ca05694ae-AppendLogResponseHandler: follower responses appendEntries COMPLETED
2021-12-02 14:32:18,267 [grpc-default-executor-6] INFO  leader.FollowerInfo (FollowerInfoImpl.java:lambda$new$0(47)) - a7b6a586-909c-47a7-a818-e434e5672216@group-F34A6D962FBB->8698f9c0-0d63-4edb-bf8f-bb1ca05694ae: nextIndex: updateUnconditionally 1 -> 0
2021-12-02 14:32:18,268 [a7b6a586-909c-47a7-a818-e434e5672216@group-F34A6D962FBB-StateMachineUpdater] INFO  ratis.ContainerStateMachine (ContainerStateMachine.java:takeSnapshot(292)) - group-F34A6D962FBB: Taking a snapshot at:(t:7, i:0) file /home/runner/work/ozone/ozone/hadoop-ozone/integration-test/target/test-dir/MiniOzoneClusterImpl-fd94144e-5974-489a-b79f-b066564ba6f5/datanode-1/data/ratis/4d19a40b-ff18-4e92-ae45-f34a6d962fbb/sm/snapshot.7_0
2021-12-02 14:32:18,269 [Listener at 127.0.0.1/39245] INFO  server.RaftServer$Division (RaftServerImpl.java:lambda$close$4(412)) - 880aaef5-a54e-4898-af17-abc2dce457d4@group-DDB2A36C08AC: shutdown
2021-12-02 14:32:18,269 [Listener at 127.0.0.1/39245] INFO  util.JmxRegister (JmxRegister.java:unregister(73)) - Successfully un-registered JMX Bean with object name Ratis:service=RaftServer,group=group-DDB2A36C08AC,id=880aaef5-a54e-4898-af17-abc2dce457d4
2021-12-02 14:32:18,269 [Listener at 127.0.0.1/39245] INFO  impl.RoleInfo (RoleInfo.java:shutdownLeaderState(91)) - 880aaef5-a54e-4898-af17-abc2dce457d4: shutdown 880aaef5-a54e-4898-af17-abc2dce457d4@group-DDB2A36C08AC-LeaderStateImpl
2021-12-02 14:32:18,270 [Listener at 127.0.0.1/39245] INFO  impl.PendingRequests (PendingRequests.java:sendNotLeaderResponses(282)) - 880aaef5-a54e-4898-af17-abc2dce457d4@group-DDB2A36C08AC-PendingRequests: sendNotLeaderResponses
2021-12-02 14:32:18,271 [Listener at 127.0.0.1/39245] INFO  impl.StateMachineUpdater (StateMachineUpdater.java:stopAndJoin(149)) - 880aaef5-a54e-4898-af17-abc2dce457d4@group-DDB2A36C08AC-StateMachineUpdater: set stopIndex = 0
2021-12-02 14:32:18,271 [880aaef5-a54e-4898-af17-abc2dce457d4@group-DDB2A36C08AC-StateMachineUpdater] INFO  ratis.ContainerStateMachine (ContainerStateMachine.java:takeSnapshot(292)) - group-DDB2A36C08AC: Taking a snapshot at:(t:1, i:0) file /home/runner/work/ozone/ozone/hadoop-ozone/integration-test/target/test-dir/MiniOzoneClusterImpl-fd94144e-5974-489a-b79f-b066564ba6f5/datanode-4/data/ratis/c684c223-e4a5-4ecd-928a-ddb2a36c08ac/sm/snapshot.1_0
2021-12-02 14:32:18,272 [880aaef5-a54e-4898-af17-abc2dce457d4@group-DDB2A36C08AC-StateMachineUpdater] INFO  ratis.ContainerStateMachine (ContainerStateMachine.java:takeSnapshot(303)) - group-DDB2A36C08AC: Finished taking a snapshot at:(t:1, i:0) file:/home/runner/work/ozone/ozone/hadoop-ozone/integration-test/target/test-dir/MiniOzoneClusterImpl-fd94144e-5974-489a-b79f-b066564ba6f5/datanode-4/data/ratis/c684c223-e4a5-4ecd-928a-ddb2a36c08ac/sm/snapshot.1_0 took: 0 ms
2021-12-02 14:32:18,272 [880aaef5-a54e-4898-af17-abc2dce457d4@group-DDB2A36C08AC-StateMachineUpdater] INFO  impl.StateMachineUpdater (StateMachineUpdater.java:takeSnapshot(281)) - 880aaef5-a54e-4898-af17-abc2dce457d4@group-DDB2A36C08AC-StateMachineUpdater: Took a snapshot at index 0
2021-12-02 14:32:18,272 [880aaef5-a54e-4898-af17-abc2dce457d4@group-DDB2A36C08AC-StateMachineUpdater] INFO  impl.StateMachineUpdater (StateMachineUpdater.java:lambda$new$0(89)) - 880aaef5-a54e-4898-af17-abc2dce457d4@group-DDB2A36C08AC-StateMachineUpdater: snapshotIndex: updateIncreasingly -1 -> 0
2021-12-02 14:32:18,272 [Listener at 127.0.0.1/39245] INFO  server.RaftServer$Division (ServerState.java:close(419)) - 880aaef5-a54e-4898-af17-abc2dce457d4@group-DDB2A36C08AC: closes. applyIndex: 0
2021-12-02 14:32:18,276 [880aaef5-a54e-4898-af17-abc2dce457d4@group-DDB2A36C08AC-SegmentedRaftLogWorker] INFO  segmented.SegmentedRaftLogWorker (SegmentedRaftLogWorker.java:run(327)) - 880aaef5-a54e-4898-af17-abc2dce457d4@group-DDB2A36C08AC-SegmentedRaftLogWorker was interrupted, exiting. There are 0 tasks remaining in the queue.
2021-12-02 14:32:18,283 [Listener at 127.0.0.1/39245] INFO  segmented.SegmentedRaftLogWorker (SegmentedRaftLogWorker.java:close(237)) - 880aaef5-a54e-4898-af17-abc2dce457d4@group-DDB2A36C08AC-SegmentedRaftLogWorker close()
2021-12-02 14:32:18,292 [Listener at 127.0.0.1/39245] INFO  server.RaftServer$Division (RaftServerImpl.java:lambda$close$4(412)) - 880aaef5-a54e-4898-af17-abc2dce457d4@group-2DF00E79AB8C: shutdown
2021-12-02 14:32:18,292 [Listener at 127.0.0.1/39245] INFO  util.JmxRegister (JmxRegister.java:unregister(73)) - Successfully un-registered JMX Bean with object name Ratis:service=RaftServer,group=group-2DF00E79AB8C,id=880aaef5-a54e-4898-af17-abc2dce457d4
2021-12-02 14:32:18,292 [Listener at 127.0.0.1/39245] INFO  impl.RoleInfo (RoleInfo.java:shutdownLeaderState(91)) - 880aaef5-a54e-4898-af17-abc2dce457d4: shutdown 880aaef5-a54e-4898-af17-abc2dce457d4@group-2DF00E79AB8C-LeaderStateImpl
2021-12-02 14:32:18,292 [Listener at 127.0.0.1/39245] INFO  impl.PendingRequests (PendingRequests.java:sendNotLeaderResponses(282)) - 880aaef5-a54e-4898-af17-abc2dce457d4@group-2DF00E79AB8C-PendingRequests: sendNotLeaderResponses
2021-12-02 14:32:18,294 [880aaef5-a54e-4898-af17-abc2dce457d4@group-2DF00E79AB8C-StateMachineUpdater] INFO  ratis.ContainerStateMachine (ContainerStateMachine.java:takeSnapshot(292)) - group-2DF00E79AB8C: Taking a snapshot at:(t:3, i:0) file /home/runner/work/ozone/ozone/hadoop-ozone/integration-test/target/test-dir/MiniOzoneClusterImpl-fd94144e-5974-489a-b79f-b066564ba6f5/datanode-4/data/ratis/a4f3e589-f13b-489d-90d4-2df00e79ab8c/sm/snapshot.3_0
2021-12-02 14:32:18,294 [Listener at 127.0.0.1/39245] INFO  impl.StateMachineUpdater (StateMachineUpdater.java:stopAndJoin(149)) - 880aaef5-a54e-4898-af17-abc2dce457d4@group-2DF00E79AB8C-StateMachineUpdater: set stopIndex = 0
2021-12-02 14:32:18,295 [880aaef5-a54e-4898-af17-abc2dce457d4@group-2DF00E79AB8C->378d0879-743d-4e9f-84ed-de5a08f6d2b8-GrpcLogAppender-LogAppenderDaemon] WARN  server.GrpcLogAppender (GrpcLogAppender.java:mayWait(177)) - 880aaef5-a54e-4898-af17-abc2dce457d4@group-2DF00E79AB8C->378d0879-743d-4e9f-84ed-de5a08f6d2b8-GrpcLogAppender: Wait interrupted by java.lang.InterruptedException
2021-12-02 14:32:18,295 [880aaef5-a54e-4898-af17-abc2dce457d4@group-2DF00E79AB8C-StateMachineUpdater] INFO  ratis.ContainerStateMachine (ContainerStateMachine.java:takeSnapshot(303)) - group-2DF00E79AB8C: Finished taking a snapshot at:(t:3, i:0) file:/home/runner/work/ozone/ozone/hadoop-ozone/integration-test/target/test-dir/MiniOzoneClusterImpl-fd94144e-5974-489a-b79f-b066564ba6f5/datanode-4/data/ratis/a4f3e589-f13b-489d-90d4-2df00e79ab8c/sm/snapshot.3_0 took: 1 ms
2021-12-02 14:32:18,295 [880aaef5-a54e-4898-af17-abc2dce457d4@group-2DF00E79AB8C-StateMachineUpdater] INFO  impl.StateMachineUpdater (StateMachineUpdater.java:takeSnapshot(281)) - 880aaef5-a54e-4898-af17-abc2dce457d4@group-2DF00E79AB8C-StateMachineUpdater: Took a snapshot at index 0
2021-12-02 14:32:18,295 [880aaef5-a54e-4898-af17-abc2dce457d4@group-2DF00E79AB8C-StateMachineUpdater] INFO  impl.StateMachineUpdater (StateMachineUpdater.java:lambda$new$0(89)) - 880aaef5-a54e-4898-af17-abc2dce457d4@group-2DF00E79AB8C-StateMachineUpdater: snapshotIndex: updateIncreasingly -1 -> 0
2021-12-02 14:32:18,295 [grpc-default-executor-6] INFO  server.GrpcServerProtocolService (GrpcServerProtocolService.java:onCompleted(140)) - 378d0879-743d-4e9f-84ed-de5a08f6d2b8: Completed APPEND_ENTRIES, lastRequest: 880aaef5-a54e-4898-af17-abc2dce457d4->378d0879-743d-4e9f-84ed-de5a08f6d2b8#1-t3,previous=(t:0, i:0),leaderCommit=-1,initializing? true,entries: size=1, first=(t:3, i:0), CONFIGURATIONENTRY
2021-12-02 14:32:18,295 [Listener at 127.0.0.1/39245] INFO  server.RaftServer$Division (ServerState.java:close(419)) - 880aaef5-a54e-4898-af17-abc2dce457d4@group-2DF00E79AB8C: closes. applyIndex: 0
2021-12-02 14:32:18,296 [880aaef5-a54e-4898-af17-abc2dce457d4@group-2DF00E79AB8C-SegmentedRaftLogWorker] INFO  segmented.SegmentedRaftLogWorker (SegmentedRaftLogWorker.java:run(327)) - 880aaef5-a54e-4898-af17-abc2dce457d4@group-2DF00E79AB8C-SegmentedRaftLogWorker was interrupted, exiting. There are 0 tasks remaining in the queue.
2021-12-02 14:32:18,296 [grpc-default-executor-2] INFO  server.GrpcLogAppender (GrpcLogAppender.java:onCompleted(346)) - 880aaef5-a54e-4898-af17-abc2dce457d4@group-2DF00E79AB8C->378d0879-743d-4e9f-84ed-de5a08f6d2b8-AppendLogResponseHandler: follower responses appendEntries COMPLETED
2021-12-02 14:32:18,296 [grpc-default-executor-2] INFO  leader.FollowerInfo (FollowerInfoImpl.java:lambda$new$0(47)) - 880aaef5-a54e-4898-af17-abc2dce457d4@group-2DF00E79AB8C->378d0879-743d-4e9f-84ed-de5a08f6d2b8: nextIndex: updateUnconditionally 1 -> 0
2021-12-02 14:32:18,297 [Listener at 127.0.0.1/39245] INFO  segmented.SegmentedRaftLogWorker (SegmentedRaftLogWorker.java:close(237)) - 880aaef5-a54e-4898-af17-abc2dce457d4@group-2DF00E79AB8C-SegmentedRaftLogWorker close()
2021-12-02 14:32:18,299 [Listener at 127.0.0.1/39245] INFO  server.GrpcService (GrpcService.java:closeImpl(262)) - 880aaef5-a54e-4898-af17-abc2dce457d4: shutdown server with port 38967 now
2021-12-02 14:32:18,315 [ForkJoinPool.commonPool-worker-0] INFO  impl.StateMachineUpdater (StateMachineUpdater.java:stopAndJoin(149)) - a7b6a586-909c-47a7-a818-e434e5672216@group-F34A6D962FBB-StateMachineUpdater: set stopIndex = 0
2021-12-02 14:32:18,315 [a7b6a586-909c-47a7-a818-e434e5672216@group-F34A6D962FBB-StateMachineUpdater] INFO  ratis.ContainerStateMachine (ContainerStateMachine.java:takeSnapshot(303)) - group-F34A6D962FBB: Finished taking a snapshot at:(t:7, i:0) file:/home/runner/work/ozone/ozone/hadoop-ozone/integration-test/target/test-dir/MiniOzoneClusterImpl-fd94144e-5974-489a-b79f-b066564ba6f5/datanode-1/data/ratis/4d19a40b-ff18-4e92-ae45-f34a6d962fbb/sm/snapshot.7_0 took: 48 ms
2021-12-02 14:32:18,315 [a7b6a586-909c-47a7-a818-e434e5672216@group-F34A6D962FBB-StateMachineUpdater] INFO  impl.StateMachineUpdater (StateMachineUpdater.java:takeSnapshot(281)) - a7b6a586-909c-47a7-a818-e434e5672216@group-F34A6D962FBB-StateMachineUpdater: Took a snapshot at index 0
2021-12-02 14:32:18,315 [a7b6a586-909c-47a7-a818-e434e5672216@group-F34A6D962FBB-StateMachineUpdater] INFO  impl.StateMachineUpdater (StateMachineUpdater.java:lambda$new$0(89)) - a7b6a586-909c-47a7-a818-e434e5672216@group-F34A6D962FBB-StateMachineUpdater: snapshotIndex: updateIncreasingly -1 -> 0
2021-12-02 14:32:18,316 [ForkJoinPool.commonPool-worker-0] INFO  server.RaftServer$Division (ServerState.java:close(419)) - a7b6a586-909c-47a7-a818-e434e5672216@group-F34A6D962FBB: closes. applyIndex: 0
2021-12-02 14:32:18,316 [a7b6a586-909c-47a7-a818-e434e5672216@group-F34A6D962FBB-SegmentedRaftLogWorker] INFO  segmented.SegmentedRaftLogWorker (SegmentedRaftLogWorker.java:run(327)) - a7b6a586-909c-47a7-a818-e434e5672216@group-F34A6D962FBB-SegmentedRaftLogWorker was interrupted, exiting. There are 0 tasks remaining in the queue.
2021-12-02 14:32:18,316 [a7b6a586-909c-47a7-a818-e434e5672216@group-F34A6D962FBB->277b06ce-74e8-46b5-b9ba-0eaaec62ec87-GrpcLogAppender-LogAppenderDaemon] WARN  server.GrpcLogAppender (GrpcLogAppender.java:mayWait(177)) - a7b6a586-909c-47a7-a818-e434e5672216@group-F34A6D962FBB->277b06ce-74e8-46b5-b9ba-0eaaec62ec87-GrpcLogAppender: Wait interrupted by java.lang.InterruptedException
2021-12-02 14:32:18,316 [880aaef5-a54e-4898-af17-abc2dce457d4@group-2DF00E79AB8C->ecb5ef9a-e3c1-46e1-bc6e-74dcb14bbdd1-GrpcLogAppender-LogAppenderDaemon] WARN  server.GrpcLogAppender (GrpcLogAppender.java:mayWait(177)) - 880aaef5-a54e-4898-af17-abc2dce457d4@group-2DF00E79AB8C->ecb5ef9a-e3c1-46e1-bc6e-74dcb14bbdd1-GrpcLogAppender: Wait interrupted by java.lang.InterruptedException
2021-12-02 14:32:18,317 [grpc-default-executor-6] INFO  server.GrpcServerProtocolService (GrpcServerProtocolService.java:onCompleted(140)) - ecb5ef9a-e3c1-46e1-bc6e-74dcb14bbdd1: Completed APPEND_ENTRIES, lastRequest: 880aaef5-a54e-4898-af17-abc2dce457d4->ecb5ef9a-e3c1-46e1-bc6e-74dcb14bbdd1#1-t3,previous=(t:0, i:0),leaderCommit=0,initializing? true,entries: size=1, first=(t:3, i:0), CONFIGURATIONENTRY
2021-12-02 14:32:18,318 [grpc-default-executor-2] INFO  server.GrpcLogAppender (GrpcLogAppender.java:onCompleted(346)) - 880aaef5-a54e-4898-af17-abc2dce457d4@group-2DF00E79AB8C->ecb5ef9a-e3c1-46e1-bc6e-74dcb14bbdd1-AppendLogResponseHandler: follower responses appendEntries COMPLETED
2021-12-02 14:32:18,318 [grpc-default-executor-2] INFO  leader.FollowerInfo (FollowerInfoImpl.java:lambda$new$0(47)) - 880aaef5-a54e-4898-af17-abc2dce457d4@group-2DF00E79AB8C->ecb5ef9a-e3c1-46e1-bc6e-74dcb14bbdd1: nextIndex: updateUnconditionally 1 -> 0
2021-12-02 14:32:18,342 [ForkJoinPool.commonPool-worker-0] INFO  segmented.SegmentedRaftLogWorker (SegmentedRaftLogWorker.java:close(237)) - a7b6a586-909c-47a7-a818-e434e5672216@group-F34A6D962FBB-SegmentedRaftLogWorker close()
2021-12-02 14:32:18,342 [grpc-default-executor-4] WARN  server.GrpcServerProtocolService (LogUtils.java:warn(122)) - 880aaef5-a54e-4898-af17-abc2dce457d4: installSnapshot onError, lastRequest: ecb5ef9a-e3c1-46e1-bc6e-74dcb14bbdd1->880aaef5-a54e-4898-af17-abc2dce457d4#472-t1,previous=(t:1, i:26),leaderCommit=25,initializing? true,entries: size=1, first=(t:1, i:27), METADATAENTRY(c:25): org.apache.ratis.thirdparty.io.grpc.StatusRuntimeException: CANCELLED: client cancelled
2021-12-02 14:32:18,342 [grpc-default-executor-1] INFO  server.GrpcServerProtocolService (GrpcServerProtocolService.java:onCompleted(140)) - 277b06ce-74e8-46b5-b9ba-0eaaec62ec87: Completed APPEND_ENTRIES, lastRequest: a7b6a586-909c-47a7-a818-e434e5672216->277b06ce-74e8-46b5-b9ba-0eaaec62ec87#1-t7,previous=(t:0, i:0),leaderCommit=-1,initializing? true,entries: size=1, first=(t:7, i:0), CONFIGURATIONENTRY
2021-12-02 14:32:18,343 [grpc-default-executor-5] WARN  server.GrpcLogAppender (LogUtils.java:warn(122)) - ecb5ef9a-e3c1-46e1-bc6e-74dcb14bbdd1@group-796B449FAA69->880aaef5-a54e-4898-af17-abc2dce457d4-AppendLogResponseHandler: Failed appendEntries: org.apache.ratis.thirdparty.io.grpc.StatusRuntimeException: CANCELLED: HTTP/2 error code: CANCEL
Received Rst Stream
2021-12-02 14:32:18,343 [grpc-default-executor-5] INFO  leader.FollowerInfo (FollowerInfoImpl.java:lambda$new$0(47)) - ecb5ef9a-e3c1-46e1-bc6e-74dcb14bbdd1@group-796B449FAA69->880aaef5-a54e-4898-af17-abc2dce457d4: nextIndex: updateUnconditionally 28 -> 27
2021-12-02 14:32:18,343 [grpc-default-executor-4] INFO  server.GrpcLogAppender (GrpcLogAppender.java:onCompleted(346)) - a7b6a586-909c-47a7-a818-e434e5672216@group-F34A6D962FBB->277b06ce-74e8-46b5-b9ba-0eaaec62ec87-AppendLogResponseHandler: follower responses appendEntries COMPLETED
2021-12-02 14:32:18,343 [grpc-default-executor-4] INFO  leader.FollowerInfo (FollowerInfoImpl.java:lambda$new$0(47)) - a7b6a586-909c-47a7-a818-e434e5672216@group-F34A6D962FBB->277b06ce-74e8-46b5-b9ba-0eaaec62ec87: nextIndex: updateUnconditionally 1 -> 0
2021-12-02 14:32:18,354 [grpc-default-executor-1] WARN  server.GrpcLogAppender (LogUtils.java:warn(122)) - ecb5ef9a-e3c1-46e1-bc6e-74dcb14bbdd1@group-796B449FAA69->880aaef5-a54e-4898-af17-abc2dce457d4-AppendLogResponseHandler: Failed appendEntries: org.apache.ratis.thirdparty.io.grpc.StatusRuntimeException: UNAVAILABLE: io exception
2021-12-02 14:32:18,355 [grpc-default-executor-1] INFO  leader.FollowerInfo (FollowerInfoImpl.java:lambda$new$0(47)) - ecb5ef9a-e3c1-46e1-bc6e-74dcb14bbdd1@group-796B449FAA69->880aaef5-a54e-4898-af17-abc2dce457d4: nextIndex: updateUnconditionally 28 -> 27
2021-12-02 14:32:18,378 [Listener at 127.0.0.1/39245] INFO  server.GrpcService (GrpcService.java:closeImpl(271)) - 880aaef5-a54e-4898-af17-abc2dce457d4: shutdown server with port 38967 successfully
2021-12-02 14:32:18,379 [org.apache.ratis.util.JvmPauseMonitor$$Lambda$533/748004564@333182f0] INFO  util.JvmPauseMonitor (JvmPauseMonitor.java:run(109)) - JvmPauseMonitor-880aaef5-a54e-4898-af17-abc2dce457d4: Stopped
2021-12-02 14:32:18,413 [ForkJoinPool.commonPool-worker-0] INFO  server.GrpcService (GrpcService.java:closeImpl(262)) - a7b6a586-909c-47a7-a818-e434e5672216: shutdown server with port 38677 now
2021-12-02 14:32:18,415 [grpc-default-executor-4] WARN  server.GrpcServerProtocolService (LogUtils.java:warn(122)) - a7b6a586-909c-47a7-a818-e434e5672216: installSnapshot onError, lastRequest: 8698f9c0-0d63-4edb-bf8f-bb1ca05694ae->a7b6a586-909c-47a7-a818-e434e5672216#4-t9,previous=(t:9, i:1),leaderCommit=1,initializing? true,entries: size=1, first=(t:9, i:2), METADATAENTRY(c:1): org.apache.ratis.thirdparty.io.grpc.StatusRuntimeException: CANCELLED: client cancelled
2021-12-02 14:32:18,413 [Listener at 127.0.0.1/39245] INFO  utils.BackgroundService (BackgroundService.java:shutdown(132)) - Shutting down service BlockDeletingService
2021-12-02 14:32:18,493 [grpc-default-executor-4] WARN  server.GrpcLogAppender (LogUtils.java:warn(122)) - 8698f9c0-0d63-4edb-bf8f-bb1ca05694ae@group-218C52D3B0E5->a7b6a586-909c-47a7-a818-e434e5672216-AppendLogResponseHandler: Failed appendEntries: org.apache.ratis.thirdparty.io.grpc.StatusRuntimeException: CANCELLED: HTTP/2 error code: CANCEL
Received Rst Stream
2021-12-02 14:32:18,494 [grpc-default-executor-4] INFO  leader.FollowerInfo (FollowerInfoImpl.java:lambda$new$0(47)) - 8698f9c0-0d63-4edb-bf8f-bb1ca05694ae@group-218C52D3B0E5->a7b6a586-909c-47a7-a818-e434e5672216: nextIndex: updateUnconditionally 3 -> 2
2021-12-02 14:32:18,495 [ForkJoinPool.commonPool-worker-0] INFO  server.GrpcService (GrpcService.java:closeImpl(271)) - a7b6a586-909c-47a7-a818-e434e5672216: shutdown server with port 38677 successfully
2021-12-02 14:32:18,495 [org.apache.ratis.util.JvmPauseMonitor$$Lambda$533/748004564@52a817f9] INFO  util.JvmPauseMonitor (JvmPauseMonitor.java:run(109)) - JvmPauseMonitor-a7b6a586-909c-47a7-a818-e434e5672216: Stopped
2021-12-02 14:32:18,499 [grpc-default-executor-1] WARN  server.GrpcLogAppender (LogUtils.java:warn(122)) - 8698f9c0-0d63-4edb-bf8f-bb1ca05694ae@group-218C52D3B0E5->a7b6a586-909c-47a7-a818-e434e5672216-AppendLogResponseHandler: Failed appendEntries: org.apache.ratis.thirdparty.io.grpc.StatusRuntimeException: UNAVAILABLE: io exception
2021-12-02 14:32:18,500 [grpc-default-executor-1] INFO  leader.FollowerInfo (FollowerInfoImpl.java:lambda$new$0(47)) - 8698f9c0-0d63-4edb-bf8f-bb1ca05694ae@group-218C52D3B0E5->a7b6a586-909c-47a7-a818-e434e5672216: nextIndex: updateUnconditionally 3 -> 2
2021-12-02 14:32:18,530 [ForkJoinPool.commonPool-worker-0] INFO  utils.BackgroundService (BackgroundService.java:shutdown(132)) - Shutting down service BlockDeletingService
2021-12-02 14:32:20,852 [grpc-default-executor-1] WARN  server.GrpcLogAppender (LogUtils.java:warn(122)) - ecb5ef9a-e3c1-46e1-bc6e-74dcb14bbdd1@group-796B449FAA69->880aaef5-a54e-4898-af17-abc2dce457d4-AppendLogResponseHandler: Failed appendEntries: org.apache.ratis.thirdparty.io.grpc.StatusRuntimeException: UNAVAILABLE: io exception
2021-12-02 14:32:20,852 [grpc-default-executor-1] INFO  leader.FollowerInfo (FollowerInfoImpl.java:lambda$new$0(47)) - ecb5ef9a-e3c1-46e1-bc6e-74dcb14bbdd1@group-796B449FAA69->880aaef5-a54e-4898-af17-abc2dce457d4: nextIndex: updateUnconditionally 28 -> 27
2021-12-02 14:32:21,000 [grpc-default-executor-1] WARN  server.GrpcLogAppender (LogUtils.java:warn(122)) - 8698f9c0-0d63-4edb-bf8f-bb1ca05694ae@group-218C52D3B0E5->a7b6a586-909c-47a7-a818-e434e5672216-AppendLogResponseHandler: Failed appendEntries: org.apache.ratis.thirdparty.io.grpc.StatusRuntimeException: UNAVAILABLE: io exception
2021-12-02 14:32:21,000 [grpc-default-executor-1] INFO  leader.FollowerInfo (FollowerInfoImpl.java:lambda$new$0(47)) - 8698f9c0-0d63-4edb-bf8f-bb1ca05694ae@group-218C52D3B0E5->a7b6a586-909c-47a7-a818-e434e5672216: nextIndex: updateUnconditionally 3 -> 2
2021-12-02 14:32:21,491 [Listener at 127.0.0.1/39245] INFO  statemachine.DatanodeStateMachine (DatanodeStateMachine.java:stopDaemon(526)) - Ozone container server stopped.
2021-12-02 14:32:21,492 [Listener at 127.0.0.1/39245] INFO  handler.ContextHandler (ContextHandler.java:doStop(1153)) - Stopped o.e.j.w.WebAppContext@4947bebb{hddsDatanode,/,null,STOPPED}{jar:file:/home/runner/.m2/repository/org/apache/ozone/hdds-container-service/1.3.0-SNAPSHOT/hdds-container-service-1.3.0-SNAPSHOT.jar!/webapps/hddsDatanode}
2021-12-02 14:32:21,494 [Listener at 127.0.0.1/39245] INFO  server.AbstractConnector (AbstractConnector.java:doStop(381)) - Stopped ServerConnector@4ab63745{HTTP/1.1, (http/1.1)}{0.0.0.0:0}
2021-12-02 14:32:21,494 [Listener at 127.0.0.1/39245] INFO  server.session (HouseKeeper.java:stopScavenging(149)) - node0 Stopped scavenging
2021-12-02 14:32:21,494 [Listener at 127.0.0.1/39245] INFO  handler.ContextHandler (ContextHandler.java:doStop(1153)) - Stopped o.e.j.s.ServletContextHandler@5ea315fd{static,/static,jar:file:/home/runner/.m2/repository/org/apache/ozone/hdds-container-service/1.3.0-SNAPSHOT/hdds-container-service-1.3.0-SNAPSHOT.jar!/webapps/static,STOPPED}
2021-12-02 14:32:21,495 [Listener at 127.0.0.1/39245] INFO  handler.ContextHandler (ContextHandler.java:doStop(1153)) - Stopped o.e.j.s.ServletContextHandler@7107a4ea{logs,/logs,file:///home/runner/work/ozone/ozone/hadoop-ozone/integration-test/target/log,STOPPED}
2021-12-02 14:32:21,534 [ForkJoinPool.commonPool-worker-0] INFO  statemachine.DatanodeStateMachine (DatanodeStateMachine.java:stopDaemon(526)) - Ozone container server stopped.
2021-12-02 14:32:21,540 [ForkJoinPool.commonPool-worker-0] INFO  handler.ContextHandler (ContextHandler.java:doStop(1153)) - Stopped o.e.j.w.WebAppContext@69357209{hddsDatanode,/,null,STOPPED}{jar:file:/home/runner/.m2/repository/org/apache/ozone/hdds-container-service/1.3.0-SNAPSHOT/hdds-container-service-1.3.0-SNAPSHOT.jar!/webapps/hddsDatanode}
2021-12-02 14:32:21,542 [ForkJoinPool.commonPool-worker-0] INFO  server.AbstractConnector (AbstractConnector.java:doStop(381)) - Stopped ServerConnector@64e768c8{HTTP/1.1, (http/1.1)}{0.0.0.0:0}
2021-12-02 14:32:21,542 [ForkJoinPool.commonPool-worker-0] INFO  server.session (HouseKeeper.java:stopScavenging(149)) - node0 Stopped scavenging
2021-12-02 14:32:21,555 [ForkJoinPool.commonPool-worker-0] INFO  handler.ContextHandler (ContextHandler.java:doStop(1153)) - Stopped o.e.j.s.ServletContextHandler@6f707c05{static,/static,jar:file:/home/runner/.m2/repository/org/apache/ozone/hdds-container-service/1.3.0-SNAPSHOT/hdds-container-service-1.3.0-SNAPSHOT.jar!/webapps/static,STOPPED}
2021-12-02 14:32:21,556 [ForkJoinPool.commonPool-worker-0] INFO  handler.ContextHandler (ContextHandler.java:doStop(1153)) - Stopped o.e.j.s.ServletContextHandler@12bb47d4{logs,/logs,file:///home/runner/work/ozone/ozone/hadoop-ozone/integration-test/target/log,STOPPED}
2021-12-02 14:32:21,825 [8698f9c0-0d63-4edb-bf8f-bb1ca05694ae@group-F34A6D962FBB-FollowerState] INFO  impl.FollowerState (FollowerState.java:run(134)) - 8698f9c0-0d63-4edb-bf8f-bb1ca05694ae@group-F34A6D962FBB-FollowerState: change to CANDIDATE, lastRpcElapsedTime:5129346837ns, electionTimeout:5044ms
2021-12-02 14:32:21,825 [8698f9c0-0d63-4edb-bf8f-bb1ca05694ae@group-F34A6D962FBB-FollowerState] INFO  impl.RoleInfo (RoleInfo.java:shutdownFollowerState(108)) - 8698f9c0-0d63-4edb-bf8f-bb1ca05694ae: shutdown 8698f9c0-0d63-4edb-bf8f-bb1ca05694ae@group-F34A6D962FBB-FollowerState
2021-12-02 14:32:21,825 [8698f9c0-0d63-4edb-bf8f-bb1ca05694ae@group-F34A6D962FBB-FollowerState] INFO  server.RaftServer$Division (RaftServerImpl.java:setRole(290)) - 8698f9c0-0d63-4edb-bf8f-bb1ca05694ae@group-F34A6D962FBB: changes role from  FOLLOWER to CANDIDATE at term 7 for changeToCandidate
2021-12-02 14:32:21,825 [8698f9c0-0d63-4edb-bf8f-bb1ca05694ae@group-F34A6D962FBB-FollowerState] INFO  server.RaftServerConfigKeys (ConfUtils.java:logGet(44)) - raft.server.leaderelection.pre-vote = false (custom)
2021-12-02 14:32:21,825 [8698f9c0-0d63-4edb-bf8f-bb1ca05694ae@group-F34A6D962FBB-FollowerState] INFO  impl.RoleInfo (RoleInfo.java:updateAndGet(130)) - 8698f9c0-0d63-4edb-bf8f-bb1ca05694ae: start 8698f9c0-0d63-4edb-bf8f-bb1ca05694ae@group-F34A6D962FBB-LeaderElection144
2021-12-02 14:32:21,828 [8698f9c0-0d63-4edb-bf8f-bb1ca05694ae@group-F34A6D962FBB-LeaderElection144] INFO  server.RaftServer$Division (ServerState.java:setLeader(285)) - 8698f9c0-0d63-4edb-bf8f-bb1ca05694ae@group-F34A6D962FBB: change Leader from a7b6a586-909c-47a7-a818-e434e5672216 to null at term 7 for ELECTION
2021-12-02 14:32:21,847 [8698f9c0-0d63-4edb-bf8f-bb1ca05694ae@group-F34A6D962FBB-LeaderElection144] INFO  impl.LeaderElection (LeaderElection.java:askForVotes(306)) - 8698f9c0-0d63-4edb-bf8f-bb1ca05694ae@group-F34A6D962FBB-LeaderElection144 ELECTION round 0: submit vote requests at term 8 for 0: [a7b6a586-909c-47a7-a818-e434e5672216|rpc:10.1.0.16:38677|dataStream:|priority:1, 8698f9c0-0d63-4edb-bf8f-bb1ca05694ae|rpc:10.1.0.16:46057|dataStream:|priority:0, 277b06ce-74e8-46b5-b9ba-0eaaec62ec87|rpc:10.1.0.16:37685|dataStream:|priority:0], old=null
2021-12-02 14:32:21,867 [8698f9c0-0d63-4edb-bf8f-bb1ca05694ae@group-F34A6D962FBB-LeaderElection144] INFO  impl.LeaderElection (LogUtils.java:infoOrTrace(137)) - 8698f9c0-0d63-4edb-bf8f-bb1ca05694ae@group-F34A6D962FBB-LeaderElection144 got exception when requesting votes: java.util.concurrent.ExecutionException: org.apache.ratis.thirdparty.io.grpc.StatusRuntimeException: UNAVAILABLE: io exception
2021-12-02 14:32:21,873 [grpc-default-executor-1] INFO  server.RaftServer$Division (RaftServerImpl.java:requestVote(1046)) - 277b06ce-74e8-46b5-b9ba-0eaaec62ec87@group-F34A6D962FBB: receive requestVote(ELECTION, 8698f9c0-0d63-4edb-bf8f-bb1ca05694ae, group-F34A6D962FBB, 8, (t:7, i:0))
2021-12-02 14:32:21,873 [grpc-default-executor-1] INFO  impl.VoteContext (VoteContext.java:log(48)) - 277b06ce-74e8-46b5-b9ba-0eaaec62ec87@group-F34A6D962FBB-FOLLOWER: accept ELECTION from 8698f9c0-0d63-4edb-bf8f-bb1ca05694ae: our priority 0 <= candidate's priority 0
2021-12-02 14:32:21,873 [grpc-default-executor-1] INFO  server.RaftServer$Division (ServerState.java:setLeader(285)) - 277b06ce-74e8-46b5-b9ba-0eaaec62ec87@group-F34A6D962FBB: change Leader from a7b6a586-909c-47a7-a818-e434e5672216 to null at term 8 for updateCurrentTerm
2021-12-02 14:32:21,874 [grpc-default-executor-1] INFO  server.RaftServer$Division (RaftServerImpl.java:setRole(290)) - 277b06ce-74e8-46b5-b9ba-0eaaec62ec87@group-F34A6D962FBB: changes role from  FOLLOWER to FOLLOWER at term 8 for candidate:8698f9c0-0d63-4edb-bf8f-bb1ca05694ae
2021-12-02 14:32:21,874 [grpc-default-executor-1] INFO  impl.RoleInfo (RoleInfo.java:shutdownFollowerState(108)) - 277b06ce-74e8-46b5-b9ba-0eaaec62ec87: shutdown 277b06ce-74e8-46b5-b9ba-0eaaec62ec87@group-F34A6D962FBB-FollowerState
2021-12-02 14:32:21,874 [grpc-default-executor-1] INFO  impl.RoleInfo (RoleInfo.java:updateAndGet(130)) - 277b06ce-74e8-46b5-b9ba-0eaaec62ec87: start 277b06ce-74e8-46b5-b9ba-0eaaec62ec87@group-F34A6D962FBB-FollowerState
2021-12-02 14:32:21,874 [277b06ce-74e8-46b5-b9ba-0eaaec62ec87@group-F34A6D962FBB-FollowerState] INFO  impl.FollowerState (FollowerState.java:run(143)) - 277b06ce-74e8-46b5-b9ba-0eaaec62ec87@group-F34A6D962FBB-FollowerState was interrupted: {}
java.lang.InterruptedException: sleep interrupted
	at java.lang.Thread.sleep(Native Method)
	at java.lang.Thread.sleep(Thread.java:340)
	at java.util.concurrent.TimeUnit.sleep(TimeUnit.java:386)
	at org.apache.ratis.util.TimeDuration.sleep(TimeDuration.java:324)
	at org.apache.ratis.util.TimeDuration.sleep(TimeDuration.java:309)
	at org.apache.ratis.server.impl.FollowerState.run(FollowerState.java:118)
2021-12-02 14:32:21,878 [grpc-default-executor-1] INFO  server.RaftServer$Division (RaftServerImpl.java:requestVote(1078)) - 277b06ce-74e8-46b5-b9ba-0eaaec62ec87@group-F34A6D962FBB replies to ELECTION vote request: 8698f9c0-0d63-4edb-bf8f-bb1ca05694ae<-277b06ce-74e8-46b5-b9ba-0eaaec62ec87#0:OK-t8. Peer's state: 277b06ce-74e8-46b5-b9ba-0eaaec62ec87@group-F34A6D962FBB:t8, leader=null, voted=8698f9c0-0d63-4edb-bf8f-bb1ca05694ae, raftlog=277b06ce-74e8-46b5-b9ba-0eaaec62ec87@group-F34A6D962FBB-SegmentedRaftLog:OPENED:c0, conf=0: [a7b6a586-909c-47a7-a818-e434e5672216|rpc:10.1.0.16:38677|dataStream:|priority:1, 8698f9c0-0d63-4edb-bf8f-bb1ca05694ae|rpc:10.1.0.16:46057|dataStream:|priority:0, 277b06ce-74e8-46b5-b9ba-0eaaec62ec87|rpc:10.1.0.16:37685|dataStream:|priority:0], old=null
2021-12-02 14:32:21,921 [8698f9c0-0d63-4edb-bf8f-bb1ca05694ae@group-F34A6D962FBB-LeaderElection144] INFO  impl.LeaderElection (LeaderElection.java:logAndReturn(89)) - 8698f9c0-0d63-4edb-bf8f-bb1ca05694ae@group-F34A6D962FBB-LeaderElection144: ELECTION PASSED received 1 response(s) and 1 exception(s):
2021-12-02 14:32:21,921 [8698f9c0-0d63-4edb-bf8f-bb1ca05694ae@group-F34A6D962FBB-LeaderElection144] INFO  impl.LeaderElection (LeaderElection.java:logAndReturn(93)) -   Response 0: 8698f9c0-0d63-4edb-bf8f-bb1ca05694ae<-277b06ce-74e8-46b5-b9ba-0eaaec62ec87#0:OK-t8
2021-12-02 14:32:21,921 [8698f9c0-0d63-4edb-bf8f-bb1ca05694ae@group-F34A6D962FBB-LeaderElection144] INFO  impl.LeaderElection (LogUtils.java:infoOrTrace(137)) -   Exception 1: java.util.concurrent.ExecutionException: org.apache.ratis.thirdparty.io.grpc.StatusRuntimeException: UNAVAILABLE: io exception
2021-12-02 14:32:21,921 [8698f9c0-0d63-4edb-bf8f-bb1ca05694ae@group-F34A6D962FBB-LeaderElection144] INFO  impl.LeaderElection (LeaderElection.java:askForVotes(308)) - 8698f9c0-0d63-4edb-bf8f-bb1ca05694ae@group-F34A6D962FBB-LeaderElection144 ELECTION round 0: result PASSED
2021-12-02 14:32:21,921 [8698f9c0-0d63-4edb-bf8f-bb1ca05694ae@group-F34A6D962FBB-LeaderElection144] INFO  impl.RoleInfo (RoleInfo.java:shutdownLeaderElection(121)) - 8698f9c0-0d63-4edb-bf8f-bb1ca05694ae: shutdown 8698f9c0-0d63-4edb-bf8f-bb1ca05694ae@group-F34A6D962FBB-LeaderElection144
2021-12-02 14:32:21,922 [8698f9c0-0d63-4edb-bf8f-bb1ca05694ae@group-F34A6D962FBB-LeaderElection144] INFO  server.RaftServer$Division (RaftServerImpl.java:setRole(290)) - 8698f9c0-0d63-4edb-bf8f-bb1ca05694ae@group-F34A6D962FBB: changes role from CANDIDATE to LEADER at term 8 for changeToLeader
2021-12-02 14:32:21,922 [8698f9c0-0d63-4edb-bf8f-bb1ca05694ae@group-F34A6D962FBB-LeaderElection144] INFO  ratis.XceiverServerRatis (XceiverServerRatis.java:handleLeaderChangedNotification(866)) - Leader change notification received for group: group-F34A6D962FBB with new leaderId: 8698f9c0-0d63-4edb-bf8f-bb1ca05694ae
2021-12-02 14:32:21,922 [8698f9c0-0d63-4edb-bf8f-bb1ca05694ae@group-F34A6D962FBB-LeaderElection144] INFO  server.RaftServer$Division (ServerState.java:setLeader(285)) - 8698f9c0-0d63-4edb-bf8f-bb1ca05694ae@group-F34A6D962FBB: change Leader from null to 8698f9c0-0d63-4edb-bf8f-bb1ca05694ae at term 8 for becomeLeader, leader elected after 93ms
2021-12-02 14:32:21,922 [8698f9c0-0d63-4edb-bf8f-bb1ca05694ae@group-F34A6D962FBB-LeaderElection144] INFO  server.RaftServerConfigKeys (ConfUtils.java:logGet(44)) - raft.server.staging.catchup.gap = 1000 (default)
2021-12-02 14:32:21,922 [8698f9c0-0d63-4edb-bf8f-bb1ca05694ae@group-F34A6D962FBB-LeaderElection144] INFO  server.RaftServerConfigKeys (ConfUtils.java:logGet(44)) - raft.server.write.element-limit = 1024 (custom)
2021-12-02 14:32:21,922 [8698f9c0-0d63-4edb-bf8f-bb1ca05694ae@group-F34A6D962FBB-LeaderElection144] INFO  server.RaftServerConfigKeys (ConfUtils.java:logGet(44)) - raft.server.write.byte-limit = 1024 M (=1073741824) (custom)
2021-12-02 14:32:21,925 [8698f9c0-0d63-4edb-bf8f-bb1ca05694ae@group-F34A6D962FBB-LeaderElection144] INFO  server.RaftServerConfigKeys (ConfUtils.java:logGet(44)) - raft.server.watch.timeout = 3000ms (custom)
2021-12-02 14:32:21,926 [8698f9c0-0d63-4edb-bf8f-bb1ca05694ae@group-F34A6D962FBB-LeaderElection144] INFO  server.RaftServerConfigKeys (ConfUtils.java:logGet(44)) - raft.server.watch.timeout.denomination = 1s (default)
2021-12-02 14:32:21,926 [8698f9c0-0d63-4edb-bf8f-bb1ca05694ae@group-F34A6D962FBB-LeaderElection144] INFO  server.RaftServerConfigKeys (ConfUtils.java:logGet(44)) - raft.server.watch.element-limit = 65536 (default)
2021-12-02 14:32:21,927 [8698f9c0-0d63-4edb-bf8f-bb1ca05694ae@group-F34A6D962FBB-LeaderElection144] INFO  server.RaftServerConfigKeys (ConfUtils.java:logGet(44)) - raft.server.write.element-limit = 1024 (custom)
2021-12-02 14:32:21,927 [8698f9c0-0d63-4edb-bf8f-bb1ca05694ae@group-F34A6D962FBB-LeaderElection144] INFO  server.RaftServerConfigKeys (ConfUtils.java:logGet(44)) - raft.server.write.follower.gap.ratio.max = -1.0 (default)
2021-12-02 14:32:21,927 [8698f9c0-0d63-4edb-bf8f-bb1ca05694ae@group-F34A6D962FBB-LeaderElection144] INFO  server.RaftServerConfigKeys (ConfUtils.java:logGet(44)) - raft.server.log.appender.snapshot.chunk.size.max = 16MB (=16777216) (default)
2021-12-02 14:32:21,927 [8698f9c0-0d63-4edb-bf8f-bb1ca05694ae@group-F34A6D962FBB-LeaderElection144] INFO  server.RaftServerConfigKeys (ConfUtils.java:logGet(44)) - raft.server.log.appender.buffer.byte-limit = 33554432 (custom)
2021-12-02 14:32:21,927 [8698f9c0-0d63-4edb-bf8f-bb1ca05694ae@group-F34A6D962FBB-LeaderElection144] INFO  server.RaftServerConfigKeys (ConfUtils.java:logGet(44)) - raft.server.log.appender.buffer.element-limit = 1 (custom)
2021-12-02 14:32:21,928 [8698f9c0-0d63-4edb-bf8f-bb1ca05694ae@group-F34A6D962FBB-LeaderElection144] INFO  grpc.GrpcConfigKeys (ConfUtils.java:logGet(44)) - raft.grpc.server.leader.outstanding.appends.max = 128 (default)
2021-12-02 14:32:21,928 [8698f9c0-0d63-4edb-bf8f-bb1ca05694ae@group-F34A6D962FBB-LeaderElection144] INFO  server.RaftServerConfigKeys (ConfUtils.java:logGet(44)) - raft.server.rpc.request.timeout = 3000ms (default)
2021-12-02 14:32:21,928 [8698f9c0-0d63-4edb-bf8f-bb1ca05694ae@group-F34A6D962FBB-LeaderElection144] INFO  server.RaftServerConfigKeys (ConfUtils.java:logGet(44)) - raft.server.log.appender.install.snapshot.enabled = false (custom)
2021-12-02 14:32:21,930 [8698f9c0-0d63-4edb-bf8f-bb1ca05694ae@group-F34A6D962FBB-LeaderElection144] INFO  server.RaftServerConfigKeys (ConfUtils.java:logGet(44)) - raft.server.log.appender.snapshot.chunk.size.max = 16MB (=16777216) (default)
2021-12-02 14:32:21,946 [8698f9c0-0d63-4edb-bf8f-bb1ca05694ae@group-F34A6D962FBB-LeaderElection144] INFO  server.RaftServerConfigKeys (ConfUtils.java:logGet(44)) - raft.server.log.appender.buffer.byte-limit = 33554432 (custom)
2021-12-02 14:32:21,947 [8698f9c0-0d63-4edb-bf8f-bb1ca05694ae@group-F34A6D962FBB-LeaderElection144] INFO  server.RaftServerConfigKeys (ConfUtils.java:logGet(44)) - raft.server.log.appender.buffer.element-limit = 1 (custom)
2021-12-02 14:32:21,947 [8698f9c0-0d63-4edb-bf8f-bb1ca05694ae@group-F34A6D962FBB-LeaderElection144] INFO  grpc.GrpcConfigKeys (ConfUtils.java:logGet(44)) - raft.grpc.server.leader.outstanding.appends.max = 128 (default)
2021-12-02 14:32:21,955 [8698f9c0-0d63-4edb-bf8f-bb1ca05694ae@group-F34A6D962FBB-LeaderElection144] INFO  server.RaftServerConfigKeys (ConfUtils.java:logGet(44)) - raft.server.rpc.request.timeout = 3000ms (default)
2021-12-02 14:32:21,955 [8698f9c0-0d63-4edb-bf8f-bb1ca05694ae@group-F34A6D962FBB-LeaderElection144] INFO  server.RaftServerConfigKeys (ConfUtils.java:logGet(44)) - raft.server.log.appender.install.snapshot.enabled = false (custom)
2021-12-02 14:32:21,958 [8698f9c0-0d63-4edb-bf8f-bb1ca05694ae@group-F34A6D962FBB-LeaderElection144] INFO  impl.RoleInfo (RoleInfo.java:updateAndGet(130)) - 8698f9c0-0d63-4edb-bf8f-bb1ca05694ae: start 8698f9c0-0d63-4edb-bf8f-bb1ca05694ae@group-F34A6D962FBB-LeaderStateImpl
2021-12-02 14:32:21,958 [8698f9c0-0d63-4edb-bf8f-bb1ca05694ae@group-F34A6D962FBB-LeaderElection144] INFO  segmented.SegmentedRaftLogWorker (SegmentedRaftLogWorker.java:rollLogSegment(399)) - 8698f9c0-0d63-4edb-bf8f-bb1ca05694ae@group-F34A6D962FBB-SegmentedRaftLogWorker: Rolling segment log-0_0 to index:0
2021-12-02 14:32:21,959 [8698f9c0-0d63-4edb-bf8f-bb1ca05694ae@group-F34A6D962FBB-SegmentedRaftLogWorker] INFO  segmented.SegmentedRaftLogWorker (SegmentedRaftLogWorker.java:execute(558)) - 8698f9c0-0d63-4edb-bf8f-bb1ca05694ae@group-F34A6D962FBB-SegmentedRaftLogWorker: Rolled log segment from /home/runner/work/ozone/ozone/hadoop-ozone/integration-test/target/test-dir/MiniOzoneClusterImpl-fd94144e-5974-489a-b79f-b066564ba6f5/datanode-2/data/ratis/4d19a40b-ff18-4e92-ae45-f34a6d962fbb/current/log_inprogress_0 to /home/runner/work/ozone/ozone/hadoop-ozone/integration-test/target/test-dir/MiniOzoneClusterImpl-fd94144e-5974-489a-b79f-b066564ba6f5/datanode-2/data/ratis/4d19a40b-ff18-4e92-ae45-f34a6d962fbb/current/log_0-0
2021-12-02 14:32:21,962 [8698f9c0-0d63-4edb-bf8f-bb1ca05694ae@group-F34A6D962FBB-SegmentedRaftLogWorker] INFO  segmented.SegmentedRaftLogWorker (SegmentedRaftLogWorker.java:execute(601)) - 8698f9c0-0d63-4edb-bf8f-bb1ca05694ae@group-F34A6D962FBB-SegmentedRaftLogWorker: created new log segment /home/runner/work/ozone/ozone/hadoop-ozone/integration-test/target/test-dir/MiniOzoneClusterImpl-fd94144e-5974-489a-b79f-b066564ba6f5/datanode-2/data/ratis/4d19a40b-ff18-4e92-ae45-f34a6d962fbb/current/log_inprogress_1
2021-12-02 14:32:21,963 [grpc-default-executor-4] INFO  ratis.XceiverServerRatis (XceiverServerRatis.java:handleLeaderChangedNotification(866)) - Leader change notification received for group: group-F34A6D962FBB with new leaderId: 8698f9c0-0d63-4edb-bf8f-bb1ca05694ae
2021-12-02 14:32:21,963 [grpc-default-executor-4] INFO  server.RaftServer$Division (ServerState.java:setLeader(285)) - 277b06ce-74e8-46b5-b9ba-0eaaec62ec87@group-F34A6D962FBB: change Leader from null to 8698f9c0-0d63-4edb-bf8f-bb1ca05694ae at term 8 for appendEntries, leader elected after 89ms
2021-12-02 14:32:21,970 [8698f9c0-0d63-4edb-bf8f-bb1ca05694ae@group-F34A6D962FBB-LeaderElection144] INFO  server.RaftServer$Division (ServerState.java:setRaftConf(387)) - 8698f9c0-0d63-4edb-bf8f-bb1ca05694ae@group-F34A6D962FBB: set configuration 1: [a7b6a586-909c-47a7-a818-e434e5672216|rpc:10.1.0.16:38677|dataStream:|priority:1, 8698f9c0-0d63-4edb-bf8f-bb1ca05694ae|rpc:10.1.0.16:46057|dataStream:|priority:0, 277b06ce-74e8-46b5-b9ba-0eaaec62ec87|rpc:10.1.0.16:37685|dataStream:|priority:0], old=null
2021-12-02 14:32:21,971 [grpc-default-executor-1] WARN  server.GrpcLogAppender (LogUtils.java:warn(122)) - 8698f9c0-0d63-4edb-bf8f-bb1ca05694ae@group-F34A6D962FBB->a7b6a586-909c-47a7-a818-e434e5672216-AppendLogResponseHandler: Failed appendEntries: org.apache.ratis.thirdparty.io.grpc.StatusRuntimeException: UNAVAILABLE: io exception
2021-12-02 14:32:21,972 [grpc-default-executor-1] WARN  server.GrpcLogAppender (GrpcLogAppender.java:resetClient(110)) - 8698f9c0-0d63-4edb-bf8f-bb1ca05694ae@group-F34A6D962FBB->a7b6a586-909c-47a7-a818-e434e5672216-GrpcLogAppender: Leader has not got in touch with Follower 8698f9c0-0d63-4edb-bf8f-bb1ca05694ae@group-F34A6D962FBB->a7b6a586-909c-47a7-a818-e434e5672216(c-1,m0,n1, attendVote=true, lastRpcSendTime=5244, lastRpcResponseTime=5244) yet, just keep nextIndex unchanged and retry.
2021-12-02 14:32:21,973 [grpc-default-executor-1] WARN  server.GrpcLogAppender (LogUtils.java:warn(122)) - 8698f9c0-0d63-4edb-bf8f-bb1ca05694ae@group-F34A6D962FBB->a7b6a586-909c-47a7-a818-e434e5672216-AppendLogResponseHandler: Failed appendEntries: org.apache.ratis.thirdparty.io.grpc.StatusRuntimeException: UNAVAILABLE: io exception
2021-12-02 14:32:21,973 [grpc-default-executor-1] WARN  server.GrpcLogAppender (GrpcLogAppender.java:resetClient(110)) - 8698f9c0-0d63-4edb-bf8f-bb1ca05694ae@group-F34A6D962FBB->a7b6a586-909c-47a7-a818-e434e5672216-GrpcLogAppender: Leader has not got in touch with Follower 8698f9c0-0d63-4edb-bf8f-bb1ca05694ae@group-F34A6D962FBB->a7b6a586-909c-47a7-a818-e434e5672216(c-1,m0,n2, attendVote=true, lastRpcSendTime=0, lastRpcResponseTime=5245) yet, just keep nextIndex unchanged and retry.
2021-12-02 14:32:21,978 [grpc-default-executor-4] INFO  server.RaftServer$Division (ServerState.java:setRaftConf(387)) - 277b06ce-74e8-46b5-b9ba-0eaaec62ec87@group-F34A6D962FBB: set configuration 1: [a7b6a586-909c-47a7-a818-e434e5672216|rpc:10.1.0.16:38677|dataStream:|priority:1, 8698f9c0-0d63-4edb-bf8f-bb1ca05694ae|rpc:10.1.0.16:46057|dataStream:|priority:0, 277b06ce-74e8-46b5-b9ba-0eaaec62ec87|rpc:10.1.0.16:37685|dataStream:|priority:0], old=null
2021-12-02 14:32:21,979 [grpc-default-executor-4] INFO  segmented.SegmentedRaftLogWorker (SegmentedRaftLogWorker.java:rollLogSegment(399)) - 277b06ce-74e8-46b5-b9ba-0eaaec62ec87@group-F34A6D962FBB-SegmentedRaftLogWorker: Rolling segment log-0_0 to index:0
2021-12-02 14:32:21,983 [277b06ce-74e8-46b5-b9ba-0eaaec62ec87@group-F34A6D962FBB-SegmentedRaftLogWorker] INFO  segmented.SegmentedRaftLogWorker (SegmentedRaftLogWorker.java:execute(558)) - 277b06ce-74e8-46b5-b9ba-0eaaec62ec87@group-F34A6D962FBB-SegmentedRaftLogWorker: Rolled log segment from /home/runner/work/ozone/ozone/hadoop-ozone/integration-test/target/test-dir/MiniOzoneClusterImpl-fd94144e-5974-489a-b79f-b066564ba6f5/datanode-0/data/ratis/4d19a40b-ff18-4e92-ae45-f34a6d962fbb/current/log_inprogress_0 to /home/runner/work/ozone/ozone/hadoop-ozone/integration-test/target/test-dir/MiniOzoneClusterImpl-fd94144e-5974-489a-b79f-b066564ba6f5/datanode-0/data/ratis/4d19a40b-ff18-4e92-ae45-f34a6d962fbb/current/log_0-0
2021-12-02 14:32:21,986 [277b06ce-74e8-46b5-b9ba-0eaaec62ec87@group-F34A6D962FBB-SegmentedRaftLogWorker] INFO  segmented.SegmentedRaftLogWorker (SegmentedRaftLogWorker.java:execute(601)) - 277b06ce-74e8-46b5-b9ba-0eaaec62ec87@group-F34A6D962FBB-SegmentedRaftLogWorker: created new log segment /home/runner/work/ozone/ozone/hadoop-ozone/integration-test/target/test-dir/MiniOzoneClusterImpl-fd94144e-5974-489a-b79f-b066564ba6f5/datanode-0/data/ratis/4d19a40b-ff18-4e92-ae45-f34a6d962fbb/current/log_inprogress_1
2021-12-02 14:32:22,064 [grpc-default-executor-4] WARN  server.GrpcLogAppender (LogUtils.java:warn(122)) - 8698f9c0-0d63-4edb-bf8f-bb1ca05694ae@group-F34A6D962FBB->a7b6a586-909c-47a7-a818-e434e5672216-AppendLogResponseHandler: Failed appendEntries: org.apache.ratis.thirdparty.io.grpc.StatusRuntimeException: UNAVAILABLE: io exception
2021-12-02 14:32:22,065 [grpc-default-executor-4] WARN  server.GrpcLogAppender (GrpcLogAppender.java:resetClient(110)) - 8698f9c0-0d63-4edb-bf8f-bb1ca05694ae@group-F34A6D962FBB->a7b6a586-909c-47a7-a818-e434e5672216-GrpcLogAppender: Leader has not got in touch with Follower 8698f9c0-0d63-4edb-bf8f-bb1ca05694ae@group-F34A6D962FBB->a7b6a586-909c-47a7-a818-e434e5672216(c-1,m0,n3, attendVote=true, lastRpcSendTime=92, lastRpcResponseTime=5338) yet, just keep nextIndex unchanged and retry.
2021-12-02 14:32:22,754 [EventQueue-StaleNodeForStaleNodeHandler] INFO  node.StaleNodeHandler (StaleNodeHandler.java:onMessage(58)) - Datanode a7b6a586-909c-47a7-a818-e434e5672216{ip: 10.1.0.16, host: fv-az59-375.csjynl4pkq3e1pkirw3ssqjfoh.cx.internal.cloudapp.net, ports: [REPLICATION=41303, RATIS=38677, RATIS_ADMIN=38677, RATIS_SERVER=38677, STANDALONE=45225], networkLocation: /default-rack, certSerialId: null, persistedOpState: IN_SERVICE, persistedOpStateExpiryEpochSec: 0} moved to stale state. Finalizing its pipelines [PipelineID=c0c5fcd2-e210-4ac4-97db-fb5afe99d0ab, PipelineID=86fd732d-83db-4bb4-8521-218c52d3b0e5, PipelineID=4d19a40b-ff18-4e92-ae45-f34a6d962fbb]
2021-12-02 14:32:22,755 [EventQueue-StaleNodeForStaleNodeHandler] INFO  pipeline.PipelineManagerImpl (PipelineManagerImpl.java:closePipeline(349)) - Pipeline Pipeline[ Id: c0c5fcd2-e210-4ac4-97db-fb5afe99d0ab, Nodes: a7b6a586-909c-47a7-a818-e434e5672216{ip: 10.1.0.16, host: fv-az59-375.csjynl4pkq3e1pkirw3ssqjfoh.cx.internal.cloudapp.net, ports: [REPLICATION=41303, RATIS=38677, RATIS_ADMIN=38677, RATIS_SERVER=38677, STANDALONE=45225], networkLocation: /default-rack, certSerialId: null, persistedOpState: IN_SERVICE, persistedOpStateExpiryEpochSec: 0}, ReplicationConfig: RATIS/ONE, State:OPEN, leaderId:a7b6a586-909c-47a7-a818-e434e5672216, CreationTimestamp2021-12-02T14:31:27.779Z[Etc/UTC]] moved to CLOSED state
2021-12-02 14:32:22,755 [EventQueue-StaleNodeForStaleNodeHandler] INFO  pipeline.PipelineManagerImpl (PipelineManagerImpl.java:closePipeline(349)) - Pipeline Pipeline[ Id: 86fd732d-83db-4bb4-8521-218c52d3b0e5, Nodes: 8698f9c0-0d63-4edb-bf8f-bb1ca05694ae{ip: 10.1.0.16, host: fv-az59-375.csjynl4pkq3e1pkirw3ssqjfoh.cx.internal.cloudapp.net, ports: [REPLICATION=42607, RATIS=46057, RATIS_ADMIN=46057, RATIS_SERVER=46057, STANDALONE=45611], networkLocation: /default-rack, certSerialId: null, persistedOpState: IN_SERVICE, persistedOpStateExpiryEpochSec: 0}277b06ce-74e8-46b5-b9ba-0eaaec62ec87{ip: 10.1.0.16, host: fv-az59-375.csjynl4pkq3e1pkirw3ssqjfoh.cx.internal.cloudapp.net, ports: [REPLICATION=41607, RATIS=37685, RATIS_ADMIN=37685, RATIS_SERVER=37685, STANDALONE=37559], networkLocation: /default-rack, certSerialId: null, persistedOpState: IN_SERVICE, persistedOpStateExpiryEpochSec: 0}a7b6a586-909c-47a7-a818-e434e5672216{ip: 10.1.0.16, host: fv-az59-375.csjynl4pkq3e1pkirw3ssqjfoh.cx.internal.cloudapp.net, ports: [REPLICATION=41303, RATIS=38677, RATIS_ADMIN=38677, RATIS_SERVER=38677, STANDALONE=45225], networkLocation: /default-rack, certSerialId: null, persistedOpState: IN_SERVICE, persistedOpStateExpiryEpochSec: 0}, ReplicationConfig: RATIS/THREE, State:OPEN, leaderId:8698f9c0-0d63-4edb-bf8f-bb1ca05694ae, CreationTimestamp2021-12-02T14:31:28.274Z[Etc/UTC]] moved to CLOSED state
2021-12-02 14:32:22,759 [EventQueue-CloseContainerForCloseContainerEventHandler] INFO  container.CloseContainerEventHandler (CloseContainerEventHandler.java:onMessage(69)) - Close container Event triggered for container : #2
2021-12-02 14:32:22,760 [EventQueue-StaleNodeForStaleNodeHandler] INFO  pipeline.PipelineManagerImpl (PipelineManagerImpl.java:closePipeline(349)) - Pipeline Pipeline[ Id: 4d19a40b-ff18-4e92-ae45-f34a6d962fbb, Nodes: a7b6a586-909c-47a7-a818-e434e5672216{ip: 10.1.0.16, host: fv-az59-375.csjynl4pkq3e1pkirw3ssqjfoh.cx.internal.cloudapp.net, ports: [REPLICATION=41303, RATIS=38677, RATIS_ADMIN=38677, RATIS_SERVER=38677, STANDALONE=45225], networkLocation: /default-rack, certSerialId: null, persistedOpState: IN_SERVICE, persistedOpStateExpiryEpochSec: 0}8698f9c0-0d63-4edb-bf8f-bb1ca05694ae{ip: 10.1.0.16, host: fv-az59-375.csjynl4pkq3e1pkirw3ssqjfoh.cx.internal.cloudapp.net, ports: [REPLICATION=42607, RATIS=46057, RATIS_ADMIN=46057, RATIS_SERVER=46057, STANDALONE=45611], networkLocation: /default-rack, certSerialId: null, persistedOpState: IN_SERVICE, persistedOpStateExpiryEpochSec: 0}277b06ce-74e8-46b5-b9ba-0eaaec62ec87{ip: 10.1.0.16, host: fv-az59-375.csjynl4pkq3e1pkirw3ssqjfoh.cx.internal.cloudapp.net, ports: [REPLICATION=41607, RATIS=37685, RATIS_ADMIN=37685, RATIS_SERVER=37685, STANDALONE=37559], networkLocation: /default-rack, certSerialId: null, persistedOpState: IN_SERVICE, persistedOpStateExpiryEpochSec: 0}, ReplicationConfig: RATIS/THREE, State:OPEN, leaderId:a7b6a586-909c-47a7-a818-e434e5672216, CreationTimestamp2021-12-02T14:31:28.273Z[Etc/UTC]] moved to CLOSED state
2021-12-02 14:32:23,012 [EventQueue-StaleNodeForStaleNodeHandler] INFO  node.StaleNodeHandler (StaleNodeHandler.java:onMessage(58)) - Datanode 880aaef5-a54e-4898-af17-abc2dce457d4{ip: 10.1.0.16, host: fv-az59-375.csjynl4pkq3e1pkirw3ssqjfoh.cx.internal.cloudapp.net, ports: [REPLICATION=44029, RATIS=38967, RATIS_ADMIN=38967, RATIS_SERVER=38967, STANDALONE=44995], networkLocation: /default-rack, certSerialId: null, persistedOpState: IN_SERVICE, persistedOpStateExpiryEpochSec: 0} moved to stale state. Finalizing its pipelines [PipelineID=323063ed-2383-4d68-970b-796b449faa69, PipelineID=c684c223-e4a5-4ecd-928a-ddb2a36c08ac, PipelineID=a4f3e589-f13b-489d-90d4-2df00e79ab8c]
2021-12-02 14:32:23,012 [EventQueue-StaleNodeForStaleNodeHandler] INFO  pipeline.PipelineManagerImpl (PipelineManagerImpl.java:closePipeline(349)) - Pipeline Pipeline[ Id: 323063ed-2383-4d68-970b-796b449faa69, Nodes: 880aaef5-a54e-4898-af17-abc2dce457d4{ip: 10.1.0.16, host: fv-az59-375.csjynl4pkq3e1pkirw3ssqjfoh.cx.internal.cloudapp.net, ports: [REPLICATION=44029, RATIS=38967, RATIS_ADMIN=38967, RATIS_SERVER=38967, STANDALONE=44995], networkLocation: /default-rack, certSerialId: null, persistedOpState: IN_SERVICE, persistedOpStateExpiryEpochSec: 0}ecb5ef9a-e3c1-46e1-bc6e-74dcb14bbdd1{ip: 10.1.0.16, host: fv-az59-375.csjynl4pkq3e1pkirw3ssqjfoh.cx.internal.cloudapp.net, ports: [REPLICATION=40215, RATIS=41883, RATIS_ADMIN=41883, RATIS_SERVER=41883, STANDALONE=34895], networkLocation: /default-rack, certSerialId: null, persistedOpState: IN_SERVICE, persistedOpStateExpiryEpochSec: 0}378d0879-743d-4e9f-84ed-de5a08f6d2b8{ip: 10.1.0.16, host: fv-az59-375.csjynl4pkq3e1pkirw3ssqjfoh.cx.internal.cloudapp.net, ports: [REPLICATION=39567, RATIS=33383, RATIS_ADMIN=33383, RATIS_SERVER=33383, STANDALONE=41955], networkLocation: /default-rack, certSerialId: null, persistedOpState: IN_SERVICE, persistedOpStateExpiryEpochSec: 0}, ReplicationConfig: RATIS/THREE, State:OPEN, leaderId:ecb5ef9a-e3c1-46e1-bc6e-74dcb14bbdd1, CreationTimestamp2021-12-02T14:31:29.482Z[Etc/UTC]] moved to CLOSED state
2021-12-02 14:32:23,013 [EventQueue-StaleNodeForStaleNodeHandler] INFO  pipeline.PipelineManagerImpl (PipelineManagerImpl.java:closePipeline(349)) - Pipeline Pipeline[ Id: c684c223-e4a5-4ecd-928a-ddb2a36c08ac, Nodes: 880aaef5-a54e-4898-af17-abc2dce457d4{ip: 10.1.0.16, host: fv-az59-375.csjynl4pkq3e1pkirw3ssqjfoh.cx.internal.cloudapp.net, ports: [REPLICATION=44029, RATIS=38967, RATIS_ADMIN=38967, RATIS_SERVER=38967, STANDALONE=44995], networkLocation: /default-rack, certSerialId: null, persistedOpState: IN_SERVICE, persistedOpStateExpiryEpochSec: 0}, ReplicationConfig: RATIS/ONE, State:OPEN, leaderId:880aaef5-a54e-4898-af17-abc2dce457d4, CreationTimestamp2021-12-02T14:31:28.972Z[Etc/UTC]] moved to CLOSED state
2021-12-02 14:32:23,013 [EventQueue-StaleNodeForStaleNodeHandler] INFO  pipeline.PipelineManagerImpl (PipelineManagerImpl.java:closePipeline(349)) - Pipeline Pipeline[ Id: a4f3e589-f13b-489d-90d4-2df00e79ab8c, Nodes: 378d0879-743d-4e9f-84ed-de5a08f6d2b8{ip: 10.1.0.16, host: fv-az59-375.csjynl4pkq3e1pkirw3ssqjfoh.cx.internal.cloudapp.net, ports: [REPLICATION=39567, RATIS=33383, RATIS_ADMIN=33383, RATIS_SERVER=33383, STANDALONE=41955], networkLocation: /default-rack, certSerialId: null, persistedOpState: IN_SERVICE, persistedOpStateExpiryEpochSec: 0}880aaef5-a54e-4898-af17-abc2dce457d4{ip: 10.1.0.16, host: fv-az59-375.csjynl4pkq3e1pkirw3ssqjfoh.cx.internal.cloudapp.net, ports: [REPLICATION=44029, RATIS=38967, RATIS_ADMIN=38967, RATIS_SERVER=38967, STANDALONE=44995], networkLocation: /default-rack, certSerialId: null, persistedOpState: IN_SERVICE, persistedOpStateExpiryEpochSec: 0}ecb5ef9a-e3c1-46e1-bc6e-74dcb14bbdd1{ip: 10.1.0.16, host: fv-az59-375.csjynl4pkq3e1pkirw3ssqjfoh.cx.internal.cloudapp.net, ports: [REPLICATION=40215, RATIS=41883, RATIS_ADMIN=41883, RATIS_SERVER=41883, STANDALONE=34895], networkLocation: /default-rack, certSerialId: null, persistedOpState: IN_SERVICE, persistedOpStateExpiryEpochSec: 0}, ReplicationConfig: RATIS/THREE, State:OPEN, leaderId:880aaef5-a54e-4898-af17-abc2dce457d4, CreationTimestamp2021-12-02T14:31:29.483Z[Etc/UTC]] moved to CLOSED state
2021-12-02 14:32:23,013 [EventQueue-CloseContainerForCloseContainerEventHandler] INFO  container.CloseContainerEventHandler (CloseContainerEventHandler.java:onMessage(69)) - Close container Event triggered for container : #3
2021-12-02 14:32:23,353 [grpc-default-executor-4] WARN  server.GrpcLogAppender (LogUtils.java:warn(122)) - ecb5ef9a-e3c1-46e1-bc6e-74dcb14bbdd1@group-796B449FAA69->880aaef5-a54e-4898-af17-abc2dce457d4-AppendLogResponseHandler: Failed appendEntries: org.apache.ratis.thirdparty.io.grpc.StatusRuntimeException: UNAVAILABLE: io exception
2021-12-02 14:32:23,353 [grpc-default-executor-4] INFO  leader.FollowerInfo (FollowerInfoImpl.java:lambda$new$0(47)) - ecb5ef9a-e3c1-46e1-bc6e-74dcb14bbdd1@group-796B449FAA69->880aaef5-a54e-4898-af17-abc2dce457d4: nextIndex: updateUnconditionally 28 -> 27
2021-12-02 14:32:23,356 [ecb5ef9a-e3c1-46e1-bc6e-74dcb14bbdd1@group-2DF00E79AB8C-FollowerState] INFO  impl.FollowerState (FollowerState.java:run(134)) - ecb5ef9a-e3c1-46e1-bc6e-74dcb14bbdd1@group-2DF00E79AB8C-FollowerState: change to CANDIDATE, lastRpcElapsedTime:5183866363ns, electionTimeout:5080ms
2021-12-02 14:32:23,357 [ecb5ef9a-e3c1-46e1-bc6e-74dcb14bbdd1@group-2DF00E79AB8C-FollowerState] INFO  impl.RoleInfo (RoleInfo.java:shutdownFollowerState(108)) - ecb5ef9a-e3c1-46e1-bc6e-74dcb14bbdd1: shutdown ecb5ef9a-e3c1-46e1-bc6e-74dcb14bbdd1@group-2DF00E79AB8C-FollowerState
2021-12-02 14:32:23,357 [ecb5ef9a-e3c1-46e1-bc6e-74dcb14bbdd1@group-2DF00E79AB8C-FollowerState] INFO  server.RaftServer$Division (RaftServerImpl.java:setRole(290)) - ecb5ef9a-e3c1-46e1-bc6e-74dcb14bbdd1@group-2DF00E79AB8C: changes role from  FOLLOWER to CANDIDATE at term 3 for changeToCandidate
2021-12-02 14:32:23,357 [ecb5ef9a-e3c1-46e1-bc6e-74dcb14bbdd1@group-2DF00E79AB8C-FollowerState] INFO  server.RaftServerConfigKeys (ConfUtils.java:logGet(44)) - raft.server.leaderelection.pre-vote = false (custom)
2021-12-02 14:32:23,357 [ecb5ef9a-e3c1-46e1-bc6e-74dcb14bbdd1@group-2DF00E79AB8C-FollowerState] INFO  impl.RoleInfo (RoleInfo.java:updateAndGet(130)) - ecb5ef9a-e3c1-46e1-bc6e-74dcb14bbdd1: start ecb5ef9a-e3c1-46e1-bc6e-74dcb14bbdd1@group-2DF00E79AB8C-LeaderElection145
2021-12-02 14:32:23,377 [ecb5ef9a-e3c1-46e1-bc6e-74dcb14bbdd1@group-2DF00E79AB8C-LeaderElection145] INFO  server.RaftServer$Division (ServerState.java:setLeader(285)) - ecb5ef9a-e3c1-46e1-bc6e-74dcb14bbdd1@group-2DF00E79AB8C: change Leader from 880aaef5-a54e-4898-af17-abc2dce457d4 to null at term 3 for ELECTION
2021-12-02 14:32:23,413 [ecb5ef9a-e3c1-46e1-bc6e-74dcb14bbdd1@group-2DF00E79AB8C-LeaderElection145] INFO  impl.LeaderElection (LeaderElection.java:askForVotes(306)) - ecb5ef9a-e3c1-46e1-bc6e-74dcb14bbdd1@group-2DF00E79AB8C-LeaderElection145 ELECTION round 0: submit vote requests at term 4 for 0: [ecb5ef9a-e3c1-46e1-bc6e-74dcb14bbdd1|rpc:10.1.0.16:41883|dataStream:|priority:0, 378d0879-743d-4e9f-84ed-de5a08f6d2b8|rpc:10.1.0.16:33383|dataStream:|priority:0, 880aaef5-a54e-4898-af17-abc2dce457d4|rpc:10.1.0.16:38967|dataStream:|priority:1], old=null
2021-12-02 14:32:23,414 [ecb5ef9a-e3c1-46e1-bc6e-74dcb14bbdd1@group-2DF00E79AB8C-LeaderElection145] INFO  impl.LeaderElection (LogUtils.java:infoOrTrace(137)) - ecb5ef9a-e3c1-46e1-bc6e-74dcb14bbdd1@group-2DF00E79AB8C-LeaderElection145 got exception when requesting votes: java.util.concurrent.ExecutionException: org.apache.ratis.thirdparty.io.grpc.StatusRuntimeException: UNAVAILABLE: io exception
2021-12-02 14:32:23,415 [grpc-default-executor-4] INFO  server.RaftServer$Division (RaftServerImpl.java:requestVote(1046)) - 378d0879-743d-4e9f-84ed-de5a08f6d2b8@group-2DF00E79AB8C: receive requestVote(ELECTION, ecb5ef9a-e3c1-46e1-bc6e-74dcb14bbdd1, group-2DF00E79AB8C, 4, (t:3, i:0))
2021-12-02 14:32:23,415 [grpc-default-executor-4] INFO  impl.VoteContext (VoteContext.java:log(48)) - 378d0879-743d-4e9f-84ed-de5a08f6d2b8@group-2DF00E79AB8C-FOLLOWER: accept ELECTION from ecb5ef9a-e3c1-46e1-bc6e-74dcb14bbdd1: our priority 0 <= candidate's priority 0
2021-12-02 14:32:23,415 [grpc-default-executor-4] INFO  server.RaftServer$Division (ServerState.java:setLeader(285)) - 378d0879-743d-4e9f-84ed-de5a08f6d2b8@group-2DF00E79AB8C: change Leader from 880aaef5-a54e-4898-af17-abc2dce457d4 to null at term 4 for updateCurrentTerm
2021-12-02 14:32:23,416 [grpc-default-executor-4] INFO  server.RaftServer$Division (RaftServerImpl.java:setRole(290)) - 378d0879-743d-4e9f-84ed-de5a08f6d2b8@group-2DF00E79AB8C: changes role from  FOLLOWER to FOLLOWER at term 4 for candidate:ecb5ef9a-e3c1-46e1-bc6e-74dcb14bbdd1
2021-12-02 14:32:23,416 [grpc-default-executor-4] INFO  impl.RoleInfo (RoleInfo.java:shutdownFollowerState(108)) - 378d0879-743d-4e9f-84ed-de5a08f6d2b8: shutdown 378d0879-743d-4e9f-84ed-de5a08f6d2b8@group-2DF00E79AB8C-FollowerState
2021-12-02 14:32:23,416 [grpc-default-executor-4] INFO  impl.RoleInfo (RoleInfo.java:updateAndGet(130)) - 378d0879-743d-4e9f-84ed-de5a08f6d2b8: start 378d0879-743d-4e9f-84ed-de5a08f6d2b8@group-2DF00E79AB8C-FollowerState
2021-12-02 14:32:23,419 [378d0879-743d-4e9f-84ed-de5a08f6d2b8@group-2DF00E79AB8C-FollowerState] INFO  impl.FollowerState (FollowerState.java:run(143)) - 378d0879-743d-4e9f-84ed-de5a08f6d2b8@group-2DF00E79AB8C-FollowerState was interrupted: {}
java.lang.InterruptedException: sleep interrupted
	at java.lang.Thread.sleep(Native Method)
	at java.lang.Thread.sleep(Thread.java:340)
	at java.util.concurrent.TimeUnit.sleep(TimeUnit.java:386)
	at org.apache.ratis.util.TimeDuration.sleep(TimeDuration.java:324)
	at org.apache.ratis.util.TimeDuration.sleep(TimeDuration.java:309)
	at org.apache.ratis.server.impl.FollowerState.run(FollowerState.java:118)
2021-12-02 14:32:23,461 [grpc-default-executor-4] INFO  server.RaftServer$Division (RaftServerImpl.java:requestVote(1078)) - 378d0879-743d-4e9f-84ed-de5a08f6d2b8@group-2DF00E79AB8C replies to ELECTION vote request: ecb5ef9a-e3c1-46e1-bc6e-74dcb14bbdd1<-378d0879-743d-4e9f-84ed-de5a08f6d2b8#0:OK-t4. Peer's state: 378d0879-743d-4e9f-84ed-de5a08f6d2b8@group-2DF00E79AB8C:t4, leader=null, voted=ecb5ef9a-e3c1-46e1-bc6e-74dcb14bbdd1, raftlog=378d0879-743d-4e9f-84ed-de5a08f6d2b8@group-2DF00E79AB8C-SegmentedRaftLog:OPENED:c0, conf=0: [ecb5ef9a-e3c1-46e1-bc6e-74dcb14bbdd1|rpc:10.1.0.16:41883|dataStream:|priority:0, 378d0879-743d-4e9f-84ed-de5a08f6d2b8|rpc:10.1.0.16:33383|dataStream:|priority:0, 880aaef5-a54e-4898-af17-abc2dce457d4|rpc:10.1.0.16:38967|dataStream:|priority:1], old=null
2021-12-02 14:32:23,471 [ecb5ef9a-e3c1-46e1-bc6e-74dcb14bbdd1@group-2DF00E79AB8C-LeaderElection145] INFO  impl.LeaderElection (LeaderElection.java:logAndReturn(89)) - ecb5ef9a-e3c1-46e1-bc6e-74dcb14bbdd1@group-2DF00E79AB8C-LeaderElection145: ELECTION PASSED received 1 response(s) and 1 exception(s):
2021-12-02 14:32:23,471 [ecb5ef9a-e3c1-46e1-bc6e-74dcb14bbdd1@group-2DF00E79AB8C-LeaderElection145] INFO  impl.LeaderElection (LeaderElection.java:logAndReturn(93)) -   Response 0: ecb5ef9a-e3c1-46e1-bc6e-74dcb14bbdd1<-378d0879-743d-4e9f-84ed-de5a08f6d2b8#0:OK-t4
2021-12-02 14:32:23,471 [ecb5ef9a-e3c1-46e1-bc6e-74dcb14bbdd1@group-2DF00E79AB8C-LeaderElection145] INFO  impl.LeaderElection (LogUtils.java:infoOrTrace(137)) -   Exception 1: java.util.concurrent.ExecutionException: org.apache.ratis.thirdparty.io.grpc.StatusRuntimeException: UNAVAILABLE: io exception
2021-12-02 14:32:23,471 [ecb5ef9a-e3c1-46e1-bc6e-74dcb14bbdd1@group-2DF00E79AB8C-LeaderElection145] INFO  impl.LeaderElection (LeaderElection.java:askForVotes(308)) - ecb5ef9a-e3c1-46e1-bc6e-74dcb14bbdd1@group-2DF00E79AB8C-LeaderElection145 ELECTION round 0: result PASSED
2021-12-02 14:32:23,471 [ecb5ef9a-e3c1-46e1-bc6e-74dcb14bbdd1@group-2DF00E79AB8C-LeaderElection145] INFO  impl.RoleInfo (RoleInfo.java:shutdownLeaderElection(121)) - ecb5ef9a-e3c1-46e1-bc6e-74dcb14bbdd1: shutdown ecb5ef9a-e3c1-46e1-bc6e-74dcb14bbdd1@group-2DF00E79AB8C-LeaderElection145
2021-12-02 14:32:23,471 [ecb5ef9a-e3c1-46e1-bc6e-74dcb14bbdd1@group-2DF00E79AB8C-LeaderElection145] INFO  server.RaftServer$Division (RaftServerImpl.java:setRole(290)) - ecb5ef9a-e3c1-46e1-bc6e-74dcb14bbdd1@group-2DF00E79AB8C: changes role from CANDIDATE to LEADER at term 4 for changeToLeader
2021-12-02 14:32:23,471 [ecb5ef9a-e3c1-46e1-bc6e-74dcb14bbdd1@group-2DF00E79AB8C-LeaderElection145] INFO  ratis.XceiverServerRatis (XceiverServerRatis.java:handleLeaderChangedNotification(866)) - Leader change notification received for group: group-2DF00E79AB8C with new leaderId: ecb5ef9a-e3c1-46e1-bc6e-74dcb14bbdd1
2021-12-02 14:32:23,471 [ecb5ef9a-e3c1-46e1-bc6e-74dcb14bbdd1@group-2DF00E79AB8C-LeaderElection145] INFO  server.RaftServer$Division (ServerState.java:setLeader(285)) - ecb5ef9a-e3c1-46e1-bc6e-74dcb14bbdd1@group-2DF00E79AB8C: change Leader from null to ecb5ef9a-e3c1-46e1-bc6e-74dcb14bbdd1 at term 4 for becomeLeader, leader elected after 94ms
2021-12-02 14:32:23,471 [ecb5ef9a-e3c1-46e1-bc6e-74dcb14bbdd1@group-2DF00E79AB8C-LeaderElection145] INFO  server.RaftServerConfigKeys (ConfUtils.java:logGet(44)) - raft.server.staging.catchup.gap = 1000 (default)
2021-12-02 14:32:23,471 [ecb5ef9a-e3c1-46e1-bc6e-74dcb14bbdd1@group-2DF00E79AB8C-LeaderElection145] INFO  server.RaftServerConfigKeys (ConfUtils.java:logGet(44)) - raft.server.write.element-limit = 1024 (custom)
2021-12-02 14:32:23,472 [ecb5ef9a-e3c1-46e1-bc6e-74dcb14bbdd1@group-2DF00E79AB8C-LeaderElection145] INFO  server.RaftServerConfigKeys (ConfUtils.java:logGet(44)) - raft.server.write.byte-limit = 1024 M (=1073741824) (custom)
2021-12-02 14:32:23,472 [ecb5ef9a-e3c1-46e1-bc6e-74dcb14bbdd1@group-2DF00E79AB8C-LeaderElection145] INFO  server.RaftServerConfigKeys (ConfUtils.java:logGet(44)) - raft.server.watch.timeout = 3000ms (custom)
2021-12-02 14:32:23,472 [ecb5ef9a-e3c1-46e1-bc6e-74dcb14bbdd1@group-2DF00E79AB8C-LeaderElection145] INFO  server.RaftServerConfigKeys (ConfUtils.java:logGet(44)) - raft.server.watch.timeout.denomination = 1s (default)
2021-12-02 14:32:23,472 [ecb5ef9a-e3c1-46e1-bc6e-74dcb14bbdd1@group-2DF00E79AB8C-LeaderElection145] INFO  server.RaftServerConfigKeys (ConfUtils.java:logGet(44)) - raft.server.watch.element-limit = 65536 (default)
2021-12-02 14:32:23,472 [ecb5ef9a-e3c1-46e1-bc6e-74dcb14bbdd1@group-2DF00E79AB8C-LeaderElection145] INFO  server.RaftServerConfigKeys (ConfUtils.java:logGet(44)) - raft.server.write.element-limit = 1024 (custom)
2021-12-02 14:32:23,472 [ecb5ef9a-e3c1-46e1-bc6e-74dcb14bbdd1@group-2DF00E79AB8C-LeaderElection145] INFO  server.RaftServerConfigKeys (ConfUtils.java:logGet(44)) - raft.server.write.follower.gap.ratio.max = -1.0 (default)
2021-12-02 14:32:23,473 [ecb5ef9a-e3c1-46e1-bc6e-74dcb14bbdd1@group-2DF00E79AB8C-LeaderElection145] INFO  server.RaftServerConfigKeys (ConfUtils.java:logGet(44)) - raft.server.log.appender.snapshot.chunk.size.max = 16MB (=16777216) (default)
2021-12-02 14:32:23,473 [ecb5ef9a-e3c1-46e1-bc6e-74dcb14bbdd1@group-2DF00E79AB8C-LeaderElection145] INFO  server.RaftServerConfigKeys (ConfUtils.java:logGet(44)) - raft.server.log.appender.buffer.byte-limit = 33554432 (custom)
2021-12-02 14:32:23,476 [ecb5ef9a-e3c1-46e1-bc6e-74dcb14bbdd1@group-2DF00E79AB8C-LeaderElection145] INFO  server.RaftServerConfigKeys (ConfUtils.java:logGet(44)) - raft.server.log.appender.buffer.element-limit = 1 (custom)
2021-12-02 14:32:23,477 [ecb5ef9a-e3c1-46e1-bc6e-74dcb14bbdd1@group-2DF00E79AB8C-LeaderElection145] INFO  grpc.GrpcConfigKeys (ConfUtils.java:logGet(44)) - raft.grpc.server.leader.outstanding.appends.max = 128 (default)
2021-12-02 14:32:23,477 [ecb5ef9a-e3c1-46e1-bc6e-74dcb14bbdd1@group-2DF00E79AB8C-LeaderElection145] INFO  server.RaftServerConfigKeys (ConfUtils.java:logGet(44)) - raft.server.rpc.request.timeout = 3000ms (default)
2021-12-02 14:32:23,477 [ecb5ef9a-e3c1-46e1-bc6e-74dcb14bbdd1@group-2DF00E79AB8C-LeaderElection145] INFO  server.RaftServerConfigKeys (ConfUtils.java:logGet(44)) - raft.server.log.appender.install.snapshot.enabled = false (custom)
2021-12-02 14:32:23,480 [ecb5ef9a-e3c1-46e1-bc6e-74dcb14bbdd1@group-2DF00E79AB8C-LeaderElection145] INFO  server.RaftServerConfigKeys (ConfUtils.java:logGet(44)) - raft.server.log.appender.snapshot.chunk.size.max = 16MB (=16777216) (default)
2021-12-02 14:32:23,480 [ecb5ef9a-e3c1-46e1-bc6e-74dcb14bbdd1@group-2DF00E79AB8C-LeaderElection145] INFO  server.RaftServerConfigKeys (ConfUtils.java:logGet(44)) - raft.server.log.appender.buffer.byte-limit = 33554432 (custom)
2021-12-02 14:32:23,480 [ecb5ef9a-e3c1-46e1-bc6e-74dcb14bbdd1@group-2DF00E79AB8C-LeaderElection145] INFO  server.RaftServerConfigKeys (ConfUtils.java:logGet(44)) - raft.server.log.appender.buffer.element-limit = 1 (custom)
2021-12-02 14:32:23,480 [ecb5ef9a-e3c1-46e1-bc6e-74dcb14bbdd1@group-2DF00E79AB8C-LeaderElection145] INFO  grpc.GrpcConfigKeys (ConfUtils.java:logGet(44)) - raft.grpc.server.leader.outstanding.appends.max = 128 (default)
2021-12-02 14:32:23,481 [ecb5ef9a-e3c1-46e1-bc6e-74dcb14bbdd1@group-2DF00E79AB8C-LeaderElection145] INFO  server.RaftServerConfigKeys (ConfUtils.java:logGet(44)) - raft.server.rpc.request.timeout = 3000ms (default)
2021-12-02 14:32:23,481 [ecb5ef9a-e3c1-46e1-bc6e-74dcb14bbdd1@group-2DF00E79AB8C-LeaderElection145] INFO  server.RaftServerConfigKeys (ConfUtils.java:logGet(44)) - raft.server.log.appender.install.snapshot.enabled = false (custom)
2021-12-02 14:32:23,482 [ecb5ef9a-e3c1-46e1-bc6e-74dcb14bbdd1@group-2DF00E79AB8C-LeaderElection145] INFO  impl.RoleInfo (RoleInfo.java:updateAndGet(130)) - ecb5ef9a-e3c1-46e1-bc6e-74dcb14bbdd1: start ecb5ef9a-e3c1-46e1-bc6e-74dcb14bbdd1@group-2DF00E79AB8C-LeaderStateImpl
2021-12-02 14:32:23,487 [ecb5ef9a-e3c1-46e1-bc6e-74dcb14bbdd1@group-2DF00E79AB8C-LeaderElection145] INFO  segmented.SegmentedRaftLogWorker (SegmentedRaftLogWorker.java:rollLogSegment(399)) - ecb5ef9a-e3c1-46e1-bc6e-74dcb14bbdd1@group-2DF00E79AB8C-SegmentedRaftLogWorker: Rolling segment log-0_0 to index:0
2021-12-02 14:32:23,487 [ecb5ef9a-e3c1-46e1-bc6e-74dcb14bbdd1@group-2DF00E79AB8C-SegmentedRaftLogWorker] INFO  segmented.SegmentedRaftLogWorker (SegmentedRaftLogWorker.java:execute(558)) - ecb5ef9a-e3c1-46e1-bc6e-74dcb14bbdd1@group-2DF00E79AB8C-SegmentedRaftLogWorker: Rolled log segment from /home/runner/work/ozone/ozone/hadoop-ozone/integration-test/target/test-dir/MiniOzoneClusterImpl-fd94144e-5974-489a-b79f-b066564ba6f5/datanode-3/data/ratis/a4f3e589-f13b-489d-90d4-2df00e79ab8c/current/log_inprogress_0 to /home/runner/work/ozone/ozone/hadoop-ozone/integration-test/target/test-dir/MiniOzoneClusterImpl-fd94144e-5974-489a-b79f-b066564ba6f5/datanode-3/data/ratis/a4f3e589-f13b-489d-90d4-2df00e79ab8c/current/log_0-0
2021-12-02 14:32:23,489 [ecb5ef9a-e3c1-46e1-bc6e-74dcb14bbdd1@group-2DF00E79AB8C-SegmentedRaftLogWorker] INFO  segmented.SegmentedRaftLogWorker (SegmentedRaftLogWorker.java:execute(601)) - ecb5ef9a-e3c1-46e1-bc6e-74dcb14bbdd1@group-2DF00E79AB8C-SegmentedRaftLogWorker: created new log segment /home/runner/work/ozone/ozone/hadoop-ozone/integration-test/target/test-dir/MiniOzoneClusterImpl-fd94144e-5974-489a-b79f-b066564ba6f5/datanode-3/data/ratis/a4f3e589-f13b-489d-90d4-2df00e79ab8c/current/log_inprogress_1
2021-12-02 14:32:23,497 [grpc-default-executor-4] WARN  server.GrpcLogAppender (LogUtils.java:warn(122)) - ecb5ef9a-e3c1-46e1-bc6e-74dcb14bbdd1@group-2DF00E79AB8C->880aaef5-a54e-4898-af17-abc2dce457d4-AppendLogResponseHandler: Failed appendEntries: org.apache.ratis.thirdparty.io.grpc.StatusRuntimeException: UNAVAILABLE: io exception
2021-12-02 14:32:23,497 [grpc-default-executor-4] WARN  server.GrpcLogAppender (GrpcLogAppender.java:resetClient(110)) - ecb5ef9a-e3c1-46e1-bc6e-74dcb14bbdd1@group-2DF00E79AB8C->880aaef5-a54e-4898-af17-abc2dce457d4-GrpcLogAppender: Leader has not got in touch with Follower ecb5ef9a-e3c1-46e1-bc6e-74dcb14bbdd1@group-2DF00E79AB8C->880aaef5-a54e-4898-af17-abc2dce457d4(c-1,m0,n1, attendVote=true, lastRpcSendTime=5224, lastRpcResponseTime=5224) yet, just keep nextIndex unchanged and retry.
2021-12-02 14:32:23,498 [grpc-default-executor-4] WARN  server.GrpcLogAppender (LogUtils.java:warn(122)) - ecb5ef9a-e3c1-46e1-bc6e-74dcb14bbdd1@group-2DF00E79AB8C->880aaef5-a54e-4898-af17-abc2dce457d4-AppendLogResponseHandler: Failed appendEntries: org.apache.ratis.thirdparty.io.grpc.StatusRuntimeException: UNAVAILABLE: io exception
2021-12-02 14:32:23,500 [grpc-default-executor-1] WARN  server.GrpcLogAppender (LogUtils.java:warn(122)) - 8698f9c0-0d63-4edb-bf8f-bb1ca05694ae@group-218C52D3B0E5->a7b6a586-909c-47a7-a818-e434e5672216-AppendLogResponseHandler: Failed appendEntries: org.apache.ratis.thirdparty.io.grpc.StatusRuntimeException: UNAVAILABLE: io exception
2021-12-02 14:32:23,500 [grpc-default-executor-1] INFO  leader.FollowerInfo (FollowerInfoImpl.java:lambda$new$0(47)) - 8698f9c0-0d63-4edb-bf8f-bb1ca05694ae@group-218C52D3B0E5->a7b6a586-909c-47a7-a818-e434e5672216: nextIndex: updateUnconditionally 3 -> 2
2021-12-02 14:32:23,500 [grpc-default-executor-4] WARN  server.GrpcLogAppender (GrpcLogAppender.java:resetClient(110)) - ecb5ef9a-e3c1-46e1-bc6e-74dcb14bbdd1@group-2DF00E79AB8C->880aaef5-a54e-4898-af17-abc2dce457d4-GrpcLogAppender: Leader has not got in touch with Follower ecb5ef9a-e3c1-46e1-bc6e-74dcb14bbdd1@group-2DF00E79AB8C->880aaef5-a54e-4898-af17-abc2dce457d4(c-1,m0,n2, attendVote=true, lastRpcSendTime=2, lastRpcResponseTime=5228) yet, just keep nextIndex unchanged and retry.
2021-12-02 14:32:23,507 [ecb5ef9a-e3c1-46e1-bc6e-74dcb14bbdd1@group-2DF00E79AB8C-LeaderElection145] INFO  server.RaftServer$Division (ServerState.java:setRaftConf(387)) - ecb5ef9a-e3c1-46e1-bc6e-74dcb14bbdd1@group-2DF00E79AB8C: set configuration 1: [ecb5ef9a-e3c1-46e1-bc6e-74dcb14bbdd1|rpc:10.1.0.16:41883|dataStream:|priority:0, 378d0879-743d-4e9f-84ed-de5a08f6d2b8|rpc:10.1.0.16:33383|dataStream:|priority:0, 880aaef5-a54e-4898-af17-abc2dce457d4|rpc:10.1.0.16:38967|dataStream:|priority:1], old=null
2021-12-02 14:32:23,516 [grpc-default-executor-1] INFO  ratis.XceiverServerRatis (XceiverServerRatis.java:handleLeaderChangedNotification(866)) - Leader change notification received for group: group-2DF00E79AB8C with new leaderId: ecb5ef9a-e3c1-46e1-bc6e-74dcb14bbdd1
2021-12-02 14:32:23,516 [grpc-default-executor-1] INFO  server.RaftServer$Division (ServerState.java:setLeader(285)) - 378d0879-743d-4e9f-84ed-de5a08f6d2b8@group-2DF00E79AB8C: change Leader from null to ecb5ef9a-e3c1-46e1-bc6e-74dcb14bbdd1 at term 4 for appendEntries, leader elected after 100ms
2021-12-02 14:32:23,583 [grpc-default-executor-1] INFO  server.RaftServer$Division (ServerState.java:setRaftConf(387)) - 378d0879-743d-4e9f-84ed-de5a08f6d2b8@group-2DF00E79AB8C: set configuration 1: [ecb5ef9a-e3c1-46e1-bc6e-74dcb14bbdd1|rpc:10.1.0.16:41883|dataStream:|priority:0, 378d0879-743d-4e9f-84ed-de5a08f6d2b8|rpc:10.1.0.16:33383|dataStream:|priority:0, 880aaef5-a54e-4898-af17-abc2dce457d4|rpc:10.1.0.16:38967|dataStream:|priority:1], old=null
2021-12-02 14:32:23,583 [grpc-default-executor-1] INFO  segmented.SegmentedRaftLogWorker (SegmentedRaftLogWorker.java:rollLogSegment(399)) - 378d0879-743d-4e9f-84ed-de5a08f6d2b8@group-2DF00E79AB8C-SegmentedRaftLogWorker: Rolling segment log-0_0 to index:0
2021-12-02 14:32:23,584 [378d0879-743d-4e9f-84ed-de5a08f6d2b8@group-2DF00E79AB8C-SegmentedRaftLogWorker] INFO  segmented.SegmentedRaftLogWorker (SegmentedRaftLogWorker.java:execute(558)) - 378d0879-743d-4e9f-84ed-de5a08f6d2b8@group-2DF00E79AB8C-SegmentedRaftLogWorker: Rolled log segment from /home/runner/work/ozone/ozone/hadoop-ozone/integration-test/target/test-dir/MiniOzoneClusterImpl-fd94144e-5974-489a-b79f-b066564ba6f5/datanode-5/data/ratis/a4f3e589-f13b-489d-90d4-2df00e79ab8c/current/log_inprogress_0 to /home/runner/work/ozone/ozone/hadoop-ozone/integration-test/target/test-dir/MiniOzoneClusterImpl-fd94144e-5974-489a-b79f-b066564ba6f5/datanode-5/data/ratis/a4f3e589-f13b-489d-90d4-2df00e79ab8c/current/log_0-0
2021-12-02 14:32:23,597 [378d0879-743d-4e9f-84ed-de5a08f6d2b8@group-2DF00E79AB8C-SegmentedRaftLogWorker] INFO  segmented.SegmentedRaftLogWorker (SegmentedRaftLogWorker.java:execute(601)) - 378d0879-743d-4e9f-84ed-de5a08f6d2b8@group-2DF00E79AB8C-SegmentedRaftLogWorker: created new log segment /home/runner/work/ozone/ozone/hadoop-ozone/integration-test/target/test-dir/MiniOzoneClusterImpl-fd94144e-5974-489a-b79f-b066564ba6f5/datanode-5/data/ratis/a4f3e589-f13b-489d-90d4-2df00e79ab8c/current/log_inprogress_1
2021-12-02 14:32:23,615 [grpc-default-executor-1] WARN  server.GrpcLogAppender (LogUtils.java:warn(122)) - ecb5ef9a-e3c1-46e1-bc6e-74dcb14bbdd1@group-2DF00E79AB8C->880aaef5-a54e-4898-af17-abc2dce457d4-AppendLogResponseHandler: Failed appendEntries: org.apache.ratis.thirdparty.io.grpc.StatusRuntimeException: UNAVAILABLE: io exception
2021-12-02 14:32:23,616 [grpc-default-executor-1] WARN  server.GrpcLogAppender (GrpcLogAppender.java:resetClient(110)) - ecb5ef9a-e3c1-46e1-bc6e-74dcb14bbdd1@group-2DF00E79AB8C->880aaef5-a54e-4898-af17-abc2dce457d4-GrpcLogAppender: Leader has not got in touch with Follower ecb5ef9a-e3c1-46e1-bc6e-74dcb14bbdd1@group-2DF00E79AB8C->880aaef5-a54e-4898-af17-abc2dce457d4(c-1,m0,n3, attendVote=true, lastRpcSendTime=0, lastRpcResponseTime=5343) yet, just keep nextIndex unchanged and retry.
2021-12-02 14:32:24,581 [grpc-default-executor-1] WARN  server.GrpcLogAppender (LogUtils.java:warn(122)) - 8698f9c0-0d63-4edb-bf8f-bb1ca05694ae@group-F34A6D962FBB->a7b6a586-909c-47a7-a818-e434e5672216-AppendLogResponseHandler: Failed appendEntries: org.apache.ratis.thirdparty.io.grpc.StatusRuntimeException: UNAVAILABLE: io exception
2021-12-02 14:32:24,581 [grpc-default-executor-1] WARN  server.GrpcLogAppender (GrpcLogAppender.java:resetClient(110)) - 8698f9c0-0d63-4edb-bf8f-bb1ca05694ae@group-F34A6D962FBB->a7b6a586-909c-47a7-a818-e434e5672216-GrpcLogAppender: Leader has not got in touch with Follower 8698f9c0-0d63-4edb-bf8f-bb1ca05694ae@group-F34A6D962FBB->a7b6a586-909c-47a7-a818-e434e5672216(c-1,m0,n3, attendVote=true, lastRpcSendTime=0, lastRpcResponseTime=7854) yet, just keep nextIndex unchanged and retry.
2021-12-02 14:32:25,670 [Command processor thread] ERROR commandhandler.CloseContainerCommandHandler (CloseContainerCommandHandler.java:handle(85)) - Container #2 does not exist in datanode. Container close failed.
2021-12-02 14:32:25,853 [grpc-default-executor-1] WARN  server.GrpcLogAppender (LogUtils.java:warn(122)) - ecb5ef9a-e3c1-46e1-bc6e-74dcb14bbdd1@group-796B449FAA69->880aaef5-a54e-4898-af17-abc2dce457d4-AppendLogResponseHandler: Failed appendEntries: org.apache.ratis.thirdparty.io.grpc.StatusRuntimeException: UNAVAILABLE: io exception
2021-12-02 14:32:25,854 [grpc-default-executor-1] INFO  leader.FollowerInfo (FollowerInfoImpl.java:lambda$new$0(47)) - ecb5ef9a-e3c1-46e1-bc6e-74dcb14bbdd1@group-796B449FAA69->880aaef5-a54e-4898-af17-abc2dce457d4: nextIndex: updateUnconditionally 28 -> 27
2021-12-02 14:32:26,002 [grpc-default-executor-1] WARN  server.GrpcLogAppender (LogUtils.java:warn(122)) - 8698f9c0-0d63-4edb-bf8f-bb1ca05694ae@group-218C52D3B0E5->a7b6a586-909c-47a7-a818-e434e5672216-AppendLogResponseHandler: Failed appendEntries: org.apache.ratis.thirdparty.io.grpc.StatusRuntimeException: UNAVAILABLE: io exception
2021-12-02 14:32:26,002 [grpc-default-executor-1] INFO  leader.FollowerInfo (FollowerInfoImpl.java:lambda$new$0(47)) - 8698f9c0-0d63-4edb-bf8f-bb1ca05694ae@group-218C52D3B0E5->a7b6a586-909c-47a7-a818-e434e5672216: nextIndex: updateUnconditionally 3 -> 2
2021-12-02 14:32:26,121 [grpc-default-executor-1] WARN  server.GrpcLogAppender (LogUtils.java:warn(122)) - ecb5ef9a-e3c1-46e1-bc6e-74dcb14bbdd1@group-2DF00E79AB8C->880aaef5-a54e-4898-af17-abc2dce457d4-AppendLogResponseHandler: Failed appendEntries: org.apache.ratis.thirdparty.io.grpc.StatusRuntimeException: UNAVAILABLE: io exception
2021-12-02 14:32:26,122 [grpc-default-executor-1] WARN  server.GrpcLogAppender (GrpcLogAppender.java:resetClient(110)) - ecb5ef9a-e3c1-46e1-bc6e-74dcb14bbdd1@group-2DF00E79AB8C->880aaef5-a54e-4898-af17-abc2dce457d4-GrpcLogAppender: Leader has not got in touch with Follower ecb5ef9a-e3c1-46e1-bc6e-74dcb14bbdd1@group-2DF00E79AB8C->880aaef5-a54e-4898-af17-abc2dce457d4(c-1,m0,n3, attendVote=true, lastRpcSendTime=2506, lastRpcResponseTime=7849) yet, just keep nextIndex unchanged and retry.
2021-12-02 14:32:26,507 [Listener at 127.0.0.1/39245] INFO  ozoneimpl.OzoneContainer (OzoneContainer.java:stop(325)) - Attempting to stop container services.
2021-12-02 14:32:26,509 [Listener at 127.0.0.1/39245] INFO  server.RaftServer (RaftServerProxy.java:lambda$close$6(391)) - ecb5ef9a-e3c1-46e1-bc6e-74dcb14bbdd1: close
2021-12-02 14:32:26,510 [Listener at 127.0.0.1/39245] INFO  server.RaftServer$Division (RaftServerImpl.java:lambda$close$4(412)) - ecb5ef9a-e3c1-46e1-bc6e-74dcb14bbdd1@group-796B449FAA69: shutdown
2021-12-02 14:32:26,510 [Listener at 127.0.0.1/39245] INFO  util.JmxRegister (JmxRegister.java:unregister(73)) - Successfully un-registered JMX Bean with object name Ratis:service=RaftServer,group=group-796B449FAA69,id=ecb5ef9a-e3c1-46e1-bc6e-74dcb14bbdd1
2021-12-02 14:32:26,510 [Listener at 127.0.0.1/39245] INFO  impl.RoleInfo (RoleInfo.java:shutdownLeaderState(91)) - ecb5ef9a-e3c1-46e1-bc6e-74dcb14bbdd1: shutdown ecb5ef9a-e3c1-46e1-bc6e-74dcb14bbdd1@group-796B449FAA69-LeaderStateImpl
2021-12-02 14:32:26,510 [ecb5ef9a-e3c1-46e1-bc6e-74dcb14bbdd1@group-796B449FAA69->880aaef5-a54e-4898-af17-abc2dce457d4-GrpcLogAppender-LogAppenderDaemon] WARN  server.GrpcLogAppender (GrpcLogAppender.java:mayWait(177)) - ecb5ef9a-e3c1-46e1-bc6e-74dcb14bbdd1@group-796B449FAA69->880aaef5-a54e-4898-af17-abc2dce457d4-GrpcLogAppender: Wait interrupted by java.lang.InterruptedException
2021-12-02 14:32:26,510 [Listener at 127.0.0.1/39245] INFO  impl.PendingRequests (PendingRequests.java:sendNotLeaderResponses(282)) - ecb5ef9a-e3c1-46e1-bc6e-74dcb14bbdd1@group-796B449FAA69-PendingRequests: sendNotLeaderResponses
2021-12-02 14:32:26,522 [ecb5ef9a-e3c1-46e1-bc6e-74dcb14bbdd1@group-796B449FAA69->378d0879-743d-4e9f-84ed-de5a08f6d2b8-GrpcLogAppender-LogAppenderDaemon] WARN  server.GrpcLogAppender (GrpcLogAppender.java:mayWait(177)) - ecb5ef9a-e3c1-46e1-bc6e-74dcb14bbdd1@group-796B449FAA69->378d0879-743d-4e9f-84ed-de5a08f6d2b8-GrpcLogAppender: Wait interrupted by java.lang.InterruptedException
2021-12-02 14:32:26,522 [grpc-default-executor-1] INFO  server.GrpcServerProtocolService (GrpcServerProtocolService.java:onCompleted(140)) - 378d0879-743d-4e9f-84ed-de5a08f6d2b8: Completed APPEND_ENTRIES, lastRequest: ecb5ef9a-e3c1-46e1-bc6e-74dcb14bbdd1->378d0879-743d-4e9f-84ed-de5a08f6d2b8#471-t1,previous=(t:1, i:26),leaderCommit=25,initializing? true,entries: size=1, first=(t:1, i:27), METADATAENTRY(c:25)
2021-12-02 14:32:26,523 [grpc-default-executor-1] INFO  server.GrpcLogAppender (GrpcLogAppender.java:onCompleted(346)) - ecb5ef9a-e3c1-46e1-bc6e-74dcb14bbdd1@group-796B449FAA69->378d0879-743d-4e9f-84ed-de5a08f6d2b8-AppendLogResponseHandler: follower responses appendEntries COMPLETED
2021-12-02 14:32:26,523 [grpc-default-executor-1] INFO  leader.FollowerInfo (FollowerInfoImpl.java:lambda$new$0(47)) - ecb5ef9a-e3c1-46e1-bc6e-74dcb14bbdd1@group-796B449FAA69->378d0879-743d-4e9f-84ed-de5a08f6d2b8: nextIndex: updateUnconditionally 28 -> 27
2021-12-02 14:32:26,528 [Listener at 127.0.0.1/39245] INFO  impl.StateMachineUpdater (StateMachineUpdater.java:stopAndJoin(149)) - ecb5ef9a-e3c1-46e1-bc6e-74dcb14bbdd1@group-796B449FAA69-StateMachineUpdater: set stopIndex = 27
2021-12-02 14:32:26,530 [ecb5ef9a-e3c1-46e1-bc6e-74dcb14bbdd1@group-796B449FAA69-StateMachineUpdater] INFO  ratis.ContainerStateMachine (ContainerStateMachine.java:takeSnapshot(292)) - group-796B449FAA69: Taking a snapshot at:(t:1, i:27) file /home/runner/work/ozone/ozone/hadoop-ozone/integration-test/target/test-dir/MiniOzoneClusterImpl-fd94144e-5974-489a-b79f-b066564ba6f5/datanode-3/data/ratis/323063ed-2383-4d68-970b-796b449faa69/sm/snapshot.1_27
2021-12-02 14:32:26,545 [ecb5ef9a-e3c1-46e1-bc6e-74dcb14bbdd1@group-796B449FAA69-StateMachineUpdater] INFO  ratis.ContainerStateMachine (ContainerStateMachine.java:takeSnapshot(303)) - group-796B449FAA69: Finished taking a snapshot at:(t:1, i:27) file:/home/runner/work/ozone/ozone/hadoop-ozone/integration-test/target/test-dir/MiniOzoneClusterImpl-fd94144e-5974-489a-b79f-b066564ba6f5/datanode-3/data/ratis/323063ed-2383-4d68-970b-796b449faa69/sm/snapshot.1_27 took: 14 ms
2021-12-02 14:32:26,545 [ecb5ef9a-e3c1-46e1-bc6e-74dcb14bbdd1@group-796B449FAA69-StateMachineUpdater] INFO  impl.StateMachineUpdater (StateMachineUpdater.java:takeSnapshot(281)) - ecb5ef9a-e3c1-46e1-bc6e-74dcb14bbdd1@group-796B449FAA69-StateMachineUpdater: Took a snapshot at index 27
2021-12-02 14:32:26,545 [ecb5ef9a-e3c1-46e1-bc6e-74dcb14bbdd1@group-796B449FAA69-StateMachineUpdater] INFO  impl.StateMachineUpdater (StateMachineUpdater.java:lambda$new$0(89)) - ecb5ef9a-e3c1-46e1-bc6e-74dcb14bbdd1@group-796B449FAA69-StateMachineUpdater: snapshotIndex: updateIncreasingly -1 -> 27
2021-12-02 14:32:26,546 [Listener at 127.0.0.1/39245] INFO  server.RaftServer$Division (ServerState.java:close(419)) - ecb5ef9a-e3c1-46e1-bc6e-74dcb14bbdd1@group-796B449FAA69: closes. applyIndex: 27
2021-12-02 14:32:26,546 [ecb5ef9a-e3c1-46e1-bc6e-74dcb14bbdd1@group-796B449FAA69-SegmentedRaftLogWorker] INFO  segmented.SegmentedRaftLogWorker (SegmentedRaftLogWorker.java:run(327)) - ecb5ef9a-e3c1-46e1-bc6e-74dcb14bbdd1@group-796B449FAA69-SegmentedRaftLogWorker was interrupted, exiting. There are 0 tasks remaining in the queue.
2021-12-02 14:32:26,550 [Listener at 127.0.0.1/39245] INFO  segmented.SegmentedRaftLogWorker (SegmentedRaftLogWorker.java:close(237)) - ecb5ef9a-e3c1-46e1-bc6e-74dcb14bbdd1@group-796B449FAA69-SegmentedRaftLogWorker close()
2021-12-02 14:32:26,555 [Listener at 127.0.0.1/39245] INFO  server.RaftServer$Division (RaftServerImpl.java:lambda$close$4(412)) - ecb5ef9a-e3c1-46e1-bc6e-74dcb14bbdd1@group-A6321D7C8B44: shutdown
2021-12-02 14:32:26,555 [Listener at 127.0.0.1/39245] INFO  util.JmxRegister (JmxRegister.java:unregister(73)) - Successfully un-registered JMX Bean with object name Ratis:service=RaftServer,group=group-A6321D7C8B44,id=ecb5ef9a-e3c1-46e1-bc6e-74dcb14bbdd1
2021-12-02 14:32:26,555 [Listener at 127.0.0.1/39245] INFO  impl.RoleInfo (RoleInfo.java:shutdownLeaderState(91)) - ecb5ef9a-e3c1-46e1-bc6e-74dcb14bbdd1: shutdown ecb5ef9a-e3c1-46e1-bc6e-74dcb14bbdd1@group-A6321D7C8B44-LeaderStateImpl
2021-12-02 14:32:26,555 [Listener at 127.0.0.1/39245] INFO  impl.PendingRequests (PendingRequests.java:sendNotLeaderResponses(282)) - ecb5ef9a-e3c1-46e1-bc6e-74dcb14bbdd1@group-A6321D7C8B44-PendingRequests: sendNotLeaderResponses
2021-12-02 14:32:26,556 [Listener at 127.0.0.1/39245] INFO  impl.StateMachineUpdater (StateMachineUpdater.java:stopAndJoin(149)) - ecb5ef9a-e3c1-46e1-bc6e-74dcb14bbdd1@group-A6321D7C8B44-StateMachineUpdater: set stopIndex = 0
2021-12-02 14:32:26,557 [ecb5ef9a-e3c1-46e1-bc6e-74dcb14bbdd1@group-A6321D7C8B44-StateMachineUpdater] INFO  ratis.ContainerStateMachine (ContainerStateMachine.java:takeSnapshot(292)) - group-A6321D7C8B44: Taking a snapshot at:(t:1, i:0) file /home/runner/work/ozone/ozone/hadoop-ozone/integration-test/target/test-dir/MiniOzoneClusterImpl-fd94144e-5974-489a-b79f-b066564ba6f5/datanode-3/data/ratis/d25f02da-a277-4466-a3ea-a6321d7c8b44/sm/snapshot.1_0
2021-12-02 14:32:26,558 [ForkJoinPool.commonPool-worker-0] INFO  ozoneimpl.OzoneContainer (OzoneContainer.java:stop(325)) - Attempting to stop container services.
2021-12-02 14:32:26,559 [ForkJoinPool.commonPool-worker-0] INFO  server.RaftServer (RaftServerProxy.java:lambda$close$6(391)) - 8698f9c0-0d63-4edb-bf8f-bb1ca05694ae: close
2021-12-02 14:32:26,559 [ForkJoinPool.commonPool-worker-0] INFO  server.RaftServer$Division (RaftServerImpl.java:lambda$close$4(412)) - 8698f9c0-0d63-4edb-bf8f-bb1ca05694ae@group-AF37F28D5C2B: shutdown
2021-12-02 14:32:26,559 [ForkJoinPool.commonPool-worker-0] INFO  util.JmxRegister (JmxRegister.java:unregister(73)) - Successfully un-registered JMX Bean with object name Ratis:service=RaftServer,group=group-AF37F28D5C2B,id=8698f9c0-0d63-4edb-bf8f-bb1ca05694ae
2021-12-02 14:32:26,559 [ForkJoinPool.commonPool-worker-0] INFO  impl.RoleInfo (RoleInfo.java:shutdownLeaderState(91)) - 8698f9c0-0d63-4edb-bf8f-bb1ca05694ae: shutdown 8698f9c0-0d63-4edb-bf8f-bb1ca05694ae@group-AF37F28D5C2B-LeaderStateImpl
2021-12-02 14:32:26,559 [ForkJoinPool.commonPool-worker-0] INFO  impl.PendingRequests (PendingRequests.java:sendNotLeaderResponses(282)) - 8698f9c0-0d63-4edb-bf8f-bb1ca05694ae@group-AF37F28D5C2B-PendingRequests: sendNotLeaderResponses
2021-12-02 14:32:26,561 [ecb5ef9a-e3c1-46e1-bc6e-74dcb14bbdd1@group-A6321D7C8B44-StateMachineUpdater] INFO  ratis.ContainerStateMachine (ContainerStateMachine.java:takeSnapshot(303)) - group-A6321D7C8B44: Finished taking a snapshot at:(t:1, i:0) file:/home/runner/work/ozone/ozone/hadoop-ozone/integration-test/target/test-dir/MiniOzoneClusterImpl-fd94144e-5974-489a-b79f-b066564ba6f5/datanode-3/data/ratis/d25f02da-a277-4466-a3ea-a6321d7c8b44/sm/snapshot.1_0 took: 4 ms
2021-12-02 14:32:26,561 [ecb5ef9a-e3c1-46e1-bc6e-74dcb14bbdd1@group-A6321D7C8B44-StateMachineUpdater] INFO  impl.StateMachineUpdater (StateMachineUpdater.java:takeSnapshot(281)) - ecb5ef9a-e3c1-46e1-bc6e-74dcb14bbdd1@group-A6321D7C8B44-StateMachineUpdater: Took a snapshot at index 0
2021-12-02 14:32:26,561 [ecb5ef9a-e3c1-46e1-bc6e-74dcb14bbdd1@group-A6321D7C8B44-StateMachineUpdater] INFO  impl.StateMachineUpdater (StateMachineUpdater.java:lambda$new$0(89)) - ecb5ef9a-e3c1-46e1-bc6e-74dcb14bbdd1@group-A6321D7C8B44-StateMachineUpdater: snapshotIndex: updateIncreasingly -1 -> 0
2021-12-02 14:32:26,565 [8698f9c0-0d63-4edb-bf8f-bb1ca05694ae@group-AF37F28D5C2B-StateMachineUpdater] INFO  ratis.ContainerStateMachine (ContainerStateMachine.java:takeSnapshot(292)) - group-AF37F28D5C2B: Taking a snapshot at:(t:1, i:0) file /home/runner/work/ozone/ozone/hadoop-ozone/integration-test/target/test-dir/MiniOzoneClusterImpl-fd94144e-5974-489a-b79f-b066564ba6f5/datanode-2/data/ratis/ad76ff9c-4ca6-4f86-9f39-af37f28d5c2b/sm/snapshot.1_0
2021-12-02 14:32:26,565 [ForkJoinPool.commonPool-worker-0] INFO  impl.StateMachineUpdater (StateMachineUpdater.java:stopAndJoin(149)) - 8698f9c0-0d63-4edb-bf8f-bb1ca05694ae@group-AF37F28D5C2B-StateMachineUpdater: set stopIndex = 0
2021-12-02 14:32:26,565 [8698f9c0-0d63-4edb-bf8f-bb1ca05694ae@group-AF37F28D5C2B-StateMachineUpdater] INFO  ratis.ContainerStateMachine (ContainerStateMachine.java:takeSnapshot(303)) - group-AF37F28D5C2B: Finished taking a snapshot at:(t:1, i:0) file:/home/runner/work/ozone/ozone/hadoop-ozone/integration-test/target/test-dir/MiniOzoneClusterImpl-fd94144e-5974-489a-b79f-b066564ba6f5/datanode-2/data/ratis/ad76ff9c-4ca6-4f86-9f39-af37f28d5c2b/sm/snapshot.1_0 took: 1 ms
2021-12-02 14:32:26,565 [8698f9c0-0d63-4edb-bf8f-bb1ca05694ae@group-AF37F28D5C2B-StateMachineUpdater] INFO  impl.StateMachineUpdater (StateMachineUpdater.java:takeSnapshot(281)) - 8698f9c0-0d63-4edb-bf8f-bb1ca05694ae@group-AF37F28D5C2B-StateMachineUpdater: Took a snapshot at index 0
2021-12-02 14:32:26,565 [8698f9c0-0d63-4edb-bf8f-bb1ca05694ae@group-AF37F28D5C2B-StateMachineUpdater] INFO  impl.StateMachineUpdater (StateMachineUpdater.java:lambda$new$0(89)) - 8698f9c0-0d63-4edb-bf8f-bb1ca05694ae@group-AF37F28D5C2B-StateMachineUpdater: snapshotIndex: updateIncreasingly -1 -> 0
2021-12-02 14:32:26,566 [ForkJoinPool.commonPool-worker-0] INFO  server.RaftServer$Division (ServerState.java:close(419)) - 8698f9c0-0d63-4edb-bf8f-bb1ca05694ae@group-AF37F28D5C2B: closes. applyIndex: 0
2021-12-02 14:32:26,567 [8698f9c0-0d63-4edb-bf8f-bb1ca05694ae@group-AF37F28D5C2B-SegmentedRaftLogWorker] INFO  segmented.SegmentedRaftLogWorker (SegmentedRaftLogWorker.java:run(327)) - 8698f9c0-0d63-4edb-bf8f-bb1ca05694ae@group-AF37F28D5C2B-SegmentedRaftLogWorker was interrupted, exiting. There are 0 tasks remaining in the queue.
2021-12-02 14:32:26,579 [ForkJoinPool.commonPool-worker-0] INFO  segmented.SegmentedRaftLogWorker (SegmentedRaftLogWorker.java:close(237)) - 8698f9c0-0d63-4edb-bf8f-bb1ca05694ae@group-AF37F28D5C2B-SegmentedRaftLogWorker close()
2021-12-02 14:32:26,581 [ForkJoinPool.commonPool-worker-0] INFO  server.RaftServer$Division (RaftServerImpl.java:lambda$close$4(412)) - 8698f9c0-0d63-4edb-bf8f-bb1ca05694ae@group-218C52D3B0E5: shutdown
2021-12-02 14:32:26,581 [ForkJoinPool.commonPool-worker-0] INFO  util.JmxRegister (JmxRegister.java:unregister(73)) - Successfully un-registered JMX Bean with object name Ratis:service=RaftServer,group=group-218C52D3B0E5,id=8698f9c0-0d63-4edb-bf8f-bb1ca05694ae
2021-12-02 14:32:26,581 [ForkJoinPool.commonPool-worker-0] INFO  impl.RoleInfo (RoleInfo.java:shutdownLeaderState(91)) - 8698f9c0-0d63-4edb-bf8f-bb1ca05694ae: shutdown 8698f9c0-0d63-4edb-bf8f-bb1ca05694ae@group-218C52D3B0E5-LeaderStateImpl
2021-12-02 14:32:26,581 [8698f9c0-0d63-4edb-bf8f-bb1ca05694ae@group-218C52D3B0E5->a7b6a586-909c-47a7-a818-e434e5672216-GrpcLogAppender-LogAppenderDaemon] WARN  server.GrpcLogAppender (GrpcLogAppender.java:mayWait(177)) - 8698f9c0-0d63-4edb-bf8f-bb1ca05694ae@group-218C52D3B0E5->a7b6a586-909c-47a7-a818-e434e5672216-GrpcLogAppender: Wait interrupted by java.lang.InterruptedException
2021-12-02 14:32:26,581 [ForkJoinPool.commonPool-worker-0] INFO  impl.PendingRequests (PendingRequests.java:sendNotLeaderResponses(282)) - 8698f9c0-0d63-4edb-bf8f-bb1ca05694ae@group-218C52D3B0E5-PendingRequests: sendNotLeaderResponses
2021-12-02 14:32:26,590 [ForkJoinPool.commonPool-worker-0] INFO  impl.StateMachineUpdater (StateMachineUpdater.java:stopAndJoin(149)) - 8698f9c0-0d63-4edb-bf8f-bb1ca05694ae@group-218C52D3B0E5-StateMachineUpdater: set stopIndex = 2
2021-12-02 14:32:26,590 [8698f9c0-0d63-4edb-bf8f-bb1ca05694ae@group-218C52D3B0E5-StateMachineUpdater] INFO  ratis.ContainerStateMachine (ContainerStateMachine.java:takeSnapshot(292)) - group-218C52D3B0E5: Taking a snapshot at:(t:9, i:2) file /home/runner/work/ozone/ozone/hadoop-ozone/integration-test/target/test-dir/MiniOzoneClusterImpl-fd94144e-5974-489a-b79f-b066564ba6f5/datanode-2/data/ratis/86fd732d-83db-4bb4-8521-218c52d3b0e5/sm/snapshot.9_2
2021-12-02 14:32:26,596 [8698f9c0-0d63-4edb-bf8f-bb1ca05694ae@group-218C52D3B0E5->277b06ce-74e8-46b5-b9ba-0eaaec62ec87-GrpcLogAppender-LogAppenderDaemon] WARN  server.GrpcLogAppender (GrpcLogAppender.java:mayWait(177)) - 8698f9c0-0d63-4edb-bf8f-bb1ca05694ae@group-218C52D3B0E5->277b06ce-74e8-46b5-b9ba-0eaaec62ec87-GrpcLogAppender: Wait interrupted by java.lang.InterruptedException
2021-12-02 14:32:26,596 [grpc-default-executor-4] INFO  server.GrpcServerProtocolService (GrpcServerProtocolService.java:onCompleted(140)) - 277b06ce-74e8-46b5-b9ba-0eaaec62ec87: Completed APPEND_ENTRIES, lastRequest: 8698f9c0-0d63-4edb-bf8f-bb1ca05694ae->277b06ce-74e8-46b5-b9ba-0eaaec62ec87#2-t9,previous=(t:9, i:1),leaderCommit=1,initializing? true,entries: size=1, first=(t:9, i:2), METADATAENTRY(c:1)
2021-12-02 14:32:26,598 [grpc-default-executor-1] INFO  server.GrpcLogAppender (GrpcLogAppender.java:onCompleted(346)) - 8698f9c0-0d63-4edb-bf8f-bb1ca05694ae@group-218C52D3B0E5->277b06ce-74e8-46b5-b9ba-0eaaec62ec87-AppendLogResponseHandler: follower responses appendEntries COMPLETED
2021-12-02 14:32:26,598 [8698f9c0-0d63-4edb-bf8f-bb1ca05694ae@group-218C52D3B0E5-StateMachineUpdater] INFO  ratis.ContainerStateMachine (ContainerStateMachine.java:takeSnapshot(303)) - group-218C52D3B0E5: Finished taking a snapshot at:(t:9, i:2) file:/home/runner/work/ozone/ozone/hadoop-ozone/integration-test/target/test-dir/MiniOzoneClusterImpl-fd94144e-5974-489a-b79f-b066564ba6f5/datanode-2/data/ratis/86fd732d-83db-4bb4-8521-218c52d3b0e5/sm/snapshot.9_2 took: 8 ms
2021-12-02 14:32:26,598 [grpc-default-executor-1] INFO  leader.FollowerInfo (FollowerInfoImpl.java:lambda$new$0(47)) - 8698f9c0-0d63-4edb-bf8f-bb1ca05694ae@group-218C52D3B0E5->277b06ce-74e8-46b5-b9ba-0eaaec62ec87: nextIndex: updateUnconditionally 3 -> 2
2021-12-02 14:32:26,598 [8698f9c0-0d63-4edb-bf8f-bb1ca05694ae@group-218C52D3B0E5-StateMachineUpdater] INFO  impl.StateMachineUpdater (StateMachineUpdater.java:takeSnapshot(281)) - 8698f9c0-0d63-4edb-bf8f-bb1ca05694ae@group-218C52D3B0E5-StateMachineUpdater: Took a snapshot at index 2
2021-12-02 14:32:26,598 [8698f9c0-0d63-4edb-bf8f-bb1ca05694ae@group-218C52D3B0E5-StateMachineUpdater] INFO  impl.StateMachineUpdater (StateMachineUpdater.java:lambda$new$0(89)) - 8698f9c0-0d63-4edb-bf8f-bb1ca05694ae@group-218C52D3B0E5-StateMachineUpdater: snapshotIndex: updateIncreasingly -1 -> 2
2021-12-02 14:32:26,599 [ForkJoinPool.commonPool-worker-0] INFO  server.RaftServer$Division (ServerState.java:close(419)) - 8698f9c0-0d63-4edb-bf8f-bb1ca05694ae@group-218C52D3B0E5: closes. applyIndex: 2
2021-12-02 14:32:26,599 [8698f9c0-0d63-4edb-bf8f-bb1ca05694ae@group-218C52D3B0E5-SegmentedRaftLogWorker] INFO  segmented.SegmentedRaftLogWorker (SegmentedRaftLogWorker.java:run(327)) - 8698f9c0-0d63-4edb-bf8f-bb1ca05694ae@group-218C52D3B0E5-SegmentedRaftLogWorker was interrupted, exiting. There are 0 tasks remaining in the queue.
2021-12-02 14:32:26,610 [ForkJoinPool.commonPool-worker-0] INFO  segmented.SegmentedRaftLogWorker (SegmentedRaftLogWorker.java:close(237)) - 8698f9c0-0d63-4edb-bf8f-bb1ca05694ae@group-218C52D3B0E5-SegmentedRaftLogWorker close()
2021-12-02 14:32:26,613 [Listener at 127.0.0.1/39245] INFO  server.RaftServer$Division (ServerState.java:close(419)) - ecb5ef9a-e3c1-46e1-bc6e-74dcb14bbdd1@group-A6321D7C8B44: closes. applyIndex: 0
2021-12-02 14:32:26,614 [ecb5ef9a-e3c1-46e1-bc6e-74dcb14bbdd1@group-A6321D7C8B44-SegmentedRaftLogWorker] INFO  segmented.SegmentedRaftLogWorker (SegmentedRaftLogWorker.java:run(327)) - ecb5ef9a-e3c1-46e1-bc6e-74dcb14bbdd1@group-A6321D7C8B44-SegmentedRaftLogWorker was interrupted, exiting. There are 0 tasks remaining in the queue.
2021-12-02 14:32:26,615 [Listener at 127.0.0.1/39245] INFO  segmented.SegmentedRaftLogWorker (SegmentedRaftLogWorker.java:close(237)) - ecb5ef9a-e3c1-46e1-bc6e-74dcb14bbdd1@group-A6321D7C8B44-SegmentedRaftLogWorker close()
2021-12-02 14:32:26,625 [ForkJoinPool.commonPool-worker-0] INFO  server.RaftServer$Division (RaftServerImpl.java:lambda$close$4(412)) - 8698f9c0-0d63-4edb-bf8f-bb1ca05694ae@group-F34A6D962FBB: shutdown
2021-12-02 14:32:26,626 [ForkJoinPool.commonPool-worker-0] INFO  util.JmxRegister (JmxRegister.java:unregister(73)) - Successfully un-registered JMX Bean with object name Ratis:service=RaftServer,group=group-F34A6D962FBB,id=8698f9c0-0d63-4edb-bf8f-bb1ca05694ae
2021-12-02 14:32:26,626 [ForkJoinPool.commonPool-worker-0] INFO  impl.RoleInfo (RoleInfo.java:shutdownLeaderState(91)) - 8698f9c0-0d63-4edb-bf8f-bb1ca05694ae: shutdown 8698f9c0-0d63-4edb-bf8f-bb1ca05694ae@group-F34A6D962FBB-LeaderStateImpl
2021-12-02 14:32:26,626 [ForkJoinPool.commonPool-worker-0] INFO  impl.PendingRequests (PendingRequests.java:sendNotLeaderResponses(282)) - 8698f9c0-0d63-4edb-bf8f-bb1ca05694ae@group-F34A6D962FBB-PendingRequests: sendNotLeaderResponses
2021-12-02 14:32:26,626 [8698f9c0-0d63-4edb-bf8f-bb1ca05694ae@group-F34A6D962FBB->277b06ce-74e8-46b5-b9ba-0eaaec62ec87-GrpcLogAppender-LogAppenderDaemon] WARN  server.GrpcLogAppender (GrpcLogAppender.java:mayWait(177)) - 8698f9c0-0d63-4edb-bf8f-bb1ca05694ae@group-F34A6D962FBB->277b06ce-74e8-46b5-b9ba-0eaaec62ec87-GrpcLogAppender: Wait interrupted by java.lang.InterruptedException
2021-12-02 14:32:26,627 [Listener at 127.0.0.1/39245] INFO  server.RaftServer$Division (RaftServerImpl.java:lambda$close$4(412)) - ecb5ef9a-e3c1-46e1-bc6e-74dcb14bbdd1@group-2DF00E79AB8C: shutdown
2021-12-02 14:32:26,627 [Listener at 127.0.0.1/39245] INFO  util.JmxRegister (JmxRegister.java:unregister(73)) - Successfully un-registered JMX Bean with object name Ratis:service=RaftServer,group=group-2DF00E79AB8C,id=ecb5ef9a-e3c1-46e1-bc6e-74dcb14bbdd1
2021-12-02 14:32:26,627 [Listener at 127.0.0.1/39245] INFO  impl.RoleInfo (RoleInfo.java:shutdownLeaderState(91)) - ecb5ef9a-e3c1-46e1-bc6e-74dcb14bbdd1: shutdown ecb5ef9a-e3c1-46e1-bc6e-74dcb14bbdd1@group-2DF00E79AB8C-LeaderStateImpl
2021-12-02 14:32:26,627 [Listener at 127.0.0.1/39245] INFO  impl.PendingRequests (PendingRequests.java:sendNotLeaderResponses(282)) - ecb5ef9a-e3c1-46e1-bc6e-74dcb14bbdd1@group-2DF00E79AB8C-PendingRequests: sendNotLeaderResponses
2021-12-02 14:32:26,631 [ForkJoinPool.commonPool-worker-0] INFO  impl.StateMachineUpdater (StateMachineUpdater.java:stopAndJoin(149)) - 8698f9c0-0d63-4edb-bf8f-bb1ca05694ae@group-F34A6D962FBB-StateMachineUpdater: set stopIndex = 2
2021-12-02 14:32:26,633 [ecb5ef9a-e3c1-46e1-bc6e-74dcb14bbdd1@group-2DF00E79AB8C-StateMachineUpdater] INFO  ratis.ContainerStateMachine (ContainerStateMachine.java:takeSnapshot(292)) - group-2DF00E79AB8C: Taking a snapshot at:(t:4, i:2) file /home/runner/work/ozone/ozone/hadoop-ozone/integration-test/target/test-dir/MiniOzoneClusterImpl-fd94144e-5974-489a-b79f-b066564ba6f5/datanode-3/data/ratis/a4f3e589-f13b-489d-90d4-2df00e79ab8c/sm/snapshot.4_2
2021-12-02 14:32:26,634 [Listener at 127.0.0.1/39245] INFO  impl.StateMachineUpdater (StateMachineUpdater.java:stopAndJoin(149)) - ecb5ef9a-e3c1-46e1-bc6e-74dcb14bbdd1@group-2DF00E79AB8C-StateMachineUpdater: set stopIndex = 2
2021-12-02 14:32:26,635 [ecb5ef9a-e3c1-46e1-bc6e-74dcb14bbdd1@group-2DF00E79AB8C-StateMachineUpdater] INFO  ratis.ContainerStateMachine (ContainerStateMachine.java:takeSnapshot(303)) - group-2DF00E79AB8C: Finished taking a snapshot at:(t:4, i:2) file:/home/runner/work/ozone/ozone/hadoop-ozone/integration-test/target/test-dir/MiniOzoneClusterImpl-fd94144e-5974-489a-b79f-b066564ba6f5/datanode-3/data/ratis/a4f3e589-f13b-489d-90d4-2df00e79ab8c/sm/snapshot.4_2 took: 2 ms
2021-12-02 14:32:26,636 [ecb5ef9a-e3c1-46e1-bc6e-74dcb14bbdd1@group-2DF00E79AB8C-StateMachineUpdater] INFO  impl.StateMachineUpdater (StateMachineUpdater.java:takeSnapshot(281)) - ecb5ef9a-e3c1-46e1-bc6e-74dcb14bbdd1@group-2DF00E79AB8C-StateMachineUpdater: Took a snapshot at index 2
2021-12-02 14:32:26,636 [ecb5ef9a-e3c1-46e1-bc6e-74dcb14bbdd1@group-2DF00E79AB8C-StateMachineUpdater] INFO  impl.StateMachineUpdater (StateMachineUpdater.java:lambda$new$0(89)) - ecb5ef9a-e3c1-46e1-bc6e-74dcb14bbdd1@group-2DF00E79AB8C-StateMachineUpdater: snapshotIndex: updateIncreasingly -1 -> 2
2021-12-02 14:32:26,643 [8698f9c0-0d63-4edb-bf8f-bb1ca05694ae@group-F34A6D962FBB-StateMachineUpdater] INFO  ratis.ContainerStateMachine (ContainerStateMachine.java:takeSnapshot(292)) - group-F34A6D962FBB: Taking a snapshot at:(t:8, i:2) file /home/runner/work/ozone/ozone/hadoop-ozone/integration-test/target/test-dir/MiniOzoneClusterImpl-fd94144e-5974-489a-b79f-b066564ba6f5/datanode-2/data/ratis/4d19a40b-ff18-4e92-ae45-f34a6d962fbb/sm/snapshot.8_2
2021-12-02 14:32:26,644 [grpc-default-executor-1] INFO  server.GrpcServerProtocolService (GrpcServerProtocolService.java:onCompleted(140)) - 277b06ce-74e8-46b5-b9ba-0eaaec62ec87: Completed APPEND_ENTRIES, lastRequest: 8698f9c0-0d63-4edb-bf8f-bb1ca05694ae->277b06ce-74e8-46b5-b9ba-0eaaec62ec87#2-t8,previous=(t:8, i:1),leaderCommit=1,initializing? true,entries: size=1, first=(t:8, i:2), METADATAENTRY(c:1)
2021-12-02 14:32:26,644 [8698f9c0-0d63-4edb-bf8f-bb1ca05694ae@group-F34A6D962FBB-StateMachineUpdater] INFO  ratis.ContainerStateMachine (ContainerStateMachine.java:takeSnapshot(303)) - group-F34A6D962FBB: Finished taking a snapshot at:(t:8, i:2) file:/home/runner/work/ozone/ozone/hadoop-ozone/integration-test/target/test-dir/MiniOzoneClusterImpl-fd94144e-5974-489a-b79f-b066564ba6f5/datanode-2/data/ratis/4d19a40b-ff18-4e92-ae45-f34a6d962fbb/sm/snapshot.8_2 took: 1 ms
2021-12-02 14:32:26,644 [ecb5ef9a-e3c1-46e1-bc6e-74dcb14bbdd1@group-2DF00E79AB8C->378d0879-743d-4e9f-84ed-de5a08f6d2b8-GrpcLogAppender-LogAppenderDaemon] WARN  server.GrpcLogAppender (GrpcLogAppender.java:mayWait(177)) - ecb5ef9a-e3c1-46e1-bc6e-74dcb14bbdd1@group-2DF00E79AB8C->378d0879-743d-4e9f-84ed-de5a08f6d2b8-GrpcLogAppender: Wait interrupted by java.lang.InterruptedException
2021-12-02 14:32:26,644 [8698f9c0-0d63-4edb-bf8f-bb1ca05694ae@group-F34A6D962FBB-StateMachineUpdater] INFO  impl.StateMachineUpdater (StateMachineUpdater.java:takeSnapshot(281)) - 8698f9c0-0d63-4edb-bf8f-bb1ca05694ae@group-F34A6D962FBB-StateMachineUpdater: Took a snapshot at index 2
2021-12-02 14:32:26,644 [8698f9c0-0d63-4edb-bf8f-bb1ca05694ae@group-F34A6D962FBB-StateMachineUpdater] INFO  impl.StateMachineUpdater (StateMachineUpdater.java:lambda$new$0(89)) - 8698f9c0-0d63-4edb-bf8f-bb1ca05694ae@group-F34A6D962FBB-StateMachineUpdater: snapshotIndex: updateIncreasingly -1 -> 2
2021-12-02 14:32:26,645 [grpc-default-executor-4] INFO  server.GrpcLogAppender (GrpcLogAppender.java:onCompleted(346)) - 8698f9c0-0d63-4edb-bf8f-bb1ca05694ae@group-F34A6D962FBB->277b06ce-74e8-46b5-b9ba-0eaaec62ec87-AppendLogResponseHandler: follower responses appendEntries COMPLETED
2021-12-02 14:32:26,645 [grpc-default-executor-4] INFO  leader.FollowerInfo (FollowerInfoImpl.java:lambda$new$0(47)) - 8698f9c0-0d63-4edb-bf8f-bb1ca05694ae@group-F34A6D962FBB->277b06ce-74e8-46b5-b9ba-0eaaec62ec87: nextIndex: updateUnconditionally 3 -> 2
2021-12-02 14:32:26,645 [grpc-default-executor-1] INFO  server.GrpcServerProtocolService (GrpcServerProtocolService.java:onCompleted(140)) - 378d0879-743d-4e9f-84ed-de5a08f6d2b8: Completed APPEND_ENTRIES, lastRequest: ecb5ef9a-e3c1-46e1-bc6e-74dcb14bbdd1->378d0879-743d-4e9f-84ed-de5a08f6d2b8#2-t4,previous=(t:4, i:1),leaderCommit=1,initializing? true,entries: size=1, first=(t:4, i:2), METADATAENTRY(c:1)
2021-12-02 14:32:26,648 [grpc-default-executor-4] INFO  server.GrpcLogAppender (GrpcLogAppender.java:onCompleted(346)) - ecb5ef9a-e3c1-46e1-bc6e-74dcb14bbdd1@group-2DF00E79AB8C->378d0879-743d-4e9f-84ed-de5a08f6d2b8-AppendLogResponseHandler: follower responses appendEntries COMPLETED
2021-12-02 14:32:26,648 [grpc-default-executor-4] INFO  leader.FollowerInfo (FollowerInfoImpl.java:lambda$new$0(47)) - ecb5ef9a-e3c1-46e1-bc6e-74dcb14bbdd1@group-2DF00E79AB8C->378d0879-743d-4e9f-84ed-de5a08f6d2b8: nextIndex: updateUnconditionally 3 -> 2
2021-12-02 14:32:26,651 [ForkJoinPool.commonPool-worker-0] INFO  server.RaftServer$Division (ServerState.java:close(419)) - 8698f9c0-0d63-4edb-bf8f-bb1ca05694ae@group-F34A6D962FBB: closes. applyIndex: 2
2021-12-02 14:32:26,651 [Listener at 127.0.0.1/39245] INFO  server.RaftServer$Division (ServerState.java:close(419)) - ecb5ef9a-e3c1-46e1-bc6e-74dcb14bbdd1@group-2DF00E79AB8C: closes. applyIndex: 2
2021-12-02 14:32:26,651 [8698f9c0-0d63-4edb-bf8f-bb1ca05694ae@group-F34A6D962FBB-SegmentedRaftLogWorker] INFO  segmented.SegmentedRaftLogWorker (SegmentedRaftLogWorker.java:run(327)) - 8698f9c0-0d63-4edb-bf8f-bb1ca05694ae@group-F34A6D962FBB-SegmentedRaftLogWorker was interrupted, exiting. There are 0 tasks remaining in the queue.
2021-12-02 14:32:26,651 [ecb5ef9a-e3c1-46e1-bc6e-74dcb14bbdd1@group-2DF00E79AB8C-SegmentedRaftLogWorker] INFO  segmented.SegmentedRaftLogWorker (SegmentedRaftLogWorker.java:run(327)) - ecb5ef9a-e3c1-46e1-bc6e-74dcb14bbdd1@group-2DF00E79AB8C-SegmentedRaftLogWorker was interrupted, exiting. There are 0 tasks remaining in the queue.
2021-12-02 14:32:26,651 [ForkJoinPool.commonPool-worker-0] INFO  segmented.SegmentedRaftLogWorker (SegmentedRaftLogWorker.java:close(237)) - 8698f9c0-0d63-4edb-bf8f-bb1ca05694ae@group-F34A6D962FBB-SegmentedRaftLogWorker close()
2021-12-02 14:32:26,651 [Listener at 127.0.0.1/39245] INFO  segmented.SegmentedRaftLogWorker (SegmentedRaftLogWorker.java:close(237)) - ecb5ef9a-e3c1-46e1-bc6e-74dcb14bbdd1@group-2DF00E79AB8C-SegmentedRaftLogWorker close()
2021-12-02 14:32:26,658 [ForkJoinPool.commonPool-worker-0] INFO  server.GrpcService (GrpcService.java:closeImpl(262)) - 8698f9c0-0d63-4edb-bf8f-bb1ca05694ae: shutdown server with port 46057 now
2021-12-02 14:32:26,658 [Listener at 127.0.0.1/39245] INFO  server.GrpcService (GrpcService.java:closeImpl(262)) - ecb5ef9a-e3c1-46e1-bc6e-74dcb14bbdd1: shutdown server with port 41883 now
2021-12-02 14:32:26,670 [8698f9c0-0d63-4edb-bf8f-bb1ca05694ae@group-F34A6D962FBB->a7b6a586-909c-47a7-a818-e434e5672216-GrpcLogAppender-LogAppenderDaemon] ERROR leader.LogAppenderDaemon (LogAppenderDaemon.java:run(86)) - 8698f9c0-0d63-4edb-bf8f-bb1ca05694ae@group-F34A6D962FBB->a7b6a586-909c-47a7-a818-e434e5672216-GrpcLogAppender-LogAppenderDaemon failed
java.lang.IllegalArgumentException: 8698f9c0-0d63-4edb-bf8f-bb1ca05694ae@group-F34A6D962FBB-SegmentedRaftLog is expected to be opened but it is CLOSED
	at org.apache.ratis.util.OpenCloseState.assertOpen(OpenCloseState.java:63)
	at org.apache.ratis.server.raftlog.RaftLogBase.checkLogState(RaftLogBase.java:107)
	at org.apache.ratis.server.raftlog.segmented.SegmentedRaftLog.getLastEntryTermIndex(SegmentedRaftLog.java:339)
	at org.apache.ratis.server.raftlog.RaftLog.getNextIndex(RaftLog.java:83)
	at org.apache.ratis.server.leader.LogAppenderBase.newAppendEntriesRequest(LogAppenderBase.java:138)
	at org.apache.ratis.grpc.server.GrpcLogAppender.appendLog(GrpcLogAppender.java:213)
	at org.apache.ratis.grpc.server.GrpcLogAppender.run(GrpcLogAppender.java:147)
	at org.apache.ratis.server.leader.LogAppenderDaemon.run(LogAppenderDaemon.java:77)
	at java.lang.Thread.run(Thread.java:748)
Caused by: org.apache.ratis.util.OpenCloseState$CloseTrace: Close 8698f9c0-0d63-4edb-bf8f-bb1ca05694ae@group-F34A6D962FBB-SegmentedRaftLog
	at org.apache.ratis.util.OpenCloseState.lambda$close$1(OpenCloseState.java:109)
	at java.util.concurrent.atomic.AtomicReference.getAndUpdate(AtomicReference.java:160)
	at org.apache.ratis.util.OpenCloseState.close(OpenCloseState.java:109)
	at org.apache.ratis.server.raftlog.RaftLogBase.close(RaftLogBase.java:356)
	at org.apache.ratis.server.raftlog.segmented.SegmentedRaftLog.close(SegmentedRaftLog.java:505)
	at org.apache.ratis.server.impl.ServerState.close(ServerState.java:421)
	at org.apache.ratis.server.impl.RaftServerImpl.lambda$close$4(RaftServerImpl.java:434)
	at org.apache.ratis.util.LifeCycle.lambda$checkStateAndClose$4(LifeCycle.java:299)
	at org.apache.ratis.util.LifeCycle.checkStateAndClose(LifeCycle.java:319)
	at org.apache.ratis.util.LifeCycle.checkStateAndClose(LifeCycle.java:297)
	at org.apache.ratis.server.impl.RaftServerImpl.close(RaftServerImpl.java:411)
	at org.apache.ratis.server.impl.RaftServerProxy$ImplMap.close(RaftServerProxy.java:129)
	at org.apache.ratis.server.impl.RaftServerProxy$ImplMap.lambda$close$0(RaftServerProxy.java:117)
	at java.util.stream.ForEachOps$ForEachOp$OfRef.accept(ForEachOps.java:183)
	at java.util.concurrent.ConcurrentHashMap$EntrySpliterator.forEachRemaining(ConcurrentHashMap.java:3606)
	at java.util.stream.AbstractPipeline.copyInto(AbstractPipeline.java:482)
	at java.util.stream.ForEachOps$ForEachTask.compute(ForEachOps.java:290)
	at java.util.concurrent.CountedCompleter.exec(CountedCompleter.java:731)
	at java.util.concurrent.ForkJoinTask.doExec(ForkJoinTask.java:289)
	at java.util.concurrent.ForkJoinPool.helpComplete(ForkJoinPool.java:1870)
	at java.util.concurrent.ForkJoinPool.awaitJoin(ForkJoinPool.java:2045)
	at java.util.concurrent.ForkJoinTask.doInvoke(ForkJoinTask.java:404)
	at java.util.concurrent.ForkJoinTask.invoke(ForkJoinTask.java:734)
	at java.util.stream.ForEachOps$ForEachOp.evaluateParallel(ForEachOps.java:159)
	at java.util.stream.ForEachOps$ForEachOp$OfRef.evaluateParallel(ForEachOps.java:173)
	at java.util.stream.AbstractPipeline.evaluate(AbstractPipeline.java:233)
	at java.util.stream.ReferencePipeline.forEach(ReferencePipeline.java:485)
	at java.util.stream.ReferencePipeline$Head.forEach(ReferencePipeline.java:650)
	at org.apache.ratis.server.impl.RaftServerProxy$ImplMap.close(RaftServerProxy.java:117)
	at org.apache.ratis.server.impl.RaftServerProxy.lambda$close$6(RaftServerProxy.java:392)
	at org.apache.ratis.util.LifeCycle.lambda$checkStateAndClose$4(LifeCycle.java:299)
	at org.apache.ratis.util.LifeCycle.checkStateAndClose(LifeCycle.java:319)
	at org.apache.ratis.util.LifeCycle.checkStateAndClose(LifeCycle.java:297)
	at org.apache.ratis.server.impl.RaftServerProxy.close(RaftServerProxy.java:390)
	at org.apache.hadoop.ozone.container.common.transport.server.ratis.XceiverServerRatis.stop(XceiverServerRatis.java:516)
	at org.apache.hadoop.ozone.container.ozoneimpl.OzoneContainer.stop(OzoneContainer.java:328)
	at org.apache.hadoop.ozone.container.common.statemachine.DatanodeStateMachine.close(DatanodeStateMachine.java:380)
	at org.apache.hadoop.ozone.container.common.statemachine.DatanodeStateMachine.stopDaemon(DatanodeStateMachine.java:525)
	at org.apache.hadoop.ozone.HddsDatanodeService.stop(HddsDatanodeService.java:587)
	at org.apache.hadoop.ozone.MiniOzoneClusterImpl.stopDatanode(MiniOzoneClusterImpl.java:535)
	at java.util.stream.ForEachOps$ForEachOp$OfRef.accept(ForEachOps.java:183)
	at java.util.ArrayList$ArrayListSpliterator.forEachRemaining(ArrayList.java:1384)
	at java.util.stream.AbstractPipeline.copyInto(AbstractPipeline.java:482)
	at java.util.stream.ForEachOps$ForEachTask.compute(ForEachOps.java:290)
	at java.util.concurrent.CountedCompleter.exec(CountedCompleter.java:731)
	at java.util.concurrent.ForkJoinTask.doExec(ForkJoinTask.java:289)
	at java.util.concurrent.ForkJoinPool$WorkQueue.execLocalTasks(ForkJoinPool.java:1040)
	at java.util.concurrent.ForkJoinPool$WorkQueue.runTask(ForkJoinPool.java:1058)
	at java.util.concurrent.ForkJoinPool.runWorker(ForkJoinPool.java:1692)
	at java.util.concurrent.ForkJoinWorkerThread.run(ForkJoinWorkerThread.java:175)
2021-12-02 14:32:26,697 [grpc-default-executor-4] WARN  client.GrpcClientProtocolService (LogUtils.java:warn(122)) - 2-UnorderedRequestStreamObserver2: onError: org.apache.ratis.thirdparty.io.grpc.StatusRuntimeException: CANCELLED: client cancelled
2021-12-02 14:32:26,698 [ForkJoinPool.commonPool-worker-0] INFO  server.GrpcService (GrpcService.java:closeImpl(271)) - 8698f9c0-0d63-4edb-bf8f-bb1ca05694ae: shutdown server with port 46057 successfully
2021-12-02 14:32:26,737 [Listener at 127.0.0.1/39245] INFO  server.GrpcService (GrpcService.java:closeImpl(271)) - ecb5ef9a-e3c1-46e1-bc6e-74dcb14bbdd1: shutdown server with port 41883 successfully
2021-12-02 14:32:26,738 [org.apache.ratis.util.JvmPauseMonitor$$Lambda$533/748004564@3fabb25] INFO  util.JvmPauseMonitor (JvmPauseMonitor.java:run(109)) - JvmPauseMonitor-ecb5ef9a-e3c1-46e1-bc6e-74dcb14bbdd1: Stopped
2021-12-02 14:32:26,763 [org.apache.ratis.util.JvmPauseMonitor$$Lambda$533/748004564@cf879d7] INFO  util.JvmPauseMonitor (JvmPauseMonitor.java:run(109)) - JvmPauseMonitor-8698f9c0-0d63-4edb-bf8f-bb1ca05694ae: Stopped
2021-12-02 14:32:26,793 [ForkJoinPool.commonPool-worker-0] INFO  utils.BackgroundService (BackgroundService.java:shutdown(132)) - Shutting down service BlockDeletingService
2021-12-02 14:32:26,830 [Listener at 127.0.0.1/39245] INFO  utils.BackgroundService (BackgroundService.java:shutdown(132)) - Shutting down service BlockDeletingService
2021-12-02 14:32:29,800 [ForkJoinPool.commonPool-worker-0] INFO  statemachine.DatanodeStateMachine (DatanodeStateMachine.java:stopDaemon(526)) - Ozone container server stopped.
2021-12-02 14:32:29,813 [ForkJoinPool.commonPool-worker-0] INFO  handler.ContextHandler (ContextHandler.java:doStop(1153)) - Stopped o.e.j.w.WebAppContext@712fefa{hddsDatanode,/,null,STOPPED}{jar:file:/home/runner/.m2/repository/org/apache/ozone/hdds-container-service/1.3.0-SNAPSHOT/hdds-container-service-1.3.0-SNAPSHOT.jar!/webapps/hddsDatanode}
2021-12-02 14:32:29,813 [ForkJoinPool.commonPool-worker-0] INFO  server.AbstractConnector (AbstractConnector.java:doStop(381)) - Stopped ServerConnector@583b7371{HTTP/1.1, (http/1.1)}{0.0.0.0:0}
2021-12-02 14:32:29,813 [ForkJoinPool.commonPool-worker-0] INFO  server.session (HouseKeeper.java:stopScavenging(149)) - node0 Stopped scavenging
2021-12-02 14:32:29,818 [ForkJoinPool.commonPool-worker-0] INFO  handler.ContextHandler (ContextHandler.java:doStop(1153)) - Stopped o.e.j.s.ServletContextHandler@1140715f{static,/static,jar:file:/home/runner/.m2/repository/org/apache/ozone/hdds-container-service/1.3.0-SNAPSHOT/hdds-container-service-1.3.0-SNAPSHOT.jar!/webapps/static,STOPPED}
2021-12-02 14:32:29,819 [ForkJoinPool.commonPool-worker-0] INFO  handler.ContextHandler (ContextHandler.java:doStop(1153)) - Stopped o.e.j.s.ServletContextHandler@3f36ee35{logs,/logs,file:///home/runner/work/ozone/ozone/hadoop-ozone/integration-test/target/log,STOPPED}
2021-12-02 14:32:29,832 [Listener at 127.0.0.1/39245] INFO  statemachine.DatanodeStateMachine (DatanodeStateMachine.java:stopDaemon(526)) - Ozone container server stopped.
2021-12-02 14:32:29,833 [Listener at 127.0.0.1/39245] INFO  handler.ContextHandler (ContextHandler.java:doStop(1153)) - Stopped o.e.j.w.WebAppContext@722b0b33{hddsDatanode,/,null,STOPPED}{jar:file:/home/runner/.m2/repository/org/apache/ozone/hdds-container-service/1.3.0-SNAPSHOT/hdds-container-service-1.3.0-SNAPSHOT.jar!/webapps/hddsDatanode}
2021-12-02 14:32:29,837 [Listener at 127.0.0.1/39245] INFO  server.AbstractConnector (AbstractConnector.java:doStop(381)) - Stopped ServerConnector@7df33c01{HTTP/1.1, (http/1.1)}{0.0.0.0:0}
2021-12-02 14:32:29,837 [Listener at 127.0.0.1/39245] INFO  server.session (HouseKeeper.java:stopScavenging(149)) - node0 Stopped scavenging
2021-12-02 14:32:29,837 [Listener at 127.0.0.1/39245] INFO  handler.ContextHandler (ContextHandler.java:doStop(1153)) - Stopped o.e.j.s.ServletContextHandler@57c993c1{static,/static,jar:file:/home/runner/.m2/repository/org/apache/ozone/hdds-container-service/1.3.0-SNAPSHOT/hdds-container-service-1.3.0-SNAPSHOT.jar!/webapps/static,STOPPED}
2021-12-02 14:32:29,837 [Listener at 127.0.0.1/39245] INFO  handler.ContextHandler (ContextHandler.java:doStop(1153)) - Stopped o.e.j.s.ServletContextHandler@708b7b31{logs,/logs,file:///home/runner/work/ozone/ozone/hadoop-ozone/integration-test/target/log,STOPPED}
2021-12-02 14:32:30,878 [EventQueue-StaleNodeForStaleNodeHandler] INFO  node.StaleNodeHandler (StaleNodeHandler.java:onMessage(58)) - Datanode 8698f9c0-0d63-4edb-bf8f-bb1ca05694ae{ip: 10.1.0.16, host: fv-az59-375.csjynl4pkq3e1pkirw3ssqjfoh.cx.internal.cloudapp.net, ports: [REPLICATION=42607, RATIS=46057, RATIS_ADMIN=46057, RATIS_SERVER=46057, STANDALONE=45611], networkLocation: /default-rack, certSerialId: null, persistedOpState: IN_SERVICE, persistedOpStateExpiryEpochSec: 0} moved to stale state. Finalizing its pipelines [PipelineID=ad76ff9c-4ca6-4f86-9f39-af37f28d5c2b, PipelineID=86fd732d-83db-4bb4-8521-218c52d3b0e5, PipelineID=4d19a40b-ff18-4e92-ae45-f34a6d962fbb]
2021-12-02 14:32:30,878 [EventQueue-StaleNodeForStaleNodeHandler] INFO  pipeline.PipelineManagerImpl (PipelineManagerImpl.java:closePipeline(349)) - Pipeline Pipeline[ Id: ad76ff9c-4ca6-4f86-9f39-af37f28d5c2b, Nodes: 8698f9c0-0d63-4edb-bf8f-bb1ca05694ae{ip: 10.1.0.16, host: fv-az59-375.csjynl4pkq3e1pkirw3ssqjfoh.cx.internal.cloudapp.net, ports: [REPLICATION=42607, RATIS=46057, RATIS_ADMIN=46057, RATIS_SERVER=46057, STANDALONE=45611], networkLocation: /default-rack, certSerialId: null, persistedOpState: IN_SERVICE, persistedOpStateExpiryEpochSec: 0}, ReplicationConfig: RATIS/ONE, State:OPEN, leaderId:8698f9c0-0d63-4edb-bf8f-bb1ca05694ae, CreationTimestamp2021-12-02T14:31:28.273Z[Etc/UTC]] moved to CLOSED state
2021-12-02 14:32:30,979 [EventQueue-StaleNodeForStaleNodeHandler] INFO  node.StaleNodeHandler (StaleNodeHandler.java:onMessage(58)) - Datanode ecb5ef9a-e3c1-46e1-bc6e-74dcb14bbdd1{ip: 10.1.0.16, host: fv-az59-375.csjynl4pkq3e1pkirw3ssqjfoh.cx.internal.cloudapp.net, ports: [REPLICATION=40215, RATIS=41883, RATIS_ADMIN=41883, RATIS_SERVER=41883, STANDALONE=34895], networkLocation: /default-rack, certSerialId: null, persistedOpState: IN_SERVICE, persistedOpStateExpiryEpochSec: 0} moved to stale state. Finalizing its pipelines [PipelineID=323063ed-2383-4d68-970b-796b449faa69, PipelineID=d25f02da-a277-4466-a3ea-a6321d7c8b44, PipelineID=a4f3e589-f13b-489d-90d4-2df00e79ab8c]
2021-12-02 14:32:30,980 [EventQueue-StaleNodeForStaleNodeHandler] INFO  pipeline.PipelineManagerImpl (PipelineManagerImpl.java:closePipeline(349)) - Pipeline Pipeline[ Id: d25f02da-a277-4466-a3ea-a6321d7c8b44, Nodes: ecb5ef9a-e3c1-46e1-bc6e-74dcb14bbdd1{ip: 10.1.0.16, host: fv-az59-375.csjynl4pkq3e1pkirw3ssqjfoh.cx.internal.cloudapp.net, ports: [REPLICATION=40215, RATIS=41883, RATIS_ADMIN=41883, RATIS_SERVER=41883, STANDALONE=34895], networkLocation: /default-rack, certSerialId: null, persistedOpState: IN_SERVICE, persistedOpStateExpiryEpochSec: 0}, ReplicationConfig: RATIS/ONE, State:OPEN, leaderId:ecb5ef9a-e3c1-46e1-bc6e-74dcb14bbdd1, CreationTimestamp2021-12-02T14:31:28.629Z[Etc/UTC]] moved to CLOSED state
2021-12-02 14:32:32,026 [277b06ce-74e8-46b5-b9ba-0eaaec62ec87@group-F34A6D962FBB-FollowerState] INFO  impl.FollowerState (FollowerState.java:run(134)) - 277b06ce-74e8-46b5-b9ba-0eaaec62ec87@group-F34A6D962FBB-FollowerState: change to CANDIDATE, lastRpcElapsedTime:7409232242ns, electionTimeout:5044ms
2021-12-02 14:32:32,026 [277b06ce-74e8-46b5-b9ba-0eaaec62ec87@group-F34A6D962FBB-FollowerState] INFO  impl.RoleInfo (RoleInfo.java:shutdownFollowerState(108)) - 277b06ce-74e8-46b5-b9ba-0eaaec62ec87: shutdown 277b06ce-74e8-46b5-b9ba-0eaaec62ec87@group-F34A6D962FBB-FollowerState
2021-12-02 14:32:32,026 [277b06ce-74e8-46b5-b9ba-0eaaec62ec87@group-F34A6D962FBB-FollowerState] INFO  server.RaftServer$Division (RaftServerImpl.java:setRole(290)) - 277b06ce-74e8-46b5-b9ba-0eaaec62ec87@group-F34A6D962FBB: changes role from  FOLLOWER to CANDIDATE at term 8 for changeToCandidate
2021-12-02 14:32:32,026 [277b06ce-74e8-46b5-b9ba-0eaaec62ec87@group-F34A6D962FBB-FollowerState] INFO  server.RaftServerConfigKeys (ConfUtils.java:logGet(44)) - raft.server.leaderelection.pre-vote = false (custom)
2021-12-02 14:32:32,026 [277b06ce-74e8-46b5-b9ba-0eaaec62ec87@group-F34A6D962FBB-FollowerState] INFO  impl.RoleInfo (RoleInfo.java:updateAndGet(130)) - 277b06ce-74e8-46b5-b9ba-0eaaec62ec87: start 277b06ce-74e8-46b5-b9ba-0eaaec62ec87@group-F34A6D962FBB-LeaderElection146
2021-12-02 14:32:32,028 [277b06ce-74e8-46b5-b9ba-0eaaec62ec87@group-F34A6D962FBB-LeaderElection146] INFO  server.RaftServer$Division (ServerState.java:setLeader(285)) - 277b06ce-74e8-46b5-b9ba-0eaaec62ec87@group-F34A6D962FBB: change Leader from 8698f9c0-0d63-4edb-bf8f-bb1ca05694ae to null at term 8 for ELECTION
2021-12-02 14:32:32,031 [277b06ce-74e8-46b5-b9ba-0eaaec62ec87@group-F34A6D962FBB-LeaderElection146] INFO  impl.LeaderElection (LeaderElection.java:askForVotes(306)) - 277b06ce-74e8-46b5-b9ba-0eaaec62ec87@group-F34A6D962FBB-LeaderElection146 ELECTION round 0: submit vote requests at term 9 for 1: [a7b6a586-909c-47a7-a818-e434e5672216|rpc:10.1.0.16:38677|dataStream:|priority:1, 8698f9c0-0d63-4edb-bf8f-bb1ca05694ae|rpc:10.1.0.16:46057|dataStream:|priority:0, 277b06ce-74e8-46b5-b9ba-0eaaec62ec87|rpc:10.1.0.16:37685|dataStream:|priority:0], old=null
2021-12-02 14:32:32,042 [277b06ce-74e8-46b5-b9ba-0eaaec62ec87@group-F34A6D962FBB-LeaderElection146] INFO  impl.LeaderElection (LogUtils.java:infoOrTrace(137)) - 277b06ce-74e8-46b5-b9ba-0eaaec62ec87@group-F34A6D962FBB-LeaderElection146 got exception when requesting votes: java.util.concurrent.ExecutionException: org.apache.ratis.thirdparty.io.grpc.StatusRuntimeException: UNAVAILABLE: io exception
2021-12-02 14:32:32,044 [277b06ce-74e8-46b5-b9ba-0eaaec62ec87@group-F34A6D962FBB-LeaderElection146] INFO  impl.LeaderElection (LogUtils.java:infoOrTrace(137)) - 277b06ce-74e8-46b5-b9ba-0eaaec62ec87@group-F34A6D962FBB-LeaderElection146 got exception when requesting votes: java.util.concurrent.ExecutionException: org.apache.ratis.thirdparty.io.grpc.StatusRuntimeException: UNAVAILABLE: io exception
2021-12-02 14:32:32,044 [277b06ce-74e8-46b5-b9ba-0eaaec62ec87@group-F34A6D962FBB-LeaderElection146] INFO  impl.LeaderElection (LeaderElection.java:logAndReturn(89)) - 277b06ce-74e8-46b5-b9ba-0eaaec62ec87@group-F34A6D962FBB-LeaderElection146: ELECTION REJECTED received 0 response(s) and 2 exception(s):
2021-12-02 14:32:32,044 [277b06ce-74e8-46b5-b9ba-0eaaec62ec87@group-F34A6D962FBB-LeaderElection146] INFO  impl.LeaderElection (LogUtils.java:infoOrTrace(137)) -   Exception 0: java.util.concurrent.ExecutionException: org.apache.ratis.thirdparty.io.grpc.StatusRuntimeException: UNAVAILABLE: io exception
2021-12-02 14:32:32,044 [277b06ce-74e8-46b5-b9ba-0eaaec62ec87@group-F34A6D962FBB-LeaderElection146] INFO  impl.LeaderElection (LogUtils.java:infoOrTrace(137)) -   Exception 1: java.util.concurrent.ExecutionException: org.apache.ratis.thirdparty.io.grpc.StatusRuntimeException: UNAVAILABLE: io exception
2021-12-02 14:32:32,044 [277b06ce-74e8-46b5-b9ba-0eaaec62ec87@group-F34A6D962FBB-LeaderElection146] INFO  impl.LeaderElection (LeaderElection.java:askForVotes(308)) - 277b06ce-74e8-46b5-b9ba-0eaaec62ec87@group-F34A6D962FBB-LeaderElection146 ELECTION round 0: result REJECTED
2021-12-02 14:32:32,044 [277b06ce-74e8-46b5-b9ba-0eaaec62ec87@group-F34A6D962FBB-LeaderElection146] INFO  server.RaftServer$Division (RaftServerImpl.java:setRole(290)) - 277b06ce-74e8-46b5-b9ba-0eaaec62ec87@group-F34A6D962FBB: changes role from CANDIDATE to FOLLOWER at term 9 for REJECTED
2021-12-02 14:32:32,044 [277b06ce-74e8-46b5-b9ba-0eaaec62ec87@group-F34A6D962FBB-LeaderElection146] INFO  impl.RoleInfo (RoleInfo.java:shutdownLeaderElection(121)) - 277b06ce-74e8-46b5-b9ba-0eaaec62ec87: shutdown 277b06ce-74e8-46b5-b9ba-0eaaec62ec87@group-F34A6D962FBB-LeaderElection146
2021-12-02 14:32:32,045 [277b06ce-74e8-46b5-b9ba-0eaaec62ec87@group-F34A6D962FBB-LeaderElection146] INFO  impl.RoleInfo (RoleInfo.java:updateAndGet(130)) - 277b06ce-74e8-46b5-b9ba-0eaaec62ec87: start 277b06ce-74e8-46b5-b9ba-0eaaec62ec87@group-F34A6D962FBB-FollowerState
2021-12-02 14:32:32,275 [277b06ce-74e8-46b5-b9ba-0eaaec62ec87@group-218C52D3B0E5-FollowerState] INFO  impl.FollowerState (FollowerState.java:run(134)) - 277b06ce-74e8-46b5-b9ba-0eaaec62ec87@group-218C52D3B0E5-FollowerState: change to CANDIDATE, lastRpcElapsedTime:7425682480ns, electionTimeout:5032ms
2021-12-02 14:32:32,275 [277b06ce-74e8-46b5-b9ba-0eaaec62ec87@group-218C52D3B0E5-FollowerState] INFO  impl.RoleInfo (RoleInfo.java:shutdownFollowerState(108)) - 277b06ce-74e8-46b5-b9ba-0eaaec62ec87: shutdown 277b06ce-74e8-46b5-b9ba-0eaaec62ec87@group-218C52D3B0E5-FollowerState
2021-12-02 14:32:32,275 [277b06ce-74e8-46b5-b9ba-0eaaec62ec87@group-218C52D3B0E5-FollowerState] INFO  server.RaftServer$Division (RaftServerImpl.java:setRole(290)) - 277b06ce-74e8-46b5-b9ba-0eaaec62ec87@group-218C52D3B0E5: changes role from  FOLLOWER to CANDIDATE at term 9 for changeToCandidate
2021-12-02 14:32:32,275 [277b06ce-74e8-46b5-b9ba-0eaaec62ec87@group-218C52D3B0E5-FollowerState] INFO  server.RaftServerConfigKeys (ConfUtils.java:logGet(44)) - raft.server.leaderelection.pre-vote = false (custom)
2021-12-02 14:32:32,275 [277b06ce-74e8-46b5-b9ba-0eaaec62ec87@group-218C52D3B0E5-FollowerState] INFO  impl.RoleInfo (RoleInfo.java:updateAndGet(130)) - 277b06ce-74e8-46b5-b9ba-0eaaec62ec87: start 277b06ce-74e8-46b5-b9ba-0eaaec62ec87@group-218C52D3B0E5-LeaderElection147
2021-12-02 14:32:32,276 [277b06ce-74e8-46b5-b9ba-0eaaec62ec87@group-218C52D3B0E5-LeaderElection147] INFO  server.RaftServer$Division (ServerState.java:setLeader(285)) - 277b06ce-74e8-46b5-b9ba-0eaaec62ec87@group-218C52D3B0E5: change Leader from 8698f9c0-0d63-4edb-bf8f-bb1ca05694ae to null at term 9 for ELECTION
2021-12-02 14:32:32,280 [277b06ce-74e8-46b5-b9ba-0eaaec62ec87@group-218C52D3B0E5-LeaderElection147] INFO  impl.LeaderElection (LeaderElection.java:askForVotes(306)) - 277b06ce-74e8-46b5-b9ba-0eaaec62ec87@group-218C52D3B0E5-LeaderElection147 ELECTION round 0: submit vote requests at term 10 for 1: [a7b6a586-909c-47a7-a818-e434e5672216|rpc:10.1.0.16:38677|dataStream:|priority:0, 8698f9c0-0d63-4edb-bf8f-bb1ca05694ae|rpc:10.1.0.16:46057|dataStream:|priority:1, 277b06ce-74e8-46b5-b9ba-0eaaec62ec87|rpc:10.1.0.16:37685|dataStream:|priority:0], old=null
2021-12-02 14:32:32,283 [277b06ce-74e8-46b5-b9ba-0eaaec62ec87@group-218C52D3B0E5-LeaderElection147] INFO  impl.LeaderElection (LogUtils.java:infoOrTrace(137)) - 277b06ce-74e8-46b5-b9ba-0eaaec62ec87@group-218C52D3B0E5-LeaderElection147 got exception when requesting votes: java.util.concurrent.ExecutionException: org.apache.ratis.thirdparty.io.grpc.StatusRuntimeException: UNAVAILABLE: io exception
2021-12-02 14:32:32,283 [277b06ce-74e8-46b5-b9ba-0eaaec62ec87@group-218C52D3B0E5-LeaderElection147] INFO  impl.LeaderElection (LogUtils.java:infoOrTrace(137)) - 277b06ce-74e8-46b5-b9ba-0eaaec62ec87@group-218C52D3B0E5-LeaderElection147 got exception when requesting votes: java.util.concurrent.ExecutionException: org.apache.ratis.thirdparty.io.grpc.StatusRuntimeException: UNAVAILABLE: io exception
2021-12-02 14:32:32,283 [277b06ce-74e8-46b5-b9ba-0eaaec62ec87@group-218C52D3B0E5-LeaderElection147] INFO  impl.LeaderElection (LeaderElection.java:logAndReturn(89)) - 277b06ce-74e8-46b5-b9ba-0eaaec62ec87@group-218C52D3B0E5-LeaderElection147: ELECTION REJECTED received 0 response(s) and 2 exception(s):
2021-12-02 14:32:32,283 [277b06ce-74e8-46b5-b9ba-0eaaec62ec87@group-218C52D3B0E5-LeaderElection147] INFO  impl.LeaderElection (LogUtils.java:infoOrTrace(137)) -   Exception 0: java.util.concurrent.ExecutionException: org.apache.ratis.thirdparty.io.grpc.StatusRuntimeException: UNAVAILABLE: io exception
2021-12-02 14:32:32,283 [277b06ce-74e8-46b5-b9ba-0eaaec62ec87@group-218C52D3B0E5-LeaderElection147] INFO  impl.LeaderElection (LogUtils.java:infoOrTrace(137)) -   Exception 1: java.util.concurrent.ExecutionException: org.apache.ratis.thirdparty.io.grpc.StatusRuntimeException: UNAVAILABLE: io exception
2021-12-02 14:32:32,283 [277b06ce-74e8-46b5-b9ba-0eaaec62ec87@group-218C52D3B0E5-LeaderElection147] INFO  impl.LeaderElection (LeaderElection.java:askForVotes(308)) - 277b06ce-74e8-46b5-b9ba-0eaaec62ec87@group-218C52D3B0E5-LeaderElection147 ELECTION round 0: result REJECTED
2021-12-02 14:32:32,283 [277b06ce-74e8-46b5-b9ba-0eaaec62ec87@group-218C52D3B0E5-LeaderElection147] INFO  server.RaftServer$Division (RaftServerImpl.java:setRole(290)) - 277b06ce-74e8-46b5-b9ba-0eaaec62ec87@group-218C52D3B0E5: changes role from CANDIDATE to FOLLOWER at term 10 for REJECTED
2021-12-02 14:32:32,284 [277b06ce-74e8-46b5-b9ba-0eaaec62ec87@group-218C52D3B0E5-LeaderElection147] INFO  impl.RoleInfo (RoleInfo.java:shutdownLeaderElection(121)) - 277b06ce-74e8-46b5-b9ba-0eaaec62ec87: shutdown 277b06ce-74e8-46b5-b9ba-0eaaec62ec87@group-218C52D3B0E5-LeaderElection147
2021-12-02 14:32:32,284 [277b06ce-74e8-46b5-b9ba-0eaaec62ec87@group-218C52D3B0E5-LeaderElection147] INFO  impl.RoleInfo (RoleInfo.java:updateAndGet(130)) - 277b06ce-74e8-46b5-b9ba-0eaaec62ec87: start 277b06ce-74e8-46b5-b9ba-0eaaec62ec87@group-218C52D3B0E5-FollowerState
2021-12-02 14:32:32,586 [EventQueue-DeadNodeForDeadNodeHandler] INFO  node.DeadNodeHandler (DeadNodeHandler.java:onMessage(80)) - A dead datanode is detected. a7b6a586-909c-47a7-a818-e434e5672216{ip: 10.1.0.16, host: fv-az59-375.csjynl4pkq3e1pkirw3ssqjfoh.cx.internal.cloudapp.net, ports: [REPLICATION=41303, RATIS=38677, RATIS_ADMIN=38677, RATIS_SERVER=38677, STANDALONE=45225], networkLocation: /default-rack, certSerialId: null, persistedOpState: IN_SERVICE, persistedOpStateExpiryEpochSec: 0}
2021-12-02 14:32:32,586 [EventQueue-DeadNodeForDeadNodeHandler] INFO  pipeline.RatisPipelineProvider (RatisPipelineProvider.java:lambda$close$1(222)) - Send pipeline:PipelineID=c0c5fcd2-e210-4ac4-97db-fb5afe99d0ab close command to datanode a7b6a586-909c-47a7-a818-e434e5672216
2021-12-02 14:32:32,589 [EventQueue-DeadNodeForDeadNodeHandler] INFO  pipeline.PipelineStateManagerImpl (PipelineStateManagerImpl.java:removePipeline(223)) - Pipeline Pipeline[ Id: c0c5fcd2-e210-4ac4-97db-fb5afe99d0ab, Nodes: a7b6a586-909c-47a7-a818-e434e5672216{ip: 10.1.0.16, host: fv-az59-375.csjynl4pkq3e1pkirw3ssqjfoh.cx.internal.cloudapp.net, ports: [REPLICATION=41303, RATIS=38677, RATIS_ADMIN=38677, RATIS_SERVER=38677, STANDALONE=45225], networkLocation: /default-rack, certSerialId: null, persistedOpState: IN_SERVICE, persistedOpStateExpiryEpochSec: 0}, ReplicationConfig: RATIS/ONE, State:CLOSED, leaderId:a7b6a586-909c-47a7-a818-e434e5672216, CreationTimestamp2021-12-02T14:31:27.779Z[Etc/UTC]] removed.
2021-12-02 14:32:32,589 [EventQueue-DeadNodeForDeadNodeHandler] INFO  pipeline.RatisPipelineProvider (RatisPipelineProvider.java:lambda$close$1(222)) - Send pipeline:PipelineID=86fd732d-83db-4bb4-8521-218c52d3b0e5 close command to datanode 8698f9c0-0d63-4edb-bf8f-bb1ca05694ae
2021-12-02 14:32:32,589 [EventQueue-DeadNodeForDeadNodeHandler] INFO  pipeline.RatisPipelineProvider (RatisPipelineProvider.java:lambda$close$1(222)) - Send pipeline:PipelineID=86fd732d-83db-4bb4-8521-218c52d3b0e5 close command to datanode 277b06ce-74e8-46b5-b9ba-0eaaec62ec87
2021-12-02 14:32:32,589 [EventQueue-DeadNodeForDeadNodeHandler] INFO  pipeline.RatisPipelineProvider (RatisPipelineProvider.java:lambda$close$1(222)) - Send pipeline:PipelineID=86fd732d-83db-4bb4-8521-218c52d3b0e5 close command to datanode a7b6a586-909c-47a7-a818-e434e5672216
2021-12-02 14:32:32,589 [EventQueue-DeadNodeForDeadNodeHandler] INFO  pipeline.PipelineStateManagerImpl (PipelineStateManagerImpl.java:removePipeline(223)) - Pipeline Pipeline[ Id: 86fd732d-83db-4bb4-8521-218c52d3b0e5, Nodes: 8698f9c0-0d63-4edb-bf8f-bb1ca05694ae{ip: 10.1.0.16, host: fv-az59-375.csjynl4pkq3e1pkirw3ssqjfoh.cx.internal.cloudapp.net, ports: [REPLICATION=42607, RATIS=46057, RATIS_ADMIN=46057, RATIS_SERVER=46057, STANDALONE=45611], networkLocation: /default-rack, certSerialId: null, persistedOpState: IN_SERVICE, persistedOpStateExpiryEpochSec: 0}277b06ce-74e8-46b5-b9ba-0eaaec62ec87{ip: 10.1.0.16, host: fv-az59-375.csjynl4pkq3e1pkirw3ssqjfoh.cx.internal.cloudapp.net, ports: [REPLICATION=41607, RATIS=37685, RATIS_ADMIN=37685, RATIS_SERVER=37685, STANDALONE=37559], networkLocation: /default-rack, certSerialId: null, persistedOpState: IN_SERVICE, persistedOpStateExpiryEpochSec: 0}a7b6a586-909c-47a7-a818-e434e5672216{ip: 10.1.0.16, host: fv-az59-375.csjynl4pkq3e1pkirw3ssqjfoh.cx.internal.cloudapp.net, ports: [REPLICATION=41303, RATIS=38677, RATIS_ADMIN=38677, RATIS_SERVER=38677, STANDALONE=45225], networkLocation: /default-rack, certSerialId: null, persistedOpState: IN_SERVICE, persistedOpStateExpiryEpochSec: 0}, ReplicationConfig: RATIS/THREE, State:CLOSED, leaderId:8698f9c0-0d63-4edb-bf8f-bb1ca05694ae, CreationTimestamp2021-12-02T14:31:28.274Z[Etc/UTC]] removed.
2021-12-02 14:32:32,589 [EventQueue-DeadNodeForDeadNodeHandler] INFO  pipeline.RatisPipelineProvider (RatisPipelineProvider.java:lambda$close$1(222)) - Send pipeline:PipelineID=4d19a40b-ff18-4e92-ae45-f34a6d962fbb close command to datanode a7b6a586-909c-47a7-a818-e434e5672216
2021-12-02 14:32:32,590 [EventQueue-DeadNodeForDeadNodeHandler] INFO  pipeline.RatisPipelineProvider (RatisPipelineProvider.java:lambda$close$1(222)) - Send pipeline:PipelineID=4d19a40b-ff18-4e92-ae45-f34a6d962fbb close command to datanode 8698f9c0-0d63-4edb-bf8f-bb1ca05694ae
2021-12-02 14:32:32,590 [EventQueue-DeadNodeForDeadNodeHandler] INFO  pipeline.RatisPipelineProvider (RatisPipelineProvider.java:lambda$close$1(222)) - Send pipeline:PipelineID=4d19a40b-ff18-4e92-ae45-f34a6d962fbb close command to datanode 277b06ce-74e8-46b5-b9ba-0eaaec62ec87
2021-12-02 14:32:32,590 [EventQueue-DeadNodeForDeadNodeHandler] INFO  pipeline.PipelineStateManagerImpl (PipelineStateManagerImpl.java:removePipeline(223)) - Pipeline Pipeline[ Id: 4d19a40b-ff18-4e92-ae45-f34a6d962fbb, Nodes: a7b6a586-909c-47a7-a818-e434e5672216{ip: 10.1.0.16, host: fv-az59-375.csjynl4pkq3e1pkirw3ssqjfoh.cx.internal.cloudapp.net, ports: [REPLICATION=41303, RATIS=38677, RATIS_ADMIN=38677, RATIS_SERVER=38677, STANDALONE=45225], networkLocation: /default-rack, certSerialId: null, persistedOpState: IN_SERVICE, persistedOpStateExpiryEpochSec: 0}8698f9c0-0d63-4edb-bf8f-bb1ca05694ae{ip: 10.1.0.16, host: fv-az59-375.csjynl4pkq3e1pkirw3ssqjfoh.cx.internal.cloudapp.net, ports: [REPLICATION=42607, RATIS=46057, RATIS_ADMIN=46057, RATIS_SERVER=46057, STANDALONE=45611], networkLocation: /default-rack, certSerialId: null, persistedOpState: IN_SERVICE, persistedOpStateExpiryEpochSec: 0}277b06ce-74e8-46b5-b9ba-0eaaec62ec87{ip: 10.1.0.16, host: fv-az59-375.csjynl4pkq3e1pkirw3ssqjfoh.cx.internal.cloudapp.net, ports: [REPLICATION=41607, RATIS=37685, RATIS_ADMIN=37685, RATIS_SERVER=37685, STANDALONE=37559], networkLocation: /default-rack, certSerialId: null, persistedOpState: IN_SERVICE, persistedOpStateExpiryEpochSec: 0}, ReplicationConfig: RATIS/THREE, State:CLOSED, leaderId:a7b6a586-909c-47a7-a818-e434e5672216, CreationTimestamp2021-12-02T14:31:28.273Z[Etc/UTC]] removed.
2021-12-02 14:32:32,590 [EventQueue-DeadNodeForDeadNodeHandler] INFO  net.NetworkTopologyImpl (NetworkTopologyImpl.java:remove(137)) - Removed a node: /default-rack/a7b6a586-909c-47a7-a818-e434e5672216
2021-12-02 14:32:32,986 [EventQueue-DeadNodeForDeadNodeHandler] INFO  node.DeadNodeHandler (DeadNodeHandler.java:onMessage(80)) - A dead datanode is detected. 880aaef5-a54e-4898-af17-abc2dce457d4{ip: 10.1.0.16, host: fv-az59-375.csjynl4pkq3e1pkirw3ssqjfoh.cx.internal.cloudapp.net, ports: [REPLICATION=44029, RATIS=38967, RATIS_ADMIN=38967, RATIS_SERVER=38967, STANDALONE=44995], networkLocation: /default-rack, certSerialId: null, persistedOpState: IN_SERVICE, persistedOpStateExpiryEpochSec: 0}
2021-12-02 14:32:32,987 [EventQueue-DeadNodeForDeadNodeHandler] INFO  pipeline.RatisPipelineProvider (RatisPipelineProvider.java:lambda$close$1(222)) - Send pipeline:PipelineID=323063ed-2383-4d68-970b-796b449faa69 close command to datanode 880aaef5-a54e-4898-af17-abc2dce457d4
2021-12-02 14:32:32,987 [EventQueue-DeadNodeForDeadNodeHandler] INFO  pipeline.RatisPipelineProvider (RatisPipelineProvider.java:lambda$close$1(222)) - Send pipeline:PipelineID=323063ed-2383-4d68-970b-796b449faa69 close command to datanode ecb5ef9a-e3c1-46e1-bc6e-74dcb14bbdd1
2021-12-02 14:32:32,987 [EventQueue-DeadNodeForDeadNodeHandler] INFO  pipeline.RatisPipelineProvider (RatisPipelineProvider.java:lambda$close$1(222)) - Send pipeline:PipelineID=323063ed-2383-4d68-970b-796b449faa69 close command to datanode 378d0879-743d-4e9f-84ed-de5a08f6d2b8
2021-12-02 14:32:32,987 [EventQueue-DeadNodeForDeadNodeHandler] INFO  pipeline.PipelineStateManagerImpl (PipelineStateManagerImpl.java:removePipeline(223)) - Pipeline Pipeline[ Id: 323063ed-2383-4d68-970b-796b449faa69, Nodes: 880aaef5-a54e-4898-af17-abc2dce457d4{ip: 10.1.0.16, host: fv-az59-375.csjynl4pkq3e1pkirw3ssqjfoh.cx.internal.cloudapp.net, ports: [REPLICATION=44029, RATIS=38967, RATIS_ADMIN=38967, RATIS_SERVER=38967, STANDALONE=44995], networkLocation: /default-rack, certSerialId: null, persistedOpState: IN_SERVICE, persistedOpStateExpiryEpochSec: 0}ecb5ef9a-e3c1-46e1-bc6e-74dcb14bbdd1{ip: 10.1.0.16, host: fv-az59-375.csjynl4pkq3e1pkirw3ssqjfoh.cx.internal.cloudapp.net, ports: [REPLICATION=40215, RATIS=41883, RATIS_ADMIN=41883, RATIS_SERVER=41883, STANDALONE=34895], networkLocation: /default-rack, certSerialId: null, persistedOpState: IN_SERVICE, persistedOpStateExpiryEpochSec: 0}378d0879-743d-4e9f-84ed-de5a08f6d2b8{ip: 10.1.0.16, host: fv-az59-375.csjynl4pkq3e1pkirw3ssqjfoh.cx.internal.cloudapp.net, ports: [REPLICATION=39567, RATIS=33383, RATIS_ADMIN=33383, RATIS_SERVER=33383, STANDALONE=41955], networkLocation: /default-rack, certSerialId: null, persistedOpState: IN_SERVICE, persistedOpStateExpiryEpochSec: 0}, ReplicationConfig: RATIS/THREE, State:CLOSED, leaderId:ecb5ef9a-e3c1-46e1-bc6e-74dcb14bbdd1, CreationTimestamp2021-12-02T14:31:29.482Z[Etc/UTC]] removed.
2021-12-02 14:32:32,987 [EventQueue-DeadNodeForDeadNodeHandler] INFO  pipeline.RatisPipelineProvider (RatisPipelineProvider.java:lambda$close$1(222)) - Send pipeline:PipelineID=c684c223-e4a5-4ecd-928a-ddb2a36c08ac close command to datanode 880aaef5-a54e-4898-af17-abc2dce457d4
2021-12-02 14:32:32,988 [EventQueue-DeadNodeForDeadNodeHandler] INFO  pipeline.PipelineStateManagerImpl (PipelineStateManagerImpl.java:removePipeline(223)) - Pipeline Pipeline[ Id: c684c223-e4a5-4ecd-928a-ddb2a36c08ac, Nodes: 880aaef5-a54e-4898-af17-abc2dce457d4{ip: 10.1.0.16, host: fv-az59-375.csjynl4pkq3e1pkirw3ssqjfoh.cx.internal.cloudapp.net, ports: [REPLICATION=44029, RATIS=38967, RATIS_ADMIN=38967, RATIS_SERVER=38967, STANDALONE=44995], networkLocation: /default-rack, certSerialId: null, persistedOpState: IN_SERVICE, persistedOpStateExpiryEpochSec: 0}, ReplicationConfig: RATIS/ONE, State:CLOSED, leaderId:880aaef5-a54e-4898-af17-abc2dce457d4, CreationTimestamp2021-12-02T14:31:28.972Z[Etc/UTC]] removed.
2021-12-02 14:32:32,988 [EventQueue-DeadNodeForDeadNodeHandler] INFO  pipeline.RatisPipelineProvider (RatisPipelineProvider.java:lambda$close$1(222)) - Send pipeline:PipelineID=a4f3e589-f13b-489d-90d4-2df00e79ab8c close command to datanode 378d0879-743d-4e9f-84ed-de5a08f6d2b8
2021-12-02 14:32:32,988 [EventQueue-DeadNodeForDeadNodeHandler] INFO  pipeline.RatisPipelineProvider (RatisPipelineProvider.java:lambda$close$1(222)) - Send pipeline:PipelineID=a4f3e589-f13b-489d-90d4-2df00e79ab8c close command to datanode 880aaef5-a54e-4898-af17-abc2dce457d4
2021-12-02 14:32:32,988 [EventQueue-DeadNodeForDeadNodeHandler] INFO  pipeline.RatisPipelineProvider (RatisPipelineProvider.java:lambda$close$1(222)) - Send pipeline:PipelineID=a4f3e589-f13b-489d-90d4-2df00e79ab8c close command to datanode ecb5ef9a-e3c1-46e1-bc6e-74dcb14bbdd1
2021-12-02 14:32:32,988 [EventQueue-DeadNodeForDeadNodeHandler] INFO  pipeline.PipelineStateManagerImpl (PipelineStateManagerImpl.java:removePipeline(223)) - Pipeline Pipeline[ Id: a4f3e589-f13b-489d-90d4-2df00e79ab8c, Nodes: 378d0879-743d-4e9f-84ed-de5a08f6d2b8{ip: 10.1.0.16, host: fv-az59-375.csjynl4pkq3e1pkirw3ssqjfoh.cx.internal.cloudapp.net, ports: [REPLICATION=39567, RATIS=33383, RATIS_ADMIN=33383, RATIS_SERVER=33383, STANDALONE=41955], networkLocation: /default-rack, certSerialId: null, persistedOpState: IN_SERVICE, persistedOpStateExpiryEpochSec: 0}880aaef5-a54e-4898-af17-abc2dce457d4{ip: 10.1.0.16, host: fv-az59-375.csjynl4pkq3e1pkirw3ssqjfoh.cx.internal.cloudapp.net, ports: [REPLICATION=44029, RATIS=38967, RATIS_ADMIN=38967, RATIS_SERVER=38967, STANDALONE=44995], networkLocation: /default-rack, certSerialId: null, persistedOpState: IN_SERVICE, persistedOpStateExpiryEpochSec: 0}ecb5ef9a-e3c1-46e1-bc6e-74dcb14bbdd1{ip: 10.1.0.16, host: fv-az59-375.csjynl4pkq3e1pkirw3ssqjfoh.cx.internal.cloudapp.net, ports: [REPLICATION=40215, RATIS=41883, RATIS_ADMIN=41883, RATIS_SERVER=41883, STANDALONE=34895], networkLocation: /default-rack, certSerialId: null, persistedOpState: IN_SERVICE, persistedOpStateExpiryEpochSec: 0}, ReplicationConfig: RATIS/THREE, State:CLOSED, leaderId:880aaef5-a54e-4898-af17-abc2dce457d4, CreationTimestamp2021-12-02T14:31:29.483Z[Etc/UTC]] removed.
2021-12-02 14:32:32,988 [EventQueue-DeadNodeForDeadNodeHandler] INFO  net.NetworkTopologyImpl (NetworkTopologyImpl.java:remove(137)) - Removed a node: /default-rack/880aaef5-a54e-4898-af17-abc2dce457d4
2021-12-02 14:32:32,995 [378d0879-743d-4e9f-84ed-de5a08f6d2b8@group-796B449FAA69-FollowerState] INFO  impl.FollowerState (FollowerState.java:run(134)) - 378d0879-743d-4e9f-84ed-de5a08f6d2b8@group-796B449FAA69-FollowerState: change to CANDIDATE, lastRpcElapsedTime:7296246559ns, electionTimeout:5043ms
2021-12-02 14:32:32,995 [378d0879-743d-4e9f-84ed-de5a08f6d2b8@group-796B449FAA69-FollowerState] INFO  impl.RoleInfo (RoleInfo.java:shutdownFollowerState(108)) - 378d0879-743d-4e9f-84ed-de5a08f6d2b8: shutdown 378d0879-743d-4e9f-84ed-de5a08f6d2b8@group-796B449FAA69-FollowerState
2021-12-02 14:32:32,995 [378d0879-743d-4e9f-84ed-de5a08f6d2b8@group-796B449FAA69-FollowerState] INFO  server.RaftServer$Division (RaftServerImpl.java:setRole(290)) - 378d0879-743d-4e9f-84ed-de5a08f6d2b8@group-796B449FAA69: changes role from  FOLLOWER to CANDIDATE at term 1 for changeToCandidate
2021-12-02 14:32:32,995 [378d0879-743d-4e9f-84ed-de5a08f6d2b8@group-796B449FAA69-FollowerState] INFO  server.RaftServerConfigKeys (ConfUtils.java:logGet(44)) - raft.server.leaderelection.pre-vote = false (custom)
2021-12-02 14:32:32,995 [378d0879-743d-4e9f-84ed-de5a08f6d2b8@group-796B449FAA69-FollowerState] INFO  impl.RoleInfo (RoleInfo.java:updateAndGet(130)) - 378d0879-743d-4e9f-84ed-de5a08f6d2b8: start 378d0879-743d-4e9f-84ed-de5a08f6d2b8@group-796B449FAA69-LeaderElection148
2021-12-02 14:32:32,996 [378d0879-743d-4e9f-84ed-de5a08f6d2b8@group-796B449FAA69-LeaderElection148] INFO  server.RaftServer$Division (ServerState.java:setLeader(285)) - 378d0879-743d-4e9f-84ed-de5a08f6d2b8@group-796B449FAA69: change Leader from ecb5ef9a-e3c1-46e1-bc6e-74dcb14bbdd1 to null at term 1 for ELECTION
2021-12-02 14:32:33,000 [378d0879-743d-4e9f-84ed-de5a08f6d2b8@group-796B449FAA69-LeaderElection148] INFO  impl.LeaderElection (LeaderElection.java:askForVotes(306)) - 378d0879-743d-4e9f-84ed-de5a08f6d2b8@group-796B449FAA69-LeaderElection148 ELECTION round 0: submit vote requests at term 2 for 0: [ecb5ef9a-e3c1-46e1-bc6e-74dcb14bbdd1|rpc:10.1.0.16:41883|dataStream:|priority:1, 378d0879-743d-4e9f-84ed-de5a08f6d2b8|rpc:10.1.0.16:33383|dataStream:|priority:0, 880aaef5-a54e-4898-af17-abc2dce457d4|rpc:10.1.0.16:38967|dataStream:|priority:0], old=null
2021-12-02 14:32:33,013 [378d0879-743d-4e9f-84ed-de5a08f6d2b8@group-796B449FAA69-LeaderElection148] INFO  impl.LeaderElection (LogUtils.java:infoOrTrace(137)) - 378d0879-743d-4e9f-84ed-de5a08f6d2b8@group-796B449FAA69-LeaderElection148 got exception when requesting votes: java.util.concurrent.ExecutionException: org.apache.ratis.thirdparty.io.grpc.StatusRuntimeException: UNAVAILABLE: io exception
2021-12-02 14:32:33,015 [378d0879-743d-4e9f-84ed-de5a08f6d2b8@group-796B449FAA69-LeaderElection148] INFO  impl.LeaderElection (LogUtils.java:infoOrTrace(137)) - 378d0879-743d-4e9f-84ed-de5a08f6d2b8@group-796B449FAA69-LeaderElection148 got exception when requesting votes: java.util.concurrent.ExecutionException: org.apache.ratis.thirdparty.io.grpc.StatusRuntimeException: UNAVAILABLE: io exception
2021-12-02 14:32:33,015 [378d0879-743d-4e9f-84ed-de5a08f6d2b8@group-796B449FAA69-LeaderElection148] INFO  impl.LeaderElection (LeaderElection.java:logAndReturn(89)) - 378d0879-743d-4e9f-84ed-de5a08f6d2b8@group-796B449FAA69-LeaderElection148: ELECTION REJECTED received 0 response(s) and 2 exception(s):
2021-12-02 14:32:33,015 [378d0879-743d-4e9f-84ed-de5a08f6d2b8@group-796B449FAA69-LeaderElection148] INFO  impl.LeaderElection (LogUtils.java:infoOrTrace(137)) -   Exception 0: java.util.concurrent.ExecutionException: org.apache.ratis.thirdparty.io.grpc.StatusRuntimeException: UNAVAILABLE: io exception
2021-12-02 14:32:33,015 [378d0879-743d-4e9f-84ed-de5a08f6d2b8@group-796B449FAA69-LeaderElection148] INFO  impl.LeaderElection (LogUtils.java:infoOrTrace(137)) -   Exception 1: java.util.concurrent.ExecutionException: org.apache.ratis.thirdparty.io.grpc.StatusRuntimeException: UNAVAILABLE: io exception
2021-12-02 14:32:33,015 [378d0879-743d-4e9f-84ed-de5a08f6d2b8@group-796B449FAA69-LeaderElection148] INFO  impl.LeaderElection (LeaderElection.java:askForVotes(308)) - 378d0879-743d-4e9f-84ed-de5a08f6d2b8@group-796B449FAA69-LeaderElection148 ELECTION round 0: result REJECTED
2021-12-02 14:32:33,015 [378d0879-743d-4e9f-84ed-de5a08f6d2b8@group-796B449FAA69-LeaderElection148] INFO  server.RaftServer$Division (RaftServerImpl.java:setRole(290)) - 378d0879-743d-4e9f-84ed-de5a08f6d2b8@group-796B449FAA69: changes role from CANDIDATE to FOLLOWER at term 2 for REJECTED
2021-12-02 14:32:33,015 [378d0879-743d-4e9f-84ed-de5a08f6d2b8@group-796B449FAA69-LeaderElection148] INFO  impl.RoleInfo (RoleInfo.java:shutdownLeaderElection(121)) - 378d0879-743d-4e9f-84ed-de5a08f6d2b8: shutdown 378d0879-743d-4e9f-84ed-de5a08f6d2b8@group-796B449FAA69-LeaderElection148
2021-12-02 14:32:33,015 [378d0879-743d-4e9f-84ed-de5a08f6d2b8@group-796B449FAA69-LeaderElection148] INFO  impl.RoleInfo (RoleInfo.java:updateAndGet(130)) - 378d0879-743d-4e9f-84ed-de5a08f6d2b8: start 378d0879-743d-4e9f-84ed-de5a08f6d2b8@group-796B449FAA69-FollowerState
2021-12-02 14:32:33,633 [378d0879-743d-4e9f-84ed-de5a08f6d2b8@group-2DF00E79AB8C-FollowerState] INFO  impl.FollowerState (FollowerState.java:run(134)) - 378d0879-743d-4e9f-84ed-de5a08f6d2b8@group-2DF00E79AB8C-FollowerState: change to CANDIDATE, lastRpcElapsedTime:7489097824ns, electionTimeout:5122ms
2021-12-02 14:32:33,633 [378d0879-743d-4e9f-84ed-de5a08f6d2b8@group-2DF00E79AB8C-FollowerState] INFO  impl.RoleInfo (RoleInfo.java:shutdownFollowerState(108)) - 378d0879-743d-4e9f-84ed-de5a08f6d2b8: shutdown 378d0879-743d-4e9f-84ed-de5a08f6d2b8@group-2DF00E79AB8C-FollowerState
2021-12-02 14:32:33,634 [378d0879-743d-4e9f-84ed-de5a08f6d2b8@group-2DF00E79AB8C-FollowerState] INFO  server.RaftServer$Division (RaftServerImpl.java:setRole(290)) - 378d0879-743d-4e9f-84ed-de5a08f6d2b8@group-2DF00E79AB8C: changes role from  FOLLOWER to CANDIDATE at term 4 for changeToCandidate
2021-12-02 14:32:33,634 [378d0879-743d-4e9f-84ed-de5a08f6d2b8@group-2DF00E79AB8C-FollowerState] INFO  server.RaftServerConfigKeys (ConfUtils.java:logGet(44)) - raft.server.leaderelection.pre-vote = false (custom)
2021-12-02 14:32:33,634 [378d0879-743d-4e9f-84ed-de5a08f6d2b8@group-2DF00E79AB8C-FollowerState] INFO  impl.RoleInfo (RoleInfo.java:updateAndGet(130)) - 378d0879-743d-4e9f-84ed-de5a08f6d2b8: start 378d0879-743d-4e9f-84ed-de5a08f6d2b8@group-2DF00E79AB8C-LeaderElection149
2021-12-02 14:32:33,635 [378d0879-743d-4e9f-84ed-de5a08f6d2b8@group-2DF00E79AB8C-LeaderElection149] INFO  server.RaftServer$Division (ServerState.java:setLeader(285)) - 378d0879-743d-4e9f-84ed-de5a08f6d2b8@group-2DF00E79AB8C: change Leader from ecb5ef9a-e3c1-46e1-bc6e-74dcb14bbdd1 to null at term 4 for ELECTION
2021-12-02 14:32:33,636 [378d0879-743d-4e9f-84ed-de5a08f6d2b8@group-2DF00E79AB8C-LeaderElection149] INFO  impl.LeaderElection (LeaderElection.java:askForVotes(306)) - 378d0879-743d-4e9f-84ed-de5a08f6d2b8@group-2DF00E79AB8C-LeaderElection149 ELECTION round 0: submit vote requests at term 5 for 1: [ecb5ef9a-e3c1-46e1-bc6e-74dcb14bbdd1|rpc:10.1.0.16:41883|dataStream:|priority:0, 378d0879-743d-4e9f-84ed-de5a08f6d2b8|rpc:10.1.0.16:33383|dataStream:|priority:0, 880aaef5-a54e-4898-af17-abc2dce457d4|rpc:10.1.0.16:38967|dataStream:|priority:1], old=null
2021-12-02 14:32:33,640 [378d0879-743d-4e9f-84ed-de5a08f6d2b8@group-2DF00E79AB8C-LeaderElection149] INFO  impl.LeaderElection (LogUtils.java:infoOrTrace(137)) - 378d0879-743d-4e9f-84ed-de5a08f6d2b8@group-2DF00E79AB8C-LeaderElection149 got exception when requesting votes: java.util.concurrent.ExecutionException: org.apache.ratis.thirdparty.io.grpc.StatusRuntimeException: UNAVAILABLE: io exception
2021-12-02 14:32:33,640 [378d0879-743d-4e9f-84ed-de5a08f6d2b8@group-2DF00E79AB8C-LeaderElection149] INFO  impl.LeaderElection (LogUtils.java:infoOrTrace(137)) - 378d0879-743d-4e9f-84ed-de5a08f6d2b8@group-2DF00E79AB8C-LeaderElection149 got exception when requesting votes: java.util.concurrent.ExecutionException: org.apache.ratis.thirdparty.io.grpc.StatusRuntimeException: UNAVAILABLE: io exception
2021-12-02 14:32:33,640 [378d0879-743d-4e9f-84ed-de5a08f6d2b8@group-2DF00E79AB8C-LeaderElection149] INFO  impl.LeaderElection (LeaderElection.java:logAndReturn(89)) - 378d0879-743d-4e9f-84ed-de5a08f6d2b8@group-2DF00E79AB8C-LeaderElection149: ELECTION REJECTED received 0 response(s) and 2 exception(s):
2021-12-02 14:32:33,640 [378d0879-743d-4e9f-84ed-de5a08f6d2b8@group-2DF00E79AB8C-LeaderElection149] INFO  impl.LeaderElection (LogUtils.java:infoOrTrace(137)) -   Exception 0: java.util.concurrent.ExecutionException: org.apache.ratis.thirdparty.io.grpc.StatusRuntimeException: UNAVAILABLE: io exception
2021-12-02 14:32:33,640 [378d0879-743d-4e9f-84ed-de5a08f6d2b8@group-2DF00E79AB8C-LeaderElection149] INFO  impl.LeaderElection (LogUtils.java:infoOrTrace(137)) -   Exception 1: java.util.concurrent.ExecutionException: org.apache.ratis.thirdparty.io.grpc.StatusRuntimeException: UNAVAILABLE: io exception
2021-12-02 14:32:33,641 [378d0879-743d-4e9f-84ed-de5a08f6d2b8@group-2DF00E79AB8C-LeaderElection149] INFO  impl.LeaderElection (LeaderElection.java:askForVotes(308)) - 378d0879-743d-4e9f-84ed-de5a08f6d2b8@group-2DF00E79AB8C-LeaderElection149 ELECTION round 0: result REJECTED
2021-12-02 14:32:33,641 [378d0879-743d-4e9f-84ed-de5a08f6d2b8@group-2DF00E79AB8C-LeaderElection149] INFO  server.RaftServer$Division (RaftServerImpl.java:setRole(290)) - 378d0879-743d-4e9f-84ed-de5a08f6d2b8@group-2DF00E79AB8C: changes role from CANDIDATE to FOLLOWER at term 5 for REJECTED
2021-12-02 14:32:33,641 [378d0879-743d-4e9f-84ed-de5a08f6d2b8@group-2DF00E79AB8C-LeaderElection149] INFO  impl.RoleInfo (RoleInfo.java:shutdownLeaderElection(121)) - 378d0879-743d-4e9f-84ed-de5a08f6d2b8: shutdown 378d0879-743d-4e9f-84ed-de5a08f6d2b8@group-2DF00E79AB8C-LeaderElection149
2021-12-02 14:32:33,641 [378d0879-743d-4e9f-84ed-de5a08f6d2b8@group-2DF00E79AB8C-LeaderElection149] INFO  impl.RoleInfo (RoleInfo.java:updateAndGet(130)) - 378d0879-743d-4e9f-84ed-de5a08f6d2b8: start 378d0879-743d-4e9f-84ed-de5a08f6d2b8@group-2DF00E79AB8C-FollowerState
2021-12-02 14:32:34,821 [ForkJoinPool.commonPool-worker-0] INFO  ozoneimpl.OzoneContainer (OzoneContainer.java:stop(325)) - Attempting to stop container services.
2021-12-02 14:32:34,822 [ForkJoinPool.commonPool-worker-0] INFO  server.RaftServer (RaftServerProxy.java:lambda$close$6(391)) - 277b06ce-74e8-46b5-b9ba-0eaaec62ec87: close
2021-12-02 14:32:34,822 [ForkJoinPool.commonPool-worker-0] INFO  server.RaftServer$Division (RaftServerImpl.java:lambda$close$4(412)) - 277b06ce-74e8-46b5-b9ba-0eaaec62ec87@group-218C52D3B0E5: shutdown
2021-12-02 14:32:34,822 [ForkJoinPool.commonPool-worker-0] INFO  util.JmxRegister (JmxRegister.java:unregister(73)) - Successfully un-registered JMX Bean with object name Ratis:service=RaftServer,group=group-218C52D3B0E5,id=277b06ce-74e8-46b5-b9ba-0eaaec62ec87
2021-12-02 14:32:34,822 [ForkJoinPool.commonPool-worker-0] INFO  impl.RoleInfo (RoleInfo.java:shutdownFollowerState(108)) - 277b06ce-74e8-46b5-b9ba-0eaaec62ec87: shutdown 277b06ce-74e8-46b5-b9ba-0eaaec62ec87@group-218C52D3B0E5-FollowerState
2021-12-02 14:32:34,822 [ForkJoinPool.commonPool-worker-0] INFO  impl.StateMachineUpdater (StateMachineUpdater.java:stopAndJoin(149)) - 277b06ce-74e8-46b5-b9ba-0eaaec62ec87@group-218C52D3B0E5-StateMachineUpdater: set stopIndex = 2
2021-12-02 14:32:34,822 [277b06ce-74e8-46b5-b9ba-0eaaec62ec87@group-218C52D3B0E5-FollowerState] INFO  impl.FollowerState (FollowerState.java:run(143)) - 277b06ce-74e8-46b5-b9ba-0eaaec62ec87@group-218C52D3B0E5-FollowerState was interrupted: {}
java.lang.InterruptedException: sleep interrupted
	at java.lang.Thread.sleep(Native Method)
	at java.lang.Thread.sleep(Thread.java:340)
	at java.util.concurrent.TimeUnit.sleep(TimeUnit.java:386)
	at org.apache.ratis.util.TimeDuration.sleep(TimeDuration.java:324)
	at org.apache.ratis.util.TimeDuration.sleep(TimeDuration.java:309)
	at org.apache.ratis.server.impl.FollowerState.run(FollowerState.java:118)
2021-12-02 14:32:34,823 [277b06ce-74e8-46b5-b9ba-0eaaec62ec87@group-218C52D3B0E5-StateMachineUpdater] INFO  ratis.ContainerStateMachine (ContainerStateMachine.java:takeSnapshot(292)) - group-218C52D3B0E5: Taking a snapshot at:(t:9, i:2) file /home/runner/work/ozone/ozone/hadoop-ozone/integration-test/target/test-dir/MiniOzoneClusterImpl-fd94144e-5974-489a-b79f-b066564ba6f5/datanode-0/data/ratis/86fd732d-83db-4bb4-8521-218c52d3b0e5/sm/snapshot.9_2
2021-12-02 14:32:34,824 [277b06ce-74e8-46b5-b9ba-0eaaec62ec87@group-218C52D3B0E5-StateMachineUpdater] INFO  ratis.ContainerStateMachine (ContainerStateMachine.java:takeSnapshot(303)) - group-218C52D3B0E5: Finished taking a snapshot at:(t:9, i:2) file:/home/runner/work/ozone/ozone/hadoop-ozone/integration-test/target/test-dir/MiniOzoneClusterImpl-fd94144e-5974-489a-b79f-b066564ba6f5/datanode-0/data/ratis/86fd732d-83db-4bb4-8521-218c52d3b0e5/sm/snapshot.9_2 took: 1 ms
2021-12-02 14:32:34,824 [277b06ce-74e8-46b5-b9ba-0eaaec62ec87@group-218C52D3B0E5-StateMachineUpdater] INFO  impl.StateMachineUpdater (StateMachineUpdater.java:takeSnapshot(281)) - 277b06ce-74e8-46b5-b9ba-0eaaec62ec87@group-218C52D3B0E5-StateMachineUpdater: Took a snapshot at index 2
2021-12-02 14:32:34,825 [277b06ce-74e8-46b5-b9ba-0eaaec62ec87@group-218C52D3B0E5-StateMachineUpdater] INFO  impl.StateMachineUpdater (StateMachineUpdater.java:lambda$new$0(89)) - 277b06ce-74e8-46b5-b9ba-0eaaec62ec87@group-218C52D3B0E5-StateMachineUpdater: snapshotIndex: updateIncreasingly -1 -> 2
2021-12-02 14:32:34,825 [ForkJoinPool.commonPool-worker-0] INFO  server.RaftServer$Division (ServerState.java:close(419)) - 277b06ce-74e8-46b5-b9ba-0eaaec62ec87@group-218C52D3B0E5: closes. applyIndex: 2
2021-12-02 14:32:34,825 [277b06ce-74e8-46b5-b9ba-0eaaec62ec87@group-218C52D3B0E5-SegmentedRaftLogWorker] INFO  segmented.SegmentedRaftLogWorker (SegmentedRaftLogWorker.java:run(327)) - 277b06ce-74e8-46b5-b9ba-0eaaec62ec87@group-218C52D3B0E5-SegmentedRaftLogWorker was interrupted, exiting. There are 0 tasks remaining in the queue.
2021-12-02 14:32:34,826 [ForkJoinPool.commonPool-worker-0] INFO  segmented.SegmentedRaftLogWorker (SegmentedRaftLogWorker.java:close(237)) - 277b06ce-74e8-46b5-b9ba-0eaaec62ec87@group-218C52D3B0E5-SegmentedRaftLogWorker close()
2021-12-02 14:32:34,828 [ForkJoinPool.commonPool-worker-0] INFO  server.RaftServer$Division (RaftServerImpl.java:lambda$close$4(412)) - 277b06ce-74e8-46b5-b9ba-0eaaec62ec87@group-93E5FEDEBBB8: shutdown
2021-12-02 14:32:34,828 [ForkJoinPool.commonPool-worker-0] INFO  util.JmxRegister (JmxRegister.java:unregister(73)) - Successfully un-registered JMX Bean with object name Ratis:service=RaftServer,group=group-93E5FEDEBBB8,id=277b06ce-74e8-46b5-b9ba-0eaaec62ec87
2021-12-02 14:32:34,828 [ForkJoinPool.commonPool-worker-0] INFO  impl.RoleInfo (RoleInfo.java:shutdownLeaderState(91)) - 277b06ce-74e8-46b5-b9ba-0eaaec62ec87: shutdown 277b06ce-74e8-46b5-b9ba-0eaaec62ec87@group-93E5FEDEBBB8-LeaderStateImpl
2021-12-02 14:32:34,828 [ForkJoinPool.commonPool-worker-0] INFO  impl.PendingRequests (PendingRequests.java:sendNotLeaderResponses(282)) - 277b06ce-74e8-46b5-b9ba-0eaaec62ec87@group-93E5FEDEBBB8-PendingRequests: sendNotLeaderResponses
2021-12-02 14:32:34,830 [ForkJoinPool.commonPool-worker-0] INFO  impl.StateMachineUpdater (StateMachineUpdater.java:stopAndJoin(149)) - 277b06ce-74e8-46b5-b9ba-0eaaec62ec87@group-93E5FEDEBBB8-StateMachineUpdater: set stopIndex = 0
2021-12-02 14:32:34,831 [277b06ce-74e8-46b5-b9ba-0eaaec62ec87@group-93E5FEDEBBB8-StateMachineUpdater] INFO  ratis.ContainerStateMachine (ContainerStateMachine.java:takeSnapshot(292)) - group-93E5FEDEBBB8: Taking a snapshot at:(t:1, i:0) file /home/runner/work/ozone/ozone/hadoop-ozone/integration-test/target/test-dir/MiniOzoneClusterImpl-fd94144e-5974-489a-b79f-b066564ba6f5/datanode-0/data/ratis/b29925cd-c2d0-41ea-b9bb-93e5fedebbb8/sm/snapshot.1_0
2021-12-02 14:32:34,832 [277b06ce-74e8-46b5-b9ba-0eaaec62ec87@group-93E5FEDEBBB8-StateMachineUpdater] INFO  ratis.ContainerStateMachine (ContainerStateMachine.java:takeSnapshot(303)) - group-93E5FEDEBBB8: Finished taking a snapshot at:(t:1, i:0) file:/home/runner/work/ozone/ozone/hadoop-ozone/integration-test/target/test-dir/MiniOzoneClusterImpl-fd94144e-5974-489a-b79f-b066564ba6f5/datanode-0/data/ratis/b29925cd-c2d0-41ea-b9bb-93e5fedebbb8/sm/snapshot.1_0 took: 2 ms
2021-12-02 14:32:34,832 [277b06ce-74e8-46b5-b9ba-0eaaec62ec87@group-93E5FEDEBBB8-StateMachineUpdater] INFO  impl.StateMachineUpdater (StateMachineUpdater.java:takeSnapshot(281)) - 277b06ce-74e8-46b5-b9ba-0eaaec62ec87@group-93E5FEDEBBB8-StateMachineUpdater: Took a snapshot at index 0
2021-12-02 14:32:34,832 [277b06ce-74e8-46b5-b9ba-0eaaec62ec87@group-93E5FEDEBBB8-StateMachineUpdater] INFO  impl.StateMachineUpdater (StateMachineUpdater.java:lambda$new$0(89)) - 277b06ce-74e8-46b5-b9ba-0eaaec62ec87@group-93E5FEDEBBB8-StateMachineUpdater: snapshotIndex: updateIncreasingly -1 -> 0
2021-12-02 14:32:34,835 [ForkJoinPool.commonPool-worker-0] INFO  server.RaftServer$Division (ServerState.java:close(419)) - 277b06ce-74e8-46b5-b9ba-0eaaec62ec87@group-93E5FEDEBBB8: closes. applyIndex: 0
2021-12-02 14:32:34,837 [277b06ce-74e8-46b5-b9ba-0eaaec62ec87@group-93E5FEDEBBB8-SegmentedRaftLogWorker] INFO  segmented.SegmentedRaftLogWorker (SegmentedRaftLogWorker.java:run(327)) - 277b06ce-74e8-46b5-b9ba-0eaaec62ec87@group-93E5FEDEBBB8-SegmentedRaftLogWorker was interrupted, exiting. There are 0 tasks remaining in the queue.
2021-12-02 14:32:34,840 [Listener at 127.0.0.1/39245] INFO  ozoneimpl.OzoneContainer (OzoneContainer.java:stop(325)) - Attempting to stop container services.
2021-12-02 14:32:34,840 [Listener at 127.0.0.1/39245] INFO  server.RaftServer (RaftServerProxy.java:lambda$close$6(391)) - 090cecd5-a27b-490f-ac32-d0e1b4d1b6f6: close
2021-12-02 14:32:34,840 [Listener at 127.0.0.1/39245] INFO  server.RaftServer$Division (RaftServerImpl.java:lambda$close$4(412)) - 090cecd5-a27b-490f-ac32-d0e1b4d1b6f6@group-3D43B4623503: shutdown
2021-12-02 14:32:34,840 [Listener at 127.0.0.1/39245] INFO  util.JmxRegister (JmxRegister.java:unregister(73)) - Successfully un-registered JMX Bean with object name Ratis:service=RaftServer,group=group-3D43B4623503,id=090cecd5-a27b-490f-ac32-d0e1b4d1b6f6
2021-12-02 14:32:34,841 [Listener at 127.0.0.1/39245] INFO  impl.RoleInfo (RoleInfo.java:shutdownLeaderState(91)) - 090cecd5-a27b-490f-ac32-d0e1b4d1b6f6: shutdown 090cecd5-a27b-490f-ac32-d0e1b4d1b6f6@group-3D43B4623503-LeaderStateImpl
2021-12-02 14:32:34,841 [Listener at 127.0.0.1/39245] INFO  impl.PendingRequests (PendingRequests.java:sendNotLeaderResponses(282)) - 090cecd5-a27b-490f-ac32-d0e1b4d1b6f6@group-3D43B4623503-PendingRequests: sendNotLeaderResponses
2021-12-02 14:32:34,842 [Listener at 127.0.0.1/39245] INFO  impl.StateMachineUpdater (StateMachineUpdater.java:stopAndJoin(149)) - 090cecd5-a27b-490f-ac32-d0e1b4d1b6f6@group-3D43B4623503-StateMachineUpdater: set stopIndex = 0
2021-12-02 14:32:34,842 [090cecd5-a27b-490f-ac32-d0e1b4d1b6f6@group-3D43B4623503-StateMachineUpdater] INFO  ratis.ContainerStateMachine (ContainerStateMachine.java:takeSnapshot(292)) - group-3D43B4623503: Taking a snapshot at:(t:1, i:0) file /home/runner/work/ozone/ozone/hadoop-ozone/integration-test/target/test-dir/MiniOzoneClusterImpl-fd94144e-5974-489a-b79f-b066564ba6f5/datanode-6/data/ratis/f4991f24-d948-41ce-bb8a-3d43b4623503/sm/snapshot.1_0
2021-12-02 14:32:34,842 [ForkJoinPool.commonPool-worker-0] INFO  segmented.SegmentedRaftLogWorker (SegmentedRaftLogWorker.java:close(237)) - 277b06ce-74e8-46b5-b9ba-0eaaec62ec87@group-93E5FEDEBBB8-SegmentedRaftLogWorker close()
2021-12-02 14:32:34,844 [ForkJoinPool.commonPool-worker-0] INFO  server.RaftServer$Division (RaftServerImpl.java:lambda$close$4(412)) - 277b06ce-74e8-46b5-b9ba-0eaaec62ec87@group-F34A6D962FBB: shutdown
2021-12-02 14:32:34,844 [ForkJoinPool.commonPool-worker-0] INFO  util.JmxRegister (JmxRegister.java:unregister(73)) - Successfully un-registered JMX Bean with object name Ratis:service=RaftServer,group=group-F34A6D962FBB,id=277b06ce-74e8-46b5-b9ba-0eaaec62ec87
2021-12-02 14:32:34,844 [ForkJoinPool.commonPool-worker-0] INFO  impl.RoleInfo (RoleInfo.java:shutdownFollowerState(108)) - 277b06ce-74e8-46b5-b9ba-0eaaec62ec87: shutdown 277b06ce-74e8-46b5-b9ba-0eaaec62ec87@group-F34A6D962FBB-FollowerState
2021-12-02 14:32:34,844 [ForkJoinPool.commonPool-worker-0] INFO  impl.StateMachineUpdater (StateMachineUpdater.java:stopAndJoin(149)) - 277b06ce-74e8-46b5-b9ba-0eaaec62ec87@group-F34A6D962FBB-StateMachineUpdater: set stopIndex = 2
2021-12-02 14:32:34,844 [277b06ce-74e8-46b5-b9ba-0eaaec62ec87@group-F34A6D962FBB-FollowerState] INFO  impl.FollowerState (FollowerState.java:run(143)) - 277b06ce-74e8-46b5-b9ba-0eaaec62ec87@group-F34A6D962FBB-FollowerState was interrupted: {}
java.lang.InterruptedException: sleep interrupted
	at java.lang.Thread.sleep(Native Method)
	at java.lang.Thread.sleep(Thread.java:340)
	at java.util.concurrent.TimeUnit.sleep(TimeUnit.java:386)
	at org.apache.ratis.util.TimeDuration.sleep(TimeDuration.java:324)
	at org.apache.ratis.util.TimeDuration.sleep(TimeDuration.java:309)
	at org.apache.ratis.server.impl.FollowerState.run(FollowerState.java:118)
2021-12-02 14:32:34,845 [277b06ce-74e8-46b5-b9ba-0eaaec62ec87@group-F34A6D962FBB-StateMachineUpdater] INFO  ratis.ContainerStateMachine (ContainerStateMachine.java:takeSnapshot(292)) - group-F34A6D962FBB: Taking a snapshot at:(t:8, i:2) file /home/runner/work/ozone/ozone/hadoop-ozone/integration-test/target/test-dir/MiniOzoneClusterImpl-fd94144e-5974-489a-b79f-b066564ba6f5/datanode-0/data/ratis/4d19a40b-ff18-4e92-ae45-f34a6d962fbb/sm/snapshot.8_2
2021-12-02 14:32:34,846 [277b06ce-74e8-46b5-b9ba-0eaaec62ec87@group-F34A6D962FBB-StateMachineUpdater] INFO  ratis.ContainerStateMachine (ContainerStateMachine.java:takeSnapshot(303)) - group-F34A6D962FBB: Finished taking a snapshot at:(t:8, i:2) file:/home/runner/work/ozone/ozone/hadoop-ozone/integration-test/target/test-dir/MiniOzoneClusterImpl-fd94144e-5974-489a-b79f-b066564ba6f5/datanode-0/data/ratis/4d19a40b-ff18-4e92-ae45-f34a6d962fbb/sm/snapshot.8_2 took: 0 ms
2021-12-02 14:32:34,846 [277b06ce-74e8-46b5-b9ba-0eaaec62ec87@group-F34A6D962FBB-StateMachineUpdater] INFO  impl.StateMachineUpdater (StateMachineUpdater.java:takeSnapshot(281)) - 277b06ce-74e8-46b5-b9ba-0eaaec62ec87@group-F34A6D962FBB-StateMachineUpdater: Took a snapshot at index 2
2021-12-02 14:32:34,846 [277b06ce-74e8-46b5-b9ba-0eaaec62ec87@group-F34A6D962FBB-StateMachineUpdater] INFO  impl.StateMachineUpdater (StateMachineUpdater.java:lambda$new$0(89)) - 277b06ce-74e8-46b5-b9ba-0eaaec62ec87@group-F34A6D962FBB-StateMachineUpdater: snapshotIndex: updateIncreasingly -1 -> 2
2021-12-02 14:32:34,846 [ForkJoinPool.commonPool-worker-0] INFO  server.RaftServer$Division (ServerState.java:close(419)) - 277b06ce-74e8-46b5-b9ba-0eaaec62ec87@group-F34A6D962FBB: closes. applyIndex: 2
2021-12-02 14:32:34,847 [277b06ce-74e8-46b5-b9ba-0eaaec62ec87@group-F34A6D962FBB-SegmentedRaftLogWorker] INFO  segmented.SegmentedRaftLogWorker (SegmentedRaftLogWorker.java:run(327)) - 277b06ce-74e8-46b5-b9ba-0eaaec62ec87@group-F34A6D962FBB-SegmentedRaftLogWorker was interrupted, exiting. There are 0 tasks remaining in the queue.
2021-12-02 14:32:34,847 [ForkJoinPool.commonPool-worker-0] INFO  segmented.SegmentedRaftLogWorker (SegmentedRaftLogWorker.java:close(237)) - 277b06ce-74e8-46b5-b9ba-0eaaec62ec87@group-F34A6D962FBB-SegmentedRaftLogWorker close()
2021-12-02 14:32:34,851 [ForkJoinPool.commonPool-worker-0] INFO  server.GrpcService (GrpcService.java:closeImpl(262)) - 277b06ce-74e8-46b5-b9ba-0eaaec62ec87: shutdown server with port 37685 now
2021-12-02 14:32:34,852 [ForkJoinPool.commonPool-worker-0] INFO  server.GrpcService (GrpcService.java:closeImpl(271)) - 277b06ce-74e8-46b5-b9ba-0eaaec62ec87: shutdown server with port 37685 successfully
2021-12-02 14:32:34,852 [org.apache.ratis.util.JvmPauseMonitor$$Lambda$533/748004564@56598c1a] INFO  util.JvmPauseMonitor (JvmPauseMonitor.java:run(109)) - JvmPauseMonitor-277b06ce-74e8-46b5-b9ba-0eaaec62ec87: Stopped
2021-12-02 14:32:34,866 [ForkJoinPool.commonPool-worker-0] INFO  utils.BackgroundService (BackgroundService.java:shutdown(132)) - Shutting down service BlockDeletingService
2021-12-02 14:32:34,872 [090cecd5-a27b-490f-ac32-d0e1b4d1b6f6@group-3D43B4623503-StateMachineUpdater] INFO  ratis.ContainerStateMachine (ContainerStateMachine.java:takeSnapshot(303)) - group-3D43B4623503: Finished taking a snapshot at:(t:1, i:0) file:/home/runner/work/ozone/ozone/hadoop-ozone/integration-test/target/test-dir/MiniOzoneClusterImpl-fd94144e-5974-489a-b79f-b066564ba6f5/datanode-6/data/ratis/f4991f24-d948-41ce-bb8a-3d43b4623503/sm/snapshot.1_0 took: 30 ms
2021-12-02 14:32:34,872 [090cecd5-a27b-490f-ac32-d0e1b4d1b6f6@group-3D43B4623503-StateMachineUpdater] INFO  impl.StateMachineUpdater (StateMachineUpdater.java:takeSnapshot(281)) - 090cecd5-a27b-490f-ac32-d0e1b4d1b6f6@group-3D43B4623503-StateMachineUpdater: Took a snapshot at index 0
2021-12-02 14:32:34,872 [090cecd5-a27b-490f-ac32-d0e1b4d1b6f6@group-3D43B4623503-StateMachineUpdater] INFO  impl.StateMachineUpdater (StateMachineUpdater.java:lambda$new$0(89)) - 090cecd5-a27b-490f-ac32-d0e1b4d1b6f6@group-3D43B4623503-StateMachineUpdater: snapshotIndex: updateIncreasingly -1 -> 0
2021-12-02 14:32:34,873 [Listener at 127.0.0.1/39245] INFO  server.RaftServer$Division (ServerState.java:close(419)) - 090cecd5-a27b-490f-ac32-d0e1b4d1b6f6@group-3D43B4623503: closes. applyIndex: 0
2021-12-02 14:32:34,873 [090cecd5-a27b-490f-ac32-d0e1b4d1b6f6@group-3D43B4623503-SegmentedRaftLogWorker] INFO  segmented.SegmentedRaftLogWorker (SegmentedRaftLogWorker.java:run(327)) - 090cecd5-a27b-490f-ac32-d0e1b4d1b6f6@group-3D43B4623503-SegmentedRaftLogWorker was interrupted, exiting. There are 0 tasks remaining in the queue.
2021-12-02 14:32:34,873 [Listener at 127.0.0.1/39245] INFO  segmented.SegmentedRaftLogWorker (SegmentedRaftLogWorker.java:close(237)) - 090cecd5-a27b-490f-ac32-d0e1b4d1b6f6@group-3D43B4623503-SegmentedRaftLogWorker close()
2021-12-02 14:32:34,879 [Listener at 127.0.0.1/39245] INFO  server.GrpcService (GrpcService.java:closeImpl(262)) - 090cecd5-a27b-490f-ac32-d0e1b4d1b6f6: shutdown server with port 46119 now
2021-12-02 14:32:34,879 [Listener at 127.0.0.1/39245] INFO  server.GrpcService (GrpcService.java:closeImpl(271)) - 090cecd5-a27b-490f-ac32-d0e1b4d1b6f6: shutdown server with port 46119 successfully
2021-12-02 14:32:34,879 [org.apache.ratis.util.JvmPauseMonitor$$Lambda$533/748004564@419e0665] INFO  util.JvmPauseMonitor (JvmPauseMonitor.java:run(109)) - JvmPauseMonitor-090cecd5-a27b-490f-ac32-d0e1b4d1b6f6: Stopped
2021-12-02 14:32:34,883 [Listener at 127.0.0.1/39245] INFO  utils.BackgroundService (BackgroundService.java:shutdown(132)) - Shutting down service BlockDeletingService
2021-12-02 14:32:35,875 [Command processor thread] INFO  server.RaftServer (RaftServerProxy.java:remove(106)) - 378d0879-743d-4e9f-84ed-de5a08f6d2b8: remove  FOLLOWER 378d0879-743d-4e9f-84ed-de5a08f6d2b8@group-796B449FAA69:t2, leader=null, voted=378d0879-743d-4e9f-84ed-de5a08f6d2b8, raftlog=378d0879-743d-4e9f-84ed-de5a08f6d2b8@group-796B449FAA69-SegmentedRaftLog:OPENED:c27, conf=0: [ecb5ef9a-e3c1-46e1-bc6e-74dcb14bbdd1|rpc:10.1.0.16:41883|dataStream:|priority:1, 378d0879-743d-4e9f-84ed-de5a08f6d2b8|rpc:10.1.0.16:33383|dataStream:|priority:0, 880aaef5-a54e-4898-af17-abc2dce457d4|rpc:10.1.0.16:38967|dataStream:|priority:0], old=null RUNNING
2021-12-02 14:32:35,875 [Command processor thread] INFO  server.RaftServer$Division (RaftServerImpl.java:lambda$close$4(412)) - 378d0879-743d-4e9f-84ed-de5a08f6d2b8@group-796B449FAA69: shutdown
2021-12-02 14:32:35,875 [Command processor thread] INFO  util.JmxRegister (JmxRegister.java:unregister(73)) - Successfully un-registered JMX Bean with object name Ratis:service=RaftServer,group=group-796B449FAA69,id=378d0879-743d-4e9f-84ed-de5a08f6d2b8
2021-12-02 14:32:35,875 [Command processor thread] INFO  impl.RoleInfo (RoleInfo.java:shutdownFollowerState(108)) - 378d0879-743d-4e9f-84ed-de5a08f6d2b8: shutdown 378d0879-743d-4e9f-84ed-de5a08f6d2b8@group-796B449FAA69-FollowerState
2021-12-02 14:32:35,875 [Command processor thread] INFO  impl.StateMachineUpdater (StateMachineUpdater.java:stopAndJoin(149)) - 378d0879-743d-4e9f-84ed-de5a08f6d2b8@group-796B449FAA69-StateMachineUpdater: set stopIndex = 27
2021-12-02 14:32:35,875 [378d0879-743d-4e9f-84ed-de5a08f6d2b8@group-796B449FAA69-FollowerState] INFO  impl.FollowerState (FollowerState.java:run(143)) - 378d0879-743d-4e9f-84ed-de5a08f6d2b8@group-796B449FAA69-FollowerState was interrupted: {}
java.lang.InterruptedException: sleep interrupted
	at java.lang.Thread.sleep(Native Method)
	at java.lang.Thread.sleep(Thread.java:340)
	at java.util.concurrent.TimeUnit.sleep(TimeUnit.java:386)
	at org.apache.ratis.util.TimeDuration.sleep(TimeDuration.java:324)
	at org.apache.ratis.util.TimeDuration.sleep(TimeDuration.java:309)
	at org.apache.ratis.server.impl.FollowerState.run(FollowerState.java:118)
2021-12-02 14:32:35,876 [378d0879-743d-4e9f-84ed-de5a08f6d2b8@group-796B449FAA69-StateMachineUpdater] INFO  ratis.ContainerStateMachine (ContainerStateMachine.java:takeSnapshot(292)) - group-796B449FAA69: Taking a snapshot at:(t:1, i:27) file /home/runner/work/ozone/ozone/hadoop-ozone/integration-test/target/test-dir/MiniOzoneClusterImpl-fd94144e-5974-489a-b79f-b066564ba6f5/datanode-5/data/ratis/323063ed-2383-4d68-970b-796b449faa69/sm/snapshot.1_27
2021-12-02 14:32:35,879 [378d0879-743d-4e9f-84ed-de5a08f6d2b8@group-796B449FAA69-StateMachineUpdater] INFO  ratis.ContainerStateMachine (ContainerStateMachine.java:takeSnapshot(303)) - group-796B449FAA69: Finished taking a snapshot at:(t:1, i:27) file:/home/runner/work/ozone/ozone/hadoop-ozone/integration-test/target/test-dir/MiniOzoneClusterImpl-fd94144e-5974-489a-b79f-b066564ba6f5/datanode-5/data/ratis/323063ed-2383-4d68-970b-796b449faa69/sm/snapshot.1_27 took: 4 ms
2021-12-02 14:32:35,879 [378d0879-743d-4e9f-84ed-de5a08f6d2b8@group-796B449FAA69-StateMachineUpdater] INFO  impl.StateMachineUpdater (StateMachineUpdater.java:takeSnapshot(281)) - 378d0879-743d-4e9f-84ed-de5a08f6d2b8@group-796B449FAA69-StateMachineUpdater: Took a snapshot at index 27
2021-12-02 14:32:35,879 [378d0879-743d-4e9f-84ed-de5a08f6d2b8@group-796B449FAA69-StateMachineUpdater] INFO  impl.StateMachineUpdater (StateMachineUpdater.java:lambda$new$0(89)) - 378d0879-743d-4e9f-84ed-de5a08f6d2b8@group-796B449FAA69-StateMachineUpdater: snapshotIndex: updateIncreasingly -1 -> 27
2021-12-02 14:32:35,881 [Command processor thread] INFO  server.RaftServer$Division (ServerState.java:close(419)) - 378d0879-743d-4e9f-84ed-de5a08f6d2b8@group-796B449FAA69: closes. applyIndex: 27
2021-12-02 14:32:35,881 [378d0879-743d-4e9f-84ed-de5a08f6d2b8@group-796B449FAA69-SegmentedRaftLogWorker] INFO  segmented.SegmentedRaftLogWorker (SegmentedRaftLogWorker.java:run(327)) - 378d0879-743d-4e9f-84ed-de5a08f6d2b8@group-796B449FAA69-SegmentedRaftLogWorker was interrupted, exiting. There are 0 tasks remaining in the queue.
2021-12-02 14:32:35,882 [Command processor thread] INFO  segmented.SegmentedRaftLogWorker (SegmentedRaftLogWorker.java:close(237)) - 378d0879-743d-4e9f-84ed-de5a08f6d2b8@group-796B449FAA69-SegmentedRaftLogWorker close()
2021-12-02 14:32:35,887 [Command processor thread] INFO  keyvalue.KeyValueContainer (KeyValueContainer.java:flushAndSyncDB(397)) - Container 3 is synced with bcsId 25.
2021-12-02 14:32:35,887 [Command processor thread] INFO  keyvalue.KeyValueContainer (KeyValueContainer.java:flushAndSyncDB(397)) - Container 3 is synced with bcsId 25.
2021-12-02 14:32:35,895 [EventQueue-IncrementalContainerReportForIncrementalContainerReportHandler] INFO  container.IncrementalContainerReportHandler (AbstractContainerReportHandler.java:updateContainerState(216)) - Moving container #3 to QUASI_CLOSED state, datanode 378d0879-743d-4e9f-84ed-de5a08f6d2b8{ip: 10.1.0.16, host: fv-az59-375.csjynl4pkq3e1pkirw3ssqjfoh.cx.internal.cloudapp.net, ports: [REPLICATION=39567, RATIS=33383, RATIS_ADMIN=33383, RATIS_SERVER=33383, STANDALONE=41955], networkLocation: /default-rack, certSerialId: null, persistedOpState: IN_SERVICE, persistedOpStateExpiryEpochSec: 0} reported QUASI_CLOSED replica.
2021-12-02 14:32:35,895 [Command processor thread] INFO  server.RaftServer$Division (RaftServerImpl.java:groupRemove(382)) - 378d0879-743d-4e9f-84ed-de5a08f6d2b8@group-796B449FAA69: Succeed to remove RaftStorageDirectory Storage Directory /home/runner/work/ozone/ozone/hadoop-ozone/integration-test/target/test-dir/MiniOzoneClusterImpl-fd94144e-5974-489a-b79f-b066564ba6f5/datanode-5/data/ratis/323063ed-2383-4d68-970b-796b449faa69
2021-12-02 14:32:35,895 [Command processor thread] INFO  commandhandler.ClosePipelineCommandHandler (ClosePipelineCommandHandler.java:handle(78)) - Close Pipeline PipelineID=323063ed-2383-4d68-970b-796b449faa69 command on datanode 378d0879-743d-4e9f-84ed-de5a08f6d2b8.
2021-12-02 14:32:35,895 [Command processor thread] INFO  server.RaftServer (RaftServerProxy.java:remove(106)) - 378d0879-743d-4e9f-84ed-de5a08f6d2b8: remove  FOLLOWER 378d0879-743d-4e9f-84ed-de5a08f6d2b8@group-2DF00E79AB8C:t5, leader=null, voted=378d0879-743d-4e9f-84ed-de5a08f6d2b8, raftlog=378d0879-743d-4e9f-84ed-de5a08f6d2b8@group-2DF00E79AB8C-SegmentedRaftLog:OPENED:c2, conf=1: [ecb5ef9a-e3c1-46e1-bc6e-74dcb14bbdd1|rpc:10.1.0.16:41883|dataStream:|priority:0, 378d0879-743d-4e9f-84ed-de5a08f6d2b8|rpc:10.1.0.16:33383|dataStream:|priority:0, 880aaef5-a54e-4898-af17-abc2dce457d4|rpc:10.1.0.16:38967|dataStream:|priority:1], old=null RUNNING
2021-12-02 14:32:35,895 [Command processor thread] INFO  server.RaftServer$Division (RaftServerImpl.java:lambda$close$4(412)) - 378d0879-743d-4e9f-84ed-de5a08f6d2b8@group-2DF00E79AB8C: shutdown
2021-12-02 14:32:35,896 [Command processor thread] INFO  util.JmxRegister (JmxRegister.java:unregister(73)) - Successfully un-registered JMX Bean with object name Ratis:service=RaftServer,group=group-2DF00E79AB8C,id=378d0879-743d-4e9f-84ed-de5a08f6d2b8
2021-12-02 14:32:35,896 [Command processor thread] INFO  impl.RoleInfo (RoleInfo.java:shutdownFollowerState(108)) - 378d0879-743d-4e9f-84ed-de5a08f6d2b8: shutdown 378d0879-743d-4e9f-84ed-de5a08f6d2b8@group-2DF00E79AB8C-FollowerState
2021-12-02 14:32:35,896 [378d0879-743d-4e9f-84ed-de5a08f6d2b8@group-2DF00E79AB8C-FollowerState] INFO  impl.FollowerState (FollowerState.java:run(143)) - 378d0879-743d-4e9f-84ed-de5a08f6d2b8@group-2DF00E79AB8C-FollowerState was interrupted: {}
java.lang.InterruptedException: sleep interrupted
	at java.lang.Thread.sleep(Native Method)
	at java.lang.Thread.sleep(Thread.java:340)
	at java.util.concurrent.TimeUnit.sleep(TimeUnit.java:386)
	at org.apache.ratis.util.TimeDuration.sleep(TimeDuration.java:324)
	at org.apache.ratis.util.TimeDuration.sleep(TimeDuration.java:309)
	at org.apache.ratis.server.impl.FollowerState.run(FollowerState.java:118)
2021-12-02 14:32:35,897 [378d0879-743d-4e9f-84ed-de5a08f6d2b8@group-2DF00E79AB8C-StateMachineUpdater] INFO  ratis.ContainerStateMachine (ContainerStateMachine.java:takeSnapshot(292)) - group-2DF00E79AB8C: Taking a snapshot at:(t:4, i:2) file /home/runner/work/ozone/ozone/hadoop-ozone/integration-test/target/test-dir/MiniOzoneClusterImpl-fd94144e-5974-489a-b79f-b066564ba6f5/datanode-5/data/ratis/a4f3e589-f13b-489d-90d4-2df00e79ab8c/sm/snapshot.4_2
2021-12-02 14:32:35,897 [Command processor thread] INFO  impl.StateMachineUpdater (StateMachineUpdater.java:stopAndJoin(149)) - 378d0879-743d-4e9f-84ed-de5a08f6d2b8@group-2DF00E79AB8C-StateMachineUpdater: set stopIndex = 2
2021-12-02 14:32:35,899 [378d0879-743d-4e9f-84ed-de5a08f6d2b8@group-2DF00E79AB8C-StateMachineUpdater] INFO  ratis.ContainerStateMachine (ContainerStateMachine.java:takeSnapshot(303)) - group-2DF00E79AB8C: Finished taking a snapshot at:(t:4, i:2) file:/home/runner/work/ozone/ozone/hadoop-ozone/integration-test/target/test-dir/MiniOzoneClusterImpl-fd94144e-5974-489a-b79f-b066564ba6f5/datanode-5/data/ratis/a4f3e589-f13b-489d-90d4-2df00e79ab8c/sm/snapshot.4_2 took: 2 ms
2021-12-02 14:32:35,899 [378d0879-743d-4e9f-84ed-de5a08f6d2b8@group-2DF00E79AB8C-StateMachineUpdater] INFO  impl.StateMachineUpdater (StateMachineUpdater.java:takeSnapshot(281)) - 378d0879-743d-4e9f-84ed-de5a08f6d2b8@group-2DF00E79AB8C-StateMachineUpdater: Took a snapshot at index 2
2021-12-02 14:32:35,899 [378d0879-743d-4e9f-84ed-de5a08f6d2b8@group-2DF00E79AB8C-StateMachineUpdater] INFO  impl.StateMachineUpdater (StateMachineUpdater.java:lambda$new$0(89)) - 378d0879-743d-4e9f-84ed-de5a08f6d2b8@group-2DF00E79AB8C-StateMachineUpdater: snapshotIndex: updateIncreasingly -1 -> 2
2021-12-02 14:32:35,899 [Command processor thread] INFO  server.RaftServer$Division (ServerState.java:close(419)) - 378d0879-743d-4e9f-84ed-de5a08f6d2b8@group-2DF00E79AB8C: closes. applyIndex: 2
2021-12-02 14:32:35,899 [378d0879-743d-4e9f-84ed-de5a08f6d2b8@group-2DF00E79AB8C-SegmentedRaftLogWorker] INFO  segmented.SegmentedRaftLogWorker (SegmentedRaftLogWorker.java:run(327)) - 378d0879-743d-4e9f-84ed-de5a08f6d2b8@group-2DF00E79AB8C-SegmentedRaftLogWorker was interrupted, exiting. There are 0 tasks remaining in the queue.
2021-12-02 14:32:35,899 [Command processor thread] INFO  segmented.SegmentedRaftLogWorker (SegmentedRaftLogWorker.java:close(237)) - 378d0879-743d-4e9f-84ed-de5a08f6d2b8@group-2DF00E79AB8C-SegmentedRaftLogWorker close()
2021-12-02 14:32:35,902 [Command processor thread] INFO  server.RaftServer$Division (RaftServerImpl.java:groupRemove(382)) - 378d0879-743d-4e9f-84ed-de5a08f6d2b8@group-2DF00E79AB8C: Succeed to remove RaftStorageDirectory Storage Directory /home/runner/work/ozone/ozone/hadoop-ozone/integration-test/target/test-dir/MiniOzoneClusterImpl-fd94144e-5974-489a-b79f-b066564ba6f5/datanode-5/data/ratis/a4f3e589-f13b-489d-90d4-2df00e79ab8c
2021-12-02 14:32:35,903 [Command processor thread] INFO  commandhandler.ClosePipelineCommandHandler (ClosePipelineCommandHandler.java:handle(78)) - Close Pipeline PipelineID=a4f3e589-f13b-489d-90d4-2df00e79ab8c command on datanode 378d0879-743d-4e9f-84ed-de5a08f6d2b8.
2021-12-02 14:32:37,910 [Listener at 127.0.0.1/39245] INFO  statemachine.DatanodeStateMachine (DatanodeStateMachine.java:stopDaemon(526)) - Ozone container server stopped.
2021-12-02 14:32:37,911 [Listener at 127.0.0.1/39245] INFO  handler.ContextHandler (ContextHandler.java:doStop(1153)) - Stopped o.e.j.w.WebAppContext@ed2924{hddsDatanode,/,null,STOPPED}{jar:file:/home/runner/.m2/repository/org/apache/ozone/hdds-container-service/1.3.0-SNAPSHOT/hdds-container-service-1.3.0-SNAPSHOT.jar!/webapps/hddsDatanode}
2021-12-02 14:32:37,915 [Listener at 127.0.0.1/39245] INFO  server.AbstractConnector (AbstractConnector.java:doStop(381)) - Stopped ServerConnector@664b9514{HTTP/1.1, (http/1.1)}{0.0.0.0:0}
2021-12-02 14:32:37,915 [Listener at 127.0.0.1/39245] INFO  server.session (HouseKeeper.java:stopScavenging(149)) - node0 Stopped scavenging
2021-12-02 14:32:37,915 [Listener at 127.0.0.1/39245] INFO  handler.ContextHandler (ContextHandler.java:doStop(1153)) - Stopped o.e.j.s.ServletContextHandler@2598c4a5{static,/static,jar:file:/home/runner/.m2/repository/org/apache/ozone/hdds-container-service/1.3.0-SNAPSHOT/hdds-container-service-1.3.0-SNAPSHOT.jar!/webapps/static,STOPPED}
2021-12-02 14:32:37,915 [Listener at 127.0.0.1/39245] INFO  handler.ContextHandler (ContextHandler.java:doStop(1153)) - Stopped o.e.j.s.ServletContextHandler@7455c287{logs,/logs,file:///home/runner/work/ozone/ozone/hadoop-ozone/integration-test/target/log,STOPPED}
2021-12-02 14:32:37,921 [ForkJoinPool.commonPool-worker-0] INFO  statemachine.DatanodeStateMachine (DatanodeStateMachine.java:stopDaemon(526)) - Ozone container server stopped.
2021-12-02 14:32:37,928 [ForkJoinPool.commonPool-worker-0] INFO  handler.ContextHandler (ContextHandler.java:doStop(1153)) - Stopped o.e.j.w.WebAppContext@688c7347{hddsDatanode,/,null,STOPPED}{jar:file:/home/runner/.m2/repository/org/apache/ozone/hdds-container-service/1.3.0-SNAPSHOT/hdds-container-service-1.3.0-SNAPSHOT.jar!/webapps/hddsDatanode}
2021-12-02 14:32:37,964 [ForkJoinPool.commonPool-worker-0] INFO  server.AbstractConnector (AbstractConnector.java:doStop(381)) - Stopped ServerConnector@3f38bd27{HTTP/1.1, (http/1.1)}{0.0.0.0:0}
2021-12-02 14:32:37,964 [ForkJoinPool.commonPool-worker-0] INFO  server.session (HouseKeeper.java:stopScavenging(149)) - node0 Stopped scavenging
2021-12-02 14:32:37,966 [ForkJoinPool.commonPool-worker-0] INFO  handler.ContextHandler (ContextHandler.java:doStop(1153)) - Stopped o.e.j.s.ServletContextHandler@31d0883{static,/static,jar:file:/home/runner/.m2/repository/org/apache/ozone/hdds-container-service/1.3.0-SNAPSHOT/hdds-container-service-1.3.0-SNAPSHOT.jar!/webapps/static,STOPPED}
2021-12-02 14:32:37,968 [ForkJoinPool.commonPool-worker-0] INFO  handler.ContextHandler (ContextHandler.java:doStop(1153)) - Stopped o.e.j.s.ServletContextHandler@7168fb1c{logs,/logs,file:///home/runner/work/ozone/ozone/hadoop-ozone/integration-test/target/log,STOPPED}
2021-12-02 14:32:39,313 [EventQueue-StaleNodeForStaleNodeHandler] INFO  node.StaleNodeHandler (StaleNodeHandler.java:onMessage(58)) - Datanode 090cecd5-a27b-490f-ac32-d0e1b4d1b6f6{ip: 10.1.0.16, host: fv-az59-375.csjynl4pkq3e1pkirw3ssqjfoh.cx.internal.cloudapp.net, ports: [REPLICATION=33655, RATIS=46119, RATIS_ADMIN=46119, RATIS_SERVER=46119, STANDALONE=41395], networkLocation: /default-rack, certSerialId: null, persistedOpState: IN_SERVICE, persistedOpStateExpiryEpochSec: 0} moved to stale state. Finalizing its pipelines [PipelineID=f4991f24-d948-41ce-bb8a-3d43b4623503]
2021-12-02 14:32:39,313 [EventQueue-StaleNodeForStaleNodeHandler] INFO  pipeline.PipelineManagerImpl (PipelineManagerImpl.java:closePipeline(349)) - Pipeline Pipeline[ Id: f4991f24-d948-41ce-bb8a-3d43b4623503, Nodes: 090cecd5-a27b-490f-ac32-d0e1b4d1b6f6{ip: 10.1.0.16, host: fv-az59-375.csjynl4pkq3e1pkirw3ssqjfoh.cx.internal.cloudapp.net, ports: [REPLICATION=33655, RATIS=46119, RATIS_ADMIN=46119, RATIS_SERVER=46119, STANDALONE=41395], networkLocation: /default-rack, certSerialId: null, persistedOpState: IN_SERVICE, persistedOpStateExpiryEpochSec: 0}, ReplicationConfig: RATIS/ONE, State:OPEN, leaderId:090cecd5-a27b-490f-ac32-d0e1b4d1b6f6, CreationTimestamp2021-12-02T14:31:29.846Z[Etc/UTC]] moved to CLOSED state
2021-12-02 14:32:39,713 [EventQueue-StaleNodeForStaleNodeHandler] INFO  node.StaleNodeHandler (StaleNodeHandler.java:onMessage(58)) - Datanode 277b06ce-74e8-46b5-b9ba-0eaaec62ec87{ip: 10.1.0.16, host: fv-az59-375.csjynl4pkq3e1pkirw3ssqjfoh.cx.internal.cloudapp.net, ports: [REPLICATION=41607, RATIS=37685, RATIS_ADMIN=37685, RATIS_SERVER=37685, STANDALONE=37559], networkLocation: /default-rack, certSerialId: null, persistedOpState: IN_SERVICE, persistedOpStateExpiryEpochSec: 0} moved to stale state. Finalizing its pipelines [PipelineID=b29925cd-c2d0-41ea-b9bb-93e5fedebbb8]
2021-12-02 14:32:39,714 [EventQueue-StaleNodeForStaleNodeHandler] INFO  pipeline.PipelineManagerImpl (PipelineManagerImpl.java:closePipeline(349)) - Pipeline Pipeline[ Id: b29925cd-c2d0-41ea-b9bb-93e5fedebbb8, Nodes: 277b06ce-74e8-46b5-b9ba-0eaaec62ec87{ip: 10.1.0.16, host: fv-az59-375.csjynl4pkq3e1pkirw3ssqjfoh.cx.internal.cloudapp.net, ports: [REPLICATION=41607, RATIS=37685, RATIS_ADMIN=37685, RATIS_SERVER=37685, STANDALONE=37559], networkLocation: /default-rack, certSerialId: null, persistedOpState: IN_SERVICE, persistedOpStateExpiryEpochSec: 0}, ReplicationConfig: RATIS/ONE, State:OPEN, leaderId:277b06ce-74e8-46b5-b9ba-0eaaec62ec87, CreationTimestamp2021-12-02T14:31:27.271Z[Etc/UTC]] moved to CLOSED state
2021-12-02 14:32:40,920 [EventQueue-DeadNodeForDeadNodeHandler] INFO  node.DeadNodeHandler (DeadNodeHandler.java:onMessage(80)) - A dead datanode is detected. ecb5ef9a-e3c1-46e1-bc6e-74dcb14bbdd1{ip: 10.1.0.16, host: fv-az59-375.csjynl4pkq3e1pkirw3ssqjfoh.cx.internal.cloudapp.net, ports: [REPLICATION=40215, RATIS=41883, RATIS_ADMIN=41883, RATIS_SERVER=41883, STANDALONE=34895], networkLocation: /default-rack, certSerialId: null, persistedOpState: IN_SERVICE, persistedOpStateExpiryEpochSec: 0}
2021-12-02 14:32:40,920 [EventQueue-DeadNodeForDeadNodeHandler] INFO  pipeline.RatisPipelineProvider (RatisPipelineProvider.java:lambda$close$1(222)) - Send pipeline:PipelineID=d25f02da-a277-4466-a3ea-a6321d7c8b44 close command to datanode ecb5ef9a-e3c1-46e1-bc6e-74dcb14bbdd1
2021-12-02 14:32:40,920 [EventQueue-DeadNodeForDeadNodeHandler] INFO  pipeline.PipelineStateManagerImpl (PipelineStateManagerImpl.java:removePipeline(223)) - Pipeline Pipeline[ Id: d25f02da-a277-4466-a3ea-a6321d7c8b44, Nodes: ecb5ef9a-e3c1-46e1-bc6e-74dcb14bbdd1{ip: 10.1.0.16, host: fv-az59-375.csjynl4pkq3e1pkirw3ssqjfoh.cx.internal.cloudapp.net, ports: [REPLICATION=40215, RATIS=41883, RATIS_ADMIN=41883, RATIS_SERVER=41883, STANDALONE=34895], networkLocation: /default-rack, certSerialId: null, persistedOpState: IN_SERVICE, persistedOpStateExpiryEpochSec: 0}, ReplicationConfig: RATIS/ONE, State:CLOSED, leaderId:ecb5ef9a-e3c1-46e1-bc6e-74dcb14bbdd1, CreationTimestamp2021-12-02T14:31:28.629Z[Etc/UTC]] removed.
2021-12-02 14:32:40,921 [EventQueue-DeadNodeForDeadNodeHandler] INFO  net.NetworkTopologyImpl (NetworkTopologyImpl.java:remove(137)) - Removed a node: /default-rack/ecb5ef9a-e3c1-46e1-bc6e-74dcb14bbdd1
2021-12-02 14:32:40,922 [EventQueue-DeadNodeForDeadNodeHandler] INFO  node.DeadNodeHandler (DeadNodeHandler.java:onMessage(80)) - A dead datanode is detected. 8698f9c0-0d63-4edb-bf8f-bb1ca05694ae{ip: 10.1.0.16, host: fv-az59-375.csjynl4pkq3e1pkirw3ssqjfoh.cx.internal.cloudapp.net, ports: [REPLICATION=42607, RATIS=46057, RATIS_ADMIN=46057, RATIS_SERVER=46057, STANDALONE=45611], networkLocation: /default-rack, certSerialId: null, persistedOpState: IN_SERVICE, persistedOpStateExpiryEpochSec: 0}
2021-12-02 14:32:40,922 [EventQueue-DeadNodeForDeadNodeHandler] INFO  pipeline.RatisPipelineProvider (RatisPipelineProvider.java:lambda$close$1(222)) - Send pipeline:PipelineID=ad76ff9c-4ca6-4f86-9f39-af37f28d5c2b close command to datanode 8698f9c0-0d63-4edb-bf8f-bb1ca05694ae
2021-12-02 14:32:40,922 [EventQueue-DeadNodeForDeadNodeHandler] INFO  pipeline.PipelineStateManagerImpl (PipelineStateManagerImpl.java:removePipeline(223)) - Pipeline Pipeline[ Id: ad76ff9c-4ca6-4f86-9f39-af37f28d5c2b, Nodes: 8698f9c0-0d63-4edb-bf8f-bb1ca05694ae{ip: 10.1.0.16, host: fv-az59-375.csjynl4pkq3e1pkirw3ssqjfoh.cx.internal.cloudapp.net, ports: [REPLICATION=42607, RATIS=46057, RATIS_ADMIN=46057, RATIS_SERVER=46057, STANDALONE=45611], networkLocation: /default-rack, certSerialId: null, persistedOpState: IN_SERVICE, persistedOpStateExpiryEpochSec: 0}, ReplicationConfig: RATIS/ONE, State:CLOSED, leaderId:8698f9c0-0d63-4edb-bf8f-bb1ca05694ae, CreationTimestamp2021-12-02T14:31:28.273Z[Etc/UTC]] removed.
2021-12-02 14:32:40,922 [EventQueue-DeadNodeForDeadNodeHandler] INFO  net.NetworkTopologyImpl (NetworkTopologyImpl.java:remove(137)) - Removed a node: /default-rack/8698f9c0-0d63-4edb-bf8f-bb1ca05694ae
2021-12-02 14:32:42,919 [Listener at 127.0.0.1/39245] INFO  ozoneimpl.OzoneContainer (OzoneContainer.java:stop(325)) - Attempting to stop container services.
2021-12-02 14:32:42,928 [Listener at 127.0.0.1/39245] INFO  server.RaftServer (RaftServerProxy.java:lambda$close$6(391)) - 378d0879-743d-4e9f-84ed-de5a08f6d2b8: close
2021-12-02 14:32:42,928 [Listener at 127.0.0.1/39245] INFO  server.RaftServer$Division (RaftServerImpl.java:lambda$close$4(412)) - 378d0879-743d-4e9f-84ed-de5a08f6d2b8@group-E7BC8A180859: shutdown
2021-12-02 14:32:42,928 [Listener at 127.0.0.1/39245] INFO  util.JmxRegister (JmxRegister.java:unregister(73)) - Successfully un-registered JMX Bean with object name Ratis:service=RaftServer,group=group-E7BC8A180859,id=378d0879-743d-4e9f-84ed-de5a08f6d2b8
2021-12-02 14:32:42,928 [Listener at 127.0.0.1/39245] INFO  impl.RoleInfo (RoleInfo.java:shutdownLeaderState(91)) - 378d0879-743d-4e9f-84ed-de5a08f6d2b8: shutdown 378d0879-743d-4e9f-84ed-de5a08f6d2b8@group-E7BC8A180859-LeaderStateImpl
2021-12-02 14:32:42,928 [Listener at 127.0.0.1/39245] INFO  impl.PendingRequests (PendingRequests.java:sendNotLeaderResponses(282)) - 378d0879-743d-4e9f-84ed-de5a08f6d2b8@group-E7BC8A180859-PendingRequests: sendNotLeaderResponses
2021-12-02 14:32:42,930 [378d0879-743d-4e9f-84ed-de5a08f6d2b8@group-E7BC8A180859-StateMachineUpdater] INFO  ratis.ContainerStateMachine (ContainerStateMachine.java:takeSnapshot(292)) - group-E7BC8A180859: Taking a snapshot at:(t:1, i:0) file /home/runner/work/ozone/ozone/hadoop-ozone/integration-test/target/test-dir/MiniOzoneClusterImpl-fd94144e-5974-489a-b79f-b066564ba6f5/datanode-5/data/ratis/eaae410a-8b87-45eb-abaa-e7bc8a180859/sm/snapshot.1_0
2021-12-02 14:32:42,930 [Listener at 127.0.0.1/39245] INFO  impl.StateMachineUpdater (StateMachineUpdater.java:stopAndJoin(149)) - 378d0879-743d-4e9f-84ed-de5a08f6d2b8@group-E7BC8A180859-StateMachineUpdater: set stopIndex = 0
2021-12-02 14:32:42,933 [378d0879-743d-4e9f-84ed-de5a08f6d2b8@group-E7BC8A180859-StateMachineUpdater] INFO  ratis.ContainerStateMachine (ContainerStateMachine.java:takeSnapshot(303)) - group-E7BC8A180859: Finished taking a snapshot at:(t:1, i:0) file:/home/runner/work/ozone/ozone/hadoop-ozone/integration-test/target/test-dir/MiniOzoneClusterImpl-fd94144e-5974-489a-b79f-b066564ba6f5/datanode-5/data/ratis/eaae410a-8b87-45eb-abaa-e7bc8a180859/sm/snapshot.1_0 took: 3 ms
2021-12-02 14:32:42,934 [378d0879-743d-4e9f-84ed-de5a08f6d2b8@group-E7BC8A180859-StateMachineUpdater] INFO  impl.StateMachineUpdater (StateMachineUpdater.java:takeSnapshot(281)) - 378d0879-743d-4e9f-84ed-de5a08f6d2b8@group-E7BC8A180859-StateMachineUpdater: Took a snapshot at index 0
2021-12-02 14:32:42,934 [378d0879-743d-4e9f-84ed-de5a08f6d2b8@group-E7BC8A180859-StateMachineUpdater] INFO  impl.StateMachineUpdater (StateMachineUpdater.java:lambda$new$0(89)) - 378d0879-743d-4e9f-84ed-de5a08f6d2b8@group-E7BC8A180859-StateMachineUpdater: snapshotIndex: updateIncreasingly -1 -> 0
2021-12-02 14:32:42,937 [Listener at 127.0.0.1/39245] INFO  server.RaftServer$Division (ServerState.java:close(419)) - 378d0879-743d-4e9f-84ed-de5a08f6d2b8@group-E7BC8A180859: closes. applyIndex: 0
2021-12-02 14:32:42,937 [378d0879-743d-4e9f-84ed-de5a08f6d2b8@group-E7BC8A180859-SegmentedRaftLogWorker] INFO  segmented.SegmentedRaftLogWorker (SegmentedRaftLogWorker.java:run(327)) - 378d0879-743d-4e9f-84ed-de5a08f6d2b8@group-E7BC8A180859-SegmentedRaftLogWorker was interrupted, exiting. There are 0 tasks remaining in the queue.
2021-12-02 14:32:42,937 [Listener at 127.0.0.1/39245] INFO  segmented.SegmentedRaftLogWorker (SegmentedRaftLogWorker.java:close(237)) - 378d0879-743d-4e9f-84ed-de5a08f6d2b8@group-E7BC8A180859-SegmentedRaftLogWorker close()
2021-12-02 14:32:42,941 [Listener at 127.0.0.1/39245] INFO  server.GrpcService (GrpcService.java:closeImpl(262)) - 378d0879-743d-4e9f-84ed-de5a08f6d2b8: shutdown server with port 33383 now
2021-12-02 14:32:42,953 [Listener at 127.0.0.1/39245] INFO  server.GrpcService (GrpcService.java:closeImpl(271)) - 378d0879-743d-4e9f-84ed-de5a08f6d2b8: shutdown server with port 33383 successfully
2021-12-02 14:32:42,954 [org.apache.ratis.util.JvmPauseMonitor$$Lambda$533/748004564@745b0377] INFO  util.JvmPauseMonitor (JvmPauseMonitor.java:run(109)) - JvmPauseMonitor-378d0879-743d-4e9f-84ed-de5a08f6d2b8: Stopped
2021-12-02 14:32:42,963 [Listener at 127.0.0.1/39245] INFO  utils.BackgroundService (BackgroundService.java:shutdown(132)) - Shutting down service BlockDeletingService
2021-12-02 14:32:45,975 [Listener at 127.0.0.1/39245] INFO  statemachine.DatanodeStateMachine (DatanodeStateMachine.java:stopDaemon(526)) - Ozone container server stopped.
2021-12-02 14:32:45,976 [Listener at 127.0.0.1/39245] INFO  handler.ContextHandler (ContextHandler.java:doStop(1153)) - Stopped o.e.j.w.WebAppContext@1236596d{hddsDatanode,/,null,STOPPED}{jar:file:/home/runner/.m2/repository/org/apache/ozone/hdds-container-service/1.3.0-SNAPSHOT/hdds-container-service-1.3.0-SNAPSHOT.jar!/webapps/hddsDatanode}
2021-12-02 14:32:45,983 [Listener at 127.0.0.1/39245] INFO  server.AbstractConnector (AbstractConnector.java:doStop(381)) - Stopped ServerConnector@5618c837{HTTP/1.1, (http/1.1)}{0.0.0.0:0}
2021-12-02 14:32:45,983 [Listener at 127.0.0.1/39245] INFO  server.session (HouseKeeper.java:stopScavenging(149)) - node0 Stopped scavenging
2021-12-02 14:32:45,983 [Listener at 127.0.0.1/39245] INFO  handler.ContextHandler (ContextHandler.java:doStop(1153)) - Stopped o.e.j.s.ServletContextHandler@49315e61{static,/static,jar:file:/home/runner/.m2/repository/org/apache/ozone/hdds-container-service/1.3.0-SNAPSHOT/hdds-container-service-1.3.0-SNAPSHOT.jar!/webapps/static,STOPPED}
2021-12-02 14:32:45,983 [Listener at 127.0.0.1/39245] INFO  handler.ContextHandler (ContextHandler.java:doStop(1153)) - Stopped o.e.j.s.ServletContextHandler@21413838{logs,/logs,file:///home/runner/work/ozone/ozone/hadoop-ozone/integration-test/target/log,STOPPED}
2021-12-02 14:32:45,986 [Listener at 127.0.0.1/39245] INFO  ozone.MiniOzoneClusterImpl (MiniOzoneClusterImpl.java:stopSCM(542)) - Stopping the StorageContainerManager
2021-12-02 14:32:45,986 [Listener at 127.0.0.1/39245] INFO  server.StorageContainerManager (StorageContainerManager.java:stop(1395)) - Stopping Container Balancer service.
2021-12-02 14:32:45,986 [Listener at 127.0.0.1/39245] INFO  balancer.ContainerBalancer (ContainerBalancer.java:stop(734)) - Container Balancer is not running.
2021-12-02 14:32:45,986 [Listener at 127.0.0.1/39245] INFO  server.StorageContainerManager (StorageContainerManager.java:stop(1402)) - Stopping Replication Manager Service.
2021-12-02 14:32:45,986 [Listener at 127.0.0.1/39245] INFO  container.ReplicationManager (ReplicationManager.java:stop(350)) - Stopping Replication Monitor Thread.
2021-12-02 14:32:45,986 [Listener at 127.0.0.1/39245] INFO  server.StorageContainerManager (StorageContainerManager.java:stop(1409)) - Stopping the Datanode Admin Monitor.
2021-12-02 14:32:45,986 [Listener at 127.0.0.1/39245] INFO  server.StorageContainerManager (StorageContainerManager.java:stop(1416)) - Stopping Lease Manager of the command watchers
2021-12-02 14:32:45,986 [Listener at 127.0.0.1/39245] INFO  server.StorageContainerManager (StorageContainerManager.java:stop(1423)) - Stopping datanode service RPC server
2021-12-02 14:32:45,986 [Listener at 127.0.0.1/39245] INFO  server.SCMDatanodeProtocolServer (SCMDatanodeProtocolServer.java:stop(389)) - Stopping the RPC server for DataNodes
2021-12-02 14:32:45,986 [Listener at 127.0.0.1/39245] INFO  ipc.Server (Server.java:stop(3414)) - Stopping server on 33397
2021-12-02 14:32:45,996 [IPC Server listener on 0] INFO  ipc.Server (Server.java:run(1376)) - Stopping IPC Server listener on 0
2021-12-02 14:32:46,027 [IPC Server Responder] INFO  ipc.Server (Server.java:run(1512)) - Stopping IPC Server Responder
2021-12-02 14:32:46,076 [SCM Heartbeat Processing Thread - 0] WARN  node.NodeStateManager (NodeStateManager.java:scheduleNextHealthCheck(799)) - Current Thread is interrupted, shutting down HB processing thread for Node Manager.
2021-12-02 14:32:46,077 [Listener at 127.0.0.1/39245] INFO  server.StorageContainerManager (StorageContainerManager.java:stop(1431)) - Stopping block service RPC server
2021-12-02 14:32:46,077 [Listener at 127.0.0.1/39245] INFO  server.SCMBlockProtocolServer (SCMBlockProtocolServer.java:stop(160)) - Stopping the RPC server for Block Protocol
2021-12-02 14:32:46,077 [Listener at 127.0.0.1/39245] INFO  ipc.Server (Server.java:stop(3414)) - Stopping server on 40913
2021-12-02 14:32:46,084 [Listener at 127.0.0.1/39245] INFO  server.StorageContainerManager (StorageContainerManager.java:stop(1438)) - Stopping the StorageContainerLocationProtocol RPC server
2021-12-02 14:32:46,084 [Listener at 127.0.0.1/39245] INFO  server.SCMClientProtocolServer (SCMClientProtocolServer.java:stop(173)) - Stopping the RPC server for Client Protocol
2021-12-02 14:32:46,084 [Listener at 127.0.0.1/39245] INFO  ipc.Server (Server.java:stop(3414)) - Stopping server on 36007
2021-12-02 14:32:46,084 [IPC Server Responder] INFO  ipc.Server (Server.java:run(1512)) - Stopping IPC Server Responder
2021-12-02 14:32:46,085 [IPC Server listener on 0] INFO  ipc.Server (Server.java:run(1376)) - Stopping IPC Server listener on 0
2021-12-02 14:32:46,131 [Listener at 127.0.0.1/39245] INFO  server.StorageContainerManager (StorageContainerManager.java:stop(1445)) - Stopping Storage Container Manager HTTP server.
2021-12-02 14:32:46,132 [Listener at 127.0.0.1/39245] INFO  handler.ContextHandler (ContextHandler.java:doStop(1153)) - Stopped o.e.j.w.WebAppContext@6662a8bc{scm,/,null,STOPPED}{file:/home/runner/work/ozone/ozone/hadoop-ozone/integration-test/target/test-classes/webapps/scm}
2021-12-02 14:32:46,132 [IPC Server listener on 0] INFO  ipc.Server (Server.java:run(1376)) - Stopping IPC Server listener on 0
2021-12-02 14:32:46,131 [IPC Server Responder] INFO  ipc.Server (Server.java:run(1512)) - Stopping IPC Server Responder
2021-12-02 14:32:46,180 [Listener at 127.0.0.1/39245] INFO  server.AbstractConnector (AbstractConnector.java:doStop(381)) - Stopped ServerConnector@9c1952c{HTTP/1.1, (http/1.1)}{0.0.0.0:0}
2021-12-02 14:32:46,180 [Listener at 127.0.0.1/39245] INFO  server.session (HouseKeeper.java:stopScavenging(149)) - node0 Stopped scavenging
2021-12-02 14:32:46,180 [Listener at 127.0.0.1/39245] INFO  handler.ContextHandler (ContextHandler.java:doStop(1153)) - Stopped o.e.j.s.ServletContextHandler@6cefe85d{static,/static,file:///home/runner/work/ozone/ozone/hadoop-ozone/integration-test/target/test-classes/webapps/static,STOPPED}
2021-12-02 14:32:46,180 [Listener at 127.0.0.1/39245] INFO  handler.ContextHandler (ContextHandler.java:doStop(1153)) - Stopped o.e.j.s.ServletContextHandler@6dca013d{logs,/logs,file:///home/runner/work/ozone/ozone/hadoop-ozone/integration-test/target/log,STOPPED}
2021-12-02 14:32:46,182 [Listener at 127.0.0.1/39245] INFO  server.StorageContainerManager (StorageContainerManager.java:stop(1456)) - Stopping Block Manager Service.
2021-12-02 14:32:46,182 [Listener at 127.0.0.1/39245] INFO  utils.BackgroundService (BackgroundService.java:shutdown(132)) - Shutting down service SCMBlockDeletingService
2021-12-02 14:32:46,183 [Listener at 127.0.0.1/39245] INFO  utils.BackgroundService (BackgroundService.java:shutdown(132)) - Shutting down service SCMBlockDeletingService
2021-12-02 14:32:46,183 [Listener at 127.0.0.1/39245] INFO  server.StorageContainerManager (StorageContainerManager.java:stop(1483)) - Stopping SCM Event Queue.
2021-12-02 14:32:46,191 [Listener at 127.0.0.1/39245] INFO  server.StorageContainerManager (StorageContainerManager.java:stop(1494)) - Stopping SCM HA services.
2021-12-02 14:32:46,192 [Listener at 127.0.0.1/39245] INFO  pipeline.BackgroundPipelineCreator (BackgroundPipelineCreator.java:stop(158)) - Stopping RatisPipelineUtilsThread.
2021-12-02 14:32:46,195 [Listener at 127.0.0.1/39245] INFO  server.StorageContainerManager (StorageContainerManager.java:stop(1504)) - Stopping SCM MetadataStore.
2021-12-02 14:32:46,196 [Listener at 127.0.0.1/39245] INFO  impl.MetricsSystemImpl (MetricsSystemImpl.java:stop(210)) - Stopping HddsDatanode metrics system...
2021-12-02 14:32:46,218 [prometheus] INFO  impl.MetricsSinkAdapter (MetricsSinkAdapter.java:publishMetricsFromQueue(141)) - prometheus thread interrupted.
2021-12-02 14:32:46,219 [Listener at 127.0.0.1/39245] INFO  impl.MetricsSystemImpl (MetricsSystemImpl.java:stop(216)) - HddsDatanode metrics system stopped.
]]></system-out>
    <system-err><![CDATA[Dec 02, 2021 2:32:12 PM org.apache.ratis.thirdparty.io.grpc.internal.ManagedChannelOrphanWrapper$ManagedChannelReference cleanQueue
SEVERE: *~*~*~ Channel ManagedChannelImpl{logId=962, target=10.1.0.16:44477} was not shutdown properly!!! ~*~*~*
    Make sure to call shutdown()/shutdownNow() and wait until awaitTermination() returns true.
java.lang.RuntimeException: ManagedChannel allocation site
	at org.apache.ratis.thirdparty.io.grpc.internal.ManagedChannelOrphanWrapper$ManagedChannelReference.<init>(ManagedChannelOrphanWrapper.java:93)
	at org.apache.ratis.thirdparty.io.grpc.internal.ManagedChannelOrphanWrapper.<init>(ManagedChannelOrphanWrapper.java:53)
	at org.apache.ratis.thirdparty.io.grpc.internal.ManagedChannelOrphanWrapper.<init>(ManagedChannelOrphanWrapper.java:44)
	at org.apache.ratis.thirdparty.io.grpc.internal.ManagedChannelImplBuilder.build(ManagedChannelImplBuilder.java:596)
	at org.apache.ratis.thirdparty.io.grpc.ForwardingChannelBuilder.build(ForwardingChannelBuilder.java:255)
	at org.apache.hadoop.hdds.scm.XceiverClientGrpc.connectToDatanode(XceiverClientGrpc.java:195)
	at org.apache.hadoop.hdds.scm.XceiverClientGrpc.connect(XceiverClientGrpc.java:144)
	at org.apache.hadoop.hdds.scm.XceiverClientManager$2.call(XceiverClientManager.java:237)
	at org.apache.hadoop.hdds.scm.XceiverClientManager$2.call(XceiverClientManager.java:221)
	at com.google.common.cache.LocalCache$LocalManualCache$1.load(LocalCache.java:4864)
	at com.google.common.cache.LocalCache$LoadingValueReference.loadFuture(LocalCache.java:3529)
	at com.google.common.cache.LocalCache$Segment.loadSync(LocalCache.java:2278)
	at com.google.common.cache.LocalCache$Segment.lockedGetOrLoad(LocalCache.java:2155)
	at com.google.common.cache.LocalCache$Segment.get(LocalCache.java:2045)
	at com.google.common.cache.LocalCache.get(LocalCache.java:3962)
	at com.google.common.cache.LocalCache$LocalManualCache.get(LocalCache.java:4859)
	at org.apache.hadoop.hdds.scm.XceiverClientManager.getClient(XceiverClientManager.java:221)
	at org.apache.hadoop.hdds.scm.XceiverClientManager.acquireClient(XceiverClientManager.java:165)
	at org.apache.hadoop.hdds.scm.XceiverClientManager.acquireClientForReadData(XceiverClientManager.java:154)
	at org.apache.hadoop.hdds.scm.storage.BlockInputStream.acquireClient(BlockInputStream.java:255)
	at org.apache.hadoop.hdds.scm.storage.BlockInputStream.getChunkInfos(BlockInputStream.java:229)
	at org.apache.hadoop.hdds.scm.storage.BlockInputStream.initialize(BlockInputStream.java:153)
	at org.apache.hadoop.hdds.scm.storage.BlockInputStream.readWithStrategy(BlockInputStream.java:314)
	at org.apache.hadoop.hdds.scm.storage.BlockInputStream.read(BlockInputStream.java:297)
	at org.apache.hadoop.hdds.scm.storage.ByteArrayReader.readFromBlock(ByteArrayReader.java:57)
	at org.apache.hadoop.ozone.client.io.KeyInputStream.readWithStrategy(KeyInputStream.java:262)
	at org.apache.hadoop.ozone.client.io.KeyInputStream.read(KeyInputStream.java:230)
	at org.apache.hadoop.ozone.client.io.OzoneInputStream.read(OzoneInputStream.java:56)
	at java.io.InputStream.read(InputStream.java:101)
	at org.apache.hadoop.ozone.container.TestHelper.validateData(TestHelper.java:146)
	at org.apache.hadoop.ozone.client.rpc.TestBlockOutputStreamWithFailures.validateData(TestBlockOutputStreamWithFailures.java:874)
	at org.apache.hadoop.ozone.client.rpc.TestBlockOutputStreamWithFailures.testDatanodeFailureWithSingleNodeRatis(TestBlockOutputStreamWithFailures.java:764)
	at sun.reflect.NativeMethodAccessorImpl.invoke0(Native Method)
	at sun.reflect.NativeMethodAccessorImpl.invoke(NativeMethodAccessorImpl.java:62)
	at sun.reflect.DelegatingMethodAccessorImpl.invoke(DelegatingMethodAccessorImpl.java:43)
	at java.lang.reflect.Method.invoke(Method.java:498)
	at org.junit.runners.model.FrameworkMethod$1.runReflectiveCall(FrameworkMethod.java:59)
	at org.junit.internal.runners.model.ReflectiveCallable.run(ReflectiveCallable.java:12)
	at org.junit.runners.model.FrameworkMethod.invokeExplosively(FrameworkMethod.java:56)
	at org.junit.internal.runners.statements.InvokeMethod.evaluate(InvokeMethod.java:17)
	at org.junit.internal.runners.statements.RunBefores.evaluate(RunBefores.java:26)
	at org.junit.internal.runners.statements.RunAfters.evaluate(RunAfters.java:27)
	at org.junit.internal.runners.statements.FailOnTimeout$CallableStatement.call(FailOnTimeout.java:288)
	at org.junit.internal.runners.statements.FailOnTimeout$CallableStatement.call(FailOnTimeout.java:282)
	at java.util.concurrent.FutureTask.run(FutureTask.java:266)
	at java.lang.Thread.run(Thread.java:748)

Dec 02, 2021 2:32:12 PM org.apache.ratis.thirdparty.io.grpc.internal.ManagedChannelOrphanWrapper$ManagedChannelReference cleanQueue
SEVERE: *~*~*~ Channel ManagedChannelImpl{logId=1268, target=10.1.0.16:42679} was not shutdown properly!!! ~*~*~*
    Make sure to call shutdown()/shutdownNow() and wait until awaitTermination() returns true.
java.lang.RuntimeException: ManagedChannel allocation site
	at org.apache.ratis.thirdparty.io.grpc.internal.ManagedChannelOrphanWrapper$ManagedChannelReference.<init>(ManagedChannelOrphanWrapper.java:93)
	at org.apache.ratis.thirdparty.io.grpc.internal.ManagedChannelOrphanWrapper.<init>(ManagedChannelOrphanWrapper.java:53)
	at org.apache.ratis.thirdparty.io.grpc.internal.ManagedChannelOrphanWrapper.<init>(ManagedChannelOrphanWrapper.java:44)
	at org.apache.ratis.thirdparty.io.grpc.internal.ManagedChannelImplBuilder.build(ManagedChannelImplBuilder.java:596)
	at org.apache.ratis.thirdparty.io.grpc.ForwardingChannelBuilder.build(ForwardingChannelBuilder.java:255)
	at org.apache.ratis.grpc.client.GrpcClientProtocolClient.buildChannel(GrpcClientProtocolClient.java:159)
	at org.apache.ratis.grpc.client.GrpcClientProtocolClient.<init>(GrpcClientProtocolClient.java:111)
	at org.apache.ratis.grpc.client.GrpcClientRpc.lambda$new$0(GrpcClientRpc.java:57)
	at org.apache.ratis.util.PeerProxyMap$PeerAndProxy.lambda$getProxy$0(PeerProxyMap.java:63)
	at org.apache.ratis.util.LifeCycle.startAndTransition(LifeCycle.java:270)
	at org.apache.ratis.util.PeerProxyMap$PeerAndProxy.getProxy(PeerProxyMap.java:62)
	at org.apache.ratis.util.PeerProxyMap.getProxy(PeerProxyMap.java:114)
	at org.apache.ratis.grpc.client.GrpcClientRpc.sendRequestAsync(GrpcClientRpc.java:67)
	at org.apache.ratis.client.impl.OrderedAsync.sendRequest(OrderedAsync.java:236)
	at org.apache.ratis.client.impl.OrderedAsync.sendRequestWithRetry(OrderedAsync.java:189)
	at org.apache.ratis.util.SlidingWindow$Client.sendOrDelayRequest(SlidingWindow.java:280)
	at org.apache.ratis.util.SlidingWindow$Client.retry(SlidingWindow.java:296)
	at org.apache.ratis.client.impl.OrderedAsync.lambda$scheduleWithTimeout$7(OrderedAsync.java:223)
	at org.apache.ratis.util.TimeoutScheduler.lambda$onTimeout$0(TimeoutScheduler.java:141)
	at org.apache.ratis.util.TimeoutScheduler.lambda$onTimeout$1(TimeoutScheduler.java:155)
	at org.apache.ratis.util.LogUtils.runAndLog(LogUtils.java:38)
	at org.apache.ratis.util.LogUtils$1.run(LogUtils.java:79)
	at java.util.concurrent.Executors$RunnableAdapter.call(Executors.java:511)
	at java.util.concurrent.FutureTask.run(FutureTask.java:266)
	at java.util.concurrent.ScheduledThreadPoolExecutor$ScheduledFutureTask.access$201(ScheduledThreadPoolExecutor.java:180)
	at java.util.concurrent.ScheduledThreadPoolExecutor$ScheduledFutureTask.run(ScheduledThreadPoolExecutor.java:293)
	at java.util.concurrent.ThreadPoolExecutor.runWorker(ThreadPoolExecutor.java:1149)
	at java.util.concurrent.ThreadPoolExecutor$Worker.run(ThreadPoolExecutor.java:624)
	at java.lang.Thread.run(Thread.java:748)

Dec 02, 2021 2:32:12 PM org.apache.ratis.thirdparty.io.grpc.internal.ManagedChannelOrphanWrapper$ManagedChannelReference cleanQueue
SEVERE: *~*~*~ Channel ManagedChannelImpl{logId=1290, target=10.1.0.16:44791} was not shutdown properly!!! ~*~*~*
    Make sure to call shutdown()/shutdownNow() and wait until awaitTermination() returns true.
java.lang.RuntimeException: ManagedChannel allocation site
	at org.apache.ratis.thirdparty.io.grpc.internal.ManagedChannelOrphanWrapper$ManagedChannelReference.<init>(ManagedChannelOrphanWrapper.java:93)
	at org.apache.ratis.thirdparty.io.grpc.internal.ManagedChannelOrphanWrapper.<init>(ManagedChannelOrphanWrapper.java:53)
	at org.apache.ratis.thirdparty.io.grpc.internal.ManagedChannelOrphanWrapper.<init>(ManagedChannelOrphanWrapper.java:44)
	at org.apache.ratis.thirdparty.io.grpc.internal.ManagedChannelImplBuilder.build(ManagedChannelImplBuilder.java:596)
	at org.apache.ratis.thirdparty.io.grpc.ForwardingChannelBuilder.build(ForwardingChannelBuilder.java:255)
	at org.apache.hadoop.hdds.scm.XceiverClientGrpc.connectToDatanode(XceiverClientGrpc.java:195)
	at org.apache.hadoop.hdds.scm.XceiverClientGrpc.connect(XceiverClientGrpc.java:144)
	at org.apache.hadoop.hdds.scm.XceiverClientManager$2.call(XceiverClientManager.java:237)
	at org.apache.hadoop.hdds.scm.XceiverClientManager$2.call(XceiverClientManager.java:221)
	at com.google.common.cache.LocalCache$LocalManualCache$1.load(LocalCache.java:4864)
	at com.google.common.cache.LocalCache$LoadingValueReference.loadFuture(LocalCache.java:3529)
	at com.google.common.cache.LocalCache$Segment.loadSync(LocalCache.java:2278)
	at com.google.common.cache.LocalCache$Segment.lockedGetOrLoad(LocalCache.java:2155)
	at com.google.common.cache.LocalCache$Segment.get(LocalCache.java:2045)
	at com.google.common.cache.LocalCache.get(LocalCache.java:3962)
	at com.google.common.cache.LocalCache$LocalManualCache.get(LocalCache.java:4859)
	at org.apache.hadoop.hdds.scm.XceiverClientManager.getClient(XceiverClientManager.java:221)
	at org.apache.hadoop.hdds.scm.XceiverClientManager.acquireClient(XceiverClientManager.java:165)
	at org.apache.hadoop.hdds.scm.XceiverClientManager.acquireClientForReadData(XceiverClientManager.java:154)
	at org.apache.hadoop.hdds.scm.storage.BlockInputStream.acquireClient(BlockInputStream.java:255)
	at org.apache.hadoop.hdds.scm.storage.BlockInputStream.getChunkInfos(BlockInputStream.java:229)
	at org.apache.hadoop.hdds.scm.storage.BlockInputStream.initialize(BlockInputStream.java:153)
	at org.apache.hadoop.hdds.scm.storage.BlockInputStream.readWithStrategy(BlockInputStream.java:314)
	at org.apache.hadoop.hdds.scm.storage.BlockInputStream.read(BlockInputStream.java:297)
	at org.apache.hadoop.hdds.scm.storage.ByteArrayReader.readFromBlock(ByteArrayReader.java:57)
	at org.apache.hadoop.ozone.client.io.KeyInputStream.readWithStrategy(KeyInputStream.java:262)
	at org.apache.hadoop.ozone.client.io.KeyInputStream.read(KeyInputStream.java:230)
	at org.apache.hadoop.ozone.client.io.OzoneInputStream.read(OzoneInputStream.java:56)
	at java.io.InputStream.read(InputStream.java:101)
	at org.apache.hadoop.ozone.container.TestHelper.validateData(TestHelper.java:146)
	at org.apache.hadoop.ozone.client.rpc.TestBlockOutputStreamWithFailures.validateData(TestBlockOutputStreamWithFailures.java:874)
	at org.apache.hadoop.ozone.client.rpc.TestBlockOutputStreamWithFailures.testWatchForCommitDatanodeFailure(TestBlockOutputStreamWithFailures.java:343)
	at sun.reflect.NativeMethodAccessorImpl.invoke0(Native Method)
	at sun.reflect.NativeMethodAccessorImpl.invoke(NativeMethodAccessorImpl.java:62)
	at sun.reflect.DelegatingMethodAccessorImpl.invoke(DelegatingMethodAccessorImpl.java:43)
	at java.lang.reflect.Method.invoke(Method.java:498)
	at org.junit.runners.model.FrameworkMethod$1.runReflectiveCall(FrameworkMethod.java:59)
	at org.junit.internal.runners.model.ReflectiveCallable.run(ReflectiveCallable.java:12)
	at org.junit.runners.model.FrameworkMethod.invokeExplosively(FrameworkMethod.java:56)
	at org.junit.internal.runners.statements.InvokeMethod.evaluate(InvokeMethod.java:17)
	at org.junit.internal.runners.statements.RunBefores.evaluate(RunBefores.java:26)
	at org.junit.internal.runners.statements.RunAfters.evaluate(RunAfters.java:27)
	at org.junit.internal.runners.statements.FailOnTimeout$CallableStatement.call(FailOnTimeout.java:288)
	at org.junit.internal.runners.statements.FailOnTimeout$CallableStatement.call(FailOnTimeout.java:282)
	at java.util.concurrent.FutureTask.run(FutureTask.java:266)
	at java.lang.Thread.run(Thread.java:748)

Dec 02, 2021 2:32:12 PM org.apache.ratis.thirdparty.io.grpc.internal.ManagedChannelOrphanWrapper$ManagedChannelReference cleanQueue
SEVERE: *~*~*~ Channel ManagedChannelImpl{logId=967, target=10.1.0.16:35695} was not shutdown properly!!! ~*~*~*
    Make sure to call shutdown()/shutdownNow() and wait until awaitTermination() returns true.
java.lang.RuntimeException: ManagedChannel allocation site
	at org.apache.ratis.thirdparty.io.grpc.internal.ManagedChannelOrphanWrapper$ManagedChannelReference.<init>(ManagedChannelOrphanWrapper.java:93)
	at org.apache.ratis.thirdparty.io.grpc.internal.ManagedChannelOrphanWrapper.<init>(ManagedChannelOrphanWrapper.java:53)
	at org.apache.ratis.thirdparty.io.grpc.internal.ManagedChannelOrphanWrapper.<init>(ManagedChannelOrphanWrapper.java:44)
	at org.apache.ratis.thirdparty.io.grpc.internal.ManagedChannelImplBuilder.build(ManagedChannelImplBuilder.java:596)
	at org.apache.ratis.thirdparty.io.grpc.ForwardingChannelBuilder.build(ForwardingChannelBuilder.java:255)
	at org.apache.hadoop.hdds.scm.XceiverClientGrpc.connectToDatanode(XceiverClientGrpc.java:195)
	at org.apache.hadoop.hdds.scm.XceiverClientGrpc.connect(XceiverClientGrpc.java:144)
	at org.apache.hadoop.hdds.scm.XceiverClientManager$2.call(XceiverClientManager.java:237)
	at org.apache.hadoop.hdds.scm.XceiverClientManager$2.call(XceiverClientManager.java:221)
	at com.google.common.cache.LocalCache$LocalManualCache$1.load(LocalCache.java:4864)
	at com.google.common.cache.LocalCache$LoadingValueReference.loadFuture(LocalCache.java:3529)
	at com.google.common.cache.LocalCache$Segment.loadSync(LocalCache.java:2278)
	at com.google.common.cache.LocalCache$Segment.lockedGetOrLoad(LocalCache.java:2155)
	at com.google.common.cache.LocalCache$Segment.get(LocalCache.java:2045)
	at com.google.common.cache.LocalCache.get(LocalCache.java:3962)
	at com.google.common.cache.LocalCache$LocalManualCache.get(LocalCache.java:4859)
	at org.apache.hadoop.hdds.scm.XceiverClientManager.getClient(XceiverClientManager.java:221)
	at org.apache.hadoop.hdds.scm.XceiverClientManager.acquireClient(XceiverClientManager.java:165)
	at org.apache.hadoop.hdds.scm.XceiverClientManager.acquireClientForReadData(XceiverClientManager.java:154)
	at org.apache.hadoop.hdds.scm.storage.BlockInputStream.acquireClient(BlockInputStream.java:255)
	at org.apache.hadoop.hdds.scm.storage.BlockInputStream.getChunkInfos(BlockInputStream.java:229)
	at org.apache.hadoop.hdds.scm.storage.BlockInputStream.initialize(BlockInputStream.java:153)
	at org.apache.hadoop.hdds.scm.storage.BlockInputStream.readWithStrategy(BlockInputStream.java:314)
	at org.apache.hadoop.hdds.scm.storage.BlockInputStream.read(BlockInputStream.java:297)
	at org.apache.hadoop.hdds.scm.storage.ByteArrayReader.readFromBlock(ByteArrayReader.java:57)
	at org.apache.hadoop.ozone.client.io.KeyInputStream.readWithStrategy(KeyInputStream.java:262)
	at org.apache.hadoop.ozone.client.io.KeyInputStream.read(KeyInputStream.java:230)
	at org.apache.hadoop.ozone.client.io.OzoneInputStream.read(OzoneInputStream.java:56)
	at java.io.InputStream.read(InputStream.java:101)
	at org.apache.hadoop.ozone.container.TestHelper.validateData(TestHelper.java:146)
	at org.apache.hadoop.ozone.client.rpc.TestBlockOutputStreamWithFailures.validateData(TestBlockOutputStreamWithFailures.java:874)
	at org.apache.hadoop.ozone.client.rpc.TestBlockOutputStreamWithFailures.testDatanodeFailureWithSingleNodeRatis(TestBlockOutputStreamWithFailures.java:764)
	at sun.reflect.NativeMethodAccessorImpl.invoke0(Native Method)
	at sun.reflect.NativeMethodAccessorImpl.invoke(NativeMethodAccessorImpl.java:62)
	at sun.reflect.DelegatingMethodAccessorImpl.invoke(DelegatingMethodAccessorImpl.java:43)
	at java.lang.reflect.Method.invoke(Method.java:498)
	at org.junit.runners.model.FrameworkMethod$1.runReflectiveCall(FrameworkMethod.java:59)
	at org.junit.internal.runners.model.ReflectiveCallable.run(ReflectiveCallable.java:12)
	at org.junit.runners.model.FrameworkMethod.invokeExplosively(FrameworkMethod.java:56)
	at org.junit.internal.runners.statements.InvokeMethod.evaluate(InvokeMethod.java:17)
	at org.junit.internal.runners.statements.RunBefores.evaluate(RunBefores.java:26)
	at org.junit.internal.runners.statements.RunAfters.evaluate(RunAfters.java:27)
	at org.junit.internal.runners.statements.FailOnTimeout$CallableStatement.call(FailOnTimeout.java:288)
	at org.junit.internal.runners.statements.FailOnTimeout$CallableStatement.call(FailOnTimeout.java:282)
	at java.util.concurrent.FutureTask.run(FutureTask.java:266)
	at java.lang.Thread.run(Thread.java:748)

Dec 02, 2021 2:32:12 PM org.apache.ratis.thirdparty.io.grpc.internal.ManagedChannelOrphanWrapper$ManagedChannelReference cleanQueue
SEVERE: *~*~*~ Channel ManagedChannelImpl{logId=1285, target=10.1.0.16:42677} was not shutdown properly!!! ~*~*~*
    Make sure to call shutdown()/shutdownNow() and wait until awaitTermination() returns true.
java.lang.RuntimeException: ManagedChannel allocation site
	at org.apache.ratis.thirdparty.io.grpc.internal.ManagedChannelOrphanWrapper$ManagedChannelReference.<init>(ManagedChannelOrphanWrapper.java:93)
	at org.apache.ratis.thirdparty.io.grpc.internal.ManagedChannelOrphanWrapper.<init>(ManagedChannelOrphanWrapper.java:53)
	at org.apache.ratis.thirdparty.io.grpc.internal.ManagedChannelOrphanWrapper.<init>(ManagedChannelOrphanWrapper.java:44)
	at org.apache.ratis.thirdparty.io.grpc.internal.ManagedChannelImplBuilder.build(ManagedChannelImplBuilder.java:596)
	at org.apache.ratis.thirdparty.io.grpc.ForwardingChannelBuilder.build(ForwardingChannelBuilder.java:255)
	at org.apache.hadoop.hdds.scm.XceiverClientGrpc.connectToDatanode(XceiverClientGrpc.java:195)
	at org.apache.hadoop.hdds.scm.XceiverClientGrpc.reconnect(XceiverClientGrpc.java:559)
	at org.apache.hadoop.hdds.scm.XceiverClientGrpc.checkOpen(XceiverClientGrpc.java:550)
	at org.apache.hadoop.hdds.scm.XceiverClientGrpc.sendCommandAsync(XceiverClientGrpc.java:477)
	at org.apache.hadoop.hdds.scm.XceiverClientGrpc.sendCommandWithRetry(XceiverClientGrpc.java:380)
	at org.apache.hadoop.hdds.scm.XceiverClientGrpc.lambda$sendCommandWithTraceIDAndRetry$0(XceiverClientGrpc.java:319)
	at org.apache.hadoop.hdds.tracing.TracingUtil.executeInSpan(TracingUtil.java:174)
	at org.apache.hadoop.hdds.tracing.TracingUtil.executeInNewSpan(TracingUtil.java:148)
	at org.apache.hadoop.hdds.scm.XceiverClientGrpc.sendCommandWithTraceIDAndRetry(XceiverClientGrpc.java:313)
	at org.apache.hadoop.hdds.scm.XceiverClientGrpc.sendCommand(XceiverClientGrpc.java:294)
	at org.apache.hadoop.hdds.scm.storage.ContainerProtocolCalls.getBlock(ContainerProtocolCalls.java:105)
	at org.apache.hadoop.hdds.scm.storage.BlockInputStream.getChunkInfos(BlockInputStream.java:241)
	at org.apache.hadoop.hdds.scm.storage.BlockInputStream.initialize(BlockInputStream.java:153)
	at org.apache.hadoop.hdds.scm.storage.BlockInputStream.readWithStrategy(BlockInputStream.java:314)
	at org.apache.hadoop.hdds.scm.storage.BlockInputStream.read(BlockInputStream.java:297)
	at org.apache.hadoop.hdds.scm.storage.ByteArrayReader.readFromBlock(ByteArrayReader.java:57)
	at org.apache.hadoop.ozone.client.io.KeyInputStream.readWithStrategy(KeyInputStream.java:262)
	at org.apache.hadoop.ozone.client.io.KeyInputStream.read(KeyInputStream.java:230)
	at org.apache.hadoop.ozone.client.io.OzoneInputStream.read(OzoneInputStream.java:56)
	at java.io.InputStream.read(InputStream.java:101)
	at org.apache.hadoop.ozone.container.TestHelper.validateData(TestHelper.java:146)
	at org.apache.hadoop.ozone.client.rpc.TestBlockOutputStreamWithFailures.validateData(TestBlockOutputStreamWithFailures.java:874)
	at org.apache.hadoop.ozone.client.rpc.TestBlockOutputStreamWithFailures.testWatchForCommitDatanodeFailure(TestBlockOutputStreamWithFailures.java:343)
	at sun.reflect.NativeMethodAccessorImpl.invoke0(Native Method)
	at sun.reflect.NativeMethodAccessorImpl.invoke(NativeMethodAccessorImpl.java:62)
	at sun.reflect.DelegatingMethodAccessorImpl.invoke(DelegatingMethodAccessorImpl.java:43)
	at java.lang.reflect.Method.invoke(Method.java:498)
	at org.junit.runners.model.FrameworkMethod$1.runReflectiveCall(FrameworkMethod.java:59)
	at org.junit.internal.runners.model.ReflectiveCallable.run(ReflectiveCallable.java:12)
	at org.junit.runners.model.FrameworkMethod.invokeExplosively(FrameworkMethod.java:56)
	at org.junit.internal.runners.statements.InvokeMethod.evaluate(InvokeMethod.java:17)
	at org.junit.internal.runners.statements.RunBefores.evaluate(RunBefores.java:26)
	at org.junit.internal.runners.statements.RunAfters.evaluate(RunAfters.java:27)
	at org.junit.internal.runners.statements.FailOnTimeout$CallableStatement.call(FailOnTimeout.java:288)
	at org.junit.internal.runners.statements.FailOnTimeout$CallableStatement.call(FailOnTimeout.java:282)
	at java.util.concurrent.FutureTask.run(FutureTask.java:266)
	at java.lang.Thread.run(Thread.java:748)

Dec 02, 2021 2:32:12 PM org.apache.ratis.thirdparty.io.grpc.internal.ManagedChannelOrphanWrapper$ManagedChannelReference cleanQueue
SEVERE: *~*~*~ Channel ManagedChannelImpl{logId=1292, target=10.1.0.16:36247} was not shutdown properly!!! ~*~*~*
    Make sure to call shutdown()/shutdownNow() and wait until awaitTermination() returns true.
java.lang.RuntimeException: ManagedChannel allocation site
	at org.apache.ratis.thirdparty.io.grpc.internal.ManagedChannelOrphanWrapper$ManagedChannelReference.<init>(ManagedChannelOrphanWrapper.java:93)
	at org.apache.ratis.thirdparty.io.grpc.internal.ManagedChannelOrphanWrapper.<init>(ManagedChannelOrphanWrapper.java:53)
	at org.apache.ratis.thirdparty.io.grpc.internal.ManagedChannelOrphanWrapper.<init>(ManagedChannelOrphanWrapper.java:44)
	at org.apache.ratis.thirdparty.io.grpc.internal.ManagedChannelImplBuilder.build(ManagedChannelImplBuilder.java:596)
	at org.apache.ratis.thirdparty.io.grpc.ForwardingChannelBuilder.build(ForwardingChannelBuilder.java:255)
	at org.apache.hadoop.hdds.scm.XceiverClientGrpc.connectToDatanode(XceiverClientGrpc.java:195)
	at org.apache.hadoop.hdds.scm.XceiverClientGrpc.reconnect(XceiverClientGrpc.java:559)
	at org.apache.hadoop.hdds.scm.XceiverClientGrpc.checkOpen(XceiverClientGrpc.java:550)
	at org.apache.hadoop.hdds.scm.XceiverClientGrpc.sendCommandAsync(XceiverClientGrpc.java:477)
	at org.apache.hadoop.hdds.scm.XceiverClientGrpc.sendCommandWithRetry(XceiverClientGrpc.java:380)
	at org.apache.hadoop.hdds.scm.XceiverClientGrpc.lambda$sendCommandWithTraceIDAndRetry$0(XceiverClientGrpc.java:319)
	at org.apache.hadoop.hdds.tracing.TracingUtil.executeInSpan(TracingUtil.java:174)
	at org.apache.hadoop.hdds.tracing.TracingUtil.executeInNewSpan(TracingUtil.java:148)
	at org.apache.hadoop.hdds.scm.XceiverClientGrpc.sendCommandWithTraceIDAndRetry(XceiverClientGrpc.java:313)
	at org.apache.hadoop.hdds.scm.XceiverClientGrpc.sendCommand(XceiverClientGrpc.java:294)
	at org.apache.hadoop.hdds.scm.storage.ContainerProtocolCalls.getBlock(ContainerProtocolCalls.java:105)
	at org.apache.hadoop.hdds.scm.storage.BlockInputStream.getChunkInfos(BlockInputStream.java:241)
	at org.apache.hadoop.hdds.scm.storage.BlockInputStream.initialize(BlockInputStream.java:153)
	at org.apache.hadoop.hdds.scm.storage.BlockInputStream.readWithStrategy(BlockInputStream.java:314)
	at org.apache.hadoop.hdds.scm.storage.BlockInputStream.read(BlockInputStream.java:297)
	at org.apache.hadoop.hdds.scm.storage.ByteArrayReader.readFromBlock(ByteArrayReader.java:57)
	at org.apache.hadoop.ozone.client.io.KeyInputStream.readWithStrategy(KeyInputStream.java:262)
	at org.apache.hadoop.ozone.client.io.KeyInputStream.read(KeyInputStream.java:230)
	at org.apache.hadoop.ozone.client.io.OzoneInputStream.read(OzoneInputStream.java:56)
	at java.io.InputStream.read(InputStream.java:101)
	at org.apache.hadoop.ozone.container.TestHelper.validateData(TestHelper.java:146)
	at org.apache.hadoop.ozone.client.rpc.TestBlockOutputStreamWithFailures.validateData(TestBlockOutputStreamWithFailures.java:874)
	at org.apache.hadoop.ozone.client.rpc.TestBlockOutputStreamWithFailures.testWatchForCommitDatanodeFailure(TestBlockOutputStreamWithFailures.java:343)
	at sun.reflect.NativeMethodAccessorImpl.invoke0(Native Method)
	at sun.reflect.NativeMethodAccessorImpl.invoke(NativeMethodAccessorImpl.java:62)
	at sun.reflect.DelegatingMethodAccessorImpl.invoke(DelegatingMethodAccessorImpl.java:43)
	at java.lang.reflect.Method.invoke(Method.java:498)
	at org.junit.runners.model.FrameworkMethod$1.runReflectiveCall(FrameworkMethod.java:59)
	at org.junit.internal.runners.model.ReflectiveCallable.run(ReflectiveCallable.java:12)
	at org.junit.runners.model.FrameworkMethod.invokeExplosively(FrameworkMethod.java:56)
	at org.junit.internal.runners.statements.InvokeMethod.evaluate(InvokeMethod.java:17)
	at org.junit.internal.runners.statements.RunBefores.evaluate(RunBefores.java:26)
	at org.junit.internal.runners.statements.RunAfters.evaluate(RunAfters.java:27)
	at org.junit.internal.runners.statements.FailOnTimeout$CallableStatement.call(FailOnTimeout.java:288)
	at org.junit.internal.runners.statements.FailOnTimeout$CallableStatement.call(FailOnTimeout.java:282)
	at java.util.concurrent.FutureTask.run(FutureTask.java:266)
	at java.lang.Thread.run(Thread.java:748)

Dec 02, 2021 2:32:12 PM org.apache.ratis.thirdparty.io.grpc.internal.ManagedChannelOrphanWrapper$ManagedChannelReference cleanQueue
SEVERE: *~*~*~ Channel ManagedChannelImpl{logId=940, target=10.1.0.16:39057} was not shutdown properly!!! ~*~*~*
    Make sure to call shutdown()/shutdownNow() and wait until awaitTermination() returns true.
java.lang.RuntimeException: ManagedChannel allocation site
	at org.apache.ratis.thirdparty.io.grpc.internal.ManagedChannelOrphanWrapper$ManagedChannelReference.<init>(ManagedChannelOrphanWrapper.java:93)
	at org.apache.ratis.thirdparty.io.grpc.internal.ManagedChannelOrphanWrapper.<init>(ManagedChannelOrphanWrapper.java:53)
	at org.apache.ratis.thirdparty.io.grpc.internal.ManagedChannelOrphanWrapper.<init>(ManagedChannelOrphanWrapper.java:44)
	at org.apache.ratis.thirdparty.io.grpc.internal.ManagedChannelImplBuilder.build(ManagedChannelImplBuilder.java:596)
	at org.apache.ratis.thirdparty.io.grpc.ForwardingChannelBuilder.build(ForwardingChannelBuilder.java:255)
	at org.apache.ratis.grpc.client.GrpcClientProtocolClient.buildChannel(GrpcClientProtocolClient.java:159)
	at org.apache.ratis.grpc.client.GrpcClientProtocolClient.<init>(GrpcClientProtocolClient.java:111)
	at org.apache.ratis.grpc.client.GrpcClientRpc.lambda$new$0(GrpcClientRpc.java:57)
	at org.apache.ratis.util.PeerProxyMap$PeerAndProxy.lambda$getProxy$0(PeerProxyMap.java:63)
	at org.apache.ratis.util.LifeCycle.startAndTransition(LifeCycle.java:270)
	at org.apache.ratis.util.PeerProxyMap$PeerAndProxy.getProxy(PeerProxyMap.java:62)
	at org.apache.ratis.util.PeerProxyMap.getProxy(PeerProxyMap.java:114)
	at org.apache.ratis.grpc.client.GrpcClientRpc.sendRequestAsync(GrpcClientRpc.java:67)
	at org.apache.ratis.client.impl.OrderedAsync.sendRequest(OrderedAsync.java:236)
	at org.apache.ratis.client.impl.OrderedAsync.sendRequestWithRetry(OrderedAsync.java:189)
	at org.apache.ratis.util.SlidingWindow$Client.sendOrDelayRequest(SlidingWindow.java:280)
	at org.apache.ratis.util.SlidingWindow$Client.submitNewRequest(SlidingWindow.java:259)
	at org.apache.ratis.client.impl.OrderedAsync.send(OrderedAsync.java:170)
	at org.apache.ratis.client.impl.OrderedAsync.newInstance(OrderedAsync.java:118)
	at org.apache.ratis.client.impl.RaftClientImpl.lambda$new$0(RaftClientImpl.java:162)
	at org.apache.ratis.util.MemoizedSupplier.get(MemoizedSupplier.java:62)
	at org.apache.ratis.client.impl.RaftClientImpl.getOrderedAsync(RaftClientImpl.java:215)
	at org.apache.ratis.client.impl.AsyncImpl.send(AsyncImpl.java:41)
	at org.apache.ratis.client.impl.AsyncImpl.send(AsyncImpl.java:46)
	at org.apache.hadoop.hdds.scm.XceiverClientRatis.lambda$sendRequestAsync$3(XceiverClientRatis.java:225)
	at org.apache.hadoop.hdds.tracing.TracingUtil.executeInNewSpan(TracingUtil.java:159)
	at org.apache.hadoop.hdds.scm.XceiverClientRatis.sendRequestAsync(XceiverClientRatis.java:210)
	at org.apache.hadoop.hdds.scm.XceiverClientRatis.sendCommandAsync(XceiverClientRatis.java:306)
	at org.apache.hadoop.hdds.scm.storage.ContainerProtocolCalls.writeChunkAsync(ContainerProtocolCalls.java:300)
	at org.apache.hadoop.hdds.scm.storage.BlockOutputStream.writeChunkToContainer(BlockOutputStream.java:666)
	at org.apache.hadoop.hdds.scm.storage.BlockOutputStream.writeChunk(BlockOutputStream.java:506)
	at org.apache.hadoop.hdds.scm.storage.BlockOutputStream.writeOnRetry(BlockOutputStream.java:306)
	at org.apache.hadoop.ozone.client.io.BlockOutputStreamEntry.writeOnRetry(BlockOutputStreamEntry.java:123)
	at org.apache.hadoop.ozone.client.io.KeyOutputStream.writeToOutputStream(KeyOutputStream.java:253)
	at org.apache.hadoop.ozone.client.io.KeyOutputStream.handleWrite(KeyOutputStream.java:233)
	at org.apache.hadoop.ozone.client.io.KeyOutputStream.handleRetry(KeyOutputStream.java:415)
	at org.apache.hadoop.ozone.client.io.KeyOutputStream.handleException(KeyOutputStream.java:360)
	at org.apache.hadoop.ozone.client.io.KeyOutputStream.handleFlushOrClose(KeyOutputStream.java:471)
	at org.apache.hadoop.ozone.client.io.KeyOutputStream.handleWrite(KeyOutputStream.java:237)
	at org.apache.hadoop.ozone.client.io.KeyOutputStream.write(KeyOutputStream.java:213)
	at org.apache.hadoop.ozone.client.io.OzoneOutputStream.write(OzoneOutputStream.java:50)
	at java.io.OutputStream.write(OutputStream.java:75)
	at org.apache.hadoop.ozone.client.rpc.TestBlockOutputStreamWithFailures.testDatanodeFailureWithSingleNodeRatis(TestBlockOutputStreamWithFailures.java:742)
	at sun.reflect.NativeMethodAccessorImpl.invoke0(Native Method)
	at sun.reflect.NativeMethodAccessorImpl.invoke(NativeMethodAccessorImpl.java:62)
	at sun.reflect.DelegatingMethodAccessorImpl.invoke(DelegatingMethodAccessorImpl.java:43)
	at java.lang.reflect.Method.invoke(Method.java:498)
	at org.junit.runners.model.FrameworkMethod$1.runReflectiveCall(FrameworkMethod.java:59)
	at org.junit.internal.runners.model.ReflectiveCallable.run(ReflectiveCallable.java:12)
	at org.junit.runners.model.FrameworkMethod.invokeExplosively(FrameworkMethod.java:56)
	at org.junit.internal.runners.statements.InvokeMethod.evaluate(InvokeMethod.java:17)
	at org.junit.internal.runners.statements.RunBefores.evaluate(RunBefores.java:26)
	at org.junit.internal.runners.statements.RunAfters.evaluate(RunAfters.java:27)
	at org.junit.internal.runners.statements.FailOnTimeout$CallableStatement.call(FailOnTimeout.java:288)
	at org.junit.internal.runners.statements.FailOnTimeout$CallableStatement.call(FailOnTimeout.java:282)
	at java.util.concurrent.FutureTask.run(FutureTask.java:266)
	at java.lang.Thread.run(Thread.java:748)

Dec 02, 2021 2:32:12 PM org.apache.ratis.thirdparty.io.grpc.internal.ManagedChannelOrphanWrapper$ManagedChannelReference cleanQueue
SEVERE: *~*~*~ Channel ManagedChannelImpl{logId=1274, target=10.1.0.16:42315} was not shutdown properly!!! ~*~*~*
    Make sure to call shutdown()/shutdownNow() and wait until awaitTermination() returns true.
java.lang.RuntimeException: ManagedChannel allocation site
	at org.apache.ratis.thirdparty.io.grpc.internal.ManagedChannelOrphanWrapper$ManagedChannelReference.<init>(ManagedChannelOrphanWrapper.java:93)
	at org.apache.ratis.thirdparty.io.grpc.internal.ManagedChannelOrphanWrapper.<init>(ManagedChannelOrphanWrapper.java:53)
	at org.apache.ratis.thirdparty.io.grpc.internal.ManagedChannelOrphanWrapper.<init>(ManagedChannelOrphanWrapper.java:44)
	at org.apache.ratis.thirdparty.io.grpc.internal.ManagedChannelImplBuilder.build(ManagedChannelImplBuilder.java:596)
	at org.apache.ratis.thirdparty.io.grpc.ForwardingChannelBuilder.build(ForwardingChannelBuilder.java:255)
	at org.apache.ratis.grpc.client.GrpcClientProtocolClient.buildChannel(GrpcClientProtocolClient.java:159)
	at org.apache.ratis.grpc.client.GrpcClientProtocolClient.<init>(GrpcClientProtocolClient.java:111)
	at org.apache.ratis.grpc.client.GrpcClientRpc.lambda$new$0(GrpcClientRpc.java:57)
	at org.apache.ratis.util.PeerProxyMap$PeerAndProxy.lambda$getProxy$0(PeerProxyMap.java:63)
	at org.apache.ratis.util.LifeCycle.startAndTransition(LifeCycle.java:270)
	at org.apache.ratis.util.PeerProxyMap$PeerAndProxy.getProxy(PeerProxyMap.java:62)
	at org.apache.ratis.util.PeerProxyMap.getProxy(PeerProxyMap.java:114)
	at org.apache.ratis.grpc.client.GrpcClientRpc.sendRequestAsync(GrpcClientRpc.java:67)
	at org.apache.ratis.client.impl.OrderedAsync.sendRequest(OrderedAsync.java:236)
	at org.apache.ratis.client.impl.OrderedAsync.sendRequestWithRetry(OrderedAsync.java:189)
	at org.apache.ratis.util.SlidingWindow$Client.sendOrDelayRequest(SlidingWindow.java:280)
	at org.apache.ratis.util.SlidingWindow$Client.submitNewRequest(SlidingWindow.java:259)
	at org.apache.ratis.client.impl.OrderedAsync.send(OrderedAsync.java:170)
	at org.apache.ratis.client.impl.OrderedAsync.newInstance(OrderedAsync.java:118)
	at org.apache.ratis.client.impl.RaftClientImpl.lambda$new$0(RaftClientImpl.java:162)
	at org.apache.ratis.util.MemoizedSupplier.get(MemoizedSupplier.java:62)
	at org.apache.ratis.client.impl.RaftClientImpl.getOrderedAsync(RaftClientImpl.java:215)
	at org.apache.ratis.client.impl.AsyncImpl.send(AsyncImpl.java:41)
	at org.apache.ratis.client.impl.AsyncImpl.send(AsyncImpl.java:46)
	at org.apache.hadoop.hdds.scm.XceiverClientRatis.lambda$sendRequestAsync$3(XceiverClientRatis.java:225)
	at org.apache.hadoop.hdds.tracing.TracingUtil.executeInNewSpan(TracingUtil.java:159)
	at org.apache.hadoop.hdds.scm.XceiverClientRatis.sendRequestAsync(XceiverClientRatis.java:210)
	at org.apache.hadoop.hdds.scm.XceiverClientRatis.sendCommandAsync(XceiverClientRatis.java:306)
	at org.apache.hadoop.hdds.scm.storage.ContainerProtocolCalls.writeChunkAsync(ContainerProtocolCalls.java:300)
	at org.apache.hadoop.hdds.scm.storage.BlockOutputStream.writeChunkToContainer(BlockOutputStream.java:666)
	at org.apache.hadoop.hdds.scm.storage.BlockOutputStream.writeChunk(BlockOutputStream.java:506)
	at org.apache.hadoop.hdds.scm.storage.BlockOutputStream.writeOnRetry(BlockOutputStream.java:306)
	at org.apache.hadoop.ozone.client.io.BlockOutputStreamEntry.writeOnRetry(BlockOutputStreamEntry.java:123)
	at org.apache.hadoop.ozone.client.io.KeyOutputStream.writeToOutputStream(KeyOutputStream.java:253)
	at org.apache.hadoop.ozone.client.io.KeyOutputStream.handleWrite(KeyOutputStream.java:233)
	at org.apache.hadoop.ozone.client.io.KeyOutputStream.handleRetry(KeyOutputStream.java:415)
	at org.apache.hadoop.ozone.client.io.KeyOutputStream.handleException(KeyOutputStream.java:360)
	at org.apache.hadoop.ozone.client.io.KeyOutputStream.handleFlushOrClose(KeyOutputStream.java:471)
	at org.apache.hadoop.ozone.client.io.KeyOutputStream.handleWrite(KeyOutputStream.java:237)
	at org.apache.hadoop.ozone.client.io.KeyOutputStream.write(KeyOutputStream.java:213)
	at org.apache.hadoop.ozone.client.io.OzoneOutputStream.write(OzoneOutputStream.java:50)
	at java.io.OutputStream.write(OutputStream.java:75)
	at org.apache.hadoop.ozone.client.rpc.TestBlockOutputStreamWithFailures.testWatchForCommitDatanodeFailure(TestBlockOutputStreamWithFailures.java:328)
	at sun.reflect.NativeMethodAccessorImpl.invoke0(Native Method)
	at sun.reflect.NativeMethodAccessorImpl.invoke(NativeMethodAccessorImpl.java:62)
	at sun.reflect.DelegatingMethodAccessorImpl.invoke(DelegatingMethodAccessorImpl.java:43)
	at java.lang.reflect.Method.invoke(Method.java:498)
	at org.junit.runners.model.FrameworkMethod$1.runReflectiveCall(FrameworkMethod.java:59)
	at org.junit.internal.runners.model.ReflectiveCallable.run(ReflectiveCallable.java:12)
	at org.junit.runners.model.FrameworkMethod.invokeExplosively(FrameworkMethod.java:56)
	at org.junit.internal.runners.statements.InvokeMethod.evaluate(InvokeMethod.java:17)
	at org.junit.internal.runners.statements.RunBefores.evaluate(RunBefores.java:26)
	at org.junit.internal.runners.statements.RunAfters.evaluate(RunAfters.java:27)
	at org.junit.internal.runners.statements.FailOnTimeout$CallableStatement.call(FailOnTimeout.java:288)
	at org.junit.internal.runners.statements.FailOnTimeout$CallableStatement.call(FailOnTimeout.java:282)
	at java.util.concurrent.FutureTask.run(FutureTask.java:266)
	at java.lang.Thread.run(Thread.java:748)

Dec 02, 2021 2:32:12 PM org.apache.ratis.thirdparty.io.grpc.internal.ManagedChannelOrphanWrapper$ManagedChannelReference cleanQueue
SEVERE: *~*~*~ Channel ManagedChannelImpl{logId=936, target=10.1.0.16:37319} was not shutdown properly!!! ~*~*~*
    Make sure to call shutdown()/shutdownNow() and wait until awaitTermination() returns true.
java.lang.RuntimeException: ManagedChannel allocation site
	at org.apache.ratis.thirdparty.io.grpc.internal.ManagedChannelOrphanWrapper$ManagedChannelReference.<init>(ManagedChannelOrphanWrapper.java:93)
	at org.apache.ratis.thirdparty.io.grpc.internal.ManagedChannelOrphanWrapper.<init>(ManagedChannelOrphanWrapper.java:53)
	at org.apache.ratis.thirdparty.io.grpc.internal.ManagedChannelOrphanWrapper.<init>(ManagedChannelOrphanWrapper.java:44)
	at org.apache.ratis.thirdparty.io.grpc.internal.ManagedChannelImplBuilder.build(ManagedChannelImplBuilder.java:596)
	at org.apache.ratis.thirdparty.io.grpc.ForwardingChannelBuilder.build(ForwardingChannelBuilder.java:255)
	at org.apache.ratis.grpc.client.GrpcClientProtocolClient.buildChannel(GrpcClientProtocolClient.java:159)
	at org.apache.ratis.grpc.client.GrpcClientProtocolClient.<init>(GrpcClientProtocolClient.java:111)
	at org.apache.ratis.grpc.client.GrpcClientRpc.lambda$new$0(GrpcClientRpc.java:57)
	at org.apache.ratis.util.PeerProxyMap$PeerAndProxy.lambda$getProxy$0(PeerProxyMap.java:63)
	at org.apache.ratis.util.LifeCycle.startAndTransition(LifeCycle.java:270)
	at org.apache.ratis.util.PeerProxyMap$PeerAndProxy.getProxy(PeerProxyMap.java:62)
	at org.apache.ratis.util.PeerProxyMap.getProxy(PeerProxyMap.java:114)
	at org.apache.ratis.grpc.client.GrpcClientRpc.sendRequestAsync(GrpcClientRpc.java:67)
	at org.apache.ratis.client.impl.OrderedAsync.sendRequest(OrderedAsync.java:236)
	at org.apache.ratis.client.impl.OrderedAsync.sendRequestWithRetry(OrderedAsync.java:189)
	at org.apache.ratis.util.SlidingWindow$Client.sendOrDelayRequest(SlidingWindow.java:280)
	at org.apache.ratis.util.SlidingWindow$Client.retry(SlidingWindow.java:296)
	at org.apache.ratis.client.impl.OrderedAsync.lambda$scheduleWithTimeout$7(OrderedAsync.java:223)
	at org.apache.ratis.util.TimeoutScheduler.lambda$onTimeout$0(TimeoutScheduler.java:141)
	at org.apache.ratis.util.TimeoutScheduler.lambda$onTimeout$1(TimeoutScheduler.java:155)
	at org.apache.ratis.util.LogUtils.runAndLog(LogUtils.java:38)
	at org.apache.ratis.util.LogUtils$1.run(LogUtils.java:79)
	at java.util.concurrent.Executors$RunnableAdapter.call(Executors.java:511)
	at java.util.concurrent.FutureTask.run(FutureTask.java:266)
	at java.util.concurrent.ScheduledThreadPoolExecutor$ScheduledFutureTask.access$201(ScheduledThreadPoolExecutor.java:180)
	at java.util.concurrent.ScheduledThreadPoolExecutor$ScheduledFutureTask.run(ScheduledThreadPoolExecutor.java:293)
	at java.util.concurrent.ThreadPoolExecutor.runWorker(ThreadPoolExecutor.java:1149)
	at java.util.concurrent.ThreadPoolExecutor$Worker.run(ThreadPoolExecutor.java:624)
	at java.lang.Thread.run(Thread.java:748)

Dec 02, 2021 2:32:12 PM org.apache.ratis.thirdparty.io.grpc.internal.ManagedChannelOrphanWrapper$ManagedChannelReference cleanQueue
SEVERE: *~*~*~ Channel ManagedChannelImpl{logId=1281, target=10.1.0.16:41055} was not shutdown properly!!! ~*~*~*
    Make sure to call shutdown()/shutdownNow() and wait until awaitTermination() returns true.
java.lang.RuntimeException: ManagedChannel allocation site
	at org.apache.ratis.thirdparty.io.grpc.internal.ManagedChannelOrphanWrapper$ManagedChannelReference.<init>(ManagedChannelOrphanWrapper.java:93)
	at org.apache.ratis.thirdparty.io.grpc.internal.ManagedChannelOrphanWrapper.<init>(ManagedChannelOrphanWrapper.java:53)
	at org.apache.ratis.thirdparty.io.grpc.internal.ManagedChannelOrphanWrapper.<init>(ManagedChannelOrphanWrapper.java:44)
	at org.apache.ratis.thirdparty.io.grpc.internal.ManagedChannelImplBuilder.build(ManagedChannelImplBuilder.java:596)
	at org.apache.ratis.thirdparty.io.grpc.ForwardingChannelBuilder.build(ForwardingChannelBuilder.java:255)
	at org.apache.hadoop.hdds.scm.XceiverClientGrpc.connectToDatanode(XceiverClientGrpc.java:195)
	at org.apache.hadoop.hdds.scm.XceiverClientGrpc.connect(XceiverClientGrpc.java:144)
	at org.apache.hadoop.hdds.scm.XceiverClientManager$2.call(XceiverClientManager.java:237)
	at org.apache.hadoop.hdds.scm.XceiverClientManager$2.call(XceiverClientManager.java:221)
	at com.google.common.cache.LocalCache$LocalManualCache$1.load(LocalCache.java:4864)
	at com.google.common.cache.LocalCache$LoadingValueReference.loadFuture(LocalCache.java:3529)
	at com.google.common.cache.LocalCache$Segment.loadSync(LocalCache.java:2278)
	at com.google.common.cache.LocalCache$Segment.lockedGetOrLoad(LocalCache.java:2155)
	at com.google.common.cache.LocalCache$Segment.get(LocalCache.java:2045)
	at com.google.common.cache.LocalCache.get(LocalCache.java:3962)
	at com.google.common.cache.LocalCache$LocalManualCache.get(LocalCache.java:4859)
	at org.apache.hadoop.hdds.scm.XceiverClientManager.getClient(XceiverClientManager.java:221)
	at org.apache.hadoop.hdds.scm.XceiverClientManager.acquireClient(XceiverClientManager.java:165)
	at org.apache.hadoop.hdds.scm.XceiverClientManager.acquireClientForReadData(XceiverClientManager.java:154)
	at org.apache.hadoop.hdds.scm.storage.BlockInputStream.acquireClient(BlockInputStream.java:255)
	at org.apache.hadoop.hdds.scm.storage.BlockInputStream.getChunkInfos(BlockInputStream.java:229)
	at org.apache.hadoop.hdds.scm.storage.BlockInputStream.initialize(BlockInputStream.java:153)
	at org.apache.hadoop.hdds.scm.storage.BlockInputStream.readWithStrategy(BlockInputStream.java:314)
	at org.apache.hadoop.hdds.scm.storage.BlockInputStream.read(BlockInputStream.java:297)
	at org.apache.hadoop.hdds.scm.storage.ByteArrayReader.readFromBlock(ByteArrayReader.java:57)
	at org.apache.hadoop.ozone.client.io.KeyInputStream.readWithStrategy(KeyInputStream.java:262)
	at org.apache.hadoop.ozone.client.io.KeyInputStream.read(KeyInputStream.java:230)
	at org.apache.hadoop.ozone.client.io.OzoneInputStream.read(OzoneInputStream.java:56)
	at java.io.InputStream.read(InputStream.java:101)
	at org.apache.hadoop.ozone.container.TestHelper.validateData(TestHelper.java:146)
	at org.apache.hadoop.ozone.client.rpc.TestBlockOutputStreamWithFailures.validateData(TestBlockOutputStreamWithFailures.java:874)
	at org.apache.hadoop.ozone.client.rpc.TestBlockOutputStreamWithFailures.testWatchForCommitDatanodeFailure(TestBlockOutputStreamWithFailures.java:343)
	at sun.reflect.NativeMethodAccessorImpl.invoke0(Native Method)
	at sun.reflect.NativeMethodAccessorImpl.invoke(NativeMethodAccessorImpl.java:62)
	at sun.reflect.DelegatingMethodAccessorImpl.invoke(DelegatingMethodAccessorImpl.java:43)
	at java.lang.reflect.Method.invoke(Method.java:498)
	at org.junit.runners.model.FrameworkMethod$1.runReflectiveCall(FrameworkMethod.java:59)
	at org.junit.internal.runners.model.ReflectiveCallable.run(ReflectiveCallable.java:12)
	at org.junit.runners.model.FrameworkMethod.invokeExplosively(FrameworkMethod.java:56)
	at org.junit.internal.runners.statements.InvokeMethod.evaluate(InvokeMethod.java:17)
	at org.junit.internal.runners.statements.RunBefores.evaluate(RunBefores.java:26)
	at org.junit.internal.runners.statements.RunAfters.evaluate(RunAfters.java:27)
	at org.junit.internal.runners.statements.FailOnTimeout$CallableStatement.call(FailOnTimeout.java:288)
	at org.junit.internal.runners.statements.FailOnTimeout$CallableStatement.call(FailOnTimeout.java:282)
	at java.util.concurrent.FutureTask.run(FutureTask.java:266)
	at java.lang.Thread.run(Thread.java:748)

]]></system-err>
  </testcase>
</testsuite>