<?xml version="1.0" encoding="UTF-8"?>
<testsuite xmlns:xsi="http://www.w3.org/2001/XMLSchema-instance" xsi:noNamespaceSchemaLocation="https://maven.apache.org/surefire/maven-surefire-plugin/xsd/surefire-test-report.xsd" name="org.apache.hadoop.ozone.scm.TestSCMInstallSnapshotWithHA" time="185.599" tests="3" errors="0" skipped="0" failures="1">
  <properties>
    <property name="awt.toolkit" value="sun.awt.X11.XToolkit"/>
    <property name="file.encoding.pkg" value="sun.io"/>
    <property name="java.specification.version" value="1.8"/>
    <property name="sun.cpu.isalist" value=""/>
    <property name="sun.jnu.encoding" value="UTF-8"/>
    <property name="java.class.path" value="/home/runner/work/ozone/ozone/hadoop-ozone/integration-test/target/test-classes:/home/runner/work/ozone/ozone/hadoop-ozone/integration-test/target/classes:/home/runner/.m2/repository/org/apache/ozone/ozone-common/1.3.0-SNAPSHOT/ozone-common-1.3.0-SNAPSHOT.jar:/home/runner/.m2/repository/org/apache/commons/commons-compress/1.21/commons-compress-1.21.jar:/home/runner/.m2/repository/org/apache/ozone/hdds-common/1.3.0-SNAPSHOT/hdds-common-1.3.0-SNAPSHOT.jar:/home/runner/.m2/repository/org/apache/ozone/hdds-client/1.3.0-SNAPSHOT/hdds-client-1.3.0-SNAPSHOT.jar:/home/runner/.m2/repository/org/apache/ozone/ozone-interface-client/1.3.0-SNAPSHOT/ozone-interface-client-1.3.0-SNAPSHOT.jar:/home/runner/.m2/repository/org/apache/ozone/hdds-test-utils/1.3.0-SNAPSHOT/hdds-test-utils-1.3.0-SNAPSHOT.jar:/home/runner/.m2/repository/com/google/guava/guava/30.1.1-jre/guava-30.1.1-jre.jar:/home/runner/.m2/repository/com/google/guava/failureaccess/1.0.1/failureaccess-1.0.1.jar:/home/runner/.m2/repository/com/google/guava/listenablefuture/9999.0-empty-to-avoid-conflict-with-guava/listenablefuture-9999.0-empty-to-avoid-conflict-with-guava.jar:/home/runner/.m2/repository/com/google/code/findbugs/jsr305/3.0.0/jsr305-3.0.0.jar:/home/runner/.m2/repository/org/checkerframework/checker-qual/3.8.0/checker-qual-3.8.0.jar:/home/runner/.m2/repository/com/google/errorprone/error_prone_annotations/2.2.0/error_prone_annotations-2.2.0.jar:/home/runner/.m2/repository/com/google/j2objc/j2objc-annotations/1.3/j2objc-annotations-1.3.jar:/home/runner/.m2/repository/commons-io/commons-io/2.11.0/commons-io-2.11.0.jar:/home/runner/.m2/repository/commons-logging/commons-logging/1.2/commons-logging-1.2.jar:/home/runner/.m2/repository/log4j/log4j/1.2.17/log4j-1.2.17.jar:/home/runner/.m2/repository/org/slf4j/slf4j-api/1.7.30/slf4j-api-1.7.30.jar:/home/runner/.m2/repository/org/apache/ozone/hdds-server-scm/1.3.0-SNAPSHOT/hdds-server-scm-1.3.0-SNAPSHOT.jar:/home/runner/.m2/repository/org/apache/ozone/hdds-container-service/1.3.0-SNAPSHOT/hdds-container-service-1.3.0-SNAPSHOT.jar:/home/runner/.m2/repository/org/apache/ozone/hdds-hadoop-dependency-server/1.3.0-SNAPSHOT/hdds-hadoop-dependency-server-1.3.0-SNAPSHOT.jar:/home/runner/.m2/repository/org/apache/hadoop/hadoop-hdfs/3.3.1/hadoop-hdfs-3.3.1.jar:/home/runner/.m2/repository/org/apache/ozone/hdds-server-framework/1.3.0-SNAPSHOT/hdds-server-framework-1.3.0-SNAPSHOT.jar:/home/runner/.m2/repository/org/apache/ozone/hdds-interface-server/1.3.0-SNAPSHOT/hdds-interface-server-1.3.0-SNAPSHOT.jar:/home/runner/.m2/repository/org/eclipse/jetty/jetty-servlet/9.4.43.v20210629/jetty-servlet-9.4.43.v20210629.jar:/home/runner/.m2/repository/org/eclipse/jetty/jetty-security/9.4.43.v20210629/jetty-security-9.4.43.v20210629.jar:/home/runner/.m2/repository/org/rocksdb/rocksdbjni/6.25.3/rocksdbjni-6.25.3.jar:/home/runner/.m2/repository/io/prometheus/simpleclient_dropwizard/0.7.0/simpleclient_dropwizard-0.7.0.jar:/home/runner/.m2/repository/io/prometheus/simpleclient/0.7.0/simpleclient-0.7.0.jar:/home/runner/.m2/repository/io/prometheus/simpleclient_common/0.7.0/simpleclient_common-0.7.0.jar:/home/runner/.m2/repository/com/fasterxml/jackson/datatype/jackson-datatype-jsr310/2.12.1/jackson-datatype-jsr310-2.12.1.jar:/home/runner/.m2/repository/io/dropwizard/metrics/metrics-core/3.2.4/metrics-core-3.2.4.jar:/home/runner/.m2/repository/org/apache/hadoop/hadoop-hdfs-client/3.3.1/hadoop-hdfs-client-3.3.1.jar:/home/runner/.m2/repository/org/bouncycastle/bcprov-jdk15on/1.67/bcprov-jdk15on-1.67.jar:/home/runner/.m2/repository/com/google/protobuf/protobuf-java/2.5.0/protobuf-java-2.5.0.jar:/home/runner/.m2/repository/org/apache/ozone/ozone-manager/1.3.0-SNAPSHOT/ozone-manager-1.3.0-SNAPSHOT.jar:/home/runner/.m2/repository/org/aspectj/aspectjrt/1.9.7/aspectjrt-1.9.7.jar:/home/runner/.m2/repository/org/aspectj/aspectjweaver/1.9.7/aspectjweaver-1.9.7.jar:/home/runner/.m2/repository/org/apache/ozone/hdds-interface-client/1.3.0-SNAPSHOT/hdds-interface-client-1.3.0-SNAPSHOT.jar:/home/runner/.m2/repository/org/apache/hadoop/thirdparty/hadoop-shaded-protobuf_3_7/1.1.1/hadoop-shaded-protobuf_3_7-1.1.1.jar:/home/runner/.m2/repository/org/apache/ozone/ozone-interface-storage/1.3.0-SNAPSHOT/ozone-interface-storage-1.3.0-SNAPSHOT.jar:/home/runner/.m2/repository/org/reflections/reflections/0.9.11/reflections-0.9.11.jar:/home/runner/.m2/repository/org/apache/hadoop/hadoop-minikdc/3.3.1/hadoop-minikdc-3.3.1.jar:/home/runner/.m2/repository/org/apache/kerby/kerb-simplekdc/1.0.1/kerb-simplekdc-1.0.1.jar:/home/runner/.m2/repository/org/apache/kerby/kerb-client/1.0.1/kerb-client-1.0.1.jar:/home/runner/.m2/repository/org/apache/kerby/kerby-config/1.0.1/kerby-config-1.0.1.jar:/home/runner/.m2/repository/org/apache/kerby/kerb-common/1.0.1/kerb-common-1.0.1.jar:/home/runner/.m2/repository/org/apache/kerby/kerb-crypto/1.0.1/kerb-crypto-1.0.1.jar:/home/runner/.m2/repository/org/apache/kerby/kerb-util/1.0.1/kerb-util-1.0.1.jar:/home/runner/.m2/repository/org/apache/kerby/token-provider/1.0.1/token-provider-1.0.1.jar:/home/runner/.m2/repository/org/apache/kerby/kerb-admin/1.0.1/kerb-admin-1.0.1.jar:/home/runner/.m2/repository/org/apache/kerby/kerb-server/1.0.1/kerb-server-1.0.1.jar:/home/runner/.m2/repository/org/apache/kerby/kerb-identity/1.0.1/kerb-identity-1.0.1.jar:/home/runner/.m2/repository/org/apache/kerby/kerby-xdr/1.0.1/kerby-xdr-1.0.1.jar:/home/runner/.m2/repository/org/slf4j/slf4j-log4j12/1.7.30/slf4j-log4j12-1.7.30.jar:/home/runner/.m2/repository/org/apache/ozone/ozone-s3gateway/1.3.0-SNAPSHOT/ozone-s3gateway-1.3.0-SNAPSHOT.jar:/home/runner/.m2/repository/org/javassist/javassist/3.21.0-GA/javassist-3.21.0-GA.jar:/home/runner/.m2/repository/org/jboss/weld/servlet/weld-servlet/2.4.7.Final/weld-servlet-2.4.7.Final.jar:/home/runner/.m2/repository/org/glassfish/jersey/containers/jersey-container-servlet-core/2.33/jersey-container-servlet-core-2.33.jar:/home/runner/.m2/repository/org/glassfish/hk2/external/jakarta.inject/2.6.1/jakarta.inject-2.6.1.jar:/home/runner/.m2/repository/org/glassfish/jersey/core/jersey-common/2.33/jersey-common-2.33.jar:/home/runner/.m2/repository/jakarta/ws/rs/jakarta.ws.rs-api/2.1.6/jakarta.ws.rs-api-2.1.6.jar:/home/runner/.m2/repository/org/glassfish/jersey/ext/cdi/jersey-cdi1x/2.33/jersey-cdi1x-2.33.jar:/home/runner/.m2/repository/org/glassfish/jersey/inject/jersey-hk2/2.33/jersey-hk2-2.33.jar:/home/runner/.m2/repository/org/glassfish/hk2/hk2-locator/2.6.1/hk2-locator-2.6.1.jar:/home/runner/.m2/repository/org/glassfish/jersey/media/jersey-media-jaxb/2.33/jersey-media-jaxb-2.33.jar:/home/runner/.m2/repository/org/glassfish/hk2/osgi-resource-locator/1.0.3/osgi-resource-locator-1.0.3.jar:/home/runner/.m2/repository/org/glassfish/hk2/hk2-api/2.5.0/hk2-api-2.5.0.jar:/home/runner/.m2/repository/org/glassfish/hk2/hk2-utils/2.5.0/hk2-utils-2.5.0.jar:/home/runner/.m2/repository/org/glassfish/hk2/external/aopalliance-repackaged/2.5.0/aopalliance-repackaged-2.5.0.jar:/home/runner/.m2/repository/com/fasterxml/jackson/dataformat/jackson-dataformat-xml/2.12.1/jackson-dataformat-xml-2.12.1.jar:/home/runner/.m2/repository/com/fasterxml/jackson/core/jackson-core/2.12.1/jackson-core-2.12.1.jar:/home/runner/.m2/repository/com/fasterxml/jackson/module/jackson-module-jaxb-annotations/2.12.1/jackson-module-jaxb-annotations-2.12.1.jar:/home/runner/.m2/repository/jakarta/xml/bind/jakarta.xml.bind-api/2.3.2/jakarta.xml.bind-api-2.3.2.jar:/home/runner/.m2/repository/org/codehaus/woodstox/stax2-api/3.1.4/stax2-api-3.1.4.jar:/home/runner/.m2/repository/com/fasterxml/woodstox/woodstox-core/5.0.3/woodstox-core-5.0.3.jar:/home/runner/.m2/repository/javax/enterprise/cdi-api/1.2/cdi-api-1.2.jar:/home/runner/.m2/repository/javax/el/javax.el-api/3.0.0/javax.el-api-3.0.0.jar:/home/runner/.m2/repository/javax/interceptor/javax.interceptor-api/1.2/javax.interceptor-api-1.2.jar:/home/runner/.m2/repository/javax/inject/javax.inject/1/javax.inject-1.jar:/home/runner/.m2/repository/javax/xml/bind/jaxb-api/2.3.0/jaxb-api-2.3.0.jar:/home/runner/.m2/repository/org/glassfish/jaxb/jaxb-runtime/2.3.0.1/jaxb-runtime-2.3.0.1.jar:/home/runner/.m2/repository/org/glassfish/jaxb/jaxb-core/2.3.0.1/jaxb-core-2.3.0.1.jar:/home/runner/.m2/repository/org/glassfish/jaxb/txw2/2.3.0.1/txw2-2.3.0.1.jar:/home/runner/.m2/repository/com/sun/istack/istack-commons-runtime/3.0.5/istack-commons-runtime-3.0.5.jar:/home/runner/.m2/repository/org/jvnet/staxex/stax-ex/1.7.8/stax-ex-1.7.8.jar:/home/runner/.m2/repository/com/sun/xml/fastinfoset/FastInfoset/1.2.13/FastInfoset-1.2.13.jar:/home/runner/.m2/repository/javax/activation/activation/1.1.1/activation-1.1.1.jar:/home/runner/.m2/repository/org/apache/ozone/ozone-csi/1.3.0-SNAPSHOT/ozone-csi-1.3.0-SNAPSHOT.jar:/home/runner/.m2/repository/com/google/protobuf/protobuf-java-util/3.12.0/protobuf-java-util-3.12.0.jar:/home/runner/.m2/repository/com/google/code/gson/gson/2.2.4/gson-2.2.4.jar:/home/runner/.m2/repository/org/apache/ozone/hdds-config/1.3.0-SNAPSHOT/hdds-config-1.3.0-SNAPSHOT.jar:/home/runner/.m2/repository/io/grpc/grpc-netty/1.33.0/grpc-netty-1.33.0.jar:/home/runner/.m2/repository/io/grpc/grpc-core/1.33.0/grpc-core-1.33.0.jar:/home/runner/.m2/repository/com/google/android/annotations/4.1.1.4/annotations-4.1.1.4.jar:/home/runner/.m2/repository/io/netty/netty-codec-http2/4.1.63.Final/netty-codec-http2-4.1.63.Final.jar:/home/runner/.m2/repository/io/netty/netty-codec-http/4.1.63.Final/netty-codec-http-4.1.63.Final.jar:/home/runner/.m2/repository/io/netty/netty-handler-proxy/4.1.63.Final/netty-handler-proxy-4.1.63.Final.jar:/home/runner/.m2/repository/io/netty/netty-codec-socks/4.1.63.Final/netty-codec-socks-4.1.63.Final.jar:/home/runner/.m2/repository/io/perfmark/perfmark-api/0.19.0/perfmark-api-0.19.0.jar:/home/runner/.m2/repository/org/codehaus/mojo/animal-sniffer-annotations/1.18/animal-sniffer-annotations-1.18.jar:/home/runner/.m2/repository/io/netty/netty-transport-native-epoll/4.1.63.Final/netty-transport-native-epoll-4.1.63.Final.jar:/home/runner/.m2/repository/io/netty/netty-common/4.1.63.Final/netty-common-4.1.63.Final.jar:/home/runner/.m2/repository/io/netty/netty-buffer/4.1.63.Final/netty-buffer-4.1.63.Final.jar:/home/runner/.m2/repository/io/netty/netty-transport-native-unix-common/4.1.63.Final/netty-transport-native-unix-common-4.1.63.Final.jar:/home/runner/.m2/repository/io/grpc/grpc-protobuf/1.33.0/grpc-protobuf-1.33.0.jar:/home/runner/.m2/repository/io/grpc/grpc-api/1.33.0/grpc-api-1.33.0.jar:/home/runner/.m2/repository/io/grpc/grpc-context/1.33.0/grpc-context-1.33.0.jar:/home/runner/.m2/repository/com/google/api/grpc/proto-google-common-protos/1.17.0/proto-google-common-protos-1.17.0.jar:/home/runner/.m2/repository/io/grpc/grpc-protobuf-lite/1.33.0/grpc-protobuf-lite-1.33.0.jar:/home/runner/.m2/repository/io/grpc/grpc-stub/1.33.0/grpc-stub-1.33.0.jar:/home/runner/.m2/repository/org/apache/ozone/ozone-recon/1.3.0-SNAPSHOT/ozone-recon-1.3.0-SNAPSHOT.jar:/home/runner/.m2/repository/org/apache/ozone/ozone-reconcodegen/1.3.0-SNAPSHOT/ozone-reconcodegen-1.3.0-SNAPSHOT.jar:/home/runner/.m2/repository/com/google/inject/extensions/guice-multibindings/4.0/guice-multibindings-4.0.jar:/home/runner/.m2/repository/com/google/inject/guice/4.0/guice-4.0.jar:/home/runner/.m2/repository/aopalliance/aopalliance/1.0/aopalliance-1.0.jar:/home/runner/.m2/repository/com/google/inject/extensions/guice-assistedinject/4.0/guice-assistedinject-4.0.jar:/home/runner/.m2/repository/com/google/inject/extensions/guice-servlet/4.0/guice-servlet-4.0.jar:/home/runner/.m2/repository/org/glassfish/jersey/containers/jersey-container-servlet/2.33/jersey-container-servlet-2.33.jar:/home/runner/.m2/repository/org/glassfish/hk2/guice-bridge/2.5.0/guice-bridge-2.5.0.jar:/home/runner/.m2/repository/org/glassfish/jersey/core/jersey-server/2.33/jersey-server-2.33.jar:/home/runner/.m2/repository/org/glassfish/jersey/core/jersey-client/2.33/jersey-client-2.33.jar:/home/runner/.m2/repository/jakarta/annotation/jakarta.annotation-api/1.3.5/jakarta.annotation-api-1.3.5.jar:/home/runner/.m2/repository/jakarta/validation/jakarta.validation-api/2.0.2/jakarta.validation-api-2.0.2.jar:/home/runner/.m2/repository/org/glassfish/jersey/media/jersey-media-json-jackson/2.33/jersey-media-json-jackson-2.33.jar:/home/runner/.m2/repository/org/glassfish/jersey/ext/jersey-entity-filtering/2.33/jersey-entity-filtering-2.33.jar:/home/runner/.m2/repository/org/jooq/jooq/3.11.10/jooq-3.11.10.jar:/home/runner/.m2/repository/org/jooq/jooq-meta/3.11.10/jooq-meta-3.11.10.jar:/home/runner/.m2/repository/org/jooq/jooq-codegen/3.11.10/jooq-codegen-3.11.10.jar:/home/runner/.m2/repository/com/jolbox/bonecp/0.8.0.RELEASE/bonecp-0.8.0.RELEASE.jar:/home/runner/.m2/repository/org/apache/derby/derby/10.14.2.0/derby-10.14.2.0.jar:/home/runner/.m2/repository/org/xerial/sqlite-jdbc/3.25.2/sqlite-jdbc-3.25.2.jar:/home/runner/.m2/repository/org/springframework/spring-jdbc/5.2.18.RELEASE/spring-jdbc-5.2.18.RELEASE.jar:/home/runner/.m2/repository/org/springframework/spring-beans/5.2.18.RELEASE/spring-beans-5.2.18.RELEASE.jar:/home/runner/.m2/repository/org/springframework/spring-core/5.2.18.RELEASE/spring-core-5.2.18.RELEASE.jar:/home/runner/.m2/repository/org/springframework/spring-jcl/5.2.18.RELEASE/spring-jcl-5.2.18.RELEASE.jar:/home/runner/.m2/repository/org/springframework/spring-tx/5.2.18.RELEASE/spring-tx-5.2.18.RELEASE.jar:/home/runner/.m2/repository/org/apache/ozone/ozone-client/1.3.0-SNAPSHOT/ozone-client-1.3.0-SNAPSHOT.jar:/home/runner/.m2/repository/org/apache/ozone/ozone-filesystem/1.3.0-SNAPSHOT/ozone-filesystem-1.3.0-SNAPSHOT.jar:/home/runner/.m2/repository/org/apache/ozone/ozone-filesystem-common/1.3.0-SNAPSHOT/ozone-filesystem-common-1.3.0-SNAPSHOT.jar:/home/runner/.m2/repository/org/apache/ozone/ozone-tools/1.3.0-SNAPSHOT/ozone-tools-1.3.0-SNAPSHOT.jar:/home/runner/.m2/repository/org/apache/ratis/ratis-tools/2.2.0/ratis-tools-2.2.0.jar:/home/runner/.m2/repository/com/amazonaws/aws-java-sdk-core/1.11.1034/aws-java-sdk-core-1.11.1034.jar:/home/runner/.m2/repository/org/apache/httpcomponents/httpclient/4.5.13/httpclient-4.5.13.jar:/home/runner/.m2/repository/org/apache/httpcomponents/httpcore/4.4.13/httpcore-4.4.13.jar:/home/runner/.m2/repository/software/amazon/ion/ion-java/1.0.2/ion-java-1.0.2.jar:/home/runner/.m2/repository/com/fasterxml/jackson/dataformat/jackson-dataformat-cbor/2.12.1/jackson-dataformat-cbor-2.12.1.jar:/home/runner/.m2/repository/joda-time/joda-time/2.8.1/joda-time-2.8.1.jar:/home/runner/.m2/repository/com/amazonaws/aws-java-sdk-s3/1.11.1034/aws-java-sdk-s3-1.11.1034.jar:/home/runner/.m2/repository/com/amazonaws/aws-java-sdk-kms/1.11.1034/aws-java-sdk-kms-1.11.1034.jar:/home/runner/.m2/repository/com/amazonaws/jmespath-java/1.11.1034/jmespath-java-1.11.1034.jar:/home/runner/.m2/repository/org/kohsuke/metainf-services/metainf-services/1.8/metainf-services-1.8.jar:/home/runner/.m2/repository/org/apache/ozone/hdds-tools/1.3.0-SNAPSHOT/hdds-tools-1.3.0-SNAPSHOT.jar:/home/runner/.m2/repository/commons-cli/commons-cli/1.2/commons-cli-1.2.jar:/home/runner/.m2/repository/org/apache/commons/commons-lang3/3.7/commons-lang3-3.7.jar:/home/runner/.m2/repository/org/apache/ozone/ozone-manager/1.3.0-SNAPSHOT/ozone-manager-1.3.0-SNAPSHOT-tests.jar:/home/runner/.m2/repository/org/apache/ozone/hdds-common/1.3.0-SNAPSHOT/hdds-common-1.3.0-SNAPSHOT-tests.jar:/home/runner/.m2/repository/org/apache/ozone/hdds-hadoop-dependency-client/1.3.0-SNAPSHOT/hdds-hadoop-dependency-client-1.3.0-SNAPSHOT.jar:/home/runner/.m2/repository/info/picocli/picocli/4.6.1/picocli-4.6.1.jar:/home/runner/.m2/repository/com/fasterxml/jackson/core/jackson-annotations/2.12.1/jackson-annotations-2.12.1.jar:/home/runner/.m2/repository/javax/annotation/javax.annotation-api/1.2/javax.annotation-api-1.2.jar:/home/runner/.m2/repository/org/apache/ratis/ratis-server/2.2.0/ratis-server-2.2.0.jar:/home/runner/.m2/repository/org/apache/ratis/ratis-client/2.2.0/ratis-client-2.2.0.jar:/home/runner/.m2/repository/org/apache/ratis/ratis-server-api/2.2.0/ratis-server-api-2.2.0.jar:/home/runner/.m2/repository/org/apache/ratis/ratis-metrics/2.2.0/ratis-metrics-2.2.0.jar:/home/runner/.m2/repository/org/apache/ratis/ratis-netty/2.2.0/ratis-netty-2.2.0.jar:/home/runner/.m2/repository/org/apache/ratis/ratis-grpc/2.2.0/ratis-grpc-2.2.0.jar:/home/runner/.m2/repository/org/apache/logging/log4j/log4j-api/2.13.3/log4j-api-2.13.3.jar:/home/runner/.m2/repository/org/apache/logging/log4j/log4j-core/2.13.3/log4j-core-2.13.3.jar:/home/runner/.m2/repository/com/lmax/disruptor/3.4.2/disruptor-3.4.2.jar:/home/runner/.m2/repository/org/apache/commons/commons-pool2/2.6.0/commons-pool2-2.6.0.jar:/home/runner/.m2/repository/org/bouncycastle/bcpkix-jdk15on/1.67/bcpkix-jdk15on-1.67.jar:/home/runner/.m2/repository/commons-validator/commons-validator/1.6/commons-validator-1.6.jar:/home/runner/.m2/repository/commons-beanutils/commons-beanutils/1.9.4/commons-beanutils-1.9.4.jar:/home/runner/.m2/repository/commons-digester/commons-digester/1.8.1/commons-digester-1.8.1.jar:/home/runner/.m2/repository/commons-collections/commons-collections/3.2.2/commons-collections-3.2.2.jar:/home/runner/.m2/repository/io/jaegertracing/jaeger-client/1.6.0/jaeger-client-1.6.0.jar:/home/runner/.m2/repository/io/jaegertracing/jaeger-thrift/1.6.0/jaeger-thrift-1.6.0.jar:/home/runner/.m2/repository/org/apache/thrift/libthrift/0.14.1/libthrift-0.14.1.jar:/home/runner/.m2/repository/com/squareup/okhttp3/okhttp/4.9.0/okhttp-4.9.0.jar:/home/runner/.m2/repository/com/squareup/okio/okio/2.8.0/okio-2.8.0.jar:/home/runner/.m2/repository/io/jaegertracing/jaeger-core/1.6.0/jaeger-core-1.6.0.jar:/home/runner/.m2/repository/io/jaegertracing/jaeger-tracerresolver/1.6.0/jaeger-tracerresolver-1.6.0.jar:/home/runner/.m2/repository/io/opentracing/contrib/opentracing-tracerresolver/0.1.8/opentracing-tracerresolver-0.1.8.jar:/home/runner/.m2/repository/org/jetbrains/kotlin/kotlin-stdlib/1.4.31/kotlin-stdlib-1.4.31.jar:/home/runner/.m2/repository/org/jetbrains/kotlin/kotlin-stdlib-common/1.4.31/kotlin-stdlib-common-1.4.31.jar:/home/runner/.m2/repository/org/jetbrains/annotations/13.0/annotations-13.0.jar:/home/runner/.m2/repository/io/opentracing/opentracing-util/0.33.0/opentracing-util-0.33.0.jar:/home/runner/.m2/repository/io/opentracing/opentracing-api/0.33.0/opentracing-api-0.33.0.jar:/home/runner/.m2/repository/io/opentracing/opentracing-noop/0.33.0/opentracing-noop-0.33.0.jar:/home/runner/.m2/repository/org/yaml/snakeyaml/1.26/snakeyaml-1.26.jar:/home/runner/.m2/repository/org/apache/ozone/hdds-interface-admin/1.3.0-SNAPSHOT/hdds-interface-admin-1.3.0-SNAPSHOT.jar:/home/runner/.m2/repository/junit/junit/4.13.1/junit-4.13.1.jar:/home/runner/.m2/repository/org/hamcrest/hamcrest-core/1.3/hamcrest-core-1.3.jar:/home/runner/.m2/repository/org/junit/jupiter/junit-jupiter-api/5.7.0/junit-jupiter-api-5.7.0.jar:/home/runner/.m2/repository/org/apiguardian/apiguardian-api/1.1.0/apiguardian-api-1.1.0.jar:/home/runner/.m2/repository/org/opentest4j/opentest4j/1.2.0/opentest4j-1.2.0.jar:/home/runner/.m2/repository/org/junit/platform/junit-platform-commons/1.7.0/junit-platform-commons-1.7.0.jar:/home/runner/.m2/repository/org/junit/jupiter/junit-jupiter-engine/5.7.0/junit-jupiter-engine-5.7.0.jar:/home/runner/.m2/repository/org/junit/platform/junit-platform-engine/1.7.0/junit-platform-engine-1.7.0.jar:/home/runner/.m2/repository/org/junit/vintage/junit-vintage-engine/5.7.0/junit-vintage-engine-5.7.0.jar:/home/runner/.m2/repository/org/junit/platform/junit-platform-launcher/1.7.0/junit-platform-launcher-1.7.0.jar:/home/runner/.m2/repository/org/openjdk/jmh/jmh-core/1.19/jmh-core-1.19.jar:/home/runner/.m2/repository/net/sf/jopt-simple/jopt-simple/4.6/jopt-simple-4.6.jar:/home/runner/.m2/repository/org/apache/commons/commons-math3/3.1.1/commons-math3-3.1.1.jar:/home/runner/.m2/repository/org/openjdk/jmh/jmh-generator-annprocess/1.19/jmh-generator-annprocess-1.19.jar:/home/runner/.m2/repository/org/mockito/mockito-core/2.28.2/mockito-core-2.28.2.jar:/home/runner/.m2/repository/net/bytebuddy/byte-buddy/1.9.10/byte-buddy-1.9.10.jar:/home/runner/.m2/repository/net/bytebuddy/byte-buddy-agent/1.9.10/byte-buddy-agent-1.9.10.jar:/home/runner/.m2/repository/org/objenesis/objenesis/1.0/objenesis-1.0.jar:/home/runner/.m2/repository/org/apache/hadoop/hadoop-kms/3.3.1/hadoop-kms-3.3.1.jar:/home/runner/.m2/repository/org/apache/hadoop/hadoop-auth/3.3.1/hadoop-auth-3.3.1.jar:/home/runner/.m2/repository/com/nimbusds/nimbus-jose-jwt/7.9/nimbus-jose-jwt-7.9.jar:/home/runner/.m2/repository/com/github/stephenc/jcip/jcip-annotations/1.0-1/jcip-annotations-1.0-1.jar:/home/runner/.m2/repository/net/minidev/json-smart/2.3.1/json-smart-2.3.1.jar:/home/runner/.m2/repository/net/minidev/accessors-smart/2.3.1/accessors-smart-2.3.1.jar:/home/runner/.m2/repository/org/ow2/asm/asm/5.0.4/asm-5.0.4.jar:/home/runner/.m2/repository/org/apache/zookeeper/zookeeper/3.5.6/zookeeper-3.5.6.jar:/home/runner/.m2/repository/org/apache/zookeeper/zookeeper-jute/3.5.6/zookeeper-jute-3.5.6.jar:/home/runner/.m2/repository/org/apache/yetus/audience-annotations/0.5.0/audience-annotations-0.5.0.jar:/home/runner/.m2/repository/org/apache/curator/curator-framework/4.2.0/curator-framework-4.2.0.jar:/home/runner/.m2/repository/org/apache/hadoop/thirdparty/hadoop-shaded-guava/1.1.1/hadoop-shaded-guava-1.1.1.jar:/home/runner/.m2/repository/com/sun/jersey/jersey-core/1.19/jersey-core-1.19.jar:/home/runner/.m2/repository/javax/ws/rs/jsr311-api/1.1.1/jsr311-api-1.1.1.jar:/home/runner/.m2/repository/com/sun/jersey/jersey-server/1.19/jersey-server-1.19.jar:/home/runner/.m2/repository/javax/servlet/javax.servlet-api/3.1.0/javax.servlet-api-3.1.0.jar:/home/runner/.m2/repository/org/eclipse/jetty/jetty-server/9.4.43.v20210629/jetty-server-9.4.43.v20210629.jar:/home/runner/.m2/repository/org/eclipse/jetty/jetty-http/9.4.43.v20210629/jetty-http-9.4.43.v20210629.jar:/home/runner/.m2/repository/org/eclipse/jetty/jetty-io/9.4.43.v20210629/jetty-io-9.4.43.v20210629.jar:/home/runner/.m2/repository/org/eclipse/jetty/jetty-webapp/9.4.43.v20210629/jetty-webapp-9.4.43.v20210629.jar:/home/runner/.m2/repository/org/eclipse/jetty/jetty-xml/9.4.43.v20210629/jetty-xml-9.4.43.v20210629.jar:/home/runner/.m2/repository/org/apache/hadoop/hadoop-common/3.3.1/hadoop-common-3.3.1.jar:/home/runner/.m2/repository/commons-net/commons-net/3.6/commons-net-3.6.jar:/home/runner/.m2/repository/jakarta/activation/jakarta.activation-api/1.2.1/jakarta.activation-api-1.2.1.jar:/home/runner/.m2/repository/com/sun/jersey/jersey-servlet/1.19/jersey-servlet-1.19.jar:/home/runner/.m2/repository/com/sun/jersey/jersey-json/1.19/jersey-json-1.19.jar:/home/runner/.m2/repository/org/codehaus/jettison/jettison/1.1/jettison-1.1.jar:/home/runner/.m2/repository/com/sun/xml/bind/jaxb-impl/2.2.3-1/jaxb-impl-2.2.3-1.jar:/home/runner/.m2/repository/org/codehaus/jackson/jackson-jaxrs/1.9.2/jackson-jaxrs-1.9.2.jar:/home/runner/.m2/repository/org/codehaus/jackson/jackson-xc/1.9.2/jackson-xc-1.9.2.jar:/home/runner/.m2/repository/org/apache/commons/commons-configuration2/2.1.1/commons-configuration2-2.1.1.jar:/home/runner/.m2/repository/org/apache/commons/commons-text/1.4/commons-text-1.4.jar:/home/runner/.m2/repository/com/google/re2j/re2j/1.1/re2j-1.1.jar:/home/runner/.m2/repository/com/jcraft/jsch/0.1.54/jsch-0.1.54.jar:/home/runner/.m2/repository/org/apache/curator/curator-client/4.2.0/curator-client-4.2.0.jar:/home/runner/.m2/repository/org/apache/curator/curator-recipes/4.2.0/curator-recipes-4.2.0.jar:/home/runner/.m2/repository/org/apache/kerby/kerb-core/1.0.1/kerb-core-1.0.1.jar:/home/runner/.m2/repository/org/apache/kerby/kerby-pkix/1.0.1/kerby-pkix-1.0.1.jar:/home/runner/.m2/repository/org/apache/kerby/kerby-asn1/1.0.1/kerby-asn1-1.0.1.jar:/home/runner/.m2/repository/org/apache/kerby/kerby-util/1.0.1/kerby-util-1.0.1.jar:/home/runner/.m2/repository/dnsjava/dnsjava/2.1.7/dnsjava-2.1.7.jar:/home/runner/.m2/repository/org/xerial/snappy/snappy-java/1.1.8.2/snappy-java-1.1.8.2.jar:/home/runner/.m2/repository/org/slf4j/jul-to-slf4j/1.7.30/jul-to-slf4j-1.7.30.jar:/home/runner/.m2/repository/org/eclipse/jetty/jetty-util/9.4.43.v20210629/jetty-util-9.4.43.v20210629.jar:/home/runner/.m2/repository/com/fasterxml/jackson/core/jackson-databind/2.12.1/jackson-databind-2.12.1.jar:/home/runner/.m2/repository/org/apache/hadoop/hadoop-kms/3.3.1/hadoop-kms-3.3.1-tests.jar:/home/runner/.m2/repository/org/apache/ozone/hdds-server-scm/1.3.0-SNAPSHOT/hdds-server-scm-1.3.0-SNAPSHOT-tests.jar:/home/runner/.m2/repository/org/apache/ozone/hdds-container-service/1.3.0-SNAPSHOT/hdds-container-service-1.3.0-SNAPSHOT-tests.jar:/home/runner/.m2/repository/commons-codec/commons-codec/1.11/commons-codec-1.11.jar:/home/runner/.m2/repository/io/netty/netty-transport/4.1.63.Final/netty-transport-4.1.63.Final.jar:/home/runner/.m2/repository/io/netty/netty-resolver/4.1.63.Final/netty-resolver-4.1.63.Final.jar:/home/runner/.m2/repository/io/netty/netty-codec/4.1.63.Final/netty-codec-4.1.63.Final.jar:/home/runner/.m2/repository/io/netty/netty-handler/4.1.63.Final/netty-handler-4.1.63.Final.jar:/home/runner/.m2/repository/org/apache/ozone/hdds-hadoop-dependency-test/1.3.0-SNAPSHOT/hdds-hadoop-dependency-test-1.3.0-SNAPSHOT.jar:/home/runner/.m2/repository/org/apache/hadoop/hadoop-common/3.3.1/hadoop-common-3.3.1-tests.jar:/home/runner/.m2/repository/org/assertj/assertj-core/3.12.2/assertj-core-3.12.2.jar:/home/runner/.m2/repository/org/apache/hadoop/hadoop-hdfs/3.3.1/hadoop-hdfs-3.3.1-tests.jar:/home/runner/.m2/repository/org/eclipse/jetty/jetty-util-ajax/9.4.43.v20210629/jetty-util-ajax-9.4.43.v20210629.jar:/home/runner/.m2/repository/commons-daemon/commons-daemon/1.0.13/commons-daemon-1.0.13.jar:/home/runner/.m2/repository/io/netty/netty/3.10.6.Final/netty-3.10.6.Final.jar:/home/runner/.m2/repository/io/netty/netty-all/4.1.63.Final/netty-all-4.1.63.Final.jar:/home/runner/.m2/repository/org/apache/htrace/htrace-core4/4.1.0-incubating/htrace-core4-4.1.0-incubating.jar:/home/runner/.m2/repository/org/fusesource/leveldbjni/leveldbjni-all/1.8/leveldbjni-all-1.8.jar:/home/runner/.m2/repository/org/apache/hadoop/hadoop-distcp/3.3.1/hadoop-distcp-3.3.1.jar:/home/runner/.m2/repository/org/apache/hadoop/hadoop-mapreduce-client-jobclient/3.3.1/hadoop-mapreduce-client-jobclient-3.3.1.jar:/home/runner/.m2/repository/org/apache/hadoop/hadoop-mapreduce-client-common/3.3.1/hadoop-mapreduce-client-common-3.3.1.jar:/home/runner/.m2/repository/org/apache/hadoop/hadoop-yarn-common/3.3.1/hadoop-yarn-common-3.3.1.jar:/home/runner/.m2/repository/org/apache/hadoop/hadoop-yarn-api/3.3.1/hadoop-yarn-api-3.3.1.jar:/home/runner/.m2/repository/com/sun/jersey/jersey-client/1.19/jersey-client-1.19.jar:/home/runner/.m2/repository/com/sun/jersey/contribs/jersey-guice/1.19/jersey-guice-1.19.jar:/home/runner/.m2/repository/com/fasterxml/jackson/jaxrs/jackson-jaxrs-json-provider/2.12.1/jackson-jaxrs-json-provider-2.12.1.jar:/home/runner/.m2/repository/com/fasterxml/jackson/jaxrs/jackson-jaxrs-base/2.12.1/jackson-jaxrs-base-2.12.1.jar:/home/runner/.m2/repository/org/apache/hadoop/hadoop-yarn-client/3.3.1/hadoop-yarn-client-3.3.1.jar:/home/runner/.m2/repository/org/eclipse/jetty/websocket/websocket-client/9.4.40.v20210413/websocket-client-9.4.40.v20210413.jar:/home/runner/.m2/repository/org/eclipse/jetty/jetty-client/9.4.40.v20210413/jetty-client-9.4.40.v20210413.jar:/home/runner/.m2/repository/org/eclipse/jetty/websocket/websocket-common/9.4.40.v20210413/websocket-common-9.4.40.v20210413.jar:/home/runner/.m2/repository/org/eclipse/jetty/websocket/websocket-api/9.4.40.v20210413/websocket-api-9.4.40.v20210413.jar:/home/runner/.m2/repository/org/jline/jline/3.9.0/jline-3.9.0.jar:/home/runner/.m2/repository/org/apache/hadoop/hadoop-mapreduce-client-core/3.3.1/hadoop-mapreduce-client-core-3.3.1.jar:/home/runner/.m2/repository/org/apache/avro/avro/1.7.7/avro-1.7.7.jar:/home/runner/.m2/repository/org/codehaus/jackson/jackson-core-asl/1.9.13/jackson-core-asl-1.9.13.jar:/home/runner/.m2/repository/org/codehaus/jackson/jackson-mapper-asl/1.9.13/jackson-mapper-asl-1.9.13.jar:/home/runner/.m2/repository/com/thoughtworks/paranamer/paranamer/2.3/paranamer-2.3.jar:/home/runner/.m2/repository/org/apache/hadoop/hadoop-annotations/3.3.1/hadoop-annotations-3.3.1.jar:/usr/lib/jvm/adoptopenjdk-8-hotspot-amd64/jre/../lib/tools.jar:/home/runner/.m2/repository/org/apache/hadoop/hadoop-distcp/3.3.1/hadoop-distcp-3.3.1-tests.jar:/home/runner/.m2/repository/org/apache/ratis/ratis-common/2.2.0/ratis-common-2.2.0.jar:/home/runner/.m2/repository/org/apache/ratis/ratis-thirdparty-misc/0.7.0/ratis-thirdparty-misc-0.7.0.jar:/home/runner/.m2/repository/org/apache/ratis/ratis-proto/2.2.0/ratis-proto-2.2.0.jar:"/>
    <property name="java.vm.vendor" value="AdoptOpenJDK"/>
    <property name="sun.arch.data.model" value="64"/>
    <property name="test.build.dir" value="/home/runner/work/ozone/ozone/hadoop-ozone/integration-test/target/test-dir"/>
    <property name="test.cache.data" value=""/>
    <property name="java.vendor.url" value="https://adoptopenjdk.net/"/>
    <property name="user.timezone" value=""/>
    <property name="java.vm.specification.version" value="1.8"/>
    <property name="os.name" value="Linux"/>
    <property name="test.build.data" value="/home/runner/work/ozone/ozone/hadoop-ozone/integration-test/target/test-dir"/>
    <property name="sun.java.launcher" value="SUN_STANDARD"/>
    <property name="sun.boot.library.path" value="/usr/lib/jvm/adoptopenjdk-8-hotspot-amd64/jre/lib/amd64"/>
    <property name="sun.java.command" value="/home/runner/work/ozone/ozone/hadoop-ozone/integration-test/target/surefire/surefirebooter1681578638080891977.jar /home/runner/work/ozone/ozone/hadoop-ozone/integration-test/target/surefire 2021-11-26T00-54-35_333-jvmRun1 surefire1580917758885624946tmp surefire_366006599551513897888tmp"/>
    <property name="surefire.test.class.path" value="/home/runner/work/ozone/ozone/hadoop-ozone/integration-test/target/test-classes:/home/runner/work/ozone/ozone/hadoop-ozone/integration-test/target/classes:/home/runner/.m2/repository/org/apache/ozone/ozone-common/1.3.0-SNAPSHOT/ozone-common-1.3.0-SNAPSHOT.jar:/home/runner/.m2/repository/org/apache/commons/commons-compress/1.21/commons-compress-1.21.jar:/home/runner/.m2/repository/org/apache/ozone/hdds-common/1.3.0-SNAPSHOT/hdds-common-1.3.0-SNAPSHOT.jar:/home/runner/.m2/repository/org/apache/ozone/hdds-client/1.3.0-SNAPSHOT/hdds-client-1.3.0-SNAPSHOT.jar:/home/runner/.m2/repository/org/apache/ozone/ozone-interface-client/1.3.0-SNAPSHOT/ozone-interface-client-1.3.0-SNAPSHOT.jar:/home/runner/.m2/repository/org/apache/ozone/hdds-test-utils/1.3.0-SNAPSHOT/hdds-test-utils-1.3.0-SNAPSHOT.jar:/home/runner/.m2/repository/com/google/guava/guava/30.1.1-jre/guava-30.1.1-jre.jar:/home/runner/.m2/repository/com/google/guava/failureaccess/1.0.1/failureaccess-1.0.1.jar:/home/runner/.m2/repository/com/google/guava/listenablefuture/9999.0-empty-to-avoid-conflict-with-guava/listenablefuture-9999.0-empty-to-avoid-conflict-with-guava.jar:/home/runner/.m2/repository/com/google/code/findbugs/jsr305/3.0.0/jsr305-3.0.0.jar:/home/runner/.m2/repository/org/checkerframework/checker-qual/3.8.0/checker-qual-3.8.0.jar:/home/runner/.m2/repository/com/google/errorprone/error_prone_annotations/2.2.0/error_prone_annotations-2.2.0.jar:/home/runner/.m2/repository/com/google/j2objc/j2objc-annotations/1.3/j2objc-annotations-1.3.jar:/home/runner/.m2/repository/commons-io/commons-io/2.11.0/commons-io-2.11.0.jar:/home/runner/.m2/repository/commons-logging/commons-logging/1.2/commons-logging-1.2.jar:/home/runner/.m2/repository/log4j/log4j/1.2.17/log4j-1.2.17.jar:/home/runner/.m2/repository/org/slf4j/slf4j-api/1.7.30/slf4j-api-1.7.30.jar:/home/runner/.m2/repository/org/apache/ozone/hdds-server-scm/1.3.0-SNAPSHOT/hdds-server-scm-1.3.0-SNAPSHOT.jar:/home/runner/.m2/repository/org/apache/ozone/hdds-container-service/1.3.0-SNAPSHOT/hdds-container-service-1.3.0-SNAPSHOT.jar:/home/runner/.m2/repository/org/apache/ozone/hdds-hadoop-dependency-server/1.3.0-SNAPSHOT/hdds-hadoop-dependency-server-1.3.0-SNAPSHOT.jar:/home/runner/.m2/repository/org/apache/hadoop/hadoop-hdfs/3.3.1/hadoop-hdfs-3.3.1.jar:/home/runner/.m2/repository/org/apache/ozone/hdds-server-framework/1.3.0-SNAPSHOT/hdds-server-framework-1.3.0-SNAPSHOT.jar:/home/runner/.m2/repository/org/apache/ozone/hdds-interface-server/1.3.0-SNAPSHOT/hdds-interface-server-1.3.0-SNAPSHOT.jar:/home/runner/.m2/repository/org/eclipse/jetty/jetty-servlet/9.4.43.v20210629/jetty-servlet-9.4.43.v20210629.jar:/home/runner/.m2/repository/org/eclipse/jetty/jetty-security/9.4.43.v20210629/jetty-security-9.4.43.v20210629.jar:/home/runner/.m2/repository/org/rocksdb/rocksdbjni/6.25.3/rocksdbjni-6.25.3.jar:/home/runner/.m2/repository/io/prometheus/simpleclient_dropwizard/0.7.0/simpleclient_dropwizard-0.7.0.jar:/home/runner/.m2/repository/io/prometheus/simpleclient/0.7.0/simpleclient-0.7.0.jar:/home/runner/.m2/repository/io/prometheus/simpleclient_common/0.7.0/simpleclient_common-0.7.0.jar:/home/runner/.m2/repository/com/fasterxml/jackson/datatype/jackson-datatype-jsr310/2.12.1/jackson-datatype-jsr310-2.12.1.jar:/home/runner/.m2/repository/io/dropwizard/metrics/metrics-core/3.2.4/metrics-core-3.2.4.jar:/home/runner/.m2/repository/org/apache/hadoop/hadoop-hdfs-client/3.3.1/hadoop-hdfs-client-3.3.1.jar:/home/runner/.m2/repository/org/bouncycastle/bcprov-jdk15on/1.67/bcprov-jdk15on-1.67.jar:/home/runner/.m2/repository/com/google/protobuf/protobuf-java/2.5.0/protobuf-java-2.5.0.jar:/home/runner/.m2/repository/org/apache/ozone/ozone-manager/1.3.0-SNAPSHOT/ozone-manager-1.3.0-SNAPSHOT.jar:/home/runner/.m2/repository/org/aspectj/aspectjrt/1.9.7/aspectjrt-1.9.7.jar:/home/runner/.m2/repository/org/aspectj/aspectjweaver/1.9.7/aspectjweaver-1.9.7.jar:/home/runner/.m2/repository/org/apache/ozone/hdds-interface-client/1.3.0-SNAPSHOT/hdds-interface-client-1.3.0-SNAPSHOT.jar:/home/runner/.m2/repository/org/apache/hadoop/thirdparty/hadoop-shaded-protobuf_3_7/1.1.1/hadoop-shaded-protobuf_3_7-1.1.1.jar:/home/runner/.m2/repository/org/apache/ozone/ozone-interface-storage/1.3.0-SNAPSHOT/ozone-interface-storage-1.3.0-SNAPSHOT.jar:/home/runner/.m2/repository/org/reflections/reflections/0.9.11/reflections-0.9.11.jar:/home/runner/.m2/repository/org/apache/hadoop/hadoop-minikdc/3.3.1/hadoop-minikdc-3.3.1.jar:/home/runner/.m2/repository/org/apache/kerby/kerb-simplekdc/1.0.1/kerb-simplekdc-1.0.1.jar:/home/runner/.m2/repository/org/apache/kerby/kerb-client/1.0.1/kerb-client-1.0.1.jar:/home/runner/.m2/repository/org/apache/kerby/kerby-config/1.0.1/kerby-config-1.0.1.jar:/home/runner/.m2/repository/org/apache/kerby/kerb-common/1.0.1/kerb-common-1.0.1.jar:/home/runner/.m2/repository/org/apache/kerby/kerb-crypto/1.0.1/kerb-crypto-1.0.1.jar:/home/runner/.m2/repository/org/apache/kerby/kerb-util/1.0.1/kerb-util-1.0.1.jar:/home/runner/.m2/repository/org/apache/kerby/token-provider/1.0.1/token-provider-1.0.1.jar:/home/runner/.m2/repository/org/apache/kerby/kerb-admin/1.0.1/kerb-admin-1.0.1.jar:/home/runner/.m2/repository/org/apache/kerby/kerb-server/1.0.1/kerb-server-1.0.1.jar:/home/runner/.m2/repository/org/apache/kerby/kerb-identity/1.0.1/kerb-identity-1.0.1.jar:/home/runner/.m2/repository/org/apache/kerby/kerby-xdr/1.0.1/kerby-xdr-1.0.1.jar:/home/runner/.m2/repository/org/slf4j/slf4j-log4j12/1.7.30/slf4j-log4j12-1.7.30.jar:/home/runner/.m2/repository/org/apache/ozone/ozone-s3gateway/1.3.0-SNAPSHOT/ozone-s3gateway-1.3.0-SNAPSHOT.jar:/home/runner/.m2/repository/org/javassist/javassist/3.21.0-GA/javassist-3.21.0-GA.jar:/home/runner/.m2/repository/org/jboss/weld/servlet/weld-servlet/2.4.7.Final/weld-servlet-2.4.7.Final.jar:/home/runner/.m2/repository/org/glassfish/jersey/containers/jersey-container-servlet-core/2.33/jersey-container-servlet-core-2.33.jar:/home/runner/.m2/repository/org/glassfish/hk2/external/jakarta.inject/2.6.1/jakarta.inject-2.6.1.jar:/home/runner/.m2/repository/org/glassfish/jersey/core/jersey-common/2.33/jersey-common-2.33.jar:/home/runner/.m2/repository/jakarta/ws/rs/jakarta.ws.rs-api/2.1.6/jakarta.ws.rs-api-2.1.6.jar:/home/runner/.m2/repository/org/glassfish/jersey/ext/cdi/jersey-cdi1x/2.33/jersey-cdi1x-2.33.jar:/home/runner/.m2/repository/org/glassfish/jersey/inject/jersey-hk2/2.33/jersey-hk2-2.33.jar:/home/runner/.m2/repository/org/glassfish/hk2/hk2-locator/2.6.1/hk2-locator-2.6.1.jar:/home/runner/.m2/repository/org/glassfish/jersey/media/jersey-media-jaxb/2.33/jersey-media-jaxb-2.33.jar:/home/runner/.m2/repository/org/glassfish/hk2/osgi-resource-locator/1.0.3/osgi-resource-locator-1.0.3.jar:/home/runner/.m2/repository/org/glassfish/hk2/hk2-api/2.5.0/hk2-api-2.5.0.jar:/home/runner/.m2/repository/org/glassfish/hk2/hk2-utils/2.5.0/hk2-utils-2.5.0.jar:/home/runner/.m2/repository/org/glassfish/hk2/external/aopalliance-repackaged/2.5.0/aopalliance-repackaged-2.5.0.jar:/home/runner/.m2/repository/com/fasterxml/jackson/dataformat/jackson-dataformat-xml/2.12.1/jackson-dataformat-xml-2.12.1.jar:/home/runner/.m2/repository/com/fasterxml/jackson/core/jackson-core/2.12.1/jackson-core-2.12.1.jar:/home/runner/.m2/repository/com/fasterxml/jackson/module/jackson-module-jaxb-annotations/2.12.1/jackson-module-jaxb-annotations-2.12.1.jar:/home/runner/.m2/repository/jakarta/xml/bind/jakarta.xml.bind-api/2.3.2/jakarta.xml.bind-api-2.3.2.jar:/home/runner/.m2/repository/org/codehaus/woodstox/stax2-api/3.1.4/stax2-api-3.1.4.jar:/home/runner/.m2/repository/com/fasterxml/woodstox/woodstox-core/5.0.3/woodstox-core-5.0.3.jar:/home/runner/.m2/repository/javax/enterprise/cdi-api/1.2/cdi-api-1.2.jar:/home/runner/.m2/repository/javax/el/javax.el-api/3.0.0/javax.el-api-3.0.0.jar:/home/runner/.m2/repository/javax/interceptor/javax.interceptor-api/1.2/javax.interceptor-api-1.2.jar:/home/runner/.m2/repository/javax/inject/javax.inject/1/javax.inject-1.jar:/home/runner/.m2/repository/javax/xml/bind/jaxb-api/2.3.0/jaxb-api-2.3.0.jar:/home/runner/.m2/repository/org/glassfish/jaxb/jaxb-runtime/2.3.0.1/jaxb-runtime-2.3.0.1.jar:/home/runner/.m2/repository/org/glassfish/jaxb/jaxb-core/2.3.0.1/jaxb-core-2.3.0.1.jar:/home/runner/.m2/repository/org/glassfish/jaxb/txw2/2.3.0.1/txw2-2.3.0.1.jar:/home/runner/.m2/repository/com/sun/istack/istack-commons-runtime/3.0.5/istack-commons-runtime-3.0.5.jar:/home/runner/.m2/repository/org/jvnet/staxex/stax-ex/1.7.8/stax-ex-1.7.8.jar:/home/runner/.m2/repository/com/sun/xml/fastinfoset/FastInfoset/1.2.13/FastInfoset-1.2.13.jar:/home/runner/.m2/repository/javax/activation/activation/1.1.1/activation-1.1.1.jar:/home/runner/.m2/repository/org/apache/ozone/ozone-csi/1.3.0-SNAPSHOT/ozone-csi-1.3.0-SNAPSHOT.jar:/home/runner/.m2/repository/com/google/protobuf/protobuf-java-util/3.12.0/protobuf-java-util-3.12.0.jar:/home/runner/.m2/repository/com/google/code/gson/gson/2.2.4/gson-2.2.4.jar:/home/runner/.m2/repository/org/apache/ozone/hdds-config/1.3.0-SNAPSHOT/hdds-config-1.3.0-SNAPSHOT.jar:/home/runner/.m2/repository/io/grpc/grpc-netty/1.33.0/grpc-netty-1.33.0.jar:/home/runner/.m2/repository/io/grpc/grpc-core/1.33.0/grpc-core-1.33.0.jar:/home/runner/.m2/repository/com/google/android/annotations/4.1.1.4/annotations-4.1.1.4.jar:/home/runner/.m2/repository/io/netty/netty-codec-http2/4.1.63.Final/netty-codec-http2-4.1.63.Final.jar:/home/runner/.m2/repository/io/netty/netty-codec-http/4.1.63.Final/netty-codec-http-4.1.63.Final.jar:/home/runner/.m2/repository/io/netty/netty-handler-proxy/4.1.63.Final/netty-handler-proxy-4.1.63.Final.jar:/home/runner/.m2/repository/io/netty/netty-codec-socks/4.1.63.Final/netty-codec-socks-4.1.63.Final.jar:/home/runner/.m2/repository/io/perfmark/perfmark-api/0.19.0/perfmark-api-0.19.0.jar:/home/runner/.m2/repository/org/codehaus/mojo/animal-sniffer-annotations/1.18/animal-sniffer-annotations-1.18.jar:/home/runner/.m2/repository/io/netty/netty-transport-native-epoll/4.1.63.Final/netty-transport-native-epoll-4.1.63.Final.jar:/home/runner/.m2/repository/io/netty/netty-common/4.1.63.Final/netty-common-4.1.63.Final.jar:/home/runner/.m2/repository/io/netty/netty-buffer/4.1.63.Final/netty-buffer-4.1.63.Final.jar:/home/runner/.m2/repository/io/netty/netty-transport-native-unix-common/4.1.63.Final/netty-transport-native-unix-common-4.1.63.Final.jar:/home/runner/.m2/repository/io/grpc/grpc-protobuf/1.33.0/grpc-protobuf-1.33.0.jar:/home/runner/.m2/repository/io/grpc/grpc-api/1.33.0/grpc-api-1.33.0.jar:/home/runner/.m2/repository/io/grpc/grpc-context/1.33.0/grpc-context-1.33.0.jar:/home/runner/.m2/repository/com/google/api/grpc/proto-google-common-protos/1.17.0/proto-google-common-protos-1.17.0.jar:/home/runner/.m2/repository/io/grpc/grpc-protobuf-lite/1.33.0/grpc-protobuf-lite-1.33.0.jar:/home/runner/.m2/repository/io/grpc/grpc-stub/1.33.0/grpc-stub-1.33.0.jar:/home/runner/.m2/repository/org/apache/ozone/ozone-recon/1.3.0-SNAPSHOT/ozone-recon-1.3.0-SNAPSHOT.jar:/home/runner/.m2/repository/org/apache/ozone/ozone-reconcodegen/1.3.0-SNAPSHOT/ozone-reconcodegen-1.3.0-SNAPSHOT.jar:/home/runner/.m2/repository/com/google/inject/extensions/guice-multibindings/4.0/guice-multibindings-4.0.jar:/home/runner/.m2/repository/com/google/inject/guice/4.0/guice-4.0.jar:/home/runner/.m2/repository/aopalliance/aopalliance/1.0/aopalliance-1.0.jar:/home/runner/.m2/repository/com/google/inject/extensions/guice-assistedinject/4.0/guice-assistedinject-4.0.jar:/home/runner/.m2/repository/com/google/inject/extensions/guice-servlet/4.0/guice-servlet-4.0.jar:/home/runner/.m2/repository/org/glassfish/jersey/containers/jersey-container-servlet/2.33/jersey-container-servlet-2.33.jar:/home/runner/.m2/repository/org/glassfish/hk2/guice-bridge/2.5.0/guice-bridge-2.5.0.jar:/home/runner/.m2/repository/org/glassfish/jersey/core/jersey-server/2.33/jersey-server-2.33.jar:/home/runner/.m2/repository/org/glassfish/jersey/core/jersey-client/2.33/jersey-client-2.33.jar:/home/runner/.m2/repository/jakarta/annotation/jakarta.annotation-api/1.3.5/jakarta.annotation-api-1.3.5.jar:/home/runner/.m2/repository/jakarta/validation/jakarta.validation-api/2.0.2/jakarta.validation-api-2.0.2.jar:/home/runner/.m2/repository/org/glassfish/jersey/media/jersey-media-json-jackson/2.33/jersey-media-json-jackson-2.33.jar:/home/runner/.m2/repository/org/glassfish/jersey/ext/jersey-entity-filtering/2.33/jersey-entity-filtering-2.33.jar:/home/runner/.m2/repository/org/jooq/jooq/3.11.10/jooq-3.11.10.jar:/home/runner/.m2/repository/org/jooq/jooq-meta/3.11.10/jooq-meta-3.11.10.jar:/home/runner/.m2/repository/org/jooq/jooq-codegen/3.11.10/jooq-codegen-3.11.10.jar:/home/runner/.m2/repository/com/jolbox/bonecp/0.8.0.RELEASE/bonecp-0.8.0.RELEASE.jar:/home/runner/.m2/repository/org/apache/derby/derby/10.14.2.0/derby-10.14.2.0.jar:/home/runner/.m2/repository/org/xerial/sqlite-jdbc/3.25.2/sqlite-jdbc-3.25.2.jar:/home/runner/.m2/repository/org/springframework/spring-jdbc/5.2.18.RELEASE/spring-jdbc-5.2.18.RELEASE.jar:/home/runner/.m2/repository/org/springframework/spring-beans/5.2.18.RELEASE/spring-beans-5.2.18.RELEASE.jar:/home/runner/.m2/repository/org/springframework/spring-core/5.2.18.RELEASE/spring-core-5.2.18.RELEASE.jar:/home/runner/.m2/repository/org/springframework/spring-jcl/5.2.18.RELEASE/spring-jcl-5.2.18.RELEASE.jar:/home/runner/.m2/repository/org/springframework/spring-tx/5.2.18.RELEASE/spring-tx-5.2.18.RELEASE.jar:/home/runner/.m2/repository/org/apache/ozone/ozone-client/1.3.0-SNAPSHOT/ozone-client-1.3.0-SNAPSHOT.jar:/home/runner/.m2/repository/org/apache/ozone/ozone-filesystem/1.3.0-SNAPSHOT/ozone-filesystem-1.3.0-SNAPSHOT.jar:/home/runner/.m2/repository/org/apache/ozone/ozone-filesystem-common/1.3.0-SNAPSHOT/ozone-filesystem-common-1.3.0-SNAPSHOT.jar:/home/runner/.m2/repository/org/apache/ozone/ozone-tools/1.3.0-SNAPSHOT/ozone-tools-1.3.0-SNAPSHOT.jar:/home/runner/.m2/repository/org/apache/ratis/ratis-tools/2.2.0/ratis-tools-2.2.0.jar:/home/runner/.m2/repository/com/amazonaws/aws-java-sdk-core/1.11.1034/aws-java-sdk-core-1.11.1034.jar:/home/runner/.m2/repository/org/apache/httpcomponents/httpclient/4.5.13/httpclient-4.5.13.jar:/home/runner/.m2/repository/org/apache/httpcomponents/httpcore/4.4.13/httpcore-4.4.13.jar:/home/runner/.m2/repository/software/amazon/ion/ion-java/1.0.2/ion-java-1.0.2.jar:/home/runner/.m2/repository/com/fasterxml/jackson/dataformat/jackson-dataformat-cbor/2.12.1/jackson-dataformat-cbor-2.12.1.jar:/home/runner/.m2/repository/joda-time/joda-time/2.8.1/joda-time-2.8.1.jar:/home/runner/.m2/repository/com/amazonaws/aws-java-sdk-s3/1.11.1034/aws-java-sdk-s3-1.11.1034.jar:/home/runner/.m2/repository/com/amazonaws/aws-java-sdk-kms/1.11.1034/aws-java-sdk-kms-1.11.1034.jar:/home/runner/.m2/repository/com/amazonaws/jmespath-java/1.11.1034/jmespath-java-1.11.1034.jar:/home/runner/.m2/repository/org/kohsuke/metainf-services/metainf-services/1.8/metainf-services-1.8.jar:/home/runner/.m2/repository/org/apache/ozone/hdds-tools/1.3.0-SNAPSHOT/hdds-tools-1.3.0-SNAPSHOT.jar:/home/runner/.m2/repository/commons-cli/commons-cli/1.2/commons-cli-1.2.jar:/home/runner/.m2/repository/org/apache/commons/commons-lang3/3.7/commons-lang3-3.7.jar:/home/runner/.m2/repository/org/apache/ozone/ozone-manager/1.3.0-SNAPSHOT/ozone-manager-1.3.0-SNAPSHOT-tests.jar:/home/runner/.m2/repository/org/apache/ozone/hdds-common/1.3.0-SNAPSHOT/hdds-common-1.3.0-SNAPSHOT-tests.jar:/home/runner/.m2/repository/org/apache/ozone/hdds-hadoop-dependency-client/1.3.0-SNAPSHOT/hdds-hadoop-dependency-client-1.3.0-SNAPSHOT.jar:/home/runner/.m2/repository/info/picocli/picocli/4.6.1/picocli-4.6.1.jar:/home/runner/.m2/repository/com/fasterxml/jackson/core/jackson-annotations/2.12.1/jackson-annotations-2.12.1.jar:/home/runner/.m2/repository/javax/annotation/javax.annotation-api/1.2/javax.annotation-api-1.2.jar:/home/runner/.m2/repository/org/apache/ratis/ratis-server/2.2.0/ratis-server-2.2.0.jar:/home/runner/.m2/repository/org/apache/ratis/ratis-client/2.2.0/ratis-client-2.2.0.jar:/home/runner/.m2/repository/org/apache/ratis/ratis-server-api/2.2.0/ratis-server-api-2.2.0.jar:/home/runner/.m2/repository/org/apache/ratis/ratis-metrics/2.2.0/ratis-metrics-2.2.0.jar:/home/runner/.m2/repository/org/apache/ratis/ratis-netty/2.2.0/ratis-netty-2.2.0.jar:/home/runner/.m2/repository/org/apache/ratis/ratis-grpc/2.2.0/ratis-grpc-2.2.0.jar:/home/runner/.m2/repository/org/apache/logging/log4j/log4j-api/2.13.3/log4j-api-2.13.3.jar:/home/runner/.m2/repository/org/apache/logging/log4j/log4j-core/2.13.3/log4j-core-2.13.3.jar:/home/runner/.m2/repository/com/lmax/disruptor/3.4.2/disruptor-3.4.2.jar:/home/runner/.m2/repository/org/apache/commons/commons-pool2/2.6.0/commons-pool2-2.6.0.jar:/home/runner/.m2/repository/org/bouncycastle/bcpkix-jdk15on/1.67/bcpkix-jdk15on-1.67.jar:/home/runner/.m2/repository/commons-validator/commons-validator/1.6/commons-validator-1.6.jar:/home/runner/.m2/repository/commons-beanutils/commons-beanutils/1.9.4/commons-beanutils-1.9.4.jar:/home/runner/.m2/repository/commons-digester/commons-digester/1.8.1/commons-digester-1.8.1.jar:/home/runner/.m2/repository/commons-collections/commons-collections/3.2.2/commons-collections-3.2.2.jar:/home/runner/.m2/repository/io/jaegertracing/jaeger-client/1.6.0/jaeger-client-1.6.0.jar:/home/runner/.m2/repository/io/jaegertracing/jaeger-thrift/1.6.0/jaeger-thrift-1.6.0.jar:/home/runner/.m2/repository/org/apache/thrift/libthrift/0.14.1/libthrift-0.14.1.jar:/home/runner/.m2/repository/com/squareup/okhttp3/okhttp/4.9.0/okhttp-4.9.0.jar:/home/runner/.m2/repository/com/squareup/okio/okio/2.8.0/okio-2.8.0.jar:/home/runner/.m2/repository/io/jaegertracing/jaeger-core/1.6.0/jaeger-core-1.6.0.jar:/home/runner/.m2/repository/io/jaegertracing/jaeger-tracerresolver/1.6.0/jaeger-tracerresolver-1.6.0.jar:/home/runner/.m2/repository/io/opentracing/contrib/opentracing-tracerresolver/0.1.8/opentracing-tracerresolver-0.1.8.jar:/home/runner/.m2/repository/org/jetbrains/kotlin/kotlin-stdlib/1.4.31/kotlin-stdlib-1.4.31.jar:/home/runner/.m2/repository/org/jetbrains/kotlin/kotlin-stdlib-common/1.4.31/kotlin-stdlib-common-1.4.31.jar:/home/runner/.m2/repository/org/jetbrains/annotations/13.0/annotations-13.0.jar:/home/runner/.m2/repository/io/opentracing/opentracing-util/0.33.0/opentracing-util-0.33.0.jar:/home/runner/.m2/repository/io/opentracing/opentracing-api/0.33.0/opentracing-api-0.33.0.jar:/home/runner/.m2/repository/io/opentracing/opentracing-noop/0.33.0/opentracing-noop-0.33.0.jar:/home/runner/.m2/repository/org/yaml/snakeyaml/1.26/snakeyaml-1.26.jar:/home/runner/.m2/repository/org/apache/ozone/hdds-interface-admin/1.3.0-SNAPSHOT/hdds-interface-admin-1.3.0-SNAPSHOT.jar:/home/runner/.m2/repository/junit/junit/4.13.1/junit-4.13.1.jar:/home/runner/.m2/repository/org/hamcrest/hamcrest-core/1.3/hamcrest-core-1.3.jar:/home/runner/.m2/repository/org/junit/jupiter/junit-jupiter-api/5.7.0/junit-jupiter-api-5.7.0.jar:/home/runner/.m2/repository/org/apiguardian/apiguardian-api/1.1.0/apiguardian-api-1.1.0.jar:/home/runner/.m2/repository/org/opentest4j/opentest4j/1.2.0/opentest4j-1.2.0.jar:/home/runner/.m2/repository/org/junit/platform/junit-platform-commons/1.7.0/junit-platform-commons-1.7.0.jar:/home/runner/.m2/repository/org/junit/jupiter/junit-jupiter-engine/5.7.0/junit-jupiter-engine-5.7.0.jar:/home/runner/.m2/repository/org/junit/platform/junit-platform-engine/1.7.0/junit-platform-engine-1.7.0.jar:/home/runner/.m2/repository/org/junit/vintage/junit-vintage-engine/5.7.0/junit-vintage-engine-5.7.0.jar:/home/runner/.m2/repository/org/junit/platform/junit-platform-launcher/1.7.0/junit-platform-launcher-1.7.0.jar:/home/runner/.m2/repository/org/openjdk/jmh/jmh-core/1.19/jmh-core-1.19.jar:/home/runner/.m2/repository/net/sf/jopt-simple/jopt-simple/4.6/jopt-simple-4.6.jar:/home/runner/.m2/repository/org/apache/commons/commons-math3/3.1.1/commons-math3-3.1.1.jar:/home/runner/.m2/repository/org/openjdk/jmh/jmh-generator-annprocess/1.19/jmh-generator-annprocess-1.19.jar:/home/runner/.m2/repository/org/mockito/mockito-core/2.28.2/mockito-core-2.28.2.jar:/home/runner/.m2/repository/net/bytebuddy/byte-buddy/1.9.10/byte-buddy-1.9.10.jar:/home/runner/.m2/repository/net/bytebuddy/byte-buddy-agent/1.9.10/byte-buddy-agent-1.9.10.jar:/home/runner/.m2/repository/org/objenesis/objenesis/1.0/objenesis-1.0.jar:/home/runner/.m2/repository/org/apache/hadoop/hadoop-kms/3.3.1/hadoop-kms-3.3.1.jar:/home/runner/.m2/repository/org/apache/hadoop/hadoop-auth/3.3.1/hadoop-auth-3.3.1.jar:/home/runner/.m2/repository/com/nimbusds/nimbus-jose-jwt/7.9/nimbus-jose-jwt-7.9.jar:/home/runner/.m2/repository/com/github/stephenc/jcip/jcip-annotations/1.0-1/jcip-annotations-1.0-1.jar:/home/runner/.m2/repository/net/minidev/json-smart/2.3.1/json-smart-2.3.1.jar:/home/runner/.m2/repository/net/minidev/accessors-smart/2.3.1/accessors-smart-2.3.1.jar:/home/runner/.m2/repository/org/ow2/asm/asm/5.0.4/asm-5.0.4.jar:/home/runner/.m2/repository/org/apache/zookeeper/zookeeper/3.5.6/zookeeper-3.5.6.jar:/home/runner/.m2/repository/org/apache/zookeeper/zookeeper-jute/3.5.6/zookeeper-jute-3.5.6.jar:/home/runner/.m2/repository/org/apache/yetus/audience-annotations/0.5.0/audience-annotations-0.5.0.jar:/home/runner/.m2/repository/org/apache/curator/curator-framework/4.2.0/curator-framework-4.2.0.jar:/home/runner/.m2/repository/org/apache/hadoop/thirdparty/hadoop-shaded-guava/1.1.1/hadoop-shaded-guava-1.1.1.jar:/home/runner/.m2/repository/com/sun/jersey/jersey-core/1.19/jersey-core-1.19.jar:/home/runner/.m2/repository/javax/ws/rs/jsr311-api/1.1.1/jsr311-api-1.1.1.jar:/home/runner/.m2/repository/com/sun/jersey/jersey-server/1.19/jersey-server-1.19.jar:/home/runner/.m2/repository/javax/servlet/javax.servlet-api/3.1.0/javax.servlet-api-3.1.0.jar:/home/runner/.m2/repository/org/eclipse/jetty/jetty-server/9.4.43.v20210629/jetty-server-9.4.43.v20210629.jar:/home/runner/.m2/repository/org/eclipse/jetty/jetty-http/9.4.43.v20210629/jetty-http-9.4.43.v20210629.jar:/home/runner/.m2/repository/org/eclipse/jetty/jetty-io/9.4.43.v20210629/jetty-io-9.4.43.v20210629.jar:/home/runner/.m2/repository/org/eclipse/jetty/jetty-webapp/9.4.43.v20210629/jetty-webapp-9.4.43.v20210629.jar:/home/runner/.m2/repository/org/eclipse/jetty/jetty-xml/9.4.43.v20210629/jetty-xml-9.4.43.v20210629.jar:/home/runner/.m2/repository/org/apache/hadoop/hadoop-common/3.3.1/hadoop-common-3.3.1.jar:/home/runner/.m2/repository/commons-net/commons-net/3.6/commons-net-3.6.jar:/home/runner/.m2/repository/jakarta/activation/jakarta.activation-api/1.2.1/jakarta.activation-api-1.2.1.jar:/home/runner/.m2/repository/com/sun/jersey/jersey-servlet/1.19/jersey-servlet-1.19.jar:/home/runner/.m2/repository/com/sun/jersey/jersey-json/1.19/jersey-json-1.19.jar:/home/runner/.m2/repository/org/codehaus/jettison/jettison/1.1/jettison-1.1.jar:/home/runner/.m2/repository/com/sun/xml/bind/jaxb-impl/2.2.3-1/jaxb-impl-2.2.3-1.jar:/home/runner/.m2/repository/org/codehaus/jackson/jackson-jaxrs/1.9.2/jackson-jaxrs-1.9.2.jar:/home/runner/.m2/repository/org/codehaus/jackson/jackson-xc/1.9.2/jackson-xc-1.9.2.jar:/home/runner/.m2/repository/org/apache/commons/commons-configuration2/2.1.1/commons-configuration2-2.1.1.jar:/home/runner/.m2/repository/org/apache/commons/commons-text/1.4/commons-text-1.4.jar:/home/runner/.m2/repository/com/google/re2j/re2j/1.1/re2j-1.1.jar:/home/runner/.m2/repository/com/jcraft/jsch/0.1.54/jsch-0.1.54.jar:/home/runner/.m2/repository/org/apache/curator/curator-client/4.2.0/curator-client-4.2.0.jar:/home/runner/.m2/repository/org/apache/curator/curator-recipes/4.2.0/curator-recipes-4.2.0.jar:/home/runner/.m2/repository/org/apache/kerby/kerb-core/1.0.1/kerb-core-1.0.1.jar:/home/runner/.m2/repository/org/apache/kerby/kerby-pkix/1.0.1/kerby-pkix-1.0.1.jar:/home/runner/.m2/repository/org/apache/kerby/kerby-asn1/1.0.1/kerby-asn1-1.0.1.jar:/home/runner/.m2/repository/org/apache/kerby/kerby-util/1.0.1/kerby-util-1.0.1.jar:/home/runner/.m2/repository/dnsjava/dnsjava/2.1.7/dnsjava-2.1.7.jar:/home/runner/.m2/repository/org/xerial/snappy/snappy-java/1.1.8.2/snappy-java-1.1.8.2.jar:/home/runner/.m2/repository/org/slf4j/jul-to-slf4j/1.7.30/jul-to-slf4j-1.7.30.jar:/home/runner/.m2/repository/org/eclipse/jetty/jetty-util/9.4.43.v20210629/jetty-util-9.4.43.v20210629.jar:/home/runner/.m2/repository/com/fasterxml/jackson/core/jackson-databind/2.12.1/jackson-databind-2.12.1.jar:/home/runner/.m2/repository/org/apache/hadoop/hadoop-kms/3.3.1/hadoop-kms-3.3.1-tests.jar:/home/runner/.m2/repository/org/apache/ozone/hdds-server-scm/1.3.0-SNAPSHOT/hdds-server-scm-1.3.0-SNAPSHOT-tests.jar:/home/runner/.m2/repository/org/apache/ozone/hdds-container-service/1.3.0-SNAPSHOT/hdds-container-service-1.3.0-SNAPSHOT-tests.jar:/home/runner/.m2/repository/commons-codec/commons-codec/1.11/commons-codec-1.11.jar:/home/runner/.m2/repository/io/netty/netty-transport/4.1.63.Final/netty-transport-4.1.63.Final.jar:/home/runner/.m2/repository/io/netty/netty-resolver/4.1.63.Final/netty-resolver-4.1.63.Final.jar:/home/runner/.m2/repository/io/netty/netty-codec/4.1.63.Final/netty-codec-4.1.63.Final.jar:/home/runner/.m2/repository/io/netty/netty-handler/4.1.63.Final/netty-handler-4.1.63.Final.jar:/home/runner/.m2/repository/org/apache/ozone/hdds-hadoop-dependency-test/1.3.0-SNAPSHOT/hdds-hadoop-dependency-test-1.3.0-SNAPSHOT.jar:/home/runner/.m2/repository/org/apache/hadoop/hadoop-common/3.3.1/hadoop-common-3.3.1-tests.jar:/home/runner/.m2/repository/org/assertj/assertj-core/3.12.2/assertj-core-3.12.2.jar:/home/runner/.m2/repository/org/apache/hadoop/hadoop-hdfs/3.3.1/hadoop-hdfs-3.3.1-tests.jar:/home/runner/.m2/repository/org/eclipse/jetty/jetty-util-ajax/9.4.43.v20210629/jetty-util-ajax-9.4.43.v20210629.jar:/home/runner/.m2/repository/commons-daemon/commons-daemon/1.0.13/commons-daemon-1.0.13.jar:/home/runner/.m2/repository/io/netty/netty/3.10.6.Final/netty-3.10.6.Final.jar:/home/runner/.m2/repository/io/netty/netty-all/4.1.63.Final/netty-all-4.1.63.Final.jar:/home/runner/.m2/repository/org/apache/htrace/htrace-core4/4.1.0-incubating/htrace-core4-4.1.0-incubating.jar:/home/runner/.m2/repository/org/fusesource/leveldbjni/leveldbjni-all/1.8/leveldbjni-all-1.8.jar:/home/runner/.m2/repository/org/apache/hadoop/hadoop-distcp/3.3.1/hadoop-distcp-3.3.1.jar:/home/runner/.m2/repository/org/apache/hadoop/hadoop-mapreduce-client-jobclient/3.3.1/hadoop-mapreduce-client-jobclient-3.3.1.jar:/home/runner/.m2/repository/org/apache/hadoop/hadoop-mapreduce-client-common/3.3.1/hadoop-mapreduce-client-common-3.3.1.jar:/home/runner/.m2/repository/org/apache/hadoop/hadoop-yarn-common/3.3.1/hadoop-yarn-common-3.3.1.jar:/home/runner/.m2/repository/org/apache/hadoop/hadoop-yarn-api/3.3.1/hadoop-yarn-api-3.3.1.jar:/home/runner/.m2/repository/com/sun/jersey/jersey-client/1.19/jersey-client-1.19.jar:/home/runner/.m2/repository/com/sun/jersey/contribs/jersey-guice/1.19/jersey-guice-1.19.jar:/home/runner/.m2/repository/com/fasterxml/jackson/jaxrs/jackson-jaxrs-json-provider/2.12.1/jackson-jaxrs-json-provider-2.12.1.jar:/home/runner/.m2/repository/com/fasterxml/jackson/jaxrs/jackson-jaxrs-base/2.12.1/jackson-jaxrs-base-2.12.1.jar:/home/runner/.m2/repository/org/apache/hadoop/hadoop-yarn-client/3.3.1/hadoop-yarn-client-3.3.1.jar:/home/runner/.m2/repository/org/eclipse/jetty/websocket/websocket-client/9.4.40.v20210413/websocket-client-9.4.40.v20210413.jar:/home/runner/.m2/repository/org/eclipse/jetty/jetty-client/9.4.40.v20210413/jetty-client-9.4.40.v20210413.jar:/home/runner/.m2/repository/org/eclipse/jetty/websocket/websocket-common/9.4.40.v20210413/websocket-common-9.4.40.v20210413.jar:/home/runner/.m2/repository/org/eclipse/jetty/websocket/websocket-api/9.4.40.v20210413/websocket-api-9.4.40.v20210413.jar:/home/runner/.m2/repository/org/jline/jline/3.9.0/jline-3.9.0.jar:/home/runner/.m2/repository/org/apache/hadoop/hadoop-mapreduce-client-core/3.3.1/hadoop-mapreduce-client-core-3.3.1.jar:/home/runner/.m2/repository/org/apache/avro/avro/1.7.7/avro-1.7.7.jar:/home/runner/.m2/repository/org/codehaus/jackson/jackson-core-asl/1.9.13/jackson-core-asl-1.9.13.jar:/home/runner/.m2/repository/org/codehaus/jackson/jackson-mapper-asl/1.9.13/jackson-mapper-asl-1.9.13.jar:/home/runner/.m2/repository/com/thoughtworks/paranamer/paranamer/2.3/paranamer-2.3.jar:/home/runner/.m2/repository/org/apache/hadoop/hadoop-annotations/3.3.1/hadoop-annotations-3.3.1.jar:/usr/lib/jvm/adoptopenjdk-8-hotspot-amd64/jre/../lib/tools.jar:/home/runner/.m2/repository/org/apache/hadoop/hadoop-distcp/3.3.1/hadoop-distcp-3.3.1-tests.jar:/home/runner/.m2/repository/org/apache/ratis/ratis-common/2.2.0/ratis-common-2.2.0.jar:/home/runner/.m2/repository/org/apache/ratis/ratis-thirdparty-misc/0.7.0/ratis-thirdparty-misc-0.7.0.jar:/home/runner/.m2/repository/org/apache/ratis/ratis-proto/2.2.0/ratis-proto-2.2.0.jar:"/>
    <property name="sun.cpu.endian" value="little"/>
    <property name="user.home" value="/home/runner"/>
    <property name="user.language" value="en"/>
    <property name="java.specification.vendor" value="Oracle Corporation"/>
    <property name="java.home" value="/usr/lib/jvm/adoptopenjdk-8-hotspot-amd64/jre"/>
    <property name="java.security.krb5.conf" value="/home/runner/work/ozone/ozone/hadoop-ozone/integration-test/target/test-classes/krb5.conf"/>
    <property name="basedir" value="/home/runner/work/ozone/ozone/hadoop-ozone/integration-test"/>
    <property name="file.separator" value="/"/>
    <property name="line.separator" value="&#10;"/>
    <property name="java.vm.specification.vendor" value="Oracle Corporation"/>
    <property name="java.specification.name" value="Java Platform API Specification"/>
    <property name="java.awt.graphicsenv" value="sun.awt.X11GraphicsEnvironment"/>
    <property name="skip.installnpx" value="true"/>
    <property name="surefire.real.class.path" value="/home/runner/work/ozone/ozone/hadoop-ozone/integration-test/target/surefire/surefirebooter1681578638080891977.jar:/home/runner/.m2/repository/org/jacoco/org.jacoco.agent/0.8.5/org.jacoco.agent-0.8.5-runtime.jar"/>
    <property name="hadoop.log.dir" value="/home/runner/work/ozone/ozone/hadoop-ozone/integration-test/target/log"/>
    <property name="sun.boot.class.path" value="/usr/lib/jvm/adoptopenjdk-8-hotspot-amd64/jre/lib/resources.jar:/usr/lib/jvm/adoptopenjdk-8-hotspot-amd64/jre/lib/rt.jar:/usr/lib/jvm/adoptopenjdk-8-hotspot-amd64/jre/lib/sunrsasign.jar:/usr/lib/jvm/adoptopenjdk-8-hotspot-amd64/jre/lib/jsse.jar:/usr/lib/jvm/adoptopenjdk-8-hotspot-amd64/jre/lib/jce.jar:/usr/lib/jvm/adoptopenjdk-8-hotspot-amd64/jre/lib/charsets.jar:/usr/lib/jvm/adoptopenjdk-8-hotspot-amd64/jre/lib/jfr.jar:/usr/lib/jvm/adoptopenjdk-8-hotspot-amd64/jre/classes"/>
    <property name="sun.management.compiler" value="HotSpot 64-Bit Tiered Compilers"/>
    <property name="skip.npx" value="true"/>
    <property name="java.runtime.version" value="1.8.0_292-b10"/>
    <property name="java.net.preferIPv4Stack" value="true"/>
    <property name="user.name" value="runner"/>
    <property name="path.separator" value=":"/>
    <property name="java.security.egd" value="file:///dev/urandom"/>
    <property name="os.version" value="5.4.0-1063-azure"/>
    <property name="java.endorsed.dirs" value="/usr/lib/jvm/adoptopenjdk-8-hotspot-amd64/jre/lib/endorsed"/>
    <property name="java.runtime.name" value="OpenJDK Runtime Environment"/>
    <property name="file.encoding" value="UTF-8"/>
    <property name="java.vm.name" value="OpenJDK 64-Bit Server VM"/>
    <property name="test.build.webapps" value=""/>
    <property name="localRepository" value="/home/runner/.m2/repository"/>
    <property name="java.vendor.url.bug" value="https://github.com/AdoptOpenJDK/openjdk-support/issues"/>
    <property name="java.io.tmpdir" value="/tmp"/>
    <property name="require.test.libhadoop" value=""/>
    <property name="java.version" value="1.8.0_292"/>
    <property name="user.dir" value="/home/runner/work/ozone/ozone/hadoop-ozone/integration-test"/>
    <property name="os.arch" value="amd64"/>
    <property name="java.vm.specification.name" value="Java Virtual Machine Specification"/>
    <property name="test.build.classes" value="/home/runner/work/ozone/ozone/hadoop-ozone/integration-test/target/test-classes"/>
    <property name="java.awt.printerjob" value="sun.print.PSPrinterJob"/>
    <property name="sun.os.patch.level" value="unknown"/>
    <property name="hadoop.tmp.dir" value="/home/runner/work/ozone/ozone/hadoop-ozone/integration-test/target/tmp"/>
    <property name="java.library.path" value="/usr/java/packages/lib/amd64:/usr/lib64:/lib64:/lib:/usr/lib"/>
    <property name="java.vm.info" value="mixed mode"/>
    <property name="java.vendor" value="AdoptOpenJDK"/>
    <property name="java.vm.version" value="25.292-b10"/>
    <property name="java.ext.dirs" value="/usr/lib/jvm/adoptopenjdk-8-hotspot-amd64/jre/lib/ext:/usr/java/packages/lib/ext"/>
    <property name="sun.io.unicode.encoding" value="UnicodeLittle"/>
    <property name="java.class.version" value="52.0"/>
  </properties>
  <testcase name="testInstallSnapshot" classname="org.apache.hadoop.ozone.scm.TestSCMInstallSnapshotWithHA" time="73.42"/>
  <testcase name="testInstallOldCheckpointFailure" classname="org.apache.hadoop.ozone.scm.TestSCMInstallSnapshotWithHA" time="55.776">
    <failure message="expected:&lt;(t:2, i:128)&gt; but was:&lt;(t:2, i:28)&gt;" type="java.lang.AssertionError"><![CDATA[java.lang.AssertionError: expected:<(t:2, i:128)> but was:<(t:2, i:28)>
	at org.junit.Assert.fail(Assert.java:89)
	at org.junit.Assert.failNotEquals(Assert.java:835)
	at org.junit.Assert.assertEquals(Assert.java:120)
	at org.junit.Assert.assertEquals(Assert.java:146)
	at org.apache.hadoop.ozone.scm.TestSCMInstallSnapshotWithHA.testInstallOldCheckpointFailure(TestSCMInstallSnapshotWithHA.java:207)
	at sun.reflect.NativeMethodAccessorImpl.invoke0(Native Method)
	at sun.reflect.NativeMethodAccessorImpl.invoke(NativeMethodAccessorImpl.java:62)
	at sun.reflect.DelegatingMethodAccessorImpl.invoke(DelegatingMethodAccessorImpl.java:43)
	at java.lang.reflect.Method.invoke(Method.java:498)
	at org.junit.platform.commons.util.ReflectionUtils.invokeMethod(ReflectionUtils.java:688)
	at org.junit.jupiter.engine.execution.MethodInvocation.proceed(MethodInvocation.java:60)
	at org.junit.jupiter.engine.execution.InvocationInterceptorChain$ValidatingInvocation.proceed(InvocationInterceptorChain.java:131)
	at org.junit.jupiter.engine.extension.TimeoutInvocation.proceed(TimeoutInvocation.java:46)
	at org.junit.jupiter.engine.extension.TimeoutExtension.intercept(TimeoutExtension.java:149)
	at org.junit.jupiter.engine.extension.TimeoutExtension.interceptTestableMethod(TimeoutExtension.java:140)
	at org.junit.jupiter.engine.extension.TimeoutExtension.interceptTestMethod(TimeoutExtension.java:84)
	at org.junit.jupiter.engine.execution.ExecutableInvoker$ReflectiveInterceptorCall.lambda$ofVoidMethod$0(ExecutableInvoker.java:115)
	at org.junit.jupiter.engine.execution.ExecutableInvoker.lambda$invoke$0(ExecutableInvoker.java:105)
	at org.junit.jupiter.engine.execution.InvocationInterceptorChain$InterceptedInvocation.proceed(InvocationInterceptorChain.java:106)
	at org.junit.jupiter.engine.execution.InvocationInterceptorChain.proceed(InvocationInterceptorChain.java:64)
	at org.junit.jupiter.engine.execution.InvocationInterceptorChain.chainAndInvoke(InvocationInterceptorChain.java:45)
	at org.junit.jupiter.engine.execution.InvocationInterceptorChain.invoke(InvocationInterceptorChain.java:37)
	at org.junit.jupiter.engine.execution.ExecutableInvoker.invoke(ExecutableInvoker.java:104)
	at org.junit.jupiter.engine.execution.ExecutableInvoker.invoke(ExecutableInvoker.java:98)
	at org.junit.jupiter.engine.descriptor.TestMethodTestDescriptor.lambda$invokeTestMethod$6(TestMethodTestDescriptor.java:210)
	at org.junit.platform.engine.support.hierarchical.ThrowableCollector.execute(ThrowableCollector.java:73)
	at org.junit.jupiter.engine.descriptor.TestMethodTestDescriptor.invokeTestMethod(TestMethodTestDescriptor.java:206)
	at org.junit.jupiter.engine.descriptor.TestMethodTestDescriptor.execute(TestMethodTestDescriptor.java:131)
	at org.junit.jupiter.engine.descriptor.TestMethodTestDescriptor.execute(TestMethodTestDescriptor.java:65)
	at org.junit.platform.engine.support.hierarchical.NodeTestTask.lambda$executeRecursively$5(NodeTestTask.java:139)
	at org.junit.platform.engine.support.hierarchical.ThrowableCollector.execute(ThrowableCollector.java:73)
	at org.junit.platform.engine.support.hierarchical.NodeTestTask.lambda$executeRecursively$7(NodeTestTask.java:129)
	at org.junit.platform.engine.support.hierarchical.Node.around(Node.java:137)
	at org.junit.platform.engine.support.hierarchical.NodeTestTask.lambda$executeRecursively$8(NodeTestTask.java:127)
	at org.junit.platform.engine.support.hierarchical.ThrowableCollector.execute(ThrowableCollector.java:73)
	at org.junit.platform.engine.support.hierarchical.NodeTestTask.executeRecursively(NodeTestTask.java:126)
	at org.junit.platform.engine.support.hierarchical.NodeTestTask.execute(NodeTestTask.java:84)
	at java.util.ArrayList.forEach(ArrayList.java:1259)
	at org.junit.platform.engine.support.hierarchical.SameThreadHierarchicalTestExecutorService.invokeAll(SameThreadHierarchicalTestExecutorService.java:38)
	at org.junit.platform.engine.support.hierarchical.NodeTestTask.lambda$executeRecursively$5(NodeTestTask.java:143)
	at org.junit.platform.engine.support.hierarchical.ThrowableCollector.execute(ThrowableCollector.java:73)
	at org.junit.platform.engine.support.hierarchical.NodeTestTask.lambda$executeRecursively$7(NodeTestTask.java:129)
	at org.junit.platform.engine.support.hierarchical.Node.around(Node.java:137)
	at org.junit.platform.engine.support.hierarchical.NodeTestTask.lambda$executeRecursively$8(NodeTestTask.java:127)
	at org.junit.platform.engine.support.hierarchical.ThrowableCollector.execute(ThrowableCollector.java:73)
	at org.junit.platform.engine.support.hierarchical.NodeTestTask.executeRecursively(NodeTestTask.java:126)
	at org.junit.platform.engine.support.hierarchical.NodeTestTask.execute(NodeTestTask.java:84)
	at java.util.ArrayList.forEach(ArrayList.java:1259)
	at org.junit.platform.engine.support.hierarchical.SameThreadHierarchicalTestExecutorService.invokeAll(SameThreadHierarchicalTestExecutorService.java:38)
	at org.junit.platform.engine.support.hierarchical.NodeTestTask.lambda$executeRecursively$5(NodeTestTask.java:143)
	at org.junit.platform.engine.support.hierarchical.ThrowableCollector.execute(ThrowableCollector.java:73)
	at org.junit.platform.engine.support.hierarchical.NodeTestTask.lambda$executeRecursively$7(NodeTestTask.java:129)
	at org.junit.platform.engine.support.hierarchical.Node.around(Node.java:137)
	at org.junit.platform.engine.support.hierarchical.NodeTestTask.lambda$executeRecursively$8(NodeTestTask.java:127)
	at org.junit.platform.engine.support.hierarchical.ThrowableCollector.execute(ThrowableCollector.java:73)
	at org.junit.platform.engine.support.hierarchical.NodeTestTask.executeRecursively(NodeTestTask.java:126)
	at org.junit.platform.engine.support.hierarchical.NodeTestTask.execute(NodeTestTask.java:84)
	at org.junit.platform.engine.support.hierarchical.SameThreadHierarchicalTestExecutorService.submit(SameThreadHierarchicalTestExecutorService.java:32)
	at org.junit.platform.engine.support.hierarchical.HierarchicalTestExecutor.execute(HierarchicalTestExecutor.java:57)
	at org.junit.platform.engine.support.hierarchical.HierarchicalTestEngine.execute(HierarchicalTestEngine.java:51)
	at org.junit.platform.launcher.core.EngineExecutionOrchestrator.execute(EngineExecutionOrchestrator.java:108)
	at org.junit.platform.launcher.core.EngineExecutionOrchestrator.execute(EngineExecutionOrchestrator.java:88)
	at org.junit.platform.launcher.core.EngineExecutionOrchestrator.lambda$execute$0(EngineExecutionOrchestrator.java:54)
	at org.junit.platform.launcher.core.EngineExecutionOrchestrator.withInterceptedStreams(EngineExecutionOrchestrator.java:67)
	at org.junit.platform.launcher.core.EngineExecutionOrchestrator.execute(EngineExecutionOrchestrator.java:52)
	at org.junit.platform.launcher.core.DefaultLauncher.execute(DefaultLauncher.java:96)
	at org.junit.platform.launcher.core.DefaultLauncher.execute(DefaultLauncher.java:75)
	at org.apache.maven.surefire.junitplatform.JUnitPlatformProvider.invokeAllTests(JUnitPlatformProvider.java:142)
	at org.apache.maven.surefire.junitplatform.JUnitPlatformProvider.invoke(JUnitPlatformProvider.java:113)
	at org.apache.maven.surefire.booter.ForkedBooter.invokeProviderInSameClassLoader(ForkedBooter.java:384)
	at org.apache.maven.surefire.booter.ForkedBooter.runSuitesInProcess(ForkedBooter.java:345)
	at org.apache.maven.surefire.booter.ForkedBooter.execute(ForkedBooter.java:126)
	at org.apache.maven.surefire.booter.ForkedBooter.main(ForkedBooter.java:418)
]]></failure>
    <system-out><![CDATA[2021-11-26 01:28:38,356 [Listener at 127.0.0.1/10524] WARN  server.ServerUtils (ServerUtils.java:getScmDbDir(148)) - ozone.scm.db.dirs is not configured. We recommend adding this setting. Falling back to ozone.metadata.dirs instead.
2021-11-26 01:28:38,357 [Listener at 127.0.0.1/10524] INFO  ha.SCMHANodeDetails (SCMHANodeDetails.java:loadSCMHAConfig(157)) - ServiceID for StorageContainerManager is scm-service-test1
2021-11-26 01:28:38,357 [Listener at 127.0.0.1/10524] INFO  ha.SCMHANodeDetails (SCMHANodeDetails.java:loadSCMHAConfig(168)) - ServiceID for StorageContainerManager is scm-service-test1
2021-11-26 01:28:38,357 [Listener at 127.0.0.1/10524] WARN  scm.ScmUtils (ScmUtils.java:logWarn(179)) - ConfigKey ozone.scm.block.client.address is deprecated, For configuring different ports for each SCM use PortConfigKey ozone.scm.block.client.port appended with serviceId and nodeId. If want to configure same port configure ozone.scm.block.client.port
2021-11-26 01:28:38,357 [Listener at 127.0.0.1/10524] WARN  scm.ScmUtils (ScmUtils.java:logWarn(179)) - ConfigKey ozone.scm.client.address is deprecated, For configuring different ports for each SCM use PortConfigKey ozone.scm.client.port appended with serviceId and nodeId. If want to configure same port configure ozone.scm.client.port
2021-11-26 01:28:38,357 [Listener at 127.0.0.1/10524] WARN  scm.ScmUtils (ScmUtils.java:logWarn(179)) - ConfigKey ozone.scm.datanode.address is deprecated, For configuring different ports for each SCM use PortConfigKey ozone.scm.datanode.port appended with serviceId and nodeId. If want to configure same port configure ozone.scm.datanode.port
2021-11-26 01:28:38,364 [Listener at 127.0.0.1/10524] WARN  scm.ScmUtils (ScmUtils.java:logWarn(179)) - ConfigKey ozone.scm.block.client.address is deprecated, For configuring different ports for each SCM use PortConfigKey ozone.scm.block.client.port appended with serviceId and nodeId. If want to configure same port configure ozone.scm.block.client.port
2021-11-26 01:28:38,364 [Listener at 127.0.0.1/10524] WARN  scm.ScmUtils (ScmUtils.java:logWarn(179)) - ConfigKey ozone.scm.client.address is deprecated, For configuring different ports for each SCM use PortConfigKey ozone.scm.client.port appended with serviceId and nodeId. If want to configure same port configure ozone.scm.client.port
2021-11-26 01:28:38,365 [Listener at 127.0.0.1/10524] WARN  scm.ScmUtils (ScmUtils.java:logWarn(179)) - ConfigKey ozone.scm.datanode.address is deprecated, For configuring different ports for each SCM use PortConfigKey ozone.scm.datanode.port appended with serviceId and nodeId. If want to configure same port configure ozone.scm.datanode.port
2021-11-26 01:28:38,366 [Listener at 127.0.0.1/10524] INFO  ha.SCMHANodeDetails (SCMHANodeDetails.java:loadSCMHAConfig(250)) - Found matching SCM address with SCMServiceId: scm-service-test1, SCMNodeId: scmNode-1, RPC Address: localhost:15520 and Ratis port: 15520
2021-11-26 01:28:38,366 [Listener at 127.0.0.1/10524] INFO  ha.SCMHANodeDetails (ConfUtils.java:setNodeSpecificConfigs(108)) - Setting configuration key ozone.scm.datanode.address with value of key ozone.scm.datanode.address.scm-service-test1.scmNode-1: 127.0.0.1:15521
2021-11-26 01:28:38,366 [Listener at 127.0.0.1/10524] INFO  ha.SCMHANodeDetails (ConfUtils.java:setNodeSpecificConfigs(108)) - Setting configuration key ozone.scm.block.client.address with value of key ozone.scm.block.client.address.scm-service-test1.scmNode-1: 127.0.0.1:15522
2021-11-26 01:28:38,366 [Listener at 127.0.0.1/10524] INFO  ha.SCMHANodeDetails (ConfUtils.java:setNodeSpecificConfigs(108)) - Setting configuration key ozone.scm.client.address with value of key ozone.scm.client.address.scm-service-test1.scmNode-1: 127.0.0.1:15523
2021-11-26 01:28:38,366 [Listener at 127.0.0.1/10524] INFO  ha.SCMHANodeDetails (ConfUtils.java:setNodeSpecificConfigs(108)) - Setting configuration key ozone.scm.ratis.port with value of key ozone.scm.ratis.port.scm-service-test1.scmNode-1: 15520
2021-11-26 01:28:38,366 [Listener at 127.0.0.1/10524] INFO  ha.SCMHANodeDetails (ConfUtils.java:setNodeSpecificConfigs(108)) - Setting configuration key ozone.scm.grpc.port with value of key ozone.scm.grpc.port.scm-service-test1.scmNode-1: 15524
2021-11-26 01:28:38,367 [Listener at 127.0.0.1/10524] INFO  ha.SCMHANodeDetails (ConfUtils.java:setNodeSpecificConfigs(108)) - Setting configuration key ozone.scm.http-address with value of key ozone.scm.http-address.scm-service-test1.scmNode-1: 127.0.0.1:15518
2021-11-26 01:28:38,367 [Listener at 127.0.0.1/10524] INFO  ha.SCMHANodeDetails (ConfUtils.java:setNodeSpecificConfigs(108)) - Setting configuration key ozone.scm.https-address with value of key ozone.scm.https-address.scm-service-test1.scmNode-1: 127.0.0.1:15519
2021-11-26 01:28:38,367 [Listener at 127.0.0.1/10524] INFO  ha.SCMHANodeDetails (ConfUtils.java:setNodeSpecificConfigs(108)) - Setting configuration key ozone.scm.address with value of key ozone.scm.address.scm-service-test1.scmNode-1: 127.0.0.1
2021-11-26 01:28:38,367 [Listener at 127.0.0.1/10524] WARN  scm.ScmUtils (ScmUtils.java:logWarn(179)) - ConfigKey ozone.scm.block.client.address is deprecated, For configuring different ports for each SCM use PortConfigKey ozone.scm.block.client.port appended with serviceId and nodeId. If want to configure same port configure ozone.scm.block.client.port
2021-11-26 01:28:38,367 [Listener at 127.0.0.1/10524] WARN  scm.ScmUtils (ScmUtils.java:logWarn(179)) - ConfigKey ozone.scm.client.address is deprecated, For configuring different ports for each SCM use PortConfigKey ozone.scm.client.port appended with serviceId and nodeId. If want to configure same port configure ozone.scm.client.port
2021-11-26 01:28:38,367 [Listener at 127.0.0.1/10524] WARN  scm.ScmUtils (ScmUtils.java:logWarn(179)) - ConfigKey ozone.scm.datanode.address is deprecated, For configuring different ports for each SCM use PortConfigKey ozone.scm.datanode.port appended with serviceId and nodeId. If want to configure same port configure ozone.scm.datanode.port
2021-11-26 01:28:38,379 [Listener at 127.0.0.1/10524] INFO  server.RaftServer (ConfUtils.java:logGet(44)) - raft.rpc.type = GRPC (default)
2021-11-26 01:28:38,380 [Listener at 127.0.0.1/10524] INFO  grpc.GrpcFactory (GrpcFactory.java:checkPooledByteBufAllocatorUseCacheForAllThreads(48)) - PERFORMANCE WARNING: useCacheForAllThreads is true that may cause Netty to create a lot garbage objects and, as a result, trigger GC.
	It is recommended to disable useCacheForAllThreads by setting -Dorg.apache.ratis.thirdparty.io.netty.allocator.useCacheForAllThreads=false in command line.
2021-11-26 01:28:38,380 [Listener at 127.0.0.1/10524] INFO  grpc.GrpcConfigKeys (ConfUtils.java:logGet(44)) - raft.grpc.admin.port = -1 (default)
2021-11-26 01:28:38,380 [Listener at 127.0.0.1/10524] INFO  grpc.GrpcConfigKeys (ConfUtils.java:logGet(44)) - raft.grpc.server.port = 15520 (custom)
2021-11-26 01:28:38,380 [Listener at 127.0.0.1/10524] INFO  grpc.GrpcConfigKeys (ConfUtils.java:logGet(44)) - raft.grpc.client.port = -1 (default)
2021-11-26 01:28:38,380 [Listener at 127.0.0.1/10524] INFO  grpc.GrpcConfigKeys (ConfUtils.java:logGet(44)) - raft.grpc.server.port = 15520 (custom)
2021-11-26 01:28:38,381 [Listener at 127.0.0.1/10524] INFO  grpc.GrpcConfigKeys (ConfUtils.java:logGet(44)) - raft.grpc.server.port = 15520 (custom)
2021-11-26 01:28:38,381 [Listener at 127.0.0.1/10524] INFO  server.GrpcService (ConfUtils.java:logGet(44)) - raft.grpc.message.size.max = 32m (=33554432) (custom)
2021-11-26 01:28:38,381 [Listener at 127.0.0.1/10524] INFO  server.RaftServerConfigKeys (ConfUtils.java:logGet(44)) - raft.server.log.appender.buffer.byte-limit = 33554432 (custom)
2021-11-26 01:28:38,381 [Listener at 127.0.0.1/10524] INFO  server.GrpcService (ConfUtils.java:logGet(44)) - raft.grpc.flow.control.window = 1MB (=1048576) (default)
2021-11-26 01:28:38,381 [Listener at 127.0.0.1/10524] INFO  server.RaftServerConfigKeys (ConfUtils.java:logGet(44)) - raft.server.rpc.request.timeout = 30000ms (custom)
2021-11-26 01:28:38,383 [Listener at 127.0.0.1/10524] INFO  impl.DataStreamServerImpl (ConfUtils.java:logGet(44)) - raft.datastream.type = DISABLED (default)
2021-11-26 01:28:38,384 [Listener at 127.0.0.1/10524] INFO  server.RaftServerConfigKeys (ConfUtils.java:logGet(44)) - raft.server.rpc.slowness.timeout = 120000ms (custom)
2021-11-26 01:28:38,384 [Listener at 127.0.0.1/10524] INFO  server.RaftServerConfigKeys (ConfUtils.java:logGet(44)) - raft.server.leaderelection.leader.step-down.wait-time = 10s (default)
2021-11-26 01:28:38,384 [Listener at 127.0.0.1/10524] INFO  server.RaftServerConfigKeys (ConfUtils.java:logGet(44)) - raft.server.storage.dir = [/home/runner/work/ozone/ozone/hadoop-ozone/integration-test/target/test-dir/MiniOzoneClusterImpl-70e57338-dd19-42c4-b060-07a8ff5308af/scmNode-1/scm-ha] (custom)
2021-11-26 01:28:38,392 [Listener at 127.0.0.1/10524] INFO  server.RaftServer (RaftServerProxy.java:addNew(95)) - ec3f45f6-a064-4412-8226-4654181b7e55: addNew group-07A8FF5308AF:[ec3f45f6-a064-4412-8226-4654181b7e55|rpc:localhost:15520|priority:0] returns group-07A8FF5308AF:java.util.concurrent.CompletableFuture@6ad29dfa[Not completed]
2021-11-26 01:28:38,396 [pool-190-thread-1] INFO  server.RaftServer$Division (RaftServerImpl.java:<init>(184)) - ec3f45f6-a064-4412-8226-4654181b7e55: new RaftServerImpl for group-07A8FF5308AF:[ec3f45f6-a064-4412-8226-4654181b7e55|rpc:localhost:15520|priority:0] with SCMStateMachine:uninitialized
2021-11-26 01:28:38,397 [pool-190-thread-1] INFO  server.RaftServerConfigKeys (ConfUtils.java:logGet(44)) - raft.server.rpc.timeout.min = 5000ms (custom)
2021-11-26 01:28:38,397 [pool-190-thread-1] INFO  server.RaftServerConfigKeys (ConfUtils.java:logGet(44)) - raft.server.rpc.timeout.max = 5200ms (custom)
2021-11-26 01:28:38,397 [pool-190-thread-1] INFO  server.RaftServerConfigKeys (ConfUtils.java:logGet(44)) - raft.server.rpc.sleep.time = 25ms (default)
2021-11-26 01:28:38,397 [pool-190-thread-1] INFO  server.RaftServerConfigKeys (ConfUtils.java:logGet(44)) - raft.server.rpc.slowness.timeout = 120000ms (custom)
2021-11-26 01:28:38,397 [pool-190-thread-1] INFO  server.RaftServerConfigKeys (ConfUtils.java:logGet(44)) - raft.server.leaderelection.leader.step-down.wait-time = 10s (default)
2021-11-26 01:28:38,397 [pool-190-thread-1] INFO  server.RaftServerConfigKeys (ConfUtils.java:logGet(44)) - raft.server.sleep.deviation.threshold = 300ms (default)
2021-11-26 01:28:38,397 [pool-190-thread-1] INFO  server.RaftServerConfigKeys (ConfUtils.java:logGet(44)) - raft.server.log.appender.install.snapshot.enabled = false (custom)
2021-11-26 01:28:38,397 [pool-190-thread-1] INFO  server.RaftServer$Division (ServerState.java:<init>(105)) - ec3f45f6-a064-4412-8226-4654181b7e55@group-07A8FF5308AF: ConfigurationManager, init=-1: [ec3f45f6-a064-4412-8226-4654181b7e55|rpc:localhost:15520|priority:0], old=null, confs=<EMPTY_MAP>
2021-11-26 01:28:38,397 [pool-190-thread-1] INFO  server.RaftServerConfigKeys (ConfUtils.java:logGet(44)) - raft.server.storage.dir = [/home/runner/work/ozone/ozone/hadoop-ozone/integration-test/target/test-dir/MiniOzoneClusterImpl-70e57338-dd19-42c4-b060-07a8ff5308af/scmNode-1/scm-ha] (custom)
2021-11-26 01:28:38,397 [pool-190-thread-1] INFO  server.RaftServerConfigKeys (ConfUtils.java:logGet(44)) - raft.server.log.corruption.policy = EXCEPTION (default)
2021-11-26 01:28:38,397 [pool-190-thread-1] INFO  server.RaftServerConfigKeys (ConfUtils.java:logGet(44)) - raft.server.storage.free-space.min = 0MB (=0) (default)
2021-11-26 01:28:38,397 [pool-190-thread-1] INFO  storage.RaftStorageDirectory (RaftStorageDirectoryImpl.java:analyzeStorage(135)) - The storage directory /home/runner/work/ozone/ozone/hadoop-ozone/integration-test/target/test-dir/MiniOzoneClusterImpl-70e57338-dd19-42c4-b060-07a8ff5308af/scmNode-1/scm-ha/70e57338-dd19-42c4-b060-07a8ff5308af does not exist. Creating ...
2021-11-26 01:28:38,399 [pool-190-thread-1] INFO  storage.RaftStorageDirectory (RaftStorageDirectoryImpl.java:tryLock(230)) - Lock on /home/runner/work/ozone/ozone/hadoop-ozone/integration-test/target/test-dir/MiniOzoneClusterImpl-70e57338-dd19-42c4-b060-07a8ff5308af/scmNode-1/scm-ha/70e57338-dd19-42c4-b060-07a8ff5308af/in_use.lock acquired by nodename 1239@fv-az151-301
2021-11-26 01:28:38,400 [pool-190-thread-1] INFO  storage.RaftStorage (RaftStorageImpl.java:format(89)) - Storage directory /home/runner/work/ozone/ozone/hadoop-ozone/integration-test/target/test-dir/MiniOzoneClusterImpl-70e57338-dd19-42c4-b060-07a8ff5308af/scmNode-1/scm-ha/70e57338-dd19-42c4-b060-07a8ff5308af has been successfully formatted.
2021-11-26 01:28:38,400 [pool-190-thread-1] INFO  server.RaftServerConfigKeys (ConfUtils.java:logGet(44)) - raft.server.notification.no-leader.timeout = 60s (default)
2021-11-26 01:28:38,401 [pool-190-thread-1] INFO  server.RaftServerConfigKeys (ConfUtils.java:logGet(44)) - raft.server.log.use.memory = false (default)
2021-11-26 01:28:38,401 [pool-190-thread-1] INFO  server.RaftServerConfigKeys (ConfUtils.java:logGet(44)) - raft.server.log.purge.gap = 5 (custom)
2021-11-26 01:28:38,401 [pool-190-thread-1] INFO  server.RaftServerConfigKeys (ConfUtils.java:logGet(44)) - raft.server.log.appender.buffer.byte-limit = 33554432 (custom)
2021-11-26 01:28:38,401 [pool-190-thread-1] INFO  server.RaftServerConfigKeys (ConfUtils.java:logGet(44)) - raft.server.log.segment.size.max = 4194304 (custom)
2021-11-26 01:28:38,401 [pool-190-thread-1] INFO  server.RaftServerConfigKeys (ConfUtils.java:logGet(44)) - raft.server.log.segment.cache.num.max = 2 (custom)
2021-11-26 01:28:38,401 [pool-190-thread-1] INFO  server.RaftServerConfigKeys (ConfUtils.java:logGet(44)) - raft.server.log.segment.cache.size.max = 200MB (=209715200) (default)
2021-11-26 01:28:38,401 [pool-190-thread-1] INFO  segmented.SegmentedRaftLogWorker (SegmentedRaftLogWorker.java:<init>(182)) - new ec3f45f6-a064-4412-8226-4654181b7e55@group-07A8FF5308AF-SegmentedRaftLogWorker for RaftStorageImpl:Storage Directory /home/runner/work/ozone/ozone/hadoop-ozone/integration-test/target/test-dir/MiniOzoneClusterImpl-70e57338-dd19-42c4-b060-07a8ff5308af/scmNode-1/scm-ha/70e57338-dd19-42c4-b060-07a8ff5308af
2021-11-26 01:28:38,401 [pool-190-thread-1] INFO  server.RaftServerConfigKeys (ConfUtils.java:logGet(44)) - raft.server.log.queue.byte-limit = 64MB (=67108864) (default)
2021-11-26 01:28:38,401 [pool-190-thread-1] INFO  server.RaftServerConfigKeys (ConfUtils.java:logGet(44)) - raft.server.log.queue.element-limit = 4096 (default)
2021-11-26 01:28:38,402 [pool-190-thread-1] INFO  server.RaftServerConfigKeys (ConfUtils.java:logGet(44)) - raft.server.log.segment.size.max = 4194304 (custom)
2021-11-26 01:28:38,402 [pool-190-thread-1] INFO  server.RaftServerConfigKeys (ConfUtils.java:logGet(44)) - raft.server.log.preallocated.size = 4194304 (custom)
2021-11-26 01:28:38,402 [pool-190-thread-1] INFO  server.RaftServerConfigKeys (ConfUtils.java:logGet(44)) - raft.server.log.force.sync.num = 128 (default)
2021-11-26 01:28:38,402 [pool-190-thread-1] INFO  server.RaftServerConfigKeys (ConfUtils.java:logGet(44)) - raft.server.log.statemachine.data.sync = true (default)
2021-11-26 01:28:38,402 [pool-190-thread-1] INFO  server.RaftServerConfigKeys (ConfUtils.java:logGet(44)) - raft.server.log.statemachine.data.sync.timeout = 10s (default)
2021-11-26 01:28:38,402 [pool-190-thread-1] INFO  server.RaftServerConfigKeys (ConfUtils.java:logGet(44)) - raft.server.log.statemachine.data.sync.timeout.retry = -1 (default)
2021-11-26 01:28:38,402 [pool-190-thread-1] INFO  server.RaftServerConfigKeys (ConfUtils.java:logGet(44)) - raft.server.log.write.buffer.size = 64KB (=65536) (default)
2021-11-26 01:28:38,402 [pool-190-thread-1] INFO  server.RaftServerConfigKeys (ConfUtils.java:logGet(44)) - raft.server.log.statemachine.data.caching.enabled = false (default)
2021-11-26 01:28:38,403 [pool-190-thread-1] INFO  segmented.SegmentedRaftLogWorker (SegmentedRaftLogWorker.java:lambda$new$0(133)) - ec3f45f6-a064-4412-8226-4654181b7e55@group-07A8FF5308AF-SegmentedRaftLogWorker: flushIndex: setUnconditionally 0 -> -1
2021-11-26 01:28:38,403 [pool-190-thread-1] INFO  segmented.SegmentedRaftLogWorker (SegmentedRaftLogWorker.java:lambda$new$0(133)) - ec3f45f6-a064-4412-8226-4654181b7e55@group-07A8FF5308AF-SegmentedRaftLogWorker: safeCacheEvictIndex: setUnconditionally 0 -> -1
2021-11-26 01:28:38,412 [pool-190-thread-1] INFO  server.RaftServerConfigKeys (ConfUtils.java:logGet(44)) - raft.server.snapshot.auto.trigger.enabled = true (custom)
2021-11-26 01:28:38,412 [pool-190-thread-1] INFO  server.RaftServerConfigKeys (ConfUtils.java:logGet(44)) - raft.server.snapshot.auto.trigger.threshold = 5 (custom)
2021-11-26 01:28:38,412 [pool-190-thread-1] INFO  server.RaftServerConfigKeys (ConfUtils.java:logGet(44)) - raft.server.snapshot.retention.file.num = -1 (default)
2021-11-26 01:28:38,412 [pool-190-thread-1] INFO  server.RaftServerConfigKeys (ConfUtils.java:logGet(44)) - raft.server.log.purge.upto.snapshot.index = true (custom)
2021-11-26 01:28:38,412 [pool-190-thread-1] INFO  server.RaftServerConfigKeys (ConfUtils.java:logGet(44)) - raft.server.retrycache.expirytime = 60000ms (default)
2021-11-26 01:28:38,413 [pool-190-thread-1] INFO  server.RaftServerConfigKeys (ConfUtils.java:logGet(44)) - raft.server.retrycache.statistics.expirytime = 100μs (default)
2021-11-26 01:28:38,414 [Listener at 127.0.0.1/10524] INFO  server.RaftServer$Division (RaftServerImpl.java:start(301)) - ec3f45f6-a064-4412-8226-4654181b7e55@group-07A8FF5308AF: start as a follower, conf=-1: [ec3f45f6-a064-4412-8226-4654181b7e55|rpc:localhost:15520|priority:0], old=null
2021-11-26 01:28:38,414 [Listener at 127.0.0.1/10524] INFO  server.RaftServer$Division (RaftServerImpl.java:setRole(290)) - ec3f45f6-a064-4412-8226-4654181b7e55@group-07A8FF5308AF: changes role from      null to FOLLOWER at term 0 for startAsFollower
2021-11-26 01:28:38,414 [Listener at 127.0.0.1/10524] INFO  impl.RoleInfo (RoleInfo.java:updateAndGet(130)) - ec3f45f6-a064-4412-8226-4654181b7e55: start ec3f45f6-a064-4412-8226-4654181b7e55@group-07A8FF5308AF-FollowerState
2021-11-26 01:28:38,421 [Listener at 127.0.0.1/10524] INFO  util.JmxRegister (JmxRegister.java:tryRegister(44)) - Successfully registered JMX Bean with object name Ratis:service=RaftServer,group=group-07A8FF5308AF,id=ec3f45f6-a064-4412-8226-4654181b7e55
2021-11-26 01:28:38,422 [Listener at 127.0.0.1/10524] INFO  server.RaftServer (RaftServerProxy.java:lambda$start$5(374)) - ec3f45f6-a064-4412-8226-4654181b7e55: start RPC server
2021-11-26 01:28:38,423 [Listener at 127.0.0.1/10524] INFO  server.GrpcService (GrpcService.java:startImpl(253)) - ec3f45f6-a064-4412-8226-4654181b7e55: GrpcService started, listening on 15520
2021-11-26 01:28:38,423 [org.apache.ratis.util.JvmPauseMonitor$$Lambda$499/73608444@aa9bf75] INFO  util.JvmPauseMonitor (JvmPauseMonitor.java:run(103)) - JvmPauseMonitor-ec3f45f6-a064-4412-8226-4654181b7e55: Started
2021-11-26 01:28:39,180 [EndpointStateMachine task thread for /127.0.0.1:12825 - 0 ] INFO  ipc.Client (Client.java:handleConnectionFailure(977)) - Retrying connect to server: localhost/127.0.0.1:12825. Already tried 3 time(s); retry policy is RetryUpToMaximumCountWithFixedSleep(maxRetries=15, sleepTime=1000 MILLISECONDS)
2021-11-26 01:28:39,181 [EndpointStateMachine task thread for /127.0.0.1:12845 - 0 ] INFO  ipc.Client (Client.java:handleConnectionFailure(977)) - Retrying connect to server: localhost/127.0.0.1:12845. Already tried 0 time(s); retry policy is RetryUpToMaximumCountWithFixedSleep(maxRetries=15, sleepTime=1000 MILLISECONDS)
2021-11-26 01:28:39,181 [EndpointStateMachine task thread for /127.0.0.1:12835 - 0 ] INFO  ipc.Client (Client.java:handleConnectionFailure(977)) - Retrying connect to server: localhost/127.0.0.1:12835. Already tried 0 time(s); retry policy is RetryUpToMaximumCountWithFixedSleep(maxRetries=15, sleepTime=1000 MILLISECONDS)
2021-11-26 01:28:40,181 [EndpointStateMachine task thread for /127.0.0.1:12825 - 0 ] INFO  ipc.Client (Client.java:handleConnectionFailure(977)) - Retrying connect to server: localhost/127.0.0.1:12825. Already tried 4 time(s); retry policy is RetryUpToMaximumCountWithFixedSleep(maxRetries=15, sleepTime=1000 MILLISECONDS)
2021-11-26 01:28:40,181 [EndpointStateMachine task thread for /127.0.0.1:12845 - 0 ] INFO  ipc.Client (Client.java:handleConnectionFailure(977)) - Retrying connect to server: localhost/127.0.0.1:12845. Already tried 1 time(s); retry policy is RetryUpToMaximumCountWithFixedSleep(maxRetries=15, sleepTime=1000 MILLISECONDS)
2021-11-26 01:28:40,182 [EndpointStateMachine task thread for /127.0.0.1:12835 - 0 ] INFO  ipc.Client (Client.java:handleConnectionFailure(977)) - Retrying connect to server: localhost/127.0.0.1:12835. Already tried 1 time(s); retry policy is RetryUpToMaximumCountWithFixedSleep(maxRetries=15, sleepTime=1000 MILLISECONDS)
2021-11-26 01:28:41,181 [EndpointStateMachine task thread for /127.0.0.1:12825 - 0 ] INFO  ipc.Client (Client.java:handleConnectionFailure(977)) - Retrying connect to server: localhost/127.0.0.1:12825. Already tried 5 time(s); retry policy is RetryUpToMaximumCountWithFixedSleep(maxRetries=15, sleepTime=1000 MILLISECONDS)
2021-11-26 01:28:41,182 [EndpointStateMachine task thread for /127.0.0.1:12845 - 0 ] INFO  ipc.Client (Client.java:handleConnectionFailure(977)) - Retrying connect to server: localhost/127.0.0.1:12845. Already tried 2 time(s); retry policy is RetryUpToMaximumCountWithFixedSleep(maxRetries=15, sleepTime=1000 MILLISECONDS)
2021-11-26 01:28:41,182 [EndpointStateMachine task thread for /127.0.0.1:12835 - 0 ] INFO  ipc.Client (Client.java:handleConnectionFailure(977)) - Retrying connect to server: localhost/127.0.0.1:12835. Already tried 2 time(s); retry policy is RetryUpToMaximumCountWithFixedSleep(maxRetries=15, sleepTime=1000 MILLISECONDS)
2021-11-26 01:28:42,182 [EndpointStateMachine task thread for /127.0.0.1:12825 - 0 ] INFO  ipc.Client (Client.java:handleConnectionFailure(977)) - Retrying connect to server: localhost/127.0.0.1:12825. Already tried 6 time(s); retry policy is RetryUpToMaximumCountWithFixedSleep(maxRetries=15, sleepTime=1000 MILLISECONDS)
2021-11-26 01:28:42,183 [EndpointStateMachine task thread for /127.0.0.1:12845 - 0 ] INFO  ipc.Client (Client.java:handleConnectionFailure(977)) - Retrying connect to server: localhost/127.0.0.1:12845. Already tried 3 time(s); retry policy is RetryUpToMaximumCountWithFixedSleep(maxRetries=15, sleepTime=1000 MILLISECONDS)
2021-11-26 01:28:42,183 [EndpointStateMachine task thread for /127.0.0.1:12835 - 0 ] INFO  ipc.Client (Client.java:handleConnectionFailure(977)) - Retrying connect to server: localhost/127.0.0.1:12835. Already tried 3 time(s); retry policy is RetryUpToMaximumCountWithFixedSleep(maxRetries=15, sleepTime=1000 MILLISECONDS)
2021-11-26 01:28:43,183 [EndpointStateMachine task thread for /127.0.0.1:12825 - 0 ] INFO  ipc.Client (Client.java:handleConnectionFailure(977)) - Retrying connect to server: localhost/127.0.0.1:12825. Already tried 7 time(s); retry policy is RetryUpToMaximumCountWithFixedSleep(maxRetries=15, sleepTime=1000 MILLISECONDS)
2021-11-26 01:28:43,183 [EndpointStateMachine task thread for /127.0.0.1:12845 - 0 ] INFO  ipc.Client (Client.java:handleConnectionFailure(977)) - Retrying connect to server: localhost/127.0.0.1:12845. Already tried 4 time(s); retry policy is RetryUpToMaximumCountWithFixedSleep(maxRetries=15, sleepTime=1000 MILLISECONDS)
2021-11-26 01:28:43,183 [EndpointStateMachine task thread for /127.0.0.1:12835 - 0 ] INFO  ipc.Client (Client.java:handleConnectionFailure(977)) - Retrying connect to server: localhost/127.0.0.1:12835. Already tried 4 time(s); retry policy is RetryUpToMaximumCountWithFixedSleep(maxRetries=15, sleepTime=1000 MILLISECONDS)
2021-11-26 01:28:43,602 [ec3f45f6-a064-4412-8226-4654181b7e55@group-07A8FF5308AF-FollowerState] INFO  impl.FollowerState (FollowerState.java:run(134)) - ec3f45f6-a064-4412-8226-4654181b7e55@group-07A8FF5308AF-FollowerState: change to CANDIDATE, lastRpcElapsedTime:5187862829ns, electionTimeout:5180ms
2021-11-26 01:28:43,602 [ec3f45f6-a064-4412-8226-4654181b7e55@group-07A8FF5308AF-FollowerState] INFO  impl.RoleInfo (RoleInfo.java:shutdownFollowerState(108)) - ec3f45f6-a064-4412-8226-4654181b7e55: shutdown ec3f45f6-a064-4412-8226-4654181b7e55@group-07A8FF5308AF-FollowerState
2021-11-26 01:28:43,602 [ec3f45f6-a064-4412-8226-4654181b7e55@group-07A8FF5308AF-FollowerState] INFO  server.RaftServer$Division (RaftServerImpl.java:setRole(290)) - ec3f45f6-a064-4412-8226-4654181b7e55@group-07A8FF5308AF: changes role from  FOLLOWER to CANDIDATE at term 0 for changeToCandidate
2021-11-26 01:28:43,602 [ec3f45f6-a064-4412-8226-4654181b7e55@group-07A8FF5308AF-FollowerState] INFO  server.RaftServerConfigKeys (ConfUtils.java:logGet(44)) - raft.server.leaderelection.pre-vote = false (custom)
2021-11-26 01:28:43,602 [ec3f45f6-a064-4412-8226-4654181b7e55@group-07A8FF5308AF-FollowerState] INFO  impl.RoleInfo (RoleInfo.java:updateAndGet(130)) - ec3f45f6-a064-4412-8226-4654181b7e55: start ec3f45f6-a064-4412-8226-4654181b7e55@group-07A8FF5308AF-LeaderElection16
2021-11-26 01:28:43,632 [ec3f45f6-a064-4412-8226-4654181b7e55@group-07A8FF5308AF-LeaderElection16] INFO  impl.LeaderElection (LeaderElection.java:askForVotes(306)) - ec3f45f6-a064-4412-8226-4654181b7e55@group-07A8FF5308AF-LeaderElection16 ELECTION round 0: submit vote requests at term 1 for -1: [ec3f45f6-a064-4412-8226-4654181b7e55|rpc:localhost:15520|priority:0], old=null
2021-11-26 01:28:43,632 [ec3f45f6-a064-4412-8226-4654181b7e55@group-07A8FF5308AF-LeaderElection16] INFO  impl.LeaderElection (LeaderElection.java:askForVotes(308)) - ec3f45f6-a064-4412-8226-4654181b7e55@group-07A8FF5308AF-LeaderElection16 ELECTION round 0: result PASSED (term=1)
2021-11-26 01:28:43,632 [ec3f45f6-a064-4412-8226-4654181b7e55@group-07A8FF5308AF-LeaderElection16] INFO  impl.RoleInfo (RoleInfo.java:shutdownLeaderElection(121)) - ec3f45f6-a064-4412-8226-4654181b7e55: shutdown ec3f45f6-a064-4412-8226-4654181b7e55@group-07A8FF5308AF-LeaderElection16
2021-11-26 01:28:43,632 [ec3f45f6-a064-4412-8226-4654181b7e55@group-07A8FF5308AF-LeaderElection16] INFO  server.RaftServer$Division (RaftServerImpl.java:setRole(290)) - ec3f45f6-a064-4412-8226-4654181b7e55@group-07A8FF5308AF: changes role from CANDIDATE to LEADER at term 1 for changeToLeader
2021-11-26 01:28:43,632 [ec3f45f6-a064-4412-8226-4654181b7e55@group-07A8FF5308AF-LeaderElection16] INFO  server.RaftServer$Division (ServerState.java:setLeader(285)) - ec3f45f6-a064-4412-8226-4654181b7e55@group-07A8FF5308AF: change Leader from null to ec3f45f6-a064-4412-8226-4654181b7e55 at term 1 for becomeLeader, leader elected after 5231ms
2021-11-26 01:28:43,632 [ec3f45f6-a064-4412-8226-4654181b7e55@group-07A8FF5308AF-LeaderElection16] INFO  server.RaftServerConfigKeys (ConfUtils.java:logGet(44)) - raft.server.staging.catchup.gap = 1000 (default)
2021-11-26 01:28:43,632 [ec3f45f6-a064-4412-8226-4654181b7e55@group-07A8FF5308AF-LeaderElection16] INFO  server.RaftServerConfigKeys (ConfUtils.java:logGet(44)) - raft.server.write.element-limit = 4096 (default)
2021-11-26 01:28:43,632 [ec3f45f6-a064-4412-8226-4654181b7e55@group-07A8FF5308AF-LeaderElection16] INFO  server.RaftServerConfigKeys (ConfUtils.java:logGet(44)) - raft.server.write.byte-limit = 64MB (=67108864) (default)
2021-11-26 01:28:43,633 [ec3f45f6-a064-4412-8226-4654181b7e55@group-07A8FF5308AF-LeaderElection16] INFO  server.RaftServerConfigKeys (ConfUtils.java:logGet(44)) - raft.server.watch.timeout = 10s (default)
2021-11-26 01:28:43,633 [ec3f45f6-a064-4412-8226-4654181b7e55@group-07A8FF5308AF-LeaderElection16] INFO  server.RaftServerConfigKeys (ConfUtils.java:logGet(44)) - raft.server.watch.timeout.denomination = 1s (default)
2021-11-26 01:28:43,633 [ec3f45f6-a064-4412-8226-4654181b7e55@group-07A8FF5308AF-LeaderElection16] INFO  server.RaftServerConfigKeys (ConfUtils.java:logGet(44)) - raft.server.watch.element-limit = 65536 (default)
2021-11-26 01:28:43,633 [ec3f45f6-a064-4412-8226-4654181b7e55@group-07A8FF5308AF-LeaderElection16] INFO  server.RaftServerConfigKeys (ConfUtils.java:logGet(44)) - raft.server.write.element-limit = 4096 (default)
2021-11-26 01:28:43,633 [ec3f45f6-a064-4412-8226-4654181b7e55@group-07A8FF5308AF-LeaderElection16] INFO  server.RaftServerConfigKeys (ConfUtils.java:logGet(44)) - raft.server.write.follower.gap.ratio.max = -1.0 (default)
2021-11-26 01:28:43,633 [ec3f45f6-a064-4412-8226-4654181b7e55@group-07A8FF5308AF-LeaderElection16] INFO  impl.RoleInfo (RoleInfo.java:updateAndGet(130)) - ec3f45f6-a064-4412-8226-4654181b7e55: start ec3f45f6-a064-4412-8226-4654181b7e55@group-07A8FF5308AF-LeaderStateImpl
2021-11-26 01:28:43,633 [ec3f45f6-a064-4412-8226-4654181b7e55@group-07A8FF5308AF-LeaderElection16] INFO  segmented.SegmentedRaftLogWorker (SegmentedRaftLogWorker.java:startLogSegment(394)) - ec3f45f6-a064-4412-8226-4654181b7e55@group-07A8FF5308AF-SegmentedRaftLogWorker: Starting segment from index:0
2021-11-26 01:28:43,641 [ec3f45f6-a064-4412-8226-4654181b7e55@group-07A8FF5308AF-SegmentedRaftLogWorker] INFO  segmented.SegmentedRaftLogWorker (SegmentedRaftLogWorker.java:execute(601)) - ec3f45f6-a064-4412-8226-4654181b7e55@group-07A8FF5308AF-SegmentedRaftLogWorker: created new log segment /home/runner/work/ozone/ozone/hadoop-ozone/integration-test/target/test-dir/MiniOzoneClusterImpl-70e57338-dd19-42c4-b060-07a8ff5308af/scmNode-1/scm-ha/70e57338-dd19-42c4-b060-07a8ff5308af/current/log_inprogress_0
2021-11-26 01:28:43,646 [ec3f45f6-a064-4412-8226-4654181b7e55@group-07A8FF5308AF-LeaderElection16] INFO  server.RaftServer$Division (ServerState.java:setRaftConf(387)) - ec3f45f6-a064-4412-8226-4654181b7e55@group-07A8FF5308AF: set configuration 0: [ec3f45f6-a064-4412-8226-4654181b7e55|rpc:localhost:15520|admin:|client:|dataStream:|priority:0], old=null
2021-11-26 01:28:44,184 [EndpointStateMachine task thread for /127.0.0.1:12845 - 0 ] INFO  ipc.Client (Client.java:handleConnectionFailure(977)) - Retrying connect to server: localhost/127.0.0.1:12845. Already tried 5 time(s); retry policy is RetryUpToMaximumCountWithFixedSleep(maxRetries=15, sleepTime=1000 MILLISECONDS)
2021-11-26 01:28:44,184 [EndpointStateMachine task thread for /127.0.0.1:12825 - 0 ] INFO  ipc.Client (Client.java:handleConnectionFailure(977)) - Retrying connect to server: localhost/127.0.0.1:12825. Already tried 8 time(s); retry policy is RetryUpToMaximumCountWithFixedSleep(maxRetries=15, sleepTime=1000 MILLISECONDS)
2021-11-26 01:28:44,184 [EndpointStateMachine task thread for /127.0.0.1:12835 - 0 ] INFO  ipc.Client (Client.java:handleConnectionFailure(977)) - Retrying connect to server: localhost/127.0.0.1:12835. Already tried 5 time(s); retry policy is RetryUpToMaximumCountWithFixedSleep(maxRetries=15, sleepTime=1000 MILLISECONDS)
2021-11-26 01:28:44,424 [Listener at 127.0.0.1/10524] INFO  server.RaftServer (RaftServerProxy.java:lambda$close$6(391)) - ec3f45f6-a064-4412-8226-4654181b7e55: close
2021-11-26 01:28:44,424 [Listener at 127.0.0.1/10524] INFO  server.RaftServer$Division (RaftServerImpl.java:lambda$close$4(412)) - ec3f45f6-a064-4412-8226-4654181b7e55@group-07A8FF5308AF: shutdown
2021-11-26 01:28:44,424 [Listener at 127.0.0.1/10524] INFO  util.JmxRegister (JmxRegister.java:unregister(73)) - Successfully un-registered JMX Bean with object name Ratis:service=RaftServer,group=group-07A8FF5308AF,id=ec3f45f6-a064-4412-8226-4654181b7e55
2021-11-26 01:28:44,424 [Listener at 127.0.0.1/10524] INFO  impl.RoleInfo (RoleInfo.java:shutdownLeaderState(91)) - ec3f45f6-a064-4412-8226-4654181b7e55: shutdown ec3f45f6-a064-4412-8226-4654181b7e55@group-07A8FF5308AF-LeaderStateImpl
2021-11-26 01:28:44,425 [Listener at 127.0.0.1/10524] INFO  impl.PendingRequests (PendingRequests.java:sendNotLeaderResponses(282)) - ec3f45f6-a064-4412-8226-4654181b7e55@group-07A8FF5308AF-PendingRequests: sendNotLeaderResponses
2021-11-26 01:28:44,425 [Listener at 127.0.0.1/10524] INFO  impl.StateMachineUpdater (StateMachineUpdater.java:stopAndJoin(149)) - ec3f45f6-a064-4412-8226-4654181b7e55@group-07A8FF5308AF-StateMachineUpdater: set stopIndex = 0
2021-11-26 01:28:44,426 [ec3f45f6-a064-4412-8226-4654181b7e55@group-07A8FF5308AF-StateMachineUpdater] INFO  impl.StateMachineUpdater (StateMachineUpdater.java:takeSnapshot(281)) - ec3f45f6-a064-4412-8226-4654181b7e55@group-07A8FF5308AF-StateMachineUpdater: Took a snapshot at index 0
2021-11-26 01:28:44,426 [ec3f45f6-a064-4412-8226-4654181b7e55@group-07A8FF5308AF-StateMachineUpdater] INFO  impl.StateMachineUpdater (StateMachineUpdater.java:lambda$new$0(89)) - ec3f45f6-a064-4412-8226-4654181b7e55@group-07A8FF5308AF-StateMachineUpdater: snapshotIndex: updateIncreasingly -1 -> 0
2021-11-26 01:28:44,426 [Listener at 127.0.0.1/10524] INFO  server.RaftServer$Division (ServerState.java:close(419)) - ec3f45f6-a064-4412-8226-4654181b7e55@group-07A8FF5308AF: closes. applyIndex: 0
2021-11-26 01:28:44,429 [ec3f45f6-a064-4412-8226-4654181b7e55@group-07A8FF5308AF-SegmentedRaftLogWorker] INFO  segmented.SegmentedRaftLogWorker (SegmentedRaftLogWorker.java:run(327)) - ec3f45f6-a064-4412-8226-4654181b7e55@group-07A8FF5308AF-SegmentedRaftLogWorker was interrupted, exiting. There are 0 tasks remaining in the queue.
2021-11-26 01:28:44,433 [Listener at 127.0.0.1/10524] INFO  segmented.SegmentedRaftLogWorker (SegmentedRaftLogWorker.java:close(237)) - ec3f45f6-a064-4412-8226-4654181b7e55@group-07A8FF5308AF-SegmentedRaftLogWorker close()
2021-11-26 01:28:44,440 [Listener at 127.0.0.1/10524] INFO  server.GrpcService (GrpcService.java:closeImpl(262)) - ec3f45f6-a064-4412-8226-4654181b7e55: shutdown server with port 15520 now
2021-11-26 01:28:44,452 [Listener at 127.0.0.1/10524] INFO  server.GrpcService (GrpcService.java:closeImpl(271)) - ec3f45f6-a064-4412-8226-4654181b7e55: shutdown server with port 15520 successfully
2021-11-26 01:28:44,452 [org.apache.ratis.util.JvmPauseMonitor$$Lambda$499/73608444@aa9bf75] INFO  util.JvmPauseMonitor (JvmPauseMonitor.java:run(109)) - JvmPauseMonitor-ec3f45f6-a064-4412-8226-4654181b7e55: Stopped
2021-11-26 01:28:44,452 [Listener at 127.0.0.1/10524] WARN  server.ServerUtils (ServerUtils.java:getScmDbDir(148)) - ozone.scm.db.dirs is not configured. We recommend adding this setting. Falling back to ozone.metadata.dirs instead.
2021-11-26 01:28:44,454 [Listener at 127.0.0.1/10524] INFO  server.StorageContainerManager (StorageContainerManager.java:scmInit(1083)) - SCM initialization succeeded. Current cluster id for sd=/home/runner/work/ozone/ozone/hadoop-ozone/integration-test/target/test-dir/MiniOzoneClusterImpl-70e57338-dd19-42c4-b060-07a8ff5308af/scmNode-1/scm; cid=70e57338-dd19-42c4-b060-07a8ff5308af; layoutVersion=2; scmId=ec3f45f6-a064-4412-8226-4654181b7e55
2021-11-26 01:28:44,455 [Listener at 127.0.0.1/10524] INFO  ha.SCMHANodeDetails (SCMHANodeDetails.java:loadSCMHAConfig(157)) - ServiceID for StorageContainerManager is scm-service-test1
2021-11-26 01:28:44,455 [Listener at 127.0.0.1/10524] INFO  ha.SCMHANodeDetails (SCMHANodeDetails.java:loadSCMHAConfig(168)) - ServiceID for StorageContainerManager is scm-service-test1
2021-11-26 01:28:44,455 [Listener at 127.0.0.1/10524] WARN  scm.ScmUtils (ScmUtils.java:logWarn(179)) - ConfigKey ozone.scm.block.client.address is deprecated, For configuring different ports for each SCM use PortConfigKey ozone.scm.block.client.port appended with serviceId and nodeId. If want to configure same port configure ozone.scm.block.client.port
2021-11-26 01:28:44,455 [Listener at 127.0.0.1/10524] WARN  scm.ScmUtils (ScmUtils.java:logWarn(179)) - ConfigKey ozone.scm.client.address is deprecated, For configuring different ports for each SCM use PortConfigKey ozone.scm.client.port appended with serviceId and nodeId. If want to configure same port configure ozone.scm.client.port
2021-11-26 01:28:44,455 [Listener at 127.0.0.1/10524] WARN  scm.ScmUtils (ScmUtils.java:logWarn(179)) - ConfigKey ozone.scm.datanode.address is deprecated, For configuring different ports for each SCM use PortConfigKey ozone.scm.datanode.port appended with serviceId and nodeId. If want to configure same port configure ozone.scm.datanode.port
2021-11-26 01:28:44,455 [Listener at 127.0.0.1/10524] WARN  scm.ScmUtils (ScmUtils.java:logWarn(179)) - ConfigKey ozone.scm.block.client.address is deprecated, For configuring different ports for each SCM use PortConfigKey ozone.scm.block.client.port appended with serviceId and nodeId. If want to configure same port configure ozone.scm.block.client.port
2021-11-26 01:28:44,456 [Listener at 127.0.0.1/10524] WARN  scm.ScmUtils (ScmUtils.java:logWarn(179)) - ConfigKey ozone.scm.client.address is deprecated, For configuring different ports for each SCM use PortConfigKey ozone.scm.client.port appended with serviceId and nodeId. If want to configure same port configure ozone.scm.client.port
2021-11-26 01:28:44,456 [Listener at 127.0.0.1/10524] WARN  scm.ScmUtils (ScmUtils.java:logWarn(179)) - ConfigKey ozone.scm.datanode.address is deprecated, For configuring different ports for each SCM use PortConfigKey ozone.scm.datanode.port appended with serviceId and nodeId. If want to configure same port configure ozone.scm.datanode.port
2021-11-26 01:28:44,456 [Listener at 127.0.0.1/10524] INFO  ha.SCMHANodeDetails (SCMHANodeDetails.java:loadSCMHAConfig(250)) - Found matching SCM address with SCMServiceId: scm-service-test1, SCMNodeId: scmNode-1, RPC Address: localhost:15520 and Ratis port: 15520
2021-11-26 01:28:44,456 [Listener at 127.0.0.1/10524] INFO  ha.SCMHANodeDetails (ConfUtils.java:setNodeSpecificConfigs(108)) - Setting configuration key ozone.scm.datanode.address with value of key ozone.scm.datanode.address.scm-service-test1.scmNode-1: 127.0.0.1:15521
2021-11-26 01:28:44,456 [Listener at 127.0.0.1/10524] INFO  ha.SCMHANodeDetails (ConfUtils.java:setNodeSpecificConfigs(108)) - Setting configuration key ozone.scm.block.client.address with value of key ozone.scm.block.client.address.scm-service-test1.scmNode-1: 127.0.0.1:15522
2021-11-26 01:28:44,456 [Listener at 127.0.0.1/10524] INFO  ha.SCMHANodeDetails (ConfUtils.java:setNodeSpecificConfigs(108)) - Setting configuration key ozone.scm.client.address with value of key ozone.scm.client.address.scm-service-test1.scmNode-1: 127.0.0.1:15523
2021-11-26 01:28:44,456 [Listener at 127.0.0.1/10524] INFO  ha.SCMHANodeDetails (ConfUtils.java:setNodeSpecificConfigs(108)) - Setting configuration key ozone.scm.ratis.port with value of key ozone.scm.ratis.port.scm-service-test1.scmNode-1: 15520
2021-11-26 01:28:44,457 [Listener at 127.0.0.1/10524] INFO  ha.SCMHANodeDetails (ConfUtils.java:setNodeSpecificConfigs(108)) - Setting configuration key ozone.scm.grpc.port with value of key ozone.scm.grpc.port.scm-service-test1.scmNode-1: 15524
2021-11-26 01:28:44,457 [Listener at 127.0.0.1/10524] INFO  ha.SCMHANodeDetails (ConfUtils.java:setNodeSpecificConfigs(108)) - Setting configuration key ozone.scm.http-address with value of key ozone.scm.http-address.scm-service-test1.scmNode-1: 127.0.0.1:15518
2021-11-26 01:28:44,457 [Listener at 127.0.0.1/10524] INFO  ha.SCMHANodeDetails (ConfUtils.java:setNodeSpecificConfigs(108)) - Setting configuration key ozone.scm.https-address with value of key ozone.scm.https-address.scm-service-test1.scmNode-1: 127.0.0.1:15519
2021-11-26 01:28:44,457 [Listener at 127.0.0.1/10524] INFO  ha.SCMHANodeDetails (ConfUtils.java:setNodeSpecificConfigs(108)) - Setting configuration key ozone.scm.address with value of key ozone.scm.address.scm-service-test1.scmNode-1: 127.0.0.1
2021-11-26 01:28:44,457 [Listener at 127.0.0.1/10524] WARN  scm.ScmUtils (ScmUtils.java:logWarn(179)) - ConfigKey ozone.scm.block.client.address is deprecated, For configuring different ports for each SCM use PortConfigKey ozone.scm.block.client.port appended with serviceId and nodeId. If want to configure same port configure ozone.scm.block.client.port
2021-11-26 01:28:44,457 [Listener at 127.0.0.1/10524] WARN  scm.ScmUtils (ScmUtils.java:logWarn(179)) - ConfigKey ozone.scm.client.address is deprecated, For configuring different ports for each SCM use PortConfigKey ozone.scm.client.port appended with serviceId and nodeId. If want to configure same port configure ozone.scm.client.port
2021-11-26 01:28:44,457 [Listener at 127.0.0.1/10524] WARN  scm.ScmUtils (ScmUtils.java:logWarn(179)) - ConfigKey ozone.scm.datanode.address is deprecated, For configuring different ports for each SCM use PortConfigKey ozone.scm.datanode.port appended with serviceId and nodeId. If want to configure same port configure ozone.scm.datanode.port
2021-11-26 01:28:44,458 [Listener at 127.0.0.1/10524] WARN  server.ServerUtils (ServerUtils.java:getScmDbDir(148)) - ozone.scm.db.dirs is not configured. We recommend adding this setting. Falling back to ozone.metadata.dirs instead.
2021-11-26 01:28:44,458 [Listener at 127.0.0.1/10524] INFO  upgrade.AbstractLayoutVersionManager (AbstractLayoutVersionManager.java:init(79)) - Initializing Layout version manager with metadata layout = SCM_HA (version = 2), software layout = SCM_HA (version = 2)
2021-11-26 01:28:44,551 [Listener at 127.0.0.1/10524] INFO  reflections.Reflections (Reflections.java:scan(232)) - Reflections took 92 ms to scan 7 urls, producing 119 keys and 279 values 
2021-11-26 01:28:44,565 [Listener at 127.0.0.1/10524] WARN  utils.HAUtils (HAUtils.java:getMetaDir(342)) - ozone.scm.db.dirs is not configured. We recommend adding this setting. Falling back to ozone.metadata.dirs instead.
2021-11-26 01:28:44,566 [Listener at 127.0.0.1/10524] WARN  db.DBStoreBuilder (DBStoreBuilder.java:applyDBDefinition(145)) - ozone.scm.db.dirs is not configured. We recommend adding this setting. Falling back to ozone.metadata.dirs instead.
2021-11-26 01:28:44,715 [Listener at 127.0.0.1/10524] INFO  net.NodeSchemaLoader (NodeSchemaLoader.java:loadSchemaFromFile(129)) - Loading schema from [jar:file:/home/runner/.m2/repository/org/apache/ozone/hdds-common/1.3.0-SNAPSHOT/hdds-common-1.3.0-SNAPSHOT.jar!/network-topology-default.xml]
2021-11-26 01:28:44,716 [Listener at 127.0.0.1/10524] INFO  net.NodeSchemaLoader (NodeSchemaLoader.java:loadSchema(176)) - Loading network topology layer schema file
2021-11-26 01:28:44,727 [Listener at 127.0.0.1/10524] INFO  ha.SCMRatisServerImpl (SCMRatisServerImpl.java:<init>(87)) - starting Raft server for scm:ec3f45f6-a064-4412-8226-4654181b7e55
2021-11-26 01:28:44,728 [Listener at 127.0.0.1/10524] INFO  server.RaftServer (ConfUtils.java:logGet(44)) - raft.rpc.type = GRPC (default)
2021-11-26 01:28:44,729 [Listener at 127.0.0.1/10524] INFO  grpc.GrpcFactory (GrpcFactory.java:checkPooledByteBufAllocatorUseCacheForAllThreads(48)) - PERFORMANCE WARNING: useCacheForAllThreads is true that may cause Netty to create a lot garbage objects and, as a result, trigger GC.
	It is recommended to disable useCacheForAllThreads by setting -Dorg.apache.ratis.thirdparty.io.netty.allocator.useCacheForAllThreads=false in command line.
2021-11-26 01:28:44,729 [Listener at 127.0.0.1/10524] INFO  grpc.GrpcConfigKeys (ConfUtils.java:logGet(44)) - raft.grpc.admin.port = -1 (default)
2021-11-26 01:28:44,729 [Listener at 127.0.0.1/10524] INFO  grpc.GrpcConfigKeys (ConfUtils.java:logGet(44)) - raft.grpc.server.port = 15520 (custom)
2021-11-26 01:28:44,729 [Listener at 127.0.0.1/10524] INFO  grpc.GrpcConfigKeys (ConfUtils.java:logGet(44)) - raft.grpc.client.port = -1 (default)
2021-11-26 01:28:44,730 [Listener at 127.0.0.1/10524] INFO  grpc.GrpcConfigKeys (ConfUtils.java:logGet(44)) - raft.grpc.server.port = 15520 (custom)
2021-11-26 01:28:44,730 [Listener at 127.0.0.1/10524] INFO  grpc.GrpcConfigKeys (ConfUtils.java:logGet(44)) - raft.grpc.server.port = 15520 (custom)
2021-11-26 01:28:44,730 [Listener at 127.0.0.1/10524] INFO  server.GrpcService (ConfUtils.java:logGet(44)) - raft.grpc.message.size.max = 32m (=33554432) (custom)
2021-11-26 01:28:44,730 [Listener at 127.0.0.1/10524] INFO  server.RaftServerConfigKeys (ConfUtils.java:logGet(44)) - raft.server.log.appender.buffer.byte-limit = 33554432 (custom)
2021-11-26 01:28:44,730 [Listener at 127.0.0.1/10524] INFO  server.GrpcService (ConfUtils.java:logGet(44)) - raft.grpc.flow.control.window = 1MB (=1048576) (default)
2021-11-26 01:28:44,731 [Listener at 127.0.0.1/10524] INFO  server.RaftServerConfigKeys (ConfUtils.java:logGet(44)) - raft.server.rpc.request.timeout = 30000ms (custom)
2021-11-26 01:28:44,732 [Listener at 127.0.0.1/10524] INFO  impl.DataStreamServerImpl (ConfUtils.java:logGet(44)) - raft.datastream.type = DISABLED (default)
2021-11-26 01:28:44,740 [Listener at 127.0.0.1/10524] INFO  server.RaftServerConfigKeys (ConfUtils.java:logGet(44)) - raft.server.rpc.slowness.timeout = 120000ms (custom)
2021-11-26 01:28:44,740 [Listener at 127.0.0.1/10524] INFO  server.RaftServerConfigKeys (ConfUtils.java:logGet(44)) - raft.server.leaderelection.leader.step-down.wait-time = 10s (default)
2021-11-26 01:28:44,741 [Listener at 127.0.0.1/10524] INFO  server.RaftServerConfigKeys (ConfUtils.java:logGet(44)) - raft.server.storage.dir = [/home/runner/work/ozone/ozone/hadoop-ozone/integration-test/target/test-dir/MiniOzoneClusterImpl-70e57338-dd19-42c4-b060-07a8ff5308af/scmNode-1/scm-ha] (custom)
2021-11-26 01:28:44,741 [Listener at 127.0.0.1/10524] INFO  server.RaftServer (RaftServerProxy.java:lambda$null$1(235)) - ec3f45f6-a064-4412-8226-4654181b7e55: found a subdirectory /home/runner/work/ozone/ozone/hadoop-ozone/integration-test/target/test-dir/MiniOzoneClusterImpl-70e57338-dd19-42c4-b060-07a8ff5308af/scmNode-1/scm-ha/70e57338-dd19-42c4-b060-07a8ff5308af
2021-11-26 01:28:44,741 [Listener at 127.0.0.1/10524] INFO  server.RaftServer (RaftServerProxy.java:addNew(95)) - ec3f45f6-a064-4412-8226-4654181b7e55: addNew group-07A8FF5308AF:[] returns group-07A8FF5308AF:java.util.concurrent.CompletableFuture@3848c63[Not completed]
2021-11-26 01:28:44,742 [pool-205-thread-1] INFO  server.RaftServer$Division (RaftServerImpl.java:<init>(184)) - ec3f45f6-a064-4412-8226-4654181b7e55: new RaftServerImpl for group-07A8FF5308AF:[] with SCMStateMachine:uninitialized
2021-11-26 01:28:44,742 [pool-205-thread-1] INFO  server.RaftServerConfigKeys (ConfUtils.java:logGet(44)) - raft.server.rpc.timeout.min = 5000ms (custom)
2021-11-26 01:28:44,742 [pool-205-thread-1] INFO  server.RaftServerConfigKeys (ConfUtils.java:logGet(44)) - raft.server.rpc.timeout.max = 5200ms (custom)
2021-11-26 01:28:44,742 [pool-205-thread-1] INFO  server.RaftServerConfigKeys (ConfUtils.java:logGet(44)) - raft.server.rpc.sleep.time = 25ms (default)
2021-11-26 01:28:44,742 [pool-205-thread-1] INFO  server.RaftServerConfigKeys (ConfUtils.java:logGet(44)) - raft.server.rpc.slowness.timeout = 120000ms (custom)
2021-11-26 01:28:44,742 [pool-205-thread-1] INFO  server.RaftServerConfigKeys (ConfUtils.java:logGet(44)) - raft.server.leaderelection.leader.step-down.wait-time = 10s (default)
2021-11-26 01:28:44,742 [pool-205-thread-1] INFO  server.RaftServerConfigKeys (ConfUtils.java:logGet(44)) - raft.server.sleep.deviation.threshold = 300ms (default)
2021-11-26 01:28:44,742 [pool-205-thread-1] INFO  server.RaftServerConfigKeys (ConfUtils.java:logGet(44)) - raft.server.log.appender.install.snapshot.enabled = false (custom)
2021-11-26 01:28:44,743 [pool-205-thread-1] INFO  server.RaftServer$Division (ServerState.java:<init>(105)) - ec3f45f6-a064-4412-8226-4654181b7e55@group-07A8FF5308AF: ConfigurationManager, init=-1: [], old=null, confs=<EMPTY_MAP>
2021-11-26 01:28:44,743 [pool-205-thread-1] INFO  server.RaftServerConfigKeys (ConfUtils.java:logGet(44)) - raft.server.storage.dir = [/home/runner/work/ozone/ozone/hadoop-ozone/integration-test/target/test-dir/MiniOzoneClusterImpl-70e57338-dd19-42c4-b060-07a8ff5308af/scmNode-1/scm-ha] (custom)
2021-11-26 01:28:44,743 [pool-205-thread-1] INFO  server.RaftServerConfigKeys (ConfUtils.java:logGet(44)) - raft.server.log.corruption.policy = EXCEPTION (default)
2021-11-26 01:28:44,743 [pool-205-thread-1] INFO  server.RaftServerConfigKeys (ConfUtils.java:logGet(44)) - raft.server.storage.free-space.min = 0MB (=0) (default)
2021-11-26 01:28:44,744 [pool-205-thread-1] INFO  storage.RaftStorageDirectory (RaftStorageDirectoryImpl.java:tryLock(230)) - Lock on /home/runner/work/ozone/ozone/hadoop-ozone/integration-test/target/test-dir/MiniOzoneClusterImpl-70e57338-dd19-42c4-b060-07a8ff5308af/scmNode-1/scm-ha/70e57338-dd19-42c4-b060-07a8ff5308af/in_use.lock acquired by nodename 1239@fv-az151-301
2021-11-26 01:28:44,745 [pool-205-thread-1] INFO  storage.RaftStorage (RaftStorageImpl.java:analyzeAndRecoverStorage(110)) - Read RaftStorageMetadata{term=1, votedFor=ec3f45f6-a064-4412-8226-4654181b7e55} from /home/runner/work/ozone/ozone/hadoop-ozone/integration-test/target/test-dir/MiniOzoneClusterImpl-70e57338-dd19-42c4-b060-07a8ff5308af/scmNode-1/scm-ha/70e57338-dd19-42c4-b060-07a8ff5308af/current/raft-meta
2021-11-26 01:28:44,745 [pool-205-thread-1] INFO  server.RaftServer$Division (ServerState.java:setRaftConf(387)) - ec3f45f6-a064-4412-8226-4654181b7e55@group-07A8FF5308AF: set configuration 0: [ec3f45f6-a064-4412-8226-4654181b7e55|rpc:localhost:15520|admin:|client:|dataStream:|priority:0], old=null
2021-11-26 01:28:44,745 [pool-205-thread-1] INFO  server.RaftServerConfigKeys (ConfUtils.java:logGet(44)) - raft.server.notification.no-leader.timeout = 60s (default)
2021-11-26 01:28:44,745 [pool-205-thread-1] INFO  server.RaftServerConfigKeys (ConfUtils.java:logGet(44)) - raft.server.log.use.memory = false (default)
2021-11-26 01:28:44,745 [pool-205-thread-1] INFO  server.RaftServerConfigKeys (ConfUtils.java:logGet(44)) - raft.server.log.purge.gap = 5 (custom)
2021-11-26 01:28:44,745 [pool-205-thread-1] INFO  server.RaftServerConfigKeys (ConfUtils.java:logGet(44)) - raft.server.log.appender.buffer.byte-limit = 33554432 (custom)
2021-11-26 01:28:44,746 [pool-205-thread-1] INFO  server.RaftServerConfigKeys (ConfUtils.java:logGet(44)) - raft.server.log.segment.size.max = 4194304 (custom)
2021-11-26 01:28:44,746 [pool-205-thread-1] INFO  server.RaftServerConfigKeys (ConfUtils.java:logGet(44)) - raft.server.log.segment.cache.num.max = 2 (custom)
2021-11-26 01:28:44,746 [pool-205-thread-1] INFO  server.RaftServerConfigKeys (ConfUtils.java:logGet(44)) - raft.server.log.segment.cache.size.max = 200MB (=209715200) (default)
2021-11-26 01:28:44,746 [pool-205-thread-1] INFO  segmented.SegmentedRaftLogWorker (SegmentedRaftLogWorker.java:<init>(182)) - new ec3f45f6-a064-4412-8226-4654181b7e55@group-07A8FF5308AF-SegmentedRaftLogWorker for RaftStorageImpl:Storage Directory /home/runner/work/ozone/ozone/hadoop-ozone/integration-test/target/test-dir/MiniOzoneClusterImpl-70e57338-dd19-42c4-b060-07a8ff5308af/scmNode-1/scm-ha/70e57338-dd19-42c4-b060-07a8ff5308af
2021-11-26 01:28:44,746 [pool-205-thread-1] INFO  server.RaftServerConfigKeys (ConfUtils.java:logGet(44)) - raft.server.log.queue.byte-limit = 64MB (=67108864) (default)
2021-11-26 01:28:44,746 [pool-205-thread-1] INFO  server.RaftServerConfigKeys (ConfUtils.java:logGet(44)) - raft.server.log.queue.element-limit = 4096 (default)
2021-11-26 01:28:44,746 [pool-205-thread-1] INFO  server.RaftServerConfigKeys (ConfUtils.java:logGet(44)) - raft.server.log.segment.size.max = 4194304 (custom)
2021-11-26 01:28:44,746 [pool-205-thread-1] INFO  server.RaftServerConfigKeys (ConfUtils.java:logGet(44)) - raft.server.log.preallocated.size = 4194304 (custom)
2021-11-26 01:28:44,747 [pool-205-thread-1] INFO  server.RaftServerConfigKeys (ConfUtils.java:logGet(44)) - raft.server.log.force.sync.num = 128 (default)
2021-11-26 01:28:44,747 [pool-205-thread-1] INFO  server.RaftServerConfigKeys (ConfUtils.java:logGet(44)) - raft.server.log.statemachine.data.sync = true (default)
2021-11-26 01:28:44,747 [pool-205-thread-1] INFO  server.RaftServerConfigKeys (ConfUtils.java:logGet(44)) - raft.server.log.statemachine.data.sync.timeout = 10s (default)
2021-11-26 01:28:44,747 [pool-205-thread-1] INFO  server.RaftServerConfigKeys (ConfUtils.java:logGet(44)) - raft.server.log.statemachine.data.sync.timeout.retry = -1 (default)
2021-11-26 01:28:44,747 [pool-205-thread-1] INFO  server.RaftServerConfigKeys (ConfUtils.java:logGet(44)) - raft.server.log.write.buffer.size = 64KB (=65536) (default)
2021-11-26 01:28:44,752 [pool-205-thread-1] INFO  server.RaftServerConfigKeys (ConfUtils.java:logGet(44)) - raft.server.log.statemachine.data.caching.enabled = false (default)
2021-11-26 01:28:44,753 [pool-205-thread-1] INFO  server.RaftServer$Division (ServerState.java:setRaftConf(387)) - ec3f45f6-a064-4412-8226-4654181b7e55@group-07A8FF5308AF: set configuration 0: [ec3f45f6-a064-4412-8226-4654181b7e55|rpc:localhost:15520|admin:|client:|dataStream:|priority:0], old=null
2021-11-26 01:28:44,753 [pool-205-thread-1] INFO  segmented.LogSegment (LogSegment.java:loadSegment(173)) - Successfully read 1 entries from segment file /home/runner/work/ozone/ozone/hadoop-ozone/integration-test/target/test-dir/MiniOzoneClusterImpl-70e57338-dd19-42c4-b060-07a8ff5308af/scmNode-1/scm-ha/70e57338-dd19-42c4-b060-07a8ff5308af/current/log_inprogress_0
2021-11-26 01:28:44,753 [pool-205-thread-1] INFO  segmented.SegmentedRaftLogWorker (SegmentedRaftLogWorker.java:lambda$new$0(133)) - ec3f45f6-a064-4412-8226-4654181b7e55@group-07A8FF5308AF-SegmentedRaftLogWorker: flushIndex: setUnconditionally 0 -> 0
2021-11-26 01:28:44,753 [pool-205-thread-1] INFO  segmented.SegmentedRaftLogWorker (SegmentedRaftLogWorker.java:lambda$new$0(133)) - ec3f45f6-a064-4412-8226-4654181b7e55@group-07A8FF5308AF-SegmentedRaftLogWorker: safeCacheEvictIndex: setUnconditionally 0 -> -1
2021-11-26 01:28:44,758 [pool-205-thread-1] INFO  server.RaftServerConfigKeys (ConfUtils.java:logGet(44)) - raft.server.snapshot.auto.trigger.enabled = true (custom)
2021-11-26 01:28:44,758 [pool-205-thread-1] INFO  server.RaftServerConfigKeys (ConfUtils.java:logGet(44)) - raft.server.snapshot.auto.trigger.threshold = 5 (custom)
2021-11-26 01:28:44,758 [pool-205-thread-1] INFO  server.RaftServerConfigKeys (ConfUtils.java:logGet(44)) - raft.server.snapshot.retention.file.num = -1 (default)
2021-11-26 01:28:44,758 [pool-205-thread-1] INFO  server.RaftServerConfigKeys (ConfUtils.java:logGet(44)) - raft.server.log.purge.upto.snapshot.index = true (custom)
2021-11-26 01:28:44,758 [pool-205-thread-1] INFO  server.RaftServerConfigKeys (ConfUtils.java:logGet(44)) - raft.server.retrycache.expirytime = 60000ms (default)
2021-11-26 01:28:44,758 [pool-205-thread-1] INFO  server.RaftServerConfigKeys (ConfUtils.java:logGet(44)) - raft.server.retrycache.statistics.expirytime = 100μs (default)
2021-11-26 01:28:44,759 [Listener at 127.0.0.1/10524] INFO  ha.SCMSnapshotProvider (SCMSnapshotProvider.java:<init>(66)) - Initializing SCM Snapshot Provider
2021-11-26 01:28:44,760 [Listener at 127.0.0.1/10524] WARN  server.ServerUtils (ServerUtils.java:getDefaultRatisDirectory(237)) - Storage directory for Ratis is not configured. It is a good idea to map this to an SSD disk. Falling back to ozone.metadata.dirs
2021-11-26 01:28:44,760 [Listener at 127.0.0.1/10524] WARN  ha.SCMHAUtils (SCMHAUtils.java:getSCMRatisSnapshotDirectory(146)) - SCM snapshot dir is not configured. Falling back to ozone.metadata.dirs config
2021-11-26 01:28:44,761 [Listener at 127.0.0.1/10524] INFO  ha.SequenceIdGenerator (SequenceIdGenerator.java:upgradeToSequenceId(347)) - upgrade localId to 107544261427200000
2021-11-26 01:28:44,762 [Listener at 127.0.0.1/10524] INFO  ha.SequenceIdGenerator (SequenceIdGenerator.java:upgradeToSequenceId(357)) - upgrade delTxnId to 0
2021-11-26 01:28:44,762 [Listener at 127.0.0.1/10524] INFO  ha.SequenceIdGenerator (SequenceIdGenerator.java:upgradeToSequenceId(371)) - upgrade containerId to 0
2021-11-26 01:28:44,762 [Listener at 127.0.0.1/10524] INFO  ha.SequenceIdGenerator (SequenceIdGenerator.java:<init>(218)) - Init the HA SequenceIdGenerator.
2021-11-26 01:28:44,776 [Listener at 127.0.0.1/10524] INFO  node.SCMNodeManager (SCMNodeManager.java:<init>(144)) - Entering startup safe mode.
2021-11-26 01:28:44,777 [Listener at 127.0.0.1/10524] INFO  algorithms.ContainerPlacementPolicyFactory (ContainerPlacementPolicyFactory.java:getPolicy(60)) - Create container placement policy of type org.apache.hadoop.hdds.scm.container.placement.algorithms.SCMContainerPlacementRandom
2021-11-26 01:28:44,777 [Listener at 127.0.0.1/10524] INFO  pipeline.PipelineStateManagerImpl (PipelineStateManagerImpl.java:initialize(78)) - No pipeline exists in current db
2021-11-26 01:28:44,777 [Listener at 127.0.0.1/10524] INFO  algorithms.LeaderChoosePolicyFactory (LeaderChoosePolicyFactory.java:getPolicy(57)) - Create leader choose policy of type org.apache.hadoop.hdds.scm.pipeline.leader.choose.algorithms.MinLeaderCountChoosePolicy
2021-11-26 01:28:44,778 [Listener at 127.0.0.1/10524] INFO  ha.SCMServiceManager (SCMServiceManager.java:register(43)) - Registering service BackgroundPipelineCreator.
2021-11-26 01:28:44,778 [Listener at 127.0.0.1/10524] INFO  pipeline.BackgroundPipelineCreator (BackgroundPipelineCreator.java:start(130)) - Starting RatisPipelineUtilsThread.
2021-11-26 01:28:44,787 [Listener at 127.0.0.1/10524] INFO  algorithms.PipelineChoosePolicyFactory (PipelineChoosePolicyFactory.java:createPipelineChoosePolicyFromClass(73)) - Create pipeline choose policy of type org.apache.hadoop.hdds.scm.pipeline.choose.algorithms.RandomPipelineChoosePolicy
2021-11-26 01:28:44,787 [Listener at 127.0.0.1/10524] INFO  ha.SCMServiceManager (SCMServiceManager.java:register(43)) - Registering service SCMBlockDeletingService.
2021-11-26 01:28:44,788 [Listener at 127.0.0.1/10524] INFO  ha.SCMServiceManager (SCMServiceManager.java:register(43)) - Registering service ReplicationManager.
2021-11-26 01:28:44,788 [Listener at 127.0.0.1/10524] INFO  container.ReplicationManager (ReplicationManager.java:start(319)) - Starting Replication Monitor Thread.
2021-11-26 01:28:44,796 [Listener at 127.0.0.1/10524] INFO  safemode.ContainerSafeModeRule (ContainerSafeModeRule.java:<init>(89)) - containers with one replica threshold count 0
2021-11-26 01:28:44,797 [Listener at 127.0.0.1/10524] INFO  safemode.HealthyPipelineSafeModeRule (HealthyPipelineSafeModeRule.java:initializeRule(156)) - Total pipeline count is 0, healthy pipeline threshold count is 1
2021-11-26 01:28:44,797 [Listener at 127.0.0.1/10524] INFO  safemode.OneReplicaPipelineSafeModeRule (OneReplicaPipelineSafeModeRule.java:initializeRule(180)) - Total pipeline count is 0, pipeline's with at least one datanode reported threshold count is 0
2021-11-26 01:28:44,805 [ReplicationMonitor] INFO  container.ReplicationManager (ReplicationManager.java:processAll(371)) - Replication Monitor Thread took 0 milliseconds for processing 0 containers.
2021-11-26 01:28:44,808 [Listener at 127.0.0.1/10524] INFO  ipc.CallQueueManager (CallQueueManager.java:<init>(90)) - Using callQueue: class java.util.concurrent.LinkedBlockingQueue, queueCapacity: 10000, scheduler: class org.apache.hadoop.ipc.DefaultRpcScheduler, ipcBackoff: false.
2021-11-26 01:28:44,813 [Socket Reader #1 for port 15521] INFO  ipc.Server (Server.java:run(1265)) - Starting Socket Reader #1 for port 15521
2021-11-26 01:28:44,814 [Listener at 0.0.0.0/15521] INFO  ipc.CallQueueManager (CallQueueManager.java:<init>(90)) - Using callQueue: class java.util.concurrent.LinkedBlockingQueue, queueCapacity: 10000, scheduler: class org.apache.hadoop.ipc.DefaultRpcScheduler, ipcBackoff: false.
2021-11-26 01:28:44,814 [Socket Reader #1 for port 15522] INFO  ipc.Server (Server.java:run(1265)) - Starting Socket Reader #1 for port 15522
2021-11-26 01:28:44,817 [Listener at 0.0.0.0/15522] INFO  ipc.CallQueueManager (CallQueueManager.java:<init>(90)) - Using callQueue: class java.util.concurrent.LinkedBlockingQueue, queueCapacity: 10000, scheduler: class org.apache.hadoop.ipc.DefaultRpcScheduler, ipcBackoff: false.
2021-11-26 01:28:44,828 [Socket Reader #1 for port 15523] INFO  ipc.Server (Server.java:run(1265)) - Starting Socket Reader #1 for port 15523
2021-11-26 01:28:44,891 [Listener at 0.0.0.0/15523] INFO  algorithms.ContainerPlacementPolicyFactory (ContainerPlacementPolicyFactory.java:getPolicy(60)) - Create container placement policy of type org.apache.hadoop.hdds.scm.container.placement.algorithms.SCMContainerPlacementRandom
2021-11-26 01:28:44,892 [Listener at 0.0.0.0/15523] INFO  server.StorageContainerManager (StorageContainerManager.java:<init>(388)) - 
Container Balancer status:
Key                            Value
Running                        false
Container Balancer Configuration values:
Key                                                Value
Threshold                                          0.1
Max Datanodes to Involve per Iteration(ratio)      0.2
Max Size to Move per Iteration                     30GB
Max Size Entering Target per Iteration             1GB
Max Size Leaving Source per Iteration              1GB

2021-11-26 01:28:44,892 [Listener at 0.0.0.0/15523] WARN  events.EventQueue (EventQueue.java:fireEvent(194)) - No event handler registered for event TypedEvent{payloadType=SafeModeStatus, name='Safe mode status'}
2021-11-26 01:28:44,892 [Listener at 0.0.0.0/15523] INFO  ha.SCMContext (SCMContext.java:updateSafeModeStatus(205)) - Update SafeModeStatus from SafeModeStatus{safeModeStatus=true, preCheckPassed=false} to SafeModeStatus{safeModeStatus=true, preCheckPassed=false}.
2021-11-26 01:28:44,892 [Listener at 0.0.0.0/15523] INFO  server.StorageContainerManager (StorageContainerManager.java:start(1303)) - StorageContainerLocationProtocol RPC server is listening at /0.0.0.0:15523
2021-11-26 01:28:44,893 [Listener at 0.0.0.0/15523] INFO  ha.SCMRatisServerImpl (SCMRatisServerImpl.java:start(177)) - starting ratis server 0.0.0.0:15520
2021-11-26 01:28:44,893 [Listener at 0.0.0.0/15523] INFO  server.RaftServer$Division (RaftServerImpl.java:start(301)) - ec3f45f6-a064-4412-8226-4654181b7e55@group-07A8FF5308AF: start as a follower, conf=0: [ec3f45f6-a064-4412-8226-4654181b7e55|rpc:localhost:15520|admin:|client:|dataStream:|priority:0], old=null
2021-11-26 01:28:44,893 [Listener at 0.0.0.0/15523] INFO  server.RaftServer$Division (RaftServerImpl.java:setRole(290)) - ec3f45f6-a064-4412-8226-4654181b7e55@group-07A8FF5308AF: changes role from      null to FOLLOWER at term 1 for startAsFollower
2021-11-26 01:28:44,893 [Listener at 0.0.0.0/15523] INFO  impl.RoleInfo (RoleInfo.java:updateAndGet(130)) - ec3f45f6-a064-4412-8226-4654181b7e55: start ec3f45f6-a064-4412-8226-4654181b7e55@group-07A8FF5308AF-FollowerState
2021-11-26 01:28:44,894 [Listener at 0.0.0.0/15523] INFO  util.JmxRegister (JmxRegister.java:tryRegister(44)) - Successfully registered JMX Bean with object name Ratis:service=RaftServer,group=group-07A8FF5308AF,id=ec3f45f6-a064-4412-8226-4654181b7e55
2021-11-26 01:28:44,895 [Listener at 0.0.0.0/15523] INFO  server.RaftServer (RaftServerProxy.java:lambda$start$5(374)) - ec3f45f6-a064-4412-8226-4654181b7e55: start RPC server
2021-11-26 01:28:44,895 [Listener at 0.0.0.0/15523] INFO  server.GrpcService (GrpcService.java:startImpl(253)) - ec3f45f6-a064-4412-8226-4654181b7e55: GrpcService started, listening on 15520
2021-11-26 01:28:44,896 [Listener at 0.0.0.0/15523] INFO  ha.SCMHAManagerImpl (SCMHAManagerImpl.java:start(120)) -  scm role is FOLLOWER peers [ec3f45f6-a064-4412-8226-4654181b7e55|rpc:localhost:15520|admin:|client:|dataStream:|priority:0]
2021-11-26 01:28:44,896 [Listener at 0.0.0.0/15523] INFO  ha.InterSCMGrpcService (InterSCMGrpcProtocolService.java:start(94)) - Starting SCM Grpc Service at port 15524
2021-11-26 01:28:44,898 [Listener at 0.0.0.0/15523] WARN  impl.MetricsConfig (MetricsConfig.java:loadFirst(136)) - Cannot locate configuration: tried hadoop-metrics2-storagecontainermanager.properties,hadoop-metrics2.properties
2021-11-26 01:28:44,899 [org.apache.ratis.util.JvmPauseMonitor$$Lambda$499/73608444@44b4b54] INFO  util.JvmPauseMonitor (JvmPauseMonitor.java:run(103)) - JvmPauseMonitor-ec3f45f6-a064-4412-8226-4654181b7e55: Started
2021-11-26 01:28:44,899 [Listener at 0.0.0.0/15523] INFO  impl.MetricsSystemImpl (MetricsSystemImpl.java:startTimer(378)) - Scheduled Metric snapshot period at 10 second(s).
2021-11-26 01:28:44,899 [Listener at 0.0.0.0/15523] INFO  impl.MetricsSystemImpl (MetricsSystemImpl.java:start(191)) - StorageContainerManager metrics system started
2021-11-26 01:28:44,936 [Listener at 0.0.0.0/15523] INFO  impl.MetricsSinkAdapter (MetricsSinkAdapter.java:start(204)) - Sink prometheus started
2021-11-26 01:28:44,937 [Listener at 0.0.0.0/15523] INFO  impl.MetricsSystemImpl (MetricsSystemImpl.java:registerSink(305)) - Registered sink prometheus
2021-11-26 01:28:44,980 [Listener at 0.0.0.0/15523] INFO  server.SCMClientProtocolServer (SCMClientProtocolServer.java:start(164)) - RPC server for Client  is listening at /0.0.0.0:15523
2021-11-26 01:28:44,996 [IPC Server Responder] INFO  ipc.Server (Server.java:run(1507)) - IPC Server Responder: starting
2021-11-26 01:28:45,014 [IPC Server listener on 15523] INFO  ipc.Server (Server.java:run(1344)) - IPC Server listener on 15523: starting
2021-11-26 01:28:45,045 [Listener at 0.0.0.0/15523] INFO  server.StorageContainerManager (StorageContainerManager.java:start(1318)) - ScmBlockLocationProtocol RPC server is listening at /0.0.0.0:15522
2021-11-26 01:28:45,045 [Listener at 0.0.0.0/15523] INFO  server.SCMBlockProtocolServer (SCMBlockProtocolServer.java:start(151)) - RPC server for Block Protocol is listening at /0.0.0.0:15522
2021-11-26 01:28:45,046 [IPC Server Responder] INFO  ipc.Server (Server.java:run(1507)) - IPC Server Responder: starting
2021-11-26 01:28:45,046 [IPC Server listener on 15522] INFO  ipc.Server (Server.java:run(1344)) - IPC Server listener on 15522: starting
2021-11-26 01:28:45,054 [Listener at 0.0.0.0/15523] INFO  server.StorageContainerManager (StorageContainerManager.java:start(1324)) - ScmDatanodeProtocl RPC server is listening at /0.0.0.0:15521
2021-11-26 01:28:45,058 [Listener at 0.0.0.0/15523] INFO  http.BaseHttpServer (BaseHttpServer.java:newHttpServer2BuilderForOzone(209)) - Starting Web-server for scm at: http://0.0.0.0:15518
2021-11-26 01:28:45,058 [Listener at 0.0.0.0/15523] INFO  http.BaseHttpServer (BaseHttpServer.java:<init>(107)) - Hadoop Security Enabled: false Ozone Security Enabled: false Ozone HTTP Security Enabled: false 
2021-11-26 01:28:45,060 [Listener at 0.0.0.0/15523] INFO  server.AuthenticationFilter (AuthenticationFilter.java:constructSecretProvider(240)) - Unable to initialize FileSignerSecretProvider, falling back to use random secrets.
2021-11-26 01:28:45,068 [Listener at 0.0.0.0/15523] WARN  http.HttpRequestLog (HttpRequestLog.java:getRequestLog(103)) - Jetty request log can only be enabled using Log4j
2021-11-26 01:28:45,069 [Listener at 0.0.0.0/15523] INFO  http.HttpServer2 (HttpServer2.java:addGlobalFilter(1030)) - Added global filter 'safety' (class=org.apache.hadoop.hdds.server.http.HttpServer2$QuotingInputFilter)
2021-11-26 01:28:45,070 [Listener at 0.0.0.0/15523] INFO  http.HttpServer2 (HttpServer2.java:addFilter(1006)) - Added filter static_user_filter (class=org.apache.hadoop.http.lib.StaticUserWebFilter$StaticUserFilter) to context scm
2021-11-26 01:28:45,071 [Listener at 0.0.0.0/15523] INFO  http.HttpServer2 (HttpServer2.java:addFilter(1014)) - Added filter static_user_filter (class=org.apache.hadoop.http.lib.StaticUserWebFilter$StaticUserFilter) to context logs
2021-11-26 01:28:45,071 [Listener at 0.0.0.0/15523] INFO  http.HttpServer2 (HttpServer2.java:addFilter(1014)) - Added filter static_user_filter (class=org.apache.hadoop.http.lib.StaticUserWebFilter$StaticUserFilter) to context static
2021-11-26 01:28:45,071 [Listener at 0.0.0.0/15523] INFO  http.HttpServer2 (HttpServer2.java:bindListener(1249)) - Jetty bound to port 15518
2021-11-26 01:28:45,071 [Listener at 0.0.0.0/15523] INFO  server.Server (Server.java:doStart(375)) - jetty-9.4.43.v20210629; built: 2021-06-30T11:07:22.254Z; git: 526006ecfa3af7f1a27ef3a288e2bef7ea9dd7e8; jvm 1.8.0_292-b10
2021-11-26 01:28:45,068 [org.apache.hadoop.util.JvmPauseMonitor$Monitor@5914bf5f] INFO  util.JvmPauseMonitor (JvmPauseMonitor.java:run(188)) - Starting JVM pause monitor
2021-11-26 01:28:45,108 [Listener at 0.0.0.0/15523] INFO  server.session (DefaultSessionIdManager.java:doStart(334)) - DefaultSessionIdManager workerName=node0
2021-11-26 01:28:45,109 [Listener at 0.0.0.0/15523] INFO  server.session (DefaultSessionIdManager.java:doStart(339)) - No SessionScavenger set, using defaults
2021-11-26 01:28:45,109 [Listener at 0.0.0.0/15523] INFO  server.session (HouseKeeper.java:startScavenging(132)) - node0 Scavenging every 600000ms
2021-11-26 01:28:45,116 [Listener at 0.0.0.0/15523] INFO  handler.ContextHandler (ContextHandler.java:doStart(915)) - Started o.e.j.s.ServletContextHandler@54a989ec{logs,/logs,file:///home/runner/work/ozone/ozone/hadoop-ozone/integration-test/target/log,AVAILABLE}
2021-11-26 01:28:45,117 [Listener at 0.0.0.0/15523] INFO  handler.ContextHandler (ContextHandler.java:doStart(915)) - Started o.e.j.s.ServletContextHandler@4544bccb{static,/static,file:///home/runner/work/ozone/ozone/hadoop-ozone/integration-test/target/test-classes/webapps/static,AVAILABLE}
2021-11-26 01:28:45,125 [Listener at 0.0.0.0/15523] INFO  handler.ContextHandler (ContextHandler.java:doStart(915)) - Started o.e.j.w.WebAppContext@1ef39b1a{scm,/,file:///home/runner/work/ozone/ozone/hadoop-ozone/integration-test/target/test-classes/webapps/scm/,AVAILABLE}{file:/home/runner/work/ozone/ozone/hadoop-ozone/integration-test/target/test-classes/webapps/scm}
2021-11-26 01:28:45,127 [Listener at 0.0.0.0/15523] INFO  server.AbstractConnector (AbstractConnector.java:doStart(331)) - Started ServerConnector@7d776202{HTTP/1.1, (http/1.1)}{0.0.0.0:15518}
2021-11-26 01:28:45,127 [Listener at 0.0.0.0/15523] INFO  server.Server (Server.java:doStart(415)) - Started @81358ms
2021-11-26 01:28:45,128 [Listener at 0.0.0.0/15523] WARN  impl.MetricsSystemImpl (MetricsSystemImpl.java:register(279)) - Sink prometheus already exists!
2021-11-26 01:28:45,128 [Listener at 0.0.0.0/15523] INFO  http.BaseHttpServer (BaseHttpServer.java:updateConnectorAddress(329)) - HTTP server of scm listening at http://0.0.0.0:15518
2021-11-26 01:28:45,129 [Listener at 0.0.0.0/15523] INFO  ozone.MiniOzoneHAClusterImpl (MiniOzoneHAClusterImpl.java:createSCMService(577)) - Started SCM RPC server at org.apache.hadoop.hdds.scm.server.SCMClientProtocolServer@f3dfca7
2021-11-26 01:28:45,129 [Listener at 0.0.0.0/15523] INFO  ha.SCMHANodeDetails (SCMHANodeDetails.java:loadSCMHAConfig(157)) - ServiceID for StorageContainerManager is scm-service-test1
2021-11-26 01:28:45,129 [Listener at 0.0.0.0/15523] INFO  ha.SCMHANodeDetails (SCMHANodeDetails.java:loadSCMHAConfig(168)) - ServiceID for StorageContainerManager is scm-service-test1
2021-11-26 01:28:45,130 [Listener at 0.0.0.0/15523] WARN  scm.ScmUtils (ScmUtils.java:logWarn(179)) - ConfigKey ozone.scm.block.client.address is deprecated, For configuring different ports for each SCM use PortConfigKey ozone.scm.block.client.port appended with serviceId and nodeId. If want to configure same port configure ozone.scm.block.client.port
2021-11-26 01:28:45,130 [Listener at 0.0.0.0/15523] WARN  scm.ScmUtils (ScmUtils.java:logWarn(179)) - ConfigKey ozone.scm.client.address is deprecated, For configuring different ports for each SCM use PortConfigKey ozone.scm.client.port appended with serviceId and nodeId. If want to configure same port configure ozone.scm.client.port
2021-11-26 01:28:45,130 [Listener at 0.0.0.0/15523] WARN  scm.ScmUtils (ScmUtils.java:logWarn(179)) - ConfigKey ozone.scm.datanode.address is deprecated, For configuring different ports for each SCM use PortConfigKey ozone.scm.datanode.port appended with serviceId and nodeId. If want to configure same port configure ozone.scm.datanode.port
2021-11-26 01:28:45,130 [Listener at 0.0.0.0/15523] WARN  scm.ScmUtils (ScmUtils.java:logWarn(179)) - ConfigKey ozone.scm.block.client.address is deprecated, For configuring different ports for each SCM use PortConfigKey ozone.scm.block.client.port appended with serviceId and nodeId. If want to configure same port configure ozone.scm.block.client.port
2021-11-26 01:28:45,130 [Listener at 0.0.0.0/15523] WARN  scm.ScmUtils (ScmUtils.java:logWarn(179)) - ConfigKey ozone.scm.client.address is deprecated, For configuring different ports for each SCM use PortConfigKey ozone.scm.client.port appended with serviceId and nodeId. If want to configure same port configure ozone.scm.client.port
2021-11-26 01:28:45,131 [Listener at 0.0.0.0/15523] WARN  scm.ScmUtils (ScmUtils.java:logWarn(179)) - ConfigKey ozone.scm.datanode.address is deprecated, For configuring different ports for each SCM use PortConfigKey ozone.scm.datanode.port appended with serviceId and nodeId. If want to configure same port configure ozone.scm.datanode.port
2021-11-26 01:28:45,131 [Listener at 0.0.0.0/15523] INFO  ha.SCMHANodeDetails (SCMHANodeDetails.java:loadSCMHAConfig(250)) - Found matching SCM address with SCMServiceId: scm-service-test1, SCMNodeId: scmNode-2, RPC Address: localhost:15530 and Ratis port: 15530
2021-11-26 01:28:45,131 [Listener at 0.0.0.0/15523] INFO  ha.SCMHANodeDetails (ConfUtils.java:setNodeSpecificConfigs(108)) - Setting configuration key ozone.scm.datanode.address with value of key ozone.scm.datanode.address.scm-service-test1.scmNode-2: 127.0.0.1:15531
2021-11-26 01:28:45,131 [Listener at 0.0.0.0/15523] INFO  ha.SCMHANodeDetails (ConfUtils.java:setNodeSpecificConfigs(108)) - Setting configuration key ozone.scm.block.client.address with value of key ozone.scm.block.client.address.scm-service-test1.scmNode-2: 127.0.0.1:15532
2021-11-26 01:28:45,131 [Listener at 0.0.0.0/15523] INFO  ha.SCMHANodeDetails (ConfUtils.java:setNodeSpecificConfigs(108)) - Setting configuration key ozone.scm.client.address with value of key ozone.scm.client.address.scm-service-test1.scmNode-2: 127.0.0.1:15533
2021-11-26 01:28:45,131 [Listener at 0.0.0.0/15523] INFO  ha.SCMHANodeDetails (ConfUtils.java:setNodeSpecificConfigs(108)) - Setting configuration key ozone.scm.ratis.port with value of key ozone.scm.ratis.port.scm-service-test1.scmNode-2: 15530
2021-11-26 01:28:45,131 [Listener at 0.0.0.0/15523] INFO  ha.SCMHANodeDetails (ConfUtils.java:setNodeSpecificConfigs(108)) - Setting configuration key ozone.scm.grpc.port with value of key ozone.scm.grpc.port.scm-service-test1.scmNode-2: 15534
2021-11-26 01:28:45,131 [Listener at 0.0.0.0/15523] INFO  ha.SCMHANodeDetails (ConfUtils.java:setNodeSpecificConfigs(108)) - Setting configuration key ozone.scm.http-address with value of key ozone.scm.http-address.scm-service-test1.scmNode-2: 127.0.0.1:15528
2021-11-26 01:28:45,131 [Listener at 0.0.0.0/15523] INFO  ha.SCMHANodeDetails (ConfUtils.java:setNodeSpecificConfigs(108)) - Setting configuration key ozone.scm.https-address with value of key ozone.scm.https-address.scm-service-test1.scmNode-2: 127.0.0.1:15529
2021-11-26 01:28:45,132 [Listener at 0.0.0.0/15523] INFO  ha.SCMHANodeDetails (ConfUtils.java:setNodeSpecificConfigs(108)) - Setting configuration key ozone.scm.address with value of key ozone.scm.address.scm-service-test1.scmNode-2: 127.0.0.1
2021-11-26 01:28:45,132 [Listener at 0.0.0.0/15523] WARN  scm.ScmUtils (ScmUtils.java:logWarn(179)) - ConfigKey ozone.scm.block.client.address is deprecated, For configuring different ports for each SCM use PortConfigKey ozone.scm.block.client.port appended with serviceId and nodeId. If want to configure same port configure ozone.scm.block.client.port
2021-11-26 01:28:45,132 [Listener at 0.0.0.0/15523] WARN  scm.ScmUtils (ScmUtils.java:logWarn(179)) - ConfigKey ozone.scm.client.address is deprecated, For configuring different ports for each SCM use PortConfigKey ozone.scm.client.port appended with serviceId and nodeId. If want to configure same port configure ozone.scm.client.port
2021-11-26 01:28:45,140 [Listener at 0.0.0.0/15523] WARN  scm.ScmUtils (ScmUtils.java:logWarn(179)) - ConfigKey ozone.scm.datanode.address is deprecated, For configuring different ports for each SCM use PortConfigKey ozone.scm.datanode.port appended with serviceId and nodeId. If want to configure same port configure ozone.scm.datanode.port
2021-11-26 01:28:45,140 [Listener at 0.0.0.0/15523] WARN  server.ServerUtils (ServerUtils.java:getScmDbDir(148)) - ozone.scm.db.dirs is not configured. We recommend adding this setting. Falling back to ozone.metadata.dirs instead.
2021-11-26 01:28:45,142 [Listener at 0.0.0.0/15523] INFO  ha.SCMNodeInfo (SCMNodeInfo.java:getPort(197)) - ConfigKey ozone.scm.client.address is deprecated, For configuring different ports for each SCM use PortConfigKey ozone.scm.client.port appended with serviceId and nodeId
2021-11-26 01:28:45,148 [Listener at 0.0.0.0/15523] INFO  ha.SCMNodeInfo (SCMNodeInfo.java:getPort(197)) - ConfigKey ozone.scm.block.client.address is deprecated, For configuring different ports for each SCM use PortConfigKey ozone.scm.block.client.port appended with serviceId and nodeId
2021-11-26 01:28:45,148 [Listener at 0.0.0.0/15523] INFO  ha.SCMNodeInfo (SCMNodeInfo.java:getPort(197)) - ConfigKey ozone.scm.datanode.address is deprecated, For configuring different ports for each SCM use PortConfigKey ozone.scm.datanode.port appended with serviceId and nodeId
2021-11-26 01:28:45,148 [Listener at 0.0.0.0/15523] INFO  ha.SCMNodeInfo (SCMNodeInfo.java:getPort(197)) - ConfigKey ozone.scm.client.address is deprecated, For configuring different ports for each SCM use PortConfigKey ozone.scm.client.port appended with serviceId and nodeId
2021-11-26 01:28:45,148 [Listener at 0.0.0.0/15523] INFO  ha.SCMNodeInfo (SCMNodeInfo.java:getPort(197)) - ConfigKey ozone.scm.block.client.address is deprecated, For configuring different ports for each SCM use PortConfigKey ozone.scm.block.client.port appended with serviceId and nodeId
2021-11-26 01:28:45,149 [Listener at 0.0.0.0/15523] INFO  ha.SCMNodeInfo (SCMNodeInfo.java:getPort(197)) - ConfigKey ozone.scm.datanode.address is deprecated, For configuring different ports for each SCM use PortConfigKey ozone.scm.datanode.port appended with serviceId and nodeId
2021-11-26 01:28:45,149 [Listener at 0.0.0.0/15523] INFO  ha.SCMNodeInfo (SCMNodeInfo.java:getPort(197)) - ConfigKey ozone.scm.client.address is deprecated, For configuring different ports for each SCM use PortConfigKey ozone.scm.client.port appended with serviceId and nodeId
2021-11-26 01:28:45,149 [Listener at 0.0.0.0/15523] INFO  ha.SCMNodeInfo (SCMNodeInfo.java:getPort(197)) - ConfigKey ozone.scm.block.client.address is deprecated, For configuring different ports for each SCM use PortConfigKey ozone.scm.block.client.port appended with serviceId and nodeId
2021-11-26 01:28:45,149 [Listener at 0.0.0.0/15523] INFO  ha.SCMNodeInfo (SCMNodeInfo.java:getPort(197)) - ConfigKey ozone.scm.datanode.address is deprecated, For configuring different ports for each SCM use PortConfigKey ozone.scm.datanode.port appended with serviceId and nodeId
2021-11-26 01:28:45,184 [EndpointStateMachine task thread for /127.0.0.1:12845 - 0 ] INFO  ipc.Client (Client.java:handleConnectionFailure(977)) - Retrying connect to server: localhost/127.0.0.1:12845. Already tried 6 time(s); retry policy is RetryUpToMaximumCountWithFixedSleep(maxRetries=15, sleepTime=1000 MILLISECONDS)
2021-11-26 01:28:45,184 [EndpointStateMachine task thread for /127.0.0.1:12825 - 0 ] INFO  ipc.Client (Client.java:handleConnectionFailure(977)) - Retrying connect to server: localhost/127.0.0.1:12825. Already tried 9 time(s); retry policy is RetryUpToMaximumCountWithFixedSleep(maxRetries=15, sleepTime=1000 MILLISECONDS)
2021-11-26 01:28:45,185 [EndpointStateMachine task thread for /127.0.0.1:12835 - 0 ] INFO  ipc.Client (Client.java:handleConnectionFailure(977)) - Retrying connect to server: localhost/127.0.0.1:12835. Already tried 6 time(s); retry policy is RetryUpToMaximumCountWithFixedSleep(maxRetries=15, sleepTime=1000 MILLISECONDS)
2021-11-26 01:28:46,185 [EndpointStateMachine task thread for /127.0.0.1:12845 - 0 ] INFO  ipc.Client (Client.java:handleConnectionFailure(977)) - Retrying connect to server: localhost/127.0.0.1:12845. Already tried 7 time(s); retry policy is RetryUpToMaximumCountWithFixedSleep(maxRetries=15, sleepTime=1000 MILLISECONDS)
2021-11-26 01:28:46,185 [EndpointStateMachine task thread for /127.0.0.1:12825 - 0 ] INFO  ipc.Client (Client.java:handleConnectionFailure(977)) - Retrying connect to server: localhost/127.0.0.1:12825. Already tried 10 time(s); retry policy is RetryUpToMaximumCountWithFixedSleep(maxRetries=15, sleepTime=1000 MILLISECONDS)
2021-11-26 01:28:46,185 [EndpointStateMachine task thread for /127.0.0.1:12835 - 0 ] INFO  ipc.Client (Client.java:handleConnectionFailure(977)) - Retrying connect to server: localhost/127.0.0.1:12835. Already tried 7 time(s); retry policy is RetryUpToMaximumCountWithFixedSleep(maxRetries=15, sleepTime=1000 MILLISECONDS)
2021-11-26 01:28:47,180 [Listener at 0.0.0.0/15523] INFO  retry.RetryInvocationHandler (RetryInvocationHandler.java:log(411)) - com.google.protobuf.ServiceException: java.net.ConnectException: Call From fv-az151-301/10.1.0.65 to localhost:15532 failed on connection exception: java.net.ConnectException: Connection refused; For more details see:  http://wiki.apache.org/hadoop/ConnectionRefused, while invoking $Proxy39.send over nodeId=scmNode-2,nodeAddress=/127.0.0.1:15532 after 1 failover attempts. Trying to failover after sleeping for 2000ms.
2021-11-26 01:28:47,185 [EndpointStateMachine task thread for /127.0.0.1:12845 - 0 ] INFO  ipc.Client (Client.java:handleConnectionFailure(977)) - Retrying connect to server: localhost/127.0.0.1:12845. Already tried 8 time(s); retry policy is RetryUpToMaximumCountWithFixedSleep(maxRetries=15, sleepTime=1000 MILLISECONDS)
2021-11-26 01:28:47,186 [EndpointStateMachine task thread for /127.0.0.1:12835 - 0 ] INFO  ipc.Client (Client.java:handleConnectionFailure(977)) - Retrying connect to server: localhost/127.0.0.1:12835. Already tried 8 time(s); retry policy is RetryUpToMaximumCountWithFixedSleep(maxRetries=15, sleepTime=1000 MILLISECONDS)
2021-11-26 01:28:47,186 [EndpointStateMachine task thread for /127.0.0.1:12825 - 0 ] INFO  ipc.Client (Client.java:handleConnectionFailure(977)) - Retrying connect to server: localhost/127.0.0.1:12825. Already tried 11 time(s); retry policy is RetryUpToMaximumCountWithFixedSleep(maxRetries=15, sleepTime=1000 MILLISECONDS)
2021-11-26 01:28:48,186 [EndpointStateMachine task thread for /127.0.0.1:12845 - 0 ] INFO  ipc.Client (Client.java:handleConnectionFailure(977)) - Retrying connect to server: localhost/127.0.0.1:12845. Already tried 9 time(s); retry policy is RetryUpToMaximumCountWithFixedSleep(maxRetries=15, sleepTime=1000 MILLISECONDS)
2021-11-26 01:28:48,186 [EndpointStateMachine task thread for /127.0.0.1:12835 - 0 ] INFO  ipc.Client (Client.java:handleConnectionFailure(977)) - Retrying connect to server: localhost/127.0.0.1:12835. Already tried 9 time(s); retry policy is RetryUpToMaximumCountWithFixedSleep(maxRetries=15, sleepTime=1000 MILLISECONDS)
2021-11-26 01:28:48,186 [EndpointStateMachine task thread for /127.0.0.1:12825 - 0 ] INFO  ipc.Client (Client.java:handleConnectionFailure(977)) - Retrying connect to server: localhost/127.0.0.1:12825. Already tried 12 time(s); retry policy is RetryUpToMaximumCountWithFixedSleep(maxRetries=15, sleepTime=1000 MILLISECONDS)
2021-11-26 01:28:49,182 [Listener at 0.0.0.0/15523] INFO  retry.RetryInvocationHandler (RetryInvocationHandler.java:log(411)) - com.google.protobuf.ServiceException: java.net.ConnectException: Call From fv-az151-301/10.1.0.65 to localhost:15542 failed on connection exception: java.net.ConnectException: Connection refused; For more details see:  http://wiki.apache.org/hadoop/ConnectionRefused, while invoking $Proxy39.send over nodeId=scmNode-3,nodeAddress=/127.0.0.1:15542 after 2 failover attempts. Trying to failover after sleeping for 2000ms.
2021-11-26 01:28:49,187 [EndpointStateMachine task thread for /127.0.0.1:12835 - 0 ] INFO  ipc.Client (Client.java:handleConnectionFailure(977)) - Retrying connect to server: localhost/127.0.0.1:12835. Already tried 10 time(s); retry policy is RetryUpToMaximumCountWithFixedSleep(maxRetries=15, sleepTime=1000 MILLISECONDS)
2021-11-26 01:28:49,187 [EndpointStateMachine task thread for /127.0.0.1:12825 - 0 ] INFO  ipc.Client (Client.java:handleConnectionFailure(977)) - Retrying connect to server: localhost/127.0.0.1:12825. Already tried 13 time(s); retry policy is RetryUpToMaximumCountWithFixedSleep(maxRetries=15, sleepTime=1000 MILLISECONDS)
2021-11-26 01:28:49,187 [EndpointStateMachine task thread for /127.0.0.1:12845 - 0 ] INFO  ipc.Client (Client.java:handleConnectionFailure(977)) - Retrying connect to server: localhost/127.0.0.1:12845. Already tried 10 time(s); retry policy is RetryUpToMaximumCountWithFixedSleep(maxRetries=15, sleepTime=1000 MILLISECONDS)
2021-11-26 01:28:49,966 [ec3f45f6-a064-4412-8226-4654181b7e55@group-07A8FF5308AF-FollowerState] INFO  impl.FollowerState (FollowerState.java:run(134)) - ec3f45f6-a064-4412-8226-4654181b7e55@group-07A8FF5308AF-FollowerState: change to CANDIDATE, lastRpcElapsedTime:5072438045ns, electionTimeout:5071ms
2021-11-26 01:28:49,966 [ec3f45f6-a064-4412-8226-4654181b7e55@group-07A8FF5308AF-FollowerState] INFO  impl.RoleInfo (RoleInfo.java:shutdownFollowerState(108)) - ec3f45f6-a064-4412-8226-4654181b7e55: shutdown ec3f45f6-a064-4412-8226-4654181b7e55@group-07A8FF5308AF-FollowerState
2021-11-26 01:28:49,966 [ec3f45f6-a064-4412-8226-4654181b7e55@group-07A8FF5308AF-FollowerState] INFO  server.RaftServer$Division (RaftServerImpl.java:setRole(290)) - ec3f45f6-a064-4412-8226-4654181b7e55@group-07A8FF5308AF: changes role from  FOLLOWER to CANDIDATE at term 1 for changeToCandidate
2021-11-26 01:28:49,966 [ec3f45f6-a064-4412-8226-4654181b7e55@group-07A8FF5308AF-FollowerState] INFO  server.RaftServerConfigKeys (ConfUtils.java:logGet(44)) - raft.server.leaderelection.pre-vote = false (custom)
2021-11-26 01:28:49,966 [ec3f45f6-a064-4412-8226-4654181b7e55@group-07A8FF5308AF-FollowerState] INFO  impl.RoleInfo (RoleInfo.java:updateAndGet(130)) - ec3f45f6-a064-4412-8226-4654181b7e55: start ec3f45f6-a064-4412-8226-4654181b7e55@group-07A8FF5308AF-LeaderElection17
2021-11-26 01:28:49,983 [ec3f45f6-a064-4412-8226-4654181b7e55@group-07A8FF5308AF-LeaderElection17] INFO  impl.LeaderElection (LeaderElection.java:askForVotes(306)) - ec3f45f6-a064-4412-8226-4654181b7e55@group-07A8FF5308AF-LeaderElection17 ELECTION round 0: submit vote requests at term 2 for 0: [ec3f45f6-a064-4412-8226-4654181b7e55|rpc:localhost:15520|admin:|client:|dataStream:|priority:0], old=null
2021-11-26 01:28:49,983 [ec3f45f6-a064-4412-8226-4654181b7e55@group-07A8FF5308AF-LeaderElection17] INFO  impl.LeaderElection (LeaderElection.java:askForVotes(308)) - ec3f45f6-a064-4412-8226-4654181b7e55@group-07A8FF5308AF-LeaderElection17 ELECTION round 0: result PASSED (term=2)
2021-11-26 01:28:49,983 [ec3f45f6-a064-4412-8226-4654181b7e55@group-07A8FF5308AF-LeaderElection17] INFO  impl.RoleInfo (RoleInfo.java:shutdownLeaderElection(121)) - ec3f45f6-a064-4412-8226-4654181b7e55: shutdown ec3f45f6-a064-4412-8226-4654181b7e55@group-07A8FF5308AF-LeaderElection17
2021-11-26 01:28:49,983 [ec3f45f6-a064-4412-8226-4654181b7e55@group-07A8FF5308AF-LeaderElection17] INFO  server.RaftServer$Division (RaftServerImpl.java:setRole(290)) - ec3f45f6-a064-4412-8226-4654181b7e55@group-07A8FF5308AF: changes role from CANDIDATE to LEADER at term 2 for changeToLeader
2021-11-26 01:28:49,984 [ec3f45f6-a064-4412-8226-4654181b7e55@group-07A8FF5308AF-LeaderElection17] INFO  ha.SCMStateMachine (SCMStateMachine.java:notifyLeaderChanged(259)) - current SCM becomes leader of term 2.
2021-11-26 01:28:49,984 [ec3f45f6-a064-4412-8226-4654181b7e55@group-07A8FF5308AF-LeaderElection17] INFO  ha.SCMContext (SCMContext.java:updateLeaderAndTerm(88)) - update <isLeader,term> from <false,0> to <true,2>
2021-11-26 01:28:49,984 [ec3f45f6-a064-4412-8226-4654181b7e55@group-07A8FF5308AF-LeaderElection17] INFO  server.RaftServer$Division (ServerState.java:setLeader(285)) - ec3f45f6-a064-4412-8226-4654181b7e55@group-07A8FF5308AF: change Leader from null to ec3f45f6-a064-4412-8226-4654181b7e55 at term 2 for becomeLeader, leader elected after 5238ms
2021-11-26 01:28:49,984 [ec3f45f6-a064-4412-8226-4654181b7e55@group-07A8FF5308AF-LeaderElection17] INFO  server.RaftServerConfigKeys (ConfUtils.java:logGet(44)) - raft.server.staging.catchup.gap = 1000 (default)
2021-11-26 01:28:49,984 [ec3f45f6-a064-4412-8226-4654181b7e55@group-07A8FF5308AF-LeaderElection17] INFO  server.RaftServerConfigKeys (ConfUtils.java:logGet(44)) - raft.server.write.element-limit = 4096 (default)
2021-11-26 01:28:49,984 [ec3f45f6-a064-4412-8226-4654181b7e55@group-07A8FF5308AF-LeaderElection17] INFO  server.RaftServerConfigKeys (ConfUtils.java:logGet(44)) - raft.server.write.byte-limit = 64MB (=67108864) (default)
2021-11-26 01:28:49,984 [ec3f45f6-a064-4412-8226-4654181b7e55@group-07A8FF5308AF-LeaderElection17] INFO  server.RaftServerConfigKeys (ConfUtils.java:logGet(44)) - raft.server.watch.timeout = 10s (default)
2021-11-26 01:28:49,984 [ec3f45f6-a064-4412-8226-4654181b7e55@group-07A8FF5308AF-LeaderElection17] INFO  server.RaftServerConfigKeys (ConfUtils.java:logGet(44)) - raft.server.watch.timeout.denomination = 1s (default)
2021-11-26 01:28:49,985 [ec3f45f6-a064-4412-8226-4654181b7e55@group-07A8FF5308AF-LeaderElection17] INFO  server.RaftServerConfigKeys (ConfUtils.java:logGet(44)) - raft.server.watch.element-limit = 65536 (default)
2021-11-26 01:28:49,985 [ec3f45f6-a064-4412-8226-4654181b7e55@group-07A8FF5308AF-LeaderElection17] INFO  server.RaftServerConfigKeys (ConfUtils.java:logGet(44)) - raft.server.write.element-limit = 4096 (default)
2021-11-26 01:28:49,985 [ec3f45f6-a064-4412-8226-4654181b7e55@group-07A8FF5308AF-LeaderElection17] INFO  server.RaftServerConfigKeys (ConfUtils.java:logGet(44)) - raft.server.write.follower.gap.ratio.max = -1.0 (default)
2021-11-26 01:28:49,985 [ec3f45f6-a064-4412-8226-4654181b7e55@group-07A8FF5308AF-LeaderElection17] INFO  impl.RoleInfo (RoleInfo.java:updateAndGet(130)) - ec3f45f6-a064-4412-8226-4654181b7e55: start ec3f45f6-a064-4412-8226-4654181b7e55@group-07A8FF5308AF-LeaderStateImpl
2021-11-26 01:28:49,985 [ec3f45f6-a064-4412-8226-4654181b7e55@group-07A8FF5308AF-LeaderElection17] INFO  segmented.SegmentedRaftLogWorker (SegmentedRaftLogWorker.java:rollLogSegment(399)) - ec3f45f6-a064-4412-8226-4654181b7e55@group-07A8FF5308AF-SegmentedRaftLogWorker: Rolling segment log-0_0 to index:0
2021-11-26 01:28:50,002 [ec3f45f6-a064-4412-8226-4654181b7e55@group-07A8FF5308AF-SegmentedRaftLogWorker] INFO  segmented.SegmentedRaftLogWorker (SegmentedRaftLogWorker.java:execute(558)) - ec3f45f6-a064-4412-8226-4654181b7e55@group-07A8FF5308AF-SegmentedRaftLogWorker: Rolled log segment from /home/runner/work/ozone/ozone/hadoop-ozone/integration-test/target/test-dir/MiniOzoneClusterImpl-70e57338-dd19-42c4-b060-07a8ff5308af/scmNode-1/scm-ha/70e57338-dd19-42c4-b060-07a8ff5308af/current/log_inprogress_0 to /home/runner/work/ozone/ozone/hadoop-ozone/integration-test/target/test-dir/MiniOzoneClusterImpl-70e57338-dd19-42c4-b060-07a8ff5308af/scmNode-1/scm-ha/70e57338-dd19-42c4-b060-07a8ff5308af/current/log_0-0
2021-11-26 01:28:50,008 [ec3f45f6-a064-4412-8226-4654181b7e55@group-07A8FF5308AF-LeaderElection17] INFO  server.RaftServer$Division (ServerState.java:setRaftConf(387)) - ec3f45f6-a064-4412-8226-4654181b7e55@group-07A8FF5308AF: set configuration 1: [ec3f45f6-a064-4412-8226-4654181b7e55|rpc:localhost:15520|admin:|client:|dataStream:|priority:0], old=null
2021-11-26 01:28:50,009 [ec3f45f6-a064-4412-8226-4654181b7e55@group-07A8FF5308AF-SegmentedRaftLogWorker] INFO  segmented.SegmentedRaftLogWorker (SegmentedRaftLogWorker.java:execute(601)) - ec3f45f6-a064-4412-8226-4654181b7e55@group-07A8FF5308AF-SegmentedRaftLogWorker: created new log segment /home/runner/work/ozone/ozone/hadoop-ozone/integration-test/target/test-dir/MiniOzoneClusterImpl-70e57338-dd19-42c4-b060-07a8ff5308af/scmNode-1/scm-ha/70e57338-dd19-42c4-b060-07a8ff5308af/current/log_inprogress_1
2021-11-26 01:28:50,015 [ec3f45f6-a064-4412-8226-4654181b7e55@group-07A8FF5308AF-StateMachineUpdater] INFO  ha.SCMContext (SCMContext.java:setLeaderReady(115)) - update <isLeaderReady> from <false> to <true>
2021-11-26 01:28:50,016 [ec3f45f6-a064-4412-8226-4654181b7e55@group-07A8FF5308AF-StateMachineUpdater] INFO  pipeline.BackgroundPipelineCreator (BackgroundPipelineCreator.java:notifyStatusChanged(264)) - Service BackgroundPipelineCreator transitions to RUNNING.
2021-11-26 01:28:50,016 [ec3f45f6-a064-4412-8226-4654181b7e55@group-07A8FF5308AF-StateMachineUpdater] INFO  safemode.HealthyPipelineSafeModeRule (HealthyPipelineSafeModeRule.java:initializeRule(152)) - Refreshed total pipeline count is 0, healthy pipeline threshold count is 1
2021-11-26 01:28:50,016 [ec3f45f6-a064-4412-8226-4654181b7e55@group-07A8FF5308AF-StateMachineUpdater] INFO  safemode.ContainerSafeModeRule (ContainerSafeModeRule.java:reInitializeRule(177)) - Refreshed one replica container threshold 0, currentThreshold 0
2021-11-26 01:28:50,016 [ec3f45f6-a064-4412-8226-4654181b7e55@group-07A8FF5308AF-StateMachineUpdater] INFO  safemode.OneReplicaPipelineSafeModeRule (OneReplicaPipelineSafeModeRule.java:initializeRule(176)) - Refreshed Total pipeline count is 0, pipeline's with at least one datanode reported threshold count is 0
2021-11-26 01:28:50,016 [ec3f45f6-a064-4412-8226-4654181b7e55@group-07A8FF5308AF-StateMachineUpdater] INFO  server.SCMDatanodeProtocolServer (SCMDatanodeProtocolServer.java:start(181)) - RPC server for DataNodes is listening at /0.0.0.0:15521
2021-11-26 01:28:50,022 [IPC Server listener on 15521] INFO  ipc.Server (Server.java:run(1344)) - IPC Server listener on 15521: starting
2021-11-26 01:28:50,041 [IPC Server Responder] INFO  ipc.Server (Server.java:run(1507)) - IPC Server Responder: starting
2021-11-26 01:28:50,187 [EndpointStateMachine task thread for /127.0.0.1:12835 - 0 ] INFO  ipc.Client (Client.java:handleConnectionFailure(977)) - Retrying connect to server: localhost/127.0.0.1:12835. Already tried 11 time(s); retry policy is RetryUpToMaximumCountWithFixedSleep(maxRetries=15, sleepTime=1000 MILLISECONDS)
2021-11-26 01:28:50,188 [EndpointStateMachine task thread for /127.0.0.1:12825 - 0 ] INFO  ipc.Client (Client.java:handleConnectionFailure(977)) - Retrying connect to server: localhost/127.0.0.1:12825. Already tried 14 time(s); retry policy is RetryUpToMaximumCountWithFixedSleep(maxRetries=15, sleepTime=1000 MILLISECONDS)
2021-11-26 01:28:50,188 [EndpointStateMachine task thread for /127.0.0.1:12845 - 0 ] INFO  ipc.Client (Client.java:handleConnectionFailure(977)) - Retrying connect to server: localhost/127.0.0.1:12845. Already tried 11 time(s); retry policy is RetryUpToMaximumCountWithFixedSleep(maxRetries=15, sleepTime=1000 MILLISECONDS)
2021-11-26 01:28:51,189 [EndpointStateMachine task thread for /127.0.0.1:12845 - 0 ] INFO  ipc.Client (Client.java:handleConnectionFailure(977)) - Retrying connect to server: localhost/127.0.0.1:12845. Already tried 12 time(s); retry policy is RetryUpToMaximumCountWithFixedSleep(maxRetries=15, sleepTime=1000 MILLISECONDS)
2021-11-26 01:28:51,193 [EndpointStateMachine task thread for /127.0.0.1:12825 - 0 ] INFO  ipc.Client (Client.java:handleConnectionFailure(977)) - Retrying connect to server: localhost/127.0.0.1:12825. Already tried 0 time(s); retry policy is RetryUpToMaximumCountWithFixedSleep(maxRetries=15, sleepTime=1000 MILLISECONDS)
2021-11-26 01:28:51,200 [EndpointStateMachine task thread for /127.0.0.1:12835 - 0 ] INFO  ipc.Client (Client.java:handleConnectionFailure(977)) - Retrying connect to server: localhost/127.0.0.1:12835. Already tried 12 time(s); retry policy is RetryUpToMaximumCountWithFixedSleep(maxRetries=15, sleepTime=1000 MILLISECONDS)
2021-11-26 01:28:51,202 [Listener at 0.0.0.0/15523] INFO  server.StorageContainerManager (StorageContainerManager.java:scmBootstrap(987)) - SCM BootStrap  is successful for ClusterID 70e57338-dd19-42c4-b060-07a8ff5308af, SCMID 878f4670-2ce0-4ee1-8021-0f5a1e33ae40
2021-11-26 01:28:51,202 [Listener at 0.0.0.0/15523] INFO  server.StorageContainerManager (StorageContainerManager.java:scmBootstrap(989)) - Primary SCM Node ID ec3f45f6-a064-4412-8226-4654181b7e55
2021-11-26 01:28:51,202 [Listener at 0.0.0.0/15523] INFO  ha.SCMHANodeDetails (SCMHANodeDetails.java:loadSCMHAConfig(157)) - ServiceID for StorageContainerManager is scm-service-test1
2021-11-26 01:28:51,202 [Listener at 0.0.0.0/15523] INFO  ha.SCMHANodeDetails (SCMHANodeDetails.java:loadSCMHAConfig(168)) - ServiceID for StorageContainerManager is scm-service-test1
2021-11-26 01:28:51,203 [Listener at 0.0.0.0/15523] WARN  scm.ScmUtils (ScmUtils.java:logWarn(179)) - ConfigKey ozone.scm.block.client.address is deprecated, For configuring different ports for each SCM use PortConfigKey ozone.scm.block.client.port appended with serviceId and nodeId. If want to configure same port configure ozone.scm.block.client.port
2021-11-26 01:28:51,203 [Listener at 0.0.0.0/15523] WARN  scm.ScmUtils (ScmUtils.java:logWarn(179)) - ConfigKey ozone.scm.client.address is deprecated, For configuring different ports for each SCM use PortConfigKey ozone.scm.client.port appended with serviceId and nodeId. If want to configure same port configure ozone.scm.client.port
2021-11-26 01:28:51,203 [Listener at 0.0.0.0/15523] WARN  scm.ScmUtils (ScmUtils.java:logWarn(179)) - ConfigKey ozone.scm.datanode.address is deprecated, For configuring different ports for each SCM use PortConfigKey ozone.scm.datanode.port appended with serviceId and nodeId. If want to configure same port configure ozone.scm.datanode.port
2021-11-26 01:28:51,203 [Listener at 0.0.0.0/15523] WARN  scm.ScmUtils (ScmUtils.java:logWarn(179)) - ConfigKey ozone.scm.block.client.address is deprecated, For configuring different ports for each SCM use PortConfigKey ozone.scm.block.client.port appended with serviceId and nodeId. If want to configure same port configure ozone.scm.block.client.port
2021-11-26 01:28:51,203 [Listener at 0.0.0.0/15523] WARN  scm.ScmUtils (ScmUtils.java:logWarn(179)) - ConfigKey ozone.scm.client.address is deprecated, For configuring different ports for each SCM use PortConfigKey ozone.scm.client.port appended with serviceId and nodeId. If want to configure same port configure ozone.scm.client.port
2021-11-26 01:28:51,204 [Listener at 0.0.0.0/15523] WARN  scm.ScmUtils (ScmUtils.java:logWarn(179)) - ConfigKey ozone.scm.datanode.address is deprecated, For configuring different ports for each SCM use PortConfigKey ozone.scm.datanode.port appended with serviceId and nodeId. If want to configure same port configure ozone.scm.datanode.port
2021-11-26 01:28:51,204 [Listener at 0.0.0.0/15523] INFO  ha.SCMHANodeDetails (SCMHANodeDetails.java:loadSCMHAConfig(250)) - Found matching SCM address with SCMServiceId: scm-service-test1, SCMNodeId: scmNode-2, RPC Address: localhost:15530 and Ratis port: 15530
2021-11-26 01:28:51,204 [Listener at 0.0.0.0/15523] INFO  ha.SCMHANodeDetails (ConfUtils.java:setNodeSpecificConfigs(108)) - Setting configuration key ozone.scm.datanode.address with value of key ozone.scm.datanode.address.scm-service-test1.scmNode-2: 127.0.0.1:15531
2021-11-26 01:28:51,204 [Listener at 0.0.0.0/15523] INFO  ha.SCMHANodeDetails (ConfUtils.java:setNodeSpecificConfigs(108)) - Setting configuration key ozone.scm.block.client.address with value of key ozone.scm.block.client.address.scm-service-test1.scmNode-2: 127.0.0.1:15532
2021-11-26 01:28:51,204 [Listener at 0.0.0.0/15523] INFO  ha.SCMHANodeDetails (ConfUtils.java:setNodeSpecificConfigs(108)) - Setting configuration key ozone.scm.client.address with value of key ozone.scm.client.address.scm-service-test1.scmNode-2: 127.0.0.1:15533
2021-11-26 01:28:51,204 [Listener at 0.0.0.0/15523] INFO  ha.SCMHANodeDetails (ConfUtils.java:setNodeSpecificConfigs(108)) - Setting configuration key ozone.scm.ratis.port with value of key ozone.scm.ratis.port.scm-service-test1.scmNode-2: 15530
2021-11-26 01:28:51,204 [Listener at 0.0.0.0/15523] INFO  ha.SCMHANodeDetails (ConfUtils.java:setNodeSpecificConfigs(108)) - Setting configuration key ozone.scm.grpc.port with value of key ozone.scm.grpc.port.scm-service-test1.scmNode-2: 15534
2021-11-26 01:28:51,204 [Listener at 0.0.0.0/15523] INFO  ha.SCMHANodeDetails (ConfUtils.java:setNodeSpecificConfigs(108)) - Setting configuration key ozone.scm.http-address with value of key ozone.scm.http-address.scm-service-test1.scmNode-2: 127.0.0.1:15528
2021-11-26 01:28:51,204 [Listener at 0.0.0.0/15523] INFO  ha.SCMHANodeDetails (ConfUtils.java:setNodeSpecificConfigs(108)) - Setting configuration key ozone.scm.https-address with value of key ozone.scm.https-address.scm-service-test1.scmNode-2: 127.0.0.1:15529
2021-11-26 01:28:51,205 [Listener at 0.0.0.0/15523] INFO  ha.SCMHANodeDetails (ConfUtils.java:setNodeSpecificConfigs(108)) - Setting configuration key ozone.scm.address with value of key ozone.scm.address.scm-service-test1.scmNode-2: 127.0.0.1
2021-11-26 01:28:51,205 [Listener at 0.0.0.0/15523] WARN  scm.ScmUtils (ScmUtils.java:logWarn(179)) - ConfigKey ozone.scm.block.client.address is deprecated, For configuring different ports for each SCM use PortConfigKey ozone.scm.block.client.port appended with serviceId and nodeId. If want to configure same port configure ozone.scm.block.client.port
2021-11-26 01:28:51,205 [Listener at 0.0.0.0/15523] WARN  scm.ScmUtils (ScmUtils.java:logWarn(179)) - ConfigKey ozone.scm.client.address is deprecated, For configuring different ports for each SCM use PortConfigKey ozone.scm.client.port appended with serviceId and nodeId. If want to configure same port configure ozone.scm.client.port
2021-11-26 01:28:51,205 [Listener at 0.0.0.0/15523] WARN  scm.ScmUtils (ScmUtils.java:logWarn(179)) - ConfigKey ozone.scm.datanode.address is deprecated, For configuring different ports for each SCM use PortConfigKey ozone.scm.datanode.port appended with serviceId and nodeId. If want to configure same port configure ozone.scm.datanode.port
2021-11-26 01:28:51,216 [Listener at 0.0.0.0/15523] WARN  server.ServerUtils (ServerUtils.java:getScmDbDir(148)) - ozone.scm.db.dirs is not configured. We recommend adding this setting. Falling back to ozone.metadata.dirs instead.
2021-11-26 01:28:51,217 [Listener at 0.0.0.0/15523] INFO  upgrade.AbstractLayoutVersionManager (AbstractLayoutVersionManager.java:init(79)) - Initializing Layout version manager with metadata layout = SCM_HA (version = 2), software layout = SCM_HA (version = 2)
2021-11-26 01:28:51,349 [Listener at 0.0.0.0/15523] INFO  reflections.Reflections (Reflections.java:scan(232)) - Reflections took 131 ms to scan 7 urls, producing 119 keys and 279 values 
2021-11-26 01:28:51,358 [Listener at 0.0.0.0/15523] WARN  utils.HAUtils (HAUtils.java:getMetaDir(342)) - ozone.scm.db.dirs is not configured. We recommend adding this setting. Falling back to ozone.metadata.dirs instead.
2021-11-26 01:28:51,359 [Listener at 0.0.0.0/15523] WARN  db.DBStoreBuilder (DBStoreBuilder.java:applyDBDefinition(145)) - ozone.scm.db.dirs is not configured. We recommend adding this setting. Falling back to ozone.metadata.dirs instead.
2021-11-26 01:28:51,547 [Listener at 0.0.0.0/15523] INFO  net.NodeSchemaLoader (NodeSchemaLoader.java:loadSchemaFromFile(129)) - Loading schema from [jar:file:/home/runner/.m2/repository/org/apache/ozone/hdds-common/1.3.0-SNAPSHOT/hdds-common-1.3.0-SNAPSHOT.jar!/network-topology-default.xml]
2021-11-26 01:28:51,547 [Listener at 0.0.0.0/15523] INFO  net.NodeSchemaLoader (NodeSchemaLoader.java:loadSchema(176)) - Loading network topology layer schema file
2021-11-26 01:28:51,561 [Listener at 0.0.0.0/15523] WARN  impl.MetricRegistriesImpl (MetricRegistriesImpl.java:addReporterRegistration(111)) - New reporters are added after registries were created. Some metrics will be missing from the reporter. Please add reporter before adding any new registry.
2021-11-26 01:28:51,561 [Listener at 0.0.0.0/15523] WARN  impl.MetricRegistriesImpl (MetricRegistriesImpl.java:addReporterRegistration(111)) - New reporters are added after registries were created. Some metrics will be missing from the reporter. Please add reporter before adding any new registry.
2021-11-26 01:28:51,562 [Listener at 0.0.0.0/15523] INFO  ha.SCMRatisServerImpl (SCMRatisServerImpl.java:<init>(87)) - starting Raft server for scm:878f4670-2ce0-4ee1-8021-0f5a1e33ae40
2021-11-26 01:28:51,563 [Listener at 0.0.0.0/15523] INFO  server.RaftServer (ConfUtils.java:logGet(44)) - raft.rpc.type = GRPC (default)
2021-11-26 01:28:51,563 [Listener at 0.0.0.0/15523] INFO  grpc.GrpcFactory (GrpcFactory.java:checkPooledByteBufAllocatorUseCacheForAllThreads(48)) - PERFORMANCE WARNING: useCacheForAllThreads is true that may cause Netty to create a lot garbage objects and, as a result, trigger GC.
	It is recommended to disable useCacheForAllThreads by setting -Dorg.apache.ratis.thirdparty.io.netty.allocator.useCacheForAllThreads=false in command line.
2021-11-26 01:28:51,563 [Listener at 0.0.0.0/15523] INFO  grpc.GrpcConfigKeys (ConfUtils.java:logGet(44)) - raft.grpc.admin.port = -1 (default)
2021-11-26 01:28:51,563 [Listener at 0.0.0.0/15523] INFO  grpc.GrpcConfigKeys (ConfUtils.java:logGet(44)) - raft.grpc.server.port = 15530 (custom)
2021-11-26 01:28:51,563 [Listener at 0.0.0.0/15523] INFO  grpc.GrpcConfigKeys (ConfUtils.java:logGet(44)) - raft.grpc.client.port = -1 (default)
2021-11-26 01:28:51,564 [Listener at 0.0.0.0/15523] INFO  grpc.GrpcConfigKeys (ConfUtils.java:logGet(44)) - raft.grpc.server.port = 15530 (custom)
2021-11-26 01:28:51,564 [Listener at 0.0.0.0/15523] INFO  grpc.GrpcConfigKeys (ConfUtils.java:logGet(44)) - raft.grpc.server.port = 15530 (custom)
2021-11-26 01:28:51,564 [Listener at 0.0.0.0/15523] INFO  server.GrpcService (ConfUtils.java:logGet(44)) - raft.grpc.message.size.max = 32m (=33554432) (custom)
2021-11-26 01:28:51,564 [Listener at 0.0.0.0/15523] INFO  server.RaftServerConfigKeys (ConfUtils.java:logGet(44)) - raft.server.log.appender.buffer.byte-limit = 33554432 (custom)
2021-11-26 01:28:51,566 [Listener at 0.0.0.0/15523] INFO  server.GrpcService (ConfUtils.java:logGet(44)) - raft.grpc.flow.control.window = 1MB (=1048576) (default)
2021-11-26 01:28:51,566 [Listener at 0.0.0.0/15523] INFO  server.RaftServerConfigKeys (ConfUtils.java:logGet(44)) - raft.server.rpc.request.timeout = 30000ms (custom)
2021-11-26 01:28:51,567 [Listener at 0.0.0.0/15523] INFO  impl.DataStreamServerImpl (ConfUtils.java:logGet(44)) - raft.datastream.type = DISABLED (default)
2021-11-26 01:28:51,569 [Listener at 0.0.0.0/15523] INFO  server.RaftServerConfigKeys (ConfUtils.java:logGet(44)) - raft.server.rpc.slowness.timeout = 120000ms (custom)
2021-11-26 01:28:51,569 [Listener at 0.0.0.0/15523] INFO  server.RaftServerConfigKeys (ConfUtils.java:logGet(44)) - raft.server.leaderelection.leader.step-down.wait-time = 10s (default)
2021-11-26 01:28:51,569 [Listener at 0.0.0.0/15523] INFO  server.RaftServerConfigKeys (ConfUtils.java:logGet(44)) - raft.server.storage.dir = [/home/runner/work/ozone/ozone/hadoop-ozone/integration-test/target/test-dir/MiniOzoneClusterImpl-70e57338-dd19-42c4-b060-07a8ff5308af/scmNode-2/scm-ha] (custom)
2021-11-26 01:28:51,570 [Listener at 0.0.0.0/15523] INFO  server.RaftServer (RaftServerProxy.java:addNew(95)) - 878f4670-2ce0-4ee1-8021-0f5a1e33ae40: addNew group-07A8FF5308AF:[] returns group-07A8FF5308AF:java.util.concurrent.CompletableFuture@2126610[Not completed]
2021-11-26 01:28:51,570 [pool-224-thread-1] INFO  server.RaftServer$Division (RaftServerImpl.java:<init>(184)) - 878f4670-2ce0-4ee1-8021-0f5a1e33ae40: new RaftServerImpl for group-07A8FF5308AF:[] with SCMStateMachine:uninitialized
2021-11-26 01:28:51,581 [pool-224-thread-1] INFO  server.RaftServerConfigKeys (ConfUtils.java:logGet(44)) - raft.server.rpc.timeout.min = 5000ms (custom)
2021-11-26 01:28:51,581 [pool-224-thread-1] INFO  server.RaftServerConfigKeys (ConfUtils.java:logGet(44)) - raft.server.rpc.timeout.max = 5200ms (custom)
2021-11-26 01:28:51,581 [pool-224-thread-1] INFO  server.RaftServerConfigKeys (ConfUtils.java:logGet(44)) - raft.server.rpc.sleep.time = 25ms (default)
2021-11-26 01:28:51,581 [pool-224-thread-1] INFO  server.RaftServerConfigKeys (ConfUtils.java:logGet(44)) - raft.server.rpc.slowness.timeout = 120000ms (custom)
2021-11-26 01:28:51,581 [pool-224-thread-1] INFO  server.RaftServerConfigKeys (ConfUtils.java:logGet(44)) - raft.server.leaderelection.leader.step-down.wait-time = 10s (default)
2021-11-26 01:28:51,581 [pool-224-thread-1] INFO  server.RaftServerConfigKeys (ConfUtils.java:logGet(44)) - raft.server.sleep.deviation.threshold = 300ms (default)
2021-11-26 01:28:51,581 [pool-224-thread-1] INFO  server.RaftServerConfigKeys (ConfUtils.java:logGet(44)) - raft.server.log.appender.install.snapshot.enabled = false (custom)
2021-11-26 01:28:51,581 [pool-224-thread-1] INFO  server.RaftServer$Division (ServerState.java:<init>(105)) - 878f4670-2ce0-4ee1-8021-0f5a1e33ae40@group-07A8FF5308AF: ConfigurationManager, init=-1: [], old=null, confs=<EMPTY_MAP>
2021-11-26 01:28:51,581 [pool-224-thread-1] INFO  server.RaftServerConfigKeys (ConfUtils.java:logGet(44)) - raft.server.storage.dir = [/home/runner/work/ozone/ozone/hadoop-ozone/integration-test/target/test-dir/MiniOzoneClusterImpl-70e57338-dd19-42c4-b060-07a8ff5308af/scmNode-2/scm-ha] (custom)
2021-11-26 01:28:51,581 [pool-224-thread-1] INFO  server.RaftServerConfigKeys (ConfUtils.java:logGet(44)) - raft.server.log.corruption.policy = EXCEPTION (default)
2021-11-26 01:28:51,581 [pool-224-thread-1] INFO  server.RaftServerConfigKeys (ConfUtils.java:logGet(44)) - raft.server.storage.free-space.min = 0MB (=0) (default)
2021-11-26 01:28:51,582 [pool-224-thread-1] INFO  storage.RaftStorageDirectory (RaftStorageDirectoryImpl.java:analyzeStorage(135)) - The storage directory /home/runner/work/ozone/ozone/hadoop-ozone/integration-test/target/test-dir/MiniOzoneClusterImpl-70e57338-dd19-42c4-b060-07a8ff5308af/scmNode-2/scm-ha/70e57338-dd19-42c4-b060-07a8ff5308af does not exist. Creating ...
2021-11-26 01:28:51,584 [pool-224-thread-1] INFO  storage.RaftStorageDirectory (RaftStorageDirectoryImpl.java:tryLock(230)) - Lock on /home/runner/work/ozone/ozone/hadoop-ozone/integration-test/target/test-dir/MiniOzoneClusterImpl-70e57338-dd19-42c4-b060-07a8ff5308af/scmNode-2/scm-ha/70e57338-dd19-42c4-b060-07a8ff5308af/in_use.lock acquired by nodename 1239@fv-az151-301
2021-11-26 01:28:51,586 [pool-224-thread-1] INFO  storage.RaftStorage (RaftStorageImpl.java:format(89)) - Storage directory /home/runner/work/ozone/ozone/hadoop-ozone/integration-test/target/test-dir/MiniOzoneClusterImpl-70e57338-dd19-42c4-b060-07a8ff5308af/scmNode-2/scm-ha/70e57338-dd19-42c4-b060-07a8ff5308af has been successfully formatted.
2021-11-26 01:28:51,586 [pool-224-thread-1] INFO  server.RaftServerConfigKeys (ConfUtils.java:logGet(44)) - raft.server.notification.no-leader.timeout = 60s (default)
2021-11-26 01:28:51,586 [pool-224-thread-1] INFO  server.RaftServerConfigKeys (ConfUtils.java:logGet(44)) - raft.server.log.use.memory = false (default)
2021-11-26 01:28:51,586 [pool-224-thread-1] INFO  server.RaftServerConfigKeys (ConfUtils.java:logGet(44)) - raft.server.log.purge.gap = 5 (custom)
2021-11-26 01:28:51,586 [pool-224-thread-1] INFO  server.RaftServerConfigKeys (ConfUtils.java:logGet(44)) - raft.server.log.appender.buffer.byte-limit = 33554432 (custom)
2021-11-26 01:28:51,587 [pool-224-thread-1] INFO  server.RaftServerConfigKeys (ConfUtils.java:logGet(44)) - raft.server.log.segment.size.max = 4194304 (custom)
2021-11-26 01:28:51,587 [pool-224-thread-1] INFO  server.RaftServerConfigKeys (ConfUtils.java:logGet(44)) - raft.server.log.segment.cache.num.max = 2 (custom)
2021-11-26 01:28:51,587 [pool-224-thread-1] INFO  server.RaftServerConfigKeys (ConfUtils.java:logGet(44)) - raft.server.log.segment.cache.size.max = 200MB (=209715200) (default)
2021-11-26 01:28:51,587 [pool-224-thread-1] INFO  segmented.SegmentedRaftLogWorker (SegmentedRaftLogWorker.java:<init>(182)) - new 878f4670-2ce0-4ee1-8021-0f5a1e33ae40@group-07A8FF5308AF-SegmentedRaftLogWorker for RaftStorageImpl:Storage Directory /home/runner/work/ozone/ozone/hadoop-ozone/integration-test/target/test-dir/MiniOzoneClusterImpl-70e57338-dd19-42c4-b060-07a8ff5308af/scmNode-2/scm-ha/70e57338-dd19-42c4-b060-07a8ff5308af
2021-11-26 01:28:51,587 [pool-224-thread-1] INFO  server.RaftServerConfigKeys (ConfUtils.java:logGet(44)) - raft.server.log.queue.byte-limit = 64MB (=67108864) (default)
2021-11-26 01:28:51,587 [pool-224-thread-1] INFO  server.RaftServerConfigKeys (ConfUtils.java:logGet(44)) - raft.server.log.queue.element-limit = 4096 (default)
2021-11-26 01:28:51,587 [pool-224-thread-1] INFO  server.RaftServerConfigKeys (ConfUtils.java:logGet(44)) - raft.server.log.segment.size.max = 4194304 (custom)
2021-11-26 01:28:51,587 [pool-224-thread-1] INFO  server.RaftServerConfigKeys (ConfUtils.java:logGet(44)) - raft.server.log.preallocated.size = 4194304 (custom)
2021-11-26 01:28:51,587 [pool-224-thread-1] INFO  server.RaftServerConfigKeys (ConfUtils.java:logGet(44)) - raft.server.log.force.sync.num = 128 (default)
2021-11-26 01:28:51,587 [pool-224-thread-1] INFO  server.RaftServerConfigKeys (ConfUtils.java:logGet(44)) - raft.server.log.statemachine.data.sync = true (default)
2021-11-26 01:28:51,587 [pool-224-thread-1] INFO  server.RaftServerConfigKeys (ConfUtils.java:logGet(44)) - raft.server.log.statemachine.data.sync.timeout = 10s (default)
2021-11-26 01:28:51,587 [pool-224-thread-1] INFO  server.RaftServerConfigKeys (ConfUtils.java:logGet(44)) - raft.server.log.statemachine.data.sync.timeout.retry = -1 (default)
2021-11-26 01:28:51,588 [pool-224-thread-1] INFO  server.RaftServerConfigKeys (ConfUtils.java:logGet(44)) - raft.server.log.write.buffer.size = 64KB (=65536) (default)
2021-11-26 01:28:51,588 [pool-224-thread-1] INFO  server.RaftServerConfigKeys (ConfUtils.java:logGet(44)) - raft.server.log.statemachine.data.caching.enabled = false (default)
2021-11-26 01:28:51,588 [pool-224-thread-1] INFO  segmented.SegmentedRaftLogWorker (SegmentedRaftLogWorker.java:lambda$new$0(133)) - 878f4670-2ce0-4ee1-8021-0f5a1e33ae40@group-07A8FF5308AF-SegmentedRaftLogWorker: flushIndex: setUnconditionally 0 -> -1
2021-11-26 01:28:51,588 [pool-224-thread-1] INFO  segmented.SegmentedRaftLogWorker (SegmentedRaftLogWorker.java:lambda$new$0(133)) - 878f4670-2ce0-4ee1-8021-0f5a1e33ae40@group-07A8FF5308AF-SegmentedRaftLogWorker: safeCacheEvictIndex: setUnconditionally 0 -> -1
2021-11-26 01:28:51,600 [pool-224-thread-1] INFO  server.RaftServerConfigKeys (ConfUtils.java:logGet(44)) - raft.server.snapshot.auto.trigger.enabled = true (custom)
2021-11-26 01:28:51,600 [pool-224-thread-1] INFO  server.RaftServerConfigKeys (ConfUtils.java:logGet(44)) - raft.server.snapshot.auto.trigger.threshold = 5 (custom)
2021-11-26 01:28:51,600 [pool-224-thread-1] INFO  server.RaftServerConfigKeys (ConfUtils.java:logGet(44)) - raft.server.snapshot.retention.file.num = -1 (default)
2021-11-26 01:28:51,600 [pool-224-thread-1] INFO  server.RaftServerConfigKeys (ConfUtils.java:logGet(44)) - raft.server.log.purge.upto.snapshot.index = true (custom)
2021-11-26 01:28:51,600 [pool-224-thread-1] INFO  server.RaftServerConfigKeys (ConfUtils.java:logGet(44)) - raft.server.retrycache.expirytime = 60000ms (default)
2021-11-26 01:28:51,600 [pool-224-thread-1] INFO  server.RaftServerConfigKeys (ConfUtils.java:logGet(44)) - raft.server.retrycache.statistics.expirytime = 100μs (default)
2021-11-26 01:28:51,604 [Listener at 0.0.0.0/15523] INFO  ha.SCMSnapshotProvider (SCMSnapshotProvider.java:<init>(66)) - Initializing SCM Snapshot Provider
2021-11-26 01:28:51,604 [Listener at 0.0.0.0/15523] WARN  server.ServerUtils (ServerUtils.java:getDefaultRatisDirectory(237)) - Storage directory for Ratis is not configured. It is a good idea to map this to an SSD disk. Falling back to ozone.metadata.dirs
2021-11-26 01:28:51,604 [Listener at 0.0.0.0/15523] WARN  ha.SCMHAUtils (SCMHAUtils.java:getSCMRatisSnapshotDirectory(146)) - SCM snapshot dir is not configured. Falling back to ozone.metadata.dirs config
2021-11-26 01:28:51,606 [Listener at 0.0.0.0/15523] INFO  ha.SequenceIdGenerator (SequenceIdGenerator.java:upgradeToSequenceId(347)) - upgrade localId to 107544261427200000
2021-11-26 01:28:51,606 [Listener at 0.0.0.0/15523] INFO  ha.SequenceIdGenerator (SequenceIdGenerator.java:upgradeToSequenceId(357)) - upgrade delTxnId to 0
2021-11-26 01:28:51,606 [Listener at 0.0.0.0/15523] INFO  ha.SequenceIdGenerator (SequenceIdGenerator.java:upgradeToSequenceId(371)) - upgrade containerId to 0
2021-11-26 01:28:51,606 [Listener at 0.0.0.0/15523] INFO  ha.SequenceIdGenerator (SequenceIdGenerator.java:<init>(218)) - Init the HA SequenceIdGenerator.
2021-11-26 01:28:51,607 [Listener at 0.0.0.0/15523] WARN  server.ServerUtils (ServerUtils.java:sanitizeUserArgs(73)) - ozone.scm.stale.node.interval value = 300000 is larger than max = 100000 based on the key value of ozone.scm.heartbeat.thread.interval, reset to the max value 100000.
2021-11-26 01:28:51,607 [Listener at 0.0.0.0/15523] WARN  server.ServerUtils (ServerUtils.java:sanitizeUserArgs(73)) - ozone.scm.stale.node.interval value = 300000 is larger than max = 100000 based on the key value of ozone.scm.heartbeat.thread.interval, reset to the max value 100000.
2021-11-26 01:28:51,619 [Listener at 0.0.0.0/15523] INFO  node.SCMNodeManager (SCMNodeManager.java:<init>(144)) - Entering startup safe mode.
2021-11-26 01:28:51,620 [Listener at 0.0.0.0/15523] INFO  algorithms.ContainerPlacementPolicyFactory (ContainerPlacementPolicyFactory.java:getPolicy(60)) - Create container placement policy of type org.apache.hadoop.hdds.scm.container.placement.algorithms.SCMContainerPlacementRandom
2021-11-26 01:28:51,621 [Listener at 0.0.0.0/15523] INFO  pipeline.PipelineStateManagerImpl (PipelineStateManagerImpl.java:initialize(78)) - No pipeline exists in current db
2021-11-26 01:28:51,621 [Listener at 0.0.0.0/15523] INFO  algorithms.LeaderChoosePolicyFactory (LeaderChoosePolicyFactory.java:getPolicy(57)) - Create leader choose policy of type org.apache.hadoop.hdds.scm.pipeline.leader.choose.algorithms.MinLeaderCountChoosePolicy
2021-11-26 01:28:51,621 [Listener at 0.0.0.0/15523] INFO  ha.SCMServiceManager (SCMServiceManager.java:register(43)) - Registering service BackgroundPipelineCreator.
2021-11-26 01:28:51,621 [Listener at 0.0.0.0/15523] INFO  pipeline.BackgroundPipelineCreator (BackgroundPipelineCreator.java:start(130)) - Starting RatisPipelineUtilsThread.
2021-11-26 01:28:51,622 [Listener at 0.0.0.0/15523] INFO  algorithms.PipelineChoosePolicyFactory (PipelineChoosePolicyFactory.java:createPipelineChoosePolicyFromClass(73)) - Create pipeline choose policy of type org.apache.hadoop.hdds.scm.pipeline.choose.algorithms.RandomPipelineChoosePolicy
2021-11-26 01:28:51,623 [Listener at 0.0.0.0/15523] INFO  ha.SCMServiceManager (SCMServiceManager.java:register(43)) - Registering service SCMBlockDeletingService.
2021-11-26 01:28:51,623 [Listener at 0.0.0.0/15523] INFO  ha.SCMServiceManager (SCMServiceManager.java:register(43)) - Registering service ReplicationManager.
2021-11-26 01:28:51,623 [Listener at 0.0.0.0/15523] INFO  container.ReplicationManager (ReplicationManager.java:start(319)) - Starting Replication Monitor Thread.
2021-11-26 01:28:51,624 [Listener at 0.0.0.0/15523] INFO  safemode.ContainerSafeModeRule (ContainerSafeModeRule.java:<init>(89)) - containers with one replica threshold count 0
2021-11-26 01:28:51,625 [Listener at 0.0.0.0/15523] INFO  safemode.HealthyPipelineSafeModeRule (HealthyPipelineSafeModeRule.java:initializeRule(156)) - Total pipeline count is 0, healthy pipeline threshold count is 1
2021-11-26 01:28:51,625 [Listener at 0.0.0.0/15523] INFO  safemode.OneReplicaPipelineSafeModeRule (OneReplicaPipelineSafeModeRule.java:initializeRule(180)) - Total pipeline count is 0, pipeline's with at least one datanode reported threshold count is 0
2021-11-26 01:28:51,628 [ReplicationMonitor] INFO  container.ReplicationManager (ReplicationManager.java:processAll(371)) - Replication Monitor Thread took 1 milliseconds for processing 0 containers.
2021-11-26 01:28:51,630 [Listener at 0.0.0.0/15523] INFO  ipc.CallQueueManager (CallQueueManager.java:<init>(90)) - Using callQueue: class java.util.concurrent.LinkedBlockingQueue, queueCapacity: 2000, scheduler: class org.apache.hadoop.ipc.DefaultRpcScheduler, ipcBackoff: false.
2021-11-26 01:28:51,648 [Socket Reader #1 for port 15531] INFO  ipc.Server (Server.java:run(1265)) - Starting Socket Reader #1 for port 15531
2021-11-26 01:28:51,650 [Listener at 0.0.0.0/15531] INFO  ipc.CallQueueManager (CallQueueManager.java:<init>(90)) - Using callQueue: class java.util.concurrent.LinkedBlockingQueue, queueCapacity: 2000, scheduler: class org.apache.hadoop.ipc.DefaultRpcScheduler, ipcBackoff: false.
2021-11-26 01:28:51,651 [Socket Reader #1 for port 15532] INFO  ipc.Server (Server.java:run(1265)) - Starting Socket Reader #1 for port 15532
2021-11-26 01:28:51,652 [Listener at 0.0.0.0/15532] INFO  ipc.CallQueueManager (CallQueueManager.java:<init>(90)) - Using callQueue: class java.util.concurrent.LinkedBlockingQueue, queueCapacity: 2000, scheduler: class org.apache.hadoop.ipc.DefaultRpcScheduler, ipcBackoff: false.
2021-11-26 01:28:51,653 [Socket Reader #1 for port 15533] INFO  ipc.Server (Server.java:run(1265)) - Starting Socket Reader #1 for port 15533
2021-11-26 01:28:51,691 [Listener at 0.0.0.0/15533] INFO  algorithms.ContainerPlacementPolicyFactory (ContainerPlacementPolicyFactory.java:getPolicy(60)) - Create container placement policy of type org.apache.hadoop.hdds.scm.container.placement.algorithms.SCMContainerPlacementRandom
2021-11-26 01:28:51,692 [Listener at 0.0.0.0/15533] INFO  server.StorageContainerManager (StorageContainerManager.java:<init>(388)) - 
Container Balancer status:
Key                            Value
Running                        false
Container Balancer Configuration values:
Key                                                Value
Threshold                                          0.1
Max Datanodes to Involve per Iteration(ratio)      0.2
Max Size to Move per Iteration                     30GB
Max Size Entering Target per Iteration             1GB
Max Size Leaving Source per Iteration              1GB

2021-11-26 01:28:51,692 [Listener at 0.0.0.0/15533] WARN  events.EventQueue (EventQueue.java:fireEvent(194)) - No event handler registered for event TypedEvent{payloadType=SafeModeStatus, name='Safe mode status'}
2021-11-26 01:28:51,693 [Listener at 0.0.0.0/15533] INFO  ha.SCMContext (SCMContext.java:updateSafeModeStatus(205)) - Update SafeModeStatus from SafeModeStatus{safeModeStatus=true, preCheckPassed=false} to SafeModeStatus{safeModeStatus=true, preCheckPassed=false}.
2021-11-26 01:28:51,693 [Listener at 0.0.0.0/15533] INFO  server.StorageContainerManager (StorageContainerManager.java:start(1303)) - StorageContainerLocationProtocol RPC server is listening at /0.0.0.0:15533
2021-11-26 01:28:51,693 [Listener at 0.0.0.0/15533] INFO  ha.SCMRatisServerImpl (SCMRatisServerImpl.java:start(177)) - starting ratis server 0.0.0.0:15530
2021-11-26 01:28:51,694 [Listener at 0.0.0.0/15533] INFO  server.RaftServer$Division (RaftServerImpl.java:start(304)) - 878f4670-2ce0-4ee1-8021-0f5a1e33ae40@group-07A8FF5308AF: start with initializing state, conf=-1: [], old=null
2021-11-26 01:28:51,694 [Listener at 0.0.0.0/15533] INFO  server.RaftServer$Division (RaftServerImpl.java:setRole(290)) - 878f4670-2ce0-4ee1-8021-0f5a1e33ae40@group-07A8FF5308AF: changes role from      null to FOLLOWER at term 0 for startInitializing
2021-11-26 01:28:51,694 [Listener at 0.0.0.0/15533] INFO  util.JmxRegister (JmxRegister.java:tryRegister(44)) - Successfully registered JMX Bean with object name Ratis:service=RaftServer,group=group-07A8FF5308AF,id=878f4670-2ce0-4ee1-8021-0f5a1e33ae40
2021-11-26 01:28:51,695 [Listener at 0.0.0.0/15533] INFO  server.RaftServer (RaftServerProxy.java:lambda$start$5(374)) - 878f4670-2ce0-4ee1-8021-0f5a1e33ae40: start RPC server
2021-11-26 01:28:51,697 [Listener at 0.0.0.0/15533] INFO  server.GrpcService (GrpcService.java:startImpl(253)) - 878f4670-2ce0-4ee1-8021-0f5a1e33ae40: GrpcService started, listening on 15530
2021-11-26 01:28:51,707 [org.apache.ratis.util.JvmPauseMonitor$$Lambda$499/73608444@397c6a7b] INFO  util.JvmPauseMonitor (JvmPauseMonitor.java:run(103)) - JvmPauseMonitor-878f4670-2ce0-4ee1-8021-0f5a1e33ae40: Started
2021-11-26 01:28:51,713 [Listener at 0.0.0.0/15533] INFO  ha.SCMNodeInfo (SCMNodeInfo.java:getPort(197)) - ConfigKey ozone.scm.client.address is deprecated, For configuring different ports for each SCM use PortConfigKey ozone.scm.client.port appended with serviceId and nodeId
2021-11-26 01:28:51,714 [Listener at 0.0.0.0/15533] INFO  ha.SCMNodeInfo (SCMNodeInfo.java:getPort(197)) - ConfigKey ozone.scm.block.client.address is deprecated, For configuring different ports for each SCM use PortConfigKey ozone.scm.block.client.port appended with serviceId and nodeId
2021-11-26 01:28:51,714 [Listener at 0.0.0.0/15533] INFO  ha.SCMNodeInfo (SCMNodeInfo.java:getPort(197)) - ConfigKey ozone.scm.datanode.address is deprecated, For configuring different ports for each SCM use PortConfigKey ozone.scm.datanode.port appended with serviceId and nodeId
2021-11-26 01:28:51,714 [Listener at 0.0.0.0/15533] INFO  ha.SCMNodeInfo (SCMNodeInfo.java:getPort(197)) - ConfigKey ozone.scm.client.address is deprecated, For configuring different ports for each SCM use PortConfigKey ozone.scm.client.port appended with serviceId and nodeId
2021-11-26 01:28:51,714 [Listener at 0.0.0.0/15533] INFO  ha.SCMNodeInfo (SCMNodeInfo.java:getPort(197)) - ConfigKey ozone.scm.block.client.address is deprecated, For configuring different ports for each SCM use PortConfigKey ozone.scm.block.client.port appended with serviceId and nodeId
2021-11-26 01:28:51,714 [Listener at 0.0.0.0/15533] INFO  ha.SCMNodeInfo (SCMNodeInfo.java:getPort(197)) - ConfigKey ozone.scm.datanode.address is deprecated, For configuring different ports for each SCM use PortConfigKey ozone.scm.datanode.port appended with serviceId and nodeId
2021-11-26 01:28:51,714 [Listener at 0.0.0.0/15533] INFO  ha.SCMNodeInfo (SCMNodeInfo.java:getPort(197)) - ConfigKey ozone.scm.client.address is deprecated, For configuring different ports for each SCM use PortConfigKey ozone.scm.client.port appended with serviceId and nodeId
2021-11-26 01:28:51,714 [Listener at 0.0.0.0/15533] INFO  ha.SCMNodeInfo (SCMNodeInfo.java:getPort(197)) - ConfigKey ozone.scm.block.client.address is deprecated, For configuring different ports for each SCM use PortConfigKey ozone.scm.block.client.port appended with serviceId and nodeId
2021-11-26 01:28:51,714 [Listener at 0.0.0.0/15533] INFO  ha.SCMNodeInfo (SCMNodeInfo.java:getPort(197)) - ConfigKey ozone.scm.datanode.address is deprecated, For configuring different ports for each SCM use PortConfigKey ozone.scm.datanode.port appended with serviceId and nodeId
2021-11-26 01:28:51,730 [IPC Server handler 2 on default port 15522] INFO  ha.SCMRatisServerImpl (SCMRatisServerImpl.java:addSCM(291)) - ec3f45f6-a064-4412-8226-4654181b7e55: Submitting SetConfiguration request to Ratis server with new SCM peers list: [ec3f45f6-a064-4412-8226-4654181b7e55|rpc:localhost:15520|admin:|client:|dataStream:|priority:0, 878f4670-2ce0-4ee1-8021-0f5a1e33ae40|rpc:localhost:15530|priority:0]
2021-11-26 01:28:51,730 [IPC Server handler 2 on default port 15522] INFO  server.RaftServer$Division (RaftServerImpl.java:setConfigurationAsync(974)) - ec3f45f6-a064-4412-8226-4654181b7e55@group-07A8FF5308AF: receive setConfiguration SetConfigurationRequest:client-4EA8E73BA312->ec3f45f6-a064-4412-8226-4654181b7e55@group-07A8FF5308AF, cid=0, seq=0, RW, null, peers:[ec3f45f6-a064-4412-8226-4654181b7e55|rpc:localhost:15520|admin:|client:|dataStream:|priority:0, 878f4670-2ce0-4ee1-8021-0f5a1e33ae40|rpc:localhost:15530|priority:0]
2021-11-26 01:28:51,730 [IPC Server handler 2 on default port 15522] INFO  server.RaftServer$Division (LeaderStateImpl.java:startSetConfiguration(358)) - ec3f45f6-a064-4412-8226-4654181b7e55@group-07A8FF5308AF-LeaderStateImpl: startSetConfiguration SetConfigurationRequest:client-4EA8E73BA312->ec3f45f6-a064-4412-8226-4654181b7e55@group-07A8FF5308AF, cid=0, seq=0, RW, null, peers:[ec3f45f6-a064-4412-8226-4654181b7e55|rpc:localhost:15520|admin:|client:|dataStream:|priority:0, 878f4670-2ce0-4ee1-8021-0f5a1e33ae40|rpc:localhost:15530|priority:0]
2021-11-26 01:28:51,730 [IPC Server handler 2 on default port 15522] INFO  server.RaftServerConfigKeys (ConfUtils.java:logGet(44)) - raft.server.log.appender.snapshot.chunk.size.max = 16MB (=16777216) (default)
2021-11-26 01:28:51,730 [IPC Server handler 2 on default port 15522] INFO  server.RaftServerConfigKeys (ConfUtils.java:logGet(44)) - raft.server.log.appender.buffer.byte-limit = 33554432 (custom)
2021-11-26 01:28:51,730 [IPC Server handler 2 on default port 15522] INFO  server.RaftServerConfigKeys (ConfUtils.java:logGet(44)) - raft.server.log.appender.buffer.element-limit = 1024 (custom)
2021-11-26 01:28:51,731 [IPC Server handler 2 on default port 15522] INFO  grpc.GrpcConfigKeys (ConfUtils.java:logGet(44)) - raft.grpc.server.leader.outstanding.appends.max = 128 (default)
2021-11-26 01:28:51,732 [IPC Server handler 2 on default port 15522] INFO  server.RaftServerConfigKeys (ConfUtils.java:logGet(44)) - raft.server.rpc.request.timeout = 30000ms (custom)
2021-11-26 01:28:51,732 [IPC Server handler 2 on default port 15522] INFO  server.RaftServerConfigKeys (ConfUtils.java:logGet(44)) - raft.server.log.appender.install.snapshot.enabled = false (custom)
2021-11-26 01:28:51,749 [ec3f45f6-a064-4412-8226-4654181b7e55@group-07A8FF5308AF->878f4670-2ce0-4ee1-8021-0f5a1e33ae40-GrpcLogAppender-LogAppenderDaemon] INFO  server.GrpcLogAppender (GrpcLogAppender.java:installSnapshot(550)) - ec3f45f6-a064-4412-8226-4654181b7e55@group-07A8FF5308AF->878f4670-2ce0-4ee1-8021-0f5a1e33ae40-GrpcLogAppender: followerNextIndex = 0 but logStartIndex = 0, notify follower to install snapshot-(t:2, i:2)
2021-11-26 01:28:51,749 [ec3f45f6-a064-4412-8226-4654181b7e55@group-07A8FF5308AF->878f4670-2ce0-4ee1-8021-0f5a1e33ae40-GrpcLogAppender-LogAppenderDaemon] INFO  server.GrpcLogAppender (GrpcLogAppender.java:installSnapshot(558)) - ec3f45f6-a064-4412-8226-4654181b7e55@group-07A8FF5308AF->878f4670-2ce0-4ee1-8021-0f5a1e33ae40-GrpcLogAppender: send ec3f45f6-a064-4412-8226-4654181b7e55->878f4670-2ce0-4ee1-8021-0f5a1e33ae40#0-t2,notify:(t:2, i:2)
2021-11-26 01:28:51,816 [grpc-default-executor-1] INFO  server.RaftServer$Division (RaftServerImpl.java:installSnapshot(1332)) - 878f4670-2ce0-4ee1-8021-0f5a1e33ae40@group-07A8FF5308AF: receive installSnapshot: ec3f45f6-a064-4412-8226-4654181b7e55->878f4670-2ce0-4ee1-8021-0f5a1e33ae40#0-t2,notify:(t:2, i:2)
2021-11-26 01:28:51,819 [grpc-default-executor-1] INFO  ha.SCMStateMachine (SCMStateMachine.java:notifyLeaderChanged(255)) - leader changed, yet current SCM is still follower.
2021-11-26 01:28:51,819 [grpc-default-executor-1] INFO  server.RaftServer$Division (ServerState.java:setLeader(285)) - 878f4670-2ce0-4ee1-8021-0f5a1e33ae40@group-07A8FF5308AF: change Leader from null to ec3f45f6-a064-4412-8226-4654181b7e55 at term 2 for installSnapshot, leader elected after 232ms
2021-11-26 01:28:51,819 [grpc-default-executor-1] INFO  server.RaftServer$Division (RaftServerImpl.java:notifyStateMachineToInstallSnapshot(1551)) - 878f4670-2ce0-4ee1-8021-0f5a1e33ae40@group-07A8FF5308AF: Received notification to install snapshot at index 2
2021-11-26 01:28:51,819 [grpc-default-executor-1] INFO  server.RaftServer$Division (RaftServerImpl.java:notifyStateMachineToInstallSnapshot(1582)) - 878f4670-2ce0-4ee1-8021-0f5a1e33ae40@group-07A8FF5308AF: notifyInstallSnapshot: nextIndex is 0 but the leader's first available index is 2.
2021-11-26 01:28:51,819 [grpc-default-executor-1] INFO  ha.SCMStateMachine (SCMStateMachine.java:notifyInstallSnapshotFromLeader(219)) - Received install snapshot notification from SCM leader: localhost:15520 with term index: (t:2, i:2)
2021-11-26 01:28:51,820 [pool-225-thread-1] INFO  ha.SCMHAManagerImpl (SCMHAManagerImpl.java:getDBCheckpointFromLeader(206)) - Downloading checkpoint from leader SCM scmNode-1 and reloading state from the checkpoint.
2021-11-26 01:28:51,831 [grpc-default-executor-0] INFO  ha.SCMDBCheckpointProvider (SCMDBCheckpointProvider.java:writeDBCheckPointToSream(48)) - Received request to obtain SCM DB checkpoint snapshot
2021-11-26 01:28:51,842 [grpc-default-executor-0] INFO  db.RDBCheckpointManager (RDBCheckpointManager.java:createCheckpoint(86)) - Created checkpoint at /home/runner/work/ozone/ozone/hadoop-ozone/integration-test/target/test-dir/MiniOzoneClusterImpl-70e57338-dd19-42c4-b060-07a8ff5308af/scmNode-1/db.checkpoints/scm.db_checkpoint_1637890131832 in 10 milliseconds
2021-11-26 01:28:51,856 [grpc-default-executor-0] INFO  ha.SCMGrpcOutputStream (SCMGrpcOutputStream.java:close(111)) - Sent 4407 bytes for cluster 70e57338-dd19-42c4-b060-07a8ff5308af
2021-11-26 01:28:51,861 [grpc-default-executor-0] INFO  ha.SCMDBCheckpointProvider (SCMDBCheckpointProvider.java:writeDBCheckPointToSream(73)) - Time taken to write the checkpoint to response output stream: 18 milliseconds
2021-11-26 01:28:51,861 [grpc-default-executor-0] INFO  db.RocksDBCheckpoint (RocksDBCheckpoint.java:cleanupCheckpoint(78)) - Cleaning up RocksDB checkpoint at /home/runner/work/ozone/ozone/hadoop-ozone/integration-test/target/test-dir/MiniOzoneClusterImpl-70e57338-dd19-42c4-b060-07a8ff5308af/scmNode-1/db.checkpoints/scm.db_checkpoint_1637890131832
2021-11-26 01:28:51,862 [grpc-default-executor-2] INFO  ha.InterSCMGrpcClient (InterSCMGrpcClient.java:onCompleted(173)) - Checkpoint is downloaded to /home/runner/work/ozone/ozone/hadoop-ozone/integration-test/target/test-dir/MiniOzoneClusterImpl-70e57338-dd19-42c4-b060-07a8ff5308af/scmNode-2/snapshot/scm.db-scmNode-1-1637890131820.tar.gz
2021-11-26 01:28:51,901 [pool-225-thread-1] INFO  ha.SCMSnapshotProvider (SCMSnapshotProvider.java:getSCMDBSnapshot(131)) - Successfully downloaded latest checkpoint from leader SCM: scmNode-1 path /home/runner/work/ozone/ozone/hadoop-ozone/integration-test/target/test-dir/MiniOzoneClusterImpl-70e57338-dd19-42c4-b060-07a8ff5308af/scmNode-2/snapshot/scm.db-scmNode-1-1637890131820
2021-11-26 01:28:51,901 [pool-225-thread-1] INFO  ha.SCMHAManagerImpl (SCMHAManagerImpl.java:downloadCheckpointFromLeader(158)) - Downloaded checkpoint from Leader scmNode-1 to the location /home/runner/work/ozone/ozone/hadoop-ozone/integration-test/target/test-dir/MiniOzoneClusterImpl-70e57338-dd19-42c4-b060-07a8ff5308af/scmNode-2/snapshot/scm.db-scmNode-1-1637890131820
2021-11-26 01:28:51,935 [pool-225-thread-1] INFO  ha.SCMHAManagerImpl (SCMHAManagerImpl.java:verifyCheckpointFromLeader(172)) - Installing checkpoint with SCMTransactionInfo 2#2
2021-11-26 01:28:51,935 [pool-225-thread-1] INFO  server.RaftServer$Division (RaftServerImpl.java:lambda$notifyStateMachineToInstallSnapshot$30(1595)) - 878f4670-2ce0-4ee1-8021-0f5a1e33ae40@group-07A8FF5308AF: StateMachine successfully installed snapshot index 2. Reloading the StateMachine.
2021-11-26 01:28:51,936 [pool-225-thread-1] INFO  segmented.SegmentedRaftLogWorker (SegmentedRaftLogWorker.java:lambda$new$0(133)) - 878f4670-2ce0-4ee1-8021-0f5a1e33ae40@group-07A8FF5308AF-SegmentedRaftLogWorker: flushIndex: setUnconditionally -1 -> 2
2021-11-26 01:28:51,936 [pool-225-thread-1] INFO  segmented.SegmentedRaftLogWorker (SegmentedRaftLogWorker.java:lambda$new$0(133)) - 878f4670-2ce0-4ee1-8021-0f5a1e33ae40@group-07A8FF5308AF-SegmentedRaftLogWorker: safeCacheEvictIndex: setUnconditionally -1 -> 2
2021-11-26 01:28:51,936 [pool-225-thread-1] INFO  raftlog.RaftLog (RaftLogBase.java:lambda$new$0(53)) - 878f4670-2ce0-4ee1-8021-0f5a1e33ae40@group-07A8FF5308AF-SegmentedRaftLog: snapshotIndex: updateIncreasingly -1 -> 2
2021-11-26 01:28:51,936 [grpc-default-executor-1] INFO  server.RaftServer$Division (RaftServerImpl.java:notifyStateMachineToInstallSnapshot(1638)) - 878f4670-2ce0-4ee1-8021-0f5a1e33ae40@group-07A8FF5308AF: InstallSnapshot notification result: SNAPSHOT_INSTALLED, at index: 2
2021-11-26 01:28:51,936 [grpc-default-executor-1] INFO  server.RaftServer$Division (RaftServerImpl.java:installSnapshotImpl(1462)) - 878f4670-2ce0-4ee1-8021-0f5a1e33ae40@group-07A8FF5308AF: set new configuration index: 1
configurationEntry {
  peers {
    id: "ec3f45f6-a064-4412-8226-4654181b7e55"
    address: "localhost:15520"
  }
}
 from snapshot
2021-11-26 01:28:51,956 [grpc-default-executor-1] INFO  server.RaftServer$Division (ServerState.java:setRaftConf(387)) - 878f4670-2ce0-4ee1-8021-0f5a1e33ae40@group-07A8FF5308AF: set configuration 1: [ec3f45f6-a064-4412-8226-4654181b7e55|rpc:localhost:15520|admin:|client:|dataStream:|priority:0], old=null
2021-11-26 01:28:51,956 [grpc-default-executor-1] INFO  server.RaftServer$Division (RaftServerImpl.java:installSnapshot(1343)) - 878f4670-2ce0-4ee1-8021-0f5a1e33ae40@group-07A8FF5308AF: reply installSnapshot: ec3f45f6-a064-4412-8226-4654181b7e55<-878f4670-2ce0-4ee1-8021-0f5a1e33ae40#0:FAIL-t0,SNAPSHOT_INSTALLED,snapshotIndex=2
2021-11-26 01:28:51,957 [grpc-default-executor-1] INFO  server.GrpcServerProtocolService (GrpcServerProtocolService.java:onCompleted(140)) - 878f4670-2ce0-4ee1-8021-0f5a1e33ae40: Completed INSTALL_SNAPSHOT, lastRequest: ec3f45f6-a064-4412-8226-4654181b7e55->878f4670-2ce0-4ee1-8021-0f5a1e33ae40#0-t2,notify:(t:2, i:2)
2021-11-26 01:28:51,965 [grpc-default-executor-1] INFO  server.GrpcLogAppender (GrpcLogAppender.java:onNext(410)) - ec3f45f6-a064-4412-8226-4654181b7e55@group-07A8FF5308AF->878f4670-2ce0-4ee1-8021-0f5a1e33ae40-InstallSnapshotResponseHandler: received the first reply ec3f45f6-a064-4412-8226-4654181b7e55<-878f4670-2ce0-4ee1-8021-0f5a1e33ae40#0:FAIL-t0,SNAPSHOT_INSTALLED,snapshotIndex=2
2021-11-26 01:28:51,965 [grpc-default-executor-1] INFO  server.GrpcLogAppender (GrpcLogAppender.java:onNext(450)) - ec3f45f6-a064-4412-8226-4654181b7e55@group-07A8FF5308AF->878f4670-2ce0-4ee1-8021-0f5a1e33ae40-InstallSnapshotResponseHandler: Follower installed snapshot at index 2
2021-11-26 01:28:51,965 [grpc-default-executor-1] INFO  leader.FollowerInfo (FollowerInfoImpl.java:lambda$new$0(47)) - ec3f45f6-a064-4412-8226-4654181b7e55@group-07A8FF5308AF->878f4670-2ce0-4ee1-8021-0f5a1e33ae40: snapshotIndex: setUnconditionally 0 -> 2
2021-11-26 01:28:51,965 [grpc-default-executor-1] INFO  leader.FollowerInfo (FollowerInfoImpl.java:lambda$new$0(47)) - ec3f45f6-a064-4412-8226-4654181b7e55@group-07A8FF5308AF->878f4670-2ce0-4ee1-8021-0f5a1e33ae40: matchIndex: setUnconditionally 0 -> 2
2021-11-26 01:28:51,966 [grpc-default-executor-1] INFO  leader.FollowerInfo (FollowerInfoImpl.java:lambda$new$0(47)) - ec3f45f6-a064-4412-8226-4654181b7e55@group-07A8FF5308AF->878f4670-2ce0-4ee1-8021-0f5a1e33ae40: nextIndex: setUnconditionally 0 -> 3
2021-11-26 01:28:51,966 [grpc-default-executor-1] INFO  leader.FollowerInfo (FollowerInfoImpl.java:setAttemptedToInstallSnapshot(116)) - Follower ec3f45f6-a064-4412-8226-4654181b7e55@group-07A8FF5308AF->878f4670-2ce0-4ee1-8021-0f5a1e33ae40 acknowledged installing snapshot
2021-11-26 01:28:51,966 [grpc-default-executor-1] INFO  leader.FollowerInfo (FollowerInfoImpl.java:lambda$new$0(47)) - ec3f45f6-a064-4412-8226-4654181b7e55@group-07A8FF5308AF->878f4670-2ce0-4ee1-8021-0f5a1e33ae40: nextIndex: updateToMax old=3, new=3, updated? false
2021-11-26 01:28:51,972 [grpc-default-executor-2] INFO  impl.RoleInfo (RoleInfo.java:updateAndGet(130)) - 878f4670-2ce0-4ee1-8021-0f5a1e33ae40: start 878f4670-2ce0-4ee1-8021-0f5a1e33ae40@group-07A8FF5308AF-FollowerState
2021-11-26 01:28:52,002 [878f4670-2ce0-4ee1-8021-0f5a1e33ae40@group-07A8FF5308AF-StateMachineUpdater] INFO  ha.SCMHAManagerImpl (SCMHAManagerImpl.java:installCheckpoint(227)) - Installing checkpoint with SCMTransactionInfo 2#2
2021-11-26 01:28:52,005 [878f4670-2ce0-4ee1-8021-0f5a1e33ae40@group-07A8FF5308AF-StateMachineUpdater] INFO  ha.SCMHAManagerImpl (SCMHAManagerImpl.java:installCheckpoint(266)) - Replaced DB with checkpoint, term: 2, index: 2
2021-11-26 01:28:52,005 [878f4670-2ce0-4ee1-8021-0f5a1e33ae40@group-07A8FF5308AF-StateMachineUpdater] WARN  utils.HAUtils (HAUtils.java:getMetaDir(342)) - ozone.scm.db.dirs is not configured. We recommend adding this setting. Falling back to ozone.metadata.dirs instead.
2021-11-26 01:28:52,005 [878f4670-2ce0-4ee1-8021-0f5a1e33ae40@group-07A8FF5308AF-StateMachineUpdater] WARN  db.DBStoreBuilder (DBStoreBuilder.java:applyDBDefinition(145)) - ozone.scm.db.dirs is not configured. We recommend adding this setting. Falling back to ozone.metadata.dirs instead.
2021-11-26 01:28:52,074 [878f4670-2ce0-4ee1-8021-0f5a1e33ae40@group-07A8FF5308AF-StateMachineUpdater] INFO  ha.SequenceIdGenerator (SequenceIdGenerator.java:reinitialize(166)) - reinitialize SequenceIdGenerator.
2021-11-26 01:28:52,074 [878f4670-2ce0-4ee1-8021-0f5a1e33ae40@group-07A8FF5308AF-StateMachineUpdater] INFO  pipeline.PipelineStateManagerImpl (PipelineStateManagerImpl.java:initialize(78)) - No pipeline exists in current db
2021-11-26 01:28:52,074 [878f4670-2ce0-4ee1-8021-0f5a1e33ae40@group-07A8FF5308AF-StateMachineUpdater] INFO  ha.SCMHAManagerImpl (SCMHAManagerImpl.java:installCheckpoint(277)) - Reloaded SCM state with Term: 2 and Index: 2
2021-11-26 01:28:52,075 [878f4670-2ce0-4ee1-8021-0f5a1e33ae40@group-07A8FF5308AF-StateMachineUpdater] INFO  impl.StateMachineUpdater (StateMachineUpdater.java:lambda$new$0(89)) - 878f4670-2ce0-4ee1-8021-0f5a1e33ae40@group-07A8FF5308AF-StateMachineUpdater: snapshotIndex: setUnconditionally -1 -> 2
2021-11-26 01:28:52,075 [878f4670-2ce0-4ee1-8021-0f5a1e33ae40@group-07A8FF5308AF-StateMachineUpdater] INFO  impl.StateMachineUpdater (StateMachineUpdater.java:lambda$new$0(89)) - 878f4670-2ce0-4ee1-8021-0f5a1e33ae40@group-07A8FF5308AF-StateMachineUpdater: appliedIndex: setUnconditionally -1 -> 2
2021-11-26 01:28:52,190 [EndpointStateMachine task thread for /127.0.0.1:12845 - 0 ] INFO  ipc.Client (Client.java:handleConnectionFailure(977)) - Retrying connect to server: localhost/127.0.0.1:12845. Already tried 13 time(s); retry policy is RetryUpToMaximumCountWithFixedSleep(maxRetries=15, sleepTime=1000 MILLISECONDS)
2021-11-26 01:28:52,194 [EndpointStateMachine task thread for /127.0.0.1:12825 - 0 ] INFO  ipc.Client (Client.java:handleConnectionFailure(977)) - Retrying connect to server: localhost/127.0.0.1:12825. Already tried 1 time(s); retry policy is RetryUpToMaximumCountWithFixedSleep(maxRetries=15, sleepTime=1000 MILLISECONDS)
2021-11-26 01:28:52,200 [EndpointStateMachine task thread for /127.0.0.1:12835 - 0 ] INFO  ipc.Client (Client.java:handleConnectionFailure(977)) - Retrying connect to server: localhost/127.0.0.1:12835. Already tried 13 time(s); retry policy is RetryUpToMaximumCountWithFixedSleep(maxRetries=15, sleepTime=1000 MILLISECONDS)
2021-11-26 01:28:53,190 [EndpointStateMachine task thread for /127.0.0.1:12845 - 0 ] INFO  ipc.Client (Client.java:handleConnectionFailure(977)) - Retrying connect to server: localhost/127.0.0.1:12845. Already tried 14 time(s); retry policy is RetryUpToMaximumCountWithFixedSleep(maxRetries=15, sleepTime=1000 MILLISECONDS)
2021-11-26 01:28:53,199 [EndpointStateMachine task thread for /127.0.0.1:12825 - 0 ] INFO  ipc.Client (Client.java:handleConnectionFailure(977)) - Retrying connect to server: localhost/127.0.0.1:12825. Already tried 2 time(s); retry policy is RetryUpToMaximumCountWithFixedSleep(maxRetries=15, sleepTime=1000 MILLISECONDS)
2021-11-26 01:28:53,201 [EndpointStateMachine task thread for /127.0.0.1:12835 - 0 ] INFO  ipc.Client (Client.java:handleConnectionFailure(977)) - Retrying connect to server: localhost/127.0.0.1:12835. Already tried 14 time(s); retry policy is RetryUpToMaximumCountWithFixedSleep(maxRetries=15, sleepTime=1000 MILLISECONDS)
2021-11-26 01:28:54,192 [EndpointStateMachine task thread for /127.0.0.1:12845 - 0 ] INFO  ipc.Client (Client.java:handleConnectionFailure(977)) - Retrying connect to server: localhost/127.0.0.1:12845. Already tried 0 time(s); retry policy is RetryUpToMaximumCountWithFixedSleep(maxRetries=15, sleepTime=1000 MILLISECONDS)
2021-11-26 01:28:54,200 [EndpointStateMachine task thread for /127.0.0.1:12825 - 0 ] INFO  ipc.Client (Client.java:handleConnectionFailure(977)) - Retrying connect to server: localhost/127.0.0.1:12825. Already tried 3 time(s); retry policy is RetryUpToMaximumCountWithFixedSleep(maxRetries=15, sleepTime=1000 MILLISECONDS)
2021-11-26 01:28:54,202 [EndpointStateMachine task thread for /127.0.0.1:12835 - 0 ] INFO  ipc.Client (Client.java:handleConnectionFailure(977)) - Retrying connect to server: localhost/127.0.0.1:12835. Already tried 0 time(s); retry policy is RetryUpToMaximumCountWithFixedSleep(maxRetries=15, sleepTime=1000 MILLISECONDS)
2021-11-26 01:28:55,192 [EndpointStateMachine task thread for /127.0.0.1:12845 - 0 ] INFO  ipc.Client (Client.java:handleConnectionFailure(977)) - Retrying connect to server: localhost/127.0.0.1:12845. Already tried 1 time(s); retry policy is RetryUpToMaximumCountWithFixedSleep(maxRetries=15, sleepTime=1000 MILLISECONDS)
2021-11-26 01:28:55,200 [EndpointStateMachine task thread for /127.0.0.1:12825 - 0 ] INFO  ipc.Client (Client.java:handleConnectionFailure(977)) - Retrying connect to server: localhost/127.0.0.1:12825. Already tried 4 time(s); retry policy is RetryUpToMaximumCountWithFixedSleep(maxRetries=15, sleepTime=1000 MILLISECONDS)
2021-11-26 01:28:55,202 [EndpointStateMachine task thread for /127.0.0.1:12835 - 0 ] INFO  ipc.Client (Client.java:handleConnectionFailure(977)) - Retrying connect to server: localhost/127.0.0.1:12835. Already tried 1 time(s); retry policy is RetryUpToMaximumCountWithFixedSleep(maxRetries=15, sleepTime=1000 MILLISECONDS)
2021-11-26 01:28:55,251 [ec3f45f6-a064-4412-8226-4654181b7e55@group-07A8FF5308AF-LeaderStateImpl] INFO  server.RaftServer$Division (ServerState.java:setRaftConf(387)) - ec3f45f6-a064-4412-8226-4654181b7e55@group-07A8FF5308AF: set configuration 3: [878f4670-2ce0-4ee1-8021-0f5a1e33ae40|rpc:localhost:15530|priority:0, ec3f45f6-a064-4412-8226-4654181b7e55|rpc:localhost:15520|admin:|client:|dataStream:|priority:0], old=[ec3f45f6-a064-4412-8226-4654181b7e55|rpc:localhost:15520|admin:|client:|dataStream:|priority:0]
2021-11-26 01:28:55,253 [grpc-default-executor-2] INFO  server.RaftServer$Division (ServerState.java:setRaftConf(387)) - 878f4670-2ce0-4ee1-8021-0f5a1e33ae40@group-07A8FF5308AF: set configuration 3: [878f4670-2ce0-4ee1-8021-0f5a1e33ae40|rpc:localhost:15530|admin:|client:|dataStream:|priority:0, ec3f45f6-a064-4412-8226-4654181b7e55|rpc:localhost:15520|admin:|client:|dataStream:|priority:0], old=[ec3f45f6-a064-4412-8226-4654181b7e55|rpc:localhost:15520|admin:|client:|dataStream:|priority:0]
2021-11-26 01:28:55,254 [grpc-default-executor-2] INFO  segmented.SegmentedRaftLogWorker (SegmentedRaftLogWorker.java:startLogSegment(394)) - 878f4670-2ce0-4ee1-8021-0f5a1e33ae40@group-07A8FF5308AF-SegmentedRaftLogWorker: Starting segment from index:3
2021-11-26 01:28:55,262 [878f4670-2ce0-4ee1-8021-0f5a1e33ae40@group-07A8FF5308AF-SegmentedRaftLogWorker] INFO  segmented.SegmentedRaftLogWorker (SegmentedRaftLogWorker.java:execute(601)) - 878f4670-2ce0-4ee1-8021-0f5a1e33ae40@group-07A8FF5308AF-SegmentedRaftLogWorker: created new log segment /home/runner/work/ozone/ozone/hadoop-ozone/integration-test/target/test-dir/MiniOzoneClusterImpl-70e57338-dd19-42c4-b060-07a8ff5308af/scmNode-2/scm-ha/70e57338-dd19-42c4-b060-07a8ff5308af/current/log_inprogress_3
2021-11-26 01:28:55,271 [ec3f45f6-a064-4412-8226-4654181b7e55@group-07A8FF5308AF-LeaderStateImpl] INFO  server.RaftServer$Division (ServerState.java:setRaftConf(387)) - ec3f45f6-a064-4412-8226-4654181b7e55@group-07A8FF5308AF: set configuration 5: [878f4670-2ce0-4ee1-8021-0f5a1e33ae40|rpc:localhost:15530|priority:0, ec3f45f6-a064-4412-8226-4654181b7e55|rpc:localhost:15520|admin:|client:|dataStream:|priority:0], old=null
2021-11-26 01:28:55,272 [grpc-default-executor-2] INFO  server.RaftServer$Division (ServerState.java:setRaftConf(387)) - 878f4670-2ce0-4ee1-8021-0f5a1e33ae40@group-07A8FF5308AF: set configuration 5: [878f4670-2ce0-4ee1-8021-0f5a1e33ae40|rpc:localhost:15530|admin:|client:|dataStream:|priority:0, ec3f45f6-a064-4412-8226-4654181b7e55|rpc:localhost:15520|admin:|client:|dataStream:|priority:0], old=null
2021-11-26 01:28:55,282 [878f4670-2ce0-4ee1-8021-0f5a1e33ae40@group-07A8FF5308AF-StateMachineUpdater] INFO  safemode.HealthyPipelineSafeModeRule (HealthyPipelineSafeModeRule.java:initializeRule(152)) - Refreshed total pipeline count is 0, healthy pipeline threshold count is 1
2021-11-26 01:28:55,282 [878f4670-2ce0-4ee1-8021-0f5a1e33ae40@group-07A8FF5308AF-StateMachineUpdater] INFO  safemode.ContainerSafeModeRule (ContainerSafeModeRule.java:reInitializeRule(177)) - Refreshed one replica container threshold 0, currentThreshold 0
2021-11-26 01:28:55,282 [878f4670-2ce0-4ee1-8021-0f5a1e33ae40@group-07A8FF5308AF-StateMachineUpdater] INFO  safemode.OneReplicaPipelineSafeModeRule (OneReplicaPipelineSafeModeRule.java:initializeRule(176)) - Refreshed Total pipeline count is 0, pipeline's with at least one datanode reported threshold count is 0
2021-11-26 01:28:55,282 [878f4670-2ce0-4ee1-8021-0f5a1e33ae40@group-07A8FF5308AF-StateMachineUpdater] INFO  server.SCMDatanodeProtocolServer (SCMDatanodeProtocolServer.java:start(181)) - RPC server for DataNodes is listening at /0.0.0.0:15531
2021-11-26 01:28:55,290 [IPC Server handler 2 on default port 15522] INFO  ha.SCMRatisServerImpl (SCMRatisServerImpl.java:addSCM(302)) - Successfully added new SCM: 878f4670-2ce0-4ee1-8021-0f5a1e33ae40.
2021-11-26 01:28:55,292 [IPC Server Responder] INFO  ipc.Server (Server.java:run(1507)) - IPC Server Responder: starting
2021-11-26 01:28:55,297 [ec3f45f6-a064-4412-8226-4654181b7e55@group-07A8FF5308AF-StateMachineUpdater] INFO  ha.SCMStateMachine (SCMStateMachine.java:takeSnapshot(297)) - Current Snapshot Index 5, takeSnapshot took 7 ms
2021-11-26 01:28:55,297 [ec3f45f6-a064-4412-8226-4654181b7e55@group-07A8FF5308AF-StateMachineUpdater] INFO  impl.StateMachineUpdater (StateMachineUpdater.java:takeSnapshot(281)) - ec3f45f6-a064-4412-8226-4654181b7e55@group-07A8FF5308AF-StateMachineUpdater: Took a snapshot at index 5
2021-11-26 01:28:55,297 [ec3f45f6-a064-4412-8226-4654181b7e55@group-07A8FF5308AF-StateMachineUpdater] INFO  impl.StateMachineUpdater (StateMachineUpdater.java:lambda$new$0(89)) - ec3f45f6-a064-4412-8226-4654181b7e55@group-07A8FF5308AF-StateMachineUpdater: snapshotIndex: updateIncreasingly -1 -> 5
2021-11-26 01:28:55,297 [ec3f45f6-a064-4412-8226-4654181b7e55@group-07A8FF5308AF-StateMachineUpdater] INFO  raftlog.RaftLog (RaftLogBase.java:purge(306)) - ec3f45f6-a064-4412-8226-4654181b7e55@group-07A8FF5308AF-SegmentedRaftLog: purge 5
2021-11-26 01:28:55,297 [ec3f45f6-a064-4412-8226-4654181b7e55@group-07A8FF5308AF-StateMachineUpdater] INFO  raftlog.RaftLog (RaftLogBase.java:lambda$new$0(53)) - ec3f45f6-a064-4412-8226-4654181b7e55@group-07A8FF5308AF-SegmentedRaftLog: snapshotIndex: updateIncreasingly -1 -> 5
2021-11-26 01:28:55,297 [ec3f45f6-a064-4412-8226-4654181b7e55@group-07A8FF5308AF-SegmentedRaftLogWorker] INFO  raftlog.RaftLog (RaftLogBase.java:lambda$new$0(53)) - ec3f45f6-a064-4412-8226-4654181b7e55@group-07A8FF5308AF-SegmentedRaftLog: purgeIndex: updateToMax old=-1, new=0, updated? true
2021-11-26 01:28:55,296 [Listener at 0.0.0.0/15533] INFO  ha.SCMHAManagerImpl (SCMHAManagerImpl.java:start(116)) - Successfully added SCM scmNode-2 to group group-07A8FF5308AF:[878f4670-2ce0-4ee1-8021-0f5a1e33ae40|rpc:localhost:15530|admin:|client:|dataStream:|priority:0, ec3f45f6-a064-4412-8226-4654181b7e55|rpc:localhost:15520|admin:|client:|dataStream:|priority:0]
2021-11-26 01:28:55,300 [Listener at 0.0.0.0/15533] INFO  ha.InterSCMGrpcService (InterSCMGrpcProtocolService.java:start(94)) - Starting SCM Grpc Service at port 15534
2021-11-26 01:28:55,308 [Listener at 0.0.0.0/15533] INFO  impl.MetricsSystemImpl (MetricsSystemImpl.java:init(158)) - StorageContainerManager metrics system started (again)
2021-11-26 01:28:55,340 [IPC Server listener on 15531] INFO  ipc.Server (Server.java:run(1344)) - IPC Server listener on 15531: starting
2021-11-26 01:28:55,401 [Listener at 0.0.0.0/15533] INFO  server.SCMClientProtocolServer (SCMClientProtocolServer.java:start(164)) - RPC server for Client  is listening at /0.0.0.0:15533
2021-11-26 01:28:55,402 [IPC Server Responder] INFO  ipc.Server (Server.java:run(1507)) - IPC Server Responder: starting
2021-11-26 01:28:55,404 [IPC Server listener on 15533] INFO  ipc.Server (Server.java:run(1344)) - IPC Server listener on 15533: starting
2021-11-26 01:28:55,440 [Listener at 0.0.0.0/15533] INFO  server.StorageContainerManager (StorageContainerManager.java:start(1318)) - ScmBlockLocationProtocol RPC server is listening at /0.0.0.0:15532
2021-11-26 01:28:55,441 [Listener at 0.0.0.0/15533] INFO  server.SCMBlockProtocolServer (SCMBlockProtocolServer.java:start(151)) - RPC server for Block Protocol is listening at /0.0.0.0:15532
2021-11-26 01:28:55,441 [IPC Server Responder] INFO  ipc.Server (Server.java:run(1507)) - IPC Server Responder: starting
2021-11-26 01:28:55,442 [IPC Server listener on 15532] INFO  ipc.Server (Server.java:run(1344)) - IPC Server listener on 15532: starting
2021-11-26 01:28:55,448 [Listener at 0.0.0.0/15533] INFO  server.StorageContainerManager (StorageContainerManager.java:start(1324)) - ScmDatanodeProtocl RPC server is listening at /0.0.0.0:15531
2021-11-26 01:28:55,460 [Listener at 0.0.0.0/15533] INFO  http.BaseHttpServer (BaseHttpServer.java:newHttpServer2BuilderForOzone(209)) - Starting Web-server for scm at: http://0.0.0.0:15528
2021-11-26 01:28:55,460 [Listener at 0.0.0.0/15533] INFO  http.BaseHttpServer (BaseHttpServer.java:<init>(107)) - Hadoop Security Enabled: false Ozone Security Enabled: false Ozone HTTP Security Enabled: false 
2021-11-26 01:28:55,464 [Listener at 0.0.0.0/15533] INFO  server.AuthenticationFilter (AuthenticationFilter.java:constructSecretProvider(240)) - Unable to initialize FileSignerSecretProvider, falling back to use random secrets.
2021-11-26 01:28:55,466 [org.apache.hadoop.util.JvmPauseMonitor$Monitor@6c2e0e44] INFO  util.JvmPauseMonitor (JvmPauseMonitor.java:run(188)) - Starting JVM pause monitor
2021-11-26 01:28:55,468 [Listener at 0.0.0.0/15533] WARN  http.HttpRequestLog (HttpRequestLog.java:getRequestLog(103)) - Jetty request log can only be enabled using Log4j
2021-11-26 01:28:55,471 [Listener at 0.0.0.0/15533] INFO  http.HttpServer2 (HttpServer2.java:addGlobalFilter(1030)) - Added global filter 'safety' (class=org.apache.hadoop.hdds.server.http.HttpServer2$QuotingInputFilter)
2021-11-26 01:28:55,472 [Listener at 0.0.0.0/15533] INFO  http.HttpServer2 (HttpServer2.java:addFilter(1006)) - Added filter static_user_filter (class=org.apache.hadoop.http.lib.StaticUserWebFilter$StaticUserFilter) to context scm
2021-11-26 01:28:55,472 [Listener at 0.0.0.0/15533] INFO  http.HttpServer2 (HttpServer2.java:addFilter(1014)) - Added filter static_user_filter (class=org.apache.hadoop.http.lib.StaticUserWebFilter$StaticUserFilter) to context static
2021-11-26 01:28:55,472 [Listener at 0.0.0.0/15533] INFO  http.HttpServer2 (HttpServer2.java:addFilter(1014)) - Added filter static_user_filter (class=org.apache.hadoop.http.lib.StaticUserWebFilter$StaticUserFilter) to context logs
2021-11-26 01:28:55,473 [Listener at 0.0.0.0/15533] INFO  http.HttpServer2 (HttpServer2.java:bindListener(1249)) - Jetty bound to port 15528
2021-11-26 01:28:55,473 [Listener at 0.0.0.0/15533] INFO  server.Server (Server.java:doStart(375)) - jetty-9.4.43.v20210629; built: 2021-06-30T11:07:22.254Z; git: 526006ecfa3af7f1a27ef3a288e2bef7ea9dd7e8; jvm 1.8.0_292-b10
2021-11-26 01:28:55,490 [Listener at 0.0.0.0/15533] INFO  server.session (DefaultSessionIdManager.java:doStart(334)) - DefaultSessionIdManager workerName=node0
2021-11-26 01:28:55,491 [Listener at 0.0.0.0/15533] INFO  server.session (DefaultSessionIdManager.java:doStart(339)) - No SessionScavenger set, using defaults
2021-11-26 01:28:55,491 [Listener at 0.0.0.0/15533] INFO  server.session (HouseKeeper.java:startScavenging(132)) - node0 Scavenging every 600000ms
2021-11-26 01:28:55,492 [Listener at 0.0.0.0/15533] INFO  handler.ContextHandler (ContextHandler.java:doStart(915)) - Started o.e.j.s.ServletContextHandler@1bdc5006{logs,/logs,file:///home/runner/work/ozone/ozone/hadoop-ozone/integration-test/target/log,AVAILABLE}
2021-11-26 01:28:55,492 [Listener at 0.0.0.0/15533] INFO  handler.ContextHandler (ContextHandler.java:doStart(915)) - Started o.e.j.s.ServletContextHandler@24a170e0{static,/static,file:///home/runner/work/ozone/ozone/hadoop-ozone/integration-test/target/test-classes/webapps/static,AVAILABLE}
2021-11-26 01:28:55,502 [Listener at 0.0.0.0/15533] INFO  handler.ContextHandler (ContextHandler.java:doStart(915)) - Started o.e.j.w.WebAppContext@5bf8d583{scm,/,file:///home/runner/work/ozone/ozone/hadoop-ozone/integration-test/target/test-classes/webapps/scm/,AVAILABLE}{file:/home/runner/work/ozone/ozone/hadoop-ozone/integration-test/target/test-classes/webapps/scm}
2021-11-26 01:28:55,510 [Listener at 0.0.0.0/15533] INFO  server.AbstractConnector (AbstractConnector.java:doStart(331)) - Started ServerConnector@397411e1{HTTP/1.1, (http/1.1)}{0.0.0.0:15528}
2021-11-26 01:28:55,510 [Listener at 0.0.0.0/15533] INFO  server.Server (Server.java:doStart(415)) - Started @91742ms
2021-11-26 01:28:55,511 [Listener at 0.0.0.0/15533] WARN  impl.MetricsSystemImpl (MetricsSystemImpl.java:register(279)) - Sink prometheus already exists!
2021-11-26 01:28:55,511 [Listener at 0.0.0.0/15533] INFO  http.BaseHttpServer (BaseHttpServer.java:updateConnectorAddress(329)) - HTTP server of scm listening at http://0.0.0.0:15528
2021-11-26 01:28:55,511 [Listener at 0.0.0.0/15533] INFO  ozone.MiniOzoneHAClusterImpl (MiniOzoneHAClusterImpl.java:createSCMService(577)) - Started SCM RPC server at org.apache.hadoop.hdds.scm.server.SCMClientProtocolServer@7f6f4644
2021-11-26 01:28:55,513 [Listener at 0.0.0.0/15533] INFO  ha.SCMHANodeDetails (SCMHANodeDetails.java:loadSCMHAConfig(157)) - ServiceID for StorageContainerManager is scm-service-test1
2021-11-26 01:28:55,513 [Listener at 0.0.0.0/15533] INFO  ha.SCMHANodeDetails (SCMHANodeDetails.java:loadSCMHAConfig(168)) - ServiceID for StorageContainerManager is scm-service-test1
2021-11-26 01:28:55,516 [Listener at 0.0.0.0/15533] WARN  scm.ScmUtils (ScmUtils.java:logWarn(179)) - ConfigKey ozone.scm.block.client.address is deprecated, For configuring different ports for each SCM use PortConfigKey ozone.scm.block.client.port appended with serviceId and nodeId. If want to configure same port configure ozone.scm.block.client.port
2021-11-26 01:28:55,518 [Listener at 0.0.0.0/15533] WARN  scm.ScmUtils (ScmUtils.java:logWarn(179)) - ConfigKey ozone.scm.client.address is deprecated, For configuring different ports for each SCM use PortConfigKey ozone.scm.client.port appended with serviceId and nodeId. If want to configure same port configure ozone.scm.client.port
2021-11-26 01:28:55,518 [Listener at 0.0.0.0/15533] WARN  scm.ScmUtils (ScmUtils.java:logWarn(179)) - ConfigKey ozone.scm.datanode.address is deprecated, For configuring different ports for each SCM use PortConfigKey ozone.scm.datanode.port appended with serviceId and nodeId. If want to configure same port configure ozone.scm.datanode.port
2021-11-26 01:28:55,518 [Listener at 0.0.0.0/15533] WARN  scm.ScmUtils (ScmUtils.java:logWarn(179)) - ConfigKey ozone.scm.block.client.address is deprecated, For configuring different ports for each SCM use PortConfigKey ozone.scm.block.client.port appended with serviceId and nodeId. If want to configure same port configure ozone.scm.block.client.port
2021-11-26 01:28:55,518 [Listener at 0.0.0.0/15533] WARN  scm.ScmUtils (ScmUtils.java:logWarn(179)) - ConfigKey ozone.scm.client.address is deprecated, For configuring different ports for each SCM use PortConfigKey ozone.scm.client.port appended with serviceId and nodeId. If want to configure same port configure ozone.scm.client.port
2021-11-26 01:28:55,519 [Listener at 0.0.0.0/15533] WARN  scm.ScmUtils (ScmUtils.java:logWarn(179)) - ConfigKey ozone.scm.datanode.address is deprecated, For configuring different ports for each SCM use PortConfigKey ozone.scm.datanode.port appended with serviceId and nodeId. If want to configure same port configure ozone.scm.datanode.port
2021-11-26 01:28:55,519 [Listener at 0.0.0.0/15533] INFO  ha.SCMHANodeDetails (SCMHANodeDetails.java:loadSCMHAConfig(250)) - Found matching SCM address with SCMServiceId: scm-service-test1, SCMNodeId: scmNode-3, RPC Address: localhost:15540 and Ratis port: 15540
2021-11-26 01:28:55,519 [Listener at 0.0.0.0/15533] INFO  ha.SCMHANodeDetails (ConfUtils.java:setNodeSpecificConfigs(108)) - Setting configuration key ozone.scm.datanode.address with value of key ozone.scm.datanode.address.scm-service-test1.scmNode-3: 127.0.0.1:15541
2021-11-26 01:28:55,519 [Listener at 0.0.0.0/15533] INFO  ha.SCMHANodeDetails (ConfUtils.java:setNodeSpecificConfigs(108)) - Setting configuration key ozone.scm.block.client.address with value of key ozone.scm.block.client.address.scm-service-test1.scmNode-3: 127.0.0.1:15542
2021-11-26 01:28:55,519 [Listener at 0.0.0.0/15533] INFO  ha.SCMHANodeDetails (ConfUtils.java:setNodeSpecificConfigs(108)) - Setting configuration key ozone.scm.client.address with value of key ozone.scm.client.address.scm-service-test1.scmNode-3: 127.0.0.1:15543
2021-11-26 01:28:55,519 [Listener at 0.0.0.0/15533] INFO  ha.SCMHANodeDetails (ConfUtils.java:setNodeSpecificConfigs(108)) - Setting configuration key ozone.scm.ratis.port with value of key ozone.scm.ratis.port.scm-service-test1.scmNode-3: 15540
2021-11-26 01:28:55,519 [Listener at 0.0.0.0/15533] INFO  ha.SCMHANodeDetails (ConfUtils.java:setNodeSpecificConfigs(108)) - Setting configuration key ozone.scm.grpc.port with value of key ozone.scm.grpc.port.scm-service-test1.scmNode-3: 15544
2021-11-26 01:28:55,520 [Listener at 0.0.0.0/15533] INFO  ha.SCMHANodeDetails (ConfUtils.java:setNodeSpecificConfigs(108)) - Setting configuration key ozone.scm.http-address with value of key ozone.scm.http-address.scm-service-test1.scmNode-3: 127.0.0.1:15538
2021-11-26 01:28:55,520 [Listener at 0.0.0.0/15533] INFO  ha.SCMHANodeDetails (ConfUtils.java:setNodeSpecificConfigs(108)) - Setting configuration key ozone.scm.https-address with value of key ozone.scm.https-address.scm-service-test1.scmNode-3: 127.0.0.1:15539
2021-11-26 01:28:55,520 [Listener at 0.0.0.0/15533] INFO  ha.SCMHANodeDetails (ConfUtils.java:setNodeSpecificConfigs(108)) - Setting configuration key ozone.scm.address with value of key ozone.scm.address.scm-service-test1.scmNode-3: 127.0.0.1
2021-11-26 01:28:55,520 [Listener at 0.0.0.0/15533] WARN  scm.ScmUtils (ScmUtils.java:logWarn(179)) - ConfigKey ozone.scm.block.client.address is deprecated, For configuring different ports for each SCM use PortConfigKey ozone.scm.block.client.port appended with serviceId and nodeId. If want to configure same port configure ozone.scm.block.client.port
2021-11-26 01:28:55,520 [Listener at 0.0.0.0/15533] WARN  scm.ScmUtils (ScmUtils.java:logWarn(179)) - ConfigKey ozone.scm.client.address is deprecated, For configuring different ports for each SCM use PortConfigKey ozone.scm.client.port appended with serviceId and nodeId. If want to configure same port configure ozone.scm.client.port
2021-11-26 01:28:55,520 [Listener at 0.0.0.0/15533] WARN  scm.ScmUtils (ScmUtils.java:logWarn(179)) - ConfigKey ozone.scm.datanode.address is deprecated, For configuring different ports for each SCM use PortConfigKey ozone.scm.datanode.port appended with serviceId and nodeId. If want to configure same port configure ozone.scm.datanode.port
2021-11-26 01:28:55,520 [Listener at 0.0.0.0/15533] WARN  server.ServerUtils (ServerUtils.java:getScmDbDir(148)) - ozone.scm.db.dirs is not configured. We recommend adding this setting. Falling back to ozone.metadata.dirs instead.
2021-11-26 01:28:55,522 [Listener at 0.0.0.0/15533] INFO  ha.SCMNodeInfo (SCMNodeInfo.java:getPort(197)) - ConfigKey ozone.scm.client.address is deprecated, For configuring different ports for each SCM use PortConfigKey ozone.scm.client.port appended with serviceId and nodeId
2021-11-26 01:28:55,522 [Listener at 0.0.0.0/15533] INFO  ha.SCMNodeInfo (SCMNodeInfo.java:getPort(197)) - ConfigKey ozone.scm.block.client.address is deprecated, For configuring different ports for each SCM use PortConfigKey ozone.scm.block.client.port appended with serviceId and nodeId
2021-11-26 01:28:55,522 [Listener at 0.0.0.0/15533] INFO  ha.SCMNodeInfo (SCMNodeInfo.java:getPort(197)) - ConfigKey ozone.scm.datanode.address is deprecated, For configuring different ports for each SCM use PortConfigKey ozone.scm.datanode.port appended with serviceId and nodeId
2021-11-26 01:28:55,522 [Listener at 0.0.0.0/15533] INFO  ha.SCMNodeInfo (SCMNodeInfo.java:getPort(197)) - ConfigKey ozone.scm.client.address is deprecated, For configuring different ports for each SCM use PortConfigKey ozone.scm.client.port appended with serviceId and nodeId
2021-11-26 01:28:55,522 [Listener at 0.0.0.0/15533] INFO  ha.SCMNodeInfo (SCMNodeInfo.java:getPort(197)) - ConfigKey ozone.scm.block.client.address is deprecated, For configuring different ports for each SCM use PortConfigKey ozone.scm.block.client.port appended with serviceId and nodeId
2021-11-26 01:28:55,523 [Listener at 0.0.0.0/15533] INFO  ha.SCMNodeInfo (SCMNodeInfo.java:getPort(197)) - ConfigKey ozone.scm.datanode.address is deprecated, For configuring different ports for each SCM use PortConfigKey ozone.scm.datanode.port appended with serviceId and nodeId
2021-11-26 01:28:55,523 [Listener at 0.0.0.0/15533] INFO  ha.SCMNodeInfo (SCMNodeInfo.java:getPort(197)) - ConfigKey ozone.scm.client.address is deprecated, For configuring different ports for each SCM use PortConfigKey ozone.scm.client.port appended with serviceId and nodeId
2021-11-26 01:28:55,523 [Listener at 0.0.0.0/15533] INFO  ha.SCMNodeInfo (SCMNodeInfo.java:getPort(197)) - ConfigKey ozone.scm.block.client.address is deprecated, For configuring different ports for each SCM use PortConfigKey ozone.scm.block.client.port appended with serviceId and nodeId
2021-11-26 01:28:55,523 [Listener at 0.0.0.0/15533] INFO  ha.SCMNodeInfo (SCMNodeInfo.java:getPort(197)) - ConfigKey ozone.scm.datanode.address is deprecated, For configuring different ports for each SCM use PortConfigKey ozone.scm.datanode.port appended with serviceId and nodeId
2021-11-26 01:28:55,558 [Listener at 0.0.0.0/15533] INFO  server.StorageContainerManager (StorageContainerManager.java:scmBootstrap(987)) - SCM BootStrap  is successful for ClusterID 70e57338-dd19-42c4-b060-07a8ff5308af, SCMID 01294dc6-9f36-4a18-805d-4c42b975ebdc
2021-11-26 01:28:55,558 [Listener at 0.0.0.0/15533] INFO  server.StorageContainerManager (StorageContainerManager.java:scmBootstrap(989)) - Primary SCM Node ID ec3f45f6-a064-4412-8226-4654181b7e55
2021-11-26 01:28:55,558 [Listener at 0.0.0.0/15533] INFO  ha.SCMHANodeDetails (SCMHANodeDetails.java:loadSCMHAConfig(157)) - ServiceID for StorageContainerManager is scm-service-test1
2021-11-26 01:28:55,558 [Listener at 0.0.0.0/15533] INFO  ha.SCMHANodeDetails (SCMHANodeDetails.java:loadSCMHAConfig(168)) - ServiceID for StorageContainerManager is scm-service-test1
2021-11-26 01:28:55,558 [Listener at 0.0.0.0/15533] WARN  scm.ScmUtils (ScmUtils.java:logWarn(179)) - ConfigKey ozone.scm.block.client.address is deprecated, For configuring different ports for each SCM use PortConfigKey ozone.scm.block.client.port appended with serviceId and nodeId. If want to configure same port configure ozone.scm.block.client.port
2021-11-26 01:28:55,558 [Listener at 0.0.0.0/15533] WARN  scm.ScmUtils (ScmUtils.java:logWarn(179)) - ConfigKey ozone.scm.client.address is deprecated, For configuring different ports for each SCM use PortConfigKey ozone.scm.client.port appended with serviceId and nodeId. If want to configure same port configure ozone.scm.client.port
2021-11-26 01:28:55,559 [Listener at 0.0.0.0/15533] WARN  scm.ScmUtils (ScmUtils.java:logWarn(179)) - ConfigKey ozone.scm.datanode.address is deprecated, For configuring different ports for each SCM use PortConfigKey ozone.scm.datanode.port appended with serviceId and nodeId. If want to configure same port configure ozone.scm.datanode.port
2021-11-26 01:28:55,559 [Listener at 0.0.0.0/15533] WARN  scm.ScmUtils (ScmUtils.java:logWarn(179)) - ConfigKey ozone.scm.block.client.address is deprecated, For configuring different ports for each SCM use PortConfigKey ozone.scm.block.client.port appended with serviceId and nodeId. If want to configure same port configure ozone.scm.block.client.port
2021-11-26 01:28:55,559 [Listener at 0.0.0.0/15533] WARN  scm.ScmUtils (ScmUtils.java:logWarn(179)) - ConfigKey ozone.scm.client.address is deprecated, For configuring different ports for each SCM use PortConfigKey ozone.scm.client.port appended with serviceId and nodeId. If want to configure same port configure ozone.scm.client.port
2021-11-26 01:28:55,559 [Listener at 0.0.0.0/15533] WARN  scm.ScmUtils (ScmUtils.java:logWarn(179)) - ConfigKey ozone.scm.datanode.address is deprecated, For configuring different ports for each SCM use PortConfigKey ozone.scm.datanode.port appended with serviceId and nodeId. If want to configure same port configure ozone.scm.datanode.port
2021-11-26 01:28:55,559 [Listener at 0.0.0.0/15533] INFO  ha.SCMHANodeDetails (SCMHANodeDetails.java:loadSCMHAConfig(250)) - Found matching SCM address with SCMServiceId: scm-service-test1, SCMNodeId: scmNode-3, RPC Address: localhost:15540 and Ratis port: 15540
2021-11-26 01:28:55,559 [Listener at 0.0.0.0/15533] INFO  ha.SCMHANodeDetails (ConfUtils.java:setNodeSpecificConfigs(108)) - Setting configuration key ozone.scm.datanode.address with value of key ozone.scm.datanode.address.scm-service-test1.scmNode-3: 127.0.0.1:15541
2021-11-26 01:28:55,559 [Listener at 0.0.0.0/15533] INFO  ha.SCMHANodeDetails (ConfUtils.java:setNodeSpecificConfigs(108)) - Setting configuration key ozone.scm.block.client.address with value of key ozone.scm.block.client.address.scm-service-test1.scmNode-3: 127.0.0.1:15542
2021-11-26 01:28:55,560 [Listener at 0.0.0.0/15533] INFO  ha.SCMHANodeDetails (ConfUtils.java:setNodeSpecificConfigs(108)) - Setting configuration key ozone.scm.client.address with value of key ozone.scm.client.address.scm-service-test1.scmNode-3: 127.0.0.1:15543
2021-11-26 01:28:55,560 [Listener at 0.0.0.0/15533] INFO  ha.SCMHANodeDetails (ConfUtils.java:setNodeSpecificConfigs(108)) - Setting configuration key ozone.scm.ratis.port with value of key ozone.scm.ratis.port.scm-service-test1.scmNode-3: 15540
2021-11-26 01:28:55,560 [Listener at 0.0.0.0/15533] INFO  ha.SCMHANodeDetails (ConfUtils.java:setNodeSpecificConfigs(108)) - Setting configuration key ozone.scm.grpc.port with value of key ozone.scm.grpc.port.scm-service-test1.scmNode-3: 15544
2021-11-26 01:28:55,560 [Listener at 0.0.0.0/15533] INFO  ha.SCMHANodeDetails (ConfUtils.java:setNodeSpecificConfigs(108)) - Setting configuration key ozone.scm.http-address with value of key ozone.scm.http-address.scm-service-test1.scmNode-3: 127.0.0.1:15538
2021-11-26 01:28:55,560 [Listener at 0.0.0.0/15533] INFO  ha.SCMHANodeDetails (ConfUtils.java:setNodeSpecificConfigs(108)) - Setting configuration key ozone.scm.https-address with value of key ozone.scm.https-address.scm-service-test1.scmNode-3: 127.0.0.1:15539
2021-11-26 01:28:55,560 [Listener at 0.0.0.0/15533] INFO  ha.SCMHANodeDetails (ConfUtils.java:setNodeSpecificConfigs(108)) - Setting configuration key ozone.scm.address with value of key ozone.scm.address.scm-service-test1.scmNode-3: 127.0.0.1
2021-11-26 01:28:55,560 [Listener at 0.0.0.0/15533] WARN  scm.ScmUtils (ScmUtils.java:logWarn(179)) - ConfigKey ozone.scm.block.client.address is deprecated, For configuring different ports for each SCM use PortConfigKey ozone.scm.block.client.port appended with serviceId and nodeId. If want to configure same port configure ozone.scm.block.client.port
2021-11-26 01:28:55,560 [Listener at 0.0.0.0/15533] WARN  scm.ScmUtils (ScmUtils.java:logWarn(179)) - ConfigKey ozone.scm.client.address is deprecated, For configuring different ports for each SCM use PortConfigKey ozone.scm.client.port appended with serviceId and nodeId. If want to configure same port configure ozone.scm.client.port
2021-11-26 01:28:55,560 [Listener at 0.0.0.0/15533] WARN  scm.ScmUtils (ScmUtils.java:logWarn(179)) - ConfigKey ozone.scm.datanode.address is deprecated, For configuring different ports for each SCM use PortConfigKey ozone.scm.datanode.port appended with serviceId and nodeId. If want to configure same port configure ozone.scm.datanode.port
2021-11-26 01:28:55,561 [Listener at 0.0.0.0/15533] WARN  server.ServerUtils (ServerUtils.java:getScmDbDir(148)) - ozone.scm.db.dirs is not configured. We recommend adding this setting. Falling back to ozone.metadata.dirs instead.
2021-11-26 01:28:55,561 [Listener at 0.0.0.0/15533] INFO  upgrade.AbstractLayoutVersionManager (AbstractLayoutVersionManager.java:init(79)) - Initializing Layout version manager with metadata layout = SCM_HA (version = 2), software layout = SCM_HA (version = 2)
2021-11-26 01:28:55,647 [Listener at 0.0.0.0/15533] INFO  reflections.Reflections (Reflections.java:scan(232)) - Reflections took 84 ms to scan 7 urls, producing 119 keys and 279 values 
2021-11-26 01:28:55,653 [Listener at 0.0.0.0/15533] WARN  utils.HAUtils (HAUtils.java:getMetaDir(342)) - ozone.scm.db.dirs is not configured. We recommend adding this setting. Falling back to ozone.metadata.dirs instead.
2021-11-26 01:28:55,654 [Listener at 0.0.0.0/15533] WARN  db.DBStoreBuilder (DBStoreBuilder.java:applyDBDefinition(145)) - ozone.scm.db.dirs is not configured. We recommend adding this setting. Falling back to ozone.metadata.dirs instead.
2021-11-26 01:28:55,776 [Listener at 0.0.0.0/15533] INFO  net.NodeSchemaLoader (NodeSchemaLoader.java:loadSchemaFromFile(129)) - Loading schema from [jar:file:/home/runner/.m2/repository/org/apache/ozone/hdds-common/1.3.0-SNAPSHOT/hdds-common-1.3.0-SNAPSHOT.jar!/network-topology-default.xml]
2021-11-26 01:28:55,776 [Listener at 0.0.0.0/15533] INFO  net.NodeSchemaLoader (NodeSchemaLoader.java:loadSchema(176)) - Loading network topology layer schema file
2021-11-26 01:28:55,779 [Listener at 0.0.0.0/15533] WARN  impl.MetricRegistriesImpl (MetricRegistriesImpl.java:addReporterRegistration(111)) - New reporters are added after registries were created. Some metrics will be missing from the reporter. Please add reporter before adding any new registry.
2021-11-26 01:28:55,779 [Listener at 0.0.0.0/15533] WARN  impl.MetricRegistriesImpl (MetricRegistriesImpl.java:addReporterRegistration(111)) - New reporters are added after registries were created. Some metrics will be missing from the reporter. Please add reporter before adding any new registry.
2021-11-26 01:28:55,780 [Listener at 0.0.0.0/15533] INFO  ha.SCMRatisServerImpl (SCMRatisServerImpl.java:<init>(87)) - starting Raft server for scm:01294dc6-9f36-4a18-805d-4c42b975ebdc
2021-11-26 01:28:55,781 [Listener at 0.0.0.0/15533] INFO  server.RaftServer (ConfUtils.java:logGet(44)) - raft.rpc.type = GRPC (default)
2021-11-26 01:28:55,781 [Listener at 0.0.0.0/15533] INFO  grpc.GrpcFactory (GrpcFactory.java:checkPooledByteBufAllocatorUseCacheForAllThreads(48)) - PERFORMANCE WARNING: useCacheForAllThreads is true that may cause Netty to create a lot garbage objects and, as a result, trigger GC.
	It is recommended to disable useCacheForAllThreads by setting -Dorg.apache.ratis.thirdparty.io.netty.allocator.useCacheForAllThreads=false in command line.
2021-11-26 01:28:55,781 [Listener at 0.0.0.0/15533] INFO  grpc.GrpcConfigKeys (ConfUtils.java:logGet(44)) - raft.grpc.admin.port = -1 (default)
2021-11-26 01:28:55,781 [Listener at 0.0.0.0/15533] INFO  grpc.GrpcConfigKeys (ConfUtils.java:logGet(44)) - raft.grpc.server.port = 15540 (custom)
2021-11-26 01:28:55,781 [Listener at 0.0.0.0/15533] INFO  grpc.GrpcConfigKeys (ConfUtils.java:logGet(44)) - raft.grpc.client.port = -1 (default)
2021-11-26 01:28:55,782 [Listener at 0.0.0.0/15533] INFO  grpc.GrpcConfigKeys (ConfUtils.java:logGet(44)) - raft.grpc.server.port = 15540 (custom)
2021-11-26 01:28:55,782 [Listener at 0.0.0.0/15533] INFO  grpc.GrpcConfigKeys (ConfUtils.java:logGet(44)) - raft.grpc.server.port = 15540 (custom)
2021-11-26 01:28:55,782 [Listener at 0.0.0.0/15533] INFO  server.GrpcService (ConfUtils.java:logGet(44)) - raft.grpc.message.size.max = 32m (=33554432) (custom)
2021-11-26 01:28:55,782 [Listener at 0.0.0.0/15533] INFO  server.RaftServerConfigKeys (ConfUtils.java:logGet(44)) - raft.server.log.appender.buffer.byte-limit = 33554432 (custom)
2021-11-26 01:28:55,782 [Listener at 0.0.0.0/15533] INFO  server.GrpcService (ConfUtils.java:logGet(44)) - raft.grpc.flow.control.window = 1MB (=1048576) (default)
2021-11-26 01:28:55,782 [Listener at 0.0.0.0/15533] INFO  server.RaftServerConfigKeys (ConfUtils.java:logGet(44)) - raft.server.rpc.request.timeout = 30000ms (custom)
2021-11-26 01:28:55,783 [Listener at 0.0.0.0/15533] INFO  impl.DataStreamServerImpl (ConfUtils.java:logGet(44)) - raft.datastream.type = DISABLED (default)
2021-11-26 01:28:55,784 [Listener at 0.0.0.0/15533] INFO  server.RaftServerConfigKeys (ConfUtils.java:logGet(44)) - raft.server.rpc.slowness.timeout = 120000ms (custom)
2021-11-26 01:28:55,784 [Listener at 0.0.0.0/15533] INFO  server.RaftServerConfigKeys (ConfUtils.java:logGet(44)) - raft.server.leaderelection.leader.step-down.wait-time = 10s (default)
2021-11-26 01:28:55,784 [Listener at 0.0.0.0/15533] INFO  server.RaftServerConfigKeys (ConfUtils.java:logGet(44)) - raft.server.storage.dir = [/home/runner/work/ozone/ozone/hadoop-ozone/integration-test/target/test-dir/MiniOzoneClusterImpl-70e57338-dd19-42c4-b060-07a8ff5308af/scmNode-3/scm-ha] (custom)
2021-11-26 01:28:55,784 [Listener at 0.0.0.0/15533] INFO  server.RaftServer (RaftServerProxy.java:addNew(95)) - 01294dc6-9f36-4a18-805d-4c42b975ebdc: addNew group-07A8FF5308AF:[] returns group-07A8FF5308AF:java.util.concurrent.CompletableFuture@94170d6[Not completed]
2021-11-26 01:28:55,785 [pool-258-thread-1] INFO  server.RaftServer$Division (RaftServerImpl.java:<init>(184)) - 01294dc6-9f36-4a18-805d-4c42b975ebdc: new RaftServerImpl for group-07A8FF5308AF:[] with SCMStateMachine:uninitialized
2021-11-26 01:28:55,789 [pool-258-thread-1] INFO  server.RaftServerConfigKeys (ConfUtils.java:logGet(44)) - raft.server.rpc.timeout.min = 5000ms (custom)
2021-11-26 01:28:55,789 [pool-258-thread-1] INFO  server.RaftServerConfigKeys (ConfUtils.java:logGet(44)) - raft.server.rpc.timeout.max = 5200ms (custom)
2021-11-26 01:28:55,789 [pool-258-thread-1] INFO  server.RaftServerConfigKeys (ConfUtils.java:logGet(44)) - raft.server.rpc.sleep.time = 25ms (default)
2021-11-26 01:28:55,789 [pool-258-thread-1] INFO  server.RaftServerConfigKeys (ConfUtils.java:logGet(44)) - raft.server.rpc.slowness.timeout = 120000ms (custom)
2021-11-26 01:28:55,789 [pool-258-thread-1] INFO  server.RaftServerConfigKeys (ConfUtils.java:logGet(44)) - raft.server.leaderelection.leader.step-down.wait-time = 10s (default)
2021-11-26 01:28:55,789 [pool-258-thread-1] INFO  server.RaftServerConfigKeys (ConfUtils.java:logGet(44)) - raft.server.sleep.deviation.threshold = 300ms (default)
2021-11-26 01:28:55,789 [pool-258-thread-1] INFO  server.RaftServerConfigKeys (ConfUtils.java:logGet(44)) - raft.server.log.appender.install.snapshot.enabled = false (custom)
2021-11-26 01:28:55,789 [pool-258-thread-1] INFO  server.RaftServer$Division (ServerState.java:<init>(105)) - 01294dc6-9f36-4a18-805d-4c42b975ebdc@group-07A8FF5308AF: ConfigurationManager, init=-1: [], old=null, confs=<EMPTY_MAP>
2021-11-26 01:28:55,789 [pool-258-thread-1] INFO  server.RaftServerConfigKeys (ConfUtils.java:logGet(44)) - raft.server.storage.dir = [/home/runner/work/ozone/ozone/hadoop-ozone/integration-test/target/test-dir/MiniOzoneClusterImpl-70e57338-dd19-42c4-b060-07a8ff5308af/scmNode-3/scm-ha] (custom)
2021-11-26 01:28:55,789 [pool-258-thread-1] INFO  server.RaftServerConfigKeys (ConfUtils.java:logGet(44)) - raft.server.log.corruption.policy = EXCEPTION (default)
2021-11-26 01:28:55,789 [pool-258-thread-1] INFO  server.RaftServerConfigKeys (ConfUtils.java:logGet(44)) - raft.server.storage.free-space.min = 0MB (=0) (default)
2021-11-26 01:28:55,790 [pool-258-thread-1] INFO  storage.RaftStorageDirectory (RaftStorageDirectoryImpl.java:analyzeStorage(135)) - The storage directory /home/runner/work/ozone/ozone/hadoop-ozone/integration-test/target/test-dir/MiniOzoneClusterImpl-70e57338-dd19-42c4-b060-07a8ff5308af/scmNode-3/scm-ha/70e57338-dd19-42c4-b060-07a8ff5308af does not exist. Creating ...
2021-11-26 01:28:55,791 [pool-258-thread-1] INFO  storage.RaftStorageDirectory (RaftStorageDirectoryImpl.java:tryLock(230)) - Lock on /home/runner/work/ozone/ozone/hadoop-ozone/integration-test/target/test-dir/MiniOzoneClusterImpl-70e57338-dd19-42c4-b060-07a8ff5308af/scmNode-3/scm-ha/70e57338-dd19-42c4-b060-07a8ff5308af/in_use.lock acquired by nodename 1239@fv-az151-301
2021-11-26 01:28:55,798 [pool-258-thread-1] INFO  storage.RaftStorage (RaftStorageImpl.java:format(89)) - Storage directory /home/runner/work/ozone/ozone/hadoop-ozone/integration-test/target/test-dir/MiniOzoneClusterImpl-70e57338-dd19-42c4-b060-07a8ff5308af/scmNode-3/scm-ha/70e57338-dd19-42c4-b060-07a8ff5308af has been successfully formatted.
2021-11-26 01:28:55,798 [pool-258-thread-1] INFO  server.RaftServerConfigKeys (ConfUtils.java:logGet(44)) - raft.server.notification.no-leader.timeout = 60s (default)
2021-11-26 01:28:55,798 [pool-258-thread-1] INFO  server.RaftServerConfigKeys (ConfUtils.java:logGet(44)) - raft.server.log.use.memory = false (default)
2021-11-26 01:28:55,798 [pool-258-thread-1] INFO  server.RaftServerConfigKeys (ConfUtils.java:logGet(44)) - raft.server.log.purge.gap = 5 (custom)
2021-11-26 01:28:55,798 [pool-258-thread-1] INFO  server.RaftServerConfigKeys (ConfUtils.java:logGet(44)) - raft.server.log.appender.buffer.byte-limit = 33554432 (custom)
2021-11-26 01:28:55,799 [pool-258-thread-1] INFO  server.RaftServerConfigKeys (ConfUtils.java:logGet(44)) - raft.server.log.segment.size.max = 4194304 (custom)
2021-11-26 01:28:55,799 [pool-258-thread-1] INFO  server.RaftServerConfigKeys (ConfUtils.java:logGet(44)) - raft.server.log.segment.cache.num.max = 2 (custom)
2021-11-26 01:28:55,799 [pool-258-thread-1] INFO  server.RaftServerConfigKeys (ConfUtils.java:logGet(44)) - raft.server.log.segment.cache.size.max = 200MB (=209715200) (default)
2021-11-26 01:28:55,799 [pool-258-thread-1] INFO  segmented.SegmentedRaftLogWorker (SegmentedRaftLogWorker.java:<init>(182)) - new 01294dc6-9f36-4a18-805d-4c42b975ebdc@group-07A8FF5308AF-SegmentedRaftLogWorker for RaftStorageImpl:Storage Directory /home/runner/work/ozone/ozone/hadoop-ozone/integration-test/target/test-dir/MiniOzoneClusterImpl-70e57338-dd19-42c4-b060-07a8ff5308af/scmNode-3/scm-ha/70e57338-dd19-42c4-b060-07a8ff5308af
2021-11-26 01:28:55,799 [pool-258-thread-1] INFO  server.RaftServerConfigKeys (ConfUtils.java:logGet(44)) - raft.server.log.queue.byte-limit = 64MB (=67108864) (default)
2021-11-26 01:28:55,799 [pool-258-thread-1] INFO  server.RaftServerConfigKeys (ConfUtils.java:logGet(44)) - raft.server.log.queue.element-limit = 4096 (default)
2021-11-26 01:28:55,799 [pool-258-thread-1] INFO  server.RaftServerConfigKeys (ConfUtils.java:logGet(44)) - raft.server.log.segment.size.max = 4194304 (custom)
2021-11-26 01:28:55,799 [pool-258-thread-1] INFO  server.RaftServerConfigKeys (ConfUtils.java:logGet(44)) - raft.server.log.preallocated.size = 4194304 (custom)
2021-11-26 01:28:55,799 [pool-258-thread-1] INFO  server.RaftServerConfigKeys (ConfUtils.java:logGet(44)) - raft.server.log.force.sync.num = 128 (default)
2021-11-26 01:28:55,799 [pool-258-thread-1] INFO  server.RaftServerConfigKeys (ConfUtils.java:logGet(44)) - raft.server.log.statemachine.data.sync = true (default)
2021-11-26 01:28:55,799 [pool-258-thread-1] INFO  server.RaftServerConfigKeys (ConfUtils.java:logGet(44)) - raft.server.log.statemachine.data.sync.timeout = 10s (default)
2021-11-26 01:28:55,799 [pool-258-thread-1] INFO  server.RaftServerConfigKeys (ConfUtils.java:logGet(44)) - raft.server.log.statemachine.data.sync.timeout.retry = -1 (default)
2021-11-26 01:28:55,801 [pool-258-thread-1] INFO  server.RaftServerConfigKeys (ConfUtils.java:logGet(44)) - raft.server.log.write.buffer.size = 64KB (=65536) (default)
2021-11-26 01:28:55,802 [pool-258-thread-1] INFO  server.RaftServerConfigKeys (ConfUtils.java:logGet(44)) - raft.server.log.statemachine.data.caching.enabled = false (default)
2021-11-26 01:28:55,802 [pool-258-thread-1] INFO  segmented.SegmentedRaftLogWorker (SegmentedRaftLogWorker.java:lambda$new$0(133)) - 01294dc6-9f36-4a18-805d-4c42b975ebdc@group-07A8FF5308AF-SegmentedRaftLogWorker: flushIndex: setUnconditionally 0 -> -1
2021-11-26 01:28:55,802 [pool-258-thread-1] INFO  segmented.SegmentedRaftLogWorker (SegmentedRaftLogWorker.java:lambda$new$0(133)) - 01294dc6-9f36-4a18-805d-4c42b975ebdc@group-07A8FF5308AF-SegmentedRaftLogWorker: safeCacheEvictIndex: setUnconditionally 0 -> -1
2021-11-26 01:28:55,814 [pool-258-thread-1] INFO  server.RaftServerConfigKeys (ConfUtils.java:logGet(44)) - raft.server.snapshot.auto.trigger.enabled = true (custom)
2021-11-26 01:28:55,814 [pool-258-thread-1] INFO  server.RaftServerConfigKeys (ConfUtils.java:logGet(44)) - raft.server.snapshot.auto.trigger.threshold = 5 (custom)
2021-11-26 01:28:55,814 [pool-258-thread-1] INFO  server.RaftServerConfigKeys (ConfUtils.java:logGet(44)) - raft.server.snapshot.retention.file.num = -1 (default)
2021-11-26 01:28:55,814 [pool-258-thread-1] INFO  server.RaftServerConfigKeys (ConfUtils.java:logGet(44)) - raft.server.log.purge.upto.snapshot.index = true (custom)
2021-11-26 01:28:55,814 [pool-258-thread-1] INFO  server.RaftServerConfigKeys (ConfUtils.java:logGet(44)) - raft.server.retrycache.expirytime = 60000ms (default)
2021-11-26 01:28:55,814 [pool-258-thread-1] INFO  server.RaftServerConfigKeys (ConfUtils.java:logGet(44)) - raft.server.retrycache.statistics.expirytime = 100μs (default)
2021-11-26 01:28:55,815 [Listener at 0.0.0.0/15533] INFO  ha.SCMSnapshotProvider (SCMSnapshotProvider.java:<init>(66)) - Initializing SCM Snapshot Provider
2021-11-26 01:28:55,815 [Listener at 0.0.0.0/15533] WARN  server.ServerUtils (ServerUtils.java:getDefaultRatisDirectory(237)) - Storage directory for Ratis is not configured. It is a good idea to map this to an SSD disk. Falling back to ozone.metadata.dirs
2021-11-26 01:28:55,816 [Listener at 0.0.0.0/15533] WARN  ha.SCMHAUtils (SCMHAUtils.java:getSCMRatisSnapshotDirectory(146)) - SCM snapshot dir is not configured. Falling back to ozone.metadata.dirs config
2021-11-26 01:28:55,817 [Listener at 0.0.0.0/15533] INFO  ha.SequenceIdGenerator (SequenceIdGenerator.java:upgradeToSequenceId(347)) - upgrade localId to 107544261427200000
2021-11-26 01:28:55,817 [Listener at 0.0.0.0/15533] INFO  ha.SequenceIdGenerator (SequenceIdGenerator.java:upgradeToSequenceId(357)) - upgrade delTxnId to 0
2021-11-26 01:28:55,818 [Listener at 0.0.0.0/15533] INFO  ha.SequenceIdGenerator (SequenceIdGenerator.java:upgradeToSequenceId(371)) - upgrade containerId to 0
2021-11-26 01:28:55,818 [Listener at 0.0.0.0/15533] INFO  ha.SequenceIdGenerator (SequenceIdGenerator.java:<init>(218)) - Init the HA SequenceIdGenerator.
2021-11-26 01:28:55,818 [Listener at 0.0.0.0/15533] WARN  server.ServerUtils (ServerUtils.java:sanitizeUserArgs(73)) - ozone.scm.stale.node.interval value = 300000 is larger than max = 100000 based on the key value of ozone.scm.heartbeat.thread.interval, reset to the max value 100000.
2021-11-26 01:28:55,818 [Listener at 0.0.0.0/15533] WARN  server.ServerUtils (ServerUtils.java:sanitizeUserArgs(73)) - ozone.scm.stale.node.interval value = 300000 is larger than max = 100000 based on the key value of ozone.scm.heartbeat.thread.interval, reset to the max value 100000.
2021-11-26 01:28:55,819 [Listener at 0.0.0.0/15533] INFO  node.SCMNodeManager (SCMNodeManager.java:<init>(144)) - Entering startup safe mode.
2021-11-26 01:28:55,820 [Listener at 0.0.0.0/15533] INFO  algorithms.ContainerPlacementPolicyFactory (ContainerPlacementPolicyFactory.java:getPolicy(60)) - Create container placement policy of type org.apache.hadoop.hdds.scm.container.placement.algorithms.SCMContainerPlacementRandom
2021-11-26 01:28:55,820 [Listener at 0.0.0.0/15533] INFO  pipeline.PipelineStateManagerImpl (PipelineStateManagerImpl.java:initialize(78)) - No pipeline exists in current db
2021-11-26 01:28:55,821 [Listener at 0.0.0.0/15533] INFO  algorithms.LeaderChoosePolicyFactory (LeaderChoosePolicyFactory.java:getPolicy(57)) - Create leader choose policy of type org.apache.hadoop.hdds.scm.pipeline.leader.choose.algorithms.MinLeaderCountChoosePolicy
2021-11-26 01:28:55,821 [Listener at 0.0.0.0/15533] INFO  ha.SCMServiceManager (SCMServiceManager.java:register(43)) - Registering service BackgroundPipelineCreator.
2021-11-26 01:28:55,821 [Listener at 0.0.0.0/15533] INFO  pipeline.BackgroundPipelineCreator (BackgroundPipelineCreator.java:start(130)) - Starting RatisPipelineUtilsThread.
2021-11-26 01:28:55,825 [Listener at 0.0.0.0/15533] INFO  algorithms.PipelineChoosePolicyFactory (PipelineChoosePolicyFactory.java:createPipelineChoosePolicyFromClass(73)) - Create pipeline choose policy of type org.apache.hadoop.hdds.scm.pipeline.choose.algorithms.RandomPipelineChoosePolicy
2021-11-26 01:28:55,826 [Listener at 0.0.0.0/15533] INFO  ha.SCMServiceManager (SCMServiceManager.java:register(43)) - Registering service SCMBlockDeletingService.
2021-11-26 01:28:55,826 [Listener at 0.0.0.0/15533] INFO  ha.SCMServiceManager (SCMServiceManager.java:register(43)) - Registering service ReplicationManager.
2021-11-26 01:28:55,826 [Listener at 0.0.0.0/15533] INFO  container.ReplicationManager (ReplicationManager.java:start(319)) - Starting Replication Monitor Thread.
2021-11-26 01:28:55,827 [Listener at 0.0.0.0/15533] INFO  safemode.ContainerSafeModeRule (ContainerSafeModeRule.java:<init>(89)) - containers with one replica threshold count 0
2021-11-26 01:28:55,828 [Listener at 0.0.0.0/15533] INFO  safemode.HealthyPipelineSafeModeRule (HealthyPipelineSafeModeRule.java:initializeRule(156)) - Total pipeline count is 0, healthy pipeline threshold count is 1
2021-11-26 01:28:55,828 [Listener at 0.0.0.0/15533] INFO  safemode.OneReplicaPipelineSafeModeRule (OneReplicaPipelineSafeModeRule.java:initializeRule(180)) - Total pipeline count is 0, pipeline's with at least one datanode reported threshold count is 0
2021-11-26 01:28:55,829 [Listener at 0.0.0.0/15533] INFO  ipc.CallQueueManager (CallQueueManager.java:<init>(90)) - Using callQueue: class java.util.concurrent.LinkedBlockingQueue, queueCapacity: 2000, scheduler: class org.apache.hadoop.ipc.DefaultRpcScheduler, ipcBackoff: false.
2021-11-26 01:28:55,834 [Socket Reader #1 for port 15541] INFO  ipc.Server (Server.java:run(1265)) - Starting Socket Reader #1 for port 15541
2021-11-26 01:28:55,849 [ReplicationMonitor] INFO  container.ReplicationManager (ReplicationManager.java:processAll(371)) - Replication Monitor Thread took 0 milliseconds for processing 0 containers.
2021-11-26 01:28:55,850 [Listener at 0.0.0.0/15541] INFO  ipc.CallQueueManager (CallQueueManager.java:<init>(90)) - Using callQueue: class java.util.concurrent.LinkedBlockingQueue, queueCapacity: 2000, scheduler: class org.apache.hadoop.ipc.DefaultRpcScheduler, ipcBackoff: false.
2021-11-26 01:28:55,851 [Socket Reader #1 for port 15542] INFO  ipc.Server (Server.java:run(1265)) - Starting Socket Reader #1 for port 15542
2021-11-26 01:28:55,852 [Listener at 0.0.0.0/15542] INFO  ipc.CallQueueManager (CallQueueManager.java:<init>(90)) - Using callQueue: class java.util.concurrent.LinkedBlockingQueue, queueCapacity: 2000, scheduler: class org.apache.hadoop.ipc.DefaultRpcScheduler, ipcBackoff: false.
2021-11-26 01:28:55,853 [Socket Reader #1 for port 15543] INFO  ipc.Server (Server.java:run(1265)) - Starting Socket Reader #1 for port 15543
2021-11-26 01:28:55,933 [Listener at 0.0.0.0/15543] INFO  algorithms.ContainerPlacementPolicyFactory (ContainerPlacementPolicyFactory.java:getPolicy(60)) - Create container placement policy of type org.apache.hadoop.hdds.scm.container.placement.algorithms.SCMContainerPlacementRandom
2021-11-26 01:28:55,934 [Listener at 0.0.0.0/15543] INFO  server.StorageContainerManager (StorageContainerManager.java:<init>(388)) - 
Container Balancer status:
Key                            Value
Running                        false
Container Balancer Configuration values:
Key                                                Value
Threshold                                          0.1
Max Datanodes to Involve per Iteration(ratio)      0.2
Max Size to Move per Iteration                     30GB
Max Size Entering Target per Iteration             1GB
Max Size Leaving Source per Iteration              1GB

2021-11-26 01:28:55,934 [Listener at 0.0.0.0/15543] WARN  events.EventQueue (EventQueue.java:fireEvent(194)) - No event handler registered for event TypedEvent{payloadType=SafeModeStatus, name='Safe mode status'}
2021-11-26 01:28:55,935 [Listener at 0.0.0.0/15543] INFO  ha.SCMContext (SCMContext.java:updateSafeModeStatus(205)) - Update SafeModeStatus from SafeModeStatus{safeModeStatus=true, preCheckPassed=false} to SafeModeStatus{safeModeStatus=true, preCheckPassed=false}.
2021-11-26 01:28:55,935 [Listener at 0.0.0.0/15543] INFO  ozone.MiniOzoneHAClusterImpl (MiniOzoneHAClusterImpl.java:createSCMService(581)) - Intialized SCM at org.apache.hadoop.hdds.scm.server.SCMClientProtocolServer@a2e57be. This SCM is currently inactive (not running).
2021-11-26 01:28:55,936 [Listener at 0.0.0.0/15543] INFO  ha.OMHANodeDetails (OMHANodeDetails.java:loadOMHAConfig(118)) - ServiceID for OzoneManager is om-service-test1
2021-11-26 01:28:55,936 [Listener at 0.0.0.0/15543] INFO  ha.OMHANodeDetails (OMHANodeDetails.java:loadOMHAConfig(192)) - Found matching OM address with OMServiceId: om-service-test1, OMNodeId: omNode-1, RPC Address: localhost:10172 and Ratis port: 10176
2021-11-26 01:28:55,936 [Listener at 0.0.0.0/15543] INFO  ha.OMHANodeDetails (ConfUtils.java:setNodeSpecificConfigs(108)) - Setting configuration key ozone.om.http-address with value of key ozone.om.http-address.om-service-test1.omNode-1: 127.0.0.1:10174
2021-11-26 01:28:55,936 [Listener at 0.0.0.0/15543] INFO  ha.OMHANodeDetails (ConfUtils.java:setNodeSpecificConfigs(108)) - Setting configuration key ozone.om.https-address with value of key ozone.om.https-address.om-service-test1.omNode-1: 127.0.0.1:10175
2021-11-26 01:28:55,945 [Listener at 0.0.0.0/15543] INFO  ha.OMHANodeDetails (ConfUtils.java:setNodeSpecificConfigs(108)) - Setting configuration key ozone.om.address with value of key ozone.om.address.om-service-test1.omNode-1: 127.0.0.1:10172
2021-11-26 01:28:55,945 [Listener at 0.0.0.0/15543] WARN  server.ServerUtils (ServerUtils.java:getDBPath(225)) - ozone.om.db.dirs is not configured. We recommend adding this setting. Falling back to ozone.metadata.dirs instead.
2021-11-26 01:28:55,948 [Listener at 0.0.0.0/15543] INFO  ha.SCMNodeInfo (SCMNodeInfo.java:getPort(197)) - ConfigKey ozone.scm.client.address is deprecated, For configuring different ports for each SCM use PortConfigKey ozone.scm.client.port appended with serviceId and nodeId
2021-11-26 01:28:55,949 [Listener at 0.0.0.0/15543] INFO  ha.SCMNodeInfo (SCMNodeInfo.java:getPort(197)) - ConfigKey ozone.scm.block.client.address is deprecated, For configuring different ports for each SCM use PortConfigKey ozone.scm.block.client.port appended with serviceId and nodeId
2021-11-26 01:28:55,949 [Listener at 0.0.0.0/15543] INFO  ha.SCMNodeInfo (SCMNodeInfo.java:getPort(197)) - ConfigKey ozone.scm.datanode.address is deprecated, For configuring different ports for each SCM use PortConfigKey ozone.scm.datanode.port appended with serviceId and nodeId
2021-11-26 01:28:55,949 [Listener at 0.0.0.0/15543] INFO  ha.SCMNodeInfo (SCMNodeInfo.java:getPort(197)) - ConfigKey ozone.scm.client.address is deprecated, For configuring different ports for each SCM use PortConfigKey ozone.scm.client.port appended with serviceId and nodeId
2021-11-26 01:28:55,949 [Listener at 0.0.0.0/15543] INFO  ha.SCMNodeInfo (SCMNodeInfo.java:getPort(197)) - ConfigKey ozone.scm.block.client.address is deprecated, For configuring different ports for each SCM use PortConfigKey ozone.scm.block.client.port appended with serviceId and nodeId
2021-11-26 01:28:55,949 [Listener at 0.0.0.0/15543] INFO  ha.SCMNodeInfo (SCMNodeInfo.java:getPort(197)) - ConfigKey ozone.scm.datanode.address is deprecated, For configuring different ports for each SCM use PortConfigKey ozone.scm.datanode.port appended with serviceId and nodeId
2021-11-26 01:28:55,949 [Listener at 0.0.0.0/15543] INFO  ha.SCMNodeInfo (SCMNodeInfo.java:getPort(197)) - ConfigKey ozone.scm.client.address is deprecated, For configuring different ports for each SCM use PortConfigKey ozone.scm.client.port appended with serviceId and nodeId
2021-11-26 01:28:55,950 [Listener at 0.0.0.0/15543] INFO  ha.SCMNodeInfo (SCMNodeInfo.java:getPort(197)) - ConfigKey ozone.scm.block.client.address is deprecated, For configuring different ports for each SCM use PortConfigKey ozone.scm.block.client.port appended with serviceId and nodeId
2021-11-26 01:28:55,950 [Listener at 0.0.0.0/15543] INFO  ha.SCMNodeInfo (SCMNodeInfo.java:getPort(197)) - ConfigKey ozone.scm.datanode.address is deprecated, For configuring different ports for each SCM use PortConfigKey ozone.scm.datanode.port appended with serviceId and nodeId
OM initialization succeeded.Current cluster id for sd=/home/runner/work/ozone/ozone/hadoop-ozone/integration-test/target/test-dir/MiniOzoneClusterImpl-70e57338-dd19-42c4-b060-07a8ff5308af/omNode-1/om;cid=70e57338-dd19-42c4-b060-07a8ff5308af;layoutVersion=0
2021-11-26 01:28:55,973 [Listener at 0.0.0.0/15543] INFO  ha.OMHANodeDetails (OMHANodeDetails.java:loadOMHAConfig(118)) - ServiceID for OzoneManager is om-service-test1
2021-11-26 01:28:55,973 [Listener at 0.0.0.0/15543] INFO  ha.OMHANodeDetails (OMHANodeDetails.java:loadOMHAConfig(192)) - Found matching OM address with OMServiceId: om-service-test1, OMNodeId: omNode-1, RPC Address: localhost:10172 and Ratis port: 10176
2021-11-26 01:28:55,973 [Listener at 0.0.0.0/15543] INFO  ha.OMHANodeDetails (ConfUtils.java:setNodeSpecificConfigs(108)) - Setting configuration key ozone.om.http-address with value of key ozone.om.http-address.om-service-test1.omNode-1: 127.0.0.1:10174
2021-11-26 01:28:55,973 [Listener at 0.0.0.0/15543] INFO  ha.OMHANodeDetails (ConfUtils.java:setNodeSpecificConfigs(108)) - Setting configuration key ozone.om.https-address with value of key ozone.om.https-address.om-service-test1.omNode-1: 127.0.0.1:10175
2021-11-26 01:28:55,973 [Listener at 0.0.0.0/15543] INFO  ha.OMHANodeDetails (ConfUtils.java:setNodeSpecificConfigs(108)) - Setting configuration key ozone.om.address with value of key ozone.om.address.om-service-test1.omNode-1: 127.0.0.1:10172
2021-11-26 01:28:55,974 [Listener at 0.0.0.0/15543] WARN  server.ServerUtils (ServerUtils.java:getDBPath(225)) - ozone.om.db.dirs is not configured. We recommend adding this setting. Falling back to ozone.metadata.dirs instead.
2021-11-26 01:28:55,974 [Listener at 0.0.0.0/15543] INFO  upgrade.AbstractLayoutVersionManager (AbstractLayoutVersionManager.java:init(79)) - Initializing Layout version manager with metadata layout = INITIAL_VERSION (version = 0), software layout = INITIAL_VERSION (version = 0)
2021-11-26 01:28:56,068 [Listener at 0.0.0.0/15543] INFO  reflections.Reflections (Reflections.java:scan(232)) - Reflections took 93 ms to scan 2 urls, producing 132 keys and 344 values [using 2 cores]
2021-11-26 01:28:56,069 [Listener at 0.0.0.0/15543] INFO  upgrade.OMLayoutVersionManager (OMLayoutVersionManager.java:lambda$0(115)) - Skipping Upgrade Action MockOmUpgradeAction since it has been finalized.
2021-11-26 01:28:56,069 [Listener at 0.0.0.0/15543] WARN  server.ServerUtils (ServerUtils.java:getDBPath(225)) - ozone.om.db.dirs is not configured. We recommend adding this setting. Falling back to ozone.metadata.dirs instead.
2021-11-26 01:28:56,069 [Listener at 0.0.0.0/15543] INFO  ha.SCMNodeInfo (SCMNodeInfo.java:getPort(197)) - ConfigKey ozone.scm.client.address is deprecated, For configuring different ports for each SCM use PortConfigKey ozone.scm.client.port appended with serviceId and nodeId
2021-11-26 01:28:56,069 [Listener at 0.0.0.0/15543] INFO  ha.SCMNodeInfo (SCMNodeInfo.java:getPort(197)) - ConfigKey ozone.scm.block.client.address is deprecated, For configuring different ports for each SCM use PortConfigKey ozone.scm.block.client.port appended with serviceId and nodeId
2021-11-26 01:28:56,070 [Listener at 0.0.0.0/15543] INFO  ha.SCMNodeInfo (SCMNodeInfo.java:getPort(197)) - ConfigKey ozone.scm.datanode.address is deprecated, For configuring different ports for each SCM use PortConfigKey ozone.scm.datanode.port appended with serviceId and nodeId
2021-11-26 01:28:56,070 [Listener at 0.0.0.0/15543] INFO  ha.SCMNodeInfo (SCMNodeInfo.java:getPort(197)) - ConfigKey ozone.scm.client.address is deprecated, For configuring different ports for each SCM use PortConfigKey ozone.scm.client.port appended with serviceId and nodeId
2021-11-26 01:28:56,070 [Listener at 0.0.0.0/15543] INFO  ha.SCMNodeInfo (SCMNodeInfo.java:getPort(197)) - ConfigKey ozone.scm.block.client.address is deprecated, For configuring different ports for each SCM use PortConfigKey ozone.scm.block.client.port appended with serviceId and nodeId
2021-11-26 01:28:56,070 [Listener at 0.0.0.0/15543] INFO  ha.SCMNodeInfo (SCMNodeInfo.java:getPort(197)) - ConfigKey ozone.scm.datanode.address is deprecated, For configuring different ports for each SCM use PortConfigKey ozone.scm.datanode.port appended with serviceId and nodeId
2021-11-26 01:28:56,070 [Listener at 0.0.0.0/15543] INFO  ha.SCMNodeInfo (SCMNodeInfo.java:getPort(197)) - ConfigKey ozone.scm.client.address is deprecated, For configuring different ports for each SCM use PortConfigKey ozone.scm.client.port appended with serviceId and nodeId
2021-11-26 01:28:56,070 [Listener at 0.0.0.0/15543] INFO  ha.SCMNodeInfo (SCMNodeInfo.java:getPort(197)) - ConfigKey ozone.scm.block.client.address is deprecated, For configuring different ports for each SCM use PortConfigKey ozone.scm.block.client.port appended with serviceId and nodeId
2021-11-26 01:28:56,070 [Listener at 0.0.0.0/15543] INFO  ha.SCMNodeInfo (SCMNodeInfo.java:getPort(197)) - ConfigKey ozone.scm.datanode.address is deprecated, For configuring different ports for each SCM use PortConfigKey ozone.scm.datanode.port appended with serviceId and nodeId
2021-11-26 01:28:56,071 [Listener at 0.0.0.0/15543] INFO  ha.SCMNodeInfo (SCMNodeInfo.java:getPort(197)) - ConfigKey ozone.scm.client.address is deprecated, For configuring different ports for each SCM use PortConfigKey ozone.scm.client.port appended with serviceId and nodeId
2021-11-26 01:28:56,071 [Listener at 0.0.0.0/15543] INFO  ha.SCMNodeInfo (SCMNodeInfo.java:getPort(197)) - ConfigKey ozone.scm.block.client.address is deprecated, For configuring different ports for each SCM use PortConfigKey ozone.scm.block.client.port appended with serviceId and nodeId
2021-11-26 01:28:56,071 [Listener at 0.0.0.0/15543] INFO  ha.SCMNodeInfo (SCMNodeInfo.java:getPort(197)) - ConfigKey ozone.scm.datanode.address is deprecated, For configuring different ports for each SCM use PortConfigKey ozone.scm.datanode.port appended with serviceId and nodeId
2021-11-26 01:28:56,071 [Listener at 0.0.0.0/15543] INFO  ha.SCMNodeInfo (SCMNodeInfo.java:getPort(197)) - ConfigKey ozone.scm.client.address is deprecated, For configuring different ports for each SCM use PortConfigKey ozone.scm.client.port appended with serviceId and nodeId
2021-11-26 01:28:56,071 [Listener at 0.0.0.0/15543] INFO  ha.SCMNodeInfo (SCMNodeInfo.java:getPort(197)) - ConfigKey ozone.scm.block.client.address is deprecated, For configuring different ports for each SCM use PortConfigKey ozone.scm.block.client.port appended with serviceId and nodeId
2021-11-26 01:28:56,071 [Listener at 0.0.0.0/15543] INFO  ha.SCMNodeInfo (SCMNodeInfo.java:getPort(197)) - ConfigKey ozone.scm.datanode.address is deprecated, For configuring different ports for each SCM use PortConfigKey ozone.scm.datanode.port appended with serviceId and nodeId
2021-11-26 01:28:56,071 [Listener at 0.0.0.0/15543] INFO  ha.SCMNodeInfo (SCMNodeInfo.java:getPort(197)) - ConfigKey ozone.scm.client.address is deprecated, For configuring different ports for each SCM use PortConfigKey ozone.scm.client.port appended with serviceId and nodeId
2021-11-26 01:28:56,071 [Listener at 0.0.0.0/15543] INFO  ha.SCMNodeInfo (SCMNodeInfo.java:getPort(197)) - ConfigKey ozone.scm.block.client.address is deprecated, For configuring different ports for each SCM use PortConfigKey ozone.scm.block.client.port appended with serviceId and nodeId
2021-11-26 01:28:56,071 [Listener at 0.0.0.0/15543] INFO  ha.SCMNodeInfo (SCMNodeInfo.java:getPort(197)) - ConfigKey ozone.scm.datanode.address is deprecated, For configuring different ports for each SCM use PortConfigKey ozone.scm.datanode.port appended with serviceId and nodeId
2021-11-26 01:28:56,073 [Listener at 0.0.0.0/15543] INFO  ha.SCMNodeInfo (SCMNodeInfo.java:getPort(197)) - ConfigKey ozone.scm.client.address is deprecated, For configuring different ports for each SCM use PortConfigKey ozone.scm.client.port appended with serviceId and nodeId
2021-11-26 01:28:56,073 [Listener at 0.0.0.0/15543] INFO  ha.SCMNodeInfo (SCMNodeInfo.java:getPort(197)) - ConfigKey ozone.scm.block.client.address is deprecated, For configuring different ports for each SCM use PortConfigKey ozone.scm.block.client.port appended with serviceId and nodeId
2021-11-26 01:28:56,073 [Listener at 0.0.0.0/15543] INFO  ha.SCMNodeInfo (SCMNodeInfo.java:getPort(197)) - ConfigKey ozone.scm.datanode.address is deprecated, For configuring different ports for each SCM use PortConfigKey ozone.scm.datanode.port appended with serviceId and nodeId
2021-11-26 01:28:56,073 [Listener at 0.0.0.0/15543] INFO  ha.SCMNodeInfo (SCMNodeInfo.java:getPort(197)) - ConfigKey ozone.scm.client.address is deprecated, For configuring different ports for each SCM use PortConfigKey ozone.scm.client.port appended with serviceId and nodeId
2021-11-26 01:28:56,073 [Listener at 0.0.0.0/15543] INFO  ha.SCMNodeInfo (SCMNodeInfo.java:getPort(197)) - ConfigKey ozone.scm.block.client.address is deprecated, For configuring different ports for each SCM use PortConfigKey ozone.scm.block.client.port appended with serviceId and nodeId
2021-11-26 01:28:56,073 [Listener at 0.0.0.0/15543] INFO  ha.SCMNodeInfo (SCMNodeInfo.java:getPort(197)) - ConfigKey ozone.scm.datanode.address is deprecated, For configuring different ports for each SCM use PortConfigKey ozone.scm.datanode.port appended with serviceId and nodeId
2021-11-26 01:28:56,074 [Listener at 0.0.0.0/15543] INFO  ha.SCMNodeInfo (SCMNodeInfo.java:getPort(197)) - ConfigKey ozone.scm.client.address is deprecated, For configuring different ports for each SCM use PortConfigKey ozone.scm.client.port appended with serviceId and nodeId
2021-11-26 01:28:56,074 [Listener at 0.0.0.0/15543] INFO  ha.SCMNodeInfo (SCMNodeInfo.java:getPort(197)) - ConfigKey ozone.scm.block.client.address is deprecated, For configuring different ports for each SCM use PortConfigKey ozone.scm.block.client.port appended with serviceId and nodeId
2021-11-26 01:28:56,074 [Listener at 0.0.0.0/15543] INFO  ha.SCMNodeInfo (SCMNodeInfo.java:getPort(197)) - ConfigKey ozone.scm.datanode.address is deprecated, For configuring different ports for each SCM use PortConfigKey ozone.scm.datanode.port appended with serviceId and nodeId
2021-11-26 01:28:56,090 [Listener at 0.0.0.0/15543] WARN  server.ServerUtils (ServerUtils.java:getDBPath(225)) - ozone.om.db.dirs is not configured. We recommend adding this setting. Falling back to ozone.metadata.dirs instead.
2021-11-26 01:28:56,090 [Listener at 0.0.0.0/15543] INFO  codec.OmKeyInfoCodec (OmKeyInfoCodec.java:<init>(50)) - OmKeyInfoCodec ignorePipeline = true
2021-11-26 01:28:56,090 [Listener at 0.0.0.0/15543] INFO  codec.RepeatedOmKeyInfoCodec (RepeatedOmKeyInfoCodec.java:<init>(42)) - RepeatedOmKeyInfoCodec ignorePipeline = true
2021-11-26 01:28:56,193 [EndpointStateMachine task thread for /127.0.0.1:12845 - 0 ] INFO  ipc.Client (Client.java:handleConnectionFailure(977)) - Retrying connect to server: localhost/127.0.0.1:12845. Already tried 2 time(s); retry policy is RetryUpToMaximumCountWithFixedSleep(maxRetries=15, sleepTime=1000 MILLISECONDS)
2021-11-26 01:28:56,201 [EndpointStateMachine task thread for /127.0.0.1:12825 - 0 ] INFO  ipc.Client (Client.java:handleConnectionFailure(977)) - Retrying connect to server: localhost/127.0.0.1:12825. Already tried 5 time(s); retry policy is RetryUpToMaximumCountWithFixedSleep(maxRetries=15, sleepTime=1000 MILLISECONDS)
2021-11-26 01:28:56,202 [EndpointStateMachine task thread for /127.0.0.1:12835 - 0 ] INFO  ipc.Client (Client.java:handleConnectionFailure(977)) - Retrying connect to server: localhost/127.0.0.1:12835. Already tried 2 time(s); retry policy is RetryUpToMaximumCountWithFixedSleep(maxRetries=15, sleepTime=1000 MILLISECONDS)
2021-11-26 01:28:56,314 [Listener at 0.0.0.0/15543] INFO  om.OzoneManager (OzoneManager.java:addS3GVolumeToDB(3609)) - Created Volume s3v With Owner runner required for S3Gateway operations.
2021-11-26 01:28:56,314 [Listener at 0.0.0.0/15543] WARN  server.ServerUtils (ServerUtils.java:getDefaultRatisDirectory(237)) - Storage directory for Ratis is not configured. It is a good idea to map this to an SSD disk. Falling back to ozone.metadata.dirs
2021-11-26 01:28:56,314 [Listener at 0.0.0.0/15543] WARN  utils.OzoneManagerRatisUtils (OzoneManagerRatisUtils.java:getOMRatisSnapshotDirectory(425)) - ozone.om.ratis.snapshot.dir is not configured. Falling back to ozone.metadata.dirs config
2021-11-26 01:28:56,315 [Listener at 0.0.0.0/15543] WARN  impl.MetricRegistriesImpl (MetricRegistriesImpl.java:addReporterRegistration(111)) - New reporters are added after registries were created. Some metrics will be missing from the reporter. Please add reporter before adding any new registry.
2021-11-26 01:28:56,315 [Listener at 0.0.0.0/15543] WARN  impl.MetricRegistriesImpl (MetricRegistriesImpl.java:addReporterRegistration(111)) - New reporters are added after registries were created. Some metrics will be missing from the reporter. Please add reporter before adding any new registry.
2021-11-26 01:28:56,315 [Listener at 0.0.0.0/15543] WARN  server.ServerUtils (ServerUtils.java:getDefaultRatisDirectory(237)) - Storage directory for Ratis is not configured. It is a good idea to map this to an SSD disk. Falling back to ozone.metadata.dirs
2021-11-26 01:28:56,317 [Listener at 0.0.0.0/15543] INFO  ratis.OzoneManagerRatisServer (OzoneManagerRatisServer.java:<init>(159)) - Instantiating OM Ratis server with groupID: om-service-test1 and peers: localhost:10176
2021-11-26 01:28:56,317 [Listener at 0.0.0.0/15543] INFO  ratis.OzoneManagerStateMachine (OzoneManagerStateMachine.java:loadSnapshotInfoFromDB(605)) - LastAppliedIndex is set from TransactionInfo from OM DB as (t:0, i:~)
2021-11-26 01:28:56,324 [Listener at 0.0.0.0/15543] INFO  server.RaftServer (ConfUtils.java:logGet(44)) - raft.rpc.type = GRPC (default)
2021-11-26 01:28:56,324 [Listener at 0.0.0.0/15543] INFO  grpc.GrpcFactory (GrpcFactory.java:checkPooledByteBufAllocatorUseCacheForAllThreads(48)) - PERFORMANCE WARNING: useCacheForAllThreads is true that may cause Netty to create a lot garbage objects and, as a result, trigger GC.
	It is recommended to disable useCacheForAllThreads by setting -Dorg.apache.ratis.thirdparty.io.netty.allocator.useCacheForAllThreads=false in command line.
2021-11-26 01:28:56,325 [Listener at 0.0.0.0/15543] INFO  grpc.GrpcConfigKeys (ConfUtils.java:logGet(44)) - raft.grpc.admin.port = -1 (default)
2021-11-26 01:28:56,325 [Listener at 0.0.0.0/15543] INFO  grpc.GrpcConfigKeys (ConfUtils.java:logGet(44)) - raft.grpc.server.port = 10176 (custom)
2021-11-26 01:28:56,325 [Listener at 0.0.0.0/15543] INFO  grpc.GrpcConfigKeys (ConfUtils.java:logGet(44)) - raft.grpc.client.port = -1 (default)
2021-11-26 01:28:56,325 [Listener at 0.0.0.0/15543] INFO  grpc.GrpcConfigKeys (ConfUtils.java:logGet(44)) - raft.grpc.server.port = 10176 (custom)
2021-11-26 01:28:56,325 [Listener at 0.0.0.0/15543] INFO  grpc.GrpcConfigKeys (ConfUtils.java:logGet(44)) - raft.grpc.server.port = 10176 (custom)
2021-11-26 01:28:56,325 [Listener at 0.0.0.0/15543] INFO  server.GrpcService (ConfUtils.java:logGet(44)) - raft.grpc.message.size.max = 33554432 (custom)
2021-11-26 01:28:56,325 [Listener at 0.0.0.0/15543] INFO  server.RaftServerConfigKeys (ConfUtils.java:logGet(44)) - raft.server.log.appender.buffer.byte-limit = 33554432 (custom)
2021-11-26 01:28:56,325 [Listener at 0.0.0.0/15543] INFO  server.GrpcService (ConfUtils.java:logGet(44)) - raft.grpc.flow.control.window = 1MB (=1048576) (default)
2021-11-26 01:28:56,326 [Listener at 0.0.0.0/15543] INFO  server.RaftServerConfigKeys (ConfUtils.java:logGet(44)) - raft.server.rpc.request.timeout = 3000ms (default)
2021-11-26 01:28:56,327 [Listener at 0.0.0.0/15543] INFO  impl.DataStreamServerImpl (ConfUtils.java:logGet(44)) - raft.datastream.type = DISABLED (default)
2021-11-26 01:28:56,327 [Listener at 0.0.0.0/15543] INFO  server.RaftServerConfigKeys (ConfUtils.java:logGet(44)) - raft.server.rpc.slowness.timeout = 2s (custom)
2021-11-26 01:28:56,327 [Listener at 0.0.0.0/15543] INFO  server.RaftServerConfigKeys (ConfUtils.java:logGet(44)) - raft.server.leaderelection.leader.step-down.wait-time = 10s (default)
2021-11-26 01:28:56,327 [Listener at 0.0.0.0/15543] INFO  server.RaftServerConfigKeys (ConfUtils.java:logGet(44)) - raft.server.storage.dir = [/home/runner/work/ozone/ozone/hadoop-ozone/integration-test/target/test-dir/MiniOzoneClusterImpl-70e57338-dd19-42c4-b060-07a8ff5308af/omNode-1/ratis] (custom)
2021-11-26 01:28:56,328 [Listener at 0.0.0.0/15543] INFO  server.RaftServer (RaftServerProxy.java:addNew(95)) - omNode-1: addNew group-523986131536:[omNode-1|rpc:localhost:10176|priority:0] returns group-523986131536:java.util.concurrent.CompletableFuture@763ee217[Not completed]
2021-11-26 01:28:56,333 [Listener at 0.0.0.0/15543] INFO  om.OzoneManager (OzoneManager.java:initializeRatisServer(1771)) - OzoneManager Ratis server initialized at port 10176
2021-11-26 01:28:56,334 [Listener at 0.0.0.0/15543] INFO  ipc.CallQueueManager (CallQueueManager.java:<init>(90)) - Using callQueue: class java.util.concurrent.LinkedBlockingQueue, queueCapacity: 2000, scheduler: class org.apache.hadoop.ipc.DefaultRpcScheduler, ipcBackoff: false.
2021-11-26 01:28:56,335 [pool-282-thread-1] INFO  server.RaftServer$Division (RaftServerImpl.java:<init>(184)) - omNode-1: new RaftServerImpl for group-523986131536:[omNode-1|rpc:localhost:10176|priority:0] with OzoneManagerStateMachine:uninitialized
2021-11-26 01:28:56,353 [pool-282-thread-1] INFO  server.RaftServerConfigKeys (ConfUtils.java:logGet(44)) - raft.server.rpc.timeout.min = 1s (custom)
2021-11-26 01:28:56,353 [pool-282-thread-1] INFO  server.RaftServerConfigKeys (ConfUtils.java:logGet(44)) - raft.server.rpc.timeout.max = 1200ms (custom)
2021-11-26 01:28:56,353 [pool-282-thread-1] INFO  server.RaftServerConfigKeys (ConfUtils.java:logGet(44)) - raft.server.rpc.sleep.time = 25ms (default)
2021-11-26 01:28:56,353 [pool-282-thread-1] INFO  server.RaftServerConfigKeys (ConfUtils.java:logGet(44)) - raft.server.rpc.slowness.timeout = 2s (custom)
2021-11-26 01:28:56,353 [pool-282-thread-1] INFO  server.RaftServerConfigKeys (ConfUtils.java:logGet(44)) - raft.server.leaderelection.leader.step-down.wait-time = 10s (default)
2021-11-26 01:28:56,353 [pool-282-thread-1] INFO  server.RaftServerConfigKeys (ConfUtils.java:logGet(44)) - raft.server.sleep.deviation.threshold = 300ms (default)
2021-11-26 01:28:56,353 [pool-282-thread-1] INFO  server.RaftServerConfigKeys (ConfUtils.java:logGet(44)) - raft.server.log.appender.install.snapshot.enabled = false (custom)
2021-11-26 01:28:56,353 [pool-282-thread-1] INFO  server.RaftServer$Division (ServerState.java:<init>(105)) - omNode-1@group-523986131536: ConfigurationManager, init=-1: [omNode-1|rpc:localhost:10176|priority:0], old=null, confs=<EMPTY_MAP>
2021-11-26 01:28:56,354 [pool-282-thread-1] INFO  server.RaftServerConfigKeys (ConfUtils.java:logGet(44)) - raft.server.storage.dir = [/home/runner/work/ozone/ozone/hadoop-ozone/integration-test/target/test-dir/MiniOzoneClusterImpl-70e57338-dd19-42c4-b060-07a8ff5308af/omNode-1/ratis] (custom)
2021-11-26 01:28:56,354 [pool-282-thread-1] INFO  server.RaftServerConfigKeys (ConfUtils.java:logGet(44)) - raft.server.log.corruption.policy = EXCEPTION (default)
2021-11-26 01:28:56,354 [pool-282-thread-1] INFO  server.RaftServerConfigKeys (ConfUtils.java:logGet(44)) - raft.server.storage.free-space.min = 0MB (=0) (default)
2021-11-26 01:28:56,354 [pool-282-thread-1] INFO  storage.RaftStorageDirectory (RaftStorageDirectoryImpl.java:analyzeStorage(135)) - The storage directory /home/runner/work/ozone/ozone/hadoop-ozone/integration-test/target/test-dir/MiniOzoneClusterImpl-70e57338-dd19-42c4-b060-07a8ff5308af/omNode-1/ratis/c9bc4cf4-3bc3-3c60-a66b-523986131536 does not exist. Creating ...
2021-11-26 01:28:56,355 [pool-282-thread-1] INFO  storage.RaftStorageDirectory (RaftStorageDirectoryImpl.java:tryLock(230)) - Lock on /home/runner/work/ozone/ozone/hadoop-ozone/integration-test/target/test-dir/MiniOzoneClusterImpl-70e57338-dd19-42c4-b060-07a8ff5308af/omNode-1/ratis/c9bc4cf4-3bc3-3c60-a66b-523986131536/in_use.lock acquired by nodename 1239@fv-az151-301
2021-11-26 01:28:56,356 [pool-282-thread-1] INFO  storage.RaftStorage (RaftStorageImpl.java:format(89)) - Storage directory /home/runner/work/ozone/ozone/hadoop-ozone/integration-test/target/test-dir/MiniOzoneClusterImpl-70e57338-dd19-42c4-b060-07a8ff5308af/omNode-1/ratis/c9bc4cf4-3bc3-3c60-a66b-523986131536 has been successfully formatted.
2021-11-26 01:28:56,356 [pool-282-thread-1] INFO  server.RaftServerConfigKeys (ConfUtils.java:logGet(44)) - raft.server.notification.no-leader.timeout = 2s (custom)
2021-11-26 01:28:56,356 [pool-282-thread-1] INFO  server.RaftServerConfigKeys (ConfUtils.java:logGet(44)) - raft.server.log.use.memory = false (default)
2021-11-26 01:28:56,357 [pool-282-thread-1] INFO  server.RaftServerConfigKeys (ConfUtils.java:logGet(44)) - raft.server.log.purge.gap = 1000000 (custom)
2021-11-26 01:28:56,357 [Socket Reader #1 for port 10172] INFO  ipc.Server (Server.java:run(1265)) - Starting Socket Reader #1 for port 10172
2021-11-26 01:28:56,357 [pool-282-thread-1] INFO  server.RaftServerConfigKeys (ConfUtils.java:logGet(44)) - raft.server.log.appender.buffer.byte-limit = 33554432 (custom)
2021-11-26 01:28:56,357 [pool-282-thread-1] INFO  server.RaftServerConfigKeys (ConfUtils.java:logGet(44)) - raft.server.log.segment.size.max = 4194304 (custom)
2021-11-26 01:28:56,358 [pool-282-thread-1] INFO  server.RaftServerConfigKeys (ConfUtils.java:logGet(44)) - raft.server.log.segment.cache.num.max = 2 (custom)
2021-11-26 01:28:56,358 [pool-282-thread-1] INFO  server.RaftServerConfigKeys (ConfUtils.java:logGet(44)) - raft.server.log.segment.cache.size.max = 200MB (=209715200) (default)
2021-11-26 01:28:56,358 [pool-282-thread-1] INFO  segmented.SegmentedRaftLogWorker (SegmentedRaftLogWorker.java:<init>(182)) - new omNode-1@group-523986131536-SegmentedRaftLogWorker for RaftStorageImpl:Storage Directory /home/runner/work/ozone/ozone/hadoop-ozone/integration-test/target/test-dir/MiniOzoneClusterImpl-70e57338-dd19-42c4-b060-07a8ff5308af/omNode-1/ratis/c9bc4cf4-3bc3-3c60-a66b-523986131536
2021-11-26 01:28:56,358 [pool-282-thread-1] INFO  server.RaftServerConfigKeys (ConfUtils.java:logGet(44)) - raft.server.log.queue.byte-limit = 64MB (=67108864) (default)
2021-11-26 01:28:56,358 [pool-282-thread-1] INFO  server.RaftServerConfigKeys (ConfUtils.java:logGet(44)) - raft.server.log.queue.element-limit = 4096 (default)
2021-11-26 01:28:56,358 [pool-282-thread-1] INFO  server.RaftServerConfigKeys (ConfUtils.java:logGet(44)) - raft.server.log.segment.size.max = 4194304 (custom)
2021-11-26 01:28:56,358 [pool-282-thread-1] INFO  server.RaftServerConfigKeys (ConfUtils.java:logGet(44)) - raft.server.log.preallocated.size = 4194304 (custom)
2021-11-26 01:28:56,358 [pool-282-thread-1] INFO  server.RaftServerConfigKeys (ConfUtils.java:logGet(44)) - raft.server.log.force.sync.num = 128 (default)
2021-11-26 01:28:56,358 [pool-282-thread-1] INFO  server.RaftServerConfigKeys (ConfUtils.java:logGet(44)) - raft.server.log.statemachine.data.sync = true (default)
2021-11-26 01:28:56,358 [pool-282-thread-1] INFO  server.RaftServerConfigKeys (ConfUtils.java:logGet(44)) - raft.server.log.statemachine.data.sync.timeout = 10s (default)
2021-11-26 01:28:56,358 [pool-282-thread-1] INFO  server.RaftServerConfigKeys (ConfUtils.java:logGet(44)) - raft.server.log.statemachine.data.sync.timeout.retry = -1 (default)
2021-11-26 01:28:56,391 [pool-282-thread-1] INFO  server.RaftServerConfigKeys (ConfUtils.java:logGet(44)) - raft.server.log.write.buffer.size = 64KB (=65536) (default)
2021-11-26 01:28:56,391 [pool-282-thread-1] INFO  server.RaftServerConfigKeys (ConfUtils.java:logGet(44)) - raft.server.log.statemachine.data.caching.enabled = false (default)
2021-11-26 01:28:56,391 [pool-282-thread-1] INFO  segmented.SegmentedRaftLogWorker (SegmentedRaftLogWorker.java:lambda$new$0(133)) - omNode-1@group-523986131536-SegmentedRaftLogWorker: flushIndex: setUnconditionally 0 -> -1
2021-11-26 01:28:56,391 [pool-282-thread-1] INFO  segmented.SegmentedRaftLogWorker (SegmentedRaftLogWorker.java:lambda$new$0(133)) - omNode-1@group-523986131536-SegmentedRaftLogWorker: safeCacheEvictIndex: setUnconditionally 0 -> -1
2021-11-26 01:28:56,391 [pool-282-thread-1] INFO  server.RaftServerConfigKeys (ConfUtils.java:logGet(44)) - raft.server.snapshot.auto.trigger.enabled = true (custom)
2021-11-26 01:28:56,391 [pool-282-thread-1] INFO  server.RaftServerConfigKeys (ConfUtils.java:logGet(44)) - raft.server.snapshot.auto.trigger.threshold = 400000 (default)
2021-11-26 01:28:56,391 [pool-282-thread-1] INFO  server.RaftServerConfigKeys (ConfUtils.java:logGet(44)) - raft.server.snapshot.retention.file.num = -1 (default)
2021-11-26 01:28:56,391 [pool-282-thread-1] INFO  server.RaftServerConfigKeys (ConfUtils.java:logGet(44)) - raft.server.log.purge.upto.snapshot.index = true (custom)
2021-11-26 01:28:56,391 [pool-282-thread-1] INFO  server.RaftServerConfigKeys (ConfUtils.java:logGet(44)) - raft.server.retrycache.expirytime = 300s (custom)
2021-11-26 01:28:56,391 [pool-282-thread-1] INFO  server.RaftServerConfigKeys (ConfUtils.java:logGet(44)) - raft.server.retrycache.statistics.expirytime = 100μs (default)
2021-11-26 01:28:56,463 [Listener at 127.0.0.1/10172] INFO  om.OzoneManager (OzoneManager.java:initFSOLayout(3786)) - Configured ozone.om.metadata.layout=SIMPLE and disabled optimized OM FS operations
2021-11-26 01:28:56,464 [Listener at 127.0.0.1/10172] INFO  impl.MetricsSystemImpl (MetricsSystemImpl.java:init(158)) - OzoneManager metrics system started (again)
2021-11-26 01:28:56,478 [Listener at 127.0.0.1/10172] INFO  om.OzoneManager (OzoneManager.java:start(1365)) - OzoneManager RPC server is listening at localhost/127.0.0.1:10172
2021-11-26 01:28:56,479 [Listener at 127.0.0.1/10172] INFO  ratis.OzoneManagerRatisServer (OzoneManagerRatisServer.java:start(516)) - Starting OzoneManagerRatisServer omNode-1 at port 10176
2021-11-26 01:28:56,479 [Listener at 127.0.0.1/10172] INFO  server.RaftServer$Division (RaftServerImpl.java:start(301)) - omNode-1@group-523986131536: start as a follower, conf=-1: [omNode-1|rpc:localhost:10176|priority:0], old=null
2021-11-26 01:28:56,479 [Listener at 127.0.0.1/10172] INFO  server.RaftServer$Division (RaftServerImpl.java:setRole(290)) - omNode-1@group-523986131536: changes role from      null to FOLLOWER at term 0 for startAsFollower
2021-11-26 01:28:56,479 [Listener at 127.0.0.1/10172] INFO  impl.RoleInfo (RoleInfo.java:updateAndGet(130)) - omNode-1: start omNode-1@group-523986131536-FollowerState
2021-11-26 01:28:56,488 [Listener at 127.0.0.1/10172] INFO  util.JmxRegister (JmxRegister.java:tryRegister(44)) - Successfully registered JMX Bean with object name Ratis:service=RaftServer,group=group-523986131536,id=omNode-1
2021-11-26 01:28:56,489 [Listener at 127.0.0.1/10172] INFO  server.RaftServer (RaftServerProxy.java:lambda$start$5(374)) - omNode-1: start RPC server
2021-11-26 01:28:56,490 [Listener at 127.0.0.1/10172] INFO  server.GrpcService (GrpcService.java:startImpl(253)) - omNode-1: GrpcService started, listening on 10176
2021-11-26 01:28:56,490 [Listener at 127.0.0.1/10172] INFO  om.OzoneManager (OzoneManager.java:start(1381)) - Version File has different layout version (0) than OM DB (null). That is expected if this OM has never been finalized to a newer layout version.
2021-11-26 01:28:56,491 [org.apache.ratis.util.JvmPauseMonitor$$Lambda$499/73608444@50060b19] INFO  util.JvmPauseMonitor (JvmPauseMonitor.java:run(103)) - JvmPauseMonitor-omNode-1: Started
2021-11-26 01:28:56,510 [Listener at 127.0.0.1/10172] INFO  http.BaseHttpServer (BaseHttpServer.java:newHttpServer2BuilderForOzone(209)) - Starting Web-server for ozoneManager at: http://0.0.0.0:10174
2021-11-26 01:28:56,510 [Listener at 127.0.0.1/10172] INFO  http.BaseHttpServer (BaseHttpServer.java:<init>(107)) - Hadoop Security Enabled: false Ozone Security Enabled: false Ozone HTTP Security Enabled: false 
2021-11-26 01:28:56,511 [Listener at 127.0.0.1/10172] INFO  server.AuthenticationFilter (AuthenticationFilter.java:constructSecretProvider(240)) - Unable to initialize FileSignerSecretProvider, falling back to use random secrets.
2021-11-26 01:28:56,512 [Listener at 127.0.0.1/10172] WARN  http.HttpRequestLog (HttpRequestLog.java:getRequestLog(103)) - Jetty request log can only be enabled using Log4j
2021-11-26 01:28:56,513 [Listener at 127.0.0.1/10172] INFO  http.HttpServer2 (HttpServer2.java:addGlobalFilter(1030)) - Added global filter 'safety' (class=org.apache.hadoop.hdds.server.http.HttpServer2$QuotingInputFilter)
2021-11-26 01:28:56,517 [Listener at 127.0.0.1/10172] INFO  http.HttpServer2 (HttpServer2.java:addFilter(1006)) - Added filter static_user_filter (class=org.apache.hadoop.http.lib.StaticUserWebFilter$StaticUserFilter) to context ozoneManager
2021-11-26 01:28:56,517 [Listener at 127.0.0.1/10172] INFO  http.HttpServer2 (HttpServer2.java:addFilter(1014)) - Added filter static_user_filter (class=org.apache.hadoop.http.lib.StaticUserWebFilter$StaticUserFilter) to context static
2021-11-26 01:28:56,517 [Listener at 127.0.0.1/10172] INFO  http.HttpServer2 (HttpServer2.java:addFilter(1014)) - Added filter static_user_filter (class=org.apache.hadoop.http.lib.StaticUserWebFilter$StaticUserFilter) to context logs
2021-11-26 01:28:56,518 [Listener at 127.0.0.1/10172] INFO  http.HttpServer2 (HttpServer2.java:bindListener(1249)) - Jetty bound to port 10174
2021-11-26 01:28:56,518 [Listener at 127.0.0.1/10172] INFO  server.Server (Server.java:doStart(375)) - jetty-9.4.43.v20210629; built: 2021-06-30T11:07:22.254Z; git: 526006ecfa3af7f1a27ef3a288e2bef7ea9dd7e8; jvm 1.8.0_292-b10
2021-11-26 01:28:56,564 [Listener at 127.0.0.1/10172] INFO  server.session (DefaultSessionIdManager.java:doStart(334)) - DefaultSessionIdManager workerName=node0
2021-11-26 01:28:56,564 [Listener at 127.0.0.1/10172] INFO  server.session (DefaultSessionIdManager.java:doStart(339)) - No SessionScavenger set, using defaults
2021-11-26 01:28:56,565 [Listener at 127.0.0.1/10172] INFO  server.session (HouseKeeper.java:startScavenging(132)) - node0 Scavenging every 600000ms
2021-11-26 01:28:56,573 [Listener at 127.0.0.1/10172] INFO  handler.ContextHandler (ContextHandler.java:doStart(915)) - Started o.e.j.s.ServletContextHandler@7b32e17b{logs,/logs,file:///home/runner/work/ozone/ozone/hadoop-ozone/integration-test/target/log,AVAILABLE}
2021-11-26 01:28:56,574 [Listener at 127.0.0.1/10172] INFO  handler.ContextHandler (ContextHandler.java:doStart(915)) - Started o.e.j.s.ServletContextHandler@454009a0{static,/static,file:///home/runner/work/ozone/ozone/hadoop-ozone/integration-test/target/test-classes/webapps/static,AVAILABLE}
2021-11-26 01:28:56,581 [Listener at 127.0.0.1/10172] INFO  handler.ContextHandler (ContextHandler.java:doStart(915)) - Started o.e.j.w.WebAppContext@5a8a98c7{ozoneManager,/,file:///home/runner/work/ozone/ozone/hadoop-ozone/integration-test/target/test-classes/webapps/ozoneManager/,AVAILABLE}{file:/home/runner/work/ozone/ozone/hadoop-ozone/integration-test/target/test-classes/webapps/ozoneManager}
2021-11-26 01:28:56,585 [Listener at 127.0.0.1/10172] INFO  server.AbstractConnector (AbstractConnector.java:doStart(331)) - Started ServerConnector@78e73f67{HTTP/1.1, (http/1.1)}{0.0.0.0:10174}
2021-11-26 01:28:56,585 [Listener at 127.0.0.1/10172] INFO  server.Server (Server.java:doStart(415)) - Started @92816ms
2021-11-26 01:28:56,585 [Listener at 127.0.0.1/10172] WARN  impl.MetricsSystemImpl (MetricsSystemImpl.java:register(279)) - Sink prometheus already exists!
2021-11-26 01:28:56,586 [Listener at 127.0.0.1/10172] INFO  http.BaseHttpServer (BaseHttpServer.java:updateConnectorAddress(329)) - HTTP server of ozoneManager listening at http://0.0.0.0:10174
2021-11-26 01:28:56,586 [IPC Server Responder] INFO  ipc.Server (Server.java:run(1507)) - IPC Server Responder: starting
2021-11-26 01:28:56,587 [IPC Server listener on 10172] INFO  ipc.Server (Server.java:run(1344)) - IPC Server listener on 10172: starting
2021-11-26 01:28:56,592 [Listener at 127.0.0.1/10172] INFO  om.OzoneManager (OzoneManager.java:startTrashEmptier(1729)) - Trash Interval set to 0. Files deleted will not move to trash
2021-11-26 01:28:56,592 [Listener at 127.0.0.1/10172] INFO  ozone.MiniOzoneHAClusterImpl (MiniOzoneHAClusterImpl.java:createOMService(503)) - Started OzoneManager omNode-1 RPC server at localhost/127.0.0.1:10172
2021-11-26 01:28:56,606 [org.apache.hadoop.util.JvmPauseMonitor$Monitor@1db9adf3] INFO  util.JvmPauseMonitor (JvmPauseMonitor.java:run(188)) - Starting JVM pause monitor
2021-11-26 01:28:56,615 [Listener at 127.0.0.1/10172] WARN  impl.MetricRegistriesImpl (MetricRegistriesImpl.java:addReporterRegistration(111)) - New reporters are added after registries were created. Some metrics will be missing from the reporter. Please add reporter before adding any new registry.
2021-11-26 01:28:56,615 [Listener at 127.0.0.1/10172] WARN  impl.MetricRegistriesImpl (MetricRegistriesImpl.java:addReporterRegistration(111)) - New reporters are added after registries were created. Some metrics will be missing from the reporter. Please add reporter before adding any new registry.
2021-11-26 01:28:56,615 [Listener at 127.0.0.1/10172] INFO  impl.MetricsSystemImpl (MetricsSystemImpl.java:init(158)) - HddsDatanode metrics system started (again)
2021-11-26 01:28:56,646 [Listener at 127.0.0.1/10172] INFO  ozone.HddsDatanodeService (HddsDatanodeService.java:start(234)) - HddsDatanodeService host:fv-az151-301.yf2hydr00wburbhx3j5hxtcipe.bx.internal.cloudapp.net ip:10.1.0.65
2021-11-26 01:28:56,672 [Listener at 127.0.0.1/10172] INFO  upgrade.AbstractLayoutVersionManager (AbstractLayoutVersionManager.java:init(79)) - Initializing Layout version manager with metadata layout = SCM_HA (version = 2), software layout = SCM_HA (version = 2)
2021-11-26 01:28:56,711 [Listener at 127.0.0.1/10172] INFO  reflections.Reflections (Reflections.java:scan(232)) - Reflections took 38 ms to scan 7 urls, producing 119 keys and 279 values 
2021-11-26 01:28:56,712 [Listener at 127.0.0.1/10172] INFO  ha.SCMNodeInfo (SCMNodeInfo.java:getPort(197)) - ConfigKey ozone.scm.client.address is deprecated, For configuring different ports for each SCM use PortConfigKey ozone.scm.client.port appended with serviceId and nodeId
2021-11-26 01:28:56,713 [Listener at 127.0.0.1/10172] INFO  ha.SCMNodeInfo (SCMNodeInfo.java:getPort(197)) - ConfigKey ozone.scm.block.client.address is deprecated, For configuring different ports for each SCM use PortConfigKey ozone.scm.block.client.port appended with serviceId and nodeId
2021-11-26 01:28:56,713 [Listener at 127.0.0.1/10172] INFO  ha.SCMNodeInfo (SCMNodeInfo.java:getPort(197)) - ConfigKey ozone.scm.datanode.address is deprecated, For configuring different ports for each SCM use PortConfigKey ozone.scm.datanode.port appended with serviceId and nodeId
2021-11-26 01:28:56,713 [Listener at 127.0.0.1/10172] INFO  ha.SCMNodeInfo (SCMNodeInfo.java:getPort(197)) - ConfigKey ozone.scm.client.address is deprecated, For configuring different ports for each SCM use PortConfigKey ozone.scm.client.port appended with serviceId and nodeId
2021-11-26 01:28:56,713 [Listener at 127.0.0.1/10172] INFO  ha.SCMNodeInfo (SCMNodeInfo.java:getPort(197)) - ConfigKey ozone.scm.block.client.address is deprecated, For configuring different ports for each SCM use PortConfigKey ozone.scm.block.client.port appended with serviceId and nodeId
2021-11-26 01:28:56,713 [Listener at 127.0.0.1/10172] INFO  ha.SCMNodeInfo (SCMNodeInfo.java:getPort(197)) - ConfigKey ozone.scm.datanode.address is deprecated, For configuring different ports for each SCM use PortConfigKey ozone.scm.datanode.port appended with serviceId and nodeId
2021-11-26 01:28:56,713 [Listener at 127.0.0.1/10172] INFO  ha.SCMNodeInfo (SCMNodeInfo.java:getPort(197)) - ConfigKey ozone.scm.client.address is deprecated, For configuring different ports for each SCM use PortConfigKey ozone.scm.client.port appended with serviceId and nodeId
2021-11-26 01:28:56,714 [Listener at 127.0.0.1/10172] INFO  ha.SCMNodeInfo (SCMNodeInfo.java:getPort(197)) - ConfigKey ozone.scm.block.client.address is deprecated, For configuring different ports for each SCM use PortConfigKey ozone.scm.block.client.port appended with serviceId and nodeId
2021-11-26 01:28:56,714 [Listener at 127.0.0.1/10172] INFO  ha.SCMNodeInfo (SCMNodeInfo.java:getPort(197)) - ConfigKey ozone.scm.datanode.address is deprecated, For configuring different ports for each SCM use PortConfigKey ozone.scm.datanode.port appended with serviceId and nodeId
2021-11-26 01:28:56,714 [Listener at 127.0.0.1/10172] INFO  statemachine.DatanodeStateMachine (DatanodeStateMachine.java:getEndPointTaskThreadPoolSize(219)) - Datanode State Machine Task Thread Pool size 4
2021-11-26 01:28:56,715 [Listener at 127.0.0.1/10172] INFO  volume.HddsVolume (HddsVolume.java:<init>(120)) - Creating HddsVolume: /home/runner/work/ozone/ozone/hadoop-ozone/integration-test/target/test-dir/MiniOzoneClusterImpl-70e57338-dd19-42c4-b060-07a8ff5308af/datanode-0/data-0/containers/hdds of storage type : DISK capacity : 9223372036854775807
2021-11-26 01:28:56,716 [Listener at 127.0.0.1/10172] INFO  volume.MutableVolumeSet (MutableVolumeSet.java:initializeVolumeSet(168)) - Added Volume : /home/runner/work/ozone/ozone/hadoop-ozone/integration-test/target/test-dir/MiniOzoneClusterImpl-70e57338-dd19-42c4-b060-07a8ff5308af/datanode-0/data-0/containers/hdds to VolumeSet
2021-11-26 01:28:56,716 [Listener at 127.0.0.1/10172] INFO  volume.ThrottledAsyncChecker (ThrottledAsyncChecker.java:schedule(141)) - Scheduling a check for /home/runner/work/ozone/ozone/hadoop-ozone/integration-test/target/test-dir/MiniOzoneClusterImpl-70e57338-dd19-42c4-b060-07a8ff5308af/datanode-0/data-0/containers/hdds
2021-11-26 01:28:56,717 [Listener at 127.0.0.1/10172] INFO  volume.StorageVolumeChecker (StorageVolumeChecker.java:checkAllVolumes(202)) - Scheduled health check for volume /home/runner/work/ozone/ozone/hadoop-ozone/integration-test/target/test-dir/MiniOzoneClusterImpl-70e57338-dd19-42c4-b060-07a8ff5308af/datanode-0/data-0/containers/hdds
2021-11-26 01:28:56,731 [Listener at 127.0.0.1/10172] INFO  volume.MutableVolumeSet (MutableVolumeSet.java:initializeVolumeSet(168)) - Added Volume : /home/runner/work/ozone/ozone/hadoop-ozone/integration-test/target/test-dir/MiniOzoneClusterImpl-70e57338-dd19-42c4-b060-07a8ff5308af/datanode-0/data/ratis to VolumeSet
2021-11-26 01:28:56,731 [Listener at 127.0.0.1/10172] INFO  volume.ThrottledAsyncChecker (ThrottledAsyncChecker.java:schedule(141)) - Scheduling a check for /home/runner/work/ozone/ozone/hadoop-ozone/integration-test/target/test-dir/MiniOzoneClusterImpl-70e57338-dd19-42c4-b060-07a8ff5308af/datanode-0/data/ratis
2021-11-26 01:28:56,731 [Listener at 127.0.0.1/10172] INFO  volume.StorageVolumeChecker (StorageVolumeChecker.java:checkAllVolumes(202)) - Scheduled health check for volume /home/runner/work/ozone/ozone/hadoop-ozone/integration-test/target/test-dir/MiniOzoneClusterImpl-70e57338-dd19-42c4-b060-07a8ff5308af/datanode-0/data/ratis
2021-11-26 01:28:56,745 [Thread-1470] INFO  ozoneimpl.ContainerReader (ContainerReader.java:readVolume(172)) - Finish verifying containers on volume /home/runner/work/ozone/ozone/hadoop-ozone/integration-test/target/test-dir/MiniOzoneClusterImpl-70e57338-dd19-42c4-b060-07a8ff5308af/datanode-0/data-0/containers/hdds
2021-11-26 01:28:56,745 [Listener at 127.0.0.1/10172] INFO  ozoneimpl.OzoneContainer (OzoneContainer.java:buildContainerSet(236)) - Build ContainerSet costs 0s
2021-11-26 01:28:56,747 [Listener at 127.0.0.1/10172] INFO  server.RaftServer (ConfUtils.java:logGet(44)) - raft.rpc.type = GRPC (default)
2021-11-26 01:28:56,748 [Listener at 127.0.0.1/10172] INFO  grpc.GrpcFactory (GrpcFactory.java:checkPooledByteBufAllocatorUseCacheForAllThreads(48)) - PERFORMANCE WARNING: useCacheForAllThreads is true that may cause Netty to create a lot garbage objects and, as a result, trigger GC.
	It is recommended to disable useCacheForAllThreads by setting -Dorg.apache.ratis.thirdparty.io.netty.allocator.useCacheForAllThreads=false in command line.
2021-11-26 01:28:56,748 [Listener at 127.0.0.1/10172] INFO  grpc.GrpcConfigKeys (ConfUtils.java:logGet(44)) - raft.grpc.admin.port = 0 (custom)
2021-11-26 01:28:56,748 [Listener at 127.0.0.1/10172] INFO  grpc.GrpcConfigKeys (ConfUtils.java:logGet(44)) - raft.grpc.client.port = 0 (custom)
2021-11-26 01:28:56,748 [Listener at 127.0.0.1/10172] INFO  grpc.GrpcConfigKeys (ConfUtils.java:logGet(44)) - raft.grpc.server.port = 0 (default)
2021-11-26 01:28:56,748 [Listener at 127.0.0.1/10172] INFO  server.GrpcService (ConfUtils.java:logGet(44)) - raft.grpc.message.size.max = 32MB (=33554432) (custom)
2021-11-26 01:28:56,748 [Listener at 127.0.0.1/10172] INFO  server.RaftServerConfigKeys (ConfUtils.java:logGet(44)) - raft.server.log.appender.buffer.byte-limit = 33554432 (custom)
2021-11-26 01:28:56,749 [Listener at 127.0.0.1/10172] INFO  server.GrpcService (ConfUtils.java:logGet(44)) - raft.grpc.flow.control.window = 5MB (=5242880) (custom)
2021-11-26 01:28:56,749 [Listener at 127.0.0.1/10172] INFO  server.RaftServerConfigKeys (ConfUtils.java:logGet(44)) - raft.server.rpc.request.timeout = 60s (custom)
2021-11-26 01:28:56,750 [Listener at 127.0.0.1/10172] INFO  impl.DataStreamServerImpl (ConfUtils.java:logGet(44)) - raft.datastream.type = DISABLED (default)
2021-11-26 01:28:56,750 [Listener at 127.0.0.1/10172] INFO  server.RaftServerConfigKeys (ConfUtils.java:logGet(44)) - raft.server.rpc.slowness.timeout = 300s (custom)
2021-11-26 01:28:56,750 [Listener at 127.0.0.1/10172] INFO  server.RaftServerConfigKeys (ConfUtils.java:logGet(44)) - raft.server.leaderelection.leader.step-down.wait-time = 10s (default)
2021-11-26 01:28:56,750 [Listener at 127.0.0.1/10172] INFO  server.RaftServerConfigKeys (ConfUtils.java:logGet(44)) - raft.server.storage.dir = [/home/runner/work/ozone/ozone/hadoop-ozone/integration-test/target/test-dir/MiniOzoneClusterImpl-70e57338-dd19-42c4-b060-07a8ff5308af/datanode-0/data/ratis] (custom)
2021-11-26 01:28:56,753 [Listener at 127.0.0.1/10172] INFO  http.BaseHttpServer (BaseHttpServer.java:newHttpServer2BuilderForOzone(209)) - Starting Web-server for hddsDatanode at: http://0.0.0.0:0
2021-11-26 01:28:56,753 [Listener at 127.0.0.1/10172] INFO  http.BaseHttpServer (BaseHttpServer.java:<init>(107)) - Hadoop Security Enabled: false Ozone Security Enabled: false Ozone HTTP Security Enabled: false 
2021-11-26 01:28:56,755 [Listener at 127.0.0.1/10172] INFO  server.AuthenticationFilter (AuthenticationFilter.java:constructSecretProvider(240)) - Unable to initialize FileSignerSecretProvider, falling back to use random secrets.
2021-11-26 01:28:56,755 [Listener at 127.0.0.1/10172] WARN  http.HttpRequestLog (HttpRequestLog.java:getRequestLog(103)) - Jetty request log can only be enabled using Log4j
2021-11-26 01:28:56,756 [Listener at 127.0.0.1/10172] INFO  http.HttpServer2 (HttpServer2.java:addGlobalFilter(1030)) - Added global filter 'safety' (class=org.apache.hadoop.hdds.server.http.HttpServer2$QuotingInputFilter)
2021-11-26 01:28:56,758 [Listener at 127.0.0.1/10172] INFO  http.HttpServer2 (HttpServer2.java:addFilter(1006)) - Added filter static_user_filter (class=org.apache.hadoop.http.lib.StaticUserWebFilter$StaticUserFilter) to context hddsDatanode
2021-11-26 01:28:56,759 [Listener at 127.0.0.1/10172] INFO  http.HttpServer2 (HttpServer2.java:addFilter(1014)) - Added filter static_user_filter (class=org.apache.hadoop.http.lib.StaticUserWebFilter$StaticUserFilter) to context logs
2021-11-26 01:28:56,759 [Listener at 127.0.0.1/10172] INFO  http.HttpServer2 (HttpServer2.java:addFilter(1014)) - Added filter static_user_filter (class=org.apache.hadoop.http.lib.StaticUserWebFilter$StaticUserFilter) to context static
2021-11-26 01:28:56,761 [Listener at 127.0.0.1/10172] INFO  http.HttpServer2 (HttpServer2.java:bindListener(1249)) - Jetty bound to port 44067
2021-11-26 01:28:56,761 [Listener at 127.0.0.1/10172] INFO  server.Server (Server.java:doStart(375)) - jetty-9.4.43.v20210629; built: 2021-06-30T11:07:22.254Z; git: 526006ecfa3af7f1a27ef3a288e2bef7ea9dd7e8; jvm 1.8.0_292-b10
2021-11-26 01:28:56,798 [Listener at 127.0.0.1/10172] INFO  server.session (DefaultSessionIdManager.java:doStart(334)) - DefaultSessionIdManager workerName=node0
2021-11-26 01:28:56,798 [Listener at 127.0.0.1/10172] INFO  server.session (DefaultSessionIdManager.java:doStart(339)) - No SessionScavenger set, using defaults
2021-11-26 01:28:56,798 [Listener at 127.0.0.1/10172] INFO  server.session (HouseKeeper.java:startScavenging(132)) - node0 Scavenging every 660000ms
2021-11-26 01:28:56,806 [Listener at 127.0.0.1/10172] INFO  handler.ContextHandler (ContextHandler.java:doStart(915)) - Started o.e.j.s.ServletContextHandler@2e47326b{logs,/logs,file:///home/runner/work/ozone/ozone/hadoop-ozone/integration-test/target/log,AVAILABLE}
2021-11-26 01:28:56,807 [Listener at 127.0.0.1/10172] INFO  handler.ContextHandler (ContextHandler.java:doStart(915)) - Started o.e.j.s.ServletContextHandler@4c8754b9{static,/static,jar:file:/home/runner/.m2/repository/org/apache/ozone/hdds-container-service/1.3.0-SNAPSHOT/hdds-container-service-1.3.0-SNAPSHOT.jar!/webapps/static,AVAILABLE}
2021-11-26 01:28:56,898 [Listener at 127.0.0.1/10172] INFO  handler.ContextHandler (ContextHandler.java:doStart(915)) - Started o.e.j.w.WebAppContext@673b5922{hddsDatanode,/,file:///tmp/jetty-0_0_0_0-44067-hdds-container-service-1_3_0-SNAPSHOT_jar-_-any-5908542912163210386/webapp/,AVAILABLE}{jar:file:/home/runner/.m2/repository/org/apache/ozone/hdds-container-service/1.3.0-SNAPSHOT/hdds-container-service-1.3.0-SNAPSHOT.jar!/webapps/hddsDatanode}
2021-11-26 01:28:56,901 [Listener at 127.0.0.1/10172] INFO  server.AbstractConnector (AbstractConnector.java:doStart(331)) - Started ServerConnector@14c77f6d{HTTP/1.1, (http/1.1)}{0.0.0.0:44067}
2021-11-26 01:28:56,902 [Listener at 127.0.0.1/10172] INFO  server.Server (Server.java:doStart(415)) - Started @93133ms
2021-11-26 01:28:56,902 [Listener at 127.0.0.1/10172] WARN  impl.MetricsSystemImpl (MetricsSystemImpl.java:register(279)) - Sink prometheus already exists!
2021-11-26 01:28:56,908 [Listener at 127.0.0.1/10172] INFO  http.BaseHttpServer (BaseHttpServer.java:updateConnectorAddress(329)) - HTTP server of hddsDatanode listening at http://0.0.0.0:44067
2021-11-26 01:28:56,918 [Listener at 127.0.0.1/10172] WARN  impl.MetricRegistriesImpl (MetricRegistriesImpl.java:addReporterRegistration(111)) - New reporters are added after registries were created. Some metrics will be missing from the reporter. Please add reporter before adding any new registry.
2021-11-26 01:28:56,918 [Listener at 127.0.0.1/10172] WARN  impl.MetricRegistriesImpl (MetricRegistriesImpl.java:addReporterRegistration(111)) - New reporters are added after registries were created. Some metrics will be missing from the reporter. Please add reporter before adding any new registry.
2021-11-26 01:28:56,918 [Listener at 127.0.0.1/10172] INFO  impl.MetricsSystemImpl (MetricsSystemImpl.java:init(158)) - HddsDatanode metrics system started (again)
2021-11-26 01:28:56,925 [Datanode State Machine Daemon Thread] INFO  statemachine.DatanodeStateMachine (DatanodeStateMachine.java:lambda$startDaemon$0(467)) - Ozone container server started.
2021-11-26 01:28:56,965 [org.apache.hadoop.util.JvmPauseMonitor$Monitor@372a7ceb] INFO  util.JvmPauseMonitor (JvmPauseMonitor.java:run(188)) - Starting JVM pause monitor
2021-11-26 01:28:56,969 [Datanode State Machine Task Thread - 0] INFO  ha.SCMNodeInfo (SCMNodeInfo.java:getPort(197)) - ConfigKey ozone.scm.client.address is deprecated, For configuring different ports for each SCM use PortConfigKey ozone.scm.client.port appended with serviceId and nodeId
2021-11-26 01:28:56,969 [Datanode State Machine Task Thread - 0] INFO  ha.SCMNodeInfo (SCMNodeInfo.java:getPort(197)) - ConfigKey ozone.scm.block.client.address is deprecated, For configuring different ports for each SCM use PortConfigKey ozone.scm.block.client.port appended with serviceId and nodeId
2021-11-26 01:28:56,969 [Datanode State Machine Task Thread - 0] INFO  ha.SCMNodeInfo (SCMNodeInfo.java:getPort(197)) - ConfigKey ozone.scm.datanode.address is deprecated, For configuring different ports for each SCM use PortConfigKey ozone.scm.datanode.port appended with serviceId and nodeId
2021-11-26 01:28:56,969 [Datanode State Machine Task Thread - 0] INFO  ha.SCMNodeInfo (SCMNodeInfo.java:getPort(197)) - ConfigKey ozone.scm.client.address is deprecated, For configuring different ports for each SCM use PortConfigKey ozone.scm.client.port appended with serviceId and nodeId
2021-11-26 01:28:56,969 [Datanode State Machine Task Thread - 0] INFO  ha.SCMNodeInfo (SCMNodeInfo.java:getPort(197)) - ConfigKey ozone.scm.block.client.address is deprecated, For configuring different ports for each SCM use PortConfigKey ozone.scm.block.client.port appended with serviceId and nodeId
2021-11-26 01:28:56,969 [Datanode State Machine Task Thread - 0] INFO  ha.SCMNodeInfo (SCMNodeInfo.java:getPort(197)) - ConfigKey ozone.scm.datanode.address is deprecated, For configuring different ports for each SCM use PortConfigKey ozone.scm.datanode.port appended with serviceId and nodeId
2021-11-26 01:28:56,969 [Datanode State Machine Task Thread - 0] INFO  ha.SCMNodeInfo (SCMNodeInfo.java:getPort(197)) - ConfigKey ozone.scm.client.address is deprecated, For configuring different ports for each SCM use PortConfigKey ozone.scm.client.port appended with serviceId and nodeId
2021-11-26 01:28:56,969 [Datanode State Machine Task Thread - 0] INFO  ha.SCMNodeInfo (SCMNodeInfo.java:getPort(197)) - ConfigKey ozone.scm.block.client.address is deprecated, For configuring different ports for each SCM use PortConfigKey ozone.scm.block.client.port appended with serviceId and nodeId
2021-11-26 01:28:56,969 [Datanode State Machine Task Thread - 0] INFO  ha.SCMNodeInfo (SCMNodeInfo.java:getPort(197)) - ConfigKey ozone.scm.datanode.address is deprecated, For configuring different ports for each SCM use PortConfigKey ozone.scm.datanode.port appended with serviceId and nodeId
2021-11-26 01:28:56,973 [Datanode State Machine Task Thread - 0] INFO  datanode.InitDatanodeState (InitDatanodeState.java:persistContainerDatanodeDetails(145)) - DatanodeDetails is persisted to /home/runner/work/ozone/ozone/hadoop-ozone/integration-test/target/test-dir/MiniOzoneClusterImpl-70e57338-dd19-42c4-b060-07a8ff5308af/datanode-0/meta/datanode.id
2021-11-26 01:28:56,973 [Listener at 127.0.0.1/10172] INFO  ozone.HddsDatanodeService (HddsDatanodeService.java:start(234)) - HddsDatanodeService host:fv-az151-301.yf2hydr00wburbhx3j5hxtcipe.bx.internal.cloudapp.net ip:10.1.0.65
2021-11-26 01:28:57,001 [Listener at 127.0.0.1/10172] INFO  upgrade.AbstractLayoutVersionManager (AbstractLayoutVersionManager.java:init(79)) - Initializing Layout version manager with metadata layout = SCM_HA (version = 2), software layout = SCM_HA (version = 2)
2021-11-26 01:28:57,048 [Listener at 127.0.0.1/10172] INFO  reflections.Reflections (Reflections.java:scan(232)) - Reflections took 46 ms to scan 7 urls, producing 119 keys and 279 values 
2021-11-26 01:28:57,052 [Listener at 127.0.0.1/10172] INFO  ha.SCMNodeInfo (SCMNodeInfo.java:getPort(197)) - ConfigKey ozone.scm.client.address is deprecated, For configuring different ports for each SCM use PortConfigKey ozone.scm.client.port appended with serviceId and nodeId
2021-11-26 01:28:57,052 [Listener at 127.0.0.1/10172] INFO  ha.SCMNodeInfo (SCMNodeInfo.java:getPort(197)) - ConfigKey ozone.scm.block.client.address is deprecated, For configuring different ports for each SCM use PortConfigKey ozone.scm.block.client.port appended with serviceId and nodeId
2021-11-26 01:28:57,053 [Listener at 127.0.0.1/10172] INFO  ha.SCMNodeInfo (SCMNodeInfo.java:getPort(197)) - ConfigKey ozone.scm.datanode.address is deprecated, For configuring different ports for each SCM use PortConfigKey ozone.scm.datanode.port appended with serviceId and nodeId
2021-11-26 01:28:57,053 [Listener at 127.0.0.1/10172] INFO  ha.SCMNodeInfo (SCMNodeInfo.java:getPort(197)) - ConfigKey ozone.scm.client.address is deprecated, For configuring different ports for each SCM use PortConfigKey ozone.scm.client.port appended with serviceId and nodeId
2021-11-26 01:28:57,054 [Listener at 127.0.0.1/10172] INFO  ha.SCMNodeInfo (SCMNodeInfo.java:getPort(197)) - ConfigKey ozone.scm.block.client.address is deprecated, For configuring different ports for each SCM use PortConfigKey ozone.scm.block.client.port appended with serviceId and nodeId
2021-11-26 01:28:57,068 [Listener at 127.0.0.1/10172] INFO  ha.SCMNodeInfo (SCMNodeInfo.java:getPort(197)) - ConfigKey ozone.scm.datanode.address is deprecated, For configuring different ports for each SCM use PortConfigKey ozone.scm.datanode.port appended with serviceId and nodeId
2021-11-26 01:28:57,068 [Listener at 127.0.0.1/10172] INFO  ha.SCMNodeInfo (SCMNodeInfo.java:getPort(197)) - ConfigKey ozone.scm.client.address is deprecated, For configuring different ports for each SCM use PortConfigKey ozone.scm.client.port appended with serviceId and nodeId
2021-11-26 01:28:57,068 [Listener at 127.0.0.1/10172] INFO  ha.SCMNodeInfo (SCMNodeInfo.java:getPort(197)) - ConfigKey ozone.scm.block.client.address is deprecated, For configuring different ports for each SCM use PortConfigKey ozone.scm.block.client.port appended with serviceId and nodeId
2021-11-26 01:28:57,069 [Listener at 127.0.0.1/10172] INFO  ha.SCMNodeInfo (SCMNodeInfo.java:getPort(197)) - ConfigKey ozone.scm.datanode.address is deprecated, For configuring different ports for each SCM use PortConfigKey ozone.scm.datanode.port appended with serviceId and nodeId
2021-11-26 01:28:57,069 [Listener at 127.0.0.1/10172] INFO  statemachine.DatanodeStateMachine (DatanodeStateMachine.java:getEndPointTaskThreadPoolSize(219)) - Datanode State Machine Task Thread Pool size 4
2021-11-26 01:28:57,071 [Listener at 127.0.0.1/10172] INFO  volume.HddsVolume (HddsVolume.java:<init>(120)) - Creating HddsVolume: /home/runner/work/ozone/ozone/hadoop-ozone/integration-test/target/test-dir/MiniOzoneClusterImpl-70e57338-dd19-42c4-b060-07a8ff5308af/datanode-1/data-0/containers/hdds of storage type : DISK capacity : 9223372036854775807
2021-11-26 01:28:57,072 [Listener at 127.0.0.1/10172] INFO  volume.MutableVolumeSet (MutableVolumeSet.java:initializeVolumeSet(168)) - Added Volume : /home/runner/work/ozone/ozone/hadoop-ozone/integration-test/target/test-dir/MiniOzoneClusterImpl-70e57338-dd19-42c4-b060-07a8ff5308af/datanode-1/data-0/containers/hdds to VolumeSet
2021-11-26 01:28:57,072 [Listener at 127.0.0.1/10172] INFO  volume.ThrottledAsyncChecker (ThrottledAsyncChecker.java:schedule(141)) - Scheduling a check for /home/runner/work/ozone/ozone/hadoop-ozone/integration-test/target/test-dir/MiniOzoneClusterImpl-70e57338-dd19-42c4-b060-07a8ff5308af/datanode-1/data-0/containers/hdds
2021-11-26 01:28:57,089 [Listener at 127.0.0.1/10172] INFO  volume.StorageVolumeChecker (StorageVolumeChecker.java:checkAllVolumes(202)) - Scheduled health check for volume /home/runner/work/ozone/ozone/hadoop-ozone/integration-test/target/test-dir/MiniOzoneClusterImpl-70e57338-dd19-42c4-b060-07a8ff5308af/datanode-1/data-0/containers/hdds
2021-11-26 01:28:57,115 [Listener at 127.0.0.1/10172] INFO  volume.MutableVolumeSet (MutableVolumeSet.java:initializeVolumeSet(168)) - Added Volume : /home/runner/work/ozone/ozone/hadoop-ozone/integration-test/target/test-dir/MiniOzoneClusterImpl-70e57338-dd19-42c4-b060-07a8ff5308af/datanode-1/data/ratis to VolumeSet
2021-11-26 01:28:57,116 [Listener at 127.0.0.1/10172] INFO  volume.ThrottledAsyncChecker (ThrottledAsyncChecker.java:schedule(141)) - Scheduling a check for /home/runner/work/ozone/ozone/hadoop-ozone/integration-test/target/test-dir/MiniOzoneClusterImpl-70e57338-dd19-42c4-b060-07a8ff5308af/datanode-1/data/ratis
2021-11-26 01:28:57,116 [Listener at 127.0.0.1/10172] INFO  volume.StorageVolumeChecker (StorageVolumeChecker.java:checkAllVolumes(202)) - Scheduled health check for volume /home/runner/work/ozone/ozone/hadoop-ozone/integration-test/target/test-dir/MiniOzoneClusterImpl-70e57338-dd19-42c4-b060-07a8ff5308af/datanode-1/data/ratis
2021-11-26 01:28:57,160 [Thread-1482] INFO  ozoneimpl.ContainerReader (ContainerReader.java:readVolume(172)) - Finish verifying containers on volume /home/runner/work/ozone/ozone/hadoop-ozone/integration-test/target/test-dir/MiniOzoneClusterImpl-70e57338-dd19-42c4-b060-07a8ff5308af/datanode-1/data-0/containers/hdds
2021-11-26 01:28:57,160 [Listener at 127.0.0.1/10172] INFO  ozoneimpl.OzoneContainer (OzoneContainer.java:buildContainerSet(236)) - Build ContainerSet costs 0s
2021-11-26 01:28:57,166 [Listener at 127.0.0.1/10172] INFO  server.RaftServer (ConfUtils.java:logGet(44)) - raft.rpc.type = GRPC (default)
2021-11-26 01:28:57,166 [Listener at 127.0.0.1/10172] INFO  grpc.GrpcFactory (GrpcFactory.java:checkPooledByteBufAllocatorUseCacheForAllThreads(48)) - PERFORMANCE WARNING: useCacheForAllThreads is true that may cause Netty to create a lot garbage objects and, as a result, trigger GC.
	It is recommended to disable useCacheForAllThreads by setting -Dorg.apache.ratis.thirdparty.io.netty.allocator.useCacheForAllThreads=false in command line.
2021-11-26 01:28:57,166 [Listener at 127.0.0.1/10172] INFO  grpc.GrpcConfigKeys (ConfUtils.java:logGet(44)) - raft.grpc.admin.port = 0 (custom)
2021-11-26 01:28:57,167 [Listener at 127.0.0.1/10172] INFO  grpc.GrpcConfigKeys (ConfUtils.java:logGet(44)) - raft.grpc.client.port = 0 (custom)
2021-11-26 01:28:57,167 [Listener at 127.0.0.1/10172] INFO  grpc.GrpcConfigKeys (ConfUtils.java:logGet(44)) - raft.grpc.server.port = 0 (default)
2021-11-26 01:28:57,167 [Listener at 127.0.0.1/10172] INFO  server.GrpcService (ConfUtils.java:logGet(44)) - raft.grpc.message.size.max = 32MB (=33554432) (custom)
2021-11-26 01:28:57,167 [Listener at 127.0.0.1/10172] INFO  server.RaftServerConfigKeys (ConfUtils.java:logGet(44)) - raft.server.log.appender.buffer.byte-limit = 33554432 (custom)
2021-11-26 01:28:57,167 [Listener at 127.0.0.1/10172] INFO  server.GrpcService (ConfUtils.java:logGet(44)) - raft.grpc.flow.control.window = 5MB (=5242880) (custom)
2021-11-26 01:28:57,168 [Listener at 127.0.0.1/10172] INFO  server.RaftServerConfigKeys (ConfUtils.java:logGet(44)) - raft.server.rpc.request.timeout = 60s (custom)
2021-11-26 01:28:57,169 [Listener at 127.0.0.1/10172] INFO  impl.DataStreamServerImpl (ConfUtils.java:logGet(44)) - raft.datastream.type = DISABLED (default)
2021-11-26 01:28:57,169 [Listener at 127.0.0.1/10172] INFO  server.RaftServerConfigKeys (ConfUtils.java:logGet(44)) - raft.server.rpc.slowness.timeout = 300s (custom)
2021-11-26 01:28:57,169 [Listener at 127.0.0.1/10172] INFO  server.RaftServerConfigKeys (ConfUtils.java:logGet(44)) - raft.server.leaderelection.leader.step-down.wait-time = 10s (default)
2021-11-26 01:28:57,170 [Listener at 127.0.0.1/10172] INFO  server.RaftServerConfigKeys (ConfUtils.java:logGet(44)) - raft.server.storage.dir = [/home/runner/work/ozone/ozone/hadoop-ozone/integration-test/target/test-dir/MiniOzoneClusterImpl-70e57338-dd19-42c4-b060-07a8ff5308af/datanode-1/data/ratis] (custom)
2021-11-26 01:28:57,186 [Listener at 127.0.0.1/10172] INFO  http.BaseHttpServer (BaseHttpServer.java:newHttpServer2BuilderForOzone(209)) - Starting Web-server for hddsDatanode at: http://0.0.0.0:0
2021-11-26 01:28:57,186 [Listener at 127.0.0.1/10172] INFO  http.BaseHttpServer (BaseHttpServer.java:<init>(107)) - Hadoop Security Enabled: false Ozone Security Enabled: false Ozone HTTP Security Enabled: false 
2021-11-26 01:28:57,187 [Listener at 127.0.0.1/10172] INFO  server.AuthenticationFilter (AuthenticationFilter.java:constructSecretProvider(240)) - Unable to initialize FileSignerSecretProvider, falling back to use random secrets.
2021-11-26 01:28:57,192 [Listener at 127.0.0.1/10172] WARN  http.HttpRequestLog (HttpRequestLog.java:getRequestLog(103)) - Jetty request log can only be enabled using Log4j
2021-11-26 01:28:57,193 [Listener at 127.0.0.1/10172] INFO  http.HttpServer2 (HttpServer2.java:addGlobalFilter(1030)) - Added global filter 'safety' (class=org.apache.hadoop.hdds.server.http.HttpServer2$QuotingInputFilter)
2021-11-26 01:28:57,194 [EndpointStateMachine task thread for /127.0.0.1:12845 - 0 ] INFO  ipc.Client (Client.java:handleConnectionFailure(977)) - Retrying connect to server: localhost/127.0.0.1:12845. Already tried 3 time(s); retry policy is RetryUpToMaximumCountWithFixedSleep(maxRetries=15, sleepTime=1000 MILLISECONDS)
2021-11-26 01:28:57,194 [Listener at 127.0.0.1/10172] INFO  http.HttpServer2 (HttpServer2.java:addFilter(1006)) - Added filter static_user_filter (class=org.apache.hadoop.http.lib.StaticUserWebFilter$StaticUserFilter) to context hddsDatanode
2021-11-26 01:28:57,194 [Listener at 127.0.0.1/10172] INFO  http.HttpServer2 (HttpServer2.java:addFilter(1014)) - Added filter static_user_filter (class=org.apache.hadoop.http.lib.StaticUserWebFilter$StaticUserFilter) to context static
2021-11-26 01:28:57,194 [Listener at 127.0.0.1/10172] INFO  http.HttpServer2 (HttpServer2.java:addFilter(1014)) - Added filter static_user_filter (class=org.apache.hadoop.http.lib.StaticUserWebFilter$StaticUserFilter) to context logs
2021-11-26 01:28:57,195 [Listener at 127.0.0.1/10172] INFO  http.HttpServer2 (HttpServer2.java:bindListener(1249)) - Jetty bound to port 36993
2021-11-26 01:28:57,195 [Listener at 127.0.0.1/10172] INFO  server.Server (Server.java:doStart(375)) - jetty-9.4.43.v20210629; built: 2021-06-30T11:07:22.254Z; git: 526006ecfa3af7f1a27ef3a288e2bef7ea9dd7e8; jvm 1.8.0_292-b10
2021-11-26 01:28:57,201 [EndpointStateMachine task thread for /127.0.0.1:12825 - 0 ] INFO  ipc.Client (Client.java:handleConnectionFailure(977)) - Retrying connect to server: localhost/127.0.0.1:12825. Already tried 6 time(s); retry policy is RetryUpToMaximumCountWithFixedSleep(maxRetries=15, sleepTime=1000 MILLISECONDS)
2021-11-26 01:28:57,203 [EndpointStateMachine task thread for /127.0.0.1:12835 - 0 ] INFO  ipc.Client (Client.java:handleConnectionFailure(977)) - Retrying connect to server: localhost/127.0.0.1:12835. Already tried 3 time(s); retry policy is RetryUpToMaximumCountWithFixedSleep(maxRetries=15, sleepTime=1000 MILLISECONDS)
2021-11-26 01:28:57,215 [Listener at 127.0.0.1/10172] INFO  server.session (DefaultSessionIdManager.java:doStart(334)) - DefaultSessionIdManager workerName=node0
2021-11-26 01:28:57,215 [Listener at 127.0.0.1/10172] INFO  server.session (DefaultSessionIdManager.java:doStart(339)) - No SessionScavenger set, using defaults
2021-11-26 01:28:57,215 [Listener at 127.0.0.1/10172] INFO  server.session (HouseKeeper.java:startScavenging(132)) - node0 Scavenging every 600000ms
2021-11-26 01:28:57,216 [Listener at 127.0.0.1/10172] INFO  handler.ContextHandler (ContextHandler.java:doStart(915)) - Started o.e.j.s.ServletContextHandler@265edc64{logs,/logs,file:///home/runner/work/ozone/ozone/hadoop-ozone/integration-test/target/log,AVAILABLE}
2021-11-26 01:28:57,217 [Listener at 127.0.0.1/10172] INFO  handler.ContextHandler (ContextHandler.java:doStart(915)) - Started o.e.j.s.ServletContextHandler@1ca5b7c7{static,/static,jar:file:/home/runner/.m2/repository/org/apache/ozone/hdds-container-service/1.3.0-SNAPSHOT/hdds-container-service-1.3.0-SNAPSHOT.jar!/webapps/static,AVAILABLE}
2021-11-26 01:28:57,299 [Listener at 127.0.0.1/10172] INFO  handler.ContextHandler (ContextHandler.java:doStart(915)) - Started o.e.j.w.WebAppContext@1b601570{hddsDatanode,/,file:///tmp/jetty-0_0_0_0-36993-hdds-container-service-1_3_0-SNAPSHOT_jar-_-any-3712007711492668990/webapp/,AVAILABLE}{jar:file:/home/runner/.m2/repository/org/apache/ozone/hdds-container-service/1.3.0-SNAPSHOT/hdds-container-service-1.3.0-SNAPSHOT.jar!/webapps/hddsDatanode}
2021-11-26 01:28:57,301 [Listener at 127.0.0.1/10172] INFO  server.AbstractConnector (AbstractConnector.java:doStart(331)) - Started ServerConnector@8779d78{HTTP/1.1, (http/1.1)}{0.0.0.0:36993}
2021-11-26 01:28:57,301 [Listener at 127.0.0.1/10172] INFO  server.Server (Server.java:doStart(415)) - Started @93533ms
2021-11-26 01:28:57,302 [Listener at 127.0.0.1/10172] WARN  impl.MetricsSystemImpl (MetricsSystemImpl.java:register(279)) - Sink prometheus already exists!
2021-11-26 01:28:57,302 [Listener at 127.0.0.1/10172] INFO  http.BaseHttpServer (BaseHttpServer.java:updateConnectorAddress(329)) - HTTP server of hddsDatanode listening at http://0.0.0.0:36993
2021-11-26 01:28:57,303 [Listener at 127.0.0.1/10172] WARN  impl.MetricRegistriesImpl (MetricRegistriesImpl.java:addReporterRegistration(111)) - New reporters are added after registries were created. Some metrics will be missing from the reporter. Please add reporter before adding any new registry.
2021-11-26 01:28:57,303 [Listener at 127.0.0.1/10172] WARN  impl.MetricRegistriesImpl (MetricRegistriesImpl.java:addReporterRegistration(111)) - New reporters are added after registries were created. Some metrics will be missing from the reporter. Please add reporter before adding any new registry.
2021-11-26 01:28:57,303 [Listener at 127.0.0.1/10172] INFO  impl.MetricsSystemImpl (MetricsSystemImpl.java:init(158)) - HddsDatanode metrics system started (again)
2021-11-26 01:28:57,316 [Datanode State Machine Daemon Thread] INFO  statemachine.DatanodeStateMachine (DatanodeStateMachine.java:lambda$startDaemon$0(467)) - Ozone container server started.
2021-11-26 01:28:57,338 [org.apache.hadoop.util.JvmPauseMonitor$Monitor@47660895] INFO  util.JvmPauseMonitor (JvmPauseMonitor.java:run(188)) - Starting JVM pause monitor
2021-11-26 01:28:57,352 [Listener at 127.0.0.1/10172] INFO  ozone.HddsDatanodeService (HddsDatanodeService.java:start(234)) - HddsDatanodeService host:fv-az151-301.yf2hydr00wburbhx3j5hxtcipe.bx.internal.cloudapp.net ip:10.1.0.65
2021-11-26 01:28:57,356 [Datanode State Machine Task Thread - 0] INFO  ha.SCMNodeInfo (SCMNodeInfo.java:getPort(197)) - ConfigKey ozone.scm.client.address is deprecated, For configuring different ports for each SCM use PortConfigKey ozone.scm.client.port appended with serviceId and nodeId
2021-11-26 01:28:57,356 [Datanode State Machine Task Thread - 0] INFO  ha.SCMNodeInfo (SCMNodeInfo.java:getPort(197)) - ConfigKey ozone.scm.block.client.address is deprecated, For configuring different ports for each SCM use PortConfigKey ozone.scm.block.client.port appended with serviceId and nodeId
2021-11-26 01:28:57,357 [Datanode State Machine Task Thread - 0] INFO  ha.SCMNodeInfo (SCMNodeInfo.java:getPort(197)) - ConfigKey ozone.scm.datanode.address is deprecated, For configuring different ports for each SCM use PortConfigKey ozone.scm.datanode.port appended with serviceId and nodeId
2021-11-26 01:28:57,357 [Datanode State Machine Task Thread - 0] INFO  ha.SCMNodeInfo (SCMNodeInfo.java:getPort(197)) - ConfigKey ozone.scm.client.address is deprecated, For configuring different ports for each SCM use PortConfigKey ozone.scm.client.port appended with serviceId and nodeId
2021-11-26 01:28:57,357 [Datanode State Machine Task Thread - 0] INFO  ha.SCMNodeInfo (SCMNodeInfo.java:getPort(197)) - ConfigKey ozone.scm.block.client.address is deprecated, For configuring different ports for each SCM use PortConfigKey ozone.scm.block.client.port appended with serviceId and nodeId
2021-11-26 01:28:57,357 [Datanode State Machine Task Thread - 0] INFO  ha.SCMNodeInfo (SCMNodeInfo.java:getPort(197)) - ConfigKey ozone.scm.datanode.address is deprecated, For configuring different ports for each SCM use PortConfigKey ozone.scm.datanode.port appended with serviceId and nodeId
2021-11-26 01:28:57,357 [Datanode State Machine Task Thread - 0] INFO  ha.SCMNodeInfo (SCMNodeInfo.java:getPort(197)) - ConfigKey ozone.scm.client.address is deprecated, For configuring different ports for each SCM use PortConfigKey ozone.scm.client.port appended with serviceId and nodeId
2021-11-26 01:28:57,357 [Datanode State Machine Task Thread - 0] INFO  ha.SCMNodeInfo (SCMNodeInfo.java:getPort(197)) - ConfigKey ozone.scm.block.client.address is deprecated, For configuring different ports for each SCM use PortConfigKey ozone.scm.block.client.port appended with serviceId and nodeId
2021-11-26 01:28:57,357 [Datanode State Machine Task Thread - 0] INFO  ha.SCMNodeInfo (SCMNodeInfo.java:getPort(197)) - ConfigKey ozone.scm.datanode.address is deprecated, For configuring different ports for each SCM use PortConfigKey ozone.scm.datanode.port appended with serviceId and nodeId
2021-11-26 01:28:57,359 [Datanode State Machine Task Thread - 0] INFO  datanode.InitDatanodeState (InitDatanodeState.java:persistContainerDatanodeDetails(145)) - DatanodeDetails is persisted to /home/runner/work/ozone/ozone/hadoop-ozone/integration-test/target/test-dir/MiniOzoneClusterImpl-70e57338-dd19-42c4-b060-07a8ff5308af/datanode-1/meta/datanode.id
2021-11-26 01:28:57,390 [Listener at 127.0.0.1/10172] INFO  upgrade.AbstractLayoutVersionManager (AbstractLayoutVersionManager.java:init(79)) - Initializing Layout version manager with metadata layout = SCM_HA (version = 2), software layout = SCM_HA (version = 2)
2021-11-26 01:28:57,494 [Listener at 127.0.0.1/10172] INFO  reflections.Reflections (Reflections.java:scan(232)) - Reflections took 102 ms to scan 7 urls, producing 119 keys and 279 values 
2021-11-26 01:28:57,496 [Listener at 127.0.0.1/10172] INFO  ha.SCMNodeInfo (SCMNodeInfo.java:getPort(197)) - ConfigKey ozone.scm.client.address is deprecated, For configuring different ports for each SCM use PortConfigKey ozone.scm.client.port appended with serviceId and nodeId
2021-11-26 01:28:57,496 [Listener at 127.0.0.1/10172] INFO  ha.SCMNodeInfo (SCMNodeInfo.java:getPort(197)) - ConfigKey ozone.scm.block.client.address is deprecated, For configuring different ports for each SCM use PortConfigKey ozone.scm.block.client.port appended with serviceId and nodeId
2021-11-26 01:28:57,496 [Listener at 127.0.0.1/10172] INFO  ha.SCMNodeInfo (SCMNodeInfo.java:getPort(197)) - ConfigKey ozone.scm.datanode.address is deprecated, For configuring different ports for each SCM use PortConfigKey ozone.scm.datanode.port appended with serviceId and nodeId
2021-11-26 01:28:57,496 [Listener at 127.0.0.1/10172] INFO  ha.SCMNodeInfo (SCMNodeInfo.java:getPort(197)) - ConfigKey ozone.scm.client.address is deprecated, For configuring different ports for each SCM use PortConfigKey ozone.scm.client.port appended with serviceId and nodeId
2021-11-26 01:28:57,500 [omNode-1@group-523986131536-FollowerState] INFO  impl.FollowerState (FollowerState.java:run(134)) - omNode-1@group-523986131536-FollowerState: change to CANDIDATE, lastRpcElapsedTime:1021041884ns, electionTimeout:1011ms
2021-11-26 01:28:57,500 [omNode-1@group-523986131536-FollowerState] INFO  impl.RoleInfo (RoleInfo.java:shutdownFollowerState(108)) - omNode-1: shutdown omNode-1@group-523986131536-FollowerState
2021-11-26 01:28:57,501 [omNode-1@group-523986131536-FollowerState] INFO  server.RaftServer$Division (RaftServerImpl.java:setRole(290)) - omNode-1@group-523986131536: changes role from  FOLLOWER to CANDIDATE at term 0 for changeToCandidate
2021-11-26 01:28:57,501 [omNode-1@group-523986131536-FollowerState] INFO  server.RaftServerConfigKeys (ConfUtils.java:logGet(44)) - raft.server.leaderelection.pre-vote = false (custom)
2021-11-26 01:28:57,501 [omNode-1@group-523986131536-FollowerState] INFO  impl.RoleInfo (RoleInfo.java:updateAndGet(130)) - omNode-1: start omNode-1@group-523986131536-LeaderElection18
2021-11-26 01:28:57,501 [Listener at 127.0.0.1/10172] INFO  ha.SCMNodeInfo (SCMNodeInfo.java:getPort(197)) - ConfigKey ozone.scm.block.client.address is deprecated, For configuring different ports for each SCM use PortConfigKey ozone.scm.block.client.port appended with serviceId and nodeId
2021-11-26 01:28:57,501 [Listener at 127.0.0.1/10172] INFO  ha.SCMNodeInfo (SCMNodeInfo.java:getPort(197)) - ConfigKey ozone.scm.datanode.address is deprecated, For configuring different ports for each SCM use PortConfigKey ozone.scm.datanode.port appended with serviceId and nodeId
2021-11-26 01:28:57,501 [Listener at 127.0.0.1/10172] INFO  ha.SCMNodeInfo (SCMNodeInfo.java:getPort(197)) - ConfigKey ozone.scm.client.address is deprecated, For configuring different ports for each SCM use PortConfigKey ozone.scm.client.port appended with serviceId and nodeId
2021-11-26 01:28:57,501 [Listener at 127.0.0.1/10172] INFO  ha.SCMNodeInfo (SCMNodeInfo.java:getPort(197)) - ConfigKey ozone.scm.block.client.address is deprecated, For configuring different ports for each SCM use PortConfigKey ozone.scm.block.client.port appended with serviceId and nodeId
2021-11-26 01:28:57,502 [Listener at 127.0.0.1/10172] INFO  ha.SCMNodeInfo (SCMNodeInfo.java:getPort(197)) - ConfigKey ozone.scm.datanode.address is deprecated, For configuring different ports for each SCM use PortConfigKey ozone.scm.datanode.port appended with serviceId and nodeId
2021-11-26 01:28:57,502 [Listener at 127.0.0.1/10172] INFO  statemachine.DatanodeStateMachine (DatanodeStateMachine.java:getEndPointTaskThreadPoolSize(219)) - Datanode State Machine Task Thread Pool size 4
2021-11-26 01:28:57,514 [Listener at 127.0.0.1/10172] INFO  volume.HddsVolume (HddsVolume.java:<init>(120)) - Creating HddsVolume: /home/runner/work/ozone/ozone/hadoop-ozone/integration-test/target/test-dir/MiniOzoneClusterImpl-70e57338-dd19-42c4-b060-07a8ff5308af/datanode-2/data-0/containers/hdds of storage type : DISK capacity : 9223372036854775807
2021-11-26 01:28:57,514 [Listener at 127.0.0.1/10172] INFO  volume.MutableVolumeSet (MutableVolumeSet.java:initializeVolumeSet(168)) - Added Volume : /home/runner/work/ozone/ozone/hadoop-ozone/integration-test/target/test-dir/MiniOzoneClusterImpl-70e57338-dd19-42c4-b060-07a8ff5308af/datanode-2/data-0/containers/hdds to VolumeSet
2021-11-26 01:28:57,514 [Listener at 127.0.0.1/10172] INFO  volume.ThrottledAsyncChecker (ThrottledAsyncChecker.java:schedule(141)) - Scheduling a check for /home/runner/work/ozone/ozone/hadoop-ozone/integration-test/target/test-dir/MiniOzoneClusterImpl-70e57338-dd19-42c4-b060-07a8ff5308af/datanode-2/data-0/containers/hdds
2021-11-26 01:28:57,515 [Listener at 127.0.0.1/10172] INFO  volume.StorageVolumeChecker (StorageVolumeChecker.java:checkAllVolumes(202)) - Scheduled health check for volume /home/runner/work/ozone/ozone/hadoop-ozone/integration-test/target/test-dir/MiniOzoneClusterImpl-70e57338-dd19-42c4-b060-07a8ff5308af/datanode-2/data-0/containers/hdds
2021-11-26 01:28:57,527 [omNode-1@group-523986131536-LeaderElection18] INFO  impl.LeaderElection (LeaderElection.java:askForVotes(306)) - omNode-1@group-523986131536-LeaderElection18 ELECTION round 0: submit vote requests at term 1 for -1: [omNode-1|rpc:localhost:10176|priority:0], old=null
2021-11-26 01:28:57,527 [omNode-1@group-523986131536-LeaderElection18] INFO  impl.LeaderElection (LeaderElection.java:askForVotes(308)) - omNode-1@group-523986131536-LeaderElection18 ELECTION round 0: result PASSED (term=1)
2021-11-26 01:28:57,527 [omNode-1@group-523986131536-LeaderElection18] INFO  impl.RoleInfo (RoleInfo.java:shutdownLeaderElection(121)) - omNode-1: shutdown omNode-1@group-523986131536-LeaderElection18
2021-11-26 01:28:57,527 [omNode-1@group-523986131536-LeaderElection18] INFO  server.RaftServer$Division (RaftServerImpl.java:setRole(290)) - omNode-1@group-523986131536: changes role from CANDIDATE to LEADER at term 1 for changeToLeader
2021-11-26 01:28:57,527 [omNode-1@group-523986131536-LeaderElection18] INFO  server.RaftServer$Division (ServerState.java:setLeader(285)) - omNode-1@group-523986131536: change Leader from null to omNode-1 at term 1 for becomeLeader, leader elected after 1170ms
2021-11-26 01:28:57,527 [omNode-1@group-523986131536-LeaderElection18] INFO  server.RaftServerConfigKeys (ConfUtils.java:logGet(44)) - raft.server.staging.catchup.gap = 1000 (default)
2021-11-26 01:28:57,527 [omNode-1@group-523986131536-LeaderElection18] INFO  server.RaftServerConfigKeys (ConfUtils.java:logGet(44)) - raft.server.write.element-limit = 4096 (default)
2021-11-26 01:28:57,527 [omNode-1@group-523986131536-LeaderElection18] INFO  server.RaftServerConfigKeys (ConfUtils.java:logGet(44)) - raft.server.write.byte-limit = 64MB (=67108864) (default)
2021-11-26 01:28:57,528 [omNode-1@group-523986131536-LeaderElection18] INFO  server.RaftServerConfigKeys (ConfUtils.java:logGet(44)) - raft.server.watch.timeout = 10s (default)
2021-11-26 01:28:57,528 [omNode-1@group-523986131536-LeaderElection18] INFO  server.RaftServerConfigKeys (ConfUtils.java:logGet(44)) - raft.server.watch.timeout.denomination = 1s (default)
2021-11-26 01:28:57,528 [omNode-1@group-523986131536-LeaderElection18] INFO  server.RaftServerConfigKeys (ConfUtils.java:logGet(44)) - raft.server.watch.element-limit = 65536 (default)
2021-11-26 01:28:57,528 [omNode-1@group-523986131536-LeaderElection18] INFO  server.RaftServerConfigKeys (ConfUtils.java:logGet(44)) - raft.server.write.element-limit = 4096 (default)
2021-11-26 01:28:57,528 [omNode-1@group-523986131536-LeaderElection18] INFO  server.RaftServerConfigKeys (ConfUtils.java:logGet(44)) - raft.server.write.follower.gap.ratio.max = -1.0 (default)
2021-11-26 01:28:57,528 [omNode-1@group-523986131536-LeaderElection18] INFO  impl.RoleInfo (RoleInfo.java:updateAndGet(130)) - omNode-1: start omNode-1@group-523986131536-LeaderStateImpl
2021-11-26 01:28:57,528 [omNode-1@group-523986131536-LeaderElection18] INFO  segmented.SegmentedRaftLogWorker (SegmentedRaftLogWorker.java:startLogSegment(394)) - omNode-1@group-523986131536-SegmentedRaftLogWorker: Starting segment from index:0
2021-11-26 01:28:57,541 [omNode-1@group-523986131536-SegmentedRaftLogWorker] INFO  segmented.SegmentedRaftLogWorker (SegmentedRaftLogWorker.java:execute(601)) - omNode-1@group-523986131536-SegmentedRaftLogWorker: created new log segment /home/runner/work/ozone/ozone/hadoop-ozone/integration-test/target/test-dir/MiniOzoneClusterImpl-70e57338-dd19-42c4-b060-07a8ff5308af/omNode-1/ratis/c9bc4cf4-3bc3-3c60-a66b-523986131536/current/log_inprogress_0
2021-11-26 01:28:57,552 [omNode-1@group-523986131536-LeaderElection18] INFO  server.RaftServer$Division (ServerState.java:setRaftConf(387)) - omNode-1@group-523986131536: set configuration 0: [omNode-1|rpc:localhost:10176|admin:|client:|dataStream:|priority:0], old=null
2021-11-26 01:28:57,569 [omNode-1@group-523986131536-StateMachineUpdater] INFO  ratis.OzoneManagerStateMachine (OzoneManagerStateMachine.java:notifyConfigurationChanged(188)) - Received Configuration change notification from Ratis. New Peer list:
[id: "omNode-1"
address: "localhost:10176"
]
2021-11-26 01:28:57,574 [Listener at 127.0.0.1/10172] INFO  volume.MutableVolumeSet (MutableVolumeSet.java:initializeVolumeSet(168)) - Added Volume : /home/runner/work/ozone/ozone/hadoop-ozone/integration-test/target/test-dir/MiniOzoneClusterImpl-70e57338-dd19-42c4-b060-07a8ff5308af/datanode-2/data/ratis to VolumeSet
2021-11-26 01:28:57,574 [Listener at 127.0.0.1/10172] INFO  volume.ThrottledAsyncChecker (ThrottledAsyncChecker.java:schedule(141)) - Scheduling a check for /home/runner/work/ozone/ozone/hadoop-ozone/integration-test/target/test-dir/MiniOzoneClusterImpl-70e57338-dd19-42c4-b060-07a8ff5308af/datanode-2/data/ratis
2021-11-26 01:28:57,581 [Listener at 127.0.0.1/10172] INFO  volume.StorageVolumeChecker (StorageVolumeChecker.java:checkAllVolumes(202)) - Scheduled health check for volume /home/runner/work/ozone/ozone/hadoop-ozone/integration-test/target/test-dir/MiniOzoneClusterImpl-70e57338-dd19-42c4-b060-07a8ff5308af/datanode-2/data/ratis
2021-11-26 01:28:57,630 [Thread-1496] INFO  ozoneimpl.ContainerReader (ContainerReader.java:readVolume(172)) - Finish verifying containers on volume /home/runner/work/ozone/ozone/hadoop-ozone/integration-test/target/test-dir/MiniOzoneClusterImpl-70e57338-dd19-42c4-b060-07a8ff5308af/datanode-2/data-0/containers/hdds
2021-11-26 01:28:57,630 [Listener at 127.0.0.1/10172] INFO  ozoneimpl.OzoneContainer (OzoneContainer.java:buildContainerSet(236)) - Build ContainerSet costs 0s
2021-11-26 01:28:57,638 [Listener at 127.0.0.1/10172] INFO  server.RaftServer (ConfUtils.java:logGet(44)) - raft.rpc.type = GRPC (default)
2021-11-26 01:28:57,638 [Listener at 127.0.0.1/10172] INFO  grpc.GrpcFactory (GrpcFactory.java:checkPooledByteBufAllocatorUseCacheForAllThreads(48)) - PERFORMANCE WARNING: useCacheForAllThreads is true that may cause Netty to create a lot garbage objects and, as a result, trigger GC.
	It is recommended to disable useCacheForAllThreads by setting -Dorg.apache.ratis.thirdparty.io.netty.allocator.useCacheForAllThreads=false in command line.
2021-11-26 01:28:57,638 [Listener at 127.0.0.1/10172] INFO  grpc.GrpcConfigKeys (ConfUtils.java:logGet(44)) - raft.grpc.admin.port = 0 (custom)
2021-11-26 01:28:57,638 [Listener at 127.0.0.1/10172] INFO  grpc.GrpcConfigKeys (ConfUtils.java:logGet(44)) - raft.grpc.client.port = 0 (custom)
2021-11-26 01:28:57,639 [Listener at 127.0.0.1/10172] INFO  grpc.GrpcConfigKeys (ConfUtils.java:logGet(44)) - raft.grpc.server.port = 0 (default)
2021-11-26 01:28:57,639 [Listener at 127.0.0.1/10172] INFO  server.GrpcService (ConfUtils.java:logGet(44)) - raft.grpc.message.size.max = 32MB (=33554432) (custom)
2021-11-26 01:28:57,639 [Listener at 127.0.0.1/10172] INFO  server.RaftServerConfigKeys (ConfUtils.java:logGet(44)) - raft.server.log.appender.buffer.byte-limit = 33554432 (custom)
2021-11-26 01:28:57,639 [Listener at 127.0.0.1/10172] INFO  server.GrpcService (ConfUtils.java:logGet(44)) - raft.grpc.flow.control.window = 5MB (=5242880) (custom)
2021-11-26 01:28:57,639 [Listener at 127.0.0.1/10172] INFO  server.RaftServerConfigKeys (ConfUtils.java:logGet(44)) - raft.server.rpc.request.timeout = 60s (custom)
2021-11-26 01:28:57,640 [Listener at 127.0.0.1/10172] INFO  impl.DataStreamServerImpl (ConfUtils.java:logGet(44)) - raft.datastream.type = DISABLED (default)
2021-11-26 01:28:57,641 [Listener at 127.0.0.1/10172] INFO  server.RaftServerConfigKeys (ConfUtils.java:logGet(44)) - raft.server.rpc.slowness.timeout = 300s (custom)
2021-11-26 01:28:57,641 [Listener at 127.0.0.1/10172] INFO  server.RaftServerConfigKeys (ConfUtils.java:logGet(44)) - raft.server.leaderelection.leader.step-down.wait-time = 10s (default)
2021-11-26 01:28:57,641 [Listener at 127.0.0.1/10172] INFO  server.RaftServerConfigKeys (ConfUtils.java:logGet(44)) - raft.server.storage.dir = [/home/runner/work/ozone/ozone/hadoop-ozone/integration-test/target/test-dir/MiniOzoneClusterImpl-70e57338-dd19-42c4-b060-07a8ff5308af/datanode-2/data/ratis] (custom)
2021-11-26 01:28:57,657 [Listener at 127.0.0.1/10172] INFO  http.BaseHttpServer (BaseHttpServer.java:newHttpServer2BuilderForOzone(209)) - Starting Web-server for hddsDatanode at: http://0.0.0.0:0
2021-11-26 01:28:57,657 [Listener at 127.0.0.1/10172] INFO  http.BaseHttpServer (BaseHttpServer.java:<init>(107)) - Hadoop Security Enabled: false Ozone Security Enabled: false Ozone HTTP Security Enabled: false 
2021-11-26 01:28:57,658 [Listener at 127.0.0.1/10172] INFO  server.AuthenticationFilter (AuthenticationFilter.java:constructSecretProvider(240)) - Unable to initialize FileSignerSecretProvider, falling back to use random secrets.
2021-11-26 01:28:57,668 [Listener at 127.0.0.1/10172] WARN  http.HttpRequestLog (HttpRequestLog.java:getRequestLog(103)) - Jetty request log can only be enabled using Log4j
2021-11-26 01:28:57,669 [Listener at 127.0.0.1/10172] INFO  http.HttpServer2 (HttpServer2.java:addGlobalFilter(1030)) - Added global filter 'safety' (class=org.apache.hadoop.hdds.server.http.HttpServer2$QuotingInputFilter)
2021-11-26 01:28:57,670 [Listener at 127.0.0.1/10172] INFO  http.HttpServer2 (HttpServer2.java:addFilter(1006)) - Added filter static_user_filter (class=org.apache.hadoop.http.lib.StaticUserWebFilter$StaticUserFilter) to context hddsDatanode
2021-11-26 01:28:57,670 [Listener at 127.0.0.1/10172] INFO  http.HttpServer2 (HttpServer2.java:addFilter(1014)) - Added filter static_user_filter (class=org.apache.hadoop.http.lib.StaticUserWebFilter$StaticUserFilter) to context logs
2021-11-26 01:28:57,670 [Listener at 127.0.0.1/10172] INFO  http.HttpServer2 (HttpServer2.java:addFilter(1014)) - Added filter static_user_filter (class=org.apache.hadoop.http.lib.StaticUserWebFilter$StaticUserFilter) to context static
2021-11-26 01:28:57,671 [Listener at 127.0.0.1/10172] INFO  http.HttpServer2 (HttpServer2.java:bindListener(1249)) - Jetty bound to port 34957
2021-11-26 01:28:57,671 [Listener at 127.0.0.1/10172] INFO  server.Server (Server.java:doStart(375)) - jetty-9.4.43.v20210629; built: 2021-06-30T11:07:22.254Z; git: 526006ecfa3af7f1a27ef3a288e2bef7ea9dd7e8; jvm 1.8.0_292-b10
2021-11-26 01:28:57,728 [Listener at 127.0.0.1/10172] INFO  server.session (DefaultSessionIdManager.java:doStart(334)) - DefaultSessionIdManager workerName=node0
2021-11-26 01:28:57,729 [Listener at 127.0.0.1/10172] INFO  server.session (DefaultSessionIdManager.java:doStart(339)) - No SessionScavenger set, using defaults
2021-11-26 01:28:57,729 [Listener at 127.0.0.1/10172] INFO  server.session (HouseKeeper.java:startScavenging(132)) - node0 Scavenging every 600000ms
2021-11-26 01:28:57,730 [Listener at 127.0.0.1/10172] INFO  handler.ContextHandler (ContextHandler.java:doStart(915)) - Started o.e.j.s.ServletContextHandler@1f3241b3{logs,/logs,file:///home/runner/work/ozone/ozone/hadoop-ozone/integration-test/target/log,AVAILABLE}
2021-11-26 01:28:57,730 [Listener at 127.0.0.1/10172] INFO  handler.ContextHandler (ContextHandler.java:doStart(915)) - Started o.e.j.s.ServletContextHandler@4d439b3c{static,/static,jar:file:/home/runner/.m2/repository/org/apache/ozone/hdds-container-service/1.3.0-SNAPSHOT/hdds-container-service-1.3.0-SNAPSHOT.jar!/webapps/static,AVAILABLE}
2021-11-26 01:28:57,831 [Listener at 127.0.0.1/10172] INFO  handler.ContextHandler (ContextHandler.java:doStart(915)) - Started o.e.j.w.WebAppContext@44261d79{hddsDatanode,/,file:///tmp/jetty-0_0_0_0-34957-hdds-container-service-1_3_0-SNAPSHOT_jar-_-any-5995298452063649729/webapp/,AVAILABLE}{jar:file:/home/runner/.m2/repository/org/apache/ozone/hdds-container-service/1.3.0-SNAPSHOT/hdds-container-service-1.3.0-SNAPSHOT.jar!/webapps/hddsDatanode}
2021-11-26 01:28:57,840 [Listener at 127.0.0.1/10172] INFO  server.AbstractConnector (AbstractConnector.java:doStart(331)) - Started ServerConnector@3fa4fe1f{HTTP/1.1, (http/1.1)}{0.0.0.0:34957}
2021-11-26 01:28:57,841 [Listener at 127.0.0.1/10172] INFO  server.Server (Server.java:doStart(415)) - Started @94072ms
2021-11-26 01:28:57,841 [Listener at 127.0.0.1/10172] WARN  impl.MetricsSystemImpl (MetricsSystemImpl.java:register(279)) - Sink prometheus already exists!
2021-11-26 01:28:57,841 [Listener at 127.0.0.1/10172] INFO  http.BaseHttpServer (BaseHttpServer.java:updateConnectorAddress(329)) - HTTP server of hddsDatanode listening at http://0.0.0.0:34957
2021-11-26 01:28:57,852 [Listener at 127.0.0.1/10172] INFO  ozone.MiniOzoneClusterImpl (MiniOzoneClusterImpl.java:lambda$waitForClusterToBeReady$0(235)) - Waiting for nodes to be ready. Got 0 of 3 DN Heartbeats.
2021-11-26 01:28:57,852 [Listener at 127.0.0.1/10172] INFO  ozone.MiniOzoneClusterImpl (MiniOzoneClusterImpl.java:lambda$waitForClusterToBeReady$0(238)) - Waiting for cluster to exit safe mode
2021-11-26 01:28:57,852 [Listener at 127.0.0.1/10172] INFO  ozone.MiniOzoneClusterImpl (MiniOzoneClusterImpl.java:lambda$waitForClusterToBeReady$0(240)) - SCM became leader
2021-11-26 01:28:57,853 [Datanode State Machine Daemon Thread] INFO  statemachine.DatanodeStateMachine (DatanodeStateMachine.java:lambda$startDaemon$0(467)) - Ozone container server started.
2021-11-26 01:28:57,872 [org.apache.hadoop.util.JvmPauseMonitor$Monitor@41c84200] INFO  util.JvmPauseMonitor (JvmPauseMonitor.java:run(188)) - Starting JVM pause monitor
2021-11-26 01:28:57,874 [Datanode State Machine Task Thread - 0] INFO  ha.SCMNodeInfo (SCMNodeInfo.java:getPort(197)) - ConfigKey ozone.scm.client.address is deprecated, For configuring different ports for each SCM use PortConfigKey ozone.scm.client.port appended with serviceId and nodeId
2021-11-26 01:28:57,874 [Datanode State Machine Task Thread - 0] INFO  ha.SCMNodeInfo (SCMNodeInfo.java:getPort(197)) - ConfigKey ozone.scm.block.client.address is deprecated, For configuring different ports for each SCM use PortConfigKey ozone.scm.block.client.port appended with serviceId and nodeId
2021-11-26 01:28:57,877 [Datanode State Machine Task Thread - 0] INFO  ha.SCMNodeInfo (SCMNodeInfo.java:getPort(197)) - ConfigKey ozone.scm.datanode.address is deprecated, For configuring different ports for each SCM use PortConfigKey ozone.scm.datanode.port appended with serviceId and nodeId
2021-11-26 01:28:57,877 [Datanode State Machine Task Thread - 0] INFO  ha.SCMNodeInfo (SCMNodeInfo.java:getPort(197)) - ConfigKey ozone.scm.client.address is deprecated, For configuring different ports for each SCM use PortConfigKey ozone.scm.client.port appended with serviceId and nodeId
2021-11-26 01:28:57,877 [Datanode State Machine Task Thread - 0] INFO  ha.SCMNodeInfo (SCMNodeInfo.java:getPort(197)) - ConfigKey ozone.scm.block.client.address is deprecated, For configuring different ports for each SCM use PortConfigKey ozone.scm.block.client.port appended with serviceId and nodeId
2021-11-26 01:28:57,877 [Datanode State Machine Task Thread - 0] INFO  ha.SCMNodeInfo (SCMNodeInfo.java:getPort(197)) - ConfigKey ozone.scm.datanode.address is deprecated, For configuring different ports for each SCM use PortConfigKey ozone.scm.datanode.port appended with serviceId and nodeId
2021-11-26 01:28:57,877 [Datanode State Machine Task Thread - 0] INFO  ha.SCMNodeInfo (SCMNodeInfo.java:getPort(197)) - ConfigKey ozone.scm.client.address is deprecated, For configuring different ports for each SCM use PortConfigKey ozone.scm.client.port appended with serviceId and nodeId
2021-11-26 01:28:57,877 [Datanode State Machine Task Thread - 0] INFO  ha.SCMNodeInfo (SCMNodeInfo.java:getPort(197)) - ConfigKey ozone.scm.block.client.address is deprecated, For configuring different ports for each SCM use PortConfigKey ozone.scm.block.client.port appended with serviceId and nodeId
2021-11-26 01:28:57,877 [Datanode State Machine Task Thread - 0] INFO  ha.SCMNodeInfo (SCMNodeInfo.java:getPort(197)) - ConfigKey ozone.scm.datanode.address is deprecated, For configuring different ports for each SCM use PortConfigKey ozone.scm.datanode.port appended with serviceId and nodeId
2021-11-26 01:28:57,885 [Datanode State Machine Task Thread - 0] INFO  datanode.InitDatanodeState (InitDatanodeState.java:persistContainerDatanodeDetails(145)) - DatanodeDetails is persisted to /home/runner/work/ozone/ozone/hadoop-ozone/integration-test/target/test-dir/MiniOzoneClusterImpl-70e57338-dd19-42c4-b060-07a8ff5308af/datanode-2/meta/datanode.id
2021-11-26 01:28:58,194 [EndpointStateMachine task thread for /127.0.0.1:12845 - 0 ] INFO  ipc.Client (Client.java:handleConnectionFailure(977)) - Retrying connect to server: localhost/127.0.0.1:12845. Already tried 4 time(s); retry policy is RetryUpToMaximumCountWithFixedSleep(maxRetries=15, sleepTime=1000 MILLISECONDS)
2021-11-26 01:28:58,202 [EndpointStateMachine task thread for /127.0.0.1:12825 - 0 ] INFO  ipc.Client (Client.java:handleConnectionFailure(977)) - Retrying connect to server: localhost/127.0.0.1:12825. Already tried 7 time(s); retry policy is RetryUpToMaximumCountWithFixedSleep(maxRetries=15, sleepTime=1000 MILLISECONDS)
2021-11-26 01:28:58,203 [EndpointStateMachine task thread for /127.0.0.1:12835 - 0 ] INFO  ipc.Client (Client.java:handleConnectionFailure(977)) - Retrying connect to server: localhost/127.0.0.1:12835. Already tried 4 time(s); retry policy is RetryUpToMaximumCountWithFixedSleep(maxRetries=15, sleepTime=1000 MILLISECONDS)
2021-11-26 01:28:58,853 [Listener at 127.0.0.1/10172] INFO  ozone.MiniOzoneClusterImpl (MiniOzoneClusterImpl.java:lambda$waitForClusterToBeReady$0(235)) - Waiting for nodes to be ready. Got 0 of 3 DN Heartbeats.
2021-11-26 01:28:58,853 [Listener at 127.0.0.1/10172] INFO  ozone.MiniOzoneClusterImpl (MiniOzoneClusterImpl.java:lambda$waitForClusterToBeReady$0(238)) - Waiting for cluster to exit safe mode
2021-11-26 01:28:58,853 [Listener at 127.0.0.1/10172] INFO  ozone.MiniOzoneClusterImpl (MiniOzoneClusterImpl.java:lambda$waitForClusterToBeReady$0(240)) - SCM became leader
2021-11-26 01:28:59,034 [EndpointStateMachine task thread for /127.0.0.1:15521 - 0 ] INFO  ozoneimpl.OzoneContainer (OzoneContainer.java:start(304)) - Attempting to start container services.
2021-11-26 01:28:59,034 [EndpointStateMachine task thread for /127.0.0.1:15521 - 0 ] INFO  ozoneimpl.OzoneContainer (OzoneContainer.java:startContainerScrub(249)) - Background container scanner has been disabled.
2021-11-26 01:28:59,035 [EndpointStateMachine task thread for /127.0.0.1:15521 - 0 ] INFO  replication.ReplicationServer (ReplicationServer.java:start(107)) - ReplicationServer is started using port 37139
2021-11-26 01:28:59,036 [EndpointStateMachine task thread for /127.0.0.1:15521 - 0 ] INFO  ratis.XceiverServerRatis (XceiverServerRatis.java:start(484)) - Starting XceiverServerRatis e868a3a3-c0d9-49f0-b374-aca42e6594e7
2021-11-26 01:28:59,045 [EndpointStateMachine task thread for /127.0.0.1:15521 - 0 ] INFO  server.RaftServer (RaftServerProxy.java:lambda$start$5(374)) - e868a3a3-c0d9-49f0-b374-aca42e6594e7: start RPC server
2021-11-26 01:28:59,047 [EndpointStateMachine task thread for /127.0.0.1:15521 - 0 ] INFO  server.GrpcService (GrpcService.java:startImpl(253)) - e868a3a3-c0d9-49f0-b374-aca42e6594e7: GrpcService started, listening on 39195
2021-11-26 01:28:59,049 [EndpointStateMachine task thread for /127.0.0.1:15521 - 0 ] INFO  ratis.XceiverServerRatis (XceiverServerRatis.java:getRealPort(505)) - XceiverServerRatis e868a3a3-c0d9-49f0-b374-aca42e6594e7 is started using port 39195 for RATIS
2021-11-26 01:28:59,049 [EndpointStateMachine task thread for /127.0.0.1:15521 - 0 ] INFO  ratis.XceiverServerRatis (XceiverServerRatis.java:getRealPort(505)) - XceiverServerRatis e868a3a3-c0d9-49f0-b374-aca42e6594e7 is started using port 39195 for RATIS_ADMIN
2021-11-26 01:28:59,049 [EndpointStateMachine task thread for /127.0.0.1:15521 - 0 ] INFO  ratis.XceiverServerRatis (XceiverServerRatis.java:getRealPort(505)) - XceiverServerRatis e868a3a3-c0d9-49f0-b374-aca42e6594e7 is started using port 39195 for RATIS_SERVER
2021-11-26 01:28:59,050 [EndpointStateMachine task thread for /127.0.0.1:15521 - 0 ] INFO  server.XceiverServerGrpc (XceiverServerGrpc.java:start(135)) - XceiverServerGrpc e868a3a3-c0d9-49f0-b374-aca42e6594e7 is started using port 35455
2021-11-26 01:28:59,064 [EndpointStateMachine task thread for /127.0.0.1:15531 - 0 ] INFO  ozoneimpl.OzoneContainer (OzoneContainer.java:start(300)) - Ignore. OzoneContainer already started.
2021-11-26 01:28:59,065 [org.apache.ratis.util.JvmPauseMonitor$$Lambda$499/73608444@190f6296] INFO  util.JvmPauseMonitor (JvmPauseMonitor.java:run(103)) - JvmPauseMonitor-e868a3a3-c0d9-49f0-b374-aca42e6594e7: Started
2021-11-26 01:28:59,195 [EndpointStateMachine task thread for /127.0.0.1:12845 - 0 ] INFO  ipc.Client (Client.java:handleConnectionFailure(977)) - Retrying connect to server: localhost/127.0.0.1:12845. Already tried 5 time(s); retry policy is RetryUpToMaximumCountWithFixedSleep(maxRetries=15, sleepTime=1000 MILLISECONDS)
2021-11-26 01:28:59,202 [EndpointStateMachine task thread for /127.0.0.1:12825 - 0 ] INFO  ipc.Client (Client.java:handleConnectionFailure(977)) - Retrying connect to server: localhost/127.0.0.1:12825. Already tried 8 time(s); retry policy is RetryUpToMaximumCountWithFixedSleep(maxRetries=15, sleepTime=1000 MILLISECONDS)
2021-11-26 01:28:59,204 [EndpointStateMachine task thread for /127.0.0.1:12835 - 0 ] INFO  ipc.Client (Client.java:handleConnectionFailure(977)) - Retrying connect to server: localhost/127.0.0.1:12835. Already tried 5 time(s); retry policy is RetryUpToMaximumCountWithFixedSleep(maxRetries=15, sleepTime=1000 MILLISECONDS)
2021-11-26 01:28:59,353 [EndpointStateMachine task thread for /127.0.0.1:15521 - 0 ] INFO  ozoneimpl.OzoneContainer (OzoneContainer.java:start(304)) - Attempting to start container services.
2021-11-26 01:28:59,353 [EndpointStateMachine task thread for /127.0.0.1:15521 - 0 ] INFO  ozoneimpl.OzoneContainer (OzoneContainer.java:startContainerScrub(249)) - Background container scanner has been disabled.
2021-11-26 01:28:59,354 [EndpointStateMachine task thread for /127.0.0.1:15521 - 0 ] INFO  replication.ReplicationServer (ReplicationServer.java:start(107)) - ReplicationServer is started using port 38829
2021-11-26 01:28:59,355 [EndpointStateMachine task thread for /127.0.0.1:15521 - 0 ] INFO  ratis.XceiverServerRatis (XceiverServerRatis.java:start(484)) - Starting XceiverServerRatis e6079862-fe37-43a4-a998-6eeab30b5c75
2021-11-26 01:28:59,359 [EndpointStateMachine task thread for /127.0.0.1:15521 - 0 ] INFO  server.RaftServer (RaftServerProxy.java:lambda$start$5(374)) - e6079862-fe37-43a4-a998-6eeab30b5c75: start RPC server
2021-11-26 01:28:59,360 [EndpointStateMachine task thread for /127.0.0.1:15521 - 0 ] INFO  server.GrpcService (GrpcService.java:startImpl(253)) - e6079862-fe37-43a4-a998-6eeab30b5c75: GrpcService started, listening on 44915
2021-11-26 01:28:59,360 [EndpointStateMachine task thread for /127.0.0.1:15521 - 0 ] INFO  ratis.XceiverServerRatis (XceiverServerRatis.java:getRealPort(505)) - XceiverServerRatis e6079862-fe37-43a4-a998-6eeab30b5c75 is started using port 44915 for RATIS
2021-11-26 01:28:59,360 [EndpointStateMachine task thread for /127.0.0.1:15521 - 0 ] INFO  ratis.XceiverServerRatis (XceiverServerRatis.java:getRealPort(505)) - XceiverServerRatis e6079862-fe37-43a4-a998-6eeab30b5c75 is started using port 44915 for RATIS_ADMIN
2021-11-26 01:28:59,360 [EndpointStateMachine task thread for /127.0.0.1:15521 - 0 ] INFO  ratis.XceiverServerRatis (XceiverServerRatis.java:getRealPort(505)) - XceiverServerRatis e6079862-fe37-43a4-a998-6eeab30b5c75 is started using port 44915 for RATIS_SERVER
2021-11-26 01:28:59,361 [org.apache.ratis.util.JvmPauseMonitor$$Lambda$499/73608444@52ea9c42] INFO  util.JvmPauseMonitor (JvmPauseMonitor.java:run(103)) - JvmPauseMonitor-e6079862-fe37-43a4-a998-6eeab30b5c75: Started
2021-11-26 01:28:59,363 [EndpointStateMachine task thread for /127.0.0.1:15521 - 0 ] INFO  server.XceiverServerGrpc (XceiverServerGrpc.java:start(135)) - XceiverServerGrpc e6079862-fe37-43a4-a998-6eeab30b5c75 is started using port 37843
2021-11-26 01:28:59,365 [EndpointStateMachine task thread for /127.0.0.1:15531 - 0 ] INFO  ozoneimpl.OzoneContainer (OzoneContainer.java:start(300)) - Ignore. OzoneContainer already started.
2021-11-26 01:28:59,853 [Listener at 127.0.0.1/10172] INFO  ozone.MiniOzoneClusterImpl (MiniOzoneClusterImpl.java:lambda$waitForClusterToBeReady$0(235)) - Waiting for nodes to be ready. Got 0 of 3 DN Heartbeats.
2021-11-26 01:28:59,854 [Listener at 127.0.0.1/10172] INFO  ozone.MiniOzoneClusterImpl (MiniOzoneClusterImpl.java:lambda$waitForClusterToBeReady$0(238)) - Waiting for cluster to exit safe mode
2021-11-26 01:28:59,854 [Listener at 127.0.0.1/10172] INFO  ozone.MiniOzoneClusterImpl (MiniOzoneClusterImpl.java:lambda$waitForClusterToBeReady$0(240)) - SCM became leader
2021-11-26 01:28:59,907 [EndpointStateMachine task thread for /127.0.0.1:15521 - 0 ] INFO  ozoneimpl.OzoneContainer (OzoneContainer.java:start(304)) - Attempting to start container services.
2021-11-26 01:28:59,907 [EndpointStateMachine task thread for /127.0.0.1:15521 - 0 ] INFO  ozoneimpl.OzoneContainer (OzoneContainer.java:startContainerScrub(249)) - Background container scanner has been disabled.
2021-11-26 01:28:59,908 [EndpointStateMachine task thread for /127.0.0.1:15521 - 0 ] INFO  replication.ReplicationServer (ReplicationServer.java:start(107)) - ReplicationServer is started using port 37777
2021-11-26 01:28:59,909 [EndpointStateMachine task thread for /127.0.0.1:15521 - 0 ] INFO  ratis.XceiverServerRatis (XceiverServerRatis.java:start(484)) - Starting XceiverServerRatis fa9a63ae-dfc0-4823-af2f-f478aed93153
2021-11-26 01:28:59,912 [EndpointStateMachine task thread for /127.0.0.1:15521 - 0 ] INFO  server.RaftServer (RaftServerProxy.java:lambda$start$5(374)) - fa9a63ae-dfc0-4823-af2f-f478aed93153: start RPC server
2021-11-26 01:28:59,916 [EndpointStateMachine task thread for /127.0.0.1:15521 - 0 ] INFO  server.GrpcService (GrpcService.java:startImpl(253)) - fa9a63ae-dfc0-4823-af2f-f478aed93153: GrpcService started, listening on 42615
2021-11-26 01:28:59,922 [EndpointStateMachine task thread for /127.0.0.1:15521 - 0 ] INFO  ratis.XceiverServerRatis (XceiverServerRatis.java:getRealPort(505)) - XceiverServerRatis fa9a63ae-dfc0-4823-af2f-f478aed93153 is started using port 42615 for RATIS
2021-11-26 01:28:59,923 [EndpointStateMachine task thread for /127.0.0.1:15521 - 0 ] INFO  ratis.XceiverServerRatis (XceiverServerRatis.java:getRealPort(505)) - XceiverServerRatis fa9a63ae-dfc0-4823-af2f-f478aed93153 is started using port 42615 for RATIS_ADMIN
2021-11-26 01:28:59,923 [EndpointStateMachine task thread for /127.0.0.1:15521 - 0 ] INFO  ratis.XceiverServerRatis (XceiverServerRatis.java:getRealPort(505)) - XceiverServerRatis fa9a63ae-dfc0-4823-af2f-f478aed93153 is started using port 42615 for RATIS_SERVER
2021-11-26 01:28:59,923 [EndpointStateMachine task thread for /127.0.0.1:15521 - 0 ] INFO  server.XceiverServerGrpc (XceiverServerGrpc.java:start(135)) - XceiverServerGrpc fa9a63ae-dfc0-4823-af2f-f478aed93153 is started using port 33999
2021-11-26 01:28:59,923 [org.apache.ratis.util.JvmPauseMonitor$$Lambda$499/73608444@1840aa6e] INFO  util.JvmPauseMonitor (JvmPauseMonitor.java:run(103)) - JvmPauseMonitor-fa9a63ae-dfc0-4823-af2f-f478aed93153: Started
2021-11-26 01:28:59,926 [EndpointStateMachine task thread for /127.0.0.1:15531 - 0 ] INFO  ozoneimpl.OzoneContainer (OzoneContainer.java:start(300)) - Ignore. OzoneContainer already started.
2021-11-26 01:29:00,199 [EndpointStateMachine task thread for /127.0.0.1:12845 - 0 ] INFO  ipc.Client (Client.java:handleConnectionFailure(977)) - Retrying connect to server: localhost/127.0.0.1:12845. Already tried 6 time(s); retry policy is RetryUpToMaximumCountWithFixedSleep(maxRetries=15, sleepTime=1000 MILLISECONDS)
2021-11-26 01:29:00,203 [EndpointStateMachine task thread for /127.0.0.1:12825 - 0 ] INFO  ipc.Client (Client.java:handleConnectionFailure(977)) - Retrying connect to server: localhost/127.0.0.1:12825. Already tried 9 time(s); retry policy is RetryUpToMaximumCountWithFixedSleep(maxRetries=15, sleepTime=1000 MILLISECONDS)
2021-11-26 01:29:00,204 [EndpointStateMachine task thread for /127.0.0.1:12835 - 0 ] INFO  ipc.Client (Client.java:handleConnectionFailure(977)) - Retrying connect to server: localhost/127.0.0.1:12835. Already tried 6 time(s); retry policy is RetryUpToMaximumCountWithFixedSleep(maxRetries=15, sleepTime=1000 MILLISECONDS)
2021-11-26 01:29:00,854 [Listener at 127.0.0.1/10172] INFO  ozone.MiniOzoneClusterImpl (MiniOzoneClusterImpl.java:lambda$waitForClusterToBeReady$0(235)) - Waiting for nodes to be ready. Got 0 of 3 DN Heartbeats.
2021-11-26 01:29:00,854 [Listener at 127.0.0.1/10172] INFO  ozone.MiniOzoneClusterImpl (MiniOzoneClusterImpl.java:lambda$waitForClusterToBeReady$0(238)) - Waiting for cluster to exit safe mode
2021-11-26 01:29:00,854 [Listener at 127.0.0.1/10172] INFO  ozone.MiniOzoneClusterImpl (MiniOzoneClusterImpl.java:lambda$waitForClusterToBeReady$0(240)) - SCM became leader
2021-11-26 01:29:00,983 [IPC Server handler 2 on default port 15521] INFO  net.NetworkTopologyImpl (NetworkTopologyImpl.java:add(112)) - Added a new node: /default-rack/e868a3a3-c0d9-49f0-b374-aca42e6594e7
2021-11-26 01:29:00,983 [IPC Server handler 2 on default port 15521] INFO  node.SCMNodeManager (SCMNodeManager.java:register(389)) - Registered Data node : e868a3a3-c0d9-49f0-b374-aca42e6594e7{ip: 127.0.0.1, host: localhost, ports: [REPLICATION=37139, RATIS=39195, RATIS_ADMIN=39195, RATIS_SERVER=39195, STANDALONE=35455], networkLocation: /default-rack, certSerialId: null, persistedOpState: null, persistedOpStateExpiryEpochSec: 0}
2021-11-26 01:29:00,985 [EventQueue-NewNodeForNewNodeHandler] INFO  pipeline.BackgroundPipelineCreator (BackgroundPipelineCreator.java:notifyEventTriggered(285)) - trigger a one-shot run on RatisPipelineUtilsThread.
2021-11-26 01:29:00,986 [EventQueue-NodeRegistrationContainerReportForDataNodeSafeModeRule] INFO  safemode.SCMSafeModeManager (DataNodeSafeModeRule.java:process(71)) - SCM in safe mode. 1 DataNodes registered, 3 required.
2021-11-26 01:29:00,989 [IPC Server handler 1 on default port 15531] INFO  net.NetworkTopologyImpl (NetworkTopologyImpl.java:add(112)) - Added a new node: /default-rack/e868a3a3-c0d9-49f0-b374-aca42e6594e7
2021-11-26 01:29:00,989 [IPC Server handler 1 on default port 15531] INFO  node.SCMNodeManager (SCMNodeManager.java:register(389)) - Registered Data node : e868a3a3-c0d9-49f0-b374-aca42e6594e7{ip: 127.0.0.1, host: localhost, ports: [REPLICATION=37139, RATIS=39195, RATIS_ADMIN=39195, RATIS_SERVER=39195, STANDALONE=35455], networkLocation: /default-rack, certSerialId: null, persistedOpState: null, persistedOpStateExpiryEpochSec: 0}
2021-11-26 01:29:00,985 [RatisPipelineUtilsThread - 0] INFO  pipeline.RatisPipelineProvider (RatisPipelineProvider.java:lambda$create$0(183)) - Sending CreatePipelineCommand for pipeline:PipelineID=a7ed2bd1-3e43-4cf5-b83f-1fd3fdc05509 to datanode:e868a3a3-c0d9-49f0-b374-aca42e6594e7
2021-11-26 01:29:00,995 [EventQueue-NodeRegistrationContainerReportForContainerSafeModeRule] INFO  safemode.SCMSafeModeManager (SCMSafeModeManager.java:validateSafeModeExitRules(204)) - ContainerSafeModeRule rule is successfully validated
2021-11-26 01:29:01,031 [EventQueue-NodeRegistrationContainerReportForDataNodeSafeModeRule] INFO  safemode.SCMSafeModeManager (DataNodeSafeModeRule.java:process(71)) - SCM in safe mode. 1 DataNodes registered, 3 required.
2021-11-26 01:29:01,055 [EventQueue-PipelineReportForOneReplicaPipelineSafeModeRule] INFO  safemode.SCMSafeModeManager (SCMSafeModeManager.java:validateSafeModeExitRules(204)) - AtleastOneDatanodeReportedRule rule is successfully validated
2021-11-26 01:29:01,055 [EventQueue-NodeRegistrationContainerReportForContainerSafeModeRule] INFO  safemode.SCMSafeModeManager (SCMSafeModeManager.java:validateSafeModeExitRules(204)) - ContainerSafeModeRule rule is successfully validated
2021-11-26 01:29:01,055 [EventQueue-NewNodeForNewNodeHandler] INFO  pipeline.BackgroundPipelineCreator (BackgroundPipelineCreator.java:notifyEventTriggered(279)) - ignore, not leader SCM.
2021-11-26 01:29:01,057 [EventQueue-PipelineReportForOneReplicaPipelineSafeModeRule] INFO  safemode.SCMSafeModeManager (SCMSafeModeManager.java:validateSafeModeExitRules(204)) - AtleastOneDatanodeReportedRule rule is successfully validated
2021-11-26 01:29:01,067 [ec3f45f6-a064-4412-8226-4654181b7e55@group-07A8FF5308AF-StateMachineUpdater] INFO  pipeline.PipelineStateManagerImpl (PipelineStateManagerImpl.java:addPipeline(101)) - Created pipeline Pipeline[ Id: a7ed2bd1-3e43-4cf5-b83f-1fd3fdc05509, Nodes: e868a3a3-c0d9-49f0-b374-aca42e6594e7{ip: 127.0.0.1, host: localhost, ports: [REPLICATION=37139, RATIS=39195, RATIS_ADMIN=39195, RATIS_SERVER=39195, STANDALONE=35455], networkLocation: /default-rack, certSerialId: null, persistedOpState: IN_SERVICE, persistedOpStateExpiryEpochSec: 0}, ReplicationConfig: RATIS/ONE, State:ALLOCATED, leaderId:, CreationTimestamp2021-11-26T01:29:00.985Z[Etc/UTC]].
2021-11-26 01:29:01,067 [ec3f45f6-a064-4412-8226-4654181b7e55@group-07A8FF5308AF-StateMachineUpdater] INFO  safemode.HealthyPipelineSafeModeRule (HealthyPipelineSafeModeRule.java:initializeRule(152)) - Refreshed total pipeline count is 0, healthy pipeline threshold count is 1
2021-11-26 01:29:01,068 [RatisPipelineUtilsThread - 0] INFO  ha.SCMHAInvocationHandler (SCMHAInvocationHandler.java:invokeRatis(113)) - Invoking method public abstract void org.apache.hadoop.hdds.scm.pipeline.PipelineStateManager.addPipeline(org.apache.hadoop.hdds.protocol.proto.HddsProtos$Pipeline) throws java.io.IOException on target org.apache.hadoop.hdds.scm.ha.SCMRatisServerImpl@7131fc1, cost 71998.739us
2021-11-26 01:29:01,069 [878f4670-2ce0-4ee1-8021-0f5a1e33ae40@group-07A8FF5308AF-StateMachineUpdater] INFO  pipeline.PipelineStateManagerImpl (PipelineStateManagerImpl.java:addPipeline(101)) - Created pipeline Pipeline[ Id: a7ed2bd1-3e43-4cf5-b83f-1fd3fdc05509, Nodes: e868a3a3-c0d9-49f0-b374-aca42e6594e7{ip: 127.0.0.1, host: localhost, ports: [REPLICATION=37139, RATIS=39195, RATIS_ADMIN=39195, RATIS_SERVER=39195, STANDALONE=35455], networkLocation: /default-rack, certSerialId: null, persistedOpState: IN_SERVICE, persistedOpStateExpiryEpochSec: 0}, ReplicationConfig: RATIS/ONE, State:ALLOCATED, leaderId:, CreationTimestamp2021-11-26T01:29:00.985Z[Etc/UTC]].
2021-11-26 01:29:01,069 [878f4670-2ce0-4ee1-8021-0f5a1e33ae40@group-07A8FF5308AF-StateMachineUpdater] INFO  safemode.HealthyPipelineSafeModeRule (HealthyPipelineSafeModeRule.java:initializeRule(152)) - Refreshed total pipeline count is 0, healthy pipeline threshold count is 1
2021-11-26 01:29:01,070 [878f4670-2ce0-4ee1-8021-0f5a1e33ae40@group-07A8FF5308AF-StateMachineUpdater] INFO  ha.SCMStateMachine (SCMStateMachine.java:takeSnapshot(297)) - Current Snapshot Index 7, takeSnapshot took 0 ms
2021-11-26 01:29:01,070 [878f4670-2ce0-4ee1-8021-0f5a1e33ae40@group-07A8FF5308AF-StateMachineUpdater] INFO  impl.StateMachineUpdater (StateMachineUpdater.java:takeSnapshot(281)) - 878f4670-2ce0-4ee1-8021-0f5a1e33ae40@group-07A8FF5308AF-StateMachineUpdater: Took a snapshot at index 7
2021-11-26 01:29:01,070 [878f4670-2ce0-4ee1-8021-0f5a1e33ae40@group-07A8FF5308AF-StateMachineUpdater] INFO  impl.StateMachineUpdater (StateMachineUpdater.java:lambda$new$0(89)) - 878f4670-2ce0-4ee1-8021-0f5a1e33ae40@group-07A8FF5308AF-StateMachineUpdater: snapshotIndex: updateIncreasingly 2 -> 7
2021-11-26 01:29:01,070 [878f4670-2ce0-4ee1-8021-0f5a1e33ae40@group-07A8FF5308AF-StateMachineUpdater] INFO  raftlog.RaftLog (RaftLogBase.java:purge(306)) - 878f4670-2ce0-4ee1-8021-0f5a1e33ae40@group-07A8FF5308AF-SegmentedRaftLog: purge 7
2021-11-26 01:29:01,070 [878f4670-2ce0-4ee1-8021-0f5a1e33ae40@group-07A8FF5308AF-StateMachineUpdater] INFO  raftlog.RaftLog (RaftLogBase.java:lambda$new$0(53)) - 878f4670-2ce0-4ee1-8021-0f5a1e33ae40@group-07A8FF5308AF-SegmentedRaftLog: snapshotIndex: updateIncreasingly 2 -> 7
2021-11-26 01:29:01,070 [878f4670-2ce0-4ee1-8021-0f5a1e33ae40@group-07A8FF5308AF-StateMachineUpdater] INFO  raftlog.RaftLog (RaftLogBase.java:lambda$new$0(53)) - 878f4670-2ce0-4ee1-8021-0f5a1e33ae40@group-07A8FF5308AF-SegmentedRaftLog: purgeIndex: updateToMax old=-1, new=7, updated? true
2021-11-26 01:29:01,199 [EndpointStateMachine task thread for /127.0.0.1:12845 - 0 ] INFO  ipc.Client (Client.java:handleConnectionFailure(977)) - Retrying connect to server: localhost/127.0.0.1:12845. Already tried 7 time(s); retry policy is RetryUpToMaximumCountWithFixedSleep(maxRetries=15, sleepTime=1000 MILLISECONDS)
2021-11-26 01:29:01,203 [EndpointStateMachine task thread for /127.0.0.1:12825 - 0 ] INFO  ipc.Client (Client.java:handleConnectionFailure(977)) - Retrying connect to server: localhost/127.0.0.1:12825. Already tried 10 time(s); retry policy is RetryUpToMaximumCountWithFixedSleep(maxRetries=15, sleepTime=1000 MILLISECONDS)
2021-11-26 01:29:01,208 [EndpointStateMachine task thread for /127.0.0.1:12835 - 0 ] INFO  ipc.Client (Client.java:handleConnectionFailure(977)) - Retrying connect to server: localhost/127.0.0.1:12835. Already tried 7 time(s); retry policy is RetryUpToMaximumCountWithFixedSleep(maxRetries=15, sleepTime=1000 MILLISECONDS)
2021-11-26 01:29:01,341 [IPC Server handler 0 on default port 15521] INFO  net.NetworkTopologyImpl (NetworkTopologyImpl.java:add(112)) - Added a new node: /default-rack/e6079862-fe37-43a4-a998-6eeab30b5c75
2021-11-26 01:29:01,341 [IPC Server handler 0 on default port 15521] INFO  node.SCMNodeManager (SCMNodeManager.java:register(389)) - Registered Data node : e6079862-fe37-43a4-a998-6eeab30b5c75{ip: 127.0.0.1, host: localhost, ports: [REPLICATION=38829, RATIS=44915, RATIS_ADMIN=44915, RATIS_SERVER=44915, STANDALONE=37843], networkLocation: /default-rack, certSerialId: null, persistedOpState: null, persistedOpStateExpiryEpochSec: 0}
2021-11-26 01:29:01,342 [EventQueue-NewNodeForNewNodeHandler] INFO  pipeline.BackgroundPipelineCreator (BackgroundPipelineCreator.java:notifyEventTriggered(285)) - trigger a one-shot run on RatisPipelineUtilsThread.
2021-11-26 01:29:01,342 [EventQueue-NodeRegistrationContainerReportForDataNodeSafeModeRule] INFO  safemode.SCMSafeModeManager (DataNodeSafeModeRule.java:process(71)) - SCM in safe mode. 2 DataNodes registered, 3 required.
2021-11-26 01:29:01,343 [RatisPipelineUtilsThread - 0] INFO  pipeline.RatisPipelineProvider (RatisPipelineProvider.java:lambda$create$0(183)) - Sending CreatePipelineCommand for pipeline:PipelineID=d1e4f701-3dfa-4d6e-8386-819e6abfa9f4 to datanode:e6079862-fe37-43a4-a998-6eeab30b5c75
2021-11-26 01:29:01,358 [IPC Server handler 0 on default port 15531] INFO  net.NetworkTopologyImpl (NetworkTopologyImpl.java:add(112)) - Added a new node: /default-rack/e6079862-fe37-43a4-a998-6eeab30b5c75
2021-11-26 01:29:01,359 [IPC Server handler 0 on default port 15531] INFO  node.SCMNodeManager (SCMNodeManager.java:register(389)) - Registered Data node : e6079862-fe37-43a4-a998-6eeab30b5c75{ip: 127.0.0.1, host: localhost, ports: [REPLICATION=38829, RATIS=44915, RATIS_ADMIN=44915, RATIS_SERVER=44915, STANDALONE=37843], networkLocation: /default-rack, certSerialId: null, persistedOpState: null, persistedOpStateExpiryEpochSec: 0}
2021-11-26 01:29:01,365 [EventQueue-NewNodeForNewNodeHandler] INFO  pipeline.BackgroundPipelineCreator (BackgroundPipelineCreator.java:notifyEventTriggered(279)) - ignore, not leader SCM.
2021-11-26 01:29:01,367 [ec3f45f6-a064-4412-8226-4654181b7e55@group-07A8FF5308AF-StateMachineUpdater] INFO  pipeline.PipelineStateManagerImpl (PipelineStateManagerImpl.java:addPipeline(101)) - Created pipeline Pipeline[ Id: d1e4f701-3dfa-4d6e-8386-819e6abfa9f4, Nodes: e6079862-fe37-43a4-a998-6eeab30b5c75{ip: 127.0.0.1, host: localhost, ports: [REPLICATION=38829, RATIS=44915, RATIS_ADMIN=44915, RATIS_SERVER=44915, STANDALONE=37843], networkLocation: /default-rack, certSerialId: null, persistedOpState: IN_SERVICE, persistedOpStateExpiryEpochSec: 0}, ReplicationConfig: RATIS/ONE, State:ALLOCATED, leaderId:, CreationTimestamp2021-11-26T01:29:01.343Z[Etc/UTC]].
2021-11-26 01:29:01,367 [ec3f45f6-a064-4412-8226-4654181b7e55@group-07A8FF5308AF-StateMachineUpdater] INFO  safemode.HealthyPipelineSafeModeRule (HealthyPipelineSafeModeRule.java:initializeRule(152)) - Refreshed total pipeline count is 0, healthy pipeline threshold count is 1
2021-11-26 01:29:01,367 [RatisPipelineUtilsThread - 0] INFO  ha.SCMHAInvocationHandler (SCMHAInvocationHandler.java:invokeRatis(113)) - Invoking method public abstract void org.apache.hadoop.hdds.scm.pipeline.PipelineStateManager.addPipeline(org.apache.hadoop.hdds.protocol.proto.HddsProtos$Pipeline) throws java.io.IOException on target org.apache.hadoop.hdds.scm.ha.SCMRatisServerImpl@7131fc1, cost 23925.813us
2021-11-26 01:29:01,373 [EventQueue-NodeRegistrationContainerReportForDataNodeSafeModeRule] INFO  safemode.SCMSafeModeManager (DataNodeSafeModeRule.java:process(71)) - SCM in safe mode. 2 DataNodes registered, 3 required.
2021-11-26 01:29:01,375 [878f4670-2ce0-4ee1-8021-0f5a1e33ae40@group-07A8FF5308AF-StateMachineUpdater] INFO  pipeline.PipelineStateManagerImpl (PipelineStateManagerImpl.java:addPipeline(101)) - Created pipeline Pipeline[ Id: d1e4f701-3dfa-4d6e-8386-819e6abfa9f4, Nodes: e6079862-fe37-43a4-a998-6eeab30b5c75{ip: 127.0.0.1, host: localhost, ports: [REPLICATION=38829, RATIS=44915, RATIS_ADMIN=44915, RATIS_SERVER=44915, STANDALONE=37843], networkLocation: /default-rack, certSerialId: null, persistedOpState: IN_SERVICE, persistedOpStateExpiryEpochSec: 0}, ReplicationConfig: RATIS/ONE, State:ALLOCATED, leaderId:, CreationTimestamp2021-11-26T01:29:01.343Z[Etc/UTC]].
2021-11-26 01:29:01,375 [878f4670-2ce0-4ee1-8021-0f5a1e33ae40@group-07A8FF5308AF-StateMachineUpdater] INFO  safemode.HealthyPipelineSafeModeRule (HealthyPipelineSafeModeRule.java:initializeRule(152)) - Refreshed total pipeline count is 0, healthy pipeline threshold count is 1
2021-11-26 01:29:01,376 [ec3f45f6-a064-4412-8226-4654181b7e55@group-07A8FF5308AF-StateMachineUpdater] INFO  ha.SCMStateMachine (SCMStateMachine.java:takeSnapshot(297)) - Current Snapshot Index 10, takeSnapshot took 0 ms
2021-11-26 01:29:01,376 [ec3f45f6-a064-4412-8226-4654181b7e55@group-07A8FF5308AF-StateMachineUpdater] INFO  impl.StateMachineUpdater (StateMachineUpdater.java:takeSnapshot(281)) - ec3f45f6-a064-4412-8226-4654181b7e55@group-07A8FF5308AF-StateMachineUpdater: Took a snapshot at index 10
2021-11-26 01:29:01,376 [ec3f45f6-a064-4412-8226-4654181b7e55@group-07A8FF5308AF-StateMachineUpdater] INFO  impl.StateMachineUpdater (StateMachineUpdater.java:lambda$new$0(89)) - ec3f45f6-a064-4412-8226-4654181b7e55@group-07A8FF5308AF-StateMachineUpdater: snapshotIndex: updateIncreasingly 5 -> 10
2021-11-26 01:29:01,376 [ec3f45f6-a064-4412-8226-4654181b7e55@group-07A8FF5308AF-StateMachineUpdater] INFO  raftlog.RaftLog (RaftLogBase.java:purge(306)) - ec3f45f6-a064-4412-8226-4654181b7e55@group-07A8FF5308AF-SegmentedRaftLog: purge 10
2021-11-26 01:29:01,376 [ec3f45f6-a064-4412-8226-4654181b7e55@group-07A8FF5308AF-StateMachineUpdater] INFO  raftlog.RaftLog (RaftLogBase.java:lambda$new$0(53)) - ec3f45f6-a064-4412-8226-4654181b7e55@group-07A8FF5308AF-SegmentedRaftLog: snapshotIndex: updateIncreasingly 5 -> 10
2021-11-26 01:29:01,376 [ec3f45f6-a064-4412-8226-4654181b7e55@group-07A8FF5308AF-StateMachineUpdater] INFO  raftlog.RaftLog (RaftLogBase.java:lambda$new$0(53)) - ec3f45f6-a064-4412-8226-4654181b7e55@group-07A8FF5308AF-SegmentedRaftLog: purgeIndex: updateToMax old=0, new=10, updated? true
2021-11-26 01:29:01,855 [Listener at 127.0.0.1/10172] INFO  ozone.MiniOzoneClusterImpl (MiniOzoneClusterImpl.java:lambda$waitForClusterToBeReady$0(235)) - Waiting for nodes to be ready. Got 2 of 3 DN Heartbeats.
2021-11-26 01:29:01,855 [Listener at 127.0.0.1/10172] INFO  ozone.MiniOzoneClusterImpl (MiniOzoneClusterImpl.java:lambda$waitForClusterToBeReady$0(238)) - Waiting for cluster to exit safe mode
2021-11-26 01:29:01,855 [Listener at 127.0.0.1/10172] INFO  ozone.MiniOzoneClusterImpl (MiniOzoneClusterImpl.java:lambda$waitForClusterToBeReady$0(240)) - SCM became leader
2021-11-26 01:29:01,891 [IPC Server handler 1 on default port 15521] INFO  net.NetworkTopologyImpl (NetworkTopologyImpl.java:add(112)) - Added a new node: /default-rack/fa9a63ae-dfc0-4823-af2f-f478aed93153
2021-11-26 01:29:01,891 [IPC Server handler 1 on default port 15521] INFO  node.SCMNodeManager (SCMNodeManager.java:register(389)) - Registered Data node : fa9a63ae-dfc0-4823-af2f-f478aed93153{ip: 127.0.0.1, host: localhost, ports: [REPLICATION=37777, RATIS=42615, RATIS_ADMIN=42615, RATIS_SERVER=42615, STANDALONE=33999], networkLocation: /default-rack, certSerialId: null, persistedOpState: null, persistedOpStateExpiryEpochSec: 0}
2021-11-26 01:29:01,891 [EventQueue-NewNodeForNewNodeHandler] INFO  pipeline.BackgroundPipelineCreator (BackgroundPipelineCreator.java:notifyEventTriggered(285)) - trigger a one-shot run on RatisPipelineUtilsThread.
2021-11-26 01:29:01,891 [IPC Server handler 2 on default port 15531] INFO  net.NetworkTopologyImpl (NetworkTopologyImpl.java:add(112)) - Added a new node: /default-rack/fa9a63ae-dfc0-4823-af2f-f478aed93153
2021-11-26 01:29:01,891 [RatisPipelineUtilsThread - 0] INFO  pipeline.RatisPipelineProvider (RatisPipelineProvider.java:lambda$create$0(183)) - Sending CreatePipelineCommand for pipeline:PipelineID=ec2e23cb-a1b2-439f-a200-700504cfaa66 to datanode:fa9a63ae-dfc0-4823-af2f-f478aed93153
2021-11-26 01:29:01,891 [IPC Server handler 2 on default port 15531] INFO  node.SCMNodeManager (SCMNodeManager.java:register(389)) - Registered Data node : fa9a63ae-dfc0-4823-af2f-f478aed93153{ip: 127.0.0.1, host: localhost, ports: [REPLICATION=37777, RATIS=42615, RATIS_ADMIN=42615, RATIS_SERVER=42615, STANDALONE=33999], networkLocation: /default-rack, certSerialId: null, persistedOpState: null, persistedOpStateExpiryEpochSec: 0}
2021-11-26 01:29:01,892 [EventQueue-NewNodeForNewNodeHandler] INFO  pipeline.BackgroundPipelineCreator (BackgroundPipelineCreator.java:notifyEventTriggered(279)) - ignore, not leader SCM.
2021-11-26 01:29:01,900 [EventQueue-NodeRegistrationContainerReportForDataNodeSafeModeRule] INFO  safemode.SCMSafeModeManager (DataNodeSafeModeRule.java:process(71)) - SCM in safe mode. 3 DataNodes registered, 3 required.
2021-11-26 01:29:01,900 [EventQueue-NodeRegistrationContainerReportForDataNodeSafeModeRule] INFO  safemode.SCMSafeModeManager (SCMSafeModeManager.java:validateSafeModeExitRules(204)) - DataNodeSafeModeRule rule is successfully validated
2021-11-26 01:29:01,901 [EventQueue-NodeRegistrationContainerReportForDataNodeSafeModeRule] INFO  safemode.SCMSafeModeManager (SCMSafeModeManager.java:completePreCheck(233)) - All SCM safe mode pre check rules have passed
2021-11-26 01:29:01,901 [EventQueue-NodeRegistrationContainerReportForDataNodeSafeModeRule] WARN  events.EventQueue (EventQueue.java:fireEvent(194)) - No event handler registered for event TypedEvent{payloadType=SafeModeStatus, name='Safe mode status'}
2021-11-26 01:29:01,901 [EventQueue-NodeRegistrationContainerReportForDataNodeSafeModeRule] INFO  ha.SCMContext (SCMContext.java:updateSafeModeStatus(205)) - Update SafeModeStatus from SafeModeStatus{safeModeStatus=true, preCheckPassed=false} to SafeModeStatus{safeModeStatus=true, preCheckPassed=true}.
2021-11-26 01:29:01,901 [EventQueue-NodeRegistrationContainerReportForDataNodeSafeModeRule] INFO  pipeline.BackgroundPipelineCreator (BackgroundPipelineCreator.java:notifyEventTriggered(285)) - trigger a one-shot run on RatisPipelineUtilsThread.
2021-11-26 01:29:01,905 [ec3f45f6-a064-4412-8226-4654181b7e55@group-07A8FF5308AF-StateMachineUpdater] INFO  pipeline.PipelineStateManagerImpl (PipelineStateManagerImpl.java:addPipeline(101)) - Created pipeline Pipeline[ Id: ec2e23cb-a1b2-439f-a200-700504cfaa66, Nodes: fa9a63ae-dfc0-4823-af2f-f478aed93153{ip: 127.0.0.1, host: localhost, ports: [REPLICATION=37777, RATIS=42615, RATIS_ADMIN=42615, RATIS_SERVER=42615, STANDALONE=33999], networkLocation: /default-rack, certSerialId: null, persistedOpState: IN_SERVICE, persistedOpStateExpiryEpochSec: 0}, ReplicationConfig: RATIS/ONE, State:ALLOCATED, leaderId:, CreationTimestamp2021-11-26T01:29:01.891Z[Etc/UTC]].
2021-11-26 01:29:01,905 [ec3f45f6-a064-4412-8226-4654181b7e55@group-07A8FF5308AF-StateMachineUpdater] INFO  safemode.HealthyPipelineSafeModeRule (HealthyPipelineSafeModeRule.java:initializeRule(152)) - Refreshed total pipeline count is 0, healthy pipeline threshold count is 1
2021-11-26 01:29:01,905 [RatisPipelineUtilsThread - 0] INFO  ha.SCMHAInvocationHandler (SCMHAInvocationHandler.java:invokeRatis(113)) - Invoking method public abstract void org.apache.hadoop.hdds.scm.pipeline.PipelineStateManager.addPipeline(org.apache.hadoop.hdds.protocol.proto.HddsProtos$Pipeline) throws java.io.IOException on target org.apache.hadoop.hdds.scm.ha.SCMRatisServerImpl@7131fc1, cost 13680.321us
2021-11-26 01:29:01,906 [RatisPipelineUtilsThread - 0] INFO  pipeline.RatisPipelineProvider (RatisPipelineProvider.java:lambda$create$0(183)) - Sending CreatePipelineCommand for pipeline:PipelineID=ae48aee9-96af-4f39-b445-904ffb5e5d13 to datanode:e868a3a3-c0d9-49f0-b374-aca42e6594e7
2021-11-26 01:29:01,906 [RatisPipelineUtilsThread - 0] INFO  pipeline.RatisPipelineProvider (RatisPipelineProvider.java:lambda$create$0(183)) - Sending CreatePipelineCommand for pipeline:PipelineID=ae48aee9-96af-4f39-b445-904ffb5e5d13 to datanode:fa9a63ae-dfc0-4823-af2f-f478aed93153
2021-11-26 01:29:01,906 [RatisPipelineUtilsThread - 0] INFO  pipeline.RatisPipelineProvider (RatisPipelineProvider.java:lambda$create$0(183)) - Sending CreatePipelineCommand for pipeline:PipelineID=ae48aee9-96af-4f39-b445-904ffb5e5d13 to datanode:e6079862-fe37-43a4-a998-6eeab30b5c75
2021-11-26 01:29:01,912 [EventQueue-NodeRegistrationContainerReportForDataNodeSafeModeRule] INFO  safemode.SCMSafeModeManager (DataNodeSafeModeRule.java:process(71)) - SCM in safe mode. 3 DataNodes registered, 3 required.
2021-11-26 01:29:01,912 [EventQueue-NodeRegistrationContainerReportForDataNodeSafeModeRule] INFO  safemode.SCMSafeModeManager (SCMSafeModeManager.java:validateSafeModeExitRules(204)) - DataNodeSafeModeRule rule is successfully validated
2021-11-26 01:29:01,913 [EventQueue-NodeRegistrationContainerReportForDataNodeSafeModeRule] INFO  safemode.SCMSafeModeManager (SCMSafeModeManager.java:completePreCheck(233)) - All SCM safe mode pre check rules have passed
2021-11-26 01:29:01,913 [EventQueue-NodeRegistrationContainerReportForDataNodeSafeModeRule] WARN  events.EventQueue (EventQueue.java:fireEvent(194)) - No event handler registered for event TypedEvent{payloadType=SafeModeStatus, name='Safe mode status'}
2021-11-26 01:29:01,913 [EventQueue-NodeRegistrationContainerReportForDataNodeSafeModeRule] INFO  ha.SCMContext (SCMContext.java:updateSafeModeStatus(205)) - Update SafeModeStatus from SafeModeStatus{safeModeStatus=true, preCheckPassed=false} to SafeModeStatus{safeModeStatus=true, preCheckPassed=true}.
2021-11-26 01:29:01,913 [EventQueue-NodeRegistrationContainerReportForDataNodeSafeModeRule] INFO  pipeline.BackgroundPipelineCreator (BackgroundPipelineCreator.java:notifyEventTriggered(279)) - ignore, not leader SCM.
2021-11-26 01:29:01,918 [878f4670-2ce0-4ee1-8021-0f5a1e33ae40@group-07A8FF5308AF-StateMachineUpdater] INFO  pipeline.PipelineStateManagerImpl (PipelineStateManagerImpl.java:addPipeline(101)) - Created pipeline Pipeline[ Id: ec2e23cb-a1b2-439f-a200-700504cfaa66, Nodes: fa9a63ae-dfc0-4823-af2f-f478aed93153{ip: 127.0.0.1, host: localhost, ports: [REPLICATION=37777, RATIS=42615, RATIS_ADMIN=42615, RATIS_SERVER=42615, STANDALONE=33999], networkLocation: /default-rack, certSerialId: null, persistedOpState: IN_SERVICE, persistedOpStateExpiryEpochSec: 0}, ReplicationConfig: RATIS/ONE, State:ALLOCATED, leaderId:, CreationTimestamp2021-11-26T01:29:01.891Z[Etc/UTC]].
2021-11-26 01:29:01,918 [878f4670-2ce0-4ee1-8021-0f5a1e33ae40@group-07A8FF5308AF-StateMachineUpdater] INFO  safemode.HealthyPipelineSafeModeRule (HealthyPipelineSafeModeRule.java:initializeRule(152)) - Refreshed total pipeline count is 0, healthy pipeline threshold count is 1
2021-11-26 01:29:01,918 [ec3f45f6-a064-4412-8226-4654181b7e55@group-07A8FF5308AF-StateMachineUpdater] INFO  pipeline.PipelineStateManagerImpl (PipelineStateManagerImpl.java:addPipeline(101)) - Created pipeline Pipeline[ Id: ae48aee9-96af-4f39-b445-904ffb5e5d13, Nodes: e868a3a3-c0d9-49f0-b374-aca42e6594e7{ip: 127.0.0.1, host: localhost, ports: [REPLICATION=37139, RATIS=39195, RATIS_ADMIN=39195, RATIS_SERVER=39195, STANDALONE=35455], networkLocation: /default-rack, certSerialId: null, persistedOpState: IN_SERVICE, persistedOpStateExpiryEpochSec: 0}fa9a63ae-dfc0-4823-af2f-f478aed93153{ip: 127.0.0.1, host: localhost, ports: [REPLICATION=37777, RATIS=42615, RATIS_ADMIN=42615, RATIS_SERVER=42615, STANDALONE=33999], networkLocation: /default-rack, certSerialId: null, persistedOpState: IN_SERVICE, persistedOpStateExpiryEpochSec: 0}e6079862-fe37-43a4-a998-6eeab30b5c75{ip: 127.0.0.1, host: localhost, ports: [REPLICATION=38829, RATIS=44915, RATIS_ADMIN=44915, RATIS_SERVER=44915, STANDALONE=37843], networkLocation: /default-rack, certSerialId: null, persistedOpState: IN_SERVICE, persistedOpStateExpiryEpochSec: 0}, ReplicationConfig: RATIS/THREE, State:ALLOCATED, leaderId:, CreationTimestamp2021-11-26T01:29:01.906Z[Etc/UTC]].
2021-11-26 01:29:01,922 [ec3f45f6-a064-4412-8226-4654181b7e55@group-07A8FF5308AF-StateMachineUpdater] INFO  safemode.HealthyPipelineSafeModeRule (HealthyPipelineSafeModeRule.java:initializeRule(152)) - Refreshed total pipeline count is 0, healthy pipeline threshold count is 1
2021-11-26 01:29:01,922 [RatisPipelineUtilsThread - 0] INFO  ha.SCMHAInvocationHandler (SCMHAInvocationHandler.java:invokeRatis(113)) - Invoking method public abstract void org.apache.hadoop.hdds.scm.pipeline.PipelineStateManager.addPipeline(org.apache.hadoop.hdds.protocol.proto.HddsProtos$Pipeline) throws java.io.IOException on target org.apache.hadoop.hdds.scm.ha.SCMRatisServerImpl@7131fc1, cost 16264.745us
2021-11-26 01:29:01,923 [RatisPipelineUtilsThread - 0] INFO  pipeline.RatisPipelineProvider (RatisPipelineProvider.java:lambda$create$0(183)) - Sending CreatePipelineCommand for pipeline:PipelineID=8bd0a991-f326-41c5-b045-54fd992928c8 to datanode:fa9a63ae-dfc0-4823-af2f-f478aed93153
2021-11-26 01:29:01,923 [RatisPipelineUtilsThread - 0] INFO  pipeline.RatisPipelineProvider (RatisPipelineProvider.java:lambda$create$0(183)) - Sending CreatePipelineCommand for pipeline:PipelineID=8bd0a991-f326-41c5-b045-54fd992928c8 to datanode:e868a3a3-c0d9-49f0-b374-aca42e6594e7
2021-11-26 01:29:01,923 [RatisPipelineUtilsThread - 0] INFO  pipeline.RatisPipelineProvider (RatisPipelineProvider.java:lambda$create$0(183)) - Sending CreatePipelineCommand for pipeline:PipelineID=8bd0a991-f326-41c5-b045-54fd992928c8 to datanode:e6079862-fe37-43a4-a998-6eeab30b5c75
2021-11-26 01:29:01,971 [878f4670-2ce0-4ee1-8021-0f5a1e33ae40@group-07A8FF5308AF-StateMachineUpdater] INFO  pipeline.PipelineStateManagerImpl (PipelineStateManagerImpl.java:addPipeline(101)) - Created pipeline Pipeline[ Id: ae48aee9-96af-4f39-b445-904ffb5e5d13, Nodes: e868a3a3-c0d9-49f0-b374-aca42e6594e7{ip: 127.0.0.1, host: localhost, ports: [REPLICATION=37139, RATIS=39195, RATIS_ADMIN=39195, RATIS_SERVER=39195, STANDALONE=35455], networkLocation: /default-rack, certSerialId: null, persistedOpState: IN_SERVICE, persistedOpStateExpiryEpochSec: 0}fa9a63ae-dfc0-4823-af2f-f478aed93153{ip: 127.0.0.1, host: localhost, ports: [REPLICATION=37777, RATIS=42615, RATIS_ADMIN=42615, RATIS_SERVER=42615, STANDALONE=33999], networkLocation: /default-rack, certSerialId: null, persistedOpState: IN_SERVICE, persistedOpStateExpiryEpochSec: 0}e6079862-fe37-43a4-a998-6eeab30b5c75{ip: 127.0.0.1, host: localhost, ports: [REPLICATION=38829, RATIS=44915, RATIS_ADMIN=44915, RATIS_SERVER=44915, STANDALONE=37843], networkLocation: /default-rack, certSerialId: null, persistedOpState: IN_SERVICE, persistedOpStateExpiryEpochSec: 0}, ReplicationConfig: RATIS/THREE, State:ALLOCATED, leaderId:, CreationTimestamp2021-11-26T01:29:01.906Z[Etc/UTC]].
2021-11-26 01:29:01,972 [878f4670-2ce0-4ee1-8021-0f5a1e33ae40@group-07A8FF5308AF-StateMachineUpdater] INFO  safemode.HealthyPipelineSafeModeRule (HealthyPipelineSafeModeRule.java:initializeRule(152)) - Refreshed total pipeline count is 0, healthy pipeline threshold count is 1
2021-11-26 01:29:01,972 [878f4670-2ce0-4ee1-8021-0f5a1e33ae40@group-07A8FF5308AF-StateMachineUpdater] INFO  ha.SCMStateMachine (SCMStateMachine.java:takeSnapshot(297)) - Current Snapshot Index 13, takeSnapshot took 0 ms
2021-11-26 01:29:01,972 [878f4670-2ce0-4ee1-8021-0f5a1e33ae40@group-07A8FF5308AF-StateMachineUpdater] INFO  impl.StateMachineUpdater (StateMachineUpdater.java:takeSnapshot(281)) - 878f4670-2ce0-4ee1-8021-0f5a1e33ae40@group-07A8FF5308AF-StateMachineUpdater: Took a snapshot at index 13
2021-11-26 01:29:01,972 [878f4670-2ce0-4ee1-8021-0f5a1e33ae40@group-07A8FF5308AF-StateMachineUpdater] INFO  impl.StateMachineUpdater (StateMachineUpdater.java:lambda$new$0(89)) - 878f4670-2ce0-4ee1-8021-0f5a1e33ae40@group-07A8FF5308AF-StateMachineUpdater: snapshotIndex: updateIncreasingly 7 -> 13
2021-11-26 01:29:01,972 [878f4670-2ce0-4ee1-8021-0f5a1e33ae40@group-07A8FF5308AF-StateMachineUpdater] INFO  raftlog.RaftLog (RaftLogBase.java:purge(306)) - 878f4670-2ce0-4ee1-8021-0f5a1e33ae40@group-07A8FF5308AF-SegmentedRaftLog: purge 13
2021-11-26 01:29:01,972 [878f4670-2ce0-4ee1-8021-0f5a1e33ae40@group-07A8FF5308AF-StateMachineUpdater] INFO  raftlog.RaftLog (RaftLogBase.java:lambda$new$0(53)) - 878f4670-2ce0-4ee1-8021-0f5a1e33ae40@group-07A8FF5308AF-SegmentedRaftLog: snapshotIndex: updateIncreasingly 7 -> 13
2021-11-26 01:29:01,972 [878f4670-2ce0-4ee1-8021-0f5a1e33ae40@group-07A8FF5308AF-StateMachineUpdater] INFO  raftlog.RaftLog (RaftLogBase.java:lambda$new$0(53)) - 878f4670-2ce0-4ee1-8021-0f5a1e33ae40@group-07A8FF5308AF-SegmentedRaftLog: purgeIndex: updateToMax old=7, new=13, updated? true
2021-11-26 01:29:01,989 [ec3f45f6-a064-4412-8226-4654181b7e55@group-07A8FF5308AF-StateMachineUpdater] INFO  pipeline.PipelineStateManagerImpl (PipelineStateManagerImpl.java:addPipeline(101)) - Created pipeline Pipeline[ Id: 8bd0a991-f326-41c5-b045-54fd992928c8, Nodes: fa9a63ae-dfc0-4823-af2f-f478aed93153{ip: 127.0.0.1, host: localhost, ports: [REPLICATION=37777, RATIS=42615, RATIS_ADMIN=42615, RATIS_SERVER=42615, STANDALONE=33999], networkLocation: /default-rack, certSerialId: null, persistedOpState: IN_SERVICE, persistedOpStateExpiryEpochSec: 0}e868a3a3-c0d9-49f0-b374-aca42e6594e7{ip: 127.0.0.1, host: localhost, ports: [REPLICATION=37139, RATIS=39195, RATIS_ADMIN=39195, RATIS_SERVER=39195, STANDALONE=35455], networkLocation: /default-rack, certSerialId: null, persistedOpState: IN_SERVICE, persistedOpStateExpiryEpochSec: 0}e6079862-fe37-43a4-a998-6eeab30b5c75{ip: 127.0.0.1, host: localhost, ports: [REPLICATION=38829, RATIS=44915, RATIS_ADMIN=44915, RATIS_SERVER=44915, STANDALONE=37843], networkLocation: /default-rack, certSerialId: null, persistedOpState: IN_SERVICE, persistedOpStateExpiryEpochSec: 0}, ReplicationConfig: RATIS/THREE, State:ALLOCATED, leaderId:, CreationTimestamp2021-11-26T01:29:01.923Z[Etc/UTC]].
2021-11-26 01:29:01,989 [ec3f45f6-a064-4412-8226-4654181b7e55@group-07A8FF5308AF-StateMachineUpdater] INFO  safemode.HealthyPipelineSafeModeRule (HealthyPipelineSafeModeRule.java:initializeRule(152)) - Refreshed total pipeline count is 0, healthy pipeline threshold count is 1
2021-11-26 01:29:01,989 [ec3f45f6-a064-4412-8226-4654181b7e55@group-07A8FF5308AF-StateMachineUpdater] INFO  ha.SCMStateMachine (SCMStateMachine.java:takeSnapshot(297)) - Current Snapshot Index 15, takeSnapshot took 0 ms
2021-11-26 01:29:01,989 [ec3f45f6-a064-4412-8226-4654181b7e55@group-07A8FF5308AF-StateMachineUpdater] INFO  impl.StateMachineUpdater (StateMachineUpdater.java:takeSnapshot(281)) - ec3f45f6-a064-4412-8226-4654181b7e55@group-07A8FF5308AF-StateMachineUpdater: Took a snapshot at index 15
2021-11-26 01:29:01,989 [ec3f45f6-a064-4412-8226-4654181b7e55@group-07A8FF5308AF-StateMachineUpdater] INFO  impl.StateMachineUpdater (StateMachineUpdater.java:lambda$new$0(89)) - ec3f45f6-a064-4412-8226-4654181b7e55@group-07A8FF5308AF-StateMachineUpdater: snapshotIndex: updateIncreasingly 10 -> 15
2021-11-26 01:29:01,989 [ec3f45f6-a064-4412-8226-4654181b7e55@group-07A8FF5308AF-StateMachineUpdater] INFO  raftlog.RaftLog (RaftLogBase.java:purge(306)) - ec3f45f6-a064-4412-8226-4654181b7e55@group-07A8FF5308AF-SegmentedRaftLog: purge 15
2021-11-26 01:29:01,989 [ec3f45f6-a064-4412-8226-4654181b7e55@group-07A8FF5308AF-StateMachineUpdater] INFO  raftlog.RaftLog (RaftLogBase.java:lambda$new$0(53)) - ec3f45f6-a064-4412-8226-4654181b7e55@group-07A8FF5308AF-SegmentedRaftLog: snapshotIndex: updateIncreasingly 10 -> 15
2021-11-26 01:29:01,990 [ec3f45f6-a064-4412-8226-4654181b7e55@group-07A8FF5308AF-StateMachineUpdater] INFO  raftlog.RaftLog (RaftLogBase.java:lambda$new$0(53)) - ec3f45f6-a064-4412-8226-4654181b7e55@group-07A8FF5308AF-SegmentedRaftLog: purgeIndex: updateToMax old=10, new=15, updated? true
2021-11-26 01:29:01,990 [RatisPipelineUtilsThread - 0] INFO  ha.SCMHAInvocationHandler (SCMHAInvocationHandler.java:invokeRatis(113)) - Invoking method public abstract void org.apache.hadoop.hdds.scm.pipeline.PipelineStateManager.addPipeline(org.apache.hadoop.hdds.protocol.proto.HddsProtos$Pipeline) throws java.io.IOException on target org.apache.hadoop.hdds.scm.ha.SCMRatisServerImpl@7131fc1, cost 66822.593us
2021-11-26 01:29:01,990 [RatisPipelineUtilsThread - 0] INFO  pipeline.PipelineManagerImpl (PipelineManagerImpl.java:recordMetricsForPipeline(620)) - Pipeline: PipelineID=8bd0a991-f326-41c5-b045-54fd992928c8 contains same datanodes as previous pipelines: PipelineID=ae48aee9-96af-4f39-b445-904ffb5e5d13 nodeIds: fa9a63ae-dfc0-4823-af2f-f478aed93153, e868a3a3-c0d9-49f0-b374-aca42e6594e7, e6079862-fe37-43a4-a998-6eeab30b5c75
2021-11-26 01:29:01,995 [878f4670-2ce0-4ee1-8021-0f5a1e33ae40@group-07A8FF5308AF-StateMachineUpdater] INFO  pipeline.PipelineStateManagerImpl (PipelineStateManagerImpl.java:addPipeline(101)) - Created pipeline Pipeline[ Id: 8bd0a991-f326-41c5-b045-54fd992928c8, Nodes: fa9a63ae-dfc0-4823-af2f-f478aed93153{ip: 127.0.0.1, host: localhost, ports: [REPLICATION=37777, RATIS=42615, RATIS_ADMIN=42615, RATIS_SERVER=42615, STANDALONE=33999], networkLocation: /default-rack, certSerialId: null, persistedOpState: IN_SERVICE, persistedOpStateExpiryEpochSec: 0}e868a3a3-c0d9-49f0-b374-aca42e6594e7{ip: 127.0.0.1, host: localhost, ports: [REPLICATION=37139, RATIS=39195, RATIS_ADMIN=39195, RATIS_SERVER=39195, STANDALONE=35455], networkLocation: /default-rack, certSerialId: null, persistedOpState: IN_SERVICE, persistedOpStateExpiryEpochSec: 0}e6079862-fe37-43a4-a998-6eeab30b5c75{ip: 127.0.0.1, host: localhost, ports: [REPLICATION=38829, RATIS=44915, RATIS_ADMIN=44915, RATIS_SERVER=44915, STANDALONE=37843], networkLocation: /default-rack, certSerialId: null, persistedOpState: IN_SERVICE, persistedOpStateExpiryEpochSec: 0}, ReplicationConfig: RATIS/THREE, State:ALLOCATED, leaderId:, CreationTimestamp2021-11-26T01:29:01.923Z[Etc/UTC]].
2021-11-26 01:29:01,995 [878f4670-2ce0-4ee1-8021-0f5a1e33ae40@group-07A8FF5308AF-StateMachineUpdater] INFO  safemode.HealthyPipelineSafeModeRule (HealthyPipelineSafeModeRule.java:initializeRule(152)) - Refreshed total pipeline count is 0, healthy pipeline threshold count is 1
2021-11-26 01:29:02,200 [EndpointStateMachine task thread for /127.0.0.1:12845 - 0 ] INFO  ipc.Client (Client.java:handleConnectionFailure(977)) - Retrying connect to server: localhost/127.0.0.1:12845. Already tried 8 time(s); retry policy is RetryUpToMaximumCountWithFixedSleep(maxRetries=15, sleepTime=1000 MILLISECONDS)
2021-11-26 01:29:02,204 [EndpointStateMachine task thread for /127.0.0.1:12825 - 0 ] INFO  ipc.Client (Client.java:handleConnectionFailure(977)) - Retrying connect to server: localhost/127.0.0.1:12825. Already tried 11 time(s); retry policy is RetryUpToMaximumCountWithFixedSleep(maxRetries=15, sleepTime=1000 MILLISECONDS)
2021-11-26 01:29:02,209 [EndpointStateMachine task thread for /127.0.0.1:12835 - 0 ] INFO  ipc.Client (Client.java:handleConnectionFailure(977)) - Retrying connect to server: localhost/127.0.0.1:12835. Already tried 8 time(s); retry policy is RetryUpToMaximumCountWithFixedSleep(maxRetries=15, sleepTime=1000 MILLISECONDS)
2021-11-26 01:29:02,855 [Listener at 127.0.0.1/10172] INFO  ozone.MiniOzoneClusterImpl (MiniOzoneClusterImpl.java:lambda$waitForClusterToBeReady$0(235)) - Nodes are ready. Got 3 of 3 DN Heartbeats.
2021-11-26 01:29:02,856 [Listener at 127.0.0.1/10172] INFO  ozone.MiniOzoneClusterImpl (MiniOzoneClusterImpl.java:lambda$waitForClusterToBeReady$0(238)) - Waiting for cluster to exit safe mode
2021-11-26 01:29:02,856 [Listener at 127.0.0.1/10172] INFO  ozone.MiniOzoneClusterImpl (MiniOzoneClusterImpl.java:lambda$waitForClusterToBeReady$0(240)) - SCM became leader
2021-11-26 01:29:02,972 [Datanode State Machine Daemon Thread] ERROR datanode.RunningDatanodeState (RunningDatanodeState.java:computeNextContainerState(199)) - Error in executing end point task.
java.util.concurrent.ExecutionException: java.util.concurrent.TimeoutException
	at java.util.concurrent.FutureTask.report(FutureTask.java:122)
	at java.util.concurrent.FutureTask.get(FutureTask.java:192)
	at org.apache.hadoop.ozone.container.common.states.datanode.RunningDatanodeState.computeNextContainerState(RunningDatanodeState.java:191)
	at org.apache.hadoop.ozone.container.common.states.datanode.RunningDatanodeState.await(RunningDatanodeState.java:231)
	at org.apache.hadoop.ozone.container.common.states.datanode.RunningDatanodeState.await(RunningDatanodeState.java:50)
	at org.apache.hadoop.ozone.container.common.statemachine.StateContext.execute(StateContext.java:633)
	at org.apache.hadoop.ozone.container.common.statemachine.DatanodeStateMachine.start(DatanodeStateMachine.java:280)
	at org.apache.hadoop.ozone.container.common.statemachine.DatanodeStateMachine.lambda$startDaemon$0(DatanodeStateMachine.java:468)
	at java.lang.Thread.run(Thread.java:748)
Caused by: java.util.concurrent.TimeoutException
	at java.util.concurrent.FutureTask.get(FutureTask.java:205)
	at org.apache.hadoop.ozone.container.common.states.datanode.RunningDatanodeState.lambda$execute$0(RunningDatanodeState.java:149)
	at java.util.concurrent.FutureTask.run(FutureTask.java:266)
	at java.util.concurrent.Executors$RunnableAdapter.call(Executors.java:511)
	at java.util.concurrent.FutureTask.run(FutureTask.java:266)
	at java.util.concurrent.ThreadPoolExecutor.runWorker(ThreadPoolExecutor.java:1149)
	at java.util.concurrent.ThreadPoolExecutor$Worker.run(ThreadPoolExecutor.java:624)
	... 1 more
2021-11-26 01:29:03,201 [EndpointStateMachine task thread for /127.0.0.1:12845 - 0 ] INFO  ipc.Client (Client.java:handleConnectionFailure(977)) - Retrying connect to server: localhost/127.0.0.1:12845. Already tried 9 time(s); retry policy is RetryUpToMaximumCountWithFixedSleep(maxRetries=15, sleepTime=1000 MILLISECONDS)
2021-11-26 01:29:03,204 [EndpointStateMachine task thread for /127.0.0.1:12825 - 0 ] INFO  ipc.Client (Client.java:handleConnectionFailure(977)) - Retrying connect to server: localhost/127.0.0.1:12825. Already tried 12 time(s); retry policy is RetryUpToMaximumCountWithFixedSleep(maxRetries=15, sleepTime=1000 MILLISECONDS)
2021-11-26 01:29:03,209 [EndpointStateMachine task thread for /127.0.0.1:12835 - 0 ] INFO  ipc.Client (Client.java:handleConnectionFailure(977)) - Retrying connect to server: localhost/127.0.0.1:12835. Already tried 9 time(s); retry policy is RetryUpToMaximumCountWithFixedSleep(maxRetries=15, sleepTime=1000 MILLISECONDS)
2021-11-26 01:29:03,856 [Listener at 127.0.0.1/10172] INFO  ozone.MiniOzoneClusterImpl (MiniOzoneClusterImpl.java:lambda$waitForClusterToBeReady$0(235)) - Nodes are ready. Got 3 of 3 DN Heartbeats.
2021-11-26 01:29:03,856 [Listener at 127.0.0.1/10172] INFO  ozone.MiniOzoneClusterImpl (MiniOzoneClusterImpl.java:lambda$waitForClusterToBeReady$0(238)) - Waiting for cluster to exit safe mode
2021-11-26 01:29:03,857 [Listener at 127.0.0.1/10172] INFO  ozone.MiniOzoneClusterImpl (MiniOzoneClusterImpl.java:lambda$waitForClusterToBeReady$0(240)) - SCM became leader
2021-11-26 01:29:03,881 [Datanode State Machine Daemon Thread] ERROR datanode.RunningDatanodeState (RunningDatanodeState.java:computeNextContainerState(199)) - Error in executing end point task.
java.util.concurrent.ExecutionException: java.util.concurrent.TimeoutException
	at java.util.concurrent.FutureTask.report(FutureTask.java:122)
	at java.util.concurrent.FutureTask.get(FutureTask.java:192)
	at org.apache.hadoop.ozone.container.common.states.datanode.RunningDatanodeState.computeNextContainerState(RunningDatanodeState.java:191)
	at org.apache.hadoop.ozone.container.common.states.datanode.RunningDatanodeState.await(RunningDatanodeState.java:231)
	at org.apache.hadoop.ozone.container.common.states.datanode.RunningDatanodeState.await(RunningDatanodeState.java:50)
	at org.apache.hadoop.ozone.container.common.statemachine.StateContext.execute(StateContext.java:633)
	at org.apache.hadoop.ozone.container.common.statemachine.DatanodeStateMachine.start(DatanodeStateMachine.java:280)
	at org.apache.hadoop.ozone.container.common.statemachine.DatanodeStateMachine.lambda$startDaemon$0(DatanodeStateMachine.java:468)
	at java.lang.Thread.run(Thread.java:748)
Caused by: java.util.concurrent.TimeoutException
	at java.util.concurrent.FutureTask.get(FutureTask.java:205)
	at org.apache.hadoop.ozone.container.common.states.datanode.RunningDatanodeState.lambda$execute$0(RunningDatanodeState.java:149)
	at java.util.concurrent.FutureTask.run(FutureTask.java:266)
	at java.util.concurrent.Executors$RunnableAdapter.call(Executors.java:511)
	at java.util.concurrent.FutureTask.run(FutureTask.java:266)
	at java.util.concurrent.ThreadPoolExecutor.runWorker(ThreadPoolExecutor.java:1149)
	at java.util.concurrent.ThreadPoolExecutor$Worker.run(ThreadPoolExecutor.java:624)
	... 1 more
2021-11-26 01:29:03,974 [Datanode State Machine Daemon Thread] ERROR datanode.RunningDatanodeState (RunningDatanodeState.java:computeNextContainerState(199)) - Error in executing end point task.
java.util.concurrent.ExecutionException: java.util.concurrent.TimeoutException
	at java.util.concurrent.FutureTask.report(FutureTask.java:122)
	at java.util.concurrent.FutureTask.get(FutureTask.java:192)
	at org.apache.hadoop.ozone.container.common.states.datanode.RunningDatanodeState.computeNextContainerState(RunningDatanodeState.java:191)
	at org.apache.hadoop.ozone.container.common.states.datanode.RunningDatanodeState.await(RunningDatanodeState.java:231)
	at org.apache.hadoop.ozone.container.common.states.datanode.RunningDatanodeState.await(RunningDatanodeState.java:50)
	at org.apache.hadoop.ozone.container.common.statemachine.StateContext.execute(StateContext.java:633)
	at org.apache.hadoop.ozone.container.common.statemachine.DatanodeStateMachine.start(DatanodeStateMachine.java:280)
	at org.apache.hadoop.ozone.container.common.statemachine.DatanodeStateMachine.lambda$startDaemon$0(DatanodeStateMachine.java:468)
	at java.lang.Thread.run(Thread.java:748)
Caused by: java.util.concurrent.TimeoutException
	at java.util.concurrent.FutureTask.get(FutureTask.java:205)
	at org.apache.hadoop.ozone.container.common.states.datanode.RunningDatanodeState.lambda$execute$0(RunningDatanodeState.java:149)
	at java.util.concurrent.FutureTask.run(FutureTask.java:266)
	at java.util.concurrent.Executors$RunnableAdapter.call(Executors.java:511)
	at java.util.concurrent.FutureTask.run(FutureTask.java:266)
	at java.util.concurrent.ThreadPoolExecutor.runWorker(ThreadPoolExecutor.java:1149)
	at java.util.concurrent.ThreadPoolExecutor$Worker.run(ThreadPoolExecutor.java:624)
	... 1 more
2021-11-26 01:29:03,980 [Command processor thread] INFO  server.RaftServer (RaftServerProxy.java:addNew(95)) - e868a3a3-c0d9-49f0-b374-aca42e6594e7: addNew group-1FD3FDC05509:[e868a3a3-c0d9-49f0-b374-aca42e6594e7|rpc:127.0.0.1:39195|priority:1] returns group-1FD3FDC05509:java.util.concurrent.CompletableFuture@2da9c421[Not completed]
2021-11-26 01:29:04,000 [pool-295-thread-1] INFO  server.RaftServer$Division (RaftServerImpl.java:<init>(184)) - e868a3a3-c0d9-49f0-b374-aca42e6594e7: new RaftServerImpl for group-1FD3FDC05509:[e868a3a3-c0d9-49f0-b374-aca42e6594e7|rpc:127.0.0.1:39195|priority:1] with ContainerStateMachine:uninitialized
2021-11-26 01:29:04,003 [pool-295-thread-1] INFO  server.RaftServerConfigKeys (ConfUtils.java:logGet(44)) - raft.server.rpc.timeout.min = 5s (custom)
2021-11-26 01:29:04,003 [pool-295-thread-1] INFO  server.RaftServerConfigKeys (ConfUtils.java:logGet(44)) - raft.server.rpc.timeout.max = 5200ms (custom)
2021-11-26 01:29:04,003 [pool-295-thread-1] INFO  server.RaftServerConfigKeys (ConfUtils.java:logGet(44)) - raft.server.rpc.sleep.time = 25ms (default)
2021-11-26 01:29:04,003 [pool-295-thread-1] INFO  server.RaftServerConfigKeys (ConfUtils.java:logGet(44)) - raft.server.rpc.slowness.timeout = 300s (custom)
2021-11-26 01:29:04,003 [pool-295-thread-1] INFO  server.RaftServerConfigKeys (ConfUtils.java:logGet(44)) - raft.server.leaderelection.leader.step-down.wait-time = 10s (default)
2021-11-26 01:29:04,003 [pool-295-thread-1] INFO  server.RaftServerConfigKeys (ConfUtils.java:logGet(44)) - raft.server.sleep.deviation.threshold = 300ms (default)
2021-11-26 01:29:04,003 [pool-295-thread-1] INFO  server.RaftServerConfigKeys (ConfUtils.java:logGet(44)) - raft.server.log.appender.install.snapshot.enabled = false (custom)
2021-11-26 01:29:04,003 [pool-295-thread-1] INFO  server.RaftServer$Division (ServerState.java:<init>(105)) - e868a3a3-c0d9-49f0-b374-aca42e6594e7@group-1FD3FDC05509: ConfigurationManager, init=-1: [e868a3a3-c0d9-49f0-b374-aca42e6594e7|rpc:127.0.0.1:39195|priority:1], old=null, confs=<EMPTY_MAP>
2021-11-26 01:29:04,004 [pool-295-thread-1] INFO  server.RaftServerConfigKeys (ConfUtils.java:logGet(44)) - raft.server.storage.dir = [/home/runner/work/ozone/ozone/hadoop-ozone/integration-test/target/test-dir/MiniOzoneClusterImpl-70e57338-dd19-42c4-b060-07a8ff5308af/datanode-0/data/ratis] (custom)
2021-11-26 01:29:04,004 [pool-295-thread-1] INFO  server.RaftServerConfigKeys (ConfUtils.java:logGet(44)) - raft.server.log.corruption.policy = EXCEPTION (default)
2021-11-26 01:29:04,004 [pool-295-thread-1] INFO  server.RaftServerConfigKeys (ConfUtils.java:logGet(44)) - raft.server.storage.free-space.min = 0MB (=0) (default)
2021-11-26 01:29:04,004 [pool-295-thread-1] INFO  storage.RaftStorageDirectory (RaftStorageDirectoryImpl.java:analyzeStorage(135)) - The storage directory /home/runner/work/ozone/ozone/hadoop-ozone/integration-test/target/test-dir/MiniOzoneClusterImpl-70e57338-dd19-42c4-b060-07a8ff5308af/datanode-0/data/ratis/a7ed2bd1-3e43-4cf5-b83f-1fd3fdc05509 does not exist. Creating ...
2021-11-26 01:29:04,011 [pool-295-thread-1] INFO  storage.RaftStorageDirectory (RaftStorageDirectoryImpl.java:tryLock(230)) - Lock on /home/runner/work/ozone/ozone/hadoop-ozone/integration-test/target/test-dir/MiniOzoneClusterImpl-70e57338-dd19-42c4-b060-07a8ff5308af/datanode-0/data/ratis/a7ed2bd1-3e43-4cf5-b83f-1fd3fdc05509/in_use.lock acquired by nodename 1239@fv-az151-301
2021-11-26 01:29:04,012 [pool-295-thread-1] INFO  storage.RaftStorage (RaftStorageImpl.java:format(89)) - Storage directory /home/runner/work/ozone/ozone/hadoop-ozone/integration-test/target/test-dir/MiniOzoneClusterImpl-70e57338-dd19-42c4-b060-07a8ff5308af/datanode-0/data/ratis/a7ed2bd1-3e43-4cf5-b83f-1fd3fdc05509 has been successfully formatted.
2021-11-26 01:29:04,013 [pool-295-thread-1] INFO  ratis.ContainerStateMachine (ContainerStateMachine.java:loadSnapshot(224)) - group-1FD3FDC05509: The snapshot info is null. Setting the last applied indexto:(t:0, i:~)
2021-11-26 01:29:04,013 [pool-295-thread-1] INFO  server.RaftServerConfigKeys (ConfUtils.java:logGet(44)) - raft.server.notification.no-leader.timeout = 300s (custom)
2021-11-26 01:29:04,013 [pool-295-thread-1] INFO  server.RaftServerConfigKeys (ConfUtils.java:logGet(44)) - raft.server.log.use.memory = false (default)
2021-11-26 01:29:04,013 [pool-295-thread-1] INFO  server.RaftServerConfigKeys (ConfUtils.java:logGet(44)) - raft.server.log.purge.gap = 1000000 (custom)
2021-11-26 01:29:04,013 [pool-295-thread-1] INFO  server.RaftServerConfigKeys (ConfUtils.java:logGet(44)) - raft.server.log.appender.buffer.byte-limit = 33554432 (custom)
2021-11-26 01:29:04,013 [pool-295-thread-1] INFO  server.RaftServerConfigKeys (ConfUtils.java:logGet(44)) - raft.server.log.segment.size.max = 1048576 (custom)
2021-11-26 01:29:04,014 [pool-295-thread-1] INFO  server.RaftServerConfigKeys (ConfUtils.java:logGet(44)) - raft.server.log.segment.cache.num.max = 2 (custom)
2021-11-26 01:29:04,014 [pool-295-thread-1] INFO  server.RaftServerConfigKeys (ConfUtils.java:logGet(44)) - raft.server.log.segment.cache.size.max = 200MB (=209715200) (default)
2021-11-26 01:29:04,014 [pool-295-thread-1] INFO  segmented.SegmentedRaftLogWorker (SegmentedRaftLogWorker.java:<init>(182)) - new e868a3a3-c0d9-49f0-b374-aca42e6594e7@group-1FD3FDC05509-SegmentedRaftLogWorker for RaftStorageImpl:Storage Directory /home/runner/work/ozone/ozone/hadoop-ozone/integration-test/target/test-dir/MiniOzoneClusterImpl-70e57338-dd19-42c4-b060-07a8ff5308af/datanode-0/data/ratis/a7ed2bd1-3e43-4cf5-b83f-1fd3fdc05509
2021-11-26 01:29:04,014 [pool-295-thread-1] INFO  server.RaftServerConfigKeys (ConfUtils.java:logGet(44)) - raft.server.log.queue.byte-limit = 2147483647 (custom)
2021-11-26 01:29:04,014 [pool-295-thread-1] INFO  server.RaftServerConfigKeys (ConfUtils.java:logGet(44)) - raft.server.log.queue.element-limit = 1024 (custom)
2021-11-26 01:29:04,014 [pool-295-thread-1] INFO  server.RaftServerConfigKeys (ConfUtils.java:logGet(44)) - raft.server.log.segment.size.max = 1048576 (custom)
2021-11-26 01:29:04,014 [pool-295-thread-1] INFO  server.RaftServerConfigKeys (ConfUtils.java:logGet(44)) - raft.server.log.preallocated.size = 16384 (custom)
2021-11-26 01:29:04,014 [pool-295-thread-1] INFO  server.RaftServerConfigKeys (ConfUtils.java:logGet(44)) - raft.server.log.force.sync.num = 128 (default)
2021-11-26 01:29:04,014 [pool-295-thread-1] INFO  server.RaftServerConfigKeys (ConfUtils.java:logGet(44)) - raft.server.log.statemachine.data.sync = true (default)
2021-11-26 01:29:04,014 [pool-295-thread-1] INFO  server.RaftServerConfigKeys (ConfUtils.java:logGet(44)) - raft.server.log.statemachine.data.sync.timeout = 10s (default)
2021-11-26 01:29:04,014 [pool-295-thread-1] INFO  server.RaftServerConfigKeys (ConfUtils.java:logGet(44)) - raft.server.log.statemachine.data.sync.timeout.retry = -1 (default)
2021-11-26 01:29:04,016 [pool-295-thread-1] INFO  server.RaftServerConfigKeys (ConfUtils.java:logGet(44)) - raft.server.log.write.buffer.size = 1048576 (custom)
2021-11-26 01:29:04,016 [EventQueue-PipelineReportForPipelineReportHandler] INFO  pipeline.PipelineManagerImpl (PipelineManagerImpl.java:openPipeline(289)) - Pipeline Pipeline[ Id: a7ed2bd1-3e43-4cf5-b83f-1fd3fdc05509, Nodes: e868a3a3-c0d9-49f0-b374-aca42e6594e7{ip: 127.0.0.1, host: localhost, ports: [REPLICATION=37139, RATIS=39195, RATIS_ADMIN=39195, RATIS_SERVER=39195, STANDALONE=35455], networkLocation: /default-rack, certSerialId: null, persistedOpState: IN_SERVICE, persistedOpStateExpiryEpochSec: 0}, ReplicationConfig: RATIS/ONE, State:ALLOCATED, leaderId:e868a3a3-c0d9-49f0-b374-aca42e6594e7, CreationTimestamp2021-11-26T01:29:00.985Z[Etc/UTC]] moved to OPEN state
2021-11-26 01:29:04,022 [EventQueue-PipelineReportForPipelineReportHandler] INFO  pipeline.PipelineManagerImpl (PipelineManagerImpl.java:openPipeline(289)) - Pipeline Pipeline[ Id: a7ed2bd1-3e43-4cf5-b83f-1fd3fdc05509, Nodes: e868a3a3-c0d9-49f0-b374-aca42e6594e7{ip: 127.0.0.1, host: localhost, ports: [REPLICATION=37139, RATIS=39195, RATIS_ADMIN=39195, RATIS_SERVER=39195, STANDALONE=35455], networkLocation: /default-rack, certSerialId: null, persistedOpState: IN_SERVICE, persistedOpStateExpiryEpochSec: 0}, ReplicationConfig: RATIS/ONE, State:ALLOCATED, leaderId:e868a3a3-c0d9-49f0-b374-aca42e6594e7, CreationTimestamp2021-11-26T01:29:00.985Z[Etc/UTC]] moved to OPEN state
2021-11-26 01:29:04,035 [pool-295-thread-1] INFO  server.RaftServerConfigKeys (ConfUtils.java:logGet(44)) - raft.server.log.statemachine.data.caching.enabled = true (custom)
2021-11-26 01:29:04,035 [EndpointStateMachine task thread for /127.0.0.1:15541 - 0 ] WARN  statemachine.EndpointStateMachine (EndpointStateMachine.java:logIfNeeded(236)) - Unable to communicate to SCM server at localhost:15541 for past 0 seconds.
java.net.SocketTimeoutException: Call From fv-az151-301/10.1.0.65 to localhost:15541 failed on socket timeout exception: java.net.SocketTimeoutException: 5000 millis timeout while waiting for channel to be ready for read. ch : java.nio.channels.SocketChannel[connected local=/127.0.0.1:59772 remote=/127.0.0.1:15541]; For more details see:  http://wiki.apache.org/hadoop/SocketTimeout
	at sun.reflect.GeneratedConstructorAccessor32.newInstance(Unknown Source)
	at sun.reflect.DelegatingConstructorAccessorImpl.newInstance(DelegatingConstructorAccessorImpl.java:45)
	at java.lang.reflect.Constructor.newInstance(Constructor.java:423)
	at org.apache.hadoop.net.NetUtils.wrapWithMessage(NetUtils.java:913)
	at org.apache.hadoop.net.NetUtils.wrapException(NetUtils.java:848)
	at org.apache.hadoop.ipc.Client.getRpcResponse(Client.java:1577)
	at org.apache.hadoop.ipc.Client.call(Client.java:1519)
	at org.apache.hadoop.ipc.Client.call(Client.java:1416)
	at org.apache.hadoop.ipc.ProtobufRpcEngine$Invoker.invoke(ProtobufRpcEngine.java:236)
	at org.apache.hadoop.ipc.ProtobufRpcEngine$Invoker.invoke(ProtobufRpcEngine.java:123)
	at com.sun.proxy.$Proxy48.submitRequest(Unknown Source)
	at org.apache.hadoop.ozone.protocolPB.StorageContainerDatanodeProtocolClientSideTranslatorPB.submitRequest(StorageContainerDatanodeProtocolClientSideTranslatorPB.java:117)
	at org.apache.hadoop.ozone.protocolPB.StorageContainerDatanodeProtocolClientSideTranslatorPB.getVersion(StorageContainerDatanodeProtocolClientSideTranslatorPB.java:133)
	at org.apache.hadoop.ozone.container.common.states.endpoint.VersionEndpointTask.call(VersionEndpointTask.java:71)
	at org.apache.hadoop.ozone.container.common.states.endpoint.VersionEndpointTask.call(VersionEndpointTask.java:42)
	at java.util.concurrent.FutureTask.run(FutureTask.java:266)
	at java.util.concurrent.ThreadPoolExecutor.runWorker(ThreadPoolExecutor.java:1149)
	at java.util.concurrent.ThreadPoolExecutor$Worker.run(ThreadPoolExecutor.java:624)
	at java.lang.Thread.run(Thread.java:748)
Caused by: java.net.SocketTimeoutException: 5000 millis timeout while waiting for channel to be ready for read. ch : java.nio.channels.SocketChannel[connected local=/127.0.0.1:59772 remote=/127.0.0.1:15541]
	at org.apache.hadoop.net.SocketIOWithTimeout.doIO(SocketIOWithTimeout.java:164)
	at org.apache.hadoop.net.SocketInputStream.read(SocketInputStream.java:161)
	at org.apache.hadoop.net.SocketInputStream.read(SocketInputStream.java:131)
	at java.io.FilterInputStream.read(FilterInputStream.java:133)
	at java.io.BufferedInputStream.fill(BufferedInputStream.java:246)
	at java.io.BufferedInputStream.read(BufferedInputStream.java:265)
	at java.io.FilterInputStream.read(FilterInputStream.java:83)
	at java.io.FilterInputStream.read(FilterInputStream.java:83)
	at org.apache.hadoop.ipc.Client$Connection$PingInputStream.read(Client.java:563)
	at java.io.DataInputStream.readInt(DataInputStream.java:387)
	at org.apache.hadoop.ipc.Client$IpcStreams.readResponse(Client.java:1892)
	at org.apache.hadoop.ipc.Client$Connection.receiveRpcResponse(Client.java:1202)
	at org.apache.hadoop.ipc.Client$Connection.run(Client.java:1098)
2021-11-26 01:29:04,035 [pool-295-thread-1] INFO  segmented.SegmentedRaftLogWorker (SegmentedRaftLogWorker.java:lambda$new$0(133)) - e868a3a3-c0d9-49f0-b374-aca42e6594e7@group-1FD3FDC05509-SegmentedRaftLogWorker: flushIndex: setUnconditionally 0 -> -1
2021-11-26 01:29:04,041 [pool-295-thread-1] INFO  segmented.SegmentedRaftLogWorker (SegmentedRaftLogWorker.java:lambda$new$0(133)) - e868a3a3-c0d9-49f0-b374-aca42e6594e7@group-1FD3FDC05509-SegmentedRaftLogWorker: safeCacheEvictIndex: setUnconditionally 0 -> -1
2021-11-26 01:29:04,042 [EndpointStateMachine task thread for /127.0.0.1:15541 - 0 ] WARN  statemachine.EndpointStateMachine (EndpointStateMachine.java:logIfNeeded(236)) - Unable to communicate to SCM server at 127.0.0.1:15541 for past 0 seconds.
java.net.SocketTimeoutException: Call From fv-az151-301/10.1.0.65 to localhost:15541 failed on socket timeout exception: java.net.SocketTimeoutException: 5000 millis timeout while waiting for channel to be ready for read. ch : java.nio.channels.SocketChannel[connected local=/127.0.0.1:59772 remote=/127.0.0.1:15541]; For more details see:  http://wiki.apache.org/hadoop/SocketTimeout
	at sun.reflect.GeneratedConstructorAccessor32.newInstance(Unknown Source)
	at sun.reflect.DelegatingConstructorAccessorImpl.newInstance(DelegatingConstructorAccessorImpl.java:45)
	at java.lang.reflect.Constructor.newInstance(Constructor.java:423)
	at org.apache.hadoop.net.NetUtils.wrapWithMessage(NetUtils.java:913)
	at org.apache.hadoop.net.NetUtils.wrapException(NetUtils.java:848)
	at org.apache.hadoop.ipc.Client.getRpcResponse(Client.java:1577)
	at org.apache.hadoop.ipc.Client.call(Client.java:1519)
	at org.apache.hadoop.ipc.Client.call(Client.java:1416)
	at org.apache.hadoop.ipc.ProtobufRpcEngine$Invoker.invoke(ProtobufRpcEngine.java:236)
	at org.apache.hadoop.ipc.ProtobufRpcEngine$Invoker.invoke(ProtobufRpcEngine.java:123)
	at com.sun.proxy.$Proxy48.submitRequest(Unknown Source)
	at org.apache.hadoop.ozone.protocolPB.StorageContainerDatanodeProtocolClientSideTranslatorPB.submitRequest(StorageContainerDatanodeProtocolClientSideTranslatorPB.java:117)
	at org.apache.hadoop.ozone.protocolPB.StorageContainerDatanodeProtocolClientSideTranslatorPB.getVersion(StorageContainerDatanodeProtocolClientSideTranslatorPB.java:133)
	at org.apache.hadoop.ozone.container.common.states.endpoint.VersionEndpointTask.call(VersionEndpointTask.java:71)
	at org.apache.hadoop.ozone.container.common.states.endpoint.VersionEndpointTask.call(VersionEndpointTask.java:42)
	at java.util.concurrent.FutureTask.run(FutureTask.java:266)
	at java.util.concurrent.ThreadPoolExecutor.runWorker(ThreadPoolExecutor.java:1149)
	at java.util.concurrent.ThreadPoolExecutor$Worker.run(ThreadPoolExecutor.java:624)
	at java.lang.Thread.run(Thread.java:748)
Caused by: java.net.SocketTimeoutException: 5000 millis timeout while waiting for channel to be ready for read. ch : java.nio.channels.SocketChannel[connected local=/127.0.0.1:59772 remote=/127.0.0.1:15541]
	at org.apache.hadoop.net.SocketIOWithTimeout.doIO(SocketIOWithTimeout.java:164)
	at org.apache.hadoop.net.SocketInputStream.read(SocketInputStream.java:161)
	at org.apache.hadoop.net.SocketInputStream.read(SocketInputStream.java:131)
	at java.io.FilterInputStream.read(FilterInputStream.java:133)
	at java.io.BufferedInputStream.fill(BufferedInputStream.java:246)
	at java.io.BufferedInputStream.read(BufferedInputStream.java:265)
	at java.io.FilterInputStream.read(FilterInputStream.java:83)
	at java.io.FilterInputStream.read(FilterInputStream.java:83)
	at org.apache.hadoop.ipc.Client$Connection$PingInputStream.read(Client.java:563)
	at java.io.DataInputStream.readInt(DataInputStream.java:387)
	at org.apache.hadoop.ipc.Client$IpcStreams.readResponse(Client.java:1892)
	at org.apache.hadoop.ipc.Client$Connection.receiveRpcResponse(Client.java:1202)
	at org.apache.hadoop.ipc.Client$Connection.run(Client.java:1098)
2021-11-26 01:29:04,048 [EndpointStateMachine task thread for /127.0.0.1:15541 - 0 ] WARN  statemachine.EndpointStateMachine (EndpointStateMachine.java:logIfNeeded(236)) - Unable to communicate to SCM server at 127.0.0.1:15541 for past 0 seconds.
java.net.SocketTimeoutException: Call From fv-az151-301/10.1.0.65 to localhost:15541 failed on socket timeout exception: java.net.SocketTimeoutException: 5000 millis timeout while waiting for channel to be ready for read. ch : java.nio.channels.SocketChannel[connected local=/127.0.0.1:59772 remote=/127.0.0.1:15541]; For more details see:  http://wiki.apache.org/hadoop/SocketTimeout
	at sun.reflect.GeneratedConstructorAccessor32.newInstance(Unknown Source)
	at sun.reflect.DelegatingConstructorAccessorImpl.newInstance(DelegatingConstructorAccessorImpl.java:45)
	at java.lang.reflect.Constructor.newInstance(Constructor.java:423)
	at org.apache.hadoop.net.NetUtils.wrapWithMessage(NetUtils.java:913)
	at org.apache.hadoop.net.NetUtils.wrapException(NetUtils.java:848)
	at org.apache.hadoop.ipc.Client.getRpcResponse(Client.java:1577)
	at org.apache.hadoop.ipc.Client.call(Client.java:1519)
	at org.apache.hadoop.ipc.Client.call(Client.java:1416)
	at org.apache.hadoop.ipc.ProtobufRpcEngine$Invoker.invoke(ProtobufRpcEngine.java:236)
	at org.apache.hadoop.ipc.ProtobufRpcEngine$Invoker.invoke(ProtobufRpcEngine.java:123)
	at com.sun.proxy.$Proxy48.submitRequest(Unknown Source)
	at org.apache.hadoop.ozone.protocolPB.StorageContainerDatanodeProtocolClientSideTranslatorPB.submitRequest(StorageContainerDatanodeProtocolClientSideTranslatorPB.java:117)
	at org.apache.hadoop.ozone.protocolPB.StorageContainerDatanodeProtocolClientSideTranslatorPB.getVersion(StorageContainerDatanodeProtocolClientSideTranslatorPB.java:133)
	at org.apache.hadoop.ozone.container.common.states.endpoint.VersionEndpointTask.call(VersionEndpointTask.java:71)
	at org.apache.hadoop.ozone.container.common.states.endpoint.VersionEndpointTask.call(VersionEndpointTask.java:42)
	at java.util.concurrent.FutureTask.run(FutureTask.java:266)
	at java.util.concurrent.ThreadPoolExecutor.runWorker(ThreadPoolExecutor.java:1149)
	at java.util.concurrent.ThreadPoolExecutor$Worker.run(ThreadPoolExecutor.java:624)
	at java.lang.Thread.run(Thread.java:748)
Caused by: java.net.SocketTimeoutException: 5000 millis timeout while waiting for channel to be ready for read. ch : java.nio.channels.SocketChannel[connected local=/127.0.0.1:59772 remote=/127.0.0.1:15541]
	at org.apache.hadoop.net.SocketIOWithTimeout.doIO(SocketIOWithTimeout.java:164)
	at org.apache.hadoop.net.SocketInputStream.read(SocketInputStream.java:161)
	at org.apache.hadoop.net.SocketInputStream.read(SocketInputStream.java:131)
	at java.io.FilterInputStream.read(FilterInputStream.java:133)
	at java.io.BufferedInputStream.fill(BufferedInputStream.java:246)
	at java.io.BufferedInputStream.read(BufferedInputStream.java:265)
	at java.io.FilterInputStream.read(FilterInputStream.java:83)
	at java.io.FilterInputStream.read(FilterInputStream.java:83)
	at org.apache.hadoop.ipc.Client$Connection$PingInputStream.read(Client.java:563)
	at java.io.DataInputStream.readInt(DataInputStream.java:387)
	at org.apache.hadoop.ipc.Client$IpcStreams.readResponse(Client.java:1892)
	at org.apache.hadoop.ipc.Client$Connection.receiveRpcResponse(Client.java:1202)
	at org.apache.hadoop.ipc.Client$Connection.run(Client.java:1098)
2021-11-26 01:29:04,055 [pool-295-thread-1] INFO  server.RaftServerConfigKeys (ConfUtils.java:logGet(44)) - raft.server.snapshot.auto.trigger.enabled = true (custom)
2021-11-26 01:29:04,055 [pool-295-thread-1] INFO  server.RaftServerConfigKeys (ConfUtils.java:logGet(44)) - raft.server.snapshot.auto.trigger.threshold = 10000 (custom)
2021-11-26 01:29:04,055 [pool-295-thread-1] INFO  server.RaftServerConfigKeys (ConfUtils.java:logGet(44)) - raft.server.snapshot.retention.file.num = 5 (custom)
2021-11-26 01:29:04,055 [pool-295-thread-1] INFO  server.RaftServerConfigKeys (ConfUtils.java:logGet(44)) - raft.server.log.purge.upto.snapshot.index = false (default)
2021-11-26 01:29:04,056 [pool-295-thread-1] INFO  server.RaftServerConfigKeys (ConfUtils.java:logGet(44)) - raft.server.retrycache.expirytime = 600000ms (custom)
2021-11-26 01:29:04,056 [pool-295-thread-1] INFO  server.RaftServerConfigKeys (ConfUtils.java:logGet(44)) - raft.server.retrycache.statistics.expirytime = 100μs (default)
2021-11-26 01:29:04,057 [pool-295-thread-1] INFO  server.RaftServer$Division (RaftServerImpl.java:start(301)) - e868a3a3-c0d9-49f0-b374-aca42e6594e7@group-1FD3FDC05509: start as a follower, conf=-1: [e868a3a3-c0d9-49f0-b374-aca42e6594e7|rpc:127.0.0.1:39195|priority:1], old=null
2021-11-26 01:29:04,057 [pool-295-thread-1] INFO  server.RaftServer$Division (RaftServerImpl.java:setRole(290)) - e868a3a3-c0d9-49f0-b374-aca42e6594e7@group-1FD3FDC05509: changes role from      null to FOLLOWER at term 0 for startAsFollower
2021-11-26 01:29:04,057 [pool-295-thread-1] INFO  impl.RoleInfo (RoleInfo.java:updateAndGet(130)) - e868a3a3-c0d9-49f0-b374-aca42e6594e7: start e868a3a3-c0d9-49f0-b374-aca42e6594e7@group-1FD3FDC05509-FollowerState
2021-11-26 01:29:04,057 [pool-295-thread-1] INFO  util.JmxRegister (JmxRegister.java:tryRegister(44)) - Successfully registered JMX Bean with object name Ratis:service=RaftServer,group=group-1FD3FDC05509,id=e868a3a3-c0d9-49f0-b374-aca42e6594e7
2021-11-26 01:29:04,066 [ec3f45f6-a064-4412-8226-4654181b7e55@group-07A8FF5308AF-StateMachineUpdater] INFO  safemode.HealthyPipelineSafeModeRule (HealthyPipelineSafeModeRule.java:initializeRule(152)) - Refreshed total pipeline count is 0, healthy pipeline threshold count is 1
2021-11-26 01:29:04,068 [EventQueue-PipelineReportForPipelineReportHandler] INFO  ha.SCMHAInvocationHandler (SCMHAInvocationHandler.java:invokeRatis(113)) - Invoking method public abstract void org.apache.hadoop.hdds.scm.pipeline.PipelineStateManager.updatePipelineState(org.apache.hadoop.hdds.protocol.proto.HddsProtos$PipelineID,org.apache.hadoop.hdds.protocol.proto.HddsProtos$PipelineState) throws java.io.IOException on target org.apache.hadoop.hdds.scm.ha.SCMRatisServerImpl@7131fc1, cost 51686.058us
2021-11-26 01:29:04,071 [EventQueue-PipelineReportForPipelineReportHandler] INFO  ha.SCMHAInvocationHandler (SCMHAInvocationHandler.java:invokeRatis(113)) - Invoking method public abstract void org.apache.hadoop.hdds.scm.pipeline.PipelineStateManager.updatePipelineState(org.apache.hadoop.hdds.protocol.proto.HddsProtos$PipelineID,org.apache.hadoop.hdds.protocol.proto.HddsProtos$PipelineState) throws java.io.IOException on target org.apache.hadoop.hdds.scm.ha.SCMRatisServerImpl@6c58e33f, cost 48959.534us
2021-11-26 01:29:04,072 [878f4670-2ce0-4ee1-8021-0f5a1e33ae40@group-07A8FF5308AF-StateMachineUpdater] INFO  safemode.HealthyPipelineSafeModeRule (HealthyPipelineSafeModeRule.java:initializeRule(152)) - Refreshed total pipeline count is 0, healthy pipeline threshold count is 1
2021-11-26 01:29:04,084 [Command processor thread] INFO  ratis.XceiverServerRatis (XceiverServerRatis.java:addGroup(768)) - Created group PipelineID=a7ed2bd1-3e43-4cf5-b83f-1fd3fdc05509
2021-11-26 01:29:04,084 [Command processor thread] INFO  commandhandler.CreatePipelineCommandHandler (CreatePipelineCommandHandler.java:handle(106)) - Created Pipeline RATIS ONE PipelineID=a7ed2bd1-3e43-4cf5-b83f-1fd3fdc05509.
2021-11-26 01:29:04,084 [Command processor thread] INFO  server.RaftServer (RaftServerProxy.java:addNew(95)) - e868a3a3-c0d9-49f0-b374-aca42e6594e7: addNew group-904FFB5E5D13:[e6079862-fe37-43a4-a998-6eeab30b5c75|rpc:127.0.0.1:44915|priority:0, fa9a63ae-dfc0-4823-af2f-f478aed93153|rpc:127.0.0.1:42615|priority:0, e868a3a3-c0d9-49f0-b374-aca42e6594e7|rpc:127.0.0.1:39195|priority:1] returns group-904FFB5E5D13:java.util.concurrent.CompletableFuture@2996554c[Not completed]
2021-11-26 01:29:04,085 [pool-295-thread-1] INFO  server.RaftServer$Division (RaftServerImpl.java:<init>(184)) - e868a3a3-c0d9-49f0-b374-aca42e6594e7: new RaftServerImpl for group-904FFB5E5D13:[e6079862-fe37-43a4-a998-6eeab30b5c75|rpc:127.0.0.1:44915|priority:0, fa9a63ae-dfc0-4823-af2f-f478aed93153|rpc:127.0.0.1:42615|priority:0, e868a3a3-c0d9-49f0-b374-aca42e6594e7|rpc:127.0.0.1:39195|priority:1] with ContainerStateMachine:uninitialized
2021-11-26 01:29:04,085 [pool-295-thread-1] INFO  server.RaftServerConfigKeys (ConfUtils.java:logGet(44)) - raft.server.rpc.timeout.min = 5s (custom)
2021-11-26 01:29:04,085 [pool-295-thread-1] INFO  server.RaftServerConfigKeys (ConfUtils.java:logGet(44)) - raft.server.rpc.timeout.max = 5200ms (custom)
2021-11-26 01:29:04,085 [pool-295-thread-1] INFO  server.RaftServerConfigKeys (ConfUtils.java:logGet(44)) - raft.server.rpc.sleep.time = 25ms (default)
2021-11-26 01:29:04,086 [pool-295-thread-1] INFO  server.RaftServerConfigKeys (ConfUtils.java:logGet(44)) - raft.server.rpc.slowness.timeout = 300s (custom)
2021-11-26 01:29:04,086 [pool-295-thread-1] INFO  server.RaftServerConfigKeys (ConfUtils.java:logGet(44)) - raft.server.leaderelection.leader.step-down.wait-time = 10s (default)
2021-11-26 01:29:04,086 [pool-295-thread-1] INFO  server.RaftServerConfigKeys (ConfUtils.java:logGet(44)) - raft.server.sleep.deviation.threshold = 300ms (default)
2021-11-26 01:29:04,086 [pool-295-thread-1] INFO  server.RaftServerConfigKeys (ConfUtils.java:logGet(44)) - raft.server.log.appender.install.snapshot.enabled = false (custom)
2021-11-26 01:29:04,086 [pool-295-thread-1] INFO  server.RaftServer$Division (ServerState.java:<init>(105)) - e868a3a3-c0d9-49f0-b374-aca42e6594e7@group-904FFB5E5D13: ConfigurationManager, init=-1: [e6079862-fe37-43a4-a998-6eeab30b5c75|rpc:127.0.0.1:44915|priority:0, fa9a63ae-dfc0-4823-af2f-f478aed93153|rpc:127.0.0.1:42615|priority:0, e868a3a3-c0d9-49f0-b374-aca42e6594e7|rpc:127.0.0.1:39195|priority:1], old=null, confs=<EMPTY_MAP>
2021-11-26 01:29:04,086 [pool-295-thread-1] INFO  server.RaftServerConfigKeys (ConfUtils.java:logGet(44)) - raft.server.storage.dir = [/home/runner/work/ozone/ozone/hadoop-ozone/integration-test/target/test-dir/MiniOzoneClusterImpl-70e57338-dd19-42c4-b060-07a8ff5308af/datanode-0/data/ratis] (custom)
2021-11-26 01:29:04,086 [pool-295-thread-1] INFO  server.RaftServerConfigKeys (ConfUtils.java:logGet(44)) - raft.server.log.corruption.policy = EXCEPTION (default)
2021-11-26 01:29:04,086 [pool-295-thread-1] INFO  server.RaftServerConfigKeys (ConfUtils.java:logGet(44)) - raft.server.storage.free-space.min = 0MB (=0) (default)
2021-11-26 01:29:04,086 [pool-295-thread-1] INFO  storage.RaftStorageDirectory (RaftStorageDirectoryImpl.java:analyzeStorage(135)) - The storage directory /home/runner/work/ozone/ozone/hadoop-ozone/integration-test/target/test-dir/MiniOzoneClusterImpl-70e57338-dd19-42c4-b060-07a8ff5308af/datanode-0/data/ratis/ae48aee9-96af-4f39-b445-904ffb5e5d13 does not exist. Creating ...
2021-11-26 01:29:04,090 [EventQueue-OpenPipelineForHealthyPipelineSafeModeRule] INFO  safemode.SCMSafeModeManager (HealthyPipelineSafeModeRule.java:process(124)) - SCM in safe mode. Healthy pipelines reported count is 0, required healthy pipeline reported count is 1
2021-11-26 01:29:04,090 [pool-295-thread-1] INFO  storage.RaftStorageDirectory (RaftStorageDirectoryImpl.java:tryLock(230)) - Lock on /home/runner/work/ozone/ozone/hadoop-ozone/integration-test/target/test-dir/MiniOzoneClusterImpl-70e57338-dd19-42c4-b060-07a8ff5308af/datanode-0/data/ratis/ae48aee9-96af-4f39-b445-904ffb5e5d13/in_use.lock acquired by nodename 1239@fv-az151-301
2021-11-26 01:29:04,091 [pool-295-thread-1] INFO  storage.RaftStorage (RaftStorageImpl.java:format(89)) - Storage directory /home/runner/work/ozone/ozone/hadoop-ozone/integration-test/target/test-dir/MiniOzoneClusterImpl-70e57338-dd19-42c4-b060-07a8ff5308af/datanode-0/data/ratis/ae48aee9-96af-4f39-b445-904ffb5e5d13 has been successfully formatted.
2021-11-26 01:29:04,092 [pool-295-thread-1] INFO  ratis.ContainerStateMachine (ContainerStateMachine.java:loadSnapshot(224)) - group-904FFB5E5D13: The snapshot info is null. Setting the last applied indexto:(t:0, i:~)
2021-11-26 01:29:04,092 [pool-295-thread-1] INFO  server.RaftServerConfigKeys (ConfUtils.java:logGet(44)) - raft.server.notification.no-leader.timeout = 300s (custom)
2021-11-26 01:29:04,092 [pool-295-thread-1] INFO  server.RaftServerConfigKeys (ConfUtils.java:logGet(44)) - raft.server.log.use.memory = false (default)
2021-11-26 01:29:04,092 [pool-295-thread-1] INFO  server.RaftServerConfigKeys (ConfUtils.java:logGet(44)) - raft.server.log.purge.gap = 1000000 (custom)
2021-11-26 01:29:04,092 [pool-295-thread-1] INFO  server.RaftServerConfigKeys (ConfUtils.java:logGet(44)) - raft.server.log.appender.buffer.byte-limit = 33554432 (custom)
2021-11-26 01:29:04,092 [pool-295-thread-1] INFO  server.RaftServerConfigKeys (ConfUtils.java:logGet(44)) - raft.server.log.segment.size.max = 1048576 (custom)
2021-11-26 01:29:04,093 [pool-295-thread-1] INFO  server.RaftServerConfigKeys (ConfUtils.java:logGet(44)) - raft.server.log.segment.cache.num.max = 2 (custom)
2021-11-26 01:29:04,093 [pool-295-thread-1] INFO  server.RaftServerConfigKeys (ConfUtils.java:logGet(44)) - raft.server.log.segment.cache.size.max = 200MB (=209715200) (default)
2021-11-26 01:29:04,093 [pool-295-thread-1] INFO  segmented.SegmentedRaftLogWorker (SegmentedRaftLogWorker.java:<init>(182)) - new e868a3a3-c0d9-49f0-b374-aca42e6594e7@group-904FFB5E5D13-SegmentedRaftLogWorker for RaftStorageImpl:Storage Directory /home/runner/work/ozone/ozone/hadoop-ozone/integration-test/target/test-dir/MiniOzoneClusterImpl-70e57338-dd19-42c4-b060-07a8ff5308af/datanode-0/data/ratis/ae48aee9-96af-4f39-b445-904ffb5e5d13
2021-11-26 01:29:04,093 [pool-295-thread-1] INFO  server.RaftServerConfigKeys (ConfUtils.java:logGet(44)) - raft.server.log.queue.byte-limit = 2147483647 (custom)
2021-11-26 01:29:04,093 [pool-295-thread-1] INFO  server.RaftServerConfigKeys (ConfUtils.java:logGet(44)) - raft.server.log.queue.element-limit = 1024 (custom)
2021-11-26 01:29:04,093 [pool-295-thread-1] INFO  server.RaftServerConfigKeys (ConfUtils.java:logGet(44)) - raft.server.log.segment.size.max = 1048576 (custom)
2021-11-26 01:29:04,093 [pool-295-thread-1] INFO  server.RaftServerConfigKeys (ConfUtils.java:logGet(44)) - raft.server.log.preallocated.size = 16384 (custom)
2021-11-26 01:29:04,093 [pool-295-thread-1] INFO  server.RaftServerConfigKeys (ConfUtils.java:logGet(44)) - raft.server.log.force.sync.num = 128 (default)
2021-11-26 01:29:04,093 [pool-295-thread-1] INFO  server.RaftServerConfigKeys (ConfUtils.java:logGet(44)) - raft.server.log.statemachine.data.sync = true (default)
2021-11-26 01:29:04,093 [pool-295-thread-1] INFO  server.RaftServerConfigKeys (ConfUtils.java:logGet(44)) - raft.server.log.statemachine.data.sync.timeout = 10s (default)
2021-11-26 01:29:04,093 [pool-295-thread-1] INFO  server.RaftServerConfigKeys (ConfUtils.java:logGet(44)) - raft.server.log.statemachine.data.sync.timeout.retry = -1 (default)
2021-11-26 01:29:04,094 [pool-295-thread-1] INFO  server.RaftServerConfigKeys (ConfUtils.java:logGet(44)) - raft.server.log.write.buffer.size = 1048576 (custom)
2021-11-26 01:29:04,095 [pool-295-thread-1] INFO  server.RaftServerConfigKeys (ConfUtils.java:logGet(44)) - raft.server.log.statemachine.data.caching.enabled = true (custom)
2021-11-26 01:29:04,095 [pool-295-thread-1] INFO  segmented.SegmentedRaftLogWorker (SegmentedRaftLogWorker.java:lambda$new$0(133)) - e868a3a3-c0d9-49f0-b374-aca42e6594e7@group-904FFB5E5D13-SegmentedRaftLogWorker: flushIndex: setUnconditionally 0 -> -1
2021-11-26 01:29:04,095 [pool-295-thread-1] INFO  segmented.SegmentedRaftLogWorker (SegmentedRaftLogWorker.java:lambda$new$0(133)) - e868a3a3-c0d9-49f0-b374-aca42e6594e7@group-904FFB5E5D13-SegmentedRaftLogWorker: safeCacheEvictIndex: setUnconditionally 0 -> -1
2021-11-26 01:29:04,099 [EventQueue-OpenPipelineForHealthyPipelineSafeModeRule] INFO  safemode.SCMSafeModeManager (HealthyPipelineSafeModeRule.java:process(124)) - SCM in safe mode. Healthy pipelines reported count is 0, required healthy pipeline reported count is 1
2021-11-26 01:29:04,112 [pool-295-thread-1] INFO  server.RaftServerConfigKeys (ConfUtils.java:logGet(44)) - raft.server.snapshot.auto.trigger.enabled = true (custom)
2021-11-26 01:29:04,112 [pool-295-thread-1] INFO  server.RaftServerConfigKeys (ConfUtils.java:logGet(44)) - raft.server.snapshot.auto.trigger.threshold = 10000 (custom)
2021-11-26 01:29:04,112 [pool-295-thread-1] INFO  server.RaftServerConfigKeys (ConfUtils.java:logGet(44)) - raft.server.snapshot.retention.file.num = 5 (custom)
2021-11-26 01:29:04,112 [pool-295-thread-1] INFO  server.RaftServerConfigKeys (ConfUtils.java:logGet(44)) - raft.server.log.purge.upto.snapshot.index = false (default)
2021-11-26 01:29:04,112 [pool-295-thread-1] INFO  server.RaftServerConfigKeys (ConfUtils.java:logGet(44)) - raft.server.retrycache.expirytime = 600000ms (custom)
2021-11-26 01:29:04,112 [pool-295-thread-1] INFO  server.RaftServerConfigKeys (ConfUtils.java:logGet(44)) - raft.server.retrycache.statistics.expirytime = 100μs (default)
2021-11-26 01:29:04,114 [pool-295-thread-1] INFO  server.RaftServer$Division (RaftServerImpl.java:start(301)) - e868a3a3-c0d9-49f0-b374-aca42e6594e7@group-904FFB5E5D13: start as a follower, conf=-1: [e6079862-fe37-43a4-a998-6eeab30b5c75|rpc:127.0.0.1:44915|priority:0, fa9a63ae-dfc0-4823-af2f-f478aed93153|rpc:127.0.0.1:42615|priority:0, e868a3a3-c0d9-49f0-b374-aca42e6594e7|rpc:127.0.0.1:39195|priority:1], old=null
2021-11-26 01:29:04,114 [pool-295-thread-1] INFO  server.RaftServer$Division (RaftServerImpl.java:setRole(290)) - e868a3a3-c0d9-49f0-b374-aca42e6594e7@group-904FFB5E5D13: changes role from      null to FOLLOWER at term 0 for startAsFollower
2021-11-26 01:29:04,114 [pool-295-thread-1] INFO  impl.RoleInfo (RoleInfo.java:updateAndGet(130)) - e868a3a3-c0d9-49f0-b374-aca42e6594e7: start e868a3a3-c0d9-49f0-b374-aca42e6594e7@group-904FFB5E5D13-FollowerState
2021-11-26 01:29:04,124 [pool-295-thread-1] INFO  util.JmxRegister (JmxRegister.java:tryRegister(44)) - Successfully registered JMX Bean with object name Ratis:service=RaftServer,group=group-904FFB5E5D13,id=e868a3a3-c0d9-49f0-b374-aca42e6594e7
2021-11-26 01:29:04,135 [EventQueue-OpenPipelineForHealthyPipelineSafeModeRule] INFO  safemode.SCMSafeModeManager (HealthyPipelineSafeModeRule.java:process(124)) - SCM in safe mode. Healthy pipelines reported count is 0, required healthy pipeline reported count is 1
2021-11-26 01:29:04,136 [Command processor thread] INFO  ratis.XceiverServerRatis (XceiverServerRatis.java:addGroup(768)) - Created group PipelineID=ae48aee9-96af-4f39-b445-904ffb5e5d13
2021-11-26 01:29:04,160 [grpc-default-executor-2] INFO  server.RaftServer (RaftServerProxy.java:addNew(95)) - fa9a63ae-dfc0-4823-af2f-f478aed93153: addNew group-904FFB5E5D13:[e6079862-fe37-43a4-a998-6eeab30b5c75|rpc:127.0.0.1:44915|dataStream:|priority:0, fa9a63ae-dfc0-4823-af2f-f478aed93153|rpc:127.0.0.1:42615|dataStream:|priority:0, e868a3a3-c0d9-49f0-b374-aca42e6594e7|rpc:127.0.0.1:39195|dataStream:|priority:1] returns group-904FFB5E5D13:java.util.concurrent.CompletableFuture@5af72d71[Not completed]
2021-11-26 01:29:04,181 [pool-337-thread-1] INFO  server.RaftServer$Division (RaftServerImpl.java:<init>(184)) - fa9a63ae-dfc0-4823-af2f-f478aed93153: new RaftServerImpl for group-904FFB5E5D13:[e6079862-fe37-43a4-a998-6eeab30b5c75|rpc:127.0.0.1:44915|dataStream:|priority:0, fa9a63ae-dfc0-4823-af2f-f478aed93153|rpc:127.0.0.1:42615|dataStream:|priority:0, e868a3a3-c0d9-49f0-b374-aca42e6594e7|rpc:127.0.0.1:39195|dataStream:|priority:1] with ContainerStateMachine:uninitialized
2021-11-26 01:29:04,182 [pool-337-thread-1] INFO  server.RaftServerConfigKeys (ConfUtils.java:logGet(44)) - raft.server.rpc.timeout.min = 5s (custom)
2021-11-26 01:29:04,183 [pool-337-thread-1] INFO  server.RaftServerConfigKeys (ConfUtils.java:logGet(44)) - raft.server.rpc.timeout.max = 5200ms (custom)
2021-11-26 01:29:04,183 [pool-337-thread-1] INFO  server.RaftServerConfigKeys (ConfUtils.java:logGet(44)) - raft.server.rpc.sleep.time = 25ms (default)
2021-11-26 01:29:04,183 [pool-337-thread-1] INFO  server.RaftServerConfigKeys (ConfUtils.java:logGet(44)) - raft.server.rpc.slowness.timeout = 300s (custom)
2021-11-26 01:29:04,183 [pool-337-thread-1] INFO  server.RaftServerConfigKeys (ConfUtils.java:logGet(44)) - raft.server.leaderelection.leader.step-down.wait-time = 10s (default)
2021-11-26 01:29:04,183 [pool-337-thread-1] INFO  server.RaftServerConfigKeys (ConfUtils.java:logGet(44)) - raft.server.sleep.deviation.threshold = 300ms (default)
2021-11-26 01:29:04,183 [pool-337-thread-1] INFO  server.RaftServerConfigKeys (ConfUtils.java:logGet(44)) - raft.server.log.appender.install.snapshot.enabled = false (custom)
2021-11-26 01:29:04,183 [pool-337-thread-1] INFO  server.RaftServer$Division (ServerState.java:<init>(105)) - fa9a63ae-dfc0-4823-af2f-f478aed93153@group-904FFB5E5D13: ConfigurationManager, init=-1: [e6079862-fe37-43a4-a998-6eeab30b5c75|rpc:127.0.0.1:44915|dataStream:|priority:0, fa9a63ae-dfc0-4823-af2f-f478aed93153|rpc:127.0.0.1:42615|dataStream:|priority:0, e868a3a3-c0d9-49f0-b374-aca42e6594e7|rpc:127.0.0.1:39195|dataStream:|priority:1], old=null, confs=<EMPTY_MAP>
2021-11-26 01:29:04,183 [pool-337-thread-1] INFO  server.RaftServerConfigKeys (ConfUtils.java:logGet(44)) - raft.server.storage.dir = [/home/runner/work/ozone/ozone/hadoop-ozone/integration-test/target/test-dir/MiniOzoneClusterImpl-70e57338-dd19-42c4-b060-07a8ff5308af/datanode-2/data/ratis] (custom)
2021-11-26 01:29:04,183 [pool-337-thread-1] INFO  server.RaftServerConfigKeys (ConfUtils.java:logGet(44)) - raft.server.log.corruption.policy = EXCEPTION (default)
2021-11-26 01:29:04,183 [pool-337-thread-1] INFO  server.RaftServerConfigKeys (ConfUtils.java:logGet(44)) - raft.server.storage.free-space.min = 0MB (=0) (default)
2021-11-26 01:29:04,183 [pool-337-thread-1] INFO  storage.RaftStorageDirectory (RaftStorageDirectoryImpl.java:analyzeStorage(135)) - The storage directory /home/runner/work/ozone/ozone/hadoop-ozone/integration-test/target/test-dir/MiniOzoneClusterImpl-70e57338-dd19-42c4-b060-07a8ff5308af/datanode-2/data/ratis/ae48aee9-96af-4f39-b445-904ffb5e5d13 does not exist. Creating ...
2021-11-26 01:29:04,184 [pool-337-thread-1] INFO  storage.RaftStorageDirectory (RaftStorageDirectoryImpl.java:tryLock(230)) - Lock on /home/runner/work/ozone/ozone/hadoop-ozone/integration-test/target/test-dir/MiniOzoneClusterImpl-70e57338-dd19-42c4-b060-07a8ff5308af/datanode-2/data/ratis/ae48aee9-96af-4f39-b445-904ffb5e5d13/in_use.lock acquired by nodename 1239@fv-az151-301
2021-11-26 01:29:04,185 [pool-337-thread-1] INFO  storage.RaftStorage (RaftStorageImpl.java:format(89)) - Storage directory /home/runner/work/ozone/ozone/hadoop-ozone/integration-test/target/test-dir/MiniOzoneClusterImpl-70e57338-dd19-42c4-b060-07a8ff5308af/datanode-2/data/ratis/ae48aee9-96af-4f39-b445-904ffb5e5d13 has been successfully formatted.
2021-11-26 01:29:04,186 [pool-337-thread-1] INFO  ratis.ContainerStateMachine (ContainerStateMachine.java:loadSnapshot(224)) - group-904FFB5E5D13: The snapshot info is null. Setting the last applied indexto:(t:0, i:~)
2021-11-26 01:29:04,186 [pool-337-thread-1] INFO  server.RaftServerConfigKeys (ConfUtils.java:logGet(44)) - raft.server.notification.no-leader.timeout = 300s (custom)
2021-11-26 01:29:04,186 [pool-337-thread-1] INFO  server.RaftServerConfigKeys (ConfUtils.java:logGet(44)) - raft.server.log.use.memory = false (default)
2021-11-26 01:29:04,186 [pool-337-thread-1] INFO  server.RaftServerConfigKeys (ConfUtils.java:logGet(44)) - raft.server.log.purge.gap = 1000000 (custom)
2021-11-26 01:29:04,186 [pool-337-thread-1] INFO  server.RaftServerConfigKeys (ConfUtils.java:logGet(44)) - raft.server.log.appender.buffer.byte-limit = 33554432 (custom)
2021-11-26 01:29:04,186 [pool-337-thread-1] INFO  server.RaftServerConfigKeys (ConfUtils.java:logGet(44)) - raft.server.log.segment.size.max = 1048576 (custom)
2021-11-26 01:29:04,187 [pool-337-thread-1] INFO  server.RaftServerConfigKeys (ConfUtils.java:logGet(44)) - raft.server.log.segment.cache.num.max = 2 (custom)
2021-11-26 01:29:04,187 [pool-337-thread-1] INFO  server.RaftServerConfigKeys (ConfUtils.java:logGet(44)) - raft.server.log.segment.cache.size.max = 200MB (=209715200) (default)
2021-11-26 01:29:04,187 [pool-337-thread-1] INFO  segmented.SegmentedRaftLogWorker (SegmentedRaftLogWorker.java:<init>(182)) - new fa9a63ae-dfc0-4823-af2f-f478aed93153@group-904FFB5E5D13-SegmentedRaftLogWorker for RaftStorageImpl:Storage Directory /home/runner/work/ozone/ozone/hadoop-ozone/integration-test/target/test-dir/MiniOzoneClusterImpl-70e57338-dd19-42c4-b060-07a8ff5308af/datanode-2/data/ratis/ae48aee9-96af-4f39-b445-904ffb5e5d13
2021-11-26 01:29:04,187 [pool-337-thread-1] INFO  server.RaftServerConfigKeys (ConfUtils.java:logGet(44)) - raft.server.log.queue.byte-limit = 2147483647 (custom)
2021-11-26 01:29:04,187 [pool-337-thread-1] INFO  server.RaftServerConfigKeys (ConfUtils.java:logGet(44)) - raft.server.log.queue.element-limit = 1024 (custom)
2021-11-26 01:29:04,187 [pool-337-thread-1] INFO  server.RaftServerConfigKeys (ConfUtils.java:logGet(44)) - raft.server.log.segment.size.max = 1048576 (custom)
2021-11-26 01:29:04,187 [pool-337-thread-1] INFO  server.RaftServerConfigKeys (ConfUtils.java:logGet(44)) - raft.server.log.preallocated.size = 16384 (custom)
2021-11-26 01:29:04,191 [pool-337-thread-1] INFO  server.RaftServerConfigKeys (ConfUtils.java:logGet(44)) - raft.server.log.force.sync.num = 128 (default)
2021-11-26 01:29:04,192 [pool-337-thread-1] INFO  server.RaftServerConfigKeys (ConfUtils.java:logGet(44)) - raft.server.log.statemachine.data.sync = true (default)
2021-11-26 01:29:04,192 [pool-337-thread-1] INFO  server.RaftServerConfigKeys (ConfUtils.java:logGet(44)) - raft.server.log.statemachine.data.sync.timeout = 10s (default)
2021-11-26 01:29:04,192 [pool-337-thread-1] INFO  server.RaftServerConfigKeys (ConfUtils.java:logGet(44)) - raft.server.log.statemachine.data.sync.timeout.retry = -1 (default)
2021-11-26 01:29:04,193 [pool-337-thread-1] INFO  server.RaftServerConfigKeys (ConfUtils.java:logGet(44)) - raft.server.log.write.buffer.size = 1048576 (custom)
2021-11-26 01:29:04,194 [pool-337-thread-1] INFO  server.RaftServerConfigKeys (ConfUtils.java:logGet(44)) - raft.server.log.statemachine.data.caching.enabled = true (custom)
2021-11-26 01:29:04,194 [pool-337-thread-1] INFO  segmented.SegmentedRaftLogWorker (SegmentedRaftLogWorker.java:lambda$new$0(133)) - fa9a63ae-dfc0-4823-af2f-f478aed93153@group-904FFB5E5D13-SegmentedRaftLogWorker: flushIndex: setUnconditionally 0 -> -1
2021-11-26 01:29:04,194 [pool-337-thread-1] INFO  segmented.SegmentedRaftLogWorker (SegmentedRaftLogWorker.java:lambda$new$0(133)) - fa9a63ae-dfc0-4823-af2f-f478aed93153@group-904FFB5E5D13-SegmentedRaftLogWorker: safeCacheEvictIndex: setUnconditionally 0 -> -1
2021-11-26 01:29:04,200 [pool-337-thread-1] INFO  server.RaftServerConfigKeys (ConfUtils.java:logGet(44)) - raft.server.snapshot.auto.trigger.enabled = true (custom)
2021-11-26 01:29:04,200 [pool-337-thread-1] INFO  server.RaftServerConfigKeys (ConfUtils.java:logGet(44)) - raft.server.snapshot.auto.trigger.threshold = 10000 (custom)
2021-11-26 01:29:04,200 [pool-337-thread-1] INFO  server.RaftServerConfigKeys (ConfUtils.java:logGet(44)) - raft.server.snapshot.retention.file.num = 5 (custom)
2021-11-26 01:29:04,200 [pool-337-thread-1] INFO  server.RaftServerConfigKeys (ConfUtils.java:logGet(44)) - raft.server.log.purge.upto.snapshot.index = false (default)
2021-11-26 01:29:04,200 [pool-337-thread-1] INFO  server.RaftServerConfigKeys (ConfUtils.java:logGet(44)) - raft.server.retrycache.expirytime = 600000ms (custom)
2021-11-26 01:29:04,200 [pool-337-thread-1] INFO  server.RaftServerConfigKeys (ConfUtils.java:logGet(44)) - raft.server.retrycache.statistics.expirytime = 100μs (default)
2021-11-26 01:29:04,201 [EndpointStateMachine task thread for /127.0.0.1:12845 - 0 ] INFO  ipc.Client (Client.java:handleConnectionFailure(977)) - Retrying connect to server: localhost/127.0.0.1:12845. Already tried 10 time(s); retry policy is RetryUpToMaximumCountWithFixedSleep(maxRetries=15, sleepTime=1000 MILLISECONDS)
2021-11-26 01:29:04,202 [pool-337-thread-1] INFO  server.RaftServer$Division (RaftServerImpl.java:start(301)) - fa9a63ae-dfc0-4823-af2f-f478aed93153@group-904FFB5E5D13: start as a follower, conf=-1: [e6079862-fe37-43a4-a998-6eeab30b5c75|rpc:127.0.0.1:44915|dataStream:|priority:0, fa9a63ae-dfc0-4823-af2f-f478aed93153|rpc:127.0.0.1:42615|dataStream:|priority:0, e868a3a3-c0d9-49f0-b374-aca42e6594e7|rpc:127.0.0.1:39195|dataStream:|priority:1], old=null
2021-11-26 01:29:04,203 [pool-337-thread-1] INFO  server.RaftServer$Division (RaftServerImpl.java:setRole(290)) - fa9a63ae-dfc0-4823-af2f-f478aed93153@group-904FFB5E5D13: changes role from      null to FOLLOWER at term 0 for startAsFollower
2021-11-26 01:29:04,203 [pool-337-thread-1] INFO  impl.RoleInfo (RoleInfo.java:updateAndGet(130)) - fa9a63ae-dfc0-4823-af2f-f478aed93153: start fa9a63ae-dfc0-4823-af2f-f478aed93153@group-904FFB5E5D13-FollowerState
2021-11-26 01:29:04,205 [EndpointStateMachine task thread for /127.0.0.1:12825 - 0 ] INFO  ipc.Client (Client.java:handleConnectionFailure(977)) - Retrying connect to server: localhost/127.0.0.1:12825. Already tried 13 time(s); retry policy is RetryUpToMaximumCountWithFixedSleep(maxRetries=15, sleepTime=1000 MILLISECONDS)
2021-11-26 01:29:04,211 [EndpointStateMachine task thread for /127.0.0.1:12835 - 0 ] INFO  ipc.Client (Client.java:handleConnectionFailure(977)) - Retrying connect to server: localhost/127.0.0.1:12835. Already tried 10 time(s); retry policy is RetryUpToMaximumCountWithFixedSleep(maxRetries=15, sleepTime=1000 MILLISECONDS)
2021-11-26 01:29:04,211 [pool-337-thread-1] INFO  util.JmxRegister (JmxRegister.java:tryRegister(44)) - Successfully registered JMX Bean with object name Ratis:service=RaftServer,group=group-904FFB5E5D13,id=fa9a63ae-dfc0-4823-af2f-f478aed93153
2021-11-26 01:29:04,246 [grpc-default-executor-2] INFO  server.RaftServer (RaftServerProxy.java:addNew(95)) - e6079862-fe37-43a4-a998-6eeab30b5c75: addNew group-904FFB5E5D13:[e6079862-fe37-43a4-a998-6eeab30b5c75|rpc:127.0.0.1:44915|dataStream:|priority:0, fa9a63ae-dfc0-4823-af2f-f478aed93153|rpc:127.0.0.1:42615|dataStream:|priority:0, e868a3a3-c0d9-49f0-b374-aca42e6594e7|rpc:127.0.0.1:39195|dataStream:|priority:1] returns group-904FFB5E5D13:java.util.concurrent.CompletableFuture@f5245f8[Not completed]
2021-11-26 01:29:04,248 [pool-316-thread-1] INFO  server.RaftServer$Division (RaftServerImpl.java:<init>(184)) - e6079862-fe37-43a4-a998-6eeab30b5c75: new RaftServerImpl for group-904FFB5E5D13:[e6079862-fe37-43a4-a998-6eeab30b5c75|rpc:127.0.0.1:44915|dataStream:|priority:0, fa9a63ae-dfc0-4823-af2f-f478aed93153|rpc:127.0.0.1:42615|dataStream:|priority:0, e868a3a3-c0d9-49f0-b374-aca42e6594e7|rpc:127.0.0.1:39195|dataStream:|priority:1] with ContainerStateMachine:uninitialized
2021-11-26 01:29:04,256 [pool-316-thread-1] INFO  server.RaftServerConfigKeys (ConfUtils.java:logGet(44)) - raft.server.rpc.timeout.min = 5s (custom)
2021-11-26 01:29:04,256 [pool-316-thread-1] INFO  server.RaftServerConfigKeys (ConfUtils.java:logGet(44)) - raft.server.rpc.timeout.max = 5200ms (custom)
2021-11-26 01:29:04,256 [pool-316-thread-1] INFO  server.RaftServerConfigKeys (ConfUtils.java:logGet(44)) - raft.server.rpc.sleep.time = 25ms (default)
2021-11-26 01:29:04,256 [pool-316-thread-1] INFO  server.RaftServerConfigKeys (ConfUtils.java:logGet(44)) - raft.server.rpc.slowness.timeout = 300s (custom)
2021-11-26 01:29:04,256 [pool-316-thread-1] INFO  server.RaftServerConfigKeys (ConfUtils.java:logGet(44)) - raft.server.leaderelection.leader.step-down.wait-time = 10s (default)
2021-11-26 01:29:04,256 [pool-316-thread-1] INFO  server.RaftServerConfigKeys (ConfUtils.java:logGet(44)) - raft.server.sleep.deviation.threshold = 300ms (default)
2021-11-26 01:29:04,256 [pool-316-thread-1] INFO  server.RaftServerConfigKeys (ConfUtils.java:logGet(44)) - raft.server.log.appender.install.snapshot.enabled = false (custom)
2021-11-26 01:29:04,256 [pool-316-thread-1] INFO  server.RaftServer$Division (ServerState.java:<init>(105)) - e6079862-fe37-43a4-a998-6eeab30b5c75@group-904FFB5E5D13: ConfigurationManager, init=-1: [e6079862-fe37-43a4-a998-6eeab30b5c75|rpc:127.0.0.1:44915|dataStream:|priority:0, fa9a63ae-dfc0-4823-af2f-f478aed93153|rpc:127.0.0.1:42615|dataStream:|priority:0, e868a3a3-c0d9-49f0-b374-aca42e6594e7|rpc:127.0.0.1:39195|dataStream:|priority:1], old=null, confs=<EMPTY_MAP>
2021-11-26 01:29:04,256 [pool-316-thread-1] INFO  server.RaftServerConfigKeys (ConfUtils.java:logGet(44)) - raft.server.storage.dir = [/home/runner/work/ozone/ozone/hadoop-ozone/integration-test/target/test-dir/MiniOzoneClusterImpl-70e57338-dd19-42c4-b060-07a8ff5308af/datanode-1/data/ratis] (custom)
2021-11-26 01:29:04,257 [pool-316-thread-1] INFO  server.RaftServerConfigKeys (ConfUtils.java:logGet(44)) - raft.server.log.corruption.policy = EXCEPTION (default)
2021-11-26 01:29:04,257 [pool-316-thread-1] INFO  server.RaftServerConfigKeys (ConfUtils.java:logGet(44)) - raft.server.storage.free-space.min = 0MB (=0) (default)
2021-11-26 01:29:04,257 [pool-316-thread-1] INFO  storage.RaftStorageDirectory (RaftStorageDirectoryImpl.java:analyzeStorage(135)) - The storage directory /home/runner/work/ozone/ozone/hadoop-ozone/integration-test/target/test-dir/MiniOzoneClusterImpl-70e57338-dd19-42c4-b060-07a8ff5308af/datanode-1/data/ratis/ae48aee9-96af-4f39-b445-904ffb5e5d13 does not exist. Creating ...
2021-11-26 01:29:04,258 [pool-316-thread-1] INFO  storage.RaftStorageDirectory (RaftStorageDirectoryImpl.java:tryLock(230)) - Lock on /home/runner/work/ozone/ozone/hadoop-ozone/integration-test/target/test-dir/MiniOzoneClusterImpl-70e57338-dd19-42c4-b060-07a8ff5308af/datanode-1/data/ratis/ae48aee9-96af-4f39-b445-904ffb5e5d13/in_use.lock acquired by nodename 1239@fv-az151-301
2021-11-26 01:29:04,259 [pool-316-thread-1] INFO  storage.RaftStorage (RaftStorageImpl.java:format(89)) - Storage directory /home/runner/work/ozone/ozone/hadoop-ozone/integration-test/target/test-dir/MiniOzoneClusterImpl-70e57338-dd19-42c4-b060-07a8ff5308af/datanode-1/data/ratis/ae48aee9-96af-4f39-b445-904ffb5e5d13 has been successfully formatted.
2021-11-26 01:29:04,259 [pool-316-thread-1] INFO  ratis.ContainerStateMachine (ContainerStateMachine.java:loadSnapshot(224)) - group-904FFB5E5D13: The snapshot info is null. Setting the last applied indexto:(t:0, i:~)
2021-11-26 01:29:04,261 [pool-316-thread-1] INFO  server.RaftServerConfigKeys (ConfUtils.java:logGet(44)) - raft.server.notification.no-leader.timeout = 300s (custom)
2021-11-26 01:29:04,261 [pool-316-thread-1] INFO  server.RaftServerConfigKeys (ConfUtils.java:logGet(44)) - raft.server.log.use.memory = false (default)
2021-11-26 01:29:04,261 [pool-316-thread-1] INFO  server.RaftServerConfigKeys (ConfUtils.java:logGet(44)) - raft.server.log.purge.gap = 1000000 (custom)
2021-11-26 01:29:04,261 [pool-316-thread-1] INFO  server.RaftServerConfigKeys (ConfUtils.java:logGet(44)) - raft.server.log.appender.buffer.byte-limit = 33554432 (custom)
2021-11-26 01:29:04,261 [pool-316-thread-1] INFO  server.RaftServerConfigKeys (ConfUtils.java:logGet(44)) - raft.server.log.segment.size.max = 1048576 (custom)
2021-11-26 01:29:04,261 [pool-316-thread-1] INFO  server.RaftServerConfigKeys (ConfUtils.java:logGet(44)) - raft.server.log.segment.cache.num.max = 2 (custom)
2021-11-26 01:29:04,261 [pool-316-thread-1] INFO  server.RaftServerConfigKeys (ConfUtils.java:logGet(44)) - raft.server.log.segment.cache.size.max = 200MB (=209715200) (default)
2021-11-26 01:29:04,261 [pool-316-thread-1] INFO  segmented.SegmentedRaftLogWorker (SegmentedRaftLogWorker.java:<init>(182)) - new e6079862-fe37-43a4-a998-6eeab30b5c75@group-904FFB5E5D13-SegmentedRaftLogWorker for RaftStorageImpl:Storage Directory /home/runner/work/ozone/ozone/hadoop-ozone/integration-test/target/test-dir/MiniOzoneClusterImpl-70e57338-dd19-42c4-b060-07a8ff5308af/datanode-1/data/ratis/ae48aee9-96af-4f39-b445-904ffb5e5d13
2021-11-26 01:29:04,261 [pool-316-thread-1] INFO  server.RaftServerConfigKeys (ConfUtils.java:logGet(44)) - raft.server.log.queue.byte-limit = 2147483647 (custom)
2021-11-26 01:29:04,262 [pool-316-thread-1] INFO  server.RaftServerConfigKeys (ConfUtils.java:logGet(44)) - raft.server.log.queue.element-limit = 1024 (custom)
2021-11-26 01:29:04,262 [pool-316-thread-1] INFO  server.RaftServerConfigKeys (ConfUtils.java:logGet(44)) - raft.server.log.segment.size.max = 1048576 (custom)
2021-11-26 01:29:04,262 [pool-316-thread-1] INFO  server.RaftServerConfigKeys (ConfUtils.java:logGet(44)) - raft.server.log.preallocated.size = 16384 (custom)
2021-11-26 01:29:04,262 [pool-316-thread-1] INFO  server.RaftServerConfigKeys (ConfUtils.java:logGet(44)) - raft.server.log.force.sync.num = 128 (default)
2021-11-26 01:29:04,262 [pool-316-thread-1] INFO  server.RaftServerConfigKeys (ConfUtils.java:logGet(44)) - raft.server.log.statemachine.data.sync = true (default)
2021-11-26 01:29:04,268 [pool-316-thread-1] INFO  server.RaftServerConfigKeys (ConfUtils.java:logGet(44)) - raft.server.log.statemachine.data.sync.timeout = 10s (default)
2021-11-26 01:29:04,268 [pool-316-thread-1] INFO  server.RaftServerConfigKeys (ConfUtils.java:logGet(44)) - raft.server.log.statemachine.data.sync.timeout.retry = -1 (default)
2021-11-26 01:29:04,269 [pool-316-thread-1] INFO  server.RaftServerConfigKeys (ConfUtils.java:logGet(44)) - raft.server.log.write.buffer.size = 1048576 (custom)
2021-11-26 01:29:04,270 [pool-316-thread-1] INFO  server.RaftServerConfigKeys (ConfUtils.java:logGet(44)) - raft.server.log.statemachine.data.caching.enabled = true (custom)
2021-11-26 01:29:04,276 [pool-316-thread-1] INFO  segmented.SegmentedRaftLogWorker (SegmentedRaftLogWorker.java:lambda$new$0(133)) - e6079862-fe37-43a4-a998-6eeab30b5c75@group-904FFB5E5D13-SegmentedRaftLogWorker: flushIndex: setUnconditionally 0 -> -1
2021-11-26 01:29:04,276 [pool-316-thread-1] INFO  segmented.SegmentedRaftLogWorker (SegmentedRaftLogWorker.java:lambda$new$0(133)) - e6079862-fe37-43a4-a998-6eeab30b5c75@group-904FFB5E5D13-SegmentedRaftLogWorker: safeCacheEvictIndex: setUnconditionally 0 -> -1
2021-11-26 01:29:04,284 [pool-316-thread-1] INFO  server.RaftServerConfigKeys (ConfUtils.java:logGet(44)) - raft.server.snapshot.auto.trigger.enabled = true (custom)
2021-11-26 01:29:04,284 [pool-316-thread-1] INFO  server.RaftServerConfigKeys (ConfUtils.java:logGet(44)) - raft.server.snapshot.auto.trigger.threshold = 10000 (custom)
2021-11-26 01:29:04,284 [pool-316-thread-1] INFO  server.RaftServerConfigKeys (ConfUtils.java:logGet(44)) - raft.server.snapshot.retention.file.num = 5 (custom)
2021-11-26 01:29:04,284 [pool-316-thread-1] INFO  server.RaftServerConfigKeys (ConfUtils.java:logGet(44)) - raft.server.log.purge.upto.snapshot.index = false (default)
2021-11-26 01:29:04,284 [pool-316-thread-1] INFO  server.RaftServerConfigKeys (ConfUtils.java:logGet(44)) - raft.server.retrycache.expirytime = 600000ms (custom)
2021-11-26 01:29:04,284 [pool-316-thread-1] INFO  server.RaftServerConfigKeys (ConfUtils.java:logGet(44)) - raft.server.retrycache.statistics.expirytime = 100μs (default)
2021-11-26 01:29:04,285 [pool-316-thread-1] INFO  server.RaftServer$Division (RaftServerImpl.java:start(301)) - e6079862-fe37-43a4-a998-6eeab30b5c75@group-904FFB5E5D13: start as a follower, conf=-1: [e6079862-fe37-43a4-a998-6eeab30b5c75|rpc:127.0.0.1:44915|dataStream:|priority:0, fa9a63ae-dfc0-4823-af2f-f478aed93153|rpc:127.0.0.1:42615|dataStream:|priority:0, e868a3a3-c0d9-49f0-b374-aca42e6594e7|rpc:127.0.0.1:39195|dataStream:|priority:1], old=null
2021-11-26 01:29:04,286 [pool-316-thread-1] INFO  server.RaftServer$Division (RaftServerImpl.java:setRole(290)) - e6079862-fe37-43a4-a998-6eeab30b5c75@group-904FFB5E5D13: changes role from      null to FOLLOWER at term 0 for startAsFollower
2021-11-26 01:29:04,286 [pool-316-thread-1] INFO  impl.RoleInfo (RoleInfo.java:updateAndGet(130)) - e6079862-fe37-43a4-a998-6eeab30b5c75: start e6079862-fe37-43a4-a998-6eeab30b5c75@group-904FFB5E5D13-FollowerState
2021-11-26 01:29:04,292 [pool-316-thread-1] INFO  util.JmxRegister (JmxRegister.java:tryRegister(44)) - Successfully registered JMX Bean with object name Ratis:service=RaftServer,group=group-904FFB5E5D13,id=e6079862-fe37-43a4-a998-6eeab30b5c75
2021-11-26 01:29:04,305 [Command processor thread] INFO  commandhandler.CreatePipelineCommandHandler (CreatePipelineCommandHandler.java:handle(106)) - Created Pipeline RATIS THREE PipelineID=ae48aee9-96af-4f39-b445-904ffb5e5d13.
2021-11-26 01:29:04,306 [Command processor thread] INFO  server.RaftServer (RaftServerProxy.java:addNew(95)) - e868a3a3-c0d9-49f0-b374-aca42e6594e7: addNew group-54FD992928C8:[e6079862-fe37-43a4-a998-6eeab30b5c75|rpc:127.0.0.1:44915|priority:0, fa9a63ae-dfc0-4823-af2f-f478aed93153|rpc:127.0.0.1:42615|priority:1, e868a3a3-c0d9-49f0-b374-aca42e6594e7|rpc:127.0.0.1:39195|priority:0] returns group-54FD992928C8:java.util.concurrent.CompletableFuture@4311cb06[Not completed]
2021-11-26 01:29:04,306 [pool-295-thread-1] INFO  server.RaftServer$Division (RaftServerImpl.java:<init>(184)) - e868a3a3-c0d9-49f0-b374-aca42e6594e7: new RaftServerImpl for group-54FD992928C8:[e6079862-fe37-43a4-a998-6eeab30b5c75|rpc:127.0.0.1:44915|priority:0, fa9a63ae-dfc0-4823-af2f-f478aed93153|rpc:127.0.0.1:42615|priority:1, e868a3a3-c0d9-49f0-b374-aca42e6594e7|rpc:127.0.0.1:39195|priority:0] with ContainerStateMachine:uninitialized
2021-11-26 01:29:04,307 [pool-295-thread-1] INFO  server.RaftServerConfigKeys (ConfUtils.java:logGet(44)) - raft.server.rpc.timeout.min = 5s (custom)
2021-11-26 01:29:04,307 [pool-295-thread-1] INFO  server.RaftServerConfigKeys (ConfUtils.java:logGet(44)) - raft.server.rpc.timeout.max = 5200ms (custom)
2021-11-26 01:29:04,307 [pool-295-thread-1] INFO  server.RaftServerConfigKeys (ConfUtils.java:logGet(44)) - raft.server.rpc.sleep.time = 25ms (default)
2021-11-26 01:29:04,307 [pool-295-thread-1] INFO  server.RaftServerConfigKeys (ConfUtils.java:logGet(44)) - raft.server.rpc.slowness.timeout = 300s (custom)
2021-11-26 01:29:04,307 [pool-295-thread-1] INFO  server.RaftServerConfigKeys (ConfUtils.java:logGet(44)) - raft.server.leaderelection.leader.step-down.wait-time = 10s (default)
2021-11-26 01:29:04,307 [pool-295-thread-1] INFO  server.RaftServerConfigKeys (ConfUtils.java:logGet(44)) - raft.server.sleep.deviation.threshold = 300ms (default)
2021-11-26 01:29:04,307 [pool-295-thread-1] INFO  server.RaftServerConfigKeys (ConfUtils.java:logGet(44)) - raft.server.log.appender.install.snapshot.enabled = false (custom)
2021-11-26 01:29:04,307 [pool-295-thread-1] INFO  server.RaftServer$Division (ServerState.java:<init>(105)) - e868a3a3-c0d9-49f0-b374-aca42e6594e7@group-54FD992928C8: ConfigurationManager, init=-1: [e6079862-fe37-43a4-a998-6eeab30b5c75|rpc:127.0.0.1:44915|priority:0, fa9a63ae-dfc0-4823-af2f-f478aed93153|rpc:127.0.0.1:42615|priority:1, e868a3a3-c0d9-49f0-b374-aca42e6594e7|rpc:127.0.0.1:39195|priority:0], old=null, confs=<EMPTY_MAP>
2021-11-26 01:29:04,307 [pool-295-thread-1] INFO  server.RaftServerConfigKeys (ConfUtils.java:logGet(44)) - raft.server.storage.dir = [/home/runner/work/ozone/ozone/hadoop-ozone/integration-test/target/test-dir/MiniOzoneClusterImpl-70e57338-dd19-42c4-b060-07a8ff5308af/datanode-0/data/ratis] (custom)
2021-11-26 01:29:04,307 [pool-295-thread-1] INFO  server.RaftServerConfigKeys (ConfUtils.java:logGet(44)) - raft.server.log.corruption.policy = EXCEPTION (default)
2021-11-26 01:29:04,307 [pool-295-thread-1] INFO  server.RaftServerConfigKeys (ConfUtils.java:logGet(44)) - raft.server.storage.free-space.min = 0MB (=0) (default)
2021-11-26 01:29:04,307 [pool-295-thread-1] INFO  storage.RaftStorageDirectory (RaftStorageDirectoryImpl.java:analyzeStorage(135)) - The storage directory /home/runner/work/ozone/ozone/hadoop-ozone/integration-test/target/test-dir/MiniOzoneClusterImpl-70e57338-dd19-42c4-b060-07a8ff5308af/datanode-0/data/ratis/8bd0a991-f326-41c5-b045-54fd992928c8 does not exist. Creating ...
2021-11-26 01:29:04,310 [pool-295-thread-1] INFO  storage.RaftStorageDirectory (RaftStorageDirectoryImpl.java:tryLock(230)) - Lock on /home/runner/work/ozone/ozone/hadoop-ozone/integration-test/target/test-dir/MiniOzoneClusterImpl-70e57338-dd19-42c4-b060-07a8ff5308af/datanode-0/data/ratis/8bd0a991-f326-41c5-b045-54fd992928c8/in_use.lock acquired by nodename 1239@fv-az151-301
2021-11-26 01:29:04,311 [pool-295-thread-1] INFO  storage.RaftStorage (RaftStorageImpl.java:format(89)) - Storage directory /home/runner/work/ozone/ozone/hadoop-ozone/integration-test/target/test-dir/MiniOzoneClusterImpl-70e57338-dd19-42c4-b060-07a8ff5308af/datanode-0/data/ratis/8bd0a991-f326-41c5-b045-54fd992928c8 has been successfully formatted.
2021-11-26 01:29:04,311 [pool-295-thread-1] INFO  ratis.ContainerStateMachine (ContainerStateMachine.java:loadSnapshot(224)) - group-54FD992928C8: The snapshot info is null. Setting the last applied indexto:(t:0, i:~)
2021-11-26 01:29:04,311 [pool-295-thread-1] INFO  server.RaftServerConfigKeys (ConfUtils.java:logGet(44)) - raft.server.notification.no-leader.timeout = 300s (custom)
2021-11-26 01:29:04,311 [pool-295-thread-1] INFO  server.RaftServerConfigKeys (ConfUtils.java:logGet(44)) - raft.server.log.use.memory = false (default)
2021-11-26 01:29:04,311 [pool-295-thread-1] INFO  server.RaftServerConfigKeys (ConfUtils.java:logGet(44)) - raft.server.log.purge.gap = 1000000 (custom)
2021-11-26 01:29:04,311 [pool-295-thread-1] INFO  server.RaftServerConfigKeys (ConfUtils.java:logGet(44)) - raft.server.log.appender.buffer.byte-limit = 33554432 (custom)
2021-11-26 01:29:04,311 [pool-295-thread-1] INFO  server.RaftServerConfigKeys (ConfUtils.java:logGet(44)) - raft.server.log.segment.size.max = 1048576 (custom)
2021-11-26 01:29:04,312 [EventQueue-OpenPipelineForHealthyPipelineSafeModeRule] INFO  safemode.SCMSafeModeManager (HealthyPipelineSafeModeRule.java:process(124)) - SCM in safe mode. Healthy pipelines reported count is 0, required healthy pipeline reported count is 1
2021-11-26 01:29:04,313 [pool-295-thread-1] INFO  server.RaftServerConfigKeys (ConfUtils.java:logGet(44)) - raft.server.log.segment.cache.num.max = 2 (custom)
2021-11-26 01:29:04,314 [pool-295-thread-1] INFO  server.RaftServerConfigKeys (ConfUtils.java:logGet(44)) - raft.server.log.segment.cache.size.max = 200MB (=209715200) (default)
2021-11-26 01:29:04,314 [pool-295-thread-1] INFO  segmented.SegmentedRaftLogWorker (SegmentedRaftLogWorker.java:<init>(182)) - new e868a3a3-c0d9-49f0-b374-aca42e6594e7@group-54FD992928C8-SegmentedRaftLogWorker for RaftStorageImpl:Storage Directory /home/runner/work/ozone/ozone/hadoop-ozone/integration-test/target/test-dir/MiniOzoneClusterImpl-70e57338-dd19-42c4-b060-07a8ff5308af/datanode-0/data/ratis/8bd0a991-f326-41c5-b045-54fd992928c8
2021-11-26 01:29:04,314 [pool-295-thread-1] INFO  server.RaftServerConfigKeys (ConfUtils.java:logGet(44)) - raft.server.log.queue.byte-limit = 2147483647 (custom)
2021-11-26 01:29:04,314 [pool-295-thread-1] INFO  server.RaftServerConfigKeys (ConfUtils.java:logGet(44)) - raft.server.log.queue.element-limit = 1024 (custom)
2021-11-26 01:29:04,314 [pool-295-thread-1] INFO  server.RaftServerConfigKeys (ConfUtils.java:logGet(44)) - raft.server.log.segment.size.max = 1048576 (custom)
2021-11-26 01:29:04,314 [pool-295-thread-1] INFO  server.RaftServerConfigKeys (ConfUtils.java:logGet(44)) - raft.server.log.preallocated.size = 16384 (custom)
2021-11-26 01:29:04,314 [pool-295-thread-1] INFO  server.RaftServerConfigKeys (ConfUtils.java:logGet(44)) - raft.server.log.force.sync.num = 128 (default)
2021-11-26 01:29:04,314 [pool-295-thread-1] INFO  server.RaftServerConfigKeys (ConfUtils.java:logGet(44)) - raft.server.log.statemachine.data.sync = true (default)
2021-11-26 01:29:04,314 [pool-295-thread-1] INFO  server.RaftServerConfigKeys (ConfUtils.java:logGet(44)) - raft.server.log.statemachine.data.sync.timeout = 10s (default)
2021-11-26 01:29:04,314 [pool-295-thread-1] INFO  server.RaftServerConfigKeys (ConfUtils.java:logGet(44)) - raft.server.log.statemachine.data.sync.timeout.retry = -1 (default)
2021-11-26 01:29:04,315 [pool-295-thread-1] INFO  server.RaftServerConfigKeys (ConfUtils.java:logGet(44)) - raft.server.log.write.buffer.size = 1048576 (custom)
2021-11-26 01:29:04,316 [pool-295-thread-1] INFO  server.RaftServerConfigKeys (ConfUtils.java:logGet(44)) - raft.server.log.statemachine.data.caching.enabled = true (custom)
2021-11-26 01:29:04,316 [pool-295-thread-1] INFO  segmented.SegmentedRaftLogWorker (SegmentedRaftLogWorker.java:lambda$new$0(133)) - e868a3a3-c0d9-49f0-b374-aca42e6594e7@group-54FD992928C8-SegmentedRaftLogWorker: flushIndex: setUnconditionally 0 -> -1
2021-11-26 01:29:04,317 [pool-295-thread-1] INFO  segmented.SegmentedRaftLogWorker (SegmentedRaftLogWorker.java:lambda$new$0(133)) - e868a3a3-c0d9-49f0-b374-aca42e6594e7@group-54FD992928C8-SegmentedRaftLogWorker: safeCacheEvictIndex: setUnconditionally 0 -> -1
2021-11-26 01:29:04,321 [pool-295-thread-1] INFO  server.RaftServerConfigKeys (ConfUtils.java:logGet(44)) - raft.server.snapshot.auto.trigger.enabled = true (custom)
2021-11-26 01:29:04,321 [pool-295-thread-1] INFO  server.RaftServerConfigKeys (ConfUtils.java:logGet(44)) - raft.server.snapshot.auto.trigger.threshold = 10000 (custom)
2021-11-26 01:29:04,322 [pool-295-thread-1] INFO  server.RaftServerConfigKeys (ConfUtils.java:logGet(44)) - raft.server.snapshot.retention.file.num = 5 (custom)
2021-11-26 01:29:04,322 [pool-295-thread-1] INFO  server.RaftServerConfigKeys (ConfUtils.java:logGet(44)) - raft.server.log.purge.upto.snapshot.index = false (default)
2021-11-26 01:29:04,322 [pool-295-thread-1] INFO  server.RaftServerConfigKeys (ConfUtils.java:logGet(44)) - raft.server.retrycache.expirytime = 600000ms (custom)
2021-11-26 01:29:04,322 [pool-295-thread-1] INFO  server.RaftServerConfigKeys (ConfUtils.java:logGet(44)) - raft.server.retrycache.statistics.expirytime = 100μs (default)
2021-11-26 01:29:04,323 [pool-295-thread-1] INFO  server.RaftServer$Division (RaftServerImpl.java:start(301)) - e868a3a3-c0d9-49f0-b374-aca42e6594e7@group-54FD992928C8: start as a follower, conf=-1: [e6079862-fe37-43a4-a998-6eeab30b5c75|rpc:127.0.0.1:44915|priority:0, fa9a63ae-dfc0-4823-af2f-f478aed93153|rpc:127.0.0.1:42615|priority:1, e868a3a3-c0d9-49f0-b374-aca42e6594e7|rpc:127.0.0.1:39195|priority:0], old=null
2021-11-26 01:29:04,323 [pool-295-thread-1] INFO  server.RaftServer$Division (RaftServerImpl.java:setRole(290)) - e868a3a3-c0d9-49f0-b374-aca42e6594e7@group-54FD992928C8: changes role from      null to FOLLOWER at term 0 for startAsFollower
2021-11-26 01:29:04,323 [pool-295-thread-1] INFO  impl.RoleInfo (RoleInfo.java:updateAndGet(130)) - e868a3a3-c0d9-49f0-b374-aca42e6594e7: start e868a3a3-c0d9-49f0-b374-aca42e6594e7@group-54FD992928C8-FollowerState
2021-11-26 01:29:04,328 [pool-295-thread-1] INFO  util.JmxRegister (JmxRegister.java:tryRegister(44)) - Successfully registered JMX Bean with object name Ratis:service=RaftServer,group=group-54FD992928C8,id=e868a3a3-c0d9-49f0-b374-aca42e6594e7
2021-11-26 01:29:04,329 [Command processor thread] INFO  ratis.XceiverServerRatis (XceiverServerRatis.java:addGroup(768)) - Created group PipelineID=8bd0a991-f326-41c5-b045-54fd992928c8
2021-11-26 01:29:04,345 [grpc-default-executor-2] INFO  server.RaftServer (RaftServerProxy.java:addNew(95)) - fa9a63ae-dfc0-4823-af2f-f478aed93153: addNew group-54FD992928C8:[e6079862-fe37-43a4-a998-6eeab30b5c75|rpc:127.0.0.1:44915|dataStream:|priority:0, fa9a63ae-dfc0-4823-af2f-f478aed93153|rpc:127.0.0.1:42615|dataStream:|priority:1, e868a3a3-c0d9-49f0-b374-aca42e6594e7|rpc:127.0.0.1:39195|dataStream:|priority:0] returns group-54FD992928C8:java.util.concurrent.CompletableFuture@34ded98f[Not completed]
2021-11-26 01:29:04,346 [pool-337-thread-1] INFO  server.RaftServer$Division (RaftServerImpl.java:<init>(184)) - fa9a63ae-dfc0-4823-af2f-f478aed93153: new RaftServerImpl for group-54FD992928C8:[e6079862-fe37-43a4-a998-6eeab30b5c75|rpc:127.0.0.1:44915|dataStream:|priority:0, fa9a63ae-dfc0-4823-af2f-f478aed93153|rpc:127.0.0.1:42615|dataStream:|priority:1, e868a3a3-c0d9-49f0-b374-aca42e6594e7|rpc:127.0.0.1:39195|dataStream:|priority:0] with ContainerStateMachine:uninitialized
2021-11-26 01:29:04,346 [pool-337-thread-1] INFO  server.RaftServerConfigKeys (ConfUtils.java:logGet(44)) - raft.server.rpc.timeout.min = 5s (custom)
2021-11-26 01:29:04,346 [pool-337-thread-1] INFO  server.RaftServerConfigKeys (ConfUtils.java:logGet(44)) - raft.server.rpc.timeout.max = 5200ms (custom)
2021-11-26 01:29:04,346 [pool-337-thread-1] INFO  server.RaftServerConfigKeys (ConfUtils.java:logGet(44)) - raft.server.rpc.sleep.time = 25ms (default)
2021-11-26 01:29:04,346 [pool-337-thread-1] INFO  server.RaftServerConfigKeys (ConfUtils.java:logGet(44)) - raft.server.rpc.slowness.timeout = 300s (custom)
2021-11-26 01:29:04,346 [pool-337-thread-1] INFO  server.RaftServerConfigKeys (ConfUtils.java:logGet(44)) - raft.server.leaderelection.leader.step-down.wait-time = 10s (default)
2021-11-26 01:29:04,346 [pool-337-thread-1] INFO  server.RaftServerConfigKeys (ConfUtils.java:logGet(44)) - raft.server.sleep.deviation.threshold = 300ms (default)
2021-11-26 01:29:04,346 [pool-337-thread-1] INFO  server.RaftServerConfigKeys (ConfUtils.java:logGet(44)) - raft.server.log.appender.install.snapshot.enabled = false (custom)
2021-11-26 01:29:04,346 [pool-337-thread-1] INFO  server.RaftServer$Division (ServerState.java:<init>(105)) - fa9a63ae-dfc0-4823-af2f-f478aed93153@group-54FD992928C8: ConfigurationManager, init=-1: [e6079862-fe37-43a4-a998-6eeab30b5c75|rpc:127.0.0.1:44915|dataStream:|priority:0, fa9a63ae-dfc0-4823-af2f-f478aed93153|rpc:127.0.0.1:42615|dataStream:|priority:1, e868a3a3-c0d9-49f0-b374-aca42e6594e7|rpc:127.0.0.1:39195|dataStream:|priority:0], old=null, confs=<EMPTY_MAP>
2021-11-26 01:29:04,346 [pool-337-thread-1] INFO  server.RaftServerConfigKeys (ConfUtils.java:logGet(44)) - raft.server.storage.dir = [/home/runner/work/ozone/ozone/hadoop-ozone/integration-test/target/test-dir/MiniOzoneClusterImpl-70e57338-dd19-42c4-b060-07a8ff5308af/datanode-2/data/ratis] (custom)
2021-11-26 01:29:04,346 [pool-337-thread-1] INFO  server.RaftServerConfigKeys (ConfUtils.java:logGet(44)) - raft.server.log.corruption.policy = EXCEPTION (default)
2021-11-26 01:29:04,347 [pool-337-thread-1] INFO  server.RaftServerConfigKeys (ConfUtils.java:logGet(44)) - raft.server.storage.free-space.min = 0MB (=0) (default)
2021-11-26 01:29:04,347 [pool-337-thread-1] INFO  storage.RaftStorageDirectory (RaftStorageDirectoryImpl.java:analyzeStorage(135)) - The storage directory /home/runner/work/ozone/ozone/hadoop-ozone/integration-test/target/test-dir/MiniOzoneClusterImpl-70e57338-dd19-42c4-b060-07a8ff5308af/datanode-2/data/ratis/8bd0a991-f326-41c5-b045-54fd992928c8 does not exist. Creating ...
2021-11-26 01:29:04,348 [Command processor thread] INFO  server.RaftServer (RaftServerProxy.java:addNew(95)) - e6079862-fe37-43a4-a998-6eeab30b5c75: addNew group-819E6ABFA9F4:[e6079862-fe37-43a4-a998-6eeab30b5c75|rpc:127.0.0.1:44915|priority:1] returns group-819E6ABFA9F4:java.util.concurrent.CompletableFuture@378c0f76[Not completed]
2021-11-26 01:29:04,349 [pool-316-thread-1] INFO  server.RaftServer$Division (RaftServerImpl.java:<init>(184)) - e6079862-fe37-43a4-a998-6eeab30b5c75: new RaftServerImpl for group-819E6ABFA9F4:[e6079862-fe37-43a4-a998-6eeab30b5c75|rpc:127.0.0.1:44915|priority:1] with ContainerStateMachine:uninitialized
2021-11-26 01:29:04,349 [pool-316-thread-1] INFO  server.RaftServerConfigKeys (ConfUtils.java:logGet(44)) - raft.server.rpc.timeout.min = 5s (custom)
2021-11-26 01:29:04,349 [pool-316-thread-1] INFO  server.RaftServerConfigKeys (ConfUtils.java:logGet(44)) - raft.server.rpc.timeout.max = 5200ms (custom)
2021-11-26 01:29:04,349 [pool-316-thread-1] INFO  server.RaftServerConfigKeys (ConfUtils.java:logGet(44)) - raft.server.rpc.sleep.time = 25ms (default)
2021-11-26 01:29:04,349 [pool-316-thread-1] INFO  server.RaftServerConfigKeys (ConfUtils.java:logGet(44)) - raft.server.rpc.slowness.timeout = 300s (custom)
2021-11-26 01:29:04,349 [pool-316-thread-1] INFO  server.RaftServerConfigKeys (ConfUtils.java:logGet(44)) - raft.server.leaderelection.leader.step-down.wait-time = 10s (default)
2021-11-26 01:29:04,349 [pool-316-thread-1] INFO  server.RaftServerConfigKeys (ConfUtils.java:logGet(44)) - raft.server.sleep.deviation.threshold = 300ms (default)
2021-11-26 01:29:04,349 [pool-316-thread-1] INFO  server.RaftServerConfigKeys (ConfUtils.java:logGet(44)) - raft.server.log.appender.install.snapshot.enabled = false (custom)
2021-11-26 01:29:04,349 [pool-316-thread-1] INFO  server.RaftServer$Division (ServerState.java:<init>(105)) - e6079862-fe37-43a4-a998-6eeab30b5c75@group-819E6ABFA9F4: ConfigurationManager, init=-1: [e6079862-fe37-43a4-a998-6eeab30b5c75|rpc:127.0.0.1:44915|priority:1], old=null, confs=<EMPTY_MAP>
2021-11-26 01:29:04,349 [pool-316-thread-1] INFO  server.RaftServerConfigKeys (ConfUtils.java:logGet(44)) - raft.server.storage.dir = [/home/runner/work/ozone/ozone/hadoop-ozone/integration-test/target/test-dir/MiniOzoneClusterImpl-70e57338-dd19-42c4-b060-07a8ff5308af/datanode-1/data/ratis] (custom)
2021-11-26 01:29:04,350 [pool-316-thread-1] INFO  server.RaftServerConfigKeys (ConfUtils.java:logGet(44)) - raft.server.log.corruption.policy = EXCEPTION (default)
2021-11-26 01:29:04,350 [pool-316-thread-1] INFO  server.RaftServerConfigKeys (ConfUtils.java:logGet(44)) - raft.server.storage.free-space.min = 0MB (=0) (default)
2021-11-26 01:29:04,350 [pool-316-thread-1] INFO  storage.RaftStorageDirectory (RaftStorageDirectoryImpl.java:analyzeStorage(135)) - The storage directory /home/runner/work/ozone/ozone/hadoop-ozone/integration-test/target/test-dir/MiniOzoneClusterImpl-70e57338-dd19-42c4-b060-07a8ff5308af/datanode-1/data/ratis/d1e4f701-3dfa-4d6e-8386-819e6abfa9f4 does not exist. Creating ...
2021-11-26 01:29:04,350 [pool-316-thread-1] INFO  storage.RaftStorageDirectory (RaftStorageDirectoryImpl.java:tryLock(230)) - Lock on /home/runner/work/ozone/ozone/hadoop-ozone/integration-test/target/test-dir/MiniOzoneClusterImpl-70e57338-dd19-42c4-b060-07a8ff5308af/datanode-1/data/ratis/d1e4f701-3dfa-4d6e-8386-819e6abfa9f4/in_use.lock acquired by nodename 1239@fv-az151-301
2021-11-26 01:29:04,351 [pool-337-thread-1] INFO  storage.RaftStorageDirectory (RaftStorageDirectoryImpl.java:tryLock(230)) - Lock on /home/runner/work/ozone/ozone/hadoop-ozone/integration-test/target/test-dir/MiniOzoneClusterImpl-70e57338-dd19-42c4-b060-07a8ff5308af/datanode-2/data/ratis/8bd0a991-f326-41c5-b045-54fd992928c8/in_use.lock acquired by nodename 1239@fv-az151-301
2021-11-26 01:29:04,352 [pool-337-thread-1] INFO  storage.RaftStorage (RaftStorageImpl.java:format(89)) - Storage directory /home/runner/work/ozone/ozone/hadoop-ozone/integration-test/target/test-dir/MiniOzoneClusterImpl-70e57338-dd19-42c4-b060-07a8ff5308af/datanode-2/data/ratis/8bd0a991-f326-41c5-b045-54fd992928c8 has been successfully formatted.
2021-11-26 01:29:04,352 [pool-337-thread-1] INFO  ratis.ContainerStateMachine (ContainerStateMachine.java:loadSnapshot(224)) - group-54FD992928C8: The snapshot info is null. Setting the last applied indexto:(t:0, i:~)
2021-11-26 01:29:04,352 [pool-337-thread-1] INFO  server.RaftServerConfigKeys (ConfUtils.java:logGet(44)) - raft.server.notification.no-leader.timeout = 300s (custom)
2021-11-26 01:29:04,353 [pool-337-thread-1] INFO  server.RaftServerConfigKeys (ConfUtils.java:logGet(44)) - raft.server.log.use.memory = false (default)
2021-11-26 01:29:04,353 [pool-337-thread-1] INFO  server.RaftServerConfigKeys (ConfUtils.java:logGet(44)) - raft.server.log.purge.gap = 1000000 (custom)
2021-11-26 01:29:04,353 [pool-337-thread-1] INFO  server.RaftServerConfigKeys (ConfUtils.java:logGet(44)) - raft.server.log.appender.buffer.byte-limit = 33554432 (custom)
2021-11-26 01:29:04,353 [pool-337-thread-1] INFO  server.RaftServerConfigKeys (ConfUtils.java:logGet(44)) - raft.server.log.segment.size.max = 1048576 (custom)
2021-11-26 01:29:04,353 [pool-337-thread-1] INFO  server.RaftServerConfigKeys (ConfUtils.java:logGet(44)) - raft.server.log.segment.cache.num.max = 2 (custom)
2021-11-26 01:29:04,353 [pool-337-thread-1] INFO  server.RaftServerConfigKeys (ConfUtils.java:logGet(44)) - raft.server.log.segment.cache.size.max = 200MB (=209715200) (default)
2021-11-26 01:29:04,353 [pool-337-thread-1] INFO  segmented.SegmentedRaftLogWorker (SegmentedRaftLogWorker.java:<init>(182)) - new fa9a63ae-dfc0-4823-af2f-f478aed93153@group-54FD992928C8-SegmentedRaftLogWorker for RaftStorageImpl:Storage Directory /home/runner/work/ozone/ozone/hadoop-ozone/integration-test/target/test-dir/MiniOzoneClusterImpl-70e57338-dd19-42c4-b060-07a8ff5308af/datanode-2/data/ratis/8bd0a991-f326-41c5-b045-54fd992928c8
2021-11-26 01:29:04,353 [pool-337-thread-1] INFO  server.RaftServerConfigKeys (ConfUtils.java:logGet(44)) - raft.server.log.queue.byte-limit = 2147483647 (custom)
2021-11-26 01:29:04,353 [pool-337-thread-1] INFO  server.RaftServerConfigKeys (ConfUtils.java:logGet(44)) - raft.server.log.queue.element-limit = 1024 (custom)
2021-11-26 01:29:04,353 [pool-337-thread-1] INFO  server.RaftServerConfigKeys (ConfUtils.java:logGet(44)) - raft.server.log.segment.size.max = 1048576 (custom)
2021-11-26 01:29:04,353 [pool-337-thread-1] INFO  server.RaftServerConfigKeys (ConfUtils.java:logGet(44)) - raft.server.log.preallocated.size = 16384 (custom)
2021-11-26 01:29:04,353 [pool-337-thread-1] INFO  server.RaftServerConfigKeys (ConfUtils.java:logGet(44)) - raft.server.log.force.sync.num = 128 (default)
2021-11-26 01:29:04,354 [pool-337-thread-1] INFO  server.RaftServerConfigKeys (ConfUtils.java:logGet(44)) - raft.server.log.statemachine.data.sync = true (default)
2021-11-26 01:29:04,354 [pool-337-thread-1] INFO  server.RaftServerConfigKeys (ConfUtils.java:logGet(44)) - raft.server.log.statemachine.data.sync.timeout = 10s (default)
2021-11-26 01:29:04,354 [pool-337-thread-1] INFO  server.RaftServerConfigKeys (ConfUtils.java:logGet(44)) - raft.server.log.statemachine.data.sync.timeout.retry = -1 (default)
2021-11-26 01:29:04,354 [pool-337-thread-1] INFO  server.RaftServerConfigKeys (ConfUtils.java:logGet(44)) - raft.server.log.write.buffer.size = 1048576 (custom)
2021-11-26 01:29:04,355 [pool-337-thread-1] INFO  server.RaftServerConfigKeys (ConfUtils.java:logGet(44)) - raft.server.log.statemachine.data.caching.enabled = true (custom)
2021-11-26 01:29:04,355 [pool-337-thread-1] INFO  segmented.SegmentedRaftLogWorker (SegmentedRaftLogWorker.java:lambda$new$0(133)) - fa9a63ae-dfc0-4823-af2f-f478aed93153@group-54FD992928C8-SegmentedRaftLogWorker: flushIndex: setUnconditionally 0 -> -1
2021-11-26 01:29:04,355 [pool-337-thread-1] INFO  segmented.SegmentedRaftLogWorker (SegmentedRaftLogWorker.java:lambda$new$0(133)) - fa9a63ae-dfc0-4823-af2f-f478aed93153@group-54FD992928C8-SegmentedRaftLogWorker: safeCacheEvictIndex: setUnconditionally 0 -> -1
2021-11-26 01:29:04,357 [pool-316-thread-1] INFO  storage.RaftStorage (RaftStorageImpl.java:format(89)) - Storage directory /home/runner/work/ozone/ozone/hadoop-ozone/integration-test/target/test-dir/MiniOzoneClusterImpl-70e57338-dd19-42c4-b060-07a8ff5308af/datanode-1/data/ratis/d1e4f701-3dfa-4d6e-8386-819e6abfa9f4 has been successfully formatted.
2021-11-26 01:29:04,360 [pool-316-thread-1] INFO  ratis.ContainerStateMachine (ContainerStateMachine.java:loadSnapshot(224)) - group-819E6ABFA9F4: The snapshot info is null. Setting the last applied indexto:(t:0, i:~)
2021-11-26 01:29:04,360 [pool-316-thread-1] INFO  server.RaftServerConfigKeys (ConfUtils.java:logGet(44)) - raft.server.notification.no-leader.timeout = 300s (custom)
2021-11-26 01:29:04,360 [pool-316-thread-1] INFO  server.RaftServerConfigKeys (ConfUtils.java:logGet(44)) - raft.server.log.use.memory = false (default)
2021-11-26 01:29:04,360 [pool-316-thread-1] INFO  server.RaftServerConfigKeys (ConfUtils.java:logGet(44)) - raft.server.log.purge.gap = 1000000 (custom)
2021-11-26 01:29:04,360 [pool-316-thread-1] INFO  server.RaftServerConfigKeys (ConfUtils.java:logGet(44)) - raft.server.log.appender.buffer.byte-limit = 33554432 (custom)
2021-11-26 01:29:04,361 [pool-316-thread-1] INFO  server.RaftServerConfigKeys (ConfUtils.java:logGet(44)) - raft.server.log.segment.size.max = 1048576 (custom)
2021-11-26 01:29:04,361 [pool-316-thread-1] INFO  server.RaftServerConfigKeys (ConfUtils.java:logGet(44)) - raft.server.log.segment.cache.num.max = 2 (custom)
2021-11-26 01:29:04,361 [pool-316-thread-1] INFO  server.RaftServerConfigKeys (ConfUtils.java:logGet(44)) - raft.server.log.segment.cache.size.max = 200MB (=209715200) (default)
2021-11-26 01:29:04,361 [pool-316-thread-1] INFO  segmented.SegmentedRaftLogWorker (SegmentedRaftLogWorker.java:<init>(182)) - new e6079862-fe37-43a4-a998-6eeab30b5c75@group-819E6ABFA9F4-SegmentedRaftLogWorker for RaftStorageImpl:Storage Directory /home/runner/work/ozone/ozone/hadoop-ozone/integration-test/target/test-dir/MiniOzoneClusterImpl-70e57338-dd19-42c4-b060-07a8ff5308af/datanode-1/data/ratis/d1e4f701-3dfa-4d6e-8386-819e6abfa9f4
2021-11-26 01:29:04,361 [pool-316-thread-1] INFO  server.RaftServerConfigKeys (ConfUtils.java:logGet(44)) - raft.server.log.queue.byte-limit = 2147483647 (custom)
2021-11-26 01:29:04,361 [pool-316-thread-1] INFO  server.RaftServerConfigKeys (ConfUtils.java:logGet(44)) - raft.server.log.queue.element-limit = 1024 (custom)
2021-11-26 01:29:04,361 [pool-316-thread-1] INFO  server.RaftServerConfigKeys (ConfUtils.java:logGet(44)) - raft.server.log.segment.size.max = 1048576 (custom)
2021-11-26 01:29:04,361 [pool-316-thread-1] INFO  server.RaftServerConfigKeys (ConfUtils.java:logGet(44)) - raft.server.log.preallocated.size = 16384 (custom)
2021-11-26 01:29:04,361 [pool-316-thread-1] INFO  server.RaftServerConfigKeys (ConfUtils.java:logGet(44)) - raft.server.log.force.sync.num = 128 (default)
2021-11-26 01:29:04,361 [pool-316-thread-1] INFO  server.RaftServerConfigKeys (ConfUtils.java:logGet(44)) - raft.server.log.statemachine.data.sync = true (default)
2021-11-26 01:29:04,361 [pool-316-thread-1] INFO  server.RaftServerConfigKeys (ConfUtils.java:logGet(44)) - raft.server.log.statemachine.data.sync.timeout = 10s (default)
2021-11-26 01:29:04,361 [pool-316-thread-1] INFO  server.RaftServerConfigKeys (ConfUtils.java:logGet(44)) - raft.server.log.statemachine.data.sync.timeout.retry = -1 (default)
2021-11-26 01:29:04,364 [EventQueue-PipelineReportForPipelineReportHandler] INFO  pipeline.PipelineManagerImpl (PipelineManagerImpl.java:openPipeline(289)) - Pipeline Pipeline[ Id: d1e4f701-3dfa-4d6e-8386-819e6abfa9f4, Nodes: e6079862-fe37-43a4-a998-6eeab30b5c75{ip: 127.0.0.1, host: localhost, ports: [REPLICATION=38829, RATIS=44915, RATIS_ADMIN=44915, RATIS_SERVER=44915, STANDALONE=37843], networkLocation: /default-rack, certSerialId: null, persistedOpState: IN_SERVICE, persistedOpStateExpiryEpochSec: 0}, ReplicationConfig: RATIS/ONE, State:ALLOCATED, leaderId:e6079862-fe37-43a4-a998-6eeab30b5c75, CreationTimestamp2021-11-26T01:29:01.343Z[Etc/UTC]] moved to OPEN state
2021-11-26 01:29:04,365 [EventQueue-PipelineReportForPipelineReportHandler] INFO  ha.SCMHAInvocationHandler (SCMHAInvocationHandler.java:invokeRatis(113)) - Invoking method public abstract void org.apache.hadoop.hdds.scm.pipeline.PipelineStateManager.updatePipelineState(org.apache.hadoop.hdds.protocol.proto.HddsProtos$PipelineID,org.apache.hadoop.hdds.protocol.proto.HddsProtos$PipelineState) throws java.io.IOException on target org.apache.hadoop.hdds.scm.ha.SCMRatisServerImpl@6c58e33f, cost 700.106us
2021-11-26 01:29:04,365 [EventQueue-PipelineReportForPipelineReportHandler] INFO  pipeline.PipelineManagerImpl (PipelineManagerImpl.java:openPipeline(289)) - Pipeline Pipeline[ Id: d1e4f701-3dfa-4d6e-8386-819e6abfa9f4, Nodes: e6079862-fe37-43a4-a998-6eeab30b5c75{ip: 127.0.0.1, host: localhost, ports: [REPLICATION=38829, RATIS=44915, RATIS_ADMIN=44915, RATIS_SERVER=44915, STANDALONE=37843], networkLocation: /default-rack, certSerialId: null, persistedOpState: IN_SERVICE, persistedOpStateExpiryEpochSec: 0}, ReplicationConfig: RATIS/ONE, State:ALLOCATED, leaderId:e6079862-fe37-43a4-a998-6eeab30b5c75, CreationTimestamp2021-11-26T01:29:01.343Z[Etc/UTC]] moved to OPEN state
2021-11-26 01:29:04,369 [pool-316-thread-1] INFO  server.RaftServerConfigKeys (ConfUtils.java:logGet(44)) - raft.server.log.write.buffer.size = 1048576 (custom)
2021-11-26 01:29:04,370 [pool-316-thread-1] INFO  server.RaftServerConfigKeys (ConfUtils.java:logGet(44)) - raft.server.log.statemachine.data.caching.enabled = true (custom)
2021-11-26 01:29:04,371 [pool-316-thread-1] INFO  segmented.SegmentedRaftLogWorker (SegmentedRaftLogWorker.java:lambda$new$0(133)) - e6079862-fe37-43a4-a998-6eeab30b5c75@group-819E6ABFA9F4-SegmentedRaftLogWorker: flushIndex: setUnconditionally 0 -> -1
2021-11-26 01:29:04,371 [pool-316-thread-1] INFO  segmented.SegmentedRaftLogWorker (SegmentedRaftLogWorker.java:lambda$new$0(133)) - e6079862-fe37-43a4-a998-6eeab30b5c75@group-819E6ABFA9F4-SegmentedRaftLogWorker: safeCacheEvictIndex: setUnconditionally 0 -> -1
2021-11-26 01:29:04,371 [pool-337-thread-1] INFO  server.RaftServerConfigKeys (ConfUtils.java:logGet(44)) - raft.server.snapshot.auto.trigger.enabled = true (custom)
2021-11-26 01:29:04,371 [pool-337-thread-1] INFO  server.RaftServerConfigKeys (ConfUtils.java:logGet(44)) - raft.server.snapshot.auto.trigger.threshold = 10000 (custom)
2021-11-26 01:29:04,371 [pool-337-thread-1] INFO  server.RaftServerConfigKeys (ConfUtils.java:logGet(44)) - raft.server.snapshot.retention.file.num = 5 (custom)
2021-11-26 01:29:04,371 [pool-337-thread-1] INFO  server.RaftServerConfigKeys (ConfUtils.java:logGet(44)) - raft.server.log.purge.upto.snapshot.index = false (default)
2021-11-26 01:29:04,373 [pool-337-thread-1] INFO  server.RaftServerConfigKeys (ConfUtils.java:logGet(44)) - raft.server.retrycache.expirytime = 600000ms (custom)
2021-11-26 01:29:04,374 [pool-337-thread-1] INFO  server.RaftServerConfigKeys (ConfUtils.java:logGet(44)) - raft.server.retrycache.statistics.expirytime = 100μs (default)
2021-11-26 01:29:04,375 [pool-337-thread-1] INFO  server.RaftServer$Division (RaftServerImpl.java:start(301)) - fa9a63ae-dfc0-4823-af2f-f478aed93153@group-54FD992928C8: start as a follower, conf=-1: [e6079862-fe37-43a4-a998-6eeab30b5c75|rpc:127.0.0.1:44915|dataStream:|priority:0, fa9a63ae-dfc0-4823-af2f-f478aed93153|rpc:127.0.0.1:42615|dataStream:|priority:1, e868a3a3-c0d9-49f0-b374-aca42e6594e7|rpc:127.0.0.1:39195|dataStream:|priority:0], old=null
2021-11-26 01:29:04,375 [pool-337-thread-1] INFO  server.RaftServer$Division (RaftServerImpl.java:setRole(290)) - fa9a63ae-dfc0-4823-af2f-f478aed93153@group-54FD992928C8: changes role from      null to FOLLOWER at term 0 for startAsFollower
2021-11-26 01:29:04,380 [pool-316-thread-1] INFO  server.RaftServerConfigKeys (ConfUtils.java:logGet(44)) - raft.server.snapshot.auto.trigger.enabled = true (custom)
2021-11-26 01:29:04,380 [pool-316-thread-1] INFO  server.RaftServerConfigKeys (ConfUtils.java:logGet(44)) - raft.server.snapshot.auto.trigger.threshold = 10000 (custom)
2021-11-26 01:29:04,380 [pool-316-thread-1] INFO  server.RaftServerConfigKeys (ConfUtils.java:logGet(44)) - raft.server.snapshot.retention.file.num = 5 (custom)
2021-11-26 01:29:04,380 [pool-316-thread-1] INFO  server.RaftServerConfigKeys (ConfUtils.java:logGet(44)) - raft.server.log.purge.upto.snapshot.index = false (default)
2021-11-26 01:29:04,380 [pool-316-thread-1] INFO  server.RaftServerConfigKeys (ConfUtils.java:logGet(44)) - raft.server.retrycache.expirytime = 600000ms (custom)
2021-11-26 01:29:04,380 [pool-316-thread-1] INFO  server.RaftServerConfigKeys (ConfUtils.java:logGet(44)) - raft.server.retrycache.statistics.expirytime = 100μs (default)
2021-11-26 01:29:04,381 [pool-316-thread-1] INFO  server.RaftServer$Division (RaftServerImpl.java:start(301)) - e6079862-fe37-43a4-a998-6eeab30b5c75@group-819E6ABFA9F4: start as a follower, conf=-1: [e6079862-fe37-43a4-a998-6eeab30b5c75|rpc:127.0.0.1:44915|priority:1], old=null
2021-11-26 01:29:04,381 [pool-316-thread-1] INFO  server.RaftServer$Division (RaftServerImpl.java:setRole(290)) - e6079862-fe37-43a4-a998-6eeab30b5c75@group-819E6ABFA9F4: changes role from      null to FOLLOWER at term 0 for startAsFollower
2021-11-26 01:29:04,381 [pool-316-thread-1] INFO  impl.RoleInfo (RoleInfo.java:updateAndGet(130)) - e6079862-fe37-43a4-a998-6eeab30b5c75: start e6079862-fe37-43a4-a998-6eeab30b5c75@group-819E6ABFA9F4-FollowerState
2021-11-26 01:29:04,388 [pool-316-thread-1] INFO  util.JmxRegister (JmxRegister.java:tryRegister(44)) - Successfully registered JMX Bean with object name Ratis:service=RaftServer,group=group-819E6ABFA9F4,id=e6079862-fe37-43a4-a998-6eeab30b5c75
2021-11-26 01:29:04,404 [Command processor thread] INFO  ratis.XceiverServerRatis (XceiverServerRatis.java:addGroup(768)) - Created group PipelineID=d1e4f701-3dfa-4d6e-8386-819e6abfa9f4
2021-11-26 01:29:04,404 [Command processor thread] INFO  commandhandler.CreatePipelineCommandHandler (CreatePipelineCommandHandler.java:handle(106)) - Created Pipeline RATIS ONE PipelineID=d1e4f701-3dfa-4d6e-8386-819e6abfa9f4.
2021-11-26 01:29:04,404 [Command processor thread] INFO  server.RaftServer (RaftServerProxy.java:addNew(95)) - e6079862-fe37-43a4-a998-6eeab30b5c75: addNew group-54FD992928C8:[e6079862-fe37-43a4-a998-6eeab30b5c75|rpc:127.0.0.1:44915|priority:0, fa9a63ae-dfc0-4823-af2f-f478aed93153|rpc:127.0.0.1:42615|priority:1, e868a3a3-c0d9-49f0-b374-aca42e6594e7|rpc:127.0.0.1:39195|priority:0] returns group-54FD992928C8:java.util.concurrent.CompletableFuture@394bf7f7[Not completed]
2021-11-26 01:29:04,406 [pool-316-thread-1] INFO  server.RaftServer$Division (RaftServerImpl.java:<init>(184)) - e6079862-fe37-43a4-a998-6eeab30b5c75: new RaftServerImpl for group-54FD992928C8:[e6079862-fe37-43a4-a998-6eeab30b5c75|rpc:127.0.0.1:44915|priority:0, fa9a63ae-dfc0-4823-af2f-f478aed93153|rpc:127.0.0.1:42615|priority:1, e868a3a3-c0d9-49f0-b374-aca42e6594e7|rpc:127.0.0.1:39195|priority:0] with ContainerStateMachine:uninitialized
2021-11-26 01:29:04,406 [pool-316-thread-1] INFO  server.RaftServerConfigKeys (ConfUtils.java:logGet(44)) - raft.server.rpc.timeout.min = 5s (custom)
2021-11-26 01:29:04,406 [pool-316-thread-1] INFO  server.RaftServerConfigKeys (ConfUtils.java:logGet(44)) - raft.server.rpc.timeout.max = 5200ms (custom)
2021-11-26 01:29:04,406 [pool-316-thread-1] INFO  server.RaftServerConfigKeys (ConfUtils.java:logGet(44)) - raft.server.rpc.sleep.time = 25ms (default)
2021-11-26 01:29:04,406 [pool-316-thread-1] INFO  server.RaftServerConfigKeys (ConfUtils.java:logGet(44)) - raft.server.rpc.slowness.timeout = 300s (custom)
2021-11-26 01:29:04,406 [pool-316-thread-1] INFO  server.RaftServerConfigKeys (ConfUtils.java:logGet(44)) - raft.server.leaderelection.leader.step-down.wait-time = 10s (default)
2021-11-26 01:29:04,406 [pool-316-thread-1] INFO  server.RaftServerConfigKeys (ConfUtils.java:logGet(44)) - raft.server.sleep.deviation.threshold = 300ms (default)
2021-11-26 01:29:04,406 [pool-316-thread-1] INFO  server.RaftServerConfigKeys (ConfUtils.java:logGet(44)) - raft.server.log.appender.install.snapshot.enabled = false (custom)
2021-11-26 01:29:04,406 [pool-316-thread-1] INFO  server.RaftServer$Division (ServerState.java:<init>(105)) - e6079862-fe37-43a4-a998-6eeab30b5c75@group-54FD992928C8: ConfigurationManager, init=-1: [e6079862-fe37-43a4-a998-6eeab30b5c75|rpc:127.0.0.1:44915|priority:0, fa9a63ae-dfc0-4823-af2f-f478aed93153|rpc:127.0.0.1:42615|priority:1, e868a3a3-c0d9-49f0-b374-aca42e6594e7|rpc:127.0.0.1:39195|priority:0], old=null, confs=<EMPTY_MAP>
2021-11-26 01:29:04,406 [pool-316-thread-1] INFO  server.RaftServerConfigKeys (ConfUtils.java:logGet(44)) - raft.server.storage.dir = [/home/runner/work/ozone/ozone/hadoop-ozone/integration-test/target/test-dir/MiniOzoneClusterImpl-70e57338-dd19-42c4-b060-07a8ff5308af/datanode-1/data/ratis] (custom)
2021-11-26 01:29:04,406 [pool-316-thread-1] INFO  server.RaftServerConfigKeys (ConfUtils.java:logGet(44)) - raft.server.log.corruption.policy = EXCEPTION (default)
2021-11-26 01:29:04,406 [pool-316-thread-1] INFO  server.RaftServerConfigKeys (ConfUtils.java:logGet(44)) - raft.server.storage.free-space.min = 0MB (=0) (default)
2021-11-26 01:29:04,406 [pool-316-thread-1] INFO  storage.RaftStorageDirectory (RaftStorageDirectoryImpl.java:analyzeStorage(135)) - The storage directory /home/runner/work/ozone/ozone/hadoop-ozone/integration-test/target/test-dir/MiniOzoneClusterImpl-70e57338-dd19-42c4-b060-07a8ff5308af/datanode-1/data/ratis/8bd0a991-f326-41c5-b045-54fd992928c8 does not exist. Creating ...
2021-11-26 01:29:04,408 [pool-337-thread-1] INFO  impl.RoleInfo (RoleInfo.java:updateAndGet(130)) - fa9a63ae-dfc0-4823-af2f-f478aed93153: start fa9a63ae-dfc0-4823-af2f-f478aed93153@group-54FD992928C8-FollowerState
2021-11-26 01:29:04,409 [878f4670-2ce0-4ee1-8021-0f5a1e33ae40@group-07A8FF5308AF-StateMachineUpdater] INFO  ha.SCMStateMachine (SCMStateMachine.java:takeSnapshot(297)) - Current Snapshot Index 18, takeSnapshot took 0 ms
2021-11-26 01:29:04,409 [878f4670-2ce0-4ee1-8021-0f5a1e33ae40@group-07A8FF5308AF-StateMachineUpdater] INFO  impl.StateMachineUpdater (StateMachineUpdater.java:takeSnapshot(281)) - 878f4670-2ce0-4ee1-8021-0f5a1e33ae40@group-07A8FF5308AF-StateMachineUpdater: Took a snapshot at index 18
2021-11-26 01:29:04,409 [878f4670-2ce0-4ee1-8021-0f5a1e33ae40@group-07A8FF5308AF-StateMachineUpdater] INFO  impl.StateMachineUpdater (StateMachineUpdater.java:lambda$new$0(89)) - 878f4670-2ce0-4ee1-8021-0f5a1e33ae40@group-07A8FF5308AF-StateMachineUpdater: snapshotIndex: updateIncreasingly 13 -> 18
2021-11-26 01:29:04,409 [878f4670-2ce0-4ee1-8021-0f5a1e33ae40@group-07A8FF5308AF-StateMachineUpdater] INFO  raftlog.RaftLog (RaftLogBase.java:purge(306)) - 878f4670-2ce0-4ee1-8021-0f5a1e33ae40@group-07A8FF5308AF-SegmentedRaftLog: purge 18
2021-11-26 01:29:04,409 [878f4670-2ce0-4ee1-8021-0f5a1e33ae40@group-07A8FF5308AF-StateMachineUpdater] INFO  raftlog.RaftLog (RaftLogBase.java:lambda$new$0(53)) - 878f4670-2ce0-4ee1-8021-0f5a1e33ae40@group-07A8FF5308AF-SegmentedRaftLog: snapshotIndex: updateIncreasingly 13 -> 18
2021-11-26 01:29:04,409 [878f4670-2ce0-4ee1-8021-0f5a1e33ae40@group-07A8FF5308AF-StateMachineUpdater] INFO  raftlog.RaftLog (RaftLogBase.java:lambda$new$0(53)) - 878f4670-2ce0-4ee1-8021-0f5a1e33ae40@group-07A8FF5308AF-SegmentedRaftLog: purgeIndex: updateToMax old=13, new=18, updated? true
2021-11-26 01:29:04,410 [pool-316-thread-1] INFO  storage.RaftStorageDirectory (RaftStorageDirectoryImpl.java:tryLock(230)) - Lock on /home/runner/work/ozone/ozone/hadoop-ozone/integration-test/target/test-dir/MiniOzoneClusterImpl-70e57338-dd19-42c4-b060-07a8ff5308af/datanode-1/data/ratis/8bd0a991-f326-41c5-b045-54fd992928c8/in_use.lock acquired by nodename 1239@fv-az151-301
2021-11-26 01:29:04,411 [pool-316-thread-1] INFO  storage.RaftStorage (RaftStorageImpl.java:format(89)) - Storage directory /home/runner/work/ozone/ozone/hadoop-ozone/integration-test/target/test-dir/MiniOzoneClusterImpl-70e57338-dd19-42c4-b060-07a8ff5308af/datanode-1/data/ratis/8bd0a991-f326-41c5-b045-54fd992928c8 has been successfully formatted.
2021-11-26 01:29:04,412 [ec3f45f6-a064-4412-8226-4654181b7e55@group-07A8FF5308AF-StateMachineUpdater] INFO  safemode.HealthyPipelineSafeModeRule (HealthyPipelineSafeModeRule.java:initializeRule(152)) - Refreshed total pipeline count is 0, healthy pipeline threshold count is 1
2021-11-26 01:29:04,413 [EventQueue-PipelineReportForPipelineReportHandler] INFO  ha.SCMHAInvocationHandler (SCMHAInvocationHandler.java:invokeRatis(113)) - Invoking method public abstract void org.apache.hadoop.hdds.scm.pipeline.PipelineStateManager.updatePipelineState(org.apache.hadoop.hdds.protocol.proto.HddsProtos$PipelineID,org.apache.hadoop.hdds.protocol.proto.HddsProtos$PipelineState) throws java.io.IOException on target org.apache.hadoop.hdds.scm.ha.SCMRatisServerImpl@7131fc1, cost 47928.224us
2021-11-26 01:29:04,413 [EventQueue-OpenPipelineForHealthyPipelineSafeModeRule] INFO  safemode.SCMSafeModeManager (HealthyPipelineSafeModeRule.java:process(124)) - SCM in safe mode. Healthy pipelines reported count is 0, required healthy pipeline reported count is 1
2021-11-26 01:29:04,420 [pool-337-thread-1] INFO  util.JmxRegister (JmxRegister.java:tryRegister(44)) - Successfully registered JMX Bean with object name Ratis:service=RaftServer,group=group-54FD992928C8,id=fa9a63ae-dfc0-4823-af2f-f478aed93153
2021-11-26 01:29:04,432 [pool-316-thread-1] INFO  ratis.ContainerStateMachine (ContainerStateMachine.java:loadSnapshot(224)) - group-54FD992928C8: The snapshot info is null. Setting the last applied indexto:(t:0, i:~)
2021-11-26 01:29:04,432 [878f4670-2ce0-4ee1-8021-0f5a1e33ae40@group-07A8FF5308AF-StateMachineUpdater] INFO  safemode.HealthyPipelineSafeModeRule (HealthyPipelineSafeModeRule.java:initializeRule(152)) - Refreshed total pipeline count is 0, healthy pipeline threshold count is 1
2021-11-26 01:29:04,436 [ec3f45f6-a064-4412-8226-4654181b7e55@group-07A8FF5308AF-StateMachineUpdater] INFO  ha.SCMStateMachine (SCMStateMachine.java:takeSnapshot(297)) - Current Snapshot Index 20, takeSnapshot took 0 ms
2021-11-26 01:29:04,437 [ec3f45f6-a064-4412-8226-4654181b7e55@group-07A8FF5308AF-StateMachineUpdater] INFO  impl.StateMachineUpdater (StateMachineUpdater.java:takeSnapshot(281)) - ec3f45f6-a064-4412-8226-4654181b7e55@group-07A8FF5308AF-StateMachineUpdater: Took a snapshot at index 20
2021-11-26 01:29:04,437 [ec3f45f6-a064-4412-8226-4654181b7e55@group-07A8FF5308AF-StateMachineUpdater] INFO  impl.StateMachineUpdater (StateMachineUpdater.java:lambda$new$0(89)) - ec3f45f6-a064-4412-8226-4654181b7e55@group-07A8FF5308AF-StateMachineUpdater: snapshotIndex: updateIncreasingly 15 -> 20
2021-11-26 01:29:04,437 [ec3f45f6-a064-4412-8226-4654181b7e55@group-07A8FF5308AF-StateMachineUpdater] INFO  raftlog.RaftLog (RaftLogBase.java:purge(306)) - ec3f45f6-a064-4412-8226-4654181b7e55@group-07A8FF5308AF-SegmentedRaftLog: purge 20
2021-11-26 01:29:04,437 [ec3f45f6-a064-4412-8226-4654181b7e55@group-07A8FF5308AF-StateMachineUpdater] INFO  raftlog.RaftLog (RaftLogBase.java:lambda$new$0(53)) - ec3f45f6-a064-4412-8226-4654181b7e55@group-07A8FF5308AF-SegmentedRaftLog: snapshotIndex: updateIncreasingly 15 -> 20
2021-11-26 01:29:04,437 [ec3f45f6-a064-4412-8226-4654181b7e55@group-07A8FF5308AF-StateMachineUpdater] INFO  raftlog.RaftLog (RaftLogBase.java:lambda$new$0(53)) - ec3f45f6-a064-4412-8226-4654181b7e55@group-07A8FF5308AF-SegmentedRaftLog: purgeIndex: updateToMax old=15, new=20, updated? true
2021-11-26 01:29:04,437 [pool-316-thread-1] INFO  server.RaftServerConfigKeys (ConfUtils.java:logGet(44)) - raft.server.notification.no-leader.timeout = 300s (custom)
2021-11-26 01:29:04,437 [pool-316-thread-1] INFO  server.RaftServerConfigKeys (ConfUtils.java:logGet(44)) - raft.server.log.use.memory = false (default)
2021-11-26 01:29:04,437 [pool-316-thread-1] INFO  server.RaftServerConfigKeys (ConfUtils.java:logGet(44)) - raft.server.log.purge.gap = 1000000 (custom)
2021-11-26 01:29:04,437 [pool-316-thread-1] INFO  server.RaftServerConfigKeys (ConfUtils.java:logGet(44)) - raft.server.log.appender.buffer.byte-limit = 33554432 (custom)
2021-11-26 01:29:04,437 [pool-316-thread-1] INFO  server.RaftServerConfigKeys (ConfUtils.java:logGet(44)) - raft.server.log.segment.size.max = 1048576 (custom)
2021-11-26 01:29:04,438 [pool-316-thread-1] INFO  server.RaftServerConfigKeys (ConfUtils.java:logGet(44)) - raft.server.log.segment.cache.num.max = 2 (custom)
2021-11-26 01:29:04,438 [pool-316-thread-1] INFO  server.RaftServerConfigKeys (ConfUtils.java:logGet(44)) - raft.server.log.segment.cache.size.max = 200MB (=209715200) (default)
2021-11-26 01:29:04,438 [pool-316-thread-1] INFO  segmented.SegmentedRaftLogWorker (SegmentedRaftLogWorker.java:<init>(182)) - new e6079862-fe37-43a4-a998-6eeab30b5c75@group-54FD992928C8-SegmentedRaftLogWorker for RaftStorageImpl:Storage Directory /home/runner/work/ozone/ozone/hadoop-ozone/integration-test/target/test-dir/MiniOzoneClusterImpl-70e57338-dd19-42c4-b060-07a8ff5308af/datanode-1/data/ratis/8bd0a991-f326-41c5-b045-54fd992928c8
2021-11-26 01:29:04,438 [pool-316-thread-1] INFO  server.RaftServerConfigKeys (ConfUtils.java:logGet(44)) - raft.server.log.queue.byte-limit = 2147483647 (custom)
2021-11-26 01:29:04,438 [pool-316-thread-1] INFO  server.RaftServerConfigKeys (ConfUtils.java:logGet(44)) - raft.server.log.queue.element-limit = 1024 (custom)
2021-11-26 01:29:04,438 [pool-316-thread-1] INFO  server.RaftServerConfigKeys (ConfUtils.java:logGet(44)) - raft.server.log.segment.size.max = 1048576 (custom)
2021-11-26 01:29:04,438 [pool-316-thread-1] INFO  server.RaftServerConfigKeys (ConfUtils.java:logGet(44)) - raft.server.log.preallocated.size = 16384 (custom)
2021-11-26 01:29:04,438 [pool-316-thread-1] INFO  server.RaftServerConfigKeys (ConfUtils.java:logGet(44)) - raft.server.log.force.sync.num = 128 (default)
2021-11-26 01:29:04,438 [pool-316-thread-1] INFO  server.RaftServerConfigKeys (ConfUtils.java:logGet(44)) - raft.server.log.statemachine.data.sync = true (default)
2021-11-26 01:29:04,438 [pool-316-thread-1] INFO  server.RaftServerConfigKeys (ConfUtils.java:logGet(44)) - raft.server.log.statemachine.data.sync.timeout = 10s (default)
2021-11-26 01:29:04,438 [pool-316-thread-1] INFO  server.RaftServerConfigKeys (ConfUtils.java:logGet(44)) - raft.server.log.statemachine.data.sync.timeout.retry = -1 (default)
2021-11-26 01:29:04,443 [EventQueue-OpenPipelineForHealthyPipelineSafeModeRule] INFO  safemode.SCMSafeModeManager (HealthyPipelineSafeModeRule.java:process(124)) - SCM in safe mode. Healthy pipelines reported count is 0, required healthy pipeline reported count is 1
2021-11-26 01:29:04,449 [EventQueue-OpenPipelineForHealthyPipelineSafeModeRule] INFO  safemode.SCMSafeModeManager (HealthyPipelineSafeModeRule.java:process(124)) - SCM in safe mode. Healthy pipelines reported count is 0, required healthy pipeline reported count is 1
2021-11-26 01:29:04,449 [pool-316-thread-1] INFO  server.RaftServerConfigKeys (ConfUtils.java:logGet(44)) - raft.server.log.write.buffer.size = 1048576 (custom)
2021-11-26 01:29:04,452 [pool-316-thread-1] INFO  server.RaftServerConfigKeys (ConfUtils.java:logGet(44)) - raft.server.log.statemachine.data.caching.enabled = true (custom)
2021-11-26 01:29:04,453 [pool-316-thread-1] INFO  segmented.SegmentedRaftLogWorker (SegmentedRaftLogWorker.java:lambda$new$0(133)) - e6079862-fe37-43a4-a998-6eeab30b5c75@group-54FD992928C8-SegmentedRaftLogWorker: flushIndex: setUnconditionally 0 -> -1
2021-11-26 01:29:04,453 [pool-316-thread-1] INFO  segmented.SegmentedRaftLogWorker (SegmentedRaftLogWorker.java:lambda$new$0(133)) - e6079862-fe37-43a4-a998-6eeab30b5c75@group-54FD992928C8-SegmentedRaftLogWorker: safeCacheEvictIndex: setUnconditionally 0 -> -1
2021-11-26 01:29:04,453 [pool-316-thread-1] INFO  server.RaftServerConfigKeys (ConfUtils.java:logGet(44)) - raft.server.snapshot.auto.trigger.enabled = true (custom)
2021-11-26 01:29:04,459 [pool-316-thread-1] INFO  server.RaftServerConfigKeys (ConfUtils.java:logGet(44)) - raft.server.snapshot.auto.trigger.threshold = 10000 (custom)
2021-11-26 01:29:04,459 [pool-316-thread-1] INFO  server.RaftServerConfigKeys (ConfUtils.java:logGet(44)) - raft.server.snapshot.retention.file.num = 5 (custom)
2021-11-26 01:29:04,459 [pool-316-thread-1] INFO  server.RaftServerConfigKeys (ConfUtils.java:logGet(44)) - raft.server.log.purge.upto.snapshot.index = false (default)
2021-11-26 01:29:04,459 [pool-316-thread-1] INFO  server.RaftServerConfigKeys (ConfUtils.java:logGet(44)) - raft.server.retrycache.expirytime = 600000ms (custom)
2021-11-26 01:29:04,459 [pool-316-thread-1] INFO  server.RaftServerConfigKeys (ConfUtils.java:logGet(44)) - raft.server.retrycache.statistics.expirytime = 100μs (default)
2021-11-26 01:29:04,460 [pool-316-thread-1] INFO  server.RaftServer$Division (RaftServerImpl.java:start(301)) - e6079862-fe37-43a4-a998-6eeab30b5c75@group-54FD992928C8: start as a follower, conf=-1: [e6079862-fe37-43a4-a998-6eeab30b5c75|rpc:127.0.0.1:44915|priority:0, fa9a63ae-dfc0-4823-af2f-f478aed93153|rpc:127.0.0.1:42615|priority:1, e868a3a3-c0d9-49f0-b374-aca42e6594e7|rpc:127.0.0.1:39195|priority:0], old=null
2021-11-26 01:29:04,460 [pool-316-thread-1] INFO  server.RaftServer$Division (RaftServerImpl.java:setRole(290)) - e6079862-fe37-43a4-a998-6eeab30b5c75@group-54FD992928C8: changes role from      null to FOLLOWER at term 0 for startAsFollower
2021-11-26 01:29:04,460 [pool-316-thread-1] INFO  impl.RoleInfo (RoleInfo.java:updateAndGet(130)) - e6079862-fe37-43a4-a998-6eeab30b5c75: start e6079862-fe37-43a4-a998-6eeab30b5c75@group-54FD992928C8-FollowerState
2021-11-26 01:29:04,469 [pool-316-thread-1] INFO  util.JmxRegister (JmxRegister.java:tryRegister(44)) - Successfully registered JMX Bean with object name Ratis:service=RaftServer,group=group-54FD992928C8,id=e6079862-fe37-43a4-a998-6eeab30b5c75
2021-11-26 01:29:04,469 [Command processor thread] INFO  ratis.XceiverServerRatis (XceiverServerRatis.java:addGroup(768)) - Created group PipelineID=8bd0a991-f326-41c5-b045-54fd992928c8
2021-11-26 01:29:04,480 [Command processor thread] INFO  commandhandler.CreatePipelineCommandHandler (CreatePipelineCommandHandler.java:handle(106)) - Created Pipeline RATIS THREE PipelineID=8bd0a991-f326-41c5-b045-54fd992928c8.
2021-11-26 01:29:04,563 [Command processor thread] INFO  commandhandler.CreatePipelineCommandHandler (CreatePipelineCommandHandler.java:handle(106)) - Created Pipeline RATIS THREE PipelineID=8bd0a991-f326-41c5-b045-54fd992928c8.
2021-11-26 01:29:04,857 [Listener at 127.0.0.1/10172] INFO  ozone.MiniOzoneClusterImpl (MiniOzoneClusterImpl.java:lambda$waitForClusterToBeReady$0(235)) - Nodes are ready. Got 3 of 3 DN Heartbeats.
2021-11-26 01:29:04,857 [Listener at 127.0.0.1/10172] INFO  ozone.MiniOzoneClusterImpl (MiniOzoneClusterImpl.java:lambda$waitForClusterToBeReady$0(238)) - Waiting for cluster to exit safe mode
2021-11-26 01:29:04,857 [Listener at 127.0.0.1/10172] INFO  ozone.MiniOzoneClusterImpl (MiniOzoneClusterImpl.java:lambda$waitForClusterToBeReady$0(240)) - SCM became leader
2021-11-26 01:29:04,882 [Command processor thread] INFO  server.RaftServer (RaftServerProxy.java:addNew(95)) - fa9a63ae-dfc0-4823-af2f-f478aed93153: addNew group-700504CFAA66:[fa9a63ae-dfc0-4823-af2f-f478aed93153|rpc:127.0.0.1:42615|priority:1] returns group-700504CFAA66:java.util.concurrent.CompletableFuture@76e58d21[Not completed]
2021-11-26 01:29:04,965 [pool-337-thread-1] INFO  server.RaftServer$Division (RaftServerImpl.java:<init>(184)) - fa9a63ae-dfc0-4823-af2f-f478aed93153: new RaftServerImpl for group-700504CFAA66:[fa9a63ae-dfc0-4823-af2f-f478aed93153|rpc:127.0.0.1:42615|priority:1] with ContainerStateMachine:uninitialized
2021-11-26 01:29:04,965 [pool-337-thread-1] INFO  server.RaftServerConfigKeys (ConfUtils.java:logGet(44)) - raft.server.rpc.timeout.min = 5s (custom)
2021-11-26 01:29:04,965 [pool-337-thread-1] INFO  server.RaftServerConfigKeys (ConfUtils.java:logGet(44)) - raft.server.rpc.timeout.max = 5200ms (custom)
2021-11-26 01:29:04,965 [pool-337-thread-1] INFO  server.RaftServerConfigKeys (ConfUtils.java:logGet(44)) - raft.server.rpc.sleep.time = 25ms (default)
2021-11-26 01:29:04,965 [pool-337-thread-1] INFO  server.RaftServerConfigKeys (ConfUtils.java:logGet(44)) - raft.server.rpc.slowness.timeout = 300s (custom)
2021-11-26 01:29:04,965 [pool-337-thread-1] INFO  server.RaftServerConfigKeys (ConfUtils.java:logGet(44)) - raft.server.leaderelection.leader.step-down.wait-time = 10s (default)
2021-11-26 01:29:04,965 [pool-337-thread-1] INFO  server.RaftServerConfigKeys (ConfUtils.java:logGet(44)) - raft.server.sleep.deviation.threshold = 300ms (default)
2021-11-26 01:29:04,965 [pool-337-thread-1] INFO  server.RaftServerConfigKeys (ConfUtils.java:logGet(44)) - raft.server.log.appender.install.snapshot.enabled = false (custom)
2021-11-26 01:29:04,965 [pool-337-thread-1] INFO  server.RaftServer$Division (ServerState.java:<init>(105)) - fa9a63ae-dfc0-4823-af2f-f478aed93153@group-700504CFAA66: ConfigurationManager, init=-1: [fa9a63ae-dfc0-4823-af2f-f478aed93153|rpc:127.0.0.1:42615|priority:1], old=null, confs=<EMPTY_MAP>
2021-11-26 01:29:04,965 [pool-337-thread-1] INFO  server.RaftServerConfigKeys (ConfUtils.java:logGet(44)) - raft.server.storage.dir = [/home/runner/work/ozone/ozone/hadoop-ozone/integration-test/target/test-dir/MiniOzoneClusterImpl-70e57338-dd19-42c4-b060-07a8ff5308af/datanode-2/data/ratis] (custom)
2021-11-26 01:29:04,965 [pool-337-thread-1] INFO  server.RaftServerConfigKeys (ConfUtils.java:logGet(44)) - raft.server.log.corruption.policy = EXCEPTION (default)
2021-11-26 01:29:04,966 [pool-337-thread-1] INFO  server.RaftServerConfigKeys (ConfUtils.java:logGet(44)) - raft.server.storage.free-space.min = 0MB (=0) (default)
2021-11-26 01:29:04,966 [pool-337-thread-1] INFO  storage.RaftStorageDirectory (RaftStorageDirectoryImpl.java:analyzeStorage(135)) - The storage directory /home/runner/work/ozone/ozone/hadoop-ozone/integration-test/target/test-dir/MiniOzoneClusterImpl-70e57338-dd19-42c4-b060-07a8ff5308af/datanode-2/data/ratis/ec2e23cb-a1b2-439f-a200-700504cfaa66 does not exist. Creating ...
2021-11-26 01:29:04,968 [pool-337-thread-1] INFO  storage.RaftStorageDirectory (RaftStorageDirectoryImpl.java:tryLock(230)) - Lock on /home/runner/work/ozone/ozone/hadoop-ozone/integration-test/target/test-dir/MiniOzoneClusterImpl-70e57338-dd19-42c4-b060-07a8ff5308af/datanode-2/data/ratis/ec2e23cb-a1b2-439f-a200-700504cfaa66/in_use.lock acquired by nodename 1239@fv-az151-301
2021-11-26 01:29:04,977 [pool-337-thread-1] INFO  storage.RaftStorage (RaftStorageImpl.java:format(89)) - Storage directory /home/runner/work/ozone/ozone/hadoop-ozone/integration-test/target/test-dir/MiniOzoneClusterImpl-70e57338-dd19-42c4-b060-07a8ff5308af/datanode-2/data/ratis/ec2e23cb-a1b2-439f-a200-700504cfaa66 has been successfully formatted.
2021-11-26 01:29:04,979 [EventQueue-PipelineReportForPipelineReportHandler] INFO  pipeline.PipelineManagerImpl (PipelineManagerImpl.java:openPipeline(289)) - Pipeline Pipeline[ Id: ec2e23cb-a1b2-439f-a200-700504cfaa66, Nodes: fa9a63ae-dfc0-4823-af2f-f478aed93153{ip: 127.0.0.1, host: localhost, ports: [REPLICATION=37777, RATIS=42615, RATIS_ADMIN=42615, RATIS_SERVER=42615, STANDALONE=33999], networkLocation: /default-rack, certSerialId: null, persistedOpState: IN_SERVICE, persistedOpStateExpiryEpochSec: 0}, ReplicationConfig: RATIS/ONE, State:ALLOCATED, leaderId:fa9a63ae-dfc0-4823-af2f-f478aed93153, CreationTimestamp2021-11-26T01:29:01.891Z[Etc/UTC]] moved to OPEN state
2021-11-26 01:29:04,984 [EventQueue-PipelineReportForPipelineReportHandler] INFO  pipeline.PipelineManagerImpl (PipelineManagerImpl.java:openPipeline(289)) - Pipeline Pipeline[ Id: ec2e23cb-a1b2-439f-a200-700504cfaa66, Nodes: fa9a63ae-dfc0-4823-af2f-f478aed93153{ip: 127.0.0.1, host: localhost, ports: [REPLICATION=37777, RATIS=42615, RATIS_ADMIN=42615, RATIS_SERVER=42615, STANDALONE=33999], networkLocation: /default-rack, certSerialId: null, persistedOpState: IN_SERVICE, persistedOpStateExpiryEpochSec: 0}, ReplicationConfig: RATIS/ONE, State:ALLOCATED, leaderId:fa9a63ae-dfc0-4823-af2f-f478aed93153, CreationTimestamp2021-11-26T01:29:01.891Z[Etc/UTC]] moved to OPEN state
2021-11-26 01:29:04,985 [EventQueue-PipelineReportForPipelineReportHandler] INFO  ha.SCMHAInvocationHandler (SCMHAInvocationHandler.java:invokeRatis(113)) - Invoking method public abstract void org.apache.hadoop.hdds.scm.pipeline.PipelineStateManager.updatePipelineState(org.apache.hadoop.hdds.protocol.proto.HddsProtos$PipelineID,org.apache.hadoop.hdds.protocol.proto.HddsProtos$PipelineState) throws java.io.IOException on target org.apache.hadoop.hdds.scm.ha.SCMRatisServerImpl@6c58e33f, cost 216.101us
2021-11-26 01:29:04,985 [pool-337-thread-1] INFO  ratis.ContainerStateMachine (ContainerStateMachine.java:loadSnapshot(224)) - group-700504CFAA66: The snapshot info is null. Setting the last applied indexto:(t:0, i:~)
2021-11-26 01:29:04,992 [EventQueue-OpenPipelineForHealthyPipelineSafeModeRule] INFO  safemode.SCMSafeModeManager (HealthyPipelineSafeModeRule.java:process(124)) - SCM in safe mode. Healthy pipelines reported count is 0, required healthy pipeline reported count is 1
2021-11-26 01:29:04,993 [pool-337-thread-1] INFO  server.RaftServerConfigKeys (ConfUtils.java:logGet(44)) - raft.server.notification.no-leader.timeout = 300s (custom)
2021-11-26 01:29:04,993 [pool-337-thread-1] INFO  server.RaftServerConfigKeys (ConfUtils.java:logGet(44)) - raft.server.log.use.memory = false (default)
2021-11-26 01:29:04,993 [pool-337-thread-1] INFO  server.RaftServerConfigKeys (ConfUtils.java:logGet(44)) - raft.server.log.purge.gap = 1000000 (custom)
2021-11-26 01:29:04,993 [pool-337-thread-1] INFO  server.RaftServerConfigKeys (ConfUtils.java:logGet(44)) - raft.server.log.appender.buffer.byte-limit = 33554432 (custom)
2021-11-26 01:29:04,994 [pool-337-thread-1] INFO  server.RaftServerConfigKeys (ConfUtils.java:logGet(44)) - raft.server.log.segment.size.max = 1048576 (custom)
2021-11-26 01:29:04,994 [pool-337-thread-1] INFO  server.RaftServerConfigKeys (ConfUtils.java:logGet(44)) - raft.server.log.segment.cache.num.max = 2 (custom)
2021-11-26 01:29:04,994 [pool-337-thread-1] INFO  server.RaftServerConfigKeys (ConfUtils.java:logGet(44)) - raft.server.log.segment.cache.size.max = 200MB (=209715200) (default)
2021-11-26 01:29:04,994 [pool-337-thread-1] INFO  segmented.SegmentedRaftLogWorker (SegmentedRaftLogWorker.java:<init>(182)) - new fa9a63ae-dfc0-4823-af2f-f478aed93153@group-700504CFAA66-SegmentedRaftLogWorker for RaftStorageImpl:Storage Directory /home/runner/work/ozone/ozone/hadoop-ozone/integration-test/target/test-dir/MiniOzoneClusterImpl-70e57338-dd19-42c4-b060-07a8ff5308af/datanode-2/data/ratis/ec2e23cb-a1b2-439f-a200-700504cfaa66
2021-11-26 01:29:04,994 [pool-337-thread-1] INFO  server.RaftServerConfigKeys (ConfUtils.java:logGet(44)) - raft.server.log.queue.byte-limit = 2147483647 (custom)
2021-11-26 01:29:04,994 [pool-337-thread-1] INFO  server.RaftServerConfigKeys (ConfUtils.java:logGet(44)) - raft.server.log.queue.element-limit = 1024 (custom)
2021-11-26 01:29:04,994 [pool-337-thread-1] INFO  server.RaftServerConfigKeys (ConfUtils.java:logGet(44)) - raft.server.log.segment.size.max = 1048576 (custom)
2021-11-26 01:29:04,994 [pool-337-thread-1] INFO  server.RaftServerConfigKeys (ConfUtils.java:logGet(44)) - raft.server.log.preallocated.size = 16384 (custom)
2021-11-26 01:29:04,994 [pool-337-thread-1] INFO  server.RaftServerConfigKeys (ConfUtils.java:logGet(44)) - raft.server.log.force.sync.num = 128 (default)
2021-11-26 01:29:04,994 [pool-337-thread-1] INFO  server.RaftServerConfigKeys (ConfUtils.java:logGet(44)) - raft.server.log.statemachine.data.sync = true (default)
2021-11-26 01:29:04,994 [pool-337-thread-1] INFO  server.RaftServerConfigKeys (ConfUtils.java:logGet(44)) - raft.server.log.statemachine.data.sync.timeout = 10s (default)
2021-11-26 01:29:04,994 [pool-337-thread-1] INFO  server.RaftServerConfigKeys (ConfUtils.java:logGet(44)) - raft.server.log.statemachine.data.sync.timeout.retry = -1 (default)
2021-11-26 01:29:04,999 [pool-337-thread-1] INFO  server.RaftServerConfigKeys (ConfUtils.java:logGet(44)) - raft.server.log.write.buffer.size = 1048576 (custom)
2021-11-26 01:29:04,999 [pool-337-thread-1] INFO  server.RaftServerConfigKeys (ConfUtils.java:logGet(44)) - raft.server.log.statemachine.data.caching.enabled = true (custom)
2021-11-26 01:29:05,000 [pool-337-thread-1] INFO  segmented.SegmentedRaftLogWorker (SegmentedRaftLogWorker.java:lambda$new$0(133)) - fa9a63ae-dfc0-4823-af2f-f478aed93153@group-700504CFAA66-SegmentedRaftLogWorker: flushIndex: setUnconditionally 0 -> -1
2021-11-26 01:29:05,000 [pool-337-thread-1] INFO  segmented.SegmentedRaftLogWorker (SegmentedRaftLogWorker.java:lambda$new$0(133)) - fa9a63ae-dfc0-4823-af2f-f478aed93153@group-700504CFAA66-SegmentedRaftLogWorker: safeCacheEvictIndex: setUnconditionally 0 -> -1
2021-11-26 01:29:05,002 [ec3f45f6-a064-4412-8226-4654181b7e55@group-07A8FF5308AF-StateMachineUpdater] INFO  safemode.HealthyPipelineSafeModeRule (HealthyPipelineSafeModeRule.java:initializeRule(152)) - Refreshed total pipeline count is 0, healthy pipeline threshold count is 1
2021-11-26 01:29:05,002 [EventQueue-PipelineReportForPipelineReportHandler] INFO  ha.SCMHAInvocationHandler (SCMHAInvocationHandler.java:invokeRatis(113)) - Invoking method public abstract void org.apache.hadoop.hdds.scm.pipeline.PipelineStateManager.updatePipelineState(org.apache.hadoop.hdds.protocol.proto.HddsProtos$PipelineID,org.apache.hadoop.hdds.protocol.proto.HddsProtos$PipelineState) throws java.io.IOException on target org.apache.hadoop.hdds.scm.ha.SCMRatisServerImpl@7131fc1, cost 23266.106us
2021-11-26 01:29:05,002 [EventQueue-OpenPipelineForHealthyPipelineSafeModeRule] INFO  safemode.SCMSafeModeManager (HealthyPipelineSafeModeRule.java:process(124)) - SCM in safe mode. Healthy pipelines reported count is 0, required healthy pipeline reported count is 1
2021-11-26 01:29:05,013 [pool-337-thread-1] INFO  server.RaftServerConfigKeys (ConfUtils.java:logGet(44)) - raft.server.snapshot.auto.trigger.enabled = true (custom)
2021-11-26 01:29:05,013 [pool-337-thread-1] INFO  server.RaftServerConfigKeys (ConfUtils.java:logGet(44)) - raft.server.snapshot.auto.trigger.threshold = 10000 (custom)
2021-11-26 01:29:05,013 [pool-337-thread-1] INFO  server.RaftServerConfigKeys (ConfUtils.java:logGet(44)) - raft.server.snapshot.retention.file.num = 5 (custom)
2021-11-26 01:29:05,013 [pool-337-thread-1] INFO  server.RaftServerConfigKeys (ConfUtils.java:logGet(44)) - raft.server.log.purge.upto.snapshot.index = false (default)
2021-11-26 01:29:05,013 [pool-337-thread-1] INFO  server.RaftServerConfigKeys (ConfUtils.java:logGet(44)) - raft.server.retrycache.expirytime = 600000ms (custom)
2021-11-26 01:29:05,013 [pool-337-thread-1] INFO  server.RaftServerConfigKeys (ConfUtils.java:logGet(44)) - raft.server.retrycache.statistics.expirytime = 100μs (default)
2021-11-26 01:29:05,015 [pool-337-thread-1] INFO  server.RaftServer$Division (RaftServerImpl.java:start(301)) - fa9a63ae-dfc0-4823-af2f-f478aed93153@group-700504CFAA66: start as a follower, conf=-1: [fa9a63ae-dfc0-4823-af2f-f478aed93153|rpc:127.0.0.1:42615|priority:1], old=null
2021-11-26 01:29:05,015 [pool-337-thread-1] INFO  server.RaftServer$Division (RaftServerImpl.java:setRole(290)) - fa9a63ae-dfc0-4823-af2f-f478aed93153@group-700504CFAA66: changes role from      null to FOLLOWER at term 0 for startAsFollower
2021-11-26 01:29:05,015 [pool-337-thread-1] INFO  impl.RoleInfo (RoleInfo.java:updateAndGet(130)) - fa9a63ae-dfc0-4823-af2f-f478aed93153: start fa9a63ae-dfc0-4823-af2f-f478aed93153@group-700504CFAA66-FollowerState
2021-11-26 01:29:05,028 [pool-337-thread-1] INFO  util.JmxRegister (JmxRegister.java:tryRegister(44)) - Successfully registered JMX Bean with object name Ratis:service=RaftServer,group=group-700504CFAA66,id=fa9a63ae-dfc0-4823-af2f-f478aed93153
2021-11-26 01:29:05,033 [Command processor thread] INFO  ratis.XceiverServerRatis (XceiverServerRatis.java:addGroup(768)) - Created group PipelineID=ec2e23cb-a1b2-439f-a200-700504cfaa66
2021-11-26 01:29:05,033 [Command processor thread] INFO  commandhandler.CreatePipelineCommandHandler (CreatePipelineCommandHandler.java:handle(106)) - Created Pipeline RATIS ONE PipelineID=ec2e23cb-a1b2-439f-a200-700504cfaa66.
2021-11-26 01:29:05,048 [878f4670-2ce0-4ee1-8021-0f5a1e33ae40@group-07A8FF5308AF-StateMachineUpdater] INFO  safemode.HealthyPipelineSafeModeRule (HealthyPipelineSafeModeRule.java:initializeRule(152)) - Refreshed total pipeline count is 0, healthy pipeline threshold count is 1
2021-11-26 01:29:05,202 [EndpointStateMachine task thread for /127.0.0.1:12845 - 0 ] INFO  ipc.Client (Client.java:handleConnectionFailure(977)) - Retrying connect to server: localhost/127.0.0.1:12845. Already tried 11 time(s); retry policy is RetryUpToMaximumCountWithFixedSleep(maxRetries=15, sleepTime=1000 MILLISECONDS)
2021-11-26 01:29:05,211 [EndpointStateMachine task thread for /127.0.0.1:12835 - 0 ] INFO  ipc.Client (Client.java:handleConnectionFailure(977)) - Retrying connect to server: localhost/127.0.0.1:12835. Already tried 11 time(s); retry policy is RetryUpToMaximumCountWithFixedSleep(maxRetries=15, sleepTime=1000 MILLISECONDS)
2021-11-26 01:29:05,219 [EndpointStateMachine task thread for /127.0.0.1:12825 - 0 ] INFO  ipc.Client (Client.java:handleConnectionFailure(977)) - Retrying connect to server: localhost/127.0.0.1:12825. Already tried 14 time(s); retry policy is RetryUpToMaximumCountWithFixedSleep(maxRetries=15, sleepTime=1000 MILLISECONDS)
2021-11-26 01:29:05,219 [EndpointStateMachine task thread for /127.0.0.1:12825 - 0 ] WARN  statemachine.EndpointStateMachine (EndpointStateMachine.java:logIfNeeded(236)) - Unable to communicate to SCM server at localhost:12825 for past 0 seconds.
java.net.ConnectException: Call From fv-az151-301/10.1.0.65 to localhost:12825 failed on connection exception: java.net.ConnectException: Connection refused; For more details see:  http://wiki.apache.org/hadoop/ConnectionRefused
	at sun.reflect.NativeConstructorAccessorImpl.newInstance0(Native Method)
	at sun.reflect.NativeConstructorAccessorImpl.newInstance(NativeConstructorAccessorImpl.java:62)
	at sun.reflect.DelegatingConstructorAccessorImpl.newInstance(DelegatingConstructorAccessorImpl.java:45)
	at java.lang.reflect.Constructor.newInstance(Constructor.java:423)
	at org.apache.hadoop.net.NetUtils.wrapWithMessage(NetUtils.java:913)
	at org.apache.hadoop.net.NetUtils.wrapException(NetUtils.java:828)
	at org.apache.hadoop.ipc.Client.getRpcResponse(Client.java:1577)
	at org.apache.hadoop.ipc.Client.call(Client.java:1519)
	at org.apache.hadoop.ipc.Client.call(Client.java:1416)
	at org.apache.hadoop.ipc.ProtobufRpcEngine$Invoker.invoke(ProtobufRpcEngine.java:236)
	at org.apache.hadoop.ipc.ProtobufRpcEngine$Invoker.invoke(ProtobufRpcEngine.java:123)
	at com.sun.proxy.$Proxy48.submitRequest(Unknown Source)
	at org.apache.hadoop.ozone.protocolPB.StorageContainerDatanodeProtocolClientSideTranslatorPB.submitRequest(StorageContainerDatanodeProtocolClientSideTranslatorPB.java:117)
	at org.apache.hadoop.ozone.protocolPB.StorageContainerDatanodeProtocolClientSideTranslatorPB.sendHeartbeat(StorageContainerDatanodeProtocolClientSideTranslatorPB.java:149)
	at org.apache.hadoop.ozone.container.common.states.endpoint.HeartbeatEndpointTask.call(HeartbeatEndpointTask.java:179)
	at org.apache.hadoop.ozone.container.common.states.endpoint.HeartbeatEndpointTask.call(HeartbeatEndpointTask.java:82)
	at java.util.concurrent.FutureTask.run(FutureTask.java:266)
	at java.util.concurrent.ThreadPoolExecutor.runWorker(ThreadPoolExecutor.java:1149)
	at java.util.concurrent.ThreadPoolExecutor$Worker.run(ThreadPoolExecutor.java:624)
	at java.lang.Thread.run(Thread.java:748)
Caused by: java.net.ConnectException: Connection refused
	at sun.nio.ch.SocketChannelImpl.checkConnect(Native Method)
	at sun.nio.ch.SocketChannelImpl.finishConnect(SocketChannelImpl.java:716)
	at org.apache.hadoop.net.SocketIOWithTimeout.connect(SocketIOWithTimeout.java:206)
	at org.apache.hadoop.net.NetUtils.connect(NetUtils.java:586)
	at org.apache.hadoop.ipc.Client$Connection.setupConnection(Client.java:701)
	at org.apache.hadoop.ipc.Client$Connection.setupIOstreams(Client.java:822)
	at org.apache.hadoop.ipc.Client$Connection.access$3800(Client.java:414)
	at org.apache.hadoop.ipc.Client.getConnection(Client.java:1647)
	at org.apache.hadoop.ipc.Client.call(Client.java:1463)
	... 12 more
2021-11-26 01:29:05,858 [Listener at 127.0.0.1/10172] INFO  ozone.MiniOzoneClusterImpl (MiniOzoneClusterImpl.java:lambda$waitForClusterToBeReady$0(235)) - Nodes are ready. Got 3 of 3 DN Heartbeats.
2021-11-26 01:29:05,858 [Listener at 127.0.0.1/10172] INFO  ozone.MiniOzoneClusterImpl (MiniOzoneClusterImpl.java:lambda$waitForClusterToBeReady$0(238)) - Waiting for cluster to exit safe mode
2021-11-26 01:29:05,858 [Listener at 127.0.0.1/10172] INFO  ozone.MiniOzoneClusterImpl (MiniOzoneClusterImpl.java:lambda$waitForClusterToBeReady$0(240)) - SCM became leader
2021-11-26 01:29:06,203 [EndpointStateMachine task thread for /127.0.0.1:12845 - 0 ] INFO  ipc.Client (Client.java:handleConnectionFailure(977)) - Retrying connect to server: localhost/127.0.0.1:12845. Already tried 12 time(s); retry policy is RetryUpToMaximumCountWithFixedSleep(maxRetries=15, sleepTime=1000 MILLISECONDS)
2021-11-26 01:29:06,212 [EndpointStateMachine task thread for /127.0.0.1:12835 - 0 ] INFO  ipc.Client (Client.java:handleConnectionFailure(977)) - Retrying connect to server: localhost/127.0.0.1:12835. Already tried 12 time(s); retry policy is RetryUpToMaximumCountWithFixedSleep(maxRetries=15, sleepTime=1000 MILLISECONDS)
2021-11-26 01:29:06,222 [EndpointStateMachine task thread for /127.0.0.1:12825 - 0 ] INFO  ipc.Client (Client.java:handleConnectionFailure(977)) - Retrying connect to server: localhost/127.0.0.1:12825. Already tried 0 time(s); retry policy is RetryUpToMaximumCountWithFixedSleep(maxRetries=15, sleepTime=1000 MILLISECONDS)
2021-11-26 01:29:06,312 [Datanode State Machine Daemon Thread] ERROR datanode.RunningDatanodeState (RunningDatanodeState.java:computeNextContainerState(199)) - Error in executing end point task.
java.util.concurrent.ExecutionException: java.util.concurrent.TimeoutException
	at java.util.concurrent.FutureTask.report(FutureTask.java:122)
	at java.util.concurrent.FutureTask.get(FutureTask.java:192)
	at org.apache.hadoop.ozone.container.common.states.datanode.RunningDatanodeState.computeNextContainerState(RunningDatanodeState.java:191)
	at org.apache.hadoop.ozone.container.common.states.datanode.RunningDatanodeState.await(RunningDatanodeState.java:231)
	at org.apache.hadoop.ozone.container.common.states.datanode.RunningDatanodeState.await(RunningDatanodeState.java:50)
	at org.apache.hadoop.ozone.container.common.statemachine.StateContext.execute(StateContext.java:633)
	at org.apache.hadoop.ozone.container.common.statemachine.DatanodeStateMachine.start(DatanodeStateMachine.java:280)
	at org.apache.hadoop.ozone.container.common.statemachine.DatanodeStateMachine.lambda$startDaemon$0(DatanodeStateMachine.java:468)
	at java.lang.Thread.run(Thread.java:748)
Caused by: java.util.concurrent.TimeoutException
	at java.util.concurrent.FutureTask.get(FutureTask.java:205)
	at org.apache.hadoop.ozone.container.common.states.datanode.RunningDatanodeState.lambda$execute$0(RunningDatanodeState.java:149)
	at java.util.concurrent.FutureTask.run(FutureTask.java:266)
	at java.util.concurrent.Executors$RunnableAdapter.call(Executors.java:511)
	at java.util.concurrent.FutureTask.run(FutureTask.java:266)
	at java.util.concurrent.ThreadPoolExecutor.runWorker(ThreadPoolExecutor.java:1149)
	at java.util.concurrent.ThreadPoolExecutor$Worker.run(ThreadPoolExecutor.java:624)
	... 1 more
2021-11-26 01:29:06,438 [Datanode State Machine Daemon Thread] ERROR datanode.RunningDatanodeState (RunningDatanodeState.java:computeNextContainerState(199)) - Error in executing end point task.
java.util.concurrent.ExecutionException: java.util.concurrent.TimeoutException
	at java.util.concurrent.FutureTask.report(FutureTask.java:122)
	at java.util.concurrent.FutureTask.get(FutureTask.java:192)
	at org.apache.hadoop.ozone.container.common.states.datanode.RunningDatanodeState.computeNextContainerState(RunningDatanodeState.java:191)
	at org.apache.hadoop.ozone.container.common.states.datanode.RunningDatanodeState.await(RunningDatanodeState.java:231)
	at org.apache.hadoop.ozone.container.common.states.datanode.RunningDatanodeState.await(RunningDatanodeState.java:50)
	at org.apache.hadoop.ozone.container.common.statemachine.StateContext.execute(StateContext.java:633)
	at org.apache.hadoop.ozone.container.common.statemachine.DatanodeStateMachine.start(DatanodeStateMachine.java:280)
	at org.apache.hadoop.ozone.container.common.statemachine.DatanodeStateMachine.lambda$startDaemon$0(DatanodeStateMachine.java:468)
	at java.lang.Thread.run(Thread.java:748)
Caused by: java.util.concurrent.TimeoutException
	at java.util.concurrent.FutureTask.get(FutureTask.java:205)
	at org.apache.hadoop.ozone.container.common.states.datanode.RunningDatanodeState.lambda$execute$0(RunningDatanodeState.java:149)
	at java.util.concurrent.FutureTask.run(FutureTask.java:266)
	at java.util.concurrent.Executors$RunnableAdapter.call(Executors.java:511)
	at java.util.concurrent.FutureTask.run(FutureTask.java:266)
	at java.util.concurrent.ThreadPoolExecutor.runWorker(ThreadPoolExecutor.java:1149)
	at java.util.concurrent.ThreadPoolExecutor$Worker.run(ThreadPoolExecutor.java:624)
	... 1 more
2021-11-26 01:29:06,858 [Listener at 127.0.0.1/10172] INFO  ozone.MiniOzoneClusterImpl (MiniOzoneClusterImpl.java:lambda$waitForClusterToBeReady$0(235)) - Nodes are ready. Got 3 of 3 DN Heartbeats.
2021-11-26 01:29:06,859 [Listener at 127.0.0.1/10172] INFO  ozone.MiniOzoneClusterImpl (MiniOzoneClusterImpl.java:lambda$waitForClusterToBeReady$0(238)) - Waiting for cluster to exit safe mode
2021-11-26 01:29:06,859 [Listener at 127.0.0.1/10172] INFO  ozone.MiniOzoneClusterImpl (MiniOzoneClusterImpl.java:lambda$waitForClusterToBeReady$0(240)) - SCM became leader
2021-11-26 01:29:07,203 [EndpointStateMachine task thread for /127.0.0.1:12845 - 0 ] INFO  ipc.Client (Client.java:handleConnectionFailure(977)) - Retrying connect to server: localhost/127.0.0.1:12845. Already tried 13 time(s); retry policy is RetryUpToMaximumCountWithFixedSleep(maxRetries=15, sleepTime=1000 MILLISECONDS)
2021-11-26 01:29:07,212 [EndpointStateMachine task thread for /127.0.0.1:12835 - 0 ] INFO  ipc.Client (Client.java:handleConnectionFailure(977)) - Retrying connect to server: localhost/127.0.0.1:12835. Already tried 13 time(s); retry policy is RetryUpToMaximumCountWithFixedSleep(maxRetries=15, sleepTime=1000 MILLISECONDS)
2021-11-26 01:29:07,223 [EndpointStateMachine task thread for /127.0.0.1:12825 - 0 ] INFO  ipc.Client (Client.java:handleConnectionFailure(977)) - Retrying connect to server: localhost/127.0.0.1:12825. Already tried 1 time(s); retry policy is RetryUpToMaximumCountWithFixedSleep(maxRetries=15, sleepTime=1000 MILLISECONDS)
2021-11-26 01:29:07,448 [Datanode State Machine Daemon Thread] ERROR datanode.RunningDatanodeState (RunningDatanodeState.java:computeNextContainerState(199)) - Error in executing end point task.
java.util.concurrent.ExecutionException: java.util.concurrent.TimeoutException
	at java.util.concurrent.FutureTask.report(FutureTask.java:122)
	at java.util.concurrent.FutureTask.get(FutureTask.java:192)
	at org.apache.hadoop.ozone.container.common.states.datanode.RunningDatanodeState.computeNextContainerState(RunningDatanodeState.java:191)
	at org.apache.hadoop.ozone.container.common.states.datanode.RunningDatanodeState.await(RunningDatanodeState.java:231)
	at org.apache.hadoop.ozone.container.common.states.datanode.RunningDatanodeState.await(RunningDatanodeState.java:50)
	at org.apache.hadoop.ozone.container.common.statemachine.StateContext.execute(StateContext.java:633)
	at org.apache.hadoop.ozone.container.common.statemachine.DatanodeStateMachine.start(DatanodeStateMachine.java:280)
	at org.apache.hadoop.ozone.container.common.statemachine.DatanodeStateMachine.lambda$startDaemon$0(DatanodeStateMachine.java:468)
	at java.lang.Thread.run(Thread.java:748)
Caused by: java.util.concurrent.TimeoutException
	at java.util.concurrent.FutureTask.get(FutureTask.java:205)
	at org.apache.hadoop.ozone.container.common.states.datanode.RunningDatanodeState.lambda$execute$0(RunningDatanodeState.java:149)
	at java.util.concurrent.FutureTask.run(FutureTask.java:266)
	at java.util.concurrent.Executors$RunnableAdapter.call(Executors.java:511)
	at java.util.concurrent.FutureTask.run(FutureTask.java:266)
	at java.util.concurrent.ThreadPoolExecutor.runWorker(ThreadPoolExecutor.java:1149)
	at java.util.concurrent.ThreadPoolExecutor$Worker.run(ThreadPoolExecutor.java:624)
	... 1 more
2021-11-26 01:29:07,859 [Listener at 127.0.0.1/10172] INFO  ozone.MiniOzoneClusterImpl (MiniOzoneClusterImpl.java:lambda$waitForClusterToBeReady$0(235)) - Nodes are ready. Got 3 of 3 DN Heartbeats.
2021-11-26 01:29:07,860 [Listener at 127.0.0.1/10172] INFO  ozone.MiniOzoneClusterImpl (MiniOzoneClusterImpl.java:lambda$waitForClusterToBeReady$0(238)) - Waiting for cluster to exit safe mode
2021-11-26 01:29:07,860 [Listener at 127.0.0.1/10172] INFO  ozone.MiniOzoneClusterImpl (MiniOzoneClusterImpl.java:lambda$waitForClusterToBeReady$0(240)) - SCM became leader
2021-11-26 01:29:08,204 [EndpointStateMachine task thread for /127.0.0.1:12845 - 0 ] INFO  ipc.Client (Client.java:handleConnectionFailure(977)) - Retrying connect to server: localhost/127.0.0.1:12845. Already tried 14 time(s); retry policy is RetryUpToMaximumCountWithFixedSleep(maxRetries=15, sleepTime=1000 MILLISECONDS)
2021-11-26 01:29:08,213 [EndpointStateMachine task thread for /127.0.0.1:12835 - 0 ] INFO  ipc.Client (Client.java:handleConnectionFailure(977)) - Retrying connect to server: localhost/127.0.0.1:12835. Already tried 14 time(s); retry policy is RetryUpToMaximumCountWithFixedSleep(maxRetries=15, sleepTime=1000 MILLISECONDS)
2021-11-26 01:29:08,223 [EndpointStateMachine task thread for /127.0.0.1:12825 - 0 ] INFO  ipc.Client (Client.java:handleConnectionFailure(977)) - Retrying connect to server: localhost/127.0.0.1:12825. Already tried 2 time(s); retry policy is RetryUpToMaximumCountWithFixedSleep(maxRetries=15, sleepTime=1000 MILLISECONDS)
2021-11-26 01:29:08,314 [Datanode State Machine Daemon Thread] ERROR datanode.RunningDatanodeState (RunningDatanodeState.java:computeNextContainerState(199)) - Error in executing end point task.
java.util.concurrent.ExecutionException: java.util.concurrent.TimeoutException
	at java.util.concurrent.FutureTask.report(FutureTask.java:122)
	at java.util.concurrent.FutureTask.get(FutureTask.java:192)
	at org.apache.hadoop.ozone.container.common.states.datanode.RunningDatanodeState.computeNextContainerState(RunningDatanodeState.java:191)
	at org.apache.hadoop.ozone.container.common.states.datanode.RunningDatanodeState.await(RunningDatanodeState.java:231)
	at org.apache.hadoop.ozone.container.common.states.datanode.RunningDatanodeState.await(RunningDatanodeState.java:50)
	at org.apache.hadoop.ozone.container.common.statemachine.StateContext.execute(StateContext.java:633)
	at org.apache.hadoop.ozone.container.common.statemachine.DatanodeStateMachine.start(DatanodeStateMachine.java:280)
	at org.apache.hadoop.ozone.container.common.statemachine.DatanodeStateMachine.lambda$startDaemon$0(DatanodeStateMachine.java:468)
	at java.lang.Thread.run(Thread.java:748)
Caused by: java.util.concurrent.TimeoutException
	at java.util.concurrent.FutureTask.get(FutureTask.java:205)
	at org.apache.hadoop.ozone.container.common.states.datanode.RunningDatanodeState.lambda$execute$0(RunningDatanodeState.java:149)
	at java.util.concurrent.FutureTask.run(FutureTask.java:266)
	at java.util.concurrent.Executors$RunnableAdapter.call(Executors.java:511)
	at java.util.concurrent.FutureTask.run(FutureTask.java:266)
	at java.util.concurrent.ThreadPoolExecutor.runWorker(ThreadPoolExecutor.java:1149)
	at java.util.concurrent.ThreadPoolExecutor$Worker.run(ThreadPoolExecutor.java:624)
	... 1 more
2021-11-26 01:29:08,450 [Datanode State Machine Daemon Thread] ERROR datanode.RunningDatanodeState (RunningDatanodeState.java:computeNextContainerState(199)) - Error in executing end point task.
java.util.concurrent.ExecutionException: java.util.concurrent.TimeoutException
	at java.util.concurrent.FutureTask.report(FutureTask.java:122)
	at java.util.concurrent.FutureTask.get(FutureTask.java:192)
	at org.apache.hadoop.ozone.container.common.states.datanode.RunningDatanodeState.computeNextContainerState(RunningDatanodeState.java:191)
	at org.apache.hadoop.ozone.container.common.states.datanode.RunningDatanodeState.await(RunningDatanodeState.java:231)
	at org.apache.hadoop.ozone.container.common.states.datanode.RunningDatanodeState.await(RunningDatanodeState.java:50)
	at org.apache.hadoop.ozone.container.common.statemachine.StateContext.execute(StateContext.java:633)
	at org.apache.hadoop.ozone.container.common.statemachine.DatanodeStateMachine.start(DatanodeStateMachine.java:280)
	at org.apache.hadoop.ozone.container.common.statemachine.DatanodeStateMachine.lambda$startDaemon$0(DatanodeStateMachine.java:468)
	at java.lang.Thread.run(Thread.java:748)
Caused by: java.util.concurrent.TimeoutException
	at java.util.concurrent.FutureTask.get(FutureTask.java:205)
	at org.apache.hadoop.ozone.container.common.states.datanode.RunningDatanodeState.lambda$execute$0(RunningDatanodeState.java:149)
	at java.util.concurrent.FutureTask.run(FutureTask.java:266)
	at java.util.concurrent.Executors$RunnableAdapter.call(Executors.java:511)
	at java.util.concurrent.FutureTask.run(FutureTask.java:266)
	at java.util.concurrent.ThreadPoolExecutor.runWorker(ThreadPoolExecutor.java:1149)
	at java.util.concurrent.ThreadPoolExecutor$Worker.run(ThreadPoolExecutor.java:624)
	... 1 more
2021-11-26 01:29:08,860 [Listener at 127.0.0.1/10172] INFO  ozone.MiniOzoneClusterImpl (MiniOzoneClusterImpl.java:lambda$waitForClusterToBeReady$0(235)) - Nodes are ready. Got 3 of 3 DN Heartbeats.
2021-11-26 01:29:08,860 [Listener at 127.0.0.1/10172] INFO  ozone.MiniOzoneClusterImpl (MiniOzoneClusterImpl.java:lambda$waitForClusterToBeReady$0(238)) - Waiting for cluster to exit safe mode
2021-11-26 01:29:08,860 [Listener at 127.0.0.1/10172] INFO  ozone.MiniOzoneClusterImpl (MiniOzoneClusterImpl.java:lambda$waitForClusterToBeReady$0(240)) - SCM became leader
2021-11-26 01:29:08,979 [Datanode State Machine Daemon Thread] ERROR datanode.RunningDatanodeState (RunningDatanodeState.java:computeNextContainerState(199)) - Error in executing end point task.
java.util.concurrent.ExecutionException: java.util.concurrent.TimeoutException
	at java.util.concurrent.FutureTask.report(FutureTask.java:122)
	at java.util.concurrent.FutureTask.get(FutureTask.java:192)
	at org.apache.hadoop.ozone.container.common.states.datanode.RunningDatanodeState.computeNextContainerState(RunningDatanodeState.java:191)
	at org.apache.hadoop.ozone.container.common.states.datanode.RunningDatanodeState.await(RunningDatanodeState.java:231)
	at org.apache.hadoop.ozone.container.common.states.datanode.RunningDatanodeState.await(RunningDatanodeState.java:50)
	at org.apache.hadoop.ozone.container.common.statemachine.StateContext.execute(StateContext.java:633)
	at org.apache.hadoop.ozone.container.common.statemachine.DatanodeStateMachine.start(DatanodeStateMachine.java:280)
	at org.apache.hadoop.ozone.container.common.statemachine.DatanodeStateMachine.lambda$startDaemon$0(DatanodeStateMachine.java:468)
	at java.lang.Thread.run(Thread.java:748)
Caused by: java.util.concurrent.TimeoutException
	at java.util.concurrent.FutureTask.get(FutureTask.java:205)
	at org.apache.hadoop.ozone.container.common.states.datanode.RunningDatanodeState.lambda$execute$0(RunningDatanodeState.java:149)
	at java.util.concurrent.FutureTask.run(FutureTask.java:266)
	at java.util.concurrent.Executors$RunnableAdapter.call(Executors.java:511)
	at java.util.concurrent.FutureTask.run(FutureTask.java:266)
	at java.util.concurrent.ThreadPoolExecutor.runWorker(ThreadPoolExecutor.java:1149)
	at java.util.concurrent.ThreadPoolExecutor$Worker.run(ThreadPoolExecutor.java:624)
	... 1 more
2021-11-26 01:29:09,088 [e868a3a3-c0d9-49f0-b374-aca42e6594e7@group-1FD3FDC05509-FollowerState] INFO  impl.FollowerState (FollowerState.java:run(134)) - e868a3a3-c0d9-49f0-b374-aca42e6594e7@group-1FD3FDC05509-FollowerState: change to CANDIDATE, lastRpcElapsedTime:5030945247ns, electionTimeout:5029ms
2021-11-26 01:29:09,088 [e868a3a3-c0d9-49f0-b374-aca42e6594e7@group-1FD3FDC05509-FollowerState] INFO  impl.RoleInfo (RoleInfo.java:shutdownFollowerState(108)) - e868a3a3-c0d9-49f0-b374-aca42e6594e7: shutdown e868a3a3-c0d9-49f0-b374-aca42e6594e7@group-1FD3FDC05509-FollowerState
2021-11-26 01:29:09,088 [e868a3a3-c0d9-49f0-b374-aca42e6594e7@group-1FD3FDC05509-FollowerState] INFO  server.RaftServer$Division (RaftServerImpl.java:setRole(290)) - e868a3a3-c0d9-49f0-b374-aca42e6594e7@group-1FD3FDC05509: changes role from  FOLLOWER to CANDIDATE at term 0 for changeToCandidate
2021-11-26 01:29:09,095 [e868a3a3-c0d9-49f0-b374-aca42e6594e7@group-1FD3FDC05509-FollowerState] INFO  server.RaftServerConfigKeys (ConfUtils.java:logGet(44)) - raft.server.leaderelection.pre-vote = false (custom)
2021-11-26 01:29:09,095 [e868a3a3-c0d9-49f0-b374-aca42e6594e7@group-1FD3FDC05509-FollowerState] INFO  impl.RoleInfo (RoleInfo.java:updateAndGet(130)) - e868a3a3-c0d9-49f0-b374-aca42e6594e7: start e868a3a3-c0d9-49f0-b374-aca42e6594e7@group-1FD3FDC05509-LeaderElection19
2021-11-26 01:29:09,107 [e868a3a3-c0d9-49f0-b374-aca42e6594e7@group-1FD3FDC05509-LeaderElection19] INFO  impl.LeaderElection (LeaderElection.java:askForVotes(306)) - e868a3a3-c0d9-49f0-b374-aca42e6594e7@group-1FD3FDC05509-LeaderElection19 ELECTION round 0: submit vote requests at term 1 for -1: [e868a3a3-c0d9-49f0-b374-aca42e6594e7|rpc:127.0.0.1:39195|priority:1], old=null
2021-11-26 01:29:09,108 [e868a3a3-c0d9-49f0-b374-aca42e6594e7@group-1FD3FDC05509-LeaderElection19] INFO  impl.LeaderElection (LeaderElection.java:askForVotes(308)) - e868a3a3-c0d9-49f0-b374-aca42e6594e7@group-1FD3FDC05509-LeaderElection19 ELECTION round 0: result PASSED (term=1)
2021-11-26 01:29:09,108 [e868a3a3-c0d9-49f0-b374-aca42e6594e7@group-1FD3FDC05509-LeaderElection19] INFO  impl.RoleInfo (RoleInfo.java:shutdownLeaderElection(121)) - e868a3a3-c0d9-49f0-b374-aca42e6594e7: shutdown e868a3a3-c0d9-49f0-b374-aca42e6594e7@group-1FD3FDC05509-LeaderElection19
2021-11-26 01:29:09,108 [e868a3a3-c0d9-49f0-b374-aca42e6594e7@group-1FD3FDC05509-LeaderElection19] INFO  server.RaftServer$Division (RaftServerImpl.java:setRole(290)) - e868a3a3-c0d9-49f0-b374-aca42e6594e7@group-1FD3FDC05509: changes role from CANDIDATE to LEADER at term 1 for changeToLeader
2021-11-26 01:29:09,108 [e868a3a3-c0d9-49f0-b374-aca42e6594e7@group-1FD3FDC05509-LeaderElection19] INFO  ratis.XceiverServerRatis (XceiverServerRatis.java:handleLeaderChangedNotification(866)) - Leader change notification received for group: group-1FD3FDC05509 with new leaderId: e868a3a3-c0d9-49f0-b374-aca42e6594e7
2021-11-26 01:29:09,110 [EventQueue-OpenPipelineForHealthyPipelineSafeModeRule] INFO  safemode.SCMSafeModeManager (HealthyPipelineSafeModeRule.java:process(124)) - SCM in safe mode. Healthy pipelines reported count is 0, required healthy pipeline reported count is 1
2021-11-26 01:29:09,110 [e868a3a3-c0d9-49f0-b374-aca42e6594e7@group-1FD3FDC05509-LeaderElection19] INFO  server.RaftServer$Division (ServerState.java:setLeader(285)) - e868a3a3-c0d9-49f0-b374-aca42e6594e7@group-1FD3FDC05509: change Leader from null to e868a3a3-c0d9-49f0-b374-aca42e6594e7 at term 1 for becomeLeader, leader elected after 5094ms
2021-11-26 01:29:09,110 [e868a3a3-c0d9-49f0-b374-aca42e6594e7@group-1FD3FDC05509-LeaderElection19] INFO  server.RaftServerConfigKeys (ConfUtils.java:logGet(44)) - raft.server.staging.catchup.gap = 1000 (default)
2021-11-26 01:29:09,110 [e868a3a3-c0d9-49f0-b374-aca42e6594e7@group-1FD3FDC05509-LeaderElection19] INFO  server.RaftServerConfigKeys (ConfUtils.java:logGet(44)) - raft.server.write.element-limit = 1024 (custom)
2021-11-26 01:29:09,111 [e868a3a3-c0d9-49f0-b374-aca42e6594e7@group-1FD3FDC05509-LeaderElection19] INFO  server.RaftServerConfigKeys (ConfUtils.java:logGet(44)) - raft.server.write.byte-limit = 1024 M (=1073741824) (custom)
2021-11-26 01:29:09,111 [e868a3a3-c0d9-49f0-b374-aca42e6594e7@group-1FD3FDC05509-LeaderElection19] INFO  server.RaftServerConfigKeys (ConfUtils.java:logGet(44)) - raft.server.watch.timeout = 180s (custom)
2021-11-26 01:29:09,111 [e868a3a3-c0d9-49f0-b374-aca42e6594e7@group-1FD3FDC05509-LeaderElection19] INFO  server.RaftServerConfigKeys (ConfUtils.java:logGet(44)) - raft.server.watch.timeout.denomination = 1s (default)
2021-11-26 01:29:09,111 [e868a3a3-c0d9-49f0-b374-aca42e6594e7@group-1FD3FDC05509-LeaderElection19] INFO  server.RaftServerConfigKeys (ConfUtils.java:logGet(44)) - raft.server.watch.element-limit = 65536 (default)
2021-11-26 01:29:09,111 [e868a3a3-c0d9-49f0-b374-aca42e6594e7@group-1FD3FDC05509-LeaderElection19] INFO  server.RaftServerConfigKeys (ConfUtils.java:logGet(44)) - raft.server.write.element-limit = 1024 (custom)
2021-11-26 01:29:09,111 [e868a3a3-c0d9-49f0-b374-aca42e6594e7@group-1FD3FDC05509-LeaderElection19] INFO  server.RaftServerConfigKeys (ConfUtils.java:logGet(44)) - raft.server.write.follower.gap.ratio.max = -1.0 (default)
2021-11-26 01:29:09,112 [e868a3a3-c0d9-49f0-b374-aca42e6594e7@group-1FD3FDC05509-LeaderElection19] INFO  impl.RoleInfo (RoleInfo.java:updateAndGet(130)) - e868a3a3-c0d9-49f0-b374-aca42e6594e7: start e868a3a3-c0d9-49f0-b374-aca42e6594e7@group-1FD3FDC05509-LeaderStateImpl
2021-11-26 01:29:09,112 [e868a3a3-c0d9-49f0-b374-aca42e6594e7@group-1FD3FDC05509-LeaderElection19] INFO  segmented.SegmentedRaftLogWorker (SegmentedRaftLogWorker.java:startLogSegment(394)) - e868a3a3-c0d9-49f0-b374-aca42e6594e7@group-1FD3FDC05509-SegmentedRaftLogWorker: Starting segment from index:0
2021-11-26 01:29:09,112 [EventQueue-OpenPipelineForHealthyPipelineSafeModeRule] INFO  safemode.SCMSafeModeManager (HealthyPipelineSafeModeRule.java:process(124)) - SCM in safe mode. Healthy pipelines reported count is 0, required healthy pipeline reported count is 1
2021-11-26 01:29:09,113 [e868a3a3-c0d9-49f0-b374-aca42e6594e7@group-1FD3FDC05509-SegmentedRaftLogWorker] INFO  segmented.SegmentedRaftLogWorker (SegmentedRaftLogWorker.java:execute(601)) - e868a3a3-c0d9-49f0-b374-aca42e6594e7@group-1FD3FDC05509-SegmentedRaftLogWorker: created new log segment /home/runner/work/ozone/ozone/hadoop-ozone/integration-test/target/test-dir/MiniOzoneClusterImpl-70e57338-dd19-42c4-b060-07a8ff5308af/datanode-0/data/ratis/a7ed2bd1-3e43-4cf5-b83f-1fd3fdc05509/current/log_inprogress_0
2021-11-26 01:29:09,124 [e868a3a3-c0d9-49f0-b374-aca42e6594e7@group-1FD3FDC05509-LeaderElection19] INFO  server.RaftServer$Division (ServerState.java:setRaftConf(387)) - e868a3a3-c0d9-49f0-b374-aca42e6594e7@group-1FD3FDC05509: set configuration 0: [e868a3a3-c0d9-49f0-b374-aca42e6594e7|rpc:127.0.0.1:39195|dataStream:|priority:1], old=null
2021-11-26 01:29:09,158 [e868a3a3-c0d9-49f0-b374-aca42e6594e7@group-904FFB5E5D13-FollowerState] INFO  impl.FollowerState (FollowerState.java:run(134)) - e868a3a3-c0d9-49f0-b374-aca42e6594e7@group-904FFB5E5D13-FollowerState: change to CANDIDATE, lastRpcElapsedTime:5044631267ns, electionTimeout:5034ms
2021-11-26 01:29:09,159 [e868a3a3-c0d9-49f0-b374-aca42e6594e7@group-904FFB5E5D13-FollowerState] INFO  impl.RoleInfo (RoleInfo.java:shutdownFollowerState(108)) - e868a3a3-c0d9-49f0-b374-aca42e6594e7: shutdown e868a3a3-c0d9-49f0-b374-aca42e6594e7@group-904FFB5E5D13-FollowerState
2021-11-26 01:29:09,159 [e868a3a3-c0d9-49f0-b374-aca42e6594e7@group-904FFB5E5D13-FollowerState] INFO  server.RaftServer$Division (RaftServerImpl.java:setRole(290)) - e868a3a3-c0d9-49f0-b374-aca42e6594e7@group-904FFB5E5D13: changes role from  FOLLOWER to CANDIDATE at term 0 for changeToCandidate
2021-11-26 01:29:09,159 [e868a3a3-c0d9-49f0-b374-aca42e6594e7@group-904FFB5E5D13-FollowerState] INFO  server.RaftServerConfigKeys (ConfUtils.java:logGet(44)) - raft.server.leaderelection.pre-vote = false (custom)
2021-11-26 01:29:09,159 [e868a3a3-c0d9-49f0-b374-aca42e6594e7@group-904FFB5E5D13-FollowerState] INFO  impl.RoleInfo (RoleInfo.java:updateAndGet(130)) - e868a3a3-c0d9-49f0-b374-aca42e6594e7: start e868a3a3-c0d9-49f0-b374-aca42e6594e7@group-904FFB5E5D13-LeaderElection20
2021-11-26 01:29:09,173 [e868a3a3-c0d9-49f0-b374-aca42e6594e7@group-904FFB5E5D13-LeaderElection20] INFO  impl.LeaderElection (LeaderElection.java:askForVotes(306)) - e868a3a3-c0d9-49f0-b374-aca42e6594e7@group-904FFB5E5D13-LeaderElection20 ELECTION round 0: submit vote requests at term 1 for -1: [e6079862-fe37-43a4-a998-6eeab30b5c75|rpc:127.0.0.1:44915|priority:0, fa9a63ae-dfc0-4823-af2f-f478aed93153|rpc:127.0.0.1:42615|priority:0, e868a3a3-c0d9-49f0-b374-aca42e6594e7|rpc:127.0.0.1:39195|priority:1], old=null
2021-11-26 01:29:09,205 [grpc-default-executor-2] INFO  server.RaftServer$Division (RaftServerImpl.java:requestVote(1046)) - e6079862-fe37-43a4-a998-6eeab30b5c75@group-904FFB5E5D13: receive requestVote(ELECTION, e868a3a3-c0d9-49f0-b374-aca42e6594e7, group-904FFB5E5D13, 1, (t:0, i:0))
2021-11-26 01:29:09,205 [grpc-default-executor-2] INFO  impl.VoteContext (VoteContext.java:log(48)) - e6079862-fe37-43a4-a998-6eeab30b5c75@group-904FFB5E5D13-FOLLOWER: accept ELECTION from e868a3a3-c0d9-49f0-b374-aca42e6594e7: our priority 0 <= candidate's priority 1
2021-11-26 01:29:09,205 [grpc-default-executor-2] INFO  server.RaftServer$Division (RaftServerImpl.java:setRole(290)) - e6079862-fe37-43a4-a998-6eeab30b5c75@group-904FFB5E5D13: changes role from  FOLLOWER to FOLLOWER at term 1 for candidate:e868a3a3-c0d9-49f0-b374-aca42e6594e7
2021-11-26 01:29:09,206 [grpc-default-executor-2] INFO  impl.RoleInfo (RoleInfo.java:shutdownFollowerState(108)) - e6079862-fe37-43a4-a998-6eeab30b5c75: shutdown e6079862-fe37-43a4-a998-6eeab30b5c75@group-904FFB5E5D13-FollowerState
2021-11-26 01:29:09,206 [e6079862-fe37-43a4-a998-6eeab30b5c75@group-904FFB5E5D13-FollowerState] INFO  impl.FollowerState (FollowerState.java:run(143)) - e6079862-fe37-43a4-a998-6eeab30b5c75@group-904FFB5E5D13-FollowerState was interrupted: {}
java.lang.InterruptedException: sleep interrupted
	at java.lang.Thread.sleep(Native Method)
	at java.lang.Thread.sleep(Thread.java:340)
	at java.util.concurrent.TimeUnit.sleep(TimeUnit.java:386)
	at org.apache.ratis.util.TimeDuration.sleep(TimeDuration.java:324)
	at org.apache.ratis.util.TimeDuration.sleep(TimeDuration.java:309)
	at org.apache.ratis.server.impl.FollowerState.run(FollowerState.java:118)
2021-11-26 01:29:09,208 [EndpointStateMachine task thread for /127.0.0.1:12845 - 0 ] INFO  ipc.Client (Client.java:handleConnectionFailure(977)) - Retrying connect to server: localhost/127.0.0.1:12845. Already tried 0 time(s); retry policy is RetryUpToMaximumCountWithFixedSleep(maxRetries=15, sleepTime=1000 MILLISECONDS)
2021-11-26 01:29:09,206 [grpc-default-executor-2] INFO  impl.RoleInfo (RoleInfo.java:updateAndGet(130)) - e6079862-fe37-43a4-a998-6eeab30b5c75: start e6079862-fe37-43a4-a998-6eeab30b5c75@group-904FFB5E5D13-FollowerState
2021-11-26 01:29:09,222 [grpc-default-executor-1] INFO  server.RaftServer$Division (RaftServerImpl.java:requestVote(1046)) - fa9a63ae-dfc0-4823-af2f-f478aed93153@group-904FFB5E5D13: receive requestVote(ELECTION, e868a3a3-c0d9-49f0-b374-aca42e6594e7, group-904FFB5E5D13, 1, (t:0, i:0))
2021-11-26 01:29:09,222 [EndpointStateMachine task thread for /127.0.0.1:12835 - 0 ] INFO  ipc.Client (Client.java:handleConnectionFailure(977)) - Retrying connect to server: localhost/127.0.0.1:12835. Already tried 0 time(s); retry policy is RetryUpToMaximumCountWithFixedSleep(maxRetries=15, sleepTime=1000 MILLISECONDS)
2021-11-26 01:29:09,222 [grpc-default-executor-1] INFO  impl.VoteContext (VoteContext.java:log(48)) - fa9a63ae-dfc0-4823-af2f-f478aed93153@group-904FFB5E5D13-FOLLOWER: accept ELECTION from e868a3a3-c0d9-49f0-b374-aca42e6594e7: our priority 0 <= candidate's priority 1
2021-11-26 01:29:09,223 [grpc-default-executor-1] INFO  server.RaftServer$Division (RaftServerImpl.java:setRole(290)) - fa9a63ae-dfc0-4823-af2f-f478aed93153@group-904FFB5E5D13: changes role from  FOLLOWER to FOLLOWER at term 1 for candidate:e868a3a3-c0d9-49f0-b374-aca42e6594e7
2021-11-26 01:29:09,223 [grpc-default-executor-1] INFO  impl.RoleInfo (RoleInfo.java:shutdownFollowerState(108)) - fa9a63ae-dfc0-4823-af2f-f478aed93153: shutdown fa9a63ae-dfc0-4823-af2f-f478aed93153@group-904FFB5E5D13-FollowerState
2021-11-26 01:29:09,223 [grpc-default-executor-1] INFO  impl.RoleInfo (RoleInfo.java:updateAndGet(130)) - fa9a63ae-dfc0-4823-af2f-f478aed93153: start fa9a63ae-dfc0-4823-af2f-f478aed93153@group-904FFB5E5D13-FollowerState
2021-11-26 01:29:09,222 [grpc-default-executor-2] INFO  server.RaftServer$Division (RaftServerImpl.java:requestVote(1078)) - e6079862-fe37-43a4-a998-6eeab30b5c75@group-904FFB5E5D13 replies to ELECTION vote request: e868a3a3-c0d9-49f0-b374-aca42e6594e7<-e6079862-fe37-43a4-a998-6eeab30b5c75#0:OK-t1. Peer's state: e6079862-fe37-43a4-a998-6eeab30b5c75@group-904FFB5E5D13:t1, leader=null, voted=e868a3a3-c0d9-49f0-b374-aca42e6594e7, raftlog=e6079862-fe37-43a4-a998-6eeab30b5c75@group-904FFB5E5D13-SegmentedRaftLog:OPENED:c-1, conf=-1: [e6079862-fe37-43a4-a998-6eeab30b5c75|rpc:127.0.0.1:44915|dataStream:|priority:0, fa9a63ae-dfc0-4823-af2f-f478aed93153|rpc:127.0.0.1:42615|dataStream:|priority:0, e868a3a3-c0d9-49f0-b374-aca42e6594e7|rpc:127.0.0.1:39195|dataStream:|priority:1], old=null
2021-11-26 01:29:09,223 [EndpointStateMachine task thread for /127.0.0.1:12825 - 0 ] INFO  ipc.Client (Client.java:handleConnectionFailure(977)) - Retrying connect to server: localhost/127.0.0.1:12825. Already tried 3 time(s); retry policy is RetryUpToMaximumCountWithFixedSleep(maxRetries=15, sleepTime=1000 MILLISECONDS)
2021-11-26 01:29:09,223 [fa9a63ae-dfc0-4823-af2f-f478aed93153@group-904FFB5E5D13-FollowerState] INFO  impl.FollowerState (FollowerState.java:run(143)) - fa9a63ae-dfc0-4823-af2f-f478aed93153@group-904FFB5E5D13-FollowerState was interrupted: {}
java.lang.InterruptedException: sleep interrupted
	at java.lang.Thread.sleep(Native Method)
	at java.lang.Thread.sleep(Thread.java:340)
	at java.util.concurrent.TimeUnit.sleep(TimeUnit.java:386)
	at org.apache.ratis.util.TimeDuration.sleep(TimeDuration.java:324)
	at org.apache.ratis.util.TimeDuration.sleep(TimeDuration.java:309)
	at org.apache.ratis.server.impl.FollowerState.run(FollowerState.java:118)
2021-11-26 01:29:09,231 [grpc-default-executor-1] INFO  server.RaftServer$Division (RaftServerImpl.java:requestVote(1078)) - fa9a63ae-dfc0-4823-af2f-f478aed93153@group-904FFB5E5D13 replies to ELECTION vote request: e868a3a3-c0d9-49f0-b374-aca42e6594e7<-fa9a63ae-dfc0-4823-af2f-f478aed93153#0:OK-t1. Peer's state: fa9a63ae-dfc0-4823-af2f-f478aed93153@group-904FFB5E5D13:t1, leader=null, voted=e868a3a3-c0d9-49f0-b374-aca42e6594e7, raftlog=fa9a63ae-dfc0-4823-af2f-f478aed93153@group-904FFB5E5D13-SegmentedRaftLog:OPENED:c-1, conf=-1: [e6079862-fe37-43a4-a998-6eeab30b5c75|rpc:127.0.0.1:44915|dataStream:|priority:0, fa9a63ae-dfc0-4823-af2f-f478aed93153|rpc:127.0.0.1:42615|dataStream:|priority:0, e868a3a3-c0d9-49f0-b374-aca42e6594e7|rpc:127.0.0.1:39195|dataStream:|priority:1], old=null
2021-11-26 01:29:09,232 [e868a3a3-c0d9-49f0-b374-aca42e6594e7@group-904FFB5E5D13-LeaderElection20] INFO  impl.LeaderElection (LeaderElection.java:logAndReturn(89)) - e868a3a3-c0d9-49f0-b374-aca42e6594e7@group-904FFB5E5D13-LeaderElection20: ELECTION PASSED received 1 response(s) and 0 exception(s):
2021-11-26 01:29:09,232 [e868a3a3-c0d9-49f0-b374-aca42e6594e7@group-904FFB5E5D13-LeaderElection20] INFO  impl.LeaderElection (LeaderElection.java:logAndReturn(93)) -   Response 0: e868a3a3-c0d9-49f0-b374-aca42e6594e7<-e6079862-fe37-43a4-a998-6eeab30b5c75#0:OK-t1
2021-11-26 01:29:09,232 [e868a3a3-c0d9-49f0-b374-aca42e6594e7@group-904FFB5E5D13-LeaderElection20] INFO  impl.LeaderElection (LeaderElection.java:askForVotes(308)) - e868a3a3-c0d9-49f0-b374-aca42e6594e7@group-904FFB5E5D13-LeaderElection20 ELECTION round 0: result PASSED
2021-11-26 01:29:09,232 [e868a3a3-c0d9-49f0-b374-aca42e6594e7@group-904FFB5E5D13-LeaderElection20] INFO  impl.RoleInfo (RoleInfo.java:shutdownLeaderElection(121)) - e868a3a3-c0d9-49f0-b374-aca42e6594e7: shutdown e868a3a3-c0d9-49f0-b374-aca42e6594e7@group-904FFB5E5D13-LeaderElection20
2021-11-26 01:29:09,232 [e868a3a3-c0d9-49f0-b374-aca42e6594e7@group-904FFB5E5D13-LeaderElection20] INFO  server.RaftServer$Division (RaftServerImpl.java:setRole(290)) - e868a3a3-c0d9-49f0-b374-aca42e6594e7@group-904FFB5E5D13: changes role from CANDIDATE to LEADER at term 1 for changeToLeader
2021-11-26 01:29:09,232 [e868a3a3-c0d9-49f0-b374-aca42e6594e7@group-904FFB5E5D13-LeaderElection20] INFO  ratis.XceiverServerRatis (XceiverServerRatis.java:handleLeaderChangedNotification(866)) - Leader change notification received for group: group-904FFB5E5D13 with new leaderId: e868a3a3-c0d9-49f0-b374-aca42e6594e7
2021-11-26 01:29:09,232 [e868a3a3-c0d9-49f0-b374-aca42e6594e7@group-904FFB5E5D13-LeaderElection20] INFO  server.RaftServer$Division (ServerState.java:setLeader(285)) - e868a3a3-c0d9-49f0-b374-aca42e6594e7@group-904FFB5E5D13: change Leader from null to e868a3a3-c0d9-49f0-b374-aca42e6594e7 at term 1 for becomeLeader, leader elected after 5140ms
2021-11-26 01:29:09,232 [e868a3a3-c0d9-49f0-b374-aca42e6594e7@group-904FFB5E5D13-LeaderElection20] INFO  server.RaftServerConfigKeys (ConfUtils.java:logGet(44)) - raft.server.staging.catchup.gap = 1000 (default)
2021-11-26 01:29:09,233 [e868a3a3-c0d9-49f0-b374-aca42e6594e7@group-904FFB5E5D13-LeaderElection20] INFO  server.RaftServerConfigKeys (ConfUtils.java:logGet(44)) - raft.server.write.element-limit = 1024 (custom)
2021-11-26 01:29:09,233 [e868a3a3-c0d9-49f0-b374-aca42e6594e7@group-904FFB5E5D13-LeaderElection20] INFO  server.RaftServerConfigKeys (ConfUtils.java:logGet(44)) - raft.server.write.byte-limit = 1024 M (=1073741824) (custom)
2021-11-26 01:29:09,233 [e868a3a3-c0d9-49f0-b374-aca42e6594e7@group-904FFB5E5D13-LeaderElection20] INFO  server.RaftServerConfigKeys (ConfUtils.java:logGet(44)) - raft.server.watch.timeout = 180s (custom)
2021-11-26 01:29:09,233 [e868a3a3-c0d9-49f0-b374-aca42e6594e7@group-904FFB5E5D13-LeaderElection20] INFO  server.RaftServerConfigKeys (ConfUtils.java:logGet(44)) - raft.server.watch.timeout.denomination = 1s (default)
2021-11-26 01:29:09,233 [e868a3a3-c0d9-49f0-b374-aca42e6594e7@group-904FFB5E5D13-LeaderElection20] INFO  server.RaftServerConfigKeys (ConfUtils.java:logGet(44)) - raft.server.watch.element-limit = 65536 (default)
2021-11-26 01:29:09,233 [e868a3a3-c0d9-49f0-b374-aca42e6594e7@group-904FFB5E5D13-LeaderElection20] INFO  server.RaftServerConfigKeys (ConfUtils.java:logGet(44)) - raft.server.write.element-limit = 1024 (custom)
2021-11-26 01:29:09,233 [e868a3a3-c0d9-49f0-b374-aca42e6594e7@group-904FFB5E5D13-LeaderElection20] INFO  server.RaftServerConfigKeys (ConfUtils.java:logGet(44)) - raft.server.write.follower.gap.ratio.max = -1.0 (default)
2021-11-26 01:29:09,233 [e868a3a3-c0d9-49f0-b374-aca42e6594e7@group-904FFB5E5D13-LeaderElection20] INFO  server.RaftServerConfigKeys (ConfUtils.java:logGet(44)) - raft.server.log.appender.snapshot.chunk.size.max = 16MB (=16777216) (default)
2021-11-26 01:29:09,234 [e868a3a3-c0d9-49f0-b374-aca42e6594e7@group-904FFB5E5D13-LeaderElection20] INFO  server.RaftServerConfigKeys (ConfUtils.java:logGet(44)) - raft.server.log.appender.buffer.byte-limit = 33554432 (custom)
2021-11-26 01:29:09,234 [e868a3a3-c0d9-49f0-b374-aca42e6594e7@group-904FFB5E5D13-LeaderElection20] INFO  server.RaftServerConfigKeys (ConfUtils.java:logGet(44)) - raft.server.log.appender.buffer.element-limit = 1 (custom)
2021-11-26 01:29:09,234 [e868a3a3-c0d9-49f0-b374-aca42e6594e7@group-904FFB5E5D13-LeaderElection20] INFO  grpc.GrpcConfigKeys (ConfUtils.java:logGet(44)) - raft.grpc.server.leader.outstanding.appends.max = 128 (default)
2021-11-26 01:29:09,234 [e868a3a3-c0d9-49f0-b374-aca42e6594e7@group-904FFB5E5D13-LeaderElection20] INFO  server.RaftServerConfigKeys (ConfUtils.java:logGet(44)) - raft.server.rpc.request.timeout = 60s (custom)
2021-11-26 01:29:09,234 [e868a3a3-c0d9-49f0-b374-aca42e6594e7@group-904FFB5E5D13-LeaderElection20] INFO  server.RaftServerConfigKeys (ConfUtils.java:logGet(44)) - raft.server.log.appender.install.snapshot.enabled = false (custom)
2021-11-26 01:29:09,235 [EventQueue-PipelineReportForPipelineReportHandler] INFO  pipeline.PipelineManagerImpl (PipelineManagerImpl.java:openPipeline(289)) - Pipeline Pipeline[ Id: ae48aee9-96af-4f39-b445-904ffb5e5d13, Nodes: e868a3a3-c0d9-49f0-b374-aca42e6594e7{ip: 127.0.0.1, host: localhost, ports: [REPLICATION=37139, RATIS=39195, RATIS_ADMIN=39195, RATIS_SERVER=39195, STANDALONE=35455], networkLocation: /default-rack, certSerialId: null, persistedOpState: IN_SERVICE, persistedOpStateExpiryEpochSec: 0}fa9a63ae-dfc0-4823-af2f-f478aed93153{ip: 127.0.0.1, host: localhost, ports: [REPLICATION=37777, RATIS=42615, RATIS_ADMIN=42615, RATIS_SERVER=42615, STANDALONE=33999], networkLocation: /default-rack, certSerialId: null, persistedOpState: IN_SERVICE, persistedOpStateExpiryEpochSec: 0}e6079862-fe37-43a4-a998-6eeab30b5c75{ip: 127.0.0.1, host: localhost, ports: [REPLICATION=38829, RATIS=44915, RATIS_ADMIN=44915, RATIS_SERVER=44915, STANDALONE=37843], networkLocation: /default-rack, certSerialId: null, persistedOpState: IN_SERVICE, persistedOpStateExpiryEpochSec: 0}, ReplicationConfig: RATIS/THREE, State:ALLOCATED, leaderId:e868a3a3-c0d9-49f0-b374-aca42e6594e7, CreationTimestamp2021-11-26T01:29:01.906Z[Etc/UTC]] moved to OPEN state
2021-11-26 01:29:09,236 [EventQueue-PipelineReportForPipelineReportHandler] INFO  pipeline.PipelineManagerImpl (PipelineManagerImpl.java:openPipeline(289)) - Pipeline Pipeline[ Id: ae48aee9-96af-4f39-b445-904ffb5e5d13, Nodes: e868a3a3-c0d9-49f0-b374-aca42e6594e7{ip: 127.0.0.1, host: localhost, ports: [REPLICATION=37139, RATIS=39195, RATIS_ADMIN=39195, RATIS_SERVER=39195, STANDALONE=35455], networkLocation: /default-rack, certSerialId: null, persistedOpState: IN_SERVICE, persistedOpStateExpiryEpochSec: 0}fa9a63ae-dfc0-4823-af2f-f478aed93153{ip: 127.0.0.1, host: localhost, ports: [REPLICATION=37777, RATIS=42615, RATIS_ADMIN=42615, RATIS_SERVER=42615, STANDALONE=33999], networkLocation: /default-rack, certSerialId: null, persistedOpState: IN_SERVICE, persistedOpStateExpiryEpochSec: 0}e6079862-fe37-43a4-a998-6eeab30b5c75{ip: 127.0.0.1, host: localhost, ports: [REPLICATION=38829, RATIS=44915, RATIS_ADMIN=44915, RATIS_SERVER=44915, STANDALONE=37843], networkLocation: /default-rack, certSerialId: null, persistedOpState: IN_SERVICE, persistedOpStateExpiryEpochSec: 0}, ReplicationConfig: RATIS/THREE, State:ALLOCATED, leaderId:e868a3a3-c0d9-49f0-b374-aca42e6594e7, CreationTimestamp2021-11-26T01:29:01.906Z[Etc/UTC]] moved to OPEN state
2021-11-26 01:29:09,237 [EventQueue-PipelineReportForPipelineReportHandler] INFO  ha.SCMHAInvocationHandler (SCMHAInvocationHandler.java:invokeRatis(113)) - Invoking method public abstract void org.apache.hadoop.hdds.scm.pipeline.PipelineStateManager.updatePipelineState(org.apache.hadoop.hdds.protocol.proto.HddsProtos$PipelineID,org.apache.hadoop.hdds.protocol.proto.HddsProtos$PipelineState) throws java.io.IOException on target org.apache.hadoop.hdds.scm.ha.SCMRatisServerImpl@6c58e33f, cost 211.501us
2021-11-26 01:29:09,237 [EventQueue-OpenPipelineForHealthyPipelineSafeModeRule] INFO  safemode.SCMSafeModeManager (HealthyPipelineSafeModeRule.java:process(124)) - SCM in safe mode. Healthy pipelines reported count is 0, required healthy pipeline reported count is 1
2021-11-26 01:29:09,239 [e868a3a3-c0d9-49f0-b374-aca42e6594e7@group-904FFB5E5D13-LeaderElection20] INFO  server.RaftServerConfigKeys (ConfUtils.java:logGet(44)) - raft.server.log.appender.snapshot.chunk.size.max = 16MB (=16777216) (default)
2021-11-26 01:29:09,239 [e868a3a3-c0d9-49f0-b374-aca42e6594e7@group-904FFB5E5D13-LeaderElection20] INFO  server.RaftServerConfigKeys (ConfUtils.java:logGet(44)) - raft.server.log.appender.buffer.byte-limit = 33554432 (custom)
2021-11-26 01:29:09,239 [e868a3a3-c0d9-49f0-b374-aca42e6594e7@group-904FFB5E5D13-LeaderElection20] INFO  server.RaftServerConfigKeys (ConfUtils.java:logGet(44)) - raft.server.log.appender.buffer.element-limit = 1 (custom)
2021-11-26 01:29:09,244 [e868a3a3-c0d9-49f0-b374-aca42e6594e7@group-904FFB5E5D13-LeaderElection20] INFO  grpc.GrpcConfigKeys (ConfUtils.java:logGet(44)) - raft.grpc.server.leader.outstanding.appends.max = 128 (default)
2021-11-26 01:29:09,244 [e868a3a3-c0d9-49f0-b374-aca42e6594e7@group-904FFB5E5D13-LeaderElection20] INFO  server.RaftServerConfigKeys (ConfUtils.java:logGet(44)) - raft.server.rpc.request.timeout = 60s (custom)
2021-11-26 01:29:09,244 [e868a3a3-c0d9-49f0-b374-aca42e6594e7@group-904FFB5E5D13-LeaderElection20] INFO  server.RaftServerConfigKeys (ConfUtils.java:logGet(44)) - raft.server.log.appender.install.snapshot.enabled = false (custom)
2021-11-26 01:29:09,245 [e868a3a3-c0d9-49f0-b374-aca42e6594e7@group-904FFB5E5D13-LeaderElection20] INFO  impl.RoleInfo (RoleInfo.java:updateAndGet(130)) - e868a3a3-c0d9-49f0-b374-aca42e6594e7: start e868a3a3-c0d9-49f0-b374-aca42e6594e7@group-904FFB5E5D13-LeaderStateImpl
2021-11-26 01:29:09,245 [e868a3a3-c0d9-49f0-b374-aca42e6594e7@group-904FFB5E5D13-LeaderElection20] INFO  segmented.SegmentedRaftLogWorker (SegmentedRaftLogWorker.java:startLogSegment(394)) - e868a3a3-c0d9-49f0-b374-aca42e6594e7@group-904FFB5E5D13-SegmentedRaftLogWorker: Starting segment from index:0
2021-11-26 01:29:09,247 [e868a3a3-c0d9-49f0-b374-aca42e6594e7@group-904FFB5E5D13-SegmentedRaftLogWorker] INFO  segmented.SegmentedRaftLogWorker (SegmentedRaftLogWorker.java:execute(601)) - e868a3a3-c0d9-49f0-b374-aca42e6594e7@group-904FFB5E5D13-SegmentedRaftLogWorker: created new log segment /home/runner/work/ozone/ozone/hadoop-ozone/integration-test/target/test-dir/MiniOzoneClusterImpl-70e57338-dd19-42c4-b060-07a8ff5308af/datanode-0/data/ratis/ae48aee9-96af-4f39-b445-904ffb5e5d13/current/log_inprogress_0
2021-11-26 01:29:09,258 [ec3f45f6-a064-4412-8226-4654181b7e55@group-07A8FF5308AF-StateMachineUpdater] INFO  safemode.HealthyPipelineSafeModeRule (HealthyPipelineSafeModeRule.java:initializeRule(152)) - Refreshed total pipeline count is 1, healthy pipeline threshold count is 1
2021-11-26 01:29:09,258 [EventQueue-PipelineReportForPipelineReportHandler] INFO  ha.SCMHAInvocationHandler (SCMHAInvocationHandler.java:invokeRatis(113)) - Invoking method public abstract void org.apache.hadoop.hdds.scm.pipeline.PipelineStateManager.updatePipelineState(org.apache.hadoop.hdds.protocol.proto.HddsProtos$PipelineID,org.apache.hadoop.hdds.protocol.proto.HddsProtos$PipelineState) throws java.io.IOException on target org.apache.hadoop.hdds.scm.ha.SCMRatisServerImpl@7131fc1, cost 22617.6us
2021-11-26 01:29:09,258 [EventQueue-OpenPipelineForHealthyPipelineSafeModeRule] INFO  safemode.SCMSafeModeManager (HealthyPipelineSafeModeRule.java:process(124)) - SCM in safe mode. Healthy pipelines reported count is 1, required healthy pipeline reported count is 1
2021-11-26 01:29:09,258 [EventQueue-OpenPipelineForHealthyPipelineSafeModeRule] INFO  safemode.SCMSafeModeManager (SCMSafeModeManager.java:validateSafeModeExitRules(204)) - HealthyPipelineSafeModeRule rule is successfully validated
2021-11-26 01:29:09,258 [EventQueue-OpenPipelineForHealthyPipelineSafeModeRule] INFO  safemode.SCMSafeModeManager (SCMSafeModeManager.java:validateSafeModeExitRules(219)) - ScmSafeModeManager, all rules are successfully validated
2021-11-26 01:29:09,258 [EventQueue-OpenPipelineForHealthyPipelineSafeModeRule] INFO  safemode.SCMSafeModeManager (SCMSafeModeManager.java:exitSafeMode(248)) - SCM exiting safe mode.
2021-11-26 01:29:09,258 [EventQueue-OpenPipelineForHealthyPipelineSafeModeRule] WARN  events.EventQueue (EventQueue.java:fireEvent(194)) - No event handler registered for event TypedEvent{payloadType=SafeModeStatus, name='Safe mode status'}
2021-11-26 01:29:09,258 [EventQueue-OpenPipelineForHealthyPipelineSafeModeRule] INFO  ha.SCMContext (SCMContext.java:updateSafeModeStatus(205)) - Update SafeModeStatus from SafeModeStatus{safeModeStatus=true, preCheckPassed=true} to SafeModeStatus{safeModeStatus=false, preCheckPassed=true}.
2021-11-26 01:29:09,259 [EventQueue-OpenPipelineForHealthyPipelineSafeModeRule] INFO  container.ReplicationManager (ReplicationManager.java:notifyStatusChanged(1756)) - Service ReplicationManager transitions to RUNNING.
2021-11-26 01:29:09,260 [grpc-default-executor-1] INFO  ratis.XceiverServerRatis (XceiverServerRatis.java:handleLeaderChangedNotification(866)) - Leader change notification received for group: group-904FFB5E5D13 with new leaderId: e868a3a3-c0d9-49f0-b374-aca42e6594e7
2021-11-26 01:29:09,261 [grpc-default-executor-1] INFO  server.RaftServer$Division (ServerState.java:setLeader(285)) - fa9a63ae-dfc0-4823-af2f-f478aed93153@group-904FFB5E5D13: change Leader from null to e868a3a3-c0d9-49f0-b374-aca42e6594e7 at term 1 for appendEntries, leader elected after 5074ms
2021-11-26 01:29:09,269 [878f4670-2ce0-4ee1-8021-0f5a1e33ae40@group-07A8FF5308AF-StateMachineUpdater] INFO  safemode.HealthyPipelineSafeModeRule (HealthyPipelineSafeModeRule.java:initializeRule(152)) - Refreshed total pipeline count is 1, healthy pipeline threshold count is 1
2021-11-26 01:29:09,270 [878f4670-2ce0-4ee1-8021-0f5a1e33ae40@group-07A8FF5308AF-StateMachineUpdater] INFO  ha.SCMStateMachine (SCMStateMachine.java:takeSnapshot(297)) - Current Snapshot Index 23, takeSnapshot took 1 ms
2021-11-26 01:29:09,270 [878f4670-2ce0-4ee1-8021-0f5a1e33ae40@group-07A8FF5308AF-StateMachineUpdater] INFO  impl.StateMachineUpdater (StateMachineUpdater.java:takeSnapshot(281)) - 878f4670-2ce0-4ee1-8021-0f5a1e33ae40@group-07A8FF5308AF-StateMachineUpdater: Took a snapshot at index 23
2021-11-26 01:29:09,270 [878f4670-2ce0-4ee1-8021-0f5a1e33ae40@group-07A8FF5308AF-StateMachineUpdater] INFO  impl.StateMachineUpdater (StateMachineUpdater.java:lambda$new$0(89)) - 878f4670-2ce0-4ee1-8021-0f5a1e33ae40@group-07A8FF5308AF-StateMachineUpdater: snapshotIndex: updateIncreasingly 18 -> 23
2021-11-26 01:29:09,270 [878f4670-2ce0-4ee1-8021-0f5a1e33ae40@group-07A8FF5308AF-StateMachineUpdater] INFO  raftlog.RaftLog (RaftLogBase.java:purge(306)) - 878f4670-2ce0-4ee1-8021-0f5a1e33ae40@group-07A8FF5308AF-SegmentedRaftLog: purge 23
2021-11-26 01:29:09,270 [878f4670-2ce0-4ee1-8021-0f5a1e33ae40@group-07A8FF5308AF-StateMachineUpdater] INFO  raftlog.RaftLog (RaftLogBase.java:lambda$new$0(53)) - 878f4670-2ce0-4ee1-8021-0f5a1e33ae40@group-07A8FF5308AF-SegmentedRaftLog: snapshotIndex: updateIncreasingly 18 -> 23
2021-11-26 01:29:09,270 [878f4670-2ce0-4ee1-8021-0f5a1e33ae40@group-07A8FF5308AF-StateMachineUpdater] INFO  raftlog.RaftLog (RaftLogBase.java:lambda$new$0(53)) - 878f4670-2ce0-4ee1-8021-0f5a1e33ae40@group-07A8FF5308AF-SegmentedRaftLog: purgeIndex: updateToMax old=18, new=23, updated? true
2021-11-26 01:29:09,283 [e868a3a3-c0d9-49f0-b374-aca42e6594e7@group-904FFB5E5D13-LeaderElection20] INFO  server.RaftServer$Division (ServerState.java:setRaftConf(387)) - e868a3a3-c0d9-49f0-b374-aca42e6594e7@group-904FFB5E5D13: set configuration 0: [e6079862-fe37-43a4-a998-6eeab30b5c75|rpc:127.0.0.1:44915|dataStream:|priority:0, fa9a63ae-dfc0-4823-af2f-f478aed93153|rpc:127.0.0.1:42615|dataStream:|priority:0, e868a3a3-c0d9-49f0-b374-aca42e6594e7|rpc:127.0.0.1:39195|dataStream:|priority:1], old=null
2021-11-26 01:29:09,283 [grpc-default-executor-0] INFO  ratis.XceiverServerRatis (XceiverServerRatis.java:handleLeaderChangedNotification(866)) - Leader change notification received for group: group-904FFB5E5D13 with new leaderId: e868a3a3-c0d9-49f0-b374-aca42e6594e7
2021-11-26 01:29:09,283 [grpc-default-executor-0] INFO  server.RaftServer$Division (ServerState.java:setLeader(285)) - e6079862-fe37-43a4-a998-6eeab30b5c75@group-904FFB5E5D13: change Leader from null to e868a3a3-c0d9-49f0-b374-aca42e6594e7 at term 1 for appendEntries, leader elected after 5022ms
2021-11-26 01:29:09,304 [grpc-default-executor-0] INFO  server.RaftServer$Division (ServerState.java:setRaftConf(387)) - e6079862-fe37-43a4-a998-6eeab30b5c75@group-904FFB5E5D13: set configuration 0: [e6079862-fe37-43a4-a998-6eeab30b5c75|rpc:127.0.0.1:44915|dataStream:|priority:0, fa9a63ae-dfc0-4823-af2f-f478aed93153|rpc:127.0.0.1:42615|dataStream:|priority:0, e868a3a3-c0d9-49f0-b374-aca42e6594e7|rpc:127.0.0.1:39195|dataStream:|priority:1], old=null
2021-11-26 01:29:09,304 [grpc-default-executor-0] INFO  segmented.SegmentedRaftLogWorker (SegmentedRaftLogWorker.java:startLogSegment(394)) - e6079862-fe37-43a4-a998-6eeab30b5c75@group-904FFB5E5D13-SegmentedRaftLogWorker: Starting segment from index:0
2021-11-26 01:29:09,307 [e6079862-fe37-43a4-a998-6eeab30b5c75@group-904FFB5E5D13-SegmentedRaftLogWorker] INFO  segmented.SegmentedRaftLogWorker (SegmentedRaftLogWorker.java:execute(601)) - e6079862-fe37-43a4-a998-6eeab30b5c75@group-904FFB5E5D13-SegmentedRaftLogWorker: created new log segment /home/runner/work/ozone/ozone/hadoop-ozone/integration-test/target/test-dir/MiniOzoneClusterImpl-70e57338-dd19-42c4-b060-07a8ff5308af/datanode-1/data/ratis/ae48aee9-96af-4f39-b445-904ffb5e5d13/current/log_inprogress_0
2021-11-26 01:29:09,337 [grpc-default-executor-0] INFO  server.RaftServer$Division (ServerState.java:setRaftConf(387)) - fa9a63ae-dfc0-4823-af2f-f478aed93153@group-904FFB5E5D13: set configuration 0: [e6079862-fe37-43a4-a998-6eeab30b5c75|rpc:127.0.0.1:44915|dataStream:|priority:0, fa9a63ae-dfc0-4823-af2f-f478aed93153|rpc:127.0.0.1:42615|dataStream:|priority:0, e868a3a3-c0d9-49f0-b374-aca42e6594e7|rpc:127.0.0.1:39195|dataStream:|priority:1], old=null
2021-11-26 01:29:09,337 [grpc-default-executor-0] INFO  segmented.SegmentedRaftLogWorker (SegmentedRaftLogWorker.java:startLogSegment(394)) - fa9a63ae-dfc0-4823-af2f-f478aed93153@group-904FFB5E5D13-SegmentedRaftLogWorker: Starting segment from index:0
2021-11-26 01:29:09,360 [fa9a63ae-dfc0-4823-af2f-f478aed93153@group-904FFB5E5D13-SegmentedRaftLogWorker] INFO  segmented.SegmentedRaftLogWorker (SegmentedRaftLogWorker.java:execute(601)) - fa9a63ae-dfc0-4823-af2f-f478aed93153@group-904FFB5E5D13-SegmentedRaftLogWorker: created new log segment /home/runner/work/ozone/ozone/hadoop-ozone/integration-test/target/test-dir/MiniOzoneClusterImpl-70e57338-dd19-42c4-b060-07a8ff5308af/datanode-2/data/ratis/ae48aee9-96af-4f39-b445-904ffb5e5d13/current/log_inprogress_0
2021-11-26 01:29:09,448 [e868a3a3-c0d9-49f0-b374-aca42e6594e7@group-54FD992928C8-FollowerState] INFO  impl.FollowerState (FollowerState.java:run(134)) - e868a3a3-c0d9-49f0-b374-aca42e6594e7@group-54FD992928C8-FollowerState: change to CANDIDATE, lastRpcElapsedTime:5124880971ns, electionTimeout:5119ms
2021-11-26 01:29:09,448 [e868a3a3-c0d9-49f0-b374-aca42e6594e7@group-54FD992928C8-FollowerState] INFO  impl.RoleInfo (RoleInfo.java:shutdownFollowerState(108)) - e868a3a3-c0d9-49f0-b374-aca42e6594e7: shutdown e868a3a3-c0d9-49f0-b374-aca42e6594e7@group-54FD992928C8-FollowerState
2021-11-26 01:29:09,448 [e868a3a3-c0d9-49f0-b374-aca42e6594e7@group-54FD992928C8-FollowerState] INFO  server.RaftServer$Division (RaftServerImpl.java:setRole(290)) - e868a3a3-c0d9-49f0-b374-aca42e6594e7@group-54FD992928C8: changes role from  FOLLOWER to CANDIDATE at term 0 for changeToCandidate
2021-11-26 01:29:09,448 [e868a3a3-c0d9-49f0-b374-aca42e6594e7@group-54FD992928C8-FollowerState] INFO  server.RaftServerConfigKeys (ConfUtils.java:logGet(44)) - raft.server.leaderelection.pre-vote = false (custom)
2021-11-26 01:29:09,448 [e868a3a3-c0d9-49f0-b374-aca42e6594e7@group-54FD992928C8-FollowerState] INFO  impl.RoleInfo (RoleInfo.java:updateAndGet(130)) - e868a3a3-c0d9-49f0-b374-aca42e6594e7: start e868a3a3-c0d9-49f0-b374-aca42e6594e7@group-54FD992928C8-LeaderElection21
2021-11-26 01:29:09,467 [fa9a63ae-dfc0-4823-af2f-f478aed93153@group-54FD992928C8-FollowerState] INFO  impl.FollowerState (FollowerState.java:run(134)) - fa9a63ae-dfc0-4823-af2f-f478aed93153@group-54FD992928C8-FollowerState: change to CANDIDATE, lastRpcElapsedTime:5058121080ns, electionTimeout:5046ms
2021-11-26 01:29:09,467 [fa9a63ae-dfc0-4823-af2f-f478aed93153@group-54FD992928C8-FollowerState] INFO  impl.RoleInfo (RoleInfo.java:shutdownFollowerState(108)) - fa9a63ae-dfc0-4823-af2f-f478aed93153: shutdown fa9a63ae-dfc0-4823-af2f-f478aed93153@group-54FD992928C8-FollowerState
2021-11-26 01:29:09,467 [fa9a63ae-dfc0-4823-af2f-f478aed93153@group-54FD992928C8-FollowerState] INFO  server.RaftServer$Division (RaftServerImpl.java:setRole(290)) - fa9a63ae-dfc0-4823-af2f-f478aed93153@group-54FD992928C8: changes role from  FOLLOWER to CANDIDATE at term 0 for changeToCandidate
2021-11-26 01:29:09,467 [fa9a63ae-dfc0-4823-af2f-f478aed93153@group-54FD992928C8-FollowerState] INFO  server.RaftServerConfigKeys (ConfUtils.java:logGet(44)) - raft.server.leaderelection.pre-vote = false (custom)
2021-11-26 01:29:09,467 [fa9a63ae-dfc0-4823-af2f-f478aed93153@group-54FD992928C8-FollowerState] INFO  impl.RoleInfo (RoleInfo.java:updateAndGet(130)) - fa9a63ae-dfc0-4823-af2f-f478aed93153: start fa9a63ae-dfc0-4823-af2f-f478aed93153@group-54FD992928C8-LeaderElection22
2021-11-26 01:29:09,480 [e868a3a3-c0d9-49f0-b374-aca42e6594e7@group-54FD992928C8-LeaderElection21] INFO  impl.LeaderElection (LeaderElection.java:askForVotes(306)) - e868a3a3-c0d9-49f0-b374-aca42e6594e7@group-54FD992928C8-LeaderElection21 ELECTION round 0: submit vote requests at term 1 for -1: [e6079862-fe37-43a4-a998-6eeab30b5c75|rpc:127.0.0.1:44915|priority:0, fa9a63ae-dfc0-4823-af2f-f478aed93153|rpc:127.0.0.1:42615|priority:1, e868a3a3-c0d9-49f0-b374-aca42e6594e7|rpc:127.0.0.1:39195|priority:0], old=null
2021-11-26 01:29:09,502 [grpc-default-executor-0] INFO  server.RaftServer$Division (RaftServerImpl.java:requestVote(1046)) - e6079862-fe37-43a4-a998-6eeab30b5c75@group-54FD992928C8: receive requestVote(ELECTION, e868a3a3-c0d9-49f0-b374-aca42e6594e7, group-54FD992928C8, 1, (t:0, i:0))
2021-11-26 01:29:09,502 [grpc-default-executor-0] INFO  impl.VoteContext (VoteContext.java:log(48)) - e6079862-fe37-43a4-a998-6eeab30b5c75@group-54FD992928C8-FOLLOWER: accept ELECTION from e868a3a3-c0d9-49f0-b374-aca42e6594e7: our priority 0 <= candidate's priority 0
2021-11-26 01:29:09,502 [grpc-default-executor-0] INFO  server.RaftServer$Division (RaftServerImpl.java:setRole(290)) - e6079862-fe37-43a4-a998-6eeab30b5c75@group-54FD992928C8: changes role from  FOLLOWER to FOLLOWER at term 1 for candidate:e868a3a3-c0d9-49f0-b374-aca42e6594e7
2021-11-26 01:29:09,502 [grpc-default-executor-0] INFO  impl.RoleInfo (RoleInfo.java:shutdownFollowerState(108)) - e6079862-fe37-43a4-a998-6eeab30b5c75: shutdown e6079862-fe37-43a4-a998-6eeab30b5c75@group-54FD992928C8-FollowerState
2021-11-26 01:29:09,502 [grpc-default-executor-0] INFO  impl.RoleInfo (RoleInfo.java:updateAndGet(130)) - e6079862-fe37-43a4-a998-6eeab30b5c75: start e6079862-fe37-43a4-a998-6eeab30b5c75@group-54FD992928C8-FollowerState
2021-11-26 01:29:09,502 [e6079862-fe37-43a4-a998-6eeab30b5c75@group-54FD992928C8-FollowerState] INFO  impl.FollowerState (FollowerState.java:run(143)) - e6079862-fe37-43a4-a998-6eeab30b5c75@group-54FD992928C8-FollowerState was interrupted: {}
java.lang.InterruptedException: sleep interrupted
	at java.lang.Thread.sleep(Native Method)
	at java.lang.Thread.sleep(Thread.java:340)
	at java.util.concurrent.TimeUnit.sleep(TimeUnit.java:386)
	at org.apache.ratis.util.TimeDuration.sleep(TimeDuration.java:324)
	at org.apache.ratis.util.TimeDuration.sleep(TimeDuration.java:309)
	at org.apache.ratis.server.impl.FollowerState.run(FollowerState.java:118)
2021-11-26 01:29:09,506 [grpc-default-executor-0] INFO  server.RaftServer$Division (RaftServerImpl.java:requestVote(1078)) - e6079862-fe37-43a4-a998-6eeab30b5c75@group-54FD992928C8 replies to ELECTION vote request: e868a3a3-c0d9-49f0-b374-aca42e6594e7<-e6079862-fe37-43a4-a998-6eeab30b5c75#0:OK-t1. Peer's state: e6079862-fe37-43a4-a998-6eeab30b5c75@group-54FD992928C8:t1, leader=null, voted=e868a3a3-c0d9-49f0-b374-aca42e6594e7, raftlog=e6079862-fe37-43a4-a998-6eeab30b5c75@group-54FD992928C8-SegmentedRaftLog:OPENED:c-1, conf=-1: [e6079862-fe37-43a4-a998-6eeab30b5c75|rpc:127.0.0.1:44915|priority:0, fa9a63ae-dfc0-4823-af2f-f478aed93153|rpc:127.0.0.1:42615|priority:1, e868a3a3-c0d9-49f0-b374-aca42e6594e7|rpc:127.0.0.1:39195|priority:0], old=null
2021-11-26 01:29:09,507 [fa9a63ae-dfc0-4823-af2f-f478aed93153@group-54FD992928C8-LeaderElection22] INFO  impl.LeaderElection (LeaderElection.java:askForVotes(306)) - fa9a63ae-dfc0-4823-af2f-f478aed93153@group-54FD992928C8-LeaderElection22 ELECTION round 0: submit vote requests at term 1 for -1: [e6079862-fe37-43a4-a998-6eeab30b5c75|rpc:127.0.0.1:44915|dataStream:|priority:0, fa9a63ae-dfc0-4823-af2f-f478aed93153|rpc:127.0.0.1:42615|dataStream:|priority:1, e868a3a3-c0d9-49f0-b374-aca42e6594e7|rpc:127.0.0.1:39195|dataStream:|priority:0], old=null
2021-11-26 01:29:09,523 [grpc-default-executor-0] INFO  server.RaftServer$Division (RaftServerImpl.java:requestVote(1046)) - fa9a63ae-dfc0-4823-af2f-f478aed93153@group-54FD992928C8: receive requestVote(ELECTION, e868a3a3-c0d9-49f0-b374-aca42e6594e7, group-54FD992928C8, 1, (t:0, i:0))
2021-11-26 01:29:09,523 [grpc-default-executor-0] INFO  impl.VoteContext (VoteContext.java:log(48)) - fa9a63ae-dfc0-4823-af2f-f478aed93153@group-54FD992928C8-CANDIDATE: reject ELECTION from e868a3a3-c0d9-49f0-b374-aca42e6594e7: already has voted for fa9a63ae-dfc0-4823-af2f-f478aed93153 at current term 1
2021-11-26 01:29:09,523 [grpc-default-executor-0] INFO  server.RaftServer$Division (RaftServerImpl.java:requestVote(1078)) - fa9a63ae-dfc0-4823-af2f-f478aed93153@group-54FD992928C8 replies to ELECTION vote request: e868a3a3-c0d9-49f0-b374-aca42e6594e7<-fa9a63ae-dfc0-4823-af2f-f478aed93153#0:FAIL-t1. Peer's state: fa9a63ae-dfc0-4823-af2f-f478aed93153@group-54FD992928C8:t1, leader=null, voted=fa9a63ae-dfc0-4823-af2f-f478aed93153, raftlog=fa9a63ae-dfc0-4823-af2f-f478aed93153@group-54FD992928C8-SegmentedRaftLog:OPENED:c-1, conf=-1: [e6079862-fe37-43a4-a998-6eeab30b5c75|rpc:127.0.0.1:44915|dataStream:|priority:0, fa9a63ae-dfc0-4823-af2f-f478aed93153|rpc:127.0.0.1:42615|dataStream:|priority:1, e868a3a3-c0d9-49f0-b374-aca42e6594e7|rpc:127.0.0.1:39195|dataStream:|priority:0], old=null
2021-11-26 01:29:09,525 [e868a3a3-c0d9-49f0-b374-aca42e6594e7@group-54FD992928C8-LeaderElection21] INFO  impl.LeaderElection (LeaderElection.java:logAndReturn(89)) - e868a3a3-c0d9-49f0-b374-aca42e6594e7@group-54FD992928C8-LeaderElection21: ELECTION REJECTED received 2 response(s) and 0 exception(s):
2021-11-26 01:29:09,525 [e868a3a3-c0d9-49f0-b374-aca42e6594e7@group-54FD992928C8-LeaderElection21] INFO  impl.LeaderElection (LeaderElection.java:logAndReturn(93)) -   Response 0: e868a3a3-c0d9-49f0-b374-aca42e6594e7<-e6079862-fe37-43a4-a998-6eeab30b5c75#0:OK-t1
2021-11-26 01:29:09,525 [e868a3a3-c0d9-49f0-b374-aca42e6594e7@group-54FD992928C8-LeaderElection21] INFO  impl.LeaderElection (LeaderElection.java:logAndReturn(93)) -   Response 1: e868a3a3-c0d9-49f0-b374-aca42e6594e7<-fa9a63ae-dfc0-4823-af2f-f478aed93153#0:FAIL-t1
2021-11-26 01:29:09,525 [e868a3a3-c0d9-49f0-b374-aca42e6594e7@group-54FD992928C8-LeaderElection21] INFO  impl.LeaderElection (LeaderElection.java:askForVotes(308)) - e868a3a3-c0d9-49f0-b374-aca42e6594e7@group-54FD992928C8-LeaderElection21 ELECTION round 0: result REJECTED
2021-11-26 01:29:09,525 [e868a3a3-c0d9-49f0-b374-aca42e6594e7@group-54FD992928C8-LeaderElection21] INFO  server.RaftServer$Division (RaftServerImpl.java:setRole(290)) - e868a3a3-c0d9-49f0-b374-aca42e6594e7@group-54FD992928C8: changes role from CANDIDATE to FOLLOWER at term 1 for REJECTED
2021-11-26 01:29:09,525 [e868a3a3-c0d9-49f0-b374-aca42e6594e7@group-54FD992928C8-LeaderElection21] INFO  impl.RoleInfo (RoleInfo.java:shutdownLeaderElection(121)) - e868a3a3-c0d9-49f0-b374-aca42e6594e7: shutdown e868a3a3-c0d9-49f0-b374-aca42e6594e7@group-54FD992928C8-LeaderElection21
2021-11-26 01:29:09,525 [e868a3a3-c0d9-49f0-b374-aca42e6594e7@group-54FD992928C8-LeaderElection21] INFO  impl.RoleInfo (RoleInfo.java:updateAndGet(130)) - e868a3a3-c0d9-49f0-b374-aca42e6594e7: start e868a3a3-c0d9-49f0-b374-aca42e6594e7@group-54FD992928C8-FollowerState
2021-11-26 01:29:09,536 [grpc-default-executor-0] INFO  server.RaftServer$Division (RaftServerImpl.java:requestVote(1046)) - e6079862-fe37-43a4-a998-6eeab30b5c75@group-54FD992928C8: receive requestVote(ELECTION, fa9a63ae-dfc0-4823-af2f-f478aed93153, group-54FD992928C8, 1, (t:0, i:0))
2021-11-26 01:29:09,536 [grpc-default-executor-0] INFO  impl.VoteContext (VoteContext.java:log(48)) - e6079862-fe37-43a4-a998-6eeab30b5c75@group-54FD992928C8-FOLLOWER: reject ELECTION from fa9a63ae-dfc0-4823-af2f-f478aed93153: already has voted for e868a3a3-c0d9-49f0-b374-aca42e6594e7 at current term 1
2021-11-26 01:29:09,537 [grpc-default-executor-0] INFO  server.RaftServer$Division (RaftServerImpl.java:requestVote(1078)) - e6079862-fe37-43a4-a998-6eeab30b5c75@group-54FD992928C8 replies to ELECTION vote request: fa9a63ae-dfc0-4823-af2f-f478aed93153<-e6079862-fe37-43a4-a998-6eeab30b5c75#0:FAIL-t1. Peer's state: e6079862-fe37-43a4-a998-6eeab30b5c75@group-54FD992928C8:t1, leader=null, voted=e868a3a3-c0d9-49f0-b374-aca42e6594e7, raftlog=e6079862-fe37-43a4-a998-6eeab30b5c75@group-54FD992928C8-SegmentedRaftLog:OPENED:c-1, conf=-1: [e6079862-fe37-43a4-a998-6eeab30b5c75|rpc:127.0.0.1:44915|priority:0, fa9a63ae-dfc0-4823-af2f-f478aed93153|rpc:127.0.0.1:42615|priority:1, e868a3a3-c0d9-49f0-b374-aca42e6594e7|rpc:127.0.0.1:39195|priority:0], old=null
2021-11-26 01:29:09,542 [grpc-default-executor-0] INFO  server.RaftServer$Division (RaftServerImpl.java:requestVote(1046)) - e868a3a3-c0d9-49f0-b374-aca42e6594e7@group-54FD992928C8: receive requestVote(ELECTION, fa9a63ae-dfc0-4823-af2f-f478aed93153, group-54FD992928C8, 1, (t:0, i:0))
2021-11-26 01:29:09,542 [grpc-default-executor-0] INFO  impl.VoteContext (VoteContext.java:log(48)) - e868a3a3-c0d9-49f0-b374-aca42e6594e7@group-54FD992928C8-FOLLOWER: reject ELECTION from fa9a63ae-dfc0-4823-af2f-f478aed93153: already has voted for e868a3a3-c0d9-49f0-b374-aca42e6594e7 at current term 1
2021-11-26 01:29:09,542 [grpc-default-executor-0] INFO  server.RaftServer$Division (RaftServerImpl.java:requestVote(1078)) - e868a3a3-c0d9-49f0-b374-aca42e6594e7@group-54FD992928C8 replies to ELECTION vote request: fa9a63ae-dfc0-4823-af2f-f478aed93153<-e868a3a3-c0d9-49f0-b374-aca42e6594e7#0:FAIL-t1. Peer's state: e868a3a3-c0d9-49f0-b374-aca42e6594e7@group-54FD992928C8:t1, leader=null, voted=e868a3a3-c0d9-49f0-b374-aca42e6594e7, raftlog=e868a3a3-c0d9-49f0-b374-aca42e6594e7@group-54FD992928C8-SegmentedRaftLog:OPENED:c-1, conf=-1: [e6079862-fe37-43a4-a998-6eeab30b5c75|rpc:127.0.0.1:44915|priority:0, fa9a63ae-dfc0-4823-af2f-f478aed93153|rpc:127.0.0.1:42615|priority:1, e868a3a3-c0d9-49f0-b374-aca42e6594e7|rpc:127.0.0.1:39195|priority:0], old=null
2021-11-26 01:29:09,545 [fa9a63ae-dfc0-4823-af2f-f478aed93153@group-54FD992928C8-LeaderElection22] INFO  impl.LeaderElection (LeaderElection.java:logAndReturn(89)) - fa9a63ae-dfc0-4823-af2f-f478aed93153@group-54FD992928C8-LeaderElection22: ELECTION REJECTED received 2 response(s) and 0 exception(s):
2021-11-26 01:29:09,545 [fa9a63ae-dfc0-4823-af2f-f478aed93153@group-54FD992928C8-LeaderElection22] INFO  impl.LeaderElection (LeaderElection.java:logAndReturn(93)) -   Response 0: fa9a63ae-dfc0-4823-af2f-f478aed93153<-e6079862-fe37-43a4-a998-6eeab30b5c75#0:FAIL-t1
2021-11-26 01:29:09,545 [fa9a63ae-dfc0-4823-af2f-f478aed93153@group-54FD992928C8-LeaderElection22] INFO  impl.LeaderElection (LeaderElection.java:logAndReturn(93)) -   Response 1: fa9a63ae-dfc0-4823-af2f-f478aed93153<-e868a3a3-c0d9-49f0-b374-aca42e6594e7#0:FAIL-t1
2021-11-26 01:29:09,545 [fa9a63ae-dfc0-4823-af2f-f478aed93153@group-54FD992928C8-LeaderElection22] INFO  impl.LeaderElection (LeaderElection.java:askForVotes(308)) - fa9a63ae-dfc0-4823-af2f-f478aed93153@group-54FD992928C8-LeaderElection22 ELECTION round 0: result REJECTED
2021-11-26 01:29:09,545 [fa9a63ae-dfc0-4823-af2f-f478aed93153@group-54FD992928C8-LeaderElection22] INFO  server.RaftServer$Division (RaftServerImpl.java:setRole(290)) - fa9a63ae-dfc0-4823-af2f-f478aed93153@group-54FD992928C8: changes role from CANDIDATE to FOLLOWER at term 1 for REJECTED
2021-11-26 01:29:09,545 [fa9a63ae-dfc0-4823-af2f-f478aed93153@group-54FD992928C8-LeaderElection22] INFO  impl.RoleInfo (RoleInfo.java:shutdownLeaderElection(121)) - fa9a63ae-dfc0-4823-af2f-f478aed93153: shutdown fa9a63ae-dfc0-4823-af2f-f478aed93153@group-54FD992928C8-LeaderElection22
2021-11-26 01:29:09,545 [fa9a63ae-dfc0-4823-af2f-f478aed93153@group-54FD992928C8-LeaderElection22] INFO  impl.RoleInfo (RoleInfo.java:updateAndGet(130)) - fa9a63ae-dfc0-4823-af2f-f478aed93153: start fa9a63ae-dfc0-4823-af2f-f478aed93153@group-54FD992928C8-FollowerState
2021-11-26 01:29:09,548 [e6079862-fe37-43a4-a998-6eeab30b5c75@group-819E6ABFA9F4-FollowerState] INFO  impl.FollowerState (FollowerState.java:run(134)) - e6079862-fe37-43a4-a998-6eeab30b5c75@group-819E6ABFA9F4-FollowerState: change to CANDIDATE, lastRpcElapsedTime:5166677740ns, electionTimeout:5160ms
2021-11-26 01:29:09,548 [e6079862-fe37-43a4-a998-6eeab30b5c75@group-819E6ABFA9F4-FollowerState] INFO  impl.RoleInfo (RoleInfo.java:shutdownFollowerState(108)) - e6079862-fe37-43a4-a998-6eeab30b5c75: shutdown e6079862-fe37-43a4-a998-6eeab30b5c75@group-819E6ABFA9F4-FollowerState
2021-11-26 01:29:09,548 [e6079862-fe37-43a4-a998-6eeab30b5c75@group-819E6ABFA9F4-FollowerState] INFO  server.RaftServer$Division (RaftServerImpl.java:setRole(290)) - e6079862-fe37-43a4-a998-6eeab30b5c75@group-819E6ABFA9F4: changes role from  FOLLOWER to CANDIDATE at term 0 for changeToCandidate
2021-11-26 01:29:09,556 [e6079862-fe37-43a4-a998-6eeab30b5c75@group-819E6ABFA9F4-FollowerState] INFO  server.RaftServerConfigKeys (ConfUtils.java:logGet(44)) - raft.server.leaderelection.pre-vote = false (custom)
2021-11-26 01:29:09,556 [e6079862-fe37-43a4-a998-6eeab30b5c75@group-819E6ABFA9F4-FollowerState] INFO  impl.RoleInfo (RoleInfo.java:updateAndGet(130)) - e6079862-fe37-43a4-a998-6eeab30b5c75: start e6079862-fe37-43a4-a998-6eeab30b5c75@group-819E6ABFA9F4-LeaderElection23
2021-11-26 01:29:09,579 [e6079862-fe37-43a4-a998-6eeab30b5c75@group-819E6ABFA9F4-LeaderElection23] INFO  impl.LeaderElection (LeaderElection.java:askForVotes(306)) - e6079862-fe37-43a4-a998-6eeab30b5c75@group-819E6ABFA9F4-LeaderElection23 ELECTION round 0: submit vote requests at term 1 for -1: [e6079862-fe37-43a4-a998-6eeab30b5c75|rpc:127.0.0.1:44915|priority:1], old=null
2021-11-26 01:29:09,579 [e6079862-fe37-43a4-a998-6eeab30b5c75@group-819E6ABFA9F4-LeaderElection23] INFO  impl.LeaderElection (LeaderElection.java:askForVotes(308)) - e6079862-fe37-43a4-a998-6eeab30b5c75@group-819E6ABFA9F4-LeaderElection23 ELECTION round 0: result PASSED (term=1)
2021-11-26 01:29:09,579 [e6079862-fe37-43a4-a998-6eeab30b5c75@group-819E6ABFA9F4-LeaderElection23] INFO  impl.RoleInfo (RoleInfo.java:shutdownLeaderElection(121)) - e6079862-fe37-43a4-a998-6eeab30b5c75: shutdown e6079862-fe37-43a4-a998-6eeab30b5c75@group-819E6ABFA9F4-LeaderElection23
2021-11-26 01:29:09,579 [e6079862-fe37-43a4-a998-6eeab30b5c75@group-819E6ABFA9F4-LeaderElection23] INFO  server.RaftServer$Division (RaftServerImpl.java:setRole(290)) - e6079862-fe37-43a4-a998-6eeab30b5c75@group-819E6ABFA9F4: changes role from CANDIDATE to LEADER at term 1 for changeToLeader
2021-11-26 01:29:09,579 [e6079862-fe37-43a4-a998-6eeab30b5c75@group-819E6ABFA9F4-LeaderElection23] INFO  ratis.XceiverServerRatis (XceiverServerRatis.java:handleLeaderChangedNotification(866)) - Leader change notification received for group: group-819E6ABFA9F4 with new leaderId: e6079862-fe37-43a4-a998-6eeab30b5c75
2021-11-26 01:29:09,579 [e6079862-fe37-43a4-a998-6eeab30b5c75@group-819E6ABFA9F4-LeaderElection23] INFO  server.RaftServer$Division (ServerState.java:setLeader(285)) - e6079862-fe37-43a4-a998-6eeab30b5c75@group-819E6ABFA9F4: change Leader from null to e6079862-fe37-43a4-a998-6eeab30b5c75 at term 1 for becomeLeader, leader elected after 5218ms
2021-11-26 01:29:09,579 [e6079862-fe37-43a4-a998-6eeab30b5c75@group-819E6ABFA9F4-LeaderElection23] INFO  server.RaftServerConfigKeys (ConfUtils.java:logGet(44)) - raft.server.staging.catchup.gap = 1000 (default)
2021-11-26 01:29:09,579 [e6079862-fe37-43a4-a998-6eeab30b5c75@group-819E6ABFA9F4-LeaderElection23] INFO  server.RaftServerConfigKeys (ConfUtils.java:logGet(44)) - raft.server.write.element-limit = 1024 (custom)
2021-11-26 01:29:09,580 [e6079862-fe37-43a4-a998-6eeab30b5c75@group-819E6ABFA9F4-LeaderElection23] INFO  server.RaftServerConfigKeys (ConfUtils.java:logGet(44)) - raft.server.write.byte-limit = 1024 M (=1073741824) (custom)
2021-11-26 01:29:09,580 [e6079862-fe37-43a4-a998-6eeab30b5c75@group-819E6ABFA9F4-LeaderElection23] INFO  server.RaftServerConfigKeys (ConfUtils.java:logGet(44)) - raft.server.watch.timeout = 180s (custom)
2021-11-26 01:29:09,580 [e6079862-fe37-43a4-a998-6eeab30b5c75@group-819E6ABFA9F4-LeaderElection23] INFO  server.RaftServerConfigKeys (ConfUtils.java:logGet(44)) - raft.server.watch.timeout.denomination = 1s (default)
2021-11-26 01:29:09,580 [e6079862-fe37-43a4-a998-6eeab30b5c75@group-819E6ABFA9F4-LeaderElection23] INFO  server.RaftServerConfigKeys (ConfUtils.java:logGet(44)) - raft.server.watch.element-limit = 65536 (default)
2021-11-26 01:29:09,580 [e6079862-fe37-43a4-a998-6eeab30b5c75@group-819E6ABFA9F4-LeaderElection23] INFO  server.RaftServerConfigKeys (ConfUtils.java:logGet(44)) - raft.server.write.element-limit = 1024 (custom)
2021-11-26 01:29:09,580 [e6079862-fe37-43a4-a998-6eeab30b5c75@group-819E6ABFA9F4-LeaderElection23] INFO  server.RaftServerConfigKeys (ConfUtils.java:logGet(44)) - raft.server.write.follower.gap.ratio.max = -1.0 (default)
2021-11-26 01:29:09,580 [e6079862-fe37-43a4-a998-6eeab30b5c75@group-819E6ABFA9F4-LeaderElection23] INFO  impl.RoleInfo (RoleInfo.java:updateAndGet(130)) - e6079862-fe37-43a4-a998-6eeab30b5c75: start e6079862-fe37-43a4-a998-6eeab30b5c75@group-819E6ABFA9F4-LeaderStateImpl
2021-11-26 01:29:09,580 [e6079862-fe37-43a4-a998-6eeab30b5c75@group-819E6ABFA9F4-LeaderElection23] INFO  segmented.SegmentedRaftLogWorker (SegmentedRaftLogWorker.java:startLogSegment(394)) - e6079862-fe37-43a4-a998-6eeab30b5c75@group-819E6ABFA9F4-SegmentedRaftLogWorker: Starting segment from index:0
2021-11-26 01:29:09,584 [EventQueue-OpenPipelineForHealthyPipelineSafeModeRule] INFO  safemode.SCMSafeModeManager (HealthyPipelineSafeModeRule.java:process(124)) - SCM in safe mode. Healthy pipelines reported count is 1, required healthy pipeline reported count is 1
2021-11-26 01:29:09,584 [EventQueue-OpenPipelineForHealthyPipelineSafeModeRule] INFO  safemode.SCMSafeModeManager (SCMSafeModeManager.java:validateSafeModeExitRules(204)) - HealthyPipelineSafeModeRule rule is successfully validated
2021-11-26 01:29:09,585 [EventQueue-OpenPipelineForHealthyPipelineSafeModeRule] INFO  safemode.SCMSafeModeManager (SCMSafeModeManager.java:validateSafeModeExitRules(219)) - ScmSafeModeManager, all rules are successfully validated
2021-11-26 01:29:09,585 [EventQueue-OpenPipelineForHealthyPipelineSafeModeRule] INFO  safemode.SCMSafeModeManager (SCMSafeModeManager.java:exitSafeMode(248)) - SCM exiting safe mode.
2021-11-26 01:29:09,585 [EventQueue-OpenPipelineForHealthyPipelineSafeModeRule] WARN  events.EventQueue (EventQueue.java:fireEvent(194)) - No event handler registered for event TypedEvent{payloadType=SafeModeStatus, name='Safe mode status'}
2021-11-26 01:29:09,585 [EventQueue-OpenPipelineForHealthyPipelineSafeModeRule] INFO  ha.SCMContext (SCMContext.java:updateSafeModeStatus(205)) - Update SafeModeStatus from SafeModeStatus{safeModeStatus=true, preCheckPassed=true} to SafeModeStatus{safeModeStatus=false, preCheckPassed=true}.
2021-11-26 01:29:09,586 [e6079862-fe37-43a4-a998-6eeab30b5c75@group-819E6ABFA9F4-SegmentedRaftLogWorker] INFO  segmented.SegmentedRaftLogWorker (SegmentedRaftLogWorker.java:execute(601)) - e6079862-fe37-43a4-a998-6eeab30b5c75@group-819E6ABFA9F4-SegmentedRaftLogWorker: created new log segment /home/runner/work/ozone/ozone/hadoop-ozone/integration-test/target/test-dir/MiniOzoneClusterImpl-70e57338-dd19-42c4-b060-07a8ff5308af/datanode-1/data/ratis/d1e4f701-3dfa-4d6e-8386-819e6abfa9f4/current/log_inprogress_0
2021-11-26 01:29:09,592 [e6079862-fe37-43a4-a998-6eeab30b5c75@group-819E6ABFA9F4-LeaderElection23] INFO  server.RaftServer$Division (ServerState.java:setRaftConf(387)) - e6079862-fe37-43a4-a998-6eeab30b5c75@group-819E6ABFA9F4: set configuration 0: [e6079862-fe37-43a4-a998-6eeab30b5c75|rpc:127.0.0.1:44915|dataStream:|priority:1], old=null
2021-11-26 01:29:09,861 [Listener at 127.0.0.1/10172] INFO  ozone.MiniOzoneClusterImpl (MiniOzoneClusterImpl.java:lambda$waitForClusterToBeReady$0(235)) - Nodes are ready. Got 3 of 3 DN Heartbeats.
2021-11-26 01:29:09,861 [Listener at 127.0.0.1/10172] INFO  ozone.MiniOzoneClusterImpl (MiniOzoneClusterImpl.java:lambda$waitForClusterToBeReady$0(238)) - Cluster exits safe mode
2021-11-26 01:29:09,861 [Listener at 127.0.0.1/10172] INFO  ozone.MiniOzoneClusterImpl (MiniOzoneClusterImpl.java:lambda$waitForClusterToBeReady$0(240)) - SCM became leader
2021-11-26 01:29:09,861 [Listener at 127.0.0.1/10172] INFO  server.StorageContainerManager (StorageContainerManager.java:start(1303)) - StorageContainerLocationProtocol RPC server is listening at /0.0.0.0:15543
2021-11-26 01:29:09,862 [Listener at 127.0.0.1/10172] INFO  ha.SCMRatisServerImpl (SCMRatisServerImpl.java:start(177)) - starting ratis server 0.0.0.0:15540
2021-11-26 01:29:09,862 [Listener at 127.0.0.1/10172] INFO  server.RaftServer$Division (RaftServerImpl.java:start(304)) - 01294dc6-9f36-4a18-805d-4c42b975ebdc@group-07A8FF5308AF: start with initializing state, conf=-1: [], old=null
2021-11-26 01:29:09,862 [Listener at 127.0.0.1/10172] INFO  server.RaftServer$Division (RaftServerImpl.java:setRole(290)) - 01294dc6-9f36-4a18-805d-4c42b975ebdc@group-07A8FF5308AF: changes role from      null to FOLLOWER at term 0 for startInitializing
2021-11-26 01:29:09,862 [Listener at 127.0.0.1/10172] INFO  util.JmxRegister (JmxRegister.java:tryRegister(44)) - Successfully registered JMX Bean with object name Ratis:service=RaftServer,group=group-07A8FF5308AF,id=01294dc6-9f36-4a18-805d-4c42b975ebdc
2021-11-26 01:29:09,872 [Listener at 127.0.0.1/10172] INFO  server.RaftServer (RaftServerProxy.java:lambda$start$5(374)) - 01294dc6-9f36-4a18-805d-4c42b975ebdc: start RPC server
2021-11-26 01:29:09,873 [Listener at 127.0.0.1/10172] INFO  server.GrpcService (GrpcService.java:startImpl(253)) - 01294dc6-9f36-4a18-805d-4c42b975ebdc: GrpcService started, listening on 15540
2021-11-26 01:29:09,877 [Listener at 127.0.0.1/10172] INFO  ha.SCMNodeInfo (SCMNodeInfo.java:getPort(197)) - ConfigKey ozone.scm.client.address is deprecated, For configuring different ports for each SCM use PortConfigKey ozone.scm.client.port appended with serviceId and nodeId
2021-11-26 01:29:09,877 [Listener at 127.0.0.1/10172] INFO  ha.SCMNodeInfo (SCMNodeInfo.java:getPort(197)) - ConfigKey ozone.scm.block.client.address is deprecated, For configuring different ports for each SCM use PortConfigKey ozone.scm.block.client.port appended with serviceId and nodeId
2021-11-26 01:29:09,877 [Listener at 127.0.0.1/10172] INFO  ha.SCMNodeInfo (SCMNodeInfo.java:getPort(197)) - ConfigKey ozone.scm.datanode.address is deprecated, For configuring different ports for each SCM use PortConfigKey ozone.scm.datanode.port appended with serviceId and nodeId
2021-11-26 01:29:09,877 [Listener at 127.0.0.1/10172] INFO  ha.SCMNodeInfo (SCMNodeInfo.java:getPort(197)) - ConfigKey ozone.scm.client.address is deprecated, For configuring different ports for each SCM use PortConfigKey ozone.scm.client.port appended with serviceId and nodeId
2021-11-26 01:29:09,878 [Listener at 127.0.0.1/10172] INFO  ha.SCMNodeInfo (SCMNodeInfo.java:getPort(197)) - ConfigKey ozone.scm.block.client.address is deprecated, For configuring different ports for each SCM use PortConfigKey ozone.scm.block.client.port appended with serviceId and nodeId
2021-11-26 01:29:09,878 [Listener at 127.0.0.1/10172] INFO  ha.SCMNodeInfo (SCMNodeInfo.java:getPort(197)) - ConfigKey ozone.scm.datanode.address is deprecated, For configuring different ports for each SCM use PortConfigKey ozone.scm.datanode.port appended with serviceId and nodeId
2021-11-26 01:29:09,878 [Listener at 127.0.0.1/10172] INFO  ha.SCMNodeInfo (SCMNodeInfo.java:getPort(197)) - ConfigKey ozone.scm.client.address is deprecated, For configuring different ports for each SCM use PortConfigKey ozone.scm.client.port appended with serviceId and nodeId
2021-11-26 01:29:09,878 [Listener at 127.0.0.1/10172] INFO  ha.SCMNodeInfo (SCMNodeInfo.java:getPort(197)) - ConfigKey ozone.scm.block.client.address is deprecated, For configuring different ports for each SCM use PortConfigKey ozone.scm.block.client.port appended with serviceId and nodeId
2021-11-26 01:29:09,878 [Listener at 127.0.0.1/10172] INFO  ha.SCMNodeInfo (SCMNodeInfo.java:getPort(197)) - ConfigKey ozone.scm.datanode.address is deprecated, For configuring different ports for each SCM use PortConfigKey ozone.scm.datanode.port appended with serviceId and nodeId
2021-11-26 01:29:09,880 [org.apache.ratis.util.JvmPauseMonitor$$Lambda$499/73608444@6db47658] INFO  util.JvmPauseMonitor (JvmPauseMonitor.java:run(103)) - JvmPauseMonitor-01294dc6-9f36-4a18-805d-4c42b975ebdc: Started
2021-11-26 01:29:09,886 [IPC Server handler 4 on default port 15522] INFO  ha.SCMRatisServerImpl (SCMRatisServerImpl.java:addSCM(291)) - ec3f45f6-a064-4412-8226-4654181b7e55: Submitting SetConfiguration request to Ratis server with new SCM peers list: [878f4670-2ce0-4ee1-8021-0f5a1e33ae40|rpc:localhost:15530|priority:0, ec3f45f6-a064-4412-8226-4654181b7e55|rpc:localhost:15520|admin:|client:|dataStream:|priority:0, 01294dc6-9f36-4a18-805d-4c42b975ebdc|rpc:localhost:15540|priority:0]
2021-11-26 01:29:09,887 [IPC Server handler 4 on default port 15522] INFO  server.RaftServer$Division (RaftServerImpl.java:setConfigurationAsync(974)) - ec3f45f6-a064-4412-8226-4654181b7e55@group-07A8FF5308AF: receive setConfiguration SetConfigurationRequest:client-4EA8E73BA312->ec3f45f6-a064-4412-8226-4654181b7e55@group-07A8FF5308AF, cid=10, seq=0, RW, null, peers:[878f4670-2ce0-4ee1-8021-0f5a1e33ae40|rpc:localhost:15530|priority:0, ec3f45f6-a064-4412-8226-4654181b7e55|rpc:localhost:15520|admin:|client:|dataStream:|priority:0, 01294dc6-9f36-4a18-805d-4c42b975ebdc|rpc:localhost:15540|priority:0]
2021-11-26 01:29:09,887 [IPC Server handler 4 on default port 15522] INFO  server.RaftServer$Division (LeaderStateImpl.java:startSetConfiguration(358)) - ec3f45f6-a064-4412-8226-4654181b7e55@group-07A8FF5308AF-LeaderStateImpl: startSetConfiguration SetConfigurationRequest:client-4EA8E73BA312->ec3f45f6-a064-4412-8226-4654181b7e55@group-07A8FF5308AF, cid=10, seq=0, RW, null, peers:[878f4670-2ce0-4ee1-8021-0f5a1e33ae40|rpc:localhost:15530|priority:0, ec3f45f6-a064-4412-8226-4654181b7e55|rpc:localhost:15520|admin:|client:|dataStream:|priority:0, 01294dc6-9f36-4a18-805d-4c42b975ebdc|rpc:localhost:15540|priority:0]
2021-11-26 01:29:09,887 [IPC Server handler 4 on default port 15522] INFO  server.RaftServerConfigKeys (ConfUtils.java:logGet(44)) - raft.server.log.appender.snapshot.chunk.size.max = 16MB (=16777216) (default)
2021-11-26 01:29:09,887 [IPC Server handler 4 on default port 15522] INFO  server.RaftServerConfigKeys (ConfUtils.java:logGet(44)) - raft.server.log.appender.buffer.byte-limit = 33554432 (custom)
2021-11-26 01:29:09,887 [IPC Server handler 4 on default port 15522] INFO  server.RaftServerConfigKeys (ConfUtils.java:logGet(44)) - raft.server.log.appender.buffer.element-limit = 1024 (custom)
2021-11-26 01:29:09,894 [IPC Server handler 4 on default port 15522] INFO  grpc.GrpcConfigKeys (ConfUtils.java:logGet(44)) - raft.grpc.server.leader.outstanding.appends.max = 128 (default)
2021-11-26 01:29:09,895 [IPC Server handler 4 on default port 15522] INFO  server.RaftServerConfigKeys (ConfUtils.java:logGet(44)) - raft.server.rpc.request.timeout = 30000ms (custom)
2021-11-26 01:29:09,895 [IPC Server handler 4 on default port 15522] INFO  server.RaftServerConfigKeys (ConfUtils.java:logGet(44)) - raft.server.log.appender.install.snapshot.enabled = false (custom)
2021-11-26 01:29:09,908 [ec3f45f6-a064-4412-8226-4654181b7e55@group-07A8FF5308AF->01294dc6-9f36-4a18-805d-4c42b975ebdc-GrpcLogAppender-LogAppenderDaemon] INFO  server.GrpcLogAppender (GrpcLogAppender.java:installSnapshot(550)) - ec3f45f6-a064-4412-8226-4654181b7e55@group-07A8FF5308AF->01294dc6-9f36-4a18-805d-4c42b975ebdc-GrpcLogAppender: followerNextIndex = 0 but logStartIndex = 1, notify follower to install snapshot-(t:2, i:24)
2021-11-26 01:29:09,908 [ec3f45f6-a064-4412-8226-4654181b7e55@group-07A8FF5308AF->01294dc6-9f36-4a18-805d-4c42b975ebdc-GrpcLogAppender-LogAppenderDaemon] INFO  server.GrpcLogAppender (GrpcLogAppender.java:installSnapshot(558)) - ec3f45f6-a064-4412-8226-4654181b7e55@group-07A8FF5308AF->01294dc6-9f36-4a18-805d-4c42b975ebdc-GrpcLogAppender: send ec3f45f6-a064-4412-8226-4654181b7e55->01294dc6-9f36-4a18-805d-4c42b975ebdc#0-t2,notify:(t:2, i:24)
2021-11-26 01:29:09,923 [grpc-default-executor-0] INFO  server.RaftServer$Division (RaftServerImpl.java:installSnapshot(1332)) - 01294dc6-9f36-4a18-805d-4c42b975ebdc@group-07A8FF5308AF: receive installSnapshot: ec3f45f6-a064-4412-8226-4654181b7e55->01294dc6-9f36-4a18-805d-4c42b975ebdc#0-t2,notify:(t:2, i:24)
2021-11-26 01:29:09,924 [grpc-default-executor-0] INFO  ha.SCMStateMachine (SCMStateMachine.java:notifyLeaderChanged(255)) - leader changed, yet current SCM is still follower.
2021-11-26 01:29:09,925 [grpc-default-executor-0] INFO  server.RaftServer$Division (ServerState.java:setLeader(285)) - 01294dc6-9f36-4a18-805d-4c42b975ebdc@group-07A8FF5308AF: change Leader from null to ec3f45f6-a064-4412-8226-4654181b7e55 at term 2 for installSnapshot, leader elected after 14126ms
2021-11-26 01:29:09,925 [grpc-default-executor-0] INFO  server.RaftServer$Division (RaftServerImpl.java:notifyStateMachineToInstallSnapshot(1551)) - 01294dc6-9f36-4a18-805d-4c42b975ebdc@group-07A8FF5308AF: Received notification to install snapshot at index 24
2021-11-26 01:29:09,925 [grpc-default-executor-0] INFO  server.RaftServer$Division (RaftServerImpl.java:notifyStateMachineToInstallSnapshot(1582)) - 01294dc6-9f36-4a18-805d-4c42b975ebdc@group-07A8FF5308AF: notifyInstallSnapshot: nextIndex is 0 but the leader's first available index is 24.
2021-11-26 01:29:09,925 [grpc-default-executor-0] INFO  ha.SCMStateMachine (SCMStateMachine.java:notifyInstallSnapshotFromLeader(219)) - Received install snapshot notification from SCM leader: localhost:15520 with term index: (t:2, i:24)
2021-11-26 01:29:09,925 [pool-259-thread-1] INFO  ha.SCMHAManagerImpl (SCMHAManagerImpl.java:getDBCheckpointFromLeader(206)) - Downloading checkpoint from leader SCM scmNode-1 and reloading state from the checkpoint.
2021-11-26 01:29:09,944 [grpc-default-executor-1] INFO  ha.SCMDBCheckpointProvider (SCMDBCheckpointProvider.java:writeDBCheckPointToSream(48)) - Received request to obtain SCM DB checkpoint snapshot
2021-11-26 01:29:09,953 [grpc-default-executor-1] INFO  db.RDBCheckpointManager (RDBCheckpointManager.java:createCheckpoint(86)) - Created checkpoint at /home/runner/work/ozone/ozone/hadoop-ozone/integration-test/target/test-dir/MiniOzoneClusterImpl-70e57338-dd19-42c4-b060-07a8ff5308af/scmNode-1/db.checkpoints/scm.db_checkpoint_1637890149945 in 8 milliseconds
2021-11-26 01:29:09,962 [grpc-default-executor-1] INFO  ha.SCMGrpcOutputStream (SCMGrpcOutputStream.java:close(111)) - Sent 5777 bytes for cluster 70e57338-dd19-42c4-b060-07a8ff5308af
2021-11-26 01:29:09,963 [grpc-default-executor-1] INFO  ha.SCMDBCheckpointProvider (SCMDBCheckpointProvider.java:writeDBCheckPointToSream(73)) - Time taken to write the checkpoint to response output stream: 10 milliseconds
2021-11-26 01:29:09,964 [grpc-default-executor-2] INFO  ha.InterSCMGrpcClient (InterSCMGrpcClient.java:onCompleted(173)) - Checkpoint is downloaded to /home/runner/work/ozone/ozone/hadoop-ozone/integration-test/target/test-dir/MiniOzoneClusterImpl-70e57338-dd19-42c4-b060-07a8ff5308af/scmNode-3/snapshot/scm.db-scmNode-1-1637890149925.tar.gz
2021-11-26 01:29:09,965 [grpc-default-executor-1] INFO  db.RocksDBCheckpoint (RocksDBCheckpoint.java:cleanupCheckpoint(78)) - Cleaning up RocksDB checkpoint at /home/runner/work/ozone/ozone/hadoop-ozone/integration-test/target/test-dir/MiniOzoneClusterImpl-70e57338-dd19-42c4-b060-07a8ff5308af/scmNode-1/db.checkpoints/scm.db_checkpoint_1637890149945
2021-11-26 01:29:09,995 [pool-259-thread-1] INFO  ha.SCMSnapshotProvider (SCMSnapshotProvider.java:getSCMDBSnapshot(131)) - Successfully downloaded latest checkpoint from leader SCM: scmNode-1 path /home/runner/work/ozone/ozone/hadoop-ozone/integration-test/target/test-dir/MiniOzoneClusterImpl-70e57338-dd19-42c4-b060-07a8ff5308af/scmNode-3/snapshot/scm.db-scmNode-1-1637890149925
2021-11-26 01:29:09,995 [pool-259-thread-1] INFO  ha.SCMHAManagerImpl (SCMHAManagerImpl.java:downloadCheckpointFromLeader(158)) - Downloaded checkpoint from Leader scmNode-1 to the location /home/runner/work/ozone/ozone/hadoop-ozone/integration-test/target/test-dir/MiniOzoneClusterImpl-70e57338-dd19-42c4-b060-07a8ff5308af/scmNode-3/snapshot/scm.db-scmNode-1-1637890149925
2021-11-26 01:29:10,053 [pool-259-thread-1] INFO  ha.SCMHAManagerImpl (SCMHAManagerImpl.java:verifyCheckpointFromLeader(172)) - Installing checkpoint with SCMTransactionInfo 2#24
2021-11-26 01:29:10,054 [pool-259-thread-1] INFO  server.RaftServer$Division (RaftServerImpl.java:lambda$notifyStateMachineToInstallSnapshot$30(1595)) - 01294dc6-9f36-4a18-805d-4c42b975ebdc@group-07A8FF5308AF: StateMachine successfully installed snapshot index 24. Reloading the StateMachine.
2021-11-26 01:29:10,054 [pool-259-thread-1] INFO  segmented.SegmentedRaftLogWorker (SegmentedRaftLogWorker.java:lambda$new$0(133)) - 01294dc6-9f36-4a18-805d-4c42b975ebdc@group-07A8FF5308AF-SegmentedRaftLogWorker: flushIndex: setUnconditionally -1 -> 24
2021-11-26 01:29:10,054 [pool-259-thread-1] INFO  segmented.SegmentedRaftLogWorker (SegmentedRaftLogWorker.java:lambda$new$0(133)) - 01294dc6-9f36-4a18-805d-4c42b975ebdc@group-07A8FF5308AF-SegmentedRaftLogWorker: safeCacheEvictIndex: setUnconditionally -1 -> 24
2021-11-26 01:29:10,054 [pool-259-thread-1] INFO  raftlog.RaftLog (RaftLogBase.java:lambda$new$0(53)) - 01294dc6-9f36-4a18-805d-4c42b975ebdc@group-07A8FF5308AF-SegmentedRaftLog: snapshotIndex: updateIncreasingly -1 -> 24
2021-11-26 01:29:10,060 [grpc-default-executor-0] INFO  server.RaftServer$Division (RaftServerImpl.java:notifyStateMachineToInstallSnapshot(1638)) - 01294dc6-9f36-4a18-805d-4c42b975ebdc@group-07A8FF5308AF: InstallSnapshot notification result: SNAPSHOT_INSTALLED, at index: 24
2021-11-26 01:29:10,061 [grpc-default-executor-0] INFO  server.RaftServer$Division (RaftServerImpl.java:installSnapshotImpl(1462)) - 01294dc6-9f36-4a18-805d-4c42b975ebdc@group-07A8FF5308AF: set new configuration index: 5
configurationEntry {
  peers {
    id: "878f4670-2ce0-4ee1-8021-0f5a1e33ae40"
    address: "localhost:15530"
  }
  peers {
    id: "ec3f45f6-a064-4412-8226-4654181b7e55"
    address: "localhost:15520"
  }
}
 from snapshot
2021-11-26 01:29:10,062 [grpc-default-executor-0] INFO  server.RaftServer$Division (ServerState.java:setRaftConf(387)) - 01294dc6-9f36-4a18-805d-4c42b975ebdc@group-07A8FF5308AF: set configuration 5: [878f4670-2ce0-4ee1-8021-0f5a1e33ae40|rpc:localhost:15530|admin:|client:|dataStream:|priority:0, ec3f45f6-a064-4412-8226-4654181b7e55|rpc:localhost:15520|admin:|client:|dataStream:|priority:0], old=null
2021-11-26 01:29:10,062 [grpc-default-executor-0] INFO  server.RaftServer$Division (RaftServerImpl.java:installSnapshot(1343)) - 01294dc6-9f36-4a18-805d-4c42b975ebdc@group-07A8FF5308AF: reply installSnapshot: ec3f45f6-a064-4412-8226-4654181b7e55<-01294dc6-9f36-4a18-805d-4c42b975ebdc#0:FAIL-t0,SNAPSHOT_INSTALLED,snapshotIndex=24
2021-11-26 01:29:10,062 [grpc-default-executor-0] INFO  server.GrpcServerProtocolService (GrpcServerProtocolService.java:onCompleted(140)) - 01294dc6-9f36-4a18-805d-4c42b975ebdc: Completed INSTALL_SNAPSHOT, lastRequest: ec3f45f6-a064-4412-8226-4654181b7e55->01294dc6-9f36-4a18-805d-4c42b975ebdc#0-t2,notify:(t:2, i:24)
2021-11-26 01:29:10,063 [grpc-default-executor-0] INFO  server.GrpcLogAppender (GrpcLogAppender.java:onNext(410)) - ec3f45f6-a064-4412-8226-4654181b7e55@group-07A8FF5308AF->01294dc6-9f36-4a18-805d-4c42b975ebdc-InstallSnapshotResponseHandler: received the first reply ec3f45f6-a064-4412-8226-4654181b7e55<-01294dc6-9f36-4a18-805d-4c42b975ebdc#0:FAIL-t0,SNAPSHOT_INSTALLED,snapshotIndex=24
2021-11-26 01:29:10,063 [grpc-default-executor-0] INFO  server.GrpcLogAppender (GrpcLogAppender.java:onNext(450)) - ec3f45f6-a064-4412-8226-4654181b7e55@group-07A8FF5308AF->01294dc6-9f36-4a18-805d-4c42b975ebdc-InstallSnapshotResponseHandler: Follower installed snapshot at index 24
2021-11-26 01:29:10,063 [grpc-default-executor-0] INFO  leader.FollowerInfo (FollowerInfoImpl.java:lambda$new$0(47)) - ec3f45f6-a064-4412-8226-4654181b7e55@group-07A8FF5308AF->01294dc6-9f36-4a18-805d-4c42b975ebdc: snapshotIndex: setUnconditionally 0 -> 24
2021-11-26 01:29:10,063 [grpc-default-executor-0] INFO  leader.FollowerInfo (FollowerInfoImpl.java:lambda$new$0(47)) - ec3f45f6-a064-4412-8226-4654181b7e55@group-07A8FF5308AF->01294dc6-9f36-4a18-805d-4c42b975ebdc: matchIndex: setUnconditionally 0 -> 24
2021-11-26 01:29:10,063 [grpc-default-executor-0] INFO  leader.FollowerInfo (FollowerInfoImpl.java:lambda$new$0(47)) - ec3f45f6-a064-4412-8226-4654181b7e55@group-07A8FF5308AF->01294dc6-9f36-4a18-805d-4c42b975ebdc: nextIndex: setUnconditionally 0 -> 25
2021-11-26 01:29:10,063 [grpc-default-executor-0] INFO  leader.FollowerInfo (FollowerInfoImpl.java:setAttemptedToInstallSnapshot(116)) - Follower ec3f45f6-a064-4412-8226-4654181b7e55@group-07A8FF5308AF->01294dc6-9f36-4a18-805d-4c42b975ebdc acknowledged installing snapshot
2021-11-26 01:29:10,064 [grpc-default-executor-0] INFO  leader.FollowerInfo (FollowerInfoImpl.java:lambda$new$0(47)) - ec3f45f6-a064-4412-8226-4654181b7e55@group-07A8FF5308AF->01294dc6-9f36-4a18-805d-4c42b975ebdc: nextIndex: updateToMax old=25, new=25, updated? false
2021-11-26 01:29:10,077 [grpc-default-executor-1] INFO  impl.RoleInfo (RoleInfo.java:updateAndGet(130)) - 01294dc6-9f36-4a18-805d-4c42b975ebdc: start 01294dc6-9f36-4a18-805d-4c42b975ebdc@group-07A8FF5308AF-FollowerState
2021-11-26 01:29:10,138 [01294dc6-9f36-4a18-805d-4c42b975ebdc@group-07A8FF5308AF-StateMachineUpdater] INFO  ha.SCMHAManagerImpl (SCMHAManagerImpl.java:installCheckpoint(227)) - Installing checkpoint with SCMTransactionInfo 2#24
2021-11-26 01:29:10,139 [fa9a63ae-dfc0-4823-af2f-f478aed93153@group-700504CFAA66-FollowerState] INFO  impl.FollowerState (FollowerState.java:run(134)) - fa9a63ae-dfc0-4823-af2f-f478aed93153@group-700504CFAA66-FollowerState: change to CANDIDATE, lastRpcElapsedTime:5123940948ns, electionTimeout:5107ms
2021-11-26 01:29:10,139 [fa9a63ae-dfc0-4823-af2f-f478aed93153@group-700504CFAA66-FollowerState] INFO  impl.RoleInfo (RoleInfo.java:shutdownFollowerState(108)) - fa9a63ae-dfc0-4823-af2f-f478aed93153: shutdown fa9a63ae-dfc0-4823-af2f-f478aed93153@group-700504CFAA66-FollowerState
2021-11-26 01:29:10,139 [fa9a63ae-dfc0-4823-af2f-f478aed93153@group-700504CFAA66-FollowerState] INFO  server.RaftServer$Division (RaftServerImpl.java:setRole(290)) - fa9a63ae-dfc0-4823-af2f-f478aed93153@group-700504CFAA66: changes role from  FOLLOWER to CANDIDATE at term 0 for changeToCandidate
2021-11-26 01:29:10,139 [fa9a63ae-dfc0-4823-af2f-f478aed93153@group-700504CFAA66-FollowerState] INFO  server.RaftServerConfigKeys (ConfUtils.java:logGet(44)) - raft.server.leaderelection.pre-vote = false (custom)
2021-11-26 01:29:10,139 [fa9a63ae-dfc0-4823-af2f-f478aed93153@group-700504CFAA66-FollowerState] INFO  impl.RoleInfo (RoleInfo.java:updateAndGet(130)) - fa9a63ae-dfc0-4823-af2f-f478aed93153: start fa9a63ae-dfc0-4823-af2f-f478aed93153@group-700504CFAA66-LeaderElection24
2021-11-26 01:29:10,142 [01294dc6-9f36-4a18-805d-4c42b975ebdc@group-07A8FF5308AF-StateMachineUpdater] INFO  ha.SCMHAManagerImpl (SCMHAManagerImpl.java:installCheckpoint(266)) - Replaced DB with checkpoint, term: 2, index: 24
2021-11-26 01:29:10,142 [01294dc6-9f36-4a18-805d-4c42b975ebdc@group-07A8FF5308AF-StateMachineUpdater] WARN  utils.HAUtils (HAUtils.java:getMetaDir(342)) - ozone.scm.db.dirs is not configured. We recommend adding this setting. Falling back to ozone.metadata.dirs instead.
2021-11-26 01:29:10,143 [01294dc6-9f36-4a18-805d-4c42b975ebdc@group-07A8FF5308AF-StateMachineUpdater] WARN  db.DBStoreBuilder (DBStoreBuilder.java:applyDBDefinition(145)) - ozone.scm.db.dirs is not configured. We recommend adding this setting. Falling back to ozone.metadata.dirs instead.
2021-11-26 01:29:10,153 [fa9a63ae-dfc0-4823-af2f-f478aed93153@group-700504CFAA66-LeaderElection24] INFO  impl.LeaderElection (LeaderElection.java:askForVotes(306)) - fa9a63ae-dfc0-4823-af2f-f478aed93153@group-700504CFAA66-LeaderElection24 ELECTION round 0: submit vote requests at term 1 for -1: [fa9a63ae-dfc0-4823-af2f-f478aed93153|rpc:127.0.0.1:42615|priority:1], old=null
2021-11-26 01:29:10,153 [fa9a63ae-dfc0-4823-af2f-f478aed93153@group-700504CFAA66-LeaderElection24] INFO  impl.LeaderElection (LeaderElection.java:askForVotes(308)) - fa9a63ae-dfc0-4823-af2f-f478aed93153@group-700504CFAA66-LeaderElection24 ELECTION round 0: result PASSED (term=1)
2021-11-26 01:29:10,153 [fa9a63ae-dfc0-4823-af2f-f478aed93153@group-700504CFAA66-LeaderElection24] INFO  impl.RoleInfo (RoleInfo.java:shutdownLeaderElection(121)) - fa9a63ae-dfc0-4823-af2f-f478aed93153: shutdown fa9a63ae-dfc0-4823-af2f-f478aed93153@group-700504CFAA66-LeaderElection24
2021-11-26 01:29:10,153 [fa9a63ae-dfc0-4823-af2f-f478aed93153@group-700504CFAA66-LeaderElection24] INFO  server.RaftServer$Division (RaftServerImpl.java:setRole(290)) - fa9a63ae-dfc0-4823-af2f-f478aed93153@group-700504CFAA66: changes role from CANDIDATE to LEADER at term 1 for changeToLeader
2021-11-26 01:29:10,153 [fa9a63ae-dfc0-4823-af2f-f478aed93153@group-700504CFAA66-LeaderElection24] INFO  ratis.XceiverServerRatis (XceiverServerRatis.java:handleLeaderChangedNotification(866)) - Leader change notification received for group: group-700504CFAA66 with new leaderId: fa9a63ae-dfc0-4823-af2f-f478aed93153
2021-11-26 01:29:10,153 [fa9a63ae-dfc0-4823-af2f-f478aed93153@group-700504CFAA66-LeaderElection24] INFO  server.RaftServer$Division (ServerState.java:setLeader(285)) - fa9a63ae-dfc0-4823-af2f-f478aed93153@group-700504CFAA66: change Leader from null to fa9a63ae-dfc0-4823-af2f-f478aed93153 at term 1 for becomeLeader, leader elected after 5159ms
2021-11-26 01:29:10,153 [fa9a63ae-dfc0-4823-af2f-f478aed93153@group-700504CFAA66-LeaderElection24] INFO  server.RaftServerConfigKeys (ConfUtils.java:logGet(44)) - raft.server.staging.catchup.gap = 1000 (default)
2021-11-26 01:29:10,153 [fa9a63ae-dfc0-4823-af2f-f478aed93153@group-700504CFAA66-LeaderElection24] INFO  server.RaftServerConfigKeys (ConfUtils.java:logGet(44)) - raft.server.write.element-limit = 1024 (custom)
2021-11-26 01:29:10,153 [fa9a63ae-dfc0-4823-af2f-f478aed93153@group-700504CFAA66-LeaderElection24] INFO  server.RaftServerConfigKeys (ConfUtils.java:logGet(44)) - raft.server.write.byte-limit = 1024 M (=1073741824) (custom)
2021-11-26 01:29:10,154 [fa9a63ae-dfc0-4823-af2f-f478aed93153@group-700504CFAA66-LeaderElection24] INFO  server.RaftServerConfigKeys (ConfUtils.java:logGet(44)) - raft.server.watch.timeout = 180s (custom)
2021-11-26 01:29:10,154 [fa9a63ae-dfc0-4823-af2f-f478aed93153@group-700504CFAA66-LeaderElection24] INFO  server.RaftServerConfigKeys (ConfUtils.java:logGet(44)) - raft.server.watch.timeout.denomination = 1s (default)
2021-11-26 01:29:10,154 [fa9a63ae-dfc0-4823-af2f-f478aed93153@group-700504CFAA66-LeaderElection24] INFO  server.RaftServerConfigKeys (ConfUtils.java:logGet(44)) - raft.server.watch.element-limit = 65536 (default)
2021-11-26 01:29:10,154 [fa9a63ae-dfc0-4823-af2f-f478aed93153@group-700504CFAA66-LeaderElection24] INFO  server.RaftServerConfigKeys (ConfUtils.java:logGet(44)) - raft.server.write.element-limit = 1024 (custom)
2021-11-26 01:29:10,154 [fa9a63ae-dfc0-4823-af2f-f478aed93153@group-700504CFAA66-LeaderElection24] INFO  server.RaftServerConfigKeys (ConfUtils.java:logGet(44)) - raft.server.write.follower.gap.ratio.max = -1.0 (default)
2021-11-26 01:29:10,154 [fa9a63ae-dfc0-4823-af2f-f478aed93153@group-700504CFAA66-LeaderElection24] INFO  impl.RoleInfo (RoleInfo.java:updateAndGet(130)) - fa9a63ae-dfc0-4823-af2f-f478aed93153: start fa9a63ae-dfc0-4823-af2f-f478aed93153@group-700504CFAA66-LeaderStateImpl
2021-11-26 01:29:10,154 [fa9a63ae-dfc0-4823-af2f-f478aed93153@group-700504CFAA66-LeaderElection24] INFO  segmented.SegmentedRaftLogWorker (SegmentedRaftLogWorker.java:startLogSegment(394)) - fa9a63ae-dfc0-4823-af2f-f478aed93153@group-700504CFAA66-SegmentedRaftLogWorker: Starting segment from index:0
2021-11-26 01:29:10,156 [fa9a63ae-dfc0-4823-af2f-f478aed93153@group-700504CFAA66-SegmentedRaftLogWorker] INFO  segmented.SegmentedRaftLogWorker (SegmentedRaftLogWorker.java:execute(601)) - fa9a63ae-dfc0-4823-af2f-f478aed93153@group-700504CFAA66-SegmentedRaftLogWorker: created new log segment /home/runner/work/ozone/ozone/hadoop-ozone/integration-test/target/test-dir/MiniOzoneClusterImpl-70e57338-dd19-42c4-b060-07a8ff5308af/datanode-2/data/ratis/ec2e23cb-a1b2-439f-a200-700504cfaa66/current/log_inprogress_0
2021-11-26 01:29:10,174 [fa9a63ae-dfc0-4823-af2f-f478aed93153@group-700504CFAA66-LeaderElection24] INFO  server.RaftServer$Division (ServerState.java:setRaftConf(387)) - fa9a63ae-dfc0-4823-af2f-f478aed93153@group-700504CFAA66: set configuration 0: [fa9a63ae-dfc0-4823-af2f-f478aed93153|rpc:127.0.0.1:42615|dataStream:|priority:1], old=null
2021-11-26 01:29:10,216 [EndpointStateMachine task thread for /127.0.0.1:12845 - 0 ] INFO  ipc.Client (Client.java:handleConnectionFailure(977)) - Retrying connect to server: localhost/127.0.0.1:12845. Already tried 1 time(s); retry policy is RetryUpToMaximumCountWithFixedSleep(maxRetries=15, sleepTime=1000 MILLISECONDS)
2021-11-26 01:29:10,218 [01294dc6-9f36-4a18-805d-4c42b975ebdc@group-07A8FF5308AF-StateMachineUpdater] INFO  ha.SequenceIdGenerator (SequenceIdGenerator.java:reinitialize(166)) - reinitialize SequenceIdGenerator.
2021-11-26 01:29:10,221 [01294dc6-9f36-4a18-805d-4c42b975ebdc@group-07A8FF5308AF-StateMachineUpdater] INFO  ha.SCMHAManagerImpl (SCMHAManagerImpl.java:installCheckpoint(277)) - Reloaded SCM state with Term: 2 and Index: 24
2021-11-26 01:29:10,222 [01294dc6-9f36-4a18-805d-4c42b975ebdc@group-07A8FF5308AF-StateMachineUpdater] INFO  impl.StateMachineUpdater (StateMachineUpdater.java:lambda$new$0(89)) - 01294dc6-9f36-4a18-805d-4c42b975ebdc@group-07A8FF5308AF-StateMachineUpdater: snapshotIndex: setUnconditionally -1 -> 24
2021-11-26 01:29:10,222 [01294dc6-9f36-4a18-805d-4c42b975ebdc@group-07A8FF5308AF-StateMachineUpdater] INFO  impl.StateMachineUpdater (StateMachineUpdater.java:lambda$new$0(89)) - 01294dc6-9f36-4a18-805d-4c42b975ebdc@group-07A8FF5308AF-StateMachineUpdater: appliedIndex: setUnconditionally -1 -> 24
2021-11-26 01:29:10,224 [EndpointStateMachine task thread for /127.0.0.1:12825 - 0 ] INFO  ipc.Client (Client.java:handleConnectionFailure(977)) - Retrying connect to server: localhost/127.0.0.1:12825. Already tried 4 time(s); retry policy is RetryUpToMaximumCountWithFixedSleep(maxRetries=15, sleepTime=1000 MILLISECONDS)
2021-11-26 01:29:10,224 [EndpointStateMachine task thread for /127.0.0.1:12835 - 0 ] INFO  ipc.Client (Client.java:handleConnectionFailure(977)) - Retrying connect to server: localhost/127.0.0.1:12835. Already tried 1 time(s); retry policy is RetryUpToMaximumCountWithFixedSleep(maxRetries=15, sleepTime=1000 MILLISECONDS)
2021-11-26 01:29:10,233 [Datanode State Machine Daemon Thread] ERROR datanode.RunningDatanodeState (RunningDatanodeState.java:computeNextContainerState(199)) - Error in executing end point task.
java.util.concurrent.ExecutionException: java.util.concurrent.TimeoutException
	at java.util.concurrent.FutureTask.report(FutureTask.java:122)
	at java.util.concurrent.FutureTask.get(FutureTask.java:192)
	at org.apache.hadoop.ozone.container.common.states.datanode.RunningDatanodeState.computeNextContainerState(RunningDatanodeState.java:191)
	at org.apache.hadoop.ozone.container.common.states.datanode.RunningDatanodeState.await(RunningDatanodeState.java:231)
	at org.apache.hadoop.ozone.container.common.states.datanode.RunningDatanodeState.await(RunningDatanodeState.java:50)
	at org.apache.hadoop.ozone.container.common.statemachine.StateContext.execute(StateContext.java:633)
	at org.apache.hadoop.ozone.container.common.statemachine.DatanodeStateMachine.start(DatanodeStateMachine.java:280)
	at org.apache.hadoop.ozone.container.common.statemachine.DatanodeStateMachine.lambda$startDaemon$0(DatanodeStateMachine.java:468)
	at java.lang.Thread.run(Thread.java:748)
Caused by: java.util.concurrent.TimeoutException
	at java.util.concurrent.FutureTask.get(FutureTask.java:205)
	at org.apache.hadoop.ozone.container.common.states.datanode.RunningDatanodeState.lambda$execute$0(RunningDatanodeState.java:149)
	at java.util.concurrent.FutureTask.run(FutureTask.java:266)
	at java.util.concurrent.Executors$RunnableAdapter.call(Executors.java:511)
	at java.util.concurrent.FutureTask.run(FutureTask.java:266)
	at java.util.concurrent.ThreadPoolExecutor.runWorker(ThreadPoolExecutor.java:1149)
	at java.util.concurrent.ThreadPoolExecutor$Worker.run(ThreadPoolExecutor.java:624)
	... 1 more
2021-11-26 01:29:11,216 [EndpointStateMachine task thread for /127.0.0.1:12845 - 0 ] INFO  ipc.Client (Client.java:handleConnectionFailure(977)) - Retrying connect to server: localhost/127.0.0.1:12845. Already tried 2 time(s); retry policy is RetryUpToMaximumCountWithFixedSleep(maxRetries=15, sleepTime=1000 MILLISECONDS)
2021-11-26 01:29:11,224 [EndpointStateMachine task thread for /127.0.0.1:12825 - 0 ] INFO  ipc.Client (Client.java:handleConnectionFailure(977)) - Retrying connect to server: localhost/127.0.0.1:12825. Already tried 5 time(s); retry policy is RetryUpToMaximumCountWithFixedSleep(maxRetries=15, sleepTime=1000 MILLISECONDS)
2021-11-26 01:29:11,224 [EndpointStateMachine task thread for /127.0.0.1:12835 - 0 ] INFO  ipc.Client (Client.java:handleConnectionFailure(977)) - Retrying connect to server: localhost/127.0.0.1:12835. Already tried 2 time(s); retry policy is RetryUpToMaximumCountWithFixedSleep(maxRetries=15, sleepTime=1000 MILLISECONDS)
2021-11-26 01:29:12,219 [EndpointStateMachine task thread for /127.0.0.1:12845 - 0 ] INFO  ipc.Client (Client.java:handleConnectionFailure(977)) - Retrying connect to server: localhost/127.0.0.1:12845. Already tried 3 time(s); retry policy is RetryUpToMaximumCountWithFixedSleep(maxRetries=15, sleepTime=1000 MILLISECONDS)
2021-11-26 01:29:12,225 [EndpointStateMachine task thread for /127.0.0.1:12835 - 0 ] INFO  ipc.Client (Client.java:handleConnectionFailure(977)) - Retrying connect to server: localhost/127.0.0.1:12835. Already tried 3 time(s); retry policy is RetryUpToMaximumCountWithFixedSleep(maxRetries=15, sleepTime=1000 MILLISECONDS)
2021-11-26 01:29:12,225 [EndpointStateMachine task thread for /127.0.0.1:12825 - 0 ] INFO  ipc.Client (Client.java:handleConnectionFailure(977)) - Retrying connect to server: localhost/127.0.0.1:12825. Already tried 6 time(s); retry policy is RetryUpToMaximumCountWithFixedSleep(maxRetries=15, sleepTime=1000 MILLISECONDS)
2021-11-26 01:29:13,155 [Datanode State Machine Daemon Thread] ERROR datanode.RunningDatanodeState (RunningDatanodeState.java:computeNextContainerState(199)) - Error in executing end point task.
java.util.concurrent.ExecutionException: java.util.concurrent.TimeoutException
	at java.util.concurrent.FutureTask.report(FutureTask.java:122)
	at java.util.concurrent.FutureTask.get(FutureTask.java:192)
	at org.apache.hadoop.ozone.container.common.states.datanode.RunningDatanodeState.computeNextContainerState(RunningDatanodeState.java:191)
	at org.apache.hadoop.ozone.container.common.states.datanode.RunningDatanodeState.await(RunningDatanodeState.java:231)
	at org.apache.hadoop.ozone.container.common.states.datanode.RunningDatanodeState.await(RunningDatanodeState.java:50)
	at org.apache.hadoop.ozone.container.common.statemachine.StateContext.execute(StateContext.java:633)
	at org.apache.hadoop.ozone.container.common.statemachine.DatanodeStateMachine.start(DatanodeStateMachine.java:280)
	at org.apache.hadoop.ozone.container.common.statemachine.DatanodeStateMachine.lambda$startDaemon$0(DatanodeStateMachine.java:468)
	at java.lang.Thread.run(Thread.java:748)
Caused by: java.util.concurrent.TimeoutException
	at java.util.concurrent.FutureTask.get(FutureTask.java:205)
	at org.apache.hadoop.ozone.container.common.states.datanode.RunningDatanodeState.lambda$execute$0(RunningDatanodeState.java:149)
	at java.util.concurrent.FutureTask.run(FutureTask.java:266)
	at java.util.concurrent.Executors$RunnableAdapter.call(Executors.java:511)
	at java.util.concurrent.FutureTask.run(FutureTask.java:266)
	at java.util.concurrent.ThreadPoolExecutor.runWorker(ThreadPoolExecutor.java:1149)
	at java.util.concurrent.ThreadPoolExecutor$Worker.run(ThreadPoolExecutor.java:624)
	... 1 more
2021-11-26 01:29:13,220 [EndpointStateMachine task thread for /127.0.0.1:12845 - 0 ] INFO  ipc.Client (Client.java:handleConnectionFailure(977)) - Retrying connect to server: localhost/127.0.0.1:12845. Already tried 4 time(s); retry policy is RetryUpToMaximumCountWithFixedSleep(maxRetries=15, sleepTime=1000 MILLISECONDS)
2021-11-26 01:29:13,225 [EndpointStateMachine task thread for /127.0.0.1:12835 - 0 ] INFO  ipc.Client (Client.java:handleConnectionFailure(977)) - Retrying connect to server: localhost/127.0.0.1:12835. Already tried 4 time(s); retry policy is RetryUpToMaximumCountWithFixedSleep(maxRetries=15, sleepTime=1000 MILLISECONDS)
2021-11-26 01:29:13,226 [EndpointStateMachine task thread for /127.0.0.1:12825 - 0 ] INFO  ipc.Client (Client.java:handleConnectionFailure(977)) - Retrying connect to server: localhost/127.0.0.1:12825. Already tried 7 time(s); retry policy is RetryUpToMaximumCountWithFixedSleep(maxRetries=15, sleepTime=1000 MILLISECONDS)
2021-11-26 01:29:13,239 [Datanode State Machine Daemon Thread] ERROR datanode.RunningDatanodeState (RunningDatanodeState.java:computeNextContainerState(199)) - Error in executing end point task.
java.util.concurrent.ExecutionException: java.util.concurrent.TimeoutException
	at java.util.concurrent.FutureTask.report(FutureTask.java:122)
	at java.util.concurrent.FutureTask.get(FutureTask.java:192)
	at org.apache.hadoop.ozone.container.common.states.datanode.RunningDatanodeState.computeNextContainerState(RunningDatanodeState.java:191)
	at org.apache.hadoop.ozone.container.common.states.datanode.RunningDatanodeState.await(RunningDatanodeState.java:231)
	at org.apache.hadoop.ozone.container.common.states.datanode.RunningDatanodeState.await(RunningDatanodeState.java:50)
	at org.apache.hadoop.ozone.container.common.statemachine.StateContext.execute(StateContext.java:633)
	at org.apache.hadoop.ozone.container.common.statemachine.DatanodeStateMachine.start(DatanodeStateMachine.java:280)
	at org.apache.hadoop.ozone.container.common.statemachine.DatanodeStateMachine.lambda$startDaemon$0(DatanodeStateMachine.java:468)
	at java.lang.Thread.run(Thread.java:748)
Caused by: java.util.concurrent.TimeoutException
	at java.util.concurrent.FutureTask.get(FutureTask.java:205)
	at org.apache.hadoop.ozone.container.common.states.datanode.RunningDatanodeState.lambda$execute$0(RunningDatanodeState.java:149)
	at java.util.concurrent.FutureTask.run(FutureTask.java:266)
	at java.util.concurrent.Executors$RunnableAdapter.call(Executors.java:511)
	at java.util.concurrent.FutureTask.run(FutureTask.java:266)
	at java.util.concurrent.ThreadPoolExecutor.runWorker(ThreadPoolExecutor.java:1149)
	at java.util.concurrent.ThreadPoolExecutor$Worker.run(ThreadPoolExecutor.java:624)
	... 1 more
2021-11-26 01:29:13,582 [Datanode State Machine Daemon Thread] ERROR datanode.RunningDatanodeState (RunningDatanodeState.java:computeNextContainerState(199)) - Error in executing end point task.
java.util.concurrent.ExecutionException: java.util.concurrent.TimeoutException
	at java.util.concurrent.FutureTask.report(FutureTask.java:122)
	at java.util.concurrent.FutureTask.get(FutureTask.java:192)
	at org.apache.hadoop.ozone.container.common.states.datanode.RunningDatanodeState.computeNextContainerState(RunningDatanodeState.java:191)
	at org.apache.hadoop.ozone.container.common.states.datanode.RunningDatanodeState.await(RunningDatanodeState.java:231)
	at org.apache.hadoop.ozone.container.common.states.datanode.RunningDatanodeState.await(RunningDatanodeState.java:50)
	at org.apache.hadoop.ozone.container.common.statemachine.StateContext.execute(StateContext.java:633)
	at org.apache.hadoop.ozone.container.common.statemachine.DatanodeStateMachine.start(DatanodeStateMachine.java:280)
	at org.apache.hadoop.ozone.container.common.statemachine.DatanodeStateMachine.lambda$startDaemon$0(DatanodeStateMachine.java:468)
	at java.lang.Thread.run(Thread.java:748)
Caused by: java.util.concurrent.TimeoutException
	at java.util.concurrent.FutureTask.get(FutureTask.java:205)
	at org.apache.hadoop.ozone.container.common.states.datanode.RunningDatanodeState.lambda$execute$0(RunningDatanodeState.java:149)
	at java.util.concurrent.FutureTask.run(FutureTask.java:266)
	at java.util.concurrent.Executors$RunnableAdapter.call(Executors.java:511)
	at java.util.concurrent.FutureTask.run(FutureTask.java:266)
	at java.util.concurrent.ThreadPoolExecutor.runWorker(ThreadPoolExecutor.java:1149)
	at java.util.concurrent.ThreadPoolExecutor$Worker.run(ThreadPoolExecutor.java:624)
	... 1 more
2021-11-26 01:29:14,158 [Datanode State Machine Daemon Thread] ERROR datanode.RunningDatanodeState (RunningDatanodeState.java:computeNextContainerState(199)) - Error in executing end point task.
java.util.concurrent.ExecutionException: java.util.concurrent.TimeoutException
	at java.util.concurrent.FutureTask.report(FutureTask.java:122)
	at java.util.concurrent.FutureTask.get(FutureTask.java:192)
	at org.apache.hadoop.ozone.container.common.states.datanode.RunningDatanodeState.computeNextContainerState(RunningDatanodeState.java:191)
	at org.apache.hadoop.ozone.container.common.states.datanode.RunningDatanodeState.await(RunningDatanodeState.java:231)
	at org.apache.hadoop.ozone.container.common.states.datanode.RunningDatanodeState.await(RunningDatanodeState.java:50)
	at org.apache.hadoop.ozone.container.common.statemachine.StateContext.execute(StateContext.java:633)
	at org.apache.hadoop.ozone.container.common.statemachine.DatanodeStateMachine.start(DatanodeStateMachine.java:280)
	at org.apache.hadoop.ozone.container.common.statemachine.DatanodeStateMachine.lambda$startDaemon$0(DatanodeStateMachine.java:468)
	at java.lang.Thread.run(Thread.java:748)
Caused by: java.util.concurrent.TimeoutException
	at java.util.concurrent.FutureTask.get(FutureTask.java:205)
	at org.apache.hadoop.ozone.container.common.states.datanode.RunningDatanodeState.lambda$execute$0(RunningDatanodeState.java:149)
	at java.util.concurrent.FutureTask.run(FutureTask.java:266)
	at java.util.concurrent.Executors$RunnableAdapter.call(Executors.java:511)
	at java.util.concurrent.FutureTask.run(FutureTask.java:266)
	at java.util.concurrent.ThreadPoolExecutor.runWorker(ThreadPoolExecutor.java:1149)
	at java.util.concurrent.ThreadPoolExecutor$Worker.run(ThreadPoolExecutor.java:624)
	... 1 more
2021-11-26 01:29:14,220 [EndpointStateMachine task thread for /127.0.0.1:12845 - 0 ] INFO  ipc.Client (Client.java:handleConnectionFailure(977)) - Retrying connect to server: localhost/127.0.0.1:12845. Already tried 5 time(s); retry policy is RetryUpToMaximumCountWithFixedSleep(maxRetries=15, sleepTime=1000 MILLISECONDS)
2021-11-26 01:29:14,226 [EndpointStateMachine task thread for /127.0.0.1:12835 - 0 ] INFO  ipc.Client (Client.java:handleConnectionFailure(977)) - Retrying connect to server: localhost/127.0.0.1:12835. Already tried 5 time(s); retry policy is RetryUpToMaximumCountWithFixedSleep(maxRetries=15, sleepTime=1000 MILLISECONDS)
2021-11-26 01:29:14,226 [EndpointStateMachine task thread for /127.0.0.1:12825 - 0 ] INFO  ipc.Client (Client.java:handleConnectionFailure(977)) - Retrying connect to server: localhost/127.0.0.1:12825. Already tried 8 time(s); retry policy is RetryUpToMaximumCountWithFixedSleep(maxRetries=15, sleepTime=1000 MILLISECONDS)
2021-11-26 01:29:14,471 [ec3f45f6-a064-4412-8226-4654181b7e55@group-07A8FF5308AF-LeaderStateImpl] INFO  server.RaftServer$Division (ServerState.java:setRaftConf(387)) - ec3f45f6-a064-4412-8226-4654181b7e55@group-07A8FF5308AF: set configuration 25: [01294dc6-9f36-4a18-805d-4c42b975ebdc|rpc:localhost:15540|priority:0, 878f4670-2ce0-4ee1-8021-0f5a1e33ae40|rpc:localhost:15530|priority:0, ec3f45f6-a064-4412-8226-4654181b7e55|rpc:localhost:15520|admin:|client:|dataStream:|priority:0], old=[878f4670-2ce0-4ee1-8021-0f5a1e33ae40|rpc:localhost:15530|priority:0, ec3f45f6-a064-4412-8226-4654181b7e55|rpc:localhost:15520|admin:|client:|dataStream:|priority:0]
2021-11-26 01:29:14,476 [grpc-default-executor-1] INFO  server.RaftServer$Division (ServerState.java:setRaftConf(387)) - 878f4670-2ce0-4ee1-8021-0f5a1e33ae40@group-07A8FF5308AF: set configuration 25: [01294dc6-9f36-4a18-805d-4c42b975ebdc|rpc:localhost:15540|admin:|client:|dataStream:|priority:0, 878f4670-2ce0-4ee1-8021-0f5a1e33ae40|rpc:localhost:15530|admin:|client:|dataStream:|priority:0, ec3f45f6-a064-4412-8226-4654181b7e55|rpc:localhost:15520|admin:|client:|dataStream:|priority:0], old=[878f4670-2ce0-4ee1-8021-0f5a1e33ae40|rpc:localhost:15530|admin:|client:|dataStream:|priority:0, ec3f45f6-a064-4412-8226-4654181b7e55|rpc:localhost:15520|admin:|client:|dataStream:|priority:0]
2021-11-26 01:29:14,476 [grpc-default-executor-0] INFO  server.RaftServer$Division (ServerState.java:setRaftConf(387)) - 01294dc6-9f36-4a18-805d-4c42b975ebdc@group-07A8FF5308AF: set configuration 25: [01294dc6-9f36-4a18-805d-4c42b975ebdc|rpc:localhost:15540|admin:|client:|dataStream:|priority:0, 878f4670-2ce0-4ee1-8021-0f5a1e33ae40|rpc:localhost:15530|admin:|client:|dataStream:|priority:0, ec3f45f6-a064-4412-8226-4654181b7e55|rpc:localhost:15520|admin:|client:|dataStream:|priority:0], old=[878f4670-2ce0-4ee1-8021-0f5a1e33ae40|rpc:localhost:15530|admin:|client:|dataStream:|priority:0, ec3f45f6-a064-4412-8226-4654181b7e55|rpc:localhost:15520|admin:|client:|dataStream:|priority:0]
2021-11-26 01:29:14,477 [grpc-default-executor-0] INFO  segmented.SegmentedRaftLogWorker (SegmentedRaftLogWorker.java:startLogSegment(394)) - 01294dc6-9f36-4a18-805d-4c42b975ebdc@group-07A8FF5308AF-SegmentedRaftLogWorker: Starting segment from index:25
2021-11-26 01:29:14,487 [ec3f45f6-a064-4412-8226-4654181b7e55@group-07A8FF5308AF-LeaderStateImpl] INFO  server.RaftServer$Division (ServerState.java:setRaftConf(387)) - ec3f45f6-a064-4412-8226-4654181b7e55@group-07A8FF5308AF: set configuration 27: [01294dc6-9f36-4a18-805d-4c42b975ebdc|rpc:localhost:15540|priority:0, 878f4670-2ce0-4ee1-8021-0f5a1e33ae40|rpc:localhost:15530|priority:0, ec3f45f6-a064-4412-8226-4654181b7e55|rpc:localhost:15520|admin:|client:|dataStream:|priority:0], old=null
2021-11-26 01:29:14,490 [grpc-default-executor-0] INFO  server.RaftServer$Division (ServerState.java:setRaftConf(387)) - 878f4670-2ce0-4ee1-8021-0f5a1e33ae40@group-07A8FF5308AF: set configuration 27: [01294dc6-9f36-4a18-805d-4c42b975ebdc|rpc:localhost:15540|admin:|client:|dataStream:|priority:0, 878f4670-2ce0-4ee1-8021-0f5a1e33ae40|rpc:localhost:15530|admin:|client:|dataStream:|priority:0, ec3f45f6-a064-4412-8226-4654181b7e55|rpc:localhost:15520|admin:|client:|dataStream:|priority:0], old=null
2021-11-26 01:29:14,490 [ec3f45f6-a064-4412-8226-4654181b7e55@group-07A8FF5308AF-StateMachineUpdater] INFO  ha.SCMStateMachine (SCMStateMachine.java:takeSnapshot(297)) - Current Snapshot Index 25, takeSnapshot took 4 ms
2021-11-26 01:29:14,490 [ec3f45f6-a064-4412-8226-4654181b7e55@group-07A8FF5308AF-StateMachineUpdater] INFO  impl.StateMachineUpdater (StateMachineUpdater.java:takeSnapshot(281)) - ec3f45f6-a064-4412-8226-4654181b7e55@group-07A8FF5308AF-StateMachineUpdater: Took a snapshot at index 25
2021-11-26 01:29:14,490 [ec3f45f6-a064-4412-8226-4654181b7e55@group-07A8FF5308AF-StateMachineUpdater] INFO  impl.StateMachineUpdater (StateMachineUpdater.java:lambda$new$0(89)) - ec3f45f6-a064-4412-8226-4654181b7e55@group-07A8FF5308AF-StateMachineUpdater: snapshotIndex: updateIncreasingly 20 -> 25
2021-11-26 01:29:14,490 [ec3f45f6-a064-4412-8226-4654181b7e55@group-07A8FF5308AF-StateMachineUpdater] INFO  raftlog.RaftLog (RaftLogBase.java:purge(306)) - ec3f45f6-a064-4412-8226-4654181b7e55@group-07A8FF5308AF-SegmentedRaftLog: purge 25
2021-11-26 01:29:14,490 [ec3f45f6-a064-4412-8226-4654181b7e55@group-07A8FF5308AF-StateMachineUpdater] INFO  raftlog.RaftLog (RaftLogBase.java:lambda$new$0(53)) - ec3f45f6-a064-4412-8226-4654181b7e55@group-07A8FF5308AF-SegmentedRaftLog: snapshotIndex: updateIncreasingly 20 -> 25
2021-11-26 01:29:14,490 [ec3f45f6-a064-4412-8226-4654181b7e55@group-07A8FF5308AF-StateMachineUpdater] INFO  raftlog.RaftLog (RaftLogBase.java:lambda$new$0(53)) - ec3f45f6-a064-4412-8226-4654181b7e55@group-07A8FF5308AF-SegmentedRaftLog: purgeIndex: updateToMax old=20, new=25, updated? true
2021-11-26 01:29:14,491 [01294dc6-9f36-4a18-805d-4c42b975ebdc@group-07A8FF5308AF-SegmentedRaftLogWorker] INFO  segmented.SegmentedRaftLogWorker (SegmentedRaftLogWorker.java:execute(601)) - 01294dc6-9f36-4a18-805d-4c42b975ebdc@group-07A8FF5308AF-SegmentedRaftLogWorker: created new log segment /home/runner/work/ozone/ozone/hadoop-ozone/integration-test/target/test-dir/MiniOzoneClusterImpl-70e57338-dd19-42c4-b060-07a8ff5308af/scmNode-3/scm-ha/70e57338-dd19-42c4-b060-07a8ff5308af/current/log_inprogress_25
2021-11-26 01:29:14,500 [grpc-default-executor-1] INFO  server.RaftServer$Division (ServerState.java:setRaftConf(387)) - 01294dc6-9f36-4a18-805d-4c42b975ebdc@group-07A8FF5308AF: set configuration 27: [01294dc6-9f36-4a18-805d-4c42b975ebdc|rpc:localhost:15540|admin:|client:|dataStream:|priority:0, 878f4670-2ce0-4ee1-8021-0f5a1e33ae40|rpc:localhost:15530|admin:|client:|dataStream:|priority:0, ec3f45f6-a064-4412-8226-4654181b7e55|rpc:localhost:15520|admin:|client:|dataStream:|priority:0], old=null
2021-11-26 01:29:14,517 [01294dc6-9f36-4a18-805d-4c42b975ebdc@group-07A8FF5308AF-StateMachineUpdater] INFO  safemode.HealthyPipelineSafeModeRule (HealthyPipelineSafeModeRule.java:initializeRule(152)) - Refreshed total pipeline count is 1, healthy pipeline threshold count is 1
2021-11-26 01:29:14,517 [01294dc6-9f36-4a18-805d-4c42b975ebdc@group-07A8FF5308AF-StateMachineUpdater] INFO  safemode.ContainerSafeModeRule (ContainerSafeModeRule.java:reInitializeRule(177)) - Refreshed one replica container threshold 0, currentThreshold 0
2021-11-26 01:29:14,517 [01294dc6-9f36-4a18-805d-4c42b975ebdc@group-07A8FF5308AF-StateMachineUpdater] INFO  safemode.OneReplicaPipelineSafeModeRule (OneReplicaPipelineSafeModeRule.java:initializeRule(176)) - Refreshed Total pipeline count is 1, pipeline's with at least one datanode reported threshold count is 1
2021-11-26 01:29:14,517 [01294dc6-9f36-4a18-805d-4c42b975ebdc@group-07A8FF5308AF-StateMachineUpdater] INFO  server.SCMDatanodeProtocolServer (SCMDatanodeProtocolServer.java:start(181)) - RPC server for DataNodes is listening at /0.0.0.0:15541
2021-11-26 01:29:14,521 [IPC Server handler 4 on default port 15522] INFO  ha.SCMRatisServerImpl (SCMRatisServerImpl.java:addSCM(302)) - Successfully added new SCM: 01294dc6-9f36-4a18-805d-4c42b975ebdc.
2021-11-26 01:29:14,521 [Listener at 127.0.0.1/10172] INFO  ha.SCMHAManagerImpl (SCMHAManagerImpl.java:start(116)) - Successfully added SCM scmNode-3 to group group-07A8FF5308AF:[01294dc6-9f36-4a18-805d-4c42b975ebdc|rpc:localhost:15540|admin:|client:|dataStream:|priority:0, 878f4670-2ce0-4ee1-8021-0f5a1e33ae40|rpc:localhost:15530|admin:|client:|dataStream:|priority:0, ec3f45f6-a064-4412-8226-4654181b7e55|rpc:localhost:15520|admin:|client:|dataStream:|priority:0]
2021-11-26 01:29:14,522 [Listener at 127.0.0.1/10172] INFO  ha.InterSCMGrpcService (InterSCMGrpcProtocolService.java:start(94)) - Starting SCM Grpc Service at port 15544
2021-11-26 01:29:14,524 [Listener at 127.0.0.1/10172] INFO  impl.MetricsSystemImpl (MetricsSystemImpl.java:init(158)) - StorageContainerManager metrics system started (again)
2021-11-26 01:29:14,549 [IPC Server listener on 15541] INFO  ipc.Server (Server.java:run(1344)) - IPC Server listener on 15541: starting
2021-11-26 01:29:14,562 [IPC Server Responder] INFO  ipc.Server (Server.java:run(1507)) - IPC Server Responder: starting
2021-11-26 01:29:14,570 [Listener at 127.0.0.1/10172] INFO  server.SCMClientProtocolServer (SCMClientProtocolServer.java:start(164)) - RPC server for Client  is listening at /0.0.0.0:15543
2021-11-26 01:29:14,574 [IPC Server Responder] INFO  ipc.Server (Server.java:run(1507)) - IPC Server Responder: starting
2021-11-26 01:29:14,580 [IPC Server listener on 15543] INFO  ipc.Server (Server.java:run(1344)) - IPC Server listener on 15543: starting
2021-11-26 01:29:14,610 [Listener at 127.0.0.1/10172] INFO  server.StorageContainerManager (StorageContainerManager.java:start(1318)) - ScmBlockLocationProtocol RPC server is listening at /0.0.0.0:15542
2021-11-26 01:29:14,611 [Listener at 127.0.0.1/10172] INFO  server.SCMBlockProtocolServer (SCMBlockProtocolServer.java:start(151)) - RPC server for Block Protocol is listening at /0.0.0.0:15542
2021-11-26 01:29:14,611 [IPC Server Responder] INFO  ipc.Server (Server.java:run(1507)) - IPC Server Responder: starting
2021-11-26 01:29:14,611 [IPC Server listener on 15542] INFO  ipc.Server (Server.java:run(1344)) - IPC Server listener on 15542: starting
2021-11-26 01:29:14,646 [e868a3a3-c0d9-49f0-b374-aca42e6594e7@group-54FD992928C8-FollowerState] INFO  impl.FollowerState (FollowerState.java:run(134)) - e868a3a3-c0d9-49f0-b374-aca42e6594e7@group-54FD992928C8-FollowerState: change to CANDIDATE, lastRpcElapsedTime:5120618618ns, electionTimeout:5105ms
2021-11-26 01:29:14,646 [e868a3a3-c0d9-49f0-b374-aca42e6594e7@group-54FD992928C8-FollowerState] INFO  impl.RoleInfo (RoleInfo.java:shutdownFollowerState(108)) - e868a3a3-c0d9-49f0-b374-aca42e6594e7: shutdown e868a3a3-c0d9-49f0-b374-aca42e6594e7@group-54FD992928C8-FollowerState
2021-11-26 01:29:14,646 [e868a3a3-c0d9-49f0-b374-aca42e6594e7@group-54FD992928C8-FollowerState] INFO  server.RaftServer$Division (RaftServerImpl.java:setRole(290)) - e868a3a3-c0d9-49f0-b374-aca42e6594e7@group-54FD992928C8: changes role from  FOLLOWER to CANDIDATE at term 1 for changeToCandidate
2021-11-26 01:29:14,671 [Listener at 127.0.0.1/10172] INFO  server.StorageContainerManager (StorageContainerManager.java:start(1324)) - ScmDatanodeProtocl RPC server is listening at /0.0.0.0:15541
2021-11-26 01:29:14,673 [e868a3a3-c0d9-49f0-b374-aca42e6594e7@group-54FD992928C8-FollowerState] INFO  server.RaftServerConfigKeys (ConfUtils.java:logGet(44)) - raft.server.leaderelection.pre-vote = false (custom)
2021-11-26 01:29:14,673 [e868a3a3-c0d9-49f0-b374-aca42e6594e7@group-54FD992928C8-FollowerState] INFO  impl.RoleInfo (RoleInfo.java:updateAndGet(130)) - e868a3a3-c0d9-49f0-b374-aca42e6594e7: start e868a3a3-c0d9-49f0-b374-aca42e6594e7@group-54FD992928C8-LeaderElection25
2021-11-26 01:29:14,675 [Listener at 127.0.0.1/10172] INFO  http.BaseHttpServer (BaseHttpServer.java:newHttpServer2BuilderForOzone(209)) - Starting Web-server for scm at: http://0.0.0.0:15538
2021-11-26 01:29:14,675 [Listener at 127.0.0.1/10172] INFO  http.BaseHttpServer (BaseHttpServer.java:<init>(107)) - Hadoop Security Enabled: false Ozone Security Enabled: false Ozone HTTP Security Enabled: false 
2021-11-26 01:29:14,681 [Listener at 127.0.0.1/10172] INFO  server.AuthenticationFilter (AuthenticationFilter.java:constructSecretProvider(240)) - Unable to initialize FileSignerSecretProvider, falling back to use random secrets.
2021-11-26 01:29:14,682 [fa9a63ae-dfc0-4823-af2f-f478aed93153@group-54FD992928C8-FollowerState] INFO  impl.FollowerState (FollowerState.java:run(134)) - fa9a63ae-dfc0-4823-af2f-f478aed93153@group-54FD992928C8-FollowerState: change to CANDIDATE, lastRpcElapsedTime:5136281756ns, electionTimeout:5121ms
2021-11-26 01:29:14,682 [fa9a63ae-dfc0-4823-af2f-f478aed93153@group-54FD992928C8-FollowerState] INFO  impl.RoleInfo (RoleInfo.java:shutdownFollowerState(108)) - fa9a63ae-dfc0-4823-af2f-f478aed93153: shutdown fa9a63ae-dfc0-4823-af2f-f478aed93153@group-54FD992928C8-FollowerState
2021-11-26 01:29:14,682 [fa9a63ae-dfc0-4823-af2f-f478aed93153@group-54FD992928C8-FollowerState] INFO  server.RaftServer$Division (RaftServerImpl.java:setRole(290)) - fa9a63ae-dfc0-4823-af2f-f478aed93153@group-54FD992928C8: changes role from  FOLLOWER to CANDIDATE at term 1 for changeToCandidate
2021-11-26 01:29:14,685 [org.apache.hadoop.util.JvmPauseMonitor$Monitor@507bb74a] INFO  util.JvmPauseMonitor (JvmPauseMonitor.java:run(188)) - Starting JVM pause monitor
2021-11-26 01:29:14,708 [e868a3a3-c0d9-49f0-b374-aca42e6594e7@group-54FD992928C8-LeaderElection25] INFO  impl.LeaderElection (LeaderElection.java:askForVotes(306)) - e868a3a3-c0d9-49f0-b374-aca42e6594e7@group-54FD992928C8-LeaderElection25 ELECTION round 0: submit vote requests at term 2 for -1: [e6079862-fe37-43a4-a998-6eeab30b5c75|rpc:127.0.0.1:44915|priority:0, fa9a63ae-dfc0-4823-af2f-f478aed93153|rpc:127.0.0.1:42615|priority:1, e868a3a3-c0d9-49f0-b374-aca42e6594e7|rpc:127.0.0.1:39195|priority:0], old=null
2021-11-26 01:29:14,712 [Listener at 127.0.0.1/10172] WARN  http.HttpRequestLog (HttpRequestLog.java:getRequestLog(103)) - Jetty request log can only be enabled using Log4j
2021-11-26 01:29:14,713 [Listener at 127.0.0.1/10172] INFO  http.HttpServer2 (HttpServer2.java:addGlobalFilter(1030)) - Added global filter 'safety' (class=org.apache.hadoop.hdds.server.http.HttpServer2$QuotingInputFilter)
2021-11-26 01:29:14,714 [Listener at 127.0.0.1/10172] INFO  http.HttpServer2 (HttpServer2.java:addFilter(1006)) - Added filter static_user_filter (class=org.apache.hadoop.http.lib.StaticUserWebFilter$StaticUserFilter) to context scm
2021-11-26 01:29:14,714 [Listener at 127.0.0.1/10172] INFO  http.HttpServer2 (HttpServer2.java:addFilter(1014)) - Added filter static_user_filter (class=org.apache.hadoop.http.lib.StaticUserWebFilter$StaticUserFilter) to context logs
2021-11-26 01:29:14,714 [Listener at 127.0.0.1/10172] INFO  http.HttpServer2 (HttpServer2.java:addFilter(1014)) - Added filter static_user_filter (class=org.apache.hadoop.http.lib.StaticUserWebFilter$StaticUserFilter) to context static
2021-11-26 01:29:14,715 [Listener at 127.0.0.1/10172] INFO  http.HttpServer2 (HttpServer2.java:bindListener(1249)) - Jetty bound to port 15538
2021-11-26 01:29:14,715 [Listener at 127.0.0.1/10172] INFO  server.Server (Server.java:doStart(375)) - jetty-9.4.43.v20210629; built: 2021-06-30T11:07:22.254Z; git: 526006ecfa3af7f1a27ef3a288e2bef7ea9dd7e8; jvm 1.8.0_292-b10
2021-11-26 01:29:14,717 [fa9a63ae-dfc0-4823-af2f-f478aed93153@group-54FD992928C8-FollowerState] INFO  server.RaftServerConfigKeys (ConfUtils.java:logGet(44)) - raft.server.leaderelection.pre-vote = false (custom)
2021-11-26 01:29:14,717 [fa9a63ae-dfc0-4823-af2f-f478aed93153@group-54FD992928C8-FollowerState] INFO  impl.RoleInfo (RoleInfo.java:updateAndGet(130)) - fa9a63ae-dfc0-4823-af2f-f478aed93153: start fa9a63ae-dfc0-4823-af2f-f478aed93153@group-54FD992928C8-LeaderElection26
2021-11-26 01:29:14,724 [fa9a63ae-dfc0-4823-af2f-f478aed93153@group-54FD992928C8-LeaderElection26] INFO  impl.LeaderElection (LeaderElection.java:askForVotes(306)) - fa9a63ae-dfc0-4823-af2f-f478aed93153@group-54FD992928C8-LeaderElection26 ELECTION round 0: submit vote requests at term 2 for -1: [e6079862-fe37-43a4-a998-6eeab30b5c75|rpc:127.0.0.1:44915|dataStream:|priority:0, fa9a63ae-dfc0-4823-af2f-f478aed93153|rpc:127.0.0.1:42615|dataStream:|priority:1, e868a3a3-c0d9-49f0-b374-aca42e6594e7|rpc:127.0.0.1:39195|dataStream:|priority:0], old=null
2021-11-26 01:29:14,734 [IPC Server handler 2 on default port 15541] INFO  ipc.Server (Server.java:run(1026)) - IPC Server handler 2 on default port 15541: skipped Call#276 Retry#0 org.apache.hadoop.ozone.protocol.StorageContainerDatanodeProtocol.submitRequest from 127.0.0.1:59814
2021-11-26 01:29:14,734 [IPC Server handler 2 on default port 15541] INFO  ipc.Server (Server.java:run(1026)) - IPC Server handler 2 on default port 15541: skipped Call#252 Retry#0 org.apache.hadoop.ozone.protocol.StorageContainerDatanodeProtocol.submitRequest from 127.0.0.1:59772
2021-11-26 01:29:14,734 [IPC Server handler 2 on default port 15541] INFO  ipc.Server (Server.java:run(1026)) - IPC Server handler 2 on default port 15541: skipped Call#323 Retry#0 org.apache.hadoop.ozone.protocol.StorageContainerDatanodeProtocol.submitRequest from 127.0.0.1:59870
2021-11-26 01:29:14,735 [IPC Server handler 1 on default port 15541] INFO  ipc.Server (Server.java:run(1026)) - IPC Server handler 1 on default port 15541: skipped Call#277 Retry#0 org.apache.hadoop.ozone.protocol.StorageContainerDatanodeProtocol.submitRequest from 127.0.0.1:59814
2021-11-26 01:29:14,735 [IPC Server handler 1 on default port 15541] INFO  ipc.Server (Server.java:run(1026)) - IPC Server handler 1 on default port 15541: skipped Call#255 Retry#0 org.apache.hadoop.ozone.protocol.StorageContainerDatanodeProtocol.submitRequest from 127.0.0.1:59772
2021-11-26 01:29:14,735 [IPC Server handler 3 on default port 15541] INFO  ipc.Server (Server.java:run(1026)) - IPC Server handler 3 on default port 15541: skipped Call#325 Retry#0 org.apache.hadoop.ozone.protocol.StorageContainerDatanodeProtocol.submitRequest from 127.0.0.1:59870
2021-11-26 01:29:14,735 [IPC Server handler 3 on default port 15541] INFO  ipc.Server (Server.java:run(1026)) - IPC Server handler 3 on default port 15541: skipped Call#278 Retry#0 org.apache.hadoop.ozone.protocol.StorageContainerDatanodeProtocol.submitRequest from 127.0.0.1:59814
2021-11-26 01:29:14,735 [IPC Server handler 3 on default port 15541] INFO  ipc.Server (Server.java:run(1026)) - IPC Server handler 3 on default port 15541: skipped Call#258 Retry#0 org.apache.hadoop.ozone.protocol.StorageContainerDatanodeProtocol.submitRequest from 127.0.0.1:59772
2021-11-26 01:29:14,735 [EndpointStateMachine task thread for /127.0.0.1:15541 - 0 ] INFO  ozoneimpl.OzoneContainer (OzoneContainer.java:start(300)) - Ignore. OzoneContainer already started.
2021-11-26 01:29:14,736 [EndpointStateMachine task thread for /127.0.0.1:15541 - 0 ] INFO  ozoneimpl.OzoneContainer (OzoneContainer.java:start(300)) - Ignore. OzoneContainer already started.
2021-11-26 01:29:14,749 [e6079862-fe37-43a4-a998-6eeab30b5c75@group-54FD992928C8-FollowerState] INFO  impl.FollowerState (FollowerState.java:run(134)) - e6079862-fe37-43a4-a998-6eeab30b5c75@group-54FD992928C8-FollowerState: change to CANDIDATE, lastRpcElapsedTime:5243762106ns, electionTimeout:5165ms
2021-11-26 01:29:14,749 [grpc-default-executor-1] INFO  server.RaftServer$Division (RaftServerImpl.java:requestVote(1046)) - e6079862-fe37-43a4-a998-6eeab30b5c75@group-54FD992928C8: receive requestVote(ELECTION, e868a3a3-c0d9-49f0-b374-aca42e6594e7, group-54FD992928C8, 2, (t:0, i:0))
2021-11-26 01:29:14,749 [e6079862-fe37-43a4-a998-6eeab30b5c75@group-54FD992928C8-FollowerState] INFO  impl.RoleInfo (RoleInfo.java:shutdownFollowerState(108)) - e6079862-fe37-43a4-a998-6eeab30b5c75: shutdown e6079862-fe37-43a4-a998-6eeab30b5c75@group-54FD992928C8-FollowerState
2021-11-26 01:29:14,750 [e6079862-fe37-43a4-a998-6eeab30b5c75@group-54FD992928C8-FollowerState] INFO  server.RaftServer$Division (RaftServerImpl.java:setRole(290)) - e6079862-fe37-43a4-a998-6eeab30b5c75@group-54FD992928C8: changes role from  FOLLOWER to CANDIDATE at term 1 for changeToCandidate
2021-11-26 01:29:14,750 [grpc-default-executor-0] INFO  server.RaftServer$Division (RaftServerImpl.java:requestVote(1046)) - fa9a63ae-dfc0-4823-af2f-f478aed93153@group-54FD992928C8: receive requestVote(ELECTION, e868a3a3-c0d9-49f0-b374-aca42e6594e7, group-54FD992928C8, 2, (t:0, i:0))
2021-11-26 01:29:14,750 [e6079862-fe37-43a4-a998-6eeab30b5c75@group-54FD992928C8-FollowerState] INFO  server.RaftServerConfigKeys (ConfUtils.java:logGet(44)) - raft.server.leaderelection.pre-vote = false (custom)
2021-11-26 01:29:14,750 [grpc-default-executor-0] INFO  impl.VoteContext (VoteContext.java:log(48)) - fa9a63ae-dfc0-4823-af2f-f478aed93153@group-54FD992928C8-CANDIDATE: reject ELECTION from e868a3a3-c0d9-49f0-b374-aca42e6594e7: already has voted for fa9a63ae-dfc0-4823-af2f-f478aed93153 at current term 2
2021-11-26 01:29:14,750 [grpc-default-executor-0] INFO  server.RaftServer$Division (RaftServerImpl.java:requestVote(1078)) - fa9a63ae-dfc0-4823-af2f-f478aed93153@group-54FD992928C8 replies to ELECTION vote request: e868a3a3-c0d9-49f0-b374-aca42e6594e7<-fa9a63ae-dfc0-4823-af2f-f478aed93153#0:FAIL-t2. Peer's state: fa9a63ae-dfc0-4823-af2f-f478aed93153@group-54FD992928C8:t2, leader=null, voted=fa9a63ae-dfc0-4823-af2f-f478aed93153, raftlog=fa9a63ae-dfc0-4823-af2f-f478aed93153@group-54FD992928C8-SegmentedRaftLog:OPENED:c-1, conf=-1: [e6079862-fe37-43a4-a998-6eeab30b5c75|rpc:127.0.0.1:44915|dataStream:|priority:0, fa9a63ae-dfc0-4823-af2f-f478aed93153|rpc:127.0.0.1:42615|dataStream:|priority:1, e868a3a3-c0d9-49f0-b374-aca42e6594e7|rpc:127.0.0.1:39195|dataStream:|priority:0], old=null
2021-11-26 01:29:14,751 [EndpointStateMachine task thread for /127.0.0.1:15541 - 0 ] INFO  ozoneimpl.OzoneContainer (OzoneContainer.java:start(300)) - Ignore. OzoneContainer already started.
2021-11-26 01:29:14,750 [e6079862-fe37-43a4-a998-6eeab30b5c75@group-54FD992928C8-FollowerState] INFO  impl.RoleInfo (RoleInfo.java:updateAndGet(130)) - e6079862-fe37-43a4-a998-6eeab30b5c75: start e6079862-fe37-43a4-a998-6eeab30b5c75@group-54FD992928C8-LeaderElection27
2021-11-26 01:29:14,750 [grpc-default-executor-2] INFO  server.RaftServer$Division (RaftServerImpl.java:requestVote(1046)) - e6079862-fe37-43a4-a998-6eeab30b5c75@group-54FD992928C8: receive requestVote(ELECTION, fa9a63ae-dfc0-4823-af2f-f478aed93153, group-54FD992928C8, 2, (t:0, i:0))
2021-11-26 01:29:14,753 [Listener at 127.0.0.1/10172] INFO  server.session (DefaultSessionIdManager.java:doStart(334)) - DefaultSessionIdManager workerName=node0
2021-11-26 01:29:14,753 [Listener at 127.0.0.1/10172] INFO  server.session (DefaultSessionIdManager.java:doStart(339)) - No SessionScavenger set, using defaults
2021-11-26 01:29:14,754 [Listener at 127.0.0.1/10172] INFO  server.session (HouseKeeper.java:startScavenging(132)) - node0 Scavenging every 660000ms
2021-11-26 01:29:14,754 [Listener at 127.0.0.1/10172] INFO  handler.ContextHandler (ContextHandler.java:doStart(915)) - Started o.e.j.s.ServletContextHandler@7139ff5a{logs,/logs,file:///home/runner/work/ozone/ozone/hadoop-ozone/integration-test/target/log,AVAILABLE}
2021-11-26 01:29:14,755 [Listener at 127.0.0.1/10172] INFO  handler.ContextHandler (ContextHandler.java:doStart(915)) - Started o.e.j.s.ServletContextHandler@73f344bb{static,/static,file:///home/runner/work/ozone/ozone/hadoop-ozone/integration-test/target/test-classes/webapps/static,AVAILABLE}
2021-11-26 01:29:14,758 [Listener at 127.0.0.1/10172] INFO  handler.ContextHandler (ContextHandler.java:doStart(915)) - Started o.e.j.w.WebAppContext@18a1cb76{scm,/,file:///home/runner/work/ozone/ozone/hadoop-ozone/integration-test/target/test-classes/webapps/scm/,AVAILABLE}{file:/home/runner/work/ozone/ozone/hadoop-ozone/integration-test/target/test-classes/webapps/scm}
2021-11-26 01:29:14,760 [e868a3a3-c0d9-49f0-b374-aca42e6594e7@group-54FD992928C8-LeaderElection25] INFO  impl.LeaderElection (LeaderElection.java:logAndReturn(89)) - e868a3a3-c0d9-49f0-b374-aca42e6594e7@group-54FD992928C8-LeaderElection25: ELECTION REJECTED received 1 response(s) and 0 exception(s):
2021-11-26 01:29:14,761 [e868a3a3-c0d9-49f0-b374-aca42e6594e7@group-54FD992928C8-LeaderElection25] INFO  impl.LeaderElection (LeaderElection.java:logAndReturn(93)) -   Response 0: e868a3a3-c0d9-49f0-b374-aca42e6594e7<-fa9a63ae-dfc0-4823-af2f-f478aed93153#0:FAIL-t2
2021-11-26 01:29:14,761 [grpc-default-executor-2] INFO  impl.VoteContext (VoteContext.java:log(48)) - e6079862-fe37-43a4-a998-6eeab30b5c75@group-54FD992928C8-CANDIDATE: accept ELECTION from fa9a63ae-dfc0-4823-af2f-f478aed93153: our priority 0 <= candidate's priority 1
2021-11-26 01:29:14,768 [grpc-default-executor-2] INFO  server.RaftServer$Division (RaftServerImpl.java:setRole(290)) - e6079862-fe37-43a4-a998-6eeab30b5c75@group-54FD992928C8: changes role from CANDIDATE to FOLLOWER at term 2 for candidate:fa9a63ae-dfc0-4823-af2f-f478aed93153
2021-11-26 01:29:14,773 [grpc-default-executor-2] INFO  impl.RoleInfo (RoleInfo.java:shutdownLeaderElection(121)) - e6079862-fe37-43a4-a998-6eeab30b5c75: shutdown e6079862-fe37-43a4-a998-6eeab30b5c75@group-54FD992928C8-LeaderElection27
2021-11-26 01:29:14,773 [grpc-default-executor-2] INFO  impl.RoleInfo (RoleInfo.java:updateAndGet(130)) - e6079862-fe37-43a4-a998-6eeab30b5c75: start e6079862-fe37-43a4-a998-6eeab30b5c75@group-54FD992928C8-FollowerState
2021-11-26 01:29:14,768 [e868a3a3-c0d9-49f0-b374-aca42e6594e7@group-54FD992928C8-LeaderElection25] INFO  impl.LeaderElection (LeaderElection.java:askForVotes(308)) - e868a3a3-c0d9-49f0-b374-aca42e6594e7@group-54FD992928C8-LeaderElection25 ELECTION round 0: result REJECTED
2021-11-26 01:29:14,773 [grpc-default-executor-3] INFO  server.RaftServer$Division (RaftServerImpl.java:requestVote(1046)) - e868a3a3-c0d9-49f0-b374-aca42e6594e7@group-54FD992928C8: receive requestVote(ELECTION, fa9a63ae-dfc0-4823-af2f-f478aed93153, group-54FD992928C8, 2, (t:0, i:0))
2021-11-26 01:29:14,768 [Listener at 127.0.0.1/10172] INFO  server.AbstractConnector (AbstractConnector.java:doStart(331)) - Started ServerConnector@553f850d{HTTP/1.1, (http/1.1)}{0.0.0.0:15538}
2021-11-26 01:29:14,774 [Listener at 127.0.0.1/10172] INFO  server.Server (Server.java:doStart(415)) - Started @111005ms
2021-11-26 01:29:14,774 [Listener at 127.0.0.1/10172] WARN  impl.MetricsSystemImpl (MetricsSystemImpl.java:register(279)) - Sink prometheus already exists!
2021-11-26 01:29:14,773 [e868a3a3-c0d9-49f0-b374-aca42e6594e7@group-54FD992928C8-LeaderElection25] INFO  server.RaftServer$Division (RaftServerImpl.java:setRole(290)) - e868a3a3-c0d9-49f0-b374-aca42e6594e7@group-54FD992928C8: changes role from CANDIDATE to FOLLOWER at term 2 for REJECTED
2021-11-26 01:29:14,775 [e868a3a3-c0d9-49f0-b374-aca42e6594e7@group-54FD992928C8-LeaderElection25] INFO  impl.RoleInfo (RoleInfo.java:shutdownLeaderElection(121)) - e868a3a3-c0d9-49f0-b374-aca42e6594e7: shutdown e868a3a3-c0d9-49f0-b374-aca42e6594e7@group-54FD992928C8-LeaderElection25
2021-11-26 01:29:14,775 [Listener at 127.0.0.1/10172] INFO  http.BaseHttpServer (BaseHttpServer.java:updateConnectorAddress(329)) - HTTP server of scm listening at http://0.0.0.0:15538
2021-11-26 01:29:14,775 [Listener at 127.0.0.1/10172] INFO  safemode.SCMSafeModeManager (SCMSafeModeManager.java:exitSafeMode(248)) - SCM exiting safe mode.
2021-11-26 01:29:14,775 [Listener at 127.0.0.1/10172] WARN  events.EventQueue (EventQueue.java:fireEvent(194)) - No event handler registered for event TypedEvent{payloadType=SafeModeStatus, name='Safe mode status'}
2021-11-26 01:29:14,775 [Listener at 127.0.0.1/10172] INFO  ha.SCMContext (SCMContext.java:updateSafeModeStatus(205)) - Update SafeModeStatus from SafeModeStatus{safeModeStatus=true, preCheckPassed=false} to SafeModeStatus{safeModeStatus=false, preCheckPassed=true}.
2021-11-26 01:29:14,778 [e6079862-fe37-43a4-a998-6eeab30b5c75@group-54FD992928C8-LeaderElection27] INFO  impl.LeaderElection (LeaderElection.java:run(230)) - e6079862-fe37-43a4-a998-6eeab30b5c75@group-54FD992928C8-LeaderElection27: skip running since this is already CLOSING
2021-11-26 01:29:14,783 [Listener at 127.0.0.1/10172] INFO  db.RDBCheckpointManager (RDBCheckpointManager.java:createCheckpoint(86)) - Created checkpoint at /home/runner/work/ozone/ozone/hadoop-ozone/integration-test/target/test-dir/MiniOzoneClusterImpl-70e57338-dd19-42c4-b060-07a8ff5308af/scmNode-1/db.checkpoints/scm.db_checkpoint_1637890154775 in 8 milliseconds
2021-11-26 01:29:14,788 [e868a3a3-c0d9-49f0-b374-aca42e6594e7@group-54FD992928C8-LeaderElection25] INFO  impl.RoleInfo (RoleInfo.java:updateAndGet(130)) - e868a3a3-c0d9-49f0-b374-aca42e6594e7: start e868a3a3-c0d9-49f0-b374-aca42e6594e7@group-54FD992928C8-FollowerState
2021-11-26 01:29:14,789 [grpc-default-executor-2] INFO  server.RaftServer$Division (RaftServerImpl.java:requestVote(1078)) - e6079862-fe37-43a4-a998-6eeab30b5c75@group-54FD992928C8 replies to ELECTION vote request: fa9a63ae-dfc0-4823-af2f-f478aed93153<-e6079862-fe37-43a4-a998-6eeab30b5c75#0:OK-t2. Peer's state: e6079862-fe37-43a4-a998-6eeab30b5c75@group-54FD992928C8:t2, leader=null, voted=fa9a63ae-dfc0-4823-af2f-f478aed93153, raftlog=e6079862-fe37-43a4-a998-6eeab30b5c75@group-54FD992928C8-SegmentedRaftLog:OPENED:c-1, conf=-1: [e6079862-fe37-43a4-a998-6eeab30b5c75|rpc:127.0.0.1:44915|priority:0, fa9a63ae-dfc0-4823-af2f-f478aed93153|rpc:127.0.0.1:42615|priority:1, e868a3a3-c0d9-49f0-b374-aca42e6594e7|rpc:127.0.0.1:39195|priority:0], old=null
2021-11-26 01:29:14,789 [grpc-default-executor-1] INFO  impl.VoteContext (VoteContext.java:log(48)) - e6079862-fe37-43a4-a998-6eeab30b5c75@group-54FD992928C8-FOLLOWER: reject ELECTION from e868a3a3-c0d9-49f0-b374-aca42e6594e7: already has voted for fa9a63ae-dfc0-4823-af2f-f478aed93153 at current term 2
2021-11-26 01:29:14,789 [grpc-default-executor-1] INFO  server.RaftServer$Division (RaftServerImpl.java:requestVote(1078)) - e6079862-fe37-43a4-a998-6eeab30b5c75@group-54FD992928C8 replies to ELECTION vote request: e868a3a3-c0d9-49f0-b374-aca42e6594e7<-e6079862-fe37-43a4-a998-6eeab30b5c75#0:FAIL-t2. Peer's state: e6079862-fe37-43a4-a998-6eeab30b5c75@group-54FD992928C8:t2, leader=null, voted=fa9a63ae-dfc0-4823-af2f-f478aed93153, raftlog=e6079862-fe37-43a4-a998-6eeab30b5c75@group-54FD992928C8-SegmentedRaftLog:OPENED:c-1, conf=-1: [e6079862-fe37-43a4-a998-6eeab30b5c75|rpc:127.0.0.1:44915|priority:0, fa9a63ae-dfc0-4823-af2f-f478aed93153|rpc:127.0.0.1:42615|priority:1, e868a3a3-c0d9-49f0-b374-aca42e6594e7|rpc:127.0.0.1:39195|priority:0], old=null
2021-11-26 01:29:14,797 [fa9a63ae-dfc0-4823-af2f-f478aed93153@group-54FD992928C8-LeaderElection26] INFO  impl.LeaderElection (LeaderElection.java:logAndReturn(89)) - fa9a63ae-dfc0-4823-af2f-f478aed93153@group-54FD992928C8-LeaderElection26: ELECTION PASSED received 1 response(s) and 0 exception(s):
2021-11-26 01:29:14,797 [fa9a63ae-dfc0-4823-af2f-f478aed93153@group-54FD992928C8-LeaderElection26] INFO  impl.LeaderElection (LeaderElection.java:logAndReturn(93)) -   Response 0: fa9a63ae-dfc0-4823-af2f-f478aed93153<-e6079862-fe37-43a4-a998-6eeab30b5c75#0:OK-t2
2021-11-26 01:29:14,797 [fa9a63ae-dfc0-4823-af2f-f478aed93153@group-54FD992928C8-LeaderElection26] INFO  impl.LeaderElection (LeaderElection.java:askForVotes(308)) - fa9a63ae-dfc0-4823-af2f-f478aed93153@group-54FD992928C8-LeaderElection26 ELECTION round 0: result PASSED
2021-11-26 01:29:14,797 [fa9a63ae-dfc0-4823-af2f-f478aed93153@group-54FD992928C8-LeaderElection26] INFO  impl.RoleInfo (RoleInfo.java:shutdownLeaderElection(121)) - fa9a63ae-dfc0-4823-af2f-f478aed93153: shutdown fa9a63ae-dfc0-4823-af2f-f478aed93153@group-54FD992928C8-LeaderElection26
2021-11-26 01:29:14,797 [fa9a63ae-dfc0-4823-af2f-f478aed93153@group-54FD992928C8-LeaderElection26] INFO  server.RaftServer$Division (RaftServerImpl.java:setRole(290)) - fa9a63ae-dfc0-4823-af2f-f478aed93153@group-54FD992928C8: changes role from CANDIDATE to LEADER at term 2 for changeToLeader
2021-11-26 01:29:14,797 [fa9a63ae-dfc0-4823-af2f-f478aed93153@group-54FD992928C8-LeaderElection26] INFO  ratis.XceiverServerRatis (XceiverServerRatis.java:handleLeaderChangedNotification(866)) - Leader change notification received for group: group-54FD992928C8 with new leaderId: fa9a63ae-dfc0-4823-af2f-f478aed93153
2021-11-26 01:29:14,797 [fa9a63ae-dfc0-4823-af2f-f478aed93153@group-54FD992928C8-LeaderElection26] INFO  server.RaftServer$Division (ServerState.java:setLeader(285)) - fa9a63ae-dfc0-4823-af2f-f478aed93153@group-54FD992928C8: change Leader from null to fa9a63ae-dfc0-4823-af2f-f478aed93153 at term 2 for becomeLeader, leader elected after 10444ms
2021-11-26 01:29:14,797 [fa9a63ae-dfc0-4823-af2f-f478aed93153@group-54FD992928C8-LeaderElection26] INFO  server.RaftServerConfigKeys (ConfUtils.java:logGet(44)) - raft.server.staging.catchup.gap = 1000 (default)
2021-11-26 01:29:14,798 [fa9a63ae-dfc0-4823-af2f-f478aed93153@group-54FD992928C8-LeaderElection26] INFO  server.RaftServerConfigKeys (ConfUtils.java:logGet(44)) - raft.server.write.element-limit = 1024 (custom)
2021-11-26 01:29:14,798 [fa9a63ae-dfc0-4823-af2f-f478aed93153@group-54FD992928C8-LeaderElection26] INFO  server.RaftServerConfigKeys (ConfUtils.java:logGet(44)) - raft.server.write.byte-limit = 1024 M (=1073741824) (custom)
2021-11-26 01:29:14,798 [fa9a63ae-dfc0-4823-af2f-f478aed93153@group-54FD992928C8-LeaderElection26] INFO  server.RaftServerConfigKeys (ConfUtils.java:logGet(44)) - raft.server.watch.timeout = 180s (custom)
2021-11-26 01:29:14,798 [fa9a63ae-dfc0-4823-af2f-f478aed93153@group-54FD992928C8-LeaderElection26] INFO  server.RaftServerConfigKeys (ConfUtils.java:logGet(44)) - raft.server.watch.timeout.denomination = 1s (default)
2021-11-26 01:29:14,798 [fa9a63ae-dfc0-4823-af2f-f478aed93153@group-54FD992928C8-LeaderElection26] INFO  server.RaftServerConfigKeys (ConfUtils.java:logGet(44)) - raft.server.watch.element-limit = 65536 (default)
2021-11-26 01:29:14,798 [fa9a63ae-dfc0-4823-af2f-f478aed93153@group-54FD992928C8-LeaderElection26] INFO  server.RaftServerConfigKeys (ConfUtils.java:logGet(44)) - raft.server.write.element-limit = 1024 (custom)
2021-11-26 01:29:14,798 [fa9a63ae-dfc0-4823-af2f-f478aed93153@group-54FD992928C8-LeaderElection26] INFO  server.RaftServerConfigKeys (ConfUtils.java:logGet(44)) - raft.server.write.follower.gap.ratio.max = -1.0 (default)
2021-11-26 01:29:14,798 [fa9a63ae-dfc0-4823-af2f-f478aed93153@group-54FD992928C8-LeaderElection26] INFO  server.RaftServerConfigKeys (ConfUtils.java:logGet(44)) - raft.server.log.appender.snapshot.chunk.size.max = 16MB (=16777216) (default)
2021-11-26 01:29:14,798 [fa9a63ae-dfc0-4823-af2f-f478aed93153@group-54FD992928C8-LeaderElection26] INFO  server.RaftServerConfigKeys (ConfUtils.java:logGet(44)) - raft.server.log.appender.buffer.byte-limit = 33554432 (custom)
2021-11-26 01:29:14,799 [fa9a63ae-dfc0-4823-af2f-f478aed93153@group-54FD992928C8-LeaderElection26] INFO  server.RaftServerConfigKeys (ConfUtils.java:logGet(44)) - raft.server.log.appender.buffer.element-limit = 1 (custom)
2021-11-26 01:29:14,799 [fa9a63ae-dfc0-4823-af2f-f478aed93153@group-54FD992928C8-LeaderElection26] INFO  grpc.GrpcConfigKeys (ConfUtils.java:logGet(44)) - raft.grpc.server.leader.outstanding.appends.max = 128 (default)
2021-11-26 01:29:14,799 [fa9a63ae-dfc0-4823-af2f-f478aed93153@group-54FD992928C8-LeaderElection26] INFO  server.RaftServerConfigKeys (ConfUtils.java:logGet(44)) - raft.server.rpc.request.timeout = 60s (custom)
2021-11-26 01:29:14,799 [fa9a63ae-dfc0-4823-af2f-f478aed93153@group-54FD992928C8-LeaderElection26] INFO  server.RaftServerConfigKeys (ConfUtils.java:logGet(44)) - raft.server.log.appender.install.snapshot.enabled = false (custom)
2021-11-26 01:29:14,801 [EventQueue-PipelineReportForPipelineReportHandler] INFO  pipeline.PipelineManagerImpl (PipelineManagerImpl.java:openPipeline(289)) - Pipeline Pipeline[ Id: 8bd0a991-f326-41c5-b045-54fd992928c8, Nodes: fa9a63ae-dfc0-4823-af2f-f478aed93153{ip: 127.0.0.1, host: localhost, ports: [REPLICATION=37777, RATIS=42615, RATIS_ADMIN=42615, RATIS_SERVER=42615, STANDALONE=33999], networkLocation: /default-rack, certSerialId: null, persistedOpState: IN_SERVICE, persistedOpStateExpiryEpochSec: 0}e868a3a3-c0d9-49f0-b374-aca42e6594e7{ip: 127.0.0.1, host: localhost, ports: [REPLICATION=37139, RATIS=39195, RATIS_ADMIN=39195, RATIS_SERVER=39195, STANDALONE=35455], networkLocation: /default-rack, certSerialId: null, persistedOpState: IN_SERVICE, persistedOpStateExpiryEpochSec: 0}e6079862-fe37-43a4-a998-6eeab30b5c75{ip: 127.0.0.1, host: localhost, ports: [REPLICATION=38829, RATIS=44915, RATIS_ADMIN=44915, RATIS_SERVER=44915, STANDALONE=37843], networkLocation: /default-rack, certSerialId: null, persistedOpState: IN_SERVICE, persistedOpStateExpiryEpochSec: 0}, ReplicationConfig: RATIS/THREE, State:ALLOCATED, leaderId:fa9a63ae-dfc0-4823-af2f-f478aed93153, CreationTimestamp2021-11-26T01:29:01.923Z[Etc/UTC]] moved to OPEN state
2021-11-26 01:29:14,802 [IPC Server handler 12 on default port 15541] INFO  net.NetworkTopologyImpl (NetworkTopologyImpl.java:add(112)) - Added a new node: /default-rack/fa9a63ae-dfc0-4823-af2f-f478aed93153
2021-11-26 01:29:14,802 [IPC Server handler 12 on default port 15541] INFO  node.SCMNodeManager (SCMNodeManager.java:register(389)) - Registered Data node : fa9a63ae-dfc0-4823-af2f-f478aed93153{ip: 127.0.0.1, host: localhost, ports: [REPLICATION=37777, RATIS=42615, RATIS_ADMIN=42615, RATIS_SERVER=42615, STANDALONE=33999], networkLocation: /default-rack, certSerialId: null, persistedOpState: null, persistedOpStateExpiryEpochSec: 0}
2021-11-26 01:29:14,797 [grpc-default-executor-3] INFO  impl.VoteContext (VoteContext.java:log(48)) - e868a3a3-c0d9-49f0-b374-aca42e6594e7@group-54FD992928C8-FOLLOWER: reject ELECTION from fa9a63ae-dfc0-4823-af2f-f478aed93153: already has voted for e868a3a3-c0d9-49f0-b374-aca42e6594e7 at current term 2
2021-11-26 01:29:14,803 [grpc-default-executor-3] INFO  server.RaftServer$Division (RaftServerImpl.java:requestVote(1078)) - e868a3a3-c0d9-49f0-b374-aca42e6594e7@group-54FD992928C8 replies to ELECTION vote request: fa9a63ae-dfc0-4823-af2f-f478aed93153<-e868a3a3-c0d9-49f0-b374-aca42e6594e7#0:FAIL-t2. Peer's state: e868a3a3-c0d9-49f0-b374-aca42e6594e7@group-54FD992928C8:t2, leader=null, voted=e868a3a3-c0d9-49f0-b374-aca42e6594e7, raftlog=e868a3a3-c0d9-49f0-b374-aca42e6594e7@group-54FD992928C8-SegmentedRaftLog:OPENED:c-1, conf=-1: [e6079862-fe37-43a4-a998-6eeab30b5c75|rpc:127.0.0.1:44915|priority:0, fa9a63ae-dfc0-4823-af2f-f478aed93153|rpc:127.0.0.1:42615|priority:1, e868a3a3-c0d9-49f0-b374-aca42e6594e7|rpc:127.0.0.1:39195|priority:0], old=null
2021-11-26 01:29:14,802 [EventQueue-PipelineReportForPipelineReportHandler] INFO  pipeline.PipelineManagerImpl (PipelineManagerImpl.java:openPipeline(289)) - Pipeline Pipeline[ Id: 8bd0a991-f326-41c5-b045-54fd992928c8, Nodes: fa9a63ae-dfc0-4823-af2f-f478aed93153{ip: 127.0.0.1, host: localhost, ports: [REPLICATION=37777, RATIS=42615, RATIS_ADMIN=42615, RATIS_SERVER=42615, STANDALONE=33999], networkLocation: /default-rack, certSerialId: null, persistedOpState: IN_SERVICE, persistedOpStateExpiryEpochSec: 0}e868a3a3-c0d9-49f0-b374-aca42e6594e7{ip: 127.0.0.1, host: localhost, ports: [REPLICATION=37139, RATIS=39195, RATIS_ADMIN=39195, RATIS_SERVER=39195, STANDALONE=35455], networkLocation: /default-rack, certSerialId: null, persistedOpState: IN_SERVICE, persistedOpStateExpiryEpochSec: 0}e6079862-fe37-43a4-a998-6eeab30b5c75{ip: 127.0.0.1, host: localhost, ports: [REPLICATION=38829, RATIS=44915, RATIS_ADMIN=44915, RATIS_SERVER=44915, STANDALONE=37843], networkLocation: /default-rack, certSerialId: null, persistedOpState: IN_SERVICE, persistedOpStateExpiryEpochSec: 0}, ReplicationConfig: RATIS/THREE, State:ALLOCATED, leaderId:fa9a63ae-dfc0-4823-af2f-f478aed93153, CreationTimestamp2021-11-26T01:29:01.923Z[Etc/UTC]] moved to OPEN state
2021-11-26 01:29:14,804 [EventQueue-PipelineReportForPipelineReportHandler] INFO  ha.SCMHAInvocationHandler (SCMHAInvocationHandler.java:invokeRatis(113)) - Invoking method public abstract void org.apache.hadoop.hdds.scm.pipeline.PipelineStateManager.updatePipelineState(org.apache.hadoop.hdds.protocol.proto.HddsProtos$PipelineID,org.apache.hadoop.hdds.protocol.proto.HddsProtos$PipelineState) throws java.io.IOException on target org.apache.hadoop.hdds.scm.ha.SCMRatisServerImpl@6c58e33f, cost 197.502us
2021-11-26 01:29:14,807 [fa9a63ae-dfc0-4823-af2f-f478aed93153@group-54FD992928C8-LeaderElection26] INFO  server.RaftServerConfigKeys (ConfUtils.java:logGet(44)) - raft.server.log.appender.snapshot.chunk.size.max = 16MB (=16777216) (default)
2021-11-26 01:29:14,807 [fa9a63ae-dfc0-4823-af2f-f478aed93153@group-54FD992928C8-LeaderElection26] INFO  server.RaftServerConfigKeys (ConfUtils.java:logGet(44)) - raft.server.log.appender.buffer.byte-limit = 33554432 (custom)
2021-11-26 01:29:14,807 [fa9a63ae-dfc0-4823-af2f-f478aed93153@group-54FD992928C8-LeaderElection26] INFO  server.RaftServerConfigKeys (ConfUtils.java:logGet(44)) - raft.server.log.appender.buffer.element-limit = 1 (custom)
2021-11-26 01:29:14,814 [fa9a63ae-dfc0-4823-af2f-f478aed93153@group-54FD992928C8-LeaderElection26] INFO  grpc.GrpcConfigKeys (ConfUtils.java:logGet(44)) - raft.grpc.server.leader.outstanding.appends.max = 128 (default)
2021-11-26 01:29:14,814 [fa9a63ae-dfc0-4823-af2f-f478aed93153@group-54FD992928C8-LeaderElection26] INFO  server.RaftServerConfigKeys (ConfUtils.java:logGet(44)) - raft.server.rpc.request.timeout = 60s (custom)
2021-11-26 01:29:14,814 [fa9a63ae-dfc0-4823-af2f-f478aed93153@group-54FD992928C8-LeaderElection26] INFO  server.RaftServerConfigKeys (ConfUtils.java:logGet(44)) - raft.server.log.appender.install.snapshot.enabled = false (custom)
2021-11-26 01:29:14,815 [fa9a63ae-dfc0-4823-af2f-f478aed93153@group-54FD992928C8-LeaderElection26] INFO  impl.RoleInfo (RoleInfo.java:updateAndGet(130)) - fa9a63ae-dfc0-4823-af2f-f478aed93153: start fa9a63ae-dfc0-4823-af2f-f478aed93153@group-54FD992928C8-LeaderStateImpl
2021-11-26 01:29:14,815 [fa9a63ae-dfc0-4823-af2f-f478aed93153@group-54FD992928C8-LeaderElection26] INFO  segmented.SegmentedRaftLogWorker (SegmentedRaftLogWorker.java:startLogSegment(394)) - fa9a63ae-dfc0-4823-af2f-f478aed93153@group-54FD992928C8-SegmentedRaftLogWorker: Starting segment from index:0
2021-11-26 01:29:14,843 [EventQueue-NewNodeForNewNodeHandler] INFO  pipeline.BackgroundPipelineCreator (BackgroundPipelineCreator.java:notifyEventTriggered(279)) - ignore, not leader SCM.
2021-11-26 01:29:14,860 [01294dc6-9f36-4a18-805d-4c42b975ebdc@group-07A8FF5308AF-StateMachineUpdater] ERROR impl.StateMachineUpdater (StateMachineUpdater.java:run(191)) - 01294dc6-9f36-4a18-805d-4c42b975ebdc@group-07A8FF5308AF-StateMachineUpdater caught a Throwable.
java.lang.IllegalStateException: 01294dc6-9f36-4a18-805d-4c42b975ebdc: Failed updateLastAppliedTermIndex: newTI = (t:2, i:28) < oldTI = (t:2, i:128)
	at org.apache.ratis.util.Preconditions.assertTrue(Preconditions.java:72)
	at org.apache.ratis.statemachine.impl.BaseStateMachine.updateLastAppliedTermIndex(BaseStateMachine.java:142)
	at org.apache.hadoop.hdds.scm.ha.SCMStateMachine.notifyTermIndexUpdated(SCMStateMachine.java:310)
	at org.apache.ratis.server.impl.RaftServerImpl.applyLogToStateMachine(RaftServerImpl.java:1701)
	at org.apache.ratis.server.impl.StateMachineUpdater.applyLog(StateMachineUpdater.java:234)
	at org.apache.ratis.server.impl.StateMachineUpdater.run(StateMachineUpdater.java:179)
	at java.lang.Thread.run(Thread.java:748)
2021-11-26 01:29:14,861 [01294dc6-9f36-4a18-805d-4c42b975ebdc@group-07A8FF5308AF-StateMachineUpdater] INFO  server.RaftServer$Division (RaftServerImpl.java:lambda$close$4(412)) - 01294dc6-9f36-4a18-805d-4c42b975ebdc@group-07A8FF5308AF: shutdown
2021-11-26 01:29:14,861 [01294dc6-9f36-4a18-805d-4c42b975ebdc@group-07A8FF5308AF-StateMachineUpdater] INFO  util.JmxRegister (JmxRegister.java:unregister(73)) - Successfully un-registered JMX Bean with object name Ratis:service=RaftServer,group=group-07A8FF5308AF,id=01294dc6-9f36-4a18-805d-4c42b975ebdc
2021-11-26 01:29:14,861 [01294dc6-9f36-4a18-805d-4c42b975ebdc@group-07A8FF5308AF-StateMachineUpdater] INFO  impl.RoleInfo (RoleInfo.java:shutdownFollowerState(108)) - 01294dc6-9f36-4a18-805d-4c42b975ebdc: shutdown 01294dc6-9f36-4a18-805d-4c42b975ebdc@group-07A8FF5308AF-FollowerState
2021-11-26 01:29:14,861 [EventQueue-PipelineReportForPipelineReportHandler] INFO  ha.SCMHAInvocationHandler (SCMHAInvocationHandler.java:invokeRatis(113)) - Invoking method public abstract void org.apache.hadoop.hdds.scm.pipeline.PipelineStateManager.updatePipelineState(org.apache.hadoop.hdds.protocol.proto.HddsProtos$PipelineID,org.apache.hadoop.hdds.protocol.proto.HddsProtos$PipelineState) throws java.io.IOException on target org.apache.hadoop.hdds.scm.ha.SCMRatisServerImpl@7131fc1, cost 59775.727us
2021-11-26 01:29:14,862 [fa9a63ae-dfc0-4823-af2f-f478aed93153@group-54FD992928C8-SegmentedRaftLogWorker] INFO  segmented.SegmentedRaftLogWorker (SegmentedRaftLogWorker.java:execute(601)) - fa9a63ae-dfc0-4823-af2f-f478aed93153@group-54FD992928C8-SegmentedRaftLogWorker: created new log segment /home/runner/work/ozone/ozone/hadoop-ozone/integration-test/target/test-dir/MiniOzoneClusterImpl-70e57338-dd19-42c4-b060-07a8ff5308af/datanode-2/data/ratis/8bd0a991-f326-41c5-b045-54fd992928c8/current/log_inprogress_0
2021-11-26 01:29:14,873 [grpc-default-executor-1] INFO  ratis.XceiverServerRatis (XceiverServerRatis.java:handleLeaderChangedNotification(866)) - Leader change notification received for group: group-54FD992928C8 with new leaderId: fa9a63ae-dfc0-4823-af2f-f478aed93153
2021-11-26 01:29:14,873 [grpc-default-executor-1] INFO  server.RaftServer$Division (ServerState.java:setLeader(285)) - e868a3a3-c0d9-49f0-b374-aca42e6594e7@group-54FD992928C8: change Leader from null to fa9a63ae-dfc0-4823-af2f-f478aed93153 at term 2 for appendEntries, leader elected after 10561ms
2021-11-26 01:29:14,874 [fa9a63ae-dfc0-4823-af2f-f478aed93153@group-54FD992928C8-LeaderElection26] INFO  server.RaftServer$Division (ServerState.java:setRaftConf(387)) - fa9a63ae-dfc0-4823-af2f-f478aed93153@group-54FD992928C8: set configuration 0: [e6079862-fe37-43a4-a998-6eeab30b5c75|rpc:127.0.0.1:44915|dataStream:|priority:0, fa9a63ae-dfc0-4823-af2f-f478aed93153|rpc:127.0.0.1:42615|dataStream:|priority:1, e868a3a3-c0d9-49f0-b374-aca42e6594e7|rpc:127.0.0.1:39195|dataStream:|priority:0], old=null
2021-11-26 01:29:14,876 [Listener at 127.0.0.1/10172] INFO  ha.SCMHAManagerImpl (SCMHAManagerImpl.java:installCheckpoint(227)) - Installing checkpoint with SCMTransactionInfo 2#25
2021-11-26 01:29:14,877 [Listener at 127.0.0.1/10172] WARN  ha.SCMHAManagerImpl (SCMHAManagerImpl.java:installCheckpoint(240)) - Cannot proceed with InstallSnapshot as SCM is at TermIndex (t:2, i:28) and checkpoint has lower TermIndex (t:2, i:25). Reloading old state of SCM.
2021-11-26 01:29:14,879 [Listener at 127.0.0.1/10172] INFO  ozone.MiniOzoneClusterImpl (MiniOzoneClusterImpl.java:shutdown(453)) - Shutting down the Mini Ozone Cluster
2021-11-26 01:29:14,888 [Listener at 127.0.0.1/10172] INFO  ozone.MiniOzoneHAClusterImpl (MiniOzoneHAClusterImpl.java:stop(316)) - Stopping the OzoneManager omNode-1
2021-11-26 01:29:14,887 [grpc-default-executor-2] INFO  ratis.XceiverServerRatis (XceiverServerRatis.java:handleLeaderChangedNotification(866)) - Leader change notification received for group: group-54FD992928C8 with new leaderId: fa9a63ae-dfc0-4823-af2f-f478aed93153
2021-11-26 01:29:14,892 [grpc-default-executor-2] INFO  server.RaftServer$Division (ServerState.java:setLeader(285)) - e6079862-fe37-43a4-a998-6eeab30b5c75@group-54FD992928C8: change Leader from null to fa9a63ae-dfc0-4823-af2f-f478aed93153 at term 2 for appendEntries, leader elected after 10449ms
2021-11-26 01:29:14,892 [Listener at 127.0.0.1/10172] INFO  om.OzoneManager (OzoneManager.java:stop(1830)) - omNode-1[localhost:10172]: Stopping Ozone Manager
2021-11-26 01:29:14,892 [Listener at 127.0.0.1/10172] INFO  ipc.Server (Server.java:stop(3414)) - Stopping server on 10172
2021-11-26 01:29:14,898 [01294dc6-9f36-4a18-805d-4c42b975ebdc@group-07A8FF5308AF-FollowerState] INFO  impl.FollowerState (FollowerState.java:run(143)) - 01294dc6-9f36-4a18-805d-4c42b975ebdc@group-07A8FF5308AF-FollowerState was interrupted: {}
java.lang.InterruptedException: sleep interrupted
	at java.lang.Thread.sleep(Native Method)
	at java.lang.Thread.sleep(Thread.java:340)
	at java.util.concurrent.TimeUnit.sleep(TimeUnit.java:386)
	at org.apache.ratis.util.TimeDuration.sleep(TimeDuration.java:324)
	at org.apache.ratis.util.TimeDuration.sleep(TimeDuration.java:309)
	at org.apache.ratis.server.impl.FollowerState.run(FollowerState.java:118)
2021-11-26 01:29:14,902 [grpc-default-executor-2] INFO  server.RaftServer$Division (ServerState.java:setRaftConf(387)) - e6079862-fe37-43a4-a998-6eeab30b5c75@group-54FD992928C8: set configuration 0: [e6079862-fe37-43a4-a998-6eeab30b5c75|rpc:127.0.0.1:44915|dataStream:|priority:0, fa9a63ae-dfc0-4823-af2f-f478aed93153|rpc:127.0.0.1:42615|dataStream:|priority:1, e868a3a3-c0d9-49f0-b374-aca42e6594e7|rpc:127.0.0.1:39195|dataStream:|priority:0], old=null
2021-11-26 01:29:14,902 [grpc-default-executor-2] INFO  segmented.SegmentedRaftLogWorker (SegmentedRaftLogWorker.java:startLogSegment(394)) - e6079862-fe37-43a4-a998-6eeab30b5c75@group-54FD992928C8-SegmentedRaftLogWorker: Starting segment from index:0
2021-11-26 01:29:14,902 [878f4670-2ce0-4ee1-8021-0f5a1e33ae40@group-07A8FF5308AF-StateMachineUpdater] INFO  ha.SCMStateMachine (SCMStateMachine.java:takeSnapshot(297)) - Current Snapshot Index 28, takeSnapshot took 0 ms
2021-11-26 01:29:14,902 [878f4670-2ce0-4ee1-8021-0f5a1e33ae40@group-07A8FF5308AF-StateMachineUpdater] INFO  impl.StateMachineUpdater (StateMachineUpdater.java:takeSnapshot(281)) - 878f4670-2ce0-4ee1-8021-0f5a1e33ae40@group-07A8FF5308AF-StateMachineUpdater: Took a snapshot at index 28
2021-11-26 01:29:14,902 [878f4670-2ce0-4ee1-8021-0f5a1e33ae40@group-07A8FF5308AF-StateMachineUpdater] INFO  impl.StateMachineUpdater (StateMachineUpdater.java:lambda$new$0(89)) - 878f4670-2ce0-4ee1-8021-0f5a1e33ae40@group-07A8FF5308AF-StateMachineUpdater: snapshotIndex: updateIncreasingly 23 -> 28
2021-11-26 01:29:14,902 [878f4670-2ce0-4ee1-8021-0f5a1e33ae40@group-07A8FF5308AF-StateMachineUpdater] INFO  raftlog.RaftLog (RaftLogBase.java:purge(306)) - 878f4670-2ce0-4ee1-8021-0f5a1e33ae40@group-07A8FF5308AF-SegmentedRaftLog: purge 28
2021-11-26 01:29:14,902 [878f4670-2ce0-4ee1-8021-0f5a1e33ae40@group-07A8FF5308AF-StateMachineUpdater] INFO  raftlog.RaftLog (RaftLogBase.java:lambda$new$0(53)) - 878f4670-2ce0-4ee1-8021-0f5a1e33ae40@group-07A8FF5308AF-SegmentedRaftLog: snapshotIndex: updateIncreasingly 23 -> 28
2021-11-26 01:29:14,902 [878f4670-2ce0-4ee1-8021-0f5a1e33ae40@group-07A8FF5308AF-StateMachineUpdater] INFO  raftlog.RaftLog (RaftLogBase.java:lambda$new$0(53)) - 878f4670-2ce0-4ee1-8021-0f5a1e33ae40@group-07A8FF5308AF-SegmentedRaftLog: purgeIndex: updateToMax old=23, new=28, updated? true
2021-11-26 01:29:14,903 [grpc-default-executor-1] INFO  server.RaftServer$Division (ServerState.java:setRaftConf(387)) - e868a3a3-c0d9-49f0-b374-aca42e6594e7@group-54FD992928C8: set configuration 0: [e6079862-fe37-43a4-a998-6eeab30b5c75|rpc:127.0.0.1:44915|dataStream:|priority:0, fa9a63ae-dfc0-4823-af2f-f478aed93153|rpc:127.0.0.1:42615|dataStream:|priority:1, e868a3a3-c0d9-49f0-b374-aca42e6594e7|rpc:127.0.0.1:39195|dataStream:|priority:0], old=null
2021-11-26 01:29:14,903 [grpc-default-executor-1] INFO  segmented.SegmentedRaftLogWorker (SegmentedRaftLogWorker.java:startLogSegment(394)) - e868a3a3-c0d9-49f0-b374-aca42e6594e7@group-54FD992928C8-SegmentedRaftLogWorker: Starting segment from index:0
2021-11-26 01:29:14,905 [e868a3a3-c0d9-49f0-b374-aca42e6594e7@group-54FD992928C8-SegmentedRaftLogWorker] INFO  segmented.SegmentedRaftLogWorker (SegmentedRaftLogWorker.java:execute(601)) - e868a3a3-c0d9-49f0-b374-aca42e6594e7@group-54FD992928C8-SegmentedRaftLogWorker: created new log segment /home/runner/work/ozone/ozone/hadoop-ozone/integration-test/target/test-dir/MiniOzoneClusterImpl-70e57338-dd19-42c4-b060-07a8ff5308af/datanode-0/data/ratis/8bd0a991-f326-41c5-b045-54fd992928c8/current/log_inprogress_0
2021-11-26 01:29:14,913 [ec3f45f6-a064-4412-8226-4654181b7e55@group-07A8FF5308AF-StateMachineUpdater] INFO  ha.SCMStateMachine (SCMStateMachine.java:takeSnapshot(297)) - Current Snapshot Index 30, takeSnapshot took 0 ms
2021-11-26 01:29:14,913 [ec3f45f6-a064-4412-8226-4654181b7e55@group-07A8FF5308AF-StateMachineUpdater] INFO  impl.StateMachineUpdater (StateMachineUpdater.java:takeSnapshot(281)) - ec3f45f6-a064-4412-8226-4654181b7e55@group-07A8FF5308AF-StateMachineUpdater: Took a snapshot at index 30
2021-11-26 01:29:14,913 [ec3f45f6-a064-4412-8226-4654181b7e55@group-07A8FF5308AF-StateMachineUpdater] INFO  impl.StateMachineUpdater (StateMachineUpdater.java:lambda$new$0(89)) - ec3f45f6-a064-4412-8226-4654181b7e55@group-07A8FF5308AF-StateMachineUpdater: snapshotIndex: updateIncreasingly 25 -> 30
2021-11-26 01:29:14,913 [ec3f45f6-a064-4412-8226-4654181b7e55@group-07A8FF5308AF-StateMachineUpdater] INFO  raftlog.RaftLog (RaftLogBase.java:purge(306)) - ec3f45f6-a064-4412-8226-4654181b7e55@group-07A8FF5308AF-SegmentedRaftLog: purge 30
2021-11-26 01:29:14,913 [ec3f45f6-a064-4412-8226-4654181b7e55@group-07A8FF5308AF-StateMachineUpdater] INFO  raftlog.RaftLog (RaftLogBase.java:lambda$new$0(53)) - ec3f45f6-a064-4412-8226-4654181b7e55@group-07A8FF5308AF-SegmentedRaftLog: snapshotIndex: updateIncreasingly 25 -> 30
2021-11-26 01:29:14,913 [ec3f45f6-a064-4412-8226-4654181b7e55@group-07A8FF5308AF-StateMachineUpdater] INFO  raftlog.RaftLog (RaftLogBase.java:lambda$new$0(53)) - ec3f45f6-a064-4412-8226-4654181b7e55@group-07A8FF5308AF-SegmentedRaftLog: purgeIndex: updateToMax old=25, new=30, updated? true
2021-11-26 01:29:14,919 [01294dc6-9f36-4a18-805d-4c42b975ebdc@group-07A8FF5308AF-StateMachineUpdater] INFO  server.RaftServer$Division (ServerState.java:close(419)) - 01294dc6-9f36-4a18-805d-4c42b975ebdc@group-07A8FF5308AF: closes. applyIndex: 28
2021-11-26 01:29:14,919 [01294dc6-9f36-4a18-805d-4c42b975ebdc@group-07A8FF5308AF-SegmentedRaftLogWorker] INFO  segmented.SegmentedRaftLogWorker (SegmentedRaftLogWorker.java:run(327)) - 01294dc6-9f36-4a18-805d-4c42b975ebdc@group-07A8FF5308AF-SegmentedRaftLogWorker was interrupted, exiting. There are 0 tasks remaining in the queue.
2021-11-26 01:29:14,958 [01294dc6-9f36-4a18-805d-4c42b975ebdc@group-07A8FF5308AF-StateMachineUpdater] INFO  segmented.SegmentedRaftLogWorker (SegmentedRaftLogWorker.java:close(237)) - 01294dc6-9f36-4a18-805d-4c42b975ebdc@group-07A8FF5308AF-SegmentedRaftLogWorker close()
2021-11-26 01:29:14,964 [IPC Server listener on 10172] INFO  ipc.Server (Server.java:run(1376)) - Stopping IPC Server listener on 10172
2021-11-26 01:29:14,964 [IPC Server Responder] INFO  ipc.Server (Server.java:run(1512)) - Stopping IPC Server Responder
2021-11-26 01:29:14,966 [Listener at 127.0.0.1/10172] INFO  server.RaftServer (RaftServerProxy.java:lambda$close$6(391)) - omNode-1: close
2021-11-26 01:29:14,967 [Listener at 127.0.0.1/10172] INFO  server.RaftServer$Division (RaftServerImpl.java:lambda$close$4(412)) - omNode-1@group-523986131536: shutdown
2021-11-26 01:29:14,967 [Listener at 127.0.0.1/10172] INFO  util.JmxRegister (JmxRegister.java:unregister(73)) - Successfully un-registered JMX Bean with object name Ratis:service=RaftServer,group=group-523986131536,id=omNode-1
2021-11-26 01:29:14,967 [Listener at 127.0.0.1/10172] INFO  impl.RoleInfo (RoleInfo.java:shutdownLeaderState(91)) - omNode-1: shutdown omNode-1@group-523986131536-LeaderStateImpl
2021-11-26 01:29:14,967 [Listener at 127.0.0.1/10172] INFO  impl.PendingRequests (PendingRequests.java:sendNotLeaderResponses(282)) - omNode-1@group-523986131536-PendingRequests: sendNotLeaderResponses
2021-11-26 01:29:14,968 [Listener at 127.0.0.1/10172] INFO  impl.StateMachineUpdater (StateMachineUpdater.java:stopAndJoin(149)) - omNode-1@group-523986131536-StateMachineUpdater: set stopIndex = 0
2021-11-26 01:29:14,968 [e6079862-fe37-43a4-a998-6eeab30b5c75@group-54FD992928C8-SegmentedRaftLogWorker] INFO  segmented.SegmentedRaftLogWorker (SegmentedRaftLogWorker.java:execute(601)) - e6079862-fe37-43a4-a998-6eeab30b5c75@group-54FD992928C8-SegmentedRaftLogWorker: created new log segment /home/runner/work/ozone/ozone/hadoop-ozone/integration-test/target/test-dir/MiniOzoneClusterImpl-70e57338-dd19-42c4-b060-07a8ff5308af/datanode-1/data/ratis/8bd0a991-f326-41c5-b045-54fd992928c8/current/log_inprogress_0
2021-11-26 01:29:14,968 [omNode-1@group-523986131536-StateMachineUpdater] INFO  ratis.OzoneManagerStateMachine (OzoneManagerStateMachine.java:takeSnapshot(417)) - Current Snapshot Index (t:1, i:0)
2021-11-26 01:29:14,968 [omNode-1@group-523986131536-StateMachineUpdater] INFO  impl.StateMachineUpdater (StateMachineUpdater.java:takeSnapshot(281)) - omNode-1@group-523986131536-StateMachineUpdater: Took a snapshot at index 0
2021-11-26 01:29:14,968 [omNode-1@group-523986131536-StateMachineUpdater] INFO  impl.StateMachineUpdater (StateMachineUpdater.java:lambda$new$0(89)) - omNode-1@group-523986131536-StateMachineUpdater: snapshotIndex: updateIncreasingly -1 -> 0
2021-11-26 01:29:14,969 [omNode-1@group-523986131536-StateMachineUpdater] INFO  ratis.OzoneManagerStateMachine (OzoneManagerStateMachine.java:close(471)) - StateMachine has shutdown. Shutdown OzoneManager if not already shutdown.
2021-11-26 01:29:14,969 [Listener at 127.0.0.1/10172] INFO  server.RaftServer$Division (ServerState.java:close(419)) - omNode-1@group-523986131536: closes. applyIndex: 0
2021-11-26 01:29:14,980 [omNode-1@group-523986131536-SegmentedRaftLogWorker] INFO  segmented.SegmentedRaftLogWorker (SegmentedRaftLogWorker.java:run(327)) - omNode-1@group-523986131536-SegmentedRaftLogWorker was interrupted, exiting. There are 0 tasks remaining in the queue.
2021-11-26 01:29:14,992 [Listener at 127.0.0.1/10172] INFO  segmented.SegmentedRaftLogWorker (SegmentedRaftLogWorker.java:close(237)) - omNode-1@group-523986131536-SegmentedRaftLogWorker close()
2021-11-26 01:29:14,994 [Listener at 127.0.0.1/10172] INFO  server.GrpcService (GrpcService.java:closeImpl(262)) - omNode-1: shutdown server with port 10176 now
2021-11-26 01:29:14,994 [Listener at 127.0.0.1/10172] INFO  server.GrpcService (GrpcService.java:closeImpl(271)) - omNode-1: shutdown server with port 10176 successfully
2021-11-26 01:29:14,995 [org.apache.ratis.util.JvmPauseMonitor$$Lambda$499/73608444@50060b19] INFO  util.JvmPauseMonitor (JvmPauseMonitor.java:run(109)) - JvmPauseMonitor-omNode-1: Stopped
2021-11-26 01:29:14,995 [Listener at 127.0.0.1/10172] INFO  ratis.OzoneManagerDoubleBuffer (OzoneManagerDoubleBuffer.java:stop(437)) - Stopping OMDoubleBuffer flush thread
2021-11-26 01:29:14,995 [OMDoubleBufferFlushThread] INFO  ratis.OzoneManagerDoubleBuffer (OzoneManagerDoubleBuffer.java:flushTransactions(356)) - OMDoubleBuffer flush thread OMDoubleBufferFlushThread is interrupted and will exit. OMDoubleBufferFlushThread
2021-11-26 01:29:14,995 [Listener at 127.0.0.1/10172] INFO  utils.BackgroundService (BackgroundService.java:shutdown(132)) - Shutting down service KeyDeletingService
2021-11-26 01:29:14,995 [Listener at 127.0.0.1/10172] INFO  utils.BackgroundService (BackgroundService.java:shutdown(132)) - Shutting down service DirectoryDeletingService
2021-11-26 01:29:14,996 [Listener at 127.0.0.1/10172] INFO  handler.ContextHandler (ContextHandler.java:doStop(1153)) - Stopped o.e.j.w.WebAppContext@5a8a98c7{ozoneManager,/,null,STOPPED}{file:/home/runner/work/ozone/ozone/hadoop-ozone/integration-test/target/test-classes/webapps/ozoneManager}
2021-11-26 01:29:14,999 [Listener at 127.0.0.1/10172] INFO  server.AbstractConnector (AbstractConnector.java:doStop(381)) - Stopped ServerConnector@78e73f67{HTTP/1.1, (http/1.1)}{0.0.0.0:10174}
2021-11-26 01:29:15,001 [Listener at 127.0.0.1/10172] INFO  server.session (HouseKeeper.java:stopScavenging(149)) - node0 Stopped scavenging
2021-11-26 01:29:15,001 [Listener at 127.0.0.1/10172] INFO  handler.ContextHandler (ContextHandler.java:doStop(1153)) - Stopped o.e.j.s.ServletContextHandler@454009a0{static,/static,file:///home/runner/work/ozone/ozone/hadoop-ozone/integration-test/target/test-classes/webapps/static,STOPPED}
2021-11-26 01:29:15,002 [Listener at 127.0.0.1/10172] INFO  handler.ContextHandler (ContextHandler.java:doStop(1153)) - Stopped o.e.j.s.ServletContextHandler@7b32e17b{logs,/logs,file:///home/runner/work/ozone/ozone/hadoop-ozone/integration-test/target/log,STOPPED}
2021-11-26 01:29:15,018 [Listener at 127.0.0.1/10172] INFO  ozone.MiniOzoneHAClusterImpl (MiniOzoneHAClusterImpl.java:stop(324)) - Stopping the StorageContainerManager 01294dc6-9f36-4a18-805d-4c42b975ebdc
2021-11-26 01:29:15,018 [Listener at 127.0.0.1/10172] INFO  server.StorageContainerManager (StorageContainerManager.java:stop(1395)) - Stopping Container Balancer service.
2021-11-26 01:29:15,019 [Listener at 127.0.0.1/10172] INFO  balancer.ContainerBalancer (ContainerBalancer.java:stop(709)) - Container Balancer is not running.
2021-11-26 01:29:15,019 [Listener at 127.0.0.1/10172] INFO  server.StorageContainerManager (StorageContainerManager.java:stop(1402)) - Stopping Replication Manager Service.
2021-11-26 01:29:15,019 [Listener at 127.0.0.1/10172] INFO  container.ReplicationManager (ReplicationManager.java:stop(350)) - Stopping Replication Monitor Thread.
2021-11-26 01:29:15,019 [Listener at 127.0.0.1/10172] INFO  server.StorageContainerManager (StorageContainerManager.java:stop(1409)) - Stopping the Datanode Admin Monitor.
2021-11-26 01:29:15,019 [Listener at 127.0.0.1/10172] INFO  server.StorageContainerManager (StorageContainerManager.java:stop(1416)) - Stopping Lease Manager of the command watchers
2021-11-26 01:29:15,019 [Listener at 127.0.0.1/10172] INFO  server.StorageContainerManager (StorageContainerManager.java:stop(1423)) - Stopping datanode service RPC server
2021-11-26 01:29:15,019 [Listener at 127.0.0.1/10172] INFO  server.SCMDatanodeProtocolServer (SCMDatanodeProtocolServer.java:stop(389)) - Stopping the RPC server for DataNodes
2021-11-26 01:29:15,019 [Listener at 127.0.0.1/10172] INFO  ipc.Server (Server.java:stop(3414)) - Stopping server on 15541
2021-11-26 01:29:15,023 [IPC Server listener on 15541] INFO  ipc.Server (Server.java:run(1376)) - Stopping IPC Server listener on 15541
2021-11-26 01:29:15,030 [IPC Server Responder] INFO  ipc.Server (Server.java:run(1512)) - Stopping IPC Server Responder
2021-11-26 01:29:15,107 [SCM Heartbeat Processing Thread - 0] WARN  node.NodeStateManager (NodeStateManager.java:scheduleNextHealthCheck(799)) - Current Thread is interrupted, shutting down HB processing thread for Node Manager.
2021-11-26 01:29:15,108 [Listener at 127.0.0.1/10172] INFO  server.StorageContainerManager (StorageContainerManager.java:stop(1431)) - Stopping block service RPC server
2021-11-26 01:29:15,108 [Listener at 127.0.0.1/10172] INFO  server.SCMBlockProtocolServer (SCMBlockProtocolServer.java:stop(160)) - Stopping the RPC server for Block Protocol
2021-11-26 01:29:15,108 [Listener at 127.0.0.1/10172] INFO  ipc.Server (Server.java:stop(3414)) - Stopping server on 15542
2021-11-26 01:29:15,109 [IPC Server listener on 15542] INFO  ipc.Server (Server.java:run(1376)) - Stopping IPC Server listener on 15542
2021-11-26 01:29:15,115 [IPC Server Responder] INFO  ipc.Server (Server.java:run(1512)) - Stopping IPC Server Responder
2021-11-26 01:29:15,111 [Listener at 127.0.0.1/10172] INFO  server.StorageContainerManager (StorageContainerManager.java:stop(1438)) - Stopping the StorageContainerLocationProtocol RPC server
2021-11-26 01:29:15,115 [Listener at 127.0.0.1/10172] INFO  server.SCMClientProtocolServer (SCMClientProtocolServer.java:stop(173)) - Stopping the RPC server for Client Protocol
2021-11-26 01:29:15,115 [Listener at 127.0.0.1/10172] INFO  ipc.Server (Server.java:stop(3414)) - Stopping server on 15543
2021-11-26 01:29:15,132 [Listener at 127.0.0.1/10172] INFO  server.StorageContainerManager (StorageContainerManager.java:stop(1445)) - Stopping Storage Container Manager HTTP server.
2021-11-26 01:29:15,132 [IPC Server Responder] INFO  ipc.Server (Server.java:run(1512)) - Stopping IPC Server Responder
2021-11-26 01:29:15,133 [Listener at 127.0.0.1/10172] INFO  handler.ContextHandler (ContextHandler.java:doStop(1153)) - Stopped o.e.j.w.WebAppContext@18a1cb76{scm,/,null,STOPPED}{file:/home/runner/work/ozone/ozone/hadoop-ozone/integration-test/target/test-classes/webapps/scm}
2021-11-26 01:29:15,132 [IPC Server listener on 15543] INFO  ipc.Server (Server.java:run(1376)) - Stopping IPC Server listener on 15543
2021-11-26 01:29:15,135 [Listener at 127.0.0.1/10172] INFO  server.AbstractConnector (AbstractConnector.java:doStop(381)) - Stopped ServerConnector@553f850d{HTTP/1.1, (http/1.1)}{0.0.0.0:15538}
2021-11-26 01:29:15,135 [Listener at 127.0.0.1/10172] INFO  server.session (HouseKeeper.java:stopScavenging(149)) - node0 Stopped scavenging
2021-11-26 01:29:15,135 [Listener at 127.0.0.1/10172] INFO  handler.ContextHandler (ContextHandler.java:doStop(1153)) - Stopped o.e.j.s.ServletContextHandler@73f344bb{static,/static,file:///home/runner/work/ozone/ozone/hadoop-ozone/integration-test/target/test-classes/webapps/static,STOPPED}
2021-11-26 01:29:15,137 [Listener at 127.0.0.1/10172] INFO  handler.ContextHandler (ContextHandler.java:doStop(1153)) - Stopped o.e.j.s.ServletContextHandler@7139ff5a{logs,/logs,file:///home/runner/work/ozone/ozone/hadoop-ozone/integration-test/target/log,STOPPED}
2021-11-26 01:29:15,138 [Listener at 127.0.0.1/10172] INFO  server.StorageContainerManager (StorageContainerManager.java:stop(1456)) - Stopping Block Manager Service.
2021-11-26 01:29:15,138 [Listener at 127.0.0.1/10172] INFO  utils.BackgroundService (BackgroundService.java:shutdown(132)) - Shutting down service SCMBlockDeletingService
2021-11-26 01:29:15,138 [Listener at 127.0.0.1/10172] INFO  utils.BackgroundService (BackgroundService.java:shutdown(132)) - Shutting down service SCMBlockDeletingService
2021-11-26 01:29:15,139 [Listener at 127.0.0.1/10172] INFO  server.StorageContainerManager (StorageContainerManager.java:stop(1483)) - Stopping SCM Event Queue.
2021-11-26 01:29:15,149 [Listener at 127.0.0.1/10172] INFO  server.StorageContainerManager (StorageContainerManager.java:stop(1494)) - Stopping SCM HA services.
2021-11-26 01:29:15,150 [Listener at 127.0.0.1/10172] INFO  ha.SCMRatisServerImpl (SCMRatisServerImpl.java:stop(236)) - stopping ratis server 0.0.0.0:15540
2021-11-26 01:29:15,150 [Listener at 127.0.0.1/10172] INFO  server.RaftServer (RaftServerProxy.java:lambda$close$6(391)) - 01294dc6-9f36-4a18-805d-4c42b975ebdc: close
2021-11-26 01:29:15,150 [Listener at 127.0.0.1/10172] INFO  server.GrpcService (GrpcService.java:closeImpl(262)) - 01294dc6-9f36-4a18-805d-4c42b975ebdc: shutdown server with port 15540 now
2021-11-26 01:29:15,153 [Listener at 127.0.0.1/10172] INFO  server.GrpcService (GrpcService.java:closeImpl(271)) - 01294dc6-9f36-4a18-805d-4c42b975ebdc: shutdown server with port 15540 successfully
2021-11-26 01:29:15,153 [org.apache.ratis.util.JvmPauseMonitor$$Lambda$499/73608444@6db47658] INFO  util.JvmPauseMonitor (JvmPauseMonitor.java:run(109)) - JvmPauseMonitor-01294dc6-9f36-4a18-805d-4c42b975ebdc: Stopped
2021-11-26 01:29:15,153 [grpc-default-executor-1] WARN  server.GrpcLogAppender (LogUtils.java:warn(122)) - ec3f45f6-a064-4412-8226-4654181b7e55@group-07A8FF5308AF->01294dc6-9f36-4a18-805d-4c42b975ebdc-AppendLogResponseHandler: Failed appendEntries: org.apache.ratis.thirdparty.io.grpc.StatusRuntimeException: CANCELLED: HTTP/2 error code: CANCEL
Received Rst Stream
2021-11-26 01:29:15,153 [grpc-default-executor-1] INFO  leader.FollowerInfo (FollowerInfoImpl.java:lambda$new$0(47)) - ec3f45f6-a064-4412-8226-4654181b7e55@group-07A8FF5308AF->01294dc6-9f36-4a18-805d-4c42b975ebdc: nextIndex: updateUnconditionally 31 -> 30
2021-11-26 01:29:15,153 [grpc-default-executor-3] WARN  server.GrpcServerProtocolService (LogUtils.java:warn(122)) - 01294dc6-9f36-4a18-805d-4c42b975ebdc: installSnapshot onError, lastRequest: ec3f45f6-a064-4412-8226-4654181b7e55->01294dc6-9f36-4a18-805d-4c42b975ebdc#40-t2,previous=(t:2, i:29),leaderCommit=29,initializing? true,entries: size=1, first=(t:2, i:30), METADATAENTRY(c:29): org.apache.ratis.thirdparty.io.grpc.StatusRuntimeException: CANCELLED: client cancelled
2021-11-26 01:29:15,157 [Listener at 127.0.0.1/10172] INFO  pipeline.BackgroundPipelineCreator (BackgroundPipelineCreator.java:stop(158)) - Stopping RatisPipelineUtilsThread.
2021-11-26 01:29:15,157 [Listener at 127.0.0.1/10172] INFO  server.StorageContainerManager (StorageContainerManager.java:stop(1504)) - Stopping SCM MetadataStore.
2021-11-26 01:29:15,158 [Listener at 127.0.0.1/10172] INFO  impl.MetricsSystemImpl (MetricsSystemImpl.java:stop(210)) - Stopping StorageContainerManager metrics system...
2021-11-26 01:29:15,164 [grpc-default-executor-1] WARN  server.GrpcLogAppender (LogUtils.java:warn(122)) - ec3f45f6-a064-4412-8226-4654181b7e55@group-07A8FF5308AF->01294dc6-9f36-4a18-805d-4c42b975ebdc-AppendLogResponseHandler: Failed appendEntries: org.apache.ratis.thirdparty.io.grpc.StatusRuntimeException: UNAVAILABLE: io exception
2021-11-26 01:29:15,165 [grpc-default-executor-1] INFO  leader.FollowerInfo (FollowerInfoImpl.java:lambda$new$0(47)) - ec3f45f6-a064-4412-8226-4654181b7e55@group-07A8FF5308AF->01294dc6-9f36-4a18-805d-4c42b975ebdc: nextIndex: updateUnconditionally 31 -> 30
2021-11-26 01:29:15,182 [prometheus] INFO  impl.MetricsSinkAdapter (MetricsSinkAdapter.java:publishMetricsFromQueue(141)) - prometheus thread interrupted.
2021-11-26 01:29:15,184 [Listener at 127.0.0.1/10172] INFO  impl.MetricsSystemImpl (MetricsSystemImpl.java:stop(216)) - StorageContainerManager metrics system stopped.
2021-11-26 01:29:15,184 [Listener at 127.0.0.1/10172] INFO  ozone.MiniOzoneHAClusterImpl (MiniOzoneHAClusterImpl.java:stop(324)) - Stopping the StorageContainerManager 878f4670-2ce0-4ee1-8021-0f5a1e33ae40
2021-11-26 01:29:15,184 [Listener at 127.0.0.1/10172] INFO  server.StorageContainerManager (StorageContainerManager.java:stop(1395)) - Stopping Container Balancer service.
2021-11-26 01:29:15,185 [Listener at 127.0.0.1/10172] INFO  balancer.ContainerBalancer (ContainerBalancer.java:stop(709)) - Container Balancer is not running.
2021-11-26 01:29:15,185 [Listener at 127.0.0.1/10172] INFO  server.StorageContainerManager (StorageContainerManager.java:stop(1402)) - Stopping Replication Manager Service.
2021-11-26 01:29:15,185 [Listener at 127.0.0.1/10172] INFO  container.ReplicationManager (ReplicationManager.java:stop(350)) - Stopping Replication Monitor Thread.
2021-11-26 01:29:15,185 [Listener at 127.0.0.1/10172] INFO  server.StorageContainerManager (StorageContainerManager.java:stop(1409)) - Stopping the Datanode Admin Monitor.
2021-11-26 01:29:15,185 [Listener at 127.0.0.1/10172] INFO  server.StorageContainerManager (StorageContainerManager.java:stop(1416)) - Stopping Lease Manager of the command watchers
2021-11-26 01:29:15,185 [Listener at 127.0.0.1/10172] INFO  server.StorageContainerManager (StorageContainerManager.java:stop(1423)) - Stopping datanode service RPC server
2021-11-26 01:29:15,185 [Listener at 127.0.0.1/10172] INFO  server.SCMDatanodeProtocolServer (SCMDatanodeProtocolServer.java:stop(389)) - Stopping the RPC server for DataNodes
2021-11-26 01:29:15,185 [Listener at 127.0.0.1/10172] INFO  ipc.Server (Server.java:stop(3414)) - Stopping server on 15531
2021-11-26 01:29:15,189 [IPC Server listener on 15531] INFO  ipc.Server (Server.java:run(1376)) - Stopping IPC Server listener on 15531
2021-11-26 01:29:15,196 [IPC Server Responder] INFO  ipc.Server (Server.java:run(1512)) - Stopping IPC Server Responder
2021-11-26 01:29:15,208 [SCM Heartbeat Processing Thread - 0] WARN  node.NodeStateManager (NodeStateManager.java:scheduleNextHealthCheck(799)) - Current Thread is interrupted, shutting down HB processing thread for Node Manager.
2021-11-26 01:29:15,208 [Listener at 127.0.0.1/10172] INFO  server.StorageContainerManager (StorageContainerManager.java:stop(1431)) - Stopping block service RPC server
2021-11-26 01:29:15,208 [Listener at 127.0.0.1/10172] INFO  server.SCMBlockProtocolServer (SCMBlockProtocolServer.java:stop(160)) - Stopping the RPC server for Block Protocol
2021-11-26 01:29:15,208 [Listener at 127.0.0.1/10172] INFO  ipc.Server (Server.java:stop(3414)) - Stopping server on 15532
2021-11-26 01:29:15,211 [IPC Server listener on 15532] INFO  ipc.Server (Server.java:run(1376)) - Stopping IPC Server listener on 15532
2021-11-26 01:29:15,214 [Listener at 127.0.0.1/10172] INFO  server.StorageContainerManager (StorageContainerManager.java:stop(1438)) - Stopping the StorageContainerLocationProtocol RPC server
2021-11-26 01:29:15,214 [Listener at 127.0.0.1/10172] INFO  server.SCMClientProtocolServer (SCMClientProtocolServer.java:stop(173)) - Stopping the RPC server for Client Protocol
2021-11-26 01:29:15,214 [Listener at 127.0.0.1/10172] INFO  ipc.Server (Server.java:stop(3414)) - Stopping server on 15533
2021-11-26 01:29:15,214 [IPC Server Responder] INFO  ipc.Server (Server.java:run(1512)) - Stopping IPC Server Responder
2021-11-26 01:29:15,221 [IPC Server listener on 15533] INFO  ipc.Server (Server.java:run(1376)) - Stopping IPC Server listener on 15533
2021-11-26 01:29:15,221 [IPC Server Responder] INFO  ipc.Server (Server.java:run(1512)) - Stopping IPC Server Responder
2021-11-26 01:29:15,221 [EndpointStateMachine task thread for /127.0.0.1:12845 - 0 ] INFO  ipc.Client (Client.java:handleConnectionFailure(977)) - Retrying connect to server: localhost/127.0.0.1:12845. Already tried 6 time(s); retry policy is RetryUpToMaximumCountWithFixedSleep(maxRetries=15, sleepTime=1000 MILLISECONDS)
2021-11-26 01:29:15,221 [Listener at 127.0.0.1/10172] INFO  server.StorageContainerManager (StorageContainerManager.java:stop(1445)) - Stopping Storage Container Manager HTTP server.
2021-11-26 01:29:15,222 [Listener at 127.0.0.1/10172] INFO  handler.ContextHandler (ContextHandler.java:doStop(1153)) - Stopped o.e.j.w.WebAppContext@5bf8d583{scm,/,null,STOPPED}{file:/home/runner/work/ozone/ozone/hadoop-ozone/integration-test/target/test-classes/webapps/scm}
2021-11-26 01:29:15,223 [Listener at 127.0.0.1/10172] INFO  server.AbstractConnector (AbstractConnector.java:doStop(381)) - Stopped ServerConnector@397411e1{HTTP/1.1, (http/1.1)}{0.0.0.0:15528}
2021-11-26 01:29:15,223 [Listener at 127.0.0.1/10172] INFO  server.session (HouseKeeper.java:stopScavenging(149)) - node0 Stopped scavenging
2021-11-26 01:29:15,223 [Listener at 127.0.0.1/10172] INFO  handler.ContextHandler (ContextHandler.java:doStop(1153)) - Stopped o.e.j.s.ServletContextHandler@24a170e0{static,/static,file:///home/runner/work/ozone/ozone/hadoop-ozone/integration-test/target/test-classes/webapps/static,STOPPED}
2021-11-26 01:29:15,223 [Listener at 127.0.0.1/10172] INFO  handler.ContextHandler (ContextHandler.java:doStop(1153)) - Stopped o.e.j.s.ServletContextHandler@1bdc5006{logs,/logs,file:///home/runner/work/ozone/ozone/hadoop-ozone/integration-test/target/log,STOPPED}
2021-11-26 01:29:15,224 [Listener at 127.0.0.1/10172] INFO  server.StorageContainerManager (StorageContainerManager.java:stop(1456)) - Stopping Block Manager Service.
2021-11-26 01:29:15,225 [Listener at 127.0.0.1/10172] INFO  utils.BackgroundService (BackgroundService.java:shutdown(132)) - Shutting down service SCMBlockDeletingService
2021-11-26 01:29:15,225 [Listener at 127.0.0.1/10172] INFO  utils.BackgroundService (BackgroundService.java:shutdown(132)) - Shutting down service SCMBlockDeletingService
2021-11-26 01:29:15,225 [Listener at 127.0.0.1/10172] INFO  server.StorageContainerManager (StorageContainerManager.java:stop(1483)) - Stopping SCM Event Queue.
2021-11-26 01:29:15,226 [EndpointStateMachine task thread for /127.0.0.1:12835 - 0 ] INFO  ipc.Client (Client.java:handleConnectionFailure(977)) - Retrying connect to server: localhost/127.0.0.1:12835. Already tried 6 time(s); retry policy is RetryUpToMaximumCountWithFixedSleep(maxRetries=15, sleepTime=1000 MILLISECONDS)
2021-11-26 01:29:15,230 [EndpointStateMachine task thread for /127.0.0.1:12825 - 0 ] INFO  ipc.Client (Client.java:handleConnectionFailure(977)) - Retrying connect to server: localhost/127.0.0.1:12825. Already tried 9 time(s); retry policy is RetryUpToMaximumCountWithFixedSleep(maxRetries=15, sleepTime=1000 MILLISECONDS)
2021-11-26 01:29:15,229 [Listener at 127.0.0.1/10172] INFO  server.StorageContainerManager (StorageContainerManager.java:stop(1494)) - Stopping SCM HA services.
2021-11-26 01:29:15,231 [Listener at 127.0.0.1/10172] INFO  ha.SCMRatisServerImpl (SCMRatisServerImpl.java:stop(236)) - stopping ratis server 0.0.0.0:15530
2021-11-26 01:29:15,231 [Listener at 127.0.0.1/10172] INFO  server.RaftServer (RaftServerProxy.java:lambda$close$6(391)) - 878f4670-2ce0-4ee1-8021-0f5a1e33ae40: close
2021-11-26 01:29:15,231 [Listener at 127.0.0.1/10172] INFO  server.RaftServer$Division (RaftServerImpl.java:lambda$close$4(412)) - 878f4670-2ce0-4ee1-8021-0f5a1e33ae40@group-07A8FF5308AF: shutdown
2021-11-26 01:29:15,231 [Listener at 127.0.0.1/10172] INFO  util.JmxRegister (JmxRegister.java:unregister(73)) - Successfully un-registered JMX Bean with object name Ratis:service=RaftServer,group=group-07A8FF5308AF,id=878f4670-2ce0-4ee1-8021-0f5a1e33ae40
2021-11-26 01:29:15,231 [Listener at 127.0.0.1/10172] INFO  impl.RoleInfo (RoleInfo.java:shutdownFollowerState(108)) - 878f4670-2ce0-4ee1-8021-0f5a1e33ae40: shutdown 878f4670-2ce0-4ee1-8021-0f5a1e33ae40@group-07A8FF5308AF-FollowerState
2021-11-26 01:29:15,232 [Listener at 127.0.0.1/10172] INFO  impl.StateMachineUpdater (StateMachineUpdater.java:stopAndJoin(149)) - 878f4670-2ce0-4ee1-8021-0f5a1e33ae40@group-07A8FF5308AF-StateMachineUpdater: set stopIndex = 29
2021-11-26 01:29:15,232 [878f4670-2ce0-4ee1-8021-0f5a1e33ae40@group-07A8FF5308AF-FollowerState] INFO  impl.FollowerState (FollowerState.java:run(143)) - 878f4670-2ce0-4ee1-8021-0f5a1e33ae40@group-07A8FF5308AF-FollowerState was interrupted: {}
java.lang.InterruptedException: sleep interrupted
	at java.lang.Thread.sleep(Native Method)
	at java.lang.Thread.sleep(Thread.java:340)
	at java.util.concurrent.TimeUnit.sleep(TimeUnit.java:386)
	at org.apache.ratis.util.TimeDuration.sleep(TimeDuration.java:324)
	at org.apache.ratis.util.TimeDuration.sleep(TimeDuration.java:309)
	at org.apache.ratis.server.impl.FollowerState.run(FollowerState.java:118)
2021-11-26 01:29:15,232 [878f4670-2ce0-4ee1-8021-0f5a1e33ae40@group-07A8FF5308AF-StateMachineUpdater] INFO  ha.SCMStateMachine (SCMStateMachine.java:takeSnapshot(297)) - Current Snapshot Index 29, takeSnapshot took 0 ms
2021-11-26 01:29:15,232 [878f4670-2ce0-4ee1-8021-0f5a1e33ae40@group-07A8FF5308AF-StateMachineUpdater] INFO  impl.StateMachineUpdater (StateMachineUpdater.java:takeSnapshot(281)) - 878f4670-2ce0-4ee1-8021-0f5a1e33ae40@group-07A8FF5308AF-StateMachineUpdater: Took a snapshot at index 29
2021-11-26 01:29:15,232 [878f4670-2ce0-4ee1-8021-0f5a1e33ae40@group-07A8FF5308AF-StateMachineUpdater] INFO  impl.StateMachineUpdater (StateMachineUpdater.java:lambda$new$0(89)) - 878f4670-2ce0-4ee1-8021-0f5a1e33ae40@group-07A8FF5308AF-StateMachineUpdater: snapshotIndex: updateIncreasingly 28 -> 29
2021-11-26 01:29:15,240 [Listener at 127.0.0.1/10172] INFO  server.RaftServer$Division (ServerState.java:close(419)) - 878f4670-2ce0-4ee1-8021-0f5a1e33ae40@group-07A8FF5308AF: closes. applyIndex: 28
2021-11-26 01:29:15,240 [878f4670-2ce0-4ee1-8021-0f5a1e33ae40@group-07A8FF5308AF-SegmentedRaftLogWorker] INFO  segmented.SegmentedRaftLogWorker (SegmentedRaftLogWorker.java:run(327)) - 878f4670-2ce0-4ee1-8021-0f5a1e33ae40@group-07A8FF5308AF-SegmentedRaftLogWorker was interrupted, exiting. There are 0 tasks remaining in the queue.
2021-11-26 01:29:15,242 [Listener at 127.0.0.1/10172] INFO  segmented.SegmentedRaftLogWorker (SegmentedRaftLogWorker.java:close(237)) - 878f4670-2ce0-4ee1-8021-0f5a1e33ae40@group-07A8FF5308AF-SegmentedRaftLogWorker close()
2021-11-26 01:29:15,244 [Listener at 127.0.0.1/10172] INFO  server.GrpcService (GrpcService.java:closeImpl(262)) - 878f4670-2ce0-4ee1-8021-0f5a1e33ae40: shutdown server with port 15530 now
2021-11-26 01:29:15,246 [grpc-default-executor-3] WARN  server.GrpcServerProtocolService (LogUtils.java:warn(122)) - 878f4670-2ce0-4ee1-8021-0f5a1e33ae40: installSnapshot onError, lastRequest: ec3f45f6-a064-4412-8226-4654181b7e55->878f4670-2ce0-4ee1-8021-0f5a1e33ae40#1177-t2,previous=(t:2, i:29),leaderCommit=29,initializing? true,entries: size=1, first=(t:2, i:30), METADATAENTRY(c:29): org.apache.ratis.thirdparty.io.grpc.StatusRuntimeException: CANCELLED: client cancelled
2021-11-26 01:29:15,246 [grpc-default-executor-2] WARN  server.GrpcLogAppender (LogUtils.java:warn(122)) - ec3f45f6-a064-4412-8226-4654181b7e55@group-07A8FF5308AF->878f4670-2ce0-4ee1-8021-0f5a1e33ae40-AppendLogResponseHandler: Failed appendEntries: org.apache.ratis.thirdparty.io.grpc.StatusRuntimeException: CANCELLED: HTTP/2 error code: CANCEL
Received Rst Stream
2021-11-26 01:29:15,246 [grpc-default-executor-2] INFO  leader.FollowerInfo (FollowerInfoImpl.java:lambda$new$0(47)) - ec3f45f6-a064-4412-8226-4654181b7e55@group-07A8FF5308AF->878f4670-2ce0-4ee1-8021-0f5a1e33ae40: nextIndex: updateUnconditionally 31 -> 30
2021-11-26 01:29:15,247 [EndpointStateMachine task thread for /127.0.0.1:15531 - 0 ] WARN  statemachine.EndpointStateMachine (EndpointStateMachine.java:logIfNeeded(236)) - Unable to communicate to SCM server at localhost:15531 for past 0 seconds.
java.io.EOFException: End of File Exception between local host is: "fv-az151-301/10.1.0.65"; destination host is: "localhost":15531; : java.io.EOFException; For more details see:  http://wiki.apache.org/hadoop/EOFException
	at sun.reflect.NativeConstructorAccessorImpl.newInstance0(Native Method)
	at sun.reflect.NativeConstructorAccessorImpl.newInstance(NativeConstructorAccessorImpl.java:62)
	at sun.reflect.DelegatingConstructorAccessorImpl.newInstance(DelegatingConstructorAccessorImpl.java:45)
	at java.lang.reflect.Constructor.newInstance(Constructor.java:423)
	at org.apache.hadoop.net.NetUtils.wrapWithMessage(NetUtils.java:913)
	at org.apache.hadoop.net.NetUtils.wrapException(NetUtils.java:862)
	at org.apache.hadoop.ipc.Client.getRpcResponse(Client.java:1577)
	at org.apache.hadoop.ipc.Client.call(Client.java:1519)
	at org.apache.hadoop.ipc.Client.call(Client.java:1416)
	at org.apache.hadoop.ipc.ProtobufRpcEngine$Invoker.invoke(ProtobufRpcEngine.java:236)
	at org.apache.hadoop.ipc.ProtobufRpcEngine$Invoker.invoke(ProtobufRpcEngine.java:123)
	at com.sun.proxy.$Proxy48.submitRequest(Unknown Source)
	at org.apache.hadoop.ozone.protocolPB.StorageContainerDatanodeProtocolClientSideTranslatorPB.submitRequest(StorageContainerDatanodeProtocolClientSideTranslatorPB.java:117)
	at org.apache.hadoop.ozone.protocolPB.StorageContainerDatanodeProtocolClientSideTranslatorPB.sendHeartbeat(StorageContainerDatanodeProtocolClientSideTranslatorPB.java:149)
	at org.apache.hadoop.ozone.container.common.states.endpoint.HeartbeatEndpointTask.call(HeartbeatEndpointTask.java:179)
	at org.apache.hadoop.ozone.container.common.states.endpoint.HeartbeatEndpointTask.call(HeartbeatEndpointTask.java:82)
	at java.util.concurrent.FutureTask.run(FutureTask.java:266)
	at java.util.concurrent.ThreadPoolExecutor.runWorker(ThreadPoolExecutor.java:1149)
	at java.util.concurrent.ThreadPoolExecutor$Worker.run(ThreadPoolExecutor.java:624)
	at java.lang.Thread.run(Thread.java:748)
Caused by: java.io.EOFException
	at java.io.DataInputStream.readInt(DataInputStream.java:392)
	at org.apache.hadoop.ipc.Client$IpcStreams.readResponse(Client.java:1892)
	at org.apache.hadoop.ipc.Client$Connection.receiveRpcResponse(Client.java:1202)
	at org.apache.hadoop.ipc.Client$Connection.run(Client.java:1098)
2021-11-26 01:29:15,257 [Listener at 127.0.0.1/10172] INFO  server.GrpcService (GrpcService.java:closeImpl(271)) - 878f4670-2ce0-4ee1-8021-0f5a1e33ae40: shutdown server with port 15530 successfully
2021-11-26 01:29:15,257 [grpc-default-executor-2] WARN  server.GrpcLogAppender (LogUtils.java:warn(122)) - ec3f45f6-a064-4412-8226-4654181b7e55@group-07A8FF5308AF->878f4670-2ce0-4ee1-8021-0f5a1e33ae40-AppendLogResponseHandler: Failed appendEntries: org.apache.ratis.thirdparty.io.grpc.StatusRuntimeException: UNAVAILABLE: io exception
2021-11-26 01:29:15,257 [org.apache.ratis.util.JvmPauseMonitor$$Lambda$499/73608444@397c6a7b] INFO  util.JvmPauseMonitor (JvmPauseMonitor.java:run(109)) - JvmPauseMonitor-878f4670-2ce0-4ee1-8021-0f5a1e33ae40: Stopped
2021-11-26 01:29:15,258 [grpc-default-executor-2] INFO  leader.FollowerInfo (FollowerInfoImpl.java:lambda$new$0(47)) - ec3f45f6-a064-4412-8226-4654181b7e55@group-07A8FF5308AF->878f4670-2ce0-4ee1-8021-0f5a1e33ae40: nextIndex: updateUnconditionally 31 -> 30
2021-11-26 01:29:15,259 [Listener at 127.0.0.1/10172] INFO  pipeline.BackgroundPipelineCreator (BackgroundPipelineCreator.java:stop(158)) - Stopping RatisPipelineUtilsThread.
2021-11-26 01:29:15,259 [EndpointStateMachine task thread for /127.0.0.1:15541 - 0 ] WARN  statemachine.EndpointStateMachine (EndpointStateMachine.java:logIfNeeded(236)) - Unable to communicate to SCM server at localhost:15541 for past 0 seconds.
java.io.EOFException: End of File Exception between local host is: "fv-az151-301/10.1.0.65"; destination host is: "localhost":15541; : java.io.EOFException; For more details see:  http://wiki.apache.org/hadoop/EOFException
	at sun.reflect.NativeConstructorAccessorImpl.newInstance0(Native Method)
	at sun.reflect.NativeConstructorAccessorImpl.newInstance(NativeConstructorAccessorImpl.java:62)
	at sun.reflect.DelegatingConstructorAccessorImpl.newInstance(DelegatingConstructorAccessorImpl.java:45)
	at java.lang.reflect.Constructor.newInstance(Constructor.java:423)
	at org.apache.hadoop.net.NetUtils.wrapWithMessage(NetUtils.java:913)
	at org.apache.hadoop.net.NetUtils.wrapException(NetUtils.java:862)
	at org.apache.hadoop.ipc.Client.getRpcResponse(Client.java:1577)
	at org.apache.hadoop.ipc.Client.call(Client.java:1519)
	at org.apache.hadoop.ipc.Client.call(Client.java:1416)
	at org.apache.hadoop.ipc.ProtobufRpcEngine$Invoker.invoke(ProtobufRpcEngine.java:236)
	at org.apache.hadoop.ipc.ProtobufRpcEngine$Invoker.invoke(ProtobufRpcEngine.java:123)
	at com.sun.proxy.$Proxy48.submitRequest(Unknown Source)
	at org.apache.hadoop.ozone.protocolPB.StorageContainerDatanodeProtocolClientSideTranslatorPB.submitRequest(StorageContainerDatanodeProtocolClientSideTranslatorPB.java:117)
	at org.apache.hadoop.ozone.protocolPB.StorageContainerDatanodeProtocolClientSideTranslatorPB.register(StorageContainerDatanodeProtocolClientSideTranslatorPB.java:180)
	at org.apache.hadoop.ozone.container.common.states.endpoint.RegisterEndpointTask.call(RegisterEndpointTask.java:158)
	at org.apache.hadoop.ozone.container.common.states.endpoint.RegisterEndpointTask.call(RegisterEndpointTask.java:52)
	at java.util.concurrent.FutureTask.run(FutureTask.java:266)
	at java.util.concurrent.ThreadPoolExecutor.runWorker(ThreadPoolExecutor.java:1149)
	at java.util.concurrent.ThreadPoolExecutor$Worker.run(ThreadPoolExecutor.java:624)
	at java.lang.Thread.run(Thread.java:748)
Caused by: java.io.EOFException
	at java.io.DataInputStream.readInt(DataInputStream.java:392)
	at org.apache.hadoop.ipc.Client$IpcStreams.readResponse(Client.java:1892)
	at org.apache.hadoop.ipc.Client$Connection.receiveRpcResponse(Client.java:1202)
	at org.apache.hadoop.ipc.Client$Connection.run(Client.java:1098)
2021-11-26 01:29:15,261 [Listener at 127.0.0.1/10172] INFO  server.StorageContainerManager (StorageContainerManager.java:stop(1504)) - Stopping SCM MetadataStore.
2021-11-26 01:29:15,261 [Listener at 127.0.0.1/10172] INFO  impl.MetricsSystemImpl (MetricsSystemImpl.java:stop(205)) - StorageContainerManager metrics system stopped (again)
2021-11-26 01:29:15,262 [Listener at 127.0.0.1/10172] INFO  ozone.MiniOzoneHAClusterImpl (MiniOzoneHAClusterImpl.java:stop(324)) - Stopping the StorageContainerManager ec3f45f6-a064-4412-8226-4654181b7e55
2021-11-26 01:29:15,262 [Listener at 127.0.0.1/10172] INFO  server.StorageContainerManager (StorageContainerManager.java:stop(1395)) - Stopping Container Balancer service.
2021-11-26 01:29:15,262 [Listener at 127.0.0.1/10172] INFO  balancer.ContainerBalancer (ContainerBalancer.java:stop(709)) - Container Balancer is not running.
2021-11-26 01:29:15,262 [Listener at 127.0.0.1/10172] INFO  server.StorageContainerManager (StorageContainerManager.java:stop(1402)) - Stopping Replication Manager Service.
2021-11-26 01:29:15,262 [Listener at 127.0.0.1/10172] INFO  container.ReplicationManager (ReplicationManager.java:stop(350)) - Stopping Replication Monitor Thread.
2021-11-26 01:29:15,264 [Listener at 127.0.0.1/10172] INFO  server.StorageContainerManager (StorageContainerManager.java:stop(1409)) - Stopping the Datanode Admin Monitor.
2021-11-26 01:29:15,264 [Listener at 127.0.0.1/10172] INFO  server.StorageContainerManager (StorageContainerManager.java:stop(1416)) - Stopping Lease Manager of the command watchers
2021-11-26 01:29:15,265 [Listener at 127.0.0.1/10172] INFO  server.StorageContainerManager (StorageContainerManager.java:stop(1423)) - Stopping datanode service RPC server
2021-11-26 01:29:15,265 [Listener at 127.0.0.1/10172] INFO  server.SCMDatanodeProtocolServer (SCMDatanodeProtocolServer.java:stop(389)) - Stopping the RPC server for DataNodes
2021-11-26 01:29:15,265 [Listener at 127.0.0.1/10172] INFO  ipc.Server (Server.java:stop(3414)) - Stopping server on 15521
2021-11-26 01:29:15,270 [IPC Server listener on 15521] INFO  ipc.Server (Server.java:run(1376)) - Stopping IPC Server listener on 15521
2021-11-26 01:29:15,270 [IPC Server Responder] INFO  ipc.Server (Server.java:run(1512)) - Stopping IPC Server Responder
2021-11-26 01:29:15,591 [EndpointStateMachine task thread for /127.0.0.1:15521 - 0 ] WARN  statemachine.EndpointStateMachine (EndpointStateMachine.java:logIfNeeded(236)) - Unable to communicate to SCM server at 127.0.0.1:15521 for past 0 seconds.
java.io.EOFException: End of File Exception between local host is: "fv-az151-301/10.1.0.65"; destination host is: "localhost":15521; : java.io.EOFException; For more details see:  http://wiki.apache.org/hadoop/EOFException
	at sun.reflect.NativeConstructorAccessorImpl.newInstance0(Native Method)
	at sun.reflect.NativeConstructorAccessorImpl.newInstance(NativeConstructorAccessorImpl.java:62)
	at sun.reflect.DelegatingConstructorAccessorImpl.newInstance(DelegatingConstructorAccessorImpl.java:45)
	at java.lang.reflect.Constructor.newInstance(Constructor.java:423)
	at org.apache.hadoop.net.NetUtils.wrapWithMessage(NetUtils.java:913)
	at org.apache.hadoop.net.NetUtils.wrapException(NetUtils.java:862)
	at org.apache.hadoop.ipc.Client.getRpcResponse(Client.java:1577)
	at org.apache.hadoop.ipc.Client.call(Client.java:1519)
	at org.apache.hadoop.ipc.Client.call(Client.java:1416)
	at org.apache.hadoop.ipc.ProtobufRpcEngine$Invoker.invoke(ProtobufRpcEngine.java:236)
	at org.apache.hadoop.ipc.ProtobufRpcEngine$Invoker.invoke(ProtobufRpcEngine.java:123)
	at com.sun.proxy.$Proxy48.submitRequest(Unknown Source)
	at org.apache.hadoop.ozone.protocolPB.StorageContainerDatanodeProtocolClientSideTranslatorPB.submitRequest(StorageContainerDatanodeProtocolClientSideTranslatorPB.java:117)
	at org.apache.hadoop.ozone.protocolPB.StorageContainerDatanodeProtocolClientSideTranslatorPB.sendHeartbeat(StorageContainerDatanodeProtocolClientSideTranslatorPB.java:149)
	at org.apache.hadoop.ozone.container.common.states.endpoint.HeartbeatEndpointTask.call(HeartbeatEndpointTask.java:179)
	at org.apache.hadoop.ozone.container.common.states.endpoint.HeartbeatEndpointTask.call(HeartbeatEndpointTask.java:82)
	at java.util.concurrent.FutureTask.run(FutureTask.java:266)
	at java.util.concurrent.ThreadPoolExecutor.runWorker(ThreadPoolExecutor.java:1149)
	at java.util.concurrent.ThreadPoolExecutor$Worker.run(ThreadPoolExecutor.java:624)
	at java.lang.Thread.run(Thread.java:748)
Caused by: java.io.EOFException
	at java.io.DataInputStream.readInt(DataInputStream.java:392)
	at org.apache.hadoop.ipc.Client$IpcStreams.readResponse(Client.java:1892)
	at org.apache.hadoop.ipc.Client$Connection.receiveRpcResponse(Client.java:1202)
	at org.apache.hadoop.ipc.Client$Connection.run(Client.java:1098)
2021-11-26 01:29:16,221 [EndpointStateMachine task thread for /127.0.0.1:12845 - 0 ] INFO  ipc.Client (Client.java:handleConnectionFailure(977)) - Retrying connect to server: localhost/127.0.0.1:12845. Already tried 7 time(s); retry policy is RetryUpToMaximumCountWithFixedSleep(maxRetries=15, sleepTime=1000 MILLISECONDS)
2021-11-26 01:29:16,230 [EndpointStateMachine task thread for /127.0.0.1:12835 - 0 ] INFO  ipc.Client (Client.java:handleConnectionFailure(977)) - Retrying connect to server: localhost/127.0.0.1:12835. Already tried 7 time(s); retry policy is RetryUpToMaximumCountWithFixedSleep(maxRetries=15, sleepTime=1000 MILLISECONDS)
2021-11-26 01:29:16,231 [EndpointStateMachine task thread for /127.0.0.1:12825 - 0 ] INFO  ipc.Client (Client.java:handleConnectionFailure(977)) - Retrying connect to server: localhost/127.0.0.1:12825. Already tried 10 time(s); retry policy is RetryUpToMaximumCountWithFixedSleep(maxRetries=15, sleepTime=1000 MILLISECONDS)
2021-11-26 01:29:16,588 [EndpointStateMachine task thread for /127.0.0.1:15531 - 0 ] INFO  ipc.Client (Client.java:handleConnectionFailure(977)) - Retrying connect to server: localhost/127.0.0.1:15531. Already tried 0 time(s); retry policy is RetryUpToMaximumCountWithFixedSleep(maxRetries=15, sleepTime=1000 MILLISECONDS)
2021-11-26 01:29:16,591 [EndpointStateMachine task thread for /127.0.0.1:15541 - 0 ] INFO  ipc.Client (Client.java:handleConnectionFailure(977)) - Retrying connect to server: localhost/127.0.0.1:15541. Already tried 0 time(s); retry policy is RetryUpToMaximumCountWithFixedSleep(maxRetries=15, sleepTime=1000 MILLISECONDS)
2021-11-26 01:29:16,802 [EndpointStateMachine task thread for /127.0.0.1:15521 - 0 ] INFO  ipc.Client (Client.java:handleConnectionFailure(977)) - Retrying connect to server: localhost/127.0.0.1:15521. Already tried 0 time(s); retry policy is RetryUpToMaximumCountWithFixedSleep(maxRetries=15, sleepTime=1000 MILLISECONDS)
2021-11-26 01:29:17,222 [EndpointStateMachine task thread for /127.0.0.1:12845 - 0 ] INFO  ipc.Client (Client.java:handleConnectionFailure(977)) - Retrying connect to server: localhost/127.0.0.1:12845. Already tried 8 time(s); retry policy is RetryUpToMaximumCountWithFixedSleep(maxRetries=15, sleepTime=1000 MILLISECONDS)
2021-11-26 01:29:17,231 [EndpointStateMachine task thread for /127.0.0.1:12835 - 0 ] INFO  ipc.Client (Client.java:handleConnectionFailure(977)) - Retrying connect to server: localhost/127.0.0.1:12835. Already tried 8 time(s); retry policy is RetryUpToMaximumCountWithFixedSleep(maxRetries=15, sleepTime=1000 MILLISECONDS)
2021-11-26 01:29:17,231 [EndpointStateMachine task thread for /127.0.0.1:12825 - 0 ] INFO  ipc.Client (Client.java:handleConnectionFailure(977)) - Retrying connect to server: localhost/127.0.0.1:12825. Already tried 11 time(s); retry policy is RetryUpToMaximumCountWithFixedSleep(maxRetries=15, sleepTime=1000 MILLISECONDS)
2021-11-26 01:29:17,589 [EndpointStateMachine task thread for /127.0.0.1:15531 - 0 ] INFO  ipc.Client (Client.java:handleConnectionFailure(977)) - Retrying connect to server: localhost/127.0.0.1:15531. Already tried 1 time(s); retry policy is RetryUpToMaximumCountWithFixedSleep(maxRetries=15, sleepTime=1000 MILLISECONDS)
2021-11-26 01:29:17,592 [EndpointStateMachine task thread for /127.0.0.1:15541 - 0 ] INFO  ipc.Client (Client.java:handleConnectionFailure(977)) - Retrying connect to server: localhost/127.0.0.1:15541. Already tried 1 time(s); retry policy is RetryUpToMaximumCountWithFixedSleep(maxRetries=15, sleepTime=1000 MILLISECONDS)
2021-11-26 01:29:17,663 [grpc-default-executor-2] WARN  server.GrpcLogAppender (LogUtils.java:warn(122)) - ec3f45f6-a064-4412-8226-4654181b7e55@group-07A8FF5308AF->01294dc6-9f36-4a18-805d-4c42b975ebdc-AppendLogResponseHandler: Failed appendEntries: org.apache.ratis.thirdparty.io.grpc.StatusRuntimeException: UNAVAILABLE: io exception
2021-11-26 01:29:17,664 [grpc-default-executor-2] INFO  leader.FollowerInfo (FollowerInfoImpl.java:lambda$new$0(47)) - ec3f45f6-a064-4412-8226-4654181b7e55@group-07A8FF5308AF->01294dc6-9f36-4a18-805d-4c42b975ebdc: nextIndex: updateUnconditionally 31 -> 30
2021-11-26 01:29:17,755 [grpc-default-executor-2] WARN  server.GrpcLogAppender (LogUtils.java:warn(122)) - ec3f45f6-a064-4412-8226-4654181b7e55@group-07A8FF5308AF->878f4670-2ce0-4ee1-8021-0f5a1e33ae40-AppendLogResponseHandler: Failed appendEntries: org.apache.ratis.thirdparty.io.grpc.StatusRuntimeException: UNAVAILABLE: io exception
2021-11-26 01:29:17,756 [grpc-default-executor-2] INFO  leader.FollowerInfo (FollowerInfoImpl.java:lambda$new$0(47)) - ec3f45f6-a064-4412-8226-4654181b7e55@group-07A8FF5308AF->878f4670-2ce0-4ee1-8021-0f5a1e33ae40: nextIndex: updateUnconditionally 31 -> 30
2021-11-26 01:29:17,773 [SCM Heartbeat Processing Thread - 0] WARN  node.NodeStateManager (NodeStateManager.java:scheduleNextHealthCheck(799)) - Current Thread is interrupted, shutting down HB processing thread for Node Manager.
2021-11-26 01:29:17,773 [Listener at 127.0.0.1/10172] INFO  server.StorageContainerManager (StorageContainerManager.java:stop(1431)) - Stopping block service RPC server
2021-11-26 01:29:17,773 [Listener at 127.0.0.1/10172] INFO  server.SCMBlockProtocolServer (SCMBlockProtocolServer.java:stop(160)) - Stopping the RPC server for Block Protocol
2021-11-26 01:29:17,773 [Listener at 127.0.0.1/10172] INFO  ipc.Server (Server.java:stop(3414)) - Stopping server on 15522
2021-11-26 01:29:17,777 [IPC Server listener on 15522] INFO  ipc.Server (Server.java:run(1376)) - Stopping IPC Server listener on 15522
2021-11-26 01:29:17,778 [Listener at 127.0.0.1/10172] INFO  server.StorageContainerManager (StorageContainerManager.java:stop(1438)) - Stopping the StorageContainerLocationProtocol RPC server
2021-11-26 01:29:17,778 [Listener at 127.0.0.1/10172] INFO  server.SCMClientProtocolServer (SCMClientProtocolServer.java:stop(173)) - Stopping the RPC server for Client Protocol
2021-11-26 01:29:17,778 [Listener at 127.0.0.1/10172] INFO  ipc.Server (Server.java:stop(3414)) - Stopping server on 15523
2021-11-26 01:29:17,778 [IPC Server Responder] INFO  ipc.Server (Server.java:run(1512)) - Stopping IPC Server Responder
2021-11-26 01:29:17,784 [Listener at 127.0.0.1/10172] INFO  server.StorageContainerManager (StorageContainerManager.java:stop(1445)) - Stopping Storage Container Manager HTTP server.
2021-11-26 01:29:17,782 [IPC Server listener on 15523] INFO  ipc.Server (Server.java:run(1376)) - Stopping IPC Server listener on 15523
2021-11-26 01:29:17,795 [Listener at 127.0.0.1/10172] INFO  handler.ContextHandler (ContextHandler.java:doStop(1153)) - Stopped o.e.j.w.WebAppContext@1ef39b1a{scm,/,null,STOPPED}{file:/home/runner/work/ozone/ozone/hadoop-ozone/integration-test/target/test-classes/webapps/scm}
2021-11-26 01:29:17,796 [Listener at 127.0.0.1/10172] INFO  server.AbstractConnector (AbstractConnector.java:doStop(381)) - Stopped ServerConnector@7d776202{HTTP/1.1, (http/1.1)}{0.0.0.0:15518}
2021-11-26 01:29:17,796 [Listener at 127.0.0.1/10172] INFO  server.session (HouseKeeper.java:stopScavenging(149)) - node0 Stopped scavenging
2021-11-26 01:29:17,796 [Listener at 127.0.0.1/10172] INFO  handler.ContextHandler (ContextHandler.java:doStop(1153)) - Stopped o.e.j.s.ServletContextHandler@4544bccb{static,/static,file:///home/runner/work/ozone/ozone/hadoop-ozone/integration-test/target/test-classes/webapps/static,STOPPED}
2021-11-26 01:29:17,796 [Listener at 127.0.0.1/10172] INFO  handler.ContextHandler (ContextHandler.java:doStop(1153)) - Stopped o.e.j.s.ServletContextHandler@54a989ec{logs,/logs,file:///home/runner/work/ozone/ozone/hadoop-ozone/integration-test/target/log,STOPPED}
2021-11-26 01:29:17,797 [IPC Server Responder] INFO  ipc.Server (Server.java:run(1512)) - Stopping IPC Server Responder
2021-11-26 01:29:17,797 [Listener at 127.0.0.1/10172] INFO  server.StorageContainerManager (StorageContainerManager.java:stop(1456)) - Stopping Block Manager Service.
2021-11-26 01:29:17,798 [Listener at 127.0.0.1/10172] INFO  utils.BackgroundService (BackgroundService.java:shutdown(132)) - Shutting down service SCMBlockDeletingService
2021-11-26 01:29:17,798 [Listener at 127.0.0.1/10172] INFO  utils.BackgroundService (BackgroundService.java:shutdown(132)) - Shutting down service SCMBlockDeletingService
2021-11-26 01:29:17,802 [EndpointStateMachine task thread for /127.0.0.1:15521 - 0 ] INFO  ipc.Client (Client.java:handleConnectionFailure(977)) - Retrying connect to server: localhost/127.0.0.1:15521. Already tried 1 time(s); retry policy is RetryUpToMaximumCountWithFixedSleep(maxRetries=15, sleepTime=1000 MILLISECONDS)
2021-11-26 01:29:17,804 [Listener at 127.0.0.1/10172] INFO  server.StorageContainerManager (StorageContainerManager.java:stop(1483)) - Stopping SCM Event Queue.
2021-11-26 01:29:17,806 [Listener at 127.0.0.1/10172] INFO  server.StorageContainerManager (StorageContainerManager.java:stop(1494)) - Stopping SCM HA services.
2021-11-26 01:29:17,806 [Listener at 127.0.0.1/10172] INFO  ha.SCMRatisServerImpl (SCMRatisServerImpl.java:stop(236)) - stopping ratis server 0.0.0.0:15520
2021-11-26 01:29:17,808 [Listener at 127.0.0.1/10172] INFO  server.RaftServer (RaftServerProxy.java:lambda$close$6(391)) - ec3f45f6-a064-4412-8226-4654181b7e55: close
2021-11-26 01:29:17,808 [Listener at 127.0.0.1/10172] INFO  server.RaftServer$Division (RaftServerImpl.java:lambda$close$4(412)) - ec3f45f6-a064-4412-8226-4654181b7e55@group-07A8FF5308AF: shutdown
2021-11-26 01:29:17,809 [Listener at 127.0.0.1/10172] INFO  util.JmxRegister (JmxRegister.java:unregister(73)) - Successfully un-registered JMX Bean with object name Ratis:service=RaftServer,group=group-07A8FF5308AF,id=ec3f45f6-a064-4412-8226-4654181b7e55
2021-11-26 01:29:17,809 [Listener at 127.0.0.1/10172] INFO  impl.RoleInfo (RoleInfo.java:shutdownLeaderState(91)) - ec3f45f6-a064-4412-8226-4654181b7e55: shutdown ec3f45f6-a064-4412-8226-4654181b7e55@group-07A8FF5308AF-LeaderStateImpl
2021-11-26 01:29:17,809 [Listener at 127.0.0.1/10172] INFO  impl.PendingRequests (PendingRequests.java:sendNotLeaderResponses(282)) - ec3f45f6-a064-4412-8226-4654181b7e55@group-07A8FF5308AF-PendingRequests: sendNotLeaderResponses
2021-11-26 01:29:17,809 [ec3f45f6-a064-4412-8226-4654181b7e55@group-07A8FF5308AF->01294dc6-9f36-4a18-805d-4c42b975ebdc-GrpcLogAppender-LogAppenderDaemon] WARN  server.GrpcLogAppender (GrpcLogAppender.java:mayWait(177)) - ec3f45f6-a064-4412-8226-4654181b7e55@group-07A8FF5308AF->01294dc6-9f36-4a18-805d-4c42b975ebdc-GrpcLogAppender: Wait interrupted by java.lang.InterruptedException
2021-11-26 01:29:17,809 [ec3f45f6-a064-4412-8226-4654181b7e55@group-07A8FF5308AF->878f4670-2ce0-4ee1-8021-0f5a1e33ae40-GrpcLogAppender-LogAppenderDaemon] WARN  server.GrpcLogAppender (GrpcLogAppender.java:mayWait(177)) - ec3f45f6-a064-4412-8226-4654181b7e55@group-07A8FF5308AF->878f4670-2ce0-4ee1-8021-0f5a1e33ae40-GrpcLogAppender: Wait interrupted by java.lang.InterruptedException
2021-11-26 01:29:17,809 [Listener at 127.0.0.1/10172] INFO  ha.SCMStateMachine (SCMStateMachine.java:notifyNotLeader(190)) - current leader SCM steps down.
2021-11-26 01:29:17,810 [Listener at 127.0.0.1/10172] INFO  ha.SCMContext (SCMContext.java:updateLeaderAndTerm(88)) - update <isLeader,term> from <true,2> to <false,0>
2021-11-26 01:29:17,810 [Listener at 127.0.0.1/10172] INFO  ha.SCMContext (SCMContext.java:updateLeaderAndTerm(95)) - update <isLeaderReady> from <false> to <false>
2021-11-26 01:29:17,811 [Listener at 127.0.0.1/10172] INFO  impl.StateMachineUpdater (StateMachineUpdater.java:stopAndJoin(149)) - ec3f45f6-a064-4412-8226-4654181b7e55@group-07A8FF5308AF-StateMachineUpdater: set stopIndex = 30
2021-11-26 01:29:17,812 [Listener at 127.0.0.1/10172] INFO  server.RaftServer$Division (ServerState.java:close(419)) - ec3f45f6-a064-4412-8226-4654181b7e55@group-07A8FF5308AF: closes. applyIndex: 30
2021-11-26 01:29:17,812 [ec3f45f6-a064-4412-8226-4654181b7e55@group-07A8FF5308AF-SegmentedRaftLogWorker] INFO  segmented.SegmentedRaftLogWorker (SegmentedRaftLogWorker.java:run(327)) - ec3f45f6-a064-4412-8226-4654181b7e55@group-07A8FF5308AF-SegmentedRaftLogWorker was interrupted, exiting. There are 0 tasks remaining in the queue.
2021-11-26 01:29:17,816 [Listener at 127.0.0.1/10172] INFO  segmented.SegmentedRaftLogWorker (SegmentedRaftLogWorker.java:close(237)) - ec3f45f6-a064-4412-8226-4654181b7e55@group-07A8FF5308AF-SegmentedRaftLogWorker close()
2021-11-26 01:29:17,822 [Listener at 127.0.0.1/10172] INFO  server.GrpcService (GrpcService.java:closeImpl(262)) - ec3f45f6-a064-4412-8226-4654181b7e55: shutdown server with port 15520 now
2021-11-26 01:29:17,826 [Listener at 127.0.0.1/10172] INFO  server.GrpcService (GrpcService.java:closeImpl(271)) - ec3f45f6-a064-4412-8226-4654181b7e55: shutdown server with port 15520 successfully
2021-11-26 01:29:17,826 [org.apache.ratis.util.JvmPauseMonitor$$Lambda$499/73608444@44b4b54] INFO  util.JvmPauseMonitor (JvmPauseMonitor.java:run(109)) - JvmPauseMonitor-ec3f45f6-a064-4412-8226-4654181b7e55: Stopped
2021-11-26 01:29:17,829 [Listener at 127.0.0.1/10172] INFO  pipeline.BackgroundPipelineCreator (BackgroundPipelineCreator.java:stop(158)) - Stopping RatisPipelineUtilsThread.
2021-11-26 01:29:17,829 [Listener at 127.0.0.1/10172] INFO  server.StorageContainerManager (StorageContainerManager.java:stop(1504)) - Stopping SCM MetadataStore.
2021-11-26 01:29:17,830 [Listener at 127.0.0.1/10172] INFO  impl.MetricsSystemImpl (MetricsSystemImpl.java:stop(205)) - StorageContainerManager metrics system stopped (again)
2021-11-26 01:29:17,830 [Listener at 127.0.0.1/10172] INFO  ozone.MiniOzoneClusterImpl (MiniOzoneClusterImpl.java:stop(468)) - Stopping the Mini Ozone Cluster
2021-11-26 01:29:17,830 [Listener at 127.0.0.1/10172] INFO  ozone.MiniOzoneClusterImpl (MiniOzoneClusterImpl.java:stopDatanodes(527)) - Stopping the HddsDatanodes
2021-11-26 01:29:18,223 [EndpointStateMachine task thread for /127.0.0.1:12845 - 0 ] INFO  ipc.Client (Client.java:handleConnectionFailure(977)) - Retrying connect to server: localhost/127.0.0.1:12845. Already tried 9 time(s); retry policy is RetryUpToMaximumCountWithFixedSleep(maxRetries=15, sleepTime=1000 MILLISECONDS)
2021-11-26 01:29:18,231 [EndpointStateMachine task thread for /127.0.0.1:12835 - 0 ] INFO  ipc.Client (Client.java:handleConnectionFailure(977)) - Retrying connect to server: localhost/127.0.0.1:12835. Already tried 9 time(s); retry policy is RetryUpToMaximumCountWithFixedSleep(maxRetries=15, sleepTime=1000 MILLISECONDS)
2021-11-26 01:29:18,232 [EndpointStateMachine task thread for /127.0.0.1:12825 - 0 ] INFO  ipc.Client (Client.java:handleConnectionFailure(977)) - Retrying connect to server: localhost/127.0.0.1:12825. Already tried 12 time(s); retry policy is RetryUpToMaximumCountWithFixedSleep(maxRetries=15, sleepTime=1000 MILLISECONDS)
2021-11-26 01:29:18,247 [Datanode State Machine Daemon Thread] WARN  statemachine.StateContext (StateContext.java:setState(249)) - Ignore disallowed transition from SHUTDOWN to RUNNING
2021-11-26 01:29:18,584 [Datanode State Machine Daemon Thread] ERROR datanode.RunningDatanodeState (RunningDatanodeState.java:computeNextContainerState(199)) - Error in executing end point task.
java.util.concurrent.ExecutionException: java.util.concurrent.TimeoutException
	at java.util.concurrent.FutureTask.report(FutureTask.java:122)
	at java.util.concurrent.FutureTask.get(FutureTask.java:192)
	at org.apache.hadoop.ozone.container.common.states.datanode.RunningDatanodeState.computeNextContainerState(RunningDatanodeState.java:191)
	at org.apache.hadoop.ozone.container.common.states.datanode.RunningDatanodeState.await(RunningDatanodeState.java:231)
	at org.apache.hadoop.ozone.container.common.states.datanode.RunningDatanodeState.await(RunningDatanodeState.java:50)
	at org.apache.hadoop.ozone.container.common.statemachine.StateContext.execute(StateContext.java:633)
	at org.apache.hadoop.ozone.container.common.statemachine.DatanodeStateMachine.start(DatanodeStateMachine.java:280)
	at org.apache.hadoop.ozone.container.common.statemachine.DatanodeStateMachine.lambda$startDaemon$0(DatanodeStateMachine.java:468)
	at java.lang.Thread.run(Thread.java:748)
Caused by: java.util.concurrent.TimeoutException
	at java.util.concurrent.FutureTask.get(FutureTask.java:205)
	at org.apache.hadoop.ozone.container.common.states.datanode.RunningDatanodeState.lambda$execute$0(RunningDatanodeState.java:149)
	at java.util.concurrent.FutureTask.run(FutureTask.java:266)
	at java.util.concurrent.Executors$RunnableAdapter.call(Executors.java:511)
	at java.util.concurrent.FutureTask.run(FutureTask.java:266)
	at java.util.concurrent.ThreadPoolExecutor.runWorker(ThreadPoolExecutor.java:1149)
	at java.util.concurrent.ThreadPoolExecutor$Worker.run(ThreadPoolExecutor.java:624)
	... 1 more
2021-11-26 01:29:18,585 [Datanode State Machine Daemon Thread] WARN  statemachine.StateContext (StateContext.java:setState(249)) - Ignore disallowed transition from SHUTDOWN to RUNNING
2021-11-26 01:29:18,590 [EndpointStateMachine task thread for /127.0.0.1:15531 - 0 ] INFO  ipc.Client (Client.java:handleConnectionFailure(977)) - Retrying connect to server: localhost/127.0.0.1:15531. Already tried 2 time(s); retry policy is RetryUpToMaximumCountWithFixedSleep(maxRetries=15, sleepTime=1000 MILLISECONDS)
2021-11-26 01:29:18,592 [EndpointStateMachine task thread for /127.0.0.1:15541 - 0 ] INFO  ipc.Client (Client.java:handleConnectionFailure(977)) - Retrying connect to server: localhost/127.0.0.1:15541. Already tried 2 time(s); retry policy is RetryUpToMaximumCountWithFixedSleep(maxRetries=15, sleepTime=1000 MILLISECONDS)
2021-11-26 01:29:18,803 [EndpointStateMachine task thread for /127.0.0.1:15521 - 0 ] INFO  ipc.Client (Client.java:handleConnectionFailure(977)) - Retrying connect to server: localhost/127.0.0.1:15521. Already tried 2 time(s); retry policy is RetryUpToMaximumCountWithFixedSleep(maxRetries=15, sleepTime=1000 MILLISECONDS)
2021-11-26 01:29:19,223 [EndpointStateMachine task thread for /127.0.0.1:12845 - 0 ] INFO  ipc.Client (Client.java:handleConnectionFailure(977)) - Retrying connect to server: localhost/127.0.0.1:12845. Already tried 10 time(s); retry policy is RetryUpToMaximumCountWithFixedSleep(maxRetries=15, sleepTime=1000 MILLISECONDS)
2021-11-26 01:29:19,232 [EndpointStateMachine task thread for /127.0.0.1:12835 - 0 ] INFO  ipc.Client (Client.java:handleConnectionFailure(977)) - Retrying connect to server: localhost/127.0.0.1:12835. Already tried 10 time(s); retry policy is RetryUpToMaximumCountWithFixedSleep(maxRetries=15, sleepTime=1000 MILLISECONDS)
2021-11-26 01:29:19,232 [EndpointStateMachine task thread for /127.0.0.1:12825 - 0 ] INFO  ipc.Client (Client.java:handleConnectionFailure(977)) - Retrying connect to server: localhost/127.0.0.1:12825. Already tried 13 time(s); retry policy is RetryUpToMaximumCountWithFixedSleep(maxRetries=15, sleepTime=1000 MILLISECONDS)
2021-11-26 01:29:19,590 [EndpointStateMachine task thread for /127.0.0.1:15531 - 0 ] INFO  ipc.Client (Client.java:handleConnectionFailure(977)) - Retrying connect to server: localhost/127.0.0.1:15531. Already tried 3 time(s); retry policy is RetryUpToMaximumCountWithFixedSleep(maxRetries=15, sleepTime=1000 MILLISECONDS)
2021-11-26 01:29:19,593 [EndpointStateMachine task thread for /127.0.0.1:15541 - 0 ] INFO  ipc.Client (Client.java:handleConnectionFailure(977)) - Retrying connect to server: localhost/127.0.0.1:15541. Already tried 3 time(s); retry policy is RetryUpToMaximumCountWithFixedSleep(maxRetries=15, sleepTime=1000 MILLISECONDS)
2021-11-26 01:29:19,804 [EndpointStateMachine task thread for /127.0.0.1:15521 - 0 ] INFO  ipc.Client (Client.java:handleConnectionFailure(977)) - Retrying connect to server: localhost/127.0.0.1:15521. Already tried 3 time(s); retry policy is RetryUpToMaximumCountWithFixedSleep(maxRetries=15, sleepTime=1000 MILLISECONDS)
2021-11-26 01:29:20,224 [EndpointStateMachine task thread for /127.0.0.1:12845 - 0 ] INFO  ipc.Client (Client.java:handleConnectionFailure(977)) - Retrying connect to server: localhost/127.0.0.1:12845. Already tried 11 time(s); retry policy is RetryUpToMaximumCountWithFixedSleep(maxRetries=15, sleepTime=1000 MILLISECONDS)
2021-11-26 01:29:20,232 [EndpointStateMachine task thread for /127.0.0.1:12835 - 0 ] INFO  ipc.Client (Client.java:handleConnectionFailure(977)) - Retrying connect to server: localhost/127.0.0.1:12835. Already tried 11 time(s); retry policy is RetryUpToMaximumCountWithFixedSleep(maxRetries=15, sleepTime=1000 MILLISECONDS)
2021-11-26 01:29:20,233 [EndpointStateMachine task thread for /127.0.0.1:12825 - 0 ] INFO  ipc.Client (Client.java:handleConnectionFailure(977)) - Retrying connect to server: localhost/127.0.0.1:12825. Already tried 14 time(s); retry policy is RetryUpToMaximumCountWithFixedSleep(maxRetries=15, sleepTime=1000 MILLISECONDS)
2021-11-26 01:29:20,591 [EndpointStateMachine task thread for /127.0.0.1:15531 - 0 ] INFO  ipc.Client (Client.java:handleConnectionFailure(977)) - Retrying connect to server: localhost/127.0.0.1:15531. Already tried 4 time(s); retry policy is RetryUpToMaximumCountWithFixedSleep(maxRetries=15, sleepTime=1000 MILLISECONDS)
2021-11-26 01:29:20,594 [EndpointStateMachine task thread for /127.0.0.1:15541 - 0 ] INFO  ipc.Client (Client.java:handleConnectionFailure(977)) - Retrying connect to server: localhost/127.0.0.1:15541. Already tried 4 time(s); retry policy is RetryUpToMaximumCountWithFixedSleep(maxRetries=15, sleepTime=1000 MILLISECONDS)
2021-11-26 01:29:20,806 [EndpointStateMachine task thread for /127.0.0.1:15521 - 0 ] INFO  ipc.Client (Client.java:handleConnectionFailure(977)) - Retrying connect to server: localhost/127.0.0.1:15521. Already tried 4 time(s); retry policy is RetryUpToMaximumCountWithFixedSleep(maxRetries=15, sleepTime=1000 MILLISECONDS)
2021-11-26 01:29:21,225 [EndpointStateMachine task thread for /127.0.0.1:12845 - 0 ] INFO  ipc.Client (Client.java:handleConnectionFailure(977)) - Retrying connect to server: localhost/127.0.0.1:12845. Already tried 12 time(s); retry policy is RetryUpToMaximumCountWithFixedSleep(maxRetries=15, sleepTime=1000 MILLISECONDS)
2021-11-26 01:29:21,233 [EndpointStateMachine task thread for /127.0.0.1:12835 - 0 ] INFO  ipc.Client (Client.java:handleConnectionFailure(977)) - Retrying connect to server: localhost/127.0.0.1:12835. Already tried 12 time(s); retry policy is RetryUpToMaximumCountWithFixedSleep(maxRetries=15, sleepTime=1000 MILLISECONDS)
2021-11-26 01:29:21,234 [EndpointStateMachine task thread for /127.0.0.1:12825 - 0 ] INFO  ipc.Client (Client.java:handleConnectionFailure(977)) - Retrying connect to server: localhost/127.0.0.1:12825. Already tried 0 time(s); retry policy is RetryUpToMaximumCountWithFixedSleep(maxRetries=15, sleepTime=1000 MILLISECONDS)
2021-11-26 01:29:21,592 [EndpointStateMachine task thread for /127.0.0.1:15531 - 0 ] INFO  ipc.Client (Client.java:handleConnectionFailure(977)) - Retrying connect to server: localhost/127.0.0.1:15531. Already tried 5 time(s); retry policy is RetryUpToMaximumCountWithFixedSleep(maxRetries=15, sleepTime=1000 MILLISECONDS)
2021-11-26 01:29:21,594 [EndpointStateMachine task thread for /127.0.0.1:15541 - 0 ] INFO  ipc.Client (Client.java:handleConnectionFailure(977)) - Retrying connect to server: localhost/127.0.0.1:15541. Already tried 5 time(s); retry policy is RetryUpToMaximumCountWithFixedSleep(maxRetries=15, sleepTime=1000 MILLISECONDS)
2021-11-26 01:29:21,807 [EndpointStateMachine task thread for /127.0.0.1:15521 - 0 ] INFO  ipc.Client (Client.java:handleConnectionFailure(977)) - Retrying connect to server: localhost/127.0.0.1:15521. Already tried 5 time(s); retry policy is RetryUpToMaximumCountWithFixedSleep(maxRetries=15, sleepTime=1000 MILLISECONDS)
2021-11-26 01:29:22,225 [EndpointStateMachine task thread for /127.0.0.1:12845 - 0 ] INFO  ipc.Client (Client.java:handleConnectionFailure(977)) - Retrying connect to server: localhost/127.0.0.1:12845. Already tried 13 time(s); retry policy is RetryUpToMaximumCountWithFixedSleep(maxRetries=15, sleepTime=1000 MILLISECONDS)
2021-11-26 01:29:22,233 [EndpointStateMachine task thread for /127.0.0.1:12835 - 0 ] INFO  ipc.Client (Client.java:handleConnectionFailure(977)) - Retrying connect to server: localhost/127.0.0.1:12835. Already tried 13 time(s); retry policy is RetryUpToMaximumCountWithFixedSleep(maxRetries=15, sleepTime=1000 MILLISECONDS)
2021-11-26 01:29:22,235 [EndpointStateMachine task thread for /127.0.0.1:12825 - 0 ] INFO  ipc.Client (Client.java:handleConnectionFailure(977)) - Retrying connect to server: localhost/127.0.0.1:12825. Already tried 1 time(s); retry policy is RetryUpToMaximumCountWithFixedSleep(maxRetries=15, sleepTime=1000 MILLISECONDS)
2021-11-26 01:29:22,592 [EndpointStateMachine task thread for /127.0.0.1:15531 - 0 ] INFO  ipc.Client (Client.java:handleConnectionFailure(977)) - Retrying connect to server: localhost/127.0.0.1:15531. Already tried 6 time(s); retry policy is RetryUpToMaximumCountWithFixedSleep(maxRetries=15, sleepTime=1000 MILLISECONDS)
2021-11-26 01:29:22,595 [EndpointStateMachine task thread for /127.0.0.1:15541 - 0 ] INFO  ipc.Client (Client.java:handleConnectionFailure(977)) - Retrying connect to server: localhost/127.0.0.1:15541. Already tried 6 time(s); retry policy is RetryUpToMaximumCountWithFixedSleep(maxRetries=15, sleepTime=1000 MILLISECONDS)
2021-11-26 01:29:22,808 [EndpointStateMachine task thread for /127.0.0.1:15521 - 0 ] INFO  ipc.Client (Client.java:handleConnectionFailure(977)) - Retrying connect to server: localhost/127.0.0.1:15521. Already tried 6 time(s); retry policy is RetryUpToMaximumCountWithFixedSleep(maxRetries=15, sleepTime=1000 MILLISECONDS)
2021-11-26 01:29:22,832 [ForkJoinPool.commonPool-worker-0] INFO  ozoneimpl.OzoneContainer (OzoneContainer.java:stop(325)) - Attempting to stop container services.
2021-11-26 01:29:22,834 [Listener at 127.0.0.1/10172] INFO  ozoneimpl.OzoneContainer (OzoneContainer.java:stop(325)) - Attempting to stop container services.
2021-11-26 01:29:22,836 [Listener at 127.0.0.1/10172] INFO  server.RaftServer (RaftServerProxy.java:lambda$close$6(391)) - e6079862-fe37-43a4-a998-6eeab30b5c75: close
2021-11-26 01:29:22,836 [Listener at 127.0.0.1/10172] INFO  server.RaftServer$Division (RaftServerImpl.java:lambda$close$4(412)) - e6079862-fe37-43a4-a998-6eeab30b5c75@group-904FFB5E5D13: shutdown
2021-11-26 01:29:22,836 [Listener at 127.0.0.1/10172] INFO  util.JmxRegister (JmxRegister.java:unregister(73)) - Successfully un-registered JMX Bean with object name Ratis:service=RaftServer,group=group-904FFB5E5D13,id=e6079862-fe37-43a4-a998-6eeab30b5c75
2021-11-26 01:29:22,836 [Listener at 127.0.0.1/10172] INFO  impl.RoleInfo (RoleInfo.java:shutdownFollowerState(108)) - e6079862-fe37-43a4-a998-6eeab30b5c75: shutdown e6079862-fe37-43a4-a998-6eeab30b5c75@group-904FFB5E5D13-FollowerState
2021-11-26 01:29:22,836 [Listener at 127.0.0.1/10172] INFO  impl.StateMachineUpdater (StateMachineUpdater.java:stopAndJoin(149)) - e6079862-fe37-43a4-a998-6eeab30b5c75@group-904FFB5E5D13-StateMachineUpdater: set stopIndex = 0
2021-11-26 01:29:22,837 [e6079862-fe37-43a4-a998-6eeab30b5c75@group-904FFB5E5D13-FollowerState] INFO  impl.FollowerState (FollowerState.java:run(143)) - e6079862-fe37-43a4-a998-6eeab30b5c75@group-904FFB5E5D13-FollowerState was interrupted: {}
java.lang.InterruptedException: sleep interrupted
	at java.lang.Thread.sleep(Native Method)
	at java.lang.Thread.sleep(Thread.java:340)
	at java.util.concurrent.TimeUnit.sleep(TimeUnit.java:386)
	at org.apache.ratis.util.TimeDuration.sleep(TimeDuration.java:324)
	at org.apache.ratis.util.TimeDuration.sleep(TimeDuration.java:309)
	at org.apache.ratis.server.impl.FollowerState.run(FollowerState.java:118)
2021-11-26 01:29:22,837 [ForkJoinPool.commonPool-worker-0] INFO  server.RaftServer (RaftServerProxy.java:lambda$close$6(391)) - e868a3a3-c0d9-49f0-b374-aca42e6594e7: close
2021-11-26 01:29:22,839 [ForkJoinPool.commonPool-worker-0] INFO  server.RaftServer$Division (RaftServerImpl.java:lambda$close$4(412)) - e868a3a3-c0d9-49f0-b374-aca42e6594e7@group-904FFB5E5D13: shutdown
2021-11-26 01:29:22,839 [ForkJoinPool.commonPool-worker-0] INFO  util.JmxRegister (JmxRegister.java:unregister(73)) - Successfully un-registered JMX Bean with object name Ratis:service=RaftServer,group=group-904FFB5E5D13,id=e868a3a3-c0d9-49f0-b374-aca42e6594e7
2021-11-26 01:29:22,839 [ForkJoinPool.commonPool-worker-0] INFO  impl.RoleInfo (RoleInfo.java:shutdownLeaderState(91)) - e868a3a3-c0d9-49f0-b374-aca42e6594e7: shutdown e868a3a3-c0d9-49f0-b374-aca42e6594e7@group-904FFB5E5D13-LeaderStateImpl
2021-11-26 01:29:22,839 [ForkJoinPool.commonPool-worker-0] INFO  impl.PendingRequests (PendingRequests.java:sendNotLeaderResponses(282)) - e868a3a3-c0d9-49f0-b374-aca42e6594e7@group-904FFB5E5D13-PendingRequests: sendNotLeaderResponses
2021-11-26 01:29:22,839 [ForkJoinPool.commonPool-worker-0] INFO  impl.StateMachineUpdater (StateMachineUpdater.java:stopAndJoin(149)) - e868a3a3-c0d9-49f0-b374-aca42e6594e7@group-904FFB5E5D13-StateMachineUpdater: set stopIndex = 0
2021-11-26 01:29:22,840 [e868a3a3-c0d9-49f0-b374-aca42e6594e7@group-904FFB5E5D13-StateMachineUpdater] INFO  ratis.ContainerStateMachine (ContainerStateMachine.java:takeSnapshot(292)) - group-904FFB5E5D13: Taking a snapshot at:(t:1, i:0) file /home/runner/work/ozone/ozone/hadoop-ozone/integration-test/target/test-dir/MiniOzoneClusterImpl-70e57338-dd19-42c4-b060-07a8ff5308af/datanode-0/data/ratis/ae48aee9-96af-4f39-b445-904ffb5e5d13/sm/snapshot.1_0
2021-11-26 01:29:22,840 [e868a3a3-c0d9-49f0-b374-aca42e6594e7@group-904FFB5E5D13->fa9a63ae-dfc0-4823-af2f-f478aed93153-GrpcLogAppender-LogAppenderDaemon] WARN  server.GrpcLogAppender (GrpcLogAppender.java:mayWait(177)) - e868a3a3-c0d9-49f0-b374-aca42e6594e7@group-904FFB5E5D13->fa9a63ae-dfc0-4823-af2f-f478aed93153-GrpcLogAppender: Wait interrupted by java.lang.InterruptedException
2021-11-26 01:29:22,840 [e868a3a3-c0d9-49f0-b374-aca42e6594e7@group-904FFB5E5D13->e6079862-fe37-43a4-a998-6eeab30b5c75-GrpcLogAppender-LogAppenderDaemon] WARN  server.GrpcLogAppender (GrpcLogAppender.java:mayWait(177)) - e868a3a3-c0d9-49f0-b374-aca42e6594e7@group-904FFB5E5D13->e6079862-fe37-43a4-a998-6eeab30b5c75-GrpcLogAppender: Wait interrupted by java.lang.InterruptedException
2021-11-26 01:29:22,841 [grpc-default-executor-2] INFO  server.GrpcServerProtocolService (GrpcServerProtocolService.java:onCompleted(140)) - e6079862-fe37-43a4-a998-6eeab30b5c75: Completed APPEND_ENTRIES, lastRequest: e868a3a3-c0d9-49f0-b374-aca42e6594e7->e6079862-fe37-43a4-a998-6eeab30b5c75#1-t1,previous=(t:0, i:0),leaderCommit=-1,initializing? true,entries: size=1, first=(t:1, i:0), CONFIGURATIONENTRY
2021-11-26 01:29:22,842 [grpc-default-executor-3] INFO  server.GrpcServerProtocolService (GrpcServerProtocolService.java:onCompleted(140)) - fa9a63ae-dfc0-4823-af2f-f478aed93153: Completed APPEND_ENTRIES, lastRequest: e868a3a3-c0d9-49f0-b374-aca42e6594e7->fa9a63ae-dfc0-4823-af2f-f478aed93153#1-t1,previous=(t:0, i:0),leaderCommit=-1,initializing? true,entries: size=1, first=(t:1, i:0), CONFIGURATIONENTRY
2021-11-26 01:29:22,837 [e6079862-fe37-43a4-a998-6eeab30b5c75@group-904FFB5E5D13-StateMachineUpdater] INFO  ratis.ContainerStateMachine (ContainerStateMachine.java:takeSnapshot(292)) - group-904FFB5E5D13: Taking a snapshot at:(t:1, i:0) file /home/runner/work/ozone/ozone/hadoop-ozone/integration-test/target/test-dir/MiniOzoneClusterImpl-70e57338-dd19-42c4-b060-07a8ff5308af/datanode-1/data/ratis/ae48aee9-96af-4f39-b445-904ffb5e5d13/sm/snapshot.1_0
2021-11-26 01:29:22,845 [e868a3a3-c0d9-49f0-b374-aca42e6594e7@group-904FFB5E5D13-StateMachineUpdater] INFO  ratis.ContainerStateMachine (ContainerStateMachine.java:takeSnapshot(303)) - group-904FFB5E5D13: Finished taking a snapshot at:(t:1, i:0) file:/home/runner/work/ozone/ozone/hadoop-ozone/integration-test/target/test-dir/MiniOzoneClusterImpl-70e57338-dd19-42c4-b060-07a8ff5308af/datanode-0/data/ratis/ae48aee9-96af-4f39-b445-904ffb5e5d13/sm/snapshot.1_0 took: 5 ms
2021-11-26 01:29:22,845 [e6079862-fe37-43a4-a998-6eeab30b5c75@group-904FFB5E5D13-StateMachineUpdater] INFO  ratis.ContainerStateMachine (ContainerStateMachine.java:takeSnapshot(303)) - group-904FFB5E5D13: Finished taking a snapshot at:(t:1, i:0) file:/home/runner/work/ozone/ozone/hadoop-ozone/integration-test/target/test-dir/MiniOzoneClusterImpl-70e57338-dd19-42c4-b060-07a8ff5308af/datanode-1/data/ratis/ae48aee9-96af-4f39-b445-904ffb5e5d13/sm/snapshot.1_0 took: 8 ms
2021-11-26 01:29:22,845 [e6079862-fe37-43a4-a998-6eeab30b5c75@group-904FFB5E5D13-StateMachineUpdater] INFO  impl.StateMachineUpdater (StateMachineUpdater.java:takeSnapshot(281)) - e6079862-fe37-43a4-a998-6eeab30b5c75@group-904FFB5E5D13-StateMachineUpdater: Took a snapshot at index 0
2021-11-26 01:29:22,846 [e6079862-fe37-43a4-a998-6eeab30b5c75@group-904FFB5E5D13-StateMachineUpdater] INFO  impl.StateMachineUpdater (StateMachineUpdater.java:lambda$new$0(89)) - e6079862-fe37-43a4-a998-6eeab30b5c75@group-904FFB5E5D13-StateMachineUpdater: snapshotIndex: updateIncreasingly -1 -> 0
2021-11-26 01:29:22,846 [grpc-default-executor-1] INFO  server.GrpcLogAppender (GrpcLogAppender.java:onCompleted(346)) - e868a3a3-c0d9-49f0-b374-aca42e6594e7@group-904FFB5E5D13->e6079862-fe37-43a4-a998-6eeab30b5c75-AppendLogResponseHandler: follower responses appendEntries COMPLETED
2021-11-26 01:29:22,846 [grpc-default-executor-1] INFO  leader.FollowerInfo (FollowerInfoImpl.java:lambda$new$0(47)) - e868a3a3-c0d9-49f0-b374-aca42e6594e7@group-904FFB5E5D13->e6079862-fe37-43a4-a998-6eeab30b5c75: nextIndex: updateUnconditionally 1 -> 0
2021-11-26 01:29:22,846 [grpc-default-executor-3] INFO  server.GrpcLogAppender (GrpcLogAppender.java:onCompleted(346)) - e868a3a3-c0d9-49f0-b374-aca42e6594e7@group-904FFB5E5D13->fa9a63ae-dfc0-4823-af2f-f478aed93153-AppendLogResponseHandler: follower responses appendEntries COMPLETED
2021-11-26 01:29:22,846 [grpc-default-executor-3] INFO  leader.FollowerInfo (FollowerInfoImpl.java:lambda$new$0(47)) - e868a3a3-c0d9-49f0-b374-aca42e6594e7@group-904FFB5E5D13->fa9a63ae-dfc0-4823-af2f-f478aed93153: nextIndex: updateUnconditionally 1 -> 0
2021-11-26 01:29:22,846 [e868a3a3-c0d9-49f0-b374-aca42e6594e7@group-904FFB5E5D13-StateMachineUpdater] INFO  impl.StateMachineUpdater (StateMachineUpdater.java:takeSnapshot(281)) - e868a3a3-c0d9-49f0-b374-aca42e6594e7@group-904FFB5E5D13-StateMachineUpdater: Took a snapshot at index 0
2021-11-26 01:29:22,846 [e868a3a3-c0d9-49f0-b374-aca42e6594e7@group-904FFB5E5D13-StateMachineUpdater] INFO  impl.StateMachineUpdater (StateMachineUpdater.java:lambda$new$0(89)) - e868a3a3-c0d9-49f0-b374-aca42e6594e7@group-904FFB5E5D13-StateMachineUpdater: snapshotIndex: updateIncreasingly -1 -> 0
2021-11-26 01:29:22,847 [Listener at 127.0.0.1/10172] INFO  server.RaftServer$Division (ServerState.java:close(419)) - e6079862-fe37-43a4-a998-6eeab30b5c75@group-904FFB5E5D13: closes. applyIndex: 0
2021-11-26 01:29:22,847 [e6079862-fe37-43a4-a998-6eeab30b5c75@group-904FFB5E5D13-SegmentedRaftLogWorker] INFO  segmented.SegmentedRaftLogWorker (SegmentedRaftLogWorker.java:run(327)) - e6079862-fe37-43a4-a998-6eeab30b5c75@group-904FFB5E5D13-SegmentedRaftLogWorker was interrupted, exiting. There are 0 tasks remaining in the queue.
2021-11-26 01:29:22,847 [ForkJoinPool.commonPool-worker-0] INFO  server.RaftServer$Division (ServerState.java:close(419)) - e868a3a3-c0d9-49f0-b374-aca42e6594e7@group-904FFB5E5D13: closes. applyIndex: 0
2021-11-26 01:29:22,848 [e868a3a3-c0d9-49f0-b374-aca42e6594e7@group-904FFB5E5D13-SegmentedRaftLogWorker] INFO  segmented.SegmentedRaftLogWorker (SegmentedRaftLogWorker.java:run(327)) - e868a3a3-c0d9-49f0-b374-aca42e6594e7@group-904FFB5E5D13-SegmentedRaftLogWorker was interrupted, exiting. There are 0 tasks remaining in the queue.
2021-11-26 01:29:22,851 [ForkJoinPool.commonPool-worker-0] INFO  segmented.SegmentedRaftLogWorker (SegmentedRaftLogWorker.java:close(237)) - e868a3a3-c0d9-49f0-b374-aca42e6594e7@group-904FFB5E5D13-SegmentedRaftLogWorker close()
2021-11-26 01:29:22,851 [Listener at 127.0.0.1/10172] INFO  segmented.SegmentedRaftLogWorker (SegmentedRaftLogWorker.java:close(237)) - e6079862-fe37-43a4-a998-6eeab30b5c75@group-904FFB5E5D13-SegmentedRaftLogWorker close()
2021-11-26 01:29:22,853 [Listener at 127.0.0.1/10172] INFO  server.RaftServer$Division (RaftServerImpl.java:lambda$close$4(412)) - e6079862-fe37-43a4-a998-6eeab30b5c75@group-819E6ABFA9F4: shutdown
2021-11-26 01:29:22,853 [Listener at 127.0.0.1/10172] INFO  util.JmxRegister (JmxRegister.java:unregister(73)) - Successfully un-registered JMX Bean with object name Ratis:service=RaftServer,group=group-819E6ABFA9F4,id=e6079862-fe37-43a4-a998-6eeab30b5c75
2021-11-26 01:29:22,853 [Listener at 127.0.0.1/10172] INFO  impl.RoleInfo (RoleInfo.java:shutdownLeaderState(91)) - e6079862-fe37-43a4-a998-6eeab30b5c75: shutdown e6079862-fe37-43a4-a998-6eeab30b5c75@group-819E6ABFA9F4-LeaderStateImpl
2021-11-26 01:29:22,853 [ForkJoinPool.commonPool-worker-0] INFO  server.RaftServer$Division (RaftServerImpl.java:lambda$close$4(412)) - e868a3a3-c0d9-49f0-b374-aca42e6594e7@group-54FD992928C8: shutdown
2021-11-26 01:29:22,853 [Listener at 127.0.0.1/10172] INFO  impl.PendingRequests (PendingRequests.java:sendNotLeaderResponses(282)) - e6079862-fe37-43a4-a998-6eeab30b5c75@group-819E6ABFA9F4-PendingRequests: sendNotLeaderResponses
2021-11-26 01:29:22,859 [ForkJoinPool.commonPool-worker-0] INFO  util.JmxRegister (JmxRegister.java:unregister(73)) - Successfully un-registered JMX Bean with object name Ratis:service=RaftServer,group=group-54FD992928C8,id=e868a3a3-c0d9-49f0-b374-aca42e6594e7
2021-11-26 01:29:22,860 [ForkJoinPool.commonPool-worker-0] INFO  impl.RoleInfo (RoleInfo.java:shutdownFollowerState(108)) - e868a3a3-c0d9-49f0-b374-aca42e6594e7: shutdown e868a3a3-c0d9-49f0-b374-aca42e6594e7@group-54FD992928C8-FollowerState
2021-11-26 01:29:22,860 [e868a3a3-c0d9-49f0-b374-aca42e6594e7@group-54FD992928C8-FollowerState] INFO  impl.FollowerState (FollowerState.java:run(143)) - e868a3a3-c0d9-49f0-b374-aca42e6594e7@group-54FD992928C8-FollowerState was interrupted: {}
java.lang.InterruptedException: sleep interrupted
	at java.lang.Thread.sleep(Native Method)
	at java.lang.Thread.sleep(Thread.java:340)
	at java.util.concurrent.TimeUnit.sleep(TimeUnit.java:386)
	at org.apache.ratis.util.TimeDuration.sleep(TimeDuration.java:324)
	at org.apache.ratis.util.TimeDuration.sleep(TimeDuration.java:309)
	at org.apache.ratis.server.impl.FollowerState.run(FollowerState.java:118)
2021-11-26 01:29:22,860 [e868a3a3-c0d9-49f0-b374-aca42e6594e7@group-54FD992928C8-StateMachineUpdater] INFO  ratis.ContainerStateMachine (ContainerStateMachine.java:takeSnapshot(292)) - group-54FD992928C8: Taking a snapshot at:(t:2, i:0) file /home/runner/work/ozone/ozone/hadoop-ozone/integration-test/target/test-dir/MiniOzoneClusterImpl-70e57338-dd19-42c4-b060-07a8ff5308af/datanode-0/data/ratis/8bd0a991-f326-41c5-b045-54fd992928c8/sm/snapshot.2_0
2021-11-26 01:29:22,860 [ForkJoinPool.commonPool-worker-0] INFO  impl.StateMachineUpdater (StateMachineUpdater.java:stopAndJoin(149)) - e868a3a3-c0d9-49f0-b374-aca42e6594e7@group-54FD992928C8-StateMachineUpdater: set stopIndex = 0
2021-11-26 01:29:22,862 [e868a3a3-c0d9-49f0-b374-aca42e6594e7@group-54FD992928C8-StateMachineUpdater] INFO  ratis.ContainerStateMachine (ContainerStateMachine.java:takeSnapshot(303)) - group-54FD992928C8: Finished taking a snapshot at:(t:2, i:0) file:/home/runner/work/ozone/ozone/hadoop-ozone/integration-test/target/test-dir/MiniOzoneClusterImpl-70e57338-dd19-42c4-b060-07a8ff5308af/datanode-0/data/ratis/8bd0a991-f326-41c5-b045-54fd992928c8/sm/snapshot.2_0 took: 2 ms
2021-11-26 01:29:22,862 [e868a3a3-c0d9-49f0-b374-aca42e6594e7@group-54FD992928C8-StateMachineUpdater] INFO  impl.StateMachineUpdater (StateMachineUpdater.java:takeSnapshot(281)) - e868a3a3-c0d9-49f0-b374-aca42e6594e7@group-54FD992928C8-StateMachineUpdater: Took a snapshot at index 0
2021-11-26 01:29:22,862 [e868a3a3-c0d9-49f0-b374-aca42e6594e7@group-54FD992928C8-StateMachineUpdater] INFO  impl.StateMachineUpdater (StateMachineUpdater.java:lambda$new$0(89)) - e868a3a3-c0d9-49f0-b374-aca42e6594e7@group-54FD992928C8-StateMachineUpdater: snapshotIndex: updateIncreasingly -1 -> 0
2021-11-26 01:29:22,870 [ForkJoinPool.commonPool-worker-0] INFO  server.RaftServer$Division (ServerState.java:close(419)) - e868a3a3-c0d9-49f0-b374-aca42e6594e7@group-54FD992928C8: closes. applyIndex: 0
2021-11-26 01:29:22,870 [e6079862-fe37-43a4-a998-6eeab30b5c75@group-819E6ABFA9F4-StateMachineUpdater] INFO  ratis.ContainerStateMachine (ContainerStateMachine.java:takeSnapshot(292)) - group-819E6ABFA9F4: Taking a snapshot at:(t:1, i:0) file /home/runner/work/ozone/ozone/hadoop-ozone/integration-test/target/test-dir/MiniOzoneClusterImpl-70e57338-dd19-42c4-b060-07a8ff5308af/datanode-1/data/ratis/d1e4f701-3dfa-4d6e-8386-819e6abfa9f4/sm/snapshot.1_0
2021-11-26 01:29:22,870 [Listener at 127.0.0.1/10172] INFO  impl.StateMachineUpdater (StateMachineUpdater.java:stopAndJoin(149)) - e6079862-fe37-43a4-a998-6eeab30b5c75@group-819E6ABFA9F4-StateMachineUpdater: set stopIndex = 0
2021-11-26 01:29:22,871 [e6079862-fe37-43a4-a998-6eeab30b5c75@group-819E6ABFA9F4-StateMachineUpdater] INFO  ratis.ContainerStateMachine (ContainerStateMachine.java:takeSnapshot(303)) - group-819E6ABFA9F4: Finished taking a snapshot at:(t:1, i:0) file:/home/runner/work/ozone/ozone/hadoop-ozone/integration-test/target/test-dir/MiniOzoneClusterImpl-70e57338-dd19-42c4-b060-07a8ff5308af/datanode-1/data/ratis/d1e4f701-3dfa-4d6e-8386-819e6abfa9f4/sm/snapshot.1_0 took: 1 ms
2021-11-26 01:29:22,872 [e6079862-fe37-43a4-a998-6eeab30b5c75@group-819E6ABFA9F4-StateMachineUpdater] INFO  impl.StateMachineUpdater (StateMachineUpdater.java:takeSnapshot(281)) - e6079862-fe37-43a4-a998-6eeab30b5c75@group-819E6ABFA9F4-StateMachineUpdater: Took a snapshot at index 0
2021-11-26 01:29:22,872 [e6079862-fe37-43a4-a998-6eeab30b5c75@group-819E6ABFA9F4-StateMachineUpdater] INFO  impl.StateMachineUpdater (StateMachineUpdater.java:lambda$new$0(89)) - e6079862-fe37-43a4-a998-6eeab30b5c75@group-819E6ABFA9F4-StateMachineUpdater: snapshotIndex: updateIncreasingly -1 -> 0
2021-11-26 01:29:22,871 [e868a3a3-c0d9-49f0-b374-aca42e6594e7@group-54FD992928C8-SegmentedRaftLogWorker] INFO  segmented.SegmentedRaftLogWorker (SegmentedRaftLogWorker.java:run(327)) - e868a3a3-c0d9-49f0-b374-aca42e6594e7@group-54FD992928C8-SegmentedRaftLogWorker was interrupted, exiting. There are 0 tasks remaining in the queue.
2021-11-26 01:29:22,875 [ForkJoinPool.commonPool-worker-0] INFO  segmented.SegmentedRaftLogWorker (SegmentedRaftLogWorker.java:close(237)) - e868a3a3-c0d9-49f0-b374-aca42e6594e7@group-54FD992928C8-SegmentedRaftLogWorker close()
2021-11-26 01:29:22,876 [Listener at 127.0.0.1/10172] INFO  server.RaftServer$Division (ServerState.java:close(419)) - e6079862-fe37-43a4-a998-6eeab30b5c75@group-819E6ABFA9F4: closes. applyIndex: 0
2021-11-26 01:29:22,880 [e6079862-fe37-43a4-a998-6eeab30b5c75@group-819E6ABFA9F4-SegmentedRaftLogWorker] INFO  segmented.SegmentedRaftLogWorker (SegmentedRaftLogWorker.java:run(327)) - e6079862-fe37-43a4-a998-6eeab30b5c75@group-819E6ABFA9F4-SegmentedRaftLogWorker was interrupted, exiting. There are 0 tasks remaining in the queue.
2021-11-26 01:29:22,876 [ForkJoinPool.commonPool-worker-0] INFO  server.RaftServer$Division (RaftServerImpl.java:lambda$close$4(412)) - e868a3a3-c0d9-49f0-b374-aca42e6594e7@group-1FD3FDC05509: shutdown
2021-11-26 01:29:22,880 [ForkJoinPool.commonPool-worker-0] INFO  util.JmxRegister (JmxRegister.java:unregister(73)) - Successfully un-registered JMX Bean with object name Ratis:service=RaftServer,group=group-1FD3FDC05509,id=e868a3a3-c0d9-49f0-b374-aca42e6594e7
2021-11-26 01:29:22,880 [ForkJoinPool.commonPool-worker-0] INFO  impl.RoleInfo (RoleInfo.java:shutdownLeaderState(91)) - e868a3a3-c0d9-49f0-b374-aca42e6594e7: shutdown e868a3a3-c0d9-49f0-b374-aca42e6594e7@group-1FD3FDC05509-LeaderStateImpl
2021-11-26 01:29:22,881 [ForkJoinPool.commonPool-worker-0] INFO  impl.PendingRequests (PendingRequests.java:sendNotLeaderResponses(282)) - e868a3a3-c0d9-49f0-b374-aca42e6594e7@group-1FD3FDC05509-PendingRequests: sendNotLeaderResponses
2021-11-26 01:29:22,881 [e868a3a3-c0d9-49f0-b374-aca42e6594e7@group-1FD3FDC05509-StateMachineUpdater] INFO  ratis.ContainerStateMachine (ContainerStateMachine.java:takeSnapshot(292)) - group-1FD3FDC05509: Taking a snapshot at:(t:1, i:0) file /home/runner/work/ozone/ozone/hadoop-ozone/integration-test/target/test-dir/MiniOzoneClusterImpl-70e57338-dd19-42c4-b060-07a8ff5308af/datanode-0/data/ratis/a7ed2bd1-3e43-4cf5-b83f-1fd3fdc05509/sm/snapshot.1_0
2021-11-26 01:29:22,882 [ForkJoinPool.commonPool-worker-0] INFO  impl.StateMachineUpdater (StateMachineUpdater.java:stopAndJoin(149)) - e868a3a3-c0d9-49f0-b374-aca42e6594e7@group-1FD3FDC05509-StateMachineUpdater: set stopIndex = 0
2021-11-26 01:29:22,882 [e868a3a3-c0d9-49f0-b374-aca42e6594e7@group-1FD3FDC05509-StateMachineUpdater] INFO  ratis.ContainerStateMachine (ContainerStateMachine.java:takeSnapshot(303)) - group-1FD3FDC05509: Finished taking a snapshot at:(t:1, i:0) file:/home/runner/work/ozone/ozone/hadoop-ozone/integration-test/target/test-dir/MiniOzoneClusterImpl-70e57338-dd19-42c4-b060-07a8ff5308af/datanode-0/data/ratis/a7ed2bd1-3e43-4cf5-b83f-1fd3fdc05509/sm/snapshot.1_0 took: 1 ms
2021-11-26 01:29:22,883 [e868a3a3-c0d9-49f0-b374-aca42e6594e7@group-1FD3FDC05509-StateMachineUpdater] INFO  impl.StateMachineUpdater (StateMachineUpdater.java:takeSnapshot(281)) - e868a3a3-c0d9-49f0-b374-aca42e6594e7@group-1FD3FDC05509-StateMachineUpdater: Took a snapshot at index 0
2021-11-26 01:29:22,883 [e868a3a3-c0d9-49f0-b374-aca42e6594e7@group-1FD3FDC05509-StateMachineUpdater] INFO  impl.StateMachineUpdater (StateMachineUpdater.java:lambda$new$0(89)) - e868a3a3-c0d9-49f0-b374-aca42e6594e7@group-1FD3FDC05509-StateMachineUpdater: snapshotIndex: updateIncreasingly -1 -> 0
2021-11-26 01:29:22,883 [ForkJoinPool.commonPool-worker-0] INFO  server.RaftServer$Division (ServerState.java:close(419)) - e868a3a3-c0d9-49f0-b374-aca42e6594e7@group-1FD3FDC05509: closes. applyIndex: 0
2021-11-26 01:29:22,883 [e868a3a3-c0d9-49f0-b374-aca42e6594e7@group-1FD3FDC05509-SegmentedRaftLogWorker] INFO  segmented.SegmentedRaftLogWorker (SegmentedRaftLogWorker.java:run(327)) - e868a3a3-c0d9-49f0-b374-aca42e6594e7@group-1FD3FDC05509-SegmentedRaftLogWorker was interrupted, exiting. There are 0 tasks remaining in the queue.
2021-11-26 01:29:22,892 [ForkJoinPool.commonPool-worker-0] INFO  segmented.SegmentedRaftLogWorker (SegmentedRaftLogWorker.java:close(237)) - e868a3a3-c0d9-49f0-b374-aca42e6594e7@group-1FD3FDC05509-SegmentedRaftLogWorker close()
2021-11-26 01:29:22,892 [Listener at 127.0.0.1/10172] INFO  segmented.SegmentedRaftLogWorker (SegmentedRaftLogWorker.java:close(237)) - e6079862-fe37-43a4-a998-6eeab30b5c75@group-819E6ABFA9F4-SegmentedRaftLogWorker close()
2021-11-26 01:29:22,893 [ForkJoinPool.commonPool-worker-0] INFO  server.GrpcService (GrpcService.java:closeImpl(262)) - e868a3a3-c0d9-49f0-b374-aca42e6594e7: shutdown server with port 39195 now
2021-11-26 01:29:22,894 [Listener at 127.0.0.1/10172] INFO  server.RaftServer$Division (RaftServerImpl.java:lambda$close$4(412)) - e6079862-fe37-43a4-a998-6eeab30b5c75@group-54FD992928C8: shutdown
2021-11-26 01:29:22,894 [Listener at 127.0.0.1/10172] INFO  util.JmxRegister (JmxRegister.java:unregister(73)) - Successfully un-registered JMX Bean with object name Ratis:service=RaftServer,group=group-54FD992928C8,id=e6079862-fe37-43a4-a998-6eeab30b5c75
2021-11-26 01:29:22,895 [Listener at 127.0.0.1/10172] INFO  impl.RoleInfo (RoleInfo.java:shutdownFollowerState(108)) - e6079862-fe37-43a4-a998-6eeab30b5c75: shutdown e6079862-fe37-43a4-a998-6eeab30b5c75@group-54FD992928C8-FollowerState
2021-11-26 01:29:22,895 [Listener at 127.0.0.1/10172] INFO  impl.StateMachineUpdater (StateMachineUpdater.java:stopAndJoin(149)) - e6079862-fe37-43a4-a998-6eeab30b5c75@group-54FD992928C8-StateMachineUpdater: set stopIndex = 0
2021-11-26 01:29:22,895 [e6079862-fe37-43a4-a998-6eeab30b5c75@group-54FD992928C8-StateMachineUpdater] INFO  ratis.ContainerStateMachine (ContainerStateMachine.java:takeSnapshot(292)) - group-54FD992928C8: Taking a snapshot at:(t:2, i:0) file /home/runner/work/ozone/ozone/hadoop-ozone/integration-test/target/test-dir/MiniOzoneClusterImpl-70e57338-dd19-42c4-b060-07a8ff5308af/datanode-1/data/ratis/8bd0a991-f326-41c5-b045-54fd992928c8/sm/snapshot.2_0
2021-11-26 01:29:22,895 [e6079862-fe37-43a4-a998-6eeab30b5c75@group-54FD992928C8-FollowerState] INFO  impl.FollowerState (FollowerState.java:run(143)) - e6079862-fe37-43a4-a998-6eeab30b5c75@group-54FD992928C8-FollowerState was interrupted: {}
java.lang.InterruptedException: sleep interrupted
	at java.lang.Thread.sleep(Native Method)
	at java.lang.Thread.sleep(Thread.java:340)
	at java.util.concurrent.TimeUnit.sleep(TimeUnit.java:386)
	at org.apache.ratis.util.TimeDuration.sleep(TimeDuration.java:324)
	at org.apache.ratis.util.TimeDuration.sleep(TimeDuration.java:309)
	at org.apache.ratis.server.impl.FollowerState.run(FollowerState.java:118)
2021-11-26 01:29:22,897 [e6079862-fe37-43a4-a998-6eeab30b5c75@group-54FD992928C8-StateMachineUpdater] INFO  ratis.ContainerStateMachine (ContainerStateMachine.java:takeSnapshot(303)) - group-54FD992928C8: Finished taking a snapshot at:(t:2, i:0) file:/home/runner/work/ozone/ozone/hadoop-ozone/integration-test/target/test-dir/MiniOzoneClusterImpl-70e57338-dd19-42c4-b060-07a8ff5308af/datanode-1/data/ratis/8bd0a991-f326-41c5-b045-54fd992928c8/sm/snapshot.2_0 took: 2 ms
2021-11-26 01:29:22,897 [e6079862-fe37-43a4-a998-6eeab30b5c75@group-54FD992928C8-StateMachineUpdater] INFO  impl.StateMachineUpdater (StateMachineUpdater.java:takeSnapshot(281)) - e6079862-fe37-43a4-a998-6eeab30b5c75@group-54FD992928C8-StateMachineUpdater: Took a snapshot at index 0
2021-11-26 01:29:22,897 [e6079862-fe37-43a4-a998-6eeab30b5c75@group-54FD992928C8-StateMachineUpdater] INFO  impl.StateMachineUpdater (StateMachineUpdater.java:lambda$new$0(89)) - e6079862-fe37-43a4-a998-6eeab30b5c75@group-54FD992928C8-StateMachineUpdater: snapshotIndex: updateIncreasingly -1 -> 0
2021-11-26 01:29:22,897 [grpc-default-executor-1] WARN  server.GrpcLogAppender (LogUtils.java:warn(122)) - fa9a63ae-dfc0-4823-af2f-f478aed93153@group-54FD992928C8->e868a3a3-c0d9-49f0-b374-aca42e6594e7-AppendLogResponseHandler: Failed appendEntries: org.apache.ratis.thirdparty.io.grpc.StatusRuntimeException: CANCELLED: HTTP/2 error code: CANCEL
Received Rst Stream
2021-11-26 01:29:22,898 [grpc-default-executor-1] WARN  server.GrpcLogAppender (GrpcLogAppender.java:resetClient(110)) - fa9a63ae-dfc0-4823-af2f-f478aed93153@group-54FD992928C8->e868a3a3-c0d9-49f0-b374-aca42e6594e7-GrpcLogAppender: Leader has not got in touch with Follower fa9a63ae-dfc0-4823-af2f-f478aed93153@group-54FD992928C8->e868a3a3-c0d9-49f0-b374-aca42e6594e7(c0,m0,n1, attendVote=true, lastRpcSendTime=436, lastRpcResponseTime=423) yet, just keep nextIndex unchanged and retry.
2021-11-26 01:29:22,898 [grpc-default-executor-3] WARN  server.GrpcServerProtocolService (LogUtils.java:warn(122)) - e868a3a3-c0d9-49f0-b374-aca42e6594e7: installSnapshot onError, lastRequest: fa9a63ae-dfc0-4823-af2f-f478aed93153->e868a3a3-c0d9-49f0-b374-aca42e6594e7#1-t2,previous=(t:0, i:0),leaderCommit=-1,initializing? true,entries: size=1, first=(t:2, i:0), CONFIGURATIONENTRY: org.apache.ratis.thirdparty.io.grpc.StatusRuntimeException: CANCELLED: client cancelled
2021-11-26 01:29:22,898 [Listener at 127.0.0.1/10172] INFO  server.RaftServer$Division (ServerState.java:close(419)) - e6079862-fe37-43a4-a998-6eeab30b5c75@group-54FD992928C8: closes. applyIndex: 0
2021-11-26 01:29:22,898 [e6079862-fe37-43a4-a998-6eeab30b5c75@group-54FD992928C8-SegmentedRaftLogWorker] INFO  segmented.SegmentedRaftLogWorker (SegmentedRaftLogWorker.java:run(327)) - e6079862-fe37-43a4-a998-6eeab30b5c75@group-54FD992928C8-SegmentedRaftLogWorker was interrupted, exiting. There are 0 tasks remaining in the queue.
2021-11-26 01:29:22,904 [ForkJoinPool.commonPool-worker-0] INFO  server.GrpcService (GrpcService.java:closeImpl(271)) - e868a3a3-c0d9-49f0-b374-aca42e6594e7: shutdown server with port 39195 successfully
2021-11-26 01:29:22,905 [org.apache.ratis.util.JvmPauseMonitor$$Lambda$499/73608444@190f6296] INFO  util.JvmPauseMonitor (JvmPauseMonitor.java:run(109)) - JvmPauseMonitor-e868a3a3-c0d9-49f0-b374-aca42e6594e7: Stopped
2021-11-26 01:29:22,906 [ForkJoinPool.commonPool-worker-0] INFO  utils.BackgroundService (BackgroundService.java:shutdown(132)) - Shutting down service BlockDeletingService
2021-11-26 01:29:22,906 [Listener at 127.0.0.1/10172] INFO  segmented.SegmentedRaftLogWorker (SegmentedRaftLogWorker.java:close(237)) - e6079862-fe37-43a4-a998-6eeab30b5c75@group-54FD992928C8-SegmentedRaftLogWorker close()
2021-11-26 01:29:22,908 [Listener at 127.0.0.1/10172] INFO  server.GrpcService (GrpcService.java:closeImpl(262)) - e6079862-fe37-43a4-a998-6eeab30b5c75: shutdown server with port 44915 now
2021-11-26 01:29:22,911 [grpc-default-executor-3] WARN  server.GrpcServerProtocolService (LogUtils.java:warn(122)) - e6079862-fe37-43a4-a998-6eeab30b5c75: installSnapshot onError, lastRequest: fa9a63ae-dfc0-4823-af2f-f478aed93153->e6079862-fe37-43a4-a998-6eeab30b5c75#1-t2,previous=(t:0, i:0),leaderCommit=-1,initializing? true,entries: size=1, first=(t:2, i:0), CONFIGURATIONENTRY: org.apache.ratis.thirdparty.io.grpc.StatusRuntimeException: CANCELLED: client cancelled
2021-11-26 01:29:22,911 [grpc-default-executor-2] WARN  server.GrpcLogAppender (LogUtils.java:warn(122)) - fa9a63ae-dfc0-4823-af2f-f478aed93153@group-54FD992928C8->e6079862-fe37-43a4-a998-6eeab30b5c75-AppendLogResponseHandler: Failed appendEntries: org.apache.ratis.thirdparty.io.grpc.StatusRuntimeException: CANCELLED: HTTP/2 error code: CANCEL
Received Rst Stream
2021-11-26 01:29:22,916 [grpc-default-executor-2] WARN  server.GrpcLogAppender (GrpcLogAppender.java:resetClient(110)) - fa9a63ae-dfc0-4823-af2f-f478aed93153@group-54FD992928C8->e6079862-fe37-43a4-a998-6eeab30b5c75-GrpcLogAppender: Leader has not got in touch with Follower fa9a63ae-dfc0-4823-af2f-f478aed93153@group-54FD992928C8->e6079862-fe37-43a4-a998-6eeab30b5c75(c0,m0,n1, attendVote=true, lastRpcSendTime=390, lastRpcResponseTime=384) yet, just keep nextIndex unchanged and retry.
2021-11-26 01:29:22,916 [Listener at 127.0.0.1/10172] INFO  server.GrpcService (GrpcService.java:closeImpl(271)) - e6079862-fe37-43a4-a998-6eeab30b5c75: shutdown server with port 44915 successfully
2021-11-26 01:29:22,917 [org.apache.ratis.util.JvmPauseMonitor$$Lambda$499/73608444@52ea9c42] INFO  util.JvmPauseMonitor (JvmPauseMonitor.java:run(109)) - JvmPauseMonitor-e6079862-fe37-43a4-a998-6eeab30b5c75: Stopped
2021-11-26 01:29:22,948 [Listener at 127.0.0.1/10172] INFO  utils.BackgroundService (BackgroundService.java:shutdown(132)) - Shutting down service BlockDeletingService
2021-11-26 01:29:23,226 [EndpointStateMachine task thread for /127.0.0.1:12845 - 0 ] INFO  ipc.Client (Client.java:handleConnectionFailure(977)) - Retrying connect to server: localhost/127.0.0.1:12845. Already tried 14 time(s); retry policy is RetryUpToMaximumCountWithFixedSleep(maxRetries=15, sleepTime=1000 MILLISECONDS)
2021-11-26 01:29:23,234 [EndpointStateMachine task thread for /127.0.0.1:12835 - 0 ] INFO  ipc.Client (Client.java:handleConnectionFailure(977)) - Retrying connect to server: localhost/127.0.0.1:12835. Already tried 14 time(s); retry policy is RetryUpToMaximumCountWithFixedSleep(maxRetries=15, sleepTime=1000 MILLISECONDS)
2021-11-26 01:29:23,236 [EndpointStateMachine task thread for /127.0.0.1:12825 - 0 ] INFO  ipc.Client (Client.java:handleConnectionFailure(977)) - Retrying connect to server: localhost/127.0.0.1:12825. Already tried 2 time(s); retry policy is RetryUpToMaximumCountWithFixedSleep(maxRetries=15, sleepTime=1000 MILLISECONDS)
2021-11-26 01:29:23,593 [EndpointStateMachine task thread for /127.0.0.1:15531 - 0 ] INFO  ipc.Client (Client.java:handleConnectionFailure(977)) - Retrying connect to server: localhost/127.0.0.1:15531. Already tried 7 time(s); retry policy is RetryUpToMaximumCountWithFixedSleep(maxRetries=15, sleepTime=1000 MILLISECONDS)
2021-11-26 01:29:23,595 [EndpointStateMachine task thread for /127.0.0.1:15541 - 0 ] INFO  ipc.Client (Client.java:handleConnectionFailure(977)) - Retrying connect to server: localhost/127.0.0.1:15541. Already tried 7 time(s); retry policy is RetryUpToMaximumCountWithFixedSleep(maxRetries=15, sleepTime=1000 MILLISECONDS)
2021-11-26 01:29:23,808 [EndpointStateMachine task thread for /127.0.0.1:15521 - 0 ] INFO  ipc.Client (Client.java:handleConnectionFailure(977)) - Retrying connect to server: localhost/127.0.0.1:15521. Already tried 7 time(s); retry policy is RetryUpToMaximumCountWithFixedSleep(maxRetries=15, sleepTime=1000 MILLISECONDS)
2021-11-26 01:29:24,228 [EndpointStateMachine task thread for /127.0.0.1:12845 - 0 ] INFO  ipc.Client (Client.java:handleConnectionFailure(977)) - Retrying connect to server: localhost/127.0.0.1:12845. Already tried 0 time(s); retry policy is RetryUpToMaximumCountWithFixedSleep(maxRetries=15, sleepTime=1000 MILLISECONDS)
2021-11-26 01:29:24,235 [EndpointStateMachine task thread for /127.0.0.1:12835 - 0 ] INFO  ipc.Client (Client.java:handleConnectionFailure(977)) - Retrying connect to server: localhost/127.0.0.1:12835. Already tried 0 time(s); retry policy is RetryUpToMaximumCountWithFixedSleep(maxRetries=15, sleepTime=1000 MILLISECONDS)
2021-11-26 01:29:24,236 [EndpointStateMachine task thread for /127.0.0.1:12825 - 0 ] INFO  ipc.Client (Client.java:handleConnectionFailure(977)) - Retrying connect to server: localhost/127.0.0.1:12825. Already tried 3 time(s); retry policy is RetryUpToMaximumCountWithFixedSleep(maxRetries=15, sleepTime=1000 MILLISECONDS)
2021-11-26 01:29:24,594 [EndpointStateMachine task thread for /127.0.0.1:15531 - 0 ] INFO  ipc.Client (Client.java:handleConnectionFailure(977)) - Retrying connect to server: localhost/127.0.0.1:15531. Already tried 8 time(s); retry policy is RetryUpToMaximumCountWithFixedSleep(maxRetries=15, sleepTime=1000 MILLISECONDS)
2021-11-26 01:29:24,595 [EndpointStateMachine task thread for /127.0.0.1:15541 - 0 ] INFO  ipc.Client (Client.java:handleConnectionFailure(977)) - Retrying connect to server: localhost/127.0.0.1:15541. Already tried 8 time(s); retry policy is RetryUpToMaximumCountWithFixedSleep(maxRetries=15, sleepTime=1000 MILLISECONDS)
2021-11-26 01:29:24,809 [EndpointStateMachine task thread for /127.0.0.1:15521 - 0 ] INFO  ipc.Client (Client.java:handleConnectionFailure(977)) - Retrying connect to server: localhost/127.0.0.1:15521. Already tried 8 time(s); retry policy is RetryUpToMaximumCountWithFixedSleep(maxRetries=15, sleepTime=1000 MILLISECONDS)
2021-11-26 01:29:24,992 [grpc-default-executor-2] WARN  server.GrpcLogAppender (LogUtils.java:warn(122)) - fa9a63ae-dfc0-4823-af2f-f478aed93153@group-54FD992928C8->e868a3a3-c0d9-49f0-b374-aca42e6594e7-AppendLogResponseHandler: Failed appendEntries: org.apache.ratis.thirdparty.io.grpc.StatusRuntimeException: UNAVAILABLE: io exception
2021-11-26 01:29:24,993 [grpc-default-executor-2] WARN  server.GrpcLogAppender (GrpcLogAppender.java:resetClient(110)) - fa9a63ae-dfc0-4823-af2f-f478aed93153@group-54FD992928C8->e868a3a3-c0d9-49f0-b374-aca42e6594e7-GrpcLogAppender: Leader has not got in touch with Follower fa9a63ae-dfc0-4823-af2f-f478aed93153@group-54FD992928C8->e868a3a3-c0d9-49f0-b374-aca42e6594e7(c0,m0,n1, attendVote=true, lastRpcSendTime=1, lastRpcResponseTime=2519) yet, just keep nextIndex unchanged and retry.
2021-11-26 01:29:25,046 [grpc-default-executor-3] WARN  server.GrpcLogAppender (LogUtils.java:warn(122)) - fa9a63ae-dfc0-4823-af2f-f478aed93153@group-54FD992928C8->e6079862-fe37-43a4-a998-6eeab30b5c75-AppendLogResponseHandler: Failed appendEntries: org.apache.ratis.thirdparty.io.grpc.StatusRuntimeException: UNAVAILABLE: io exception
2021-11-26 01:29:25,047 [grpc-default-executor-3] WARN  server.GrpcLogAppender (GrpcLogAppender.java:resetClient(110)) - fa9a63ae-dfc0-4823-af2f-f478aed93153@group-54FD992928C8->e6079862-fe37-43a4-a998-6eeab30b5c75-GrpcLogAppender: Leader has not got in touch with Follower fa9a63ae-dfc0-4823-af2f-f478aed93153@group-54FD992928C8->e6079862-fe37-43a4-a998-6eeab30b5c75(c0,m0,n1, attendVote=true, lastRpcSendTime=1, lastRpcResponseTime=2515) yet, just keep nextIndex unchanged and retry.
2021-11-26 01:29:25,228 [EndpointStateMachine task thread for /127.0.0.1:12845 - 0 ] INFO  ipc.Client (Client.java:handleConnectionFailure(977)) - Retrying connect to server: localhost/127.0.0.1:12845. Already tried 1 time(s); retry policy is RetryUpToMaximumCountWithFixedSleep(maxRetries=15, sleepTime=1000 MILLISECONDS)
2021-11-26 01:29:25,235 [EndpointStateMachine task thread for /127.0.0.1:12835 - 0 ] INFO  ipc.Client (Client.java:handleConnectionFailure(977)) - Retrying connect to server: localhost/127.0.0.1:12835. Already tried 1 time(s); retry policy is RetryUpToMaximumCountWithFixedSleep(maxRetries=15, sleepTime=1000 MILLISECONDS)
2021-11-26 01:29:25,264 [EndpointStateMachine task thread for /127.0.0.1:12825 - 0 ] INFO  ipc.Client (Client.java:handleConnectionFailure(977)) - Retrying connect to server: localhost/127.0.0.1:12825. Already tried 4 time(s); retry policy is RetryUpToMaximumCountWithFixedSleep(maxRetries=15, sleepTime=1000 MILLISECONDS)
2021-11-26 01:29:25,594 [EndpointStateMachine task thread for /127.0.0.1:15531 - 0 ] INFO  ipc.Client (Client.java:handleConnectionFailure(977)) - Retrying connect to server: localhost/127.0.0.1:15531. Already tried 9 time(s); retry policy is RetryUpToMaximumCountWithFixedSleep(maxRetries=15, sleepTime=1000 MILLISECONDS)
2021-11-26 01:29:25,596 [EndpointStateMachine task thread for /127.0.0.1:15541 - 0 ] INFO  ipc.Client (Client.java:handleConnectionFailure(977)) - Retrying connect to server: localhost/127.0.0.1:15541. Already tried 9 time(s); retry policy is RetryUpToMaximumCountWithFixedSleep(maxRetries=15, sleepTime=1000 MILLISECONDS)
2021-11-26 01:29:25,809 [EndpointStateMachine task thread for /127.0.0.1:15521 - 0 ] INFO  ipc.Client (Client.java:handleConnectionFailure(977)) - Retrying connect to server: localhost/127.0.0.1:15521. Already tried 9 time(s); retry policy is RetryUpToMaximumCountWithFixedSleep(maxRetries=15, sleepTime=1000 MILLISECONDS)
2021-11-26 01:29:25,929 [ForkJoinPool.commonPool-worker-0] INFO  statemachine.DatanodeStateMachine (DatanodeStateMachine.java:stopDaemon(526)) - Ozone container server stopped.
2021-11-26 01:29:25,934 [ForkJoinPool.commonPool-worker-0] INFO  handler.ContextHandler (ContextHandler.java:doStop(1153)) - Stopped o.e.j.w.WebAppContext@673b5922{hddsDatanode,/,null,STOPPED}{jar:file:/home/runner/.m2/repository/org/apache/ozone/hdds-container-service/1.3.0-SNAPSHOT/hdds-container-service-1.3.0-SNAPSHOT.jar!/webapps/hddsDatanode}
2021-11-26 01:29:25,940 [ForkJoinPool.commonPool-worker-0] INFO  server.AbstractConnector (AbstractConnector.java:doStop(381)) - Stopped ServerConnector@14c77f6d{HTTP/1.1, (http/1.1)}{0.0.0.0:0}
2021-11-26 01:29:25,940 [ForkJoinPool.commonPool-worker-0] INFO  server.session (HouseKeeper.java:stopScavenging(149)) - node0 Stopped scavenging
2021-11-26 01:29:25,942 [ForkJoinPool.commonPool-worker-0] INFO  handler.ContextHandler (ContextHandler.java:doStop(1153)) - Stopped o.e.j.s.ServletContextHandler@4c8754b9{static,/static,jar:file:/home/runner/.m2/repository/org/apache/ozone/hdds-container-service/1.3.0-SNAPSHOT/hdds-container-service-1.3.0-SNAPSHOT.jar!/webapps/static,STOPPED}
2021-11-26 01:29:25,943 [ForkJoinPool.commonPool-worker-0] INFO  handler.ContextHandler (ContextHandler.java:doStop(1153)) - Stopped o.e.j.s.ServletContextHandler@2e47326b{logs,/logs,file:///home/runner/work/ozone/ozone/hadoop-ozone/integration-test/target/log,STOPPED}
2021-11-26 01:29:25,988 [Listener at 127.0.0.1/10172] INFO  statemachine.DatanodeStateMachine (DatanodeStateMachine.java:stopDaemon(526)) - Ozone container server stopped.
2021-11-26 01:29:25,989 [Listener at 127.0.0.1/10172] INFO  handler.ContextHandler (ContextHandler.java:doStop(1153)) - Stopped o.e.j.w.WebAppContext@1b601570{hddsDatanode,/,null,STOPPED}{jar:file:/home/runner/.m2/repository/org/apache/ozone/hdds-container-service/1.3.0-SNAPSHOT/hdds-container-service-1.3.0-SNAPSHOT.jar!/webapps/hddsDatanode}
2021-11-26 01:29:25,990 [Listener at 127.0.0.1/10172] INFO  server.AbstractConnector (AbstractConnector.java:doStop(381)) - Stopped ServerConnector@8779d78{HTTP/1.1, (http/1.1)}{0.0.0.0:0}
2021-11-26 01:29:25,990 [Listener at 127.0.0.1/10172] INFO  server.session (HouseKeeper.java:stopScavenging(149)) - node0 Stopped scavenging
2021-11-26 01:29:25,990 [Listener at 127.0.0.1/10172] INFO  handler.ContextHandler (ContextHandler.java:doStop(1153)) - Stopped o.e.j.s.ServletContextHandler@1ca5b7c7{static,/static,jar:file:/home/runner/.m2/repository/org/apache/ozone/hdds-container-service/1.3.0-SNAPSHOT/hdds-container-service-1.3.0-SNAPSHOT.jar!/webapps/static,STOPPED}
2021-11-26 01:29:25,991 [Listener at 127.0.0.1/10172] INFO  handler.ContextHandler (ContextHandler.java:doStop(1153)) - Stopped o.e.j.s.ServletContextHandler@265edc64{logs,/logs,file:///home/runner/work/ozone/ozone/hadoop-ozone/integration-test/target/log,STOPPED}
2021-11-26 01:29:26,229 [EndpointStateMachine task thread for /127.0.0.1:12845 - 0 ] INFO  ipc.Client (Client.java:handleConnectionFailure(977)) - Retrying connect to server: localhost/127.0.0.1:12845. Already tried 2 time(s); retry policy is RetryUpToMaximumCountWithFixedSleep(maxRetries=15, sleepTime=1000 MILLISECONDS)
2021-11-26 01:29:26,236 [EndpointStateMachine task thread for /127.0.0.1:12835 - 0 ] INFO  ipc.Client (Client.java:handleConnectionFailure(977)) - Retrying connect to server: localhost/127.0.0.1:12835. Already tried 2 time(s); retry policy is RetryUpToMaximumCountWithFixedSleep(maxRetries=15, sleepTime=1000 MILLISECONDS)
2021-11-26 01:29:26,265 [EndpointStateMachine task thread for /127.0.0.1:12825 - 0 ] INFO  ipc.Client (Client.java:handleConnectionFailure(977)) - Retrying connect to server: localhost/127.0.0.1:12825. Already tried 5 time(s); retry policy is RetryUpToMaximumCountWithFixedSleep(maxRetries=15, sleepTime=1000 MILLISECONDS)
2021-11-26 01:29:26,597 [EndpointStateMachine task thread for /127.0.0.1:15541 - 0 ] INFO  ipc.Client (Client.java:handleConnectionFailure(977)) - Retrying connect to server: localhost/127.0.0.1:15541. Already tried 10 time(s); retry policy is RetryUpToMaximumCountWithFixedSleep(maxRetries=15, sleepTime=1000 MILLISECONDS)
2021-11-26 01:29:26,597 [EndpointStateMachine task thread for /127.0.0.1:15531 - 0 ] INFO  ipc.Client (Client.java:handleConnectionFailure(977)) - Retrying connect to server: localhost/127.0.0.1:15531. Already tried 10 time(s); retry policy is RetryUpToMaximumCountWithFixedSleep(maxRetries=15, sleepTime=1000 MILLISECONDS)
2021-11-26 01:29:26,810 [EndpointStateMachine task thread for /127.0.0.1:15521 - 0 ] INFO  ipc.Client (Client.java:handleConnectionFailure(977)) - Retrying connect to server: localhost/127.0.0.1:15521. Already tried 10 time(s); retry policy is RetryUpToMaximumCountWithFixedSleep(maxRetries=15, sleepTime=1000 MILLISECONDS)
2021-11-26 01:29:26,811 [Datanode State Machine Daemon Thread] WARN  statemachine.StateContext (StateContext.java:setState(249)) - Ignore disallowed transition from SHUTDOWN to RUNNING
2021-11-26 01:29:27,230 [EndpointStateMachine task thread for /127.0.0.1:12845 - 0 ] INFO  ipc.Client (Client.java:handleConnectionFailure(977)) - Retrying connect to server: localhost/127.0.0.1:12845. Already tried 3 time(s); retry policy is RetryUpToMaximumCountWithFixedSleep(maxRetries=15, sleepTime=1000 MILLISECONDS)
2021-11-26 01:29:27,236 [EndpointStateMachine task thread for /127.0.0.1:12835 - 0 ] INFO  ipc.Client (Client.java:handleConnectionFailure(977)) - Retrying connect to server: localhost/127.0.0.1:12835. Already tried 3 time(s); retry policy is RetryUpToMaximumCountWithFixedSleep(maxRetries=15, sleepTime=1000 MILLISECONDS)
2021-11-26 01:29:27,265 [EndpointStateMachine task thread for /127.0.0.1:12825 - 0 ] INFO  ipc.Client (Client.java:handleConnectionFailure(977)) - Retrying connect to server: localhost/127.0.0.1:12825. Already tried 6 time(s); retry policy is RetryUpToMaximumCountWithFixedSleep(maxRetries=15, sleepTime=1000 MILLISECONDS)
2021-11-26 01:29:27,496 [grpc-default-executor-3] WARN  server.GrpcLogAppender (LogUtils.java:warn(122)) - fa9a63ae-dfc0-4823-af2f-f478aed93153@group-54FD992928C8->e868a3a3-c0d9-49f0-b374-aca42e6594e7-AppendLogResponseHandler: Failed appendEntries: org.apache.ratis.thirdparty.io.grpc.StatusRuntimeException: UNAVAILABLE: io exception
2021-11-26 01:29:27,497 [grpc-default-executor-3] WARN  server.GrpcLogAppender (GrpcLogAppender.java:resetClient(110)) - fa9a63ae-dfc0-4823-af2f-f478aed93153@group-54FD992928C8->e868a3a3-c0d9-49f0-b374-aca42e6594e7-GrpcLogAppender: Leader has not got in touch with Follower fa9a63ae-dfc0-4823-af2f-f478aed93153@group-54FD992928C8->e868a3a3-c0d9-49f0-b374-aca42e6594e7(c0,m0,n1, attendVote=true, lastRpcSendTime=2505, lastRpcResponseTime=5023) yet, just keep nextIndex unchanged and retry.
2021-11-26 01:29:27,548 [grpc-default-executor-3] WARN  server.GrpcLogAppender (LogUtils.java:warn(122)) - fa9a63ae-dfc0-4823-af2f-f478aed93153@group-54FD992928C8->e6079862-fe37-43a4-a998-6eeab30b5c75-AppendLogResponseHandler: Failed appendEntries: org.apache.ratis.thirdparty.io.grpc.StatusRuntimeException: UNAVAILABLE: io exception
2021-11-26 01:29:27,548 [grpc-default-executor-3] WARN  server.GrpcLogAppender (GrpcLogAppender.java:resetClient(110)) - fa9a63ae-dfc0-4823-af2f-f478aed93153@group-54FD992928C8->e6079862-fe37-43a4-a998-6eeab30b5c75-GrpcLogAppender: Leader has not got in touch with Follower fa9a63ae-dfc0-4823-af2f-f478aed93153@group-54FD992928C8->e6079862-fe37-43a4-a998-6eeab30b5c75(c0,m0,n1, attendVote=true, lastRpcSendTime=3, lastRpcResponseTime=5017) yet, just keep nextIndex unchanged and retry.
2021-11-26 01:29:27,604 [EndpointStateMachine task thread for /127.0.0.1:15531 - 0 ] INFO  ipc.Client (Client.java:handleConnectionFailure(977)) - Retrying connect to server: localhost/127.0.0.1:15531. Already tried 11 time(s); retry policy is RetryUpToMaximumCountWithFixedSleep(maxRetries=15, sleepTime=1000 MILLISECONDS)
2021-11-26 01:29:27,605 [EndpointStateMachine task thread for /127.0.0.1:15541 - 0 ] INFO  ipc.Client (Client.java:handleConnectionFailure(977)) - Retrying connect to server: localhost/127.0.0.1:15541. Already tried 11 time(s); retry policy is RetryUpToMaximumCountWithFixedSleep(maxRetries=15, sleepTime=1000 MILLISECONDS)
2021-11-26 01:29:27,811 [EndpointStateMachine task thread for /127.0.0.1:15521 - 0 ] INFO  ipc.Client (Client.java:handleConnectionFailure(977)) - Retrying connect to server: localhost/127.0.0.1:15521. Already tried 11 time(s); retry policy is RetryUpToMaximumCountWithFixedSleep(maxRetries=15, sleepTime=1000 MILLISECONDS)
2021-11-26 01:29:28,230 [EndpointStateMachine task thread for /127.0.0.1:12845 - 0 ] INFO  ipc.Client (Client.java:handleConnectionFailure(977)) - Retrying connect to server: localhost/127.0.0.1:12845. Already tried 4 time(s); retry policy is RetryUpToMaximumCountWithFixedSleep(maxRetries=15, sleepTime=1000 MILLISECONDS)
2021-11-26 01:29:28,240 [EndpointStateMachine task thread for /127.0.0.1:12835 - 0 ] INFO  ipc.Client (Client.java:handleConnectionFailure(977)) - Retrying connect to server: localhost/127.0.0.1:12835. Already tried 4 time(s); retry policy is RetryUpToMaximumCountWithFixedSleep(maxRetries=15, sleepTime=1000 MILLISECONDS)
2021-11-26 01:29:28,266 [EndpointStateMachine task thread for /127.0.0.1:12825 - 0 ] INFO  ipc.Client (Client.java:handleConnectionFailure(977)) - Retrying connect to server: localhost/127.0.0.1:12825. Already tried 7 time(s); retry policy is RetryUpToMaximumCountWithFixedSleep(maxRetries=15, sleepTime=1000 MILLISECONDS)
2021-11-26 01:29:28,605 [EndpointStateMachine task thread for /127.0.0.1:15531 - 0 ] INFO  ipc.Client (Client.java:handleConnectionFailure(977)) - Retrying connect to server: localhost/127.0.0.1:15531. Already tried 12 time(s); retry policy is RetryUpToMaximumCountWithFixedSleep(maxRetries=15, sleepTime=1000 MILLISECONDS)
2021-11-26 01:29:28,605 [EndpointStateMachine task thread for /127.0.0.1:15541 - 0 ] INFO  ipc.Client (Client.java:handleConnectionFailure(977)) - Retrying connect to server: localhost/127.0.0.1:15541. Already tried 12 time(s); retry policy is RetryUpToMaximumCountWithFixedSleep(maxRetries=15, sleepTime=1000 MILLISECONDS)
2021-11-26 01:29:28,812 [EndpointStateMachine task thread for /127.0.0.1:15521 - 0 ] INFO  ipc.Client (Client.java:handleConnectionFailure(977)) - Retrying connect to server: localhost/127.0.0.1:15521. Already tried 12 time(s); retry policy is RetryUpToMaximumCountWithFixedSleep(maxRetries=15, sleepTime=1000 MILLISECONDS)
2021-11-26 01:29:29,231 [EndpointStateMachine task thread for /127.0.0.1:12845 - 0 ] INFO  ipc.Client (Client.java:handleConnectionFailure(977)) - Retrying connect to server: localhost/127.0.0.1:12845. Already tried 5 time(s); retry policy is RetryUpToMaximumCountWithFixedSleep(maxRetries=15, sleepTime=1000 MILLISECONDS)
2021-11-26 01:29:29,241 [EndpointStateMachine task thread for /127.0.0.1:12835 - 0 ] INFO  ipc.Client (Client.java:handleConnectionFailure(977)) - Retrying connect to server: localhost/127.0.0.1:12835. Already tried 5 time(s); retry policy is RetryUpToMaximumCountWithFixedSleep(maxRetries=15, sleepTime=1000 MILLISECONDS)
2021-11-26 01:29:29,266 [EndpointStateMachine task thread for /127.0.0.1:12825 - 0 ] INFO  ipc.Client (Client.java:handleConnectionFailure(977)) - Retrying connect to server: localhost/127.0.0.1:12825. Already tried 8 time(s); retry policy is RetryUpToMaximumCountWithFixedSleep(maxRetries=15, sleepTime=1000 MILLISECONDS)
2021-11-26 01:29:29,605 [EndpointStateMachine task thread for /127.0.0.1:15531 - 0 ] INFO  ipc.Client (Client.java:handleConnectionFailure(977)) - Retrying connect to server: localhost/127.0.0.1:15531. Already tried 13 time(s); retry policy is RetryUpToMaximumCountWithFixedSleep(maxRetries=15, sleepTime=1000 MILLISECONDS)
2021-11-26 01:29:29,606 [EndpointStateMachine task thread for /127.0.0.1:15541 - 0 ] INFO  ipc.Client (Client.java:handleConnectionFailure(977)) - Retrying connect to server: localhost/127.0.0.1:15541. Already tried 13 time(s); retry policy is RetryUpToMaximumCountWithFixedSleep(maxRetries=15, sleepTime=1000 MILLISECONDS)
2021-11-26 01:29:29,647 [fa9a63ae-dfc0-4823-af2f-f478aed93153@group-904FFB5E5D13-FollowerState] INFO  impl.FollowerState (FollowerState.java:run(134)) - fa9a63ae-dfc0-4823-af2f-f478aed93153@group-904FFB5E5D13-FollowerState: change to CANDIDATE, lastRpcElapsedTime:7738578986ns, electionTimeout:5128ms
2021-11-26 01:29:29,647 [fa9a63ae-dfc0-4823-af2f-f478aed93153@group-904FFB5E5D13-FollowerState] INFO  impl.RoleInfo (RoleInfo.java:shutdownFollowerState(108)) - fa9a63ae-dfc0-4823-af2f-f478aed93153: shutdown fa9a63ae-dfc0-4823-af2f-f478aed93153@group-904FFB5E5D13-FollowerState
2021-11-26 01:29:29,647 [fa9a63ae-dfc0-4823-af2f-f478aed93153@group-904FFB5E5D13-FollowerState] INFO  server.RaftServer$Division (RaftServerImpl.java:setRole(290)) - fa9a63ae-dfc0-4823-af2f-f478aed93153@group-904FFB5E5D13: changes role from  FOLLOWER to CANDIDATE at term 1 for changeToCandidate
2021-11-26 01:29:29,648 [fa9a63ae-dfc0-4823-af2f-f478aed93153@group-904FFB5E5D13-FollowerState] INFO  server.RaftServerConfigKeys (ConfUtils.java:logGet(44)) - raft.server.leaderelection.pre-vote = false (custom)
2021-11-26 01:29:29,648 [fa9a63ae-dfc0-4823-af2f-f478aed93153@group-904FFB5E5D13-FollowerState] INFO  impl.RoleInfo (RoleInfo.java:updateAndGet(130)) - fa9a63ae-dfc0-4823-af2f-f478aed93153: start fa9a63ae-dfc0-4823-af2f-f478aed93153@group-904FFB5E5D13-LeaderElection28
2021-11-26 01:29:29,672 [fa9a63ae-dfc0-4823-af2f-f478aed93153@group-904FFB5E5D13-LeaderElection28] INFO  server.RaftServer$Division (ServerState.java:setLeader(285)) - fa9a63ae-dfc0-4823-af2f-f478aed93153@group-904FFB5E5D13: change Leader from e868a3a3-c0d9-49f0-b374-aca42e6594e7 to null at term 1 for ELECTION
2021-11-26 01:29:29,680 [fa9a63ae-dfc0-4823-af2f-f478aed93153@group-904FFB5E5D13-LeaderElection28] INFO  impl.LeaderElection (LeaderElection.java:askForVotes(306)) - fa9a63ae-dfc0-4823-af2f-f478aed93153@group-904FFB5E5D13-LeaderElection28 ELECTION round 0: submit vote requests at term 2 for 0: [e6079862-fe37-43a4-a998-6eeab30b5c75|rpc:127.0.0.1:44915|dataStream:|priority:0, fa9a63ae-dfc0-4823-af2f-f478aed93153|rpc:127.0.0.1:42615|dataStream:|priority:0, e868a3a3-c0d9-49f0-b374-aca42e6594e7|rpc:127.0.0.1:39195|dataStream:|priority:1], old=null
2021-11-26 01:29:29,700 [fa9a63ae-dfc0-4823-af2f-f478aed93153@group-904FFB5E5D13-LeaderElection28] INFO  impl.LeaderElection (LogUtils.java:infoOrTrace(137)) - fa9a63ae-dfc0-4823-af2f-f478aed93153@group-904FFB5E5D13-LeaderElection28 got exception when requesting votes: java.util.concurrent.ExecutionException: org.apache.ratis.thirdparty.io.grpc.StatusRuntimeException: UNAVAILABLE: io exception
2021-11-26 01:29:29,710 [fa9a63ae-dfc0-4823-af2f-f478aed93153@group-904FFB5E5D13-LeaderElection28] INFO  impl.LeaderElection (LogUtils.java:infoOrTrace(137)) - fa9a63ae-dfc0-4823-af2f-f478aed93153@group-904FFB5E5D13-LeaderElection28 got exception when requesting votes: java.util.concurrent.ExecutionException: org.apache.ratis.thirdparty.io.grpc.StatusRuntimeException: UNAVAILABLE: io exception
2021-11-26 01:29:29,710 [fa9a63ae-dfc0-4823-af2f-f478aed93153@group-904FFB5E5D13-LeaderElection28] INFO  impl.LeaderElection (LeaderElection.java:logAndReturn(89)) - fa9a63ae-dfc0-4823-af2f-f478aed93153@group-904FFB5E5D13-LeaderElection28: ELECTION REJECTED received 0 response(s) and 2 exception(s):
2021-11-26 01:29:29,710 [fa9a63ae-dfc0-4823-af2f-f478aed93153@group-904FFB5E5D13-LeaderElection28] INFO  impl.LeaderElection (LogUtils.java:infoOrTrace(137)) -   Exception 0: java.util.concurrent.ExecutionException: org.apache.ratis.thirdparty.io.grpc.StatusRuntimeException: UNAVAILABLE: io exception
2021-11-26 01:29:29,710 [fa9a63ae-dfc0-4823-af2f-f478aed93153@group-904FFB5E5D13-LeaderElection28] INFO  impl.LeaderElection (LogUtils.java:infoOrTrace(137)) -   Exception 1: java.util.concurrent.ExecutionException: org.apache.ratis.thirdparty.io.grpc.StatusRuntimeException: UNAVAILABLE: io exception
2021-11-26 01:29:29,710 [fa9a63ae-dfc0-4823-af2f-f478aed93153@group-904FFB5E5D13-LeaderElection28] INFO  impl.LeaderElection (LeaderElection.java:askForVotes(308)) - fa9a63ae-dfc0-4823-af2f-f478aed93153@group-904FFB5E5D13-LeaderElection28 ELECTION round 0: result REJECTED
2021-11-26 01:29:29,710 [fa9a63ae-dfc0-4823-af2f-f478aed93153@group-904FFB5E5D13-LeaderElection28] INFO  server.RaftServer$Division (RaftServerImpl.java:setRole(290)) - fa9a63ae-dfc0-4823-af2f-f478aed93153@group-904FFB5E5D13: changes role from CANDIDATE to FOLLOWER at term 2 for REJECTED
2021-11-26 01:29:29,710 [fa9a63ae-dfc0-4823-af2f-f478aed93153@group-904FFB5E5D13-LeaderElection28] INFO  impl.RoleInfo (RoleInfo.java:shutdownLeaderElection(121)) - fa9a63ae-dfc0-4823-af2f-f478aed93153: shutdown fa9a63ae-dfc0-4823-af2f-f478aed93153@group-904FFB5E5D13-LeaderElection28
2021-11-26 01:29:29,710 [fa9a63ae-dfc0-4823-af2f-f478aed93153@group-904FFB5E5D13-LeaderElection28] INFO  impl.RoleInfo (RoleInfo.java:updateAndGet(130)) - fa9a63ae-dfc0-4823-af2f-f478aed93153: start fa9a63ae-dfc0-4823-af2f-f478aed93153@group-904FFB5E5D13-FollowerState
2021-11-26 01:29:29,812 [EndpointStateMachine task thread for /127.0.0.1:15521 - 0 ] INFO  ipc.Client (Client.java:handleConnectionFailure(977)) - Retrying connect to server: localhost/127.0.0.1:15521. Already tried 13 time(s); retry policy is RetryUpToMaximumCountWithFixedSleep(maxRetries=15, sleepTime=1000 MILLISECONDS)
2021-11-26 01:29:30,016 [grpc-default-executor-3] WARN  server.GrpcLogAppender (LogUtils.java:warn(122)) - fa9a63ae-dfc0-4823-af2f-f478aed93153@group-54FD992928C8->e868a3a3-c0d9-49f0-b374-aca42e6594e7-AppendLogResponseHandler: Failed appendEntries: org.apache.ratis.thirdparty.io.grpc.StatusRuntimeException: UNAVAILABLE: io exception
2021-11-26 01:29:30,017 [grpc-default-executor-3] WARN  server.GrpcLogAppender (GrpcLogAppender.java:resetClient(110)) - fa9a63ae-dfc0-4823-af2f-f478aed93153@group-54FD992928C8->e868a3a3-c0d9-49f0-b374-aca42e6594e7-GrpcLogAppender: Leader has not got in touch with Follower fa9a63ae-dfc0-4823-af2f-f478aed93153@group-54FD992928C8->e868a3a3-c0d9-49f0-b374-aca42e6594e7(c0,m0,n1, attendVote=true, lastRpcSendTime=2518, lastRpcResponseTime=7543) yet, just keep nextIndex unchanged and retry.
2021-11-26 01:29:30,056 [grpc-default-executor-3] WARN  server.GrpcLogAppender (LogUtils.java:warn(122)) - fa9a63ae-dfc0-4823-af2f-f478aed93153@group-54FD992928C8->e6079862-fe37-43a4-a998-6eeab30b5c75-AppendLogResponseHandler: Failed appendEntries: org.apache.ratis.thirdparty.io.grpc.StatusRuntimeException: UNAVAILABLE: io exception
2021-11-26 01:29:30,057 [grpc-default-executor-3] WARN  server.GrpcLogAppender (GrpcLogAppender.java:resetClient(110)) - fa9a63ae-dfc0-4823-af2f-f478aed93153@group-54FD992928C8->e6079862-fe37-43a4-a998-6eeab30b5c75-GrpcLogAppender: Leader has not got in touch with Follower fa9a63ae-dfc0-4823-af2f-f478aed93153@group-54FD992928C8->e6079862-fe37-43a4-a998-6eeab30b5c75(c0,m0,n1, attendVote=true, lastRpcSendTime=0, lastRpcResponseTime=7525) yet, just keep nextIndex unchanged and retry.
2021-11-26 01:29:30,232 [EndpointStateMachine task thread for /127.0.0.1:12845 - 0 ] INFO  ipc.Client (Client.java:handleConnectionFailure(977)) - Retrying connect to server: localhost/127.0.0.1:12845. Already tried 6 time(s); retry policy is RetryUpToMaximumCountWithFixedSleep(maxRetries=15, sleepTime=1000 MILLISECONDS)
2021-11-26 01:29:30,241 [EndpointStateMachine task thread for /127.0.0.1:12835 - 0 ] INFO  ipc.Client (Client.java:handleConnectionFailure(977)) - Retrying connect to server: localhost/127.0.0.1:12835. Already tried 6 time(s); retry policy is RetryUpToMaximumCountWithFixedSleep(maxRetries=15, sleepTime=1000 MILLISECONDS)
2021-11-26 01:29:30,267 [EndpointStateMachine task thread for /127.0.0.1:12825 - 0 ] INFO  ipc.Client (Client.java:handleConnectionFailure(977)) - Retrying connect to server: localhost/127.0.0.1:12825. Already tried 9 time(s); retry policy is RetryUpToMaximumCountWithFixedSleep(maxRetries=15, sleepTime=1000 MILLISECONDS)
2021-11-26 01:29:30,485 [fa9a63ae-dfc0-4823-af2f-f478aed93153@group-54FD992928C8-LeaderStateImpl] WARN  server.RaftServer$Division (LeaderStateImpl.java:checkLeadership(974)) - fa9a63ae-dfc0-4823-af2f-f478aed93153@group-54FD992928C8-LeaderStateImpl: Lost leadership on term: 2. Election timeout: 5200ms. In charge for: 15687ms. Conf: 0: [e6079862-fe37-43a4-a998-6eeab30b5c75|rpc:127.0.0.1:44915|dataStream:|priority:0, fa9a63ae-dfc0-4823-af2f-f478aed93153|rpc:127.0.0.1:42615|dataStream:|priority:1, e868a3a3-c0d9-49f0-b374-aca42e6594e7|rpc:127.0.0.1:39195|dataStream:|priority:0], old=null
2021-11-26 01:29:30,486 [fa9a63ae-dfc0-4823-af2f-f478aed93153@group-54FD992928C8-LeaderStateImpl] WARN  server.RaftServer$Division (LeaderStateImpl.java:lambda$checkLeadership$15(978)) - Follower fa9a63ae-dfc0-4823-af2f-f478aed93153@group-54FD992928C8->e6079862-fe37-43a4-a998-6eeab30b5c75(c0,m0,n1, attendVote=true, lastRpcSendTime=429, lastRpcResponseTime=7954)
2021-11-26 01:29:30,486 [fa9a63ae-dfc0-4823-af2f-f478aed93153@group-54FD992928C8-LeaderStateImpl] WARN  server.RaftServer$Division (LeaderStateImpl.java:lambda$checkLeadership$15(978)) - Follower fa9a63ae-dfc0-4823-af2f-f478aed93153@group-54FD992928C8->e868a3a3-c0d9-49f0-b374-aca42e6594e7(c0,m0,n1, attendVote=true, lastRpcSendTime=462, lastRpcResponseTime=8011)
2021-11-26 01:29:30,486 [fa9a63ae-dfc0-4823-af2f-f478aed93153@group-54FD992928C8-LeaderStateImpl] INFO  server.RaftServer$Division (RaftServerImpl.java:setRole(290)) - fa9a63ae-dfc0-4823-af2f-f478aed93153@group-54FD992928C8: changes role from    LEADER to FOLLOWER at term 2 for StepDownReason:LOST_MAJORITY_HEARTBEATS
2021-11-26 01:29:30,486 [fa9a63ae-dfc0-4823-af2f-f478aed93153@group-54FD992928C8-LeaderStateImpl] INFO  impl.RoleInfo (RoleInfo.java:shutdownLeaderState(91)) - fa9a63ae-dfc0-4823-af2f-f478aed93153: shutdown fa9a63ae-dfc0-4823-af2f-f478aed93153@group-54FD992928C8-LeaderStateImpl
2021-11-26 01:29:30,486 [fa9a63ae-dfc0-4823-af2f-f478aed93153@group-54FD992928C8-LeaderStateImpl] INFO  impl.PendingRequests (PendingRequests.java:sendNotLeaderResponses(282)) - fa9a63ae-dfc0-4823-af2f-f478aed93153@group-54FD992928C8-PendingRequests: sendNotLeaderResponses
2021-11-26 01:29:30,487 [fa9a63ae-dfc0-4823-af2f-f478aed93153@group-54FD992928C8-LeaderStateImpl] INFO  impl.RoleInfo (RoleInfo.java:updateAndGet(130)) - fa9a63ae-dfc0-4823-af2f-f478aed93153: start fa9a63ae-dfc0-4823-af2f-f478aed93153@group-54FD992928C8-FollowerState
2021-11-26 01:29:30,606 [EndpointStateMachine task thread for /127.0.0.1:15531 - 0 ] INFO  ipc.Client (Client.java:handleConnectionFailure(977)) - Retrying connect to server: localhost/127.0.0.1:15531. Already tried 14 time(s); retry policy is RetryUpToMaximumCountWithFixedSleep(maxRetries=15, sleepTime=1000 MILLISECONDS)
2021-11-26 01:29:30,607 [EndpointStateMachine task thread for /127.0.0.1:15531 - 0 ] WARN  statemachine.EndpointStateMachine (EndpointStateMachine.java:logIfNeeded(236)) - Unable to communicate to SCM server at localhost:15531 for past 0 seconds.
java.net.ConnectException: Call From fv-az151-301/10.1.0.65 to localhost:15531 failed on connection exception: java.net.ConnectException: Connection refused; For more details see:  http://wiki.apache.org/hadoop/ConnectionRefused
	at sun.reflect.GeneratedConstructorAccessor44.newInstance(Unknown Source)
	at sun.reflect.DelegatingConstructorAccessorImpl.newInstance(DelegatingConstructorAccessorImpl.java:45)
	at java.lang.reflect.Constructor.newInstance(Constructor.java:423)
	at org.apache.hadoop.net.NetUtils.wrapWithMessage(NetUtils.java:913)
	at org.apache.hadoop.net.NetUtils.wrapException(NetUtils.java:828)
	at org.apache.hadoop.ipc.Client.getRpcResponse(Client.java:1577)
	at org.apache.hadoop.ipc.Client.call(Client.java:1519)
	at org.apache.hadoop.ipc.Client.call(Client.java:1416)
	at org.apache.hadoop.ipc.ProtobufRpcEngine$Invoker.invoke(ProtobufRpcEngine.java:236)
	at org.apache.hadoop.ipc.ProtobufRpcEngine$Invoker.invoke(ProtobufRpcEngine.java:123)
	at com.sun.proxy.$Proxy48.submitRequest(Unknown Source)
	at org.apache.hadoop.ozone.protocolPB.StorageContainerDatanodeProtocolClientSideTranslatorPB.submitRequest(StorageContainerDatanodeProtocolClientSideTranslatorPB.java:117)
	at org.apache.hadoop.ozone.protocolPB.StorageContainerDatanodeProtocolClientSideTranslatorPB.sendHeartbeat(StorageContainerDatanodeProtocolClientSideTranslatorPB.java:149)
	at org.apache.hadoop.ozone.container.common.states.endpoint.HeartbeatEndpointTask.call(HeartbeatEndpointTask.java:179)
	at org.apache.hadoop.ozone.container.common.states.endpoint.HeartbeatEndpointTask.call(HeartbeatEndpointTask.java:82)
	at java.util.concurrent.FutureTask.run(FutureTask.java:266)
	at java.util.concurrent.ThreadPoolExecutor.runWorker(ThreadPoolExecutor.java:1149)
	at java.util.concurrent.ThreadPoolExecutor$Worker.run(ThreadPoolExecutor.java:624)
	at java.lang.Thread.run(Thread.java:748)
Caused by: java.net.ConnectException: Connection refused
	at sun.nio.ch.SocketChannelImpl.checkConnect(Native Method)
	at sun.nio.ch.SocketChannelImpl.finishConnect(SocketChannelImpl.java:716)
	at org.apache.hadoop.net.SocketIOWithTimeout.connect(SocketIOWithTimeout.java:206)
	at org.apache.hadoop.net.NetUtils.connect(NetUtils.java:586)
	at org.apache.hadoop.ipc.Client$Connection.setupConnection(Client.java:701)
	at org.apache.hadoop.ipc.Client$Connection.setupIOstreams(Client.java:822)
	at org.apache.hadoop.ipc.Client$Connection.access$3800(Client.java:414)
	at org.apache.hadoop.ipc.Client.getConnection(Client.java:1647)
	at org.apache.hadoop.ipc.Client.call(Client.java:1463)
	... 12 more
2021-11-26 01:29:30,607 [EndpointStateMachine task thread for /127.0.0.1:15541 - 0 ] INFO  ipc.Client (Client.java:handleConnectionFailure(977)) - Retrying connect to server: localhost/127.0.0.1:15541. Already tried 14 time(s); retry policy is RetryUpToMaximumCountWithFixedSleep(maxRetries=15, sleepTime=1000 MILLISECONDS)
2021-11-26 01:29:30,608 [EndpointStateMachine task thread for /127.0.0.1:15541 - 0 ] WARN  statemachine.EndpointStateMachine (EndpointStateMachine.java:logIfNeeded(236)) - Unable to communicate to SCM server at localhost:15541 for past 0 seconds.
java.net.ConnectException: Call From fv-az151-301/10.1.0.65 to localhost:15541 failed on connection exception: java.net.ConnectException: Connection refused; For more details see:  http://wiki.apache.org/hadoop/ConnectionRefused
	at sun.reflect.GeneratedConstructorAccessor44.newInstance(Unknown Source)
	at sun.reflect.DelegatingConstructorAccessorImpl.newInstance(DelegatingConstructorAccessorImpl.java:45)
	at java.lang.reflect.Constructor.newInstance(Constructor.java:423)
	at org.apache.hadoop.net.NetUtils.wrapWithMessage(NetUtils.java:913)
	at org.apache.hadoop.net.NetUtils.wrapException(NetUtils.java:828)
	at org.apache.hadoop.ipc.Client.getRpcResponse(Client.java:1577)
	at org.apache.hadoop.ipc.Client.call(Client.java:1519)
	at org.apache.hadoop.ipc.Client.call(Client.java:1416)
	at org.apache.hadoop.ipc.ProtobufRpcEngine$Invoker.invoke(ProtobufRpcEngine.java:236)
	at org.apache.hadoop.ipc.ProtobufRpcEngine$Invoker.invoke(ProtobufRpcEngine.java:123)
	at com.sun.proxy.$Proxy48.submitRequest(Unknown Source)
	at org.apache.hadoop.ozone.protocolPB.StorageContainerDatanodeProtocolClientSideTranslatorPB.submitRequest(StorageContainerDatanodeProtocolClientSideTranslatorPB.java:117)
	at org.apache.hadoop.ozone.protocolPB.StorageContainerDatanodeProtocolClientSideTranslatorPB.register(StorageContainerDatanodeProtocolClientSideTranslatorPB.java:180)
	at org.apache.hadoop.ozone.container.common.states.endpoint.RegisterEndpointTask.call(RegisterEndpointTask.java:158)
	at org.apache.hadoop.ozone.container.common.states.endpoint.RegisterEndpointTask.call(RegisterEndpointTask.java:52)
	at java.util.concurrent.FutureTask.run(FutureTask.java:266)
	at java.util.concurrent.ThreadPoolExecutor.runWorker(ThreadPoolExecutor.java:1149)
	at java.util.concurrent.ThreadPoolExecutor$Worker.run(ThreadPoolExecutor.java:624)
	at java.lang.Thread.run(Thread.java:748)
Caused by: java.net.ConnectException: Connection refused
	at sun.nio.ch.SocketChannelImpl.checkConnect(Native Method)
	at sun.nio.ch.SocketChannelImpl.finishConnect(SocketChannelImpl.java:716)
	at org.apache.hadoop.net.SocketIOWithTimeout.connect(SocketIOWithTimeout.java:206)
	at org.apache.hadoop.net.NetUtils.connect(NetUtils.java:586)
	at org.apache.hadoop.ipc.Client$Connection.setupConnection(Client.java:701)
	at org.apache.hadoop.ipc.Client$Connection.setupIOstreams(Client.java:822)
	at org.apache.hadoop.ipc.Client$Connection.access$3800(Client.java:414)
	at org.apache.hadoop.ipc.Client.getConnection(Client.java:1647)
	at org.apache.hadoop.ipc.Client.call(Client.java:1463)
	... 12 more
2021-11-26 01:29:30,813 [EndpointStateMachine task thread for /127.0.0.1:15521 - 0 ] INFO  ipc.Client (Client.java:handleConnectionFailure(977)) - Retrying connect to server: localhost/127.0.0.1:15521. Already tried 14 time(s); retry policy is RetryUpToMaximumCountWithFixedSleep(maxRetries=15, sleepTime=1000 MILLISECONDS)
2021-11-26 01:29:30,814 [EndpointStateMachine task thread for /127.0.0.1:15521 - 0 ] WARN  statemachine.EndpointStateMachine (EndpointStateMachine.java:logIfNeeded(236)) - Unable to communicate to SCM server at localhost:15521 for past 0 seconds.
java.net.ConnectException: Call From fv-az151-301/10.1.0.65 to localhost:15521 failed on connection exception: java.net.ConnectException: Connection refused; For more details see:  http://wiki.apache.org/hadoop/ConnectionRefused
	at sun.reflect.GeneratedConstructorAccessor44.newInstance(Unknown Source)
	at sun.reflect.DelegatingConstructorAccessorImpl.newInstance(DelegatingConstructorAccessorImpl.java:45)
	at java.lang.reflect.Constructor.newInstance(Constructor.java:423)
	at org.apache.hadoop.net.NetUtils.wrapWithMessage(NetUtils.java:913)
	at org.apache.hadoop.net.NetUtils.wrapException(NetUtils.java:828)
	at org.apache.hadoop.ipc.Client.getRpcResponse(Client.java:1577)
	at org.apache.hadoop.ipc.Client.call(Client.java:1519)
	at org.apache.hadoop.ipc.Client.call(Client.java:1416)
	at org.apache.hadoop.ipc.ProtobufRpcEngine$Invoker.invoke(ProtobufRpcEngine.java:236)
	at org.apache.hadoop.ipc.ProtobufRpcEngine$Invoker.invoke(ProtobufRpcEngine.java:123)
	at com.sun.proxy.$Proxy48.submitRequest(Unknown Source)
	at org.apache.hadoop.ozone.protocolPB.StorageContainerDatanodeProtocolClientSideTranslatorPB.submitRequest(StorageContainerDatanodeProtocolClientSideTranslatorPB.java:117)
	at org.apache.hadoop.ozone.protocolPB.StorageContainerDatanodeProtocolClientSideTranslatorPB.sendHeartbeat(StorageContainerDatanodeProtocolClientSideTranslatorPB.java:149)
	at org.apache.hadoop.ozone.container.common.states.endpoint.HeartbeatEndpointTask.call(HeartbeatEndpointTask.java:179)
	at org.apache.hadoop.ozone.container.common.states.endpoint.HeartbeatEndpointTask.call(HeartbeatEndpointTask.java:82)
	at java.util.concurrent.FutureTask.run(FutureTask.java:266)
	at java.util.concurrent.ThreadPoolExecutor.runWorker(ThreadPoolExecutor.java:1149)
	at java.util.concurrent.ThreadPoolExecutor$Worker.run(ThreadPoolExecutor.java:624)
	at java.lang.Thread.run(Thread.java:748)
Caused by: java.net.ConnectException: Connection refused
	at sun.nio.ch.SocketChannelImpl.checkConnect(Native Method)
	at sun.nio.ch.SocketChannelImpl.finishConnect(SocketChannelImpl.java:716)
	at org.apache.hadoop.net.SocketIOWithTimeout.connect(SocketIOWithTimeout.java:206)
	at org.apache.hadoop.net.NetUtils.connect(NetUtils.java:586)
	at org.apache.hadoop.ipc.Client$Connection.setupConnection(Client.java:701)
	at org.apache.hadoop.ipc.Client$Connection.setupIOstreams(Client.java:822)
	at org.apache.hadoop.ipc.Client$Connection.access$3800(Client.java:414)
	at org.apache.hadoop.ipc.Client.getConnection(Client.java:1647)
	at org.apache.hadoop.ipc.Client.call(Client.java:1463)
	... 12 more
2021-11-26 01:29:30,949 [ForkJoinPool.commonPool-worker-0] INFO  ozoneimpl.OzoneContainer (OzoneContainer.java:stop(325)) - Attempting to stop container services.
2021-11-26 01:29:30,952 [ForkJoinPool.commonPool-worker-0] INFO  server.RaftServer (RaftServerProxy.java:lambda$close$6(391)) - fa9a63ae-dfc0-4823-af2f-f478aed93153: close
2021-11-26 01:29:30,952 [ForkJoinPool.commonPool-worker-0] INFO  server.RaftServer$Division (RaftServerImpl.java:lambda$close$4(412)) - fa9a63ae-dfc0-4823-af2f-f478aed93153@group-904FFB5E5D13: shutdown
2021-11-26 01:29:30,953 [ForkJoinPool.commonPool-worker-0] INFO  util.JmxRegister (JmxRegister.java:unregister(73)) - Successfully un-registered JMX Bean with object name Ratis:service=RaftServer,group=group-904FFB5E5D13,id=fa9a63ae-dfc0-4823-af2f-f478aed93153
2021-11-26 01:29:30,953 [ForkJoinPool.commonPool-worker-0] INFO  impl.RoleInfo (RoleInfo.java:shutdownFollowerState(108)) - fa9a63ae-dfc0-4823-af2f-f478aed93153: shutdown fa9a63ae-dfc0-4823-af2f-f478aed93153@group-904FFB5E5D13-FollowerState
2021-11-26 01:29:30,953 [ForkJoinPool.commonPool-worker-0] INFO  impl.StateMachineUpdater (StateMachineUpdater.java:stopAndJoin(149)) - fa9a63ae-dfc0-4823-af2f-f478aed93153@group-904FFB5E5D13-StateMachineUpdater: set stopIndex = 0
2021-11-26 01:29:30,953 [fa9a63ae-dfc0-4823-af2f-f478aed93153@group-904FFB5E5D13-FollowerState] INFO  impl.FollowerState (FollowerState.java:run(143)) - fa9a63ae-dfc0-4823-af2f-f478aed93153@group-904FFB5E5D13-FollowerState was interrupted: {}
java.lang.InterruptedException: sleep interrupted
	at java.lang.Thread.sleep(Native Method)
	at java.lang.Thread.sleep(Thread.java:340)
	at java.util.concurrent.TimeUnit.sleep(TimeUnit.java:386)
	at org.apache.ratis.util.TimeDuration.sleep(TimeDuration.java:324)
	at org.apache.ratis.util.TimeDuration.sleep(TimeDuration.java:309)
	at org.apache.ratis.server.impl.FollowerState.run(FollowerState.java:118)
2021-11-26 01:29:30,954 [fa9a63ae-dfc0-4823-af2f-f478aed93153@group-904FFB5E5D13-StateMachineUpdater] INFO  ratis.ContainerStateMachine (ContainerStateMachine.java:takeSnapshot(292)) - group-904FFB5E5D13: Taking a snapshot at:(t:1, i:0) file /home/runner/work/ozone/ozone/hadoop-ozone/integration-test/target/test-dir/MiniOzoneClusterImpl-70e57338-dd19-42c4-b060-07a8ff5308af/datanode-2/data/ratis/ae48aee9-96af-4f39-b445-904ffb5e5d13/sm/snapshot.1_0
2021-11-26 01:29:30,954 [fa9a63ae-dfc0-4823-af2f-f478aed93153@group-904FFB5E5D13-StateMachineUpdater] INFO  ratis.ContainerStateMachine (ContainerStateMachine.java:takeSnapshot(303)) - group-904FFB5E5D13: Finished taking a snapshot at:(t:1, i:0) file:/home/runner/work/ozone/ozone/hadoop-ozone/integration-test/target/test-dir/MiniOzoneClusterImpl-70e57338-dd19-42c4-b060-07a8ff5308af/datanode-2/data/ratis/ae48aee9-96af-4f39-b445-904ffb5e5d13/sm/snapshot.1_0 took: 1 ms
2021-11-26 01:29:30,955 [fa9a63ae-dfc0-4823-af2f-f478aed93153@group-904FFB5E5D13-StateMachineUpdater] INFO  impl.StateMachineUpdater (StateMachineUpdater.java:takeSnapshot(281)) - fa9a63ae-dfc0-4823-af2f-f478aed93153@group-904FFB5E5D13-StateMachineUpdater: Took a snapshot at index 0
2021-11-26 01:29:30,955 [fa9a63ae-dfc0-4823-af2f-f478aed93153@group-904FFB5E5D13-StateMachineUpdater] INFO  impl.StateMachineUpdater (StateMachineUpdater.java:lambda$new$0(89)) - fa9a63ae-dfc0-4823-af2f-f478aed93153@group-904FFB5E5D13-StateMachineUpdater: snapshotIndex: updateIncreasingly -1 -> 0
2021-11-26 01:29:30,955 [ForkJoinPool.commonPool-worker-0] INFO  server.RaftServer$Division (ServerState.java:close(419)) - fa9a63ae-dfc0-4823-af2f-f478aed93153@group-904FFB5E5D13: closes. applyIndex: 0
2021-11-26 01:29:30,956 [fa9a63ae-dfc0-4823-af2f-f478aed93153@group-904FFB5E5D13-SegmentedRaftLogWorker] INFO  segmented.SegmentedRaftLogWorker (SegmentedRaftLogWorker.java:run(327)) - fa9a63ae-dfc0-4823-af2f-f478aed93153@group-904FFB5E5D13-SegmentedRaftLogWorker was interrupted, exiting. There are 0 tasks remaining in the queue.
2021-11-26 01:29:30,956 [ForkJoinPool.commonPool-worker-0] INFO  segmented.SegmentedRaftLogWorker (SegmentedRaftLogWorker.java:close(237)) - fa9a63ae-dfc0-4823-af2f-f478aed93153@group-904FFB5E5D13-SegmentedRaftLogWorker close()
2021-11-26 01:29:30,956 [ForkJoinPool.commonPool-worker-0] INFO  server.RaftServer$Division (RaftServerImpl.java:lambda$close$4(412)) - fa9a63ae-dfc0-4823-af2f-f478aed93153@group-700504CFAA66: shutdown
2021-11-26 01:29:30,956 [ForkJoinPool.commonPool-worker-0] INFO  util.JmxRegister (JmxRegister.java:unregister(73)) - Successfully un-registered JMX Bean with object name Ratis:service=RaftServer,group=group-700504CFAA66,id=fa9a63ae-dfc0-4823-af2f-f478aed93153
2021-11-26 01:29:30,956 [ForkJoinPool.commonPool-worker-0] INFO  impl.RoleInfo (RoleInfo.java:shutdownLeaderState(91)) - fa9a63ae-dfc0-4823-af2f-f478aed93153: shutdown fa9a63ae-dfc0-4823-af2f-f478aed93153@group-700504CFAA66-LeaderStateImpl
2021-11-26 01:29:30,956 [ForkJoinPool.commonPool-worker-0] INFO  impl.PendingRequests (PendingRequests.java:sendNotLeaderResponses(282)) - fa9a63ae-dfc0-4823-af2f-f478aed93153@group-700504CFAA66-PendingRequests: sendNotLeaderResponses
2021-11-26 01:29:30,957 [ForkJoinPool.commonPool-worker-0] INFO  impl.StateMachineUpdater (StateMachineUpdater.java:stopAndJoin(149)) - fa9a63ae-dfc0-4823-af2f-f478aed93153@group-700504CFAA66-StateMachineUpdater: set stopIndex = 0
2021-11-26 01:29:30,957 [fa9a63ae-dfc0-4823-af2f-f478aed93153@group-700504CFAA66-StateMachineUpdater] INFO  ratis.ContainerStateMachine (ContainerStateMachine.java:takeSnapshot(292)) - group-700504CFAA66: Taking a snapshot at:(t:1, i:0) file /home/runner/work/ozone/ozone/hadoop-ozone/integration-test/target/test-dir/MiniOzoneClusterImpl-70e57338-dd19-42c4-b060-07a8ff5308af/datanode-2/data/ratis/ec2e23cb-a1b2-439f-a200-700504cfaa66/sm/snapshot.1_0
2021-11-26 01:29:30,958 [fa9a63ae-dfc0-4823-af2f-f478aed93153@group-700504CFAA66-StateMachineUpdater] INFO  ratis.ContainerStateMachine (ContainerStateMachine.java:takeSnapshot(303)) - group-700504CFAA66: Finished taking a snapshot at:(t:1, i:0) file:/home/runner/work/ozone/ozone/hadoop-ozone/integration-test/target/test-dir/MiniOzoneClusterImpl-70e57338-dd19-42c4-b060-07a8ff5308af/datanode-2/data/ratis/ec2e23cb-a1b2-439f-a200-700504cfaa66/sm/snapshot.1_0 took: 1 ms
2021-11-26 01:29:30,959 [fa9a63ae-dfc0-4823-af2f-f478aed93153@group-700504CFAA66-StateMachineUpdater] INFO  impl.StateMachineUpdater (StateMachineUpdater.java:takeSnapshot(281)) - fa9a63ae-dfc0-4823-af2f-f478aed93153@group-700504CFAA66-StateMachineUpdater: Took a snapshot at index 0
2021-11-26 01:29:30,959 [fa9a63ae-dfc0-4823-af2f-f478aed93153@group-700504CFAA66-StateMachineUpdater] INFO  impl.StateMachineUpdater (StateMachineUpdater.java:lambda$new$0(89)) - fa9a63ae-dfc0-4823-af2f-f478aed93153@group-700504CFAA66-StateMachineUpdater: snapshotIndex: updateIncreasingly -1 -> 0
2021-11-26 01:29:30,962 [ForkJoinPool.commonPool-worker-0] INFO  server.RaftServer$Division (ServerState.java:close(419)) - fa9a63ae-dfc0-4823-af2f-f478aed93153@group-700504CFAA66: closes. applyIndex: 0
2021-11-26 01:29:30,962 [fa9a63ae-dfc0-4823-af2f-f478aed93153@group-700504CFAA66-SegmentedRaftLogWorker] INFO  segmented.SegmentedRaftLogWorker (SegmentedRaftLogWorker.java:run(327)) - fa9a63ae-dfc0-4823-af2f-f478aed93153@group-700504CFAA66-SegmentedRaftLogWorker was interrupted, exiting. There are 0 tasks remaining in the queue.
2021-11-26 01:29:30,962 [ForkJoinPool.commonPool-worker-0] INFO  segmented.SegmentedRaftLogWorker (SegmentedRaftLogWorker.java:close(237)) - fa9a63ae-dfc0-4823-af2f-f478aed93153@group-700504CFAA66-SegmentedRaftLogWorker close()
2021-11-26 01:29:30,963 [ForkJoinPool.commonPool-worker-0] INFO  server.RaftServer$Division (RaftServerImpl.java:lambda$close$4(412)) - fa9a63ae-dfc0-4823-af2f-f478aed93153@group-54FD992928C8: shutdown
2021-11-26 01:29:30,963 [ForkJoinPool.commonPool-worker-0] INFO  util.JmxRegister (JmxRegister.java:unregister(73)) - Successfully un-registered JMX Bean with object name Ratis:service=RaftServer,group=group-54FD992928C8,id=fa9a63ae-dfc0-4823-af2f-f478aed93153
2021-11-26 01:29:30,963 [ForkJoinPool.commonPool-worker-0] INFO  impl.RoleInfo (RoleInfo.java:shutdownFollowerState(108)) - fa9a63ae-dfc0-4823-af2f-f478aed93153: shutdown fa9a63ae-dfc0-4823-af2f-f478aed93153@group-54FD992928C8-FollowerState
2021-11-26 01:29:30,963 [fa9a63ae-dfc0-4823-af2f-f478aed93153@group-54FD992928C8-FollowerState] INFO  impl.FollowerState (FollowerState.java:run(143)) - fa9a63ae-dfc0-4823-af2f-f478aed93153@group-54FD992928C8-FollowerState was interrupted: {}
java.lang.InterruptedException: sleep interrupted
	at java.lang.Thread.sleep(Native Method)
	at java.lang.Thread.sleep(Thread.java:340)
	at java.util.concurrent.TimeUnit.sleep(TimeUnit.java:386)
	at org.apache.ratis.util.TimeDuration.sleep(TimeDuration.java:324)
	at org.apache.ratis.util.TimeDuration.sleep(TimeDuration.java:309)
	at org.apache.ratis.server.impl.FollowerState.run(FollowerState.java:118)
2021-11-26 01:29:30,976 [ForkJoinPool.commonPool-worker-0] INFO  impl.StateMachineUpdater (StateMachineUpdater.java:stopAndJoin(149)) - fa9a63ae-dfc0-4823-af2f-f478aed93153@group-54FD992928C8-StateMachineUpdater: set stopIndex = 0
2021-11-26 01:29:30,976 [fa9a63ae-dfc0-4823-af2f-f478aed93153@group-54FD992928C8-StateMachineUpdater] INFO  ratis.ContainerStateMachine (ContainerStateMachine.java:takeSnapshot(292)) - group-54FD992928C8: Taking a snapshot at:(t:2, i:0) file /home/runner/work/ozone/ozone/hadoop-ozone/integration-test/target/test-dir/MiniOzoneClusterImpl-70e57338-dd19-42c4-b060-07a8ff5308af/datanode-2/data/ratis/8bd0a991-f326-41c5-b045-54fd992928c8/sm/snapshot.2_0
2021-11-26 01:29:30,978 [fa9a63ae-dfc0-4823-af2f-f478aed93153@group-54FD992928C8-StateMachineUpdater] INFO  ratis.ContainerStateMachine (ContainerStateMachine.java:takeSnapshot(303)) - group-54FD992928C8: Finished taking a snapshot at:(t:2, i:0) file:/home/runner/work/ozone/ozone/hadoop-ozone/integration-test/target/test-dir/MiniOzoneClusterImpl-70e57338-dd19-42c4-b060-07a8ff5308af/datanode-2/data/ratis/8bd0a991-f326-41c5-b045-54fd992928c8/sm/snapshot.2_0 took: 2 ms
2021-11-26 01:29:30,978 [fa9a63ae-dfc0-4823-af2f-f478aed93153@group-54FD992928C8-StateMachineUpdater] INFO  impl.StateMachineUpdater (StateMachineUpdater.java:takeSnapshot(281)) - fa9a63ae-dfc0-4823-af2f-f478aed93153@group-54FD992928C8-StateMachineUpdater: Took a snapshot at index 0
2021-11-26 01:29:30,978 [fa9a63ae-dfc0-4823-af2f-f478aed93153@group-54FD992928C8-StateMachineUpdater] INFO  impl.StateMachineUpdater (StateMachineUpdater.java:lambda$new$0(89)) - fa9a63ae-dfc0-4823-af2f-f478aed93153@group-54FD992928C8-StateMachineUpdater: snapshotIndex: updateIncreasingly -1 -> 0
2021-11-26 01:29:30,978 [ForkJoinPool.commonPool-worker-0] INFO  server.RaftServer$Division (ServerState.java:close(419)) - fa9a63ae-dfc0-4823-af2f-f478aed93153@group-54FD992928C8: closes. applyIndex: 0
2021-11-26 01:29:30,978 [fa9a63ae-dfc0-4823-af2f-f478aed93153@group-54FD992928C8-SegmentedRaftLogWorker] INFO  segmented.SegmentedRaftLogWorker (SegmentedRaftLogWorker.java:run(327)) - fa9a63ae-dfc0-4823-af2f-f478aed93153@group-54FD992928C8-SegmentedRaftLogWorker was interrupted, exiting. There are 0 tasks remaining in the queue.
2021-11-26 01:29:30,979 [ForkJoinPool.commonPool-worker-0] INFO  segmented.SegmentedRaftLogWorker (SegmentedRaftLogWorker.java:close(237)) - fa9a63ae-dfc0-4823-af2f-f478aed93153@group-54FD992928C8-SegmentedRaftLogWorker close()
2021-11-26 01:29:30,979 [ForkJoinPool.commonPool-worker-0] INFO  server.GrpcService (GrpcService.java:closeImpl(262)) - fa9a63ae-dfc0-4823-af2f-f478aed93153: shutdown server with port 42615 now
2021-11-26 01:29:30,985 [ForkJoinPool.commonPool-worker-0] INFO  server.GrpcService (GrpcService.java:closeImpl(271)) - fa9a63ae-dfc0-4823-af2f-f478aed93153: shutdown server with port 42615 successfully
2021-11-26 01:29:30,985 [org.apache.ratis.util.JvmPauseMonitor$$Lambda$499/73608444@1840aa6e] INFO  util.JvmPauseMonitor (JvmPauseMonitor.java:run(109)) - JvmPauseMonitor-fa9a63ae-dfc0-4823-af2f-f478aed93153: Stopped
2021-11-26 01:29:30,987 [ForkJoinPool.commonPool-worker-0] INFO  utils.BackgroundService (BackgroundService.java:shutdown(132)) - Shutting down service BlockDeletingService
2021-11-26 01:29:31,242 [EndpointStateMachine task thread for /127.0.0.1:12835 - 0 ] INFO  ipc.Client (Client.java:handleConnectionFailure(977)) - Retrying connect to server: localhost/127.0.0.1:12835. Already tried 7 time(s); retry policy is RetryUpToMaximumCountWithFixedSleep(maxRetries=15, sleepTime=1000 MILLISECONDS)
2021-11-26 01:29:31,264 [EndpointStateMachine task thread for /127.0.0.1:12845 - 0 ] INFO  ipc.Client (Client.java:handleConnectionFailure(977)) - Retrying connect to server: localhost/127.0.0.1:12845. Already tried 7 time(s); retry policy is RetryUpToMaximumCountWithFixedSleep(maxRetries=15, sleepTime=1000 MILLISECONDS)
2021-11-26 01:29:31,268 [EndpointStateMachine task thread for /127.0.0.1:12825 - 0 ] INFO  ipc.Client (Client.java:handleConnectionFailure(977)) - Retrying connect to server: localhost/127.0.0.1:12825. Already tried 10 time(s); retry policy is RetryUpToMaximumCountWithFixedSleep(maxRetries=15, sleepTime=1000 MILLISECONDS)
2021-11-26 01:29:31,607 [EndpointStateMachine task thread for /127.0.0.1:15531 - 0 ] INFO  ipc.Client (Client.java:handleConnectionFailure(977)) - Retrying connect to server: localhost/127.0.0.1:15531. Already tried 0 time(s); retry policy is RetryUpToMaximumCountWithFixedSleep(maxRetries=15, sleepTime=1000 MILLISECONDS)
2021-11-26 01:29:31,609 [EndpointStateMachine task thread for /127.0.0.1:15541 - 0 ] INFO  ipc.Client (Client.java:handleConnectionFailure(977)) - Retrying connect to server: localhost/127.0.0.1:15541. Already tried 0 time(s); retry policy is RetryUpToMaximumCountWithFixedSleep(maxRetries=15, sleepTime=1000 MILLISECONDS)
2021-11-26 01:29:31,815 [EndpointStateMachine task thread for /127.0.0.1:15521 - 0 ] INFO  ipc.Client (Client.java:handleConnectionFailure(977)) - Retrying connect to server: localhost/127.0.0.1:15521. Already tried 0 time(s); retry policy is RetryUpToMaximumCountWithFixedSleep(maxRetries=15, sleepTime=1000 MILLISECONDS)
2021-11-26 01:29:32,242 [EndpointStateMachine task thread for /127.0.0.1:12835 - 0 ] INFO  ipc.Client (Client.java:handleConnectionFailure(977)) - Retrying connect to server: localhost/127.0.0.1:12835. Already tried 8 time(s); retry policy is RetryUpToMaximumCountWithFixedSleep(maxRetries=15, sleepTime=1000 MILLISECONDS)
2021-11-26 01:29:32,265 [EndpointStateMachine task thread for /127.0.0.1:12845 - 0 ] INFO  ipc.Client (Client.java:handleConnectionFailure(977)) - Retrying connect to server: localhost/127.0.0.1:12845. Already tried 8 time(s); retry policy is RetryUpToMaximumCountWithFixedSleep(maxRetries=15, sleepTime=1000 MILLISECONDS)
2021-11-26 01:29:32,268 [EndpointStateMachine task thread for /127.0.0.1:12825 - 0 ] INFO  ipc.Client (Client.java:handleConnectionFailure(977)) - Retrying connect to server: localhost/127.0.0.1:12825. Already tried 11 time(s); retry policy is RetryUpToMaximumCountWithFixedSleep(maxRetries=15, sleepTime=1000 MILLISECONDS)
2021-11-26 01:29:32,608 [EndpointStateMachine task thread for /127.0.0.1:15531 - 0 ] INFO  ipc.Client (Client.java:handleConnectionFailure(977)) - Retrying connect to server: localhost/127.0.0.1:15531. Already tried 1 time(s); retry policy is RetryUpToMaximumCountWithFixedSleep(maxRetries=15, sleepTime=1000 MILLISECONDS)
2021-11-26 01:29:32,609 [EndpointStateMachine task thread for /127.0.0.1:15541 - 0 ] INFO  ipc.Client (Client.java:handleConnectionFailure(977)) - Retrying connect to server: localhost/127.0.0.1:15541. Already tried 1 time(s); retry policy is RetryUpToMaximumCountWithFixedSleep(maxRetries=15, sleepTime=1000 MILLISECONDS)
2021-11-26 01:29:32,815 [EndpointStateMachine task thread for /127.0.0.1:15521 - 0 ] INFO  ipc.Client (Client.java:handleConnectionFailure(977)) - Retrying connect to server: localhost/127.0.0.1:15521. Already tried 1 time(s); retry policy is RetryUpToMaximumCountWithFixedSleep(maxRetries=15, sleepTime=1000 MILLISECONDS)
2021-11-26 01:29:33,243 [EndpointStateMachine task thread for /127.0.0.1:12835 - 0 ] INFO  ipc.Client (Client.java:handleConnectionFailure(977)) - Retrying connect to server: localhost/127.0.0.1:12835. Already tried 9 time(s); retry policy is RetryUpToMaximumCountWithFixedSleep(maxRetries=15, sleepTime=1000 MILLISECONDS)
2021-11-26 01:29:33,269 [EndpointStateMachine task thread for /127.0.0.1:12825 - 0 ] INFO  ipc.Client (Client.java:handleConnectionFailure(977)) - Retrying connect to server: localhost/127.0.0.1:12825. Already tried 12 time(s); retry policy is RetryUpToMaximumCountWithFixedSleep(maxRetries=15, sleepTime=1000 MILLISECONDS)
2021-11-26 01:29:33,269 [EndpointStateMachine task thread for /127.0.0.1:12845 - 0 ] INFO  ipc.Client (Client.java:handleConnectionFailure(977)) - Retrying connect to server: localhost/127.0.0.1:12845. Already tried 9 time(s); retry policy is RetryUpToMaximumCountWithFixedSleep(maxRetries=15, sleepTime=1000 MILLISECONDS)
2021-11-26 01:29:33,612 [EndpointStateMachine task thread for /127.0.0.1:15531 - 0 ] INFO  ipc.Client (Client.java:handleConnectionFailure(977)) - Retrying connect to server: localhost/127.0.0.1:15531. Already tried 2 time(s); retry policy is RetryUpToMaximumCountWithFixedSleep(maxRetries=15, sleepTime=1000 MILLISECONDS)
2021-11-26 01:29:33,612 [EndpointStateMachine task thread for /127.0.0.1:15541 - 0 ] INFO  ipc.Client (Client.java:handleConnectionFailure(977)) - Retrying connect to server: localhost/127.0.0.1:15541. Already tried 2 time(s); retry policy is RetryUpToMaximumCountWithFixedSleep(maxRetries=15, sleepTime=1000 MILLISECONDS)
2021-11-26 01:29:33,816 [EndpointStateMachine task thread for /127.0.0.1:15521 - 0 ] INFO  ipc.Client (Client.java:handleConnectionFailure(977)) - Retrying connect to server: localhost/127.0.0.1:15521. Already tried 2 time(s); retry policy is RetryUpToMaximumCountWithFixedSleep(maxRetries=15, sleepTime=1000 MILLISECONDS)
2021-11-26 01:29:33,988 [ForkJoinPool.commonPool-worker-0] INFO  statemachine.DatanodeStateMachine (DatanodeStateMachine.java:stopDaemon(526)) - Ozone container server stopped.
2021-11-26 01:29:33,997 [ForkJoinPool.commonPool-worker-0] INFO  handler.ContextHandler (ContextHandler.java:doStop(1153)) - Stopped o.e.j.w.WebAppContext@44261d79{hddsDatanode,/,null,STOPPED}{jar:file:/home/runner/.m2/repository/org/apache/ozone/hdds-container-service/1.3.0-SNAPSHOT/hdds-container-service-1.3.0-SNAPSHOT.jar!/webapps/hddsDatanode}
2021-11-26 01:29:33,998 [ForkJoinPool.commonPool-worker-0] INFO  server.AbstractConnector (AbstractConnector.java:doStop(381)) - Stopped ServerConnector@3fa4fe1f{HTTP/1.1, (http/1.1)}{0.0.0.0:0}
2021-11-26 01:29:33,998 [ForkJoinPool.commonPool-worker-0] INFO  server.session (HouseKeeper.java:stopScavenging(149)) - node0 Stopped scavenging
2021-11-26 01:29:33,998 [ForkJoinPool.commonPool-worker-0] INFO  handler.ContextHandler (ContextHandler.java:doStop(1153)) - Stopped o.e.j.s.ServletContextHandler@4d439b3c{static,/static,jar:file:/home/runner/.m2/repository/org/apache/ozone/hdds-container-service/1.3.0-SNAPSHOT/hdds-container-service-1.3.0-SNAPSHOT.jar!/webapps/static,STOPPED}
2021-11-26 01:29:34,000 [ForkJoinPool.commonPool-worker-0] INFO  handler.ContextHandler (ContextHandler.java:doStop(1153)) - Stopped o.e.j.s.ServletContextHandler@1f3241b3{logs,/logs,file:///home/runner/work/ozone/ozone/hadoop-ozone/integration-test/target/log,STOPPED}
]]></system-out>
  </testcase>
  <testcase name="testInstallCorruptedCheckpointFailure" classname="org.apache.hadoop.ozone.scm.TestSCMInstallSnapshotWithHA" time="56.383"/>
</testsuite>