<?xml version="1.0" encoding="UTF-8"?>
<testsuite xmlns:xsi="http://www.w3.org/2001/XMLSchema-instance" xsi:noNamespaceSchemaLocation="https://maven.apache.org/surefire/maven-surefire-plugin/xsd/surefire-test-report.xsd" version="3.0.2" name="org.apache.hadoop.ozone.recon.TestReconScmSnapshot" time="45.68" tests="1" errors="0" skipped="0" failures="1">
  <properties>
    <property name="org.jooq.no-logo" value="true"/>
    <property name="java.specification.version" value="21"/>
    <property name="sun.jnu.encoding" value="UTF-8"/>
    <property name="java.class.path" value="/home/runner/work/ozone/ozone/hadoop-ozone/integration-test/target/test-classes:/home/runner/work/ozone/ozone/hadoop-ozone/integration-test/target/classes:/home/runner/work/ozone/ozone/hadoop-hdds/server-scm/target/hdds-server-scm-2.1.0-SNAPSHOT.jar:/home/runner/.m2/repository/com/fasterxml/jackson/core/jackson-annotations/2.16.2/jackson-annotations-2.16.2.jar:/home/runner/.m2/repository/com/fasterxml/jackson/core/jackson-core/2.16.2/jackson-core-2.16.2.jar:/home/runner/.m2/repository/com/fasterxml/jackson/core/jackson-databind/2.16.2/jackson-databind-2.16.2.jar:/home/runner/.m2/repository/com/google/guava/guava/32.1.3-jre/guava-32.1.3-jre.jar:/home/runner/.m2/repository/com/google/guava/failureaccess/1.0.1/failureaccess-1.0.1.jar:/home/runner/.m2/repository/com/google/guava/listenablefuture/9999.0-empty-to-avoid-conflict-with-guava/listenablefuture-9999.0-empty-to-avoid-conflict-with-guava.jar:/home/runner/.m2/repository/org/checkerframework/checker-qual/3.37.0/checker-qual-3.37.0.jar:/home/runner/.m2/repository/com/google/errorprone/error_prone_annotations/2.29.2/error_prone_annotations-2.29.2.jar:/home/runner/.m2/repository/com/google/j2objc/j2objc-annotations/2.8/j2objc-annotations-2.8.jar:/home/runner/.m2/repository/com/google/protobuf/protobuf-java/2.5.0/protobuf-java-2.5.0.jar:/home/runner/.m2/repository/commons-collections/commons-collections/3.2.2/commons-collections-3.2.2.jar:/home/runner/.m2/repository/commons-io/commons-io/2.18.0/commons-io-2.18.0.jar:/home/runner/.m2/repository/info/picocli/picocli/4.7.7/picocli-4.7.7.jar:/home/runner/.m2/repository/io/dropwizard/metrics/metrics-core/3.2.6/metrics-core-3.2.6.jar:/home/runner/.m2/repository/jakarta/annotation/jakarta.annotation-api/2.1.1/jakarta.annotation-api-2.1.1.jar:/home/runner/.m2/repository/javax/servlet/javax.servlet-api/3.1.0/javax.servlet-api-3.1.0.jar:/home/runner/.m2/repository/org/apache/commons/commons-compress/1.27.1/commons-compress-1.27.1.jar:/home/runner/.m2/repository/org/apache/commons/commons-text/1.12.0/commons-text-1.12.0.jar:/home/runner/.m2/repository/org/apache/hadoop/hadoop-auth/3.4.1/hadoop-auth-3.4.1.jar:/home/runner/.m2/repository/org/apache/hadoop/hadoop-common/3.4.1/hadoop-common-3.4.1.jar:/home/runner/work/ozone/ozone/hadoop-hdds/client/target/hdds-client-2.1.0-SNAPSHOT.jar:/home/runner/work/ozone/ozone/hadoop-hdds/common/target/hdds-common-2.1.0-SNAPSHOT.jar:/home/runner/work/ozone/ozone/hadoop-hdds/config/target/hdds-config-2.1.0-SNAPSHOT.jar:/home/runner/work/ozone/ozone/hadoop-hdds/container-service/target/hdds-container-service-2.1.0-SNAPSHOT.jar:/home/runner/work/ozone/ozone/hadoop-hdds/interface-admin/target/hdds-interface-admin-2.1.0-SNAPSHOT.jar:/home/runner/work/ozone/ozone/hadoop-hdds/interface-client/target/hdds-interface-client-2.1.0-SNAPSHOT.jar:/home/runner/work/ozone/ozone/hadoop-hdds/interface-server/target/hdds-interface-server-2.1.0-SNAPSHOT.jar:/home/runner/work/ozone/ozone/hadoop-hdds/framework/target/hdds-server-framework-2.1.0-SNAPSHOT.jar:/home/runner/.m2/repository/org/apache/ratis/ratis-client/3.1.2/ratis-client-3.1.2.jar:/home/runner/.m2/repository/org/apache/ratis/ratis-common/3.1.2/ratis-common-3.1.2.jar:/home/runner/.m2/repository/org/apache/ratis/ratis-grpc/3.1.2/ratis-grpc-3.1.2.jar:/home/runner/.m2/repository/org/apache/ratis/ratis-netty/3.1.2/ratis-netty-3.1.2.jar:/home/runner/.m2/repository/org/apache/ratis/ratis-proto/3.1.2/ratis-proto-3.1.2.jar:/home/runner/.m2/repository/org/apache/ratis/ratis-server-api/3.1.2/ratis-server-api-3.1.2.jar:/home/runner/.m2/repository/org/apache/ratis/ratis-thirdparty-misc/1.0.6/ratis-thirdparty-misc-1.0.6.jar:/home/runner/.m2/repository/org/bouncycastle/bcpkix-jdk18on/1.80/bcpkix-jdk18on-1.80.jar:/home/runner/.m2/repository/org/bouncycastle/bcprov-jdk18on/1.80/bcprov-jdk18on-1.80.jar:/home/runner/.m2/repository/org/eclipse/jetty/jetty-webapp/9.4.57.v20241219/jetty-webapp-9.4.57.v20241219.jar:/home/runner/.m2/repository/org/eclipse/jetty/jetty-xml/9.4.57.v20241219/jetty-xml-9.4.57.v20241219.jar:/home/runner/.m2/repository/org/slf4j/slf4j-api/2.0.17/slf4j-api-2.0.17.jar:/home/runner/work/ozone/ozone/hadoop-ozone/cli-admin/target/ozone-cli-admin-2.1.0-SNAPSHOT.jar:/home/runner/.m2/repository/com/fasterxml/jackson/datatype/jackson-datatype-jsr310/2.16.2/jackson-datatype-jsr310-2.16.2.jar:/home/runner/.m2/repository/org/apache/hadoop/hadoop-hdfs-client/3.4.1/hadoop-hdfs-client-3.4.1.jar:/home/runner/work/ozone/ozone/hadoop-ozone/interface-client/target/ozone-interface-client-2.1.0-SNAPSHOT.jar:/home/runner/.m2/repository/commons-codec/commons-codec/1.17.1/commons-codec-1.17.1.jar:/home/runner/work/ozone/ozone/hadoop-ozone/cli-shell/target/ozone-cli-shell-2.1.0-SNAPSHOT.jar:/home/runner/.m2/repository/info/picocli/picocli-shell-jline3/4.7.7/picocli-shell-jline3-4.7.7.jar:/home/runner/.m2/repository/jakarta/xml/bind/jakarta.xml.bind-api/2.3.3/jakarta.xml.bind-api-2.3.3.jar:/home/runner/.m2/repository/org/apache/httpcomponents/httpclient/4.5.14/httpclient-4.5.14.jar:/home/runner/work/ozone/ozone/hadoop-ozone/ozonefs-common/target/ozone-filesystem-common-2.1.0-SNAPSHOT.jar:/home/runner/.m2/repository/org/jline/jline/3.30.0/jline-3.30.0.jar:/home/runner/.m2/repository/org/slf4j/slf4j-reload4j/2.0.17/slf4j-reload4j-2.0.17.jar:/home/runner/work/ozone/ozone/hadoop-ozone/client/target/ozone-client-2.1.0-SNAPSHOT.jar:/home/runner/.m2/repository/com/github/stephenc/jcip/jcip-annotations/1.0-1/jcip-annotations-1.0-1.jar:/home/runner/work/ozone/ozone/hadoop-hdds/erasurecode/target/hdds-erasurecode-2.1.0-SNAPSHOT.jar:/home/runner/work/ozone/ozone/hadoop-ozone/common/target/ozone-common-2.1.0-SNAPSHOT.jar:/home/runner/.m2/repository/io/grpc/grpc-api/1.58.0/grpc-api-1.58.0.jar:/home/runner/.m2/repository/io/grpc/grpc-netty/1.58.0/grpc-netty-1.58.0.jar:/home/runner/.m2/repository/io/grpc/grpc-core/1.58.0/grpc-core-1.58.0.jar:/home/runner/.m2/repository/com/google/android/annotations/4.1.1.4/annotations-4.1.1.4.jar:/home/runner/.m2/repository/org/codehaus/mojo/animal-sniffer-annotations/1.23/animal-sniffer-annotations-1.23.jar:/home/runner/.m2/repository/io/grpc/grpc-context/1.58.0/grpc-context-1.58.0.jar:/home/runner/.m2/repository/io/grpc/grpc-util/1.58.0/grpc-util-1.58.0.jar:/home/runner/.m2/repository/io/perfmark/perfmark-api/0.26.0/perfmark-api-0.26.0.jar:/home/runner/.m2/repository/io/netty/netty-codec-http2/4.1.109.Final/netty-codec-http2-4.1.109.Final.jar:/home/runner/.m2/repository/io/netty/netty-codec-http/4.1.109.Final/netty-codec-http-4.1.109.Final.jar:/home/runner/.m2/repository/io/netty/netty-common/4.1.109.Final/netty-common-4.1.109.Final.jar:/home/runner/.m2/repository/io/netty/netty-handler/4.1.109.Final/netty-handler-4.1.109.Final.jar:/home/runner/.m2/repository/io/netty/netty-resolver/4.1.109.Final/netty-resolver-4.1.109.Final.jar:/home/runner/.m2/repository/io/netty/netty-handler-proxy/4.1.109.Final/netty-handler-proxy-4.1.109.Final.jar:/home/runner/.m2/repository/io/netty/netty-codec-socks/4.1.109.Final/netty-codec-socks-4.1.109.Final.jar:/home/runner/.m2/repository/org/apache/httpcomponents/httpcore/4.4.16/httpcore-4.4.16.jar:/home/runner/.m2/repository/io/netty/netty-tcnative-boringssl-static/2.0.65.Final/netty-tcnative-boringssl-static-2.0.65.Final.jar:/home/runner/.m2/repository/io/netty/netty-tcnative-classes/2.0.65.Final/netty-tcnative-classes-2.0.65.Final.jar:/home/runner/.m2/repository/io/netty/netty-tcnative-boringssl-static/2.0.65.Final/netty-tcnative-boringssl-static-2.0.65.Final-linux-x86_64.jar:/home/runner/.m2/repository/io/netty/netty-tcnative-boringssl-static/2.0.65.Final/netty-tcnative-boringssl-static-2.0.65.Final-linux-aarch_64.jar:/home/runner/.m2/repository/io/netty/netty-tcnative-boringssl-static/2.0.65.Final/netty-tcnative-boringssl-static-2.0.65.Final-osx-x86_64.jar:/home/runner/.m2/repository/io/netty/netty-tcnative-boringssl-static/2.0.65.Final/netty-tcnative-boringssl-static-2.0.65.Final-osx-aarch_64.jar:/home/runner/.m2/repository/io/netty/netty-tcnative-boringssl-static/2.0.65.Final/netty-tcnative-boringssl-static-2.0.65.Final-windows-x86_64.jar:/home/runner/work/ozone/ozone/hadoop-ozone/csi/target/ozone-csi-2.1.0-SNAPSHOT.jar:/home/runner/.m2/repository/ch/qos/reload4j/reload4j/1.2.26/reload4j-1.2.26.jar:/home/runner/.m2/repository/com/google/protobuf/protobuf-java-util/3.19.6/protobuf-java-util-3.19.6.jar:/home/runner/.m2/repository/io/grpc/grpc-protobuf/1.58.0/grpc-protobuf-1.58.0.jar:/home/runner/.m2/repository/com/google/api/grpc/proto-google-common-protos/2.22.0/proto-google-common-protos-2.22.0.jar:/home/runner/.m2/repository/io/grpc/grpc-protobuf-lite/1.58.0/grpc-protobuf-lite-1.58.0.jar:/home/runner/.m2/repository/io/grpc/grpc-stub/1.58.0/grpc-stub-1.58.0.jar:/home/runner/.m2/repository/io/netty/netty-transport/4.1.109.Final/netty-transport-4.1.109.Final.jar:/home/runner/.m2/repository/io/netty/netty-transport-classes-epoll/4.1.109.Final/netty-transport-classes-epoll-4.1.109.Final.jar:/home/runner/.m2/repository/io/netty/netty-transport-native-epoll/4.1.109.Final/netty-transport-native-epoll-4.1.109.Final-linux-x86_64.jar:/home/runner/.m2/repository/io/netty/netty-transport-native-unix-common/4.1.109.Final/netty-transport-native-unix-common-4.1.109.Final.jar:/home/runner/work/ozone/ozone/hadoop-ozone/ozonefs/target/ozone-filesystem-2.1.0-SNAPSHOT.jar:/home/runner/.m2/repository/io/opentracing/opentracing-api/0.33.0/opentracing-api-0.33.0.jar:/home/runner/.m2/repository/io/opentracing/opentracing-util/0.33.0/opentracing-util-0.33.0.jar:/home/runner/.m2/repository/io/opentracing/opentracing-noop/0.33.0/opentracing-noop-0.33.0.jar:/home/runner/work/ozone/ozone/hadoop-ozone/freon/target/ozone-freon-2.1.0-SNAPSHOT.jar:/home/runner/.m2/repository/com/amazonaws/aws-java-sdk-core/1.12.661/aws-java-sdk-core-1.12.661.jar:/home/runner/.m2/repository/com/fasterxml/jackson/dataformat/jackson-dataformat-cbor/2.16.2/jackson-dataformat-cbor-2.16.2.jar:/home/runner/.m2/repository/joda-time/joda-time/2.12.7/joda-time-2.12.7.jar:/home/runner/.m2/repository/com/amazonaws/aws-java-sdk-s3/1.12.661/aws-java-sdk-s3-1.12.661.jar:/home/runner/.m2/repository/com/amazonaws/aws-java-sdk-kms/1.12.661/aws-java-sdk-kms-1.12.661.jar:/home/runner/.m2/repository/com/amazonaws/jmespath-java/1.12.661/jmespath-java-1.12.661.jar:/home/runner/.m2/repository/org/apache/hadoop/hadoop-hdfs/3.4.1/hadoop-hdfs-3.4.1.jar:/home/runner/work/ozone/ozone/hadoop-ozone/interface-storage/target/ozone-interface-storage-2.1.0-SNAPSHOT.jar:/home/runner/.m2/repository/org/kohsuke/metainf-services/metainf-services/1.11/metainf-services-1.11.jar:/home/runner/work/ozone/ozone/hadoop-ozone/ozone-manager/target/ozone-manager-2.1.0-SNAPSHOT.jar:/home/runner/.m2/repository/com/sun/jersey/jersey-client/1.19.4/jersey-client-1.19.4.jar:/home/runner/.m2/repository/org/apache/kerby/kerby-util/1.0.1/kerby-util-1.0.1.jar:/home/runner/.m2/repository/org/apache/logging/log4j/log4j-api/2.24.2/log4j-api-2.24.2.jar:/home/runner/work/ozone/ozone/hadoop-hdds/managed-rocksdb/target/hdds-managed-rocksdb-2.1.0-SNAPSHOT.jar:/home/runner/work/ozone/ozone/hadoop-hdds/rocks-native/target/hdds-rocks-native-2.1.0-SNAPSHOT.jar:/home/runner/.m2/repository/org/eclipse/jetty/jetty-io/9.4.57.v20241219/jetty-io-9.4.57.v20241219.jar:/home/runner/work/ozone/ozone/hadoop-hdds/rocksdb-checkpoint-differ/target/rocksdb-checkpoint-differ-2.1.0-SNAPSHOT.jar:/home/runner/.m2/repository/com/github/vlsi/mxgraph/jgraphx/3.9.12/jgraphx-3.9.12.jar:/home/runner/.m2/repository/org/jgrapht/jgrapht-core/1.4.0/jgrapht-core-1.4.0.jar:/home/runner/.m2/repository/org/jheaps/jheaps/0.11/jheaps-0.11.jar:/home/runner/.m2/repository/org/jgrapht/jgrapht-ext/1.4.0/jgrapht-ext-1.4.0.jar:/home/runner/.m2/repository/org/apache/ranger/ranger-intg/2.6.0/ranger-intg-2.6.0.jar:/home/runner/.m2/repository/org/apache/ranger/ranger-plugins-common/2.6.0/ranger-plugins-common-2.6.0.jar:/home/runner/.m2/repository/com/fasterxml/jackson/jaxrs/jackson-jaxrs-base/2.16.2/jackson-jaxrs-base-2.16.2.jar:/home/runner/.m2/repository/com/fasterxml/jackson/jaxrs/jackson-jaxrs-json-provider/2.16.2/jackson-jaxrs-json-provider-2.16.2.jar:/home/runner/.m2/repository/com/kstruct/gethostname4j/1.0.0/gethostname4j-1.0.0.jar:/home/runner/.m2/repository/commons-lang/commons-lang/2.6/commons-lang-2.6.jar:/home/runner/.m2/repository/net/java/dev/jna/jna/5.2.0/jna-5.2.0.jar:/home/runner/.m2/repository/net/java/dev/jna/jna-platform/5.2.0/jna-platform-5.2.0.jar:/home/runner/.m2/repository/org/apache/ranger/ranger-plugin-classloader/2.6.0/ranger-plugin-classloader-2.6.0.jar:/home/runner/.m2/repository/org/apache/ranger/ranger-plugins-audit/2.6.0/ranger-plugins-audit-2.6.0.jar:/home/runner/.m2/repository/com/amazonaws/aws-java-sdk-logs/1.12.765/aws-java-sdk-logs-1.12.765.jar:/home/runner/.m2/repository/com/carrotsearch/hppc/0.8.0/hppc-0.8.0.jar:/home/runner/.m2/repository/io/airlift/aircompressor/0.27/aircompressor-0.27.jar:/home/runner/.m2/repository/org/apache/httpcomponents/httpasyncclient/4.1.4/httpasyncclient-4.1.4.jar:/home/runner/.m2/repository/org/apache/httpcomponents/httpcore-nio/4.4.16/httpcore-nio-4.4.16.jar:/home/runner/.m2/repository/org/apache/httpcomponents/httpmime/4.5.13/httpmime-4.5.13.jar:/home/runner/.m2/repository/org/apache/orc/orc-core/1.5.8/orc-core-1.5.8.jar:/home/runner/.m2/repository/org/apache/orc/orc-shims/1.5.8/orc-shims-1.5.8.jar:/home/runner/.m2/repository/org/eclipse/jetty/jetty-client/9.4.57.v20241219/jetty-client-9.4.57.v20241219.jar:/home/runner/.m2/repository/org/apache/ranger/ranger-plugins-cred/2.6.0/ranger-plugins-cred-2.6.0.jar:/home/runner/.m2/repository/org/aspectj/aspectjrt/1.9.7/aspectjrt-1.9.7.jar:/home/runner/.m2/repository/org/aspectj/aspectjweaver/1.9.7/aspectjweaver-1.9.7.jar:/home/runner/.m2/repository/org/eclipse/jetty/jetty-util/9.4.57.v20241219/jetty-util-9.4.57.v20241219.jar:/home/runner/.m2/repository/org/reflections/reflections/0.10.2/reflections-0.10.2.jar:/home/runner/.m2/repository/org/rocksdb/rocksdbjni/7.7.3/rocksdbjni-7.7.3.jar:/home/runner/work/ozone/ozone/hadoop-ozone/recon/target/ozone-recon-2.1.0-SNAPSHOT.jar:/home/runner/.m2/repository/aopalliance/aopalliance/1.0/aopalliance-1.0.jar:/home/runner/.m2/repository/com/google/inject/guice/6.0.0/guice-6.0.0.jar:/home/runner/.m2/repository/jakarta/inject/jakarta.inject-api/2.0.1/jakarta.inject-api-2.0.1.jar:/home/runner/.m2/repository/com/google/inject/extensions/guice-assistedinject/6.0.0/guice-assistedinject-6.0.0.jar:/home/runner/.m2/repository/com/google/inject/extensions/guice-servlet/6.0.0/guice-servlet-6.0.0.jar:/home/runner/.m2/repository/com/jolbox/bonecp/0.8.0.RELEASE/bonecp-0.8.0.RELEASE.jar:/home/runner/.m2/repository/jakarta/activation/jakarta.activation-api/1.2.2/jakarta.activation-api-1.2.2.jar:/home/runner/.m2/repository/jakarta/validation/jakarta.validation-api/2.0.2/jakarta.validation-api-2.0.2.jar:/home/runner/.m2/repository/jakarta/ws/rs/jakarta.ws.rs-api/2.1.6/jakarta.ws.rs-api-2.1.6.jar:/home/runner/.m2/repository/javax/inject/javax.inject/1/javax.inject-1.jar:/home/runner/.m2/repository/org/apache/derby/derby/10.14.2.0/derby-10.14.2.0.jar:/home/runner/work/ozone/ozone/hadoop-ozone/recon-codegen/target/ozone-reconcodegen-2.1.0-SNAPSHOT.jar:/home/runner/.m2/repository/org/eclipse/jetty/jetty-servlet/9.4.57.v20241219/jetty-servlet-9.4.57.v20241219.jar:/home/runner/.m2/repository/org/eclipse/jetty/jetty-security/9.4.57.v20241219/jetty-security-9.4.57.v20241219.jar:/home/runner/.m2/repository/org/glassfish/hk2/guice-bridge/2.6.1/guice-bridge-2.6.1.jar:/home/runner/.m2/repository/org/glassfish/hk2/hk2-api/2.6.1/hk2-api-2.6.1.jar:/home/runner/.m2/repository/org/glassfish/hk2/hk2-utils/2.6.1/hk2-utils-2.6.1.jar:/home/runner/.m2/repository/org/glassfish/hk2/external/aopalliance-repackaged/2.6.1/aopalliance-repackaged-2.6.1.jar:/home/runner/.m2/repository/org/glassfish/hk2/external/jakarta.inject/2.6.1/jakarta.inject-2.6.1.jar:/home/runner/.m2/repository/org/glassfish/jersey/containers/jersey-container-servlet/2.46/jersey-container-servlet-2.46.jar:/home/runner/.m2/repository/org/glassfish/jersey/containers/jersey-container-servlet-core/2.46/jersey-container-servlet-core-2.46.jar:/home/runner/.m2/repository/org/glassfish/jersey/core/jersey-common/2.46/jersey-common-2.46.jar:/home/runner/.m2/repository/org/glassfish/hk2/osgi-resource-locator/1.0.3/osgi-resource-locator-1.0.3.jar:/home/runner/.m2/repository/org/glassfish/jersey/core/jersey-server/2.46/jersey-server-2.46.jar:/home/runner/.m2/repository/org/glassfish/jersey/core/jersey-client/2.46/jersey-client-2.46.jar:/home/runner/.m2/repository/org/glassfish/jersey/inject/jersey-hk2/2.46/jersey-hk2-2.46.jar:/home/runner/.m2/repository/org/glassfish/hk2/hk2-locator/2.6.1/hk2-locator-2.6.1.jar:/home/runner/.m2/repository/org/glassfish/jersey/media/jersey-media-jaxb/2.46/jersey-media-jaxb-2.46.jar:/home/runner/.m2/repository/org/glassfish/jersey/media/jersey-media-json-jackson/2.46/jersey-media-json-jackson-2.46.jar:/home/runner/.m2/repository/org/glassfish/jersey/ext/jersey-entity-filtering/2.46/jersey-entity-filtering-2.46.jar:/home/runner/.m2/repository/com/fasterxml/jackson/module/jackson-module-jaxb-annotations/2.16.2/jackson-module-jaxb-annotations-2.16.2.jar:/home/runner/.m2/repository/org/javassist/javassist/3.30.2-GA/javassist-3.30.2-GA.jar:/home/runner/.m2/repository/org/jooq/jooq/3.11.10/jooq-3.11.10.jar:/home/runner/.m2/repository/org/jooq/jooq-codegen/3.11.10/jooq-codegen-3.11.10.jar:/home/runner/.m2/repository/org/jooq/jooq-meta/3.11.10/jooq-meta-3.11.10.jar:/home/runner/.m2/repository/org/springframework/spring-core/5.3.39/spring-core-5.3.39.jar:/home/runner/.m2/repository/org/springframework/spring-jdbc/5.3.39/spring-jdbc-5.3.39.jar:/home/runner/.m2/repository/org/springframework/spring-beans/5.3.39/spring-beans-5.3.39.jar:/home/runner/.m2/repository/org/springframework/spring-tx/5.3.39/spring-tx-5.3.39.jar:/home/runner/.m2/repository/org/xerial/sqlite-jdbc/3.49.1.0/sqlite-jdbc-3.49.1.0.jar:/home/runner/work/ozone/ozone/hadoop-ozone/s3gateway/target/ozone-s3gateway-2.1.0-SNAPSHOT.jar:/home/runner/work/ozone/ozone/hadoop-ozone/tools/target/ozone-tools-2.1.0-SNAPSHOT.jar:/home/runner/.m2/repository/org/apache/ratis/ratis-shell/3.1.2/ratis-shell-3.1.2.jar:/home/runner/.m2/repository/org/apache/ratis/ratis-tools/3.1.2/ratis-tools-3.1.2.jar:/home/runner/.m2/repository/org/glassfish/jaxb/jaxb-runtime/2.3.9/jaxb-runtime-2.3.9.jar:/home/runner/.m2/repository/org/glassfish/jaxb/txw2/2.3.9/txw2-2.3.9.jar:/home/runner/.m2/repository/com/sun/istack/istack-commons-runtime/3.0.12/istack-commons-runtime-3.0.12.jar:/home/runner/.m2/repository/com/sun/activation/jakarta.activation/1.2.2/jakarta.activation-1.2.2.jar:/home/runner/.m2/repository/org/apache/ratis/ratis-server/3.1.2/ratis-server-3.1.2.jar:/home/runner/.m2/repository/org/apache/ratis/ratis-metrics-api/3.1.2/ratis-metrics-api-3.1.2.jar:/home/runner/.m2/repository/org/hamcrest/hamcrest/2.2/hamcrest-2.2.jar:/home/runner/.m2/repository/org/slf4j/jul-to-slf4j/2.0.17/jul-to-slf4j-2.0.17.jar:/home/runner/.m2/repository/org/apache/commons/commons-lang3/3.17.0/commons-lang3-3.17.0.jar:/home/runner/.m2/repository/org/apache/hadoop/hadoop-common/3.4.1/hadoop-common-3.4.1-tests.jar:/home/runner/.m2/repository/org/apache/hadoop/thirdparty/hadoop-shaded-protobuf_3_25/1.4.0/hadoop-shaded-protobuf_3_25-1.4.0.jar:/home/runner/.m2/repository/org/apache/hadoop/hadoop-annotations/3.4.1/hadoop-annotations-3.4.1.jar:/home/runner/.m2/repository/org/apache/hadoop/thirdparty/hadoop-shaded-guava/1.3.0/hadoop-shaded-guava-1.3.0.jar:/home/runner/.m2/repository/commons-cli/commons-cli/1.8.0/commons-cli-1.8.0.jar:/home/runner/.m2/repository/org/apache/commons/commons-math3/3.6.1/commons-math3-3.6.1.jar:/home/runner/.m2/repository/commons-net/commons-net/3.11.1/commons-net-3.11.1.jar:/home/runner/.m2/repository/org/eclipse/jetty/jetty-server/9.4.57.v20241219/jetty-server-9.4.57.v20241219.jar:/home/runner/.m2/repository/javax/servlet/jsp/jsp-api/2.1/jsp-api-2.1.jar:/home/runner/.m2/repository/com/sun/jersey/jersey-core/1.19.4/jersey-core-1.19.4.jar:/home/runner/.m2/repository/javax/ws/rs/jsr311-api/1.1.1/jsr311-api-1.1.1.jar:/home/runner/.m2/repository/com/sun/jersey/jersey-servlet/1.19.4/jersey-servlet-1.19.4.jar:/home/runner/.m2/repository/com/github/pjfanning/jersey-json/1.22.0/jersey-json-1.22.0.jar:/home/runner/.m2/repository/com/sun/xml/bind/jaxb-impl/2.2.3-1/jaxb-impl-2.2.3-1.jar:/home/runner/.m2/repository/org/codehaus/jettison/jettison/1.5.4/jettison-1.5.4.jar:/home/runner/.m2/repository/com/sun/jersey/jersey-server/1.19.4/jersey-server-1.19.4.jar:/home/runner/.m2/repository/commons-beanutils/commons-beanutils/1.9.4/commons-beanutils-1.9.4.jar:/home/runner/.m2/repository/org/apache/commons/commons-configuration2/2.11.0/commons-configuration2-2.11.0.jar:/home/runner/.m2/repository/org/apache/avro/avro/1.9.2/avro-1.9.2.jar:/home/runner/.m2/repository/com/google/re2j/re2j/1.7/re2j-1.7.jar:/home/runner/.m2/repository/com/google/code/gson/gson/2.10.1/gson-2.10.1.jar:/home/runner/.m2/repository/com/jcraft/jsch/0.1.55/jsch-0.1.55.jar:/home/runner/.m2/repository/org/apache/curator/curator-client/4.2.0/curator-client-4.2.0.jar:/home/runner/.m2/repository/org/apache/curator/curator-recipes/5.2.0/curator-recipes-5.2.0.jar:/home/runner/.m2/repository/org/apache/curator/curator-framework/4.2.0/curator-framework-4.2.0.jar:/home/runner/.m2/repository/com/google/code/findbugs/jsr305/3.0.2/jsr305-3.0.2.jar:/home/runner/.m2/repository/org/apache/zookeeper/zookeeper/3.8.4/zookeeper-3.8.4.jar:/home/runner/.m2/repository/org/apache/zookeeper/zookeeper-jute/3.8.4/zookeeper-jute-3.8.4.jar:/home/runner/.m2/repository/org/apache/yetus/audience-annotations/0.12.0/audience-annotations-0.12.0.jar:/home/runner/.m2/repository/io/netty/netty-transport-native-epoll/4.1.109.Final/netty-transport-native-epoll-4.1.109.Final.jar:/home/runner/.m2/repository/org/apache/kerby/kerb-core/1.0.1/kerb-core-1.0.1.jar:/home/runner/.m2/repository/org/apache/kerby/kerby-pkix/1.0.1/kerby-pkix-1.0.1.jar:/home/runner/.m2/repository/org/apache/kerby/kerby-asn1/1.0.1/kerby-asn1-1.0.1.jar:/home/runner/.m2/repository/org/codehaus/woodstox/stax2-api/4.2.1/stax2-api-4.2.1.jar:/home/runner/.m2/repository/com/fasterxml/woodstox/woodstox-core/5.4.0/woodstox-core-5.4.0.jar:/home/runner/.m2/repository/dnsjava/dnsjava/3.6.1/dnsjava-3.6.1.jar:/home/runner/.m2/repository/org/xerial/snappy/snappy-java/1.1.10.7/snappy-java-1.1.10.7.jar:/home/runner/.m2/repository/org/apache/hadoop/hadoop-distcp/3.4.1/hadoop-distcp-3.4.1.jar:/home/runner/.m2/repository/org/apache/hadoop/hadoop-distcp/3.4.1/hadoop-distcp-3.4.1-tests.jar:/home/runner/.m2/repository/org/apache/hadoop/hadoop-hdfs/3.4.1/hadoop-hdfs-3.4.1-tests.jar:/home/runner/.m2/repository/org/eclipse/jetty/jetty-util-ajax/9.4.57.v20241219/jetty-util-ajax-9.4.57.v20241219.jar:/home/runner/.m2/repository/commons-daemon/commons-daemon/1.4.0/commons-daemon-1.4.0.jar:/home/runner/.m2/repository/io/netty/netty-all/4.1.109.Final/netty-all-4.1.109.Final.jar:/home/runner/.m2/repository/io/netty/netty-codec-dns/4.1.109.Final/netty-codec-dns-4.1.109.Final.jar:/home/runner/.m2/repository/io/netty/netty-codec-haproxy/4.1.109.Final/netty-codec-haproxy-4.1.109.Final.jar:/home/runner/.m2/repository/io/netty/netty-codec-memcache/4.1.109.Final/netty-codec-memcache-4.1.109.Final.jar:/home/runner/.m2/repository/io/netty/netty-codec-mqtt/4.1.109.Final/netty-codec-mqtt-4.1.109.Final.jar:/home/runner/.m2/repository/io/netty/netty-codec-redis/4.1.109.Final/netty-codec-redis-4.1.109.Final.jar:/home/runner/.m2/repository/io/netty/netty-codec-smtp/4.1.109.Final/netty-codec-smtp-4.1.109.Final.jar:/home/runner/.m2/repository/io/netty/netty-codec-stomp/4.1.109.Final/netty-codec-stomp-4.1.109.Final.jar:/home/runner/.m2/repository/io/netty/netty-codec-xml/4.1.109.Final/netty-codec-xml-4.1.109.Final.jar:/home/runner/.m2/repository/io/netty/netty-handler-ssl-ocsp/4.1.109.Final/netty-handler-ssl-ocsp-4.1.109.Final.jar:/home/runner/.m2/repository/io/netty/netty-resolver-dns/4.1.109.Final/netty-resolver-dns-4.1.109.Final.jar:/home/runner/.m2/repository/io/netty/netty-transport-rxtx/4.1.109.Final/netty-transport-rxtx-4.1.109.Final.jar:/home/runner/.m2/repository/io/netty/netty-transport-sctp/4.1.109.Final/netty-transport-sctp-4.1.109.Final.jar:/home/runner/.m2/repository/io/netty/netty-transport-udt/4.1.109.Final/netty-transport-udt-4.1.109.Final.jar:/home/runner/.m2/repository/io/netty/netty-transport-classes-kqueue/4.1.109.Final/netty-transport-classes-kqueue-4.1.109.Final.jar:/home/runner/.m2/repository/io/netty/netty-resolver-dns-classes-macos/4.1.109.Final/netty-resolver-dns-classes-macos-4.1.109.Final.jar:/home/runner/.m2/repository/io/netty/netty-transport-native-epoll/4.1.109.Final/netty-transport-native-epoll-4.1.109.Final-linux-aarch_64.jar:/home/runner/.m2/repository/io/netty/netty-transport-native-epoll/4.1.109.Final/netty-transport-native-epoll-4.1.109.Final-linux-riscv64.jar:/home/runner/.m2/repository/io/netty/netty-transport-native-kqueue/4.1.109.Final/netty-transport-native-kqueue-4.1.109.Final-osx-x86_64.jar:/home/runner/.m2/repository/io/netty/netty-transport-native-kqueue/4.1.109.Final/netty-transport-native-kqueue-4.1.109.Final-osx-aarch_64.jar:/home/runner/.m2/repository/io/netty/netty-resolver-dns-native-macos/4.1.109.Final/netty-resolver-dns-native-macos-4.1.109.Final-osx-x86_64.jar:/home/runner/.m2/repository/io/netty/netty-resolver-dns-native-macos/4.1.109.Final/netty-resolver-dns-native-macos-4.1.109.Final-osx-aarch_64.jar:/home/runner/.m2/repository/org/fusesource/leveldbjni/leveldbjni-all/1.8/leveldbjni-all-1.8.jar:/home/runner/.m2/repository/org/apache/hadoop/hadoop-kms/3.4.1/hadoop-kms-3.4.1.jar:/home/runner/.m2/repository/org/apache/hadoop/hadoop-kms/3.4.1/hadoop-kms-3.4.1-tests.jar:/home/runner/.m2/repository/org/apache/hadoop/hadoop-mapreduce-client-core/3.4.1/hadoop-mapreduce-client-core-3.4.1.jar:/home/runner/.m2/repository/org/apache/hadoop/hadoop-yarn-client/3.4.1/hadoop-yarn-client-3.4.1.jar:/home/runner/.m2/repository/org/eclipse/jetty/websocket/websocket-client/9.4.53.v20231009/websocket-client-9.4.53.v20231009.jar:/home/runner/.m2/repository/org/eclipse/jetty/websocket/websocket-common/9.4.53.v20231009/websocket-common-9.4.53.v20231009.jar:/home/runner/.m2/repository/org/eclipse/jetty/websocket/websocket-api/9.4.53.v20231009/websocket-api-9.4.53.v20231009.jar:/home/runner/.m2/repository/org/apache/hadoop/hadoop-yarn-api/3.4.1/hadoop-yarn-api-3.4.1.jar:/home/runner/.m2/repository/org/apache/hadoop/hadoop-yarn-common/3.4.1/hadoop-yarn-common-3.4.1.jar:/home/runner/.m2/repository/javax/xml/bind/jaxb-api/2.2.11/jaxb-api-2.2.11.jar:/home/runner/.m2/repository/com/sun/jersey/contribs/jersey-guice/1.19.4/jersey-guice-1.19.4.jar:/home/runner/.m2/repository/org/apache/hadoop/hadoop-mapreduce-client-jobclient/3.4.1/hadoop-mapreduce-client-jobclient-3.4.1.jar:/home/runner/.m2/repository/org/apache/hadoop/hadoop-mapreduce-client-common/3.4.1/hadoop-mapreduce-client-common-3.4.1.jar:/home/runner/.m2/repository/org/apache/hadoop/hadoop-minikdc/3.4.1/hadoop-minikdc-3.4.1.jar:/home/runner/.m2/repository/org/apache/kerby/kerb-simplekdc/2.0.3/kerb-simplekdc-2.0.3.jar:/home/runner/.m2/repository/org/apache/kerby/kerb-client/2.0.3/kerb-client-2.0.3.jar:/home/runner/.m2/repository/org/apache/kerby/kerb-common/2.0.3/kerb-common-2.0.3.jar:/home/runner/.m2/repository/org/apache/kerby/token-provider/2.0.3/token-provider-2.0.3.jar:/home/runner/.m2/repository/org/apache/kerby/kerb-admin/2.0.3/kerb-admin-2.0.3.jar:/home/runner/.m2/repository/org/apache/kerby/kerb-server/2.0.3/kerb-server-2.0.3.jar:/home/runner/.m2/repository/org/apache/kerby/kerb-identity/2.0.3/kerb-identity-2.0.3.jar:/home/runner/.m2/repository/org/apache/kerby/kerby-xdr/2.0.3/kerby-xdr-2.0.3.jar:/home/runner/.m2/repository/junit/junit/4.13.2/junit-4.13.2.jar:/home/runner/.m2/repository/org/hamcrest/hamcrest-core/1.3/hamcrest-core-1.3.jar:/home/runner/work/ozone/ozone/hadoop-hdds/common/target/hdds-common-2.1.0-SNAPSHOT-tests.jar:/home/runner/.m2/repository/commons-validator/commons-validator/1.6/commons-validator-1.6.jar:/home/runner/.m2/repository/commons-digester/commons-digester/1.8.1/commons-digester-1.8.1.jar:/home/runner/.m2/repository/io/jaegertracing/jaeger-client/1.8.1/jaeger-client-1.8.1.jar:/home/runner/.m2/repository/io/jaegertracing/jaeger-thrift/1.8.1/jaeger-thrift-1.8.1.jar:/home/runner/.m2/repository/org/apache/thrift/libthrift/0.15.0/libthrift-0.15.0.jar:/home/runner/.m2/repository/com/squareup/okhttp3/okhttp/4.12.0/okhttp-4.12.0.jar:/home/runner/.m2/repository/com/squareup/okio/okio/3.6.0/okio-3.6.0.jar:/home/runner/.m2/repository/com/squareup/okio/okio-jvm/3.6.0/okio-jvm-3.6.0.jar:/home/runner/.m2/repository/org/jetbrains/kotlin/kotlin-stdlib-common/1.9.25/kotlin-stdlib-common-1.9.25.jar:/home/runner/.m2/repository/org/jetbrains/kotlin/kotlin-stdlib-jdk8/1.9.25/kotlin-stdlib-jdk8-1.9.25.jar:/home/runner/.m2/repository/org/jetbrains/kotlin/kotlin-stdlib-jdk7/1.9.25/kotlin-stdlib-jdk7-1.9.25.jar:/home/runner/.m2/repository/io/jaegertracing/jaeger-tracerresolver/1.8.1/jaeger-tracerresolver-1.8.1.jar:/home/runner/.m2/repository/io/opentracing/contrib/opentracing-tracerresolver/0.1.8/opentracing-tracerresolver-0.1.8.jar:/home/runner/.m2/repository/io/jaegertracing/jaeger-core/1.8.1/jaeger-core-1.8.1.jar:/home/runner/.m2/repository/javax/annotation/javax.annotation-api/1.3.2/javax.annotation-api-1.3.2.jar:/home/runner/work/ozone/ozone/hadoop-hdds/annotations/target/hdds-annotation-processing-2.1.0-SNAPSHOT.jar:/home/runner/.m2/repository/org/apache/ratis/ratis-metrics-dropwizard3/3.1.2/ratis-metrics-dropwizard3-3.1.2.jar:/home/runner/.m2/repository/org/bouncycastle/bcutil-jdk18on/1.80/bcutil-jdk18on-1.80.jar:/home/runner/.m2/repository/org/jetbrains/kotlin/kotlin-stdlib/1.9.25/kotlin-stdlib-1.9.25.jar:/home/runner/.m2/repository/org/jetbrains/annotations/13.0/annotations-13.0.jar:/home/runner/.m2/repository/org/slf4j/jcl-over-slf4j/2.0.17/jcl-over-slf4j-2.0.17.jar:/home/runner/.m2/repository/org/yaml/snakeyaml/2.0/snakeyaml-2.0.jar:/home/runner/work/ozone/ozone/hadoop-hdds/container-service/target/hdds-container-service-2.1.0-SNAPSHOT-tests.jar:/home/runner/.m2/repository/com/github/luben/zstd-jni/1.5.7-3/zstd-jni-1.5.7-3.jar:/home/runner/.m2/repository/io/netty/netty-buffer/4.1.109.Final/netty-buffer-4.1.109.Final.jar:/home/runner/.m2/repository/io/netty/netty-codec/4.1.109.Final/netty-codec-4.1.109.Final.jar:/home/runner/.m2/repository/log4j/apache-log4j-extras/1.2.17/apache-log4j-extras-1.2.17.jar:/home/runner/work/ozone/ozone/hadoop-hdds/framework/target/hdds-server-framework-2.1.0-SNAPSHOT-tests.jar:/home/runner/.m2/repository/com/github/jnr/jnr-constants/0.10.4/jnr-constants-0.10.4.jar:/home/runner/.m2/repository/com/github/jnr/jnr-posix/3.1.20/jnr-posix-3.1.20.jar:/home/runner/.m2/repository/com/github/jnr/jnr-ffi/2.2.17/jnr-ffi-2.2.17.jar:/home/runner/.m2/repository/com/github/jnr/jffi/1.3.13/jffi-1.3.13.jar:/home/runner/.m2/repository/com/github/jnr/jffi/1.3.13/jffi-1.3.13-native.jar:/home/runner/.m2/repository/org/ow2/asm/asm/9.7.1/asm-9.7.1.jar:/home/runner/.m2/repository/org/ow2/asm/asm-commons/9.7.1/asm-commons-9.7.1.jar:/home/runner/.m2/repository/org/ow2/asm/asm-analysis/9.7.1/asm-analysis-9.7.1.jar:/home/runner/.m2/repository/org/ow2/asm/asm-tree/9.7.1/asm-tree-9.7.1.jar:/home/runner/.m2/repository/org/ow2/asm/asm-util/9.7.1/asm-util-9.7.1.jar:/home/runner/.m2/repository/com/github/jnr/jnr-a64asm/1.0.0/jnr-a64asm-1.0.0.jar:/home/runner/.m2/repository/com/github/jnr/jnr-x86asm/1.0.2/jnr-x86asm-1.0.2.jar:/home/runner/.m2/repository/commons-fileupload/commons-fileupload/1.5/commons-fileupload-1.5.jar:/home/runner/.m2/repository/io/prometheus/simpleclient/0.16.0/simpleclient-0.16.0.jar:/home/runner/.m2/repository/io/prometheus/simpleclient_common/0.16.0/simpleclient_common-0.16.0.jar:/home/runner/.m2/repository/io/prometheus/simpleclient_dropwizard/0.16.0/simpleclient_dropwizard-0.16.0.jar:/home/runner/.m2/repository/org/apache/logging/log4j/log4j-core/2.24.2/log4j-core-2.24.2.jar:/home/runner/.m2/repository/org/eclipse/jetty/jetty-http/9.4.57.v20241219/jetty-http-9.4.57.v20241219.jar:/home/runner/.m2/repository/com/lmax/disruptor/3.4.4/disruptor-3.4.4.jar:/home/runner/.m2/repository/com/nimbusds/nimbus-jose-jwt/9.40/nimbus-jose-jwt-9.40.jar:/home/runner/.m2/repository/org/apache/kerby/kerb-util/1.0.1/kerb-util-1.0.1.jar:/home/runner/.m2/repository/org/apache/kerby/kerby-config/1.0.1/kerby-config-1.0.1.jar:/home/runner/.m2/repository/org/apache/kerby/kerb-crypto/1.0.1/kerb-crypto-1.0.1.jar:/home/runner/work/ozone/ozone/hadoop-hdds/server-scm/target/hdds-server-scm-2.1.0-SNAPSHOT-tests.jar:/home/runner/work/ozone/ozone/hadoop-hdds/test-utils/target/hdds-test-utils-2.1.0-SNAPSHOT-tests.jar:/home/runner/work/ozone/ozone/hadoop-ozone/ozone-manager/target/ozone-manager-2.1.0-SNAPSHOT-tests.jar:/home/runner/work/ozone/ozone/hadoop-ozone/mini-cluster/target/ozone-mini-cluster-2.1.0-SNAPSHOT.jar:/home/runner/.m2/repository/org/assertj/assertj-core/3.27.3/assertj-core-3.27.3.jar:/home/runner/.m2/repository/net/bytebuddy/byte-buddy/1.15.11/byte-buddy-1.15.11.jar:/home/runner/.m2/repository/org/junit/jupiter/junit-jupiter-api/5.12.2/junit-jupiter-api-5.12.2.jar:/home/runner/.m2/repository/org/opentest4j/opentest4j/1.3.0/opentest4j-1.3.0.jar:/home/runner/.m2/repository/org/junit/platform/junit-platform-commons/1.12.2/junit-platform-commons-1.12.2.jar:/home/runner/.m2/repository/org/apiguardian/apiguardian-api/1.1.2/apiguardian-api-1.1.2.jar:/home/runner/.m2/repository/org/junit/jupiter/junit-jupiter-params/5.12.2/junit-jupiter-params-5.12.2.jar:/home/runner/.m2/repository/org/mockito/mockito-core/4.11.0/mockito-core-4.11.0.jar:/home/runner/.m2/repository/net/bytebuddy/byte-buddy-agent/1.12.19/byte-buddy-agent-1.12.19.jar:/home/runner/.m2/repository/org/objenesis/objenesis/3.3/objenesis-3.3.jar:/home/runner/.m2/repository/org/mockito/mockito-inline/4.11.0/mockito-inline-4.11.0.jar:/home/runner/.m2/repository/org/mockito/mockito-junit-jupiter/4.11.0/mockito-junit-jupiter-4.11.0.jar:/home/runner/work/ozone/ozone/hadoop-ozone/integration-test/target/gradle-enterprise/test-listeners.jar:"/>
    <property name="java.vm.vendor" value="Eclipse Adoptium"/>
    <property name="sun.arch.data.model" value="64"/>
    <property name="test.build.dir" value="/home/runner/work/ozone/ozone/hadoop-ozone/integration-test/target/test-dir"/>
    <property name="test.cache.data" value=""/>
    <property name="java.vendor.url" value="https://adoptium.net/"/>
    <property name="user.timezone" value="Etc/UTC"/>
    <property name="maven-surefire-plugin.argLineAccessArgs" value=" --add-opens java.management/com.sun.jmx.mbeanserver=ALL-UNNAMED --add-exports java.management/com.sun.jmx.mbeanserver=ALL-UNNAMED --add-opens java.base/java.nio=ALL-UNNAMED --add-opens java.base/java.lang=ALL-UNNAMED --add-opens java.base/java.lang.reflect=ALL-UNNAMED"/>
    <property name="java.vm.specification.version" value="21"/>
    <property name="os.name" value="Linux"/>
    <property name="test.build.data" value="/home/runner/work/ozone/ozone/hadoop-ozone/integration-test/target/test-dir"/>
    <property name="sun.java.launcher" value="SUN_STANDARD"/>
    <property name="sun.boot.library.path" value="/usr/lib/jvm/temurin-21-jdk-amd64/lib"/>
    <property name="derby.stream.error.method" value="org.apache.ozone.recon.schema.SqlDbUtils.disableDerbyLogFile"/>
    <property name="sun.java.command" value="/home/runner/work/ozone/ozone/hadoop-ozone/integration-test/target/surefire/surefirebooter-20250512135949771_562.jar /home/runner/work/ozone/ozone/hadoop-ozone/integration-test/target/surefire 2025-05-12T13-49-11_104-jvmRun1 surefire-20250512135949771_560tmp surefire_57-20250512135949771_561tmp"/>
    <property name="jdk.debug" value="release"/>
    <property name="native.lib.tmp.dir" value="/tmp"/>
    <property name="surefire.test.class.path" value="/home/runner/work/ozone/ozone/hadoop-ozone/integration-test/target/test-classes:/home/runner/work/ozone/ozone/hadoop-ozone/integration-test/target/classes:/home/runner/work/ozone/ozone/hadoop-hdds/server-scm/target/hdds-server-scm-2.1.0-SNAPSHOT.jar:/home/runner/.m2/repository/com/fasterxml/jackson/core/jackson-annotations/2.16.2/jackson-annotations-2.16.2.jar:/home/runner/.m2/repository/com/fasterxml/jackson/core/jackson-core/2.16.2/jackson-core-2.16.2.jar:/home/runner/.m2/repository/com/fasterxml/jackson/core/jackson-databind/2.16.2/jackson-databind-2.16.2.jar:/home/runner/.m2/repository/com/google/guava/guava/32.1.3-jre/guava-32.1.3-jre.jar:/home/runner/.m2/repository/com/google/guava/failureaccess/1.0.1/failureaccess-1.0.1.jar:/home/runner/.m2/repository/com/google/guava/listenablefuture/9999.0-empty-to-avoid-conflict-with-guava/listenablefuture-9999.0-empty-to-avoid-conflict-with-guava.jar:/home/runner/.m2/repository/org/checkerframework/checker-qual/3.37.0/checker-qual-3.37.0.jar:/home/runner/.m2/repository/com/google/errorprone/error_prone_annotations/2.29.2/error_prone_annotations-2.29.2.jar:/home/runner/.m2/repository/com/google/j2objc/j2objc-annotations/2.8/j2objc-annotations-2.8.jar:/home/runner/.m2/repository/com/google/protobuf/protobuf-java/2.5.0/protobuf-java-2.5.0.jar:/home/runner/.m2/repository/commons-collections/commons-collections/3.2.2/commons-collections-3.2.2.jar:/home/runner/.m2/repository/commons-io/commons-io/2.18.0/commons-io-2.18.0.jar:/home/runner/.m2/repository/info/picocli/picocli/4.7.7/picocli-4.7.7.jar:/home/runner/.m2/repository/io/dropwizard/metrics/metrics-core/3.2.6/metrics-core-3.2.6.jar:/home/runner/.m2/repository/jakarta/annotation/jakarta.annotation-api/2.1.1/jakarta.annotation-api-2.1.1.jar:/home/runner/.m2/repository/javax/servlet/javax.servlet-api/3.1.0/javax.servlet-api-3.1.0.jar:/home/runner/.m2/repository/org/apache/commons/commons-compress/1.27.1/commons-compress-1.27.1.jar:/home/runner/.m2/repository/org/apache/commons/commons-text/1.12.0/commons-text-1.12.0.jar:/home/runner/.m2/repository/org/apache/hadoop/hadoop-auth/3.4.1/hadoop-auth-3.4.1.jar:/home/runner/.m2/repository/org/apache/hadoop/hadoop-common/3.4.1/hadoop-common-3.4.1.jar:/home/runner/work/ozone/ozone/hadoop-hdds/client/target/hdds-client-2.1.0-SNAPSHOT.jar:/home/runner/work/ozone/ozone/hadoop-hdds/common/target/hdds-common-2.1.0-SNAPSHOT.jar:/home/runner/work/ozone/ozone/hadoop-hdds/config/target/hdds-config-2.1.0-SNAPSHOT.jar:/home/runner/work/ozone/ozone/hadoop-hdds/container-service/target/hdds-container-service-2.1.0-SNAPSHOT.jar:/home/runner/work/ozone/ozone/hadoop-hdds/interface-admin/target/hdds-interface-admin-2.1.0-SNAPSHOT.jar:/home/runner/work/ozone/ozone/hadoop-hdds/interface-client/target/hdds-interface-client-2.1.0-SNAPSHOT.jar:/home/runner/work/ozone/ozone/hadoop-hdds/interface-server/target/hdds-interface-server-2.1.0-SNAPSHOT.jar:/home/runner/work/ozone/ozone/hadoop-hdds/framework/target/hdds-server-framework-2.1.0-SNAPSHOT.jar:/home/runner/.m2/repository/org/apache/ratis/ratis-client/3.1.2/ratis-client-3.1.2.jar:/home/runner/.m2/repository/org/apache/ratis/ratis-common/3.1.2/ratis-common-3.1.2.jar:/home/runner/.m2/repository/org/apache/ratis/ratis-grpc/3.1.2/ratis-grpc-3.1.2.jar:/home/runner/.m2/repository/org/apache/ratis/ratis-netty/3.1.2/ratis-netty-3.1.2.jar:/home/runner/.m2/repository/org/apache/ratis/ratis-proto/3.1.2/ratis-proto-3.1.2.jar:/home/runner/.m2/repository/org/apache/ratis/ratis-server-api/3.1.2/ratis-server-api-3.1.2.jar:/home/runner/.m2/repository/org/apache/ratis/ratis-thirdparty-misc/1.0.6/ratis-thirdparty-misc-1.0.6.jar:/home/runner/.m2/repository/org/bouncycastle/bcpkix-jdk18on/1.80/bcpkix-jdk18on-1.80.jar:/home/runner/.m2/repository/org/bouncycastle/bcprov-jdk18on/1.80/bcprov-jdk18on-1.80.jar:/home/runner/.m2/repository/org/eclipse/jetty/jetty-webapp/9.4.57.v20241219/jetty-webapp-9.4.57.v20241219.jar:/home/runner/.m2/repository/org/eclipse/jetty/jetty-xml/9.4.57.v20241219/jetty-xml-9.4.57.v20241219.jar:/home/runner/.m2/repository/org/slf4j/slf4j-api/2.0.17/slf4j-api-2.0.17.jar:/home/runner/work/ozone/ozone/hadoop-ozone/cli-admin/target/ozone-cli-admin-2.1.0-SNAPSHOT.jar:/home/runner/.m2/repository/com/fasterxml/jackson/datatype/jackson-datatype-jsr310/2.16.2/jackson-datatype-jsr310-2.16.2.jar:/home/runner/.m2/repository/org/apache/hadoop/hadoop-hdfs-client/3.4.1/hadoop-hdfs-client-3.4.1.jar:/home/runner/work/ozone/ozone/hadoop-ozone/interface-client/target/ozone-interface-client-2.1.0-SNAPSHOT.jar:/home/runner/.m2/repository/commons-codec/commons-codec/1.17.1/commons-codec-1.17.1.jar:/home/runner/work/ozone/ozone/hadoop-ozone/cli-shell/target/ozone-cli-shell-2.1.0-SNAPSHOT.jar:/home/runner/.m2/repository/info/picocli/picocli-shell-jline3/4.7.7/picocli-shell-jline3-4.7.7.jar:/home/runner/.m2/repository/jakarta/xml/bind/jakarta.xml.bind-api/2.3.3/jakarta.xml.bind-api-2.3.3.jar:/home/runner/.m2/repository/org/apache/httpcomponents/httpclient/4.5.14/httpclient-4.5.14.jar:/home/runner/work/ozone/ozone/hadoop-ozone/ozonefs-common/target/ozone-filesystem-common-2.1.0-SNAPSHOT.jar:/home/runner/.m2/repository/org/jline/jline/3.30.0/jline-3.30.0.jar:/home/runner/.m2/repository/org/slf4j/slf4j-reload4j/2.0.17/slf4j-reload4j-2.0.17.jar:/home/runner/work/ozone/ozone/hadoop-ozone/client/target/ozone-client-2.1.0-SNAPSHOT.jar:/home/runner/.m2/repository/com/github/stephenc/jcip/jcip-annotations/1.0-1/jcip-annotations-1.0-1.jar:/home/runner/work/ozone/ozone/hadoop-hdds/erasurecode/target/hdds-erasurecode-2.1.0-SNAPSHOT.jar:/home/runner/work/ozone/ozone/hadoop-ozone/common/target/ozone-common-2.1.0-SNAPSHOT.jar:/home/runner/.m2/repository/io/grpc/grpc-api/1.58.0/grpc-api-1.58.0.jar:/home/runner/.m2/repository/io/grpc/grpc-netty/1.58.0/grpc-netty-1.58.0.jar:/home/runner/.m2/repository/io/grpc/grpc-core/1.58.0/grpc-core-1.58.0.jar:/home/runner/.m2/repository/com/google/android/annotations/4.1.1.4/annotations-4.1.1.4.jar:/home/runner/.m2/repository/org/codehaus/mojo/animal-sniffer-annotations/1.23/animal-sniffer-annotations-1.23.jar:/home/runner/.m2/repository/io/grpc/grpc-context/1.58.0/grpc-context-1.58.0.jar:/home/runner/.m2/repository/io/grpc/grpc-util/1.58.0/grpc-util-1.58.0.jar:/home/runner/.m2/repository/io/perfmark/perfmark-api/0.26.0/perfmark-api-0.26.0.jar:/home/runner/.m2/repository/io/netty/netty-codec-http2/4.1.109.Final/netty-codec-http2-4.1.109.Final.jar:/home/runner/.m2/repository/io/netty/netty-codec-http/4.1.109.Final/netty-codec-http-4.1.109.Final.jar:/home/runner/.m2/repository/io/netty/netty-common/4.1.109.Final/netty-common-4.1.109.Final.jar:/home/runner/.m2/repository/io/netty/netty-handler/4.1.109.Final/netty-handler-4.1.109.Final.jar:/home/runner/.m2/repository/io/netty/netty-resolver/4.1.109.Final/netty-resolver-4.1.109.Final.jar:/home/runner/.m2/repository/io/netty/netty-handler-proxy/4.1.109.Final/netty-handler-proxy-4.1.109.Final.jar:/home/runner/.m2/repository/io/netty/netty-codec-socks/4.1.109.Final/netty-codec-socks-4.1.109.Final.jar:/home/runner/.m2/repository/org/apache/httpcomponents/httpcore/4.4.16/httpcore-4.4.16.jar:/home/runner/.m2/repository/io/netty/netty-tcnative-boringssl-static/2.0.65.Final/netty-tcnative-boringssl-static-2.0.65.Final.jar:/home/runner/.m2/repository/io/netty/netty-tcnative-classes/2.0.65.Final/netty-tcnative-classes-2.0.65.Final.jar:/home/runner/.m2/repository/io/netty/netty-tcnative-boringssl-static/2.0.65.Final/netty-tcnative-boringssl-static-2.0.65.Final-linux-x86_64.jar:/home/runner/.m2/repository/io/netty/netty-tcnative-boringssl-static/2.0.65.Final/netty-tcnative-boringssl-static-2.0.65.Final-linux-aarch_64.jar:/home/runner/.m2/repository/io/netty/netty-tcnative-boringssl-static/2.0.65.Final/netty-tcnative-boringssl-static-2.0.65.Final-osx-x86_64.jar:/home/runner/.m2/repository/io/netty/netty-tcnative-boringssl-static/2.0.65.Final/netty-tcnative-boringssl-static-2.0.65.Final-osx-aarch_64.jar:/home/runner/.m2/repository/io/netty/netty-tcnative-boringssl-static/2.0.65.Final/netty-tcnative-boringssl-static-2.0.65.Final-windows-x86_64.jar:/home/runner/work/ozone/ozone/hadoop-ozone/csi/target/ozone-csi-2.1.0-SNAPSHOT.jar:/home/runner/.m2/repository/ch/qos/reload4j/reload4j/1.2.26/reload4j-1.2.26.jar:/home/runner/.m2/repository/com/google/protobuf/protobuf-java-util/3.19.6/protobuf-java-util-3.19.6.jar:/home/runner/.m2/repository/io/grpc/grpc-protobuf/1.58.0/grpc-protobuf-1.58.0.jar:/home/runner/.m2/repository/com/google/api/grpc/proto-google-common-protos/2.22.0/proto-google-common-protos-2.22.0.jar:/home/runner/.m2/repository/io/grpc/grpc-protobuf-lite/1.58.0/grpc-protobuf-lite-1.58.0.jar:/home/runner/.m2/repository/io/grpc/grpc-stub/1.58.0/grpc-stub-1.58.0.jar:/home/runner/.m2/repository/io/netty/netty-transport/4.1.109.Final/netty-transport-4.1.109.Final.jar:/home/runner/.m2/repository/io/netty/netty-transport-classes-epoll/4.1.109.Final/netty-transport-classes-epoll-4.1.109.Final.jar:/home/runner/.m2/repository/io/netty/netty-transport-native-epoll/4.1.109.Final/netty-transport-native-epoll-4.1.109.Final-linux-x86_64.jar:/home/runner/.m2/repository/io/netty/netty-transport-native-unix-common/4.1.109.Final/netty-transport-native-unix-common-4.1.109.Final.jar:/home/runner/work/ozone/ozone/hadoop-ozone/ozonefs/target/ozone-filesystem-2.1.0-SNAPSHOT.jar:/home/runner/.m2/repository/io/opentracing/opentracing-api/0.33.0/opentracing-api-0.33.0.jar:/home/runner/.m2/repository/io/opentracing/opentracing-util/0.33.0/opentracing-util-0.33.0.jar:/home/runner/.m2/repository/io/opentracing/opentracing-noop/0.33.0/opentracing-noop-0.33.0.jar:/home/runner/work/ozone/ozone/hadoop-ozone/freon/target/ozone-freon-2.1.0-SNAPSHOT.jar:/home/runner/.m2/repository/com/amazonaws/aws-java-sdk-core/1.12.661/aws-java-sdk-core-1.12.661.jar:/home/runner/.m2/repository/com/fasterxml/jackson/dataformat/jackson-dataformat-cbor/2.16.2/jackson-dataformat-cbor-2.16.2.jar:/home/runner/.m2/repository/joda-time/joda-time/2.12.7/joda-time-2.12.7.jar:/home/runner/.m2/repository/com/amazonaws/aws-java-sdk-s3/1.12.661/aws-java-sdk-s3-1.12.661.jar:/home/runner/.m2/repository/com/amazonaws/aws-java-sdk-kms/1.12.661/aws-java-sdk-kms-1.12.661.jar:/home/runner/.m2/repository/com/amazonaws/jmespath-java/1.12.661/jmespath-java-1.12.661.jar:/home/runner/.m2/repository/org/apache/hadoop/hadoop-hdfs/3.4.1/hadoop-hdfs-3.4.1.jar:/home/runner/work/ozone/ozone/hadoop-ozone/interface-storage/target/ozone-interface-storage-2.1.0-SNAPSHOT.jar:/home/runner/.m2/repository/org/kohsuke/metainf-services/metainf-services/1.11/metainf-services-1.11.jar:/home/runner/work/ozone/ozone/hadoop-ozone/ozone-manager/target/ozone-manager-2.1.0-SNAPSHOT.jar:/home/runner/.m2/repository/com/sun/jersey/jersey-client/1.19.4/jersey-client-1.19.4.jar:/home/runner/.m2/repository/org/apache/kerby/kerby-util/1.0.1/kerby-util-1.0.1.jar:/home/runner/.m2/repository/org/apache/logging/log4j/log4j-api/2.24.2/log4j-api-2.24.2.jar:/home/runner/work/ozone/ozone/hadoop-hdds/managed-rocksdb/target/hdds-managed-rocksdb-2.1.0-SNAPSHOT.jar:/home/runner/work/ozone/ozone/hadoop-hdds/rocks-native/target/hdds-rocks-native-2.1.0-SNAPSHOT.jar:/home/runner/.m2/repository/org/eclipse/jetty/jetty-io/9.4.57.v20241219/jetty-io-9.4.57.v20241219.jar:/home/runner/work/ozone/ozone/hadoop-hdds/rocksdb-checkpoint-differ/target/rocksdb-checkpoint-differ-2.1.0-SNAPSHOT.jar:/home/runner/.m2/repository/com/github/vlsi/mxgraph/jgraphx/3.9.12/jgraphx-3.9.12.jar:/home/runner/.m2/repository/org/jgrapht/jgrapht-core/1.4.0/jgrapht-core-1.4.0.jar:/home/runner/.m2/repository/org/jheaps/jheaps/0.11/jheaps-0.11.jar:/home/runner/.m2/repository/org/jgrapht/jgrapht-ext/1.4.0/jgrapht-ext-1.4.0.jar:/home/runner/.m2/repository/org/apache/ranger/ranger-intg/2.6.0/ranger-intg-2.6.0.jar:/home/runner/.m2/repository/org/apache/ranger/ranger-plugins-common/2.6.0/ranger-plugins-common-2.6.0.jar:/home/runner/.m2/repository/com/fasterxml/jackson/jaxrs/jackson-jaxrs-base/2.16.2/jackson-jaxrs-base-2.16.2.jar:/home/runner/.m2/repository/com/fasterxml/jackson/jaxrs/jackson-jaxrs-json-provider/2.16.2/jackson-jaxrs-json-provider-2.16.2.jar:/home/runner/.m2/repository/com/kstruct/gethostname4j/1.0.0/gethostname4j-1.0.0.jar:/home/runner/.m2/repository/commons-lang/commons-lang/2.6/commons-lang-2.6.jar:/home/runner/.m2/repository/net/java/dev/jna/jna/5.2.0/jna-5.2.0.jar:/home/runner/.m2/repository/net/java/dev/jna/jna-platform/5.2.0/jna-platform-5.2.0.jar:/home/runner/.m2/repository/org/apache/ranger/ranger-plugin-classloader/2.6.0/ranger-plugin-classloader-2.6.0.jar:/home/runner/.m2/repository/org/apache/ranger/ranger-plugins-audit/2.6.0/ranger-plugins-audit-2.6.0.jar:/home/runner/.m2/repository/com/amazonaws/aws-java-sdk-logs/1.12.765/aws-java-sdk-logs-1.12.765.jar:/home/runner/.m2/repository/com/carrotsearch/hppc/0.8.0/hppc-0.8.0.jar:/home/runner/.m2/repository/io/airlift/aircompressor/0.27/aircompressor-0.27.jar:/home/runner/.m2/repository/org/apache/httpcomponents/httpasyncclient/4.1.4/httpasyncclient-4.1.4.jar:/home/runner/.m2/repository/org/apache/httpcomponents/httpcore-nio/4.4.16/httpcore-nio-4.4.16.jar:/home/runner/.m2/repository/org/apache/httpcomponents/httpmime/4.5.13/httpmime-4.5.13.jar:/home/runner/.m2/repository/org/apache/orc/orc-core/1.5.8/orc-core-1.5.8.jar:/home/runner/.m2/repository/org/apache/orc/orc-shims/1.5.8/orc-shims-1.5.8.jar:/home/runner/.m2/repository/org/eclipse/jetty/jetty-client/9.4.57.v20241219/jetty-client-9.4.57.v20241219.jar:/home/runner/.m2/repository/org/apache/ranger/ranger-plugins-cred/2.6.0/ranger-plugins-cred-2.6.0.jar:/home/runner/.m2/repository/org/aspectj/aspectjrt/1.9.7/aspectjrt-1.9.7.jar:/home/runner/.m2/repository/org/aspectj/aspectjweaver/1.9.7/aspectjweaver-1.9.7.jar:/home/runner/.m2/repository/org/eclipse/jetty/jetty-util/9.4.57.v20241219/jetty-util-9.4.57.v20241219.jar:/home/runner/.m2/repository/org/reflections/reflections/0.10.2/reflections-0.10.2.jar:/home/runner/.m2/repository/org/rocksdb/rocksdbjni/7.7.3/rocksdbjni-7.7.3.jar:/home/runner/work/ozone/ozone/hadoop-ozone/recon/target/ozone-recon-2.1.0-SNAPSHOT.jar:/home/runner/.m2/repository/aopalliance/aopalliance/1.0/aopalliance-1.0.jar:/home/runner/.m2/repository/com/google/inject/guice/6.0.0/guice-6.0.0.jar:/home/runner/.m2/repository/jakarta/inject/jakarta.inject-api/2.0.1/jakarta.inject-api-2.0.1.jar:/home/runner/.m2/repository/com/google/inject/extensions/guice-assistedinject/6.0.0/guice-assistedinject-6.0.0.jar:/home/runner/.m2/repository/com/google/inject/extensions/guice-servlet/6.0.0/guice-servlet-6.0.0.jar:/home/runner/.m2/repository/com/jolbox/bonecp/0.8.0.RELEASE/bonecp-0.8.0.RELEASE.jar:/home/runner/.m2/repository/jakarta/activation/jakarta.activation-api/1.2.2/jakarta.activation-api-1.2.2.jar:/home/runner/.m2/repository/jakarta/validation/jakarta.validation-api/2.0.2/jakarta.validation-api-2.0.2.jar:/home/runner/.m2/repository/jakarta/ws/rs/jakarta.ws.rs-api/2.1.6/jakarta.ws.rs-api-2.1.6.jar:/home/runner/.m2/repository/javax/inject/javax.inject/1/javax.inject-1.jar:/home/runner/.m2/repository/org/apache/derby/derby/10.14.2.0/derby-10.14.2.0.jar:/home/runner/work/ozone/ozone/hadoop-ozone/recon-codegen/target/ozone-reconcodegen-2.1.0-SNAPSHOT.jar:/home/runner/.m2/repository/org/eclipse/jetty/jetty-servlet/9.4.57.v20241219/jetty-servlet-9.4.57.v20241219.jar:/home/runner/.m2/repository/org/eclipse/jetty/jetty-security/9.4.57.v20241219/jetty-security-9.4.57.v20241219.jar:/home/runner/.m2/repository/org/glassfish/hk2/guice-bridge/2.6.1/guice-bridge-2.6.1.jar:/home/runner/.m2/repository/org/glassfish/hk2/hk2-api/2.6.1/hk2-api-2.6.1.jar:/home/runner/.m2/repository/org/glassfish/hk2/hk2-utils/2.6.1/hk2-utils-2.6.1.jar:/home/runner/.m2/repository/org/glassfish/hk2/external/aopalliance-repackaged/2.6.1/aopalliance-repackaged-2.6.1.jar:/home/runner/.m2/repository/org/glassfish/hk2/external/jakarta.inject/2.6.1/jakarta.inject-2.6.1.jar:/home/runner/.m2/repository/org/glassfish/jersey/containers/jersey-container-servlet/2.46/jersey-container-servlet-2.46.jar:/home/runner/.m2/repository/org/glassfish/jersey/containers/jersey-container-servlet-core/2.46/jersey-container-servlet-core-2.46.jar:/home/runner/.m2/repository/org/glassfish/jersey/core/jersey-common/2.46/jersey-common-2.46.jar:/home/runner/.m2/repository/org/glassfish/hk2/osgi-resource-locator/1.0.3/osgi-resource-locator-1.0.3.jar:/home/runner/.m2/repository/org/glassfish/jersey/core/jersey-server/2.46/jersey-server-2.46.jar:/home/runner/.m2/repository/org/glassfish/jersey/core/jersey-client/2.46/jersey-client-2.46.jar:/home/runner/.m2/repository/org/glassfish/jersey/inject/jersey-hk2/2.46/jersey-hk2-2.46.jar:/home/runner/.m2/repository/org/glassfish/hk2/hk2-locator/2.6.1/hk2-locator-2.6.1.jar:/home/runner/.m2/repository/org/glassfish/jersey/media/jersey-media-jaxb/2.46/jersey-media-jaxb-2.46.jar:/home/runner/.m2/repository/org/glassfish/jersey/media/jersey-media-json-jackson/2.46/jersey-media-json-jackson-2.46.jar:/home/runner/.m2/repository/org/glassfish/jersey/ext/jersey-entity-filtering/2.46/jersey-entity-filtering-2.46.jar:/home/runner/.m2/repository/com/fasterxml/jackson/module/jackson-module-jaxb-annotations/2.16.2/jackson-module-jaxb-annotations-2.16.2.jar:/home/runner/.m2/repository/org/javassist/javassist/3.30.2-GA/javassist-3.30.2-GA.jar:/home/runner/.m2/repository/org/jooq/jooq/3.11.10/jooq-3.11.10.jar:/home/runner/.m2/repository/org/jooq/jooq-codegen/3.11.10/jooq-codegen-3.11.10.jar:/home/runner/.m2/repository/org/jooq/jooq-meta/3.11.10/jooq-meta-3.11.10.jar:/home/runner/.m2/repository/org/springframework/spring-core/5.3.39/spring-core-5.3.39.jar:/home/runner/.m2/repository/org/springframework/spring-jdbc/5.3.39/spring-jdbc-5.3.39.jar:/home/runner/.m2/repository/org/springframework/spring-beans/5.3.39/spring-beans-5.3.39.jar:/home/runner/.m2/repository/org/springframework/spring-tx/5.3.39/spring-tx-5.3.39.jar:/home/runner/.m2/repository/org/xerial/sqlite-jdbc/3.49.1.0/sqlite-jdbc-3.49.1.0.jar:/home/runner/work/ozone/ozone/hadoop-ozone/s3gateway/target/ozone-s3gateway-2.1.0-SNAPSHOT.jar:/home/runner/work/ozone/ozone/hadoop-ozone/tools/target/ozone-tools-2.1.0-SNAPSHOT.jar:/home/runner/.m2/repository/org/apache/ratis/ratis-shell/3.1.2/ratis-shell-3.1.2.jar:/home/runner/.m2/repository/org/apache/ratis/ratis-tools/3.1.2/ratis-tools-3.1.2.jar:/home/runner/.m2/repository/org/glassfish/jaxb/jaxb-runtime/2.3.9/jaxb-runtime-2.3.9.jar:/home/runner/.m2/repository/org/glassfish/jaxb/txw2/2.3.9/txw2-2.3.9.jar:/home/runner/.m2/repository/com/sun/istack/istack-commons-runtime/3.0.12/istack-commons-runtime-3.0.12.jar:/home/runner/.m2/repository/com/sun/activation/jakarta.activation/1.2.2/jakarta.activation-1.2.2.jar:/home/runner/.m2/repository/org/apache/ratis/ratis-server/3.1.2/ratis-server-3.1.2.jar:/home/runner/.m2/repository/org/apache/ratis/ratis-metrics-api/3.1.2/ratis-metrics-api-3.1.2.jar:/home/runner/.m2/repository/org/hamcrest/hamcrest/2.2/hamcrest-2.2.jar:/home/runner/.m2/repository/org/slf4j/jul-to-slf4j/2.0.17/jul-to-slf4j-2.0.17.jar:/home/runner/.m2/repository/org/apache/commons/commons-lang3/3.17.0/commons-lang3-3.17.0.jar:/home/runner/.m2/repository/org/apache/hadoop/hadoop-common/3.4.1/hadoop-common-3.4.1-tests.jar:/home/runner/.m2/repository/org/apache/hadoop/thirdparty/hadoop-shaded-protobuf_3_25/1.4.0/hadoop-shaded-protobuf_3_25-1.4.0.jar:/home/runner/.m2/repository/org/apache/hadoop/hadoop-annotations/3.4.1/hadoop-annotations-3.4.1.jar:/home/runner/.m2/repository/org/apache/hadoop/thirdparty/hadoop-shaded-guava/1.3.0/hadoop-shaded-guava-1.3.0.jar:/home/runner/.m2/repository/commons-cli/commons-cli/1.8.0/commons-cli-1.8.0.jar:/home/runner/.m2/repository/org/apache/commons/commons-math3/3.6.1/commons-math3-3.6.1.jar:/home/runner/.m2/repository/commons-net/commons-net/3.11.1/commons-net-3.11.1.jar:/home/runner/.m2/repository/org/eclipse/jetty/jetty-server/9.4.57.v20241219/jetty-server-9.4.57.v20241219.jar:/home/runner/.m2/repository/javax/servlet/jsp/jsp-api/2.1/jsp-api-2.1.jar:/home/runner/.m2/repository/com/sun/jersey/jersey-core/1.19.4/jersey-core-1.19.4.jar:/home/runner/.m2/repository/javax/ws/rs/jsr311-api/1.1.1/jsr311-api-1.1.1.jar:/home/runner/.m2/repository/com/sun/jersey/jersey-servlet/1.19.4/jersey-servlet-1.19.4.jar:/home/runner/.m2/repository/com/github/pjfanning/jersey-json/1.22.0/jersey-json-1.22.0.jar:/home/runner/.m2/repository/com/sun/xml/bind/jaxb-impl/2.2.3-1/jaxb-impl-2.2.3-1.jar:/home/runner/.m2/repository/org/codehaus/jettison/jettison/1.5.4/jettison-1.5.4.jar:/home/runner/.m2/repository/com/sun/jersey/jersey-server/1.19.4/jersey-server-1.19.4.jar:/home/runner/.m2/repository/commons-beanutils/commons-beanutils/1.9.4/commons-beanutils-1.9.4.jar:/home/runner/.m2/repository/org/apache/commons/commons-configuration2/2.11.0/commons-configuration2-2.11.0.jar:/home/runner/.m2/repository/org/apache/avro/avro/1.9.2/avro-1.9.2.jar:/home/runner/.m2/repository/com/google/re2j/re2j/1.7/re2j-1.7.jar:/home/runner/.m2/repository/com/google/code/gson/gson/2.10.1/gson-2.10.1.jar:/home/runner/.m2/repository/com/jcraft/jsch/0.1.55/jsch-0.1.55.jar:/home/runner/.m2/repository/org/apache/curator/curator-client/4.2.0/curator-client-4.2.0.jar:/home/runner/.m2/repository/org/apache/curator/curator-recipes/5.2.0/curator-recipes-5.2.0.jar:/home/runner/.m2/repository/org/apache/curator/curator-framework/4.2.0/curator-framework-4.2.0.jar:/home/runner/.m2/repository/com/google/code/findbugs/jsr305/3.0.2/jsr305-3.0.2.jar:/home/runner/.m2/repository/org/apache/zookeeper/zookeeper/3.8.4/zookeeper-3.8.4.jar:/home/runner/.m2/repository/org/apache/zookeeper/zookeeper-jute/3.8.4/zookeeper-jute-3.8.4.jar:/home/runner/.m2/repository/org/apache/yetus/audience-annotations/0.12.0/audience-annotations-0.12.0.jar:/home/runner/.m2/repository/io/netty/netty-transport-native-epoll/4.1.109.Final/netty-transport-native-epoll-4.1.109.Final.jar:/home/runner/.m2/repository/org/apache/kerby/kerb-core/1.0.1/kerb-core-1.0.1.jar:/home/runner/.m2/repository/org/apache/kerby/kerby-pkix/1.0.1/kerby-pkix-1.0.1.jar:/home/runner/.m2/repository/org/apache/kerby/kerby-asn1/1.0.1/kerby-asn1-1.0.1.jar:/home/runner/.m2/repository/org/codehaus/woodstox/stax2-api/4.2.1/stax2-api-4.2.1.jar:/home/runner/.m2/repository/com/fasterxml/woodstox/woodstox-core/5.4.0/woodstox-core-5.4.0.jar:/home/runner/.m2/repository/dnsjava/dnsjava/3.6.1/dnsjava-3.6.1.jar:/home/runner/.m2/repository/org/xerial/snappy/snappy-java/1.1.10.7/snappy-java-1.1.10.7.jar:/home/runner/.m2/repository/org/apache/hadoop/hadoop-distcp/3.4.1/hadoop-distcp-3.4.1.jar:/home/runner/.m2/repository/org/apache/hadoop/hadoop-distcp/3.4.1/hadoop-distcp-3.4.1-tests.jar:/home/runner/.m2/repository/org/apache/hadoop/hadoop-hdfs/3.4.1/hadoop-hdfs-3.4.1-tests.jar:/home/runner/.m2/repository/org/eclipse/jetty/jetty-util-ajax/9.4.57.v20241219/jetty-util-ajax-9.4.57.v20241219.jar:/home/runner/.m2/repository/commons-daemon/commons-daemon/1.4.0/commons-daemon-1.4.0.jar:/home/runner/.m2/repository/io/netty/netty-all/4.1.109.Final/netty-all-4.1.109.Final.jar:/home/runner/.m2/repository/io/netty/netty-codec-dns/4.1.109.Final/netty-codec-dns-4.1.109.Final.jar:/home/runner/.m2/repository/io/netty/netty-codec-haproxy/4.1.109.Final/netty-codec-haproxy-4.1.109.Final.jar:/home/runner/.m2/repository/io/netty/netty-codec-memcache/4.1.109.Final/netty-codec-memcache-4.1.109.Final.jar:/home/runner/.m2/repository/io/netty/netty-codec-mqtt/4.1.109.Final/netty-codec-mqtt-4.1.109.Final.jar:/home/runner/.m2/repository/io/netty/netty-codec-redis/4.1.109.Final/netty-codec-redis-4.1.109.Final.jar:/home/runner/.m2/repository/io/netty/netty-codec-smtp/4.1.109.Final/netty-codec-smtp-4.1.109.Final.jar:/home/runner/.m2/repository/io/netty/netty-codec-stomp/4.1.109.Final/netty-codec-stomp-4.1.109.Final.jar:/home/runner/.m2/repository/io/netty/netty-codec-xml/4.1.109.Final/netty-codec-xml-4.1.109.Final.jar:/home/runner/.m2/repository/io/netty/netty-handler-ssl-ocsp/4.1.109.Final/netty-handler-ssl-ocsp-4.1.109.Final.jar:/home/runner/.m2/repository/io/netty/netty-resolver-dns/4.1.109.Final/netty-resolver-dns-4.1.109.Final.jar:/home/runner/.m2/repository/io/netty/netty-transport-rxtx/4.1.109.Final/netty-transport-rxtx-4.1.109.Final.jar:/home/runner/.m2/repository/io/netty/netty-transport-sctp/4.1.109.Final/netty-transport-sctp-4.1.109.Final.jar:/home/runner/.m2/repository/io/netty/netty-transport-udt/4.1.109.Final/netty-transport-udt-4.1.109.Final.jar:/home/runner/.m2/repository/io/netty/netty-transport-classes-kqueue/4.1.109.Final/netty-transport-classes-kqueue-4.1.109.Final.jar:/home/runner/.m2/repository/io/netty/netty-resolver-dns-classes-macos/4.1.109.Final/netty-resolver-dns-classes-macos-4.1.109.Final.jar:/home/runner/.m2/repository/io/netty/netty-transport-native-epoll/4.1.109.Final/netty-transport-native-epoll-4.1.109.Final-linux-aarch_64.jar:/home/runner/.m2/repository/io/netty/netty-transport-native-epoll/4.1.109.Final/netty-transport-native-epoll-4.1.109.Final-linux-riscv64.jar:/home/runner/.m2/repository/io/netty/netty-transport-native-kqueue/4.1.109.Final/netty-transport-native-kqueue-4.1.109.Final-osx-x86_64.jar:/home/runner/.m2/repository/io/netty/netty-transport-native-kqueue/4.1.109.Final/netty-transport-native-kqueue-4.1.109.Final-osx-aarch_64.jar:/home/runner/.m2/repository/io/netty/netty-resolver-dns-native-macos/4.1.109.Final/netty-resolver-dns-native-macos-4.1.109.Final-osx-x86_64.jar:/home/runner/.m2/repository/io/netty/netty-resolver-dns-native-macos/4.1.109.Final/netty-resolver-dns-native-macos-4.1.109.Final-osx-aarch_64.jar:/home/runner/.m2/repository/org/fusesource/leveldbjni/leveldbjni-all/1.8/leveldbjni-all-1.8.jar:/home/runner/.m2/repository/org/apache/hadoop/hadoop-kms/3.4.1/hadoop-kms-3.4.1.jar:/home/runner/.m2/repository/org/apache/hadoop/hadoop-kms/3.4.1/hadoop-kms-3.4.1-tests.jar:/home/runner/.m2/repository/org/apache/hadoop/hadoop-mapreduce-client-core/3.4.1/hadoop-mapreduce-client-core-3.4.1.jar:/home/runner/.m2/repository/org/apache/hadoop/hadoop-yarn-client/3.4.1/hadoop-yarn-client-3.4.1.jar:/home/runner/.m2/repository/org/eclipse/jetty/websocket/websocket-client/9.4.53.v20231009/websocket-client-9.4.53.v20231009.jar:/home/runner/.m2/repository/org/eclipse/jetty/websocket/websocket-common/9.4.53.v20231009/websocket-common-9.4.53.v20231009.jar:/home/runner/.m2/repository/org/eclipse/jetty/websocket/websocket-api/9.4.53.v20231009/websocket-api-9.4.53.v20231009.jar:/home/runner/.m2/repository/org/apache/hadoop/hadoop-yarn-api/3.4.1/hadoop-yarn-api-3.4.1.jar:/home/runner/.m2/repository/org/apache/hadoop/hadoop-yarn-common/3.4.1/hadoop-yarn-common-3.4.1.jar:/home/runner/.m2/repository/javax/xml/bind/jaxb-api/2.2.11/jaxb-api-2.2.11.jar:/home/runner/.m2/repository/com/sun/jersey/contribs/jersey-guice/1.19.4/jersey-guice-1.19.4.jar:/home/runner/.m2/repository/org/apache/hadoop/hadoop-mapreduce-client-jobclient/3.4.1/hadoop-mapreduce-client-jobclient-3.4.1.jar:/home/runner/.m2/repository/org/apache/hadoop/hadoop-mapreduce-client-common/3.4.1/hadoop-mapreduce-client-common-3.4.1.jar:/home/runner/.m2/repository/org/apache/hadoop/hadoop-minikdc/3.4.1/hadoop-minikdc-3.4.1.jar:/home/runner/.m2/repository/org/apache/kerby/kerb-simplekdc/2.0.3/kerb-simplekdc-2.0.3.jar:/home/runner/.m2/repository/org/apache/kerby/kerb-client/2.0.3/kerb-client-2.0.3.jar:/home/runner/.m2/repository/org/apache/kerby/kerb-common/2.0.3/kerb-common-2.0.3.jar:/home/runner/.m2/repository/org/apache/kerby/token-provider/2.0.3/token-provider-2.0.3.jar:/home/runner/.m2/repository/org/apache/kerby/kerb-admin/2.0.3/kerb-admin-2.0.3.jar:/home/runner/.m2/repository/org/apache/kerby/kerb-server/2.0.3/kerb-server-2.0.3.jar:/home/runner/.m2/repository/org/apache/kerby/kerb-identity/2.0.3/kerb-identity-2.0.3.jar:/home/runner/.m2/repository/org/apache/kerby/kerby-xdr/2.0.3/kerby-xdr-2.0.3.jar:/home/runner/.m2/repository/junit/junit/4.13.2/junit-4.13.2.jar:/home/runner/.m2/repository/org/hamcrest/hamcrest-core/1.3/hamcrest-core-1.3.jar:/home/runner/work/ozone/ozone/hadoop-hdds/common/target/hdds-common-2.1.0-SNAPSHOT-tests.jar:/home/runner/.m2/repository/commons-validator/commons-validator/1.6/commons-validator-1.6.jar:/home/runner/.m2/repository/commons-digester/commons-digester/1.8.1/commons-digester-1.8.1.jar:/home/runner/.m2/repository/io/jaegertracing/jaeger-client/1.8.1/jaeger-client-1.8.1.jar:/home/runner/.m2/repository/io/jaegertracing/jaeger-thrift/1.8.1/jaeger-thrift-1.8.1.jar:/home/runner/.m2/repository/org/apache/thrift/libthrift/0.15.0/libthrift-0.15.0.jar:/home/runner/.m2/repository/com/squareup/okhttp3/okhttp/4.12.0/okhttp-4.12.0.jar:/home/runner/.m2/repository/com/squareup/okio/okio/3.6.0/okio-3.6.0.jar:/home/runner/.m2/repository/com/squareup/okio/okio-jvm/3.6.0/okio-jvm-3.6.0.jar:/home/runner/.m2/repository/org/jetbrains/kotlin/kotlin-stdlib-common/1.9.25/kotlin-stdlib-common-1.9.25.jar:/home/runner/.m2/repository/org/jetbrains/kotlin/kotlin-stdlib-jdk8/1.9.25/kotlin-stdlib-jdk8-1.9.25.jar:/home/runner/.m2/repository/org/jetbrains/kotlin/kotlin-stdlib-jdk7/1.9.25/kotlin-stdlib-jdk7-1.9.25.jar:/home/runner/.m2/repository/io/jaegertracing/jaeger-tracerresolver/1.8.1/jaeger-tracerresolver-1.8.1.jar:/home/runner/.m2/repository/io/opentracing/contrib/opentracing-tracerresolver/0.1.8/opentracing-tracerresolver-0.1.8.jar:/home/runner/.m2/repository/io/jaegertracing/jaeger-core/1.8.1/jaeger-core-1.8.1.jar:/home/runner/.m2/repository/javax/annotation/javax.annotation-api/1.3.2/javax.annotation-api-1.3.2.jar:/home/runner/work/ozone/ozone/hadoop-hdds/annotations/target/hdds-annotation-processing-2.1.0-SNAPSHOT.jar:/home/runner/.m2/repository/org/apache/ratis/ratis-metrics-dropwizard3/3.1.2/ratis-metrics-dropwizard3-3.1.2.jar:/home/runner/.m2/repository/org/bouncycastle/bcutil-jdk18on/1.80/bcutil-jdk18on-1.80.jar:/home/runner/.m2/repository/org/jetbrains/kotlin/kotlin-stdlib/1.9.25/kotlin-stdlib-1.9.25.jar:/home/runner/.m2/repository/org/jetbrains/annotations/13.0/annotations-13.0.jar:/home/runner/.m2/repository/org/slf4j/jcl-over-slf4j/2.0.17/jcl-over-slf4j-2.0.17.jar:/home/runner/.m2/repository/org/yaml/snakeyaml/2.0/snakeyaml-2.0.jar:/home/runner/work/ozone/ozone/hadoop-hdds/container-service/target/hdds-container-service-2.1.0-SNAPSHOT-tests.jar:/home/runner/.m2/repository/com/github/luben/zstd-jni/1.5.7-3/zstd-jni-1.5.7-3.jar:/home/runner/.m2/repository/io/netty/netty-buffer/4.1.109.Final/netty-buffer-4.1.109.Final.jar:/home/runner/.m2/repository/io/netty/netty-codec/4.1.109.Final/netty-codec-4.1.109.Final.jar:/home/runner/.m2/repository/log4j/apache-log4j-extras/1.2.17/apache-log4j-extras-1.2.17.jar:/home/runner/work/ozone/ozone/hadoop-hdds/framework/target/hdds-server-framework-2.1.0-SNAPSHOT-tests.jar:/home/runner/.m2/repository/com/github/jnr/jnr-constants/0.10.4/jnr-constants-0.10.4.jar:/home/runner/.m2/repository/com/github/jnr/jnr-posix/3.1.20/jnr-posix-3.1.20.jar:/home/runner/.m2/repository/com/github/jnr/jnr-ffi/2.2.17/jnr-ffi-2.2.17.jar:/home/runner/.m2/repository/com/github/jnr/jffi/1.3.13/jffi-1.3.13.jar:/home/runner/.m2/repository/com/github/jnr/jffi/1.3.13/jffi-1.3.13-native.jar:/home/runner/.m2/repository/org/ow2/asm/asm/9.7.1/asm-9.7.1.jar:/home/runner/.m2/repository/org/ow2/asm/asm-commons/9.7.1/asm-commons-9.7.1.jar:/home/runner/.m2/repository/org/ow2/asm/asm-analysis/9.7.1/asm-analysis-9.7.1.jar:/home/runner/.m2/repository/org/ow2/asm/asm-tree/9.7.1/asm-tree-9.7.1.jar:/home/runner/.m2/repository/org/ow2/asm/asm-util/9.7.1/asm-util-9.7.1.jar:/home/runner/.m2/repository/com/github/jnr/jnr-a64asm/1.0.0/jnr-a64asm-1.0.0.jar:/home/runner/.m2/repository/com/github/jnr/jnr-x86asm/1.0.2/jnr-x86asm-1.0.2.jar:/home/runner/.m2/repository/commons-fileupload/commons-fileupload/1.5/commons-fileupload-1.5.jar:/home/runner/.m2/repository/io/prometheus/simpleclient/0.16.0/simpleclient-0.16.0.jar:/home/runner/.m2/repository/io/prometheus/simpleclient_common/0.16.0/simpleclient_common-0.16.0.jar:/home/runner/.m2/repository/io/prometheus/simpleclient_dropwizard/0.16.0/simpleclient_dropwizard-0.16.0.jar:/home/runner/.m2/repository/org/apache/logging/log4j/log4j-core/2.24.2/log4j-core-2.24.2.jar:/home/runner/.m2/repository/org/eclipse/jetty/jetty-http/9.4.57.v20241219/jetty-http-9.4.57.v20241219.jar:/home/runner/.m2/repository/com/lmax/disruptor/3.4.4/disruptor-3.4.4.jar:/home/runner/.m2/repository/com/nimbusds/nimbus-jose-jwt/9.40/nimbus-jose-jwt-9.40.jar:/home/runner/.m2/repository/org/apache/kerby/kerb-util/1.0.1/kerb-util-1.0.1.jar:/home/runner/.m2/repository/org/apache/kerby/kerby-config/1.0.1/kerby-config-1.0.1.jar:/home/runner/.m2/repository/org/apache/kerby/kerb-crypto/1.0.1/kerb-crypto-1.0.1.jar:/home/runner/work/ozone/ozone/hadoop-hdds/server-scm/target/hdds-server-scm-2.1.0-SNAPSHOT-tests.jar:/home/runner/work/ozone/ozone/hadoop-hdds/test-utils/target/hdds-test-utils-2.1.0-SNAPSHOT-tests.jar:/home/runner/work/ozone/ozone/hadoop-ozone/ozone-manager/target/ozone-manager-2.1.0-SNAPSHOT-tests.jar:/home/runner/work/ozone/ozone/hadoop-ozone/mini-cluster/target/ozone-mini-cluster-2.1.0-SNAPSHOT.jar:/home/runner/.m2/repository/org/assertj/assertj-core/3.27.3/assertj-core-3.27.3.jar:/home/runner/.m2/repository/net/bytebuddy/byte-buddy/1.15.11/byte-buddy-1.15.11.jar:/home/runner/.m2/repository/org/junit/jupiter/junit-jupiter-api/5.12.2/junit-jupiter-api-5.12.2.jar:/home/runner/.m2/repository/org/opentest4j/opentest4j/1.3.0/opentest4j-1.3.0.jar:/home/runner/.m2/repository/org/junit/platform/junit-platform-commons/1.12.2/junit-platform-commons-1.12.2.jar:/home/runner/.m2/repository/org/apiguardian/apiguardian-api/1.1.2/apiguardian-api-1.1.2.jar:/home/runner/.m2/repository/org/junit/jupiter/junit-jupiter-params/5.12.2/junit-jupiter-params-5.12.2.jar:/home/runner/.m2/repository/org/mockito/mockito-core/4.11.0/mockito-core-4.11.0.jar:/home/runner/.m2/repository/net/bytebuddy/byte-buddy-agent/1.12.19/byte-buddy-agent-1.12.19.jar:/home/runner/.m2/repository/org/objenesis/objenesis/3.3/objenesis-3.3.jar:/home/runner/.m2/repository/org/mockito/mockito-inline/4.11.0/mockito-inline-4.11.0.jar:/home/runner/.m2/repository/org/mockito/mockito-junit-jupiter/4.11.0/mockito-junit-jupiter-4.11.0.jar:/home/runner/work/ozone/ozone/hadoop-ozone/integration-test/target/gradle-enterprise/test-listeners.jar:"/>
    <property name="sun.cpu.endian" value="little"/>
    <property name="user.home" value="/home/runner"/>
    <property name="user.language" value="en"/>
    <property name="java.specification.vendor" value="Oracle Corporation"/>
    <property name="skipRecon" value="true"/>
    <property name="java.version.date" value="2025-04-15"/>
    <property name="java.home" value="/usr/lib/jvm/temurin-21-jdk-amd64"/>
    <property name="java.security.krb5.conf" value="/home/runner/work/ozone/ozone/hadoop-ozone/integration-test/target/test-classes/krb5.conf"/>
    <property name="file.separator" value="/"/>
    <property name="basedir" value="/home/runner/work/ozone/ozone/hadoop-ozone/integration-test"/>
    <property name="java.vm.compressedOopsMode" value="Zero based"/>
    <property name="line.separator" value="&#10;"/>
    <property name="java.vm.specification.vendor" value="Oracle Corporation"/>
    <property name="java.specification.name" value="Java Platform API Specification"/>
    <property name="surefire.real.class.path" value="/home/runner/work/ozone/ozone/hadoop-ozone/integration-test/target/surefire/surefirebooter-20250512135949771_562.jar"/>
    <property name="hadoop.log.dir" value="/home/runner/work/ozone/ozone/hadoop-ozone/integration-test/target/log"/>
    <property name="sun.management.compiler" value="HotSpot 64-Bit Tiered Compilers"/>
    <property name="skipShade" value="true"/>
    <property name="java.runtime.version" value="21.0.7+6-LTS"/>
    <property name="user.name" value="runner"/>
    <property name="java.net.preferIPv4Stack" value="true"/>
    <property name="stdout.encoding" value="UTF-8"/>
    <property name="path.separator" value=":"/>
    <property name="java.security.egd" value="file:///dev/urandom"/>
    <property name="os.version" value="6.11.0-1012-azure"/>
    <property name="java.runtime.name" value="OpenJDK Runtime Environment"/>
    <property name="com.gradle.maven.scan.extension.test.listener.junitplatform.NestedExecutionSafeDelegatingTestExecutionListener" value="376a0d86"/>
    <property name="file.encoding" value="UTF-8"/>
    <property name="java.vm.name" value="OpenJDK 64-Bit Server VM"/>
    <property name="rocks_tools_native" value="true"/>
    <property name="java.vendor.version" value="Temurin-21.0.7+6"/>
    <property name="test.build.webapps" value=""/>
    <property name="develocity.listener.surefire.forkId" value="1"/>
    <property name="localRepository" value="/home/runner/.m2/repository"/>
    <property name="java.vendor.url.bug" value="https://github.com/adoptium/adoptium-support/issues"/>
    <property name="jetty.git.hash" value="df524e6b29271c2e09ba9aea83c18dc9db464a31"/>
    <property name="java.io.tmpdir" value="/tmp"/>
    <property name="require.test.libhadoop" value=""/>
    <property name="java.version" value="21.0.7"/>
    <property name="user.dir" value="/home/runner/work/ozone/ozone/hadoop-ozone/integration-test"/>
    <property name="os.arch" value="amd64"/>
    <property name="java.vm.specification.name" value="Java Virtual Machine Specification"/>
    <property name="test.build.classes" value="/home/runner/work/ozone/ozone/hadoop-ozone/integration-test/target/test-classes"/>
    <property name="org.apache.ratis.thirdparty.io.netty.allocator.useCacheForAllThreads" value="false"/>
    <property name="native.encoding" value="UTF-8"/>
    <property name="hadoop.tmp.dir" value="/home/runner/work/ozone/ozone/hadoop-ozone/integration-test/target/tmp"/>
    <property name="java.library.path" value="/usr/java/packages/lib:/usr/lib64:/lib64:/lib:/usr/lib"/>
    <property name="java.vm.info" value="mixed mode, sharing"/>
    <property name="stderr.encoding" value="UTF-8"/>
    <property name="java.vendor" value="Eclipse Adoptium"/>
    <property name="java.vm.version" value="21.0.7+6-LTS"/>
    <property name="sun.io.unicode.encoding" value="UnicodeLittle"/>
    <property name="develocity.listener.port" value="33241"/>
    <property name="java.class.version" value="65.0"/>
  </properties>
  <testcase name="testScmSnapshot" classname="org.apache.hadoop.ozone.recon.TestReconScmSnapshot" time="45.658">
    <failure message="expected: &lt;10&gt; but was: &lt;0&gt;" type="org.opentest4j.AssertionFailedError"><![CDATA[org.opentest4j.AssertionFailedError: expected: <10> but was: <0>
	at org.junit.jupiter.api.AssertionFailureBuilder.build(AssertionFailureBuilder.java:151)
	at org.junit.jupiter.api.AssertionFailureBuilder.buildAndThrow(AssertionFailureBuilder.java:132)
	at org.junit.jupiter.api.AssertEquals.failNotEqual(AssertEquals.java:197)
	at org.junit.jupiter.api.AssertEquals.assertEquals(AssertEquals.java:150)
	at org.junit.jupiter.api.AssertEquals.assertEquals(AssertEquals.java:145)
	at org.junit.jupiter.api.Assertions.assertEquals(Assertions.java:531)
	at org.apache.hadoop.ozone.recon.TestReconScmSnapshot.testSnapshot(TestReconScmSnapshot.java:106)
	at org.apache.hadoop.ozone.recon.TestReconScmSnapshot.testScmSnapshot(TestReconScmSnapshot.java:68)
	at java.base/java.lang.reflect.Method.invoke(Method.java:580)
	at java.base/java.util.ArrayList.forEach(ArrayList.java:1596)
	at java.base/java.util.ArrayList.forEach(ArrayList.java:1596)
]]></failure>
    <system-out><![CDATA[2025-05-12 14:02:56,785 [main] WARN  server.ServerUtils (ServerUtils.java:getScmDbDir(138)) - ozone.scm.db.dirs is not configured. We recommend adding this setting. Falling back to ozone.metadata.dirs instead.
2025-05-12 14:02:56,985 [main] INFO  reflections.Reflections (Reflections.java:scan(219)) - Reflections took 170 ms to scan 7 urls, producing 165 keys and 367 values
2025-05-12 14:02:57,112 [main] INFO  ha.SCMHANodeDetails (SCMHANodeDetails.java:loadSCMHAConfig(162)) - ServiceID for StorageContainerManager is null
2025-05-12 14:02:57,113 [main] INFO  ha.SCMHANodeDetails (SCMHANodeDetails.java:loadSCMHAConfig(166)) - ozone.scm.default.service.id is not defined, falling back to ozone.scm.service.ids to find serviceID for StorageContainerManager if it is HA enabled cluster
2025-05-12 14:02:57,250 [main] INFO  server.RaftServerConfigKeys (ConfUtils.java:logGet(46)) - raft.server.log.appender.buffer.byte-limit = 4194304 (custom)
2025-05-12 14:02:57,274 [main] INFO  server.RaftServer (ConfUtils.java:logGet(46)) - raft.rpc.type = GRPC (default)
2025-05-12 14:02:57,327 [main] INFO  grpc.GrpcConfigKeys (ConfUtils.java:logFallback(53)) - raft.grpc.admin.host = null (fallback to raft.grpc.server.host)
2025-05-12 14:02:57,328 [main] INFO  grpc.GrpcConfigKeys (ConfUtils.java:logFallback(53)) - raft.grpc.admin.port = 15004 (fallback to raft.grpc.server.port)
2025-05-12 14:02:57,328 [main] INFO  grpc.GrpcConfigKeys (ConfUtils.java:logFallback(53)) - raft.grpc.client.host = null (fallback to raft.grpc.server.host)
2025-05-12 14:02:57,328 [main] INFO  grpc.GrpcConfigKeys (ConfUtils.java:logFallback(53)) - raft.grpc.client.port = 15004 (fallback to raft.grpc.server.port)
2025-05-12 14:02:57,329 [main] INFO  grpc.GrpcConfigKeys (ConfUtils.java:logGet(46)) - raft.grpc.server.host = null (default)
2025-05-12 14:02:57,329 [main] INFO  grpc.GrpcConfigKeys (ConfUtils.java:logGet(46)) - raft.grpc.server.port = 15004 (custom)
2025-05-12 14:02:57,330 [main] INFO  server.GrpcService (ConfUtils.java:logGet(46)) - raft.grpc.message.size.max = 5242880 (custom)
2025-05-12 14:02:57,330 [main] INFO  server.GrpcService (ConfUtils.java:logGet(46)) - raft.grpc.flow.control.window = 1MB (=1048576) (default)
2025-05-12 14:02:57,331 [main] INFO  server.RaftServerConfigKeys (ConfUtils.java:logGet(46)) - raft.server.rpc.request.timeout = 30000ms (custom)
2025-05-12 14:02:57,337 [main] INFO  grpc.GrpcConfigKeys (ConfUtils.java:logGet(46)) - raft.grpc.server.heartbeat.channel = true (default)
2025-05-12 14:02:57,337 [main] INFO  server.RaftServerConfigKeys (ConfUtils.java:logGet(46)) - raft.server.log.appender.buffer.byte-limit = 4194304 (custom)
2025-05-12 14:02:57,339 [main] INFO  grpc.GrpcConfigKeys (ConfUtils.java:logGet(46)) - raft.grpc.server.async.request.thread.pool.cached = true (default)
2025-05-12 14:02:57,340 [main] INFO  grpc.GrpcConfigKeys (ConfUtils.java:logGet(46)) - raft.grpc.server.async.request.thread.pool.size = 32 (default)
2025-05-12 14:02:57,515 [main] INFO  impl.DataStreamServerImpl (ConfUtils.java:logGet(46)) - raft.datastream.type = DISABLED (default)
2025-05-12 14:02:57,517 [main] INFO  server.RaftServerConfigKeys (ConfUtils.java:logGet(46)) - raft.server.sleep.deviation.threshold = 300ms (default)
2025-05-12 14:02:57,517 [main] INFO  server.RaftServerConfigKeys (ConfUtils.java:logGet(46)) - raft.server.close.threshold = 60s (default)
2025-05-12 14:02:57,518 [main] INFO  server.RaftServerConfigKeys (ConfUtils.java:logGet(46)) - raft.server.leaderelection.leader.step-down.wait-time = 10s (default)
2025-05-12 14:02:57,521 [main] INFO  server.RaftServerConfigKeys (ConfUtils.java:logGet(46)) - raft.server.storage.dir = [/home/runner/work/ozone/ozone/hadoop-ozone/integration-test/target/test-dir/MiniOzoneClusterImpl-93228f78-d735-4ce6-971e-ca8f5c94dbdd/ozone-meta/scm-ha] (custom)
2025-05-12 14:02:57,522 [main] INFO  server.RaftServerConfigKeys (ConfUtils.java:logGet(46)) - raft.server.threadpool.proxy.cached = true (default)
2025-05-12 14:02:57,523 [main] INFO  server.RaftServerConfigKeys (ConfUtils.java:logGet(46)) - raft.server.threadpool.proxy.size = 0 (default)
2025-05-12 14:02:57,530 [main] INFO  server.RaftServer (RaftServerProxy.java:addNew(100)) - 5339c1d4-2d68-4465-95a3-e4cab06d092d: addNew group-CA8F5C94DBDD:[5339c1d4-2d68-4465-95a3-e4cab06d092d|pkrvmberfyhpb9w:15004] returns group-CA8F5C94DBDD:java.util.concurrent.CompletableFuture@48904d5a[Not completed]
2025-05-12 14:02:57,546 [5339c1d4-2d68-4465-95a3-e4cab06d092d-groupManagement] INFO  server.RaftServer$Division (RaftServerImpl.java:<init>(255)) - 5339c1d4-2d68-4465-95a3-e4cab06d092d: new RaftServerImpl for group-CA8F5C94DBDD:[5339c1d4-2d68-4465-95a3-e4cab06d092d|pkrvmberfyhpb9w:15004] with SCMStateMachine:uninitialized
2025-05-12 14:02:57,548 [5339c1d4-2d68-4465-95a3-e4cab06d092d-groupManagement] INFO  server.RaftServerConfigKeys (ConfUtils.java:logGet(46)) - raft.server.rpc.timeout.min = 5000ms (custom)
2025-05-12 14:02:57,548 [5339c1d4-2d68-4465-95a3-e4cab06d092d-groupManagement] INFO  server.RaftServerConfigKeys (ConfUtils.java:logGet(46)) - raft.server.rpc.timeout.max = 5200ms (custom)
2025-05-12 14:02:57,549 [5339c1d4-2d68-4465-95a3-e4cab06d092d-groupManagement] INFO  server.RaftServerConfigKeys (ConfUtils.java:logGet(46)) - raft.server.rpc.sleep.time = 25ms (default)
2025-05-12 14:02:57,549 [5339c1d4-2d68-4465-95a3-e4cab06d092d-groupManagement] INFO  server.RaftServerConfigKeys (ConfUtils.java:logGet(46)) - raft.server.rpc.slowness.timeout = 120000ms (custom)
2025-05-12 14:02:57,549 [5339c1d4-2d68-4465-95a3-e4cab06d092d-groupManagement] INFO  server.RaftServerConfigKeys (ConfUtils.java:logGet(46)) - raft.server.leaderelection.leader.step-down.wait-time = 10s (default)
2025-05-12 14:02:57,549 [5339c1d4-2d68-4465-95a3-e4cab06d092d-groupManagement] INFO  server.RaftServerConfigKeys (ConfUtils.java:logGet(46)) - raft.server.leaderelection.member.majority-add = false (default)
2025-05-12 14:02:57,550 [5339c1d4-2d68-4465-95a3-e4cab06d092d-groupManagement] INFO  server.RaftServerConfigKeys (ConfUtils.java:logGet(46)) - raft.server.sleep.deviation.threshold = 300ms (default)
2025-05-12 14:02:57,554 [5339c1d4-2d68-4465-95a3-e4cab06d092d-groupManagement] INFO  server.RaftServer$Division (ServerState.java:<init>(114)) - 5339c1d4-2d68-4465-95a3-e4cab06d092d@group-CA8F5C94DBDD: ConfigurationManager, init=conf: {index: -1, cur=peers:[5339c1d4-2d68-4465-95a3-e4cab06d092d|pkrvmberfyhpb9w:15004]|listeners:[], old=null}, confs=<EMPTY_MAP>
2025-05-12 14:02:57,559 [5339c1d4-2d68-4465-95a3-e4cab06d092d-groupManagement] INFO  server.RaftServerConfigKeys (ConfUtils.java:logGet(46)) - raft.server.notification.no-leader.timeout = 60s (default)
2025-05-12 14:02:57,561 [5339c1d4-2d68-4465-95a3-e4cab06d092d-groupManagement] INFO  server.RaftServerConfigKeys (ConfUtils.java:logGet(46)) - raft.server.read.timeout = 10s (default)
2025-05-12 14:02:57,564 [5339c1d4-2d68-4465-95a3-e4cab06d092d-groupManagement] INFO  server.RaftServerConfigKeys (ConfUtils.java:logGet(46)) - raft.server.retrycache.expirytime = 60000ms (default)
2025-05-12 14:02:57,565 [5339c1d4-2d68-4465-95a3-e4cab06d092d-groupManagement] INFO  server.RaftServerConfigKeys (ConfUtils.java:logGet(46)) - raft.server.retrycache.statistics.expirytime = 100ms (default)
2025-05-12 14:02:57,568 [5339c1d4-2d68-4465-95a3-e4cab06d092d-groupManagement] INFO  server.RaftServerConfigKeys (ConfUtils.java:logGet(46)) - raft.server.read.option = DEFAULT (default)
2025-05-12 14:02:57,569 [5339c1d4-2d68-4465-95a3-e4cab06d092d-groupManagement] INFO  server.RaftServerConfigKeys (ConfUtils.java:logGet(46)) - raft.server.read.read-after-write-consistent.write-index-cache.expiry-time = 60s (default)
2025-05-12 14:02:57,702 [5339c1d4-2d68-4465-95a3-e4cab06d092d-groupManagement] INFO  server.RaftServerConfigKeys (ConfUtils.java:logGet(46)) - raft.server.rpc.request.timeout = 30000ms (custom)
2025-05-12 14:02:57,704 [5339c1d4-2d68-4465-95a3-e4cab06d092d-groupManagement] INFO  server.RaftServerConfigKeys (ConfUtils.java:logGet(46)) - raft.server.log.appender.install.snapshot.enabled = false (custom)
2025-05-12 14:02:57,705 [5339c1d4-2d68-4465-95a3-e4cab06d092d-groupManagement] INFO  server.RaftServerConfigKeys (ConfUtils.java:logGet(46)) - raft.server.threadpool.server.cached = true (default)
2025-05-12 14:02:57,705 [5339c1d4-2d68-4465-95a3-e4cab06d092d-groupManagement] INFO  server.RaftServerConfigKeys (ConfUtils.java:logGet(46)) - raft.server.threadpool.server.size = 0 (default)
2025-05-12 14:02:57,706 [5339c1d4-2d68-4465-95a3-e4cab06d092d-groupManagement] INFO  server.RaftServerConfigKeys (ConfUtils.java:logGet(46)) - raft.server.threadpool.client.cached = true (default)
2025-05-12 14:02:57,706 [5339c1d4-2d68-4465-95a3-e4cab06d092d-groupManagement] INFO  server.RaftServerConfigKeys (ConfUtils.java:logGet(46)) - raft.server.threadpool.client.size = 0 (default)
2025-05-12 14:02:57,708 [5339c1d4-2d68-4465-95a3-e4cab06d092d-impl-thread1] INFO  server.RaftServerConfigKeys (ConfUtils.java:logGet(46)) - raft.server.storage.free-space.min = 0MB (=0) (default)
2025-05-12 14:02:57,708 [5339c1d4-2d68-4465-95a3-e4cab06d092d-impl-thread1] INFO  server.RaftServerConfigKeys (ConfUtils.java:logGet(46)) - raft.server.log.corruption.policy = EXCEPTION (default)
2025-05-12 14:02:57,708 [5339c1d4-2d68-4465-95a3-e4cab06d092d-impl-thread1] INFO  server.RaftServerConfigKeys (ConfUtils.java:logGet(46)) - raft.server.storage.dir = [/home/runner/work/ozone/ozone/hadoop-ozone/integration-test/target/test-dir/MiniOzoneClusterImpl-93228f78-d735-4ce6-971e-ca8f5c94dbdd/ozone-meta/scm-ha] (custom)
2025-05-12 14:02:57,714 [5339c1d4-2d68-4465-95a3-e4cab06d092d-impl-thread1] INFO  storage.RaftStorageDirectory (RaftStorageDirectoryImpl.java:analyzeStorage(138)) - The storage directory /home/runner/work/ozone/ozone/hadoop-ozone/integration-test/target/test-dir/MiniOzoneClusterImpl-93228f78-d735-4ce6-971e-ca8f5c94dbdd/ozone-meta/scm-ha/93228f78-d735-4ce6-971e-ca8f5c94dbdd does not exist. Creating ...
2025-05-12 14:02:57,717 [5339c1d4-2d68-4465-95a3-e4cab06d092d-impl-thread1] INFO  storage.RaftStorageDirectory (RaftStorageDirectoryImpl.java:tryLock(229)) - Lock on /home/runner/work/ozone/ozone/hadoop-ozone/integration-test/target/test-dir/MiniOzoneClusterImpl-93228f78-d735-4ce6-971e-ca8f5c94dbdd/ozone-meta/scm-ha/93228f78-d735-4ce6-971e-ca8f5c94dbdd/in_use.lock acquired by nodename 118448@pkrvmberfyhpb9w
2025-05-12 14:02:57,720 [5339c1d4-2d68-4465-95a3-e4cab06d092d-impl-thread1] INFO  storage.RaftStorage (RaftStorageImpl.java:format(98)) - Storage directory /home/runner/work/ozone/ozone/hadoop-ozone/integration-test/target/test-dir/MiniOzoneClusterImpl-93228f78-d735-4ce6-971e-ca8f5c94dbdd/ozone-meta/scm-ha/93228f78-d735-4ce6-971e-ca8f5c94dbdd has been successfully formatted.
2025-05-12 14:02:57,722 [5339c1d4-2d68-4465-95a3-e4cab06d092d-impl-thread1] INFO  ha.SCMStateMachine (SCMStateMachine.java:lambda$initialize$0(135)) - 5339c1d4-2d68-4465-95a3-e4cab06d092d: initialize group-CA8F5C94DBDD
2025-05-12 14:02:57,723 [5339c1d4-2d68-4465-95a3-e4cab06d092d-impl-thread1] INFO  server.RaftServerConfigKeys (ConfUtils.java:logGet(46)) - raft.server.log.use.memory = false (default)
2025-05-12 14:02:57,729 [5339c1d4-2d68-4465-95a3-e4cab06d092d-impl-thread1] INFO  server.RaftServerConfigKeys (ConfUtils.java:logGet(46)) - raft.server.log.purge.gap = 1000000 (custom)
2025-05-12 14:02:57,729 [5339c1d4-2d68-4465-95a3-e4cab06d092d-impl-thread1] INFO  server.RaftServerConfigKeys (ConfUtils.java:logGet(46)) - raft.server.log.appender.buffer.byte-limit = 4194304 (custom)
2025-05-12 14:02:57,730 [5339c1d4-2d68-4465-95a3-e4cab06d092d-impl-thread1] INFO  server.RaftServerConfigKeys (ConfUtils.java:logGet(46)) - raft.server.log.statemachine.data.read.timeout = 1000ms (default)
2025-05-12 14:02:57,731 [5339c1d4-2d68-4465-95a3-e4cab06d092d-impl-thread1] INFO  server.RaftServerConfigKeys (ConfUtils.java:logGet(46)) - raft.server.log.purge.preservation.log.num = 0 (default)
2025-05-12 14:02:57,734 [5339c1d4-2d68-4465-95a3-e4cab06d092d-impl-thread1] INFO  server.RaftServerConfigKeys (ConfUtils.java:logGet(46)) - raft.server.log.segment.size.max = 4194304 (custom)
2025-05-12 14:02:57,737 [5339c1d4-2d68-4465-95a3-e4cab06d092d-impl-thread1] INFO  server.RaftServerConfigKeys (ConfUtils.java:logGet(46)) - raft.server.log.segment.cache.num.max = 2 (custom)
2025-05-12 14:02:57,737 [5339c1d4-2d68-4465-95a3-e4cab06d092d-impl-thread1] INFO  server.RaftServerConfigKeys (ConfUtils.java:logGet(46)) - raft.server.log.segment.cache.size.max = 200MB (=209715200) (default)
2025-05-12 14:02:57,738 [5339c1d4-2d68-4465-95a3-e4cab06d092d-impl-thread1] INFO  server.RaftServerConfigKeys (ConfUtils.java:logGet(46)) - raft.server.log.appender.buffer.byte-limit = 4194304 (custom)
2025-05-12 14:02:57,739 [5339c1d4-2d68-4465-95a3-e4cab06d092d-impl-thread1] INFO  util.AwaitToRun (AwaitToRun.java:start(81)) - Thread[#39,5339c1d4-2d68-4465-95a3-e4cab06d092d@group-CA8F5C94DBDD-cacheEviction-AwaitToRun,5,main] started
2025-05-12 14:02:57,743 [5339c1d4-2d68-4465-95a3-e4cab06d092d-impl-thread1] INFO  segmented.SegmentedRaftLogWorker (SegmentedRaftLogWorker.java:<init>(188)) - new 5339c1d4-2d68-4465-95a3-e4cab06d092d@group-CA8F5C94DBDD-SegmentedRaftLogWorker for RaftStorageImpl:Storage Directory /home/runner/work/ozone/ozone/hadoop-ozone/integration-test/target/test-dir/MiniOzoneClusterImpl-93228f78-d735-4ce6-971e-ca8f5c94dbdd/ozone-meta/scm-ha/93228f78-d735-4ce6-971e-ca8f5c94dbdd
2025-05-12 14:02:57,744 [5339c1d4-2d68-4465-95a3-e4cab06d092d-impl-thread1] INFO  server.RaftServerConfigKeys (ConfUtils.java:logGet(46)) - raft.server.log.queue.byte-limit = 64MB (=67108864) (default)
2025-05-12 14:02:57,744 [5339c1d4-2d68-4465-95a3-e4cab06d092d-impl-thread1] INFO  server.RaftServerConfigKeys (ConfUtils.java:logGet(46)) - raft.server.log.queue.element-limit = 4096 (default)
2025-05-12 14:02:57,746 [5339c1d4-2d68-4465-95a3-e4cab06d092d-impl-thread1] INFO  server.RaftServerConfigKeys (ConfUtils.java:logGet(46)) - raft.server.log.segment.size.max = 4194304 (custom)
2025-05-12 14:02:57,747 [5339c1d4-2d68-4465-95a3-e4cab06d092d-impl-thread1] INFO  server.RaftServerConfigKeys (ConfUtils.java:logGet(46)) - raft.server.log.preallocated.size = 4194304 (custom)
2025-05-12 14:02:57,747 [5339c1d4-2d68-4465-95a3-e4cab06d092d-impl-thread1] INFO  server.RaftServerConfigKeys (ConfUtils.java:logGet(46)) - raft.server.log.force.sync.num = 128 (default)
2025-05-12 14:02:57,748 [5339c1d4-2d68-4465-95a3-e4cab06d092d-impl-thread1] INFO  server.RaftServerConfigKeys (ConfUtils.java:logGet(46)) - raft.server.log.statemachine.data.sync = true (default)
2025-05-12 14:02:57,749 [5339c1d4-2d68-4465-95a3-e4cab06d092d-impl-thread1] INFO  server.RaftServerConfigKeys (ConfUtils.java:logGet(46)) - raft.server.log.statemachine.data.sync.timeout = 10s (default)
2025-05-12 14:02:57,749 [5339c1d4-2d68-4465-95a3-e4cab06d092d-impl-thread1] INFO  server.RaftServerConfigKeys (ConfUtils.java:logGet(46)) - raft.server.log.statemachine.data.sync.timeout.retry = -1 (default)
2025-05-12 14:02:57,750 [5339c1d4-2d68-4465-95a3-e4cab06d092d-impl-thread1] INFO  server.RaftServerConfigKeys (ConfUtils.java:logGet(46)) - raft.server.log.write.buffer.size = 4194312 (custom)
2025-05-12 14:02:57,752 [5339c1d4-2d68-4465-95a3-e4cab06d092d-impl-thread1] INFO  server.RaftServerConfigKeys (ConfUtils.java:logGet(46)) - raft.server.log.appender.buffer.byte-limit = 4194304 (custom)
2025-05-12 14:02:57,752 [5339c1d4-2d68-4465-95a3-e4cab06d092d-impl-thread1] INFO  server.RaftServerConfigKeys (ConfUtils.java:logGet(46)) - raft.server.log.unsafe-flush.enabled = false (default)
2025-05-12 14:02:57,753 [5339c1d4-2d68-4465-95a3-e4cab06d092d-impl-thread1] INFO  server.RaftServerConfigKeys (ConfUtils.java:logGet(46)) - raft.server.log.async-flush.enabled = false (default)
2025-05-12 14:02:57,753 [5339c1d4-2d68-4465-95a3-e4cab06d092d-impl-thread1] INFO  server.RaftServerConfigKeys (ConfUtils.java:logGet(46)) - raft.server.log.statemachine.data.caching.enabled = false (default)
2025-05-12 14:02:57,758 [5339c1d4-2d68-4465-95a3-e4cab06d092d-impl-thread1] INFO  segmented.SegmentedRaftLogWorker (SegmentedRaftLogWorker.java:lambda$new$0(139)) - 5339c1d4-2d68-4465-95a3-e4cab06d092d@group-CA8F5C94DBDD-SegmentedRaftLogWorker: flushIndex: setUnconditionally 0 -> -1
2025-05-12 14:02:57,758 [5339c1d4-2d68-4465-95a3-e4cab06d092d-impl-thread1] INFO  segmented.SegmentedRaftLogWorker (SegmentedRaftLogWorker.java:lambda$new$0(139)) - 5339c1d4-2d68-4465-95a3-e4cab06d092d@group-CA8F5C94DBDD-SegmentedRaftLogWorker: safeCacheEvictIndex: setUnconditionally 0 -> -1
2025-05-12 14:02:57,760 [5339c1d4-2d68-4465-95a3-e4cab06d092d-impl-thread1] INFO  server.RaftServer$Division (RaftServerImpl.java:start(391)) - 5339c1d4-2d68-4465-95a3-e4cab06d092d@group-CA8F5C94DBDD: start as a follower, conf=conf: {index: -1, cur=peers:[5339c1d4-2d68-4465-95a3-e4cab06d092d|pkrvmberfyhpb9w:15004]|listeners:[], old=null}
2025-05-12 14:02:57,760 [5339c1d4-2d68-4465-95a3-e4cab06d092d-impl-thread1] INFO  server.RaftServer$Division (RaftServerImpl.java:setRole(378)) - 5339c1d4-2d68-4465-95a3-e4cab06d092d@group-CA8F5C94DBDD: changes role from      null to FOLLOWER at term 0 for startAsFollower
2025-05-12 14:02:57,761 [5339c1d4-2d68-4465-95a3-e4cab06d092d-impl-thread1] INFO  impl.RoleInfo (RoleInfo.java:updateAndGet(148)) - 5339c1d4-2d68-4465-95a3-e4cab06d092d: start 5339c1d4-2d68-4465-95a3-e4cab06d092d@group-CA8F5C94DBDD-FollowerState
2025-05-12 14:02:57,763 [5339c1d4-2d68-4465-95a3-e4cab06d092d-impl-thread1] INFO  util.JmxRegister (JmxRegister.java:tryRegister(44)) - Successfully registered JMX Bean with object name Ratis:service=RaftServer,group=group-CA8F5C94DBDD,id=5339c1d4-2d68-4465-95a3-e4cab06d092d
2025-05-12 14:02:57,763 [5339c1d4-2d68-4465-95a3-e4cab06d092d-impl-thread1] INFO  util.JmxRegister (JmxRegister.java:register(58)) - register mxBean class org.apache.ratis.server.impl.RaftServerJmxAdapter as Ratis:service=RaftServer,group=group-CA8F5C94DBDD,id=5339c1d4-2d68-4465-95a3-e4cab06d092d
2025-05-12 14:02:57,764 [5339c1d4-2d68-4465-95a3-e4cab06d092d@group-CA8F5C94DBDD-FollowerState] INFO  server.RaftServerConfigKeys (ConfUtils.java:logGet(46)) - raft.server.rpc.first-election.timeout.min = 1000ms (custom)
2025-05-12 14:02:57,765 [5339c1d4-2d68-4465-95a3-e4cab06d092d@group-CA8F5C94DBDD-FollowerState] INFO  server.RaftServerConfigKeys (ConfUtils.java:logGet(46)) - raft.server.rpc.first-election.timeout.max = 1200ms (custom)
2025-05-12 14:02:57,766 [5339c1d4-2d68-4465-95a3-e4cab06d092d-impl-thread1] INFO  server.RaftServerConfigKeys (ConfUtils.java:logGet(46)) - raft.server.snapshot.trigger-when-stop.enabled = true (default)
2025-05-12 14:02:57,766 [5339c1d4-2d68-4465-95a3-e4cab06d092d-impl-thread1] INFO  server.RaftServerConfigKeys (ConfUtils.java:logGet(46)) - raft.server.snapshot.trigger-when-remove.enabled = true (default)
2025-05-12 14:02:57,766 [5339c1d4-2d68-4465-95a3-e4cab06d092d-impl-thread1] INFO  server.RaftServerConfigKeys (ConfUtils.java:logGet(46)) - raft.server.snapshot.auto.trigger.enabled = true (custom)
2025-05-12 14:02:57,767 [5339c1d4-2d68-4465-95a3-e4cab06d092d-impl-thread1] INFO  server.RaftServerConfigKeys (ConfUtils.java:logGet(46)) - raft.server.snapshot.auto.trigger.threshold = 1000 (custom)
2025-05-12 14:02:57,767 [5339c1d4-2d68-4465-95a3-e4cab06d092d-impl-thread1] INFO  server.RaftServerConfigKeys (ConfUtils.java:logGet(46)) - raft.server.snapshot.retention.file.num = -1 (default)
2025-05-12 14:02:57,769 [5339c1d4-2d68-4465-95a3-e4cab06d092d-impl-thread1] INFO  server.RaftServerConfigKeys (ConfUtils.java:logGet(46)) - raft.server.log.purge.upto.snapshot.index = false (default)
2025-05-12 14:02:57,772 [5339c1d4-2d68-4465-95a3-e4cab06d092d-impl-thread1] INFO  server.RaftServer$Division (RaftServerImpl.java:start(405)) - 5339c1d4-2d68-4465-95a3-e4cab06d092d@group-CA8F5C94DBDD: Successfully started.
2025-05-12 14:02:57,772 [main] INFO  server.RaftServer (RaftServerProxy.java:startImpl(407)) - 5339c1d4-2d68-4465-95a3-e4cab06d092d: start RPC server
2025-05-12 14:02:57,804 [main] INFO  server.GrpcService (GrpcService.java:startImpl(334)) - 5339c1d4-2d68-4465-95a3-e4cab06d092d: GrpcService started, listening on 15004
2025-05-12 14:02:57,807 [JvmPauseMonitor0] INFO  util.JvmPauseMonitor (JvmPauseMonitor.java:run(146)) - JvmPauseMonitor-5339c1d4-2d68-4465-95a3-e4cab06d092d: Started
2025-05-12 14:02:58,850 [5339c1d4-2d68-4465-95a3-e4cab06d092d@group-CA8F5C94DBDD-FollowerState] INFO  impl.FollowerState (FollowerState.java:runImpl(161)) - 5339c1d4-2d68-4465-95a3-e4cab06d092d@group-CA8F5C94DBDD-FollowerState: change to CANDIDATE, lastRpcElapsedTime:1088326198ns, electionTimeout:1084ms
2025-05-12 14:02:58,850 [5339c1d4-2d68-4465-95a3-e4cab06d092d@group-CA8F5C94DBDD-FollowerState] INFO  impl.RoleInfo (RoleInfo.java:shutdownFollowerState(121)) - 5339c1d4-2d68-4465-95a3-e4cab06d092d: shutdown 5339c1d4-2d68-4465-95a3-e4cab06d092d@group-CA8F5C94DBDD-FollowerState
2025-05-12 14:02:58,850 [5339c1d4-2d68-4465-95a3-e4cab06d092d@group-CA8F5C94DBDD-FollowerState] INFO  server.RaftServer$Division (RaftServerImpl.java:setRole(378)) - 5339c1d4-2d68-4465-95a3-e4cab06d092d@group-CA8F5C94DBDD: changes role from  FOLLOWER to CANDIDATE at term 0 for changeToCandidate
2025-05-12 14:02:58,852 [5339c1d4-2d68-4465-95a3-e4cab06d092d@group-CA8F5C94DBDD-FollowerState] INFO  server.RaftServerConfigKeys (ConfUtils.java:logGet(46)) - raft.server.leaderelection.pre-vote = true (default)
2025-05-12 14:02:58,852 [5339c1d4-2d68-4465-95a3-e4cab06d092d@group-CA8F5C94DBDD-FollowerState] INFO  impl.RoleInfo (RoleInfo.java:updateAndGet(148)) - 5339c1d4-2d68-4465-95a3-e4cab06d092d: start 5339c1d4-2d68-4465-95a3-e4cab06d092d@group-CA8F5C94DBDD-LeaderElection1
2025-05-12 14:02:58,855 [5339c1d4-2d68-4465-95a3-e4cab06d092d@group-CA8F5C94DBDD-LeaderElection1] INFO  impl.LeaderElection (LeaderElection.java:askForVotes(332)) - 5339c1d4-2d68-4465-95a3-e4cab06d092d@group-CA8F5C94DBDD-LeaderElection1 PRE_VOTE round 0: submit vote requests at term 0 for conf: {index: -1, cur=peers:[5339c1d4-2d68-4465-95a3-e4cab06d092d|pkrvmberfyhpb9w:15004]|listeners:[], old=null}
2025-05-12 14:02:58,856 [5339c1d4-2d68-4465-95a3-e4cab06d092d@group-CA8F5C94DBDD-LeaderElection1] INFO  impl.LeaderElection (LeaderElection.java:askForVotes(334)) - 5339c1d4-2d68-4465-95a3-e4cab06d092d@group-CA8F5C94DBDD-LeaderElection1 PRE_VOTE round 0: result PASSED (term=0)
2025-05-12 14:02:58,858 [5339c1d4-2d68-4465-95a3-e4cab06d092d@group-CA8F5C94DBDD-LeaderElection1] INFO  impl.LeaderElection (LeaderElection.java:askForVotes(332)) - 5339c1d4-2d68-4465-95a3-e4cab06d092d@group-CA8F5C94DBDD-LeaderElection1 ELECTION round 0: submit vote requests at term 1 for conf: {index: -1, cur=peers:[5339c1d4-2d68-4465-95a3-e4cab06d092d|pkrvmberfyhpb9w:15004]|listeners:[], old=null}
2025-05-12 14:02:58,858 [5339c1d4-2d68-4465-95a3-e4cab06d092d@group-CA8F5C94DBDD-LeaderElection1] INFO  impl.LeaderElection (LeaderElection.java:askForVotes(334)) - 5339c1d4-2d68-4465-95a3-e4cab06d092d@group-CA8F5C94DBDD-LeaderElection1 ELECTION round 0: result PASSED (term=1)
2025-05-12 14:02:58,858 [5339c1d4-2d68-4465-95a3-e4cab06d092d@group-CA8F5C94DBDD-LeaderElection1] INFO  impl.RoleInfo (RoleInfo.java:shutdownLeaderElection(141)) - 5339c1d4-2d68-4465-95a3-e4cab06d092d: shutdown 5339c1d4-2d68-4465-95a3-e4cab06d092d@group-CA8F5C94DBDD-LeaderElection1
2025-05-12 14:02:58,859 [5339c1d4-2d68-4465-95a3-e4cab06d092d@group-CA8F5C94DBDD-LeaderElection1] INFO  server.RaftServer$Division (RaftServerImpl.java:setRole(378)) - 5339c1d4-2d68-4465-95a3-e4cab06d092d@group-CA8F5C94DBDD: changes role from CANDIDATE to LEADER at term 1 for changeToLeader
2025-05-12 14:02:58,862 [5339c1d4-2d68-4465-95a3-e4cab06d092d@group-CA8F5C94DBDD-LeaderElection1] INFO  server.RaftServerConfigKeys (ConfUtils.java:logGet(46)) - raft.server.staging.catchup.gap = 1000 (default)
2025-05-12 14:02:58,864 [5339c1d4-2d68-4465-95a3-e4cab06d092d@group-CA8F5C94DBDD-LeaderElection1] INFO  server.RaftServerConfigKeys (ConfUtils.java:logGet(46)) - raft.server.write.element-limit = 4096 (default)
2025-05-12 14:02:58,864 [5339c1d4-2d68-4465-95a3-e4cab06d092d@group-CA8F5C94DBDD-LeaderElection1] INFO  server.RaftServerConfigKeys (ConfUtils.java:logGet(46)) - raft.server.write.byte-limit = 64MB (=67108864) (default)
2025-05-12 14:02:58,866 [5339c1d4-2d68-4465-95a3-e4cab06d092d@group-CA8F5C94DBDD-LeaderElection1] INFO  server.RaftServerConfigKeys (ConfUtils.java:logGet(46)) - raft.server.watch.timeout = 10s (default)
2025-05-12 14:02:58,866 [5339c1d4-2d68-4465-95a3-e4cab06d092d@group-CA8F5C94DBDD-LeaderElection1] INFO  server.RaftServerConfigKeys (ConfUtils.java:logGet(46)) - raft.server.watch.timeout.denomination = 1s (default)
2025-05-12 14:02:58,867 [5339c1d4-2d68-4465-95a3-e4cab06d092d@group-CA8F5C94DBDD-LeaderElection1] INFO  server.RaftServerConfigKeys (ConfUtils.java:logGet(46)) - raft.server.watch.element-limit = 65536 (default)
2025-05-12 14:02:58,871 [5339c1d4-2d68-4465-95a3-e4cab06d092d@group-CA8F5C94DBDD-LeaderElection1] INFO  server.RaftServerConfigKeys (ConfUtils.java:logGet(46)) - raft.server.read.leader.lease.enabled = false (default)
2025-05-12 14:02:58,872 [5339c1d4-2d68-4465-95a3-e4cab06d092d@group-CA8F5C94DBDD-LeaderElection1] INFO  server.RaftServerConfigKeys (ConfUtils.java:logGet(46)) - raft.server.read.leader.lease.timeout.ratio = 0.9 (default)
2025-05-12 14:02:58,873 [5339c1d4-2d68-4465-95a3-e4cab06d092d@group-CA8F5C94DBDD-LeaderElection1] INFO  server.RaftServerConfigKeys (ConfUtils.java:logGet(46)) - raft.server.rpc.timeout.min = 5000ms (custom)
2025-05-12 14:02:58,873 [5339c1d4-2d68-4465-95a3-e4cab06d092d@group-CA8F5C94DBDD-LeaderElection1] INFO  server.RaftServerConfigKeys (ConfUtils.java:logGet(46)) - raft.server.log.log-metadata.enabled = true (default)
2025-05-12 14:02:58,873 [5339c1d4-2d68-4465-95a3-e4cab06d092d@group-CA8F5C94DBDD-LeaderElection1] INFO  server.RaftServerConfigKeys (ConfUtils.java:logGet(46)) - raft.server.write.element-limit = 4096 (default)
2025-05-12 14:02:58,874 [5339c1d4-2d68-4465-95a3-e4cab06d092d@group-CA8F5C94DBDD-LeaderElection1] INFO  server.RaftServerConfigKeys (ConfUtils.java:logGet(46)) - raft.server.write.follower.gap.ratio.max = -1.0 (default)
2025-05-12 14:02:58,875 [5339c1d4-2d68-4465-95a3-e4cab06d092d@group-CA8F5C94DBDD-LeaderElection1] INFO  impl.RoleInfo (RoleInfo.java:updateAndGet(148)) - 5339c1d4-2d68-4465-95a3-e4cab06d092d: start 5339c1d4-2d68-4465-95a3-e4cab06d092d@group-CA8F5C94DBDD-LeaderStateImpl
2025-05-12 14:02:58,875 [5339c1d4-2d68-4465-95a3-e4cab06d092d@group-CA8F5C94DBDD-LeaderElection1] INFO  server.RaftServer$Division (RaftServerImpl.java:setFirstElection(562)) - 5339c1d4-2d68-4465-95a3-e4cab06d092d@group-CA8F5C94DBDD: set firstElectionSinceStartup to false for becomeLeader
2025-05-12 14:02:58,875 [5339c1d4-2d68-4465-95a3-e4cab06d092d@group-CA8F5C94DBDD-LeaderElection1] INFO  server.RaftServer$Division (ServerState.java:setLeader(272)) - 5339c1d4-2d68-4465-95a3-e4cab06d092d@group-CA8F5C94DBDD: change Leader from null to 5339c1d4-2d68-4465-95a3-e4cab06d092d at term 1 for becomeLeader, leader elected after 1316ms
2025-05-12 14:02:58,887 [5339c1d4-2d68-4465-95a3-e4cab06d092d@group-CA8F5C94DBDD-LeaderElection1] INFO  segmented.SegmentedRaftLogWorker (SegmentedRaftLogWorker.java:startLogSegment(438)) - 5339c1d4-2d68-4465-95a3-e4cab06d092d@group-CA8F5C94DBDD-SegmentedRaftLogWorker: Starting segment from index:0
2025-05-12 14:02:58,901 [5339c1d4-2d68-4465-95a3-e4cab06d092d@group-CA8F5C94DBDD-LeaderElection1] INFO  server.RaftServer$Division (ServerState.java:setRaftConf(386)) - 5339c1d4-2d68-4465-95a3-e4cab06d092d@group-CA8F5C94DBDD: set configuration conf: {index: 0, cur=peers:[5339c1d4-2d68-4465-95a3-e4cab06d092d|pkrvmberfyhpb9w:15004]|listeners:[], old=null}
2025-05-12 14:02:58,907 [5339c1d4-2d68-4465-95a3-e4cab06d092d@group-CA8F5C94DBDD-SegmentedRaftLogWorker] INFO  segmented.BufferedWriteChannel (BufferedWriteChannel.java:open(61)) - open log_inprogress_0 at position 0
2025-05-12 14:02:58,913 [5339c1d4-2d68-4465-95a3-e4cab06d092d@group-CA8F5C94DBDD-SegmentedRaftLogWorker] INFO  segmented.SegmentedRaftLogWorker (SegmentedRaftLogWorker.java:execute(644)) - 5339c1d4-2d68-4465-95a3-e4cab06d092d@group-CA8F5C94DBDD-SegmentedRaftLogWorker: created new log segment /home/runner/work/ozone/ozone/hadoop-ozone/integration-test/target/test-dir/MiniOzoneClusterImpl-93228f78-d735-4ce6-971e-ca8f5c94dbdd/ozone-meta/scm-ha/93228f78-d735-4ce6-971e-ca8f5c94dbdd/current/log_inprogress_0
2025-05-12 14:02:58,922 [5339c1d4-2d68-4465-95a3-e4cab06d092d@group-CA8F5C94DBDD-StateMachineUpdater] INFO  server.RaftServer$Division (LeaderStateImpl.java:checkStartIndex(313)) - Leader 5339c1d4-2d68-4465-95a3-e4cab06d092d@group-CA8F5C94DBDD-LeaderStateImpl is ready since appliedIndex == startIndex == 0
2025-05-12 14:02:59,807 [main] INFO  server.RaftServer (RaftServerProxy.java:lambda$close$9(417)) - 5339c1d4-2d68-4465-95a3-e4cab06d092d: close
2025-05-12 14:02:59,808 [main] INFO  server.GrpcService (GrpcService.java:closeImpl(343)) - 5339c1d4-2d68-4465-95a3-e4cab06d092d: shutdown server GrpcServerProtocolService now
2025-05-12 14:02:59,808 [5339c1d4-2d68-4465-95a3-e4cab06d092d-impl-thread1] INFO  server.RaftServer$Division (RaftServerImpl.java:lambda$close$1(513)) - 5339c1d4-2d68-4465-95a3-e4cab06d092d@group-CA8F5C94DBDD: shutdown
2025-05-12 14:02:59,809 [5339c1d4-2d68-4465-95a3-e4cab06d092d-impl-thread1] INFO  util.JmxRegister (JmxRegister.java:unregister(74)) - Successfully un-registered JMX Bean with object name Ratis:service=RaftServer,group=group-CA8F5C94DBDD,id=5339c1d4-2d68-4465-95a3-e4cab06d092d
2025-05-12 14:02:59,809 [5339c1d4-2d68-4465-95a3-e4cab06d092d-impl-thread1] INFO  impl.RoleInfo (RoleInfo.java:shutdownLeaderState(103)) - 5339c1d4-2d68-4465-95a3-e4cab06d092d: shutdown 5339c1d4-2d68-4465-95a3-e4cab06d092d@group-CA8F5C94DBDD-LeaderStateImpl
2025-05-12 14:02:59,813 [5339c1d4-2d68-4465-95a3-e4cab06d092d-impl-thread1] INFO  impl.PendingRequests (PendingRequests.java:sendNotLeaderResponses(287)) - 5339c1d4-2d68-4465-95a3-e4cab06d092d@group-CA8F5C94DBDD-PendingRequests: sendNotLeaderResponses
2025-05-12 14:02:59,814 [main] INFO  server.GrpcService (GrpcService.java:closeImpl(352)) - 5339c1d4-2d68-4465-95a3-e4cab06d092d: shutdown server GrpcServerProtocolService successfully
2025-05-12 14:02:59,816 [5339c1d4-2d68-4465-95a3-e4cab06d092d-impl-thread1] INFO  impl.StateMachineUpdater (StateMachineUpdater.java:stopAndJoin(164)) - 5339c1d4-2d68-4465-95a3-e4cab06d092d@group-CA8F5C94DBDD-StateMachineUpdater: set stopIndex = 0
2025-05-12 14:02:59,816 [5339c1d4-2d68-4465-95a3-e4cab06d092d@group-CA8F5C94DBDD-StateMachineUpdater] INFO  impl.StateMachineUpdater (StateMachineUpdater.java:takeSnapshot(303)) - 5339c1d4-2d68-4465-95a3-e4cab06d092d@group-CA8F5C94DBDD-StateMachineUpdater: Took a snapshot at index 0
2025-05-12 14:02:59,816 [5339c1d4-2d68-4465-95a3-e4cab06d092d@group-CA8F5C94DBDD-StateMachineUpdater] INFO  impl.StateMachineUpdater (StateMachineUpdater.java:lambda$new$0(102)) - 5339c1d4-2d68-4465-95a3-e4cab06d092d@group-CA8F5C94DBDD-StateMachineUpdater: snapshotIndex: updateIncreasingly -1 -> 0
2025-05-12 14:02:59,818 [5339c1d4-2d68-4465-95a3-e4cab06d092d@group-CA8F5C94DBDD-StateMachineUpdater] INFO  impl.StateMachineUpdater (StateMachineUpdater.java:stop(141)) - 5339c1d4-2d68-4465-95a3-e4cab06d092d@group-CA8F5C94DBDD-StateMachineUpdater: closing SCMStateMachine, lastApplied=(t:1, i:0)
2025-05-12 14:02:59,818 [5339c1d4-2d68-4465-95a3-e4cab06d092d@group-CA8F5C94DBDD-cacheEviction-AwaitToRun] INFO  util.AwaitToRun (AwaitToRun.java:run(49)) - 5339c1d4-2d68-4465-95a3-e4cab06d092d@group-CA8F5C94DBDD-cacheEviction-AwaitToRun-AwaitForSignal is interrupted
2025-05-12 14:02:59,919 [5339c1d4-2d68-4465-95a3-e4cab06d092d-impl-thread1] INFO  segmented.SegmentedRaftLogWorker (SegmentedRaftLogWorker.java:close(252)) - 5339c1d4-2d68-4465-95a3-e4cab06d092d@group-CA8F5C94DBDD-SegmentedRaftLogWorker close()
2025-05-12 14:02:59,923 [JvmPauseMonitor0] INFO  util.JvmPauseMonitor (JvmPauseMonitor.java:run(152)) - JvmPauseMonitor-5339c1d4-2d68-4465-95a3-e4cab06d092d: Stopped
2025-05-12 14:02:59,949 [main] WARN  server.ServerUtils (ServerUtils.java:getScmDbDir(138)) - ozone.scm.db.dirs is not configured. We recommend adding this setting. Falling back to ozone.metadata.dirs instead.
2025-05-12 14:02:59,951 [main] INFO  ha.SCMHANodeDetails (SCMHANodeDetails.java:loadSCMHAConfig(162)) - ServiceID for StorageContainerManager is null
2025-05-12 14:02:59,951 [main] INFO  ha.SCMHANodeDetails (SCMHANodeDetails.java:loadSCMHAConfig(166)) - ozone.scm.default.service.id is not defined, falling back to ozone.scm.service.ids to find serviceID for StorageContainerManager if it is HA enabled cluster
2025-05-12 14:03:00,293 [main] WARN  utils.HAUtils (HAUtils.java:getMetaDir(311)) - ozone.scm.db.dirs is not configured. We recommend adding this setting. Falling back to ozone.metadata.dirs instead.
2025-05-12 14:03:00,389 [main] WARN  db.DBStoreBuilder (DBStoreBuilder.java:getDBDirPath(160)) - ozone.scm.db.dirs is not configured. We recommend adding this setting. Falling back to ozone.metadata.dirs instead.
2025-05-12 14:03:00,528 [main] INFO  net.NodeSchemaLoader (NodeSchemaLoader.java:loadSchemaFromFile(128)) - Loading schema from [jar:file:/home/runner/work/ozone/ozone/hadoop-hdds/common/target/hdds-common-2.1.0-SNAPSHOT.jar!/network-topology-default.xml]
2025-05-12 14:03:00,529 [main] INFO  net.NodeSchemaLoader (NodeSchemaLoader.java:loadSchema(175)) - Loading network topology layer schema file
2025-05-12 14:03:00,618 [main] INFO  ha.SCMRatisServerImpl (SCMRatisServerImpl.java:<init>(100)) - starting Raft server for scm:5339c1d4-2d68-4465-95a3-e4cab06d092d
2025-05-12 14:03:00,621 [main] INFO  server.RaftServerConfigKeys (ConfUtils.java:logGet(46)) - raft.server.log.appender.buffer.byte-limit = 4194304 (custom)
2025-05-12 14:03:00,623 [main] INFO  server.RaftServer (ConfUtils.java:logGet(46)) - raft.rpc.type = GRPC (default)
2025-05-12 14:03:00,623 [main] INFO  grpc.GrpcConfigKeys (ConfUtils.java:logFallback(53)) - raft.grpc.admin.host = null (fallback to raft.grpc.server.host)
2025-05-12 14:03:00,624 [main] INFO  grpc.GrpcConfigKeys (ConfUtils.java:logFallback(53)) - raft.grpc.admin.port = 15004 (fallback to raft.grpc.server.port)
2025-05-12 14:03:00,624 [main] INFO  grpc.GrpcConfigKeys (ConfUtils.java:logFallback(53)) - raft.grpc.client.host = null (fallback to raft.grpc.server.host)
2025-05-12 14:03:00,624 [main] INFO  grpc.GrpcConfigKeys (ConfUtils.java:logFallback(53)) - raft.grpc.client.port = 15004 (fallback to raft.grpc.server.port)
2025-05-12 14:03:00,624 [main] INFO  grpc.GrpcConfigKeys (ConfUtils.java:logGet(46)) - raft.grpc.server.host = null (default)
2025-05-12 14:03:00,624 [main] INFO  grpc.GrpcConfigKeys (ConfUtils.java:logGet(46)) - raft.grpc.server.port = 15004 (custom)
2025-05-12 14:03:00,625 [main] INFO  server.GrpcService (ConfUtils.java:logGet(46)) - raft.grpc.message.size.max = 5242880 (custom)
2025-05-12 14:03:00,625 [main] INFO  server.GrpcService (ConfUtils.java:logGet(46)) - raft.grpc.flow.control.window = 1MB (=1048576) (default)
2025-05-12 14:03:00,625 [main] INFO  server.RaftServerConfigKeys (ConfUtils.java:logGet(46)) - raft.server.rpc.request.timeout = 30000ms (custom)
2025-05-12 14:03:00,625 [main] INFO  grpc.GrpcConfigKeys (ConfUtils.java:logGet(46)) - raft.grpc.server.heartbeat.channel = true (default)
2025-05-12 14:03:00,625 [main] INFO  server.RaftServerConfigKeys (ConfUtils.java:logGet(46)) - raft.server.log.appender.buffer.byte-limit = 4194304 (custom)
2025-05-12 14:03:00,626 [main] INFO  grpc.GrpcConfigKeys (ConfUtils.java:logGet(46)) - raft.grpc.server.async.request.thread.pool.cached = true (default)
2025-05-12 14:03:00,626 [main] INFO  grpc.GrpcConfigKeys (ConfUtils.java:logGet(46)) - raft.grpc.server.async.request.thread.pool.size = 32 (default)
2025-05-12 14:03:00,627 [main] INFO  impl.DataStreamServerImpl (ConfUtils.java:logGet(46)) - raft.datastream.type = DISABLED (default)
2025-05-12 14:03:00,627 [main] INFO  server.RaftServerConfigKeys (ConfUtils.java:logGet(46)) - raft.server.sleep.deviation.threshold = 300ms (default)
2025-05-12 14:03:00,627 [main] INFO  server.RaftServerConfigKeys (ConfUtils.java:logGet(46)) - raft.server.close.threshold = 60s (default)
2025-05-12 14:03:00,628 [main] INFO  server.RaftServerConfigKeys (ConfUtils.java:logGet(46)) - raft.server.leaderelection.leader.step-down.wait-time = 10s (default)
2025-05-12 14:03:00,628 [main] INFO  server.RaftServerConfigKeys (ConfUtils.java:logGet(46)) - raft.server.storage.dir = [/home/runner/work/ozone/ozone/hadoop-ozone/integration-test/target/test-dir/MiniOzoneClusterImpl-93228f78-d735-4ce6-971e-ca8f5c94dbdd/ozone-meta/scm-ha] (custom)
2025-05-12 14:03:00,628 [main] INFO  server.RaftServerConfigKeys (ConfUtils.java:logGet(46)) - raft.server.threadpool.proxy.cached = true (default)
2025-05-12 14:03:00,628 [main] INFO  server.RaftServerConfigKeys (ConfUtils.java:logGet(46)) - raft.server.threadpool.proxy.size = 0 (default)
2025-05-12 14:03:00,629 [5339c1d4-2d68-4465-95a3-e4cab06d092d-impl-thread1] INFO  server.RaftServer (RaftServerProxy.java:initGroupDir(265)) - 5339c1d4-2d68-4465-95a3-e4cab06d092d: found a subdirectory /home/runner/work/ozone/ozone/hadoop-ozone/integration-test/target/test-dir/MiniOzoneClusterImpl-93228f78-d735-4ce6-971e-ca8f5c94dbdd/ozone-meta/scm-ha/93228f78-d735-4ce6-971e-ca8f5c94dbdd
2025-05-12 14:03:00,630 [main] INFO  server.RaftServer (RaftServerProxy.java:addNew(100)) - 5339c1d4-2d68-4465-95a3-e4cab06d092d: addNew group-CA8F5C94DBDD:[] returns group-CA8F5C94DBDD:java.util.concurrent.CompletableFuture@147efd9[Not completed]
2025-05-12 14:03:00,633 [5339c1d4-2d68-4465-95a3-e4cab06d092d-groupManagement] INFO  server.RaftServer$Division (RaftServerImpl.java:<init>(255)) - 5339c1d4-2d68-4465-95a3-e4cab06d092d: new RaftServerImpl for group-CA8F5C94DBDD:[] with SCMStateMachine:uninitialized
2025-05-12 14:03:00,634 [5339c1d4-2d68-4465-95a3-e4cab06d092d-groupManagement] INFO  server.RaftServerConfigKeys (ConfUtils.java:logGet(46)) - raft.server.rpc.timeout.min = 5000ms (custom)
2025-05-12 14:03:00,634 [5339c1d4-2d68-4465-95a3-e4cab06d092d-groupManagement] INFO  server.RaftServerConfigKeys (ConfUtils.java:logGet(46)) - raft.server.rpc.timeout.max = 5200ms (custom)
2025-05-12 14:03:00,635 [5339c1d4-2d68-4465-95a3-e4cab06d092d-groupManagement] INFO  server.RaftServerConfigKeys (ConfUtils.java:logGet(46)) - raft.server.rpc.sleep.time = 25ms (default)
2025-05-12 14:03:00,635 [5339c1d4-2d68-4465-95a3-e4cab06d092d-groupManagement] INFO  server.RaftServerConfigKeys (ConfUtils.java:logGet(46)) - raft.server.rpc.slowness.timeout = 120000ms (custom)
2025-05-12 14:03:00,636 [5339c1d4-2d68-4465-95a3-e4cab06d092d-groupManagement] INFO  server.RaftServerConfigKeys (ConfUtils.java:logGet(46)) - raft.server.leaderelection.leader.step-down.wait-time = 10s (default)
2025-05-12 14:03:00,636 [5339c1d4-2d68-4465-95a3-e4cab06d092d-groupManagement] INFO  server.RaftServerConfigKeys (ConfUtils.java:logGet(46)) - raft.server.leaderelection.member.majority-add = false (default)
2025-05-12 14:03:00,636 [5339c1d4-2d68-4465-95a3-e4cab06d092d-groupManagement] INFO  server.RaftServerConfigKeys (ConfUtils.java:logGet(46)) - raft.server.sleep.deviation.threshold = 300ms (default)
2025-05-12 14:03:00,636 [5339c1d4-2d68-4465-95a3-e4cab06d092d-groupManagement] INFO  server.RaftServer$Division (ServerState.java:<init>(114)) - 5339c1d4-2d68-4465-95a3-e4cab06d092d@group-CA8F5C94DBDD: ConfigurationManager, init=conf: {index: -1, cur=peers:[]|listeners:[], old=null}, confs=<EMPTY_MAP>
2025-05-12 14:03:00,637 [5339c1d4-2d68-4465-95a3-e4cab06d092d-groupManagement] INFO  server.RaftServerConfigKeys (ConfUtils.java:logGet(46)) - raft.server.notification.no-leader.timeout = 60s (default)
2025-05-12 14:03:00,637 [5339c1d4-2d68-4465-95a3-e4cab06d092d-groupManagement] INFO  server.RaftServerConfigKeys (ConfUtils.java:logGet(46)) - raft.server.read.timeout = 10s (default)
2025-05-12 14:03:00,637 [5339c1d4-2d68-4465-95a3-e4cab06d092d-groupManagement] INFO  server.RaftServerConfigKeys (ConfUtils.java:logGet(46)) - raft.server.retrycache.expirytime = 60000ms (default)
2025-05-12 14:03:00,637 [5339c1d4-2d68-4465-95a3-e4cab06d092d-groupManagement] INFO  server.RaftServerConfigKeys (ConfUtils.java:logGet(46)) - raft.server.retrycache.statistics.expirytime = 100ms (default)
2025-05-12 14:03:00,637 [5339c1d4-2d68-4465-95a3-e4cab06d092d-groupManagement] INFO  server.RaftServerConfigKeys (ConfUtils.java:logGet(46)) - raft.server.read.option = DEFAULT (default)
2025-05-12 14:03:00,638 [5339c1d4-2d68-4465-95a3-e4cab06d092d-groupManagement] INFO  server.RaftServerConfigKeys (ConfUtils.java:logGet(46)) - raft.server.read.read-after-write-consistent.write-index-cache.expiry-time = 60s (default)
2025-05-12 14:03:00,644 [5339c1d4-2d68-4465-95a3-e4cab06d092d-groupManagement] INFO  server.RaftServerConfigKeys (ConfUtils.java:logGet(46)) - raft.server.rpc.request.timeout = 30000ms (custom)
2025-05-12 14:03:00,644 [5339c1d4-2d68-4465-95a3-e4cab06d092d-groupManagement] INFO  server.RaftServerConfigKeys (ConfUtils.java:logGet(46)) - raft.server.log.appender.install.snapshot.enabled = false (custom)
2025-05-12 14:03:00,645 [5339c1d4-2d68-4465-95a3-e4cab06d092d-groupManagement] INFO  server.RaftServerConfigKeys (ConfUtils.java:logGet(46)) - raft.server.threadpool.server.cached = true (default)
2025-05-12 14:03:00,645 [5339c1d4-2d68-4465-95a3-e4cab06d092d-groupManagement] INFO  server.RaftServerConfigKeys (ConfUtils.java:logGet(46)) - raft.server.threadpool.server.size = 0 (default)
2025-05-12 14:03:00,645 [5339c1d4-2d68-4465-95a3-e4cab06d092d-groupManagement] INFO  server.RaftServerConfigKeys (ConfUtils.java:logGet(46)) - raft.server.threadpool.client.cached = true (default)
2025-05-12 14:03:00,645 [5339c1d4-2d68-4465-95a3-e4cab06d092d-groupManagement] INFO  server.RaftServerConfigKeys (ConfUtils.java:logGet(46)) - raft.server.threadpool.client.size = 0 (default)
2025-05-12 14:03:00,646 [main] INFO  ha.SCMSnapshotProvider (SCMSnapshotProvider.java:<init>(61)) - Initializing SCM Snapshot Provider
2025-05-12 14:03:00,647 [main] WARN  server.ServerUtils (ServerUtils.java:getDefaultRatisDirectory(304)) - Storage directory for Ratis is not configured. It is a good idea to map this to an SSD disk. Falling back to ozone.metadata.dirs
2025-05-12 14:03:00,647 [main] WARN  ha.SCMHAUtils (SCMHAUtils.java:getSCMRatisSnapshotDirectory(120)) - SCM snapshot dir is not configured. Falling back to ozone.metadata.dirs config
2025-05-12 14:03:00,670 [main] INFO  upgrade.AbstractLayoutVersionManager (AbstractLayoutVersionManager.java:init(80)) - Initializing Layout version manager with metadata layout = HBASE_SUPPORT (version = 8), software layout = HBASE_SUPPORT (version = 8)
2025-05-12 14:03:00,696 [main] INFO  ha.SequenceIdGenerator (SequenceIdGenerator.java:upgradeToSequenceId(355)) - upgrade localId to 115816896921600000
2025-05-12 14:03:00,698 [main] INFO  ha.SequenceIdGenerator (SequenceIdGenerator.java:upgradeToSequenceId(365)) - upgrade delTxnId to 0
2025-05-12 14:03:00,703 [main] INFO  ha.SequenceIdGenerator (SequenceIdGenerator.java:upgradeToSequenceId(382)) - upgrade containerId to 0
2025-05-12 14:03:00,706 [main] INFO  ha.SequenceIdGenerator (SequenceIdGenerator.java:upgradeToCertificateSequenceId(419)) - upgrade CertificateId to 2
2025-05-12 14:03:00,707 [main] INFO  ha.SequenceIdGenerator (SequenceIdGenerator.java:<init>(232)) - Init the HA SequenceIdGenerator.
2025-05-12 14:03:00,740 [main] WARN  server.ServerUtils (ServerUtils.java:sanitizeUserArgs(70)) - ozone.scm.dead.node.interval value = 8000 is smaller than min = 12000 based on the key value of ozone.scm.stale.node.interval, reset to the min value 12000.
2025-05-12 14:03:00,743 [main] INFO  node.SCMNodeManager (SCMNodeManager.java:<init>(182)) - Entering startup safe mode.
2025-05-12 14:03:00,753 [main] INFO  algorithms.ContainerPlacementPolicyFactory (ContainerPlacementPolicyFactory.java:getPolicyInternal(84)) - Create container placement policy of type org.apache.hadoop.hdds.scm.container.placement.algorithms.SCMContainerPlacementRackAware
2025-05-12 14:03:00,757 [main] INFO  algorithms.ContainerPlacementPolicyFactory (ContainerPlacementPolicyFactory.java:getPolicyInternal(84)) - Create container placement policy of type org.apache.hadoop.hdds.scm.container.placement.algorithms.SCMContainerPlacementRackScatter
2025-05-12 14:03:00,763 [main] INFO  pipeline.PipelineStateManagerImpl (PipelineStateManagerImpl.java:initialize(75)) - No pipeline exists in current db
2025-05-12 14:03:00,773 [main] INFO  algorithms.LeaderChoosePolicyFactory (LeaderChoosePolicyFactory.java:getPolicy(55)) - Create leader choose policy of type org.apache.hadoop.hdds.scm.pipeline.leader.choose.algorithms.MinLeaderCountChoosePolicy
2025-05-12 14:03:00,773 [main] INFO  algorithms.ContainerPlacementPolicyFactory (ContainerPlacementPolicyFactory.java:getPolicyInternal(84)) - Create container placement policy of type org.apache.hadoop.hdds.scm.container.placement.algorithms.SCMContainerPlacementRackScatter
2025-05-12 14:03:00,779 [main] INFO  ha.SCMServiceManager (SCMServiceManager.java:register(42)) - Registering service BackgroundPipelineCreator.
2025-05-12 14:03:00,779 [main] INFO  pipeline.BackgroundPipelineCreator (BackgroundPipelineCreator.java:start(126)) - Starting RatisPipelineUtilsThread.
2025-05-12 14:03:00,782 [main] INFO  BackgroundPipelineScrubber (BackgroundSCMService.java:start(64)) - Starting BackgroundPipelineScrubber Service.
2025-05-12 14:03:00,782 [main] INFO  ha.SCMServiceManager (SCMServiceManager.java:register(42)) - Registering service BackgroundPipelineScrubber.
2025-05-12 14:03:00,786 [main] INFO  ExpiredContainerReplicaOpScrubber (BackgroundSCMService.java:start(64)) - Starting ExpiredContainerReplicaOpScrubber Service.
2025-05-12 14:03:00,787 [main] INFO  ha.SCMServiceManager (SCMServiceManager.java:register(42)) - Registering service ExpiredContainerReplicaOpScrubber.
2025-05-12 14:03:00,807 [main] INFO  algorithms.PipelineChoosePolicyFactory (PipelineChoosePolicyFactory.java:createPipelineChoosePolicyFromClass(78)) - Create pipeline choose policy of type org.apache.hadoop.hdds.scm.pipeline.choose.algorithms.RandomPipelineChoosePolicy
2025-05-12 14:03:00,808 [main] INFO  algorithms.PipelineChoosePolicyFactory (PipelineChoosePolicyFactory.java:createPipelineChoosePolicyFromClass(78)) - Create pipeline choose policy of type org.apache.hadoop.hdds.scm.pipeline.choose.algorithms.RandomPipelineChoosePolicy
2025-05-12 14:03:00,833 [main] INFO  ha.SCMServiceManager (SCMServiceManager.java:register(42)) - Registering service SCMBlockDeletingService.
2025-05-12 14:03:00,871 [main] INFO  replication.ReplicationManager (ReplicationManager.java:start(285)) - Starting Replication Monitor Thread.
2025-05-12 14:03:00,872 [main] INFO  ha.SCMServiceManager (SCMServiceManager.java:register(42)) - Registering service ReplicationManager.
2025-05-12 14:03:00,880 [main] INFO  safemode.RatisContainerSafeModeRule (RatisContainerSafeModeRule.java:initializeRule(160)) - Refreshed Containers with one replica threshold count 0.
2025-05-12 14:03:00,882 [main] INFO  safemode.ECContainerSafeModeRule (ECContainerSafeModeRule.java:initializeRule(205)) - Refreshed Containers with ec n replica threshold count 0.
2025-05-12 14:03:00,885 [main] INFO  safemode.HealthyPipelineSafeModeRule (HealthyPipelineSafeModeRule.java:initializeRule(177)) - Total pipeline count is 0, healthy pipeline threshold count is 1
2025-05-12 14:03:00,886 [main] INFO  safemode.OneReplicaPipelineSafeModeRule (OneReplicaPipelineSafeModeRule.java:initializeRule(190)) - Total pipeline count is 0, pipeline's with at least one datanode reported threshold count is 0
2025-05-12 14:03:00,924 [main] INFO  server.StorageContainerManager (StorageContainerManager.java:<init>(430)) - SCM start with adminUsers: [runner]
2025-05-12 14:03:01,160 [main] INFO  audit.AuditLogger (AuditLogger.java:refreshDebugCmdSet(133)) - Refresh DebugCmdSet for SCMAudit to [].
2025-05-12 14:03:01,180 [main] INFO  ipc.CallQueueManager (CallQueueManager.java:<init>(93)) - Using callQueue: class java.util.concurrent.LinkedBlockingQueue, queueCapacity: 10000, scheduler: class org.apache.hadoop.ipc.DefaultRpcScheduler, ipcBackoff: false, ipcFailOver: false.
2025-05-12 14:03:01,202 [main] INFO  ipc.Server (Server.java:<init>(1438)) - Listener at 0.0.0.0:15002
2025-05-12 14:03:01,203 [Socket Reader #1 for port 15002] INFO  ipc.Server (Server.java:run(1474)) - Starting Socket Reader #1 for port 15002
2025-05-12 14:03:01,204 [Socket Reader #2 for port 15002] INFO  ipc.Server (Server.java:run(1474)) - Starting Socket Reader #2 for port 15002
2025-05-12 14:03:01,204 [Socket Reader #3 for port 15002] INFO  ipc.Server (Server.java:run(1474)) - Starting Socket Reader #3 for port 15002
2025-05-12 14:03:01,204 [Socket Reader #4 for port 15002] INFO  ipc.Server (Server.java:run(1474)) - Starting Socket Reader #4 for port 15002
2025-05-12 14:03:01,205 [Socket Reader #5 for port 15002] INFO  ipc.Server (Server.java:run(1474)) - Starting Socket Reader #5 for port 15002
2025-05-12 14:03:01,205 [Socket Reader #6 for port 15002] INFO  ipc.Server (Server.java:run(1474)) - Starting Socket Reader #6 for port 15002
2025-05-12 14:03:01,206 [Socket Reader #7 for port 15002] INFO  ipc.Server (Server.java:run(1474)) - Starting Socket Reader #7 for port 15002
2025-05-12 14:03:01,206 [Socket Reader #8 for port 15002] INFO  ipc.Server (Server.java:run(1474)) - Starting Socket Reader #8 for port 15002
2025-05-12 14:03:01,206 [Socket Reader #9 for port 15002] INFO  ipc.Server (Server.java:run(1474)) - Starting Socket Reader #9 for port 15002
2025-05-12 14:03:01,207 [Socket Reader #10 for port 15002] INFO  ipc.Server (Server.java:run(1474)) - Starting Socket Reader #10 for port 15002
2025-05-12 14:03:01,239 [main] INFO  audit.AuditLogger (AuditLogger.java:refreshDebugCmdSet(133)) - Refresh DebugCmdSet for SCMAudit to [].
2025-05-12 14:03:01,243 [main] INFO  ipc.CallQueueManager (CallQueueManager.java:<init>(93)) - Using callQueue: class java.util.concurrent.LinkedBlockingQueue, queueCapacity: 10000, scheduler: class org.apache.hadoop.ipc.DefaultRpcScheduler, ipcBackoff: false, ipcFailOver: false.
2025-05-12 14:03:01,243 [main] INFO  ipc.Server (Server.java:<init>(1438)) - Listener at 0.0.0.0:15001
2025-05-12 14:03:01,244 [Socket Reader #1 for port 15001] INFO  ipc.Server (Server.java:run(1474)) - Starting Socket Reader #1 for port 15001
2025-05-12 14:03:01,244 [Socket Reader #2 for port 15001] INFO  ipc.Server (Server.java:run(1474)) - Starting Socket Reader #2 for port 15001
2025-05-12 14:03:01,245 [Socket Reader #3 for port 15001] INFO  ipc.Server (Server.java:run(1474)) - Starting Socket Reader #3 for port 15001
2025-05-12 14:03:01,245 [Socket Reader #4 for port 15001] INFO  ipc.Server (Server.java:run(1474)) - Starting Socket Reader #4 for port 15001
2025-05-12 14:03:01,246 [Socket Reader #5 for port 15001] INFO  ipc.Server (Server.java:run(1474)) - Starting Socket Reader #5 for port 15001
2025-05-12 14:03:01,247 [Socket Reader #6 for port 15001] INFO  ipc.Server (Server.java:run(1474)) - Starting Socket Reader #6 for port 15001
2025-05-12 14:03:01,248 [Socket Reader #7 for port 15001] INFO  ipc.Server (Server.java:run(1474)) - Starting Socket Reader #7 for port 15001
2025-05-12 14:03:01,248 [Socket Reader #8 for port 15001] INFO  ipc.Server (Server.java:run(1474)) - Starting Socket Reader #8 for port 15001
2025-05-12 14:03:01,249 [Socket Reader #9 for port 15001] INFO  ipc.Server (Server.java:run(1474)) - Starting Socket Reader #9 for port 15001
2025-05-12 14:03:01,250 [Socket Reader #10 for port 15001] INFO  ipc.Server (Server.java:run(1474)) - Starting Socket Reader #10 for port 15001
2025-05-12 14:03:01,275 [main] INFO  audit.AuditLogger (AuditLogger.java:refreshDebugCmdSet(133)) - Refresh DebugCmdSet for SCMAudit to [].
2025-05-12 14:03:01,282 [main] INFO  ipc.CallQueueManager (CallQueueManager.java:<init>(93)) - Using callQueue: class java.util.concurrent.LinkedBlockingQueue, queueCapacity: 10000, scheduler: class org.apache.hadoop.ipc.DefaultRpcScheduler, ipcBackoff: false, ipcFailOver: false.
2025-05-12 14:03:01,282 [main] INFO  ipc.Server (Server.java:<init>(1438)) - Listener at 0.0.0.0:15000
2025-05-12 14:03:01,283 [Socket Reader #1 for port 15000] INFO  ipc.Server (Server.java:run(1474)) - Starting Socket Reader #1 for port 15000
2025-05-12 14:03:01,283 [Socket Reader #2 for port 15000] INFO  ipc.Server (Server.java:run(1474)) - Starting Socket Reader #2 for port 15000
2025-05-12 14:03:01,284 [Socket Reader #4 for port 15000] INFO  ipc.Server (Server.java:run(1474)) - Starting Socket Reader #4 for port 15000
2025-05-12 14:03:01,284 [Socket Reader #3 for port 15000] INFO  ipc.Server (Server.java:run(1474)) - Starting Socket Reader #3 for port 15000
2025-05-12 14:03:01,284 [Socket Reader #5 for port 15000] INFO  ipc.Server (Server.java:run(1474)) - Starting Socket Reader #5 for port 15000
2025-05-12 14:03:01,285 [Socket Reader #6 for port 15000] INFO  ipc.Server (Server.java:run(1474)) - Starting Socket Reader #6 for port 15000
2025-05-12 14:03:01,285 [Socket Reader #7 for port 15000] INFO  ipc.Server (Server.java:run(1474)) - Starting Socket Reader #7 for port 15000
2025-05-12 14:03:01,287 [Socket Reader #8 for port 15000] INFO  ipc.Server (Server.java:run(1474)) - Starting Socket Reader #8 for port 15000
2025-05-12 14:03:01,287 [Socket Reader #9 for port 15000] INFO  ipc.Server (Server.java:run(1474)) - Starting Socket Reader #9 for port 15000
2025-05-12 14:03:01,288 [Socket Reader #10 for port 15000] INFO  ipc.Server (Server.java:run(1474)) - Starting Socket Reader #10 for port 15000
2025-05-12 14:03:01,325 [main] INFO  ha.SCMServiceManager (SCMServiceManager.java:register(42)) - Registering service ContainerBalancer.
2025-05-12 14:03:01,325 [main] INFO  ha.SCMContext (SCMContext.java:updateSafeModeStatus(224)) - Update SafeModeStatus from SafeModeStatus{safeModeStatus=true, preCheckPassed=false} to SafeModeStatus{safeModeStatus=true, preCheckPassed=false}.
2025-05-12 14:03:01,404 [main] INFO  server.StorageContainerManager (StorageContainerManager.java:start(1507)) - StorageContainerLocationProtocol RPC server is listening at /0.0.0.0:15000
2025-05-12 14:03:01,405 [main] INFO  ha.SCMRatisServerImpl (SCMRatisServerImpl.java:start(203)) - starting ratis server 0.0.0.0:15004
2025-05-12 14:03:01,405 [5339c1d4-2d68-4465-95a3-e4cab06d092d-impl-thread1] INFO  server.RaftServerConfigKeys (ConfUtils.java:logGet(46)) - raft.server.storage.free-space.min = 0MB (=0) (default)
2025-05-12 14:03:01,405 [5339c1d4-2d68-4465-95a3-e4cab06d092d-impl-thread1] INFO  server.RaftServerConfigKeys (ConfUtils.java:logGet(46)) - raft.server.log.corruption.policy = EXCEPTION (default)
2025-05-12 14:03:01,406 [5339c1d4-2d68-4465-95a3-e4cab06d092d-impl-thread1] INFO  server.RaftServerConfigKeys (ConfUtils.java:logGet(46)) - raft.server.storage.dir = [/home/runner/work/ozone/ozone/hadoop-ozone/integration-test/target/test-dir/MiniOzoneClusterImpl-93228f78-d735-4ce6-971e-ca8f5c94dbdd/ozone-meta/scm-ha] (custom)
2025-05-12 14:03:01,407 [5339c1d4-2d68-4465-95a3-e4cab06d092d-impl-thread1] INFO  storage.RaftStorageDirectory (RaftStorageDirectoryImpl.java:tryLock(229)) - Lock on /home/runner/work/ozone/ozone/hadoop-ozone/integration-test/target/test-dir/MiniOzoneClusterImpl-93228f78-d735-4ce6-971e-ca8f5c94dbdd/ozone-meta/scm-ha/93228f78-d735-4ce6-971e-ca8f5c94dbdd/in_use.lock acquired by nodename 118448@pkrvmberfyhpb9w
2025-05-12 14:03:01,408 [5339c1d4-2d68-4465-95a3-e4cab06d092d-impl-thread1] INFO  storage.RaftStorage (RaftStorageImpl.java:analyzeAndRecoverStorage(118)) - Read RaftStorageMetadata{term=1, votedFor=5339c1d4-2d68-4465-95a3-e4cab06d092d} from /home/runner/work/ozone/ozone/hadoop-ozone/integration-test/target/test-dir/MiniOzoneClusterImpl-93228f78-d735-4ce6-971e-ca8f5c94dbdd/ozone-meta/scm-ha/93228f78-d735-4ce6-971e-ca8f5c94dbdd/current/raft-meta
2025-05-12 14:03:01,410 [5339c1d4-2d68-4465-95a3-e4cab06d092d-impl-thread1] INFO  server.RaftServer$Division (ServerState.java:setRaftConf(386)) - 5339c1d4-2d68-4465-95a3-e4cab06d092d@group-CA8F5C94DBDD: set configuration conf: {index: 0, cur=peers:[5339c1d4-2d68-4465-95a3-e4cab06d092d|pkrvmberfyhpb9w:15004]|listeners:[], old=null}
2025-05-12 14:03:01,410 [5339c1d4-2d68-4465-95a3-e4cab06d092d-impl-thread1] INFO  ha.SCMStateMachine (SCMStateMachine.java:lambda$initialize$0(135)) - 5339c1d4-2d68-4465-95a3-e4cab06d092d: initialize group-CA8F5C94DBDD
2025-05-12 14:03:01,411 [5339c1d4-2d68-4465-95a3-e4cab06d092d-impl-thread1] INFO  server.RaftServerConfigKeys (ConfUtils.java:logGet(46)) - raft.server.log.use.memory = false (default)
2025-05-12 14:03:01,411 [5339c1d4-2d68-4465-95a3-e4cab06d092d-impl-thread1] INFO  server.RaftServerConfigKeys (ConfUtils.java:logGet(46)) - raft.server.log.purge.gap = 1000000 (custom)
2025-05-12 14:03:01,411 [5339c1d4-2d68-4465-95a3-e4cab06d092d-impl-thread1] INFO  server.RaftServerConfigKeys (ConfUtils.java:logGet(46)) - raft.server.log.appender.buffer.byte-limit = 4194304 (custom)
2025-05-12 14:03:01,411 [5339c1d4-2d68-4465-95a3-e4cab06d092d-impl-thread1] INFO  server.RaftServerConfigKeys (ConfUtils.java:logGet(46)) - raft.server.log.statemachine.data.read.timeout = 1000ms (default)
2025-05-12 14:03:01,411 [5339c1d4-2d68-4465-95a3-e4cab06d092d-impl-thread1] INFO  server.RaftServerConfigKeys (ConfUtils.java:logGet(46)) - raft.server.log.purge.preservation.log.num = 0 (default)
2025-05-12 14:03:01,413 [5339c1d4-2d68-4465-95a3-e4cab06d092d-impl-thread1] INFO  server.RaftServerConfigKeys (ConfUtils.java:logGet(46)) - raft.server.log.segment.size.max = 4194304 (custom)
2025-05-12 14:03:01,414 [5339c1d4-2d68-4465-95a3-e4cab06d092d-impl-thread1] INFO  server.RaftServerConfigKeys (ConfUtils.java:logGet(46)) - raft.server.log.segment.cache.num.max = 2 (custom)
2025-05-12 14:03:01,414 [5339c1d4-2d68-4465-95a3-e4cab06d092d-impl-thread1] INFO  server.RaftServerConfigKeys (ConfUtils.java:logGet(46)) - raft.server.log.segment.cache.size.max = 200MB (=209715200) (default)
2025-05-12 14:03:01,414 [5339c1d4-2d68-4465-95a3-e4cab06d092d-impl-thread1] INFO  server.RaftServerConfigKeys (ConfUtils.java:logGet(46)) - raft.server.log.appender.buffer.byte-limit = 4194304 (custom)
2025-05-12 14:03:01,415 [5339c1d4-2d68-4465-95a3-e4cab06d092d-impl-thread1] INFO  util.AwaitToRun (AwaitToRun.java:start(81)) - Thread[#112,5339c1d4-2d68-4465-95a3-e4cab06d092d@group-CA8F5C94DBDD-cacheEviction-AwaitToRun,5,main] started
2025-05-12 14:03:01,415 [5339c1d4-2d68-4465-95a3-e4cab06d092d-impl-thread1] INFO  segmented.SegmentedRaftLogWorker (SegmentedRaftLogWorker.java:<init>(188)) - new 5339c1d4-2d68-4465-95a3-e4cab06d092d@group-CA8F5C94DBDD-SegmentedRaftLogWorker for RaftStorageImpl:Storage Directory /home/runner/work/ozone/ozone/hadoop-ozone/integration-test/target/test-dir/MiniOzoneClusterImpl-93228f78-d735-4ce6-971e-ca8f5c94dbdd/ozone-meta/scm-ha/93228f78-d735-4ce6-971e-ca8f5c94dbdd
2025-05-12 14:03:01,415 [5339c1d4-2d68-4465-95a3-e4cab06d092d-impl-thread1] INFO  server.RaftServerConfigKeys (ConfUtils.java:logGet(46)) - raft.server.log.queue.byte-limit = 64MB (=67108864) (default)
2025-05-12 14:03:01,416 [5339c1d4-2d68-4465-95a3-e4cab06d092d-impl-thread1] INFO  server.RaftServerConfigKeys (ConfUtils.java:logGet(46)) - raft.server.log.queue.element-limit = 4096 (default)
2025-05-12 14:03:01,416 [5339c1d4-2d68-4465-95a3-e4cab06d092d-impl-thread1] INFO  server.RaftServerConfigKeys (ConfUtils.java:logGet(46)) - raft.server.log.segment.size.max = 4194304 (custom)
2025-05-12 14:03:01,416 [5339c1d4-2d68-4465-95a3-e4cab06d092d-impl-thread1] INFO  server.RaftServerConfigKeys (ConfUtils.java:logGet(46)) - raft.server.log.preallocated.size = 4194304 (custom)
2025-05-12 14:03:01,416 [5339c1d4-2d68-4465-95a3-e4cab06d092d-impl-thread1] INFO  server.RaftServerConfigKeys (ConfUtils.java:logGet(46)) - raft.server.log.force.sync.num = 128 (default)
2025-05-12 14:03:01,417 [5339c1d4-2d68-4465-95a3-e4cab06d092d-impl-thread1] INFO  server.RaftServerConfigKeys (ConfUtils.java:logGet(46)) - raft.server.log.statemachine.data.sync = true (default)
2025-05-12 14:03:01,417 [5339c1d4-2d68-4465-95a3-e4cab06d092d-impl-thread1] INFO  server.RaftServerConfigKeys (ConfUtils.java:logGet(46)) - raft.server.log.statemachine.data.sync.timeout = 10s (default)
2025-05-12 14:03:01,417 [5339c1d4-2d68-4465-95a3-e4cab06d092d-impl-thread1] INFO  server.RaftServerConfigKeys (ConfUtils.java:logGet(46)) - raft.server.log.statemachine.data.sync.timeout.retry = -1 (default)
2025-05-12 14:03:01,418 [5339c1d4-2d68-4465-95a3-e4cab06d092d-impl-thread1] INFO  server.RaftServerConfigKeys (ConfUtils.java:logGet(46)) - raft.server.log.write.buffer.size = 4194312 (custom)
2025-05-12 14:03:01,419 [5339c1d4-2d68-4465-95a3-e4cab06d092d-impl-thread1] INFO  server.RaftServerConfigKeys (ConfUtils.java:logGet(46)) - raft.server.log.appender.buffer.byte-limit = 4194304 (custom)
2025-05-12 14:03:01,419 [5339c1d4-2d68-4465-95a3-e4cab06d092d-impl-thread1] INFO  server.RaftServerConfigKeys (ConfUtils.java:logGet(46)) - raft.server.log.unsafe-flush.enabled = false (default)
2025-05-12 14:03:01,419 [5339c1d4-2d68-4465-95a3-e4cab06d092d-impl-thread1] INFO  server.RaftServerConfigKeys (ConfUtils.java:logGet(46)) - raft.server.log.async-flush.enabled = false (default)
2025-05-12 14:03:01,421 [5339c1d4-2d68-4465-95a3-e4cab06d092d-impl-thread1] INFO  server.RaftServerConfigKeys (ConfUtils.java:logGet(46)) - raft.server.log.statemachine.data.caching.enabled = false (default)
2025-05-12 14:03:01,426 [5339c1d4-2d68-4465-95a3-e4cab06d092d-impl-thread1] INFO  server.RaftServer$Division (ServerState.java:setRaftConf(386)) - 5339c1d4-2d68-4465-95a3-e4cab06d092d@group-CA8F5C94DBDD: set configuration conf: {index: 0, cur=peers:[5339c1d4-2d68-4465-95a3-e4cab06d092d|pkrvmberfyhpb9w:15004]|listeners:[], old=null}
2025-05-12 14:03:01,427 [5339c1d4-2d68-4465-95a3-e4cab06d092d-impl-thread1] INFO  segmented.LogSegment (LogSegment.java:loadSegment(171)) - Successfully read 1 entries from segment file /home/runner/work/ozone/ozone/hadoop-ozone/integration-test/target/test-dir/MiniOzoneClusterImpl-93228f78-d735-4ce6-971e-ca8f5c94dbdd/ozone-meta/scm-ha/93228f78-d735-4ce6-971e-ca8f5c94dbdd/current/log_inprogress_0
2025-05-12 14:03:01,427 [5339c1d4-2d68-4465-95a3-e4cab06d092d-impl-thread1] INFO  segmented.SegmentedRaftLogWorker (SegmentedRaftLogWorker.java:lambda$new$0(139)) - 5339c1d4-2d68-4465-95a3-e4cab06d092d@group-CA8F5C94DBDD-SegmentedRaftLogWorker: safeCacheEvictIndex: setUnconditionally 0 -> -1
2025-05-12 14:03:01,427 [5339c1d4-2d68-4465-95a3-e4cab06d092d-impl-thread1] INFO  segmented.BufferedWriteChannel (BufferedWriteChannel.java:open(61)) - open log_inprogress_0 (append) at position 82
2025-05-12 14:03:01,428 [5339c1d4-2d68-4465-95a3-e4cab06d092d-impl-thread1] INFO  server.RaftServer$Division (RaftServerImpl.java:start(391)) - 5339c1d4-2d68-4465-95a3-e4cab06d092d@group-CA8F5C94DBDD: start as a follower, conf=conf: {index: 0, cur=peers:[5339c1d4-2d68-4465-95a3-e4cab06d092d|pkrvmberfyhpb9w:15004]|listeners:[], old=null}
2025-05-12 14:03:01,428 [5339c1d4-2d68-4465-95a3-e4cab06d092d-impl-thread1] INFO  server.RaftServer$Division (RaftServerImpl.java:setRole(378)) - 5339c1d4-2d68-4465-95a3-e4cab06d092d@group-CA8F5C94DBDD: changes role from      null to FOLLOWER at term 1 for startAsFollower
2025-05-12 14:03:01,428 [5339c1d4-2d68-4465-95a3-e4cab06d092d-impl-thread1] INFO  impl.RoleInfo (RoleInfo.java:updateAndGet(148)) - 5339c1d4-2d68-4465-95a3-e4cab06d092d: start 5339c1d4-2d68-4465-95a3-e4cab06d092d@group-CA8F5C94DBDD-FollowerState
2025-05-12 14:03:01,429 [5339c1d4-2d68-4465-95a3-e4cab06d092d@group-CA8F5C94DBDD-FollowerState] INFO  server.RaftServerConfigKeys (ConfUtils.java:logGet(46)) - raft.server.rpc.first-election.timeout.min = 1000ms (custom)
2025-05-12 14:03:01,429 [5339c1d4-2d68-4465-95a3-e4cab06d092d@group-CA8F5C94DBDD-FollowerState] INFO  server.RaftServerConfigKeys (ConfUtils.java:logGet(46)) - raft.server.rpc.first-election.timeout.max = 1200ms (custom)
2025-05-12 14:03:01,430 [5339c1d4-2d68-4465-95a3-e4cab06d092d-impl-thread1] INFO  util.JmxRegister (JmxRegister.java:tryRegister(44)) - Successfully registered JMX Bean with object name Ratis:service=RaftServer,group=group-CA8F5C94DBDD,id=5339c1d4-2d68-4465-95a3-e4cab06d092d
2025-05-12 14:03:01,430 [5339c1d4-2d68-4465-95a3-e4cab06d092d-impl-thread1] INFO  util.JmxRegister (JmxRegister.java:register(58)) - register mxBean class org.apache.ratis.server.impl.RaftServerJmxAdapter as Ratis:service=RaftServer,group=group-CA8F5C94DBDD,id=5339c1d4-2d68-4465-95a3-e4cab06d092d
2025-05-12 14:03:01,431 [5339c1d4-2d68-4465-95a3-e4cab06d092d-impl-thread1] INFO  server.RaftServerConfigKeys (ConfUtils.java:logGet(46)) - raft.server.snapshot.trigger-when-stop.enabled = true (default)
2025-05-12 14:03:01,431 [5339c1d4-2d68-4465-95a3-e4cab06d092d-impl-thread1] INFO  server.RaftServerConfigKeys (ConfUtils.java:logGet(46)) - raft.server.snapshot.trigger-when-remove.enabled = true (default)
2025-05-12 14:03:01,431 [5339c1d4-2d68-4465-95a3-e4cab06d092d-impl-thread1] INFO  server.RaftServerConfigKeys (ConfUtils.java:logGet(46)) - raft.server.snapshot.auto.trigger.enabled = true (custom)
2025-05-12 14:03:01,431 [5339c1d4-2d68-4465-95a3-e4cab06d092d-impl-thread1] INFO  server.RaftServerConfigKeys (ConfUtils.java:logGet(46)) - raft.server.snapshot.auto.trigger.threshold = 1000 (custom)
2025-05-12 14:03:01,431 [5339c1d4-2d68-4465-95a3-e4cab06d092d-impl-thread1] INFO  server.RaftServerConfigKeys (ConfUtils.java:logGet(46)) - raft.server.snapshot.retention.file.num = -1 (default)
2025-05-12 14:03:01,431 [5339c1d4-2d68-4465-95a3-e4cab06d092d-impl-thread1] INFO  server.RaftServerConfigKeys (ConfUtils.java:logGet(46)) - raft.server.log.purge.upto.snapshot.index = false (default)
2025-05-12 14:03:01,433 [5339c1d4-2d68-4465-95a3-e4cab06d092d-impl-thread1] INFO  server.RaftServer$Division (RaftServerImpl.java:start(405)) - 5339c1d4-2d68-4465-95a3-e4cab06d092d@group-CA8F5C94DBDD: Successfully started.
2025-05-12 14:03:01,433 [main] INFO  server.RaftServer (RaftServerProxy.java:startImpl(407)) - 5339c1d4-2d68-4465-95a3-e4cab06d092d: start RPC server
2025-05-12 14:03:01,434 [main] INFO  server.GrpcService (GrpcService.java:startImpl(334)) - 5339c1d4-2d68-4465-95a3-e4cab06d092d: GrpcService started, listening on 15004
2025-05-12 14:03:01,435 [JvmPauseMonitor1] INFO  util.JvmPauseMonitor (JvmPauseMonitor.java:run(146)) - JvmPauseMonitor-5339c1d4-2d68-4465-95a3-e4cab06d092d: Started
2025-05-12 14:03:01,440 [main] INFO  ha.SCMHAManagerImpl (SCMHAManagerImpl.java:start(131)) -  scm role is FOLLOWER peers [5339c1d4-2d68-4465-95a3-e4cab06d092d|pkrvmberfyhpb9w:15004]
2025-05-12 14:03:01,440 [main] INFO  ha.InterSCMGrpcService (InterSCMGrpcProtocolService.java:start(98)) - Starting SCM Grpc Service at port 15005
2025-05-12 14:03:01,442 [main] INFO  SCMHATransactionMonitor (BackgroundSCMService.java:start(64)) - Starting SCMHATransactionMonitor Service.
2025-05-12 14:03:01,442 [main] INFO  ha.SCMServiceManager (SCMServiceManager.java:register(42)) - Registering service SCMHATransactionMonitor.
2025-05-12 14:03:01,443 [main] INFO  SCMHATransactionMonitor (BackgroundSCMService.java:start(61)) - SCMHATransactionMonitor Service is already running, skip start.
2025-05-12 14:03:01,477 [main] WARN  impl.MetricsConfig (MetricsConfig.java:loadFirst(138)) - Cannot locate configuration: tried hadoop-metrics2-storagecontainermanager.properties,hadoop-metrics2.properties
2025-05-12 14:03:01,484 [main] INFO  impl.MetricsSystemImpl (MetricsSystemImpl.java:startTimer(378)) - Scheduled Metric snapshot period at 10 second(s).
2025-05-12 14:03:01,485 [main] INFO  impl.MetricsSystemImpl (MetricsSystemImpl.java:start(191)) - StorageContainerManager metrics system started
2025-05-12 14:03:01,601 [main] INFO  server.SCMClientProtocolServer (SCMClientProtocolServer.java:start(207)) - RPC server for Client  is listening at /0.0.0.0:15000
2025-05-12 14:03:01,601 [IPC Server Responder] INFO  ipc.Server (Server.java:run(1713)) - IPC Server Responder: starting
2025-05-12 14:03:01,603 [IPC Server listener on 15000] INFO  ipc.Server (Server.java:run(1553)) - IPC Server listener on 15000: starting
2025-05-12 14:03:01,615 [main] INFO  server.StorageContainerManager (StorageContainerManager.java:start(1520)) - ScmBlockLocationProtocol RPC server is listening at /0.0.0.0:15001
2025-05-12 14:03:01,616 [main] INFO  server.SCMBlockProtocolServer (SCMBlockProtocolServer.java:start(166)) - RPC server for Block Protocol is listening at /0.0.0.0:15001
2025-05-12 14:03:01,617 [IPC Server Responder] INFO  ipc.Server (Server.java:run(1713)) - IPC Server Responder: starting
2025-05-12 14:03:01,617 [IPC Server listener on 15001] INFO  ipc.Server (Server.java:run(1553)) - IPC Server listener on 15001: starting
2025-05-12 14:03:01,639 [main] INFO  http.BaseHttpServer (BaseHttpServer.java:newHttpServer2BuilderForOzone(229)) - Starting Web-server for scm at: http://0.0.0.0:15003
2025-05-12 14:03:01,639 [main] INFO  http.BaseHttpServer (BaseHttpServer.java:<init>(107)) - Hadoop Security Enabled: false Ozone Security Enabled: false Ozone HTTP Security Enabled: false 
2025-05-12 14:03:01,654 [main] INFO  util.log (Log.java:initialized(170)) - Logging initialized @6008ms to org.eclipse.jetty.util.log.Slf4jLog
2025-05-12 14:03:01,706 [main] WARN  server.AuthenticationFilter (AuthenticationFilter.java:constructSecretProvider(240)) - Unable to initialize FileSignerSecretProvider, falling back to use random secrets. Reason: Could not read signature secret file: /home/runner/hadoop-http-auth-signature-secret
2025-05-12 14:03:01,727 [main] INFO  http.HttpServer2 (HttpServer2.java:addGlobalFilter(1042)) - Added global filter 'safety' (class=org.apache.hadoop.hdds.server.http.HttpServer2$QuotingInputFilter)
2025-05-12 14:03:01,728 [main] INFO  http.HttpServer2 (HttpServer2.java:addFilter(1018)) - Added filter static_user_filter (class=org.apache.hadoop.http.lib.StaticUserWebFilter$StaticUserFilter) to context scm
2025-05-12 14:03:01,729 [main] INFO  http.HttpServer2 (HttpServer2.java:addFilter(1026)) - Added filter static_user_filter (class=org.apache.hadoop.http.lib.StaticUserWebFilter$StaticUserFilter) to context static
2025-05-12 14:03:01,729 [main] INFO  http.HttpServer2 (HttpServer2.java:addFilter(1026)) - Added filter static_user_filter (class=org.apache.hadoop.http.lib.StaticUserWebFilter$StaticUserFilter) to context logs
2025-05-12 14:03:01,751 [main] INFO  http.BaseHttpServer (BaseHttpServer.java:<init>(195)) - HTTP server of scm uses base directory /home/runner/work/ozone/ozone/hadoop-ozone/integration-test/target/test-dir/MiniOzoneClusterImpl-93228f78-d735-4ce6-971e-ca8f5c94dbdd/ozone-meta/webserver
2025-05-12 14:03:01,752 [main] INFO  http.HttpServer2 (HttpServer2.java:bindListener(1242)) - Jetty bound to port 15003
2025-05-12 14:03:01,753 [main] INFO  server.Server (Server.java:doStart(375)) - jetty-9.4.57.v20241219; built: 2025-01-08T21:24:30.412Z; git: df524e6b29271c2e09ba9aea83c18dc9db464a31; jvm 21.0.7+6-LTS
2025-05-12 14:03:01,771 [main] INFO  server.session (DefaultSessionIdManager.java:doStart(334)) - DefaultSessionIdManager workerName=node0
2025-05-12 14:03:01,771 [main] INFO  server.session (DefaultSessionIdManager.java:doStart(339)) - No SessionScavenger set, using defaults
2025-05-12 14:03:01,773 [main] INFO  server.session (HouseKeeper.java:startScavenging(132)) - node0 Scavenging every 660000ms
2025-05-12 14:03:01,780 [main] INFO  handler.ContextHandler (ContextHandler.java:doStart(921)) - Started o.e.j.s.ServletContextHandler@1390a415{logs,/logs,file:///home/runner/work/ozone/ozone/hadoop-ozone/integration-test/target/log,AVAILABLE}
2025-05-12 14:03:01,781 [main] INFO  handler.ContextHandler (ContextHandler.java:doStart(921)) - Started o.e.j.s.ServletContextHandler@24b4f4a{static,/static,file:///home/runner/work/ozone/ozone/hadoop-ozone/integration-test/target/test-classes/webapps/static,AVAILABLE}
2025-05-12 14:03:01,811 [main] INFO  handler.ContextHandler (ContextHandler.java:doStart(921)) - Started o.e.j.w.WebAppContext@18ab513d{scm,/,file:///home/runner/work/ozone/ozone/hadoop-ozone/integration-test/target/test-classes/webapps/scm/,AVAILABLE}{file:/home/runner/work/ozone/ozone/hadoop-ozone/integration-test/target/test-classes/webapps/scm}
2025-05-12 14:03:01,816 [main] INFO  server.AbstractConnector (AbstractConnector.java:doStart(333)) - Started ServerConnector@bddac1c{HTTP/1.1, (http/1.1)}{0.0.0.0:15003}
2025-05-12 14:03:01,816 [main] INFO  server.Server (Server.java:doStart(415)) - Started @6170ms
2025-05-12 14:03:01,817 [main] INFO  impl.MetricsSinkAdapter (MetricsSinkAdapter.java:start(204)) - Sink prometheus started
2025-05-12 14:03:01,817 [main] INFO  impl.MetricsSystemImpl (MetricsSystemImpl.java:registerSink(305)) - Registered sink prometheus
2025-05-12 14:03:01,818 [main] INFO  http.BaseHttpServer (BaseHttpServer.java:updateConnectorAddress(359)) - HTTP server of scm listening at http://0.0.0.0:15003
2025-05-12 14:03:01,823 [main] WARN  server.ServerUtils (ServerUtils.java:getDBPath(292)) - ozone.om.db.dirs is not configured. We recommend adding this setting. Falling back to ozone.metadata.dirs instead.
2025-05-12 14:03:01,871 [main] INFO  audit.AuditLogger (AuditLogger.java:refreshDebugCmdSet(133)) - Refresh DebugCmdSet for OMAudit to [].
2025-05-12 14:03:01,887 [main] INFO  audit.AuditLogger (AuditLogger.java:refreshDebugCmdSet(133)) - Refresh DebugCmdSet for OMSystemAudit to [].
2025-05-12 14:03:01,923 [main] INFO  ha.OMHANodeDetails (OMHANodeDetails.java:loadOMHAConfig(113)) - ozone.om.internal.service.id is not defined, falling back to ozone.om.service.ids to find serviceID for OzoneManager if it is HA enabled cluster
2025-05-12 14:03:01,926 [main] INFO  ha.OMHANodeDetails (OMHANodeDetails.java:loadOMHAConfig(224)) - Configuration does not have ozone.om.address set. Falling back to the default OM address /127.0.0.1:15006
2025-05-12 14:03:01,926 [main] INFO  ha.OMHANodeDetails (OMHANodeDetails.java:getOMNodeDetailsForNonHA(252)) - OM Service ID is not set. Setting it to the default ID: omServiceIdDefault
2025-05-12 14:03:01,926 [main] INFO  ha.OMHANodeDetails (OMHANodeDetails.java:getOMNodeDetailsForNonHA(259)) - OM Node ID is not set. Setting it to the default ID: om1
2025-05-12 14:03:01,929 [main] WARN  server.ServerUtils (ServerUtils.java:getDBPath(292)) - ozone.om.db.dirs is not configured. We recommend adding this setting. Falling back to ozone.metadata.dirs instead.
2025-05-12 14:03:01,933 [main] INFO  upgrade.AbstractLayoutVersionManager (AbstractLayoutVersionManager.java:init(80)) - Initializing Layout version manager with metadata layout = DELEGATION_TOKEN_SYMMETRIC_SIGN (version = 8), software layout = DELEGATION_TOKEN_SYMMETRIC_SIGN (version = 8)
2025-05-12 14:03:02,042 [main] INFO  reflections.Reflections (Reflections.java:scan(219)) - Reflections took 107 ms to scan 2 urls, producing 207 keys and 618 values
2025-05-12 14:03:02,046 [main] INFO  upgrade.OMLayoutVersionManager (OMLayoutVersionManager.java:lambda$0(110)) - Skipping Upgrade Action QuotaRepairUpgradeAction since it has been finalized.
2025-05-12 14:03:02,047 [main] INFO  upgrade.OMLayoutVersionManager (OMLayoutVersionManager.java:lambda$0(110)) - Skipping Upgrade Action MockOmUpgradeAction since it has been finalized.
2025-05-12 14:03:02,049 [main] WARN  server.ServerUtils (ServerUtils.java:getDBPath(292)) - ozone.om.db.dirs is not configured. We recommend adding this setting. Falling back to ozone.metadata.dirs instead.
2025-05-12 14:03:02,056 [main] INFO  om.OzoneManager (OzoneManager.java:setReplicationFromConfig(4596)) - Set default replication in OM: RATIS/3 -> RATIS/THREE
2025-05-12 14:03:02,073 [main] INFO  proxy.SCMContainerLocationFailoverProxyProvider (SCMFailoverProxyProviderBase.java:<init>(120)) - Created fail-over proxy for protocol StorageContainerLocationProtocolPB with 1 nodes: [nodeId=scmNodeId,nodeAddress=/0.0.0.0:15000]
2025-05-12 14:03:02,109 [main] INFO  proxy.SCMBlockLocationFailoverProxyProvider (SCMFailoverProxyProviderBase.java:<init>(120)) - Created fail-over proxy for protocol ScmBlockLocationProtocolPB with 1 nodes: [nodeId=scmNodeId,nodeAddress=/0.0.0.0:15001]
2025-05-12 14:03:02,124 [main] INFO  proxy.SCMBlockLocationFailoverProxyProvider (SCMFailoverProxyProviderBase.java:<init>(120)) - Created fail-over proxy for protocol ScmBlockLocationProtocolPB with 1 nodes: [nodeId=scmNodeId,nodeAddress=/0.0.0.0:15001]
2025-05-12 14:03:02,561 [5339c1d4-2d68-4465-95a3-e4cab06d092d@group-CA8F5C94DBDD-FollowerState] INFO  impl.FollowerState (FollowerState.java:runImpl(161)) - 5339c1d4-2d68-4465-95a3-e4cab06d092d@group-CA8F5C94DBDD-FollowerState: change to CANDIDATE, lastRpcElapsedTime:1133217802ns, electionTimeout:1132ms
2025-05-12 14:03:02,562 [5339c1d4-2d68-4465-95a3-e4cab06d092d@group-CA8F5C94DBDD-FollowerState] INFO  impl.RoleInfo (RoleInfo.java:shutdownFollowerState(121)) - 5339c1d4-2d68-4465-95a3-e4cab06d092d: shutdown 5339c1d4-2d68-4465-95a3-e4cab06d092d@group-CA8F5C94DBDD-FollowerState
2025-05-12 14:03:02,562 [5339c1d4-2d68-4465-95a3-e4cab06d092d@group-CA8F5C94DBDD-FollowerState] INFO  server.RaftServer$Division (RaftServerImpl.java:setRole(378)) - 5339c1d4-2d68-4465-95a3-e4cab06d092d@group-CA8F5C94DBDD: changes role from  FOLLOWER to CANDIDATE at term 1 for changeToCandidate
2025-05-12 14:03:02,562 [5339c1d4-2d68-4465-95a3-e4cab06d092d@group-CA8F5C94DBDD-FollowerState] INFO  server.RaftServerConfigKeys (ConfUtils.java:logGet(46)) - raft.server.leaderelection.pre-vote = true (default)
2025-05-12 14:03:02,562 [5339c1d4-2d68-4465-95a3-e4cab06d092d@group-CA8F5C94DBDD-FollowerState] INFO  impl.RoleInfo (RoleInfo.java:updateAndGet(148)) - 5339c1d4-2d68-4465-95a3-e4cab06d092d: start 5339c1d4-2d68-4465-95a3-e4cab06d092d@group-CA8F5C94DBDD-LeaderElection2
2025-05-12 14:03:02,563 [5339c1d4-2d68-4465-95a3-e4cab06d092d@group-CA8F5C94DBDD-LeaderElection2] INFO  impl.LeaderElection (LeaderElection.java:askForVotes(332)) - 5339c1d4-2d68-4465-95a3-e4cab06d092d@group-CA8F5C94DBDD-LeaderElection2 PRE_VOTE round 0: submit vote requests at term 1 for conf: {index: 0, cur=peers:[5339c1d4-2d68-4465-95a3-e4cab06d092d|pkrvmberfyhpb9w:15004]|listeners:[], old=null}
2025-05-12 14:03:02,563 [5339c1d4-2d68-4465-95a3-e4cab06d092d@group-CA8F5C94DBDD-LeaderElection2] INFO  impl.LeaderElection (LeaderElection.java:askForVotes(334)) - 5339c1d4-2d68-4465-95a3-e4cab06d092d@group-CA8F5C94DBDD-LeaderElection2 PRE_VOTE round 0: result PASSED (term=1)
2025-05-12 14:03:02,566 [5339c1d4-2d68-4465-95a3-e4cab06d092d@group-CA8F5C94DBDD-LeaderElection2] INFO  impl.LeaderElection (LeaderElection.java:askForVotes(332)) - 5339c1d4-2d68-4465-95a3-e4cab06d092d@group-CA8F5C94DBDD-LeaderElection2 ELECTION round 0: submit vote requests at term 2 for conf: {index: 0, cur=peers:[5339c1d4-2d68-4465-95a3-e4cab06d092d|pkrvmberfyhpb9w:15004]|listeners:[], old=null}
2025-05-12 14:03:02,566 [5339c1d4-2d68-4465-95a3-e4cab06d092d@group-CA8F5C94DBDD-LeaderElection2] INFO  impl.LeaderElection (LeaderElection.java:askForVotes(334)) - 5339c1d4-2d68-4465-95a3-e4cab06d092d@group-CA8F5C94DBDD-LeaderElection2 ELECTION round 0: result PASSED (term=2)
2025-05-12 14:03:02,566 [5339c1d4-2d68-4465-95a3-e4cab06d092d@group-CA8F5C94DBDD-LeaderElection2] INFO  impl.RoleInfo (RoleInfo.java:shutdownLeaderElection(141)) - 5339c1d4-2d68-4465-95a3-e4cab06d092d: shutdown 5339c1d4-2d68-4465-95a3-e4cab06d092d@group-CA8F5C94DBDD-LeaderElection2
2025-05-12 14:03:02,566 [5339c1d4-2d68-4465-95a3-e4cab06d092d@group-CA8F5C94DBDD-LeaderElection2] INFO  server.RaftServer$Division (RaftServerImpl.java:setRole(378)) - 5339c1d4-2d68-4465-95a3-e4cab06d092d@group-CA8F5C94DBDD: changes role from CANDIDATE to LEADER at term 2 for changeToLeader
2025-05-12 14:03:02,566 [5339c1d4-2d68-4465-95a3-e4cab06d092d@group-CA8F5C94DBDD-LeaderElection2] INFO  server.RaftServerConfigKeys (ConfUtils.java:logGet(46)) - raft.server.staging.catchup.gap = 1000 (default)
2025-05-12 14:03:02,566 [5339c1d4-2d68-4465-95a3-e4cab06d092d@group-CA8F5C94DBDD-LeaderElection2] INFO  server.RaftServerConfigKeys (ConfUtils.java:logGet(46)) - raft.server.write.element-limit = 4096 (default)
2025-05-12 14:03:02,567 [5339c1d4-2d68-4465-95a3-e4cab06d092d@group-CA8F5C94DBDD-LeaderElection2] INFO  server.RaftServerConfigKeys (ConfUtils.java:logGet(46)) - raft.server.write.byte-limit = 64MB (=67108864) (default)
2025-05-12 14:03:02,567 [5339c1d4-2d68-4465-95a3-e4cab06d092d@group-CA8F5C94DBDD-LeaderElection2] INFO  server.RaftServerConfigKeys (ConfUtils.java:logGet(46)) - raft.server.watch.timeout = 10s (default)
2025-05-12 14:03:02,567 [5339c1d4-2d68-4465-95a3-e4cab06d092d@group-CA8F5C94DBDD-LeaderElection2] INFO  server.RaftServerConfigKeys (ConfUtils.java:logGet(46)) - raft.server.watch.timeout.denomination = 1s (default)
2025-05-12 14:03:02,567 [5339c1d4-2d68-4465-95a3-e4cab06d092d@group-CA8F5C94DBDD-LeaderElection2] INFO  server.RaftServerConfigKeys (ConfUtils.java:logGet(46)) - raft.server.watch.element-limit = 65536 (default)
2025-05-12 14:03:02,568 [5339c1d4-2d68-4465-95a3-e4cab06d092d@group-CA8F5C94DBDD-LeaderElection2] INFO  server.RaftServerConfigKeys (ConfUtils.java:logGet(46)) - raft.server.read.leader.lease.enabled = false (default)
2025-05-12 14:03:02,568 [5339c1d4-2d68-4465-95a3-e4cab06d092d@group-CA8F5C94DBDD-LeaderElection2] INFO  server.RaftServerConfigKeys (ConfUtils.java:logGet(46)) - raft.server.read.leader.lease.timeout.ratio = 0.9 (default)
2025-05-12 14:03:02,568 [5339c1d4-2d68-4465-95a3-e4cab06d092d@group-CA8F5C94DBDD-LeaderElection2] INFO  server.RaftServerConfigKeys (ConfUtils.java:logGet(46)) - raft.server.rpc.timeout.min = 5000ms (custom)
2025-05-12 14:03:02,569 [5339c1d4-2d68-4465-95a3-e4cab06d092d@group-CA8F5C94DBDD-LeaderElection2] INFO  server.RaftServerConfigKeys (ConfUtils.java:logGet(46)) - raft.server.log.log-metadata.enabled = true (default)
2025-05-12 14:03:02,569 [5339c1d4-2d68-4465-95a3-e4cab06d092d@group-CA8F5C94DBDD-LeaderElection2] INFO  server.RaftServerConfigKeys (ConfUtils.java:logGet(46)) - raft.server.write.element-limit = 4096 (default)
2025-05-12 14:03:02,569 [5339c1d4-2d68-4465-95a3-e4cab06d092d@group-CA8F5C94DBDD-LeaderElection2] INFO  server.RaftServerConfigKeys (ConfUtils.java:logGet(46)) - raft.server.write.follower.gap.ratio.max = -1.0 (default)
2025-05-12 14:03:02,569 [5339c1d4-2d68-4465-95a3-e4cab06d092d@group-CA8F5C94DBDD-LeaderElection2] INFO  impl.RoleInfo (RoleInfo.java:updateAndGet(148)) - 5339c1d4-2d68-4465-95a3-e4cab06d092d: start 5339c1d4-2d68-4465-95a3-e4cab06d092d@group-CA8F5C94DBDD-LeaderStateImpl
2025-05-12 14:03:02,569 [5339c1d4-2d68-4465-95a3-e4cab06d092d@group-CA8F5C94DBDD-LeaderElection2] INFO  server.RaftServer$Division (RaftServerImpl.java:setFirstElection(562)) - 5339c1d4-2d68-4465-95a3-e4cab06d092d@group-CA8F5C94DBDD: set firstElectionSinceStartup to false for becomeLeader
2025-05-12 14:03:02,569 [5339c1d4-2d68-4465-95a3-e4cab06d092d@group-CA8F5C94DBDD-LeaderElection2] INFO  ha.SCMStateMachine (SCMStateMachine.java:notifyLeaderChanged(291)) - current SCM becomes leader of term 2.
2025-05-12 14:03:02,569 [5339c1d4-2d68-4465-95a3-e4cab06d092d@group-CA8F5C94DBDD-LeaderElection2] INFO  ha.SCMContext (SCMContext.java:updateLeaderAndTerm(95)) - update <isLeader,term> from <false,0> to <true,2>
2025-05-12 14:03:02,571 [5339c1d4-2d68-4465-95a3-e4cab06d092d@group-CA8F5C94DBDD-LeaderElection2] INFO  server.RaftServer$Division (ServerState.java:setLeader(272)) - 5339c1d4-2d68-4465-95a3-e4cab06d092d@group-CA8F5C94DBDD: change Leader from null to 5339c1d4-2d68-4465-95a3-e4cab06d092d at term 2 for becomeLeader, leader elected after 1932ms
2025-05-12 14:03:02,571 [5339c1d4-2d68-4465-95a3-e4cab06d092d@group-CA8F5C94DBDD-LeaderElection2] INFO  segmented.SegmentedRaftLogWorker (SegmentedRaftLogWorker.java:rollLogSegment(443)) - 5339c1d4-2d68-4465-95a3-e4cab06d092d@group-CA8F5C94DBDD-SegmentedRaftLogWorker: Rolling segment log-0_0 to index:0
2025-05-12 14:03:02,572 [5339c1d4-2d68-4465-95a3-e4cab06d092d@group-CA8F5C94DBDD-LeaderElection2] INFO  server.RaftServer$Division (ServerState.java:setRaftConf(386)) - 5339c1d4-2d68-4465-95a3-e4cab06d092d@group-CA8F5C94DBDD: set configuration conf: {index: 1, cur=peers:[5339c1d4-2d68-4465-95a3-e4cab06d092d|pkrvmberfyhpb9w:15004]|listeners:[], old=null}
2025-05-12 14:03:02,572 [5339c1d4-2d68-4465-95a3-e4cab06d092d@group-CA8F5C94DBDD-SegmentedRaftLogWorker] INFO  segmented.SegmentedRaftLogWorker (SegmentedRaftLogWorker.java:execute(601)) - 5339c1d4-2d68-4465-95a3-e4cab06d092d@group-CA8F5C94DBDD-SegmentedRaftLogWorker: Rolled log segment from /home/runner/work/ozone/ozone/hadoop-ozone/integration-test/target/test-dir/MiniOzoneClusterImpl-93228f78-d735-4ce6-971e-ca8f5c94dbdd/ozone-meta/scm-ha/93228f78-d735-4ce6-971e-ca8f5c94dbdd/current/log_inprogress_0 to /home/runner/work/ozone/ozone/hadoop-ozone/integration-test/target/test-dir/MiniOzoneClusterImpl-93228f78-d735-4ce6-971e-ca8f5c94dbdd/ozone-meta/scm-ha/93228f78-d735-4ce6-971e-ca8f5c94dbdd/current/log_0-0
2025-05-12 14:03:02,574 [5339c1d4-2d68-4465-95a3-e4cab06d092d@group-CA8F5C94DBDD-SegmentedRaftLogWorker] INFO  segmented.BufferedWriteChannel (BufferedWriteChannel.java:open(61)) - open log_inprogress_1 at position 0
2025-05-12 14:03:02,582 [5339c1d4-2d68-4465-95a3-e4cab06d092d@group-CA8F5C94DBDD-SegmentedRaftLogWorker] INFO  segmented.SegmentedRaftLogWorker (SegmentedRaftLogWorker.java:execute(644)) - 5339c1d4-2d68-4465-95a3-e4cab06d092d@group-CA8F5C94DBDD-SegmentedRaftLogWorker: created new log segment /home/runner/work/ozone/ozone/hadoop-ozone/integration-test/target/test-dir/MiniOzoneClusterImpl-93228f78-d735-4ce6-971e-ca8f5c94dbdd/ozone-meta/scm-ha/93228f78-d735-4ce6-971e-ca8f5c94dbdd/current/log_inprogress_1
2025-05-12 14:03:02,587 [5339c1d4-2d68-4465-95a3-e4cab06d092d@group-CA8F5C94DBDD-StateMachineUpdater] INFO  server.RaftServer$Division (LeaderStateImpl.java:checkStartIndex(313)) - Leader 5339c1d4-2d68-4465-95a3-e4cab06d092d@group-CA8F5C94DBDD-LeaderStateImpl is ready since appliedIndex == startIndex == 1
2025-05-12 14:03:02,587 [5339c1d4-2d68-4465-95a3-e4cab06d092d@group-CA8F5C94DBDD-StateMachineUpdater] INFO  ha.SCMContext (SCMContext.java:setLeaderReady(122)) - update <isLeaderReady> from <false> to <true>
2025-05-12 14:03:02,587 [5339c1d4-2d68-4465-95a3-e4cab06d092d@group-CA8F5C94DBDD-StateMachineUpdater] INFO  pipeline.BackgroundPipelineCreator (BackgroundPipelineCreator.java:notifyStatusChanged(268)) - Service BackgroundPipelineCreator transitions to RUNNING.
2025-05-12 14:03:02,588 [5339c1d4-2d68-4465-95a3-e4cab06d092d@group-CA8F5C94DBDD-StateMachineUpdater] INFO  safemode.RatisContainerSafeModeRule (RatisContainerSafeModeRule.java:initializeRule(160)) - Refreshed Containers with one replica threshold count 0.
2025-05-12 14:03:02,588 [5339c1d4-2d68-4465-95a3-e4cab06d092d@group-CA8F5C94DBDD-StateMachineUpdater] INFO  safemode.HealthyPipelineSafeModeRule (HealthyPipelineSafeModeRule.java:initializeRule(173)) - Refreshed total pipeline count is 0, healthy pipeline threshold count is 1
2025-05-12 14:03:02,588 [5339c1d4-2d68-4465-95a3-e4cab06d092d@group-CA8F5C94DBDD-StateMachineUpdater] INFO  safemode.ECContainerSafeModeRule (ECContainerSafeModeRule.java:initializeRule(205)) - Refreshed Containers with ec n replica threshold count 0.
2025-05-12 14:03:02,588 [5339c1d4-2d68-4465-95a3-e4cab06d092d@group-CA8F5C94DBDD-StateMachineUpdater] INFO  safemode.OneReplicaPipelineSafeModeRule (OneReplicaPipelineSafeModeRule.java:initializeRule(186)) - Refreshed Total pipeline count is 0, pipeline's with at least one datanode reported threshold count is 0
2025-05-12 14:03:02,588 [5339c1d4-2d68-4465-95a3-e4cab06d092d@group-CA8F5C94DBDD-StateMachineUpdater] INFO  server.SCMDatanodeProtocolServer (SCMDatanodeProtocolServer.java:start(193)) - ScmDatanodeProtocol RPC server for DataNodes is listening at /0.0.0.0:15002
2025-05-12 14:03:02,589 [IPC Server Responder] INFO  ipc.Server (Server.java:run(1713)) - IPC Server Responder: starting
2025-05-12 14:03:02,589 [IPC Server listener on 15002] INFO  ipc.Server (Server.java:run(1553)) - IPC Server listener on 15002: starting
2025-05-12 14:03:04,315 [main] INFO  om.OzoneManager (OzoneManager.java:<init>(670)) - OM start with adminUsers: [runner]
2025-05-12 14:03:04,329 [main] WARN  server.ServerUtils (ServerUtils.java:getDBPath(292)) - ozone.om.db.dirs is not configured. We recommend adding this setting. Falling back to ozone.metadata.dirs instead.
2025-05-12 14:03:04,581 [main] INFO  om.OzoneManager (OzoneManager.java:instantiateServices(914)) - S3 Multi-Tenancy is disabled
2025-05-12 14:03:04,609 [main] INFO  om.OmSnapshotManager (OmSnapshotManager.java:<init>(187)) - Ozone filesystem snapshot feature is enabled.
2025-05-12 14:03:04,619 [main] WARN  server.ServerUtils (ServerUtils.java:getDBPath(292)) - ozone.om.snapshot.diff.db.dir is not configured. We recommend adding this setting. Falling back to ozone.metadata.dirs instead.
2025-05-12 14:03:04,669 [main] INFO  utils.NativeLibraryLoader (NativeLibraryLoader.java:loadLibrary(120)) - Loading Library: ozone_rocksdb_tools
2025-05-12 14:03:04,829 [main] INFO  om.OzoneManager (OzoneManager.java:addS3GVolumeToDB(4654)) - Created Volume s3v With Owner runner required for S3Gateway operations.
2025-05-12 14:03:04,876 [main] WARN  server.ServerUtils (ServerUtils.java:getDefaultRatisDirectory(304)) - Storage directory for Ratis is not configured. It is a good idea to map this to an SSD disk. Falling back to ozone.metadata.dirs
2025-05-12 14:03:04,877 [main] WARN  utils.OzoneManagerRatisUtils (OzoneManagerRatisUtils.java:getOMRatisSnapshotDirectory(488)) - ozone.om.ratis.snapshot.dir is not configured. Falling back to ozone.metadata.dirs config
2025-05-12 14:03:04,880 [main] WARN  dropwizard3.Dm3MetricRegistriesImpl (Dm3MetricRegistriesImpl.java:addReporterRegistration(114)) - New reporters are added after registries were created. Some metrics will be missing from the reporter. Please add reporter before adding any new registry.
2025-05-12 14:03:04,881 [main] WARN  dropwizard3.Dm3MetricRegistriesImpl (Dm3MetricRegistriesImpl.java:addReporterRegistration(114)) - New reporters are added after registries were created. Some metrics will be missing from the reporter. Please add reporter before adding any new registry.
2025-05-12 14:03:04,881 [main] WARN  server.ServerUtils (ServerUtils.java:getDefaultRatisDirectory(304)) - Storage directory for Ratis is not configured. It is a good idea to map this to an SSD disk. Falling back to ozone.metadata.dirs
2025-05-12 14:03:04,882 [main] INFO  server.RaftServerConfigKeys (ConfUtils.java:logGet(46)) - raft.server.log.appender.buffer.byte-limit = 4194304 (custom)
2025-05-12 14:03:04,884 [main] INFO  ratis.OzoneManagerRatisServer (OzoneManagerRatisServer.java:<init>(167)) - Instantiating OM Ratis server with groupID: omServiceIdDefault and peers: localhost:15009
2025-05-12 14:03:04,887 [main] INFO  ratis.OzoneManagerStateMachine (OzoneManagerStateMachine.java:loadSnapshotInfoFromDB(618)) - TransactionInfo not found in OM DB.
2025-05-12 14:03:04,918 [main] INFO  server.RaftServer (ConfUtils.java:logGet(46)) - raft.rpc.type = GRPC (default)
2025-05-12 14:03:04,918 [main] INFO  grpc.GrpcConfigKeys (ConfUtils.java:logFallback(53)) - raft.grpc.admin.host = null (fallback to raft.grpc.server.host)
2025-05-12 14:03:04,918 [main] INFO  grpc.GrpcConfigKeys (ConfUtils.java:logFallback(53)) - raft.grpc.admin.port = 15009 (fallback to raft.grpc.server.port)
2025-05-12 14:03:04,919 [main] INFO  grpc.GrpcConfigKeys (ConfUtils.java:logFallback(53)) - raft.grpc.client.host = null (fallback to raft.grpc.server.host)
2025-05-12 14:03:04,919 [main] INFO  grpc.GrpcConfigKeys (ConfUtils.java:logFallback(53)) - raft.grpc.client.port = 15009 (fallback to raft.grpc.server.port)
2025-05-12 14:03:04,919 [main] INFO  grpc.GrpcConfigKeys (ConfUtils.java:logGet(46)) - raft.grpc.server.host = null (default)
2025-05-12 14:03:04,919 [main] INFO  grpc.GrpcConfigKeys (ConfUtils.java:logGet(46)) - raft.grpc.server.port = 15009 (custom)
2025-05-12 14:03:04,919 [main] INFO  server.GrpcService (ConfUtils.java:logGet(46)) - raft.grpc.message.size.max = 5242880 (custom)
2025-05-12 14:03:04,919 [main] INFO  server.GrpcService (ConfUtils.java:logGet(46)) - raft.grpc.flow.control.window = 1MB (=1048576) (default)
2025-05-12 14:03:04,920 [main] INFO  server.RaftServerConfigKeys (ConfUtils.java:logGet(46)) - raft.server.rpc.request.timeout = 3000ms (default)
2025-05-12 14:03:04,920 [main] INFO  grpc.GrpcConfigKeys (ConfUtils.java:logGet(46)) - raft.grpc.server.heartbeat.channel = true (default)
2025-05-12 14:03:04,920 [main] INFO  server.RaftServerConfigKeys (ConfUtils.java:logGet(46)) - raft.server.log.appender.buffer.byte-limit = 4194304 (custom)
2025-05-12 14:03:04,920 [main] INFO  grpc.GrpcConfigKeys (ConfUtils.java:logGet(46)) - raft.grpc.server.async.request.thread.pool.cached = true (default)
2025-05-12 14:03:04,920 [main] INFO  grpc.GrpcConfigKeys (ConfUtils.java:logGet(46)) - raft.grpc.server.async.request.thread.pool.size = 32 (default)
2025-05-12 14:03:04,921 [main] INFO  impl.DataStreamServerImpl (ConfUtils.java:logGet(46)) - raft.datastream.type = DISABLED (default)
2025-05-12 14:03:04,921 [main] INFO  server.RaftServerConfigKeys (ConfUtils.java:logGet(46)) - raft.server.sleep.deviation.threshold = 300ms (default)
2025-05-12 14:03:04,921 [main] INFO  server.RaftServerConfigKeys (ConfUtils.java:logGet(46)) - raft.server.close.threshold = 60s (default)
2025-05-12 14:03:04,922 [main] INFO  server.RaftServerConfigKeys (ConfUtils.java:logGet(46)) - raft.server.leaderelection.leader.step-down.wait-time = 10s (default)
2025-05-12 14:03:04,922 [main] INFO  server.RaftServerConfigKeys (ConfUtils.java:logGet(46)) - raft.server.storage.dir = [/home/runner/work/ozone/ozone/hadoop-ozone/integration-test/target/test-dir/MiniOzoneClusterImpl-93228f78-d735-4ce6-971e-ca8f5c94dbdd/ozone-meta/ratis] (custom)
2025-05-12 14:03:04,922 [main] INFO  server.RaftServerConfigKeys (ConfUtils.java:logGet(46)) - raft.server.threadpool.proxy.cached = true (default)
2025-05-12 14:03:04,922 [main] INFO  server.RaftServerConfigKeys (ConfUtils.java:logGet(46)) - raft.server.threadpool.proxy.size = 0 (default)
2025-05-12 14:03:04,923 [main] INFO  server.RaftServer (RaftServerProxy.java:addNew(100)) - om1: addNew group-C5BA1605619E:[om1|localhost:15009] returns group-C5BA1605619E:java.util.concurrent.CompletableFuture@1a2454b0[Not completed]
2025-05-12 14:03:04,924 [main] INFO  om.OzoneManager (OzoneManager.java:initializeRatisServer(2284)) - OzoneManager Ratis server initialized at port 15009
2025-05-12 14:03:04,924 [om1-groupManagement] INFO  server.RaftServer$Division (RaftServerImpl.java:<init>(255)) - om1: new RaftServerImpl for group-C5BA1605619E:[om1|localhost:15009] with OzoneManagerStateMachine:uninitialized
2025-05-12 14:03:04,925 [om1-groupManagement] INFO  server.RaftServerConfigKeys (ConfUtils.java:logGet(46)) - raft.server.rpc.timeout.min = 1s (custom)
2025-05-12 14:03:04,925 [om1-groupManagement] INFO  server.RaftServerConfigKeys (ConfUtils.java:logGet(46)) - raft.server.rpc.timeout.max = 1200ms (custom)
2025-05-12 14:03:04,925 [om1-groupManagement] INFO  server.RaftServerConfigKeys (ConfUtils.java:logGet(46)) - raft.server.rpc.sleep.time = 25ms (default)
2025-05-12 14:03:04,926 [om1-groupManagement] INFO  server.RaftServerConfigKeys (ConfUtils.java:logGet(46)) - raft.server.rpc.slowness.timeout = 120s (custom)
2025-05-12 14:03:04,926 [om1-groupManagement] INFO  server.RaftServerConfigKeys (ConfUtils.java:logGet(46)) - raft.server.leaderelection.leader.step-down.wait-time = 10s (default)
2025-05-12 14:03:04,926 [om1-groupManagement] INFO  server.RaftServerConfigKeys (ConfUtils.java:logGet(46)) - raft.server.leaderelection.member.majority-add = false (default)
2025-05-12 14:03:04,926 [om1-groupManagement] INFO  server.RaftServerConfigKeys (ConfUtils.java:logGet(46)) - raft.server.sleep.deviation.threshold = 300ms (default)
2025-05-12 14:03:04,926 [om1-groupManagement] INFO  server.RaftServer$Division (ServerState.java:<init>(114)) - om1@group-C5BA1605619E: ConfigurationManager, init=conf: {index: -1, cur=peers:[om1|localhost:15009]|listeners:[], old=null}, confs=<EMPTY_MAP>
2025-05-12 14:03:04,926 [om1-groupManagement] INFO  server.RaftServerConfigKeys (ConfUtils.java:logGet(46)) - raft.server.notification.no-leader.timeout = 120s (custom)
2025-05-12 14:03:04,926 [om1-groupManagement] INFO  server.RaftServerConfigKeys (ConfUtils.java:logGet(46)) - raft.server.read.timeout = 10s (default)
2025-05-12 14:03:04,927 [om1-groupManagement] INFO  server.RaftServerConfigKeys (ConfUtils.java:logGet(46)) - raft.server.retrycache.expirytime = 300s (custom)
2025-05-12 14:03:04,927 [om1-groupManagement] INFO  server.RaftServerConfigKeys (ConfUtils.java:logGet(46)) - raft.server.retrycache.statistics.expirytime = 100ms (default)
2025-05-12 14:03:04,928 [om1-groupManagement] INFO  server.RaftServerConfigKeys (ConfUtils.java:logGet(46)) - raft.server.read.option = DEFAULT (default)
2025-05-12 14:03:04,928 [om1-groupManagement] INFO  server.RaftServerConfigKeys (ConfUtils.java:logGet(46)) - raft.server.read.read-after-write-consistent.write-index-cache.expiry-time = 60s (default)
2025-05-12 14:03:04,931 [main] INFO  om.OzoneManager (OzoneManager.java:getRpcServer(1340)) - Creating RPC Server
2025-05-12 14:03:04,936 [om1-groupManagement] INFO  server.RaftServerConfigKeys (ConfUtils.java:logGet(46)) - raft.server.rpc.request.timeout = 3000ms (default)
2025-05-12 14:03:04,936 [om1-groupManagement] INFO  server.RaftServerConfigKeys (ConfUtils.java:logGet(46)) - raft.server.log.appender.install.snapshot.enabled = false (custom)
2025-05-12 14:03:04,936 [om1-groupManagement] INFO  server.RaftServerConfigKeys (ConfUtils.java:logGet(46)) - raft.server.threadpool.server.cached = true (default)
2025-05-12 14:03:04,937 [om1-groupManagement] INFO  server.RaftServerConfigKeys (ConfUtils.java:logGet(46)) - raft.server.threadpool.server.size = 0 (default)
2025-05-12 14:03:04,937 [om1-groupManagement] INFO  server.RaftServerConfigKeys (ConfUtils.java:logGet(46)) - raft.server.threadpool.client.cached = true (default)
2025-05-12 14:03:04,937 [om1-groupManagement] INFO  server.RaftServerConfigKeys (ConfUtils.java:logGet(46)) - raft.server.threadpool.client.size = 0 (default)
2025-05-12 14:03:05,919 [main] INFO  reflections.Reflections (Reflections.java:scan(219)) - Reflections took 956 ms to scan 24 urls, producing 60 keys and 7515 values
2025-05-12 14:03:06,083 [main] INFO  ipc.CallQueueManager (CallQueueManager.java:<init>(93)) - Using callQueue: class java.util.concurrent.LinkedBlockingQueue, queueCapacity: 2000, scheduler: class org.apache.hadoop.ipc.DefaultRpcScheduler, ipcBackoff: false, ipcFailOver: false.
2025-05-12 14:03:06,084 [main] INFO  ipc.Server (Server.java:<init>(1438)) - Listener at 127.0.0.1:15006
2025-05-12 14:03:06,084 [Socket Reader #1 for port 15006] INFO  ipc.Server (Server.java:run(1474)) - Starting Socket Reader #1 for port 15006
2025-05-12 14:03:06,085 [Socket Reader #3 for port 15006] INFO  ipc.Server (Server.java:run(1474)) - Starting Socket Reader #3 for port 15006
2025-05-12 14:03:06,085 [Socket Reader #2 for port 15006] INFO  ipc.Server (Server.java:run(1474)) - Starting Socket Reader #2 for port 15006
2025-05-12 14:03:06,086 [Socket Reader #4 for port 15006] INFO  ipc.Server (Server.java:run(1474)) - Starting Socket Reader #4 for port 15006
2025-05-12 14:03:06,086 [Socket Reader #5 for port 15006] INFO  ipc.Server (Server.java:run(1474)) - Starting Socket Reader #5 for port 15006
2025-05-12 14:03:06,086 [Socket Reader #6 for port 15006] INFO  ipc.Server (Server.java:run(1474)) - Starting Socket Reader #6 for port 15006
2025-05-12 14:03:06,087 [Socket Reader #7 for port 15006] INFO  ipc.Server (Server.java:run(1474)) - Starting Socket Reader #7 for port 15006
2025-05-12 14:03:06,087 [Socket Reader #8 for port 15006] INFO  ipc.Server (Server.java:run(1474)) - Starting Socket Reader #8 for port 15006
2025-05-12 14:03:06,088 [Socket Reader #9 for port 15006] INFO  ipc.Server (Server.java:run(1474)) - Starting Socket Reader #9 for port 15006
2025-05-12 14:03:06,088 [Socket Reader #10 for port 15006] INFO  ipc.Server (Server.java:run(1474)) - Starting Socket Reader #10 for port 15006
2025-05-12 14:03:06,120 [main] INFO  impl.MetricsSystemImpl (MetricsSystemImpl.java:init(158)) - OzoneManager metrics system started (again)
2025-05-12 14:03:06,130 [main] INFO  om.OzoneManager (OzoneManager.java:start(1768)) - OzoneManager RPC server is listening at localhost/127.0.0.1:15006
2025-05-12 14:03:06,131 [main] INFO  ratis.OzoneManagerRatisServer (OzoneManagerRatisServer.java:start(628)) - Starting OzoneManagerRatisServer om1 at port 15009
2025-05-12 14:03:06,131 [om1-impl-thread1] INFO  server.RaftServerConfigKeys (ConfUtils.java:logGet(46)) - raft.server.storage.free-space.min = 0MB (=0) (default)
2025-05-12 14:03:06,131 [om1-impl-thread1] INFO  server.RaftServerConfigKeys (ConfUtils.java:logGet(46)) - raft.server.log.corruption.policy = EXCEPTION (default)
2025-05-12 14:03:06,131 [om1-impl-thread1] INFO  server.RaftServerConfigKeys (ConfUtils.java:logGet(46)) - raft.server.storage.dir = [/home/runner/work/ozone/ozone/hadoop-ozone/integration-test/target/test-dir/MiniOzoneClusterImpl-93228f78-d735-4ce6-971e-ca8f5c94dbdd/ozone-meta/ratis] (custom)
2025-05-12 14:03:06,132 [om1-impl-thread1] INFO  storage.RaftStorageDirectory (RaftStorageDirectoryImpl.java:analyzeStorage(138)) - The storage directory /home/runner/work/ozone/ozone/hadoop-ozone/integration-test/target/test-dir/MiniOzoneClusterImpl-93228f78-d735-4ce6-971e-ca8f5c94dbdd/ozone-meta/ratis/bf265839-605b-3f16-9796-c5ba1605619e does not exist. Creating ...
2025-05-12 14:03:06,133 [om1-impl-thread1] INFO  storage.RaftStorageDirectory (RaftStorageDirectoryImpl.java:tryLock(229)) - Lock on /home/runner/work/ozone/ozone/hadoop-ozone/integration-test/target/test-dir/MiniOzoneClusterImpl-93228f78-d735-4ce6-971e-ca8f5c94dbdd/ozone-meta/ratis/bf265839-605b-3f16-9796-c5ba1605619e/in_use.lock acquired by nodename 118448@pkrvmberfyhpb9w
2025-05-12 14:03:06,134 [om1-impl-thread1] INFO  storage.RaftStorage (RaftStorageImpl.java:format(98)) - Storage directory /home/runner/work/ozone/ozone/hadoop-ozone/integration-test/target/test-dir/MiniOzoneClusterImpl-93228f78-d735-4ce6-971e-ca8f5c94dbdd/ozone-meta/ratis/bf265839-605b-3f16-9796-c5ba1605619e has been successfully formatted.
2025-05-12 14:03:06,135 [om1-impl-thread1] INFO  ratis.OzoneManagerStateMachine (OzoneManagerStateMachine.java:lambda$0(138)) - om1: initialize group-C5BA1605619E with (t:0, i:~)
2025-05-12 14:03:06,135 [om1-impl-thread1] INFO  server.RaftServerConfigKeys (ConfUtils.java:logGet(46)) - raft.server.log.use.memory = false (default)
2025-05-12 14:03:06,135 [om1-impl-thread1] INFO  server.RaftServerConfigKeys (ConfUtils.java:logGet(46)) - raft.server.log.purge.gap = 1000000 (custom)
2025-05-12 14:03:06,135 [om1-impl-thread1] INFO  server.RaftServerConfigKeys (ConfUtils.java:logGet(46)) - raft.server.log.appender.buffer.byte-limit = 4194304 (custom)
2025-05-12 14:03:06,135 [om1-impl-thread1] INFO  server.RaftServerConfigKeys (ConfUtils.java:logGet(46)) - raft.server.log.statemachine.data.read.timeout = 1000ms (default)
2025-05-12 14:03:06,135 [om1-impl-thread1] INFO  server.RaftServerConfigKeys (ConfUtils.java:logGet(46)) - raft.server.log.purge.preservation.log.num = 0 (default)
2025-05-12 14:03:06,138 [om1-impl-thread1] INFO  server.RaftServerConfigKeys (ConfUtils.java:logGet(46)) - raft.server.log.segment.size.max = 4194304 (custom)
2025-05-12 14:03:06,139 [om1-impl-thread1] INFO  server.RaftServerConfigKeys (ConfUtils.java:logGet(46)) - raft.server.log.segment.cache.num.max = 2 (custom)
2025-05-12 14:03:06,139 [om1-impl-thread1] INFO  server.RaftServerConfigKeys (ConfUtils.java:logGet(46)) - raft.server.log.segment.cache.size.max = 200MB (=209715200) (default)
2025-05-12 14:03:06,139 [om1-impl-thread1] INFO  server.RaftServerConfigKeys (ConfUtils.java:logGet(46)) - raft.server.log.appender.buffer.byte-limit = 4194304 (custom)
2025-05-12 14:03:06,139 [om1-impl-thread1] INFO  util.AwaitToRun (AwaitToRun.java:start(81)) - Thread[#462,om1@group-C5BA1605619E-cacheEviction-AwaitToRun,5,main] started
2025-05-12 14:03:06,139 [om1-impl-thread1] INFO  segmented.SegmentedRaftLogWorker (SegmentedRaftLogWorker.java:<init>(188)) - new om1@group-C5BA1605619E-SegmentedRaftLogWorker for RaftStorageImpl:Storage Directory /home/runner/work/ozone/ozone/hadoop-ozone/integration-test/target/test-dir/MiniOzoneClusterImpl-93228f78-d735-4ce6-971e-ca8f5c94dbdd/ozone-meta/ratis/bf265839-605b-3f16-9796-c5ba1605619e
2025-05-12 14:03:06,139 [om1-impl-thread1] INFO  server.RaftServerConfigKeys (ConfUtils.java:logGet(46)) - raft.server.log.queue.byte-limit = 64MB (=67108864) (default)
2025-05-12 14:03:06,140 [om1-impl-thread1] INFO  server.RaftServerConfigKeys (ConfUtils.java:logGet(46)) - raft.server.log.queue.element-limit = 4096 (default)
2025-05-12 14:03:06,140 [om1-impl-thread1] INFO  server.RaftServerConfigKeys (ConfUtils.java:logGet(46)) - raft.server.log.segment.size.max = 4194304 (custom)
2025-05-12 14:03:06,140 [om1-impl-thread1] INFO  server.RaftServerConfigKeys (ConfUtils.java:logGet(46)) - raft.server.log.preallocated.size = 4194304 (custom)
2025-05-12 14:03:06,140 [om1-impl-thread1] INFO  server.RaftServerConfigKeys (ConfUtils.java:logGet(46)) - raft.server.log.force.sync.num = 128 (default)
2025-05-12 14:03:06,140 [om1-impl-thread1] INFO  server.RaftServerConfigKeys (ConfUtils.java:logGet(46)) - raft.server.log.statemachine.data.sync = true (default)
2025-05-12 14:03:06,140 [om1-impl-thread1] INFO  server.RaftServerConfigKeys (ConfUtils.java:logGet(46)) - raft.server.log.statemachine.data.sync.timeout = 10s (default)
2025-05-12 14:03:06,140 [om1-impl-thread1] INFO  server.RaftServerConfigKeys (ConfUtils.java:logGet(46)) - raft.server.log.statemachine.data.sync.timeout.retry = -1 (default)
2025-05-12 14:03:06,141 [om1-impl-thread1] INFO  server.RaftServerConfigKeys (ConfUtils.java:logGet(46)) - raft.server.log.write.buffer.size = 4194312 (custom)
2025-05-12 14:03:06,143 [om1-impl-thread1] INFO  server.RaftServerConfigKeys (ConfUtils.java:logGet(46)) - raft.server.log.appender.buffer.byte-limit = 4194304 (custom)
2025-05-12 14:03:06,143 [om1-impl-thread1] INFO  server.RaftServerConfigKeys (ConfUtils.java:logGet(46)) - raft.server.log.unsafe-flush.enabled = false (default)
2025-05-12 14:03:06,143 [om1-impl-thread1] INFO  server.RaftServerConfigKeys (ConfUtils.java:logGet(46)) - raft.server.log.async-flush.enabled = false (default)
2025-05-12 14:03:06,143 [om1-impl-thread1] INFO  server.RaftServerConfigKeys (ConfUtils.java:logGet(46)) - raft.server.log.statemachine.data.caching.enabled = false (default)
2025-05-12 14:03:06,143 [om1-impl-thread1] INFO  segmented.SegmentedRaftLogWorker (SegmentedRaftLogWorker.java:lambda$new$0(139)) - om1@group-C5BA1605619E-SegmentedRaftLogWorker: flushIndex: setUnconditionally 0 -> -1
2025-05-12 14:03:06,143 [om1-impl-thread1] INFO  segmented.SegmentedRaftLogWorker (SegmentedRaftLogWorker.java:lambda$new$0(139)) - om1@group-C5BA1605619E-SegmentedRaftLogWorker: safeCacheEvictIndex: setUnconditionally 0 -> -1
2025-05-12 14:03:06,144 [om1-impl-thread1] INFO  server.RaftServer$Division (RaftServerImpl.java:start(391)) - om1@group-C5BA1605619E: start as a follower, conf=conf: {index: -1, cur=peers:[om1|localhost:15009]|listeners:[], old=null}
2025-05-12 14:03:06,144 [om1-impl-thread1] INFO  server.RaftServer$Division (RaftServerImpl.java:setRole(378)) - om1@group-C5BA1605619E: changes role from      null to FOLLOWER at term 0 for startAsFollower
2025-05-12 14:03:06,144 [om1-impl-thread1] INFO  impl.RoleInfo (RoleInfo.java:updateAndGet(148)) - om1: start om1@group-C5BA1605619E-FollowerState
2025-05-12 14:03:06,144 [om1-impl-thread1] INFO  util.JmxRegister (JmxRegister.java:tryRegister(44)) - Successfully registered JMX Bean with object name Ratis:service=RaftServer,group=group-C5BA1605619E,id=om1
2025-05-12 14:03:06,145 [om1@group-C5BA1605619E-FollowerState] INFO  server.RaftServerConfigKeys (ConfUtils.java:logFallback(53)) - raft.server.rpc.first-election.timeout.min = 1s (fallback to raft.server.rpc.timeout.min)
2025-05-12 14:03:06,145 [om1@group-C5BA1605619E-FollowerState] INFO  server.RaftServerConfigKeys (ConfUtils.java:logFallback(53)) - raft.server.rpc.first-election.timeout.max = 1200ms (fallback to raft.server.rpc.timeout.max)
2025-05-12 14:03:06,145 [om1-impl-thread1] INFO  util.JmxRegister (JmxRegister.java:register(58)) - register mxBean class org.apache.ratis.server.impl.RaftServerJmxAdapter as Ratis:service=RaftServer,group=group-C5BA1605619E,id=om1
2025-05-12 14:03:06,145 [om1-impl-thread1] INFO  server.RaftServerConfigKeys (ConfUtils.java:logGet(46)) - raft.server.snapshot.trigger-when-stop.enabled = true (default)
2025-05-12 14:03:06,145 [om1-impl-thread1] INFO  server.RaftServerConfigKeys (ConfUtils.java:logGet(46)) - raft.server.snapshot.trigger-when-remove.enabled = true (default)
2025-05-12 14:03:06,145 [om1-impl-thread1] INFO  server.RaftServerConfigKeys (ConfUtils.java:logGet(46)) - raft.server.snapshot.auto.trigger.enabled = true (custom)
2025-05-12 14:03:06,145 [om1-impl-thread1] INFO  server.RaftServerConfigKeys (ConfUtils.java:logGet(46)) - raft.server.snapshot.auto.trigger.threshold = 400000 (default)
2025-05-12 14:03:06,145 [om1-impl-thread1] INFO  server.RaftServerConfigKeys (ConfUtils.java:logGet(46)) - raft.server.snapshot.retention.file.num = -1 (default)
2025-05-12 14:03:06,146 [om1-impl-thread1] INFO  server.RaftServerConfigKeys (ConfUtils.java:logGet(46)) - raft.server.log.purge.upto.snapshot.index = true (custom)
2025-05-12 14:03:06,146 [om1-impl-thread1] INFO  server.RaftServer$Division (RaftServerImpl.java:start(405)) - om1@group-C5BA1605619E: Successfully started.
2025-05-12 14:03:06,146 [main] INFO  server.RaftServer (RaftServerProxy.java:startImpl(407)) - om1: start RPC server
2025-05-12 14:03:06,147 [main] INFO  server.GrpcService (GrpcService.java:startImpl(334)) - om1: GrpcService started, listening on 15009
2025-05-12 14:03:06,148 [JvmPauseMonitor2] INFO  util.JvmPauseMonitor (JvmPauseMonitor.java:run(146)) - JvmPauseMonitor-om1: Started
2025-05-12 14:03:06,149 [main] INFO  om.OzoneManager (OzoneManager.java:start(1783)) - Version File has different layout version (8) than OM DB (null). That is expected if this OM has never been finalized to a newer layout version.
2025-05-12 14:03:06,160 [main] INFO  client.ScmTopologyClient (ScmTopologyClient.java:start(70)) - Initial network topology fetched from SCM: /.
2025-05-12 14:03:06,160 [main] INFO  net.NodeSchemaLoader (NodeSchemaLoader.java:loadSchemaFromFile(128)) - Loading schema from [jar:file:/home/runner/work/ozone/ozone/hadoop-hdds/common/target/hdds-common-2.1.0-SNAPSHOT.jar!/network-topology-default.xml]
2025-05-12 14:03:06,161 [main] INFO  net.NodeSchemaLoader (NodeSchemaLoader.java:loadSchema(175)) - Loading network topology layer schema file
2025-05-12 14:03:06,173 [main] INFO  http.BaseHttpServer (BaseHttpServer.java:newHttpServer2BuilderForOzone(229)) - Starting Web-server for ozoneManager at: http://0.0.0.0:15007
2025-05-12 14:03:06,173 [main] INFO  http.BaseHttpServer (BaseHttpServer.java:<init>(107)) - Hadoop Security Enabled: false Ozone Security Enabled: false Ozone HTTP Security Enabled: false 
2025-05-12 14:03:06,178 [main] WARN  server.AuthenticationFilter (AuthenticationFilter.java:constructSecretProvider(240)) - Unable to initialize FileSignerSecretProvider, falling back to use random secrets. Reason: Could not read signature secret file: /home/runner/hadoop-http-auth-signature-secret
2025-05-12 14:03:06,181 [main] INFO  http.HttpServer2 (HttpServer2.java:addGlobalFilter(1042)) - Added global filter 'safety' (class=org.apache.hadoop.hdds.server.http.HttpServer2$QuotingInputFilter)
2025-05-12 14:03:06,182 [main] INFO  http.HttpServer2 (HttpServer2.java:addFilter(1018)) - Added filter static_user_filter (class=org.apache.hadoop.http.lib.StaticUserWebFilter$StaticUserFilter) to context ozoneManager
2025-05-12 14:03:06,182 [main] INFO  http.HttpServer2 (HttpServer2.java:addFilter(1026)) - Added filter static_user_filter (class=org.apache.hadoop.http.lib.StaticUserWebFilter$StaticUserFilter) to context logs
2025-05-12 14:03:06,182 [main] INFO  http.HttpServer2 (HttpServer2.java:addFilter(1026)) - Added filter static_user_filter (class=org.apache.hadoop.http.lib.StaticUserWebFilter$StaticUserFilter) to context static
2025-05-12 14:03:06,183 [main] INFO  http.BaseHttpServer (BaseHttpServer.java:<init>(195)) - HTTP server of ozoneManager uses base directory /home/runner/work/ozone/ozone/hadoop-ozone/integration-test/target/test-dir/MiniOzoneClusterImpl-93228f78-d735-4ce6-971e-ca8f5c94dbdd/ozone-meta/webserver
2025-05-12 14:03:06,186 [main] INFO  http.HttpServer2 (HttpServer2.java:bindListener(1242)) - Jetty bound to port 15007
2025-05-12 14:03:06,186 [main] INFO  server.Server (Server.java:doStart(375)) - jetty-9.4.57.v20241219; built: 2025-01-08T21:24:30.412Z; git: df524e6b29271c2e09ba9aea83c18dc9db464a31; jvm 21.0.7+6-LTS
2025-05-12 14:03:06,188 [main] INFO  server.session (DefaultSessionIdManager.java:doStart(334)) - DefaultSessionIdManager workerName=node0
2025-05-12 14:03:06,188 [main] INFO  server.session (DefaultSessionIdManager.java:doStart(339)) - No SessionScavenger set, using defaults
2025-05-12 14:03:06,188 [main] INFO  server.session (HouseKeeper.java:startScavenging(132)) - node0 Scavenging every 660000ms
2025-05-12 14:03:06,189 [main] INFO  handler.ContextHandler (ContextHandler.java:doStart(921)) - Started o.e.j.s.ServletContextHandler@38a5b985{logs,/logs,file:///home/runner/work/ozone/ozone/hadoop-ozone/integration-test/target/log,AVAILABLE}
2025-05-12 14:03:06,190 [main] INFO  handler.ContextHandler (ContextHandler.java:doStart(921)) - Started o.e.j.s.ServletContextHandler@6acee861{static,/static,file:///home/runner/work/ozone/ozone/hadoop-ozone/integration-test/target/test-classes/webapps/static,AVAILABLE}
2025-05-12 14:03:06,200 [main] INFO  handler.ContextHandler (ContextHandler.java:doStart(921)) - Started o.e.j.w.WebAppContext@51e28071{ozoneManager,/,file:///home/runner/work/ozone/ozone/hadoop-ozone/integration-test/target/test-classes/webapps/ozoneManager/,AVAILABLE}{file:/home/runner/work/ozone/ozone/hadoop-ozone/integration-test/target/test-classes/webapps/ozoneManager}
2025-05-12 14:03:06,200 [main] INFO  server.AbstractConnector (AbstractConnector.java:doStart(333)) - Started ServerConnector@7c0b71b5{HTTP/1.1, (http/1.1)}{0.0.0.0:15007}
2025-05-12 14:03:06,201 [main] INFO  server.Server (Server.java:doStart(415)) - Started @10555ms
2025-05-12 14:03:06,201 [main] WARN  impl.MetricsSystemImpl (MetricsSystemImpl.java:register(279)) - Sink prometheus already exists!
2025-05-12 14:03:06,201 [main] INFO  http.BaseHttpServer (BaseHttpServer.java:updateConnectorAddress(359)) - HTTP server of ozoneManager listening at http://0.0.0.0:15007
2025-05-12 14:03:06,202 [IPC Server Responder] INFO  ipc.Server (Server.java:run(1713)) - IPC Server Responder: starting
2025-05-12 14:03:06,202 [IPC Server listener on 15006] INFO  ipc.Server (Server.java:run(1553)) - IPC Server listener on 15006: starting
2025-05-12 14:03:06,205 [main] INFO  om.OzoneManager (OzoneManager.java:startTrashEmptier(2238)) - Trash Interval set to 0. Files deleted won't move to trash
2025-05-12 14:03:06,285 [main] INFO  db.CodecBuffer (CodecBuffer.java:set(85)) - Successfully set constructor to LeakDetector::newCodecBuffer: org.apache.hadoop.hdds.utils.db.CodecBuffer$$Lambda/0x00007f2ed87e42e0@1e71b70d
2025-05-12 14:03:06,446 [main] INFO  recon.ReconServer (HddsServerUtil.java:startupShutdownMessage(683)) - STARTUP_MSG: 
/************************************************************
STARTUP_MSG: Starting ReconServer
STARTUP_MSG:   host = pkrvmberfyhpb9w/10.1.1.25
STARTUP_MSG:   args = []
STARTUP_MSG:   version = 2.1.0-SNAPSHOT
STARTUP_MSG:   classpath = /home/runner/work/ozone/ozone/hadoop-ozone/integration-test/target/test-classes:/home/runner/work/ozone/ozone/hadoop-ozone/integration-test/target/classes:/home/runner/work/ozone/ozone/hadoop-hdds/server-scm/target/hdds-server-scm-2.1.0-SNAPSHOT.jar:/home/runner/.m2/repository/com/fasterxml/jackson/core/jackson-annotations/2.16.2/jackson-annotations-2.16.2.jar:/home/runner/.m2/repository/com/fasterxml/jackson/core/jackson-core/2.16.2/jackson-core-2.16.2.jar:/home/runner/.m2/repository/com/fasterxml/jackson/core/jackson-databind/2.16.2/jackson-databind-2.16.2.jar:/home/runner/.m2/repository/com/google/guava/guava/32.1.3-jre/guava-32.1.3-jre.jar:/home/runner/.m2/repository/com/google/guava/failureaccess/1.0.1/failureaccess-1.0.1.jar:/home/runner/.m2/repository/com/google/guava/listenablefuture/9999.0-empty-to-avoid-conflict-with-guava/listenablefuture-9999.0-empty-to-avoid-conflict-with-guava.jar:/home/runner/.m2/repository/org/checkerframework/checker-qual/3.37.0/checker-qual-3.37.0.jar:/home/runner/.m2/repository/com/google/errorprone/error_prone_annotations/2.29.2/error_prone_annotations-2.29.2.jar:/home/runner/.m2/repository/com/google/j2objc/j2objc-annotations/2.8/j2objc-annotations-2.8.jar:/home/runner/.m2/repository/com/google/protobuf/protobuf-java/2.5.0/protobuf-java-2.5.0.jar:/home/runner/.m2/repository/commons-collections/commons-collections/3.2.2/commons-collections-3.2.2.jar:/home/runner/.m2/repository/commons-io/commons-io/2.18.0/commons-io-2.18.0.jar:/home/runner/.m2/repository/info/picocli/picocli/4.7.7/picocli-4.7.7.jar:/home/runner/.m2/repository/io/dropwizard/metrics/metrics-core/3.2.6/metrics-core-3.2.6.jar:/home/runner/.m2/repository/jakarta/annotation/jakarta.annotation-api/2.1.1/jakarta.annotation-api-2.1.1.jar:/home/runner/.m2/repository/javax/servlet/javax.servlet-api/3.1.0/javax.servlet-api-3.1.0.jar:/home/runner/.m2/repository/org/apache/commons/commons-compress/1.27.1/commons-compress-1.27.1.jar:/home/runner/.m2/repository/org/apache/commons/commons-text/1.12.0/commons-text-1.12.0.jar:/home/runner/.m2/repository/org/apache/hadoop/hadoop-auth/3.4.1/hadoop-auth-3.4.1.jar:/home/runner/.m2/repository/org/apache/hadoop/hadoop-common/3.4.1/hadoop-common-3.4.1.jar:/home/runner/work/ozone/ozone/hadoop-hdds/client/target/hdds-client-2.1.0-SNAPSHOT.jar:/home/runner/work/ozone/ozone/hadoop-hdds/common/target/hdds-common-2.1.0-SNAPSHOT.jar:/home/runner/work/ozone/ozone/hadoop-hdds/config/target/hdds-config-2.1.0-SNAPSHOT.jar:/home/runner/work/ozone/ozone/hadoop-hdds/container-service/target/hdds-container-service-2.1.0-SNAPSHOT.jar:/home/runner/work/ozone/ozone/hadoop-hdds/interface-admin/target/hdds-interface-admin-2.1.0-SNAPSHOT.jar:/home/runner/work/ozone/ozone/hadoop-hdds/interface-client/target/hdds-interface-client-2.1.0-SNAPSHOT.jar:/home/runner/work/ozone/ozone/hadoop-hdds/interface-server/target/hdds-interface-server-2.1.0-SNAPSHOT.jar:/home/runner/work/ozone/ozone/hadoop-hdds/framework/target/hdds-server-framework-2.1.0-SNAPSHOT.jar:/home/runner/.m2/repository/org/apache/ratis/ratis-client/3.1.2/ratis-client-3.1.2.jar:/home/runner/.m2/repository/org/apache/ratis/ratis-common/3.1.2/ratis-common-3.1.2.jar:/home/runner/.m2/repository/org/apache/ratis/ratis-grpc/3.1.2/ratis-grpc-3.1.2.jar:/home/runner/.m2/repository/org/apache/ratis/ratis-netty/3.1.2/ratis-netty-3.1.2.jar:/home/runner/.m2/repository/org/apache/ratis/ratis-proto/3.1.2/ratis-proto-3.1.2.jar:/home/runner/.m2/repository/org/apache/ratis/ratis-server-api/3.1.2/ratis-server-api-3.1.2.jar:/home/runner/.m2/repository/org/apache/ratis/ratis-thirdparty-misc/1.0.6/ratis-thirdparty-misc-1.0.6.jar:/home/runner/.m2/repository/org/bouncycastle/bcpkix-jdk18on/1.80/bcpkix-jdk18on-1.80.jar:/home/runner/.m2/repository/org/bouncycastle/bcprov-jdk18on/1.80/bcprov-jdk18on-1.80.jar:/home/runner/.m2/repository/org/eclipse/jetty/jetty-webapp/9.4.57.v20241219/jetty-webapp-9.4.57.v20241219.jar:/home/runner/.m2/repository/org/eclipse/jetty/jetty-xml/9.4.57.v20241219/jetty-xml-9.4.57.v20241219.jar:/home/runner/.m2/repository/org/slf4j/slf4j-api/2.0.17/slf4j-api-2.0.17.jar:/home/runner/work/ozone/ozone/hadoop-ozone/cli-admin/target/ozone-cli-admin-2.1.0-SNAPSHOT.jar:/home/runner/.m2/repository/com/fasterxml/jackson/datatype/jackson-datatype-jsr310/2.16.2/jackson-datatype-jsr310-2.16.2.jar:/home/runner/.m2/repository/org/apache/hadoop/hadoop-hdfs-client/3.4.1/hadoop-hdfs-client-3.4.1.jar:/home/runner/work/ozone/ozone/hadoop-ozone/interface-client/target/ozone-interface-client-2.1.0-SNAPSHOT.jar:/home/runner/.m2/repository/commons-codec/commons-codec/1.17.1/commons-codec-1.17.1.jar:/home/runner/work/ozone/ozone/hadoop-ozone/cli-shell/target/ozone-cli-shell-2.1.0-SNAPSHOT.jar:/home/runner/.m2/repository/info/picocli/picocli-shell-jline3/4.7.7/picocli-shell-jline3-4.7.7.jar:/home/runner/.m2/repository/jakarta/xml/bind/jakarta.xml.bind-api/2.3.3/jakarta.xml.bind-api-2.3.3.jar:/home/runner/.m2/repository/org/apache/httpcomponents/httpclient/4.5.14/httpclient-4.5.14.jar:/home/runner/work/ozone/ozone/hadoop-ozone/ozonefs-common/target/ozone-filesystem-common-2.1.0-SNAPSHOT.jar:/home/runner/.m2/repository/org/jline/jline/3.30.0/jline-3.30.0.jar:/home/runner/.m2/repository/org/slf4j/slf4j-reload4j/2.0.17/slf4j-reload4j-2.0.17.jar:/home/runner/work/ozone/ozone/hadoop-ozone/client/target/ozone-client-2.1.0-SNAPSHOT.jar:/home/runner/.m2/repository/com/github/stephenc/jcip/jcip-annotations/1.0-1/jcip-annotations-1.0-1.jar:/home/runner/work/ozone/ozone/hadoop-hdds/erasurecode/target/hdds-erasurecode-2.1.0-SNAPSHOT.jar:/home/runner/work/ozone/ozone/hadoop-ozone/common/target/ozone-common-2.1.0-SNAPSHOT.jar:/home/runner/.m2/repository/io/grpc/grpc-api/1.58.0/grpc-api-1.58.0.jar:/home/runner/.m2/repository/io/grpc/grpc-netty/1.58.0/grpc-netty-1.58.0.jar:/home/runner/.m2/repository/io/grpc/grpc-core/1.58.0/grpc-core-1.58.0.jar:/home/runner/.m2/repository/com/google/android/annotations/4.1.1.4/annotations-4.1.1.4.jar:/home/runner/.m2/repository/org/codehaus/mojo/animal-sniffer-annotations/1.23/animal-sniffer-annotations-1.23.jar:/home/runner/.m2/repository/io/grpc/grpc-context/1.58.0/grpc-context-1.58.0.jar:/home/runner/.m2/repository/io/grpc/grpc-util/1.58.0/grpc-util-1.58.0.jar:/home/runner/.m2/repository/io/perfmark/perfmark-api/0.26.0/perfmark-api-0.26.0.jar:/home/runner/.m2/repository/io/netty/netty-codec-http2/4.1.109.Final/netty-codec-http2-4.1.109.Final.jar:/home/runner/.m2/repository/io/netty/netty-codec-http/4.1.109.Final/netty-codec-http-4.1.109.Final.jar:/home/runner/.m2/repository/io/netty/netty-common/4.1.109.Final/netty-common-4.1.109.Final.jar:/home/runner/.m2/repository/io/netty/netty-handler/4.1.109.Final/netty-handler-4.1.109.Final.jar:/home/runner/.m2/repository/io/netty/netty-resolver/4.1.109.Final/netty-resolver-4.1.109.Final.jar:/home/runner/.m2/repository/io/netty/netty-handler-proxy/4.1.109.Final/netty-handler-proxy-4.1.109.Final.jar:/home/runner/.m2/repository/io/netty/netty-codec-socks/4.1.109.Final/netty-codec-socks-4.1.109.Final.jar:/home/runner/.m2/repository/org/apache/httpcomponents/httpcore/4.4.16/httpcore-4.4.16.jar:/home/runner/.m2/repository/io/netty/netty-tcnative-boringssl-static/2.0.65.Final/netty-tcnative-boringssl-static-2.0.65.Final.jar:/home/runner/.m2/repository/io/netty/netty-tcnative-classes/2.0.65.Final/netty-tcnative-classes-2.0.65.Final.jar:/home/runner/.m2/repository/io/netty/netty-tcnative-boringssl-static/2.0.65.Final/netty-tcnative-boringssl-static-2.0.65.Final-linux-x86_64.jar:/home/runner/.m2/repository/io/netty/netty-tcnative-boringssl-static/2.0.65.Final/netty-tcnative-boringssl-static-2.0.65.Final-linux-aarch_64.jar:/home/runner/.m2/repository/io/netty/netty-tcnative-boringssl-static/2.0.65.Final/netty-tcnative-boringssl-static-2.0.65.Final-osx-x86_64.jar:/home/runner/.m2/repository/io/netty/netty-tcnative-boringssl-static/2.0.65.Final/netty-tcnative-boringssl-static-2.0.65.Final-osx-aarch_64.jar:/home/runner/.m2/repository/io/netty/netty-tcnative-boringssl-static/2.0.65.Final/netty-tcnative-boringssl-static-2.0.65.Final-windows-x86_64.jar:/home/runner/work/ozone/ozone/hadoop-ozone/csi/target/ozone-csi-2.1.0-SNAPSHOT.jar:/home/runner/.m2/repository/ch/qos/reload4j/reload4j/1.2.26/reload4j-1.2.26.jar:/home/runner/.m2/repository/com/google/protobuf/protobuf-java-util/3.19.6/protobuf-java-util-3.19.6.jar:/home/runner/.m2/repository/io/grpc/grpc-protobuf/1.58.0/grpc-protobuf-1.58.0.jar:/home/runner/.m2/repository/com/google/api/grpc/proto-google-common-protos/2.22.0/proto-google-common-protos-2.22.0.jar:/home/runner/.m2/repository/io/grpc/grpc-protobuf-lite/1.58.0/grpc-protobuf-lite-1.58.0.jar:/home/runner/.m2/repository/io/grpc/grpc-stub/1.58.0/grpc-stub-1.58.0.jar:/home/runner/.m2/repository/io/netty/netty-transport/4.1.109.Final/netty-transport-4.1.109.Final.jar:/home/runner/.m2/repository/io/netty/netty-transport-classes-epoll/4.1.109.Final/netty-transport-classes-epoll-4.1.109.Final.jar:/home/runner/.m2/repository/io/netty/netty-transport-native-epoll/4.1.109.Final/netty-transport-native-epoll-4.1.109.Final-linux-x86_64.jar:/home/runner/.m2/repository/io/netty/netty-transport-native-unix-common/4.1.109.Final/netty-transport-native-unix-common-4.1.109.Final.jar:/home/runner/work/ozone/ozone/hadoop-ozone/ozonefs/target/ozone-filesystem-2.1.0-SNAPSHOT.jar:/home/runner/.m2/repository/io/opentracing/opentracing-api/0.33.0/opentracing-api-0.33.0.jar:/home/runner/.m2/repository/io/opentracing/opentracing-util/0.33.0/opentracing-util-0.33.0.jar:/home/runner/.m2/repository/io/opentracing/opentracing-noop/0.33.0/opentracing-noop-0.33.0.jar:/home/runner/work/ozone/ozone/hadoop-ozone/freon/target/ozone-freon-2.1.0-SNAPSHOT.jar:/home/runner/.m2/repository/com/amazonaws/aws-java-sdk-core/1.12.661/aws-java-sdk-core-1.12.661.jar:/home/runner/.m2/repository/com/fasterxml/jackson/dataformat/jackson-dataformat-cbor/2.16.2/jackson-dataformat-cbor-2.16.2.jar:/home/runner/.m2/repository/joda-time/joda-time/2.12.7/joda-time-2.12.7.jar:/home/runner/.m2/repository/com/amazonaws/aws-java-sdk-s3/1.12.661/aws-java-sdk-s3-1.12.661.jar:/home/runner/.m2/repository/com/amazonaws/aws-java-sdk-kms/1.12.661/aws-java-sdk-kms-1.12.661.jar:/home/runner/.m2/repository/com/amazonaws/jmespath-java/1.12.661/jmespath-java-1.12.661.jar:/home/runner/.m2/repository/org/apache/hadoop/hadoop-hdfs/3.4.1/hadoop-hdfs-3.4.1.jar:/home/runner/work/ozone/ozone/hadoop-ozone/interface-storage/target/ozone-interface-storage-2.1.0-SNAPSHOT.jar:/home/runner/.m2/repository/org/kohsuke/metainf-services/metainf-services/1.11/metainf-services-1.11.jar:/home/runner/work/ozone/ozone/hadoop-ozone/ozone-manager/target/ozone-manager-2.1.0-SNAPSHOT.jar:/home/runner/.m2/repository/com/sun/jersey/jersey-client/1.19.4/jersey-client-1.19.4.jar:/home/runner/.m2/repository/org/apache/kerby/kerby-util/1.0.1/kerby-util-1.0.1.jar:/home/runner/.m2/repository/org/apache/logging/log4j/log4j-api/2.24.2/log4j-api-2.24.2.jar:/home/runner/work/ozone/ozone/hadoop-hdds/managed-rocksdb/target/hdds-managed-rocksdb-2.1.0-SNAPSHOT.jar:/home/runner/work/ozone/ozone/hadoop-hdds/rocks-native/target/hdds-rocks-native-2.1.0-SNAPSHOT.jar:/home/runner/.m2/repository/org/eclipse/jetty/jetty-io/9.4.57.v20241219/jetty-io-9.4.57.v20241219.jar:/home/runner/work/ozone/ozone/hadoop-hdds/rocksdb-checkpoint-differ/target/rocksdb-checkpoint-differ-2.1.0-SNAPSHOT.jar:/home/runner/.m2/repository/com/github/vlsi/mxgraph/jgraphx/3.9.12/jgraphx-3.9.12.jar:/home/runner/.m2/repository/org/jgrapht/jgrapht-core/1.4.0/jgrapht-core-1.4.0.jar:/home/runner/.m2/repository/org/jheaps/jheaps/0.11/jheaps-0.11.jar:/home/runner/.m2/repository/org/jgrapht/jgrapht-ext/1.4.0/jgrapht-ext-1.4.0.jar:/home/runner/.m2/repository/org/apache/ranger/ranger-intg/2.6.0/ranger-intg-2.6.0.jar:/home/runner/.m2/repository/org/apache/ranger/ranger-plugins-common/2.6.0/ranger-plugins-common-2.6.0.jar:/home/runner/.m2/repository/com/fasterxml/jackson/jaxrs/jackson-jaxrs-base/2.16.2/jackson-jaxrs-base-2.16.2.jar:/home/runner/.m2/repository/com/fasterxml/jackson/jaxrs/jackson-jaxrs-json-provider/2.16.2/jackson-jaxrs-json-provider-2.16.2.jar:/home/runner/.m2/repository/com/kstruct/gethostname4j/1.0.0/gethostname4j-1.0.0.jar:/home/runner/.m2/repository/commons-lang/commons-lang/2.6/commons-lang-2.6.jar:/home/runner/.m2/repository/net/java/dev/jna/jna/5.2.0/jna-5.2.0.jar:/home/runner/.m2/repository/net/java/dev/jna/jna-platform/5.2.0/jna-platform-5.2.0.jar:/home/runner/.m2/repository/org/apache/ranger/ranger-plugin-classloader/2.6.0/ranger-plugin-classloader-2.6.0.jar:/home/runner/.m2/repository/org/apache/ranger/ranger-plugins-audit/2.6.0/ranger-plugins-audit-2.6.0.jar:/home/runner/.m2/repository/com/amazonaws/aws-java-sdk-logs/1.12.765/aws-java-sdk-logs-1.12.765.jar:/home/runner/.m2/repository/com/carrotsearch/hppc/0.8.0/hppc-0.8.0.jar:/home/runner/.m2/repository/io/airlift/aircompressor/0.27/aircompressor-0.27.jar:/home/runner/.m2/repository/org/apache/httpcomponents/httpasyncclient/4.1.4/httpasyncclient-4.1.4.jar:/home/runner/.m2/repository/org/apache/httpcomponents/httpcore-nio/4.4.16/httpcore-nio-4.4.16.jar:/home/runner/.m2/repository/org/apache/httpcomponents/httpmime/4.5.13/httpmime-4.5.13.jar:/home/runner/.m2/repository/org/apache/orc/orc-core/1.5.8/orc-core-1.5.8.jar:/home/runner/.m2/repository/org/apache/orc/orc-shims/1.5.8/orc-shims-1.5.8.jar:/home/runner/.m2/repository/org/eclipse/jetty/jetty-client/9.4.57.v20241219/jetty-client-9.4.57.v20241219.jar:/home/runner/.m2/repository/org/apache/ranger/ranger-plugins-cred/2.6.0/ranger-plugins-cred-2.6.0.jar:/home/runner/.m2/repository/org/aspectj/aspectjrt/1.9.7/aspectjrt-1.9.7.jar:/home/runner/.m2/repository/org/aspectj/aspectjweaver/1.9.7/aspectjweaver-1.9.7.jar:/home/runner/.m2/repository/org/eclipse/jetty/jetty-util/9.4.57.v20241219/jetty-util-9.4.57.v20241219.jar:/home/runner/.m2/repository/org/reflections/reflections/0.10.2/reflections-0.10.2.jar:/home/runner/.m2/repository/org/rocksdb/rocksdbjni/7.7.3/rocksdbjni-7.7.3.jar:/home/runner/work/ozone/ozone/hadoop-ozone/recon/target/ozone-recon-2.1.0-SNAPSHOT.jar:/home/runner/.m2/repository/aopalliance/aopalliance/1.0/aopalliance-1.0.jar:/home/runner/.m2/repository/com/google/inject/guice/6.0.0/guice-6.0.0.jar:/home/runner/.m2/repository/jakarta/inject/jakarta.inject-api/2.0.1/jakarta.inject-api-2.0.1.jar:/home/runner/.m2/repository/com/google/inject/extensions/guice-assistedinject/6.0.0/guice-assistedinject-6.0.0.jar:/home/runner/.m2/repository/com/google/inject/extensions/guice-servlet/6.0.0/guice-servlet-6.0.0.jar:/home/runner/.m2/repository/com/jolbox/bonecp/0.8.0.RELEASE/bonecp-0.8.0.RELEASE.jar:/home/runner/.m2/repository/jakarta/activation/jakarta.activation-api/1.2.2/jakarta.activation-api-1.2.2.jar:/home/runner/.m2/repository/jakarta/validation/jakarta.validation-api/2.0.2/jakarta.validation-api-2.0.2.jar:/home/runner/.m2/repository/jakarta/ws/rs/jakarta.ws.rs-api/2.1.6/jakarta.ws.rs-api-2.1.6.jar:/home/runner/.m2/repository/javax/inject/javax.inject/1/javax.inject-1.jar:/home/runner/.m2/repository/org/apache/derby/derby/10.14.2.0/derby-10.14.2.0.jar:/home/runner/work/ozone/ozone/hadoop-ozone/recon-codegen/target/ozone-reconcodegen-2.1.0-SNAPSHOT.jar:/home/runner/.m2/repository/org/eclipse/jetty/jetty-servlet/9.4.57.v20241219/jetty-servlet-9.4.57.v20241219.jar:/home/runner/.m2/repository/org/eclipse/jetty/jetty-security/9.4.57.v20241219/jetty-security-9.4.57.v20241219.jar:/home/runner/.m2/repository/org/glassfish/hk2/guice-bridge/2.6.1/guice-bridge-2.6.1.jar:/home/runner/.m2/repository/org/glassfish/hk2/hk2-api/2.6.1/hk2-api-2.6.1.jar:/home/runner/.m2/repository/org/glassfish/hk2/hk2-utils/2.6.1/hk2-utils-2.6.1.jar:/home/runner/.m2/repository/org/glassfish/hk2/external/aopalliance-repackaged/2.6.1/aopalliance-repackaged-2.6.1.jar:/home/runner/.m2/repository/org/glassfish/hk2/external/jakarta.inject/2.6.1/jakarta.inject-2.6.1.jar:/home/runner/.m2/repository/org/glassfish/jersey/containers/jersey-container-servlet/2.46/jersey-container-servlet-2.46.jar:/home/runner/.m2/repository/org/glassfish/jersey/containers/jersey-container-servlet-core/2.46/jersey-container-servlet-core-2.46.jar:/home/runner/.m2/repository/org/glassfish/jersey/core/jersey-common/2.46/jersey-common-2.46.jar:/home/runner/.m2/repository/org/glassfish/hk2/osgi-resource-locator/1.0.3/osgi-resource-locator-1.0.3.jar:/home/runner/.m2/repository/org/glassfish/jersey/core/jersey-server/2.46/jersey-server-2.46.jar:/home/runner/.m2/repository/org/glassfish/jersey/core/jersey-client/2.46/jersey-client-2.46.jar:/home/runner/.m2/repository/org/glassfish/jersey/inject/jersey-hk2/2.46/jersey-hk2-2.46.jar:/home/runner/.m2/repository/org/glassfish/hk2/hk2-locator/2.6.1/hk2-locator-2.6.1.jar:/home/runner/.m2/repository/org/glassfish/jersey/media/jersey-media-jaxb/2.46/jersey-media-jaxb-2.46.jar:/home/runner/.m2/repository/org/glassfish/jersey/media/jersey-media-json-jackson/2.46/jersey-media-json-jackson-2.46.jar:/home/runner/.m2/repository/org/glassfish/jersey/ext/jersey-entity-filtering/2.46/jersey-entity-filtering-2.46.jar:/home/runner/.m2/repository/com/fasterxml/jackson/module/jackson-module-jaxb-annotations/2.16.2/jackson-module-jaxb-annotations-2.16.2.jar:/home/runner/.m2/repository/org/javassist/javassist/3.30.2-GA/javassist-3.30.2-GA.jar:/home/runner/.m2/repository/org/jooq/jooq/3.11.10/jooq-3.11.10.jar:/home/runner/.m2/repository/org/jooq/jooq-codegen/3.11.10/jooq-codegen-3.11.10.jar:/home/runner/.m2/repository/org/jooq/jooq-meta/3.11.10/jooq-meta-3.11.10.jar:/home/runner/.m2/repository/org/springframework/spring-core/5.3.39/spring-core-5.3.39.jar:/home/runner/.m2/repository/org/springframework/spring-jdbc/5.3.39/spring-jdbc-5.3.39.jar:/home/runner/.m2/repository/org/springframework/spring-beans/5.3.39/spring-beans-5.3.39.jar:/home/runner/.m2/repository/org/springframework/spring-tx/5.3.39/spring-tx-5.3.39.jar:/home/runner/.m2/repository/org/xerial/sqlite-jdbc/3.49.1.0/sqlite-jdbc-3.49.1.0.jar:/home/runner/work/ozone/ozone/hadoop-ozone/s3gateway/target/ozone-s3gateway-2.1.0-SNAPSHOT.jar:/home/runner/work/ozone/ozone/hadoop-ozone/tools/target/ozone-tools-2.1.0-SNAPSHOT.jar:/home/runner/.m2/repository/org/apache/ratis/ratis-shell/3.1.2/ratis-shell-3.1.2.jar:/home/runner/.m2/repository/org/apache/ratis/ratis-tools/3.1.2/ratis-tools-3.1.2.jar:/home/runner/.m2/repository/org/glassfish/jaxb/jaxb-runtime/2.3.9/jaxb-runtime-2.3.9.jar:/home/runner/.m2/repository/org/glassfish/jaxb/txw2/2.3.9/txw2-2.3.9.jar:/home/runner/.m2/repository/com/sun/istack/istack-commons-runtime/3.0.12/istack-commons-runtime-3.0.12.jar:/home/runner/.m2/repository/com/sun/activation/jakarta.activation/1.2.2/jakarta.activation-1.2.2.jar:/home/runner/.m2/repository/org/apache/ratis/ratis-server/3.1.2/ratis-server-3.1.2.jar:/home/runner/.m2/repository/org/apache/ratis/ratis-metrics-api/3.1.2/ratis-metrics-api-3.1.2.jar:/home/runner/.m2/repository/org/hamcrest/hamcrest/2.2/hamcrest-2.2.jar:/home/runner/.m2/repository/org/slf4j/jul-to-slf4j/2.0.17/jul-to-slf4j-2.0.17.jar:/home/runner/.m2/repository/org/apache/commons/commons-lang3/3.17.0/commons-lang3-3.17.0.jar:/home/runner/.m2/repository/org/apache/hadoop/hadoop-common/3.4.1/hadoop-common-3.4.1-tests.jar:/home/runner/.m2/repository/org/apache/hadoop/thirdparty/hadoop-shaded-protobuf_3_25/1.4.0/hadoop-shaded-protobuf_3_25-1.4.0.jar:/home/runner/.m2/repository/org/apache/hadoop/hadoop-annotations/3.4.1/hadoop-annotations-3.4.1.jar:/home/runner/.m2/repository/org/apache/hadoop/thirdparty/hadoop-shaded-guava/1.3.0/hadoop-shaded-guava-1.3.0.jar:/home/runner/.m2/repository/commons-cli/commons-cli/1.8.0/commons-cli-1.8.0.jar:/home/runner/.m2/repository/org/apache/commons/commons-math3/3.6.1/commons-math3-3.6.1.jar:/home/runner/.m2/repository/commons-net/commons-net/3.11.1/commons-net-3.11.1.jar:/home/runner/.m2/repository/org/eclipse/jetty/jetty-server/9.4.57.v20241219/jetty-server-9.4.57.v20241219.jar:/home/runner/.m2/repository/javax/servlet/jsp/jsp-api/2.1/jsp-api-2.1.jar:/home/runner/.m2/repository/com/sun/jersey/jersey-core/1.19.4/jersey-core-1.19.4.jar:/home/runner/.m2/repository/javax/ws/rs/jsr311-api/1.1.1/jsr311-api-1.1.1.jar:/home/runner/.m2/repository/com/sun/jersey/jersey-servlet/1.19.4/jersey-servlet-1.19.4.jar:/home/runner/.m2/repository/com/github/pjfanning/jersey-json/1.22.0/jersey-json-1.22.0.jar:/home/runner/.m2/repository/com/sun/xml/bind/jaxb-impl/2.2.3-1/jaxb-impl-2.2.3-1.jar:/home/runner/.m2/repository/org/codehaus/jettison/jettison/1.5.4/jettison-1.5.4.jar:/home/runner/.m2/repository/com/sun/jersey/jersey-server/1.19.4/jersey-server-1.19.4.jar:/home/runner/.m2/repository/commons-beanutils/commons-beanutils/1.9.4/commons-beanutils-1.9.4.jar:/home/runner/.m2/repository/org/apache/commons/commons-configuration2/2.11.0/commons-configuration2-2.11.0.jar:/home/runner/.m2/repository/org/apache/avro/avro/1.9.2/avro-1.9.2.jar:/home/runner/.m2/repository/com/google/re2j/re2j/1.7/re2j-1.7.jar:/home/runner/.m2/repository/com/google/code/gson/gson/2.10.1/gson-2.10.1.jar:/home/runner/.m2/repository/com/jcraft/jsch/0.1.55/jsch-0.1.55.jar:/home/runner/.m2/repository/org/apache/curator/curator-client/4.2.0/curator-client-4.2.0.jar:/home/runner/.m2/repository/org/apache/curator/curator-recipes/5.2.0/curator-recipes-5.2.0.jar:/home/runner/.m2/repository/org/apache/curator/curator-framework/4.2.0/curator-framework-4.2.0.jar:/home/runner/.m2/repository/com/google/code/findbugs/jsr305/3.0.2/jsr305-3.0.2.jar:/home/runner/.m2/repository/org/apache/zookeeper/zookeeper/3.8.4/zookeeper-3.8.4.jar:/home/runner/.m2/repository/org/apache/zookeeper/zookeeper-jute/3.8.4/zookeeper-jute-3.8.4.jar:/home/runner/.m2/repository/org/apache/yetus/audience-annotations/0.12.0/audience-annotations-0.12.0.jar:/home/runner/.m2/repository/io/netty/netty-transport-native-epoll/4.1.109.Final/netty-transport-native-epoll-4.1.109.Final.jar:/home/runner/.m2/repository/org/apache/kerby/kerb-core/1.0.1/kerb-core-1.0.1.jar:/home/runner/.m2/repository/org/apache/kerby/kerby-pkix/1.0.1/kerby-pkix-1.0.1.jar:/home/runner/.m2/repository/org/apache/kerby/kerby-asn1/1.0.1/kerby-asn1-1.0.1.jar:/home/runner/.m2/repository/org/codehaus/woodstox/stax2-api/4.2.1/stax2-api-4.2.1.jar:/home/runner/.m2/repository/com/fasterxml/woodstox/woodstox-core/5.4.0/woodstox-core-5.4.0.jar:/home/runner/.m2/repository/dnsjava/dnsjava/3.6.1/dnsjava-3.6.1.jar:/home/runner/.m2/repository/org/xerial/snappy/snappy-java/1.1.10.7/snappy-java-1.1.10.7.jar:/home/runner/.m2/repository/org/apache/hadoop/hadoop-distcp/3.4.1/hadoop-distcp-3.4.1.jar:/home/runner/.m2/repository/org/apache/hadoop/hadoop-distcp/3.4.1/hadoop-distcp-3.4.1-tests.jar:/home/runner/.m2/repository/org/apache/hadoop/hadoop-hdfs/3.4.1/hadoop-hdfs-3.4.1-tests.jar:/home/runner/.m2/repository/org/eclipse/jetty/jetty-util-ajax/9.4.57.v20241219/jetty-util-ajax-9.4.57.v20241219.jar:/home/runner/.m2/repository/commons-daemon/commons-daemon/1.4.0/commons-daemon-1.4.0.jar:/home/runner/.m2/repository/io/netty/netty-all/4.1.109.Final/netty-all-4.1.109.Final.jar:/home/runner/.m2/repository/io/netty/netty-codec-dns/4.1.109.Final/netty-codec-dns-4.1.109.Final.jar:/home/runner/.m2/repository/io/netty/netty-codec-haproxy/4.1.109.Final/netty-codec-haproxy-4.1.109.Final.jar:/home/runner/.m2/repository/io/netty/netty-codec-memcache/4.1.109.Final/netty-codec-memcache-4.1.109.Final.jar:/home/runner/.m2/repository/io/netty/netty-codec-mqtt/4.1.109.Final/netty-codec-mqtt-4.1.109.Final.jar:/home/runner/.m2/repository/io/netty/netty-codec-redis/4.1.109.Final/netty-codec-redis-4.1.109.Final.jar:/home/runner/.m2/repository/io/netty/netty-codec-smtp/4.1.109.Final/netty-codec-smtp-4.1.109.Final.jar:/home/runner/.m2/repository/io/netty/netty-codec-stomp/4.1.109.Final/netty-codec-stomp-4.1.109.Final.jar:/home/runner/.m2/repository/io/netty/netty-codec-xml/4.1.109.Final/netty-codec-xml-4.1.109.Final.jar:/home/runner/.m2/repository/io/netty/netty-handler-ssl-ocsp/4.1.109.Final/netty-handler-ssl-ocsp-4.1.109.Final.jar:/home/runner/.m2/repository/io/netty/netty-resolver-dns/4.1.109.Final/netty-resolver-dns-4.1.109.Final.jar:/home/runner/.m2/repository/io/netty/netty-transport-rxtx/4.1.109.Final/netty-transport-rxtx-4.1.109.Final.jar:/home/runner/.m2/repository/io/netty/netty-transport-sctp/4.1.109.Final/netty-transport-sctp-4.1.109.Final.jar:/home/runner/.m2/repository/io/netty/netty-transport-udt/4.1.109.Final/netty-transport-udt-4.1.109.Final.jar:/home/runner/.m2/repository/io/netty/netty-transport-classes-kqueue/4.1.109.Final/netty-transport-classes-kqueue-4.1.109.Final.jar:/home/runner/.m2/repository/io/netty/netty-resolver-dns-classes-macos/4.1.109.Final/netty-resolver-dns-classes-macos-4.1.109.Final.jar:/home/runner/.m2/repository/io/netty/netty-transport-native-epoll/4.1.109.Final/netty-transport-native-epoll-4.1.109.Final-linux-aarch_64.jar:/home/runner/.m2/repository/io/netty/netty-transport-native-epoll/4.1.109.Final/netty-transport-native-epoll-4.1.109.Final-linux-riscv64.jar:/home/runner/.m2/repository/io/netty/netty-transport-native-kqueue/4.1.109.Final/netty-transport-native-kqueue-4.1.109.Final-osx-x86_64.jar:/home/runner/.m2/repository/io/netty/netty-transport-native-kqueue/4.1.109.Final/netty-transport-native-kqueue-4.1.109.Final-osx-aarch_64.jar:/home/runner/.m2/repository/io/netty/netty-resolver-dns-native-macos/4.1.109.Final/netty-resolver-dns-native-macos-4.1.109.Final-osx-x86_64.jar:/home/runner/.m2/repository/io/netty/netty-resolver-dns-native-macos/4.1.109.Final/netty-resolver-dns-native-macos-4.1.109.Final-osx-aarch_64.jar:/home/runner/.m2/repository/org/fusesource/leveldbjni/leveldbjni-all/1.8/leveldbjni-all-1.8.jar:/home/runner/.m2/repository/org/apache/hadoop/hadoop-kms/3.4.1/hadoop-kms-3.4.1.jar:/home/runner/.m2/repository/org/apache/hadoop/hadoop-kms/3.4.1/hadoop-kms-3.4.1-tests.jar:/home/runner/.m2/repository/org/apache/hadoop/hadoop-mapreduce-client-core/3.4.1/hadoop-mapreduce-client-core-3.4.1.jar:/home/runner/.m2/repository/org/apache/hadoop/hadoop-yarn-client/3.4.1/hadoop-yarn-client-3.4.1.jar:/home/runner/.m2/repository/org/eclipse/jetty/websocket/websocket-client/9.4.53.v20231009/websocket-client-9.4.53.v20231009.jar:/home/runner/.m2/repository/org/eclipse/jetty/websocket/websocket-common/9.4.53.v20231009/websocket-common-9.4.53.v20231009.jar:/home/runner/.m2/repository/org/eclipse/jetty/websocket/websocket-api/9.4.53.v20231009/websocket-api-9.4.53.v20231009.jar:/home/runner/.m2/repository/org/apache/hadoop/hadoop-yarn-api/3.4.1/hadoop-yarn-api-3.4.1.jar:/home/runner/.m2/repository/org/apache/hadoop/hadoop-yarn-common/3.4.1/hadoop-yarn-common-3.4.1.jar:/home/runner/.m2/repository/javax/xml/bind/jaxb-api/2.2.11/jaxb-api-2.2.11.jar:/home/runner/.m2/repository/com/sun/jersey/contribs/jersey-guice/1.19.4/jersey-guice-1.19.4.jar:/home/runner/.m2/repository/org/apache/hadoop/hadoop-mapreduce-client-jobclient/3.4.1/hadoop-mapreduce-client-jobclient-3.4.1.jar:/home/runner/.m2/repository/org/apache/hadoop/hadoop-mapreduce-client-common/3.4.1/hadoop-mapreduce-client-common-3.4.1.jar:/home/runner/.m2/repository/org/apache/hadoop/hadoop-minikdc/3.4.1/hadoop-minikdc-3.4.1.jar:/home/runner/.m2/repository/org/apache/kerby/kerb-simplekdc/2.0.3/kerb-simplekdc-2.0.3.jar:/home/runner/.m2/repository/org/apache/kerby/kerb-client/2.0.3/kerb-client-2.0.3.jar:/home/runner/.m2/repository/org/apache/kerby/kerb-common/2.0.3/kerb-common-2.0.3.jar:/home/runner/.m2/repository/org/apache/kerby/token-provider/2.0.3/token-provider-2.0.3.jar:/home/runner/.m2/repository/org/apache/kerby/kerb-admin/2.0.3/kerb-admin-2.0.3.jar:/home/runner/.m2/repository/org/apache/kerby/kerb-server/2.0.3/kerb-server-2.0.3.jar:/home/runner/.m2/repository/org/apache/kerby/kerb-identity/2.0.3/kerb-identity-2.0.3.jar:/home/runner/.m2/repository/org/apache/kerby/kerby-xdr/2.0.3/kerby-xdr-2.0.3.jar:/home/runner/.m2/repository/junit/junit/4.13.2/junit-4.13.2.jar:/home/runner/.m2/repository/org/hamcrest/hamcrest-core/1.3/hamcrest-core-1.3.jar:/home/runner/work/ozone/ozone/hadoop-hdds/common/target/hdds-common-2.1.0-SNAPSHOT-tests.jar:/home/runner/.m2/repository/commons-validator/commons-validator/1.6/commons-validator-1.6.jar:/home/runner/.m2/repository/commons-digester/commons-digester/1.8.1/commons-digester-1.8.1.jar:/home/runner/.m2/repository/io/jaegertracing/jaeger-client/1.8.1/jaeger-client-1.8.1.jar:/home/runner/.m2/repository/io/jaegertracing/jaeger-thrift/1.8.1/jaeger-thrift-1.8.1.jar:/home/runner/.m2/repository/org/apache/thrift/libthrift/0.15.0/libthrift-0.15.0.jar:/home/runner/.m2/repository/com/squareup/okhttp3/okhttp/4.12.0/okhttp-4.12.0.jar:/home/runner/.m2/repository/com/squareup/okio/okio/3.6.0/okio-3.6.0.jar:/home/runner/.m2/repository/com/squareup/okio/okio-jvm/3.6.0/okio-jvm-3.6.0.jar:/home/runner/.m2/repository/org/jetbrains/kotlin/kotlin-stdlib-common/1.9.25/kotlin-stdlib-common-1.9.25.jar:/home/runner/.m2/repository/org/jetbrains/kotlin/kotlin-stdlib-jdk8/1.9.25/kotlin-stdlib-jdk8-1.9.25.jar:/home/runner/.m2/repository/org/jetbrains/kotlin/kotlin-stdlib-jdk7/1.9.25/kotlin-stdlib-jdk7-1.9.25.jar:/home/runner/.m2/repository/io/jaegertracing/jaeger-tracerresolver/1.8.1/jaeger-tracerresolver-1.8.1.jar:/home/runner/.m2/repository/io/opentracing/contrib/opentracing-tracerresolver/0.1.8/opentracing-tracerresolver-0.1.8.jar:/home/runner/.m2/repository/io/jaegertracing/jaeger-core/1.8.1/jaeger-core-1.8.1.jar:/home/runner/.m2/repository/javax/annotation/javax.annotation-api/1.3.2/javax.annotation-api-1.3.2.jar:/home/runner/work/ozone/ozone/hadoop-hdds/annotations/target/hdds-annotation-processing-2.1.0-SNAPSHOT.jar:/home/runner/.m2/repository/org/apache/ratis/ratis-metrics-dropwizard3/3.1.2/ratis-metrics-dropwizard3-3.1.2.jar:/home/runner/.m2/repository/org/bouncycastle/bcutil-jdk18on/1.80/bcutil-jdk18on-1.80.jar:/home/runner/.m2/repository/org/jetbrains/kotlin/kotlin-stdlib/1.9.25/kotlin-stdlib-1.9.25.jar:/home/runner/.m2/repository/org/jetbrains/annotations/13.0/annotations-13.0.jar:/home/runner/.m2/repository/org/slf4j/jcl-over-slf4j/2.0.17/jcl-over-slf4j-2.0.17.jar:/home/runner/.m2/repository/org/yaml/snakeyaml/2.0/snakeyaml-2.0.jar:/home/runner/work/ozone/ozone/hadoop-hdds/container-service/target/hdds-container-service-2.1.0-SNAPSHOT-tests.jar:/home/runner/.m2/repository/com/github/luben/zstd-jni/1.5.7-3/zstd-jni-1.5.7-3.jar:/home/runner/.m2/repository/io/netty/netty-buffer/4.1.109.Final/netty-buffer-4.1.109.Final.jar:/home/runner/.m2/repository/io/netty/netty-codec/4.1.109.Final/netty-codec-4.1.109.Final.jar:/home/runner/.m2/repository/log4j/apache-log4j-extras/1.2.17/apache-log4j-extras-1.2.17.jar:/home/runner/work/ozone/ozone/hadoop-hdds/framework/target/hdds-server-framework-2.1.0-SNAPSHOT-tests.jar:/home/runner/.m2/repository/com/github/jnr/jnr-constants/0.10.4/jnr-constants-0.10.4.jar:/home/runner/.m2/repository/com/github/jnr/jnr-posix/3.1.20/jnr-posix-3.1.20.jar:/home/runner/.m2/repository/com/github/jnr/jnr-ffi/2.2.17/jnr-ffi-2.2.17.jar:/home/runner/.m2/repository/com/github/jnr/jffi/1.3.13/jffi-1.3.13.jar:/home/runner/.m2/repository/com/github/jnr/jffi/1.3.13/jffi-1.3.13-native.jar:/home/runner/.m2/repository/org/ow2/asm/asm/9.7.1/asm-9.7.1.jar:/home/runner/.m2/repository/org/ow2/asm/asm-commons/9.7.1/asm-commons-9.7.1.jar:/home/runner/.m2/repository/org/ow2/asm/asm-analysis/9.7.1/asm-analysis-9.7.1.jar:/home/runner/.m2/repository/org/ow2/asm/asm-tree/9.7.1/asm-tree-9.7.1.jar:/home/runner/.m2/repository/org/ow2/asm/asm-util/9.7.1/asm-util-9.7.1.jar:/home/runner/.m2/repository/com/github/jnr/jnr-a64asm/1.0.0/jnr-a64asm-1.0.0.jar:/home/runner/.m2/repository/com/github/jnr/jnr-x86asm/1.0.2/jnr-x86asm-1.0.2.jar:/home/runner/.m2/repository/commons-fileupload/commons-fileupload/1.5/commons-fileupload-1.5.jar:/home/runner/.m2/repository/io/prometheus/simpleclient/0.16.0/simpleclient-0.16.0.jar:/home/runner/.m2/repository/io/prometheus/simpleclient_common/0.16.0/simpleclient_common-0.16.0.jar:/home/runner/.m2/repository/io/prometheus/simpleclient_dropwizard/0.16.0/simpleclient_dropwizard-0.16.0.jar:/home/runner/.m2/repository/org/apache/logging/log4j/log4j-core/2.24.2/log4j-core-2.24.2.jar:/home/runner/.m2/repository/org/eclipse/jetty/jetty-http/9.4.57.v20241219/jetty-http-9.4.57.v20241219.jar:/home/runner/.m2/repository/com/lmax/disruptor/3.4.4/disruptor-3.4.4.jar:/home/runner/.m2/repository/com/nimbusds/nimbus-jose-jwt/9.40/nimbus-jose-jwt-9.40.jar:/home/runner/.m2/repository/org/apache/kerby/kerb-util/1.0.1/kerb-util-1.0.1.jar:/home/runner/.m2/repository/org/apache/kerby/kerby-config/1.0.1/kerby-config-1.0.1.jar:/home/runner/.m2/repository/org/apache/kerby/kerb-crypto/1.0.1/kerb-crypto-1.0.1.jar:/home/runner/work/ozone/ozone/hadoop-hdds/server-scm/target/hdds-server-scm-2.1.0-SNAPSHOT-tests.jar:/home/runner/work/ozone/ozone/hadoop-hdds/test-utils/target/hdds-test-utils-2.1.0-SNAPSHOT-tests.jar:/home/runner/work/ozone/ozone/hadoop-ozone/ozone-manager/target/ozone-manager-2.1.0-SNAPSHOT-tests.jar:/home/runner/work/ozone/ozone/hadoop-ozone/mini-cluster/target/ozone-mini-cluster-2.1.0-SNAPSHOT.jar:/home/runner/.m2/repository/org/assertj/assertj-core/3.27.3/assertj-core-3.27.3.jar:/home/runner/.m2/repository/net/bytebuddy/byte-buddy/1.15.11/byte-buddy-1.15.11.jar:/home/runner/.m2/repository/org/junit/jupiter/junit-jupiter-api/5.12.2/junit-jupiter-api-5.12.2.jar:/home/runner/.m2/repository/org/opentest4j/opentest4j/1.3.0/opentest4j-1.3.0.jar:/home/runner/.m2/repository/org/junit/platform/junit-platform-commons/1.12.2/junit-platform-commons-1.12.2.jar:/home/runner/.m2/repository/org/apiguardian/apiguardian-api/1.1.2/apiguardian-api-1.1.2.jar:/home/runner/.m2/repository/org/junit/jupiter/junit-jupiter-params/5.12.2/junit-jupiter-params-5.12.2.jar:/home/runner/.m2/repository/org/mockito/mockito-core/4.11.0/mockito-core-4.11.0.jar:/home/runner/.m2/repository/net/bytebuddy/byte-buddy-agent/1.12.19/byte-buddy-agent-1.12.19.jar:/home/runner/.m2/repository/org/objenesis/objenesis/3.3/objenesis-3.3.jar:/home/runner/.m2/repository/org/mockito/mockito-inline/4.11.0/mockito-inline-4.11.0.jar:/home/runner/.m2/repository/org/mockito/mockito-junit-jupiter/4.11.0/mockito-junit-jupiter-4.11.0.jar:/home/runner/work/ozone/ozone/hadoop-ozone/integration-test/target/gradle-enterprise/test-listeners.jar:
STARTUP_MSG:   build = https://github.com/apache/ozone/d92f0ed87e7396665972628463cce3b55daa0626
STARTUP_MSG:   java = 21.0.7
STARTUP_MSG:   conf = {hadoop.hdds.db.rocksdb.WAL_size_limit_MB=0MB, hadoop.hdds.db.rocksdb.WAL_ttl_seconds=1200, hadoop.hdds.db.rocksdb.keep.log.file.num=10, hadoop.hdds.db.rocksdb.logging.enabled=false, hadoop.hdds.db.rocksdb.logging.level=INFO, hadoop.hdds.db.rocksdb.max.log.file.size=100MB, hadoop.hdds.db.rocksdb.writeoption.sync=false, hdds.block.token.enabled=false, hdds.block.token.expiry.time=1d, hdds.command.status.report.interval=30s, hdds.container.action.max.limit=20, hdds.container.balancer.balancing.iteration.interval=70m, hdds.container.balancer.datanodes.involved.max.percentage.per.iteration=20, hdds.container.balancer.iterations=10, hdds.container.balancer.move.networkTopology.enable=false, hdds.container.balancer.move.replication.timeout=50m, hdds.container.balancer.move.timeout=65m, hdds.container.balancer.size.entering.target.max=26GB, hdds.container.balancer.size.leaving.source.max=26GB, hdds.container.balancer.size.moved.max.per.iteration=500GB, hdds.container.balancer.trigger.du.before.move.enable=false, hdds.container.balancer.utilization.threshold=10, hdds.container.checksum.verification.enabled=true, hdds.container.chunk.write.sync=false, hdds.container.close.threshold=0.9f, hdds.container.ipc.port=9859, hdds.container.ipc.random.port=false, hdds.container.ratis.admin.port=9857, hdds.container.ratis.datastream.enabled=true, hdds.container.ratis.datastream.port=9855, hdds.container.ratis.datastream.random.port=false, hdds.container.ratis.enabled=false, hdds.container.ratis.ipc.port=9858, hdds.container.ratis.ipc.random.port=false, hdds.container.ratis.leader.pending.bytes.limit=1GB, hdds.container.ratis.log.appender.queue.byte-limit=32MB, hdds.container.ratis.log.appender.queue.num-elements=1024, hdds.container.ratis.log.purge.gap=1000000, hdds.container.ratis.log.queue.byte-limit=4GB, hdds.container.ratis.log.queue.num-elements=1024, hdds.container.ratis.num.container.op.executors=10, hdds.container.ratis.num.write.chunk.threads.per.volume=4, hdds.container.ratis.rpc.type=GRPC, hdds.container.ratis.segment.preallocated.size=4MB, hdds.container.ratis.segment.size=64MB, hdds.container.ratis.server.port=9856, hdds.container.ratis.statemachine.max.pending.apply-transactions=100000, hdds.container.ratis.statemachine.write.wait.interval=10m, hdds.container.ratis.statemachinedata.sync.timeout=10s, hdds.container.replication.compression=NO_COMPRESSION, hdds.container.report.interval=60m, hdds.container.scrub.data.scan.interval=7d, hdds.container.scrub.dev.data.scan.enabled=true, hdds.container.scrub.dev.metadata.scan.enabled=true, hdds.container.scrub.enabled=true, hdds.container.scrub.metadata.scan.interval=3h, hdds.container.scrub.min.gap=15m, hdds.container.scrub.on.demand.volume.bytes.per.second=5242880, hdds.container.scrub.volume.bytes.per.second=5242880, hdds.container.token.enabled=false, hdds.datanode.block.delete.command.worker.interval=2s, hdds.datanode.block.delete.max.lock.wait.timeout=100ms, hdds.datanode.block.delete.queue.limit=5, hdds.datanode.block.delete.threads.max=5, hdds.datanode.block.deleting.limit.per.interval=5000, hdds.datanode.block.deleting.max.lock.holding.time=1s, hdds.datanode.block.deleting.service.interval=60s, hdds.datanode.check.empty.container.dir.on.delete=false, hdds.datanode.chunk.data.validation.check=false, hdds.datanode.client.bind.host=0.0.0.0, hdds.datanode.client.port=19864, hdds.datanode.command.queue.limit=5000, hdds.datanode.container.close.threads.max=3, hdds.datanode.container.delete.threads.max=2, hdds.datanode.container.schema.v3.enabled=true, hdds.datanode.container.schema.v3.key.separator=|, hdds.datanode.delete.container.timeout=60s, hdds.datanode.df.refresh.period=5m, hdds.datanode.dir=file:///home/runner/work/ozone/ozone/hadoop-ozone/integration-test/target/tmp/dfs/data, hdds.datanode.disk.check.io.failures.tolerated=1, hdds.datanode.disk.check.io.file.size=100B, hdds.datanode.disk.check.io.test.count=3, hdds.datanode.disk.check.min.gap=10m, hdds.datanode.disk.check.timeout=10m, hdds.datanode.dns.interface=default, hdds.datanode.dns.nameserver=default, hdds.datanode.du.factory.classname=org.apache.hadoop.hdds.fs.MockSpaceUsageCheckFactory$None, hdds.datanode.du.refresh.period=1h, hdds.datanode.failed.data.volumes.tolerated=-1, hdds.datanode.failed.db.volumes.tolerated=-1, hdds.datanode.failed.metadata.volumes.tolerated=-1, hdds.datanode.handler.count=10, hdds.datanode.http-address=0.0.0.0:9882, hdds.datanode.http-bind-host=0.0.0.0, hdds.datanode.http.auth.kerberos.keytab=/etc/security/keytabs/HTTP.keytab, hdds.datanode.http.auth.kerberos.principal=HTTP/_HOST@REALM, hdds.datanode.http.auth.type=simple, hdds.datanode.http.enabled=true, hdds.datanode.https-address=0.0.0.0:9883, hdds.datanode.https-bind-host=0.0.0.0, hdds.datanode.metadata.rocksdb.cache.size=1GB, hdds.datanode.periodic.disk.check.interval.minutes=60, hdds.datanode.ratis.server.request.timeout=2m, hdds.datanode.read.chunk.threads.per.volume=10, hdds.datanode.read.threadpool=10, hdds.datanode.recovering.container.scrubbing.service.interval=1m, hdds.datanode.replication.outofservice.limit.factor=2.0, hdds.datanode.replication.port=9886, hdds.datanode.replication.queue.limit=4096, hdds.datanode.replication.streams.limit=10, hdds.datanode.rocksdb.auto-compaction-small-sst-file=true, hdds.datanode.rocksdb.auto-compaction-small-sst-file-num-threshold=512, hdds.datanode.rocksdb.auto-compaction-small-sst-file-size-threshold=1MB, hdds.datanode.rocksdb.auto-compaction-small-sst-file.interval.minutes=120, hdds.datanode.rocksdb.auto-compaction-small-sst-file.threads=1, hdds.datanode.rocksdb.delete-obsolete-files-period=1h, hdds.datanode.rocksdb.log.level=INFO, hdds.datanode.rocksdb.log.max-file-num=64, hdds.datanode.rocksdb.log.max-file-size=32MB, hdds.datanode.rocksdb.max-open-files=1024, hdds.datanode.slow.op.warning.threshold=500ms, hdds.datanode.storage.utilization.critical.threshold=0.95, hdds.datanode.storage.utilization.warning.threshold=0.75, hdds.datanode.use.datanode.hostname=false, hdds.datanode.volume.choosing.policy=org.apache.hadoop.ozone.container.common.volume.CapacityVolumeChoosingPolicy, hdds.datanode.volume.min.free.space=-1, hdds.datanode.volume.min.free.space.percent=-1, hdds.datanode.wait.on.all.followers=false, hdds.db.profile=DISK, hdds.grpc.tls.enabled=false, hdds.grpc.tls.provider=OPENSSL, hdds.heartbeat.initial-interval=2s, hdds.heartbeat.interval=1s, hdds.heartbeat.recon.initial-interval=60s, hdds.heartbeat.recon.interval=60s, hdds.key.algo=RSA, hdds.key.dir.name=keys, hdds.key.len=2048, hdds.node.report.interval=60000ms, hdds.pipeline.action.max.limit=20, hdds.pipeline.report.interval=60000ms, hdds.priv.key.file.name=private.pem, hdds.profiler.endpoint.enabled=false, hdds.prometheus.endpoint.enabled=true, hdds.public.key.file.name=public.pem, hdds.ratis.client.exponential.backoff.base.sleep=4s, hdds.ratis.client.exponential.backoff.max.retries=2147483647, hdds.ratis.client.exponential.backoff.max.sleep=40s, hdds.ratis.client.multilinear.random.retry.policy=5s, 5, 10s, 5, 15s, 5, 20s, 5, 25s, 5, 60s, 10, hdds.ratis.client.request.watch.timeout=3m, hdds.ratis.client.request.watch.type=ALL_COMMITTED, hdds.ratis.client.request.write.timeout=5m, hdds.ratis.client.retry.policy=org.apache.hadoop.hdds.ratis.retrypolicy.RequestTypeDependentRetryPolicyCreator, hdds.ratis.client.retrylimited.max.retries=180, hdds.ratis.client.retrylimited.retry.interval=1s, hdds.ratis.leader.election.minimum.timeout.duration=5s, hdds.ratis.raft.client.async.outstanding-requests.max=32, hdds.ratis.raft.client.rpc.request.timeout=60s, hdds.ratis.raft.client.rpc.watch.request.timeout=180s, hdds.ratis.raft.grpc.flow.control.window=5MB, hdds.ratis.raft.server.datastream.client.pool.size=10, hdds.ratis.raft.server.datastream.request.threads=20, hdds.ratis.raft.server.delete.ratis.log.directory=true, hdds.ratis.raft.server.leaderelection.pre-vote=true, hdds.ratis.raft.server.log.appender.wait-time.min=0us, hdds.ratis.raft.server.notification.no-leader.timeout=300s, hdds.ratis.raft.server.rpc.request.timeout=60s, hdds.ratis.raft.server.rpc.slowness.timeout=300s, hdds.ratis.raft.server.watch.timeout=30s, hdds.ratis.raft.server.write.element-limit=1024, hdds.ratis.server.num.snapshots.retained=5, hdds.ratis.server.retry-cache.timeout.duration=600000ms, hdds.ratis.snapshot.threshold=100000, hdds.scm.block.deleting.service.interval=60s, hdds.scm.block.deletion.per-interval.max=100000, hdds.scm.block.deletion.txn.dn.commit.map.limit=5000000, hdds.scm.ec.pipeline.choose.policy.impl=org.apache.hadoop.hdds.scm.pipeline.choose.algorithms.RandomPipelineChoosePolicy, hdds.scm.http.auth.kerberos.keytab=/etc/security/keytabs/HTTP.keytab, hdds.scm.http.auth.kerberos.principal=HTTP/_HOST@REALM, hdds.scm.http.auth.type=simple, hdds.scm.kerberos.keytab.file=/etc/security/keytabs/SCM.keytab, hdds.scm.kerberos.principal=SCM/_HOST@REALM, hdds.scm.pipeline.choose.policy.impl=org.apache.hadoop.hdds.scm.pipeline.choose.algorithms.RandomPipelineChoosePolicy, hdds.scm.replication.datanode.delete.container.limit=40, hdds.scm.replication.datanode.reconstruction.weight=3, hdds.scm.replication.datanode.replication.limit=20, hdds.scm.replication.event.timeout=12m, hdds.scm.replication.event.timeout.datanode.offset=6m, hdds.scm.replication.inflight.limit.factor=0.75, hdds.scm.replication.maintenance.remaining.redundancy=1, hdds.scm.replication.maintenance.replica.minimum=2, hdds.scm.replication.over.replicated.interval=30s, hdds.scm.replication.push=true, hdds.scm.replication.thread.interval=300s, hdds.scm.replication.under.replicated.interval=30s, hdds.scm.safemode.atleast.one.node.reported.pipeline.pct=0.90, hdds.scm.safemode.enabled=true, hdds.scm.safemode.healthy.pipeline.pct=0.10, hdds.scm.safemode.min.datanode=1, hdds.scm.safemode.pipeline.creation=true, hdds.scm.safemode.threshold.pct=0.99, hdds.scm.unknown-container.action=WARN, hdds.scm.wait.time.after.safemode.exit=5m, hdds.scmclient.failover.max.retry=15, hdds.scmclient.failover.retry.interval=2s, hdds.scmclient.max.retry.timeout=10m, hdds.scmclient.rpc.timeout=15m, hdds.secret.key.algorithm=HmacSHA256, hdds.secret.key.expiry.duration=7d, hdds.secret.key.file.name=secret_keys.json, hdds.secret.key.rotate.check.duration=10m, hdds.secret.key.rotate.duration=1d, hdds.security.client.datanode.container.protocol.acl=*, hdds.security.client.scm.block.protocol.acl=*, hdds.security.client.scm.certificate.protocol.acl=*, hdds.security.client.scm.container.protocol.acl=*, hdds.security.client.scm.secretkey.datanode.protocol.acl=*, hdds.security.client.scm.secretkey.om.protocol.acl=*, hdds.security.client.scm.secretkey.scm.protocol.acl=*, hdds.security.provider=BC, hdds.tracing.enabled=false, hdds.x509.ca.rotation.ack.timeout=PT15M, hdds.x509.ca.rotation.check.interval=P1D, hdds.x509.ca.rotation.enabled=false, hdds.x509.ca.rotation.time-of-day=02:00:00, hdds.x509.default.duration=P365D, hdds.x509.dir.name=certs, hdds.x509.expired.certificate.check.interval=P1D, hdds.x509.file.name=certificate.crt, hdds.x509.max.duration=P1865D, hdds.x509.renew.grace.duration=P28D, hdds.x509.rootca.certificate.polling.interval=PT2h, hdds.x509.signature.algorithm=SHA256withRSA, hdds.xframe.enabled=true, hdds.xframe.value=SAMEORIGIN, ozone.UnsafeByteOperations.enabled=true, ozone.acl.authorizer.class=org.apache.hadoop.ozone.security.acl.OzoneAccessAuthorizer, ozone.acl.enabled=false, ozone.block.deleting.service.interval=1m, ozone.block.deleting.service.timeout=300000ms, ozone.block.deleting.service.workers=10, ozone.chunk.read.buffer.default.size=1MB, ozone.chunk.read.mapped.buffer.max.count=0, ozone.chunk.read.mapped.buffer.threshold=32KB, ozone.client.bucket.replication.config.refresh.time.ms=30000, ozone.client.bytes.per.checksum=16KB, ozone.client.checksum.combine.mode=COMPOSITE_CRC, ozone.client.checksum.type=CRC32, ozone.client.connection.timeout=5000ms, ozone.client.datastream.buffer.flush.size=4MB, ozone.client.datastream.min.packet.size=256KB, ozone.client.datastream.pipeline.mode=true, ozone.client.datastream.window.size=8MB, ozone.client.ec.grpc.retries.enabled=true, ozone.client.ec.grpc.retries.max=3, ozone.client.ec.grpc.write.timeout=30s, ozone.client.ec.reconstruct.stripe.read.pool.limit=30, ozone.client.ec.reconstruct.stripe.write.pool.limit=30, ozone.client.ec.stripe.queue.size=2, ozone.client.exclude.nodes.expiry.time=600000, ozone.client.failover.max.attempts=500, ozone.client.fs.default.bucket.layout=FILE_SYSTEM_OPTIMIZED, ozone.client.hbase.enhancements.allowed=false, ozone.client.incremental.chunk.list=false, ozone.client.key.latest.version.location=true, ozone.client.key.provider.cache.expiry=10d, ozone.client.key.write.concurrency=1, ozone.client.list.cache=1000, ozone.client.max.ec.stripe.write.retries=10, ozone.client.max.retries=5, ozone.client.read.max.retries=3, ozone.client.read.retry.interval=1, ozone.client.read.timeout=30s, ozone.client.retry.interval=0, ozone.client.server-defaults.validity.period.ms=3600000, ozone.client.socket.timeout=5000ms, ozone.client.stream.buffer.flush.delay=true, ozone.client.stream.buffer.flush.size=1MB, ozone.client.stream.buffer.increment=0B, ozone.client.stream.buffer.max.size=2MB, ozone.client.stream.buffer.size=1MB, ozone.client.stream.putblock.piggybacking=false, ozone.client.verify.checksum=true, ozone.client.wait.between.retries.millis=2000, ozone.compaction.service.enabled=false, ozone.container.cache.lock.stripes=1024, ozone.container.cache.size=1024, ozone.csi.default-volume-size=1000000000, ozone.csi.mount.command=goofys --endpoint %s %s %s, ozone.csi.s3g.address=http://localhost:9878, ozone.csi.socket=/var/lib/csi.sock, ozone.directory.deleting.service.interval=1m, ozone.filesystem.snapshot.enabled=true, ozone.freon.http-address=0.0.0.0:9884, ozone.freon.http-bind-host=0.0.0.0, ozone.freon.http.auth.kerberos.keytab=/etc/security/keytabs/HTTP.keytab, ozone.freon.http.auth.kerberos.principal=HTTP/_HOST@REALM, ozone.freon.http.auth.type=simple, ozone.freon.http.enabled=true, ozone.freon.https-address=0.0.0.0:9885, ozone.freon.https-bind-host=0.0.0.0, ozone.fs.datastream.auto.threshold=4MB, ozone.fs.datastream.enabled=false, ozone.fs.hsync.enabled=false, ozone.fs.iterate.batch-size=100, ozone.fs.listing.page.size=1024, ozone.fs.listing.page.size.max=5000, ozone.hbase.enhancements.allowed=false, ozone.http.policy=HTTP_ONLY, ozone.https.client.keystore.resource=ssl-client.xml, ozone.https.client.need-auth=false, ozone.https.server.keystore.resource=ssl-server.xml, ozone.key.deleting.limit.per.task=20000, ozone.key.preallocation.max.blocks=64, ozone.manager.delegation.remover.scan.interval=3600000, ozone.manager.delegation.token.max-lifetime=7d, ozone.manager.delegation.token.renew-interval=1d, ozone.metadata.dirs.permissions=750, ozone.metastore.rocksdb.cf.write.buffer.size=128MB, ozone.metastore.rocksdb.statistics=OFF, ozone.network.flexible.fqdn.resolution.enabled=false, ozone.network.jvm.address.cache.enabled=true, ozone.network.topology.aware.read=true, ozone.om.address=0.0.0.0:9862, ozone.om.admin.protocol.max.retries=20, ozone.om.admin.protocol.wait.between.retries=1000, ozone.om.client.rpc.timeout=15m, ozone.om.client.trash.core.pool.size=5, ozone.om.compaction.service.columnfamilies=keyTable,fileTable,directoryTable,deletedTable,deletedDirectoryTable,multipartInfoTable, ozone.om.compaction.service.run.interval=6h, ozone.om.compaction.service.timeout=10m, ozone.om.container.location.cache.size=100000, ozone.om.container.location.cache.ttl=360m, ozone.om.db.dirs.permissions=750, ozone.om.db.max.open.files=-1, ozone.om.delta.update.data.size.max.limit=1024MB, ozone.om.edekcacheloader.initial.delay.ms=3000, ozone.om.edekcacheloader.interval.ms=1000, ozone.om.edekcacheloader.max-retries=10, ozone.om.enable.filesystem.paths=false, ozone.om.enable.ofs.shared.tmp.dir=false, ozone.om.fs.snapshot.max.limit=1000, ozone.om.group.rights=READ, LIST, ozone.om.grpc.bossgroup.size=8, ozone.om.grpc.maximum.response.length=134217728, ozone.om.grpc.port=8981, ozone.om.grpc.read.thread.num=32, ozone.om.grpc.workergroup.size=32, ozone.om.ha.raft.server.log.appender.wait-time.min=0ms, ozone.om.ha.raft.server.retrycache.expirytime=300s, ozone.om.handler.count.key=20, ozone.om.http-address=0.0.0.0:9874, ozone.om.http-bind-host=0.0.0.0, ozone.om.http.auth.kerberos.keytab=/etc/security/keytabs/HTTP.keytab, ozone.om.http.auth.kerberos.principal=HTTP/_HOST@REALM, ozone.om.http.auth.type=simple, ozone.om.http.enabled=true, ozone.om.https-address=0.0.0.0:9875, ozone.om.https-bind-host=0.0.0.0, ozone.om.kerberos.keytab.file=/etc/security/keytabs/OM.keytab, ozone.om.kerberos.principal=OM/_HOST@REALM, ozone.om.kerberos.principal.pattern=*, ozone.om.key.path.lock.enabled=false, ozone.om.keyname.character.check.enabled=false, ozone.om.leader.election.minimum.timeout.duration=5s, ozone.om.lease.hard.limit=7d, ozone.om.lease.soft.limit=60s, ozone.om.lock.fair=false, ozone.om.max.buckets=100000, ozone.om.multitenancy.enabled=false, ozone.om.multitenancy.ranger.sync.interval=10m, ozone.om.multitenancy.ranger.sync.timeout=10s, ozone.om.namespace.s3.strict=true, ozone.om.network.topology.refresh.duration=1h, ozone.om.open.key.cleanup.limit.per.task=1000, ozone.om.open.key.cleanup.service.interval=24h, ozone.om.open.key.cleanup.service.timeout=300s, ozone.om.open.key.expire.threshold=7d, ozone.om.open.mpu.cleanup.service.interval=24h, ozone.om.open.mpu.cleanup.service.timeout=300s, ozone.om.open.mpu.expire.threshold=30d, ozone.om.open.mpu.parts.cleanup.limit.per.task=1000, ozone.om.ratis.log.appender.queue.byte-limit=4MB, ozone.om.ratis.log.appender.queue.num-elements=1024, ozone.om.ratis.log.purge.gap=1000000, ozone.om.ratis.log.purge.preservation.log.num=0, ozone.om.ratis.log.purge.upto.snapshot.index=true, ozone.om.ratis.minimum.timeout=5s, ozone.om.ratis.port=9872, ozone.om.ratis.rpc.type=GRPC, ozone.om.ratis.segment.preallocated.size=4MB, ozone.om.ratis.segment.size=4MB, ozone.om.ratis.server.close.threshold=60s, ozone.om.ratis.server.failure.timeout.duration=120s, ozone.om.ratis.server.leaderelection.pre-vote=true, ozone.om.ratis.server.request.timeout=3s, ozone.om.ratis.server.retry.cache.timeout=600000ms, ozone.om.ratis.snapshot.max.total.sst.size=100000000, ozone.om.read.threadpool=10, ozone.om.s3.grpc.server_enabled=false, ozone.om.save.metrics.interval=5m, ozone.om.security.admin.protocol.acl=*, ozone.om.security.client.protocol.acl=*, ozone.om.server.list.max.size=1000, ozone.om.snapshot.cache.cleanup.service.run.interval=1m, ozone.om.snapshot.cache.max.size=10, ozone.om.snapshot.checkpoint.dir.creation.poll.timeout=20s, ozone.om.snapshot.compaction.dag.max.time.allowed=30d, ozone.om.snapshot.compaction.dag.prune.daemon.run.interval=3600s, ozone.om.snapshot.db.max.open.files=100, ozone.om.snapshot.diff.cleanup.service.run.interval=1m, ozone.om.snapshot.diff.cleanup.service.timeout=5m, ozone.om.snapshot.diff.disable.native.libs=false, ozone.om.snapshot.diff.job.default.wait.time=1s, ozone.om.snapshot.diff.job.report.persistent.time=7d, ozone.om.snapshot.diff.max.allowed.keys.changed.per.job=10000000, ozone.om.snapshot.diff.max.jobs.purge.per.task=100, ozone.om.snapshot.diff.max.page.size=1000, ozone.om.snapshot.diff.thread.pool.size=10, ozone.om.snapshot.force.full.diff=false, ozone.om.snapshot.load.native.lib=true, ozone.om.snapshot.provider.connection.timeout=5000s, ozone.om.snapshot.provider.request.timeout=300000ms, ozone.om.snapshot.provider.socket.timeout=5000s, ozone.om.snapshot.rocksdb.metrics.enabled=false, ozone.om.transport.class=org.apache.hadoop.ozone.om.protocolPB.Hadoop3OmTransportFactory, ozone.om.unflushed.transaction.max.count=10000, ozone.om.upgrade.finalization.ratis.based.timeout=30s, ozone.om.upgrade.quota.recalculate.enabled=true, ozone.om.user.max.volume=1024, ozone.om.user.rights=ALL, ozone.om.volume.listall.allowed=true, ozone.recon.containerkey.flush.db.max.threshold=150000, ozone.recon.db.dirs.permissions=750, ozone.recon.heatmap.enable=false, ozone.recon.http-address=0.0.0.0:9888, ozone.recon.http-bind-host=0.0.0.0, ozone.recon.http.auth.kerberos.keytab=/etc/security/keytabs/HTTP.keytab, ozone.recon.http.auth.kerberos.principal=HTTP/_HOST@REALM, ozone.recon.http.auth.type=simple, ozone.recon.http.enabled=true, ozone.recon.https-address=0.0.0.0:9889, ozone.recon.https-bind-host=0.0.0.0, ozone.recon.nssummary.flush.db.max.threshold=150000, ozone.recon.om.connection.request.timeout=5000, ozone.recon.om.connection.timeout=5s, ozone.recon.om.snapshot.task.flush.param=false, ozone.recon.om.snapshot.task.initial.delay=1m, ozone.recon.om.snapshot.task.interval.delay=5s, ozone.recon.om.socket.timeout=5s, ozone.recon.scm.connection.request.timeout=5s, ozone.recon.scm.connection.timeout=5s, ozone.recon.scm.container.threshold=100, ozone.recon.scm.snapshot.enabled=true, ozone.recon.scm.snapshot.task.initial.delay=1m, ozone.recon.scm.snapshot.task.interval.delay=24h, ozone.recon.scmclient.failover.max.retry=3, ozone.recon.scmclient.max.retry.timeout=6s, ozone.recon.scmclient.rpc.timeout=1m, ozone.recon.security.client.datanode.container.protocol.acl=*, ozone.recon.sql.db.auto.commit=true, ozone.recon.sql.db.conn.idle.max.age=3600s, ozone.recon.sql.db.conn.idle.test=SELECT 1, ozone.recon.sql.db.conn.idle.test.period=60s, ozone.recon.sql.db.conn.max.active=5, ozone.recon.sql.db.conn.max.age=1800s, ozone.recon.sql.db.conn.timeout=30000ms, ozone.recon.sql.db.driver=org.apache.derby.jdbc.EmbeddedDriver, ozone.recon.sql.db.jdbc.url=jdbc:derby:${ozone.recon.db.dir}/ozone_recon_derby.db, ozone.recon.sql.db.jooq.dialect=DERBY, ozone.recon.task.containercounttask.interval=60s, ozone.recon.task.missingcontainer.interval=300s, ozone.recon.task.pipelinesync.interval=300s, ozone.recon.task.safemode.wait.threshold=300s, ozone.recon.task.thread.count=1, ozone.replication.allowed-configs=^((STANDALONE|RATIS)/(ONE|THREE))|(EC/(3-2|6-3|10-4)-(512|1024|2048|4096)k)$, ozone.rest.client.http.connection.max=100, ozone.rest.client.http.connection.per-route.max=20, ozone.s3g.client.buffer.size=4MB, ozone.s3g.default.bucket.layout=OBJECT_STORE, ozone.s3g.http-address=0.0.0.0:9878, ozone.s3g.http-bind-host=0.0.0.0, ozone.s3g.http.auth.kerberos.keytab=/etc/security/keytabs/HTTP.keytab, ozone.s3g.http.auth.kerberos.principal=HTTP/_HOST@REALM, ozone.s3g.http.auth.type=simple, ozone.s3g.http.enabled=true, ozone.s3g.https-address=0.0.0.0:9879, ozone.s3g.kerberos.keytab.file=/etc/security/keytabs/s3g.keytab, ozone.s3g.kerberos.principal=s3g/_HOST@REALM, ozone.s3g.list-keys.shallow.enabled=true, ozone.s3g.metrics.percentiles.intervals.seconds=60, ozone.s3g.secret.http.auth.type=kerberos, ozone.s3g.secret.http.enabled=false, ozone.s3g.volume.name=s3v, ozone.s3g.webadmin.http-address=0.0.0.0:19878, ozone.s3g.webadmin.http-bind-host=0.0.0.0, ozone.s3g.webadmin.http.enabled=true, ozone.s3g.webadmin.https-address=0.0.0.0:19879, ozone.scm.block.client.bind.host=0.0.0.0, ozone.scm.block.client.port=9863, ozone.scm.block.deletion.max.retry=4096, ozone.scm.block.handler.count.key=100, ozone.scm.block.read.threadpool=10, ozone.scm.block.size=4MB, ozone.scm.ca.list.retry.interval=10s, ozone.scm.chunk.size=1MB, ozone.scm.client.bind.host=0.0.0.0, ozone.scm.client.handler.count.key=100, ozone.scm.client.port=9860, ozone.scm.client.read.threadpool=10, ozone.scm.close.container.wait.duration=1s, ozone.scm.container.layout=FILE_PER_BLOCK, ozone.scm.container.list.max.count=4096, ozone.scm.container.lock.stripes=512, ozone.scm.container.placement.ec.impl=org.apache.hadoop.hdds.scm.container.placement.algorithms.SCMContainerPlacementRackScatter, ozone.scm.container.placement.impl=org.apache.hadoop.hdds.scm.container.placement.algorithms.SCMContainerPlacementRackAware, ozone.scm.container.size=5GB, ozone.scm.datanode.admin.monitor.interval=30s, ozone.scm.datanode.admin.monitor.logging.limit=1000, ozone.scm.datanode.disallow.same.peers=false, ozone.scm.datanode.handler.count.key=100, ozone.scm.datanode.pipeline.limit=2, ozone.scm.datanode.port=9861, ozone.scm.datanode.ratis.volume.free-space.min=1GB, ozone.scm.datanode.read.threadpool=10, ozone.scm.db.dirs.permissions=750, ozone.scm.dead.node.interval=10m, ozone.scm.ec.pipeline.minimum=5, ozone.scm.ec.pipeline.per.volume.factor=1, ozone.scm.event.ContainerReport.thread.pool.size=10, ozone.scm.expired.container.replica.op.scrub.interval=5m, ozone.scm.grpc.port=9895, ozone.scm.ha.dbtransactionbuffer.flush.interval=600s, ozone.scm.ha.grpc.deadline.interval=30m, ozone.scm.ha.raft.server.log.appender.wait-time.min=0ms, ozone.scm.ha.ratis.leader.election.timeout=5s, ozone.scm.ha.ratis.leader.ready.check.interval=2s, ozone.scm.ha.ratis.leader.ready.wait.timeout=60s, ozone.scm.ha.ratis.log.appender.queue.byte-limit=4MB, ozone.scm.ha.ratis.log.appender.queue.num-elements=1024, ozone.scm.ha.ratis.log.purge.enabled=false, ozone.scm.ha.ratis.log.purge.gap=1000000, ozone.scm.ha.ratis.request.timeout=30s, ozone.scm.ha.ratis.rpc.type=GRPC, ozone.scm.ha.ratis.segment.preallocated.size=4MB, ozone.scm.ha.ratis.segment.size=4MB, ozone.scm.ha.ratis.server.failure.timeout.duration=120s, ozone.scm.ha.ratis.server.leaderelection.pre-vote=true, ozone.scm.ha.ratis.server.retry.cache.timeout=60s, ozone.scm.ha.ratis.server.snapshot.creation.gap=1024, ozone.scm.ha.ratis.snapshot.threshold=1000, ozone.scm.handler.count.key=20, ozone.scm.heartbeat.log.warn.interval.count=10, ozone.scm.heartbeat.rpc-retry-count=15, ozone.scm.heartbeat.rpc-retry-interval=1s, ozone.scm.heartbeat.rpc-timeout=5s, ozone.scm.heartbeat.thread.interval=100ms, ozone.scm.http-address=0.0.0.0:9876, ozone.scm.http-bind-host=0.0.0.0, ozone.scm.http.enabled=true, ozone.scm.https-address=0.0.0.0:9877, ozone.scm.https-bind-host=0.0.0.0, ozone.scm.info.wait.duration=10m, ozone.scm.keyvalue.container.deletion-choosing.policy=org.apache.hadoop.ozone.container.common.impl.TopNOrderedContainerDeletionChoosingPolicy, ozone.scm.network.topology.schema.file=network-topology-default.xml, ozone.scm.pipeline.allocated.timeout=5m, ozone.scm.pipeline.creation.auto.factor.one=true, ozone.scm.pipeline.creation.interval=120s, ozone.scm.pipeline.destroy.timeout=66s, ozone.scm.pipeline.leader-choose.policy=org.apache.hadoop.hdds.scm.pipeline.leader.choose.algorithms.MinLeaderCountChoosePolicy, ozone.scm.pipeline.owner.container.count=3, ozone.scm.pipeline.per.metadata.disk=2, ozone.scm.pipeline.scrub.interval=5m, ozone.scm.ratis.pipeline.limit=3, ozone.scm.ratis.port=9894, ozone.scm.security.handler.count.key=2, ozone.scm.security.read.threadpool=1, ozone.scm.security.service.bind.host=0.0.0.0, ozone.scm.security.service.port=9961, ozone.scm.sequence.id.batch.size=1000, ozone.scm.skip.bootstrap.validation=false, ozone.scm.stale.node.interval=5m, ozone.security.crypto.compliance.mode=unrestricted, ozone.security.enabled=false, ozone.security.http.kerberos.enabled=false, ozone.security.reconfigure.protocol.acl=*, ozone.server.default.replication=3, ozone.server.default.replication.type=RATIS, ozone.service.shutdown.timeout=60s, ozone.snapshot.deep.cleaning.enabled=false, ozone.snapshot.deleting.limit.per.task=10, ozone.snapshot.deleting.service.interval=30s, ozone.snapshot.deleting.service.timeout=300s, ozone.snapshot.directory.service.interval=24h, ozone.snapshot.directory.service.timeout=300s, ozone.snapshot.filtering.limit.per.task=2, ozone.snapshot.filtering.service.interval=1m, ozone.snapshot.key.deleting.limit.per.task=20000, ozone.sst.filtering.service.timeout=300000ms, ozone.test.test.key=value1, ozone.volume.io.percentiles.intervals.seconds=60, ozone.xceiver.client.metrics.percentiles.intervals.seconds=60, recon.om.delta.update.lag.threshold=0, recon.om.delta.update.limit=50000, scm.container.client.idle.threshold=10s, scm.container.client.max.size=256, test.scm.client.address=localhost, test.scm.client.bind.host=0.0.0.0, test.scm.client.class=java.lang.Object, test.scm.client.compression.enabled=true, test.scm.client.duration=1h, test.scm.client.enabled=true, test.scm.client.port=9878, test.scm.client.threshold=10, test.scm.client.wait=30m, yarn.app.mapreduce.am.container.log.backups=0, yarn.app.mapreduce.am.container.log.limit.kb=0, yarn.app.mapreduce.task.container.log.backups=0, yarn.nodemanager.container.stderr.pattern={*stderr*,*STDERR*}, yarn.nodemanager.container.stderr.tail.bytes=4096, yarn.nodemanager.least-load-policy-selector.pending-container.threshold=10000, yarn.nodemanager.windows-container.cpu-limit.enabled=false, yarn.nodemanager.windows-container.memory-limit.enabled=false, yarn.resourcemanager.container.liveness-monitor.interval-ms=600000}
************************************************************/
2025-05-12 14:03:06,466 [main] INFO  recon.ReconServer (SignalLogger.java:register(99)) - registered UNIX signal handlers for [SIGHUP, SIGINT, SIGTERM]
2025-05-12 14:03:06,649 [main] INFO  reflections.Reflections (Reflections.java:scan(219)) - Reflections took 6 ms to scan 1 urls, producing 21 keys and 84 values
2025-05-12 14:03:06,794 [main] INFO  recon.ReconServer (ReconServer.java:call(119)) - Initializing Recon server...
2025-05-12 14:03:06,837 [main] INFO  persistence.DefaultDataSourceProvider (DefaultDataSourceProvider.java:get(49)) - JDBC Url for Recon : jdbc:derby:/home/runner/work/ozone/ozone/hadoop-ozone/integration-test/target/test-dir/MiniOzoneClusterImpl-93228f78-d735-4ce6-971e-ca8f5c94dbdd/recon/ozone_recon_derby.db 
2025-05-12 14:03:07,274 [om1@group-C5BA1605619E-FollowerState] INFO  impl.FollowerState (FollowerState.java:runImpl(161)) - om1@group-C5BA1605619E-FollowerState: change to CANDIDATE, lastRpcElapsedTime:1129540522ns, electionTimeout:1128ms
2025-05-12 14:03:07,274 [om1@group-C5BA1605619E-FollowerState] INFO  impl.RoleInfo (RoleInfo.java:shutdownFollowerState(121)) - om1: shutdown om1@group-C5BA1605619E-FollowerState
2025-05-12 14:03:07,274 [om1@group-C5BA1605619E-FollowerState] INFO  server.RaftServer$Division (RaftServerImpl.java:setRole(378)) - om1@group-C5BA1605619E: changes role from  FOLLOWER to CANDIDATE at term 0 for changeToCandidate
2025-05-12 14:03:07,275 [om1@group-C5BA1605619E-FollowerState] INFO  server.RaftServerConfigKeys (ConfUtils.java:logGet(46)) - raft.server.leaderelection.pre-vote = true (default)
2025-05-12 14:03:07,275 [om1@group-C5BA1605619E-FollowerState] INFO  impl.RoleInfo (RoleInfo.java:updateAndGet(148)) - om1: start om1@group-C5BA1605619E-LeaderElection3
2025-05-12 14:03:07,275 [om1@group-C5BA1605619E-LeaderElection3] INFO  impl.LeaderElection (LeaderElection.java:askForVotes(332)) - om1@group-C5BA1605619E-LeaderElection3 PRE_VOTE round 0: submit vote requests at term 0 for conf: {index: -1, cur=peers:[om1|localhost:15009]|listeners:[], old=null}
2025-05-12 14:03:07,275 [om1@group-C5BA1605619E-LeaderElection3] INFO  impl.LeaderElection (LeaderElection.java:askForVotes(334)) - om1@group-C5BA1605619E-LeaderElection3 PRE_VOTE round 0: result PASSED (term=0)
2025-05-12 14:03:07,277 [om1@group-C5BA1605619E-LeaderElection3] INFO  impl.LeaderElection (LeaderElection.java:askForVotes(332)) - om1@group-C5BA1605619E-LeaderElection3 ELECTION round 0: submit vote requests at term 1 for conf: {index: -1, cur=peers:[om1|localhost:15009]|listeners:[], old=null}
2025-05-12 14:03:07,277 [om1@group-C5BA1605619E-LeaderElection3] INFO  impl.LeaderElection (LeaderElection.java:askForVotes(334)) - om1@group-C5BA1605619E-LeaderElection3 ELECTION round 0: result PASSED (term=1)
2025-05-12 14:03:07,277 [om1@group-C5BA1605619E-LeaderElection3] INFO  impl.RoleInfo (RoleInfo.java:shutdownLeaderElection(141)) - om1: shutdown om1@group-C5BA1605619E-LeaderElection3
2025-05-12 14:03:07,277 [om1@group-C5BA1605619E-LeaderElection3] INFO  server.RaftServer$Division (RaftServerImpl.java:setRole(378)) - om1@group-C5BA1605619E: changes role from CANDIDATE to LEADER at term 1 for changeToLeader
2025-05-12 14:03:07,277 [om1@group-C5BA1605619E-LeaderElection3] INFO  server.RaftServerConfigKeys (ConfUtils.java:logGet(46)) - raft.server.staging.catchup.gap = 1000 (default)
2025-05-12 14:03:07,278 [om1@group-C5BA1605619E-LeaderElection3] INFO  server.RaftServerConfigKeys (ConfUtils.java:logGet(46)) - raft.server.write.element-limit = 4096 (default)
2025-05-12 14:03:07,278 [om1@group-C5BA1605619E-LeaderElection3] INFO  server.RaftServerConfigKeys (ConfUtils.java:logGet(46)) - raft.server.write.byte-limit = 64MB (=67108864) (default)
2025-05-12 14:03:07,278 [om1@group-C5BA1605619E-LeaderElection3] INFO  server.RaftServerConfigKeys (ConfUtils.java:logGet(46)) - raft.server.watch.timeout = 10s (default)
2025-05-12 14:03:07,278 [om1@group-C5BA1605619E-LeaderElection3] INFO  server.RaftServerConfigKeys (ConfUtils.java:logGet(46)) - raft.server.watch.timeout.denomination = 1s (default)
2025-05-12 14:03:07,278 [om1@group-C5BA1605619E-LeaderElection3] INFO  server.RaftServerConfigKeys (ConfUtils.java:logGet(46)) - raft.server.watch.element-limit = 65536 (default)
2025-05-12 14:03:07,279 [om1@group-C5BA1605619E-LeaderElection3] INFO  server.RaftServerConfigKeys (ConfUtils.java:logGet(46)) - raft.server.read.leader.lease.enabled = false (default)
2025-05-12 14:03:07,279 [om1@group-C5BA1605619E-LeaderElection3] INFO  server.RaftServerConfigKeys (ConfUtils.java:logGet(46)) - raft.server.read.leader.lease.timeout.ratio = 0.9 (default)
2025-05-12 14:03:07,279 [om1@group-C5BA1605619E-LeaderElection3] INFO  server.RaftServerConfigKeys (ConfUtils.java:logGet(46)) - raft.server.rpc.timeout.min = 1s (custom)
2025-05-12 14:03:07,279 [om1@group-C5BA1605619E-LeaderElection3] INFO  server.RaftServerConfigKeys (ConfUtils.java:logGet(46)) - raft.server.log.log-metadata.enabled = true (default)
2025-05-12 14:03:07,280 [om1@group-C5BA1605619E-LeaderElection3] INFO  server.RaftServerConfigKeys (ConfUtils.java:logGet(46)) - raft.server.write.element-limit = 4096 (default)
2025-05-12 14:03:07,280 [om1@group-C5BA1605619E-LeaderElection3] INFO  server.RaftServerConfigKeys (ConfUtils.java:logGet(46)) - raft.server.write.follower.gap.ratio.max = -1.0 (default)
2025-05-12 14:03:07,280 [om1@group-C5BA1605619E-LeaderElection3] INFO  impl.RoleInfo (RoleInfo.java:updateAndGet(148)) - om1: start om1@group-C5BA1605619E-LeaderStateImpl
2025-05-12 14:03:07,280 [om1@group-C5BA1605619E-LeaderElection3] INFO  server.RaftServer$Division (RaftServerImpl.java:setFirstElection(562)) - om1@group-C5BA1605619E: set firstElectionSinceStartup to false for becomeLeader
2025-05-12 14:03:07,282 [om1@group-C5BA1605619E-LeaderElection3] INFO  ratis.OzoneManagerStateMachine (OzoneManagerStateMachine.java:notifyLeaderChanged(174)) - om1@group-C5BA1605619E: leader changed to om1
2025-05-12 14:03:07,282 [om1@group-C5BA1605619E-LeaderElection3] INFO  server.RaftServer$Division (ServerState.java:setLeader(272)) - om1@group-C5BA1605619E: change Leader from null to om1 at term 1 for becomeLeader, leader elected after 2353ms
2025-05-12 14:03:07,283 [om1@group-C5BA1605619E-LeaderElection3] INFO  segmented.SegmentedRaftLogWorker (SegmentedRaftLogWorker.java:startLogSegment(438)) - om1@group-C5BA1605619E-SegmentedRaftLogWorker: Starting segment from index:0
2025-05-12 14:03:07,283 [om1@group-C5BA1605619E-LeaderElection3] INFO  server.RaftServer$Division (ServerState.java:setRaftConf(386)) - om1@group-C5BA1605619E: set configuration conf: {index: 0, cur=peers:[om1|localhost:15009]|listeners:[], old=null}
2025-05-12 14:03:07,284 [om1@group-C5BA1605619E-SegmentedRaftLogWorker] INFO  segmented.BufferedWriteChannel (BufferedWriteChannel.java:open(61)) - open log_inprogress_0 at position 0
2025-05-12 14:03:07,292 [om1@group-C5BA1605619E-SegmentedRaftLogWorker] INFO  segmented.SegmentedRaftLogWorker (SegmentedRaftLogWorker.java:execute(644)) - om1@group-C5BA1605619E-SegmentedRaftLogWorker: created new log segment /home/runner/work/ozone/ozone/hadoop-ozone/integration-test/target/test-dir/MiniOzoneClusterImpl-93228f78-d735-4ce6-971e-ca8f5c94dbdd/ozone-meta/ratis/bf265839-605b-3f16-9796-c5ba1605619e/current/log_inprogress_0
2025-05-12 14:03:07,294 [om1@group-C5BA1605619E-StateMachineUpdater] INFO  ratis.OzoneManagerStateMachine (OzoneManagerStateMachine.java:notifyConfigurationChanged(236)) - notifyConfigurationChanged from Ratis: term=1, index=0, New Peer list: om1(localhost:15009)
2025-05-12 14:03:07,295 [om1@group-C5BA1605619E-StateMachineUpdater] INFO  server.RaftServer$Division (LeaderStateImpl.java:checkStartIndex(313)) - Leader om1@group-C5BA1605619E-LeaderStateImpl is ready since appliedIndex == startIndex == 0
2025-05-12 14:03:07,342 [main] INFO  schema.SqlDbUtils (SqlDbUtils.java:createNewDerbyDatabase(83)) - Created derby database at jdbc:derby:/home/runner/work/ozone/ozone/hadoop-ozone/integration-test/target/test-dir/MiniOzoneClusterImpl-93228f78-d735-4ce6-971e-ca8f5c94dbdd/recon/ozone_recon_derby.db.
2025-05-12 14:03:07,540 [main] INFO  impl.ReconContainerMetadataManagerImpl (ReconContainerMetadataManagerImpl.java:initializeTables(142)) - KEY_CONTAINER Table is empty, initializing from CONTAINER_KEY Table ...
2025-05-12 14:03:07,541 [main] INFO  impl.ReconContainerMetadataManagerImpl (ReconContainerMetadataManagerImpl.java:initializeKeyContainerTable(695)) - It took 0.0 seconds to initialized 0 records to KEY_CONTAINER table
2025-05-12 14:03:07,571 [main] INFO  persistence.DefaultDataSourceProvider (DefaultDataSourceProvider.java:get(49)) - JDBC Url for Recon : jdbc:derby:/home/runner/work/ozone/ozone/hadoop-ozone/integration-test/target/test-dir/MiniOzoneClusterImpl-93228f78-d735-4ce6-971e-ca8f5c94dbdd/recon/ozone_recon_derby.db 
2025-05-12 14:03:07,576 [main] INFO  schema.SqlDbUtils (SqlDbUtils.java:createNewDerbyDatabase(83)) - Created derby database at jdbc:derby:/home/runner/work/ozone/ozone/hadoop-ozone/integration-test/target/test-dir/MiniOzoneClusterImpl-93228f78-d735-4ce6-971e-ca8f5c94dbdd/recon/ozone_recon_derby.db.
2025-05-12 14:03:07,577 [main] INFO  recon.ReconServer (ReconServer.java:call(146)) - Creating Recon Schema.
2025-05-12 14:03:07,903 [main] INFO  schema.SchemaVersionTableDefinition (SchemaVersionTableDefinition.java:insertInitialSLV(95)) - Inserted initial SLV '1' into SchemaVersion table.
2025-05-12 14:03:07,982 [main] INFO  schema.ContainerSchemaDefinition (ContainerSchemaDefinition.java:initializeSchema(61)) - UNHEALTHY_CONTAINERS is missing creating new one.
2025-05-12 14:03:07,995 [main] INFO  recon.ReconServer (ReconServer.java:call(150)) - Finalizing Layout Features.
2025-05-12 14:03:08,024 [main] INFO  reflections.Reflections (Reflections.java:scan(219)) - Reflections took 2 ms to scan 1 urls, producing 6 keys and 9 values
2025-05-12 14:03:08,031 [main] INFO  upgrade.ReconLayoutVersionManager (ReconLayoutVersionManager.java:getRegisteredFeatures(133)) - Current MLV: 1. SLV: 1. Checking features for registration...
2025-05-12 14:03:08,033 [main] INFO  recon.ReconServer (ReconServer.java:call(161)) - Recon schema versioning completed.
2025-05-12 14:03:08,039 [main] INFO  http.BaseHttpServer (BaseHttpServer.java:newHttpServer2BuilderForOzone(229)) - Starting Web-server for recon at: http://0.0.0.0:15010
2025-05-12 14:03:08,040 [main] INFO  http.BaseHttpServer (BaseHttpServer.java:<init>(107)) - Hadoop Security Enabled: false Ozone Security Enabled: false Ozone HTTP Security Enabled: false 
2025-05-12 14:03:08,042 [main] WARN  server.AuthenticationFilter (AuthenticationFilter.java:constructSecretProvider(240)) - Unable to initialize FileSignerSecretProvider, falling back to use random secrets. Reason: Could not read signature secret file: /home/runner/hadoop-http-auth-signature-secret
2025-05-12 14:03:08,046 [main] INFO  http.HttpServer2 (HttpServer2.java:addGlobalFilter(1042)) - Added global filter 'safety' (class=org.apache.hadoop.hdds.server.http.HttpServer2$QuotingInputFilter)
2025-05-12 14:03:08,047 [main] INFO  http.HttpServer2 (HttpServer2.java:addFilter(1018)) - Added filter static_user_filter (class=org.apache.hadoop.http.lib.StaticUserWebFilter$StaticUserFilter) to context recon
2025-05-12 14:03:08,048 [main] INFO  http.HttpServer2 (HttpServer2.java:addFilter(1026)) - Added filter static_user_filter (class=org.apache.hadoop.http.lib.StaticUserWebFilter$StaticUserFilter) to context logs
2025-05-12 14:03:08,048 [main] INFO  http.HttpServer2 (HttpServer2.java:addFilter(1026)) - Added filter static_user_filter (class=org.apache.hadoop.http.lib.StaticUserWebFilter$StaticUserFilter) to context static
2025-05-12 14:03:08,049 [main] INFO  http.BaseHttpServer (BaseHttpServer.java:<init>(195)) - HTTP server of recon uses base directory /home/runner/work/ozone/ozone/hadoop-ozone/integration-test/target/test-dir/MiniOzoneClusterImpl-93228f78-d735-4ce6-971e-ca8f5c94dbdd/ozone-meta/webserver
2025-05-12 14:03:08,065 [main] INFO  tasks.ReconTaskControllerImpl (ReconTaskControllerImpl.java:registerTask(82)) - Registered task ContainerKeyMapperTaskFSO with controller.
2025-05-12 14:03:08,065 [main] INFO  tasks.ReconTaskControllerImpl (ReconTaskControllerImpl.java:registerTask(82)) - Registered task ContainerKeyMapperTaskOBS with controller.
2025-05-12 14:03:08,066 [main] INFO  tasks.ReconTaskControllerImpl (ReconTaskControllerImpl.java:registerTask(82)) - Registered task FileSizeCountTaskFSO with controller.
2025-05-12 14:03:08,066 [main] INFO  tasks.ReconTaskControllerImpl (ReconTaskControllerImpl.java:registerTask(82)) - Registered task FileSizeCountTaskOBS with controller.
2025-05-12 14:03:08,066 [main] INFO  tasks.ReconTaskControllerImpl (ReconTaskControllerImpl.java:registerTask(82)) - Registered task OmTableInsightTask with controller.
2025-05-12 14:03:08,066 [main] INFO  tasks.ReconTaskControllerImpl (ReconTaskControllerImpl.java:registerTask(82)) - Registered task NSSummaryTask with controller.
2025-05-12 14:03:08,067 [main] INFO  ozone.OmUtils (OmUtils.java:getOzoneManagerServiceId(723)) - ozone.om.internal.service.id is not defined, falling back to ozone.om.service.ids to find serviceID for OzoneManager if it is HA enabled cluster
2025-05-12 14:03:08,067 [main] INFO  ozone.OmUtils (OmUtils.java:getOzoneManagerServiceId(742)) - No OzoneManager ServiceID configured.
2025-05-12 14:03:08,204 [main] INFO  proxy.SCMContainerLocationFailoverProxyProvider (SCMFailoverProxyProviderBase.java:<init>(120)) - Created fail-over proxy for protocol StorageContainerLocationProtocolPB with 1 nodes: [nodeId=scmNodeId,nodeAddress=/0.0.0.0:15000]
2025-05-12 14:03:08,208 [main] INFO  net.NodeSchemaLoader (NodeSchemaLoader.java:loadSchemaFromFile(128)) - Loading schema from [jar:file:/home/runner/work/ozone/ozone/hadoop-hdds/common/target/hdds-common-2.1.0-SNAPSHOT.jar!/network-topology-default.xml]
2025-05-12 14:03:08,209 [main] INFO  net.NodeSchemaLoader (NodeSchemaLoader.java:loadSchema(175)) - Loading network topology layer schema file
2025-05-12 14:03:08,285 [main] INFO  upgrade.AbstractLayoutVersionManager (AbstractLayoutVersionManager.java:init(80)) - Initializing Layout version manager with metadata layout = HBASE_SUPPORT (version = 8), software layout = HBASE_SUPPORT (version = 8)
2025-05-12 14:03:08,288 [main] INFO  ha.SequenceIdGenerator (SequenceIdGenerator.java:<init>(232)) - Init the HA SequenceIdGenerator.
2025-05-12 14:03:08,291 [main] WARN  server.ServerUtils (ServerUtils.java:sanitizeUserArgs(70)) - ozone.scm.dead.node.interval value = 8000 is smaller than min = 12000 based on the key value of ozone.scm.stale.node.interval, reset to the min value 12000.
2025-05-12 14:03:08,291 [main] INFO  node.SCMNodeManager (SCMNodeManager.java:<init>(182)) - Entering startup safe mode.
2025-05-12 14:03:08,293 [main] INFO  scm.ReconNodeManager (ReconNodeManager.java:loadExistingNodes(129)) - Loaded 0 nodes from node DB.
2025-05-12 14:03:08,293 [main] INFO  algorithms.ContainerPlacementPolicyFactory (ContainerPlacementPolicyFactory.java:getPolicyInternal(84)) - Create container placement policy of type org.apache.hadoop.hdds.scm.container.placement.algorithms.SCMContainerPlacementRackAware
2025-05-12 14:03:08,294 [main] INFO  ipc.CallQueueManager (CallQueueManager.java:<init>(93)) - Using callQueue: class java.util.concurrent.LinkedBlockingQueue, queueCapacity: 10000, scheduler: class org.apache.hadoop.ipc.DefaultRpcScheduler, ipcBackoff: false, ipcFailOver: false.
2025-05-12 14:03:08,294 [main] INFO  ipc.Server (Server.java:<init>(1438)) - Listener at 0.0.0.0:15011
2025-05-12 14:03:08,295 [Socket Reader #1 for port 15011] INFO  ipc.Server (Server.java:run(1474)) - Starting Socket Reader #1 for port 15011
2025-05-12 14:03:08,295 [Socket Reader #2 for port 15011] INFO  ipc.Server (Server.java:run(1474)) - Starting Socket Reader #2 for port 15011
2025-05-12 14:03:08,296 [Socket Reader #3 for port 15011] INFO  ipc.Server (Server.java:run(1474)) - Starting Socket Reader #3 for port 15011
2025-05-12 14:03:08,296 [Socket Reader #4 for port 15011] INFO  ipc.Server (Server.java:run(1474)) - Starting Socket Reader #4 for port 15011
2025-05-12 14:03:08,296 [Socket Reader #5 for port 15011] INFO  ipc.Server (Server.java:run(1474)) - Starting Socket Reader #5 for port 15011
2025-05-12 14:03:08,296 [Socket Reader #6 for port 15011] INFO  ipc.Server (Server.java:run(1474)) - Starting Socket Reader #6 for port 15011
2025-05-12 14:03:08,296 [Socket Reader #7 for port 15011] INFO  ipc.Server (Server.java:run(1474)) - Starting Socket Reader #7 for port 15011
2025-05-12 14:03:08,297 [Socket Reader #8 for port 15011] INFO  ipc.Server (Server.java:run(1474)) - Starting Socket Reader #8 for port 15011
2025-05-12 14:03:08,297 [Socket Reader #9 for port 15011] INFO  ipc.Server (Server.java:run(1474)) - Starting Socket Reader #9 for port 15011
2025-05-12 14:03:08,297 [Socket Reader #10 for port 15011] INFO  ipc.Server (Server.java:run(1474)) - Starting Socket Reader #10 for port 15011
2025-05-12 14:03:08,301 [main] INFO  pipeline.PipelineStateManagerImpl (PipelineStateManagerImpl.java:initialize(75)) - No pipeline exists in current db
2025-05-12 14:03:08,321 [main] INFO  recon.ReconServer (ReconServer.java:call(174)) - Initializing support of Recon Features...
2025-05-12 14:03:08,322 [main] INFO  recon.ReconServer (ReconServer.java:start(238)) - Starting Recon server
2025-05-12 14:03:08,322 [main] INFO  impl.MetricsSystemImpl (MetricsSystemImpl.java:init(158)) - Recon metrics system started (again)
2025-05-12 14:03:08,339 [main] INFO  http.HttpServer2 (HttpServer2.java:bindListener(1242)) - Jetty bound to port 15010
2025-05-12 14:03:08,339 [main] INFO  server.Server (Server.java:doStart(375)) - jetty-9.4.57.v20241219; built: 2025-01-08T21:24:30.412Z; git: df524e6b29271c2e09ba9aea83c18dc9db464a31; jvm 21.0.7+6-LTS
2025-05-12 14:03:08,341 [main] INFO  server.session (DefaultSessionIdManager.java:doStart(334)) - DefaultSessionIdManager workerName=node0
2025-05-12 14:03:08,341 [main] INFO  server.session (DefaultSessionIdManager.java:doStart(339)) - No SessionScavenger set, using defaults
2025-05-12 14:03:08,341 [main] INFO  server.session (HouseKeeper.java:startScavenging(132)) - node0 Scavenging every 600000ms
2025-05-12 14:03:08,342 [main] INFO  handler.ContextHandler (ContextHandler.java:doStart(921)) - Started o.e.j.s.ServletContextHandler@5cb181e3{logs,/logs,file:///home/runner/work/ozone/ozone/hadoop-ozone/integration-test/target/log,AVAILABLE}
2025-05-12 14:03:08,343 [main] INFO  handler.ContextHandler (ContextHandler.java:doStart(921)) - Started o.e.j.s.ServletContextHandler@67a3713{static,/static,jar:file:/home/runner/work/ozone/ozone/hadoop-ozone/recon/target/ozone-recon-2.1.0-SNAPSHOT.jar!/webapps/static,AVAILABLE}
2025-05-12 14:03:08,998 [main] INFO  handler.ContextHandler (ContextHandler.java:doStart(921)) - Started o.e.j.w.WebAppContext@76ca930d{recon,/,file:///home/runner/work/ozone/ozone/hadoop-ozone/integration-test/target/test-dir/MiniOzoneClusterImpl-93228f78-d735-4ce6-971e-ca8f5c94dbdd/ozone-meta/webserver/jetty-0_0_0_0-15010-ozone-recon-2_1_0-SNAPSHOT_jar-_-any-4854744979856669227/webapp/,AVAILABLE}{jar:file:/home/runner/work/ozone/ozone/hadoop-ozone/recon/target/ozone-recon-2.1.0-SNAPSHOT.jar!/webapps/recon}
2025-05-12 14:03:08,999 [main] INFO  server.AbstractConnector (AbstractConnector.java:doStart(333)) - Started ServerConnector@60a386b1{HTTP/1.1, (http/1.1)}{0.0.0.0:15010}
2025-05-12 14:03:08,999 [main] INFO  server.Server (Server.java:doStart(415)) - Started @13353ms
2025-05-12 14:03:08,999 [main] WARN  impl.MetricsSystemImpl (MetricsSystemImpl.java:register(279)) - Sink prometheus already exists!
2025-05-12 14:03:09,000 [main] INFO  http.BaseHttpServer (BaseHttpServer.java:updateConnectorAddress(359)) - HTTP server of recon listening at http://0.0.0.0:15010
2025-05-12 14:03:09,000 [main] INFO  impl.OzoneManagerServiceProviderImpl (OzoneManagerServiceProviderImpl.java:start(243)) - Starting Ozone Manager Service Provider.
2025-05-12 14:03:09,000 [main] INFO  recovery.ReconOmMetadataManagerImpl (ReconOmMetadataManagerImpl.java:start(77)) - Starting ReconOMMetadataManagerImpl
2025-05-12 14:03:09,000 [main] INFO  tasks.ReconTaskControllerImpl (ReconTaskControllerImpl.java:start(239)) - Starting Recon Task Controller.
2025-05-12 14:03:09,016 [main] INFO  scm.ReconStorageContainerManagerFacade (ReconStorageContainerManagerFacade.java:start(386)) - Recon ScmDatanodeProtocol RPC server is listening at /0.0.0.0:15011
2025-05-12 14:03:09,215 [main] INFO  scm.ReconStorageContainerManagerFacade (ReconStorageContainerManagerFacade.java:initializePipelinesFromScm(486)) - Obtained 0 pipelines from SCM.
2025-05-12 14:03:09,216 [main] INFO  scm.ReconPipelineManager (ReconPipelineManager.java:initializePipelines(101)) - Recon has 0 pipelines in house.
2025-05-12 14:03:09,216 [main] INFO  scm.ReconStorageContainerManagerFacade (ReconStorageContainerManagerFacade.java:start(399)) - SCM DB initialized
2025-05-12 14:03:09,217 [main] INFO  server.SCMDatanodeProtocolServer (SCMDatanodeProtocolServer.java:start(193)) - ScmDatanodeProtocol RPC server for DataNodes is listening at /0.0.0.0:15011
2025-05-12 14:03:09,217 [IPC Server Responder] INFO  ipc.Server (Server.java:run(1713)) - IPC Server Responder: starting
2025-05-12 14:03:09,218 [IPC Server listener on 15011] INFO  ipc.Server (Server.java:run(1553)) - IPC Server listener on 15011: starting
2025-05-12 14:03:20,230 [main] INFO  scm.ReconScmTask (ReconScmTask.java:start(47)) - Starting ContainerHealthTask Thread.
2025-05-12 14:03:20,231 [main] INFO  scm.ReconScmTask (ReconScmTask.java:start(47)) - Starting ContainerSizeCountTask Thread.
2025-05-12 14:03:20,232 [main] INFO  scm.ReconScmTask (ReconScmTask.java:start(47)) - Starting PipelineSyncTask Thread.
2025-05-12 14:03:20,232 [main] INFO  recon.ReconServer (ReconServer.java:call(181)) - Recon server initialized successfully!
2025-05-12 14:03:20,232 [JvmPauseMonitor3] INFO  util.JvmPauseMonitor (JvmPauseMonitor.java:run(146)) - JvmPauseMonitor-Recon: Started
2025-05-12 14:03:20,265 [ContainerHealthTask] INFO  updater.ReconTaskStatusUpdater (ReconTaskStatusUpdater.java:updateDetails(124)) - Registered Task: ContainerHealthTask
2025-05-12 14:03:20,265 [PipelineSyncTask] INFO  updater.ReconTaskStatusUpdater (ReconTaskStatusUpdater.java:updateDetails(124)) - Registered Task: PipelineSyncTask
2025-05-12 14:03:20,269 [PipelineSyncTask] INFO  scm.ReconPipelineManager (ReconPipelineManager.java:initializePipelines(101)) - Recon has 0 pipelines in house.
2025-05-12 14:03:20,271 [ContainerHealthTask] INFO  fsck.ContainerHealthTask (ContainerHealthTask.java:checkAndProcessContainers(194)) - Container Health task thread took 0 iterations to fetch all containers using batched approach with batch size of 1000
2025-05-12 14:03:20,289 [main] WARN  dropwizard3.Dm3MetricRegistriesImpl (Dm3MetricRegistriesImpl.java:addReporterRegistration(114)) - New reporters are added after registries were created. Some metrics will be missing from the reporter. Please add reporter before adding any new registry.
2025-05-12 14:03:20,289 [main] WARN  dropwizard3.Dm3MetricRegistriesImpl (Dm3MetricRegistriesImpl.java:addReporterRegistration(114)) - New reporters are added after registries were created. Some metrics will be missing from the reporter. Please add reporter before adding any new registry.
2025-05-12 14:03:20,289 [main] INFO  impl.MetricsSystemImpl (MetricsSystemImpl.java:init(158)) - HddsDatanode metrics system started (again)
2025-05-12 14:03:20,304 [main] INFO  protocol.DatanodeDetails (DatanodeDetails.java:validateDatanodeIpAddress(199)) - Updating IP address of datanode cfefa488-19eb-42ef-a91e-ee6d690e2562(pkrvmberfyhpb9w.internal.cloudapp.net/null) to 10.1.1.25
2025-05-12 14:03:20,304 [main] INFO  ozone.HddsDatanodeService (HddsDatanodeService.java:start(234)) - HddsDatanodeService cfefa488-19eb-42ef-a91e-ee6d690e2562(pkrvmberfyhpb9w.internal.cloudapp.net/10.1.1.25)
2025-05-12 14:03:20,309 [main] INFO  upgrade.AbstractLayoutVersionManager (AbstractLayoutVersionManager.java:init(80)) - Initializing Layout version manager with metadata layout = HBASE_SUPPORT (version = 8), software layout = HBASE_SUPPORT (version = 8)
2025-05-12 14:03:20,311 [main] INFO  statemachine.DatanodeStateMachine (DatanodeStateMachine.java:getEndPointTaskThreadPoolSize(298)) - Datanode State Machine Task Thread Pool size 2
2025-05-12 14:03:20,351 [main] INFO  volume.HddsVolume (HddsVolume.java:<init>(158)) - HddsVolume: { id=DS-ed4630b4-7d7e-44f4-a9f1-ada36b3ec9ba dir=/home/runner/work/ozone/ozone/hadoop-ozone/integration-test/target/test-dir/MiniOzoneClusterImpl-93228f78-d735-4ce6-971e-ca8f5c94dbdd/ozone-meta/datanode-1/data-0/hdds type=DISK capacity=9222449699674390527 used=0 available=9222449699674390527 minFree=5368709120 committed=0 }
2025-05-12 14:03:20,351 [main] INFO  volume.MutableVolumeSet (MutableVolumeSet.java:initializeVolumeSet(166)) - Added Volume : /home/runner/work/ozone/ozone/hadoop-ozone/integration-test/target/test-dir/MiniOzoneClusterImpl-93228f78-d735-4ce6-971e-ca8f5c94dbdd/ozone-meta/datanode-1/data-0/hdds to VolumeSet
2025-05-12 14:03:20,354 [main] INFO  volume.MutableVolumeSet (MutableVolumeSet.java:initializeVolumeSet(166)) - Added Volume : /home/runner/work/ozone/ozone/hadoop-ozone/integration-test/target/test-dir/MiniOzoneClusterImpl-93228f78-d735-4ce6-971e-ca8f5c94dbdd/ozone-meta/datanode-1/ratis to VolumeSet
2025-05-12 14:03:20,357 [main] INFO  ozoneimpl.OzoneContainer (HddsVolumeUtil.java:loadAllHddsVolumeDbStore(102)) - Load 1 volumes DbStore cost: 0ms
2025-05-12 14:03:20,359 [main] WARN  db.DBStoreBuilder (DBStoreBuilder.java:getDBDirPath(160)) - ozone.scm.datanode.id.dir is not configured. We recommend adding this setting. Falling back to ozone.metadata.dirs instead.
2025-05-12 14:03:20,362 [main] WARN  db.DBStoreBuilder (DBStoreBuilder.java:getDBDirPath(160)) - ozone.scm.datanode.id.dir is not configured. We recommend adding this setting. Falling back to ozone.metadata.dirs instead.
2025-05-12 14:03:20,393 [main] INFO  impl.FilePerChunkStrategy (FilePerChunkStrategy.java:<init>(79)) - ozone.chunk.read.mapped.buffer.max.count is load with 0
2025-05-12 14:03:20,395 [main] INFO  impl.FilePerBlockStrategy (FilePerBlockStrategy.java:<init>(87)) - ozone.chunk.read.mapped.buffer.max.count is load with 0
2025-05-12 14:03:20,423 [main] INFO  audit.AuditLogger (AuditLogger.java:refreshDebugCmdSet(133)) - Refresh DebugCmdSet for DNAudit to [].
2025-05-12 14:03:20,439 [main] INFO  server.RaftServerConfigKeys (ConfUtils.java:logGet(46)) - raft.server.log.appender.buffer.byte-limit = 33554432 (custom)
2025-05-12 14:03:20,447 [main] INFO  server.RaftServer (ConfUtils.java:logGet(46)) - raft.rpc.type = GRPC (default)
2025-05-12 14:03:20,447 [main] INFO  grpc.GrpcConfigKeys (ConfUtils.java:logFallback(53)) - raft.grpc.admin.host = null (fallback to raft.grpc.server.host)
2025-05-12 14:03:20,448 [main] INFO  grpc.GrpcConfigKeys (ConfUtils.java:logGet(46)) - raft.grpc.admin.port = 15016 (custom)
2025-05-12 14:03:20,448 [main] INFO  grpc.GrpcConfigKeys (ConfUtils.java:logFallback(53)) - raft.grpc.client.host = null (fallback to raft.grpc.server.host)
2025-05-12 14:03:20,448 [main] INFO  grpc.GrpcConfigKeys (ConfUtils.java:logGet(46)) - raft.grpc.client.port = 15015 (custom)
2025-05-12 14:03:20,448 [main] INFO  grpc.GrpcConfigKeys (ConfUtils.java:logGet(46)) - raft.grpc.server.host = null (default)
2025-05-12 14:03:20,448 [main] INFO  grpc.GrpcConfigKeys (ConfUtils.java:logGet(46)) - raft.grpc.server.port = 15017 (custom)
2025-05-12 14:03:20,448 [main] INFO  server.GrpcService (ConfUtils.java:logGet(46)) - raft.grpc.message.size.max = 34603008 (custom)
2025-05-12 14:03:20,449 [main] INFO  server.GrpcService (ConfUtils.java:logGet(46)) - raft.grpc.flow.control.window = 5MB (=5242880) (custom)
2025-05-12 14:03:20,449 [main] INFO  server.RaftServerConfigKeys (ConfUtils.java:logGet(46)) - raft.server.rpc.request.timeout = 60s (custom)
2025-05-12 14:03:20,449 [main] INFO  grpc.GrpcConfigKeys (ConfUtils.java:logGet(46)) - raft.grpc.server.heartbeat.channel = true (default)
2025-05-12 14:03:20,449 [main] INFO  server.RaftServerConfigKeys (ConfUtils.java:logGet(46)) - raft.server.log.appender.buffer.byte-limit = 33554432 (custom)
2025-05-12 14:03:20,449 [main] INFO  grpc.GrpcConfigKeys (ConfUtils.java:logGet(46)) - raft.grpc.server.async.request.thread.pool.cached = true (default)
2025-05-12 14:03:20,449 [main] INFO  grpc.GrpcConfigKeys (ConfUtils.java:logGet(46)) - raft.grpc.server.async.request.thread.pool.size = 32 (default)
2025-05-12 14:03:20,451 [main] INFO  impl.DataStreamServerImpl (ConfUtils.java:logGet(46)) - raft.datastream.type = NETTY (custom)
2025-05-12 14:03:20,457 [main] INFO  server.RaftServerConfigKeys (ConfUtils.java:logGet(46)) - raft.server.data-stream.async.request.thread.pool.cached = false (default)
2025-05-12 14:03:20,457 [main] INFO  server.RaftServerConfigKeys (ConfUtils.java:logGet(46)) - raft.server.data-stream.async.request.thread.pool.size = 20 (custom)
2025-05-12 14:03:20,458 [main] INFO  server.RaftServerConfigKeys (ConfUtils.java:logGet(46)) - raft.server.data-stream.async.write.thread.pool.size = 16 (default)
2025-05-12 14:03:20,459 [main] INFO  netty.NettyConfigKeys$DataStream (ConfUtils.java:logGet(46)) - raft.netty.dataStream.server.channel.inactive.grace-period = 10min (default)
2025-05-12 14:03:20,459 [main] INFO  server.RaftServerConfigKeys (ConfUtils.java:logGet(46)) - raft.server.data-stream.client.pool.size = 10 (default)
2025-05-12 14:03:20,460 [main] INFO  netty.NettyConfigKeys$DataStream (ConfUtils.java:logGet(46)) - raft.netty.dataStream.server.use-epoll = true (default)
2025-05-12 14:03:20,460 [main] INFO  netty.NettyConfigKeys$DataStream (ConfUtils.java:logGet(46)) - raft.netty.dataStream.server.boss-group.size = 0 (default)
2025-05-12 14:03:20,461 [main] INFO  netty.NettyUtils (NettyUtils.java:newEventLoopGroup(74)) - Create EpollEventLoopGroup for cfefa488-19eb-42ef-a91e-ee6d690e2562-NettyServerStreamRpc-bossGroup; Thread size is 0.
2025-05-12 14:03:20,462 [main] INFO  netty.NettyConfigKeys$DataStream (ConfUtils.java:logGet(46)) - raft.netty.dataStream.server.worker-group.size = 0 (default)
2025-05-12 14:03:20,462 [main] INFO  netty.NettyUtils (NettyUtils.java:newEventLoopGroup(74)) - Create EpollEventLoopGroup for cfefa488-19eb-42ef-a91e-ee6d690e2562-NettyServerStreamRpc-workerGroup; Thread size is 0.
2025-05-12 14:03:20,463 [main] INFO  netty.NettyConfigKeys$DataStream (ConfUtils.java:logGet(46)) - raft.netty.dataStream.server.tls.conf = null (default)
2025-05-12 14:03:20,464 [main] INFO  netty.NettyConfigKeys$DataStream (ConfUtils.java:logGet(46)) - raft.netty.dataStream.host = null (default)
2025-05-12 14:03:20,464 [main] INFO  netty.NettyConfigKeys$DataStream (ConfUtils.java:logGet(46)) - raft.netty.dataStream.port = 15018 (custom)
2025-05-12 14:03:20,466 [main] INFO  server.RaftServerConfigKeys (ConfUtils.java:logGet(46)) - raft.server.sleep.deviation.threshold = 300ms (default)
2025-05-12 14:03:20,467 [main] INFO  server.RaftServerConfigKeys (ConfUtils.java:logGet(46)) - raft.server.close.threshold = 60s (default)
2025-05-12 14:03:20,467 [main] INFO  server.RaftServerConfigKeys (ConfUtils.java:logGet(46)) - raft.server.leaderelection.leader.step-down.wait-time = 10s (default)
2025-05-12 14:03:20,467 [main] INFO  server.RaftServerConfigKeys (ConfUtils.java:logGet(46)) - raft.server.storage.dir = [/home/runner/work/ozone/ozone/hadoop-ozone/integration-test/target/test-dir/MiniOzoneClusterImpl-93228f78-d735-4ce6-971e-ca8f5c94dbdd/ozone-meta/datanode-1/ratis] (custom)
2025-05-12 14:03:20,467 [main] INFO  server.RaftServerConfigKeys (ConfUtils.java:logGet(46)) - raft.server.threadpool.proxy.cached = true (default)
2025-05-12 14:03:20,467 [main] INFO  server.RaftServerConfigKeys (ConfUtils.java:logGet(46)) - raft.server.threadpool.proxy.size = 0 (default)
2025-05-12 14:03:20,468 [cfefa488-19eb-42ef-a91e-ee6d690e2562-impl-thread1] INFO  server.RaftServer (RaftServerProxy.java:initGroupDir(265)) - cfefa488-19eb-42ef-a91e-ee6d690e2562: found a subdirectory /home/runner/work/ozone/ozone/hadoop-ozone/integration-test/target/test-dir/MiniOzoneClusterImpl-93228f78-d735-4ce6-971e-ca8f5c94dbdd/ozone-meta/datanode-1/ratis/tmp
2025-05-12 14:03:20,468 [cfefa488-19eb-42ef-a91e-ee6d690e2562-impl-thread1] INFO  server.RaftServer (RaftServerProxy.java:initGroupDir(270)) - cfefa488-19eb-42ef-a91e-ee6d690e2562: The directory /home/runner/work/ozone/ozone/hadoop-ozone/integration-test/target/test-dir/MiniOzoneClusterImpl-93228f78-d735-4ce6-971e-ca8f5c94dbdd/ozone-meta/datanode-1/ratis/tmp is not a group directory; ignoring it. 
2025-05-12 14:03:20,471 [main] INFO  replication.ReplicationServer (ReplicationServer.java:<init>(84)) - Initializing replication server with thread count = 10 queue length = 4096
2025-05-12 14:03:20,476 [cfefa488-19eb-42ef-a91e-ee6d690e2562-NettyServerStreamRpc-bossGroup--thread1] INFO  logging.LoggingHandler (AbstractInternalLogger.java:log(148)) - [id: 0x76aa62fc] REGISTERED
2025-05-12 14:03:20,478 [cfefa488-19eb-42ef-a91e-ee6d690e2562-NettyServerStreamRpc-bossGroup--thread1] INFO  logging.LoggingHandler (AbstractInternalLogger.java:log(148)) - [id: 0x76aa62fc] BIND: 0.0.0.0/0.0.0.0:15018
2025-05-12 14:03:20,478 [cfefa488-19eb-42ef-a91e-ee6d690e2562-NettyServerStreamRpc-bossGroup--thread1] INFO  logging.LoggingHandler (AbstractInternalLogger.java:log(148)) - [id: 0x76aa62fc, L:/0.0.0.0:15018] ACTIVE
2025-05-12 14:03:20,487 [main] INFO  server.XceiverServerGrpc (XceiverServerGrpc.java:<init>(131)) - GrpcServer channel type EpollServerSocketChannel
2025-05-12 14:03:20,511 [main] INFO  replication.ReplicationSupervisor (ReplicationSupervisor.java:build(169)) - Initializing replication supervisor with thread count = 10
2025-05-12 14:03:20,512 [main] INFO  replication.ReplicationSupervisor (ReplicationSupervisor.java:nodeStateUpdated(358)) - Node state updated to IN_SERVICE, scaling executor pool size to 10
2025-05-12 14:03:20,513 [main] INFO  lib.Interns (Interns.java:removeEldestEntry(50)) - Metrics intern cache overflow at 2011 for MetricsSystem={MetricsSystem=MetricsInfoImpl{name=MetricsSystem, description=MetricsSystem}, MetricsSystem record=MetricsInfoImpl{name=MetricsSystem, description=MetricsSystem record}}
2025-05-12 14:03:20,558 [main] INFO  http.BaseHttpServer (BaseHttpServer.java:newHttpServer2BuilderForOzone(229)) - Starting Web-server for hddsDatanode at: http://0.0.0.0:15012
2025-05-12 14:03:20,558 [main] INFO  http.BaseHttpServer (BaseHttpServer.java:<init>(107)) - Hadoop Security Enabled: false Ozone Security Enabled: false Ozone HTTP Security Enabled: false 
2025-05-12 14:03:20,570 [main] WARN  server.AuthenticationFilter (AuthenticationFilter.java:constructSecretProvider(240)) - Unable to initialize FileSignerSecretProvider, falling back to use random secrets. Reason: Could not read signature secret file: /home/runner/hadoop-http-auth-signature-secret
2025-05-12 14:03:20,574 [main] INFO  http.HttpServer2 (HttpServer2.java:addGlobalFilter(1042)) - Added global filter 'safety' (class=org.apache.hadoop.hdds.server.http.HttpServer2$QuotingInputFilter)
2025-05-12 14:03:20,575 [main] INFO  http.HttpServer2 (HttpServer2.java:addFilter(1018)) - Added filter static_user_filter (class=org.apache.hadoop.http.lib.StaticUserWebFilter$StaticUserFilter) to context hddsDatanode
2025-05-12 14:03:20,575 [main] INFO  http.HttpServer2 (HttpServer2.java:addFilter(1026)) - Added filter static_user_filter (class=org.apache.hadoop.http.lib.StaticUserWebFilter$StaticUserFilter) to context static
2025-05-12 14:03:20,575 [main] INFO  http.HttpServer2 (HttpServer2.java:addFilter(1026)) - Added filter static_user_filter (class=org.apache.hadoop.http.lib.StaticUserWebFilter$StaticUserFilter) to context logs
2025-05-12 14:03:20,577 [main] INFO  http.BaseHttpServer (BaseHttpServer.java:<init>(195)) - HTTP server of hddsDatanode uses base directory /home/runner/work/ozone/ozone/hadoop-ozone/integration-test/target/test-dir/MiniOzoneClusterImpl-93228f78-d735-4ce6-971e-ca8f5c94dbdd/ozone-meta/datanode-1/meta/webserver
2025-05-12 14:03:20,577 [main] INFO  http.HttpServer2 (HttpServer2.java:bindListener(1242)) - Jetty bound to port 15012
2025-05-12 14:03:20,577 [main] INFO  server.Server (Server.java:doStart(375)) - jetty-9.4.57.v20241219; built: 2025-01-08T21:24:30.412Z; git: df524e6b29271c2e09ba9aea83c18dc9db464a31; jvm 21.0.7+6-LTS
2025-05-12 14:03:20,581 [main] INFO  server.session (DefaultSessionIdManager.java:doStart(334)) - DefaultSessionIdManager workerName=node0
2025-05-12 14:03:20,582 [main] INFO  server.session (DefaultSessionIdManager.java:doStart(339)) - No SessionScavenger set, using defaults
2025-05-12 14:03:20,582 [main] INFO  server.session (HouseKeeper.java:startScavenging(132)) - node0 Scavenging every 660000ms
2025-05-12 14:03:20,583 [main] INFO  handler.ContextHandler (ContextHandler.java:doStart(921)) - Started o.e.j.s.ServletContextHandler@415d5554{logs,/logs,file:///home/runner/work/ozone/ozone/hadoop-ozone/integration-test/target/log,AVAILABLE}
2025-05-12 14:03:20,584 [main] INFO  handler.ContextHandler (ContextHandler.java:doStart(921)) - Started o.e.j.s.ServletContextHandler@6c127107{static,/static,jar:file:/home/runner/work/ozone/ozone/hadoop-hdds/container-service/target/hdds-container-service-2.1.0-SNAPSHOT.jar!/webapps/static,AVAILABLE}
2025-05-12 14:03:20,736 [main] INFO  handler.ContextHandler (ContextHandler.java:doStart(921)) - Started o.e.j.w.WebAppContext@7929ce8b{hddsDatanode,/,file:///home/runner/work/ozone/ozone/hadoop-ozone/integration-test/target/test-dir/MiniOzoneClusterImpl-93228f78-d735-4ce6-971e-ca8f5c94dbdd/ozone-meta/datanode-1/meta/webserver/jetty-0_0_0_0-15012-hdds-container-service-2_1_0-SNAPSHOT_jar-_-any-15941677747649589805/webapp/,AVAILABLE}{jar:file:/home/runner/work/ozone/ozone/hadoop-hdds/container-service/target/hdds-container-service-2.1.0-SNAPSHOT.jar!/webapps/hddsDatanode}
2025-05-12 14:03:20,737 [main] INFO  server.AbstractConnector (AbstractConnector.java:doStart(333)) - Started ServerConnector@5354a59{HTTP/1.1, (http/1.1)}{0.0.0.0:15012}
2025-05-12 14:03:20,737 [main] INFO  server.Server (Server.java:doStart(415)) - Started @25092ms
2025-05-12 14:03:20,737 [main] WARN  impl.MetricsSystemImpl (MetricsSystemImpl.java:register(279)) - Sink prometheus already exists!
2025-05-12 14:03:20,738 [main] INFO  http.BaseHttpServer (BaseHttpServer.java:updateConnectorAddress(359)) - HTTP server of hddsDatanode listening at http://0.0.0.0:15012
2025-05-12 14:03:20,740 [main] INFO  ipc.CallQueueManager (CallQueueManager.java:<init>(93)) - Using callQueue: class java.util.concurrent.LinkedBlockingQueue, queueCapacity: 1000, scheduler: class org.apache.hadoop.ipc.DefaultRpcScheduler, ipcBackoff: false, ipcFailOver: false.
2025-05-12 14:03:20,740 [main] INFO  ipc.Server (Server.java:<init>(1438)) - Listener at 0.0.0.0:15013
2025-05-12 14:03:20,741 [Socket Reader #1 for port 15013] INFO  ipc.Server (Server.java:run(1474)) - Starting Socket Reader #1 for port 15013
2025-05-12 14:03:20,741 [Socket Reader #2 for port 15013] INFO  ipc.Server (Server.java:run(1474)) - Starting Socket Reader #2 for port 15013
2025-05-12 14:03:20,741 [Socket Reader #4 for port 15013] INFO  ipc.Server (Server.java:run(1474)) - Starting Socket Reader #4 for port 15013
2025-05-12 14:03:20,742 [Socket Reader #5 for port 15013] INFO  ipc.Server (Server.java:run(1474)) - Starting Socket Reader #5 for port 15013
2025-05-12 14:03:20,742 [Socket Reader #6 for port 15013] INFO  ipc.Server (Server.java:run(1474)) - Starting Socket Reader #6 for port 15013
2025-05-12 14:03:20,742 [Socket Reader #3 for port 15013] INFO  ipc.Server (Server.java:run(1474)) - Starting Socket Reader #3 for port 15013
2025-05-12 14:03:20,742 [Socket Reader #7 for port 15013] INFO  ipc.Server (Server.java:run(1474)) - Starting Socket Reader #7 for port 15013
2025-05-12 14:03:20,742 [Socket Reader #8 for port 15013] INFO  ipc.Server (Server.java:run(1474)) - Starting Socket Reader #8 for port 15013
2025-05-12 14:03:20,742 [Socket Reader #9 for port 15013] INFO  ipc.Server (Server.java:run(1474)) - Starting Socket Reader #9 for port 15013
2025-05-12 14:03:20,743 [Socket Reader #10 for port 15013] INFO  ipc.Server (Server.java:run(1474)) - Starting Socket Reader #10 for port 15013
2025-05-12 14:03:20,745 [main] INFO  ozone.HddsDatanodeService (HddsDatanodeService.java:start(325)) - Datanode start with admins: [runner]
2025-05-12 14:03:20,745 [main] INFO  ozone.HddsDatanodeClientProtocolServer (HddsDatanodeClientProtocolServer.java:start(76)) - RPC server for Client /0.0.0.0:15013
2025-05-12 14:03:20,745 [IPC Server Responder] INFO  ipc.Server (Server.java:run(1713)) - IPC Server Responder: starting
2025-05-12 14:03:20,745 [IPC Server listener on 15013] INFO  ipc.Server (Server.java:run(1553)) - IPC Server listener on 15013: starting
2025-05-12 14:03:20,748 [main] WARN  dropwizard3.Dm3MetricRegistriesImpl (Dm3MetricRegistriesImpl.java:addReporterRegistration(114)) - New reporters are added after registries were created. Some metrics will be missing from the reporter. Please add reporter before adding any new registry.
2025-05-12 14:03:20,748 [main] WARN  dropwizard3.Dm3MetricRegistriesImpl (Dm3MetricRegistriesImpl.java:addReporterRegistration(114)) - New reporters are added after registries were created. Some metrics will be missing from the reporter. Please add reporter before adding any new registry.
2025-05-12 14:03:20,748 [main] INFO  impl.MetricsSystemImpl (MetricsSystemImpl.java:init(158)) - HddsDatanode metrics system started (again)
2025-05-12 14:03:20,752 [cfefa488-19eb-42ef-a91e-ee6d690e2562-DatanodeStateMachineDaemonThread] INFO  statemachine.DatanodeStateMachine (DatanodeStateMachine.java:startStateMachineThread(340)) - Ozone container server started.
2025-05-12 14:03:20,759 [main] INFO  protocol.DatanodeDetails (DatanodeDetails.java:validateDatanodeIpAddress(199)) - Updating IP address of datanode a2b8b82a-e2f6-4a14-97b3-6459b5b9a67e(pkrvmberfyhpb9w.internal.cloudapp.net/null) to 10.1.1.25
2025-05-12 14:03:20,760 [main] INFO  ozone.HddsDatanodeService (HddsDatanodeService.java:start(234)) - HddsDatanodeService a2b8b82a-e2f6-4a14-97b3-6459b5b9a67e(pkrvmberfyhpb9w.internal.cloudapp.net/10.1.1.25)
2025-05-12 14:03:20,762 [cfefa488-19eb-42ef-a91e-ee6d690e2562-DatanodeStateMachineTaskThread-0] INFO  statemachine.SCMConnectionManager (SCMConnectionManager.java:addReconServer(184)) - Adding Recon Server : /0.0.0.0:15011
2025-05-12 14:03:20,763 [main] INFO  upgrade.AbstractLayoutVersionManager (AbstractLayoutVersionManager.java:init(80)) - Initializing Layout version manager with metadata layout = HBASE_SUPPORT (version = 8), software layout = HBASE_SUPPORT (version = 8)
2025-05-12 14:03:20,764 [main] INFO  statemachine.DatanodeStateMachine (DatanodeStateMachine.java:getEndPointTaskThreadPoolSize(298)) - Datanode State Machine Task Thread Pool size 2
2025-05-12 14:03:20,769 [main] INFO  volume.HddsVolume (HddsVolume.java:<init>(158)) - HddsVolume: { id=DS-62bbc790-bda3-4b70-b440-7506306d5ad3 dir=/home/runner/work/ozone/ozone/hadoop-ozone/integration-test/target/test-dir/MiniOzoneClusterImpl-93228f78-d735-4ce6-971e-ca8f5c94dbdd/ozone-meta/datanode-2/data-0/hdds type=DISK capacity=9222449699674390527 used=0 available=9222449699674390527 minFree=5368709120 committed=0 }
2025-05-12 14:03:20,769 [main] INFO  volume.MutableVolumeSet (MutableVolumeSet.java:initializeVolumeSet(166)) - Added Volume : /home/runner/work/ozone/ozone/hadoop-ozone/integration-test/target/test-dir/MiniOzoneClusterImpl-93228f78-d735-4ce6-971e-ca8f5c94dbdd/ozone-meta/datanode-2/data-0/hdds to VolumeSet
2025-05-12 14:03:20,772 [main] INFO  volume.MutableVolumeSet (MutableVolumeSet.java:initializeVolumeSet(166)) - Added Volume : /home/runner/work/ozone/ozone/hadoop-ozone/integration-test/target/test-dir/MiniOzoneClusterImpl-93228f78-d735-4ce6-971e-ca8f5c94dbdd/ozone-meta/datanode-2/ratis to VolumeSet
2025-05-12 14:03:20,774 [main] INFO  ozoneimpl.OzoneContainer (HddsVolumeUtil.java:loadAllHddsVolumeDbStore(102)) - Load 1 volumes DbStore cost: 1ms
2025-05-12 14:03:20,775 [main] WARN  db.DBStoreBuilder (DBStoreBuilder.java:getDBDirPath(160)) - ozone.scm.datanode.id.dir is not configured. We recommend adding this setting. Falling back to ozone.metadata.dirs instead.
2025-05-12 14:03:20,776 [main] WARN  db.DBStoreBuilder (DBStoreBuilder.java:getDBDirPath(160)) - ozone.scm.datanode.id.dir is not configured. We recommend adding this setting. Falling back to ozone.metadata.dirs instead.
2025-05-12 14:03:20,797 [main] INFO  impl.FilePerChunkStrategy (FilePerChunkStrategy.java:<init>(79)) - ozone.chunk.read.mapped.buffer.max.count is load with 0
2025-05-12 14:03:20,798 [main] INFO  impl.FilePerBlockStrategy (FilePerBlockStrategy.java:<init>(87)) - ozone.chunk.read.mapped.buffer.max.count is load with 0
2025-05-12 14:03:20,799 [main] INFO  server.RaftServerConfigKeys (ConfUtils.java:logGet(46)) - raft.server.log.appender.buffer.byte-limit = 33554432 (custom)
2025-05-12 14:03:20,802 [main] INFO  server.RaftServer (ConfUtils.java:logGet(46)) - raft.rpc.type = GRPC (default)
2025-05-12 14:03:20,802 [main] INFO  grpc.GrpcConfigKeys (ConfUtils.java:logFallback(53)) - raft.grpc.admin.host = null (fallback to raft.grpc.server.host)
2025-05-12 14:03:20,802 [main] INFO  grpc.GrpcConfigKeys (ConfUtils.java:logGet(46)) - raft.grpc.admin.port = 15024 (custom)
2025-05-12 14:03:20,802 [main] INFO  grpc.GrpcConfigKeys (ConfUtils.java:logFallback(53)) - raft.grpc.client.host = null (fallback to raft.grpc.server.host)
2025-05-12 14:03:20,802 [main] INFO  grpc.GrpcConfigKeys (ConfUtils.java:logGet(46)) - raft.grpc.client.port = 15023 (custom)
2025-05-12 14:03:20,803 [main] INFO  grpc.GrpcConfigKeys (ConfUtils.java:logGet(46)) - raft.grpc.server.host = null (default)
2025-05-12 14:03:20,803 [main] INFO  grpc.GrpcConfigKeys (ConfUtils.java:logGet(46)) - raft.grpc.server.port = 15025 (custom)
2025-05-12 14:03:20,803 [main] INFO  server.GrpcService (ConfUtils.java:logGet(46)) - raft.grpc.message.size.max = 34603008 (custom)
2025-05-12 14:03:20,803 [main] INFO  server.GrpcService (ConfUtils.java:logGet(46)) - raft.grpc.flow.control.window = 5MB (=5242880) (custom)
2025-05-12 14:03:20,803 [main] INFO  server.RaftServerConfigKeys (ConfUtils.java:logGet(46)) - raft.server.rpc.request.timeout = 60s (custom)
2025-05-12 14:03:20,803 [main] INFO  grpc.GrpcConfigKeys (ConfUtils.java:logGet(46)) - raft.grpc.server.heartbeat.channel = true (default)
2025-05-12 14:03:20,803 [main] INFO  server.RaftServerConfigKeys (ConfUtils.java:logGet(46)) - raft.server.log.appender.buffer.byte-limit = 33554432 (custom)
2025-05-12 14:03:20,803 [main] INFO  grpc.GrpcConfigKeys (ConfUtils.java:logGet(46)) - raft.grpc.server.async.request.thread.pool.cached = true (default)
2025-05-12 14:03:20,804 [main] INFO  grpc.GrpcConfigKeys (ConfUtils.java:logGet(46)) - raft.grpc.server.async.request.thread.pool.size = 32 (default)
2025-05-12 14:03:20,805 [main] INFO  impl.DataStreamServerImpl (ConfUtils.java:logGet(46)) - raft.datastream.type = NETTY (custom)
2025-05-12 14:03:20,805 [main] INFO  server.RaftServerConfigKeys (ConfUtils.java:logGet(46)) - raft.server.data-stream.async.request.thread.pool.cached = false (default)
2025-05-12 14:03:20,805 [main] INFO  server.RaftServerConfigKeys (ConfUtils.java:logGet(46)) - raft.server.data-stream.async.request.thread.pool.size = 20 (custom)
2025-05-12 14:03:20,806 [main] INFO  server.RaftServerConfigKeys (ConfUtils.java:logGet(46)) - raft.server.data-stream.async.write.thread.pool.size = 16 (default)
2025-05-12 14:03:20,806 [main] INFO  netty.NettyConfigKeys$DataStream (ConfUtils.java:logGet(46)) - raft.netty.dataStream.server.channel.inactive.grace-period = 10min (default)
2025-05-12 14:03:20,806 [main] INFO  server.RaftServerConfigKeys (ConfUtils.java:logGet(46)) - raft.server.data-stream.client.pool.size = 10 (default)
2025-05-12 14:03:20,806 [main] INFO  netty.NettyConfigKeys$DataStream (ConfUtils.java:logGet(46)) - raft.netty.dataStream.server.use-epoll = true (default)
2025-05-12 14:03:20,806 [main] INFO  netty.NettyConfigKeys$DataStream (ConfUtils.java:logGet(46)) - raft.netty.dataStream.server.boss-group.size = 0 (default)
2025-05-12 14:03:20,806 [main] INFO  netty.NettyUtils (NettyUtils.java:newEventLoopGroup(74)) - Create EpollEventLoopGroup for a2b8b82a-e2f6-4a14-97b3-6459b5b9a67e-NettyServerStreamRpc-bossGroup; Thread size is 0.
2025-05-12 14:03:20,807 [main] INFO  netty.NettyConfigKeys$DataStream (ConfUtils.java:logGet(46)) - raft.netty.dataStream.server.worker-group.size = 0 (default)
2025-05-12 14:03:20,807 [main] INFO  netty.NettyUtils (NettyUtils.java:newEventLoopGroup(74)) - Create EpollEventLoopGroup for a2b8b82a-e2f6-4a14-97b3-6459b5b9a67e-NettyServerStreamRpc-workerGroup; Thread size is 0.
2025-05-12 14:03:20,807 [main] INFO  netty.NettyConfigKeys$DataStream (ConfUtils.java:logGet(46)) - raft.netty.dataStream.server.tls.conf = null (default)
2025-05-12 14:03:20,807 [main] INFO  netty.NettyConfigKeys$DataStream (ConfUtils.java:logGet(46)) - raft.netty.dataStream.host = null (default)
2025-05-12 14:03:20,808 [main] INFO  netty.NettyConfigKeys$DataStream (ConfUtils.java:logGet(46)) - raft.netty.dataStream.port = 15026 (custom)
2025-05-12 14:03:20,809 [a2b8b82a-e2f6-4a14-97b3-6459b5b9a67e-NettyServerStreamRpc-bossGroup--thread1] INFO  logging.LoggingHandler (AbstractInternalLogger.java:log(148)) - [id: 0xd6c56e4f] REGISTERED
2025-05-12 14:03:20,809 [main] INFO  server.RaftServerConfigKeys (ConfUtils.java:logGet(46)) - raft.server.sleep.deviation.threshold = 300ms (default)
2025-05-12 14:03:20,809 [main] INFO  server.RaftServerConfigKeys (ConfUtils.java:logGet(46)) - raft.server.close.threshold = 60s (default)
2025-05-12 14:03:20,809 [main] INFO  server.RaftServerConfigKeys (ConfUtils.java:logGet(46)) - raft.server.leaderelection.leader.step-down.wait-time = 10s (default)
2025-05-12 14:03:20,810 [main] INFO  server.RaftServerConfigKeys (ConfUtils.java:logGet(46)) - raft.server.storage.dir = [/home/runner/work/ozone/ozone/hadoop-ozone/integration-test/target/test-dir/MiniOzoneClusterImpl-93228f78-d735-4ce6-971e-ca8f5c94dbdd/ozone-meta/datanode-2/ratis] (custom)
2025-05-12 14:03:20,811 [a2b8b82a-e2f6-4a14-97b3-6459b5b9a67e-NettyServerStreamRpc-bossGroup--thread1] INFO  logging.LoggingHandler (AbstractInternalLogger.java:log(148)) - [id: 0xd6c56e4f] BIND: 0.0.0.0/0.0.0.0:15026
2025-05-12 14:03:20,811 [a2b8b82a-e2f6-4a14-97b3-6459b5b9a67e-NettyServerStreamRpc-bossGroup--thread1] INFO  logging.LoggingHandler (AbstractInternalLogger.java:log(148)) - [id: 0xd6c56e4f, L:/0.0.0.0:15026] ACTIVE
2025-05-12 14:03:20,811 [main] INFO  server.RaftServerConfigKeys (ConfUtils.java:logGet(46)) - raft.server.threadpool.proxy.cached = true (default)
2025-05-12 14:03:20,812 [main] INFO  server.RaftServerConfigKeys (ConfUtils.java:logGet(46)) - raft.server.threadpool.proxy.size = 0 (default)
2025-05-12 14:03:20,813 [a2b8b82a-e2f6-4a14-97b3-6459b5b9a67e-impl-thread1] INFO  server.RaftServer (RaftServerProxy.java:initGroupDir(265)) - a2b8b82a-e2f6-4a14-97b3-6459b5b9a67e: found a subdirectory /home/runner/work/ozone/ozone/hadoop-ozone/integration-test/target/test-dir/MiniOzoneClusterImpl-93228f78-d735-4ce6-971e-ca8f5c94dbdd/ozone-meta/datanode-2/ratis/tmp
2025-05-12 14:03:20,813 [a2b8b82a-e2f6-4a14-97b3-6459b5b9a67e-impl-thread1] INFO  server.RaftServer (RaftServerProxy.java:initGroupDir(270)) - a2b8b82a-e2f6-4a14-97b3-6459b5b9a67e: The directory /home/runner/work/ozone/ozone/hadoop-ozone/integration-test/target/test-dir/MiniOzoneClusterImpl-93228f78-d735-4ce6-971e-ca8f5c94dbdd/ozone-meta/datanode-2/ratis/tmp is not a group directory; ignoring it. 
2025-05-12 14:03:20,813 [main] INFO  replication.ReplicationServer (ReplicationServer.java:<init>(84)) - Initializing replication server with thread count = 10 queue length = 4096
2025-05-12 14:03:20,814 [main] INFO  server.XceiverServerGrpc (XceiverServerGrpc.java:<init>(131)) - GrpcServer channel type EpollServerSocketChannel
2025-05-12 14:03:20,817 [main] INFO  replication.ReplicationSupervisor (ReplicationSupervisor.java:build(169)) - Initializing replication supervisor with thread count = 10
2025-05-12 14:03:20,817 [cfefa488-19eb-42ef-a91e-ee6d690e2562-DatanodeStateMachineTaskThread-0] INFO  datanode.InitDatanodeState (InitDatanodeState.java:persistContainerDatanodeDetails(139)) - DatanodeDetails is persisted to /home/runner/work/ozone/ozone/hadoop-ozone/integration-test/target/test-dir/MiniOzoneClusterImpl-93228f78-d735-4ce6-971e-ca8f5c94dbdd/ozone-meta/datanode-1/meta/datanode.id
2025-05-12 14:03:20,817 [main] INFO  replication.ReplicationSupervisor (ReplicationSupervisor.java:nodeStateUpdated(358)) - Node state updated to IN_SERVICE, scaling executor pool size to 10
2025-05-12 14:03:20,820 [main] INFO  http.BaseHttpServer (BaseHttpServer.java:newHttpServer2BuilderForOzone(229)) - Starting Web-server for hddsDatanode at: http://0.0.0.0:15020
2025-05-12 14:03:20,820 [main] INFO  http.BaseHttpServer (BaseHttpServer.java:<init>(107)) - Hadoop Security Enabled: false Ozone Security Enabled: false Ozone HTTP Security Enabled: false 
2025-05-12 14:03:20,822 [main] WARN  server.AuthenticationFilter (AuthenticationFilter.java:constructSecretProvider(240)) - Unable to initialize FileSignerSecretProvider, falling back to use random secrets. Reason: Could not read signature secret file: /home/runner/hadoop-http-auth-signature-secret
2025-05-12 14:03:20,824 [main] INFO  http.HttpServer2 (HttpServer2.java:addGlobalFilter(1042)) - Added global filter 'safety' (class=org.apache.hadoop.hdds.server.http.HttpServer2$QuotingInputFilter)
2025-05-12 14:03:20,825 [main] INFO  http.HttpServer2 (HttpServer2.java:addFilter(1018)) - Added filter static_user_filter (class=org.apache.hadoop.http.lib.StaticUserWebFilter$StaticUserFilter) to context hddsDatanode
2025-05-12 14:03:20,825 [main] INFO  http.HttpServer2 (HttpServer2.java:addFilter(1026)) - Added filter static_user_filter (class=org.apache.hadoop.http.lib.StaticUserWebFilter$StaticUserFilter) to context static
2025-05-12 14:03:20,825 [main] INFO  http.HttpServer2 (HttpServer2.java:addFilter(1026)) - Added filter static_user_filter (class=org.apache.hadoop.http.lib.StaticUserWebFilter$StaticUserFilter) to context logs
2025-05-12 14:03:20,826 [main] INFO  http.BaseHttpServer (BaseHttpServer.java:<init>(195)) - HTTP server of hddsDatanode uses base directory /home/runner/work/ozone/ozone/hadoop-ozone/integration-test/target/test-dir/MiniOzoneClusterImpl-93228f78-d735-4ce6-971e-ca8f5c94dbdd/ozone-meta/datanode-2/meta/webserver
2025-05-12 14:03:20,826 [main] INFO  http.HttpServer2 (HttpServer2.java:bindListener(1242)) - Jetty bound to port 15020
2025-05-12 14:03:20,826 [main] INFO  server.Server (Server.java:doStart(375)) - jetty-9.4.57.v20241219; built: 2025-01-08T21:24:30.412Z; git: df524e6b29271c2e09ba9aea83c18dc9db464a31; jvm 21.0.7+6-LTS
2025-05-12 14:03:20,828 [main] INFO  server.session (DefaultSessionIdManager.java:doStart(334)) - DefaultSessionIdManager workerName=node0
2025-05-12 14:03:20,828 [main] INFO  server.session (DefaultSessionIdManager.java:doStart(339)) - No SessionScavenger set, using defaults
2025-05-12 14:03:20,828 [main] INFO  server.session (HouseKeeper.java:startScavenging(132)) - node0 Scavenging every 660000ms
2025-05-12 14:03:20,829 [main] INFO  handler.ContextHandler (ContextHandler.java:doStart(921)) - Started o.e.j.s.ServletContextHandler@2b70ce89{logs,/logs,file:///home/runner/work/ozone/ozone/hadoop-ozone/integration-test/target/log,AVAILABLE}
2025-05-12 14:03:20,829 [main] INFO  handler.ContextHandler (ContextHandler.java:doStart(921)) - Started o.e.j.s.ServletContextHandler@4eda3af9{static,/static,jar:file:/home/runner/work/ozone/ozone/hadoop-hdds/container-service/target/hdds-container-service-2.1.0-SNAPSHOT.jar!/webapps/static,AVAILABLE}
2025-05-12 14:03:20,969 [main] INFO  handler.ContextHandler (ContextHandler.java:doStart(921)) - Started o.e.j.w.WebAppContext@6a964c56{hddsDatanode,/,file:///home/runner/work/ozone/ozone/hadoop-ozone/integration-test/target/test-dir/MiniOzoneClusterImpl-93228f78-d735-4ce6-971e-ca8f5c94dbdd/ozone-meta/datanode-2/meta/webserver/jetty-0_0_0_0-15020-hdds-container-service-2_1_0-SNAPSHOT_jar-_-any-1571845966844653921/webapp/,AVAILABLE}{jar:file:/home/runner/work/ozone/ozone/hadoop-hdds/container-service/target/hdds-container-service-2.1.0-SNAPSHOT.jar!/webapps/hddsDatanode}
2025-05-12 14:03:20,970 [main] INFO  server.AbstractConnector (AbstractConnector.java:doStart(333)) - Started ServerConnector@2c9d03ee{HTTP/1.1, (http/1.1)}{0.0.0.0:15020}
2025-05-12 14:03:20,970 [main] INFO  server.Server (Server.java:doStart(415)) - Started @25324ms
2025-05-12 14:03:20,970 [main] WARN  impl.MetricsSystemImpl (MetricsSystemImpl.java:register(279)) - Sink prometheus already exists!
2025-05-12 14:03:20,971 [main] INFO  http.BaseHttpServer (BaseHttpServer.java:updateConnectorAddress(359)) - HTTP server of hddsDatanode listening at http://0.0.0.0:15020
2025-05-12 14:03:20,971 [main] INFO  ipc.CallQueueManager (CallQueueManager.java:<init>(93)) - Using callQueue: class java.util.concurrent.LinkedBlockingQueue, queueCapacity: 1000, scheduler: class org.apache.hadoop.ipc.DefaultRpcScheduler, ipcBackoff: false, ipcFailOver: false.
2025-05-12 14:03:20,972 [main] INFO  ipc.Server (Server.java:<init>(1438)) - Listener at 0.0.0.0:15021
2025-05-12 14:03:20,972 [Socket Reader #1 for port 15021] INFO  ipc.Server (Server.java:run(1474)) - Starting Socket Reader #1 for port 15021
2025-05-12 14:03:20,972 [Socket Reader #2 for port 15021] INFO  ipc.Server (Server.java:run(1474)) - Starting Socket Reader #2 for port 15021
2025-05-12 14:03:20,973 [Socket Reader #3 for port 15021] INFO  ipc.Server (Server.java:run(1474)) - Starting Socket Reader #3 for port 15021
2025-05-12 14:03:20,973 [Socket Reader #4 for port 15021] INFO  ipc.Server (Server.java:run(1474)) - Starting Socket Reader #4 for port 15021
2025-05-12 14:03:20,973 [Socket Reader #5 for port 15021] INFO  ipc.Server (Server.java:run(1474)) - Starting Socket Reader #5 for port 15021
2025-05-12 14:03:20,973 [Socket Reader #6 for port 15021] INFO  ipc.Server (Server.java:run(1474)) - Starting Socket Reader #6 for port 15021
2025-05-12 14:03:20,973 [Socket Reader #7 for port 15021] INFO  ipc.Server (Server.java:run(1474)) - Starting Socket Reader #7 for port 15021
2025-05-12 14:03:20,973 [Socket Reader #8 for port 15021] INFO  ipc.Server (Server.java:run(1474)) - Starting Socket Reader #8 for port 15021
2025-05-12 14:03:20,974 [Socket Reader #9 for port 15021] INFO  ipc.Server (Server.java:run(1474)) - Starting Socket Reader #9 for port 15021
2025-05-12 14:03:20,974 [Socket Reader #10 for port 15021] INFO  ipc.Server (Server.java:run(1474)) - Starting Socket Reader #10 for port 15021
2025-05-12 14:03:20,977 [main] INFO  ozone.HddsDatanodeService (HddsDatanodeService.java:start(325)) - Datanode start with admins: [runner]
2025-05-12 14:03:20,977 [main] INFO  ozone.HddsDatanodeClientProtocolServer (HddsDatanodeClientProtocolServer.java:start(76)) - RPC server for Client /0.0.0.0:15021
2025-05-12 14:03:20,978 [IPC Server Responder] INFO  ipc.Server (Server.java:run(1713)) - IPC Server Responder: starting
2025-05-12 14:03:20,978 [IPC Server listener on 15021] INFO  ipc.Server (Server.java:run(1553)) - IPC Server listener on 15021: starting
2025-05-12 14:03:20,980 [main] WARN  dropwizard3.Dm3MetricRegistriesImpl (Dm3MetricRegistriesImpl.java:addReporterRegistration(114)) - New reporters are added after registries were created. Some metrics will be missing from the reporter. Please add reporter before adding any new registry.
2025-05-12 14:03:20,981 [main] WARN  dropwizard3.Dm3MetricRegistriesImpl (Dm3MetricRegistriesImpl.java:addReporterRegistration(114)) - New reporters are added after registries were created. Some metrics will be missing from the reporter. Please add reporter before adding any new registry.
2025-05-12 14:03:20,981 [main] INFO  impl.MetricsSystemImpl (MetricsSystemImpl.java:init(158)) - HddsDatanode metrics system started (again)
2025-05-12 14:03:20,984 [a2b8b82a-e2f6-4a14-97b3-6459b5b9a67e-DatanodeStateMachineDaemonThread] INFO  statemachine.DatanodeStateMachine (DatanodeStateMachine.java:startStateMachineThread(340)) - Ozone container server started.
2025-05-12 14:03:20,985 [a2b8b82a-e2f6-4a14-97b3-6459b5b9a67e-DatanodeStateMachineTaskThread-0] INFO  statemachine.SCMConnectionManager (SCMConnectionManager.java:addReconServer(184)) - Adding Recon Server : /0.0.0.0:15011
2025-05-12 14:03:20,989 [a2b8b82a-e2f6-4a14-97b3-6459b5b9a67e-DatanodeStateMachineTaskThread-0] INFO  datanode.InitDatanodeState (InitDatanodeState.java:persistContainerDatanodeDetails(139)) - DatanodeDetails is persisted to /home/runner/work/ozone/ozone/hadoop-ozone/integration-test/target/test-dir/MiniOzoneClusterImpl-93228f78-d735-4ce6-971e-ca8f5c94dbdd/ozone-meta/datanode-2/meta/datanode.id
2025-05-12 14:03:20,998 [main] INFO  protocol.DatanodeDetails (DatanodeDetails.java:validateDatanodeIpAddress(199)) - Updating IP address of datanode 16988a43-54c6-4d79-b4f6-1d89459795e1(pkrvmberfyhpb9w.internal.cloudapp.net/null) to 10.1.1.25
2025-05-12 14:03:20,998 [main] INFO  ozone.HddsDatanodeService (HddsDatanodeService.java:start(234)) - HddsDatanodeService 16988a43-54c6-4d79-b4f6-1d89459795e1(pkrvmberfyhpb9w.internal.cloudapp.net/10.1.1.25)
2025-05-12 14:03:21,000 [main] INFO  upgrade.AbstractLayoutVersionManager (AbstractLayoutVersionManager.java:init(80)) - Initializing Layout version manager with metadata layout = HBASE_SUPPORT (version = 8), software layout = HBASE_SUPPORT (version = 8)
2025-05-12 14:03:21,001 [main] INFO  statemachine.DatanodeStateMachine (DatanodeStateMachine.java:getEndPointTaskThreadPoolSize(298)) - Datanode State Machine Task Thread Pool size 2
2025-05-12 14:03:21,004 [main] INFO  volume.HddsVolume (HddsVolume.java:<init>(158)) - HddsVolume: { id=DS-014c92c7-7c37-4731-ac11-9d6b125e3b61 dir=/home/runner/work/ozone/ozone/hadoop-ozone/integration-test/target/test-dir/MiniOzoneClusterImpl-93228f78-d735-4ce6-971e-ca8f5c94dbdd/ozone-meta/datanode-3/data-0/hdds type=DISK capacity=9222449699674390527 used=0 available=9222449699674390527 minFree=5368709120 committed=0 }
2025-05-12 14:03:21,004 [main] INFO  volume.MutableVolumeSet (MutableVolumeSet.java:initializeVolumeSet(166)) - Added Volume : /home/runner/work/ozone/ozone/hadoop-ozone/integration-test/target/test-dir/MiniOzoneClusterImpl-93228f78-d735-4ce6-971e-ca8f5c94dbdd/ozone-meta/datanode-3/data-0/hdds to VolumeSet
2025-05-12 14:03:21,006 [main] INFO  volume.MutableVolumeSet (MutableVolumeSet.java:initializeVolumeSet(166)) - Added Volume : /home/runner/work/ozone/ozone/hadoop-ozone/integration-test/target/test-dir/MiniOzoneClusterImpl-93228f78-d735-4ce6-971e-ca8f5c94dbdd/ozone-meta/datanode-3/ratis to VolumeSet
2025-05-12 14:03:21,007 [main] INFO  ozoneimpl.OzoneContainer (HddsVolumeUtil.java:loadAllHddsVolumeDbStore(102)) - Load 1 volumes DbStore cost: 0ms
2025-05-12 14:03:21,008 [main] WARN  db.DBStoreBuilder (DBStoreBuilder.java:getDBDirPath(160)) - ozone.scm.datanode.id.dir is not configured. We recommend adding this setting. Falling back to ozone.metadata.dirs instead.
2025-05-12 14:03:21,009 [main] WARN  db.DBStoreBuilder (DBStoreBuilder.java:getDBDirPath(160)) - ozone.scm.datanode.id.dir is not configured. We recommend adding this setting. Falling back to ozone.metadata.dirs instead.
2025-05-12 14:03:21,021 [main] INFO  impl.FilePerChunkStrategy (FilePerChunkStrategy.java:<init>(79)) - ozone.chunk.read.mapped.buffer.max.count is load with 0
2025-05-12 14:03:21,021 [main] INFO  impl.FilePerBlockStrategy (FilePerBlockStrategy.java:<init>(87)) - ozone.chunk.read.mapped.buffer.max.count is load with 0
2025-05-12 14:03:21,023 [main] INFO  server.RaftServerConfigKeys (ConfUtils.java:logGet(46)) - raft.server.log.appender.buffer.byte-limit = 33554432 (custom)
2025-05-12 14:03:21,024 [main] INFO  server.RaftServer (ConfUtils.java:logGet(46)) - raft.rpc.type = GRPC (default)
2025-05-12 14:03:21,025 [main] INFO  grpc.GrpcConfigKeys (ConfUtils.java:logFallback(53)) - raft.grpc.admin.host = null (fallback to raft.grpc.server.host)
2025-05-12 14:03:21,025 [main] INFO  grpc.GrpcConfigKeys (ConfUtils.java:logGet(46)) - raft.grpc.admin.port = 15032 (custom)
2025-05-12 14:03:21,025 [main] INFO  grpc.GrpcConfigKeys (ConfUtils.java:logFallback(53)) - raft.grpc.client.host = null (fallback to raft.grpc.server.host)
2025-05-12 14:03:21,025 [main] INFO  grpc.GrpcConfigKeys (ConfUtils.java:logGet(46)) - raft.grpc.client.port = 15031 (custom)
2025-05-12 14:03:21,025 [main] INFO  grpc.GrpcConfigKeys (ConfUtils.java:logGet(46)) - raft.grpc.server.host = null (default)
2025-05-12 14:03:21,025 [main] INFO  grpc.GrpcConfigKeys (ConfUtils.java:logGet(46)) - raft.grpc.server.port = 15033 (custom)
2025-05-12 14:03:21,025 [main] INFO  server.GrpcService (ConfUtils.java:logGet(46)) - raft.grpc.message.size.max = 34603008 (custom)
2025-05-12 14:03:21,025 [main] INFO  server.GrpcService (ConfUtils.java:logGet(46)) - raft.grpc.flow.control.window = 5MB (=5242880) (custom)
2025-05-12 14:03:21,026 [main] INFO  server.RaftServerConfigKeys (ConfUtils.java:logGet(46)) - raft.server.rpc.request.timeout = 60s (custom)
2025-05-12 14:03:21,026 [main] INFO  grpc.GrpcConfigKeys (ConfUtils.java:logGet(46)) - raft.grpc.server.heartbeat.channel = true (default)
2025-05-12 14:03:21,026 [main] INFO  server.RaftServerConfigKeys (ConfUtils.java:logGet(46)) - raft.server.log.appender.buffer.byte-limit = 33554432 (custom)
2025-05-12 14:03:21,026 [main] INFO  grpc.GrpcConfigKeys (ConfUtils.java:logGet(46)) - raft.grpc.server.async.request.thread.pool.cached = true (default)
2025-05-12 14:03:21,027 [main] INFO  grpc.GrpcConfigKeys (ConfUtils.java:logGet(46)) - raft.grpc.server.async.request.thread.pool.size = 32 (default)
2025-05-12 14:03:21,028 [main] INFO  impl.DataStreamServerImpl (ConfUtils.java:logGet(46)) - raft.datastream.type = NETTY (custom)
2025-05-12 14:03:21,029 [main] INFO  server.RaftServerConfigKeys (ConfUtils.java:logGet(46)) - raft.server.data-stream.async.request.thread.pool.cached = false (default)
2025-05-12 14:03:21,029 [main] INFO  server.RaftServerConfigKeys (ConfUtils.java:logGet(46)) - raft.server.data-stream.async.request.thread.pool.size = 20 (custom)
2025-05-12 14:03:21,029 [main] INFO  server.RaftServerConfigKeys (ConfUtils.java:logGet(46)) - raft.server.data-stream.async.write.thread.pool.size = 16 (default)
2025-05-12 14:03:21,029 [main] INFO  netty.NettyConfigKeys$DataStream (ConfUtils.java:logGet(46)) - raft.netty.dataStream.server.channel.inactive.grace-period = 10min (default)
2025-05-12 14:03:21,029 [main] INFO  server.RaftServerConfigKeys (ConfUtils.java:logGet(46)) - raft.server.data-stream.client.pool.size = 10 (default)
2025-05-12 14:03:21,030 [main] INFO  netty.NettyConfigKeys$DataStream (ConfUtils.java:logGet(46)) - raft.netty.dataStream.server.use-epoll = true (default)
2025-05-12 14:03:21,030 [main] INFO  netty.NettyConfigKeys$DataStream (ConfUtils.java:logGet(46)) - raft.netty.dataStream.server.boss-group.size = 0 (default)
2025-05-12 14:03:21,030 [main] INFO  netty.NettyUtils (NettyUtils.java:newEventLoopGroup(74)) - Create EpollEventLoopGroup for 16988a43-54c6-4d79-b4f6-1d89459795e1-NettyServerStreamRpc-bossGroup; Thread size is 0.
2025-05-12 14:03:21,030 [main] INFO  netty.NettyConfigKeys$DataStream (ConfUtils.java:logGet(46)) - raft.netty.dataStream.server.worker-group.size = 0 (default)
2025-05-12 14:03:21,031 [main] INFO  netty.NettyUtils (NettyUtils.java:newEventLoopGroup(74)) - Create EpollEventLoopGroup for 16988a43-54c6-4d79-b4f6-1d89459795e1-NettyServerStreamRpc-workerGroup; Thread size is 0.
2025-05-12 14:03:21,031 [main] INFO  netty.NettyConfigKeys$DataStream (ConfUtils.java:logGet(46)) - raft.netty.dataStream.server.tls.conf = null (default)
2025-05-12 14:03:21,031 [main] INFO  netty.NettyConfigKeys$DataStream (ConfUtils.java:logGet(46)) - raft.netty.dataStream.host = null (default)
2025-05-12 14:03:21,031 [main] INFO  netty.NettyConfigKeys$DataStream (ConfUtils.java:logGet(46)) - raft.netty.dataStream.port = 15034 (custom)
2025-05-12 14:03:21,033 [16988a43-54c6-4d79-b4f6-1d89459795e1-NettyServerStreamRpc-bossGroup--thread1] INFO  logging.LoggingHandler (AbstractInternalLogger.java:log(148)) - [id: 0x924e0643] REGISTERED
2025-05-12 14:03:21,034 [16988a43-54c6-4d79-b4f6-1d89459795e1-NettyServerStreamRpc-bossGroup--thread1] INFO  logging.LoggingHandler (AbstractInternalLogger.java:log(148)) - [id: 0x924e0643] BIND: 0.0.0.0/0.0.0.0:15034
2025-05-12 14:03:21,034 [16988a43-54c6-4d79-b4f6-1d89459795e1-NettyServerStreamRpc-bossGroup--thread1] INFO  logging.LoggingHandler (AbstractInternalLogger.java:log(148)) - [id: 0x924e0643, L:/0.0.0.0:15034] ACTIVE
2025-05-12 14:03:21,033 [main] INFO  server.RaftServerConfigKeys (ConfUtils.java:logGet(46)) - raft.server.sleep.deviation.threshold = 300ms (default)
2025-05-12 14:03:21,034 [main] INFO  server.RaftServerConfigKeys (ConfUtils.java:logGet(46)) - raft.server.close.threshold = 60s (default)
2025-05-12 14:03:21,034 [main] INFO  server.RaftServerConfigKeys (ConfUtils.java:logGet(46)) - raft.server.leaderelection.leader.step-down.wait-time = 10s (default)
2025-05-12 14:03:21,035 [main] INFO  server.RaftServerConfigKeys (ConfUtils.java:logGet(46)) - raft.server.storage.dir = [/home/runner/work/ozone/ozone/hadoop-ozone/integration-test/target/test-dir/MiniOzoneClusterImpl-93228f78-d735-4ce6-971e-ca8f5c94dbdd/ozone-meta/datanode-3/ratis] (custom)
2025-05-12 14:03:21,035 [main] INFO  server.RaftServerConfigKeys (ConfUtils.java:logGet(46)) - raft.server.threadpool.proxy.cached = true (default)
2025-05-12 14:03:21,036 [main] INFO  server.RaftServerConfigKeys (ConfUtils.java:logGet(46)) - raft.server.threadpool.proxy.size = 0 (default)
2025-05-12 14:03:21,037 [16988a43-54c6-4d79-b4f6-1d89459795e1-impl-thread1] INFO  server.RaftServer (RaftServerProxy.java:initGroupDir(265)) - 16988a43-54c6-4d79-b4f6-1d89459795e1: found a subdirectory /home/runner/work/ozone/ozone/hadoop-ozone/integration-test/target/test-dir/MiniOzoneClusterImpl-93228f78-d735-4ce6-971e-ca8f5c94dbdd/ozone-meta/datanode-3/ratis/tmp
2025-05-12 14:03:21,037 [16988a43-54c6-4d79-b4f6-1d89459795e1-impl-thread1] INFO  server.RaftServer (RaftServerProxy.java:initGroupDir(270)) - 16988a43-54c6-4d79-b4f6-1d89459795e1: The directory /home/runner/work/ozone/ozone/hadoop-ozone/integration-test/target/test-dir/MiniOzoneClusterImpl-93228f78-d735-4ce6-971e-ca8f5c94dbdd/ozone-meta/datanode-3/ratis/tmp is not a group directory; ignoring it. 
2025-05-12 14:03:21,037 [main] INFO  replication.ReplicationServer (ReplicationServer.java:<init>(84)) - Initializing replication server with thread count = 10 queue length = 4096
2025-05-12 14:03:21,039 [main] INFO  server.XceiverServerGrpc (XceiverServerGrpc.java:<init>(131)) - GrpcServer channel type EpollServerSocketChannel
2025-05-12 14:03:21,042 [main] INFO  replication.ReplicationSupervisor (ReplicationSupervisor.java:build(169)) - Initializing replication supervisor with thread count = 10
2025-05-12 14:03:21,042 [main] INFO  replication.ReplicationSupervisor (ReplicationSupervisor.java:nodeStateUpdated(358)) - Node state updated to IN_SERVICE, scaling executor pool size to 10
2025-05-12 14:03:21,049 [main] INFO  http.BaseHttpServer (BaseHttpServer.java:newHttpServer2BuilderForOzone(229)) - Starting Web-server for hddsDatanode at: http://0.0.0.0:15028
2025-05-12 14:03:21,049 [main] INFO  http.BaseHttpServer (BaseHttpServer.java:<init>(107)) - Hadoop Security Enabled: false Ozone Security Enabled: false Ozone HTTP Security Enabled: false 
2025-05-12 14:03:21,051 [main] WARN  server.AuthenticationFilter (AuthenticationFilter.java:constructSecretProvider(240)) - Unable to initialize FileSignerSecretProvider, falling back to use random secrets. Reason: Could not read signature secret file: /home/runner/hadoop-http-auth-signature-secret
2025-05-12 14:03:21,054 [main] INFO  http.HttpServer2 (HttpServer2.java:addGlobalFilter(1042)) - Added global filter 'safety' (class=org.apache.hadoop.hdds.server.http.HttpServer2$QuotingInputFilter)
2025-05-12 14:03:21,055 [main] INFO  http.HttpServer2 (HttpServer2.java:addFilter(1018)) - Added filter static_user_filter (class=org.apache.hadoop.http.lib.StaticUserWebFilter$StaticUserFilter) to context hddsDatanode
2025-05-12 14:03:21,055 [main] INFO  http.HttpServer2 (HttpServer2.java:addFilter(1026)) - Added filter static_user_filter (class=org.apache.hadoop.http.lib.StaticUserWebFilter$StaticUserFilter) to context logs
2025-05-12 14:03:21,056 [main] INFO  http.HttpServer2 (HttpServer2.java:addFilter(1026)) - Added filter static_user_filter (class=org.apache.hadoop.http.lib.StaticUserWebFilter$StaticUserFilter) to context static
2025-05-12 14:03:21,057 [main] INFO  http.BaseHttpServer (BaseHttpServer.java:<init>(195)) - HTTP server of hddsDatanode uses base directory /home/runner/work/ozone/ozone/hadoop-ozone/integration-test/target/test-dir/MiniOzoneClusterImpl-93228f78-d735-4ce6-971e-ca8f5c94dbdd/ozone-meta/datanode-3/meta/webserver
2025-05-12 14:03:21,057 [main] INFO  http.HttpServer2 (HttpServer2.java:bindListener(1242)) - Jetty bound to port 15028
2025-05-12 14:03:21,057 [main] INFO  server.Server (Server.java:doStart(375)) - jetty-9.4.57.v20241219; built: 2025-01-08T21:24:30.412Z; git: df524e6b29271c2e09ba9aea83c18dc9db464a31; jvm 21.0.7+6-LTS
2025-05-12 14:03:21,059 [main] INFO  server.session (DefaultSessionIdManager.java:doStart(334)) - DefaultSessionIdManager workerName=node0
2025-05-12 14:03:21,059 [main] INFO  server.session (DefaultSessionIdManager.java:doStart(339)) - No SessionScavenger set, using defaults
2025-05-12 14:03:21,060 [main] INFO  server.session (HouseKeeper.java:startScavenging(132)) - node0 Scavenging every 600000ms
2025-05-12 14:03:21,061 [main] INFO  handler.ContextHandler (ContextHandler.java:doStart(921)) - Started o.e.j.s.ServletContextHandler@434522b7{logs,/logs,file:///home/runner/work/ozone/ozone/hadoop-ozone/integration-test/target/log,AVAILABLE}
2025-05-12 14:03:21,062 [main] INFO  handler.ContextHandler (ContextHandler.java:doStart(921)) - Started o.e.j.s.ServletContextHandler@5de863e6{static,/static,jar:file:/home/runner/work/ozone/ozone/hadoop-hdds/container-service/target/hdds-container-service-2.1.0-SNAPSHOT.jar!/webapps/static,AVAILABLE}
2025-05-12 14:03:21,197 [main] INFO  handler.ContextHandler (ContextHandler.java:doStart(921)) - Started o.e.j.w.WebAppContext@2ceb060a{hddsDatanode,/,file:///home/runner/work/ozone/ozone/hadoop-ozone/integration-test/target/test-dir/MiniOzoneClusterImpl-93228f78-d735-4ce6-971e-ca8f5c94dbdd/ozone-meta/datanode-3/meta/webserver/jetty-0_0_0_0-15028-hdds-container-service-2_1_0-SNAPSHOT_jar-_-any-16654826034306042563/webapp/,AVAILABLE}{jar:file:/home/runner/work/ozone/ozone/hadoop-hdds/container-service/target/hdds-container-service-2.1.0-SNAPSHOT.jar!/webapps/hddsDatanode}
2025-05-12 14:03:21,198 [main] INFO  server.AbstractConnector (AbstractConnector.java:doStart(333)) - Started ServerConnector@5046c3f6{HTTP/1.1, (http/1.1)}{0.0.0.0:15028}
2025-05-12 14:03:21,198 [main] INFO  server.Server (Server.java:doStart(415)) - Started @25552ms
2025-05-12 14:03:21,198 [main] WARN  impl.MetricsSystemImpl (MetricsSystemImpl.java:register(279)) - Sink prometheus already exists!
2025-05-12 14:03:21,198 [main] INFO  http.BaseHttpServer (BaseHttpServer.java:updateConnectorAddress(359)) - HTTP server of hddsDatanode listening at http://0.0.0.0:15028
2025-05-12 14:03:21,199 [main] INFO  ipc.CallQueueManager (CallQueueManager.java:<init>(93)) - Using callQueue: class java.util.concurrent.LinkedBlockingQueue, queueCapacity: 1000, scheduler: class org.apache.hadoop.ipc.DefaultRpcScheduler, ipcBackoff: false, ipcFailOver: false.
2025-05-12 14:03:21,199 [main] INFO  ipc.Server (Server.java:<init>(1438)) - Listener at 0.0.0.0:15029
2025-05-12 14:03:21,200 [Socket Reader #1 for port 15029] INFO  ipc.Server (Server.java:run(1474)) - Starting Socket Reader #1 for port 15029
2025-05-12 14:03:21,200 [Socket Reader #2 for port 15029] INFO  ipc.Server (Server.java:run(1474)) - Starting Socket Reader #2 for port 15029
2025-05-12 14:03:21,200 [Socket Reader #4 for port 15029] INFO  ipc.Server (Server.java:run(1474)) - Starting Socket Reader #4 for port 15029
2025-05-12 14:03:21,201 [Socket Reader #3 for port 15029] INFO  ipc.Server (Server.java:run(1474)) - Starting Socket Reader #3 for port 15029
2025-05-12 14:03:21,201 [Socket Reader #5 for port 15029] INFO  ipc.Server (Server.java:run(1474)) - Starting Socket Reader #5 for port 15029
2025-05-12 14:03:21,202 [Socket Reader #6 for port 15029] INFO  ipc.Server (Server.java:run(1474)) - Starting Socket Reader #6 for port 15029
2025-05-12 14:03:21,202 [Socket Reader #7 for port 15029] INFO  ipc.Server (Server.java:run(1474)) - Starting Socket Reader #7 for port 15029
2025-05-12 14:03:21,202 [Socket Reader #8 for port 15029] INFO  ipc.Server (Server.java:run(1474)) - Starting Socket Reader #8 for port 15029
2025-05-12 14:03:21,202 [Socket Reader #9 for port 15029] INFO  ipc.Server (Server.java:run(1474)) - Starting Socket Reader #9 for port 15029
2025-05-12 14:03:21,203 [Socket Reader #10 for port 15029] INFO  ipc.Server (Server.java:run(1474)) - Starting Socket Reader #10 for port 15029
2025-05-12 14:03:21,205 [main] INFO  ozone.HddsDatanodeService (HddsDatanodeService.java:start(325)) - Datanode start with admins: [runner]
2025-05-12 14:03:21,205 [main] INFO  ozone.HddsDatanodeClientProtocolServer (HddsDatanodeClientProtocolServer.java:start(76)) - RPC server for Client /0.0.0.0:15029
2025-05-12 14:03:21,205 [IPC Server Responder] INFO  ipc.Server (Server.java:run(1713)) - IPC Server Responder: starting
2025-05-12 14:03:21,206 [IPC Server listener on 15029] INFO  ipc.Server (Server.java:run(1553)) - IPC Server listener on 15029: starting
2025-05-12 14:03:21,207 [main] WARN  dropwizard3.Dm3MetricRegistriesImpl (Dm3MetricRegistriesImpl.java:addReporterRegistration(114)) - New reporters are added after registries were created. Some metrics will be missing from the reporter. Please add reporter before adding any new registry.
2025-05-12 14:03:21,207 [main] WARN  dropwizard3.Dm3MetricRegistriesImpl (Dm3MetricRegistriesImpl.java:addReporterRegistration(114)) - New reporters are added after registries were created. Some metrics will be missing from the reporter. Please add reporter before adding any new registry.
2025-05-12 14:03:21,207 [main] INFO  impl.MetricsSystemImpl (MetricsSystemImpl.java:init(158)) - HddsDatanode metrics system started (again)
2025-05-12 14:03:21,214 [16988a43-54c6-4d79-b4f6-1d89459795e1-DatanodeStateMachineDaemonThread] INFO  statemachine.DatanodeStateMachine (DatanodeStateMachine.java:startStateMachineThread(340)) - Ozone container server started.
2025-05-12 14:03:21,218 [16988a43-54c6-4d79-b4f6-1d89459795e1-DatanodeStateMachineTaskThread-0] INFO  statemachine.SCMConnectionManager (SCMConnectionManager.java:addReconServer(184)) - Adding Recon Server : /0.0.0.0:15011
2025-05-12 14:03:21,222 [main] INFO  protocol.DatanodeDetails (DatanodeDetails.java:validateDatanodeIpAddress(199)) - Updating IP address of datanode 47c4feda-5356-4712-bb09-0016fbee8439(pkrvmberfyhpb9w.internal.cloudapp.net/null) to 10.1.1.25
2025-05-12 14:03:21,222 [main] INFO  ozone.HddsDatanodeService (HddsDatanodeService.java:start(234)) - HddsDatanodeService 47c4feda-5356-4712-bb09-0016fbee8439(pkrvmberfyhpb9w.internal.cloudapp.net/10.1.1.25)
2025-05-12 14:03:21,225 [16988a43-54c6-4d79-b4f6-1d89459795e1-DatanodeStateMachineTaskThread-0] INFO  datanode.InitDatanodeState (InitDatanodeState.java:persistContainerDatanodeDetails(139)) - DatanodeDetails is persisted to /home/runner/work/ozone/ozone/hadoop-ozone/integration-test/target/test-dir/MiniOzoneClusterImpl-93228f78-d735-4ce6-971e-ca8f5c94dbdd/ozone-meta/datanode-3/meta/datanode.id
2025-05-12 14:03:21,226 [main] INFO  upgrade.AbstractLayoutVersionManager (AbstractLayoutVersionManager.java:init(80)) - Initializing Layout version manager with metadata layout = HBASE_SUPPORT (version = 8), software layout = HBASE_SUPPORT (version = 8)
2025-05-12 14:03:21,227 [main] INFO  statemachine.DatanodeStateMachine (DatanodeStateMachine.java:getEndPointTaskThreadPoolSize(298)) - Datanode State Machine Task Thread Pool size 2
2025-05-12 14:03:21,230 [main] INFO  volume.HddsVolume (HddsVolume.java:<init>(158)) - HddsVolume: { id=DS-d8a60373-ceb8-4f7b-b2fe-0259fc933f3c dir=/home/runner/work/ozone/ozone/hadoop-ozone/integration-test/target/test-dir/MiniOzoneClusterImpl-93228f78-d735-4ce6-971e-ca8f5c94dbdd/ozone-meta/datanode-4/data-0/hdds type=DISK capacity=9222449699674390527 used=0 available=9222449699674390527 minFree=5368709120 committed=0 }
2025-05-12 14:03:21,230 [main] INFO  volume.MutableVolumeSet (MutableVolumeSet.java:initializeVolumeSet(166)) - Added Volume : /home/runner/work/ozone/ozone/hadoop-ozone/integration-test/target/test-dir/MiniOzoneClusterImpl-93228f78-d735-4ce6-971e-ca8f5c94dbdd/ozone-meta/datanode-4/data-0/hdds to VolumeSet
2025-05-12 14:03:21,232 [main] INFO  volume.MutableVolumeSet (MutableVolumeSet.java:initializeVolumeSet(166)) - Added Volume : /home/runner/work/ozone/ozone/hadoop-ozone/integration-test/target/test-dir/MiniOzoneClusterImpl-93228f78-d735-4ce6-971e-ca8f5c94dbdd/ozone-meta/datanode-4/ratis to VolumeSet
2025-05-12 14:03:21,233 [main] INFO  ozoneimpl.OzoneContainer (HddsVolumeUtil.java:loadAllHddsVolumeDbStore(102)) - Load 1 volumes DbStore cost: 0ms
2025-05-12 14:03:21,233 [main] WARN  db.DBStoreBuilder (DBStoreBuilder.java:getDBDirPath(160)) - ozone.scm.datanode.id.dir is not configured. We recommend adding this setting. Falling back to ozone.metadata.dirs instead.
2025-05-12 14:03:21,234 [main] WARN  db.DBStoreBuilder (DBStoreBuilder.java:getDBDirPath(160)) - ozone.scm.datanode.id.dir is not configured. We recommend adding this setting. Falling back to ozone.metadata.dirs instead.
2025-05-12 14:03:21,250 [main] INFO  impl.FilePerChunkStrategy (FilePerChunkStrategy.java:<init>(79)) - ozone.chunk.read.mapped.buffer.max.count is load with 0
2025-05-12 14:03:21,251 [main] INFO  impl.FilePerBlockStrategy (FilePerBlockStrategy.java:<init>(87)) - ozone.chunk.read.mapped.buffer.max.count is load with 0
2025-05-12 14:03:21,252 [main] INFO  server.RaftServerConfigKeys (ConfUtils.java:logGet(46)) - raft.server.log.appender.buffer.byte-limit = 33554432 (custom)
2025-05-12 14:03:21,254 [main] INFO  server.RaftServer (ConfUtils.java:logGet(46)) - raft.rpc.type = GRPC (default)
2025-05-12 14:03:21,254 [main] INFO  grpc.GrpcConfigKeys (ConfUtils.java:logFallback(53)) - raft.grpc.admin.host = null (fallback to raft.grpc.server.host)
2025-05-12 14:03:21,254 [main] INFO  grpc.GrpcConfigKeys (ConfUtils.java:logGet(46)) - raft.grpc.admin.port = 15040 (custom)
2025-05-12 14:03:21,254 [main] INFO  grpc.GrpcConfigKeys (ConfUtils.java:logFallback(53)) - raft.grpc.client.host = null (fallback to raft.grpc.server.host)
2025-05-12 14:03:21,254 [main] INFO  grpc.GrpcConfigKeys (ConfUtils.java:logGet(46)) - raft.grpc.client.port = 15039 (custom)
2025-05-12 14:03:21,255 [main] INFO  grpc.GrpcConfigKeys (ConfUtils.java:logGet(46)) - raft.grpc.server.host = null (default)
2025-05-12 14:03:21,255 [main] INFO  grpc.GrpcConfigKeys (ConfUtils.java:logGet(46)) - raft.grpc.server.port = 15041 (custom)
2025-05-12 14:03:21,255 [main] INFO  server.GrpcService (ConfUtils.java:logGet(46)) - raft.grpc.message.size.max = 34603008 (custom)
2025-05-12 14:03:21,255 [main] INFO  server.GrpcService (ConfUtils.java:logGet(46)) - raft.grpc.flow.control.window = 5MB (=5242880) (custom)
2025-05-12 14:03:21,255 [main] INFO  server.RaftServerConfigKeys (ConfUtils.java:logGet(46)) - raft.server.rpc.request.timeout = 60s (custom)
2025-05-12 14:03:21,255 [main] INFO  grpc.GrpcConfigKeys (ConfUtils.java:logGet(46)) - raft.grpc.server.heartbeat.channel = true (default)
2025-05-12 14:03:21,255 [main] INFO  server.RaftServerConfigKeys (ConfUtils.java:logGet(46)) - raft.server.log.appender.buffer.byte-limit = 33554432 (custom)
2025-05-12 14:03:21,255 [main] INFO  grpc.GrpcConfigKeys (ConfUtils.java:logGet(46)) - raft.grpc.server.async.request.thread.pool.cached = true (default)
2025-05-12 14:03:21,255 [main] INFO  grpc.GrpcConfigKeys (ConfUtils.java:logGet(46)) - raft.grpc.server.async.request.thread.pool.size = 32 (default)
2025-05-12 14:03:21,257 [main] INFO  impl.DataStreamServerImpl (ConfUtils.java:logGet(46)) - raft.datastream.type = NETTY (custom)
2025-05-12 14:03:21,258 [main] INFO  server.RaftServerConfigKeys (ConfUtils.java:logGet(46)) - raft.server.data-stream.async.request.thread.pool.cached = false (default)
2025-05-12 14:03:21,258 [main] INFO  server.RaftServerConfigKeys (ConfUtils.java:logGet(46)) - raft.server.data-stream.async.request.thread.pool.size = 20 (custom)
2025-05-12 14:03:21,258 [main] INFO  server.RaftServerConfigKeys (ConfUtils.java:logGet(46)) - raft.server.data-stream.async.write.thread.pool.size = 16 (default)
2025-05-12 14:03:21,258 [main] INFO  netty.NettyConfigKeys$DataStream (ConfUtils.java:logGet(46)) - raft.netty.dataStream.server.channel.inactive.grace-period = 10min (default)
2025-05-12 14:03:21,258 [main] INFO  server.RaftServerConfigKeys (ConfUtils.java:logGet(46)) - raft.server.data-stream.client.pool.size = 10 (default)
2025-05-12 14:03:21,258 [main] INFO  netty.NettyConfigKeys$DataStream (ConfUtils.java:logGet(46)) - raft.netty.dataStream.server.use-epoll = true (default)
2025-05-12 14:03:21,258 [main] INFO  netty.NettyConfigKeys$DataStream (ConfUtils.java:logGet(46)) - raft.netty.dataStream.server.boss-group.size = 0 (default)
2025-05-12 14:03:21,259 [main] INFO  netty.NettyUtils (NettyUtils.java:newEventLoopGroup(74)) - Create EpollEventLoopGroup for 47c4feda-5356-4712-bb09-0016fbee8439-NettyServerStreamRpc-bossGroup; Thread size is 0.
2025-05-12 14:03:21,259 [main] INFO  netty.NettyConfigKeys$DataStream (ConfUtils.java:logGet(46)) - raft.netty.dataStream.server.worker-group.size = 0 (default)
2025-05-12 14:03:21,259 [main] INFO  netty.NettyUtils (NettyUtils.java:newEventLoopGroup(74)) - Create EpollEventLoopGroup for 47c4feda-5356-4712-bb09-0016fbee8439-NettyServerStreamRpc-workerGroup; Thread size is 0.
2025-05-12 14:03:21,266 [main] INFO  netty.NettyConfigKeys$DataStream (ConfUtils.java:logGet(46)) - raft.netty.dataStream.server.tls.conf = null (default)
2025-05-12 14:03:21,266 [main] INFO  netty.NettyConfigKeys$DataStream (ConfUtils.java:logGet(46)) - raft.netty.dataStream.host = null (default)
2025-05-12 14:03:21,267 [main] INFO  netty.NettyConfigKeys$DataStream (ConfUtils.java:logGet(46)) - raft.netty.dataStream.port = 15042 (custom)
2025-05-12 14:03:21,267 [main] INFO  server.RaftServerConfigKeys (ConfUtils.java:logGet(46)) - raft.server.sleep.deviation.threshold = 300ms (default)
2025-05-12 14:03:21,267 [main] INFO  server.RaftServerConfigKeys (ConfUtils.java:logGet(46)) - raft.server.close.threshold = 60s (default)
2025-05-12 14:03:21,267 [main] INFO  server.RaftServerConfigKeys (ConfUtils.java:logGet(46)) - raft.server.leaderelection.leader.step-down.wait-time = 10s (default)
2025-05-12 14:03:21,268 [main] INFO  server.RaftServerConfigKeys (ConfUtils.java:logGet(46)) - raft.server.storage.dir = [/home/runner/work/ozone/ozone/hadoop-ozone/integration-test/target/test-dir/MiniOzoneClusterImpl-93228f78-d735-4ce6-971e-ca8f5c94dbdd/ozone-meta/datanode-4/ratis] (custom)
2025-05-12 14:03:21,268 [main] INFO  server.RaftServerConfigKeys (ConfUtils.java:logGet(46)) - raft.server.threadpool.proxy.cached = true (default)
2025-05-12 14:03:21,268 [main] INFO  server.RaftServerConfigKeys (ConfUtils.java:logGet(46)) - raft.server.threadpool.proxy.size = 0 (default)
2025-05-12 14:03:21,268 [47c4feda-5356-4712-bb09-0016fbee8439-NettyServerStreamRpc-bossGroup--thread1] INFO  logging.LoggingHandler (AbstractInternalLogger.java:log(148)) - [id: 0x4a40b01d] REGISTERED
2025-05-12 14:03:21,268 [47c4feda-5356-4712-bb09-0016fbee8439-NettyServerStreamRpc-bossGroup--thread1] INFO  logging.LoggingHandler (AbstractInternalLogger.java:log(148)) - [id: 0x4a40b01d] BIND: 0.0.0.0/0.0.0.0:15042
2025-05-12 14:03:21,269 [47c4feda-5356-4712-bb09-0016fbee8439-NettyServerStreamRpc-bossGroup--thread1] INFO  logging.LoggingHandler (AbstractInternalLogger.java:log(148)) - [id: 0x4a40b01d, L:/0.0.0.0:15042] ACTIVE
2025-05-12 14:03:21,269 [47c4feda-5356-4712-bb09-0016fbee8439-impl-thread1] INFO  server.RaftServer (RaftServerProxy.java:initGroupDir(265)) - 47c4feda-5356-4712-bb09-0016fbee8439: found a subdirectory /home/runner/work/ozone/ozone/hadoop-ozone/integration-test/target/test-dir/MiniOzoneClusterImpl-93228f78-d735-4ce6-971e-ca8f5c94dbdd/ozone-meta/datanode-4/ratis/tmp
2025-05-12 14:03:21,269 [47c4feda-5356-4712-bb09-0016fbee8439-impl-thread1] INFO  server.RaftServer (RaftServerProxy.java:initGroupDir(270)) - 47c4feda-5356-4712-bb09-0016fbee8439: The directory /home/runner/work/ozone/ozone/hadoop-ozone/integration-test/target/test-dir/MiniOzoneClusterImpl-93228f78-d735-4ce6-971e-ca8f5c94dbdd/ozone-meta/datanode-4/ratis/tmp is not a group directory; ignoring it. 
2025-05-12 14:03:21,269 [main] INFO  replication.ReplicationServer (ReplicationServer.java:<init>(84)) - Initializing replication server with thread count = 10 queue length = 4096
2025-05-12 14:03:21,271 [main] INFO  server.XceiverServerGrpc (XceiverServerGrpc.java:<init>(131)) - GrpcServer channel type EpollServerSocketChannel
2025-05-12 14:03:21,273 [main] INFO  replication.ReplicationSupervisor (ReplicationSupervisor.java:build(169)) - Initializing replication supervisor with thread count = 10
2025-05-12 14:03:21,273 [main] INFO  replication.ReplicationSupervisor (ReplicationSupervisor.java:nodeStateUpdated(358)) - Node state updated to IN_SERVICE, scaling executor pool size to 10
2025-05-12 14:03:21,277 [main] INFO  http.BaseHttpServer (BaseHttpServer.java:newHttpServer2BuilderForOzone(229)) - Starting Web-server for hddsDatanode at: http://0.0.0.0:15036
2025-05-12 14:03:21,277 [main] INFO  http.BaseHttpServer (BaseHttpServer.java:<init>(107)) - Hadoop Security Enabled: false Ozone Security Enabled: false Ozone HTTP Security Enabled: false 
2025-05-12 14:03:21,279 [main] WARN  server.AuthenticationFilter (AuthenticationFilter.java:constructSecretProvider(240)) - Unable to initialize FileSignerSecretProvider, falling back to use random secrets. Reason: Could not read signature secret file: /home/runner/hadoop-http-auth-signature-secret
2025-05-12 14:03:21,282 [main] INFO  http.HttpServer2 (HttpServer2.java:addGlobalFilter(1042)) - Added global filter 'safety' (class=org.apache.hadoop.hdds.server.http.HttpServer2$QuotingInputFilter)
2025-05-12 14:03:21,283 [main] INFO  http.HttpServer2 (HttpServer2.java:addFilter(1018)) - Added filter static_user_filter (class=org.apache.hadoop.http.lib.StaticUserWebFilter$StaticUserFilter) to context hddsDatanode
2025-05-12 14:03:21,284 [main] INFO  http.HttpServer2 (HttpServer2.java:addFilter(1026)) - Added filter static_user_filter (class=org.apache.hadoop.http.lib.StaticUserWebFilter$StaticUserFilter) to context static
2025-05-12 14:03:21,284 [main] INFO  http.HttpServer2 (HttpServer2.java:addFilter(1026)) - Added filter static_user_filter (class=org.apache.hadoop.http.lib.StaticUserWebFilter$StaticUserFilter) to context logs
2025-05-12 14:03:21,285 [main] INFO  http.BaseHttpServer (BaseHttpServer.java:<init>(195)) - HTTP server of hddsDatanode uses base directory /home/runner/work/ozone/ozone/hadoop-ozone/integration-test/target/test-dir/MiniOzoneClusterImpl-93228f78-d735-4ce6-971e-ca8f5c94dbdd/ozone-meta/datanode-4/meta/webserver
2025-05-12 14:03:21,285 [main] INFO  http.HttpServer2 (HttpServer2.java:bindListener(1242)) - Jetty bound to port 15036
2025-05-12 14:03:21,285 [main] INFO  server.Server (Server.java:doStart(375)) - jetty-9.4.57.v20241219; built: 2025-01-08T21:24:30.412Z; git: df524e6b29271c2e09ba9aea83c18dc9db464a31; jvm 21.0.7+6-LTS
2025-05-12 14:03:21,289 [main] INFO  server.session (DefaultSessionIdManager.java:doStart(334)) - DefaultSessionIdManager workerName=node0
2025-05-12 14:03:21,289 [main] INFO  server.session (DefaultSessionIdManager.java:doStart(339)) - No SessionScavenger set, using defaults
2025-05-12 14:03:21,289 [main] INFO  server.session (HouseKeeper.java:startScavenging(132)) - node0 Scavenging every 600000ms
2025-05-12 14:03:21,290 [main] INFO  handler.ContextHandler (ContextHandler.java:doStart(921)) - Started o.e.j.s.ServletContextHandler@f78414f{logs,/logs,file:///home/runner/work/ozone/ozone/hadoop-ozone/integration-test/target/log,AVAILABLE}
2025-05-12 14:03:21,291 [main] INFO  handler.ContextHandler (ContextHandler.java:doStart(921)) - Started o.e.j.s.ServletContextHandler@2a8ef1fa{static,/static,jar:file:/home/runner/work/ozone/ozone/hadoop-hdds/container-service/target/hdds-container-service-2.1.0-SNAPSHOT.jar!/webapps/static,AVAILABLE}
2025-05-12 14:03:21,360 [cfefa488-19eb-42ef-a91e-ee6d690e2562-EndpointStateMachineTaskThread-/0.0.0.0:15002-0 ] INFO  utils.DatanodeStoreCache (DatanodeStoreCache.java:addDB(70)) - Added db /home/runner/work/ozone/ozone/hadoop-ozone/integration-test/target/test-dir/MiniOzoneClusterImpl-93228f78-d735-4ce6-971e-ca8f5c94dbdd/ozone-meta/datanode-1/data-0/hdds/93228f78-d735-4ce6-971e-ca8f5c94dbdd/DS-d01b177a-36c3-40f4-9824-b434a3512cad/container.db to cache
2025-05-12 14:03:21,360 [cfefa488-19eb-42ef-a91e-ee6d690e2562-EndpointStateMachineTaskThread-/0.0.0.0:15002-0 ] INFO  volume.HddsVolume (HddsVolume.java:createDbStore(510)) - SchemaV3 db is created and loaded at /home/runner/work/ozone/ozone/hadoop-ozone/integration-test/target/test-dir/MiniOzoneClusterImpl-93228f78-d735-4ce6-971e-ca8f5c94dbdd/ozone-meta/datanode-1/data-0/hdds/93228f78-d735-4ce6-971e-ca8f5c94dbdd/DS-d01b177a-36c3-40f4-9824-b434a3512cad/container.db for volume DS-d01b177a-36c3-40f4-9824-b434a3512cad
2025-05-12 14:03:21,369 [cfefa488-19eb-42ef-a91e-ee6d690e2562-ContainerReader-0] INFO  ozoneimpl.ContainerReader (ContainerReader.java:readVolume(144)) - Start to verify containers on volume /home/runner/work/ozone/ozone/hadoop-ozone/integration-test/target/test-dir/MiniOzoneClusterImpl-93228f78-d735-4ce6-971e-ca8f5c94dbdd/ozone-meta/datanode-1/data-0/hdds
2025-05-12 14:03:21,369 [cfefa488-19eb-42ef-a91e-ee6d690e2562-ContainerReader-0] INFO  ozoneimpl.ContainerReader (ContainerReader.java:readVolume(174)) - Finish verifying containers on volume /home/runner/work/ozone/ozone/hadoop-ozone/integration-test/target/test-dir/MiniOzoneClusterImpl-93228f78-d735-4ce6-971e-ca8f5c94dbdd/ozone-meta/datanode-1/data-0/hdds
2025-05-12 14:03:21,370 [cfefa488-19eb-42ef-a91e-ee6d690e2562-EndpointStateMachineTaskThread-/0.0.0.0:15002-0 ] INFO  ozoneimpl.OzoneContainer (OzoneContainer.java:buildContainerSet(364)) - Build ContainerSet costs 0s
2025-05-12 14:03:21,371 [cfefa488-19eb-42ef-a91e-ee6d690e2562-EndpointStateMachineTaskThread-/0.0.0.0:15002-0 ] INFO  volume.ThrottledAsyncChecker (ThrottledAsyncChecker.java:schedule(138)) - Scheduling a check for /home/runner/work/ozone/ozone/hadoop-ozone/integration-test/target/test-dir/MiniOzoneClusterImpl-93228f78-d735-4ce6-971e-ca8f5c94dbdd/ozone-meta/datanode-1/data-0/hdds
2025-05-12 14:03:21,376 [cfefa488-19eb-42ef-a91e-ee6d690e2562-EndpointStateMachineTaskThread-/0.0.0.0:15002-0 ] INFO  volume.StorageVolumeChecker (StorageVolumeChecker.java:checkAllVolumes(215)) - Scheduled health check for volume /home/runner/work/ozone/ozone/hadoop-ozone/integration-test/target/test-dir/MiniOzoneClusterImpl-93228f78-d735-4ce6-971e-ca8f5c94dbdd/ozone-meta/datanode-1/data-0/hdds
2025-05-12 14:03:21,383 [cfefa488-19eb-42ef-a91e-ee6d690e2562-EndpointStateMachineTaskThread-/0.0.0.0:15002-0 ] INFO  volume.ThrottledAsyncChecker (ThrottledAsyncChecker.java:schedule(138)) - Scheduling a check for /home/runner/work/ozone/ozone/hadoop-ozone/integration-test/target/test-dir/MiniOzoneClusterImpl-93228f78-d735-4ce6-971e-ca8f5c94dbdd/ozone-meta/datanode-1/ratis
2025-05-12 14:03:21,383 [cfefa488-19eb-42ef-a91e-ee6d690e2562-EndpointStateMachineTaskThread-/0.0.0.0:15002-0 ] INFO  volume.StorageVolumeChecker (StorageVolumeChecker.java:checkAllVolumes(215)) - Scheduled health check for volume /home/runner/work/ozone/ozone/hadoop-ozone/integration-test/target/test-dir/MiniOzoneClusterImpl-93228f78-d735-4ce6-971e-ca8f5c94dbdd/ozone-meta/datanode-1/ratis
2025-05-12 14:03:21,384 [cfefa488-19eb-42ef-a91e-ee6d690e2562-EndpointStateMachineTaskThread-/0.0.0.0:15002-0 ] INFO  ozoneimpl.OzoneContainer (OzoneContainer.java:start(512)) - Attempting to start container services.
2025-05-12 14:03:21,389 [ContainerMetadataScanner] INFO  ozoneimpl.AbstractBackgroundContainerScanner (AbstractBackgroundContainerScanner.java:runIteration(89)) - Completed an iteration in 0 minutes. Number of iterations (since the data-node restart) : 1, Number of containers scanned in this iteration : 0, Number of unhealthy containers found in this iteration : 0
2025-05-12 14:03:21,392 [cfefa488-19eb-42ef-a91e-ee6d690e2562-EndpointStateMachineTaskThread-/0.0.0.0:15002-0 ] INFO  replication.ReplicationServer (ReplicationServer.java:start(137)) - ReplicationServer is started using port 15019
2025-05-12 14:03:21,393 [ContainerDataScanner(/home/runner/work/ozone/ozone/hadoop-ozone/integration-test/target/test-dir/MiniOzoneClusterImpl-93228f78-d735-4ce6-971e-ca8f5c94dbdd/ozone-meta/datanode-1/data-0/hdds)] INFO  ozoneimpl.AbstractBackgroundContainerScanner (AbstractBackgroundContainerScanner.java:runIteration(89)) - Completed an iteration in 0 minutes. Number of iterations (since the data-node restart) : 1, Number of containers scanned in this iteration : 0, Number of unhealthy containers found in this iteration : 0
2025-05-12 14:03:21,393 [cfefa488-19eb-42ef-a91e-ee6d690e2562-EndpointStateMachineTaskThread-/0.0.0.0:15002-0 ] INFO  ratis.XceiverServerRatis (XceiverServerRatis.java:start(559)) - Starting XceiverServerRatis(cfefa488-19eb-42ef-a91e-ee6d690e2562)
2025-05-12 14:03:21,394 [cfefa488-19eb-42ef-a91e-ee6d690e2562-EndpointStateMachineTaskThread-/0.0.0.0:15002-0 ] INFO  server.RaftServer (RaftServerProxy.java:startImpl(407)) - cfefa488-19eb-42ef-a91e-ee6d690e2562: start RPC server
2025-05-12 14:03:21,395 [cfefa488-19eb-42ef-a91e-ee6d690e2562-EndpointStateMachineTaskThread-/0.0.0.0:15002-0 ] INFO  server.GrpcService (GrpcService.java:startImpl(334)) - cfefa488-19eb-42ef-a91e-ee6d690e2562: GrpcService started, listening on 15015
2025-05-12 14:03:21,395 [cfefa488-19eb-42ef-a91e-ee6d690e2562-EndpointStateMachineTaskThread-/0.0.0.0:15002-0 ] INFO  server.GrpcService (GrpcService.java:startImpl(334)) - cfefa488-19eb-42ef-a91e-ee6d690e2562: GrpcService started, listening on 15017
2025-05-12 14:03:21,395 [cfefa488-19eb-42ef-a91e-ee6d690e2562-EndpointStateMachineTaskThread-/0.0.0.0:15002-0 ] INFO  server.GrpcService (GrpcService.java:startImpl(334)) - cfefa488-19eb-42ef-a91e-ee6d690e2562: GrpcService started, listening on 15016
2025-05-12 14:03:21,396 [cfefa488-19eb-42ef-a91e-ee6d690e2562-EndpointStateMachineTaskThread-/0.0.0.0:15002-0 ] INFO  ratis.XceiverServerRatis (XceiverServerRatis.java:getRealPort(586)) - XceiverServerRatis(cfefa488-19eb-42ef-a91e-ee6d690e2562) is started using port RATIS=15015
2025-05-12 14:03:21,396 [cfefa488-19eb-42ef-a91e-ee6d690e2562-EndpointStateMachineTaskThread-/0.0.0.0:15002-0 ] INFO  ratis.XceiverServerRatis (XceiverServerRatis.java:getRealPort(586)) - XceiverServerRatis(cfefa488-19eb-42ef-a91e-ee6d690e2562) is started using port RATIS_ADMIN=15016
2025-05-12 14:03:21,396 [cfefa488-19eb-42ef-a91e-ee6d690e2562-EndpointStateMachineTaskThread-/0.0.0.0:15002-0 ] INFO  ratis.XceiverServerRatis (XceiverServerRatis.java:getRealPort(586)) - XceiverServerRatis(cfefa488-19eb-42ef-a91e-ee6d690e2562) is started using port RATIS_SERVER=15017
2025-05-12 14:03:21,396 [cfefa488-19eb-42ef-a91e-ee6d690e2562-EndpointStateMachineTaskThread-/0.0.0.0:15002-0 ] INFO  ratis.XceiverServerRatis (XceiverServerRatis.java:getRealPort(586)) - XceiverServerRatis(cfefa488-19eb-42ef-a91e-ee6d690e2562) is started using port RATIS_DATASTREAM=15018
2025-05-12 14:03:21,396 [JvmPauseMonitor4] INFO  util.JvmPauseMonitor (JvmPauseMonitor.java:run(146)) - JvmPauseMonitor-cfefa488-19eb-42ef-a91e-ee6d690e2562: Started
2025-05-12 14:03:21,400 [cfefa488-19eb-42ef-a91e-ee6d690e2562-BlockDeletingService#0] INFO  interfaces.ContainerDeletionChoosingPolicyTemplate (ContainerDeletionChoosingPolicyTemplate.java:chooseContainerForBlockDeletion(83)) - Chosen 0/5000 blocks from 0 candidate containers.
2025-05-12 14:03:21,447 [main] INFO  handler.ContextHandler (ContextHandler.java:doStart(921)) - Started o.e.j.w.WebAppContext@11648fd6{hddsDatanode,/,file:///home/runner/work/ozone/ozone/hadoop-ozone/integration-test/target/test-dir/MiniOzoneClusterImpl-93228f78-d735-4ce6-971e-ca8f5c94dbdd/ozone-meta/datanode-4/meta/webserver/jetty-0_0_0_0-15036-hdds-container-service-2_1_0-SNAPSHOT_jar-_-any-10960507784066215177/webapp/,AVAILABLE}{jar:file:/home/runner/work/ozone/ozone/hadoop-hdds/container-service/target/hdds-container-service-2.1.0-SNAPSHOT.jar!/webapps/hddsDatanode}
2025-05-12 14:03:21,448 [main] INFO  server.AbstractConnector (AbstractConnector.java:doStart(333)) - Started ServerConnector@1d3bc1df{HTTP/1.1, (http/1.1)}{0.0.0.0:15036}
2025-05-12 14:03:21,448 [main] INFO  server.Server (Server.java:doStart(415)) - Started @25802ms
2025-05-12 14:03:21,448 [main] WARN  impl.MetricsSystemImpl (MetricsSystemImpl.java:register(279)) - Sink prometheus already exists!
2025-05-12 14:03:21,449 [main] INFO  http.BaseHttpServer (BaseHttpServer.java:updateConnectorAddress(359)) - HTTP server of hddsDatanode listening at http://0.0.0.0:15036
2025-05-12 14:03:21,450 [main] INFO  ipc.CallQueueManager (CallQueueManager.java:<init>(93)) - Using callQueue: class java.util.concurrent.LinkedBlockingQueue, queueCapacity: 1000, scheduler: class org.apache.hadoop.ipc.DefaultRpcScheduler, ipcBackoff: false, ipcFailOver: false.
2025-05-12 14:03:21,450 [main] INFO  ipc.Server (Server.java:<init>(1438)) - Listener at 0.0.0.0:15037
2025-05-12 14:03:21,451 [Socket Reader #1 for port 15037] INFO  ipc.Server (Server.java:run(1474)) - Starting Socket Reader #1 for port 15037
2025-05-12 14:03:21,451 [Socket Reader #2 for port 15037] INFO  ipc.Server (Server.java:run(1474)) - Starting Socket Reader #2 for port 15037
2025-05-12 14:03:21,451 [Socket Reader #3 for port 15037] INFO  ipc.Server (Server.java:run(1474)) - Starting Socket Reader #3 for port 15037
2025-05-12 14:03:21,451 [Socket Reader #4 for port 15037] INFO  ipc.Server (Server.java:run(1474)) - Starting Socket Reader #4 for port 15037
2025-05-12 14:03:21,451 [Socket Reader #5 for port 15037] INFO  ipc.Server (Server.java:run(1474)) - Starting Socket Reader #5 for port 15037
2025-05-12 14:03:21,452 [Socket Reader #6 for port 15037] INFO  ipc.Server (Server.java:run(1474)) - Starting Socket Reader #6 for port 15037
2025-05-12 14:03:21,452 [Socket Reader #7 for port 15037] INFO  ipc.Server (Server.java:run(1474)) - Starting Socket Reader #7 for port 15037
2025-05-12 14:03:21,452 [Socket Reader #9 for port 15037] INFO  ipc.Server (Server.java:run(1474)) - Starting Socket Reader #9 for port 15037
2025-05-12 14:03:21,452 [Socket Reader #10 for port 15037] INFO  ipc.Server (Server.java:run(1474)) - Starting Socket Reader #10 for port 15037
2025-05-12 14:03:21,453 [Socket Reader #8 for port 15037] INFO  ipc.Server (Server.java:run(1474)) - Starting Socket Reader #8 for port 15037
2025-05-12 14:03:21,455 [main] INFO  ozone.HddsDatanodeService (HddsDatanodeService.java:start(325)) - Datanode start with admins: [runner]
2025-05-12 14:03:21,455 [main] INFO  ozone.HddsDatanodeClientProtocolServer (HddsDatanodeClientProtocolServer.java:start(76)) - RPC server for Client /0.0.0.0:15037
2025-05-12 14:03:21,455 [IPC Server Responder] INFO  ipc.Server (Server.java:run(1713)) - IPC Server Responder: starting
2025-05-12 14:03:21,455 [IPC Server listener on 15037] INFO  ipc.Server (Server.java:run(1553)) - IPC Server listener on 15037: starting
2025-05-12 14:03:21,458 [47c4feda-5356-4712-bb09-0016fbee8439-DatanodeStateMachineDaemonThread] INFO  statemachine.DatanodeStateMachine (DatanodeStateMachine.java:startStateMachineThread(340)) - Ozone container server started.
2025-05-12 14:03:21,458 [47c4feda-5356-4712-bb09-0016fbee8439-DatanodeStateMachineTaskThread-0] INFO  statemachine.SCMConnectionManager (SCMConnectionManager.java:addReconServer(184)) - Adding Recon Server : /0.0.0.0:15011
2025-05-12 14:03:21,461 [main] INFO  ozone.MiniOzoneClusterImpl (MiniOzoneClusterImpl.java:lambda$waitForClusterToBeReady$0(191)) - Waiting for nodes to be ready. Got 0 of 4 DN Heartbeats.
2025-05-12 14:03:21,461 [main] INFO  ozone.MiniOzoneClusterImpl (MiniOzoneClusterImpl.java:lambda$waitForClusterToBeReady$0(194)) - Waiting for cluster to exit safe mode
2025-05-12 14:03:21,461 [main] INFO  ozone.MiniOzoneClusterImpl (MiniOzoneClusterImpl.java:lambda$waitForClusterToBeReady$0(196)) - SCM became leader
2025-05-12 14:03:21,464 [47c4feda-5356-4712-bb09-0016fbee8439-DatanodeStateMachineTaskThread-0] INFO  datanode.InitDatanodeState (InitDatanodeState.java:persistContainerDatanodeDetails(139)) - DatanodeDetails is persisted to /home/runner/work/ozone/ozone/hadoop-ozone/integration-test/target/test-dir/MiniOzoneClusterImpl-93228f78-d735-4ce6-971e-ca8f5c94dbdd/ozone-meta/datanode-4/meta/datanode.id
2025-05-12 14:03:21,533 [a2b8b82a-e2f6-4a14-97b3-6459b5b9a67e-EndpointStateMachineTaskThread-/0.0.0.0:15002-0 ] INFO  utils.DatanodeStoreCache (DatanodeStoreCache.java:addDB(70)) - Added db /home/runner/work/ozone/ozone/hadoop-ozone/integration-test/target/test-dir/MiniOzoneClusterImpl-93228f78-d735-4ce6-971e-ca8f5c94dbdd/ozone-meta/datanode-2/data-0/hdds/93228f78-d735-4ce6-971e-ca8f5c94dbdd/DS-dec35754-8f9c-4a7d-9ae7-2540b92a9894/container.db to cache
2025-05-12 14:03:21,534 [a2b8b82a-e2f6-4a14-97b3-6459b5b9a67e-EndpointStateMachineTaskThread-/0.0.0.0:15002-0 ] INFO  volume.HddsVolume (HddsVolume.java:createDbStore(510)) - SchemaV3 db is created and loaded at /home/runner/work/ozone/ozone/hadoop-ozone/integration-test/target/test-dir/MiniOzoneClusterImpl-93228f78-d735-4ce6-971e-ca8f5c94dbdd/ozone-meta/datanode-2/data-0/hdds/93228f78-d735-4ce6-971e-ca8f5c94dbdd/DS-dec35754-8f9c-4a7d-9ae7-2540b92a9894/container.db for volume DS-dec35754-8f9c-4a7d-9ae7-2540b92a9894
2025-05-12 14:03:21,538 [a2b8b82a-e2f6-4a14-97b3-6459b5b9a67e-ContainerReader-0] INFO  ozoneimpl.ContainerReader (ContainerReader.java:readVolume(144)) - Start to verify containers on volume /home/runner/work/ozone/ozone/hadoop-ozone/integration-test/target/test-dir/MiniOzoneClusterImpl-93228f78-d735-4ce6-971e-ca8f5c94dbdd/ozone-meta/datanode-2/data-0/hdds
2025-05-12 14:03:21,538 [a2b8b82a-e2f6-4a14-97b3-6459b5b9a67e-ContainerReader-0] INFO  ozoneimpl.ContainerReader (ContainerReader.java:readVolume(174)) - Finish verifying containers on volume /home/runner/work/ozone/ozone/hadoop-ozone/integration-test/target/test-dir/MiniOzoneClusterImpl-93228f78-d735-4ce6-971e-ca8f5c94dbdd/ozone-meta/datanode-2/data-0/hdds
2025-05-12 14:03:21,539 [a2b8b82a-e2f6-4a14-97b3-6459b5b9a67e-EndpointStateMachineTaskThread-/0.0.0.0:15002-0 ] INFO  ozoneimpl.OzoneContainer (OzoneContainer.java:buildContainerSet(364)) - Build ContainerSet costs 0s
2025-05-12 14:03:21,539 [a2b8b82a-e2f6-4a14-97b3-6459b5b9a67e-EndpointStateMachineTaskThread-/0.0.0.0:15002-0 ] INFO  volume.ThrottledAsyncChecker (ThrottledAsyncChecker.java:schedule(138)) - Scheduling a check for /home/runner/work/ozone/ozone/hadoop-ozone/integration-test/target/test-dir/MiniOzoneClusterImpl-93228f78-d735-4ce6-971e-ca8f5c94dbdd/ozone-meta/datanode-2/data-0/hdds
2025-05-12 14:03:21,540 [a2b8b82a-e2f6-4a14-97b3-6459b5b9a67e-EndpointStateMachineTaskThread-/0.0.0.0:15002-0 ] INFO  volume.StorageVolumeChecker (StorageVolumeChecker.java:checkAllVolumes(215)) - Scheduled health check for volume /home/runner/work/ozone/ozone/hadoop-ozone/integration-test/target/test-dir/MiniOzoneClusterImpl-93228f78-d735-4ce6-971e-ca8f5c94dbdd/ozone-meta/datanode-2/data-0/hdds
2025-05-12 14:03:21,546 [a2b8b82a-e2f6-4a14-97b3-6459b5b9a67e-EndpointStateMachineTaskThread-/0.0.0.0:15002-0 ] INFO  volume.ThrottledAsyncChecker (ThrottledAsyncChecker.java:schedule(138)) - Scheduling a check for /home/runner/work/ozone/ozone/hadoop-ozone/integration-test/target/test-dir/MiniOzoneClusterImpl-93228f78-d735-4ce6-971e-ca8f5c94dbdd/ozone-meta/datanode-2/ratis
2025-05-12 14:03:21,546 [a2b8b82a-e2f6-4a14-97b3-6459b5b9a67e-EndpointStateMachineTaskThread-/0.0.0.0:15002-0 ] INFO  volume.StorageVolumeChecker (StorageVolumeChecker.java:checkAllVolumes(215)) - Scheduled health check for volume /home/runner/work/ozone/ozone/hadoop-ozone/integration-test/target/test-dir/MiniOzoneClusterImpl-93228f78-d735-4ce6-971e-ca8f5c94dbdd/ozone-meta/datanode-2/ratis
2025-05-12 14:03:21,547 [a2b8b82a-e2f6-4a14-97b3-6459b5b9a67e-EndpointStateMachineTaskThread-/0.0.0.0:15002-0 ] INFO  ozoneimpl.OzoneContainer (OzoneContainer.java:start(512)) - Attempting to start container services.
2025-05-12 14:03:21,547 [a2b8b82a-e2f6-4a14-97b3-6459b5b9a67e-EndpointStateMachineTaskThread-/0.0.0.0:15002-0 ] WARN  ozoneimpl.OnDemandContainerDataScanner (OnDemandContainerDataScanner.java:init(74)) - Trying to initialize on demand scanner a second time on a datanode.
2025-05-12 14:03:21,549 [ContainerMetadataScanner] INFO  ozoneimpl.AbstractBackgroundContainerScanner (AbstractBackgroundContainerScanner.java:runIteration(89)) - Completed an iteration in 0 minutes. Number of iterations (since the data-node restart) : 1, Number of containers scanned in this iteration : 0, Number of unhealthy containers found in this iteration : 0
2025-05-12 14:03:21,549 [ContainerDataScanner(/home/runner/work/ozone/ozone/hadoop-ozone/integration-test/target/test-dir/MiniOzoneClusterImpl-93228f78-d735-4ce6-971e-ca8f5c94dbdd/ozone-meta/datanode-2/data-0/hdds)] INFO  ozoneimpl.AbstractBackgroundContainerScanner (AbstractBackgroundContainerScanner.java:runIteration(89)) - Completed an iteration in 0 minutes. Number of iterations (since the data-node restart) : 1, Number of containers scanned in this iteration : 0, Number of unhealthy containers found in this iteration : 0
2025-05-12 14:03:21,550 [a2b8b82a-e2f6-4a14-97b3-6459b5b9a67e-EndpointStateMachineTaskThread-/0.0.0.0:15002-0 ] INFO  replication.ReplicationServer (ReplicationServer.java:start(137)) - ReplicationServer is started using port 15027
2025-05-12 14:03:21,551 [a2b8b82a-e2f6-4a14-97b3-6459b5b9a67e-EndpointStateMachineTaskThread-/0.0.0.0:15002-0 ] INFO  ratis.XceiverServerRatis (XceiverServerRatis.java:start(559)) - Starting XceiverServerRatis(a2b8b82a-e2f6-4a14-97b3-6459b5b9a67e)
2025-05-12 14:03:21,553 [a2b8b82a-e2f6-4a14-97b3-6459b5b9a67e-EndpointStateMachineTaskThread-/0.0.0.0:15002-0 ] INFO  server.RaftServer (RaftServerProxy.java:startImpl(407)) - a2b8b82a-e2f6-4a14-97b3-6459b5b9a67e: start RPC server
2025-05-12 14:03:21,554 [a2b8b82a-e2f6-4a14-97b3-6459b5b9a67e-EndpointStateMachineTaskThread-/0.0.0.0:15002-0 ] INFO  server.GrpcService (GrpcService.java:startImpl(334)) - a2b8b82a-e2f6-4a14-97b3-6459b5b9a67e: GrpcService started, listening on 15023
2025-05-12 14:03:21,554 [a2b8b82a-e2f6-4a14-97b3-6459b5b9a67e-EndpointStateMachineTaskThread-/0.0.0.0:15002-0 ] INFO  server.GrpcService (GrpcService.java:startImpl(334)) - a2b8b82a-e2f6-4a14-97b3-6459b5b9a67e: GrpcService started, listening on 15025
2025-05-12 14:03:21,555 [a2b8b82a-e2f6-4a14-97b3-6459b5b9a67e-EndpointStateMachineTaskThread-/0.0.0.0:15002-0 ] INFO  server.GrpcService (GrpcService.java:startImpl(334)) - a2b8b82a-e2f6-4a14-97b3-6459b5b9a67e: GrpcService started, listening on 15024
2025-05-12 14:03:21,556 [JvmPauseMonitor5] INFO  util.JvmPauseMonitor (JvmPauseMonitor.java:run(146)) - JvmPauseMonitor-a2b8b82a-e2f6-4a14-97b3-6459b5b9a67e: Started
2025-05-12 14:03:21,556 [a2b8b82a-e2f6-4a14-97b3-6459b5b9a67e-EndpointStateMachineTaskThread-/0.0.0.0:15002-0 ] INFO  ratis.XceiverServerRatis (XceiverServerRatis.java:getRealPort(586)) - XceiverServerRatis(a2b8b82a-e2f6-4a14-97b3-6459b5b9a67e) is started using port RATIS=15023
2025-05-12 14:03:21,556 [a2b8b82a-e2f6-4a14-97b3-6459b5b9a67e-EndpointStateMachineTaskThread-/0.0.0.0:15002-0 ] INFO  ratis.XceiverServerRatis (XceiverServerRatis.java:getRealPort(586)) - XceiverServerRatis(a2b8b82a-e2f6-4a14-97b3-6459b5b9a67e) is started using port RATIS_ADMIN=15024
2025-05-12 14:03:21,556 [a2b8b82a-e2f6-4a14-97b3-6459b5b9a67e-EndpointStateMachineTaskThread-/0.0.0.0:15002-0 ] INFO  ratis.XceiverServerRatis (XceiverServerRatis.java:getRealPort(586)) - XceiverServerRatis(a2b8b82a-e2f6-4a14-97b3-6459b5b9a67e) is started using port RATIS_SERVER=15025
2025-05-12 14:03:21,556 [a2b8b82a-e2f6-4a14-97b3-6459b5b9a67e-EndpointStateMachineTaskThread-/0.0.0.0:15002-0 ] INFO  ratis.XceiverServerRatis (XceiverServerRatis.java:getRealPort(586)) - XceiverServerRatis(a2b8b82a-e2f6-4a14-97b3-6459b5b9a67e) is started using port RATIS_DATASTREAM=15026
2025-05-12 14:03:21,558 [a2b8b82a-e2f6-4a14-97b3-6459b5b9a67e-BlockDeletingService#0] INFO  interfaces.ContainerDeletionChoosingPolicyTemplate (ContainerDeletionChoosingPolicyTemplate.java:chooseContainerForBlockDeletion(83)) - Chosen 0/5000 blocks from 0 candidate containers.
2025-05-12 14:03:21,745 [16988a43-54c6-4d79-b4f6-1d89459795e1-EndpointStateMachineTaskThread-/0.0.0.0:15002-0 ] INFO  utils.DatanodeStoreCache (DatanodeStoreCache.java:addDB(70)) - Added db /home/runner/work/ozone/ozone/hadoop-ozone/integration-test/target/test-dir/MiniOzoneClusterImpl-93228f78-d735-4ce6-971e-ca8f5c94dbdd/ozone-meta/datanode-3/data-0/hdds/93228f78-d735-4ce6-971e-ca8f5c94dbdd/DS-e43c5edf-5cbe-40a0-a4bc-44597de66055/container.db to cache
2025-05-12 14:03:21,745 [16988a43-54c6-4d79-b4f6-1d89459795e1-EndpointStateMachineTaskThread-/0.0.0.0:15002-0 ] INFO  volume.HddsVolume (HddsVolume.java:createDbStore(510)) - SchemaV3 db is created and loaded at /home/runner/work/ozone/ozone/hadoop-ozone/integration-test/target/test-dir/MiniOzoneClusterImpl-93228f78-d735-4ce6-971e-ca8f5c94dbdd/ozone-meta/datanode-3/data-0/hdds/93228f78-d735-4ce6-971e-ca8f5c94dbdd/DS-e43c5edf-5cbe-40a0-a4bc-44597de66055/container.db for volume DS-e43c5edf-5cbe-40a0-a4bc-44597de66055
2025-05-12 14:03:21,748 [16988a43-54c6-4d79-b4f6-1d89459795e1-ContainerReader-0] INFO  ozoneimpl.ContainerReader (ContainerReader.java:readVolume(144)) - Start to verify containers on volume /home/runner/work/ozone/ozone/hadoop-ozone/integration-test/target/test-dir/MiniOzoneClusterImpl-93228f78-d735-4ce6-971e-ca8f5c94dbdd/ozone-meta/datanode-3/data-0/hdds
2025-05-12 14:03:21,748 [16988a43-54c6-4d79-b4f6-1d89459795e1-ContainerReader-0] INFO  ozoneimpl.ContainerReader (ContainerReader.java:readVolume(174)) - Finish verifying containers on volume /home/runner/work/ozone/ozone/hadoop-ozone/integration-test/target/test-dir/MiniOzoneClusterImpl-93228f78-d735-4ce6-971e-ca8f5c94dbdd/ozone-meta/datanode-3/data-0/hdds
2025-05-12 14:03:21,748 [16988a43-54c6-4d79-b4f6-1d89459795e1-EndpointStateMachineTaskThread-/0.0.0.0:15002-0 ] INFO  ozoneimpl.OzoneContainer (OzoneContainer.java:buildContainerSet(364)) - Build ContainerSet costs 0s
2025-05-12 14:03:21,749 [16988a43-54c6-4d79-b4f6-1d89459795e1-EndpointStateMachineTaskThread-/0.0.0.0:15002-0 ] INFO  volume.ThrottledAsyncChecker (ThrottledAsyncChecker.java:schedule(138)) - Scheduling a check for /home/runner/work/ozone/ozone/hadoop-ozone/integration-test/target/test-dir/MiniOzoneClusterImpl-93228f78-d735-4ce6-971e-ca8f5c94dbdd/ozone-meta/datanode-3/data-0/hdds
2025-05-12 14:03:21,749 [16988a43-54c6-4d79-b4f6-1d89459795e1-EndpointStateMachineTaskThread-/0.0.0.0:15002-0 ] INFO  volume.StorageVolumeChecker (StorageVolumeChecker.java:checkAllVolumes(215)) - Scheduled health check for volume /home/runner/work/ozone/ozone/hadoop-ozone/integration-test/target/test-dir/MiniOzoneClusterImpl-93228f78-d735-4ce6-971e-ca8f5c94dbdd/ozone-meta/datanode-3/data-0/hdds
2025-05-12 14:03:21,753 [16988a43-54c6-4d79-b4f6-1d89459795e1-EndpointStateMachineTaskThread-/0.0.0.0:15002-0 ] INFO  volume.ThrottledAsyncChecker (ThrottledAsyncChecker.java:schedule(138)) - Scheduling a check for /home/runner/work/ozone/ozone/hadoop-ozone/integration-test/target/test-dir/MiniOzoneClusterImpl-93228f78-d735-4ce6-971e-ca8f5c94dbdd/ozone-meta/datanode-3/ratis
2025-05-12 14:03:21,753 [16988a43-54c6-4d79-b4f6-1d89459795e1-EndpointStateMachineTaskThread-/0.0.0.0:15002-0 ] INFO  volume.StorageVolumeChecker (StorageVolumeChecker.java:checkAllVolumes(215)) - Scheduled health check for volume /home/runner/work/ozone/ozone/hadoop-ozone/integration-test/target/test-dir/MiniOzoneClusterImpl-93228f78-d735-4ce6-971e-ca8f5c94dbdd/ozone-meta/datanode-3/ratis
2025-05-12 14:03:21,754 [16988a43-54c6-4d79-b4f6-1d89459795e1-EndpointStateMachineTaskThread-/0.0.0.0:15002-0 ] INFO  ozoneimpl.OzoneContainer (OzoneContainer.java:start(512)) - Attempting to start container services.
2025-05-12 14:03:21,754 [16988a43-54c6-4d79-b4f6-1d89459795e1-EndpointStateMachineTaskThread-/0.0.0.0:15002-0 ] WARN  ozoneimpl.OnDemandContainerDataScanner (OnDemandContainerDataScanner.java:init(74)) - Trying to initialize on demand scanner a second time on a datanode.
2025-05-12 14:03:21,755 [ContainerMetadataScanner] INFO  ozoneimpl.AbstractBackgroundContainerScanner (AbstractBackgroundContainerScanner.java:runIteration(89)) - Completed an iteration in 0 minutes. Number of iterations (since the data-node restart) : 1, Number of containers scanned in this iteration : 0, Number of unhealthy containers found in this iteration : 0
2025-05-12 14:03:21,755 [ContainerDataScanner(/home/runner/work/ozone/ozone/hadoop-ozone/integration-test/target/test-dir/MiniOzoneClusterImpl-93228f78-d735-4ce6-971e-ca8f5c94dbdd/ozone-meta/datanode-3/data-0/hdds)] INFO  ozoneimpl.AbstractBackgroundContainerScanner (AbstractBackgroundContainerScanner.java:runIteration(89)) - Completed an iteration in 0 minutes. Number of iterations (since the data-node restart) : 1, Number of containers scanned in this iteration : 0, Number of unhealthy containers found in this iteration : 0
2025-05-12 14:03:21,756 [16988a43-54c6-4d79-b4f6-1d89459795e1-EndpointStateMachineTaskThread-/0.0.0.0:15002-0 ] INFO  replication.ReplicationServer (ReplicationServer.java:start(137)) - ReplicationServer is started using port 15035
2025-05-12 14:03:21,757 [16988a43-54c6-4d79-b4f6-1d89459795e1-EndpointStateMachineTaskThread-/0.0.0.0:15002-0 ] INFO  ratis.XceiverServerRatis (XceiverServerRatis.java:start(559)) - Starting XceiverServerRatis(16988a43-54c6-4d79-b4f6-1d89459795e1)
2025-05-12 14:03:21,758 [16988a43-54c6-4d79-b4f6-1d89459795e1-EndpointStateMachineTaskThread-/0.0.0.0:15002-0 ] INFO  server.RaftServer (RaftServerProxy.java:startImpl(407)) - 16988a43-54c6-4d79-b4f6-1d89459795e1: start RPC server
2025-05-12 14:03:21,758 [16988a43-54c6-4d79-b4f6-1d89459795e1-EndpointStateMachineTaskThread-/0.0.0.0:15002-0 ] INFO  server.GrpcService (GrpcService.java:startImpl(334)) - 16988a43-54c6-4d79-b4f6-1d89459795e1: GrpcService started, listening on 15031
2025-05-12 14:03:21,759 [16988a43-54c6-4d79-b4f6-1d89459795e1-EndpointStateMachineTaskThread-/0.0.0.0:15002-0 ] INFO  server.GrpcService (GrpcService.java:startImpl(334)) - 16988a43-54c6-4d79-b4f6-1d89459795e1: GrpcService started, listening on 15033
2025-05-12 14:03:21,760 [16988a43-54c6-4d79-b4f6-1d89459795e1-EndpointStateMachineTaskThread-/0.0.0.0:15002-0 ] INFO  server.GrpcService (GrpcService.java:startImpl(334)) - 16988a43-54c6-4d79-b4f6-1d89459795e1: GrpcService started, listening on 15032
2025-05-12 14:03:21,761 [16988a43-54c6-4d79-b4f6-1d89459795e1-EndpointStateMachineTaskThread-/0.0.0.0:15002-0 ] INFO  ratis.XceiverServerRatis (XceiverServerRatis.java:getRealPort(586)) - XceiverServerRatis(16988a43-54c6-4d79-b4f6-1d89459795e1) is started using port RATIS=15031
2025-05-12 14:03:21,761 [16988a43-54c6-4d79-b4f6-1d89459795e1-EndpointStateMachineTaskThread-/0.0.0.0:15002-0 ] INFO  ratis.XceiverServerRatis (XceiverServerRatis.java:getRealPort(586)) - XceiverServerRatis(16988a43-54c6-4d79-b4f6-1d89459795e1) is started using port RATIS_ADMIN=15032
2025-05-12 14:03:21,761 [16988a43-54c6-4d79-b4f6-1d89459795e1-EndpointStateMachineTaskThread-/0.0.0.0:15002-0 ] INFO  ratis.XceiverServerRatis (XceiverServerRatis.java:getRealPort(586)) - XceiverServerRatis(16988a43-54c6-4d79-b4f6-1d89459795e1) is started using port RATIS_SERVER=15033
2025-05-12 14:03:21,761 [16988a43-54c6-4d79-b4f6-1d89459795e1-EndpointStateMachineTaskThread-/0.0.0.0:15002-0 ] INFO  ratis.XceiverServerRatis (XceiverServerRatis.java:getRealPort(586)) - XceiverServerRatis(16988a43-54c6-4d79-b4f6-1d89459795e1) is started using port RATIS_DATASTREAM=15034
2025-05-12 14:03:21,761 [JvmPauseMonitor6] INFO  util.JvmPauseMonitor (JvmPauseMonitor.java:run(146)) - JvmPauseMonitor-16988a43-54c6-4d79-b4f6-1d89459795e1: Started
2025-05-12 14:03:21,763 [16988a43-54c6-4d79-b4f6-1d89459795e1-BlockDeletingService#0] INFO  interfaces.ContainerDeletionChoosingPolicyTemplate (ContainerDeletionChoosingPolicyTemplate.java:chooseContainerForBlockDeletion(83)) - Chosen 0/5000 blocks from 0 candidate containers.
2025-05-12 14:03:21,791 [IPC Server handler 2 on default port 15002] INFO  net.NetworkTopologyImpl (NetworkTopologyImpl.java:add(133)) - Added a new node: /default-rack/cfefa488-19eb-42ef-a91e-ee6d690e2562
2025-05-12 14:03:21,791 [IPC Server handler 1 on default port 15011] INFO  net.NetworkTopologyImpl (NetworkTopologyImpl.java:add(133)) - Added a new node: /default-rack/cfefa488-19eb-42ef-a91e-ee6d690e2562
2025-05-12 14:03:21,795 [IPC Server handler 1 on default port 15011] INFO  node.SCMNodeManager (SCMNodeManager.java:register(426)) - Registered datanode: cfefa488-19eb-42ef-a91e-ee6d690e2562{ip: 127.0.0.1, host: localhost, ports: [HTTP=15012, CLIENT_RPC=15013, REPLICATION=15019, RATIS=15015, RATIS_ADMIN=15016, RATIS_SERVER=15017, RATIS_DATASTREAM=15018, STANDALONE=15014], networkLocation: /default-rack, certSerialId: null, persistedOpState: null, persistedOpStateExpiryEpochSec: 0}
2025-05-12 14:03:21,795 [IPC Server handler 2 on default port 15002] INFO  node.SCMNodeManager (SCMNodeManager.java:register(426)) - Registered datanode: cfefa488-19eb-42ef-a91e-ee6d690e2562{ip: 127.0.0.1, host: localhost, ports: [HTTP=15012, CLIENT_RPC=15013, REPLICATION=15019, RATIS=15015, RATIS_ADMIN=15016, RATIS_SERVER=15017, RATIS_DATASTREAM=15018, STANDALONE=15014], networkLocation: /default-rack, certSerialId: null, persistedOpState: null, persistedOpStateExpiryEpochSec: 0}
2025-05-12 14:03:21,797 [EventQueue-NewNodeForNewNodeHandler] INFO  pipeline.BackgroundPipelineCreator (BackgroundPipelineCreator.java:notifyEventTriggered(290)) - trigger a one-shot run on RatisPipelineUtilsThread.
2025-05-12 14:03:21,797 [IPC Server handler 1 on default port 15011] INFO  recon.ReconContext (ReconContext.java:updateHealthStatus(76)) - Update healthStatus of Recon from true to true.
2025-05-12 14:03:21,802 [RatisPipelineUtilsThread-0] INFO  pipeline.RatisPipelineProvider (RatisPipelineProvider.java:lambda$create$0(208)) - Sending CreatePipelineCommand for pipeline:PipelineID=7dc63e3f-e2d1-4633-aa40-54b4b40431dd to datanode:cfefa488-19eb-42ef-a91e-ee6d690e2562(localhost/127.0.0.1)
2025-05-12 14:03:21,802 [EventQueue-ContainerRegistrationReportForECContainerSafeModeRule] INFO  safemode.SCMSafeModeManager (SCMSafeModeManager.java:validateSafeModeExitRules(140)) - ECContainerSafeModeRule rule is successfully validated
2025-05-12 14:03:21,803 [EventQueue-ContainerRegistrationReportForRatisContainerSafeModeRule] INFO  safemode.SCMSafeModeManager (SCMSafeModeManager.java:validateSafeModeExitRules(140)) - RatisContainerSafeModeRule rule is successfully validated
2025-05-12 14:03:21,804 [Recon-EventQueue-NewNodeForReconNewNodeHandler] INFO  scm.ReconNodeManager (ReconNodeManager.java:addNodeToDB(148)) - Adding new node cfefa488-19eb-42ef-a91e-ee6d690e2562 to Node DB.
2025-05-12 14:03:21,804 [EventQueue-NodeRegistrationContainerReportForDataNodeSafeModeRule] INFO  safemode.SCMSafeModeManager (DataNodeSafeModeRule.java:process(79)) - SCM in safe mode. 1 DataNodes registered, 3 required.
2025-05-12 14:03:21,804 [EventQueue-PipelineReportForOneReplicaPipelineSafeModeRule] INFO  safemode.SCMSafeModeManager (SCMSafeModeManager.java:validateSafeModeExitRules(140)) - AtleastOneDatanodeReportedRule rule is successfully validated
2025-05-12 14:03:21,853 [5339c1d4-2d68-4465-95a3-e4cab06d092d@group-CA8F5C94DBDD-StateMachineUpdater] INFO  safemode.SCMSafeModeManager (SCMSafeModeManager.java:validateSafeModeExitRules(140)) - RatisContainerSafeModeRule rule is successfully validated
2025-05-12 14:03:21,853 [5339c1d4-2d68-4465-95a3-e4cab06d092d@group-CA8F5C94DBDD-StateMachineUpdater] INFO  safemode.HealthyPipelineSafeModeRule (HealthyPipelineSafeModeRule.java:initializeRule(173)) - Refreshed total pipeline count is 0, healthy pipeline threshold count is 1
2025-05-12 14:03:21,853 [5339c1d4-2d68-4465-95a3-e4cab06d092d@group-CA8F5C94DBDD-StateMachineUpdater] INFO  safemode.SCMSafeModeManager (SCMSafeModeManager.java:validateSafeModeExitRules(140)) - ECContainerSafeModeRule rule is successfully validated
2025-05-12 14:03:21,853 [5339c1d4-2d68-4465-95a3-e4cab06d092d@group-CA8F5C94DBDD-StateMachineUpdater] INFO  safemode.SCMSafeModeManager (SCMSafeModeManager.java:validateSafeModeExitRules(140)) - AtleastOneDatanodeReportedRule rule is successfully validated
2025-05-12 14:03:21,857 [RatisPipelineUtilsThread-0] INFO  pipeline.BackgroundPipelineCreator (BackgroundPipelineCreator.java:createPipelines(246)) - Created new pipeline Pipeline{ Id: 7dc63e3f-e2d1-4633-aa40-54b4b40431dd, Nodes: [ {cfefa488-19eb-42ef-a91e-ee6d690e2562(localhost/127.0.0.1), ReplicaIndex: 0},], ReplicationConfig: RATIS/ONE, State:ALLOCATED, leaderId:, CreationTimestamp2025-05-12T14:03:21.801513931Z[Etc/UTC]}
2025-05-12 14:03:21,985 [IPC Server handler 7 on default port 15011] INFO  net.NetworkTopologyImpl (NetworkTopologyImpl.java:add(133)) - Added a new node: /default-rack/a2b8b82a-e2f6-4a14-97b3-6459b5b9a67e
2025-05-12 14:03:21,985 [IPC Server handler 7 on default port 15011] INFO  node.SCMNodeManager (SCMNodeManager.java:register(426)) - Registered datanode: a2b8b82a-e2f6-4a14-97b3-6459b5b9a67e{ip: 127.0.0.1, host: localhost, ports: [HTTP=15020, CLIENT_RPC=15021, REPLICATION=15027, RATIS=15023, RATIS_ADMIN=15024, RATIS_SERVER=15025, RATIS_DATASTREAM=15026, STANDALONE=15022], networkLocation: /default-rack, certSerialId: null, persistedOpState: null, persistedOpStateExpiryEpochSec: 0}
2025-05-12 14:03:21,985 [IPC Server handler 7 on default port 15011] INFO  recon.ReconContext (ReconContext.java:updateHealthStatus(76)) - Update healthStatus of Recon from true to true.
2025-05-12 14:03:21,985 [IPC Server handler 0 on default port 15002] INFO  net.NetworkTopologyImpl (NetworkTopologyImpl.java:add(133)) - Added a new node: /default-rack/a2b8b82a-e2f6-4a14-97b3-6459b5b9a67e
2025-05-12 14:03:21,986 [IPC Server handler 0 on default port 15002] INFO  node.SCMNodeManager (SCMNodeManager.java:register(426)) - Registered datanode: a2b8b82a-e2f6-4a14-97b3-6459b5b9a67e{ip: 127.0.0.1, host: localhost, ports: [HTTP=15020, CLIENT_RPC=15021, REPLICATION=15027, RATIS=15023, RATIS_ADMIN=15024, RATIS_SERVER=15025, RATIS_DATASTREAM=15026, STANDALONE=15022], networkLocation: /default-rack, certSerialId: null, persistedOpState: null, persistedOpStateExpiryEpochSec: 0}
2025-05-12 14:03:21,986 [EventQueue-PipelineReportForOneReplicaPipelineSafeModeRule] INFO  safemode.SCMSafeModeManager (SCMSafeModeManager.java:validateSafeModeExitRules(140)) - AtleastOneDatanodeReportedRule rule is successfully validated
2025-05-12 14:03:21,987 [EventQueue-NodeRegistrationContainerReportForDataNodeSafeModeRule] INFO  safemode.SCMSafeModeManager (DataNodeSafeModeRule.java:process(79)) - SCM in safe mode. 2 DataNodes registered, 3 required.
2025-05-12 14:03:21,987 [EventQueue-ContainerRegistrationReportForRatisContainerSafeModeRule] INFO  safemode.SCMSafeModeManager (SCMSafeModeManager.java:validateSafeModeExitRules(140)) - RatisContainerSafeModeRule rule is successfully validated
2025-05-12 14:03:21,987 [EventQueue-NewNodeForNewNodeHandler] INFO  pipeline.BackgroundPipelineCreator (BackgroundPipelineCreator.java:notifyEventTriggered(290)) - trigger a one-shot run on RatisPipelineUtilsThread.
2025-05-12 14:03:21,987 [EventQueue-ContainerRegistrationReportForECContainerSafeModeRule] INFO  safemode.SCMSafeModeManager (SCMSafeModeManager.java:validateSafeModeExitRules(140)) - ECContainerSafeModeRule rule is successfully validated
2025-05-12 14:03:21,988 [RatisPipelineUtilsThread-0] INFO  pipeline.RatisPipelineProvider (RatisPipelineProvider.java:lambda$create$0(208)) - Sending CreatePipelineCommand for pipeline:PipelineID=000e57b3-5b63-4f2c-af1c-ac9569f6daa3 to datanode:a2b8b82a-e2f6-4a14-97b3-6459b5b9a67e(localhost/127.0.0.1)
2025-05-12 14:03:21,988 [Recon-EventQueue-NewNodeForReconNewNodeHandler] INFO  scm.ReconNodeManager (ReconNodeManager.java:addNodeToDB(148)) - Adding new node a2b8b82a-e2f6-4a14-97b3-6459b5b9a67e to Node DB.
2025-05-12 14:03:21,993 [5339c1d4-2d68-4465-95a3-e4cab06d092d@group-CA8F5C94DBDD-StateMachineUpdater] INFO  safemode.SCMSafeModeManager (SCMSafeModeManager.java:validateSafeModeExitRules(140)) - RatisContainerSafeModeRule rule is successfully validated
2025-05-12 14:03:21,993 [5339c1d4-2d68-4465-95a3-e4cab06d092d@group-CA8F5C94DBDD-StateMachineUpdater] INFO  safemode.HealthyPipelineSafeModeRule (HealthyPipelineSafeModeRule.java:initializeRule(173)) - Refreshed total pipeline count is 0, healthy pipeline threshold count is 1
2025-05-12 14:03:21,993 [5339c1d4-2d68-4465-95a3-e4cab06d092d@group-CA8F5C94DBDD-StateMachineUpdater] INFO  safemode.SCMSafeModeManager (SCMSafeModeManager.java:validateSafeModeExitRules(140)) - ECContainerSafeModeRule rule is successfully validated
2025-05-12 14:03:21,993 [5339c1d4-2d68-4465-95a3-e4cab06d092d@group-CA8F5C94DBDD-StateMachineUpdater] INFO  safemode.SCMSafeModeManager (SCMSafeModeManager.java:validateSafeModeExitRules(140)) - AtleastOneDatanodeReportedRule rule is successfully validated
2025-05-12 14:03:21,995 [RatisPipelineUtilsThread-0] INFO  pipeline.BackgroundPipelineCreator (BackgroundPipelineCreator.java:createPipelines(246)) - Created new pipeline Pipeline{ Id: 000e57b3-5b63-4f2c-af1c-ac9569f6daa3, Nodes: [ {a2b8b82a-e2f6-4a14-97b3-6459b5b9a67e(localhost/127.0.0.1), ReplicaIndex: 0},], ReplicationConfig: RATIS/ONE, State:ALLOCATED, leaderId:, CreationTimestamp2025-05-12T14:03:21.988017810Z[Etc/UTC]}
2025-05-12 14:03:21,997 [47c4feda-5356-4712-bb09-0016fbee8439-EndpointStateMachineTaskThread-/0.0.0.0:15002-0 ] INFO  utils.DatanodeStoreCache (DatanodeStoreCache.java:addDB(70)) - Added db /home/runner/work/ozone/ozone/hadoop-ozone/integration-test/target/test-dir/MiniOzoneClusterImpl-93228f78-d735-4ce6-971e-ca8f5c94dbdd/ozone-meta/datanode-4/data-0/hdds/93228f78-d735-4ce6-971e-ca8f5c94dbdd/DS-dff4c18f-ce02-4109-bf4d-0980fdbfca29/container.db to cache
2025-05-12 14:03:21,997 [47c4feda-5356-4712-bb09-0016fbee8439-EndpointStateMachineTaskThread-/0.0.0.0:15002-0 ] INFO  volume.HddsVolume (HddsVolume.java:createDbStore(510)) - SchemaV3 db is created and loaded at /home/runner/work/ozone/ozone/hadoop-ozone/integration-test/target/test-dir/MiniOzoneClusterImpl-93228f78-d735-4ce6-971e-ca8f5c94dbdd/ozone-meta/datanode-4/data-0/hdds/93228f78-d735-4ce6-971e-ca8f5c94dbdd/DS-dff4c18f-ce02-4109-bf4d-0980fdbfca29/container.db for volume DS-dff4c18f-ce02-4109-bf4d-0980fdbfca29
2025-05-12 14:03:22,001 [47c4feda-5356-4712-bb09-0016fbee8439-ContainerReader-0] INFO  ozoneimpl.ContainerReader (ContainerReader.java:readVolume(144)) - Start to verify containers on volume /home/runner/work/ozone/ozone/hadoop-ozone/integration-test/target/test-dir/MiniOzoneClusterImpl-93228f78-d735-4ce6-971e-ca8f5c94dbdd/ozone-meta/datanode-4/data-0/hdds
2025-05-12 14:03:22,001 [47c4feda-5356-4712-bb09-0016fbee8439-ContainerReader-0] INFO  ozoneimpl.ContainerReader (ContainerReader.java:readVolume(174)) - Finish verifying containers on volume /home/runner/work/ozone/ozone/hadoop-ozone/integration-test/target/test-dir/MiniOzoneClusterImpl-93228f78-d735-4ce6-971e-ca8f5c94dbdd/ozone-meta/datanode-4/data-0/hdds
2025-05-12 14:03:22,002 [47c4feda-5356-4712-bb09-0016fbee8439-EndpointStateMachineTaskThread-/0.0.0.0:15002-0 ] INFO  ozoneimpl.OzoneContainer (OzoneContainer.java:buildContainerSet(364)) - Build ContainerSet costs 0s
2025-05-12 14:03:22,002 [47c4feda-5356-4712-bb09-0016fbee8439-EndpointStateMachineTaskThread-/0.0.0.0:15002-0 ] INFO  volume.ThrottledAsyncChecker (ThrottledAsyncChecker.java:schedule(138)) - Scheduling a check for /home/runner/work/ozone/ozone/hadoop-ozone/integration-test/target/test-dir/MiniOzoneClusterImpl-93228f78-d735-4ce6-971e-ca8f5c94dbdd/ozone-meta/datanode-4/data-0/hdds
2025-05-12 14:03:22,002 [47c4feda-5356-4712-bb09-0016fbee8439-EndpointStateMachineTaskThread-/0.0.0.0:15002-0 ] INFO  volume.StorageVolumeChecker (StorageVolumeChecker.java:checkAllVolumes(215)) - Scheduled health check for volume /home/runner/work/ozone/ozone/hadoop-ozone/integration-test/target/test-dir/MiniOzoneClusterImpl-93228f78-d735-4ce6-971e-ca8f5c94dbdd/ozone-meta/datanode-4/data-0/hdds
2025-05-12 14:03:22,006 [47c4feda-5356-4712-bb09-0016fbee8439-EndpointStateMachineTaskThread-/0.0.0.0:15002-0 ] INFO  volume.ThrottledAsyncChecker (ThrottledAsyncChecker.java:schedule(138)) - Scheduling a check for /home/runner/work/ozone/ozone/hadoop-ozone/integration-test/target/test-dir/MiniOzoneClusterImpl-93228f78-d735-4ce6-971e-ca8f5c94dbdd/ozone-meta/datanode-4/ratis
2025-05-12 14:03:22,006 [47c4feda-5356-4712-bb09-0016fbee8439-EndpointStateMachineTaskThread-/0.0.0.0:15002-0 ] INFO  volume.StorageVolumeChecker (StorageVolumeChecker.java:checkAllVolumes(215)) - Scheduled health check for volume /home/runner/work/ozone/ozone/hadoop-ozone/integration-test/target/test-dir/MiniOzoneClusterImpl-93228f78-d735-4ce6-971e-ca8f5c94dbdd/ozone-meta/datanode-4/ratis
2025-05-12 14:03:22,007 [47c4feda-5356-4712-bb09-0016fbee8439-EndpointStateMachineTaskThread-/0.0.0.0:15002-0 ] INFO  ozoneimpl.OzoneContainer (OzoneContainer.java:start(512)) - Attempting to start container services.
2025-05-12 14:03:22,007 [47c4feda-5356-4712-bb09-0016fbee8439-EndpointStateMachineTaskThread-/0.0.0.0:15002-0 ] WARN  ozoneimpl.OnDemandContainerDataScanner (OnDemandContainerDataScanner.java:init(74)) - Trying to initialize on demand scanner a second time on a datanode.
2025-05-12 14:03:22,008 [ContainerMetadataScanner] INFO  ozoneimpl.AbstractBackgroundContainerScanner (AbstractBackgroundContainerScanner.java:runIteration(89)) - Completed an iteration in 0 minutes. Number of iterations (since the data-node restart) : 1, Number of containers scanned in this iteration : 0, Number of unhealthy containers found in this iteration : 0
2025-05-12 14:03:22,008 [ContainerDataScanner(/home/runner/work/ozone/ozone/hadoop-ozone/integration-test/target/test-dir/MiniOzoneClusterImpl-93228f78-d735-4ce6-971e-ca8f5c94dbdd/ozone-meta/datanode-4/data-0/hdds)] INFO  ozoneimpl.AbstractBackgroundContainerScanner (AbstractBackgroundContainerScanner.java:runIteration(89)) - Completed an iteration in 0 minutes. Number of iterations (since the data-node restart) : 1, Number of containers scanned in this iteration : 0, Number of unhealthy containers found in this iteration : 0
2025-05-12 14:03:22,009 [47c4feda-5356-4712-bb09-0016fbee8439-EndpointStateMachineTaskThread-/0.0.0.0:15002-0 ] INFO  replication.ReplicationServer (ReplicationServer.java:start(137)) - ReplicationServer is started using port 15043
2025-05-12 14:03:22,009 [47c4feda-5356-4712-bb09-0016fbee8439-EndpointStateMachineTaskThread-/0.0.0.0:15002-0 ] INFO  ratis.XceiverServerRatis (XceiverServerRatis.java:start(559)) - Starting XceiverServerRatis(47c4feda-5356-4712-bb09-0016fbee8439)
2025-05-12 14:03:22,011 [47c4feda-5356-4712-bb09-0016fbee8439-EndpointStateMachineTaskThread-/0.0.0.0:15002-0 ] INFO  server.RaftServer (RaftServerProxy.java:startImpl(407)) - 47c4feda-5356-4712-bb09-0016fbee8439: start RPC server
2025-05-12 14:03:22,012 [47c4feda-5356-4712-bb09-0016fbee8439-EndpointStateMachineTaskThread-/0.0.0.0:15002-0 ] INFO  server.GrpcService (GrpcService.java:startImpl(334)) - 47c4feda-5356-4712-bb09-0016fbee8439: GrpcService started, listening on 15039
2025-05-12 14:03:22,012 [47c4feda-5356-4712-bb09-0016fbee8439-EndpointStateMachineTaskThread-/0.0.0.0:15002-0 ] INFO  server.GrpcService (GrpcService.java:startImpl(334)) - 47c4feda-5356-4712-bb09-0016fbee8439: GrpcService started, listening on 15041
2025-05-12 14:03:22,013 [47c4feda-5356-4712-bb09-0016fbee8439-EndpointStateMachineTaskThread-/0.0.0.0:15002-0 ] INFO  server.GrpcService (GrpcService.java:startImpl(334)) - 47c4feda-5356-4712-bb09-0016fbee8439: GrpcService started, listening on 15040
2025-05-12 14:03:22,013 [47c4feda-5356-4712-bb09-0016fbee8439-EndpointStateMachineTaskThread-/0.0.0.0:15002-0 ] INFO  ratis.XceiverServerRatis (XceiverServerRatis.java:getRealPort(586)) - XceiverServerRatis(47c4feda-5356-4712-bb09-0016fbee8439) is started using port RATIS=15039
2025-05-12 14:03:22,013 [47c4feda-5356-4712-bb09-0016fbee8439-EndpointStateMachineTaskThread-/0.0.0.0:15002-0 ] INFO  ratis.XceiverServerRatis (XceiverServerRatis.java:getRealPort(586)) - XceiverServerRatis(47c4feda-5356-4712-bb09-0016fbee8439) is started using port RATIS_ADMIN=15040
2025-05-12 14:03:22,013 [47c4feda-5356-4712-bb09-0016fbee8439-EndpointStateMachineTaskThread-/0.0.0.0:15002-0 ] INFO  ratis.XceiverServerRatis (XceiverServerRatis.java:getRealPort(586)) - XceiverServerRatis(47c4feda-5356-4712-bb09-0016fbee8439) is started using port RATIS_SERVER=15041
2025-05-12 14:03:22,013 [47c4feda-5356-4712-bb09-0016fbee8439-EndpointStateMachineTaskThread-/0.0.0.0:15002-0 ] INFO  ratis.XceiverServerRatis (XceiverServerRatis.java:getRealPort(586)) - XceiverServerRatis(47c4feda-5356-4712-bb09-0016fbee8439) is started using port RATIS_DATASTREAM=15042
2025-05-12 14:03:22,014 [JvmPauseMonitor7] INFO  util.JvmPauseMonitor (JvmPauseMonitor.java:run(146)) - JvmPauseMonitor-47c4feda-5356-4712-bb09-0016fbee8439: Started
2025-05-12 14:03:22,015 [47c4feda-5356-4712-bb09-0016fbee8439-BlockDeletingService#0] INFO  interfaces.ContainerDeletionChoosingPolicyTemplate (ContainerDeletionChoosingPolicyTemplate.java:chooseContainerForBlockDeletion(83)) - Chosen 0/5000 blocks from 0 candidate containers.
2025-05-12 14:03:22,216 [IPC Server handler 3 on default port 15002] INFO  net.NetworkTopologyImpl (NetworkTopologyImpl.java:add(133)) - Added a new node: /default-rack/16988a43-54c6-4d79-b4f6-1d89459795e1
2025-05-12 14:03:22,216 [IPC Server handler 8 on default port 15011] INFO  net.NetworkTopologyImpl (NetworkTopologyImpl.java:add(133)) - Added a new node: /default-rack/16988a43-54c6-4d79-b4f6-1d89459795e1
2025-05-12 14:03:22,216 [IPC Server handler 8 on default port 15011] INFO  node.SCMNodeManager (SCMNodeManager.java:register(426)) - Registered datanode: 16988a43-54c6-4d79-b4f6-1d89459795e1{ip: 127.0.0.1, host: localhost, ports: [HTTP=15028, CLIENT_RPC=15029, REPLICATION=15035, RATIS=15031, RATIS_ADMIN=15032, RATIS_SERVER=15033, RATIS_DATASTREAM=15034, STANDALONE=15030], networkLocation: /default-rack, certSerialId: null, persistedOpState: null, persistedOpStateExpiryEpochSec: 0}
2025-05-12 14:03:22,217 [IPC Server handler 8 on default port 15011] INFO  recon.ReconContext (ReconContext.java:updateHealthStatus(76)) - Update healthStatus of Recon from true to true.
2025-05-12 14:03:22,216 [IPC Server handler 3 on default port 15002] INFO  node.SCMNodeManager (SCMNodeManager.java:register(426)) - Registered datanode: 16988a43-54c6-4d79-b4f6-1d89459795e1{ip: 127.0.0.1, host: localhost, ports: [HTTP=15028, CLIENT_RPC=15029, REPLICATION=15035, RATIS=15031, RATIS_ADMIN=15032, RATIS_SERVER=15033, RATIS_DATASTREAM=15034, STANDALONE=15030], networkLocation: /default-rack, certSerialId: null, persistedOpState: null, persistedOpStateExpiryEpochSec: 0}
2025-05-12 14:03:22,217 [Recon-EventQueue-NewNodeForReconNewNodeHandler] INFO  scm.ReconNodeManager (ReconNodeManager.java:addNodeToDB(148)) - Adding new node 16988a43-54c6-4d79-b4f6-1d89459795e1 to Node DB.
2025-05-12 14:03:22,217 [EventQueue-NodeRegistrationContainerReportForDataNodeSafeModeRule] INFO  safemode.SCMSafeModeManager (DataNodeSafeModeRule.java:process(79)) - SCM in safe mode. 3 DataNodes registered, 3 required.
2025-05-12 14:03:22,217 [EventQueue-NodeRegistrationContainerReportForDataNodeSafeModeRule] INFO  safemode.SCMSafeModeManager (SCMSafeModeManager.java:validateSafeModeExitRules(140)) - DataNodeSafeModeRule rule is successfully validated
2025-05-12 14:03:22,218 [EventQueue-NodeRegistrationContainerReportForDataNodeSafeModeRule] INFO  safemode.SCMSafeModeManager (SCMSafeModeManager.java:completePreCheck(167)) - All SCM safe mode pre check rules have passed
2025-05-12 14:03:22,218 [EventQueue-NodeRegistrationContainerReportForDataNodeSafeModeRule] INFO  ha.SCMContext (SCMContext.java:updateSafeModeStatus(224)) - Update SafeModeStatus from SafeModeStatus{safeModeStatus=true, preCheckPassed=false} to SafeModeStatus{safeModeStatus=true, preCheckPassed=true}.
2025-05-12 14:03:22,218 [EventQueue-NodeRegistrationContainerReportForDataNodeSafeModeRule] INFO  pipeline.BackgroundPipelineCreator (BackgroundPipelineCreator.java:notifyEventTriggered(290)) - trigger a one-shot run on RatisPipelineUtilsThread.
2025-05-12 14:03:22,218 [EventQueue-ContainerRegistrationReportForRatisContainerSafeModeRule] INFO  safemode.SCMSafeModeManager (SCMSafeModeManager.java:validateSafeModeExitRules(140)) - RatisContainerSafeModeRule rule is successfully validated
2025-05-12 14:03:22,218 [EventQueue-ContainerRegistrationReportForECContainerSafeModeRule] INFO  safemode.SCMSafeModeManager (SCMSafeModeManager.java:validateSafeModeExitRules(140)) - ECContainerSafeModeRule rule is successfully validated
2025-05-12 14:03:22,218 [EventQueue-NewNodeForNewNodeHandler] INFO  pipeline.BackgroundPipelineCreator (BackgroundPipelineCreator.java:notifyEventTriggered(290)) - trigger a one-shot run on RatisPipelineUtilsThread.
2025-05-12 14:03:22,218 [EventQueue-PipelineReportForOneReplicaPipelineSafeModeRule] INFO  safemode.SCMSafeModeManager (SCMSafeModeManager.java:validateSafeModeExitRules(140)) - AtleastOneDatanodeReportedRule rule is successfully validated
2025-05-12 14:03:22,218 [RatisPipelineUtilsThread-0] INFO  pipeline.RatisPipelineProvider (RatisPipelineProvider.java:lambda$create$0(208)) - Sending CreatePipelineCommand for pipeline:PipelineID=e388c054-aea5-4447-9ca0-4a32057c1e42 to datanode:16988a43-54c6-4d79-b4f6-1d89459795e1(localhost/127.0.0.1)
2025-05-12 14:03:22,221 [5339c1d4-2d68-4465-95a3-e4cab06d092d@group-CA8F5C94DBDD-StateMachineUpdater] INFO  safemode.SCMSafeModeManager (SCMSafeModeManager.java:validateSafeModeExitRules(140)) - DataNodeSafeModeRule rule is successfully validated
2025-05-12 14:03:22,221 [5339c1d4-2d68-4465-95a3-e4cab06d092d@group-CA8F5C94DBDD-StateMachineUpdater] INFO  safemode.SCMSafeModeManager (SCMSafeModeManager.java:validateSafeModeExitRules(140)) - RatisContainerSafeModeRule rule is successfully validated
2025-05-12 14:03:22,221 [5339c1d4-2d68-4465-95a3-e4cab06d092d@group-CA8F5C94DBDD-StateMachineUpdater] INFO  safemode.HealthyPipelineSafeModeRule (HealthyPipelineSafeModeRule.java:initializeRule(173)) - Refreshed total pipeline count is 0, healthy pipeline threshold count is 1
2025-05-12 14:03:22,221 [5339c1d4-2d68-4465-95a3-e4cab06d092d@group-CA8F5C94DBDD-StateMachineUpdater] INFO  safemode.SCMSafeModeManager (SCMSafeModeManager.java:validateSafeModeExitRules(140)) - ECContainerSafeModeRule rule is successfully validated
2025-05-12 14:03:22,221 [5339c1d4-2d68-4465-95a3-e4cab06d092d@group-CA8F5C94DBDD-StateMachineUpdater] INFO  safemode.SCMSafeModeManager (SCMSafeModeManager.java:validateSafeModeExitRules(140)) - AtleastOneDatanodeReportedRule rule is successfully validated
2025-05-12 14:03:22,222 [RatisPipelineUtilsThread-0] INFO  pipeline.BackgroundPipelineCreator (BackgroundPipelineCreator.java:createPipelines(246)) - Created new pipeline Pipeline{ Id: e388c054-aea5-4447-9ca0-4a32057c1e42, Nodes: [ {16988a43-54c6-4d79-b4f6-1d89459795e1(localhost/127.0.0.1), ReplicaIndex: 0},], ReplicationConfig: RATIS/ONE, State:ALLOCATED, leaderId:, CreationTimestamp2025-05-12T14:03:22.218896102Z[Etc/UTC]}
2025-05-12 14:03:22,225 [RatisPipelineUtilsThread-0] INFO  pipeline.RatisPipelineProvider (RatisPipelineProvider.java:lambda$create$0(208)) - Sending CreatePipelineCommand for pipeline:PipelineID=82a40e4c-495c-4d18-a5f6-5315e3f7dc37 to datanode:a2b8b82a-e2f6-4a14-97b3-6459b5b9a67e(localhost/127.0.0.1)
2025-05-12 14:03:22,225 [RatisPipelineUtilsThread-0] INFO  pipeline.RatisPipelineProvider (RatisPipelineProvider.java:lambda$create$0(208)) - Sending CreatePipelineCommand for pipeline:PipelineID=82a40e4c-495c-4d18-a5f6-5315e3f7dc37 to datanode:16988a43-54c6-4d79-b4f6-1d89459795e1(localhost/127.0.0.1)
2025-05-12 14:03:22,225 [RatisPipelineUtilsThread-0] INFO  pipeline.RatisPipelineProvider (RatisPipelineProvider.java:lambda$create$0(208)) - Sending CreatePipelineCommand for pipeline:PipelineID=82a40e4c-495c-4d18-a5f6-5315e3f7dc37 to datanode:cfefa488-19eb-42ef-a91e-ee6d690e2562(localhost/127.0.0.1)
2025-05-12 14:03:22,228 [5339c1d4-2d68-4465-95a3-e4cab06d092d@group-CA8F5C94DBDD-StateMachineUpdater] INFO  safemode.SCMSafeModeManager (SCMSafeModeManager.java:validateSafeModeExitRules(140)) - DataNodeSafeModeRule rule is successfully validated
2025-05-12 14:03:22,228 [5339c1d4-2d68-4465-95a3-e4cab06d092d@group-CA8F5C94DBDD-StateMachineUpdater] INFO  safemode.SCMSafeModeManager (SCMSafeModeManager.java:validateSafeModeExitRules(140)) - RatisContainerSafeModeRule rule is successfully validated
2025-05-12 14:03:22,228 [5339c1d4-2d68-4465-95a3-e4cab06d092d@group-CA8F5C94DBDD-StateMachineUpdater] INFO  safemode.HealthyPipelineSafeModeRule (HealthyPipelineSafeModeRule.java:initializeRule(173)) - Refreshed total pipeline count is 0, healthy pipeline threshold count is 1
2025-05-12 14:03:22,228 [5339c1d4-2d68-4465-95a3-e4cab06d092d@group-CA8F5C94DBDD-StateMachineUpdater] INFO  safemode.SCMSafeModeManager (SCMSafeModeManager.java:validateSafeModeExitRules(140)) - ECContainerSafeModeRule rule is successfully validated
2025-05-12 14:03:22,229 [5339c1d4-2d68-4465-95a3-e4cab06d092d@group-CA8F5C94DBDD-StateMachineUpdater] INFO  safemode.SCMSafeModeManager (SCMSafeModeManager.java:validateSafeModeExitRules(140)) - AtleastOneDatanodeReportedRule rule is successfully validated
2025-05-12 14:03:22,229 [RatisPipelineUtilsThread-0] INFO  pipeline.BackgroundPipelineCreator (BackgroundPipelineCreator.java:createPipelines(246)) - Created new pipeline Pipeline{ Id: 82a40e4c-495c-4d18-a5f6-5315e3f7dc37, Nodes: [ {a2b8b82a-e2f6-4a14-97b3-6459b5b9a67e(localhost/127.0.0.1), ReplicaIndex: 0}, {16988a43-54c6-4d79-b4f6-1d89459795e1(localhost/127.0.0.1), ReplicaIndex: 0}, {cfefa488-19eb-42ef-a91e-ee6d690e2562(localhost/127.0.0.1), ReplicaIndex: 0},], ReplicationConfig: RATIS/THREE, State:ALLOCATED, leaderId:, CreationTimestamp2025-05-12T14:03:22.225450404Z[Etc/UTC]}
2025-05-12 14:03:22,230 [RatisPipelineUtilsThread-0] INFO  pipeline.RatisPipelineProvider (RatisPipelineProvider.java:lambda$create$0(208)) - Sending CreatePipelineCommand for pipeline:PipelineID=00ca9195-5014-4ace-8f60-e2372747ebfe to datanode:a2b8b82a-e2f6-4a14-97b3-6459b5b9a67e(localhost/127.0.0.1)
2025-05-12 14:03:22,230 [RatisPipelineUtilsThread-0] INFO  pipeline.RatisPipelineProvider (RatisPipelineProvider.java:lambda$create$0(208)) - Sending CreatePipelineCommand for pipeline:PipelineID=00ca9195-5014-4ace-8f60-e2372747ebfe to datanode:cfefa488-19eb-42ef-a91e-ee6d690e2562(localhost/127.0.0.1)
2025-05-12 14:03:22,230 [RatisPipelineUtilsThread-0] INFO  pipeline.RatisPipelineProvider (RatisPipelineProvider.java:lambda$create$0(208)) - Sending CreatePipelineCommand for pipeline:PipelineID=00ca9195-5014-4ace-8f60-e2372747ebfe to datanode:16988a43-54c6-4d79-b4f6-1d89459795e1(localhost/127.0.0.1)
2025-05-12 14:03:22,233 [5339c1d4-2d68-4465-95a3-e4cab06d092d@group-CA8F5C94DBDD-StateMachineUpdater] INFO  safemode.SCMSafeModeManager (SCMSafeModeManager.java:validateSafeModeExitRules(140)) - DataNodeSafeModeRule rule is successfully validated
2025-05-12 14:03:22,233 [5339c1d4-2d68-4465-95a3-e4cab06d092d@group-CA8F5C94DBDD-StateMachineUpdater] INFO  safemode.SCMSafeModeManager (SCMSafeModeManager.java:validateSafeModeExitRules(140)) - RatisContainerSafeModeRule rule is successfully validated
2025-05-12 14:03:22,233 [5339c1d4-2d68-4465-95a3-e4cab06d092d@group-CA8F5C94DBDD-StateMachineUpdater] INFO  safemode.HealthyPipelineSafeModeRule (HealthyPipelineSafeModeRule.java:initializeRule(173)) - Refreshed total pipeline count is 0, healthy pipeline threshold count is 1
2025-05-12 14:03:22,233 [5339c1d4-2d68-4465-95a3-e4cab06d092d@group-CA8F5C94DBDD-StateMachineUpdater] INFO  safemode.SCMSafeModeManager (SCMSafeModeManager.java:validateSafeModeExitRules(140)) - ECContainerSafeModeRule rule is successfully validated
2025-05-12 14:03:22,233 [5339c1d4-2d68-4465-95a3-e4cab06d092d@group-CA8F5C94DBDD-StateMachineUpdater] INFO  safemode.SCMSafeModeManager (SCMSafeModeManager.java:validateSafeModeExitRules(140)) - AtleastOneDatanodeReportedRule rule is successfully validated
2025-05-12 14:03:22,233 [RatisPipelineUtilsThread-0] INFO  pipeline.PipelineManagerImpl (PipelineManagerImpl.java:recordMetricsForPipeline(907)) - Pipeline: PipelineID=00ca9195-5014-4ace-8f60-e2372747ebfe contains same datanodes as previous pipelines: PipelineID=82a40e4c-495c-4d18-a5f6-5315e3f7dc37 nodeIds: a2b8b82a-e2f6-4a14-97b3-6459b5b9a67e, cfefa488-19eb-42ef-a91e-ee6d690e2562, 16988a43-54c6-4d79-b4f6-1d89459795e1
2025-05-12 14:03:22,233 [RatisPipelineUtilsThread-0] INFO  pipeline.BackgroundPipelineCreator (BackgroundPipelineCreator.java:createPipelines(246)) - Created new pipeline Pipeline{ Id: 00ca9195-5014-4ace-8f60-e2372747ebfe, Nodes: [ {a2b8b82a-e2f6-4a14-97b3-6459b5b9a67e(localhost/127.0.0.1), ReplicaIndex: 0}, {cfefa488-19eb-42ef-a91e-ee6d690e2562(localhost/127.0.0.1), ReplicaIndex: 0}, {16988a43-54c6-4d79-b4f6-1d89459795e1(localhost/127.0.0.1), ReplicaIndex: 0},], ReplicationConfig: RATIS/THREE, State:ALLOCATED, leaderId:, CreationTimestamp2025-05-12T14:03:22.230210812Z[Etc/UTC]}
2025-05-12 14:03:22,260 [IPC Server handler 0 on default port 15011] INFO  scm.ReconNodeManager (ReconNodeManager.java:processHeartbeat(232)) - Sending ReregisterCommand() for localhost
2025-05-12 14:03:22,459 [IPC Server handler 2 on default port 15011] INFO  net.NetworkTopologyImpl (NetworkTopologyImpl.java:add(133)) - Added a new node: /default-rack/47c4feda-5356-4712-bb09-0016fbee8439
2025-05-12 14:03:22,459 [IPC Server handler 5 on default port 15002] INFO  net.NetworkTopologyImpl (NetworkTopologyImpl.java:add(133)) - Added a new node: /default-rack/47c4feda-5356-4712-bb09-0016fbee8439
2025-05-12 14:03:22,460 [IPC Server handler 2 on default port 15011] INFO  node.SCMNodeManager (SCMNodeManager.java:register(426)) - Registered datanode: 47c4feda-5356-4712-bb09-0016fbee8439{ip: 127.0.0.1, host: localhost, ports: [HTTP=15036, CLIENT_RPC=15037, REPLICATION=15043, RATIS=15039, RATIS_ADMIN=15040, RATIS_SERVER=15041, RATIS_DATASTREAM=15042, STANDALONE=15038], networkLocation: /default-rack, certSerialId: null, persistedOpState: null, persistedOpStateExpiryEpochSec: 0}
2025-05-12 14:03:22,460 [IPC Server handler 2 on default port 15011] INFO  recon.ReconContext (ReconContext.java:updateHealthStatus(76)) - Update healthStatus of Recon from true to true.
2025-05-12 14:03:22,460 [Recon-EventQueue-NewNodeForReconNewNodeHandler] INFO  scm.ReconNodeManager (ReconNodeManager.java:addNodeToDB(148)) - Adding new node 47c4feda-5356-4712-bb09-0016fbee8439 to Node DB.
2025-05-12 14:03:22,460 [IPC Server handler 5 on default port 15002] INFO  node.SCMNodeManager (SCMNodeManager.java:register(426)) - Registered datanode: 47c4feda-5356-4712-bb09-0016fbee8439{ip: 127.0.0.1, host: localhost, ports: [HTTP=15036, CLIENT_RPC=15037, REPLICATION=15043, RATIS=15039, RATIS_ADMIN=15040, RATIS_SERVER=15041, RATIS_DATASTREAM=15042, STANDALONE=15038], networkLocation: /default-rack, certSerialId: null, persistedOpState: null, persistedOpStateExpiryEpochSec: 0}
2025-05-12 14:03:22,461 [EventQueue-NewNodeForNewNodeHandler] INFO  pipeline.BackgroundPipelineCreator (BackgroundPipelineCreator.java:notifyEventTriggered(290)) - trigger a one-shot run on RatisPipelineUtilsThread.
2025-05-12 14:03:22,461 [EventQueue-PipelineReportForOneReplicaPipelineSafeModeRule] INFO  safemode.SCMSafeModeManager (SCMSafeModeManager.java:validateSafeModeExitRules(140)) - AtleastOneDatanodeReportedRule rule is successfully validated
2025-05-12 14:03:22,461 [EventQueue-NodeRegistrationContainerReportForDataNodeSafeModeRule] INFO  safemode.SCMSafeModeManager (SCMSafeModeManager.java:validateSafeModeExitRules(140)) - DataNodeSafeModeRule rule is successfully validated
2025-05-12 14:03:22,461 [RatisPipelineUtilsThread-0] INFO  pipeline.RatisPipelineProvider (RatisPipelineProvider.java:lambda$create$0(208)) - Sending CreatePipelineCommand for pipeline:PipelineID=91c66140-5860-478a-b640-7f007bd13ff4 to datanode:47c4feda-5356-4712-bb09-0016fbee8439(localhost/127.0.0.1)
2025-05-12 14:03:22,461 [EventQueue-ContainerRegistrationReportForECContainerSafeModeRule] INFO  safemode.SCMSafeModeManager (SCMSafeModeManager.java:validateSafeModeExitRules(140)) - ECContainerSafeModeRule rule is successfully validated
2025-05-12 14:03:22,461 [EventQueue-ContainerRegistrationReportForRatisContainerSafeModeRule] INFO  safemode.SCMSafeModeManager (SCMSafeModeManager.java:validateSafeModeExitRules(140)) - RatisContainerSafeModeRule rule is successfully validated
2025-05-12 14:03:22,462 [main] INFO  ozone.MiniOzoneClusterImpl (MiniOzoneClusterImpl.java:lambda$waitForClusterToBeReady$0(191)) - Nodes are ready. Got 4 of 4 DN Heartbeats.
2025-05-12 14:03:22,463 [main] INFO  ozone.MiniOzoneClusterImpl (MiniOzoneClusterImpl.java:lambda$waitForClusterToBeReady$0(194)) - Waiting for cluster to exit safe mode
2025-05-12 14:03:22,463 [main] INFO  ozone.MiniOzoneClusterImpl (MiniOzoneClusterImpl.java:lambda$waitForClusterToBeReady$0(196)) - SCM became leader
2025-05-12 14:03:22,464 [5339c1d4-2d68-4465-95a3-e4cab06d092d@group-CA8F5C94DBDD-StateMachineUpdater] INFO  safemode.SCMSafeModeManager (SCMSafeModeManager.java:validateSafeModeExitRules(140)) - DataNodeSafeModeRule rule is successfully validated
2025-05-12 14:03:22,464 [5339c1d4-2d68-4465-95a3-e4cab06d092d@group-CA8F5C94DBDD-StateMachineUpdater] INFO  safemode.SCMSafeModeManager (SCMSafeModeManager.java:validateSafeModeExitRules(140)) - RatisContainerSafeModeRule rule is successfully validated
2025-05-12 14:03:22,464 [5339c1d4-2d68-4465-95a3-e4cab06d092d@group-CA8F5C94DBDD-StateMachineUpdater] INFO  safemode.HealthyPipelineSafeModeRule (HealthyPipelineSafeModeRule.java:initializeRule(173)) - Refreshed total pipeline count is 0, healthy pipeline threshold count is 1
2025-05-12 14:03:22,464 [5339c1d4-2d68-4465-95a3-e4cab06d092d@group-CA8F5C94DBDD-StateMachineUpdater] INFO  safemode.SCMSafeModeManager (SCMSafeModeManager.java:validateSafeModeExitRules(140)) - ECContainerSafeModeRule rule is successfully validated
2025-05-12 14:03:22,464 [5339c1d4-2d68-4465-95a3-e4cab06d092d@group-CA8F5C94DBDD-StateMachineUpdater] INFO  safemode.SCMSafeModeManager (SCMSafeModeManager.java:validateSafeModeExitRules(140)) - AtleastOneDatanodeReportedRule rule is successfully validated
2025-05-12 14:03:22,465 [RatisPipelineUtilsThread-0] INFO  pipeline.BackgroundPipelineCreator (BackgroundPipelineCreator.java:createPipelines(246)) - Created new pipeline Pipeline{ Id: 91c66140-5860-478a-b640-7f007bd13ff4, Nodes: [ {47c4feda-5356-4712-bb09-0016fbee8439(localhost/127.0.0.1), ReplicaIndex: 0},], ReplicationConfig: RATIS/ONE, State:ALLOCATED, leaderId:, CreationTimestamp2025-05-12T14:03:22.461660632Z[Etc/UTC]}
2025-05-12 14:03:22,484 [IPC Server handler 6 on default port 15011] INFO  scm.ReconNodeManager (ReconNodeManager.java:processHeartbeat(232)) - Sending ReregisterCommand() for localhost
2025-05-12 14:03:22,716 [IPC Server handler 1 on default port 15011] INFO  scm.ReconNodeManager (ReconNodeManager.java:processHeartbeat(232)) - Sending ReregisterCommand() for localhost
2025-05-12 14:03:22,959 [IPC Server handler 5 on default port 15011] INFO  scm.ReconNodeManager (ReconNodeManager.java:processHeartbeat(232)) - Sending ReregisterCommand() for localhost
2025-05-12 14:03:23,463 [main] INFO  ozone.MiniOzoneClusterImpl (MiniOzoneClusterImpl.java:lambda$waitForClusterToBeReady$0(191)) - Nodes are ready. Got 4 of 4 DN Heartbeats.
2025-05-12 14:03:23,463 [main] INFO  ozone.MiniOzoneClusterImpl (MiniOzoneClusterImpl.java:lambda$waitForClusterToBeReady$0(194)) - Waiting for cluster to exit safe mode
2025-05-12 14:03:23,463 [main] INFO  ozone.MiniOzoneClusterImpl (MiniOzoneClusterImpl.java:lambda$waitForClusterToBeReady$0(196)) - SCM became leader
2025-05-12 14:03:24,256 [IPC Server handler 0 on default port 15011] INFO  scm.ReconNodeManager (ReconNodeManager.java:register(273)) - Updating nodeDB for localhost
2025-05-12 14:03:24,256 [IPC Server handler 0 on default port 15011] INFO  recon.ReconContext (ReconContext.java:updateHealthStatus(76)) - Update healthStatus of Recon from true to true.
2025-05-12 14:03:24,273 [cfefa488-19eb-42ef-a91e-ee6d690e2562-PipelineCommandHandlerThread-0] INFO  server.RaftServer (RaftServerProxy.java:addNew(100)) - cfefa488-19eb-42ef-a91e-ee6d690e2562: addNew group-54B4B40431DD:[cfefa488-19eb-42ef-a91e-ee6d690e2562|127.0.0.1:15017] returns group-54B4B40431DD:java.util.concurrent.CompletableFuture@4141f357[Not completed]
2025-05-12 14:03:24,280 [cfefa488-19eb-42ef-a91e-ee6d690e2562-groupManagement] INFO  server.RaftServer$Division (RaftServerImpl.java:<init>(255)) - cfefa488-19eb-42ef-a91e-ee6d690e2562: new RaftServerImpl for group-54B4B40431DD:[cfefa488-19eb-42ef-a91e-ee6d690e2562|127.0.0.1:15017] with ContainerStateMachine:uninitialized
2025-05-12 14:03:24,280 [cfefa488-19eb-42ef-a91e-ee6d690e2562-groupManagement] INFO  server.RaftServerConfigKeys (ConfUtils.java:logGet(46)) - raft.server.rpc.timeout.min = 5s (custom)
2025-05-12 14:03:24,280 [cfefa488-19eb-42ef-a91e-ee6d690e2562-groupManagement] INFO  server.RaftServerConfigKeys (ConfUtils.java:logGet(46)) - raft.server.rpc.timeout.max = 5200ms (custom)
2025-05-12 14:03:24,280 [cfefa488-19eb-42ef-a91e-ee6d690e2562-groupManagement] INFO  server.RaftServerConfigKeys (ConfUtils.java:logGet(46)) - raft.server.rpc.sleep.time = 25ms (default)
2025-05-12 14:03:24,280 [cfefa488-19eb-42ef-a91e-ee6d690e2562-groupManagement] INFO  server.RaftServerConfigKeys (ConfUtils.java:logGet(46)) - raft.server.rpc.slowness.timeout = 300s (custom)
2025-05-12 14:03:24,280 [cfefa488-19eb-42ef-a91e-ee6d690e2562-groupManagement] INFO  server.RaftServerConfigKeys (ConfUtils.java:logGet(46)) - raft.server.leaderelection.leader.step-down.wait-time = 10s (default)
2025-05-12 14:03:24,280 [cfefa488-19eb-42ef-a91e-ee6d690e2562-groupManagement] INFO  server.RaftServerConfigKeys (ConfUtils.java:logGet(46)) - raft.server.leaderelection.member.majority-add = false (default)
2025-05-12 14:03:24,280 [cfefa488-19eb-42ef-a91e-ee6d690e2562-groupManagement] INFO  server.RaftServerConfigKeys (ConfUtils.java:logGet(46)) - raft.server.sleep.deviation.threshold = 300ms (default)
2025-05-12 14:03:24,280 [cfefa488-19eb-42ef-a91e-ee6d690e2562-groupManagement] INFO  server.RaftServer$Division (ServerState.java:<init>(114)) - cfefa488-19eb-42ef-a91e-ee6d690e2562@group-54B4B40431DD: ConfigurationManager, init=conf: {index: -1, cur=peers:[cfefa488-19eb-42ef-a91e-ee6d690e2562|127.0.0.1:15017]|listeners:[], old=null}, confs=<EMPTY_MAP>
2025-05-12 14:03:24,281 [cfefa488-19eb-42ef-a91e-ee6d690e2562-groupManagement] INFO  server.RaftServerConfigKeys (ConfUtils.java:logGet(46)) - raft.server.notification.no-leader.timeout = 300s (custom)
2025-05-12 14:03:24,281 [cfefa488-19eb-42ef-a91e-ee6d690e2562-groupManagement] INFO  server.RaftServerConfigKeys (ConfUtils.java:logGet(46)) - raft.server.read.timeout = 10s (default)
2025-05-12 14:03:24,281 [cfefa488-19eb-42ef-a91e-ee6d690e2562-groupManagement] INFO  server.RaftServerConfigKeys (ConfUtils.java:logGet(46)) - raft.server.retrycache.expirytime = 600000ms (custom)
2025-05-12 14:03:24,281 [cfefa488-19eb-42ef-a91e-ee6d690e2562-groupManagement] INFO  server.RaftServerConfigKeys (ConfUtils.java:logGet(46)) - raft.server.retrycache.statistics.expirytime = 100ms (default)
2025-05-12 14:03:24,281 [cfefa488-19eb-42ef-a91e-ee6d690e2562-groupManagement] INFO  server.RaftServerConfigKeys (ConfUtils.java:logGet(46)) - raft.server.read.option = DEFAULT (default)
2025-05-12 14:03:24,281 [cfefa488-19eb-42ef-a91e-ee6d690e2562-groupManagement] INFO  server.RaftServerConfigKeys (ConfUtils.java:logGet(46)) - raft.server.read.read-after-write-consistent.write-index-cache.expiry-time = 60s (default)
2025-05-12 14:03:24,289 [cfefa488-19eb-42ef-a91e-ee6d690e2562-groupManagement] INFO  server.RaftServerConfigKeys (ConfUtils.java:logGet(46)) - raft.server.rpc.request.timeout = 60s (custom)
2025-05-12 14:03:24,289 [cfefa488-19eb-42ef-a91e-ee6d690e2562-groupManagement] INFO  server.RaftServerConfigKeys (ConfUtils.java:logGet(46)) - raft.server.log.appender.install.snapshot.enabled = false (custom)
2025-05-12 14:03:24,289 [cfefa488-19eb-42ef-a91e-ee6d690e2562-groupManagement] INFO  server.RaftServerConfigKeys (ConfUtils.java:logGet(46)) - raft.server.threadpool.server.cached = true (default)
2025-05-12 14:03:24,289 [cfefa488-19eb-42ef-a91e-ee6d690e2562-groupManagement] INFO  server.RaftServerConfigKeys (ConfUtils.java:logGet(46)) - raft.server.threadpool.server.size = 0 (default)
2025-05-12 14:03:24,289 [cfefa488-19eb-42ef-a91e-ee6d690e2562-groupManagement] INFO  server.RaftServerConfigKeys (ConfUtils.java:logGet(46)) - raft.server.threadpool.client.cached = true (default)
2025-05-12 14:03:24,289 [cfefa488-19eb-42ef-a91e-ee6d690e2562-groupManagement] INFO  server.RaftServerConfigKeys (ConfUtils.java:logGet(46)) - raft.server.threadpool.client.size = 0 (default)
2025-05-12 14:03:24,289 [cfefa488-19eb-42ef-a91e-ee6d690e2562-groupManagement] INFO  server.RaftServerConfigKeys (ConfUtils.java:logGet(46)) - raft.server.storage.free-space.min = 0MB (=0) (default)
2025-05-12 14:03:24,289 [cfefa488-19eb-42ef-a91e-ee6d690e2562-groupManagement] INFO  server.RaftServerConfigKeys (ConfUtils.java:logGet(46)) - raft.server.log.corruption.policy = EXCEPTION (default)
2025-05-12 14:03:24,289 [cfefa488-19eb-42ef-a91e-ee6d690e2562-groupManagement] INFO  server.RaftServerConfigKeys (ConfUtils.java:logGet(46)) - raft.server.storage.dir = [/home/runner/work/ozone/ozone/hadoop-ozone/integration-test/target/test-dir/MiniOzoneClusterImpl-93228f78-d735-4ce6-971e-ca8f5c94dbdd/ozone-meta/datanode-1/ratis] (custom)
2025-05-12 14:03:24,290 [cfefa488-19eb-42ef-a91e-ee6d690e2562-groupManagement] INFO  storage.RaftStorageDirectory (RaftStorageDirectoryImpl.java:analyzeStorage(138)) - The storage directory /home/runner/work/ozone/ozone/hadoop-ozone/integration-test/target/test-dir/MiniOzoneClusterImpl-93228f78-d735-4ce6-971e-ca8f5c94dbdd/ozone-meta/datanode-1/ratis/7dc63e3f-e2d1-4633-aa40-54b4b40431dd does not exist. Creating ...
2025-05-12 14:03:24,291 [cfefa488-19eb-42ef-a91e-ee6d690e2562-groupManagement] INFO  storage.RaftStorageDirectory (RaftStorageDirectoryImpl.java:tryLock(229)) - Lock on /home/runner/work/ozone/ozone/hadoop-ozone/integration-test/target/test-dir/MiniOzoneClusterImpl-93228f78-d735-4ce6-971e-ca8f5c94dbdd/ozone-meta/datanode-1/ratis/7dc63e3f-e2d1-4633-aa40-54b4b40431dd/in_use.lock acquired by nodename 118448@pkrvmberfyhpb9w
2025-05-12 14:03:24,293 [cfefa488-19eb-42ef-a91e-ee6d690e2562-groupManagement] INFO  storage.RaftStorage (RaftStorageImpl.java:format(98)) - Storage directory /home/runner/work/ozone/ozone/hadoop-ozone/integration-test/target/test-dir/MiniOzoneClusterImpl-93228f78-d735-4ce6-971e-ca8f5c94dbdd/ozone-meta/datanode-1/ratis/7dc63e3f-e2d1-4633-aa40-54b4b40431dd has been successfully formatted.
2025-05-12 14:03:24,296 [cfefa488-19eb-42ef-a91e-ee6d690e2562-groupManagement] INFO  ratis.ContainerStateMachine (ContainerStateMachine.java:initialize(339)) - cfefa488-19eb-42ef-a91e-ee6d690e2562: initialize group-54B4B40431DD
2025-05-12 14:03:24,296 [cfefa488-19eb-42ef-a91e-ee6d690e2562-groupManagement] INFO  ratis.ContainerStateMachine (ContainerStateMachine.java:loadSnapshot(347)) - group-54B4B40431DD: The snapshot info is null. Setting the last applied index to:(t:0, i:~)
2025-05-12 14:03:24,296 [cfefa488-19eb-42ef-a91e-ee6d690e2562-groupManagement] INFO  server.RaftServerConfigKeys (ConfUtils.java:logGet(46)) - raft.server.log.use.memory = false (default)
2025-05-12 14:03:24,296 [cfefa488-19eb-42ef-a91e-ee6d690e2562-groupManagement] INFO  server.RaftServerConfigKeys (ConfUtils.java:logGet(46)) - raft.server.log.purge.gap = 1000000 (custom)
2025-05-12 14:03:24,296 [cfefa488-19eb-42ef-a91e-ee6d690e2562-groupManagement] INFO  server.RaftServerConfigKeys (ConfUtils.java:logGet(46)) - raft.server.log.appender.buffer.byte-limit = 33554432 (custom)
2025-05-12 14:03:24,297 [cfefa488-19eb-42ef-a91e-ee6d690e2562-groupManagement] INFO  server.RaftServerConfigKeys (ConfUtils.java:logGet(46)) - raft.server.log.statemachine.data.read.timeout = 1000ms (default)
2025-05-12 14:03:24,297 [cfefa488-19eb-42ef-a91e-ee6d690e2562-groupManagement] INFO  server.RaftServerConfigKeys (ConfUtils.java:logGet(46)) - raft.server.log.purge.preservation.log.num = 0 (default)
2025-05-12 14:03:24,300 [cfefa488-19eb-42ef-a91e-ee6d690e2562-groupManagement] INFO  server.RaftServerConfigKeys (ConfUtils.java:logGet(46)) - raft.server.log.segment.size.max = 67108864 (custom)
2025-05-12 14:03:24,301 [cfefa488-19eb-42ef-a91e-ee6d690e2562-groupManagement] INFO  server.RaftServerConfigKeys (ConfUtils.java:logGet(46)) - raft.server.log.segment.cache.num.max = 2 (custom)
2025-05-12 14:03:24,301 [cfefa488-19eb-42ef-a91e-ee6d690e2562-groupManagement] INFO  server.RaftServerConfigKeys (ConfUtils.java:logGet(46)) - raft.server.log.segment.cache.size.max = 200MB (=209715200) (default)
2025-05-12 14:03:24,301 [cfefa488-19eb-42ef-a91e-ee6d690e2562-groupManagement] INFO  server.RaftServerConfigKeys (ConfUtils.java:logGet(46)) - raft.server.log.appender.buffer.byte-limit = 33554432 (custom)
2025-05-12 14:03:24,301 [cfefa488-19eb-42ef-a91e-ee6d690e2562-groupManagement] INFO  util.AwaitToRun (AwaitToRun.java:start(81)) - Thread[#945,cfefa488-19eb-42ef-a91e-ee6d690e2562@group-54B4B40431DD-cacheEviction-AwaitToRun,5,main] started
2025-05-12 14:03:24,301 [cfefa488-19eb-42ef-a91e-ee6d690e2562-groupManagement] INFO  segmented.SegmentedRaftLogWorker (SegmentedRaftLogWorker.java:<init>(188)) - new cfefa488-19eb-42ef-a91e-ee6d690e2562@group-54B4B40431DD-SegmentedRaftLogWorker for RaftStorageImpl:Storage Directory /home/runner/work/ozone/ozone/hadoop-ozone/integration-test/target/test-dir/MiniOzoneClusterImpl-93228f78-d735-4ce6-971e-ca8f5c94dbdd/ozone-meta/datanode-1/ratis/7dc63e3f-e2d1-4633-aa40-54b4b40431dd
2025-05-12 14:03:24,301 [cfefa488-19eb-42ef-a91e-ee6d690e2562-groupManagement] INFO  server.RaftServerConfigKeys (ConfUtils.java:logGet(46)) - raft.server.log.queue.byte-limit = 4294967296 (custom)
2025-05-12 14:03:24,301 [cfefa488-19eb-42ef-a91e-ee6d690e2562-groupManagement] INFO  server.RaftServerConfigKeys (ConfUtils.java:logGet(46)) - raft.server.log.queue.element-limit = 1024 (custom)
2025-05-12 14:03:24,301 [cfefa488-19eb-42ef-a91e-ee6d690e2562-groupManagement] INFO  server.RaftServerConfigKeys (ConfUtils.java:logGet(46)) - raft.server.log.segment.size.max = 67108864 (custom)
2025-05-12 14:03:24,302 [cfefa488-19eb-42ef-a91e-ee6d690e2562-groupManagement] INFO  server.RaftServerConfigKeys (ConfUtils.java:logGet(46)) - raft.server.log.preallocated.size = 4194304 (custom)
2025-05-12 14:03:24,302 [cfefa488-19eb-42ef-a91e-ee6d690e2562-groupManagement] INFO  server.RaftServerConfigKeys (ConfUtils.java:logGet(46)) - raft.server.log.force.sync.num = 128 (default)
2025-05-12 14:03:24,302 [cfefa488-19eb-42ef-a91e-ee6d690e2562-groupManagement] INFO  server.RaftServerConfigKeys (ConfUtils.java:logGet(46)) - raft.server.log.statemachine.data.sync = true (default)
2025-05-12 14:03:24,302 [cfefa488-19eb-42ef-a91e-ee6d690e2562-groupManagement] INFO  server.RaftServerConfigKeys (ConfUtils.java:logGet(46)) - raft.server.log.statemachine.data.sync.timeout = 10s (default)
2025-05-12 14:03:24,302 [cfefa488-19eb-42ef-a91e-ee6d690e2562-groupManagement] INFO  server.RaftServerConfigKeys (ConfUtils.java:logGet(46)) - raft.server.log.statemachine.data.sync.timeout.retry = 30 (custom)
2025-05-12 14:03:24,302 [cfefa488-19eb-42ef-a91e-ee6d690e2562-groupManagement] INFO  server.RaftServerConfigKeys (ConfUtils.java:logGet(46)) - raft.server.log.write.buffer.size = 33554440 (custom)
2025-05-12 14:03:24,307 [cfefa488-19eb-42ef-a91e-ee6d690e2562-groupManagement] INFO  server.RaftServerConfigKeys (ConfUtils.java:logGet(46)) - raft.server.log.appender.buffer.byte-limit = 33554432 (custom)
2025-05-12 14:03:24,308 [cfefa488-19eb-42ef-a91e-ee6d690e2562-groupManagement] INFO  server.RaftServerConfigKeys (ConfUtils.java:logGet(46)) - raft.server.log.unsafe-flush.enabled = false (default)
2025-05-12 14:03:24,308 [cfefa488-19eb-42ef-a91e-ee6d690e2562-groupManagement] INFO  server.RaftServerConfigKeys (ConfUtils.java:logGet(46)) - raft.server.log.async-flush.enabled = false (default)
2025-05-12 14:03:24,308 [cfefa488-19eb-42ef-a91e-ee6d690e2562-groupManagement] INFO  server.RaftServerConfigKeys (ConfUtils.java:logGet(46)) - raft.server.log.statemachine.data.caching.enabled = true (custom)
2025-05-12 14:03:24,308 [cfefa488-19eb-42ef-a91e-ee6d690e2562-groupManagement] INFO  segmented.SegmentedRaftLogWorker (SegmentedRaftLogWorker.java:lambda$new$0(139)) - cfefa488-19eb-42ef-a91e-ee6d690e2562@group-54B4B40431DD-SegmentedRaftLogWorker: flushIndex: setUnconditionally 0 -> -1
2025-05-12 14:03:24,308 [cfefa488-19eb-42ef-a91e-ee6d690e2562-groupManagement] INFO  segmented.SegmentedRaftLogWorker (SegmentedRaftLogWorker.java:lambda$new$0(139)) - cfefa488-19eb-42ef-a91e-ee6d690e2562@group-54B4B40431DD-SegmentedRaftLogWorker: safeCacheEvictIndex: setUnconditionally 0 -> -1
2025-05-12 14:03:24,308 [Recon-EventQueue-PipelineReportForReconPipelineReportHandler] INFO  scm.ReconPipelineReportHandler (ReconPipelineReportHandler.java:processPipelineReport(66)) - Unknown pipeline PipelineID=7dc63e3f-e2d1-4633-aa40-54b4b40431dd. Trying to get from SCM.
2025-05-12 14:03:24,308 [EventQueue-PipelineReportForOneReplicaPipelineSafeModeRule] INFO  safemode.SCMSafeModeManager (SCMSafeModeManager.java:validateSafeModeExitRules(140)) - AtleastOneDatanodeReportedRule rule is successfully validated
2025-05-12 14:03:24,309 [cfefa488-19eb-42ef-a91e-ee6d690e2562-groupManagement] INFO  server.RaftServer$Division (RaftServerImpl.java:start(391)) - cfefa488-19eb-42ef-a91e-ee6d690e2562@group-54B4B40431DD: start as a follower, conf=conf: {index: -1, cur=peers:[cfefa488-19eb-42ef-a91e-ee6d690e2562|127.0.0.1:15017]|listeners:[], old=null}
2025-05-12 14:03:24,309 [cfefa488-19eb-42ef-a91e-ee6d690e2562-groupManagement] INFO  server.RaftServer$Division (RaftServerImpl.java:setRole(378)) - cfefa488-19eb-42ef-a91e-ee6d690e2562@group-54B4B40431DD: changes role from      null to FOLLOWER at term 0 for startAsFollower
2025-05-12 14:03:24,309 [cfefa488-19eb-42ef-a91e-ee6d690e2562-groupManagement] INFO  impl.RoleInfo (RoleInfo.java:updateAndGet(148)) - cfefa488-19eb-42ef-a91e-ee6d690e2562: start cfefa488-19eb-42ef-a91e-ee6d690e2562@group-54B4B40431DD-FollowerState
2025-05-12 14:03:24,310 [cfefa488-19eb-42ef-a91e-ee6d690e2562@group-54B4B40431DD-FollowerState] INFO  server.RaftServerConfigKeys (ConfUtils.java:logGet(46)) - raft.server.rpc.first-election.timeout.min = 1000ms (custom)
2025-05-12 14:03:24,310 [cfefa488-19eb-42ef-a91e-ee6d690e2562@group-54B4B40431DD-FollowerState] INFO  server.RaftServerConfigKeys (ConfUtils.java:logGet(46)) - raft.server.rpc.first-election.timeout.max = 1200ms (custom)
2025-05-12 14:03:24,310 [cfefa488-19eb-42ef-a91e-ee6d690e2562-groupManagement] INFO  util.JmxRegister (JmxRegister.java:tryRegister(44)) - Successfully registered JMX Bean with object name Ratis:service=RaftServer,group=group-54B4B40431DD,id=cfefa488-19eb-42ef-a91e-ee6d690e2562
2025-05-12 14:03:24,310 [cfefa488-19eb-42ef-a91e-ee6d690e2562-groupManagement] INFO  util.JmxRegister (JmxRegister.java:register(58)) - register mxBean class org.apache.ratis.server.impl.RaftServerJmxAdapter as Ratis:service=RaftServer,group=group-54B4B40431DD,id=cfefa488-19eb-42ef-a91e-ee6d690e2562
2025-05-12 14:03:24,310 [cfefa488-19eb-42ef-a91e-ee6d690e2562-groupManagement] INFO  server.RaftServerConfigKeys (ConfUtils.java:logGet(46)) - raft.server.snapshot.trigger-when-stop.enabled = true (default)
2025-05-12 14:03:24,310 [cfefa488-19eb-42ef-a91e-ee6d690e2562-groupManagement] INFO  server.RaftServerConfigKeys (ConfUtils.java:logGet(46)) - raft.server.snapshot.trigger-when-remove.enabled = true (default)
2025-05-12 14:03:24,310 [cfefa488-19eb-42ef-a91e-ee6d690e2562-groupManagement] INFO  server.RaftServerConfigKeys (ConfUtils.java:logGet(46)) - raft.server.snapshot.auto.trigger.enabled = true (custom)
2025-05-12 14:03:24,311 [cfefa488-19eb-42ef-a91e-ee6d690e2562-groupManagement] INFO  server.RaftServerConfigKeys (ConfUtils.java:logGet(46)) - raft.server.snapshot.auto.trigger.threshold = 100000 (custom)
2025-05-12 14:03:24,311 [cfefa488-19eb-42ef-a91e-ee6d690e2562-groupManagement] INFO  server.RaftServerConfigKeys (ConfUtils.java:logGet(46)) - raft.server.snapshot.retention.file.num = 5 (custom)
2025-05-12 14:03:24,311 [cfefa488-19eb-42ef-a91e-ee6d690e2562-groupManagement] INFO  server.RaftServerConfigKeys (ConfUtils.java:logGet(46)) - raft.server.log.purge.upto.snapshot.index = false (default)
2025-05-12 14:03:24,312 [cfefa488-19eb-42ef-a91e-ee6d690e2562-groupManagement] INFO  server.RaftServer$Division (RaftServerImpl.java:start(405)) - cfefa488-19eb-42ef-a91e-ee6d690e2562@group-54B4B40431DD: Successfully started.
2025-05-12 14:03:24,313 [cfefa488-19eb-42ef-a91e-ee6d690e2562-PipelineCommandHandlerThread-0] INFO  ratis.XceiverServerRatis (XceiverServerRatis.java:addGroup(843)) - Created group PipelineID=7dc63e3f-e2d1-4633-aa40-54b4b40431dd
2025-05-12 14:03:24,313 [cfefa488-19eb-42ef-a91e-ee6d690e2562-PipelineCommandHandlerThread-0] INFO  commandhandler.CreatePipelineCommandHandler (CreatePipelineCommandHandler.java:lambda$handle$2(128)) - Created Pipeline RATIS ONE PipelineID=7dc63e3f-e2d1-4633-aa40-54b4b40431dd.
2025-05-12 14:03:24,314 [cfefa488-19eb-42ef-a91e-ee6d690e2562-PipelineCommandHandlerThread-0] INFO  server.RaftServer (RaftServerProxy.java:addNew(100)) - cfefa488-19eb-42ef-a91e-ee6d690e2562: addNew group-5315E3F7DC37:[16988a43-54c6-4d79-b4f6-1d89459795e1|127.0.0.1:15033, a2b8b82a-e2f6-4a14-97b3-6459b5b9a67e|127.0.0.1:15025, cfefa488-19eb-42ef-a91e-ee6d690e2562|127.0.0.1:15017] returns group-5315E3F7DC37:java.util.concurrent.CompletableFuture@22f24718[Not completed]
2025-05-12 14:03:24,316 [5339c1d4-2d68-4465-95a3-e4cab06d092d@group-CA8F5C94DBDD-StateMachineUpdater] INFO  safemode.SCMSafeModeManager (SCMSafeModeManager.java:validateSafeModeExitRules(140)) - DataNodeSafeModeRule rule is successfully validated
2025-05-12 14:03:24,316 [cfefa488-19eb-42ef-a91e-ee6d690e2562-groupManagement] INFO  server.RaftServer$Division (RaftServerImpl.java:<init>(255)) - cfefa488-19eb-42ef-a91e-ee6d690e2562: new RaftServerImpl for group-5315E3F7DC37:[16988a43-54c6-4d79-b4f6-1d89459795e1|127.0.0.1:15033, a2b8b82a-e2f6-4a14-97b3-6459b5b9a67e|127.0.0.1:15025, cfefa488-19eb-42ef-a91e-ee6d690e2562|127.0.0.1:15017] with ContainerStateMachine:uninitialized
2025-05-12 14:03:24,316 [cfefa488-19eb-42ef-a91e-ee6d690e2562-groupManagement] INFO  server.RaftServerConfigKeys (ConfUtils.java:logGet(46)) - raft.server.rpc.timeout.min = 5s (custom)
2025-05-12 14:03:24,316 [cfefa488-19eb-42ef-a91e-ee6d690e2562-groupManagement] INFO  server.RaftServerConfigKeys (ConfUtils.java:logGet(46)) - raft.server.rpc.timeout.max = 5200ms (custom)
2025-05-12 14:03:24,316 [cfefa488-19eb-42ef-a91e-ee6d690e2562-groupManagement] INFO  server.RaftServerConfigKeys (ConfUtils.java:logGet(46)) - raft.server.rpc.sleep.time = 25ms (default)
2025-05-12 14:03:24,316 [cfefa488-19eb-42ef-a91e-ee6d690e2562-groupManagement] INFO  server.RaftServerConfigKeys (ConfUtils.java:logGet(46)) - raft.server.rpc.slowness.timeout = 300s (custom)
2025-05-12 14:03:24,316 [cfefa488-19eb-42ef-a91e-ee6d690e2562-groupManagement] INFO  server.RaftServerConfigKeys (ConfUtils.java:logGet(46)) - raft.server.leaderelection.leader.step-down.wait-time = 10s (default)
2025-05-12 14:03:24,317 [cfefa488-19eb-42ef-a91e-ee6d690e2562-groupManagement] INFO  server.RaftServerConfigKeys (ConfUtils.java:logGet(46)) - raft.server.leaderelection.member.majority-add = false (default)
2025-05-12 14:03:24,317 [cfefa488-19eb-42ef-a91e-ee6d690e2562-groupManagement] INFO  server.RaftServerConfigKeys (ConfUtils.java:logGet(46)) - raft.server.sleep.deviation.threshold = 300ms (default)
2025-05-12 14:03:24,317 [cfefa488-19eb-42ef-a91e-ee6d690e2562-groupManagement] INFO  server.RaftServer$Division (ServerState.java:<init>(114)) - cfefa488-19eb-42ef-a91e-ee6d690e2562@group-5315E3F7DC37: ConfigurationManager, init=conf: {index: -1, cur=peers:[16988a43-54c6-4d79-b4f6-1d89459795e1|127.0.0.1:15033, a2b8b82a-e2f6-4a14-97b3-6459b5b9a67e|127.0.0.1:15025, cfefa488-19eb-42ef-a91e-ee6d690e2562|127.0.0.1:15017]|listeners:[], old=null}, confs=<EMPTY_MAP>
2025-05-12 14:03:24,317 [cfefa488-19eb-42ef-a91e-ee6d690e2562-groupManagement] INFO  server.RaftServerConfigKeys (ConfUtils.java:logGet(46)) - raft.server.notification.no-leader.timeout = 300s (custom)
2025-05-12 14:03:24,317 [cfefa488-19eb-42ef-a91e-ee6d690e2562-groupManagement] INFO  server.RaftServerConfigKeys (ConfUtils.java:logGet(46)) - raft.server.read.timeout = 10s (default)
2025-05-12 14:03:24,317 [cfefa488-19eb-42ef-a91e-ee6d690e2562-groupManagement] INFO  server.RaftServerConfigKeys (ConfUtils.java:logGet(46)) - raft.server.retrycache.expirytime = 600000ms (custom)
2025-05-12 14:03:24,317 [cfefa488-19eb-42ef-a91e-ee6d690e2562-groupManagement] INFO  server.RaftServerConfigKeys (ConfUtils.java:logGet(46)) - raft.server.retrycache.statistics.expirytime = 100ms (default)
2025-05-12 14:03:24,317 [cfefa488-19eb-42ef-a91e-ee6d690e2562-groupManagement] INFO  server.RaftServerConfigKeys (ConfUtils.java:logGet(46)) - raft.server.read.option = DEFAULT (default)
2025-05-12 14:03:24,317 [cfefa488-19eb-42ef-a91e-ee6d690e2562-groupManagement] INFO  server.RaftServerConfigKeys (ConfUtils.java:logGet(46)) - raft.server.read.read-after-write-consistent.write-index-cache.expiry-time = 60s (default)
2025-05-12 14:03:24,316 [5339c1d4-2d68-4465-95a3-e4cab06d092d@group-CA8F5C94DBDD-StateMachineUpdater] INFO  safemode.SCMSafeModeManager (SCMSafeModeManager.java:validateSafeModeExitRules(140)) - RatisContainerSafeModeRule rule is successfully validated
2025-05-12 14:03:24,318 [5339c1d4-2d68-4465-95a3-e4cab06d092d@group-CA8F5C94DBDD-StateMachineUpdater] INFO  safemode.HealthyPipelineSafeModeRule (HealthyPipelineSafeModeRule.java:initializeRule(173)) - Refreshed total pipeline count is 0, healthy pipeline threshold count is 1
2025-05-12 14:03:24,318 [5339c1d4-2d68-4465-95a3-e4cab06d092d@group-CA8F5C94DBDD-StateMachineUpdater] INFO  safemode.SCMSafeModeManager (SCMSafeModeManager.java:validateSafeModeExitRules(140)) - ECContainerSafeModeRule rule is successfully validated
2025-05-12 14:03:24,318 [5339c1d4-2d68-4465-95a3-e4cab06d092d@group-CA8F5C94DBDD-StateMachineUpdater] INFO  safemode.SCMSafeModeManager (SCMSafeModeManager.java:validateSafeModeExitRules(140)) - AtleastOneDatanodeReportedRule rule is successfully validated
2025-05-12 14:03:24,319 [EventQueue-PipelineReportForPipelineReportHandler] INFO  pipeline.PipelineReportHandler (PipelineReportHandler.java:processPipelineReport(134)) - Opened pipeline PipelineID=7dc63e3f-e2d1-4633-aa40-54b4b40431dd
2025-05-12 14:03:24,319 [Recon-EventQueue-PipelineReportForReconPipelineReportHandler] INFO  scm.ReconPipelineReportHandler (ReconPipelineReportHandler.java:processPipelineReport(85)) - Pipeline Pipeline{ Id: 7dc63e3f-e2d1-4633-aa40-54b4b40431dd, Nodes: [ {cfefa488-19eb-42ef-a91e-ee6d690e2562(localhost/127.0.0.1), ReplicaIndex: 0},], ReplicationConfig: RATIS/ONE, State:OPEN, leaderId:cfefa488-19eb-42ef-a91e-ee6d690e2562, CreationTimestamp2025-05-12T14:03:21.801Z[Etc/UTC]} verified from SCM and added to Recon pipeline metadata.
2025-05-12 14:03:24,320 [EventQueue-OpenPipelineForHealthyPipelineSafeModeRule] INFO  safemode.SCMSafeModeManager (HealthyPipelineSafeModeRule.java:process(141)) - SCM in safe mode. Healthy pipelines reported count is 0, required healthy pipeline reported count is 1
2025-05-12 14:03:24,325 [cfefa488-19eb-42ef-a91e-ee6d690e2562-groupManagement] INFO  server.RaftServerConfigKeys (ConfUtils.java:logGet(46)) - raft.server.rpc.request.timeout = 60s (custom)
2025-05-12 14:03:24,325 [cfefa488-19eb-42ef-a91e-ee6d690e2562-groupManagement] INFO  server.RaftServerConfigKeys (ConfUtils.java:logGet(46)) - raft.server.log.appender.install.snapshot.enabled = false (custom)
2025-05-12 14:03:24,325 [cfefa488-19eb-42ef-a91e-ee6d690e2562-groupManagement] INFO  server.RaftServerConfigKeys (ConfUtils.java:logGet(46)) - raft.server.threadpool.server.cached = true (default)
2025-05-12 14:03:24,325 [cfefa488-19eb-42ef-a91e-ee6d690e2562-groupManagement] INFO  server.RaftServerConfigKeys (ConfUtils.java:logGet(46)) - raft.server.threadpool.server.size = 0 (default)
2025-05-12 14:03:24,325 [cfefa488-19eb-42ef-a91e-ee6d690e2562-groupManagement] INFO  server.RaftServerConfigKeys (ConfUtils.java:logGet(46)) - raft.server.threadpool.client.cached = true (default)
2025-05-12 14:03:24,325 [cfefa488-19eb-42ef-a91e-ee6d690e2562-groupManagement] INFO  server.RaftServerConfigKeys (ConfUtils.java:logGet(46)) - raft.server.threadpool.client.size = 0 (default)
2025-05-12 14:03:24,325 [cfefa488-19eb-42ef-a91e-ee6d690e2562-groupManagement] INFO  server.RaftServerConfigKeys (ConfUtils.java:logGet(46)) - raft.server.storage.free-space.min = 0MB (=0) (default)
2025-05-12 14:03:24,325 [cfefa488-19eb-42ef-a91e-ee6d690e2562-groupManagement] INFO  server.RaftServerConfigKeys (ConfUtils.java:logGet(46)) - raft.server.log.corruption.policy = EXCEPTION (default)
2025-05-12 14:03:24,326 [cfefa488-19eb-42ef-a91e-ee6d690e2562-groupManagement] INFO  server.RaftServerConfigKeys (ConfUtils.java:logGet(46)) - raft.server.storage.dir = [/home/runner/work/ozone/ozone/hadoop-ozone/integration-test/target/test-dir/MiniOzoneClusterImpl-93228f78-d735-4ce6-971e-ca8f5c94dbdd/ozone-meta/datanode-1/ratis] (custom)
2025-05-12 14:03:24,326 [cfefa488-19eb-42ef-a91e-ee6d690e2562-groupManagement] INFO  storage.RaftStorageDirectory (RaftStorageDirectoryImpl.java:analyzeStorage(138)) - The storage directory /home/runner/work/ozone/ozone/hadoop-ozone/integration-test/target/test-dir/MiniOzoneClusterImpl-93228f78-d735-4ce6-971e-ca8f5c94dbdd/ozone-meta/datanode-1/ratis/82a40e4c-495c-4d18-a5f6-5315e3f7dc37 does not exist. Creating ...
2025-05-12 14:03:24,327 [cfefa488-19eb-42ef-a91e-ee6d690e2562-groupManagement] INFO  storage.RaftStorageDirectory (RaftStorageDirectoryImpl.java:tryLock(229)) - Lock on /home/runner/work/ozone/ozone/hadoop-ozone/integration-test/target/test-dir/MiniOzoneClusterImpl-93228f78-d735-4ce6-971e-ca8f5c94dbdd/ozone-meta/datanode-1/ratis/82a40e4c-495c-4d18-a5f6-5315e3f7dc37/in_use.lock acquired by nodename 118448@pkrvmberfyhpb9w
2025-05-12 14:03:24,328 [cfefa488-19eb-42ef-a91e-ee6d690e2562-groupManagement] INFO  storage.RaftStorage (RaftStorageImpl.java:format(98)) - Storage directory /home/runner/work/ozone/ozone/hadoop-ozone/integration-test/target/test-dir/MiniOzoneClusterImpl-93228f78-d735-4ce6-971e-ca8f5c94dbdd/ozone-meta/datanode-1/ratis/82a40e4c-495c-4d18-a5f6-5315e3f7dc37 has been successfully formatted.
2025-05-12 14:03:24,328 [cfefa488-19eb-42ef-a91e-ee6d690e2562-groupManagement] INFO  ratis.ContainerStateMachine (ContainerStateMachine.java:initialize(339)) - cfefa488-19eb-42ef-a91e-ee6d690e2562: initialize group-5315E3F7DC37
2025-05-12 14:03:24,328 [cfefa488-19eb-42ef-a91e-ee6d690e2562-groupManagement] INFO  ratis.ContainerStateMachine (ContainerStateMachine.java:loadSnapshot(347)) - group-5315E3F7DC37: The snapshot info is null. Setting the last applied index to:(t:0, i:~)
2025-05-12 14:03:24,328 [cfefa488-19eb-42ef-a91e-ee6d690e2562-groupManagement] INFO  server.RaftServerConfigKeys (ConfUtils.java:logGet(46)) - raft.server.log.use.memory = false (default)
2025-05-12 14:03:24,329 [cfefa488-19eb-42ef-a91e-ee6d690e2562-groupManagement] INFO  server.RaftServerConfigKeys (ConfUtils.java:logGet(46)) - raft.server.log.purge.gap = 1000000 (custom)
2025-05-12 14:03:24,329 [cfefa488-19eb-42ef-a91e-ee6d690e2562-groupManagement] INFO  server.RaftServerConfigKeys (ConfUtils.java:logGet(46)) - raft.server.log.appender.buffer.byte-limit = 33554432 (custom)
2025-05-12 14:03:24,329 [cfefa488-19eb-42ef-a91e-ee6d690e2562-groupManagement] INFO  server.RaftServerConfigKeys (ConfUtils.java:logGet(46)) - raft.server.log.statemachine.data.read.timeout = 1000ms (default)
2025-05-12 14:03:24,329 [cfefa488-19eb-42ef-a91e-ee6d690e2562-groupManagement] INFO  server.RaftServerConfigKeys (ConfUtils.java:logGet(46)) - raft.server.log.purge.preservation.log.num = 0 (default)
2025-05-12 14:03:24,331 [Recon-EventQueue-PipelineReportForReconPipelineReportHandler] INFO  scm.ReconPipelineReportHandler (ReconPipelineReportHandler.java:processPipelineReport(66)) - Unknown pipeline PipelineID=82a40e4c-495c-4d18-a5f6-5315e3f7dc37. Trying to get from SCM.
2025-05-12 14:03:24,331 [EventQueue-PipelineReportForOneReplicaPipelineSafeModeRule] INFO  safemode.SCMSafeModeManager (SCMSafeModeManager.java:validateSafeModeExitRules(140)) - AtleastOneDatanodeReportedRule rule is successfully validated
2025-05-12 14:03:24,331 [cfefa488-19eb-42ef-a91e-ee6d690e2562-groupManagement] INFO  server.RaftServerConfigKeys (ConfUtils.java:logGet(46)) - raft.server.log.segment.size.max = 67108864 (custom)
2025-05-12 14:03:24,331 [EventQueue-OpenPipelineForHealthyPipelineSafeModeRule] INFO  safemode.SCMSafeModeManager (HealthyPipelineSafeModeRule.java:process(141)) - SCM in safe mode. Healthy pipelines reported count is 0, required healthy pipeline reported count is 1
2025-05-12 14:03:24,332 [cfefa488-19eb-42ef-a91e-ee6d690e2562-groupManagement] INFO  server.RaftServerConfigKeys (ConfUtils.java:logGet(46)) - raft.server.log.segment.cache.num.max = 2 (custom)
2025-05-12 14:03:24,332 [cfefa488-19eb-42ef-a91e-ee6d690e2562-groupManagement] INFO  server.RaftServerConfigKeys (ConfUtils.java:logGet(46)) - raft.server.log.segment.cache.size.max = 200MB (=209715200) (default)
2025-05-12 14:03:24,332 [cfefa488-19eb-42ef-a91e-ee6d690e2562-groupManagement] INFO  server.RaftServerConfigKeys (ConfUtils.java:logGet(46)) - raft.server.log.appender.buffer.byte-limit = 33554432 (custom)
2025-05-12 14:03:24,332 [cfefa488-19eb-42ef-a91e-ee6d690e2562-groupManagement] INFO  util.AwaitToRun (AwaitToRun.java:start(81)) - Thread[#950,cfefa488-19eb-42ef-a91e-ee6d690e2562@group-5315E3F7DC37-cacheEviction-AwaitToRun,5,main] started
2025-05-12 14:03:24,332 [cfefa488-19eb-42ef-a91e-ee6d690e2562-groupManagement] INFO  segmented.SegmentedRaftLogWorker (SegmentedRaftLogWorker.java:<init>(188)) - new cfefa488-19eb-42ef-a91e-ee6d690e2562@group-5315E3F7DC37-SegmentedRaftLogWorker for RaftStorageImpl:Storage Directory /home/runner/work/ozone/ozone/hadoop-ozone/integration-test/target/test-dir/MiniOzoneClusterImpl-93228f78-d735-4ce6-971e-ca8f5c94dbdd/ozone-meta/datanode-1/ratis/82a40e4c-495c-4d18-a5f6-5315e3f7dc37
2025-05-12 14:03:24,332 [cfefa488-19eb-42ef-a91e-ee6d690e2562-groupManagement] INFO  server.RaftServerConfigKeys (ConfUtils.java:logGet(46)) - raft.server.log.queue.byte-limit = 4294967296 (custom)
2025-05-12 14:03:24,333 [cfefa488-19eb-42ef-a91e-ee6d690e2562-groupManagement] INFO  server.RaftServerConfigKeys (ConfUtils.java:logGet(46)) - raft.server.log.queue.element-limit = 1024 (custom)
2025-05-12 14:03:24,333 [cfefa488-19eb-42ef-a91e-ee6d690e2562-groupManagement] INFO  server.RaftServerConfigKeys (ConfUtils.java:logGet(46)) - raft.server.log.segment.size.max = 67108864 (custom)
2025-05-12 14:03:24,333 [cfefa488-19eb-42ef-a91e-ee6d690e2562-groupManagement] INFO  server.RaftServerConfigKeys (ConfUtils.java:logGet(46)) - raft.server.log.preallocated.size = 4194304 (custom)
2025-05-12 14:03:24,333 [cfefa488-19eb-42ef-a91e-ee6d690e2562-groupManagement] INFO  server.RaftServerConfigKeys (ConfUtils.java:logGet(46)) - raft.server.log.force.sync.num = 128 (default)
2025-05-12 14:03:24,333 [cfefa488-19eb-42ef-a91e-ee6d690e2562-groupManagement] INFO  server.RaftServerConfigKeys (ConfUtils.java:logGet(46)) - raft.server.log.statemachine.data.sync = true (default)
2025-05-12 14:03:24,333 [cfefa488-19eb-42ef-a91e-ee6d690e2562-groupManagement] INFO  server.RaftServerConfigKeys (ConfUtils.java:logGet(46)) - raft.server.log.statemachine.data.sync.timeout = 10s (default)
2025-05-12 14:03:24,333 [cfefa488-19eb-42ef-a91e-ee6d690e2562-groupManagement] INFO  server.RaftServerConfigKeys (ConfUtils.java:logGet(46)) - raft.server.log.statemachine.data.sync.timeout.retry = 30 (custom)
2025-05-12 14:03:24,335 [Recon-EventQueue-PipelineReportForReconPipelineReportHandler] INFO  scm.ReconPipelineReportHandler (ReconPipelineReportHandler.java:processPipelineReport(85)) - Pipeline Pipeline{ Id: 82a40e4c-495c-4d18-a5f6-5315e3f7dc37, Nodes: [ {a2b8b82a-e2f6-4a14-97b3-6459b5b9a67e(localhost/127.0.0.1), ReplicaIndex: 0}, {16988a43-54c6-4d79-b4f6-1d89459795e1(localhost/127.0.0.1), ReplicaIndex: 0}, {cfefa488-19eb-42ef-a91e-ee6d690e2562(localhost/127.0.0.1), ReplicaIndex: 0},], ReplicationConfig: RATIS/THREE, State:ALLOCATED, leaderId:, CreationTimestamp2025-05-12T14:03:22.225Z[Etc/UTC]} verified from SCM and added to Recon pipeline metadata.
2025-05-12 14:03:24,336 [Recon-EventQueue-PipelineReportForReconPipelineReportHandler] INFO  scm.ReconPipelineReportHandler (ReconPipelineReportHandler.java:processPipelineReport(102)) - Pipeline RATIS/THREE PipelineID=82a40e4c-495c-4d18-a5f6-5315e3f7dc37 reported by cfefa488-19eb-42ef-a91e-ee6d690e2562(localhost/127.0.0.1)
2025-05-12 14:03:24,336 [cfefa488-19eb-42ef-a91e-ee6d690e2562-groupManagement] INFO  server.RaftServerConfigKeys (ConfUtils.java:logGet(46)) - raft.server.log.write.buffer.size = 33554440 (custom)
2025-05-12 14:03:24,341 [cfefa488-19eb-42ef-a91e-ee6d690e2562-groupManagement] INFO  server.RaftServerConfigKeys (ConfUtils.java:logGet(46)) - raft.server.log.appender.buffer.byte-limit = 33554432 (custom)
2025-05-12 14:03:24,341 [cfefa488-19eb-42ef-a91e-ee6d690e2562-groupManagement] INFO  server.RaftServerConfigKeys (ConfUtils.java:logGet(46)) - raft.server.log.unsafe-flush.enabled = false (default)
2025-05-12 14:03:24,341 [cfefa488-19eb-42ef-a91e-ee6d690e2562-groupManagement] INFO  server.RaftServerConfigKeys (ConfUtils.java:logGet(46)) - raft.server.log.async-flush.enabled = false (default)
2025-05-12 14:03:24,341 [cfefa488-19eb-42ef-a91e-ee6d690e2562-groupManagement] INFO  server.RaftServerConfigKeys (ConfUtils.java:logGet(46)) - raft.server.log.statemachine.data.caching.enabled = true (custom)
2025-05-12 14:03:24,342 [cfefa488-19eb-42ef-a91e-ee6d690e2562-groupManagement] INFO  segmented.SegmentedRaftLogWorker (SegmentedRaftLogWorker.java:lambda$new$0(139)) - cfefa488-19eb-42ef-a91e-ee6d690e2562@group-5315E3F7DC37-SegmentedRaftLogWorker: flushIndex: setUnconditionally 0 -> -1
2025-05-12 14:03:24,342 [cfefa488-19eb-42ef-a91e-ee6d690e2562-groupManagement] INFO  segmented.SegmentedRaftLogWorker (SegmentedRaftLogWorker.java:lambda$new$0(139)) - cfefa488-19eb-42ef-a91e-ee6d690e2562@group-5315E3F7DC37-SegmentedRaftLogWorker: safeCacheEvictIndex: setUnconditionally 0 -> -1
2025-05-12 14:03:24,342 [cfefa488-19eb-42ef-a91e-ee6d690e2562-groupManagement] INFO  server.RaftServer$Division (RaftServerImpl.java:start(391)) - cfefa488-19eb-42ef-a91e-ee6d690e2562@group-5315E3F7DC37: start as a follower, conf=conf: {index: -1, cur=peers:[16988a43-54c6-4d79-b4f6-1d89459795e1|127.0.0.1:15033, a2b8b82a-e2f6-4a14-97b3-6459b5b9a67e|127.0.0.1:15025, cfefa488-19eb-42ef-a91e-ee6d690e2562|127.0.0.1:15017]|listeners:[], old=null}
2025-05-12 14:03:24,342 [cfefa488-19eb-42ef-a91e-ee6d690e2562-groupManagement] INFO  server.RaftServer$Division (RaftServerImpl.java:setRole(378)) - cfefa488-19eb-42ef-a91e-ee6d690e2562@group-5315E3F7DC37: changes role from      null to FOLLOWER at term 0 for startAsFollower
2025-05-12 14:03:24,342 [cfefa488-19eb-42ef-a91e-ee6d690e2562-groupManagement] INFO  impl.RoleInfo (RoleInfo.java:updateAndGet(148)) - cfefa488-19eb-42ef-a91e-ee6d690e2562: start cfefa488-19eb-42ef-a91e-ee6d690e2562@group-5315E3F7DC37-FollowerState
2025-05-12 14:03:24,343 [cfefa488-19eb-42ef-a91e-ee6d690e2562@group-5315E3F7DC37-FollowerState] INFO  server.RaftServerConfigKeys (ConfUtils.java:logGet(46)) - raft.server.rpc.first-election.timeout.min = 1000ms (custom)
2025-05-12 14:03:24,343 [cfefa488-19eb-42ef-a91e-ee6d690e2562@group-5315E3F7DC37-FollowerState] INFO  server.RaftServerConfigKeys (ConfUtils.java:logGet(46)) - raft.server.rpc.first-election.timeout.max = 1200ms (custom)
2025-05-12 14:03:24,343 [cfefa488-19eb-42ef-a91e-ee6d690e2562-groupManagement] INFO  util.JmxRegister (JmxRegister.java:tryRegister(44)) - Successfully registered JMX Bean with object name Ratis:service=RaftServer,group=group-5315E3F7DC37,id=cfefa488-19eb-42ef-a91e-ee6d690e2562
2025-05-12 14:03:24,343 [cfefa488-19eb-42ef-a91e-ee6d690e2562-groupManagement] INFO  util.JmxRegister (JmxRegister.java:register(58)) - register mxBean class org.apache.ratis.server.impl.RaftServerJmxAdapter as Ratis:service=RaftServer,group=group-5315E3F7DC37,id=cfefa488-19eb-42ef-a91e-ee6d690e2562
2025-05-12 14:03:24,343 [cfefa488-19eb-42ef-a91e-ee6d690e2562-groupManagement] INFO  server.RaftServerConfigKeys (ConfUtils.java:logGet(46)) - raft.server.snapshot.trigger-when-stop.enabled = true (default)
2025-05-12 14:03:24,343 [cfefa488-19eb-42ef-a91e-ee6d690e2562-groupManagement] INFO  server.RaftServerConfigKeys (ConfUtils.java:logGet(46)) - raft.server.snapshot.trigger-when-remove.enabled = true (default)
2025-05-12 14:03:24,343 [cfefa488-19eb-42ef-a91e-ee6d690e2562-groupManagement] INFO  server.RaftServerConfigKeys (ConfUtils.java:logGet(46)) - raft.server.snapshot.auto.trigger.enabled = true (custom)
2025-05-12 14:03:24,344 [cfefa488-19eb-42ef-a91e-ee6d690e2562-groupManagement] INFO  server.RaftServerConfigKeys (ConfUtils.java:logGet(46)) - raft.server.snapshot.auto.trigger.threshold = 100000 (custom)
2025-05-12 14:03:24,344 [cfefa488-19eb-42ef-a91e-ee6d690e2562-groupManagement] INFO  server.RaftServerConfigKeys (ConfUtils.java:logGet(46)) - raft.server.snapshot.retention.file.num = 5 (custom)
2025-05-12 14:03:24,344 [cfefa488-19eb-42ef-a91e-ee6d690e2562-groupManagement] INFO  server.RaftServerConfigKeys (ConfUtils.java:logGet(46)) - raft.server.log.purge.upto.snapshot.index = false (default)
2025-05-12 14:03:24,345 [cfefa488-19eb-42ef-a91e-ee6d690e2562-groupManagement] INFO  server.RaftServer$Division (RaftServerImpl.java:start(405)) - cfefa488-19eb-42ef-a91e-ee6d690e2562@group-5315E3F7DC37: Successfully started.
2025-05-12 14:03:24,345 [cfefa488-19eb-42ef-a91e-ee6d690e2562-PipelineCommandHandlerThread-0] INFO  ratis.XceiverServerRatis (XceiverServerRatis.java:addGroup(843)) - Created group PipelineID=82a40e4c-495c-4d18-a5f6-5315e3f7dc37
2025-05-12 14:03:24,464 [main] INFO  ozone.MiniOzoneClusterImpl (MiniOzoneClusterImpl.java:lambda$waitForClusterToBeReady$0(191)) - Nodes are ready. Got 4 of 4 DN Heartbeats.
2025-05-12 14:03:24,464 [main] INFO  ozone.MiniOzoneClusterImpl (MiniOzoneClusterImpl.java:lambda$waitForClusterToBeReady$0(194)) - Waiting for cluster to exit safe mode
2025-05-12 14:03:24,464 [main] INFO  ozone.MiniOzoneClusterImpl (MiniOzoneClusterImpl.java:lambda$waitForClusterToBeReady$0(196)) - SCM became leader
2025-05-12 14:03:24,485 [a2b8b82a-e2f6-4a14-97b3-6459b5b9a67e-PipelineCommandHandlerThread-0] INFO  server.RaftServer (RaftServerProxy.java:addNew(100)) - a2b8b82a-e2f6-4a14-97b3-6459b5b9a67e: addNew group-AC9569F6DAA3:[a2b8b82a-e2f6-4a14-97b3-6459b5b9a67e|127.0.0.1:15025] returns group-AC9569F6DAA3:java.util.concurrent.CompletableFuture@6bf0d9aa[Not completed]
2025-05-12 14:03:24,488 [a2b8b82a-e2f6-4a14-97b3-6459b5b9a67e-groupManagement] INFO  server.RaftServer$Division (RaftServerImpl.java:<init>(255)) - a2b8b82a-e2f6-4a14-97b3-6459b5b9a67e: new RaftServerImpl for group-AC9569F6DAA3:[a2b8b82a-e2f6-4a14-97b3-6459b5b9a67e|127.0.0.1:15025] with ContainerStateMachine:uninitialized
2025-05-12 14:03:24,488 [a2b8b82a-e2f6-4a14-97b3-6459b5b9a67e-groupManagement] INFO  server.RaftServerConfigKeys (ConfUtils.java:logGet(46)) - raft.server.rpc.timeout.min = 5s (custom)
2025-05-12 14:03:24,488 [a2b8b82a-e2f6-4a14-97b3-6459b5b9a67e-groupManagement] INFO  server.RaftServerConfigKeys (ConfUtils.java:logGet(46)) - raft.server.rpc.timeout.max = 5200ms (custom)
2025-05-12 14:03:24,488 [a2b8b82a-e2f6-4a14-97b3-6459b5b9a67e-groupManagement] INFO  server.RaftServerConfigKeys (ConfUtils.java:logGet(46)) - raft.server.rpc.sleep.time = 25ms (default)
2025-05-12 14:03:24,488 [a2b8b82a-e2f6-4a14-97b3-6459b5b9a67e-groupManagement] INFO  server.RaftServerConfigKeys (ConfUtils.java:logGet(46)) - raft.server.rpc.slowness.timeout = 300s (custom)
2025-05-12 14:03:24,488 [a2b8b82a-e2f6-4a14-97b3-6459b5b9a67e-groupManagement] INFO  server.RaftServerConfigKeys (ConfUtils.java:logGet(46)) - raft.server.leaderelection.leader.step-down.wait-time = 10s (default)
2025-05-12 14:03:24,488 [a2b8b82a-e2f6-4a14-97b3-6459b5b9a67e-groupManagement] INFO  server.RaftServerConfigKeys (ConfUtils.java:logGet(46)) - raft.server.leaderelection.member.majority-add = false (default)
2025-05-12 14:03:24,488 [a2b8b82a-e2f6-4a14-97b3-6459b5b9a67e-groupManagement] INFO  server.RaftServerConfigKeys (ConfUtils.java:logGet(46)) - raft.server.sleep.deviation.threshold = 300ms (default)
2025-05-12 14:03:24,488 [a2b8b82a-e2f6-4a14-97b3-6459b5b9a67e-groupManagement] INFO  server.RaftServer$Division (ServerState.java:<init>(114)) - a2b8b82a-e2f6-4a14-97b3-6459b5b9a67e@group-AC9569F6DAA3: ConfigurationManager, init=conf: {index: -1, cur=peers:[a2b8b82a-e2f6-4a14-97b3-6459b5b9a67e|127.0.0.1:15025]|listeners:[], old=null}, confs=<EMPTY_MAP>
2025-05-12 14:03:24,488 [a2b8b82a-e2f6-4a14-97b3-6459b5b9a67e-groupManagement] INFO  server.RaftServerConfigKeys (ConfUtils.java:logGet(46)) - raft.server.notification.no-leader.timeout = 300s (custom)
2025-05-12 14:03:24,488 [a2b8b82a-e2f6-4a14-97b3-6459b5b9a67e-groupManagement] INFO  server.RaftServerConfigKeys (ConfUtils.java:logGet(46)) - raft.server.read.timeout = 10s (default)
2025-05-12 14:03:24,489 [a2b8b82a-e2f6-4a14-97b3-6459b5b9a67e-groupManagement] INFO  server.RaftServerConfigKeys (ConfUtils.java:logGet(46)) - raft.server.retrycache.expirytime = 600000ms (custom)
2025-05-12 14:03:24,489 [a2b8b82a-e2f6-4a14-97b3-6459b5b9a67e-groupManagement] INFO  server.RaftServerConfigKeys (ConfUtils.java:logGet(46)) - raft.server.retrycache.statistics.expirytime = 100ms (default)
2025-05-12 14:03:24,489 [a2b8b82a-e2f6-4a14-97b3-6459b5b9a67e-groupManagement] INFO  server.RaftServerConfigKeys (ConfUtils.java:logGet(46)) - raft.server.read.option = DEFAULT (default)
2025-05-12 14:03:24,489 [a2b8b82a-e2f6-4a14-97b3-6459b5b9a67e-groupManagement] INFO  server.RaftServerConfigKeys (ConfUtils.java:logGet(46)) - raft.server.read.read-after-write-consistent.write-index-cache.expiry-time = 60s (default)
2025-05-12 14:03:24,492 [IPC Server handler 1 on default port 15011] INFO  scm.ReconNodeManager (ReconNodeManager.java:register(273)) - Updating nodeDB for localhost
2025-05-12 14:03:24,492 [IPC Server handler 1 on default port 15011] INFO  recon.ReconContext (ReconContext.java:updateHealthStatus(76)) - Update healthStatus of Recon from true to true.
2025-05-12 14:03:24,492 [Recon-EventQueue-PipelineReportForReconPipelineReportHandler] INFO  scm.ReconPipelineReportHandler (ReconPipelineReportHandler.java:processPipelineReport(66)) - Unknown pipeline PipelineID=000e57b3-5b63-4f2c-af1c-ac9569f6daa3. Trying to get from SCM.
2025-05-12 14:03:24,495 [Recon-EventQueue-PipelineReportForReconPipelineReportHandler] INFO  scm.ReconPipelineReportHandler (ReconPipelineReportHandler.java:processPipelineReport(85)) - Pipeline Pipeline{ Id: 000e57b3-5b63-4f2c-af1c-ac9569f6daa3, Nodes: [ {a2b8b82a-e2f6-4a14-97b3-6459b5b9a67e(localhost/127.0.0.1), ReplicaIndex: 0},], ReplicationConfig: RATIS/ONE, State:ALLOCATED, leaderId:, CreationTimestamp2025-05-12T14:03:21.988Z[Etc/UTC]} verified from SCM and added to Recon pipeline metadata.
2025-05-12 14:03:24,495 [Recon-EventQueue-PipelineReportForReconPipelineReportHandler] INFO  scm.ReconPipelineReportHandler (ReconPipelineReportHandler.java:processPipelineReport(102)) - Pipeline RATIS/ONE PipelineID=000e57b3-5b63-4f2c-af1c-ac9569f6daa3 reported by a2b8b82a-e2f6-4a14-97b3-6459b5b9a67e(localhost/127.0.0.1)
2025-05-12 14:03:24,496 [a2b8b82a-e2f6-4a14-97b3-6459b5b9a67e-groupManagement] INFO  server.RaftServerConfigKeys (ConfUtils.java:logGet(46)) - raft.server.rpc.request.timeout = 60s (custom)
2025-05-12 14:03:24,496 [a2b8b82a-e2f6-4a14-97b3-6459b5b9a67e-groupManagement] INFO  server.RaftServerConfigKeys (ConfUtils.java:logGet(46)) - raft.server.log.appender.install.snapshot.enabled = false (custom)
2025-05-12 14:03:24,496 [a2b8b82a-e2f6-4a14-97b3-6459b5b9a67e-groupManagement] INFO  server.RaftServerConfigKeys (ConfUtils.java:logGet(46)) - raft.server.threadpool.server.cached = true (default)
2025-05-12 14:03:24,496 [a2b8b82a-e2f6-4a14-97b3-6459b5b9a67e-groupManagement] INFO  server.RaftServerConfigKeys (ConfUtils.java:logGet(46)) - raft.server.threadpool.server.size = 0 (default)
2025-05-12 14:03:24,496 [a2b8b82a-e2f6-4a14-97b3-6459b5b9a67e-groupManagement] INFO  server.RaftServerConfigKeys (ConfUtils.java:logGet(46)) - raft.server.threadpool.client.cached = true (default)
2025-05-12 14:03:24,496 [a2b8b82a-e2f6-4a14-97b3-6459b5b9a67e-groupManagement] INFO  server.RaftServerConfigKeys (ConfUtils.java:logGet(46)) - raft.server.threadpool.client.size = 0 (default)
2025-05-12 14:03:24,496 [a2b8b82a-e2f6-4a14-97b3-6459b5b9a67e-groupManagement] INFO  server.RaftServerConfigKeys (ConfUtils.java:logGet(46)) - raft.server.storage.free-space.min = 0MB (=0) (default)
2025-05-12 14:03:24,496 [a2b8b82a-e2f6-4a14-97b3-6459b5b9a67e-groupManagement] INFO  server.RaftServerConfigKeys (ConfUtils.java:logGet(46)) - raft.server.log.corruption.policy = EXCEPTION (default)
2025-05-12 14:03:24,496 [a2b8b82a-e2f6-4a14-97b3-6459b5b9a67e-groupManagement] INFO  server.RaftServerConfigKeys (ConfUtils.java:logGet(46)) - raft.server.storage.dir = [/home/runner/work/ozone/ozone/hadoop-ozone/integration-test/target/test-dir/MiniOzoneClusterImpl-93228f78-d735-4ce6-971e-ca8f5c94dbdd/ozone-meta/datanode-2/ratis] (custom)
2025-05-12 14:03:24,497 [a2b8b82a-e2f6-4a14-97b3-6459b5b9a67e-groupManagement] INFO  storage.RaftStorageDirectory (RaftStorageDirectoryImpl.java:analyzeStorage(138)) - The storage directory /home/runner/work/ozone/ozone/hadoop-ozone/integration-test/target/test-dir/MiniOzoneClusterImpl-93228f78-d735-4ce6-971e-ca8f5c94dbdd/ozone-meta/datanode-2/ratis/000e57b3-5b63-4f2c-af1c-ac9569f6daa3 does not exist. Creating ...
2025-05-12 14:03:24,498 [a2b8b82a-e2f6-4a14-97b3-6459b5b9a67e-groupManagement] INFO  storage.RaftStorageDirectory (RaftStorageDirectoryImpl.java:tryLock(229)) - Lock on /home/runner/work/ozone/ozone/hadoop-ozone/integration-test/target/test-dir/MiniOzoneClusterImpl-93228f78-d735-4ce6-971e-ca8f5c94dbdd/ozone-meta/datanode-2/ratis/000e57b3-5b63-4f2c-af1c-ac9569f6daa3/in_use.lock acquired by nodename 118448@pkrvmberfyhpb9w
2025-05-12 14:03:24,500 [a2b8b82a-e2f6-4a14-97b3-6459b5b9a67e-groupManagement] INFO  storage.RaftStorage (RaftStorageImpl.java:format(98)) - Storage directory /home/runner/work/ozone/ozone/hadoop-ozone/integration-test/target/test-dir/MiniOzoneClusterImpl-93228f78-d735-4ce6-971e-ca8f5c94dbdd/ozone-meta/datanode-2/ratis/000e57b3-5b63-4f2c-af1c-ac9569f6daa3 has been successfully formatted.
2025-05-12 14:03:24,501 [a2b8b82a-e2f6-4a14-97b3-6459b5b9a67e-groupManagement] INFO  ratis.ContainerStateMachine (ContainerStateMachine.java:initialize(339)) - a2b8b82a-e2f6-4a14-97b3-6459b5b9a67e: initialize group-AC9569F6DAA3
2025-05-12 14:03:24,502 [a2b8b82a-e2f6-4a14-97b3-6459b5b9a67e-groupManagement] INFO  ratis.ContainerStateMachine (ContainerStateMachine.java:loadSnapshot(347)) - group-AC9569F6DAA3: The snapshot info is null. Setting the last applied index to:(t:0, i:~)
2025-05-12 14:03:24,502 [a2b8b82a-e2f6-4a14-97b3-6459b5b9a67e-groupManagement] INFO  server.RaftServerConfigKeys (ConfUtils.java:logGet(46)) - raft.server.log.use.memory = false (default)
2025-05-12 14:03:24,502 [a2b8b82a-e2f6-4a14-97b3-6459b5b9a67e-groupManagement] INFO  server.RaftServerConfigKeys (ConfUtils.java:logGet(46)) - raft.server.log.purge.gap = 1000000 (custom)
2025-05-12 14:03:24,502 [a2b8b82a-e2f6-4a14-97b3-6459b5b9a67e-groupManagement] INFO  server.RaftServerConfigKeys (ConfUtils.java:logGet(46)) - raft.server.log.appender.buffer.byte-limit = 33554432 (custom)
2025-05-12 14:03:24,502 [a2b8b82a-e2f6-4a14-97b3-6459b5b9a67e-groupManagement] INFO  server.RaftServerConfigKeys (ConfUtils.java:logGet(46)) - raft.server.log.statemachine.data.read.timeout = 1000ms (default)
2025-05-12 14:03:24,502 [a2b8b82a-e2f6-4a14-97b3-6459b5b9a67e-groupManagement] INFO  server.RaftServerConfigKeys (ConfUtils.java:logGet(46)) - raft.server.log.purge.preservation.log.num = 0 (default)
2025-05-12 14:03:24,506 [EventQueue-PipelineReportForOneReplicaPipelineSafeModeRule] INFO  safemode.SCMSafeModeManager (SCMSafeModeManager.java:validateSafeModeExitRules(140)) - AtleastOneDatanodeReportedRule rule is successfully validated
2025-05-12 14:03:24,508 [a2b8b82a-e2f6-4a14-97b3-6459b5b9a67e-groupManagement] INFO  server.RaftServerConfigKeys (ConfUtils.java:logGet(46)) - raft.server.log.segment.size.max = 67108864 (custom)
2025-05-12 14:03:24,509 [a2b8b82a-e2f6-4a14-97b3-6459b5b9a67e-groupManagement] INFO  server.RaftServerConfigKeys (ConfUtils.java:logGet(46)) - raft.server.log.segment.cache.num.max = 2 (custom)
2025-05-12 14:03:24,509 [a2b8b82a-e2f6-4a14-97b3-6459b5b9a67e-groupManagement] INFO  server.RaftServerConfigKeys (ConfUtils.java:logGet(46)) - raft.server.log.segment.cache.size.max = 200MB (=209715200) (default)
2025-05-12 14:03:24,509 [a2b8b82a-e2f6-4a14-97b3-6459b5b9a67e-groupManagement] INFO  server.RaftServerConfigKeys (ConfUtils.java:logGet(46)) - raft.server.log.appender.buffer.byte-limit = 33554432 (custom)
2025-05-12 14:03:24,511 [5339c1d4-2d68-4465-95a3-e4cab06d092d@group-CA8F5C94DBDD-StateMachineUpdater] INFO  safemode.SCMSafeModeManager (SCMSafeModeManager.java:validateSafeModeExitRules(140)) - DataNodeSafeModeRule rule is successfully validated
2025-05-12 14:03:24,511 [5339c1d4-2d68-4465-95a3-e4cab06d092d@group-CA8F5C94DBDD-StateMachineUpdater] INFO  safemode.SCMSafeModeManager (SCMSafeModeManager.java:validateSafeModeExitRules(140)) - RatisContainerSafeModeRule rule is successfully validated
2025-05-12 14:03:24,511 [5339c1d4-2d68-4465-95a3-e4cab06d092d@group-CA8F5C94DBDD-StateMachineUpdater] INFO  safemode.HealthyPipelineSafeModeRule (HealthyPipelineSafeModeRule.java:initializeRule(173)) - Refreshed total pipeline count is 0, healthy pipeline threshold count is 1
2025-05-12 14:03:24,511 [5339c1d4-2d68-4465-95a3-e4cab06d092d@group-CA8F5C94DBDD-StateMachineUpdater] INFO  safemode.SCMSafeModeManager (SCMSafeModeManager.java:validateSafeModeExitRules(140)) - ECContainerSafeModeRule rule is successfully validated
2025-05-12 14:03:24,511 [5339c1d4-2d68-4465-95a3-e4cab06d092d@group-CA8F5C94DBDD-StateMachineUpdater] INFO  safemode.SCMSafeModeManager (SCMSafeModeManager.java:validateSafeModeExitRules(140)) - AtleastOneDatanodeReportedRule rule is successfully validated
2025-05-12 14:03:24,511 [EventQueue-PipelineReportForPipelineReportHandler] INFO  pipeline.PipelineReportHandler (PipelineReportHandler.java:processPipelineReport(134)) - Opened pipeline PipelineID=000e57b3-5b63-4f2c-af1c-ac9569f6daa3
2025-05-12 14:03:24,512 [EventQueue-OpenPipelineForHealthyPipelineSafeModeRule] INFO  safemode.SCMSafeModeManager (HealthyPipelineSafeModeRule.java:process(141)) - SCM in safe mode. Healthy pipelines reported count is 0, required healthy pipeline reported count is 1
2025-05-12 14:03:24,513 [a2b8b82a-e2f6-4a14-97b3-6459b5b9a67e-groupManagement] INFO  util.AwaitToRun (AwaitToRun.java:start(81)) - Thread[#961,a2b8b82a-e2f6-4a14-97b3-6459b5b9a67e@group-AC9569F6DAA3-cacheEviction-AwaitToRun,5,main] started
2025-05-12 14:03:24,513 [a2b8b82a-e2f6-4a14-97b3-6459b5b9a67e-groupManagement] INFO  segmented.SegmentedRaftLogWorker (SegmentedRaftLogWorker.java:<init>(188)) - new a2b8b82a-e2f6-4a14-97b3-6459b5b9a67e@group-AC9569F6DAA3-SegmentedRaftLogWorker for RaftStorageImpl:Storage Directory /home/runner/work/ozone/ozone/hadoop-ozone/integration-test/target/test-dir/MiniOzoneClusterImpl-93228f78-d735-4ce6-971e-ca8f5c94dbdd/ozone-meta/datanode-2/ratis/000e57b3-5b63-4f2c-af1c-ac9569f6daa3
2025-05-12 14:03:24,514 [a2b8b82a-e2f6-4a14-97b3-6459b5b9a67e-groupManagement] INFO  server.RaftServerConfigKeys (ConfUtils.java:logGet(46)) - raft.server.log.queue.byte-limit = 4294967296 (custom)
2025-05-12 14:03:24,514 [a2b8b82a-e2f6-4a14-97b3-6459b5b9a67e-groupManagement] INFO  server.RaftServerConfigKeys (ConfUtils.java:logGet(46)) - raft.server.log.queue.element-limit = 1024 (custom)
2025-05-12 14:03:24,514 [a2b8b82a-e2f6-4a14-97b3-6459b5b9a67e-groupManagement] INFO  server.RaftServerConfigKeys (ConfUtils.java:logGet(46)) - raft.server.log.segment.size.max = 67108864 (custom)
2025-05-12 14:03:24,514 [a2b8b82a-e2f6-4a14-97b3-6459b5b9a67e-groupManagement] INFO  server.RaftServerConfigKeys (ConfUtils.java:logGet(46)) - raft.server.log.preallocated.size = 4194304 (custom)
2025-05-12 14:03:24,514 [a2b8b82a-e2f6-4a14-97b3-6459b5b9a67e-groupManagement] INFO  server.RaftServerConfigKeys (ConfUtils.java:logGet(46)) - raft.server.log.force.sync.num = 128 (default)
2025-05-12 14:03:24,514 [a2b8b82a-e2f6-4a14-97b3-6459b5b9a67e-groupManagement] INFO  server.RaftServerConfigKeys (ConfUtils.java:logGet(46)) - raft.server.log.statemachine.data.sync = true (default)
2025-05-12 14:03:24,514 [a2b8b82a-e2f6-4a14-97b3-6459b5b9a67e-groupManagement] INFO  server.RaftServerConfigKeys (ConfUtils.java:logGet(46)) - raft.server.log.statemachine.data.sync.timeout = 10s (default)
2025-05-12 14:03:24,514 [a2b8b82a-e2f6-4a14-97b3-6459b5b9a67e-groupManagement] INFO  server.RaftServerConfigKeys (ConfUtils.java:logGet(46)) - raft.server.log.statemachine.data.sync.timeout.retry = 30 (custom)
2025-05-12 14:03:24,514 [a2b8b82a-e2f6-4a14-97b3-6459b5b9a67e-groupManagement] INFO  server.RaftServerConfigKeys (ConfUtils.java:logGet(46)) - raft.server.log.write.buffer.size = 33554440 (custom)
2025-05-12 14:03:24,520 [a2b8b82a-e2f6-4a14-97b3-6459b5b9a67e-groupManagement] INFO  server.RaftServerConfigKeys (ConfUtils.java:logGet(46)) - raft.server.log.appender.buffer.byte-limit = 33554432 (custom)
2025-05-12 14:03:24,520 [a2b8b82a-e2f6-4a14-97b3-6459b5b9a67e-groupManagement] INFO  server.RaftServerConfigKeys (ConfUtils.java:logGet(46)) - raft.server.log.unsafe-flush.enabled = false (default)
2025-05-12 14:03:24,520 [a2b8b82a-e2f6-4a14-97b3-6459b5b9a67e-groupManagement] INFO  server.RaftServerConfigKeys (ConfUtils.java:logGet(46)) - raft.server.log.async-flush.enabled = false (default)
2025-05-12 14:03:24,520 [a2b8b82a-e2f6-4a14-97b3-6459b5b9a67e-groupManagement] INFO  server.RaftServerConfigKeys (ConfUtils.java:logGet(46)) - raft.server.log.statemachine.data.caching.enabled = true (custom)
2025-05-12 14:03:24,520 [a2b8b82a-e2f6-4a14-97b3-6459b5b9a67e-groupManagement] INFO  segmented.SegmentedRaftLogWorker (SegmentedRaftLogWorker.java:lambda$new$0(139)) - a2b8b82a-e2f6-4a14-97b3-6459b5b9a67e@group-AC9569F6DAA3-SegmentedRaftLogWorker: flushIndex: setUnconditionally 0 -> -1
2025-05-12 14:03:24,520 [a2b8b82a-e2f6-4a14-97b3-6459b5b9a67e-groupManagement] INFO  segmented.SegmentedRaftLogWorker (SegmentedRaftLogWorker.java:lambda$new$0(139)) - a2b8b82a-e2f6-4a14-97b3-6459b5b9a67e@group-AC9569F6DAA3-SegmentedRaftLogWorker: safeCacheEvictIndex: setUnconditionally 0 -> -1
2025-05-12 14:03:24,521 [a2b8b82a-e2f6-4a14-97b3-6459b5b9a67e-groupManagement] INFO  server.RaftServer$Division (RaftServerImpl.java:start(391)) - a2b8b82a-e2f6-4a14-97b3-6459b5b9a67e@group-AC9569F6DAA3: start as a follower, conf=conf: {index: -1, cur=peers:[a2b8b82a-e2f6-4a14-97b3-6459b5b9a67e|127.0.0.1:15025]|listeners:[], old=null}
2025-05-12 14:03:24,521 [a2b8b82a-e2f6-4a14-97b3-6459b5b9a67e-groupManagement] INFO  server.RaftServer$Division (RaftServerImpl.java:setRole(378)) - a2b8b82a-e2f6-4a14-97b3-6459b5b9a67e@group-AC9569F6DAA3: changes role from      null to FOLLOWER at term 0 for startAsFollower
2025-05-12 14:03:24,521 [a2b8b82a-e2f6-4a14-97b3-6459b5b9a67e-groupManagement] INFO  impl.RoleInfo (RoleInfo.java:updateAndGet(148)) - a2b8b82a-e2f6-4a14-97b3-6459b5b9a67e: start a2b8b82a-e2f6-4a14-97b3-6459b5b9a67e@group-AC9569F6DAA3-FollowerState
2025-05-12 14:03:24,521 [a2b8b82a-e2f6-4a14-97b3-6459b5b9a67e@group-AC9569F6DAA3-FollowerState] INFO  server.RaftServerConfigKeys (ConfUtils.java:logGet(46)) - raft.server.rpc.first-election.timeout.min = 1000ms (custom)
2025-05-12 14:03:24,521 [a2b8b82a-e2f6-4a14-97b3-6459b5b9a67e@group-AC9569F6DAA3-FollowerState] INFO  server.RaftServerConfigKeys (ConfUtils.java:logGet(46)) - raft.server.rpc.first-election.timeout.max = 1200ms (custom)
2025-05-12 14:03:24,521 [a2b8b82a-e2f6-4a14-97b3-6459b5b9a67e-groupManagement] INFO  util.JmxRegister (JmxRegister.java:tryRegister(44)) - Successfully registered JMX Bean with object name Ratis:service=RaftServer,group=group-AC9569F6DAA3,id=a2b8b82a-e2f6-4a14-97b3-6459b5b9a67e
2025-05-12 14:03:24,521 [a2b8b82a-e2f6-4a14-97b3-6459b5b9a67e-groupManagement] INFO  util.JmxRegister (JmxRegister.java:register(58)) - register mxBean class org.apache.ratis.server.impl.RaftServerJmxAdapter as Ratis:service=RaftServer,group=group-AC9569F6DAA3,id=a2b8b82a-e2f6-4a14-97b3-6459b5b9a67e
2025-05-12 14:03:24,522 [a2b8b82a-e2f6-4a14-97b3-6459b5b9a67e-groupManagement] INFO  server.RaftServerConfigKeys (ConfUtils.java:logGet(46)) - raft.server.snapshot.trigger-when-stop.enabled = true (default)
2025-05-12 14:03:24,522 [a2b8b82a-e2f6-4a14-97b3-6459b5b9a67e-groupManagement] INFO  server.RaftServerConfigKeys (ConfUtils.java:logGet(46)) - raft.server.snapshot.trigger-when-remove.enabled = true (default)
2025-05-12 14:03:24,522 [a2b8b82a-e2f6-4a14-97b3-6459b5b9a67e-groupManagement] INFO  server.RaftServerConfigKeys (ConfUtils.java:logGet(46)) - raft.server.snapshot.auto.trigger.enabled = true (custom)
2025-05-12 14:03:24,522 [a2b8b82a-e2f6-4a14-97b3-6459b5b9a67e-groupManagement] INFO  server.RaftServerConfigKeys (ConfUtils.java:logGet(46)) - raft.server.snapshot.auto.trigger.threshold = 100000 (custom)
2025-05-12 14:03:24,522 [a2b8b82a-e2f6-4a14-97b3-6459b5b9a67e-groupManagement] INFO  server.RaftServerConfigKeys (ConfUtils.java:logGet(46)) - raft.server.snapshot.retention.file.num = 5 (custom)
2025-05-12 14:03:24,522 [a2b8b82a-e2f6-4a14-97b3-6459b5b9a67e-groupManagement] INFO  server.RaftServerConfigKeys (ConfUtils.java:logGet(46)) - raft.server.log.purge.upto.snapshot.index = false (default)
2025-05-12 14:03:24,523 [a2b8b82a-e2f6-4a14-97b3-6459b5b9a67e-groupManagement] INFO  server.RaftServer$Division (RaftServerImpl.java:start(405)) - a2b8b82a-e2f6-4a14-97b3-6459b5b9a67e@group-AC9569F6DAA3: Successfully started.
2025-05-12 14:03:24,523 [a2b8b82a-e2f6-4a14-97b3-6459b5b9a67e-PipelineCommandHandlerThread-0] INFO  ratis.XceiverServerRatis (XceiverServerRatis.java:addGroup(843)) - Created group PipelineID=000e57b3-5b63-4f2c-af1c-ac9569f6daa3
2025-05-12 14:03:24,523 [a2b8b82a-e2f6-4a14-97b3-6459b5b9a67e-PipelineCommandHandlerThread-0] INFO  commandhandler.CreatePipelineCommandHandler (CreatePipelineCommandHandler.java:lambda$handle$2(128)) - Created Pipeline RATIS ONE PipelineID=000e57b3-5b63-4f2c-af1c-ac9569f6daa3.
2025-05-12 14:03:24,523 [a2b8b82a-e2f6-4a14-97b3-6459b5b9a67e-PipelineCommandHandlerThread-0] INFO  server.RaftServer (RaftServerProxy.java:addNew(100)) - a2b8b82a-e2f6-4a14-97b3-6459b5b9a67e: addNew group-5315E3F7DC37:[16988a43-54c6-4d79-b4f6-1d89459795e1|127.0.0.1:15033, a2b8b82a-e2f6-4a14-97b3-6459b5b9a67e|127.0.0.1:15025, cfefa488-19eb-42ef-a91e-ee6d690e2562|127.0.0.1:15017] returns group-5315E3F7DC37:java.util.concurrent.CompletableFuture@1ec4ac9d[Not completed]
2025-05-12 14:03:24,525 [a2b8b82a-e2f6-4a14-97b3-6459b5b9a67e-groupManagement] INFO  server.RaftServer$Division (RaftServerImpl.java:<init>(255)) - a2b8b82a-e2f6-4a14-97b3-6459b5b9a67e: new RaftServerImpl for group-5315E3F7DC37:[16988a43-54c6-4d79-b4f6-1d89459795e1|127.0.0.1:15033, a2b8b82a-e2f6-4a14-97b3-6459b5b9a67e|127.0.0.1:15025, cfefa488-19eb-42ef-a91e-ee6d690e2562|127.0.0.1:15017] with ContainerStateMachine:uninitialized
2025-05-12 14:03:24,525 [a2b8b82a-e2f6-4a14-97b3-6459b5b9a67e-groupManagement] INFO  server.RaftServerConfigKeys (ConfUtils.java:logGet(46)) - raft.server.rpc.timeout.min = 5s (custom)
2025-05-12 14:03:24,525 [a2b8b82a-e2f6-4a14-97b3-6459b5b9a67e-groupManagement] INFO  server.RaftServerConfigKeys (ConfUtils.java:logGet(46)) - raft.server.rpc.timeout.max = 5200ms (custom)
2025-05-12 14:03:24,525 [a2b8b82a-e2f6-4a14-97b3-6459b5b9a67e-groupManagement] INFO  server.RaftServerConfigKeys (ConfUtils.java:logGet(46)) - raft.server.rpc.sleep.time = 25ms (default)
2025-05-12 14:03:24,525 [a2b8b82a-e2f6-4a14-97b3-6459b5b9a67e-groupManagement] INFO  server.RaftServerConfigKeys (ConfUtils.java:logGet(46)) - raft.server.rpc.slowness.timeout = 300s (custom)
2025-05-12 14:03:24,525 [a2b8b82a-e2f6-4a14-97b3-6459b5b9a67e-groupManagement] INFO  server.RaftServerConfigKeys (ConfUtils.java:logGet(46)) - raft.server.leaderelection.leader.step-down.wait-time = 10s (default)
2025-05-12 14:03:24,525 [a2b8b82a-e2f6-4a14-97b3-6459b5b9a67e-groupManagement] INFO  server.RaftServerConfigKeys (ConfUtils.java:logGet(46)) - raft.server.leaderelection.member.majority-add = false (default)
2025-05-12 14:03:24,525 [a2b8b82a-e2f6-4a14-97b3-6459b5b9a67e-groupManagement] INFO  server.RaftServerConfigKeys (ConfUtils.java:logGet(46)) - raft.server.sleep.deviation.threshold = 300ms (default)
2025-05-12 14:03:24,525 [a2b8b82a-e2f6-4a14-97b3-6459b5b9a67e-groupManagement] INFO  server.RaftServer$Division (ServerState.java:<init>(114)) - a2b8b82a-e2f6-4a14-97b3-6459b5b9a67e@group-5315E3F7DC37: ConfigurationManager, init=conf: {index: -1, cur=peers:[16988a43-54c6-4d79-b4f6-1d89459795e1|127.0.0.1:15033, a2b8b82a-e2f6-4a14-97b3-6459b5b9a67e|127.0.0.1:15025, cfefa488-19eb-42ef-a91e-ee6d690e2562|127.0.0.1:15017]|listeners:[], old=null}, confs=<EMPTY_MAP>
2025-05-12 14:03:24,525 [a2b8b82a-e2f6-4a14-97b3-6459b5b9a67e-groupManagement] INFO  server.RaftServerConfigKeys (ConfUtils.java:logGet(46)) - raft.server.notification.no-leader.timeout = 300s (custom)
2025-05-12 14:03:24,525 [a2b8b82a-e2f6-4a14-97b3-6459b5b9a67e-groupManagement] INFO  server.RaftServerConfigKeys (ConfUtils.java:logGet(46)) - raft.server.read.timeout = 10s (default)
2025-05-12 14:03:24,526 [a2b8b82a-e2f6-4a14-97b3-6459b5b9a67e-groupManagement] INFO  server.RaftServerConfigKeys (ConfUtils.java:logGet(46)) - raft.server.retrycache.expirytime = 600000ms (custom)
2025-05-12 14:03:24,526 [a2b8b82a-e2f6-4a14-97b3-6459b5b9a67e-groupManagement] INFO  server.RaftServerConfigKeys (ConfUtils.java:logGet(46)) - raft.server.retrycache.statistics.expirytime = 100ms (default)
2025-05-12 14:03:24,526 [a2b8b82a-e2f6-4a14-97b3-6459b5b9a67e-groupManagement] INFO  server.RaftServerConfigKeys (ConfUtils.java:logGet(46)) - raft.server.read.option = DEFAULT (default)
2025-05-12 14:03:24,526 [a2b8b82a-e2f6-4a14-97b3-6459b5b9a67e-groupManagement] INFO  server.RaftServerConfigKeys (ConfUtils.java:logGet(46)) - raft.server.read.read-after-write-consistent.write-index-cache.expiry-time = 60s (default)
2025-05-12 14:03:24,531 [a2b8b82a-e2f6-4a14-97b3-6459b5b9a67e-groupManagement] INFO  server.RaftServerConfigKeys (ConfUtils.java:logGet(46)) - raft.server.rpc.request.timeout = 60s (custom)
2025-05-12 14:03:24,531 [a2b8b82a-e2f6-4a14-97b3-6459b5b9a67e-groupManagement] INFO  server.RaftServerConfigKeys (ConfUtils.java:logGet(46)) - raft.server.log.appender.install.snapshot.enabled = false (custom)
2025-05-12 14:03:24,531 [a2b8b82a-e2f6-4a14-97b3-6459b5b9a67e-groupManagement] INFO  server.RaftServerConfigKeys (ConfUtils.java:logGet(46)) - raft.server.threadpool.server.cached = true (default)
2025-05-12 14:03:24,531 [a2b8b82a-e2f6-4a14-97b3-6459b5b9a67e-groupManagement] INFO  server.RaftServerConfigKeys (ConfUtils.java:logGet(46)) - raft.server.threadpool.server.size = 0 (default)
2025-05-12 14:03:24,531 [a2b8b82a-e2f6-4a14-97b3-6459b5b9a67e-groupManagement] INFO  server.RaftServerConfigKeys (ConfUtils.java:logGet(46)) - raft.server.threadpool.client.cached = true (default)
2025-05-12 14:03:24,531 [a2b8b82a-e2f6-4a14-97b3-6459b5b9a67e-groupManagement] INFO  server.RaftServerConfigKeys (ConfUtils.java:logGet(46)) - raft.server.threadpool.client.size = 0 (default)
2025-05-12 14:03:24,531 [a2b8b82a-e2f6-4a14-97b3-6459b5b9a67e-groupManagement] INFO  server.RaftServerConfigKeys (ConfUtils.java:logGet(46)) - raft.server.storage.free-space.min = 0MB (=0) (default)
2025-05-12 14:03:24,531 [a2b8b82a-e2f6-4a14-97b3-6459b5b9a67e-groupManagement] INFO  server.RaftServerConfigKeys (ConfUtils.java:logGet(46)) - raft.server.log.corruption.policy = EXCEPTION (default)
2025-05-12 14:03:24,531 [a2b8b82a-e2f6-4a14-97b3-6459b5b9a67e-groupManagement] INFO  server.RaftServerConfigKeys (ConfUtils.java:logGet(46)) - raft.server.storage.dir = [/home/runner/work/ozone/ozone/hadoop-ozone/integration-test/target/test-dir/MiniOzoneClusterImpl-93228f78-d735-4ce6-971e-ca8f5c94dbdd/ozone-meta/datanode-2/ratis] (custom)
2025-05-12 14:03:24,532 [a2b8b82a-e2f6-4a14-97b3-6459b5b9a67e-groupManagement] INFO  storage.RaftStorageDirectory (RaftStorageDirectoryImpl.java:analyzeStorage(138)) - The storage directory /home/runner/work/ozone/ozone/hadoop-ozone/integration-test/target/test-dir/MiniOzoneClusterImpl-93228f78-d735-4ce6-971e-ca8f5c94dbdd/ozone-meta/datanode-2/ratis/82a40e4c-495c-4d18-a5f6-5315e3f7dc37 does not exist. Creating ...
2025-05-12 14:03:24,533 [a2b8b82a-e2f6-4a14-97b3-6459b5b9a67e-groupManagement] INFO  storage.RaftStorageDirectory (RaftStorageDirectoryImpl.java:tryLock(229)) - Lock on /home/runner/work/ozone/ozone/hadoop-ozone/integration-test/target/test-dir/MiniOzoneClusterImpl-93228f78-d735-4ce6-971e-ca8f5c94dbdd/ozone-meta/datanode-2/ratis/82a40e4c-495c-4d18-a5f6-5315e3f7dc37/in_use.lock acquired by nodename 118448@pkrvmberfyhpb9w
2025-05-12 14:03:24,535 [a2b8b82a-e2f6-4a14-97b3-6459b5b9a67e-groupManagement] INFO  storage.RaftStorage (RaftStorageImpl.java:format(98)) - Storage directory /home/runner/work/ozone/ozone/hadoop-ozone/integration-test/target/test-dir/MiniOzoneClusterImpl-93228f78-d735-4ce6-971e-ca8f5c94dbdd/ozone-meta/datanode-2/ratis/82a40e4c-495c-4d18-a5f6-5315e3f7dc37 has been successfully formatted.
2025-05-12 14:03:24,537 [a2b8b82a-e2f6-4a14-97b3-6459b5b9a67e-groupManagement] INFO  ratis.ContainerStateMachine (ContainerStateMachine.java:initialize(339)) - a2b8b82a-e2f6-4a14-97b3-6459b5b9a67e: initialize group-5315E3F7DC37
2025-05-12 14:03:24,537 [a2b8b82a-e2f6-4a14-97b3-6459b5b9a67e-groupManagement] INFO  ratis.ContainerStateMachine (ContainerStateMachine.java:loadSnapshot(347)) - group-5315E3F7DC37: The snapshot info is null. Setting the last applied index to:(t:0, i:~)
2025-05-12 14:03:24,537 [a2b8b82a-e2f6-4a14-97b3-6459b5b9a67e-groupManagement] INFO  server.RaftServerConfigKeys (ConfUtils.java:logGet(46)) - raft.server.log.use.memory = false (default)
2025-05-12 14:03:24,538 [a2b8b82a-e2f6-4a14-97b3-6459b5b9a67e-groupManagement] INFO  server.RaftServerConfigKeys (ConfUtils.java:logGet(46)) - raft.server.log.purge.gap = 1000000 (custom)
2025-05-12 14:03:24,538 [a2b8b82a-e2f6-4a14-97b3-6459b5b9a67e-groupManagement] INFO  server.RaftServerConfigKeys (ConfUtils.java:logGet(46)) - raft.server.log.appender.buffer.byte-limit = 33554432 (custom)
2025-05-12 14:03:24,538 [a2b8b82a-e2f6-4a14-97b3-6459b5b9a67e-groupManagement] INFO  server.RaftServerConfigKeys (ConfUtils.java:logGet(46)) - raft.server.log.statemachine.data.read.timeout = 1000ms (default)
2025-05-12 14:03:24,539 [a2b8b82a-e2f6-4a14-97b3-6459b5b9a67e-groupManagement] INFO  server.RaftServerConfigKeys (ConfUtils.java:logGet(46)) - raft.server.log.purge.preservation.log.num = 0 (default)
2025-05-12 14:03:24,541 [EventQueue-PipelineReportForOneReplicaPipelineSafeModeRule] INFO  safemode.SCMSafeModeManager (SCMSafeModeManager.java:validateSafeModeExitRules(140)) - AtleastOneDatanodeReportedRule rule is successfully validated
2025-05-12 14:03:24,542 [a2b8b82a-e2f6-4a14-97b3-6459b5b9a67e-groupManagement] INFO  server.RaftServerConfigKeys (ConfUtils.java:logGet(46)) - raft.server.log.segment.size.max = 67108864 (custom)
2025-05-12 14:03:24,542 [Recon-EventQueue-PipelineReportForReconPipelineReportHandler] INFO  scm.ReconPipelineReportHandler (ReconPipelineReportHandler.java:processPipelineReport(102)) - Pipeline RATIS/THREE PipelineID=82a40e4c-495c-4d18-a5f6-5315e3f7dc37 reported by a2b8b82a-e2f6-4a14-97b3-6459b5b9a67e(localhost/127.0.0.1)
2025-05-12 14:03:24,542 [EventQueue-OpenPipelineForHealthyPipelineSafeModeRule] INFO  safemode.SCMSafeModeManager (HealthyPipelineSafeModeRule.java:process(141)) - SCM in safe mode. Healthy pipelines reported count is 0, required healthy pipeline reported count is 1
2025-05-12 14:03:24,542 [a2b8b82a-e2f6-4a14-97b3-6459b5b9a67e-groupManagement] INFO  server.RaftServerConfigKeys (ConfUtils.java:logGet(46)) - raft.server.log.segment.cache.num.max = 2 (custom)
2025-05-12 14:03:24,543 [a2b8b82a-e2f6-4a14-97b3-6459b5b9a67e-groupManagement] INFO  server.RaftServerConfigKeys (ConfUtils.java:logGet(46)) - raft.server.log.segment.cache.size.max = 200MB (=209715200) (default)
2025-05-12 14:03:24,544 [a2b8b82a-e2f6-4a14-97b3-6459b5b9a67e-groupManagement] INFO  server.RaftServerConfigKeys (ConfUtils.java:logGet(46)) - raft.server.log.appender.buffer.byte-limit = 33554432 (custom)
2025-05-12 14:03:24,544 [a2b8b82a-e2f6-4a14-97b3-6459b5b9a67e-groupManagement] INFO  util.AwaitToRun (AwaitToRun.java:start(81)) - Thread[#965,a2b8b82a-e2f6-4a14-97b3-6459b5b9a67e@group-5315E3F7DC37-cacheEviction-AwaitToRun,5,main] started
2025-05-12 14:03:24,544 [a2b8b82a-e2f6-4a14-97b3-6459b5b9a67e-groupManagement] INFO  segmented.SegmentedRaftLogWorker (SegmentedRaftLogWorker.java:<init>(188)) - new a2b8b82a-e2f6-4a14-97b3-6459b5b9a67e@group-5315E3F7DC37-SegmentedRaftLogWorker for RaftStorageImpl:Storage Directory /home/runner/work/ozone/ozone/hadoop-ozone/integration-test/target/test-dir/MiniOzoneClusterImpl-93228f78-d735-4ce6-971e-ca8f5c94dbdd/ozone-meta/datanode-2/ratis/82a40e4c-495c-4d18-a5f6-5315e3f7dc37
2025-05-12 14:03:24,544 [a2b8b82a-e2f6-4a14-97b3-6459b5b9a67e-groupManagement] INFO  server.RaftServerConfigKeys (ConfUtils.java:logGet(46)) - raft.server.log.queue.byte-limit = 4294967296 (custom)
2025-05-12 14:03:24,544 [a2b8b82a-e2f6-4a14-97b3-6459b5b9a67e-groupManagement] INFO  server.RaftServerConfigKeys (ConfUtils.java:logGet(46)) - raft.server.log.queue.element-limit = 1024 (custom)
2025-05-12 14:03:24,544 [a2b8b82a-e2f6-4a14-97b3-6459b5b9a67e-groupManagement] INFO  server.RaftServerConfigKeys (ConfUtils.java:logGet(46)) - raft.server.log.segment.size.max = 67108864 (custom)
2025-05-12 14:03:24,544 [a2b8b82a-e2f6-4a14-97b3-6459b5b9a67e-groupManagement] INFO  server.RaftServerConfigKeys (ConfUtils.java:logGet(46)) - raft.server.log.preallocated.size = 4194304 (custom)
2025-05-12 14:03:24,544 [a2b8b82a-e2f6-4a14-97b3-6459b5b9a67e-groupManagement] INFO  server.RaftServerConfigKeys (ConfUtils.java:logGet(46)) - raft.server.log.force.sync.num = 128 (default)
2025-05-12 14:03:24,544 [a2b8b82a-e2f6-4a14-97b3-6459b5b9a67e-groupManagement] INFO  server.RaftServerConfigKeys (ConfUtils.java:logGet(46)) - raft.server.log.statemachine.data.sync = true (default)
2025-05-12 14:03:24,545 [a2b8b82a-e2f6-4a14-97b3-6459b5b9a67e-groupManagement] INFO  server.RaftServerConfigKeys (ConfUtils.java:logGet(46)) - raft.server.log.statemachine.data.sync.timeout = 10s (default)
2025-05-12 14:03:24,545 [a2b8b82a-e2f6-4a14-97b3-6459b5b9a67e-groupManagement] INFO  server.RaftServerConfigKeys (ConfUtils.java:logGet(46)) - raft.server.log.statemachine.data.sync.timeout.retry = 30 (custom)
2025-05-12 14:03:24,545 [a2b8b82a-e2f6-4a14-97b3-6459b5b9a67e-groupManagement] INFO  server.RaftServerConfigKeys (ConfUtils.java:logGet(46)) - raft.server.log.write.buffer.size = 33554440 (custom)
2025-05-12 14:03:24,553 [a2b8b82a-e2f6-4a14-97b3-6459b5b9a67e-groupManagement] INFO  server.RaftServerConfigKeys (ConfUtils.java:logGet(46)) - raft.server.log.appender.buffer.byte-limit = 33554432 (custom)
2025-05-12 14:03:24,553 [a2b8b82a-e2f6-4a14-97b3-6459b5b9a67e-groupManagement] INFO  server.RaftServerConfigKeys (ConfUtils.java:logGet(46)) - raft.server.log.unsafe-flush.enabled = false (default)
2025-05-12 14:03:24,553 [a2b8b82a-e2f6-4a14-97b3-6459b5b9a67e-groupManagement] INFO  server.RaftServerConfigKeys (ConfUtils.java:logGet(46)) - raft.server.log.async-flush.enabled = false (default)
2025-05-12 14:03:24,553 [a2b8b82a-e2f6-4a14-97b3-6459b5b9a67e-groupManagement] INFO  server.RaftServerConfigKeys (ConfUtils.java:logGet(46)) - raft.server.log.statemachine.data.caching.enabled = true (custom)
2025-05-12 14:03:24,553 [a2b8b82a-e2f6-4a14-97b3-6459b5b9a67e-groupManagement] INFO  segmented.SegmentedRaftLogWorker (SegmentedRaftLogWorker.java:lambda$new$0(139)) - a2b8b82a-e2f6-4a14-97b3-6459b5b9a67e@group-5315E3F7DC37-SegmentedRaftLogWorker: flushIndex: setUnconditionally 0 -> -1
2025-05-12 14:03:24,553 [a2b8b82a-e2f6-4a14-97b3-6459b5b9a67e-groupManagement] INFO  segmented.SegmentedRaftLogWorker (SegmentedRaftLogWorker.java:lambda$new$0(139)) - a2b8b82a-e2f6-4a14-97b3-6459b5b9a67e@group-5315E3F7DC37-SegmentedRaftLogWorker: safeCacheEvictIndex: setUnconditionally 0 -> -1
2025-05-12 14:03:24,555 [a2b8b82a-e2f6-4a14-97b3-6459b5b9a67e-groupManagement] INFO  server.RaftServer$Division (RaftServerImpl.java:start(391)) - a2b8b82a-e2f6-4a14-97b3-6459b5b9a67e@group-5315E3F7DC37: start as a follower, conf=conf: {index: -1, cur=peers:[16988a43-54c6-4d79-b4f6-1d89459795e1|127.0.0.1:15033, a2b8b82a-e2f6-4a14-97b3-6459b5b9a67e|127.0.0.1:15025, cfefa488-19eb-42ef-a91e-ee6d690e2562|127.0.0.1:15017]|listeners:[], old=null}
2025-05-12 14:03:24,555 [a2b8b82a-e2f6-4a14-97b3-6459b5b9a67e-groupManagement] INFO  server.RaftServer$Division (RaftServerImpl.java:setRole(378)) - a2b8b82a-e2f6-4a14-97b3-6459b5b9a67e@group-5315E3F7DC37: changes role from      null to FOLLOWER at term 0 for startAsFollower
2025-05-12 14:03:24,555 [a2b8b82a-e2f6-4a14-97b3-6459b5b9a67e-groupManagement] INFO  impl.RoleInfo (RoleInfo.java:updateAndGet(148)) - a2b8b82a-e2f6-4a14-97b3-6459b5b9a67e: start a2b8b82a-e2f6-4a14-97b3-6459b5b9a67e@group-5315E3F7DC37-FollowerState
2025-05-12 14:03:24,556 [a2b8b82a-e2f6-4a14-97b3-6459b5b9a67e@group-5315E3F7DC37-FollowerState] INFO  server.RaftServerConfigKeys (ConfUtils.java:logGet(46)) - raft.server.rpc.first-election.timeout.min = 1000ms (custom)
2025-05-12 14:03:24,556 [a2b8b82a-e2f6-4a14-97b3-6459b5b9a67e@group-5315E3F7DC37-FollowerState] INFO  server.RaftServerConfigKeys (ConfUtils.java:logGet(46)) - raft.server.rpc.first-election.timeout.max = 1200ms (custom)
2025-05-12 14:03:24,557 [a2b8b82a-e2f6-4a14-97b3-6459b5b9a67e-groupManagement] INFO  util.JmxRegister (JmxRegister.java:tryRegister(44)) - Successfully registered JMX Bean with object name Ratis:service=RaftServer,group=group-5315E3F7DC37,id=a2b8b82a-e2f6-4a14-97b3-6459b5b9a67e
2025-05-12 14:03:24,557 [a2b8b82a-e2f6-4a14-97b3-6459b5b9a67e-groupManagement] INFO  util.JmxRegister (JmxRegister.java:register(58)) - register mxBean class org.apache.ratis.server.impl.RaftServerJmxAdapter as Ratis:service=RaftServer,group=group-5315E3F7DC37,id=a2b8b82a-e2f6-4a14-97b3-6459b5b9a67e
2025-05-12 14:03:24,557 [a2b8b82a-e2f6-4a14-97b3-6459b5b9a67e-groupManagement] INFO  server.RaftServerConfigKeys (ConfUtils.java:logGet(46)) - raft.server.snapshot.trigger-when-stop.enabled = true (default)
2025-05-12 14:03:24,557 [a2b8b82a-e2f6-4a14-97b3-6459b5b9a67e-groupManagement] INFO  server.RaftServerConfigKeys (ConfUtils.java:logGet(46)) - raft.server.snapshot.trigger-when-remove.enabled = true (default)
2025-05-12 14:03:24,557 [a2b8b82a-e2f6-4a14-97b3-6459b5b9a67e-groupManagement] INFO  server.RaftServerConfigKeys (ConfUtils.java:logGet(46)) - raft.server.snapshot.auto.trigger.enabled = true (custom)
2025-05-12 14:03:24,557 [a2b8b82a-e2f6-4a14-97b3-6459b5b9a67e-groupManagement] INFO  server.RaftServerConfigKeys (ConfUtils.java:logGet(46)) - raft.server.snapshot.auto.trigger.threshold = 100000 (custom)
2025-05-12 14:03:24,557 [a2b8b82a-e2f6-4a14-97b3-6459b5b9a67e-groupManagement] INFO  server.RaftServerConfigKeys (ConfUtils.java:logGet(46)) - raft.server.snapshot.retention.file.num = 5 (custom)
2025-05-12 14:03:24,557 [a2b8b82a-e2f6-4a14-97b3-6459b5b9a67e-groupManagement] INFO  server.RaftServerConfigKeys (ConfUtils.java:logGet(46)) - raft.server.log.purge.upto.snapshot.index = false (default)
2025-05-12 14:03:24,558 [a2b8b82a-e2f6-4a14-97b3-6459b5b9a67e-groupManagement] INFO  server.RaftServer$Division (RaftServerImpl.java:start(405)) - a2b8b82a-e2f6-4a14-97b3-6459b5b9a67e@group-5315E3F7DC37: Successfully started.
2025-05-12 14:03:24,559 [a2b8b82a-e2f6-4a14-97b3-6459b5b9a67e-PipelineCommandHandlerThread-0] INFO  ratis.XceiverServerRatis (XceiverServerRatis.java:addGroup(843)) - Created group PipelineID=82a40e4c-495c-4d18-a5f6-5315e3f7dc37
2025-05-12 14:03:24,577 [grpc-default-executor-1] INFO  server.RaftServer (RaftServerProxy.java:addNew(100)) - 16988a43-54c6-4d79-b4f6-1d89459795e1: addNew group-5315E3F7DC37:[16988a43-54c6-4d79-b4f6-1d89459795e1|127.0.0.1:15033, a2b8b82a-e2f6-4a14-97b3-6459b5b9a67e|127.0.0.1:15025, cfefa488-19eb-42ef-a91e-ee6d690e2562|127.0.0.1:15017] returns group-5315E3F7DC37:java.util.concurrent.CompletableFuture@74cb0aab[Not completed]
2025-05-12 14:03:24,578 [16988a43-54c6-4d79-b4f6-1d89459795e1-groupManagement] INFO  server.RaftServer$Division (RaftServerImpl.java:<init>(255)) - 16988a43-54c6-4d79-b4f6-1d89459795e1: new RaftServerImpl for group-5315E3F7DC37:[16988a43-54c6-4d79-b4f6-1d89459795e1|127.0.0.1:15033, a2b8b82a-e2f6-4a14-97b3-6459b5b9a67e|127.0.0.1:15025, cfefa488-19eb-42ef-a91e-ee6d690e2562|127.0.0.1:15017] with ContainerStateMachine:uninitialized
2025-05-12 14:03:24,578 [16988a43-54c6-4d79-b4f6-1d89459795e1-groupManagement] INFO  server.RaftServerConfigKeys (ConfUtils.java:logGet(46)) - raft.server.rpc.timeout.min = 5s (custom)
2025-05-12 14:03:24,579 [16988a43-54c6-4d79-b4f6-1d89459795e1-groupManagement] INFO  server.RaftServerConfigKeys (ConfUtils.java:logGet(46)) - raft.server.rpc.timeout.max = 5200ms (custom)
2025-05-12 14:03:24,579 [16988a43-54c6-4d79-b4f6-1d89459795e1-groupManagement] INFO  server.RaftServerConfigKeys (ConfUtils.java:logGet(46)) - raft.server.rpc.sleep.time = 25ms (default)
2025-05-12 14:03:24,579 [16988a43-54c6-4d79-b4f6-1d89459795e1-groupManagement] INFO  server.RaftServerConfigKeys (ConfUtils.java:logGet(46)) - raft.server.rpc.slowness.timeout = 300s (custom)
2025-05-12 14:03:24,579 [16988a43-54c6-4d79-b4f6-1d89459795e1-groupManagement] INFO  server.RaftServerConfigKeys (ConfUtils.java:logGet(46)) - raft.server.leaderelection.leader.step-down.wait-time = 10s (default)
2025-05-12 14:03:24,580 [16988a43-54c6-4d79-b4f6-1d89459795e1-groupManagement] INFO  server.RaftServerConfigKeys (ConfUtils.java:logGet(46)) - raft.server.leaderelection.member.majority-add = false (default)
2025-05-12 14:03:24,580 [16988a43-54c6-4d79-b4f6-1d89459795e1-groupManagement] INFO  server.RaftServerConfigKeys (ConfUtils.java:logGet(46)) - raft.server.sleep.deviation.threshold = 300ms (default)
2025-05-12 14:03:24,580 [16988a43-54c6-4d79-b4f6-1d89459795e1-groupManagement] INFO  server.RaftServer$Division (ServerState.java:<init>(114)) - 16988a43-54c6-4d79-b4f6-1d89459795e1@group-5315E3F7DC37: ConfigurationManager, init=conf: {index: -1, cur=peers:[16988a43-54c6-4d79-b4f6-1d89459795e1|127.0.0.1:15033, a2b8b82a-e2f6-4a14-97b3-6459b5b9a67e|127.0.0.1:15025, cfefa488-19eb-42ef-a91e-ee6d690e2562|127.0.0.1:15017]|listeners:[], old=null}, confs=<EMPTY_MAP>
2025-05-12 14:03:24,580 [16988a43-54c6-4d79-b4f6-1d89459795e1-groupManagement] INFO  server.RaftServerConfigKeys (ConfUtils.java:logGet(46)) - raft.server.notification.no-leader.timeout = 300s (custom)
2025-05-12 14:03:24,580 [16988a43-54c6-4d79-b4f6-1d89459795e1-groupManagement] INFO  server.RaftServerConfigKeys (ConfUtils.java:logGet(46)) - raft.server.read.timeout = 10s (default)
2025-05-12 14:03:24,580 [16988a43-54c6-4d79-b4f6-1d89459795e1-groupManagement] INFO  server.RaftServerConfigKeys (ConfUtils.java:logGet(46)) - raft.server.retrycache.expirytime = 600000ms (custom)
2025-05-12 14:03:24,580 [16988a43-54c6-4d79-b4f6-1d89459795e1-groupManagement] INFO  server.RaftServerConfigKeys (ConfUtils.java:logGet(46)) - raft.server.retrycache.statistics.expirytime = 100ms (default)
2025-05-12 14:03:24,580 [16988a43-54c6-4d79-b4f6-1d89459795e1-groupManagement] INFO  server.RaftServerConfigKeys (ConfUtils.java:logGet(46)) - raft.server.read.option = DEFAULT (default)
2025-05-12 14:03:24,581 [16988a43-54c6-4d79-b4f6-1d89459795e1-groupManagement] INFO  server.RaftServerConfigKeys (ConfUtils.java:logGet(46)) - raft.server.read.read-after-write-consistent.write-index-cache.expiry-time = 60s (default)
2025-05-12 14:03:24,587 [16988a43-54c6-4d79-b4f6-1d89459795e1-groupManagement] INFO  server.RaftServerConfigKeys (ConfUtils.java:logGet(46)) - raft.server.rpc.request.timeout = 60s (custom)
2025-05-12 14:03:24,588 [16988a43-54c6-4d79-b4f6-1d89459795e1-groupManagement] INFO  server.RaftServerConfigKeys (ConfUtils.java:logGet(46)) - raft.server.log.appender.install.snapshot.enabled = false (custom)
2025-05-12 14:03:24,588 [16988a43-54c6-4d79-b4f6-1d89459795e1-groupManagement] INFO  server.RaftServerConfigKeys (ConfUtils.java:logGet(46)) - raft.server.threadpool.server.cached = true (default)
2025-05-12 14:03:24,588 [16988a43-54c6-4d79-b4f6-1d89459795e1-groupManagement] INFO  server.RaftServerConfigKeys (ConfUtils.java:logGet(46)) - raft.server.threadpool.server.size = 0 (default)
2025-05-12 14:03:24,588 [16988a43-54c6-4d79-b4f6-1d89459795e1-groupManagement] INFO  server.RaftServerConfigKeys (ConfUtils.java:logGet(46)) - raft.server.threadpool.client.cached = true (default)
2025-05-12 14:03:24,588 [16988a43-54c6-4d79-b4f6-1d89459795e1-groupManagement] INFO  server.RaftServerConfigKeys (ConfUtils.java:logGet(46)) - raft.server.threadpool.client.size = 0 (default)
2025-05-12 14:03:24,588 [16988a43-54c6-4d79-b4f6-1d89459795e1-groupManagement] INFO  server.RaftServerConfigKeys (ConfUtils.java:logGet(46)) - raft.server.storage.free-space.min = 0MB (=0) (default)
2025-05-12 14:03:24,589 [16988a43-54c6-4d79-b4f6-1d89459795e1-groupManagement] INFO  server.RaftServerConfigKeys (ConfUtils.java:logGet(46)) - raft.server.log.corruption.policy = EXCEPTION (default)
2025-05-12 14:03:24,589 [16988a43-54c6-4d79-b4f6-1d89459795e1-groupManagement] INFO  server.RaftServerConfigKeys (ConfUtils.java:logGet(46)) - raft.server.storage.dir = [/home/runner/work/ozone/ozone/hadoop-ozone/integration-test/target/test-dir/MiniOzoneClusterImpl-93228f78-d735-4ce6-971e-ca8f5c94dbdd/ozone-meta/datanode-3/ratis] (custom)
2025-05-12 14:03:24,589 [16988a43-54c6-4d79-b4f6-1d89459795e1-groupManagement] INFO  storage.RaftStorageDirectory (RaftStorageDirectoryImpl.java:analyzeStorage(138)) - The storage directory /home/runner/work/ozone/ozone/hadoop-ozone/integration-test/target/test-dir/MiniOzoneClusterImpl-93228f78-d735-4ce6-971e-ca8f5c94dbdd/ozone-meta/datanode-3/ratis/82a40e4c-495c-4d18-a5f6-5315e3f7dc37 does not exist. Creating ...
2025-05-12 14:03:24,590 [16988a43-54c6-4d79-b4f6-1d89459795e1-groupManagement] INFO  storage.RaftStorageDirectory (RaftStorageDirectoryImpl.java:tryLock(229)) - Lock on /home/runner/work/ozone/ozone/hadoop-ozone/integration-test/target/test-dir/MiniOzoneClusterImpl-93228f78-d735-4ce6-971e-ca8f5c94dbdd/ozone-meta/datanode-3/ratis/82a40e4c-495c-4d18-a5f6-5315e3f7dc37/in_use.lock acquired by nodename 118448@pkrvmberfyhpb9w
2025-05-12 14:03:24,594 [16988a43-54c6-4d79-b4f6-1d89459795e1-groupManagement] INFO  storage.RaftStorage (RaftStorageImpl.java:format(98)) - Storage directory /home/runner/work/ozone/ozone/hadoop-ozone/integration-test/target/test-dir/MiniOzoneClusterImpl-93228f78-d735-4ce6-971e-ca8f5c94dbdd/ozone-meta/datanode-3/ratis/82a40e4c-495c-4d18-a5f6-5315e3f7dc37 has been successfully formatted.
2025-05-12 14:03:24,595 [16988a43-54c6-4d79-b4f6-1d89459795e1-groupManagement] INFO  ratis.ContainerStateMachine (ContainerStateMachine.java:initialize(339)) - 16988a43-54c6-4d79-b4f6-1d89459795e1: initialize group-5315E3F7DC37
2025-05-12 14:03:24,596 [16988a43-54c6-4d79-b4f6-1d89459795e1-groupManagement] INFO  ratis.ContainerStateMachine (ContainerStateMachine.java:loadSnapshot(347)) - group-5315E3F7DC37: The snapshot info is null. Setting the last applied index to:(t:0, i:~)
2025-05-12 14:03:24,596 [16988a43-54c6-4d79-b4f6-1d89459795e1-groupManagement] INFO  server.RaftServerConfigKeys (ConfUtils.java:logGet(46)) - raft.server.log.use.memory = false (default)
2025-05-12 14:03:24,596 [16988a43-54c6-4d79-b4f6-1d89459795e1-groupManagement] INFO  server.RaftServerConfigKeys (ConfUtils.java:logGet(46)) - raft.server.log.purge.gap = 1000000 (custom)
2025-05-12 14:03:24,596 [16988a43-54c6-4d79-b4f6-1d89459795e1-groupManagement] INFO  server.RaftServerConfigKeys (ConfUtils.java:logGet(46)) - raft.server.log.appender.buffer.byte-limit = 33554432 (custom)
2025-05-12 14:03:24,596 [16988a43-54c6-4d79-b4f6-1d89459795e1-groupManagement] INFO  server.RaftServerConfigKeys (ConfUtils.java:logGet(46)) - raft.server.log.statemachine.data.read.timeout = 1000ms (default)
2025-05-12 14:03:24,596 [16988a43-54c6-4d79-b4f6-1d89459795e1-groupManagement] INFO  server.RaftServerConfigKeys (ConfUtils.java:logGet(46)) - raft.server.log.purge.preservation.log.num = 0 (default)
2025-05-12 14:03:24,598 [16988a43-54c6-4d79-b4f6-1d89459795e1-groupManagement] INFO  server.RaftServerConfigKeys (ConfUtils.java:logGet(46)) - raft.server.log.segment.size.max = 67108864 (custom)
2025-05-12 14:03:24,599 [16988a43-54c6-4d79-b4f6-1d89459795e1-groupManagement] INFO  server.RaftServerConfigKeys (ConfUtils.java:logGet(46)) - raft.server.log.segment.cache.num.max = 2 (custom)
2025-05-12 14:03:24,599 [16988a43-54c6-4d79-b4f6-1d89459795e1-groupManagement] INFO  server.RaftServerConfigKeys (ConfUtils.java:logGet(46)) - raft.server.log.segment.cache.size.max = 200MB (=209715200) (default)
2025-05-12 14:03:24,599 [16988a43-54c6-4d79-b4f6-1d89459795e1-groupManagement] INFO  server.RaftServerConfigKeys (ConfUtils.java:logGet(46)) - raft.server.log.appender.buffer.byte-limit = 33554432 (custom)
2025-05-12 14:03:24,599 [16988a43-54c6-4d79-b4f6-1d89459795e1-groupManagement] INFO  util.AwaitToRun (AwaitToRun.java:start(81)) - Thread[#971,16988a43-54c6-4d79-b4f6-1d89459795e1@group-5315E3F7DC37-cacheEviction-AwaitToRun,5,main] started
2025-05-12 14:03:24,599 [16988a43-54c6-4d79-b4f6-1d89459795e1-groupManagement] INFO  segmented.SegmentedRaftLogWorker (SegmentedRaftLogWorker.java:<init>(188)) - new 16988a43-54c6-4d79-b4f6-1d89459795e1@group-5315E3F7DC37-SegmentedRaftLogWorker for RaftStorageImpl:Storage Directory /home/runner/work/ozone/ozone/hadoop-ozone/integration-test/target/test-dir/MiniOzoneClusterImpl-93228f78-d735-4ce6-971e-ca8f5c94dbdd/ozone-meta/datanode-3/ratis/82a40e4c-495c-4d18-a5f6-5315e3f7dc37
2025-05-12 14:03:24,599 [16988a43-54c6-4d79-b4f6-1d89459795e1-groupManagement] INFO  server.RaftServerConfigKeys (ConfUtils.java:logGet(46)) - raft.server.log.queue.byte-limit = 4294967296 (custom)
2025-05-12 14:03:24,599 [16988a43-54c6-4d79-b4f6-1d89459795e1-groupManagement] INFO  server.RaftServerConfigKeys (ConfUtils.java:logGet(46)) - raft.server.log.queue.element-limit = 1024 (custom)
2025-05-12 14:03:24,599 [16988a43-54c6-4d79-b4f6-1d89459795e1-groupManagement] INFO  server.RaftServerConfigKeys (ConfUtils.java:logGet(46)) - raft.server.log.segment.size.max = 67108864 (custom)
2025-05-12 14:03:24,599 [16988a43-54c6-4d79-b4f6-1d89459795e1-groupManagement] INFO  server.RaftServerConfigKeys (ConfUtils.java:logGet(46)) - raft.server.log.preallocated.size = 4194304 (custom)
2025-05-12 14:03:24,600 [16988a43-54c6-4d79-b4f6-1d89459795e1-groupManagement] INFO  server.RaftServerConfigKeys (ConfUtils.java:logGet(46)) - raft.server.log.force.sync.num = 128 (default)
2025-05-12 14:03:24,600 [16988a43-54c6-4d79-b4f6-1d89459795e1-groupManagement] INFO  server.RaftServerConfigKeys (ConfUtils.java:logGet(46)) - raft.server.log.statemachine.data.sync = true (default)
2025-05-12 14:03:24,600 [16988a43-54c6-4d79-b4f6-1d89459795e1-groupManagement] INFO  server.RaftServerConfigKeys (ConfUtils.java:logGet(46)) - raft.server.log.statemachine.data.sync.timeout = 10s (default)
2025-05-12 14:03:24,600 [16988a43-54c6-4d79-b4f6-1d89459795e1-groupManagement] INFO  server.RaftServerConfigKeys (ConfUtils.java:logGet(46)) - raft.server.log.statemachine.data.sync.timeout.retry = 30 (custom)
2025-05-12 14:03:24,600 [16988a43-54c6-4d79-b4f6-1d89459795e1-groupManagement] INFO  server.RaftServerConfigKeys (ConfUtils.java:logGet(46)) - raft.server.log.write.buffer.size = 33554440 (custom)
2025-05-12 14:03:24,600 [EventQueue-PipelineReportForOneReplicaPipelineSafeModeRule] INFO  safemode.SCMSafeModeManager (SCMSafeModeManager.java:validateSafeModeExitRules(140)) - AtleastOneDatanodeReportedRule rule is successfully validated
2025-05-12 14:03:24,605 [IPC Server handler 8 on default port 15011] INFO  scm.ReconNodeManager (ReconNodeManager.java:register(273)) - Updating nodeDB for localhost
2025-05-12 14:03:24,606 [IPC Server handler 8 on default port 15011] INFO  recon.ReconContext (ReconContext.java:updateHealthStatus(76)) - Update healthStatus of Recon from true to true.
2025-05-12 14:03:24,606 [Recon-EventQueue-PipelineReportForReconPipelineReportHandler] INFO  scm.ReconPipelineReportHandler (ReconPipelineReportHandler.java:processPipelineReport(102)) - Pipeline RATIS/THREE PipelineID=82a40e4c-495c-4d18-a5f6-5315e3f7dc37 reported by 16988a43-54c6-4d79-b4f6-1d89459795e1(localhost/127.0.0.1)
2025-05-12 14:03:24,610 [16988a43-54c6-4d79-b4f6-1d89459795e1-groupManagement] INFO  server.RaftServerConfigKeys (ConfUtils.java:logGet(46)) - raft.server.log.appender.buffer.byte-limit = 33554432 (custom)
2025-05-12 14:03:24,610 [16988a43-54c6-4d79-b4f6-1d89459795e1-groupManagement] INFO  server.RaftServerConfigKeys (ConfUtils.java:logGet(46)) - raft.server.log.unsafe-flush.enabled = false (default)
2025-05-12 14:03:24,610 [16988a43-54c6-4d79-b4f6-1d89459795e1-groupManagement] INFO  server.RaftServerConfigKeys (ConfUtils.java:logGet(46)) - raft.server.log.async-flush.enabled = false (default)
2025-05-12 14:03:24,611 [16988a43-54c6-4d79-b4f6-1d89459795e1-groupManagement] INFO  server.RaftServerConfigKeys (ConfUtils.java:logGet(46)) - raft.server.log.statemachine.data.caching.enabled = true (custom)
2025-05-12 14:03:24,611 [16988a43-54c6-4d79-b4f6-1d89459795e1-groupManagement] INFO  segmented.SegmentedRaftLogWorker (SegmentedRaftLogWorker.java:lambda$new$0(139)) - 16988a43-54c6-4d79-b4f6-1d89459795e1@group-5315E3F7DC37-SegmentedRaftLogWorker: flushIndex: setUnconditionally 0 -> -1
2025-05-12 14:03:24,612 [16988a43-54c6-4d79-b4f6-1d89459795e1-groupManagement] INFO  segmented.SegmentedRaftLogWorker (SegmentedRaftLogWorker.java:lambda$new$0(139)) - 16988a43-54c6-4d79-b4f6-1d89459795e1@group-5315E3F7DC37-SegmentedRaftLogWorker: safeCacheEvictIndex: setUnconditionally 0 -> -1
2025-05-12 14:03:24,612 [16988a43-54c6-4d79-b4f6-1d89459795e1-groupManagement] INFO  server.RaftServer$Division (RaftServerImpl.java:start(391)) - 16988a43-54c6-4d79-b4f6-1d89459795e1@group-5315E3F7DC37: start as a follower, conf=conf: {index: -1, cur=peers:[16988a43-54c6-4d79-b4f6-1d89459795e1|127.0.0.1:15033, a2b8b82a-e2f6-4a14-97b3-6459b5b9a67e|127.0.0.1:15025, cfefa488-19eb-42ef-a91e-ee6d690e2562|127.0.0.1:15017]|listeners:[], old=null}
2025-05-12 14:03:24,612 [16988a43-54c6-4d79-b4f6-1d89459795e1-groupManagement] INFO  server.RaftServer$Division (RaftServerImpl.java:setRole(378)) - 16988a43-54c6-4d79-b4f6-1d89459795e1@group-5315E3F7DC37: changes role from      null to FOLLOWER at term 0 for startAsFollower
2025-05-12 14:03:24,612 [16988a43-54c6-4d79-b4f6-1d89459795e1-groupManagement] INFO  impl.RoleInfo (RoleInfo.java:updateAndGet(148)) - 16988a43-54c6-4d79-b4f6-1d89459795e1: start 16988a43-54c6-4d79-b4f6-1d89459795e1@group-5315E3F7DC37-FollowerState
2025-05-12 14:03:24,613 [16988a43-54c6-4d79-b4f6-1d89459795e1@group-5315E3F7DC37-FollowerState] INFO  server.RaftServerConfigKeys (ConfUtils.java:logGet(46)) - raft.server.rpc.first-election.timeout.min = 1000ms (custom)
2025-05-12 14:03:24,613 [16988a43-54c6-4d79-b4f6-1d89459795e1-groupManagement] INFO  util.JmxRegister (JmxRegister.java:tryRegister(44)) - Successfully registered JMX Bean with object name Ratis:service=RaftServer,group=group-5315E3F7DC37,id=16988a43-54c6-4d79-b4f6-1d89459795e1
2025-05-12 14:03:24,613 [16988a43-54c6-4d79-b4f6-1d89459795e1-groupManagement] INFO  util.JmxRegister (JmxRegister.java:register(58)) - register mxBean class org.apache.ratis.server.impl.RaftServerJmxAdapter as Ratis:service=RaftServer,group=group-5315E3F7DC37,id=16988a43-54c6-4d79-b4f6-1d89459795e1
2025-05-12 14:03:24,613 [16988a43-54c6-4d79-b4f6-1d89459795e1@group-5315E3F7DC37-FollowerState] INFO  server.RaftServerConfigKeys (ConfUtils.java:logGet(46)) - raft.server.rpc.first-election.timeout.max = 1200ms (custom)
2025-05-12 14:03:24,613 [16988a43-54c6-4d79-b4f6-1d89459795e1-groupManagement] INFO  server.RaftServerConfigKeys (ConfUtils.java:logGet(46)) - raft.server.snapshot.trigger-when-stop.enabled = true (default)
2025-05-12 14:03:24,613 [16988a43-54c6-4d79-b4f6-1d89459795e1-groupManagement] INFO  server.RaftServerConfigKeys (ConfUtils.java:logGet(46)) - raft.server.snapshot.trigger-when-remove.enabled = true (default)
2025-05-12 14:03:24,613 [16988a43-54c6-4d79-b4f6-1d89459795e1-groupManagement] INFO  server.RaftServerConfigKeys (ConfUtils.java:logGet(46)) - raft.server.snapshot.auto.trigger.enabled = true (custom)
2025-05-12 14:03:24,613 [16988a43-54c6-4d79-b4f6-1d89459795e1-groupManagement] INFO  server.RaftServerConfigKeys (ConfUtils.java:logGet(46)) - raft.server.snapshot.auto.trigger.threshold = 100000 (custom)
2025-05-12 14:03:24,613 [16988a43-54c6-4d79-b4f6-1d89459795e1-groupManagement] INFO  server.RaftServerConfigKeys (ConfUtils.java:logGet(46)) - raft.server.snapshot.retention.file.num = 5 (custom)
2025-05-12 14:03:24,613 [16988a43-54c6-4d79-b4f6-1d89459795e1-groupManagement] INFO  server.RaftServerConfigKeys (ConfUtils.java:logGet(46)) - raft.server.log.purge.upto.snapshot.index = false (default)
2025-05-12 14:03:24,614 [16988a43-54c6-4d79-b4f6-1d89459795e1-groupManagement] INFO  server.RaftServer$Division (RaftServerImpl.java:start(405)) - 16988a43-54c6-4d79-b4f6-1d89459795e1@group-5315E3F7DC37: Successfully started.
2025-05-12 14:03:24,640 [cfefa488-19eb-42ef-a91e-ee6d690e2562-PipelineCommandHandlerThread-0] INFO  commandhandler.CreatePipelineCommandHandler (CreatePipelineCommandHandler.java:lambda$handle$2(128)) - Created Pipeline RATIS THREE PipelineID=82a40e4c-495c-4d18-a5f6-5315e3f7dc37.
2025-05-12 14:03:24,641 [cfefa488-19eb-42ef-a91e-ee6d690e2562-PipelineCommandHandlerThread-0] INFO  server.RaftServer (RaftServerProxy.java:addNew(100)) - cfefa488-19eb-42ef-a91e-ee6d690e2562: addNew group-E2372747EBFE:[16988a43-54c6-4d79-b4f6-1d89459795e1|127.0.0.1:15033, a2b8b82a-e2f6-4a14-97b3-6459b5b9a67e|127.0.0.1:15025, cfefa488-19eb-42ef-a91e-ee6d690e2562|127.0.0.1:15017] returns group-E2372747EBFE:java.util.concurrent.CompletableFuture@5fdc74ea[Not completed]
2025-05-12 14:03:24,642 [cfefa488-19eb-42ef-a91e-ee6d690e2562-groupManagement] INFO  server.RaftServer$Division (RaftServerImpl.java:<init>(255)) - cfefa488-19eb-42ef-a91e-ee6d690e2562: new RaftServerImpl for group-E2372747EBFE:[16988a43-54c6-4d79-b4f6-1d89459795e1|127.0.0.1:15033, a2b8b82a-e2f6-4a14-97b3-6459b5b9a67e|127.0.0.1:15025, cfefa488-19eb-42ef-a91e-ee6d690e2562|127.0.0.1:15017] with ContainerStateMachine:uninitialized
2025-05-12 14:03:24,642 [cfefa488-19eb-42ef-a91e-ee6d690e2562-groupManagement] INFO  server.RaftServerConfigKeys (ConfUtils.java:logGet(46)) - raft.server.rpc.timeout.min = 5s (custom)
2025-05-12 14:03:24,642 [cfefa488-19eb-42ef-a91e-ee6d690e2562-groupManagement] INFO  server.RaftServerConfigKeys (ConfUtils.java:logGet(46)) - raft.server.rpc.timeout.max = 5200ms (custom)
2025-05-12 14:03:24,642 [cfefa488-19eb-42ef-a91e-ee6d690e2562-groupManagement] INFO  server.RaftServerConfigKeys (ConfUtils.java:logGet(46)) - raft.server.rpc.sleep.time = 25ms (default)
2025-05-12 14:03:24,642 [cfefa488-19eb-42ef-a91e-ee6d690e2562-groupManagement] INFO  server.RaftServerConfigKeys (ConfUtils.java:logGet(46)) - raft.server.rpc.slowness.timeout = 300s (custom)
2025-05-12 14:03:24,642 [cfefa488-19eb-42ef-a91e-ee6d690e2562-groupManagement] INFO  server.RaftServerConfigKeys (ConfUtils.java:logGet(46)) - raft.server.leaderelection.leader.step-down.wait-time = 10s (default)
2025-05-12 14:03:24,642 [cfefa488-19eb-42ef-a91e-ee6d690e2562-groupManagement] INFO  server.RaftServerConfigKeys (ConfUtils.java:logGet(46)) - raft.server.leaderelection.member.majority-add = false (default)
2025-05-12 14:03:24,642 [cfefa488-19eb-42ef-a91e-ee6d690e2562-groupManagement] INFO  server.RaftServerConfigKeys (ConfUtils.java:logGet(46)) - raft.server.sleep.deviation.threshold = 300ms (default)
2025-05-12 14:03:24,642 [cfefa488-19eb-42ef-a91e-ee6d690e2562-groupManagement] INFO  server.RaftServer$Division (ServerState.java:<init>(114)) - cfefa488-19eb-42ef-a91e-ee6d690e2562@group-E2372747EBFE: ConfigurationManager, init=conf: {index: -1, cur=peers:[16988a43-54c6-4d79-b4f6-1d89459795e1|127.0.0.1:15033, a2b8b82a-e2f6-4a14-97b3-6459b5b9a67e|127.0.0.1:15025, cfefa488-19eb-42ef-a91e-ee6d690e2562|127.0.0.1:15017]|listeners:[], old=null}, confs=<EMPTY_MAP>
2025-05-12 14:03:24,642 [cfefa488-19eb-42ef-a91e-ee6d690e2562-groupManagement] INFO  server.RaftServerConfigKeys (ConfUtils.java:logGet(46)) - raft.server.notification.no-leader.timeout = 300s (custom)
2025-05-12 14:03:24,643 [cfefa488-19eb-42ef-a91e-ee6d690e2562-groupManagement] INFO  server.RaftServerConfigKeys (ConfUtils.java:logGet(46)) - raft.server.read.timeout = 10s (default)
2025-05-12 14:03:24,643 [cfefa488-19eb-42ef-a91e-ee6d690e2562-groupManagement] INFO  server.RaftServerConfigKeys (ConfUtils.java:logGet(46)) - raft.server.retrycache.expirytime = 600000ms (custom)
2025-05-12 14:03:24,643 [cfefa488-19eb-42ef-a91e-ee6d690e2562-groupManagement] INFO  server.RaftServerConfigKeys (ConfUtils.java:logGet(46)) - raft.server.retrycache.statistics.expirytime = 100ms (default)
2025-05-12 14:03:24,643 [cfefa488-19eb-42ef-a91e-ee6d690e2562-groupManagement] INFO  server.RaftServerConfigKeys (ConfUtils.java:logGet(46)) - raft.server.read.option = DEFAULT (default)
2025-05-12 14:03:24,643 [cfefa488-19eb-42ef-a91e-ee6d690e2562-groupManagement] INFO  server.RaftServerConfigKeys (ConfUtils.java:logGet(46)) - raft.server.read.read-after-write-consistent.write-index-cache.expiry-time = 60s (default)
2025-05-12 14:03:24,647 [cfefa488-19eb-42ef-a91e-ee6d690e2562-groupManagement] INFO  server.RaftServerConfigKeys (ConfUtils.java:logGet(46)) - raft.server.rpc.request.timeout = 60s (custom)
2025-05-12 14:03:24,647 [cfefa488-19eb-42ef-a91e-ee6d690e2562-groupManagement] INFO  server.RaftServerConfigKeys (ConfUtils.java:logGet(46)) - raft.server.log.appender.install.snapshot.enabled = false (custom)
2025-05-12 14:03:24,647 [cfefa488-19eb-42ef-a91e-ee6d690e2562-groupManagement] INFO  server.RaftServerConfigKeys (ConfUtils.java:logGet(46)) - raft.server.threadpool.server.cached = true (default)
2025-05-12 14:03:24,647 [cfefa488-19eb-42ef-a91e-ee6d690e2562-groupManagement] INFO  server.RaftServerConfigKeys (ConfUtils.java:logGet(46)) - raft.server.threadpool.server.size = 0 (default)
2025-05-12 14:03:24,647 [cfefa488-19eb-42ef-a91e-ee6d690e2562-groupManagement] INFO  server.RaftServerConfigKeys (ConfUtils.java:logGet(46)) - raft.server.threadpool.client.cached = true (default)
2025-05-12 14:03:24,648 [cfefa488-19eb-42ef-a91e-ee6d690e2562-groupManagement] INFO  server.RaftServerConfigKeys (ConfUtils.java:logGet(46)) - raft.server.threadpool.client.size = 0 (default)
2025-05-12 14:03:24,648 [cfefa488-19eb-42ef-a91e-ee6d690e2562-groupManagement] INFO  server.RaftServerConfigKeys (ConfUtils.java:logGet(46)) - raft.server.storage.free-space.min = 0MB (=0) (default)
2025-05-12 14:03:24,648 [cfefa488-19eb-42ef-a91e-ee6d690e2562-groupManagement] INFO  server.RaftServerConfigKeys (ConfUtils.java:logGet(46)) - raft.server.log.corruption.policy = EXCEPTION (default)
2025-05-12 14:03:24,648 [cfefa488-19eb-42ef-a91e-ee6d690e2562-groupManagement] INFO  server.RaftServerConfigKeys (ConfUtils.java:logGet(46)) - raft.server.storage.dir = [/home/runner/work/ozone/ozone/hadoop-ozone/integration-test/target/test-dir/MiniOzoneClusterImpl-93228f78-d735-4ce6-971e-ca8f5c94dbdd/ozone-meta/datanode-1/ratis] (custom)
2025-05-12 14:03:24,648 [cfefa488-19eb-42ef-a91e-ee6d690e2562-groupManagement] INFO  storage.RaftStorageDirectory (RaftStorageDirectoryImpl.java:analyzeStorage(138)) - The storage directory /home/runner/work/ozone/ozone/hadoop-ozone/integration-test/target/test-dir/MiniOzoneClusterImpl-93228f78-d735-4ce6-971e-ca8f5c94dbdd/ozone-meta/datanode-1/ratis/00ca9195-5014-4ace-8f60-e2372747ebfe does not exist. Creating ...
2025-05-12 14:03:24,651 [cfefa488-19eb-42ef-a91e-ee6d690e2562-groupManagement] INFO  storage.RaftStorageDirectory (RaftStorageDirectoryImpl.java:tryLock(229)) - Lock on /home/runner/work/ozone/ozone/hadoop-ozone/integration-test/target/test-dir/MiniOzoneClusterImpl-93228f78-d735-4ce6-971e-ca8f5c94dbdd/ozone-meta/datanode-1/ratis/00ca9195-5014-4ace-8f60-e2372747ebfe/in_use.lock acquired by nodename 118448@pkrvmberfyhpb9w
2025-05-12 14:03:24,652 [cfefa488-19eb-42ef-a91e-ee6d690e2562-groupManagement] INFO  storage.RaftStorage (RaftStorageImpl.java:format(98)) - Storage directory /home/runner/work/ozone/ozone/hadoop-ozone/integration-test/target/test-dir/MiniOzoneClusterImpl-93228f78-d735-4ce6-971e-ca8f5c94dbdd/ozone-meta/datanode-1/ratis/00ca9195-5014-4ace-8f60-e2372747ebfe has been successfully formatted.
2025-05-12 14:03:24,654 [cfefa488-19eb-42ef-a91e-ee6d690e2562-groupManagement] INFO  ratis.ContainerStateMachine (ContainerStateMachine.java:initialize(339)) - cfefa488-19eb-42ef-a91e-ee6d690e2562: initialize group-E2372747EBFE
2025-05-12 14:03:24,654 [cfefa488-19eb-42ef-a91e-ee6d690e2562-groupManagement] INFO  ratis.ContainerStateMachine (ContainerStateMachine.java:loadSnapshot(347)) - group-E2372747EBFE: The snapshot info is null. Setting the last applied index to:(t:0, i:~)
2025-05-12 14:03:24,654 [cfefa488-19eb-42ef-a91e-ee6d690e2562-groupManagement] INFO  server.RaftServerConfigKeys (ConfUtils.java:logGet(46)) - raft.server.log.use.memory = false (default)
2025-05-12 14:03:24,654 [cfefa488-19eb-42ef-a91e-ee6d690e2562-groupManagement] INFO  server.RaftServerConfigKeys (ConfUtils.java:logGet(46)) - raft.server.log.purge.gap = 1000000 (custom)
2025-05-12 14:03:24,654 [cfefa488-19eb-42ef-a91e-ee6d690e2562-groupManagement] INFO  server.RaftServerConfigKeys (ConfUtils.java:logGet(46)) - raft.server.log.appender.buffer.byte-limit = 33554432 (custom)
2025-05-12 14:03:24,654 [cfefa488-19eb-42ef-a91e-ee6d690e2562-groupManagement] INFO  server.RaftServerConfigKeys (ConfUtils.java:logGet(46)) - raft.server.log.statemachine.data.read.timeout = 1000ms (default)
2025-05-12 14:03:24,654 [cfefa488-19eb-42ef-a91e-ee6d690e2562-groupManagement] INFO  server.RaftServerConfigKeys (ConfUtils.java:logGet(46)) - raft.server.log.purge.preservation.log.num = 0 (default)
2025-05-12 14:03:24,655 [Recon-EventQueue-PipelineReportForReconPipelineReportHandler] INFO  scm.ReconPipelineReportHandler (ReconPipelineReportHandler.java:processPipelineReport(66)) - Unknown pipeline PipelineID=00ca9195-5014-4ace-8f60-e2372747ebfe. Trying to get from SCM.
2025-05-12 14:03:24,657 [EventQueue-PipelineReportForOneReplicaPipelineSafeModeRule] INFO  safemode.SCMSafeModeManager (SCMSafeModeManager.java:validateSafeModeExitRules(140)) - AtleastOneDatanodeReportedRule rule is successfully validated
2025-05-12 14:03:24,658 [EventQueue-OpenPipelineForHealthyPipelineSafeModeRule] INFO  safemode.SCMSafeModeManager (HealthyPipelineSafeModeRule.java:process(141)) - SCM in safe mode. Healthy pipelines reported count is 0, required healthy pipeline reported count is 1
2025-05-12 14:03:24,658 [cfefa488-19eb-42ef-a91e-ee6d690e2562-groupManagement] INFO  server.RaftServerConfigKeys (ConfUtils.java:logGet(46)) - raft.server.log.segment.size.max = 67108864 (custom)
2025-05-12 14:03:24,660 [cfefa488-19eb-42ef-a91e-ee6d690e2562-groupManagement] INFO  server.RaftServerConfigKeys (ConfUtils.java:logGet(46)) - raft.server.log.segment.cache.num.max = 2 (custom)
2025-05-12 14:03:24,660 [cfefa488-19eb-42ef-a91e-ee6d690e2562-groupManagement] INFO  server.RaftServerConfigKeys (ConfUtils.java:logGet(46)) - raft.server.log.segment.cache.size.max = 200MB (=209715200) (default)
2025-05-12 14:03:24,660 [cfefa488-19eb-42ef-a91e-ee6d690e2562-groupManagement] INFO  server.RaftServerConfigKeys (ConfUtils.java:logGet(46)) - raft.server.log.appender.buffer.byte-limit = 33554432 (custom)
2025-05-12 14:03:24,661 [Recon-EventQueue-PipelineReportForReconPipelineReportHandler] INFO  scm.ReconPipelineReportHandler (ReconPipelineReportHandler.java:processPipelineReport(85)) - Pipeline Pipeline{ Id: 00ca9195-5014-4ace-8f60-e2372747ebfe, Nodes: [ {a2b8b82a-e2f6-4a14-97b3-6459b5b9a67e(localhost/127.0.0.1), ReplicaIndex: 0}, {cfefa488-19eb-42ef-a91e-ee6d690e2562(localhost/127.0.0.1), ReplicaIndex: 0}, {16988a43-54c6-4d79-b4f6-1d89459795e1(localhost/127.0.0.1), ReplicaIndex: 0},], ReplicationConfig: RATIS/THREE, State:ALLOCATED, leaderId:, CreationTimestamp2025-05-12T14:03:22.230Z[Etc/UTC]} verified from SCM and added to Recon pipeline metadata.
2025-05-12 14:03:24,661 [Recon-EventQueue-PipelineReportForReconPipelineReportHandler] INFO  scm.ReconPipelineReportHandler (ReconPipelineReportHandler.java:processPipelineReport(102)) - Pipeline RATIS/THREE PipelineID=00ca9195-5014-4ace-8f60-e2372747ebfe reported by cfefa488-19eb-42ef-a91e-ee6d690e2562(localhost/127.0.0.1)
2025-05-12 14:03:24,661 [Recon-EventQueue-PipelineReportForReconPipelineReportHandler] INFO  scm.ReconPipelineReportHandler (ReconPipelineReportHandler.java:processPipelineReport(102)) - Pipeline RATIS/THREE PipelineID=82a40e4c-495c-4d18-a5f6-5315e3f7dc37 reported by cfefa488-19eb-42ef-a91e-ee6d690e2562(localhost/127.0.0.1)
2025-05-12 14:03:24,661 [cfefa488-19eb-42ef-a91e-ee6d690e2562-groupManagement] INFO  util.AwaitToRun (AwaitToRun.java:start(81)) - Thread[#987,cfefa488-19eb-42ef-a91e-ee6d690e2562@group-E2372747EBFE-cacheEviction-AwaitToRun,5,main] started
2025-05-12 14:03:24,661 [cfefa488-19eb-42ef-a91e-ee6d690e2562-groupManagement] INFO  segmented.SegmentedRaftLogWorker (SegmentedRaftLogWorker.java:<init>(188)) - new cfefa488-19eb-42ef-a91e-ee6d690e2562@group-E2372747EBFE-SegmentedRaftLogWorker for RaftStorageImpl:Storage Directory /home/runner/work/ozone/ozone/hadoop-ozone/integration-test/target/test-dir/MiniOzoneClusterImpl-93228f78-d735-4ce6-971e-ca8f5c94dbdd/ozone-meta/datanode-1/ratis/00ca9195-5014-4ace-8f60-e2372747ebfe
2025-05-12 14:03:24,661 [cfefa488-19eb-42ef-a91e-ee6d690e2562-groupManagement] INFO  server.RaftServerConfigKeys (ConfUtils.java:logGet(46)) - raft.server.log.queue.byte-limit = 4294967296 (custom)
2025-05-12 14:03:24,661 [cfefa488-19eb-42ef-a91e-ee6d690e2562-groupManagement] INFO  server.RaftServerConfigKeys (ConfUtils.java:logGet(46)) - raft.server.log.queue.element-limit = 1024 (custom)
2025-05-12 14:03:24,661 [cfefa488-19eb-42ef-a91e-ee6d690e2562-groupManagement] INFO  server.RaftServerConfigKeys (ConfUtils.java:logGet(46)) - raft.server.log.segment.size.max = 67108864 (custom)
2025-05-12 14:03:24,661 [cfefa488-19eb-42ef-a91e-ee6d690e2562-groupManagement] INFO  server.RaftServerConfigKeys (ConfUtils.java:logGet(46)) - raft.server.log.preallocated.size = 4194304 (custom)
2025-05-12 14:03:24,661 [cfefa488-19eb-42ef-a91e-ee6d690e2562-groupManagement] INFO  server.RaftServerConfigKeys (ConfUtils.java:logGet(46)) - raft.server.log.force.sync.num = 128 (default)
2025-05-12 14:03:24,662 [cfefa488-19eb-42ef-a91e-ee6d690e2562-groupManagement] INFO  server.RaftServerConfigKeys (ConfUtils.java:logGet(46)) - raft.server.log.statemachine.data.sync = true (default)
2025-05-12 14:03:24,663 [cfefa488-19eb-42ef-a91e-ee6d690e2562-groupManagement] INFO  server.RaftServerConfigKeys (ConfUtils.java:logGet(46)) - raft.server.log.statemachine.data.sync.timeout = 10s (default)
2025-05-12 14:03:24,663 [cfefa488-19eb-42ef-a91e-ee6d690e2562-groupManagement] INFO  server.RaftServerConfigKeys (ConfUtils.java:logGet(46)) - raft.server.log.statemachine.data.sync.timeout.retry = 30 (custom)
2025-05-12 14:03:24,663 [cfefa488-19eb-42ef-a91e-ee6d690e2562-groupManagement] INFO  server.RaftServerConfigKeys (ConfUtils.java:logGet(46)) - raft.server.log.write.buffer.size = 33554440 (custom)
2025-05-12 14:03:24,663 [a2b8b82a-e2f6-4a14-97b3-6459b5b9a67e-PipelineCommandHandlerThread-0] INFO  commandhandler.CreatePipelineCommandHandler (CreatePipelineCommandHandler.java:lambda$handle$2(128)) - Created Pipeline RATIS THREE PipelineID=82a40e4c-495c-4d18-a5f6-5315e3f7dc37.
2025-05-12 14:03:24,664 [a2b8b82a-e2f6-4a14-97b3-6459b5b9a67e-PipelineCommandHandlerThread-0] INFO  server.RaftServer (RaftServerProxy.java:addNew(100)) - a2b8b82a-e2f6-4a14-97b3-6459b5b9a67e: addNew group-E2372747EBFE:[16988a43-54c6-4d79-b4f6-1d89459795e1|127.0.0.1:15033, a2b8b82a-e2f6-4a14-97b3-6459b5b9a67e|127.0.0.1:15025, cfefa488-19eb-42ef-a91e-ee6d690e2562|127.0.0.1:15017] returns group-E2372747EBFE:java.util.concurrent.CompletableFuture@4345ed5b[Not completed]
2025-05-12 14:03:24,681 [cfefa488-19eb-42ef-a91e-ee6d690e2562-groupManagement] INFO  server.RaftServerConfigKeys (ConfUtils.java:logGet(46)) - raft.server.log.appender.buffer.byte-limit = 33554432 (custom)
2025-05-12 14:03:24,681 [cfefa488-19eb-42ef-a91e-ee6d690e2562-groupManagement] INFO  server.RaftServerConfigKeys (ConfUtils.java:logGet(46)) - raft.server.log.unsafe-flush.enabled = false (default)
2025-05-12 14:03:24,681 [cfefa488-19eb-42ef-a91e-ee6d690e2562-groupManagement] INFO  server.RaftServerConfigKeys (ConfUtils.java:logGet(46)) - raft.server.log.async-flush.enabled = false (default)
2025-05-12 14:03:24,681 [cfefa488-19eb-42ef-a91e-ee6d690e2562-groupManagement] INFO  server.RaftServerConfigKeys (ConfUtils.java:logGet(46)) - raft.server.log.statemachine.data.caching.enabled = true (custom)
2025-05-12 14:03:24,682 [cfefa488-19eb-42ef-a91e-ee6d690e2562-groupManagement] INFO  segmented.SegmentedRaftLogWorker (SegmentedRaftLogWorker.java:lambda$new$0(139)) - cfefa488-19eb-42ef-a91e-ee6d690e2562@group-E2372747EBFE-SegmentedRaftLogWorker: flushIndex: setUnconditionally 0 -> -1
2025-05-12 14:03:24,682 [cfefa488-19eb-42ef-a91e-ee6d690e2562-groupManagement] INFO  segmented.SegmentedRaftLogWorker (SegmentedRaftLogWorker.java:lambda$new$0(139)) - cfefa488-19eb-42ef-a91e-ee6d690e2562@group-E2372747EBFE-SegmentedRaftLogWorker: safeCacheEvictIndex: setUnconditionally 0 -> -1
2025-05-12 14:03:24,683 [cfefa488-19eb-42ef-a91e-ee6d690e2562-groupManagement] INFO  server.RaftServer$Division (RaftServerImpl.java:start(391)) - cfefa488-19eb-42ef-a91e-ee6d690e2562@group-E2372747EBFE: start as a follower, conf=conf: {index: -1, cur=peers:[16988a43-54c6-4d79-b4f6-1d89459795e1|127.0.0.1:15033, a2b8b82a-e2f6-4a14-97b3-6459b5b9a67e|127.0.0.1:15025, cfefa488-19eb-42ef-a91e-ee6d690e2562|127.0.0.1:15017]|listeners:[], old=null}
2025-05-12 14:03:24,683 [cfefa488-19eb-42ef-a91e-ee6d690e2562-groupManagement] INFO  server.RaftServer$Division (RaftServerImpl.java:setRole(378)) - cfefa488-19eb-42ef-a91e-ee6d690e2562@group-E2372747EBFE: changes role from      null to FOLLOWER at term 0 for startAsFollower
2025-05-12 14:03:24,683 [cfefa488-19eb-42ef-a91e-ee6d690e2562-groupManagement] INFO  impl.RoleInfo (RoleInfo.java:updateAndGet(148)) - cfefa488-19eb-42ef-a91e-ee6d690e2562: start cfefa488-19eb-42ef-a91e-ee6d690e2562@group-E2372747EBFE-FollowerState
2025-05-12 14:03:24,683 [a2b8b82a-e2f6-4a14-97b3-6459b5b9a67e-groupManagement] INFO  server.RaftServer$Division (RaftServerImpl.java:<init>(255)) - a2b8b82a-e2f6-4a14-97b3-6459b5b9a67e: new RaftServerImpl for group-E2372747EBFE:[16988a43-54c6-4d79-b4f6-1d89459795e1|127.0.0.1:15033, a2b8b82a-e2f6-4a14-97b3-6459b5b9a67e|127.0.0.1:15025, cfefa488-19eb-42ef-a91e-ee6d690e2562|127.0.0.1:15017] with ContainerStateMachine:uninitialized
2025-05-12 14:03:24,683 [a2b8b82a-e2f6-4a14-97b3-6459b5b9a67e-groupManagement] INFO  server.RaftServerConfigKeys (ConfUtils.java:logGet(46)) - raft.server.rpc.timeout.min = 5s (custom)
2025-05-12 14:03:24,684 [a2b8b82a-e2f6-4a14-97b3-6459b5b9a67e-groupManagement] INFO  server.RaftServerConfigKeys (ConfUtils.java:logGet(46)) - raft.server.rpc.timeout.max = 5200ms (custom)
2025-05-12 14:03:24,684 [a2b8b82a-e2f6-4a14-97b3-6459b5b9a67e-groupManagement] INFO  server.RaftServerConfigKeys (ConfUtils.java:logGet(46)) - raft.server.rpc.sleep.time = 25ms (default)
2025-05-12 14:03:24,684 [a2b8b82a-e2f6-4a14-97b3-6459b5b9a67e-groupManagement] INFO  server.RaftServerConfigKeys (ConfUtils.java:logGet(46)) - raft.server.rpc.slowness.timeout = 300s (custom)
2025-05-12 14:03:24,684 [a2b8b82a-e2f6-4a14-97b3-6459b5b9a67e-groupManagement] INFO  server.RaftServerConfigKeys (ConfUtils.java:logGet(46)) - raft.server.leaderelection.leader.step-down.wait-time = 10s (default)
2025-05-12 14:03:24,684 [a2b8b82a-e2f6-4a14-97b3-6459b5b9a67e-groupManagement] INFO  server.RaftServerConfigKeys (ConfUtils.java:logGet(46)) - raft.server.leaderelection.member.majority-add = false (default)
2025-05-12 14:03:24,684 [a2b8b82a-e2f6-4a14-97b3-6459b5b9a67e-groupManagement] INFO  server.RaftServerConfigKeys (ConfUtils.java:logGet(46)) - raft.server.sleep.deviation.threshold = 300ms (default)
2025-05-12 14:03:24,684 [a2b8b82a-e2f6-4a14-97b3-6459b5b9a67e-groupManagement] INFO  server.RaftServer$Division (ServerState.java:<init>(114)) - a2b8b82a-e2f6-4a14-97b3-6459b5b9a67e@group-E2372747EBFE: ConfigurationManager, init=conf: {index: -1, cur=peers:[16988a43-54c6-4d79-b4f6-1d89459795e1|127.0.0.1:15033, a2b8b82a-e2f6-4a14-97b3-6459b5b9a67e|127.0.0.1:15025, cfefa488-19eb-42ef-a91e-ee6d690e2562|127.0.0.1:15017]|listeners:[], old=null}, confs=<EMPTY_MAP>
2025-05-12 14:03:24,684 [a2b8b82a-e2f6-4a14-97b3-6459b5b9a67e-groupManagement] INFO  server.RaftServerConfigKeys (ConfUtils.java:logGet(46)) - raft.server.notification.no-leader.timeout = 300s (custom)
2025-05-12 14:03:24,684 [a2b8b82a-e2f6-4a14-97b3-6459b5b9a67e-groupManagement] INFO  server.RaftServerConfigKeys (ConfUtils.java:logGet(46)) - raft.server.read.timeout = 10s (default)
2025-05-12 14:03:24,684 [a2b8b82a-e2f6-4a14-97b3-6459b5b9a67e-groupManagement] INFO  server.RaftServerConfigKeys (ConfUtils.java:logGet(46)) - raft.server.retrycache.expirytime = 600000ms (custom)
2025-05-12 14:03:24,684 [cfefa488-19eb-42ef-a91e-ee6d690e2562-groupManagement] INFO  util.JmxRegister (JmxRegister.java:tryRegister(44)) - Successfully registered JMX Bean with object name Ratis:service=RaftServer,group=group-E2372747EBFE,id=cfefa488-19eb-42ef-a91e-ee6d690e2562
2025-05-12 14:03:24,684 [cfefa488-19eb-42ef-a91e-ee6d690e2562-groupManagement] INFO  util.JmxRegister (JmxRegister.java:register(58)) - register mxBean class org.apache.ratis.server.impl.RaftServerJmxAdapter as Ratis:service=RaftServer,group=group-E2372747EBFE,id=cfefa488-19eb-42ef-a91e-ee6d690e2562
2025-05-12 14:03:24,684 [cfefa488-19eb-42ef-a91e-ee6d690e2562@group-E2372747EBFE-FollowerState] INFO  server.RaftServerConfigKeys (ConfUtils.java:logGet(46)) - raft.server.rpc.first-election.timeout.min = 1000ms (custom)
2025-05-12 14:03:24,685 [cfefa488-19eb-42ef-a91e-ee6d690e2562@group-E2372747EBFE-FollowerState] INFO  server.RaftServerConfigKeys (ConfUtils.java:logGet(46)) - raft.server.rpc.first-election.timeout.max = 1200ms (custom)
2025-05-12 14:03:24,685 [a2b8b82a-e2f6-4a14-97b3-6459b5b9a67e-groupManagement] INFO  server.RaftServerConfigKeys (ConfUtils.java:logGet(46)) - raft.server.retrycache.statistics.expirytime = 100ms (default)
2025-05-12 14:03:24,685 [a2b8b82a-e2f6-4a14-97b3-6459b5b9a67e-groupManagement] INFO  server.RaftServerConfigKeys (ConfUtils.java:logGet(46)) - raft.server.read.option = DEFAULT (default)
2025-05-12 14:03:24,685 [a2b8b82a-e2f6-4a14-97b3-6459b5b9a67e-groupManagement] INFO  server.RaftServerConfigKeys (ConfUtils.java:logGet(46)) - raft.server.read.read-after-write-consistent.write-index-cache.expiry-time = 60s (default)
2025-05-12 14:03:24,686 [cfefa488-19eb-42ef-a91e-ee6d690e2562-groupManagement] INFO  server.RaftServerConfigKeys (ConfUtils.java:logGet(46)) - raft.server.snapshot.trigger-when-stop.enabled = true (default)
2025-05-12 14:03:24,686 [cfefa488-19eb-42ef-a91e-ee6d690e2562-groupManagement] INFO  server.RaftServerConfigKeys (ConfUtils.java:logGet(46)) - raft.server.snapshot.trigger-when-remove.enabled = true (default)
2025-05-12 14:03:24,686 [cfefa488-19eb-42ef-a91e-ee6d690e2562-groupManagement] INFO  server.RaftServerConfigKeys (ConfUtils.java:logGet(46)) - raft.server.snapshot.auto.trigger.enabled = true (custom)
2025-05-12 14:03:24,686 [cfefa488-19eb-42ef-a91e-ee6d690e2562-groupManagement] INFO  server.RaftServerConfigKeys (ConfUtils.java:logGet(46)) - raft.server.snapshot.auto.trigger.threshold = 100000 (custom)
2025-05-12 14:03:24,686 [cfefa488-19eb-42ef-a91e-ee6d690e2562-groupManagement] INFO  server.RaftServerConfigKeys (ConfUtils.java:logGet(46)) - raft.server.snapshot.retention.file.num = 5 (custom)
2025-05-12 14:03:24,686 [cfefa488-19eb-42ef-a91e-ee6d690e2562-groupManagement] INFO  server.RaftServerConfigKeys (ConfUtils.java:logGet(46)) - raft.server.log.purge.upto.snapshot.index = false (default)
2025-05-12 14:03:24,687 [cfefa488-19eb-42ef-a91e-ee6d690e2562-groupManagement] INFO  server.RaftServer$Division (RaftServerImpl.java:start(405)) - cfefa488-19eb-42ef-a91e-ee6d690e2562@group-E2372747EBFE: Successfully started.
2025-05-12 14:03:24,687 [cfefa488-19eb-42ef-a91e-ee6d690e2562-PipelineCommandHandlerThread-0] INFO  ratis.XceiverServerRatis (XceiverServerRatis.java:addGroup(843)) - Created group PipelineID=00ca9195-5014-4ace-8f60-e2372747ebfe
2025-05-12 14:03:24,692 [a2b8b82a-e2f6-4a14-97b3-6459b5b9a67e-groupManagement] INFO  server.RaftServerConfigKeys (ConfUtils.java:logGet(46)) - raft.server.rpc.request.timeout = 60s (custom)
2025-05-12 14:03:24,692 [a2b8b82a-e2f6-4a14-97b3-6459b5b9a67e-groupManagement] INFO  server.RaftServerConfigKeys (ConfUtils.java:logGet(46)) - raft.server.log.appender.install.snapshot.enabled = false (custom)
2025-05-12 14:03:24,692 [a2b8b82a-e2f6-4a14-97b3-6459b5b9a67e-groupManagement] INFO  server.RaftServerConfigKeys (ConfUtils.java:logGet(46)) - raft.server.threadpool.server.cached = true (default)
2025-05-12 14:03:24,692 [a2b8b82a-e2f6-4a14-97b3-6459b5b9a67e-groupManagement] INFO  server.RaftServerConfigKeys (ConfUtils.java:logGet(46)) - raft.server.threadpool.server.size = 0 (default)
2025-05-12 14:03:24,692 [a2b8b82a-e2f6-4a14-97b3-6459b5b9a67e-groupManagement] INFO  server.RaftServerConfigKeys (ConfUtils.java:logGet(46)) - raft.server.threadpool.client.cached = true (default)
2025-05-12 14:03:24,692 [a2b8b82a-e2f6-4a14-97b3-6459b5b9a67e-groupManagement] INFO  server.RaftServerConfigKeys (ConfUtils.java:logGet(46)) - raft.server.threadpool.client.size = 0 (default)
2025-05-12 14:03:24,692 [a2b8b82a-e2f6-4a14-97b3-6459b5b9a67e-groupManagement] INFO  server.RaftServerConfigKeys (ConfUtils.java:logGet(46)) - raft.server.storage.free-space.min = 0MB (=0) (default)
2025-05-12 14:03:24,692 [a2b8b82a-e2f6-4a14-97b3-6459b5b9a67e-groupManagement] INFO  server.RaftServerConfigKeys (ConfUtils.java:logGet(46)) - raft.server.log.corruption.policy = EXCEPTION (default)
2025-05-12 14:03:24,693 [a2b8b82a-e2f6-4a14-97b3-6459b5b9a67e-groupManagement] INFO  server.RaftServerConfigKeys (ConfUtils.java:logGet(46)) - raft.server.storage.dir = [/home/runner/work/ozone/ozone/hadoop-ozone/integration-test/target/test-dir/MiniOzoneClusterImpl-93228f78-d735-4ce6-971e-ca8f5c94dbdd/ozone-meta/datanode-2/ratis] (custom)
2025-05-12 14:03:24,693 [a2b8b82a-e2f6-4a14-97b3-6459b5b9a67e-groupManagement] INFO  storage.RaftStorageDirectory (RaftStorageDirectoryImpl.java:analyzeStorage(138)) - The storage directory /home/runner/work/ozone/ozone/hadoop-ozone/integration-test/target/test-dir/MiniOzoneClusterImpl-93228f78-d735-4ce6-971e-ca8f5c94dbdd/ozone-meta/datanode-2/ratis/00ca9195-5014-4ace-8f60-e2372747ebfe does not exist. Creating ...
2025-05-12 14:03:24,698 [a2b8b82a-e2f6-4a14-97b3-6459b5b9a67e-groupManagement] INFO  storage.RaftStorageDirectory (RaftStorageDirectoryImpl.java:tryLock(229)) - Lock on /home/runner/work/ozone/ozone/hadoop-ozone/integration-test/target/test-dir/MiniOzoneClusterImpl-93228f78-d735-4ce6-971e-ca8f5c94dbdd/ozone-meta/datanode-2/ratis/00ca9195-5014-4ace-8f60-e2372747ebfe/in_use.lock acquired by nodename 118448@pkrvmberfyhpb9w
2025-05-12 14:03:24,700 [a2b8b82a-e2f6-4a14-97b3-6459b5b9a67e-groupManagement] INFO  storage.RaftStorage (RaftStorageImpl.java:format(98)) - Storage directory /home/runner/work/ozone/ozone/hadoop-ozone/integration-test/target/test-dir/MiniOzoneClusterImpl-93228f78-d735-4ce6-971e-ca8f5c94dbdd/ozone-meta/datanode-2/ratis/00ca9195-5014-4ace-8f60-e2372747ebfe has been successfully formatted.
2025-05-12 14:03:24,700 [a2b8b82a-e2f6-4a14-97b3-6459b5b9a67e-groupManagement] INFO  ratis.ContainerStateMachine (ContainerStateMachine.java:initialize(339)) - a2b8b82a-e2f6-4a14-97b3-6459b5b9a67e: initialize group-E2372747EBFE
2025-05-12 14:03:24,701 [a2b8b82a-e2f6-4a14-97b3-6459b5b9a67e-groupManagement] INFO  ratis.ContainerStateMachine (ContainerStateMachine.java:loadSnapshot(347)) - group-E2372747EBFE: The snapshot info is null. Setting the last applied index to:(t:0, i:~)
2025-05-12 14:03:24,701 [a2b8b82a-e2f6-4a14-97b3-6459b5b9a67e-groupManagement] INFO  server.RaftServerConfigKeys (ConfUtils.java:logGet(46)) - raft.server.log.use.memory = false (default)
2025-05-12 14:03:24,701 [a2b8b82a-e2f6-4a14-97b3-6459b5b9a67e-groupManagement] INFO  server.RaftServerConfigKeys (ConfUtils.java:logGet(46)) - raft.server.log.purge.gap = 1000000 (custom)
2025-05-12 14:03:24,702 [a2b8b82a-e2f6-4a14-97b3-6459b5b9a67e-groupManagement] INFO  server.RaftServerConfigKeys (ConfUtils.java:logGet(46)) - raft.server.log.appender.buffer.byte-limit = 33554432 (custom)
2025-05-12 14:03:24,702 [a2b8b82a-e2f6-4a14-97b3-6459b5b9a67e-groupManagement] INFO  server.RaftServerConfigKeys (ConfUtils.java:logGet(46)) - raft.server.log.statemachine.data.read.timeout = 1000ms (default)
2025-05-12 14:03:24,702 [a2b8b82a-e2f6-4a14-97b3-6459b5b9a67e-groupManagement] INFO  server.RaftServerConfigKeys (ConfUtils.java:logGet(46)) - raft.server.log.purge.preservation.log.num = 0 (default)
2025-05-12 14:03:24,704 [EventQueue-PipelineReportForOneReplicaPipelineSafeModeRule] INFO  safemode.SCMSafeModeManager (SCMSafeModeManager.java:validateSafeModeExitRules(140)) - AtleastOneDatanodeReportedRule rule is successfully validated
2025-05-12 14:03:24,704 [EventQueue-OpenPipelineForHealthyPipelineSafeModeRule] INFO  safemode.SCMSafeModeManager (HealthyPipelineSafeModeRule.java:process(141)) - SCM in safe mode. Healthy pipelines reported count is 0, required healthy pipeline reported count is 1
2025-05-12 14:03:24,705 [Recon-EventQueue-PipelineReportForReconPipelineReportHandler] INFO  scm.ReconPipelineReportHandler (ReconPipelineReportHandler.java:processPipelineReport(102)) - Pipeline RATIS/THREE PipelineID=00ca9195-5014-4ace-8f60-e2372747ebfe reported by a2b8b82a-e2f6-4a14-97b3-6459b5b9a67e(localhost/127.0.0.1)
2025-05-12 14:03:24,705 [Recon-EventQueue-PipelineReportForReconPipelineReportHandler] INFO  scm.ReconPipelineReportHandler (ReconPipelineReportHandler.java:processPipelineReport(102)) - Pipeline RATIS/THREE PipelineID=82a40e4c-495c-4d18-a5f6-5315e3f7dc37 reported by a2b8b82a-e2f6-4a14-97b3-6459b5b9a67e(localhost/127.0.0.1)
2025-05-12 14:03:24,707 [a2b8b82a-e2f6-4a14-97b3-6459b5b9a67e-groupManagement] INFO  server.RaftServerConfigKeys (ConfUtils.java:logGet(46)) - raft.server.log.segment.size.max = 67108864 (custom)
2025-05-12 14:03:24,708 [a2b8b82a-e2f6-4a14-97b3-6459b5b9a67e-groupManagement] INFO  server.RaftServerConfigKeys (ConfUtils.java:logGet(46)) - raft.server.log.segment.cache.num.max = 2 (custom)
2025-05-12 14:03:24,708 [a2b8b82a-e2f6-4a14-97b3-6459b5b9a67e-groupManagement] INFO  server.RaftServerConfigKeys (ConfUtils.java:logGet(46)) - raft.server.log.segment.cache.size.max = 200MB (=209715200) (default)
2025-05-12 14:03:24,709 [a2b8b82a-e2f6-4a14-97b3-6459b5b9a67e-groupManagement] INFO  server.RaftServerConfigKeys (ConfUtils.java:logGet(46)) - raft.server.log.appender.buffer.byte-limit = 33554432 (custom)
2025-05-12 14:03:24,709 [a2b8b82a-e2f6-4a14-97b3-6459b5b9a67e-groupManagement] INFO  util.AwaitToRun (AwaitToRun.java:start(81)) - Thread[#994,a2b8b82a-e2f6-4a14-97b3-6459b5b9a67e@group-E2372747EBFE-cacheEviction-AwaitToRun,5,main] started
2025-05-12 14:03:24,709 [a2b8b82a-e2f6-4a14-97b3-6459b5b9a67e-groupManagement] INFO  segmented.SegmentedRaftLogWorker (SegmentedRaftLogWorker.java:<init>(188)) - new a2b8b82a-e2f6-4a14-97b3-6459b5b9a67e@group-E2372747EBFE-SegmentedRaftLogWorker for RaftStorageImpl:Storage Directory /home/runner/work/ozone/ozone/hadoop-ozone/integration-test/target/test-dir/MiniOzoneClusterImpl-93228f78-d735-4ce6-971e-ca8f5c94dbdd/ozone-meta/datanode-2/ratis/00ca9195-5014-4ace-8f60-e2372747ebfe
2025-05-12 14:03:24,710 [a2b8b82a-e2f6-4a14-97b3-6459b5b9a67e-groupManagement] INFO  server.RaftServerConfigKeys (ConfUtils.java:logGet(46)) - raft.server.log.queue.byte-limit = 4294967296 (custom)
2025-05-12 14:03:24,710 [a2b8b82a-e2f6-4a14-97b3-6459b5b9a67e-groupManagement] INFO  server.RaftServerConfigKeys (ConfUtils.java:logGet(46)) - raft.server.log.queue.element-limit = 1024 (custom)
2025-05-12 14:03:24,710 [a2b8b82a-e2f6-4a14-97b3-6459b5b9a67e-groupManagement] INFO  server.RaftServerConfigKeys (ConfUtils.java:logGet(46)) - raft.server.log.segment.size.max = 67108864 (custom)
2025-05-12 14:03:24,710 [a2b8b82a-e2f6-4a14-97b3-6459b5b9a67e-groupManagement] INFO  server.RaftServerConfigKeys (ConfUtils.java:logGet(46)) - raft.server.log.preallocated.size = 4194304 (custom)
2025-05-12 14:03:24,710 [a2b8b82a-e2f6-4a14-97b3-6459b5b9a67e-groupManagement] INFO  server.RaftServerConfigKeys (ConfUtils.java:logGet(46)) - raft.server.log.force.sync.num = 128 (default)
2025-05-12 14:03:24,710 [a2b8b82a-e2f6-4a14-97b3-6459b5b9a67e-groupManagement] INFO  server.RaftServerConfigKeys (ConfUtils.java:logGet(46)) - raft.server.log.statemachine.data.sync = true (default)
2025-05-12 14:03:24,710 [a2b8b82a-e2f6-4a14-97b3-6459b5b9a67e-groupManagement] INFO  server.RaftServerConfigKeys (ConfUtils.java:logGet(46)) - raft.server.log.statemachine.data.sync.timeout = 10s (default)
2025-05-12 14:03:24,710 [a2b8b82a-e2f6-4a14-97b3-6459b5b9a67e-groupManagement] INFO  server.RaftServerConfigKeys (ConfUtils.java:logGet(46)) - raft.server.log.statemachine.data.sync.timeout.retry = 30 (custom)
2025-05-12 14:03:24,710 [a2b8b82a-e2f6-4a14-97b3-6459b5b9a67e-groupManagement] INFO  server.RaftServerConfigKeys (ConfUtils.java:logGet(46)) - raft.server.log.write.buffer.size = 33554440 (custom)
2025-05-12 14:03:24,717 [16988a43-54c6-4d79-b4f6-1d89459795e1-PipelineCommandHandlerThread-0] INFO  server.RaftServer (RaftServerProxy.java:addNew(100)) - 16988a43-54c6-4d79-b4f6-1d89459795e1: addNew group-4A32057C1E42:[16988a43-54c6-4d79-b4f6-1d89459795e1|127.0.0.1:15033] returns group-4A32057C1E42:java.util.concurrent.CompletableFuture@3794907c[Not completed]
2025-05-12 14:03:24,718 [a2b8b82a-e2f6-4a14-97b3-6459b5b9a67e-groupManagement] INFO  server.RaftServerConfigKeys (ConfUtils.java:logGet(46)) - raft.server.log.appender.buffer.byte-limit = 33554432 (custom)
2025-05-12 14:03:24,718 [a2b8b82a-e2f6-4a14-97b3-6459b5b9a67e-groupManagement] INFO  server.RaftServerConfigKeys (ConfUtils.java:logGet(46)) - raft.server.log.unsafe-flush.enabled = false (default)
2025-05-12 14:03:24,719 [a2b8b82a-e2f6-4a14-97b3-6459b5b9a67e-groupManagement] INFO  server.RaftServerConfigKeys (ConfUtils.java:logGet(46)) - raft.server.log.async-flush.enabled = false (default)
2025-05-12 14:03:24,719 [a2b8b82a-e2f6-4a14-97b3-6459b5b9a67e-groupManagement] INFO  server.RaftServerConfigKeys (ConfUtils.java:logGet(46)) - raft.server.log.statemachine.data.caching.enabled = true (custom)
2025-05-12 14:03:24,719 [a2b8b82a-e2f6-4a14-97b3-6459b5b9a67e-groupManagement] INFO  segmented.SegmentedRaftLogWorker (SegmentedRaftLogWorker.java:lambda$new$0(139)) - a2b8b82a-e2f6-4a14-97b3-6459b5b9a67e@group-E2372747EBFE-SegmentedRaftLogWorker: flushIndex: setUnconditionally 0 -> -1
2025-05-12 14:03:24,719 [a2b8b82a-e2f6-4a14-97b3-6459b5b9a67e-groupManagement] INFO  segmented.SegmentedRaftLogWorker (SegmentedRaftLogWorker.java:lambda$new$0(139)) - a2b8b82a-e2f6-4a14-97b3-6459b5b9a67e@group-E2372747EBFE-SegmentedRaftLogWorker: safeCacheEvictIndex: setUnconditionally 0 -> -1
2025-05-12 14:03:24,721 [a2b8b82a-e2f6-4a14-97b3-6459b5b9a67e-groupManagement] INFO  server.RaftServer$Division (RaftServerImpl.java:start(391)) - a2b8b82a-e2f6-4a14-97b3-6459b5b9a67e@group-E2372747EBFE: start as a follower, conf=conf: {index: -1, cur=peers:[16988a43-54c6-4d79-b4f6-1d89459795e1|127.0.0.1:15033, a2b8b82a-e2f6-4a14-97b3-6459b5b9a67e|127.0.0.1:15025, cfefa488-19eb-42ef-a91e-ee6d690e2562|127.0.0.1:15017]|listeners:[], old=null}
2025-05-12 14:03:24,721 [a2b8b82a-e2f6-4a14-97b3-6459b5b9a67e-groupManagement] INFO  server.RaftServer$Division (RaftServerImpl.java:setRole(378)) - a2b8b82a-e2f6-4a14-97b3-6459b5b9a67e@group-E2372747EBFE: changes role from      null to FOLLOWER at term 0 for startAsFollower
2025-05-12 14:03:24,721 [a2b8b82a-e2f6-4a14-97b3-6459b5b9a67e-groupManagement] INFO  impl.RoleInfo (RoleInfo.java:updateAndGet(148)) - a2b8b82a-e2f6-4a14-97b3-6459b5b9a67e: start a2b8b82a-e2f6-4a14-97b3-6459b5b9a67e@group-E2372747EBFE-FollowerState
2025-05-12 14:03:24,722 [a2b8b82a-e2f6-4a14-97b3-6459b5b9a67e-groupManagement] INFO  util.JmxRegister (JmxRegister.java:tryRegister(44)) - Successfully registered JMX Bean with object name Ratis:service=RaftServer,group=group-E2372747EBFE,id=a2b8b82a-e2f6-4a14-97b3-6459b5b9a67e
2025-05-12 14:03:24,722 [a2b8b82a-e2f6-4a14-97b3-6459b5b9a67e@group-E2372747EBFE-FollowerState] INFO  server.RaftServerConfigKeys (ConfUtils.java:logGet(46)) - raft.server.rpc.first-election.timeout.min = 1000ms (custom)
2025-05-12 14:03:24,722 [a2b8b82a-e2f6-4a14-97b3-6459b5b9a67e@group-E2372747EBFE-FollowerState] INFO  server.RaftServerConfigKeys (ConfUtils.java:logGet(46)) - raft.server.rpc.first-election.timeout.max = 1200ms (custom)
2025-05-12 14:03:24,722 [a2b8b82a-e2f6-4a14-97b3-6459b5b9a67e-groupManagement] INFO  util.JmxRegister (JmxRegister.java:register(58)) - register mxBean class org.apache.ratis.server.impl.RaftServerJmxAdapter as Ratis:service=RaftServer,group=group-E2372747EBFE,id=a2b8b82a-e2f6-4a14-97b3-6459b5b9a67e
2025-05-12 14:03:24,722 [a2b8b82a-e2f6-4a14-97b3-6459b5b9a67e-groupManagement] INFO  server.RaftServerConfigKeys (ConfUtils.java:logGet(46)) - raft.server.snapshot.trigger-when-stop.enabled = true (default)
2025-05-12 14:03:24,722 [a2b8b82a-e2f6-4a14-97b3-6459b5b9a67e-groupManagement] INFO  server.RaftServerConfigKeys (ConfUtils.java:logGet(46)) - raft.server.snapshot.trigger-when-remove.enabled = true (default)
2025-05-12 14:03:24,722 [a2b8b82a-e2f6-4a14-97b3-6459b5b9a67e-groupManagement] INFO  server.RaftServerConfigKeys (ConfUtils.java:logGet(46)) - raft.server.snapshot.auto.trigger.enabled = true (custom)
2025-05-12 14:03:24,723 [a2b8b82a-e2f6-4a14-97b3-6459b5b9a67e-groupManagement] INFO  server.RaftServerConfigKeys (ConfUtils.java:logGet(46)) - raft.server.snapshot.auto.trigger.threshold = 100000 (custom)
2025-05-12 14:03:24,723 [a2b8b82a-e2f6-4a14-97b3-6459b5b9a67e-groupManagement] INFO  server.RaftServerConfigKeys (ConfUtils.java:logGet(46)) - raft.server.snapshot.retention.file.num = 5 (custom)
2025-05-12 14:03:24,723 [a2b8b82a-e2f6-4a14-97b3-6459b5b9a67e-groupManagement] INFO  server.RaftServerConfigKeys (ConfUtils.java:logGet(46)) - raft.server.log.purge.upto.snapshot.index = false (default)
2025-05-12 14:03:24,722 [16988a43-54c6-4d79-b4f6-1d89459795e1-groupManagement] INFO  server.RaftServer$Division (RaftServerImpl.java:<init>(255)) - 16988a43-54c6-4d79-b4f6-1d89459795e1: new RaftServerImpl for group-4A32057C1E42:[16988a43-54c6-4d79-b4f6-1d89459795e1|127.0.0.1:15033] with ContainerStateMachine:uninitialized
2025-05-12 14:03:24,723 [16988a43-54c6-4d79-b4f6-1d89459795e1-groupManagement] INFO  server.RaftServerConfigKeys (ConfUtils.java:logGet(46)) - raft.server.rpc.timeout.min = 5s (custom)
2025-05-12 14:03:24,723 [16988a43-54c6-4d79-b4f6-1d89459795e1-groupManagement] INFO  server.RaftServerConfigKeys (ConfUtils.java:logGet(46)) - raft.server.rpc.timeout.max = 5200ms (custom)
2025-05-12 14:03:24,723 [16988a43-54c6-4d79-b4f6-1d89459795e1-groupManagement] INFO  server.RaftServerConfigKeys (ConfUtils.java:logGet(46)) - raft.server.rpc.sleep.time = 25ms (default)
2025-05-12 14:03:24,723 [16988a43-54c6-4d79-b4f6-1d89459795e1-groupManagement] INFO  server.RaftServerConfigKeys (ConfUtils.java:logGet(46)) - raft.server.rpc.slowness.timeout = 300s (custom)
2025-05-12 14:03:24,723 [16988a43-54c6-4d79-b4f6-1d89459795e1-groupManagement] INFO  server.RaftServerConfigKeys (ConfUtils.java:logGet(46)) - raft.server.leaderelection.leader.step-down.wait-time = 10s (default)
2025-05-12 14:03:24,723 [16988a43-54c6-4d79-b4f6-1d89459795e1-groupManagement] INFO  server.RaftServerConfigKeys (ConfUtils.java:logGet(46)) - raft.server.leaderelection.member.majority-add = false (default)
2025-05-12 14:03:24,723 [16988a43-54c6-4d79-b4f6-1d89459795e1-groupManagement] INFO  server.RaftServerConfigKeys (ConfUtils.java:logGet(46)) - raft.server.sleep.deviation.threshold = 300ms (default)
2025-05-12 14:03:24,724 [16988a43-54c6-4d79-b4f6-1d89459795e1-groupManagement] INFO  server.RaftServer$Division (ServerState.java:<init>(114)) - 16988a43-54c6-4d79-b4f6-1d89459795e1@group-4A32057C1E42: ConfigurationManager, init=conf: {index: -1, cur=peers:[16988a43-54c6-4d79-b4f6-1d89459795e1|127.0.0.1:15033]|listeners:[], old=null}, confs=<EMPTY_MAP>
2025-05-12 14:03:24,724 [16988a43-54c6-4d79-b4f6-1d89459795e1-groupManagement] INFO  server.RaftServerConfigKeys (ConfUtils.java:logGet(46)) - raft.server.notification.no-leader.timeout = 300s (custom)
2025-05-12 14:03:24,724 [16988a43-54c6-4d79-b4f6-1d89459795e1-groupManagement] INFO  server.RaftServerConfigKeys (ConfUtils.java:logGet(46)) - raft.server.read.timeout = 10s (default)
2025-05-12 14:03:24,724 [16988a43-54c6-4d79-b4f6-1d89459795e1-groupManagement] INFO  server.RaftServerConfigKeys (ConfUtils.java:logGet(46)) - raft.server.retrycache.expirytime = 600000ms (custom)
2025-05-12 14:03:24,724 [16988a43-54c6-4d79-b4f6-1d89459795e1-groupManagement] INFO  server.RaftServerConfigKeys (ConfUtils.java:logGet(46)) - raft.server.retrycache.statistics.expirytime = 100ms (default)
2025-05-12 14:03:24,725 [16988a43-54c6-4d79-b4f6-1d89459795e1-groupManagement] INFO  server.RaftServerConfigKeys (ConfUtils.java:logGet(46)) - raft.server.read.option = DEFAULT (default)
2025-05-12 14:03:24,725 [a2b8b82a-e2f6-4a14-97b3-6459b5b9a67e-groupManagement] INFO  server.RaftServer$Division (RaftServerImpl.java:start(405)) - a2b8b82a-e2f6-4a14-97b3-6459b5b9a67e@group-E2372747EBFE: Successfully started.
2025-05-12 14:03:24,725 [grpc-default-executor-1] INFO  server.RaftServer (RaftServerProxy.java:addNew(100)) - 16988a43-54c6-4d79-b4f6-1d89459795e1: addNew group-E2372747EBFE:[16988a43-54c6-4d79-b4f6-1d89459795e1|127.0.0.1:15033, a2b8b82a-e2f6-4a14-97b3-6459b5b9a67e|127.0.0.1:15025, cfefa488-19eb-42ef-a91e-ee6d690e2562|127.0.0.1:15017] returns group-E2372747EBFE:java.util.concurrent.CompletableFuture@14bd2a18[Not completed]
2025-05-12 14:03:24,726 [16988a43-54c6-4d79-b4f6-1d89459795e1-groupManagement] INFO  server.RaftServerConfigKeys (ConfUtils.java:logGet(46)) - raft.server.read.read-after-write-consistent.write-index-cache.expiry-time = 60s (default)
2025-05-12 14:03:24,726 [a2b8b82a-e2f6-4a14-97b3-6459b5b9a67e-PipelineCommandHandlerThread-0] INFO  ratis.XceiverServerRatis (XceiverServerRatis.java:addGroup(843)) - Created group PipelineID=00ca9195-5014-4ace-8f60-e2372747ebfe
2025-05-12 14:03:24,731 [16988a43-54c6-4d79-b4f6-1d89459795e1-groupManagement] INFO  server.RaftServerConfigKeys (ConfUtils.java:logGet(46)) - raft.server.rpc.request.timeout = 60s (custom)
2025-05-12 14:03:24,731 [16988a43-54c6-4d79-b4f6-1d89459795e1-groupManagement] INFO  server.RaftServerConfigKeys (ConfUtils.java:logGet(46)) - raft.server.log.appender.install.snapshot.enabled = false (custom)
2025-05-12 14:03:24,731 [16988a43-54c6-4d79-b4f6-1d89459795e1-groupManagement] INFO  server.RaftServerConfigKeys (ConfUtils.java:logGet(46)) - raft.server.threadpool.server.cached = true (default)
2025-05-12 14:03:24,731 [16988a43-54c6-4d79-b4f6-1d89459795e1-groupManagement] INFO  server.RaftServerConfigKeys (ConfUtils.java:logGet(46)) - raft.server.threadpool.server.size = 0 (default)
2025-05-12 14:03:24,731 [16988a43-54c6-4d79-b4f6-1d89459795e1-groupManagement] INFO  server.RaftServerConfigKeys (ConfUtils.java:logGet(46)) - raft.server.threadpool.client.cached = true (default)
2025-05-12 14:03:24,731 [16988a43-54c6-4d79-b4f6-1d89459795e1-groupManagement] INFO  server.RaftServerConfigKeys (ConfUtils.java:logGet(46)) - raft.server.threadpool.client.size = 0 (default)
2025-05-12 14:03:24,733 [16988a43-54c6-4d79-b4f6-1d89459795e1-groupManagement] INFO  server.RaftServer$Division (RaftServerImpl.java:<init>(255)) - 16988a43-54c6-4d79-b4f6-1d89459795e1: new RaftServerImpl for group-E2372747EBFE:[16988a43-54c6-4d79-b4f6-1d89459795e1|127.0.0.1:15033, a2b8b82a-e2f6-4a14-97b3-6459b5b9a67e|127.0.0.1:15025, cfefa488-19eb-42ef-a91e-ee6d690e2562|127.0.0.1:15017] with ContainerStateMachine:uninitialized
2025-05-12 14:03:24,734 [16988a43-54c6-4d79-b4f6-1d89459795e1-groupManagement] INFO  server.RaftServerConfigKeys (ConfUtils.java:logGet(46)) - raft.server.rpc.timeout.min = 5s (custom)
2025-05-12 14:03:24,734 [16988a43-54c6-4d79-b4f6-1d89459795e1-groupManagement] INFO  server.RaftServerConfigKeys (ConfUtils.java:logGet(46)) - raft.server.rpc.timeout.max = 5200ms (custom)
2025-05-12 14:03:24,734 [16988a43-54c6-4d79-b4f6-1d89459795e1-groupManagement] INFO  server.RaftServerConfigKeys (ConfUtils.java:logGet(46)) - raft.server.rpc.sleep.time = 25ms (default)
2025-05-12 14:03:24,735 [16988a43-54c6-4d79-b4f6-1d89459795e1-groupManagement] INFO  server.RaftServerConfigKeys (ConfUtils.java:logGet(46)) - raft.server.rpc.slowness.timeout = 300s (custom)
2025-05-12 14:03:24,735 [16988a43-54c6-4d79-b4f6-1d89459795e1-groupManagement] INFO  server.RaftServerConfigKeys (ConfUtils.java:logGet(46)) - raft.server.leaderelection.leader.step-down.wait-time = 10s (default)
2025-05-12 14:03:24,735 [16988a43-54c6-4d79-b4f6-1d89459795e1-groupManagement] INFO  server.RaftServerConfigKeys (ConfUtils.java:logGet(46)) - raft.server.leaderelection.member.majority-add = false (default)
2025-05-12 14:03:24,735 [16988a43-54c6-4d79-b4f6-1d89459795e1-groupManagement] INFO  server.RaftServerConfigKeys (ConfUtils.java:logGet(46)) - raft.server.sleep.deviation.threshold = 300ms (default)
2025-05-12 14:03:24,735 [16988a43-54c6-4d79-b4f6-1d89459795e1-groupManagement] INFO  server.RaftServer$Division (ServerState.java:<init>(114)) - 16988a43-54c6-4d79-b4f6-1d89459795e1@group-E2372747EBFE: ConfigurationManager, init=conf: {index: -1, cur=peers:[16988a43-54c6-4d79-b4f6-1d89459795e1|127.0.0.1:15033, a2b8b82a-e2f6-4a14-97b3-6459b5b9a67e|127.0.0.1:15025, cfefa488-19eb-42ef-a91e-ee6d690e2562|127.0.0.1:15017]|listeners:[], old=null}, confs=<EMPTY_MAP>
2025-05-12 14:03:24,735 [16988a43-54c6-4d79-b4f6-1d89459795e1-groupManagement] INFO  server.RaftServerConfigKeys (ConfUtils.java:logGet(46)) - raft.server.notification.no-leader.timeout = 300s (custom)
2025-05-12 14:03:24,735 [16988a43-54c6-4d79-b4f6-1d89459795e1-groupManagement] INFO  server.RaftServerConfigKeys (ConfUtils.java:logGet(46)) - raft.server.read.timeout = 10s (default)
2025-05-12 14:03:24,735 [16988a43-54c6-4d79-b4f6-1d89459795e1-groupManagement] INFO  server.RaftServerConfigKeys (ConfUtils.java:logGet(46)) - raft.server.retrycache.expirytime = 600000ms (custom)
2025-05-12 14:03:24,735 [16988a43-54c6-4d79-b4f6-1d89459795e1-groupManagement] INFO  server.RaftServerConfigKeys (ConfUtils.java:logGet(46)) - raft.server.retrycache.statistics.expirytime = 100ms (default)
2025-05-12 14:03:24,735 [16988a43-54c6-4d79-b4f6-1d89459795e1-groupManagement] INFO  server.RaftServerConfigKeys (ConfUtils.java:logGet(46)) - raft.server.read.option = DEFAULT (default)
2025-05-12 14:03:24,735 [16988a43-54c6-4d79-b4f6-1d89459795e1-groupManagement] INFO  server.RaftServerConfigKeys (ConfUtils.java:logGet(46)) - raft.server.read.read-after-write-consistent.write-index-cache.expiry-time = 60s (default)
2025-05-12 14:03:24,740 [16988a43-54c6-4d79-b4f6-1d89459795e1-groupManagement] INFO  server.RaftServerConfigKeys (ConfUtils.java:logGet(46)) - raft.server.rpc.request.timeout = 60s (custom)
2025-05-12 14:03:24,741 [16988a43-54c6-4d79-b4f6-1d89459795e1-groupManagement] INFO  server.RaftServerConfigKeys (ConfUtils.java:logGet(46)) - raft.server.log.appender.install.snapshot.enabled = false (custom)
2025-05-12 14:03:24,742 [16988a43-54c6-4d79-b4f6-1d89459795e1-groupManagement] INFO  server.RaftServerConfigKeys (ConfUtils.java:logGet(46)) - raft.server.threadpool.server.cached = true (default)
2025-05-12 14:03:24,742 [16988a43-54c6-4d79-b4f6-1d89459795e1-groupManagement] INFO  server.RaftServerConfigKeys (ConfUtils.java:logGet(46)) - raft.server.threadpool.server.size = 0 (default)
2025-05-12 14:03:24,742 [16988a43-54c6-4d79-b4f6-1d89459795e1-groupManagement] INFO  server.RaftServerConfigKeys (ConfUtils.java:logGet(46)) - raft.server.threadpool.client.cached = true (default)
2025-05-12 14:03:24,742 [16988a43-54c6-4d79-b4f6-1d89459795e1-groupManagement] INFO  server.RaftServerConfigKeys (ConfUtils.java:logGet(46)) - raft.server.threadpool.client.size = 0 (default)
2025-05-12 14:03:24,743 [16988a43-54c6-4d79-b4f6-1d89459795e1-groupManagement] INFO  server.RaftServerConfigKeys (ConfUtils.java:logGet(46)) - raft.server.storage.free-space.min = 0MB (=0) (default)
2025-05-12 14:03:24,743 [16988a43-54c6-4d79-b4f6-1d89459795e1-groupManagement] INFO  server.RaftServerConfigKeys (ConfUtils.java:logGet(46)) - raft.server.log.corruption.policy = EXCEPTION (default)
2025-05-12 14:03:24,743 [16988a43-54c6-4d79-b4f6-1d89459795e1-groupManagement] INFO  server.RaftServerConfigKeys (ConfUtils.java:logGet(46)) - raft.server.storage.dir = [/home/runner/work/ozone/ozone/hadoop-ozone/integration-test/target/test-dir/MiniOzoneClusterImpl-93228f78-d735-4ce6-971e-ca8f5c94dbdd/ozone-meta/datanode-3/ratis] (custom)
2025-05-12 14:03:24,743 [16988a43-54c6-4d79-b4f6-1d89459795e1-groupManagement] INFO  storage.RaftStorageDirectory (RaftStorageDirectoryImpl.java:analyzeStorage(138)) - The storage directory /home/runner/work/ozone/ozone/hadoop-ozone/integration-test/target/test-dir/MiniOzoneClusterImpl-93228f78-d735-4ce6-971e-ca8f5c94dbdd/ozone-meta/datanode-3/ratis/e388c054-aea5-4447-9ca0-4a32057c1e42 does not exist. Creating ...
2025-05-12 14:03:24,745 [16988a43-54c6-4d79-b4f6-1d89459795e1-groupManagement] INFO  storage.RaftStorageDirectory (RaftStorageDirectoryImpl.java:tryLock(229)) - Lock on /home/runner/work/ozone/ozone/hadoop-ozone/integration-test/target/test-dir/MiniOzoneClusterImpl-93228f78-d735-4ce6-971e-ca8f5c94dbdd/ozone-meta/datanode-3/ratis/e388c054-aea5-4447-9ca0-4a32057c1e42/in_use.lock acquired by nodename 118448@pkrvmberfyhpb9w
2025-05-12 14:03:24,748 [16988a43-54c6-4d79-b4f6-1d89459795e1-groupManagement] INFO  storage.RaftStorage (RaftStorageImpl.java:format(98)) - Storage directory /home/runner/work/ozone/ozone/hadoop-ozone/integration-test/target/test-dir/MiniOzoneClusterImpl-93228f78-d735-4ce6-971e-ca8f5c94dbdd/ozone-meta/datanode-3/ratis/e388c054-aea5-4447-9ca0-4a32057c1e42 has been successfully formatted.
2025-05-12 14:03:24,749 [16988a43-54c6-4d79-b4f6-1d89459795e1-groupManagement] INFO  ratis.ContainerStateMachine (ContainerStateMachine.java:initialize(339)) - 16988a43-54c6-4d79-b4f6-1d89459795e1: initialize group-4A32057C1E42
2025-05-12 14:03:24,749 [16988a43-54c6-4d79-b4f6-1d89459795e1-groupManagement] INFO  ratis.ContainerStateMachine (ContainerStateMachine.java:loadSnapshot(347)) - group-4A32057C1E42: The snapshot info is null. Setting the last applied index to:(t:0, i:~)
2025-05-12 14:03:24,749 [16988a43-54c6-4d79-b4f6-1d89459795e1-groupManagement] INFO  server.RaftServerConfigKeys (ConfUtils.java:logGet(46)) - raft.server.log.use.memory = false (default)
2025-05-12 14:03:24,750 [16988a43-54c6-4d79-b4f6-1d89459795e1-groupManagement] INFO  server.RaftServerConfigKeys (ConfUtils.java:logGet(46)) - raft.server.log.purge.gap = 1000000 (custom)
2025-05-12 14:03:24,750 [16988a43-54c6-4d79-b4f6-1d89459795e1-groupManagement] INFO  server.RaftServerConfigKeys (ConfUtils.java:logGet(46)) - raft.server.log.appender.buffer.byte-limit = 33554432 (custom)
2025-05-12 14:03:24,750 [16988a43-54c6-4d79-b4f6-1d89459795e1-groupManagement] INFO  server.RaftServerConfigKeys (ConfUtils.java:logGet(46)) - raft.server.log.statemachine.data.read.timeout = 1000ms (default)
2025-05-12 14:03:24,750 [16988a43-54c6-4d79-b4f6-1d89459795e1-groupManagement] INFO  server.RaftServerConfigKeys (ConfUtils.java:logGet(46)) - raft.server.log.purge.preservation.log.num = 0 (default)
2025-05-12 14:03:24,751 [Recon-EventQueue-PipelineReportForReconPipelineReportHandler] INFO  scm.ReconPipelineReportHandler (ReconPipelineReportHandler.java:processPipelineReport(66)) - Unknown pipeline PipelineID=e388c054-aea5-4447-9ca0-4a32057c1e42. Trying to get from SCM.
2025-05-12 14:03:24,751 [EventQueue-PipelineReportForOneReplicaPipelineSafeModeRule] INFO  safemode.SCMSafeModeManager (SCMSafeModeManager.java:validateSafeModeExitRules(140)) - AtleastOneDatanodeReportedRule rule is successfully validated
2025-05-12 14:03:24,753 [16988a43-54c6-4d79-b4f6-1d89459795e1-groupManagement] INFO  server.RaftServerConfigKeys (ConfUtils.java:logGet(46)) - raft.server.log.segment.size.max = 67108864 (custom)
2025-05-12 14:03:24,753 [16988a43-54c6-4d79-b4f6-1d89459795e1-groupManagement] INFO  server.RaftServerConfigKeys (ConfUtils.java:logGet(46)) - raft.server.log.segment.cache.num.max = 2 (custom)
2025-05-12 14:03:24,754 [16988a43-54c6-4d79-b4f6-1d89459795e1-groupManagement] INFO  server.RaftServerConfigKeys (ConfUtils.java:logGet(46)) - raft.server.log.segment.cache.size.max = 200MB (=209715200) (default)
2025-05-12 14:03:24,754 [16988a43-54c6-4d79-b4f6-1d89459795e1-groupManagement] INFO  server.RaftServerConfigKeys (ConfUtils.java:logGet(46)) - raft.server.log.appender.buffer.byte-limit = 33554432 (custom)
2025-05-12 14:03:24,755 [16988a43-54c6-4d79-b4f6-1d89459795e1-groupManagement] INFO  util.AwaitToRun (AwaitToRun.java:start(81)) - Thread[#1002,16988a43-54c6-4d79-b4f6-1d89459795e1@group-4A32057C1E42-cacheEviction-AwaitToRun,5,main] started
2025-05-12 14:03:24,755 [16988a43-54c6-4d79-b4f6-1d89459795e1-groupManagement] INFO  segmented.SegmentedRaftLogWorker (SegmentedRaftLogWorker.java:<init>(188)) - new 16988a43-54c6-4d79-b4f6-1d89459795e1@group-4A32057C1E42-SegmentedRaftLogWorker for RaftStorageImpl:Storage Directory /home/runner/work/ozone/ozone/hadoop-ozone/integration-test/target/test-dir/MiniOzoneClusterImpl-93228f78-d735-4ce6-971e-ca8f5c94dbdd/ozone-meta/datanode-3/ratis/e388c054-aea5-4447-9ca0-4a32057c1e42
2025-05-12 14:03:24,755 [16988a43-54c6-4d79-b4f6-1d89459795e1-groupManagement] INFO  server.RaftServerConfigKeys (ConfUtils.java:logGet(46)) - raft.server.log.queue.byte-limit = 4294967296 (custom)
2025-05-12 14:03:24,755 [16988a43-54c6-4d79-b4f6-1d89459795e1-groupManagement] INFO  server.RaftServerConfigKeys (ConfUtils.java:logGet(46)) - raft.server.log.queue.element-limit = 1024 (custom)
2025-05-12 14:03:24,756 [16988a43-54c6-4d79-b4f6-1d89459795e1-groupManagement] INFO  server.RaftServerConfigKeys (ConfUtils.java:logGet(46)) - raft.server.log.segment.size.max = 67108864 (custom)
2025-05-12 14:03:24,756 [16988a43-54c6-4d79-b4f6-1d89459795e1-groupManagement] INFO  server.RaftServerConfigKeys (ConfUtils.java:logGet(46)) - raft.server.log.preallocated.size = 4194304 (custom)
2025-05-12 14:03:24,756 [16988a43-54c6-4d79-b4f6-1d89459795e1-groupManagement] INFO  server.RaftServerConfigKeys (ConfUtils.java:logGet(46)) - raft.server.log.force.sync.num = 128 (default)
2025-05-12 14:03:24,756 [16988a43-54c6-4d79-b4f6-1d89459795e1-groupManagement] INFO  server.RaftServerConfigKeys (ConfUtils.java:logGet(46)) - raft.server.log.statemachine.data.sync = true (default)
2025-05-12 14:03:24,756 [5339c1d4-2d68-4465-95a3-e4cab06d092d@group-CA8F5C94DBDD-StateMachineUpdater] INFO  safemode.SCMSafeModeManager (SCMSafeModeManager.java:validateSafeModeExitRules(140)) - DataNodeSafeModeRule rule is successfully validated
2025-05-12 14:03:24,756 [5339c1d4-2d68-4465-95a3-e4cab06d092d@group-CA8F5C94DBDD-StateMachineUpdater] INFO  safemode.SCMSafeModeManager (SCMSafeModeManager.java:validateSafeModeExitRules(140)) - RatisContainerSafeModeRule rule is successfully validated
2025-05-12 14:03:24,756 [5339c1d4-2d68-4465-95a3-e4cab06d092d@group-CA8F5C94DBDD-StateMachineUpdater] INFO  safemode.HealthyPipelineSafeModeRule (HealthyPipelineSafeModeRule.java:initializeRule(173)) - Refreshed total pipeline count is 0, healthy pipeline threshold count is 1
2025-05-12 14:03:24,757 [5339c1d4-2d68-4465-95a3-e4cab06d092d@group-CA8F5C94DBDD-StateMachineUpdater] INFO  safemode.SCMSafeModeManager (SCMSafeModeManager.java:validateSafeModeExitRules(140)) - ECContainerSafeModeRule rule is successfully validated
2025-05-12 14:03:24,757 [5339c1d4-2d68-4465-95a3-e4cab06d092d@group-CA8F5C94DBDD-StateMachineUpdater] INFO  safemode.SCMSafeModeManager (SCMSafeModeManager.java:validateSafeModeExitRules(140)) - AtleastOneDatanodeReportedRule rule is successfully validated
2025-05-12 14:03:24,756 [16988a43-54c6-4d79-b4f6-1d89459795e1-groupManagement] INFO  server.RaftServerConfigKeys (ConfUtils.java:logGet(46)) - raft.server.log.statemachine.data.sync.timeout = 10s (default)
2025-05-12 14:03:24,757 [16988a43-54c6-4d79-b4f6-1d89459795e1-groupManagement] INFO  server.RaftServerConfigKeys (ConfUtils.java:logGet(46)) - raft.server.log.statemachine.data.sync.timeout.retry = 30 (custom)
2025-05-12 14:03:24,757 [16988a43-54c6-4d79-b4f6-1d89459795e1-groupManagement] INFO  server.RaftServerConfigKeys (ConfUtils.java:logGet(46)) - raft.server.log.write.buffer.size = 33554440 (custom)
2025-05-12 14:03:24,758 [EventQueue-PipelineReportForPipelineReportHandler] INFO  pipeline.PipelineReportHandler (PipelineReportHandler.java:processPipelineReport(134)) - Opened pipeline PipelineID=e388c054-aea5-4447-9ca0-4a32057c1e42
2025-05-12 14:03:24,758 [EventQueue-OpenPipelineForHealthyPipelineSafeModeRule] INFO  safemode.SCMSafeModeManager (HealthyPipelineSafeModeRule.java:process(141)) - SCM in safe mode. Healthy pipelines reported count is 0, required healthy pipeline reported count is 1
2025-05-12 14:03:24,760 [Recon-EventQueue-PipelineReportForReconPipelineReportHandler] INFO  scm.ReconPipelineReportHandler (ReconPipelineReportHandler.java:processPipelineReport(85)) - Pipeline Pipeline{ Id: e388c054-aea5-4447-9ca0-4a32057c1e42, Nodes: [ {16988a43-54c6-4d79-b4f6-1d89459795e1(localhost/127.0.0.1), ReplicaIndex: 0},], ReplicationConfig: RATIS/ONE, State:OPEN, leaderId:16988a43-54c6-4d79-b4f6-1d89459795e1, CreationTimestamp2025-05-12T14:03:22.218Z[Etc/UTC]} verified from SCM and added to Recon pipeline metadata.
2025-05-12 14:03:24,760 [Recon-EventQueue-PipelineReportForReconPipelineReportHandler] INFO  scm.ReconPipelineReportHandler (ReconPipelineReportHandler.java:processPipelineReport(102)) - Pipeline RATIS/THREE PipelineID=00ca9195-5014-4ace-8f60-e2372747ebfe reported by 16988a43-54c6-4d79-b4f6-1d89459795e1(localhost/127.0.0.1)
2025-05-12 14:03:24,760 [Recon-EventQueue-PipelineReportForReconPipelineReportHandler] INFO  scm.ReconPipelineReportHandler (ReconPipelineReportHandler.java:processPipelineReport(102)) - Pipeline RATIS/THREE PipelineID=82a40e4c-495c-4d18-a5f6-5315e3f7dc37 reported by 16988a43-54c6-4d79-b4f6-1d89459795e1(localhost/127.0.0.1)
2025-05-12 14:03:24,765 [a2b8b82a-e2f6-4a14-97b3-6459b5b9a67e-PipelineCommandHandlerThread-0] INFO  commandhandler.CreatePipelineCommandHandler (CreatePipelineCommandHandler.java:lambda$handle$2(128)) - Created Pipeline RATIS THREE PipelineID=00ca9195-5014-4ace-8f60-e2372747ebfe.
2025-05-12 14:03:24,765 [16988a43-54c6-4d79-b4f6-1d89459795e1-groupManagement] INFO  server.RaftServerConfigKeys (ConfUtils.java:logGet(46)) - raft.server.log.appender.buffer.byte-limit = 33554432 (custom)
2025-05-12 14:03:24,765 [16988a43-54c6-4d79-b4f6-1d89459795e1-groupManagement] INFO  server.RaftServerConfigKeys (ConfUtils.java:logGet(46)) - raft.server.log.unsafe-flush.enabled = false (default)
2025-05-12 14:03:24,766 [16988a43-54c6-4d79-b4f6-1d89459795e1-groupManagement] INFO  server.RaftServerConfigKeys (ConfUtils.java:logGet(46)) - raft.server.log.async-flush.enabled = false (default)
2025-05-12 14:03:24,766 [16988a43-54c6-4d79-b4f6-1d89459795e1-groupManagement] INFO  server.RaftServerConfigKeys (ConfUtils.java:logGet(46)) - raft.server.log.statemachine.data.caching.enabled = true (custom)
2025-05-12 14:03:24,766 [16988a43-54c6-4d79-b4f6-1d89459795e1-groupManagement] INFO  segmented.SegmentedRaftLogWorker (SegmentedRaftLogWorker.java:lambda$new$0(139)) - 16988a43-54c6-4d79-b4f6-1d89459795e1@group-4A32057C1E42-SegmentedRaftLogWorker: flushIndex: setUnconditionally 0 -> -1
2025-05-12 14:03:24,766 [16988a43-54c6-4d79-b4f6-1d89459795e1-groupManagement] INFO  segmented.SegmentedRaftLogWorker (SegmentedRaftLogWorker.java:lambda$new$0(139)) - 16988a43-54c6-4d79-b4f6-1d89459795e1@group-4A32057C1E42-SegmentedRaftLogWorker: safeCacheEvictIndex: setUnconditionally 0 -> -1
2025-05-12 14:03:24,766 [16988a43-54c6-4d79-b4f6-1d89459795e1-groupManagement] INFO  server.RaftServer$Division (RaftServerImpl.java:start(391)) - 16988a43-54c6-4d79-b4f6-1d89459795e1@group-4A32057C1E42: start as a follower, conf=conf: {index: -1, cur=peers:[16988a43-54c6-4d79-b4f6-1d89459795e1|127.0.0.1:15033]|listeners:[], old=null}
2025-05-12 14:03:24,766 [16988a43-54c6-4d79-b4f6-1d89459795e1-groupManagement] INFO  server.RaftServer$Division (RaftServerImpl.java:setRole(378)) - 16988a43-54c6-4d79-b4f6-1d89459795e1@group-4A32057C1E42: changes role from      null to FOLLOWER at term 0 for startAsFollower
2025-05-12 14:03:24,766 [16988a43-54c6-4d79-b4f6-1d89459795e1-groupManagement] INFO  impl.RoleInfo (RoleInfo.java:updateAndGet(148)) - 16988a43-54c6-4d79-b4f6-1d89459795e1: start 16988a43-54c6-4d79-b4f6-1d89459795e1@group-4A32057C1E42-FollowerState
2025-05-12 14:03:24,767 [16988a43-54c6-4d79-b4f6-1d89459795e1-groupManagement] INFO  util.JmxRegister (JmxRegister.java:tryRegister(44)) - Successfully registered JMX Bean with object name Ratis:service=RaftServer,group=group-4A32057C1E42,id=16988a43-54c6-4d79-b4f6-1d89459795e1
2025-05-12 14:03:24,767 [16988a43-54c6-4d79-b4f6-1d89459795e1-groupManagement] INFO  util.JmxRegister (JmxRegister.java:register(58)) - register mxBean class org.apache.ratis.server.impl.RaftServerJmxAdapter as Ratis:service=RaftServer,group=group-4A32057C1E42,id=16988a43-54c6-4d79-b4f6-1d89459795e1
2025-05-12 14:03:24,767 [16988a43-54c6-4d79-b4f6-1d89459795e1-groupManagement] INFO  server.RaftServerConfigKeys (ConfUtils.java:logGet(46)) - raft.server.snapshot.trigger-when-stop.enabled = true (default)
2025-05-12 14:03:24,767 [16988a43-54c6-4d79-b4f6-1d89459795e1-groupManagement] INFO  server.RaftServerConfigKeys (ConfUtils.java:logGet(46)) - raft.server.snapshot.trigger-when-remove.enabled = true (default)
2025-05-12 14:03:24,767 [16988a43-54c6-4d79-b4f6-1d89459795e1-groupManagement] INFO  server.RaftServerConfigKeys (ConfUtils.java:logGet(46)) - raft.server.snapshot.auto.trigger.enabled = true (custom)
2025-05-12 14:03:24,767 [16988a43-54c6-4d79-b4f6-1d89459795e1-groupManagement] INFO  server.RaftServerConfigKeys (ConfUtils.java:logGet(46)) - raft.server.snapshot.auto.trigger.threshold = 100000 (custom)
2025-05-12 14:03:24,767 [16988a43-54c6-4d79-b4f6-1d89459795e1@group-4A32057C1E42-FollowerState] INFO  server.RaftServerConfigKeys (ConfUtils.java:logGet(46)) - raft.server.rpc.first-election.timeout.min = 1000ms (custom)
2025-05-12 14:03:24,767 [16988a43-54c6-4d79-b4f6-1d89459795e1@group-4A32057C1E42-FollowerState] INFO  server.RaftServerConfigKeys (ConfUtils.java:logGet(46)) - raft.server.rpc.first-election.timeout.max = 1200ms (custom)
2025-05-12 14:03:24,768 [16988a43-54c6-4d79-b4f6-1d89459795e1-groupManagement] INFO  server.RaftServerConfigKeys (ConfUtils.java:logGet(46)) - raft.server.snapshot.retention.file.num = 5 (custom)
2025-05-12 14:03:24,768 [16988a43-54c6-4d79-b4f6-1d89459795e1-groupManagement] INFO  server.RaftServerConfigKeys (ConfUtils.java:logGet(46)) - raft.server.log.purge.upto.snapshot.index = false (default)
2025-05-12 14:03:24,769 [16988a43-54c6-4d79-b4f6-1d89459795e1-groupManagement] INFO  server.RaftServer$Division (RaftServerImpl.java:start(405)) - 16988a43-54c6-4d79-b4f6-1d89459795e1@group-4A32057C1E42: Successfully started.
2025-05-12 14:03:24,770 [16988a43-54c6-4d79-b4f6-1d89459795e1-groupManagement] INFO  server.RaftServerConfigKeys (ConfUtils.java:logGet(46)) - raft.server.storage.free-space.min = 0MB (=0) (default)
2025-05-12 14:03:24,770 [16988a43-54c6-4d79-b4f6-1d89459795e1-groupManagement] INFO  server.RaftServerConfigKeys (ConfUtils.java:logGet(46)) - raft.server.log.corruption.policy = EXCEPTION (default)
2025-05-12 14:03:24,770 [16988a43-54c6-4d79-b4f6-1d89459795e1-groupManagement] INFO  server.RaftServerConfigKeys (ConfUtils.java:logGet(46)) - raft.server.storage.dir = [/home/runner/work/ozone/ozone/hadoop-ozone/integration-test/target/test-dir/MiniOzoneClusterImpl-93228f78-d735-4ce6-971e-ca8f5c94dbdd/ozone-meta/datanode-3/ratis] (custom)
2025-05-12 14:03:24,770 [16988a43-54c6-4d79-b4f6-1d89459795e1-groupManagement] INFO  storage.RaftStorageDirectory (RaftStorageDirectoryImpl.java:analyzeStorage(138)) - The storage directory /home/runner/work/ozone/ozone/hadoop-ozone/integration-test/target/test-dir/MiniOzoneClusterImpl-93228f78-d735-4ce6-971e-ca8f5c94dbdd/ozone-meta/datanode-3/ratis/00ca9195-5014-4ace-8f60-e2372747ebfe does not exist. Creating ...
2025-05-12 14:03:24,771 [16988a43-54c6-4d79-b4f6-1d89459795e1-PipelineCommandHandlerThread-0] INFO  ratis.XceiverServerRatis (XceiverServerRatis.java:addGroup(843)) - Created group PipelineID=e388c054-aea5-4447-9ca0-4a32057c1e42
2025-05-12 14:03:24,771 [16988a43-54c6-4d79-b4f6-1d89459795e1-PipelineCommandHandlerThread-0] INFO  commandhandler.CreatePipelineCommandHandler (CreatePipelineCommandHandler.java:lambda$handle$2(128)) - Created Pipeline RATIS ONE PipelineID=e388c054-aea5-4447-9ca0-4a32057c1e42.
2025-05-12 14:03:24,772 [16988a43-54c6-4d79-b4f6-1d89459795e1-groupManagement] INFO  storage.RaftStorageDirectory (RaftStorageDirectoryImpl.java:tryLock(229)) - Lock on /home/runner/work/ozone/ozone/hadoop-ozone/integration-test/target/test-dir/MiniOzoneClusterImpl-93228f78-d735-4ce6-971e-ca8f5c94dbdd/ozone-meta/datanode-3/ratis/00ca9195-5014-4ace-8f60-e2372747ebfe/in_use.lock acquired by nodename 118448@pkrvmberfyhpb9w
2025-05-12 14:03:24,773 [16988a43-54c6-4d79-b4f6-1d89459795e1-groupManagement] INFO  storage.RaftStorage (RaftStorageImpl.java:format(98)) - Storage directory /home/runner/work/ozone/ozone/hadoop-ozone/integration-test/target/test-dir/MiniOzoneClusterImpl-93228f78-d735-4ce6-971e-ca8f5c94dbdd/ozone-meta/datanode-3/ratis/00ca9195-5014-4ace-8f60-e2372747ebfe has been successfully formatted.
2025-05-12 14:03:24,773 [16988a43-54c6-4d79-b4f6-1d89459795e1-groupManagement] INFO  ratis.ContainerStateMachine (ContainerStateMachine.java:initialize(339)) - 16988a43-54c6-4d79-b4f6-1d89459795e1: initialize group-E2372747EBFE
2025-05-12 14:03:24,773 [16988a43-54c6-4d79-b4f6-1d89459795e1-groupManagement] INFO  ratis.ContainerStateMachine (ContainerStateMachine.java:loadSnapshot(347)) - group-E2372747EBFE: The snapshot info is null. Setting the last applied index to:(t:0, i:~)
2025-05-12 14:03:24,773 [16988a43-54c6-4d79-b4f6-1d89459795e1-groupManagement] INFO  server.RaftServerConfigKeys (ConfUtils.java:logGet(46)) - raft.server.log.use.memory = false (default)
2025-05-12 14:03:24,773 [16988a43-54c6-4d79-b4f6-1d89459795e1-groupManagement] INFO  server.RaftServerConfigKeys (ConfUtils.java:logGet(46)) - raft.server.log.purge.gap = 1000000 (custom)
2025-05-12 14:03:24,774 [16988a43-54c6-4d79-b4f6-1d89459795e1-groupManagement] INFO  server.RaftServerConfigKeys (ConfUtils.java:logGet(46)) - raft.server.log.appender.buffer.byte-limit = 33554432 (custom)
2025-05-12 14:03:24,774 [16988a43-54c6-4d79-b4f6-1d89459795e1-groupManagement] INFO  server.RaftServerConfigKeys (ConfUtils.java:logGet(46)) - raft.server.log.statemachine.data.read.timeout = 1000ms (default)
2025-05-12 14:03:24,774 [16988a43-54c6-4d79-b4f6-1d89459795e1-groupManagement] INFO  server.RaftServerConfigKeys (ConfUtils.java:logGet(46)) - raft.server.log.purge.preservation.log.num = 0 (default)
2025-05-12 14:03:24,776 [16988a43-54c6-4d79-b4f6-1d89459795e1-groupManagement] INFO  server.RaftServerConfigKeys (ConfUtils.java:logGet(46)) - raft.server.log.segment.size.max = 67108864 (custom)
2025-05-12 14:03:24,776 [EventQueue-OpenPipelineForHealthyPipelineSafeModeRule] INFO  safemode.SCMSafeModeManager (HealthyPipelineSafeModeRule.java:process(141)) - SCM in safe mode. Healthy pipelines reported count is 0, required healthy pipeline reported count is 1
2025-05-12 14:03:24,777 [16988a43-54c6-4d79-b4f6-1d89459795e1-groupManagement] INFO  server.RaftServerConfigKeys (ConfUtils.java:logGet(46)) - raft.server.log.segment.cache.num.max = 2 (custom)
2025-05-12 14:03:24,777 [16988a43-54c6-4d79-b4f6-1d89459795e1-groupManagement] INFO  server.RaftServerConfigKeys (ConfUtils.java:logGet(46)) - raft.server.log.segment.cache.size.max = 200MB (=209715200) (default)
2025-05-12 14:03:24,777 [16988a43-54c6-4d79-b4f6-1d89459795e1-groupManagement] INFO  server.RaftServerConfigKeys (ConfUtils.java:logGet(46)) - raft.server.log.appender.buffer.byte-limit = 33554432 (custom)
2025-05-12 14:03:24,777 [EventQueue-PipelineReportForOneReplicaPipelineSafeModeRule] INFO  safemode.SCMSafeModeManager (SCMSafeModeManager.java:validateSafeModeExitRules(140)) - AtleastOneDatanodeReportedRule rule is successfully validated
2025-05-12 14:03:24,778 [Recon-EventQueue-PipelineReportForReconPipelineReportHandler] INFO  scm.ReconPipelineReportHandler (ReconPipelineReportHandler.java:processPipelineReport(102)) - Pipeline RATIS/THREE PipelineID=00ca9195-5014-4ace-8f60-e2372747ebfe reported by 16988a43-54c6-4d79-b4f6-1d89459795e1(localhost/127.0.0.1)
2025-05-12 14:03:24,778 [Recon-EventQueue-PipelineReportForReconPipelineReportHandler] INFO  scm.ReconPipelineReportHandler (ReconPipelineReportHandler.java:processPipelineReport(102)) - Pipeline RATIS/THREE PipelineID=82a40e4c-495c-4d18-a5f6-5315e3f7dc37 reported by 16988a43-54c6-4d79-b4f6-1d89459795e1(localhost/127.0.0.1)
2025-05-12 14:03:24,779 [16988a43-54c6-4d79-b4f6-1d89459795e1-groupManagement] INFO  util.AwaitToRun (AwaitToRun.java:start(81)) - Thread[#1009,16988a43-54c6-4d79-b4f6-1d89459795e1@group-E2372747EBFE-cacheEviction-AwaitToRun,5,main] started
2025-05-12 14:03:24,779 [16988a43-54c6-4d79-b4f6-1d89459795e1-groupManagement] INFO  segmented.SegmentedRaftLogWorker (SegmentedRaftLogWorker.java:<init>(188)) - new 16988a43-54c6-4d79-b4f6-1d89459795e1@group-E2372747EBFE-SegmentedRaftLogWorker for RaftStorageImpl:Storage Directory /home/runner/work/ozone/ozone/hadoop-ozone/integration-test/target/test-dir/MiniOzoneClusterImpl-93228f78-d735-4ce6-971e-ca8f5c94dbdd/ozone-meta/datanode-3/ratis/00ca9195-5014-4ace-8f60-e2372747ebfe
2025-05-12 14:03:24,779 [16988a43-54c6-4d79-b4f6-1d89459795e1-groupManagement] INFO  server.RaftServerConfigKeys (ConfUtils.java:logGet(46)) - raft.server.log.queue.byte-limit = 4294967296 (custom)
2025-05-12 14:03:24,779 [16988a43-54c6-4d79-b4f6-1d89459795e1-groupManagement] INFO  server.RaftServerConfigKeys (ConfUtils.java:logGet(46)) - raft.server.log.queue.element-limit = 1024 (custom)
2025-05-12 14:03:24,779 [16988a43-54c6-4d79-b4f6-1d89459795e1-groupManagement] INFO  server.RaftServerConfigKeys (ConfUtils.java:logGet(46)) - raft.server.log.segment.size.max = 67108864 (custom)
2025-05-12 14:03:24,779 [16988a43-54c6-4d79-b4f6-1d89459795e1-groupManagement] INFO  server.RaftServerConfigKeys (ConfUtils.java:logGet(46)) - raft.server.log.preallocated.size = 4194304 (custom)
2025-05-12 14:03:24,779 [16988a43-54c6-4d79-b4f6-1d89459795e1-groupManagement] INFO  server.RaftServerConfigKeys (ConfUtils.java:logGet(46)) - raft.server.log.force.sync.num = 128 (default)
2025-05-12 14:03:24,779 [16988a43-54c6-4d79-b4f6-1d89459795e1-groupManagement] INFO  server.RaftServerConfigKeys (ConfUtils.java:logGet(46)) - raft.server.log.statemachine.data.sync = true (default)
2025-05-12 14:03:24,779 [16988a43-54c6-4d79-b4f6-1d89459795e1-groupManagement] INFO  server.RaftServerConfigKeys (ConfUtils.java:logGet(46)) - raft.server.log.statemachine.data.sync.timeout = 10s (default)
2025-05-12 14:03:24,779 [16988a43-54c6-4d79-b4f6-1d89459795e1-groupManagement] INFO  server.RaftServerConfigKeys (ConfUtils.java:logGet(46)) - raft.server.log.statemachine.data.sync.timeout.retry = 30 (custom)
2025-05-12 14:03:24,780 [16988a43-54c6-4d79-b4f6-1d89459795e1-groupManagement] INFO  server.RaftServerConfigKeys (ConfUtils.java:logGet(46)) - raft.server.log.write.buffer.size = 33554440 (custom)
2025-05-12 14:03:24,785 [16988a43-54c6-4d79-b4f6-1d89459795e1-groupManagement] INFO  server.RaftServerConfigKeys (ConfUtils.java:logGet(46)) - raft.server.log.appender.buffer.byte-limit = 33554432 (custom)
2025-05-12 14:03:24,785 [16988a43-54c6-4d79-b4f6-1d89459795e1-groupManagement] INFO  server.RaftServerConfigKeys (ConfUtils.java:logGet(46)) - raft.server.log.unsafe-flush.enabled = false (default)
2025-05-12 14:03:24,785 [16988a43-54c6-4d79-b4f6-1d89459795e1-groupManagement] INFO  server.RaftServerConfigKeys (ConfUtils.java:logGet(46)) - raft.server.log.async-flush.enabled = false (default)
2025-05-12 14:03:24,785 [16988a43-54c6-4d79-b4f6-1d89459795e1-groupManagement] INFO  server.RaftServerConfigKeys (ConfUtils.java:logGet(46)) - raft.server.log.statemachine.data.caching.enabled = true (custom)
2025-05-12 14:03:24,785 [16988a43-54c6-4d79-b4f6-1d89459795e1-groupManagement] INFO  segmented.SegmentedRaftLogWorker (SegmentedRaftLogWorker.java:lambda$new$0(139)) - 16988a43-54c6-4d79-b4f6-1d89459795e1@group-E2372747EBFE-SegmentedRaftLogWorker: flushIndex: setUnconditionally 0 -> -1
2025-05-12 14:03:24,785 [16988a43-54c6-4d79-b4f6-1d89459795e1-groupManagement] INFO  segmented.SegmentedRaftLogWorker (SegmentedRaftLogWorker.java:lambda$new$0(139)) - 16988a43-54c6-4d79-b4f6-1d89459795e1@group-E2372747EBFE-SegmentedRaftLogWorker: safeCacheEvictIndex: setUnconditionally 0 -> -1
2025-05-12 14:03:24,786 [16988a43-54c6-4d79-b4f6-1d89459795e1-groupManagement] INFO  server.RaftServer$Division (RaftServerImpl.java:start(391)) - 16988a43-54c6-4d79-b4f6-1d89459795e1@group-E2372747EBFE: start as a follower, conf=conf: {index: -1, cur=peers:[16988a43-54c6-4d79-b4f6-1d89459795e1|127.0.0.1:15033, a2b8b82a-e2f6-4a14-97b3-6459b5b9a67e|127.0.0.1:15025, cfefa488-19eb-42ef-a91e-ee6d690e2562|127.0.0.1:15017]|listeners:[], old=null}
2025-05-12 14:03:24,786 [16988a43-54c6-4d79-b4f6-1d89459795e1-groupManagement] INFO  server.RaftServer$Division (RaftServerImpl.java:setRole(378)) - 16988a43-54c6-4d79-b4f6-1d89459795e1@group-E2372747EBFE: changes role from      null to FOLLOWER at term 0 for startAsFollower
2025-05-12 14:03:24,786 [16988a43-54c6-4d79-b4f6-1d89459795e1-groupManagement] INFO  impl.RoleInfo (RoleInfo.java:updateAndGet(148)) - 16988a43-54c6-4d79-b4f6-1d89459795e1: start 16988a43-54c6-4d79-b4f6-1d89459795e1@group-E2372747EBFE-FollowerState
2025-05-12 14:03:24,787 [16988a43-54c6-4d79-b4f6-1d89459795e1@group-E2372747EBFE-FollowerState] INFO  server.RaftServerConfigKeys (ConfUtils.java:logGet(46)) - raft.server.rpc.first-election.timeout.min = 1000ms (custom)
2025-05-12 14:03:24,787 [16988a43-54c6-4d79-b4f6-1d89459795e1@group-E2372747EBFE-FollowerState] INFO  server.RaftServerConfigKeys (ConfUtils.java:logGet(46)) - raft.server.rpc.first-election.timeout.max = 1200ms (custom)
2025-05-12 14:03:24,787 [16988a43-54c6-4d79-b4f6-1d89459795e1-groupManagement] INFO  util.JmxRegister (JmxRegister.java:tryRegister(44)) - Successfully registered JMX Bean with object name Ratis:service=RaftServer,group=group-E2372747EBFE,id=16988a43-54c6-4d79-b4f6-1d89459795e1
2025-05-12 14:03:24,787 [16988a43-54c6-4d79-b4f6-1d89459795e1-groupManagement] INFO  util.JmxRegister (JmxRegister.java:register(58)) - register mxBean class org.apache.ratis.server.impl.RaftServerJmxAdapter as Ratis:service=RaftServer,group=group-E2372747EBFE,id=16988a43-54c6-4d79-b4f6-1d89459795e1
2025-05-12 14:03:24,787 [16988a43-54c6-4d79-b4f6-1d89459795e1-groupManagement] INFO  server.RaftServerConfigKeys (ConfUtils.java:logGet(46)) - raft.server.snapshot.trigger-when-stop.enabled = true (default)
2025-05-12 14:03:24,787 [16988a43-54c6-4d79-b4f6-1d89459795e1-groupManagement] INFO  server.RaftServerConfigKeys (ConfUtils.java:logGet(46)) - raft.server.snapshot.trigger-when-remove.enabled = true (default)
2025-05-12 14:03:24,787 [16988a43-54c6-4d79-b4f6-1d89459795e1-groupManagement] INFO  server.RaftServerConfigKeys (ConfUtils.java:logGet(46)) - raft.server.snapshot.auto.trigger.enabled = true (custom)
2025-05-12 14:03:24,787 [16988a43-54c6-4d79-b4f6-1d89459795e1-groupManagement] INFO  server.RaftServerConfigKeys (ConfUtils.java:logGet(46)) - raft.server.snapshot.auto.trigger.threshold = 100000 (custom)
2025-05-12 14:03:24,787 [16988a43-54c6-4d79-b4f6-1d89459795e1-groupManagement] INFO  server.RaftServerConfigKeys (ConfUtils.java:logGet(46)) - raft.server.snapshot.retention.file.num = 5 (custom)
2025-05-12 14:03:24,787 [16988a43-54c6-4d79-b4f6-1d89459795e1-groupManagement] INFO  server.RaftServerConfigKeys (ConfUtils.java:logGet(46)) - raft.server.log.purge.upto.snapshot.index = false (default)
2025-05-12 14:03:24,788 [16988a43-54c6-4d79-b4f6-1d89459795e1-groupManagement] INFO  server.RaftServer$Division (RaftServerImpl.java:start(405)) - 16988a43-54c6-4d79-b4f6-1d89459795e1@group-E2372747EBFE: Successfully started.
2025-05-12 14:03:24,794 [cfefa488-19eb-42ef-a91e-ee6d690e2562-PipelineCommandHandlerThread-0] INFO  commandhandler.CreatePipelineCommandHandler (CreatePipelineCommandHandler.java:lambda$handle$2(128)) - Created Pipeline RATIS THREE PipelineID=00ca9195-5014-4ace-8f60-e2372747ebfe.
2025-05-12 14:03:24,959 [47c4feda-5356-4712-bb09-0016fbee8439-PipelineCommandHandlerThread-0] INFO  server.RaftServer (RaftServerProxy.java:addNew(100)) - 47c4feda-5356-4712-bb09-0016fbee8439: addNew group-7F007BD13FF4:[47c4feda-5356-4712-bb09-0016fbee8439|127.0.0.1:15041] returns group-7F007BD13FF4:java.util.concurrent.CompletableFuture@24034e54[Not completed]
2025-05-12 14:03:24,961 [IPC Server handler 24 on default port 15011] INFO  scm.ReconNodeManager (ReconNodeManager.java:register(273)) - Updating nodeDB for localhost
2025-05-12 14:03:24,961 [IPC Server handler 24 on default port 15011] INFO  recon.ReconContext (ReconContext.java:updateHealthStatus(76)) - Update healthStatus of Recon from true to true.
2025-05-12 14:03:24,961 [47c4feda-5356-4712-bb09-0016fbee8439-groupManagement] INFO  server.RaftServer$Division (RaftServerImpl.java:<init>(255)) - 47c4feda-5356-4712-bb09-0016fbee8439: new RaftServerImpl for group-7F007BD13FF4:[47c4feda-5356-4712-bb09-0016fbee8439|127.0.0.1:15041] with ContainerStateMachine:uninitialized
2025-05-12 14:03:24,961 [47c4feda-5356-4712-bb09-0016fbee8439-groupManagement] INFO  server.RaftServerConfigKeys (ConfUtils.java:logGet(46)) - raft.server.rpc.timeout.min = 5s (custom)
2025-05-12 14:03:24,961 [47c4feda-5356-4712-bb09-0016fbee8439-groupManagement] INFO  server.RaftServerConfigKeys (ConfUtils.java:logGet(46)) - raft.server.rpc.timeout.max = 5200ms (custom)
2025-05-12 14:03:24,961 [47c4feda-5356-4712-bb09-0016fbee8439-groupManagement] INFO  server.RaftServerConfigKeys (ConfUtils.java:logGet(46)) - raft.server.rpc.sleep.time = 25ms (default)
2025-05-12 14:03:24,961 [47c4feda-5356-4712-bb09-0016fbee8439-groupManagement] INFO  server.RaftServerConfigKeys (ConfUtils.java:logGet(46)) - raft.server.rpc.slowness.timeout = 300s (custom)
2025-05-12 14:03:24,961 [47c4feda-5356-4712-bb09-0016fbee8439-groupManagement] INFO  server.RaftServerConfigKeys (ConfUtils.java:logGet(46)) - raft.server.leaderelection.leader.step-down.wait-time = 10s (default)
2025-05-12 14:03:24,961 [47c4feda-5356-4712-bb09-0016fbee8439-groupManagement] INFO  server.RaftServerConfigKeys (ConfUtils.java:logGet(46)) - raft.server.leaderelection.member.majority-add = false (default)
2025-05-12 14:03:24,961 [47c4feda-5356-4712-bb09-0016fbee8439-groupManagement] INFO  server.RaftServerConfigKeys (ConfUtils.java:logGet(46)) - raft.server.sleep.deviation.threshold = 300ms (default)
2025-05-12 14:03:24,962 [47c4feda-5356-4712-bb09-0016fbee8439-groupManagement] INFO  server.RaftServer$Division (ServerState.java:<init>(114)) - 47c4feda-5356-4712-bb09-0016fbee8439@group-7F007BD13FF4: ConfigurationManager, init=conf: {index: -1, cur=peers:[47c4feda-5356-4712-bb09-0016fbee8439|127.0.0.1:15041]|listeners:[], old=null}, confs=<EMPTY_MAP>
2025-05-12 14:03:24,962 [47c4feda-5356-4712-bb09-0016fbee8439-groupManagement] INFO  server.RaftServerConfigKeys (ConfUtils.java:logGet(46)) - raft.server.notification.no-leader.timeout = 300s (custom)
2025-05-12 14:03:24,962 [47c4feda-5356-4712-bb09-0016fbee8439-groupManagement] INFO  server.RaftServerConfigKeys (ConfUtils.java:logGet(46)) - raft.server.read.timeout = 10s (default)
2025-05-12 14:03:24,962 [47c4feda-5356-4712-bb09-0016fbee8439-groupManagement] INFO  server.RaftServerConfigKeys (ConfUtils.java:logGet(46)) - raft.server.retrycache.expirytime = 600000ms (custom)
2025-05-12 14:03:24,962 [47c4feda-5356-4712-bb09-0016fbee8439-groupManagement] INFO  server.RaftServerConfigKeys (ConfUtils.java:logGet(46)) - raft.server.retrycache.statistics.expirytime = 100ms (default)
2025-05-12 14:03:24,962 [47c4feda-5356-4712-bb09-0016fbee8439-groupManagement] INFO  server.RaftServerConfigKeys (ConfUtils.java:logGet(46)) - raft.server.read.option = DEFAULT (default)
2025-05-12 14:03:24,962 [47c4feda-5356-4712-bb09-0016fbee8439-groupManagement] INFO  server.RaftServerConfigKeys (ConfUtils.java:logGet(46)) - raft.server.read.read-after-write-consistent.write-index-cache.expiry-time = 60s (default)
2025-05-12 14:03:24,966 [47c4feda-5356-4712-bb09-0016fbee8439-groupManagement] INFO  server.RaftServerConfigKeys (ConfUtils.java:logGet(46)) - raft.server.rpc.request.timeout = 60s (custom)
2025-05-12 14:03:24,966 [47c4feda-5356-4712-bb09-0016fbee8439-groupManagement] INFO  server.RaftServerConfigKeys (ConfUtils.java:logGet(46)) - raft.server.log.appender.install.snapshot.enabled = false (custom)
2025-05-12 14:03:24,966 [47c4feda-5356-4712-bb09-0016fbee8439-groupManagement] INFO  server.RaftServerConfigKeys (ConfUtils.java:logGet(46)) - raft.server.threadpool.server.cached = true (default)
2025-05-12 14:03:24,966 [47c4feda-5356-4712-bb09-0016fbee8439-groupManagement] INFO  server.RaftServerConfigKeys (ConfUtils.java:logGet(46)) - raft.server.threadpool.server.size = 0 (default)
2025-05-12 14:03:24,966 [47c4feda-5356-4712-bb09-0016fbee8439-groupManagement] INFO  server.RaftServerConfigKeys (ConfUtils.java:logGet(46)) - raft.server.threadpool.client.cached = true (default)
2025-05-12 14:03:24,966 [47c4feda-5356-4712-bb09-0016fbee8439-groupManagement] INFO  server.RaftServerConfigKeys (ConfUtils.java:logGet(46)) - raft.server.threadpool.client.size = 0 (default)
2025-05-12 14:03:24,966 [47c4feda-5356-4712-bb09-0016fbee8439-groupManagement] INFO  server.RaftServerConfigKeys (ConfUtils.java:logGet(46)) - raft.server.storage.free-space.min = 0MB (=0) (default)
2025-05-12 14:03:24,967 [47c4feda-5356-4712-bb09-0016fbee8439-groupManagement] INFO  server.RaftServerConfigKeys (ConfUtils.java:logGet(46)) - raft.server.log.corruption.policy = EXCEPTION (default)
2025-05-12 14:03:24,967 [47c4feda-5356-4712-bb09-0016fbee8439-groupManagement] INFO  server.RaftServerConfigKeys (ConfUtils.java:logGet(46)) - raft.server.storage.dir = [/home/runner/work/ozone/ozone/hadoop-ozone/integration-test/target/test-dir/MiniOzoneClusterImpl-93228f78-d735-4ce6-971e-ca8f5c94dbdd/ozone-meta/datanode-4/ratis] (custom)
2025-05-12 14:03:24,967 [47c4feda-5356-4712-bb09-0016fbee8439-groupManagement] INFO  storage.RaftStorageDirectory (RaftStorageDirectoryImpl.java:analyzeStorage(138)) - The storage directory /home/runner/work/ozone/ozone/hadoop-ozone/integration-test/target/test-dir/MiniOzoneClusterImpl-93228f78-d735-4ce6-971e-ca8f5c94dbdd/ozone-meta/datanode-4/ratis/91c66140-5860-478a-b640-7f007bd13ff4 does not exist. Creating ...
2025-05-12 14:03:24,968 [47c4feda-5356-4712-bb09-0016fbee8439-groupManagement] INFO  storage.RaftStorageDirectory (RaftStorageDirectoryImpl.java:tryLock(229)) - Lock on /home/runner/work/ozone/ozone/hadoop-ozone/integration-test/target/test-dir/MiniOzoneClusterImpl-93228f78-d735-4ce6-971e-ca8f5c94dbdd/ozone-meta/datanode-4/ratis/91c66140-5860-478a-b640-7f007bd13ff4/in_use.lock acquired by nodename 118448@pkrvmberfyhpb9w
2025-05-12 14:03:24,969 [47c4feda-5356-4712-bb09-0016fbee8439-groupManagement] INFO  storage.RaftStorage (RaftStorageImpl.java:format(98)) - Storage directory /home/runner/work/ozone/ozone/hadoop-ozone/integration-test/target/test-dir/MiniOzoneClusterImpl-93228f78-d735-4ce6-971e-ca8f5c94dbdd/ozone-meta/datanode-4/ratis/91c66140-5860-478a-b640-7f007bd13ff4 has been successfully formatted.
2025-05-12 14:03:24,970 [47c4feda-5356-4712-bb09-0016fbee8439-groupManagement] INFO  ratis.ContainerStateMachine (ContainerStateMachine.java:initialize(339)) - 47c4feda-5356-4712-bb09-0016fbee8439: initialize group-7F007BD13FF4
2025-05-12 14:03:24,970 [47c4feda-5356-4712-bb09-0016fbee8439-groupManagement] INFO  ratis.ContainerStateMachine (ContainerStateMachine.java:loadSnapshot(347)) - group-7F007BD13FF4: The snapshot info is null. Setting the last applied index to:(t:0, i:~)
2025-05-12 14:03:24,970 [47c4feda-5356-4712-bb09-0016fbee8439-groupManagement] INFO  server.RaftServerConfigKeys (ConfUtils.java:logGet(46)) - raft.server.log.use.memory = false (default)
2025-05-12 14:03:24,970 [47c4feda-5356-4712-bb09-0016fbee8439-groupManagement] INFO  server.RaftServerConfigKeys (ConfUtils.java:logGet(46)) - raft.server.log.purge.gap = 1000000 (custom)
2025-05-12 14:03:24,970 [47c4feda-5356-4712-bb09-0016fbee8439-groupManagement] INFO  server.RaftServerConfigKeys (ConfUtils.java:logGet(46)) - raft.server.log.appender.buffer.byte-limit = 33554432 (custom)
2025-05-12 14:03:24,970 [47c4feda-5356-4712-bb09-0016fbee8439-groupManagement] INFO  server.RaftServerConfigKeys (ConfUtils.java:logGet(46)) - raft.server.log.statemachine.data.read.timeout = 1000ms (default)
2025-05-12 14:03:24,970 [47c4feda-5356-4712-bb09-0016fbee8439-groupManagement] INFO  server.RaftServerConfigKeys (ConfUtils.java:logGet(46)) - raft.server.log.purge.preservation.log.num = 0 (default)
2025-05-12 14:03:24,971 [EventQueue-PipelineReportForOneReplicaPipelineSafeModeRule] INFO  safemode.SCMSafeModeManager (SCMSafeModeManager.java:validateSafeModeExitRules(140)) - AtleastOneDatanodeReportedRule rule is successfully validated
2025-05-12 14:03:24,973 [Recon-EventQueue-PipelineReportForReconPipelineReportHandler] INFO  scm.ReconPipelineReportHandler (ReconPipelineReportHandler.java:processPipelineReport(66)) - Unknown pipeline PipelineID=91c66140-5860-478a-b640-7f007bd13ff4. Trying to get from SCM.
2025-05-12 14:03:24,973 [47c4feda-5356-4712-bb09-0016fbee8439-groupManagement] INFO  server.RaftServerConfigKeys (ConfUtils.java:logGet(46)) - raft.server.log.segment.size.max = 67108864 (custom)
2025-05-12 14:03:24,973 [47c4feda-5356-4712-bb09-0016fbee8439-groupManagement] INFO  server.RaftServerConfigKeys (ConfUtils.java:logGet(46)) - raft.server.log.segment.cache.num.max = 2 (custom)
2025-05-12 14:03:24,973 [47c4feda-5356-4712-bb09-0016fbee8439-groupManagement] INFO  server.RaftServerConfigKeys (ConfUtils.java:logGet(46)) - raft.server.log.segment.cache.size.max = 200MB (=209715200) (default)
2025-05-12 14:03:24,973 [47c4feda-5356-4712-bb09-0016fbee8439-groupManagement] INFO  server.RaftServerConfigKeys (ConfUtils.java:logGet(46)) - raft.server.log.appender.buffer.byte-limit = 33554432 (custom)
2025-05-12 14:03:24,974 [47c4feda-5356-4712-bb09-0016fbee8439-groupManagement] INFO  util.AwaitToRun (AwaitToRun.java:start(81)) - Thread[#1018,47c4feda-5356-4712-bb09-0016fbee8439@group-7F007BD13FF4-cacheEviction-AwaitToRun,5,main] started
2025-05-12 14:03:24,974 [47c4feda-5356-4712-bb09-0016fbee8439-groupManagement] INFO  segmented.SegmentedRaftLogWorker (SegmentedRaftLogWorker.java:<init>(188)) - new 47c4feda-5356-4712-bb09-0016fbee8439@group-7F007BD13FF4-SegmentedRaftLogWorker for RaftStorageImpl:Storage Directory /home/runner/work/ozone/ozone/hadoop-ozone/integration-test/target/test-dir/MiniOzoneClusterImpl-93228f78-d735-4ce6-971e-ca8f5c94dbdd/ozone-meta/datanode-4/ratis/91c66140-5860-478a-b640-7f007bd13ff4
2025-05-12 14:03:24,974 [47c4feda-5356-4712-bb09-0016fbee8439-groupManagement] INFO  server.RaftServerConfigKeys (ConfUtils.java:logGet(46)) - raft.server.log.queue.byte-limit = 4294967296 (custom)
2025-05-12 14:03:24,974 [47c4feda-5356-4712-bb09-0016fbee8439-groupManagement] INFO  server.RaftServerConfigKeys (ConfUtils.java:logGet(46)) - raft.server.log.queue.element-limit = 1024 (custom)
2025-05-12 14:03:24,974 [47c4feda-5356-4712-bb09-0016fbee8439-groupManagement] INFO  server.RaftServerConfigKeys (ConfUtils.java:logGet(46)) - raft.server.log.segment.size.max = 67108864 (custom)
2025-05-12 14:03:24,974 [47c4feda-5356-4712-bb09-0016fbee8439-groupManagement] INFO  server.RaftServerConfigKeys (ConfUtils.java:logGet(46)) - raft.server.log.preallocated.size = 4194304 (custom)
2025-05-12 14:03:24,974 [47c4feda-5356-4712-bb09-0016fbee8439-groupManagement] INFO  server.RaftServerConfigKeys (ConfUtils.java:logGet(46)) - raft.server.log.force.sync.num = 128 (default)
2025-05-12 14:03:24,974 [47c4feda-5356-4712-bb09-0016fbee8439-groupManagement] INFO  server.RaftServerConfigKeys (ConfUtils.java:logGet(46)) - raft.server.log.statemachine.data.sync = true (default)
2025-05-12 14:03:24,974 [47c4feda-5356-4712-bb09-0016fbee8439-groupManagement] INFO  server.RaftServerConfigKeys (ConfUtils.java:logGet(46)) - raft.server.log.statemachine.data.sync.timeout = 10s (default)
2025-05-12 14:03:24,974 [47c4feda-5356-4712-bb09-0016fbee8439-groupManagement] INFO  server.RaftServerConfigKeys (ConfUtils.java:logGet(46)) - raft.server.log.statemachine.data.sync.timeout.retry = 30 (custom)
2025-05-12 14:03:24,974 [5339c1d4-2d68-4465-95a3-e4cab06d092d@group-CA8F5C94DBDD-StateMachineUpdater] INFO  safemode.SCMSafeModeManager (SCMSafeModeManager.java:validateSafeModeExitRules(140)) - DataNodeSafeModeRule rule is successfully validated
2025-05-12 14:03:24,975 [5339c1d4-2d68-4465-95a3-e4cab06d092d@group-CA8F5C94DBDD-StateMachineUpdater] INFO  safemode.SCMSafeModeManager (SCMSafeModeManager.java:validateSafeModeExitRules(140)) - RatisContainerSafeModeRule rule is successfully validated
2025-05-12 14:03:24,975 [5339c1d4-2d68-4465-95a3-e4cab06d092d@group-CA8F5C94DBDD-StateMachineUpdater] INFO  safemode.HealthyPipelineSafeModeRule (HealthyPipelineSafeModeRule.java:initializeRule(173)) - Refreshed total pipeline count is 0, healthy pipeline threshold count is 1
2025-05-12 14:03:24,975 [47c4feda-5356-4712-bb09-0016fbee8439-groupManagement] INFO  server.RaftServerConfigKeys (ConfUtils.java:logGet(46)) - raft.server.log.write.buffer.size = 33554440 (custom)
2025-05-12 14:03:24,975 [5339c1d4-2d68-4465-95a3-e4cab06d092d@group-CA8F5C94DBDD-StateMachineUpdater] INFO  safemode.SCMSafeModeManager (SCMSafeModeManager.java:validateSafeModeExitRules(140)) - ECContainerSafeModeRule rule is successfully validated
2025-05-12 14:03:24,975 [5339c1d4-2d68-4465-95a3-e4cab06d092d@group-CA8F5C94DBDD-StateMachineUpdater] INFO  safemode.SCMSafeModeManager (SCMSafeModeManager.java:validateSafeModeExitRules(140)) - AtleastOneDatanodeReportedRule rule is successfully validated
2025-05-12 14:03:24,975 [EventQueue-PipelineReportForPipelineReportHandler] INFO  pipeline.PipelineReportHandler (PipelineReportHandler.java:processPipelineReport(134)) - Opened pipeline PipelineID=91c66140-5860-478a-b640-7f007bd13ff4
2025-05-12 14:03:24,976 [EventQueue-OpenPipelineForHealthyPipelineSafeModeRule] INFO  safemode.SCMSafeModeManager (HealthyPipelineSafeModeRule.java:process(141)) - SCM in safe mode. Healthy pipelines reported count is 0, required healthy pipeline reported count is 1
2025-05-12 14:03:24,977 [Recon-EventQueue-PipelineReportForReconPipelineReportHandler] INFO  scm.ReconPipelineReportHandler (ReconPipelineReportHandler.java:processPipelineReport(85)) - Pipeline Pipeline{ Id: 91c66140-5860-478a-b640-7f007bd13ff4, Nodes: [ {47c4feda-5356-4712-bb09-0016fbee8439(localhost/127.0.0.1), ReplicaIndex: 0},], ReplicationConfig: RATIS/ONE, State:OPEN, leaderId:47c4feda-5356-4712-bb09-0016fbee8439, CreationTimestamp2025-05-12T14:03:22.461Z[Etc/UTC]} verified from SCM and added to Recon pipeline metadata.
2025-05-12 14:03:24,980 [47c4feda-5356-4712-bb09-0016fbee8439-groupManagement] INFO  server.RaftServerConfigKeys (ConfUtils.java:logGet(46)) - raft.server.log.appender.buffer.byte-limit = 33554432 (custom)
2025-05-12 14:03:24,980 [47c4feda-5356-4712-bb09-0016fbee8439-groupManagement] INFO  server.RaftServerConfigKeys (ConfUtils.java:logGet(46)) - raft.server.log.unsafe-flush.enabled = false (default)
2025-05-12 14:03:24,980 [47c4feda-5356-4712-bb09-0016fbee8439-groupManagement] INFO  server.RaftServerConfigKeys (ConfUtils.java:logGet(46)) - raft.server.log.async-flush.enabled = false (default)
2025-05-12 14:03:24,980 [47c4feda-5356-4712-bb09-0016fbee8439-groupManagement] INFO  server.RaftServerConfigKeys (ConfUtils.java:logGet(46)) - raft.server.log.statemachine.data.caching.enabled = true (custom)
2025-05-12 14:03:24,981 [47c4feda-5356-4712-bb09-0016fbee8439-groupManagement] INFO  segmented.SegmentedRaftLogWorker (SegmentedRaftLogWorker.java:lambda$new$0(139)) - 47c4feda-5356-4712-bb09-0016fbee8439@group-7F007BD13FF4-SegmentedRaftLogWorker: flushIndex: setUnconditionally 0 -> -1
2025-05-12 14:03:24,981 [47c4feda-5356-4712-bb09-0016fbee8439-groupManagement] INFO  segmented.SegmentedRaftLogWorker (SegmentedRaftLogWorker.java:lambda$new$0(139)) - 47c4feda-5356-4712-bb09-0016fbee8439@group-7F007BD13FF4-SegmentedRaftLogWorker: safeCacheEvictIndex: setUnconditionally 0 -> -1
2025-05-12 14:03:24,981 [47c4feda-5356-4712-bb09-0016fbee8439-groupManagement] INFO  server.RaftServer$Division (RaftServerImpl.java:start(391)) - 47c4feda-5356-4712-bb09-0016fbee8439@group-7F007BD13FF4: start as a follower, conf=conf: {index: -1, cur=peers:[47c4feda-5356-4712-bb09-0016fbee8439|127.0.0.1:15041]|listeners:[], old=null}
2025-05-12 14:03:24,981 [47c4feda-5356-4712-bb09-0016fbee8439-groupManagement] INFO  server.RaftServer$Division (RaftServerImpl.java:setRole(378)) - 47c4feda-5356-4712-bb09-0016fbee8439@group-7F007BD13FF4: changes role from      null to FOLLOWER at term 0 for startAsFollower
2025-05-12 14:03:24,981 [47c4feda-5356-4712-bb09-0016fbee8439-groupManagement] INFO  impl.RoleInfo (RoleInfo.java:updateAndGet(148)) - 47c4feda-5356-4712-bb09-0016fbee8439: start 47c4feda-5356-4712-bb09-0016fbee8439@group-7F007BD13FF4-FollowerState
2025-05-12 14:03:24,982 [47c4feda-5356-4712-bb09-0016fbee8439@group-7F007BD13FF4-FollowerState] INFO  server.RaftServerConfigKeys (ConfUtils.java:logGet(46)) - raft.server.rpc.first-election.timeout.min = 1000ms (custom)
2025-05-12 14:03:24,982 [47c4feda-5356-4712-bb09-0016fbee8439@group-7F007BD13FF4-FollowerState] INFO  server.RaftServerConfigKeys (ConfUtils.java:logGet(46)) - raft.server.rpc.first-election.timeout.max = 1200ms (custom)
2025-05-12 14:03:24,982 [47c4feda-5356-4712-bb09-0016fbee8439-groupManagement] INFO  util.JmxRegister (JmxRegister.java:tryRegister(44)) - Successfully registered JMX Bean with object name Ratis:service=RaftServer,group=group-7F007BD13FF4,id=47c4feda-5356-4712-bb09-0016fbee8439
2025-05-12 14:03:24,982 [47c4feda-5356-4712-bb09-0016fbee8439-groupManagement] INFO  util.JmxRegister (JmxRegister.java:register(58)) - register mxBean class org.apache.ratis.server.impl.RaftServerJmxAdapter as Ratis:service=RaftServer,group=group-7F007BD13FF4,id=47c4feda-5356-4712-bb09-0016fbee8439
2025-05-12 14:03:24,982 [47c4feda-5356-4712-bb09-0016fbee8439-groupManagement] INFO  server.RaftServerConfigKeys (ConfUtils.java:logGet(46)) - raft.server.snapshot.trigger-when-stop.enabled = true (default)
2025-05-12 14:03:24,982 [47c4feda-5356-4712-bb09-0016fbee8439-groupManagement] INFO  server.RaftServerConfigKeys (ConfUtils.java:logGet(46)) - raft.server.snapshot.trigger-when-remove.enabled = true (default)
2025-05-12 14:03:24,982 [47c4feda-5356-4712-bb09-0016fbee8439-groupManagement] INFO  server.RaftServerConfigKeys (ConfUtils.java:logGet(46)) - raft.server.snapshot.auto.trigger.enabled = true (custom)
2025-05-12 14:03:24,982 [47c4feda-5356-4712-bb09-0016fbee8439-groupManagement] INFO  server.RaftServerConfigKeys (ConfUtils.java:logGet(46)) - raft.server.snapshot.auto.trigger.threshold = 100000 (custom)
2025-05-12 14:03:24,982 [47c4feda-5356-4712-bb09-0016fbee8439-groupManagement] INFO  server.RaftServerConfigKeys (ConfUtils.java:logGet(46)) - raft.server.snapshot.retention.file.num = 5 (custom)
2025-05-12 14:03:24,982 [47c4feda-5356-4712-bb09-0016fbee8439-groupManagement] INFO  server.RaftServerConfigKeys (ConfUtils.java:logGet(46)) - raft.server.log.purge.upto.snapshot.index = false (default)
2025-05-12 14:03:24,983 [47c4feda-5356-4712-bb09-0016fbee8439-groupManagement] INFO  server.RaftServer$Division (RaftServerImpl.java:start(405)) - 47c4feda-5356-4712-bb09-0016fbee8439@group-7F007BD13FF4: Successfully started.
2025-05-12 14:03:24,983 [47c4feda-5356-4712-bb09-0016fbee8439-PipelineCommandHandlerThread-0] INFO  ratis.XceiverServerRatis (XceiverServerRatis.java:addGroup(843)) - Created group PipelineID=91c66140-5860-478a-b640-7f007bd13ff4
2025-05-12 14:03:24,983 [47c4feda-5356-4712-bb09-0016fbee8439-PipelineCommandHandlerThread-0] INFO  commandhandler.CreatePipelineCommandHandler (CreatePipelineCommandHandler.java:lambda$handle$2(128)) - Created Pipeline RATIS ONE PipelineID=91c66140-5860-478a-b640-7f007bd13ff4.
2025-05-12 14:03:25,364 [cfefa488-19eb-42ef-a91e-ee6d690e2562@group-54B4B40431DD-FollowerState] INFO  impl.FollowerState (FollowerState.java:runImpl(161)) - cfefa488-19eb-42ef-a91e-ee6d690e2562@group-54B4B40431DD-FollowerState: change to CANDIDATE, lastRpcElapsedTime:1054920120ns, electionTimeout:1054ms
2025-05-12 14:03:25,364 [cfefa488-19eb-42ef-a91e-ee6d690e2562@group-54B4B40431DD-FollowerState] INFO  impl.RoleInfo (RoleInfo.java:shutdownFollowerState(121)) - cfefa488-19eb-42ef-a91e-ee6d690e2562: shutdown cfefa488-19eb-42ef-a91e-ee6d690e2562@group-54B4B40431DD-FollowerState
2025-05-12 14:03:25,364 [cfefa488-19eb-42ef-a91e-ee6d690e2562@group-54B4B40431DD-FollowerState] INFO  server.RaftServer$Division (RaftServerImpl.java:setRole(378)) - cfefa488-19eb-42ef-a91e-ee6d690e2562@group-54B4B40431DD: changes role from  FOLLOWER to CANDIDATE at term 0 for changeToCandidate
2025-05-12 14:03:25,364 [cfefa488-19eb-42ef-a91e-ee6d690e2562@group-54B4B40431DD-FollowerState] INFO  server.RaftServerConfigKeys (ConfUtils.java:logGet(46)) - raft.server.leaderelection.pre-vote = true (default)
2025-05-12 14:03:25,365 [cfefa488-19eb-42ef-a91e-ee6d690e2562@group-54B4B40431DD-FollowerState] INFO  impl.RoleInfo (RoleInfo.java:updateAndGet(148)) - cfefa488-19eb-42ef-a91e-ee6d690e2562: start cfefa488-19eb-42ef-a91e-ee6d690e2562@group-54B4B40431DD-LeaderElection4
2025-05-12 14:03:25,365 [cfefa488-19eb-42ef-a91e-ee6d690e2562@group-54B4B40431DD-LeaderElection4] INFO  impl.LeaderElection (LeaderElection.java:askForVotes(332)) - cfefa488-19eb-42ef-a91e-ee6d690e2562@group-54B4B40431DD-LeaderElection4 PRE_VOTE round 0: submit vote requests at term 0 for conf: {index: -1, cur=peers:[cfefa488-19eb-42ef-a91e-ee6d690e2562|127.0.0.1:15017]|listeners:[], old=null}
2025-05-12 14:03:25,365 [cfefa488-19eb-42ef-a91e-ee6d690e2562@group-54B4B40431DD-LeaderElection4] INFO  impl.LeaderElection (LeaderElection.java:askForVotes(334)) - cfefa488-19eb-42ef-a91e-ee6d690e2562@group-54B4B40431DD-LeaderElection4 PRE_VOTE round 0: result PASSED (term=0)
2025-05-12 14:03:25,366 [cfefa488-19eb-42ef-a91e-ee6d690e2562@group-54B4B40431DD-LeaderElection4] INFO  impl.LeaderElection (LeaderElection.java:askForVotes(332)) - cfefa488-19eb-42ef-a91e-ee6d690e2562@group-54B4B40431DD-LeaderElection4 ELECTION round 0: submit vote requests at term 1 for conf: {index: -1, cur=peers:[cfefa488-19eb-42ef-a91e-ee6d690e2562|127.0.0.1:15017]|listeners:[], old=null}
2025-05-12 14:03:25,366 [cfefa488-19eb-42ef-a91e-ee6d690e2562@group-54B4B40431DD-LeaderElection4] INFO  impl.LeaderElection (LeaderElection.java:askForVotes(334)) - cfefa488-19eb-42ef-a91e-ee6d690e2562@group-54B4B40431DD-LeaderElection4 ELECTION round 0: result PASSED (term=1)
2025-05-12 14:03:25,366 [cfefa488-19eb-42ef-a91e-ee6d690e2562@group-54B4B40431DD-LeaderElection4] INFO  impl.RoleInfo (RoleInfo.java:shutdownLeaderElection(141)) - cfefa488-19eb-42ef-a91e-ee6d690e2562: shutdown cfefa488-19eb-42ef-a91e-ee6d690e2562@group-54B4B40431DD-LeaderElection4
2025-05-12 14:03:25,366 [cfefa488-19eb-42ef-a91e-ee6d690e2562@group-54B4B40431DD-LeaderElection4] INFO  server.RaftServer$Division (RaftServerImpl.java:setRole(378)) - cfefa488-19eb-42ef-a91e-ee6d690e2562@group-54B4B40431DD: changes role from CANDIDATE to LEADER at term 1 for changeToLeader
2025-05-12 14:03:25,366 [cfefa488-19eb-42ef-a91e-ee6d690e2562@group-54B4B40431DD-LeaderElection4] INFO  server.RaftServerConfigKeys (ConfUtils.java:logGet(46)) - raft.server.staging.catchup.gap = 1000 (default)
2025-05-12 14:03:25,367 [cfefa488-19eb-42ef-a91e-ee6d690e2562@group-54B4B40431DD-LeaderElection4] INFO  server.RaftServerConfigKeys (ConfUtils.java:logGet(46)) - raft.server.write.element-limit = 1024 (custom)
2025-05-12 14:03:25,367 [cfefa488-19eb-42ef-a91e-ee6d690e2562@group-54B4B40431DD-LeaderElection4] INFO  server.RaftServerConfigKeys (ConfUtils.java:logGet(46)) - raft.server.write.byte-limit = 1024 M (=1073741824) (custom)
2025-05-12 14:03:25,367 [cfefa488-19eb-42ef-a91e-ee6d690e2562@group-54B4B40431DD-LeaderElection4] INFO  server.RaftServerConfigKeys (ConfUtils.java:logGet(46)) - raft.server.watch.timeout = 30s (custom)
2025-05-12 14:03:25,367 [cfefa488-19eb-42ef-a91e-ee6d690e2562@group-54B4B40431DD-LeaderElection4] INFO  server.RaftServerConfigKeys (ConfUtils.java:logGet(46)) - raft.server.watch.timeout.denomination = 1s (default)
2025-05-12 14:03:25,367 [cfefa488-19eb-42ef-a91e-ee6d690e2562@group-54B4B40431DD-LeaderElection4] INFO  server.RaftServerConfigKeys (ConfUtils.java:logGet(46)) - raft.server.watch.element-limit = 65536 (default)
2025-05-12 14:03:25,368 [cfefa488-19eb-42ef-a91e-ee6d690e2562@group-54B4B40431DD-LeaderElection4] INFO  server.RaftServerConfigKeys (ConfUtils.java:logGet(46)) - raft.server.read.leader.lease.enabled = false (default)
2025-05-12 14:03:25,368 [cfefa488-19eb-42ef-a91e-ee6d690e2562@group-54B4B40431DD-LeaderElection4] INFO  server.RaftServerConfigKeys (ConfUtils.java:logGet(46)) - raft.server.read.leader.lease.timeout.ratio = 0.9 (default)
2025-05-12 14:03:25,368 [cfefa488-19eb-42ef-a91e-ee6d690e2562@group-54B4B40431DD-LeaderElection4] INFO  server.RaftServerConfigKeys (ConfUtils.java:logGet(46)) - raft.server.rpc.timeout.min = 5s (custom)
2025-05-12 14:03:25,368 [cfefa488-19eb-42ef-a91e-ee6d690e2562@group-54B4B40431DD-LeaderElection4] INFO  server.RaftServerConfigKeys (ConfUtils.java:logGet(46)) - raft.server.log.log-metadata.enabled = true (default)
2025-05-12 14:03:25,368 [cfefa488-19eb-42ef-a91e-ee6d690e2562@group-54B4B40431DD-LeaderElection4] INFO  server.RaftServerConfigKeys (ConfUtils.java:logGet(46)) - raft.server.write.element-limit = 1024 (custom)
2025-05-12 14:03:25,368 [cfefa488-19eb-42ef-a91e-ee6d690e2562@group-54B4B40431DD-LeaderElection4] INFO  server.RaftServerConfigKeys (ConfUtils.java:logGet(46)) - raft.server.write.follower.gap.ratio.max = -1.0 (default)
2025-05-12 14:03:25,368 [cfefa488-19eb-42ef-a91e-ee6d690e2562@group-54B4B40431DD-LeaderElection4] INFO  impl.RoleInfo (RoleInfo.java:updateAndGet(148)) - cfefa488-19eb-42ef-a91e-ee6d690e2562: start cfefa488-19eb-42ef-a91e-ee6d690e2562@group-54B4B40431DD-LeaderStateImpl
2025-05-12 14:03:25,369 [cfefa488-19eb-42ef-a91e-ee6d690e2562@group-54B4B40431DD-LeaderElection4] INFO  server.RaftServer$Division (RaftServerImpl.java:setFirstElection(562)) - cfefa488-19eb-42ef-a91e-ee6d690e2562@group-54B4B40431DD: set firstElectionSinceStartup to false for becomeLeader
2025-05-12 14:03:25,369 [cfefa488-19eb-42ef-a91e-ee6d690e2562@group-54B4B40431DD-LeaderElection4] INFO  ratis.XceiverServerRatis (XceiverServerRatis.java:handleLeaderChangedNotification(944)) - Leader change notification received for group: group-54B4B40431DD with new leaderId: cfefa488-19eb-42ef-a91e-ee6d690e2562
2025-05-12 14:03:25,369 [cfefa488-19eb-42ef-a91e-ee6d690e2562@group-54B4B40431DD-LeaderElection4] INFO  server.RaftServer$Division (ServerState.java:setLeader(272)) - cfefa488-19eb-42ef-a91e-ee6d690e2562@group-54B4B40431DD: change Leader from null to cfefa488-19eb-42ef-a91e-ee6d690e2562 at term 1 for becomeLeader, leader elected after 1088ms
2025-05-12 14:03:25,369 [cfefa488-19eb-42ef-a91e-ee6d690e2562@group-54B4B40431DD-LeaderElection4] INFO  segmented.SegmentedRaftLogWorker (SegmentedRaftLogWorker.java:startLogSegment(438)) - cfefa488-19eb-42ef-a91e-ee6d690e2562@group-54B4B40431DD-SegmentedRaftLogWorker: Starting segment from index:0
2025-05-12 14:03:25,370 [cfefa488-19eb-42ef-a91e-ee6d690e2562@group-54B4B40431DD-LeaderElection4] INFO  server.RaftServer$Division (ServerState.java:setRaftConf(386)) - cfefa488-19eb-42ef-a91e-ee6d690e2562@group-54B4B40431DD: set configuration conf: {index: 0, cur=peers:[cfefa488-19eb-42ef-a91e-ee6d690e2562|127.0.0.1:15017]|listeners:[], old=null}
2025-05-12 14:03:25,371 [cfefa488-19eb-42ef-a91e-ee6d690e2562@group-54B4B40431DD-SegmentedRaftLogWorker] INFO  segmented.BufferedWriteChannel (BufferedWriteChannel.java:open(61)) - open log_inprogress_0 at position 0
2025-05-12 14:03:25,372 [EventQueue-PipelineReportForOneReplicaPipelineSafeModeRule] INFO  safemode.SCMSafeModeManager (SCMSafeModeManager.java:validateSafeModeExitRules(140)) - AtleastOneDatanodeReportedRule rule is successfully validated
2025-05-12 14:03:25,372 [EventQueue-OpenPipelineForHealthyPipelineSafeModeRule] INFO  safemode.SCMSafeModeManager (HealthyPipelineSafeModeRule.java:process(141)) - SCM in safe mode. Healthy pipelines reported count is 0, required healthy pipeline reported count is 1
2025-05-12 14:03:25,372 [Recon-EventQueue-PipelineReportForReconPipelineReportHandler] INFO  scm.ReconPipelineReportHandler (ReconPipelineReportHandler.java:processPipelineReport(102)) - Pipeline RATIS/THREE PipelineID=00ca9195-5014-4ace-8f60-e2372747ebfe reported by cfefa488-19eb-42ef-a91e-ee6d690e2562(localhost/127.0.0.1)
2025-05-12 14:03:25,372 [Recon-EventQueue-PipelineReportForReconPipelineReportHandler] INFO  scm.ReconPipelineReportHandler (ReconPipelineReportHandler.java:processPipelineReport(102)) - Pipeline RATIS/THREE PipelineID=82a40e4c-495c-4d18-a5f6-5315e3f7dc37 reported by cfefa488-19eb-42ef-a91e-ee6d690e2562(localhost/127.0.0.1)
2025-05-12 14:03:25,377 [cfefa488-19eb-42ef-a91e-ee6d690e2562@group-54B4B40431DD-SegmentedRaftLogWorker] INFO  segmented.SegmentedRaftLogWorker (SegmentedRaftLogWorker.java:execute(644)) - cfefa488-19eb-42ef-a91e-ee6d690e2562@group-54B4B40431DD-SegmentedRaftLogWorker: created new log segment /home/runner/work/ozone/ozone/hadoop-ozone/integration-test/target/test-dir/MiniOzoneClusterImpl-93228f78-d735-4ce6-971e-ca8f5c94dbdd/ozone-meta/datanode-1/ratis/7dc63e3f-e2d1-4633-aa40-54b4b40431dd/current/log_inprogress_0
2025-05-12 14:03:25,379 [cfefa488-19eb-42ef-a91e-ee6d690e2562@group-54B4B40431DD-StateMachineUpdater] INFO  server.RaftServer$Division (LeaderStateImpl.java:checkStartIndex(313)) - Leader cfefa488-19eb-42ef-a91e-ee6d690e2562@group-54B4B40431DD-LeaderStateImpl is ready since appliedIndex == startIndex == 0
2025-05-12 14:03:25,379 [cfefa488-19eb-42ef-a91e-ee6d690e2562@group-5315E3F7DC37-FollowerState] INFO  impl.FollowerState (FollowerState.java:runImpl(161)) - cfefa488-19eb-42ef-a91e-ee6d690e2562@group-5315E3F7DC37-FollowerState: change to CANDIDATE, lastRpcElapsedTime:1036726623ns, electionTimeout:1036ms
2025-05-12 14:03:25,379 [cfefa488-19eb-42ef-a91e-ee6d690e2562@group-5315E3F7DC37-FollowerState] INFO  impl.RoleInfo (RoleInfo.java:shutdownFollowerState(121)) - cfefa488-19eb-42ef-a91e-ee6d690e2562: shutdown cfefa488-19eb-42ef-a91e-ee6d690e2562@group-5315E3F7DC37-FollowerState
2025-05-12 14:03:25,379 [cfefa488-19eb-42ef-a91e-ee6d690e2562@group-5315E3F7DC37-FollowerState] INFO  server.RaftServer$Division (RaftServerImpl.java:setRole(378)) - cfefa488-19eb-42ef-a91e-ee6d690e2562@group-5315E3F7DC37: changes role from  FOLLOWER to CANDIDATE at term 0 for changeToCandidate
2025-05-12 14:03:25,379 [cfefa488-19eb-42ef-a91e-ee6d690e2562@group-5315E3F7DC37-FollowerState] INFO  server.RaftServerConfigKeys (ConfUtils.java:logGet(46)) - raft.server.leaderelection.pre-vote = true (default)
2025-05-12 14:03:25,380 [cfefa488-19eb-42ef-a91e-ee6d690e2562@group-5315E3F7DC37-FollowerState] INFO  impl.RoleInfo (RoleInfo.java:updateAndGet(148)) - cfefa488-19eb-42ef-a91e-ee6d690e2562: start cfefa488-19eb-42ef-a91e-ee6d690e2562@group-5315E3F7DC37-LeaderElection5
2025-05-12 14:03:25,380 [cfefa488-19eb-42ef-a91e-ee6d690e2562@group-5315E3F7DC37-LeaderElection5] INFO  impl.LeaderElection (LeaderElection.java:askForVotes(332)) - cfefa488-19eb-42ef-a91e-ee6d690e2562@group-5315E3F7DC37-LeaderElection5 PRE_VOTE round 0: submit vote requests at term 0 for conf: {index: -1, cur=peers:[16988a43-54c6-4d79-b4f6-1d89459795e1|127.0.0.1:15033, a2b8b82a-e2f6-4a14-97b3-6459b5b9a67e|127.0.0.1:15025, cfefa488-19eb-42ef-a91e-ee6d690e2562|127.0.0.1:15017]|listeners:[], old=null}
2025-05-12 14:03:25,383 [cfefa488-19eb-42ef-a91e-ee6d690e2562@group-5315E3F7DC37-LeaderElection5] INFO  server.RaftServerConfigKeys (ConfUtils.java:logGet(46)) - raft.server.rpc.first-election.timeout.min = 1000ms (custom)
2025-05-12 14:03:25,383 [cfefa488-19eb-42ef-a91e-ee6d690e2562@group-5315E3F7DC37-LeaderElection5] INFO  server.RaftServerConfigKeys (ConfUtils.java:logGet(46)) - raft.server.rpc.first-election.timeout.max = 1200ms (custom)
2025-05-12 14:03:25,383 [cfefa488-19eb-42ef-a91e-ee6d690e2562@group-5315E3F7DC37-LeaderElection5-1] INFO  server.GrpcServerProtocolClient (GrpcServerProtocolClient.java:<init>(65)) - Build channel for 16988a43-54c6-4d79-b4f6-1d89459795e1|127.0.0.1:15033
2025-05-12 14:03:25,384 [cfefa488-19eb-42ef-a91e-ee6d690e2562@group-5315E3F7DC37-LeaderElection5-2] INFO  server.GrpcServerProtocolClient (GrpcServerProtocolClient.java:<init>(65)) - Build channel for a2b8b82a-e2f6-4a14-97b3-6459b5b9a67e|127.0.0.1:15025
2025-05-12 14:03:25,391 [grpc-default-executor-1] INFO  server.RaftServer$Division (RaftServerImpl.java:requestVote(1407)) - 16988a43-54c6-4d79-b4f6-1d89459795e1@group-5315E3F7DC37: receive requestVote(PRE_VOTE, cfefa488-19eb-42ef-a91e-ee6d690e2562, group-5315E3F7DC37, 0, (t:0, i:0))
2025-05-12 14:03:25,392 [grpc-default-executor-1] INFO  impl.VoteContext (VoteContext.java:log(49)) - 16988a43-54c6-4d79-b4f6-1d89459795e1@group-5315E3F7DC37-FOLLOWER: accept PRE_VOTE from cfefa488-19eb-42ef-a91e-ee6d690e2562: our priority 0 <= candidate's priority 1
2025-05-12 14:03:25,392 [grpc-default-executor-0] INFO  server.RaftServer$Division (RaftServerImpl.java:requestVote(1407)) - a2b8b82a-e2f6-4a14-97b3-6459b5b9a67e@group-5315E3F7DC37: receive requestVote(PRE_VOTE, cfefa488-19eb-42ef-a91e-ee6d690e2562, group-5315E3F7DC37, 0, (t:0, i:0))
2025-05-12 14:03:25,393 [grpc-default-executor-0] INFO  impl.VoteContext (VoteContext.java:log(49)) - a2b8b82a-e2f6-4a14-97b3-6459b5b9a67e@group-5315E3F7DC37-FOLLOWER: accept PRE_VOTE from cfefa488-19eb-42ef-a91e-ee6d690e2562: our priority 0 <= candidate's priority 1
2025-05-12 14:03:25,395 [grpc-default-executor-1] INFO  server.RaftServer$Division (RaftServerImpl.java:requestVote(1441)) - 16988a43-54c6-4d79-b4f6-1d89459795e1@group-5315E3F7DC37 replies to PRE_VOTE vote request: cfefa488-19eb-42ef-a91e-ee6d690e2562<-16988a43-54c6-4d79-b4f6-1d89459795e1#0:OK-t0. Peer's state: 16988a43-54c6-4d79-b4f6-1d89459795e1@group-5315E3F7DC37:t0, leader=null, voted=, raftlog=Memoized:16988a43-54c6-4d79-b4f6-1d89459795e1@group-5315E3F7DC37-SegmentedRaftLog:OPENED:c-1:lastnull, conf=conf: {index: -1, cur=peers:[16988a43-54c6-4d79-b4f6-1d89459795e1|127.0.0.1:15033, a2b8b82a-e2f6-4a14-97b3-6459b5b9a67e|127.0.0.1:15025, cfefa488-19eb-42ef-a91e-ee6d690e2562|127.0.0.1:15017]|listeners:[], old=null}
2025-05-12 14:03:25,395 [grpc-default-executor-0] INFO  server.RaftServer$Division (RaftServerImpl.java:requestVote(1441)) - a2b8b82a-e2f6-4a14-97b3-6459b5b9a67e@group-5315E3F7DC37 replies to PRE_VOTE vote request: cfefa488-19eb-42ef-a91e-ee6d690e2562<-a2b8b82a-e2f6-4a14-97b3-6459b5b9a67e#0:OK-t0. Peer's state: a2b8b82a-e2f6-4a14-97b3-6459b5b9a67e@group-5315E3F7DC37:t0, leader=null, voted=, raftlog=Memoized:a2b8b82a-e2f6-4a14-97b3-6459b5b9a67e@group-5315E3F7DC37-SegmentedRaftLog:OPENED:c-1:lastnull, conf=conf: {index: -1, cur=peers:[16988a43-54c6-4d79-b4f6-1d89459795e1|127.0.0.1:15033, a2b8b82a-e2f6-4a14-97b3-6459b5b9a67e|127.0.0.1:15025, cfefa488-19eb-42ef-a91e-ee6d690e2562|127.0.0.1:15017]|listeners:[], old=null}
2025-05-12 14:03:25,397 [cfefa488-19eb-42ef-a91e-ee6d690e2562@group-5315E3F7DC37-LeaderElection5] INFO  impl.LeaderElection (LeaderElection.java:logAndReturn(90)) - cfefa488-19eb-42ef-a91e-ee6d690e2562@group-5315E3F7DC37-LeaderElection5: PRE_VOTE PASSED received 1 response(s) and 0 exception(s):
2025-05-12 14:03:25,397 [cfefa488-19eb-42ef-a91e-ee6d690e2562@group-5315E3F7DC37-LeaderElection5] INFO  impl.LeaderElection (LeaderElection.java:logAndReturn(94)) -   Response 0: cfefa488-19eb-42ef-a91e-ee6d690e2562<-16988a43-54c6-4d79-b4f6-1d89459795e1#0:OK-t0
2025-05-12 14:03:25,397 [cfefa488-19eb-42ef-a91e-ee6d690e2562@group-5315E3F7DC37-LeaderElection5] INFO  impl.LeaderElection (LeaderElection.java:askForVotes(334)) - cfefa488-19eb-42ef-a91e-ee6d690e2562@group-5315E3F7DC37-LeaderElection5 PRE_VOTE round 0: result PASSED
2025-05-12 14:03:25,399 [cfefa488-19eb-42ef-a91e-ee6d690e2562@group-5315E3F7DC37-LeaderElection5] INFO  impl.LeaderElection (LeaderElection.java:askForVotes(332)) - cfefa488-19eb-42ef-a91e-ee6d690e2562@group-5315E3F7DC37-LeaderElection5 ELECTION round 0: submit vote requests at term 1 for conf: {index: -1, cur=peers:[16988a43-54c6-4d79-b4f6-1d89459795e1|127.0.0.1:15033, a2b8b82a-e2f6-4a14-97b3-6459b5b9a67e|127.0.0.1:15025, cfefa488-19eb-42ef-a91e-ee6d690e2562|127.0.0.1:15017]|listeners:[], old=null}
2025-05-12 14:03:25,400 [cfefa488-19eb-42ef-a91e-ee6d690e2562@group-5315E3F7DC37-LeaderElection5] INFO  server.RaftServerConfigKeys (ConfUtils.java:logGet(46)) - raft.server.rpc.first-election.timeout.min = 1000ms (custom)
2025-05-12 14:03:25,400 [cfefa488-19eb-42ef-a91e-ee6d690e2562@group-5315E3F7DC37-LeaderElection5] INFO  server.RaftServerConfigKeys (ConfUtils.java:logGet(46)) - raft.server.rpc.first-election.timeout.max = 1200ms (custom)
2025-05-12 14:03:25,402 [grpc-default-executor-0] INFO  server.RaftServer$Division (RaftServerImpl.java:requestVote(1407)) - 16988a43-54c6-4d79-b4f6-1d89459795e1@group-5315E3F7DC37: receive requestVote(ELECTION, cfefa488-19eb-42ef-a91e-ee6d690e2562, group-5315E3F7DC37, 1, (t:0, i:0))
2025-05-12 14:03:25,402 [grpc-default-executor-0] INFO  impl.VoteContext (VoteContext.java:log(49)) - 16988a43-54c6-4d79-b4f6-1d89459795e1@group-5315E3F7DC37-FOLLOWER: accept ELECTION from cfefa488-19eb-42ef-a91e-ee6d690e2562: our priority 0 <= candidate's priority 1
2025-05-12 14:03:25,402 [grpc-default-executor-0] INFO  server.RaftServer$Division (RaftServerImpl.java:setRole(378)) - 16988a43-54c6-4d79-b4f6-1d89459795e1@group-5315E3F7DC37: changes role from  FOLLOWER to FOLLOWER at term 0 for candidate:cfefa488-19eb-42ef-a91e-ee6d690e2562
2025-05-12 14:03:25,402 [grpc-default-executor-0] INFO  impl.RoleInfo (RoleInfo.java:shutdownFollowerState(121)) - 16988a43-54c6-4d79-b4f6-1d89459795e1: shutdown 16988a43-54c6-4d79-b4f6-1d89459795e1@group-5315E3F7DC37-FollowerState
2025-05-12 14:03:25,403 [16988a43-54c6-4d79-b4f6-1d89459795e1@group-5315E3F7DC37-FollowerState] INFO  impl.FollowerState (FollowerState.java:runImpl(170)) - 16988a43-54c6-4d79-b4f6-1d89459795e1@group-5315E3F7DC37-FollowerState was interrupted
2025-05-12 14:03:25,404 [grpc-default-executor-0] INFO  impl.RoleInfo (RoleInfo.java:updateAndGet(148)) - 16988a43-54c6-4d79-b4f6-1d89459795e1: start 16988a43-54c6-4d79-b4f6-1d89459795e1@group-5315E3F7DC37-FollowerState
2025-05-12 14:03:25,404 [grpc-default-executor-1] INFO  server.RaftServer$Division (RaftServerImpl.java:requestVote(1407)) - a2b8b82a-e2f6-4a14-97b3-6459b5b9a67e@group-5315E3F7DC37: receive requestVote(ELECTION, cfefa488-19eb-42ef-a91e-ee6d690e2562, group-5315E3F7DC37, 1, (t:0, i:0))
2025-05-12 14:03:25,404 [grpc-default-executor-1] INFO  impl.VoteContext (VoteContext.java:log(49)) - a2b8b82a-e2f6-4a14-97b3-6459b5b9a67e@group-5315E3F7DC37-FOLLOWER: accept ELECTION from cfefa488-19eb-42ef-a91e-ee6d690e2562: our priority 0 <= candidate's priority 1
2025-05-12 14:03:25,404 [grpc-default-executor-1] INFO  server.RaftServer$Division (RaftServerImpl.java:setRole(378)) - a2b8b82a-e2f6-4a14-97b3-6459b5b9a67e@group-5315E3F7DC37: changes role from  FOLLOWER to FOLLOWER at term 0 for candidate:cfefa488-19eb-42ef-a91e-ee6d690e2562
2025-05-12 14:03:25,404 [grpc-default-executor-1] INFO  impl.RoleInfo (RoleInfo.java:shutdownFollowerState(121)) - a2b8b82a-e2f6-4a14-97b3-6459b5b9a67e: shutdown a2b8b82a-e2f6-4a14-97b3-6459b5b9a67e@group-5315E3F7DC37-FollowerState
2025-05-12 14:03:25,404 [grpc-default-executor-1] INFO  impl.RoleInfo (RoleInfo.java:updateAndGet(148)) - a2b8b82a-e2f6-4a14-97b3-6459b5b9a67e: start a2b8b82a-e2f6-4a14-97b3-6459b5b9a67e@group-5315E3F7DC37-FollowerState
2025-05-12 14:03:25,404 [a2b8b82a-e2f6-4a14-97b3-6459b5b9a67e@group-5315E3F7DC37-FollowerState] INFO  impl.FollowerState (FollowerState.java:runImpl(170)) - a2b8b82a-e2f6-4a14-97b3-6459b5b9a67e@group-5315E3F7DC37-FollowerState was interrupted
2025-05-12 14:03:25,405 [grpc-default-executor-0] INFO  server.RaftServer$Division (RaftServerImpl.java:setFirstElection(562)) - 16988a43-54c6-4d79-b4f6-1d89459795e1@group-5315E3F7DC37: set firstElectionSinceStartup to false for candidate:cfefa488-19eb-42ef-a91e-ee6d690e2562
2025-05-12 14:03:25,405 [grpc-default-executor-1] INFO  server.RaftServer$Division (RaftServerImpl.java:setFirstElection(562)) - a2b8b82a-e2f6-4a14-97b3-6459b5b9a67e@group-5315E3F7DC37: set firstElectionSinceStartup to false for candidate:cfefa488-19eb-42ef-a91e-ee6d690e2562
2025-05-12 14:03:25,407 [grpc-default-executor-0] INFO  server.RaftServer$Division (RaftServerImpl.java:requestVote(1441)) - 16988a43-54c6-4d79-b4f6-1d89459795e1@group-5315E3F7DC37 replies to ELECTION vote request: cfefa488-19eb-42ef-a91e-ee6d690e2562<-16988a43-54c6-4d79-b4f6-1d89459795e1#0:OK-t1. Peer's state: 16988a43-54c6-4d79-b4f6-1d89459795e1@group-5315E3F7DC37:t1, leader=null, voted=cfefa488-19eb-42ef-a91e-ee6d690e2562, raftlog=Memoized:16988a43-54c6-4d79-b4f6-1d89459795e1@group-5315E3F7DC37-SegmentedRaftLog:OPENED:c-1:lastnull, conf=conf: {index: -1, cur=peers:[16988a43-54c6-4d79-b4f6-1d89459795e1|127.0.0.1:15033, a2b8b82a-e2f6-4a14-97b3-6459b5b9a67e|127.0.0.1:15025, cfefa488-19eb-42ef-a91e-ee6d690e2562|127.0.0.1:15017]|listeners:[], old=null}
2025-05-12 14:03:25,407 [grpc-default-executor-1] INFO  server.RaftServer$Division (RaftServerImpl.java:requestVote(1441)) - a2b8b82a-e2f6-4a14-97b3-6459b5b9a67e@group-5315E3F7DC37 replies to ELECTION vote request: cfefa488-19eb-42ef-a91e-ee6d690e2562<-a2b8b82a-e2f6-4a14-97b3-6459b5b9a67e#0:OK-t1. Peer's state: a2b8b82a-e2f6-4a14-97b3-6459b5b9a67e@group-5315E3F7DC37:t1, leader=null, voted=cfefa488-19eb-42ef-a91e-ee6d690e2562, raftlog=Memoized:a2b8b82a-e2f6-4a14-97b3-6459b5b9a67e@group-5315E3F7DC37-SegmentedRaftLog:OPENED:c-1:lastnull, conf=conf: {index: -1, cur=peers:[16988a43-54c6-4d79-b4f6-1d89459795e1|127.0.0.1:15033, a2b8b82a-e2f6-4a14-97b3-6459b5b9a67e|127.0.0.1:15025, cfefa488-19eb-42ef-a91e-ee6d690e2562|127.0.0.1:15017]|listeners:[], old=null}
2025-05-12 14:03:25,409 [cfefa488-19eb-42ef-a91e-ee6d690e2562@group-5315E3F7DC37-LeaderElection5] INFO  impl.LeaderElection (LeaderElection.java:logAndReturn(90)) - cfefa488-19eb-42ef-a91e-ee6d690e2562@group-5315E3F7DC37-LeaderElection5: ELECTION PASSED received 1 response(s) and 0 exception(s):
2025-05-12 14:03:25,409 [cfefa488-19eb-42ef-a91e-ee6d690e2562@group-5315E3F7DC37-LeaderElection5] INFO  impl.LeaderElection (LeaderElection.java:logAndReturn(94)) -   Response 0: cfefa488-19eb-42ef-a91e-ee6d690e2562<-16988a43-54c6-4d79-b4f6-1d89459795e1#0:OK-t1
2025-05-12 14:03:25,409 [cfefa488-19eb-42ef-a91e-ee6d690e2562@group-5315E3F7DC37-LeaderElection5] INFO  impl.LeaderElection (LeaderElection.java:askForVotes(334)) - cfefa488-19eb-42ef-a91e-ee6d690e2562@group-5315E3F7DC37-LeaderElection5 ELECTION round 0: result PASSED
2025-05-12 14:03:25,409 [cfefa488-19eb-42ef-a91e-ee6d690e2562@group-5315E3F7DC37-LeaderElection5] INFO  impl.RoleInfo (RoleInfo.java:shutdownLeaderElection(141)) - cfefa488-19eb-42ef-a91e-ee6d690e2562: shutdown cfefa488-19eb-42ef-a91e-ee6d690e2562@group-5315E3F7DC37-LeaderElection5
2025-05-12 14:03:25,409 [cfefa488-19eb-42ef-a91e-ee6d690e2562@group-5315E3F7DC37-LeaderElection5] INFO  server.RaftServer$Division (RaftServerImpl.java:setRole(378)) - cfefa488-19eb-42ef-a91e-ee6d690e2562@group-5315E3F7DC37: changes role from CANDIDATE to LEADER at term 1 for changeToLeader
2025-05-12 14:03:25,409 [cfefa488-19eb-42ef-a91e-ee6d690e2562@group-5315E3F7DC37-LeaderElection5] INFO  server.RaftServerConfigKeys (ConfUtils.java:logGet(46)) - raft.server.staging.catchup.gap = 1000 (default)
2025-05-12 14:03:25,409 [cfefa488-19eb-42ef-a91e-ee6d690e2562@group-5315E3F7DC37-LeaderElection5] INFO  server.RaftServerConfigKeys (ConfUtils.java:logGet(46)) - raft.server.write.element-limit = 1024 (custom)
2025-05-12 14:03:25,410 [cfefa488-19eb-42ef-a91e-ee6d690e2562@group-5315E3F7DC37-LeaderElection5] INFO  server.RaftServerConfigKeys (ConfUtils.java:logGet(46)) - raft.server.write.byte-limit = 1024 M (=1073741824) (custom)
2025-05-12 14:03:25,410 [cfefa488-19eb-42ef-a91e-ee6d690e2562@group-5315E3F7DC37-LeaderElection5] INFO  server.RaftServerConfigKeys (ConfUtils.java:logGet(46)) - raft.server.watch.timeout = 30s (custom)
2025-05-12 14:03:25,410 [cfefa488-19eb-42ef-a91e-ee6d690e2562@group-5315E3F7DC37-LeaderElection5] INFO  server.RaftServerConfigKeys (ConfUtils.java:logGet(46)) - raft.server.watch.timeout.denomination = 1s (default)
2025-05-12 14:03:25,410 [cfefa488-19eb-42ef-a91e-ee6d690e2562@group-5315E3F7DC37-LeaderElection5] INFO  server.RaftServerConfigKeys (ConfUtils.java:logGet(46)) - raft.server.watch.element-limit = 65536 (default)
2025-05-12 14:03:25,411 [cfefa488-19eb-42ef-a91e-ee6d690e2562@group-5315E3F7DC37-LeaderElection5] INFO  server.RaftServerConfigKeys (ConfUtils.java:logGet(46)) - raft.server.read.leader.lease.enabled = false (default)
2025-05-12 14:03:25,411 [cfefa488-19eb-42ef-a91e-ee6d690e2562@group-5315E3F7DC37-LeaderElection5] INFO  server.RaftServerConfigKeys (ConfUtils.java:logGet(46)) - raft.server.read.leader.lease.timeout.ratio = 0.9 (default)
2025-05-12 14:03:25,411 [cfefa488-19eb-42ef-a91e-ee6d690e2562@group-5315E3F7DC37-LeaderElection5] INFO  server.RaftServerConfigKeys (ConfUtils.java:logGet(46)) - raft.server.rpc.timeout.min = 5s (custom)
2025-05-12 14:03:25,411 [cfefa488-19eb-42ef-a91e-ee6d690e2562@group-5315E3F7DC37-LeaderElection5] INFO  server.RaftServerConfigKeys (ConfUtils.java:logGet(46)) - raft.server.log.log-metadata.enabled = true (default)
2025-05-12 14:03:25,411 [cfefa488-19eb-42ef-a91e-ee6d690e2562@group-5315E3F7DC37-LeaderElection5] INFO  server.RaftServerConfigKeys (ConfUtils.java:logGet(46)) - raft.server.write.element-limit = 1024 (custom)
2025-05-12 14:03:25,411 [cfefa488-19eb-42ef-a91e-ee6d690e2562@group-5315E3F7DC37-LeaderElection5] INFO  server.RaftServerConfigKeys (ConfUtils.java:logGet(46)) - raft.server.write.follower.gap.ratio.max = -1.0 (default)
2025-05-12 14:03:25,417 [cfefa488-19eb-42ef-a91e-ee6d690e2562@group-5315E3F7DC37-LeaderElection5] INFO  server.RaftServerConfigKeys (ConfUtils.java:logGet(46)) - raft.server.log.appender.snapshot.chunk.size.max = 16MB (=16777216) (default)
2025-05-12 14:03:25,417 [cfefa488-19eb-42ef-a91e-ee6d690e2562@group-5315E3F7DC37-LeaderElection5] INFO  server.RaftServerConfigKeys (ConfUtils.java:logGet(46)) - raft.server.log.appender.buffer.byte-limit = 33554432 (custom)
2025-05-12 14:03:25,417 [cfefa488-19eb-42ef-a91e-ee6d690e2562@group-5315E3F7DC37-LeaderElection5] INFO  server.RaftServerConfigKeys (ConfUtils.java:logGet(46)) - raft.server.log.appender.buffer.element-limit = 1024 (custom)
2025-05-12 14:03:25,419 [cfefa488-19eb-42ef-a91e-ee6d690e2562@group-5315E3F7DC37-LeaderElection5] INFO  server.RaftServerConfigKeys (ConfUtils.java:logGet(46)) - raft.server.log.appender.wait-time.min = 0μs (custom)
2025-05-12 14:03:25,419 [cfefa488-19eb-42ef-a91e-ee6d690e2562@group-5315E3F7DC37-LeaderElection5] INFO  grpc.GrpcConfigKeys (ConfUtils.java:logGet(46)) - raft.grpc.server.leader.outstanding.appends.max = 8 (default)
2025-05-12 14:03:25,420 [cfefa488-19eb-42ef-a91e-ee6d690e2562@group-5315E3F7DC37-LeaderElection5] INFO  server.RaftServerConfigKeys (ConfUtils.java:logGet(46)) - raft.server.rpc.request.timeout = 60s (custom)
2025-05-12 14:03:25,420 [cfefa488-19eb-42ef-a91e-ee6d690e2562@group-5315E3F7DC37-LeaderElection5] INFO  grpc.GrpcConfigKeys (ConfUtils.java:logGet(46)) - raft.grpc.server.install_snapshot.request.element-limit = 8 (default)
2025-05-12 14:03:25,420 [cfefa488-19eb-42ef-a91e-ee6d690e2562@group-5315E3F7DC37-LeaderElection5] INFO  grpc.GrpcConfigKeys (ConfUtils.java:logGet(46)) - raft.grpc.server.install_snapshot.request.timeout = 3000ms (default)
2025-05-12 14:03:25,420 [cfefa488-19eb-42ef-a91e-ee6d690e2562@group-5315E3F7DC37-LeaderElection5] INFO  grpc.GrpcConfigKeys (ConfUtils.java:logGet(46)) - raft.grpc.server.log-message.batch.duration = 5s (default)
2025-05-12 14:03:25,420 [cfefa488-19eb-42ef-a91e-ee6d690e2562@group-5315E3F7DC37-LeaderElection5] INFO  server.RaftServerConfigKeys (ConfUtils.java:logGet(46)) - raft.server.log.appender.install.snapshot.enabled = false (custom)
2025-05-12 14:03:25,420 [cfefa488-19eb-42ef-a91e-ee6d690e2562@group-5315E3F7DC37-LeaderElection5] INFO  grpc.GrpcConfigKeys (ConfUtils.java:logGet(46)) - raft.grpc.server.heartbeat.channel = true (default)
2025-05-12 14:03:25,423 [cfefa488-19eb-42ef-a91e-ee6d690e2562@group-5315E3F7DC37-LeaderElection5] INFO  server.RaftServerConfigKeys (ConfUtils.java:logGet(46)) - raft.server.log.appender.snapshot.chunk.size.max = 16MB (=16777216) (default)
2025-05-12 14:03:25,423 [cfefa488-19eb-42ef-a91e-ee6d690e2562@group-5315E3F7DC37-LeaderElection5] INFO  server.RaftServerConfigKeys (ConfUtils.java:logGet(46)) - raft.server.log.appender.buffer.byte-limit = 33554432 (custom)
2025-05-12 14:03:25,423 [cfefa488-19eb-42ef-a91e-ee6d690e2562@group-5315E3F7DC37-LeaderElection5] INFO  server.RaftServerConfigKeys (ConfUtils.java:logGet(46)) - raft.server.log.appender.buffer.element-limit = 1024 (custom)
2025-05-12 14:03:25,423 [cfefa488-19eb-42ef-a91e-ee6d690e2562@group-5315E3F7DC37-LeaderElection5] INFO  server.RaftServerConfigKeys (ConfUtils.java:logGet(46)) - raft.server.log.appender.wait-time.min = 0μs (custom)
2025-05-12 14:03:25,423 [cfefa488-19eb-42ef-a91e-ee6d690e2562@group-5315E3F7DC37-LeaderElection5] INFO  grpc.GrpcConfigKeys (ConfUtils.java:logGet(46)) - raft.grpc.server.leader.outstanding.appends.max = 8 (default)
2025-05-12 14:03:25,423 [cfefa488-19eb-42ef-a91e-ee6d690e2562@group-5315E3F7DC37-LeaderElection5] INFO  server.RaftServerConfigKeys (ConfUtils.java:logGet(46)) - raft.server.rpc.request.timeout = 60s (custom)
2025-05-12 14:03:25,424 [cfefa488-19eb-42ef-a91e-ee6d690e2562@group-5315E3F7DC37-LeaderElection5] INFO  grpc.GrpcConfigKeys (ConfUtils.java:logGet(46)) - raft.grpc.server.install_snapshot.request.element-limit = 8 (default)
2025-05-12 14:03:25,424 [cfefa488-19eb-42ef-a91e-ee6d690e2562@group-5315E3F7DC37-LeaderElection5] INFO  grpc.GrpcConfigKeys (ConfUtils.java:logGet(46)) - raft.grpc.server.install_snapshot.request.timeout = 3000ms (default)
2025-05-12 14:03:25,424 [cfefa488-19eb-42ef-a91e-ee6d690e2562@group-5315E3F7DC37-LeaderElection5] INFO  grpc.GrpcConfigKeys (ConfUtils.java:logGet(46)) - raft.grpc.server.log-message.batch.duration = 5s (default)
2025-05-12 14:03:25,424 [cfefa488-19eb-42ef-a91e-ee6d690e2562@group-5315E3F7DC37-LeaderElection5] INFO  server.RaftServerConfigKeys (ConfUtils.java:logGet(46)) - raft.server.log.appender.install.snapshot.enabled = false (custom)
2025-05-12 14:03:25,424 [cfefa488-19eb-42ef-a91e-ee6d690e2562@group-5315E3F7DC37-LeaderElection5] INFO  grpc.GrpcConfigKeys (ConfUtils.java:logGet(46)) - raft.grpc.server.heartbeat.channel = true (default)
2025-05-12 14:03:25,425 [cfefa488-19eb-42ef-a91e-ee6d690e2562@group-5315E3F7DC37-LeaderElection5] INFO  impl.RoleInfo (RoleInfo.java:updateAndGet(148)) - cfefa488-19eb-42ef-a91e-ee6d690e2562: start cfefa488-19eb-42ef-a91e-ee6d690e2562@group-5315E3F7DC37-LeaderStateImpl
2025-05-12 14:03:25,425 [cfefa488-19eb-42ef-a91e-ee6d690e2562@group-5315E3F7DC37-LeaderElection5] INFO  server.RaftServer$Division (RaftServerImpl.java:setFirstElection(562)) - cfefa488-19eb-42ef-a91e-ee6d690e2562@group-5315E3F7DC37: set firstElectionSinceStartup to false for becomeLeader
2025-05-12 14:03:25,425 [cfefa488-19eb-42ef-a91e-ee6d690e2562@group-5315E3F7DC37-LeaderElection5] INFO  ratis.XceiverServerRatis (XceiverServerRatis.java:handleLeaderChangedNotification(944)) - Leader change notification received for group: group-5315E3F7DC37 with new leaderId: cfefa488-19eb-42ef-a91e-ee6d690e2562
2025-05-12 14:03:25,425 [cfefa488-19eb-42ef-a91e-ee6d690e2562@group-5315E3F7DC37-LeaderElection5] INFO  server.RaftServer$Division (ServerState.java:setLeader(272)) - cfefa488-19eb-42ef-a91e-ee6d690e2562@group-5315E3F7DC37: change Leader from null to cfefa488-19eb-42ef-a91e-ee6d690e2562 at term 1 for becomeLeader, leader elected after 1107ms
2025-05-12 14:03:25,425 [cfefa488-19eb-42ef-a91e-ee6d690e2562@group-5315E3F7DC37-LeaderElection5] INFO  segmented.SegmentedRaftLogWorker (SegmentedRaftLogWorker.java:startLogSegment(438)) - cfefa488-19eb-42ef-a91e-ee6d690e2562@group-5315E3F7DC37-SegmentedRaftLogWorker: Starting segment from index:0
2025-05-12 14:03:25,426 [cfefa488-19eb-42ef-a91e-ee6d690e2562@group-5315E3F7DC37-SegmentedRaftLogWorker] INFO  segmented.BufferedWriteChannel (BufferedWriteChannel.java:open(61)) - open log_inprogress_0 at position 0
2025-05-12 14:03:25,427 [cfefa488-19eb-42ef-a91e-ee6d690e2562@group-5315E3F7DC37-LeaderElection5] INFO  server.RaftServer$Division (ServerState.java:setRaftConf(386)) - cfefa488-19eb-42ef-a91e-ee6d690e2562@group-5315E3F7DC37: set configuration conf: {index: 0, cur=peers:[16988a43-54c6-4d79-b4f6-1d89459795e1|127.0.0.1:15033, a2b8b82a-e2f6-4a14-97b3-6459b5b9a67e|127.0.0.1:15025, cfefa488-19eb-42ef-a91e-ee6d690e2562|127.0.0.1:15017]|listeners:[], old=null}
2025-05-12 14:03:25,430 [Recon-EventQueue-PipelineReportForReconPipelineReportHandler] INFO  scm.ReconPipelineReportHandler (ReconPipelineReportHandler.java:processPipelineReport(102)) - Pipeline RATIS/THREE PipelineID=00ca9195-5014-4ace-8f60-e2372747ebfe reported by cfefa488-19eb-42ef-a91e-ee6d690e2562(localhost/127.0.0.1)
2025-05-12 14:03:25,430 [Recon-EventQueue-PipelineReportForReconPipelineReportHandler] INFO  scm.ReconPipelineReportHandler (ReconPipelineReportHandler.java:processPipelineReport(102)) - Pipeline RATIS/THREE PipelineID=82a40e4c-495c-4d18-a5f6-5315e3f7dc37 reported by cfefa488-19eb-42ef-a91e-ee6d690e2562(localhost/127.0.0.1)
2025-05-12 14:03:25,431 [EventQueue-OpenPipelineForHealthyPipelineSafeModeRule] INFO  safemode.SCMSafeModeManager (HealthyPipelineSafeModeRule.java:process(141)) - SCM in safe mode. Healthy pipelines reported count is 0, required healthy pipeline reported count is 1
2025-05-12 14:03:25,431 [EventQueue-PipelineReportForOneReplicaPipelineSafeModeRule] INFO  safemode.SCMSafeModeManager (SCMSafeModeManager.java:validateSafeModeExitRules(140)) - AtleastOneDatanodeReportedRule rule is successfully validated
2025-05-12 14:03:25,436 [cfefa488-19eb-42ef-a91e-ee6d690e2562@group-5315E3F7DC37-SegmentedRaftLogWorker] INFO  segmented.SegmentedRaftLogWorker (SegmentedRaftLogWorker.java:execute(644)) - cfefa488-19eb-42ef-a91e-ee6d690e2562@group-5315E3F7DC37-SegmentedRaftLogWorker: created new log segment /home/runner/work/ozone/ozone/hadoop-ozone/integration-test/target/test-dir/MiniOzoneClusterImpl-93228f78-d735-4ce6-971e-ca8f5c94dbdd/ozone-meta/datanode-1/ratis/82a40e4c-495c-4d18-a5f6-5315e3f7dc37/current/log_inprogress_0
2025-05-12 14:03:25,437 [5339c1d4-2d68-4465-95a3-e4cab06d092d@group-CA8F5C94DBDD-StateMachineUpdater] INFO  safemode.SCMSafeModeManager (SCMSafeModeManager.java:validateSafeModeExitRules(140)) - DataNodeSafeModeRule rule is successfully validated
2025-05-12 14:03:25,437 [5339c1d4-2d68-4465-95a3-e4cab06d092d@group-CA8F5C94DBDD-StateMachineUpdater] INFO  safemode.SCMSafeModeManager (SCMSafeModeManager.java:validateSafeModeExitRules(140)) - RatisContainerSafeModeRule rule is successfully validated
2025-05-12 14:03:25,437 [5339c1d4-2d68-4465-95a3-e4cab06d092d@group-CA8F5C94DBDD-StateMachineUpdater] INFO  safemode.HealthyPipelineSafeModeRule (HealthyPipelineSafeModeRule.java:initializeRule(173)) - Refreshed total pipeline count is 1, healthy pipeline threshold count is 1
2025-05-12 14:03:25,437 [5339c1d4-2d68-4465-95a3-e4cab06d092d@group-CA8F5C94DBDD-StateMachineUpdater] INFO  safemode.SCMSafeModeManager (SCMSafeModeManager.java:validateSafeModeExitRules(140)) - ECContainerSafeModeRule rule is successfully validated
2025-05-12 14:03:25,438 [5339c1d4-2d68-4465-95a3-e4cab06d092d@group-CA8F5C94DBDD-StateMachineUpdater] INFO  safemode.SCMSafeModeManager (SCMSafeModeManager.java:validateSafeModeExitRules(140)) - AtleastOneDatanodeReportedRule rule is successfully validated
2025-05-12 14:03:25,438 [EventQueue-PipelineReportForPipelineReportHandler] INFO  pipeline.PipelineReportHandler (PipelineReportHandler.java:processPipelineReport(134)) - Opened pipeline PipelineID=82a40e4c-495c-4d18-a5f6-5315e3f7dc37
2025-05-12 14:03:25,438 [EventQueue-OpenPipelineForHealthyPipelineSafeModeRule] INFO  safemode.SCMSafeModeManager (HealthyPipelineSafeModeRule.java:process(141)) - SCM in safe mode. Healthy pipelines reported count is 1, required healthy pipeline reported count is 1
2025-05-12 14:03:25,438 [EventQueue-OpenPipelineForHealthyPipelineSafeModeRule] INFO  safemode.SCMSafeModeManager (SCMSafeModeManager.java:validateSafeModeExitRules(140)) - HealthyPipelineSafeModeRule rule is successfully validated
2025-05-12 14:03:25,438 [EventQueue-OpenPipelineForHealthyPipelineSafeModeRule] INFO  safemode.SCMSafeModeManager (SCMSafeModeManager.java:validateSafeModeExitRules(155)) - ScmSafeModeManager, all rules are successfully validated
2025-05-12 14:03:25,438 [EventQueue-OpenPipelineForHealthyPipelineSafeModeRule] INFO  safemode.SCMSafeModeManager (SCMSafeModeManager.java:exitSafeMode(178)) - SCM exiting safe mode.
2025-05-12 14:03:25,438 [EventQueue-OpenPipelineForHealthyPipelineSafeModeRule] INFO  ha.SCMContext (SCMContext.java:updateSafeModeStatus(224)) - Update SafeModeStatus from SafeModeStatus{safeModeStatus=true, preCheckPassed=true} to SafeModeStatus{safeModeStatus=false, preCheckPassed=true}.
2025-05-12 14:03:25,438 [EventQueue-OpenPipelineForHealthyPipelineSafeModeRule] INFO  BackgroundPipelineScrubber (BackgroundSCMService.java:notifyStatusChanged(78)) - Service BackgroundPipelineScrubber transitions to RUNNING.
2025-05-12 14:03:25,439 [EventQueue-OpenPipelineForHealthyPipelineSafeModeRule] INFO  ExpiredContainerReplicaOpScrubber (BackgroundSCMService.java:notifyStatusChanged(78)) - Service ExpiredContainerReplicaOpScrubber transitions to RUNNING.
2025-05-12 14:03:25,439 [EventQueue-OpenPipelineForHealthyPipelineSafeModeRule] INFO  block.SCMBlockDeletingService (SCMBlockDeletingService.java:notifyStatusChanged(258)) - notifyStatusChanged:RUNNING
2025-05-12 14:03:25,439 [EventQueue-OpenPipelineForHealthyPipelineSafeModeRule] INFO  replication.ReplicationManager (ReplicationManager.java:notifyStatusChanged(1387)) - Service ReplicationManager transitions to RUNNING.
2025-05-12 14:03:25,440 [EventQueue-OpenPipelineForHealthyPipelineSafeModeRule] WARN  balancer.ContainerBalancer (ContainerBalancer.java:shouldRun(134)) - Could not find persisted configuration for ContainerBalancer when checking if ContainerBalancer should run. ContainerBalancer should not run now.
2025-05-12 14:03:25,440 [EventQueue-OpenPipelineForHealthyPipelineSafeModeRule] INFO  SCMHATransactionMonitor (BackgroundSCMService.java:notifyStatusChanged(78)) - Service SCMHATransactionMonitor transitions to RUNNING.
2025-05-12 14:03:25,449 [a2b8b82a-e2f6-4a14-97b3-6459b5b9a67e-server-thread1] INFO  ratis.XceiverServerRatis (XceiverServerRatis.java:handleLeaderChangedNotification(944)) - Leader change notification received for group: group-5315E3F7DC37 with new leaderId: cfefa488-19eb-42ef-a91e-ee6d690e2562
2025-05-12 14:03:25,449 [16988a43-54c6-4d79-b4f6-1d89459795e1-server-thread1] INFO  ratis.XceiverServerRatis (XceiverServerRatis.java:handleLeaderChangedNotification(944)) - Leader change notification received for group: group-5315E3F7DC37 with new leaderId: cfefa488-19eb-42ef-a91e-ee6d690e2562
2025-05-12 14:03:25,449 [16988a43-54c6-4d79-b4f6-1d89459795e1-server-thread1] INFO  server.RaftServer$Division (ServerState.java:setLeader(272)) - 16988a43-54c6-4d79-b4f6-1d89459795e1@group-5315E3F7DC37: change Leader from null to cfefa488-19eb-42ef-a91e-ee6d690e2562 at term 1 for appendEntries, leader elected after 869ms
2025-05-12 14:03:25,449 [a2b8b82a-e2f6-4a14-97b3-6459b5b9a67e-server-thread1] INFO  server.RaftServer$Division (ServerState.java:setLeader(272)) - a2b8b82a-e2f6-4a14-97b3-6459b5b9a67e@group-5315E3F7DC37: change Leader from null to cfefa488-19eb-42ef-a91e-ee6d690e2562 at term 1 for appendEntries, leader elected after 923ms
2025-05-12 14:03:25,455 [16988a43-54c6-4d79-b4f6-1d89459795e1-server-thread2] INFO  server.RaftServer$Division (ServerState.java:setRaftConf(386)) - 16988a43-54c6-4d79-b4f6-1d89459795e1@group-5315E3F7DC37: set configuration conf: {index: 0, cur=peers:[16988a43-54c6-4d79-b4f6-1d89459795e1|127.0.0.1:15033, a2b8b82a-e2f6-4a14-97b3-6459b5b9a67e|127.0.0.1:15025, cfefa488-19eb-42ef-a91e-ee6d690e2562|127.0.0.1:15017]|listeners:[], old=null}
2025-05-12 14:03:25,457 [a2b8b82a-e2f6-4a14-97b3-6459b5b9a67e-server-thread1] INFO  server.RaftServer$Division (ServerState.java:setRaftConf(386)) - a2b8b82a-e2f6-4a14-97b3-6459b5b9a67e@group-5315E3F7DC37: set configuration conf: {index: 0, cur=peers:[16988a43-54c6-4d79-b4f6-1d89459795e1|127.0.0.1:15033, a2b8b82a-e2f6-4a14-97b3-6459b5b9a67e|127.0.0.1:15025, cfefa488-19eb-42ef-a91e-ee6d690e2562|127.0.0.1:15017]|listeners:[], old=null}
2025-05-12 14:03:25,458 [16988a43-54c6-4d79-b4f6-1d89459795e1-server-thread2] INFO  segmented.SegmentedRaftLogWorker (SegmentedRaftLogWorker.java:startLogSegment(438)) - 16988a43-54c6-4d79-b4f6-1d89459795e1@group-5315E3F7DC37-SegmentedRaftLogWorker: Starting segment from index:0
2025-05-12 14:03:25,458 [a2b8b82a-e2f6-4a14-97b3-6459b5b9a67e-server-thread1] INFO  segmented.SegmentedRaftLogWorker (SegmentedRaftLogWorker.java:startLogSegment(438)) - a2b8b82a-e2f6-4a14-97b3-6459b5b9a67e@group-5315E3F7DC37-SegmentedRaftLogWorker: Starting segment from index:0
2025-05-12 14:03:25,459 [a2b8b82a-e2f6-4a14-97b3-6459b5b9a67e@group-5315E3F7DC37-SegmentedRaftLogWorker] INFO  segmented.BufferedWriteChannel (BufferedWriteChannel.java:open(61)) - open log_inprogress_0 at position 0
2025-05-12 14:03:25,459 [16988a43-54c6-4d79-b4f6-1d89459795e1@group-5315E3F7DC37-SegmentedRaftLogWorker] INFO  segmented.BufferedWriteChannel (BufferedWriteChannel.java:open(61)) - open log_inprogress_0 at position 0
2025-05-12 14:03:25,465 [main] INFO  ozone.MiniOzoneClusterImpl (MiniOzoneClusterImpl.java:lambda$waitForClusterToBeReady$0(191)) - Nodes are ready. Got 4 of 4 DN Heartbeats.
2025-05-12 14:03:25,465 [main] INFO  ozone.MiniOzoneClusterImpl (MiniOzoneClusterImpl.java:lambda$waitForClusterToBeReady$0(194)) - Cluster exits safe mode
2025-05-12 14:03:25,465 [main] INFO  ozone.MiniOzoneClusterImpl (MiniOzoneClusterImpl.java:lambda$waitForClusterToBeReady$0(196)) - SCM became leader
2025-05-12 14:03:25,469 [a2b8b82a-e2f6-4a14-97b3-6459b5b9a67e@group-5315E3F7DC37-SegmentedRaftLogWorker] INFO  segmented.SegmentedRaftLogWorker (SegmentedRaftLogWorker.java:execute(644)) - a2b8b82a-e2f6-4a14-97b3-6459b5b9a67e@group-5315E3F7DC37-SegmentedRaftLogWorker: created new log segment /home/runner/work/ozone/ozone/hadoop-ozone/integration-test/target/test-dir/MiniOzoneClusterImpl-93228f78-d735-4ce6-971e-ca8f5c94dbdd/ozone-meta/datanode-2/ratis/82a40e4c-495c-4d18-a5f6-5315e3f7dc37/current/log_inprogress_0
2025-05-12 14:03:25,473 [16988a43-54c6-4d79-b4f6-1d89459795e1@group-5315E3F7DC37-SegmentedRaftLogWorker] INFO  segmented.SegmentedRaftLogWorker (SegmentedRaftLogWorker.java:execute(644)) - 16988a43-54c6-4d79-b4f6-1d89459795e1@group-5315E3F7DC37-SegmentedRaftLogWorker: created new log segment /home/runner/work/ozone/ozone/hadoop-ozone/integration-test/target/test-dir/MiniOzoneClusterImpl-93228f78-d735-4ce6-971e-ca8f5c94dbdd/ozone-meta/datanode-3/ratis/82a40e4c-495c-4d18-a5f6-5315e3f7dc37/current/log_inprogress_0
2025-05-12 14:03:25,475 [cfefa488-19eb-42ef-a91e-ee6d690e2562@group-5315E3F7DC37-StateMachineUpdater] INFO  server.RaftServer$Division (LeaderStateImpl.java:checkStartIndex(313)) - Leader cfefa488-19eb-42ef-a91e-ee6d690e2562@group-5315E3F7DC37-LeaderStateImpl is ready since appliedIndex == startIndex == 0
2025-05-12 14:03:25,482 [main] INFO  ozone.MiniOzoneClusterImpl (MiniOzoneClusterImpl.java:stopRecon(506)) - Stopping Recon
2025-05-12 14:03:25,482 [main] INFO  recon.ReconServer (ReconServer.java:stop(262)) - Stopping Recon server
2025-05-12 14:03:25,491 [main] INFO  handler.ContextHandler (ContextHandler.java:doStop(1159)) - Stopped o.e.j.w.WebAppContext@76ca930d{recon,/,null,STOPPED}{jar:file:/home/runner/work/ozone/ozone/hadoop-ozone/recon/target/ozone-recon-2.1.0-SNAPSHOT.jar!/webapps/recon}
2025-05-12 14:03:25,494 [main] INFO  server.AbstractConnector (AbstractConnector.java:doStop(383)) - Stopped ServerConnector@60a386b1{HTTP/1.1, (http/1.1)}{0.0.0.0:15010}
2025-05-12 14:03:25,494 [main] INFO  server.session (HouseKeeper.java:stopScavenging(149)) - node0 Stopped scavenging
2025-05-12 14:03:25,494 [main] INFO  handler.ContextHandler (ContextHandler.java:doStop(1159)) - Stopped o.e.j.s.ServletContextHandler@67a3713{static,/static,jar:file:/home/runner/work/ozone/ozone/hadoop-ozone/recon/target/ozone-recon-2.1.0-SNAPSHOT.jar!/webapps/static,STOPPED}
2025-05-12 14:03:25,495 [main] INFO  handler.ContextHandler (ContextHandler.java:doStop(1159)) - Stopped o.e.j.s.ServletContextHandler@5cb181e3{logs,/logs,file:///home/runner/work/ozone/ozone/hadoop-ozone/integration-test/target/log,STOPPED}
2025-05-12 14:03:25,497 [main] INFO  server.SCMDatanodeProtocolServer (SCMDatanodeProtocolServer.java:stop(447)) - Stopping the RPC server for DataNodes
2025-05-12 14:03:25,497 [main] INFO  ipc.Server (Server.java:stop(3697)) - Stopping server on 15011
2025-05-12 14:03:25,505 [IPC Server listener on 15011] INFO  ipc.Server (Server.java:run(1585)) - Stopping IPC Server listener on 15011
2025-05-12 14:03:25,505 [IPC Server Responder] INFO  ipc.Server (Server.java:run(1718)) - Stopping IPC Server Responder
2025-05-12 14:03:25,512 [SCMHeartbeatProcessor-0] WARN  node.NodeStateManager (NodeStateManager.java:scheduleNextHealthCheck(909)) - Current Thread is interrupted, shutting down HB processing thread for Node Manager.
2025-05-12 14:03:25,513 [main] INFO  scm.ReconScmTask (ReconScmTask.java:stop(63)) - Stopping ContainerHealthTask Thread.
2025-05-12 14:03:25,513 [main] INFO  scm.ReconScmTask (ReconScmTask.java:stop(63)) - Stopping ContainerSizeCountTask Thread.
2025-05-12 14:03:25,513 [main] INFO  scm.ReconScmTask (ReconScmTask.java:stop(63)) - Stopping PipelineSyncTask Thread.
2025-05-12 14:03:25,513 [main] INFO  scm.ReconStorageContainerManagerFacade (ReconStorageContainerManagerFacade.java:stop(460)) - Stopping SCM Event Queue.
2025-05-12 14:03:25,515 [main] INFO  scm.ReconStorageContainerManagerFacade (ReconStorageContainerManagerFacade.java:stop(468)) - Flushing container replica history to DB.
2025-05-12 14:03:25,519 [ContainerSizeCountTask] INFO  updater.ReconTaskStatusUpdater (ReconTaskStatusUpdater.java:updateDetails(124)) - Registered Task: ContainerSizeCountTask
2025-05-12 14:03:25,520 [main] INFO  impl.OzoneManagerServiceProviderImpl (OzoneManagerServiceProviderImpl.java:stop(364)) - Stopping Ozone Manager Service Provider.
2025-05-12 14:03:25,520 [main] INFO  tasks.ReconTaskControllerImpl (ReconTaskControllerImpl.java:stop(247)) - Stopping Recon Task Controller.
2025-05-12 14:03:25,520 [main] INFO  recon.ReconServer (ReconServer.java:stop(287)) - Closing Recon Container Key DB.
2025-05-12 14:03:25,521 [JvmPauseMonitor3] INFO  util.JvmPauseMonitor (JvmPauseMonitor.java:run(152)) - JvmPauseMonitor-Recon: Stopped
2025-05-12 14:03:25,530 [main] INFO  ha.SequenceIdGenerator (SequenceIdGenerator.java:getNextId(136)) - Allocate a batch for containerId, change lastId from 0 to 1000.
2025-05-12 14:03:25,570 [a2b8b82a-e2f6-4a14-97b3-6459b5b9a67e@group-AC9569F6DAA3-FollowerState] INFO  impl.FollowerState (FollowerState.java:runImpl(161)) - a2b8b82a-e2f6-4a14-97b3-6459b5b9a67e@group-AC9569F6DAA3-FollowerState: change to CANDIDATE, lastRpcElapsedTime:1049642597ns, electionTimeout:1049ms
2025-05-12 14:03:25,570 [a2b8b82a-e2f6-4a14-97b3-6459b5b9a67e@group-AC9569F6DAA3-FollowerState] INFO  impl.RoleInfo (RoleInfo.java:shutdownFollowerState(121)) - a2b8b82a-e2f6-4a14-97b3-6459b5b9a67e: shutdown a2b8b82a-e2f6-4a14-97b3-6459b5b9a67e@group-AC9569F6DAA3-FollowerState
2025-05-12 14:03:25,571 [a2b8b82a-e2f6-4a14-97b3-6459b5b9a67e@group-AC9569F6DAA3-FollowerState] INFO  server.RaftServer$Division (RaftServerImpl.java:setRole(378)) - a2b8b82a-e2f6-4a14-97b3-6459b5b9a67e@group-AC9569F6DAA3: changes role from  FOLLOWER to CANDIDATE at term 0 for changeToCandidate
2025-05-12 14:03:25,571 [a2b8b82a-e2f6-4a14-97b3-6459b5b9a67e@group-AC9569F6DAA3-FollowerState] INFO  server.RaftServerConfigKeys (ConfUtils.java:logGet(46)) - raft.server.leaderelection.pre-vote = true (default)
2025-05-12 14:03:25,571 [a2b8b82a-e2f6-4a14-97b3-6459b5b9a67e@group-AC9569F6DAA3-FollowerState] INFO  impl.RoleInfo (RoleInfo.java:updateAndGet(148)) - a2b8b82a-e2f6-4a14-97b3-6459b5b9a67e: start a2b8b82a-e2f6-4a14-97b3-6459b5b9a67e@group-AC9569F6DAA3-LeaderElection6
2025-05-12 14:03:25,571 [a2b8b82a-e2f6-4a14-97b3-6459b5b9a67e@group-AC9569F6DAA3-LeaderElection6] INFO  impl.LeaderElection (LeaderElection.java:askForVotes(332)) - a2b8b82a-e2f6-4a14-97b3-6459b5b9a67e@group-AC9569F6DAA3-LeaderElection6 PRE_VOTE round 0: submit vote requests at term 0 for conf: {index: -1, cur=peers:[a2b8b82a-e2f6-4a14-97b3-6459b5b9a67e|127.0.0.1:15025]|listeners:[], old=null}
2025-05-12 14:03:25,571 [a2b8b82a-e2f6-4a14-97b3-6459b5b9a67e@group-AC9569F6DAA3-LeaderElection6] INFO  impl.LeaderElection (LeaderElection.java:askForVotes(334)) - a2b8b82a-e2f6-4a14-97b3-6459b5b9a67e@group-AC9569F6DAA3-LeaderElection6 PRE_VOTE round 0: result PASSED (term=0)
2025-05-12 14:03:25,573 [a2b8b82a-e2f6-4a14-97b3-6459b5b9a67e@group-AC9569F6DAA3-LeaderElection6] INFO  impl.LeaderElection (LeaderElection.java:askForVotes(332)) - a2b8b82a-e2f6-4a14-97b3-6459b5b9a67e@group-AC9569F6DAA3-LeaderElection6 ELECTION round 0: submit vote requests at term 1 for conf: {index: -1, cur=peers:[a2b8b82a-e2f6-4a14-97b3-6459b5b9a67e|127.0.0.1:15025]|listeners:[], old=null}
2025-05-12 14:03:25,573 [a2b8b82a-e2f6-4a14-97b3-6459b5b9a67e@group-AC9569F6DAA3-LeaderElection6] INFO  impl.LeaderElection (LeaderElection.java:askForVotes(334)) - a2b8b82a-e2f6-4a14-97b3-6459b5b9a67e@group-AC9569F6DAA3-LeaderElection6 ELECTION round 0: result PASSED (term=1)
2025-05-12 14:03:25,573 [a2b8b82a-e2f6-4a14-97b3-6459b5b9a67e@group-AC9569F6DAA3-LeaderElection6] INFO  impl.RoleInfo (RoleInfo.java:shutdownLeaderElection(141)) - a2b8b82a-e2f6-4a14-97b3-6459b5b9a67e: shutdown a2b8b82a-e2f6-4a14-97b3-6459b5b9a67e@group-AC9569F6DAA3-LeaderElection6
2025-05-12 14:03:25,573 [a2b8b82a-e2f6-4a14-97b3-6459b5b9a67e@group-AC9569F6DAA3-LeaderElection6] INFO  server.RaftServer$Division (RaftServerImpl.java:setRole(378)) - a2b8b82a-e2f6-4a14-97b3-6459b5b9a67e@group-AC9569F6DAA3: changes role from CANDIDATE to LEADER at term 1 for changeToLeader
2025-05-12 14:03:25,573 [a2b8b82a-e2f6-4a14-97b3-6459b5b9a67e@group-AC9569F6DAA3-LeaderElection6] INFO  server.RaftServerConfigKeys (ConfUtils.java:logGet(46)) - raft.server.staging.catchup.gap = 1000 (default)
2025-05-12 14:03:25,573 [a2b8b82a-e2f6-4a14-97b3-6459b5b9a67e@group-AC9569F6DAA3-LeaderElection6] INFO  server.RaftServerConfigKeys (ConfUtils.java:logGet(46)) - raft.server.write.element-limit = 1024 (custom)
2025-05-12 14:03:25,574 [a2b8b82a-e2f6-4a14-97b3-6459b5b9a67e@group-AC9569F6DAA3-LeaderElection6] INFO  server.RaftServerConfigKeys (ConfUtils.java:logGet(46)) - raft.server.write.byte-limit = 1024 M (=1073741824) (custom)
2025-05-12 14:03:25,574 [a2b8b82a-e2f6-4a14-97b3-6459b5b9a67e@group-AC9569F6DAA3-LeaderElection6] INFO  server.RaftServerConfigKeys (ConfUtils.java:logGet(46)) - raft.server.watch.timeout = 30s (custom)
2025-05-12 14:03:25,574 [a2b8b82a-e2f6-4a14-97b3-6459b5b9a67e@group-AC9569F6DAA3-LeaderElection6] INFO  server.RaftServerConfigKeys (ConfUtils.java:logGet(46)) - raft.server.watch.timeout.denomination = 1s (default)
2025-05-12 14:03:25,574 [a2b8b82a-e2f6-4a14-97b3-6459b5b9a67e@group-AC9569F6DAA3-LeaderElection6] INFO  server.RaftServerConfigKeys (ConfUtils.java:logGet(46)) - raft.server.watch.element-limit = 65536 (default)
2025-05-12 14:03:25,575 [a2b8b82a-e2f6-4a14-97b3-6459b5b9a67e@group-AC9569F6DAA3-LeaderElection6] INFO  server.RaftServerConfigKeys (ConfUtils.java:logGet(46)) - raft.server.read.leader.lease.enabled = false (default)
2025-05-12 14:03:25,575 [a2b8b82a-e2f6-4a14-97b3-6459b5b9a67e@group-AC9569F6DAA3-LeaderElection6] INFO  server.RaftServerConfigKeys (ConfUtils.java:logGet(46)) - raft.server.read.leader.lease.timeout.ratio = 0.9 (default)
2025-05-12 14:03:25,575 [a2b8b82a-e2f6-4a14-97b3-6459b5b9a67e@group-AC9569F6DAA3-LeaderElection6] INFO  server.RaftServerConfigKeys (ConfUtils.java:logGet(46)) - raft.server.rpc.timeout.min = 5s (custom)
2025-05-12 14:03:25,575 [a2b8b82a-e2f6-4a14-97b3-6459b5b9a67e@group-AC9569F6DAA3-LeaderElection6] INFO  server.RaftServerConfigKeys (ConfUtils.java:logGet(46)) - raft.server.log.log-metadata.enabled = true (default)
2025-05-12 14:03:25,575 [a2b8b82a-e2f6-4a14-97b3-6459b5b9a67e@group-AC9569F6DAA3-LeaderElection6] INFO  server.RaftServerConfigKeys (ConfUtils.java:logGet(46)) - raft.server.write.element-limit = 1024 (custom)
2025-05-12 14:03:25,575 [a2b8b82a-e2f6-4a14-97b3-6459b5b9a67e@group-AC9569F6DAA3-LeaderElection6] INFO  server.RaftServerConfigKeys (ConfUtils.java:logGet(46)) - raft.server.write.follower.gap.ratio.max = -1.0 (default)
2025-05-12 14:03:25,575 [a2b8b82a-e2f6-4a14-97b3-6459b5b9a67e@group-AC9569F6DAA3-LeaderElection6] INFO  impl.RoleInfo (RoleInfo.java:updateAndGet(148)) - a2b8b82a-e2f6-4a14-97b3-6459b5b9a67e: start a2b8b82a-e2f6-4a14-97b3-6459b5b9a67e@group-AC9569F6DAA3-LeaderStateImpl
2025-05-12 14:03:25,575 [a2b8b82a-e2f6-4a14-97b3-6459b5b9a67e@group-AC9569F6DAA3-LeaderElection6] INFO  server.RaftServer$Division (RaftServerImpl.java:setFirstElection(562)) - a2b8b82a-e2f6-4a14-97b3-6459b5b9a67e@group-AC9569F6DAA3: set firstElectionSinceStartup to false for becomeLeader
2025-05-12 14:03:25,575 [a2b8b82a-e2f6-4a14-97b3-6459b5b9a67e@group-AC9569F6DAA3-LeaderElection6] INFO  ratis.XceiverServerRatis (XceiverServerRatis.java:handleLeaderChangedNotification(944)) - Leader change notification received for group: group-AC9569F6DAA3 with new leaderId: a2b8b82a-e2f6-4a14-97b3-6459b5b9a67e
2025-05-12 14:03:25,576 [a2b8b82a-e2f6-4a14-97b3-6459b5b9a67e@group-AC9569F6DAA3-LeaderElection6] INFO  server.RaftServer$Division (ServerState.java:setLeader(272)) - a2b8b82a-e2f6-4a14-97b3-6459b5b9a67e@group-AC9569F6DAA3: change Leader from null to a2b8b82a-e2f6-4a14-97b3-6459b5b9a67e at term 1 for becomeLeader, leader elected after 1086ms
2025-05-12 14:03:25,576 [a2b8b82a-e2f6-4a14-97b3-6459b5b9a67e@group-AC9569F6DAA3-LeaderElection6] INFO  segmented.SegmentedRaftLogWorker (SegmentedRaftLogWorker.java:startLogSegment(438)) - a2b8b82a-e2f6-4a14-97b3-6459b5b9a67e@group-AC9569F6DAA3-SegmentedRaftLogWorker: Starting segment from index:0
2025-05-12 14:03:25,576 [a2b8b82a-e2f6-4a14-97b3-6459b5b9a67e@group-AC9569F6DAA3-LeaderElection6] INFO  server.RaftServer$Division (ServerState.java:setRaftConf(386)) - a2b8b82a-e2f6-4a14-97b3-6459b5b9a67e@group-AC9569F6DAA3: set configuration conf: {index: 0, cur=peers:[a2b8b82a-e2f6-4a14-97b3-6459b5b9a67e|127.0.0.1:15025]|listeners:[], old=null}
2025-05-12 14:03:25,577 [a2b8b82a-e2f6-4a14-97b3-6459b5b9a67e@group-AC9569F6DAA3-SegmentedRaftLogWorker] INFO  segmented.BufferedWriteChannel (BufferedWriteChannel.java:open(61)) - open log_inprogress_0 at position 0
2025-05-12 14:03:25,583 [a2b8b82a-e2f6-4a14-97b3-6459b5b9a67e@group-AC9569F6DAA3-SegmentedRaftLogWorker] INFO  segmented.SegmentedRaftLogWorker (SegmentedRaftLogWorker.java:execute(644)) - a2b8b82a-e2f6-4a14-97b3-6459b5b9a67e@group-AC9569F6DAA3-SegmentedRaftLogWorker: created new log segment /home/runner/work/ozone/ozone/hadoop-ozone/integration-test/target/test-dir/MiniOzoneClusterImpl-93228f78-d735-4ce6-971e-ca8f5c94dbdd/ozone-meta/datanode-2/ratis/000e57b3-5b63-4f2c-af1c-ac9569f6daa3/current/log_inprogress_0
2025-05-12 14:03:25,587 [a2b8b82a-e2f6-4a14-97b3-6459b5b9a67e@group-AC9569F6DAA3-StateMachineUpdater] INFO  server.RaftServer$Division (LeaderStateImpl.java:checkStartIndex(313)) - Leader a2b8b82a-e2f6-4a14-97b3-6459b5b9a67e@group-AC9569F6DAA3-LeaderStateImpl is ready since appliedIndex == startIndex == 0
2025-05-12 14:03:25,650 [a2b8b82a-e2f6-4a14-97b3-6459b5b9a67e-EndpointStateMachineTaskThread-/0.0.0.0:15011-0 ] WARN  statemachine.EndpointStateMachine (EndpointStateMachine.java:logIfNeeded(239)) - Unable to communicate to Recon server at 0.0.0.0/0.0.0.0:15011 for past 0 seconds.
java.io.EOFException: End of File Exception between local host is: "pkrvmberfyhpb9w/10.1.1.25"; destination host is: "0.0.0.0":15011; : java.io.EOFException; For more details see:  http://wiki.apache.org/hadoop/EOFException
	at java.base/jdk.internal.reflect.DirectConstructorHandleAccessor.newInstance(DirectConstructorHandleAccessor.java:62)
	at java.base/java.lang.reflect.Constructor.newInstanceWithCaller(Constructor.java:502)
	at java.base/java.lang.reflect.Constructor.newInstance(Constructor.java:486)
	at org.apache.hadoop.net.NetUtils.wrapWithMessage(NetUtils.java:961)
	at org.apache.hadoop.net.NetUtils.wrapException(NetUtils.java:910)
	at org.apache.hadoop.ipc.Client.getRpcResponse(Client.java:1588)
	at org.apache.hadoop.ipc.Client.call(Client.java:1529)
	at org.apache.hadoop.ipc.Client.call(Client.java:1426)
	at org.apache.hadoop.ipc.ProtobufRpcEngine$Invoker.invoke(ProtobufRpcEngine.java:250)
	at org.apache.hadoop.ipc.ProtobufRpcEngine$Invoker.invoke(ProtobufRpcEngine.java:132)
	at jdk.proxy2/jdk.proxy2.$Proxy138.submitRequest(Unknown Source)
	at org.apache.hadoop.ozone.protocolPB.StorageContainerDatanodeProtocolClientSideTranslatorPB.submitRequest(StorageContainerDatanodeProtocolClientSideTranslatorPB.java:105)
	at org.apache.hadoop.ozone.protocolPB.StorageContainerDatanodeProtocolClientSideTranslatorPB.sendHeartbeat(StorageContainerDatanodeProtocolClientSideTranslatorPB.java:136)
	at org.apache.hadoop.ozone.container.common.states.endpoint.HeartbeatEndpointTask.call(HeartbeatEndpointTask.java:149)
	at org.apache.hadoop.ozone.container.common.states.endpoint.HeartbeatEndpointTask.call(HeartbeatEndpointTask.java:69)
	at java.base/java.util.concurrent.FutureTask.run(FutureTask.java:317)
	at java.base/java.util.concurrent.ThreadPoolExecutor.runWorker(ThreadPoolExecutor.java:1144)
	at java.base/java.util.concurrent.ThreadPoolExecutor$Worker.run(ThreadPoolExecutor.java:642)
	at java.base/java.lang.Thread.run(Thread.java:1583)
Caused by: java.io.EOFException
	at java.base/java.io.DataInputStream.readFully(DataInputStream.java:210)
	at java.base/java.io.DataInputStream.readInt(DataInputStream.java:385)
	at org.apache.hadoop.ipc.Client$IpcStreams.readResponse(Client.java:1923)
	at org.apache.hadoop.ipc.Client$Connection.receiveRpcResponse(Client.java:1203)
	at org.apache.hadoop.ipc.Client$Connection.run(Client.java:1094)
2025-05-12 14:03:25,674 [main] INFO  recon.ReconServer (HddsServerUtil.java:startupShutdownMessage(683)) - STARTUP_MSG: 
/************************************************************
STARTUP_MSG: Starting ReconServer
STARTUP_MSG:   host = pkrvmberfyhpb9w/10.1.1.25
STARTUP_MSG:   args = []
STARTUP_MSG:   version = 2.1.0-SNAPSHOT
STARTUP_MSG:   classpath = /home/runner/work/ozone/ozone/hadoop-ozone/integration-test/target/test-classes:/home/runner/work/ozone/ozone/hadoop-ozone/integration-test/target/classes:/home/runner/work/ozone/ozone/hadoop-hdds/server-scm/target/hdds-server-scm-2.1.0-SNAPSHOT.jar:/home/runner/.m2/repository/com/fasterxml/jackson/core/jackson-annotations/2.16.2/jackson-annotations-2.16.2.jar:/home/runner/.m2/repository/com/fasterxml/jackson/core/jackson-core/2.16.2/jackson-core-2.16.2.jar:/home/runner/.m2/repository/com/fasterxml/jackson/core/jackson-databind/2.16.2/jackson-databind-2.16.2.jar:/home/runner/.m2/repository/com/google/guava/guava/32.1.3-jre/guava-32.1.3-jre.jar:/home/runner/.m2/repository/com/google/guava/failureaccess/1.0.1/failureaccess-1.0.1.jar:/home/runner/.m2/repository/com/google/guava/listenablefuture/9999.0-empty-to-avoid-conflict-with-guava/listenablefuture-9999.0-empty-to-avoid-conflict-with-guava.jar:/home/runner/.m2/repository/org/checkerframework/checker-qual/3.37.0/checker-qual-3.37.0.jar:/home/runner/.m2/repository/com/google/errorprone/error_prone_annotations/2.29.2/error_prone_annotations-2.29.2.jar:/home/runner/.m2/repository/com/google/j2objc/j2objc-annotations/2.8/j2objc-annotations-2.8.jar:/home/runner/.m2/repository/com/google/protobuf/protobuf-java/2.5.0/protobuf-java-2.5.0.jar:/home/runner/.m2/repository/commons-collections/commons-collections/3.2.2/commons-collections-3.2.2.jar:/home/runner/.m2/repository/commons-io/commons-io/2.18.0/commons-io-2.18.0.jar:/home/runner/.m2/repository/info/picocli/picocli/4.7.7/picocli-4.7.7.jar:/home/runner/.m2/repository/io/dropwizard/metrics/metrics-core/3.2.6/metrics-core-3.2.6.jar:/home/runner/.m2/repository/jakarta/annotation/jakarta.annotation-api/2.1.1/jakarta.annotation-api-2.1.1.jar:/home/runner/.m2/repository/javax/servlet/javax.servlet-api/3.1.0/javax.servlet-api-3.1.0.jar:/home/runner/.m2/repository/org/apache/commons/commons-compress/1.27.1/commons-compress-1.27.1.jar:/home/runner/.m2/repository/org/apache/commons/commons-text/1.12.0/commons-text-1.12.0.jar:/home/runner/.m2/repository/org/apache/hadoop/hadoop-auth/3.4.1/hadoop-auth-3.4.1.jar:/home/runner/.m2/repository/org/apache/hadoop/hadoop-common/3.4.1/hadoop-common-3.4.1.jar:/home/runner/work/ozone/ozone/hadoop-hdds/client/target/hdds-client-2.1.0-SNAPSHOT.jar:/home/runner/work/ozone/ozone/hadoop-hdds/common/target/hdds-common-2.1.0-SNAPSHOT.jar:/home/runner/work/ozone/ozone/hadoop-hdds/config/target/hdds-config-2.1.0-SNAPSHOT.jar:/home/runner/work/ozone/ozone/hadoop-hdds/container-service/target/hdds-container-service-2.1.0-SNAPSHOT.jar:/home/runner/work/ozone/ozone/hadoop-hdds/interface-admin/target/hdds-interface-admin-2.1.0-SNAPSHOT.jar:/home/runner/work/ozone/ozone/hadoop-hdds/interface-client/target/hdds-interface-client-2.1.0-SNAPSHOT.jar:/home/runner/work/ozone/ozone/hadoop-hdds/interface-server/target/hdds-interface-server-2.1.0-SNAPSHOT.jar:/home/runner/work/ozone/ozone/hadoop-hdds/framework/target/hdds-server-framework-2.1.0-SNAPSHOT.jar:/home/runner/.m2/repository/org/apache/ratis/ratis-client/3.1.2/ratis-client-3.1.2.jar:/home/runner/.m2/repository/org/apache/ratis/ratis-common/3.1.2/ratis-common-3.1.2.jar:/home/runner/.m2/repository/org/apache/ratis/ratis-grpc/3.1.2/ratis-grpc-3.1.2.jar:/home/runner/.m2/repository/org/apache/ratis/ratis-netty/3.1.2/ratis-netty-3.1.2.jar:/home/runner/.m2/repository/org/apache/ratis/ratis-proto/3.1.2/ratis-proto-3.1.2.jar:/home/runner/.m2/repository/org/apache/ratis/ratis-server-api/3.1.2/ratis-server-api-3.1.2.jar:/home/runner/.m2/repository/org/apache/ratis/ratis-thirdparty-misc/1.0.6/ratis-thirdparty-misc-1.0.6.jar:/home/runner/.m2/repository/org/bouncycastle/bcpkix-jdk18on/1.80/bcpkix-jdk18on-1.80.jar:/home/runner/.m2/repository/org/bouncycastle/bcprov-jdk18on/1.80/bcprov-jdk18on-1.80.jar:/home/runner/.m2/repository/org/eclipse/jetty/jetty-webapp/9.4.57.v20241219/jetty-webapp-9.4.57.v20241219.jar:/home/runner/.m2/repository/org/eclipse/jetty/jetty-xml/9.4.57.v20241219/jetty-xml-9.4.57.v20241219.jar:/home/runner/.m2/repository/org/slf4j/slf4j-api/2.0.17/slf4j-api-2.0.17.jar:/home/runner/work/ozone/ozone/hadoop-ozone/cli-admin/target/ozone-cli-admin-2.1.0-SNAPSHOT.jar:/home/runner/.m2/repository/com/fasterxml/jackson/datatype/jackson-datatype-jsr310/2.16.2/jackson-datatype-jsr310-2.16.2.jar:/home/runner/.m2/repository/org/apache/hadoop/hadoop-hdfs-client/3.4.1/hadoop-hdfs-client-3.4.1.jar:/home/runner/work/ozone/ozone/hadoop-ozone/interface-client/target/ozone-interface-client-2.1.0-SNAPSHOT.jar:/home/runner/.m2/repository/commons-codec/commons-codec/1.17.1/commons-codec-1.17.1.jar:/home/runner/work/ozone/ozone/hadoop-ozone/cli-shell/target/ozone-cli-shell-2.1.0-SNAPSHOT.jar:/home/runner/.m2/repository/info/picocli/picocli-shell-jline3/4.7.7/picocli-shell-jline3-4.7.7.jar:/home/runner/.m2/repository/jakarta/xml/bind/jakarta.xml.bind-api/2.3.3/jakarta.xml.bind-api-2.3.3.jar:/home/runner/.m2/repository/org/apache/httpcomponents/httpclient/4.5.14/httpclient-4.5.14.jar:/home/runner/work/ozone/ozone/hadoop-ozone/ozonefs-common/target/ozone-filesystem-common-2.1.0-SNAPSHOT.jar:/home/runner/.m2/repository/org/jline/jline/3.30.0/jline-3.30.0.jar:/home/runner/.m2/repository/org/slf4j/slf4j-reload4j/2.0.17/slf4j-reload4j-2.0.17.jar:/home/runner/work/ozone/ozone/hadoop-ozone/client/target/ozone-client-2.1.0-SNAPSHOT.jar:/home/runner/.m2/repository/com/github/stephenc/jcip/jcip-annotations/1.0-1/jcip-annotations-1.0-1.jar:/home/runner/work/ozone/ozone/hadoop-hdds/erasurecode/target/hdds-erasurecode-2.1.0-SNAPSHOT.jar:/home/runner/work/ozone/ozone/hadoop-ozone/common/target/ozone-common-2.1.0-SNAPSHOT.jar:/home/runner/.m2/repository/io/grpc/grpc-api/1.58.0/grpc-api-1.58.0.jar:/home/runner/.m2/repository/io/grpc/grpc-netty/1.58.0/grpc-netty-1.58.0.jar:/home/runner/.m2/repository/io/grpc/grpc-core/1.58.0/grpc-core-1.58.0.jar:/home/runner/.m2/repository/com/google/android/annotations/4.1.1.4/annotations-4.1.1.4.jar:/home/runner/.m2/repository/org/codehaus/mojo/animal-sniffer-annotations/1.23/animal-sniffer-annotations-1.23.jar:/home/runner/.m2/repository/io/grpc/grpc-context/1.58.0/grpc-context-1.58.0.jar:/home/runner/.m2/repository/io/grpc/grpc-util/1.58.0/grpc-util-1.58.0.jar:/home/runner/.m2/repository/io/perfmark/perfmark-api/0.26.0/perfmark-api-0.26.0.jar:/home/runner/.m2/repository/io/netty/netty-codec-http2/4.1.109.Final/netty-codec-http2-4.1.109.Final.jar:/home/runner/.m2/repository/io/netty/netty-codec-http/4.1.109.Final/netty-codec-http-4.1.109.Final.jar:/home/runner/.m2/repository/io/netty/netty-common/4.1.109.Final/netty-common-4.1.109.Final.jar:/home/runner/.m2/repository/io/netty/netty-handler/4.1.109.Final/netty-handler-4.1.109.Final.jar:/home/runner/.m2/repository/io/netty/netty-resolver/4.1.109.Final/netty-resolver-4.1.109.Final.jar:/home/runner/.m2/repository/io/netty/netty-handler-proxy/4.1.109.Final/netty-handler-proxy-4.1.109.Final.jar:/home/runner/.m2/repository/io/netty/netty-codec-socks/4.1.109.Final/netty-codec-socks-4.1.109.Final.jar:/home/runner/.m2/repository/org/apache/httpcomponents/httpcore/4.4.16/httpcore-4.4.16.jar:/home/runner/.m2/repository/io/netty/netty-tcnative-boringssl-static/2.0.65.Final/netty-tcnative-boringssl-static-2.0.65.Final.jar:/home/runner/.m2/repository/io/netty/netty-tcnative-classes/2.0.65.Final/netty-tcnative-classes-2.0.65.Final.jar:/home/runner/.m2/repository/io/netty/netty-tcnative-boringssl-static/2.0.65.Final/netty-tcnative-boringssl-static-2.0.65.Final-linux-x86_64.jar:/home/runner/.m2/repository/io/netty/netty-tcnative-boringssl-static/2.0.65.Final/netty-tcnative-boringssl-static-2.0.65.Final-linux-aarch_64.jar:/home/runner/.m2/repository/io/netty/netty-tcnative-boringssl-static/2.0.65.Final/netty-tcnative-boringssl-static-2.0.65.Final-osx-x86_64.jar:/home/runner/.m2/repository/io/netty/netty-tcnative-boringssl-static/2.0.65.Final/netty-tcnative-boringssl-static-2.0.65.Final-osx-aarch_64.jar:/home/runner/.m2/repository/io/netty/netty-tcnative-boringssl-static/2.0.65.Final/netty-tcnative-boringssl-static-2.0.65.Final-windows-x86_64.jar:/home/runner/work/ozone/ozone/hadoop-ozone/csi/target/ozone-csi-2.1.0-SNAPSHOT.jar:/home/runner/.m2/repository/ch/qos/reload4j/reload4j/1.2.26/reload4j-1.2.26.jar:/home/runner/.m2/repository/com/google/protobuf/protobuf-java-util/3.19.6/protobuf-java-util-3.19.6.jar:/home/runner/.m2/repository/io/grpc/grpc-protobuf/1.58.0/grpc-protobuf-1.58.0.jar:/home/runner/.m2/repository/com/google/api/grpc/proto-google-common-protos/2.22.0/proto-google-common-protos-2.22.0.jar:/home/runner/.m2/repository/io/grpc/grpc-protobuf-lite/1.58.0/grpc-protobuf-lite-1.58.0.jar:/home/runner/.m2/repository/io/grpc/grpc-stub/1.58.0/grpc-stub-1.58.0.jar:/home/runner/.m2/repository/io/netty/netty-transport/4.1.109.Final/netty-transport-4.1.109.Final.jar:/home/runner/.m2/repository/io/netty/netty-transport-classes-epoll/4.1.109.Final/netty-transport-classes-epoll-4.1.109.Final.jar:/home/runner/.m2/repository/io/netty/netty-transport-native-epoll/4.1.109.Final/netty-transport-native-epoll-4.1.109.Final-linux-x86_64.jar:/home/runner/.m2/repository/io/netty/netty-transport-native-unix-common/4.1.109.Final/netty-transport-native-unix-common-4.1.109.Final.jar:/home/runner/work/ozone/ozone/hadoop-ozone/ozonefs/target/ozone-filesystem-2.1.0-SNAPSHOT.jar:/home/runner/.m2/repository/io/opentracing/opentracing-api/0.33.0/opentracing-api-0.33.0.jar:/home/runner/.m2/repository/io/opentracing/opentracing-util/0.33.0/opentracing-util-0.33.0.jar:/home/runner/.m2/repository/io/opentracing/opentracing-noop/0.33.0/opentracing-noop-0.33.0.jar:/home/runner/work/ozone/ozone/hadoop-ozone/freon/target/ozone-freon-2.1.0-SNAPSHOT.jar:/home/runner/.m2/repository/com/amazonaws/aws-java-sdk-core/1.12.661/aws-java-sdk-core-1.12.661.jar:/home/runner/.m2/repository/com/fasterxml/jackson/dataformat/jackson-dataformat-cbor/2.16.2/jackson-dataformat-cbor-2.16.2.jar:/home/runner/.m2/repository/joda-time/joda-time/2.12.7/joda-time-2.12.7.jar:/home/runner/.m2/repository/com/amazonaws/aws-java-sdk-s3/1.12.661/aws-java-sdk-s3-1.12.661.jar:/home/runner/.m2/repository/com/amazonaws/aws-java-sdk-kms/1.12.661/aws-java-sdk-kms-1.12.661.jar:/home/runner/.m2/repository/com/amazonaws/jmespath-java/1.12.661/jmespath-java-1.12.661.jar:/home/runner/.m2/repository/org/apache/hadoop/hadoop-hdfs/3.4.1/hadoop-hdfs-3.4.1.jar:/home/runner/work/ozone/ozone/hadoop-ozone/interface-storage/target/ozone-interface-storage-2.1.0-SNAPSHOT.jar:/home/runner/.m2/repository/org/kohsuke/metainf-services/metainf-services/1.11/metainf-services-1.11.jar:/home/runner/work/ozone/ozone/hadoop-ozone/ozone-manager/target/ozone-manager-2.1.0-SNAPSHOT.jar:/home/runner/.m2/repository/com/sun/jersey/jersey-client/1.19.4/jersey-client-1.19.4.jar:/home/runner/.m2/repository/org/apache/kerby/kerby-util/1.0.1/kerby-util-1.0.1.jar:/home/runner/.m2/repository/org/apache/logging/log4j/log4j-api/2.24.2/log4j-api-2.24.2.jar:/home/runner/work/ozone/ozone/hadoop-hdds/managed-rocksdb/target/hdds-managed-rocksdb-2.1.0-SNAPSHOT.jar:/home/runner/work/ozone/ozone/hadoop-hdds/rocks-native/target/hdds-rocks-native-2.1.0-SNAPSHOT.jar:/home/runner/.m2/repository/org/eclipse/jetty/jetty-io/9.4.57.v20241219/jetty-io-9.4.57.v20241219.jar:/home/runner/work/ozone/ozone/hadoop-hdds/rocksdb-checkpoint-differ/target/rocksdb-checkpoint-differ-2.1.0-SNAPSHOT.jar:/home/runner/.m2/repository/com/github/vlsi/mxgraph/jgraphx/3.9.12/jgraphx-3.9.12.jar:/home/runner/.m2/repository/org/jgrapht/jgrapht-core/1.4.0/jgrapht-core-1.4.0.jar:/home/runner/.m2/repository/org/jheaps/jheaps/0.11/jheaps-0.11.jar:/home/runner/.m2/repository/org/jgrapht/jgrapht-ext/1.4.0/jgrapht-ext-1.4.0.jar:/home/runner/.m2/repository/org/apache/ranger/ranger-intg/2.6.0/ranger-intg-2.6.0.jar:/home/runner/.m2/repository/org/apache/ranger/ranger-plugins-common/2.6.0/ranger-plugins-common-2.6.0.jar:/home/runner/.m2/repository/com/fasterxml/jackson/jaxrs/jackson-jaxrs-base/2.16.2/jackson-jaxrs-base-2.16.2.jar:/home/runner/.m2/repository/com/fasterxml/jackson/jaxrs/jackson-jaxrs-json-provider/2.16.2/jackson-jaxrs-json-provider-2.16.2.jar:/home/runner/.m2/repository/com/kstruct/gethostname4j/1.0.0/gethostname4j-1.0.0.jar:/home/runner/.m2/repository/commons-lang/commons-lang/2.6/commons-lang-2.6.jar:/home/runner/.m2/repository/net/java/dev/jna/jna/5.2.0/jna-5.2.0.jar:/home/runner/.m2/repository/net/java/dev/jna/jna-platform/5.2.0/jna-platform-5.2.0.jar:/home/runner/.m2/repository/org/apache/ranger/ranger-plugin-classloader/2.6.0/ranger-plugin-classloader-2.6.0.jar:/home/runner/.m2/repository/org/apache/ranger/ranger-plugins-audit/2.6.0/ranger-plugins-audit-2.6.0.jar:/home/runner/.m2/repository/com/amazonaws/aws-java-sdk-logs/1.12.765/aws-java-sdk-logs-1.12.765.jar:/home/runner/.m2/repository/com/carrotsearch/hppc/0.8.0/hppc-0.8.0.jar:/home/runner/.m2/repository/io/airlift/aircompressor/0.27/aircompressor-0.27.jar:/home/runner/.m2/repository/org/apache/httpcomponents/httpasyncclient/4.1.4/httpasyncclient-4.1.4.jar:/home/runner/.m2/repository/org/apache/httpcomponents/httpcore-nio/4.4.16/httpcore-nio-4.4.16.jar:/home/runner/.m2/repository/org/apache/httpcomponents/httpmime/4.5.13/httpmime-4.5.13.jar:/home/runner/.m2/repository/org/apache/orc/orc-core/1.5.8/orc-core-1.5.8.jar:/home/runner/.m2/repository/org/apache/orc/orc-shims/1.5.8/orc-shims-1.5.8.jar:/home/runner/.m2/repository/org/eclipse/jetty/jetty-client/9.4.57.v20241219/jetty-client-9.4.57.v20241219.jar:/home/runner/.m2/repository/org/apache/ranger/ranger-plugins-cred/2.6.0/ranger-plugins-cred-2.6.0.jar:/home/runner/.m2/repository/org/aspectj/aspectjrt/1.9.7/aspectjrt-1.9.7.jar:/home/runner/.m2/repository/org/aspectj/aspectjweaver/1.9.7/aspectjweaver-1.9.7.jar:/home/runner/.m2/repository/org/eclipse/jetty/jetty-util/9.4.57.v20241219/jetty-util-9.4.57.v20241219.jar:/home/runner/.m2/repository/org/reflections/reflections/0.10.2/reflections-0.10.2.jar:/home/runner/.m2/repository/org/rocksdb/rocksdbjni/7.7.3/rocksdbjni-7.7.3.jar:/home/runner/work/ozone/ozone/hadoop-ozone/recon/target/ozone-recon-2.1.0-SNAPSHOT.jar:/home/runner/.m2/repository/aopalliance/aopalliance/1.0/aopalliance-1.0.jar:/home/runner/.m2/repository/com/google/inject/guice/6.0.0/guice-6.0.0.jar:/home/runner/.m2/repository/jakarta/inject/jakarta.inject-api/2.0.1/jakarta.inject-api-2.0.1.jar:/home/runner/.m2/repository/com/google/inject/extensions/guice-assistedinject/6.0.0/guice-assistedinject-6.0.0.jar:/home/runner/.m2/repository/com/google/inject/extensions/guice-servlet/6.0.0/guice-servlet-6.0.0.jar:/home/runner/.m2/repository/com/jolbox/bonecp/0.8.0.RELEASE/bonecp-0.8.0.RELEASE.jar:/home/runner/.m2/repository/jakarta/activation/jakarta.activation-api/1.2.2/jakarta.activation-api-1.2.2.jar:/home/runner/.m2/repository/jakarta/validation/jakarta.validation-api/2.0.2/jakarta.validation-api-2.0.2.jar:/home/runner/.m2/repository/jakarta/ws/rs/jakarta.ws.rs-api/2.1.6/jakarta.ws.rs-api-2.1.6.jar:/home/runner/.m2/repository/javax/inject/javax.inject/1/javax.inject-1.jar:/home/runner/.m2/repository/org/apache/derby/derby/10.14.2.0/derby-10.14.2.0.jar:/home/runner/work/ozone/ozone/hadoop-ozone/recon-codegen/target/ozone-reconcodegen-2.1.0-SNAPSHOT.jar:/home/runner/.m2/repository/org/eclipse/jetty/jetty-servlet/9.4.57.v20241219/jetty-servlet-9.4.57.v20241219.jar:/home/runner/.m2/repository/org/eclipse/jetty/jetty-security/9.4.57.v20241219/jetty-security-9.4.57.v20241219.jar:/home/runner/.m2/repository/org/glassfish/hk2/guice-bridge/2.6.1/guice-bridge-2.6.1.jar:/home/runner/.m2/repository/org/glassfish/hk2/hk2-api/2.6.1/hk2-api-2.6.1.jar:/home/runner/.m2/repository/org/glassfish/hk2/hk2-utils/2.6.1/hk2-utils-2.6.1.jar:/home/runner/.m2/repository/org/glassfish/hk2/external/aopalliance-repackaged/2.6.1/aopalliance-repackaged-2.6.1.jar:/home/runner/.m2/repository/org/glassfish/hk2/external/jakarta.inject/2.6.1/jakarta.inject-2.6.1.jar:/home/runner/.m2/repository/org/glassfish/jersey/containers/jersey-container-servlet/2.46/jersey-container-servlet-2.46.jar:/home/runner/.m2/repository/org/glassfish/jersey/containers/jersey-container-servlet-core/2.46/jersey-container-servlet-core-2.46.jar:/home/runner/.m2/repository/org/glassfish/jersey/core/jersey-common/2.46/jersey-common-2.46.jar:/home/runner/.m2/repository/org/glassfish/hk2/osgi-resource-locator/1.0.3/osgi-resource-locator-1.0.3.jar:/home/runner/.m2/repository/org/glassfish/jersey/core/jersey-server/2.46/jersey-server-2.46.jar:/home/runner/.m2/repository/org/glassfish/jersey/core/jersey-client/2.46/jersey-client-2.46.jar:/home/runner/.m2/repository/org/glassfish/jersey/inject/jersey-hk2/2.46/jersey-hk2-2.46.jar:/home/runner/.m2/repository/org/glassfish/hk2/hk2-locator/2.6.1/hk2-locator-2.6.1.jar:/home/runner/.m2/repository/org/glassfish/jersey/media/jersey-media-jaxb/2.46/jersey-media-jaxb-2.46.jar:/home/runner/.m2/repository/org/glassfish/jersey/media/jersey-media-json-jackson/2.46/jersey-media-json-jackson-2.46.jar:/home/runner/.m2/repository/org/glassfish/jersey/ext/jersey-entity-filtering/2.46/jersey-entity-filtering-2.46.jar:/home/runner/.m2/repository/com/fasterxml/jackson/module/jackson-module-jaxb-annotations/2.16.2/jackson-module-jaxb-annotations-2.16.2.jar:/home/runner/.m2/repository/org/javassist/javassist/3.30.2-GA/javassist-3.30.2-GA.jar:/home/runner/.m2/repository/org/jooq/jooq/3.11.10/jooq-3.11.10.jar:/home/runner/.m2/repository/org/jooq/jooq-codegen/3.11.10/jooq-codegen-3.11.10.jar:/home/runner/.m2/repository/org/jooq/jooq-meta/3.11.10/jooq-meta-3.11.10.jar:/home/runner/.m2/repository/org/springframework/spring-core/5.3.39/spring-core-5.3.39.jar:/home/runner/.m2/repository/org/springframework/spring-jdbc/5.3.39/spring-jdbc-5.3.39.jar:/home/runner/.m2/repository/org/springframework/spring-beans/5.3.39/spring-beans-5.3.39.jar:/home/runner/.m2/repository/org/springframework/spring-tx/5.3.39/spring-tx-5.3.39.jar:/home/runner/.m2/repository/org/xerial/sqlite-jdbc/3.49.1.0/sqlite-jdbc-3.49.1.0.jar:/home/runner/work/ozone/ozone/hadoop-ozone/s3gateway/target/ozone-s3gateway-2.1.0-SNAPSHOT.jar:/home/runner/work/ozone/ozone/hadoop-ozone/tools/target/ozone-tools-2.1.0-SNAPSHOT.jar:/home/runner/.m2/repository/org/apache/ratis/ratis-shell/3.1.2/ratis-shell-3.1.2.jar:/home/runner/.m2/repository/org/apache/ratis/ratis-tools/3.1.2/ratis-tools-3.1.2.jar:/home/runner/.m2/repository/org/glassfish/jaxb/jaxb-runtime/2.3.9/jaxb-runtime-2.3.9.jar:/home/runner/.m2/repository/org/glassfish/jaxb/txw2/2.3.9/txw2-2.3.9.jar:/home/runner/.m2/repository/com/sun/istack/istack-commons-runtime/3.0.12/istack-commons-runtime-3.0.12.jar:/home/runner/.m2/repository/com/sun/activation/jakarta.activation/1.2.2/jakarta.activation-1.2.2.jar:/home/runner/.m2/repository/org/apache/ratis/ratis-server/3.1.2/ratis-server-3.1.2.jar:/home/runner/.m2/repository/org/apache/ratis/ratis-metrics-api/3.1.2/ratis-metrics-api-3.1.2.jar:/home/runner/.m2/repository/org/hamcrest/hamcrest/2.2/hamcrest-2.2.jar:/home/runner/.m2/repository/org/slf4j/jul-to-slf4j/2.0.17/jul-to-slf4j-2.0.17.jar:/home/runner/.m2/repository/org/apache/commons/commons-lang3/3.17.0/commons-lang3-3.17.0.jar:/home/runner/.m2/repository/org/apache/hadoop/hadoop-common/3.4.1/hadoop-common-3.4.1-tests.jar:/home/runner/.m2/repository/org/apache/hadoop/thirdparty/hadoop-shaded-protobuf_3_25/1.4.0/hadoop-shaded-protobuf_3_25-1.4.0.jar:/home/runner/.m2/repository/org/apache/hadoop/hadoop-annotations/3.4.1/hadoop-annotations-3.4.1.jar:/home/runner/.m2/repository/org/apache/hadoop/thirdparty/hadoop-shaded-guava/1.3.0/hadoop-shaded-guava-1.3.0.jar:/home/runner/.m2/repository/commons-cli/commons-cli/1.8.0/commons-cli-1.8.0.jar:/home/runner/.m2/repository/org/apache/commons/commons-math3/3.6.1/commons-math3-3.6.1.jar:/home/runner/.m2/repository/commons-net/commons-net/3.11.1/commons-net-3.11.1.jar:/home/runner/.m2/repository/org/eclipse/jetty/jetty-server/9.4.57.v20241219/jetty-server-9.4.57.v20241219.jar:/home/runner/.m2/repository/javax/servlet/jsp/jsp-api/2.1/jsp-api-2.1.jar:/home/runner/.m2/repository/com/sun/jersey/jersey-core/1.19.4/jersey-core-1.19.4.jar:/home/runner/.m2/repository/javax/ws/rs/jsr311-api/1.1.1/jsr311-api-1.1.1.jar:/home/runner/.m2/repository/com/sun/jersey/jersey-servlet/1.19.4/jersey-servlet-1.19.4.jar:/home/runner/.m2/repository/com/github/pjfanning/jersey-json/1.22.0/jersey-json-1.22.0.jar:/home/runner/.m2/repository/com/sun/xml/bind/jaxb-impl/2.2.3-1/jaxb-impl-2.2.3-1.jar:/home/runner/.m2/repository/org/codehaus/jettison/jettison/1.5.4/jettison-1.5.4.jar:/home/runner/.m2/repository/com/sun/jersey/jersey-server/1.19.4/jersey-server-1.19.4.jar:/home/runner/.m2/repository/commons-beanutils/commons-beanutils/1.9.4/commons-beanutils-1.9.4.jar:/home/runner/.m2/repository/org/apache/commons/commons-configuration2/2.11.0/commons-configuration2-2.11.0.jar:/home/runner/.m2/repository/org/apache/avro/avro/1.9.2/avro-1.9.2.jar:/home/runner/.m2/repository/com/google/re2j/re2j/1.7/re2j-1.7.jar:/home/runner/.m2/repository/com/google/code/gson/gson/2.10.1/gson-2.10.1.jar:/home/runner/.m2/repository/com/jcraft/jsch/0.1.55/jsch-0.1.55.jar:/home/runner/.m2/repository/org/apache/curator/curator-client/4.2.0/curator-client-4.2.0.jar:/home/runner/.m2/repository/org/apache/curator/curator-recipes/5.2.0/curator-recipes-5.2.0.jar:/home/runner/.m2/repository/org/apache/curator/curator-framework/4.2.0/curator-framework-4.2.0.jar:/home/runner/.m2/repository/com/google/code/findbugs/jsr305/3.0.2/jsr305-3.0.2.jar:/home/runner/.m2/repository/org/apache/zookeeper/zookeeper/3.8.4/zookeeper-3.8.4.jar:/home/runner/.m2/repository/org/apache/zookeeper/zookeeper-jute/3.8.4/zookeeper-jute-3.8.4.jar:/home/runner/.m2/repository/org/apache/yetus/audience-annotations/0.12.0/audience-annotations-0.12.0.jar:/home/runner/.m2/repository/io/netty/netty-transport-native-epoll/4.1.109.Final/netty-transport-native-epoll-4.1.109.Final.jar:/home/runner/.m2/repository/org/apache/kerby/kerb-core/1.0.1/kerb-core-1.0.1.jar:/home/runner/.m2/repository/org/apache/kerby/kerby-pkix/1.0.1/kerby-pkix-1.0.1.jar:/home/runner/.m2/repository/org/apache/kerby/kerby-asn1/1.0.1/kerby-asn1-1.0.1.jar:/home/runner/.m2/repository/org/codehaus/woodstox/stax2-api/4.2.1/stax2-api-4.2.1.jar:/home/runner/.m2/repository/com/fasterxml/woodstox/woodstox-core/5.4.0/woodstox-core-5.4.0.jar:/home/runner/.m2/repository/dnsjava/dnsjava/3.6.1/dnsjava-3.6.1.jar:/home/runner/.m2/repository/org/xerial/snappy/snappy-java/1.1.10.7/snappy-java-1.1.10.7.jar:/home/runner/.m2/repository/org/apache/hadoop/hadoop-distcp/3.4.1/hadoop-distcp-3.4.1.jar:/home/runner/.m2/repository/org/apache/hadoop/hadoop-distcp/3.4.1/hadoop-distcp-3.4.1-tests.jar:/home/runner/.m2/repository/org/apache/hadoop/hadoop-hdfs/3.4.1/hadoop-hdfs-3.4.1-tests.jar:/home/runner/.m2/repository/org/eclipse/jetty/jetty-util-ajax/9.4.57.v20241219/jetty-util-ajax-9.4.57.v20241219.jar:/home/runner/.m2/repository/commons-daemon/commons-daemon/1.4.0/commons-daemon-1.4.0.jar:/home/runner/.m2/repository/io/netty/netty-all/4.1.109.Final/netty-all-4.1.109.Final.jar:/home/runner/.m2/repository/io/netty/netty-codec-dns/4.1.109.Final/netty-codec-dns-4.1.109.Final.jar:/home/runner/.m2/repository/io/netty/netty-codec-haproxy/4.1.109.Final/netty-codec-haproxy-4.1.109.Final.jar:/home/runner/.m2/repository/io/netty/netty-codec-memcache/4.1.109.Final/netty-codec-memcache-4.1.109.Final.jar:/home/runner/.m2/repository/io/netty/netty-codec-mqtt/4.1.109.Final/netty-codec-mqtt-4.1.109.Final.jar:/home/runner/.m2/repository/io/netty/netty-codec-redis/4.1.109.Final/netty-codec-redis-4.1.109.Final.jar:/home/runner/.m2/repository/io/netty/netty-codec-smtp/4.1.109.Final/netty-codec-smtp-4.1.109.Final.jar:/home/runner/.m2/repository/io/netty/netty-codec-stomp/4.1.109.Final/netty-codec-stomp-4.1.109.Final.jar:/home/runner/.m2/repository/io/netty/netty-codec-xml/4.1.109.Final/netty-codec-xml-4.1.109.Final.jar:/home/runner/.m2/repository/io/netty/netty-handler-ssl-ocsp/4.1.109.Final/netty-handler-ssl-ocsp-4.1.109.Final.jar:/home/runner/.m2/repository/io/netty/netty-resolver-dns/4.1.109.Final/netty-resolver-dns-4.1.109.Final.jar:/home/runner/.m2/repository/io/netty/netty-transport-rxtx/4.1.109.Final/netty-transport-rxtx-4.1.109.Final.jar:/home/runner/.m2/repository/io/netty/netty-transport-sctp/4.1.109.Final/netty-transport-sctp-4.1.109.Final.jar:/home/runner/.m2/repository/io/netty/netty-transport-udt/4.1.109.Final/netty-transport-udt-4.1.109.Final.jar:/home/runner/.m2/repository/io/netty/netty-transport-classes-kqueue/4.1.109.Final/netty-transport-classes-kqueue-4.1.109.Final.jar:/home/runner/.m2/repository/io/netty/netty-resolver-dns-classes-macos/4.1.109.Final/netty-resolver-dns-classes-macos-4.1.109.Final.jar:/home/runner/.m2/repository/io/netty/netty-transport-native-epoll/4.1.109.Final/netty-transport-native-epoll-4.1.109.Final-linux-aarch_64.jar:/home/runner/.m2/repository/io/netty/netty-transport-native-epoll/4.1.109.Final/netty-transport-native-epoll-4.1.109.Final-linux-riscv64.jar:/home/runner/.m2/repository/io/netty/netty-transport-native-kqueue/4.1.109.Final/netty-transport-native-kqueue-4.1.109.Final-osx-x86_64.jar:/home/runner/.m2/repository/io/netty/netty-transport-native-kqueue/4.1.109.Final/netty-transport-native-kqueue-4.1.109.Final-osx-aarch_64.jar:/home/runner/.m2/repository/io/netty/netty-resolver-dns-native-macos/4.1.109.Final/netty-resolver-dns-native-macos-4.1.109.Final-osx-x86_64.jar:/home/runner/.m2/repository/io/netty/netty-resolver-dns-native-macos/4.1.109.Final/netty-resolver-dns-native-macos-4.1.109.Final-osx-aarch_64.jar:/home/runner/.m2/repository/org/fusesource/leveldbjni/leveldbjni-all/1.8/leveldbjni-all-1.8.jar:/home/runner/.m2/repository/org/apache/hadoop/hadoop-kms/3.4.1/hadoop-kms-3.4.1.jar:/home/runner/.m2/repository/org/apache/hadoop/hadoop-kms/3.4.1/hadoop-kms-3.4.1-tests.jar:/home/runner/.m2/repository/org/apache/hadoop/hadoop-mapreduce-client-core/3.4.1/hadoop-mapreduce-client-core-3.4.1.jar:/home/runner/.m2/repository/org/apache/hadoop/hadoop-yarn-client/3.4.1/hadoop-yarn-client-3.4.1.jar:/home/runner/.m2/repository/org/eclipse/jetty/websocket/websocket-client/9.4.53.v20231009/websocket-client-9.4.53.v20231009.jar:/home/runner/.m2/repository/org/eclipse/jetty/websocket/websocket-common/9.4.53.v20231009/websocket-common-9.4.53.v20231009.jar:/home/runner/.m2/repository/org/eclipse/jetty/websocket/websocket-api/9.4.53.v20231009/websocket-api-9.4.53.v20231009.jar:/home/runner/.m2/repository/org/apache/hadoop/hadoop-yarn-api/3.4.1/hadoop-yarn-api-3.4.1.jar:/home/runner/.m2/repository/org/apache/hadoop/hadoop-yarn-common/3.4.1/hadoop-yarn-common-3.4.1.jar:/home/runner/.m2/repository/javax/xml/bind/jaxb-api/2.2.11/jaxb-api-2.2.11.jar:/home/runner/.m2/repository/com/sun/jersey/contribs/jersey-guice/1.19.4/jersey-guice-1.19.4.jar:/home/runner/.m2/repository/org/apache/hadoop/hadoop-mapreduce-client-jobclient/3.4.1/hadoop-mapreduce-client-jobclient-3.4.1.jar:/home/runner/.m2/repository/org/apache/hadoop/hadoop-mapreduce-client-common/3.4.1/hadoop-mapreduce-client-common-3.4.1.jar:/home/runner/.m2/repository/org/apache/hadoop/hadoop-minikdc/3.4.1/hadoop-minikdc-3.4.1.jar:/home/runner/.m2/repository/org/apache/kerby/kerb-simplekdc/2.0.3/kerb-simplekdc-2.0.3.jar:/home/runner/.m2/repository/org/apache/kerby/kerb-client/2.0.3/kerb-client-2.0.3.jar:/home/runner/.m2/repository/org/apache/kerby/kerb-common/2.0.3/kerb-common-2.0.3.jar:/home/runner/.m2/repository/org/apache/kerby/token-provider/2.0.3/token-provider-2.0.3.jar:/home/runner/.m2/repository/org/apache/kerby/kerb-admin/2.0.3/kerb-admin-2.0.3.jar:/home/runner/.m2/repository/org/apache/kerby/kerb-server/2.0.3/kerb-server-2.0.3.jar:/home/runner/.m2/repository/org/apache/kerby/kerb-identity/2.0.3/kerb-identity-2.0.3.jar:/home/runner/.m2/repository/org/apache/kerby/kerby-xdr/2.0.3/kerby-xdr-2.0.3.jar:/home/runner/.m2/repository/junit/junit/4.13.2/junit-4.13.2.jar:/home/runner/.m2/repository/org/hamcrest/hamcrest-core/1.3/hamcrest-core-1.3.jar:/home/runner/work/ozone/ozone/hadoop-hdds/common/target/hdds-common-2.1.0-SNAPSHOT-tests.jar:/home/runner/.m2/repository/commons-validator/commons-validator/1.6/commons-validator-1.6.jar:/home/runner/.m2/repository/commons-digester/commons-digester/1.8.1/commons-digester-1.8.1.jar:/home/runner/.m2/repository/io/jaegertracing/jaeger-client/1.8.1/jaeger-client-1.8.1.jar:/home/runner/.m2/repository/io/jaegertracing/jaeger-thrift/1.8.1/jaeger-thrift-1.8.1.jar:/home/runner/.m2/repository/org/apache/thrift/libthrift/0.15.0/libthrift-0.15.0.jar:/home/runner/.m2/repository/com/squareup/okhttp3/okhttp/4.12.0/okhttp-4.12.0.jar:/home/runner/.m2/repository/com/squareup/okio/okio/3.6.0/okio-3.6.0.jar:/home/runner/.m2/repository/com/squareup/okio/okio-jvm/3.6.0/okio-jvm-3.6.0.jar:/home/runner/.m2/repository/org/jetbrains/kotlin/kotlin-stdlib-common/1.9.25/kotlin-stdlib-common-1.9.25.jar:/home/runner/.m2/repository/org/jetbrains/kotlin/kotlin-stdlib-jdk8/1.9.25/kotlin-stdlib-jdk8-1.9.25.jar:/home/runner/.m2/repository/org/jetbrains/kotlin/kotlin-stdlib-jdk7/1.9.25/kotlin-stdlib-jdk7-1.9.25.jar:/home/runner/.m2/repository/io/jaegertracing/jaeger-tracerresolver/1.8.1/jaeger-tracerresolver-1.8.1.jar:/home/runner/.m2/repository/io/opentracing/contrib/opentracing-tracerresolver/0.1.8/opentracing-tracerresolver-0.1.8.jar:/home/runner/.m2/repository/io/jaegertracing/jaeger-core/1.8.1/jaeger-core-1.8.1.jar:/home/runner/.m2/repository/javax/annotation/javax.annotation-api/1.3.2/javax.annotation-api-1.3.2.jar:/home/runner/work/ozone/ozone/hadoop-hdds/annotations/target/hdds-annotation-processing-2.1.0-SNAPSHOT.jar:/home/runner/.m2/repository/org/apache/ratis/ratis-metrics-dropwizard3/3.1.2/ratis-metrics-dropwizard3-3.1.2.jar:/home/runner/.m2/repository/org/bouncycastle/bcutil-jdk18on/1.80/bcutil-jdk18on-1.80.jar:/home/runner/.m2/repository/org/jetbrains/kotlin/kotlin-stdlib/1.9.25/kotlin-stdlib-1.9.25.jar:/home/runner/.m2/repository/org/jetbrains/annotations/13.0/annotations-13.0.jar:/home/runner/.m2/repository/org/slf4j/jcl-over-slf4j/2.0.17/jcl-over-slf4j-2.0.17.jar:/home/runner/.m2/repository/org/yaml/snakeyaml/2.0/snakeyaml-2.0.jar:/home/runner/work/ozone/ozone/hadoop-hdds/container-service/target/hdds-container-service-2.1.0-SNAPSHOT-tests.jar:/home/runner/.m2/repository/com/github/luben/zstd-jni/1.5.7-3/zstd-jni-1.5.7-3.jar:/home/runner/.m2/repository/io/netty/netty-buffer/4.1.109.Final/netty-buffer-4.1.109.Final.jar:/home/runner/.m2/repository/io/netty/netty-codec/4.1.109.Final/netty-codec-4.1.109.Final.jar:/home/runner/.m2/repository/log4j/apache-log4j-extras/1.2.17/apache-log4j-extras-1.2.17.jar:/home/runner/work/ozone/ozone/hadoop-hdds/framework/target/hdds-server-framework-2.1.0-SNAPSHOT-tests.jar:/home/runner/.m2/repository/com/github/jnr/jnr-constants/0.10.4/jnr-constants-0.10.4.jar:/home/runner/.m2/repository/com/github/jnr/jnr-posix/3.1.20/jnr-posix-3.1.20.jar:/home/runner/.m2/repository/com/github/jnr/jnr-ffi/2.2.17/jnr-ffi-2.2.17.jar:/home/runner/.m2/repository/com/github/jnr/jffi/1.3.13/jffi-1.3.13.jar:/home/runner/.m2/repository/com/github/jnr/jffi/1.3.13/jffi-1.3.13-native.jar:/home/runner/.m2/repository/org/ow2/asm/asm/9.7.1/asm-9.7.1.jar:/home/runner/.m2/repository/org/ow2/asm/asm-commons/9.7.1/asm-commons-9.7.1.jar:/home/runner/.m2/repository/org/ow2/asm/asm-analysis/9.7.1/asm-analysis-9.7.1.jar:/home/runner/.m2/repository/org/ow2/asm/asm-tree/9.7.1/asm-tree-9.7.1.jar:/home/runner/.m2/repository/org/ow2/asm/asm-util/9.7.1/asm-util-9.7.1.jar:/home/runner/.m2/repository/com/github/jnr/jnr-a64asm/1.0.0/jnr-a64asm-1.0.0.jar:/home/runner/.m2/repository/com/github/jnr/jnr-x86asm/1.0.2/jnr-x86asm-1.0.2.jar:/home/runner/.m2/repository/commons-fileupload/commons-fileupload/1.5/commons-fileupload-1.5.jar:/home/runner/.m2/repository/io/prometheus/simpleclient/0.16.0/simpleclient-0.16.0.jar:/home/runner/.m2/repository/io/prometheus/simpleclient_common/0.16.0/simpleclient_common-0.16.0.jar:/home/runner/.m2/repository/io/prometheus/simpleclient_dropwizard/0.16.0/simpleclient_dropwizard-0.16.0.jar:/home/runner/.m2/repository/org/apache/logging/log4j/log4j-core/2.24.2/log4j-core-2.24.2.jar:/home/runner/.m2/repository/org/eclipse/jetty/jetty-http/9.4.57.v20241219/jetty-http-9.4.57.v20241219.jar:/home/runner/.m2/repository/com/lmax/disruptor/3.4.4/disruptor-3.4.4.jar:/home/runner/.m2/repository/com/nimbusds/nimbus-jose-jwt/9.40/nimbus-jose-jwt-9.40.jar:/home/runner/.m2/repository/org/apache/kerby/kerb-util/1.0.1/kerb-util-1.0.1.jar:/home/runner/.m2/repository/org/apache/kerby/kerby-config/1.0.1/kerby-config-1.0.1.jar:/home/runner/.m2/repository/org/apache/kerby/kerb-crypto/1.0.1/kerb-crypto-1.0.1.jar:/home/runner/work/ozone/ozone/hadoop-hdds/server-scm/target/hdds-server-scm-2.1.0-SNAPSHOT-tests.jar:/home/runner/work/ozone/ozone/hadoop-hdds/test-utils/target/hdds-test-utils-2.1.0-SNAPSHOT-tests.jar:/home/runner/work/ozone/ozone/hadoop-ozone/ozone-manager/target/ozone-manager-2.1.0-SNAPSHOT-tests.jar:/home/runner/work/ozone/ozone/hadoop-ozone/mini-cluster/target/ozone-mini-cluster-2.1.0-SNAPSHOT.jar:/home/runner/.m2/repository/org/assertj/assertj-core/3.27.3/assertj-core-3.27.3.jar:/home/runner/.m2/repository/net/bytebuddy/byte-buddy/1.15.11/byte-buddy-1.15.11.jar:/home/runner/.m2/repository/org/junit/jupiter/junit-jupiter-api/5.12.2/junit-jupiter-api-5.12.2.jar:/home/runner/.m2/repository/org/opentest4j/opentest4j/1.3.0/opentest4j-1.3.0.jar:/home/runner/.m2/repository/org/junit/platform/junit-platform-commons/1.12.2/junit-platform-commons-1.12.2.jar:/home/runner/.m2/repository/org/apiguardian/apiguardian-api/1.1.2/apiguardian-api-1.1.2.jar:/home/runner/.m2/repository/org/junit/jupiter/junit-jupiter-params/5.12.2/junit-jupiter-params-5.12.2.jar:/home/runner/.m2/repository/org/mockito/mockito-core/4.11.0/mockito-core-4.11.0.jar:/home/runner/.m2/repository/net/bytebuddy/byte-buddy-agent/1.12.19/byte-buddy-agent-1.12.19.jar:/home/runner/.m2/repository/org/objenesis/objenesis/3.3/objenesis-3.3.jar:/home/runner/.m2/repository/org/mockito/mockito-inline/4.11.0/mockito-inline-4.11.0.jar:/home/runner/.m2/repository/org/mockito/mockito-junit-jupiter/4.11.0/mockito-junit-jupiter-4.11.0.jar:/home/runner/work/ozone/ozone/hadoop-ozone/integration-test/target/gradle-enterprise/test-listeners.jar:
STARTUP_MSG:   build = https://github.com/apache/ozone/d92f0ed87e7396665972628463cce3b55daa0626
STARTUP_MSG:   java = 21.0.7
STARTUP_MSG:   conf = {hadoop.hdds.db.rocksdb.WAL_size_limit_MB=0MB, hadoop.hdds.db.rocksdb.WAL_ttl_seconds=1200, hadoop.hdds.db.rocksdb.keep.log.file.num=10, hadoop.hdds.db.rocksdb.logging.enabled=false, hadoop.hdds.db.rocksdb.logging.level=INFO, hadoop.hdds.db.rocksdb.max.log.file.size=100MB, hadoop.hdds.db.rocksdb.writeoption.sync=false, hdds.block.token.enabled=false, hdds.block.token.expiry.time=1d, hdds.command.status.report.interval=30s, hdds.container.action.max.limit=20, hdds.container.balancer.balancing.iteration.interval=70m, hdds.container.balancer.datanodes.involved.max.percentage.per.iteration=20, hdds.container.balancer.iterations=10, hdds.container.balancer.move.networkTopology.enable=false, hdds.container.balancer.move.replication.timeout=50m, hdds.container.balancer.move.timeout=65m, hdds.container.balancer.size.entering.target.max=26GB, hdds.container.balancer.size.leaving.source.max=26GB, hdds.container.balancer.size.moved.max.per.iteration=500GB, hdds.container.balancer.trigger.du.before.move.enable=false, hdds.container.balancer.utilization.threshold=10, hdds.container.checksum.verification.enabled=true, hdds.container.chunk.write.sync=false, hdds.container.close.threshold=0.9f, hdds.container.ipc.port=9859, hdds.container.ipc.random.port=false, hdds.container.ratis.admin.port=9857, hdds.container.ratis.datastream.enabled=true, hdds.container.ratis.datastream.port=9855, hdds.container.ratis.datastream.random.port=false, hdds.container.ratis.enabled=false, hdds.container.ratis.ipc.port=9858, hdds.container.ratis.ipc.random.port=false, hdds.container.ratis.leader.pending.bytes.limit=1GB, hdds.container.ratis.log.appender.queue.byte-limit=32MB, hdds.container.ratis.log.appender.queue.num-elements=1024, hdds.container.ratis.log.purge.gap=1000000, hdds.container.ratis.log.queue.byte-limit=4GB, hdds.container.ratis.log.queue.num-elements=1024, hdds.container.ratis.num.container.op.executors=10, hdds.container.ratis.num.write.chunk.threads.per.volume=4, hdds.container.ratis.rpc.type=GRPC, hdds.container.ratis.segment.preallocated.size=4MB, hdds.container.ratis.segment.size=64MB, hdds.container.ratis.server.port=9856, hdds.container.ratis.statemachine.max.pending.apply-transactions=100000, hdds.container.ratis.statemachine.write.wait.interval=10m, hdds.container.ratis.statemachinedata.sync.timeout=10s, hdds.container.replication.compression=NO_COMPRESSION, hdds.container.report.interval=60m, hdds.container.scrub.data.scan.interval=7d, hdds.container.scrub.dev.data.scan.enabled=true, hdds.container.scrub.dev.metadata.scan.enabled=true, hdds.container.scrub.enabled=true, hdds.container.scrub.metadata.scan.interval=3h, hdds.container.scrub.min.gap=15m, hdds.container.scrub.on.demand.volume.bytes.per.second=5242880, hdds.container.scrub.volume.bytes.per.second=5242880, hdds.container.token.enabled=false, hdds.datanode.block.delete.command.worker.interval=2s, hdds.datanode.block.delete.max.lock.wait.timeout=100ms, hdds.datanode.block.delete.queue.limit=5, hdds.datanode.block.delete.threads.max=5, hdds.datanode.block.deleting.limit.per.interval=5000, hdds.datanode.block.deleting.max.lock.holding.time=1s, hdds.datanode.block.deleting.service.interval=60s, hdds.datanode.check.empty.container.dir.on.delete=false, hdds.datanode.chunk.data.validation.check=false, hdds.datanode.client.bind.host=0.0.0.0, hdds.datanode.client.port=19864, hdds.datanode.command.queue.limit=5000, hdds.datanode.container.close.threads.max=3, hdds.datanode.container.delete.threads.max=2, hdds.datanode.container.schema.v3.enabled=true, hdds.datanode.container.schema.v3.key.separator=|, hdds.datanode.delete.container.timeout=60s, hdds.datanode.df.refresh.period=5m, hdds.datanode.dir=file:///home/runner/work/ozone/ozone/hadoop-ozone/integration-test/target/tmp/dfs/data, hdds.datanode.disk.check.io.failures.tolerated=1, hdds.datanode.disk.check.io.file.size=100B, hdds.datanode.disk.check.io.test.count=3, hdds.datanode.disk.check.min.gap=10m, hdds.datanode.disk.check.timeout=10m, hdds.datanode.dns.interface=default, hdds.datanode.dns.nameserver=default, hdds.datanode.du.factory.classname=org.apache.hadoop.hdds.fs.MockSpaceUsageCheckFactory$None, hdds.datanode.du.refresh.period=1h, hdds.datanode.failed.data.volumes.tolerated=-1, hdds.datanode.failed.db.volumes.tolerated=-1, hdds.datanode.failed.metadata.volumes.tolerated=-1, hdds.datanode.handler.count=10, hdds.datanode.http-address=0.0.0.0:9882, hdds.datanode.http-bind-host=0.0.0.0, hdds.datanode.http.auth.kerberos.keytab=/etc/security/keytabs/HTTP.keytab, hdds.datanode.http.auth.kerberos.principal=HTTP/_HOST@REALM, hdds.datanode.http.auth.type=simple, hdds.datanode.http.enabled=true, hdds.datanode.https-address=0.0.0.0:9883, hdds.datanode.https-bind-host=0.0.0.0, hdds.datanode.metadata.rocksdb.cache.size=1GB, hdds.datanode.periodic.disk.check.interval.minutes=60, hdds.datanode.ratis.server.request.timeout=2m, hdds.datanode.read.chunk.threads.per.volume=10, hdds.datanode.read.threadpool=10, hdds.datanode.recovering.container.scrubbing.service.interval=1m, hdds.datanode.replication.outofservice.limit.factor=2.0, hdds.datanode.replication.port=9886, hdds.datanode.replication.queue.limit=4096, hdds.datanode.replication.streams.limit=10, hdds.datanode.rocksdb.auto-compaction-small-sst-file=true, hdds.datanode.rocksdb.auto-compaction-small-sst-file-num-threshold=512, hdds.datanode.rocksdb.auto-compaction-small-sst-file-size-threshold=1MB, hdds.datanode.rocksdb.auto-compaction-small-sst-file.interval.minutes=120, hdds.datanode.rocksdb.auto-compaction-small-sst-file.threads=1, hdds.datanode.rocksdb.delete-obsolete-files-period=1h, hdds.datanode.rocksdb.log.level=INFO, hdds.datanode.rocksdb.log.max-file-num=64, hdds.datanode.rocksdb.log.max-file-size=32MB, hdds.datanode.rocksdb.max-open-files=1024, hdds.datanode.slow.op.warning.threshold=500ms, hdds.datanode.storage.utilization.critical.threshold=0.95, hdds.datanode.storage.utilization.warning.threshold=0.75, hdds.datanode.use.datanode.hostname=false, hdds.datanode.volume.choosing.policy=org.apache.hadoop.ozone.container.common.volume.CapacityVolumeChoosingPolicy, hdds.datanode.volume.min.free.space=-1, hdds.datanode.volume.min.free.space.percent=-1, hdds.datanode.wait.on.all.followers=false, hdds.db.profile=DISK, hdds.grpc.tls.enabled=false, hdds.grpc.tls.provider=OPENSSL, hdds.heartbeat.initial-interval=2s, hdds.heartbeat.interval=1s, hdds.heartbeat.recon.initial-interval=60s, hdds.heartbeat.recon.interval=60s, hdds.key.algo=RSA, hdds.key.dir.name=keys, hdds.key.len=2048, hdds.node.report.interval=60000ms, hdds.pipeline.action.max.limit=20, hdds.pipeline.report.interval=60000ms, hdds.priv.key.file.name=private.pem, hdds.profiler.endpoint.enabled=false, hdds.prometheus.endpoint.enabled=true, hdds.public.key.file.name=public.pem, hdds.ratis.client.exponential.backoff.base.sleep=4s, hdds.ratis.client.exponential.backoff.max.retries=2147483647, hdds.ratis.client.exponential.backoff.max.sleep=40s, hdds.ratis.client.multilinear.random.retry.policy=5s, 5, 10s, 5, 15s, 5, 20s, 5, 25s, 5, 60s, 10, hdds.ratis.client.request.watch.timeout=3m, hdds.ratis.client.request.watch.type=ALL_COMMITTED, hdds.ratis.client.request.write.timeout=5m, hdds.ratis.client.retry.policy=org.apache.hadoop.hdds.ratis.retrypolicy.RequestTypeDependentRetryPolicyCreator, hdds.ratis.client.retrylimited.max.retries=180, hdds.ratis.client.retrylimited.retry.interval=1s, hdds.ratis.leader.election.minimum.timeout.duration=5s, hdds.ratis.raft.client.async.outstanding-requests.max=32, hdds.ratis.raft.client.rpc.request.timeout=60s, hdds.ratis.raft.client.rpc.watch.request.timeout=180s, hdds.ratis.raft.grpc.flow.control.window=5MB, hdds.ratis.raft.server.datastream.client.pool.size=10, hdds.ratis.raft.server.datastream.request.threads=20, hdds.ratis.raft.server.delete.ratis.log.directory=true, hdds.ratis.raft.server.leaderelection.pre-vote=true, hdds.ratis.raft.server.log.appender.wait-time.min=0us, hdds.ratis.raft.server.notification.no-leader.timeout=300s, hdds.ratis.raft.server.rpc.request.timeout=60s, hdds.ratis.raft.server.rpc.slowness.timeout=300s, hdds.ratis.raft.server.watch.timeout=30s, hdds.ratis.raft.server.write.element-limit=1024, hdds.ratis.server.num.snapshots.retained=5, hdds.ratis.server.retry-cache.timeout.duration=600000ms, hdds.ratis.snapshot.threshold=100000, hdds.scm.block.deleting.service.interval=60s, hdds.scm.block.deletion.per-interval.max=100000, hdds.scm.block.deletion.txn.dn.commit.map.limit=5000000, hdds.scm.ec.pipeline.choose.policy.impl=org.apache.hadoop.hdds.scm.pipeline.choose.algorithms.RandomPipelineChoosePolicy, hdds.scm.http.auth.kerberos.keytab=/etc/security/keytabs/HTTP.keytab, hdds.scm.http.auth.kerberos.principal=HTTP/_HOST@REALM, hdds.scm.http.auth.type=simple, hdds.scm.kerberos.keytab.file=/etc/security/keytabs/SCM.keytab, hdds.scm.kerberos.principal=SCM/_HOST@REALM, hdds.scm.pipeline.choose.policy.impl=org.apache.hadoop.hdds.scm.pipeline.choose.algorithms.RandomPipelineChoosePolicy, hdds.scm.replication.datanode.delete.container.limit=40, hdds.scm.replication.datanode.reconstruction.weight=3, hdds.scm.replication.datanode.replication.limit=20, hdds.scm.replication.event.timeout=12m, hdds.scm.replication.event.timeout.datanode.offset=6m, hdds.scm.replication.inflight.limit.factor=0.75, hdds.scm.replication.maintenance.remaining.redundancy=1, hdds.scm.replication.maintenance.replica.minimum=2, hdds.scm.replication.over.replicated.interval=30s, hdds.scm.replication.push=true, hdds.scm.replication.thread.interval=300s, hdds.scm.replication.under.replicated.interval=30s, hdds.scm.safemode.atleast.one.node.reported.pipeline.pct=0.90, hdds.scm.safemode.enabled=true, hdds.scm.safemode.healthy.pipeline.pct=0.10, hdds.scm.safemode.min.datanode=1, hdds.scm.safemode.pipeline.creation=true, hdds.scm.safemode.threshold.pct=0.99, hdds.scm.unknown-container.action=WARN, hdds.scm.wait.time.after.safemode.exit=5m, hdds.scmclient.failover.max.retry=15, hdds.scmclient.failover.retry.interval=2s, hdds.scmclient.max.retry.timeout=10m, hdds.scmclient.rpc.timeout=15m, hdds.secret.key.algorithm=HmacSHA256, hdds.secret.key.expiry.duration=7d, hdds.secret.key.file.name=secret_keys.json, hdds.secret.key.rotate.check.duration=10m, hdds.secret.key.rotate.duration=1d, hdds.security.client.datanode.container.protocol.acl=*, hdds.security.client.scm.block.protocol.acl=*, hdds.security.client.scm.certificate.protocol.acl=*, hdds.security.client.scm.container.protocol.acl=*, hdds.security.client.scm.secretkey.datanode.protocol.acl=*, hdds.security.client.scm.secretkey.om.protocol.acl=*, hdds.security.client.scm.secretkey.scm.protocol.acl=*, hdds.security.provider=BC, hdds.tracing.enabled=false, hdds.x509.ca.rotation.ack.timeout=PT15M, hdds.x509.ca.rotation.check.interval=P1D, hdds.x509.ca.rotation.enabled=false, hdds.x509.ca.rotation.time-of-day=02:00:00, hdds.x509.default.duration=P365D, hdds.x509.dir.name=certs, hdds.x509.expired.certificate.check.interval=P1D, hdds.x509.file.name=certificate.crt, hdds.x509.max.duration=P1865D, hdds.x509.renew.grace.duration=P28D, hdds.x509.rootca.certificate.polling.interval=PT2h, hdds.x509.signature.algorithm=SHA256withRSA, hdds.xframe.enabled=true, hdds.xframe.value=SAMEORIGIN, ozone.UnsafeByteOperations.enabled=true, ozone.acl.authorizer.class=org.apache.hadoop.ozone.security.acl.OzoneAccessAuthorizer, ozone.acl.enabled=false, ozone.block.deleting.service.interval=1m, ozone.block.deleting.service.timeout=300000ms, ozone.block.deleting.service.workers=10, ozone.chunk.read.buffer.default.size=1MB, ozone.chunk.read.mapped.buffer.max.count=0, ozone.chunk.read.mapped.buffer.threshold=32KB, ozone.client.bucket.replication.config.refresh.time.ms=30000, ozone.client.bytes.per.checksum=16KB, ozone.client.checksum.combine.mode=COMPOSITE_CRC, ozone.client.checksum.type=CRC32, ozone.client.connection.timeout=5000ms, ozone.client.datastream.buffer.flush.size=4MB, ozone.client.datastream.min.packet.size=256KB, ozone.client.datastream.pipeline.mode=true, ozone.client.datastream.window.size=8MB, ozone.client.ec.grpc.retries.enabled=true, ozone.client.ec.grpc.retries.max=3, ozone.client.ec.grpc.write.timeout=30s, ozone.client.ec.reconstruct.stripe.read.pool.limit=30, ozone.client.ec.reconstruct.stripe.write.pool.limit=30, ozone.client.ec.stripe.queue.size=2, ozone.client.exclude.nodes.expiry.time=600000, ozone.client.failover.max.attempts=500, ozone.client.fs.default.bucket.layout=FILE_SYSTEM_OPTIMIZED, ozone.client.hbase.enhancements.allowed=false, ozone.client.incremental.chunk.list=false, ozone.client.key.latest.version.location=true, ozone.client.key.provider.cache.expiry=10d, ozone.client.key.write.concurrency=1, ozone.client.list.cache=1000, ozone.client.max.ec.stripe.write.retries=10, ozone.client.max.retries=5, ozone.client.read.max.retries=3, ozone.client.read.retry.interval=1, ozone.client.read.timeout=30s, ozone.client.retry.interval=0, ozone.client.server-defaults.validity.period.ms=3600000, ozone.client.socket.timeout=5000ms, ozone.client.stream.buffer.flush.delay=true, ozone.client.stream.buffer.flush.size=1MB, ozone.client.stream.buffer.increment=0B, ozone.client.stream.buffer.max.size=2MB, ozone.client.stream.buffer.size=1MB, ozone.client.stream.putblock.piggybacking=false, ozone.client.verify.checksum=true, ozone.client.wait.between.retries.millis=2000, ozone.compaction.service.enabled=false, ozone.container.cache.lock.stripes=1024, ozone.container.cache.size=1024, ozone.csi.default-volume-size=1000000000, ozone.csi.mount.command=goofys --endpoint %s %s %s, ozone.csi.s3g.address=http://localhost:9878, ozone.csi.socket=/var/lib/csi.sock, ozone.directory.deleting.service.interval=1m, ozone.filesystem.snapshot.enabled=true, ozone.freon.http-address=0.0.0.0:9884, ozone.freon.http-bind-host=0.0.0.0, ozone.freon.http.auth.kerberos.keytab=/etc/security/keytabs/HTTP.keytab, ozone.freon.http.auth.kerberos.principal=HTTP/_HOST@REALM, ozone.freon.http.auth.type=simple, ozone.freon.http.enabled=true, ozone.freon.https-address=0.0.0.0:9885, ozone.freon.https-bind-host=0.0.0.0, ozone.fs.datastream.auto.threshold=4MB, ozone.fs.datastream.enabled=false, ozone.fs.hsync.enabled=false, ozone.fs.iterate.batch-size=100, ozone.fs.listing.page.size=1024, ozone.fs.listing.page.size.max=5000, ozone.hbase.enhancements.allowed=false, ozone.http.policy=HTTP_ONLY, ozone.https.client.keystore.resource=ssl-client.xml, ozone.https.client.need-auth=false, ozone.https.server.keystore.resource=ssl-server.xml, ozone.key.deleting.limit.per.task=20000, ozone.key.preallocation.max.blocks=64, ozone.manager.delegation.remover.scan.interval=3600000, ozone.manager.delegation.token.max-lifetime=7d, ozone.manager.delegation.token.renew-interval=1d, ozone.metadata.dirs.permissions=750, ozone.metastore.rocksdb.cf.write.buffer.size=128MB, ozone.metastore.rocksdb.statistics=OFF, ozone.network.flexible.fqdn.resolution.enabled=false, ozone.network.jvm.address.cache.enabled=true, ozone.network.topology.aware.read=true, ozone.om.address=0.0.0.0:9862, ozone.om.admin.protocol.max.retries=20, ozone.om.admin.protocol.wait.between.retries=1000, ozone.om.client.rpc.timeout=15m, ozone.om.client.trash.core.pool.size=5, ozone.om.compaction.service.columnfamilies=keyTable,fileTable,directoryTable,deletedTable,deletedDirectoryTable,multipartInfoTable, ozone.om.compaction.service.run.interval=6h, ozone.om.compaction.service.timeout=10m, ozone.om.container.location.cache.size=100000, ozone.om.container.location.cache.ttl=360m, ozone.om.db.dirs.permissions=750, ozone.om.db.max.open.files=-1, ozone.om.delta.update.data.size.max.limit=1024MB, ozone.om.edekcacheloader.initial.delay.ms=3000, ozone.om.edekcacheloader.interval.ms=1000, ozone.om.edekcacheloader.max-retries=10, ozone.om.enable.filesystem.paths=false, ozone.om.enable.ofs.shared.tmp.dir=false, ozone.om.fs.snapshot.max.limit=1000, ozone.om.group.rights=READ, LIST, ozone.om.grpc.bossgroup.size=8, ozone.om.grpc.maximum.response.length=134217728, ozone.om.grpc.port=8981, ozone.om.grpc.read.thread.num=32, ozone.om.grpc.workergroup.size=32, ozone.om.ha.raft.server.log.appender.wait-time.min=0ms, ozone.om.ha.raft.server.retrycache.expirytime=300s, ozone.om.handler.count.key=20, ozone.om.http-address=0.0.0.0:9874, ozone.om.http-bind-host=0.0.0.0, ozone.om.http.auth.kerberos.keytab=/etc/security/keytabs/HTTP.keytab, ozone.om.http.auth.kerberos.principal=HTTP/_HOST@REALM, ozone.om.http.auth.type=simple, ozone.om.http.enabled=true, ozone.om.https-address=0.0.0.0:9875, ozone.om.https-bind-host=0.0.0.0, ozone.om.kerberos.keytab.file=/etc/security/keytabs/OM.keytab, ozone.om.kerberos.principal=OM/_HOST@REALM, ozone.om.kerberos.principal.pattern=*, ozone.om.key.path.lock.enabled=false, ozone.om.keyname.character.check.enabled=false, ozone.om.leader.election.minimum.timeout.duration=5s, ozone.om.lease.hard.limit=7d, ozone.om.lease.soft.limit=60s, ozone.om.lock.fair=false, ozone.om.max.buckets=100000, ozone.om.multitenancy.enabled=false, ozone.om.multitenancy.ranger.sync.interval=10m, ozone.om.multitenancy.ranger.sync.timeout=10s, ozone.om.namespace.s3.strict=true, ozone.om.network.topology.refresh.duration=1h, ozone.om.open.key.cleanup.limit.per.task=1000, ozone.om.open.key.cleanup.service.interval=24h, ozone.om.open.key.cleanup.service.timeout=300s, ozone.om.open.key.expire.threshold=7d, ozone.om.open.mpu.cleanup.service.interval=24h, ozone.om.open.mpu.cleanup.service.timeout=300s, ozone.om.open.mpu.expire.threshold=30d, ozone.om.open.mpu.parts.cleanup.limit.per.task=1000, ozone.om.ratis.log.appender.queue.byte-limit=4MB, ozone.om.ratis.log.appender.queue.num-elements=1024, ozone.om.ratis.log.purge.gap=1000000, ozone.om.ratis.log.purge.preservation.log.num=0, ozone.om.ratis.log.purge.upto.snapshot.index=true, ozone.om.ratis.minimum.timeout=5s, ozone.om.ratis.port=9872, ozone.om.ratis.rpc.type=GRPC, ozone.om.ratis.segment.preallocated.size=4MB, ozone.om.ratis.segment.size=4MB, ozone.om.ratis.server.close.threshold=60s, ozone.om.ratis.server.failure.timeout.duration=120s, ozone.om.ratis.server.leaderelection.pre-vote=true, ozone.om.ratis.server.request.timeout=3s, ozone.om.ratis.server.retry.cache.timeout=600000ms, ozone.om.ratis.snapshot.max.total.sst.size=100000000, ozone.om.read.threadpool=10, ozone.om.s3.grpc.server_enabled=false, ozone.om.save.metrics.interval=5m, ozone.om.security.admin.protocol.acl=*, ozone.om.security.client.protocol.acl=*, ozone.om.server.list.max.size=1000, ozone.om.snapshot.cache.cleanup.service.run.interval=1m, ozone.om.snapshot.cache.max.size=10, ozone.om.snapshot.checkpoint.dir.creation.poll.timeout=20s, ozone.om.snapshot.compaction.dag.max.time.allowed=30d, ozone.om.snapshot.compaction.dag.prune.daemon.run.interval=3600s, ozone.om.snapshot.db.max.open.files=100, ozone.om.snapshot.diff.cleanup.service.run.interval=1m, ozone.om.snapshot.diff.cleanup.service.timeout=5m, ozone.om.snapshot.diff.disable.native.libs=false, ozone.om.snapshot.diff.job.default.wait.time=1s, ozone.om.snapshot.diff.job.report.persistent.time=7d, ozone.om.snapshot.diff.max.allowed.keys.changed.per.job=10000000, ozone.om.snapshot.diff.max.jobs.purge.per.task=100, ozone.om.snapshot.diff.max.page.size=1000, ozone.om.snapshot.diff.thread.pool.size=10, ozone.om.snapshot.force.full.diff=false, ozone.om.snapshot.load.native.lib=true, ozone.om.snapshot.provider.connection.timeout=5000s, ozone.om.snapshot.provider.request.timeout=300000ms, ozone.om.snapshot.provider.socket.timeout=5000s, ozone.om.snapshot.rocksdb.metrics.enabled=false, ozone.om.transport.class=org.apache.hadoop.ozone.om.protocolPB.Hadoop3OmTransportFactory, ozone.om.unflushed.transaction.max.count=10000, ozone.om.upgrade.finalization.ratis.based.timeout=30s, ozone.om.upgrade.quota.recalculate.enabled=true, ozone.om.user.max.volume=1024, ozone.om.user.rights=ALL, ozone.om.volume.listall.allowed=true, ozone.recon.containerkey.flush.db.max.threshold=150000, ozone.recon.db.dirs.permissions=750, ozone.recon.heatmap.enable=false, ozone.recon.http-address=0.0.0.0:9888, ozone.recon.http-bind-host=0.0.0.0, ozone.recon.http.auth.kerberos.keytab=/etc/security/keytabs/HTTP.keytab, ozone.recon.http.auth.kerberos.principal=HTTP/_HOST@REALM, ozone.recon.http.auth.type=simple, ozone.recon.http.enabled=true, ozone.recon.https-address=0.0.0.0:9889, ozone.recon.https-bind-host=0.0.0.0, ozone.recon.nssummary.flush.db.max.threshold=150000, ozone.recon.om.connection.request.timeout=5000, ozone.recon.om.connection.timeout=5s, ozone.recon.om.snapshot.task.flush.param=false, ozone.recon.om.snapshot.task.initial.delay=1m, ozone.recon.om.snapshot.task.interval.delay=5s, ozone.recon.om.socket.timeout=5s, ozone.recon.scm.connection.request.timeout=5s, ozone.recon.scm.connection.timeout=5s, ozone.recon.scm.container.threshold=100, ozone.recon.scm.snapshot.enabled=true, ozone.recon.scm.snapshot.task.initial.delay=1m, ozone.recon.scm.snapshot.task.interval.delay=24h, ozone.recon.scmclient.failover.max.retry=3, ozone.recon.scmclient.max.retry.timeout=6s, ozone.recon.scmclient.rpc.timeout=1m, ozone.recon.security.client.datanode.container.protocol.acl=*, ozone.recon.sql.db.auto.commit=true, ozone.recon.sql.db.conn.idle.max.age=3600s, ozone.recon.sql.db.conn.idle.test=SELECT 1, ozone.recon.sql.db.conn.idle.test.period=60s, ozone.recon.sql.db.conn.max.active=5, ozone.recon.sql.db.conn.max.age=1800s, ozone.recon.sql.db.conn.timeout=30000ms, ozone.recon.sql.db.driver=org.apache.derby.jdbc.EmbeddedDriver, ozone.recon.sql.db.jdbc.url=jdbc:derby:${ozone.recon.db.dir}/ozone_recon_derby.db, ozone.recon.sql.db.jooq.dialect=DERBY, ozone.recon.task.containercounttask.interval=60s, ozone.recon.task.missingcontainer.interval=300s, ozone.recon.task.pipelinesync.interval=300s, ozone.recon.task.safemode.wait.threshold=300s, ozone.recon.task.thread.count=1, ozone.replication.allowed-configs=^((STANDALONE|RATIS)/(ONE|THREE))|(EC/(3-2|6-3|10-4)-(512|1024|2048|4096)k)$, ozone.rest.client.http.connection.max=100, ozone.rest.client.http.connection.per-route.max=20, ozone.s3g.client.buffer.size=4MB, ozone.s3g.default.bucket.layout=OBJECT_STORE, ozone.s3g.http-address=0.0.0.0:9878, ozone.s3g.http-bind-host=0.0.0.0, ozone.s3g.http.auth.kerberos.keytab=/etc/security/keytabs/HTTP.keytab, ozone.s3g.http.auth.kerberos.principal=HTTP/_HOST@REALM, ozone.s3g.http.auth.type=simple, ozone.s3g.http.enabled=true, ozone.s3g.https-address=0.0.0.0:9879, ozone.s3g.kerberos.keytab.file=/etc/security/keytabs/s3g.keytab, ozone.s3g.kerberos.principal=s3g/_HOST@REALM, ozone.s3g.list-keys.shallow.enabled=true, ozone.s3g.metrics.percentiles.intervals.seconds=60, ozone.s3g.secret.http.auth.type=kerberos, ozone.s3g.secret.http.enabled=false, ozone.s3g.volume.name=s3v, ozone.s3g.webadmin.http-address=0.0.0.0:19878, ozone.s3g.webadmin.http-bind-host=0.0.0.0, ozone.s3g.webadmin.http.enabled=true, ozone.s3g.webadmin.https-address=0.0.0.0:19879, ozone.scm.block.client.bind.host=0.0.0.0, ozone.scm.block.client.port=9863, ozone.scm.block.deletion.max.retry=4096, ozone.scm.block.handler.count.key=100, ozone.scm.block.read.threadpool=10, ozone.scm.block.size=4MB, ozone.scm.ca.list.retry.interval=10s, ozone.scm.chunk.size=1MB, ozone.scm.client.bind.host=0.0.0.0, ozone.scm.client.handler.count.key=100, ozone.scm.client.port=9860, ozone.scm.client.read.threadpool=10, ozone.scm.close.container.wait.duration=1s, ozone.scm.container.layout=FILE_PER_BLOCK, ozone.scm.container.list.max.count=4096, ozone.scm.container.lock.stripes=512, ozone.scm.container.placement.ec.impl=org.apache.hadoop.hdds.scm.container.placement.algorithms.SCMContainerPlacementRackScatter, ozone.scm.container.placement.impl=org.apache.hadoop.hdds.scm.container.placement.algorithms.SCMContainerPlacementRackAware, ozone.scm.container.size=5GB, ozone.scm.datanode.admin.monitor.interval=30s, ozone.scm.datanode.admin.monitor.logging.limit=1000, ozone.scm.datanode.disallow.same.peers=false, ozone.scm.datanode.handler.count.key=100, ozone.scm.datanode.pipeline.limit=2, ozone.scm.datanode.port=9861, ozone.scm.datanode.ratis.volume.free-space.min=1GB, ozone.scm.datanode.read.threadpool=10, ozone.scm.db.dirs.permissions=750, ozone.scm.dead.node.interval=10m, ozone.scm.ec.pipeline.minimum=5, ozone.scm.ec.pipeline.per.volume.factor=1, ozone.scm.event.ContainerReport.thread.pool.size=10, ozone.scm.expired.container.replica.op.scrub.interval=5m, ozone.scm.grpc.port=9895, ozone.scm.ha.dbtransactionbuffer.flush.interval=600s, ozone.scm.ha.grpc.deadline.interval=30m, ozone.scm.ha.raft.server.log.appender.wait-time.min=0ms, ozone.scm.ha.ratis.leader.election.timeout=5s, ozone.scm.ha.ratis.leader.ready.check.interval=2s, ozone.scm.ha.ratis.leader.ready.wait.timeout=60s, ozone.scm.ha.ratis.log.appender.queue.byte-limit=4MB, ozone.scm.ha.ratis.log.appender.queue.num-elements=1024, ozone.scm.ha.ratis.log.purge.enabled=false, ozone.scm.ha.ratis.log.purge.gap=1000000, ozone.scm.ha.ratis.request.timeout=30s, ozone.scm.ha.ratis.rpc.type=GRPC, ozone.scm.ha.ratis.segment.preallocated.size=4MB, ozone.scm.ha.ratis.segment.size=4MB, ozone.scm.ha.ratis.server.failure.timeout.duration=120s, ozone.scm.ha.ratis.server.leaderelection.pre-vote=true, ozone.scm.ha.ratis.server.retry.cache.timeout=60s, ozone.scm.ha.ratis.server.snapshot.creation.gap=1024, ozone.scm.ha.ratis.snapshot.threshold=1000, ozone.scm.handler.count.key=20, ozone.scm.heartbeat.log.warn.interval.count=10, ozone.scm.heartbeat.rpc-retry-count=15, ozone.scm.heartbeat.rpc-retry-interval=1s, ozone.scm.heartbeat.rpc-timeout=5s, ozone.scm.heartbeat.thread.interval=100ms, ozone.scm.http-address=0.0.0.0:9876, ozone.scm.http-bind-host=0.0.0.0, ozone.scm.http.enabled=true, ozone.scm.https-address=0.0.0.0:9877, ozone.scm.https-bind-host=0.0.0.0, ozone.scm.info.wait.duration=10m, ozone.scm.keyvalue.container.deletion-choosing.policy=org.apache.hadoop.ozone.container.common.impl.TopNOrderedContainerDeletionChoosingPolicy, ozone.scm.network.topology.schema.file=network-topology-default.xml, ozone.scm.pipeline.allocated.timeout=5m, ozone.scm.pipeline.creation.auto.factor.one=true, ozone.scm.pipeline.creation.interval=120s, ozone.scm.pipeline.destroy.timeout=66s, ozone.scm.pipeline.leader-choose.policy=org.apache.hadoop.hdds.scm.pipeline.leader.choose.algorithms.MinLeaderCountChoosePolicy, ozone.scm.pipeline.owner.container.count=3, ozone.scm.pipeline.per.metadata.disk=2, ozone.scm.pipeline.scrub.interval=5m, ozone.scm.ratis.pipeline.limit=3, ozone.scm.ratis.port=9894, ozone.scm.security.handler.count.key=2, ozone.scm.security.read.threadpool=1, ozone.scm.security.service.bind.host=0.0.0.0, ozone.scm.security.service.port=9961, ozone.scm.sequence.id.batch.size=1000, ozone.scm.skip.bootstrap.validation=false, ozone.scm.stale.node.interval=5m, ozone.security.crypto.compliance.mode=unrestricted, ozone.security.enabled=false, ozone.security.http.kerberos.enabled=false, ozone.security.reconfigure.protocol.acl=*, ozone.server.default.replication=3, ozone.server.default.replication.type=RATIS, ozone.service.shutdown.timeout=60s, ozone.snapshot.deep.cleaning.enabled=false, ozone.snapshot.deleting.limit.per.task=10, ozone.snapshot.deleting.service.interval=30s, ozone.snapshot.deleting.service.timeout=300s, ozone.snapshot.directory.service.interval=24h, ozone.snapshot.directory.service.timeout=300s, ozone.snapshot.filtering.limit.per.task=2, ozone.snapshot.filtering.service.interval=1m, ozone.snapshot.key.deleting.limit.per.task=20000, ozone.sst.filtering.service.timeout=300000ms, ozone.test.test.key=value1, ozone.volume.io.percentiles.intervals.seconds=60, ozone.xceiver.client.metrics.percentiles.intervals.seconds=60, recon.om.delta.update.lag.threshold=0, recon.om.delta.update.limit=50000, scm.container.client.idle.threshold=10s, scm.container.client.max.size=256, test.scm.client.address=localhost, test.scm.client.bind.host=0.0.0.0, test.scm.client.class=java.lang.Object, test.scm.client.compression.enabled=true, test.scm.client.duration=1h, test.scm.client.enabled=true, test.scm.client.port=9878, test.scm.client.threshold=10, test.scm.client.wait=30m, yarn.app.mapreduce.am.container.log.backups=0, yarn.app.mapreduce.am.container.log.limit.kb=0, yarn.app.mapreduce.task.container.log.backups=0, yarn.nodemanager.container.stderr.pattern={*stderr*,*STDERR*}, yarn.nodemanager.container.stderr.tail.bytes=4096, yarn.nodemanager.least-load-policy-selector.pending-container.threshold=10000, yarn.nodemanager.windows-container.cpu-limit.enabled=false, yarn.nodemanager.windows-container.memory-limit.enabled=false, yarn.resourcemanager.container.liveness-monitor.interval-ms=600000}
************************************************************/
2025-05-12 14:03:25,676 [main] WARN  recon.ReconServer (HddsServerUtil.java:startupShutdownMessage(691)) - failed to register any UNIX signal loggers: 
java.lang.IllegalStateException: Can't re-install the signal handlers.
	at org.apache.hadoop.hdds.utils.SignalLogger.register(SignalLogger.java:82)
	at org.apache.hadoop.hdds.utils.HddsServerUtil.startupShutdownMessage(HddsServerUtil.java:689)
	at org.apache.hadoop.ozone.recon.ReconServer.call(ReconServer.java:105)
	at org.apache.hadoop.ozone.recon.ReconServer.call(ReconServer.java:73)
	at picocli.CommandLine.executeUserObject(CommandLine.java:2031)
	at picocli.CommandLine.access$1500(CommandLine.java:148)
	at picocli.CommandLine$RunLast.executeUserObjectOfLastSubcommandWithSameParent(CommandLine.java:2469)
	at picocli.CommandLine$RunLast.handle(CommandLine.java:2461)
	at picocli.CommandLine$RunLast.handle(CommandLine.java:2423)
	at picocli.CommandLine$AbstractParseResultHandler.execute(CommandLine.java:2277)
	at picocli.CommandLine$RunLast.execute(CommandLine.java:2425)
	at picocli.CommandLine.execute(CommandLine.java:2174)
	at org.apache.hadoop.hdds.cli.GenericCli.execute(GenericCli.java:89)
	at org.apache.hadoop.ozone.MiniOzoneClusterImpl.startRecon(MiniOzoneClusterImpl.java:447)
	at org.apache.hadoop.ozone.recon.TestReconScmSnapshot.testSnapshot(TestReconScmSnapshot.java:96)
	at org.apache.hadoop.ozone.recon.TestReconScmSnapshot.testScmSnapshot(TestReconScmSnapshot.java:68)
	at java.base/jdk.internal.reflect.DirectMethodHandleAccessor.invoke(DirectMethodHandleAccessor.java:103)
	at java.base/java.lang.reflect.Method.invoke(Method.java:580)
	at org.junit.platform.commons.util.ReflectionUtils.invokeMethod(ReflectionUtils.java:775)
	at org.junit.platform.commons.support.ReflectionSupport.invokeMethod(ReflectionSupport.java:479)
	at org.junit.jupiter.engine.execution.MethodInvocation.proceed(MethodInvocation.java:60)
	at org.junit.jupiter.engine.execution.InvocationInterceptorChain$ValidatingInvocation.proceed(InvocationInterceptorChain.java:131)
	at org.junit.jupiter.engine.extension.SameThreadTimeoutInvocation.proceed(SameThreadTimeoutInvocation.java:49)
	at org.junit.jupiter.engine.extension.TimeoutExtension.intercept(TimeoutExtension.java:161)
	at org.junit.jupiter.engine.extension.TimeoutExtension.interceptTestableMethod(TimeoutExtension.java:152)
	at org.junit.jupiter.engine.extension.TimeoutExtension.interceptTestMethod(TimeoutExtension.java:91)
	at org.junit.jupiter.engine.execution.InterceptingExecutableInvoker$ReflectiveInterceptorCall.lambda$ofVoidMethod$0(InterceptingExecutableInvoker.java:112)
	at org.junit.jupiter.engine.execution.InterceptingExecutableInvoker.lambda$invoke$0(InterceptingExecutableInvoker.java:94)
	at org.junit.jupiter.engine.execution.InvocationInterceptorChain$InterceptedInvocation.proceed(InvocationInterceptorChain.java:106)
	at org.junit.jupiter.engine.execution.InvocationInterceptorChain.proceed(InvocationInterceptorChain.java:64)
	at org.junit.jupiter.engine.execution.InvocationInterceptorChain.chainAndInvoke(InvocationInterceptorChain.java:45)
	at org.junit.jupiter.engine.execution.InvocationInterceptorChain.invoke(InvocationInterceptorChain.java:37)
	at org.junit.jupiter.engine.execution.InterceptingExecutableInvoker.invoke(InterceptingExecutableInvoker.java:93)
	at org.junit.jupiter.engine.execution.InterceptingExecutableInvoker.invoke(InterceptingExecutableInvoker.java:87)
	at org.junit.jupiter.engine.descriptor.TestMethodTestDescriptor.lambda$invokeTestMethod$7(TestMethodTestDescriptor.java:216)
	at org.junit.platform.engine.support.hierarchical.ThrowableCollector.execute(ThrowableCollector.java:73)
	at org.junit.jupiter.engine.descriptor.TestMethodTestDescriptor.invokeTestMethod(TestMethodTestDescriptor.java:212)
	at org.junit.jupiter.engine.descriptor.TestMethodTestDescriptor.execute(TestMethodTestDescriptor.java:137)
	at org.junit.jupiter.engine.descriptor.TestMethodTestDescriptor.execute(TestMethodTestDescriptor.java:69)
	at org.junit.platform.engine.support.hierarchical.NodeTestTask.lambda$executeRecursively$6(NodeTestTask.java:156)
	at org.junit.platform.engine.support.hierarchical.ThrowableCollector.execute(ThrowableCollector.java:73)
	at org.junit.platform.engine.support.hierarchical.NodeTestTask.lambda$executeRecursively$8(NodeTestTask.java:146)
	at org.junit.platform.engine.support.hierarchical.Node.around(Node.java:137)
	at org.junit.platform.engine.support.hierarchical.NodeTestTask.lambda$executeRecursively$9(NodeTestTask.java:144)
	at org.junit.platform.engine.support.hierarchical.ThrowableCollector.execute(ThrowableCollector.java:73)
	at org.junit.platform.engine.support.hierarchical.NodeTestTask.executeRecursively(NodeTestTask.java:143)
	at org.junit.platform.engine.support.hierarchical.NodeTestTask.execute(NodeTestTask.java:100)
	at java.base/java.util.ArrayList.forEach(ArrayList.java:1596)
	at org.junit.platform.engine.support.hierarchical.SameThreadHierarchicalTestExecutorService.invokeAll(SameThreadHierarchicalTestExecutorService.java:41)
	at org.junit.platform.engine.support.hierarchical.NodeTestTask.lambda$executeRecursively$6(NodeTestTask.java:160)
	at org.junit.platform.engine.support.hierarchical.ThrowableCollector.execute(ThrowableCollector.java:73)
	at org.junit.platform.engine.support.hierarchical.NodeTestTask.lambda$executeRecursively$8(NodeTestTask.java:146)
	at org.junit.platform.engine.support.hierarchical.Node.around(Node.java:137)
	at org.junit.platform.engine.support.hierarchical.NodeTestTask.lambda$executeRecursively$9(NodeTestTask.java:144)
	at org.junit.platform.engine.support.hierarchical.ThrowableCollector.execute(ThrowableCollector.java:73)
	at org.junit.platform.engine.support.hierarchical.NodeTestTask.executeRecursively(NodeTestTask.java:143)
	at org.junit.platform.engine.support.hierarchical.NodeTestTask.execute(NodeTestTask.java:100)
	at java.base/java.util.ArrayList.forEach(ArrayList.java:1596)
	at org.junit.platform.engine.support.hierarchical.SameThreadHierarchicalTestExecutorService.invokeAll(SameThreadHierarchicalTestExecutorService.java:41)
	at org.junit.platform.engine.support.hierarchical.NodeTestTask.lambda$executeRecursively$6(NodeTestTask.java:160)
	at org.junit.platform.engine.support.hierarchical.ThrowableCollector.execute(ThrowableCollector.java:73)
	at org.junit.platform.engine.support.hierarchical.NodeTestTask.lambda$executeRecursively$8(NodeTestTask.java:146)
	at org.junit.platform.engine.support.hierarchical.Node.around(Node.java:137)
	at org.junit.platform.engine.support.hierarchical.NodeTestTask.lambda$executeRecursively$9(NodeTestTask.java:144)
	at org.junit.platform.engine.support.hierarchical.ThrowableCollector.execute(ThrowableCollector.java:73)
	at org.junit.platform.engine.support.hierarchical.NodeTestTask.executeRecursively(NodeTestTask.java:143)
	at org.junit.platform.engine.support.hierarchical.NodeTestTask.execute(NodeTestTask.java:100)
	at org.junit.platform.engine.support.hierarchical.SameThreadHierarchicalTestExecutorService.submit(SameThreadHierarchicalTestExecutorService.java:35)
	at org.junit.platform.engine.support.hierarchical.HierarchicalTestExecutor.execute(HierarchicalTestExecutor.java:57)
	at org.junit.platform.engine.support.hierarchical.HierarchicalTestEngine.execute(HierarchicalTestEngine.java:54)
	at org.junit.platform.launcher.core.EngineExecutionOrchestrator.execute(EngineExecutionOrchestrator.java:201)
	at org.junit.platform.launcher.core.EngineExecutionOrchestrator.execute(EngineExecutionOrchestrator.java:170)
	at org.junit.platform.launcher.core.EngineExecutionOrchestrator.execute(EngineExecutionOrchestrator.java:94)
	at org.junit.platform.launcher.core.EngineExecutionOrchestrator.lambda$execute$0(EngineExecutionOrchestrator.java:59)
	at org.junit.platform.launcher.core.EngineExecutionOrchestrator.withInterceptedStreams(EngineExecutionOrchestrator.java:142)
	at org.junit.platform.launcher.core.EngineExecutionOrchestrator.execute(EngineExecutionOrchestrator.java:58)
	at org.junit.platform.launcher.core.DefaultLauncher.execute(DefaultLauncher.java:103)
	at org.junit.platform.launcher.core.DefaultLauncher.execute(DefaultLauncher.java:85)
	at org.junit.platform.launcher.core.DelegatingLauncher.execute(DelegatingLauncher.java:47)
	at org.junit.platform.launcher.core.InterceptingLauncher.lambda$execute$1(InterceptingLauncher.java:39)
	at org.junit.platform.launcher.core.ClasspathAlignmentCheckingLauncherInterceptor.intercept(ClasspathAlignmentCheckingLauncherInterceptor.java:25)
	at org.junit.platform.launcher.core.InterceptingLauncher.execute(InterceptingLauncher.java:38)
	at org.junit.platform.launcher.core.DelegatingLauncher.execute(DelegatingLauncher.java:47)
	at org.apache.maven.surefire.junitplatform.LazyLauncher.execute(LazyLauncher.java:56)
	at org.apache.maven.surefire.junitplatform.JUnitPlatformProvider.execute(JUnitPlatformProvider.java:184)
	at org.apache.maven.surefire.junitplatform.JUnitPlatformProvider.invokeAllTests(JUnitPlatformProvider.java:148)
	at org.apache.maven.surefire.junitplatform.JUnitPlatformProvider.invoke(JUnitPlatformProvider.java:120)
	at org.apache.maven.surefire.booter.ForkedBooter.runSuitesInProcess(ForkedBooter.java:385)
	at org.apache.maven.surefire.booter.ForkedBooter.execute(ForkedBooter.java:162)
	at org.apache.maven.surefire.booter.ForkedBooter.run(ForkedBooter.java:507)
	at org.apache.maven.surefire.booter.ForkedBooter.main(ForkedBooter.java:495)
2025-05-12 14:03:25,711 [main] INFO  reflections.Reflections (Reflections.java:scan(219)) - Reflections took 10 ms to scan 1 urls, producing 21 keys and 84 values
2025-05-12 14:03:25,720 [cfefa488-19eb-42ef-a91e-ee6d690e2562@group-E2372747EBFE-FollowerState] INFO  impl.FollowerState (FollowerState.java:runImpl(161)) - cfefa488-19eb-42ef-a91e-ee6d690e2562@group-E2372747EBFE-FollowerState: change to CANDIDATE, lastRpcElapsedTime:1036814626ns, electionTimeout:1035ms
2025-05-12 14:03:25,720 [cfefa488-19eb-42ef-a91e-ee6d690e2562@group-E2372747EBFE-FollowerState] INFO  impl.RoleInfo (RoleInfo.java:shutdownFollowerState(121)) - cfefa488-19eb-42ef-a91e-ee6d690e2562: shutdown cfefa488-19eb-42ef-a91e-ee6d690e2562@group-E2372747EBFE-FollowerState
2025-05-12 14:03:25,720 [cfefa488-19eb-42ef-a91e-ee6d690e2562@group-E2372747EBFE-FollowerState] INFO  server.RaftServer$Division (RaftServerImpl.java:setRole(378)) - cfefa488-19eb-42ef-a91e-ee6d690e2562@group-E2372747EBFE: changes role from  FOLLOWER to CANDIDATE at term 0 for changeToCandidate
2025-05-12 14:03:25,720 [cfefa488-19eb-42ef-a91e-ee6d690e2562@group-E2372747EBFE-FollowerState] INFO  server.RaftServerConfigKeys (ConfUtils.java:logGet(46)) - raft.server.leaderelection.pre-vote = true (default)
2025-05-12 14:03:25,720 [cfefa488-19eb-42ef-a91e-ee6d690e2562@group-E2372747EBFE-FollowerState] INFO  impl.RoleInfo (RoleInfo.java:updateAndGet(148)) - cfefa488-19eb-42ef-a91e-ee6d690e2562: start cfefa488-19eb-42ef-a91e-ee6d690e2562@group-E2372747EBFE-LeaderElection7
2025-05-12 14:03:25,724 [cfefa488-19eb-42ef-a91e-ee6d690e2562@group-E2372747EBFE-LeaderElection7] INFO  impl.LeaderElection (LeaderElection.java:askForVotes(332)) - cfefa488-19eb-42ef-a91e-ee6d690e2562@group-E2372747EBFE-LeaderElection7 PRE_VOTE round 0: submit vote requests at term 0 for conf: {index: -1, cur=peers:[16988a43-54c6-4d79-b4f6-1d89459795e1|127.0.0.1:15033, a2b8b82a-e2f6-4a14-97b3-6459b5b9a67e|127.0.0.1:15025, cfefa488-19eb-42ef-a91e-ee6d690e2562|127.0.0.1:15017]|listeners:[], old=null}
2025-05-12 14:03:25,729 [cfefa488-19eb-42ef-a91e-ee6d690e2562@group-E2372747EBFE-LeaderElection7] INFO  server.RaftServerConfigKeys (ConfUtils.java:logGet(46)) - raft.server.rpc.first-election.timeout.min = 1000ms (custom)
2025-05-12 14:03:25,729 [cfefa488-19eb-42ef-a91e-ee6d690e2562@group-E2372747EBFE-LeaderElection7] INFO  server.RaftServerConfigKeys (ConfUtils.java:logGet(46)) - raft.server.rpc.first-election.timeout.max = 1200ms (custom)
2025-05-12 14:03:25,731 [main] INFO  recon.ReconServer (ReconServer.java:call(119)) - Initializing Recon server...
2025-05-12 14:03:25,731 [grpc-default-executor-4] INFO  server.RaftServer$Division (RaftServerImpl.java:requestVote(1407)) - 16988a43-54c6-4d79-b4f6-1d89459795e1@group-E2372747EBFE: receive requestVote(PRE_VOTE, cfefa488-19eb-42ef-a91e-ee6d690e2562, group-E2372747EBFE, 0, (t:0, i:0))
2025-05-12 14:03:25,731 [grpc-default-executor-1] INFO  server.RaftServer$Division (RaftServerImpl.java:requestVote(1407)) - a2b8b82a-e2f6-4a14-97b3-6459b5b9a67e@group-E2372747EBFE: receive requestVote(PRE_VOTE, cfefa488-19eb-42ef-a91e-ee6d690e2562, group-E2372747EBFE, 0, (t:0, i:0))
2025-05-12 14:03:25,731 [main] INFO  impl.ReconDBProvider (ReconDBProvider.java:provideReconDB(64)) - Last known Recon DB : /home/runner/work/ozone/ozone/hadoop-ozone/integration-test/target/test-dir/MiniOzoneClusterImpl-93228f78-d735-4ce6-971e-ca8f5c94dbdd/recon/recon-container-key.db_1747058586796
2025-05-12 14:03:25,732 [grpc-default-executor-1] INFO  impl.VoteContext (VoteContext.java:log(49)) - a2b8b82a-e2f6-4a14-97b3-6459b5b9a67e@group-E2372747EBFE-FOLLOWER: reject PRE_VOTE from cfefa488-19eb-42ef-a91e-ee6d690e2562: our priority 1 > candidate's priority 0
2025-05-12 14:03:25,732 [grpc-default-executor-1] INFO  server.RaftServer$Division (RaftServerImpl.java:requestVote(1441)) - a2b8b82a-e2f6-4a14-97b3-6459b5b9a67e@group-E2372747EBFE replies to PRE_VOTE vote request: cfefa488-19eb-42ef-a91e-ee6d690e2562<-a2b8b82a-e2f6-4a14-97b3-6459b5b9a67e#0:FAIL-t0. Peer's state: a2b8b82a-e2f6-4a14-97b3-6459b5b9a67e@group-E2372747EBFE:t0, leader=null, voted=, raftlog=Memoized:a2b8b82a-e2f6-4a14-97b3-6459b5b9a67e@group-E2372747EBFE-SegmentedRaftLog:OPENED:c-1:lastnull, conf=conf: {index: -1, cur=peers:[16988a43-54c6-4d79-b4f6-1d89459795e1|127.0.0.1:15033, a2b8b82a-e2f6-4a14-97b3-6459b5b9a67e|127.0.0.1:15025, cfefa488-19eb-42ef-a91e-ee6d690e2562|127.0.0.1:15017]|listeners:[], old=null}
2025-05-12 14:03:25,734 [grpc-default-executor-4] INFO  impl.VoteContext (VoteContext.java:log(49)) - 16988a43-54c6-4d79-b4f6-1d89459795e1@group-E2372747EBFE-FOLLOWER: accept PRE_VOTE from cfefa488-19eb-42ef-a91e-ee6d690e2562: our priority 0 <= candidate's priority 0
2025-05-12 14:03:25,735 [cfefa488-19eb-42ef-a91e-ee6d690e2562@group-E2372747EBFE-LeaderElection7] INFO  impl.LeaderElection (LeaderElection.java:logAndReturn(90)) - cfefa488-19eb-42ef-a91e-ee6d690e2562@group-E2372747EBFE-LeaderElection7: PRE_VOTE REJECTED received 1 response(s) and 0 exception(s):
2025-05-12 14:03:25,735 [cfefa488-19eb-42ef-a91e-ee6d690e2562@group-E2372747EBFE-LeaderElection7] INFO  impl.LeaderElection (LeaderElection.java:logAndReturn(94)) -   Response 0: cfefa488-19eb-42ef-a91e-ee6d690e2562<-a2b8b82a-e2f6-4a14-97b3-6459b5b9a67e#0:FAIL-t0
2025-05-12 14:03:25,735 [cfefa488-19eb-42ef-a91e-ee6d690e2562@group-E2372747EBFE-LeaderElection7] INFO  impl.LeaderElection (LeaderElection.java:askForVotes(334)) - cfefa488-19eb-42ef-a91e-ee6d690e2562@group-E2372747EBFE-LeaderElection7 PRE_VOTE round 0: result REJECTED
2025-05-12 14:03:25,735 [grpc-default-executor-4] INFO  server.RaftServer$Division (RaftServerImpl.java:requestVote(1441)) - 16988a43-54c6-4d79-b4f6-1d89459795e1@group-E2372747EBFE replies to PRE_VOTE vote request: cfefa488-19eb-42ef-a91e-ee6d690e2562<-16988a43-54c6-4d79-b4f6-1d89459795e1#0:OK-t0. Peer's state: 16988a43-54c6-4d79-b4f6-1d89459795e1@group-E2372747EBFE:t0, leader=null, voted=, raftlog=Memoized:16988a43-54c6-4d79-b4f6-1d89459795e1@group-E2372747EBFE-SegmentedRaftLog:OPENED:c-1:lastnull, conf=conf: {index: -1, cur=peers:[16988a43-54c6-4d79-b4f6-1d89459795e1|127.0.0.1:15033, a2b8b82a-e2f6-4a14-97b3-6459b5b9a67e|127.0.0.1:15025, cfefa488-19eb-42ef-a91e-ee6d690e2562|127.0.0.1:15017]|listeners:[], old=null}
2025-05-12 14:03:25,735 [cfefa488-19eb-42ef-a91e-ee6d690e2562@group-E2372747EBFE-LeaderElection7] INFO  server.RaftServer$Division (RaftServerImpl.java:setRole(378)) - cfefa488-19eb-42ef-a91e-ee6d690e2562@group-E2372747EBFE: changes role from CANDIDATE to FOLLOWER at term 0 for REJECTED
2025-05-12 14:03:25,735 [cfefa488-19eb-42ef-a91e-ee6d690e2562@group-E2372747EBFE-LeaderElection7] INFO  impl.RoleInfo (RoleInfo.java:shutdownLeaderElection(141)) - cfefa488-19eb-42ef-a91e-ee6d690e2562: shutdown cfefa488-19eb-42ef-a91e-ee6d690e2562@group-E2372747EBFE-LeaderElection7
2025-05-12 14:03:25,735 [cfefa488-19eb-42ef-a91e-ee6d690e2562@group-E2372747EBFE-LeaderElection7] INFO  impl.RoleInfo (RoleInfo.java:updateAndGet(148)) - cfefa488-19eb-42ef-a91e-ee6d690e2562: start cfefa488-19eb-42ef-a91e-ee6d690e2562@group-E2372747EBFE-FollowerState
2025-05-12 14:03:25,737 [cfefa488-19eb-42ef-a91e-ee6d690e2562@group-E2372747EBFE-LeaderElection7] INFO  server.RaftServer$Division (RaftServerImpl.java:setFirstElection(562)) - cfefa488-19eb-42ef-a91e-ee6d690e2562@group-E2372747EBFE: set firstElectionSinceStartup to false for REJECTED
2025-05-12 14:03:25,752 [main] INFO  persistence.DefaultDataSourceProvider (DefaultDataSourceProvider.java:get(49)) - JDBC Url for Recon : jdbc:derby:/home/runner/work/ozone/ozone/hadoop-ozone/integration-test/target/test-dir/MiniOzoneClusterImpl-93228f78-d735-4ce6-971e-ca8f5c94dbdd/recon/ozone_recon_derby.db 
2025-05-12 14:03:25,753 [main] INFO  schema.SqlDbUtils (SqlDbUtils.java:createNewDerbyDatabase(83)) - Created derby database at jdbc:derby:/home/runner/work/ozone/ozone/hadoop-ozone/integration-test/target/test-dir/MiniOzoneClusterImpl-93228f78-d735-4ce6-971e-ca8f5c94dbdd/recon/ozone_recon_derby.db.
2025-05-12 14:03:25,754 [main] INFO  impl.ReconContainerMetadataManagerImpl (ReconContainerMetadataManagerImpl.java:initializeTables(142)) - KEY_CONTAINER Table is empty, initializing from CONTAINER_KEY Table ...
2025-05-12 14:03:25,754 [main] INFO  impl.ReconContainerMetadataManagerImpl (ReconContainerMetadataManagerImpl.java:initializeKeyContainerTable(695)) - It took 0.0 seconds to initialized 0 records to KEY_CONTAINER table
2025-05-12 14:03:25,770 [main] INFO  persistence.DefaultDataSourceProvider (DefaultDataSourceProvider.java:get(49)) - JDBC Url for Recon : jdbc:derby:/home/runner/work/ozone/ozone/hadoop-ozone/integration-test/target/test-dir/MiniOzoneClusterImpl-93228f78-d735-4ce6-971e-ca8f5c94dbdd/recon/ozone_recon_derby.db 
2025-05-12 14:03:25,771 [main] INFO  schema.SqlDbUtils (SqlDbUtils.java:createNewDerbyDatabase(83)) - Created derby database at jdbc:derby:/home/runner/work/ozone/ozone/hadoop-ozone/integration-test/target/test-dir/MiniOzoneClusterImpl-93228f78-d735-4ce6-971e-ca8f5c94dbdd/recon/ozone_recon_derby.db.
2025-05-12 14:03:25,771 [main] INFO  recon.ReconServer (ReconServer.java:call(146)) - Creating Recon Schema.
2025-05-12 14:03:25,776 [main] INFO  schema.SqlDbUtils (SqlDbUtils.java:lambda$static$0(61)) - RECON_SCHEMA_VERSION table already exists, skipping creation.
2025-05-12 14:03:25,780 [main] INFO  schema.SqlDbUtils (SqlDbUtils.java:lambda$static$0(61)) - UNHEALTHY_CONTAINERS table already exists, skipping creation.
2025-05-12 14:03:25,783 [main] INFO  schema.SqlDbUtils (SqlDbUtils.java:lambda$static$0(61)) - RECON_TASK_STATUS table already exists, skipping creation.
2025-05-12 14:03:25,787 [main] INFO  schema.SqlDbUtils (SqlDbUtils.java:lambda$static$0(61)) - FILE_COUNT_BY_SIZE table already exists, skipping creation.
2025-05-12 14:03:25,789 [main] INFO  schema.SqlDbUtils (SqlDbUtils.java:lambda$static$0(61)) - CLUSTER_GROWTH_DAILY table already exists, skipping creation.
2025-05-12 14:03:25,792 [main] INFO  schema.SqlDbUtils (SqlDbUtils.java:lambda$static$0(61)) - CONTAINER_COUNT_BY_SIZE table already exists, skipping creation.
2025-05-12 14:03:25,795 [main] INFO  schema.SqlDbUtils (SqlDbUtils.java:lambda$static$0(61)) - GLOBAL_STATS table already exists, skipping creation.
2025-05-12 14:03:25,795 [main] INFO  recon.ReconServer (ReconServer.java:call(150)) - Finalizing Layout Features.
2025-05-12 14:03:25,798 [main] INFO  reflections.Reflections (Reflections.java:scan(219)) - Reflections took 1 ms to scan 1 urls, producing 6 keys and 9 values
2025-05-12 14:03:25,799 [main] INFO  upgrade.ReconLayoutVersionManager (ReconLayoutVersionManager.java:getRegisteredFeatures(133)) - Current MLV: 1. SLV: 1. Checking features for registration...
2025-05-12 14:03:25,799 [main] INFO  recon.ReconServer (ReconServer.java:call(161)) - Recon schema versioning completed.
2025-05-12 14:03:25,800 [main] INFO  http.BaseHttpServer (BaseHttpServer.java:newHttpServer2BuilderForOzone(229)) - Starting Web-server for recon at: http://0.0.0.0:15010
2025-05-12 14:03:25,800 [main] INFO  http.BaseHttpServer (BaseHttpServer.java:<init>(107)) - Hadoop Security Enabled: false Ozone Security Enabled: false Ozone HTTP Security Enabled: false 
2025-05-12 14:03:25,802 [main] WARN  server.AuthenticationFilter (AuthenticationFilter.java:constructSecretProvider(240)) - Unable to initialize FileSignerSecretProvider, falling back to use random secrets. Reason: Could not read signature secret file: /home/runner/hadoop-http-auth-signature-secret
2025-05-12 14:03:25,805 [main] INFO  http.HttpServer2 (HttpServer2.java:addGlobalFilter(1042)) - Added global filter 'safety' (class=org.apache.hadoop.hdds.server.http.HttpServer2$QuotingInputFilter)
2025-05-12 14:03:25,806 [main] INFO  http.HttpServer2 (HttpServer2.java:addFilter(1018)) - Added filter static_user_filter (class=org.apache.hadoop.http.lib.StaticUserWebFilter$StaticUserFilter) to context recon
2025-05-12 14:03:25,806 [main] INFO  http.HttpServer2 (HttpServer2.java:addFilter(1026)) - Added filter static_user_filter (class=org.apache.hadoop.http.lib.StaticUserWebFilter$StaticUserFilter) to context logs
2025-05-12 14:03:25,806 [main] INFO  http.HttpServer2 (HttpServer2.java:addFilter(1026)) - Added filter static_user_filter (class=org.apache.hadoop.http.lib.StaticUserWebFilter$StaticUserFilter) to context static
2025-05-12 14:03:25,807 [main] INFO  http.BaseHttpServer (BaseHttpServer.java:<init>(195)) - HTTP server of recon uses base directory /home/runner/work/ozone/ozone/hadoop-ozone/integration-test/target/test-dir/MiniOzoneClusterImpl-93228f78-d735-4ce6-971e-ca8f5c94dbdd/ozone-meta/webserver
2025-05-12 14:03:25,810 [main] INFO  tasks.ReconTaskControllerImpl (ReconTaskControllerImpl.java:registerTask(82)) - Registered task ContainerKeyMapperTaskFSO with controller.
2025-05-12 14:03:25,810 [main] INFO  tasks.ReconTaskControllerImpl (ReconTaskControllerImpl.java:registerTask(82)) - Registered task ContainerKeyMapperTaskOBS with controller.
2025-05-12 14:03:25,810 [main] INFO  tasks.ReconTaskControllerImpl (ReconTaskControllerImpl.java:registerTask(82)) - Registered task FileSizeCountTaskFSO with controller.
2025-05-12 14:03:25,811 [main] INFO  tasks.ReconTaskControllerImpl (ReconTaskControllerImpl.java:registerTask(82)) - Registered task FileSizeCountTaskOBS with controller.
2025-05-12 14:03:25,811 [main] INFO  tasks.ReconTaskControllerImpl (ReconTaskControllerImpl.java:registerTask(82)) - Registered task OmTableInsightTask with controller.
2025-05-12 14:03:25,811 [main] INFO  tasks.ReconTaskControllerImpl (ReconTaskControllerImpl.java:registerTask(82)) - Registered task NSSummaryTask with controller.
2025-05-12 14:03:25,811 [main] INFO  ozone.OmUtils (OmUtils.java:getOzoneManagerServiceId(723)) - ozone.om.internal.service.id is not defined, falling back to ozone.om.service.ids to find serviceID for OzoneManager if it is HA enabled cluster
2025-05-12 14:03:25,811 [main] INFO  ozone.OmUtils (OmUtils.java:getOzoneManagerServiceId(742)) - No OzoneManager ServiceID configured.
2025-05-12 14:03:25,814 [main] WARN  conf.TimeDurationUtil (TimeDurationUtil.java:getDuration(58)) - No unit for hdds.scmclient.rpc.timeout(60000) assuming MILLISECONDS
2025-05-12 14:03:25,814 [main] WARN  conf.TimeDurationUtil (TimeDurationUtil.java:getDuration(58)) - No unit for hdds.scmclient.max.retry.timeout(6000) assuming MILLISECONDS
2025-05-12 14:03:25,814 [main] INFO  proxy.SCMContainerLocationFailoverProxyProvider (SCMFailoverProxyProviderBase.java:<init>(120)) - Created fail-over proxy for protocol StorageContainerLocationProtocolPB with 1 nodes: [nodeId=scmNodeId,nodeAddress=/0.0.0.0:15000]
2025-05-12 14:03:25,817 [main] INFO  net.NodeSchemaLoader (NodeSchemaLoader.java:loadSchemaFromFile(128)) - Loading schema from [jar:file:/home/runner/work/ozone/ozone/hadoop-hdds/common/target/hdds-common-2.1.0-SNAPSHOT.jar!/network-topology-default.xml]
2025-05-12 14:03:25,817 [main] INFO  net.NodeSchemaLoader (NodeSchemaLoader.java:loadSchema(175)) - Loading network topology layer schema file
2025-05-12 14:03:25,819 [16988a43-54c6-4d79-b4f6-1d89459795e1@group-E2372747EBFE-FollowerState] INFO  server.RaftServerConfigKeys (ConfUtils.java:logGet(46)) - raft.server.rpc.first-election.timeout.min = 1000ms (custom)
2025-05-12 14:03:25,822 [16988a43-54c6-4d79-b4f6-1d89459795e1@group-E2372747EBFE-FollowerState] INFO  server.RaftServerConfigKeys (ConfUtils.java:logGet(46)) - raft.server.rpc.first-election.timeout.max = 1200ms (custom)
2025-05-12 14:03:25,848 [main] INFO  upgrade.AbstractLayoutVersionManager (AbstractLayoutVersionManager.java:init(80)) - Initializing Layout version manager with metadata layout = HBASE_SUPPORT (version = 8), software layout = HBASE_SUPPORT (version = 8)
2025-05-12 14:03:25,848 [main] INFO  ha.SequenceIdGenerator (SequenceIdGenerator.java:<init>(232)) - Init the HA SequenceIdGenerator.
2025-05-12 14:03:25,849 [main] WARN  server.ServerUtils (ServerUtils.java:sanitizeUserArgs(70)) - ozone.scm.dead.node.interval value = 8000 is smaller than min = 12000 based on the key value of ozone.scm.stale.node.interval, reset to the min value 12000.
2025-05-12 14:03:25,849 [main] INFO  node.SCMNodeManager (SCMNodeManager.java:<init>(182)) - Entering startup safe mode.
2025-05-12 14:03:25,851 [main] INFO  net.NetworkTopologyImpl (NetworkTopologyImpl.java:add(133)) - Added a new node: /default-rack/16988a43-54c6-4d79-b4f6-1d89459795e1
2025-05-12 14:03:25,851 [main] INFO  node.SCMNodeManager (SCMNodeManager.java:register(426)) - Registered datanode: 16988a43-54c6-4d79-b4f6-1d89459795e1{ip: 127.0.0.1, host: localhost, ports: [HTTP=15028, CLIENT_RPC=15029, REPLICATION=15035, RATIS=15031, RATIS_ADMIN=15032, RATIS_SERVER=15033, RATIS_DATASTREAM=15034, STANDALONE=15030], networkLocation: /default-rack, certSerialId: null, persistedOpState: null, persistedOpStateExpiryEpochSec: 0}
2025-05-12 14:03:25,851 [main] INFO  recon.ReconContext (ReconContext.java:updateHealthStatus(76)) - Update healthStatus of Recon from true to true.
2025-05-12 14:03:25,852 [main] INFO  net.NetworkTopologyImpl (NetworkTopologyImpl.java:add(133)) - Added a new node: /default-rack/47c4feda-5356-4712-bb09-0016fbee8439
2025-05-12 14:03:25,852 [main] INFO  node.SCMNodeManager (SCMNodeManager.java:register(426)) - Registered datanode: 47c4feda-5356-4712-bb09-0016fbee8439{ip: 127.0.0.1, host: localhost, ports: [HTTP=15036, CLIENT_RPC=15037, REPLICATION=15043, RATIS=15039, RATIS_ADMIN=15040, RATIS_SERVER=15041, RATIS_DATASTREAM=15042, STANDALONE=15038], networkLocation: /default-rack, certSerialId: null, persistedOpState: null, persistedOpStateExpiryEpochSec: 0}
2025-05-12 14:03:25,852 [main] INFO  recon.ReconContext (ReconContext.java:updateHealthStatus(76)) - Update healthStatus of Recon from true to true.
2025-05-12 14:03:25,852 [main] INFO  net.NetworkTopologyImpl (NetworkTopologyImpl.java:add(133)) - Added a new node: /default-rack/a2b8b82a-e2f6-4a14-97b3-6459b5b9a67e
2025-05-12 14:03:25,853 [main] INFO  node.SCMNodeManager (SCMNodeManager.java:register(426)) - Registered datanode: a2b8b82a-e2f6-4a14-97b3-6459b5b9a67e{ip: 127.0.0.1, host: localhost, ports: [HTTP=15020, CLIENT_RPC=15021, REPLICATION=15027, RATIS=15023, RATIS_ADMIN=15024, RATIS_SERVER=15025, RATIS_DATASTREAM=15026, STANDALONE=15022], networkLocation: /default-rack, certSerialId: null, persistedOpState: null, persistedOpStateExpiryEpochSec: 0}
2025-05-12 14:03:25,853 [main] INFO  recon.ReconContext (ReconContext.java:updateHealthStatus(76)) - Update healthStatus of Recon from true to true.
2025-05-12 14:03:25,853 [main] INFO  net.NetworkTopologyImpl (NetworkTopologyImpl.java:add(133)) - Added a new node: /default-rack/cfefa488-19eb-42ef-a91e-ee6d690e2562
2025-05-12 14:03:25,853 [main] INFO  node.SCMNodeManager (SCMNodeManager.java:register(426)) - Registered datanode: cfefa488-19eb-42ef-a91e-ee6d690e2562{ip: 127.0.0.1, host: localhost, ports: [HTTP=15012, CLIENT_RPC=15013, REPLICATION=15019, RATIS=15015, RATIS_ADMIN=15016, RATIS_SERVER=15017, RATIS_DATASTREAM=15018, STANDALONE=15014], networkLocation: /default-rack, certSerialId: null, persistedOpState: null, persistedOpStateExpiryEpochSec: 0}
2025-05-12 14:03:25,853 [main] INFO  recon.ReconContext (ReconContext.java:updateHealthStatus(76)) - Update healthStatus of Recon from true to true.
2025-05-12 14:03:25,853 [main] INFO  scm.ReconNodeManager (ReconNodeManager.java:loadExistingNodes(129)) - Loaded 4 nodes from node DB.
2025-05-12 14:03:25,854 [main] INFO  algorithms.ContainerPlacementPolicyFactory (ContainerPlacementPolicyFactory.java:getPolicyInternal(84)) - Create container placement policy of type org.apache.hadoop.hdds.scm.container.placement.algorithms.SCMContainerPlacementRackAware
2025-05-12 14:03:25,854 [main] INFO  ipc.CallQueueManager (CallQueueManager.java:<init>(93)) - Using callQueue: class java.util.concurrent.LinkedBlockingQueue, queueCapacity: 10000, scheduler: class org.apache.hadoop.ipc.DefaultRpcScheduler, ipcBackoff: false, ipcFailOver: false.
2025-05-12 14:03:25,854 [main] INFO  ipc.Server (Server.java:<init>(1438)) - Listener at 0.0.0.0:15011
2025-05-12 14:03:25,855 [Socket Reader #1 for port 15011] INFO  ipc.Server (Server.java:run(1474)) - Starting Socket Reader #1 for port 15011
2025-05-12 14:03:25,855 [Socket Reader #2 for port 15011] INFO  ipc.Server (Server.java:run(1474)) - Starting Socket Reader #2 for port 15011
2025-05-12 14:03:25,855 [Socket Reader #3 for port 15011] INFO  ipc.Server (Server.java:run(1474)) - Starting Socket Reader #3 for port 15011
2025-05-12 14:03:25,856 [Socket Reader #4 for port 15011] INFO  ipc.Server (Server.java:run(1474)) - Starting Socket Reader #4 for port 15011
2025-05-12 14:03:25,856 [Socket Reader #5 for port 15011] INFO  ipc.Server (Server.java:run(1474)) - Starting Socket Reader #5 for port 15011
2025-05-12 14:03:25,857 [Socket Reader #6 for port 15011] INFO  ipc.Server (Server.java:run(1474)) - Starting Socket Reader #6 for port 15011
2025-05-12 14:03:25,857 [Socket Reader #7 for port 15011] INFO  ipc.Server (Server.java:run(1474)) - Starting Socket Reader #7 for port 15011
2025-05-12 14:03:25,857 [Socket Reader #8 for port 15011] INFO  ipc.Server (Server.java:run(1474)) - Starting Socket Reader #8 for port 15011
2025-05-12 14:03:25,857 [Socket Reader #9 for port 15011] INFO  ipc.Server (Server.java:run(1474)) - Starting Socket Reader #9 for port 15011
2025-05-12 14:03:25,858 [Socket Reader #10 for port 15011] INFO  ipc.Server (Server.java:run(1474)) - Starting Socket Reader #10 for port 15011
2025-05-12 14:03:25,868 [main] INFO  recon.ReconServer (ReconServer.java:call(174)) - Initializing support of Recon Features...
2025-05-12 14:03:25,868 [main] INFO  recon.ReconServer (ReconServer.java:start(238)) - Starting Recon server
2025-05-12 14:03:25,868 [main] INFO  impl.MetricsSystemImpl (MetricsSystemImpl.java:init(158)) - Recon metrics system started (again)
2025-05-12 14:03:25,881 [main] INFO  http.HttpServer2 (HttpServer2.java:bindListener(1242)) - Jetty bound to port 15010
2025-05-12 14:03:25,881 [main] INFO  server.Server (Server.java:doStart(375)) - jetty-9.4.57.v20241219; built: 2025-01-08T21:24:30.412Z; git: df524e6b29271c2e09ba9aea83c18dc9db464a31; jvm 21.0.7+6-LTS
2025-05-12 14:03:25,883 [main] INFO  server.session (DefaultSessionIdManager.java:doStart(334)) - DefaultSessionIdManager workerName=node0
2025-05-12 14:03:25,883 [main] INFO  server.session (DefaultSessionIdManager.java:doStart(339)) - No SessionScavenger set, using defaults
2025-05-12 14:03:25,883 [main] INFO  server.session (HouseKeeper.java:startScavenging(132)) - node0 Scavenging every 600000ms
2025-05-12 14:03:25,884 [main] INFO  handler.ContextHandler (ContextHandler.java:doStart(921)) - Started o.e.j.s.ServletContextHandler@e8b0e73{logs,/logs,file:///home/runner/work/ozone/ozone/hadoop-ozone/integration-test/target/log,AVAILABLE}
2025-05-12 14:03:25,884 [main] INFO  handler.ContextHandler (ContextHandler.java:doStart(921)) - Started o.e.j.s.ServletContextHandler@cc1247a{static,/static,jar:file:/home/runner/work/ozone/ozone/hadoop-ozone/recon/target/ozone-recon-2.1.0-SNAPSHOT.jar!/webapps/static,AVAILABLE}
2025-05-12 14:03:25,918 [a2b8b82a-e2f6-4a14-97b3-6459b5b9a67e@group-E2372747EBFE-FollowerState] INFO  impl.FollowerState (FollowerState.java:runImpl(161)) - a2b8b82a-e2f6-4a14-97b3-6459b5b9a67e@group-E2372747EBFE-FollowerState: change to CANDIDATE, lastRpcElapsedTime:1196964336ns, electionTimeout:1196ms
2025-05-12 14:03:25,918 [a2b8b82a-e2f6-4a14-97b3-6459b5b9a67e@group-E2372747EBFE-FollowerState] INFO  impl.RoleInfo (RoleInfo.java:shutdownFollowerState(121)) - a2b8b82a-e2f6-4a14-97b3-6459b5b9a67e: shutdown a2b8b82a-e2f6-4a14-97b3-6459b5b9a67e@group-E2372747EBFE-FollowerState
2025-05-12 14:03:25,919 [a2b8b82a-e2f6-4a14-97b3-6459b5b9a67e@group-E2372747EBFE-FollowerState] INFO  server.RaftServer$Division (RaftServerImpl.java:setRole(378)) - a2b8b82a-e2f6-4a14-97b3-6459b5b9a67e@group-E2372747EBFE: changes role from  FOLLOWER to CANDIDATE at term 0 for changeToCandidate
2025-05-12 14:03:25,919 [a2b8b82a-e2f6-4a14-97b3-6459b5b9a67e@group-E2372747EBFE-FollowerState] INFO  server.RaftServerConfigKeys (ConfUtils.java:logGet(46)) - raft.server.leaderelection.pre-vote = true (default)
2025-05-12 14:03:25,919 [a2b8b82a-e2f6-4a14-97b3-6459b5b9a67e@group-E2372747EBFE-FollowerState] INFO  impl.RoleInfo (RoleInfo.java:updateAndGet(148)) - a2b8b82a-e2f6-4a14-97b3-6459b5b9a67e: start a2b8b82a-e2f6-4a14-97b3-6459b5b9a67e@group-E2372747EBFE-LeaderElection8
2025-05-12 14:03:25,920 [a2b8b82a-e2f6-4a14-97b3-6459b5b9a67e@group-E2372747EBFE-LeaderElection8] INFO  impl.LeaderElection (LeaderElection.java:askForVotes(332)) - a2b8b82a-e2f6-4a14-97b3-6459b5b9a67e@group-E2372747EBFE-LeaderElection8 PRE_VOTE round 0: submit vote requests at term 0 for conf: {index: -1, cur=peers:[16988a43-54c6-4d79-b4f6-1d89459795e1|127.0.0.1:15033, a2b8b82a-e2f6-4a14-97b3-6459b5b9a67e|127.0.0.1:15025, cfefa488-19eb-42ef-a91e-ee6d690e2562|127.0.0.1:15017]|listeners:[], old=null}
2025-05-12 14:03:25,920 [a2b8b82a-e2f6-4a14-97b3-6459b5b9a67e@group-E2372747EBFE-LeaderElection8-1] INFO  server.GrpcServerProtocolClient (GrpcServerProtocolClient.java:<init>(65)) - Build channel for 16988a43-54c6-4d79-b4f6-1d89459795e1|127.0.0.1:15033
2025-05-12 14:03:25,921 [a2b8b82a-e2f6-4a14-97b3-6459b5b9a67e@group-E2372747EBFE-LeaderElection8-2] INFO  server.GrpcServerProtocolClient (GrpcServerProtocolClient.java:<init>(65)) - Build channel for cfefa488-19eb-42ef-a91e-ee6d690e2562|127.0.0.1:15017
2025-05-12 14:03:25,921 [a2b8b82a-e2f6-4a14-97b3-6459b5b9a67e@group-E2372747EBFE-LeaderElection8] INFO  server.RaftServerConfigKeys (ConfUtils.java:logGet(46)) - raft.server.rpc.first-election.timeout.min = 1000ms (custom)
2025-05-12 14:03:25,921 [a2b8b82a-e2f6-4a14-97b3-6459b5b9a67e@group-E2372747EBFE-LeaderElection8] INFO  server.RaftServerConfigKeys (ConfUtils.java:logGet(46)) - raft.server.rpc.first-election.timeout.max = 1200ms (custom)
2025-05-12 14:03:25,924 [16988a43-54c6-4d79-b4f6-1d89459795e1@group-4A32057C1E42-FollowerState] INFO  impl.FollowerState (FollowerState.java:runImpl(161)) - 16988a43-54c6-4d79-b4f6-1d89459795e1@group-4A32057C1E42-FollowerState: change to CANDIDATE, lastRpcElapsedTime:1157199774ns, electionTimeout:1156ms
2025-05-12 14:03:25,924 [16988a43-54c6-4d79-b4f6-1d89459795e1@group-4A32057C1E42-FollowerState] INFO  impl.RoleInfo (RoleInfo.java:shutdownFollowerState(121)) - 16988a43-54c6-4d79-b4f6-1d89459795e1: shutdown 16988a43-54c6-4d79-b4f6-1d89459795e1@group-4A32057C1E42-FollowerState
2025-05-12 14:03:25,925 [16988a43-54c6-4d79-b4f6-1d89459795e1@group-4A32057C1E42-FollowerState] INFO  server.RaftServer$Division (RaftServerImpl.java:setRole(378)) - 16988a43-54c6-4d79-b4f6-1d89459795e1@group-4A32057C1E42: changes role from  FOLLOWER to CANDIDATE at term 0 for changeToCandidate
2025-05-12 14:03:25,925 [16988a43-54c6-4d79-b4f6-1d89459795e1@group-4A32057C1E42-FollowerState] INFO  server.RaftServerConfigKeys (ConfUtils.java:logGet(46)) - raft.server.leaderelection.pre-vote = true (default)
2025-05-12 14:03:25,926 [16988a43-54c6-4d79-b4f6-1d89459795e1@group-4A32057C1E42-FollowerState] INFO  impl.RoleInfo (RoleInfo.java:updateAndGet(148)) - 16988a43-54c6-4d79-b4f6-1d89459795e1: start 16988a43-54c6-4d79-b4f6-1d89459795e1@group-4A32057C1E42-LeaderElection9
2025-05-12 14:03:25,927 [16988a43-54c6-4d79-b4f6-1d89459795e1@group-4A32057C1E42-LeaderElection9] INFO  impl.LeaderElection (LeaderElection.java:askForVotes(332)) - 16988a43-54c6-4d79-b4f6-1d89459795e1@group-4A32057C1E42-LeaderElection9 PRE_VOTE round 0: submit vote requests at term 0 for conf: {index: -1, cur=peers:[16988a43-54c6-4d79-b4f6-1d89459795e1|127.0.0.1:15033]|listeners:[], old=null}
2025-05-12 14:03:25,927 [16988a43-54c6-4d79-b4f6-1d89459795e1@group-4A32057C1E42-LeaderElection9] INFO  impl.LeaderElection (LeaderElection.java:askForVotes(334)) - 16988a43-54c6-4d79-b4f6-1d89459795e1@group-4A32057C1E42-LeaderElection9 PRE_VOTE round 0: result PASSED (term=0)
2025-05-12 14:03:25,931 [16988a43-54c6-4d79-b4f6-1d89459795e1@group-4A32057C1E42-LeaderElection9] INFO  impl.LeaderElection (LeaderElection.java:askForVotes(332)) - 16988a43-54c6-4d79-b4f6-1d89459795e1@group-4A32057C1E42-LeaderElection9 ELECTION round 0: submit vote requests at term 1 for conf: {index: -1, cur=peers:[16988a43-54c6-4d79-b4f6-1d89459795e1|127.0.0.1:15033]|listeners:[], old=null}
2025-05-12 14:03:25,931 [16988a43-54c6-4d79-b4f6-1d89459795e1@group-4A32057C1E42-LeaderElection9] INFO  impl.LeaderElection (LeaderElection.java:askForVotes(334)) - 16988a43-54c6-4d79-b4f6-1d89459795e1@group-4A32057C1E42-LeaderElection9 ELECTION round 0: result PASSED (term=1)
2025-05-12 14:03:25,931 [16988a43-54c6-4d79-b4f6-1d89459795e1@group-4A32057C1E42-LeaderElection9] INFO  impl.RoleInfo (RoleInfo.java:shutdownLeaderElection(141)) - 16988a43-54c6-4d79-b4f6-1d89459795e1: shutdown 16988a43-54c6-4d79-b4f6-1d89459795e1@group-4A32057C1E42-LeaderElection9
2025-05-12 14:03:25,931 [16988a43-54c6-4d79-b4f6-1d89459795e1@group-4A32057C1E42-LeaderElection9] INFO  server.RaftServer$Division (RaftServerImpl.java:setRole(378)) - 16988a43-54c6-4d79-b4f6-1d89459795e1@group-4A32057C1E42: changes role from CANDIDATE to LEADER at term 1 for changeToLeader
2025-05-12 14:03:25,931 [16988a43-54c6-4d79-b4f6-1d89459795e1@group-4A32057C1E42-LeaderElection9] INFO  server.RaftServerConfigKeys (ConfUtils.java:logGet(46)) - raft.server.staging.catchup.gap = 1000 (default)
2025-05-12 14:03:25,931 [16988a43-54c6-4d79-b4f6-1d89459795e1@group-4A32057C1E42-LeaderElection9] INFO  server.RaftServerConfigKeys (ConfUtils.java:logGet(46)) - raft.server.write.element-limit = 1024 (custom)
2025-05-12 14:03:25,932 [16988a43-54c6-4d79-b4f6-1d89459795e1@group-4A32057C1E42-LeaderElection9] INFO  server.RaftServerConfigKeys (ConfUtils.java:logGet(46)) - raft.server.write.byte-limit = 1024 M (=1073741824) (custom)
2025-05-12 14:03:25,932 [grpc-default-executor-4] INFO  server.RaftServer$Division (RaftServerImpl.java:requestVote(1407)) - 16988a43-54c6-4d79-b4f6-1d89459795e1@group-E2372747EBFE: receive requestVote(PRE_VOTE, a2b8b82a-e2f6-4a14-97b3-6459b5b9a67e, group-E2372747EBFE, 0, (t:0, i:0))
2025-05-12 14:03:25,932 [grpc-default-executor-1] INFO  server.RaftServer$Division (RaftServerImpl.java:requestVote(1407)) - cfefa488-19eb-42ef-a91e-ee6d690e2562@group-E2372747EBFE: receive requestVote(PRE_VOTE, a2b8b82a-e2f6-4a14-97b3-6459b5b9a67e, group-E2372747EBFE, 0, (t:0, i:0))
2025-05-12 14:03:25,932 [grpc-default-executor-4] INFO  impl.VoteContext (VoteContext.java:log(49)) - 16988a43-54c6-4d79-b4f6-1d89459795e1@group-E2372747EBFE-FOLLOWER: accept PRE_VOTE from a2b8b82a-e2f6-4a14-97b3-6459b5b9a67e: our priority 0 <= candidate's priority 1
2025-05-12 14:03:25,932 [grpc-default-executor-4] INFO  server.RaftServer$Division (RaftServerImpl.java:requestVote(1441)) - 16988a43-54c6-4d79-b4f6-1d89459795e1@group-E2372747EBFE replies to PRE_VOTE vote request: a2b8b82a-e2f6-4a14-97b3-6459b5b9a67e<-16988a43-54c6-4d79-b4f6-1d89459795e1#0:OK-t0. Peer's state: 16988a43-54c6-4d79-b4f6-1d89459795e1@group-E2372747EBFE:t0, leader=null, voted=, raftlog=Memoized:16988a43-54c6-4d79-b4f6-1d89459795e1@group-E2372747EBFE-SegmentedRaftLog:OPENED:c-1:lastnull, conf=conf: {index: -1, cur=peers:[16988a43-54c6-4d79-b4f6-1d89459795e1|127.0.0.1:15033, a2b8b82a-e2f6-4a14-97b3-6459b5b9a67e|127.0.0.1:15025, cfefa488-19eb-42ef-a91e-ee6d690e2562|127.0.0.1:15017]|listeners:[], old=null}
2025-05-12 14:03:25,932 [16988a43-54c6-4d79-b4f6-1d89459795e1@group-4A32057C1E42-LeaderElection9] INFO  server.RaftServerConfigKeys (ConfUtils.java:logGet(46)) - raft.server.watch.timeout = 30s (custom)
2025-05-12 14:03:25,932 [16988a43-54c6-4d79-b4f6-1d89459795e1@group-4A32057C1E42-LeaderElection9] INFO  server.RaftServerConfigKeys (ConfUtils.java:logGet(46)) - raft.server.watch.timeout.denomination = 1s (default)
2025-05-12 14:03:25,933 [16988a43-54c6-4d79-b4f6-1d89459795e1@group-4A32057C1E42-LeaderElection9] INFO  server.RaftServerConfigKeys (ConfUtils.java:logGet(46)) - raft.server.watch.element-limit = 65536 (default)
2025-05-12 14:03:25,933 [16988a43-54c6-4d79-b4f6-1d89459795e1@group-4A32057C1E42-LeaderElection9] INFO  server.RaftServerConfigKeys (ConfUtils.java:logGet(46)) - raft.server.read.leader.lease.enabled = false (default)
2025-05-12 14:03:25,933 [16988a43-54c6-4d79-b4f6-1d89459795e1@group-4A32057C1E42-LeaderElection9] INFO  server.RaftServerConfigKeys (ConfUtils.java:logGet(46)) - raft.server.read.leader.lease.timeout.ratio = 0.9 (default)
2025-05-12 14:03:25,933 [16988a43-54c6-4d79-b4f6-1d89459795e1@group-4A32057C1E42-LeaderElection9] INFO  server.RaftServerConfigKeys (ConfUtils.java:logGet(46)) - raft.server.rpc.timeout.min = 5s (custom)
2025-05-12 14:03:25,934 [16988a43-54c6-4d79-b4f6-1d89459795e1@group-4A32057C1E42-LeaderElection9] INFO  server.RaftServerConfigKeys (ConfUtils.java:logGet(46)) - raft.server.log.log-metadata.enabled = true (default)
2025-05-12 14:03:25,934 [16988a43-54c6-4d79-b4f6-1d89459795e1@group-4A32057C1E42-LeaderElection9] INFO  server.RaftServerConfigKeys (ConfUtils.java:logGet(46)) - raft.server.write.element-limit = 1024 (custom)
2025-05-12 14:03:25,934 [16988a43-54c6-4d79-b4f6-1d89459795e1@group-4A32057C1E42-LeaderElection9] INFO  server.RaftServerConfigKeys (ConfUtils.java:logGet(46)) - raft.server.write.follower.gap.ratio.max = -1.0 (default)
2025-05-12 14:03:25,934 [16988a43-54c6-4d79-b4f6-1d89459795e1@group-4A32057C1E42-LeaderElection9] INFO  impl.RoleInfo (RoleInfo.java:updateAndGet(148)) - 16988a43-54c6-4d79-b4f6-1d89459795e1: start 16988a43-54c6-4d79-b4f6-1d89459795e1@group-4A32057C1E42-LeaderStateImpl
2025-05-12 14:03:25,934 [16988a43-54c6-4d79-b4f6-1d89459795e1@group-4A32057C1E42-LeaderElection9] INFO  server.RaftServer$Division (RaftServerImpl.java:setFirstElection(562)) - 16988a43-54c6-4d79-b4f6-1d89459795e1@group-4A32057C1E42: set firstElectionSinceStartup to false for becomeLeader
2025-05-12 14:03:25,934 [16988a43-54c6-4d79-b4f6-1d89459795e1@group-4A32057C1E42-LeaderElection9] INFO  ratis.XceiverServerRatis (XceiverServerRatis.java:handleLeaderChangedNotification(944)) - Leader change notification received for group: group-4A32057C1E42 with new leaderId: 16988a43-54c6-4d79-b4f6-1d89459795e1
2025-05-12 14:03:25,935 [16988a43-54c6-4d79-b4f6-1d89459795e1@group-4A32057C1E42-LeaderElection9] INFO  server.RaftServer$Division (ServerState.java:setLeader(272)) - 16988a43-54c6-4d79-b4f6-1d89459795e1@group-4A32057C1E42: change Leader from null to 16988a43-54c6-4d79-b4f6-1d89459795e1 at term 1 for becomeLeader, leader elected after 1210ms
2025-05-12 14:03:25,935 [16988a43-54c6-4d79-b4f6-1d89459795e1@group-4A32057C1E42-LeaderElection9] INFO  segmented.SegmentedRaftLogWorker (SegmentedRaftLogWorker.java:startLogSegment(438)) - 16988a43-54c6-4d79-b4f6-1d89459795e1@group-4A32057C1E42-SegmentedRaftLogWorker: Starting segment from index:0
2025-05-12 14:03:25,935 [16988a43-54c6-4d79-b4f6-1d89459795e1@group-4A32057C1E42-LeaderElection9] INFO  server.RaftServer$Division (ServerState.java:setRaftConf(386)) - 16988a43-54c6-4d79-b4f6-1d89459795e1@group-4A32057C1E42: set configuration conf: {index: 0, cur=peers:[16988a43-54c6-4d79-b4f6-1d89459795e1|127.0.0.1:15033]|listeners:[], old=null}
2025-05-12 14:03:25,932 [grpc-default-executor-1] INFO  impl.VoteContext (VoteContext.java:log(49)) - cfefa488-19eb-42ef-a91e-ee6d690e2562@group-E2372747EBFE-FOLLOWER: accept PRE_VOTE from a2b8b82a-e2f6-4a14-97b3-6459b5b9a67e: our priority 0 <= candidate's priority 1
2025-05-12 14:03:25,937 [grpc-default-executor-1] INFO  server.RaftServer$Division (RaftServerImpl.java:requestVote(1441)) - cfefa488-19eb-42ef-a91e-ee6d690e2562@group-E2372747EBFE replies to PRE_VOTE vote request: a2b8b82a-e2f6-4a14-97b3-6459b5b9a67e<-cfefa488-19eb-42ef-a91e-ee6d690e2562#0:OK-t0. Peer's state: cfefa488-19eb-42ef-a91e-ee6d690e2562@group-E2372747EBFE:t0, leader=null, voted=, raftlog=Memoized:cfefa488-19eb-42ef-a91e-ee6d690e2562@group-E2372747EBFE-SegmentedRaftLog:OPENED:c-1:lastnull, conf=conf: {index: -1, cur=peers:[16988a43-54c6-4d79-b4f6-1d89459795e1|127.0.0.1:15033, a2b8b82a-e2f6-4a14-97b3-6459b5b9a67e|127.0.0.1:15025, cfefa488-19eb-42ef-a91e-ee6d690e2562|127.0.0.1:15017]|listeners:[], old=null}
2025-05-12 14:03:25,936 [16988a43-54c6-4d79-b4f6-1d89459795e1@group-4A32057C1E42-SegmentedRaftLogWorker] INFO  segmented.BufferedWriteChannel (BufferedWriteChannel.java:open(61)) - open log_inprogress_0 at position 0
2025-05-12 14:03:25,941 [a2b8b82a-e2f6-4a14-97b3-6459b5b9a67e@group-E2372747EBFE-LeaderElection8] INFO  impl.LeaderElection (LeaderElection.java:logAndReturn(90)) - a2b8b82a-e2f6-4a14-97b3-6459b5b9a67e@group-E2372747EBFE-LeaderElection8: PRE_VOTE PASSED received 1 response(s) and 0 exception(s):
2025-05-12 14:03:25,941 [a2b8b82a-e2f6-4a14-97b3-6459b5b9a67e@group-E2372747EBFE-LeaderElection8] INFO  impl.LeaderElection (LeaderElection.java:logAndReturn(94)) -   Response 0: a2b8b82a-e2f6-4a14-97b3-6459b5b9a67e<-16988a43-54c6-4d79-b4f6-1d89459795e1#0:OK-t0
2025-05-12 14:03:25,941 [a2b8b82a-e2f6-4a14-97b3-6459b5b9a67e@group-E2372747EBFE-LeaderElection8] INFO  impl.LeaderElection (LeaderElection.java:askForVotes(334)) - a2b8b82a-e2f6-4a14-97b3-6459b5b9a67e@group-E2372747EBFE-LeaderElection8 PRE_VOTE round 0: result PASSED
2025-05-12 14:03:25,942 [a2b8b82a-e2f6-4a14-97b3-6459b5b9a67e@group-E2372747EBFE-LeaderElection8] INFO  impl.LeaderElection (LeaderElection.java:askForVotes(332)) - a2b8b82a-e2f6-4a14-97b3-6459b5b9a67e@group-E2372747EBFE-LeaderElection8 ELECTION round 0: submit vote requests at term 1 for conf: {index: -1, cur=peers:[16988a43-54c6-4d79-b4f6-1d89459795e1|127.0.0.1:15033, a2b8b82a-e2f6-4a14-97b3-6459b5b9a67e|127.0.0.1:15025, cfefa488-19eb-42ef-a91e-ee6d690e2562|127.0.0.1:15017]|listeners:[], old=null}
2025-05-12 14:03:25,946 [a2b8b82a-e2f6-4a14-97b3-6459b5b9a67e@group-E2372747EBFE-LeaderElection8] INFO  server.RaftServerConfigKeys (ConfUtils.java:logGet(46)) - raft.server.rpc.first-election.timeout.min = 1000ms (custom)
2025-05-12 14:03:25,946 [a2b8b82a-e2f6-4a14-97b3-6459b5b9a67e@group-E2372747EBFE-LeaderElection8] INFO  server.RaftServerConfigKeys (ConfUtils.java:logGet(46)) - raft.server.rpc.first-election.timeout.max = 1200ms (custom)
2025-05-12 14:03:25,949 [grpc-default-executor-4] INFO  server.RaftServer$Division (RaftServerImpl.java:requestVote(1407)) - cfefa488-19eb-42ef-a91e-ee6d690e2562@group-E2372747EBFE: receive requestVote(ELECTION, a2b8b82a-e2f6-4a14-97b3-6459b5b9a67e, group-E2372747EBFE, 1, (t:0, i:0))
2025-05-12 14:03:25,949 [grpc-default-executor-4] INFO  impl.VoteContext (VoteContext.java:log(49)) - cfefa488-19eb-42ef-a91e-ee6d690e2562@group-E2372747EBFE-FOLLOWER: accept ELECTION from a2b8b82a-e2f6-4a14-97b3-6459b5b9a67e: our priority 0 <= candidate's priority 1
2025-05-12 14:03:25,949 [grpc-default-executor-4] INFO  server.RaftServer$Division (RaftServerImpl.java:setRole(378)) - cfefa488-19eb-42ef-a91e-ee6d690e2562@group-E2372747EBFE: changes role from  FOLLOWER to FOLLOWER at term 0 for candidate:a2b8b82a-e2f6-4a14-97b3-6459b5b9a67e
2025-05-12 14:03:25,950 [grpc-default-executor-1] INFO  server.RaftServer$Division (RaftServerImpl.java:requestVote(1407)) - 16988a43-54c6-4d79-b4f6-1d89459795e1@group-E2372747EBFE: receive requestVote(ELECTION, a2b8b82a-e2f6-4a14-97b3-6459b5b9a67e, group-E2372747EBFE, 1, (t:0, i:0))
2025-05-12 14:03:25,950 [grpc-default-executor-1] INFO  impl.VoteContext (VoteContext.java:log(49)) - 16988a43-54c6-4d79-b4f6-1d89459795e1@group-E2372747EBFE-FOLLOWER: accept ELECTION from a2b8b82a-e2f6-4a14-97b3-6459b5b9a67e: our priority 0 <= candidate's priority 1
2025-05-12 14:03:25,950 [grpc-default-executor-1] INFO  server.RaftServer$Division (RaftServerImpl.java:setRole(378)) - 16988a43-54c6-4d79-b4f6-1d89459795e1@group-E2372747EBFE: changes role from  FOLLOWER to FOLLOWER at term 0 for candidate:a2b8b82a-e2f6-4a14-97b3-6459b5b9a67e
2025-05-12 14:03:25,950 [grpc-default-executor-1] INFO  impl.RoleInfo (RoleInfo.java:shutdownFollowerState(121)) - 16988a43-54c6-4d79-b4f6-1d89459795e1: shutdown 16988a43-54c6-4d79-b4f6-1d89459795e1@group-E2372747EBFE-FollowerState
2025-05-12 14:03:25,950 [16988a43-54c6-4d79-b4f6-1d89459795e1@group-E2372747EBFE-FollowerState] INFO  impl.FollowerState (FollowerState.java:runImpl(170)) - 16988a43-54c6-4d79-b4f6-1d89459795e1@group-E2372747EBFE-FollowerState was interrupted
2025-05-12 14:03:25,950 [16988a43-54c6-4d79-b4f6-1d89459795e1@group-4A32057C1E42-SegmentedRaftLogWorker] INFO  segmented.SegmentedRaftLogWorker (SegmentedRaftLogWorker.java:execute(644)) - 16988a43-54c6-4d79-b4f6-1d89459795e1@group-4A32057C1E42-SegmentedRaftLogWorker: created new log segment /home/runner/work/ozone/ozone/hadoop-ozone/integration-test/target/test-dir/MiniOzoneClusterImpl-93228f78-d735-4ce6-971e-ca8f5c94dbdd/ozone-meta/datanode-3/ratis/e388c054-aea5-4447-9ca0-4a32057c1e42/current/log_inprogress_0
2025-05-12 14:03:25,951 [grpc-default-executor-1] INFO  impl.RoleInfo (RoleInfo.java:updateAndGet(148)) - 16988a43-54c6-4d79-b4f6-1d89459795e1: start 16988a43-54c6-4d79-b4f6-1d89459795e1@group-E2372747EBFE-FollowerState
2025-05-12 14:03:25,951 [grpc-default-executor-4] INFO  impl.RoleInfo (RoleInfo.java:shutdownFollowerState(121)) - cfefa488-19eb-42ef-a91e-ee6d690e2562: shutdown cfefa488-19eb-42ef-a91e-ee6d690e2562@group-E2372747EBFE-FollowerState
2025-05-12 14:03:25,952 [grpc-default-executor-4] INFO  impl.RoleInfo (RoleInfo.java:updateAndGet(148)) - cfefa488-19eb-42ef-a91e-ee6d690e2562: start cfefa488-19eb-42ef-a91e-ee6d690e2562@group-E2372747EBFE-FollowerState
2025-05-12 14:03:25,952 [cfefa488-19eb-42ef-a91e-ee6d690e2562@group-E2372747EBFE-FollowerState] INFO  impl.FollowerState (FollowerState.java:runImpl(170)) - cfefa488-19eb-42ef-a91e-ee6d690e2562@group-E2372747EBFE-FollowerState was interrupted
2025-05-12 14:03:25,952 [grpc-default-executor-1] INFO  server.RaftServer$Division (RaftServerImpl.java:setFirstElection(562)) - 16988a43-54c6-4d79-b4f6-1d89459795e1@group-E2372747EBFE: set firstElectionSinceStartup to false for candidate:a2b8b82a-e2f6-4a14-97b3-6459b5b9a67e
2025-05-12 14:03:25,953 [16988a43-54c6-4d79-b4f6-1d89459795e1@group-4A32057C1E42-StateMachineUpdater] INFO  server.RaftServer$Division (LeaderStateImpl.java:checkStartIndex(313)) - Leader 16988a43-54c6-4d79-b4f6-1d89459795e1@group-4A32057C1E42-LeaderStateImpl is ready since appliedIndex == startIndex == 0
2025-05-12 14:03:25,954 [grpc-default-executor-1] INFO  server.RaftServer$Division (RaftServerImpl.java:requestVote(1441)) - 16988a43-54c6-4d79-b4f6-1d89459795e1@group-E2372747EBFE replies to ELECTION vote request: a2b8b82a-e2f6-4a14-97b3-6459b5b9a67e<-16988a43-54c6-4d79-b4f6-1d89459795e1#0:OK-t1. Peer's state: 16988a43-54c6-4d79-b4f6-1d89459795e1@group-E2372747EBFE:t1, leader=null, voted=a2b8b82a-e2f6-4a14-97b3-6459b5b9a67e, raftlog=Memoized:16988a43-54c6-4d79-b4f6-1d89459795e1@group-E2372747EBFE-SegmentedRaftLog:OPENED:c-1:lastnull, conf=conf: {index: -1, cur=peers:[16988a43-54c6-4d79-b4f6-1d89459795e1|127.0.0.1:15033, a2b8b82a-e2f6-4a14-97b3-6459b5b9a67e|127.0.0.1:15025, cfefa488-19eb-42ef-a91e-ee6d690e2562|127.0.0.1:15017]|listeners:[], old=null}
2025-05-12 14:03:25,955 [grpc-default-executor-4] INFO  server.RaftServer$Division (RaftServerImpl.java:requestVote(1441)) - cfefa488-19eb-42ef-a91e-ee6d690e2562@group-E2372747EBFE replies to ELECTION vote request: a2b8b82a-e2f6-4a14-97b3-6459b5b9a67e<-cfefa488-19eb-42ef-a91e-ee6d690e2562#0:OK-t1. Peer's state: cfefa488-19eb-42ef-a91e-ee6d690e2562@group-E2372747EBFE:t1, leader=null, voted=a2b8b82a-e2f6-4a14-97b3-6459b5b9a67e, raftlog=Memoized:cfefa488-19eb-42ef-a91e-ee6d690e2562@group-E2372747EBFE-SegmentedRaftLog:OPENED:c-1:lastnull, conf=conf: {index: -1, cur=peers:[16988a43-54c6-4d79-b4f6-1d89459795e1|127.0.0.1:15033, a2b8b82a-e2f6-4a14-97b3-6459b5b9a67e|127.0.0.1:15025, cfefa488-19eb-42ef-a91e-ee6d690e2562|127.0.0.1:15017]|listeners:[], old=null}
2025-05-12 14:03:25,957 [a2b8b82a-e2f6-4a14-97b3-6459b5b9a67e@group-E2372747EBFE-LeaderElection8] INFO  impl.LeaderElection (LeaderElection.java:logAndReturn(90)) - a2b8b82a-e2f6-4a14-97b3-6459b5b9a67e@group-E2372747EBFE-LeaderElection8: ELECTION PASSED received 1 response(s) and 0 exception(s):
2025-05-12 14:03:25,957 [a2b8b82a-e2f6-4a14-97b3-6459b5b9a67e@group-E2372747EBFE-LeaderElection8] INFO  impl.LeaderElection (LeaderElection.java:logAndReturn(94)) -   Response 0: a2b8b82a-e2f6-4a14-97b3-6459b5b9a67e<-16988a43-54c6-4d79-b4f6-1d89459795e1#0:OK-t1
2025-05-12 14:03:25,957 [a2b8b82a-e2f6-4a14-97b3-6459b5b9a67e@group-E2372747EBFE-LeaderElection8] INFO  impl.LeaderElection (LeaderElection.java:askForVotes(334)) - a2b8b82a-e2f6-4a14-97b3-6459b5b9a67e@group-E2372747EBFE-LeaderElection8 ELECTION round 0: result PASSED
2025-05-12 14:03:25,957 [a2b8b82a-e2f6-4a14-97b3-6459b5b9a67e@group-E2372747EBFE-LeaderElection8] INFO  impl.RoleInfo (RoleInfo.java:shutdownLeaderElection(141)) - a2b8b82a-e2f6-4a14-97b3-6459b5b9a67e: shutdown a2b8b82a-e2f6-4a14-97b3-6459b5b9a67e@group-E2372747EBFE-LeaderElection8
2025-05-12 14:03:25,957 [a2b8b82a-e2f6-4a14-97b3-6459b5b9a67e@group-E2372747EBFE-LeaderElection8] INFO  server.RaftServer$Division (RaftServerImpl.java:setRole(378)) - a2b8b82a-e2f6-4a14-97b3-6459b5b9a67e@group-E2372747EBFE: changes role from CANDIDATE to LEADER at term 1 for changeToLeader
2025-05-12 14:03:25,957 [a2b8b82a-e2f6-4a14-97b3-6459b5b9a67e@group-E2372747EBFE-LeaderElection8] INFO  server.RaftServerConfigKeys (ConfUtils.java:logGet(46)) - raft.server.staging.catchup.gap = 1000 (default)
2025-05-12 14:03:25,958 [a2b8b82a-e2f6-4a14-97b3-6459b5b9a67e@group-E2372747EBFE-LeaderElection8] INFO  server.RaftServerConfigKeys (ConfUtils.java:logGet(46)) - raft.server.write.element-limit = 1024 (custom)
2025-05-12 14:03:25,958 [a2b8b82a-e2f6-4a14-97b3-6459b5b9a67e@group-E2372747EBFE-LeaderElection8] INFO  server.RaftServerConfigKeys (ConfUtils.java:logGet(46)) - raft.server.write.byte-limit = 1024 M (=1073741824) (custom)
2025-05-12 14:03:25,959 [a2b8b82a-e2f6-4a14-97b3-6459b5b9a67e@group-E2372747EBFE-LeaderElection8] INFO  server.RaftServerConfigKeys (ConfUtils.java:logGet(46)) - raft.server.watch.timeout = 30s (custom)
2025-05-12 14:03:25,959 [a2b8b82a-e2f6-4a14-97b3-6459b5b9a67e@group-E2372747EBFE-LeaderElection8] INFO  server.RaftServerConfigKeys (ConfUtils.java:logGet(46)) - raft.server.watch.timeout.denomination = 1s (default)
2025-05-12 14:03:25,959 [a2b8b82a-e2f6-4a14-97b3-6459b5b9a67e@group-E2372747EBFE-LeaderElection8] INFO  server.RaftServerConfigKeys (ConfUtils.java:logGet(46)) - raft.server.watch.element-limit = 65536 (default)
2025-05-12 14:03:25,960 [a2b8b82a-e2f6-4a14-97b3-6459b5b9a67e@group-E2372747EBFE-LeaderElection8] INFO  server.RaftServerConfigKeys (ConfUtils.java:logGet(46)) - raft.server.read.leader.lease.enabled = false (default)
2025-05-12 14:03:25,960 [a2b8b82a-e2f6-4a14-97b3-6459b5b9a67e@group-E2372747EBFE-LeaderElection8] INFO  server.RaftServerConfigKeys (ConfUtils.java:logGet(46)) - raft.server.read.leader.lease.timeout.ratio = 0.9 (default)
2025-05-12 14:03:25,960 [a2b8b82a-e2f6-4a14-97b3-6459b5b9a67e@group-E2372747EBFE-LeaderElection8] INFO  server.RaftServerConfigKeys (ConfUtils.java:logGet(46)) - raft.server.rpc.timeout.min = 5s (custom)
2025-05-12 14:03:25,960 [a2b8b82a-e2f6-4a14-97b3-6459b5b9a67e@group-E2372747EBFE-LeaderElection8] INFO  server.RaftServerConfigKeys (ConfUtils.java:logGet(46)) - raft.server.log.log-metadata.enabled = true (default)
2025-05-12 14:03:25,960 [a2b8b82a-e2f6-4a14-97b3-6459b5b9a67e@group-E2372747EBFE-LeaderElection8] INFO  server.RaftServerConfigKeys (ConfUtils.java:logGet(46)) - raft.server.write.element-limit = 1024 (custom)
2025-05-12 14:03:25,960 [a2b8b82a-e2f6-4a14-97b3-6459b5b9a67e@group-E2372747EBFE-LeaderElection8] INFO  server.RaftServerConfigKeys (ConfUtils.java:logGet(46)) - raft.server.write.follower.gap.ratio.max = -1.0 (default)
2025-05-12 14:03:25,961 [a2b8b82a-e2f6-4a14-97b3-6459b5b9a67e@group-E2372747EBFE-LeaderElection8] INFO  server.RaftServerConfigKeys (ConfUtils.java:logGet(46)) - raft.server.log.appender.snapshot.chunk.size.max = 16MB (=16777216) (default)
2025-05-12 14:03:25,961 [a2b8b82a-e2f6-4a14-97b3-6459b5b9a67e@group-E2372747EBFE-LeaderElection8] INFO  server.RaftServerConfigKeys (ConfUtils.java:logGet(46)) - raft.server.log.appender.buffer.byte-limit = 33554432 (custom)
2025-05-12 14:03:25,961 [a2b8b82a-e2f6-4a14-97b3-6459b5b9a67e@group-E2372747EBFE-LeaderElection8] INFO  server.RaftServerConfigKeys (ConfUtils.java:logGet(46)) - raft.server.log.appender.buffer.element-limit = 1024 (custom)
2025-05-12 14:03:25,962 [a2b8b82a-e2f6-4a14-97b3-6459b5b9a67e@group-E2372747EBFE-LeaderElection8] INFO  server.RaftServerConfigKeys (ConfUtils.java:logGet(46)) - raft.server.log.appender.wait-time.min = 0μs (custom)
2025-05-12 14:03:25,962 [a2b8b82a-e2f6-4a14-97b3-6459b5b9a67e@group-E2372747EBFE-LeaderElection8] INFO  grpc.GrpcConfigKeys (ConfUtils.java:logGet(46)) - raft.grpc.server.leader.outstanding.appends.max = 8 (default)
2025-05-12 14:03:25,962 [a2b8b82a-e2f6-4a14-97b3-6459b5b9a67e@group-E2372747EBFE-LeaderElection8] INFO  server.RaftServerConfigKeys (ConfUtils.java:logGet(46)) - raft.server.rpc.request.timeout = 60s (custom)
2025-05-12 14:03:25,963 [a2b8b82a-e2f6-4a14-97b3-6459b5b9a67e@group-E2372747EBFE-LeaderElection8] INFO  grpc.GrpcConfigKeys (ConfUtils.java:logGet(46)) - raft.grpc.server.install_snapshot.request.element-limit = 8 (default)
2025-05-12 14:03:25,963 [a2b8b82a-e2f6-4a14-97b3-6459b5b9a67e@group-E2372747EBFE-LeaderElection8] INFO  grpc.GrpcConfigKeys (ConfUtils.java:logGet(46)) - raft.grpc.server.install_snapshot.request.timeout = 3000ms (default)
2025-05-12 14:03:25,963 [a2b8b82a-e2f6-4a14-97b3-6459b5b9a67e@group-E2372747EBFE-LeaderElection8] INFO  grpc.GrpcConfigKeys (ConfUtils.java:logGet(46)) - raft.grpc.server.log-message.batch.duration = 5s (default)
2025-05-12 14:03:25,963 [a2b8b82a-e2f6-4a14-97b3-6459b5b9a67e@group-E2372747EBFE-LeaderElection8] INFO  server.RaftServerConfigKeys (ConfUtils.java:logGet(46)) - raft.server.log.appender.install.snapshot.enabled = false (custom)
2025-05-12 14:03:25,963 [a2b8b82a-e2f6-4a14-97b3-6459b5b9a67e@group-E2372747EBFE-LeaderElection8] INFO  grpc.GrpcConfigKeys (ConfUtils.java:logGet(46)) - raft.grpc.server.heartbeat.channel = true (default)
2025-05-12 14:03:25,965 [a2b8b82a-e2f6-4a14-97b3-6459b5b9a67e@group-E2372747EBFE-LeaderElection8] INFO  server.RaftServerConfigKeys (ConfUtils.java:logGet(46)) - raft.server.log.appender.snapshot.chunk.size.max = 16MB (=16777216) (default)
2025-05-12 14:03:25,965 [a2b8b82a-e2f6-4a14-97b3-6459b5b9a67e@group-E2372747EBFE-LeaderElection8] INFO  server.RaftServerConfigKeys (ConfUtils.java:logGet(46)) - raft.server.log.appender.buffer.byte-limit = 33554432 (custom)
2025-05-12 14:03:25,965 [a2b8b82a-e2f6-4a14-97b3-6459b5b9a67e@group-E2372747EBFE-LeaderElection8] INFO  server.RaftServerConfigKeys (ConfUtils.java:logGet(46)) - raft.server.log.appender.buffer.element-limit = 1024 (custom)
2025-05-12 14:03:25,965 [a2b8b82a-e2f6-4a14-97b3-6459b5b9a67e@group-E2372747EBFE-LeaderElection8] INFO  server.RaftServerConfigKeys (ConfUtils.java:logGet(46)) - raft.server.log.appender.wait-time.min = 0μs (custom)
2025-05-12 14:03:25,965 [a2b8b82a-e2f6-4a14-97b3-6459b5b9a67e@group-E2372747EBFE-LeaderElection8] INFO  grpc.GrpcConfigKeys (ConfUtils.java:logGet(46)) - raft.grpc.server.leader.outstanding.appends.max = 8 (default)
2025-05-12 14:03:25,965 [a2b8b82a-e2f6-4a14-97b3-6459b5b9a67e@group-E2372747EBFE-LeaderElection8] INFO  server.RaftServerConfigKeys (ConfUtils.java:logGet(46)) - raft.server.rpc.request.timeout = 60s (custom)
2025-05-12 14:03:25,965 [a2b8b82a-e2f6-4a14-97b3-6459b5b9a67e@group-E2372747EBFE-LeaderElection8] INFO  grpc.GrpcConfigKeys (ConfUtils.java:logGet(46)) - raft.grpc.server.install_snapshot.request.element-limit = 8 (default)
2025-05-12 14:03:25,965 [a2b8b82a-e2f6-4a14-97b3-6459b5b9a67e@group-E2372747EBFE-LeaderElection8] INFO  grpc.GrpcConfigKeys (ConfUtils.java:logGet(46)) - raft.grpc.server.install_snapshot.request.timeout = 3000ms (default)
2025-05-12 14:03:25,965 [a2b8b82a-e2f6-4a14-97b3-6459b5b9a67e@group-E2372747EBFE-LeaderElection8] INFO  grpc.GrpcConfigKeys (ConfUtils.java:logGet(46)) - raft.grpc.server.log-message.batch.duration = 5s (default)
2025-05-12 14:03:25,965 [a2b8b82a-e2f6-4a14-97b3-6459b5b9a67e@group-E2372747EBFE-LeaderElection8] INFO  server.RaftServerConfigKeys (ConfUtils.java:logGet(46)) - raft.server.log.appender.install.snapshot.enabled = false (custom)
2025-05-12 14:03:25,965 [a2b8b82a-e2f6-4a14-97b3-6459b5b9a67e@group-E2372747EBFE-LeaderElection8] INFO  grpc.GrpcConfigKeys (ConfUtils.java:logGet(46)) - raft.grpc.server.heartbeat.channel = true (default)
2025-05-12 14:03:25,966 [a2b8b82a-e2f6-4a14-97b3-6459b5b9a67e@group-E2372747EBFE-LeaderElection8] INFO  impl.RoleInfo (RoleInfo.java:updateAndGet(148)) - a2b8b82a-e2f6-4a14-97b3-6459b5b9a67e: start a2b8b82a-e2f6-4a14-97b3-6459b5b9a67e@group-E2372747EBFE-LeaderStateImpl
2025-05-12 14:03:25,966 [a2b8b82a-e2f6-4a14-97b3-6459b5b9a67e@group-E2372747EBFE-LeaderElection8] INFO  server.RaftServer$Division (RaftServerImpl.java:setFirstElection(562)) - a2b8b82a-e2f6-4a14-97b3-6459b5b9a67e@group-E2372747EBFE: set firstElectionSinceStartup to false for becomeLeader
2025-05-12 14:03:25,966 [a2b8b82a-e2f6-4a14-97b3-6459b5b9a67e@group-E2372747EBFE-LeaderElection8] INFO  ratis.XceiverServerRatis (XceiverServerRatis.java:handleLeaderChangedNotification(944)) - Leader change notification received for group: group-E2372747EBFE with new leaderId: a2b8b82a-e2f6-4a14-97b3-6459b5b9a67e
2025-05-12 14:03:25,966 [a2b8b82a-e2f6-4a14-97b3-6459b5b9a67e@group-E2372747EBFE-LeaderElection8] INFO  server.RaftServer$Division (ServerState.java:setLeader(272)) - a2b8b82a-e2f6-4a14-97b3-6459b5b9a67e@group-E2372747EBFE: change Leader from null to a2b8b82a-e2f6-4a14-97b3-6459b5b9a67e at term 1 for becomeLeader, leader elected after 1281ms
2025-05-12 14:03:25,967 [a2b8b82a-e2f6-4a14-97b3-6459b5b9a67e@group-E2372747EBFE-LeaderElection8] INFO  segmented.SegmentedRaftLogWorker (SegmentedRaftLogWorker.java:startLogSegment(438)) - a2b8b82a-e2f6-4a14-97b3-6459b5b9a67e@group-E2372747EBFE-SegmentedRaftLogWorker: Starting segment from index:0
2025-05-12 14:03:25,968 [a2b8b82a-e2f6-4a14-97b3-6459b5b9a67e@group-E2372747EBFE-SegmentedRaftLogWorker] INFO  segmented.BufferedWriteChannel (BufferedWriteChannel.java:open(61)) - open log_inprogress_0 at position 0
2025-05-12 14:03:25,970 [a2b8b82a-e2f6-4a14-97b3-6459b5b9a67e@group-E2372747EBFE-LeaderElection8] INFO  server.RaftServer$Division (ServerState.java:setRaftConf(386)) - a2b8b82a-e2f6-4a14-97b3-6459b5b9a67e@group-E2372747EBFE: set configuration conf: {index: 0, cur=peers:[16988a43-54c6-4d79-b4f6-1d89459795e1|127.0.0.1:15033, a2b8b82a-e2f6-4a14-97b3-6459b5b9a67e|127.0.0.1:15025, cfefa488-19eb-42ef-a91e-ee6d690e2562|127.0.0.1:15017]|listeners:[], old=null}
2025-05-12 14:03:25,981 [a2b8b82a-e2f6-4a14-97b3-6459b5b9a67e@group-E2372747EBFE-SegmentedRaftLogWorker] INFO  segmented.SegmentedRaftLogWorker (SegmentedRaftLogWorker.java:execute(644)) - a2b8b82a-e2f6-4a14-97b3-6459b5b9a67e@group-E2372747EBFE-SegmentedRaftLogWorker: created new log segment /home/runner/work/ozone/ozone/hadoop-ozone/integration-test/target/test-dir/MiniOzoneClusterImpl-93228f78-d735-4ce6-971e-ca8f5c94dbdd/ozone-meta/datanode-2/ratis/00ca9195-5014-4ace-8f60-e2372747ebfe/current/log_inprogress_0
2025-05-12 14:03:25,982 [EventQueue-PipelineReportForPipelineReportHandler] INFO  pipeline.PipelineReportHandler (PipelineReportHandler.java:processPipelineReport(134)) - Opened pipeline PipelineID=00ca9195-5014-4ace-8f60-e2372747ebfe
2025-05-12 14:03:25,988 [16988a43-54c6-4d79-b4f6-1d89459795e1-server-thread1] INFO  ratis.XceiverServerRatis (XceiverServerRatis.java:handleLeaderChangedNotification(944)) - Leader change notification received for group: group-E2372747EBFE with new leaderId: a2b8b82a-e2f6-4a14-97b3-6459b5b9a67e
2025-05-12 14:03:25,988 [16988a43-54c6-4d79-b4f6-1d89459795e1-server-thread1] INFO  server.RaftServer$Division (ServerState.java:setLeader(272)) - 16988a43-54c6-4d79-b4f6-1d89459795e1@group-E2372747EBFE: change Leader from null to a2b8b82a-e2f6-4a14-97b3-6459b5b9a67e at term 1 for appendEntries, leader elected after 1253ms
2025-05-12 14:03:25,989 [cfefa488-19eb-42ef-a91e-ee6d690e2562-server-thread1] INFO  ratis.XceiverServerRatis (XceiverServerRatis.java:handleLeaderChangedNotification(944)) - Leader change notification received for group: group-E2372747EBFE with new leaderId: a2b8b82a-e2f6-4a14-97b3-6459b5b9a67e
2025-05-12 14:03:25,989 [cfefa488-19eb-42ef-a91e-ee6d690e2562-server-thread1] INFO  server.RaftServer$Division (ServerState.java:setLeader(272)) - cfefa488-19eb-42ef-a91e-ee6d690e2562@group-E2372747EBFE: change Leader from null to a2b8b82a-e2f6-4a14-97b3-6459b5b9a67e at term 1 for appendEntries, leader elected after 1346ms
2025-05-12 14:03:25,990 [cfefa488-19eb-42ef-a91e-ee6d690e2562-server-thread2] INFO  server.RaftServer$Division (ServerState.java:setRaftConf(386)) - cfefa488-19eb-42ef-a91e-ee6d690e2562@group-E2372747EBFE: set configuration conf: {index: 0, cur=peers:[16988a43-54c6-4d79-b4f6-1d89459795e1|127.0.0.1:15033, a2b8b82a-e2f6-4a14-97b3-6459b5b9a67e|127.0.0.1:15025, cfefa488-19eb-42ef-a91e-ee6d690e2562|127.0.0.1:15017]|listeners:[], old=null}
2025-05-12 14:03:25,991 [cfefa488-19eb-42ef-a91e-ee6d690e2562-server-thread2] INFO  segmented.SegmentedRaftLogWorker (SegmentedRaftLogWorker.java:startLogSegment(438)) - cfefa488-19eb-42ef-a91e-ee6d690e2562@group-E2372747EBFE-SegmentedRaftLogWorker: Starting segment from index:0
2025-05-12 14:03:25,991 [16988a43-54c6-4d79-b4f6-1d89459795e1-server-thread3] INFO  server.RaftServer$Division (ServerState.java:setRaftConf(386)) - 16988a43-54c6-4d79-b4f6-1d89459795e1@group-E2372747EBFE: set configuration conf: {index: 0, cur=peers:[16988a43-54c6-4d79-b4f6-1d89459795e1|127.0.0.1:15033, a2b8b82a-e2f6-4a14-97b3-6459b5b9a67e|127.0.0.1:15025, cfefa488-19eb-42ef-a91e-ee6d690e2562|127.0.0.1:15017]|listeners:[], old=null}
2025-05-12 14:03:25,992 [16988a43-54c6-4d79-b4f6-1d89459795e1-server-thread3] INFO  segmented.SegmentedRaftLogWorker (SegmentedRaftLogWorker.java:startLogSegment(438)) - 16988a43-54c6-4d79-b4f6-1d89459795e1@group-E2372747EBFE-SegmentedRaftLogWorker: Starting segment from index:0
2025-05-12 14:03:25,992 [cfefa488-19eb-42ef-a91e-ee6d690e2562@group-E2372747EBFE-SegmentedRaftLogWorker] INFO  segmented.BufferedWriteChannel (BufferedWriteChannel.java:open(61)) - open log_inprogress_0 at position 0
2025-05-12 14:03:25,993 [16988a43-54c6-4d79-b4f6-1d89459795e1@group-E2372747EBFE-SegmentedRaftLogWorker] INFO  segmented.BufferedWriteChannel (BufferedWriteChannel.java:open(61)) - open log_inprogress_0 at position 0
2025-05-12 14:03:26,003 [cfefa488-19eb-42ef-a91e-ee6d690e2562@group-E2372747EBFE-SegmentedRaftLogWorker] INFO  segmented.SegmentedRaftLogWorker (SegmentedRaftLogWorker.java:execute(644)) - cfefa488-19eb-42ef-a91e-ee6d690e2562@group-E2372747EBFE-SegmentedRaftLogWorker: created new log segment /home/runner/work/ozone/ozone/hadoop-ozone/integration-test/target/test-dir/MiniOzoneClusterImpl-93228f78-d735-4ce6-971e-ca8f5c94dbdd/ozone-meta/datanode-1/ratis/00ca9195-5014-4ace-8f60-e2372747ebfe/current/log_inprogress_0
2025-05-12 14:03:26,005 [16988a43-54c6-4d79-b4f6-1d89459795e1@group-E2372747EBFE-SegmentedRaftLogWorker] INFO  segmented.SegmentedRaftLogWorker (SegmentedRaftLogWorker.java:execute(644)) - 16988a43-54c6-4d79-b4f6-1d89459795e1@group-E2372747EBFE-SegmentedRaftLogWorker: created new log segment /home/runner/work/ozone/ozone/hadoop-ozone/integration-test/target/test-dir/MiniOzoneClusterImpl-93228f78-d735-4ce6-971e-ca8f5c94dbdd/ozone-meta/datanode-3/ratis/00ca9195-5014-4ace-8f60-e2372747ebfe/current/log_inprogress_0
2025-05-12 14:03:26,010 [a2b8b82a-e2f6-4a14-97b3-6459b5b9a67e@group-E2372747EBFE-StateMachineUpdater] INFO  server.RaftServer$Division (LeaderStateImpl.java:checkStartIndex(313)) - Leader a2b8b82a-e2f6-4a14-97b3-6459b5b9a67e@group-E2372747EBFE-LeaderStateImpl is ready since appliedIndex == startIndex == 0
2025-05-12 14:03:26,083 [main] INFO  handler.ContextHandler (ContextHandler.java:doStart(921)) - Started o.e.j.w.WebAppContext@10bdcac9{recon,/,file:///home/runner/work/ozone/ozone/hadoop-ozone/integration-test/target/test-dir/MiniOzoneClusterImpl-93228f78-d735-4ce6-971e-ca8f5c94dbdd/ozone-meta/webserver/jetty-0_0_0_0-15010-ozone-recon-2_1_0-SNAPSHOT_jar-_-any-1459396808383459012/webapp/,AVAILABLE}{jar:file:/home/runner/work/ozone/ozone/hadoop-ozone/recon/target/ozone-recon-2.1.0-SNAPSHOT.jar!/webapps/recon}
2025-05-12 14:03:26,084 [main] INFO  server.AbstractConnector (AbstractConnector.java:doStart(333)) - Started ServerConnector@7994663{HTTP/1.1, (http/1.1)}{0.0.0.0:15010}
2025-05-12 14:03:26,085 [main] INFO  server.Server (Server.java:doStart(415)) - Started @30439ms
2025-05-12 14:03:26,085 [main] WARN  impl.MetricsSystemImpl (MetricsSystemImpl.java:register(279)) - Sink prometheus already exists!
2025-05-12 14:03:26,086 [main] INFO  http.BaseHttpServer (BaseHttpServer.java:updateConnectorAddress(359)) - HTTP server of recon listening at http://0.0.0.0:15010
2025-05-12 14:03:26,087 [main] INFO  impl.OzoneManagerServiceProviderImpl (OzoneManagerServiceProviderImpl.java:start(243)) - Starting Ozone Manager Service Provider.
2025-05-12 14:03:26,087 [main] INFO  recovery.ReconOmMetadataManagerImpl (ReconOmMetadataManagerImpl.java:start(77)) - Starting ReconOMMetadataManagerImpl
2025-05-12 14:03:26,088 [main] INFO  tasks.ReconTaskControllerImpl (ReconTaskControllerImpl.java:start(239)) - Starting Recon Task Controller.
2025-05-12 14:03:26,095 [main] INFO  scm.ReconStorageContainerManagerFacade (ReconStorageContainerManagerFacade.java:start(386)) - Recon ScmDatanodeProtocol RPC server is listening at /0.0.0.0:15011
2025-05-12 14:03:26,099 [main] INFO  scm.ReconStorageContainerManagerFacade (ReconStorageContainerManagerFacade.java:initializeSCMDB(503)) - Recon Container Count: 0, SCM Container Count: 10
2025-05-12 14:03:26,103 [main] WARN  conf.TimeDurationUtil (TimeDurationUtil.java:getDuration(58)) - No unit for hdds.scmclient.rpc.timeout(60000) assuming MILLISECONDS
2025-05-12 14:03:26,103 [main] WARN  conf.TimeDurationUtil (TimeDurationUtil.java:getDuration(58)) - No unit for hdds.scmclient.max.retry.timeout(6000) assuming MILLISECONDS
2025-05-12 14:03:26,105 [main] INFO  proxy.SCMSecurityProtocolFailoverProxyProvider (SCMFailoverProxyProviderBase.java:<init>(120)) - Created fail-over proxy for protocol SCMSecurityProtocolPB with 1 nodes: [nodeId=scmNodeId,nodeAddress=/0.0.0.0:9961]
2025-05-12 14:03:26,116 [main] INFO  security.ReconCertificateClient (DefaultCertificateClient.java:updateCertSerialId(1289)) - Certificate serial ID set to null
2025-05-12 14:03:26,123 [47c4feda-5356-4712-bb09-0016fbee8439@group-7F007BD13FF4-FollowerState] INFO  impl.FollowerState (FollowerState.java:runImpl(161)) - 47c4feda-5356-4712-bb09-0016fbee8439@group-7F007BD13FF4-FollowerState: change to CANDIDATE, lastRpcElapsedTime:1141701856ns, electionTimeout:1141ms
2025-05-12 14:03:26,123 [47c4feda-5356-4712-bb09-0016fbee8439@group-7F007BD13FF4-FollowerState] INFO  impl.RoleInfo (RoleInfo.java:shutdownFollowerState(121)) - 47c4feda-5356-4712-bb09-0016fbee8439: shutdown 47c4feda-5356-4712-bb09-0016fbee8439@group-7F007BD13FF4-FollowerState
2025-05-12 14:03:26,123 [47c4feda-5356-4712-bb09-0016fbee8439@group-7F007BD13FF4-FollowerState] INFO  server.RaftServer$Division (RaftServerImpl.java:setRole(378)) - 47c4feda-5356-4712-bb09-0016fbee8439@group-7F007BD13FF4: changes role from  FOLLOWER to CANDIDATE at term 0 for changeToCandidate
2025-05-12 14:03:26,123 [47c4feda-5356-4712-bb09-0016fbee8439@group-7F007BD13FF4-FollowerState] INFO  server.RaftServerConfigKeys (ConfUtils.java:logGet(46)) - raft.server.leaderelection.pre-vote = true (default)
2025-05-12 14:03:26,123 [47c4feda-5356-4712-bb09-0016fbee8439@group-7F007BD13FF4-FollowerState] INFO  impl.RoleInfo (RoleInfo.java:updateAndGet(148)) - 47c4feda-5356-4712-bb09-0016fbee8439: start 47c4feda-5356-4712-bb09-0016fbee8439@group-7F007BD13FF4-LeaderElection10
2025-05-12 14:03:26,124 [47c4feda-5356-4712-bb09-0016fbee8439@group-7F007BD13FF4-LeaderElection10] INFO  impl.LeaderElection (LeaderElection.java:askForVotes(332)) - 47c4feda-5356-4712-bb09-0016fbee8439@group-7F007BD13FF4-LeaderElection10 PRE_VOTE round 0: submit vote requests at term 0 for conf: {index: -1, cur=peers:[47c4feda-5356-4712-bb09-0016fbee8439|127.0.0.1:15041]|listeners:[], old=null}
2025-05-12 14:03:26,124 [47c4feda-5356-4712-bb09-0016fbee8439@group-7F007BD13FF4-LeaderElection10] INFO  impl.LeaderElection (LeaderElection.java:askForVotes(334)) - 47c4feda-5356-4712-bb09-0016fbee8439@group-7F007BD13FF4-LeaderElection10 PRE_VOTE round 0: result PASSED (term=0)
2025-05-12 14:03:26,126 [47c4feda-5356-4712-bb09-0016fbee8439@group-7F007BD13FF4-LeaderElection10] INFO  impl.LeaderElection (LeaderElection.java:askForVotes(332)) - 47c4feda-5356-4712-bb09-0016fbee8439@group-7F007BD13FF4-LeaderElection10 ELECTION round 0: submit vote requests at term 1 for conf: {index: -1, cur=peers:[47c4feda-5356-4712-bb09-0016fbee8439|127.0.0.1:15041]|listeners:[], old=null}
2025-05-12 14:03:26,126 [47c4feda-5356-4712-bb09-0016fbee8439@group-7F007BD13FF4-LeaderElection10] INFO  impl.LeaderElection (LeaderElection.java:askForVotes(334)) - 47c4feda-5356-4712-bb09-0016fbee8439@group-7F007BD13FF4-LeaderElection10 ELECTION round 0: result PASSED (term=1)
2025-05-12 14:03:26,127 [47c4feda-5356-4712-bb09-0016fbee8439@group-7F007BD13FF4-LeaderElection10] INFO  impl.RoleInfo (RoleInfo.java:shutdownLeaderElection(141)) - 47c4feda-5356-4712-bb09-0016fbee8439: shutdown 47c4feda-5356-4712-bb09-0016fbee8439@group-7F007BD13FF4-LeaderElection10
2025-05-12 14:03:26,127 [47c4feda-5356-4712-bb09-0016fbee8439@group-7F007BD13FF4-LeaderElection10] INFO  server.RaftServer$Division (RaftServerImpl.java:setRole(378)) - 47c4feda-5356-4712-bb09-0016fbee8439@group-7F007BD13FF4: changes role from CANDIDATE to LEADER at term 1 for changeToLeader
2025-05-12 14:03:26,128 [47c4feda-5356-4712-bb09-0016fbee8439@group-7F007BD13FF4-LeaderElection10] INFO  server.RaftServerConfigKeys (ConfUtils.java:logGet(46)) - raft.server.staging.catchup.gap = 1000 (default)
2025-05-12 14:03:26,128 [grpc-default-executor-1] ERROR ha.InterSCMGrpcClient (InterSCMGrpcClient.java:onError(153)) - Download of checkpoint /home/runner/work/ozone/ozone/hadoop-ozone/integration-test/target/test-dir/MiniOzoneClusterImpl-93228f78-d735-4ce6-971e-ca8f5c94dbdd/recon/scm.snapshot.db_1747058606099.tar was unsuccessful
org.apache.ratis.thirdparty.io.grpc.StatusRuntimeException: UNAVAILABLE: io exception
	at org.apache.ratis.thirdparty.io.grpc.Status.asRuntimeException(Status.java:537)
	at org.apache.ratis.thirdparty.io.grpc.stub.ClientCalls$StreamObserverToCallListenerAdapter.onClose(ClientCalls.java:481)
	at org.apache.ratis.thirdparty.io.grpc.internal.ClientCallImpl.closeObserver(ClientCallImpl.java:567)
	at org.apache.ratis.thirdparty.io.grpc.internal.ClientCallImpl.access$300(ClientCallImpl.java:71)
	at org.apache.ratis.thirdparty.io.grpc.internal.ClientCallImpl$ClientStreamListenerImpl$1StreamClosed.runInternal(ClientCallImpl.java:735)
	at org.apache.ratis.thirdparty.io.grpc.internal.ClientCallImpl$ClientStreamListenerImpl$1StreamClosed.runInContext(ClientCallImpl.java:716)
	at org.apache.ratis.thirdparty.io.grpc.internal.ContextRunnable.run(ContextRunnable.java:37)
	at org.apache.ratis.thirdparty.io.grpc.internal.SerializingExecutor.run(SerializingExecutor.java:133)
	at java.base/java.util.concurrent.ThreadPoolExecutor.runWorker(ThreadPoolExecutor.java:1144)
	at java.base/java.util.concurrent.ThreadPoolExecutor$Worker.run(ThreadPoolExecutor.java:642)
	at java.base/java.lang.Thread.run(Thread.java:1583)
Caused by: org.apache.ratis.thirdparty.io.netty.channel.AbstractChannel$AnnotatedConnectException: finishConnect(..) failed: Connection refused: /10.1.1.25:15005
Caused by: java.net.ConnectException: finishConnect(..) failed: Connection refused
	at org.apache.ratis.thirdparty.io.netty.channel.unix.Errors.newConnectException0(Errors.java:166)
	at org.apache.ratis.thirdparty.io.netty.channel.unix.Errors.handleConnectErrno(Errors.java:131)
	at org.apache.ratis.thirdparty.io.netty.channel.unix.Socket.finishConnect(Socket.java:359)
	at org.apache.ratis.thirdparty.io.netty.channel.epoll.AbstractEpollChannel$AbstractEpollUnsafe.doFinishConnect(AbstractEpollChannel.java:715)
	at org.apache.ratis.thirdparty.io.netty.channel.epoll.AbstractEpollChannel$AbstractEpollUnsafe.finishConnect(AbstractEpollChannel.java:692)
	at org.apache.ratis.thirdparty.io.netty.channel.epoll.AbstractEpollChannel$AbstractEpollUnsafe.epollOutReady(AbstractEpollChannel.java:567)
	at org.apache.ratis.thirdparty.io.netty.channel.epoll.EpollEventLoop.processReady(EpollEventLoop.java:491)
	at org.apache.ratis.thirdparty.io.netty.channel.epoll.EpollEventLoop.run(EpollEventLoop.java:399)
	at org.apache.ratis.thirdparty.io.netty.util.concurrent.SingleThreadEventExecutor$4.run(SingleThreadEventExecutor.java:997)
	at org.apache.ratis.thirdparty.io.netty.util.internal.ThreadExecutorMap$2.run(ThreadExecutorMap.java:74)
	at org.apache.ratis.thirdparty.io.netty.util.concurrent.FastThreadLocalRunnable.run(FastThreadLocalRunnable.java:30)
	at java.base/java.lang.Thread.run(Thread.java:1583)
2025-05-12 14:03:26,129 [main] ERROR impl.StorageContainerServiceProviderImpl (StorageContainerServiceProviderImpl.java:getSCMDBSnapshot(158)) - Rocks DB checkpoint downloading failed: {}
java.util.concurrent.ExecutionException: org.apache.ratis.thirdparty.io.grpc.StatusRuntimeException: UNAVAILABLE: io exception
	at java.base/java.util.concurrent.CompletableFuture.reportGet(CompletableFuture.java:396)
	at java.base/java.util.concurrent.CompletableFuture.get(CompletableFuture.java:2073)
	at org.apache.hadoop.ozone.recon.spi.impl.StorageContainerServiceProviderImpl.getSCMDBSnapshot(StorageContainerServiceProviderImpl.java:156)
	at org.apache.hadoop.ozone.recon.scm.ReconStorageContainerManagerFacade.updateReconSCMDBWithNewSnapshot(ReconStorageContainerManagerFacade.java:519)
	at org.apache.hadoop.ozone.recon.scm.ReconStorageContainerManagerFacade.initializeSCMDB(ReconStorageContainerManagerFacade.java:505)
	at org.apache.hadoop.ozone.recon.scm.ReconStorageContainerManagerFacade.start(ReconStorageContainerManagerFacade.java:398)
	at org.apache.hadoop.ozone.recon.ReconServer.start(ReconServer.java:252)
	at org.apache.hadoop.ozone.recon.ReconServer.call(ReconServer.java:179)
	at org.apache.hadoop.ozone.recon.ReconServer.call(ReconServer.java:73)
	at picocli.CommandLine.executeUserObject(CommandLine.java:2031)
	at picocli.CommandLine.access$1500(CommandLine.java:148)
	at picocli.CommandLine$RunLast.executeUserObjectOfLastSubcommandWithSameParent(CommandLine.java:2469)
	at picocli.CommandLine$RunLast.handle(CommandLine.java:2461)
	at picocli.CommandLine$RunLast.handle(CommandLine.java:2423)
	at picocli.CommandLine$AbstractParseResultHandler.execute(CommandLine.java:2277)
	at picocli.CommandLine$RunLast.execute(CommandLine.java:2425)
	at picocli.CommandLine.execute(CommandLine.java:2174)
	at org.apache.hadoop.hdds.cli.GenericCli.execute(GenericCli.java:89)
	at org.apache.hadoop.ozone.MiniOzoneClusterImpl.startRecon(MiniOzoneClusterImpl.java:447)
	at org.apache.hadoop.ozone.recon.TestReconScmSnapshot.testSnapshot(TestReconScmSnapshot.java:96)
	at org.apache.hadoop.ozone.recon.TestReconScmSnapshot.testScmSnapshot(TestReconScmSnapshot.java:68)
	at java.base/jdk.internal.reflect.DirectMethodHandleAccessor.invoke(DirectMethodHandleAccessor.java:103)
	at java.base/java.lang.reflect.Method.invoke(Method.java:580)
	at org.junit.platform.commons.util.ReflectionUtils.invokeMethod(ReflectionUtils.java:775)
	at org.junit.platform.commons.support.ReflectionSupport.invokeMethod(ReflectionSupport.java:479)
	at org.junit.jupiter.engine.execution.MethodInvocation.proceed(MethodInvocation.java:60)
	at org.junit.jupiter.engine.execution.InvocationInterceptorChain$ValidatingInvocation.proceed(InvocationInterceptorChain.java:131)
	at org.junit.jupiter.engine.extension.SameThreadTimeoutInvocation.proceed(SameThreadTimeoutInvocation.java:49)
	at org.junit.jupiter.engine.extension.TimeoutExtension.intercept(TimeoutExtension.java:161)
	at org.junit.jupiter.engine.extension.TimeoutExtension.interceptTestableMethod(TimeoutExtension.java:152)
	at org.junit.jupiter.engine.extension.TimeoutExtension.interceptTestMethod(TimeoutExtension.java:91)
	at org.junit.jupiter.engine.execution.InterceptingExecutableInvoker$ReflectiveInterceptorCall.lambda$ofVoidMethod$0(InterceptingExecutableInvoker.java:112)
	at org.junit.jupiter.engine.execution.InterceptingExecutableInvoker.lambda$invoke$0(InterceptingExecutableInvoker.java:94)
	at org.junit.jupiter.engine.execution.InvocationInterceptorChain$InterceptedInvocation.proceed(InvocationInterceptorChain.java:106)
	at org.junit.jupiter.engine.execution.InvocationInterceptorChain.proceed(InvocationInterceptorChain.java:64)
	at org.junit.jupiter.engine.execution.InvocationInterceptorChain.chainAndInvoke(InvocationInterceptorChain.java:45)
	at org.junit.jupiter.engine.execution.InvocationInterceptorChain.invoke(InvocationInterceptorChain.java:37)
	at org.junit.jupiter.engine.execution.InterceptingExecutableInvoker.invoke(InterceptingExecutableInvoker.java:93)
	at org.junit.jupiter.engine.execution.InterceptingExecutableInvoker.invoke(InterceptingExecutableInvoker.java:87)
	at org.junit.jupiter.engine.descriptor.TestMethodTestDescriptor.lambda$invokeTestMethod$7(TestMethodTestDescriptor.java:216)
	at org.junit.platform.engine.support.hierarchical.ThrowableCollector.execute(ThrowableCollector.java:73)
	at org.junit.jupiter.engine.descriptor.TestMethodTestDescriptor.invokeTestMethod(TestMethodTestDescriptor.java:212)
	at org.junit.jupiter.engine.descriptor.TestMethodTestDescriptor.execute(TestMethodTestDescriptor.java:137)
	at org.junit.jupiter.engine.descriptor.TestMethodTestDescriptor.execute(TestMethodTestDescriptor.java:69)
	at org.junit.platform.engine.support.hierarchical.NodeTestTask.lambda$executeRecursively$6(NodeTestTask.java:156)
	at org.junit.platform.engine.support.hierarchical.ThrowableCollector.execute(ThrowableCollector.java:73)
	at org.junit.platform.engine.support.hierarchical.NodeTestTask.lambda$executeRecursively$8(NodeTestTask.java:146)
	at org.junit.platform.engine.support.hierarchical.Node.around(Node.java:137)
	at org.junit.platform.engine.support.hierarchical.NodeTestTask.lambda$executeRecursively$9(NodeTestTask.java:144)
	at org.junit.platform.engine.support.hierarchical.ThrowableCollector.execute(ThrowableCollector.java:73)
	at org.junit.platform.engine.support.hierarchical.NodeTestTask.executeRecursively(NodeTestTask.java:143)
	at org.junit.platform.engine.support.hierarchical.NodeTestTask.execute(NodeTestTask.java:100)
	at java.base/java.util.ArrayList.forEach(ArrayList.java:1596)
	at org.junit.platform.engine.support.hierarchical.SameThreadHierarchicalTestExecutorService.invokeAll(SameThreadHierarchicalTestExecutorService.java:41)
	at org.junit.platform.engine.support.hierarchical.NodeTestTask.lambda$executeRecursively$6(NodeTestTask.java:160)
	at org.junit.platform.engine.support.hierarchical.ThrowableCollector.execute(ThrowableCollector.java:73)
	at org.junit.platform.engine.support.hierarchical.NodeTestTask.lambda$executeRecursively$8(NodeTestTask.java:146)
	at org.junit.platform.engine.support.hierarchical.Node.around(Node.java:137)
	at org.junit.platform.engine.support.hierarchical.NodeTestTask.lambda$executeRecursively$9(NodeTestTask.java:144)
	at org.junit.platform.engine.support.hierarchical.ThrowableCollector.execute(ThrowableCollector.java:73)
	at org.junit.platform.engine.support.hierarchical.NodeTestTask.executeRecursively(NodeTestTask.java:143)
	at org.junit.platform.engine.support.hierarchical.NodeTestTask.execute(NodeTestTask.java:100)
	at java.base/java.util.ArrayList.forEach(ArrayList.java:1596)
	at org.junit.platform.engine.support.hierarchical.SameThreadHierarchicalTestExecutorService.invokeAll(SameThreadHierarchicalTestExecutorService.java:41)
	at org.junit.platform.engine.support.hierarchical.NodeTestTask.lambda$executeRecursively$6(NodeTestTask.java:160)
	at org.junit.platform.engine.support.hierarchical.ThrowableCollector.execute(ThrowableCollector.java:73)
	at org.junit.platform.engine.support.hierarchical.NodeTestTask.lambda$executeRecursively$8(NodeTestTask.java:146)
	at org.junit.platform.engine.support.hierarchical.Node.around(Node.java:137)
	at org.junit.platform.engine.support.hierarchical.NodeTestTask.lambda$executeRecursively$9(NodeTestTask.java:144)
	at org.junit.platform.engine.support.hierarchical.ThrowableCollector.execute(ThrowableCollector.java:73)
	at org.junit.platform.engine.support.hierarchical.NodeTestTask.executeRecursively(NodeTestTask.java:143)
	at org.junit.platform.engine.support.hierarchical.NodeTestTask.execute(NodeTestTask.java:100)
	at org.junit.platform.engine.support.hierarchical.SameThreadHierarchicalTestExecutorService.submit(SameThreadHierarchicalTestExecutorService.java:35)
	at org.junit.platform.engine.support.hierarchical.HierarchicalTestExecutor.execute(HierarchicalTestExecutor.java:57)
	at org.junit.platform.engine.support.hierarchical.HierarchicalTestEngine.execute(HierarchicalTestEngine.java:54)
	at org.junit.platform.launcher.core.EngineExecutionOrchestrator.execute(EngineExecutionOrchestrator.java:201)
	at org.junit.platform.launcher.core.EngineExecutionOrchestrator.execute(EngineExecutionOrchestrator.java:170)
	at org.junit.platform.launcher.core.EngineExecutionOrchestrator.execute(EngineExecutionOrchestrator.java:94)
	at org.junit.platform.launcher.core.EngineExecutionOrchestrator.lambda$execute$0(EngineExecutionOrchestrator.java:59)
	at org.junit.platform.launcher.core.EngineExecutionOrchestrator.withInterceptedStreams(EngineExecutionOrchestrator.java:142)
	at org.junit.platform.launcher.core.EngineExecutionOrchestrator.execute(EngineExecutionOrchestrator.java:58)
	at org.junit.platform.launcher.core.DefaultLauncher.execute(DefaultLauncher.java:103)
	at org.junit.platform.launcher.core.DefaultLauncher.execute(DefaultLauncher.java:85)
	at org.junit.platform.launcher.core.DelegatingLauncher.execute(DelegatingLauncher.java:47)
	at org.junit.platform.launcher.core.InterceptingLauncher.lambda$execute$1(InterceptingLauncher.java:39)
	at org.junit.platform.launcher.core.ClasspathAlignmentCheckingLauncherInterceptor.intercept(ClasspathAlignmentCheckingLauncherInterceptor.java:25)
	at org.junit.platform.launcher.core.InterceptingLauncher.execute(InterceptingLauncher.java:38)
	at org.junit.platform.launcher.core.DelegatingLauncher.execute(DelegatingLauncher.java:47)
	at org.apache.maven.surefire.junitplatform.LazyLauncher.execute(LazyLauncher.java:56)
	at org.apache.maven.surefire.junitplatform.JUnitPlatformProvider.execute(JUnitPlatformProvider.java:184)
	at org.apache.maven.surefire.junitplatform.JUnitPlatformProvider.invokeAllTests(JUnitPlatformProvider.java:148)
	at org.apache.maven.surefire.junitplatform.JUnitPlatformProvider.invoke(JUnitPlatformProvider.java:120)
	at org.apache.maven.surefire.booter.ForkedBooter.runSuitesInProcess(ForkedBooter.java:385)
	at org.apache.maven.surefire.booter.ForkedBooter.execute(ForkedBooter.java:162)
	at org.apache.maven.surefire.booter.ForkedBooter.run(ForkedBooter.java:507)
	at org.apache.maven.surefire.booter.ForkedBooter.main(ForkedBooter.java:495)
Caused by: org.apache.ratis.thirdparty.io.grpc.StatusRuntimeException: UNAVAILABLE: io exception
	at org.apache.ratis.thirdparty.io.grpc.Status.asRuntimeException(Status.java:537)
	at org.apache.ratis.thirdparty.io.grpc.stub.ClientCalls$StreamObserverToCallListenerAdapter.onClose(ClientCalls.java:481)
	at org.apache.ratis.thirdparty.io.grpc.internal.ClientCallImpl.closeObserver(ClientCallImpl.java:567)
	at org.apache.ratis.thirdparty.io.grpc.internal.ClientCallImpl.access$300(ClientCallImpl.java:71)
	at org.apache.ratis.thirdparty.io.grpc.internal.ClientCallImpl$ClientStreamListenerImpl$1StreamClosed.runInternal(ClientCallImpl.java:735)
	at org.apache.ratis.thirdparty.io.grpc.internal.ClientCallImpl$ClientStreamListenerImpl$1StreamClosed.runInContext(ClientCallImpl.java:716)
	at org.apache.ratis.thirdparty.io.grpc.internal.ContextRunnable.run(ContextRunnable.java:37)
	at org.apache.ratis.thirdparty.io.grpc.internal.SerializingExecutor.run(SerializingExecutor.java:133)
	at java.base/java.util.concurrent.ThreadPoolExecutor.runWorker(ThreadPoolExecutor.java:1144)
	at java.base/java.util.concurrent.ThreadPoolExecutor$Worker.run(ThreadPoolExecutor.java:642)
	at java.base/java.lang.Thread.run(Thread.java:1583)
Caused by: org.apache.ratis.thirdparty.io.netty.channel.AbstractChannel$AnnotatedConnectException: finishConnect(..) failed: Connection refused: /10.1.1.25:15005
Caused by: java.net.ConnectException: finishConnect(..) failed: Connection refused
	at org.apache.ratis.thirdparty.io.netty.channel.unix.Errors.newConnectException0(Errors.java:166)
	at org.apache.ratis.thirdparty.io.netty.channel.unix.Errors.handleConnectErrno(Errors.java:131)
	at org.apache.ratis.thirdparty.io.netty.channel.unix.Socket.finishConnect(Socket.java:359)
	at org.apache.ratis.thirdparty.io.netty.channel.epoll.AbstractEpollChannel$AbstractEpollUnsafe.doFinishConnect(AbstractEpollChannel.java:715)
	at org.apache.ratis.thirdparty.io.netty.channel.epoll.AbstractEpollChannel$AbstractEpollUnsafe.finishConnect(AbstractEpollChannel.java:692)
	at org.apache.ratis.thirdparty.io.netty.channel.epoll.AbstractEpollChannel$AbstractEpollUnsafe.epollOutReady(AbstractEpollChannel.java:567)
	at org.apache.ratis.thirdparty.io.netty.channel.epoll.EpollEventLoop.processReady(EpollEventLoop.java:491)
	at org.apache.ratis.thirdparty.io.netty.channel.epoll.EpollEventLoop.run(EpollEventLoop.java:399)
	at org.apache.ratis.thirdparty.io.netty.util.concurrent.SingleThreadEventExecutor$4.run(SingleThreadEventExecutor.java:997)
	at org.apache.ratis.thirdparty.io.netty.util.internal.ThreadExecutorMap$2.run(ThreadExecutorMap.java:74)
	at org.apache.ratis.thirdparty.io.netty.util.concurrent.FastThreadLocalRunnable.run(FastThreadLocalRunnable.java:30)
	at java.base/java.lang.Thread.run(Thread.java:1583)
2025-05-12 14:03:26,130 [main] ERROR impl.StorageContainerServiceProviderImpl (StorageContainerServiceProviderImpl.java:getSCMDBSnapshot(166)) - Unexpected runtime error while downloading SCM Rocks DB snapshot/checkpoint : {}
java.io.IOException: java.util.concurrent.ExecutionException: org.apache.ratis.thirdparty.io.grpc.StatusRuntimeException: UNAVAILABLE: io exception
	at org.apache.hadoop.ozone.recon.spi.impl.StorageContainerServiceProviderImpl.getSCMDBSnapshot(StorageContainerServiceProviderImpl.java:159)
	at org.apache.hadoop.ozone.recon.scm.ReconStorageContainerManagerFacade.updateReconSCMDBWithNewSnapshot(ReconStorageContainerManagerFacade.java:519)
	at org.apache.hadoop.ozone.recon.scm.ReconStorageContainerManagerFacade.initializeSCMDB(ReconStorageContainerManagerFacade.java:505)
	at org.apache.hadoop.ozone.recon.scm.ReconStorageContainerManagerFacade.start(ReconStorageContainerManagerFacade.java:398)
	at org.apache.hadoop.ozone.recon.ReconServer.start(ReconServer.java:252)
	at org.apache.hadoop.ozone.recon.ReconServer.call(ReconServer.java:179)
	at org.apache.hadoop.ozone.recon.ReconServer.call(ReconServer.java:73)
	at picocli.CommandLine.executeUserObject(CommandLine.java:2031)
	at picocli.CommandLine.access$1500(CommandLine.java:148)
	at picocli.CommandLine$RunLast.executeUserObjectOfLastSubcommandWithSameParent(CommandLine.java:2469)
	at picocli.CommandLine$RunLast.handle(CommandLine.java:2461)
	at picocli.CommandLine$RunLast.handle(CommandLine.java:2423)
	at picocli.CommandLine$AbstractParseResultHandler.execute(CommandLine.java:2277)
	at picocli.CommandLine$RunLast.execute(CommandLine.java:2425)
	at picocli.CommandLine.execute(CommandLine.java:2174)
	at org.apache.hadoop.hdds.cli.GenericCli.execute(GenericCli.java:89)
	at org.apache.hadoop.ozone.MiniOzoneClusterImpl.startRecon(MiniOzoneClusterImpl.java:447)
	at org.apache.hadoop.ozone.recon.TestReconScmSnapshot.testSnapshot(TestReconScmSnapshot.java:96)
	at org.apache.hadoop.ozone.recon.TestReconScmSnapshot.testScmSnapshot(TestReconScmSnapshot.java:68)
	at java.base/jdk.internal.reflect.DirectMethodHandleAccessor.invoke(DirectMethodHandleAccessor.java:103)
	at java.base/java.lang.reflect.Method.invoke(Method.java:580)
	at org.junit.platform.commons.util.ReflectionUtils.invokeMethod(ReflectionUtils.java:775)
	at org.junit.platform.commons.support.ReflectionSupport.invokeMethod(ReflectionSupport.java:479)
	at org.junit.jupiter.engine.execution.MethodInvocation.proceed(MethodInvocation.java:60)
	at org.junit.jupiter.engine.execution.InvocationInterceptorChain$ValidatingInvocation.proceed(InvocationInterceptorChain.java:131)
	at org.junit.jupiter.engine.extension.SameThreadTimeoutInvocation.proceed(SameThreadTimeoutInvocation.java:49)
	at org.junit.jupiter.engine.extension.TimeoutExtension.intercept(TimeoutExtension.java:161)
	at org.junit.jupiter.engine.extension.TimeoutExtension.interceptTestableMethod(TimeoutExtension.java:152)
	at org.junit.jupiter.engine.extension.TimeoutExtension.interceptTestMethod(TimeoutExtension.java:91)
	at org.junit.jupiter.engine.execution.InterceptingExecutableInvoker$ReflectiveInterceptorCall.lambda$ofVoidMethod$0(InterceptingExecutableInvoker.java:112)
	at org.junit.jupiter.engine.execution.InterceptingExecutableInvoker.lambda$invoke$0(InterceptingExecutableInvoker.java:94)
	at org.junit.jupiter.engine.execution.InvocationInterceptorChain$InterceptedInvocation.proceed(InvocationInterceptorChain.java:106)
	at org.junit.jupiter.engine.execution.InvocationInterceptorChain.proceed(InvocationInterceptorChain.java:64)
	at org.junit.jupiter.engine.execution.InvocationInterceptorChain.chainAndInvoke(InvocationInterceptorChain.java:45)
	at org.junit.jupiter.engine.execution.InvocationInterceptorChain.invoke(InvocationInterceptorChain.java:37)
	at org.junit.jupiter.engine.execution.InterceptingExecutableInvoker.invoke(InterceptingExecutableInvoker.java:93)
	at org.junit.jupiter.engine.execution.InterceptingExecutableInvoker.invoke(InterceptingExecutableInvoker.java:87)
	at org.junit.jupiter.engine.descriptor.TestMethodTestDescriptor.lambda$invokeTestMethod$7(TestMethodTestDescriptor.java:216)
	at org.junit.platform.engine.support.hierarchical.ThrowableCollector.execute(ThrowableCollector.java:73)
	at org.junit.jupiter.engine.descriptor.TestMethodTestDescriptor.invokeTestMethod(TestMethodTestDescriptor.java:212)
	at org.junit.jupiter.engine.descriptor.TestMethodTestDescriptor.execute(TestMethodTestDescriptor.java:137)
	at org.junit.jupiter.engine.descriptor.TestMethodTestDescriptor.execute(TestMethodTestDescriptor.java:69)
	at org.junit.platform.engine.support.hierarchical.NodeTestTask.lambda$executeRecursively$6(NodeTestTask.java:156)
	at org.junit.platform.engine.support.hierarchical.ThrowableCollector.execute(ThrowableCollector.java:73)
	at org.junit.platform.engine.support.hierarchical.NodeTestTask.lambda$executeRecursively$8(NodeTestTask.java:146)
	at org.junit.platform.engine.support.hierarchical.Node.around(Node.java:137)
	at org.junit.platform.engine.support.hierarchical.NodeTestTask.lambda$executeRecursively$9(NodeTestTask.java:144)
	at org.junit.platform.engine.support.hierarchical.ThrowableCollector.execute(ThrowableCollector.java:73)
	at org.junit.platform.engine.support.hierarchical.NodeTestTask.executeRecursively(NodeTestTask.java:143)
	at org.junit.platform.engine.support.hierarchical.NodeTestTask.execute(NodeTestTask.java:100)
	at java.base/java.util.ArrayList.forEach(ArrayList.java:1596)
	at org.junit.platform.engine.support.hierarchical.SameThreadHierarchicalTestExecutorService.invokeAll(SameThreadHierarchicalTestExecutorService.java:41)
	at org.junit.platform.engine.support.hierarchical.NodeTestTask.lambda$executeRecursively$6(NodeTestTask.java:160)
	at org.junit.platform.engine.support.hierarchical.ThrowableCollector.execute(ThrowableCollector.java:73)
	at org.junit.platform.engine.support.hierarchical.NodeTestTask.lambda$executeRecursively$8(NodeTestTask.java:146)
	at org.junit.platform.engine.support.hierarchical.Node.around(Node.java:137)
	at org.junit.platform.engine.support.hierarchical.NodeTestTask.lambda$executeRecursively$9(NodeTestTask.java:144)
	at org.junit.platform.engine.support.hierarchical.ThrowableCollector.execute(ThrowableCollector.java:73)
	at org.junit.platform.engine.support.hierarchical.NodeTestTask.executeRecursively(NodeTestTask.java:143)
	at org.junit.platform.engine.support.hierarchical.NodeTestTask.execute(NodeTestTask.java:100)
	at java.base/java.util.ArrayList.forEach(ArrayList.java:1596)
	at org.junit.platform.engine.support.hierarchical.SameThreadHierarchicalTestExecutorService.invokeAll(SameThreadHierarchicalTestExecutorService.java:41)
	at org.junit.platform.engine.support.hierarchical.NodeTestTask.lambda$executeRecursively$6(NodeTestTask.java:160)
	at org.junit.platform.engine.support.hierarchical.ThrowableCollector.execute(ThrowableCollector.java:73)
	at org.junit.platform.engine.support.hierarchical.NodeTestTask.lambda$executeRecursively$8(NodeTestTask.java:146)
	at org.junit.platform.engine.support.hierarchical.Node.around(Node.java:137)
	at org.junit.platform.engine.support.hierarchical.NodeTestTask.lambda$executeRecursively$9(NodeTestTask.java:144)
	at org.junit.platform.engine.support.hierarchical.ThrowableCollector.execute(ThrowableCollector.java:73)
	at org.junit.platform.engine.support.hierarchical.NodeTestTask.executeRecursively(NodeTestTask.java:143)
	at org.junit.platform.engine.support.hierarchical.NodeTestTask.execute(NodeTestTask.java:100)
	at org.junit.platform.engine.support.hierarchical.SameThreadHierarchicalTestExecutorService.submit(SameThreadHierarchicalTestExecutorService.java:35)
	at org.junit.platform.engine.support.hierarchical.HierarchicalTestExecutor.execute(HierarchicalTestExecutor.java:57)
	at org.junit.platform.engine.support.hierarchical.HierarchicalTestEngine.execute(HierarchicalTestEngine.java:54)
	at org.junit.platform.launcher.core.EngineExecutionOrchestrator.execute(EngineExecutionOrchestrator.java:201)
	at org.junit.platform.launcher.core.EngineExecutionOrchestrator.execute(EngineExecutionOrchestrator.java:170)
	at org.junit.platform.launcher.core.EngineExecutionOrchestrator.execute(EngineExecutionOrchestrator.java:94)
	at org.junit.platform.launcher.core.EngineExecutionOrchestrator.lambda$execute$0(EngineExecutionOrchestrator.java:59)
	at org.junit.platform.launcher.core.EngineExecutionOrchestrator.withInterceptedStreams(EngineExecutionOrchestrator.java:142)
	at org.junit.platform.launcher.core.EngineExecutionOrchestrator.execute(EngineExecutionOrchestrator.java:58)
	at org.junit.platform.launcher.core.DefaultLauncher.execute(DefaultLauncher.java:103)
	at org.junit.platform.launcher.core.DefaultLauncher.execute(DefaultLauncher.java:85)
	at org.junit.platform.launcher.core.DelegatingLauncher.execute(DelegatingLauncher.java:47)
	at org.junit.platform.launcher.core.InterceptingLauncher.lambda$execute$1(InterceptingLauncher.java:39)
	at org.junit.platform.launcher.core.ClasspathAlignmentCheckingLauncherInterceptor.intercept(ClasspathAlignmentCheckingLauncherInterceptor.java:25)
	at org.junit.platform.launcher.core.InterceptingLauncher.execute(InterceptingLauncher.java:38)
	at org.junit.platform.launcher.core.DelegatingLauncher.execute(DelegatingLauncher.java:47)
	at org.apache.maven.surefire.junitplatform.LazyLauncher.execute(LazyLauncher.java:56)
	at org.apache.maven.surefire.junitplatform.JUnitPlatformProvider.execute(JUnitPlatformProvider.java:184)
	at org.apache.maven.surefire.junitplatform.JUnitPlatformProvider.invokeAllTests(JUnitPlatformProvider.java:148)
	at org.apache.maven.surefire.junitplatform.JUnitPlatformProvider.invoke(JUnitPlatformProvider.java:120)
	at org.apache.maven.surefire.booter.ForkedBooter.runSuitesInProcess(ForkedBooter.java:385)
	at org.apache.maven.surefire.booter.ForkedBooter.execute(ForkedBooter.java:162)
	at org.apache.maven.surefire.booter.ForkedBooter.run(ForkedBooter.java:507)
	at org.apache.maven.surefire.booter.ForkedBooter.main(ForkedBooter.java:495)
Caused by: java.util.concurrent.ExecutionException: org.apache.ratis.thirdparty.io.grpc.StatusRuntimeException: UNAVAILABLE: io exception
	at java.base/java.util.concurrent.CompletableFuture.reportGet(CompletableFuture.java:396)
	at java.base/java.util.concurrent.CompletableFuture.get(CompletableFuture.java:2073)
	at org.apache.hadoop.ozone.recon.spi.impl.StorageContainerServiceProviderImpl.getSCMDBSnapshot(StorageContainerServiceProviderImpl.java:156)
	... 93 more
Caused by: org.apache.ratis.thirdparty.io.grpc.StatusRuntimeException: UNAVAILABLE: io exception
	at org.apache.ratis.thirdparty.io.grpc.Status.asRuntimeException(Status.java:537)
	at org.apache.ratis.thirdparty.io.grpc.stub.ClientCalls$StreamObserverToCallListenerAdapter.onClose(ClientCalls.java:481)
	at org.apache.ratis.thirdparty.io.grpc.internal.ClientCallImpl.closeObserver(ClientCallImpl.java:567)
	at org.apache.ratis.thirdparty.io.grpc.internal.ClientCallImpl.access$300(ClientCallImpl.java:71)
	at org.apache.ratis.thirdparty.io.grpc.internal.ClientCallImpl$ClientStreamListenerImpl$1StreamClosed.runInternal(ClientCallImpl.java:735)
	at org.apache.ratis.thirdparty.io.grpc.internal.ClientCallImpl$ClientStreamListenerImpl$1StreamClosed.runInContext(ClientCallImpl.java:716)
	at org.apache.ratis.thirdparty.io.grpc.internal.ContextRunnable.run(ContextRunnable.java:37)
	at org.apache.ratis.thirdparty.io.grpc.internal.SerializingExecutor.run(SerializingExecutor.java:133)
	at java.base/java.util.concurrent.ThreadPoolExecutor.runWorker(ThreadPoolExecutor.java:1144)
	at java.base/java.util.concurrent.ThreadPoolExecutor$Worker.run(ThreadPoolExecutor.java:642)
	at java.base/java.lang.Thread.run(Thread.java:1583)
Caused by: org.apache.ratis.thirdparty.io.netty.channel.AbstractChannel$AnnotatedConnectException: finishConnect(..) failed: Connection refused: /10.1.1.25:15005
Caused by: java.net.ConnectException: finishConnect(..) failed: Connection refused
	at org.apache.ratis.thirdparty.io.netty.channel.unix.Errors.newConnectException0(Errors.java:166)
	at org.apache.ratis.thirdparty.io.netty.channel.unix.Errors.handleConnectErrno(Errors.java:131)
	at org.apache.ratis.thirdparty.io.netty.channel.unix.Socket.finishConnect(Socket.java:359)
	at org.apache.ratis.thirdparty.io.netty.channel.epoll.AbstractEpollChannel$AbstractEpollUnsafe.doFinishConnect(AbstractEpollChannel.java:715)
	at org.apache.ratis.thirdparty.io.netty.channel.epoll.AbstractEpollChannel$AbstractEpollUnsafe.finishConnect(AbstractEpollChannel.java:692)
	at org.apache.ratis.thirdparty.io.netty.channel.epoll.AbstractEpollChannel$AbstractEpollUnsafe.epollOutReady(AbstractEpollChannel.java:567)
	at org.apache.ratis.thirdparty.io.netty.channel.epoll.EpollEventLoop.processReady(EpollEventLoop.java:491)
	at org.apache.ratis.thirdparty.io.netty.channel.epoll.EpollEventLoop.run(EpollEventLoop.java:399)
	at org.apache.ratis.thirdparty.io.netty.util.concurrent.SingleThreadEventExecutor$4.run(SingleThreadEventExecutor.java:997)
	at org.apache.ratis.thirdparty.io.netty.util.internal.ThreadExecutorMap$2.run(ThreadExecutorMap.java:74)
	at org.apache.ratis.thirdparty.io.netty.util.concurrent.FastThreadLocalRunnable.run(FastThreadLocalRunnable.java:30)
	at java.base/java.lang.Thread.run(Thread.java:1583)
2025-05-12 14:03:26,131 [main] INFO  recon.ReconContext (ReconContext.java:updateHealthStatus(76)) - Update healthStatus of Recon from true to false.
2025-05-12 14:03:26,131 [main] ERROR impl.StorageContainerServiceProviderImpl (StorageContainerServiceProviderImpl.java:getSCMDBSnapshot(173)) - Unable to obtain SCM DB Snapshot: {} 
java.io.IOException: java.util.concurrent.ExecutionException: org.apache.ratis.thirdparty.io.grpc.StatusRuntimeException: UNAVAILABLE: io exception
	at org.apache.hadoop.ozone.recon.spi.impl.StorageContainerServiceProviderImpl.getSCMDBSnapshot(StorageContainerServiceProviderImpl.java:159)
	at org.apache.hadoop.ozone.recon.scm.ReconStorageContainerManagerFacade.updateReconSCMDBWithNewSnapshot(ReconStorageContainerManagerFacade.java:519)
	at org.apache.hadoop.ozone.recon.scm.ReconStorageContainerManagerFacade.initializeSCMDB(ReconStorageContainerManagerFacade.java:505)
	at org.apache.hadoop.ozone.recon.scm.ReconStorageContainerManagerFacade.start(ReconStorageContainerManagerFacade.java:398)
	at org.apache.hadoop.ozone.recon.ReconServer.start(ReconServer.java:252)
	at org.apache.hadoop.ozone.recon.ReconServer.call(ReconServer.java:179)
	at org.apache.hadoop.ozone.recon.ReconServer.call(ReconServer.java:73)
	at picocli.CommandLine.executeUserObject(CommandLine.java:2031)
	at picocli.CommandLine.access$1500(CommandLine.java:148)
	at picocli.CommandLine$RunLast.executeUserObjectOfLastSubcommandWithSameParent(CommandLine.java:2469)
	at picocli.CommandLine$RunLast.handle(CommandLine.java:2461)
	at picocli.CommandLine$RunLast.handle(CommandLine.java:2423)
	at picocli.CommandLine$AbstractParseResultHandler.execute(CommandLine.java:2277)
	at picocli.CommandLine$RunLast.execute(CommandLine.java:2425)
	at picocli.CommandLine.execute(CommandLine.java:2174)
	at org.apache.hadoop.hdds.cli.GenericCli.execute(GenericCli.java:89)
	at org.apache.hadoop.ozone.MiniOzoneClusterImpl.startRecon(MiniOzoneClusterImpl.java:447)
	at org.apache.hadoop.ozone.recon.TestReconScmSnapshot.testSnapshot(TestReconScmSnapshot.java:96)
	at org.apache.hadoop.ozone.recon.TestReconScmSnapshot.testScmSnapshot(TestReconScmSnapshot.java:68)
	at java.base/jdk.internal.reflect.DirectMethodHandleAccessor.invoke(DirectMethodHandleAccessor.java:103)
	at java.base/java.lang.reflect.Method.invoke(Method.java:580)
	at org.junit.platform.commons.util.ReflectionUtils.invokeMethod(ReflectionUtils.java:775)
	at org.junit.platform.commons.support.ReflectionSupport.invokeMethod(ReflectionSupport.java:479)
	at org.junit.jupiter.engine.execution.MethodInvocation.proceed(MethodInvocation.java:60)
	at org.junit.jupiter.engine.execution.InvocationInterceptorChain$ValidatingInvocation.proceed(InvocationInterceptorChain.java:131)
	at org.junit.jupiter.engine.extension.SameThreadTimeoutInvocation.proceed(SameThreadTimeoutInvocation.java:49)
	at org.junit.jupiter.engine.extension.TimeoutExtension.intercept(TimeoutExtension.java:161)
	at org.junit.jupiter.engine.extension.TimeoutExtension.interceptTestableMethod(TimeoutExtension.java:152)
	at org.junit.jupiter.engine.extension.TimeoutExtension.interceptTestMethod(TimeoutExtension.java:91)
	at org.junit.jupiter.engine.execution.InterceptingExecutableInvoker$ReflectiveInterceptorCall.lambda$ofVoidMethod$0(InterceptingExecutableInvoker.java:112)
	at org.junit.jupiter.engine.execution.InterceptingExecutableInvoker.lambda$invoke$0(InterceptingExecutableInvoker.java:94)
	at org.junit.jupiter.engine.execution.InvocationInterceptorChain$InterceptedInvocation.proceed(InvocationInterceptorChain.java:106)
	at org.junit.jupiter.engine.execution.InvocationInterceptorChain.proceed(InvocationInterceptorChain.java:64)
	at org.junit.jupiter.engine.execution.InvocationInterceptorChain.chainAndInvoke(InvocationInterceptorChain.java:45)
	at org.junit.jupiter.engine.execution.InvocationInterceptorChain.invoke(InvocationInterceptorChain.java:37)
	at org.junit.jupiter.engine.execution.InterceptingExecutableInvoker.invoke(InterceptingExecutableInvoker.java:93)
	at org.junit.jupiter.engine.execution.InterceptingExecutableInvoker.invoke(InterceptingExecutableInvoker.java:87)
	at org.junit.jupiter.engine.descriptor.TestMethodTestDescriptor.lambda$invokeTestMethod$7(TestMethodTestDescriptor.java:216)
	at org.junit.platform.engine.support.hierarchical.ThrowableCollector.execute(ThrowableCollector.java:73)
	at org.junit.jupiter.engine.descriptor.TestMethodTestDescriptor.invokeTestMethod(TestMethodTestDescriptor.java:212)
	at org.junit.jupiter.engine.descriptor.TestMethodTestDescriptor.execute(TestMethodTestDescriptor.java:137)
	at org.junit.jupiter.engine.descriptor.TestMethodTestDescriptor.execute(TestMethodTestDescriptor.java:69)
	at org.junit.platform.engine.support.hierarchical.NodeTestTask.lambda$executeRecursively$6(NodeTestTask.java:156)
	at org.junit.platform.engine.support.hierarchical.ThrowableCollector.execute(ThrowableCollector.java:73)
	at org.junit.platform.engine.support.hierarchical.NodeTestTask.lambda$executeRecursively$8(NodeTestTask.java:146)
	at org.junit.platform.engine.support.hierarchical.Node.around(Node.java:137)
	at org.junit.platform.engine.support.hierarchical.NodeTestTask.lambda$executeRecursively$9(NodeTestTask.java:144)
	at org.junit.platform.engine.support.hierarchical.ThrowableCollector.execute(ThrowableCollector.java:73)
	at org.junit.platform.engine.support.hierarchical.NodeTestTask.executeRecursively(NodeTestTask.java:143)
	at org.junit.platform.engine.support.hierarchical.NodeTestTask.execute(NodeTestTask.java:100)
	at java.base/java.util.ArrayList.forEach(ArrayList.java:1596)
	at org.junit.platform.engine.support.hierarchical.SameThreadHierarchicalTestExecutorService.invokeAll(SameThreadHierarchicalTestExecutorService.java:41)
	at org.junit.platform.engine.support.hierarchical.NodeTestTask.lambda$executeRecursively$6(NodeTestTask.java:160)
	at org.junit.platform.engine.support.hierarchical.ThrowableCollector.execute(ThrowableCollector.java:73)
	at org.junit.platform.engine.support.hierarchical.NodeTestTask.lambda$executeRecursively$8(NodeTestTask.java:146)
	at org.junit.platform.engine.support.hierarchical.Node.around(Node.java:137)
	at org.junit.platform.engine.support.hierarchical.NodeTestTask.lambda$executeRecursively$9(NodeTestTask.java:144)
	at org.junit.platform.engine.support.hierarchical.ThrowableCollector.execute(ThrowableCollector.java:73)
	at org.junit.platform.engine.support.hierarchical.NodeTestTask.executeRecursively(NodeTestTask.java:143)
	at org.junit.platform.engine.support.hierarchical.NodeTestTask.execute(NodeTestTask.java:100)
	at java.base/java.util.ArrayList.forEach(ArrayList.java:1596)
	at org.junit.platform.engine.support.hierarchical.SameThreadHierarchicalTestExecutorService.invokeAll(SameThreadHierarchicalTestExecutorService.java:41)
	at org.junit.platform.engine.support.hierarchical.NodeTestTask.lambda$executeRecursively$6(NodeTestTask.java:160)
	at org.junit.platform.engine.support.hierarchical.ThrowableCollector.execute(ThrowableCollector.java:73)
	at org.junit.platform.engine.support.hierarchical.NodeTestTask.lambda$executeRecursively$8(NodeTestTask.java:146)
	at org.junit.platform.engine.support.hierarchical.Node.around(Node.java:137)
	at org.junit.platform.engine.support.hierarchical.NodeTestTask.lambda$executeRecursively$9(NodeTestTask.java:144)
	at org.junit.platform.engine.support.hierarchical.ThrowableCollector.execute(ThrowableCollector.java:73)
	at org.junit.platform.engine.support.hierarchical.NodeTestTask.executeRecursively(NodeTestTask.java:143)
	at org.junit.platform.engine.support.hierarchical.NodeTestTask.execute(NodeTestTask.java:100)
	at org.junit.platform.engine.support.hierarchical.SameThreadHierarchicalTestExecutorService.submit(SameThreadHierarchicalTestExecutorService.java:35)
	at org.junit.platform.engine.support.hierarchical.HierarchicalTestExecutor.execute(HierarchicalTestExecutor.java:57)
	at org.junit.platform.engine.support.hierarchical.HierarchicalTestEngine.execute(HierarchicalTestEngine.java:54)
	at org.junit.platform.launcher.core.EngineExecutionOrchestrator.execute(EngineExecutionOrchestrator.java:201)
	at org.junit.platform.launcher.core.EngineExecutionOrchestrator.execute(EngineExecutionOrchestrator.java:170)
	at org.junit.platform.launcher.core.EngineExecutionOrchestrator.execute(EngineExecutionOrchestrator.java:94)
	at org.junit.platform.launcher.core.EngineExecutionOrchestrator.lambda$execute$0(EngineExecutionOrchestrator.java:59)
	at org.junit.platform.launcher.core.EngineExecutionOrchestrator.withInterceptedStreams(EngineExecutionOrchestrator.java:142)
	at org.junit.platform.launcher.core.EngineExecutionOrchestrator.execute(EngineExecutionOrchestrator.java:58)
	at org.junit.platform.launcher.core.DefaultLauncher.execute(DefaultLauncher.java:103)
	at org.junit.platform.launcher.core.DefaultLauncher.execute(DefaultLauncher.java:85)
	at org.junit.platform.launcher.core.DelegatingLauncher.execute(DelegatingLauncher.java:47)
	at org.junit.platform.launcher.core.InterceptingLauncher.lambda$execute$1(InterceptingLauncher.java:39)
	at org.junit.platform.launcher.core.ClasspathAlignmentCheckingLauncherInterceptor.intercept(ClasspathAlignmentCheckingLauncherInterceptor.java:25)
	at org.junit.platform.launcher.core.InterceptingLauncher.execute(InterceptingLauncher.java:38)
	at org.junit.platform.launcher.core.DelegatingLauncher.execute(DelegatingLauncher.java:47)
	at org.apache.maven.surefire.junitplatform.LazyLauncher.execute(LazyLauncher.java:56)
	at org.apache.maven.surefire.junitplatform.JUnitPlatformProvider.execute(JUnitPlatformProvider.java:184)
	at org.apache.maven.surefire.junitplatform.JUnitPlatformProvider.invokeAllTests(JUnitPlatformProvider.java:148)
	at org.apache.maven.surefire.junitplatform.JUnitPlatformProvider.invoke(JUnitPlatformProvider.java:120)
	at org.apache.maven.surefire.booter.ForkedBooter.runSuitesInProcess(ForkedBooter.java:385)
	at org.apache.maven.surefire.booter.ForkedBooter.execute(ForkedBooter.java:162)
	at org.apache.maven.surefire.booter.ForkedBooter.run(ForkedBooter.java:507)
	at org.apache.maven.surefire.booter.ForkedBooter.main(ForkedBooter.java:495)
Caused by: java.util.concurrent.ExecutionException: org.apache.ratis.thirdparty.io.grpc.StatusRuntimeException: UNAVAILABLE: io exception
	at java.base/java.util.concurrent.CompletableFuture.reportGet(CompletableFuture.java:396)
	at java.base/java.util.concurrent.CompletableFuture.get(CompletableFuture.java:2073)
	at org.apache.hadoop.ozone.recon.spi.impl.StorageContainerServiceProviderImpl.getSCMDBSnapshot(StorageContainerServiceProviderImpl.java:156)
	... 93 more
Caused by: org.apache.ratis.thirdparty.io.grpc.StatusRuntimeException: UNAVAILABLE: io exception
	at org.apache.ratis.thirdparty.io.grpc.Status.asRuntimeException(Status.java:537)
	at org.apache.ratis.thirdparty.io.grpc.stub.ClientCalls$StreamObserverToCallListenerAdapter.onClose(ClientCalls.java:481)
	at org.apache.ratis.thirdparty.io.grpc.internal.ClientCallImpl.closeObserver(ClientCallImpl.java:567)
	at org.apache.ratis.thirdparty.io.grpc.internal.ClientCallImpl.access$300(ClientCallImpl.java:71)
	at org.apache.ratis.thirdparty.io.grpc.internal.ClientCallImpl$ClientStreamListenerImpl$1StreamClosed.runInternal(ClientCallImpl.java:735)
	at org.apache.ratis.thirdparty.io.grpc.internal.ClientCallImpl$ClientStreamListenerImpl$1StreamClosed.runInContext(ClientCallImpl.java:716)
	at org.apache.ratis.thirdparty.io.grpc.internal.ContextRunnable.run(ContextRunnable.java:37)
	at org.apache.ratis.thirdparty.io.grpc.internal.SerializingExecutor.run(SerializingExecutor.java:133)
	at java.base/java.util.concurrent.ThreadPoolExecutor.runWorker(ThreadPoolExecutor.java:1144)
	at java.base/java.util.concurrent.ThreadPoolExecutor$Worker.run(ThreadPoolExecutor.java:642)
	at java.base/java.lang.Thread.run(Thread.java:1583)
Caused by: org.apache.ratis.thirdparty.io.netty.channel.AbstractChannel$AnnotatedConnectException: finishConnect(..) failed: Connection refused: /10.1.1.25:15005
Caused by: java.net.ConnectException: finishConnect(..) failed: Connection refused
	at org.apache.ratis.thirdparty.io.netty.channel.unix.Errors.newConnectException0(Errors.java:166)
	at org.apache.ratis.thirdparty.io.netty.channel.unix.Errors.handleConnectErrno(Errors.java:131)
	at org.apache.ratis.thirdparty.io.netty.channel.unix.Socket.finishConnect(Socket.java:359)
	at org.apache.ratis.thirdparty.io.netty.channel.epoll.AbstractEpollChannel$AbstractEpollUnsafe.doFinishConnect(AbstractEpollChannel.java:715)
	at org.apache.ratis.thirdparty.io.netty.channel.epoll.AbstractEpollChannel$AbstractEpollUnsafe.finishConnect(AbstractEpollChannel.java:692)
	at org.apache.ratis.thirdparty.io.netty.channel.epoll.AbstractEpollChannel$AbstractEpollUnsafe.epollOutReady(AbstractEpollChannel.java:567)
	at org.apache.ratis.thirdparty.io.netty.channel.epoll.EpollEventLoop.processReady(EpollEventLoop.java:491)
	at org.apache.ratis.thirdparty.io.netty.channel.epoll.EpollEventLoop.run(EpollEventLoop.java:399)
	at org.apache.ratis.thirdparty.io.netty.util.concurrent.SingleThreadEventExecutor$4.run(SingleThreadEventExecutor.java:997)
	at org.apache.ratis.thirdparty.io.netty.util.internal.ThreadExecutorMap$2.run(ThreadExecutorMap.java:74)
	at org.apache.ratis.thirdparty.io.netty.util.concurrent.FastThreadLocalRunnable.run(FastThreadLocalRunnable.java:30)
	at java.base/java.lang.Thread.run(Thread.java:1583)
2025-05-12 14:03:26,132 [main] ERROR scm.ReconStorageContainerManagerFacade (ReconStorageContainerManagerFacade.java:updateReconSCMDBWithNewSnapshot(529)) - Null snapshot location got from SCM.
2025-05-12 14:03:26,132 [main] INFO  scm.ReconStorageContainerManagerFacade (ReconStorageContainerManagerFacade.java:initializeSCMDB(506)) - Updated Recon DB with SCM DB
2025-05-12 14:03:26,132 [main] INFO  scm.ReconStorageContainerManagerFacade (ReconStorageContainerManagerFacade.java:start(399)) - SCM DB initialized
2025-05-12 14:03:26,128 [47c4feda-5356-4712-bb09-0016fbee8439@group-7F007BD13FF4-LeaderElection10] INFO  server.RaftServerConfigKeys (ConfUtils.java:logGet(46)) - raft.server.write.element-limit = 1024 (custom)
2025-05-12 14:03:26,132 [47c4feda-5356-4712-bb09-0016fbee8439@group-7F007BD13FF4-LeaderElection10] INFO  server.RaftServerConfigKeys (ConfUtils.java:logGet(46)) - raft.server.write.byte-limit = 1024 M (=1073741824) (custom)
2025-05-12 14:03:26,133 [47c4feda-5356-4712-bb09-0016fbee8439@group-7F007BD13FF4-LeaderElection10] INFO  server.RaftServerConfigKeys (ConfUtils.java:logGet(46)) - raft.server.watch.timeout = 30s (custom)
2025-05-12 14:03:26,134 [47c4feda-5356-4712-bb09-0016fbee8439@group-7F007BD13FF4-LeaderElection10] INFO  server.RaftServerConfigKeys (ConfUtils.java:logGet(46)) - raft.server.watch.timeout.denomination = 1s (default)
2025-05-12 14:03:26,134 [47c4feda-5356-4712-bb09-0016fbee8439@group-7F007BD13FF4-LeaderElection10] INFO  server.RaftServerConfigKeys (ConfUtils.java:logGet(46)) - raft.server.watch.element-limit = 65536 (default)
2025-05-12 14:03:26,134 [47c4feda-5356-4712-bb09-0016fbee8439@group-7F007BD13FF4-LeaderElection10] INFO  server.RaftServerConfigKeys (ConfUtils.java:logGet(46)) - raft.server.read.leader.lease.enabled = false (default)
2025-05-12 14:03:26,135 [47c4feda-5356-4712-bb09-0016fbee8439@group-7F007BD13FF4-LeaderElection10] INFO  server.RaftServerConfigKeys (ConfUtils.java:logGet(46)) - raft.server.read.leader.lease.timeout.ratio = 0.9 (default)
2025-05-12 14:03:26,135 [47c4feda-5356-4712-bb09-0016fbee8439@group-7F007BD13FF4-LeaderElection10] INFO  server.RaftServerConfigKeys (ConfUtils.java:logGet(46)) - raft.server.rpc.timeout.min = 5s (custom)
2025-05-12 14:03:26,135 [47c4feda-5356-4712-bb09-0016fbee8439@group-7F007BD13FF4-LeaderElection10] INFO  server.RaftServerConfigKeys (ConfUtils.java:logGet(46)) - raft.server.log.log-metadata.enabled = true (default)
2025-05-12 14:03:26,135 [47c4feda-5356-4712-bb09-0016fbee8439@group-7F007BD13FF4-LeaderElection10] INFO  server.RaftServerConfigKeys (ConfUtils.java:logGet(46)) - raft.server.write.element-limit = 1024 (custom)
2025-05-12 14:03:26,135 [47c4feda-5356-4712-bb09-0016fbee8439@group-7F007BD13FF4-LeaderElection10] INFO  server.RaftServerConfigKeys (ConfUtils.java:logGet(46)) - raft.server.write.follower.gap.ratio.max = -1.0 (default)
2025-05-12 14:03:26,136 [47c4feda-5356-4712-bb09-0016fbee8439@group-7F007BD13FF4-LeaderElection10] INFO  impl.RoleInfo (RoleInfo.java:updateAndGet(148)) - 47c4feda-5356-4712-bb09-0016fbee8439: start 47c4feda-5356-4712-bb09-0016fbee8439@group-7F007BD13FF4-LeaderStateImpl
2025-05-12 14:03:26,136 [47c4feda-5356-4712-bb09-0016fbee8439@group-7F007BD13FF4-LeaderElection10] INFO  server.RaftServer$Division (RaftServerImpl.java:setFirstElection(562)) - 47c4feda-5356-4712-bb09-0016fbee8439@group-7F007BD13FF4: set firstElectionSinceStartup to false for becomeLeader
2025-05-12 14:03:26,136 [47c4feda-5356-4712-bb09-0016fbee8439@group-7F007BD13FF4-LeaderElection10] INFO  ratis.XceiverServerRatis (XceiverServerRatis.java:handleLeaderChangedNotification(944)) - Leader change notification received for group: group-7F007BD13FF4 with new leaderId: 47c4feda-5356-4712-bb09-0016fbee8439
2025-05-12 14:03:26,136 [47c4feda-5356-4712-bb09-0016fbee8439@group-7F007BD13FF4-LeaderElection10] INFO  server.RaftServer$Division (ServerState.java:setLeader(272)) - 47c4feda-5356-4712-bb09-0016fbee8439@group-7F007BD13FF4: change Leader from null to 47c4feda-5356-4712-bb09-0016fbee8439 at term 1 for becomeLeader, leader elected after 1173ms
2025-05-12 14:03:26,136 [47c4feda-5356-4712-bb09-0016fbee8439@group-7F007BD13FF4-LeaderElection10] INFO  segmented.SegmentedRaftLogWorker (SegmentedRaftLogWorker.java:startLogSegment(438)) - 47c4feda-5356-4712-bb09-0016fbee8439@group-7F007BD13FF4-SegmentedRaftLogWorker: Starting segment from index:0
2025-05-12 14:03:26,136 [47c4feda-5356-4712-bb09-0016fbee8439@group-7F007BD13FF4-LeaderElection10] INFO  server.RaftServer$Division (ServerState.java:setRaftConf(386)) - 47c4feda-5356-4712-bb09-0016fbee8439@group-7F007BD13FF4: set configuration conf: {index: 0, cur=peers:[47c4feda-5356-4712-bb09-0016fbee8439|127.0.0.1:15041]|listeners:[], old=null}
2025-05-12 14:03:26,135 [main] INFO  server.SCMDatanodeProtocolServer (SCMDatanodeProtocolServer.java:start(193)) - ScmDatanodeProtocol RPC server for DataNodes is listening at /0.0.0.0:15011
2025-05-12 14:03:26,137 [IPC Server Responder] INFO  ipc.Server (Server.java:run(1713)) - IPC Server Responder: starting
2025-05-12 14:03:26,136 [47c4feda-5356-4712-bb09-0016fbee8439@group-7F007BD13FF4-SegmentedRaftLogWorker] INFO  segmented.BufferedWriteChannel (BufferedWriteChannel.java:open(61)) - open log_inprogress_0 at position 0
2025-05-12 14:03:26,138 [IPC Server listener on 15011] INFO  ipc.Server (Server.java:run(1553)) - IPC Server listener on 15011: starting
2025-05-12 14:03:26,145 [47c4feda-5356-4712-bb09-0016fbee8439@group-7F007BD13FF4-SegmentedRaftLogWorker] INFO  segmented.SegmentedRaftLogWorker (SegmentedRaftLogWorker.java:execute(644)) - 47c4feda-5356-4712-bb09-0016fbee8439@group-7F007BD13FF4-SegmentedRaftLogWorker: created new log segment /home/runner/work/ozone/ozone/hadoop-ozone/integration-test/target/test-dir/MiniOzoneClusterImpl-93228f78-d735-4ce6-971e-ca8f5c94dbdd/ozone-meta/datanode-4/ratis/91c66140-5860-478a-b640-7f007bd13ff4/current/log_inprogress_0
2025-05-12 14:03:26,148 [47c4feda-5356-4712-bb09-0016fbee8439@group-7F007BD13FF4-StateMachineUpdater] INFO  server.RaftServer$Division (LeaderStateImpl.java:checkStartIndex(313)) - Leader 47c4feda-5356-4712-bb09-0016fbee8439@group-7F007BD13FF4-LeaderStateImpl is ready since appliedIndex == startIndex == 0
2025-05-12 14:03:26,775 [16988a43-54c6-4d79-b4f6-1d89459795e1-EndpointStateMachineTaskThread-/0.0.0.0:15011-0 ] INFO  ipc.Client (Client.java:handleConnectionFailure(966)) - Retrying connect to server: 0.0.0.0/0.0.0.0:15011. Already tried 0 time(s); retry policy is RetryUpToMaximumCountWithFixedSleep(maxRetries=15, sleepTime=1000 MILLISECONDS)
2025-05-12 14:03:26,777 [IPC Server handler 0 on default port 15011] INFO  scm.ReconNodeManager (ReconNodeManager.java:processHeartbeat(232)) - Sending ReregisterCommand() for localhost
2025-05-12 14:03:26,788 [IPC Server handler 2 on default port 15011] INFO  scm.ReconNodeManager (ReconNodeManager.java:processHeartbeat(232)) - Sending ReregisterCommand() for localhost
2025-05-12 14:03:26,789 [IPC Server handler 3 on default port 15011] INFO  scm.ReconNodeManager (ReconNodeManager.java:processHeartbeat(232)) - Sending ReregisterCommand() for localhost
2025-05-12 14:03:26,777 [IPC Server handler 1 on default port 15011] INFO  scm.ReconNodeManager (ReconNodeManager.java:processHeartbeat(232)) - Sending ReregisterCommand() for localhost
2025-05-12 14:03:26,791 [Recon-EventQueue-PipelineReportForReconPipelineReportHandler] INFO  scm.ReconPipelineReportHandler (ReconPipelineReportHandler.java:processPipelineReport(102)) - Pipeline RATIS/THREE PipelineID=00ca9195-5014-4ace-8f60-e2372747ebfe reported by a2b8b82a-e2f6-4a14-97b3-6459b5b9a67e(localhost/127.0.0.1)
2025-05-12 14:03:26,792 [Recon-EventQueue-PipelineReportForReconPipelineReportHandler] INFO  scm.ReconPipelineReportHandler (ReconPipelineReportHandler.java:processPipelineReport(102)) - Pipeline RATIS/THREE PipelineID=00ca9195-5014-4ace-8f60-e2372747ebfe reported by 16988a43-54c6-4d79-b4f6-1d89459795e1(localhost/127.0.0.1)
2025-05-12 14:03:27,937 [IPC Server handler 7 on default port 15011] INFO  scm.ReconNodeManager (ReconNodeManager.java:register(273)) - Updating nodeDB for localhost
2025-05-12 14:03:27,937 [IPC Server handler 7 on default port 15011] INFO  recon.ReconContext (ReconContext.java:updateHealthStatus(76)) - Update healthStatus of Recon from false to true.
2025-05-12 14:03:27,938 [Recon-EventQueue-PipelineReportForReconPipelineReportHandler] INFO  scm.ReconPipelineReportHandler (ReconPipelineReportHandler.java:processPipelineReport(102)) - Pipeline RATIS/THREE PipelineID=00ca9195-5014-4ace-8f60-e2372747ebfe reported by 16988a43-54c6-4d79-b4f6-1d89459795e1(localhost/127.0.0.1)
2025-05-12 14:03:27,968 [IPC Server handler 8 on default port 15011] INFO  scm.ReconNodeManager (ReconNodeManager.java:register(273)) - Updating nodeDB for localhost
2025-05-12 14:03:27,968 [IPC Server handler 8 on default port 15011] INFO  recon.ReconContext (ReconContext.java:updateHealthStatus(76)) - Update healthStatus of Recon from true to true.
2025-05-12 14:03:27,968 [Recon-EventQueue-PipelineReportForReconPipelineReportHandler] INFO  scm.ReconPipelineReportHandler (ReconPipelineReportHandler.java:processPipelineReport(102)) - Pipeline RATIS/THREE PipelineID=00ca9195-5014-4ace-8f60-e2372747ebfe reported by a2b8b82a-e2f6-4a14-97b3-6459b5b9a67e(localhost/127.0.0.1)
2025-05-12 14:03:28,138 [IPC Server handler 9 on default port 15011] INFO  scm.ReconNodeManager (ReconNodeManager.java:register(273)) - Updating nodeDB for localhost
2025-05-12 14:03:28,138 [IPC Server handler 9 on default port 15011] INFO  recon.ReconContext (ReconContext.java:updateHealthStatus(76)) - Update healthStatus of Recon from true to true.
2025-05-12 14:03:28,428 [IPC Server handler 0 on default port 15011] INFO  scm.ReconNodeManager (ReconNodeManager.java:register(273)) - Updating nodeDB for localhost
2025-05-12 14:03:28,428 [IPC Server handler 0 on default port 15011] INFO  recon.ReconContext (ReconContext.java:updateHealthStatus(76)) - Update healthStatus of Recon from true to true.
2025-05-12 14:03:28,428 [Recon-EventQueue-PipelineReportForReconPipelineReportHandler] INFO  scm.ReconPipelineReportHandler (ReconPipelineReportHandler.java:processPipelineReport(102)) - Pipeline RATIS/THREE PipelineID=00ca9195-5014-4ace-8f60-e2372747ebfe reported by cfefa488-19eb-42ef-a91e-ee6d690e2562(localhost/127.0.0.1)
2025-05-12 14:03:37,155 [main] INFO  scm.ReconScmTask (ReconScmTask.java:start(47)) - Starting ContainerHealthTask Thread.
2025-05-12 14:03:37,156 [main] INFO  scm.ReconScmTask (ReconScmTask.java:start(47)) - Starting ContainerSizeCountTask Thread.
2025-05-12 14:03:37,156 [main] INFO  scm.ReconScmTask (ReconScmTask.java:start(47)) - Starting PipelineSyncTask Thread.
2025-05-12 14:03:37,157 [main] INFO  recon.ReconServer (ReconServer.java:call(181)) - Recon server initialized successfully!
2025-05-12 14:03:37,157 [JvmPauseMonitor8] INFO  util.JvmPauseMonitor (JvmPauseMonitor.java:run(146)) - JvmPauseMonitor-Recon: Started
2025-05-12 14:03:37,161 [ContainerHealthTask] INFO  fsck.ContainerHealthTask (ContainerHealthTask.java:checkAndProcessContainers(194)) - Container Health task thread took 0 iterations to fetch all containers using batched approach with batch size of 1000
2025-05-12 14:03:37,165 [PipelineSyncTask] INFO  scm.ReconPipelineManager (ReconPipelineManager.java:initializePipelines(101)) - Recon has 6 pipelines in house.
2025-05-12 14:03:37,165 [PipelineSyncTask] WARN  scm.ReconPipelineManager (ReconPipelineManager.java:initializePipelines(107)) - Pipeline PipelineID=e388c054-aea5-4447-9ca0-4a32057c1e42 already exists in Recon pipeline metadata.
2025-05-12 14:03:37,166 [PipelineSyncTask] WARN  scm.ReconPipelineManager (ReconPipelineManager.java:initializePipelines(107)) - Pipeline PipelineID=7dc63e3f-e2d1-4633-aa40-54b4b40431dd already exists in Recon pipeline metadata.
2025-05-12 14:03:37,167 [PipelineSyncTask] WARN  scm.ReconPipelineManager (ReconPipelineManager.java:initializePipelines(107)) - Pipeline PipelineID=91c66140-5860-478a-b640-7f007bd13ff4 already exists in Recon pipeline metadata.
2025-05-12 14:03:37,168 [PipelineSyncTask] WARN  scm.ReconPipelineManager (ReconPipelineManager.java:initializePipelines(107)) - Pipeline PipelineID=00ca9195-5014-4ace-8f60-e2372747ebfe already exists in Recon pipeline metadata.
2025-05-12 14:03:37,168 [PipelineSyncTask] WARN  scm.ReconPipelineManager (ReconPipelineManager.java:initializePipelines(107)) - Pipeline PipelineID=000e57b3-5b63-4f2c-af1c-ac9569f6daa3 already exists in Recon pipeline metadata.
2025-05-12 14:03:37,169 [PipelineSyncTask] WARN  scm.ReconPipelineManager (ReconPipelineManager.java:initializePipelines(107)) - Pipeline PipelineID=82a40e4c-495c-4d18-a5f6-5315e3f7dc37 already exists in Recon pipeline metadata.
2025-05-12 14:03:37,188 [main] INFO  ozone.MiniOzoneClusterImpl (MiniOzoneClusterImpl.java:shutdown(394)) - Shutting down the Mini Ozone Cluster
2025-05-12 14:03:37,190 [main] INFO  db.CodecTestUtil (CodecTestUtil.java:gc(49)) - gc 0
2025-05-12 14:03:37,355 [main] INFO  ozone.MiniOzoneClusterImpl (MiniOzoneClusterImpl.java:stop(410)) - Stopping the Mini Ozone Cluster
2025-05-12 14:03:37,356 [main] INFO  om.OzoneManager (OzoneManager.java:stop(2328)) - om1[localhost:15006]: Stopping Ozone Manager
2025-05-12 14:03:37,356 [main] INFO  ipc.Server (Server.java:stop(3697)) - Stopping server on 15006
2025-05-12 14:03:37,359 [IPC Server Responder] INFO  ipc.Server (Server.java:run(1718)) - Stopping IPC Server Responder
2025-05-12 14:03:37,359 [main] INFO  ratis.OzoneManagerRatisServer (OzoneManagerRatisServer.java:stop(634)) - Stopping org.apache.hadoop.ozone.om.ratis.OzoneManagerRatisServer@4d0408bc at port 15009
2025-05-12 14:03:37,359 [IPC Server listener on 15006] INFO  ipc.Server (Server.java:run(1585)) - Stopping IPC Server listener on 15006
2025-05-12 14:03:37,359 [main] INFO  server.RaftServer (RaftServerProxy.java:lambda$close$9(417)) - om1: close
2025-05-12 14:03:37,359 [main] INFO  server.GrpcService (GrpcService.java:closeImpl(343)) - om1: shutdown server GrpcServerProtocolService now
2025-05-12 14:03:37,359 [om1-impl-thread1] INFO  server.RaftServer$Division (RaftServerImpl.java:lambda$close$1(513)) - om1@group-C5BA1605619E: shutdown
2025-05-12 14:03:37,360 [om1-impl-thread1] INFO  util.JmxRegister (JmxRegister.java:unregister(74)) - Successfully un-registered JMX Bean with object name Ratis:service=RaftServer,group=group-C5BA1605619E,id=om1
2025-05-12 14:03:37,360 [om1-impl-thread1] INFO  impl.RoleInfo (RoleInfo.java:shutdownLeaderState(103)) - om1: shutdown om1@group-C5BA1605619E-LeaderStateImpl
2025-05-12 14:03:37,360 [om1-impl-thread1] INFO  impl.PendingRequests (PendingRequests.java:sendNotLeaderResponses(287)) - om1@group-C5BA1605619E-PendingRequests: sendNotLeaderResponses
2025-05-12 14:03:37,361 [om1-impl-thread1] INFO  impl.StateMachineUpdater (StateMachineUpdater.java:stopAndJoin(164)) - om1@group-C5BA1605619E-StateMachineUpdater: set stopIndex = 0
2025-05-12 14:03:37,363 [main] INFO  server.GrpcService (GrpcService.java:closeImpl(352)) - om1: shutdown server GrpcServerProtocolService successfully
2025-05-12 14:03:37,376 [om1@group-C5BA1605619E-StateMachineUpdater] INFO  ratis.OzoneManagerStateMachine (OzoneManagerStateMachine.java:takeSnapshotImpl(515)) - om1: taking snapshot. applied = (t:1, i:0), skipped = -1, notified = (t:1, i:0), current snapshot index = (t:1, i:0), took 15 ms
2025-05-12 14:03:37,376 [om1@group-C5BA1605619E-StateMachineUpdater] INFO  impl.StateMachineUpdater (StateMachineUpdater.java:takeSnapshot(303)) - om1@group-C5BA1605619E-StateMachineUpdater: Took a snapshot at index 0
2025-05-12 14:03:37,376 [om1@group-C5BA1605619E-StateMachineUpdater] INFO  impl.StateMachineUpdater (StateMachineUpdater.java:lambda$new$0(102)) - om1@group-C5BA1605619E-StateMachineUpdater: snapshotIndex: updateIncreasingly -1 -> 0
2025-05-12 14:03:37,376 [om1@group-C5BA1605619E-StateMachineUpdater] INFO  impl.StateMachineUpdater (StateMachineUpdater.java:stop(141)) - om1@group-C5BA1605619E-StateMachineUpdater: closing OzoneManagerStateMachine, lastApplied=(t:1, i:0)
2025-05-12 14:03:37,376 [om1@group-C5BA1605619E-StateMachineUpdater] INFO  ratis.OzoneManagerStateMachine (OzoneManagerStateMachine.java:close(555)) - Stopping OzoneManagerStateMachine:om1:group-C5BA1605619E.
2025-05-12 14:03:37,376 [om1@group-C5BA1605619E-StateMachineUpdater] INFO  ratis.OzoneManagerDoubleBuffer (OzoneManagerDoubleBuffer.java:stopDaemon(499)) - Stopping OMDoubleBuffer flush thread
2025-05-12 14:03:37,376 [om1-OMDoubleBufferFlushThread] INFO  ratis.OzoneManagerDoubleBuffer (OzoneManagerDoubleBuffer.java:canFlush(558)) - OMDoubleBuffer flush thread om1-OMDoubleBufferFlushThread is interrupted and will exit.
2025-05-12 14:03:37,377 [om1@group-C5BA1605619E-cacheEviction-AwaitToRun] INFO  util.AwaitToRun (AwaitToRun.java:run(49)) - om1@group-C5BA1605619E-cacheEviction-AwaitToRun-AwaitForSignal is interrupted
2025-05-12 14:03:38,297 [om1-impl-thread1] INFO  segmented.SegmentedRaftLogWorker (SegmentedRaftLogWorker.java:close(252)) - om1@group-C5BA1605619E-SegmentedRaftLogWorker close()
2025-05-12 14:03:38,298 [JvmPauseMonitor2] INFO  util.JvmPauseMonitor (JvmPauseMonitor.java:run(152)) - JvmPauseMonitor-om1: Stopped
2025-05-12 14:03:38,298 [main] INFO  utils.BackgroundService (BackgroundService.java:shutdown(160)) - Shutting down service KeyDeletingService
2025-05-12 14:03:38,299 [main] INFO  utils.BackgroundService (BackgroundService.java:shutdown(160)) - Shutting down service DirectoryDeletingService
2025-05-12 14:03:38,300 [main] INFO  utils.BackgroundService (BackgroundService.java:shutdown(160)) - Shutting down service OpenKeyCleanupService
2025-05-12 14:03:38,300 [main] INFO  utils.BackgroundService (BackgroundService.java:shutdown(160)) - Shutting down service SstFilteringService
2025-05-12 14:03:38,301 [main] INFO  utils.BackgroundService (BackgroundService.java:shutdown(160)) - Shutting down service SnapshotDeletingService
2025-05-12 14:03:38,301 [main] INFO  utils.BackgroundService (BackgroundService.java:shutdown(160)) - Shutting down service MultipartUploadCleanupService
2025-05-12 14:03:38,302 [main] INFO  handler.ContextHandler (ContextHandler.java:doStop(1159)) - Stopped o.e.j.w.WebAppContext@51e28071{ozoneManager,/,null,STOPPED}{file:/home/runner/work/ozone/ozone/hadoop-ozone/integration-test/target/test-classes/webapps/ozoneManager}
2025-05-12 14:03:38,303 [main] INFO  server.AbstractConnector (AbstractConnector.java:doStop(383)) - Stopped ServerConnector@7c0b71b5{HTTP/1.1, (http/1.1)}{0.0.0.0:15007}
2025-05-12 14:03:38,303 [main] INFO  server.session (HouseKeeper.java:stopScavenging(149)) - node0 Stopped scavenging
2025-05-12 14:03:38,303 [main] INFO  handler.ContextHandler (ContextHandler.java:doStop(1159)) - Stopped o.e.j.s.ServletContextHandler@6acee861{static,/static,file:///home/runner/work/ozone/ozone/hadoop-ozone/integration-test/target/test-classes/webapps/static,STOPPED}
2025-05-12 14:03:38,303 [main] INFO  handler.ContextHandler (ContextHandler.java:doStop(1159)) - Stopped o.e.j.s.ServletContextHandler@38a5b985{logs,/logs,file:///home/runner/work/ozone/ozone/hadoop-ozone/integration-test/target/log,STOPPED}
2025-05-12 14:03:38,304 [main] INFO  rocksdiff.RocksDBCheckpointDiffer (RocksDBCheckpointDiffer.java:close(299)) - Shutting down CompactionDagPruningService.
2025-05-12 14:03:38,306 [main] INFO  snapshot.SnapshotDiffManager (SnapshotDiffManager.java:closeExecutorService(1696)) - Shutting down executorService: 'SnapDiffExecutor'
2025-05-12 14:03:38,306 [main] INFO  utils.BackgroundService (BackgroundService.java:shutdown(160)) - Shutting down service SnapshotDiffCleanupService
2025-05-12 14:03:38,308 [main] INFO  ozone.MiniOzoneClusterImpl (MiniOzoneClusterImpl.java:stopDatanodes(476)) - Stopping the HddsDatanodes
2025-05-12 14:03:38,311 [main] INFO  ozoneimpl.OzoneContainer (OzoneContainer.java:stop(536)) - Attempting to stop container services.
2025-05-12 14:03:38,312 [ForkJoinPool.commonPool-worker-1] INFO  ozoneimpl.OzoneContainer (OzoneContainer.java:stop(536)) - Attempting to stop container services.
2025-05-12 14:03:38,312 [ForkJoinPool.commonPool-worker-3] INFO  ozoneimpl.OzoneContainer (OzoneContainer.java:stop(536)) - Attempting to stop container services.
2025-05-12 14:03:38,312 [ContainerMetadataScanner] WARN  ozoneimpl.AbstractBackgroundContainerScanner (AbstractBackgroundContainerScanner.java:handleRemainingSleep(136)) - Background container scan was interrupted.
2025-05-12 14:03:38,313 [ContainerMetadataScanner] INFO  ozoneimpl.AbstractBackgroundContainerScanner (AbstractBackgroundContainerScanner.java:run(63)) - org.apache.hadoop.ozone.container.ozoneimpl.BackgroundContainerMetadataScanner@76968139 exiting.
2025-05-12 14:03:38,313 [ContainerMetadataScanner] WARN  ozoneimpl.AbstractBackgroundContainerScanner (AbstractBackgroundContainerScanner.java:handleRemainingSleep(136)) - Background container scan was interrupted.
2025-05-12 14:03:38,313 [ContainerMetadataScanner] INFO  ozoneimpl.AbstractBackgroundContainerScanner (AbstractBackgroundContainerScanner.java:run(63)) - org.apache.hadoop.ozone.container.ozoneimpl.BackgroundContainerMetadataScanner@fed2f46 exiting.
2025-05-12 14:03:38,313 [ContainerMetadataScanner] WARN  ozoneimpl.AbstractBackgroundContainerScanner (AbstractBackgroundContainerScanner.java:handleRemainingSleep(136)) - Background container scan was interrupted.
2025-05-12 14:03:38,314 [main] INFO  ozoneimpl.BackgroundContainerDataScanner (BackgroundContainerDataScanner.java:shutdown(141)) - ContainerDataScanner(/home/runner/work/ozone/ozone/hadoop-ozone/integration-test/target/test-dir/MiniOzoneClusterImpl-93228f78-d735-4ce6-971e-ca8f5c94dbdd/ozone-meta/datanode-3/data-0/hdds) is shutting down. 
2025-05-12 14:03:38,314 [ForkJoinPool.commonPool-worker-3] INFO  ozoneimpl.BackgroundContainerDataScanner (BackgroundContainerDataScanner.java:shutdown(141)) - ContainerDataScanner(/home/runner/work/ozone/ozone/hadoop-ozone/integration-test/target/test-dir/MiniOzoneClusterImpl-93228f78-d735-4ce6-971e-ca8f5c94dbdd/ozone-meta/datanode-1/data-0/hdds) is shutting down. 
2025-05-12 14:03:38,314 [ContainerDataScanner(/home/runner/work/ozone/ozone/hadoop-ozone/integration-test/target/test-dir/MiniOzoneClusterImpl-93228f78-d735-4ce6-971e-ca8f5c94dbdd/ozone-meta/datanode-3/data-0/hdds)] WARN  ozoneimpl.AbstractBackgroundContainerScanner (AbstractBackgroundContainerScanner.java:handleRemainingSleep(136)) - Background container scan was interrupted.
2025-05-12 14:03:38,314 [ContainerDataScanner(/home/runner/work/ozone/ozone/hadoop-ozone/integration-test/target/test-dir/MiniOzoneClusterImpl-93228f78-d735-4ce6-971e-ca8f5c94dbdd/ozone-meta/datanode-3/data-0/hdds)] INFO  ozoneimpl.AbstractBackgroundContainerScanner (AbstractBackgroundContainerScanner.java:run(63)) - ContainerDataScanner(/home/runner/work/ozone/ozone/hadoop-ozone/integration-test/target/test-dir/MiniOzoneClusterImpl-93228f78-d735-4ce6-971e-ca8f5c94dbdd/ozone-meta/datanode-3/data-0/hdds, DS-e43c5edf-5cbe-40a0-a4bc-44597de66055) exiting.
2025-05-12 14:03:38,314 [ContainerMetadataScanner] INFO  ozoneimpl.AbstractBackgroundContainerScanner (AbstractBackgroundContainerScanner.java:run(63)) - org.apache.hadoop.ozone.container.ozoneimpl.BackgroundContainerMetadataScanner@422dd4a1 exiting.
2025-05-12 14:03:38,315 [ForkJoinPool.commonPool-worker-1] INFO  ozoneimpl.BackgroundContainerDataScanner (BackgroundContainerDataScanner.java:shutdown(141)) - ContainerDataScanner(/home/runner/work/ozone/ozone/hadoop-ozone/integration-test/target/test-dir/MiniOzoneClusterImpl-93228f78-d735-4ce6-971e-ca8f5c94dbdd/ozone-meta/datanode-2/data-0/hdds) is shutting down. 
2025-05-12 14:03:38,315 [ContainerDataScanner(/home/runner/work/ozone/ozone/hadoop-ozone/integration-test/target/test-dir/MiniOzoneClusterImpl-93228f78-d735-4ce6-971e-ca8f5c94dbdd/ozone-meta/datanode-1/data-0/hdds)] WARN  ozoneimpl.AbstractBackgroundContainerScanner (AbstractBackgroundContainerScanner.java:handleRemainingSleep(136)) - Background container scan was interrupted.
2025-05-12 14:03:38,315 [ContainerDataScanner(/home/runner/work/ozone/ozone/hadoop-ozone/integration-test/target/test-dir/MiniOzoneClusterImpl-93228f78-d735-4ce6-971e-ca8f5c94dbdd/ozone-meta/datanode-1/data-0/hdds)] INFO  ozoneimpl.AbstractBackgroundContainerScanner (AbstractBackgroundContainerScanner.java:run(63)) - ContainerDataScanner(/home/runner/work/ozone/ozone/hadoop-ozone/integration-test/target/test-dir/MiniOzoneClusterImpl-93228f78-d735-4ce6-971e-ca8f5c94dbdd/ozone-meta/datanode-1/data-0/hdds, DS-d01b177a-36c3-40f4-9824-b434a3512cad) exiting.
2025-05-12 14:03:38,315 [main] INFO  ozoneimpl.OnDemandContainerDataScanner (OnDemandContainerDataScanner.java:shutdownScanner(208)) - On-demand container scanner is shutting down.
2025-05-12 14:03:38,315 [ContainerDataScanner(/home/runner/work/ozone/ozone/hadoop-ozone/integration-test/target/test-dir/MiniOzoneClusterImpl-93228f78-d735-4ce6-971e-ca8f5c94dbdd/ozone-meta/datanode-2/data-0/hdds)] WARN  ozoneimpl.AbstractBackgroundContainerScanner (AbstractBackgroundContainerScanner.java:handleRemainingSleep(136)) - Background container scan was interrupted.
2025-05-12 14:03:38,316 [ContainerDataScanner(/home/runner/work/ozone/ozone/hadoop-ozone/integration-test/target/test-dir/MiniOzoneClusterImpl-93228f78-d735-4ce6-971e-ca8f5c94dbdd/ozone-meta/datanode-2/data-0/hdds)] INFO  ozoneimpl.AbstractBackgroundContainerScanner (AbstractBackgroundContainerScanner.java:run(63)) - ContainerDataScanner(/home/runner/work/ozone/ozone/hadoop-ozone/integration-test/target/test-dir/MiniOzoneClusterImpl-93228f78-d735-4ce6-971e-ca8f5c94dbdd/ozone-meta/datanode-2/data-0/hdds, DS-dec35754-8f9c-4a7d-9ae7-2540b92a9894) exiting.
2025-05-12 14:03:38,316 [main] INFO  ratis.XceiverServerRatis (XceiverServerRatis.java:stop(594)) - Closing XceiverServerRatis(16988a43-54c6-4d79-b4f6-1d89459795e1)
2025-05-12 14:03:38,316 [main] INFO  server.RaftServer (RaftServerProxy.java:lambda$close$9(417)) - 16988a43-54c6-4d79-b4f6-1d89459795e1: close
2025-05-12 14:03:38,317 [ForkJoinPool.commonPool-worker-1] INFO  ratis.XceiverServerRatis (XceiverServerRatis.java:stop(594)) - Closing XceiverServerRatis(a2b8b82a-e2f6-4a14-97b3-6459b5b9a67e)
2025-05-12 14:03:38,316 [ForkJoinPool.commonPool-worker-3] INFO  ratis.XceiverServerRatis (XceiverServerRatis.java:stop(594)) - Closing XceiverServerRatis(cfefa488-19eb-42ef-a91e-ee6d690e2562)
2025-05-12 14:03:38,316 [ForkJoinPool.commonPool-worker-2] INFO  ozoneimpl.OzoneContainer (OzoneContainer.java:stop(536)) - Attempting to stop container services.
2025-05-12 14:03:38,317 [ForkJoinPool.commonPool-worker-1] INFO  server.RaftServer (RaftServerProxy.java:lambda$close$9(417)) - a2b8b82a-e2f6-4a14-97b3-6459b5b9a67e: close
2025-05-12 14:03:38,317 [ContainerMetadataScanner] WARN  ozoneimpl.AbstractBackgroundContainerScanner (AbstractBackgroundContainerScanner.java:handleRemainingSleep(136)) - Background container scan was interrupted.
2025-05-12 14:03:38,317 [ContainerMetadataScanner] INFO  ozoneimpl.AbstractBackgroundContainerScanner (AbstractBackgroundContainerScanner.java:run(63)) - org.apache.hadoop.ozone.container.ozoneimpl.BackgroundContainerMetadataScanner@ccd77f5 exiting.
2025-05-12 14:03:38,317 [ForkJoinPool.commonPool-worker-2] INFO  ozoneimpl.BackgroundContainerDataScanner (BackgroundContainerDataScanner.java:shutdown(141)) - ContainerDataScanner(/home/runner/work/ozone/ozone/hadoop-ozone/integration-test/target/test-dir/MiniOzoneClusterImpl-93228f78-d735-4ce6-971e-ca8f5c94dbdd/ozone-meta/datanode-4/data-0/hdds) is shutting down. 
2025-05-12 14:03:38,317 [a2b8b82a-e2f6-4a14-97b3-6459b5b9a67e-impl-thread1] INFO  server.RaftServer$Division (RaftServerImpl.java:lambda$close$1(513)) - a2b8b82a-e2f6-4a14-97b3-6459b5b9a67e@group-E2372747EBFE: shutdown
2025-05-12 14:03:38,317 [a2b8b82a-e2f6-4a14-97b3-6459b5b9a67e-impl-thread1] INFO  util.JmxRegister (JmxRegister.java:unregister(74)) - Successfully un-registered JMX Bean with object name Ratis:service=RaftServer,group=group-E2372747EBFE,id=a2b8b82a-e2f6-4a14-97b3-6459b5b9a67e
2025-05-12 14:03:38,317 [a2b8b82a-e2f6-4a14-97b3-6459b5b9a67e-impl-thread1] INFO  impl.RoleInfo (RoleInfo.java:shutdownLeaderState(103)) - a2b8b82a-e2f6-4a14-97b3-6459b5b9a67e: shutdown a2b8b82a-e2f6-4a14-97b3-6459b5b9a67e@group-E2372747EBFE-LeaderStateImpl
2025-05-12 14:03:38,317 [a2b8b82a-e2f6-4a14-97b3-6459b5b9a67e-impl-thread2] INFO  server.RaftServer$Division (RaftServerImpl.java:lambda$close$1(513)) - a2b8b82a-e2f6-4a14-97b3-6459b5b9a67e@group-AC9569F6DAA3: shutdown
2025-05-12 14:03:38,317 [a2b8b82a-e2f6-4a14-97b3-6459b5b9a67e-impl-thread2] INFO  util.JmxRegister (JmxRegister.java:unregister(74)) - Successfully un-registered JMX Bean with object name Ratis:service=RaftServer,group=group-AC9569F6DAA3,id=a2b8b82a-e2f6-4a14-97b3-6459b5b9a67e
2025-05-12 14:03:38,317 [a2b8b82a-e2f6-4a14-97b3-6459b5b9a67e-impl-thread1] INFO  impl.PendingRequests (PendingRequests.java:sendNotLeaderResponses(287)) - a2b8b82a-e2f6-4a14-97b3-6459b5b9a67e@group-E2372747EBFE-PendingRequests: sendNotLeaderResponses
2025-05-12 14:03:38,318 [16988a43-54c6-4d79-b4f6-1d89459795e1-impl-thread2] INFO  server.RaftServer$Division (RaftServerImpl.java:lambda$close$1(513)) - 16988a43-54c6-4d79-b4f6-1d89459795e1@group-E2372747EBFE: shutdown
2025-05-12 14:03:38,318 [16988a43-54c6-4d79-b4f6-1d89459795e1-impl-thread2] INFO  util.JmxRegister (JmxRegister.java:unregister(74)) - Successfully un-registered JMX Bean with object name Ratis:service=RaftServer,group=group-E2372747EBFE,id=16988a43-54c6-4d79-b4f6-1d89459795e1
2025-05-12 14:03:38,318 [16988a43-54c6-4d79-b4f6-1d89459795e1-impl-thread2] INFO  impl.RoleInfo (RoleInfo.java:shutdownFollowerState(121)) - 16988a43-54c6-4d79-b4f6-1d89459795e1: shutdown 16988a43-54c6-4d79-b4f6-1d89459795e1@group-E2372747EBFE-FollowerState
2025-05-12 14:03:38,318 [16988a43-54c6-4d79-b4f6-1d89459795e1-impl-thread2] INFO  impl.StateMachineUpdater (StateMachineUpdater.java:stopAndJoin(164)) - 16988a43-54c6-4d79-b4f6-1d89459795e1@group-E2372747EBFE-StateMachineUpdater: set stopIndex = 0
2025-05-12 14:03:38,318 [ForkJoinPool.commonPool-worker-3] INFO  server.RaftServer (RaftServerProxy.java:lambda$close$9(417)) - cfefa488-19eb-42ef-a91e-ee6d690e2562: close
2025-05-12 14:03:38,317 [ContainerDataScanner(/home/runner/work/ozone/ozone/hadoop-ozone/integration-test/target/test-dir/MiniOzoneClusterImpl-93228f78-d735-4ce6-971e-ca8f5c94dbdd/ozone-meta/datanode-4/data-0/hdds)] WARN  ozoneimpl.AbstractBackgroundContainerScanner (AbstractBackgroundContainerScanner.java:handleRemainingSleep(136)) - Background container scan was interrupted.
2025-05-12 14:03:38,318 [16988a43-54c6-4d79-b4f6-1d89459795e1@group-E2372747EBFE-FollowerState] INFO  impl.FollowerState (FollowerState.java:runImpl(170)) - 16988a43-54c6-4d79-b4f6-1d89459795e1@group-E2372747EBFE-FollowerState was interrupted
2025-05-12 14:03:38,318 [a2b8b82a-e2f6-4a14-97b3-6459b5b9a67e@group-E2372747EBFE->16988a43-54c6-4d79-b4f6-1d89459795e1-GrpcLogAppender-LogAppenderDaemon] WARN  server.GrpcLogAppender (GrpcLogAppender.java:mayWait(293)) - a2b8b82a-e2f6-4a14-97b3-6459b5b9a67e@group-E2372747EBFE->16988a43-54c6-4d79-b4f6-1d89459795e1-GrpcLogAppender: Wait interrupted by java.lang.InterruptedException
2025-05-12 14:03:38,319 [main] INFO  server.GrpcService (GrpcService.java:closeImpl(343)) - 16988a43-54c6-4d79-b4f6-1d89459795e1: shutdown server org.apache.ratis.grpc.server.GrpcClientProtocolService now
2025-05-12 14:03:38,319 [16988a43-54c6-4d79-b4f6-1d89459795e1-impl-thread3] INFO  server.RaftServer$Division (RaftServerImpl.java:lambda$close$1(513)) - 16988a43-54c6-4d79-b4f6-1d89459795e1@group-5315E3F7DC37: shutdown
2025-05-12 14:03:38,319 [16988a43-54c6-4d79-b4f6-1d89459795e1-impl-thread3] INFO  util.JmxRegister (JmxRegister.java:unregister(74)) - Successfully un-registered JMX Bean with object name Ratis:service=RaftServer,group=group-5315E3F7DC37,id=16988a43-54c6-4d79-b4f6-1d89459795e1
2025-05-12 14:03:38,319 [16988a43-54c6-4d79-b4f6-1d89459795e1-impl-thread3] INFO  impl.RoleInfo (RoleInfo.java:shutdownFollowerState(121)) - 16988a43-54c6-4d79-b4f6-1d89459795e1: shutdown 16988a43-54c6-4d79-b4f6-1d89459795e1@group-5315E3F7DC37-FollowerState
2025-05-12 14:03:38,319 [ForkJoinPool.commonPool-worker-1] INFO  server.GrpcService (GrpcService.java:closeImpl(343)) - a2b8b82a-e2f6-4a14-97b3-6459b5b9a67e: shutdown server org.apache.ratis.grpc.server.GrpcClientProtocolService now
2025-05-12 14:03:38,319 [16988a43-54c6-4d79-b4f6-1d89459795e1@group-E2372747EBFE-StateMachineUpdater] INFO  ratis.ContainerStateMachine (ContainerStateMachine.java:takeSnapshot(427)) - group-E2372747EBFE: Taking a snapshot at:(t:1, i:0) file /home/runner/work/ozone/ozone/hadoop-ozone/integration-test/target/test-dir/MiniOzoneClusterImpl-93228f78-d735-4ce6-971e-ca8f5c94dbdd/ozone-meta/datanode-3/ratis/00ca9195-5014-4ace-8f60-e2372747ebfe/sm/snapshot.1_0
2025-05-12 14:03:38,320 [16988a43-54c6-4d79-b4f6-1d89459795e1@group-5315E3F7DC37-StateMachineUpdater] INFO  ratis.ContainerStateMachine (ContainerStateMachine.java:takeSnapshot(427)) - group-5315E3F7DC37: Taking a snapshot at:(t:1, i:0) file /home/runner/work/ozone/ozone/hadoop-ozone/integration-test/target/test-dir/MiniOzoneClusterImpl-93228f78-d735-4ce6-971e-ca8f5c94dbdd/ozone-meta/datanode-3/ratis/82a40e4c-495c-4d18-a5f6-5315e3f7dc37/sm/snapshot.1_0
2025-05-12 14:03:38,320 [16988a43-54c6-4d79-b4f6-1d89459795e1@group-5315E3F7DC37-FollowerState] INFO  impl.FollowerState (FollowerState.java:runImpl(170)) - 16988a43-54c6-4d79-b4f6-1d89459795e1@group-5315E3F7DC37-FollowerState was interrupted
2025-05-12 14:03:38,320 [16988a43-54c6-4d79-b4f6-1d89459795e1-impl-thread1] INFO  server.RaftServer$Division (RaftServerImpl.java:lambda$close$1(513)) - 16988a43-54c6-4d79-b4f6-1d89459795e1@group-4A32057C1E42: shutdown
2025-05-12 14:03:38,320 [16988a43-54c6-4d79-b4f6-1d89459795e1-impl-thread1] INFO  util.JmxRegister (JmxRegister.java:unregister(74)) - Successfully un-registered JMX Bean with object name Ratis:service=RaftServer,group=group-4A32057C1E42,id=16988a43-54c6-4d79-b4f6-1d89459795e1
2025-05-12 14:03:38,320 [16988a43-54c6-4d79-b4f6-1d89459795e1-impl-thread1] INFO  impl.RoleInfo (RoleInfo.java:shutdownLeaderState(103)) - 16988a43-54c6-4d79-b4f6-1d89459795e1: shutdown 16988a43-54c6-4d79-b4f6-1d89459795e1@group-4A32057C1E42-LeaderStateImpl
2025-05-12 14:03:38,320 [16988a43-54c6-4d79-b4f6-1d89459795e1-impl-thread1] INFO  impl.PendingRequests (PendingRequests.java:sendNotLeaderResponses(287)) - 16988a43-54c6-4d79-b4f6-1d89459795e1@group-4A32057C1E42-PendingRequests: sendNotLeaderResponses
2025-05-12 14:03:38,321 [cfefa488-19eb-42ef-a91e-ee6d690e2562-impl-thread2] INFO  server.RaftServer$Division (RaftServerImpl.java:lambda$close$1(513)) - cfefa488-19eb-42ef-a91e-ee6d690e2562@group-E2372747EBFE: shutdown
2025-05-12 14:03:38,322 [cfefa488-19eb-42ef-a91e-ee6d690e2562-impl-thread2] INFO  util.JmxRegister (JmxRegister.java:unregister(74)) - Successfully un-registered JMX Bean with object name Ratis:service=RaftServer,group=group-E2372747EBFE,id=cfefa488-19eb-42ef-a91e-ee6d690e2562
2025-05-12 14:03:38,322 [16988a43-54c6-4d79-b4f6-1d89459795e1-impl-thread1] INFO  impl.StateMachineUpdater (StateMachineUpdater.java:stopAndJoin(164)) - 16988a43-54c6-4d79-b4f6-1d89459795e1@group-4A32057C1E42-StateMachineUpdater: set stopIndex = 0
2025-05-12 14:03:38,322 [ForkJoinPool.commonPool-worker-3] INFO  server.GrpcService (GrpcService.java:closeImpl(343)) - cfefa488-19eb-42ef-a91e-ee6d690e2562: shutdown server org.apache.ratis.grpc.server.GrpcClientProtocolService now
2025-05-12 14:03:38,317 [a2b8b82a-e2f6-4a14-97b3-6459b5b9a67e-impl-thread2] INFO  impl.RoleInfo (RoleInfo.java:shutdownLeaderState(103)) - a2b8b82a-e2f6-4a14-97b3-6459b5b9a67e: shutdown a2b8b82a-e2f6-4a14-97b3-6459b5b9a67e@group-AC9569F6DAA3-LeaderStateImpl
2025-05-12 14:03:38,322 [a2b8b82a-e2f6-4a14-97b3-6459b5b9a67e-impl-thread2] INFO  impl.PendingRequests (PendingRequests.java:sendNotLeaderResponses(287)) - a2b8b82a-e2f6-4a14-97b3-6459b5b9a67e@group-AC9569F6DAA3-PendingRequests: sendNotLeaderResponses
2025-05-12 14:03:38,322 [cfefa488-19eb-42ef-a91e-ee6d690e2562-impl-thread2] INFO  impl.RoleInfo (RoleInfo.java:shutdownFollowerState(121)) - cfefa488-19eb-42ef-a91e-ee6d690e2562: shutdown cfefa488-19eb-42ef-a91e-ee6d690e2562@group-E2372747EBFE-FollowerState
2025-05-12 14:03:38,320 [a2b8b82a-e2f6-4a14-97b3-6459b5b9a67e-impl-thread3] INFO  server.RaftServer$Division (RaftServerImpl.java:lambda$close$1(513)) - a2b8b82a-e2f6-4a14-97b3-6459b5b9a67e@group-5315E3F7DC37: shutdown
2025-05-12 14:03:38,322 [a2b8b82a-e2f6-4a14-97b3-6459b5b9a67e-impl-thread3] INFO  util.JmxRegister (JmxRegister.java:unregister(74)) - Successfully un-registered JMX Bean with object name Ratis:service=RaftServer,group=group-5315E3F7DC37,id=a2b8b82a-e2f6-4a14-97b3-6459b5b9a67e
2025-05-12 14:03:38,322 [a2b8b82a-e2f6-4a14-97b3-6459b5b9a67e-impl-thread3] INFO  impl.RoleInfo (RoleInfo.java:shutdownFollowerState(121)) - a2b8b82a-e2f6-4a14-97b3-6459b5b9a67e: shutdown a2b8b82a-e2f6-4a14-97b3-6459b5b9a67e@group-5315E3F7DC37-FollowerState
2025-05-12 14:03:38,322 [a2b8b82a-e2f6-4a14-97b3-6459b5b9a67e-impl-thread3] INFO  impl.StateMachineUpdater (StateMachineUpdater.java:stopAndJoin(164)) - a2b8b82a-e2f6-4a14-97b3-6459b5b9a67e@group-5315E3F7DC37-StateMachineUpdater: set stopIndex = 0
2025-05-12 14:03:38,322 [grpc-default-executor-1] INFO  server.GrpcServerProtocolService (GrpcServerProtocolService.java:onCompleted(157)) - 16988a43-54c6-4d79-b4f6-1d89459795e1: Completed APPEND_ENTRIES, lastRequest: null
2025-05-12 14:03:38,323 [Thread-946] INFO  server.GrpcServerProtocolClient (GrpcServerProtocolClient.java:close(105)) - 16988a43-54c6-4d79-b4f6-1d89459795e1 Close channels
2025-05-12 14:03:38,319 [16988a43-54c6-4d79-b4f6-1d89459795e1-impl-thread3] INFO  impl.StateMachineUpdater (StateMachineUpdater.java:stopAndJoin(164)) - 16988a43-54c6-4d79-b4f6-1d89459795e1@group-5315E3F7DC37-StateMachineUpdater: set stopIndex = 0
2025-05-12 14:03:38,323 [cfefa488-19eb-42ef-a91e-ee6d690e2562@group-E2372747EBFE-StateMachineUpdater] INFO  ratis.ContainerStateMachine (ContainerStateMachine.java:takeSnapshot(427)) - group-E2372747EBFE: Taking a snapshot at:(t:1, i:0) file /home/runner/work/ozone/ozone/hadoop-ozone/integration-test/target/test-dir/MiniOzoneClusterImpl-93228f78-d735-4ce6-971e-ca8f5c94dbdd/ozone-meta/datanode-1/ratis/00ca9195-5014-4ace-8f60-e2372747ebfe/sm/snapshot.1_0
2025-05-12 14:03:38,319 [a2b8b82a-e2f6-4a14-97b3-6459b5b9a67e@group-E2372747EBFE->cfefa488-19eb-42ef-a91e-ee6d690e2562-GrpcLogAppender-LogAppenderDaemon] WARN  server.GrpcLogAppender (GrpcLogAppender.java:mayWait(293)) - a2b8b82a-e2f6-4a14-97b3-6459b5b9a67e@group-E2372747EBFE->cfefa488-19eb-42ef-a91e-ee6d690e2562-GrpcLogAppender: Wait interrupted by java.lang.InterruptedException
2025-05-12 14:03:38,323 [Thread-947] INFO  server.GrpcServerProtocolClient (GrpcServerProtocolClient.java:close(105)) - a2b8b82a-e2f6-4a14-97b3-6459b5b9a67e Close channels
2025-05-12 14:03:38,319 [cfefa488-19eb-42ef-a91e-ee6d690e2562-impl-thread1] INFO  server.RaftServer$Division (RaftServerImpl.java:lambda$close$1(513)) - cfefa488-19eb-42ef-a91e-ee6d690e2562@group-54B4B40431DD: shutdown
2025-05-12 14:03:38,324 [cfefa488-19eb-42ef-a91e-ee6d690e2562-impl-thread1] INFO  util.JmxRegister (JmxRegister.java:unregister(74)) - Successfully un-registered JMX Bean with object name Ratis:service=RaftServer,group=group-54B4B40431DD,id=cfefa488-19eb-42ef-a91e-ee6d690e2562
2025-05-12 14:03:38,324 [cfefa488-19eb-42ef-a91e-ee6d690e2562-impl-thread1] INFO  impl.RoleInfo (RoleInfo.java:shutdownLeaderState(103)) - cfefa488-19eb-42ef-a91e-ee6d690e2562: shutdown cfefa488-19eb-42ef-a91e-ee6d690e2562@group-54B4B40431DD-LeaderStateImpl
2025-05-12 14:03:38,324 [cfefa488-19eb-42ef-a91e-ee6d690e2562-impl-thread1] INFO  impl.PendingRequests (PendingRequests.java:sendNotLeaderResponses(287)) - cfefa488-19eb-42ef-a91e-ee6d690e2562@group-54B4B40431DD-PendingRequests: sendNotLeaderResponses
2025-05-12 14:03:38,324 [grpc-default-executor-0] INFO  server.GrpcServerProtocolService (GrpcServerProtocolService.java:onCompleted(157)) - cfefa488-19eb-42ef-a91e-ee6d690e2562: Completed APPEND_ENTRIES, lastRequest: null
2025-05-12 14:03:38,324 [a2b8b82a-e2f6-4a14-97b3-6459b5b9a67e@group-AC9569F6DAA3-StateMachineUpdater] INFO  ratis.ContainerStateMachine (ContainerStateMachine.java:takeSnapshot(427)) - group-AC9569F6DAA3: Taking a snapshot at:(t:1, i:0) file /home/runner/work/ozone/ozone/hadoop-ozone/integration-test/target/test-dir/MiniOzoneClusterImpl-93228f78-d735-4ce6-971e-ca8f5c94dbdd/ozone-meta/datanode-2/ratis/000e57b3-5b63-4f2c-af1c-ac9569f6daa3/sm/snapshot.1_0
2025-05-12 14:03:38,318 [ContainerDataScanner(/home/runner/work/ozone/ozone/hadoop-ozone/integration-test/target/test-dir/MiniOzoneClusterImpl-93228f78-d735-4ce6-971e-ca8f5c94dbdd/ozone-meta/datanode-4/data-0/hdds)] INFO  ozoneimpl.AbstractBackgroundContainerScanner (AbstractBackgroundContainerScanner.java:run(63)) - ContainerDataScanner(/home/runner/work/ozone/ozone/hadoop-ozone/integration-test/target/test-dir/MiniOzoneClusterImpl-93228f78-d735-4ce6-971e-ca8f5c94dbdd/ozone-meta/datanode-4/data-0/hdds, DS-dff4c18f-ce02-4109-bf4d-0980fdbfca29) exiting.
2025-05-12 14:03:38,325 [cfefa488-19eb-42ef-a91e-ee6d690e2562@group-54B4B40431DD-StateMachineUpdater] INFO  ratis.ContainerStateMachine (ContainerStateMachine.java:takeSnapshot(427)) - group-54B4B40431DD: Taking a snapshot at:(t:1, i:0) file /home/runner/work/ozone/ozone/hadoop-ozone/integration-test/target/test-dir/MiniOzoneClusterImpl-93228f78-d735-4ce6-971e-ca8f5c94dbdd/ozone-meta/datanode-1/ratis/7dc63e3f-e2d1-4633-aa40-54b4b40431dd/sm/snapshot.1_0
2025-05-12 14:03:38,325 [cfefa488-19eb-42ef-a91e-ee6d690e2562-impl-thread1] INFO  impl.StateMachineUpdater (StateMachineUpdater.java:stopAndJoin(164)) - cfefa488-19eb-42ef-a91e-ee6d690e2562@group-54B4B40431DD-StateMachineUpdater: set stopIndex = 0
2025-05-12 14:03:38,324 [a2b8b82a-e2f6-4a14-97b3-6459b5b9a67e@group-5315E3F7DC37-StateMachineUpdater] INFO  ratis.ContainerStateMachine (ContainerStateMachine.java:takeSnapshot(427)) - group-5315E3F7DC37: Taking a snapshot at:(t:1, i:0) file /home/runner/work/ozone/ozone/hadoop-ozone/integration-test/target/test-dir/MiniOzoneClusterImpl-93228f78-d735-4ce6-971e-ca8f5c94dbdd/ozone-meta/datanode-2/ratis/82a40e4c-495c-4d18-a5f6-5315e3f7dc37/sm/snapshot.1_0
2025-05-12 14:03:38,326 [ForkJoinPool.commonPool-worker-2] INFO  ratis.XceiverServerRatis (XceiverServerRatis.java:stop(594)) - Closing XceiverServerRatis(47c4feda-5356-4712-bb09-0016fbee8439)
2025-05-12 14:03:38,326 [ForkJoinPool.commonPool-worker-2] INFO  server.RaftServer (RaftServerProxy.java:lambda$close$9(417)) - 47c4feda-5356-4712-bb09-0016fbee8439: close
2025-05-12 14:03:38,326 [ForkJoinPool.commonPool-worker-2] INFO  server.GrpcService (GrpcService.java:closeImpl(343)) - 47c4feda-5356-4712-bb09-0016fbee8439: shutdown server org.apache.ratis.grpc.server.GrpcClientProtocolService now
2025-05-12 14:03:38,326 [a2b8b82a-e2f6-4a14-97b3-6459b5b9a67e@group-E2372747EBFE-StateMachineUpdater] INFO  ratis.ContainerStateMachine (ContainerStateMachine.java:takeSnapshot(427)) - group-E2372747EBFE: Taking a snapshot at:(t:1, i:0) file /home/runner/work/ozone/ozone/hadoop-ozone/integration-test/target/test-dir/MiniOzoneClusterImpl-93228f78-d735-4ce6-971e-ca8f5c94dbdd/ozone-meta/datanode-2/ratis/00ca9195-5014-4ace-8f60-e2372747ebfe/sm/snapshot.1_0
2025-05-12 14:03:38,326 [47c4feda-5356-4712-bb09-0016fbee8439-impl-thread1] INFO  server.RaftServer$Division (RaftServerImpl.java:lambda$close$1(513)) - 47c4feda-5356-4712-bb09-0016fbee8439@group-7F007BD13FF4: shutdown
2025-05-12 14:03:38,326 [47c4feda-5356-4712-bb09-0016fbee8439-impl-thread1] INFO  util.JmxRegister (JmxRegister.java:unregister(74)) - Successfully un-registered JMX Bean with object name Ratis:service=RaftServer,group=group-7F007BD13FF4,id=47c4feda-5356-4712-bb09-0016fbee8439
2025-05-12 14:03:38,326 [47c4feda-5356-4712-bb09-0016fbee8439-impl-thread1] INFO  impl.RoleInfo (RoleInfo.java:shutdownLeaderState(103)) - 47c4feda-5356-4712-bb09-0016fbee8439: shutdown 47c4feda-5356-4712-bb09-0016fbee8439@group-7F007BD13FF4-LeaderStateImpl
2025-05-12 14:03:38,326 [47c4feda-5356-4712-bb09-0016fbee8439-impl-thread1] INFO  impl.PendingRequests (PendingRequests.java:sendNotLeaderResponses(287)) - 47c4feda-5356-4712-bb09-0016fbee8439@group-7F007BD13FF4-PendingRequests: sendNotLeaderResponses
2025-05-12 14:03:38,324 [a2b8b82a-e2f6-4a14-97b3-6459b5b9a67e-impl-thread2] INFO  impl.StateMachineUpdater (StateMachineUpdater.java:stopAndJoin(164)) - a2b8b82a-e2f6-4a14-97b3-6459b5b9a67e@group-AC9569F6DAA3-StateMachineUpdater: set stopIndex = 0
2025-05-12 14:03:38,323 [16988a43-54c6-4d79-b4f6-1d89459795e1@group-4A32057C1E42-StateMachineUpdater] INFO  ratis.ContainerStateMachine (ContainerStateMachine.java:takeSnapshot(427)) - group-4A32057C1E42: Taking a snapshot at:(t:1, i:0) file /home/runner/work/ozone/ozone/hadoop-ozone/integration-test/target/test-dir/MiniOzoneClusterImpl-93228f78-d735-4ce6-971e-ca8f5c94dbdd/ozone-meta/datanode-3/ratis/e388c054-aea5-4447-9ca0-4a32057c1e42/sm/snapshot.1_0
2025-05-12 14:03:38,323 [a2b8b82a-e2f6-4a14-97b3-6459b5b9a67e@group-5315E3F7DC37-FollowerState] INFO  impl.FollowerState (FollowerState.java:runImpl(170)) - a2b8b82a-e2f6-4a14-97b3-6459b5b9a67e@group-5315E3F7DC37-FollowerState was interrupted
2025-05-12 14:03:38,323 [cfefa488-19eb-42ef-a91e-ee6d690e2562-impl-thread3] INFO  server.RaftServer$Division (RaftServerImpl.java:lambda$close$1(513)) - cfefa488-19eb-42ef-a91e-ee6d690e2562@group-5315E3F7DC37: shutdown
2025-05-12 14:03:38,323 [cfefa488-19eb-42ef-a91e-ee6d690e2562@group-E2372747EBFE-FollowerState] INFO  impl.FollowerState (FollowerState.java:runImpl(170)) - cfefa488-19eb-42ef-a91e-ee6d690e2562@group-E2372747EBFE-FollowerState was interrupted
2025-05-12 14:03:38,329 [cfefa488-19eb-42ef-a91e-ee6d690e2562-impl-thread3] INFO  util.JmxRegister (JmxRegister.java:unregister(74)) - Successfully un-registered JMX Bean with object name Ratis:service=RaftServer,group=group-5315E3F7DC37,id=cfefa488-19eb-42ef-a91e-ee6d690e2562
2025-05-12 14:03:38,329 [cfefa488-19eb-42ef-a91e-ee6d690e2562-impl-thread3] INFO  impl.RoleInfo (RoleInfo.java:shutdownLeaderState(103)) - cfefa488-19eb-42ef-a91e-ee6d690e2562: shutdown cfefa488-19eb-42ef-a91e-ee6d690e2562@group-5315E3F7DC37-LeaderStateImpl
2025-05-12 14:03:38,330 [cfefa488-19eb-42ef-a91e-ee6d690e2562-impl-thread3] INFO  impl.PendingRequests (PendingRequests.java:sendNotLeaderResponses(287)) - cfefa488-19eb-42ef-a91e-ee6d690e2562@group-5315E3F7DC37-PendingRequests: sendNotLeaderResponses
2025-05-12 14:03:38,322 [cfefa488-19eb-42ef-a91e-ee6d690e2562-impl-thread2] INFO  impl.StateMachineUpdater (StateMachineUpdater.java:stopAndJoin(164)) - cfefa488-19eb-42ef-a91e-ee6d690e2562@group-E2372747EBFE-StateMachineUpdater: set stopIndex = 0
2025-05-12 14:03:38,331 [main] INFO  server.GrpcService (GrpcService.java:closeImpl(352)) - 16988a43-54c6-4d79-b4f6-1d89459795e1: shutdown server org.apache.ratis.grpc.server.GrpcClientProtocolService successfully
2025-05-12 14:03:38,331 [main] INFO  server.GrpcService (GrpcService.java:closeImpl(343)) - 16988a43-54c6-4d79-b4f6-1d89459795e1: shutdown server GrpcServerProtocolService now
2025-05-12 14:03:38,329 [ForkJoinPool.commonPool-worker-2] INFO  server.GrpcService (GrpcService.java:closeImpl(352)) - 47c4feda-5356-4712-bb09-0016fbee8439: shutdown server org.apache.ratis.grpc.server.GrpcClientProtocolService successfully
2025-05-12 14:03:38,331 [ForkJoinPool.commonPool-worker-2] INFO  server.GrpcService (GrpcService.java:closeImpl(343)) - 47c4feda-5356-4712-bb09-0016fbee8439: shutdown server GrpcServerProtocolService now
2025-05-12 14:03:38,328 [47c4feda-5356-4712-bb09-0016fbee8439@group-7F007BD13FF4-StateMachineUpdater] INFO  ratis.ContainerStateMachine (ContainerStateMachine.java:takeSnapshot(427)) - group-7F007BD13FF4: Taking a snapshot at:(t:1, i:0) file /home/runner/work/ozone/ozone/hadoop-ozone/integration-test/target/test-dir/MiniOzoneClusterImpl-93228f78-d735-4ce6-971e-ca8f5c94dbdd/ozone-meta/datanode-4/ratis/91c66140-5860-478a-b640-7f007bd13ff4/sm/snapshot.1_0
2025-05-12 14:03:38,328 [47c4feda-5356-4712-bb09-0016fbee8439-impl-thread1] INFO  impl.StateMachineUpdater (StateMachineUpdater.java:stopAndJoin(164)) - 47c4feda-5356-4712-bb09-0016fbee8439@group-7F007BD13FF4-StateMachineUpdater: set stopIndex = 0
2025-05-12 14:03:38,331 [cfefa488-19eb-42ef-a91e-ee6d690e2562@group-5315E3F7DC37->16988a43-54c6-4d79-b4f6-1d89459795e1-GrpcLogAppender-LogAppenderDaemon] WARN  server.GrpcLogAppender (GrpcLogAppender.java:mayWait(293)) - cfefa488-19eb-42ef-a91e-ee6d690e2562@group-5315E3F7DC37->16988a43-54c6-4d79-b4f6-1d89459795e1-GrpcLogAppender: Wait interrupted by java.lang.InterruptedException
2025-05-12 14:03:38,328 [Thread-949] INFO  server.GrpcServerProtocolClient (GrpcServerProtocolClient.java:close(105)) - cfefa488-19eb-42ef-a91e-ee6d690e2562 Close channels
2025-05-12 14:03:38,327 [a2b8b82a-e2f6-4a14-97b3-6459b5b9a67e-impl-thread1] INFO  impl.StateMachineUpdater (StateMachineUpdater.java:stopAndJoin(164)) - a2b8b82a-e2f6-4a14-97b3-6459b5b9a67e@group-E2372747EBFE-StateMachineUpdater: set stopIndex = 0
2025-05-12 14:03:38,326 [Thread-944] INFO  server.GrpcServerProtocolClient (GrpcServerProtocolClient.java:close(105)) - 16988a43-54c6-4d79-b4f6-1d89459795e1 Close channels
2025-05-12 14:03:38,332 [cfefa488-19eb-42ef-a91e-ee6d690e2562@group-5315E3F7DC37->a2b8b82a-e2f6-4a14-97b3-6459b5b9a67e-GrpcLogAppender-LogAppenderDaemon] WARN  server.GrpcLogAppender (GrpcLogAppender.java:mayWait(293)) - cfefa488-19eb-42ef-a91e-ee6d690e2562@group-5315E3F7DC37->a2b8b82a-e2f6-4a14-97b3-6459b5b9a67e-GrpcLogAppender: Wait interrupted by java.lang.InterruptedException
2025-05-12 14:03:38,335 [cfefa488-19eb-42ef-a91e-ee6d690e2562-impl-thread3] INFO  impl.StateMachineUpdater (StateMachineUpdater.java:stopAndJoin(164)) - cfefa488-19eb-42ef-a91e-ee6d690e2562@group-5315E3F7DC37-StateMachineUpdater: set stopIndex = 0
2025-05-12 14:03:38,335 [ForkJoinPool.commonPool-worker-2] INFO  server.GrpcService (GrpcService.java:closeImpl(352)) - 47c4feda-5356-4712-bb09-0016fbee8439: shutdown server GrpcServerProtocolService successfully
2025-05-12 14:03:38,335 [grpc-default-executor-3] INFO  server.GrpcServerProtocolService (GrpcServerProtocolService.java:onCompleted(157)) - 16988a43-54c6-4d79-b4f6-1d89459795e1: Completed APPEND_ENTRIES, lastRequest: null
2025-05-12 14:03:38,335 [ForkJoinPool.commonPool-worker-2] INFO  server.GrpcService (GrpcService.java:closeImpl(343)) - 47c4feda-5356-4712-bb09-0016fbee8439: shutdown server org.apache.ratis.grpc.server.GrpcAdminProtocolService now
2025-05-12 14:03:38,336 [ForkJoinPool.commonPool-worker-2] INFO  server.GrpcService (GrpcService.java:closeImpl(352)) - 47c4feda-5356-4712-bb09-0016fbee8439: shutdown server org.apache.ratis.grpc.server.GrpcAdminProtocolService successfully
2025-05-12 14:03:38,336 [cfefa488-19eb-42ef-a91e-ee6d690e2562@group-5315E3F7DC37-StateMachineUpdater] INFO  ratis.ContainerStateMachine (ContainerStateMachine.java:takeSnapshot(427)) - group-5315E3F7DC37: Taking a snapshot at:(t:1, i:0) file /home/runner/work/ozone/ozone/hadoop-ozone/integration-test/target/test-dir/MiniOzoneClusterImpl-93228f78-d735-4ce6-971e-ca8f5c94dbdd/ozone-meta/datanode-1/ratis/82a40e4c-495c-4d18-a5f6-5315e3f7dc37/sm/snapshot.1_0
2025-05-12 14:03:38,337 [47c4feda-5356-4712-bb09-0016fbee8439-NettyServerStreamRpc-bossGroup--thread1] INFO  logging.LoggingHandler (AbstractInternalLogger.java:log(148)) - [id: 0x4a40b01d, L:/0.0.0.0:15042] CLOSE
2025-05-12 14:03:38,337 [47c4feda-5356-4712-bb09-0016fbee8439-NettyServerStreamRpc-bossGroup--thread1] INFO  logging.LoggingHandler (AbstractInternalLogger.java:log(148)) - [id: 0x4a40b01d, L:/0.0.0.0:15042] INACTIVE
2025-05-12 14:03:38,337 [47c4feda-5356-4712-bb09-0016fbee8439-NettyServerStreamRpc-bossGroup--thread1] INFO  logging.LoggingHandler (AbstractInternalLogger.java:log(148)) - [id: 0x4a40b01d, L:/0.0.0.0:15042] UNREGISTERED
2025-05-12 14:03:38,340 [grpc-default-executor-5] INFO  server.GrpcLogAppender (GrpcLogAppender.java:onError(537)) - cfefa488-19eb-42ef-a91e-ee6d690e2562@group-5315E3F7DC37->16988a43-54c6-4d79-b4f6-1d89459795e1-GrpcLogAppender is already stopped
2025-05-12 14:03:38,341 [grpc-default-executor-5] INFO  server.GrpcServerProtocolService (GrpcServerProtocolService.java:onCompleted(157)) - a2b8b82a-e2f6-4a14-97b3-6459b5b9a67e: Completed APPEND_ENTRIES, lastRequest: null
2025-05-12 14:03:38,341 [grpc-default-executor-6] INFO  server.GrpcLogAppender (GrpcLogAppender.java:onError(537)) - a2b8b82a-e2f6-4a14-97b3-6459b5b9a67e@group-E2372747EBFE->16988a43-54c6-4d79-b4f6-1d89459795e1-GrpcLogAppender is already stopped
2025-05-12 14:03:38,342 [grpc-default-executor-6] INFO  server.GrpcLogAppender (GrpcLogAppender.java:onError(537)) - cfefa488-19eb-42ef-a91e-ee6d690e2562@group-5315E3F7DC37->16988a43-54c6-4d79-b4f6-1d89459795e1-GrpcLogAppender is already stopped
2025-05-12 14:03:38,342 [main] INFO  server.GrpcService (GrpcService.java:closeImpl(352)) - 16988a43-54c6-4d79-b4f6-1d89459795e1: shutdown server GrpcServerProtocolService successfully
2025-05-12 14:03:38,342 [main] INFO  server.GrpcService (GrpcService.java:closeImpl(343)) - 16988a43-54c6-4d79-b4f6-1d89459795e1: shutdown server org.apache.ratis.grpc.server.GrpcAdminProtocolService now
2025-05-12 14:03:38,343 [main] INFO  server.GrpcService (GrpcService.java:closeImpl(352)) - 16988a43-54c6-4d79-b4f6-1d89459795e1: shutdown server org.apache.ratis.grpc.server.GrpcAdminProtocolService successfully
2025-05-12 14:03:38,343 [grpc-default-executor-8] INFO  server.GrpcLogAppender (GrpcLogAppender.java:onError(537)) - a2b8b82a-e2f6-4a14-97b3-6459b5b9a67e@group-E2372747EBFE->16988a43-54c6-4d79-b4f6-1d89459795e1-GrpcLogAppender is already stopped
2025-05-12 14:03:38,357 [16988a43-54c6-4d79-b4f6-1d89459795e1-NettyServerStreamRpc-bossGroup--thread1] INFO  logging.LoggingHandler (AbstractInternalLogger.java:log(148)) - [id: 0x924e0643, L:/0.0.0.0:15034] CLOSE
2025-05-12 14:03:38,357 [16988a43-54c6-4d79-b4f6-1d89459795e1-NettyServerStreamRpc-bossGroup--thread1] INFO  logging.LoggingHandler (AbstractInternalLogger.java:log(148)) - [id: 0x924e0643, L:/0.0.0.0:15034] INACTIVE
2025-05-12 14:03:38,358 [16988a43-54c6-4d79-b4f6-1d89459795e1-NettyServerStreamRpc-bossGroup--thread1] INFO  logging.LoggingHandler (AbstractInternalLogger.java:log(148)) - [id: 0x924e0643, L:/0.0.0.0:15034] UNREGISTERED
2025-05-12 14:03:38,401 [a2b8b82a-e2f6-4a14-97b3-6459b5b9a67e@group-AC9569F6DAA3-StateMachineUpdater] INFO  ratis.ContainerStateMachine (ContainerStateMachine.java:takeSnapshot(436)) - group-AC9569F6DAA3: Finished taking a snapshot at:(t:1, i:0) file:/home/runner/work/ozone/ozone/hadoop-ozone/integration-test/target/test-dir/MiniOzoneClusterImpl-93228f78-d735-4ce6-971e-ca8f5c94dbdd/ozone-meta/datanode-2/ratis/000e57b3-5b63-4f2c-af1c-ac9569f6daa3/sm/snapshot.1_0 took: 76 ms
2025-05-12 14:03:38,401 [cfefa488-19eb-42ef-a91e-ee6d690e2562@group-5315E3F7DC37-StateMachineUpdater] INFO  ratis.ContainerStateMachine (ContainerStateMachine.java:takeSnapshot(436)) - group-5315E3F7DC37: Finished taking a snapshot at:(t:1, i:0) file:/home/runner/work/ozone/ozone/hadoop-ozone/integration-test/target/test-dir/MiniOzoneClusterImpl-93228f78-d735-4ce6-971e-ca8f5c94dbdd/ozone-meta/datanode-1/ratis/82a40e4c-495c-4d18-a5f6-5315e3f7dc37/sm/snapshot.1_0 took: 64 ms
2025-05-12 14:03:38,401 [16988a43-54c6-4d79-b4f6-1d89459795e1@group-4A32057C1E42-StateMachineUpdater] INFO  ratis.ContainerStateMachine (ContainerStateMachine.java:takeSnapshot(436)) - group-4A32057C1E42: Finished taking a snapshot at:(t:1, i:0) file:/home/runner/work/ozone/ozone/hadoop-ozone/integration-test/target/test-dir/MiniOzoneClusterImpl-93228f78-d735-4ce6-971e-ca8f5c94dbdd/ozone-meta/datanode-3/ratis/e388c054-aea5-4447-9ca0-4a32057c1e42/sm/snapshot.1_0 took: 78 ms
2025-05-12 14:03:38,401 [16988a43-54c6-4d79-b4f6-1d89459795e1@group-E2372747EBFE-StateMachineUpdater] INFO  ratis.ContainerStateMachine (ContainerStateMachine.java:takeSnapshot(436)) - group-E2372747EBFE: Finished taking a snapshot at:(t:1, i:0) file:/home/runner/work/ozone/ozone/hadoop-ozone/integration-test/target/test-dir/MiniOzoneClusterImpl-93228f78-d735-4ce6-971e-ca8f5c94dbdd/ozone-meta/datanode-3/ratis/00ca9195-5014-4ace-8f60-e2372747ebfe/sm/snapshot.1_0 took: 82 ms
2025-05-12 14:03:38,401 [a2b8b82a-e2f6-4a14-97b3-6459b5b9a67e@group-E2372747EBFE-StateMachineUpdater] INFO  ratis.ContainerStateMachine (ContainerStateMachine.java:takeSnapshot(436)) - group-E2372747EBFE: Finished taking a snapshot at:(t:1, i:0) file:/home/runner/work/ozone/ozone/hadoop-ozone/integration-test/target/test-dir/MiniOzoneClusterImpl-93228f78-d735-4ce6-971e-ca8f5c94dbdd/ozone-meta/datanode-2/ratis/00ca9195-5014-4ace-8f60-e2372747ebfe/sm/snapshot.1_0 took: 75 ms
2025-05-12 14:03:38,402 [cfefa488-19eb-42ef-a91e-ee6d690e2562@group-54B4B40431DD-StateMachineUpdater] INFO  ratis.ContainerStateMachine (ContainerStateMachine.java:takeSnapshot(436)) - group-54B4B40431DD: Finished taking a snapshot at:(t:1, i:0) file:/home/runner/work/ozone/ozone/hadoop-ozone/integration-test/target/test-dir/MiniOzoneClusterImpl-93228f78-d735-4ce6-971e-ca8f5c94dbdd/ozone-meta/datanode-1/ratis/7dc63e3f-e2d1-4633-aa40-54b4b40431dd/sm/snapshot.1_0 took: 76 ms
2025-05-12 14:03:38,402 [a2b8b82a-e2f6-4a14-97b3-6459b5b9a67e@group-5315E3F7DC37-StateMachineUpdater] INFO  ratis.ContainerStateMachine (ContainerStateMachine.java:takeSnapshot(436)) - group-5315E3F7DC37: Finished taking a snapshot at:(t:1, i:0) file:/home/runner/work/ozone/ozone/hadoop-ozone/integration-test/target/test-dir/MiniOzoneClusterImpl-93228f78-d735-4ce6-971e-ca8f5c94dbdd/ozone-meta/datanode-2/ratis/82a40e4c-495c-4d18-a5f6-5315e3f7dc37/sm/snapshot.1_0 took: 77 ms
2025-05-12 14:03:38,402 [16988a43-54c6-4d79-b4f6-1d89459795e1@group-5315E3F7DC37-StateMachineUpdater] INFO  ratis.ContainerStateMachine (ContainerStateMachine.java:takeSnapshot(436)) - group-5315E3F7DC37: Finished taking a snapshot at:(t:1, i:0) file:/home/runner/work/ozone/ozone/hadoop-ozone/integration-test/target/test-dir/MiniOzoneClusterImpl-93228f78-d735-4ce6-971e-ca8f5c94dbdd/ozone-meta/datanode-3/ratis/82a40e4c-495c-4d18-a5f6-5315e3f7dc37/sm/snapshot.1_0 took: 82 ms
2025-05-12 14:03:38,403 [16988a43-54c6-4d79-b4f6-1d89459795e1@group-4A32057C1E42-StateMachineUpdater] INFO  impl.StateMachineUpdater (StateMachineUpdater.java:takeSnapshot(303)) - 16988a43-54c6-4d79-b4f6-1d89459795e1@group-4A32057C1E42-StateMachineUpdater: Took a snapshot at index 0
2025-05-12 14:03:38,403 [cfefa488-19eb-42ef-a91e-ee6d690e2562@group-5315E3F7DC37-StateMachineUpdater] INFO  impl.StateMachineUpdater (StateMachineUpdater.java:takeSnapshot(303)) - cfefa488-19eb-42ef-a91e-ee6d690e2562@group-5315E3F7DC37-StateMachineUpdater: Took a snapshot at index 0
2025-05-12 14:03:38,403 [cfefa488-19eb-42ef-a91e-ee6d690e2562@group-5315E3F7DC37-StateMachineUpdater] INFO  impl.StateMachineUpdater (StateMachineUpdater.java:lambda$new$0(102)) - cfefa488-19eb-42ef-a91e-ee6d690e2562@group-5315E3F7DC37-StateMachineUpdater: snapshotIndex: updateIncreasingly -1 -> 0
2025-05-12 14:03:38,403 [16988a43-54c6-4d79-b4f6-1d89459795e1@group-5315E3F7DC37-StateMachineUpdater] INFO  impl.StateMachineUpdater (StateMachineUpdater.java:takeSnapshot(303)) - 16988a43-54c6-4d79-b4f6-1d89459795e1@group-5315E3F7DC37-StateMachineUpdater: Took a snapshot at index 0
2025-05-12 14:03:38,403 [16988a43-54c6-4d79-b4f6-1d89459795e1@group-5315E3F7DC37-StateMachineUpdater] INFO  impl.StateMachineUpdater (StateMachineUpdater.java:lambda$new$0(102)) - 16988a43-54c6-4d79-b4f6-1d89459795e1@group-5315E3F7DC37-StateMachineUpdater: snapshotIndex: updateIncreasingly -1 -> 0
2025-05-12 14:03:38,403 [16988a43-54c6-4d79-b4f6-1d89459795e1@group-5315E3F7DC37-StateMachineUpdater] INFO  impl.StateMachineUpdater (StateMachineUpdater.java:stop(141)) - 16988a43-54c6-4d79-b4f6-1d89459795e1@group-5315E3F7DC37-StateMachineUpdater: closing ContainerStateMachine, lastApplied=(t:1, i:0)
2025-05-12 14:03:38,403 [cfefa488-19eb-42ef-a91e-ee6d690e2562@group-E2372747EBFE-StateMachineUpdater] INFO  ratis.ContainerStateMachine (ContainerStateMachine.java:takeSnapshot(436)) - group-E2372747EBFE: Finished taking a snapshot at:(t:1, i:0) file:/home/runner/work/ozone/ozone/hadoop-ozone/integration-test/target/test-dir/MiniOzoneClusterImpl-93228f78-d735-4ce6-971e-ca8f5c94dbdd/ozone-meta/datanode-1/ratis/00ca9195-5014-4ace-8f60-e2372747ebfe/sm/snapshot.1_0 took: 81 ms
2025-05-12 14:03:38,403 [a2b8b82a-e2f6-4a14-97b3-6459b5b9a67e@group-AC9569F6DAA3-StateMachineUpdater] INFO  impl.StateMachineUpdater (StateMachineUpdater.java:takeSnapshot(303)) - a2b8b82a-e2f6-4a14-97b3-6459b5b9a67e@group-AC9569F6DAA3-StateMachineUpdater: Took a snapshot at index 0
2025-05-12 14:03:38,404 [a2b8b82a-e2f6-4a14-97b3-6459b5b9a67e@group-AC9569F6DAA3-StateMachineUpdater] INFO  impl.StateMachineUpdater (StateMachineUpdater.java:lambda$new$0(102)) - a2b8b82a-e2f6-4a14-97b3-6459b5b9a67e@group-AC9569F6DAA3-StateMachineUpdater: snapshotIndex: updateIncreasingly -1 -> 0
2025-05-12 14:03:38,404 [a2b8b82a-e2f6-4a14-97b3-6459b5b9a67e@group-AC9569F6DAA3-StateMachineUpdater] INFO  impl.StateMachineUpdater (StateMachineUpdater.java:stop(141)) - a2b8b82a-e2f6-4a14-97b3-6459b5b9a67e@group-AC9569F6DAA3-StateMachineUpdater: closing ContainerStateMachine, lastApplied=(t:1, i:0)
2025-05-12 14:03:38,404 [a2b8b82a-e2f6-4a14-97b3-6459b5b9a67e@group-AC9569F6DAA3-cacheEviction-AwaitToRun] INFO  util.AwaitToRun (AwaitToRun.java:run(49)) - a2b8b82a-e2f6-4a14-97b3-6459b5b9a67e@group-AC9569F6DAA3-cacheEviction-AwaitToRun-AwaitForSignal is interrupted
2025-05-12 14:03:38,405 [grpc-default-executor-1] INFO  server.GrpcServerProtocolService (GrpcServerProtocolService.java:lambda$onCompleted$5(159)) - 16988a43-54c6-4d79-b4f6-1d89459795e1: Completed APPEND_ENTRIES, lastReply: serverReply {
  requestorId: "a2b8b82a-e2f6-4a14-97b3-6459b5b9a67e"
  replyId: "16988a43-54c6-4d79-b4f6-1d89459795e1"
  raftGroupId {
    id: "\000\312\221\225P\024J\316\217`\3427\'G\353\376"
  }
  callId: 7
  success: true
}
term: 1
nextIndex: 1
matchIndex: 18446744073709551615
isHearbeat: true

2025-05-12 14:03:38,405 [grpc-default-executor-0] INFO  server.GrpcServerProtocolService (GrpcServerProtocolService.java:lambda$onCompleted$5(159)) - cfefa488-19eb-42ef-a91e-ee6d690e2562: Completed APPEND_ENTRIES, lastReply: serverReply {
  requestorId: "a2b8b82a-e2f6-4a14-97b3-6459b5b9a67e"
  replyId: "cfefa488-19eb-42ef-a91e-ee6d690e2562"
  raftGroupId {
    id: "\000\312\221\225P\024J\316\217`\3427\'G\353\376"
  }
  callId: 8
  success: true
}
term: 1
nextIndex: 1
matchIndex: 18446744073709551615
isHearbeat: true

2025-05-12 14:03:38,403 [16988a43-54c6-4d79-b4f6-1d89459795e1@group-4A32057C1E42-StateMachineUpdater] INFO  impl.StateMachineUpdater (StateMachineUpdater.java:lambda$new$0(102)) - 16988a43-54c6-4d79-b4f6-1d89459795e1@group-4A32057C1E42-StateMachineUpdater: snapshotIndex: updateIncreasingly -1 -> 0
2025-05-12 14:03:38,406 [16988a43-54c6-4d79-b4f6-1d89459795e1@group-4A32057C1E42-StateMachineUpdater] INFO  impl.StateMachineUpdater (StateMachineUpdater.java:stop(141)) - 16988a43-54c6-4d79-b4f6-1d89459795e1@group-4A32057C1E42-StateMachineUpdater: closing ContainerStateMachine, lastApplied=(t:1, i:0)
2025-05-12 14:03:38,406 [a2b8b82a-e2f6-4a14-97b3-6459b5b9a67e@group-5315E3F7DC37-StateMachineUpdater] INFO  impl.StateMachineUpdater (StateMachineUpdater.java:takeSnapshot(303)) - a2b8b82a-e2f6-4a14-97b3-6459b5b9a67e@group-5315E3F7DC37-StateMachineUpdater: Took a snapshot at index 0
2025-05-12 14:03:38,407 [a2b8b82a-e2f6-4a14-97b3-6459b5b9a67e@group-5315E3F7DC37-StateMachineUpdater] INFO  impl.StateMachineUpdater (StateMachineUpdater.java:lambda$new$0(102)) - a2b8b82a-e2f6-4a14-97b3-6459b5b9a67e@group-5315E3F7DC37-StateMachineUpdater: snapshotIndex: updateIncreasingly -1 -> 0
2025-05-12 14:03:38,407 [a2b8b82a-e2f6-4a14-97b3-6459b5b9a67e@group-5315E3F7DC37-StateMachineUpdater] INFO  impl.StateMachineUpdater (StateMachineUpdater.java:stop(141)) - a2b8b82a-e2f6-4a14-97b3-6459b5b9a67e@group-5315E3F7DC37-StateMachineUpdater: closing ContainerStateMachine, lastApplied=(t:1, i:0)
2025-05-12 14:03:38,406 [cfefa488-19eb-42ef-a91e-ee6d690e2562@group-54B4B40431DD-StateMachineUpdater] INFO  impl.StateMachineUpdater (StateMachineUpdater.java:takeSnapshot(303)) - cfefa488-19eb-42ef-a91e-ee6d690e2562@group-54B4B40431DD-StateMachineUpdater: Took a snapshot at index 0
2025-05-12 14:03:38,407 [cfefa488-19eb-42ef-a91e-ee6d690e2562@group-54B4B40431DD-StateMachineUpdater] INFO  impl.StateMachineUpdater (StateMachineUpdater.java:lambda$new$0(102)) - cfefa488-19eb-42ef-a91e-ee6d690e2562@group-54B4B40431DD-StateMachineUpdater: snapshotIndex: updateIncreasingly -1 -> 0
2025-05-12 14:03:38,407 [cfefa488-19eb-42ef-a91e-ee6d690e2562@group-54B4B40431DD-StateMachineUpdater] INFO  impl.StateMachineUpdater (StateMachineUpdater.java:stop(141)) - cfefa488-19eb-42ef-a91e-ee6d690e2562@group-54B4B40431DD-StateMachineUpdater: closing ContainerStateMachine, lastApplied=(t:1, i:0)
2025-05-12 14:03:38,406 [grpc-default-executor-5] INFO  server.GrpcServerProtocolService (GrpcServerProtocolService.java:lambda$onCompleted$5(159)) - a2b8b82a-e2f6-4a14-97b3-6459b5b9a67e: Completed APPEND_ENTRIES, lastReply: serverReply {
  requestorId: "cfefa488-19eb-42ef-a91e-ee6d690e2562"
  replyId: "a2b8b82a-e2f6-4a14-97b3-6459b5b9a67e"
  raftGroupId {
    id: "\202\244\016LI\\M\030\245\366S\025\343\367\3347"
  }
  callId: 7
  success: true
}
term: 1
nextIndex: 1
matchIndex: 18446744073709551615
isHearbeat: true

2025-05-12 14:03:38,407 [cfefa488-19eb-42ef-a91e-ee6d690e2562@group-54B4B40431DD-cacheEviction-AwaitToRun] INFO  util.AwaitToRun (AwaitToRun.java:run(49)) - cfefa488-19eb-42ef-a91e-ee6d690e2562@group-54B4B40431DD-cacheEviction-AwaitToRun-AwaitForSignal is interrupted
2025-05-12 14:03:38,406 [16988a43-54c6-4d79-b4f6-1d89459795e1@group-5315E3F7DC37-cacheEviction-AwaitToRun] INFO  util.AwaitToRun (AwaitToRun.java:run(49)) - 16988a43-54c6-4d79-b4f6-1d89459795e1@group-5315E3F7DC37-cacheEviction-AwaitToRun-AwaitForSignal is interrupted
2025-05-12 14:03:38,408 [a2b8b82a-e2f6-4a14-97b3-6459b5b9a67e@group-5315E3F7DC37-cacheEviction-AwaitToRun] INFO  util.AwaitToRun (AwaitToRun.java:run(49)) - a2b8b82a-e2f6-4a14-97b3-6459b5b9a67e@group-5315E3F7DC37-cacheEviction-AwaitToRun-AwaitForSignal is interrupted
2025-05-12 14:03:38,408 [grpc-default-executor-5] INFO  server.GrpcLogAppender (GrpcLogAppender.java:onCompleted(550)) - a2b8b82a-e2f6-4a14-97b3-6459b5b9a67e@group-E2372747EBFE->cfefa488-19eb-42ef-a91e-ee6d690e2562-AppendLogResponseHandler: follower responses appendEntries COMPLETED
2025-05-12 14:03:38,409 [grpc-default-executor-5] WARN  server.GrpcLogAppender (GrpcLogAppender.java:resetClient(230)) - a2b8b82a-e2f6-4a14-97b3-6459b5b9a67e@group-E2372747EBFE->cfefa488-19eb-42ef-a91e-ee6d690e2562-GrpcLogAppender: Failed to getClient for cfefa488-19eb-42ef-a91e-ee6d690e2562
org.apache.ratis.protocol.exceptions.AlreadyClosedException: a2b8b82a-e2f6-4a14-97b3-6459b5b9a67e is already CLOSED
	at org.apache.ratis.util.PeerProxyMap$PeerAndProxy.getProxy(PeerProxyMap.java:67)
	at org.apache.ratis.util.PeerProxyMap.getProxy(PeerProxyMap.java:124)
	at org.apache.ratis.grpc.server.GrpcLogAppender.getClient(GrpcLogAppender.java:200)
	at org.apache.ratis.grpc.server.GrpcLogAppender.resetClient(GrpcLogAppender.java:205)
	at org.apache.ratis.grpc.server.GrpcLogAppender.access$800(GrpcLogAppender.java:64)
	at org.apache.ratis.grpc.server.GrpcLogAppender$AppendLogResponseHandler.onCompleted(GrpcLogAppender.java:551)
	at org.apache.ratis.thirdparty.io.grpc.stub.ClientCalls$StreamObserverToCallListenerAdapter.onClose(ClientCalls.java:479)
	at org.apache.ratis.thirdparty.io.grpc.internal.DelayedClientCall$DelayedListener$3.run(DelayedClientCall.java:489)
	at org.apache.ratis.thirdparty.io.grpc.internal.DelayedClientCall$DelayedListener.delayOrExecute(DelayedClientCall.java:453)
	at org.apache.ratis.thirdparty.io.grpc.internal.DelayedClientCall$DelayedListener.onClose(DelayedClientCall.java:486)
	at org.apache.ratis.thirdparty.io.grpc.internal.ClientCallImpl.closeObserver(ClientCallImpl.java:567)
	at org.apache.ratis.thirdparty.io.grpc.internal.ClientCallImpl.access$300(ClientCallImpl.java:71)
	at org.apache.ratis.thirdparty.io.grpc.internal.ClientCallImpl$ClientStreamListenerImpl$1StreamClosed.runInternal(ClientCallImpl.java:735)
	at org.apache.ratis.thirdparty.io.grpc.internal.ClientCallImpl$ClientStreamListenerImpl$1StreamClosed.runInContext(ClientCallImpl.java:716)
	at org.apache.ratis.thirdparty.io.grpc.internal.ContextRunnable.run(ContextRunnable.java:37)
	at org.apache.ratis.thirdparty.io.grpc.internal.SerializingExecutor.run(SerializingExecutor.java:133)
	at java.base/java.util.concurrent.ThreadPoolExecutor.runWorker(ThreadPoolExecutor.java:1144)
	at java.base/java.util.concurrent.ThreadPoolExecutor$Worker.run(ThreadPoolExecutor.java:642)
	at java.base/java.lang.Thread.run(Thread.java:1583)
2025-05-12 14:03:38,406 [a2b8b82a-e2f6-4a14-97b3-6459b5b9a67e@group-E2372747EBFE-StateMachineUpdater] INFO  impl.StateMachineUpdater (StateMachineUpdater.java:takeSnapshot(303)) - a2b8b82a-e2f6-4a14-97b3-6459b5b9a67e@group-E2372747EBFE-StateMachineUpdater: Took a snapshot at index 0
2025-05-12 14:03:38,412 [a2b8b82a-e2f6-4a14-97b3-6459b5b9a67e@group-E2372747EBFE-StateMachineUpdater] INFO  impl.StateMachineUpdater (StateMachineUpdater.java:lambda$new$0(102)) - a2b8b82a-e2f6-4a14-97b3-6459b5b9a67e@group-E2372747EBFE-StateMachineUpdater: snapshotIndex: updateIncreasingly -1 -> 0
2025-05-12 14:03:38,412 [a2b8b82a-e2f6-4a14-97b3-6459b5b9a67e@group-E2372747EBFE-StateMachineUpdater] INFO  impl.StateMachineUpdater (StateMachineUpdater.java:stop(141)) - a2b8b82a-e2f6-4a14-97b3-6459b5b9a67e@group-E2372747EBFE-StateMachineUpdater: closing ContainerStateMachine, lastApplied=(t:1, i:0)
2025-05-12 14:03:38,412 [a2b8b82a-e2f6-4a14-97b3-6459b5b9a67e@group-E2372747EBFE-cacheEviction-AwaitToRun] INFO  util.AwaitToRun (AwaitToRun.java:run(49)) - a2b8b82a-e2f6-4a14-97b3-6459b5b9a67e@group-E2372747EBFE-cacheEviction-AwaitToRun-AwaitForSignal is interrupted
2025-05-12 14:03:38,405 [16988a43-54c6-4d79-b4f6-1d89459795e1@group-E2372747EBFE-StateMachineUpdater] INFO  impl.StateMachineUpdater (StateMachineUpdater.java:takeSnapshot(303)) - 16988a43-54c6-4d79-b4f6-1d89459795e1@group-E2372747EBFE-StateMachineUpdater: Took a snapshot at index 0
2025-05-12 14:03:38,412 [16988a43-54c6-4d79-b4f6-1d89459795e1@group-E2372747EBFE-StateMachineUpdater] INFO  impl.StateMachineUpdater (StateMachineUpdater.java:lambda$new$0(102)) - 16988a43-54c6-4d79-b4f6-1d89459795e1@group-E2372747EBFE-StateMachineUpdater: snapshotIndex: updateIncreasingly -1 -> 0
2025-05-12 14:03:38,405 [grpc-default-executor-3] INFO  server.GrpcServerProtocolService (GrpcServerProtocolService.java:lambda$onCompleted$5(159)) - 16988a43-54c6-4d79-b4f6-1d89459795e1: Completed APPEND_ENTRIES, lastReply: serverReply {
  requestorId: "cfefa488-19eb-42ef-a91e-ee6d690e2562"
  replyId: "16988a43-54c6-4d79-b4f6-1d89459795e1"
  raftGroupId {
    id: "\202\244\016LI\\M\030\245\366S\025\343\367\3347"
  }
  callId: 9
  success: true
}
term: 1
nextIndex: 1
matchIndex: 18446744073709551615
isHearbeat: true

2025-05-12 14:03:38,404 [cfefa488-19eb-42ef-a91e-ee6d690e2562@group-E2372747EBFE-StateMachineUpdater] INFO  impl.StateMachineUpdater (StateMachineUpdater.java:takeSnapshot(303)) - cfefa488-19eb-42ef-a91e-ee6d690e2562@group-E2372747EBFE-StateMachineUpdater: Took a snapshot at index 0
2025-05-12 14:03:38,413 [cfefa488-19eb-42ef-a91e-ee6d690e2562@group-E2372747EBFE-StateMachineUpdater] INFO  impl.StateMachineUpdater (StateMachineUpdater.java:lambda$new$0(102)) - cfefa488-19eb-42ef-a91e-ee6d690e2562@group-E2372747EBFE-StateMachineUpdater: snapshotIndex: updateIncreasingly -1 -> 0
2025-05-12 14:03:38,403 [cfefa488-19eb-42ef-a91e-ee6d690e2562@group-5315E3F7DC37-StateMachineUpdater] INFO  impl.StateMachineUpdater (StateMachineUpdater.java:stop(141)) - cfefa488-19eb-42ef-a91e-ee6d690e2562@group-5315E3F7DC37-StateMachineUpdater: closing ContainerStateMachine, lastApplied=(t:1, i:0)
2025-05-12 14:03:38,403 [47c4feda-5356-4712-bb09-0016fbee8439@group-7F007BD13FF4-StateMachineUpdater] INFO  ratis.ContainerStateMachine (ContainerStateMachine.java:takeSnapshot(436)) - group-7F007BD13FF4: Finished taking a snapshot at:(t:1, i:0) file:/home/runner/work/ozone/ozone/hadoop-ozone/integration-test/target/test-dir/MiniOzoneClusterImpl-93228f78-d735-4ce6-971e-ca8f5c94dbdd/ozone-meta/datanode-4/ratis/91c66140-5860-478a-b640-7f007bd13ff4/sm/snapshot.1_0 took: 74 ms
2025-05-12 14:03:38,413 [47c4feda-5356-4712-bb09-0016fbee8439@group-7F007BD13FF4-StateMachineUpdater] INFO  impl.StateMachineUpdater (StateMachineUpdater.java:takeSnapshot(303)) - 47c4feda-5356-4712-bb09-0016fbee8439@group-7F007BD13FF4-StateMachineUpdater: Took a snapshot at index 0
2025-05-12 14:03:38,413 [47c4feda-5356-4712-bb09-0016fbee8439@group-7F007BD13FF4-StateMachineUpdater] INFO  impl.StateMachineUpdater (StateMachineUpdater.java:lambda$new$0(102)) - 47c4feda-5356-4712-bb09-0016fbee8439@group-7F007BD13FF4-StateMachineUpdater: snapshotIndex: updateIncreasingly -1 -> 0
2025-05-12 14:03:38,412 [16988a43-54c6-4d79-b4f6-1d89459795e1@group-E2372747EBFE-StateMachineUpdater] INFO  impl.StateMachineUpdater (StateMachineUpdater.java:stop(141)) - 16988a43-54c6-4d79-b4f6-1d89459795e1@group-E2372747EBFE-StateMachineUpdater: closing ContainerStateMachine, lastApplied=(t:1, i:0)
2025-05-12 14:03:38,411 [grpc-default-executor-7] WARN  server.GrpcServerProtocolService (LogUtils.java:warn(121)) - 16988a43-54c6-4d79-b4f6-1d89459795e1: APPEND_ENTRIES onError, lastRequest: cfefa488-19eb-42ef-a91e-ee6d690e2562->16988a43-54c6-4d79-b4f6-1d89459795e1#1-t1,previous=(t:0, i:0),leaderCommit=-1,initializing? false,entries: size=1, first=(t:1, i:0), CONFIGURATIONENTRY(current:id:"16988a43-54c6-4d79-b4f6-1d89459795e1"address:"127.0.0.1:15033"dataStreamAddress:"127.0.0.1:15034"clientAddress:"127.0.0.1:15031"adminAddress:"127.0.0.1:15032"startupRole:FOLLOWER, id:"a2b8b82a-e2f6-4a14-97b3-6459b5b9a67e"address:"127.0.0.1:15025"dataStreamAddress:"127.0.0.1:15026"clientAddress:"127.0.0.1:15023"adminAddress:"127.0.0.1:15024"startupRole:FOLLOWER, id:"cfefa488-19eb-42ef-a91e-ee6d690e2562"address:"127.0.0.1:15017"priority:1dataStreamAddress:"127.0.0.1:15018"clientAddress:"127.0.0.1:15015"adminAddress:"127.0.0.1:15016"startupRole:FOLLOWER, old:): org.apache.ratis.thirdparty.io.grpc.StatusRuntimeException: CANCELLED: client cancelled
2025-05-12 14:03:38,411 [grpc-default-executor-0] INFO  server.GrpcLogAppender (GrpcLogAppender.java:onCompleted(550)) - cfefa488-19eb-42ef-a91e-ee6d690e2562@group-5315E3F7DC37->a2b8b82a-e2f6-4a14-97b3-6459b5b9a67e-AppendLogResponseHandler: follower responses appendEntries COMPLETED
2025-05-12 14:03:38,411 [grpc-default-executor-6] INFO  server.GrpcServerProtocolService (GrpcServerProtocolService.java:onCompleted(157)) - a2b8b82a-e2f6-4a14-97b3-6459b5b9a67e: Completed APPEND_ENTRIES, lastRequest: cfefa488-19eb-42ef-a91e-ee6d690e2562->a2b8b82a-e2f6-4a14-97b3-6459b5b9a67e#1-t1,previous=(t:0, i:0),leaderCommit=-1,initializing? false,entries: size=1, first=(t:1, i:0), CONFIGURATIONENTRY(current:id:"16988a43-54c6-4d79-b4f6-1d89459795e1"address:"127.0.0.1:15033"dataStreamAddress:"127.0.0.1:15034"clientAddress:"127.0.0.1:15031"adminAddress:"127.0.0.1:15032"startupRole:FOLLOWER, id:"a2b8b82a-e2f6-4a14-97b3-6459b5b9a67e"address:"127.0.0.1:15025"dataStreamAddress:"127.0.0.1:15026"clientAddress:"127.0.0.1:15023"adminAddress:"127.0.0.1:15024"startupRole:FOLLOWER, id:"cfefa488-19eb-42ef-a91e-ee6d690e2562"address:"127.0.0.1:15017"priority:1dataStreamAddress:"127.0.0.1:15018"clientAddress:"127.0.0.1:15015"adminAddress:"127.0.0.1:15016"startupRole:FOLLOWER, old:)
2025-05-12 14:03:38,414 [grpc-default-executor-6] INFO  server.GrpcServerProtocolService (GrpcServerProtocolService.java:lambda$onCompleted$5(159)) - a2b8b82a-e2f6-4a14-97b3-6459b5b9a67e: Completed APPEND_ENTRIES, lastReply: null
2025-05-12 14:03:38,411 [grpc-default-executor-2] INFO  server.GrpcServerProtocolService (GrpcServerProtocolService.java:onCompleted(157)) - 16988a43-54c6-4d79-b4f6-1d89459795e1: Completed APPEND_ENTRIES, lastRequest: a2b8b82a-e2f6-4a14-97b3-6459b5b9a67e->16988a43-54c6-4d79-b4f6-1d89459795e1#1-t1,previous=(t:0, i:0),leaderCommit=-1,initializing? false,entries: size=1, first=(t:1, i:0), CONFIGURATIONENTRY(current:id:"16988a43-54c6-4d79-b4f6-1d89459795e1"address:"127.0.0.1:15033"dataStreamAddress:"127.0.0.1:15034"clientAddress:"127.0.0.1:15031"adminAddress:"127.0.0.1:15032"startupRole:FOLLOWER, id:"a2b8b82a-e2f6-4a14-97b3-6459b5b9a67e"address:"127.0.0.1:15025"priority:1dataStreamAddress:"127.0.0.1:15026"clientAddress:"127.0.0.1:15023"adminAddress:"127.0.0.1:15024"startupRole:FOLLOWER, id:"cfefa488-19eb-42ef-a91e-ee6d690e2562"address:"127.0.0.1:15017"dataStreamAddress:"127.0.0.1:15018"clientAddress:"127.0.0.1:15015"adminAddress:"127.0.0.1:15016"startupRole:FOLLOWER, old:)
2025-05-12 14:03:38,410 [16988a43-54c6-4d79-b4f6-1d89459795e1@group-4A32057C1E42-cacheEviction-AwaitToRun] INFO  util.AwaitToRun (AwaitToRun.java:run(49)) - 16988a43-54c6-4d79-b4f6-1d89459795e1@group-4A32057C1E42-cacheEviction-AwaitToRun-AwaitForSignal is interrupted
2025-05-12 14:03:38,414 [grpc-default-executor-2] INFO  server.GrpcServerProtocolService (GrpcServerProtocolService.java:lambda$onCompleted$5(159)) - 16988a43-54c6-4d79-b4f6-1d89459795e1: Completed APPEND_ENTRIES, lastReply: null
2025-05-12 14:03:38,414 [grpc-default-executor-0] WARN  server.GrpcLogAppender (GrpcLogAppender.java:resetClient(230)) - cfefa488-19eb-42ef-a91e-ee6d690e2562@group-5315E3F7DC37->a2b8b82a-e2f6-4a14-97b3-6459b5b9a67e-GrpcLogAppender: Failed to getClient for a2b8b82a-e2f6-4a14-97b3-6459b5b9a67e
org.apache.ratis.protocol.exceptions.AlreadyClosedException: cfefa488-19eb-42ef-a91e-ee6d690e2562 is already CLOSED
	at org.apache.ratis.util.PeerProxyMap$PeerAndProxy.getProxy(PeerProxyMap.java:67)
	at org.apache.ratis.util.PeerProxyMap.getProxy(PeerProxyMap.java:124)
	at org.apache.ratis.grpc.server.GrpcLogAppender.getClient(GrpcLogAppender.java:200)
	at org.apache.ratis.grpc.server.GrpcLogAppender.resetClient(GrpcLogAppender.java:205)
	at org.apache.ratis.grpc.server.GrpcLogAppender.access$800(GrpcLogAppender.java:64)
	at org.apache.ratis.grpc.server.GrpcLogAppender$AppendLogResponseHandler.onCompleted(GrpcLogAppender.java:551)
	at org.apache.ratis.thirdparty.io.grpc.stub.ClientCalls$StreamObserverToCallListenerAdapter.onClose(ClientCalls.java:479)
	at org.apache.ratis.thirdparty.io.grpc.internal.DelayedClientCall$DelayedListener$3.run(DelayedClientCall.java:489)
	at org.apache.ratis.thirdparty.io.grpc.internal.DelayedClientCall$DelayedListener.delayOrExecute(DelayedClientCall.java:453)
	at org.apache.ratis.thirdparty.io.grpc.internal.DelayedClientCall$DelayedListener.onClose(DelayedClientCall.java:486)
	at org.apache.ratis.thirdparty.io.grpc.internal.ClientCallImpl.closeObserver(ClientCallImpl.java:567)
	at org.apache.ratis.thirdparty.io.grpc.internal.ClientCallImpl.access$300(ClientCallImpl.java:71)
	at org.apache.ratis.thirdparty.io.grpc.internal.ClientCallImpl$ClientStreamListenerImpl$1StreamClosed.runInternal(ClientCallImpl.java:735)
	at org.apache.ratis.thirdparty.io.grpc.internal.ClientCallImpl$ClientStreamListenerImpl$1StreamClosed.runInContext(ClientCallImpl.java:716)
	at org.apache.ratis.thirdparty.io.grpc.internal.ContextRunnable.run(ContextRunnable.java:37)
	at org.apache.ratis.thirdparty.io.grpc.internal.SerializingExecutor.run(SerializingExecutor.java:133)
	at java.base/java.util.concurrent.ThreadPoolExecutor.runWorker(ThreadPoolExecutor.java:1144)
	at java.base/java.util.concurrent.ThreadPoolExecutor$Worker.run(ThreadPoolExecutor.java:642)
	at java.base/java.lang.Thread.run(Thread.java:1583)
2025-05-12 14:03:38,414 [16988a43-54c6-4d79-b4f6-1d89459795e1@group-E2372747EBFE-cacheEviction-AwaitToRun] INFO  util.AwaitToRun (AwaitToRun.java:run(49)) - 16988a43-54c6-4d79-b4f6-1d89459795e1@group-E2372747EBFE-cacheEviction-AwaitToRun-AwaitForSignal is interrupted
2025-05-12 14:03:38,414 [cfefa488-19eb-42ef-a91e-ee6d690e2562@group-5315E3F7DC37-cacheEviction-AwaitToRun] INFO  util.AwaitToRun (AwaitToRun.java:run(49)) - cfefa488-19eb-42ef-a91e-ee6d690e2562@group-5315E3F7DC37-cacheEviction-AwaitToRun-AwaitForSignal is interrupted
2025-05-12 14:03:38,416 [ForkJoinPool.commonPool-worker-3] INFO  server.GrpcService (GrpcService.java:closeImpl(352)) - cfefa488-19eb-42ef-a91e-ee6d690e2562: shutdown server org.apache.ratis.grpc.server.GrpcClientProtocolService successfully
2025-05-12 14:03:38,416 [ForkJoinPool.commonPool-worker-3] INFO  server.GrpcService (GrpcService.java:closeImpl(343)) - cfefa488-19eb-42ef-a91e-ee6d690e2562: shutdown server GrpcServerProtocolService now
2025-05-12 14:03:38,414 [grpc-default-executor-4] INFO  server.GrpcServerProtocolService (GrpcServerProtocolService.java:onCompleted(157)) - cfefa488-19eb-42ef-a91e-ee6d690e2562: Completed APPEND_ENTRIES, lastRequest: a2b8b82a-e2f6-4a14-97b3-6459b5b9a67e->cfefa488-19eb-42ef-a91e-ee6d690e2562#1-t1,previous=(t:0, i:0),leaderCommit=-1,initializing? false,entries: size=1, first=(t:1, i:0), CONFIGURATIONENTRY(current:id:"16988a43-54c6-4d79-b4f6-1d89459795e1"address:"127.0.0.1:15033"dataStreamAddress:"127.0.0.1:15034"clientAddress:"127.0.0.1:15031"adminAddress:"127.0.0.1:15032"startupRole:FOLLOWER, id:"a2b8b82a-e2f6-4a14-97b3-6459b5b9a67e"address:"127.0.0.1:15025"priority:1dataStreamAddress:"127.0.0.1:15026"clientAddress:"127.0.0.1:15023"adminAddress:"127.0.0.1:15024"startupRole:FOLLOWER, id:"cfefa488-19eb-42ef-a91e-ee6d690e2562"address:"127.0.0.1:15017"dataStreamAddress:"127.0.0.1:15018"clientAddress:"127.0.0.1:15015"adminAddress:"127.0.0.1:15016"startupRole:FOLLOWER, old:)
2025-05-12 14:03:38,414 [cfefa488-19eb-42ef-a91e-ee6d690e2562@group-E2372747EBFE-StateMachineUpdater] INFO  impl.StateMachineUpdater (StateMachineUpdater.java:stop(141)) - cfefa488-19eb-42ef-a91e-ee6d690e2562@group-E2372747EBFE-StateMachineUpdater: closing ContainerStateMachine, lastApplied=(t:1, i:0)
2025-05-12 14:03:38,413 [47c4feda-5356-4712-bb09-0016fbee8439@group-7F007BD13FF4-StateMachineUpdater] INFO  impl.StateMachineUpdater (StateMachineUpdater.java:stop(141)) - 47c4feda-5356-4712-bb09-0016fbee8439@group-7F007BD13FF4-StateMachineUpdater: closing ContainerStateMachine, lastApplied=(t:1, i:0)
2025-05-12 14:03:38,417 [ForkJoinPool.commonPool-worker-3] INFO  server.GrpcService (GrpcService.java:closeImpl(352)) - cfefa488-19eb-42ef-a91e-ee6d690e2562: shutdown server GrpcServerProtocolService successfully
2025-05-12 14:03:38,417 [grpc-default-executor-4] INFO  server.GrpcServerProtocolService (GrpcServerProtocolService.java:lambda$onCompleted$5(159)) - cfefa488-19eb-42ef-a91e-ee6d690e2562: Completed APPEND_ENTRIES, lastReply: null
2025-05-12 14:03:38,415 [grpc-default-executor-6] INFO  server.GrpcLogAppender (GrpcLogAppender.java:onCompleted(550)) - cfefa488-19eb-42ef-a91e-ee6d690e2562@group-5315E3F7DC37->a2b8b82a-e2f6-4a14-97b3-6459b5b9a67e-AppendLogResponseHandler: follower responses appendEntries COMPLETED
2025-05-12 14:03:38,417 [grpc-default-executor-6] WARN  server.GrpcLogAppender (GrpcLogAppender.java:resetClient(230)) - cfefa488-19eb-42ef-a91e-ee6d690e2562@group-5315E3F7DC37->a2b8b82a-e2f6-4a14-97b3-6459b5b9a67e-GrpcLogAppender: Failed to getClient for a2b8b82a-e2f6-4a14-97b3-6459b5b9a67e
org.apache.ratis.protocol.exceptions.AlreadyClosedException: cfefa488-19eb-42ef-a91e-ee6d690e2562 is already CLOSED
	at org.apache.ratis.util.PeerProxyMap$PeerAndProxy.getProxy(PeerProxyMap.java:67)
	at org.apache.ratis.util.PeerProxyMap.getProxy(PeerProxyMap.java:124)
	at org.apache.ratis.grpc.server.GrpcLogAppender.getClient(GrpcLogAppender.java:200)
	at org.apache.ratis.grpc.server.GrpcLogAppender.resetClient(GrpcLogAppender.java:205)
	at org.apache.ratis.grpc.server.GrpcLogAppender.access$800(GrpcLogAppender.java:64)
	at org.apache.ratis.grpc.server.GrpcLogAppender$AppendLogResponseHandler.onCompleted(GrpcLogAppender.java:551)
	at org.apache.ratis.thirdparty.io.grpc.stub.ClientCalls$StreamObserverToCallListenerAdapter.onClose(ClientCalls.java:479)
	at org.apache.ratis.thirdparty.io.grpc.internal.ClientCallImpl.closeObserver(ClientCallImpl.java:567)
	at org.apache.ratis.thirdparty.io.grpc.internal.ClientCallImpl.access$300(ClientCallImpl.java:71)
	at org.apache.ratis.thirdparty.io.grpc.internal.ClientCallImpl$ClientStreamListenerImpl$1StreamClosed.runInternal(ClientCallImpl.java:735)
	at org.apache.ratis.thirdparty.io.grpc.internal.ClientCallImpl$ClientStreamListenerImpl$1StreamClosed.runInContext(ClientCallImpl.java:716)
	at org.apache.ratis.thirdparty.io.grpc.internal.ContextRunnable.run(ContextRunnable.java:37)
	at org.apache.ratis.thirdparty.io.grpc.internal.SerializingExecutor.run(SerializingExecutor.java:133)
	at java.base/java.util.concurrent.ThreadPoolExecutor.runWorker(ThreadPoolExecutor.java:1144)
	at java.base/java.util.concurrent.ThreadPoolExecutor$Worker.run(ThreadPoolExecutor.java:642)
	at java.base/java.lang.Thread.run(Thread.java:1583)
2025-05-12 14:03:38,417 [cfefa488-19eb-42ef-a91e-ee6d690e2562@group-E2372747EBFE-cacheEviction-AwaitToRun] INFO  util.AwaitToRun (AwaitToRun.java:run(49)) - cfefa488-19eb-42ef-a91e-ee6d690e2562@group-E2372747EBFE-cacheEviction-AwaitToRun-AwaitForSignal is interrupted
2025-05-12 14:03:38,418 [grpc-default-executor-6] INFO  server.GrpcLogAppender (GrpcLogAppender.java:onError(537)) - a2b8b82a-e2f6-4a14-97b3-6459b5b9a67e@group-E2372747EBFE->cfefa488-19eb-42ef-a91e-ee6d690e2562-GrpcLogAppender is already stopped
2025-05-12 14:03:38,418 [ForkJoinPool.commonPool-worker-3] INFO  server.GrpcService (GrpcService.java:closeImpl(343)) - cfefa488-19eb-42ef-a91e-ee6d690e2562: shutdown server org.apache.ratis.grpc.server.GrpcAdminProtocolService now
2025-05-12 14:03:38,418 [47c4feda-5356-4712-bb09-0016fbee8439@group-7F007BD13FF4-cacheEviction-AwaitToRun] INFO  util.AwaitToRun (AwaitToRun.java:run(49)) - 47c4feda-5356-4712-bb09-0016fbee8439@group-7F007BD13FF4-cacheEviction-AwaitToRun-AwaitForSignal is interrupted
2025-05-12 14:03:38,418 [ForkJoinPool.commonPool-worker-3] INFO  server.GrpcService (GrpcService.java:closeImpl(352)) - cfefa488-19eb-42ef-a91e-ee6d690e2562: shutdown server org.apache.ratis.grpc.server.GrpcAdminProtocolService successfully
2025-05-12 14:03:38,419 [ForkJoinPool.commonPool-worker-1] INFO  server.GrpcService (GrpcService.java:closeImpl(352)) - a2b8b82a-e2f6-4a14-97b3-6459b5b9a67e: shutdown server org.apache.ratis.grpc.server.GrpcClientProtocolService successfully
2025-05-12 14:03:38,419 [ForkJoinPool.commonPool-worker-1] INFO  server.GrpcService (GrpcService.java:closeImpl(343)) - a2b8b82a-e2f6-4a14-97b3-6459b5b9a67e: shutdown server GrpcServerProtocolService now
2025-05-12 14:03:38,419 [ForkJoinPool.commonPool-worker-1] INFO  server.GrpcService (GrpcService.java:closeImpl(352)) - a2b8b82a-e2f6-4a14-97b3-6459b5b9a67e: shutdown server GrpcServerProtocolService successfully
2025-05-12 14:03:38,419 [ForkJoinPool.commonPool-worker-1] INFO  server.GrpcService (GrpcService.java:closeImpl(343)) - a2b8b82a-e2f6-4a14-97b3-6459b5b9a67e: shutdown server org.apache.ratis.grpc.server.GrpcAdminProtocolService now
2025-05-12 14:03:38,420 [ForkJoinPool.commonPool-worker-1] INFO  server.GrpcService (GrpcService.java:closeImpl(352)) - a2b8b82a-e2f6-4a14-97b3-6459b5b9a67e: shutdown server org.apache.ratis.grpc.server.GrpcAdminProtocolService successfully
2025-05-12 14:03:38,430 [a2b8b82a-e2f6-4a14-97b3-6459b5b9a67e-NettyServerStreamRpc-bossGroup--thread1] INFO  logging.LoggingHandler (AbstractInternalLogger.java:log(148)) - [id: 0xd6c56e4f, L:/0.0.0.0:15026] CLOSE
2025-05-12 14:03:38,430 [a2b8b82a-e2f6-4a14-97b3-6459b5b9a67e-NettyServerStreamRpc-bossGroup--thread1] INFO  logging.LoggingHandler (AbstractInternalLogger.java:log(148)) - [id: 0xd6c56e4f, L:/0.0.0.0:15026] INACTIVE
2025-05-12 14:03:38,430 [a2b8b82a-e2f6-4a14-97b3-6459b5b9a67e-NettyServerStreamRpc-bossGroup--thread1] INFO  logging.LoggingHandler (AbstractInternalLogger.java:log(148)) - [id: 0xd6c56e4f, L:/0.0.0.0:15026] UNREGISTERED
2025-05-12 14:03:38,431 [cfefa488-19eb-42ef-a91e-ee6d690e2562-NettyServerStreamRpc-bossGroup--thread1] INFO  logging.LoggingHandler (AbstractInternalLogger.java:log(148)) - [id: 0x76aa62fc, L:/0.0.0.0:15018] CLOSE
2025-05-12 14:03:38,431 [cfefa488-19eb-42ef-a91e-ee6d690e2562-NettyServerStreamRpc-bossGroup--thread1] INFO  logging.LoggingHandler (AbstractInternalLogger.java:log(148)) - [id: 0x76aa62fc, L:/0.0.0.0:15018] INACTIVE
2025-05-12 14:03:38,431 [cfefa488-19eb-42ef-a91e-ee6d690e2562-NettyServerStreamRpc-bossGroup--thread1] INFO  logging.LoggingHandler (AbstractInternalLogger.java:log(148)) - [id: 0x76aa62fc, L:/0.0.0.0:15018] UNREGISTERED
2025-05-12 14:03:38,441 [cfefa488-19eb-42ef-a91e-ee6d690e2562-impl-thread3] INFO  segmented.SegmentedRaftLogWorker (SegmentedRaftLogWorker.java:close(252)) - cfefa488-19eb-42ef-a91e-ee6d690e2562@group-5315E3F7DC37-SegmentedRaftLogWorker close()
2025-05-12 14:03:38,441 [cfefa488-19eb-42ef-a91e-ee6d690e2562-impl-thread3] INFO  ratis.ContainerStateMachine (ContainerStateMachine.java:notifyServerShutdown(1038)) - group-5315E3F7DC37 is closed by HddsDatanodeService
2025-05-12 14:03:38,473 [a2b8b82a-e2f6-4a14-97b3-6459b5b9a67e-impl-thread3] INFO  segmented.SegmentedRaftLogWorker (SegmentedRaftLogWorker.java:close(252)) - a2b8b82a-e2f6-4a14-97b3-6459b5b9a67e@group-5315E3F7DC37-SegmentedRaftLogWorker close()
2025-05-12 14:03:38,474 [a2b8b82a-e2f6-4a14-97b3-6459b5b9a67e-impl-thread3] INFO  ratis.ContainerStateMachine (ContainerStateMachine.java:notifyServerShutdown(1038)) - group-5315E3F7DC37 is closed by HddsDatanodeService
2025-05-12 14:03:38,476 [16988a43-54c6-4d79-b4f6-1d89459795e1-impl-thread3] INFO  segmented.SegmentedRaftLogWorker (SegmentedRaftLogWorker.java:close(252)) - 16988a43-54c6-4d79-b4f6-1d89459795e1@group-5315E3F7DC37-SegmentedRaftLogWorker close()
2025-05-12 14:03:38,476 [16988a43-54c6-4d79-b4f6-1d89459795e1-impl-thread3] INFO  ratis.ContainerStateMachine (ContainerStateMachine.java:notifyServerShutdown(1038)) - group-5315E3F7DC37 is closed by HddsDatanodeService
2025-05-12 14:03:38,588 [a2b8b82a-e2f6-4a14-97b3-6459b5b9a67e-impl-thread2] INFO  segmented.SegmentedRaftLogWorker (SegmentedRaftLogWorker.java:close(252)) - a2b8b82a-e2f6-4a14-97b3-6459b5b9a67e@group-AC9569F6DAA3-SegmentedRaftLogWorker close()
2025-05-12 14:03:38,588 [a2b8b82a-e2f6-4a14-97b3-6459b5b9a67e-impl-thread2] INFO  ratis.ContainerStateMachine (ContainerStateMachine.java:notifyServerShutdown(1038)) - group-AC9569F6DAA3 is closed by HddsDatanodeService
2025-05-12 14:03:38,953 [16988a43-54c6-4d79-b4f6-1d89459795e1-impl-thread1] INFO  segmented.SegmentedRaftLogWorker (SegmentedRaftLogWorker.java:close(252)) - 16988a43-54c6-4d79-b4f6-1d89459795e1@group-4A32057C1E42-SegmentedRaftLogWorker close()
2025-05-12 14:03:38,953 [16988a43-54c6-4d79-b4f6-1d89459795e1-impl-thread1] INFO  ratis.ContainerStateMachine (ContainerStateMachine.java:notifyServerShutdown(1038)) - group-4A32057C1E42 is closed by HddsDatanodeService
2025-05-12 14:03:38,985 [a2b8b82a-e2f6-4a14-97b3-6459b5b9a67e-impl-thread1] INFO  segmented.SegmentedRaftLogWorker (SegmentedRaftLogWorker.java:close(252)) - a2b8b82a-e2f6-4a14-97b3-6459b5b9a67e@group-E2372747EBFE-SegmentedRaftLogWorker close()
2025-05-12 14:03:38,986 [a2b8b82a-e2f6-4a14-97b3-6459b5b9a67e-impl-thread1] INFO  ratis.ContainerStateMachine (ContainerStateMachine.java:notifyServerShutdown(1038)) - group-E2372747EBFE is closed by HddsDatanodeService
2025-05-12 14:03:38,986 [JvmPauseMonitor5] INFO  util.JvmPauseMonitor (JvmPauseMonitor.java:run(152)) - JvmPauseMonitor-a2b8b82a-e2f6-4a14-97b3-6459b5b9a67e: Stopped
2025-05-12 14:03:39,006 [cfefa488-19eb-42ef-a91e-ee6d690e2562-impl-thread2] INFO  segmented.SegmentedRaftLogWorker (SegmentedRaftLogWorker.java:close(252)) - cfefa488-19eb-42ef-a91e-ee6d690e2562@group-E2372747EBFE-SegmentedRaftLogWorker close()
2025-05-12 14:03:39,007 [cfefa488-19eb-42ef-a91e-ee6d690e2562-impl-thread2] INFO  ratis.ContainerStateMachine (ContainerStateMachine.java:notifyServerShutdown(1038)) - group-E2372747EBFE is closed by HddsDatanodeService
2025-05-12 14:03:39,008 [16988a43-54c6-4d79-b4f6-1d89459795e1-impl-thread2] INFO  segmented.SegmentedRaftLogWorker (SegmentedRaftLogWorker.java:close(252)) - 16988a43-54c6-4d79-b4f6-1d89459795e1@group-E2372747EBFE-SegmentedRaftLogWorker close()
2025-05-12 14:03:39,008 [16988a43-54c6-4d79-b4f6-1d89459795e1-impl-thread2] INFO  ratis.ContainerStateMachine (ContainerStateMachine.java:notifyServerShutdown(1038)) - group-E2372747EBFE is closed by HddsDatanodeService
2025-05-12 14:03:39,009 [JvmPauseMonitor6] INFO  util.JvmPauseMonitor (JvmPauseMonitor.java:run(152)) - JvmPauseMonitor-16988a43-54c6-4d79-b4f6-1d89459795e1: Stopped
2025-05-12 14:03:39,149 [47c4feda-5356-4712-bb09-0016fbee8439-impl-thread1] INFO  segmented.SegmentedRaftLogWorker (SegmentedRaftLogWorker.java:close(252)) - 47c4feda-5356-4712-bb09-0016fbee8439@group-7F007BD13FF4-SegmentedRaftLogWorker close()
2025-05-12 14:03:39,149 [47c4feda-5356-4712-bb09-0016fbee8439-impl-thread1] INFO  ratis.ContainerStateMachine (ContainerStateMachine.java:notifyServerShutdown(1038)) - group-7F007BD13FF4 is closed by HddsDatanodeService
2025-05-12 14:03:39,149 [JvmPauseMonitor7] INFO  util.JvmPauseMonitor (JvmPauseMonitor.java:run(152)) - JvmPauseMonitor-47c4feda-5356-4712-bb09-0016fbee8439: Stopped
2025-05-12 14:03:39,380 [cfefa488-19eb-42ef-a91e-ee6d690e2562-impl-thread1] INFO  segmented.SegmentedRaftLogWorker (SegmentedRaftLogWorker.java:close(252)) - cfefa488-19eb-42ef-a91e-ee6d690e2562@group-54B4B40431DD-SegmentedRaftLogWorker close()
2025-05-12 14:03:39,380 [cfefa488-19eb-42ef-a91e-ee6d690e2562-impl-thread1] INFO  ratis.ContainerStateMachine (ContainerStateMachine.java:notifyServerShutdown(1038)) - group-54B4B40431DD is closed by HddsDatanodeService
2025-05-12 14:03:39,381 [JvmPauseMonitor4] INFO  util.JvmPauseMonitor (JvmPauseMonitor.java:run(152)) - JvmPauseMonitor-cfefa488-19eb-42ef-a91e-ee6d690e2562: Stopped
2025-05-12 14:03:40,994 [ForkJoinPool.commonPool-worker-1] INFO  utils.DatanodeStoreCache (DatanodeStoreCache.java:shutdownCache(114)) - Skip clearing cache in mini cluster mode. Entries left: [/home/runner/work/ozone/ozone/hadoop-ozone/integration-test/target/test-dir/MiniOzoneClusterImpl-93228f78-d735-4ce6-971e-ca8f5c94dbdd/ozone-meta/datanode-1/data-0/hdds/93228f78-d735-4ce6-971e-ca8f5c94dbdd/DS-d01b177a-36c3-40f4-9824-b434a3512cad/container.db, /home/runner/work/ozone/ozone/hadoop-ozone/integration-test/target/test-dir/MiniOzoneClusterImpl-93228f78-d735-4ce6-971e-ca8f5c94dbdd/ozone-meta/datanode-2/data-0/hdds/93228f78-d735-4ce6-971e-ca8f5c94dbdd/DS-dec35754-8f9c-4a7d-9ae7-2540b92a9894/container.db, /home/runner/work/ozone/ozone/hadoop-ozone/integration-test/target/test-dir/MiniOzoneClusterImpl-93228f78-d735-4ce6-971e-ca8f5c94dbdd/ozone-meta/datanode-3/data-0/hdds/93228f78-d735-4ce6-971e-ca8f5c94dbdd/DS-e43c5edf-5cbe-40a0-a4bc-44597de66055/container.db, /home/runner/work/ozone/ozone/hadoop-ozone/integration-test/target/test-dir/MiniOzoneClusterImpl-93228f78-d735-4ce6-971e-ca8f5c94dbdd/ozone-meta/datanode-4/data-0/hdds/93228f78-d735-4ce6-971e-ca8f5c94dbdd/DS-dff4c18f-ce02-4109-bf4d-0980fdbfca29/container.db]
2025-05-12 14:03:40,995 [ForkJoinPool.commonPool-worker-1] INFO  utils.DatanodeStoreCache (DatanodeStoreCache.java:removeDB(108)) - Removed db /home/runner/work/ozone/ozone/hadoop-ozone/integration-test/target/test-dir/MiniOzoneClusterImpl-93228f78-d735-4ce6-971e-ca8f5c94dbdd/ozone-meta/datanode-2/data-0/hdds/93228f78-d735-4ce6-971e-ca8f5c94dbdd/DS-dec35754-8f9c-4a7d-9ae7-2540b92a9894/container.db from cache
2025-05-12 14:03:40,995 [ForkJoinPool.commonPool-worker-1] INFO  volume.HddsVolume (HddsVolume.java:closeDbStore(543)) - SchemaV3 db is stopped at /home/runner/work/ozone/ozone/hadoop-ozone/integration-test/target/test-dir/MiniOzoneClusterImpl-93228f78-d735-4ce6-971e-ca8f5c94dbdd/ozone-meta/datanode-2/data-0/hdds/93228f78-d735-4ce6-971e-ca8f5c94dbdd/DS-dec35754-8f9c-4a7d-9ae7-2540b92a9894/container.db for volume DS-dec35754-8f9c-4a7d-9ae7-2540b92a9894
2025-05-12 14:03:40,996 [ForkJoinPool.commonPool-worker-1] INFO  utils.BackgroundService (BackgroundService.java:shutdown(160)) - Shutting down service BlockDeletingService
2025-05-12 14:03:40,996 [ForkJoinPool.commonPool-worker-1] INFO  utils.BackgroundService (BackgroundService.java:shutdown(160)) - Shutting down service StaleRecoveringContainerScrubbingService
2025-05-12 14:03:40,998 [ForkJoinPool.commonPool-worker-1] INFO  statemachine.DatanodeStateMachine (DatanodeStateMachine.java:stopDaemon(630)) - Ozone container server stopped.
2025-05-12 14:03:41,011 [ForkJoinPool.commonPool-worker-1] INFO  handler.ContextHandler (ContextHandler.java:doStop(1159)) - Stopped o.e.j.w.WebAppContext@6a964c56{hddsDatanode,/,null,STOPPED}{jar:file:/home/runner/work/ozone/ozone/hadoop-hdds/container-service/target/hdds-container-service-2.1.0-SNAPSHOT.jar!/webapps/hddsDatanode}
2025-05-12 14:03:41,012 [ForkJoinPool.commonPool-worker-1] INFO  server.AbstractConnector (AbstractConnector.java:doStop(383)) - Stopped ServerConnector@2c9d03ee{HTTP/1.1, (http/1.1)}{0.0.0.0:15020}
2025-05-12 14:03:41,012 [main] INFO  utils.DatanodeStoreCache (DatanodeStoreCache.java:shutdownCache(114)) - Skip clearing cache in mini cluster mode. Entries left: [/home/runner/work/ozone/ozone/hadoop-ozone/integration-test/target/test-dir/MiniOzoneClusterImpl-93228f78-d735-4ce6-971e-ca8f5c94dbdd/ozone-meta/datanode-1/data-0/hdds/93228f78-d735-4ce6-971e-ca8f5c94dbdd/DS-d01b177a-36c3-40f4-9824-b434a3512cad/container.db, /home/runner/work/ozone/ozone/hadoop-ozone/integration-test/target/test-dir/MiniOzoneClusterImpl-93228f78-d735-4ce6-971e-ca8f5c94dbdd/ozone-meta/datanode-3/data-0/hdds/93228f78-d735-4ce6-971e-ca8f5c94dbdd/DS-e43c5edf-5cbe-40a0-a4bc-44597de66055/container.db, /home/runner/work/ozone/ozone/hadoop-ozone/integration-test/target/test-dir/MiniOzoneClusterImpl-93228f78-d735-4ce6-971e-ca8f5c94dbdd/ozone-meta/datanode-4/data-0/hdds/93228f78-d735-4ce6-971e-ca8f5c94dbdd/DS-dff4c18f-ce02-4109-bf4d-0980fdbfca29/container.db]
2025-05-12 14:03:41,012 [ForkJoinPool.commonPool-worker-1] INFO  server.session (HouseKeeper.java:stopScavenging(149)) - node0 Stopped scavenging
2025-05-12 14:03:41,012 [ForkJoinPool.commonPool-worker-1] INFO  handler.ContextHandler (ContextHandler.java:doStop(1159)) - Stopped o.e.j.s.ServletContextHandler@4eda3af9{static,/static,jar:file:/home/runner/work/ozone/ozone/hadoop-hdds/container-service/target/hdds-container-service-2.1.0-SNAPSHOT.jar!/webapps/static,STOPPED}
2025-05-12 14:03:41,012 [ForkJoinPool.commonPool-worker-1] INFO  handler.ContextHandler (ContextHandler.java:doStop(1159)) - Stopped o.e.j.s.ServletContextHandler@2b70ce89{logs,/logs,file:///home/runner/work/ozone/ozone/hadoop-ozone/integration-test/target/log,STOPPED}
2025-05-12 14:03:41,013 [main] INFO  utils.DatanodeStoreCache (DatanodeStoreCache.java:removeDB(108)) - Removed db /home/runner/work/ozone/ozone/hadoop-ozone/integration-test/target/test-dir/MiniOzoneClusterImpl-93228f78-d735-4ce6-971e-ca8f5c94dbdd/ozone-meta/datanode-3/data-0/hdds/93228f78-d735-4ce6-971e-ca8f5c94dbdd/DS-e43c5edf-5cbe-40a0-a4bc-44597de66055/container.db from cache
2025-05-12 14:03:41,013 [main] INFO  volume.HddsVolume (HddsVolume.java:closeDbStore(543)) - SchemaV3 db is stopped at /home/runner/work/ozone/ozone/hadoop-ozone/integration-test/target/test-dir/MiniOzoneClusterImpl-93228f78-d735-4ce6-971e-ca8f5c94dbdd/ozone-meta/datanode-3/data-0/hdds/93228f78-d735-4ce6-971e-ca8f5c94dbdd/DS-e43c5edf-5cbe-40a0-a4bc-44597de66055/container.db for volume DS-e43c5edf-5cbe-40a0-a4bc-44597de66055
2025-05-12 14:03:41,013 [main] INFO  utils.BackgroundService (BackgroundService.java:shutdown(160)) - Shutting down service BlockDeletingService
2025-05-12 14:03:41,014 [ForkJoinPool.commonPool-worker-1] INFO  ozone.HddsDatanodeClientProtocolServer (HddsDatanodeClientProtocolServer.java:stop(82)) - Stopping the RPC server for Client Protocol
2025-05-12 14:03:41,014 [ForkJoinPool.commonPool-worker-1] INFO  ipc.Server (Server.java:stop(3697)) - Stopping server on 15021
2025-05-12 14:03:41,014 [main] INFO  utils.BackgroundService (BackgroundService.java:shutdown(160)) - Shutting down service StaleRecoveringContainerScrubbingService
2025-05-12 14:03:41,017 [IPC Server Responder] INFO  ipc.Server (Server.java:run(1718)) - Stopping IPC Server Responder
2025-05-12 14:03:41,017 [IPC Server listener on 15021] INFO  ipc.Server (Server.java:run(1585)) - Stopping IPC Server listener on 15021
2025-05-12 14:03:41,017 [main] INFO  statemachine.DatanodeStateMachine (DatanodeStateMachine.java:stopDaemon(630)) - Ozone container server stopped.
2025-05-12 14:03:41,030 [main] INFO  handler.ContextHandler (ContextHandler.java:doStop(1159)) - Stopped o.e.j.w.WebAppContext@2ceb060a{hddsDatanode,/,null,STOPPED}{jar:file:/home/runner/work/ozone/ozone/hadoop-hdds/container-service/target/hdds-container-service-2.1.0-SNAPSHOT.jar!/webapps/hddsDatanode}
2025-05-12 14:03:41,030 [main] INFO  server.AbstractConnector (AbstractConnector.java:doStop(383)) - Stopped ServerConnector@5046c3f6{HTTP/1.1, (http/1.1)}{0.0.0.0:15028}
2025-05-12 14:03:41,030 [main] INFO  server.session (HouseKeeper.java:stopScavenging(149)) - node0 Stopped scavenging
2025-05-12 14:03:41,031 [main] INFO  handler.ContextHandler (ContextHandler.java:doStop(1159)) - Stopped o.e.j.s.ServletContextHandler@5de863e6{static,/static,jar:file:/home/runner/work/ozone/ozone/hadoop-hdds/container-service/target/hdds-container-service-2.1.0-SNAPSHOT.jar!/webapps/static,STOPPED}
2025-05-12 14:03:41,031 [main] INFO  handler.ContextHandler (ContextHandler.java:doStop(1159)) - Stopped o.e.j.s.ServletContextHandler@434522b7{logs,/logs,file:///home/runner/work/ozone/ozone/hadoop-ozone/integration-test/target/log,STOPPED}
2025-05-12 14:03:41,031 [main] INFO  ozone.HddsDatanodeClientProtocolServer (HddsDatanodeClientProtocolServer.java:stop(82)) - Stopping the RPC server for Client Protocol
2025-05-12 14:03:41,031 [main] INFO  ipc.Server (Server.java:stop(3697)) - Stopping server on 15029
2025-05-12 14:03:41,033 [IPC Server Responder] INFO  ipc.Server (Server.java:run(1718)) - Stopping IPC Server Responder
2025-05-12 14:03:41,033 [IPC Server listener on 15029] INFO  ipc.Server (Server.java:run(1585)) - Stopping IPC Server listener on 15029
2025-05-12 14:03:41,152 [ForkJoinPool.commonPool-worker-2] INFO  utils.DatanodeStoreCache (DatanodeStoreCache.java:shutdownCache(114)) - Skip clearing cache in mini cluster mode. Entries left: [/home/runner/work/ozone/ozone/hadoop-ozone/integration-test/target/test-dir/MiniOzoneClusterImpl-93228f78-d735-4ce6-971e-ca8f5c94dbdd/ozone-meta/datanode-1/data-0/hdds/93228f78-d735-4ce6-971e-ca8f5c94dbdd/DS-d01b177a-36c3-40f4-9824-b434a3512cad/container.db, /home/runner/work/ozone/ozone/hadoop-ozone/integration-test/target/test-dir/MiniOzoneClusterImpl-93228f78-d735-4ce6-971e-ca8f5c94dbdd/ozone-meta/datanode-4/data-0/hdds/93228f78-d735-4ce6-971e-ca8f5c94dbdd/DS-dff4c18f-ce02-4109-bf4d-0980fdbfca29/container.db]
2025-05-12 14:03:41,153 [ForkJoinPool.commonPool-worker-2] INFO  utils.DatanodeStoreCache (DatanodeStoreCache.java:removeDB(108)) - Removed db /home/runner/work/ozone/ozone/hadoop-ozone/integration-test/target/test-dir/MiniOzoneClusterImpl-93228f78-d735-4ce6-971e-ca8f5c94dbdd/ozone-meta/datanode-4/data-0/hdds/93228f78-d735-4ce6-971e-ca8f5c94dbdd/DS-dff4c18f-ce02-4109-bf4d-0980fdbfca29/container.db from cache
2025-05-12 14:03:41,153 [ForkJoinPool.commonPool-worker-2] INFO  volume.HddsVolume (HddsVolume.java:closeDbStore(543)) - SchemaV3 db is stopped at /home/runner/work/ozone/ozone/hadoop-ozone/integration-test/target/test-dir/MiniOzoneClusterImpl-93228f78-d735-4ce6-971e-ca8f5c94dbdd/ozone-meta/datanode-4/data-0/hdds/93228f78-d735-4ce6-971e-ca8f5c94dbdd/DS-dff4c18f-ce02-4109-bf4d-0980fdbfca29/container.db for volume DS-dff4c18f-ce02-4109-bf4d-0980fdbfca29
2025-05-12 14:03:41,154 [ForkJoinPool.commonPool-worker-2] INFO  utils.BackgroundService (BackgroundService.java:shutdown(160)) - Shutting down service BlockDeletingService
2025-05-12 14:03:41,154 [ForkJoinPool.commonPool-worker-2] INFO  utils.BackgroundService (BackgroundService.java:shutdown(160)) - Shutting down service StaleRecoveringContainerScrubbingService
2025-05-12 14:03:41,155 [ForkJoinPool.commonPool-worker-2] INFO  statemachine.DatanodeStateMachine (DatanodeStateMachine.java:stopDaemon(630)) - Ozone container server stopped.
2025-05-12 14:03:41,167 [ForkJoinPool.commonPool-worker-2] INFO  handler.ContextHandler (ContextHandler.java:doStop(1159)) - Stopped o.e.j.w.WebAppContext@11648fd6{hddsDatanode,/,null,STOPPED}{jar:file:/home/runner/work/ozone/ozone/hadoop-hdds/container-service/target/hdds-container-service-2.1.0-SNAPSHOT.jar!/webapps/hddsDatanode}
2025-05-12 14:03:41,167 [ForkJoinPool.commonPool-worker-2] INFO  server.AbstractConnector (AbstractConnector.java:doStop(383)) - Stopped ServerConnector@1d3bc1df{HTTP/1.1, (http/1.1)}{0.0.0.0:15036}
2025-05-12 14:03:41,167 [ForkJoinPool.commonPool-worker-2] INFO  server.session (HouseKeeper.java:stopScavenging(149)) - node0 Stopped scavenging
2025-05-12 14:03:41,168 [ForkJoinPool.commonPool-worker-2] INFO  handler.ContextHandler (ContextHandler.java:doStop(1159)) - Stopped o.e.j.s.ServletContextHandler@2a8ef1fa{static,/static,jar:file:/home/runner/work/ozone/ozone/hadoop-hdds/container-service/target/hdds-container-service-2.1.0-SNAPSHOT.jar!/webapps/static,STOPPED}
2025-05-12 14:03:41,168 [ForkJoinPool.commonPool-worker-2] INFO  handler.ContextHandler (ContextHandler.java:doStop(1159)) - Stopped o.e.j.s.ServletContextHandler@f78414f{logs,/logs,file:///home/runner/work/ozone/ozone/hadoop-ozone/integration-test/target/log,STOPPED}
2025-05-12 14:03:41,168 [ForkJoinPool.commonPool-worker-2] INFO  ozone.HddsDatanodeClientProtocolServer (HddsDatanodeClientProtocolServer.java:stop(82)) - Stopping the RPC server for Client Protocol
2025-05-12 14:03:41,169 [ForkJoinPool.commonPool-worker-2] INFO  ipc.Server (Server.java:stop(3697)) - Stopping server on 15037
2025-05-12 14:03:41,170 [IPC Server listener on 15037] INFO  ipc.Server (Server.java:run(1585)) - Stopping IPC Server listener on 15037
2025-05-12 14:03:41,170 [IPC Server Responder] INFO  ipc.Server (Server.java:run(1718)) - Stopping IPC Server Responder
2025-05-12 14:03:41,383 [ForkJoinPool.commonPool-worker-3] INFO  utils.DatanodeStoreCache (DatanodeStoreCache.java:shutdownCache(114)) - Skip clearing cache in mini cluster mode. Entries left: [/home/runner/work/ozone/ozone/hadoop-ozone/integration-test/target/test-dir/MiniOzoneClusterImpl-93228f78-d735-4ce6-971e-ca8f5c94dbdd/ozone-meta/datanode-1/data-0/hdds/93228f78-d735-4ce6-971e-ca8f5c94dbdd/DS-d01b177a-36c3-40f4-9824-b434a3512cad/container.db]
2025-05-12 14:03:41,384 [ForkJoinPool.commonPool-worker-3] INFO  utils.DatanodeStoreCache (DatanodeStoreCache.java:removeDB(108)) - Removed db /home/runner/work/ozone/ozone/hadoop-ozone/integration-test/target/test-dir/MiniOzoneClusterImpl-93228f78-d735-4ce6-971e-ca8f5c94dbdd/ozone-meta/datanode-1/data-0/hdds/93228f78-d735-4ce6-971e-ca8f5c94dbdd/DS-d01b177a-36c3-40f4-9824-b434a3512cad/container.db from cache
2025-05-12 14:03:41,384 [ForkJoinPool.commonPool-worker-3] INFO  volume.HddsVolume (HddsVolume.java:closeDbStore(543)) - SchemaV3 db is stopped at /home/runner/work/ozone/ozone/hadoop-ozone/integration-test/target/test-dir/MiniOzoneClusterImpl-93228f78-d735-4ce6-971e-ca8f5c94dbdd/ozone-meta/datanode-1/data-0/hdds/93228f78-d735-4ce6-971e-ca8f5c94dbdd/DS-d01b177a-36c3-40f4-9824-b434a3512cad/container.db for volume DS-d01b177a-36c3-40f4-9824-b434a3512cad
2025-05-12 14:03:41,385 [ForkJoinPool.commonPool-worker-3] INFO  utils.BackgroundService (BackgroundService.java:shutdown(160)) - Shutting down service BlockDeletingService
2025-05-12 14:03:41,385 [ForkJoinPool.commonPool-worker-3] INFO  utils.BackgroundService (BackgroundService.java:shutdown(160)) - Shutting down service StaleRecoveringContainerScrubbingService
2025-05-12 14:03:41,386 [ForkJoinPool.commonPool-worker-3] INFO  statemachine.DatanodeStateMachine (DatanodeStateMachine.java:stopDaemon(630)) - Ozone container server stopped.
2025-05-12 14:03:41,398 [ForkJoinPool.commonPool-worker-3] INFO  handler.ContextHandler (ContextHandler.java:doStop(1159)) - Stopped o.e.j.w.WebAppContext@7929ce8b{hddsDatanode,/,null,STOPPED}{jar:file:/home/runner/work/ozone/ozone/hadoop-hdds/container-service/target/hdds-container-service-2.1.0-SNAPSHOT.jar!/webapps/hddsDatanode}
2025-05-12 14:03:41,398 [ForkJoinPool.commonPool-worker-3] INFO  server.AbstractConnector (AbstractConnector.java:doStop(383)) - Stopped ServerConnector@5354a59{HTTP/1.1, (http/1.1)}{0.0.0.0:15012}
2025-05-12 14:03:41,398 [ForkJoinPool.commonPool-worker-3] INFO  server.session (HouseKeeper.java:stopScavenging(149)) - node0 Stopped scavenging
2025-05-12 14:03:41,399 [ForkJoinPool.commonPool-worker-3] INFO  handler.ContextHandler (ContextHandler.java:doStop(1159)) - Stopped o.e.j.s.ServletContextHandler@6c127107{static,/static,jar:file:/home/runner/work/ozone/ozone/hadoop-hdds/container-service/target/hdds-container-service-2.1.0-SNAPSHOT.jar!/webapps/static,STOPPED}
2025-05-12 14:03:41,399 [ForkJoinPool.commonPool-worker-3] INFO  handler.ContextHandler (ContextHandler.java:doStop(1159)) - Stopped o.e.j.s.ServletContextHandler@415d5554{logs,/logs,file:///home/runner/work/ozone/ozone/hadoop-ozone/integration-test/target/log,STOPPED}
2025-05-12 14:03:41,399 [ForkJoinPool.commonPool-worker-3] INFO  ozone.HddsDatanodeClientProtocolServer (HddsDatanodeClientProtocolServer.java:stop(82)) - Stopping the RPC server for Client Protocol
2025-05-12 14:03:41,400 [ForkJoinPool.commonPool-worker-3] INFO  ipc.Server (Server.java:stop(3697)) - Stopping server on 15013
2025-05-12 14:03:41,401 [IPC Server listener on 15013] INFO  ipc.Server (Server.java:run(1585)) - Stopping IPC Server listener on 15013
2025-05-12 14:03:41,401 [IPC Server Responder] INFO  ipc.Server (Server.java:run(1718)) - Stopping IPC Server Responder
2025-05-12 14:03:41,401 [main] INFO  ozone.MiniOzoneClusterImpl (MiniOzoneClusterImpl.java:stopSCM(491)) - Stopping the StorageContainerManager
2025-05-12 14:03:41,402 [main] INFO  server.StorageContainerManager (StorageContainerManager.java:stop(1608)) - Container Balancer is not running.
2025-05-12 14:03:41,402 [main] INFO  server.StorageContainerManager (StorageContainerManager.java:stopReplicationManager(1742)) - Stopping Replication Manager Service.
2025-05-12 14:03:41,402 [main] INFO  replication.ReplicationManager (ReplicationManager.java:stop(316)) - Stopping Replication Monitor Thread.
2025-05-12 14:03:41,402 [UnderReplicatedProcessor] WARN  replication.UnhealthyReplicationProcessor (UnhealthyReplicationProcessor.java:run(178)) - UnderReplicatedProcessor interrupted. Exiting...
2025-05-12 14:03:41,402 [ReplicationMonitor] INFO  replication.ReplicationManager (ReplicationManager.java:run(936)) - Replication Monitor Thread is stopped
2025-05-12 14:03:41,402 [OverReplicatedProcessor] WARN  replication.UnhealthyReplicationProcessor (UnhealthyReplicationProcessor.java:run(178)) - OverReplicatedProcessor interrupted. Exiting...
2025-05-12 14:03:41,402 [main] INFO  server.StorageContainerManager (StorageContainerManager.java:stop(1617)) - Stopping the Datanode Admin Monitor.
2025-05-12 14:03:41,403 [main] INFO  server.StorageContainerManager (StorageContainerManager.java:stop(1624)) - Stopping datanode service RPC server
2025-05-12 14:03:41,403 [main] INFO  server.SCMDatanodeProtocolServer (SCMDatanodeProtocolServer.java:stop(447)) - Stopping the RPC server for DataNodes
2025-05-12 14:03:41,403 [main] INFO  ipc.Server (Server.java:stop(3697)) - Stopping server on 15002
2025-05-12 14:03:41,408 [IPC Server listener on 15002] INFO  ipc.Server (Server.java:run(1585)) - Stopping IPC Server listener on 15002
2025-05-12 14:03:41,408 [IPC Server Responder] INFO  ipc.Server (Server.java:run(1718)) - Stopping IPC Server Responder
2025-05-12 14:03:41,459 [SCMHeartbeatProcessor-0] WARN  node.NodeStateManager (NodeStateManager.java:scheduleNextHealthCheck(909)) - Current Thread is interrupted, shutting down HB processing thread for Node Manager.
2025-05-12 14:03:41,459 [main] INFO  server.StorageContainerManager (StorageContainerManager.java:stop(1632)) - Stopping block service RPC server
2025-05-12 14:03:41,459 [main] INFO  server.SCMBlockProtocolServer (SCMBlockProtocolServer.java:stop(175)) - Stopping the RPC server for Block Protocol
2025-05-12 14:03:41,459 [main] INFO  ipc.Server (Server.java:stop(3697)) - Stopping server on 15001
2025-05-12 14:03:41,462 [IPC Server listener on 15001] INFO  ipc.Server (Server.java:run(1585)) - Stopping IPC Server listener on 15001
2025-05-12 14:03:41,462 [IPC Server Responder] INFO  ipc.Server (Server.java:run(1718)) - Stopping IPC Server Responder
2025-05-12 14:03:41,462 [main] INFO  server.StorageContainerManager (StorageContainerManager.java:stop(1639)) - Stopping the StorageContainerLocationProtocol RPC server
2025-05-12 14:03:41,463 [main] INFO  server.SCMClientProtocolServer (SCMClientProtocolServer.java:stop(216)) - Stopping the RPC server for Client Protocol
2025-05-12 14:03:41,463 [main] INFO  ipc.Server (Server.java:stop(3697)) - Stopping server on 15000
2025-05-12 14:03:41,467 [IPC Server listener on 15000] INFO  ipc.Server (Server.java:run(1585)) - Stopping IPC Server listener on 15000
2025-05-12 14:03:41,467 [main] INFO  server.StorageContainerManager (StorageContainerManager.java:stop(1646)) - Stopping Storage Container Manager HTTP server.
2025-05-12 14:03:41,467 [IPC Server Responder] INFO  ipc.Server (Server.java:run(1718)) - Stopping IPC Server Responder
2025-05-12 14:03:41,468 [main] INFO  handler.ContextHandler (ContextHandler.java:doStop(1159)) - Stopped o.e.j.w.WebAppContext@18ab513d{scm,/,null,STOPPED}{file:/home/runner/work/ozone/ozone/hadoop-ozone/integration-test/target/test-classes/webapps/scm}
2025-05-12 14:03:41,469 [main] INFO  server.AbstractConnector (AbstractConnector.java:doStop(383)) - Stopped ServerConnector@bddac1c{HTTP/1.1, (http/1.1)}{0.0.0.0:15003}
2025-05-12 14:03:41,469 [main] INFO  server.session (HouseKeeper.java:stopScavenging(149)) - node0 Stopped scavenging
2025-05-12 14:03:41,469 [main] INFO  handler.ContextHandler (ContextHandler.java:doStop(1159)) - Stopped o.e.j.s.ServletContextHandler@24b4f4a{static,/static,file:///home/runner/work/ozone/ozone/hadoop-ozone/integration-test/target/test-classes/webapps/static,STOPPED}
2025-05-12 14:03:41,470 [main] INFO  handler.ContextHandler (ContextHandler.java:doStop(1159)) - Stopped o.e.j.s.ServletContextHandler@1390a415{logs,/logs,file:///home/runner/work/ozone/ozone/hadoop-ozone/integration-test/target/log,STOPPED}
2025-05-12 14:03:41,470 [main] INFO  server.StorageContainerManager (StorageContainerManager.java:stop(1654)) - Stopping SCM LayoutVersionManager Service.
2025-05-12 14:03:41,471 [main] INFO  server.StorageContainerManager (StorageContainerManager.java:stop(1666)) - Stopping Block Manager Service.
2025-05-12 14:03:41,471 [main] INFO  utils.BackgroundService (BackgroundService.java:shutdown(160)) - Shutting down service SCMBlockDeletingService
2025-05-12 14:03:41,471 [main] INFO  utils.BackgroundService (BackgroundService.java:shutdown(160)) - Shutting down service SCMBlockDeletingService
2025-05-12 14:03:41,472 [main] INFO  server.StorageContainerManager (StorageContainerManager.java:stop(1691)) - Stopping SCM Event Queue.
2025-05-12 14:03:41,473 [main] INFO  server.StorageContainerManager (StorageContainerManager.java:stop(1698)) - Stopping SCM HA services.
2025-05-12 14:03:41,473 [main] INFO  ha.SCMRatisServerImpl (SCMRatisServerImpl.java:stop(266)) - stopping ratis server 0.0.0.0:15004
2025-05-12 14:03:41,473 [main] INFO  server.RaftServer (RaftServerProxy.java:lambda$close$9(417)) - 5339c1d4-2d68-4465-95a3-e4cab06d092d: close
2025-05-12 14:03:41,474 [main] INFO  server.GrpcService (GrpcService.java:closeImpl(343)) - 5339c1d4-2d68-4465-95a3-e4cab06d092d: shutdown server GrpcServerProtocolService now
2025-05-12 14:03:41,474 [5339c1d4-2d68-4465-95a3-e4cab06d092d-impl-thread1] INFO  server.RaftServer$Division (RaftServerImpl.java:lambda$close$1(513)) - 5339c1d4-2d68-4465-95a3-e4cab06d092d@group-CA8F5C94DBDD: shutdown
2025-05-12 14:03:41,474 [5339c1d4-2d68-4465-95a3-e4cab06d092d-impl-thread1] INFO  util.JmxRegister (JmxRegister.java:unregister(74)) - Successfully un-registered JMX Bean with object name Ratis:service=RaftServer,group=group-CA8F5C94DBDD,id=5339c1d4-2d68-4465-95a3-e4cab06d092d
2025-05-12 14:03:41,474 [5339c1d4-2d68-4465-95a3-e4cab06d092d-impl-thread1] INFO  impl.RoleInfo (RoleInfo.java:shutdownLeaderState(103)) - 5339c1d4-2d68-4465-95a3-e4cab06d092d: shutdown 5339c1d4-2d68-4465-95a3-e4cab06d092d@group-CA8F5C94DBDD-LeaderStateImpl
2025-05-12 14:03:41,474 [5339c1d4-2d68-4465-95a3-e4cab06d092d-impl-thread1] INFO  impl.PendingRequests (PendingRequests.java:sendNotLeaderResponses(287)) - 5339c1d4-2d68-4465-95a3-e4cab06d092d@group-CA8F5C94DBDD-PendingRequests: sendNotLeaderResponses
2025-05-12 14:03:41,474 [5339c1d4-2d68-4465-95a3-e4cab06d092d-impl-thread1] INFO  ha.SCMStateMachine (SCMStateMachine.java:notifyNotLeader(211)) - current leader SCM steps down.
2025-05-12 14:03:41,474 [5339c1d4-2d68-4465-95a3-e4cab06d092d-impl-thread1] INFO  ha.SCMContext (SCMContext.java:updateLeaderAndTerm(95)) - update <isLeader,term> from <true,2> to <false,0>
2025-05-12 14:03:41,474 [5339c1d4-2d68-4465-95a3-e4cab06d092d-impl-thread1] INFO  ha.SCMContext (SCMContext.java:updateLeaderAndTerm(101)) - update <isLeaderReady> from <true> to <false>
2025-05-12 14:03:41,474 [5339c1d4-2d68-4465-95a3-e4cab06d092d-impl-thread1] INFO  BackgroundPipelineScrubber (BackgroundSCMService.java:notifyStatusChanged(84)) - Service BackgroundPipelineScrubber transitions to PAUSING.
2025-05-12 14:03:41,474 [5339c1d4-2d68-4465-95a3-e4cab06d092d-impl-thread1] INFO  ExpiredContainerReplicaOpScrubber (BackgroundSCMService.java:notifyStatusChanged(84)) - Service ExpiredContainerReplicaOpScrubber transitions to PAUSING.
2025-05-12 14:03:41,474 [main] INFO  server.GrpcService (GrpcService.java:closeImpl(352)) - 5339c1d4-2d68-4465-95a3-e4cab06d092d: shutdown server GrpcServerProtocolService successfully
2025-05-12 14:03:41,474 [5339c1d4-2d68-4465-95a3-e4cab06d092d-impl-thread1] INFO  SCMHATransactionMonitor (BackgroundSCMService.java:notifyStatusChanged(84)) - Service SCMHATransactionMonitor transitions to PAUSING.
2025-05-12 14:03:41,475 [5339c1d4-2d68-4465-95a3-e4cab06d092d-impl-thread1] INFO  impl.StateMachineUpdater (StateMachineUpdater.java:stopAndJoin(164)) - 5339c1d4-2d68-4465-95a3-e4cab06d092d@group-CA8F5C94DBDD-StateMachineUpdater: set stopIndex = 48
2025-05-12 14:03:41,477 [5339c1d4-2d68-4465-95a3-e4cab06d092d@group-CA8F5C94DBDD-StateMachineUpdater] INFO  ha.SCMStateMachine (SCMStateMachine.java:takeSnapshot(330)) - Current Snapshot Index 48, takeSnapshot took 1 ms
2025-05-12 14:03:41,477 [5339c1d4-2d68-4465-95a3-e4cab06d092d@group-CA8F5C94DBDD-StateMachineUpdater] INFO  impl.StateMachineUpdater (StateMachineUpdater.java:takeSnapshot(303)) - 5339c1d4-2d68-4465-95a3-e4cab06d092d@group-CA8F5C94DBDD-StateMachineUpdater: Took a snapshot at index 48
2025-05-12 14:03:41,477 [5339c1d4-2d68-4465-95a3-e4cab06d092d@group-CA8F5C94DBDD-StateMachineUpdater] INFO  impl.StateMachineUpdater (StateMachineUpdater.java:lambda$new$0(102)) - 5339c1d4-2d68-4465-95a3-e4cab06d092d@group-CA8F5C94DBDD-StateMachineUpdater: snapshotIndex: updateIncreasingly -1 -> 48
2025-05-12 14:03:41,477 [5339c1d4-2d68-4465-95a3-e4cab06d092d@group-CA8F5C94DBDD-StateMachineUpdater] INFO  impl.StateMachineUpdater (StateMachineUpdater.java:stop(141)) - 5339c1d4-2d68-4465-95a3-e4cab06d092d@group-CA8F5C94DBDD-StateMachineUpdater: closing SCMStateMachine, lastApplied=(t:2, i:48)
2025-05-12 14:03:41,477 [5339c1d4-2d68-4465-95a3-e4cab06d092d@group-CA8F5C94DBDD-cacheEviction-AwaitToRun] INFO  util.AwaitToRun (AwaitToRun.java:run(49)) - 5339c1d4-2d68-4465-95a3-e4cab06d092d@group-CA8F5C94DBDD-cacheEviction-AwaitToRun-AwaitForSignal is interrupted
2025-05-12 14:03:41,980 [5339c1d4-2d68-4465-95a3-e4cab06d092d-impl-thread1] INFO  segmented.SegmentedRaftLogWorker (SegmentedRaftLogWorker.java:close(252)) - 5339c1d4-2d68-4465-95a3-e4cab06d092d@group-CA8F5C94DBDD-SegmentedRaftLogWorker close()
2025-05-12 14:03:41,980 [JvmPauseMonitor1] INFO  util.JvmPauseMonitor (JvmPauseMonitor.java:run(152)) - JvmPauseMonitor-5339c1d4-2d68-4465-95a3-e4cab06d092d: Stopped
2025-05-12 14:03:41,981 [main] INFO  SCMHATransactionMonitor (BackgroundSCMService.java:stop(127)) - Stopping SCMHATransactionMonitor Service.
2025-05-12 14:03:41,981 [SCMHATransactionMonitor] WARN  SCMHATransactionMonitor (BackgroundSCMService.java:run(111)) - SCMHATransactionMonitor is interrupted, exit
2025-05-12 14:03:41,981 [main] INFO  pipeline.BackgroundPipelineCreator (BackgroundPipelineCreator.java:stop(154)) - Stopping RatisPipelineUtilsThread.
2025-05-12 14:03:41,981 [RatisPipelineUtilsThread-0] WARN  pipeline.BackgroundPipelineCreator (BackgroundPipelineCreator.java:run(185)) - RatisPipelineUtilsThread is interrupted.
2025-05-12 14:03:41,982 [BackgroundPipelineScrubber] WARN  BackgroundPipelineScrubber (BackgroundSCMService.java:run(111)) - BackgroundPipelineScrubber is interrupted, exit
2025-05-12 14:03:41,982 [main] INFO  BackgroundPipelineScrubber (BackgroundSCMService.java:stop(127)) - Stopping BackgroundPipelineScrubber Service.
2025-05-12 14:03:41,982 [main] INFO  impl.MetricsSystemImpl (MetricsSystemImpl.java:stop(210)) - Stopping Recon metrics system...
2025-05-12 14:03:41,983 [prometheus] INFO  impl.MetricsSinkAdapter (MetricsSinkAdapter.java:publishMetricsFromQueue(141)) - prometheus thread interrupted.
2025-05-12 14:03:41,983 [main] INFO  impl.MetricsSystemImpl (MetricsSystemImpl.java:stop(216)) - Recon metrics system stopped.
2025-05-12 14:03:41,983 [main] WARN  pipeline.BackgroundPipelineCreator (BackgroundPipelineCreator.java:stop(150)) - RatisPipelineUtilsThread is not running, just ignore.
2025-05-12 14:03:41,984 [main] INFO  BackgroundPipelineScrubber (BackgroundSCMService.java:stop(122)) - BackgroundPipelineScrubber Service is not running, skip stop.
2025-05-12 14:03:41,984 [ExpiredContainerReplicaOpScrubber] WARN  ExpiredContainerReplicaOpScrubber (BackgroundSCMService.java:run(111)) - ExpiredContainerReplicaOpScrubber is interrupted, exit
2025-05-12 14:03:41,984 [main] INFO  ExpiredContainerReplicaOpScrubber (BackgroundSCMService.java:stop(127)) - Stopping ExpiredContainerReplicaOpScrubber Service.
2025-05-12 14:03:41,984 [main] INFO  utils.BackgroundService (BackgroundService.java:shutdown(160)) - Shutting down service SCMBlockDeletingService
2025-05-12 14:03:41,984 [main] INFO  replication.ReplicationManager (ReplicationManager.java:stop(323)) - Replication Monitor Thread is not running.
2025-05-12 14:03:41,984 [main] WARN  balancer.ContainerBalancer (ContainerBalancer.java:stop(350)) - Cannot stop Container Balancer because it's not running or stopping
2025-05-12 14:03:41,984 [main] INFO  SCMHATransactionMonitor (BackgroundSCMService.java:stop(122)) - SCMHATransactionMonitor Service is not running, skip stop.
2025-05-12 14:03:41,985 [LeaseManager#LeaseMonitor] WARN  lease.LeaseManager (LeaseManager.java:run(285)) - Lease manager is interrupted. Shutting down...
java.lang.InterruptedException
	at java.base/java.util.concurrent.locks.AbstractQueuedSynchronizer.tryAcquireSharedNanos(AbstractQueuedSynchronizer.java:1133)
	at java.base/java.util.concurrent.Semaphore.tryAcquire(Semaphore.java:415)
	at org.apache.hadoop.ozone.lease.LeaseManager$LeaseMonitor.run(LeaseManager.java:283)
	at java.base/java.lang.Thread.run(Thread.java:1583)
2025-05-12 14:03:41,985 [main] INFO  server.StorageContainerManager (StorageContainerManager.java:stop(1733)) - Stopping SCM MetadataStore.
2025-05-12 14:03:41,986 [main] INFO  ozone.MiniOzoneClusterImpl (MiniOzoneClusterImpl.java:stopRecon(506)) - Stopping Recon
2025-05-12 14:03:41,986 [main] INFO  recon.ReconServer (ReconServer.java:stop(262)) - Stopping Recon server
2025-05-12 14:03:41,988 [main] INFO  handler.ContextHandler (ContextHandler.java:doStop(1159)) - Stopped o.e.j.w.WebAppContext@10bdcac9{recon,/,null,STOPPED}{jar:file:/home/runner/work/ozone/ozone/hadoop-ozone/recon/target/ozone-recon-2.1.0-SNAPSHOT.jar!/webapps/recon}
2025-05-12 14:03:41,989 [main] INFO  server.AbstractConnector (AbstractConnector.java:doStop(383)) - Stopped ServerConnector@7994663{HTTP/1.1, (http/1.1)}{0.0.0.0:15010}
2025-05-12 14:03:41,989 [main] INFO  server.session (HouseKeeper.java:stopScavenging(149)) - node0 Stopped scavenging
2025-05-12 14:03:41,989 [main] INFO  handler.ContextHandler (ContextHandler.java:doStop(1159)) - Stopped o.e.j.s.ServletContextHandler@cc1247a{static,/static,jar:file:/home/runner/work/ozone/ozone/hadoop-ozone/recon/target/ozone-recon-2.1.0-SNAPSHOT.jar!/webapps/static,STOPPED}
2025-05-12 14:03:41,989 [main] INFO  handler.ContextHandler (ContextHandler.java:doStop(1159)) - Stopped o.e.j.s.ServletContextHandler@e8b0e73{logs,/logs,file:///home/runner/work/ozone/ozone/hadoop-ozone/integration-test/target/log,STOPPED}
2025-05-12 14:03:41,990 [main] INFO  server.SCMDatanodeProtocolServer (SCMDatanodeProtocolServer.java:stop(447)) - Stopping the RPC server for DataNodes
2025-05-12 14:03:41,990 [main] INFO  ipc.Server (Server.java:stop(3697)) - Stopping server on 15011
2025-05-12 14:03:41,994 [IPC Server listener on 15011] INFO  ipc.Server (Server.java:run(1585)) - Stopping IPC Server listener on 15011
2025-05-12 14:03:41,994 [IPC Server Responder] INFO  ipc.Server (Server.java:run(1718)) - Stopping IPC Server Responder
2025-05-12 14:03:42,065 [SCMHeartbeatProcessor-0] WARN  node.NodeStateManager (NodeStateManager.java:scheduleNextHealthCheck(909)) - Current Thread is interrupted, shutting down HB processing thread for Node Manager.
2025-05-12 14:03:42,065 [main] INFO  scm.ReconScmTask (ReconScmTask.java:stop(63)) - Stopping ContainerHealthTask Thread.
2025-05-12 14:03:42,065 [main] INFO  scm.ReconScmTask (ReconScmTask.java:stop(63)) - Stopping ContainerSizeCountTask Thread.
2025-05-12 14:03:42,066 [main] INFO  scm.ReconScmTask (ReconScmTask.java:stop(63)) - Stopping PipelineSyncTask Thread.
2025-05-12 14:03:42,066 [main] INFO  scm.ReconStorageContainerManagerFacade (ReconStorageContainerManagerFacade.java:stop(460)) - Stopping SCM Event Queue.
2025-05-12 14:03:42,066 [main] INFO  scm.ReconStorageContainerManagerFacade (ReconStorageContainerManagerFacade.java:stop(468)) - Flushing container replica history to DB.
2025-05-12 14:03:42,068 [main] INFO  impl.OzoneManagerServiceProviderImpl (OzoneManagerServiceProviderImpl.java:stop(364)) - Stopping Ozone Manager Service Provider.
2025-05-12 14:03:42,068 [main] INFO  tasks.ReconTaskControllerImpl (ReconTaskControllerImpl.java:stop(247)) - Stopping Recon Task Controller.
2025-05-12 14:03:42,068 [main] INFO  recon.ReconServer (ReconServer.java:stop(287)) - Closing Recon Container Key DB.
2025-05-12 14:03:42,070 [JvmPauseMonitor8] INFO  util.JvmPauseMonitor (JvmPauseMonitor.java:run(152)) - JvmPauseMonitor-Recon: Stopped
]]></system-out>
  </testcase>
</testsuite>